using /home/mamir/tempo/riscof/riscof_work/rv64i_m/C/src/cli-01.S/ref/Reference-sail_c_simulator.signature for test-signature output.
tohost located at 0x80001000
Running file ref.elf.
ELF Entry @ 0x80000000
begin_signature: 0x80003110
end_signature: 0x80003220
CSR mstatus <- 0x0000000A00000000 (input: 0x0000000000000000)
mem[X,0x0000000000001000] -> 0x0297
mem[X,0x0000000000001002] -> 0x0000
[0] [M]: 0x0000000000001000 (0x00000297) auipc t0, 0x0
x5 <- 0x0000000000001000
mem[X,0x0000000000001004] -> 0x8593
mem[X,0x0000000000001006] -> 0x0202
[1] [M]: 0x0000000000001004 (0x02028593) addi a1, t0, 0x20
x11 <- 0x0000000000001020
mem[X,0x0000000000001008] -> 0x2573
mem[X,0x000000000000100A] -> 0xF140
[2] [M]: 0x0000000000001008 (0xF1402573) csrrs a0, mhartid, zero
CSR mhartid -> 0x0000000000000000
x10 <- 0x0000000000000000
mem[X,0x000000000000100C] -> 0xB283
mem[X,0x000000000000100E] -> 0x0182
[3] [M]: 0x000000000000100C (0x0182B283) ld t0, 0x18(t0)
mem[R,0x0000000000001018] -> 0x0000000080000000
x5 <- 0x0000000080000000
mem[X,0x0000000000001010] -> 0x8067
mem[X,0x0000000000001012] -> 0x0002
[4] [M]: 0x0000000000001010 (0x00028067) jalr zero, 0x0(t0)
mem[X,0x0000000080000000] -> 0x0837
mem[X,0x0000000080000002] -> 0x7D5C
[5] [M]: 0x0000000080000000 (0x7D5C0837) lui a6, 0x7d5c0
x16 <- 0x000000007D5C0000
mem[X,0x0000000080000004] -> 0x0813
mem[X,0x0000000080000006] -> 0xDDB8
[6] [M]: 0x0000000080000004 (0xDDB80813) addi a6, a6, -0x225
x16 <- 0x000000007D5BFDDB
mem[X,0x0000000080000008] -> 0x1813
mem[X,0x000000008000000A] -> 0x00B8
[7] [M]: 0x0000000080000008 (0x00B81813) slli a6, a6, 0xb
x16 <- 0x000003EADFEED800
mem[X,0x000000008000000C] -> 0x0813
mem[X,0x000000008000000E] -> 0x3EA8
[8] [M]: 0x000000008000000C (0x3EA80813) addi a6, a6, 0x3ea
x16 <- 0x000003EADFEEDBEA
mem[X,0x0000000080000010] -> 0x1813
mem[X,0x0000000080000012] -> 0x00B8
[9] [M]: 0x0000000080000010 (0x00B81813) slli a6, a6, 0xb
x16 <- 0x001F56FF76DF5000
mem[X,0x0000000080000014] -> 0x0813
mem[X,0x0000000080000016] -> 0x6FF8
[10] [M]: 0x0000000080000014 (0x6FF80813) addi a6, a6, 0x6ff
x16 <- 0x001F56FF76DF56FF
mem[X,0x0000000080000018] -> 0x1813
mem[X,0x000000008000001A] -> 0x00A8
[11] [M]: 0x0000000080000018 (0x00A81813) slli a6, a6, 0xa
x16 <- 0x7D5BFDDB7D5BFC00
mem[X,0x000000008000001C] -> 0x0813
mem[X,0x000000008000001E] -> 0x1DB8
[12] [M]: 0x000000008000001C (0x1DB80813) addi a6, a6, 0x1db
x16 <- 0x7D5BFDDB7D5BFDDB
mem[X,0x0000000080000020] -> 0x5893
mem[X,0x0000000080000022] -> 0x0078
[13] [M]: 0x0000000080000020 (0x00785893) srli a7, a6, 0x7
x17 <- 0x00FAB7FBB6FAB7FB
mem[X,0x0000000080000024] -> 0x5793
mem[X,0x0000000080000026] -> 0x0398
[14] [M]: 0x0000000080000024 (0x03985793) srli a5, a6, 0x39
x15 <- 0x000000000000003E
mem[X,0x0000000080000028] -> 0xE8B3
mem[X,0x000000008000002A] -> 0x00F8
[15] [M]: 0x0000000080000028 (0x00F8E8B3) or a7, a7, a5
x17 <- 0x00FAB7FBB6FAB7FF
mem[X,0x000000008000002C] -> 0xD913
mem[X,0x000000008000002E] -> 0x0078
[16] [M]: 0x000000008000002C (0x0078D913) srli s2, a7, 0x7
x18 <- 0x0001F56FF76DF56F
mem[X,0x0000000080000030] -> 0xD793
mem[X,0x0000000080000032] -> 0x0398
[17] [M]: 0x0000000080000030 (0x0398D793) srli a5, a7, 0x39
x15 <- 0x0000000000000000
mem[X,0x0000000080000034] -> 0x6933
mem[X,0x0000000080000036] -> 0x00F9
[18] [M]: 0x0000000080000034 (0x00F96933) or s2, s2, a5
x18 <- 0x0001F56FF76DF56F
mem[X,0x0000000080000038] -> 0x5993
mem[X,0x000000008000003A] -> 0x0079
[19] [M]: 0x0000000080000038 (0x00795993) srli s3, s2, 0x7
x19 <- 0x000003EADFEEDBEA
mem[X,0x000000008000003C] -> 0x5793
mem[X,0x000000008000003E] -> 0x0399
[20] [M]: 0x000000008000003C (0x03995793) srli a5, s2, 0x39
x15 <- 0x0000000000000000
mem[X,0x0000000080000040] -> 0xE9B3
mem[X,0x0000000080000042] -> 0x00F9
[21] [M]: 0x0000000080000040 (0x00F9E9B3) or s3, s3, a5
x19 <- 0x000003EADFEEDBEA
mem[X,0x0000000080000044] -> 0xDA13
mem[X,0x0000000080000046] -> 0x0079
[22] [M]: 0x0000000080000044 (0x0079DA13) srli s4, s3, 0x7
x20 <- 0x00000007D5BFDDB7
mem[X,0x0000000080000048] -> 0xD793
mem[X,0x000000008000004A] -> 0x0399
[23] [M]: 0x0000000080000048 (0x0399D793) srli a5, s3, 0x39
x15 <- 0x0000000000000000
mem[X,0x000000008000004C] -> 0x6A33
mem[X,0x000000008000004E] -> 0x00FA
[24] [M]: 0x000000008000004C (0x00FA6A33) or s4, s4, a5
x20 <- 0x00000007D5BFDDB7
mem[X,0x0000000080000050] -> 0x5A93
mem[X,0x0000000080000052] -> 0x007A
[25] [M]: 0x0000000080000050 (0x007A5A93) srli s5, s4, 0x7
x21 <- 0x000000000FAB7FBB
mem[X,0x0000000080000054] -> 0x5793
mem[X,0x0000000080000056] -> 0x039A
[26] [M]: 0x0000000080000054 (0x039A5793) srli a5, s4, 0x39
x15 <- 0x0000000000000000
mem[X,0x0000000080000058] -> 0xEAB3
mem[X,0x000000008000005A] -> 0x00FA
[27] [M]: 0x0000000080000058 (0x00FAEAB3) or s5, s5, a5
x21 <- 0x000000000FAB7FBB
mem[X,0x000000008000005C] -> 0xDB13
mem[X,0x000000008000005E] -> 0x007A
[28] [M]: 0x000000008000005C (0x007ADB13) srli s6, s5, 0x7
x22 <- 0x00000000001F56FF
mem[X,0x0000000080000060] -> 0xD793
mem[X,0x0000000080000062] -> 0x039A
[29] [M]: 0x0000000080000060 (0x039AD793) srli a5, s5, 0x39
x15 <- 0x0000000000000000
mem[X,0x0000000080000064] -> 0x6B33
mem[X,0x0000000080000066] -> 0x00FB
[30] [M]: 0x0000000080000064 (0x00FB6B33) or s6, s6, a5
x22 <- 0x00000000001F56FF
mem[X,0x0000000080000068] -> 0x5B93
mem[X,0x000000008000006A] -> 0x007B
[31] [M]: 0x0000000080000068 (0x007B5B93) srli s7, s6, 0x7
x23 <- 0x0000000000003EAD
mem[X,0x000000008000006C] -> 0x5793
mem[X,0x000000008000006E] -> 0x039B
[32] [M]: 0x000000008000006C (0x039B5793) srli a5, s6, 0x39
x15 <- 0x0000000000000000
mem[X,0x0000000080000070] -> 0xEBB3
mem[X,0x0000000080000072] -> 0x00FB
[33] [M]: 0x0000000080000070 (0x00FBEBB3) or s7, s7, a5
x23 <- 0x0000000000003EAD
mem[X,0x0000000080000074] -> 0xDC13
mem[X,0x0000000080000076] -> 0x007B
[34] [M]: 0x0000000080000074 (0x007BDC13) srli s8, s7, 0x7
x24 <- 0x000000000000007D
mem[X,0x0000000080000078] -> 0xD793
mem[X,0x000000008000007A] -> 0x039B
[35] [M]: 0x0000000080000078 (0x039BD793) srli a5, s7, 0x39
x15 <- 0x0000000000000000
mem[X,0x000000008000007C] -> 0x6C33
mem[X,0x000000008000007E] -> 0x00FC
[36] [M]: 0x000000008000007C (0x00FC6C33) or s8, s8, a5
x24 <- 0x000000000000007D
mem[X,0x0000000080000080] -> 0x5C93
mem[X,0x0000000080000082] -> 0x007C
[37] [M]: 0x0000000080000080 (0x007C5C93) srli s9, s8, 0x7
x25 <- 0x0000000000000000
mem[X,0x0000000080000084] -> 0x5793
mem[X,0x0000000080000086] -> 0x039C
[38] [M]: 0x0000000080000084 (0x039C5793) srli a5, s8, 0x39
x15 <- 0x0000000000000000
mem[X,0x0000000080000088] -> 0xECB3
mem[X,0x000000008000008A] -> 0x00FC
[39] [M]: 0x0000000080000088 (0x00FCECB3) or s9, s9, a5
x25 <- 0x0000000000000000
mem[X,0x000000008000008C] -> 0xDD13
mem[X,0x000000008000008E] -> 0x007C
[40] [M]: 0x000000008000008C (0x007CDD13) srli s10, s9, 0x7
x26 <- 0x0000000000000000
mem[X,0x0000000080000090] -> 0xD793
mem[X,0x0000000080000092] -> 0x039C
[41] [M]: 0x0000000080000090 (0x039CD793) srli a5, s9, 0x39
x15 <- 0x0000000000000000
mem[X,0x0000000080000094] -> 0x6D33
mem[X,0x0000000080000096] -> 0x00FD
[42] [M]: 0x0000000080000094 (0x00FD6D33) or s10, s10, a5
x26 <- 0x0000000000000000
mem[X,0x0000000080000098] -> 0x5D93
mem[X,0x000000008000009A] -> 0x007D
[43] [M]: 0x0000000080000098 (0x007D5D93) srli s11, s10, 0x7
x27 <- 0x0000000000000000
mem[X,0x000000008000009C] -> 0x5793
mem[X,0x000000008000009E] -> 0x039D
[44] [M]: 0x000000008000009C (0x039D5793) srli a5, s10, 0x39
x15 <- 0x0000000000000000
mem[X,0x00000000800000A0] -> 0xEDB3
mem[X,0x00000000800000A2] -> 0x00FD
[45] [M]: 0x00000000800000A0 (0x00FDEDB3) or s11, s11, a5
x27 <- 0x0000000000000000
mem[X,0x00000000800000A4] -> 0xDE13
mem[X,0x00000000800000A6] -> 0x007D
[46] [M]: 0x00000000800000A4 (0x007DDE13) srli t3, s11, 0x7
x28 <- 0x0000000000000000
mem[X,0x00000000800000A8] -> 0xD793
mem[X,0x00000000800000AA] -> 0x039D
[47] [M]: 0x00000000800000A8 (0x039DD793) srli a5, s11, 0x39
x15 <- 0x0000000000000000
mem[X,0x00000000800000AC] -> 0x6E33
mem[X,0x00000000800000AE] -> 0x00FE
[48] [M]: 0x00000000800000AC (0x00FE6E33) or t3, t3, a5
x28 <- 0x0000000000000000
mem[X,0x00000000800000B0] -> 0x5E93
mem[X,0x00000000800000B2] -> 0x007E
[49] [M]: 0x00000000800000B0 (0x007E5E93) srli t4, t3, 0x7
x29 <- 0x0000000000000000
mem[X,0x00000000800000B4] -> 0x5793
mem[X,0x00000000800000B6] -> 0x039E
[50] [M]: 0x00000000800000B4 (0x039E5793) srli a5, t3, 0x39
x15 <- 0x0000000000000000
mem[X,0x00000000800000B8] -> 0xEEB3
mem[X,0x00000000800000BA] -> 0x00FE
[51] [M]: 0x00000000800000B8 (0x00FEEEB3) or t4, t4, a5
x29 <- 0x0000000000000000
mem[X,0x00000000800000BC] -> 0xDF13
mem[X,0x00000000800000BE] -> 0x007E
[52] [M]: 0x00000000800000BC (0x007EDF13) srli t5, t4, 0x7
x30 <- 0x0000000000000000
mem[X,0x00000000800000C0] -> 0xD793
mem[X,0x00000000800000C2] -> 0x039E
[53] [M]: 0x00000000800000C0 (0x039ED793) srli a5, t4, 0x39
x15 <- 0x0000000000000000
mem[X,0x00000000800000C4] -> 0x6F33
mem[X,0x00000000800000C6] -> 0x00FF
[54] [M]: 0x00000000800000C4 (0x00FF6F33) or t5, t5, a5
x30 <- 0x0000000000000000
mem[X,0x00000000800000C8] -> 0xC0B7
mem[X,0x00000000800000CA] -> 0xFEED
[55] [M]: 0x00000000800000C8 (0xFEEDC0B7) lui ra, -0x1124
x1 <- 0xFFFFFFFFFEEDC000
mem[X,0x00000000800000CC] -> 0x8093
mem[X,0x00000000800000CE] -> 0xEAD0
[56] [M]: 0x00000000800000CC (0xEAD08093) addi ra, ra, -0x153
x1 <- 0xFFFFFFFFFEEDBEAD
mem[X,0x00000000800000D0] -> 0x9093
mem[X,0x00000000800000D2] -> 0x00B0
[57] [M]: 0x00000000800000D0 (0x00B09093) slli ra, ra, 0xb
x1 <- 0xFFFFFFF76DF56800
mem[X,0x00000000800000D4] -> 0x8093
mem[X,0x00000000800000D6] -> 0x7F70
[58] [M]: 0x00000000800000D4 (0x7F708093) addi ra, ra, 0x7f7
x1 <- 0xFFFFFFF76DF56FF7
mem[X,0x00000000800000D8] -> 0x9093
mem[X,0x00000000800000DA] -> 0x00B0
[59] [M]: 0x00000000800000D8 (0x00B09093) slli ra, ra, 0xb
x1 <- 0xFFFFBB6FAB7FB800
mem[X,0x00000000800000DC] -> 0x8093
mem[X,0x00000000800000DE] -> 0x36F0
[60] [M]: 0x00000000800000DC (0x36F08093) addi ra, ra, 0x36f
x1 <- 0xFFFFBB6FAB7FBB6F
mem[X,0x00000000800000E0] -> 0x9093
mem[X,0x00000000800000E2] -> 0x00A0
[61] [M]: 0x00000000800000E0 (0x00A09093) slli ra, ra, 0xa
x1 <- 0xFEEDBEADFEEDBC00
mem[X,0x00000000800000E4] -> 0x8093
mem[X,0x00000000800000E6] -> 0x2AD0
[62] [M]: 0x00000000800000E4 (0x2AD08093) addi ra, ra, 0x2ad
x1 <- 0xFEEDBEADFEEDBEAD
mem[X,0x00000000800000E8] -> 0xD113
mem[X,0x00000000800000EA] -> 0x0070
[63] [M]: 0x00000000800000E8 (0x0070D113) srli sp, ra, 0x7
x2 <- 0x01FDDB7D5BFDDB7D
mem[X,0x00000000800000EC] -> 0xD793
mem[X,0x00000000800000EE] -> 0x0390
[64] [M]: 0x00000000800000EC (0x0390D793) srli a5, ra, 0x39
x15 <- 0x000000000000007F
mem[X,0x00000000800000F0] -> 0x6133
mem[X,0x00000000800000F2] -> 0x00F1
[65] [M]: 0x00000000800000F0 (0x00F16133) or sp, sp, a5
x2 <- 0x01FDDB7D5BFDDB7F
mem[X,0x00000000800000F4] -> 0x5193
mem[X,0x00000000800000F6] -> 0x0071
[66] [M]: 0x00000000800000F4 (0x00715193) srli gp, sp, 0x7
x3 <- 0x0003FBB6FAB7FBB6
mem[X,0x00000000800000F8] -> 0x5793
mem[X,0x00000000800000FA] -> 0x0391
[67] [M]: 0x00000000800000F8 (0x03915793) srli a5, sp, 0x39
x15 <- 0x0000000000000000
mem[X,0x00000000800000FC] -> 0xE1B3
mem[X,0x00000000800000FE] -> 0x00F1
[68] [M]: 0x00000000800000FC (0x00F1E1B3) or gp, gp, a5
x3 <- 0x0003FBB6FAB7FBB6
mem[X,0x0000000080000100] -> 0xD213
mem[X,0x0000000080000102] -> 0x0071
[69] [M]: 0x0000000080000100 (0x0071D213) srli tp, gp, 0x7
x4 <- 0x000007F76DF56FF7
mem[X,0x0000000080000104] -> 0xD793
mem[X,0x0000000080000106] -> 0x0391
[70] [M]: 0x0000000080000104 (0x0391D793) srli a5, gp, 0x39
x15 <- 0x0000000000000000
mem[X,0x0000000080000108] -> 0x6233
mem[X,0x000000008000010A] -> 0x00F2
[71] [M]: 0x0000000080000108 (0x00F26233) or tp, tp, a5
x4 <- 0x000007F76DF56FF7
mem[X,0x000000008000010C] -> 0x5293
mem[X,0x000000008000010E] -> 0x0072
[72] [M]: 0x000000008000010C (0x00725293) srli t0, tp, 0x7
x5 <- 0x0000000FEEDBEADF
mem[X,0x0000000080000110] -> 0x5793
mem[X,0x0000000080000112] -> 0x0392
[73] [M]: 0x0000000080000110 (0x03925793) srli a5, tp, 0x39
x15 <- 0x0000000000000000
mem[X,0x0000000080000114] -> 0xE2B3
mem[X,0x0000000080000116] -> 0x00F2
[74] [M]: 0x0000000080000114 (0x00F2E2B3) or t0, t0, a5
x5 <- 0x0000000FEEDBEADF
mem[X,0x0000000080000118] -> 0xD313
mem[X,0x000000008000011A] -> 0x0072
[75] [M]: 0x0000000080000118 (0x0072D313) srli t1, t0, 0x7
x6 <- 0x000000001FDDB7D5
mem[X,0x000000008000011C] -> 0xD793
mem[X,0x000000008000011E] -> 0x0392
[76] [M]: 0x000000008000011C (0x0392D793) srli a5, t0, 0x39
x15 <- 0x0000000000000000
mem[X,0x0000000080000120] -> 0x6333
mem[X,0x0000000080000122] -> 0x00F3
[77] [M]: 0x0000000080000120 (0x00F36333) or t1, t1, a5
x6 <- 0x000000001FDDB7D5
mem[X,0x0000000080000124] -> 0x5393
mem[X,0x0000000080000126] -> 0x0073
[78] [M]: 0x0000000080000124 (0x00735393) srli t2, t1, 0x7
x7 <- 0x00000000003FBB6F
mem[X,0x0000000080000128] -> 0x5793
mem[X,0x000000008000012A] -> 0x0393
[79] [M]: 0x0000000080000128 (0x03935793) srli a5, t1, 0x39
x15 <- 0x0000000000000000
mem[X,0x000000008000012C] -> 0xE3B3
mem[X,0x000000008000012E] -> 0x00F3
[80] [M]: 0x000000008000012C (0x00F3E3B3) or t2, t2, a5
x7 <- 0x00000000003FBB6F
mem[X,0x0000000080000130] -> 0xD413
mem[X,0x0000000080000132] -> 0x0073
[81] [M]: 0x0000000080000130 (0x0073D413) srli fp, t2, 0x7
x8 <- 0x0000000000007F76
mem[X,0x0000000080000134] -> 0xD793
mem[X,0x0000000080000136] -> 0x0393
[82] [M]: 0x0000000080000134 (0x0393D793) srli a5, t2, 0x39
x15 <- 0x0000000000000000
mem[X,0x0000000080000138] -> 0x6433
mem[X,0x000000008000013A] -> 0x00F4
[83] [M]: 0x0000000080000138 (0x00F46433) or fp, fp, a5
x8 <- 0x0000000000007F76
mem[X,0x000000008000013C] -> 0x5493
mem[X,0x000000008000013E] -> 0x0074
[84] [M]: 0x000000008000013C (0x00745493) srli s1, fp, 0x7
x9 <- 0x00000000000000FE
mem[X,0x0000000080000140] -> 0x5793
mem[X,0x0000000080000142] -> 0x0394
[85] [M]: 0x0000000080000140 (0x03945793) srli a5, fp, 0x39
x15 <- 0x0000000000000000
mem[X,0x0000000080000144] -> 0xE4B3
mem[X,0x0000000080000146] -> 0x00F4
[86] [M]: 0x0000000080000144 (0x00F4E4B3) or s1, s1, a5
x9 <- 0x00000000000000FE
mem[X,0x0000000080000148] -> 0xD513
mem[X,0x000000008000014A] -> 0x0074
[87] [M]: 0x0000000080000148 (0x0074D513) srli a0, s1, 0x7
x10 <- 0x0000000000000001
mem[X,0x000000008000014C] -> 0xD793
mem[X,0x000000008000014E] -> 0x0394
[88] [M]: 0x000000008000014C (0x0394D793) srli a5, s1, 0x39
x15 <- 0x0000000000000000
mem[X,0x0000000080000150] -> 0x6533
mem[X,0x0000000080000152] -> 0x00F5
[89] [M]: 0x0000000080000150 (0x00F56533) or a0, a0, a5
x10 <- 0x0000000000000001
mem[X,0x0000000080000154] -> 0x5593
mem[X,0x0000000080000156] -> 0x0075
[90] [M]: 0x0000000080000154 (0x00755593) srli a1, a0, 0x7
x11 <- 0x0000000000000000
mem[X,0x0000000080000158] -> 0x5793
mem[X,0x000000008000015A] -> 0x0395
[91] [M]: 0x0000000080000158 (0x03955793) srli a5, a0, 0x39
x15 <- 0x0000000000000000
mem[X,0x000000008000015C] -> 0xE5B3
mem[X,0x000000008000015E] -> 0x00F5
[92] [M]: 0x000000008000015C (0x00F5E5B3) or a1, a1, a5
x11 <- 0x0000000000000000
mem[X,0x0000000080000160] -> 0xD613
mem[X,0x0000000080000162] -> 0x0075
[93] [M]: 0x0000000080000160 (0x0075D613) srli a2, a1, 0x7
x12 <- 0x0000000000000000
mem[X,0x0000000080000164] -> 0xD793
mem[X,0x0000000080000166] -> 0x0395
[94] [M]: 0x0000000080000164 (0x0395D793) srli a5, a1, 0x39
x15 <- 0x0000000000000000
mem[X,0x0000000080000168] -> 0x6633
mem[X,0x000000008000016A] -> 0x00F6
[95] [M]: 0x0000000080000168 (0x00F66633) or a2, a2, a5
x12 <- 0x0000000000000000
mem[X,0x000000008000016C] -> 0x5693
mem[X,0x000000008000016E] -> 0x0076
[96] [M]: 0x000000008000016C (0x00765693) srli a3, a2, 0x7
x13 <- 0x0000000000000000
mem[X,0x0000000080000170] -> 0x5793
mem[X,0x0000000080000172] -> 0x0396
[97] [M]: 0x0000000080000170 (0x03965793) srli a5, a2, 0x39
x15 <- 0x0000000000000000
mem[X,0x0000000080000174] -> 0xE6B3
mem[X,0x0000000080000176] -> 0x00F6
[98] [M]: 0x0000000080000174 (0x00F6E6B3) or a3, a3, a5
x13 <- 0x0000000000000000
mem[X,0x0000000080000178] -> 0x0013
mem[X,0x000000008000017A] -> 0x0000
[99] [M]: 0x0000000080000178 (0x00000013) addi zero, zero, 0x0
clint::tick mtime <- 0x0000000000000001
 clint timer pending at mtime 0x0000000000000001
htif::tick 0x0000000000000000
mem[X,0x000000008000017C] -> 0x0013
mem[X,0x000000008000017E] -> 0x0000
[100] [M]: 0x000000008000017C (0x00000013) addi zero, zero, 0x0
mem[X,0x0000000080000180] -> 0x3597
mem[X,0x0000000080000182] -> 0x0000
[101] [M]: 0x0000000080000180 (0x00003597) auipc a1, 0x3
x11 <- 0x0000000080003180
mem[X,0x0000000080000184] -> 0x8593
mem[X,0x0000000080000186] -> 0xF985
[102] [M]: 0x0000000080000184 (0xF9858593) addi a1, a1, -0x68
x11 <- 0x0000000080003118
mem[X,0x0000000080000188] -> 0x0013
mem[X,0x000000008000018A] -> 0x0000
[103] [M]: 0x0000000080000188 (0x00000013) addi zero, zero, 0x0
mem[X,0x000000008000018C] -> 0x0013
mem[X,0x000000008000018E] -> 0x0000
[104] [M]: 0x000000008000018C (0x00000013) addi zero, zero, 0x0
mem[X,0x0000000080000190] -> 0x0013
mem[X,0x0000000080000192] -> 0x0000
[105] [M]: 0x0000000080000190 (0x00000013) addi zero, zero, 0x0
mem[X,0x0000000080000194] -> 0x0013
mem[X,0x0000000080000196] -> 0x0000
[106] [M]: 0x0000000080000194 (0x00000013) addi zero, zero, 0x0
mem[X,0x0000000080000198] -> 0x0013
mem[X,0x000000008000019A] -> 0x0000
[107] [M]: 0x0000000080000198 (0x00000013) addi zero, zero, 0x0
mem[X,0x000000008000019C] -> 0x0013
mem[X,0x000000008000019E] -> 0x0000
[108] [M]: 0x000000008000019C (0x00000013) addi zero, zero, 0x0
mem[X,0x00000000800001A0] -> 0x5781
[109] [M]: 0x00000000800001A0 (0x5781) c.li a5, -0x20
x15 <- 0xFFFFFFFFFFFFFFE0
mem[X,0x00000000800001A2] -> 0xE19C
[110] [M]: 0x00000000800001A2 (0xE19C) c.sd a1, a5, 0x0
mem[0x0000000080003118] <- 0xFFFFFFFFFFFFFFE0
mem[X,0x00000000800001A4] -> 0x4701
[111] [M]: 0x00000000800001A4 (0x4701) c.li a4, 0x0
x14 <- 0x0000000000000000
mem[X,0x00000000800001A6] -> 0xE598
[112] [M]: 0x00000000800001A6 (0xE598) c.sd a1, a4, 0x8
mem[0x0000000080003120] <- 0x0000000000000000
mem[X,0x00000000800001A8] -> 0x4F7D
[113] [M]: 0x00000000800001A8 (0x4F7D) c.li t5, 0x1f
x30 <- 0x000000000000001F
mem[X,0x00000000800001AA] -> 0xB823
mem[X,0x00000000800001AC] -> 0x01E5
[114] [M]: 0x00000000800001AA (0x01E5B823) sd t5, 0x10(a1)
mem[0x0000000080003128] <- 0x000000000000001F
mem[X,0x00000000800001AE] -> 0x4305
[115] [M]: 0x00000000800001AE (0x4305) c.li t1, 0x1
x6 <- 0x0000000000000001
mem[X,0x00000000800001B0] -> 0xBC23
mem[X,0x00000000800001B2] -> 0x0065
[116] [M]: 0x00000000800001B0 (0x0065BC23) sd t1, 0x18(a1)
mem[0x0000000080003130] <- 0x0000000000000001
mem[X,0x00000000800001B4] -> 0x4409
[117] [M]: 0x00000000800001B4 (0x4409) c.li fp, 0x2
x8 <- 0x0000000000000002
mem[X,0x00000000800001B6] -> 0xF180
[118] [M]: 0x00000000800001B6 (0xF180) c.sd a1, s0, 0x20
mem[0x0000000080003138] <- 0x0000000000000002
mem[X,0x00000000800001B8] -> 0x4191
[119] [M]: 0x00000000800001B8 (0x4191) c.li gp, 0x4
x3 <- 0x0000000000000004
mem[X,0x00000000800001BA] -> 0xB423
mem[X,0x00000000800001BC] -> 0x0235
[120] [M]: 0x00000000800001BA (0x0235B423) sd gp, 0x28(a1)
mem[0x0000000080003140] <- 0x0000000000000004
mem[X,0x00000000800001BE] -> 0x4B21
[121] [M]: 0x00000000800001BE (0x4B21) c.li s6, 0x8
x22 <- 0x0000000000000008
mem[X,0x00000000800001C0] -> 0xB823
mem[X,0x00000000800001C2] -> 0x0365
[122] [M]: 0x00000000800001C0 (0x0365B823) sd s6, 0x30(a1)
mem[0x0000000080003148] <- 0x0000000000000008
mem[X,0x00000000800001C4] -> 0x44C1
[123] [M]: 0x00000000800001C4 (0x44C1) c.li s1, 0x10
x9 <- 0x0000000000000010
mem[X,0x00000000800001C6] -> 0xFD84
[124] [M]: 0x00000000800001C6 (0xFD84) c.sd a1, s1, 0x38
mem[0x0000000080003150] <- 0x0000000000000010
mem[X,0x00000000800001C8] -> 0x5529
[125] [M]: 0x00000000800001C8 (0x5529) c.li a0, -0x16
x10 <- 0xFFFFFFFFFFFFFFEA
mem[X,0x00000000800001CA] -> 0xE1A8
[126] [M]: 0x00000000800001CA (0xE1A8) c.sd a1, a0, 0x40
mem[0x0000000080003158] <- 0xFFFFFFFFFFFFFFEA
mem[X,0x00000000800001CC] -> 0x5CF9
[127] [M]: 0x00000000800001CC (0x5CF9) c.li s9, -0x2
x25 <- 0xFFFFFFFFFFFFFFFE
mem[X,0x00000000800001CE] -> 0xB423
mem[X,0x00000000800001D0] -> 0x0595
[128] [M]: 0x00000000800001CE (0x0595B423) sd s9, 0x48(a1)
mem[0x0000000080003160] <- 0xFFFFFFFFFFFFFFFE
mem[X,0x00000000800001D2] -> 0x5C75
[129] [M]: 0x00000000800001D2 (0x5C75) c.li s8, -0x3
x24 <- 0xFFFFFFFFFFFFFFFD
mem[X,0x00000000800001D4] -> 0xB823
mem[X,0x00000000800001D6] -> 0x0585
[130] [M]: 0x00000000800001D4 (0x0585B823) sd s8, 0x50(a1)
mem[0x0000000080003168] <- 0xFFFFFFFFFFFFFFFD
mem[X,0x00000000800001D8] -> 0x53ED
[131] [M]: 0x00000000800001D8 (0x53ED) c.li t2, -0x5
x7 <- 0xFFFFFFFFFFFFFFFB
mem[X,0x00000000800001DA] -> 0xBC23
mem[X,0x00000000800001DC] -> 0x0475
[132] [M]: 0x00000000800001DA (0x0475BC23) sd t2, 0x58(a1)
mem[0x0000000080003170] <- 0xFFFFFFFFFFFFFFFB
mem[X,0x00000000800001DE] -> 0x525D
[133] [M]: 0x00000000800001DE (0x525D) c.li tp, -0x9
x4 <- 0xFFFFFFFFFFFFFFF7
mem[X,0x00000000800001E0] -> 0xB023
mem[X,0x00000000800001E2] -> 0x0645
[134] [M]: 0x00000000800001E0 (0x0645B023) sd tp, 0x60(a1)
mem[0x0000000080003178] <- 0xFFFFFFFFFFFFFFF7
mem[X,0x00000000800001E4] -> 0x58BD
[135] [M]: 0x00000000800001E4 (0x58BD) c.li a7, -0x11
x17 <- 0xFFFFFFFFFFFFFFEF
mem[X,0x00000000800001E6] -> 0xB423
mem[X,0x00000000800001E8] -> 0x0715
[136] [M]: 0x00000000800001E6 (0x0715B423) sd a7, 0x68(a1)
mem[0x0000000080003180] <- 0xFFFFFFFFFFFFFFEF
mem[X,0x00000000800001EA] -> 0x4DD5
[137] [M]: 0x00000000800001EA (0x4DD5) c.li s11, 0x15
x27 <- 0x0000000000000015
mem[X,0x00000000800001EC] -> 0xB823
mem[X,0x00000000800001EE] -> 0x07B5
[138] [M]: 0x00000000800001EC (0x07B5B823) sd s11, 0x70(a1)
mem[0x0000000080003188] <- 0x0000000000000015
mem[X,0x00000000800001F0] -> 0x4901
[139] [M]: 0x00000000800001F0 (0x4901) c.li s2, 0x0
x18 <- 0x0000000000000000
mem[X,0x00000000800001F2] -> 0xBC23
mem[X,0x00000000800001F4] -> 0x0725
[140] [M]: 0x00000000800001F2 (0x0725BC23) sd s2, 0x78(a1)
mem[0x0000000080003190] <- 0x0000000000000000
mem[X,0x00000000800001F6] -> 0x4801
[141] [M]: 0x00000000800001F6 (0x4801) c.li a6, 0x0
x16 <- 0x0000000000000000
mem[X,0x00000000800001F8] -> 0xB023
mem[X,0x00000000800001FA] -> 0x0905
[142] [M]: 0x00000000800001F8 (0x0905B023) sd a6, 0x80(a1)
mem[0x0000000080003198] <- 0x0000000000000000
mem[X,0x00000000800001FC] -> 0x4E01
[143] [M]: 0x00000000800001FC (0x4E01) c.li t3, 0x0
x28 <- 0x0000000000000000
mem[X,0x00000000800001FE] -> 0xB423
mem[X,0x0000000080000200] -> 0x09C5
[144] [M]: 0x00000000800001FE (0x09C5B423) sd t3, 0x88(a1)
mem[0x00000000800031A0] <- 0x0000000000000000
mem[X,0x0000000080000202] -> 0x4281
[145] [M]: 0x0000000080000202 (0x4281) c.li t0, 0x0
x5 <- 0x0000000000000000
mem[X,0x0000000080000204] -> 0xB823
mem[X,0x0000000080000206] -> 0x0855
[146] [M]: 0x0000000080000204 (0x0855B823) sd t0, 0x90(a1)
mem[0x00000000800031A8] <- 0x0000000000000000
mem[X,0x0000000080000208] -> 0x4A01
[147] [M]: 0x0000000080000208 (0x4A01) c.li s4, 0x0
x20 <- 0x0000000000000000
mem[X,0x000000008000020A] -> 0xBC23
mem[X,0x000000008000020C] -> 0x0945
[148] [M]: 0x000000008000020A (0x0945BC23) sd s4, 0x98(a1)
mem[0x00000000800031B0] <- 0x0000000000000000
mem[X,0x000000008000020E] -> 0x4A81
[149] [M]: 0x000000008000020E (0x4A81) c.li s5, 0x0
x21 <- 0x0000000000000000
mem[X,0x0000000080000210] -> 0xB023
mem[X,0x0000000080000212] -> 0x0B55
[150] [M]: 0x0000000080000210 (0x0B55B023) sd s5, 0xa0(a1)
mem[0x00000000800031B8] <- 0x0000000000000000
mem[X,0x0000000080000214] -> 0x4D01
[151] [M]: 0x0000000080000214 (0x4D01) c.li s10, 0x0
x26 <- 0x0000000000000000
mem[X,0x0000000080000216] -> 0xB423
mem[X,0x0000000080000218] -> 0x0BA5
[152] [M]: 0x0000000080000216 (0x0BA5B423) sd s10, 0xa8(a1)
mem[0x00000000800031C0] <- 0x0000000000000000
mem[X,0x000000008000021A] -> 0x4101
[153] [M]: 0x000000008000021A (0x4101) c.li sp, 0x0
x2 <- 0x0000000000000000
mem[X,0x000000008000021C] -> 0xB823
mem[X,0x000000008000021E] -> 0x0A25
[154] [M]: 0x000000008000021C (0x0A25B823) sd sp, 0xb0(a1)
mem[0x00000000800031C8] <- 0x0000000000000000
mem[X,0x0000000080000220] -> 0x4F81
[155] [M]: 0x0000000080000220 (0x4F81) c.li t6, 0x0
x31 <- 0x0000000000000000
mem[X,0x0000000080000222] -> 0xBC23
mem[X,0x0000000080000224] -> 0x0BF5
[156] [M]: 0x0000000080000222 (0x0BF5BC23) sd t6, 0xb8(a1)
mem[0x00000000800031D0] <- 0x0000000000000000
mem[X,0x0000000080000226] -> 0x4B81
[157] [M]: 0x0000000080000226 (0x4B81) c.li s7, 0x0
x23 <- 0x0000000000000000
mem[X,0x0000000080000228] -> 0xB023
mem[X,0x000000008000022A] -> 0x0D75
[158] [M]: 0x0000000080000228 (0x0D75B023) sd s7, 0xc0(a1)
mem[0x00000000800031D8] <- 0x0000000000000000
mem[X,0x000000008000022C] -> 0x4E81
[159] [M]: 0x000000008000022C (0x4E81) c.li t4, 0x0
x29 <- 0x0000000000000000
mem[X,0x000000008000022E] -> 0xB423
mem[X,0x0000000080000230] -> 0x0DD5
[160] [M]: 0x000000008000022E (0x0DD5B423) sd t4, 0xc8(a1)
mem[0x00000000800031E0] <- 0x0000000000000000
mem[X,0x0000000080000232] -> 0x4981
[161] [M]: 0x0000000080000232 (0x4981) c.li s3, 0x0
x19 <- 0x0000000000000000
mem[X,0x0000000080000234] -> 0xB823
mem[X,0x0000000080000236] -> 0x0D35
[162] [M]: 0x0000000080000234 (0x0D35B823) sd s3, 0xd0(a1)
mem[0x00000000800031E8] <- 0x0000000000000000
mem[X,0x0000000080000238] -> 0x4081
[163] [M]: 0x0000000080000238 (0x4081) c.li ra, 0x0
x1 <- 0x0000000000000000
mem[X,0x000000008000023A] -> 0xBC23
mem[X,0x000000008000023C] -> 0x0C15
[164] [M]: 0x000000008000023A (0x0C15BC23) sd ra, 0xd8(a1)
mem[0x00000000800031F0] <- 0x0000000000000000
mem[X,0x000000008000023E] -> 0x0001
[165] [M]: 0x000000008000023E (0x0001) c.nop
mem[X,0x0000000080000240] -> 0x3097
mem[X,0x0000000080000242] -> 0x0000
[166] [M]: 0x0000000080000240 (0x00003097) auipc ra, 0x3
x1 <- 0x0000000080003240
mem[X,0x0000000080000244] -> 0x8093
mem[X,0x0000000080000246] -> 0xFB80
[167] [M]: 0x0000000080000244 (0xFB808093) addi ra, ra, -0x48
x1 <- 0x00000000800031F8
mem[X,0x0000000080000248] -> 0x0013
mem[X,0x000000008000024A] -> 0x0000
[168] [M]: 0x0000000080000248 (0x00000013) addi zero, zero, 0x0
mem[X,0x000000008000024C] -> 0x0013
mem[X,0x000000008000024E] -> 0x0000
[169] [M]: 0x000000008000024C (0x00000013) addi zero, zero, 0x0
mem[X,0x0000000080000250] -> 0x0013
mem[X,0x0000000080000252] -> 0x0000
[170] [M]: 0x0000000080000250 (0x00000013) addi zero, zero, 0x0
mem[X,0x0000000080000254] -> 0x0013
mem[X,0x0000000080000256] -> 0x0000
[171] [M]: 0x0000000080000254 (0x00000013) addi zero, zero, 0x0
mem[X,0x0000000080000258] -> 0x0013
mem[X,0x000000008000025A] -> 0x0000
[172] [M]: 0x0000000080000258 (0x00000013) addi zero, zero, 0x0
mem[X,0x000000008000025C] -> 0x0013
mem[X,0x000000008000025E] -> 0x0000
[173] [M]: 0x000000008000025C (0x00000013) addi zero, zero, 0x0
mem[X,0x0000000080000260] -> 0x4001
[174] [M]: 0x0000000080000260 (0x4001) c.li.hint.0x0
mem[X,0x0000000080000262] -> 0xB023
mem[X,0x0000000080000264] -> 0x0000
[175] [M]: 0x0000000080000262 (0x0000B023) sd zero, 0x0(ra)
mem[0x00000000800031F8] <- 0x0000000000000000
mem[X,0x0000000080000266] -> 0x4581
[176] [M]: 0x0000000080000266 (0x4581) c.li a1, 0x0
x11 <- 0x0000000000000000
mem[X,0x0000000080000268] -> 0xB423
mem[X,0x000000008000026A] -> 0x00B0
[177] [M]: 0x0000000080000268 (0x00B0B423) sd a1, 0x8(ra)
mem[0x0000000080003200] <- 0x0000000000000000
mem[X,0x000000008000026C] -> 0x4601
[178] [M]: 0x000000008000026C (0x4601) c.li a2, 0x0
x12 <- 0x0000000000000000
mem[X,0x000000008000026E] -> 0xB823
mem[X,0x0000000080000270] -> 0x00C0
[179] [M]: 0x000000008000026E (0x00C0B823) sd a2, 0x10(ra)
mem[0x0000000080003208] <- 0x0000000000000000
mem[X,0x0000000080000272] -> 0x4681
[180] [M]: 0x0000000080000272 (0x4681) c.li a3, 0x0
x13 <- 0x0000000000000000
mem[X,0x0000000080000274] -> 0xBC23
mem[X,0x0000000080000276] -> 0x00D0
[181] [M]: 0x0000000080000274 (0x00D0BC23) sd a3, 0x18(ra)
mem[0x0000000080003210] <- 0x0000000000000000
mem[X,0x0000000080000278] -> 0x006F
mem[X,0x000000008000027A] -> 0x0380
[182] [M]: 0x0000000080000278 (0x0380006F) jal zero, 0x38
mem[X,0x00000000800002B0] -> 0x4085
[183] [M]: 0x00000000800002B0 (0x4085) c.li ra, 0x1
x1 <- 0x0000000000000001
mem[X,0x00000000800002B2] -> 0x1F17
mem[X,0x00000000800002B4] -> 0x0000
[184] [M]: 0x00000000800002B2 (0x00001F17) auipc t5, 0x1
x30 <- 0x00000000800012B2
mem[X,0x00000000800002B6] -> 0x2723
mem[X,0x00000000800002B8] -> 0xD41F
[185] [M]: 0x00000000800002B6 (0xD41F2723) sw ra, -0x2b2(t5)
htif[0x0000000080001000] <- 0x00000001
mem[X,0x00000000800002BA] -> 0xBFE5
[186] [M]: 0x00000000800002BA (0xBFE5) c.j -0x4
mem[X,0x00000000800002B2] -> 0x1F17
mem[X,0x00000000800002B4] -> 0x0000
[187] [M]: 0x00000000800002B2 (0x00001F17) auipc t5, 0x1
x30 <- 0x00000000800012B2
mem[X,0x00000000800002B6] -> 0x2723
mem[X,0x00000000800002B8] -> 0xD41F
[188] [M]: 0x00000000800002B6 (0xD41F2723) sw ra, -0x2b2(t5)
htif[0x0000000080001000] <- 0x00000001
mem[X,0x00000000800002BA] -> 0xBFE5
[189] [M]: 0x00000000800002BA (0xBFE5) c.j -0x4
mem[X,0x00000000800002B2] -> 0x1F17
mem[X,0x00000000800002B4] -> 0x0000
[190] [M]: 0x00000000800002B2 (0x00001F17) auipc t5, 0x1
x30 <- 0x00000000800012B2
mem[X,0x00000000800002B6] -> 0x2723
mem[X,0x00000000800002B8] -> 0xD41F
[191] [M]: 0x00000000800002B6 (0xD41F2723) sw ra, -0x2b2(t5)
htif[0x0000000080001000] <- 0x00000001
htif-syscall-proxy cmd: 0x000000000001
SUCCESS
