using /home/mamir/tempo/riscof/riscof_work/rv64i_m/I/src/subw-01.S/ref/Reference-sail_c_simulator.signature for test-signature output.
tohost located at 0x80009000
Running file ref.elf.
ELF Entry @ 0x80000000
begin_signature: 0x8000b110
end_signature: 0x8000c650
CSR mstatus <- 0x0000000A00000000 (input: 0x0000000000000000)
mem[X,0x0000000000001000] -> 0x0297
mem[X,0x0000000000001002] -> 0x0000
[0] [M]: 0x0000000000001000 (0x00000297) auipc t0, 0x0
x5 <- 0x0000000000001000
mem[X,0x0000000000001004] -> 0x8593
mem[X,0x0000000000001006] -> 0x0202
[1] [M]: 0x0000000000001004 (0x02028593) addi a1, t0, 0x20
x11 <- 0x0000000000001020
mem[X,0x0000000000001008] -> 0x2573
mem[X,0x000000000000100A] -> 0xF140
[2] [M]: 0x0000000000001008 (0xF1402573) csrrs a0, mhartid, zero
CSR mhartid -> 0x0000000000000000
x10 <- 0x0000000000000000
mem[X,0x000000000000100C] -> 0xB283
mem[X,0x000000000000100E] -> 0x0182
[3] [M]: 0x000000000000100C (0x0182B283) ld t0, 0x18(t0)
mem[R,0x0000000000001018] -> 0x0000000080000000
x5 <- 0x0000000080000000
mem[X,0x0000000000001010] -> 0x8067
mem[X,0x0000000000001012] -> 0x0002
[4] [M]: 0x0000000000001010 (0x00028067) jalr zero, 0x0(t0)
mem[X,0x0000000080000000] -> 0x0837
mem[X,0x0000000080000002] -> 0x7D5C
[5] [M]: 0x0000000080000000 (0x7D5C0837) lui a6, 0x7d5c0
x16 <- 0x000000007D5C0000
mem[X,0x0000000080000004] -> 0x0813
mem[X,0x0000000080000006] -> 0xDDB8
[6] [M]: 0x0000000080000004 (0xDDB80813) addi a6, a6, -0x225
x16 <- 0x000000007D5BFDDB
mem[X,0x0000000080000008] -> 0x1813
mem[X,0x000000008000000A] -> 0x00B8
[7] [M]: 0x0000000080000008 (0x00B81813) slli a6, a6, 0xb
x16 <- 0x000003EADFEED800
mem[X,0x000000008000000C] -> 0x0813
mem[X,0x000000008000000E] -> 0x3EA8
[8] [M]: 0x000000008000000C (0x3EA80813) addi a6, a6, 0x3ea
x16 <- 0x000003EADFEEDBEA
mem[X,0x0000000080000010] -> 0x1813
mem[X,0x0000000080000012] -> 0x00B8
[9] [M]: 0x0000000080000010 (0x00B81813) slli a6, a6, 0xb
x16 <- 0x001F56FF76DF5000
mem[X,0x0000000080000014] -> 0x0813
mem[X,0x0000000080000016] -> 0x6FF8
[10] [M]: 0x0000000080000014 (0x6FF80813) addi a6, a6, 0x6ff
x16 <- 0x001F56FF76DF56FF
mem[X,0x0000000080000018] -> 0x1813
mem[X,0x000000008000001A] -> 0x00A8
[11] [M]: 0x0000000080000018 (0x00A81813) slli a6, a6, 0xa
x16 <- 0x7D5BFDDB7D5BFC00
mem[X,0x000000008000001C] -> 0x0813
mem[X,0x000000008000001E] -> 0x1DB8
[12] [M]: 0x000000008000001C (0x1DB80813) addi a6, a6, 0x1db
x16 <- 0x7D5BFDDB7D5BFDDB
mem[X,0x0000000080000020] -> 0x5893
mem[X,0x0000000080000022] -> 0x0078
[13] [M]: 0x0000000080000020 (0x00785893) srli a7, a6, 0x7
x17 <- 0x00FAB7FBB6FAB7FB
mem[X,0x0000000080000024] -> 0x5793
mem[X,0x0000000080000026] -> 0x0398
[14] [M]: 0x0000000080000024 (0x03985793) srli a5, a6, 0x39
x15 <- 0x000000000000003E
mem[X,0x0000000080000028] -> 0xE8B3
mem[X,0x000000008000002A] -> 0x00F8
[15] [M]: 0x0000000080000028 (0x00F8E8B3) or a7, a7, a5
x17 <- 0x00FAB7FBB6FAB7FF
mem[X,0x000000008000002C] -> 0xD913
mem[X,0x000000008000002E] -> 0x0078
[16] [M]: 0x000000008000002C (0x0078D913) srli s2, a7, 0x7
x18 <- 0x0001F56FF76DF56F
mem[X,0x0000000080000030] -> 0xD793
mem[X,0x0000000080000032] -> 0x0398
[17] [M]: 0x0000000080000030 (0x0398D793) srli a5, a7, 0x39
x15 <- 0x0000000000000000
mem[X,0x0000000080000034] -> 0x6933
mem[X,0x0000000080000036] -> 0x00F9
[18] [M]: 0x0000000080000034 (0x00F96933) or s2, s2, a5
x18 <- 0x0001F56FF76DF56F
mem[X,0x0000000080000038] -> 0x5993
mem[X,0x000000008000003A] -> 0x0079
[19] [M]: 0x0000000080000038 (0x00795993) srli s3, s2, 0x7
x19 <- 0x000003EADFEEDBEA
mem[X,0x000000008000003C] -> 0x5793
mem[X,0x000000008000003E] -> 0x0399
[20] [M]: 0x000000008000003C (0x03995793) srli a5, s2, 0x39
x15 <- 0x0000000000000000
mem[X,0x0000000080000040] -> 0xE9B3
mem[X,0x0000000080000042] -> 0x00F9
[21] [M]: 0x0000000080000040 (0x00F9E9B3) or s3, s3, a5
x19 <- 0x000003EADFEEDBEA
mem[X,0x0000000080000044] -> 0xDA13
mem[X,0x0000000080000046] -> 0x0079
[22] [M]: 0x0000000080000044 (0x0079DA13) srli s4, s3, 0x7
x20 <- 0x00000007D5BFDDB7
mem[X,0x0000000080000048] -> 0xD793
mem[X,0x000000008000004A] -> 0x0399
[23] [M]: 0x0000000080000048 (0x0399D793) srli a5, s3, 0x39
x15 <- 0x0000000000000000
mem[X,0x000000008000004C] -> 0x6A33
mem[X,0x000000008000004E] -> 0x00FA
[24] [M]: 0x000000008000004C (0x00FA6A33) or s4, s4, a5
x20 <- 0x00000007D5BFDDB7
mem[X,0x0000000080000050] -> 0x5A93
mem[X,0x0000000080000052] -> 0x007A
[25] [M]: 0x0000000080000050 (0x007A5A93) srli s5, s4, 0x7
x21 <- 0x000000000FAB7FBB
mem[X,0x0000000080000054] -> 0x5793
mem[X,0x0000000080000056] -> 0x039A
[26] [M]: 0x0000000080000054 (0x039A5793) srli a5, s4, 0x39
x15 <- 0x0000000000000000
mem[X,0x0000000080000058] -> 0xEAB3
mem[X,0x000000008000005A] -> 0x00FA
[27] [M]: 0x0000000080000058 (0x00FAEAB3) or s5, s5, a5
x21 <- 0x000000000FAB7FBB
mem[X,0x000000008000005C] -> 0xDB13
mem[X,0x000000008000005E] -> 0x007A
[28] [M]: 0x000000008000005C (0x007ADB13) srli s6, s5, 0x7
x22 <- 0x00000000001F56FF
mem[X,0x0000000080000060] -> 0xD793
mem[X,0x0000000080000062] -> 0x039A
[29] [M]: 0x0000000080000060 (0x039AD793) srli a5, s5, 0x39
x15 <- 0x0000000000000000
mem[X,0x0000000080000064] -> 0x6B33
mem[X,0x0000000080000066] -> 0x00FB
[30] [M]: 0x0000000080000064 (0x00FB6B33) or s6, s6, a5
x22 <- 0x00000000001F56FF
mem[X,0x0000000080000068] -> 0x5B93
mem[X,0x000000008000006A] -> 0x007B
[31] [M]: 0x0000000080000068 (0x007B5B93) srli s7, s6, 0x7
x23 <- 0x0000000000003EAD
mem[X,0x000000008000006C] -> 0x5793
mem[X,0x000000008000006E] -> 0x039B
[32] [M]: 0x000000008000006C (0x039B5793) srli a5, s6, 0x39
x15 <- 0x0000000000000000
mem[X,0x0000000080000070] -> 0xEBB3
mem[X,0x0000000080000072] -> 0x00FB
[33] [M]: 0x0000000080000070 (0x00FBEBB3) or s7, s7, a5
x23 <- 0x0000000000003EAD
mem[X,0x0000000080000074] -> 0xDC13
mem[X,0x0000000080000076] -> 0x007B
[34] [M]: 0x0000000080000074 (0x007BDC13) srli s8, s7, 0x7
x24 <- 0x000000000000007D
mem[X,0x0000000080000078] -> 0xD793
mem[X,0x000000008000007A] -> 0x039B
[35] [M]: 0x0000000080000078 (0x039BD793) srli a5, s7, 0x39
x15 <- 0x0000000000000000
mem[X,0x000000008000007C] -> 0x6C33
mem[X,0x000000008000007E] -> 0x00FC
[36] [M]: 0x000000008000007C (0x00FC6C33) or s8, s8, a5
x24 <- 0x000000000000007D
mem[X,0x0000000080000080] -> 0x5C93
mem[X,0x0000000080000082] -> 0x007C
[37] [M]: 0x0000000080000080 (0x007C5C93) srli s9, s8, 0x7
x25 <- 0x0000000000000000
mem[X,0x0000000080000084] -> 0x5793
mem[X,0x0000000080000086] -> 0x039C
[38] [M]: 0x0000000080000084 (0x039C5793) srli a5, s8, 0x39
x15 <- 0x0000000000000000
mem[X,0x0000000080000088] -> 0xECB3
mem[X,0x000000008000008A] -> 0x00FC
[39] [M]: 0x0000000080000088 (0x00FCECB3) or s9, s9, a5
x25 <- 0x0000000000000000
mem[X,0x000000008000008C] -> 0xDD13
mem[X,0x000000008000008E] -> 0x007C
[40] [M]: 0x000000008000008C (0x007CDD13) srli s10, s9, 0x7
x26 <- 0x0000000000000000
mem[X,0x0000000080000090] -> 0xD793
mem[X,0x0000000080000092] -> 0x039C
[41] [M]: 0x0000000080000090 (0x039CD793) srli a5, s9, 0x39
x15 <- 0x0000000000000000
mem[X,0x0000000080000094] -> 0x6D33
mem[X,0x0000000080000096] -> 0x00FD
[42] [M]: 0x0000000080000094 (0x00FD6D33) or s10, s10, a5
x26 <- 0x0000000000000000
mem[X,0x0000000080000098] -> 0x5D93
mem[X,0x000000008000009A] -> 0x007D
[43] [M]: 0x0000000080000098 (0x007D5D93) srli s11, s10, 0x7
x27 <- 0x0000000000000000
mem[X,0x000000008000009C] -> 0x5793
mem[X,0x000000008000009E] -> 0x039D
[44] [M]: 0x000000008000009C (0x039D5793) srli a5, s10, 0x39
x15 <- 0x0000000000000000
mem[X,0x00000000800000A0] -> 0xEDB3
mem[X,0x00000000800000A2] -> 0x00FD
[45] [M]: 0x00000000800000A0 (0x00FDEDB3) or s11, s11, a5
x27 <- 0x0000000000000000
mem[X,0x00000000800000A4] -> 0xDE13
mem[X,0x00000000800000A6] -> 0x007D
[46] [M]: 0x00000000800000A4 (0x007DDE13) srli t3, s11, 0x7
x28 <- 0x0000000000000000
mem[X,0x00000000800000A8] -> 0xD793
mem[X,0x00000000800000AA] -> 0x039D
[47] [M]: 0x00000000800000A8 (0x039DD793) srli a5, s11, 0x39
x15 <- 0x0000000000000000
mem[X,0x00000000800000AC] -> 0x6E33
mem[X,0x00000000800000AE] -> 0x00FE
[48] [M]: 0x00000000800000AC (0x00FE6E33) or t3, t3, a5
x28 <- 0x0000000000000000
mem[X,0x00000000800000B0] -> 0x5E93
mem[X,0x00000000800000B2] -> 0x007E
[49] [M]: 0x00000000800000B0 (0x007E5E93) srli t4, t3, 0x7
x29 <- 0x0000000000000000
mem[X,0x00000000800000B4] -> 0x5793
mem[X,0x00000000800000B6] -> 0x039E
[50] [M]: 0x00000000800000B4 (0x039E5793) srli a5, t3, 0x39
x15 <- 0x0000000000000000
mem[X,0x00000000800000B8] -> 0xEEB3
mem[X,0x00000000800000BA] -> 0x00FE
[51] [M]: 0x00000000800000B8 (0x00FEEEB3) or t4, t4, a5
x29 <- 0x0000000000000000
mem[X,0x00000000800000BC] -> 0xDF13
mem[X,0x00000000800000BE] -> 0x007E
[52] [M]: 0x00000000800000BC (0x007EDF13) srli t5, t4, 0x7
x30 <- 0x0000000000000000
mem[X,0x00000000800000C0] -> 0xD793
mem[X,0x00000000800000C2] -> 0x039E
[53] [M]: 0x00000000800000C0 (0x039ED793) srli a5, t4, 0x39
x15 <- 0x0000000000000000
mem[X,0x00000000800000C4] -> 0x6F33
mem[X,0x00000000800000C6] -> 0x00FF
[54] [M]: 0x00000000800000C4 (0x00FF6F33) or t5, t5, a5
x30 <- 0x0000000000000000
mem[X,0x00000000800000C8] -> 0xC0B7
mem[X,0x00000000800000CA] -> 0xFEED
[55] [M]: 0x00000000800000C8 (0xFEEDC0B7) lui ra, -0x1124
x1 <- 0xFFFFFFFFFEEDC000
mem[X,0x00000000800000CC] -> 0x8093
mem[X,0x00000000800000CE] -> 0xEAD0
[56] [M]: 0x00000000800000CC (0xEAD08093) addi ra, ra, -0x153
x1 <- 0xFFFFFFFFFEEDBEAD
mem[X,0x00000000800000D0] -> 0x9093
mem[X,0x00000000800000D2] -> 0x00B0
[57] [M]: 0x00000000800000D0 (0x00B09093) slli ra, ra, 0xb
x1 <- 0xFFFFFFF76DF56800
mem[X,0x00000000800000D4] -> 0x8093
mem[X,0x00000000800000D6] -> 0x7F70
[58] [M]: 0x00000000800000D4 (0x7F708093) addi ra, ra, 0x7f7
x1 <- 0xFFFFFFF76DF56FF7
mem[X,0x00000000800000D8] -> 0x9093
mem[X,0x00000000800000DA] -> 0x00B0
[59] [M]: 0x00000000800000D8 (0x00B09093) slli ra, ra, 0xb
x1 <- 0xFFFFBB6FAB7FB800
mem[X,0x00000000800000DC] -> 0x8093
mem[X,0x00000000800000DE] -> 0x36F0
[60] [M]: 0x00000000800000DC (0x36F08093) addi ra, ra, 0x36f
x1 <- 0xFFFFBB6FAB7FBB6F
mem[X,0x00000000800000E0] -> 0x9093
mem[X,0x00000000800000E2] -> 0x00A0
[61] [M]: 0x00000000800000E0 (0x00A09093) slli ra, ra, 0xa
x1 <- 0xFEEDBEADFEEDBC00
mem[X,0x00000000800000E4] -> 0x8093
mem[X,0x00000000800000E6] -> 0x2AD0
[62] [M]: 0x00000000800000E4 (0x2AD08093) addi ra, ra, 0x2ad
x1 <- 0xFEEDBEADFEEDBEAD
mem[X,0x00000000800000E8] -> 0xD113
mem[X,0x00000000800000EA] -> 0x0070
[63] [M]: 0x00000000800000E8 (0x0070D113) srli sp, ra, 0x7
x2 <- 0x01FDDB7D5BFDDB7D
mem[X,0x00000000800000EC] -> 0xD793
mem[X,0x00000000800000EE] -> 0x0390
[64] [M]: 0x00000000800000EC (0x0390D793) srli a5, ra, 0x39
x15 <- 0x000000000000007F
mem[X,0x00000000800000F0] -> 0x6133
mem[X,0x00000000800000F2] -> 0x00F1
[65] [M]: 0x00000000800000F0 (0x00F16133) or sp, sp, a5
x2 <- 0x01FDDB7D5BFDDB7F
mem[X,0x00000000800000F4] -> 0x5193
mem[X,0x00000000800000F6] -> 0x0071
[66] [M]: 0x00000000800000F4 (0x00715193) srli gp, sp, 0x7
x3 <- 0x0003FBB6FAB7FBB6
mem[X,0x00000000800000F8] -> 0x5793
mem[X,0x00000000800000FA] -> 0x0391
[67] [M]: 0x00000000800000F8 (0x03915793) srli a5, sp, 0x39
x15 <- 0x0000000000000000
mem[X,0x00000000800000FC] -> 0xE1B3
mem[X,0x00000000800000FE] -> 0x00F1
[68] [M]: 0x00000000800000FC (0x00F1E1B3) or gp, gp, a5
x3 <- 0x0003FBB6FAB7FBB6
mem[X,0x0000000080000100] -> 0xD213
mem[X,0x0000000080000102] -> 0x0071
[69] [M]: 0x0000000080000100 (0x0071D213) srli tp, gp, 0x7
x4 <- 0x000007F76DF56FF7
mem[X,0x0000000080000104] -> 0xD793
mem[X,0x0000000080000106] -> 0x0391
[70] [M]: 0x0000000080000104 (0x0391D793) srli a5, gp, 0x39
x15 <- 0x0000000000000000
mem[X,0x0000000080000108] -> 0x6233
mem[X,0x000000008000010A] -> 0x00F2
[71] [M]: 0x0000000080000108 (0x00F26233) or tp, tp, a5
x4 <- 0x000007F76DF56FF7
mem[X,0x000000008000010C] -> 0x5293
mem[X,0x000000008000010E] -> 0x0072
[72] [M]: 0x000000008000010C (0x00725293) srli t0, tp, 0x7
x5 <- 0x0000000FEEDBEADF
mem[X,0x0000000080000110] -> 0x5793
mem[X,0x0000000080000112] -> 0x0392
[73] [M]: 0x0000000080000110 (0x03925793) srli a5, tp, 0x39
x15 <- 0x0000000000000000
mem[X,0x0000000080000114] -> 0xE2B3
mem[X,0x0000000080000116] -> 0x00F2
[74] [M]: 0x0000000080000114 (0x00F2E2B3) or t0, t0, a5
x5 <- 0x0000000FEEDBEADF
mem[X,0x0000000080000118] -> 0xD313
mem[X,0x000000008000011A] -> 0x0072
[75] [M]: 0x0000000080000118 (0x0072D313) srli t1, t0, 0x7
x6 <- 0x000000001FDDB7D5
mem[X,0x000000008000011C] -> 0xD793
mem[X,0x000000008000011E] -> 0x0392
[76] [M]: 0x000000008000011C (0x0392D793) srli a5, t0, 0x39
x15 <- 0x0000000000000000
mem[X,0x0000000080000120] -> 0x6333
mem[X,0x0000000080000122] -> 0x00F3
[77] [M]: 0x0000000080000120 (0x00F36333) or t1, t1, a5
x6 <- 0x000000001FDDB7D5
mem[X,0x0000000080000124] -> 0x5393
mem[X,0x0000000080000126] -> 0x0073
[78] [M]: 0x0000000080000124 (0x00735393) srli t2, t1, 0x7
x7 <- 0x00000000003FBB6F
mem[X,0x0000000080000128] -> 0x5793
mem[X,0x000000008000012A] -> 0x0393
[79] [M]: 0x0000000080000128 (0x03935793) srli a5, t1, 0x39
x15 <- 0x0000000000000000
mem[X,0x000000008000012C] -> 0xE3B3
mem[X,0x000000008000012E] -> 0x00F3
[80] [M]: 0x000000008000012C (0x00F3E3B3) or t2, t2, a5
x7 <- 0x00000000003FBB6F
mem[X,0x0000000080000130] -> 0xD413
mem[X,0x0000000080000132] -> 0x0073
[81] [M]: 0x0000000080000130 (0x0073D413) srli fp, t2, 0x7
x8 <- 0x0000000000007F76
mem[X,0x0000000080000134] -> 0xD793
mem[X,0x0000000080000136] -> 0x0393
[82] [M]: 0x0000000080000134 (0x0393D793) srli a5, t2, 0x39
x15 <- 0x0000000000000000
mem[X,0x0000000080000138] -> 0x6433
mem[X,0x000000008000013A] -> 0x00F4
[83] [M]: 0x0000000080000138 (0x00F46433) or fp, fp, a5
x8 <- 0x0000000000007F76
mem[X,0x000000008000013C] -> 0x5493
mem[X,0x000000008000013E] -> 0x0074
[84] [M]: 0x000000008000013C (0x00745493) srli s1, fp, 0x7
x9 <- 0x00000000000000FE
mem[X,0x0000000080000140] -> 0x5793
mem[X,0x0000000080000142] -> 0x0394
[85] [M]: 0x0000000080000140 (0x03945793) srli a5, fp, 0x39
x15 <- 0x0000000000000000
mem[X,0x0000000080000144] -> 0xE4B3
mem[X,0x0000000080000146] -> 0x00F4
[86] [M]: 0x0000000080000144 (0x00F4E4B3) or s1, s1, a5
x9 <- 0x00000000000000FE
mem[X,0x0000000080000148] -> 0xD513
mem[X,0x000000008000014A] -> 0x0074
[87] [M]: 0x0000000080000148 (0x0074D513) srli a0, s1, 0x7
x10 <- 0x0000000000000001
mem[X,0x000000008000014C] -> 0xD793
mem[X,0x000000008000014E] -> 0x0394
[88] [M]: 0x000000008000014C (0x0394D793) srli a5, s1, 0x39
x15 <- 0x0000000000000000
mem[X,0x0000000080000150] -> 0x6533
mem[X,0x0000000080000152] -> 0x00F5
[89] [M]: 0x0000000080000150 (0x00F56533) or a0, a0, a5
x10 <- 0x0000000000000001
mem[X,0x0000000080000154] -> 0x5593
mem[X,0x0000000080000156] -> 0x0075
[90] [M]: 0x0000000080000154 (0x00755593) srli a1, a0, 0x7
x11 <- 0x0000000000000000
mem[X,0x0000000080000158] -> 0x5793
mem[X,0x000000008000015A] -> 0x0395
[91] [M]: 0x0000000080000158 (0x03955793) srli a5, a0, 0x39
x15 <- 0x0000000000000000
mem[X,0x000000008000015C] -> 0xE5B3
mem[X,0x000000008000015E] -> 0x00F5
[92] [M]: 0x000000008000015C (0x00F5E5B3) or a1, a1, a5
x11 <- 0x0000000000000000
mem[X,0x0000000080000160] -> 0xD613
mem[X,0x0000000080000162] -> 0x0075
[93] [M]: 0x0000000080000160 (0x0075D613) srli a2, a1, 0x7
x12 <- 0x0000000000000000
mem[X,0x0000000080000164] -> 0xD793
mem[X,0x0000000080000166] -> 0x0395
[94] [M]: 0x0000000080000164 (0x0395D793) srli a5, a1, 0x39
x15 <- 0x0000000000000000
mem[X,0x0000000080000168] -> 0x6633
mem[X,0x000000008000016A] -> 0x00F6
[95] [M]: 0x0000000080000168 (0x00F66633) or a2, a2, a5
x12 <- 0x0000000000000000
mem[X,0x000000008000016C] -> 0x5693
mem[X,0x000000008000016E] -> 0x0076
[96] [M]: 0x000000008000016C (0x00765693) srli a3, a2, 0x7
x13 <- 0x0000000000000000
mem[X,0x0000000080000170] -> 0x5793
mem[X,0x0000000080000172] -> 0x0396
[97] [M]: 0x0000000080000170 (0x03965793) srli a5, a2, 0x39
x15 <- 0x0000000000000000
mem[X,0x0000000080000174] -> 0xE6B3
mem[X,0x0000000080000176] -> 0x00F6
[98] [M]: 0x0000000080000174 (0x00F6E6B3) or a3, a3, a5
x13 <- 0x0000000000000000
mem[X,0x0000000080000178] -> 0x0013
mem[X,0x000000008000017A] -> 0x0000
[99] [M]: 0x0000000080000178 (0x00000013) addi zero, zero, 0x0
clint::tick mtime <- 0x0000000000000001
 clint timer pending at mtime 0x0000000000000001
htif::tick 0x0000000000000000
mem[X,0x000000008000017C] -> 0x0013
mem[X,0x000000008000017E] -> 0x0000
[100] [M]: 0x000000008000017C (0x00000013) addi zero, zero, 0x0
mem[X,0x0000000080000180] -> 0xB117
mem[X,0x0000000080000182] -> 0x0000
[101] [M]: 0x0000000080000180 (0x0000B117) auipc sp, 0xb
x2 <- 0x000000008000B180
mem[X,0x0000000080000184] -> 0x0113
mem[X,0x0000000080000186] -> 0xF981
[102] [M]: 0x0000000080000184 (0xF9810113) addi sp, sp, -0x68
x2 <- 0x000000008000B118
mem[X,0x0000000080000188] -> 0x0013
mem[X,0x000000008000018A] -> 0x0000
[103] [M]: 0x0000000080000188 (0x00000013) addi zero, zero, 0x0
mem[X,0x000000008000018C] -> 0x0013
mem[X,0x000000008000018E] -> 0x0000
[104] [M]: 0x000000008000018C (0x00000013) addi zero, zero, 0x0
mem[X,0x0000000080000190] -> 0x0013
mem[X,0x0000000080000192] -> 0x0000
[105] [M]: 0x0000000080000190 (0x00000013) addi zero, zero, 0x0
mem[X,0x0000000080000194] -> 0x0013
mem[X,0x0000000080000196] -> 0x0000
[106] [M]: 0x0000000080000194 (0x00000013) addi zero, zero, 0x0
mem[X,0x0000000080000198] -> 0x0013
mem[X,0x000000008000019A] -> 0x0000
[107] [M]: 0x0000000080000198 (0x00000013) addi zero, zero, 0x0
mem[X,0x000000008000019C] -> 0x0013
mem[X,0x000000008000019E] -> 0x0000
[108] [M]: 0x000000008000019C (0x00000013) addi zero, zero, 0x0
mem[X,0x00000000800001A0] -> 0x0693
mem[X,0x00000000800001A2] -> 0x0010
[109] [M]: 0x00000000800001A0 (0x00100693) addi a3, zero, 0x1
x13 <- 0x0000000000000001
mem[X,0x00000000800001A4] -> 0x9693
mem[X,0x00000000800001A6] -> 0x02F6
[110] [M]: 0x00000000800001A4 (0x02F69693) slli a3, a3, 0x2f
x13 <- 0x0000800000000000
mem[X,0x00000000800001A8] -> 0x0693
mem[X,0x00000000800001AA] -> 0x0010
[111] [M]: 0x00000000800001A8 (0x00100693) addi a3, zero, 0x1
x13 <- 0x0000000000000001
mem[X,0x00000000800001AC] -> 0x9693
mem[X,0x00000000800001AE] -> 0x02F6
[112] [M]: 0x00000000800001AC (0x02F69693) slli a3, a3, 0x2f
x13 <- 0x0000800000000000
mem[X,0x00000000800001B0] -> 0x87BB
mem[X,0x00000000800001B2] -> 0x40D6
[113] [M]: 0x00000000800001B0 (0x40D687BB) subw a5, a3, a3
x15 <- 0x0000000000000000
mem[X,0x00000000800001B4] -> 0x3023
mem[X,0x00000000800001B6] -> 0x00F1
[114] [M]: 0x00000000800001B4 (0x00F13023) sd a5, 0x0(sp)
mem[0x000000008000B118] <- 0x0000000000000000
mem[X,0x00000000800001B8] -> 0x0D93
mem[X,0x00000000800001BA] -> 0x0010
[115] [M]: 0x00000000800001B8 (0x00100D93) addi s11, zero, 0x1
x27 <- 0x0000000000000001
mem[X,0x00000000800001BC] -> 0x9D93
mem[X,0x00000000800001BE] -> 0x00FD
[116] [M]: 0x00000000800001BC (0x00FD9D93) slli s11, s11, 0xf
x27 <- 0x0000000000008000
mem[X,0x00000000800001C0] -> 0x0D13
mem[X,0x00000000800001C2] -> 0xFEF0
[117] [M]: 0x00000000800001C0 (0xFEF00D13) addi s10, zero, -0x11
x26 <- 0xFFFFFFFFFFFFFFEF
mem[X,0x00000000800001C4] -> 0x8D3B
mem[X,0x00000000800001C6] -> 0x41AD
[118] [M]: 0x00000000800001C4 (0x41AD8D3B) subw s10, s11, s10
x26 <- 0x0000000000008011
mem[X,0x00000000800001C8] -> 0x3423
mem[X,0x00000000800001CA] -> 0x01A1
[119] [M]: 0x00000000800001C8 (0x01A13423) sd s10, 0x8(sp)
mem[0x000000008000B120] <- 0x0000000000008011
mem[X,0x00000000800001CC] -> 0x0F13
mem[X,0x00000000800001CE] -> 0xFFC0
[120] [M]: 0x00000000800001CC (0xFFC00F13) addi t5, zero, -0x4
x30 <- 0xFFFFFFFFFFFFFFFC
mem[X,0x00000000800001D0] -> 0x0F13
mem[X,0x00000000800001D2] -> 0xFFC0
[121] [M]: 0x00000000800001D0 (0xFFC00F13) addi t5, zero, -0x4
x30 <- 0xFFFFFFFFFFFFFFFC
mem[X,0x00000000800001D4] -> 0x0F3B
mem[X,0x00000000800001D6] -> 0x41EF
[122] [M]: 0x00000000800001D4 (0x41EF0F3B) subw t5, t5, t5
x30 <- 0x0000000000000000
mem[X,0x00000000800001D8] -> 0x3823
mem[X,0x00000000800001DA] -> 0x01E1
[123] [M]: 0x00000000800001D8 (0x01E13823) sd t5, 0x10(sp)
mem[0x000000008000B128] <- 0x0000000000000000
mem[X,0x00000000800001DC] -> 0x0CB7
mem[X,0x00000000800001DE] -> 0x0000
[124] [M]: 0x00000000800001DC (0x00000CB7) lui s9, 0x0
x25 <- 0x0000000000000000
mem[X,0x00000000800001E0] -> 0x8C93
mem[X,0x00000000800001E2] -> 0xFFFC
[125] [M]: 0x00000000800001E0 (0xFFFC8C93) addi s9, s9, -0x1
x25 <- 0xFFFFFFFFFFFFFFFF
mem[X,0x00000000800001E4] -> 0x9C93
mem[X,0x00000000800001E6] -> 0x00BC
[126] [M]: 0x00000000800001E4 (0x00BC9C93) slli s9, s9, 0xb
x25 <- 0xFFFFFFFFFFFFF800
mem[X,0x00000000800001E8] -> 0x8C93
mem[X,0x00000000800001EA] -> 0x257C
[127] [M]: 0x00000000800001E8 (0x257C8C93) addi s9, s9, 0x257
x25 <- 0xFFFFFFFFFFFFFA57
mem[X,0x00000000800001EC] -> 0x9C93
mem[X,0x00000000800001EE] -> 0x00BC
[128] [M]: 0x00000000800001EC (0x00BC9C93) slli s9, s9, 0xb
x25 <- 0xFFFFFFFFFFD2B800
mem[X,0x00000000800001F0] -> 0x8C93
mem[X,0x00000000800001F2] -> 0x6C3C
[129] [M]: 0x00000000800001F0 (0x6C3C8C93) addi s9, s9, 0x6c3
x25 <- 0xFFFFFFFFFFD2BEC3
mem[X,0x00000000800001F4] -> 0x9C93
mem[X,0x00000000800001F6] -> 0x00AC
[130] [M]: 0x00000000800001F4 (0x00AC9C93) slli s9, s9, 0xa
x25 <- 0xFFFFFFFF4AFB0C00
mem[X,0x00000000800001F8] -> 0x8C93
mem[X,0x00000000800001FA] -> 0x0CEC
[131] [M]: 0x00000000800001F8 (0x0CEC8C93) addi s9, s9, 0xce
x25 <- 0xFFFFFFFF4AFB0CCE
mem[X,0x00000000800001FC] -> 0x0893
mem[X,0x00000000800001FE] -> 0x0010
[132] [M]: 0x00000000800001FC (0x00100893) addi a7, zero, 0x1
x17 <- 0x0000000000000001
mem[X,0x0000000080000200] -> 0x9893
mem[X,0x0000000080000202] -> 0x0318
[133] [M]: 0x0000000080000200 (0x03189893) slli a7, a7, 0x31
x17 <- 0x0002000000000000
mem[X,0x0000000080000204] -> 0x86BB
mem[X,0x0000000080000206] -> 0x411C
[134] [M]: 0x0000000080000204 (0x411C86BB) subw a3, s9, a7
x13 <- 0x000000004AFB0CCE
mem[X,0x0000000080000208] -> 0x3C23
mem[X,0x000000008000020A] -> 0x00D1
[135] [M]: 0x0000000080000208 (0x00D13C23) sd a3, 0x18(sp)
mem[0x000000008000B130] <- 0x000000004AFB0CCE
mem[X,0x000000008000020C] -> 0x0013
mem[X,0x000000008000020E] -> 0x0000
[136] [M]: 0x000000008000020C (0x00000013) addi zero, zero, 0x0
mem[X,0x0000000080000210] -> 0x0813
mem[X,0x0000000080000212] -> 0xFDF0
[137] [M]: 0x0000000080000210 (0xFDF00813) addi a6, zero, -0x21
x16 <- 0xFFFFFFFFFFFFFFDF
mem[X,0x0000000080000214] -> 0x003B
mem[X,0x0000000080000216] -> 0x4100
[138] [M]: 0x0000000080000214 (0x4100003B) subw zero, zero, a6
mem[X,0x0000000080000218] -> 0x3023
mem[X,0x000000008000021A] -> 0x0201
[139] [M]: 0x0000000080000218 (0x02013023) sd zero, 0x20(sp)
mem[0x000000008000B138] <- 0x0000000000000000
mem[X,0x000000008000021C] -> 0x0413
mem[X,0x000000008000021E] -> 0x0010
[140] [M]: 0x000000008000021C (0x00100413) addi fp, zero, 0x1
x8 <- 0x0000000000000001
mem[X,0x0000000080000220] -> 0x1413
mem[X,0x0000000080000222] -> 0x0194
[141] [M]: 0x0000000080000220 (0x01941413) slli fp, fp, 0x19
x8 <- 0x0000000002000000
mem[X,0x0000000080000224] -> 0x0A93
mem[X,0x0000000080000226] -> 0xFFF0
[142] [M]: 0x0000000080000224 (0xFFF00A93) addi s5, zero, -0x1
x21 <- 0xFFFFFFFFFFFFFFFF
mem[X,0x0000000080000228] -> 0x9A93
mem[X,0x000000008000022A] -> 0x03FA
[143] [M]: 0x0000000080000228 (0x03FA9A93) slli s5, s5, 0x3f
x21 <- 0x8000000000000000
mem[X,0x000000008000022C] -> 0x0FBB
mem[X,0x000000008000022E] -> 0x4154
[144] [M]: 0x000000008000022C (0x41540FBB) subw t6, fp, s5
x31 <- 0x0000000002000000
mem[X,0x0000000080000230] -> 0x3423
mem[X,0x0000000080000232] -> 0x03F1
[145] [M]: 0x0000000080000230 (0x03F13423) sd t6, 0x28(sp)
mem[0x000000008000B140] <- 0x0000000002000000
mem[X,0x0000000080000234] -> 0x0A93
mem[X,0x0000000080000236] -> 0x0030
[146] [M]: 0x0000000080000234 (0x00300A93) addi s5, zero, 0x3
x21 <- 0x0000000000000003
mem[X,0x0000000080000238] -> 0x0593
mem[X,0x000000008000023A] -> 0x0000
[147] [M]: 0x0000000080000238 (0x00000593) addi a1, zero, 0x0
x11 <- 0x0000000000000000
mem[X,0x000000008000023C] -> 0x893B
mem[X,0x000000008000023E] -> 0x40BA
[148] [M]: 0x000000008000023C (0x40BA893B) subw s2, s5, a1
x18 <- 0x0000000000000003
mem[X,0x0000000080000240] -> 0x3823
mem[X,0x0000000080000242] -> 0x0321
[149] [M]: 0x0000000080000240 (0x03213823) sd s2, 0x30(sp)
mem[0x000000008000B148] <- 0x0000000000000003
mem[X,0x0000000080000244] -> 0x0B93
mem[X,0x0000000080000246] -> 0x0050
[150] [M]: 0x0000000080000244 (0x00500B93) addi s7, zero, 0x5
x23 <- 0x0000000000000005
mem[X,0x0000000080000248] -> 0x0293
mem[X,0x000000008000024A] -> 0xFFF0
[151] [M]: 0x0000000080000248 (0xFFF00293) addi t0, zero, -0x1
x5 <- 0xFFFFFFFFFFFFFFFF
mem[X,0x000000008000024C] -> 0xD293
mem[X,0x000000008000024E] -> 0x0012
[152] [M]: 0x000000008000024C (0x0012D293) srli t0, t0, 0x1
x5 <- 0x7FFFFFFFFFFFFFFF
mem[X,0x0000000080000250] -> 0x89BB
mem[X,0x0000000080000252] -> 0x405B
[153] [M]: 0x0000000080000250 (0x405B89BB) subw s3, s7, t0
x19 <- 0x0000000000000006
mem[X,0x0000000080000254] -> 0x3C23
mem[X,0x0000000080000256] -> 0x0331
[154] [M]: 0x0000000080000254 (0x03313C23) sd s3, 0x38(sp)
mem[0x000000008000B150] <- 0x0000000000000006
mem[X,0x0000000080000258] -> 0x0093
mem[X,0x000000008000025A] -> 0x0000
[155] [M]: 0x0000000080000258 (0x00000093) addi ra, zero, 0x0
x1 <- 0x0000000000000000
mem[X,0x000000008000025C] -> 0x0C13
mem[X,0x000000008000025E] -> 0x0010
[156] [M]: 0x000000008000025C (0x00100C13) addi s8, zero, 0x1
x24 <- 0x0000000000000001
mem[X,0x0000000080000260] -> 0x8A3B
mem[X,0x0000000080000262] -> 0x4180
[157] [M]: 0x0000000080000260 (0x41808A3B) subw s4, ra, s8
x20 <- 0xFFFFFFFFFFFFFFFF
mem[X,0x0000000080000264] -> 0x3023
mem[X,0x0000000080000266] -> 0x0541
[158] [M]: 0x0000000080000264 (0x05413023) sd s4, 0x40(sp)
mem[0x000000008000B158] <- 0xFFFFFFFFFFFFFFFF
mem[X,0x0000000080000268] -> 0x0D13
mem[X,0x000000008000026A] -> 0xFFF0
[159] [M]: 0x0000000080000268 (0xFFF00D13) addi s10, zero, -0x1
x26 <- 0xFFFFFFFFFFFFFFFF
mem[X,0x000000008000026C] -> 0x1D13
mem[X,0x000000008000026E] -> 0x03FD
[160] [M]: 0x000000008000026C (0x03FD1D13) slli s10, s10, 0x3f
x26 <- 0x8000000000000000
mem[X,0x0000000080000270] -> 0x0213
mem[X,0x0000000080000272] -> 0x0010
[161] [M]: 0x0000000080000270 (0x00100213) addi tp, zero, 0x1
x4 <- 0x0000000000000001
mem[X,0x0000000080000274] -> 0x1213
mem[X,0x0000000080000276] -> 0x00C2
[162] [M]: 0x0000000080000274 (0x00C21213) slli tp, tp, 0xc
x4 <- 0x0000000000001000
mem[X,0x0000000080000278] -> 0x073B
mem[X,0x000000008000027A] -> 0x404D
[163] [M]: 0x0000000080000278 (0x404D073B) subw a4, s10, tp
x14 <- 0xFFFFFFFFFFFFF000
mem[X,0x000000008000027C] -> 0x3423
mem[X,0x000000008000027E] -> 0x04E1
[164] [M]: 0x000000008000027C (0x04E13423) sd a4, 0x48(sp)
mem[0x000000008000B160] <- 0xFFFFFFFFFFFFF000
mem[X,0x0000000080000280] -> 0x0393
mem[X,0x0000000080000282] -> 0xFFF0
[165] [M]: 0x0000000080000280 (0xFFF00393) addi t2, zero, -0x1
x7 <- 0xFFFFFFFFFFFFFFFF
mem[X,0x0000000080000284] -> 0xD393
mem[X,0x0000000080000286] -> 0x0013
[166] [M]: 0x0000000080000284 (0x0013D393) srli t2, t2, 0x1
x7 <- 0x7FFFFFFFFFFFFFFF
mem[X,0x0000000080000288] -> 0x0493
mem[X,0x000000008000028A] -> 0xEFF0
[167] [M]: 0x0000000080000288 (0xEFF00493) addi s1, zero, -0x101
x9 <- 0xFFFFFFFFFFFFFEFF
mem[X,0x000000008000028C] -> 0x863B
mem[X,0x000000008000028E] -> 0x4093
[168] [M]: 0x000000008000028C (0x4093863B) subw a2, t2, s1
x12 <- 0x0000000000000100
mem[X,0x0000000080000290] -> 0x3823
mem[X,0x0000000080000292] -> 0x04C1
[169] [M]: 0x0000000080000290 (0x04C13823) sd a2, 0x50(sp)
mem[0x000000008000B168] <- 0x0000000000000100
mem[X,0x0000000080000294] -> 0x0B13
mem[X,0x0000000080000296] -> 0x0010
[170] [M]: 0x0000000080000294 (0x00100B13) addi s6, zero, 0x1
x22 <- 0x0000000000000001
mem[X,0x0000000080000298] -> 0x0613
mem[X,0x000000008000029A] -> 0x0010
[171] [M]: 0x0000000080000298 (0x00100613) addi a2, zero, 0x1
x12 <- 0x0000000000000001
mem[X,0x000000008000029C] -> 0x1613
mem[X,0x000000008000029E] -> 0x0346
[172] [M]: 0x000000008000029C (0x03461613) slli a2, a2, 0x34
x12 <- 0x0010000000000000
mem[X,0x00000000800002A0] -> 0x0ABB
mem[X,0x00000000800002A2] -> 0x40CB
[173] [M]: 0x00000000800002A0 (0x40CB0ABB) subw s5, s6, a2
x21 <- 0x0000000000000001
mem[X,0x00000000800002A4] -> 0x3C23
mem[X,0x00000000800002A6] -> 0x0551
[174] [M]: 0x00000000800002A4 (0x05513C23) sd s5, 0x58(sp)
mem[0x000000008000B170] <- 0x0000000000000001
mem[X,0x00000000800002A8] -> 0x0613
mem[X,0x00000000800002AA] -> 0x0010
[175] [M]: 0x00000000800002A8 (0x00100613) addi a2, zero, 0x1
x12 <- 0x0000000000000001
mem[X,0x00000000800002AC] -> 0x1613
mem[X,0x00000000800002AE] -> 0x02D6
[176] [M]: 0x00000000800002AC (0x02D61613) slli a2, a2, 0x2d
x12 <- 0x0000200000000000
mem[X,0x00000000800002B0] -> 0x4613
mem[X,0x00000000800002B2] -> 0xFFF6
[177] [M]: 0x00000000800002B0 (0xFFF64613) xori a2, a2, -0x1
x12 <- 0xFFFFDFFFFFFFFFFF
mem[X,0x00000000800002B4] -> 0x0313
mem[X,0x00000000800002B6] -> 0x0020
[178] [M]: 0x00000000800002B4 (0x00200313) addi t1, zero, 0x2
x6 <- 0x0000000000000002
mem[X,0x00000000800002B8] -> 0x05BB
mem[X,0x00000000800002BA] -> 0x4066
[179] [M]: 0x00000000800002B8 (0x406605BB) subw a1, a2, t1
x11 <- 0xFFFFFFFFFFFFFFFD
mem[X,0x00000000800002BC] -> 0x3023
mem[X,0x00000000800002BE] -> 0x06B1
[180] [M]: 0x00000000800002BC (0x06B13023) sd a1, 0x60(sp)
mem[0x000000008000B178] <- 0xFFFFFFFFFFFFFFFD
mem[X,0x00000000800002C0] -> 0x0C13
mem[X,0x00000000800002C2] -> 0x0800
[181] [M]: 0x00000000800002C0 (0x08000C13) addi s8, zero, 0x80
x24 <- 0x0000000000000080
mem[X,0x00000000800002C4] -> 0x0D93
mem[X,0x00000000800002C6] -> 0x0040
[182] [M]: 0x00000000800002C4 (0x00400D93) addi s11, zero, 0x4
x27 <- 0x0000000000000004
mem[X,0x00000000800002C8] -> 0x033B
mem[X,0x00000000800002CA] -> 0x41BC
[183] [M]: 0x00000000800002C8 (0x41BC033B) subw t1, s8, s11
x6 <- 0x000000000000007C
mem[X,0x00000000800002CC] -> 0x3423
mem[X,0x00000000800002CE] -> 0x0661
[184] [M]: 0x00000000800002CC (0x06613423) sd t1, 0x68(sp)
mem[0x000000008000B180] <- 0x000000000000007C
mem[X,0x00000000800002D0] -> 0x0A13
mem[X,0x00000000800002D2] -> 0x0010
[185] [M]: 0x00000000800002D0 (0x00100A13) addi s4, zero, 0x1
x20 <- 0x0000000000000001
mem[X,0x00000000800002D4] -> 0x1A13
mem[X,0x00000000800002D6] -> 0x02EA
[186] [M]: 0x00000000800002D4 (0x02EA1A13) slli s4, s4, 0x2e
x20 <- 0x0000400000000000
mem[X,0x00000000800002D8] -> 0x4A13
mem[X,0x00000000800002DA] -> 0xFFFA
[187] [M]: 0x00000000800002D8 (0xFFFA4A13) xori s4, s4, -0x1
x20 <- 0xFFFFBFFFFFFFFFFF
mem[X,0x00000000800002DC] -> 0x0713
mem[X,0x00000000800002DE] -> 0x0080
[188] [M]: 0x00000000800002DC (0x00800713) addi a4, zero, 0x8
x14 <- 0x0000000000000008
mem[X,0x00000000800002E0] -> 0x02BB
mem[X,0x00000000800002E2] -> 0x40EA
[189] [M]: 0x00000000800002E0 (0x40EA02BB) subw t0, s4, a4
x5 <- 0xFFFFFFFFFFFFFFF7
mem[X,0x00000000800002E4] -> 0x3823
mem[X,0x00000000800002E6] -> 0x0651
[190] [M]: 0x00000000800002E4 (0x06513823) sd t0, 0x70(sp)
mem[0x000000008000B188] <- 0xFFFFFFFFFFFFFFF7
mem[X,0x00000000800002E8] -> 0x0813
mem[X,0x00000000800002EA] -> 0xFFF0
[191] [M]: 0x00000000800002E8 (0xFFF00813) addi a6, zero, -0x1
x16 <- 0xFFFFFFFFFFFFFFFF
mem[X,0x00000000800002EC] -> 0x5813
mem[X,0x00000000800002EE] -> 0x0018
[192] [M]: 0x00000000800002EC (0x00185813) srli a6, a6, 0x1
x16 <- 0x7FFFFFFFFFFFFFFF
mem[X,0x00000000800002F0] -> 0x0413
mem[X,0x00000000800002F2] -> 0x0100
[193] [M]: 0x00000000800002F0 (0x01000413) addi fp, zero, 0x10
x8 <- 0x0000000000000010
mem[X,0x00000000800002F4] -> 0x00BB
mem[X,0x00000000800002F6] -> 0x4088
[194] [M]: 0x00000000800002F4 (0x408800BB) subw ra, a6, fp
x1 <- 0xFFFFFFFFFFFFFFEF
mem[X,0x00000000800002F8] -> 0x3C23
mem[X,0x00000000800002FA] -> 0x0611
[195] [M]: 0x00000000800002F8 (0x06113C23) sd ra, 0x78(sp)
mem[0x000000008000B190] <- 0xFFFFFFFFFFFFFFEF
mem[X,0x00000000800002FC] -> 0x0293
mem[X,0x00000000800002FE] -> 0x0010
[196] [M]: 0x00000000800002FC (0x00100293) addi t0, zero, 0x1
x5 <- 0x0000000000000001
mem[X,0x0000000080000300] -> 0x9293
mem[X,0x0000000080000302] -> 0x03B2
[197] [M]: 0x0000000080000300 (0x03B29293) slli t0, t0, 0x3b
x5 <- 0x0800000000000000
mem[X,0x0000000080000304] -> 0xC293
mem[X,0x0000000080000306] -> 0xFFF2
[198] [M]: 0x0000000080000304 (0xFFF2C293) xori t0, t0, -0x1
x5 <- 0xF7FFFFFFFFFFFFFF
mem[X,0x0000000080000308] -> 0x0393
mem[X,0x000000008000030A] -> 0x0200
[199] [M]: 0x0000000080000308 (0x02000393) addi t2, zero, 0x20
x7 <- 0x0000000000000020
clint::tick mtime <- 0x0000000000000002
 clint timer pending at mtime 0x0000000000000002
htif::tick 0x0000000000000000
mem[X,0x000000008000030C] -> 0x853B
mem[X,0x000000008000030E] -> 0x4072
[200] [M]: 0x000000008000030C (0x4072853B) subw a0, t0, t2
x10 <- 0xFFFFFFFFFFFFFFDF
mem[X,0x0000000080000310] -> 0x3023
mem[X,0x0000000080000312] -> 0x08A1
[201] [M]: 0x0000000080000310 (0x08A13023) sd a0, 0x80(sp)
mem[0x000000008000B198] <- 0xFFFFFFFFFFFFFFDF
mem[X,0x0000000080000314] -> 0x08B7
mem[X,0x0000000080000316] -> 0x0000
[202] [M]: 0x0000000080000314 (0x000008B7) lui a7, 0x0
x17 <- 0x0000000000000000
mem[X,0x0000000080000318] -> 0x8893
mem[X,0x000000008000031A] -> 0xFFF8
[203] [M]: 0x0000000080000318 (0xFFF88893) addi a7, a7, -0x1
x17 <- 0xFFFFFFFFFFFFFFFF
mem[X,0x000000008000031C] -> 0x9893
mem[X,0x000000008000031E] -> 0x00B8
[204] [M]: 0x000000008000031C (0x00B89893) slli a7, a7, 0xb
x17 <- 0xFFFFFFFFFFFFF800
mem[X,0x0000000080000320] -> 0x8893
mem[X,0x0000000080000322] -> 0x2578
[205] [M]: 0x0000000080000320 (0x25788893) addi a7, a7, 0x257
x17 <- 0xFFFFFFFFFFFFFA57
mem[X,0x0000000080000324] -> 0x9893
mem[X,0x0000000080000326] -> 0x00B8
[206] [M]: 0x0000000080000324 (0x00B89893) slli a7, a7, 0xb
x17 <- 0xFFFFFFFFFFD2B800
mem[X,0x0000000080000328] -> 0x8893
mem[X,0x000000008000032A] -> 0x6C38
[207] [M]: 0x0000000080000328 (0x6C388893) addi a7, a7, 0x6c3
x17 <- 0xFFFFFFFFFFD2BEC3
mem[X,0x000000008000032C] -> 0x9893
mem[X,0x000000008000032E] -> 0x00A8
[208] [M]: 0x000000008000032C (0x00A89893) slli a7, a7, 0xa
x17 <- 0xFFFFFFFF4AFB0C00
mem[X,0x0000000080000330] -> 0x8893
mem[X,0x0000000080000332] -> 0x0CD8
[209] [M]: 0x0000000080000330 (0x0CD88893) addi a7, a7, 0xcd
x17 <- 0xFFFFFFFF4AFB0CCD
mem[X,0x0000000080000334] -> 0x0E93
mem[X,0x0000000080000336] -> 0x0400
[210] [M]: 0x0000000080000334 (0x04000E93) addi t4, zero, 0x40
x29 <- 0x0000000000000040
mem[X,0x0000000080000338] -> 0x8CBB
mem[X,0x000000008000033A] -> 0x41D8
[211] [M]: 0x0000000080000338 (0x41D88CBB) subw s9, a7, t4
x25 <- 0x000000004AFB0C8D
mem[X,0x000000008000033C] -> 0x3423
mem[X,0x000000008000033E] -> 0x0991
[212] [M]: 0x000000008000033C (0x09913423) sd s9, 0x88(sp)
mem[0x000000008000B1A0] <- 0x000000004AFB0C8D
mem[X,0x0000000080000340] -> 0xB297
mem[X,0x0000000080000342] -> 0x0000
[213] [M]: 0x0000000080000340 (0x0000B297) auipc t0, 0xb
x5 <- 0x000000008000B340
mem[X,0x0000000080000344] -> 0x8293
mem[X,0x0000000080000346] -> 0xE682
[214] [M]: 0x0000000080000344 (0xE6828293) addi t0, t0, -0x198
x5 <- 0x000000008000B1A8
mem[X,0x0000000080000348] -> 0x0013
mem[X,0x000000008000034A] -> 0x0000
[215] [M]: 0x0000000080000348 (0x00000013) addi zero, zero, 0x0
mem[X,0x000000008000034C] -> 0x0013
mem[X,0x000000008000034E] -> 0x0000
[216] [M]: 0x000000008000034C (0x00000013) addi zero, zero, 0x0
mem[X,0x0000000080000350] -> 0x0013
mem[X,0x0000000080000352] -> 0x0000
[217] [M]: 0x0000000080000350 (0x00000013) addi zero, zero, 0x0
mem[X,0x0000000080000354] -> 0x0013
mem[X,0x0000000080000356] -> 0x0000
[218] [M]: 0x0000000080000354 (0x00000013) addi zero, zero, 0x0
mem[X,0x0000000080000358] -> 0x0013
mem[X,0x000000008000035A] -> 0x0000
[219] [M]: 0x0000000080000358 (0x00000013) addi zero, zero, 0x0
mem[X,0x000000008000035C] -> 0x0013
mem[X,0x000000008000035E] -> 0x0000
[220] [M]: 0x000000008000035C (0x00000013) addi zero, zero, 0x0
mem[X,0x0000000080000360] -> 0x0793
mem[X,0x0000000080000362] -> 0x0010
[221] [M]: 0x0000000080000360 (0x00100793) addi a5, zero, 0x1
x15 <- 0x0000000000000001
mem[X,0x0000000080000364] -> 0x9793
mem[X,0x0000000080000366] -> 0x0127
[222] [M]: 0x0000000080000364 (0x01279793) slli a5, a5, 0x12
x15 <- 0x0000000000040000
mem[X,0x0000000080000368] -> 0xC793
mem[X,0x000000008000036A] -> 0xFFF7
[223] [M]: 0x0000000080000368 (0xFFF7C793) xori a5, a5, -0x1
x15 <- 0xFFFFFFFFFFFBFFFF
mem[X,0x000000008000036C] -> 0x0093
mem[X,0x000000008000036E] -> 0x0800
[224] [M]: 0x000000008000036C (0x08000093) addi ra, zero, 0x80
x1 <- 0x0000000000000080
mem[X,0x0000000080000370] -> 0x843B
mem[X,0x0000000080000372] -> 0x4017
[225] [M]: 0x0000000080000370 (0x4017843B) subw fp, a5, ra
x8 <- 0xFFFFFFFFFFFBFF7F
mem[X,0x0000000080000374] -> 0xB023
mem[X,0x0000000080000376] -> 0x0082
[226] [M]: 0x0000000080000374 (0x0082B023) sd fp, 0x0(t0)
mem[0x000000008000B1A8] <- 0xFFFFFFFFFFFBFF7F
mem[X,0x0000000080000378] -> 0x0913
mem[X,0x000000008000037A] -> 0x0010
[227] [M]: 0x0000000080000378 (0x00100913) addi s2, zero, 0x1
x18 <- 0x0000000000000001
mem[X,0x000000008000037C] -> 0x1913
mem[X,0x000000008000037E] -> 0x0249
[228] [M]: 0x000000008000037C (0x02491913) slli s2, s2, 0x24
x18 <- 0x0000001000000000
mem[X,0x0000000080000380] -> 0x4913
mem[X,0x0000000080000382] -> 0xFFF9
[229] [M]: 0x0000000080000380 (0xFFF94913) xori s2, s2, -0x1
x18 <- 0xFFFFFFEFFFFFFFFF
mem[X,0x0000000080000384] -> 0x0B93
mem[X,0x0000000080000386] -> 0x1000
[230] [M]: 0x0000000080000384 (0x10000B93) addi s7, zero, 0x100
x23 <- 0x0000000000000100
mem[X,0x0000000080000388] -> 0x03BB
mem[X,0x000000008000038A] -> 0x4179
[231] [M]: 0x0000000080000388 (0x417903BB) subw t2, s2, s7
x7 <- 0xFFFFFFFFFFFFFEFF
mem[X,0x000000008000038C] -> 0xB423
mem[X,0x000000008000038E] -> 0x0072
[232] [M]: 0x000000008000038C (0x0072B423) sd t2, 0x8(t0)
mem[0x000000008000B1B0] <- 0xFFFFFFFFFFFFFEFF
mem[X,0x0000000080000390] -> 0x0513
mem[X,0x0000000080000392] -> 0x0010
[233] [M]: 0x0000000080000390 (0x00100513) addi a0, zero, 0x1
x10 <- 0x0000000000000001
mem[X,0x0000000080000394] -> 0x1513
mem[X,0x0000000080000396] -> 0x0195
[234] [M]: 0x0000000080000394 (0x01951513) slli a0, a0, 0x19
x10 <- 0x0000000002000000
mem[X,0x0000000080000398] -> 0x4513
mem[X,0x000000008000039A] -> 0xFFF5
[235] [M]: 0x0000000080000398 (0xFFF54513) xori a0, a0, -0x1
x10 <- 0xFFFFFFFFFDFFFFFF
mem[X,0x000000008000039C] -> 0x0193
mem[X,0x000000008000039E] -> 0x2000
[236] [M]: 0x000000008000039C (0x20000193) addi gp, zero, 0x200
x3 <- 0x0000000000000200
mem[X,0x00000000800003A0] -> 0x083B
mem[X,0x00000000800003A2] -> 0x4035
[237] [M]: 0x00000000800003A0 (0x4035083B) subw a6, a0, gp
x16 <- 0xFFFFFFFFFDFFFDFF
mem[X,0x00000000800003A4] -> 0xB823
mem[X,0x00000000800003A6] -> 0x0102
[238] [M]: 0x00000000800003A4 (0x0102B823) sd a6, 0x10(t0)
mem[0x000000008000B1B8] <- 0xFFFFFFFFFDFFFDFF
mem[X,0x00000000800003A8] -> 0x0E93
mem[X,0x00000000800003AA] -> 0x0010
[239] [M]: 0x00000000800003A8 (0x00100E93) addi t4, zero, 0x1
x29 <- 0x0000000000000001
mem[X,0x00000000800003AC] -> 0x9E93
mem[X,0x00000000800003AE] -> 0x00CE
[240] [M]: 0x00000000800003AC (0x00CE9E93) slli t4, t4, 0xc
x29 <- 0x0000000000001000
mem[X,0x00000000800003B0] -> 0x0B13
mem[X,0x00000000800003B2] -> 0x4000
[241] [M]: 0x00000000800003B0 (0x40000B13) addi s6, zero, 0x400
x22 <- 0x0000000000000400
mem[X,0x00000000800003B4] -> 0x823B
mem[X,0x00000000800003B6] -> 0x416E
[242] [M]: 0x00000000800003B4 (0x416E823B) subw tp, t4, s6
x4 <- 0x0000000000000C00
mem[X,0x00000000800003B8] -> 0xBC23
mem[X,0x00000000800003BA] -> 0x0042
[243] [M]: 0x00000000800003B8 (0x0042BC23) sd tp, 0x18(t0)
mem[0x000000008000B1C0] <- 0x0000000000000C00
mem[X,0x00000000800003BC] -> 0x0593
mem[X,0x00000000800003BE] -> 0x0010
[244] [M]: 0x00000000800003BC (0x00100593) addi a1, zero, 0x1
x11 <- 0x0000000000000001
mem[X,0x00000000800003C0] -> 0x9593
mem[X,0x00000000800003C2] -> 0x01C5
[245] [M]: 0x00000000800003C0 (0x01C59593) slli a1, a1, 0x1c
x11 <- 0x0000000010000000
mem[X,0x00000000800003C4] -> 0xC593
mem[X,0x00000000800003C6] -> 0xFFF5
[246] [M]: 0x00000000800003C4 (0xFFF5C593) xori a1, a1, -0x1
x11 <- 0xFFFFFFFFEFFFFFFF
mem[X,0x00000000800003C8] -> 0x0513
mem[X,0x00000000800003CA] -> 0x0010
[247] [M]: 0x00000000800003C8 (0x00100513) addi a0, zero, 0x1
x10 <- 0x0000000000000001
mem[X,0x00000000800003CC] -> 0x1513
mem[X,0x00000000800003CE] -> 0x00B5
[248] [M]: 0x00000000800003CC (0x00B51513) slli a0, a0, 0xb
x10 <- 0x0000000000000800
mem[X,0x00000000800003D0] -> 0x88BB
mem[X,0x00000000800003D2] -> 0x40A5
[249] [M]: 0x00000000800003D0 (0x40A588BB) subw a7, a1, a0
x17 <- 0xFFFFFFFFEFFFF7FF
mem[X,0x00000000800003D4] -> 0xB023
mem[X,0x00000000800003D6] -> 0x0312
[250] [M]: 0x00000000800003D4 (0x0312B023) sd a7, 0x20(t0)
mem[0x000000008000B1C8] <- 0xFFFFFFFFEFFFF7FF
mem[X,0x00000000800003D8] -> 0x0F93
mem[X,0x00000000800003DA] -> 0x0010
[251] [M]: 0x00000000800003D8 (0x00100F93) addi t6, zero, 0x1
x31 <- 0x0000000000000001
mem[X,0x00000000800003DC] -> 0x9F93
mem[X,0x00000000800003DE] -> 0x02BF
[252] [M]: 0x00000000800003DC (0x02BF9F93) slli t6, t6, 0x2b
x31 <- 0x0000080000000000
mem[X,0x00000000800003E0] -> 0x0913
mem[X,0x00000000800003E2] -> 0x0010
[253] [M]: 0x00000000800003E0 (0x00100913) addi s2, zero, 0x1
x18 <- 0x0000000000000001
mem[X,0x00000000800003E4] -> 0x1913
mem[X,0x00000000800003E6] -> 0x00D9
[254] [M]: 0x00000000800003E4 (0x00D91913) slli s2, s2, 0xd
x18 <- 0x0000000000002000
mem[X,0x00000000800003E8] -> 0x813B
mem[X,0x00000000800003EA] -> 0x412F
[255] [M]: 0x00000000800003E8 (0x412F813B) subw sp, t6, s2
x2 <- 0xFFFFFFFFFFFFE000
mem[X,0x00000000800003EC] -> 0xB423
mem[X,0x00000000800003EE] -> 0x0222
[256] [M]: 0x00000000800003EC (0x0222B423) sd sp, 0x28(t0)
mem[0x000000008000B1D0] <- 0xFFFFFFFFFFFFE000
mem[X,0x00000000800003F0] -> 0x0993
mem[X,0x00000000800003F2] -> 0x0020
[257] [M]: 0x00000000800003F0 (0x00200993) addi s3, zero, 0x2
x19 <- 0x0000000000000002
mem[X,0x00000000800003F4] -> 0x0793
mem[X,0x00000000800003F6] -> 0x0010
[258] [M]: 0x00000000800003F4 (0x00100793) addi a5, zero, 0x1
x15 <- 0x0000000000000001
mem[X,0x00000000800003F8] -> 0x9793
mem[X,0x00000000800003FA] -> 0x00E7
[259] [M]: 0x00000000800003F8 (0x00E79793) slli a5, a5, 0xe
x15 <- 0x0000000000004000
mem[X,0x00000000800003FC] -> 0x81BB
mem[X,0x00000000800003FE] -> 0x40F9
[260] [M]: 0x00000000800003FC (0x40F981BB) subw gp, s3, a5
x3 <- 0xFFFFFFFFFFFFC002
mem[X,0x0000000080000400] -> 0xB823
mem[X,0x0000000080000402] -> 0x0232
[261] [M]: 0x0000000080000400 (0x0232B823) sd gp, 0x30(t0)
mem[0x000000008000B1D8] <- 0xFFFFFFFFFFFFC002
mem[X,0x0000000080000404] -> 0x0313
mem[X,0x0000000080000406] -> 0x0010
[262] [M]: 0x0000000080000404 (0x00100313) addi t1, zero, 0x1
x6 <- 0x0000000000000001
mem[X,0x0000000080000408] -> 0x1313
mem[X,0x000000008000040A] -> 0x03A3
[263] [M]: 0x0000000080000408 (0x03A31313) slli t1, t1, 0x3a
x6 <- 0x0400000000000000
mem[X,0x000000008000040C] -> 0x4313
mem[X,0x000000008000040E] -> 0xFFF3
[264] [M]: 0x000000008000040C (0xFFF34313) xori t1, t1, -0x1
x6 <- 0xFBFFFFFFFFFFFFFF
mem[X,0x0000000080000410] -> 0x0C93
mem[X,0x0000000080000412] -> 0x0010
[265] [M]: 0x0000000080000410 (0x00100C93) addi s9, zero, 0x1
x25 <- 0x0000000000000001
mem[X,0x0000000080000414] -> 0x9C93
mem[X,0x0000000080000416] -> 0x00FC
[266] [M]: 0x0000000080000414 (0x00FC9C93) slli s9, s9, 0xf
x25 <- 0x0000000000008000
mem[X,0x0000000080000418] -> 0x0E3B
mem[X,0x000000008000041A] -> 0x4193
[267] [M]: 0x0000000080000418 (0x41930E3B) subw t3, t1, s9
x28 <- 0xFFFFFFFFFFFF7FFF
mem[X,0x000000008000041C] -> 0xBC23
mem[X,0x000000008000041E] -> 0x03C2
[268] [M]: 0x000000008000041C (0x03C2BC23) sd t3, 0x38(t0)
mem[0x000000008000B1E0] <- 0xFFFFFFFFFFFF7FFF
mem[X,0x0000000080000420] -> 0x0193
mem[X,0x0000000080000422] -> 0x0010
[269] [M]: 0x0000000080000420 (0x00100193) addi gp, zero, 0x1
x3 <- 0x0000000000000001
mem[X,0x0000000080000424] -> 0x9193
mem[X,0x0000000080000426] -> 0x0351
[270] [M]: 0x0000000080000424 (0x03519193) slli gp, gp, 0x35
x3 <- 0x0020000000000000
mem[X,0x0000000080000428] -> 0xC193
mem[X,0x000000008000042A] -> 0xFFF1
[271] [M]: 0x0000000080000428 (0xFFF1C193) xori gp, gp, -0x1
x3 <- 0xFFDFFFFFFFFFFFFF
mem[X,0x000000008000042C] -> 0x0E13
mem[X,0x000000008000042E] -> 0x0010
[272] [M]: 0x000000008000042C (0x00100E13) addi t3, zero, 0x1
x28 <- 0x0000000000000001
mem[X,0x0000000080000430] -> 0x1E13
mem[X,0x0000000080000432] -> 0x010E
[273] [M]: 0x0000000080000430 (0x010E1E13) slli t3, t3, 0x10
x28 <- 0x0000000000010000
mem[X,0x0000000080000434] -> 0x84BB
mem[X,0x0000000080000436] -> 0x41C1
[274] [M]: 0x0000000080000434 (0x41C184BB) subw s1, gp, t3
x9 <- 0xFFFFFFFFFFFEFFFF
mem[X,0x0000000080000438] -> 0xB023
mem[X,0x000000008000043A] -> 0x0492
[275] [M]: 0x0000000080000438 (0x0492B023) sd s1, 0x40(t0)
mem[0x000000008000B1E8] <- 0xFFFFFFFFFFFEFFFF
mem[X,0x000000008000043C] -> 0x3137
mem[X,0x000000008000043E] -> 0x3333
[276] [M]: 0x000000008000043C (0x33333137) lui sp, 0x33333
x2 <- 0x0000000033333000
mem[X,0x0000000080000440] -> 0x0113
mem[X,0x0000000080000442] -> 0x3331
[277] [M]: 0x0000000080000440 (0x33310113) addi sp, sp, 0x333
x2 <- 0x0000000033333333
mem[X,0x0000000080000444] -> 0x1113
mem[X,0x0000000080000446] -> 0x00B1
[278] [M]: 0x0000000080000444 (0x00B11113) slli sp, sp, 0xb
x2 <- 0x0000019999999800
mem[X,0x0000000080000448] -> 0x0113
mem[X,0x000000008000044A] -> 0x1991
[279] [M]: 0x0000000080000448 (0x19910113) addi sp, sp, 0x199
x2 <- 0x0000019999999999
mem[X,0x000000008000044C] -> 0x1113
mem[X,0x000000008000044E] -> 0x00B1
[280] [M]: 0x000000008000044C (0x00B11113) slli sp, sp, 0xb
x2 <- 0x000CCCCCCCCCC800
mem[X,0x0000000080000450] -> 0x0113
mem[X,0x0000000080000452] -> 0x4CC1
[281] [M]: 0x0000000080000450 (0x4CC10113) addi sp, sp, 0x4cc
x2 <- 0x000CCCCCCCCCCCCC
mem[X,0x0000000080000454] -> 0x1113
mem[X,0x0000000080000456] -> 0x00A1
[282] [M]: 0x0000000080000454 (0x00A11113) slli sp, sp, 0xa
x2 <- 0x3333333333333000
mem[X,0x0000000080000458] -> 0x0113
mem[X,0x000000008000045A] -> 0x3321
[283] [M]: 0x0000000080000458 (0x33210113) addi sp, sp, 0x332
x2 <- 0x3333333333333332
mem[X,0x000000008000045C] -> 0x0013
mem[X,0x000000008000045E] -> 0x0000
[284] [M]: 0x000000008000045C (0x00000013) addi zero, zero, 0x0
mem[X,0x0000000080000460] -> 0x0B3B
mem[X,0x0000000080000462] -> 0x4001
[285] [M]: 0x0000000080000460 (0x40010B3B) subw s6, sp, zero
x22 <- 0x0000000033333332
mem[X,0x0000000080000464] -> 0xB423
mem[X,0x0000000080000466] -> 0x0562
[286] [M]: 0x0000000080000464 (0x0562B423) sd s6, 0x48(t0)
mem[0x000000008000B1F0] <- 0x0000000033333332
mem[X,0x0000000080000468] -> 0x0713
mem[X,0x000000008000046A] -> 0x0010
[287] [M]: 0x0000000080000468 (0x00100713) addi a4, zero, 0x1
x14 <- 0x0000000000000001
mem[X,0x000000008000046C] -> 0x1713
mem[X,0x000000008000046E] -> 0x01F7
[288] [M]: 0x000000008000046C (0x01F71713) slli a4, a4, 0x1f
x14 <- 0x0000000080000000
mem[X,0x0000000080000470] -> 0x0A13
mem[X,0x0000000080000472] -> 0x0010
[289] [M]: 0x0000000080000470 (0x00100A13) addi s4, zero, 0x1
x20 <- 0x0000000000000001
mem[X,0x0000000080000474] -> 0x1A13
mem[X,0x0000000080000476] -> 0x012A
[290] [M]: 0x0000000080000474 (0x012A1A13) slli s4, s4, 0x12
x20 <- 0x0000000000040000
mem[X,0x0000000080000478] -> 0x0EBB
mem[X,0x000000008000047A] -> 0x4147
[291] [M]: 0x0000000080000478 (0x41470EBB) subw t4, a4, s4
x29 <- 0x000000007FFC0000
mem[X,0x000000008000047C] -> 0xB823
mem[X,0x000000008000047E] -> 0x05D2
[292] [M]: 0x000000008000047C (0x05D2B823) sd t4, 0x50(t0)
mem[0x000000008000B1F8] <- 0x000000007FFC0000
mem[X,0x0000000080000480] -> 0x0E13
mem[X,0x0000000080000482] -> 0x0010
[293] [M]: 0x0000000080000480 (0x00100E13) addi t3, zero, 0x1
x28 <- 0x0000000000000001
mem[X,0x0000000080000484] -> 0x1E13
mem[X,0x0000000080000486] -> 0x01CE
[294] [M]: 0x0000000080000484 (0x01CE1E13) slli t3, t3, 0x1c
x28 <- 0x0000000010000000
mem[X,0x0000000080000488] -> 0x0F93
mem[X,0x000000008000048A] -> 0x0010
[295] [M]: 0x0000000080000488 (0x00100F93) addi t6, zero, 0x1
x31 <- 0x0000000000000001
mem[X,0x000000008000048C] -> 0x9F93
mem[X,0x000000008000048E] -> 0x013F
[296] [M]: 0x000000008000048C (0x013F9F93) slli t6, t6, 0x13
x31 <- 0x0000000000080000
mem[X,0x0000000080000490] -> 0x0BBB
mem[X,0x0000000080000492] -> 0x41FE
[297] [M]: 0x0000000080000490 (0x41FE0BBB) subw s7, t3, t6
x23 <- 0x000000000FF80000
mem[X,0x0000000080000494] -> 0xBC23
mem[X,0x0000000080000496] -> 0x0572
[298] [M]: 0x0000000080000494 (0x0572BC23) sd s7, 0x58(t0)
mem[0x000000008000B200] <- 0x000000000FF80000
mem[X,0x0000000080000498] -> 0x0493
mem[X,0x000000008000049A] -> 0x0010
[299] [M]: 0x0000000080000498 (0x00100493) addi s1, zero, 0x1
x9 <- 0x0000000000000001
clint::tick mtime <- 0x0000000000000003
 clint timer pending at mtime 0x0000000000000003
htif::tick 0x0000000000000000
mem[X,0x000000008000049C] -> 0x0993
mem[X,0x000000008000049E] -> 0x0010
[300] [M]: 0x000000008000049C (0x00100993) addi s3, zero, 0x1
x19 <- 0x0000000000000001
mem[X,0x00000000800004A0] -> 0x9993
mem[X,0x00000000800004A2] -> 0x0149
[301] [M]: 0x00000000800004A0 (0x01499993) slli s3, s3, 0x14
x19 <- 0x0000000000100000
mem[X,0x00000000800004A4] -> 0x8C3B
mem[X,0x00000000800004A6] -> 0x4134
[302] [M]: 0x00000000800004A4 (0x41348C3B) subw s8, s1, s3
x24 <- 0xFFFFFFFFFFF00001
mem[X,0x00000000800004A8] -> 0xB023
mem[X,0x00000000800004AA] -> 0x0782
[303] [M]: 0x00000000800004A8 (0x0782B023) sd s8, 0x60(t0)
mem[0x000000008000B208] <- 0xFFFFFFFFFFF00001
mem[X,0x00000000800004AC] -> 0x0213
mem[X,0x00000000800004AE] -> 0x0010
[304] [M]: 0x00000000800004AC (0x00100213) addi tp, zero, 0x1
x4 <- 0x0000000000000001
mem[X,0x00000000800004B0] -> 0x1213
mem[X,0x00000000800004B2] -> 0x02C2
[305] [M]: 0x00000000800004B0 (0x02C21213) slli tp, tp, 0x2c
x4 <- 0x0000100000000000
mem[X,0x00000000800004B4] -> 0x0113
mem[X,0x00000000800004B6] -> 0x0010
[306] [M]: 0x00000000800004B4 (0x00100113) addi sp, zero, 0x1
x2 <- 0x0000000000000001
mem[X,0x00000000800004B8] -> 0x1113
mem[X,0x00000000800004BA] -> 0x0151
[307] [M]: 0x00000000800004B8 (0x01511113) slli sp, sp, 0x15
x2 <- 0x0000000000200000
mem[X,0x00000000800004BC] -> 0x0DBB
mem[X,0x00000000800004BE] -> 0x4022
[308] [M]: 0x00000000800004BC (0x40220DBB) subw s11, tp, sp
x27 <- 0xFFFFFFFFFFE00000
mem[X,0x00000000800004C0] -> 0xB423
mem[X,0x00000000800004C2] -> 0x07B2
[309] [M]: 0x00000000800004C0 (0x07B2B423) sd s11, 0x68(t0)
mem[0x000000008000B210] <- 0xFFFFFFFFFFE00000
mem[X,0x00000000800004C4] -> 0x0513
mem[X,0x00000000800004C6] -> 0x0010
[310] [M]: 0x00000000800004C4 (0x00100513) addi a0, zero, 0x1
x10 <- 0x0000000000000001
mem[X,0x00000000800004C8] -> 0x1513
mem[X,0x00000000800004CA] -> 0x0125
[311] [M]: 0x00000000800004C8 (0x01251513) slli a0, a0, 0x12
x10 <- 0x0000000000040000
mem[X,0x00000000800004CC] -> 0x0593
mem[X,0x00000000800004CE] -> 0x0010
[312] [M]: 0x00000000800004CC (0x00100593) addi a1, zero, 0x1
x11 <- 0x0000000000000001
mem[X,0x00000000800004D0] -> 0x9593
mem[X,0x00000000800004D2] -> 0x0165
[313] [M]: 0x00000000800004D0 (0x01659593) slli a1, a1, 0x16
x11 <- 0x0000000000400000
mem[X,0x00000000800004D4] -> 0x063B
mem[X,0x00000000800004D6] -> 0x40B5
[314] [M]: 0x00000000800004D4 (0x40B5063B) subw a2, a0, a1
x12 <- 0xFFFFFFFFFFC40000
mem[X,0x00000000800004D8] -> 0xB823
mem[X,0x00000000800004DA] -> 0x06C2
[315] [M]: 0x00000000800004D8 (0x06C2B823) sd a2, 0x70(t0)
mem[0x000000008000B218] <- 0xFFFFFFFFFFC40000
mem[X,0x00000000800004DC] -> 0x0513
mem[X,0x00000000800004DE] -> 0xDFF0
[316] [M]: 0x00000000800004DC (0xDFF00513) addi a0, zero, -0x201
x10 <- 0xFFFFFFFFFFFFFDFF
mem[X,0x00000000800004E0] -> 0x0593
mem[X,0x00000000800004E2] -> 0x0010
[317] [M]: 0x00000000800004E0 (0x00100593) addi a1, zero, 0x1
x11 <- 0x0000000000000001
mem[X,0x00000000800004E4] -> 0x9593
mem[X,0x00000000800004E6] -> 0x0175
[318] [M]: 0x00000000800004E4 (0x01759593) slli a1, a1, 0x17
x11 <- 0x0000000000800000
mem[X,0x00000000800004E8] -> 0x063B
mem[X,0x00000000800004EA] -> 0x40B5
[319] [M]: 0x00000000800004E8 (0x40B5063B) subw a2, a0, a1
x12 <- 0xFFFFFFFFFF7FFDFF
mem[X,0x00000000800004EC] -> 0xBC23
mem[X,0x00000000800004EE] -> 0x06C2
[320] [M]: 0x00000000800004EC (0x06C2BC23) sd a2, 0x78(t0)
mem[0x000000008000B220] <- 0xFFFFFFFFFF7FFDFF
mem[X,0x00000000800004F0] -> 0x0513
mem[X,0x00000000800004F2] -> 0x0010
[321] [M]: 0x00000000800004F0 (0x00100513) addi a0, zero, 0x1
x10 <- 0x0000000000000001
mem[X,0x00000000800004F4] -> 0x1513
mem[X,0x00000000800004F6] -> 0x02F5
[322] [M]: 0x00000000800004F4 (0x02F51513) slli a0, a0, 0x2f
x10 <- 0x0000800000000000
mem[X,0x00000000800004F8] -> 0x0593
mem[X,0x00000000800004FA] -> 0x0010
[323] [M]: 0x00000000800004F8 (0x00100593) addi a1, zero, 0x1
x11 <- 0x0000000000000001
mem[X,0x00000000800004FC] -> 0x9593
mem[X,0x00000000800004FE] -> 0x0185
[324] [M]: 0x00000000800004FC (0x01859593) slli a1, a1, 0x18
x11 <- 0x0000000001000000
mem[X,0x0000000080000500] -> 0x063B
mem[X,0x0000000080000502] -> 0x40B5
[325] [M]: 0x0000000080000500 (0x40B5063B) subw a2, a0, a1
x12 <- 0xFFFFFFFFFF000000
mem[X,0x0000000080000504] -> 0xB023
mem[X,0x0000000080000506] -> 0x08C2
[326] [M]: 0x0000000080000504 (0x08C2B023) sd a2, 0x80(t0)
mem[0x000000008000B228] <- 0xFFFFFFFFFF000000
mem[X,0x0000000080000508] -> 0x0513
mem[X,0x000000008000050A] -> 0x0010
[327] [M]: 0x0000000080000508 (0x00100513) addi a0, zero, 0x1
x10 <- 0x0000000000000001
mem[X,0x000000008000050C] -> 0x1513
mem[X,0x000000008000050E] -> 0x01F5
[328] [M]: 0x000000008000050C (0x01F51513) slli a0, a0, 0x1f
x10 <- 0x0000000080000000
mem[X,0x0000000080000510] -> 0x4513
mem[X,0x0000000080000512] -> 0xFFF5
[329] [M]: 0x0000000080000510 (0xFFF54513) xori a0, a0, -0x1
x10 <- 0xFFFFFFFF7FFFFFFF
mem[X,0x0000000080000514] -> 0x0593
mem[X,0x0000000080000516] -> 0x0010
[330] [M]: 0x0000000080000514 (0x00100593) addi a1, zero, 0x1
x11 <- 0x0000000000000001
mem[X,0x0000000080000518] -> 0x9593
mem[X,0x000000008000051A] -> 0x0195
[331] [M]: 0x0000000080000518 (0x01959593) slli a1, a1, 0x19
x11 <- 0x0000000002000000
mem[X,0x000000008000051C] -> 0x063B
mem[X,0x000000008000051E] -> 0x40B5
[332] [M]: 0x000000008000051C (0x40B5063B) subw a2, a0, a1
x12 <- 0x000000007DFFFFFF
mem[X,0x0000000080000520] -> 0xB423
mem[X,0x0000000080000522] -> 0x08C2
[333] [M]: 0x0000000080000520 (0x08C2B423) sd a2, 0x88(t0)
mem[0x000000008000B230] <- 0x000000007DFFFFFF
mem[X,0x0000000080000524] -> 0x0513
mem[X,0x0000000080000526] -> 0xFF60
[334] [M]: 0x0000000080000524 (0xFF600513) addi a0, zero, -0xa
x10 <- 0xFFFFFFFFFFFFFFF6
mem[X,0x0000000080000528] -> 0x0593
mem[X,0x000000008000052A] -> 0x0010
[335] [M]: 0x0000000080000528 (0x00100593) addi a1, zero, 0x1
x11 <- 0x0000000000000001
mem[X,0x000000008000052C] -> 0x9593
mem[X,0x000000008000052E] -> 0x01A5
[336] [M]: 0x000000008000052C (0x01A59593) slli a1, a1, 0x1a
x11 <- 0x0000000004000000
mem[X,0x0000000080000530] -> 0x063B
mem[X,0x0000000080000532] -> 0x40B5
[337] [M]: 0x0000000080000530 (0x40B5063B) subw a2, a0, a1
x12 <- 0xFFFFFFFFFBFFFFF6
mem[X,0x0000000080000534] -> 0xB823
mem[X,0x0000000080000536] -> 0x08C2
[338] [M]: 0x0000000080000534 (0x08C2B823) sd a2, 0x90(t0)
mem[0x000000008000B238] <- 0xFFFFFFFFFBFFFFF6
mem[X,0x0000000080000538] -> 0x0513
mem[X,0x000000008000053A] -> 0x0010
[339] [M]: 0x0000000080000538 (0x00100513) addi a0, zero, 0x1
x10 <- 0x0000000000000001
mem[X,0x000000008000053C] -> 0x1513
mem[X,0x000000008000053E] -> 0x0255
[340] [M]: 0x000000008000053C (0x02551513) slli a0, a0, 0x25
x10 <- 0x0000002000000000
mem[X,0x0000000080000540] -> 0x4513
mem[X,0x0000000080000542] -> 0xFFF5
[341] [M]: 0x0000000080000540 (0xFFF54513) xori a0, a0, -0x1
x10 <- 0xFFFFFFDFFFFFFFFF
mem[X,0x0000000080000544] -> 0x0593
mem[X,0x0000000080000546] -> 0x0010
[342] [M]: 0x0000000080000544 (0x00100593) addi a1, zero, 0x1
x11 <- 0x0000000000000001
mem[X,0x0000000080000548] -> 0x9593
mem[X,0x000000008000054A] -> 0x01B5
[343] [M]: 0x0000000080000548 (0x01B59593) slli a1, a1, 0x1b
x11 <- 0x0000000008000000
mem[X,0x000000008000054C] -> 0x063B
mem[X,0x000000008000054E] -> 0x40B5
[344] [M]: 0x000000008000054C (0x40B5063B) subw a2, a0, a1
x12 <- 0xFFFFFFFFF7FFFFFF
mem[X,0x0000000080000550] -> 0xBC23
mem[X,0x0000000080000552] -> 0x08C2
[345] [M]: 0x0000000080000550 (0x08C2BC23) sd a2, 0x98(t0)
mem[0x000000008000B240] <- 0xFFFFFFFFF7FFFFFF
mem[X,0x0000000080000554] -> 0x0513
mem[X,0x0000000080000556] -> 0x0010
[346] [M]: 0x0000000080000554 (0x00100513) addi a0, zero, 0x1
x10 <- 0x0000000000000001
mem[X,0x0000000080000558] -> 0x1513
mem[X,0x000000008000055A] -> 0x0225
[347] [M]: 0x0000000080000558 (0x02251513) slli a0, a0, 0x22
x10 <- 0x0000000400000000
mem[X,0x000000008000055C] -> 0x4513
mem[X,0x000000008000055E] -> 0xFFF5
[348] [M]: 0x000000008000055C (0xFFF54513) xori a0, a0, -0x1
x10 <- 0xFFFFFFFBFFFFFFFF
mem[X,0x0000000080000560] -> 0x0593
mem[X,0x0000000080000562] -> 0x0010
[349] [M]: 0x0000000080000560 (0x00100593) addi a1, zero, 0x1
x11 <- 0x0000000000000001
mem[X,0x0000000080000564] -> 0x9593
mem[X,0x0000000080000566] -> 0x01C5
[350] [M]: 0x0000000080000564 (0x01C59593) slli a1, a1, 0x1c
x11 <- 0x0000000010000000
mem[X,0x0000000080000568] -> 0x063B
mem[X,0x000000008000056A] -> 0x40B5
[351] [M]: 0x0000000080000568 (0x40B5063B) subw a2, a0, a1
x12 <- 0xFFFFFFFFEFFFFFFF
mem[X,0x000000008000056C] -> 0xB023
mem[X,0x000000008000056E] -> 0x0AC2
[352] [M]: 0x000000008000056C (0x0AC2B023) sd a2, 0xa0(t0)
mem[0x000000008000B248] <- 0xFFFFFFFFEFFFFFFF
mem[X,0x0000000080000570] -> 0x0513
mem[X,0x0000000080000572] -> 0x0010
[353] [M]: 0x0000000080000570 (0x00100513) addi a0, zero, 0x1
x10 <- 0x0000000000000001
mem[X,0x0000000080000574] -> 0x1513
mem[X,0x0000000080000576] -> 0x0185
[354] [M]: 0x0000000080000574 (0x01851513) slli a0, a0, 0x18
x10 <- 0x0000000001000000
mem[X,0x0000000080000578] -> 0x0593
mem[X,0x000000008000057A] -> 0x0010
[355] [M]: 0x0000000080000578 (0x00100593) addi a1, zero, 0x1
x11 <- 0x0000000000000001
mem[X,0x000000008000057C] -> 0x9593
mem[X,0x000000008000057E] -> 0x01D5
[356] [M]: 0x000000008000057C (0x01D59593) slli a1, a1, 0x1d
x11 <- 0x0000000020000000
mem[X,0x0000000080000580] -> 0x063B
mem[X,0x0000000080000582] -> 0x40B5
[357] [M]: 0x0000000080000580 (0x40B5063B) subw a2, a0, a1
x12 <- 0xFFFFFFFFE1000000
mem[X,0x0000000080000584] -> 0xB423
mem[X,0x0000000080000586] -> 0x0AC2
[358] [M]: 0x0000000080000584 (0x0AC2B423) sd a2, 0xa8(t0)
mem[0x000000008000B250] <- 0xFFFFFFFFE1000000
mem[X,0x0000000080000588] -> 0x0513
mem[X,0x000000008000058A] -> 0x0000
[359] [M]: 0x0000000080000588 (0x00000513) addi a0, zero, 0x0
x10 <- 0x0000000000000000
mem[X,0x000000008000058C] -> 0x0593
mem[X,0x000000008000058E] -> 0x0010
[360] [M]: 0x000000008000058C (0x00100593) addi a1, zero, 0x1
x11 <- 0x0000000000000001
mem[X,0x0000000080000590] -> 0x9593
mem[X,0x0000000080000592] -> 0x01E5
[361] [M]: 0x0000000080000590 (0x01E59593) slli a1, a1, 0x1e
x11 <- 0x0000000040000000
mem[X,0x0000000080000594] -> 0x063B
mem[X,0x0000000080000596] -> 0x40B5
[362] [M]: 0x0000000080000594 (0x40B5063B) subw a2, a0, a1
x12 <- 0xFFFFFFFFC0000000
mem[X,0x0000000080000598] -> 0xB823
mem[X,0x000000008000059A] -> 0x0AC2
[363] [M]: 0x0000000080000598 (0x0AC2B823) sd a2, 0xb0(t0)
mem[0x000000008000B258] <- 0xFFFFFFFFC0000000
mem[X,0x000000008000059C] -> 0x0513
mem[X,0x000000008000059E] -> 0x0010
[364] [M]: 0x000000008000059C (0x00100513) addi a0, zero, 0x1
x10 <- 0x0000000000000001
mem[X,0x00000000800005A0] -> 0x1513
mem[X,0x00000000800005A2] -> 0x0135
[365] [M]: 0x00000000800005A0 (0x01351513) slli a0, a0, 0x13
x10 <- 0x0000000000080000
mem[X,0x00000000800005A4] -> 0x4513
mem[X,0x00000000800005A6] -> 0xFFF5
[366] [M]: 0x00000000800005A4 (0xFFF54513) xori a0, a0, -0x1
x10 <- 0xFFFFFFFFFFF7FFFF
mem[X,0x00000000800005A8] -> 0x0593
mem[X,0x00000000800005AA] -> 0x0010
[367] [M]: 0x00000000800005A8 (0x00100593) addi a1, zero, 0x1
x11 <- 0x0000000000000001
mem[X,0x00000000800005AC] -> 0x9593
mem[X,0x00000000800005AE] -> 0x01F5
[368] [M]: 0x00000000800005AC (0x01F59593) slli a1, a1, 0x1f
x11 <- 0x0000000080000000
mem[X,0x00000000800005B0] -> 0x063B
mem[X,0x00000000800005B2] -> 0x40B5
[369] [M]: 0x00000000800005B0 (0x40B5063B) subw a2, a0, a1
x12 <- 0x000000007FF7FFFF
mem[X,0x00000000800005B4] -> 0xBC23
mem[X,0x00000000800005B6] -> 0x0AC2
[370] [M]: 0x00000000800005B4 (0x0AC2BC23) sd a2, 0xb8(t0)
mem[0x000000008000B260] <- 0x000000007FF7FFFF
mem[X,0x00000000800005B8] -> 0x0537
mem[X,0x00000000800005BA] -> 0x0000
[371] [M]: 0x00000000800005B8 (0x00000537) lui a0, 0x0
x10 <- 0x0000000000000000
mem[X,0x00000000800005BC] -> 0x0513
mem[X,0x00000000800005BE] -> 0xFFF5
[372] [M]: 0x00000000800005BC (0xFFF50513) addi a0, a0, -0x1
x10 <- 0xFFFFFFFFFFFFFFFF
mem[X,0x00000000800005C0] -> 0x1513
mem[X,0x00000000800005C2] -> 0x00B5
[373] [M]: 0x00000000800005C0 (0x00B51513) slli a0, a0, 0xb
x10 <- 0xFFFFFFFFFFFFF800
mem[X,0x00000000800005C4] -> 0x0513
mem[X,0x00000000800005C6] -> 0x2575
[374] [M]: 0x00000000800005C4 (0x25750513) addi a0, a0, 0x257
x10 <- 0xFFFFFFFFFFFFFA57
mem[X,0x00000000800005C8] -> 0x1513
mem[X,0x00000000800005CA] -> 0x00B5
[375] [M]: 0x00000000800005C8 (0x00B51513) slli a0, a0, 0xb
x10 <- 0xFFFFFFFFFFD2B800
mem[X,0x00000000800005CC] -> 0x0513
mem[X,0x00000000800005CE] -> 0x6C35
[376] [M]: 0x00000000800005CC (0x6C350513) addi a0, a0, 0x6c3
x10 <- 0xFFFFFFFFFFD2BEC3
mem[X,0x00000000800005D0] -> 0x1513
mem[X,0x00000000800005D2] -> 0x00A5
[377] [M]: 0x00000000800005D0 (0x00A51513) slli a0, a0, 0xa
x10 <- 0xFFFFFFFF4AFB0C00
mem[X,0x00000000800005D4] -> 0x0513
mem[X,0x00000000800005D6] -> 0x0CD5
[378] [M]: 0x00000000800005D4 (0x0CD50513) addi a0, a0, 0xcd
x10 <- 0xFFFFFFFF4AFB0CCD
mem[X,0x00000000800005D8] -> 0x0593
mem[X,0x00000000800005DA] -> 0x0010
[379] [M]: 0x00000000800005D8 (0x00100593) addi a1, zero, 0x1
x11 <- 0x0000000000000001
mem[X,0x00000000800005DC] -> 0x9593
mem[X,0x00000000800005DE] -> 0x0205
[380] [M]: 0x00000000800005DC (0x02059593) slli a1, a1, 0x20
x11 <- 0x0000000100000000
mem[X,0x00000000800005E0] -> 0x063B
mem[X,0x00000000800005E2] -> 0x40B5
[381] [M]: 0x00000000800005E0 (0x40B5063B) subw a2, a0, a1
x12 <- 0x000000004AFB0CCD
mem[X,0x00000000800005E4] -> 0xB023
mem[X,0x00000000800005E6] -> 0x0CC2
[382] [M]: 0x00000000800005E4 (0x0CC2B023) sd a2, 0xc0(t0)
mem[0x000000008000B268] <- 0x000000004AFB0CCD
mem[X,0x00000000800005E8] -> 0x0513
mem[X,0x00000000800005EA] -> 0x0010
[383] [M]: 0x00000000800005E8 (0x00100513) addi a0, zero, 0x1
x10 <- 0x0000000000000001
mem[X,0x00000000800005EC] -> 0x1513
mem[X,0x00000000800005EE] -> 0x0225
[384] [M]: 0x00000000800005EC (0x02251513) slli a0, a0, 0x22
x10 <- 0x0000000400000000
mem[X,0x00000000800005F0] -> 0x0593
mem[X,0x00000000800005F2] -> 0x0010
[385] [M]: 0x00000000800005F0 (0x00100593) addi a1, zero, 0x1
x11 <- 0x0000000000000001
mem[X,0x00000000800005F4] -> 0x9593
mem[X,0x00000000800005F6] -> 0x0215
[386] [M]: 0x00000000800005F4 (0x02159593) slli a1, a1, 0x21
x11 <- 0x0000000200000000
mem[X,0x00000000800005F8] -> 0x063B
mem[X,0x00000000800005FA] -> 0x40B5
[387] [M]: 0x00000000800005F8 (0x40B5063B) subw a2, a0, a1
x12 <- 0x0000000000000000
mem[X,0x00000000800005FC] -> 0xB423
mem[X,0x00000000800005FE] -> 0x0CC2
[388] [M]: 0x00000000800005FC (0x0CC2B423) sd a2, 0xc8(t0)
mem[0x000000008000B270] <- 0x0000000000000000
mem[X,0x0000000080000600] -> 0x0513
mem[X,0x0000000080000602] -> 0x0010
[389] [M]: 0x0000000080000600 (0x00100513) addi a0, zero, 0x1
x10 <- 0x0000000000000001
mem[X,0x0000000080000604] -> 0x1513
mem[X,0x0000000080000606] -> 0x02E5
[390] [M]: 0x0000000080000604 (0x02E51513) slli a0, a0, 0x2e
x10 <- 0x0000400000000000
mem[X,0x0000000080000608] -> 0x0593
mem[X,0x000000008000060A] -> 0x0010
[391] [M]: 0x0000000080000608 (0x00100593) addi a1, zero, 0x1
x11 <- 0x0000000000000001
mem[X,0x000000008000060C] -> 0x9593
mem[X,0x000000008000060E] -> 0x0225
[392] [M]: 0x000000008000060C (0x02259593) slli a1, a1, 0x22
x11 <- 0x0000000400000000
mem[X,0x0000000080000610] -> 0x063B
mem[X,0x0000000080000612] -> 0x40B5
[393] [M]: 0x0000000080000610 (0x40B5063B) subw a2, a0, a1
x12 <- 0x0000000000000000
mem[X,0x0000000080000614] -> 0xB823
mem[X,0x0000000080000616] -> 0x0CC2
[394] [M]: 0x0000000080000614 (0x0CC2B823) sd a2, 0xd0(t0)
mem[0x000000008000B278] <- 0x0000000000000000
mem[X,0x0000000080000618] -> 0x0513
mem[X,0x000000008000061A] -> 0x0010
[395] [M]: 0x0000000080000618 (0x00100513) addi a0, zero, 0x1
x10 <- 0x0000000000000001
mem[X,0x000000008000061C] -> 0x1513
mem[X,0x000000008000061E] -> 0x0255
[396] [M]: 0x000000008000061C (0x02551513) slli a0, a0, 0x25
x10 <- 0x0000002000000000
mem[X,0x0000000080000620] -> 0x4513
mem[X,0x0000000080000622] -> 0xFFF5
[397] [M]: 0x0000000080000620 (0xFFF54513) xori a0, a0, -0x1
x10 <- 0xFFFFFFDFFFFFFFFF
mem[X,0x0000000080000624] -> 0x0593
mem[X,0x0000000080000626] -> 0x0010
[398] [M]: 0x0000000080000624 (0x00100593) addi a1, zero, 0x1
x11 <- 0x0000000000000001
mem[X,0x0000000080000628] -> 0x9593
mem[X,0x000000008000062A] -> 0x0235
[399] [M]: 0x0000000080000628 (0x02359593) slli a1, a1, 0x23
x11 <- 0x0000000800000000
clint::tick mtime <- 0x0000000000000004
 clint timer pending at mtime 0x0000000000000004
htif::tick 0x0000000000000000
mem[X,0x000000008000062C] -> 0x063B
mem[X,0x000000008000062E] -> 0x40B5
[400] [M]: 0x000000008000062C (0x40B5063B) subw a2, a0, a1
x12 <- 0xFFFFFFFFFFFFFFFF
mem[X,0x0000000080000630] -> 0xBC23
mem[X,0x0000000080000632] -> 0x0CC2
[401] [M]: 0x0000000080000630 (0x0CC2BC23) sd a2, 0xd8(t0)
mem[0x000000008000B280] <- 0xFFFFFFFFFFFFFFFF
mem[X,0x0000000080000634] -> 0x0513
mem[X,0x0000000080000636] -> 0x0010
[402] [M]: 0x0000000080000634 (0x00100513) addi a0, zero, 0x1
x10 <- 0x0000000000000001
mem[X,0x0000000080000638] -> 0x1513
mem[X,0x000000008000063A] -> 0x0395
[403] [M]: 0x0000000080000638 (0x03951513) slli a0, a0, 0x39
x10 <- 0x0200000000000000
mem[X,0x000000008000063C] -> 0x4513
mem[X,0x000000008000063E] -> 0xFFF5
[404] [M]: 0x000000008000063C (0xFFF54513) xori a0, a0, -0x1
x10 <- 0xFDFFFFFFFFFFFFFF
mem[X,0x0000000080000640] -> 0x0593
mem[X,0x0000000080000642] -> 0x0010
[405] [M]: 0x0000000080000640 (0x00100593) addi a1, zero, 0x1
x11 <- 0x0000000000000001
mem[X,0x0000000080000644] -> 0x9593
mem[X,0x0000000080000646] -> 0x0245
[406] [M]: 0x0000000080000644 (0x02459593) slli a1, a1, 0x24
x11 <- 0x0000001000000000
mem[X,0x0000000080000648] -> 0x063B
mem[X,0x000000008000064A] -> 0x40B5
[407] [M]: 0x0000000080000648 (0x40B5063B) subw a2, a0, a1
x12 <- 0xFFFFFFFFFFFFFFFF
mem[X,0x000000008000064C] -> 0xB023
mem[X,0x000000008000064E] -> 0x0EC2
[408] [M]: 0x000000008000064C (0x0EC2B023) sd a2, 0xe0(t0)
mem[0x000000008000B288] <- 0xFFFFFFFFFFFFFFFF
mem[X,0x0000000080000650] -> 0x0513
mem[X,0x0000000080000652] -> 0x0800
[409] [M]: 0x0000000080000650 (0x08000513) addi a0, zero, 0x80
x10 <- 0x0000000000000080
mem[X,0x0000000080000654] -> 0x0593
mem[X,0x0000000080000656] -> 0x0010
[410] [M]: 0x0000000080000654 (0x00100593) addi a1, zero, 0x1
x11 <- 0x0000000000000001
mem[X,0x0000000080000658] -> 0x9593
mem[X,0x000000008000065A] -> 0x0255
[411] [M]: 0x0000000080000658 (0x02559593) slli a1, a1, 0x25
x11 <- 0x0000002000000000
mem[X,0x000000008000065C] -> 0x063B
mem[X,0x000000008000065E] -> 0x40B5
[412] [M]: 0x000000008000065C (0x40B5063B) subw a2, a0, a1
x12 <- 0x0000000000000080
mem[X,0x0000000080000660] -> 0xB423
mem[X,0x0000000080000662] -> 0x0EC2
[413] [M]: 0x0000000080000660 (0x0EC2B423) sd a2, 0xe8(t0)
mem[0x000000008000B290] <- 0x0000000000000080
mem[X,0x0000000080000664] -> 0x0513
mem[X,0x0000000080000666] -> 0x0010
[414] [M]: 0x0000000080000664 (0x00100513) addi a0, zero, 0x1
x10 <- 0x0000000000000001
mem[X,0x0000000080000668] -> 0x1513
mem[X,0x000000008000066A] -> 0x0275
[415] [M]: 0x0000000080000668 (0x02751513) slli a0, a0, 0x27
x10 <- 0x0000008000000000
mem[X,0x000000008000066C] -> 0x0593
mem[X,0x000000008000066E] -> 0x0010
[416] [M]: 0x000000008000066C (0x00100593) addi a1, zero, 0x1
x11 <- 0x0000000000000001
mem[X,0x0000000080000670] -> 0x9593
mem[X,0x0000000080000672] -> 0x0265
[417] [M]: 0x0000000080000670 (0x02659593) slli a1, a1, 0x26
x11 <- 0x0000004000000000
mem[X,0x0000000080000674] -> 0x063B
mem[X,0x0000000080000676] -> 0x40B5
[418] [M]: 0x0000000080000674 (0x40B5063B) subw a2, a0, a1
x12 <- 0x0000000000000000
mem[X,0x0000000080000678] -> 0xB823
mem[X,0x000000008000067A] -> 0x0EC2
[419] [M]: 0x0000000080000678 (0x0EC2B823) sd a2, 0xf0(t0)
mem[0x000000008000B298] <- 0x0000000000000000
mem[X,0x000000008000067C] -> 0x0513
mem[X,0x000000008000067E] -> 0x0010
[420] [M]: 0x000000008000067C (0x00100513) addi a0, zero, 0x1
x10 <- 0x0000000000000001
mem[X,0x0000000080000680] -> 0x1513
mem[X,0x0000000080000682] -> 0x02C5
[421] [M]: 0x0000000080000680 (0x02C51513) slli a0, a0, 0x2c
x10 <- 0x0000100000000000
mem[X,0x0000000080000684] -> 0x0593
mem[X,0x0000000080000686] -> 0x0010
[422] [M]: 0x0000000080000684 (0x00100593) addi a1, zero, 0x1
x11 <- 0x0000000000000001
mem[X,0x0000000080000688] -> 0x9593
mem[X,0x000000008000068A] -> 0x0275
[423] [M]: 0x0000000080000688 (0x02759593) slli a1, a1, 0x27
x11 <- 0x0000008000000000
mem[X,0x000000008000068C] -> 0x063B
mem[X,0x000000008000068E] -> 0x40B5
[424] [M]: 0x000000008000068C (0x40B5063B) subw a2, a0, a1
x12 <- 0x0000000000000000
mem[X,0x0000000080000690] -> 0xBC23
mem[X,0x0000000080000692] -> 0x0EC2
[425] [M]: 0x0000000080000690 (0x0EC2BC23) sd a2, 0xf8(t0)
mem[0x000000008000B2A0] <- 0x0000000000000000
mem[X,0x0000000080000694] -> 0x0513
mem[X,0x0000000080000696] -> 0x0010
[426] [M]: 0x0000000080000694 (0x00100513) addi a0, zero, 0x1
x10 <- 0x0000000000000001
mem[X,0x0000000080000698] -> 0x1513
mem[X,0x000000008000069A] -> 0x02C5
[427] [M]: 0x0000000080000698 (0x02C51513) slli a0, a0, 0x2c
x10 <- 0x0000100000000000
mem[X,0x000000008000069C] -> 0x4513
mem[X,0x000000008000069E] -> 0xFFF5
[428] [M]: 0x000000008000069C (0xFFF54513) xori a0, a0, -0x1
x10 <- 0xFFFFEFFFFFFFFFFF
mem[X,0x00000000800006A0] -> 0x0593
mem[X,0x00000000800006A2] -> 0x0010
[429] [M]: 0x00000000800006A0 (0x00100593) addi a1, zero, 0x1
x11 <- 0x0000000000000001
mem[X,0x00000000800006A4] -> 0x9593
mem[X,0x00000000800006A6] -> 0x0285
[430] [M]: 0x00000000800006A4 (0x02859593) slli a1, a1, 0x28
x11 <- 0x0000010000000000
mem[X,0x00000000800006A8] -> 0x063B
mem[X,0x00000000800006AA] -> 0x40B5
[431] [M]: 0x00000000800006A8 (0x40B5063B) subw a2, a0, a1
x12 <- 0xFFFFFFFFFFFFFFFF
mem[X,0x00000000800006AC] -> 0xB023
mem[X,0x00000000800006AE] -> 0x10C2
[432] [M]: 0x00000000800006AC (0x10C2B023) sd a2, 0x100(t0)
mem[0x000000008000B2A8] <- 0xFFFFFFFFFFFFFFFF
mem[X,0x00000000800006B0] -> 0x6537
mem[X,0x00000000800006B2] -> 0x6666
[433] [M]: 0x00000000800006B0 (0x66666537) lui a0, 0x66666
x10 <- 0x0000000066666000
mem[X,0x00000000800006B4] -> 0x0513
mem[X,0x00000000800006B6] -> 0x6665
[434] [M]: 0x00000000800006B4 (0x66650513) addi a0, a0, 0x666
x10 <- 0x0000000066666666
mem[X,0x00000000800006B8] -> 0x1513
mem[X,0x00000000800006BA] -> 0x00B5
[435] [M]: 0x00000000800006B8 (0x00B51513) slli a0, a0, 0xb
x10 <- 0x0000033333333000
mem[X,0x00000000800006BC] -> 0x0513
mem[X,0x00000000800006BE] -> 0x3335
[436] [M]: 0x00000000800006BC (0x33350513) addi a0, a0, 0x333
x10 <- 0x0000033333333333
mem[X,0x00000000800006C0] -> 0x1513
mem[X,0x00000000800006C2] -> 0x00B5
[437] [M]: 0x00000000800006C0 (0x00B51513) slli a0, a0, 0xb
x10 <- 0x0019999999999800
mem[X,0x00000000800006C4] -> 0x0513
mem[X,0x00000000800006C6] -> 0x1995
[438] [M]: 0x00000000800006C4 (0x19950513) addi a0, a0, 0x199
x10 <- 0x0019999999999999
mem[X,0x00000000800006C8] -> 0x1513
mem[X,0x00000000800006CA] -> 0x00A5
[439] [M]: 0x00000000800006C8 (0x00A51513) slli a0, a0, 0xa
x10 <- 0x6666666666666400
mem[X,0x00000000800006CC] -> 0x0513
mem[X,0x00000000800006CE] -> 0x2665
[440] [M]: 0x00000000800006CC (0x26650513) addi a0, a0, 0x266
x10 <- 0x6666666666666666
mem[X,0x00000000800006D0] -> 0x0593
mem[X,0x00000000800006D2] -> 0x0010
[441] [M]: 0x00000000800006D0 (0x00100593) addi a1, zero, 0x1
x11 <- 0x0000000000000001
mem[X,0x00000000800006D4] -> 0x9593
mem[X,0x00000000800006D6] -> 0x0295
[442] [M]: 0x00000000800006D4 (0x02959593) slli a1, a1, 0x29
x11 <- 0x0000020000000000
mem[X,0x00000000800006D8] -> 0x063B
mem[X,0x00000000800006DA] -> 0x40B5
[443] [M]: 0x00000000800006D8 (0x40B5063B) subw a2, a0, a1
x12 <- 0x0000000066666666
mem[X,0x00000000800006DC] -> 0xB423
mem[X,0x00000000800006DE] -> 0x10C2
[444] [M]: 0x00000000800006DC (0x10C2B423) sd a2, 0x108(t0)
mem[0x000000008000B2B0] <- 0x0000000066666666
mem[X,0x00000000800006E0] -> 0x0513
mem[X,0x00000000800006E2] -> 0x0010
[445] [M]: 0x00000000800006E0 (0x00100513) addi a0, zero, 0x1
x10 <- 0x0000000000000001
mem[X,0x00000000800006E4] -> 0x1513
mem[X,0x00000000800006E6] -> 0x01F5
[446] [M]: 0x00000000800006E4 (0x01F51513) slli a0, a0, 0x1f
x10 <- 0x0000000080000000
mem[X,0x00000000800006E8] -> 0x0593
mem[X,0x00000000800006EA] -> 0x0010
[447] [M]: 0x00000000800006E8 (0x00100593) addi a1, zero, 0x1
x11 <- 0x0000000000000001
mem[X,0x00000000800006EC] -> 0x9593
mem[X,0x00000000800006EE] -> 0x02A5
[448] [M]: 0x00000000800006EC (0x02A59593) slli a1, a1, 0x2a
x11 <- 0x0000040000000000
mem[X,0x00000000800006F0] -> 0x063B
mem[X,0x00000000800006F2] -> 0x40B5
[449] [M]: 0x00000000800006F0 (0x40B5063B) subw a2, a0, a1
x12 <- 0xFFFFFFFF80000000
mem[X,0x00000000800006F4] -> 0xB823
mem[X,0x00000000800006F6] -> 0x10C2
[450] [M]: 0x00000000800006F4 (0x10C2B823) sd a2, 0x110(t0)
mem[0x000000008000B2B8] <- 0xFFFFFFFF80000000
mem[X,0x00000000800006F8] -> 0x0513
mem[X,0x00000000800006FA] -> 0x0020
[451] [M]: 0x00000000800006F8 (0x00200513) addi a0, zero, 0x2
x10 <- 0x0000000000000002
mem[X,0x00000000800006FC] -> 0x0593
mem[X,0x00000000800006FE] -> 0x0010
[452] [M]: 0x00000000800006FC (0x00100593) addi a1, zero, 0x1
x11 <- 0x0000000000000001
mem[X,0x0000000080000700] -> 0x9593
mem[X,0x0000000080000702] -> 0x02B5
[453] [M]: 0x0000000080000700 (0x02B59593) slli a1, a1, 0x2b
x11 <- 0x0000080000000000
mem[X,0x0000000080000704] -> 0x063B
mem[X,0x0000000080000706] -> 0x40B5
[454] [M]: 0x0000000080000704 (0x40B5063B) subw a2, a0, a1
x12 <- 0x0000000000000002
mem[X,0x0000000080000708] -> 0xBC23
mem[X,0x000000008000070A] -> 0x10C2
[455] [M]: 0x0000000080000708 (0x10C2BC23) sd a2, 0x118(t0)
mem[0x000000008000B2C0] <- 0x0000000000000002
mem[X,0x000000008000070C] -> 0x0513
mem[X,0x000000008000070E] -> 0x0010
[456] [M]: 0x000000008000070C (0x00100513) addi a0, zero, 0x1
x10 <- 0x0000000000000001
mem[X,0x0000000080000710] -> 0x1513
mem[X,0x0000000080000712] -> 0x00B5
[457] [M]: 0x0000000080000710 (0x00B51513) slli a0, a0, 0xb
x10 <- 0x0000000000000800
mem[X,0x0000000080000714] -> 0x4513
mem[X,0x0000000080000716] -> 0xFFF5
[458] [M]: 0x0000000080000714 (0xFFF54513) xori a0, a0, -0x1
x10 <- 0xFFFFFFFFFFFFF7FF
mem[X,0x0000000080000718] -> 0x0593
mem[X,0x000000008000071A] -> 0x0010
[459] [M]: 0x0000000080000718 (0x00100593) addi a1, zero, 0x1
x11 <- 0x0000000000000001
mem[X,0x000000008000071C] -> 0x9593
mem[X,0x000000008000071E] -> 0x02C5
[460] [M]: 0x000000008000071C (0x02C59593) slli a1, a1, 0x2c
x11 <- 0x0000100000000000
mem[X,0x0000000080000720] -> 0x063B
mem[X,0x0000000080000722] -> 0x40B5
[461] [M]: 0x0000000080000720 (0x40B5063B) subw a2, a0, a1
x12 <- 0xFFFFFFFFFFFFF7FF
mem[X,0x0000000080000724] -> 0xB023
mem[X,0x0000000080000726] -> 0x12C2
[462] [M]: 0x0000000080000724 (0x12C2B023) sd a2, 0x120(t0)
mem[0x000000008000B2C8] <- 0xFFFFFFFFFFFFF7FF
mem[X,0x0000000080000728] -> 0x0513
mem[X,0x000000008000072A] -> 0x0040
[463] [M]: 0x0000000080000728 (0x00400513) addi a0, zero, 0x4
x10 <- 0x0000000000000004
mem[X,0x000000008000072C] -> 0x0593
mem[X,0x000000008000072E] -> 0x0010
[464] [M]: 0x000000008000072C (0x00100593) addi a1, zero, 0x1
x11 <- 0x0000000000000001
mem[X,0x0000000080000730] -> 0x9593
mem[X,0x0000000080000732] -> 0x02D5
[465] [M]: 0x0000000080000730 (0x02D59593) slli a1, a1, 0x2d
x11 <- 0x0000200000000000
mem[X,0x0000000080000734] -> 0x063B
mem[X,0x0000000080000736] -> 0x40B5
[466] [M]: 0x0000000080000734 (0x40B5063B) subw a2, a0, a1
x12 <- 0x0000000000000004
mem[X,0x0000000080000738] -> 0xB423
mem[X,0x000000008000073A] -> 0x12C2
[467] [M]: 0x0000000080000738 (0x12C2B423) sd a2, 0x128(t0)
mem[0x000000008000B2D0] <- 0x0000000000000004
mem[X,0x000000008000073C] -> 0x0537
mem[X,0x000000008000073E] -> 0x0000
[468] [M]: 0x000000008000073C (0x00000537) lui a0, 0x0
x10 <- 0x0000000000000000
mem[X,0x0000000080000740] -> 0x0513
mem[X,0x0000000080000742] -> 0x0005
[469] [M]: 0x0000000080000740 (0x00050513) addi a0, a0, 0x0
x10 <- 0x0000000000000000
mem[X,0x0000000080000744] -> 0x1513
mem[X,0x0000000080000746] -> 0x00B5
[470] [M]: 0x0000000080000744 (0x00B51513) slli a0, a0, 0xb
x10 <- 0x0000000000000000
mem[X,0x0000000080000748] -> 0x0513
mem[X,0x000000008000074A] -> 0x5A85
[471] [M]: 0x0000000080000748 (0x5A850513) addi a0, a0, 0x5a8
x10 <- 0x00000000000005A8
mem[X,0x000000008000074C] -> 0x1513
mem[X,0x000000008000074E] -> 0x00B5
[472] [M]: 0x000000008000074C (0x00B51513) slli a0, a0, 0xb
x10 <- 0x00000000002D4000
mem[X,0x0000000080000750] -> 0x0513
mem[X,0x0000000080000752] -> 0x13C5
[473] [M]: 0x0000000080000750 (0x13C50513) addi a0, a0, 0x13c
x10 <- 0x00000000002D413C
mem[X,0x0000000080000754] -> 0x1513
mem[X,0x0000000080000756] -> 0x00A5
[474] [M]: 0x0000000080000754 (0x00A51513) slli a0, a0, 0xa
x10 <- 0x00000000B504F000
mem[X,0x0000000080000758] -> 0x0513
mem[X,0x000000008000075A] -> 0x3325
[475] [M]: 0x0000000080000758 (0x33250513) addi a0, a0, 0x332
x10 <- 0x00000000B504F332
mem[X,0x000000008000075C] -> 0x0593
mem[X,0x000000008000075E] -> 0x0010
[476] [M]: 0x000000008000075C (0x00100593) addi a1, zero, 0x1
x11 <- 0x0000000000000001
mem[X,0x0000000080000760] -> 0x9593
mem[X,0x0000000080000762] -> 0x02E5
[477] [M]: 0x0000000080000760 (0x02E59593) slli a1, a1, 0x2e
x11 <- 0x0000400000000000
mem[X,0x0000000080000764] -> 0x063B
mem[X,0x0000000080000766] -> 0x40B5
[478] [M]: 0x0000000080000764 (0x40B5063B) subw a2, a0, a1
x12 <- 0xFFFFFFFFB504F332
mem[X,0x0000000080000768] -> 0xB823
mem[X,0x000000008000076A] -> 0x12C2
[479] [M]: 0x0000000080000768 (0x12C2B823) sd a2, 0x130(t0)
mem[0x000000008000B2D8] <- 0xFFFFFFFFB504F332
mem[X,0x000000008000076C] -> 0x0513
mem[X,0x000000008000076E] -> 0xDFF0
[480] [M]: 0x000000008000076C (0xDFF00513) addi a0, zero, -0x201
x10 <- 0xFFFFFFFFFFFFFDFF
mem[X,0x0000000080000770] -> 0x0593
mem[X,0x0000000080000772] -> 0x0010
[481] [M]: 0x0000000080000770 (0x00100593) addi a1, zero, 0x1
x11 <- 0x0000000000000001
mem[X,0x0000000080000774] -> 0x9593
mem[X,0x0000000080000776] -> 0x02F5
[482] [M]: 0x0000000080000774 (0x02F59593) slli a1, a1, 0x2f
x11 <- 0x0000800000000000
mem[X,0x0000000080000778] -> 0x063B
mem[X,0x000000008000077A] -> 0x40B5
[483] [M]: 0x0000000080000778 (0x40B5063B) subw a2, a0, a1
x12 <- 0xFFFFFFFFFFFFFDFF
mem[X,0x000000008000077C] -> 0xBC23
mem[X,0x000000008000077E] -> 0x12C2
[484] [M]: 0x000000008000077C (0x12C2BC23) sd a2, 0x138(t0)
mem[0x000000008000B2E0] <- 0xFFFFFFFFFFFFFDFF
mem[X,0x0000000080000780] -> 0x0513
mem[X,0x0000000080000782] -> 0x0010
[485] [M]: 0x0000000080000780 (0x00100513) addi a0, zero, 0x1
x10 <- 0x0000000000000001
mem[X,0x0000000080000784] -> 0x1513
mem[X,0x0000000080000786] -> 0x0295
[486] [M]: 0x0000000080000784 (0x02951513) slli a0, a0, 0x29
x10 <- 0x0000020000000000
mem[X,0x0000000080000788] -> 0x0593
mem[X,0x000000008000078A] -> 0x0010
[487] [M]: 0x0000000080000788 (0x00100593) addi a1, zero, 0x1
x11 <- 0x0000000000000001
mem[X,0x000000008000078C] -> 0x9593
mem[X,0x000000008000078E] -> 0x0305
[488] [M]: 0x000000008000078C (0x03059593) slli a1, a1, 0x30
x11 <- 0x0001000000000000
mem[X,0x0000000080000790] -> 0x063B
mem[X,0x0000000080000792] -> 0x40B5
[489] [M]: 0x0000000080000790 (0x40B5063B) subw a2, a0, a1
x12 <- 0x0000000000000000
mem[X,0x0000000080000794] -> 0xB023
mem[X,0x0000000080000796] -> 0x14C2
[490] [M]: 0x0000000080000794 (0x14C2B023) sd a2, 0x140(t0)
mem[0x000000008000B2E8] <- 0x0000000000000000
mem[X,0x0000000080000798] -> 0x0513
mem[X,0x000000008000079A] -> 0x0010
[491] [M]: 0x0000000080000798 (0x00100513) addi a0, zero, 0x1
x10 <- 0x0000000000000001
mem[X,0x000000008000079C] -> 0x1513
mem[X,0x000000008000079E] -> 0x0325
[492] [M]: 0x000000008000079C (0x03251513) slli a0, a0, 0x32
x10 <- 0x0004000000000000
mem[X,0x00000000800007A0] -> 0x4513
mem[X,0x00000000800007A2] -> 0xFFF5
[493] [M]: 0x00000000800007A0 (0xFFF54513) xori a0, a0, -0x1
x10 <- 0xFFFBFFFFFFFFFFFF
mem[X,0x00000000800007A4] -> 0x0593
mem[X,0x00000000800007A6] -> 0x0010
[494] [M]: 0x00000000800007A4 (0x00100593) addi a1, zero, 0x1
x11 <- 0x0000000000000001
mem[X,0x00000000800007A8] -> 0x9593
mem[X,0x00000000800007AA] -> 0x0325
[495] [M]: 0x00000000800007A8 (0x03259593) slli a1, a1, 0x32
x11 <- 0x0004000000000000
mem[X,0x00000000800007AC] -> 0x063B
mem[X,0x00000000800007AE] -> 0x40B5
[496] [M]: 0x00000000800007AC (0x40B5063B) subw a2, a0, a1
x12 <- 0xFFFFFFFFFFFFFFFF
mem[X,0x00000000800007B0] -> 0xB423
mem[X,0x00000000800007B2] -> 0x14C2
[497] [M]: 0x00000000800007B0 (0x14C2B423) sd a2, 0x148(t0)
mem[0x000000008000B2F0] <- 0xFFFFFFFFFFFFFFFF
mem[X,0x00000000800007B4] -> 0x0513
mem[X,0x00000000800007B6] -> 0x2000
[498] [M]: 0x00000000800007B4 (0x20000513) addi a0, zero, 0x200
x10 <- 0x0000000000000200
mem[X,0x00000000800007B8] -> 0x0593
mem[X,0x00000000800007BA] -> 0x0010
[499] [M]: 0x00000000800007B8 (0x00100593) addi a1, zero, 0x1
x11 <- 0x0000000000000001
clint::tick mtime <- 0x0000000000000005
 clint timer pending at mtime 0x0000000000000005
htif::tick 0x0000000000000000
mem[X,0x00000000800007BC] -> 0x9593
mem[X,0x00000000800007BE] -> 0x0335
[500] [M]: 0x00000000800007BC (0x03359593) slli a1, a1, 0x33
x11 <- 0x0008000000000000
mem[X,0x00000000800007C0] -> 0x063B
mem[X,0x00000000800007C2] -> 0x40B5
[501] [M]: 0x00000000800007C0 (0x40B5063B) subw a2, a0, a1
x12 <- 0x0000000000000200
mem[X,0x00000000800007C4] -> 0xB823
mem[X,0x00000000800007C6] -> 0x14C2
[502] [M]: 0x00000000800007C4 (0x14C2B823) sd a2, 0x150(t0)
mem[0x000000008000B2F8] <- 0x0000000000000200
mem[X,0x00000000800007C8] -> 0x0513
mem[X,0x00000000800007CA] -> 0x0010
[503] [M]: 0x00000000800007C8 (0x00100513) addi a0, zero, 0x1
x10 <- 0x0000000000000001
mem[X,0x00000000800007CC] -> 0x1513
mem[X,0x00000000800007CE] -> 0x0205
[504] [M]: 0x00000000800007CC (0x02051513) slli a0, a0, 0x20
x10 <- 0x0000000100000000
mem[X,0x00000000800007D0] -> 0x0593
mem[X,0x00000000800007D2] -> 0x0010
[505] [M]: 0x00000000800007D0 (0x00100593) addi a1, zero, 0x1
x11 <- 0x0000000000000001
mem[X,0x00000000800007D4] -> 0x9593
mem[X,0x00000000800007D6] -> 0x0355
[506] [M]: 0x00000000800007D4 (0x03559593) slli a1, a1, 0x35
x11 <- 0x0020000000000000
mem[X,0x00000000800007D8] -> 0x063B
mem[X,0x00000000800007DA] -> 0x40B5
[507] [M]: 0x00000000800007D8 (0x40B5063B) subw a2, a0, a1
x12 <- 0x0000000000000000
mem[X,0x00000000800007DC] -> 0xBC23
mem[X,0x00000000800007DE] -> 0x14C2
[508] [M]: 0x00000000800007DC (0x14C2BC23) sd a2, 0x158(t0)
mem[0x000000008000B300] <- 0x0000000000000000
mem[X,0x00000000800007E0] -> 0x0513
mem[X,0x00000000800007E2] -> 0x0080
[509] [M]: 0x00000000800007E0 (0x00800513) addi a0, zero, 0x8
x10 <- 0x0000000000000008
mem[X,0x00000000800007E4] -> 0x0593
mem[X,0x00000000800007E6] -> 0x0010
[510] [M]: 0x00000000800007E4 (0x00100593) addi a1, zero, 0x1
x11 <- 0x0000000000000001
mem[X,0x00000000800007E8] -> 0x9593
mem[X,0x00000000800007EA] -> 0x0365
[511] [M]: 0x00000000800007E8 (0x03659593) slli a1, a1, 0x36
x11 <- 0x0040000000000000
mem[X,0x00000000800007EC] -> 0x063B
mem[X,0x00000000800007EE] -> 0x40B5
[512] [M]: 0x00000000800007EC (0x40B5063B) subw a2, a0, a1
x12 <- 0x0000000000000008
mem[X,0x00000000800007F0] -> 0xB023
mem[X,0x00000000800007F2] -> 0x16C2
[513] [M]: 0x00000000800007F0 (0x16C2B023) sd a2, 0x160(t0)
mem[0x000000008000B308] <- 0x0000000000000008
mem[X,0x00000000800007F4] -> 0x0537
mem[X,0x00000000800007F6] -> 0x0000
[514] [M]: 0x00000000800007F4 (0x00000537) lui a0, 0x0
x10 <- 0x0000000000000000
mem[X,0x00000000800007F8] -> 0x0513
mem[X,0x00000000800007FA] -> 0xFFF5
[515] [M]: 0x00000000800007F8 (0xFFF50513) addi a0, a0, -0x1
x10 <- 0xFFFFFFFFFFFFFFFF
mem[X,0x00000000800007FC] -> 0x1513
mem[X,0x00000000800007FE] -> 0x00B5
[516] [M]: 0x00000000800007FC (0x00B51513) slli a0, a0, 0xb
x10 <- 0xFFFFFFFFFFFFF800
mem[X,0x0000000080000800] -> 0x0513
mem[X,0x0000000080000802] -> 0x2575
[517] [M]: 0x0000000080000800 (0x25750513) addi a0, a0, 0x257
x10 <- 0xFFFFFFFFFFFFFA57
mem[X,0x0000000080000804] -> 0x1513
mem[X,0x0000000080000806] -> 0x00B5
[518] [M]: 0x0000000080000804 (0x00B51513) slli a0, a0, 0xb
x10 <- 0xFFFFFFFFFFD2B800
mem[X,0x0000000080000808] -> 0x0513
mem[X,0x000000008000080A] -> 0x6C35
[519] [M]: 0x0000000080000808 (0x6C350513) addi a0, a0, 0x6c3
x10 <- 0xFFFFFFFFFFD2BEC3
mem[X,0x000000008000080C] -> 0x1513
mem[X,0x000000008000080E] -> 0x00A5
[520] [M]: 0x000000008000080C (0x00A51513) slli a0, a0, 0xa
x10 <- 0xFFFFFFFF4AFB0C00
mem[X,0x0000000080000810] -> 0x0513
mem[X,0x0000000080000812] -> 0x0CD5
[521] [M]: 0x0000000080000810 (0x0CD50513) addi a0, a0, 0xcd
x10 <- 0xFFFFFFFF4AFB0CCD
mem[X,0x0000000080000814] -> 0x0593
mem[X,0x0000000080000816] -> 0x0010
[522] [M]: 0x0000000080000814 (0x00100593) addi a1, zero, 0x1
x11 <- 0x0000000000000001
mem[X,0x0000000080000818] -> 0x9593
mem[X,0x000000008000081A] -> 0x0375
[523] [M]: 0x0000000080000818 (0x03759593) slli a1, a1, 0x37
x11 <- 0x0080000000000000
mem[X,0x000000008000081C] -> 0x063B
mem[X,0x000000008000081E] -> 0x40B5
[524] [M]: 0x000000008000081C (0x40B5063B) subw a2, a0, a1
x12 <- 0x000000004AFB0CCD
mem[X,0x0000000080000820] -> 0xB423
mem[X,0x0000000080000822] -> 0x16C2
[525] [M]: 0x0000000080000820 (0x16C2B423) sd a2, 0x168(t0)
mem[0x000000008000B310] <- 0x000000004AFB0CCD
mem[X,0x0000000080000824] -> 0x0513
mem[X,0x0000000080000826] -> 0x0010
[526] [M]: 0x0000000080000824 (0x00100513) addi a0, zero, 0x1
x10 <- 0x0000000000000001
mem[X,0x0000000080000828] -> 0x1513
mem[X,0x000000008000082A] -> 0x03E5
[527] [M]: 0x0000000080000828 (0x03E51513) slli a0, a0, 0x3e
x10 <- 0x4000000000000000
mem[X,0x000000008000082C] -> 0x0593
mem[X,0x000000008000082E] -> 0x0010
[528] [M]: 0x000000008000082C (0x00100593) addi a1, zero, 0x1
x11 <- 0x0000000000000001
mem[X,0x0000000080000830] -> 0x9593
mem[X,0x0000000080000832] -> 0x0385
[529] [M]: 0x0000000080000830 (0x03859593) slli a1, a1, 0x38
x11 <- 0x0100000000000000
mem[X,0x0000000080000834] -> 0x063B
mem[X,0x0000000080000836] -> 0x40B5
[530] [M]: 0x0000000080000834 (0x40B5063B) subw a2, a0, a1
x12 <- 0x0000000000000000
mem[X,0x0000000080000838] -> 0xB823
mem[X,0x000000008000083A] -> 0x16C2
[531] [M]: 0x0000000080000838 (0x16C2B823) sd a2, 0x170(t0)
mem[0x000000008000B318] <- 0x0000000000000000
mem[X,0x000000008000083C] -> 0x5537
mem[X,0x000000008000083E] -> 0x5555
[532] [M]: 0x000000008000083C (0x55555537) lui a0, 0x55555
x10 <- 0x0000000055555000
mem[X,0x0000000080000840] -> 0x0513
mem[X,0x0000000080000842] -> 0x5555
[533] [M]: 0x0000000080000840 (0x55550513) addi a0, a0, 0x555
x10 <- 0x0000000055555555
mem[X,0x0000000080000844] -> 0x1513
mem[X,0x0000000080000846] -> 0x00B5
[534] [M]: 0x0000000080000844 (0x00B51513) slli a0, a0, 0xb
x10 <- 0x000002AAAAAAA800
mem[X,0x0000000080000848] -> 0x0513
mem[X,0x000000008000084A] -> 0x2AA5
[535] [M]: 0x0000000080000848 (0x2AA50513) addi a0, a0, 0x2aa
x10 <- 0x000002AAAAAAAAAA
mem[X,0x000000008000084C] -> 0x1513
mem[X,0x000000008000084E] -> 0x00B5
[536] [M]: 0x000000008000084C (0x00B51513) slli a0, a0, 0xb
x10 <- 0x0015555555555000
mem[X,0x0000000080000850] -> 0x0513
mem[X,0x0000000080000852] -> 0x5555
[537] [M]: 0x0000000080000850 (0x55550513) addi a0, a0, 0x555
x10 <- 0x0015555555555555
mem[X,0x0000000080000854] -> 0x1513
mem[X,0x0000000080000856] -> 0x00A5
[538] [M]: 0x0000000080000854 (0x00A51513) slli a0, a0, 0xa
x10 <- 0x5555555555555400
mem[X,0x0000000080000858] -> 0x0513
mem[X,0x000000008000085A] -> 0x1555
[539] [M]: 0x0000000080000858 (0x15550513) addi a0, a0, 0x155
x10 <- 0x5555555555555555
mem[X,0x000000008000085C] -> 0x0593
mem[X,0x000000008000085E] -> 0x0010
[540] [M]: 0x000000008000085C (0x00100593) addi a1, zero, 0x1
x11 <- 0x0000000000000001
mem[X,0x0000000080000860] -> 0x9593
mem[X,0x0000000080000862] -> 0x0395
[541] [M]: 0x0000000080000860 (0x03959593) slli a1, a1, 0x39
x11 <- 0x0200000000000000
mem[X,0x0000000080000864] -> 0x063B
mem[X,0x0000000080000866] -> 0x40B5
[542] [M]: 0x0000000080000864 (0x40B5063B) subw a2, a0, a1
x12 <- 0x0000000055555555
mem[X,0x0000000080000868] -> 0xBC23
mem[X,0x000000008000086A] -> 0x16C2
[543] [M]: 0x0000000080000868 (0x16C2BC23) sd a2, 0x178(t0)
mem[0x000000008000B320] <- 0x0000000055555555
mem[X,0x000000008000086C] -> 0x0513
mem[X,0x000000008000086E] -> 0x0060
[544] [M]: 0x000000008000086C (0x00600513) addi a0, zero, 0x6
x10 <- 0x0000000000000006
mem[X,0x0000000080000870] -> 0x0593
mem[X,0x0000000080000872] -> 0x0010
[545] [M]: 0x0000000080000870 (0x00100593) addi a1, zero, 0x1
x11 <- 0x0000000000000001
mem[X,0x0000000080000874] -> 0x9593
mem[X,0x0000000080000876] -> 0x03A5
[546] [M]: 0x0000000080000874 (0x03A59593) slli a1, a1, 0x3a
x11 <- 0x0400000000000000
mem[X,0x0000000080000878] -> 0x063B
mem[X,0x000000008000087A] -> 0x40B5
[547] [M]: 0x0000000080000878 (0x40B5063B) subw a2, a0, a1
x12 <- 0x0000000000000006
mem[X,0x000000008000087C] -> 0xB023
mem[X,0x000000008000087E] -> 0x18C2
[548] [M]: 0x000000008000087C (0x18C2B023) sd a2, 0x180(t0)
mem[0x000000008000B328] <- 0x0000000000000006
mem[X,0x0000000080000880] -> 0x0513
mem[X,0x0000000080000882] -> 0x0010
[549] [M]: 0x0000000080000880 (0x00100513) addi a0, zero, 0x1
x10 <- 0x0000000000000001
mem[X,0x0000000080000884] -> 0x1513
mem[X,0x0000000080000886] -> 0x0195
[550] [M]: 0x0000000080000884 (0x01951513) slli a0, a0, 0x19
x10 <- 0x0000000002000000
mem[X,0x0000000080000888] -> 0x0593
mem[X,0x000000008000088A] -> 0x0010
[551] [M]: 0x0000000080000888 (0x00100593) addi a1, zero, 0x1
x11 <- 0x0000000000000001
mem[X,0x000000008000088C] -> 0x9593
mem[X,0x000000008000088E] -> 0x03B5
[552] [M]: 0x000000008000088C (0x03B59593) slli a1, a1, 0x3b
x11 <- 0x0800000000000000
mem[X,0x0000000080000890] -> 0x063B
mem[X,0x0000000080000892] -> 0x40B5
[553] [M]: 0x0000000080000890 (0x40B5063B) subw a2, a0, a1
x12 <- 0x0000000002000000
mem[X,0x0000000080000894] -> 0xB423
mem[X,0x0000000080000896] -> 0x18C2
[554] [M]: 0x0000000080000894 (0x18C2B423) sd a2, 0x188(t0)
mem[0x000000008000B330] <- 0x0000000002000000
mem[X,0x0000000080000898] -> 0x0513
mem[X,0x000000008000089A] -> 0x0100
[555] [M]: 0x0000000080000898 (0x01000513) addi a0, zero, 0x10
x10 <- 0x0000000000000010
mem[X,0x000000008000089C] -> 0x0593
mem[X,0x000000008000089E] -> 0x0010
[556] [M]: 0x000000008000089C (0x00100593) addi a1, zero, 0x1
x11 <- 0x0000000000000001
mem[X,0x00000000800008A0] -> 0x9593
mem[X,0x00000000800008A2] -> 0x03C5
[557] [M]: 0x00000000800008A0 (0x03C59593) slli a1, a1, 0x3c
x11 <- 0x1000000000000000
mem[X,0x00000000800008A4] -> 0x063B
mem[X,0x00000000800008A6] -> 0x40B5
[558] [M]: 0x00000000800008A4 (0x40B5063B) subw a2, a0, a1
x12 <- 0x0000000000000010
mem[X,0x00000000800008A8] -> 0xB823
mem[X,0x00000000800008AA] -> 0x18C2
[559] [M]: 0x00000000800008A8 (0x18C2B823) sd a2, 0x190(t0)
mem[0x000000008000B338] <- 0x0000000000000010
mem[X,0x00000000800008AC] -> 0x0513
mem[X,0x00000000800008AE] -> 0x0010
[560] [M]: 0x00000000800008AC (0x00100513) addi a0, zero, 0x1
x10 <- 0x0000000000000001
mem[X,0x00000000800008B0] -> 0x1513
mem[X,0x00000000800008B2] -> 0x02F5
[561] [M]: 0x00000000800008B0 (0x02F51513) slli a0, a0, 0x2f
x10 <- 0x0000800000000000
mem[X,0x00000000800008B4] -> 0x4513
mem[X,0x00000000800008B6] -> 0xFFF5
[562] [M]: 0x00000000800008B4 (0xFFF54513) xori a0, a0, -0x1
x10 <- 0xFFFF7FFFFFFFFFFF
mem[X,0x00000000800008B8] -> 0x0593
mem[X,0x00000000800008BA] -> 0x0010
[563] [M]: 0x00000000800008B8 (0x00100593) addi a1, zero, 0x1
x11 <- 0x0000000000000001
mem[X,0x00000000800008BC] -> 0x9593
mem[X,0x00000000800008BE] -> 0x03D5
[564] [M]: 0x00000000800008BC (0x03D59593) slli a1, a1, 0x3d
x11 <- 0x2000000000000000
mem[X,0x00000000800008C0] -> 0x063B
mem[X,0x00000000800008C2] -> 0x40B5
[565] [M]: 0x00000000800008C0 (0x40B5063B) subw a2, a0, a1
x12 <- 0xFFFFFFFFFFFFFFFF
mem[X,0x00000000800008C4] -> 0xBC23
mem[X,0x00000000800008C6] -> 0x18C2
[566] [M]: 0x00000000800008C4 (0x18C2BC23) sd a2, 0x198(t0)
mem[0x000000008000B340] <- 0xFFFFFFFFFFFFFFFF
mem[X,0x00000000800008C8] -> 0x0513
mem[X,0x00000000800008CA] -> 0x0030
[567] [M]: 0x00000000800008C8 (0x00300513) addi a0, zero, 0x3
x10 <- 0x0000000000000003
mem[X,0x00000000800008CC] -> 0x0593
mem[X,0x00000000800008CE] -> 0x0010
[568] [M]: 0x00000000800008CC (0x00100593) addi a1, zero, 0x1
x11 <- 0x0000000000000001
mem[X,0x00000000800008D0] -> 0x9593
mem[X,0x00000000800008D2] -> 0x03E5
[569] [M]: 0x00000000800008D0 (0x03E59593) slli a1, a1, 0x3e
x11 <- 0x4000000000000000
mem[X,0x00000000800008D4] -> 0x063B
mem[X,0x00000000800008D6] -> 0x40B5
[570] [M]: 0x00000000800008D4 (0x40B5063B) subw a2, a0, a1
x12 <- 0x0000000000000003
mem[X,0x00000000800008D8] -> 0xB023
mem[X,0x00000000800008DA] -> 0x1AC2
[571] [M]: 0x00000000800008D8 (0x1AC2B023) sd a2, 0x1a0(t0)
mem[0x000000008000B348] <- 0x0000000000000003
mem[X,0x00000000800008DC] -> 0x0513
mem[X,0x00000000800008DE] -> 0xFFF0
[572] [M]: 0x00000000800008DC (0xFFF00513) addi a0, zero, -0x1
x10 <- 0xFFFFFFFFFFFFFFFF
mem[X,0x00000000800008E0] -> 0x1513
mem[X,0x00000000800008E2] -> 0x03F5
[573] [M]: 0x00000000800008E0 (0x03F51513) slli a0, a0, 0x3f
x10 <- 0x8000000000000000
mem[X,0x00000000800008E4] -> 0x0593
mem[X,0x00000000800008E6] -> 0xFFE0
[574] [M]: 0x00000000800008E4 (0xFFE00593) addi a1, zero, -0x2
x11 <- 0xFFFFFFFFFFFFFFFE
mem[X,0x00000000800008E8] -> 0x063B
mem[X,0x00000000800008EA] -> 0x40B5
[575] [M]: 0x00000000800008E8 (0x40B5063B) subw a2, a0, a1
x12 <- 0x0000000000000002
mem[X,0x00000000800008EC] -> 0xB423
mem[X,0x00000000800008EE] -> 0x1AC2
[576] [M]: 0x00000000800008EC (0x1AC2B423) sd a2, 0x1a8(t0)
mem[0x000000008000B350] <- 0x0000000000000002
mem[X,0x00000000800008F0] -> 0x0513
mem[X,0x00000000800008F2] -> 0xFFF0
[577] [M]: 0x00000000800008F0 (0xFFF00513) addi a0, zero, -0x1
x10 <- 0xFFFFFFFFFFFFFFFF
mem[X,0x00000000800008F4] -> 0x5513
mem[X,0x00000000800008F6] -> 0x0015
[578] [M]: 0x00000000800008F4 (0x00155513) srli a0, a0, 0x1
x10 <- 0x7FFFFFFFFFFFFFFF
mem[X,0x00000000800008F8] -> 0x0593
mem[X,0x00000000800008FA] -> 0xFFD0
[579] [M]: 0x00000000800008F8 (0xFFD00593) addi a1, zero, -0x3
x11 <- 0xFFFFFFFFFFFFFFFD
mem[X,0x00000000800008FC] -> 0x063B
mem[X,0x00000000800008FE] -> 0x40B5
[580] [M]: 0x00000000800008FC (0x40B5063B) subw a2, a0, a1
x12 <- 0x0000000000000002
mem[X,0x0000000080000900] -> 0xB823
mem[X,0x0000000080000902] -> 0x1AC2
[581] [M]: 0x0000000080000900 (0x1AC2B823) sd a2, 0x1b0(t0)
mem[0x000000008000B358] <- 0x0000000000000002
mem[X,0x0000000080000904] -> 0x0513
mem[X,0x0000000080000906] -> 0x0010
[582] [M]: 0x0000000080000904 (0x00100513) addi a0, zero, 0x1
x10 <- 0x0000000000000001
mem[X,0x0000000080000908] -> 0x1513
mem[X,0x000000008000090A] -> 0x0135
[583] [M]: 0x0000000080000908 (0x01351513) slli a0, a0, 0x13
x10 <- 0x0000000000080000
mem[X,0x000000008000090C] -> 0x4513
mem[X,0x000000008000090E] -> 0xFFF5
[584] [M]: 0x000000008000090C (0xFFF54513) xori a0, a0, -0x1
x10 <- 0xFFFFFFFFFFF7FFFF
mem[X,0x0000000080000910] -> 0x0593
mem[X,0x0000000080000912] -> 0xFFB0
[585] [M]: 0x0000000080000910 (0xFFB00593) addi a1, zero, -0x5
x11 <- 0xFFFFFFFFFFFFFFFB
mem[X,0x0000000080000914] -> 0x063B
mem[X,0x0000000080000916] -> 0x40B5
[586] [M]: 0x0000000080000914 (0x40B5063B) subw a2, a0, a1
x12 <- 0xFFFFFFFFFFF80004
mem[X,0x0000000080000918] -> 0xBC23
mem[X,0x000000008000091A] -> 0x1AC2
[587] [M]: 0x0000000080000918 (0x1AC2BC23) sd a2, 0x1b8(t0)
mem[0x000000008000B360] <- 0xFFFFFFFFFFF80004
mem[X,0x000000008000091C] -> 0x3537
mem[X,0x000000008000091E] -> 0x3333
[588] [M]: 0x000000008000091C (0x33333537) lui a0, 0x33333
x10 <- 0x0000000033333000
mem[X,0x0000000080000920] -> 0x0513
mem[X,0x0000000080000922] -> 0x3335
[589] [M]: 0x0000000080000920 (0x33350513) addi a0, a0, 0x333
x10 <- 0x0000000033333333
mem[X,0x0000000080000924] -> 0x1513
mem[X,0x0000000080000926] -> 0x00B5
[590] [M]: 0x0000000080000924 (0x00B51513) slli a0, a0, 0xb
x10 <- 0x0000019999999800
mem[X,0x0000000080000928] -> 0x0513
mem[X,0x000000008000092A] -> 0x1995
[591] [M]: 0x0000000080000928 (0x19950513) addi a0, a0, 0x199
x10 <- 0x0000019999999999
mem[X,0x000000008000092C] -> 0x1513
mem[X,0x000000008000092E] -> 0x00B5
[592] [M]: 0x000000008000092C (0x00B51513) slli a0, a0, 0xb
x10 <- 0x000CCCCCCCCCC800
mem[X,0x0000000080000930] -> 0x0513
mem[X,0x0000000080000932] -> 0x4CC5
[593] [M]: 0x0000000080000930 (0x4CC50513) addi a0, a0, 0x4cc
x10 <- 0x000CCCCCCCCCCCCC
mem[X,0x0000000080000934] -> 0x1513
mem[X,0x0000000080000936] -> 0x00A5
[594] [M]: 0x0000000080000934 (0x00A51513) slli a0, a0, 0xa
x10 <- 0x3333333333333000
mem[X,0x0000000080000938] -> 0x0513
mem[X,0x000000008000093A] -> 0x3345
[595] [M]: 0x0000000080000938 (0x33450513) addi a0, a0, 0x334
x10 <- 0x3333333333333334
mem[X,0x000000008000093C] -> 0x0593
mem[X,0x000000008000093E] -> 0xFF70
[596] [M]: 0x000000008000093C (0xFF700593) addi a1, zero, -0x9
x11 <- 0xFFFFFFFFFFFFFFF7
mem[X,0x0000000080000940] -> 0x063B
mem[X,0x0000000080000942] -> 0x40B5
[597] [M]: 0x0000000080000940 (0x40B5063B) subw a2, a0, a1
x12 <- 0x000000003333333D
mem[X,0x0000000080000944] -> 0xB023
mem[X,0x0000000080000946] -> 0x1CC2
[598] [M]: 0x0000000080000944 (0x1CC2B023) sd a2, 0x1c0(t0)
mem[0x000000008000B368] <- 0x000000003333333D
mem[X,0x0000000080000948] -> 0x6537
mem[X,0x000000008000094A] -> 0x6666
[599] [M]: 0x0000000080000948 (0x66666537) lui a0, 0x66666
x10 <- 0x0000000066666000
clint::tick mtime <- 0x0000000000000006
 clint timer pending at mtime 0x0000000000000006
htif::tick 0x0000000000000000
mem[X,0x000000008000094C] -> 0x0513
mem[X,0x000000008000094E] -> 0x6665
[600] [M]: 0x000000008000094C (0x66650513) addi a0, a0, 0x666
x10 <- 0x0000000066666666
mem[X,0x0000000080000950] -> 0x1513
mem[X,0x0000000080000952] -> 0x00B5
[601] [M]: 0x0000000080000950 (0x00B51513) slli a0, a0, 0xb
x10 <- 0x0000033333333000
mem[X,0x0000000080000954] -> 0x0513
mem[X,0x0000000080000956] -> 0x3335
[602] [M]: 0x0000000080000954 (0x33350513) addi a0, a0, 0x333
x10 <- 0x0000033333333333
mem[X,0x0000000080000958] -> 0x1513
mem[X,0x000000008000095A] -> 0x00B5
[603] [M]: 0x0000000080000958 (0x00B51513) slli a0, a0, 0xb
x10 <- 0x0019999999999800
mem[X,0x000000008000095C] -> 0x0513
mem[X,0x000000008000095E] -> 0x1995
[604] [M]: 0x000000008000095C (0x19950513) addi a0, a0, 0x199
x10 <- 0x0019999999999999
mem[X,0x0000000080000960] -> 0x1513
mem[X,0x0000000080000962] -> 0x00A5
[605] [M]: 0x0000000080000960 (0x00A51513) slli a0, a0, 0xa
x10 <- 0x6666666666666400
mem[X,0x0000000080000964] -> 0x0513
mem[X,0x0000000080000966] -> 0x2675
[606] [M]: 0x0000000080000964 (0x26750513) addi a0, a0, 0x267
x10 <- 0x6666666666666667
mem[X,0x0000000080000968] -> 0x0593
mem[X,0x000000008000096A] -> 0xFBF0
[607] [M]: 0x0000000080000968 (0xFBF00593) addi a1, zero, -0x41
x11 <- 0xFFFFFFFFFFFFFFBF
mem[X,0x000000008000096C] -> 0x063B
mem[X,0x000000008000096E] -> 0x40B5
[608] [M]: 0x000000008000096C (0x40B5063B) subw a2, a0, a1
x12 <- 0x00000000666666A8
mem[X,0x0000000080000970] -> 0xB423
mem[X,0x0000000080000972] -> 0x1CC2
[609] [M]: 0x0000000080000970 (0x1CC2B423) sd a2, 0x1c8(t0)
mem[0x000000008000B370] <- 0x00000000666666A8
mem[X,0x0000000080000974] -> 0x0513
mem[X,0x0000000080000976] -> 0xFF90
[610] [M]: 0x0000000080000974 (0xFF900513) addi a0, zero, -0x7
x10 <- 0xFFFFFFFFFFFFFFF9
mem[X,0x0000000080000978] -> 0x0593
mem[X,0x000000008000097A] -> 0xF7F0
[611] [M]: 0x0000000080000978 (0xF7F00593) addi a1, zero, -0x81
x11 <- 0xFFFFFFFFFFFFFF7F
mem[X,0x000000008000097C] -> 0x063B
mem[X,0x000000008000097E] -> 0x40B5
[612] [M]: 0x000000008000097C (0x40B5063B) subw a2, a0, a1
x12 <- 0x000000000000007A
mem[X,0x0000000080000980] -> 0xB823
mem[X,0x0000000080000982] -> 0x1CC2
[613] [M]: 0x0000000080000980 (0x1CC2B823) sd a2, 0x1d0(t0)
mem[0x000000008000B378] <- 0x000000000000007A
mem[X,0x0000000080000984] -> 0x0513
mem[X,0x0000000080000986] -> 0x0010
[614] [M]: 0x0000000080000984 (0x00100513) addi a0, zero, 0x1
x10 <- 0x0000000000000001
mem[X,0x0000000080000988] -> 0x1513
mem[X,0x000000008000098A] -> 0x0105
[615] [M]: 0x0000000080000988 (0x01051513) slli a0, a0, 0x10
x10 <- 0x0000000000010000
mem[X,0x000000008000098C] -> 0x0593
mem[X,0x000000008000098E] -> 0xDFF0
[616] [M]: 0x000000008000098C (0xDFF00593) addi a1, zero, -0x201
x11 <- 0xFFFFFFFFFFFFFDFF
mem[X,0x0000000080000990] -> 0x063B
mem[X,0x0000000080000992] -> 0x40B5
[617] [M]: 0x0000000080000990 (0x40B5063B) subw a2, a0, a1
x12 <- 0x0000000000010201
mem[X,0x0000000080000994] -> 0xBC23
mem[X,0x0000000080000996] -> 0x1CC2
[618] [M]: 0x0000000080000994 (0x1CC2BC23) sd a2, 0x1d8(t0)
mem[0x000000008000B380] <- 0x0000000000010201
mem[X,0x0000000080000998] -> 0x0513
mem[X,0x000000008000099A] -> 0x0010
[619] [M]: 0x0000000080000998 (0x00100513) addi a0, zero, 0x1
x10 <- 0x0000000000000001
mem[X,0x000000008000099C] -> 0x1513
mem[X,0x000000008000099E] -> 0x0165
[620] [M]: 0x000000008000099C (0x01651513) slli a0, a0, 0x16
x10 <- 0x0000000000400000
mem[X,0x00000000800009A0] -> 0x4513
mem[X,0x00000000800009A2] -> 0xFFF5
[621] [M]: 0x00000000800009A0 (0xFFF54513) xori a0, a0, -0x1
x10 <- 0xFFFFFFFFFFBFFFFF
mem[X,0x00000000800009A4] -> 0x0593
mem[X,0x00000000800009A6] -> 0xBFF0
[622] [M]: 0x00000000800009A4 (0xBFF00593) addi a1, zero, -0x401
x11 <- 0xFFFFFFFFFFFFFBFF
mem[X,0x00000000800009A8] -> 0x063B
mem[X,0x00000000800009AA] -> 0x40B5
[623] [M]: 0x00000000800009A8 (0x40B5063B) subw a2, a0, a1
x12 <- 0xFFFFFFFFFFC00400
mem[X,0x00000000800009AC] -> 0xB023
mem[X,0x00000000800009AE] -> 0x1EC2
[624] [M]: 0x00000000800009AC (0x1EC2B023) sd a2, 0x1e0(t0)
mem[0x000000008000B388] <- 0xFFFFFFFFFFC00400
mem[X,0x00000000800009B0] -> 0x0513
mem[X,0x00000000800009B2] -> 0x0010
[625] [M]: 0x00000000800009B0 (0x00100513) addi a0, zero, 0x1
x10 <- 0x0000000000000001
mem[X,0x00000000800009B4] -> 0x1513
mem[X,0x00000000800009B6] -> 0x03C5
[626] [M]: 0x00000000800009B4 (0x03C51513) slli a0, a0, 0x3c
x10 <- 0x1000000000000000
mem[X,0x00000000800009B8] -> 0x0593
mem[X,0x00000000800009BA] -> 0x0010
[627] [M]: 0x00000000800009B8 (0x00100593) addi a1, zero, 0x1
x11 <- 0x0000000000000001
mem[X,0x00000000800009BC] -> 0x9593
mem[X,0x00000000800009BE] -> 0x00B5
[628] [M]: 0x00000000800009BC (0x00B59593) slli a1, a1, 0xb
x11 <- 0x0000000000000800
mem[X,0x00000000800009C0] -> 0xC593
mem[X,0x00000000800009C2] -> 0xFFF5
[629] [M]: 0x00000000800009C0 (0xFFF5C593) xori a1, a1, -0x1
x11 <- 0xFFFFFFFFFFFFF7FF
mem[X,0x00000000800009C4] -> 0x063B
mem[X,0x00000000800009C6] -> 0x40B5
[630] [M]: 0x00000000800009C4 (0x40B5063B) subw a2, a0, a1
x12 <- 0x0000000000000801
mem[X,0x00000000800009C8] -> 0xB423
mem[X,0x00000000800009CA] -> 0x1EC2
[631] [M]: 0x00000000800009C8 (0x1EC2B423) sd a2, 0x1e8(t0)
mem[0x000000008000B390] <- 0x0000000000000801
mem[X,0x00000000800009CC] -> 0x0513
mem[X,0x00000000800009CE] -> 0x1000
[632] [M]: 0x00000000800009CC (0x10000513) addi a0, zero, 0x100
x10 <- 0x0000000000000100
mem[X,0x00000000800009D0] -> 0x0593
mem[X,0x00000000800009D2] -> 0x0010
[633] [M]: 0x00000000800009D0 (0x00100593) addi a1, zero, 0x1
x11 <- 0x0000000000000001
mem[X,0x00000000800009D4] -> 0x9593
mem[X,0x00000000800009D6] -> 0x00C5
[634] [M]: 0x00000000800009D4 (0x00C59593) slli a1, a1, 0xc
x11 <- 0x0000000000001000
mem[X,0x00000000800009D8] -> 0xC593
mem[X,0x00000000800009DA] -> 0xFFF5
[635] [M]: 0x00000000800009D8 (0xFFF5C593) xori a1, a1, -0x1
x11 <- 0xFFFFFFFFFFFFEFFF
mem[X,0x00000000800009DC] -> 0x063B
mem[X,0x00000000800009DE] -> 0x40B5
[636] [M]: 0x00000000800009DC (0x40B5063B) subw a2, a0, a1
x12 <- 0x0000000000001101
mem[X,0x00000000800009E0] -> 0xB823
mem[X,0x00000000800009E2] -> 0x1EC2
[637] [M]: 0x00000000800009E0 (0x1EC2B823) sd a2, 0x1f0(t0)
mem[0x000000008000B398] <- 0x0000000000001101
mem[X,0x00000000800009E4] -> 0x0513
mem[X,0x00000000800009E6] -> 0x0010
[638] [M]: 0x00000000800009E4 (0x00100513) addi a0, zero, 0x1
x10 <- 0x0000000000000001
mem[X,0x00000000800009E8] -> 0x1513
mem[X,0x00000000800009EA] -> 0x00F5
[639] [M]: 0x00000000800009E8 (0x00F51513) slli a0, a0, 0xf
x10 <- 0x0000000000008000
mem[X,0x00000000800009EC] -> 0x0593
mem[X,0x00000000800009EE] -> 0x0010
[640] [M]: 0x00000000800009EC (0x00100593) addi a1, zero, 0x1
x11 <- 0x0000000000000001
mem[X,0x00000000800009F0] -> 0x9593
mem[X,0x00000000800009F2] -> 0x00D5
[641] [M]: 0x00000000800009F0 (0x00D59593) slli a1, a1, 0xd
x11 <- 0x0000000000002000
mem[X,0x00000000800009F4] -> 0xC593
mem[X,0x00000000800009F6] -> 0xFFF5
[642] [M]: 0x00000000800009F4 (0xFFF5C593) xori a1, a1, -0x1
x11 <- 0xFFFFFFFFFFFFDFFF
mem[X,0x00000000800009F8] -> 0x063B
mem[X,0x00000000800009FA] -> 0x40B5
[643] [M]: 0x00000000800009F8 (0x40B5063B) subw a2, a0, a1
x12 <- 0x000000000000A001
mem[X,0x00000000800009FC] -> 0xBC23
mem[X,0x00000000800009FE] -> 0x1EC2
[644] [M]: 0x00000000800009FC (0x1EC2BC23) sd a2, 0x1f8(t0)
mem[0x000000008000B3A0] <- 0x000000000000A001
mem[X,0x0000000080000A00] -> 0x0513
mem[X,0x0000000080000A02] -> 0xF7F0
[645] [M]: 0x0000000080000A00 (0xF7F00513) addi a0, zero, -0x81
x10 <- 0xFFFFFFFFFFFFFF7F
mem[X,0x0000000080000A04] -> 0x0593
mem[X,0x0000000080000A06] -> 0x0010
[646] [M]: 0x0000000080000A04 (0x00100593) addi a1, zero, 0x1
x11 <- 0x0000000000000001
mem[X,0x0000000080000A08] -> 0x9593
mem[X,0x0000000080000A0A] -> 0x00E5
[647] [M]: 0x0000000080000A08 (0x00E59593) slli a1, a1, 0xe
x11 <- 0x0000000000004000
mem[X,0x0000000080000A0C] -> 0xC593
mem[X,0x0000000080000A0E] -> 0xFFF5
[648] [M]: 0x0000000080000A0C (0xFFF5C593) xori a1, a1, -0x1
x11 <- 0xFFFFFFFFFFFFBFFF
mem[X,0x0000000080000A10] -> 0x063B
mem[X,0x0000000080000A12] -> 0x40B5
[649] [M]: 0x0000000080000A10 (0x40B5063B) subw a2, a0, a1
x12 <- 0x0000000000003F80
mem[X,0x0000000080000A14] -> 0xB023
mem[X,0x0000000080000A16] -> 0x20C2
[650] [M]: 0x0000000080000A14 (0x20C2B023) sd a2, 0x200(t0)
mem[0x000000008000B3A8] <- 0x0000000000003F80
mem[X,0x0000000080000A18] -> 0x0513
mem[X,0x0000000080000A1A] -> 0x0010
[651] [M]: 0x0000000080000A18 (0x00100513) addi a0, zero, 0x1
x10 <- 0x0000000000000001
mem[X,0x0000000080000A1C] -> 0x1513
mem[X,0x0000000080000A1E] -> 0x0115
[652] [M]: 0x0000000080000A1C (0x01151513) slli a0, a0, 0x11
x10 <- 0x0000000000020000
mem[X,0x0000000080000A20] -> 0x0593
mem[X,0x0000000080000A22] -> 0x0010
[653] [M]: 0x0000000080000A20 (0x00100593) addi a1, zero, 0x1
x11 <- 0x0000000000000001
mem[X,0x0000000080000A24] -> 0x9593
mem[X,0x0000000080000A26] -> 0x00F5
[654] [M]: 0x0000000080000A24 (0x00F59593) slli a1, a1, 0xf
x11 <- 0x0000000000008000
mem[X,0x0000000080000A28] -> 0xC593
mem[X,0x0000000080000A2A] -> 0xFFF5
[655] [M]: 0x0000000080000A28 (0xFFF5C593) xori a1, a1, -0x1
x11 <- 0xFFFFFFFFFFFF7FFF
mem[X,0x0000000080000A2C] -> 0x063B
mem[X,0x0000000080000A2E] -> 0x40B5
[656] [M]: 0x0000000080000A2C (0x40B5063B) subw a2, a0, a1
x12 <- 0x0000000000028001
mem[X,0x0000000080000A30] -> 0xB423
mem[X,0x0000000080000A32] -> 0x20C2
[657] [M]: 0x0000000080000A30 (0x20C2B423) sd a2, 0x208(t0)
mem[0x000000008000B3B0] <- 0x0000000000028001
mem[X,0x0000000080000A34] -> 0x0513
mem[X,0x0000000080000A36] -> 0x0010
[658] [M]: 0x0000000080000A34 (0x00100513) addi a0, zero, 0x1
x10 <- 0x0000000000000001
mem[X,0x0000000080000A38] -> 0x1513
mem[X,0x0000000080000A3A] -> 0x0115
[659] [M]: 0x0000000080000A38 (0x01151513) slli a0, a0, 0x11
x10 <- 0x0000000000020000
mem[X,0x0000000080000A3C] -> 0x4513
mem[X,0x0000000080000A3E] -> 0xFFF5
[660] [M]: 0x0000000080000A3C (0xFFF54513) xori a0, a0, -0x1
x10 <- 0xFFFFFFFFFFFDFFFF
mem[X,0x0000000080000A40] -> 0x0593
mem[X,0x0000000080000A42] -> 0x0010
[661] [M]: 0x0000000080000A40 (0x00100593) addi a1, zero, 0x1
x11 <- 0x0000000000000001
mem[X,0x0000000080000A44] -> 0x9593
mem[X,0x0000000080000A46] -> 0x0115
[662] [M]: 0x0000000080000A44 (0x01159593) slli a1, a1, 0x11
x11 <- 0x0000000000020000
mem[X,0x0000000080000A48] -> 0xC593
mem[X,0x0000000080000A4A] -> 0xFFF5
[663] [M]: 0x0000000080000A48 (0xFFF5C593) xori a1, a1, -0x1
x11 <- 0xFFFFFFFFFFFDFFFF
mem[X,0x0000000080000A4C] -> 0x063B
mem[X,0x0000000080000A4E] -> 0x40B5
[664] [M]: 0x0000000080000A4C (0x40B5063B) subw a2, a0, a1
x12 <- 0x0000000000000000
mem[X,0x0000000080000A50] -> 0xB823
mem[X,0x0000000080000A52] -> 0x20C2
[665] [M]: 0x0000000080000A50 (0x20C2B823) sd a2, 0x210(t0)
mem[0x000000008000B3B8] <- 0x0000000000000000
mem[X,0x0000000080000A54] -> 0x0513
mem[X,0x0000000080000A56] -> 0x0030
[666] [M]: 0x0000000080000A54 (0x00300513) addi a0, zero, 0x3
x10 <- 0x0000000000000003
mem[X,0x0000000080000A58] -> 0x0593
mem[X,0x0000000080000A5A] -> 0x0010
[667] [M]: 0x0000000080000A58 (0x00100593) addi a1, zero, 0x1
x11 <- 0x0000000000000001
mem[X,0x0000000080000A5C] -> 0x9593
mem[X,0x0000000080000A5E] -> 0x0125
[668] [M]: 0x0000000080000A5C (0x01259593) slli a1, a1, 0x12
x11 <- 0x0000000000040000
mem[X,0x0000000080000A60] -> 0xC593
mem[X,0x0000000080000A62] -> 0xFFF5
[669] [M]: 0x0000000080000A60 (0xFFF5C593) xori a1, a1, -0x1
x11 <- 0xFFFFFFFFFFFBFFFF
mem[X,0x0000000080000A64] -> 0x063B
mem[X,0x0000000080000A66] -> 0x40B5
[670] [M]: 0x0000000080000A64 (0x40B5063B) subw a2, a0, a1
x12 <- 0x0000000000040004
mem[X,0x0000000080000A68] -> 0xBC23
mem[X,0x0000000080000A6A] -> 0x20C2
[671] [M]: 0x0000000080000A68 (0x20C2BC23) sd a2, 0x218(t0)
mem[0x000000008000B3C0] <- 0x0000000000040004
mem[X,0x0000000080000A6C] -> 0x0513
mem[X,0x0000000080000A6E] -> 0xFFB0
[672] [M]: 0x0000000080000A6C (0xFFB00513) addi a0, zero, -0x5
x10 <- 0xFFFFFFFFFFFFFFFB
mem[X,0x0000000080000A70] -> 0x0593
mem[X,0x0000000080000A72] -> 0x0010
[673] [M]: 0x0000000080000A70 (0x00100593) addi a1, zero, 0x1
x11 <- 0x0000000000000001
mem[X,0x0000000080000A74] -> 0x9593
mem[X,0x0000000080000A76] -> 0x0135
[674] [M]: 0x0000000080000A74 (0x01359593) slli a1, a1, 0x13
x11 <- 0x0000000000080000
mem[X,0x0000000080000A78] -> 0xC593
mem[X,0x0000000080000A7A] -> 0xFFF5
[675] [M]: 0x0000000080000A78 (0xFFF5C593) xori a1, a1, -0x1
x11 <- 0xFFFFFFFFFFF7FFFF
mem[X,0x0000000080000A7C] -> 0x063B
mem[X,0x0000000080000A7E] -> 0x40B5
[676] [M]: 0x0000000080000A7C (0x40B5063B) subw a2, a0, a1
x12 <- 0x000000000007FFFC
mem[X,0x0000000080000A80] -> 0xB023
mem[X,0x0000000080000A82] -> 0x22C2
[677] [M]: 0x0000000080000A80 (0x22C2B023) sd a2, 0x220(t0)
mem[0x000000008000B3C8] <- 0x000000000007FFFC
mem[X,0x0000000080000A84] -> 0x0513
mem[X,0x0000000080000A86] -> 0x0010
[678] [M]: 0x0000000080000A84 (0x00100513) addi a0, zero, 0x1
x10 <- 0x0000000000000001
mem[X,0x0000000080000A88] -> 0x1513
mem[X,0x0000000080000A8A] -> 0x00B5
[679] [M]: 0x0000000080000A88 (0x00B51513) slli a0, a0, 0xb
x10 <- 0x0000000000000800
mem[X,0x0000000080000A8C] -> 0x0593
mem[X,0x0000000080000A8E] -> 0x0010
[680] [M]: 0x0000000080000A8C (0x00100593) addi a1, zero, 0x1
x11 <- 0x0000000000000001
mem[X,0x0000000080000A90] -> 0x9593
mem[X,0x0000000080000A92] -> 0x0145
[681] [M]: 0x0000000080000A90 (0x01459593) slli a1, a1, 0x14
x11 <- 0x0000000000100000
mem[X,0x0000000080000A94] -> 0xC593
mem[X,0x0000000080000A96] -> 0xFFF5
[682] [M]: 0x0000000080000A94 (0xFFF5C593) xori a1, a1, -0x1
x11 <- 0xFFFFFFFFFFEFFFFF
mem[X,0x0000000080000A98] -> 0x063B
mem[X,0x0000000080000A9A] -> 0x40B5
[683] [M]: 0x0000000080000A98 (0x40B5063B) subw a2, a0, a1
x12 <- 0x0000000000100801
mem[X,0x0000000080000A9C] -> 0xB423
mem[X,0x0000000080000A9E] -> 0x22C2
[684] [M]: 0x0000000080000A9C (0x22C2B423) sd a2, 0x228(t0)
mem[0x000000008000B3D0] <- 0x0000000000100801
mem[X,0x0000000080000AA0] -> 0x0513
mem[X,0x0000000080000AA2] -> 0x0030
[685] [M]: 0x0000000080000AA0 (0x00300513) addi a0, zero, 0x3
x10 <- 0x0000000000000003
mem[X,0x0000000080000AA4] -> 0x0593
mem[X,0x0000000080000AA6] -> 0x0010
[686] [M]: 0x0000000080000AA4 (0x00100593) addi a1, zero, 0x1
x11 <- 0x0000000000000001
mem[X,0x0000000080000AA8] -> 0x9593
mem[X,0x0000000080000AAA] -> 0x0155
[687] [M]: 0x0000000080000AA8 (0x01559593) slli a1, a1, 0x15
x11 <- 0x0000000000200000
mem[X,0x0000000080000AAC] -> 0xC593
mem[X,0x0000000080000AAE] -> 0xFFF5
[688] [M]: 0x0000000080000AAC (0xFFF5C593) xori a1, a1, -0x1
x11 <- 0xFFFFFFFFFFDFFFFF
mem[X,0x0000000080000AB0] -> 0x063B
mem[X,0x0000000080000AB2] -> 0x40B5
[689] [M]: 0x0000000080000AB0 (0x40B5063B) subw a2, a0, a1
x12 <- 0x0000000000200004
mem[X,0x0000000080000AB4] -> 0xB823
mem[X,0x0000000080000AB6] -> 0x22C2
[690] [M]: 0x0000000080000AB4 (0x22C2B823) sd a2, 0x230(t0)
mem[0x000000008000B3D8] <- 0x0000000000200004
mem[X,0x0000000080000AB8] -> 0x0513
mem[X,0x0000000080000ABA] -> 0xF7F0
[691] [M]: 0x0000000080000AB8 (0xF7F00513) addi a0, zero, -0x81
x10 <- 0xFFFFFFFFFFFFFF7F
mem[X,0x0000000080000ABC] -> 0x0593
mem[X,0x0000000080000ABE] -> 0x0010
[692] [M]: 0x0000000080000ABC (0x00100593) addi a1, zero, 0x1
x11 <- 0x0000000000000001
mem[X,0x0000000080000AC0] -> 0x9593
mem[X,0x0000000080000AC2] -> 0x0165
[693] [M]: 0x0000000080000AC0 (0x01659593) slli a1, a1, 0x16
x11 <- 0x0000000000400000
mem[X,0x0000000080000AC4] -> 0xC593
mem[X,0x0000000080000AC6] -> 0xFFF5
[694] [M]: 0x0000000080000AC4 (0xFFF5C593) xori a1, a1, -0x1
x11 <- 0xFFFFFFFFFFBFFFFF
mem[X,0x0000000080000AC8] -> 0x063B
mem[X,0x0000000080000ACA] -> 0x40B5
[695] [M]: 0x0000000080000AC8 (0x40B5063B) subw a2, a0, a1
x12 <- 0x00000000003FFF80
mem[X,0x0000000080000ACC] -> 0xBC23
mem[X,0x0000000080000ACE] -> 0x22C2
[696] [M]: 0x0000000080000ACC (0x22C2BC23) sd a2, 0x238(t0)
mem[0x000000008000B3E0] <- 0x00000000003FFF80
mem[X,0x0000000080000AD0] -> 0x0513
mem[X,0x0000000080000AD2] -> 0xBFF0
[697] [M]: 0x0000000080000AD0 (0xBFF00513) addi a0, zero, -0x401
x10 <- 0xFFFFFFFFFFFFFBFF
mem[X,0x0000000080000AD4] -> 0x0593
mem[X,0x0000000080000AD6] -> 0x0010
[698] [M]: 0x0000000080000AD4 (0x00100593) addi a1, zero, 0x1
x11 <- 0x0000000000000001
mem[X,0x0000000080000AD8] -> 0x9593
mem[X,0x0000000080000ADA] -> 0x0175
[699] [M]: 0x0000000080000AD8 (0x01759593) slli a1, a1, 0x17
x11 <- 0x0000000000800000
clint::tick mtime <- 0x0000000000000007
 clint timer pending at mtime 0x0000000000000007
htif::tick 0x0000000000000000
mem[X,0x0000000080000ADC] -> 0xC593
mem[X,0x0000000080000ADE] -> 0xFFF5
[700] [M]: 0x0000000080000ADC (0xFFF5C593) xori a1, a1, -0x1
x11 <- 0xFFFFFFFFFF7FFFFF
mem[X,0x0000000080000AE0] -> 0x063B
mem[X,0x0000000080000AE2] -> 0x40B5
[701] [M]: 0x0000000080000AE0 (0x40B5063B) subw a2, a0, a1
x12 <- 0x00000000007FFC00
mem[X,0x0000000080000AE4] -> 0xB023
mem[X,0x0000000080000AE6] -> 0x24C2
[702] [M]: 0x0000000080000AE4 (0x24C2B023) sd a2, 0x240(t0)
mem[0x000000008000B3E8] <- 0x00000000007FFC00
mem[X,0x0000000080000AE8] -> 0x3537
mem[X,0x0000000080000AEA] -> 0x3333
[703] [M]: 0x0000000080000AE8 (0x33333537) lui a0, 0x33333
x10 <- 0x0000000033333000
mem[X,0x0000000080000AEC] -> 0x0513
mem[X,0x0000000080000AEE] -> 0x3335
[704] [M]: 0x0000000080000AEC (0x33350513) addi a0, a0, 0x333
x10 <- 0x0000000033333333
mem[X,0x0000000080000AF0] -> 0x1513
mem[X,0x0000000080000AF2] -> 0x00B5
[705] [M]: 0x0000000080000AF0 (0x00B51513) slli a0, a0, 0xb
x10 <- 0x0000019999999800
mem[X,0x0000000080000AF4] -> 0x0513
mem[X,0x0000000080000AF6] -> 0x1995
[706] [M]: 0x0000000080000AF4 (0x19950513) addi a0, a0, 0x199
x10 <- 0x0000019999999999
mem[X,0x0000000080000AF8] -> 0x1513
mem[X,0x0000000080000AFA] -> 0x00B5
[707] [M]: 0x0000000080000AF8 (0x00B51513) slli a0, a0, 0xb
x10 <- 0x000CCCCCCCCCC800
mem[X,0x0000000080000AFC] -> 0x0513
mem[X,0x0000000080000AFE] -> 0x4CC5
[708] [M]: 0x0000000080000AFC (0x4CC50513) addi a0, a0, 0x4cc
x10 <- 0x000CCCCCCCCCCCCC
mem[X,0x0000000080000B00] -> 0x1513
mem[X,0x0000000080000B02] -> 0x00A5
[709] [M]: 0x0000000080000B00 (0x00A51513) slli a0, a0, 0xa
x10 <- 0x3333333333333000
mem[X,0x0000000080000B04] -> 0x0513
mem[X,0x0000000080000B06] -> 0x3325
[710] [M]: 0x0000000080000B04 (0x33250513) addi a0, a0, 0x332
x10 <- 0x3333333333333332
mem[X,0x0000000080000B08] -> 0x0593
mem[X,0x0000000080000B0A] -> 0x0010
[711] [M]: 0x0000000080000B08 (0x00100593) addi a1, zero, 0x1
x11 <- 0x0000000000000001
mem[X,0x0000000080000B0C] -> 0x9593
mem[X,0x0000000080000B0E] -> 0x0185
[712] [M]: 0x0000000080000B0C (0x01859593) slli a1, a1, 0x18
x11 <- 0x0000000001000000
mem[X,0x0000000080000B10] -> 0xC593
mem[X,0x0000000080000B12] -> 0xFFF5
[713] [M]: 0x0000000080000B10 (0xFFF5C593) xori a1, a1, -0x1
x11 <- 0xFFFFFFFFFEFFFFFF
mem[X,0x0000000080000B14] -> 0x063B
mem[X,0x0000000080000B16] -> 0x40B5
[714] [M]: 0x0000000080000B14 (0x40B5063B) subw a2, a0, a1
x12 <- 0x0000000034333333
mem[X,0x0000000080000B18] -> 0xB423
mem[X,0x0000000080000B1A] -> 0x24C2
[715] [M]: 0x0000000080000B18 (0x24C2B423) sd a2, 0x248(t0)
mem[0x000000008000B3F0] <- 0x0000000034333333
mem[X,0x0000000080000B1C] -> 0x0513
mem[X,0x0000000080000B1E] -> 0x0010
[716] [M]: 0x0000000080000B1C (0x00100513) addi a0, zero, 0x1
x10 <- 0x0000000000000001
mem[X,0x0000000080000B20] -> 0x1513
mem[X,0x0000000080000B22] -> 0x0145
[717] [M]: 0x0000000080000B20 (0x01451513) slli a0, a0, 0x14
x10 <- 0x0000000000100000
mem[X,0x0000000080000B24] -> 0x4513
mem[X,0x0000000080000B26] -> 0xFFF5
[718] [M]: 0x0000000080000B24 (0xFFF54513) xori a0, a0, -0x1
x10 <- 0xFFFFFFFFFFEFFFFF
mem[X,0x0000000080000B28] -> 0x0593
mem[X,0x0000000080000B2A] -> 0x0010
[719] [M]: 0x0000000080000B28 (0x00100593) addi a1, zero, 0x1
x11 <- 0x0000000000000001
mem[X,0x0000000080000B2C] -> 0x9593
mem[X,0x0000000080000B2E] -> 0x0195
[720] [M]: 0x0000000080000B2C (0x01959593) slli a1, a1, 0x19
x11 <- 0x0000000002000000
mem[X,0x0000000080000B30] -> 0xC593
mem[X,0x0000000080000B32] -> 0xFFF5
[721] [M]: 0x0000000080000B30 (0xFFF5C593) xori a1, a1, -0x1
x11 <- 0xFFFFFFFFFDFFFFFF
mem[X,0x0000000080000B34] -> 0x063B
mem[X,0x0000000080000B36] -> 0x40B5
[722] [M]: 0x0000000080000B34 (0x40B5063B) subw a2, a0, a1
x12 <- 0x0000000001F00000
mem[X,0x0000000080000B38] -> 0xB823
mem[X,0x0000000080000B3A] -> 0x24C2
[723] [M]: 0x0000000080000B38 (0x24C2B823) sd a2, 0x250(t0)
mem[0x000000008000B3F8] <- 0x0000000001F00000
mem[X,0x0000000080000B3C] -> 0x0513
mem[X,0x0000000080000B3E] -> 0x0010
[724] [M]: 0x0000000080000B3C (0x00100513) addi a0, zero, 0x1
x10 <- 0x0000000000000001
mem[X,0x0000000080000B40] -> 0x0593
mem[X,0x0000000080000B42] -> 0x0010
[725] [M]: 0x0000000080000B40 (0x00100593) addi a1, zero, 0x1
x11 <- 0x0000000000000001
mem[X,0x0000000080000B44] -> 0x9593
mem[X,0x0000000080000B46] -> 0x01A5
[726] [M]: 0x0000000080000B44 (0x01A59593) slli a1, a1, 0x1a
x11 <- 0x0000000004000000
mem[X,0x0000000080000B48] -> 0xC593
mem[X,0x0000000080000B4A] -> 0xFFF5
[727] [M]: 0x0000000080000B48 (0xFFF5C593) xori a1, a1, -0x1
x11 <- 0xFFFFFFFFFBFFFFFF
mem[X,0x0000000080000B4C] -> 0x063B
mem[X,0x0000000080000B4E] -> 0x40B5
[728] [M]: 0x0000000080000B4C (0x40B5063B) subw a2, a0, a1
x12 <- 0x0000000004000002
mem[X,0x0000000080000B50] -> 0xBC23
mem[X,0x0000000080000B52] -> 0x24C2
[729] [M]: 0x0000000080000B50 (0x24C2BC23) sd a2, 0x258(t0)
mem[0x000000008000B400] <- 0x0000000004000002
mem[X,0x0000000080000B54] -> 0x0513
mem[X,0x0000000080000B56] -> 0x0010
[730] [M]: 0x0000000080000B54 (0x00100513) addi a0, zero, 0x1
x10 <- 0x0000000000000001
mem[X,0x0000000080000B58] -> 0x1513
mem[X,0x0000000080000B5A] -> 0x03E5
[731] [M]: 0x0000000080000B58 (0x03E51513) slli a0, a0, 0x3e
x10 <- 0x4000000000000000
mem[X,0x0000000080000B5C] -> 0x0593
mem[X,0x0000000080000B5E] -> 0x0010
[732] [M]: 0x0000000080000B5C (0x00100593) addi a1, zero, 0x1
x11 <- 0x0000000000000001
mem[X,0x0000000080000B60] -> 0x9593
mem[X,0x0000000080000B62] -> 0x01B5
[733] [M]: 0x0000000080000B60 (0x01B59593) slli a1, a1, 0x1b
x11 <- 0x0000000008000000
mem[X,0x0000000080000B64] -> 0xC593
mem[X,0x0000000080000B66] -> 0xFFF5
[734] [M]: 0x0000000080000B64 (0xFFF5C593) xori a1, a1, -0x1
x11 <- 0xFFFFFFFFF7FFFFFF
mem[X,0x0000000080000B68] -> 0x063B
mem[X,0x0000000080000B6A] -> 0x40B5
[735] [M]: 0x0000000080000B68 (0x40B5063B) subw a2, a0, a1
x12 <- 0x0000000008000001
mem[X,0x0000000080000B6C] -> 0xB023
mem[X,0x0000000080000B6E] -> 0x26C2
[736] [M]: 0x0000000080000B6C (0x26C2B023) sd a2, 0x260(t0)
mem[0x000000008000B408] <- 0x0000000008000001
mem[X,0x0000000080000B70] -> 0x0513
mem[X,0x0000000080000B72] -> 0xF7F0
[737] [M]: 0x0000000080000B70 (0xF7F00513) addi a0, zero, -0x81
x10 <- 0xFFFFFFFFFFFFFF7F
mem[X,0x0000000080000B74] -> 0x0593
mem[X,0x0000000080000B76] -> 0x0010
[738] [M]: 0x0000000080000B74 (0x00100593) addi a1, zero, 0x1
x11 <- 0x0000000000000001
mem[X,0x0000000080000B78] -> 0x9593
mem[X,0x0000000080000B7A] -> 0x01C5
[739] [M]: 0x0000000080000B78 (0x01C59593) slli a1, a1, 0x1c
x11 <- 0x0000000010000000
mem[X,0x0000000080000B7C] -> 0xC593
mem[X,0x0000000080000B7E] -> 0xFFF5
[740] [M]: 0x0000000080000B7C (0xFFF5C593) xori a1, a1, -0x1
x11 <- 0xFFFFFFFFEFFFFFFF
mem[X,0x0000000080000B80] -> 0x063B
mem[X,0x0000000080000B82] -> 0x40B5
[741] [M]: 0x0000000080000B80 (0x40B5063B) subw a2, a0, a1
x12 <- 0x000000000FFFFF80
mem[X,0x0000000080000B84] -> 0xB423
mem[X,0x0000000080000B86] -> 0x26C2
[742] [M]: 0x0000000080000B84 (0x26C2B423) sd a2, 0x268(t0)
mem[0x000000008000B410] <- 0x000000000FFFFF80
mem[X,0x0000000080000B88] -> 0x0513
mem[X,0x0000000080000B8A] -> 0xFFE0
[743] [M]: 0x0000000080000B88 (0xFFE00513) addi a0, zero, -0x2
x10 <- 0xFFFFFFFFFFFFFFFE
mem[X,0x0000000080000B8C] -> 0x0593
mem[X,0x0000000080000B8E] -> 0x0010
[744] [M]: 0x0000000080000B8C (0x00100593) addi a1, zero, 0x1
x11 <- 0x0000000000000001
mem[X,0x0000000080000B90] -> 0x9593
mem[X,0x0000000080000B92] -> 0x01D5
[745] [M]: 0x0000000080000B90 (0x01D59593) slli a1, a1, 0x1d
x11 <- 0x0000000020000000
mem[X,0x0000000080000B94] -> 0xC593
mem[X,0x0000000080000B96] -> 0xFFF5
[746] [M]: 0x0000000080000B94 (0xFFF5C593) xori a1, a1, -0x1
x11 <- 0xFFFFFFFFDFFFFFFF
mem[X,0x0000000080000B98] -> 0x063B
mem[X,0x0000000080000B9A] -> 0x40B5
[747] [M]: 0x0000000080000B98 (0x40B5063B) subw a2, a0, a1
x12 <- 0x000000001FFFFFFF
mem[X,0x0000000080000B9C] -> 0xB823
mem[X,0x0000000080000B9E] -> 0x26C2
[748] [M]: 0x0000000080000B9C (0x26C2B823) sd a2, 0x270(t0)
mem[0x000000008000B418] <- 0x000000001FFFFFFF
mem[X,0x0000000080000BA0] -> 0x0513
mem[X,0x0000000080000BA2] -> 0x0010
[749] [M]: 0x0000000080000BA0 (0x00100513) addi a0, zero, 0x1
x10 <- 0x0000000000000001
mem[X,0x0000000080000BA4] -> 0x1513
mem[X,0x0000000080000BA6] -> 0x00F5
[750] [M]: 0x0000000080000BA4 (0x00F51513) slli a0, a0, 0xf
x10 <- 0x0000000000008000
mem[X,0x0000000080000BA8] -> 0x0593
mem[X,0x0000000080000BAA] -> 0x0010
[751] [M]: 0x0000000080000BA8 (0x00100593) addi a1, zero, 0x1
x11 <- 0x0000000000000001
mem[X,0x0000000080000BAC] -> 0x9593
mem[X,0x0000000080000BAE] -> 0x01E5
[752] [M]: 0x0000000080000BAC (0x01E59593) slli a1, a1, 0x1e
x11 <- 0x0000000040000000
mem[X,0x0000000080000BB0] -> 0xC593
mem[X,0x0000000080000BB2] -> 0xFFF5
[753] [M]: 0x0000000080000BB0 (0xFFF5C593) xori a1, a1, -0x1
x11 <- 0xFFFFFFFFBFFFFFFF
mem[X,0x0000000080000BB4] -> 0x063B
mem[X,0x0000000080000BB6] -> 0x40B5
[754] [M]: 0x0000000080000BB4 (0x40B5063B) subw a2, a0, a1
x12 <- 0x0000000040008001
mem[X,0x0000000080000BB8] -> 0xBC23
mem[X,0x0000000080000BBA] -> 0x26C2
[755] [M]: 0x0000000080000BB8 (0x26C2BC23) sd a2, 0x278(t0)
mem[0x000000008000B420] <- 0x0000000040008001
mem[X,0x0000000080000BBC] -> 0x0537
mem[X,0x0000000080000BBE] -> 0x0000
[756] [M]: 0x0000000080000BBC (0x00000537) lui a0, 0x0
x10 <- 0x0000000000000000
mem[X,0x0000000080000BC0] -> 0x0513
mem[X,0x0000000080000BC2] -> 0x0005
[757] [M]: 0x0000000080000BC0 (0x00050513) addi a0, a0, 0x0
x10 <- 0x0000000000000000
mem[X,0x0000000080000BC4] -> 0x1513
mem[X,0x0000000080000BC6] -> 0x00B5
[758] [M]: 0x0000000080000BC4 (0x00B51513) slli a0, a0, 0xb
x10 <- 0x0000000000000000
mem[X,0x0000000080000BC8] -> 0x0513
mem[X,0x0000000080000BCA] -> 0x5A85
[759] [M]: 0x0000000080000BC8 (0x5A850513) addi a0, a0, 0x5a8
x10 <- 0x00000000000005A8
mem[X,0x0000000080000BCC] -> 0x1513
mem[X,0x0000000080000BCE] -> 0x00B5
[760] [M]: 0x0000000080000BCC (0x00B51513) slli a0, a0, 0xb
x10 <- 0x00000000002D4000
mem[X,0x0000000080000BD0] -> 0x0513
mem[X,0x0000000080000BD2] -> 0x13C5
[761] [M]: 0x0000000080000BD0 (0x13C50513) addi a0, a0, 0x13c
x10 <- 0x00000000002D413C
mem[X,0x0000000080000BD4] -> 0x1513
mem[X,0x0000000080000BD6] -> 0x00A5
[762] [M]: 0x0000000080000BD4 (0x00A51513) slli a0, a0, 0xa
x10 <- 0x00000000B504F000
mem[X,0x0000000080000BD8] -> 0x0513
mem[X,0x0000000080000BDA] -> 0x3335
[763] [M]: 0x0000000080000BD8 (0x33350513) addi a0, a0, 0x333
x10 <- 0x00000000B504F333
mem[X,0x0000000080000BDC] -> 0x0593
mem[X,0x0000000080000BDE] -> 0x0010
[764] [M]: 0x0000000080000BDC (0x00100593) addi a1, zero, 0x1
x11 <- 0x0000000000000001
mem[X,0x0000000080000BE0] -> 0x9593
mem[X,0x0000000080000BE2] -> 0x01F5
[765] [M]: 0x0000000080000BE0 (0x01F59593) slli a1, a1, 0x1f
x11 <- 0x0000000080000000
mem[X,0x0000000080000BE4] -> 0xC593
mem[X,0x0000000080000BE6] -> 0xFFF5
[766] [M]: 0x0000000080000BE4 (0xFFF5C593) xori a1, a1, -0x1
x11 <- 0xFFFFFFFF7FFFFFFF
mem[X,0x0000000080000BE8] -> 0x063B
mem[X,0x0000000080000BEA] -> 0x40B5
[767] [M]: 0x0000000080000BE8 (0x40B5063B) subw a2, a0, a1
x12 <- 0x000000003504F334
mem[X,0x0000000080000BEC] -> 0xB023
mem[X,0x0000000080000BEE] -> 0x28C2
[768] [M]: 0x0000000080000BEC (0x28C2B023) sd a2, 0x280(t0)
mem[0x000000008000B428] <- 0x000000003504F334
mem[X,0x0000000080000BF0] -> 0x0513
mem[X,0x0000000080000BF2] -> 0x0010
[769] [M]: 0x0000000080000BF0 (0x00100513) addi a0, zero, 0x1
x10 <- 0x0000000000000001
mem[X,0x0000000080000BF4] -> 0x1513
mem[X,0x0000000080000BF6] -> 0x0335
[770] [M]: 0x0000000080000BF4 (0x03351513) slli a0, a0, 0x33
x10 <- 0x0008000000000000
mem[X,0x0000000080000BF8] -> 0x4513
mem[X,0x0000000080000BFA] -> 0xFFF5
[771] [M]: 0x0000000080000BF8 (0xFFF54513) xori a0, a0, -0x1
x10 <- 0xFFF7FFFFFFFFFFFF
mem[X,0x0000000080000BFC] -> 0x0593
mem[X,0x0000000080000BFE] -> 0x0010
[772] [M]: 0x0000000080000BFC (0x00100593) addi a1, zero, 0x1
x11 <- 0x0000000000000001
mem[X,0x0000000080000C00] -> 0x9593
mem[X,0x0000000080000C02] -> 0x0205
[773] [M]: 0x0000000080000C00 (0x02059593) slli a1, a1, 0x20
x11 <- 0x0000000100000000
mem[X,0x0000000080000C04] -> 0xC593
mem[X,0x0000000080000C06] -> 0xFFF5
[774] [M]: 0x0000000080000C04 (0xFFF5C593) xori a1, a1, -0x1
x11 <- 0xFFFFFFFEFFFFFFFF
mem[X,0x0000000080000C08] -> 0x063B
mem[X,0x0000000080000C0A] -> 0x40B5
[775] [M]: 0x0000000080000C08 (0x40B5063B) subw a2, a0, a1
x12 <- 0x0000000000000000
mem[X,0x0000000080000C0C] -> 0xB423
mem[X,0x0000000080000C0E] -> 0x28C2
[776] [M]: 0x0000000080000C0C (0x28C2B423) sd a2, 0x288(t0)
mem[0x000000008000B430] <- 0x0000000000000000
mem[X,0x0000000080000C10] -> 0x0513
mem[X,0x0000000080000C12] -> 0x0010
[777] [M]: 0x0000000080000C10 (0x00100513) addi a0, zero, 0x1
x10 <- 0x0000000000000001
mem[X,0x0000000080000C14] -> 0x1513
mem[X,0x0000000080000C16] -> 0x0225
[778] [M]: 0x0000000080000C14 (0x02251513) slli a0, a0, 0x22
x10 <- 0x0000000400000000
mem[X,0x0000000080000C18] -> 0x0593
mem[X,0x0000000080000C1A] -> 0x0010
[779] [M]: 0x0000000080000C18 (0x00100593) addi a1, zero, 0x1
x11 <- 0x0000000000000001
mem[X,0x0000000080000C1C] -> 0x9593
mem[X,0x0000000080000C1E] -> 0x0215
[780] [M]: 0x0000000080000C1C (0x02159593) slli a1, a1, 0x21
x11 <- 0x0000000200000000
mem[X,0x0000000080000C20] -> 0xC593
mem[X,0x0000000080000C22] -> 0xFFF5
[781] [M]: 0x0000000080000C20 (0xFFF5C593) xori a1, a1, -0x1
x11 <- 0xFFFFFFFDFFFFFFFF
mem[X,0x0000000080000C24] -> 0x063B
mem[X,0x0000000080000C26] -> 0x40B5
[782] [M]: 0x0000000080000C24 (0x40B5063B) subw a2, a0, a1
x12 <- 0x0000000000000001
mem[X,0x0000000080000C28] -> 0xB823
mem[X,0x0000000080000C2A] -> 0x28C2
[783] [M]: 0x0000000080000C28 (0x28C2B823) sd a2, 0x290(t0)
mem[0x000000008000B438] <- 0x0000000000000001
mem[X,0x0000000080000C2C] -> 0x0513
mem[X,0x0000000080000C2E] -> 0x0010
[784] [M]: 0x0000000080000C2C (0x00100513) addi a0, zero, 0x1
x10 <- 0x0000000000000001
mem[X,0x0000000080000C30] -> 0x1513
mem[X,0x0000000080000C32] -> 0x01D5
[785] [M]: 0x0000000080000C30 (0x01D51513) slli a0, a0, 0x1d
x10 <- 0x0000000020000000
mem[X,0x0000000080000C34] -> 0x0593
mem[X,0x0000000080000C36] -> 0x0010
[786] [M]: 0x0000000080000C34 (0x00100593) addi a1, zero, 0x1
x11 <- 0x0000000000000001
mem[X,0x0000000080000C38] -> 0x9593
mem[X,0x0000000080000C3A] -> 0x0225
[787] [M]: 0x0000000080000C38 (0x02259593) slli a1, a1, 0x22
x11 <- 0x0000000400000000
mem[X,0x0000000080000C3C] -> 0xC593
mem[X,0x0000000080000C3E] -> 0xFFF5
[788] [M]: 0x0000000080000C3C (0xFFF5C593) xori a1, a1, -0x1
x11 <- 0xFFFFFFFBFFFFFFFF
mem[X,0x0000000080000C40] -> 0x063B
mem[X,0x0000000080000C42] -> 0x40B5
[789] [M]: 0x0000000080000C40 (0x40B5063B) subw a2, a0, a1
x12 <- 0x0000000020000001
mem[X,0x0000000080000C44] -> 0xBC23
mem[X,0x0000000080000C46] -> 0x28C2
[790] [M]: 0x0000000080000C44 (0x28C2BC23) sd a2, 0x298(t0)
mem[0x000000008000B440] <- 0x0000000020000001
mem[X,0x0000000080000C48] -> 0x3537
mem[X,0x0000000080000C4A] -> 0x3333
[791] [M]: 0x0000000080000C48 (0x33333537) lui a0, 0x33333
x10 <- 0x0000000033333000
mem[X,0x0000000080000C4C] -> 0x0513
mem[X,0x0000000080000C4E] -> 0x3335
[792] [M]: 0x0000000080000C4C (0x33350513) addi a0, a0, 0x333
x10 <- 0x0000000033333333
mem[X,0x0000000080000C50] -> 0x1513
mem[X,0x0000000080000C52] -> 0x00B5
[793] [M]: 0x0000000080000C50 (0x00B51513) slli a0, a0, 0xb
x10 <- 0x0000019999999800
mem[X,0x0000000080000C54] -> 0x0513
mem[X,0x0000000080000C56] -> 0x1995
[794] [M]: 0x0000000080000C54 (0x19950513) addi a0, a0, 0x199
x10 <- 0x0000019999999999
mem[X,0x0000000080000C58] -> 0x1513
mem[X,0x0000000080000C5A] -> 0x00B5
[795] [M]: 0x0000000080000C58 (0x00B51513) slli a0, a0, 0xb
x10 <- 0x000CCCCCCCCCC800
mem[X,0x0000000080000C5C] -> 0x0513
mem[X,0x0000000080000C5E] -> 0x4CC5
[796] [M]: 0x0000000080000C5C (0x4CC50513) addi a0, a0, 0x4cc
x10 <- 0x000CCCCCCCCCCCCC
mem[X,0x0000000080000C60] -> 0x1513
mem[X,0x0000000080000C62] -> 0x00A5
[797] [M]: 0x0000000080000C60 (0x00A51513) slli a0, a0, 0xa
x10 <- 0x3333333333333000
mem[X,0x0000000080000C64] -> 0x0513
mem[X,0x0000000080000C66] -> 0x3335
[798] [M]: 0x0000000080000C64 (0x33350513) addi a0, a0, 0x333
x10 <- 0x3333333333333333
mem[X,0x0000000080000C68] -> 0x0593
mem[X,0x0000000080000C6A] -> 0x0010
[799] [M]: 0x0000000080000C68 (0x00100593) addi a1, zero, 0x1
x11 <- 0x0000000000000001
clint::tick mtime <- 0x0000000000000008
 clint timer pending at mtime 0x0000000000000008
htif::tick 0x0000000000000000
mem[X,0x0000000080000C6C] -> 0x9593
mem[X,0x0000000080000C6E] -> 0x0235
[800] [M]: 0x0000000080000C6C (0x02359593) slli a1, a1, 0x23
x11 <- 0x0000000800000000
mem[X,0x0000000080000C70] -> 0xC593
mem[X,0x0000000080000C72] -> 0xFFF5
[801] [M]: 0x0000000080000C70 (0xFFF5C593) xori a1, a1, -0x1
x11 <- 0xFFFFFFF7FFFFFFFF
mem[X,0x0000000080000C74] -> 0x063B
mem[X,0x0000000080000C76] -> 0x40B5
[802] [M]: 0x0000000080000C74 (0x40B5063B) subw a2, a0, a1
x12 <- 0x0000000033333334
mem[X,0x0000000080000C78] -> 0xB023
mem[X,0x0000000080000C7A] -> 0x2AC2
[803] [M]: 0x0000000080000C78 (0x2AC2B023) sd a2, 0x2a0(t0)
mem[0x000000008000B448] <- 0x0000000033333334
mem[X,0x0000000080000C7C] -> 0x0513
mem[X,0x0000000080000C7E] -> 0x0010
[804] [M]: 0x0000000080000C7C (0x00100513) addi a0, zero, 0x1
x10 <- 0x0000000000000001
mem[X,0x0000000080000C80] -> 0x1513
mem[X,0x0000000080000C82] -> 0x0315
[805] [M]: 0x0000000080000C80 (0x03151513) slli a0, a0, 0x31
x10 <- 0x0002000000000000
mem[X,0x0000000080000C84] -> 0x4513
mem[X,0x0000000080000C86] -> 0xFFF5
[806] [M]: 0x0000000080000C84 (0xFFF54513) xori a0, a0, -0x1
x10 <- 0xFFFDFFFFFFFFFFFF
mem[X,0x0000000080000C88] -> 0x0593
mem[X,0x0000000080000C8A] -> 0x0010
[807] [M]: 0x0000000080000C88 (0x00100593) addi a1, zero, 0x1
x11 <- 0x0000000000000001
mem[X,0x0000000080000C8C] -> 0x9593
mem[X,0x0000000080000C8E] -> 0x0245
[808] [M]: 0x0000000080000C8C (0x02459593) slli a1, a1, 0x24
x11 <- 0x0000001000000000
mem[X,0x0000000080000C90] -> 0xC593
mem[X,0x0000000080000C92] -> 0xFFF5
[809] [M]: 0x0000000080000C90 (0xFFF5C593) xori a1, a1, -0x1
x11 <- 0xFFFFFFEFFFFFFFFF
mem[X,0x0000000080000C94] -> 0x063B
mem[X,0x0000000080000C96] -> 0x40B5
[810] [M]: 0x0000000080000C94 (0x40B5063B) subw a2, a0, a1
x12 <- 0x0000000000000000
mem[X,0x0000000080000C98] -> 0xB423
mem[X,0x0000000080000C9A] -> 0x2AC2
[811] [M]: 0x0000000080000C98 (0x2AC2B423) sd a2, 0x2a8(t0)
mem[0x000000008000B450] <- 0x0000000000000000
mem[X,0x0000000080000C9C] -> 0x0513
mem[X,0x0000000080000C9E] -> 0x0010
[812] [M]: 0x0000000080000C9C (0x00100513) addi a0, zero, 0x1
x10 <- 0x0000000000000001
mem[X,0x0000000080000CA0] -> 0x1513
mem[X,0x0000000080000CA2] -> 0x0105
[813] [M]: 0x0000000080000CA0 (0x01051513) slli a0, a0, 0x10
x10 <- 0x0000000000010000
mem[X,0x0000000080000CA4] -> 0x4513
mem[X,0x0000000080000CA6] -> 0xFFF5
[814] [M]: 0x0000000080000CA4 (0xFFF54513) xori a0, a0, -0x1
x10 <- 0xFFFFFFFFFFFEFFFF
mem[X,0x0000000080000CA8] -> 0x0593
mem[X,0x0000000080000CAA] -> 0x0010
[815] [M]: 0x0000000080000CA8 (0x00100593) addi a1, zero, 0x1
x11 <- 0x0000000000000001
mem[X,0x0000000080000CAC] -> 0x9593
mem[X,0x0000000080000CAE] -> 0x0255
[816] [M]: 0x0000000080000CAC (0x02559593) slli a1, a1, 0x25
x11 <- 0x0000002000000000
mem[X,0x0000000080000CB0] -> 0xC593
mem[X,0x0000000080000CB2] -> 0xFFF5
[817] [M]: 0x0000000080000CB0 (0xFFF5C593) xori a1, a1, -0x1
x11 <- 0xFFFFFFDFFFFFFFFF
mem[X,0x0000000080000CB4] -> 0x063B
mem[X,0x0000000080000CB6] -> 0x40B5
[818] [M]: 0x0000000080000CB4 (0x40B5063B) subw a2, a0, a1
x12 <- 0xFFFFFFFFFFFF0000
mem[X,0x0000000080000CB8] -> 0xB823
mem[X,0x0000000080000CBA] -> 0x2AC2
[819] [M]: 0x0000000080000CB8 (0x2AC2B823) sd a2, 0x2b0(t0)
mem[0x000000008000B458] <- 0xFFFFFFFFFFFF0000
mem[X,0x0000000080000CBC] -> 0x0513
mem[X,0x0000000080000CBE] -> 0x0010
[820] [M]: 0x0000000080000CBC (0x00100513) addi a0, zero, 0x1
x10 <- 0x0000000000000001
mem[X,0x0000000080000CC0] -> 0x1513
mem[X,0x0000000080000CC2] -> 0x0235
[821] [M]: 0x0000000080000CC0 (0x02351513) slli a0, a0, 0x23
x10 <- 0x0000000800000000
mem[X,0x0000000080000CC4] -> 0x4513
mem[X,0x0000000080000CC6] -> 0xFFF5
[822] [M]: 0x0000000080000CC4 (0xFFF54513) xori a0, a0, -0x1
x10 <- 0xFFFFFFF7FFFFFFFF
mem[X,0x0000000080000CC8] -> 0x0593
mem[X,0x0000000080000CCA] -> 0x0010
[823] [M]: 0x0000000080000CC8 (0x00100593) addi a1, zero, 0x1
x11 <- 0x0000000000000001
mem[X,0x0000000080000CCC] -> 0x9593
mem[X,0x0000000080000CCE] -> 0x0265
[824] [M]: 0x0000000080000CCC (0x02659593) slli a1, a1, 0x26
x11 <- 0x0000004000000000
mem[X,0x0000000080000CD0] -> 0xC593
mem[X,0x0000000080000CD2] -> 0xFFF5
[825] [M]: 0x0000000080000CD0 (0xFFF5C593) xori a1, a1, -0x1
x11 <- 0xFFFFFFBFFFFFFFFF
mem[X,0x0000000080000CD4] -> 0x063B
mem[X,0x0000000080000CD6] -> 0x40B5
[826] [M]: 0x0000000080000CD4 (0x40B5063B) subw a2, a0, a1
x12 <- 0x0000000000000000
mem[X,0x0000000080000CD8] -> 0xBC23
mem[X,0x0000000080000CDA] -> 0x2AC2
[827] [M]: 0x0000000080000CD8 (0x2AC2BC23) sd a2, 0x2b8(t0)
mem[0x000000008000B460] <- 0x0000000000000000
mem[X,0x0000000080000CDC] -> 0x0513
mem[X,0x0000000080000CDE] -> 0x0090
[828] [M]: 0x0000000080000CDC (0x00900513) addi a0, zero, 0x9
x10 <- 0x0000000000000009
mem[X,0x0000000080000CE0] -> 0x0593
mem[X,0x0000000080000CE2] -> 0x0010
[829] [M]: 0x0000000080000CE0 (0x00100593) addi a1, zero, 0x1
x11 <- 0x0000000000000001
mem[X,0x0000000080000CE4] -> 0x9593
mem[X,0x0000000080000CE6] -> 0x0275
[830] [M]: 0x0000000080000CE4 (0x02759593) slli a1, a1, 0x27
x11 <- 0x0000008000000000
mem[X,0x0000000080000CE8] -> 0xC593
mem[X,0x0000000080000CEA] -> 0xFFF5
[831] [M]: 0x0000000080000CE8 (0xFFF5C593) xori a1, a1, -0x1
x11 <- 0xFFFFFF7FFFFFFFFF
mem[X,0x0000000080000CEC] -> 0x063B
mem[X,0x0000000080000CEE] -> 0x40B5
[832] [M]: 0x0000000080000CEC (0x40B5063B) subw a2, a0, a1
x12 <- 0x000000000000000A
mem[X,0x0000000080000CF0] -> 0xB023
mem[X,0x0000000080000CF2] -> 0x2CC2
[833] [M]: 0x0000000080000CF0 (0x2CC2B023) sd a2, 0x2c0(t0)
mem[0x000000008000B468] <- 0x000000000000000A
mem[X,0x0000000080000CF4] -> 0x0513
mem[X,0x0000000080000CF6] -> 0xFF60
[834] [M]: 0x0000000080000CF4 (0xFF600513) addi a0, zero, -0xa
x10 <- 0xFFFFFFFFFFFFFFF6
mem[X,0x0000000080000CF8] -> 0x0593
mem[X,0x0000000080000CFA] -> 0x0010
[835] [M]: 0x0000000080000CF8 (0x00100593) addi a1, zero, 0x1
x11 <- 0x0000000000000001
mem[X,0x0000000080000CFC] -> 0x9593
mem[X,0x0000000080000CFE] -> 0x0285
[836] [M]: 0x0000000080000CFC (0x02859593) slli a1, a1, 0x28
x11 <- 0x0000010000000000
mem[X,0x0000000080000D00] -> 0xC593
mem[X,0x0000000080000D02] -> 0xFFF5
[837] [M]: 0x0000000080000D00 (0xFFF5C593) xori a1, a1, -0x1
x11 <- 0xFFFFFEFFFFFFFFFF
mem[X,0x0000000080000D04] -> 0x063B
mem[X,0x0000000080000D06] -> 0x40B5
[838] [M]: 0x0000000080000D04 (0x40B5063B) subw a2, a0, a1
x12 <- 0xFFFFFFFFFFFFFFF7
mem[X,0x0000000080000D08] -> 0xB423
mem[X,0x0000000080000D0A] -> 0x2CC2
[839] [M]: 0x0000000080000D08 (0x2CC2B423) sd a2, 0x2c8(t0)
mem[0x000000008000B470] <- 0xFFFFFFFFFFFFFFF7
mem[X,0x0000000080000D0C] -> 0x0513
mem[X,0x0000000080000D0E] -> 0x0010
[840] [M]: 0x0000000080000D0C (0x00100513) addi a0, zero, 0x1
x10 <- 0x0000000000000001
mem[X,0x0000000080000D10] -> 0x1513
mem[X,0x0000000080000D12] -> 0x03B5
[841] [M]: 0x0000000080000D10 (0x03B51513) slli a0, a0, 0x3b
x10 <- 0x0800000000000000
mem[X,0x0000000080000D14] -> 0x0593
mem[X,0x0000000080000D16] -> 0x0010
[842] [M]: 0x0000000080000D14 (0x00100593) addi a1, zero, 0x1
x11 <- 0x0000000000000001
mem[X,0x0000000080000D18] -> 0x9593
mem[X,0x0000000080000D1A] -> 0x0295
[843] [M]: 0x0000000080000D18 (0x02959593) slli a1, a1, 0x29
x11 <- 0x0000020000000000
mem[X,0x0000000080000D1C] -> 0xC593
mem[X,0x0000000080000D1E] -> 0xFFF5
[844] [M]: 0x0000000080000D1C (0xFFF5C593) xori a1, a1, -0x1
x11 <- 0xFFFFFDFFFFFFFFFF
mem[X,0x0000000080000D20] -> 0x063B
mem[X,0x0000000080000D22] -> 0x40B5
[845] [M]: 0x0000000080000D20 (0x40B5063B) subw a2, a0, a1
x12 <- 0x0000000000000001
mem[X,0x0000000080000D24] -> 0xB823
mem[X,0x0000000080000D26] -> 0x2CC2
[846] [M]: 0x0000000080000D24 (0x2CC2B823) sd a2, 0x2d0(t0)
mem[0x000000008000B478] <- 0x0000000000000001
mem[X,0x0000000080000D28] -> 0x0513
mem[X,0x0000000080000D2A] -> 0x0010
[847] [M]: 0x0000000080000D28 (0x00100513) addi a0, zero, 0x1
x10 <- 0x0000000000000001
mem[X,0x0000000080000D2C] -> 0x1513
mem[X,0x0000000080000D2E] -> 0x0165
[848] [M]: 0x0000000080000D2C (0x01651513) slli a0, a0, 0x16
x10 <- 0x0000000000400000
mem[X,0x0000000080000D30] -> 0x4513
mem[X,0x0000000080000D32] -> 0xFFF5
[849] [M]: 0x0000000080000D30 (0xFFF54513) xori a0, a0, -0x1
x10 <- 0xFFFFFFFFFFBFFFFF
mem[X,0x0000000080000D34] -> 0x0593
mem[X,0x0000000080000D36] -> 0x0010
[850] [M]: 0x0000000080000D34 (0x00100593) addi a1, zero, 0x1
x11 <- 0x0000000000000001
mem[X,0x0000000080000D38] -> 0x9593
mem[X,0x0000000080000D3A] -> 0x02A5
[851] [M]: 0x0000000080000D38 (0x02A59593) slli a1, a1, 0x2a
x11 <- 0x0000040000000000
mem[X,0x0000000080000D3C] -> 0xC593
mem[X,0x0000000080000D3E] -> 0xFFF5
[852] [M]: 0x0000000080000D3C (0xFFF5C593) xori a1, a1, -0x1
x11 <- 0xFFFFFBFFFFFFFFFF
mem[X,0x0000000080000D40] -> 0x063B
mem[X,0x0000000080000D42] -> 0x40B5
[853] [M]: 0x0000000080000D40 (0x40B5063B) subw a2, a0, a1
x12 <- 0xFFFFFFFFFFC00000
mem[X,0x0000000080000D44] -> 0xBC23
mem[X,0x0000000080000D46] -> 0x2CC2
[854] [M]: 0x0000000080000D44 (0x2CC2BC23) sd a2, 0x2d8(t0)
mem[0x000000008000B480] <- 0xFFFFFFFFFFC00000
mem[X,0x0000000080000D48] -> 0x0513
mem[X,0x0000000080000D4A] -> 0x0020
[855] [M]: 0x0000000080000D48 (0x00200513) addi a0, zero, 0x2
x10 <- 0x0000000000000002
mem[X,0x0000000080000D4C] -> 0x0593
mem[X,0x0000000080000D4E] -> 0x0010
[856] [M]: 0x0000000080000D4C (0x00100593) addi a1, zero, 0x1
x11 <- 0x0000000000000001
mem[X,0x0000000080000D50] -> 0x9593
mem[X,0x0000000080000D52] -> 0x02B5
[857] [M]: 0x0000000080000D50 (0x02B59593) slli a1, a1, 0x2b
x11 <- 0x0000080000000000
mem[X,0x0000000080000D54] -> 0xC593
mem[X,0x0000000080000D56] -> 0xFFF5
[858] [M]: 0x0000000080000D54 (0xFFF5C593) xori a1, a1, -0x1
x11 <- 0xFFFFF7FFFFFFFFFF
mem[X,0x0000000080000D58] -> 0x063B
mem[X,0x0000000080000D5A] -> 0x40B5
[859] [M]: 0x0000000080000D58 (0x40B5063B) subw a2, a0, a1
x12 <- 0x0000000000000003
mem[X,0x0000000080000D5C] -> 0xB023
mem[X,0x0000000080000D5E] -> 0x2EC2
[860] [M]: 0x0000000080000D5C (0x2EC2B023) sd a2, 0x2e0(t0)
mem[0x000000008000B488] <- 0x0000000000000003
mem[X,0x0000000080000D60] -> 0x0513
mem[X,0x0000000080000D62] -> 0x0010
[861] [M]: 0x0000000080000D60 (0x00100513) addi a0, zero, 0x1
x10 <- 0x0000000000000001
mem[X,0x0000000080000D64] -> 0x1513
mem[X,0x0000000080000D66] -> 0x02C5
[862] [M]: 0x0000000080000D64 (0x02C51513) slli a0, a0, 0x2c
x10 <- 0x0000100000000000
mem[X,0x0000000080000D68] -> 0x0593
mem[X,0x0000000080000D6A] -> 0x0010
[863] [M]: 0x0000000080000D68 (0x00100593) addi a1, zero, 0x1
x11 <- 0x0000000000000001
mem[X,0x0000000080000D6C] -> 0x9593
mem[X,0x0000000080000D6E] -> 0x02C5
[864] [M]: 0x0000000080000D6C (0x02C59593) slli a1, a1, 0x2c
x11 <- 0x0000100000000000
mem[X,0x0000000080000D70] -> 0xC593
mem[X,0x0000000080000D72] -> 0xFFF5
[865] [M]: 0x0000000080000D70 (0xFFF5C593) xori a1, a1, -0x1
x11 <- 0xFFFFEFFFFFFFFFFF
mem[X,0x0000000080000D74] -> 0x063B
mem[X,0x0000000080000D76] -> 0x40B5
[866] [M]: 0x0000000080000D74 (0x40B5063B) subw a2, a0, a1
x12 <- 0x0000000000000001
mem[X,0x0000000080000D78] -> 0xB423
mem[X,0x0000000080000D7A] -> 0x2EC2
[867] [M]: 0x0000000080000D78 (0x2EC2B423) sd a2, 0x2e8(t0)
mem[0x000000008000B490] <- 0x0000000000000001
mem[X,0x0000000080000D7C] -> 0x0513
mem[X,0x0000000080000D7E] -> 0x0010
[868] [M]: 0x0000000080000D7C (0x00100513) addi a0, zero, 0x1
x10 <- 0x0000000000000001
mem[X,0x0000000080000D80] -> 0x1513
mem[X,0x0000000080000D82] -> 0x0175
[869] [M]: 0x0000000080000D80 (0x01751513) slli a0, a0, 0x17
x10 <- 0x0000000000800000
mem[X,0x0000000080000D84] -> 0x0593
mem[X,0x0000000080000D86] -> 0x0010
[870] [M]: 0x0000000080000D84 (0x00100593) addi a1, zero, 0x1
x11 <- 0x0000000000000001
mem[X,0x0000000080000D88] -> 0x9593
mem[X,0x0000000080000D8A] -> 0x02D5
[871] [M]: 0x0000000080000D88 (0x02D59593) slli a1, a1, 0x2d
x11 <- 0x0000200000000000
mem[X,0x0000000080000D8C] -> 0xC593
mem[X,0x0000000080000D8E] -> 0xFFF5
[872] [M]: 0x0000000080000D8C (0xFFF5C593) xori a1, a1, -0x1
x11 <- 0xFFFFDFFFFFFFFFFF
mem[X,0x0000000080000D90] -> 0x063B
mem[X,0x0000000080000D92] -> 0x40B5
[873] [M]: 0x0000000080000D90 (0x40B5063B) subw a2, a0, a1
x12 <- 0x0000000000800001
mem[X,0x0000000080000D94] -> 0xB823
mem[X,0x0000000080000D96] -> 0x2EC2
[874] [M]: 0x0000000080000D94 (0x2EC2B823) sd a2, 0x2f0(t0)
mem[0x000000008000B498] <- 0x0000000000800001
mem[X,0x0000000080000D98] -> 0x0513
mem[X,0x0000000080000D9A] -> 0x0000
[875] [M]: 0x0000000080000D98 (0x00000513) addi a0, zero, 0x0
x10 <- 0x0000000000000000
mem[X,0x0000000080000D9C] -> 0x0593
mem[X,0x0000000080000D9E] -> 0x0010
[876] [M]: 0x0000000080000D9C (0x00100593) addi a1, zero, 0x1
x11 <- 0x0000000000000001
mem[X,0x0000000080000DA0] -> 0x9593
mem[X,0x0000000080000DA2] -> 0x02E5
[877] [M]: 0x0000000080000DA0 (0x02E59593) slli a1, a1, 0x2e
x11 <- 0x0000400000000000
mem[X,0x0000000080000DA4] -> 0xC593
mem[X,0x0000000080000DA6] -> 0xFFF5
[878] [M]: 0x0000000080000DA4 (0xFFF5C593) xori a1, a1, -0x1
x11 <- 0xFFFFBFFFFFFFFFFF
mem[X,0x0000000080000DA8] -> 0x063B
mem[X,0x0000000080000DAA] -> 0x40B5
[879] [M]: 0x0000000080000DA8 (0x40B5063B) subw a2, a0, a1
x12 <- 0x0000000000000001
mem[X,0x0000000080000DAC] -> 0xBC23
mem[X,0x0000000080000DAE] -> 0x2EC2
[880] [M]: 0x0000000080000DAC (0x2EC2BC23) sd a2, 0x2f8(t0)
mem[0x000000008000B4A0] <- 0x0000000000000001
mem[X,0x0000000080000DB0] -> 0x0513
mem[X,0x0000000080000DB2] -> 0x0010
[881] [M]: 0x0000000080000DB0 (0x00100513) addi a0, zero, 0x1
x10 <- 0x0000000000000001
mem[X,0x0000000080000DB4] -> 0x1513
mem[X,0x0000000080000DB6] -> 0x0355
[882] [M]: 0x0000000080000DB4 (0x03551513) slli a0, a0, 0x35
x10 <- 0x0020000000000000
mem[X,0x0000000080000DB8] -> 0x4513
mem[X,0x0000000080000DBA] -> 0xFFF5
[883] [M]: 0x0000000080000DB8 (0xFFF54513) xori a0, a0, -0x1
x10 <- 0xFFDFFFFFFFFFFFFF
mem[X,0x0000000080000DBC] -> 0x0593
mem[X,0x0000000080000DBE] -> 0x0010
[884] [M]: 0x0000000080000DBC (0x00100593) addi a1, zero, 0x1
x11 <- 0x0000000000000001
mem[X,0x0000000080000DC0] -> 0x9593
mem[X,0x0000000080000DC2] -> 0x02F5
[885] [M]: 0x0000000080000DC0 (0x02F59593) slli a1, a1, 0x2f
x11 <- 0x0000800000000000
mem[X,0x0000000080000DC4] -> 0xC593
mem[X,0x0000000080000DC6] -> 0xFFF5
[886] [M]: 0x0000000080000DC4 (0xFFF5C593) xori a1, a1, -0x1
x11 <- 0xFFFF7FFFFFFFFFFF
mem[X,0x0000000080000DC8] -> 0x063B
mem[X,0x0000000080000DCA] -> 0x40B5
[887] [M]: 0x0000000080000DC8 (0x40B5063B) subw a2, a0, a1
x12 <- 0x0000000000000000
mem[X,0x0000000080000DCC] -> 0xB023
mem[X,0x0000000080000DCE] -> 0x30C2
[888] [M]: 0x0000000080000DCC (0x30C2B023) sd a2, 0x300(t0)
mem[0x000000008000B4A8] <- 0x0000000000000000
mem[X,0x0000000080000DD0] -> 0x0513
mem[X,0x0000000080000DD2] -> 0xFFF0
[889] [M]: 0x0000000080000DD0 (0xFFF00513) addi a0, zero, -0x1
x10 <- 0xFFFFFFFFFFFFFFFF
mem[X,0x0000000080000DD4] -> 0x0593
mem[X,0x0000000080000DD6] -> 0x0010
[890] [M]: 0x0000000080000DD4 (0x00100593) addi a1, zero, 0x1
x11 <- 0x0000000000000001
mem[X,0x0000000080000DD8] -> 0x9593
mem[X,0x0000000080000DDA] -> 0x0305
[891] [M]: 0x0000000080000DD8 (0x03059593) slli a1, a1, 0x30
x11 <- 0x0001000000000000
mem[X,0x0000000080000DDC] -> 0xC593
mem[X,0x0000000080000DDE] -> 0xFFF5
[892] [M]: 0x0000000080000DDC (0xFFF5C593) xori a1, a1, -0x1
x11 <- 0xFFFEFFFFFFFFFFFF
mem[X,0x0000000080000DE0] -> 0x063B
mem[X,0x0000000080000DE2] -> 0x40B5
[893] [M]: 0x0000000080000DE0 (0x40B5063B) subw a2, a0, a1
x12 <- 0x0000000000000000
mem[X,0x0000000080000DE4] -> 0xB423
mem[X,0x0000000080000DE6] -> 0x30C2
[894] [M]: 0x0000000080000DE4 (0x30C2B423) sd a2, 0x308(t0)
mem[0x000000008000B4B0] <- 0x0000000000000000
mem[X,0x0000000080000DE8] -> 0x5537
mem[X,0x0000000080000DEA] -> 0x5555
[895] [M]: 0x0000000080000DE8 (0x55555537) lui a0, 0x55555
x10 <- 0x0000000055555000
mem[X,0x0000000080000DEC] -> 0x0513
mem[X,0x0000000080000DEE] -> 0x5555
[896] [M]: 0x0000000080000DEC (0x55550513) addi a0, a0, 0x555
x10 <- 0x0000000055555555
mem[X,0x0000000080000DF0] -> 0x1513
mem[X,0x0000000080000DF2] -> 0x00B5
[897] [M]: 0x0000000080000DF0 (0x00B51513) slli a0, a0, 0xb
x10 <- 0x000002AAAAAAA800
mem[X,0x0000000080000DF4] -> 0x0513
mem[X,0x0000000080000DF6] -> 0x2AA5
[898] [M]: 0x0000000080000DF4 (0x2AA50513) addi a0, a0, 0x2aa
x10 <- 0x000002AAAAAAAAAA
mem[X,0x0000000080000DF8] -> 0x1513
mem[X,0x0000000080000DFA] -> 0x00B5
[899] [M]: 0x0000000080000DF8 (0x00B51513) slli a0, a0, 0xb
x10 <- 0x0015555555555000
clint::tick mtime <- 0x0000000000000009
 clint timer pending at mtime 0x0000000000000009
htif::tick 0x0000000000000000
mem[X,0x0000000080000DFC] -> 0x0513
mem[X,0x0000000080000DFE] -> 0x5555
[900] [M]: 0x0000000080000DFC (0x55550513) addi a0, a0, 0x555
x10 <- 0x0015555555555555
mem[X,0x0000000080000E00] -> 0x1513
mem[X,0x0000000080000E02] -> 0x00A5
[901] [M]: 0x0000000080000E00 (0x00A51513) slli a0, a0, 0xa
x10 <- 0x5555555555555400
mem[X,0x0000000080000E04] -> 0x0513
mem[X,0x0000000080000E06] -> 0x1545
[902] [M]: 0x0000000080000E04 (0x15450513) addi a0, a0, 0x154
x10 <- 0x5555555555555554
mem[X,0x0000000080000E08] -> 0x0593
mem[X,0x0000000080000E0A] -> 0x0010
[903] [M]: 0x0000000080000E08 (0x00100593) addi a1, zero, 0x1
x11 <- 0x0000000000000001
mem[X,0x0000000080000E0C] -> 0x9593
mem[X,0x0000000080000E0E] -> 0x0315
[904] [M]: 0x0000000080000E0C (0x03159593) slli a1, a1, 0x31
x11 <- 0x0002000000000000
mem[X,0x0000000080000E10] -> 0xC593
mem[X,0x0000000080000E12] -> 0xFFF5
[905] [M]: 0x0000000080000E10 (0xFFF5C593) xori a1, a1, -0x1
x11 <- 0xFFFDFFFFFFFFFFFF
mem[X,0x0000000080000E14] -> 0x063B
mem[X,0x0000000080000E16] -> 0x40B5
[906] [M]: 0x0000000080000E14 (0x40B5063B) subw a2, a0, a1
x12 <- 0x0000000055555555
mem[X,0x0000000080000E18] -> 0xB823
mem[X,0x0000000080000E1A] -> 0x30C2
[907] [M]: 0x0000000080000E18 (0x30C2B823) sd a2, 0x310(t0)
mem[0x000000008000B4B8] <- 0x0000000055555555
mem[X,0x0000000080000E1C] -> 0x3537
mem[X,0x0000000080000E1E] -> 0x3333
[908] [M]: 0x0000000080000E1C (0x33333537) lui a0, 0x33333
x10 <- 0x0000000033333000
mem[X,0x0000000080000E20] -> 0x0513
mem[X,0x0000000080000E22] -> 0x3335
[909] [M]: 0x0000000080000E20 (0x33350513) addi a0, a0, 0x333
x10 <- 0x0000000033333333
mem[X,0x0000000080000E24] -> 0x1513
mem[X,0x0000000080000E26] -> 0x00B5
[910] [M]: 0x0000000080000E24 (0x00B51513) slli a0, a0, 0xb
x10 <- 0x0000019999999800
mem[X,0x0000000080000E28] -> 0x0513
mem[X,0x0000000080000E2A] -> 0x1995
[911] [M]: 0x0000000080000E28 (0x19950513) addi a0, a0, 0x199
x10 <- 0x0000019999999999
mem[X,0x0000000080000E2C] -> 0x1513
mem[X,0x0000000080000E2E] -> 0x00B5
[912] [M]: 0x0000000080000E2C (0x00B51513) slli a0, a0, 0xb
x10 <- 0x000CCCCCCCCCC800
mem[X,0x0000000080000E30] -> 0x0513
mem[X,0x0000000080000E32] -> 0x4CC5
[913] [M]: 0x0000000080000E30 (0x4CC50513) addi a0, a0, 0x4cc
x10 <- 0x000CCCCCCCCCCCCC
mem[X,0x0000000080000E34] -> 0x1513
mem[X,0x0000000080000E36] -> 0x00A5
[914] [M]: 0x0000000080000E34 (0x00A51513) slli a0, a0, 0xa
x10 <- 0x3333333333333000
mem[X,0x0000000080000E38] -> 0x0513
mem[X,0x0000000080000E3A] -> 0x3345
[915] [M]: 0x0000000080000E38 (0x33450513) addi a0, a0, 0x334
x10 <- 0x3333333333333334
mem[X,0x0000000080000E3C] -> 0x0593
mem[X,0x0000000080000E3E] -> 0x0010
[916] [M]: 0x0000000080000E3C (0x00100593) addi a1, zero, 0x1
x11 <- 0x0000000000000001
mem[X,0x0000000080000E40] -> 0x9593
mem[X,0x0000000080000E42] -> 0x0325
[917] [M]: 0x0000000080000E40 (0x03259593) slli a1, a1, 0x32
x11 <- 0x0004000000000000
mem[X,0x0000000080000E44] -> 0xC593
mem[X,0x0000000080000E46] -> 0xFFF5
[918] [M]: 0x0000000080000E44 (0xFFF5C593) xori a1, a1, -0x1
x11 <- 0xFFFBFFFFFFFFFFFF
mem[X,0x0000000080000E48] -> 0x063B
mem[X,0x0000000080000E4A] -> 0x40B5
[919] [M]: 0x0000000080000E48 (0x40B5063B) subw a2, a0, a1
x12 <- 0x0000000033333335
mem[X,0x0000000080000E4C] -> 0xBC23
mem[X,0x0000000080000E4E] -> 0x30C2
[920] [M]: 0x0000000080000E4C (0x30C2BC23) sd a2, 0x318(t0)
mem[0x000000008000B4C0] <- 0x0000000033333335
mem[X,0x0000000080000E50] -> 0x0513
mem[X,0x0000000080000E52] -> 0x0010
[921] [M]: 0x0000000080000E50 (0x00100513) addi a0, zero, 0x1
x10 <- 0x0000000000000001
mem[X,0x0000000080000E54] -> 0x1513
mem[X,0x0000000080000E56] -> 0x02E5
[922] [M]: 0x0000000080000E54 (0x02E51513) slli a0, a0, 0x2e
x10 <- 0x0000400000000000
mem[X,0x0000000080000E58] -> 0x0593
mem[X,0x0000000080000E5A] -> 0x0010
[923] [M]: 0x0000000080000E58 (0x00100593) addi a1, zero, 0x1
x11 <- 0x0000000000000001
mem[X,0x0000000080000E5C] -> 0x9593
mem[X,0x0000000080000E5E] -> 0x0335
[924] [M]: 0x0000000080000E5C (0x03359593) slli a1, a1, 0x33
x11 <- 0x0008000000000000
mem[X,0x0000000080000E60] -> 0xC593
mem[X,0x0000000080000E62] -> 0xFFF5
[925] [M]: 0x0000000080000E60 (0xFFF5C593) xori a1, a1, -0x1
x11 <- 0xFFF7FFFFFFFFFFFF
mem[X,0x0000000080000E64] -> 0x063B
mem[X,0x0000000080000E66] -> 0x40B5
[926] [M]: 0x0000000080000E64 (0x40B5063B) subw a2, a0, a1
x12 <- 0x0000000000000001
mem[X,0x0000000080000E68] -> 0xB023
mem[X,0x0000000080000E6A] -> 0x32C2
[927] [M]: 0x0000000080000E68 (0x32C2B023) sd a2, 0x320(t0)
mem[0x000000008000B4C8] <- 0x0000000000000001
mem[X,0x0000000080000E6C] -> 0x0537
mem[X,0x0000000080000E6E] -> 0x0000
[928] [M]: 0x0000000080000E6C (0x00000537) lui a0, 0x0
x10 <- 0x0000000000000000
mem[X,0x0000000080000E70] -> 0x0513
mem[X,0x0000000080000E72] -> 0xFFF5
[929] [M]: 0x0000000080000E70 (0xFFF50513) addi a0, a0, -0x1
x10 <- 0xFFFFFFFFFFFFFFFF
mem[X,0x0000000080000E74] -> 0x1513
mem[X,0x0000000080000E76] -> 0x00B5
[930] [M]: 0x0000000080000E74 (0x00B51513) slli a0, a0, 0xb
x10 <- 0xFFFFFFFFFFFFF800
mem[X,0x0000000080000E78] -> 0x0513
mem[X,0x0000000080000E7A] -> 0x2575
[931] [M]: 0x0000000080000E78 (0x25750513) addi a0, a0, 0x257
x10 <- 0xFFFFFFFFFFFFFA57
mem[X,0x0000000080000E7C] -> 0x1513
mem[X,0x0000000080000E7E] -> 0x00B5
[932] [M]: 0x0000000080000E7C (0x00B51513) slli a0, a0, 0xb
x10 <- 0xFFFFFFFFFFD2B800
mem[X,0x0000000080000E80] -> 0x0513
mem[X,0x0000000080000E82] -> 0x6C35
[933] [M]: 0x0000000080000E80 (0x6C350513) addi a0, a0, 0x6c3
x10 <- 0xFFFFFFFFFFD2BEC3
mem[X,0x0000000080000E84] -> 0x1513
mem[X,0x0000000080000E86] -> 0x00A5
[934] [M]: 0x0000000080000E84 (0x00A51513) slli a0, a0, 0xa
x10 <- 0xFFFFFFFF4AFB0C00
mem[X,0x0000000080000E88] -> 0x0513
mem[X,0x0000000080000E8A] -> 0x0CD5
[935] [M]: 0x0000000080000E88 (0x0CD50513) addi a0, a0, 0xcd
x10 <- 0xFFFFFFFF4AFB0CCD
mem[X,0x0000000080000E8C] -> 0x0593
mem[X,0x0000000080000E8E] -> 0x0010
[936] [M]: 0x0000000080000E8C (0x00100593) addi a1, zero, 0x1
x11 <- 0x0000000000000001
mem[X,0x0000000080000E90] -> 0x9593
mem[X,0x0000000080000E92] -> 0x0345
[937] [M]: 0x0000000080000E90 (0x03459593) slli a1, a1, 0x34
x11 <- 0x0010000000000000
mem[X,0x0000000080000E94] -> 0xC593
mem[X,0x0000000080000E96] -> 0xFFF5
[938] [M]: 0x0000000080000E94 (0xFFF5C593) xori a1, a1, -0x1
x11 <- 0xFFEFFFFFFFFFFFFF
mem[X,0x0000000080000E98] -> 0x063B
mem[X,0x0000000080000E9A] -> 0x40B5
[939] [M]: 0x0000000080000E98 (0x40B5063B) subw a2, a0, a1
x12 <- 0x000000004AFB0CCE
mem[X,0x0000000080000E9C] -> 0xB423
mem[X,0x0000000080000E9E] -> 0x32C2
[940] [M]: 0x0000000080000E9C (0x32C2B423) sd a2, 0x328(t0)
mem[0x000000008000B4D0] <- 0x000000004AFB0CCE
mem[X,0x0000000080000EA0] -> 0x0513
mem[X,0x0000000080000EA2] -> 0x0010
[941] [M]: 0x0000000080000EA0 (0x00100513) addi a0, zero, 0x1
x10 <- 0x0000000000000001
mem[X,0x0000000080000EA4] -> 0x1513
mem[X,0x0000000080000EA6] -> 0x0175
[942] [M]: 0x0000000080000EA4 (0x01751513) slli a0, a0, 0x17
x10 <- 0x0000000000800000
mem[X,0x0000000080000EA8] -> 0x0593
mem[X,0x0000000080000EAA] -> 0x0010
[943] [M]: 0x0000000080000EA8 (0x00100593) addi a1, zero, 0x1
x11 <- 0x0000000000000001
mem[X,0x0000000080000EAC] -> 0x9593
mem[X,0x0000000080000EAE] -> 0x0355
[944] [M]: 0x0000000080000EAC (0x03559593) slli a1, a1, 0x35
x11 <- 0x0020000000000000
mem[X,0x0000000080000EB0] -> 0xC593
mem[X,0x0000000080000EB2] -> 0xFFF5
[945] [M]: 0x0000000080000EB0 (0xFFF5C593) xori a1, a1, -0x1
x11 <- 0xFFDFFFFFFFFFFFFF
mem[X,0x0000000080000EB4] -> 0x063B
mem[X,0x0000000080000EB6] -> 0x40B5
[946] [M]: 0x0000000080000EB4 (0x40B5063B) subw a2, a0, a1
x12 <- 0x0000000000800001
mem[X,0x0000000080000EB8] -> 0xB823
mem[X,0x0000000080000EBA] -> 0x32C2
[947] [M]: 0x0000000080000EB8 (0x32C2B823) sd a2, 0x330(t0)
mem[0x000000008000B4D8] <- 0x0000000000800001
mem[X,0x0000000080000EBC] -> 0x0513
mem[X,0x0000000080000EBE] -> 0x0040
[948] [M]: 0x0000000080000EBC (0x00400513) addi a0, zero, 0x4
x10 <- 0x0000000000000004
mem[X,0x0000000080000EC0] -> 0x0593
mem[X,0x0000000080000EC2] -> 0x0010
[949] [M]: 0x0000000080000EC0 (0x00100593) addi a1, zero, 0x1
x11 <- 0x0000000000000001
mem[X,0x0000000080000EC4] -> 0x9593
mem[X,0x0000000080000EC6] -> 0x0365
[950] [M]: 0x0000000080000EC4 (0x03659593) slli a1, a1, 0x36
x11 <- 0x0040000000000000
mem[X,0x0000000080000EC8] -> 0xC593
mem[X,0x0000000080000ECA] -> 0xFFF5
[951] [M]: 0x0000000080000EC8 (0xFFF5C593) xori a1, a1, -0x1
x11 <- 0xFFBFFFFFFFFFFFFF
mem[X,0x0000000080000ECC] -> 0x063B
mem[X,0x0000000080000ECE] -> 0x40B5
[952] [M]: 0x0000000080000ECC (0x40B5063B) subw a2, a0, a1
x12 <- 0x0000000000000005
mem[X,0x0000000080000ED0] -> 0xBC23
mem[X,0x0000000080000ED2] -> 0x32C2
[953] [M]: 0x0000000080000ED0 (0x32C2BC23) sd a2, 0x338(t0)
mem[0x000000008000B4E0] <- 0x0000000000000005
mem[X,0x0000000080000ED4] -> 0x0513
mem[X,0x0000000080000ED6] -> 0x0010
[954] [M]: 0x0000000080000ED4 (0x00100513) addi a0, zero, 0x1
x10 <- 0x0000000000000001
mem[X,0x0000000080000ED8] -> 0x1513
mem[X,0x0000000080000EDA] -> 0x01C5
[955] [M]: 0x0000000080000ED8 (0x01C51513) slli a0, a0, 0x1c
x10 <- 0x0000000010000000
mem[X,0x0000000080000EDC] -> 0x4513
mem[X,0x0000000080000EDE] -> 0xFFF5
[956] [M]: 0x0000000080000EDC (0xFFF54513) xori a0, a0, -0x1
x10 <- 0xFFFFFFFFEFFFFFFF
mem[X,0x0000000080000EE0] -> 0x0593
mem[X,0x0000000080000EE2] -> 0x0010
[957] [M]: 0x0000000080000EE0 (0x00100593) addi a1, zero, 0x1
x11 <- 0x0000000000000001
mem[X,0x0000000080000EE4] -> 0x9593
mem[X,0x0000000080000EE6] -> 0x0375
[958] [M]: 0x0000000080000EE4 (0x03759593) slli a1, a1, 0x37
x11 <- 0x0080000000000000
mem[X,0x0000000080000EE8] -> 0xC593
mem[X,0x0000000080000EEA] -> 0xFFF5
[959] [M]: 0x0000000080000EE8 (0xFFF5C593) xori a1, a1, -0x1
x11 <- 0xFF7FFFFFFFFFFFFF
mem[X,0x0000000080000EEC] -> 0x063B
mem[X,0x0000000080000EEE] -> 0x40B5
[960] [M]: 0x0000000080000EEC (0x40B5063B) subw a2, a0, a1
x12 <- 0xFFFFFFFFF0000000
mem[X,0x0000000080000EF0] -> 0xB023
mem[X,0x0000000080000EF2] -> 0x34C2
[961] [M]: 0x0000000080000EF0 (0x34C2B023) sd a2, 0x340(t0)
mem[0x000000008000B4E8] <- 0xFFFFFFFFF0000000
mem[X,0x0000000080000EF4] -> 0x0513
mem[X,0x0000000080000EF6] -> 0x0010
[962] [M]: 0x0000000080000EF4 (0x00100513) addi a0, zero, 0x1
x10 <- 0x0000000000000001
mem[X,0x0000000080000EF8] -> 0x1513
mem[X,0x0000000080000EFA] -> 0x02E5
[963] [M]: 0x0000000080000EF8 (0x02E51513) slli a0, a0, 0x2e
x10 <- 0x0000400000000000
mem[X,0x0000000080000EFC] -> 0x0593
mem[X,0x0000000080000EFE] -> 0x0010
[964] [M]: 0x0000000080000EFC (0x00100593) addi a1, zero, 0x1
x11 <- 0x0000000000000001
mem[X,0x0000000080000F00] -> 0x9593
mem[X,0x0000000080000F02] -> 0x0385
[965] [M]: 0x0000000080000F00 (0x03859593) slli a1, a1, 0x38
x11 <- 0x0100000000000000
mem[X,0x0000000080000F04] -> 0xC593
mem[X,0x0000000080000F06] -> 0xFFF5
[966] [M]: 0x0000000080000F04 (0xFFF5C593) xori a1, a1, -0x1
x11 <- 0xFEFFFFFFFFFFFFFF
mem[X,0x0000000080000F08] -> 0x063B
mem[X,0x0000000080000F0A] -> 0x40B5
[967] [M]: 0x0000000080000F08 (0x40B5063B) subw a2, a0, a1
x12 <- 0x0000000000000001
mem[X,0x0000000080000F0C] -> 0xB423
mem[X,0x0000000080000F0E] -> 0x34C2
[968] [M]: 0x0000000080000F0C (0x34C2B423) sd a2, 0x348(t0)
mem[0x000000008000B4F0] <- 0x0000000000000001
mem[X,0x0000000080000F10] -> 0x0513
mem[X,0x0000000080000F12] -> 0x0010
[969] [M]: 0x0000000080000F10 (0x00100513) addi a0, zero, 0x1
x10 <- 0x0000000000000001
mem[X,0x0000000080000F14] -> 0x1513
mem[X,0x0000000080000F16] -> 0x0155
[970] [M]: 0x0000000080000F14 (0x01551513) slli a0, a0, 0x15
x10 <- 0x0000000000200000
mem[X,0x0000000080000F18] -> 0x4513
mem[X,0x0000000080000F1A] -> 0xFFF5
[971] [M]: 0x0000000080000F18 (0xFFF54513) xori a0, a0, -0x1
x10 <- 0xFFFFFFFFFFDFFFFF
mem[X,0x0000000080000F1C] -> 0x0593
mem[X,0x0000000080000F1E] -> 0x0010
[972] [M]: 0x0000000080000F1C (0x00100593) addi a1, zero, 0x1
x11 <- 0x0000000000000001
mem[X,0x0000000080000F20] -> 0x9593
mem[X,0x0000000080000F22] -> 0x0395
[973] [M]: 0x0000000080000F20 (0x03959593) slli a1, a1, 0x39
x11 <- 0x0200000000000000
mem[X,0x0000000080000F24] -> 0xC593
mem[X,0x0000000080000F26] -> 0xFFF5
[974] [M]: 0x0000000080000F24 (0xFFF5C593) xori a1, a1, -0x1
x11 <- 0xFDFFFFFFFFFFFFFF
mem[X,0x0000000080000F28] -> 0x063B
mem[X,0x0000000080000F2A] -> 0x40B5
[975] [M]: 0x0000000080000F28 (0x40B5063B) subw a2, a0, a1
x12 <- 0xFFFFFFFFFFE00000
mem[X,0x0000000080000F2C] -> 0xB823
mem[X,0x0000000080000F2E] -> 0x34C2
[976] [M]: 0x0000000080000F2C (0x34C2B823) sd a2, 0x350(t0)
mem[0x000000008000B4F8] <- 0xFFFFFFFFFFE00000
mem[X,0x0000000080000F30] -> 0x0537
mem[X,0x0000000080000F32] -> 0x0000
[977] [M]: 0x0000000080000F30 (0x00000537) lui a0, 0x0
x10 <- 0x0000000000000000
mem[X,0x0000000080000F34] -> 0x0513
mem[X,0x0000000080000F36] -> 0xFFF5
[978] [M]: 0x0000000080000F34 (0xFFF50513) addi a0, a0, -0x1
x10 <- 0xFFFFFFFFFFFFFFFF
mem[X,0x0000000080000F38] -> 0x1513
mem[X,0x0000000080000F3A] -> 0x00B5
[979] [M]: 0x0000000080000F38 (0x00B51513) slli a0, a0, 0xb
x10 <- 0xFFFFFFFFFFFFF800
mem[X,0x0000000080000F3C] -> 0x0513
mem[X,0x0000000080000F3E] -> 0x2575
[980] [M]: 0x0000000080000F3C (0x25750513) addi a0, a0, 0x257
x10 <- 0xFFFFFFFFFFFFFA57
mem[X,0x0000000080000F40] -> 0x1513
mem[X,0x0000000080000F42] -> 0x00B5
[981] [M]: 0x0000000080000F40 (0x00B51513) slli a0, a0, 0xb
x10 <- 0xFFFFFFFFFFD2B800
mem[X,0x0000000080000F44] -> 0x0513
mem[X,0x0000000080000F46] -> 0x6C35
[982] [M]: 0x0000000080000F44 (0x6C350513) addi a0, a0, 0x6c3
x10 <- 0xFFFFFFFFFFD2BEC3
mem[X,0x0000000080000F48] -> 0x1513
mem[X,0x0000000080000F4A] -> 0x00A5
[983] [M]: 0x0000000080000F48 (0x00A51513) slli a0, a0, 0xa
x10 <- 0xFFFFFFFF4AFB0C00
mem[X,0x0000000080000F4C] -> 0x0513
mem[X,0x0000000080000F4E] -> 0x0CE5
[984] [M]: 0x0000000080000F4C (0x0CE50513) addi a0, a0, 0xce
x10 <- 0xFFFFFFFF4AFB0CCE
mem[X,0x0000000080000F50] -> 0x0593
mem[X,0x0000000080000F52] -> 0x0010
[985] [M]: 0x0000000080000F50 (0x00100593) addi a1, zero, 0x1
x11 <- 0x0000000000000001
mem[X,0x0000000080000F54] -> 0x9593
mem[X,0x0000000080000F56] -> 0x03A5
[986] [M]: 0x0000000080000F54 (0x03A59593) slli a1, a1, 0x3a
x11 <- 0x0400000000000000
mem[X,0x0000000080000F58] -> 0xC593
mem[X,0x0000000080000F5A] -> 0xFFF5
[987] [M]: 0x0000000080000F58 (0xFFF5C593) xori a1, a1, -0x1
x11 <- 0xFBFFFFFFFFFFFFFF
mem[X,0x0000000080000F5C] -> 0x063B
mem[X,0x0000000080000F5E] -> 0x40B5
[988] [M]: 0x0000000080000F5C (0x40B5063B) subw a2, a0, a1
x12 <- 0x000000004AFB0CCF
mem[X,0x0000000080000F60] -> 0xBC23
mem[X,0x0000000080000F62] -> 0x34C2
[989] [M]: 0x0000000080000F60 (0x34C2BC23) sd a2, 0x358(t0)
mem[0x000000008000B500] <- 0x000000004AFB0CCF
mem[X,0x0000000080000F64] -> 0x0513
mem[X,0x0000000080000F66] -> 0x0010
[990] [M]: 0x0000000080000F64 (0x00100513) addi a0, zero, 0x1
x10 <- 0x0000000000000001
mem[X,0x0000000080000F68] -> 0x1513
mem[X,0x0000000080000F6A] -> 0x0345
[991] [M]: 0x0000000080000F68 (0x03451513) slli a0, a0, 0x34
x10 <- 0x0010000000000000
mem[X,0x0000000080000F6C] -> 0x4513
mem[X,0x0000000080000F6E] -> 0xFFF5
[992] [M]: 0x0000000080000F6C (0xFFF54513) xori a0, a0, -0x1
x10 <- 0xFFEFFFFFFFFFFFFF
mem[X,0x0000000080000F70] -> 0x0593
mem[X,0x0000000080000F72] -> 0x0010
[993] [M]: 0x0000000080000F70 (0x00100593) addi a1, zero, 0x1
x11 <- 0x0000000000000001
mem[X,0x0000000080000F74] -> 0x9593
mem[X,0x0000000080000F76] -> 0x03B5
[994] [M]: 0x0000000080000F74 (0x03B59593) slli a1, a1, 0x3b
x11 <- 0x0800000000000000
mem[X,0x0000000080000F78] -> 0xC593
mem[X,0x0000000080000F7A] -> 0xFFF5
[995] [M]: 0x0000000080000F78 (0xFFF5C593) xori a1, a1, -0x1
x11 <- 0xF7FFFFFFFFFFFFFF
mem[X,0x0000000080000F7C] -> 0x063B
mem[X,0x0000000080000F7E] -> 0x40B5
[996] [M]: 0x0000000080000F7C (0x40B5063B) subw a2, a0, a1
x12 <- 0x0000000000000000
mem[X,0x0000000080000F80] -> 0xB023
mem[X,0x0000000080000F82] -> 0x36C2
[997] [M]: 0x0000000080000F80 (0x36C2B023) sd a2, 0x360(t0)
mem[0x000000008000B508] <- 0x0000000000000000
mem[X,0x0000000080000F84] -> 0x0513
mem[X,0x0000000080000F86] -> 0xFF60
[998] [M]: 0x0000000080000F84 (0xFF600513) addi a0, zero, -0xa
x10 <- 0xFFFFFFFFFFFFFFF6
mem[X,0x0000000080000F88] -> 0x0593
mem[X,0x0000000080000F8A] -> 0x0010
[999] [M]: 0x0000000080000F88 (0x00100593) addi a1, zero, 0x1
x11 <- 0x0000000000000001
clint::tick mtime <- 0x000000000000000A
 clint timer pending at mtime 0x000000000000000A
htif::tick 0x0000000000000000
mem[X,0x0000000080000F8C] -> 0x9593
mem[X,0x0000000080000F8E] -> 0x03C5
[1000] [M]: 0x0000000080000F8C (0x03C59593) slli a1, a1, 0x3c
x11 <- 0x1000000000000000
mem[X,0x0000000080000F90] -> 0xC593
mem[X,0x0000000080000F92] -> 0xFFF5
[1001] [M]: 0x0000000080000F90 (0xFFF5C593) xori a1, a1, -0x1
x11 <- 0xEFFFFFFFFFFFFFFF
mem[X,0x0000000080000F94] -> 0x063B
mem[X,0x0000000080000F96] -> 0x40B5
[1002] [M]: 0x0000000080000F94 (0x40B5063B) subw a2, a0, a1
x12 <- 0xFFFFFFFFFFFFFFF7
mem[X,0x0000000080000F98] -> 0xB423
mem[X,0x0000000080000F9A] -> 0x36C2
[1003] [M]: 0x0000000080000F98 (0x36C2B423) sd a2, 0x368(t0)
mem[0x000000008000B510] <- 0xFFFFFFFFFFFFFFF7
mem[X,0x0000000080000F9C] -> 0x0513
mem[X,0x0000000080000F9E] -> 0x0010
[1004] [M]: 0x0000000080000F9C (0x00100513) addi a0, zero, 0x1
x10 <- 0x0000000000000001
mem[X,0x0000000080000FA0] -> 0x1513
mem[X,0x0000000080000FA2] -> 0x0205
[1005] [M]: 0x0000000080000FA0 (0x02051513) slli a0, a0, 0x20
x10 <- 0x0000000100000000
mem[X,0x0000000080000FA4] -> 0x0593
mem[X,0x0000000080000FA6] -> 0x0010
[1006] [M]: 0x0000000080000FA4 (0x00100593) addi a1, zero, 0x1
x11 <- 0x0000000000000001
mem[X,0x0000000080000FA8] -> 0x9593
mem[X,0x0000000080000FAA] -> 0x03D5
[1007] [M]: 0x0000000080000FA8 (0x03D59593) slli a1, a1, 0x3d
x11 <- 0x2000000000000000
mem[X,0x0000000080000FAC] -> 0xC593
mem[X,0x0000000080000FAE] -> 0xFFF5
[1008] [M]: 0x0000000080000FAC (0xFFF5C593) xori a1, a1, -0x1
x11 <- 0xDFFFFFFFFFFFFFFF
mem[X,0x0000000080000FB0] -> 0x063B
mem[X,0x0000000080000FB2] -> 0x40B5
[1009] [M]: 0x0000000080000FB0 (0x40B5063B) subw a2, a0, a1
x12 <- 0x0000000000000001
mem[X,0x0000000080000FB4] -> 0xB823
mem[X,0x0000000080000FB6] -> 0x36C2
[1010] [M]: 0x0000000080000FB4 (0x36C2B823) sd a2, 0x370(t0)
mem[0x000000008000B518] <- 0x0000000000000001
mem[X,0x0000000080000FB8] -> 0x0513
mem[X,0x0000000080000FBA] -> 0xFFE0
[1011] [M]: 0x0000000080000FB8 (0xFFE00513) addi a0, zero, -0x2
x10 <- 0xFFFFFFFFFFFFFFFE
mem[X,0x0000000080000FBC] -> 0x0593
mem[X,0x0000000080000FBE] -> 0x0010
[1012] [M]: 0x0000000080000FBC (0x00100593) addi a1, zero, 0x1
x11 <- 0x0000000000000001
mem[X,0x0000000080000FC0] -> 0x9593
mem[X,0x0000000080000FC2] -> 0x03E5
[1013] [M]: 0x0000000080000FC0 (0x03E59593) slli a1, a1, 0x3e
x11 <- 0x4000000000000000
mem[X,0x0000000080000FC4] -> 0xC593
mem[X,0x0000000080000FC6] -> 0xFFF5
[1014] [M]: 0x0000000080000FC4 (0xFFF5C593) xori a1, a1, -0x1
x11 <- 0xBFFFFFFFFFFFFFFF
mem[X,0x0000000080000FC8] -> 0x063B
mem[X,0x0000000080000FCA] -> 0x40B5
[1015] [M]: 0x0000000080000FC8 (0x40B5063B) subw a2, a0, a1
x12 <- 0xFFFFFFFFFFFFFFFF
mem[X,0x0000000080000FCC] -> 0xBC23
mem[X,0x0000000080000FCE] -> 0x36C2
[1016] [M]: 0x0000000080000FCC (0x36C2BC23) sd a2, 0x378(t0)
mem[0x000000008000B520] <- 0xFFFFFFFFFFFFFFFF
mem[X,0x0000000080000FD0] -> 0x0513
mem[X,0x0000000080000FD2] -> 0x0010
[1017] [M]: 0x0000000080000FD0 (0x00100513) addi a0, zero, 0x1
x10 <- 0x0000000000000001
mem[X,0x0000000080000FD4] -> 0x1513
mem[X,0x0000000080000FD6] -> 0x01D5
[1018] [M]: 0x0000000080000FD4 (0x01D51513) slli a0, a0, 0x1d
x10 <- 0x0000000020000000
mem[X,0x0000000080000FD8] -> 0x4513
mem[X,0x0000000080000FDA] -> 0xFFF5
[1019] [M]: 0x0000000080000FD8 (0xFFF54513) xori a0, a0, -0x1
x10 <- 0xFFFFFFFFDFFFFFFF
mem[X,0x0000000080000FDC] -> 0x55B7
mem[X,0x0000000080000FDE] -> 0x5555
[1020] [M]: 0x0000000080000FDC (0x555555B7) lui a1, 0x55555
x11 <- 0x0000000055555000
mem[X,0x0000000080000FE0] -> 0x8593
mem[X,0x0000000080000FE2] -> 0x5555
[1021] [M]: 0x0000000080000FE0 (0x55558593) addi a1, a1, 0x555
x11 <- 0x0000000055555555
mem[X,0x0000000080000FE4] -> 0x9593
mem[X,0x0000000080000FE6] -> 0x00B5
[1022] [M]: 0x0000000080000FE4 (0x00B59593) slli a1, a1, 0xb
x11 <- 0x000002AAAAAAA800
mem[X,0x0000000080000FE8] -> 0x8593
mem[X,0x0000000080000FEA] -> 0x2AA5
[1023] [M]: 0x0000000080000FE8 (0x2AA58593) addi a1, a1, 0x2aa
x11 <- 0x000002AAAAAAAAAA
mem[X,0x0000000080000FEC] -> 0x9593
mem[X,0x0000000080000FEE] -> 0x00B5
[1024] [M]: 0x0000000080000FEC (0x00B59593) slli a1, a1, 0xb
x11 <- 0x0015555555555000
mem[X,0x0000000080000FF0] -> 0x8593
mem[X,0x0000000080000FF2] -> 0x5555
[1025] [M]: 0x0000000080000FF0 (0x55558593) addi a1, a1, 0x555
x11 <- 0x0015555555555555
mem[X,0x0000000080000FF4] -> 0x9593
mem[X,0x0000000080000FF6] -> 0x00A5
[1026] [M]: 0x0000000080000FF4 (0x00A59593) slli a1, a1, 0xa
x11 <- 0x5555555555555400
mem[X,0x0000000080000FF8] -> 0x8593
mem[X,0x0000000080000FFA] -> 0x1555
[1027] [M]: 0x0000000080000FF8 (0x15558593) addi a1, a1, 0x155
x11 <- 0x5555555555555555
mem[X,0x0000000080000FFC] -> 0x063B
mem[X,0x0000000080000FFE] -> 0x40B5
[1028] [M]: 0x0000000080000FFC (0x40B5063B) subw a2, a0, a1
x12 <- 0xFFFFFFFF8AAAAAAA
mem[X,0x0000000080001000] -> 0xB023
mem[X,0x0000000080001002] -> 0x38C2
[1029] [M]: 0x0000000080001000 (0x38C2B023) sd a2, 0x380(t0)
mem[0x000000008000B528] <- 0xFFFFFFFF8AAAAAAA
mem[X,0x0000000080001004] -> 0x0513
mem[X,0x0000000080001006] -> 0x0010
[1030] [M]: 0x0000000080001004 (0x00100513) addi a0, zero, 0x1
x10 <- 0x0000000000000001
mem[X,0x0000000080001008] -> 0x1513
mem[X,0x000000008000100A] -> 0x03E5
[1031] [M]: 0x0000000080001008 (0x03E51513) slli a0, a0, 0x3e
x10 <- 0x4000000000000000
mem[X,0x000000008000100C] -> 0xB5B7
mem[X,0x000000008000100E] -> 0xAAAA
[1032] [M]: 0x000000008000100C (0xAAAAB5B7) lui a1, -0x55555
x11 <- 0xFFFFFFFFAAAAB000
mem[X,0x0000000080001010] -> 0x8593
mem[X,0x0000000080001012] -> 0xAAA5
[1033] [M]: 0x0000000080001010 (0xAAA58593) addi a1, a1, -0x556
x11 <- 0xFFFFFFFFAAAAAAAA
mem[X,0x0000000080001014] -> 0x9593
mem[X,0x0000000080001016] -> 0x00B5
[1034] [M]: 0x0000000080001014 (0x00B59593) slli a1, a1, 0xb
x11 <- 0xFFFFFD5555555000
mem[X,0x0000000080001018] -> 0x8593
mem[X,0x000000008000101A] -> 0x5555
[1035] [M]: 0x0000000080001018 (0x55558593) addi a1, a1, 0x555
x11 <- 0xFFFFFD5555555555
mem[X,0x000000008000101C] -> 0x9593
mem[X,0x000000008000101E] -> 0x00B5
[1036] [M]: 0x000000008000101C (0x00B59593) slli a1, a1, 0xb
x11 <- 0xFFEAAAAAAAAAA800
mem[X,0x0000000080001020] -> 0x8593
mem[X,0x0000000080001022] -> 0x2AA5
[1037] [M]: 0x0000000080001020 (0x2AA58593) addi a1, a1, 0x2aa
x11 <- 0xFFEAAAAAAAAAAAAA
mem[X,0x0000000080001024] -> 0x9593
mem[X,0x0000000080001026] -> 0x00A5
[1038] [M]: 0x0000000080001024 (0x00A59593) slli a1, a1, 0xa
x11 <- 0xAAAAAAAAAAAAA800
mem[X,0x0000000080001028] -> 0x8593
mem[X,0x000000008000102A] -> 0x2AA5
[1039] [M]: 0x0000000080001028 (0x2AA58593) addi a1, a1, 0x2aa
x11 <- 0xAAAAAAAAAAAAAAAA
mem[X,0x000000008000102C] -> 0x063B
mem[X,0x000000008000102E] -> 0x40B5
[1040] [M]: 0x000000008000102C (0x40B5063B) subw a2, a0, a1
x12 <- 0x0000000055555556
mem[X,0x0000000080001030] -> 0xB423
mem[X,0x0000000080001032] -> 0x38C2
[1041] [M]: 0x0000000080001030 (0x38C2B423) sd a2, 0x388(t0)
mem[0x000000008000B530] <- 0x0000000055555556
mem[X,0x0000000080001034] -> 0x0513
mem[X,0x0000000080001036] -> 0x0200
[1042] [M]: 0x0000000080001034 (0x02000513) addi a0, zero, 0x20
x10 <- 0x0000000000000020
mem[X,0x0000000080001038] -> 0x0593
mem[X,0x000000008000103A] -> 0xFFA0
[1043] [M]: 0x0000000080001038 (0xFFA00593) addi a1, zero, -0x6
x11 <- 0xFFFFFFFFFFFFFFFA
mem[X,0x000000008000103C] -> 0x063B
mem[X,0x000000008000103E] -> 0x40B5
[1044] [M]: 0x000000008000103C (0x40B5063B) subw a2, a0, a1
x12 <- 0x0000000000000026
mem[X,0x0000000080001040] -> 0xB823
mem[X,0x0000000080001042] -> 0x38C2
[1045] [M]: 0x0000000080001040 (0x38C2B823) sd a2, 0x390(t0)
mem[0x000000008000B538] <- 0x0000000000000026
mem[X,0x0000000080001044] -> 0x0513
mem[X,0x0000000080001046] -> 0x0400
[1046] [M]: 0x0000000080001044 (0x04000513) addi a0, zero, 0x40
x10 <- 0x0000000000000040
mem[X,0x0000000080001048] -> 0x0593
mem[X,0x000000008000104A] -> 0x0010
[1047] [M]: 0x0000000080001048 (0x00100593) addi a1, zero, 0x1
x11 <- 0x0000000000000001
mem[X,0x000000008000104C] -> 0x9593
mem[X,0x000000008000104E] -> 0x0305
[1048] [M]: 0x000000008000104C (0x03059593) slli a1, a1, 0x30
x11 <- 0x0001000000000000
mem[X,0x0000000080001050] -> 0x063B
mem[X,0x0000000080001052] -> 0x40B5
[1049] [M]: 0x0000000080001050 (0x40B5063B) subw a2, a0, a1
x12 <- 0x0000000000000040
mem[X,0x0000000080001054] -> 0xBC23
mem[X,0x0000000080001056] -> 0x38C2
[1050] [M]: 0x0000000080001054 (0x38C2BC23) sd a2, 0x398(t0)
mem[0x000000008000B540] <- 0x0000000000000040
mem[X,0x0000000080001058] -> 0x0513
mem[X,0x000000008000105A] -> 0x4000
[1051] [M]: 0x0000000080001058 (0x40000513) addi a0, zero, 0x400
x10 <- 0x0000000000000400
mem[X,0x000000008000105C] -> 0x0593
mem[X,0x000000008000105E] -> 0xFFD0
[1052] [M]: 0x000000008000105C (0xFFD00593) addi a1, zero, -0x3
x11 <- 0xFFFFFFFFFFFFFFFD
mem[X,0x0000000080001060] -> 0x063B
mem[X,0x0000000080001062] -> 0x40B5
[1053] [M]: 0x0000000080001060 (0x40B5063B) subw a2, a0, a1
x12 <- 0x0000000000000403
mem[X,0x0000000080001064] -> 0xB023
mem[X,0x0000000080001066] -> 0x3AC2
[1054] [M]: 0x0000000080001064 (0x3AC2B023) sd a2, 0x3a0(t0)
mem[0x000000008000B548] <- 0x0000000000000403
mem[X,0x0000000080001068] -> 0x0513
mem[X,0x000000008000106A] -> 0x0010
[1055] [M]: 0x0000000080001068 (0x00100513) addi a0, zero, 0x1
x10 <- 0x0000000000000001
mem[X,0x000000008000106C] -> 0x1513
mem[X,0x000000008000106E] -> 0x00D5
[1056] [M]: 0x000000008000106C (0x00D51513) slli a0, a0, 0xd
x10 <- 0x0000000000002000
mem[X,0x0000000080001070] -> 0x0593
mem[X,0x0000000080001072] -> 0xF7F0
[1057] [M]: 0x0000000080001070 (0xF7F00593) addi a1, zero, -0x81
x11 <- 0xFFFFFFFFFFFFFF7F
mem[X,0x0000000080001074] -> 0x063B
mem[X,0x0000000080001076] -> 0x40B5
[1058] [M]: 0x0000000080001074 (0x40B5063B) subw a2, a0, a1
x12 <- 0x0000000000002081
mem[X,0x0000000080001078] -> 0xB423
mem[X,0x000000008000107A] -> 0x3AC2
[1059] [M]: 0x0000000080001078 (0x3AC2B423) sd a2, 0x3a8(t0)
mem[0x000000008000B550] <- 0x0000000000002081
mem[X,0x000000008000107C] -> 0x0513
mem[X,0x000000008000107E] -> 0x0010
[1060] [M]: 0x000000008000107C (0x00100513) addi a0, zero, 0x1
x10 <- 0x0000000000000001
mem[X,0x0000000080001080] -> 0x1513
mem[X,0x0000000080001082] -> 0x00E5
[1061] [M]: 0x0000000080001080 (0x00E51513) slli a0, a0, 0xe
x10 <- 0x0000000000004000
mem[X,0x0000000080001084] -> 0x0593
mem[X,0x0000000080001086] -> 0x0010
[1062] [M]: 0x0000000080001084 (0x00100593) addi a1, zero, 0x1
x11 <- 0x0000000000000001
mem[X,0x0000000080001088] -> 0x9593
mem[X,0x000000008000108A] -> 0x0295
[1063] [M]: 0x0000000080001088 (0x02959593) slli a1, a1, 0x29
x11 <- 0x0000020000000000
mem[X,0x000000008000108C] -> 0xC593
mem[X,0x000000008000108E] -> 0xFFF5
[1064] [M]: 0x000000008000108C (0xFFF5C593) xori a1, a1, -0x1
x11 <- 0xFFFFFDFFFFFFFFFF
mem[X,0x0000000080001090] -> 0x063B
mem[X,0x0000000080001092] -> 0x40B5
[1065] [M]: 0x0000000080001090 (0x40B5063B) subw a2, a0, a1
x12 <- 0x0000000000004001
mem[X,0x0000000080001094] -> 0xB823
mem[X,0x0000000080001096] -> 0x3AC2
[1066] [M]: 0x0000000080001094 (0x3AC2B823) sd a2, 0x3b0(t0)
mem[0x000000008000B558] <- 0x0000000000004001
mem[X,0x0000000080001098] -> 0x0513
mem[X,0x000000008000109A] -> 0x0010
[1067] [M]: 0x0000000080001098 (0x00100513) addi a0, zero, 0x1
x10 <- 0x0000000000000001
mem[X,0x000000008000109C] -> 0x1513
mem[X,0x000000008000109E] -> 0x0135
[1068] [M]: 0x000000008000109C (0x01351513) slli a0, a0, 0x13
x10 <- 0x0000000000080000
mem[X,0x00000000800010A0] -> 0x65B7
mem[X,0x00000000800010A2] -> 0x6666
[1069] [M]: 0x00000000800010A0 (0x666665B7) lui a1, 0x66666
x11 <- 0x0000000066666000
mem[X,0x00000000800010A4] -> 0x8593
mem[X,0x00000000800010A6] -> 0x6665
[1070] [M]: 0x00000000800010A4 (0x66658593) addi a1, a1, 0x666
x11 <- 0x0000000066666666
mem[X,0x00000000800010A8] -> 0x9593
mem[X,0x00000000800010AA] -> 0x00B5
[1071] [M]: 0x00000000800010A8 (0x00B59593) slli a1, a1, 0xb
x11 <- 0x0000033333333000
mem[X,0x00000000800010AC] -> 0x8593
mem[X,0x00000000800010AE] -> 0x3335
[1072] [M]: 0x00000000800010AC (0x33358593) addi a1, a1, 0x333
x11 <- 0x0000033333333333
mem[X,0x00000000800010B0] -> 0x9593
mem[X,0x00000000800010B2] -> 0x00B5
[1073] [M]: 0x00000000800010B0 (0x00B59593) slli a1, a1, 0xb
x11 <- 0x0019999999999800
mem[X,0x00000000800010B4] -> 0x8593
mem[X,0x00000000800010B6] -> 0x1995
[1074] [M]: 0x00000000800010B4 (0x19958593) addi a1, a1, 0x199
x11 <- 0x0019999999999999
mem[X,0x00000000800010B8] -> 0x9593
mem[X,0x00000000800010BA] -> 0x00A5
[1075] [M]: 0x00000000800010B8 (0x00A59593) slli a1, a1, 0xa
x11 <- 0x6666666666666400
mem[X,0x00000000800010BC] -> 0x8593
mem[X,0x00000000800010BE] -> 0x2675
[1076] [M]: 0x00000000800010BC (0x26758593) addi a1, a1, 0x267
x11 <- 0x6666666666666667
mem[X,0x00000000800010C0] -> 0x063B
mem[X,0x00000000800010C2] -> 0x40B5
[1077] [M]: 0x00000000800010C0 (0x40B5063B) subw a2, a0, a1
x12 <- 0xFFFFFFFF99A19999
mem[X,0x00000000800010C4] -> 0xBC23
mem[X,0x00000000800010C6] -> 0x3AC2
[1078] [M]: 0x00000000800010C4 (0x3AC2BC23) sd a2, 0x3b8(t0)
mem[0x000000008000B560] <- 0xFFFFFFFF99A19999
mem[X,0x00000000800010C8] -> 0x0513
mem[X,0x00000000800010CA] -> 0x0010
[1079] [M]: 0x00000000800010C8 (0x00100513) addi a0, zero, 0x1
x10 <- 0x0000000000000001
mem[X,0x00000000800010CC] -> 0x1513
mem[X,0x00000000800010CE] -> 0x0145
[1080] [M]: 0x00000000800010CC (0x01451513) slli a0, a0, 0x14
x10 <- 0x0000000000100000
mem[X,0x00000000800010D0] -> 0x0593
mem[X,0x00000000800010D2] -> 0x0010
[1081] [M]: 0x00000000800010D0 (0x00100593) addi a1, zero, 0x1
x11 <- 0x0000000000000001
mem[X,0x00000000800010D4] -> 0x9593
mem[X,0x00000000800010D6] -> 0x02D5
[1082] [M]: 0x00000000800010D4 (0x02D59593) slli a1, a1, 0x2d
x11 <- 0x0000200000000000
mem[X,0x00000000800010D8] -> 0x063B
mem[X,0x00000000800010DA] -> 0x40B5
[1083] [M]: 0x00000000800010D8 (0x40B5063B) subw a2, a0, a1
x12 <- 0x0000000000100000
mem[X,0x00000000800010DC] -> 0xB023
mem[X,0x00000000800010DE] -> 0x3CC2
[1084] [M]: 0x00000000800010DC (0x3CC2B023) sd a2, 0x3c0(t0)
mem[0x000000008000B568] <- 0x0000000000100000
mem[X,0x00000000800010E0] -> 0x0513
mem[X,0x00000000800010E2] -> 0x0010
[1085] [M]: 0x00000000800010E0 (0x00100513) addi a0, zero, 0x1
x10 <- 0x0000000000000001
mem[X,0x00000000800010E4] -> 0x1513
mem[X,0x00000000800010E6] -> 0x0155
[1086] [M]: 0x00000000800010E4 (0x01551513) slli a0, a0, 0x15
x10 <- 0x0000000000200000
mem[X,0x00000000800010E8] -> 0x0593
mem[X,0x00000000800010EA] -> 0x0010
[1087] [M]: 0x00000000800010E8 (0x00100593) addi a1, zero, 0x1
x11 <- 0x0000000000000001
mem[X,0x00000000800010EC] -> 0x063B
mem[X,0x00000000800010EE] -> 0x40B5
[1088] [M]: 0x00000000800010EC (0x40B5063B) subw a2, a0, a1
x12 <- 0x00000000001FFFFF
mem[X,0x00000000800010F0] -> 0xB423
mem[X,0x00000000800010F2] -> 0x3CC2
[1089] [M]: 0x00000000800010F0 (0x3CC2B423) sd a2, 0x3c8(t0)
mem[0x000000008000B570] <- 0x00000000001FFFFF
mem[X,0x00000000800010F4] -> 0x0513
mem[X,0x00000000800010F6] -> 0x0010
[1090] [M]: 0x00000000800010F4 (0x00100513) addi a0, zero, 0x1
x10 <- 0x0000000000000001
mem[X,0x00000000800010F8] -> 0x1513
mem[X,0x00000000800010FA] -> 0x0165
[1091] [M]: 0x00000000800010F8 (0x01651513) slli a0, a0, 0x16
x10 <- 0x0000000000400000
mem[X,0x00000000800010FC] -> 0x55B7
mem[X,0x00000000800010FE] -> 0x5555
[1092] [M]: 0x00000000800010FC (0x555555B7) lui a1, 0x55555
x11 <- 0x0000000055555000
mem[X,0x0000000080001100] -> 0x8593
mem[X,0x0000000080001102] -> 0x5555
[1093] [M]: 0x0000000080001100 (0x55558593) addi a1, a1, 0x555
x11 <- 0x0000000055555555
mem[X,0x0000000080001104] -> 0x9593
mem[X,0x0000000080001106] -> 0x00B5
[1094] [M]: 0x0000000080001104 (0x00B59593) slli a1, a1, 0xb
x11 <- 0x000002AAAAAAA800
mem[X,0x0000000080001108] -> 0x8593
mem[X,0x000000008000110A] -> 0x2AA5
[1095] [M]: 0x0000000080001108 (0x2AA58593) addi a1, a1, 0x2aa
x11 <- 0x000002AAAAAAAAAA
mem[X,0x000000008000110C] -> 0x9593
mem[X,0x000000008000110E] -> 0x00B5
[1096] [M]: 0x000000008000110C (0x00B59593) slli a1, a1, 0xb
x11 <- 0x0015555555555000
mem[X,0x0000000080001110] -> 0x8593
mem[X,0x0000000080001112] -> 0x5555
[1097] [M]: 0x0000000080001110 (0x55558593) addi a1, a1, 0x555
x11 <- 0x0015555555555555
mem[X,0x0000000080001114] -> 0x9593
mem[X,0x0000000080001116] -> 0x00A5
[1098] [M]: 0x0000000080001114 (0x00A59593) slli a1, a1, 0xa
x11 <- 0x5555555555555400
mem[X,0x0000000080001118] -> 0x8593
mem[X,0x000000008000111A] -> 0x1555
[1099] [M]: 0x0000000080001118 (0x15558593) addi a1, a1, 0x155
x11 <- 0x5555555555555555
clint::tick mtime <- 0x000000000000000B
 clint timer pending at mtime 0x000000000000000B
htif::tick 0x0000000000000000
mem[X,0x000000008000111C] -> 0x063B
mem[X,0x000000008000111E] -> 0x40B5
[1100] [M]: 0x000000008000111C (0x40B5063B) subw a2, a0, a1
x12 <- 0xFFFFFFFFAAEAAAAB
mem[X,0x0000000080001120] -> 0xB823
mem[X,0x0000000080001122] -> 0x3CC2
[1101] [M]: 0x0000000080001120 (0x3CC2B823) sd a2, 0x3d0(t0)
mem[0x000000008000B578] <- 0xFFFFFFFFAAEAAAAB
mem[X,0x0000000080001124] -> 0x0513
mem[X,0x0000000080001126] -> 0x0010
[1102] [M]: 0x0000000080001124 (0x00100513) addi a0, zero, 0x1
x10 <- 0x0000000000000001
mem[X,0x0000000080001128] -> 0x1513
mem[X,0x000000008000112A] -> 0x01A5
[1103] [M]: 0x0000000080001128 (0x01A51513) slli a0, a0, 0x1a
x10 <- 0x0000000004000000
mem[X,0x000000008000112C] -> 0x0593
mem[X,0x000000008000112E] -> 0x0010
[1104] [M]: 0x000000008000112C (0x00100593) addi a1, zero, 0x1
x11 <- 0x0000000000000001
mem[X,0x0000000080001130] -> 0x9593
mem[X,0x0000000080001132] -> 0x0265
[1105] [M]: 0x0000000080001130 (0x02659593) slli a1, a1, 0x26
x11 <- 0x0000004000000000
mem[X,0x0000000080001134] -> 0x063B
mem[X,0x0000000080001136] -> 0x40B5
[1106] [M]: 0x0000000080001134 (0x40B5063B) subw a2, a0, a1
x12 <- 0x0000000004000000
mem[X,0x0000000080001138] -> 0xBC23
mem[X,0x000000008000113A] -> 0x3CC2
[1107] [M]: 0x0000000080001138 (0x3CC2BC23) sd a2, 0x3d8(t0)
mem[0x000000008000B580] <- 0x0000000004000000
mem[X,0x000000008000113C] -> 0x0513
mem[X,0x000000008000113E] -> 0x0010
[1108] [M]: 0x000000008000113C (0x00100513) addi a0, zero, 0x1
x10 <- 0x0000000000000001
mem[X,0x0000000080001140] -> 0x1513
mem[X,0x0000000080001142] -> 0x01B5
[1109] [M]: 0x0000000080001140 (0x01B51513) slli a0, a0, 0x1b
x10 <- 0x0000000008000000
mem[X,0x0000000080001144] -> 0x0593
mem[X,0x0000000080001146] -> 0xFF70
[1110] [M]: 0x0000000080001144 (0xFF700593) addi a1, zero, -0x9
x11 <- 0xFFFFFFFFFFFFFFF7
mem[X,0x0000000080001148] -> 0x063B
mem[X,0x000000008000114A] -> 0x40B5
[1111] [M]: 0x0000000080001148 (0x40B5063B) subw a2, a0, a1
x12 <- 0x0000000008000009
mem[X,0x000000008000114C] -> 0xB023
mem[X,0x000000008000114E] -> 0x3EC2
[1112] [M]: 0x000000008000114C (0x3EC2B023) sd a2, 0x3e0(t0)
mem[0x000000008000B588] <- 0x0000000008000009
mem[X,0x0000000080001150] -> 0x0513
mem[X,0x0000000080001152] -> 0x0010
[1113] [M]: 0x0000000080001150 (0x00100513) addi a0, zero, 0x1
x10 <- 0x0000000000000001
mem[X,0x0000000080001154] -> 0x1513
mem[X,0x0000000080001156] -> 0x01E5
[1114] [M]: 0x0000000080001154 (0x01E51513) slli a0, a0, 0x1e
x10 <- 0x0000000040000000
mem[X,0x0000000080001158] -> 0x0593
mem[X,0x000000008000115A] -> 0x2000
[1115] [M]: 0x0000000080001158 (0x20000593) addi a1, zero, 0x200
x11 <- 0x0000000000000200
mem[X,0x000000008000115C] -> 0x063B
mem[X,0x000000008000115E] -> 0x40B5
[1116] [M]: 0x000000008000115C (0x40B5063B) subw a2, a0, a1
x12 <- 0x000000003FFFFE00
mem[X,0x0000000080001160] -> 0xB423
mem[X,0x0000000080001162] -> 0x3EC2
[1117] [M]: 0x0000000080001160 (0x3EC2B423) sd a2, 0x3e8(t0)
mem[0x000000008000B590] <- 0x000000003FFFFE00
mem[X,0x0000000080001164] -> 0x0513
mem[X,0x0000000080001166] -> 0x0010
[1118] [M]: 0x0000000080001164 (0x00100513) addi a0, zero, 0x1
x10 <- 0x0000000000000001
mem[X,0x0000000080001168] -> 0x1513
mem[X,0x000000008000116A] -> 0x0215
[1119] [M]: 0x0000000080001168 (0x02151513) slli a0, a0, 0x21
x10 <- 0x0000000200000000
mem[X,0x000000008000116C] -> 0x0593
mem[X,0x000000008000116E] -> 0x0070
[1120] [M]: 0x000000008000116C (0x00700593) addi a1, zero, 0x7
x11 <- 0x0000000000000007
mem[X,0x0000000080001170] -> 0x063B
mem[X,0x0000000080001172] -> 0x40B5
[1121] [M]: 0x0000000080001170 (0x40B5063B) subw a2, a0, a1
x12 <- 0xFFFFFFFFFFFFFFF9
mem[X,0x0000000080001174] -> 0xB823
mem[X,0x0000000080001176] -> 0x3EC2
[1122] [M]: 0x0000000080001174 (0x3EC2B823) sd a2, 0x3f0(t0)
mem[0x000000008000B598] <- 0xFFFFFFFFFFFFFFF9
mem[X,0x0000000080001178] -> 0x0513
mem[X,0x000000008000117A] -> 0x0010
[1123] [M]: 0x0000000080001178 (0x00100513) addi a0, zero, 0x1
x10 <- 0x0000000000000001
mem[X,0x000000008000117C] -> 0x1513
mem[X,0x000000008000117E] -> 0x0235
[1124] [M]: 0x000000008000117C (0x02351513) slli a0, a0, 0x23
x10 <- 0x0000000800000000
mem[X,0x0000000080001180] -> 0x0593
mem[X,0x0000000080001182] -> 0x0010
[1125] [M]: 0x0000000080001180 (0x00100593) addi a1, zero, 0x1
x11 <- 0x0000000000000001
mem[X,0x0000000080001184] -> 0x9593
mem[X,0x0000000080001186] -> 0x0345
[1126] [M]: 0x0000000080001184 (0x03459593) slli a1, a1, 0x34
x11 <- 0x0010000000000000
mem[X,0x0000000080001188] -> 0x063B
mem[X,0x000000008000118A] -> 0x40B5
[1127] [M]: 0x0000000080001188 (0x40B5063B) subw a2, a0, a1
x12 <- 0x0000000000000000
mem[X,0x000000008000118C] -> 0xBC23
mem[X,0x000000008000118E] -> 0x3EC2
[1128] [M]: 0x000000008000118C (0x3EC2BC23) sd a2, 0x3f8(t0)
mem[0x000000008000B5A0] <- 0x0000000000000000
mem[X,0x0000000080001190] -> 0x0513
mem[X,0x0000000080001192] -> 0x0010
[1129] [M]: 0x0000000080001190 (0x00100513) addi a0, zero, 0x1
x10 <- 0x0000000000000001
mem[X,0x0000000080001194] -> 0x1513
mem[X,0x0000000080001196] -> 0x0245
[1130] [M]: 0x0000000080001194 (0x02451513) slli a0, a0, 0x24
x10 <- 0x0000001000000000
mem[X,0x0000000080001198] -> 0xB5B7
mem[X,0x000000008000119A] -> 0xAAAA
[1131] [M]: 0x0000000080001198 (0xAAAAB5B7) lui a1, -0x55555
x11 <- 0xFFFFFFFFAAAAB000
mem[X,0x000000008000119C] -> 0x8593
mem[X,0x000000008000119E] -> 0xAAA5
[1132] [M]: 0x000000008000119C (0xAAA58593) addi a1, a1, -0x556
x11 <- 0xFFFFFFFFAAAAAAAA
mem[X,0x00000000800011A0] -> 0x9593
mem[X,0x00000000800011A2] -> 0x00B5
[1133] [M]: 0x00000000800011A0 (0x00B59593) slli a1, a1, 0xb
x11 <- 0xFFFFFD5555555000
mem[X,0x00000000800011A4] -> 0x8593
mem[X,0x00000000800011A6] -> 0x5555
[1134] [M]: 0x00000000800011A4 (0x55558593) addi a1, a1, 0x555
x11 <- 0xFFFFFD5555555555
mem[X,0x00000000800011A8] -> 0x9593
mem[X,0x00000000800011AA] -> 0x00B5
[1135] [M]: 0x00000000800011A8 (0x00B59593) slli a1, a1, 0xb
x11 <- 0xFFEAAAAAAAAAA800
mem[X,0x00000000800011AC] -> 0x8593
mem[X,0x00000000800011AE] -> 0x2AA5
[1136] [M]: 0x00000000800011AC (0x2AA58593) addi a1, a1, 0x2aa
x11 <- 0xFFEAAAAAAAAAAAAA
mem[X,0x00000000800011B0] -> 0x9593
mem[X,0x00000000800011B2] -> 0x00A5
[1137] [M]: 0x00000000800011B0 (0x00A59593) slli a1, a1, 0xa
x11 <- 0xAAAAAAAAAAAAA800
mem[X,0x00000000800011B4] -> 0x8593
mem[X,0x00000000800011B6] -> 0x2AB5
[1138] [M]: 0x00000000800011B4 (0x2AB58593) addi a1, a1, 0x2ab
x11 <- 0xAAAAAAAAAAAAAAAB
mem[X,0x00000000800011B8] -> 0x063B
mem[X,0x00000000800011BA] -> 0x40B5
[1139] [M]: 0x00000000800011B8 (0x40B5063B) subw a2, a0, a1
x12 <- 0x0000000055555555
mem[X,0x00000000800011BC] -> 0xB023
mem[X,0x00000000800011BE] -> 0x40C2
[1140] [M]: 0x00000000800011BC (0x40C2B023) sd a2, 0x400(t0)
mem[0x000000008000B5A8] <- 0x0000000055555555
mem[X,0x00000000800011C0] -> 0x0513
mem[X,0x00000000800011C2] -> 0x0010
[1141] [M]: 0x00000000800011C0 (0x00100513) addi a0, zero, 0x1
x10 <- 0x0000000000000001
mem[X,0x00000000800011C4] -> 0x1513
mem[X,0x00000000800011C6] -> 0x0255
[1142] [M]: 0x00000000800011C4 (0x02551513) slli a0, a0, 0x25
x10 <- 0x0000002000000000
mem[X,0x00000000800011C8] -> 0x0593
mem[X,0x00000000800011CA] -> 0x0070
[1143] [M]: 0x00000000800011C8 (0x00700593) addi a1, zero, 0x7
x11 <- 0x0000000000000007
mem[X,0x00000000800011CC] -> 0x063B
mem[X,0x00000000800011CE] -> 0x40B5
[1144] [M]: 0x00000000800011CC (0x40B5063B) subw a2, a0, a1
x12 <- 0xFFFFFFFFFFFFFFF9
mem[X,0x00000000800011D0] -> 0xB423
mem[X,0x00000000800011D2] -> 0x40C2
[1145] [M]: 0x00000000800011D0 (0x40C2B423) sd a2, 0x408(t0)
mem[0x000000008000B5B0] <- 0xFFFFFFFFFFFFFFF9
mem[X,0x00000000800011D4] -> 0x0513
mem[X,0x00000000800011D6] -> 0x0010
[1146] [M]: 0x00000000800011D4 (0x00100513) addi a0, zero, 0x1
x10 <- 0x0000000000000001
mem[X,0x00000000800011D8] -> 0x1513
mem[X,0x00000000800011DA] -> 0x0265
[1147] [M]: 0x00000000800011D8 (0x02651513) slli a0, a0, 0x26
x10 <- 0x0000004000000000
mem[X,0x00000000800011DC] -> 0x0593
mem[X,0x00000000800011DE] -> 0x4000
[1148] [M]: 0x00000000800011DC (0x40000593) addi a1, zero, 0x400
x11 <- 0x0000000000000400
mem[X,0x00000000800011E0] -> 0x063B
mem[X,0x00000000800011E2] -> 0x40B5
[1149] [M]: 0x00000000800011E0 (0x40B5063B) subw a2, a0, a1
x12 <- 0xFFFFFFFFFFFFFC00
mem[X,0x00000000800011E4] -> 0xB823
mem[X,0x00000000800011E6] -> 0x40C2
[1150] [M]: 0x00000000800011E4 (0x40C2B823) sd a2, 0x410(t0)
mem[0x000000008000B5B8] <- 0xFFFFFFFFFFFFFC00
mem[X,0x00000000800011E8] -> 0x0513
mem[X,0x00000000800011EA] -> 0x0010
[1151] [M]: 0x00000000800011E8 (0x00100513) addi a0, zero, 0x1
x10 <- 0x0000000000000001
mem[X,0x00000000800011EC] -> 0x1513
mem[X,0x00000000800011EE] -> 0x0285
[1152] [M]: 0x00000000800011EC (0x02851513) slli a0, a0, 0x28
x10 <- 0x0000010000000000
mem[X,0x00000000800011F0] -> 0x0593
mem[X,0x00000000800011F2] -> 0x0200
[1153] [M]: 0x00000000800011F0 (0x02000593) addi a1, zero, 0x20
x11 <- 0x0000000000000020
mem[X,0x00000000800011F4] -> 0x063B
mem[X,0x00000000800011F6] -> 0x40B5
[1154] [M]: 0x00000000800011F4 (0x40B5063B) subw a2, a0, a1
x12 <- 0xFFFFFFFFFFFFFFE0
mem[X,0x00000000800011F8] -> 0xBC23
mem[X,0x00000000800011FA] -> 0x40C2
[1155] [M]: 0x00000000800011F8 (0x40C2BC23) sd a2, 0x418(t0)
mem[0x000000008000B5C0] <- 0xFFFFFFFFFFFFFFE0
mem[X,0x00000000800011FC] -> 0x0513
mem[X,0x00000000800011FE] -> 0x0010
[1156] [M]: 0x00000000800011FC (0x00100513) addi a0, zero, 0x1
x10 <- 0x0000000000000001
mem[X,0x0000000080001200] -> 0x1513
mem[X,0x0000000080001202] -> 0x02A5
[1157] [M]: 0x0000000080001200 (0x02A51513) slli a0, a0, 0x2a
x10 <- 0x0000040000000000
mem[X,0x0000000080001204] -> 0x0593
mem[X,0x0000000080001206] -> 0x0010
[1158] [M]: 0x0000000080001204 (0x00100593) addi a1, zero, 0x1
x11 <- 0x0000000000000001
mem[X,0x0000000080001208] -> 0x9593
mem[X,0x000000008000120A] -> 0x01D5
[1159] [M]: 0x0000000080001208 (0x01D59593) slli a1, a1, 0x1d
x11 <- 0x0000000020000000
mem[X,0x000000008000120C] -> 0xC593
mem[X,0x000000008000120E] -> 0xFFF5
[1160] [M]: 0x000000008000120C (0xFFF5C593) xori a1, a1, -0x1
x11 <- 0xFFFFFFFFDFFFFFFF
mem[X,0x0000000080001210] -> 0x063B
mem[X,0x0000000080001212] -> 0x40B5
[1161] [M]: 0x0000000080001210 (0x40B5063B) subw a2, a0, a1
x12 <- 0x0000000020000001
mem[X,0x0000000080001214] -> 0xB023
mem[X,0x0000000080001216] -> 0x42C2
[1162] [M]: 0x0000000080001214 (0x42C2B023) sd a2, 0x420(t0)
mem[0x000000008000B5C8] <- 0x0000000020000001
mem[X,0x0000000080001218] -> 0x0513
mem[X,0x000000008000121A] -> 0x0010
[1163] [M]: 0x0000000080001218 (0x00100513) addi a0, zero, 0x1
x10 <- 0x0000000000000001
mem[X,0x000000008000121C] -> 0x1513
mem[X,0x000000008000121E] -> 0x02D5
[1164] [M]: 0x000000008000121C (0x02D51513) slli a0, a0, 0x2d
x10 <- 0x0000200000000000
mem[X,0x0000000080001220] -> 0x0593
mem[X,0x0000000080001222] -> 0xFBF0
[1165] [M]: 0x0000000080001220 (0xFBF00593) addi a1, zero, -0x41
x11 <- 0xFFFFFFFFFFFFFFBF
mem[X,0x0000000080001224] -> 0x063B
mem[X,0x0000000080001226] -> 0x40B5
[1166] [M]: 0x0000000080001224 (0x40B5063B) subw a2, a0, a1
x12 <- 0x0000000000000041
mem[X,0x0000000080001228] -> 0xB423
mem[X,0x000000008000122A] -> 0x42C2
[1167] [M]: 0x0000000080001228 (0x42C2B423) sd a2, 0x428(t0)
mem[0x000000008000B5D0] <- 0x0000000000000041
mem[X,0x000000008000122C] -> 0x0513
mem[X,0x000000008000122E] -> 0x0010
[1168] [M]: 0x000000008000122C (0x00100513) addi a0, zero, 0x1
x10 <- 0x0000000000000001
mem[X,0x0000000080001230] -> 0x1513
mem[X,0x0000000080001232] -> 0x0305
[1169] [M]: 0x0000000080001230 (0x03051513) slli a0, a0, 0x30
x10 <- 0x0001000000000000
mem[X,0x0000000080001234] -> 0x0593
mem[X,0x0000000080001236] -> 0x0010
[1170] [M]: 0x0000000080001234 (0x00100593) addi a1, zero, 0x1
x11 <- 0x0000000000000001
mem[X,0x0000000080001238] -> 0x9593
mem[X,0x000000008000123A] -> 0x03E5
[1171] [M]: 0x0000000080001238 (0x03E59593) slli a1, a1, 0x3e
x11 <- 0x4000000000000000
mem[X,0x000000008000123C] -> 0xC593
mem[X,0x000000008000123E] -> 0xFFF5
[1172] [M]: 0x000000008000123C (0xFFF5C593) xori a1, a1, -0x1
x11 <- 0xBFFFFFFFFFFFFFFF
mem[X,0x0000000080001240] -> 0x063B
mem[X,0x0000000080001242] -> 0x40B5
[1173] [M]: 0x0000000080001240 (0x40B5063B) subw a2, a0, a1
x12 <- 0x0000000000000001
mem[X,0x0000000080001244] -> 0xB823
mem[X,0x0000000080001246] -> 0x42C2
[1174] [M]: 0x0000000080001244 (0x42C2B823) sd a2, 0x430(t0)
mem[0x000000008000B5D8] <- 0x0000000000000001
mem[X,0x0000000080001248] -> 0x0513
mem[X,0x000000008000124A] -> 0x0010
[1175] [M]: 0x0000000080001248 (0x00100513) addi a0, zero, 0x1
x10 <- 0x0000000000000001
mem[X,0x000000008000124C] -> 0x1513
mem[X,0x000000008000124E] -> 0x0315
[1176] [M]: 0x000000008000124C (0x03151513) slli a0, a0, 0x31
x10 <- 0x0002000000000000
mem[X,0x0000000080001250] -> 0x0593
mem[X,0x0000000080001252] -> 0xBFF0
[1177] [M]: 0x0000000080001250 (0xBFF00593) addi a1, zero, -0x401
x11 <- 0xFFFFFFFFFFFFFBFF
mem[X,0x0000000080001254] -> 0x063B
mem[X,0x0000000080001256] -> 0x40B5
[1178] [M]: 0x0000000080001254 (0x40B5063B) subw a2, a0, a1
x12 <- 0x0000000000000401
mem[X,0x0000000080001258] -> 0xBC23
mem[X,0x000000008000125A] -> 0x42C2
[1179] [M]: 0x0000000080001258 (0x42C2BC23) sd a2, 0x438(t0)
mem[0x000000008000B5E0] <- 0x0000000000000401
mem[X,0x000000008000125C] -> 0x0513
mem[X,0x000000008000125E] -> 0x0010
[1180] [M]: 0x000000008000125C (0x00100513) addi a0, zero, 0x1
x10 <- 0x0000000000000001
mem[X,0x0000000080001260] -> 0x1513
mem[X,0x0000000080001262] -> 0x0325
[1181] [M]: 0x0000000080001260 (0x03251513) slli a0, a0, 0x32
x10 <- 0x0004000000000000
mem[X,0x0000000080001264] -> 0x0593
mem[X,0x0000000080001266] -> 0x0010
[1182] [M]: 0x0000000080001264 (0x00100593) addi a1, zero, 0x1
x11 <- 0x0000000000000001
mem[X,0x0000000080001268] -> 0x9593
mem[X,0x000000008000126A] -> 0x02A5
[1183] [M]: 0x0000000080001268 (0x02A59593) slli a1, a1, 0x2a
x11 <- 0x0000040000000000
mem[X,0x000000008000126C] -> 0xC593
mem[X,0x000000008000126E] -> 0xFFF5
[1184] [M]: 0x000000008000126C (0xFFF5C593) xori a1, a1, -0x1
x11 <- 0xFFFFFBFFFFFFFFFF
mem[X,0x0000000080001270] -> 0x063B
mem[X,0x0000000080001272] -> 0x40B5
[1185] [M]: 0x0000000080001270 (0x40B5063B) subw a2, a0, a1
x12 <- 0x0000000000000001
mem[X,0x0000000080001274] -> 0xB023
mem[X,0x0000000080001276] -> 0x44C2
[1186] [M]: 0x0000000080001274 (0x44C2B023) sd a2, 0x440(t0)
mem[0x000000008000B5E8] <- 0x0000000000000001
mem[X,0x0000000080001278] -> 0x0513
mem[X,0x000000008000127A] -> 0x0010
[1187] [M]: 0x0000000080001278 (0x00100513) addi a0, zero, 0x1
x10 <- 0x0000000000000001
mem[X,0x000000008000127C] -> 0x1513
mem[X,0x000000008000127E] -> 0x0335
[1188] [M]: 0x000000008000127C (0x03351513) slli a0, a0, 0x33
x10 <- 0x0008000000000000
mem[X,0x0000000080001280] -> 0x65B7
mem[X,0x0000000080001282] -> 0x6666
[1189] [M]: 0x0000000080001280 (0x666665B7) lui a1, 0x66666
x11 <- 0x0000000066666000
mem[X,0x0000000080001284] -> 0x8593
mem[X,0x0000000080001286] -> 0x6665
[1190] [M]: 0x0000000080001284 (0x66658593) addi a1, a1, 0x666
x11 <- 0x0000000066666666
mem[X,0x0000000080001288] -> 0x9593
mem[X,0x000000008000128A] -> 0x00B5
[1191] [M]: 0x0000000080001288 (0x00B59593) slli a1, a1, 0xb
x11 <- 0x0000033333333000
mem[X,0x000000008000128C] -> 0x8593
mem[X,0x000000008000128E] -> 0x3335
[1192] [M]: 0x000000008000128C (0x33358593) addi a1, a1, 0x333
x11 <- 0x0000033333333333
mem[X,0x0000000080001290] -> 0x9593
mem[X,0x0000000080001292] -> 0x00B5
[1193] [M]: 0x0000000080001290 (0x00B59593) slli a1, a1, 0xb
x11 <- 0x0019999999999800
mem[X,0x0000000080001294] -> 0x8593
mem[X,0x0000000080001296] -> 0x1995
[1194] [M]: 0x0000000080001294 (0x19958593) addi a1, a1, 0x199
x11 <- 0x0019999999999999
mem[X,0x0000000080001298] -> 0x9593
mem[X,0x000000008000129A] -> 0x00A5
[1195] [M]: 0x0000000080001298 (0x00A59593) slli a1, a1, 0xa
x11 <- 0x6666666666666400
mem[X,0x000000008000129C] -> 0x8593
mem[X,0x000000008000129E] -> 0x2675
[1196] [M]: 0x000000008000129C (0x26758593) addi a1, a1, 0x267
x11 <- 0x6666666666666667
mem[X,0x00000000800012A0] -> 0x063B
mem[X,0x00000000800012A2] -> 0x40B5
[1197] [M]: 0x00000000800012A0 (0x40B5063B) subw a2, a0, a1
x12 <- 0xFFFFFFFF99999999
mem[X,0x00000000800012A4] -> 0xB423
mem[X,0x00000000800012A6] -> 0x44C2
[1198] [M]: 0x00000000800012A4 (0x44C2B423) sd a2, 0x448(t0)
mem[0x000000008000B5F0] <- 0xFFFFFFFF99999999
mem[X,0x00000000800012A8] -> 0x0513
mem[X,0x00000000800012AA] -> 0x0010
[1199] [M]: 0x00000000800012A8 (0x00100513) addi a0, zero, 0x1
x10 <- 0x0000000000000001
clint::tick mtime <- 0x000000000000000C
 clint timer pending at mtime 0x000000000000000C
htif::tick 0x0000000000000000
mem[X,0x00000000800012AC] -> 0x1513
mem[X,0x00000000800012AE] -> 0x0345
[1200] [M]: 0x00000000800012AC (0x03451513) slli a0, a0, 0x34
x10 <- 0x0010000000000000
mem[X,0x00000000800012B0] -> 0x0593
mem[X,0x00000000800012B2] -> 0x0010
[1201] [M]: 0x00000000800012B0 (0x00100593) addi a1, zero, 0x1
x11 <- 0x0000000000000001
mem[X,0x00000000800012B4] -> 0x9593
mem[X,0x00000000800012B6] -> 0x01E5
[1202] [M]: 0x00000000800012B4 (0x01E59593) slli a1, a1, 0x1e
x11 <- 0x0000000040000000
mem[X,0x00000000800012B8] -> 0x063B
mem[X,0x00000000800012BA] -> 0x40B5
[1203] [M]: 0x00000000800012B8 (0x40B5063B) subw a2, a0, a1
x12 <- 0xFFFFFFFFC0000000
mem[X,0x00000000800012BC] -> 0xB823
mem[X,0x00000000800012BE] -> 0x44C2
[1204] [M]: 0x00000000800012BC (0x44C2B823) sd a2, 0x450(t0)
mem[0x000000008000B5F8] <- 0xFFFFFFFFC0000000
mem[X,0x00000000800012C0] -> 0x0513
mem[X,0x00000000800012C2] -> 0x0010
[1205] [M]: 0x00000000800012C0 (0x00100513) addi a0, zero, 0x1
x10 <- 0x0000000000000001
mem[X,0x00000000800012C4] -> 0x1513
mem[X,0x00000000800012C6] -> 0x0355
[1206] [M]: 0x00000000800012C4 (0x03551513) slli a0, a0, 0x35
x10 <- 0x0020000000000000
mem[X,0x00000000800012C8] -> 0x0593
mem[X,0x00000000800012CA] -> 0xFF70
[1207] [M]: 0x00000000800012C8 (0xFF700593) addi a1, zero, -0x9
x11 <- 0xFFFFFFFFFFFFFFF7
mem[X,0x00000000800012CC] -> 0x063B
mem[X,0x00000000800012CE] -> 0x40B5
[1208] [M]: 0x00000000800012CC (0x40B5063B) subw a2, a0, a1
x12 <- 0x0000000000000009
mem[X,0x00000000800012D0] -> 0xBC23
mem[X,0x00000000800012D2] -> 0x44C2
[1209] [M]: 0x00000000800012D0 (0x44C2BC23) sd a2, 0x458(t0)
mem[0x000000008000B600] <- 0x0000000000000009
mem[X,0x00000000800012D4] -> 0x0513
mem[X,0x00000000800012D6] -> 0x0010
[1210] [M]: 0x00000000800012D4 (0x00100513) addi a0, zero, 0x1
x10 <- 0x0000000000000001
mem[X,0x00000000800012D8] -> 0x1513
mem[X,0x00000000800012DA] -> 0x0365
[1211] [M]: 0x00000000800012D8 (0x03651513) slli a0, a0, 0x36
x10 <- 0x0040000000000000
mem[X,0x00000000800012DC] -> 0x0593
mem[X,0x00000000800012DE] -> 0x0010
[1212] [M]: 0x00000000800012DC (0x00100593) addi a1, zero, 0x1
x11 <- 0x0000000000000001
mem[X,0x00000000800012E0] -> 0x9593
mem[X,0x00000000800012E2] -> 0x02A5
[1213] [M]: 0x00000000800012E0 (0x02A59593) slli a1, a1, 0x2a
x11 <- 0x0000040000000000
mem[X,0x00000000800012E4] -> 0x063B
mem[X,0x00000000800012E6] -> 0x40B5
[1214] [M]: 0x00000000800012E4 (0x40B5063B) subw a2, a0, a1
x12 <- 0x0000000000000000
mem[X,0x00000000800012E8] -> 0xB023
mem[X,0x00000000800012EA] -> 0x46C2
[1215] [M]: 0x00000000800012E8 (0x46C2B023) sd a2, 0x460(t0)
mem[0x000000008000B608] <- 0x0000000000000000
mem[X,0x00000000800012EC] -> 0x0513
mem[X,0x00000000800012EE] -> 0x0010
[1216] [M]: 0x00000000800012EC (0x00100513) addi a0, zero, 0x1
x10 <- 0x0000000000000001
mem[X,0x00000000800012F0] -> 0x1513
mem[X,0x00000000800012F2] -> 0x0375
[1217] [M]: 0x00000000800012F0 (0x03751513) slli a0, a0, 0x37
x10 <- 0x0080000000000000
mem[X,0x00000000800012F4] -> 0x0593
mem[X,0x00000000800012F6] -> 0x0010
[1218] [M]: 0x00000000800012F4 (0x00100593) addi a1, zero, 0x1
x11 <- 0x0000000000000001
mem[X,0x00000000800012F8] -> 0x9593
mem[X,0x00000000800012FA] -> 0x03A5
[1219] [M]: 0x00000000800012F8 (0x03A59593) slli a1, a1, 0x3a
x11 <- 0x0400000000000000
mem[X,0x00000000800012FC] -> 0xC593
mem[X,0x00000000800012FE] -> 0xFFF5
[1220] [M]: 0x00000000800012FC (0xFFF5C593) xori a1, a1, -0x1
x11 <- 0xFBFFFFFFFFFFFFFF
mem[X,0x0000000080001300] -> 0x063B
mem[X,0x0000000080001302] -> 0x40B5
[1221] [M]: 0x0000000080001300 (0x40B5063B) subw a2, a0, a1
x12 <- 0x0000000000000001
mem[X,0x0000000080001304] -> 0xB423
mem[X,0x0000000080001306] -> 0x46C2
[1222] [M]: 0x0000000080001304 (0x46C2B423) sd a2, 0x468(t0)
mem[0x000000008000B610] <- 0x0000000000000001
mem[X,0x0000000080001308] -> 0x0513
mem[X,0x000000008000130A] -> 0x0010
[1223] [M]: 0x0000000080001308 (0x00100513) addi a0, zero, 0x1
x10 <- 0x0000000000000001
mem[X,0x000000008000130C] -> 0x1513
mem[X,0x000000008000130E] -> 0x0385
[1224] [M]: 0x000000008000130C (0x03851513) slli a0, a0, 0x38
x10 <- 0x0100000000000000
mem[X,0x0000000080001310] -> 0x0593
mem[X,0x0000000080001312] -> 0x0400
[1225] [M]: 0x0000000080001310 (0x04000593) addi a1, zero, 0x40
x11 <- 0x0000000000000040
mem[X,0x0000000080001314] -> 0x063B
mem[X,0x0000000080001316] -> 0x40B5
[1226] [M]: 0x0000000080001314 (0x40B5063B) subw a2, a0, a1
x12 <- 0xFFFFFFFFFFFFFFC0
mem[X,0x0000000080001318] -> 0xB823
mem[X,0x000000008000131A] -> 0x46C2
[1227] [M]: 0x0000000080001318 (0x46C2B823) sd a2, 0x470(t0)
mem[0x000000008000B618] <- 0xFFFFFFFFFFFFFFC0
mem[X,0x000000008000131C] -> 0x0513
mem[X,0x000000008000131E] -> 0x0010
[1228] [M]: 0x000000008000131C (0x00100513) addi a0, zero, 0x1
x10 <- 0x0000000000000001
mem[X,0x0000000080001320] -> 0x1513
mem[X,0x0000000080001322] -> 0x0395
[1229] [M]: 0x0000000080001320 (0x03951513) slli a0, a0, 0x39
x10 <- 0x0200000000000000
mem[X,0x0000000080001324] -> 0x0593
mem[X,0x0000000080001326] -> 0x0010
[1230] [M]: 0x0000000080001324 (0x00100593) addi a1, zero, 0x1
x11 <- 0x0000000000000001
mem[X,0x0000000080001328] -> 0x9593
mem[X,0x000000008000132A] -> 0x0145
[1231] [M]: 0x0000000080001328 (0x01459593) slli a1, a1, 0x14
x11 <- 0x0000000000100000
mem[X,0x000000008000132C] -> 0xC593
mem[X,0x000000008000132E] -> 0xFFF5
[1232] [M]: 0x000000008000132C (0xFFF5C593) xori a1, a1, -0x1
x11 <- 0xFFFFFFFFFFEFFFFF
mem[X,0x0000000080001330] -> 0x063B
mem[X,0x0000000080001332] -> 0x40B5
[1233] [M]: 0x0000000080001330 (0x40B5063B) subw a2, a0, a1
x12 <- 0x0000000000100001
mem[X,0x0000000080001334] -> 0xBC23
mem[X,0x0000000080001336] -> 0x46C2
[1234] [M]: 0x0000000080001334 (0x46C2BC23) sd a2, 0x478(t0)
mem[0x000000008000B620] <- 0x0000000000100001
mem[X,0x0000000080001338] -> 0x0513
mem[X,0x000000008000133A] -> 0x0010
[1235] [M]: 0x0000000080001338 (0x00100513) addi a0, zero, 0x1
x10 <- 0x0000000000000001
mem[X,0x000000008000133C] -> 0x1513
mem[X,0x000000008000133E] -> 0x03A5
[1236] [M]: 0x000000008000133C (0x03A51513) slli a0, a0, 0x3a
x10 <- 0x0400000000000000
mem[X,0x0000000080001340] -> 0x65B7
mem[X,0x0000000080001342] -> 0x6666
[1237] [M]: 0x0000000080001340 (0x666665B7) lui a1, 0x66666
x11 <- 0x0000000066666000
mem[X,0x0000000080001344] -> 0x8593
mem[X,0x0000000080001346] -> 0x6665
[1238] [M]: 0x0000000080001344 (0x66658593) addi a1, a1, 0x666
x11 <- 0x0000000066666666
mem[X,0x0000000080001348] -> 0x9593
mem[X,0x000000008000134A] -> 0x00B5
[1239] [M]: 0x0000000080001348 (0x00B59593) slli a1, a1, 0xb
x11 <- 0x0000033333333000
mem[X,0x000000008000134C] -> 0x8593
mem[X,0x000000008000134E] -> 0x3335
[1240] [M]: 0x000000008000134C (0x33358593) addi a1, a1, 0x333
x11 <- 0x0000033333333333
mem[X,0x0000000080001350] -> 0x9593
mem[X,0x0000000080001352] -> 0x00B5
[1241] [M]: 0x0000000080001350 (0x00B59593) slli a1, a1, 0xb
x11 <- 0x0019999999999800
mem[X,0x0000000080001354] -> 0x8593
mem[X,0x0000000080001356] -> 0x1995
[1242] [M]: 0x0000000080001354 (0x19958593) addi a1, a1, 0x199
x11 <- 0x0019999999999999
mem[X,0x0000000080001358] -> 0x9593
mem[X,0x000000008000135A] -> 0x00A5
[1243] [M]: 0x0000000080001358 (0x00A59593) slli a1, a1, 0xa
x11 <- 0x6666666666666400
mem[X,0x000000008000135C] -> 0x8593
mem[X,0x000000008000135E] -> 0x2655
[1244] [M]: 0x000000008000135C (0x26558593) addi a1, a1, 0x265
x11 <- 0x6666666666666665
mem[X,0x0000000080001360] -> 0x063B
mem[X,0x0000000080001362] -> 0x40B5
[1245] [M]: 0x0000000080001360 (0x40B5063B) subw a2, a0, a1
x12 <- 0xFFFFFFFF9999999B
mem[X,0x0000000080001364] -> 0xB023
mem[X,0x0000000080001366] -> 0x48C2
[1246] [M]: 0x0000000080001364 (0x48C2B023) sd a2, 0x480(t0)
mem[0x000000008000B628] <- 0xFFFFFFFF9999999B
mem[X,0x0000000080001368] -> 0x0513
mem[X,0x000000008000136A] -> 0x0010
[1247] [M]: 0x0000000080001368 (0x00100513) addi a0, zero, 0x1
x10 <- 0x0000000000000001
mem[X,0x000000008000136C] -> 0x1513
mem[X,0x000000008000136E] -> 0x03D5
[1248] [M]: 0x000000008000136C (0x03D51513) slli a0, a0, 0x3d
x10 <- 0x2000000000000000
mem[X,0x0000000080001370] -> 0x0593
mem[X,0x0000000080001372] -> 0xFF90
[1249] [M]: 0x0000000080001370 (0xFF900593) addi a1, zero, -0x7
x11 <- 0xFFFFFFFFFFFFFFF9
mem[X,0x0000000080001374] -> 0x063B
mem[X,0x0000000080001376] -> 0x40B5
[1250] [M]: 0x0000000080001374 (0x40B5063B) subw a2, a0, a1
x12 <- 0x0000000000000007
mem[X,0x0000000080001378] -> 0xB423
mem[X,0x000000008000137A] -> 0x48C2
[1251] [M]: 0x0000000080001378 (0x48C2B423) sd a2, 0x488(t0)
mem[0x000000008000B630] <- 0x0000000000000007
mem[X,0x000000008000137C] -> 0x0513
mem[X,0x000000008000137E] -> 0xFFD0
[1252] [M]: 0x000000008000137C (0xFFD00513) addi a0, zero, -0x3
x10 <- 0xFFFFFFFFFFFFFFFD
mem[X,0x0000000080001380] -> 0x0593
mem[X,0x0000000080001382] -> 0x0010
[1253] [M]: 0x0000000080001380 (0x00100593) addi a1, zero, 0x1
x11 <- 0x0000000000000001
mem[X,0x0000000080001384] -> 0x9593
mem[X,0x0000000080001386] -> 0x02C5
[1254] [M]: 0x0000000080001384 (0x02C59593) slli a1, a1, 0x2c
x11 <- 0x0000100000000000
mem[X,0x0000000080001388] -> 0xC593
mem[X,0x000000008000138A] -> 0xFFF5
[1255] [M]: 0x0000000080001388 (0xFFF5C593) xori a1, a1, -0x1
x11 <- 0xFFFFEFFFFFFFFFFF
mem[X,0x000000008000138C] -> 0x063B
mem[X,0x000000008000138E] -> 0x40B5
[1256] [M]: 0x000000008000138C (0x40B5063B) subw a2, a0, a1
x12 <- 0xFFFFFFFFFFFFFFFE
mem[X,0x0000000080001390] -> 0xB823
mem[X,0x0000000080001392] -> 0x48C2
[1257] [M]: 0x0000000080001390 (0x48C2B823) sd a2, 0x490(t0)
mem[0x000000008000B638] <- 0xFFFFFFFFFFFFFFFE
mem[X,0x0000000080001394] -> 0x0513
mem[X,0x0000000080001396] -> 0xFF70
[1258] [M]: 0x0000000080001394 (0xFF700513) addi a0, zero, -0x9
x10 <- 0xFFFFFFFFFFFFFFF7
mem[X,0x0000000080001398] -> 0x0593
mem[X,0x000000008000139A] -> 0x0010
[1259] [M]: 0x0000000080001398 (0x00100593) addi a1, zero, 0x1
x11 <- 0x0000000000000001
mem[X,0x000000008000139C] -> 0x9593
mem[X,0x000000008000139E] -> 0x0145
[1260] [M]: 0x000000008000139C (0x01459593) slli a1, a1, 0x14
x11 <- 0x0000000000100000
mem[X,0x00000000800013A0] -> 0x063B
mem[X,0x00000000800013A2] -> 0x40B5
[1261] [M]: 0x00000000800013A0 (0x40B5063B) subw a2, a0, a1
x12 <- 0xFFFFFFFFFFEFFFF7
mem[X,0x00000000800013A4] -> 0xBC23
mem[X,0x00000000800013A6] -> 0x48C2
[1262] [M]: 0x00000000800013A4 (0x48C2BC23) sd a2, 0x498(t0)
mem[0x000000008000B640] <- 0xFFFFFFFFFFEFFFF7
mem[X,0x00000000800013A8] -> 0x0513
mem[X,0x00000000800013AA] -> 0xFEF0
[1263] [M]: 0x00000000800013A8 (0xFEF00513) addi a0, zero, -0x11
x10 <- 0xFFFFFFFFFFFFFFEF
mem[X,0x00000000800013AC] -> 0x0593
mem[X,0x00000000800013AE] -> 0x0010
[1264] [M]: 0x00000000800013AC (0x00100593) addi a1, zero, 0x1
x11 <- 0x0000000000000001
mem[X,0x00000000800013B0] -> 0x9593
mem[X,0x00000000800013B2] -> 0x0125
[1265] [M]: 0x00000000800013B0 (0x01259593) slli a1, a1, 0x12
x11 <- 0x0000000000040000
mem[X,0x00000000800013B4] -> 0x063B
mem[X,0x00000000800013B6] -> 0x40B5
[1266] [M]: 0x00000000800013B4 (0x40B5063B) subw a2, a0, a1
x12 <- 0xFFFFFFFFFFFBFFEF
mem[X,0x00000000800013B8] -> 0xB023
mem[X,0x00000000800013BA] -> 0x4AC2
[1267] [M]: 0x00000000800013B8 (0x4AC2B023) sd a2, 0x4a0(t0)
mem[0x000000008000B648] <- 0xFFFFFFFFFFFBFFEF
mem[X,0x00000000800013BC] -> 0x0513
mem[X,0x00000000800013BE] -> 0xFBF0
[1268] [M]: 0x00000000800013BC (0xFBF00513) addi a0, zero, -0x41
x10 <- 0xFFFFFFFFFFFFFFBF
mem[X,0x00000000800013C0] -> 0x0593
mem[X,0x00000000800013C2] -> 0x0010
[1269] [M]: 0x00000000800013C0 (0x00100593) addi a1, zero, 0x1
x11 <- 0x0000000000000001
mem[X,0x00000000800013C4] -> 0x9593
mem[X,0x00000000800013C6] -> 0x00F5
[1270] [M]: 0x00000000800013C4 (0x00F59593) slli a1, a1, 0xf
x11 <- 0x0000000000008000
mem[X,0x00000000800013C8] -> 0xC593
mem[X,0x00000000800013CA] -> 0xFFF5
[1271] [M]: 0x00000000800013C8 (0xFFF5C593) xori a1, a1, -0x1
x11 <- 0xFFFFFFFFFFFF7FFF
mem[X,0x00000000800013CC] -> 0x063B
mem[X,0x00000000800013CE] -> 0x40B5
[1272] [M]: 0x00000000800013CC (0x40B5063B) subw a2, a0, a1
x12 <- 0x0000000000007FC0
mem[X,0x00000000800013D0] -> 0xB423
mem[X,0x00000000800013D2] -> 0x4AC2
[1273] [M]: 0x00000000800013D0 (0x4AC2B423) sd a2, 0x4a8(t0)
mem[0x000000008000B650] <- 0x0000000000007FC0
mem[X,0x00000000800013D4] -> 0x0513
mem[X,0x00000000800013D6] -> 0xEFF0
[1274] [M]: 0x00000000800013D4 (0xEFF00513) addi a0, zero, -0x101
x10 <- 0xFFFFFFFFFFFFFEFF
mem[X,0x00000000800013D8] -> 0x0593
mem[X,0x00000000800013DA] -> 0x0010
[1275] [M]: 0x00000000800013D8 (0x00100593) addi a1, zero, 0x1
x11 <- 0x0000000000000001
mem[X,0x00000000800013DC] -> 0x9593
mem[X,0x00000000800013DE] -> 0x03D5
[1276] [M]: 0x00000000800013DC (0x03D59593) slli a1, a1, 0x3d
x11 <- 0x2000000000000000
mem[X,0x00000000800013E0] -> 0xC593
mem[X,0x00000000800013E2] -> 0xFFF5
[1277] [M]: 0x00000000800013E0 (0xFFF5C593) xori a1, a1, -0x1
x11 <- 0xDFFFFFFFFFFFFFFF
mem[X,0x00000000800013E4] -> 0x063B
mem[X,0x00000000800013E6] -> 0x40B5
[1278] [M]: 0x00000000800013E4 (0x40B5063B) subw a2, a0, a1
x12 <- 0xFFFFFFFFFFFFFF00
mem[X,0x00000000800013E8] -> 0xB823
mem[X,0x00000000800013EA] -> 0x4AC2
[1279] [M]: 0x00000000800013E8 (0x4AC2B823) sd a2, 0x4b0(t0)
mem[0x000000008000B658] <- 0xFFFFFFFFFFFFFF00
mem[X,0x00000000800013EC] -> 0x0513
mem[X,0x00000000800013EE] -> 0x0010
[1280] [M]: 0x00000000800013EC (0x00100513) addi a0, zero, 0x1
x10 <- 0x0000000000000001
mem[X,0x00000000800013F0] -> 0x1513
mem[X,0x00000000800013F2] -> 0x00C5
[1281] [M]: 0x00000000800013F0 (0x00C51513) slli a0, a0, 0xc
x10 <- 0x0000000000001000
mem[X,0x00000000800013F4] -> 0x4513
mem[X,0x00000000800013F6] -> 0xFFF5
[1282] [M]: 0x00000000800013F4 (0xFFF54513) xori a0, a0, -0x1
x10 <- 0xFFFFFFFFFFFFEFFF
mem[X,0x00000000800013F8] -> 0x0593
mem[X,0x00000000800013FA] -> 0x0200
[1283] [M]: 0x00000000800013F8 (0x02000593) addi a1, zero, 0x20
x11 <- 0x0000000000000020
mem[X,0x00000000800013FC] -> 0x063B
mem[X,0x00000000800013FE] -> 0x40B5
[1284] [M]: 0x00000000800013FC (0x40B5063B) subw a2, a0, a1
x12 <- 0xFFFFFFFFFFFFEFDF
mem[X,0x0000000080001400] -> 0xBC23
mem[X,0x0000000080001402] -> 0x4AC2
[1285] [M]: 0x0000000080001400 (0x4AC2BC23) sd a2, 0x4b8(t0)
mem[0x000000008000B660] <- 0xFFFFFFFFFFFFEFDF
mem[X,0x0000000080001404] -> 0x0513
mem[X,0x0000000080001406] -> 0x0010
[1286] [M]: 0x0000000080001404 (0x00100513) addi a0, zero, 0x1
x10 <- 0x0000000000000001
mem[X,0x0000000080001408] -> 0x1513
mem[X,0x000000008000140A] -> 0x00D5
[1287] [M]: 0x0000000080001408 (0x00D51513) slli a0, a0, 0xd
x10 <- 0x0000000000002000
mem[X,0x000000008000140C] -> 0x4513
mem[X,0x000000008000140E] -> 0xFFF5
[1288] [M]: 0x000000008000140C (0xFFF54513) xori a0, a0, -0x1
x10 <- 0xFFFFFFFFFFFFDFFF
mem[X,0x0000000080001410] -> 0x0593
mem[X,0x0000000080001412] -> 0x0010
[1289] [M]: 0x0000000080001410 (0x00100593) addi a1, zero, 0x1
x11 <- 0x0000000000000001
mem[X,0x0000000080001414] -> 0x9593
mem[X,0x0000000080001416] -> 0x0185
[1290] [M]: 0x0000000080001414 (0x01859593) slli a1, a1, 0x18
x11 <- 0x0000000001000000
mem[X,0x0000000080001418] -> 0x063B
mem[X,0x000000008000141A] -> 0x40B5
[1291] [M]: 0x0000000080001418 (0x40B5063B) subw a2, a0, a1
x12 <- 0xFFFFFFFFFEFFDFFF
mem[X,0x000000008000141C] -> 0xB023
mem[X,0x000000008000141E] -> 0x4CC2
[1292] [M]: 0x000000008000141C (0x4CC2B023) sd a2, 0x4c0(t0)
mem[0x000000008000B668] <- 0xFFFFFFFFFEFFDFFF
mem[X,0x0000000080001420] -> 0x0513
mem[X,0x0000000080001422] -> 0x0010
[1293] [M]: 0x0000000080001420 (0x00100513) addi a0, zero, 0x1
x10 <- 0x0000000000000001
mem[X,0x0000000080001424] -> 0x1513
mem[X,0x0000000080001426] -> 0x00E5
[1294] [M]: 0x0000000080001424 (0x00E51513) slli a0, a0, 0xe
x10 <- 0x0000000000004000
mem[X,0x0000000080001428] -> 0x4513
mem[X,0x000000008000142A] -> 0xFFF5
[1295] [M]: 0x0000000080001428 (0xFFF54513) xori a0, a0, -0x1
x10 <- 0xFFFFFFFFFFFFBFFF
mem[X,0x000000008000142C] -> 0x0593
mem[X,0x000000008000142E] -> 0x0010
[1296] [M]: 0x000000008000142C (0x00100593) addi a1, zero, 0x1
x11 <- 0x0000000000000001
mem[X,0x0000000080001430] -> 0x9593
mem[X,0x0000000080001432] -> 0x0105
[1297] [M]: 0x0000000080001430 (0x01059593) slli a1, a1, 0x10
x11 <- 0x0000000000010000
mem[X,0x0000000080001434] -> 0xC593
mem[X,0x0000000080001436] -> 0xFFF5
[1298] [M]: 0x0000000080001434 (0xFFF5C593) xori a1, a1, -0x1
x11 <- 0xFFFFFFFFFFFEFFFF
mem[X,0x0000000080001438] -> 0x063B
mem[X,0x000000008000143A] -> 0x40B5
[1299] [M]: 0x0000000080001438 (0x40B5063B) subw a2, a0, a1
x12 <- 0x000000000000C000
clint::tick mtime <- 0x000000000000000D
 clint timer pending at mtime 0x000000000000000D
htif::tick 0x0000000000000000
mem[X,0x000000008000143C] -> 0xB423
mem[X,0x000000008000143E] -> 0x4CC2
[1300] [M]: 0x000000008000143C (0x4CC2B423) sd a2, 0x4c8(t0)
mem[0x000000008000B670] <- 0x000000000000C000
mem[X,0x0000000080001440] -> 0x0513
mem[X,0x0000000080001442] -> 0x0010
[1301] [M]: 0x0000000080001440 (0x00100513) addi a0, zero, 0x1
x10 <- 0x0000000000000001
mem[X,0x0000000080001444] -> 0x1513
mem[X,0x0000000080001446] -> 0x00F5
[1302] [M]: 0x0000000080001444 (0x00F51513) slli a0, a0, 0xf
x10 <- 0x0000000000008000
mem[X,0x0000000080001448] -> 0x4513
mem[X,0x000000008000144A] -> 0xFFF5
[1303] [M]: 0x0000000080001448 (0xFFF54513) xori a0, a0, -0x1
x10 <- 0xFFFFFFFFFFFF7FFF
mem[X,0x000000008000144C] -> 0x0593
mem[X,0x000000008000144E] -> 0x0010
[1304] [M]: 0x000000008000144C (0x00100593) addi a1, zero, 0x1
x11 <- 0x0000000000000001
mem[X,0x0000000080001450] -> 0x9593
mem[X,0x0000000080001452] -> 0x0195
[1305] [M]: 0x0000000080001450 (0x01959593) slli a1, a1, 0x19
x11 <- 0x0000000002000000
mem[X,0x0000000080001454] -> 0x063B
mem[X,0x0000000080001456] -> 0x40B5
[1306] [M]: 0x0000000080001454 (0x40B5063B) subw a2, a0, a1
x12 <- 0xFFFFFFFFFDFF7FFF
mem[X,0x0000000080001458] -> 0xB823
mem[X,0x000000008000145A] -> 0x4CC2
[1307] [M]: 0x0000000080001458 (0x4CC2B823) sd a2, 0x4d0(t0)
mem[0x000000008000B678] <- 0xFFFFFFFFFDFF7FFF
mem[X,0x000000008000145C] -> 0x0513
mem[X,0x000000008000145E] -> 0x0010
[1308] [M]: 0x000000008000145C (0x00100513) addi a0, zero, 0x1
x10 <- 0x0000000000000001
mem[X,0x0000000080001460] -> 0x1513
mem[X,0x0000000080001462] -> 0x0175
[1309] [M]: 0x0000000080001460 (0x01751513) slli a0, a0, 0x17
x10 <- 0x0000000000800000
mem[X,0x0000000080001464] -> 0x4513
mem[X,0x0000000080001466] -> 0xFFF5
[1310] [M]: 0x0000000080001464 (0xFFF54513) xori a0, a0, -0x1
x10 <- 0xFFFFFFFFFF7FFFFF
mem[X,0x0000000080001468] -> 0x0593
mem[X,0x000000008000146A] -> 0x0010
[1311] [M]: 0x0000000080001468 (0x00100593) addi a1, zero, 0x1
x11 <- 0x0000000000000001
mem[X,0x000000008000146C] -> 0x9593
mem[X,0x000000008000146E] -> 0x0235
[1312] [M]: 0x000000008000146C (0x02359593) slli a1, a1, 0x23
x11 <- 0x0000000800000000
mem[X,0x0000000080001470] -> 0xC593
mem[X,0x0000000080001472] -> 0xFFF5
[1313] [M]: 0x0000000080001470 (0xFFF5C593) xori a1, a1, -0x1
x11 <- 0xFFFFFFF7FFFFFFFF
mem[X,0x0000000080001474] -> 0x063B
mem[X,0x0000000080001476] -> 0x40B5
[1314] [M]: 0x0000000080001474 (0x40B5063B) subw a2, a0, a1
x12 <- 0xFFFFFFFFFF800000
mem[X,0x0000000080001478] -> 0xBC23
mem[X,0x000000008000147A] -> 0x4CC2
[1315] [M]: 0x0000000080001478 (0x4CC2BC23) sd a2, 0x4d8(t0)
mem[0x000000008000B680] <- 0xFFFFFFFFFF800000
mem[X,0x000000008000147C] -> 0x0513
mem[X,0x000000008000147E] -> 0x0010
[1316] [M]: 0x000000008000147C (0x00100513) addi a0, zero, 0x1
x10 <- 0x0000000000000001
mem[X,0x0000000080001480] -> 0x1513
mem[X,0x0000000080001482] -> 0x0185
[1317] [M]: 0x0000000080001480 (0x01851513) slli a0, a0, 0x18
x10 <- 0x0000000001000000
mem[X,0x0000000080001484] -> 0x4513
mem[X,0x0000000080001486] -> 0xFFF5
[1318] [M]: 0x0000000080001484 (0xFFF54513) xori a0, a0, -0x1
x10 <- 0xFFFFFFFFFEFFFFFF
mem[X,0x0000000080001488] -> 0x0593
mem[X,0x000000008000148A] -> 0x0010
[1319] [M]: 0x0000000080001488 (0x00100593) addi a1, zero, 0x1
x11 <- 0x0000000000000001
mem[X,0x000000008000148C] -> 0x9593
mem[X,0x000000008000148E] -> 0x0315
[1320] [M]: 0x000000008000148C (0x03159593) slli a1, a1, 0x31
x11 <- 0x0002000000000000
mem[X,0x0000000080001490] -> 0xC593
mem[X,0x0000000080001492] -> 0xFFF5
[1321] [M]: 0x0000000080001490 (0xFFF5C593) xori a1, a1, -0x1
x11 <- 0xFFFDFFFFFFFFFFFF
mem[X,0x0000000080001494] -> 0x063B
mem[X,0x0000000080001496] -> 0x40B5
[1322] [M]: 0x0000000080001494 (0x40B5063B) subw a2, a0, a1
x12 <- 0xFFFFFFFFFF000000
mem[X,0x0000000080001498] -> 0xB023
mem[X,0x000000008000149A] -> 0x4EC2
[1323] [M]: 0x0000000080001498 (0x4EC2B023) sd a2, 0x4e0(t0)
mem[0x000000008000B688] <- 0xFFFFFFFFFF000000
mem[X,0x000000008000149C] -> 0x0513
mem[X,0x000000008000149E] -> 0x0010
[1324] [M]: 0x000000008000149C (0x00100513) addi a0, zero, 0x1
x10 <- 0x0000000000000001
mem[X,0x00000000800014A0] -> 0x1513
mem[X,0x00000000800014A2] -> 0x01A5
[1325] [M]: 0x00000000800014A0 (0x01A51513) slli a0, a0, 0x1a
x10 <- 0x0000000004000000
mem[X,0x00000000800014A4] -> 0x4513
mem[X,0x00000000800014A6] -> 0xFFF5
[1326] [M]: 0x00000000800014A4 (0xFFF54513) xori a0, a0, -0x1
x10 <- 0xFFFFFFFFFBFFFFFF
mem[X,0x00000000800014A8] -> 0x0593
mem[X,0x00000000800014AA] -> 0x0010
[1327] [M]: 0x00000000800014A8 (0x00100593) addi a1, zero, 0x1
x11 <- 0x0000000000000001
mem[X,0x00000000800014AC] -> 0x9593
mem[X,0x00000000800014AE] -> 0x0145
[1328] [M]: 0x00000000800014AC (0x01459593) slli a1, a1, 0x14
x11 <- 0x0000000000100000
mem[X,0x00000000800014B0] -> 0xC593
mem[X,0x00000000800014B2] -> 0xFFF5
[1329] [M]: 0x00000000800014B0 (0xFFF5C593) xori a1, a1, -0x1
x11 <- 0xFFFFFFFFFFEFFFFF
mem[X,0x00000000800014B4] -> 0x063B
mem[X,0x00000000800014B6] -> 0x40B5
[1330] [M]: 0x00000000800014B4 (0x40B5063B) subw a2, a0, a1
x12 <- 0xFFFFFFFFFC100000
mem[X,0x00000000800014B8] -> 0xB423
mem[X,0x00000000800014BA] -> 0x4EC2
[1331] [M]: 0x00000000800014B8 (0x4EC2B423) sd a2, 0x4e8(t0)
mem[0x000000008000B690] <- 0xFFFFFFFFFC100000
mem[X,0x00000000800014BC] -> 0x0513
mem[X,0x00000000800014BE] -> 0x0010
[1332] [M]: 0x00000000800014BC (0x00100513) addi a0, zero, 0x1
x10 <- 0x0000000000000001
mem[X,0x00000000800014C0] -> 0x1513
mem[X,0x00000000800014C2] -> 0x01B5
[1333] [M]: 0x00000000800014C0 (0x01B51513) slli a0, a0, 0x1b
x10 <- 0x0000000008000000
mem[X,0x00000000800014C4] -> 0x4513
mem[X,0x00000000800014C6] -> 0xFFF5
[1334] [M]: 0x00000000800014C4 (0xFFF54513) xori a0, a0, -0x1
x10 <- 0xFFFFFFFFF7FFFFFF
mem[X,0x00000000800014C8] -> 0x0593
mem[X,0x00000000800014CA] -> 0x0010
[1335] [M]: 0x00000000800014C8 (0x00100593) addi a1, zero, 0x1
x11 <- 0x0000000000000001
mem[X,0x00000000800014CC] -> 0x9593
mem[X,0x00000000800014CE] -> 0x0335
[1336] [M]: 0x00000000800014CC (0x03359593) slli a1, a1, 0x33
x11 <- 0x0008000000000000
mem[X,0x00000000800014D0] -> 0x063B
mem[X,0x00000000800014D2] -> 0x40B5
[1337] [M]: 0x00000000800014D0 (0x40B5063B) subw a2, a0, a1
x12 <- 0xFFFFFFFFF7FFFFFF
mem[X,0x00000000800014D4] -> 0xB823
mem[X,0x00000000800014D6] -> 0x4EC2
[1338] [M]: 0x00000000800014D4 (0x4EC2B823) sd a2, 0x4f0(t0)
mem[0x000000008000B698] <- 0xFFFFFFFFF7FFFFFF
mem[X,0x00000000800014D8] -> 0x0513
mem[X,0x00000000800014DA] -> 0x0010
[1339] [M]: 0x00000000800014D8 (0x00100513) addi a0, zero, 0x1
x10 <- 0x0000000000000001
mem[X,0x00000000800014DC] -> 0x1513
mem[X,0x00000000800014DE] -> 0x01E5
[1340] [M]: 0x00000000800014DC (0x01E51513) slli a0, a0, 0x1e
x10 <- 0x0000000040000000
mem[X,0x00000000800014E0] -> 0x4513
mem[X,0x00000000800014E2] -> 0xFFF5
[1341] [M]: 0x00000000800014E0 (0xFFF54513) xori a0, a0, -0x1
x10 <- 0xFFFFFFFFBFFFFFFF
mem[X,0x00000000800014E4] -> 0x0593
mem[X,0x00000000800014E6] -> 0x0010
[1342] [M]: 0x00000000800014E4 (0x00100593) addi a1, zero, 0x1
x11 <- 0x0000000000000001
mem[X,0x00000000800014E8] -> 0x9593
mem[X,0x00000000800014EA] -> 0x0235
[1343] [M]: 0x00000000800014E8 (0x02359593) slli a1, a1, 0x23
x11 <- 0x0000000800000000
mem[X,0x00000000800014EC] -> 0xC593
mem[X,0x00000000800014EE] -> 0xFFF5
[1344] [M]: 0x00000000800014EC (0xFFF5C593) xori a1, a1, -0x1
x11 <- 0xFFFFFFF7FFFFFFFF
mem[X,0x00000000800014F0] -> 0x063B
mem[X,0x00000000800014F2] -> 0x40B5
[1345] [M]: 0x00000000800014F0 (0x40B5063B) subw a2, a0, a1
x12 <- 0xFFFFFFFFC0000000
mem[X,0x00000000800014F4] -> 0xBC23
mem[X,0x00000000800014F6] -> 0x4EC2
[1346] [M]: 0x00000000800014F4 (0x4EC2BC23) sd a2, 0x4f8(t0)
mem[0x000000008000B6A0] <- 0xFFFFFFFFC0000000
mem[X,0x00000000800014F8] -> 0x0513
mem[X,0x00000000800014FA] -> 0x0010
[1347] [M]: 0x00000000800014F8 (0x00100513) addi a0, zero, 0x1
x10 <- 0x0000000000000001
mem[X,0x00000000800014FC] -> 0x1513
mem[X,0x00000000800014FE] -> 0x0205
[1348] [M]: 0x00000000800014FC (0x02051513) slli a0, a0, 0x20
x10 <- 0x0000000100000000
mem[X,0x0000000080001500] -> 0x4513
mem[X,0x0000000080001502] -> 0xFFF5
[1349] [M]: 0x0000000080001500 (0xFFF54513) xori a0, a0, -0x1
x10 <- 0xFFFFFFFEFFFFFFFF
mem[X,0x0000000080001504] -> 0x0593
mem[X,0x0000000080001506] -> 0xFFC0
[1350] [M]: 0x0000000080001504 (0xFFC00593) addi a1, zero, -0x4
x11 <- 0xFFFFFFFFFFFFFFFC
mem[X,0x0000000080001508] -> 0x063B
mem[X,0x000000008000150A] -> 0x40B5
[1351] [M]: 0x0000000080001508 (0x40B5063B) subw a2, a0, a1
x12 <- 0x0000000000000003
mem[X,0x000000008000150C] -> 0xB023
mem[X,0x000000008000150E] -> 0x50C2
[1352] [M]: 0x000000008000150C (0x50C2B023) sd a2, 0x500(t0)
mem[0x000000008000B6A8] <- 0x0000000000000003
mem[X,0x0000000080001510] -> 0x0513
mem[X,0x0000000080001512] -> 0x0010
[1353] [M]: 0x0000000080001510 (0x00100513) addi a0, zero, 0x1
x10 <- 0x0000000000000001
mem[X,0x0000000080001514] -> 0x1513
mem[X,0x0000000080001516] -> 0x0215
[1354] [M]: 0x0000000080001514 (0x02151513) slli a0, a0, 0x21
x10 <- 0x0000000200000000
mem[X,0x0000000080001518] -> 0x4513
mem[X,0x000000008000151A] -> 0xFFF5
[1355] [M]: 0x0000000080001518 (0xFFF54513) xori a0, a0, -0x1
x10 <- 0xFFFFFFFDFFFFFFFF
mem[X,0x000000008000151C] -> 0x0593
mem[X,0x000000008000151E] -> 0x0010
[1356] [M]: 0x000000008000151C (0x00100593) addi a1, zero, 0x1
x11 <- 0x0000000000000001
mem[X,0x0000000080001520] -> 0x9593
mem[X,0x0000000080001522] -> 0x0265
[1357] [M]: 0x0000000080001520 (0x02659593) slli a1, a1, 0x26
x11 <- 0x0000004000000000
mem[X,0x0000000080001524] -> 0xC593
mem[X,0x0000000080001526] -> 0xFFF5
[1358] [M]: 0x0000000080001524 (0xFFF5C593) xori a1, a1, -0x1
x11 <- 0xFFFFFFBFFFFFFFFF
mem[X,0x0000000080001528] -> 0x063B
mem[X,0x000000008000152A] -> 0x40B5
[1359] [M]: 0x0000000080001528 (0x40B5063B) subw a2, a0, a1
x12 <- 0x0000000000000000
mem[X,0x000000008000152C] -> 0xB423
mem[X,0x000000008000152E] -> 0x50C2
[1360] [M]: 0x000000008000152C (0x50C2B423) sd a2, 0x508(t0)
mem[0x000000008000B6B0] <- 0x0000000000000000
mem[X,0x0000000080001530] -> 0x0513
mem[X,0x0000000080001532] -> 0x0010
[1361] [M]: 0x0000000080001530 (0x00100513) addi a0, zero, 0x1
x10 <- 0x0000000000000001
mem[X,0x0000000080001534] -> 0x1513
mem[X,0x0000000080001536] -> 0x0265
[1362] [M]: 0x0000000080001534 (0x02651513) slli a0, a0, 0x26
x10 <- 0x0000004000000000
mem[X,0x0000000080001538] -> 0x4513
mem[X,0x000000008000153A] -> 0xFFF5
[1363] [M]: 0x0000000080001538 (0xFFF54513) xori a0, a0, -0x1
x10 <- 0xFFFFFFBFFFFFFFFF
mem[X,0x000000008000153C] -> 0x0593
mem[X,0x000000008000153E] -> 0x0040
[1364] [M]: 0x000000008000153C (0x00400593) addi a1, zero, 0x4
x11 <- 0x0000000000000004
mem[X,0x0000000080001540] -> 0x063B
mem[X,0x0000000080001542] -> 0x40B5
[1365] [M]: 0x0000000080001540 (0x40B5063B) subw a2, a0, a1
x12 <- 0xFFFFFFFFFFFFFFFB
mem[X,0x0000000080001544] -> 0xB823
mem[X,0x0000000080001546] -> 0x50C2
[1366] [M]: 0x0000000080001544 (0x50C2B823) sd a2, 0x510(t0)
mem[0x000000008000B6B8] <- 0xFFFFFFFFFFFFFFFB
mem[X,0x0000000080001548] -> 0x0513
mem[X,0x000000008000154A] -> 0x0010
[1367] [M]: 0x0000000080001548 (0x00100513) addi a0, zero, 0x1
x10 <- 0x0000000000000001
mem[X,0x000000008000154C] -> 0x1513
mem[X,0x000000008000154E] -> 0x0275
[1368] [M]: 0x000000008000154C (0x02751513) slli a0, a0, 0x27
x10 <- 0x0000008000000000
mem[X,0x0000000080001550] -> 0x4513
mem[X,0x0000000080001552] -> 0xFFF5
[1369] [M]: 0x0000000080001550 (0xFFF54513) xori a0, a0, -0x1
x10 <- 0xFFFFFF7FFFFFFFFF
mem[X,0x0000000080001554] -> 0x05B7
mem[X,0x0000000080001556] -> 0x0000
[1370] [M]: 0x0000000080001554 (0x000005B7) lui a1, 0x0
x11 <- 0x0000000000000000
mem[X,0x0000000080001558] -> 0x8593
mem[X,0x000000008000155A] -> 0x0005
[1371] [M]: 0x0000000080001558 (0x00058593) addi a1, a1, 0x0
x11 <- 0x0000000000000000
mem[X,0x000000008000155C] -> 0x9593
mem[X,0x000000008000155E] -> 0x00B5
[1372] [M]: 0x000000008000155C (0x00B59593) slli a1, a1, 0xb
x11 <- 0x0000000000000000
mem[X,0x0000000080001560] -> 0x8593
mem[X,0x0000000080001562] -> 0x5A85
[1373] [M]: 0x0000000080001560 (0x5A858593) addi a1, a1, 0x5a8
x11 <- 0x00000000000005A8
mem[X,0x0000000080001564] -> 0x9593
mem[X,0x0000000080001566] -> 0x00B5
[1374] [M]: 0x0000000080001564 (0x00B59593) slli a1, a1, 0xb
x11 <- 0x00000000002D4000
mem[X,0x0000000080001568] -> 0x8593
mem[X,0x000000008000156A] -> 0x13C5
[1375] [M]: 0x0000000080001568 (0x13C58593) addi a1, a1, 0x13c
x11 <- 0x00000000002D413C
mem[X,0x000000008000156C] -> 0x9593
mem[X,0x000000008000156E] -> 0x00A5
[1376] [M]: 0x000000008000156C (0x00A59593) slli a1, a1, 0xa
x11 <- 0x00000000B504F000
mem[X,0x0000000080001570] -> 0x8593
mem[X,0x0000000080001572] -> 0x3345
[1377] [M]: 0x0000000080001570 (0x33458593) addi a1, a1, 0x334
x11 <- 0x00000000B504F334
mem[X,0x0000000080001574] -> 0x063B
mem[X,0x0000000080001576] -> 0x40B5
[1378] [M]: 0x0000000080001574 (0x40B5063B) subw a2, a0, a1
x12 <- 0x000000004AFB0CCB
mem[X,0x0000000080001578] -> 0xBC23
mem[X,0x000000008000157A] -> 0x50C2
[1379] [M]: 0x0000000080001578 (0x50C2BC23) sd a2, 0x518(t0)
mem[0x000000008000B6C0] <- 0x000000004AFB0CCB
mem[X,0x000000008000157C] -> 0x0513
mem[X,0x000000008000157E] -> 0x0010
[1380] [M]: 0x000000008000157C (0x00100513) addi a0, zero, 0x1
x10 <- 0x0000000000000001
mem[X,0x0000000080001580] -> 0x1513
mem[X,0x0000000080001582] -> 0x0285
[1381] [M]: 0x0000000080001580 (0x02851513) slli a0, a0, 0x28
x10 <- 0x0000010000000000
mem[X,0x0000000080001584] -> 0x4513
mem[X,0x0000000080001586] -> 0xFFF5
[1382] [M]: 0x0000000080001584 (0xFFF54513) xori a0, a0, -0x1
x10 <- 0xFFFFFEFFFFFFFFFF
mem[X,0x0000000080001588] -> 0x0593
mem[X,0x000000008000158A] -> 0x0010
[1383] [M]: 0x0000000080001588 (0x00100593) addi a1, zero, 0x1
x11 <- 0x0000000000000001
mem[X,0x000000008000158C] -> 0x9593
mem[X,0x000000008000158E] -> 0x0295
[1384] [M]: 0x000000008000158C (0x02959593) slli a1, a1, 0x29
x11 <- 0x0000020000000000
mem[X,0x0000000080001590] -> 0xC593
mem[X,0x0000000080001592] -> 0xFFF5
[1385] [M]: 0x0000000080001590 (0xFFF5C593) xori a1, a1, -0x1
x11 <- 0xFFFFFDFFFFFFFFFF
mem[X,0x0000000080001594] -> 0x063B
mem[X,0x0000000080001596] -> 0x40B5
[1386] [M]: 0x0000000080001594 (0x40B5063B) subw a2, a0, a1
x12 <- 0x0000000000000000
mem[X,0x0000000080001598] -> 0xB023
mem[X,0x000000008000159A] -> 0x52C2
[1387] [M]: 0x0000000080001598 (0x52C2B023) sd a2, 0x520(t0)
mem[0x000000008000B6C8] <- 0x0000000000000000
mem[X,0x000000008000159C] -> 0x0513
mem[X,0x000000008000159E] -> 0x0010
[1388] [M]: 0x000000008000159C (0x00100513) addi a0, zero, 0x1
x10 <- 0x0000000000000001
mem[X,0x00000000800015A0] -> 0x1513
mem[X,0x00000000800015A2] -> 0x0295
[1389] [M]: 0x00000000800015A0 (0x02951513) slli a0, a0, 0x29
x10 <- 0x0000020000000000
mem[X,0x00000000800015A4] -> 0x4513
mem[X,0x00000000800015A6] -> 0xFFF5
[1390] [M]: 0x00000000800015A4 (0xFFF54513) xori a0, a0, -0x1
x10 <- 0xFFFFFDFFFFFFFFFF
mem[X,0x00000000800015A8] -> 0x0593
mem[X,0x00000000800015AA] -> 0x0010
[1391] [M]: 0x00000000800015A8 (0x00100593) addi a1, zero, 0x1
x11 <- 0x0000000000000001
mem[X,0x00000000800015AC] -> 0x9593
mem[X,0x00000000800015AE] -> 0x02B5
[1392] [M]: 0x00000000800015AC (0x02B59593) slli a1, a1, 0x2b
x11 <- 0x0000080000000000
mem[X,0x00000000800015B0] -> 0x063B
mem[X,0x00000000800015B2] -> 0x40B5
[1393] [M]: 0x00000000800015B0 (0x40B5063B) subw a2, a0, a1
x12 <- 0xFFFFFFFFFFFFFFFF
mem[X,0x00000000800015B4] -> 0xB423
mem[X,0x00000000800015B6] -> 0x52C2
[1394] [M]: 0x00000000800015B4 (0x52C2B423) sd a2, 0x528(t0)
mem[0x000000008000B6D0] <- 0xFFFFFFFFFFFFFFFF
mem[X,0x00000000800015B8] -> 0x0513
mem[X,0x00000000800015BA] -> 0x0010
[1395] [M]: 0x00000000800015B8 (0x00100513) addi a0, zero, 0x1
x10 <- 0x0000000000000001
mem[X,0x00000000800015BC] -> 0x1513
mem[X,0x00000000800015BE] -> 0x02A5
[1396] [M]: 0x00000000800015BC (0x02A51513) slli a0, a0, 0x2a
x10 <- 0x0000040000000000
mem[X,0x00000000800015C0] -> 0x4513
mem[X,0x00000000800015C2] -> 0xFFF5
[1397] [M]: 0x00000000800015C0 (0xFFF54513) xori a0, a0, -0x1
x10 <- 0xFFFFFBFFFFFFFFFF
mem[X,0x00000000800015C4] -> 0x05B7
mem[X,0x00000000800015C6] -> 0x0000
[1398] [M]: 0x00000000800015C4 (0x000005B7) lui a1, 0x0
x11 <- 0x0000000000000000
mem[X,0x00000000800015C8] -> 0x8593
mem[X,0x00000000800015CA] -> 0x0005
[1399] [M]: 0x00000000800015C8 (0x00058593) addi a1, a1, 0x0
x11 <- 0x0000000000000000
clint::tick mtime <- 0x000000000000000E
 clint timer pending at mtime 0x000000000000000E
htif::tick 0x0000000000000000
mem[X,0x00000000800015CC] -> 0x9593
mem[X,0x00000000800015CE] -> 0x00B5
[1400] [M]: 0x00000000800015CC (0x00B59593) slli a1, a1, 0xb
x11 <- 0x0000000000000000
mem[X,0x00000000800015D0] -> 0x8593
mem[X,0x00000000800015D2] -> 0x5A85
[1401] [M]: 0x00000000800015D0 (0x5A858593) addi a1, a1, 0x5a8
x11 <- 0x00000000000005A8
mem[X,0x00000000800015D4] -> 0x9593
mem[X,0x00000000800015D6] -> 0x00B5
[1402] [M]: 0x00000000800015D4 (0x00B59593) slli a1, a1, 0xb
x11 <- 0x00000000002D4000
mem[X,0x00000000800015D8] -> 0x8593
mem[X,0x00000000800015DA] -> 0x13C5
[1403] [M]: 0x00000000800015D8 (0x13C58593) addi a1, a1, 0x13c
x11 <- 0x00000000002D413C
mem[X,0x00000000800015DC] -> 0x9593
mem[X,0x00000000800015DE] -> 0x00A5
[1404] [M]: 0x00000000800015DC (0x00A59593) slli a1, a1, 0xa
x11 <- 0x00000000B504F000
mem[X,0x00000000800015E0] -> 0x8593
mem[X,0x00000000800015E2] -> 0x3345
[1405] [M]: 0x00000000800015E0 (0x33458593) addi a1, a1, 0x334
x11 <- 0x00000000B504F334
mem[X,0x00000000800015E4] -> 0x063B
mem[X,0x00000000800015E6] -> 0x40B5
[1406] [M]: 0x00000000800015E4 (0x40B5063B) subw a2, a0, a1
x12 <- 0x000000004AFB0CCB
mem[X,0x00000000800015E8] -> 0xB823
mem[X,0x00000000800015EA] -> 0x52C2
[1407] [M]: 0x00000000800015E8 (0x52C2B823) sd a2, 0x530(t0)
mem[0x000000008000B6D8] <- 0x000000004AFB0CCB
mem[X,0x00000000800015EC] -> 0x0513
mem[X,0x00000000800015EE] -> 0x0010
[1408] [M]: 0x00000000800015EC (0x00100513) addi a0, zero, 0x1
x10 <- 0x0000000000000001
mem[X,0x00000000800015F0] -> 0x1513
mem[X,0x00000000800015F2] -> 0x02B5
[1409] [M]: 0x00000000800015F0 (0x02B51513) slli a0, a0, 0x2b
x10 <- 0x0000080000000000
mem[X,0x00000000800015F4] -> 0x4513
mem[X,0x00000000800015F6] -> 0xFFF5
[1410] [M]: 0x00000000800015F4 (0xFFF54513) xori a0, a0, -0x1
x10 <- 0xFFFFF7FFFFFFFFFF
mem[X,0x00000000800015F8] -> 0x0593
mem[X,0x00000000800015FA] -> 0x0010
[1411] [M]: 0x00000000800015F8 (0x00100593) addi a1, zero, 0x1
x11 <- 0x0000000000000001
mem[X,0x00000000800015FC] -> 0x9593
mem[X,0x00000000800015FE] -> 0x0255
[1412] [M]: 0x00000000800015FC (0x02559593) slli a1, a1, 0x25
x11 <- 0x0000002000000000
mem[X,0x0000000080001600] -> 0x063B
mem[X,0x0000000080001602] -> 0x40B5
[1413] [M]: 0x0000000080001600 (0x40B5063B) subw a2, a0, a1
x12 <- 0xFFFFFFFFFFFFFFFF
mem[X,0x0000000080001604] -> 0xBC23
mem[X,0x0000000080001606] -> 0x52C2
[1414] [M]: 0x0000000080001604 (0x52C2BC23) sd a2, 0x538(t0)
mem[0x000000008000B6E0] <- 0xFFFFFFFFFFFFFFFF
mem[X,0x0000000080001608] -> 0x0513
mem[X,0x000000008000160A] -> 0x0010
[1415] [M]: 0x0000000080001608 (0x00100513) addi a0, zero, 0x1
x10 <- 0x0000000000000001
mem[X,0x000000008000160C] -> 0x1513
mem[X,0x000000008000160E] -> 0x0305
[1416] [M]: 0x000000008000160C (0x03051513) slli a0, a0, 0x30
x10 <- 0x0001000000000000
mem[X,0x0000000080001610] -> 0x4513
mem[X,0x0000000080001612] -> 0xFFF5
[1417] [M]: 0x0000000080001610 (0xFFF54513) xori a0, a0, -0x1
x10 <- 0xFFFEFFFFFFFFFFFF
mem[X,0x0000000080001614] -> 0xB5B7
mem[X,0x0000000080001616] -> 0xAAAA
[1418] [M]: 0x0000000080001614 (0xAAAAB5B7) lui a1, -0x55555
x11 <- 0xFFFFFFFFAAAAB000
mem[X,0x0000000080001618] -> 0x8593
mem[X,0x000000008000161A] -> 0xAAA5
[1419] [M]: 0x0000000080001618 (0xAAA58593) addi a1, a1, -0x556
x11 <- 0xFFFFFFFFAAAAAAAA
mem[X,0x000000008000161C] -> 0x9593
mem[X,0x000000008000161E] -> 0x00B5
[1420] [M]: 0x000000008000161C (0x00B59593) slli a1, a1, 0xb
x11 <- 0xFFFFFD5555555000
mem[X,0x0000000080001620] -> 0x8593
mem[X,0x0000000080001622] -> 0x5555
[1421] [M]: 0x0000000080001620 (0x55558593) addi a1, a1, 0x555
x11 <- 0xFFFFFD5555555555
mem[X,0x0000000080001624] -> 0x9593
mem[X,0x0000000080001626] -> 0x00B5
[1422] [M]: 0x0000000080001624 (0x00B59593) slli a1, a1, 0xb
x11 <- 0xFFEAAAAAAAAAA800
mem[X,0x0000000080001628] -> 0x8593
mem[X,0x000000008000162A] -> 0x2AA5
[1423] [M]: 0x0000000080001628 (0x2AA58593) addi a1, a1, 0x2aa
x11 <- 0xFFEAAAAAAAAAAAAA
mem[X,0x000000008000162C] -> 0x9593
mem[X,0x000000008000162E] -> 0x00A5
[1424] [M]: 0x000000008000162C (0x00A59593) slli a1, a1, 0xa
x11 <- 0xAAAAAAAAAAAAA800
mem[X,0x0000000080001630] -> 0x8593
mem[X,0x0000000080001632] -> 0x2AB5
[1425] [M]: 0x0000000080001630 (0x2AB58593) addi a1, a1, 0x2ab
x11 <- 0xAAAAAAAAAAAAAAAB
mem[X,0x0000000080001634] -> 0x063B
mem[X,0x0000000080001636] -> 0x40B5
[1426] [M]: 0x0000000080001634 (0x40B5063B) subw a2, a0, a1
x12 <- 0x0000000055555554
mem[X,0x0000000080001638] -> 0xB023
mem[X,0x000000008000163A] -> 0x54C2
[1427] [M]: 0x0000000080001638 (0x54C2B023) sd a2, 0x540(t0)
mem[0x000000008000B6E8] <- 0x0000000055555554
mem[X,0x000000008000163C] -> 0x0513
mem[X,0x000000008000163E] -> 0x0010
[1428] [M]: 0x000000008000163C (0x00100513) addi a0, zero, 0x1
x10 <- 0x0000000000000001
mem[X,0x0000000080001640] -> 0x1513
mem[X,0x0000000080001642] -> 0x0365
[1429] [M]: 0x0000000080001640 (0x03651513) slli a0, a0, 0x36
x10 <- 0x0040000000000000
mem[X,0x0000000080001644] -> 0x4513
mem[X,0x0000000080001646] -> 0xFFF5
[1430] [M]: 0x0000000080001644 (0xFFF54513) xori a0, a0, -0x1
x10 <- 0xFFBFFFFFFFFFFFFF
mem[X,0x0000000080001648] -> 0x0593
mem[X,0x000000008000164A] -> 0x0010
[1431] [M]: 0x0000000080001648 (0x00100593) addi a1, zero, 0x1
x11 <- 0x0000000000000001
mem[X,0x000000008000164C] -> 0x9593
mem[X,0x000000008000164E] -> 0x0375
[1432] [M]: 0x000000008000164C (0x03759593) slli a1, a1, 0x37
x11 <- 0x0080000000000000
mem[X,0x0000000080001650] -> 0x063B
mem[X,0x0000000080001652] -> 0x40B5
[1433] [M]: 0x0000000080001650 (0x40B5063B) subw a2, a0, a1
x12 <- 0xFFFFFFFFFFFFFFFF
mem[X,0x0000000080001654] -> 0xB423
mem[X,0x0000000080001656] -> 0x54C2
[1434] [M]: 0x0000000080001654 (0x54C2B423) sd a2, 0x548(t0)
mem[0x000000008000B6F0] <- 0xFFFFFFFFFFFFFFFF
mem[X,0x0000000080001658] -> 0x0513
mem[X,0x000000008000165A] -> 0x0010
[1435] [M]: 0x0000000080001658 (0x00100513) addi a0, zero, 0x1
x10 <- 0x0000000000000001
mem[X,0x000000008000165C] -> 0x1513
mem[X,0x000000008000165E] -> 0x0375
[1436] [M]: 0x000000008000165C (0x03751513) slli a0, a0, 0x37
x10 <- 0x0080000000000000
mem[X,0x0000000080001660] -> 0x4513
mem[X,0x0000000080001662] -> 0xFFF5
[1437] [M]: 0x0000000080001660 (0xFFF54513) xori a0, a0, -0x1
x10 <- 0xFF7FFFFFFFFFFFFF
mem[X,0x0000000080001664] -> 0x0593
mem[X,0x0000000080001666] -> 0xFFF0
[1438] [M]: 0x0000000080001664 (0xFFF00593) addi a1, zero, -0x1
x11 <- 0xFFFFFFFFFFFFFFFF
mem[X,0x0000000080001668] -> 0x9593
mem[X,0x000000008000166A] -> 0x03E5
[1439] [M]: 0x0000000080001668 (0x03E59593) slli a1, a1, 0x3e
x11 <- 0xC000000000000000
mem[X,0x000000008000166C] -> 0x063B
mem[X,0x000000008000166E] -> 0x40B5
[1440] [M]: 0x000000008000166C (0x40B5063B) subw a2, a0, a1
x12 <- 0xFFFFFFFFFFFFFFFF
mem[X,0x0000000080001670] -> 0xB823
mem[X,0x0000000080001672] -> 0x54C2
[1441] [M]: 0x0000000080001670 (0x54C2B823) sd a2, 0x550(t0)
mem[0x000000008000B6F8] <- 0xFFFFFFFFFFFFFFFF
mem[X,0x0000000080001674] -> 0x0513
mem[X,0x0000000080001676] -> 0x0010
[1442] [M]: 0x0000000080001674 (0x00100513) addi a0, zero, 0x1
x10 <- 0x0000000000000001
mem[X,0x0000000080001678] -> 0x1513
mem[X,0x000000008000167A] -> 0x0385
[1443] [M]: 0x0000000080001678 (0x03851513) slli a0, a0, 0x38
x10 <- 0x0100000000000000
mem[X,0x000000008000167C] -> 0x4513
mem[X,0x000000008000167E] -> 0xFFF5
[1444] [M]: 0x000000008000167C (0xFFF54513) xori a0, a0, -0x1
x10 <- 0xFEFFFFFFFFFFFFFF
mem[X,0x0000000080001680] -> 0x0593
mem[X,0x0000000080001682] -> 0x0050
[1445] [M]: 0x0000000080001680 (0x00500593) addi a1, zero, 0x5
x11 <- 0x0000000000000005
mem[X,0x0000000080001684] -> 0x063B
mem[X,0x0000000080001686] -> 0x40B5
[1446] [M]: 0x0000000080001684 (0x40B5063B) subw a2, a0, a1
x12 <- 0xFFFFFFFFFFFFFFFA
mem[X,0x0000000080001688] -> 0xBC23
mem[X,0x000000008000168A] -> 0x54C2
[1447] [M]: 0x0000000080001688 (0x54C2BC23) sd a2, 0x558(t0)
mem[0x000000008000B700] <- 0xFFFFFFFFFFFFFFFA
mem[X,0x000000008000168C] -> 0x0513
mem[X,0x000000008000168E] -> 0x0010
[1448] [M]: 0x000000008000168C (0x00100513) addi a0, zero, 0x1
x10 <- 0x0000000000000001
mem[X,0x0000000080001690] -> 0x1513
mem[X,0x0000000080001692] -> 0x03C5
[1449] [M]: 0x0000000080001690 (0x03C51513) slli a0, a0, 0x3c
x10 <- 0x1000000000000000
mem[X,0x0000000080001694] -> 0x4513
mem[X,0x0000000080001696] -> 0xFFF5
[1450] [M]: 0x0000000080001694 (0xFFF54513) xori a0, a0, -0x1
x10 <- 0xEFFFFFFFFFFFFFFF
mem[X,0x0000000080001698] -> 0x0593
mem[X,0x000000008000169A] -> 0xFFB0
[1451] [M]: 0x0000000080001698 (0xFFB00593) addi a1, zero, -0x5
x11 <- 0xFFFFFFFFFFFFFFFB
mem[X,0x000000008000169C] -> 0x063B
mem[X,0x000000008000169E] -> 0x40B5
[1452] [M]: 0x000000008000169C (0x40B5063B) subw a2, a0, a1
x12 <- 0x0000000000000004
mem[X,0x00000000800016A0] -> 0xB023
mem[X,0x00000000800016A2] -> 0x56C2
[1453] [M]: 0x00000000800016A0 (0x56C2B023) sd a2, 0x560(t0)
mem[0x000000008000B708] <- 0x0000000000000004
mem[X,0x00000000800016A4] -> 0x0513
mem[X,0x00000000800016A6] -> 0x0010
[1454] [M]: 0x00000000800016A4 (0x00100513) addi a0, zero, 0x1
x10 <- 0x0000000000000001
mem[X,0x00000000800016A8] -> 0x1513
mem[X,0x00000000800016AA] -> 0x03D5
[1455] [M]: 0x00000000800016A8 (0x03D51513) slli a0, a0, 0x3d
x10 <- 0x2000000000000000
mem[X,0x00000000800016AC] -> 0x4513
mem[X,0x00000000800016AE] -> 0xFFF5
[1456] [M]: 0x00000000800016AC (0xFFF54513) xori a0, a0, -0x1
x10 <- 0xDFFFFFFFFFFFFFFF
mem[X,0x00000000800016B0] -> 0x0593
mem[X,0x00000000800016B2] -> 0xFFA0
[1457] [M]: 0x00000000800016B0 (0xFFA00593) addi a1, zero, -0x6
x11 <- 0xFFFFFFFFFFFFFFFA
mem[X,0x00000000800016B4] -> 0x063B
mem[X,0x00000000800016B6] -> 0x40B5
[1458] [M]: 0x00000000800016B4 (0x40B5063B) subw a2, a0, a1
x12 <- 0x0000000000000005
mem[X,0x00000000800016B8] -> 0xB423
mem[X,0x00000000800016BA] -> 0x56C2
[1459] [M]: 0x00000000800016B8 (0x56C2B423) sd a2, 0x568(t0)
mem[0x000000008000B710] <- 0x0000000000000005
mem[X,0x00000000800016BC] -> 0x0513
mem[X,0x00000000800016BE] -> 0x0010
[1460] [M]: 0x00000000800016BC (0x00100513) addi a0, zero, 0x1
x10 <- 0x0000000000000001
mem[X,0x00000000800016C0] -> 0x1513
mem[X,0x00000000800016C2] -> 0x03E5
[1461] [M]: 0x00000000800016C0 (0x03E51513) slli a0, a0, 0x3e
x10 <- 0x4000000000000000
mem[X,0x00000000800016C4] -> 0x4513
mem[X,0x00000000800016C6] -> 0xFFF5
[1462] [M]: 0x00000000800016C4 (0xFFF54513) xori a0, a0, -0x1
x10 <- 0xBFFFFFFFFFFFFFFF
mem[X,0x00000000800016C8] -> 0x0593
mem[X,0x00000000800016CA] -> 0x0010
[1463] [M]: 0x00000000800016C8 (0x00100593) addi a1, zero, 0x1
x11 <- 0x0000000000000001
mem[X,0x00000000800016CC] -> 0x9593
mem[X,0x00000000800016CE] -> 0x00E5
[1464] [M]: 0x00000000800016CC (0x00E59593) slli a1, a1, 0xe
x11 <- 0x0000000000004000
mem[X,0x00000000800016D0] -> 0xC593
mem[X,0x00000000800016D2] -> 0xFFF5
[1465] [M]: 0x00000000800016D0 (0xFFF5C593) xori a1, a1, -0x1
x11 <- 0xFFFFFFFFFFFFBFFF
mem[X,0x00000000800016D4] -> 0x063B
mem[X,0x00000000800016D6] -> 0x40B5
[1466] [M]: 0x00000000800016D4 (0x40B5063B) subw a2, a0, a1
x12 <- 0x0000000000004000
mem[X,0x00000000800016D8] -> 0xB823
mem[X,0x00000000800016DA] -> 0x56C2
[1467] [M]: 0x00000000800016D8 (0x56C2B823) sd a2, 0x570(t0)
mem[0x000000008000B718] <- 0x0000000000004000
mem[X,0x00000000800016DC] -> 0xB537
mem[X,0x00000000800016DE] -> 0xAAAA
[1468] [M]: 0x00000000800016DC (0xAAAAB537) lui a0, -0x55555
x10 <- 0xFFFFFFFFAAAAB000
mem[X,0x00000000800016E0] -> 0x0513
mem[X,0x00000000800016E2] -> 0xAAA5
[1469] [M]: 0x00000000800016E0 (0xAAA50513) addi a0, a0, -0x556
x10 <- 0xFFFFFFFFAAAAAAAA
mem[X,0x00000000800016E4] -> 0x1513
mem[X,0x00000000800016E6] -> 0x00B5
[1470] [M]: 0x00000000800016E4 (0x00B51513) slli a0, a0, 0xb
x10 <- 0xFFFFFD5555555000
mem[X,0x00000000800016E8] -> 0x0513
mem[X,0x00000000800016EA] -> 0x5555
[1471] [M]: 0x00000000800016E8 (0x55550513) addi a0, a0, 0x555
x10 <- 0xFFFFFD5555555555
mem[X,0x00000000800016EC] -> 0x1513
mem[X,0x00000000800016EE] -> 0x00B5
[1472] [M]: 0x00000000800016EC (0x00B51513) slli a0, a0, 0xb
x10 <- 0xFFEAAAAAAAAAA800
mem[X,0x00000000800016F0] -> 0x0513
mem[X,0x00000000800016F2] -> 0x2AA5
[1473] [M]: 0x00000000800016F0 (0x2AA50513) addi a0, a0, 0x2aa
x10 <- 0xFFEAAAAAAAAAAAAA
mem[X,0x00000000800016F4] -> 0x1513
mem[X,0x00000000800016F6] -> 0x00A5
[1474] [M]: 0x00000000800016F4 (0x00A51513) slli a0, a0, 0xa
x10 <- 0xAAAAAAAAAAAAA800
mem[X,0x00000000800016F8] -> 0x0513
mem[X,0x00000000800016FA] -> 0x2AA5
[1475] [M]: 0x00000000800016F8 (0x2AA50513) addi a0, a0, 0x2aa
x10 <- 0xAAAAAAAAAAAAAAAA
mem[X,0x00000000800016FC] -> 0x0593
mem[X,0x00000000800016FE] -> 0x0000
[1476] [M]: 0x00000000800016FC (0x00000593) addi a1, zero, 0x0
x11 <- 0x0000000000000000
mem[X,0x0000000080001700] -> 0x063B
mem[X,0x0000000080001702] -> 0x40B5
[1477] [M]: 0x0000000080001700 (0x40B5063B) subw a2, a0, a1
x12 <- 0xFFFFFFFFAAAAAAAA
mem[X,0x0000000080001704] -> 0xBC23
mem[X,0x0000000080001706] -> 0x56C2
[1478] [M]: 0x0000000080001704 (0x56C2BC23) sd a2, 0x578(t0)
mem[0x000000008000B720] <- 0xFFFFFFFFAAAAAAAA
mem[X,0x0000000080001708] -> 0x0513
mem[X,0x000000008000170A] -> 0x0030
[1479] [M]: 0x0000000080001708 (0x00300513) addi a0, zero, 0x3
x10 <- 0x0000000000000003
mem[X,0x000000008000170C] -> 0x0593
mem[X,0x000000008000170E] -> 0x0030
[1480] [M]: 0x000000008000170C (0x00300593) addi a1, zero, 0x3
x11 <- 0x0000000000000003
mem[X,0x0000000080001710] -> 0x063B
mem[X,0x0000000080001712] -> 0x40B5
[1481] [M]: 0x0000000080001710 (0x40B5063B) subw a2, a0, a1
x12 <- 0x0000000000000000
mem[X,0x0000000080001714] -> 0xB023
mem[X,0x0000000080001716] -> 0x58C2
[1482] [M]: 0x0000000080001714 (0x58C2B023) sd a2, 0x580(t0)
mem[0x000000008000B728] <- 0x0000000000000000
mem[X,0x0000000080001718] -> 0x0513
mem[X,0x000000008000171A] -> 0x0030
[1483] [M]: 0x0000000080001718 (0x00300513) addi a0, zero, 0x3
x10 <- 0x0000000000000003
mem[X,0x000000008000171C] -> 0x55B7
mem[X,0x000000008000171E] -> 0x5555
[1484] [M]: 0x000000008000171C (0x555555B7) lui a1, 0x55555
x11 <- 0x0000000055555000
mem[X,0x0000000080001720] -> 0x8593
mem[X,0x0000000080001722] -> 0x5555
[1485] [M]: 0x0000000080001720 (0x55558593) addi a1, a1, 0x555
x11 <- 0x0000000055555555
mem[X,0x0000000080001724] -> 0x9593
mem[X,0x0000000080001726] -> 0x00B5
[1486] [M]: 0x0000000080001724 (0x00B59593) slli a1, a1, 0xb
x11 <- 0x000002AAAAAAA800
mem[X,0x0000000080001728] -> 0x8593
mem[X,0x000000008000172A] -> 0x2AA5
[1487] [M]: 0x0000000080001728 (0x2AA58593) addi a1, a1, 0x2aa
x11 <- 0x000002AAAAAAAAAA
mem[X,0x000000008000172C] -> 0x9593
mem[X,0x000000008000172E] -> 0x00B5
[1488] [M]: 0x000000008000172C (0x00B59593) slli a1, a1, 0xb
x11 <- 0x0015555555555000
mem[X,0x0000000080001730] -> 0x8593
mem[X,0x0000000080001732] -> 0x5555
[1489] [M]: 0x0000000080001730 (0x55558593) addi a1, a1, 0x555
x11 <- 0x0015555555555555
mem[X,0x0000000080001734] -> 0x9593
mem[X,0x0000000080001736] -> 0x00A5
[1490] [M]: 0x0000000080001734 (0x00A59593) slli a1, a1, 0xa
x11 <- 0x5555555555555400
mem[X,0x0000000080001738] -> 0x8593
mem[X,0x000000008000173A] -> 0x1555
[1491] [M]: 0x0000000080001738 (0x15558593) addi a1, a1, 0x155
x11 <- 0x5555555555555555
mem[X,0x000000008000173C] -> 0x063B
mem[X,0x000000008000173E] -> 0x40B5
[1492] [M]: 0x000000008000173C (0x40B5063B) subw a2, a0, a1
x12 <- 0xFFFFFFFFAAAAAAAE
mem[X,0x0000000080001740] -> 0xB423
mem[X,0x0000000080001742] -> 0x58C2
[1493] [M]: 0x0000000080001740 (0x58C2B423) sd a2, 0x588(t0)
mem[0x000000008000B730] <- 0xFFFFFFFFAAAAAAAE
mem[X,0x0000000080001744] -> 0x0513
mem[X,0x0000000080001746] -> 0x0030
[1494] [M]: 0x0000000080001744 (0x00300513) addi a0, zero, 0x3
x10 <- 0x0000000000000003
mem[X,0x0000000080001748] -> 0xB5B7
mem[X,0x000000008000174A] -> 0xAAAA
[1495] [M]: 0x0000000080001748 (0xAAAAB5B7) lui a1, -0x55555
x11 <- 0xFFFFFFFFAAAAB000
mem[X,0x000000008000174C] -> 0x8593
mem[X,0x000000008000174E] -> 0xAAA5
[1496] [M]: 0x000000008000174C (0xAAA58593) addi a1, a1, -0x556
x11 <- 0xFFFFFFFFAAAAAAAA
mem[X,0x0000000080001750] -> 0x9593
mem[X,0x0000000080001752] -> 0x00B5
[1497] [M]: 0x0000000080001750 (0x00B59593) slli a1, a1, 0xb
x11 <- 0xFFFFFD5555555000
mem[X,0x0000000080001754] -> 0x8593
mem[X,0x0000000080001756] -> 0x5555
[1498] [M]: 0x0000000080001754 (0x55558593) addi a1, a1, 0x555
x11 <- 0xFFFFFD5555555555
mem[X,0x0000000080001758] -> 0x9593
mem[X,0x000000008000175A] -> 0x00B5
[1499] [M]: 0x0000000080001758 (0x00B59593) slli a1, a1, 0xb
x11 <- 0xFFEAAAAAAAAAA800
clint::tick mtime <- 0x000000000000000F
 clint timer pending at mtime 0x000000000000000F
htif::tick 0x0000000000000000
mem[X,0x000000008000175C] -> 0x8593
mem[X,0x000000008000175E] -> 0x2AA5
[1500] [M]: 0x000000008000175C (0x2AA58593) addi a1, a1, 0x2aa
x11 <- 0xFFEAAAAAAAAAAAAA
mem[X,0x0000000080001760] -> 0x9593
mem[X,0x0000000080001762] -> 0x00A5
[1501] [M]: 0x0000000080001760 (0x00A59593) slli a1, a1, 0xa
x11 <- 0xAAAAAAAAAAAAA800
mem[X,0x0000000080001764] -> 0x8593
mem[X,0x0000000080001766] -> 0x2AA5
[1502] [M]: 0x0000000080001764 (0x2AA58593) addi a1, a1, 0x2aa
x11 <- 0xAAAAAAAAAAAAAAAA
mem[X,0x0000000080001768] -> 0x063B
mem[X,0x000000008000176A] -> 0x40B5
[1503] [M]: 0x0000000080001768 (0x40B5063B) subw a2, a0, a1
x12 <- 0x0000000055555559
mem[X,0x000000008000176C] -> 0xB823
mem[X,0x000000008000176E] -> 0x58C2
[1504] [M]: 0x000000008000176C (0x58C2B823) sd a2, 0x590(t0)
mem[0x000000008000B738] <- 0x0000000055555559
mem[X,0x0000000080001770] -> 0x0513
mem[X,0x0000000080001772] -> 0x0030
[1505] [M]: 0x0000000080001770 (0x00300513) addi a0, zero, 0x3
x10 <- 0x0000000000000003
mem[X,0x0000000080001774] -> 0x0593
mem[X,0x0000000080001776] -> 0x0050
[1506] [M]: 0x0000000080001774 (0x00500593) addi a1, zero, 0x5
x11 <- 0x0000000000000005
mem[X,0x0000000080001778] -> 0x063B
mem[X,0x000000008000177A] -> 0x40B5
[1507] [M]: 0x0000000080001778 (0x40B5063B) subw a2, a0, a1
x12 <- 0xFFFFFFFFFFFFFFFE
mem[X,0x000000008000177C] -> 0xBC23
mem[X,0x000000008000177E] -> 0x58C2
[1508] [M]: 0x000000008000177C (0x58C2BC23) sd a2, 0x598(t0)
mem[0x000000008000B740] <- 0xFFFFFFFFFFFFFFFE
mem[X,0x0000000080001780] -> 0x0513
mem[X,0x0000000080001782] -> 0x0030
[1509] [M]: 0x0000000080001780 (0x00300513) addi a0, zero, 0x3
x10 <- 0x0000000000000003
mem[X,0x0000000080001784] -> 0x35B7
mem[X,0x0000000080001786] -> 0x3333
[1510] [M]: 0x0000000080001784 (0x333335B7) lui a1, 0x33333
x11 <- 0x0000000033333000
mem[X,0x0000000080001788] -> 0x8593
mem[X,0x000000008000178A] -> 0x3335
[1511] [M]: 0x0000000080001788 (0x33358593) addi a1, a1, 0x333
x11 <- 0x0000000033333333
mem[X,0x000000008000178C] -> 0x9593
mem[X,0x000000008000178E] -> 0x00B5
[1512] [M]: 0x000000008000178C (0x00B59593) slli a1, a1, 0xb
x11 <- 0x0000019999999800
mem[X,0x0000000080001790] -> 0x8593
mem[X,0x0000000080001792] -> 0x1995
[1513] [M]: 0x0000000080001790 (0x19958593) addi a1, a1, 0x199
x11 <- 0x0000019999999999
mem[X,0x0000000080001794] -> 0x9593
mem[X,0x0000000080001796] -> 0x00B5
[1514] [M]: 0x0000000080001794 (0x00B59593) slli a1, a1, 0xb
x11 <- 0x000CCCCCCCCCC800
mem[X,0x0000000080001798] -> 0x8593
mem[X,0x000000008000179A] -> 0x4CC5
[1515] [M]: 0x0000000080001798 (0x4CC58593) addi a1, a1, 0x4cc
x11 <- 0x000CCCCCCCCCCCCC
mem[X,0x000000008000179C] -> 0x9593
mem[X,0x000000008000179E] -> 0x00A5
[1516] [M]: 0x000000008000179C (0x00A59593) slli a1, a1, 0xa
x11 <- 0x3333333333333000
mem[X,0x00000000800017A0] -> 0x8593
mem[X,0x00000000800017A2] -> 0x3335
[1517] [M]: 0x00000000800017A0 (0x33358593) addi a1, a1, 0x333
x11 <- 0x3333333333333333
mem[X,0x00000000800017A4] -> 0x063B
mem[X,0x00000000800017A6] -> 0x40B5
[1518] [M]: 0x00000000800017A4 (0x40B5063B) subw a2, a0, a1
x12 <- 0xFFFFFFFFCCCCCCD0
mem[X,0x00000000800017A8] -> 0xB023
mem[X,0x00000000800017AA] -> 0x5AC2
[1519] [M]: 0x00000000800017A8 (0x5AC2B023) sd a2, 0x5a0(t0)
mem[0x000000008000B748] <- 0xFFFFFFFFCCCCCCD0
mem[X,0x00000000800017AC] -> 0x0513
mem[X,0x00000000800017AE] -> 0x0030
[1520] [M]: 0x00000000800017AC (0x00300513) addi a0, zero, 0x3
x10 <- 0x0000000000000003
mem[X,0x00000000800017B0] -> 0x65B7
mem[X,0x00000000800017B2] -> 0x6666
[1521] [M]: 0x00000000800017B0 (0x666665B7) lui a1, 0x66666
x11 <- 0x0000000066666000
mem[X,0x00000000800017B4] -> 0x8593
mem[X,0x00000000800017B6] -> 0x6665
[1522] [M]: 0x00000000800017B4 (0x66658593) addi a1, a1, 0x666
x11 <- 0x0000000066666666
mem[X,0x00000000800017B8] -> 0x9593
mem[X,0x00000000800017BA] -> 0x00B5
[1523] [M]: 0x00000000800017B8 (0x00B59593) slli a1, a1, 0xb
x11 <- 0x0000033333333000
mem[X,0x00000000800017BC] -> 0x8593
mem[X,0x00000000800017BE] -> 0x3335
[1524] [M]: 0x00000000800017BC (0x33358593) addi a1, a1, 0x333
x11 <- 0x0000033333333333
mem[X,0x00000000800017C0] -> 0x9593
mem[X,0x00000000800017C2] -> 0x00B5
[1525] [M]: 0x00000000800017C0 (0x00B59593) slli a1, a1, 0xb
x11 <- 0x0019999999999800
mem[X,0x00000000800017C4] -> 0x8593
mem[X,0x00000000800017C6] -> 0x1995
[1526] [M]: 0x00000000800017C4 (0x19958593) addi a1, a1, 0x199
x11 <- 0x0019999999999999
mem[X,0x00000000800017C8] -> 0x9593
mem[X,0x00000000800017CA] -> 0x00A5
[1527] [M]: 0x00000000800017C8 (0x00A59593) slli a1, a1, 0xa
x11 <- 0x6666666666666400
mem[X,0x00000000800017CC] -> 0x8593
mem[X,0x00000000800017CE] -> 0x2665
[1528] [M]: 0x00000000800017CC (0x26658593) addi a1, a1, 0x266
x11 <- 0x6666666666666666
mem[X,0x00000000800017D0] -> 0x063B
mem[X,0x00000000800017D2] -> 0x40B5
[1529] [M]: 0x00000000800017D0 (0x40B5063B) subw a2, a0, a1
x12 <- 0xFFFFFFFF9999999D
mem[X,0x00000000800017D4] -> 0xB423
mem[X,0x00000000800017D6] -> 0x5AC2
[1530] [M]: 0x00000000800017D4 (0x5AC2B423) sd a2, 0x5a8(t0)
mem[0x000000008000B750] <- 0xFFFFFFFF9999999D
mem[X,0x00000000800017D8] -> 0x0513
mem[X,0x00000000800017DA] -> 0x0030
[1531] [M]: 0x00000000800017D8 (0x00300513) addi a0, zero, 0x3
x10 <- 0x0000000000000003
mem[X,0x00000000800017DC] -> 0x05B7
mem[X,0x00000000800017DE] -> 0x0000
[1532] [M]: 0x00000000800017DC (0x000005B7) lui a1, 0x0
x11 <- 0x0000000000000000
mem[X,0x00000000800017E0] -> 0x8593
mem[X,0x00000000800017E2] -> 0xFFF5
[1533] [M]: 0x00000000800017E0 (0xFFF58593) addi a1, a1, -0x1
x11 <- 0xFFFFFFFFFFFFFFFF
mem[X,0x00000000800017E4] -> 0x9593
mem[X,0x00000000800017E6] -> 0x00B5
[1534] [M]: 0x00000000800017E4 (0x00B59593) slli a1, a1, 0xb
x11 <- 0xFFFFFFFFFFFFF800
mem[X,0x00000000800017E8] -> 0x8593
mem[X,0x00000000800017EA] -> 0x2575
[1535] [M]: 0x00000000800017E8 (0x25758593) addi a1, a1, 0x257
x11 <- 0xFFFFFFFFFFFFFA57
mem[X,0x00000000800017EC] -> 0x9593
mem[X,0x00000000800017EE] -> 0x00B5
[1536] [M]: 0x00000000800017EC (0x00B59593) slli a1, a1, 0xb
x11 <- 0xFFFFFFFFFFD2B800
mem[X,0x00000000800017F0] -> 0x8593
mem[X,0x00000000800017F2] -> 0x6C35
[1537] [M]: 0x00000000800017F0 (0x6C358593) addi a1, a1, 0x6c3
x11 <- 0xFFFFFFFFFFD2BEC3
mem[X,0x00000000800017F4] -> 0x9593
mem[X,0x00000000800017F6] -> 0x00A5
[1538] [M]: 0x00000000800017F4 (0x00A59593) slli a1, a1, 0xa
x11 <- 0xFFFFFFFF4AFB0C00
mem[X,0x00000000800017F8] -> 0x8593
mem[X,0x00000000800017FA] -> 0x0CD5
[1539] [M]: 0x00000000800017F8 (0x0CD58593) addi a1, a1, 0xcd
x11 <- 0xFFFFFFFF4AFB0CCD
mem[X,0x00000000800017FC] -> 0x063B
mem[X,0x00000000800017FE] -> 0x40B5
[1540] [M]: 0x00000000800017FC (0x40B5063B) subw a2, a0, a1
x12 <- 0xFFFFFFFFB504F336
mem[X,0x0000000080001800] -> 0xB823
mem[X,0x0000000080001802] -> 0x5AC2
[1541] [M]: 0x0000000080001800 (0x5AC2B823) sd a2, 0x5b0(t0)
mem[0x000000008000B758] <- 0xFFFFFFFFB504F336
mem[X,0x0000000080001804] -> 0x0513
mem[X,0x0000000080001806] -> 0x0030
[1542] [M]: 0x0000000080001804 (0x00300513) addi a0, zero, 0x3
x10 <- 0x0000000000000003
mem[X,0x0000000080001808] -> 0x05B7
mem[X,0x000000008000180A] -> 0x0000
[1543] [M]: 0x0000000080001808 (0x000005B7) lui a1, 0x0
x11 <- 0x0000000000000000
mem[X,0x000000008000180C] -> 0x8593
mem[X,0x000000008000180E] -> 0x0005
[1544] [M]: 0x000000008000180C (0x00058593) addi a1, a1, 0x0
x11 <- 0x0000000000000000
mem[X,0x0000000080001810] -> 0x9593
mem[X,0x0000000080001812] -> 0x00B5
[1545] [M]: 0x0000000080001810 (0x00B59593) slli a1, a1, 0xb
x11 <- 0x0000000000000000
mem[X,0x0000000080001814] -> 0x8593
mem[X,0x0000000080001816] -> 0x5A85
[1546] [M]: 0x0000000080001814 (0x5A858593) addi a1, a1, 0x5a8
x11 <- 0x00000000000005A8
mem[X,0x0000000080001818] -> 0x9593
mem[X,0x000000008000181A] -> 0x00B5
[1547] [M]: 0x0000000080001818 (0x00B59593) slli a1, a1, 0xb
x11 <- 0x00000000002D4000
mem[X,0x000000008000181C] -> 0x8593
mem[X,0x000000008000181E] -> 0x13C5
[1548] [M]: 0x000000008000181C (0x13C58593) addi a1, a1, 0x13c
x11 <- 0x00000000002D413C
mem[X,0x0000000080001820] -> 0x9593
mem[X,0x0000000080001822] -> 0x00A5
[1549] [M]: 0x0000000080001820 (0x00A59593) slli a1, a1, 0xa
x11 <- 0x00000000B504F000
mem[X,0x0000000080001824] -> 0x8593
mem[X,0x0000000080001826] -> 0x3335
[1550] [M]: 0x0000000080001824 (0x33358593) addi a1, a1, 0x333
x11 <- 0x00000000B504F333
mem[X,0x0000000080001828] -> 0x063B
mem[X,0x000000008000182A] -> 0x40B5
[1551] [M]: 0x0000000080001828 (0x40B5063B) subw a2, a0, a1
x12 <- 0x000000004AFB0CD0
mem[X,0x000000008000182C] -> 0xBC23
mem[X,0x000000008000182E] -> 0x5AC2
[1552] [M]: 0x000000008000182C (0x5AC2BC23) sd a2, 0x5b8(t0)
mem[0x000000008000B760] <- 0x000000004AFB0CD0
mem[X,0x0000000080001830] -> 0x0513
mem[X,0x0000000080001832] -> 0x0030
[1553] [M]: 0x0000000080001830 (0x00300513) addi a0, zero, 0x3
x10 <- 0x0000000000000003
mem[X,0x0000000080001834] -> 0x0593
mem[X,0x0000000080001836] -> 0x0020
[1554] [M]: 0x0000000080001834 (0x00200593) addi a1, zero, 0x2
x11 <- 0x0000000000000002
mem[X,0x0000000080001838] -> 0x063B
mem[X,0x000000008000183A] -> 0x40B5
[1555] [M]: 0x0000000080001838 (0x40B5063B) subw a2, a0, a1
x12 <- 0x0000000000000001
mem[X,0x000000008000183C] -> 0xB023
mem[X,0x000000008000183E] -> 0x5CC2
[1556] [M]: 0x000000008000183C (0x5CC2B023) sd a2, 0x5c0(t0)
mem[0x000000008000B768] <- 0x0000000000000001
mem[X,0x0000000080001840] -> 0x0513
mem[X,0x0000000080001842] -> 0x0030
[1557] [M]: 0x0000000080001840 (0x00300513) addi a0, zero, 0x3
x10 <- 0x0000000000000003
mem[X,0x0000000080001844] -> 0x55B7
mem[X,0x0000000080001846] -> 0x5555
[1558] [M]: 0x0000000080001844 (0x555555B7) lui a1, 0x55555
x11 <- 0x0000000055555000
mem[X,0x0000000080001848] -> 0x8593
mem[X,0x000000008000184A] -> 0x5555
[1559] [M]: 0x0000000080001848 (0x55558593) addi a1, a1, 0x555
x11 <- 0x0000000055555555
mem[X,0x000000008000184C] -> 0x9593
mem[X,0x000000008000184E] -> 0x00B5
[1560] [M]: 0x000000008000184C (0x00B59593) slli a1, a1, 0xb
x11 <- 0x000002AAAAAAA800
mem[X,0x0000000080001850] -> 0x8593
mem[X,0x0000000080001852] -> 0x2AA5
[1561] [M]: 0x0000000080001850 (0x2AA58593) addi a1, a1, 0x2aa
x11 <- 0x000002AAAAAAAAAA
mem[X,0x0000000080001854] -> 0x9593
mem[X,0x0000000080001856] -> 0x00B5
[1562] [M]: 0x0000000080001854 (0x00B59593) slli a1, a1, 0xb
x11 <- 0x0015555555555000
mem[X,0x0000000080001858] -> 0x8593
mem[X,0x000000008000185A] -> 0x5555
[1563] [M]: 0x0000000080001858 (0x55558593) addi a1, a1, 0x555
x11 <- 0x0015555555555555
mem[X,0x000000008000185C] -> 0x9593
mem[X,0x000000008000185E] -> 0x00A5
[1564] [M]: 0x000000008000185C (0x00A59593) slli a1, a1, 0xa
x11 <- 0x5555555555555400
mem[X,0x0000000080001860] -> 0x8593
mem[X,0x0000000080001862] -> 0x1545
[1565] [M]: 0x0000000080001860 (0x15458593) addi a1, a1, 0x154
x11 <- 0x5555555555555554
mem[X,0x0000000080001864] -> 0x063B
mem[X,0x0000000080001866] -> 0x40B5
[1566] [M]: 0x0000000080001864 (0x40B5063B) subw a2, a0, a1
x12 <- 0xFFFFFFFFAAAAAAAF
mem[X,0x0000000080001868] -> 0xB423
mem[X,0x000000008000186A] -> 0x5CC2
[1567] [M]: 0x0000000080001868 (0x5CC2B423) sd a2, 0x5c8(t0)
mem[0x000000008000B770] <- 0xFFFFFFFFAAAAAAAF
mem[X,0x000000008000186C] -> 0x0513
mem[X,0x000000008000186E] -> 0x0030
[1568] [M]: 0x000000008000186C (0x00300513) addi a0, zero, 0x3
x10 <- 0x0000000000000003
mem[X,0x0000000080001870] -> 0x0593
mem[X,0x0000000080001872] -> 0x0040
[1569] [M]: 0x0000000080001870 (0x00400593) addi a1, zero, 0x4
x11 <- 0x0000000000000004
mem[X,0x0000000080001874] -> 0x063B
mem[X,0x0000000080001876] -> 0x40B5
[1570] [M]: 0x0000000080001874 (0x40B5063B) subw a2, a0, a1
x12 <- 0xFFFFFFFFFFFFFFFF
mem[X,0x0000000080001878] -> 0xB823
mem[X,0x000000008000187A] -> 0x5CC2
[1571] [M]: 0x0000000080001878 (0x5CC2B823) sd a2, 0x5d0(t0)
mem[0x000000008000B778] <- 0xFFFFFFFFFFFFFFFF
mem[X,0x000000008000187C] -> 0x0513
mem[X,0x000000008000187E] -> 0x0030
[1572] [M]: 0x000000008000187C (0x00300513) addi a0, zero, 0x3
x10 <- 0x0000000000000003
mem[X,0x0000000080001880] -> 0x35B7
mem[X,0x0000000080001882] -> 0x3333
[1573] [M]: 0x0000000080001880 (0x333335B7) lui a1, 0x33333
x11 <- 0x0000000033333000
mem[X,0x0000000080001884] -> 0x8593
mem[X,0x0000000080001886] -> 0x3335
[1574] [M]: 0x0000000080001884 (0x33358593) addi a1, a1, 0x333
x11 <- 0x0000000033333333
mem[X,0x0000000080001888] -> 0x9593
mem[X,0x000000008000188A] -> 0x00B5
[1575] [M]: 0x0000000080001888 (0x00B59593) slli a1, a1, 0xb
x11 <- 0x0000019999999800
mem[X,0x000000008000188C] -> 0x8593
mem[X,0x000000008000188E] -> 0x1995
[1576] [M]: 0x000000008000188C (0x19958593) addi a1, a1, 0x199
x11 <- 0x0000019999999999
mem[X,0x0000000080001890] -> 0x9593
mem[X,0x0000000080001892] -> 0x00B5
[1577] [M]: 0x0000000080001890 (0x00B59593) slli a1, a1, 0xb
x11 <- 0x000CCCCCCCCCC800
mem[X,0x0000000080001894] -> 0x8593
mem[X,0x0000000080001896] -> 0x4CC5
[1578] [M]: 0x0000000080001894 (0x4CC58593) addi a1, a1, 0x4cc
x11 <- 0x000CCCCCCCCCCCCC
mem[X,0x0000000080001898] -> 0x9593
mem[X,0x000000008000189A] -> 0x00A5
[1579] [M]: 0x0000000080001898 (0x00A59593) slli a1, a1, 0xa
x11 <- 0x3333333333333000
mem[X,0x000000008000189C] -> 0x8593
mem[X,0x000000008000189E] -> 0x3325
[1580] [M]: 0x000000008000189C (0x33258593) addi a1, a1, 0x332
x11 <- 0x3333333333333332
mem[X,0x00000000800018A0] -> 0x063B
mem[X,0x00000000800018A2] -> 0x40B5
[1581] [M]: 0x00000000800018A0 (0x40B5063B) subw a2, a0, a1
x12 <- 0xFFFFFFFFCCCCCCD1
mem[X,0x00000000800018A4] -> 0xBC23
mem[X,0x00000000800018A6] -> 0x5CC2
[1582] [M]: 0x00000000800018A4 (0x5CC2BC23) sd a2, 0x5d8(t0)
mem[0x000000008000B780] <- 0xFFFFFFFFCCCCCCD1
mem[X,0x00000000800018A8] -> 0x0513
mem[X,0x00000000800018AA] -> 0x0030
[1583] [M]: 0x00000000800018A8 (0x00300513) addi a0, zero, 0x3
x10 <- 0x0000000000000003
mem[X,0x00000000800018AC] -> 0x65B7
mem[X,0x00000000800018AE] -> 0x6666
[1584] [M]: 0x00000000800018AC (0x666665B7) lui a1, 0x66666
x11 <- 0x0000000066666000
mem[X,0x00000000800018B0] -> 0x8593
mem[X,0x00000000800018B2] -> 0x6665
[1585] [M]: 0x00000000800018B0 (0x66658593) addi a1, a1, 0x666
x11 <- 0x0000000066666666
mem[X,0x00000000800018B4] -> 0x9593
mem[X,0x00000000800018B6] -> 0x00B5
[1586] [M]: 0x00000000800018B4 (0x00B59593) slli a1, a1, 0xb
x11 <- 0x0000033333333000
mem[X,0x00000000800018B8] -> 0x8593
mem[X,0x00000000800018BA] -> 0x3335
[1587] [M]: 0x00000000800018B8 (0x33358593) addi a1, a1, 0x333
x11 <- 0x0000033333333333
mem[X,0x00000000800018BC] -> 0x9593
mem[X,0x00000000800018BE] -> 0x00B5
[1588] [M]: 0x00000000800018BC (0x00B59593) slli a1, a1, 0xb
x11 <- 0x0019999999999800
mem[X,0x00000000800018C0] -> 0x8593
mem[X,0x00000000800018C2] -> 0x1995
[1589] [M]: 0x00000000800018C0 (0x19958593) addi a1, a1, 0x199
x11 <- 0x0019999999999999
mem[X,0x00000000800018C4] -> 0x9593
mem[X,0x00000000800018C6] -> 0x00A5
[1590] [M]: 0x00000000800018C4 (0x00A59593) slli a1, a1, 0xa
x11 <- 0x6666666666666400
mem[X,0x00000000800018C8] -> 0x8593
mem[X,0x00000000800018CA] -> 0x2655
[1591] [M]: 0x00000000800018C8 (0x26558593) addi a1, a1, 0x265
x11 <- 0x6666666666666665
mem[X,0x00000000800018CC] -> 0x063B
mem[X,0x00000000800018CE] -> 0x40B5
[1592] [M]: 0x00000000800018CC (0x40B5063B) subw a2, a0, a1
x12 <- 0xFFFFFFFF9999999E
mem[X,0x00000000800018D0] -> 0xB023
mem[X,0x00000000800018D2] -> 0x5EC2
[1593] [M]: 0x00000000800018D0 (0x5EC2B023) sd a2, 0x5e0(t0)
mem[0x000000008000B788] <- 0xFFFFFFFF9999999E
mem[X,0x00000000800018D4] -> 0x0513
mem[X,0x00000000800018D6] -> 0x0030
[1594] [M]: 0x00000000800018D4 (0x00300513) addi a0, zero, 0x3
x10 <- 0x0000000000000003
mem[X,0x00000000800018D8] -> 0x05B7
mem[X,0x00000000800018DA] -> 0x0000
[1595] [M]: 0x00000000800018D8 (0x000005B7) lui a1, 0x0
x11 <- 0x0000000000000000
mem[X,0x00000000800018DC] -> 0x8593
mem[X,0x00000000800018DE] -> 0x0005
[1596] [M]: 0x00000000800018DC (0x00058593) addi a1, a1, 0x0
x11 <- 0x0000000000000000
mem[X,0x00000000800018E0] -> 0x9593
mem[X,0x00000000800018E2] -> 0x00B5
[1597] [M]: 0x00000000800018E0 (0x00B59593) slli a1, a1, 0xb
x11 <- 0x0000000000000000
mem[X,0x00000000800018E4] -> 0x8593
mem[X,0x00000000800018E6] -> 0x5A85
[1598] [M]: 0x00000000800018E4 (0x5A858593) addi a1, a1, 0x5a8
x11 <- 0x00000000000005A8
mem[X,0x00000000800018E8] -> 0x9593
mem[X,0x00000000800018EA] -> 0x00B5
[1599] [M]: 0x00000000800018E8 (0x00B59593) slli a1, a1, 0xb
x11 <- 0x00000000002D4000
clint::tick mtime <- 0x0000000000000010
 clint timer pending at mtime 0x0000000000000010
htif::tick 0x0000000000000000
mem[X,0x00000000800018EC] -> 0x8593
mem[X,0x00000000800018EE] -> 0x13C5
[1600] [M]: 0x00000000800018EC (0x13C58593) addi a1, a1, 0x13c
x11 <- 0x00000000002D413C
mem[X,0x00000000800018F0] -> 0x9593
mem[X,0x00000000800018F2] -> 0x00A5
[1601] [M]: 0x00000000800018F0 (0x00A59593) slli a1, a1, 0xa
x11 <- 0x00000000B504F000
mem[X,0x00000000800018F4] -> 0x8593
mem[X,0x00000000800018F6] -> 0x3325
[1602] [M]: 0x00000000800018F4 (0x33258593) addi a1, a1, 0x332
x11 <- 0x00000000B504F332
mem[X,0x00000000800018F8] -> 0x063B
mem[X,0x00000000800018FA] -> 0x40B5
[1603] [M]: 0x00000000800018F8 (0x40B5063B) subw a2, a0, a1
x12 <- 0x000000004AFB0CD1
mem[X,0x00000000800018FC] -> 0xB423
mem[X,0x00000000800018FE] -> 0x5EC2
[1604] [M]: 0x00000000800018FC (0x5EC2B423) sd a2, 0x5e8(t0)
mem[0x000000008000B790] <- 0x000000004AFB0CD1
mem[X,0x0000000080001900] -> 0x0513
mem[X,0x0000000080001902] -> 0x0030
[1605] [M]: 0x0000000080001900 (0x00300513) addi a0, zero, 0x3
x10 <- 0x0000000000000003
mem[X,0x0000000080001904] -> 0x55B7
mem[X,0x0000000080001906] -> 0x5555
[1606] [M]: 0x0000000080001904 (0x555555B7) lui a1, 0x55555
x11 <- 0x0000000055555000
mem[X,0x0000000080001908] -> 0x8593
mem[X,0x000000008000190A] -> 0x5555
[1607] [M]: 0x0000000080001908 (0x55558593) addi a1, a1, 0x555
x11 <- 0x0000000055555555
mem[X,0x000000008000190C] -> 0x9593
mem[X,0x000000008000190E] -> 0x00B5
[1608] [M]: 0x000000008000190C (0x00B59593) slli a1, a1, 0xb
x11 <- 0x000002AAAAAAA800
mem[X,0x0000000080001910] -> 0x8593
mem[X,0x0000000080001912] -> 0x2AA5
[1609] [M]: 0x0000000080001910 (0x2AA58593) addi a1, a1, 0x2aa
x11 <- 0x000002AAAAAAAAAA
mem[X,0x0000000080001914] -> 0x9593
mem[X,0x0000000080001916] -> 0x00B5
[1610] [M]: 0x0000000080001914 (0x00B59593) slli a1, a1, 0xb
x11 <- 0x0015555555555000
mem[X,0x0000000080001918] -> 0x8593
mem[X,0x000000008000191A] -> 0x5555
[1611] [M]: 0x0000000080001918 (0x55558593) addi a1, a1, 0x555
x11 <- 0x0015555555555555
mem[X,0x000000008000191C] -> 0x9593
mem[X,0x000000008000191E] -> 0x00A5
[1612] [M]: 0x000000008000191C (0x00A59593) slli a1, a1, 0xa
x11 <- 0x5555555555555400
mem[X,0x0000000080001920] -> 0x8593
mem[X,0x0000000080001922] -> 0x1565
[1613] [M]: 0x0000000080001920 (0x15658593) addi a1, a1, 0x156
x11 <- 0x5555555555555556
mem[X,0x0000000080001924] -> 0x063B
mem[X,0x0000000080001926] -> 0x40B5
[1614] [M]: 0x0000000080001924 (0x40B5063B) subw a2, a0, a1
x12 <- 0xFFFFFFFFAAAAAAAD
mem[X,0x0000000080001928] -> 0xB823
mem[X,0x000000008000192A] -> 0x5EC2
[1615] [M]: 0x0000000080001928 (0x5EC2B823) sd a2, 0x5f0(t0)
mem[0x000000008000B798] <- 0xFFFFFFFFAAAAAAAD
mem[X,0x000000008000192C] -> 0x0513
mem[X,0x000000008000192E] -> 0x0030
[1616] [M]: 0x000000008000192C (0x00300513) addi a0, zero, 0x3
x10 <- 0x0000000000000003
mem[X,0x0000000080001930] -> 0xB5B7
mem[X,0x0000000080001932] -> 0xAAAA
[1617] [M]: 0x0000000080001930 (0xAAAAB5B7) lui a1, -0x55555
x11 <- 0xFFFFFFFFAAAAB000
mem[X,0x0000000080001934] -> 0x8593
mem[X,0x0000000080001936] -> 0xAAA5
[1618] [M]: 0x0000000080001934 (0xAAA58593) addi a1, a1, -0x556
x11 <- 0xFFFFFFFFAAAAAAAA
mem[X,0x0000000080001938] -> 0x9593
mem[X,0x000000008000193A] -> 0x00B5
[1619] [M]: 0x0000000080001938 (0x00B59593) slli a1, a1, 0xb
x11 <- 0xFFFFFD5555555000
mem[X,0x000000008000193C] -> 0x8593
mem[X,0x000000008000193E] -> 0x5555
[1620] [M]: 0x000000008000193C (0x55558593) addi a1, a1, 0x555
x11 <- 0xFFFFFD5555555555
mem[X,0x0000000080001940] -> 0x9593
mem[X,0x0000000080001942] -> 0x00B5
[1621] [M]: 0x0000000080001940 (0x00B59593) slli a1, a1, 0xb
x11 <- 0xFFEAAAAAAAAAA800
mem[X,0x0000000080001944] -> 0x8593
mem[X,0x0000000080001946] -> 0x2AA5
[1622] [M]: 0x0000000080001944 (0x2AA58593) addi a1, a1, 0x2aa
x11 <- 0xFFEAAAAAAAAAAAAA
mem[X,0x0000000080001948] -> 0x9593
mem[X,0x000000008000194A] -> 0x00A5
[1623] [M]: 0x0000000080001948 (0x00A59593) slli a1, a1, 0xa
x11 <- 0xAAAAAAAAAAAAA800
mem[X,0x000000008000194C] -> 0x8593
mem[X,0x000000008000194E] -> 0x2AB5
[1624] [M]: 0x000000008000194C (0x2AB58593) addi a1, a1, 0x2ab
x11 <- 0xAAAAAAAAAAAAAAAB
mem[X,0x0000000080001950] -> 0x063B
mem[X,0x0000000080001952] -> 0x40B5
[1625] [M]: 0x0000000080001950 (0x40B5063B) subw a2, a0, a1
x12 <- 0x0000000055555558
mem[X,0x0000000080001954] -> 0xBC23
mem[X,0x0000000080001956] -> 0x5EC2
[1626] [M]: 0x0000000080001954 (0x5EC2BC23) sd a2, 0x5f8(t0)
mem[0x000000008000B7A0] <- 0x0000000055555558
mem[X,0x0000000080001958] -> 0x0513
mem[X,0x000000008000195A] -> 0x0030
[1627] [M]: 0x0000000080001958 (0x00300513) addi a0, zero, 0x3
x10 <- 0x0000000000000003
mem[X,0x000000008000195C] -> 0x0593
mem[X,0x000000008000195E] -> 0x0060
[1628] [M]: 0x000000008000195C (0x00600593) addi a1, zero, 0x6
x11 <- 0x0000000000000006
mem[X,0x0000000080001960] -> 0x063B
mem[X,0x0000000080001962] -> 0x40B5
[1629] [M]: 0x0000000080001960 (0x40B5063B) subw a2, a0, a1
x12 <- 0xFFFFFFFFFFFFFFFD
mem[X,0x0000000080001964] -> 0xB023
mem[X,0x0000000080001966] -> 0x60C2
[1630] [M]: 0x0000000080001964 (0x60C2B023) sd a2, 0x600(t0)
mem[0x000000008000B7A8] <- 0xFFFFFFFFFFFFFFFD
mem[X,0x0000000080001968] -> 0x0513
mem[X,0x000000008000196A] -> 0x0030
[1631] [M]: 0x0000000080001968 (0x00300513) addi a0, zero, 0x3
x10 <- 0x0000000000000003
mem[X,0x000000008000196C] -> 0x35B7
mem[X,0x000000008000196E] -> 0x3333
[1632] [M]: 0x000000008000196C (0x333335B7) lui a1, 0x33333
x11 <- 0x0000000033333000
mem[X,0x0000000080001970] -> 0x8593
mem[X,0x0000000080001972] -> 0x3335
[1633] [M]: 0x0000000080001970 (0x33358593) addi a1, a1, 0x333
x11 <- 0x0000000033333333
mem[X,0x0000000080001974] -> 0x9593
mem[X,0x0000000080001976] -> 0x00B5
[1634] [M]: 0x0000000080001974 (0x00B59593) slli a1, a1, 0xb
x11 <- 0x0000019999999800
mem[X,0x0000000080001978] -> 0x8593
mem[X,0x000000008000197A] -> 0x1995
[1635] [M]: 0x0000000080001978 (0x19958593) addi a1, a1, 0x199
x11 <- 0x0000019999999999
mem[X,0x000000008000197C] -> 0x9593
mem[X,0x000000008000197E] -> 0x00B5
[1636] [M]: 0x000000008000197C (0x00B59593) slli a1, a1, 0xb
x11 <- 0x000CCCCCCCCCC800
mem[X,0x0000000080001980] -> 0x8593
mem[X,0x0000000080001982] -> 0x4CC5
[1637] [M]: 0x0000000080001980 (0x4CC58593) addi a1, a1, 0x4cc
x11 <- 0x000CCCCCCCCCCCCC
mem[X,0x0000000080001984] -> 0x9593
mem[X,0x0000000080001986] -> 0x00A5
[1638] [M]: 0x0000000080001984 (0x00A59593) slli a1, a1, 0xa
x11 <- 0x3333333333333000
mem[X,0x0000000080001988] -> 0x8593
mem[X,0x000000008000198A] -> 0x3345
[1639] [M]: 0x0000000080001988 (0x33458593) addi a1, a1, 0x334
x11 <- 0x3333333333333334
mem[X,0x000000008000198C] -> 0x063B
mem[X,0x000000008000198E] -> 0x40B5
[1640] [M]: 0x000000008000198C (0x40B5063B) subw a2, a0, a1
x12 <- 0xFFFFFFFFCCCCCCCF
mem[X,0x0000000080001990] -> 0xB423
mem[X,0x0000000080001992] -> 0x60C2
[1641] [M]: 0x0000000080001990 (0x60C2B423) sd a2, 0x608(t0)
mem[0x000000008000B7B0] <- 0xFFFFFFFFCCCCCCCF
mem[X,0x0000000080001994] -> 0x0513
mem[X,0x0000000080001996] -> 0x0030
[1642] [M]: 0x0000000080001994 (0x00300513) addi a0, zero, 0x3
x10 <- 0x0000000000000003
mem[X,0x0000000080001998] -> 0x65B7
mem[X,0x000000008000199A] -> 0x6666
[1643] [M]: 0x0000000080001998 (0x666665B7) lui a1, 0x66666
x11 <- 0x0000000066666000
mem[X,0x000000008000199C] -> 0x8593
mem[X,0x000000008000199E] -> 0x6665
[1644] [M]: 0x000000008000199C (0x66658593) addi a1, a1, 0x666
x11 <- 0x0000000066666666
mem[X,0x00000000800019A0] -> 0x9593
mem[X,0x00000000800019A2] -> 0x00B5
[1645] [M]: 0x00000000800019A0 (0x00B59593) slli a1, a1, 0xb
x11 <- 0x0000033333333000
mem[X,0x00000000800019A4] -> 0x8593
mem[X,0x00000000800019A6] -> 0x3335
[1646] [M]: 0x00000000800019A4 (0x33358593) addi a1, a1, 0x333
x11 <- 0x0000033333333333
mem[X,0x00000000800019A8] -> 0x9593
mem[X,0x00000000800019AA] -> 0x00B5
[1647] [M]: 0x00000000800019A8 (0x00B59593) slli a1, a1, 0xb
x11 <- 0x0019999999999800
mem[X,0x00000000800019AC] -> 0x8593
mem[X,0x00000000800019AE] -> 0x1995
[1648] [M]: 0x00000000800019AC (0x19958593) addi a1, a1, 0x199
x11 <- 0x0019999999999999
mem[X,0x00000000800019B0] -> 0x9593
mem[X,0x00000000800019B2] -> 0x00A5
[1649] [M]: 0x00000000800019B0 (0x00A59593) slli a1, a1, 0xa
x11 <- 0x6666666666666400
mem[X,0x00000000800019B4] -> 0x8593
mem[X,0x00000000800019B6] -> 0x2675
[1650] [M]: 0x00000000800019B4 (0x26758593) addi a1, a1, 0x267
x11 <- 0x6666666666666667
mem[X,0x00000000800019B8] -> 0x063B
mem[X,0x00000000800019BA] -> 0x40B5
[1651] [M]: 0x00000000800019B8 (0x40B5063B) subw a2, a0, a1
x12 <- 0xFFFFFFFF9999999C
mem[X,0x00000000800019BC] -> 0xB823
mem[X,0x00000000800019BE] -> 0x60C2
[1652] [M]: 0x00000000800019BC (0x60C2B823) sd a2, 0x610(t0)
mem[0x000000008000B7B8] <- 0xFFFFFFFF9999999C
mem[X,0x00000000800019C0] -> 0x0513
mem[X,0x00000000800019C2] -> 0x0030
[1653] [M]: 0x00000000800019C0 (0x00300513) addi a0, zero, 0x3
x10 <- 0x0000000000000003
mem[X,0x00000000800019C4] -> 0x05B7
mem[X,0x00000000800019C6] -> 0x0000
[1654] [M]: 0x00000000800019C4 (0x000005B7) lui a1, 0x0
x11 <- 0x0000000000000000
mem[X,0x00000000800019C8] -> 0x8593
mem[X,0x00000000800019CA] -> 0xFFF5
[1655] [M]: 0x00000000800019C8 (0xFFF58593) addi a1, a1, -0x1
x11 <- 0xFFFFFFFFFFFFFFFF
mem[X,0x00000000800019CC] -> 0x9593
mem[X,0x00000000800019CE] -> 0x00B5
[1656] [M]: 0x00000000800019CC (0x00B59593) slli a1, a1, 0xb
x11 <- 0xFFFFFFFFFFFFF800
mem[X,0x00000000800019D0] -> 0x8593
mem[X,0x00000000800019D2] -> 0x2575
[1657] [M]: 0x00000000800019D0 (0x25758593) addi a1, a1, 0x257
x11 <- 0xFFFFFFFFFFFFFA57
mem[X,0x00000000800019D4] -> 0x9593
mem[X,0x00000000800019D6] -> 0x00B5
[1658] [M]: 0x00000000800019D4 (0x00B59593) slli a1, a1, 0xb
x11 <- 0xFFFFFFFFFFD2B800
mem[X,0x00000000800019D8] -> 0x8593
mem[X,0x00000000800019DA] -> 0x6C35
[1659] [M]: 0x00000000800019D8 (0x6C358593) addi a1, a1, 0x6c3
x11 <- 0xFFFFFFFFFFD2BEC3
mem[X,0x00000000800019DC] -> 0x9593
mem[X,0x00000000800019DE] -> 0x00A5
[1660] [M]: 0x00000000800019DC (0x00A59593) slli a1, a1, 0xa
x11 <- 0xFFFFFFFF4AFB0C00
mem[X,0x00000000800019E0] -> 0x8593
mem[X,0x00000000800019E2] -> 0x0CE5
[1661] [M]: 0x00000000800019E0 (0x0CE58593) addi a1, a1, 0xce
x11 <- 0xFFFFFFFF4AFB0CCE
mem[X,0x00000000800019E4] -> 0x063B
mem[X,0x00000000800019E6] -> 0x40B5
[1662] [M]: 0x00000000800019E4 (0x40B5063B) subw a2, a0, a1
x12 <- 0xFFFFFFFFB504F335
mem[X,0x00000000800019E8] -> 0xBC23
mem[X,0x00000000800019EA] -> 0x60C2
[1663] [M]: 0x00000000800019E8 (0x60C2BC23) sd a2, 0x618(t0)
mem[0x000000008000B7C0] <- 0xFFFFFFFFB504F335
mem[X,0x00000000800019EC] -> 0x0513
mem[X,0x00000000800019EE] -> 0x0030
[1664] [M]: 0x00000000800019EC (0x00300513) addi a0, zero, 0x3
x10 <- 0x0000000000000003
mem[X,0x00000000800019F0] -> 0x05B7
mem[X,0x00000000800019F2] -> 0x0000
[1665] [M]: 0x00000000800019F0 (0x000005B7) lui a1, 0x0
x11 <- 0x0000000000000000
mem[X,0x00000000800019F4] -> 0x8593
mem[X,0x00000000800019F6] -> 0x0005
[1666] [M]: 0x00000000800019F4 (0x00058593) addi a1, a1, 0x0
x11 <- 0x0000000000000000
mem[X,0x00000000800019F8] -> 0x9593
mem[X,0x00000000800019FA] -> 0x00B5
[1667] [M]: 0x00000000800019F8 (0x00B59593) slli a1, a1, 0xb
x11 <- 0x0000000000000000
mem[X,0x00000000800019FC] -> 0x8593
mem[X,0x00000000800019FE] -> 0x5A85
[1668] [M]: 0x00000000800019FC (0x5A858593) addi a1, a1, 0x5a8
x11 <- 0x00000000000005A8
mem[X,0x0000000080001A00] -> 0x9593
mem[X,0x0000000080001A02] -> 0x00B5
[1669] [M]: 0x0000000080001A00 (0x00B59593) slli a1, a1, 0xb
x11 <- 0x00000000002D4000
mem[X,0x0000000080001A04] -> 0x8593
mem[X,0x0000000080001A06] -> 0x13C5
[1670] [M]: 0x0000000080001A04 (0x13C58593) addi a1, a1, 0x13c
x11 <- 0x00000000002D413C
mem[X,0x0000000080001A08] -> 0x9593
mem[X,0x0000000080001A0A] -> 0x00A5
[1671] [M]: 0x0000000080001A08 (0x00A59593) slli a1, a1, 0xa
x11 <- 0x00000000B504F000
mem[X,0x0000000080001A0C] -> 0x8593
mem[X,0x0000000080001A0E] -> 0x3345
[1672] [M]: 0x0000000080001A0C (0x33458593) addi a1, a1, 0x334
x11 <- 0x00000000B504F334
mem[X,0x0000000080001A10] -> 0x063B
mem[X,0x0000000080001A12] -> 0x40B5
[1673] [M]: 0x0000000080001A10 (0x40B5063B) subw a2, a0, a1
x12 <- 0x000000004AFB0CCF
mem[X,0x0000000080001A14] -> 0xB023
mem[X,0x0000000080001A16] -> 0x62C2
[1674] [M]: 0x0000000080001A14 (0x62C2B023) sd a2, 0x620(t0)
mem[0x000000008000B7C8] <- 0x000000004AFB0CCF
mem[X,0x0000000080001A18] -> 0x5537
mem[X,0x0000000080001A1A] -> 0x5555
[1675] [M]: 0x0000000080001A18 (0x55555537) lui a0, 0x55555
x10 <- 0x0000000055555000
mem[X,0x0000000080001A1C] -> 0x0513
mem[X,0x0000000080001A1E] -> 0x5555
[1676] [M]: 0x0000000080001A1C (0x55550513) addi a0, a0, 0x555
x10 <- 0x0000000055555555
mem[X,0x0000000080001A20] -> 0x1513
mem[X,0x0000000080001A22] -> 0x00B5
[1677] [M]: 0x0000000080001A20 (0x00B51513) slli a0, a0, 0xb
x10 <- 0x000002AAAAAAA800
mem[X,0x0000000080001A24] -> 0x0513
mem[X,0x0000000080001A26] -> 0x2AA5
[1678] [M]: 0x0000000080001A24 (0x2AA50513) addi a0, a0, 0x2aa
x10 <- 0x000002AAAAAAAAAA
mem[X,0x0000000080001A28] -> 0x1513
mem[X,0x0000000080001A2A] -> 0x00B5
[1679] [M]: 0x0000000080001A28 (0x00B51513) slli a0, a0, 0xb
x10 <- 0x0015555555555000
mem[X,0x0000000080001A2C] -> 0x0513
mem[X,0x0000000080001A2E] -> 0x5555
[1680] [M]: 0x0000000080001A2C (0x55550513) addi a0, a0, 0x555
x10 <- 0x0015555555555555
mem[X,0x0000000080001A30] -> 0x1513
mem[X,0x0000000080001A32] -> 0x00A5
[1681] [M]: 0x0000000080001A30 (0x00A51513) slli a0, a0, 0xa
x10 <- 0x5555555555555400
mem[X,0x0000000080001A34] -> 0x0513
mem[X,0x0000000080001A36] -> 0x1555
[1682] [M]: 0x0000000080001A34 (0x15550513) addi a0, a0, 0x155
x10 <- 0x5555555555555555
mem[X,0x0000000080001A38] -> 0x0593
mem[X,0x0000000080001A3A] -> 0x0030
[1683] [M]: 0x0000000080001A38 (0x00300593) addi a1, zero, 0x3
x11 <- 0x0000000000000003
mem[X,0x0000000080001A3C] -> 0x063B
mem[X,0x0000000080001A3E] -> 0x40B5
[1684] [M]: 0x0000000080001A3C (0x40B5063B) subw a2, a0, a1
x12 <- 0x0000000055555552
mem[X,0x0000000080001A40] -> 0xB423
mem[X,0x0000000080001A42] -> 0x62C2
[1685] [M]: 0x0000000080001A40 (0x62C2B423) sd a2, 0x628(t0)
mem[0x000000008000B7D0] <- 0x0000000055555552
mem[X,0x0000000080001A44] -> 0x5537
mem[X,0x0000000080001A46] -> 0x5555
[1686] [M]: 0x0000000080001A44 (0x55555537) lui a0, 0x55555
x10 <- 0x0000000055555000
mem[X,0x0000000080001A48] -> 0x0513
mem[X,0x0000000080001A4A] -> 0x5555
[1687] [M]: 0x0000000080001A48 (0x55550513) addi a0, a0, 0x555
x10 <- 0x0000000055555555
mem[X,0x0000000080001A4C] -> 0x1513
mem[X,0x0000000080001A4E] -> 0x00B5
[1688] [M]: 0x0000000080001A4C (0x00B51513) slli a0, a0, 0xb
x10 <- 0x000002AAAAAAA800
mem[X,0x0000000080001A50] -> 0x0513
mem[X,0x0000000080001A52] -> 0x2AA5
[1689] [M]: 0x0000000080001A50 (0x2AA50513) addi a0, a0, 0x2aa
x10 <- 0x000002AAAAAAAAAA
mem[X,0x0000000080001A54] -> 0x1513
mem[X,0x0000000080001A56] -> 0x00B5
[1690] [M]: 0x0000000080001A54 (0x00B51513) slli a0, a0, 0xb
x10 <- 0x0015555555555000
mem[X,0x0000000080001A58] -> 0x0513
mem[X,0x0000000080001A5A] -> 0x5555
[1691] [M]: 0x0000000080001A58 (0x55550513) addi a0, a0, 0x555
x10 <- 0x0015555555555555
mem[X,0x0000000080001A5C] -> 0x1513
mem[X,0x0000000080001A5E] -> 0x00A5
[1692] [M]: 0x0000000080001A5C (0x00A51513) slli a0, a0, 0xa
x10 <- 0x5555555555555400
mem[X,0x0000000080001A60] -> 0x0513
mem[X,0x0000000080001A62] -> 0x1555
[1693] [M]: 0x0000000080001A60 (0x15550513) addi a0, a0, 0x155
x10 <- 0x5555555555555555
mem[X,0x0000000080001A64] -> 0x55B7
mem[X,0x0000000080001A66] -> 0x5555
[1694] [M]: 0x0000000080001A64 (0x555555B7) lui a1, 0x55555
x11 <- 0x0000000055555000
mem[X,0x0000000080001A68] -> 0x8593
mem[X,0x0000000080001A6A] -> 0x5555
[1695] [M]: 0x0000000080001A68 (0x55558593) addi a1, a1, 0x555
x11 <- 0x0000000055555555
mem[X,0x0000000080001A6C] -> 0x9593
mem[X,0x0000000080001A6E] -> 0x00B5
[1696] [M]: 0x0000000080001A6C (0x00B59593) slli a1, a1, 0xb
x11 <- 0x000002AAAAAAA800
mem[X,0x0000000080001A70] -> 0x8593
mem[X,0x0000000080001A72] -> 0x2AA5
[1697] [M]: 0x0000000080001A70 (0x2AA58593) addi a1, a1, 0x2aa
x11 <- 0x000002AAAAAAAAAA
mem[X,0x0000000080001A74] -> 0x9593
mem[X,0x0000000080001A76] -> 0x00B5
[1698] [M]: 0x0000000080001A74 (0x00B59593) slli a1, a1, 0xb
x11 <- 0x0015555555555000
mem[X,0x0000000080001A78] -> 0x8593
mem[X,0x0000000080001A7A] -> 0x5555
[1699] [M]: 0x0000000080001A78 (0x55558593) addi a1, a1, 0x555
x11 <- 0x0015555555555555
clint::tick mtime <- 0x0000000000000011
 clint timer pending at mtime 0x0000000000000011
htif::tick 0x0000000000000000
mem[X,0x0000000080001A7C] -> 0x9593
mem[X,0x0000000080001A7E] -> 0x00A5
[1700] [M]: 0x0000000080001A7C (0x00A59593) slli a1, a1, 0xa
x11 <- 0x5555555555555400
mem[X,0x0000000080001A80] -> 0x8593
mem[X,0x0000000080001A82] -> 0x1555
[1701] [M]: 0x0000000080001A80 (0x15558593) addi a1, a1, 0x155
x11 <- 0x5555555555555555
mem[X,0x0000000080001A84] -> 0x063B
mem[X,0x0000000080001A86] -> 0x40B5
[1702] [M]: 0x0000000080001A84 (0x40B5063B) subw a2, a0, a1
x12 <- 0x0000000000000000
mem[X,0x0000000080001A88] -> 0xB823
mem[X,0x0000000080001A8A] -> 0x62C2
[1703] [M]: 0x0000000080001A88 (0x62C2B823) sd a2, 0x630(t0)
mem[0x000000008000B7D8] <- 0x0000000000000000
mem[X,0x0000000080001A8C] -> 0x5537
mem[X,0x0000000080001A8E] -> 0x5555
[1704] [M]: 0x0000000080001A8C (0x55555537) lui a0, 0x55555
x10 <- 0x0000000055555000
mem[X,0x0000000080001A90] -> 0x0513
mem[X,0x0000000080001A92] -> 0x5555
[1705] [M]: 0x0000000080001A90 (0x55550513) addi a0, a0, 0x555
x10 <- 0x0000000055555555
mem[X,0x0000000080001A94] -> 0x1513
mem[X,0x0000000080001A96] -> 0x00B5
[1706] [M]: 0x0000000080001A94 (0x00B51513) slli a0, a0, 0xb
x10 <- 0x000002AAAAAAA800
mem[X,0x0000000080001A98] -> 0x0513
mem[X,0x0000000080001A9A] -> 0x2AA5
[1707] [M]: 0x0000000080001A98 (0x2AA50513) addi a0, a0, 0x2aa
x10 <- 0x000002AAAAAAAAAA
mem[X,0x0000000080001A9C] -> 0x1513
mem[X,0x0000000080001A9E] -> 0x00B5
[1708] [M]: 0x0000000080001A9C (0x00B51513) slli a0, a0, 0xb
x10 <- 0x0015555555555000
mem[X,0x0000000080001AA0] -> 0x0513
mem[X,0x0000000080001AA2] -> 0x5555
[1709] [M]: 0x0000000080001AA0 (0x55550513) addi a0, a0, 0x555
x10 <- 0x0015555555555555
mem[X,0x0000000080001AA4] -> 0x1513
mem[X,0x0000000080001AA6] -> 0x00A5
[1710] [M]: 0x0000000080001AA4 (0x00A51513) slli a0, a0, 0xa
x10 <- 0x5555555555555400
mem[X,0x0000000080001AA8] -> 0x0513
mem[X,0x0000000080001AAA] -> 0x1555
[1711] [M]: 0x0000000080001AA8 (0x15550513) addi a0, a0, 0x155
x10 <- 0x5555555555555555
mem[X,0x0000000080001AAC] -> 0xB5B7
mem[X,0x0000000080001AAE] -> 0xAAAA
[1712] [M]: 0x0000000080001AAC (0xAAAAB5B7) lui a1, -0x55555
x11 <- 0xFFFFFFFFAAAAB000
mem[X,0x0000000080001AB0] -> 0x8593
mem[X,0x0000000080001AB2] -> 0xAAA5
[1713] [M]: 0x0000000080001AB0 (0xAAA58593) addi a1, a1, -0x556
x11 <- 0xFFFFFFFFAAAAAAAA
mem[X,0x0000000080001AB4] -> 0x9593
mem[X,0x0000000080001AB6] -> 0x00B5
[1714] [M]: 0x0000000080001AB4 (0x00B59593) slli a1, a1, 0xb
x11 <- 0xFFFFFD5555555000
mem[X,0x0000000080001AB8] -> 0x8593
mem[X,0x0000000080001ABA] -> 0x5555
[1715] [M]: 0x0000000080001AB8 (0x55558593) addi a1, a1, 0x555
x11 <- 0xFFFFFD5555555555
mem[X,0x0000000080001ABC] -> 0x9593
mem[X,0x0000000080001ABE] -> 0x00B5
[1716] [M]: 0x0000000080001ABC (0x00B59593) slli a1, a1, 0xb
x11 <- 0xFFEAAAAAAAAAA800
mem[X,0x0000000080001AC0] -> 0x8593
mem[X,0x0000000080001AC2] -> 0x2AA5
[1717] [M]: 0x0000000080001AC0 (0x2AA58593) addi a1, a1, 0x2aa
x11 <- 0xFFEAAAAAAAAAAAAA
mem[X,0x0000000080001AC4] -> 0x9593
mem[X,0x0000000080001AC6] -> 0x00A5
[1718] [M]: 0x0000000080001AC4 (0x00A59593) slli a1, a1, 0xa
x11 <- 0xAAAAAAAAAAAAA800
mem[X,0x0000000080001AC8] -> 0x8593
mem[X,0x0000000080001ACA] -> 0x2AA5
[1719] [M]: 0x0000000080001AC8 (0x2AA58593) addi a1, a1, 0x2aa
x11 <- 0xAAAAAAAAAAAAAAAA
mem[X,0x0000000080001ACC] -> 0x063B
mem[X,0x0000000080001ACE] -> 0x40B5
[1720] [M]: 0x0000000080001ACC (0x40B5063B) subw a2, a0, a1
x12 <- 0xFFFFFFFFAAAAAAAB
mem[X,0x0000000080001AD0] -> 0xBC23
mem[X,0x0000000080001AD2] -> 0x62C2
[1721] [M]: 0x0000000080001AD0 (0x62C2BC23) sd a2, 0x638(t0)
mem[0x000000008000B7E0] <- 0xFFFFFFFFAAAAAAAB
mem[X,0x0000000080001AD4] -> 0x5537
mem[X,0x0000000080001AD6] -> 0x5555
[1722] [M]: 0x0000000080001AD4 (0x55555537) lui a0, 0x55555
x10 <- 0x0000000055555000
mem[X,0x0000000080001AD8] -> 0x0513
mem[X,0x0000000080001ADA] -> 0x5555
[1723] [M]: 0x0000000080001AD8 (0x55550513) addi a0, a0, 0x555
x10 <- 0x0000000055555555
mem[X,0x0000000080001ADC] -> 0x1513
mem[X,0x0000000080001ADE] -> 0x00B5
[1724] [M]: 0x0000000080001ADC (0x00B51513) slli a0, a0, 0xb
x10 <- 0x000002AAAAAAA800
mem[X,0x0000000080001AE0] -> 0x0513
mem[X,0x0000000080001AE2] -> 0x2AA5
[1725] [M]: 0x0000000080001AE0 (0x2AA50513) addi a0, a0, 0x2aa
x10 <- 0x000002AAAAAAAAAA
mem[X,0x0000000080001AE4] -> 0x1513
mem[X,0x0000000080001AE6] -> 0x00B5
[1726] [M]: 0x0000000080001AE4 (0x00B51513) slli a0, a0, 0xb
x10 <- 0x0015555555555000
mem[X,0x0000000080001AE8] -> 0x0513
mem[X,0x0000000080001AEA] -> 0x5555
[1727] [M]: 0x0000000080001AE8 (0x55550513) addi a0, a0, 0x555
x10 <- 0x0015555555555555
mem[X,0x0000000080001AEC] -> 0x1513
mem[X,0x0000000080001AEE] -> 0x00A5
[1728] [M]: 0x0000000080001AEC (0x00A51513) slli a0, a0, 0xa
x10 <- 0x5555555555555400
mem[X,0x0000000080001AF0] -> 0x0513
mem[X,0x0000000080001AF2] -> 0x1555
[1729] [M]: 0x0000000080001AF0 (0x15550513) addi a0, a0, 0x155
x10 <- 0x5555555555555555
mem[X,0x0000000080001AF4] -> 0x0593
mem[X,0x0000000080001AF6] -> 0x0050
[1730] [M]: 0x0000000080001AF4 (0x00500593) addi a1, zero, 0x5
x11 <- 0x0000000000000005
mem[X,0x0000000080001AF8] -> 0x063B
mem[X,0x0000000080001AFA] -> 0x40B5
[1731] [M]: 0x0000000080001AF8 (0x40B5063B) subw a2, a0, a1
x12 <- 0x0000000055555550
mem[X,0x0000000080001AFC] -> 0xB023
mem[X,0x0000000080001AFE] -> 0x64C2
[1732] [M]: 0x0000000080001AFC (0x64C2B023) sd a2, 0x640(t0)
mem[0x000000008000B7E8] <- 0x0000000055555550
mem[X,0x0000000080001B00] -> 0x5537
mem[X,0x0000000080001B02] -> 0x5555
[1733] [M]: 0x0000000080001B00 (0x55555537) lui a0, 0x55555
x10 <- 0x0000000055555000
mem[X,0x0000000080001B04] -> 0x0513
mem[X,0x0000000080001B06] -> 0x5555
[1734] [M]: 0x0000000080001B04 (0x55550513) addi a0, a0, 0x555
x10 <- 0x0000000055555555
mem[X,0x0000000080001B08] -> 0x1513
mem[X,0x0000000080001B0A] -> 0x00B5
[1735] [M]: 0x0000000080001B08 (0x00B51513) slli a0, a0, 0xb
x10 <- 0x000002AAAAAAA800
mem[X,0x0000000080001B0C] -> 0x0513
mem[X,0x0000000080001B0E] -> 0x2AA5
[1736] [M]: 0x0000000080001B0C (0x2AA50513) addi a0, a0, 0x2aa
x10 <- 0x000002AAAAAAAAAA
mem[X,0x0000000080001B10] -> 0x1513
mem[X,0x0000000080001B12] -> 0x00B5
[1737] [M]: 0x0000000080001B10 (0x00B51513) slli a0, a0, 0xb
x10 <- 0x0015555555555000
mem[X,0x0000000080001B14] -> 0x0513
mem[X,0x0000000080001B16] -> 0x5555
[1738] [M]: 0x0000000080001B14 (0x55550513) addi a0, a0, 0x555
x10 <- 0x0015555555555555
mem[X,0x0000000080001B18] -> 0x1513
mem[X,0x0000000080001B1A] -> 0x00A5
[1739] [M]: 0x0000000080001B18 (0x00A51513) slli a0, a0, 0xa
x10 <- 0x5555555555555400
mem[X,0x0000000080001B1C] -> 0x0513
mem[X,0x0000000080001B1E] -> 0x1555
[1740] [M]: 0x0000000080001B1C (0x15550513) addi a0, a0, 0x155
x10 <- 0x5555555555555555
mem[X,0x0000000080001B20] -> 0x35B7
mem[X,0x0000000080001B22] -> 0x3333
[1741] [M]: 0x0000000080001B20 (0x333335B7) lui a1, 0x33333
x11 <- 0x0000000033333000
mem[X,0x0000000080001B24] -> 0x8593
mem[X,0x0000000080001B26] -> 0x3335
[1742] [M]: 0x0000000080001B24 (0x33358593) addi a1, a1, 0x333
x11 <- 0x0000000033333333
mem[X,0x0000000080001B28] -> 0x9593
mem[X,0x0000000080001B2A] -> 0x00B5
[1743] [M]: 0x0000000080001B28 (0x00B59593) slli a1, a1, 0xb
x11 <- 0x0000019999999800
mem[X,0x0000000080001B2C] -> 0x8593
mem[X,0x0000000080001B2E] -> 0x1995
[1744] [M]: 0x0000000080001B2C (0x19958593) addi a1, a1, 0x199
x11 <- 0x0000019999999999
mem[X,0x0000000080001B30] -> 0x9593
mem[X,0x0000000080001B32] -> 0x00B5
[1745] [M]: 0x0000000080001B30 (0x00B59593) slli a1, a1, 0xb
x11 <- 0x000CCCCCCCCCC800
mem[X,0x0000000080001B34] -> 0x8593
mem[X,0x0000000080001B36] -> 0x4CC5
[1746] [M]: 0x0000000080001B34 (0x4CC58593) addi a1, a1, 0x4cc
x11 <- 0x000CCCCCCCCCCCCC
mem[X,0x0000000080001B38] -> 0x9593
mem[X,0x0000000080001B3A] -> 0x00A5
[1747] [M]: 0x0000000080001B38 (0x00A59593) slli a1, a1, 0xa
x11 <- 0x3333333333333000
mem[X,0x0000000080001B3C] -> 0x8593
mem[X,0x0000000080001B3E] -> 0x3335
[1748] [M]: 0x0000000080001B3C (0x33358593) addi a1, a1, 0x333
x11 <- 0x3333333333333333
mem[X,0x0000000080001B40] -> 0x063B
mem[X,0x0000000080001B42] -> 0x40B5
[1749] [M]: 0x0000000080001B40 (0x40B5063B) subw a2, a0, a1
x12 <- 0x0000000022222222
mem[X,0x0000000080001B44] -> 0xB423
mem[X,0x0000000080001B46] -> 0x64C2
[1750] [M]: 0x0000000080001B44 (0x64C2B423) sd a2, 0x648(t0)
mem[0x000000008000B7F0] <- 0x0000000022222222
mem[X,0x0000000080001B48] -> 0x5537
mem[X,0x0000000080001B4A] -> 0x5555
[1751] [M]: 0x0000000080001B48 (0x55555537) lui a0, 0x55555
x10 <- 0x0000000055555000
mem[X,0x0000000080001B4C] -> 0x0513
mem[X,0x0000000080001B4E] -> 0x5555
[1752] [M]: 0x0000000080001B4C (0x55550513) addi a0, a0, 0x555
x10 <- 0x0000000055555555
mem[X,0x0000000080001B50] -> 0x1513
mem[X,0x0000000080001B52] -> 0x00B5
[1753] [M]: 0x0000000080001B50 (0x00B51513) slli a0, a0, 0xb
x10 <- 0x000002AAAAAAA800
mem[X,0x0000000080001B54] -> 0x0513
mem[X,0x0000000080001B56] -> 0x2AA5
[1754] [M]: 0x0000000080001B54 (0x2AA50513) addi a0, a0, 0x2aa
x10 <- 0x000002AAAAAAAAAA
mem[X,0x0000000080001B58] -> 0x1513
mem[X,0x0000000080001B5A] -> 0x00B5
[1755] [M]: 0x0000000080001B58 (0x00B51513) slli a0, a0, 0xb
x10 <- 0x0015555555555000
mem[X,0x0000000080001B5C] -> 0x0513
mem[X,0x0000000080001B5E] -> 0x5555
[1756] [M]: 0x0000000080001B5C (0x55550513) addi a0, a0, 0x555
x10 <- 0x0015555555555555
mem[X,0x0000000080001B60] -> 0x1513
mem[X,0x0000000080001B62] -> 0x00A5
[1757] [M]: 0x0000000080001B60 (0x00A51513) slli a0, a0, 0xa
x10 <- 0x5555555555555400
mem[X,0x0000000080001B64] -> 0x0513
mem[X,0x0000000080001B66] -> 0x1555
[1758] [M]: 0x0000000080001B64 (0x15550513) addi a0, a0, 0x155
x10 <- 0x5555555555555555
mem[X,0x0000000080001B68] -> 0x65B7
mem[X,0x0000000080001B6A] -> 0x6666
[1759] [M]: 0x0000000080001B68 (0x666665B7) lui a1, 0x66666
x11 <- 0x0000000066666000
mem[X,0x0000000080001B6C] -> 0x8593
mem[X,0x0000000080001B6E] -> 0x6665
[1760] [M]: 0x0000000080001B6C (0x66658593) addi a1, a1, 0x666
x11 <- 0x0000000066666666
mem[X,0x0000000080001B70] -> 0x9593
mem[X,0x0000000080001B72] -> 0x00B5
[1761] [M]: 0x0000000080001B70 (0x00B59593) slli a1, a1, 0xb
x11 <- 0x0000033333333000
mem[X,0x0000000080001B74] -> 0x8593
mem[X,0x0000000080001B76] -> 0x3335
[1762] [M]: 0x0000000080001B74 (0x33358593) addi a1, a1, 0x333
x11 <- 0x0000033333333333
mem[X,0x0000000080001B78] -> 0x9593
mem[X,0x0000000080001B7A] -> 0x00B5
[1763] [M]: 0x0000000080001B78 (0x00B59593) slli a1, a1, 0xb
x11 <- 0x0019999999999800
mem[X,0x0000000080001B7C] -> 0x8593
mem[X,0x0000000080001B7E] -> 0x1995
[1764] [M]: 0x0000000080001B7C (0x19958593) addi a1, a1, 0x199
x11 <- 0x0019999999999999
mem[X,0x0000000080001B80] -> 0x9593
mem[X,0x0000000080001B82] -> 0x00A5
[1765] [M]: 0x0000000080001B80 (0x00A59593) slli a1, a1, 0xa
x11 <- 0x6666666666666400
mem[X,0x0000000080001B84] -> 0x8593
mem[X,0x0000000080001B86] -> 0x2665
[1766] [M]: 0x0000000080001B84 (0x26658593) addi a1, a1, 0x266
x11 <- 0x6666666666666666
mem[X,0x0000000080001B88] -> 0x063B
mem[X,0x0000000080001B8A] -> 0x40B5
[1767] [M]: 0x0000000080001B88 (0x40B5063B) subw a2, a0, a1
x12 <- 0xFFFFFFFFEEEEEEEF
mem[X,0x0000000080001B8C] -> 0xB823
mem[X,0x0000000080001B8E] -> 0x64C2
[1768] [M]: 0x0000000080001B8C (0x64C2B823) sd a2, 0x650(t0)
mem[0x000000008000B7F8] <- 0xFFFFFFFFEEEEEEEF
mem[X,0x0000000080001B90] -> 0x5537
mem[X,0x0000000080001B92] -> 0x5555
[1769] [M]: 0x0000000080001B90 (0x55555537) lui a0, 0x55555
x10 <- 0x0000000055555000
mem[X,0x0000000080001B94] -> 0x0513
mem[X,0x0000000080001B96] -> 0x5555
[1770] [M]: 0x0000000080001B94 (0x55550513) addi a0, a0, 0x555
x10 <- 0x0000000055555555
mem[X,0x0000000080001B98] -> 0x1513
mem[X,0x0000000080001B9A] -> 0x00B5
[1771] [M]: 0x0000000080001B98 (0x00B51513) slli a0, a0, 0xb
x10 <- 0x000002AAAAAAA800
mem[X,0x0000000080001B9C] -> 0x0513
mem[X,0x0000000080001B9E] -> 0x2AA5
[1772] [M]: 0x0000000080001B9C (0x2AA50513) addi a0, a0, 0x2aa
x10 <- 0x000002AAAAAAAAAA
mem[X,0x0000000080001BA0] -> 0x1513
mem[X,0x0000000080001BA2] -> 0x00B5
[1773] [M]: 0x0000000080001BA0 (0x00B51513) slli a0, a0, 0xb
x10 <- 0x0015555555555000
mem[X,0x0000000080001BA4] -> 0x0513
mem[X,0x0000000080001BA6] -> 0x5555
[1774] [M]: 0x0000000080001BA4 (0x55550513) addi a0, a0, 0x555
x10 <- 0x0015555555555555
mem[X,0x0000000080001BA8] -> 0x1513
mem[X,0x0000000080001BAA] -> 0x00A5
[1775] [M]: 0x0000000080001BA8 (0x00A51513) slli a0, a0, 0xa
x10 <- 0x5555555555555400
mem[X,0x0000000080001BAC] -> 0x0513
mem[X,0x0000000080001BAE] -> 0x1555
[1776] [M]: 0x0000000080001BAC (0x15550513) addi a0, a0, 0x155
x10 <- 0x5555555555555555
mem[X,0x0000000080001BB0] -> 0x05B7
mem[X,0x0000000080001BB2] -> 0x0000
[1777] [M]: 0x0000000080001BB0 (0x000005B7) lui a1, 0x0
x11 <- 0x0000000000000000
mem[X,0x0000000080001BB4] -> 0x8593
mem[X,0x0000000080001BB6] -> 0xFFF5
[1778] [M]: 0x0000000080001BB4 (0xFFF58593) addi a1, a1, -0x1
x11 <- 0xFFFFFFFFFFFFFFFF
mem[X,0x0000000080001BB8] -> 0x9593
mem[X,0x0000000080001BBA] -> 0x00B5
[1779] [M]: 0x0000000080001BB8 (0x00B59593) slli a1, a1, 0xb
x11 <- 0xFFFFFFFFFFFFF800
mem[X,0x0000000080001BBC] -> 0x8593
mem[X,0x0000000080001BBE] -> 0x2575
[1780] [M]: 0x0000000080001BBC (0x25758593) addi a1, a1, 0x257
x11 <- 0xFFFFFFFFFFFFFA57
mem[X,0x0000000080001BC0] -> 0x9593
mem[X,0x0000000080001BC2] -> 0x00B5
[1781] [M]: 0x0000000080001BC0 (0x00B59593) slli a1, a1, 0xb
x11 <- 0xFFFFFFFFFFD2B800
mem[X,0x0000000080001BC4] -> 0x8593
mem[X,0x0000000080001BC6] -> 0x6C35
[1782] [M]: 0x0000000080001BC4 (0x6C358593) addi a1, a1, 0x6c3
x11 <- 0xFFFFFFFFFFD2BEC3
mem[X,0x0000000080001BC8] -> 0x9593
mem[X,0x0000000080001BCA] -> 0x00A5
[1783] [M]: 0x0000000080001BC8 (0x00A59593) slli a1, a1, 0xa
x11 <- 0xFFFFFFFF4AFB0C00
mem[X,0x0000000080001BCC] -> 0x8593
mem[X,0x0000000080001BCE] -> 0x0CD5
[1784] [M]: 0x0000000080001BCC (0x0CD58593) addi a1, a1, 0xcd
x11 <- 0xFFFFFFFF4AFB0CCD
mem[X,0x0000000080001BD0] -> 0x063B
mem[X,0x0000000080001BD2] -> 0x40B5
[1785] [M]: 0x0000000080001BD0 (0x40B5063B) subw a2, a0, a1
x12 <- 0x000000000A5A4888
mem[X,0x0000000080001BD4] -> 0xBC23
mem[X,0x0000000080001BD6] -> 0x64C2
[1786] [M]: 0x0000000080001BD4 (0x64C2BC23) sd a2, 0x658(t0)
mem[0x000000008000B800] <- 0x000000000A5A4888
mem[X,0x0000000080001BD8] -> 0x5537
mem[X,0x0000000080001BDA] -> 0x5555
[1787] [M]: 0x0000000080001BD8 (0x55555537) lui a0, 0x55555
x10 <- 0x0000000055555000
mem[X,0x0000000080001BDC] -> 0x0513
mem[X,0x0000000080001BDE] -> 0x5555
[1788] [M]: 0x0000000080001BDC (0x55550513) addi a0, a0, 0x555
x10 <- 0x0000000055555555
mem[X,0x0000000080001BE0] -> 0x1513
mem[X,0x0000000080001BE2] -> 0x00B5
[1789] [M]: 0x0000000080001BE0 (0x00B51513) slli a0, a0, 0xb
x10 <- 0x000002AAAAAAA800
mem[X,0x0000000080001BE4] -> 0x0513
mem[X,0x0000000080001BE6] -> 0x2AA5
[1790] [M]: 0x0000000080001BE4 (0x2AA50513) addi a0, a0, 0x2aa
x10 <- 0x000002AAAAAAAAAA
mem[X,0x0000000080001BE8] -> 0x1513
mem[X,0x0000000080001BEA] -> 0x00B5
[1791] [M]: 0x0000000080001BE8 (0x00B51513) slli a0, a0, 0xb
x10 <- 0x0015555555555000
mem[X,0x0000000080001BEC] -> 0x0513
mem[X,0x0000000080001BEE] -> 0x5555
[1792] [M]: 0x0000000080001BEC (0x55550513) addi a0, a0, 0x555
x10 <- 0x0015555555555555
mem[X,0x0000000080001BF0] -> 0x1513
mem[X,0x0000000080001BF2] -> 0x00A5
[1793] [M]: 0x0000000080001BF0 (0x00A51513) slli a0, a0, 0xa
x10 <- 0x5555555555555400
mem[X,0x0000000080001BF4] -> 0x0513
mem[X,0x0000000080001BF6] -> 0x1555
[1794] [M]: 0x0000000080001BF4 (0x15550513) addi a0, a0, 0x155
x10 <- 0x5555555555555555
mem[X,0x0000000080001BF8] -> 0x05B7
mem[X,0x0000000080001BFA] -> 0x0000
[1795] [M]: 0x0000000080001BF8 (0x000005B7) lui a1, 0x0
x11 <- 0x0000000000000000
mem[X,0x0000000080001BFC] -> 0x8593
mem[X,0x0000000080001BFE] -> 0x0005
[1796] [M]: 0x0000000080001BFC (0x00058593) addi a1, a1, 0x0
x11 <- 0x0000000000000000
mem[X,0x0000000080001C00] -> 0x9593
mem[X,0x0000000080001C02] -> 0x00B5
[1797] [M]: 0x0000000080001C00 (0x00B59593) slli a1, a1, 0xb
x11 <- 0x0000000000000000
mem[X,0x0000000080001C04] -> 0x8593
mem[X,0x0000000080001C06] -> 0x5A85
[1798] [M]: 0x0000000080001C04 (0x5A858593) addi a1, a1, 0x5a8
x11 <- 0x00000000000005A8
mem[X,0x0000000080001C08] -> 0x9593
mem[X,0x0000000080001C0A] -> 0x00B5
[1799] [M]: 0x0000000080001C08 (0x00B59593) slli a1, a1, 0xb
x11 <- 0x00000000002D4000
clint::tick mtime <- 0x0000000000000012
 clint timer pending at mtime 0x0000000000000012
htif::tick 0x0000000000000000
mem[X,0x0000000080001C0C] -> 0x8593
mem[X,0x0000000080001C0E] -> 0x13C5
[1800] [M]: 0x0000000080001C0C (0x13C58593) addi a1, a1, 0x13c
x11 <- 0x00000000002D413C
mem[X,0x0000000080001C10] -> 0x9593
mem[X,0x0000000080001C12] -> 0x00A5
[1801] [M]: 0x0000000080001C10 (0x00A59593) slli a1, a1, 0xa
x11 <- 0x00000000B504F000
mem[X,0x0000000080001C14] -> 0x8593
mem[X,0x0000000080001C16] -> 0x3335
[1802] [M]: 0x0000000080001C14 (0x33358593) addi a1, a1, 0x333
x11 <- 0x00000000B504F333
mem[X,0x0000000080001C18] -> 0x063B
mem[X,0x0000000080001C1A] -> 0x40B5
[1803] [M]: 0x0000000080001C18 (0x40B5063B) subw a2, a0, a1
x12 <- 0xFFFFFFFFA0506222
mem[X,0x0000000080001C1C] -> 0xB023
mem[X,0x0000000080001C1E] -> 0x66C2
[1804] [M]: 0x0000000080001C1C (0x66C2B023) sd a2, 0x660(t0)
mem[0x000000008000B808] <- 0xFFFFFFFFA0506222
mem[X,0x0000000080001C20] -> 0x5537
mem[X,0x0000000080001C22] -> 0x5555
[1805] [M]: 0x0000000080001C20 (0x55555537) lui a0, 0x55555
x10 <- 0x0000000055555000
mem[X,0x0000000080001C24] -> 0x0513
mem[X,0x0000000080001C26] -> 0x5555
[1806] [M]: 0x0000000080001C24 (0x55550513) addi a0, a0, 0x555
x10 <- 0x0000000055555555
mem[X,0x0000000080001C28] -> 0x1513
mem[X,0x0000000080001C2A] -> 0x00B5
[1807] [M]: 0x0000000080001C28 (0x00B51513) slli a0, a0, 0xb
x10 <- 0x000002AAAAAAA800
mem[X,0x0000000080001C2C] -> 0x0513
mem[X,0x0000000080001C2E] -> 0x2AA5
[1808] [M]: 0x0000000080001C2C (0x2AA50513) addi a0, a0, 0x2aa
x10 <- 0x000002AAAAAAAAAA
mem[X,0x0000000080001C30] -> 0x1513
mem[X,0x0000000080001C32] -> 0x00B5
[1809] [M]: 0x0000000080001C30 (0x00B51513) slli a0, a0, 0xb
x10 <- 0x0015555555555000
mem[X,0x0000000080001C34] -> 0x0513
mem[X,0x0000000080001C36] -> 0x5555
[1810] [M]: 0x0000000080001C34 (0x55550513) addi a0, a0, 0x555
x10 <- 0x0015555555555555
mem[X,0x0000000080001C38] -> 0x1513
mem[X,0x0000000080001C3A] -> 0x00A5
[1811] [M]: 0x0000000080001C38 (0x00A51513) slli a0, a0, 0xa
x10 <- 0x5555555555555400
mem[X,0x0000000080001C3C] -> 0x0513
mem[X,0x0000000080001C3E] -> 0x1555
[1812] [M]: 0x0000000080001C3C (0x15550513) addi a0, a0, 0x155
x10 <- 0x5555555555555555
mem[X,0x0000000080001C40] -> 0x0593
mem[X,0x0000000080001C42] -> 0x0020
[1813] [M]: 0x0000000080001C40 (0x00200593) addi a1, zero, 0x2
x11 <- 0x0000000000000002
mem[X,0x0000000080001C44] -> 0x063B
mem[X,0x0000000080001C46] -> 0x40B5
[1814] [M]: 0x0000000080001C44 (0x40B5063B) subw a2, a0, a1
x12 <- 0x0000000055555553
mem[X,0x0000000080001C48] -> 0xB423
mem[X,0x0000000080001C4A] -> 0x66C2
[1815] [M]: 0x0000000080001C48 (0x66C2B423) sd a2, 0x668(t0)
mem[0x000000008000B810] <- 0x0000000055555553
mem[X,0x0000000080001C4C] -> 0x5537
mem[X,0x0000000080001C4E] -> 0x5555
[1816] [M]: 0x0000000080001C4C (0x55555537) lui a0, 0x55555
x10 <- 0x0000000055555000
mem[X,0x0000000080001C50] -> 0x0513
mem[X,0x0000000080001C52] -> 0x5555
[1817] [M]: 0x0000000080001C50 (0x55550513) addi a0, a0, 0x555
x10 <- 0x0000000055555555
mem[X,0x0000000080001C54] -> 0x1513
mem[X,0x0000000080001C56] -> 0x00B5
[1818] [M]: 0x0000000080001C54 (0x00B51513) slli a0, a0, 0xb
x10 <- 0x000002AAAAAAA800
mem[X,0x0000000080001C58] -> 0x0513
mem[X,0x0000000080001C5A] -> 0x2AA5
[1819] [M]: 0x0000000080001C58 (0x2AA50513) addi a0, a0, 0x2aa
x10 <- 0x000002AAAAAAAAAA
mem[X,0x0000000080001C5C] -> 0x1513
mem[X,0x0000000080001C5E] -> 0x00B5
[1820] [M]: 0x0000000080001C5C (0x00B51513) slli a0, a0, 0xb
x10 <- 0x0015555555555000
mem[X,0x0000000080001C60] -> 0x0513
mem[X,0x0000000080001C62] -> 0x5555
[1821] [M]: 0x0000000080001C60 (0x55550513) addi a0, a0, 0x555
x10 <- 0x0015555555555555
mem[X,0x0000000080001C64] -> 0x1513
mem[X,0x0000000080001C66] -> 0x00A5
[1822] [M]: 0x0000000080001C64 (0x00A51513) slli a0, a0, 0xa
x10 <- 0x5555555555555400
mem[X,0x0000000080001C68] -> 0x0513
mem[X,0x0000000080001C6A] -> 0x1555
[1823] [M]: 0x0000000080001C68 (0x15550513) addi a0, a0, 0x155
x10 <- 0x5555555555555555
mem[X,0x0000000080001C6C] -> 0x55B7
mem[X,0x0000000080001C6E] -> 0x5555
[1824] [M]: 0x0000000080001C6C (0x555555B7) lui a1, 0x55555
x11 <- 0x0000000055555000
mem[X,0x0000000080001C70] -> 0x8593
mem[X,0x0000000080001C72] -> 0x5555
[1825] [M]: 0x0000000080001C70 (0x55558593) addi a1, a1, 0x555
x11 <- 0x0000000055555555
mem[X,0x0000000080001C74] -> 0x9593
mem[X,0x0000000080001C76] -> 0x00B5
[1826] [M]: 0x0000000080001C74 (0x00B59593) slli a1, a1, 0xb
x11 <- 0x000002AAAAAAA800
mem[X,0x0000000080001C78] -> 0x8593
mem[X,0x0000000080001C7A] -> 0x2AA5
[1827] [M]: 0x0000000080001C78 (0x2AA58593) addi a1, a1, 0x2aa
x11 <- 0x000002AAAAAAAAAA
mem[X,0x0000000080001C7C] -> 0x9593
mem[X,0x0000000080001C7E] -> 0x00B5
[1828] [M]: 0x0000000080001C7C (0x00B59593) slli a1, a1, 0xb
x11 <- 0x0015555555555000
mem[X,0x0000000080001C80] -> 0x8593
mem[X,0x0000000080001C82] -> 0x5555
[1829] [M]: 0x0000000080001C80 (0x55558593) addi a1, a1, 0x555
x11 <- 0x0015555555555555
mem[X,0x0000000080001C84] -> 0x9593
mem[X,0x0000000080001C86] -> 0x00A5
[1830] [M]: 0x0000000080001C84 (0x00A59593) slli a1, a1, 0xa
x11 <- 0x5555555555555400
mem[X,0x0000000080001C88] -> 0x8593
mem[X,0x0000000080001C8A] -> 0x1545
[1831] [M]: 0x0000000080001C88 (0x15458593) addi a1, a1, 0x154
x11 <- 0x5555555555555554
mem[X,0x0000000080001C8C] -> 0x063B
mem[X,0x0000000080001C8E] -> 0x40B5
[1832] [M]: 0x0000000080001C8C (0x40B5063B) subw a2, a0, a1
x12 <- 0x0000000000000001
mem[X,0x0000000080001C90] -> 0xB823
mem[X,0x0000000080001C92] -> 0x66C2
[1833] [M]: 0x0000000080001C90 (0x66C2B823) sd a2, 0x670(t0)
mem[0x000000008000B818] <- 0x0000000000000001
mem[X,0x0000000080001C94] -> 0x5537
mem[X,0x0000000080001C96] -> 0x5555
[1834] [M]: 0x0000000080001C94 (0x55555537) lui a0, 0x55555
x10 <- 0x0000000055555000
mem[X,0x0000000080001C98] -> 0x0513
mem[X,0x0000000080001C9A] -> 0x5555
[1835] [M]: 0x0000000080001C98 (0x55550513) addi a0, a0, 0x555
x10 <- 0x0000000055555555
mem[X,0x0000000080001C9C] -> 0x1513
mem[X,0x0000000080001C9E] -> 0x00B5
[1836] [M]: 0x0000000080001C9C (0x00B51513) slli a0, a0, 0xb
x10 <- 0x000002AAAAAAA800
mem[X,0x0000000080001CA0] -> 0x0513
mem[X,0x0000000080001CA2] -> 0x2AA5
[1837] [M]: 0x0000000080001CA0 (0x2AA50513) addi a0, a0, 0x2aa
x10 <- 0x000002AAAAAAAAAA
mem[X,0x0000000080001CA4] -> 0x1513
mem[X,0x0000000080001CA6] -> 0x00B5
[1838] [M]: 0x0000000080001CA4 (0x00B51513) slli a0, a0, 0xb
x10 <- 0x0015555555555000
mem[X,0x0000000080001CA8] -> 0x0513
mem[X,0x0000000080001CAA] -> 0x5555
[1839] [M]: 0x0000000080001CA8 (0x55550513) addi a0, a0, 0x555
x10 <- 0x0015555555555555
mem[X,0x0000000080001CAC] -> 0x1513
mem[X,0x0000000080001CAE] -> 0x00A5
[1840] [M]: 0x0000000080001CAC (0x00A51513) slli a0, a0, 0xa
x10 <- 0x5555555555555400
mem[X,0x0000000080001CB0] -> 0x0513
mem[X,0x0000000080001CB2] -> 0x1555
[1841] [M]: 0x0000000080001CB0 (0x15550513) addi a0, a0, 0x155
x10 <- 0x5555555555555555
mem[X,0x0000000080001CB4] -> 0x0593
mem[X,0x0000000080001CB6] -> 0x0000
[1842] [M]: 0x0000000080001CB4 (0x00000593) addi a1, zero, 0x0
x11 <- 0x0000000000000000
mem[X,0x0000000080001CB8] -> 0x063B
mem[X,0x0000000080001CBA] -> 0x40B5
[1843] [M]: 0x0000000080001CB8 (0x40B5063B) subw a2, a0, a1
x12 <- 0x0000000055555555
mem[X,0x0000000080001CBC] -> 0xBC23
mem[X,0x0000000080001CBE] -> 0x66C2
[1844] [M]: 0x0000000080001CBC (0x66C2BC23) sd a2, 0x678(t0)
mem[0x000000008000B820] <- 0x0000000055555555
mem[X,0x0000000080001CC0] -> 0x5537
mem[X,0x0000000080001CC2] -> 0x5555
[1845] [M]: 0x0000000080001CC0 (0x55555537) lui a0, 0x55555
x10 <- 0x0000000055555000
mem[X,0x0000000080001CC4] -> 0x0513
mem[X,0x0000000080001CC6] -> 0x5555
[1846] [M]: 0x0000000080001CC4 (0x55550513) addi a0, a0, 0x555
x10 <- 0x0000000055555555
mem[X,0x0000000080001CC8] -> 0x1513
mem[X,0x0000000080001CCA] -> 0x00B5
[1847] [M]: 0x0000000080001CC8 (0x00B51513) slli a0, a0, 0xb
x10 <- 0x000002AAAAAAA800
mem[X,0x0000000080001CCC] -> 0x0513
mem[X,0x0000000080001CCE] -> 0x2AA5
[1848] [M]: 0x0000000080001CCC (0x2AA50513) addi a0, a0, 0x2aa
x10 <- 0x000002AAAAAAAAAA
mem[X,0x0000000080001CD0] -> 0x1513
mem[X,0x0000000080001CD2] -> 0x00B5
[1849] [M]: 0x0000000080001CD0 (0x00B51513) slli a0, a0, 0xb
x10 <- 0x0015555555555000
mem[X,0x0000000080001CD4] -> 0x0513
mem[X,0x0000000080001CD6] -> 0x5555
[1850] [M]: 0x0000000080001CD4 (0x55550513) addi a0, a0, 0x555
x10 <- 0x0015555555555555
mem[X,0x0000000080001CD8] -> 0x1513
mem[X,0x0000000080001CDA] -> 0x00A5
[1851] [M]: 0x0000000080001CD8 (0x00A51513) slli a0, a0, 0xa
x10 <- 0x5555555555555400
mem[X,0x0000000080001CDC] -> 0x0513
mem[X,0x0000000080001CDE] -> 0x1555
[1852] [M]: 0x0000000080001CDC (0x15550513) addi a0, a0, 0x155
x10 <- 0x5555555555555555
mem[X,0x0000000080001CE0] -> 0x0593
mem[X,0x0000000080001CE2] -> 0x0040
[1853] [M]: 0x0000000080001CE0 (0x00400593) addi a1, zero, 0x4
x11 <- 0x0000000000000004
mem[X,0x0000000080001CE4] -> 0x063B
mem[X,0x0000000080001CE6] -> 0x40B5
[1854] [M]: 0x0000000080001CE4 (0x40B5063B) subw a2, a0, a1
x12 <- 0x0000000055555551
mem[X,0x0000000080001CE8] -> 0xB023
mem[X,0x0000000080001CEA] -> 0x68C2
[1855] [M]: 0x0000000080001CE8 (0x68C2B023) sd a2, 0x680(t0)
mem[0x000000008000B828] <- 0x0000000055555551
mem[X,0x0000000080001CEC] -> 0x5537
mem[X,0x0000000080001CEE] -> 0x5555
[1856] [M]: 0x0000000080001CEC (0x55555537) lui a0, 0x55555
x10 <- 0x0000000055555000
mem[X,0x0000000080001CF0] -> 0x0513
mem[X,0x0000000080001CF2] -> 0x5555
[1857] [M]: 0x0000000080001CF0 (0x55550513) addi a0, a0, 0x555
x10 <- 0x0000000055555555
mem[X,0x0000000080001CF4] -> 0x1513
mem[X,0x0000000080001CF6] -> 0x00B5
[1858] [M]: 0x0000000080001CF4 (0x00B51513) slli a0, a0, 0xb
x10 <- 0x000002AAAAAAA800
mem[X,0x0000000080001CF8] -> 0x0513
mem[X,0x0000000080001CFA] -> 0x2AA5
[1859] [M]: 0x0000000080001CF8 (0x2AA50513) addi a0, a0, 0x2aa
x10 <- 0x000002AAAAAAAAAA
mem[X,0x0000000080001CFC] -> 0x1513
mem[X,0x0000000080001CFE] -> 0x00B5
[1860] [M]: 0x0000000080001CFC (0x00B51513) slli a0, a0, 0xb
x10 <- 0x0015555555555000
mem[X,0x0000000080001D00] -> 0x0513
mem[X,0x0000000080001D02] -> 0x5555
[1861] [M]: 0x0000000080001D00 (0x55550513) addi a0, a0, 0x555
x10 <- 0x0015555555555555
mem[X,0x0000000080001D04] -> 0x1513
mem[X,0x0000000080001D06] -> 0x00A5
[1862] [M]: 0x0000000080001D04 (0x00A51513) slli a0, a0, 0xa
x10 <- 0x5555555555555400
mem[X,0x0000000080001D08] -> 0x0513
mem[X,0x0000000080001D0A] -> 0x1555
[1863] [M]: 0x0000000080001D08 (0x15550513) addi a0, a0, 0x155
x10 <- 0x5555555555555555
mem[X,0x0000000080001D0C] -> 0x35B7
mem[X,0x0000000080001D0E] -> 0x3333
[1864] [M]: 0x0000000080001D0C (0x333335B7) lui a1, 0x33333
x11 <- 0x0000000033333000
mem[X,0x0000000080001D10] -> 0x8593
mem[X,0x0000000080001D12] -> 0x3335
[1865] [M]: 0x0000000080001D10 (0x33358593) addi a1, a1, 0x333
x11 <- 0x0000000033333333
mem[X,0x0000000080001D14] -> 0x9593
mem[X,0x0000000080001D16] -> 0x00B5
[1866] [M]: 0x0000000080001D14 (0x00B59593) slli a1, a1, 0xb
x11 <- 0x0000019999999800
mem[X,0x0000000080001D18] -> 0x8593
mem[X,0x0000000080001D1A] -> 0x1995
[1867] [M]: 0x0000000080001D18 (0x19958593) addi a1, a1, 0x199
x11 <- 0x0000019999999999
mem[X,0x0000000080001D1C] -> 0x9593
mem[X,0x0000000080001D1E] -> 0x00B5
[1868] [M]: 0x0000000080001D1C (0x00B59593) slli a1, a1, 0xb
x11 <- 0x000CCCCCCCCCC800
mem[X,0x0000000080001D20] -> 0x8593
mem[X,0x0000000080001D22] -> 0x4CC5
[1869] [M]: 0x0000000080001D20 (0x4CC58593) addi a1, a1, 0x4cc
x11 <- 0x000CCCCCCCCCCCCC
mem[X,0x0000000080001D24] -> 0x9593
mem[X,0x0000000080001D26] -> 0x00A5
[1870] [M]: 0x0000000080001D24 (0x00A59593) slli a1, a1, 0xa
x11 <- 0x3333333333333000
mem[X,0x0000000080001D28] -> 0x8593
mem[X,0x0000000080001D2A] -> 0x3325
[1871] [M]: 0x0000000080001D28 (0x33258593) addi a1, a1, 0x332
x11 <- 0x3333333333333332
mem[X,0x0000000080001D2C] -> 0x063B
mem[X,0x0000000080001D2E] -> 0x40B5
[1872] [M]: 0x0000000080001D2C (0x40B5063B) subw a2, a0, a1
x12 <- 0x0000000022222223
mem[X,0x0000000080001D30] -> 0xB423
mem[X,0x0000000080001D32] -> 0x68C2
[1873] [M]: 0x0000000080001D30 (0x68C2B423) sd a2, 0x688(t0)
mem[0x000000008000B830] <- 0x0000000022222223
mem[X,0x0000000080001D34] -> 0x5537
mem[X,0x0000000080001D36] -> 0x5555
[1874] [M]: 0x0000000080001D34 (0x55555537) lui a0, 0x55555
x10 <- 0x0000000055555000
mem[X,0x0000000080001D38] -> 0x0513
mem[X,0x0000000080001D3A] -> 0x5555
[1875] [M]: 0x0000000080001D38 (0x55550513) addi a0, a0, 0x555
x10 <- 0x0000000055555555
mem[X,0x0000000080001D3C] -> 0x1513
mem[X,0x0000000080001D3E] -> 0x00B5
[1876] [M]: 0x0000000080001D3C (0x00B51513) slli a0, a0, 0xb
x10 <- 0x000002AAAAAAA800
mem[X,0x0000000080001D40] -> 0x0513
mem[X,0x0000000080001D42] -> 0x2AA5
[1877] [M]: 0x0000000080001D40 (0x2AA50513) addi a0, a0, 0x2aa
x10 <- 0x000002AAAAAAAAAA
mem[X,0x0000000080001D44] -> 0x1513
mem[X,0x0000000080001D46] -> 0x00B5
[1878] [M]: 0x0000000080001D44 (0x00B51513) slli a0, a0, 0xb
x10 <- 0x0015555555555000
mem[X,0x0000000080001D48] -> 0x0513
mem[X,0x0000000080001D4A] -> 0x5555
[1879] [M]: 0x0000000080001D48 (0x55550513) addi a0, a0, 0x555
x10 <- 0x0015555555555555
mem[X,0x0000000080001D4C] -> 0x1513
mem[X,0x0000000080001D4E] -> 0x00A5
[1880] [M]: 0x0000000080001D4C (0x00A51513) slli a0, a0, 0xa
x10 <- 0x5555555555555400
mem[X,0x0000000080001D50] -> 0x0513
mem[X,0x0000000080001D52] -> 0x1555
[1881] [M]: 0x0000000080001D50 (0x15550513) addi a0, a0, 0x155
x10 <- 0x5555555555555555
mem[X,0x0000000080001D54] -> 0x65B7
mem[X,0x0000000080001D56] -> 0x6666
[1882] [M]: 0x0000000080001D54 (0x666665B7) lui a1, 0x66666
x11 <- 0x0000000066666000
mem[X,0x0000000080001D58] -> 0x8593
mem[X,0x0000000080001D5A] -> 0x6665
[1883] [M]: 0x0000000080001D58 (0x66658593) addi a1, a1, 0x666
x11 <- 0x0000000066666666
mem[X,0x0000000080001D5C] -> 0x9593
mem[X,0x0000000080001D5E] -> 0x00B5
[1884] [M]: 0x0000000080001D5C (0x00B59593) slli a1, a1, 0xb
x11 <- 0x0000033333333000
mem[X,0x0000000080001D60] -> 0x8593
mem[X,0x0000000080001D62] -> 0x3335
[1885] [M]: 0x0000000080001D60 (0x33358593) addi a1, a1, 0x333
x11 <- 0x0000033333333333
mem[X,0x0000000080001D64] -> 0x9593
mem[X,0x0000000080001D66] -> 0x00B5
[1886] [M]: 0x0000000080001D64 (0x00B59593) slli a1, a1, 0xb
x11 <- 0x0019999999999800
mem[X,0x0000000080001D68] -> 0x8593
mem[X,0x0000000080001D6A] -> 0x1995
[1887] [M]: 0x0000000080001D68 (0x19958593) addi a1, a1, 0x199
x11 <- 0x0019999999999999
mem[X,0x0000000080001D6C] -> 0x9593
mem[X,0x0000000080001D6E] -> 0x00A5
[1888] [M]: 0x0000000080001D6C (0x00A59593) slli a1, a1, 0xa
x11 <- 0x6666666666666400
mem[X,0x0000000080001D70] -> 0x8593
mem[X,0x0000000080001D72] -> 0x2655
[1889] [M]: 0x0000000080001D70 (0x26558593) addi a1, a1, 0x265
x11 <- 0x6666666666666665
mem[X,0x0000000080001D74] -> 0x063B
mem[X,0x0000000080001D76] -> 0x40B5
[1890] [M]: 0x0000000080001D74 (0x40B5063B) subw a2, a0, a1
x12 <- 0xFFFFFFFFEEEEEEF0
mem[X,0x0000000080001D78] -> 0xB823
mem[X,0x0000000080001D7A] -> 0x68C2
[1891] [M]: 0x0000000080001D78 (0x68C2B823) sd a2, 0x690(t0)
mem[0x000000008000B838] <- 0xFFFFFFFFEEEEEEF0
mem[X,0x0000000080001D7C] -> 0x5537
mem[X,0x0000000080001D7E] -> 0x5555
[1892] [M]: 0x0000000080001D7C (0x55555537) lui a0, 0x55555
x10 <- 0x0000000055555000
mem[X,0x0000000080001D80] -> 0x0513
mem[X,0x0000000080001D82] -> 0x5555
[1893] [M]: 0x0000000080001D80 (0x55550513) addi a0, a0, 0x555
x10 <- 0x0000000055555555
mem[X,0x0000000080001D84] -> 0x1513
mem[X,0x0000000080001D86] -> 0x00B5
[1894] [M]: 0x0000000080001D84 (0x00B51513) slli a0, a0, 0xb
x10 <- 0x000002AAAAAAA800
mem[X,0x0000000080001D88] -> 0x0513
mem[X,0x0000000080001D8A] -> 0x2AA5
[1895] [M]: 0x0000000080001D88 (0x2AA50513) addi a0, a0, 0x2aa
x10 <- 0x000002AAAAAAAAAA
mem[X,0x0000000080001D8C] -> 0x1513
mem[X,0x0000000080001D8E] -> 0x00B5
[1896] [M]: 0x0000000080001D8C (0x00B51513) slli a0, a0, 0xb
x10 <- 0x0015555555555000
mem[X,0x0000000080001D90] -> 0x0513
mem[X,0x0000000080001D92] -> 0x5555
[1897] [M]: 0x0000000080001D90 (0x55550513) addi a0, a0, 0x555
x10 <- 0x0015555555555555
mem[X,0x0000000080001D94] -> 0x1513
mem[X,0x0000000080001D96] -> 0x00A5
[1898] [M]: 0x0000000080001D94 (0x00A51513) slli a0, a0, 0xa
x10 <- 0x5555555555555400
mem[X,0x0000000080001D98] -> 0x0513
mem[X,0x0000000080001D9A] -> 0x1555
[1899] [M]: 0x0000000080001D98 (0x15550513) addi a0, a0, 0x155
x10 <- 0x5555555555555555
clint::tick mtime <- 0x0000000000000013
 clint timer pending at mtime 0x0000000000000013
htif::tick 0x0000000000000000
mem[X,0x0000000080001D9C] -> 0x05B7
mem[X,0x0000000080001D9E] -> 0x0000
[1900] [M]: 0x0000000080001D9C (0x000005B7) lui a1, 0x0
x11 <- 0x0000000000000000
mem[X,0x0000000080001DA0] -> 0x8593
mem[X,0x0000000080001DA2] -> 0x0005
[1901] [M]: 0x0000000080001DA0 (0x00058593) addi a1, a1, 0x0
x11 <- 0x0000000000000000
mem[X,0x0000000080001DA4] -> 0x9593
mem[X,0x0000000080001DA6] -> 0x00B5
[1902] [M]: 0x0000000080001DA4 (0x00B59593) slli a1, a1, 0xb
x11 <- 0x0000000000000000
mem[X,0x0000000080001DA8] -> 0x8593
mem[X,0x0000000080001DAA] -> 0x5A85
[1903] [M]: 0x0000000080001DA8 (0x5A858593) addi a1, a1, 0x5a8
x11 <- 0x00000000000005A8
mem[X,0x0000000080001DAC] -> 0x9593
mem[X,0x0000000080001DAE] -> 0x00B5
[1904] [M]: 0x0000000080001DAC (0x00B59593) slli a1, a1, 0xb
x11 <- 0x00000000002D4000
mem[X,0x0000000080001DB0] -> 0x8593
mem[X,0x0000000080001DB2] -> 0x13C5
[1905] [M]: 0x0000000080001DB0 (0x13C58593) addi a1, a1, 0x13c
x11 <- 0x00000000002D413C
mem[X,0x0000000080001DB4] -> 0x9593
mem[X,0x0000000080001DB6] -> 0x00A5
[1906] [M]: 0x0000000080001DB4 (0x00A59593) slli a1, a1, 0xa
x11 <- 0x00000000B504F000
mem[X,0x0000000080001DB8] -> 0x8593
mem[X,0x0000000080001DBA] -> 0x3325
[1907] [M]: 0x0000000080001DB8 (0x33258593) addi a1, a1, 0x332
x11 <- 0x00000000B504F332
mem[X,0x0000000080001DBC] -> 0x063B
mem[X,0x0000000080001DBE] -> 0x40B5
[1908] [M]: 0x0000000080001DBC (0x40B5063B) subw a2, a0, a1
x12 <- 0xFFFFFFFFA0506223
mem[X,0x0000000080001DC0] -> 0xBC23
mem[X,0x0000000080001DC2] -> 0x68C2
[1909] [M]: 0x0000000080001DC0 (0x68C2BC23) sd a2, 0x698(t0)
mem[0x000000008000B840] <- 0xFFFFFFFFA0506223
mem[X,0x0000000080001DC4] -> 0x5537
mem[X,0x0000000080001DC6] -> 0x5555
[1910] [M]: 0x0000000080001DC4 (0x55555537) lui a0, 0x55555
x10 <- 0x0000000055555000
mem[X,0x0000000080001DC8] -> 0x0513
mem[X,0x0000000080001DCA] -> 0x5555
[1911] [M]: 0x0000000080001DC8 (0x55550513) addi a0, a0, 0x555
x10 <- 0x0000000055555555
mem[X,0x0000000080001DCC] -> 0x1513
mem[X,0x0000000080001DCE] -> 0x00B5
[1912] [M]: 0x0000000080001DCC (0x00B51513) slli a0, a0, 0xb
x10 <- 0x000002AAAAAAA800
mem[X,0x0000000080001DD0] -> 0x0513
mem[X,0x0000000080001DD2] -> 0x2AA5
[1913] [M]: 0x0000000080001DD0 (0x2AA50513) addi a0, a0, 0x2aa
x10 <- 0x000002AAAAAAAAAA
mem[X,0x0000000080001DD4] -> 0x1513
mem[X,0x0000000080001DD6] -> 0x00B5
[1914] [M]: 0x0000000080001DD4 (0x00B51513) slli a0, a0, 0xb
x10 <- 0x0015555555555000
mem[X,0x0000000080001DD8] -> 0x0513
mem[X,0x0000000080001DDA] -> 0x5555
[1915] [M]: 0x0000000080001DD8 (0x55550513) addi a0, a0, 0x555
x10 <- 0x0015555555555555
mem[X,0x0000000080001DDC] -> 0x1513
mem[X,0x0000000080001DDE] -> 0x00A5
[1916] [M]: 0x0000000080001DDC (0x00A51513) slli a0, a0, 0xa
x10 <- 0x5555555555555400
mem[X,0x0000000080001DE0] -> 0x0513
mem[X,0x0000000080001DE2] -> 0x1555
[1917] [M]: 0x0000000080001DE0 (0x15550513) addi a0, a0, 0x155
x10 <- 0x5555555555555555
mem[X,0x0000000080001DE4] -> 0x55B7
mem[X,0x0000000080001DE6] -> 0x5555
[1918] [M]: 0x0000000080001DE4 (0x555555B7) lui a1, 0x55555
x11 <- 0x0000000055555000
mem[X,0x0000000080001DE8] -> 0x8593
mem[X,0x0000000080001DEA] -> 0x5555
[1919] [M]: 0x0000000080001DE8 (0x55558593) addi a1, a1, 0x555
x11 <- 0x0000000055555555
mem[X,0x0000000080001DEC] -> 0x9593
mem[X,0x0000000080001DEE] -> 0x00B5
[1920] [M]: 0x0000000080001DEC (0x00B59593) slli a1, a1, 0xb
x11 <- 0x000002AAAAAAA800
mem[X,0x0000000080001DF0] -> 0x8593
mem[X,0x0000000080001DF2] -> 0x2AA5
[1921] [M]: 0x0000000080001DF0 (0x2AA58593) addi a1, a1, 0x2aa
x11 <- 0x000002AAAAAAAAAA
mem[X,0x0000000080001DF4] -> 0x9593
mem[X,0x0000000080001DF6] -> 0x00B5
[1922] [M]: 0x0000000080001DF4 (0x00B59593) slli a1, a1, 0xb
x11 <- 0x0015555555555000
mem[X,0x0000000080001DF8] -> 0x8593
mem[X,0x0000000080001DFA] -> 0x5555
[1923] [M]: 0x0000000080001DF8 (0x55558593) addi a1, a1, 0x555
x11 <- 0x0015555555555555
mem[X,0x0000000080001DFC] -> 0x9593
mem[X,0x0000000080001DFE] -> 0x00A5
[1924] [M]: 0x0000000080001DFC (0x00A59593) slli a1, a1, 0xa
x11 <- 0x5555555555555400
mem[X,0x0000000080001E00] -> 0x8593
mem[X,0x0000000080001E02] -> 0x1565
[1925] [M]: 0x0000000080001E00 (0x15658593) addi a1, a1, 0x156
x11 <- 0x5555555555555556
mem[X,0x0000000080001E04] -> 0x063B
mem[X,0x0000000080001E06] -> 0x40B5
[1926] [M]: 0x0000000080001E04 (0x40B5063B) subw a2, a0, a1
x12 <- 0xFFFFFFFFFFFFFFFF
mem[X,0x0000000080001E08] -> 0xB023
mem[X,0x0000000080001E0A] -> 0x6AC2
[1927] [M]: 0x0000000080001E08 (0x6AC2B023) sd a2, 0x6a0(t0)
mem[0x000000008000B848] <- 0xFFFFFFFFFFFFFFFF
mem[X,0x0000000080001E0C] -> 0x5537
mem[X,0x0000000080001E0E] -> 0x5555
[1928] [M]: 0x0000000080001E0C (0x55555537) lui a0, 0x55555
x10 <- 0x0000000055555000
mem[X,0x0000000080001E10] -> 0x0513
mem[X,0x0000000080001E12] -> 0x5555
[1929] [M]: 0x0000000080001E10 (0x55550513) addi a0, a0, 0x555
x10 <- 0x0000000055555555
mem[X,0x0000000080001E14] -> 0x1513
mem[X,0x0000000080001E16] -> 0x00B5
[1930] [M]: 0x0000000080001E14 (0x00B51513) slli a0, a0, 0xb
x10 <- 0x000002AAAAAAA800
mem[X,0x0000000080001E18] -> 0x0513
mem[X,0x0000000080001E1A] -> 0x2AA5
[1931] [M]: 0x0000000080001E18 (0x2AA50513) addi a0, a0, 0x2aa
x10 <- 0x000002AAAAAAAAAA
mem[X,0x0000000080001E1C] -> 0x1513
mem[X,0x0000000080001E1E] -> 0x00B5
[1932] [M]: 0x0000000080001E1C (0x00B51513) slli a0, a0, 0xb
x10 <- 0x0015555555555000
mem[X,0x0000000080001E20] -> 0x0513
mem[X,0x0000000080001E22] -> 0x5555
[1933] [M]: 0x0000000080001E20 (0x55550513) addi a0, a0, 0x555
x10 <- 0x0015555555555555
mem[X,0x0000000080001E24] -> 0x1513
mem[X,0x0000000080001E26] -> 0x00A5
[1934] [M]: 0x0000000080001E24 (0x00A51513) slli a0, a0, 0xa
x10 <- 0x5555555555555400
mem[X,0x0000000080001E28] -> 0x0513
mem[X,0x0000000080001E2A] -> 0x1555
[1935] [M]: 0x0000000080001E28 (0x15550513) addi a0, a0, 0x155
x10 <- 0x5555555555555555
mem[X,0x0000000080001E2C] -> 0xB5B7
mem[X,0x0000000080001E2E] -> 0xAAAA
[1936] [M]: 0x0000000080001E2C (0xAAAAB5B7) lui a1, -0x55555
x11 <- 0xFFFFFFFFAAAAB000
mem[X,0x0000000080001E30] -> 0x8593
mem[X,0x0000000080001E32] -> 0xAAA5
[1937] [M]: 0x0000000080001E30 (0xAAA58593) addi a1, a1, -0x556
x11 <- 0xFFFFFFFFAAAAAAAA
mem[X,0x0000000080001E34] -> 0x9593
mem[X,0x0000000080001E36] -> 0x00B5
[1938] [M]: 0x0000000080001E34 (0x00B59593) slli a1, a1, 0xb
x11 <- 0xFFFFFD5555555000
mem[X,0x0000000080001E38] -> 0x8593
mem[X,0x0000000080001E3A] -> 0x5555
[1939] [M]: 0x0000000080001E38 (0x55558593) addi a1, a1, 0x555
x11 <- 0xFFFFFD5555555555
mem[X,0x0000000080001E3C] -> 0x9593
mem[X,0x0000000080001E3E] -> 0x00B5
[1940] [M]: 0x0000000080001E3C (0x00B59593) slli a1, a1, 0xb
x11 <- 0xFFEAAAAAAAAAA800
mem[X,0x0000000080001E40] -> 0x8593
mem[X,0x0000000080001E42] -> 0x2AA5
[1941] [M]: 0x0000000080001E40 (0x2AA58593) addi a1, a1, 0x2aa
x11 <- 0xFFEAAAAAAAAAAAAA
mem[X,0x0000000080001E44] -> 0x9593
mem[X,0x0000000080001E46] -> 0x00A5
[1942] [M]: 0x0000000080001E44 (0x00A59593) slli a1, a1, 0xa
x11 <- 0xAAAAAAAAAAAAA800
mem[X,0x0000000080001E48] -> 0x8593
mem[X,0x0000000080001E4A] -> 0x2AB5
[1943] [M]: 0x0000000080001E48 (0x2AB58593) addi a1, a1, 0x2ab
x11 <- 0xAAAAAAAAAAAAAAAB
mem[X,0x0000000080001E4C] -> 0x063B
mem[X,0x0000000080001E4E] -> 0x40B5
[1944] [M]: 0x0000000080001E4C (0x40B5063B) subw a2, a0, a1
x12 <- 0xFFFFFFFFAAAAAAAA
mem[X,0x0000000080001E50] -> 0xB423
mem[X,0x0000000080001E52] -> 0x6AC2
[1945] [M]: 0x0000000080001E50 (0x6AC2B423) sd a2, 0x6a8(t0)
mem[0x000000008000B850] <- 0xFFFFFFFFAAAAAAAA
mem[X,0x0000000080001E54] -> 0x5537
mem[X,0x0000000080001E56] -> 0x5555
[1946] [M]: 0x0000000080001E54 (0x55555537) lui a0, 0x55555
x10 <- 0x0000000055555000
mem[X,0x0000000080001E58] -> 0x0513
mem[X,0x0000000080001E5A] -> 0x5555
[1947] [M]: 0x0000000080001E58 (0x55550513) addi a0, a0, 0x555
x10 <- 0x0000000055555555
mem[X,0x0000000080001E5C] -> 0x1513
mem[X,0x0000000080001E5E] -> 0x00B5
[1948] [M]: 0x0000000080001E5C (0x00B51513) slli a0, a0, 0xb
x10 <- 0x000002AAAAAAA800
mem[X,0x0000000080001E60] -> 0x0513
mem[X,0x0000000080001E62] -> 0x2AA5
[1949] [M]: 0x0000000080001E60 (0x2AA50513) addi a0, a0, 0x2aa
x10 <- 0x000002AAAAAAAAAA
mem[X,0x0000000080001E64] -> 0x1513
mem[X,0x0000000080001E66] -> 0x00B5
[1950] [M]: 0x0000000080001E64 (0x00B51513) slli a0, a0, 0xb
x10 <- 0x0015555555555000
mem[X,0x0000000080001E68] -> 0x0513
mem[X,0x0000000080001E6A] -> 0x5555
[1951] [M]: 0x0000000080001E68 (0x55550513) addi a0, a0, 0x555
x10 <- 0x0015555555555555
mem[X,0x0000000080001E6C] -> 0x1513
mem[X,0x0000000080001E6E] -> 0x00A5
[1952] [M]: 0x0000000080001E6C (0x00A51513) slli a0, a0, 0xa
x10 <- 0x5555555555555400
mem[X,0x0000000080001E70] -> 0x0513
mem[X,0x0000000080001E72] -> 0x1555
[1953] [M]: 0x0000000080001E70 (0x15550513) addi a0, a0, 0x155
x10 <- 0x5555555555555555
mem[X,0x0000000080001E74] -> 0x0593
mem[X,0x0000000080001E76] -> 0x0060
[1954] [M]: 0x0000000080001E74 (0x00600593) addi a1, zero, 0x6
x11 <- 0x0000000000000006
mem[X,0x0000000080001E78] -> 0x063B
mem[X,0x0000000080001E7A] -> 0x40B5
[1955] [M]: 0x0000000080001E78 (0x40B5063B) subw a2, a0, a1
x12 <- 0x000000005555554F
mem[X,0x0000000080001E7C] -> 0xB823
mem[X,0x0000000080001E7E] -> 0x6AC2
[1956] [M]: 0x0000000080001E7C (0x6AC2B823) sd a2, 0x6b0(t0)
mem[0x000000008000B858] <- 0x000000005555554F
mem[X,0x0000000080001E80] -> 0x5537
mem[X,0x0000000080001E82] -> 0x5555
[1957] [M]: 0x0000000080001E80 (0x55555537) lui a0, 0x55555
x10 <- 0x0000000055555000
mem[X,0x0000000080001E84] -> 0x0513
mem[X,0x0000000080001E86] -> 0x5555
[1958] [M]: 0x0000000080001E84 (0x55550513) addi a0, a0, 0x555
x10 <- 0x0000000055555555
mem[X,0x0000000080001E88] -> 0x1513
mem[X,0x0000000080001E8A] -> 0x00B5
[1959] [M]: 0x0000000080001E88 (0x00B51513) slli a0, a0, 0xb
x10 <- 0x000002AAAAAAA800
mem[X,0x0000000080001E8C] -> 0x0513
mem[X,0x0000000080001E8E] -> 0x2AA5
[1960] [M]: 0x0000000080001E8C (0x2AA50513) addi a0, a0, 0x2aa
x10 <- 0x000002AAAAAAAAAA
mem[X,0x0000000080001E90] -> 0x1513
mem[X,0x0000000080001E92] -> 0x00B5
[1961] [M]: 0x0000000080001E90 (0x00B51513) slli a0, a0, 0xb
x10 <- 0x0015555555555000
mem[X,0x0000000080001E94] -> 0x0513
mem[X,0x0000000080001E96] -> 0x5555
[1962] [M]: 0x0000000080001E94 (0x55550513) addi a0, a0, 0x555
x10 <- 0x0015555555555555
mem[X,0x0000000080001E98] -> 0x1513
mem[X,0x0000000080001E9A] -> 0x00A5
[1963] [M]: 0x0000000080001E98 (0x00A51513) slli a0, a0, 0xa
x10 <- 0x5555555555555400
mem[X,0x0000000080001E9C] -> 0x0513
mem[X,0x0000000080001E9E] -> 0x1555
[1964] [M]: 0x0000000080001E9C (0x15550513) addi a0, a0, 0x155
x10 <- 0x5555555555555555
mem[X,0x0000000080001EA0] -> 0x35B7
mem[X,0x0000000080001EA2] -> 0x3333
[1965] [M]: 0x0000000080001EA0 (0x333335B7) lui a1, 0x33333
x11 <- 0x0000000033333000
mem[X,0x0000000080001EA4] -> 0x8593
mem[X,0x0000000080001EA6] -> 0x3335
[1966] [M]: 0x0000000080001EA4 (0x33358593) addi a1, a1, 0x333
x11 <- 0x0000000033333333
mem[X,0x0000000080001EA8] -> 0x9593
mem[X,0x0000000080001EAA] -> 0x00B5
[1967] [M]: 0x0000000080001EA8 (0x00B59593) slli a1, a1, 0xb
x11 <- 0x0000019999999800
mem[X,0x0000000080001EAC] -> 0x8593
mem[X,0x0000000080001EAE] -> 0x1995
[1968] [M]: 0x0000000080001EAC (0x19958593) addi a1, a1, 0x199
x11 <- 0x0000019999999999
mem[X,0x0000000080001EB0] -> 0x9593
mem[X,0x0000000080001EB2] -> 0x00B5
[1969] [M]: 0x0000000080001EB0 (0x00B59593) slli a1, a1, 0xb
x11 <- 0x000CCCCCCCCCC800
mem[X,0x0000000080001EB4] -> 0x8593
mem[X,0x0000000080001EB6] -> 0x4CC5
[1970] [M]: 0x0000000080001EB4 (0x4CC58593) addi a1, a1, 0x4cc
x11 <- 0x000CCCCCCCCCCCCC
mem[X,0x0000000080001EB8] -> 0x9593
mem[X,0x0000000080001EBA] -> 0x00A5
[1971] [M]: 0x0000000080001EB8 (0x00A59593) slli a1, a1, 0xa
x11 <- 0x3333333333333000
mem[X,0x0000000080001EBC] -> 0x8593
mem[X,0x0000000080001EBE] -> 0x3345
[1972] [M]: 0x0000000080001EBC (0x33458593) addi a1, a1, 0x334
x11 <- 0x3333333333333334
mem[X,0x0000000080001EC0] -> 0x063B
mem[X,0x0000000080001EC2] -> 0x40B5
[1973] [M]: 0x0000000080001EC0 (0x40B5063B) subw a2, a0, a1
x12 <- 0x0000000022222221
mem[X,0x0000000080001EC4] -> 0xBC23
mem[X,0x0000000080001EC6] -> 0x6AC2
[1974] [M]: 0x0000000080001EC4 (0x6AC2BC23) sd a2, 0x6b8(t0)
mem[0x000000008000B860] <- 0x0000000022222221
mem[X,0x0000000080001EC8] -> 0x5537
mem[X,0x0000000080001ECA] -> 0x5555
[1975] [M]: 0x0000000080001EC8 (0x55555537) lui a0, 0x55555
x10 <- 0x0000000055555000
mem[X,0x0000000080001ECC] -> 0x0513
mem[X,0x0000000080001ECE] -> 0x5555
[1976] [M]: 0x0000000080001ECC (0x55550513) addi a0, a0, 0x555
x10 <- 0x0000000055555555
mem[X,0x0000000080001ED0] -> 0x1513
mem[X,0x0000000080001ED2] -> 0x00B5
[1977] [M]: 0x0000000080001ED0 (0x00B51513) slli a0, a0, 0xb
x10 <- 0x000002AAAAAAA800
mem[X,0x0000000080001ED4] -> 0x0513
mem[X,0x0000000080001ED6] -> 0x2AA5
[1978] [M]: 0x0000000080001ED4 (0x2AA50513) addi a0, a0, 0x2aa
x10 <- 0x000002AAAAAAAAAA
mem[X,0x0000000080001ED8] -> 0x1513
mem[X,0x0000000080001EDA] -> 0x00B5
[1979] [M]: 0x0000000080001ED8 (0x00B51513) slli a0, a0, 0xb
x10 <- 0x0015555555555000
mem[X,0x0000000080001EDC] -> 0x0513
mem[X,0x0000000080001EDE] -> 0x5555
[1980] [M]: 0x0000000080001EDC (0x55550513) addi a0, a0, 0x555
x10 <- 0x0015555555555555
mem[X,0x0000000080001EE0] -> 0x1513
mem[X,0x0000000080001EE2] -> 0x00A5
[1981] [M]: 0x0000000080001EE0 (0x00A51513) slli a0, a0, 0xa
x10 <- 0x5555555555555400
mem[X,0x0000000080001EE4] -> 0x0513
mem[X,0x0000000080001EE6] -> 0x1555
[1982] [M]: 0x0000000080001EE4 (0x15550513) addi a0, a0, 0x155
x10 <- 0x5555555555555555
mem[X,0x0000000080001EE8] -> 0x65B7
mem[X,0x0000000080001EEA] -> 0x6666
[1983] [M]: 0x0000000080001EE8 (0x666665B7) lui a1, 0x66666
x11 <- 0x0000000066666000
mem[X,0x0000000080001EEC] -> 0x8593
mem[X,0x0000000080001EEE] -> 0x6665
[1984] [M]: 0x0000000080001EEC (0x66658593) addi a1, a1, 0x666
x11 <- 0x0000000066666666
mem[X,0x0000000080001EF0] -> 0x9593
mem[X,0x0000000080001EF2] -> 0x00B5
[1985] [M]: 0x0000000080001EF0 (0x00B59593) slli a1, a1, 0xb
x11 <- 0x0000033333333000
mem[X,0x0000000080001EF4] -> 0x8593
mem[X,0x0000000080001EF6] -> 0x3335
[1986] [M]: 0x0000000080001EF4 (0x33358593) addi a1, a1, 0x333
x11 <- 0x0000033333333333
mem[X,0x0000000080001EF8] -> 0x9593
mem[X,0x0000000080001EFA] -> 0x00B5
[1987] [M]: 0x0000000080001EF8 (0x00B59593) slli a1, a1, 0xb
x11 <- 0x0019999999999800
mem[X,0x0000000080001EFC] -> 0x8593
mem[X,0x0000000080001EFE] -> 0x1995
[1988] [M]: 0x0000000080001EFC (0x19958593) addi a1, a1, 0x199
x11 <- 0x0019999999999999
mem[X,0x0000000080001F00] -> 0x9593
mem[X,0x0000000080001F02] -> 0x00A5
[1989] [M]: 0x0000000080001F00 (0x00A59593) slli a1, a1, 0xa
x11 <- 0x6666666666666400
mem[X,0x0000000080001F04] -> 0x8593
mem[X,0x0000000080001F06] -> 0x2675
[1990] [M]: 0x0000000080001F04 (0x26758593) addi a1, a1, 0x267
x11 <- 0x6666666666666667
mem[X,0x0000000080001F08] -> 0x063B
mem[X,0x0000000080001F0A] -> 0x40B5
[1991] [M]: 0x0000000080001F08 (0x40B5063B) subw a2, a0, a1
x12 <- 0xFFFFFFFFEEEEEEEE
mem[X,0x0000000080001F0C] -> 0xB023
mem[X,0x0000000080001F0E] -> 0x6CC2
[1992] [M]: 0x0000000080001F0C (0x6CC2B023) sd a2, 0x6c0(t0)
mem[0x000000008000B868] <- 0xFFFFFFFFEEEEEEEE
mem[X,0x0000000080001F10] -> 0x5537
mem[X,0x0000000080001F12] -> 0x5555
[1993] [M]: 0x0000000080001F10 (0x55555537) lui a0, 0x55555
x10 <- 0x0000000055555000
mem[X,0x0000000080001F14] -> 0x0513
mem[X,0x0000000080001F16] -> 0x5555
[1994] [M]: 0x0000000080001F14 (0x55550513) addi a0, a0, 0x555
x10 <- 0x0000000055555555
mem[X,0x0000000080001F18] -> 0x1513
mem[X,0x0000000080001F1A] -> 0x00B5
[1995] [M]: 0x0000000080001F18 (0x00B51513) slli a0, a0, 0xb
x10 <- 0x000002AAAAAAA800
mem[X,0x0000000080001F1C] -> 0x0513
mem[X,0x0000000080001F1E] -> 0x2AA5
[1996] [M]: 0x0000000080001F1C (0x2AA50513) addi a0, a0, 0x2aa
x10 <- 0x000002AAAAAAAAAA
mem[X,0x0000000080001F20] -> 0x1513
mem[X,0x0000000080001F22] -> 0x00B5
[1997] [M]: 0x0000000080001F20 (0x00B51513) slli a0, a0, 0xb
x10 <- 0x0015555555555000
mem[X,0x0000000080001F24] -> 0x0513
mem[X,0x0000000080001F26] -> 0x5555
[1998] [M]: 0x0000000080001F24 (0x55550513) addi a0, a0, 0x555
x10 <- 0x0015555555555555
mem[X,0x0000000080001F28] -> 0x1513
mem[X,0x0000000080001F2A] -> 0x00A5
[1999] [M]: 0x0000000080001F28 (0x00A51513) slli a0, a0, 0xa
x10 <- 0x5555555555555400
clint::tick mtime <- 0x0000000000000014
 clint timer pending at mtime 0x0000000000000014
htif::tick 0x0000000000000000
mem[X,0x0000000080001F2C] -> 0x0513
mem[X,0x0000000080001F2E] -> 0x1555
[2000] [M]: 0x0000000080001F2C (0x15550513) addi a0, a0, 0x155
x10 <- 0x5555555555555555
mem[X,0x0000000080001F30] -> 0x05B7
mem[X,0x0000000080001F32] -> 0x0000
[2001] [M]: 0x0000000080001F30 (0x000005B7) lui a1, 0x0
x11 <- 0x0000000000000000
mem[X,0x0000000080001F34] -> 0x8593
mem[X,0x0000000080001F36] -> 0xFFF5
[2002] [M]: 0x0000000080001F34 (0xFFF58593) addi a1, a1, -0x1
x11 <- 0xFFFFFFFFFFFFFFFF
mem[X,0x0000000080001F38] -> 0x9593
mem[X,0x0000000080001F3A] -> 0x00B5
[2003] [M]: 0x0000000080001F38 (0x00B59593) slli a1, a1, 0xb
x11 <- 0xFFFFFFFFFFFFF800
mem[X,0x0000000080001F3C] -> 0x8593
mem[X,0x0000000080001F3E] -> 0x2575
[2004] [M]: 0x0000000080001F3C (0x25758593) addi a1, a1, 0x257
x11 <- 0xFFFFFFFFFFFFFA57
mem[X,0x0000000080001F40] -> 0x9593
mem[X,0x0000000080001F42] -> 0x00B5
[2005] [M]: 0x0000000080001F40 (0x00B59593) slli a1, a1, 0xb
x11 <- 0xFFFFFFFFFFD2B800
mem[X,0x0000000080001F44] -> 0x8593
mem[X,0x0000000080001F46] -> 0x6C35
[2006] [M]: 0x0000000080001F44 (0x6C358593) addi a1, a1, 0x6c3
x11 <- 0xFFFFFFFFFFD2BEC3
mem[X,0x0000000080001F48] -> 0x9593
mem[X,0x0000000080001F4A] -> 0x00A5
[2007] [M]: 0x0000000080001F48 (0x00A59593) slli a1, a1, 0xa
x11 <- 0xFFFFFFFF4AFB0C00
mem[X,0x0000000080001F4C] -> 0x8593
mem[X,0x0000000080001F4E] -> 0x0CE5
[2008] [M]: 0x0000000080001F4C (0x0CE58593) addi a1, a1, 0xce
x11 <- 0xFFFFFFFF4AFB0CCE
mem[X,0x0000000080001F50] -> 0x063B
mem[X,0x0000000080001F52] -> 0x40B5
[2009] [M]: 0x0000000080001F50 (0x40B5063B) subw a2, a0, a1
x12 <- 0x000000000A5A4887
mem[X,0x0000000080001F54] -> 0xB423
mem[X,0x0000000080001F56] -> 0x6CC2
[2010] [M]: 0x0000000080001F54 (0x6CC2B423) sd a2, 0x6c8(t0)
mem[0x000000008000B870] <- 0x000000000A5A4887
mem[X,0x0000000080001F58] -> 0x5537
mem[X,0x0000000080001F5A] -> 0x5555
[2011] [M]: 0x0000000080001F58 (0x55555537) lui a0, 0x55555
x10 <- 0x0000000055555000
mem[X,0x0000000080001F5C] -> 0x0513
mem[X,0x0000000080001F5E] -> 0x5555
[2012] [M]: 0x0000000080001F5C (0x55550513) addi a0, a0, 0x555
x10 <- 0x0000000055555555
mem[X,0x0000000080001F60] -> 0x1513
mem[X,0x0000000080001F62] -> 0x00B5
[2013] [M]: 0x0000000080001F60 (0x00B51513) slli a0, a0, 0xb
x10 <- 0x000002AAAAAAA800
mem[X,0x0000000080001F64] -> 0x0513
mem[X,0x0000000080001F66] -> 0x2AA5
[2014] [M]: 0x0000000080001F64 (0x2AA50513) addi a0, a0, 0x2aa
x10 <- 0x000002AAAAAAAAAA
mem[X,0x0000000080001F68] -> 0x1513
mem[X,0x0000000080001F6A] -> 0x00B5
[2015] [M]: 0x0000000080001F68 (0x00B51513) slli a0, a0, 0xb
x10 <- 0x0015555555555000
mem[X,0x0000000080001F6C] -> 0x0513
mem[X,0x0000000080001F6E] -> 0x5555
[2016] [M]: 0x0000000080001F6C (0x55550513) addi a0, a0, 0x555
x10 <- 0x0015555555555555
mem[X,0x0000000080001F70] -> 0x1513
mem[X,0x0000000080001F72] -> 0x00A5
[2017] [M]: 0x0000000080001F70 (0x00A51513) slli a0, a0, 0xa
x10 <- 0x5555555555555400
mem[X,0x0000000080001F74] -> 0x0513
mem[X,0x0000000080001F76] -> 0x1555
[2018] [M]: 0x0000000080001F74 (0x15550513) addi a0, a0, 0x155
x10 <- 0x5555555555555555
mem[X,0x0000000080001F78] -> 0x05B7
mem[X,0x0000000080001F7A] -> 0x0000
[2019] [M]: 0x0000000080001F78 (0x000005B7) lui a1, 0x0
x11 <- 0x0000000000000000
mem[X,0x0000000080001F7C] -> 0x8593
mem[X,0x0000000080001F7E] -> 0x0005
[2020] [M]: 0x0000000080001F7C (0x00058593) addi a1, a1, 0x0
x11 <- 0x0000000000000000
mem[X,0x0000000080001F80] -> 0x9593
mem[X,0x0000000080001F82] -> 0x00B5
[2021] [M]: 0x0000000080001F80 (0x00B59593) slli a1, a1, 0xb
x11 <- 0x0000000000000000
mem[X,0x0000000080001F84] -> 0x8593
mem[X,0x0000000080001F86] -> 0x5A85
[2022] [M]: 0x0000000080001F84 (0x5A858593) addi a1, a1, 0x5a8
x11 <- 0x00000000000005A8
mem[X,0x0000000080001F88] -> 0x9593
mem[X,0x0000000080001F8A] -> 0x00B5
[2023] [M]: 0x0000000080001F88 (0x00B59593) slli a1, a1, 0xb
x11 <- 0x00000000002D4000
mem[X,0x0000000080001F8C] -> 0x8593
mem[X,0x0000000080001F8E] -> 0x13C5
[2024] [M]: 0x0000000080001F8C (0x13C58593) addi a1, a1, 0x13c
x11 <- 0x00000000002D413C
mem[X,0x0000000080001F90] -> 0x9593
mem[X,0x0000000080001F92] -> 0x00A5
[2025] [M]: 0x0000000080001F90 (0x00A59593) slli a1, a1, 0xa
x11 <- 0x00000000B504F000
mem[X,0x0000000080001F94] -> 0x8593
mem[X,0x0000000080001F96] -> 0x3345
[2026] [M]: 0x0000000080001F94 (0x33458593) addi a1, a1, 0x334
x11 <- 0x00000000B504F334
mem[X,0x0000000080001F98] -> 0x063B
mem[X,0x0000000080001F9A] -> 0x40B5
[2027] [M]: 0x0000000080001F98 (0x40B5063B) subw a2, a0, a1
x12 <- 0xFFFFFFFFA0506221
mem[X,0x0000000080001F9C] -> 0xB823
mem[X,0x0000000080001F9E] -> 0x6CC2
[2028] [M]: 0x0000000080001F9C (0x6CC2B823) sd a2, 0x6d0(t0)
mem[0x000000008000B878] <- 0xFFFFFFFFA0506221
mem[X,0x0000000080001FA0] -> 0xB537
mem[X,0x0000000080001FA2] -> 0xAAAA
[2029] [M]: 0x0000000080001FA0 (0xAAAAB537) lui a0, -0x55555
x10 <- 0xFFFFFFFFAAAAB000
mem[X,0x0000000080001FA4] -> 0x0513
mem[X,0x0000000080001FA6] -> 0xAAA5
[2030] [M]: 0x0000000080001FA4 (0xAAA50513) addi a0, a0, -0x556
x10 <- 0xFFFFFFFFAAAAAAAA
mem[X,0x0000000080001FA8] -> 0x1513
mem[X,0x0000000080001FAA] -> 0x00B5
[2031] [M]: 0x0000000080001FA8 (0x00B51513) slli a0, a0, 0xb
x10 <- 0xFFFFFD5555555000
mem[X,0x0000000080001FAC] -> 0x0513
mem[X,0x0000000080001FAE] -> 0x5555
[2032] [M]: 0x0000000080001FAC (0x55550513) addi a0, a0, 0x555
x10 <- 0xFFFFFD5555555555
mem[X,0x0000000080001FB0] -> 0x1513
mem[X,0x0000000080001FB2] -> 0x00B5
[2033] [M]: 0x0000000080001FB0 (0x00B51513) slli a0, a0, 0xb
x10 <- 0xFFEAAAAAAAAAA800
mem[X,0x0000000080001FB4] -> 0x0513
mem[X,0x0000000080001FB6] -> 0x2AA5
[2034] [M]: 0x0000000080001FB4 (0x2AA50513) addi a0, a0, 0x2aa
x10 <- 0xFFEAAAAAAAAAAAAA
mem[X,0x0000000080001FB8] -> 0x1513
mem[X,0x0000000080001FBA] -> 0x00A5
[2035] [M]: 0x0000000080001FB8 (0x00A51513) slli a0, a0, 0xa
x10 <- 0xAAAAAAAAAAAAA800
mem[X,0x0000000080001FBC] -> 0x0513
mem[X,0x0000000080001FBE] -> 0x2AA5
[2036] [M]: 0x0000000080001FBC (0x2AA50513) addi a0, a0, 0x2aa
x10 <- 0xAAAAAAAAAAAAAAAA
mem[X,0x0000000080001FC0] -> 0x0593
mem[X,0x0000000080001FC2] -> 0x0030
[2037] [M]: 0x0000000080001FC0 (0x00300593) addi a1, zero, 0x3
x11 <- 0x0000000000000003
mem[X,0x0000000080001FC4] -> 0x063B
mem[X,0x0000000080001FC6] -> 0x40B5
[2038] [M]: 0x0000000080001FC4 (0x40B5063B) subw a2, a0, a1
x12 <- 0xFFFFFFFFAAAAAAA7
mem[X,0x0000000080001FC8] -> 0xBC23
mem[X,0x0000000080001FCA] -> 0x6CC2
[2039] [M]: 0x0000000080001FC8 (0x6CC2BC23) sd a2, 0x6d8(t0)
mem[0x000000008000B880] <- 0xFFFFFFFFAAAAAAA7
mem[X,0x0000000080001FCC] -> 0xB537
mem[X,0x0000000080001FCE] -> 0xAAAA
[2040] [M]: 0x0000000080001FCC (0xAAAAB537) lui a0, -0x55555
x10 <- 0xFFFFFFFFAAAAB000
mem[X,0x0000000080001FD0] -> 0x0513
mem[X,0x0000000080001FD2] -> 0xAAA5
[2041] [M]: 0x0000000080001FD0 (0xAAA50513) addi a0, a0, -0x556
x10 <- 0xFFFFFFFFAAAAAAAA
mem[X,0x0000000080001FD4] -> 0x1513
mem[X,0x0000000080001FD6] -> 0x00B5
[2042] [M]: 0x0000000080001FD4 (0x00B51513) slli a0, a0, 0xb
x10 <- 0xFFFFFD5555555000
mem[X,0x0000000080001FD8] -> 0x0513
mem[X,0x0000000080001FDA] -> 0x5555
[2043] [M]: 0x0000000080001FD8 (0x55550513) addi a0, a0, 0x555
x10 <- 0xFFFFFD5555555555
mem[X,0x0000000080001FDC] -> 0x1513
mem[X,0x0000000080001FDE] -> 0x00B5
[2044] [M]: 0x0000000080001FDC (0x00B51513) slli a0, a0, 0xb
x10 <- 0xFFEAAAAAAAAAA800
mem[X,0x0000000080001FE0] -> 0x0513
mem[X,0x0000000080001FE2] -> 0x2AA5
[2045] [M]: 0x0000000080001FE0 (0x2AA50513) addi a0, a0, 0x2aa
x10 <- 0xFFEAAAAAAAAAAAAA
mem[X,0x0000000080001FE4] -> 0x1513
mem[X,0x0000000080001FE6] -> 0x00A5
[2046] [M]: 0x0000000080001FE4 (0x00A51513) slli a0, a0, 0xa
x10 <- 0xAAAAAAAAAAAAA800
mem[X,0x0000000080001FE8] -> 0x0513
mem[X,0x0000000080001FEA] -> 0x2AA5
[2047] [M]: 0x0000000080001FE8 (0x2AA50513) addi a0, a0, 0x2aa
x10 <- 0xAAAAAAAAAAAAAAAA
mem[X,0x0000000080001FEC] -> 0x55B7
mem[X,0x0000000080001FEE] -> 0x5555
[2048] [M]: 0x0000000080001FEC (0x555555B7) lui a1, 0x55555
x11 <- 0x0000000055555000
mem[X,0x0000000080001FF0] -> 0x8593
mem[X,0x0000000080001FF2] -> 0x5555
[2049] [M]: 0x0000000080001FF0 (0x55558593) addi a1, a1, 0x555
x11 <- 0x0000000055555555
mem[X,0x0000000080001FF4] -> 0x9593
mem[X,0x0000000080001FF6] -> 0x00B5
[2050] [M]: 0x0000000080001FF4 (0x00B59593) slli a1, a1, 0xb
x11 <- 0x000002AAAAAAA800
mem[X,0x0000000080001FF8] -> 0x8593
mem[X,0x0000000080001FFA] -> 0x2AA5
[2051] [M]: 0x0000000080001FF8 (0x2AA58593) addi a1, a1, 0x2aa
x11 <- 0x000002AAAAAAAAAA
mem[X,0x0000000080001FFC] -> 0x9593
mem[X,0x0000000080001FFE] -> 0x00B5
[2052] [M]: 0x0000000080001FFC (0x00B59593) slli a1, a1, 0xb
x11 <- 0x0015555555555000
mem[X,0x0000000080002000] -> 0x8593
mem[X,0x0000000080002002] -> 0x5555
[2053] [M]: 0x0000000080002000 (0x55558593) addi a1, a1, 0x555
x11 <- 0x0015555555555555
mem[X,0x0000000080002004] -> 0x9593
mem[X,0x0000000080002006] -> 0x00A5
[2054] [M]: 0x0000000080002004 (0x00A59593) slli a1, a1, 0xa
x11 <- 0x5555555555555400
mem[X,0x0000000080002008] -> 0x8593
mem[X,0x000000008000200A] -> 0x1555
[2055] [M]: 0x0000000080002008 (0x15558593) addi a1, a1, 0x155
x11 <- 0x5555555555555555
mem[X,0x000000008000200C] -> 0x063B
mem[X,0x000000008000200E] -> 0x40B5
[2056] [M]: 0x000000008000200C (0x40B5063B) subw a2, a0, a1
x12 <- 0x0000000055555555
mem[X,0x0000000080002010] -> 0xB023
mem[X,0x0000000080002012] -> 0x6EC2
[2057] [M]: 0x0000000080002010 (0x6EC2B023) sd a2, 0x6e0(t0)
mem[0x000000008000B888] <- 0x0000000055555555
mem[X,0x0000000080002014] -> 0xB537
mem[X,0x0000000080002016] -> 0xAAAA
[2058] [M]: 0x0000000080002014 (0xAAAAB537) lui a0, -0x55555
x10 <- 0xFFFFFFFFAAAAB000
mem[X,0x0000000080002018] -> 0x0513
mem[X,0x000000008000201A] -> 0xAAA5
[2059] [M]: 0x0000000080002018 (0xAAA50513) addi a0, a0, -0x556
x10 <- 0xFFFFFFFFAAAAAAAA
mem[X,0x000000008000201C] -> 0x1513
mem[X,0x000000008000201E] -> 0x00B5
[2060] [M]: 0x000000008000201C (0x00B51513) slli a0, a0, 0xb
x10 <- 0xFFFFFD5555555000
mem[X,0x0000000080002020] -> 0x0513
mem[X,0x0000000080002022] -> 0x5555
[2061] [M]: 0x0000000080002020 (0x55550513) addi a0, a0, 0x555
x10 <- 0xFFFFFD5555555555
mem[X,0x0000000080002024] -> 0x1513
mem[X,0x0000000080002026] -> 0x00B5
[2062] [M]: 0x0000000080002024 (0x00B51513) slli a0, a0, 0xb
x10 <- 0xFFEAAAAAAAAAA800
mem[X,0x0000000080002028] -> 0x0513
mem[X,0x000000008000202A] -> 0x2AA5
[2063] [M]: 0x0000000080002028 (0x2AA50513) addi a0, a0, 0x2aa
x10 <- 0xFFEAAAAAAAAAAAAA
mem[X,0x000000008000202C] -> 0x1513
mem[X,0x000000008000202E] -> 0x00A5
[2064] [M]: 0x000000008000202C (0x00A51513) slli a0, a0, 0xa
x10 <- 0xAAAAAAAAAAAAA800
mem[X,0x0000000080002030] -> 0x0513
mem[X,0x0000000080002032] -> 0x2AA5
[2065] [M]: 0x0000000080002030 (0x2AA50513) addi a0, a0, 0x2aa
x10 <- 0xAAAAAAAAAAAAAAAA
mem[X,0x0000000080002034] -> 0xB5B7
mem[X,0x0000000080002036] -> 0xAAAA
[2066] [M]: 0x0000000080002034 (0xAAAAB5B7) lui a1, -0x55555
x11 <- 0xFFFFFFFFAAAAB000
mem[X,0x0000000080002038] -> 0x8593
mem[X,0x000000008000203A] -> 0xAAA5
[2067] [M]: 0x0000000080002038 (0xAAA58593) addi a1, a1, -0x556
x11 <- 0xFFFFFFFFAAAAAAAA
mem[X,0x000000008000203C] -> 0x9593
mem[X,0x000000008000203E] -> 0x00B5
[2068] [M]: 0x000000008000203C (0x00B59593) slli a1, a1, 0xb
x11 <- 0xFFFFFD5555555000
mem[X,0x0000000080002040] -> 0x8593
mem[X,0x0000000080002042] -> 0x5555
[2069] [M]: 0x0000000080002040 (0x55558593) addi a1, a1, 0x555
x11 <- 0xFFFFFD5555555555
mem[X,0x0000000080002044] -> 0x9593
mem[X,0x0000000080002046] -> 0x00B5
[2070] [M]: 0x0000000080002044 (0x00B59593) slli a1, a1, 0xb
x11 <- 0xFFEAAAAAAAAAA800
mem[X,0x0000000080002048] -> 0x8593
mem[X,0x000000008000204A] -> 0x2AA5
[2071] [M]: 0x0000000080002048 (0x2AA58593) addi a1, a1, 0x2aa
x11 <- 0xFFEAAAAAAAAAAAAA
mem[X,0x000000008000204C] -> 0x9593
mem[X,0x000000008000204E] -> 0x00A5
[2072] [M]: 0x000000008000204C (0x00A59593) slli a1, a1, 0xa
x11 <- 0xAAAAAAAAAAAAA800
mem[X,0x0000000080002050] -> 0x8593
mem[X,0x0000000080002052] -> 0x2AA5
[2073] [M]: 0x0000000080002050 (0x2AA58593) addi a1, a1, 0x2aa
x11 <- 0xAAAAAAAAAAAAAAAA
mem[X,0x0000000080002054] -> 0x063B
mem[X,0x0000000080002056] -> 0x40B5
[2074] [M]: 0x0000000080002054 (0x40B5063B) subw a2, a0, a1
x12 <- 0x0000000000000000
mem[X,0x0000000080002058] -> 0xB423
mem[X,0x000000008000205A] -> 0x6EC2
[2075] [M]: 0x0000000080002058 (0x6EC2B423) sd a2, 0x6e8(t0)
mem[0x000000008000B890] <- 0x0000000000000000
mem[X,0x000000008000205C] -> 0xB537
mem[X,0x000000008000205E] -> 0xAAAA
[2076] [M]: 0x000000008000205C (0xAAAAB537) lui a0, -0x55555
x10 <- 0xFFFFFFFFAAAAB000
mem[X,0x0000000080002060] -> 0x0513
mem[X,0x0000000080002062] -> 0xAAA5
[2077] [M]: 0x0000000080002060 (0xAAA50513) addi a0, a0, -0x556
x10 <- 0xFFFFFFFFAAAAAAAA
mem[X,0x0000000080002064] -> 0x1513
mem[X,0x0000000080002066] -> 0x00B5
[2078] [M]: 0x0000000080002064 (0x00B51513) slli a0, a0, 0xb
x10 <- 0xFFFFFD5555555000
mem[X,0x0000000080002068] -> 0x0513
mem[X,0x000000008000206A] -> 0x5555
[2079] [M]: 0x0000000080002068 (0x55550513) addi a0, a0, 0x555
x10 <- 0xFFFFFD5555555555
mem[X,0x000000008000206C] -> 0x1513
mem[X,0x000000008000206E] -> 0x00B5
[2080] [M]: 0x000000008000206C (0x00B51513) slli a0, a0, 0xb
x10 <- 0xFFEAAAAAAAAAA800
mem[X,0x0000000080002070] -> 0x0513
mem[X,0x0000000080002072] -> 0x2AA5
[2081] [M]: 0x0000000080002070 (0x2AA50513) addi a0, a0, 0x2aa
x10 <- 0xFFEAAAAAAAAAAAAA
mem[X,0x0000000080002074] -> 0x1513
mem[X,0x0000000080002076] -> 0x00A5
[2082] [M]: 0x0000000080002074 (0x00A51513) slli a0, a0, 0xa
x10 <- 0xAAAAAAAAAAAAA800
mem[X,0x0000000080002078] -> 0x0513
mem[X,0x000000008000207A] -> 0x2AA5
[2083] [M]: 0x0000000080002078 (0x2AA50513) addi a0, a0, 0x2aa
x10 <- 0xAAAAAAAAAAAAAAAA
mem[X,0x000000008000207C] -> 0x0593
mem[X,0x000000008000207E] -> 0x0050
[2084] [M]: 0x000000008000207C (0x00500593) addi a1, zero, 0x5
x11 <- 0x0000000000000005
mem[X,0x0000000080002080] -> 0x063B
mem[X,0x0000000080002082] -> 0x40B5
[2085] [M]: 0x0000000080002080 (0x40B5063B) subw a2, a0, a1
x12 <- 0xFFFFFFFFAAAAAAA5
mem[X,0x0000000080002084] -> 0xB823
mem[X,0x0000000080002086] -> 0x6EC2
[2086] [M]: 0x0000000080002084 (0x6EC2B823) sd a2, 0x6f0(t0)
mem[0x000000008000B898] <- 0xFFFFFFFFAAAAAAA5
mem[X,0x0000000080002088] -> 0xB537
mem[X,0x000000008000208A] -> 0xAAAA
[2087] [M]: 0x0000000080002088 (0xAAAAB537) lui a0, -0x55555
x10 <- 0xFFFFFFFFAAAAB000
mem[X,0x000000008000208C] -> 0x0513
mem[X,0x000000008000208E] -> 0xAAA5
[2088] [M]: 0x000000008000208C (0xAAA50513) addi a0, a0, -0x556
x10 <- 0xFFFFFFFFAAAAAAAA
mem[X,0x0000000080002090] -> 0x1513
mem[X,0x0000000080002092] -> 0x00B5
[2089] [M]: 0x0000000080002090 (0x00B51513) slli a0, a0, 0xb
x10 <- 0xFFFFFD5555555000
mem[X,0x0000000080002094] -> 0x0513
mem[X,0x0000000080002096] -> 0x5555
[2090] [M]: 0x0000000080002094 (0x55550513) addi a0, a0, 0x555
x10 <- 0xFFFFFD5555555555
mem[X,0x0000000080002098] -> 0x1513
mem[X,0x000000008000209A] -> 0x00B5
[2091] [M]: 0x0000000080002098 (0x00B51513) slli a0, a0, 0xb
x10 <- 0xFFEAAAAAAAAAA800
mem[X,0x000000008000209C] -> 0x0513
mem[X,0x000000008000209E] -> 0x2AA5
[2092] [M]: 0x000000008000209C (0x2AA50513) addi a0, a0, 0x2aa
x10 <- 0xFFEAAAAAAAAAAAAA
mem[X,0x00000000800020A0] -> 0x1513
mem[X,0x00000000800020A2] -> 0x00A5
[2093] [M]: 0x00000000800020A0 (0x00A51513) slli a0, a0, 0xa
x10 <- 0xAAAAAAAAAAAAA800
mem[X,0x00000000800020A4] -> 0x0513
mem[X,0x00000000800020A6] -> 0x2AA5
[2094] [M]: 0x00000000800020A4 (0x2AA50513) addi a0, a0, 0x2aa
x10 <- 0xAAAAAAAAAAAAAAAA
mem[X,0x00000000800020A8] -> 0x35B7
mem[X,0x00000000800020AA] -> 0x3333
[2095] [M]: 0x00000000800020A8 (0x333335B7) lui a1, 0x33333
x11 <- 0x0000000033333000
mem[X,0x00000000800020AC] -> 0x8593
mem[X,0x00000000800020AE] -> 0x3335
[2096] [M]: 0x00000000800020AC (0x33358593) addi a1, a1, 0x333
x11 <- 0x0000000033333333
mem[X,0x00000000800020B0] -> 0x9593
mem[X,0x00000000800020B2] -> 0x00B5
[2097] [M]: 0x00000000800020B0 (0x00B59593) slli a1, a1, 0xb
x11 <- 0x0000019999999800
mem[X,0x00000000800020B4] -> 0x8593
mem[X,0x00000000800020B6] -> 0x1995
[2098] [M]: 0x00000000800020B4 (0x19958593) addi a1, a1, 0x199
x11 <- 0x0000019999999999
mem[X,0x00000000800020B8] -> 0x9593
mem[X,0x00000000800020BA] -> 0x00B5
[2099] [M]: 0x00000000800020B8 (0x00B59593) slli a1, a1, 0xb
x11 <- 0x000CCCCCCCCCC800
clint::tick mtime <- 0x0000000000000015
 clint timer pending at mtime 0x0000000000000015
htif::tick 0x0000000000000000
mem[X,0x00000000800020BC] -> 0x8593
mem[X,0x00000000800020BE] -> 0x4CC5
[2100] [M]: 0x00000000800020BC (0x4CC58593) addi a1, a1, 0x4cc
x11 <- 0x000CCCCCCCCCCCCC
mem[X,0x00000000800020C0] -> 0x9593
mem[X,0x00000000800020C2] -> 0x00A5
[2101] [M]: 0x00000000800020C0 (0x00A59593) slli a1, a1, 0xa
x11 <- 0x3333333333333000
mem[X,0x00000000800020C4] -> 0x8593
mem[X,0x00000000800020C6] -> 0x3335
[2102] [M]: 0x00000000800020C4 (0x33358593) addi a1, a1, 0x333
x11 <- 0x3333333333333333
mem[X,0x00000000800020C8] -> 0x063B
mem[X,0x00000000800020CA] -> 0x40B5
[2103] [M]: 0x00000000800020C8 (0x40B5063B) subw a2, a0, a1
x12 <- 0x0000000077777777
mem[X,0x00000000800020CC] -> 0xBC23
mem[X,0x00000000800020CE] -> 0x6EC2
[2104] [M]: 0x00000000800020CC (0x6EC2BC23) sd a2, 0x6f8(t0)
mem[0x000000008000B8A0] <- 0x0000000077777777
mem[X,0x00000000800020D0] -> 0xB537
mem[X,0x00000000800020D2] -> 0xAAAA
[2105] [M]: 0x00000000800020D0 (0xAAAAB537) lui a0, -0x55555
x10 <- 0xFFFFFFFFAAAAB000
mem[X,0x00000000800020D4] -> 0x0513
mem[X,0x00000000800020D6] -> 0xAAA5
[2106] [M]: 0x00000000800020D4 (0xAAA50513) addi a0, a0, -0x556
x10 <- 0xFFFFFFFFAAAAAAAA
mem[X,0x00000000800020D8] -> 0x1513
mem[X,0x00000000800020DA] -> 0x00B5
[2107] [M]: 0x00000000800020D8 (0x00B51513) slli a0, a0, 0xb
x10 <- 0xFFFFFD5555555000
mem[X,0x00000000800020DC] -> 0x0513
mem[X,0x00000000800020DE] -> 0x5555
[2108] [M]: 0x00000000800020DC (0x55550513) addi a0, a0, 0x555
x10 <- 0xFFFFFD5555555555
mem[X,0x00000000800020E0] -> 0x1513
mem[X,0x00000000800020E2] -> 0x00B5
[2109] [M]: 0x00000000800020E0 (0x00B51513) slli a0, a0, 0xb
x10 <- 0xFFEAAAAAAAAAA800
mem[X,0x00000000800020E4] -> 0x0513
mem[X,0x00000000800020E6] -> 0x2AA5
[2110] [M]: 0x00000000800020E4 (0x2AA50513) addi a0, a0, 0x2aa
x10 <- 0xFFEAAAAAAAAAAAAA
mem[X,0x00000000800020E8] -> 0x1513
mem[X,0x00000000800020EA] -> 0x00A5
[2111] [M]: 0x00000000800020E8 (0x00A51513) slli a0, a0, 0xa
x10 <- 0xAAAAAAAAAAAAA800
mem[X,0x00000000800020EC] -> 0x0513
mem[X,0x00000000800020EE] -> 0x2AA5
[2112] [M]: 0x00000000800020EC (0x2AA50513) addi a0, a0, 0x2aa
x10 <- 0xAAAAAAAAAAAAAAAA
mem[X,0x00000000800020F0] -> 0x65B7
mem[X,0x00000000800020F2] -> 0x6666
[2113] [M]: 0x00000000800020F0 (0x666665B7) lui a1, 0x66666
x11 <- 0x0000000066666000
mem[X,0x00000000800020F4] -> 0x8593
mem[X,0x00000000800020F6] -> 0x6665
[2114] [M]: 0x00000000800020F4 (0x66658593) addi a1, a1, 0x666
x11 <- 0x0000000066666666
mem[X,0x00000000800020F8] -> 0x9593
mem[X,0x00000000800020FA] -> 0x00B5
[2115] [M]: 0x00000000800020F8 (0x00B59593) slli a1, a1, 0xb
x11 <- 0x0000033333333000
mem[X,0x00000000800020FC] -> 0x8593
mem[X,0x00000000800020FE] -> 0x3335
[2116] [M]: 0x00000000800020FC (0x33358593) addi a1, a1, 0x333
x11 <- 0x0000033333333333
mem[X,0x0000000080002100] -> 0x9593
mem[X,0x0000000080002102] -> 0x00B5
[2117] [M]: 0x0000000080002100 (0x00B59593) slli a1, a1, 0xb
x11 <- 0x0019999999999800
mem[X,0x0000000080002104] -> 0x8593
mem[X,0x0000000080002106] -> 0x1995
[2118] [M]: 0x0000000080002104 (0x19958593) addi a1, a1, 0x199
x11 <- 0x0019999999999999
mem[X,0x0000000080002108] -> 0x9593
mem[X,0x000000008000210A] -> 0x00A5
[2119] [M]: 0x0000000080002108 (0x00A59593) slli a1, a1, 0xa
x11 <- 0x6666666666666400
mem[X,0x000000008000210C] -> 0x8593
mem[X,0x000000008000210E] -> 0x2665
[2120] [M]: 0x000000008000210C (0x26658593) addi a1, a1, 0x266
x11 <- 0x6666666666666666
mem[X,0x0000000080002110] -> 0x063B
mem[X,0x0000000080002112] -> 0x40B5
[2121] [M]: 0x0000000080002110 (0x40B5063B) subw a2, a0, a1
x12 <- 0x0000000044444444
mem[X,0x0000000080002114] -> 0xB023
mem[X,0x0000000080002116] -> 0x70C2
[2122] [M]: 0x0000000080002114 (0x70C2B023) sd a2, 0x700(t0)
mem[0x000000008000B8A8] <- 0x0000000044444444
mem[X,0x0000000080002118] -> 0xB537
mem[X,0x000000008000211A] -> 0xAAAA
[2123] [M]: 0x0000000080002118 (0xAAAAB537) lui a0, -0x55555
x10 <- 0xFFFFFFFFAAAAB000
mem[X,0x000000008000211C] -> 0x0513
mem[X,0x000000008000211E] -> 0xAAA5
[2124] [M]: 0x000000008000211C (0xAAA50513) addi a0, a0, -0x556
x10 <- 0xFFFFFFFFAAAAAAAA
mem[X,0x0000000080002120] -> 0x1513
mem[X,0x0000000080002122] -> 0x00B5
[2125] [M]: 0x0000000080002120 (0x00B51513) slli a0, a0, 0xb
x10 <- 0xFFFFFD5555555000
mem[X,0x0000000080002124] -> 0x0513
mem[X,0x0000000080002126] -> 0x5555
[2126] [M]: 0x0000000080002124 (0x55550513) addi a0, a0, 0x555
x10 <- 0xFFFFFD5555555555
mem[X,0x0000000080002128] -> 0x1513
mem[X,0x000000008000212A] -> 0x00B5
[2127] [M]: 0x0000000080002128 (0x00B51513) slli a0, a0, 0xb
x10 <- 0xFFEAAAAAAAAAA800
mem[X,0x000000008000212C] -> 0x0513
mem[X,0x000000008000212E] -> 0x2AA5
[2128] [M]: 0x000000008000212C (0x2AA50513) addi a0, a0, 0x2aa
x10 <- 0xFFEAAAAAAAAAAAAA
mem[X,0x0000000080002130] -> 0x1513
mem[X,0x0000000080002132] -> 0x00A5
[2129] [M]: 0x0000000080002130 (0x00A51513) slli a0, a0, 0xa
x10 <- 0xAAAAAAAAAAAAA800
mem[X,0x0000000080002134] -> 0x0513
mem[X,0x0000000080002136] -> 0x2AA5
[2130] [M]: 0x0000000080002134 (0x2AA50513) addi a0, a0, 0x2aa
x10 <- 0xAAAAAAAAAAAAAAAA
mem[X,0x0000000080002138] -> 0x05B7
mem[X,0x000000008000213A] -> 0x0000
[2131] [M]: 0x0000000080002138 (0x000005B7) lui a1, 0x0
x11 <- 0x0000000000000000
mem[X,0x000000008000213C] -> 0x8593
mem[X,0x000000008000213E] -> 0xFFF5
[2132] [M]: 0x000000008000213C (0xFFF58593) addi a1, a1, -0x1
x11 <- 0xFFFFFFFFFFFFFFFF
mem[X,0x0000000080002140] -> 0x9593
mem[X,0x0000000080002142] -> 0x00B5
[2133] [M]: 0x0000000080002140 (0x00B59593) slli a1, a1, 0xb
x11 <- 0xFFFFFFFFFFFFF800
mem[X,0x0000000080002144] -> 0x8593
mem[X,0x0000000080002146] -> 0x2575
[2134] [M]: 0x0000000080002144 (0x25758593) addi a1, a1, 0x257
x11 <- 0xFFFFFFFFFFFFFA57
mem[X,0x0000000080002148] -> 0x9593
mem[X,0x000000008000214A] -> 0x00B5
[2135] [M]: 0x0000000080002148 (0x00B59593) slli a1, a1, 0xb
x11 <- 0xFFFFFFFFFFD2B800
mem[X,0x000000008000214C] -> 0x8593
mem[X,0x000000008000214E] -> 0x6C35
[2136] [M]: 0x000000008000214C (0x6C358593) addi a1, a1, 0x6c3
x11 <- 0xFFFFFFFFFFD2BEC3
mem[X,0x0000000080002150] -> 0x9593
mem[X,0x0000000080002152] -> 0x00A5
[2137] [M]: 0x0000000080002150 (0x00A59593) slli a1, a1, 0xa
x11 <- 0xFFFFFFFF4AFB0C00
mem[X,0x0000000080002154] -> 0x8593
mem[X,0x0000000080002156] -> 0x0CD5
[2138] [M]: 0x0000000080002154 (0x0CD58593) addi a1, a1, 0xcd
x11 <- 0xFFFFFFFF4AFB0CCD
mem[X,0x0000000080002158] -> 0x063B
mem[X,0x000000008000215A] -> 0x40B5
[2139] [M]: 0x0000000080002158 (0x40B5063B) subw a2, a0, a1
x12 <- 0x000000005FAF9DDD
mem[X,0x000000008000215C] -> 0xB423
mem[X,0x000000008000215E] -> 0x70C2
[2140] [M]: 0x000000008000215C (0x70C2B423) sd a2, 0x708(t0)
mem[0x000000008000B8B0] <- 0x000000005FAF9DDD
mem[X,0x0000000080002160] -> 0xB537
mem[X,0x0000000080002162] -> 0xAAAA
[2141] [M]: 0x0000000080002160 (0xAAAAB537) lui a0, -0x55555
x10 <- 0xFFFFFFFFAAAAB000
mem[X,0x0000000080002164] -> 0x0513
mem[X,0x0000000080002166] -> 0xAAA5
[2142] [M]: 0x0000000080002164 (0xAAA50513) addi a0, a0, -0x556
x10 <- 0xFFFFFFFFAAAAAAAA
mem[X,0x0000000080002168] -> 0x1513
mem[X,0x000000008000216A] -> 0x00B5
[2143] [M]: 0x0000000080002168 (0x00B51513) slli a0, a0, 0xb
x10 <- 0xFFFFFD5555555000
mem[X,0x000000008000216C] -> 0x0513
mem[X,0x000000008000216E] -> 0x5555
[2144] [M]: 0x000000008000216C (0x55550513) addi a0, a0, 0x555
x10 <- 0xFFFFFD5555555555
mem[X,0x0000000080002170] -> 0x1513
mem[X,0x0000000080002172] -> 0x00B5
[2145] [M]: 0x0000000080002170 (0x00B51513) slli a0, a0, 0xb
x10 <- 0xFFEAAAAAAAAAA800
mem[X,0x0000000080002174] -> 0x0513
mem[X,0x0000000080002176] -> 0x2AA5
[2146] [M]: 0x0000000080002174 (0x2AA50513) addi a0, a0, 0x2aa
x10 <- 0xFFEAAAAAAAAAAAAA
mem[X,0x0000000080002178] -> 0x1513
mem[X,0x000000008000217A] -> 0x00A5
[2147] [M]: 0x0000000080002178 (0x00A51513) slli a0, a0, 0xa
x10 <- 0xAAAAAAAAAAAAA800
mem[X,0x000000008000217C] -> 0x0513
mem[X,0x000000008000217E] -> 0x2AA5
[2148] [M]: 0x000000008000217C (0x2AA50513) addi a0, a0, 0x2aa
x10 <- 0xAAAAAAAAAAAAAAAA
mem[X,0x0000000080002180] -> 0x05B7
mem[X,0x0000000080002182] -> 0x0000
[2149] [M]: 0x0000000080002180 (0x000005B7) lui a1, 0x0
x11 <- 0x0000000000000000
mem[X,0x0000000080002184] -> 0x8593
mem[X,0x0000000080002186] -> 0x0005
[2150] [M]: 0x0000000080002184 (0x00058593) addi a1, a1, 0x0
x11 <- 0x0000000000000000
mem[X,0x0000000080002188] -> 0x9593
mem[X,0x000000008000218A] -> 0x00B5
[2151] [M]: 0x0000000080002188 (0x00B59593) slli a1, a1, 0xb
x11 <- 0x0000000000000000
mem[X,0x000000008000218C] -> 0x8593
mem[X,0x000000008000218E] -> 0x5A85
[2152] [M]: 0x000000008000218C (0x5A858593) addi a1, a1, 0x5a8
x11 <- 0x00000000000005A8
mem[X,0x0000000080002190] -> 0x9593
mem[X,0x0000000080002192] -> 0x00B5
[2153] [M]: 0x0000000080002190 (0x00B59593) slli a1, a1, 0xb
x11 <- 0x00000000002D4000
mem[X,0x0000000080002194] -> 0x8593
mem[X,0x0000000080002196] -> 0x13C5
[2154] [M]: 0x0000000080002194 (0x13C58593) addi a1, a1, 0x13c
x11 <- 0x00000000002D413C
mem[X,0x0000000080002198] -> 0x9593
mem[X,0x000000008000219A] -> 0x00A5
[2155] [M]: 0x0000000080002198 (0x00A59593) slli a1, a1, 0xa
x11 <- 0x00000000B504F000
mem[X,0x000000008000219C] -> 0x8593
mem[X,0x000000008000219E] -> 0x3335
[2156] [M]: 0x000000008000219C (0x33358593) addi a1, a1, 0x333
x11 <- 0x00000000B504F333
mem[X,0x00000000800021A0] -> 0x063B
mem[X,0x00000000800021A2] -> 0x40B5
[2157] [M]: 0x00000000800021A0 (0x40B5063B) subw a2, a0, a1
x12 <- 0xFFFFFFFFF5A5B777
mem[X,0x00000000800021A4] -> 0xB823
mem[X,0x00000000800021A6] -> 0x70C2
[2158] [M]: 0x00000000800021A4 (0x70C2B823) sd a2, 0x710(t0)
mem[0x000000008000B8B8] <- 0xFFFFFFFFF5A5B777
mem[X,0x00000000800021A8] -> 0xB537
mem[X,0x00000000800021AA] -> 0xAAAA
[2159] [M]: 0x00000000800021A8 (0xAAAAB537) lui a0, -0x55555
x10 <- 0xFFFFFFFFAAAAB000
mem[X,0x00000000800021AC] -> 0x0513
mem[X,0x00000000800021AE] -> 0xAAA5
[2160] [M]: 0x00000000800021AC (0xAAA50513) addi a0, a0, -0x556
x10 <- 0xFFFFFFFFAAAAAAAA
mem[X,0x00000000800021B0] -> 0x1513
mem[X,0x00000000800021B2] -> 0x00B5
[2161] [M]: 0x00000000800021B0 (0x00B51513) slli a0, a0, 0xb
x10 <- 0xFFFFFD5555555000
mem[X,0x00000000800021B4] -> 0x0513
mem[X,0x00000000800021B6] -> 0x5555
[2162] [M]: 0x00000000800021B4 (0x55550513) addi a0, a0, 0x555
x10 <- 0xFFFFFD5555555555
mem[X,0x00000000800021B8] -> 0x1513
mem[X,0x00000000800021BA] -> 0x00B5
[2163] [M]: 0x00000000800021B8 (0x00B51513) slli a0, a0, 0xb
x10 <- 0xFFEAAAAAAAAAA800
mem[X,0x00000000800021BC] -> 0x0513
mem[X,0x00000000800021BE] -> 0x2AA5
[2164] [M]: 0x00000000800021BC (0x2AA50513) addi a0, a0, 0x2aa
x10 <- 0xFFEAAAAAAAAAAAAA
mem[X,0x00000000800021C0] -> 0x1513
mem[X,0x00000000800021C2] -> 0x00A5
[2165] [M]: 0x00000000800021C0 (0x00A51513) slli a0, a0, 0xa
x10 <- 0xAAAAAAAAAAAAA800
mem[X,0x00000000800021C4] -> 0x0513
mem[X,0x00000000800021C6] -> 0x2AA5
[2166] [M]: 0x00000000800021C4 (0x2AA50513) addi a0, a0, 0x2aa
x10 <- 0xAAAAAAAAAAAAAAAA
mem[X,0x00000000800021C8] -> 0x0593
mem[X,0x00000000800021CA] -> 0x0020
[2167] [M]: 0x00000000800021C8 (0x00200593) addi a1, zero, 0x2
x11 <- 0x0000000000000002
mem[X,0x00000000800021CC] -> 0x063B
mem[X,0x00000000800021CE] -> 0x40B5
[2168] [M]: 0x00000000800021CC (0x40B5063B) subw a2, a0, a1
x12 <- 0xFFFFFFFFAAAAAAA8
mem[X,0x00000000800021D0] -> 0xBC23
mem[X,0x00000000800021D2] -> 0x70C2
[2169] [M]: 0x00000000800021D0 (0x70C2BC23) sd a2, 0x718(t0)
mem[0x000000008000B8C0] <- 0xFFFFFFFFAAAAAAA8
mem[X,0x00000000800021D4] -> 0xB537
mem[X,0x00000000800021D6] -> 0xAAAA
[2170] [M]: 0x00000000800021D4 (0xAAAAB537) lui a0, -0x55555
x10 <- 0xFFFFFFFFAAAAB000
mem[X,0x00000000800021D8] -> 0x0513
mem[X,0x00000000800021DA] -> 0xAAA5
[2171] [M]: 0x00000000800021D8 (0xAAA50513) addi a0, a0, -0x556
x10 <- 0xFFFFFFFFAAAAAAAA
mem[X,0x00000000800021DC] -> 0x1513
mem[X,0x00000000800021DE] -> 0x00B5
[2172] [M]: 0x00000000800021DC (0x00B51513) slli a0, a0, 0xb
x10 <- 0xFFFFFD5555555000
mem[X,0x00000000800021E0] -> 0x0513
mem[X,0x00000000800021E2] -> 0x5555
[2173] [M]: 0x00000000800021E0 (0x55550513) addi a0, a0, 0x555
x10 <- 0xFFFFFD5555555555
mem[X,0x00000000800021E4] -> 0x1513
mem[X,0x00000000800021E6] -> 0x00B5
[2174] [M]: 0x00000000800021E4 (0x00B51513) slli a0, a0, 0xb
x10 <- 0xFFEAAAAAAAAAA800
mem[X,0x00000000800021E8] -> 0x0513
mem[X,0x00000000800021EA] -> 0x2AA5
[2175] [M]: 0x00000000800021E8 (0x2AA50513) addi a0, a0, 0x2aa
x10 <- 0xFFEAAAAAAAAAAAAA
mem[X,0x00000000800021EC] -> 0x1513
mem[X,0x00000000800021EE] -> 0x00A5
[2176] [M]: 0x00000000800021EC (0x00A51513) slli a0, a0, 0xa
x10 <- 0xAAAAAAAAAAAAA800
mem[X,0x00000000800021F0] -> 0x0513
mem[X,0x00000000800021F2] -> 0x2AA5
[2177] [M]: 0x00000000800021F0 (0x2AA50513) addi a0, a0, 0x2aa
x10 <- 0xAAAAAAAAAAAAAAAA
mem[X,0x00000000800021F4] -> 0x55B7
mem[X,0x00000000800021F6] -> 0x5555
[2178] [M]: 0x00000000800021F4 (0x555555B7) lui a1, 0x55555
x11 <- 0x0000000055555000
mem[X,0x00000000800021F8] -> 0x8593
mem[X,0x00000000800021FA] -> 0x5555
[2179] [M]: 0x00000000800021F8 (0x55558593) addi a1, a1, 0x555
x11 <- 0x0000000055555555
mem[X,0x00000000800021FC] -> 0x9593
mem[X,0x00000000800021FE] -> 0x00B5
[2180] [M]: 0x00000000800021FC (0x00B59593) slli a1, a1, 0xb
x11 <- 0x000002AAAAAAA800
mem[X,0x0000000080002200] -> 0x8593
mem[X,0x0000000080002202] -> 0x2AA5
[2181] [M]: 0x0000000080002200 (0x2AA58593) addi a1, a1, 0x2aa
x11 <- 0x000002AAAAAAAAAA
mem[X,0x0000000080002204] -> 0x9593
mem[X,0x0000000080002206] -> 0x00B5
[2182] [M]: 0x0000000080002204 (0x00B59593) slli a1, a1, 0xb
x11 <- 0x0015555555555000
mem[X,0x0000000080002208] -> 0x8593
mem[X,0x000000008000220A] -> 0x5555
[2183] [M]: 0x0000000080002208 (0x55558593) addi a1, a1, 0x555
x11 <- 0x0015555555555555
mem[X,0x000000008000220C] -> 0x9593
mem[X,0x000000008000220E] -> 0x00A5
[2184] [M]: 0x000000008000220C (0x00A59593) slli a1, a1, 0xa
x11 <- 0x5555555555555400
mem[X,0x0000000080002210] -> 0x8593
mem[X,0x0000000080002212] -> 0x1545
[2185] [M]: 0x0000000080002210 (0x15458593) addi a1, a1, 0x154
x11 <- 0x5555555555555554
mem[X,0x0000000080002214] -> 0x063B
mem[X,0x0000000080002216] -> 0x40B5
[2186] [M]: 0x0000000080002214 (0x40B5063B) subw a2, a0, a1
x12 <- 0x0000000055555556
mem[X,0x0000000080002218] -> 0xB023
mem[X,0x000000008000221A] -> 0x72C2
[2187] [M]: 0x0000000080002218 (0x72C2B023) sd a2, 0x720(t0)
mem[0x000000008000B8C8] <- 0x0000000055555556
mem[X,0x000000008000221C] -> 0xB537
mem[X,0x000000008000221E] -> 0xAAAA
[2188] [M]: 0x000000008000221C (0xAAAAB537) lui a0, -0x55555
x10 <- 0xFFFFFFFFAAAAB000
mem[X,0x0000000080002220] -> 0x0513
mem[X,0x0000000080002222] -> 0xAAA5
[2189] [M]: 0x0000000080002220 (0xAAA50513) addi a0, a0, -0x556
x10 <- 0xFFFFFFFFAAAAAAAA
mem[X,0x0000000080002224] -> 0x1513
mem[X,0x0000000080002226] -> 0x00B5
[2190] [M]: 0x0000000080002224 (0x00B51513) slli a0, a0, 0xb
x10 <- 0xFFFFFD5555555000
mem[X,0x0000000080002228] -> 0x0513
mem[X,0x000000008000222A] -> 0x5555
[2191] [M]: 0x0000000080002228 (0x55550513) addi a0, a0, 0x555
x10 <- 0xFFFFFD5555555555
mem[X,0x000000008000222C] -> 0x1513
mem[X,0x000000008000222E] -> 0x00B5
[2192] [M]: 0x000000008000222C (0x00B51513) slli a0, a0, 0xb
x10 <- 0xFFEAAAAAAAAAA800
mem[X,0x0000000080002230] -> 0x0513
mem[X,0x0000000080002232] -> 0x2AA5
[2193] [M]: 0x0000000080002230 (0x2AA50513) addi a0, a0, 0x2aa
x10 <- 0xFFEAAAAAAAAAAAAA
mem[X,0x0000000080002234] -> 0x1513
mem[X,0x0000000080002236] -> 0x00A5
[2194] [M]: 0x0000000080002234 (0x00A51513) slli a0, a0, 0xa
x10 <- 0xAAAAAAAAAAAAA800
mem[X,0x0000000080002238] -> 0x0513
mem[X,0x000000008000223A] -> 0x2AA5
[2195] [M]: 0x0000000080002238 (0x2AA50513) addi a0, a0, 0x2aa
x10 <- 0xAAAAAAAAAAAAAAAA
mem[X,0x000000008000223C] -> 0x0593
mem[X,0x000000008000223E] -> 0x0040
[2196] [M]: 0x000000008000223C (0x00400593) addi a1, zero, 0x4
x11 <- 0x0000000000000004
mem[X,0x0000000080002240] -> 0x063B
mem[X,0x0000000080002242] -> 0x40B5
[2197] [M]: 0x0000000080002240 (0x40B5063B) subw a2, a0, a1
x12 <- 0xFFFFFFFFAAAAAAA6
mem[X,0x0000000080002244] -> 0xB423
mem[X,0x0000000080002246] -> 0x72C2
[2198] [M]: 0x0000000080002244 (0x72C2B423) sd a2, 0x728(t0)
mem[0x000000008000B8D0] <- 0xFFFFFFFFAAAAAAA6
mem[X,0x0000000080002248] -> 0xB537
mem[X,0x000000008000224A] -> 0xAAAA
[2199] [M]: 0x0000000080002248 (0xAAAAB537) lui a0, -0x55555
x10 <- 0xFFFFFFFFAAAAB000
clint::tick mtime <- 0x0000000000000016
 clint timer pending at mtime 0x0000000000000016
htif::tick 0x0000000000000000
mem[X,0x000000008000224C] -> 0x0513
mem[X,0x000000008000224E] -> 0xAAA5
[2200] [M]: 0x000000008000224C (0xAAA50513) addi a0, a0, -0x556
x10 <- 0xFFFFFFFFAAAAAAAA
mem[X,0x0000000080002250] -> 0x1513
mem[X,0x0000000080002252] -> 0x00B5
[2201] [M]: 0x0000000080002250 (0x00B51513) slli a0, a0, 0xb
x10 <- 0xFFFFFD5555555000
mem[X,0x0000000080002254] -> 0x0513
mem[X,0x0000000080002256] -> 0x5555
[2202] [M]: 0x0000000080002254 (0x55550513) addi a0, a0, 0x555
x10 <- 0xFFFFFD5555555555
mem[X,0x0000000080002258] -> 0x1513
mem[X,0x000000008000225A] -> 0x00B5
[2203] [M]: 0x0000000080002258 (0x00B51513) slli a0, a0, 0xb
x10 <- 0xFFEAAAAAAAAAA800
mem[X,0x000000008000225C] -> 0x0513
mem[X,0x000000008000225E] -> 0x2AA5
[2204] [M]: 0x000000008000225C (0x2AA50513) addi a0, a0, 0x2aa
x10 <- 0xFFEAAAAAAAAAAAAA
mem[X,0x0000000080002260] -> 0x1513
mem[X,0x0000000080002262] -> 0x00A5
[2205] [M]: 0x0000000080002260 (0x00A51513) slli a0, a0, 0xa
x10 <- 0xAAAAAAAAAAAAA800
mem[X,0x0000000080002264] -> 0x0513
mem[X,0x0000000080002266] -> 0x2AA5
[2206] [M]: 0x0000000080002264 (0x2AA50513) addi a0, a0, 0x2aa
x10 <- 0xAAAAAAAAAAAAAAAA
mem[X,0x0000000080002268] -> 0x35B7
mem[X,0x000000008000226A] -> 0x3333
[2207] [M]: 0x0000000080002268 (0x333335B7) lui a1, 0x33333
x11 <- 0x0000000033333000
mem[X,0x000000008000226C] -> 0x8593
mem[X,0x000000008000226E] -> 0x3335
[2208] [M]: 0x000000008000226C (0x33358593) addi a1, a1, 0x333
x11 <- 0x0000000033333333
mem[X,0x0000000080002270] -> 0x9593
mem[X,0x0000000080002272] -> 0x00B5
[2209] [M]: 0x0000000080002270 (0x00B59593) slli a1, a1, 0xb
x11 <- 0x0000019999999800
mem[X,0x0000000080002274] -> 0x8593
mem[X,0x0000000080002276] -> 0x1995
[2210] [M]: 0x0000000080002274 (0x19958593) addi a1, a1, 0x199
x11 <- 0x0000019999999999
mem[X,0x0000000080002278] -> 0x9593
mem[X,0x000000008000227A] -> 0x00B5
[2211] [M]: 0x0000000080002278 (0x00B59593) slli a1, a1, 0xb
x11 <- 0x000CCCCCCCCCC800
mem[X,0x000000008000227C] -> 0x8593
mem[X,0x000000008000227E] -> 0x4CC5
[2212] [M]: 0x000000008000227C (0x4CC58593) addi a1, a1, 0x4cc
x11 <- 0x000CCCCCCCCCCCCC
mem[X,0x0000000080002280] -> 0x9593
mem[X,0x0000000080002282] -> 0x00A5
[2213] [M]: 0x0000000080002280 (0x00A59593) slli a1, a1, 0xa
x11 <- 0x3333333333333000
mem[X,0x0000000080002284] -> 0x8593
mem[X,0x0000000080002286] -> 0x3325
[2214] [M]: 0x0000000080002284 (0x33258593) addi a1, a1, 0x332
x11 <- 0x3333333333333332
mem[X,0x0000000080002288] -> 0x063B
mem[X,0x000000008000228A] -> 0x40B5
[2215] [M]: 0x0000000080002288 (0x40B5063B) subw a2, a0, a1
x12 <- 0x0000000077777778
mem[X,0x000000008000228C] -> 0xB823
mem[X,0x000000008000228E] -> 0x72C2
[2216] [M]: 0x000000008000228C (0x72C2B823) sd a2, 0x730(t0)
mem[0x000000008000B8D8] <- 0x0000000077777778
mem[X,0x0000000080002290] -> 0xB537
mem[X,0x0000000080002292] -> 0xAAAA
[2217] [M]: 0x0000000080002290 (0xAAAAB537) lui a0, -0x55555
x10 <- 0xFFFFFFFFAAAAB000
mem[X,0x0000000080002294] -> 0x0513
mem[X,0x0000000080002296] -> 0xAAA5
[2218] [M]: 0x0000000080002294 (0xAAA50513) addi a0, a0, -0x556
x10 <- 0xFFFFFFFFAAAAAAAA
mem[X,0x0000000080002298] -> 0x1513
mem[X,0x000000008000229A] -> 0x00B5
[2219] [M]: 0x0000000080002298 (0x00B51513) slli a0, a0, 0xb
x10 <- 0xFFFFFD5555555000
mem[X,0x000000008000229C] -> 0x0513
mem[X,0x000000008000229E] -> 0x5555
[2220] [M]: 0x000000008000229C (0x55550513) addi a0, a0, 0x555
x10 <- 0xFFFFFD5555555555
mem[X,0x00000000800022A0] -> 0x1513
mem[X,0x00000000800022A2] -> 0x00B5
[2221] [M]: 0x00000000800022A0 (0x00B51513) slli a0, a0, 0xb
x10 <- 0xFFEAAAAAAAAAA800
mem[X,0x00000000800022A4] -> 0x0513
mem[X,0x00000000800022A6] -> 0x2AA5
[2222] [M]: 0x00000000800022A4 (0x2AA50513) addi a0, a0, 0x2aa
x10 <- 0xFFEAAAAAAAAAAAAA
mem[X,0x00000000800022A8] -> 0x1513
mem[X,0x00000000800022AA] -> 0x00A5
[2223] [M]: 0x00000000800022A8 (0x00A51513) slli a0, a0, 0xa
x10 <- 0xAAAAAAAAAAAAA800
mem[X,0x00000000800022AC] -> 0x0513
mem[X,0x00000000800022AE] -> 0x2AA5
[2224] [M]: 0x00000000800022AC (0x2AA50513) addi a0, a0, 0x2aa
x10 <- 0xAAAAAAAAAAAAAAAA
mem[X,0x00000000800022B0] -> 0x65B7
mem[X,0x00000000800022B2] -> 0x6666
[2225] [M]: 0x00000000800022B0 (0x666665B7) lui a1, 0x66666
x11 <- 0x0000000066666000
mem[X,0x00000000800022B4] -> 0x8593
mem[X,0x00000000800022B6] -> 0x6665
[2226] [M]: 0x00000000800022B4 (0x66658593) addi a1, a1, 0x666
x11 <- 0x0000000066666666
mem[X,0x00000000800022B8] -> 0x9593
mem[X,0x00000000800022BA] -> 0x00B5
[2227] [M]: 0x00000000800022B8 (0x00B59593) slli a1, a1, 0xb
x11 <- 0x0000033333333000
mem[X,0x00000000800022BC] -> 0x8593
mem[X,0x00000000800022BE] -> 0x3335
[2228] [M]: 0x00000000800022BC (0x33358593) addi a1, a1, 0x333
x11 <- 0x0000033333333333
mem[X,0x00000000800022C0] -> 0x9593
mem[X,0x00000000800022C2] -> 0x00B5
[2229] [M]: 0x00000000800022C0 (0x00B59593) slli a1, a1, 0xb
x11 <- 0x0019999999999800
mem[X,0x00000000800022C4] -> 0x8593
mem[X,0x00000000800022C6] -> 0x1995
[2230] [M]: 0x00000000800022C4 (0x19958593) addi a1, a1, 0x199
x11 <- 0x0019999999999999
mem[X,0x00000000800022C8] -> 0x9593
mem[X,0x00000000800022CA] -> 0x00A5
[2231] [M]: 0x00000000800022C8 (0x00A59593) slli a1, a1, 0xa
x11 <- 0x6666666666666400
mem[X,0x00000000800022CC] -> 0x8593
mem[X,0x00000000800022CE] -> 0x2655
[2232] [M]: 0x00000000800022CC (0x26558593) addi a1, a1, 0x265
x11 <- 0x6666666666666665
mem[X,0x00000000800022D0] -> 0x063B
mem[X,0x00000000800022D2] -> 0x40B5
[2233] [M]: 0x00000000800022D0 (0x40B5063B) subw a2, a0, a1
x12 <- 0x0000000044444445
mem[X,0x00000000800022D4] -> 0xBC23
mem[X,0x00000000800022D6] -> 0x72C2
[2234] [M]: 0x00000000800022D4 (0x72C2BC23) sd a2, 0x738(t0)
mem[0x000000008000B8E0] <- 0x0000000044444445
mem[X,0x00000000800022D8] -> 0xB537
mem[X,0x00000000800022DA] -> 0xAAAA
[2235] [M]: 0x00000000800022D8 (0xAAAAB537) lui a0, -0x55555
x10 <- 0xFFFFFFFFAAAAB000
mem[X,0x00000000800022DC] -> 0x0513
mem[X,0x00000000800022DE] -> 0xAAA5
[2236] [M]: 0x00000000800022DC (0xAAA50513) addi a0, a0, -0x556
x10 <- 0xFFFFFFFFAAAAAAAA
mem[X,0x00000000800022E0] -> 0x1513
mem[X,0x00000000800022E2] -> 0x00B5
[2237] [M]: 0x00000000800022E0 (0x00B51513) slli a0, a0, 0xb
x10 <- 0xFFFFFD5555555000
mem[X,0x00000000800022E4] -> 0x0513
mem[X,0x00000000800022E6] -> 0x5555
[2238] [M]: 0x00000000800022E4 (0x55550513) addi a0, a0, 0x555
x10 <- 0xFFFFFD5555555555
mem[X,0x00000000800022E8] -> 0x1513
mem[X,0x00000000800022EA] -> 0x00B5
[2239] [M]: 0x00000000800022E8 (0x00B51513) slli a0, a0, 0xb
x10 <- 0xFFEAAAAAAAAAA800
mem[X,0x00000000800022EC] -> 0x0513
mem[X,0x00000000800022EE] -> 0x2AA5
[2240] [M]: 0x00000000800022EC (0x2AA50513) addi a0, a0, 0x2aa
x10 <- 0xFFEAAAAAAAAAAAAA
mem[X,0x00000000800022F0] -> 0x1513
mem[X,0x00000000800022F2] -> 0x00A5
[2241] [M]: 0x00000000800022F0 (0x00A51513) slli a0, a0, 0xa
x10 <- 0xAAAAAAAAAAAAA800
mem[X,0x00000000800022F4] -> 0x0513
mem[X,0x00000000800022F6] -> 0x2AA5
[2242] [M]: 0x00000000800022F4 (0x2AA50513) addi a0, a0, 0x2aa
x10 <- 0xAAAAAAAAAAAAAAAA
mem[X,0x00000000800022F8] -> 0x05B7
mem[X,0x00000000800022FA] -> 0x0000
[2243] [M]: 0x00000000800022F8 (0x000005B7) lui a1, 0x0
x11 <- 0x0000000000000000
mem[X,0x00000000800022FC] -> 0x8593
mem[X,0x00000000800022FE] -> 0x0005
[2244] [M]: 0x00000000800022FC (0x00058593) addi a1, a1, 0x0
x11 <- 0x0000000000000000
mem[X,0x0000000080002300] -> 0x9593
mem[X,0x0000000080002302] -> 0x00B5
[2245] [M]: 0x0000000080002300 (0x00B59593) slli a1, a1, 0xb
x11 <- 0x0000000000000000
mem[X,0x0000000080002304] -> 0x8593
mem[X,0x0000000080002306] -> 0x5A85
[2246] [M]: 0x0000000080002304 (0x5A858593) addi a1, a1, 0x5a8
x11 <- 0x00000000000005A8
mem[X,0x0000000080002308] -> 0x9593
mem[X,0x000000008000230A] -> 0x00B5
[2247] [M]: 0x0000000080002308 (0x00B59593) slli a1, a1, 0xb
x11 <- 0x00000000002D4000
mem[X,0x000000008000230C] -> 0x8593
mem[X,0x000000008000230E] -> 0x13C5
[2248] [M]: 0x000000008000230C (0x13C58593) addi a1, a1, 0x13c
x11 <- 0x00000000002D413C
mem[X,0x0000000080002310] -> 0x9593
mem[X,0x0000000080002312] -> 0x00A5
[2249] [M]: 0x0000000080002310 (0x00A59593) slli a1, a1, 0xa
x11 <- 0x00000000B504F000
mem[X,0x0000000080002314] -> 0x8593
mem[X,0x0000000080002316] -> 0x3325
[2250] [M]: 0x0000000080002314 (0x33258593) addi a1, a1, 0x332
x11 <- 0x00000000B504F332
mem[X,0x0000000080002318] -> 0x063B
mem[X,0x000000008000231A] -> 0x40B5
[2251] [M]: 0x0000000080002318 (0x40B5063B) subw a2, a0, a1
x12 <- 0xFFFFFFFFF5A5B778
mem[X,0x000000008000231C] -> 0xB023
mem[X,0x000000008000231E] -> 0x74C2
[2252] [M]: 0x000000008000231C (0x74C2B023) sd a2, 0x740(t0)
mem[0x000000008000B8E8] <- 0xFFFFFFFFF5A5B778
mem[X,0x0000000080002320] -> 0xB537
mem[X,0x0000000080002322] -> 0xAAAA
[2253] [M]: 0x0000000080002320 (0xAAAAB537) lui a0, -0x55555
x10 <- 0xFFFFFFFFAAAAB000
mem[X,0x0000000080002324] -> 0x0513
mem[X,0x0000000080002326] -> 0xAAA5
[2254] [M]: 0x0000000080002324 (0xAAA50513) addi a0, a0, -0x556
x10 <- 0xFFFFFFFFAAAAAAAA
mem[X,0x0000000080002328] -> 0x1513
mem[X,0x000000008000232A] -> 0x00B5
[2255] [M]: 0x0000000080002328 (0x00B51513) slli a0, a0, 0xb
x10 <- 0xFFFFFD5555555000
mem[X,0x000000008000232C] -> 0x0513
mem[X,0x000000008000232E] -> 0x5555
[2256] [M]: 0x000000008000232C (0x55550513) addi a0, a0, 0x555
x10 <- 0xFFFFFD5555555555
mem[X,0x0000000080002330] -> 0x1513
mem[X,0x0000000080002332] -> 0x00B5
[2257] [M]: 0x0000000080002330 (0x00B51513) slli a0, a0, 0xb
x10 <- 0xFFEAAAAAAAAAA800
mem[X,0x0000000080002334] -> 0x0513
mem[X,0x0000000080002336] -> 0x2AA5
[2258] [M]: 0x0000000080002334 (0x2AA50513) addi a0, a0, 0x2aa
x10 <- 0xFFEAAAAAAAAAAAAA
mem[X,0x0000000080002338] -> 0x1513
mem[X,0x000000008000233A] -> 0x00A5
[2259] [M]: 0x0000000080002338 (0x00A51513) slli a0, a0, 0xa
x10 <- 0xAAAAAAAAAAAAA800
mem[X,0x000000008000233C] -> 0x0513
mem[X,0x000000008000233E] -> 0x2AA5
[2260] [M]: 0x000000008000233C (0x2AA50513) addi a0, a0, 0x2aa
x10 <- 0xAAAAAAAAAAAAAAAA
mem[X,0x0000000080002340] -> 0x55B7
mem[X,0x0000000080002342] -> 0x5555
[2261] [M]: 0x0000000080002340 (0x555555B7) lui a1, 0x55555
x11 <- 0x0000000055555000
mem[X,0x0000000080002344] -> 0x8593
mem[X,0x0000000080002346] -> 0x5555
[2262] [M]: 0x0000000080002344 (0x55558593) addi a1, a1, 0x555
x11 <- 0x0000000055555555
mem[X,0x0000000080002348] -> 0x9593
mem[X,0x000000008000234A] -> 0x00B5
[2263] [M]: 0x0000000080002348 (0x00B59593) slli a1, a1, 0xb
x11 <- 0x000002AAAAAAA800
mem[X,0x000000008000234C] -> 0x8593
mem[X,0x000000008000234E] -> 0x2AA5
[2264] [M]: 0x000000008000234C (0x2AA58593) addi a1, a1, 0x2aa
x11 <- 0x000002AAAAAAAAAA
mem[X,0x0000000080002350] -> 0x9593
mem[X,0x0000000080002352] -> 0x00B5
[2265] [M]: 0x0000000080002350 (0x00B59593) slli a1, a1, 0xb
x11 <- 0x0015555555555000
mem[X,0x0000000080002354] -> 0x8593
mem[X,0x0000000080002356] -> 0x5555
[2266] [M]: 0x0000000080002354 (0x55558593) addi a1, a1, 0x555
x11 <- 0x0015555555555555
mem[X,0x0000000080002358] -> 0x9593
mem[X,0x000000008000235A] -> 0x00A5
[2267] [M]: 0x0000000080002358 (0x00A59593) slli a1, a1, 0xa
x11 <- 0x5555555555555400
mem[X,0x000000008000235C] -> 0x8593
mem[X,0x000000008000235E] -> 0x1565
[2268] [M]: 0x000000008000235C (0x15658593) addi a1, a1, 0x156
x11 <- 0x5555555555555556
mem[X,0x0000000080002360] -> 0x063B
mem[X,0x0000000080002362] -> 0x40B5
[2269] [M]: 0x0000000080002360 (0x40B5063B) subw a2, a0, a1
x12 <- 0x0000000055555554
mem[X,0x0000000080002364] -> 0xB423
mem[X,0x0000000080002366] -> 0x74C2
[2270] [M]: 0x0000000080002364 (0x74C2B423) sd a2, 0x748(t0)
mem[0x000000008000B8F0] <- 0x0000000055555554
mem[X,0x0000000080002368] -> 0xB537
mem[X,0x000000008000236A] -> 0xAAAA
[2271] [M]: 0x0000000080002368 (0xAAAAB537) lui a0, -0x55555
x10 <- 0xFFFFFFFFAAAAB000
mem[X,0x000000008000236C] -> 0x0513
mem[X,0x000000008000236E] -> 0xAAA5
[2272] [M]: 0x000000008000236C (0xAAA50513) addi a0, a0, -0x556
x10 <- 0xFFFFFFFFAAAAAAAA
mem[X,0x0000000080002370] -> 0x1513
mem[X,0x0000000080002372] -> 0x00B5
[2273] [M]: 0x0000000080002370 (0x00B51513) slli a0, a0, 0xb
x10 <- 0xFFFFFD5555555000
mem[X,0x0000000080002374] -> 0x0513
mem[X,0x0000000080002376] -> 0x5555
[2274] [M]: 0x0000000080002374 (0x55550513) addi a0, a0, 0x555
x10 <- 0xFFFFFD5555555555
mem[X,0x0000000080002378] -> 0x1513
mem[X,0x000000008000237A] -> 0x00B5
[2275] [M]: 0x0000000080002378 (0x00B51513) slli a0, a0, 0xb
x10 <- 0xFFEAAAAAAAAAA800
mem[X,0x000000008000237C] -> 0x0513
mem[X,0x000000008000237E] -> 0x2AA5
[2276] [M]: 0x000000008000237C (0x2AA50513) addi a0, a0, 0x2aa
x10 <- 0xFFEAAAAAAAAAAAAA
mem[X,0x0000000080002380] -> 0x1513
mem[X,0x0000000080002382] -> 0x00A5
[2277] [M]: 0x0000000080002380 (0x00A51513) slli a0, a0, 0xa
x10 <- 0xAAAAAAAAAAAAA800
mem[X,0x0000000080002384] -> 0x0513
mem[X,0x0000000080002386] -> 0x2AA5
[2278] [M]: 0x0000000080002384 (0x2AA50513) addi a0, a0, 0x2aa
x10 <- 0xAAAAAAAAAAAAAAAA
mem[X,0x0000000080002388] -> 0xB5B7
mem[X,0x000000008000238A] -> 0xAAAA
[2279] [M]: 0x0000000080002388 (0xAAAAB5B7) lui a1, -0x55555
x11 <- 0xFFFFFFFFAAAAB000
mem[X,0x000000008000238C] -> 0x8593
mem[X,0x000000008000238E] -> 0xAAA5
[2280] [M]: 0x000000008000238C (0xAAA58593) addi a1, a1, -0x556
x11 <- 0xFFFFFFFFAAAAAAAA
mem[X,0x0000000080002390] -> 0x9593
mem[X,0x0000000080002392] -> 0x00B5
[2281] [M]: 0x0000000080002390 (0x00B59593) slli a1, a1, 0xb
x11 <- 0xFFFFFD5555555000
mem[X,0x0000000080002394] -> 0x8593
mem[X,0x0000000080002396] -> 0x5555
[2282] [M]: 0x0000000080002394 (0x55558593) addi a1, a1, 0x555
x11 <- 0xFFFFFD5555555555
mem[X,0x0000000080002398] -> 0x9593
mem[X,0x000000008000239A] -> 0x00B5
[2283] [M]: 0x0000000080002398 (0x00B59593) slli a1, a1, 0xb
x11 <- 0xFFEAAAAAAAAAA800
mem[X,0x000000008000239C] -> 0x8593
mem[X,0x000000008000239E] -> 0x2AA5
[2284] [M]: 0x000000008000239C (0x2AA58593) addi a1, a1, 0x2aa
x11 <- 0xFFEAAAAAAAAAAAAA
mem[X,0x00000000800023A0] -> 0x9593
mem[X,0x00000000800023A2] -> 0x00A5
[2285] [M]: 0x00000000800023A0 (0x00A59593) slli a1, a1, 0xa
x11 <- 0xAAAAAAAAAAAAA800
mem[X,0x00000000800023A4] -> 0x8593
mem[X,0x00000000800023A6] -> 0x2AB5
[2286] [M]: 0x00000000800023A4 (0x2AB58593) addi a1, a1, 0x2ab
x11 <- 0xAAAAAAAAAAAAAAAB
mem[X,0x00000000800023A8] -> 0x063B
mem[X,0x00000000800023AA] -> 0x40B5
[2287] [M]: 0x00000000800023A8 (0x40B5063B) subw a2, a0, a1
x12 <- 0xFFFFFFFFFFFFFFFF
mem[X,0x00000000800023AC] -> 0xB823
mem[X,0x00000000800023AE] -> 0x74C2
[2288] [M]: 0x00000000800023AC (0x74C2B823) sd a2, 0x750(t0)
mem[0x000000008000B8F8] <- 0xFFFFFFFFFFFFFFFF
mem[X,0x00000000800023B0] -> 0xB537
mem[X,0x00000000800023B2] -> 0xAAAA
[2289] [M]: 0x00000000800023B0 (0xAAAAB537) lui a0, -0x55555
x10 <- 0xFFFFFFFFAAAAB000
mem[X,0x00000000800023B4] -> 0x0513
mem[X,0x00000000800023B6] -> 0xAAA5
[2290] [M]: 0x00000000800023B4 (0xAAA50513) addi a0, a0, -0x556
x10 <- 0xFFFFFFFFAAAAAAAA
mem[X,0x00000000800023B8] -> 0x1513
mem[X,0x00000000800023BA] -> 0x00B5
[2291] [M]: 0x00000000800023B8 (0x00B51513) slli a0, a0, 0xb
x10 <- 0xFFFFFD5555555000
mem[X,0x00000000800023BC] -> 0x0513
mem[X,0x00000000800023BE] -> 0x5555
[2292] [M]: 0x00000000800023BC (0x55550513) addi a0, a0, 0x555
x10 <- 0xFFFFFD5555555555
mem[X,0x00000000800023C0] -> 0x1513
mem[X,0x00000000800023C2] -> 0x00B5
[2293] [M]: 0x00000000800023C0 (0x00B51513) slli a0, a0, 0xb
x10 <- 0xFFEAAAAAAAAAA800
mem[X,0x00000000800023C4] -> 0x0513
mem[X,0x00000000800023C6] -> 0x2AA5
[2294] [M]: 0x00000000800023C4 (0x2AA50513) addi a0, a0, 0x2aa
x10 <- 0xFFEAAAAAAAAAAAAA
mem[X,0x00000000800023C8] -> 0x1513
mem[X,0x00000000800023CA] -> 0x00A5
[2295] [M]: 0x00000000800023C8 (0x00A51513) slli a0, a0, 0xa
x10 <- 0xAAAAAAAAAAAAA800
mem[X,0x00000000800023CC] -> 0x0513
mem[X,0x00000000800023CE] -> 0x2AA5
[2296] [M]: 0x00000000800023CC (0x2AA50513) addi a0, a0, 0x2aa
x10 <- 0xAAAAAAAAAAAAAAAA
mem[X,0x00000000800023D0] -> 0x0593
mem[X,0x00000000800023D2] -> 0x0060
[2297] [M]: 0x00000000800023D0 (0x00600593) addi a1, zero, 0x6
x11 <- 0x0000000000000006
mem[X,0x00000000800023D4] -> 0x063B
mem[X,0x00000000800023D6] -> 0x40B5
[2298] [M]: 0x00000000800023D4 (0x40B5063B) subw a2, a0, a1
x12 <- 0xFFFFFFFFAAAAAAA4
mem[X,0x00000000800023D8] -> 0xBC23
mem[X,0x00000000800023DA] -> 0x74C2
[2299] [M]: 0x00000000800023D8 (0x74C2BC23) sd a2, 0x758(t0)
mem[0x000000008000B900] <- 0xFFFFFFFFAAAAAAA4
clint::tick mtime <- 0x0000000000000017
 clint timer pending at mtime 0x0000000000000017
htif::tick 0x0000000000000000
mem[X,0x00000000800023DC] -> 0xB537
mem[X,0x00000000800023DE] -> 0xAAAA
[2300] [M]: 0x00000000800023DC (0xAAAAB537) lui a0, -0x55555
x10 <- 0xFFFFFFFFAAAAB000
mem[X,0x00000000800023E0] -> 0x0513
mem[X,0x00000000800023E2] -> 0xAAA5
[2301] [M]: 0x00000000800023E0 (0xAAA50513) addi a0, a0, -0x556
x10 <- 0xFFFFFFFFAAAAAAAA
mem[X,0x00000000800023E4] -> 0x1513
mem[X,0x00000000800023E6] -> 0x00B5
[2302] [M]: 0x00000000800023E4 (0x00B51513) slli a0, a0, 0xb
x10 <- 0xFFFFFD5555555000
mem[X,0x00000000800023E8] -> 0x0513
mem[X,0x00000000800023EA] -> 0x5555
[2303] [M]: 0x00000000800023E8 (0x55550513) addi a0, a0, 0x555
x10 <- 0xFFFFFD5555555555
mem[X,0x00000000800023EC] -> 0x1513
mem[X,0x00000000800023EE] -> 0x00B5
[2304] [M]: 0x00000000800023EC (0x00B51513) slli a0, a0, 0xb
x10 <- 0xFFEAAAAAAAAAA800
mem[X,0x00000000800023F0] -> 0x0513
mem[X,0x00000000800023F2] -> 0x2AA5
[2305] [M]: 0x00000000800023F0 (0x2AA50513) addi a0, a0, 0x2aa
x10 <- 0xFFEAAAAAAAAAAAAA
mem[X,0x00000000800023F4] -> 0x1513
mem[X,0x00000000800023F6] -> 0x00A5
[2306] [M]: 0x00000000800023F4 (0x00A51513) slli a0, a0, 0xa
x10 <- 0xAAAAAAAAAAAAA800
mem[X,0x00000000800023F8] -> 0x0513
mem[X,0x00000000800023FA] -> 0x2AA5
[2307] [M]: 0x00000000800023F8 (0x2AA50513) addi a0, a0, 0x2aa
x10 <- 0xAAAAAAAAAAAAAAAA
mem[X,0x00000000800023FC] -> 0x35B7
mem[X,0x00000000800023FE] -> 0x3333
[2308] [M]: 0x00000000800023FC (0x333335B7) lui a1, 0x33333
x11 <- 0x0000000033333000
mem[X,0x0000000080002400] -> 0x8593
mem[X,0x0000000080002402] -> 0x3335
[2309] [M]: 0x0000000080002400 (0x33358593) addi a1, a1, 0x333
x11 <- 0x0000000033333333
mem[X,0x0000000080002404] -> 0x9593
mem[X,0x0000000080002406] -> 0x00B5
[2310] [M]: 0x0000000080002404 (0x00B59593) slli a1, a1, 0xb
x11 <- 0x0000019999999800
mem[X,0x0000000080002408] -> 0x8593
mem[X,0x000000008000240A] -> 0x1995
[2311] [M]: 0x0000000080002408 (0x19958593) addi a1, a1, 0x199
x11 <- 0x0000019999999999
mem[X,0x000000008000240C] -> 0x9593
mem[X,0x000000008000240E] -> 0x00B5
[2312] [M]: 0x000000008000240C (0x00B59593) slli a1, a1, 0xb
x11 <- 0x000CCCCCCCCCC800
mem[X,0x0000000080002410] -> 0x8593
mem[X,0x0000000080002412] -> 0x4CC5
[2313] [M]: 0x0000000080002410 (0x4CC58593) addi a1, a1, 0x4cc
x11 <- 0x000CCCCCCCCCCCCC
mem[X,0x0000000080002414] -> 0x9593
mem[X,0x0000000080002416] -> 0x00A5
[2314] [M]: 0x0000000080002414 (0x00A59593) slli a1, a1, 0xa
x11 <- 0x3333333333333000
mem[X,0x0000000080002418] -> 0x8593
mem[X,0x000000008000241A] -> 0x3345
[2315] [M]: 0x0000000080002418 (0x33458593) addi a1, a1, 0x334
x11 <- 0x3333333333333334
mem[X,0x000000008000241C] -> 0x063B
mem[X,0x000000008000241E] -> 0x40B5
[2316] [M]: 0x000000008000241C (0x40B5063B) subw a2, a0, a1
x12 <- 0x0000000077777776
mem[X,0x0000000080002420] -> 0xB023
mem[X,0x0000000080002422] -> 0x76C2
[2317] [M]: 0x0000000080002420 (0x76C2B023) sd a2, 0x760(t0)
mem[0x000000008000B908] <- 0x0000000077777776
mem[X,0x0000000080002424] -> 0xB537
mem[X,0x0000000080002426] -> 0xAAAA
[2318] [M]: 0x0000000080002424 (0xAAAAB537) lui a0, -0x55555
x10 <- 0xFFFFFFFFAAAAB000
mem[X,0x0000000080002428] -> 0x0513
mem[X,0x000000008000242A] -> 0xAAA5
[2319] [M]: 0x0000000080002428 (0xAAA50513) addi a0, a0, -0x556
x10 <- 0xFFFFFFFFAAAAAAAA
mem[X,0x000000008000242C] -> 0x1513
mem[X,0x000000008000242E] -> 0x00B5
[2320] [M]: 0x000000008000242C (0x00B51513) slli a0, a0, 0xb
x10 <- 0xFFFFFD5555555000
mem[X,0x0000000080002430] -> 0x0513
mem[X,0x0000000080002432] -> 0x5555
[2321] [M]: 0x0000000080002430 (0x55550513) addi a0, a0, 0x555
x10 <- 0xFFFFFD5555555555
mem[X,0x0000000080002434] -> 0x1513
mem[X,0x0000000080002436] -> 0x00B5
[2322] [M]: 0x0000000080002434 (0x00B51513) slli a0, a0, 0xb
x10 <- 0xFFEAAAAAAAAAA800
mem[X,0x0000000080002438] -> 0x0513
mem[X,0x000000008000243A] -> 0x2AA5
[2323] [M]: 0x0000000080002438 (0x2AA50513) addi a0, a0, 0x2aa
x10 <- 0xFFEAAAAAAAAAAAAA
mem[X,0x000000008000243C] -> 0x1513
mem[X,0x000000008000243E] -> 0x00A5
[2324] [M]: 0x000000008000243C (0x00A51513) slli a0, a0, 0xa
x10 <- 0xAAAAAAAAAAAAA800
mem[X,0x0000000080002440] -> 0x0513
mem[X,0x0000000080002442] -> 0x2AA5
[2325] [M]: 0x0000000080002440 (0x2AA50513) addi a0, a0, 0x2aa
x10 <- 0xAAAAAAAAAAAAAAAA
mem[X,0x0000000080002444] -> 0x65B7
mem[X,0x0000000080002446] -> 0x6666
[2326] [M]: 0x0000000080002444 (0x666665B7) lui a1, 0x66666
x11 <- 0x0000000066666000
mem[X,0x0000000080002448] -> 0x8593
mem[X,0x000000008000244A] -> 0x6665
[2327] [M]: 0x0000000080002448 (0x66658593) addi a1, a1, 0x666
x11 <- 0x0000000066666666
mem[X,0x000000008000244C] -> 0x9593
mem[X,0x000000008000244E] -> 0x00B5
[2328] [M]: 0x000000008000244C (0x00B59593) slli a1, a1, 0xb
x11 <- 0x0000033333333000
mem[X,0x0000000080002450] -> 0x8593
mem[X,0x0000000080002452] -> 0x3335
[2329] [M]: 0x0000000080002450 (0x33358593) addi a1, a1, 0x333
x11 <- 0x0000033333333333
mem[X,0x0000000080002454] -> 0x9593
mem[X,0x0000000080002456] -> 0x00B5
[2330] [M]: 0x0000000080002454 (0x00B59593) slli a1, a1, 0xb
x11 <- 0x0019999999999800
mem[X,0x0000000080002458] -> 0x8593
mem[X,0x000000008000245A] -> 0x1995
[2331] [M]: 0x0000000080002458 (0x19958593) addi a1, a1, 0x199
x11 <- 0x0019999999999999
mem[X,0x000000008000245C] -> 0x9593
mem[X,0x000000008000245E] -> 0x00A5
[2332] [M]: 0x000000008000245C (0x00A59593) slli a1, a1, 0xa
x11 <- 0x6666666666666400
mem[X,0x0000000080002460] -> 0x8593
mem[X,0x0000000080002462] -> 0x2675
[2333] [M]: 0x0000000080002460 (0x26758593) addi a1, a1, 0x267
x11 <- 0x6666666666666667
mem[X,0x0000000080002464] -> 0x063B
mem[X,0x0000000080002466] -> 0x40B5
[2334] [M]: 0x0000000080002464 (0x40B5063B) subw a2, a0, a1
x12 <- 0x0000000044444443
mem[X,0x0000000080002468] -> 0xB423
mem[X,0x000000008000246A] -> 0x76C2
[2335] [M]: 0x0000000080002468 (0x76C2B423) sd a2, 0x768(t0)
mem[0x000000008000B910] <- 0x0000000044444443
mem[X,0x000000008000246C] -> 0xB537
mem[X,0x000000008000246E] -> 0xAAAA
[2336] [M]: 0x000000008000246C (0xAAAAB537) lui a0, -0x55555
x10 <- 0xFFFFFFFFAAAAB000
mem[X,0x0000000080002470] -> 0x0513
mem[X,0x0000000080002472] -> 0xAAA5
[2337] [M]: 0x0000000080002470 (0xAAA50513) addi a0, a0, -0x556
x10 <- 0xFFFFFFFFAAAAAAAA
mem[X,0x0000000080002474] -> 0x1513
mem[X,0x0000000080002476] -> 0x00B5
[2338] [M]: 0x0000000080002474 (0x00B51513) slli a0, a0, 0xb
x10 <- 0xFFFFFD5555555000
mem[X,0x0000000080002478] -> 0x0513
mem[X,0x000000008000247A] -> 0x5555
[2339] [M]: 0x0000000080002478 (0x55550513) addi a0, a0, 0x555
x10 <- 0xFFFFFD5555555555
mem[X,0x000000008000247C] -> 0x1513
mem[X,0x000000008000247E] -> 0x00B5
[2340] [M]: 0x000000008000247C (0x00B51513) slli a0, a0, 0xb
x10 <- 0xFFEAAAAAAAAAA800
mem[X,0x0000000080002480] -> 0x0513
mem[X,0x0000000080002482] -> 0x2AA5
[2341] [M]: 0x0000000080002480 (0x2AA50513) addi a0, a0, 0x2aa
x10 <- 0xFFEAAAAAAAAAAAAA
mem[X,0x0000000080002484] -> 0x1513
mem[X,0x0000000080002486] -> 0x00A5
[2342] [M]: 0x0000000080002484 (0x00A51513) slli a0, a0, 0xa
x10 <- 0xAAAAAAAAAAAAA800
mem[X,0x0000000080002488] -> 0x0513
mem[X,0x000000008000248A] -> 0x2AA5
[2343] [M]: 0x0000000080002488 (0x2AA50513) addi a0, a0, 0x2aa
x10 <- 0xAAAAAAAAAAAAAAAA
mem[X,0x000000008000248C] -> 0x05B7
mem[X,0x000000008000248E] -> 0x0000
[2344] [M]: 0x000000008000248C (0x000005B7) lui a1, 0x0
x11 <- 0x0000000000000000
mem[X,0x0000000080002490] -> 0x8593
mem[X,0x0000000080002492] -> 0xFFF5
[2345] [M]: 0x0000000080002490 (0xFFF58593) addi a1, a1, -0x1
x11 <- 0xFFFFFFFFFFFFFFFF
mem[X,0x0000000080002494] -> 0x9593
mem[X,0x0000000080002496] -> 0x00B5
[2346] [M]: 0x0000000080002494 (0x00B59593) slli a1, a1, 0xb
x11 <- 0xFFFFFFFFFFFFF800
mem[X,0x0000000080002498] -> 0x8593
mem[X,0x000000008000249A] -> 0x2575
[2347] [M]: 0x0000000080002498 (0x25758593) addi a1, a1, 0x257
x11 <- 0xFFFFFFFFFFFFFA57
mem[X,0x000000008000249C] -> 0x9593
mem[X,0x000000008000249E] -> 0x00B5
[2348] [M]: 0x000000008000249C (0x00B59593) slli a1, a1, 0xb
x11 <- 0xFFFFFFFFFFD2B800
mem[X,0x00000000800024A0] -> 0x8593
mem[X,0x00000000800024A2] -> 0x6C35
[2349] [M]: 0x00000000800024A0 (0x6C358593) addi a1, a1, 0x6c3
x11 <- 0xFFFFFFFFFFD2BEC3
mem[X,0x00000000800024A4] -> 0x9593
mem[X,0x00000000800024A6] -> 0x00A5
[2350] [M]: 0x00000000800024A4 (0x00A59593) slli a1, a1, 0xa
x11 <- 0xFFFFFFFF4AFB0C00
mem[X,0x00000000800024A8] -> 0x8593
mem[X,0x00000000800024AA] -> 0x0CE5
[2351] [M]: 0x00000000800024A8 (0x0CE58593) addi a1, a1, 0xce
x11 <- 0xFFFFFFFF4AFB0CCE
mem[X,0x00000000800024AC] -> 0x063B
mem[X,0x00000000800024AE] -> 0x40B5
[2352] [M]: 0x00000000800024AC (0x40B5063B) subw a2, a0, a1
x12 <- 0x000000005FAF9DDC
mem[X,0x00000000800024B0] -> 0xB823
mem[X,0x00000000800024B2] -> 0x76C2
[2353] [M]: 0x00000000800024B0 (0x76C2B823) sd a2, 0x770(t0)
mem[0x000000008000B918] <- 0x000000005FAF9DDC
mem[X,0x00000000800024B4] -> 0xB537
mem[X,0x00000000800024B6] -> 0xAAAA
[2354] [M]: 0x00000000800024B4 (0xAAAAB537) lui a0, -0x55555
x10 <- 0xFFFFFFFFAAAAB000
mem[X,0x00000000800024B8] -> 0x0513
mem[X,0x00000000800024BA] -> 0xAAA5
[2355] [M]: 0x00000000800024B8 (0xAAA50513) addi a0, a0, -0x556
x10 <- 0xFFFFFFFFAAAAAAAA
mem[X,0x00000000800024BC] -> 0x1513
mem[X,0x00000000800024BE] -> 0x00B5
[2356] [M]: 0x00000000800024BC (0x00B51513) slli a0, a0, 0xb
x10 <- 0xFFFFFD5555555000
mem[X,0x00000000800024C0] -> 0x0513
mem[X,0x00000000800024C2] -> 0x5555
[2357] [M]: 0x00000000800024C0 (0x55550513) addi a0, a0, 0x555
x10 <- 0xFFFFFD5555555555
mem[X,0x00000000800024C4] -> 0x1513
mem[X,0x00000000800024C6] -> 0x00B5
[2358] [M]: 0x00000000800024C4 (0x00B51513) slli a0, a0, 0xb
x10 <- 0xFFEAAAAAAAAAA800
mem[X,0x00000000800024C8] -> 0x0513
mem[X,0x00000000800024CA] -> 0x2AA5
[2359] [M]: 0x00000000800024C8 (0x2AA50513) addi a0, a0, 0x2aa
x10 <- 0xFFEAAAAAAAAAAAAA
mem[X,0x00000000800024CC] -> 0x1513
mem[X,0x00000000800024CE] -> 0x00A5
[2360] [M]: 0x00000000800024CC (0x00A51513) slli a0, a0, 0xa
x10 <- 0xAAAAAAAAAAAAA800
mem[X,0x00000000800024D0] -> 0x0513
mem[X,0x00000000800024D2] -> 0x2AA5
[2361] [M]: 0x00000000800024D0 (0x2AA50513) addi a0, a0, 0x2aa
x10 <- 0xAAAAAAAAAAAAAAAA
mem[X,0x00000000800024D4] -> 0x05B7
mem[X,0x00000000800024D6] -> 0x0000
[2362] [M]: 0x00000000800024D4 (0x000005B7) lui a1, 0x0
x11 <- 0x0000000000000000
mem[X,0x00000000800024D8] -> 0x8593
mem[X,0x00000000800024DA] -> 0x0005
[2363] [M]: 0x00000000800024D8 (0x00058593) addi a1, a1, 0x0
x11 <- 0x0000000000000000
mem[X,0x00000000800024DC] -> 0x9593
mem[X,0x00000000800024DE] -> 0x00B5
[2364] [M]: 0x00000000800024DC (0x00B59593) slli a1, a1, 0xb
x11 <- 0x0000000000000000
mem[X,0x00000000800024E0] -> 0x8593
mem[X,0x00000000800024E2] -> 0x5A85
[2365] [M]: 0x00000000800024E0 (0x5A858593) addi a1, a1, 0x5a8
x11 <- 0x00000000000005A8
mem[X,0x00000000800024E4] -> 0x9593
mem[X,0x00000000800024E6] -> 0x00B5
[2366] [M]: 0x00000000800024E4 (0x00B59593) slli a1, a1, 0xb
x11 <- 0x00000000002D4000
mem[X,0x00000000800024E8] -> 0x8593
mem[X,0x00000000800024EA] -> 0x13C5
[2367] [M]: 0x00000000800024E8 (0x13C58593) addi a1, a1, 0x13c
x11 <- 0x00000000002D413C
mem[X,0x00000000800024EC] -> 0x9593
mem[X,0x00000000800024EE] -> 0x00A5
[2368] [M]: 0x00000000800024EC (0x00A59593) slli a1, a1, 0xa
x11 <- 0x00000000B504F000
mem[X,0x00000000800024F0] -> 0x8593
mem[X,0x00000000800024F2] -> 0x3345
[2369] [M]: 0x00000000800024F0 (0x33458593) addi a1, a1, 0x334
x11 <- 0x00000000B504F334
mem[X,0x00000000800024F4] -> 0x063B
mem[X,0x00000000800024F6] -> 0x40B5
[2370] [M]: 0x00000000800024F4 (0x40B5063B) subw a2, a0, a1
x12 <- 0xFFFFFFFFF5A5B776
mem[X,0x00000000800024F8] -> 0xBC23
mem[X,0x00000000800024FA] -> 0x76C2
[2371] [M]: 0x00000000800024F8 (0x76C2BC23) sd a2, 0x778(t0)
mem[0x000000008000B920] <- 0xFFFFFFFFF5A5B776
mem[X,0x00000000800024FC] -> 0x0513
mem[X,0x00000000800024FE] -> 0x0050
[2372] [M]: 0x00000000800024FC (0x00500513) addi a0, zero, 0x5
x10 <- 0x0000000000000005
mem[X,0x0000000080002500] -> 0x0593
mem[X,0x0000000080002502] -> 0x0030
[2373] [M]: 0x0000000080002500 (0x00300593) addi a1, zero, 0x3
x11 <- 0x0000000000000003
mem[X,0x0000000080002504] -> 0x063B
mem[X,0x0000000080002506] -> 0x40B5
[2374] [M]: 0x0000000080002504 (0x40B5063B) subw a2, a0, a1
x12 <- 0x0000000000000002
mem[X,0x0000000080002508] -> 0xB023
mem[X,0x000000008000250A] -> 0x78C2
[2375] [M]: 0x0000000080002508 (0x78C2B023) sd a2, 0x780(t0)
mem[0x000000008000B928] <- 0x0000000000000002
mem[X,0x000000008000250C] -> 0x0513
mem[X,0x000000008000250E] -> 0x0050
[2376] [M]: 0x000000008000250C (0x00500513) addi a0, zero, 0x5
x10 <- 0x0000000000000005
mem[X,0x0000000080002510] -> 0x55B7
mem[X,0x0000000080002512] -> 0x5555
[2377] [M]: 0x0000000080002510 (0x555555B7) lui a1, 0x55555
x11 <- 0x0000000055555000
mem[X,0x0000000080002514] -> 0x8593
mem[X,0x0000000080002516] -> 0x5555
[2378] [M]: 0x0000000080002514 (0x55558593) addi a1, a1, 0x555
x11 <- 0x0000000055555555
mem[X,0x0000000080002518] -> 0x9593
mem[X,0x000000008000251A] -> 0x00B5
[2379] [M]: 0x0000000080002518 (0x00B59593) slli a1, a1, 0xb
x11 <- 0x000002AAAAAAA800
mem[X,0x000000008000251C] -> 0x8593
mem[X,0x000000008000251E] -> 0x2AA5
[2380] [M]: 0x000000008000251C (0x2AA58593) addi a1, a1, 0x2aa
x11 <- 0x000002AAAAAAAAAA
mem[X,0x0000000080002520] -> 0x9593
mem[X,0x0000000080002522] -> 0x00B5
[2381] [M]: 0x0000000080002520 (0x00B59593) slli a1, a1, 0xb
x11 <- 0x0015555555555000
mem[X,0x0000000080002524] -> 0x8593
mem[X,0x0000000080002526] -> 0x5555
[2382] [M]: 0x0000000080002524 (0x55558593) addi a1, a1, 0x555
x11 <- 0x0015555555555555
mem[X,0x0000000080002528] -> 0x9593
mem[X,0x000000008000252A] -> 0x00A5
[2383] [M]: 0x0000000080002528 (0x00A59593) slli a1, a1, 0xa
x11 <- 0x5555555555555400
mem[X,0x000000008000252C] -> 0x8593
mem[X,0x000000008000252E] -> 0x1555
[2384] [M]: 0x000000008000252C (0x15558593) addi a1, a1, 0x155
x11 <- 0x5555555555555555
mem[X,0x0000000080002530] -> 0x063B
mem[X,0x0000000080002532] -> 0x40B5
[2385] [M]: 0x0000000080002530 (0x40B5063B) subw a2, a0, a1
x12 <- 0xFFFFFFFFAAAAAAB0
mem[X,0x0000000080002534] -> 0xB423
mem[X,0x0000000080002536] -> 0x78C2
[2386] [M]: 0x0000000080002534 (0x78C2B423) sd a2, 0x788(t0)
mem[0x000000008000B930] <- 0xFFFFFFFFAAAAAAB0
mem[X,0x0000000080002538] -> 0x0513
mem[X,0x000000008000253A] -> 0x0050
[2387] [M]: 0x0000000080002538 (0x00500513) addi a0, zero, 0x5
x10 <- 0x0000000000000005
mem[X,0x000000008000253C] -> 0xB5B7
mem[X,0x000000008000253E] -> 0xAAAA
[2388] [M]: 0x000000008000253C (0xAAAAB5B7) lui a1, -0x55555
x11 <- 0xFFFFFFFFAAAAB000
mem[X,0x0000000080002540] -> 0x8593
mem[X,0x0000000080002542] -> 0xAAA5
[2389] [M]: 0x0000000080002540 (0xAAA58593) addi a1, a1, -0x556
x11 <- 0xFFFFFFFFAAAAAAAA
mem[X,0x0000000080002544] -> 0x9593
mem[X,0x0000000080002546] -> 0x00B5
[2390] [M]: 0x0000000080002544 (0x00B59593) slli a1, a1, 0xb
x11 <- 0xFFFFFD5555555000
mem[X,0x0000000080002548] -> 0x8593
mem[X,0x000000008000254A] -> 0x5555
[2391] [M]: 0x0000000080002548 (0x55558593) addi a1, a1, 0x555
x11 <- 0xFFFFFD5555555555
mem[X,0x000000008000254C] -> 0x9593
mem[X,0x000000008000254E] -> 0x00B5
[2392] [M]: 0x000000008000254C (0x00B59593) slli a1, a1, 0xb
x11 <- 0xFFEAAAAAAAAAA800
mem[X,0x0000000080002550] -> 0x8593
mem[X,0x0000000080002552] -> 0x2AA5
[2393] [M]: 0x0000000080002550 (0x2AA58593) addi a1, a1, 0x2aa
x11 <- 0xFFEAAAAAAAAAAAAA
mem[X,0x0000000080002554] -> 0x9593
mem[X,0x0000000080002556] -> 0x00A5
[2394] [M]: 0x0000000080002554 (0x00A59593) slli a1, a1, 0xa
x11 <- 0xAAAAAAAAAAAAA800
mem[X,0x0000000080002558] -> 0x8593
mem[X,0x000000008000255A] -> 0x2AA5
[2395] [M]: 0x0000000080002558 (0x2AA58593) addi a1, a1, 0x2aa
x11 <- 0xAAAAAAAAAAAAAAAA
mem[X,0x000000008000255C] -> 0x063B
mem[X,0x000000008000255E] -> 0x40B5
[2396] [M]: 0x000000008000255C (0x40B5063B) subw a2, a0, a1
x12 <- 0x000000005555555B
mem[X,0x0000000080002560] -> 0xB823
mem[X,0x0000000080002562] -> 0x78C2
[2397] [M]: 0x0000000080002560 (0x78C2B823) sd a2, 0x790(t0)
mem[0x000000008000B938] <- 0x000000005555555B
mem[X,0x0000000080002564] -> 0x0513
mem[X,0x0000000080002566] -> 0x0050
[2398] [M]: 0x0000000080002564 (0x00500513) addi a0, zero, 0x5
x10 <- 0x0000000000000005
mem[X,0x0000000080002568] -> 0x0593
mem[X,0x000000008000256A] -> 0x0050
[2399] [M]: 0x0000000080002568 (0x00500593) addi a1, zero, 0x5
x11 <- 0x0000000000000005
clint::tick mtime <- 0x0000000000000018
 clint timer pending at mtime 0x0000000000000018
htif::tick 0x0000000000000000
mem[X,0x000000008000256C] -> 0x063B
mem[X,0x000000008000256E] -> 0x40B5
[2400] [M]: 0x000000008000256C (0x40B5063B) subw a2, a0, a1
x12 <- 0x0000000000000000
mem[X,0x0000000080002570] -> 0xBC23
mem[X,0x0000000080002572] -> 0x78C2
[2401] [M]: 0x0000000080002570 (0x78C2BC23) sd a2, 0x798(t0)
mem[0x000000008000B940] <- 0x0000000000000000
mem[X,0x0000000080002574] -> 0x0513
mem[X,0x0000000080002576] -> 0x0050
[2402] [M]: 0x0000000080002574 (0x00500513) addi a0, zero, 0x5
x10 <- 0x0000000000000005
mem[X,0x0000000080002578] -> 0x35B7
mem[X,0x000000008000257A] -> 0x3333
[2403] [M]: 0x0000000080002578 (0x333335B7) lui a1, 0x33333
x11 <- 0x0000000033333000
mem[X,0x000000008000257C] -> 0x8593
mem[X,0x000000008000257E] -> 0x3335
[2404] [M]: 0x000000008000257C (0x33358593) addi a1, a1, 0x333
x11 <- 0x0000000033333333
mem[X,0x0000000080002580] -> 0x9593
mem[X,0x0000000080002582] -> 0x00B5
[2405] [M]: 0x0000000080002580 (0x00B59593) slli a1, a1, 0xb
x11 <- 0x0000019999999800
mem[X,0x0000000080002584] -> 0x8593
mem[X,0x0000000080002586] -> 0x1995
[2406] [M]: 0x0000000080002584 (0x19958593) addi a1, a1, 0x199
x11 <- 0x0000019999999999
mem[X,0x0000000080002588] -> 0x9593
mem[X,0x000000008000258A] -> 0x00B5
[2407] [M]: 0x0000000080002588 (0x00B59593) slli a1, a1, 0xb
x11 <- 0x000CCCCCCCCCC800
mem[X,0x000000008000258C] -> 0x8593
mem[X,0x000000008000258E] -> 0x4CC5
[2408] [M]: 0x000000008000258C (0x4CC58593) addi a1, a1, 0x4cc
x11 <- 0x000CCCCCCCCCCCCC
mem[X,0x0000000080002590] -> 0x9593
mem[X,0x0000000080002592] -> 0x00A5
[2409] [M]: 0x0000000080002590 (0x00A59593) slli a1, a1, 0xa
x11 <- 0x3333333333333000
mem[X,0x0000000080002594] -> 0x8593
mem[X,0x0000000080002596] -> 0x3335
[2410] [M]: 0x0000000080002594 (0x33358593) addi a1, a1, 0x333
x11 <- 0x3333333333333333
mem[X,0x0000000080002598] -> 0x063B
mem[X,0x000000008000259A] -> 0x40B5
[2411] [M]: 0x0000000080002598 (0x40B5063B) subw a2, a0, a1
x12 <- 0xFFFFFFFFCCCCCCD2
mem[X,0x000000008000259C] -> 0xB023
mem[X,0x000000008000259E] -> 0x7AC2
[2412] [M]: 0x000000008000259C (0x7AC2B023) sd a2, 0x7a0(t0)
mem[0x000000008000B948] <- 0xFFFFFFFFCCCCCCD2
mem[X,0x00000000800025A0] -> 0x0513
mem[X,0x00000000800025A2] -> 0x0050
[2413] [M]: 0x00000000800025A0 (0x00500513) addi a0, zero, 0x5
x10 <- 0x0000000000000005
mem[X,0x00000000800025A4] -> 0x65B7
mem[X,0x00000000800025A6] -> 0x6666
[2414] [M]: 0x00000000800025A4 (0x666665B7) lui a1, 0x66666
x11 <- 0x0000000066666000
mem[X,0x00000000800025A8] -> 0x8593
mem[X,0x00000000800025AA] -> 0x6665
[2415] [M]: 0x00000000800025A8 (0x66658593) addi a1, a1, 0x666
x11 <- 0x0000000066666666
mem[X,0x00000000800025AC] -> 0x9593
mem[X,0x00000000800025AE] -> 0x00B5
[2416] [M]: 0x00000000800025AC (0x00B59593) slli a1, a1, 0xb
x11 <- 0x0000033333333000
mem[X,0x00000000800025B0] -> 0x8593
mem[X,0x00000000800025B2] -> 0x3335
[2417] [M]: 0x00000000800025B0 (0x33358593) addi a1, a1, 0x333
x11 <- 0x0000033333333333
mem[X,0x00000000800025B4] -> 0x9593
mem[X,0x00000000800025B6] -> 0x00B5
[2418] [M]: 0x00000000800025B4 (0x00B59593) slli a1, a1, 0xb
x11 <- 0x0019999999999800
mem[X,0x00000000800025B8] -> 0x8593
mem[X,0x00000000800025BA] -> 0x1995
[2419] [M]: 0x00000000800025B8 (0x19958593) addi a1, a1, 0x199
x11 <- 0x0019999999999999
mem[X,0x00000000800025BC] -> 0x9593
mem[X,0x00000000800025BE] -> 0x00A5
[2420] [M]: 0x00000000800025BC (0x00A59593) slli a1, a1, 0xa
x11 <- 0x6666666666666400
mem[X,0x00000000800025C0] -> 0x8593
mem[X,0x00000000800025C2] -> 0x2665
[2421] [M]: 0x00000000800025C0 (0x26658593) addi a1, a1, 0x266
x11 <- 0x6666666666666666
mem[X,0x00000000800025C4] -> 0x063B
mem[X,0x00000000800025C6] -> 0x40B5
[2422] [M]: 0x00000000800025C4 (0x40B5063B) subw a2, a0, a1
x12 <- 0xFFFFFFFF9999999F
mem[X,0x00000000800025C8] -> 0xB423
mem[X,0x00000000800025CA] -> 0x7AC2
[2423] [M]: 0x00000000800025C8 (0x7AC2B423) sd a2, 0x7a8(t0)
mem[0x000000008000B950] <- 0xFFFFFFFF9999999F
mem[X,0x00000000800025CC] -> 0x0513
mem[X,0x00000000800025CE] -> 0x0050
[2424] [M]: 0x00000000800025CC (0x00500513) addi a0, zero, 0x5
x10 <- 0x0000000000000005
mem[X,0x00000000800025D0] -> 0x05B7
mem[X,0x00000000800025D2] -> 0x0000
[2425] [M]: 0x00000000800025D0 (0x000005B7) lui a1, 0x0
x11 <- 0x0000000000000000
mem[X,0x00000000800025D4] -> 0x8593
mem[X,0x00000000800025D6] -> 0xFFF5
[2426] [M]: 0x00000000800025D4 (0xFFF58593) addi a1, a1, -0x1
x11 <- 0xFFFFFFFFFFFFFFFF
mem[X,0x00000000800025D8] -> 0x9593
mem[X,0x00000000800025DA] -> 0x00B5
[2427] [M]: 0x00000000800025D8 (0x00B59593) slli a1, a1, 0xb
x11 <- 0xFFFFFFFFFFFFF800
mem[X,0x00000000800025DC] -> 0x8593
mem[X,0x00000000800025DE] -> 0x2575
[2428] [M]: 0x00000000800025DC (0x25758593) addi a1, a1, 0x257
x11 <- 0xFFFFFFFFFFFFFA57
mem[X,0x00000000800025E0] -> 0x9593
mem[X,0x00000000800025E2] -> 0x00B5
[2429] [M]: 0x00000000800025E0 (0x00B59593) slli a1, a1, 0xb
x11 <- 0xFFFFFFFFFFD2B800
mem[X,0x00000000800025E4] -> 0x8593
mem[X,0x00000000800025E6] -> 0x6C35
[2430] [M]: 0x00000000800025E4 (0x6C358593) addi a1, a1, 0x6c3
x11 <- 0xFFFFFFFFFFD2BEC3
mem[X,0x00000000800025E8] -> 0x9593
mem[X,0x00000000800025EA] -> 0x00A5
[2431] [M]: 0x00000000800025E8 (0x00A59593) slli a1, a1, 0xa
x11 <- 0xFFFFFFFF4AFB0C00
mem[X,0x00000000800025EC] -> 0x8593
mem[X,0x00000000800025EE] -> 0x0CD5
[2432] [M]: 0x00000000800025EC (0x0CD58593) addi a1, a1, 0xcd
x11 <- 0xFFFFFFFF4AFB0CCD
mem[X,0x00000000800025F0] -> 0x063B
mem[X,0x00000000800025F2] -> 0x40B5
[2433] [M]: 0x00000000800025F0 (0x40B5063B) subw a2, a0, a1
x12 <- 0xFFFFFFFFB504F338
mem[X,0x00000000800025F4] -> 0xB823
mem[X,0x00000000800025F6] -> 0x7AC2
[2434] [M]: 0x00000000800025F4 (0x7AC2B823) sd a2, 0x7b0(t0)
mem[0x000000008000B958] <- 0xFFFFFFFFB504F338
mem[X,0x00000000800025F8] -> 0x0513
mem[X,0x00000000800025FA] -> 0x0050
[2435] [M]: 0x00000000800025F8 (0x00500513) addi a0, zero, 0x5
x10 <- 0x0000000000000005
mem[X,0x00000000800025FC] -> 0x05B7
mem[X,0x00000000800025FE] -> 0x0000
[2436] [M]: 0x00000000800025FC (0x000005B7) lui a1, 0x0
x11 <- 0x0000000000000000
mem[X,0x0000000080002600] -> 0x8593
mem[X,0x0000000080002602] -> 0x0005
[2437] [M]: 0x0000000080002600 (0x00058593) addi a1, a1, 0x0
x11 <- 0x0000000000000000
mem[X,0x0000000080002604] -> 0x9593
mem[X,0x0000000080002606] -> 0x00B5
[2438] [M]: 0x0000000080002604 (0x00B59593) slli a1, a1, 0xb
x11 <- 0x0000000000000000
mem[X,0x0000000080002608] -> 0x8593
mem[X,0x000000008000260A] -> 0x5A85
[2439] [M]: 0x0000000080002608 (0x5A858593) addi a1, a1, 0x5a8
x11 <- 0x00000000000005A8
mem[X,0x000000008000260C] -> 0x9593
mem[X,0x000000008000260E] -> 0x00B5
[2440] [M]: 0x000000008000260C (0x00B59593) slli a1, a1, 0xb
x11 <- 0x00000000002D4000
mem[X,0x0000000080002610] -> 0x8593
mem[X,0x0000000080002612] -> 0x13C5
[2441] [M]: 0x0000000080002610 (0x13C58593) addi a1, a1, 0x13c
x11 <- 0x00000000002D413C
mem[X,0x0000000080002614] -> 0x9593
mem[X,0x0000000080002616] -> 0x00A5
[2442] [M]: 0x0000000080002614 (0x00A59593) slli a1, a1, 0xa
x11 <- 0x00000000B504F000
mem[X,0x0000000080002618] -> 0x8593
mem[X,0x000000008000261A] -> 0x3335
[2443] [M]: 0x0000000080002618 (0x33358593) addi a1, a1, 0x333
x11 <- 0x00000000B504F333
mem[X,0x000000008000261C] -> 0x063B
mem[X,0x000000008000261E] -> 0x40B5
[2444] [M]: 0x000000008000261C (0x40B5063B) subw a2, a0, a1
x12 <- 0x000000004AFB0CD2
mem[X,0x0000000080002620] -> 0xBC23
mem[X,0x0000000080002622] -> 0x7AC2
[2445] [M]: 0x0000000080002620 (0x7AC2BC23) sd a2, 0x7b8(t0)
mem[0x000000008000B960] <- 0x000000004AFB0CD2
mem[X,0x0000000080002624] -> 0x0513
mem[X,0x0000000080002626] -> 0x0050
[2446] [M]: 0x0000000080002624 (0x00500513) addi a0, zero, 0x5
x10 <- 0x0000000000000005
mem[X,0x0000000080002628] -> 0x0593
mem[X,0x000000008000262A] -> 0x0020
[2447] [M]: 0x0000000080002628 (0x00200593) addi a1, zero, 0x2
x11 <- 0x0000000000000002
mem[X,0x000000008000262C] -> 0x063B
mem[X,0x000000008000262E] -> 0x40B5
[2448] [M]: 0x000000008000262C (0x40B5063B) subw a2, a0, a1
x12 <- 0x0000000000000003
mem[X,0x0000000080002630] -> 0xB023
mem[X,0x0000000080002632] -> 0x7CC2
[2449] [M]: 0x0000000080002630 (0x7CC2B023) sd a2, 0x7c0(t0)
mem[0x000000008000B968] <- 0x0000000000000003
mem[X,0x0000000080002634] -> 0x0513
mem[X,0x0000000080002636] -> 0x0050
[2450] [M]: 0x0000000080002634 (0x00500513) addi a0, zero, 0x5
x10 <- 0x0000000000000005
mem[X,0x0000000080002638] -> 0x55B7
mem[X,0x000000008000263A] -> 0x5555
[2451] [M]: 0x0000000080002638 (0x555555B7) lui a1, 0x55555
x11 <- 0x0000000055555000
mem[X,0x000000008000263C] -> 0x8593
mem[X,0x000000008000263E] -> 0x5555
[2452] [M]: 0x000000008000263C (0x55558593) addi a1, a1, 0x555
x11 <- 0x0000000055555555
mem[X,0x0000000080002640] -> 0x9593
mem[X,0x0000000080002642] -> 0x00B5
[2453] [M]: 0x0000000080002640 (0x00B59593) slli a1, a1, 0xb
x11 <- 0x000002AAAAAAA800
mem[X,0x0000000080002644] -> 0x8593
mem[X,0x0000000080002646] -> 0x2AA5
[2454] [M]: 0x0000000080002644 (0x2AA58593) addi a1, a1, 0x2aa
x11 <- 0x000002AAAAAAAAAA
mem[X,0x0000000080002648] -> 0x9593
mem[X,0x000000008000264A] -> 0x00B5
[2455] [M]: 0x0000000080002648 (0x00B59593) slli a1, a1, 0xb
x11 <- 0x0015555555555000
mem[X,0x000000008000264C] -> 0x8593
mem[X,0x000000008000264E] -> 0x5555
[2456] [M]: 0x000000008000264C (0x55558593) addi a1, a1, 0x555
x11 <- 0x0015555555555555
mem[X,0x0000000080002650] -> 0x9593
mem[X,0x0000000080002652] -> 0x00A5
[2457] [M]: 0x0000000080002650 (0x00A59593) slli a1, a1, 0xa
x11 <- 0x5555555555555400
mem[X,0x0000000080002654] -> 0x8593
mem[X,0x0000000080002656] -> 0x1545
[2458] [M]: 0x0000000080002654 (0x15458593) addi a1, a1, 0x154
x11 <- 0x5555555555555554
mem[X,0x0000000080002658] -> 0x063B
mem[X,0x000000008000265A] -> 0x40B5
[2459] [M]: 0x0000000080002658 (0x40B5063B) subw a2, a0, a1
x12 <- 0xFFFFFFFFAAAAAAB1
mem[X,0x000000008000265C] -> 0xB423
mem[X,0x000000008000265E] -> 0x7CC2
[2460] [M]: 0x000000008000265C (0x7CC2B423) sd a2, 0x7c8(t0)
mem[0x000000008000B970] <- 0xFFFFFFFFAAAAAAB1
mem[X,0x0000000080002660] -> 0x0513
mem[X,0x0000000080002662] -> 0x0050
[2461] [M]: 0x0000000080002660 (0x00500513) addi a0, zero, 0x5
x10 <- 0x0000000000000005
mem[X,0x0000000080002664] -> 0x0593
mem[X,0x0000000080002666] -> 0x0000
[2462] [M]: 0x0000000080002664 (0x00000593) addi a1, zero, 0x0
x11 <- 0x0000000000000000
mem[X,0x0000000080002668] -> 0x063B
mem[X,0x000000008000266A] -> 0x40B5
[2463] [M]: 0x0000000080002668 (0x40B5063B) subw a2, a0, a1
x12 <- 0x0000000000000005
mem[X,0x000000008000266C] -> 0xB823
mem[X,0x000000008000266E] -> 0x7CC2
[2464] [M]: 0x000000008000266C (0x7CC2B823) sd a2, 0x7d0(t0)
mem[0x000000008000B978] <- 0x0000000000000005
mem[X,0x0000000080002670] -> 0x0513
mem[X,0x0000000080002672] -> 0x0050
[2465] [M]: 0x0000000080002670 (0x00500513) addi a0, zero, 0x5
x10 <- 0x0000000000000005
mem[X,0x0000000080002674] -> 0x0593
mem[X,0x0000000080002676] -> 0x0040
[2466] [M]: 0x0000000080002674 (0x00400593) addi a1, zero, 0x4
x11 <- 0x0000000000000004
mem[X,0x0000000080002678] -> 0x063B
mem[X,0x000000008000267A] -> 0x40B5
[2467] [M]: 0x0000000080002678 (0x40B5063B) subw a2, a0, a1
x12 <- 0x0000000000000001
mem[X,0x000000008000267C] -> 0xBC23
mem[X,0x000000008000267E] -> 0x7CC2
[2468] [M]: 0x000000008000267C (0x7CC2BC23) sd a2, 0x7d8(t0)
mem[0x000000008000B980] <- 0x0000000000000001
mem[X,0x0000000080002680] -> 0x0513
mem[X,0x0000000080002682] -> 0x0050
[2469] [M]: 0x0000000080002680 (0x00500513) addi a0, zero, 0x5
x10 <- 0x0000000000000005
mem[X,0x0000000080002684] -> 0x35B7
mem[X,0x0000000080002686] -> 0x3333
[2470] [M]: 0x0000000080002684 (0x333335B7) lui a1, 0x33333
x11 <- 0x0000000033333000
mem[X,0x0000000080002688] -> 0x8593
mem[X,0x000000008000268A] -> 0x3335
[2471] [M]: 0x0000000080002688 (0x33358593) addi a1, a1, 0x333
x11 <- 0x0000000033333333
mem[X,0x000000008000268C] -> 0x9593
mem[X,0x000000008000268E] -> 0x00B5
[2472] [M]: 0x000000008000268C (0x00B59593) slli a1, a1, 0xb
x11 <- 0x0000019999999800
mem[X,0x0000000080002690] -> 0x8593
mem[X,0x0000000080002692] -> 0x1995
[2473] [M]: 0x0000000080002690 (0x19958593) addi a1, a1, 0x199
x11 <- 0x0000019999999999
mem[X,0x0000000080002694] -> 0x9593
mem[X,0x0000000080002696] -> 0x00B5
[2474] [M]: 0x0000000080002694 (0x00B59593) slli a1, a1, 0xb
x11 <- 0x000CCCCCCCCCC800
mem[X,0x0000000080002698] -> 0x8593
mem[X,0x000000008000269A] -> 0x4CC5
[2475] [M]: 0x0000000080002698 (0x4CC58593) addi a1, a1, 0x4cc
x11 <- 0x000CCCCCCCCCCCCC
mem[X,0x000000008000269C] -> 0x9593
mem[X,0x000000008000269E] -> 0x00A5
[2476] [M]: 0x000000008000269C (0x00A59593) slli a1, a1, 0xa
x11 <- 0x3333333333333000
mem[X,0x00000000800026A0] -> 0x8593
mem[X,0x00000000800026A2] -> 0x3325
[2477] [M]: 0x00000000800026A0 (0x33258593) addi a1, a1, 0x332
x11 <- 0x3333333333333332
mem[X,0x00000000800026A4] -> 0x063B
mem[X,0x00000000800026A6] -> 0x40B5
[2478] [M]: 0x00000000800026A4 (0x40B5063B) subw a2, a0, a1
x12 <- 0xFFFFFFFFCCCCCCD3
mem[X,0x00000000800026A8] -> 0xB023
mem[X,0x00000000800026AA] -> 0x7EC2
[2479] [M]: 0x00000000800026A8 (0x7EC2B023) sd a2, 0x7e0(t0)
mem[0x000000008000B988] <- 0xFFFFFFFFCCCCCCD3
mem[X,0x00000000800026AC] -> 0x0513
mem[X,0x00000000800026AE] -> 0x0050
[2480] [M]: 0x00000000800026AC (0x00500513) addi a0, zero, 0x5
x10 <- 0x0000000000000005
mem[X,0x00000000800026B0] -> 0x65B7
mem[X,0x00000000800026B2] -> 0x6666
[2481] [M]: 0x00000000800026B0 (0x666665B7) lui a1, 0x66666
x11 <- 0x0000000066666000
mem[X,0x00000000800026B4] -> 0x8593
mem[X,0x00000000800026B6] -> 0x6665
[2482] [M]: 0x00000000800026B4 (0x66658593) addi a1, a1, 0x666
x11 <- 0x0000000066666666
mem[X,0x00000000800026B8] -> 0x9593
mem[X,0x00000000800026BA] -> 0x00B5
[2483] [M]: 0x00000000800026B8 (0x00B59593) slli a1, a1, 0xb
x11 <- 0x0000033333333000
mem[X,0x00000000800026BC] -> 0x8593
mem[X,0x00000000800026BE] -> 0x3335
[2484] [M]: 0x00000000800026BC (0x33358593) addi a1, a1, 0x333
x11 <- 0x0000033333333333
mem[X,0x00000000800026C0] -> 0x9593
mem[X,0x00000000800026C2] -> 0x00B5
[2485] [M]: 0x00000000800026C0 (0x00B59593) slli a1, a1, 0xb
x11 <- 0x0019999999999800
mem[X,0x00000000800026C4] -> 0x8593
mem[X,0x00000000800026C6] -> 0x1995
[2486] [M]: 0x00000000800026C4 (0x19958593) addi a1, a1, 0x199
x11 <- 0x0019999999999999
mem[X,0x00000000800026C8] -> 0x9593
mem[X,0x00000000800026CA] -> 0x00A5
[2487] [M]: 0x00000000800026C8 (0x00A59593) slli a1, a1, 0xa
x11 <- 0x6666666666666400
mem[X,0x00000000800026CC] -> 0x8593
mem[X,0x00000000800026CE] -> 0x2655
[2488] [M]: 0x00000000800026CC (0x26558593) addi a1, a1, 0x265
x11 <- 0x6666666666666665
mem[X,0x00000000800026D0] -> 0x063B
mem[X,0x00000000800026D2] -> 0x40B5
[2489] [M]: 0x00000000800026D0 (0x40B5063B) subw a2, a0, a1
x12 <- 0xFFFFFFFF999999A0
mem[X,0x00000000800026D4] -> 0xB423
mem[X,0x00000000800026D6] -> 0x7EC2
[2490] [M]: 0x00000000800026D4 (0x7EC2B423) sd a2, 0x7e8(t0)
mem[0x000000008000B990] <- 0xFFFFFFFF999999A0
mem[X,0x00000000800026D8] -> 0x0513
mem[X,0x00000000800026DA] -> 0x0050
[2491] [M]: 0x00000000800026D8 (0x00500513) addi a0, zero, 0x5
x10 <- 0x0000000000000005
mem[X,0x00000000800026DC] -> 0x05B7
mem[X,0x00000000800026DE] -> 0x0000
[2492] [M]: 0x00000000800026DC (0x000005B7) lui a1, 0x0
x11 <- 0x0000000000000000
mem[X,0x00000000800026E0] -> 0x8593
mem[X,0x00000000800026E2] -> 0x0005
[2493] [M]: 0x00000000800026E0 (0x00058593) addi a1, a1, 0x0
x11 <- 0x0000000000000000
mem[X,0x00000000800026E4] -> 0x9593
mem[X,0x00000000800026E6] -> 0x00B5
[2494] [M]: 0x00000000800026E4 (0x00B59593) slli a1, a1, 0xb
x11 <- 0x0000000000000000
mem[X,0x00000000800026E8] -> 0x8593
mem[X,0x00000000800026EA] -> 0x5A85
[2495] [M]: 0x00000000800026E8 (0x5A858593) addi a1, a1, 0x5a8
x11 <- 0x00000000000005A8
mem[X,0x00000000800026EC] -> 0x9593
mem[X,0x00000000800026EE] -> 0x00B5
[2496] [M]: 0x00000000800026EC (0x00B59593) slli a1, a1, 0xb
x11 <- 0x00000000002D4000
mem[X,0x00000000800026F0] -> 0x8593
mem[X,0x00000000800026F2] -> 0x13C5
[2497] [M]: 0x00000000800026F0 (0x13C58593) addi a1, a1, 0x13c
x11 <- 0x00000000002D413C
mem[X,0x00000000800026F4] -> 0x9593
mem[X,0x00000000800026F6] -> 0x00A5
[2498] [M]: 0x00000000800026F4 (0x00A59593) slli a1, a1, 0xa
x11 <- 0x00000000B504F000
mem[X,0x00000000800026F8] -> 0x8593
mem[X,0x00000000800026FA] -> 0x3325
[2499] [M]: 0x00000000800026F8 (0x33258593) addi a1, a1, 0x332
x11 <- 0x00000000B504F332
clint::tick mtime <- 0x0000000000000019
 clint timer pending at mtime 0x0000000000000019
htif::tick 0x0000000000000000
mem[X,0x00000000800026FC] -> 0x063B
mem[X,0x00000000800026FE] -> 0x40B5
[2500] [M]: 0x00000000800026FC (0x40B5063B) subw a2, a0, a1
x12 <- 0x000000004AFB0CD3
mem[X,0x0000000080002700] -> 0xB823
mem[X,0x0000000080002702] -> 0x7EC2
[2501] [M]: 0x0000000080002700 (0x7EC2B823) sd a2, 0x7f0(t0)
mem[0x000000008000B998] <- 0x000000004AFB0CD3
mem[X,0x0000000080002704] -> 0x0513
mem[X,0x0000000080002706] -> 0x0050
[2502] [M]: 0x0000000080002704 (0x00500513) addi a0, zero, 0x5
x10 <- 0x0000000000000005
mem[X,0x0000000080002708] -> 0x55B7
mem[X,0x000000008000270A] -> 0x5555
[2503] [M]: 0x0000000080002708 (0x555555B7) lui a1, 0x55555
x11 <- 0x0000000055555000
mem[X,0x000000008000270C] -> 0x8593
mem[X,0x000000008000270E] -> 0x5555
[2504] [M]: 0x000000008000270C (0x55558593) addi a1, a1, 0x555
x11 <- 0x0000000055555555
mem[X,0x0000000080002710] -> 0x9593
mem[X,0x0000000080002712] -> 0x00B5
[2505] [M]: 0x0000000080002710 (0x00B59593) slli a1, a1, 0xb
x11 <- 0x000002AAAAAAA800
mem[X,0x0000000080002714] -> 0x8593
mem[X,0x0000000080002716] -> 0x2AA5
[2506] [M]: 0x0000000080002714 (0x2AA58593) addi a1, a1, 0x2aa
x11 <- 0x000002AAAAAAAAAA
mem[X,0x0000000080002718] -> 0x9593
mem[X,0x000000008000271A] -> 0x00B5
[2507] [M]: 0x0000000080002718 (0x00B59593) slli a1, a1, 0xb
x11 <- 0x0015555555555000
mem[X,0x000000008000271C] -> 0x8593
mem[X,0x000000008000271E] -> 0x5555
[2508] [M]: 0x000000008000271C (0x55558593) addi a1, a1, 0x555
x11 <- 0x0015555555555555
mem[X,0x0000000080002720] -> 0x9593
mem[X,0x0000000080002722] -> 0x00A5
[2509] [M]: 0x0000000080002720 (0x00A59593) slli a1, a1, 0xa
x11 <- 0x5555555555555400
mem[X,0x0000000080002724] -> 0x8593
mem[X,0x0000000080002726] -> 0x1565
[2510] [M]: 0x0000000080002724 (0x15658593) addi a1, a1, 0x156
x11 <- 0x5555555555555556
mem[X,0x0000000080002728] -> 0x063B
mem[X,0x000000008000272A] -> 0x40B5
[2511] [M]: 0x0000000080002728 (0x40B5063B) subw a2, a0, a1
x12 <- 0xFFFFFFFFAAAAAAAF
mem[X,0x000000008000272C] -> 0xBC23
mem[X,0x000000008000272E] -> 0x7EC2
[2512] [M]: 0x000000008000272C (0x7EC2BC23) sd a2, 0x7f8(t0)
mem[0x000000008000B9A0] <- 0xFFFFFFFFAAAAAAAF
mem[X,0x0000000080002730] -> 0x0013
mem[X,0x0000000080002732] -> 0x0000
[2513] [M]: 0x0000000080002730 (0x00000013) addi zero, zero, 0x0
mem[X,0x0000000080002734] -> 0x0013
mem[X,0x0000000080002736] -> 0x0000
[2514] [M]: 0x0000000080002734 (0x00000013) addi zero, zero, 0x0
mem[X,0x0000000080002738] -> 0x0013
mem[X,0x000000008000273A] -> 0x0000
[2515] [M]: 0x0000000080002738 (0x00000013) addi zero, zero, 0x0
mem[X,0x000000008000273C] -> 0x0013
mem[X,0x000000008000273E] -> 0x0000
[2516] [M]: 0x000000008000273C (0x00000013) addi zero, zero, 0x0
mem[X,0x0000000080002740] -> 0x9297
mem[X,0x0000000080002742] -> 0x0000
[2517] [M]: 0x0000000080002740 (0x00009297) auipc t0, 0x9
x5 <- 0x000000008000B740
mem[X,0x0000000080002744] -> 0x8293
mem[X,0x0000000080002746] -> 0x2682
[2518] [M]: 0x0000000080002744 (0x26828293) addi t0, t0, 0x268
x5 <- 0x000000008000B9A8
mem[X,0x0000000080002748] -> 0x0013
mem[X,0x000000008000274A] -> 0x0000
[2519] [M]: 0x0000000080002748 (0x00000013) addi zero, zero, 0x0
mem[X,0x000000008000274C] -> 0x0013
mem[X,0x000000008000274E] -> 0x0000
[2520] [M]: 0x000000008000274C (0x00000013) addi zero, zero, 0x0
mem[X,0x0000000080002750] -> 0x0013
mem[X,0x0000000080002752] -> 0x0000
[2521] [M]: 0x0000000080002750 (0x00000013) addi zero, zero, 0x0
mem[X,0x0000000080002754] -> 0x0013
mem[X,0x0000000080002756] -> 0x0000
[2522] [M]: 0x0000000080002754 (0x00000013) addi zero, zero, 0x0
mem[X,0x0000000080002758] -> 0x0013
mem[X,0x000000008000275A] -> 0x0000
[2523] [M]: 0x0000000080002758 (0x00000013) addi zero, zero, 0x0
mem[X,0x000000008000275C] -> 0x0013
mem[X,0x000000008000275E] -> 0x0000
[2524] [M]: 0x000000008000275C (0x00000013) addi zero, zero, 0x0
mem[X,0x0000000080002760] -> 0x0513
mem[X,0x0000000080002762] -> 0x0050
[2525] [M]: 0x0000000080002760 (0x00500513) addi a0, zero, 0x5
x10 <- 0x0000000000000005
mem[X,0x0000000080002764] -> 0xB5B7
mem[X,0x0000000080002766] -> 0xAAAA
[2526] [M]: 0x0000000080002764 (0xAAAAB5B7) lui a1, -0x55555
x11 <- 0xFFFFFFFFAAAAB000
mem[X,0x0000000080002768] -> 0x8593
mem[X,0x000000008000276A] -> 0xAAA5
[2527] [M]: 0x0000000080002768 (0xAAA58593) addi a1, a1, -0x556
x11 <- 0xFFFFFFFFAAAAAAAA
mem[X,0x000000008000276C] -> 0x9593
mem[X,0x000000008000276E] -> 0x00B5
[2528] [M]: 0x000000008000276C (0x00B59593) slli a1, a1, 0xb
x11 <- 0xFFFFFD5555555000
mem[X,0x0000000080002770] -> 0x8593
mem[X,0x0000000080002772] -> 0x5555
[2529] [M]: 0x0000000080002770 (0x55558593) addi a1, a1, 0x555
x11 <- 0xFFFFFD5555555555
mem[X,0x0000000080002774] -> 0x9593
mem[X,0x0000000080002776] -> 0x00B5
[2530] [M]: 0x0000000080002774 (0x00B59593) slli a1, a1, 0xb
x11 <- 0xFFEAAAAAAAAAA800
mem[X,0x0000000080002778] -> 0x8593
mem[X,0x000000008000277A] -> 0x2AA5
[2531] [M]: 0x0000000080002778 (0x2AA58593) addi a1, a1, 0x2aa
x11 <- 0xFFEAAAAAAAAAAAAA
mem[X,0x000000008000277C] -> 0x9593
mem[X,0x000000008000277E] -> 0x00A5
[2532] [M]: 0x000000008000277C (0x00A59593) slli a1, a1, 0xa
x11 <- 0xAAAAAAAAAAAAA800
mem[X,0x0000000080002780] -> 0x8593
mem[X,0x0000000080002782] -> 0x2AB5
[2533] [M]: 0x0000000080002780 (0x2AB58593) addi a1, a1, 0x2ab
x11 <- 0xAAAAAAAAAAAAAAAB
mem[X,0x0000000080002784] -> 0x063B
mem[X,0x0000000080002786] -> 0x40B5
[2534] [M]: 0x0000000080002784 (0x40B5063B) subw a2, a0, a1
x12 <- 0x000000005555555A
mem[X,0x0000000080002788] -> 0xB023
mem[X,0x000000008000278A] -> 0x00C2
[2535] [M]: 0x0000000080002788 (0x00C2B023) sd a2, 0x0(t0)
mem[0x000000008000B9A8] <- 0x000000005555555A
mem[X,0x000000008000278C] -> 0x0513
mem[X,0x000000008000278E] -> 0x0050
[2536] [M]: 0x000000008000278C (0x00500513) addi a0, zero, 0x5
x10 <- 0x0000000000000005
mem[X,0x0000000080002790] -> 0x0593
mem[X,0x0000000080002792] -> 0x0060
[2537] [M]: 0x0000000080002790 (0x00600593) addi a1, zero, 0x6
x11 <- 0x0000000000000006
mem[X,0x0000000080002794] -> 0x063B
mem[X,0x0000000080002796] -> 0x40B5
[2538] [M]: 0x0000000080002794 (0x40B5063B) subw a2, a0, a1
x12 <- 0xFFFFFFFFFFFFFFFF
mem[X,0x0000000080002798] -> 0xB423
mem[X,0x000000008000279A] -> 0x00C2
[2539] [M]: 0x0000000080002798 (0x00C2B423) sd a2, 0x8(t0)
mem[0x000000008000B9B0] <- 0xFFFFFFFFFFFFFFFF
mem[X,0x000000008000279C] -> 0x0513
mem[X,0x000000008000279E] -> 0x0050
[2540] [M]: 0x000000008000279C (0x00500513) addi a0, zero, 0x5
x10 <- 0x0000000000000005
mem[X,0x00000000800027A0] -> 0x35B7
mem[X,0x00000000800027A2] -> 0x3333
[2541] [M]: 0x00000000800027A0 (0x333335B7) lui a1, 0x33333
x11 <- 0x0000000033333000
mem[X,0x00000000800027A4] -> 0x8593
mem[X,0x00000000800027A6] -> 0x3335
[2542] [M]: 0x00000000800027A4 (0x33358593) addi a1, a1, 0x333
x11 <- 0x0000000033333333
mem[X,0x00000000800027A8] -> 0x9593
mem[X,0x00000000800027AA] -> 0x00B5
[2543] [M]: 0x00000000800027A8 (0x00B59593) slli a1, a1, 0xb
x11 <- 0x0000019999999800
mem[X,0x00000000800027AC] -> 0x8593
mem[X,0x00000000800027AE] -> 0x1995
[2544] [M]: 0x00000000800027AC (0x19958593) addi a1, a1, 0x199
x11 <- 0x0000019999999999
mem[X,0x00000000800027B0] -> 0x9593
mem[X,0x00000000800027B2] -> 0x00B5
[2545] [M]: 0x00000000800027B0 (0x00B59593) slli a1, a1, 0xb
x11 <- 0x000CCCCCCCCCC800
mem[X,0x00000000800027B4] -> 0x8593
mem[X,0x00000000800027B6] -> 0x4CC5
[2546] [M]: 0x00000000800027B4 (0x4CC58593) addi a1, a1, 0x4cc
x11 <- 0x000CCCCCCCCCCCCC
mem[X,0x00000000800027B8] -> 0x9593
mem[X,0x00000000800027BA] -> 0x00A5
[2547] [M]: 0x00000000800027B8 (0x00A59593) slli a1, a1, 0xa
x11 <- 0x3333333333333000
mem[X,0x00000000800027BC] -> 0x8593
mem[X,0x00000000800027BE] -> 0x3345
[2548] [M]: 0x00000000800027BC (0x33458593) addi a1, a1, 0x334
x11 <- 0x3333333333333334
mem[X,0x00000000800027C0] -> 0x063B
mem[X,0x00000000800027C2] -> 0x40B5
[2549] [M]: 0x00000000800027C0 (0x40B5063B) subw a2, a0, a1
x12 <- 0xFFFFFFFFCCCCCCD1
mem[X,0x00000000800027C4] -> 0xB823
mem[X,0x00000000800027C6] -> 0x00C2
[2550] [M]: 0x00000000800027C4 (0x00C2B823) sd a2, 0x10(t0)
mem[0x000000008000B9B8] <- 0xFFFFFFFFCCCCCCD1
mem[X,0x00000000800027C8] -> 0x0513
mem[X,0x00000000800027CA] -> 0x0050
[2551] [M]: 0x00000000800027C8 (0x00500513) addi a0, zero, 0x5
x10 <- 0x0000000000000005
mem[X,0x00000000800027CC] -> 0x65B7
mem[X,0x00000000800027CE] -> 0x6666
[2552] [M]: 0x00000000800027CC (0x666665B7) lui a1, 0x66666
x11 <- 0x0000000066666000
mem[X,0x00000000800027D0] -> 0x8593
mem[X,0x00000000800027D2] -> 0x6665
[2553] [M]: 0x00000000800027D0 (0x66658593) addi a1, a1, 0x666
x11 <- 0x0000000066666666
mem[X,0x00000000800027D4] -> 0x9593
mem[X,0x00000000800027D6] -> 0x00B5
[2554] [M]: 0x00000000800027D4 (0x00B59593) slli a1, a1, 0xb
x11 <- 0x0000033333333000
mem[X,0x00000000800027D8] -> 0x8593
mem[X,0x00000000800027DA] -> 0x3335
[2555] [M]: 0x00000000800027D8 (0x33358593) addi a1, a1, 0x333
x11 <- 0x0000033333333333
mem[X,0x00000000800027DC] -> 0x9593
mem[X,0x00000000800027DE] -> 0x00B5
[2556] [M]: 0x00000000800027DC (0x00B59593) slli a1, a1, 0xb
x11 <- 0x0019999999999800
mem[X,0x00000000800027E0] -> 0x8593
mem[X,0x00000000800027E2] -> 0x1995
[2557] [M]: 0x00000000800027E0 (0x19958593) addi a1, a1, 0x199
x11 <- 0x0019999999999999
mem[X,0x00000000800027E4] -> 0x9593
mem[X,0x00000000800027E6] -> 0x00A5
[2558] [M]: 0x00000000800027E4 (0x00A59593) slli a1, a1, 0xa
x11 <- 0x6666666666666400
mem[X,0x00000000800027E8] -> 0x8593
mem[X,0x00000000800027EA] -> 0x2675
[2559] [M]: 0x00000000800027E8 (0x26758593) addi a1, a1, 0x267
x11 <- 0x6666666666666667
mem[X,0x00000000800027EC] -> 0x063B
mem[X,0x00000000800027EE] -> 0x40B5
[2560] [M]: 0x00000000800027EC (0x40B5063B) subw a2, a0, a1
x12 <- 0xFFFFFFFF9999999E
mem[X,0x00000000800027F0] -> 0xBC23
mem[X,0x00000000800027F2] -> 0x00C2
[2561] [M]: 0x00000000800027F0 (0x00C2BC23) sd a2, 0x18(t0)
mem[0x000000008000B9C0] <- 0xFFFFFFFF9999999E
mem[X,0x00000000800027F4] -> 0x0513
mem[X,0x00000000800027F6] -> 0x0050
[2562] [M]: 0x00000000800027F4 (0x00500513) addi a0, zero, 0x5
x10 <- 0x0000000000000005
mem[X,0x00000000800027F8] -> 0x05B7
mem[X,0x00000000800027FA] -> 0x0000
[2563] [M]: 0x00000000800027F8 (0x000005B7) lui a1, 0x0
x11 <- 0x0000000000000000
mem[X,0x00000000800027FC] -> 0x8593
mem[X,0x00000000800027FE] -> 0xFFF5
[2564] [M]: 0x00000000800027FC (0xFFF58593) addi a1, a1, -0x1
x11 <- 0xFFFFFFFFFFFFFFFF
mem[X,0x0000000080002800] -> 0x9593
mem[X,0x0000000080002802] -> 0x00B5
[2565] [M]: 0x0000000080002800 (0x00B59593) slli a1, a1, 0xb
x11 <- 0xFFFFFFFFFFFFF800
mem[X,0x0000000080002804] -> 0x8593
mem[X,0x0000000080002806] -> 0x2575
[2566] [M]: 0x0000000080002804 (0x25758593) addi a1, a1, 0x257
x11 <- 0xFFFFFFFFFFFFFA57
mem[X,0x0000000080002808] -> 0x9593
mem[X,0x000000008000280A] -> 0x00B5
[2567] [M]: 0x0000000080002808 (0x00B59593) slli a1, a1, 0xb
x11 <- 0xFFFFFFFFFFD2B800
mem[X,0x000000008000280C] -> 0x8593
mem[X,0x000000008000280E] -> 0x6C35
[2568] [M]: 0x000000008000280C (0x6C358593) addi a1, a1, 0x6c3
x11 <- 0xFFFFFFFFFFD2BEC3
mem[X,0x0000000080002810] -> 0x9593
mem[X,0x0000000080002812] -> 0x00A5
[2569] [M]: 0x0000000080002810 (0x00A59593) slli a1, a1, 0xa
x11 <- 0xFFFFFFFF4AFB0C00
mem[X,0x0000000080002814] -> 0x8593
mem[X,0x0000000080002816] -> 0x0CE5
[2570] [M]: 0x0000000080002814 (0x0CE58593) addi a1, a1, 0xce
x11 <- 0xFFFFFFFF4AFB0CCE
mem[X,0x0000000080002818] -> 0x063B
mem[X,0x000000008000281A] -> 0x40B5
[2571] [M]: 0x0000000080002818 (0x40B5063B) subw a2, a0, a1
x12 <- 0xFFFFFFFFB504F337
mem[X,0x000000008000281C] -> 0xB023
mem[X,0x000000008000281E] -> 0x02C2
[2572] [M]: 0x000000008000281C (0x02C2B023) sd a2, 0x20(t0)
mem[0x000000008000B9C8] <- 0xFFFFFFFFB504F337
mem[X,0x0000000080002820] -> 0x0513
mem[X,0x0000000080002822] -> 0x0050
[2573] [M]: 0x0000000080002820 (0x00500513) addi a0, zero, 0x5
x10 <- 0x0000000000000005
mem[X,0x0000000080002824] -> 0x05B7
mem[X,0x0000000080002826] -> 0x0000
[2574] [M]: 0x0000000080002824 (0x000005B7) lui a1, 0x0
x11 <- 0x0000000000000000
mem[X,0x0000000080002828] -> 0x8593
mem[X,0x000000008000282A] -> 0x0005
[2575] [M]: 0x0000000080002828 (0x00058593) addi a1, a1, 0x0
x11 <- 0x0000000000000000
mem[X,0x000000008000282C] -> 0x9593
mem[X,0x000000008000282E] -> 0x00B5
[2576] [M]: 0x000000008000282C (0x00B59593) slli a1, a1, 0xb
x11 <- 0x0000000000000000
mem[X,0x0000000080002830] -> 0x8593
mem[X,0x0000000080002832] -> 0x5A85
[2577] [M]: 0x0000000080002830 (0x5A858593) addi a1, a1, 0x5a8
x11 <- 0x00000000000005A8
mem[X,0x0000000080002834] -> 0x9593
mem[X,0x0000000080002836] -> 0x00B5
[2578] [M]: 0x0000000080002834 (0x00B59593) slli a1, a1, 0xb
x11 <- 0x00000000002D4000
mem[X,0x0000000080002838] -> 0x8593
mem[X,0x000000008000283A] -> 0x13C5
[2579] [M]: 0x0000000080002838 (0x13C58593) addi a1, a1, 0x13c
x11 <- 0x00000000002D413C
mem[X,0x000000008000283C] -> 0x9593
mem[X,0x000000008000283E] -> 0x00A5
[2580] [M]: 0x000000008000283C (0x00A59593) slli a1, a1, 0xa
x11 <- 0x00000000B504F000
mem[X,0x0000000080002840] -> 0x8593
mem[X,0x0000000080002842] -> 0x3345
[2581] [M]: 0x0000000080002840 (0x33458593) addi a1, a1, 0x334
x11 <- 0x00000000B504F334
mem[X,0x0000000080002844] -> 0x063B
mem[X,0x0000000080002846] -> 0x40B5
[2582] [M]: 0x0000000080002844 (0x40B5063B) subw a2, a0, a1
x12 <- 0x000000004AFB0CD1
mem[X,0x0000000080002848] -> 0xB423
mem[X,0x000000008000284A] -> 0x02C2
[2583] [M]: 0x0000000080002848 (0x02C2B423) sd a2, 0x28(t0)
mem[0x000000008000B9D0] <- 0x000000004AFB0CD1
mem[X,0x000000008000284C] -> 0x3537
mem[X,0x000000008000284E] -> 0x3333
[2584] [M]: 0x000000008000284C (0x33333537) lui a0, 0x33333
x10 <- 0x0000000033333000
mem[X,0x0000000080002850] -> 0x0513
mem[X,0x0000000080002852] -> 0x3335
[2585] [M]: 0x0000000080002850 (0x33350513) addi a0, a0, 0x333
x10 <- 0x0000000033333333
mem[X,0x0000000080002854] -> 0x1513
mem[X,0x0000000080002856] -> 0x00B5
[2586] [M]: 0x0000000080002854 (0x00B51513) slli a0, a0, 0xb
x10 <- 0x0000019999999800
mem[X,0x0000000080002858] -> 0x0513
mem[X,0x000000008000285A] -> 0x1995
[2587] [M]: 0x0000000080002858 (0x19950513) addi a0, a0, 0x199
x10 <- 0x0000019999999999
mem[X,0x000000008000285C] -> 0x1513
mem[X,0x000000008000285E] -> 0x00B5
[2588] [M]: 0x000000008000285C (0x00B51513) slli a0, a0, 0xb
x10 <- 0x000CCCCCCCCCC800
mem[X,0x0000000080002860] -> 0x0513
mem[X,0x0000000080002862] -> 0x4CC5
[2589] [M]: 0x0000000080002860 (0x4CC50513) addi a0, a0, 0x4cc
x10 <- 0x000CCCCCCCCCCCCC
mem[X,0x0000000080002864] -> 0x1513
mem[X,0x0000000080002866] -> 0x00A5
[2590] [M]: 0x0000000080002864 (0x00A51513) slli a0, a0, 0xa
x10 <- 0x3333333333333000
mem[X,0x0000000080002868] -> 0x0513
mem[X,0x000000008000286A] -> 0x3335
[2591] [M]: 0x0000000080002868 (0x33350513) addi a0, a0, 0x333
x10 <- 0x3333333333333333
mem[X,0x000000008000286C] -> 0x0593
mem[X,0x000000008000286E] -> 0x0030
[2592] [M]: 0x000000008000286C (0x00300593) addi a1, zero, 0x3
x11 <- 0x0000000000000003
mem[X,0x0000000080002870] -> 0x063B
mem[X,0x0000000080002872] -> 0x40B5
[2593] [M]: 0x0000000080002870 (0x40B5063B) subw a2, a0, a1
x12 <- 0x0000000033333330
mem[X,0x0000000080002874] -> 0xB823
mem[X,0x0000000080002876] -> 0x02C2
[2594] [M]: 0x0000000080002874 (0x02C2B823) sd a2, 0x30(t0)
mem[0x000000008000B9D8] <- 0x0000000033333330
mem[X,0x0000000080002878] -> 0x3537
mem[X,0x000000008000287A] -> 0x3333
[2595] [M]: 0x0000000080002878 (0x33333537) lui a0, 0x33333
x10 <- 0x0000000033333000
mem[X,0x000000008000287C] -> 0x0513
mem[X,0x000000008000287E] -> 0x3335
[2596] [M]: 0x000000008000287C (0x33350513) addi a0, a0, 0x333
x10 <- 0x0000000033333333
mem[X,0x0000000080002880] -> 0x1513
mem[X,0x0000000080002882] -> 0x00B5
[2597] [M]: 0x0000000080002880 (0x00B51513) slli a0, a0, 0xb
x10 <- 0x0000019999999800
mem[X,0x0000000080002884] -> 0x0513
mem[X,0x0000000080002886] -> 0x1995
[2598] [M]: 0x0000000080002884 (0x19950513) addi a0, a0, 0x199
x10 <- 0x0000019999999999
mem[X,0x0000000080002888] -> 0x1513
mem[X,0x000000008000288A] -> 0x00B5
[2599] [M]: 0x0000000080002888 (0x00B51513) slli a0, a0, 0xb
x10 <- 0x000CCCCCCCCCC800
clint::tick mtime <- 0x000000000000001A
 clint timer pending at mtime 0x000000000000001A
htif::tick 0x0000000000000000
mem[X,0x000000008000288C] -> 0x0513
mem[X,0x000000008000288E] -> 0x4CC5
[2600] [M]: 0x000000008000288C (0x4CC50513) addi a0, a0, 0x4cc
x10 <- 0x000CCCCCCCCCCCCC
mem[X,0x0000000080002890] -> 0x1513
mem[X,0x0000000080002892] -> 0x00A5
[2601] [M]: 0x0000000080002890 (0x00A51513) slli a0, a0, 0xa
x10 <- 0x3333333333333000
mem[X,0x0000000080002894] -> 0x0513
mem[X,0x0000000080002896] -> 0x3335
[2602] [M]: 0x0000000080002894 (0x33350513) addi a0, a0, 0x333
x10 <- 0x3333333333333333
mem[X,0x0000000080002898] -> 0x55B7
mem[X,0x000000008000289A] -> 0x5555
[2603] [M]: 0x0000000080002898 (0x555555B7) lui a1, 0x55555
x11 <- 0x0000000055555000
mem[X,0x000000008000289C] -> 0x8593
mem[X,0x000000008000289E] -> 0x5555
[2604] [M]: 0x000000008000289C (0x55558593) addi a1, a1, 0x555
x11 <- 0x0000000055555555
mem[X,0x00000000800028A0] -> 0x9593
mem[X,0x00000000800028A2] -> 0x00B5
[2605] [M]: 0x00000000800028A0 (0x00B59593) slli a1, a1, 0xb
x11 <- 0x000002AAAAAAA800
mem[X,0x00000000800028A4] -> 0x8593
mem[X,0x00000000800028A6] -> 0x2AA5
[2606] [M]: 0x00000000800028A4 (0x2AA58593) addi a1, a1, 0x2aa
x11 <- 0x000002AAAAAAAAAA
mem[X,0x00000000800028A8] -> 0x9593
mem[X,0x00000000800028AA] -> 0x00B5
[2607] [M]: 0x00000000800028A8 (0x00B59593) slli a1, a1, 0xb
x11 <- 0x0015555555555000
mem[X,0x00000000800028AC] -> 0x8593
mem[X,0x00000000800028AE] -> 0x5555
[2608] [M]: 0x00000000800028AC (0x55558593) addi a1, a1, 0x555
x11 <- 0x0015555555555555
mem[X,0x00000000800028B0] -> 0x9593
mem[X,0x00000000800028B2] -> 0x00A5
[2609] [M]: 0x00000000800028B0 (0x00A59593) slli a1, a1, 0xa
x11 <- 0x5555555555555400
mem[X,0x00000000800028B4] -> 0x8593
mem[X,0x00000000800028B6] -> 0x1555
[2610] [M]: 0x00000000800028B4 (0x15558593) addi a1, a1, 0x155
x11 <- 0x5555555555555555
mem[X,0x00000000800028B8] -> 0x063B
mem[X,0x00000000800028BA] -> 0x40B5
[2611] [M]: 0x00000000800028B8 (0x40B5063B) subw a2, a0, a1
x12 <- 0xFFFFFFFFDDDDDDDE
mem[X,0x00000000800028BC] -> 0xBC23
mem[X,0x00000000800028BE] -> 0x02C2
[2612] [M]: 0x00000000800028BC (0x02C2BC23) sd a2, 0x38(t0)
mem[0x000000008000B9E0] <- 0xFFFFFFFFDDDDDDDE
mem[X,0x00000000800028C0] -> 0x3537
mem[X,0x00000000800028C2] -> 0x3333
[2613] [M]: 0x00000000800028C0 (0x33333537) lui a0, 0x33333
x10 <- 0x0000000033333000
mem[X,0x00000000800028C4] -> 0x0513
mem[X,0x00000000800028C6] -> 0x3335
[2614] [M]: 0x00000000800028C4 (0x33350513) addi a0, a0, 0x333
x10 <- 0x0000000033333333
mem[X,0x00000000800028C8] -> 0x1513
mem[X,0x00000000800028CA] -> 0x00B5
[2615] [M]: 0x00000000800028C8 (0x00B51513) slli a0, a0, 0xb
x10 <- 0x0000019999999800
mem[X,0x00000000800028CC] -> 0x0513
mem[X,0x00000000800028CE] -> 0x1995
[2616] [M]: 0x00000000800028CC (0x19950513) addi a0, a0, 0x199
x10 <- 0x0000019999999999
mem[X,0x00000000800028D0] -> 0x1513
mem[X,0x00000000800028D2] -> 0x00B5
[2617] [M]: 0x00000000800028D0 (0x00B51513) slli a0, a0, 0xb
x10 <- 0x000CCCCCCCCCC800
mem[X,0x00000000800028D4] -> 0x0513
mem[X,0x00000000800028D6] -> 0x4CC5
[2618] [M]: 0x00000000800028D4 (0x4CC50513) addi a0, a0, 0x4cc
x10 <- 0x000CCCCCCCCCCCCC
mem[X,0x00000000800028D8] -> 0x1513
mem[X,0x00000000800028DA] -> 0x00A5
[2619] [M]: 0x00000000800028D8 (0x00A51513) slli a0, a0, 0xa
x10 <- 0x3333333333333000
mem[X,0x00000000800028DC] -> 0x0513
mem[X,0x00000000800028DE] -> 0x3335
[2620] [M]: 0x00000000800028DC (0x33350513) addi a0, a0, 0x333
x10 <- 0x3333333333333333
mem[X,0x00000000800028E0] -> 0xB5B7
mem[X,0x00000000800028E2] -> 0xAAAA
[2621] [M]: 0x00000000800028E0 (0xAAAAB5B7) lui a1, -0x55555
x11 <- 0xFFFFFFFFAAAAB000
mem[X,0x00000000800028E4] -> 0x8593
mem[X,0x00000000800028E6] -> 0xAAA5
[2622] [M]: 0x00000000800028E4 (0xAAA58593) addi a1, a1, -0x556
x11 <- 0xFFFFFFFFAAAAAAAA
mem[X,0x00000000800028E8] -> 0x9593
mem[X,0x00000000800028EA] -> 0x00B5
[2623] [M]: 0x00000000800028E8 (0x00B59593) slli a1, a1, 0xb
x11 <- 0xFFFFFD5555555000
mem[X,0x00000000800028EC] -> 0x8593
mem[X,0x00000000800028EE] -> 0x5555
[2624] [M]: 0x00000000800028EC (0x55558593) addi a1, a1, 0x555
x11 <- 0xFFFFFD5555555555
mem[X,0x00000000800028F0] -> 0x9593
mem[X,0x00000000800028F2] -> 0x00B5
[2625] [M]: 0x00000000800028F0 (0x00B59593) slli a1, a1, 0xb
x11 <- 0xFFEAAAAAAAAAA800
mem[X,0x00000000800028F4] -> 0x8593
mem[X,0x00000000800028F6] -> 0x2AA5
[2626] [M]: 0x00000000800028F4 (0x2AA58593) addi a1, a1, 0x2aa
x11 <- 0xFFEAAAAAAAAAAAAA
mem[X,0x00000000800028F8] -> 0x9593
mem[X,0x00000000800028FA] -> 0x00A5
[2627] [M]: 0x00000000800028F8 (0x00A59593) slli a1, a1, 0xa
x11 <- 0xAAAAAAAAAAAAA800
mem[X,0x00000000800028FC] -> 0x8593
mem[X,0x00000000800028FE] -> 0x2AA5
[2628] [M]: 0x00000000800028FC (0x2AA58593) addi a1, a1, 0x2aa
x11 <- 0xAAAAAAAAAAAAAAAA
mem[X,0x0000000080002900] -> 0x063B
mem[X,0x0000000080002902] -> 0x40B5
[2629] [M]: 0x0000000080002900 (0x40B5063B) subw a2, a0, a1
x12 <- 0xFFFFFFFF88888889
mem[X,0x0000000080002904] -> 0xB023
mem[X,0x0000000080002906] -> 0x04C2
[2630] [M]: 0x0000000080002904 (0x04C2B023) sd a2, 0x40(t0)
mem[0x000000008000B9E8] <- 0xFFFFFFFF88888889
mem[X,0x0000000080002908] -> 0x3537
mem[X,0x000000008000290A] -> 0x3333
[2631] [M]: 0x0000000080002908 (0x33333537) lui a0, 0x33333
x10 <- 0x0000000033333000
mem[X,0x000000008000290C] -> 0x0513
mem[X,0x000000008000290E] -> 0x3335
[2632] [M]: 0x000000008000290C (0x33350513) addi a0, a0, 0x333
x10 <- 0x0000000033333333
mem[X,0x0000000080002910] -> 0x1513
mem[X,0x0000000080002912] -> 0x00B5
[2633] [M]: 0x0000000080002910 (0x00B51513) slli a0, a0, 0xb
x10 <- 0x0000019999999800
mem[X,0x0000000080002914] -> 0x0513
mem[X,0x0000000080002916] -> 0x1995
[2634] [M]: 0x0000000080002914 (0x19950513) addi a0, a0, 0x199
x10 <- 0x0000019999999999
mem[X,0x0000000080002918] -> 0x1513
mem[X,0x000000008000291A] -> 0x00B5
[2635] [M]: 0x0000000080002918 (0x00B51513) slli a0, a0, 0xb
x10 <- 0x000CCCCCCCCCC800
mem[X,0x000000008000291C] -> 0x0513
mem[X,0x000000008000291E] -> 0x4CC5
[2636] [M]: 0x000000008000291C (0x4CC50513) addi a0, a0, 0x4cc
x10 <- 0x000CCCCCCCCCCCCC
mem[X,0x0000000080002920] -> 0x1513
mem[X,0x0000000080002922] -> 0x00A5
[2637] [M]: 0x0000000080002920 (0x00A51513) slli a0, a0, 0xa
x10 <- 0x3333333333333000
mem[X,0x0000000080002924] -> 0x0513
mem[X,0x0000000080002926] -> 0x3335
[2638] [M]: 0x0000000080002924 (0x33350513) addi a0, a0, 0x333
x10 <- 0x3333333333333333
mem[X,0x0000000080002928] -> 0x0593
mem[X,0x000000008000292A] -> 0x0050
[2639] [M]: 0x0000000080002928 (0x00500593) addi a1, zero, 0x5
x11 <- 0x0000000000000005
mem[X,0x000000008000292C] -> 0x063B
mem[X,0x000000008000292E] -> 0x40B5
[2640] [M]: 0x000000008000292C (0x40B5063B) subw a2, a0, a1
x12 <- 0x000000003333332E
mem[X,0x0000000080002930] -> 0xB423
mem[X,0x0000000080002932] -> 0x04C2
[2641] [M]: 0x0000000080002930 (0x04C2B423) sd a2, 0x48(t0)
mem[0x000000008000B9F0] <- 0x000000003333332E
mem[X,0x0000000080002934] -> 0x3537
mem[X,0x0000000080002936] -> 0x3333
[2642] [M]: 0x0000000080002934 (0x33333537) lui a0, 0x33333
x10 <- 0x0000000033333000
mem[X,0x0000000080002938] -> 0x0513
mem[X,0x000000008000293A] -> 0x3335
[2643] [M]: 0x0000000080002938 (0x33350513) addi a0, a0, 0x333
x10 <- 0x0000000033333333
mem[X,0x000000008000293C] -> 0x1513
mem[X,0x000000008000293E] -> 0x00B5
[2644] [M]: 0x000000008000293C (0x00B51513) slli a0, a0, 0xb
x10 <- 0x0000019999999800
mem[X,0x0000000080002940] -> 0x0513
mem[X,0x0000000080002942] -> 0x1995
[2645] [M]: 0x0000000080002940 (0x19950513) addi a0, a0, 0x199
x10 <- 0x0000019999999999
mem[X,0x0000000080002944] -> 0x1513
mem[X,0x0000000080002946] -> 0x00B5
[2646] [M]: 0x0000000080002944 (0x00B51513) slli a0, a0, 0xb
x10 <- 0x000CCCCCCCCCC800
mem[X,0x0000000080002948] -> 0x0513
mem[X,0x000000008000294A] -> 0x4CC5
[2647] [M]: 0x0000000080002948 (0x4CC50513) addi a0, a0, 0x4cc
x10 <- 0x000CCCCCCCCCCCCC
mem[X,0x000000008000294C] -> 0x1513
mem[X,0x000000008000294E] -> 0x00A5
[2648] [M]: 0x000000008000294C (0x00A51513) slli a0, a0, 0xa
x10 <- 0x3333333333333000
mem[X,0x0000000080002950] -> 0x0513
mem[X,0x0000000080002952] -> 0x3335
[2649] [M]: 0x0000000080002950 (0x33350513) addi a0, a0, 0x333
x10 <- 0x3333333333333333
mem[X,0x0000000080002954] -> 0x35B7
mem[X,0x0000000080002956] -> 0x3333
[2650] [M]: 0x0000000080002954 (0x333335B7) lui a1, 0x33333
x11 <- 0x0000000033333000
mem[X,0x0000000080002958] -> 0x8593
mem[X,0x000000008000295A] -> 0x3335
[2651] [M]: 0x0000000080002958 (0x33358593) addi a1, a1, 0x333
x11 <- 0x0000000033333333
mem[X,0x000000008000295C] -> 0x9593
mem[X,0x000000008000295E] -> 0x00B5
[2652] [M]: 0x000000008000295C (0x00B59593) slli a1, a1, 0xb
x11 <- 0x0000019999999800
mem[X,0x0000000080002960] -> 0x8593
mem[X,0x0000000080002962] -> 0x1995
[2653] [M]: 0x0000000080002960 (0x19958593) addi a1, a1, 0x199
x11 <- 0x0000019999999999
mem[X,0x0000000080002964] -> 0x9593
mem[X,0x0000000080002966] -> 0x00B5
[2654] [M]: 0x0000000080002964 (0x00B59593) slli a1, a1, 0xb
x11 <- 0x000CCCCCCCCCC800
mem[X,0x0000000080002968] -> 0x8593
mem[X,0x000000008000296A] -> 0x4CC5
[2655] [M]: 0x0000000080002968 (0x4CC58593) addi a1, a1, 0x4cc
x11 <- 0x000CCCCCCCCCCCCC
mem[X,0x000000008000296C] -> 0x9593
mem[X,0x000000008000296E] -> 0x00A5
[2656] [M]: 0x000000008000296C (0x00A59593) slli a1, a1, 0xa
x11 <- 0x3333333333333000
mem[X,0x0000000080002970] -> 0x8593
mem[X,0x0000000080002972] -> 0x3335
[2657] [M]: 0x0000000080002970 (0x33358593) addi a1, a1, 0x333
x11 <- 0x3333333333333333
mem[X,0x0000000080002974] -> 0x063B
mem[X,0x0000000080002976] -> 0x40B5
[2658] [M]: 0x0000000080002974 (0x40B5063B) subw a2, a0, a1
x12 <- 0x0000000000000000
mem[X,0x0000000080002978] -> 0xB823
mem[X,0x000000008000297A] -> 0x04C2
[2659] [M]: 0x0000000080002978 (0x04C2B823) sd a2, 0x50(t0)
mem[0x000000008000B9F8] <- 0x0000000000000000
mem[X,0x000000008000297C] -> 0x3537
mem[X,0x000000008000297E] -> 0x3333
[2660] [M]: 0x000000008000297C (0x33333537) lui a0, 0x33333
x10 <- 0x0000000033333000
mem[X,0x0000000080002980] -> 0x0513
mem[X,0x0000000080002982] -> 0x3335
[2661] [M]: 0x0000000080002980 (0x33350513) addi a0, a0, 0x333
x10 <- 0x0000000033333333
mem[X,0x0000000080002984] -> 0x1513
mem[X,0x0000000080002986] -> 0x00B5
[2662] [M]: 0x0000000080002984 (0x00B51513) slli a0, a0, 0xb
x10 <- 0x0000019999999800
mem[X,0x0000000080002988] -> 0x0513
mem[X,0x000000008000298A] -> 0x1995
[2663] [M]: 0x0000000080002988 (0x19950513) addi a0, a0, 0x199
x10 <- 0x0000019999999999
mem[X,0x000000008000298C] -> 0x1513
mem[X,0x000000008000298E] -> 0x00B5
[2664] [M]: 0x000000008000298C (0x00B51513) slli a0, a0, 0xb
x10 <- 0x000CCCCCCCCCC800
mem[X,0x0000000080002990] -> 0x0513
mem[X,0x0000000080002992] -> 0x4CC5
[2665] [M]: 0x0000000080002990 (0x4CC50513) addi a0, a0, 0x4cc
x10 <- 0x000CCCCCCCCCCCCC
mem[X,0x0000000080002994] -> 0x1513
mem[X,0x0000000080002996] -> 0x00A5
[2666] [M]: 0x0000000080002994 (0x00A51513) slli a0, a0, 0xa
x10 <- 0x3333333333333000
mem[X,0x0000000080002998] -> 0x0513
mem[X,0x000000008000299A] -> 0x3335
[2667] [M]: 0x0000000080002998 (0x33350513) addi a0, a0, 0x333
x10 <- 0x3333333333333333
mem[X,0x000000008000299C] -> 0x65B7
mem[X,0x000000008000299E] -> 0x6666
[2668] [M]: 0x000000008000299C (0x666665B7) lui a1, 0x66666
x11 <- 0x0000000066666000
mem[X,0x00000000800029A0] -> 0x8593
mem[X,0x00000000800029A2] -> 0x6665
[2669] [M]: 0x00000000800029A0 (0x66658593) addi a1, a1, 0x666
x11 <- 0x0000000066666666
mem[X,0x00000000800029A4] -> 0x9593
mem[X,0x00000000800029A6] -> 0x00B5
[2670] [M]: 0x00000000800029A4 (0x00B59593) slli a1, a1, 0xb
x11 <- 0x0000033333333000
mem[X,0x00000000800029A8] -> 0x8593
mem[X,0x00000000800029AA] -> 0x3335
[2671] [M]: 0x00000000800029A8 (0x33358593) addi a1, a1, 0x333
x11 <- 0x0000033333333333
mem[X,0x00000000800029AC] -> 0x9593
mem[X,0x00000000800029AE] -> 0x00B5
[2672] [M]: 0x00000000800029AC (0x00B59593) slli a1, a1, 0xb
x11 <- 0x0019999999999800
mem[X,0x00000000800029B0] -> 0x8593
mem[X,0x00000000800029B2] -> 0x1995
[2673] [M]: 0x00000000800029B0 (0x19958593) addi a1, a1, 0x199
x11 <- 0x0019999999999999
mem[X,0x00000000800029B4] -> 0x9593
mem[X,0x00000000800029B6] -> 0x00A5
[2674] [M]: 0x00000000800029B4 (0x00A59593) slli a1, a1, 0xa
x11 <- 0x6666666666666400
mem[X,0x00000000800029B8] -> 0x8593
mem[X,0x00000000800029BA] -> 0x2665
[2675] [M]: 0x00000000800029B8 (0x26658593) addi a1, a1, 0x266
x11 <- 0x6666666666666666
mem[X,0x00000000800029BC] -> 0x063B
mem[X,0x00000000800029BE] -> 0x40B5
[2676] [M]: 0x00000000800029BC (0x40B5063B) subw a2, a0, a1
x12 <- 0xFFFFFFFFCCCCCCCD
mem[X,0x00000000800029C0] -> 0xBC23
mem[X,0x00000000800029C2] -> 0x04C2
[2677] [M]: 0x00000000800029C0 (0x04C2BC23) sd a2, 0x58(t0)
mem[0x000000008000BA00] <- 0xFFFFFFFFCCCCCCCD
mem[X,0x00000000800029C4] -> 0x3537
mem[X,0x00000000800029C6] -> 0x3333
[2678] [M]: 0x00000000800029C4 (0x33333537) lui a0, 0x33333
x10 <- 0x0000000033333000
mem[X,0x00000000800029C8] -> 0x0513
mem[X,0x00000000800029CA] -> 0x3335
[2679] [M]: 0x00000000800029C8 (0x33350513) addi a0, a0, 0x333
x10 <- 0x0000000033333333
mem[X,0x00000000800029CC] -> 0x1513
mem[X,0x00000000800029CE] -> 0x00B5
[2680] [M]: 0x00000000800029CC (0x00B51513) slli a0, a0, 0xb
x10 <- 0x0000019999999800
mem[X,0x00000000800029D0] -> 0x0513
mem[X,0x00000000800029D2] -> 0x1995
[2681] [M]: 0x00000000800029D0 (0x19950513) addi a0, a0, 0x199
x10 <- 0x0000019999999999
mem[X,0x00000000800029D4] -> 0x1513
mem[X,0x00000000800029D6] -> 0x00B5
[2682] [M]: 0x00000000800029D4 (0x00B51513) slli a0, a0, 0xb
x10 <- 0x000CCCCCCCCCC800
mem[X,0x00000000800029D8] -> 0x0513
mem[X,0x00000000800029DA] -> 0x4CC5
[2683] [M]: 0x00000000800029D8 (0x4CC50513) addi a0, a0, 0x4cc
x10 <- 0x000CCCCCCCCCCCCC
mem[X,0x00000000800029DC] -> 0x1513
mem[X,0x00000000800029DE] -> 0x00A5
[2684] [M]: 0x00000000800029DC (0x00A51513) slli a0, a0, 0xa
x10 <- 0x3333333333333000
mem[X,0x00000000800029E0] -> 0x0513
mem[X,0x00000000800029E2] -> 0x3335
[2685] [M]: 0x00000000800029E0 (0x33350513) addi a0, a0, 0x333
x10 <- 0x3333333333333333
mem[X,0x00000000800029E4] -> 0x05B7
mem[X,0x00000000800029E6] -> 0x0000
[2686] [M]: 0x00000000800029E4 (0x000005B7) lui a1, 0x0
x11 <- 0x0000000000000000
mem[X,0x00000000800029E8] -> 0x8593
mem[X,0x00000000800029EA] -> 0xFFF5
[2687] [M]: 0x00000000800029E8 (0xFFF58593) addi a1, a1, -0x1
x11 <- 0xFFFFFFFFFFFFFFFF
mem[X,0x00000000800029EC] -> 0x9593
mem[X,0x00000000800029EE] -> 0x00B5
[2688] [M]: 0x00000000800029EC (0x00B59593) slli a1, a1, 0xb
x11 <- 0xFFFFFFFFFFFFF800
mem[X,0x00000000800029F0] -> 0x8593
mem[X,0x00000000800029F2] -> 0x2575
[2689] [M]: 0x00000000800029F0 (0x25758593) addi a1, a1, 0x257
x11 <- 0xFFFFFFFFFFFFFA57
mem[X,0x00000000800029F4] -> 0x9593
mem[X,0x00000000800029F6] -> 0x00B5
[2690] [M]: 0x00000000800029F4 (0x00B59593) slli a1, a1, 0xb
x11 <- 0xFFFFFFFFFFD2B800
mem[X,0x00000000800029F8] -> 0x8593
mem[X,0x00000000800029FA] -> 0x6C35
[2691] [M]: 0x00000000800029F8 (0x6C358593) addi a1, a1, 0x6c3
x11 <- 0xFFFFFFFFFFD2BEC3
mem[X,0x00000000800029FC] -> 0x9593
mem[X,0x00000000800029FE] -> 0x00A5
[2692] [M]: 0x00000000800029FC (0x00A59593) slli a1, a1, 0xa
x11 <- 0xFFFFFFFF4AFB0C00
mem[X,0x0000000080002A00] -> 0x8593
mem[X,0x0000000080002A02] -> 0x0CD5
[2693] [M]: 0x0000000080002A00 (0x0CD58593) addi a1, a1, 0xcd
x11 <- 0xFFFFFFFF4AFB0CCD
mem[X,0x0000000080002A04] -> 0x063B
mem[X,0x0000000080002A06] -> 0x40B5
[2694] [M]: 0x0000000080002A04 (0x40B5063B) subw a2, a0, a1
x12 <- 0xFFFFFFFFE8382666
mem[X,0x0000000080002A08] -> 0xB023
mem[X,0x0000000080002A0A] -> 0x06C2
[2695] [M]: 0x0000000080002A08 (0x06C2B023) sd a2, 0x60(t0)
mem[0x000000008000BA08] <- 0xFFFFFFFFE8382666
mem[X,0x0000000080002A0C] -> 0x3537
mem[X,0x0000000080002A0E] -> 0x3333
[2696] [M]: 0x0000000080002A0C (0x33333537) lui a0, 0x33333
x10 <- 0x0000000033333000
mem[X,0x0000000080002A10] -> 0x0513
mem[X,0x0000000080002A12] -> 0x3335
[2697] [M]: 0x0000000080002A10 (0x33350513) addi a0, a0, 0x333
x10 <- 0x0000000033333333
mem[X,0x0000000080002A14] -> 0x1513
mem[X,0x0000000080002A16] -> 0x00B5
[2698] [M]: 0x0000000080002A14 (0x00B51513) slli a0, a0, 0xb
x10 <- 0x0000019999999800
mem[X,0x0000000080002A18] -> 0x0513
mem[X,0x0000000080002A1A] -> 0x1995
[2699] [M]: 0x0000000080002A18 (0x19950513) addi a0, a0, 0x199
x10 <- 0x0000019999999999
clint::tick mtime <- 0x000000000000001B
 clint timer pending at mtime 0x000000000000001B
htif::tick 0x0000000000000000
mem[X,0x0000000080002A1C] -> 0x1513
mem[X,0x0000000080002A1E] -> 0x00B5
[2700] [M]: 0x0000000080002A1C (0x00B51513) slli a0, a0, 0xb
x10 <- 0x000CCCCCCCCCC800
mem[X,0x0000000080002A20] -> 0x0513
mem[X,0x0000000080002A22] -> 0x4CC5
[2701] [M]: 0x0000000080002A20 (0x4CC50513) addi a0, a0, 0x4cc
x10 <- 0x000CCCCCCCCCCCCC
mem[X,0x0000000080002A24] -> 0x1513
mem[X,0x0000000080002A26] -> 0x00A5
[2702] [M]: 0x0000000080002A24 (0x00A51513) slli a0, a0, 0xa
x10 <- 0x3333333333333000
mem[X,0x0000000080002A28] -> 0x0513
mem[X,0x0000000080002A2A] -> 0x3335
[2703] [M]: 0x0000000080002A28 (0x33350513) addi a0, a0, 0x333
x10 <- 0x3333333333333333
mem[X,0x0000000080002A2C] -> 0x05B7
mem[X,0x0000000080002A2E] -> 0x0000
[2704] [M]: 0x0000000080002A2C (0x000005B7) lui a1, 0x0
x11 <- 0x0000000000000000
mem[X,0x0000000080002A30] -> 0x8593
mem[X,0x0000000080002A32] -> 0x0005
[2705] [M]: 0x0000000080002A30 (0x00058593) addi a1, a1, 0x0
x11 <- 0x0000000000000000
mem[X,0x0000000080002A34] -> 0x9593
mem[X,0x0000000080002A36] -> 0x00B5
[2706] [M]: 0x0000000080002A34 (0x00B59593) slli a1, a1, 0xb
x11 <- 0x0000000000000000
mem[X,0x0000000080002A38] -> 0x8593
mem[X,0x0000000080002A3A] -> 0x5A85
[2707] [M]: 0x0000000080002A38 (0x5A858593) addi a1, a1, 0x5a8
x11 <- 0x00000000000005A8
mem[X,0x0000000080002A3C] -> 0x9593
mem[X,0x0000000080002A3E] -> 0x00B5
[2708] [M]: 0x0000000080002A3C (0x00B59593) slli a1, a1, 0xb
x11 <- 0x00000000002D4000
mem[X,0x0000000080002A40] -> 0x8593
mem[X,0x0000000080002A42] -> 0x13C5
[2709] [M]: 0x0000000080002A40 (0x13C58593) addi a1, a1, 0x13c
x11 <- 0x00000000002D413C
mem[X,0x0000000080002A44] -> 0x9593
mem[X,0x0000000080002A46] -> 0x00A5
[2710] [M]: 0x0000000080002A44 (0x00A59593) slli a1, a1, 0xa
x11 <- 0x00000000B504F000
mem[X,0x0000000080002A48] -> 0x8593
mem[X,0x0000000080002A4A] -> 0x3335
[2711] [M]: 0x0000000080002A48 (0x33358593) addi a1, a1, 0x333
x11 <- 0x00000000B504F333
mem[X,0x0000000080002A4C] -> 0x063B
mem[X,0x0000000080002A4E] -> 0x40B5
[2712] [M]: 0x0000000080002A4C (0x40B5063B) subw a2, a0, a1
x12 <- 0x000000007E2E4000
mem[X,0x0000000080002A50] -> 0xB423
mem[X,0x0000000080002A52] -> 0x06C2
[2713] [M]: 0x0000000080002A50 (0x06C2B423) sd a2, 0x68(t0)
mem[0x000000008000BA10] <- 0x000000007E2E4000
mem[X,0x0000000080002A54] -> 0x3537
mem[X,0x0000000080002A56] -> 0x3333
[2714] [M]: 0x0000000080002A54 (0x33333537) lui a0, 0x33333
x10 <- 0x0000000033333000
mem[X,0x0000000080002A58] -> 0x0513
mem[X,0x0000000080002A5A] -> 0x3335
[2715] [M]: 0x0000000080002A58 (0x33350513) addi a0, a0, 0x333
x10 <- 0x0000000033333333
mem[X,0x0000000080002A5C] -> 0x1513
mem[X,0x0000000080002A5E] -> 0x00B5
[2716] [M]: 0x0000000080002A5C (0x00B51513) slli a0, a0, 0xb
x10 <- 0x0000019999999800
mem[X,0x0000000080002A60] -> 0x0513
mem[X,0x0000000080002A62] -> 0x1995
[2717] [M]: 0x0000000080002A60 (0x19950513) addi a0, a0, 0x199
x10 <- 0x0000019999999999
mem[X,0x0000000080002A64] -> 0x1513
mem[X,0x0000000080002A66] -> 0x00B5
[2718] [M]: 0x0000000080002A64 (0x00B51513) slli a0, a0, 0xb
x10 <- 0x000CCCCCCCCCC800
mem[X,0x0000000080002A68] -> 0x0513
mem[X,0x0000000080002A6A] -> 0x4CC5
[2719] [M]: 0x0000000080002A68 (0x4CC50513) addi a0, a0, 0x4cc
x10 <- 0x000CCCCCCCCCCCCC
mem[X,0x0000000080002A6C] -> 0x1513
mem[X,0x0000000080002A6E] -> 0x00A5
[2720] [M]: 0x0000000080002A6C (0x00A51513) slli a0, a0, 0xa
x10 <- 0x3333333333333000
mem[X,0x0000000080002A70] -> 0x0513
mem[X,0x0000000080002A72] -> 0x3335
[2721] [M]: 0x0000000080002A70 (0x33350513) addi a0, a0, 0x333
x10 <- 0x3333333333333333
mem[X,0x0000000080002A74] -> 0x0593
mem[X,0x0000000080002A76] -> 0x0020
[2722] [M]: 0x0000000080002A74 (0x00200593) addi a1, zero, 0x2
x11 <- 0x0000000000000002
mem[X,0x0000000080002A78] -> 0x063B
mem[X,0x0000000080002A7A] -> 0x40B5
[2723] [M]: 0x0000000080002A78 (0x40B5063B) subw a2, a0, a1
x12 <- 0x0000000033333331
mem[X,0x0000000080002A7C] -> 0xB823
mem[X,0x0000000080002A7E] -> 0x06C2
[2724] [M]: 0x0000000080002A7C (0x06C2B823) sd a2, 0x70(t0)
mem[0x000000008000BA18] <- 0x0000000033333331
mem[X,0x0000000080002A80] -> 0x3537
mem[X,0x0000000080002A82] -> 0x3333
[2725] [M]: 0x0000000080002A80 (0x33333537) lui a0, 0x33333
x10 <- 0x0000000033333000
mem[X,0x0000000080002A84] -> 0x0513
mem[X,0x0000000080002A86] -> 0x3335
[2726] [M]: 0x0000000080002A84 (0x33350513) addi a0, a0, 0x333
x10 <- 0x0000000033333333
mem[X,0x0000000080002A88] -> 0x1513
mem[X,0x0000000080002A8A] -> 0x00B5
[2727] [M]: 0x0000000080002A88 (0x00B51513) slli a0, a0, 0xb
x10 <- 0x0000019999999800
mem[X,0x0000000080002A8C] -> 0x0513
mem[X,0x0000000080002A8E] -> 0x1995
[2728] [M]: 0x0000000080002A8C (0x19950513) addi a0, a0, 0x199
x10 <- 0x0000019999999999
mem[X,0x0000000080002A90] -> 0x1513
mem[X,0x0000000080002A92] -> 0x00B5
[2729] [M]: 0x0000000080002A90 (0x00B51513) slli a0, a0, 0xb
x10 <- 0x000CCCCCCCCCC800
mem[X,0x0000000080002A94] -> 0x0513
mem[X,0x0000000080002A96] -> 0x4CC5
[2730] [M]: 0x0000000080002A94 (0x4CC50513) addi a0, a0, 0x4cc
x10 <- 0x000CCCCCCCCCCCCC
mem[X,0x0000000080002A98] -> 0x1513
mem[X,0x0000000080002A9A] -> 0x00A5
[2731] [M]: 0x0000000080002A98 (0x00A51513) slli a0, a0, 0xa
x10 <- 0x3333333333333000
mem[X,0x0000000080002A9C] -> 0x0513
mem[X,0x0000000080002A9E] -> 0x3335
[2732] [M]: 0x0000000080002A9C (0x33350513) addi a0, a0, 0x333
x10 <- 0x3333333333333333
mem[X,0x0000000080002AA0] -> 0x55B7
mem[X,0x0000000080002AA2] -> 0x5555
[2733] [M]: 0x0000000080002AA0 (0x555555B7) lui a1, 0x55555
x11 <- 0x0000000055555000
mem[X,0x0000000080002AA4] -> 0x8593
mem[X,0x0000000080002AA6] -> 0x5555
[2734] [M]: 0x0000000080002AA4 (0x55558593) addi a1, a1, 0x555
x11 <- 0x0000000055555555
mem[X,0x0000000080002AA8] -> 0x9593
mem[X,0x0000000080002AAA] -> 0x00B5
[2735] [M]: 0x0000000080002AA8 (0x00B59593) slli a1, a1, 0xb
x11 <- 0x000002AAAAAAA800
mem[X,0x0000000080002AAC] -> 0x8593
mem[X,0x0000000080002AAE] -> 0x2AA5
[2736] [M]: 0x0000000080002AAC (0x2AA58593) addi a1, a1, 0x2aa
x11 <- 0x000002AAAAAAAAAA
mem[X,0x0000000080002AB0] -> 0x9593
mem[X,0x0000000080002AB2] -> 0x00B5
[2737] [M]: 0x0000000080002AB0 (0x00B59593) slli a1, a1, 0xb
x11 <- 0x0015555555555000
mem[X,0x0000000080002AB4] -> 0x8593
mem[X,0x0000000080002AB6] -> 0x5555
[2738] [M]: 0x0000000080002AB4 (0x55558593) addi a1, a1, 0x555
x11 <- 0x0015555555555555
mem[X,0x0000000080002AB8] -> 0x9593
mem[X,0x0000000080002ABA] -> 0x00A5
[2739] [M]: 0x0000000080002AB8 (0x00A59593) slli a1, a1, 0xa
x11 <- 0x5555555555555400
mem[X,0x0000000080002ABC] -> 0x8593
mem[X,0x0000000080002ABE] -> 0x1545
[2740] [M]: 0x0000000080002ABC (0x15458593) addi a1, a1, 0x154
x11 <- 0x5555555555555554
mem[X,0x0000000080002AC0] -> 0x063B
mem[X,0x0000000080002AC2] -> 0x40B5
[2741] [M]: 0x0000000080002AC0 (0x40B5063B) subw a2, a0, a1
x12 <- 0xFFFFFFFFDDDDDDDF
mem[X,0x0000000080002AC4] -> 0xBC23
mem[X,0x0000000080002AC6] -> 0x06C2
[2742] [M]: 0x0000000080002AC4 (0x06C2BC23) sd a2, 0x78(t0)
mem[0x000000008000BA20] <- 0xFFFFFFFFDDDDDDDF
mem[X,0x0000000080002AC8] -> 0x3537
mem[X,0x0000000080002ACA] -> 0x3333
[2743] [M]: 0x0000000080002AC8 (0x33333537) lui a0, 0x33333
x10 <- 0x0000000033333000
mem[X,0x0000000080002ACC] -> 0x0513
mem[X,0x0000000080002ACE] -> 0x3335
[2744] [M]: 0x0000000080002ACC (0x33350513) addi a0, a0, 0x333
x10 <- 0x0000000033333333
mem[X,0x0000000080002AD0] -> 0x1513
mem[X,0x0000000080002AD2] -> 0x00B5
[2745] [M]: 0x0000000080002AD0 (0x00B51513) slli a0, a0, 0xb
x10 <- 0x0000019999999800
mem[X,0x0000000080002AD4] -> 0x0513
mem[X,0x0000000080002AD6] -> 0x1995
[2746] [M]: 0x0000000080002AD4 (0x19950513) addi a0, a0, 0x199
x10 <- 0x0000019999999999
mem[X,0x0000000080002AD8] -> 0x1513
mem[X,0x0000000080002ADA] -> 0x00B5
[2747] [M]: 0x0000000080002AD8 (0x00B51513) slli a0, a0, 0xb
x10 <- 0x000CCCCCCCCCC800
mem[X,0x0000000080002ADC] -> 0x0513
mem[X,0x0000000080002ADE] -> 0x4CC5
[2748] [M]: 0x0000000080002ADC (0x4CC50513) addi a0, a0, 0x4cc
x10 <- 0x000CCCCCCCCCCCCC
mem[X,0x0000000080002AE0] -> 0x1513
mem[X,0x0000000080002AE2] -> 0x00A5
[2749] [M]: 0x0000000080002AE0 (0x00A51513) slli a0, a0, 0xa
x10 <- 0x3333333333333000
mem[X,0x0000000080002AE4] -> 0x0513
mem[X,0x0000000080002AE6] -> 0x3335
[2750] [M]: 0x0000000080002AE4 (0x33350513) addi a0, a0, 0x333
x10 <- 0x3333333333333333
mem[X,0x0000000080002AE8] -> 0x0593
mem[X,0x0000000080002AEA] -> 0x0000
[2751] [M]: 0x0000000080002AE8 (0x00000593) addi a1, zero, 0x0
x11 <- 0x0000000000000000
mem[X,0x0000000080002AEC] -> 0x063B
mem[X,0x0000000080002AEE] -> 0x40B5
[2752] [M]: 0x0000000080002AEC (0x40B5063B) subw a2, a0, a1
x12 <- 0x0000000033333333
mem[X,0x0000000080002AF0] -> 0xB023
mem[X,0x0000000080002AF2] -> 0x08C2
[2753] [M]: 0x0000000080002AF0 (0x08C2B023) sd a2, 0x80(t0)
mem[0x000000008000BA28] <- 0x0000000033333333
mem[X,0x0000000080002AF4] -> 0x3537
mem[X,0x0000000080002AF6] -> 0x3333
[2754] [M]: 0x0000000080002AF4 (0x33333537) lui a0, 0x33333
x10 <- 0x0000000033333000
mem[X,0x0000000080002AF8] -> 0x0513
mem[X,0x0000000080002AFA] -> 0x3335
[2755] [M]: 0x0000000080002AF8 (0x33350513) addi a0, a0, 0x333
x10 <- 0x0000000033333333
mem[X,0x0000000080002AFC] -> 0x1513
mem[X,0x0000000080002AFE] -> 0x00B5
[2756] [M]: 0x0000000080002AFC (0x00B51513) slli a0, a0, 0xb
x10 <- 0x0000019999999800
mem[X,0x0000000080002B00] -> 0x0513
mem[X,0x0000000080002B02] -> 0x1995
[2757] [M]: 0x0000000080002B00 (0x19950513) addi a0, a0, 0x199
x10 <- 0x0000019999999999
mem[X,0x0000000080002B04] -> 0x1513
mem[X,0x0000000080002B06] -> 0x00B5
[2758] [M]: 0x0000000080002B04 (0x00B51513) slli a0, a0, 0xb
x10 <- 0x000CCCCCCCCCC800
mem[X,0x0000000080002B08] -> 0x0513
mem[X,0x0000000080002B0A] -> 0x4CC5
[2759] [M]: 0x0000000080002B08 (0x4CC50513) addi a0, a0, 0x4cc
x10 <- 0x000CCCCCCCCCCCCC
mem[X,0x0000000080002B0C] -> 0x1513
mem[X,0x0000000080002B0E] -> 0x00A5
[2760] [M]: 0x0000000080002B0C (0x00A51513) slli a0, a0, 0xa
x10 <- 0x3333333333333000
mem[X,0x0000000080002B10] -> 0x0513
mem[X,0x0000000080002B12] -> 0x3335
[2761] [M]: 0x0000000080002B10 (0x33350513) addi a0, a0, 0x333
x10 <- 0x3333333333333333
mem[X,0x0000000080002B14] -> 0x0593
mem[X,0x0000000080002B16] -> 0x0040
[2762] [M]: 0x0000000080002B14 (0x00400593) addi a1, zero, 0x4
x11 <- 0x0000000000000004
mem[X,0x0000000080002B18] -> 0x063B
mem[X,0x0000000080002B1A] -> 0x40B5
[2763] [M]: 0x0000000080002B18 (0x40B5063B) subw a2, a0, a1
x12 <- 0x000000003333332F
mem[X,0x0000000080002B1C] -> 0xB423
mem[X,0x0000000080002B1E] -> 0x08C2
[2764] [M]: 0x0000000080002B1C (0x08C2B423) sd a2, 0x88(t0)
mem[0x000000008000BA30] <- 0x000000003333332F
mem[X,0x0000000080002B20] -> 0x3537
mem[X,0x0000000080002B22] -> 0x3333
[2765] [M]: 0x0000000080002B20 (0x33333537) lui a0, 0x33333
x10 <- 0x0000000033333000
mem[X,0x0000000080002B24] -> 0x0513
mem[X,0x0000000080002B26] -> 0x3335
[2766] [M]: 0x0000000080002B24 (0x33350513) addi a0, a0, 0x333
x10 <- 0x0000000033333333
mem[X,0x0000000080002B28] -> 0x1513
mem[X,0x0000000080002B2A] -> 0x00B5
[2767] [M]: 0x0000000080002B28 (0x00B51513) slli a0, a0, 0xb
x10 <- 0x0000019999999800
mem[X,0x0000000080002B2C] -> 0x0513
mem[X,0x0000000080002B2E] -> 0x1995
[2768] [M]: 0x0000000080002B2C (0x19950513) addi a0, a0, 0x199
x10 <- 0x0000019999999999
mem[X,0x0000000080002B30] -> 0x1513
mem[X,0x0000000080002B32] -> 0x00B5
[2769] [M]: 0x0000000080002B30 (0x00B51513) slli a0, a0, 0xb
x10 <- 0x000CCCCCCCCCC800
mem[X,0x0000000080002B34] -> 0x0513
mem[X,0x0000000080002B36] -> 0x4CC5
[2770] [M]: 0x0000000080002B34 (0x4CC50513) addi a0, a0, 0x4cc
x10 <- 0x000CCCCCCCCCCCCC
mem[X,0x0000000080002B38] -> 0x1513
mem[X,0x0000000080002B3A] -> 0x00A5
[2771] [M]: 0x0000000080002B38 (0x00A51513) slli a0, a0, 0xa
x10 <- 0x3333333333333000
mem[X,0x0000000080002B3C] -> 0x0513
mem[X,0x0000000080002B3E] -> 0x3335
[2772] [M]: 0x0000000080002B3C (0x33350513) addi a0, a0, 0x333
x10 <- 0x3333333333333333
mem[X,0x0000000080002B40] -> 0x35B7
mem[X,0x0000000080002B42] -> 0x3333
[2773] [M]: 0x0000000080002B40 (0x333335B7) lui a1, 0x33333
x11 <- 0x0000000033333000
mem[X,0x0000000080002B44] -> 0x8593
mem[X,0x0000000080002B46] -> 0x3335
[2774] [M]: 0x0000000080002B44 (0x33358593) addi a1, a1, 0x333
x11 <- 0x0000000033333333
mem[X,0x0000000080002B48] -> 0x9593
mem[X,0x0000000080002B4A] -> 0x00B5
[2775] [M]: 0x0000000080002B48 (0x00B59593) slli a1, a1, 0xb
x11 <- 0x0000019999999800
mem[X,0x0000000080002B4C] -> 0x8593
mem[X,0x0000000080002B4E] -> 0x1995
[2776] [M]: 0x0000000080002B4C (0x19958593) addi a1, a1, 0x199
x11 <- 0x0000019999999999
mem[X,0x0000000080002B50] -> 0x9593
mem[X,0x0000000080002B52] -> 0x00B5
[2777] [M]: 0x0000000080002B50 (0x00B59593) slli a1, a1, 0xb
x11 <- 0x000CCCCCCCCCC800
mem[X,0x0000000080002B54] -> 0x8593
mem[X,0x0000000080002B56] -> 0x4CC5
[2778] [M]: 0x0000000080002B54 (0x4CC58593) addi a1, a1, 0x4cc
x11 <- 0x000CCCCCCCCCCCCC
mem[X,0x0000000080002B58] -> 0x9593
mem[X,0x0000000080002B5A] -> 0x00A5
[2779] [M]: 0x0000000080002B58 (0x00A59593) slli a1, a1, 0xa
x11 <- 0x3333333333333000
mem[X,0x0000000080002B5C] -> 0x8593
mem[X,0x0000000080002B5E] -> 0x3325
[2780] [M]: 0x0000000080002B5C (0x33258593) addi a1, a1, 0x332
x11 <- 0x3333333333333332
mem[X,0x0000000080002B60] -> 0x063B
mem[X,0x0000000080002B62] -> 0x40B5
[2781] [M]: 0x0000000080002B60 (0x40B5063B) subw a2, a0, a1
x12 <- 0x0000000000000001
mem[X,0x0000000080002B64] -> 0xB823
mem[X,0x0000000080002B66] -> 0x08C2
[2782] [M]: 0x0000000080002B64 (0x08C2B823) sd a2, 0x90(t0)
mem[0x000000008000BA38] <- 0x0000000000000001
mem[X,0x0000000080002B68] -> 0x3537
mem[X,0x0000000080002B6A] -> 0x3333
[2783] [M]: 0x0000000080002B68 (0x33333537) lui a0, 0x33333
x10 <- 0x0000000033333000
mem[X,0x0000000080002B6C] -> 0x0513
mem[X,0x0000000080002B6E] -> 0x3335
[2784] [M]: 0x0000000080002B6C (0x33350513) addi a0, a0, 0x333
x10 <- 0x0000000033333333
mem[X,0x0000000080002B70] -> 0x1513
mem[X,0x0000000080002B72] -> 0x00B5
[2785] [M]: 0x0000000080002B70 (0x00B51513) slli a0, a0, 0xb
x10 <- 0x0000019999999800
mem[X,0x0000000080002B74] -> 0x0513
mem[X,0x0000000080002B76] -> 0x1995
[2786] [M]: 0x0000000080002B74 (0x19950513) addi a0, a0, 0x199
x10 <- 0x0000019999999999
mem[X,0x0000000080002B78] -> 0x1513
mem[X,0x0000000080002B7A] -> 0x00B5
[2787] [M]: 0x0000000080002B78 (0x00B51513) slli a0, a0, 0xb
x10 <- 0x000CCCCCCCCCC800
mem[X,0x0000000080002B7C] -> 0x0513
mem[X,0x0000000080002B7E] -> 0x4CC5
[2788] [M]: 0x0000000080002B7C (0x4CC50513) addi a0, a0, 0x4cc
x10 <- 0x000CCCCCCCCCCCCC
mem[X,0x0000000080002B80] -> 0x1513
mem[X,0x0000000080002B82] -> 0x00A5
[2789] [M]: 0x0000000080002B80 (0x00A51513) slli a0, a0, 0xa
x10 <- 0x3333333333333000
mem[X,0x0000000080002B84] -> 0x0513
mem[X,0x0000000080002B86] -> 0x3335
[2790] [M]: 0x0000000080002B84 (0x33350513) addi a0, a0, 0x333
x10 <- 0x3333333333333333
mem[X,0x0000000080002B88] -> 0x65B7
mem[X,0x0000000080002B8A] -> 0x6666
[2791] [M]: 0x0000000080002B88 (0x666665B7) lui a1, 0x66666
x11 <- 0x0000000066666000
mem[X,0x0000000080002B8C] -> 0x8593
mem[X,0x0000000080002B8E] -> 0x6665
[2792] [M]: 0x0000000080002B8C (0x66658593) addi a1, a1, 0x666
x11 <- 0x0000000066666666
mem[X,0x0000000080002B90] -> 0x9593
mem[X,0x0000000080002B92] -> 0x00B5
[2793] [M]: 0x0000000080002B90 (0x00B59593) slli a1, a1, 0xb
x11 <- 0x0000033333333000
mem[X,0x0000000080002B94] -> 0x8593
mem[X,0x0000000080002B96] -> 0x3335
[2794] [M]: 0x0000000080002B94 (0x33358593) addi a1, a1, 0x333
x11 <- 0x0000033333333333
mem[X,0x0000000080002B98] -> 0x9593
mem[X,0x0000000080002B9A] -> 0x00B5
[2795] [M]: 0x0000000080002B98 (0x00B59593) slli a1, a1, 0xb
x11 <- 0x0019999999999800
mem[X,0x0000000080002B9C] -> 0x8593
mem[X,0x0000000080002B9E] -> 0x1995
[2796] [M]: 0x0000000080002B9C (0x19958593) addi a1, a1, 0x199
x11 <- 0x0019999999999999
mem[X,0x0000000080002BA0] -> 0x9593
mem[X,0x0000000080002BA2] -> 0x00A5
[2797] [M]: 0x0000000080002BA0 (0x00A59593) slli a1, a1, 0xa
x11 <- 0x6666666666666400
mem[X,0x0000000080002BA4] -> 0x8593
mem[X,0x0000000080002BA6] -> 0x2655
[2798] [M]: 0x0000000080002BA4 (0x26558593) addi a1, a1, 0x265
x11 <- 0x6666666666666665
mem[X,0x0000000080002BA8] -> 0x063B
mem[X,0x0000000080002BAA] -> 0x40B5
[2799] [M]: 0x0000000080002BA8 (0x40B5063B) subw a2, a0, a1
x12 <- 0xFFFFFFFFCCCCCCCE
clint::tick mtime <- 0x000000000000001C
 clint timer pending at mtime 0x000000000000001C
htif::tick 0x0000000000000000
mem[X,0x0000000080002BAC] -> 0xBC23
mem[X,0x0000000080002BAE] -> 0x08C2
[2800] [M]: 0x0000000080002BAC (0x08C2BC23) sd a2, 0x98(t0)
mem[0x000000008000BA40] <- 0xFFFFFFFFCCCCCCCE
mem[X,0x0000000080002BB0] -> 0x3537
mem[X,0x0000000080002BB2] -> 0x3333
[2801] [M]: 0x0000000080002BB0 (0x33333537) lui a0, 0x33333
x10 <- 0x0000000033333000
mem[X,0x0000000080002BB4] -> 0x0513
mem[X,0x0000000080002BB6] -> 0x3335
[2802] [M]: 0x0000000080002BB4 (0x33350513) addi a0, a0, 0x333
x10 <- 0x0000000033333333
mem[X,0x0000000080002BB8] -> 0x1513
mem[X,0x0000000080002BBA] -> 0x00B5
[2803] [M]: 0x0000000080002BB8 (0x00B51513) slli a0, a0, 0xb
x10 <- 0x0000019999999800
mem[X,0x0000000080002BBC] -> 0x0513
mem[X,0x0000000080002BBE] -> 0x1995
[2804] [M]: 0x0000000080002BBC (0x19950513) addi a0, a0, 0x199
x10 <- 0x0000019999999999
mem[X,0x0000000080002BC0] -> 0x1513
mem[X,0x0000000080002BC2] -> 0x00B5
[2805] [M]: 0x0000000080002BC0 (0x00B51513) slli a0, a0, 0xb
x10 <- 0x000CCCCCCCCCC800
mem[X,0x0000000080002BC4] -> 0x0513
mem[X,0x0000000080002BC6] -> 0x4CC5
[2806] [M]: 0x0000000080002BC4 (0x4CC50513) addi a0, a0, 0x4cc
x10 <- 0x000CCCCCCCCCCCCC
mem[X,0x0000000080002BC8] -> 0x1513
mem[X,0x0000000080002BCA] -> 0x00A5
[2807] [M]: 0x0000000080002BC8 (0x00A51513) slli a0, a0, 0xa
x10 <- 0x3333333333333000
mem[X,0x0000000080002BCC] -> 0x0513
mem[X,0x0000000080002BCE] -> 0x3335
[2808] [M]: 0x0000000080002BCC (0x33350513) addi a0, a0, 0x333
x10 <- 0x3333333333333333
mem[X,0x0000000080002BD0] -> 0x05B7
mem[X,0x0000000080002BD2] -> 0x0000
[2809] [M]: 0x0000000080002BD0 (0x000005B7) lui a1, 0x0
x11 <- 0x0000000000000000
mem[X,0x0000000080002BD4] -> 0x8593
mem[X,0x0000000080002BD6] -> 0x0005
[2810] [M]: 0x0000000080002BD4 (0x00058593) addi a1, a1, 0x0
x11 <- 0x0000000000000000
mem[X,0x0000000080002BD8] -> 0x9593
mem[X,0x0000000080002BDA] -> 0x00B5
[2811] [M]: 0x0000000080002BD8 (0x00B59593) slli a1, a1, 0xb
x11 <- 0x0000000000000000
mem[X,0x0000000080002BDC] -> 0x8593
mem[X,0x0000000080002BDE] -> 0x5A85
[2812] [M]: 0x0000000080002BDC (0x5A858593) addi a1, a1, 0x5a8
x11 <- 0x00000000000005A8
mem[X,0x0000000080002BE0] -> 0x9593
mem[X,0x0000000080002BE2] -> 0x00B5
[2813] [M]: 0x0000000080002BE0 (0x00B59593) slli a1, a1, 0xb
x11 <- 0x00000000002D4000
mem[X,0x0000000080002BE4] -> 0x8593
mem[X,0x0000000080002BE6] -> 0x13C5
[2814] [M]: 0x0000000080002BE4 (0x13C58593) addi a1, a1, 0x13c
x11 <- 0x00000000002D413C
mem[X,0x0000000080002BE8] -> 0x9593
mem[X,0x0000000080002BEA] -> 0x00A5
[2815] [M]: 0x0000000080002BE8 (0x00A59593) slli a1, a1, 0xa
x11 <- 0x00000000B504F000
mem[X,0x0000000080002BEC] -> 0x8593
mem[X,0x0000000080002BEE] -> 0x3325
[2816] [M]: 0x0000000080002BEC (0x33258593) addi a1, a1, 0x332
x11 <- 0x00000000B504F332
mem[X,0x0000000080002BF0] -> 0x063B
mem[X,0x0000000080002BF2] -> 0x40B5
[2817] [M]: 0x0000000080002BF0 (0x40B5063B) subw a2, a0, a1
x12 <- 0x000000007E2E4001
mem[X,0x0000000080002BF4] -> 0xB023
mem[X,0x0000000080002BF6] -> 0x0AC2
[2818] [M]: 0x0000000080002BF4 (0x0AC2B023) sd a2, 0xa0(t0)
mem[0x000000008000BA48] <- 0x000000007E2E4001
mem[X,0x0000000080002BF8] -> 0x3537
mem[X,0x0000000080002BFA] -> 0x3333
[2819] [M]: 0x0000000080002BF8 (0x33333537) lui a0, 0x33333
x10 <- 0x0000000033333000
mem[X,0x0000000080002BFC] -> 0x0513
mem[X,0x0000000080002BFE] -> 0x3335
[2820] [M]: 0x0000000080002BFC (0x33350513) addi a0, a0, 0x333
x10 <- 0x0000000033333333
mem[X,0x0000000080002C00] -> 0x1513
mem[X,0x0000000080002C02] -> 0x00B5
[2821] [M]: 0x0000000080002C00 (0x00B51513) slli a0, a0, 0xb
x10 <- 0x0000019999999800
mem[X,0x0000000080002C04] -> 0x0513
mem[X,0x0000000080002C06] -> 0x1995
[2822] [M]: 0x0000000080002C04 (0x19950513) addi a0, a0, 0x199
x10 <- 0x0000019999999999
mem[X,0x0000000080002C08] -> 0x1513
mem[X,0x0000000080002C0A] -> 0x00B5
[2823] [M]: 0x0000000080002C08 (0x00B51513) slli a0, a0, 0xb
x10 <- 0x000CCCCCCCCCC800
mem[X,0x0000000080002C0C] -> 0x0513
mem[X,0x0000000080002C0E] -> 0x4CC5
[2824] [M]: 0x0000000080002C0C (0x4CC50513) addi a0, a0, 0x4cc
x10 <- 0x000CCCCCCCCCCCCC
mem[X,0x0000000080002C10] -> 0x1513
mem[X,0x0000000080002C12] -> 0x00A5
[2825] [M]: 0x0000000080002C10 (0x00A51513) slli a0, a0, 0xa
x10 <- 0x3333333333333000
mem[X,0x0000000080002C14] -> 0x0513
mem[X,0x0000000080002C16] -> 0x3335
[2826] [M]: 0x0000000080002C14 (0x33350513) addi a0, a0, 0x333
x10 <- 0x3333333333333333
mem[X,0x0000000080002C18] -> 0x55B7
mem[X,0x0000000080002C1A] -> 0x5555
[2827] [M]: 0x0000000080002C18 (0x555555B7) lui a1, 0x55555
x11 <- 0x0000000055555000
mem[X,0x0000000080002C1C] -> 0x8593
mem[X,0x0000000080002C1E] -> 0x5555
[2828] [M]: 0x0000000080002C1C (0x55558593) addi a1, a1, 0x555
x11 <- 0x0000000055555555
mem[X,0x0000000080002C20] -> 0x9593
mem[X,0x0000000080002C22] -> 0x00B5
[2829] [M]: 0x0000000080002C20 (0x00B59593) slli a1, a1, 0xb
x11 <- 0x000002AAAAAAA800
mem[X,0x0000000080002C24] -> 0x8593
mem[X,0x0000000080002C26] -> 0x2AA5
[2830] [M]: 0x0000000080002C24 (0x2AA58593) addi a1, a1, 0x2aa
x11 <- 0x000002AAAAAAAAAA
mem[X,0x0000000080002C28] -> 0x9593
mem[X,0x0000000080002C2A] -> 0x00B5
[2831] [M]: 0x0000000080002C28 (0x00B59593) slli a1, a1, 0xb
x11 <- 0x0015555555555000
mem[X,0x0000000080002C2C] -> 0x8593
mem[X,0x0000000080002C2E] -> 0x5555
[2832] [M]: 0x0000000080002C2C (0x55558593) addi a1, a1, 0x555
x11 <- 0x0015555555555555
mem[X,0x0000000080002C30] -> 0x9593
mem[X,0x0000000080002C32] -> 0x00A5
[2833] [M]: 0x0000000080002C30 (0x00A59593) slli a1, a1, 0xa
x11 <- 0x5555555555555400
mem[X,0x0000000080002C34] -> 0x8593
mem[X,0x0000000080002C36] -> 0x1565
[2834] [M]: 0x0000000080002C34 (0x15658593) addi a1, a1, 0x156
x11 <- 0x5555555555555556
mem[X,0x0000000080002C38] -> 0x063B
mem[X,0x0000000080002C3A] -> 0x40B5
[2835] [M]: 0x0000000080002C38 (0x40B5063B) subw a2, a0, a1
x12 <- 0xFFFFFFFFDDDDDDDD
mem[X,0x0000000080002C3C] -> 0xB423
mem[X,0x0000000080002C3E] -> 0x0AC2
[2836] [M]: 0x0000000080002C3C (0x0AC2B423) sd a2, 0xa8(t0)
mem[0x000000008000BA50] <- 0xFFFFFFFFDDDDDDDD
mem[X,0x0000000080002C40] -> 0x3537
mem[X,0x0000000080002C42] -> 0x3333
[2837] [M]: 0x0000000080002C40 (0x33333537) lui a0, 0x33333
x10 <- 0x0000000033333000
mem[X,0x0000000080002C44] -> 0x0513
mem[X,0x0000000080002C46] -> 0x3335
[2838] [M]: 0x0000000080002C44 (0x33350513) addi a0, a0, 0x333
x10 <- 0x0000000033333333
mem[X,0x0000000080002C48] -> 0x1513
mem[X,0x0000000080002C4A] -> 0x00B5
[2839] [M]: 0x0000000080002C48 (0x00B51513) slli a0, a0, 0xb
x10 <- 0x0000019999999800
mem[X,0x0000000080002C4C] -> 0x0513
mem[X,0x0000000080002C4E] -> 0x1995
[2840] [M]: 0x0000000080002C4C (0x19950513) addi a0, a0, 0x199
x10 <- 0x0000019999999999
mem[X,0x0000000080002C50] -> 0x1513
mem[X,0x0000000080002C52] -> 0x00B5
[2841] [M]: 0x0000000080002C50 (0x00B51513) slli a0, a0, 0xb
x10 <- 0x000CCCCCCCCCC800
mem[X,0x0000000080002C54] -> 0x0513
mem[X,0x0000000080002C56] -> 0x4CC5
[2842] [M]: 0x0000000080002C54 (0x4CC50513) addi a0, a0, 0x4cc
x10 <- 0x000CCCCCCCCCCCCC
mem[X,0x0000000080002C58] -> 0x1513
mem[X,0x0000000080002C5A] -> 0x00A5
[2843] [M]: 0x0000000080002C58 (0x00A51513) slli a0, a0, 0xa
x10 <- 0x3333333333333000
mem[X,0x0000000080002C5C] -> 0x0513
mem[X,0x0000000080002C5E] -> 0x3335
[2844] [M]: 0x0000000080002C5C (0x33350513) addi a0, a0, 0x333
x10 <- 0x3333333333333333
mem[X,0x0000000080002C60] -> 0xB5B7
mem[X,0x0000000080002C62] -> 0xAAAA
[2845] [M]: 0x0000000080002C60 (0xAAAAB5B7) lui a1, -0x55555
x11 <- 0xFFFFFFFFAAAAB000
mem[X,0x0000000080002C64] -> 0x8593
mem[X,0x0000000080002C66] -> 0xAAA5
[2846] [M]: 0x0000000080002C64 (0xAAA58593) addi a1, a1, -0x556
x11 <- 0xFFFFFFFFAAAAAAAA
mem[X,0x0000000080002C68] -> 0x9593
mem[X,0x0000000080002C6A] -> 0x00B5
[2847] [M]: 0x0000000080002C68 (0x00B59593) slli a1, a1, 0xb
x11 <- 0xFFFFFD5555555000
mem[X,0x0000000080002C6C] -> 0x8593
mem[X,0x0000000080002C6E] -> 0x5555
[2848] [M]: 0x0000000080002C6C (0x55558593) addi a1, a1, 0x555
x11 <- 0xFFFFFD5555555555
mem[X,0x0000000080002C70] -> 0x9593
mem[X,0x0000000080002C72] -> 0x00B5
[2849] [M]: 0x0000000080002C70 (0x00B59593) slli a1, a1, 0xb
x11 <- 0xFFEAAAAAAAAAA800
mem[X,0x0000000080002C74] -> 0x8593
mem[X,0x0000000080002C76] -> 0x2AA5
[2850] [M]: 0x0000000080002C74 (0x2AA58593) addi a1, a1, 0x2aa
x11 <- 0xFFEAAAAAAAAAAAAA
mem[X,0x0000000080002C78] -> 0x9593
mem[X,0x0000000080002C7A] -> 0x00A5
[2851] [M]: 0x0000000080002C78 (0x00A59593) slli a1, a1, 0xa
x11 <- 0xAAAAAAAAAAAAA800
mem[X,0x0000000080002C7C] -> 0x8593
mem[X,0x0000000080002C7E] -> 0x2AB5
[2852] [M]: 0x0000000080002C7C (0x2AB58593) addi a1, a1, 0x2ab
x11 <- 0xAAAAAAAAAAAAAAAB
mem[X,0x0000000080002C80] -> 0x063B
mem[X,0x0000000080002C82] -> 0x40B5
[2853] [M]: 0x0000000080002C80 (0x40B5063B) subw a2, a0, a1
x12 <- 0xFFFFFFFF88888888
mem[X,0x0000000080002C84] -> 0xB823
mem[X,0x0000000080002C86] -> 0x0AC2
[2854] [M]: 0x0000000080002C84 (0x0AC2B823) sd a2, 0xb0(t0)
mem[0x000000008000BA58] <- 0xFFFFFFFF88888888
mem[X,0x0000000080002C88] -> 0x3537
mem[X,0x0000000080002C8A] -> 0x3333
[2855] [M]: 0x0000000080002C88 (0x33333537) lui a0, 0x33333
x10 <- 0x0000000033333000
mem[X,0x0000000080002C8C] -> 0x0513
mem[X,0x0000000080002C8E] -> 0x3335
[2856] [M]: 0x0000000080002C8C (0x33350513) addi a0, a0, 0x333
x10 <- 0x0000000033333333
mem[X,0x0000000080002C90] -> 0x1513
mem[X,0x0000000080002C92] -> 0x00B5
[2857] [M]: 0x0000000080002C90 (0x00B51513) slli a0, a0, 0xb
x10 <- 0x0000019999999800
mem[X,0x0000000080002C94] -> 0x0513
mem[X,0x0000000080002C96] -> 0x1995
[2858] [M]: 0x0000000080002C94 (0x19950513) addi a0, a0, 0x199
x10 <- 0x0000019999999999
mem[X,0x0000000080002C98] -> 0x1513
mem[X,0x0000000080002C9A] -> 0x00B5
[2859] [M]: 0x0000000080002C98 (0x00B51513) slli a0, a0, 0xb
x10 <- 0x000CCCCCCCCCC800
mem[X,0x0000000080002C9C] -> 0x0513
mem[X,0x0000000080002C9E] -> 0x4CC5
[2860] [M]: 0x0000000080002C9C (0x4CC50513) addi a0, a0, 0x4cc
x10 <- 0x000CCCCCCCCCCCCC
mem[X,0x0000000080002CA0] -> 0x1513
mem[X,0x0000000080002CA2] -> 0x00A5
[2861] [M]: 0x0000000080002CA0 (0x00A51513) slli a0, a0, 0xa
x10 <- 0x3333333333333000
mem[X,0x0000000080002CA4] -> 0x0513
mem[X,0x0000000080002CA6] -> 0x3335
[2862] [M]: 0x0000000080002CA4 (0x33350513) addi a0, a0, 0x333
x10 <- 0x3333333333333333
mem[X,0x0000000080002CA8] -> 0x0593
mem[X,0x0000000080002CAA] -> 0x0060
[2863] [M]: 0x0000000080002CA8 (0x00600593) addi a1, zero, 0x6
x11 <- 0x0000000000000006
mem[X,0x0000000080002CAC] -> 0x063B
mem[X,0x0000000080002CAE] -> 0x40B5
[2864] [M]: 0x0000000080002CAC (0x40B5063B) subw a2, a0, a1
x12 <- 0x000000003333332D
mem[X,0x0000000080002CB0] -> 0xBC23
mem[X,0x0000000080002CB2] -> 0x0AC2
[2865] [M]: 0x0000000080002CB0 (0x0AC2BC23) sd a2, 0xb8(t0)
mem[0x000000008000BA60] <- 0x000000003333332D
mem[X,0x0000000080002CB4] -> 0x3537
mem[X,0x0000000080002CB6] -> 0x3333
[2866] [M]: 0x0000000080002CB4 (0x33333537) lui a0, 0x33333
x10 <- 0x0000000033333000
mem[X,0x0000000080002CB8] -> 0x0513
mem[X,0x0000000080002CBA] -> 0x3335
[2867] [M]: 0x0000000080002CB8 (0x33350513) addi a0, a0, 0x333
x10 <- 0x0000000033333333
mem[X,0x0000000080002CBC] -> 0x1513
mem[X,0x0000000080002CBE] -> 0x00B5
[2868] [M]: 0x0000000080002CBC (0x00B51513) slli a0, a0, 0xb
x10 <- 0x0000019999999800
mem[X,0x0000000080002CC0] -> 0x0513
mem[X,0x0000000080002CC2] -> 0x1995
[2869] [M]: 0x0000000080002CC0 (0x19950513) addi a0, a0, 0x199
x10 <- 0x0000019999999999
mem[X,0x0000000080002CC4] -> 0x1513
mem[X,0x0000000080002CC6] -> 0x00B5
[2870] [M]: 0x0000000080002CC4 (0x00B51513) slli a0, a0, 0xb
x10 <- 0x000CCCCCCCCCC800
mem[X,0x0000000080002CC8] -> 0x0513
mem[X,0x0000000080002CCA] -> 0x4CC5
[2871] [M]: 0x0000000080002CC8 (0x4CC50513) addi a0, a0, 0x4cc
x10 <- 0x000CCCCCCCCCCCCC
mem[X,0x0000000080002CCC] -> 0x1513
mem[X,0x0000000080002CCE] -> 0x00A5
[2872] [M]: 0x0000000080002CCC (0x00A51513) slli a0, a0, 0xa
x10 <- 0x3333333333333000
mem[X,0x0000000080002CD0] -> 0x0513
mem[X,0x0000000080002CD2] -> 0x3335
[2873] [M]: 0x0000000080002CD0 (0x33350513) addi a0, a0, 0x333
x10 <- 0x3333333333333333
mem[X,0x0000000080002CD4] -> 0x35B7
mem[X,0x0000000080002CD6] -> 0x3333
[2874] [M]: 0x0000000080002CD4 (0x333335B7) lui a1, 0x33333
x11 <- 0x0000000033333000
mem[X,0x0000000080002CD8] -> 0x8593
mem[X,0x0000000080002CDA] -> 0x3335
[2875] [M]: 0x0000000080002CD8 (0x33358593) addi a1, a1, 0x333
x11 <- 0x0000000033333333
mem[X,0x0000000080002CDC] -> 0x9593
mem[X,0x0000000080002CDE] -> 0x00B5
[2876] [M]: 0x0000000080002CDC (0x00B59593) slli a1, a1, 0xb
x11 <- 0x0000019999999800
mem[X,0x0000000080002CE0] -> 0x8593
mem[X,0x0000000080002CE2] -> 0x1995
[2877] [M]: 0x0000000080002CE0 (0x19958593) addi a1, a1, 0x199
x11 <- 0x0000019999999999
mem[X,0x0000000080002CE4] -> 0x9593
mem[X,0x0000000080002CE6] -> 0x00B5
[2878] [M]: 0x0000000080002CE4 (0x00B59593) slli a1, a1, 0xb
x11 <- 0x000CCCCCCCCCC800
mem[X,0x0000000080002CE8] -> 0x8593
mem[X,0x0000000080002CEA] -> 0x4CC5
[2879] [M]: 0x0000000080002CE8 (0x4CC58593) addi a1, a1, 0x4cc
x11 <- 0x000CCCCCCCCCCCCC
mem[X,0x0000000080002CEC] -> 0x9593
mem[X,0x0000000080002CEE] -> 0x00A5
[2880] [M]: 0x0000000080002CEC (0x00A59593) slli a1, a1, 0xa
x11 <- 0x3333333333333000
mem[X,0x0000000080002CF0] -> 0x8593
mem[X,0x0000000080002CF2] -> 0x3345
[2881] [M]: 0x0000000080002CF0 (0x33458593) addi a1, a1, 0x334
x11 <- 0x3333333333333334
mem[X,0x0000000080002CF4] -> 0x063B
mem[X,0x0000000080002CF6] -> 0x40B5
[2882] [M]: 0x0000000080002CF4 (0x40B5063B) subw a2, a0, a1
x12 <- 0xFFFFFFFFFFFFFFFF
mem[X,0x0000000080002CF8] -> 0xB023
mem[X,0x0000000080002CFA] -> 0x0CC2
[2883] [M]: 0x0000000080002CF8 (0x0CC2B023) sd a2, 0xc0(t0)
mem[0x000000008000BA68] <- 0xFFFFFFFFFFFFFFFF
mem[X,0x0000000080002CFC] -> 0x3537
mem[X,0x0000000080002CFE] -> 0x3333
[2884] [M]: 0x0000000080002CFC (0x33333537) lui a0, 0x33333
x10 <- 0x0000000033333000
mem[X,0x0000000080002D00] -> 0x0513
mem[X,0x0000000080002D02] -> 0x3335
[2885] [M]: 0x0000000080002D00 (0x33350513) addi a0, a0, 0x333
x10 <- 0x0000000033333333
mem[X,0x0000000080002D04] -> 0x1513
mem[X,0x0000000080002D06] -> 0x00B5
[2886] [M]: 0x0000000080002D04 (0x00B51513) slli a0, a0, 0xb
x10 <- 0x0000019999999800
mem[X,0x0000000080002D08] -> 0x0513
mem[X,0x0000000080002D0A] -> 0x1995
[2887] [M]: 0x0000000080002D08 (0x19950513) addi a0, a0, 0x199
x10 <- 0x0000019999999999
mem[X,0x0000000080002D0C] -> 0x1513
mem[X,0x0000000080002D0E] -> 0x00B5
[2888] [M]: 0x0000000080002D0C (0x00B51513) slli a0, a0, 0xb
x10 <- 0x000CCCCCCCCCC800
mem[X,0x0000000080002D10] -> 0x0513
mem[X,0x0000000080002D12] -> 0x4CC5
[2889] [M]: 0x0000000080002D10 (0x4CC50513) addi a0, a0, 0x4cc
x10 <- 0x000CCCCCCCCCCCCC
mem[X,0x0000000080002D14] -> 0x1513
mem[X,0x0000000080002D16] -> 0x00A5
[2890] [M]: 0x0000000080002D14 (0x00A51513) slli a0, a0, 0xa
x10 <- 0x3333333333333000
mem[X,0x0000000080002D18] -> 0x0513
mem[X,0x0000000080002D1A] -> 0x3335
[2891] [M]: 0x0000000080002D18 (0x33350513) addi a0, a0, 0x333
x10 <- 0x3333333333333333
mem[X,0x0000000080002D1C] -> 0x65B7
mem[X,0x0000000080002D1E] -> 0x6666
[2892] [M]: 0x0000000080002D1C (0x666665B7) lui a1, 0x66666
x11 <- 0x0000000066666000
mem[X,0x0000000080002D20] -> 0x8593
mem[X,0x0000000080002D22] -> 0x6665
[2893] [M]: 0x0000000080002D20 (0x66658593) addi a1, a1, 0x666
x11 <- 0x0000000066666666
mem[X,0x0000000080002D24] -> 0x9593
mem[X,0x0000000080002D26] -> 0x00B5
[2894] [M]: 0x0000000080002D24 (0x00B59593) slli a1, a1, 0xb
x11 <- 0x0000033333333000
mem[X,0x0000000080002D28] -> 0x8593
mem[X,0x0000000080002D2A] -> 0x3335
[2895] [M]: 0x0000000080002D28 (0x33358593) addi a1, a1, 0x333
x11 <- 0x0000033333333333
mem[X,0x0000000080002D2C] -> 0x9593
mem[X,0x0000000080002D2E] -> 0x00B5
[2896] [M]: 0x0000000080002D2C (0x00B59593) slli a1, a1, 0xb
x11 <- 0x0019999999999800
mem[X,0x0000000080002D30] -> 0x8593
mem[X,0x0000000080002D32] -> 0x1995
[2897] [M]: 0x0000000080002D30 (0x19958593) addi a1, a1, 0x199
x11 <- 0x0019999999999999
mem[X,0x0000000080002D34] -> 0x9593
mem[X,0x0000000080002D36] -> 0x00A5
[2898] [M]: 0x0000000080002D34 (0x00A59593) slli a1, a1, 0xa
x11 <- 0x6666666666666400
mem[X,0x0000000080002D38] -> 0x8593
mem[X,0x0000000080002D3A] -> 0x2675
[2899] [M]: 0x0000000080002D38 (0x26758593) addi a1, a1, 0x267
x11 <- 0x6666666666666667
clint::tick mtime <- 0x000000000000001D
 clint timer pending at mtime 0x000000000000001D
htif::tick 0x0000000000000000
mem[X,0x0000000080002D3C] -> 0x063B
mem[X,0x0000000080002D3E] -> 0x40B5
[2900] [M]: 0x0000000080002D3C (0x40B5063B) subw a2, a0, a1
x12 <- 0xFFFFFFFFCCCCCCCC
mem[X,0x0000000080002D40] -> 0xB423
mem[X,0x0000000080002D42] -> 0x0CC2
[2901] [M]: 0x0000000080002D40 (0x0CC2B423) sd a2, 0xc8(t0)
mem[0x000000008000BA70] <- 0xFFFFFFFFCCCCCCCC
mem[X,0x0000000080002D44] -> 0x3537
mem[X,0x0000000080002D46] -> 0x3333
[2902] [M]: 0x0000000080002D44 (0x33333537) lui a0, 0x33333
x10 <- 0x0000000033333000
mem[X,0x0000000080002D48] -> 0x0513
mem[X,0x0000000080002D4A] -> 0x3335
[2903] [M]: 0x0000000080002D48 (0x33350513) addi a0, a0, 0x333
x10 <- 0x0000000033333333
mem[X,0x0000000080002D4C] -> 0x1513
mem[X,0x0000000080002D4E] -> 0x00B5
[2904] [M]: 0x0000000080002D4C (0x00B51513) slli a0, a0, 0xb
x10 <- 0x0000019999999800
mem[X,0x0000000080002D50] -> 0x0513
mem[X,0x0000000080002D52] -> 0x1995
[2905] [M]: 0x0000000080002D50 (0x19950513) addi a0, a0, 0x199
x10 <- 0x0000019999999999
mem[X,0x0000000080002D54] -> 0x1513
mem[X,0x0000000080002D56] -> 0x00B5
[2906] [M]: 0x0000000080002D54 (0x00B51513) slli a0, a0, 0xb
x10 <- 0x000CCCCCCCCCC800
mem[X,0x0000000080002D58] -> 0x0513
mem[X,0x0000000080002D5A] -> 0x4CC5
[2907] [M]: 0x0000000080002D58 (0x4CC50513) addi a0, a0, 0x4cc
x10 <- 0x000CCCCCCCCCCCCC
mem[X,0x0000000080002D5C] -> 0x1513
mem[X,0x0000000080002D5E] -> 0x00A5
[2908] [M]: 0x0000000080002D5C (0x00A51513) slli a0, a0, 0xa
x10 <- 0x3333333333333000
mem[X,0x0000000080002D60] -> 0x0513
mem[X,0x0000000080002D62] -> 0x3335
[2909] [M]: 0x0000000080002D60 (0x33350513) addi a0, a0, 0x333
x10 <- 0x3333333333333333
mem[X,0x0000000080002D64] -> 0x05B7
mem[X,0x0000000080002D66] -> 0x0000
[2910] [M]: 0x0000000080002D64 (0x000005B7) lui a1, 0x0
x11 <- 0x0000000000000000
mem[X,0x0000000080002D68] -> 0x8593
mem[X,0x0000000080002D6A] -> 0xFFF5
[2911] [M]: 0x0000000080002D68 (0xFFF58593) addi a1, a1, -0x1
x11 <- 0xFFFFFFFFFFFFFFFF
mem[X,0x0000000080002D6C] -> 0x9593
mem[X,0x0000000080002D6E] -> 0x00B5
[2912] [M]: 0x0000000080002D6C (0x00B59593) slli a1, a1, 0xb
x11 <- 0xFFFFFFFFFFFFF800
mem[X,0x0000000080002D70] -> 0x8593
mem[X,0x0000000080002D72] -> 0x2575
[2913] [M]: 0x0000000080002D70 (0x25758593) addi a1, a1, 0x257
x11 <- 0xFFFFFFFFFFFFFA57
mem[X,0x0000000080002D74] -> 0x9593
mem[X,0x0000000080002D76] -> 0x00B5
[2914] [M]: 0x0000000080002D74 (0x00B59593) slli a1, a1, 0xb
x11 <- 0xFFFFFFFFFFD2B800
mem[X,0x0000000080002D78] -> 0x8593
mem[X,0x0000000080002D7A] -> 0x6C35
[2915] [M]: 0x0000000080002D78 (0x6C358593) addi a1, a1, 0x6c3
x11 <- 0xFFFFFFFFFFD2BEC3
mem[X,0x0000000080002D7C] -> 0x9593
mem[X,0x0000000080002D7E] -> 0x00A5
[2916] [M]: 0x0000000080002D7C (0x00A59593) slli a1, a1, 0xa
x11 <- 0xFFFFFFFF4AFB0C00
mem[X,0x0000000080002D80] -> 0x8593
mem[X,0x0000000080002D82] -> 0x0CE5
[2917] [M]: 0x0000000080002D80 (0x0CE58593) addi a1, a1, 0xce
x11 <- 0xFFFFFFFF4AFB0CCE
mem[X,0x0000000080002D84] -> 0x063B
mem[X,0x0000000080002D86] -> 0x40B5
[2918] [M]: 0x0000000080002D84 (0x40B5063B) subw a2, a0, a1
x12 <- 0xFFFFFFFFE8382665
mem[X,0x0000000080002D88] -> 0xB823
mem[X,0x0000000080002D8A] -> 0x0CC2
[2919] [M]: 0x0000000080002D88 (0x0CC2B823) sd a2, 0xd0(t0)
mem[0x000000008000BA78] <- 0xFFFFFFFFE8382665
mem[X,0x0000000080002D8C] -> 0x3537
mem[X,0x0000000080002D8E] -> 0x3333
[2920] [M]: 0x0000000080002D8C (0x33333537) lui a0, 0x33333
x10 <- 0x0000000033333000
mem[X,0x0000000080002D90] -> 0x0513
mem[X,0x0000000080002D92] -> 0x3335
[2921] [M]: 0x0000000080002D90 (0x33350513) addi a0, a0, 0x333
x10 <- 0x0000000033333333
mem[X,0x0000000080002D94] -> 0x1513
mem[X,0x0000000080002D96] -> 0x00B5
[2922] [M]: 0x0000000080002D94 (0x00B51513) slli a0, a0, 0xb
x10 <- 0x0000019999999800
mem[X,0x0000000080002D98] -> 0x0513
mem[X,0x0000000080002D9A] -> 0x1995
[2923] [M]: 0x0000000080002D98 (0x19950513) addi a0, a0, 0x199
x10 <- 0x0000019999999999
mem[X,0x0000000080002D9C] -> 0x1513
mem[X,0x0000000080002D9E] -> 0x00B5
[2924] [M]: 0x0000000080002D9C (0x00B51513) slli a0, a0, 0xb
x10 <- 0x000CCCCCCCCCC800
mem[X,0x0000000080002DA0] -> 0x0513
mem[X,0x0000000080002DA2] -> 0x4CC5
[2925] [M]: 0x0000000080002DA0 (0x4CC50513) addi a0, a0, 0x4cc
x10 <- 0x000CCCCCCCCCCCCC
mem[X,0x0000000080002DA4] -> 0x1513
mem[X,0x0000000080002DA6] -> 0x00A5
[2926] [M]: 0x0000000080002DA4 (0x00A51513) slli a0, a0, 0xa
x10 <- 0x3333333333333000
mem[X,0x0000000080002DA8] -> 0x0513
mem[X,0x0000000080002DAA] -> 0x3335
[2927] [M]: 0x0000000080002DA8 (0x33350513) addi a0, a0, 0x333
x10 <- 0x3333333333333333
mem[X,0x0000000080002DAC] -> 0x05B7
mem[X,0x0000000080002DAE] -> 0x0000
[2928] [M]: 0x0000000080002DAC (0x000005B7) lui a1, 0x0
x11 <- 0x0000000000000000
mem[X,0x0000000080002DB0] -> 0x8593
mem[X,0x0000000080002DB2] -> 0x0005
[2929] [M]: 0x0000000080002DB0 (0x00058593) addi a1, a1, 0x0
x11 <- 0x0000000000000000
mem[X,0x0000000080002DB4] -> 0x9593
mem[X,0x0000000080002DB6] -> 0x00B5
[2930] [M]: 0x0000000080002DB4 (0x00B59593) slli a1, a1, 0xb
x11 <- 0x0000000000000000
mem[X,0x0000000080002DB8] -> 0x8593
mem[X,0x0000000080002DBA] -> 0x5A85
[2931] [M]: 0x0000000080002DB8 (0x5A858593) addi a1, a1, 0x5a8
x11 <- 0x00000000000005A8
mem[X,0x0000000080002DBC] -> 0x9593
mem[X,0x0000000080002DBE] -> 0x00B5
[2932] [M]: 0x0000000080002DBC (0x00B59593) slli a1, a1, 0xb
x11 <- 0x00000000002D4000
mem[X,0x0000000080002DC0] -> 0x8593
mem[X,0x0000000080002DC2] -> 0x13C5
[2933] [M]: 0x0000000080002DC0 (0x13C58593) addi a1, a1, 0x13c
x11 <- 0x00000000002D413C
mem[X,0x0000000080002DC4] -> 0x9593
mem[X,0x0000000080002DC6] -> 0x00A5
[2934] [M]: 0x0000000080002DC4 (0x00A59593) slli a1, a1, 0xa
x11 <- 0x00000000B504F000
mem[X,0x0000000080002DC8] -> 0x8593
mem[X,0x0000000080002DCA] -> 0x3345
[2935] [M]: 0x0000000080002DC8 (0x33458593) addi a1, a1, 0x334
x11 <- 0x00000000B504F334
mem[X,0x0000000080002DCC] -> 0x063B
mem[X,0x0000000080002DCE] -> 0x40B5
[2936] [M]: 0x0000000080002DCC (0x40B5063B) subw a2, a0, a1
x12 <- 0x000000007E2E3FFF
mem[X,0x0000000080002DD0] -> 0xBC23
mem[X,0x0000000080002DD2] -> 0x0CC2
[2937] [M]: 0x0000000080002DD0 (0x0CC2BC23) sd a2, 0xd8(t0)
mem[0x000000008000BA80] <- 0x000000007E2E3FFF
mem[X,0x0000000080002DD4] -> 0x6537
mem[X,0x0000000080002DD6] -> 0x6666
[2938] [M]: 0x0000000080002DD4 (0x66666537) lui a0, 0x66666
x10 <- 0x0000000066666000
mem[X,0x0000000080002DD8] -> 0x0513
mem[X,0x0000000080002DDA] -> 0x6665
[2939] [M]: 0x0000000080002DD8 (0x66650513) addi a0, a0, 0x666
x10 <- 0x0000000066666666
mem[X,0x0000000080002DDC] -> 0x1513
mem[X,0x0000000080002DDE] -> 0x00B5
[2940] [M]: 0x0000000080002DDC (0x00B51513) slli a0, a0, 0xb
x10 <- 0x0000033333333000
mem[X,0x0000000080002DE0] -> 0x0513
mem[X,0x0000000080002DE2] -> 0x3335
[2941] [M]: 0x0000000080002DE0 (0x33350513) addi a0, a0, 0x333
x10 <- 0x0000033333333333
mem[X,0x0000000080002DE4] -> 0x1513
mem[X,0x0000000080002DE6] -> 0x00B5
[2942] [M]: 0x0000000080002DE4 (0x00B51513) slli a0, a0, 0xb
x10 <- 0x0019999999999800
mem[X,0x0000000080002DE8] -> 0x0513
mem[X,0x0000000080002DEA] -> 0x1995
[2943] [M]: 0x0000000080002DE8 (0x19950513) addi a0, a0, 0x199
x10 <- 0x0019999999999999
mem[X,0x0000000080002DEC] -> 0x1513
mem[X,0x0000000080002DEE] -> 0x00A5
[2944] [M]: 0x0000000080002DEC (0x00A51513) slli a0, a0, 0xa
x10 <- 0x6666666666666400
mem[X,0x0000000080002DF0] -> 0x0513
mem[X,0x0000000080002DF2] -> 0x2665
[2945] [M]: 0x0000000080002DF0 (0x26650513) addi a0, a0, 0x266
x10 <- 0x6666666666666666
mem[X,0x0000000080002DF4] -> 0x0593
mem[X,0x0000000080002DF6] -> 0x0030
[2946] [M]: 0x0000000080002DF4 (0x00300593) addi a1, zero, 0x3
x11 <- 0x0000000000000003
mem[X,0x0000000080002DF8] -> 0x063B
mem[X,0x0000000080002DFA] -> 0x40B5
[2947] [M]: 0x0000000080002DF8 (0x40B5063B) subw a2, a0, a1
x12 <- 0x0000000066666663
mem[X,0x0000000080002DFC] -> 0xB023
mem[X,0x0000000080002DFE] -> 0x0EC2
[2948] [M]: 0x0000000080002DFC (0x0EC2B023) sd a2, 0xe0(t0)
mem[0x000000008000BA88] <- 0x0000000066666663
mem[X,0x0000000080002E00] -> 0x6537
mem[X,0x0000000080002E02] -> 0x6666
[2949] [M]: 0x0000000080002E00 (0x66666537) lui a0, 0x66666
x10 <- 0x0000000066666000
mem[X,0x0000000080002E04] -> 0x0513
mem[X,0x0000000080002E06] -> 0x6665
[2950] [M]: 0x0000000080002E04 (0x66650513) addi a0, a0, 0x666
x10 <- 0x0000000066666666
mem[X,0x0000000080002E08] -> 0x1513
mem[X,0x0000000080002E0A] -> 0x00B5
[2951] [M]: 0x0000000080002E08 (0x00B51513) slli a0, a0, 0xb
x10 <- 0x0000033333333000
mem[X,0x0000000080002E0C] -> 0x0513
mem[X,0x0000000080002E0E] -> 0x3335
[2952] [M]: 0x0000000080002E0C (0x33350513) addi a0, a0, 0x333
x10 <- 0x0000033333333333
mem[X,0x0000000080002E10] -> 0x1513
mem[X,0x0000000080002E12] -> 0x00B5
[2953] [M]: 0x0000000080002E10 (0x00B51513) slli a0, a0, 0xb
x10 <- 0x0019999999999800
mem[X,0x0000000080002E14] -> 0x0513
mem[X,0x0000000080002E16] -> 0x1995
[2954] [M]: 0x0000000080002E14 (0x19950513) addi a0, a0, 0x199
x10 <- 0x0019999999999999
mem[X,0x0000000080002E18] -> 0x1513
mem[X,0x0000000080002E1A] -> 0x00A5
[2955] [M]: 0x0000000080002E18 (0x00A51513) slli a0, a0, 0xa
x10 <- 0x6666666666666400
mem[X,0x0000000080002E1C] -> 0x0513
mem[X,0x0000000080002E1E] -> 0x2665
[2956] [M]: 0x0000000080002E1C (0x26650513) addi a0, a0, 0x266
x10 <- 0x6666666666666666
mem[X,0x0000000080002E20] -> 0x55B7
mem[X,0x0000000080002E22] -> 0x5555
[2957] [M]: 0x0000000080002E20 (0x555555B7) lui a1, 0x55555
x11 <- 0x0000000055555000
mem[X,0x0000000080002E24] -> 0x8593
mem[X,0x0000000080002E26] -> 0x5555
[2958] [M]: 0x0000000080002E24 (0x55558593) addi a1, a1, 0x555
x11 <- 0x0000000055555555
mem[X,0x0000000080002E28] -> 0x9593
mem[X,0x0000000080002E2A] -> 0x00B5
[2959] [M]: 0x0000000080002E28 (0x00B59593) slli a1, a1, 0xb
x11 <- 0x000002AAAAAAA800
mem[X,0x0000000080002E2C] -> 0x8593
mem[X,0x0000000080002E2E] -> 0x2AA5
[2960] [M]: 0x0000000080002E2C (0x2AA58593) addi a1, a1, 0x2aa
x11 <- 0x000002AAAAAAAAAA
mem[X,0x0000000080002E30] -> 0x9593
mem[X,0x0000000080002E32] -> 0x00B5
[2961] [M]: 0x0000000080002E30 (0x00B59593) slli a1, a1, 0xb
x11 <- 0x0015555555555000
mem[X,0x0000000080002E34] -> 0x8593
mem[X,0x0000000080002E36] -> 0x5555
[2962] [M]: 0x0000000080002E34 (0x55558593) addi a1, a1, 0x555
x11 <- 0x0015555555555555
mem[X,0x0000000080002E38] -> 0x9593
mem[X,0x0000000080002E3A] -> 0x00A5
[2963] [M]: 0x0000000080002E38 (0x00A59593) slli a1, a1, 0xa
x11 <- 0x5555555555555400
mem[X,0x0000000080002E3C] -> 0x8593
mem[X,0x0000000080002E3E] -> 0x1555
[2964] [M]: 0x0000000080002E3C (0x15558593) addi a1, a1, 0x155
x11 <- 0x5555555555555555
mem[X,0x0000000080002E40] -> 0x063B
mem[X,0x0000000080002E42] -> 0x40B5
[2965] [M]: 0x0000000080002E40 (0x40B5063B) subw a2, a0, a1
x12 <- 0x0000000011111111
mem[X,0x0000000080002E44] -> 0xB423
mem[X,0x0000000080002E46] -> 0x0EC2
[2966] [M]: 0x0000000080002E44 (0x0EC2B423) sd a2, 0xe8(t0)
mem[0x000000008000BA90] <- 0x0000000011111111
mem[X,0x0000000080002E48] -> 0x6537
mem[X,0x0000000080002E4A] -> 0x6666
[2967] [M]: 0x0000000080002E48 (0x66666537) lui a0, 0x66666
x10 <- 0x0000000066666000
mem[X,0x0000000080002E4C] -> 0x0513
mem[X,0x0000000080002E4E] -> 0x6665
[2968] [M]: 0x0000000080002E4C (0x66650513) addi a0, a0, 0x666
x10 <- 0x0000000066666666
mem[X,0x0000000080002E50] -> 0x1513
mem[X,0x0000000080002E52] -> 0x00B5
[2969] [M]: 0x0000000080002E50 (0x00B51513) slli a0, a0, 0xb
x10 <- 0x0000033333333000
mem[X,0x0000000080002E54] -> 0x0513
mem[X,0x0000000080002E56] -> 0x3335
[2970] [M]: 0x0000000080002E54 (0x33350513) addi a0, a0, 0x333
x10 <- 0x0000033333333333
mem[X,0x0000000080002E58] -> 0x1513
mem[X,0x0000000080002E5A] -> 0x00B5
[2971] [M]: 0x0000000080002E58 (0x00B51513) slli a0, a0, 0xb
x10 <- 0x0019999999999800
mem[X,0x0000000080002E5C] -> 0x0513
mem[X,0x0000000080002E5E] -> 0x1995
[2972] [M]: 0x0000000080002E5C (0x19950513) addi a0, a0, 0x199
x10 <- 0x0019999999999999
mem[X,0x0000000080002E60] -> 0x1513
mem[X,0x0000000080002E62] -> 0x00A5
[2973] [M]: 0x0000000080002E60 (0x00A51513) slli a0, a0, 0xa
x10 <- 0x6666666666666400
mem[X,0x0000000080002E64] -> 0x0513
mem[X,0x0000000080002E66] -> 0x2665
[2974] [M]: 0x0000000080002E64 (0x26650513) addi a0, a0, 0x266
x10 <- 0x6666666666666666
mem[X,0x0000000080002E68] -> 0xB5B7
mem[X,0x0000000080002E6A] -> 0xAAAA
[2975] [M]: 0x0000000080002E68 (0xAAAAB5B7) lui a1, -0x55555
x11 <- 0xFFFFFFFFAAAAB000
mem[X,0x0000000080002E6C] -> 0x8593
mem[X,0x0000000080002E6E] -> 0xAAA5
[2976] [M]: 0x0000000080002E6C (0xAAA58593) addi a1, a1, -0x556
x11 <- 0xFFFFFFFFAAAAAAAA
mem[X,0x0000000080002E70] -> 0x9593
mem[X,0x0000000080002E72] -> 0x00B5
[2977] [M]: 0x0000000080002E70 (0x00B59593) slli a1, a1, 0xb
x11 <- 0xFFFFFD5555555000
mem[X,0x0000000080002E74] -> 0x8593
mem[X,0x0000000080002E76] -> 0x5555
[2978] [M]: 0x0000000080002E74 (0x55558593) addi a1, a1, 0x555
x11 <- 0xFFFFFD5555555555
mem[X,0x0000000080002E78] -> 0x9593
mem[X,0x0000000080002E7A] -> 0x00B5
[2979] [M]: 0x0000000080002E78 (0x00B59593) slli a1, a1, 0xb
x11 <- 0xFFEAAAAAAAAAA800
mem[X,0x0000000080002E7C] -> 0x8593
mem[X,0x0000000080002E7E] -> 0x2AA5
[2980] [M]: 0x0000000080002E7C (0x2AA58593) addi a1, a1, 0x2aa
x11 <- 0xFFEAAAAAAAAAAAAA
mem[X,0x0000000080002E80] -> 0x9593
mem[X,0x0000000080002E82] -> 0x00A5
[2981] [M]: 0x0000000080002E80 (0x00A59593) slli a1, a1, 0xa
x11 <- 0xAAAAAAAAAAAAA800
mem[X,0x0000000080002E84] -> 0x8593
mem[X,0x0000000080002E86] -> 0x2AA5
[2982] [M]: 0x0000000080002E84 (0x2AA58593) addi a1, a1, 0x2aa
x11 <- 0xAAAAAAAAAAAAAAAA
mem[X,0x0000000080002E88] -> 0x063B
mem[X,0x0000000080002E8A] -> 0x40B5
[2983] [M]: 0x0000000080002E88 (0x40B5063B) subw a2, a0, a1
x12 <- 0xFFFFFFFFBBBBBBBC
mem[X,0x0000000080002E8C] -> 0xB823
mem[X,0x0000000080002E8E] -> 0x0EC2
[2984] [M]: 0x0000000080002E8C (0x0EC2B823) sd a2, 0xf0(t0)
mem[0x000000008000BA98] <- 0xFFFFFFFFBBBBBBBC
mem[X,0x0000000080002E90] -> 0x6537
mem[X,0x0000000080002E92] -> 0x6666
[2985] [M]: 0x0000000080002E90 (0x66666537) lui a0, 0x66666
x10 <- 0x0000000066666000
mem[X,0x0000000080002E94] -> 0x0513
mem[X,0x0000000080002E96] -> 0x6665
[2986] [M]: 0x0000000080002E94 (0x66650513) addi a0, a0, 0x666
x10 <- 0x0000000066666666
mem[X,0x0000000080002E98] -> 0x1513
mem[X,0x0000000080002E9A] -> 0x00B5
[2987] [M]: 0x0000000080002E98 (0x00B51513) slli a0, a0, 0xb
x10 <- 0x0000033333333000
mem[X,0x0000000080002E9C] -> 0x0513
mem[X,0x0000000080002E9E] -> 0x3335
[2988] [M]: 0x0000000080002E9C (0x33350513) addi a0, a0, 0x333
x10 <- 0x0000033333333333
mem[X,0x0000000080002EA0] -> 0x1513
mem[X,0x0000000080002EA2] -> 0x00B5
[2989] [M]: 0x0000000080002EA0 (0x00B51513) slli a0, a0, 0xb
x10 <- 0x0019999999999800
mem[X,0x0000000080002EA4] -> 0x0513
mem[X,0x0000000080002EA6] -> 0x1995
[2990] [M]: 0x0000000080002EA4 (0x19950513) addi a0, a0, 0x199
x10 <- 0x0019999999999999
mem[X,0x0000000080002EA8] -> 0x1513
mem[X,0x0000000080002EAA] -> 0x00A5
[2991] [M]: 0x0000000080002EA8 (0x00A51513) slli a0, a0, 0xa
x10 <- 0x6666666666666400
mem[X,0x0000000080002EAC] -> 0x0513
mem[X,0x0000000080002EAE] -> 0x2665
[2992] [M]: 0x0000000080002EAC (0x26650513) addi a0, a0, 0x266
x10 <- 0x6666666666666666
mem[X,0x0000000080002EB0] -> 0x0593
mem[X,0x0000000080002EB2] -> 0x0050
[2993] [M]: 0x0000000080002EB0 (0x00500593) addi a1, zero, 0x5
x11 <- 0x0000000000000005
mem[X,0x0000000080002EB4] -> 0x063B
mem[X,0x0000000080002EB6] -> 0x40B5
[2994] [M]: 0x0000000080002EB4 (0x40B5063B) subw a2, a0, a1
x12 <- 0x0000000066666661
mem[X,0x0000000080002EB8] -> 0xBC23
mem[X,0x0000000080002EBA] -> 0x0EC2
[2995] [M]: 0x0000000080002EB8 (0x0EC2BC23) sd a2, 0xf8(t0)
mem[0x000000008000BAA0] <- 0x0000000066666661
mem[X,0x0000000080002EBC] -> 0x6537
mem[X,0x0000000080002EBE] -> 0x6666
[2996] [M]: 0x0000000080002EBC (0x66666537) lui a0, 0x66666
x10 <- 0x0000000066666000
mem[X,0x0000000080002EC0] -> 0x0513
mem[X,0x0000000080002EC2] -> 0x6665
[2997] [M]: 0x0000000080002EC0 (0x66650513) addi a0, a0, 0x666
x10 <- 0x0000000066666666
mem[X,0x0000000080002EC4] -> 0x1513
mem[X,0x0000000080002EC6] -> 0x00B5
[2998] [M]: 0x0000000080002EC4 (0x00B51513) slli a0, a0, 0xb
x10 <- 0x0000033333333000
mem[X,0x0000000080002EC8] -> 0x0513
mem[X,0x0000000080002ECA] -> 0x3335
[2999] [M]: 0x0000000080002EC8 (0x33350513) addi a0, a0, 0x333
x10 <- 0x0000033333333333
clint::tick mtime <- 0x000000000000001E
 clint timer pending at mtime 0x000000000000001E
htif::tick 0x0000000000000000
mem[X,0x0000000080002ECC] -> 0x1513
mem[X,0x0000000080002ECE] -> 0x00B5
[3000] [M]: 0x0000000080002ECC (0x00B51513) slli a0, a0, 0xb
x10 <- 0x0019999999999800
mem[X,0x0000000080002ED0] -> 0x0513
mem[X,0x0000000080002ED2] -> 0x1995
[3001] [M]: 0x0000000080002ED0 (0x19950513) addi a0, a0, 0x199
x10 <- 0x0019999999999999
mem[X,0x0000000080002ED4] -> 0x1513
mem[X,0x0000000080002ED6] -> 0x00A5
[3002] [M]: 0x0000000080002ED4 (0x00A51513) slli a0, a0, 0xa
x10 <- 0x6666666666666400
mem[X,0x0000000080002ED8] -> 0x0513
mem[X,0x0000000080002EDA] -> 0x2665
[3003] [M]: 0x0000000080002ED8 (0x26650513) addi a0, a0, 0x266
x10 <- 0x6666666666666666
mem[X,0x0000000080002EDC] -> 0x35B7
mem[X,0x0000000080002EDE] -> 0x3333
[3004] [M]: 0x0000000080002EDC (0x333335B7) lui a1, 0x33333
x11 <- 0x0000000033333000
mem[X,0x0000000080002EE0] -> 0x8593
mem[X,0x0000000080002EE2] -> 0x3335
[3005] [M]: 0x0000000080002EE0 (0x33358593) addi a1, a1, 0x333
x11 <- 0x0000000033333333
mem[X,0x0000000080002EE4] -> 0x9593
mem[X,0x0000000080002EE6] -> 0x00B5
[3006] [M]: 0x0000000080002EE4 (0x00B59593) slli a1, a1, 0xb
x11 <- 0x0000019999999800
mem[X,0x0000000080002EE8] -> 0x8593
mem[X,0x0000000080002EEA] -> 0x1995
[3007] [M]: 0x0000000080002EE8 (0x19958593) addi a1, a1, 0x199
x11 <- 0x0000019999999999
mem[X,0x0000000080002EEC] -> 0x9593
mem[X,0x0000000080002EEE] -> 0x00B5
[3008] [M]: 0x0000000080002EEC (0x00B59593) slli a1, a1, 0xb
x11 <- 0x000CCCCCCCCCC800
mem[X,0x0000000080002EF0] -> 0x8593
mem[X,0x0000000080002EF2] -> 0x4CC5
[3009] [M]: 0x0000000080002EF0 (0x4CC58593) addi a1, a1, 0x4cc
x11 <- 0x000CCCCCCCCCCCCC
mem[X,0x0000000080002EF4] -> 0x9593
mem[X,0x0000000080002EF6] -> 0x00A5
[3010] [M]: 0x0000000080002EF4 (0x00A59593) slli a1, a1, 0xa
x11 <- 0x3333333333333000
mem[X,0x0000000080002EF8] -> 0x8593
mem[X,0x0000000080002EFA] -> 0x3335
[3011] [M]: 0x0000000080002EF8 (0x33358593) addi a1, a1, 0x333
x11 <- 0x3333333333333333
mem[X,0x0000000080002EFC] -> 0x063B
mem[X,0x0000000080002EFE] -> 0x40B5
[3012] [M]: 0x0000000080002EFC (0x40B5063B) subw a2, a0, a1
x12 <- 0x0000000033333333
mem[X,0x0000000080002F00] -> 0xB023
mem[X,0x0000000080002F02] -> 0x10C2
[3013] [M]: 0x0000000080002F00 (0x10C2B023) sd a2, 0x100(t0)
mem[0x000000008000BAA8] <- 0x0000000033333333
mem[X,0x0000000080002F04] -> 0x6537
mem[X,0x0000000080002F06] -> 0x6666
[3014] [M]: 0x0000000080002F04 (0x66666537) lui a0, 0x66666
x10 <- 0x0000000066666000
mem[X,0x0000000080002F08] -> 0x0513
mem[X,0x0000000080002F0A] -> 0x6665
[3015] [M]: 0x0000000080002F08 (0x66650513) addi a0, a0, 0x666
x10 <- 0x0000000066666666
mem[X,0x0000000080002F0C] -> 0x1513
mem[X,0x0000000080002F0E] -> 0x00B5
[3016] [M]: 0x0000000080002F0C (0x00B51513) slli a0, a0, 0xb
x10 <- 0x0000033333333000
mem[X,0x0000000080002F10] -> 0x0513
mem[X,0x0000000080002F12] -> 0x3335
[3017] [M]: 0x0000000080002F10 (0x33350513) addi a0, a0, 0x333
x10 <- 0x0000033333333333
mem[X,0x0000000080002F14] -> 0x1513
mem[X,0x0000000080002F16] -> 0x00B5
[3018] [M]: 0x0000000080002F14 (0x00B51513) slli a0, a0, 0xb
x10 <- 0x0019999999999800
mem[X,0x0000000080002F18] -> 0x0513
mem[X,0x0000000080002F1A] -> 0x1995
[3019] [M]: 0x0000000080002F18 (0x19950513) addi a0, a0, 0x199
x10 <- 0x0019999999999999
mem[X,0x0000000080002F1C] -> 0x1513
mem[X,0x0000000080002F1E] -> 0x00A5
[3020] [M]: 0x0000000080002F1C (0x00A51513) slli a0, a0, 0xa
x10 <- 0x6666666666666400
mem[X,0x0000000080002F20] -> 0x0513
mem[X,0x0000000080002F22] -> 0x2665
[3021] [M]: 0x0000000080002F20 (0x26650513) addi a0, a0, 0x266
x10 <- 0x6666666666666666
mem[X,0x0000000080002F24] -> 0x65B7
mem[X,0x0000000080002F26] -> 0x6666
[3022] [M]: 0x0000000080002F24 (0x666665B7) lui a1, 0x66666
x11 <- 0x0000000066666000
mem[X,0x0000000080002F28] -> 0x8593
mem[X,0x0000000080002F2A] -> 0x6665
[3023] [M]: 0x0000000080002F28 (0x66658593) addi a1, a1, 0x666
x11 <- 0x0000000066666666
mem[X,0x0000000080002F2C] -> 0x9593
mem[X,0x0000000080002F2E] -> 0x00B5
[3024] [M]: 0x0000000080002F2C (0x00B59593) slli a1, a1, 0xb
x11 <- 0x0000033333333000
mem[X,0x0000000080002F30] -> 0x8593
mem[X,0x0000000080002F32] -> 0x3335
[3025] [M]: 0x0000000080002F30 (0x33358593) addi a1, a1, 0x333
x11 <- 0x0000033333333333
mem[X,0x0000000080002F34] -> 0x9593
mem[X,0x0000000080002F36] -> 0x00B5
[3026] [M]: 0x0000000080002F34 (0x00B59593) slli a1, a1, 0xb
x11 <- 0x0019999999999800
mem[X,0x0000000080002F38] -> 0x8593
mem[X,0x0000000080002F3A] -> 0x1995
[3027] [M]: 0x0000000080002F38 (0x19958593) addi a1, a1, 0x199
x11 <- 0x0019999999999999
mem[X,0x0000000080002F3C] -> 0x9593
mem[X,0x0000000080002F3E] -> 0x00A5
[3028] [M]: 0x0000000080002F3C (0x00A59593) slli a1, a1, 0xa
x11 <- 0x6666666666666400
mem[X,0x0000000080002F40] -> 0x8593
mem[X,0x0000000080002F42] -> 0x2665
[3029] [M]: 0x0000000080002F40 (0x26658593) addi a1, a1, 0x266
x11 <- 0x6666666666666666
mem[X,0x0000000080002F44] -> 0x063B
mem[X,0x0000000080002F46] -> 0x40B5
[3030] [M]: 0x0000000080002F44 (0x40B5063B) subw a2, a0, a1
x12 <- 0x0000000000000000
mem[X,0x0000000080002F48] -> 0xB423
mem[X,0x0000000080002F4A] -> 0x10C2
[3031] [M]: 0x0000000080002F48 (0x10C2B423) sd a2, 0x108(t0)
mem[0x000000008000BAB0] <- 0x0000000000000000
mem[X,0x0000000080002F4C] -> 0x6537
mem[X,0x0000000080002F4E] -> 0x6666
[3032] [M]: 0x0000000080002F4C (0x66666537) lui a0, 0x66666
x10 <- 0x0000000066666000
mem[X,0x0000000080002F50] -> 0x0513
mem[X,0x0000000080002F52] -> 0x6665
[3033] [M]: 0x0000000080002F50 (0x66650513) addi a0, a0, 0x666
x10 <- 0x0000000066666666
mem[X,0x0000000080002F54] -> 0x1513
mem[X,0x0000000080002F56] -> 0x00B5
[3034] [M]: 0x0000000080002F54 (0x00B51513) slli a0, a0, 0xb
x10 <- 0x0000033333333000
mem[X,0x0000000080002F58] -> 0x0513
mem[X,0x0000000080002F5A] -> 0x3335
[3035] [M]: 0x0000000080002F58 (0x33350513) addi a0, a0, 0x333
x10 <- 0x0000033333333333
mem[X,0x0000000080002F5C] -> 0x1513
mem[X,0x0000000080002F5E] -> 0x00B5
[3036] [M]: 0x0000000080002F5C (0x00B51513) slli a0, a0, 0xb
x10 <- 0x0019999999999800
mem[X,0x0000000080002F60] -> 0x0513
mem[X,0x0000000080002F62] -> 0x1995
[3037] [M]: 0x0000000080002F60 (0x19950513) addi a0, a0, 0x199
x10 <- 0x0019999999999999
mem[X,0x0000000080002F64] -> 0x1513
mem[X,0x0000000080002F66] -> 0x00A5
[3038] [M]: 0x0000000080002F64 (0x00A51513) slli a0, a0, 0xa
x10 <- 0x6666666666666400
mem[X,0x0000000080002F68] -> 0x0513
mem[X,0x0000000080002F6A] -> 0x2665
[3039] [M]: 0x0000000080002F68 (0x26650513) addi a0, a0, 0x266
x10 <- 0x6666666666666666
mem[X,0x0000000080002F6C] -> 0x05B7
mem[X,0x0000000080002F6E] -> 0x0000
[3040] [M]: 0x0000000080002F6C (0x000005B7) lui a1, 0x0
x11 <- 0x0000000000000000
mem[X,0x0000000080002F70] -> 0x8593
mem[X,0x0000000080002F72] -> 0xFFF5
[3041] [M]: 0x0000000080002F70 (0xFFF58593) addi a1, a1, -0x1
x11 <- 0xFFFFFFFFFFFFFFFF
mem[X,0x0000000080002F74] -> 0x9593
mem[X,0x0000000080002F76] -> 0x00B5
[3042] [M]: 0x0000000080002F74 (0x00B59593) slli a1, a1, 0xb
x11 <- 0xFFFFFFFFFFFFF800
mem[X,0x0000000080002F78] -> 0x8593
mem[X,0x0000000080002F7A] -> 0x2575
[3043] [M]: 0x0000000080002F78 (0x25758593) addi a1, a1, 0x257
x11 <- 0xFFFFFFFFFFFFFA57
mem[X,0x0000000080002F7C] -> 0x9593
mem[X,0x0000000080002F7E] -> 0x00B5
[3044] [M]: 0x0000000080002F7C (0x00B59593) slli a1, a1, 0xb
x11 <- 0xFFFFFFFFFFD2B800
mem[X,0x0000000080002F80] -> 0x8593
mem[X,0x0000000080002F82] -> 0x6C35
[3045] [M]: 0x0000000080002F80 (0x6C358593) addi a1, a1, 0x6c3
x11 <- 0xFFFFFFFFFFD2BEC3
mem[X,0x0000000080002F84] -> 0x9593
mem[X,0x0000000080002F86] -> 0x00A5
[3046] [M]: 0x0000000080002F84 (0x00A59593) slli a1, a1, 0xa
x11 <- 0xFFFFFFFF4AFB0C00
mem[X,0x0000000080002F88] -> 0x8593
mem[X,0x0000000080002F8A] -> 0x0CD5
[3047] [M]: 0x0000000080002F88 (0x0CD58593) addi a1, a1, 0xcd
x11 <- 0xFFFFFFFF4AFB0CCD
mem[X,0x0000000080002F8C] -> 0x063B
mem[X,0x0000000080002F8E] -> 0x40B5
[3048] [M]: 0x0000000080002F8C (0x40B5063B) subw a2, a0, a1
x12 <- 0x000000001B6B5999
mem[X,0x0000000080002F90] -> 0xB823
mem[X,0x0000000080002F92] -> 0x10C2
[3049] [M]: 0x0000000080002F90 (0x10C2B823) sd a2, 0x110(t0)
mem[0x000000008000BAB8] <- 0x000000001B6B5999
mem[X,0x0000000080002F94] -> 0x6537
mem[X,0x0000000080002F96] -> 0x6666
[3050] [M]: 0x0000000080002F94 (0x66666537) lui a0, 0x66666
x10 <- 0x0000000066666000
mem[X,0x0000000080002F98] -> 0x0513
mem[X,0x0000000080002F9A] -> 0x6665
[3051] [M]: 0x0000000080002F98 (0x66650513) addi a0, a0, 0x666
x10 <- 0x0000000066666666
mem[X,0x0000000080002F9C] -> 0x1513
mem[X,0x0000000080002F9E] -> 0x00B5
[3052] [M]: 0x0000000080002F9C (0x00B51513) slli a0, a0, 0xb
x10 <- 0x0000033333333000
mem[X,0x0000000080002FA0] -> 0x0513
mem[X,0x0000000080002FA2] -> 0x3335
[3053] [M]: 0x0000000080002FA0 (0x33350513) addi a0, a0, 0x333
x10 <- 0x0000033333333333
mem[X,0x0000000080002FA4] -> 0x1513
mem[X,0x0000000080002FA6] -> 0x00B5
[3054] [M]: 0x0000000080002FA4 (0x00B51513) slli a0, a0, 0xb
x10 <- 0x0019999999999800
mem[X,0x0000000080002FA8] -> 0x0513
mem[X,0x0000000080002FAA] -> 0x1995
[3055] [M]: 0x0000000080002FA8 (0x19950513) addi a0, a0, 0x199
x10 <- 0x0019999999999999
mem[X,0x0000000080002FAC] -> 0x1513
mem[X,0x0000000080002FAE] -> 0x00A5
[3056] [M]: 0x0000000080002FAC (0x00A51513) slli a0, a0, 0xa
x10 <- 0x6666666666666400
mem[X,0x0000000080002FB0] -> 0x0513
mem[X,0x0000000080002FB2] -> 0x2665
[3057] [M]: 0x0000000080002FB0 (0x26650513) addi a0, a0, 0x266
x10 <- 0x6666666666666666
mem[X,0x0000000080002FB4] -> 0x05B7
mem[X,0x0000000080002FB6] -> 0x0000
[3058] [M]: 0x0000000080002FB4 (0x000005B7) lui a1, 0x0
x11 <- 0x0000000000000000
mem[X,0x0000000080002FB8] -> 0x8593
mem[X,0x0000000080002FBA] -> 0x0005
[3059] [M]: 0x0000000080002FB8 (0x00058593) addi a1, a1, 0x0
x11 <- 0x0000000000000000
mem[X,0x0000000080002FBC] -> 0x9593
mem[X,0x0000000080002FBE] -> 0x00B5
[3060] [M]: 0x0000000080002FBC (0x00B59593) slli a1, a1, 0xb
x11 <- 0x0000000000000000
mem[X,0x0000000080002FC0] -> 0x8593
mem[X,0x0000000080002FC2] -> 0x5A85
[3061] [M]: 0x0000000080002FC0 (0x5A858593) addi a1, a1, 0x5a8
x11 <- 0x00000000000005A8
mem[X,0x0000000080002FC4] -> 0x9593
mem[X,0x0000000080002FC6] -> 0x00B5
[3062] [M]: 0x0000000080002FC4 (0x00B59593) slli a1, a1, 0xb
x11 <- 0x00000000002D4000
mem[X,0x0000000080002FC8] -> 0x8593
mem[X,0x0000000080002FCA] -> 0x13C5
[3063] [M]: 0x0000000080002FC8 (0x13C58593) addi a1, a1, 0x13c
x11 <- 0x00000000002D413C
mem[X,0x0000000080002FCC] -> 0x9593
mem[X,0x0000000080002FCE] -> 0x00A5
[3064] [M]: 0x0000000080002FCC (0x00A59593) slli a1, a1, 0xa
x11 <- 0x00000000B504F000
mem[X,0x0000000080002FD0] -> 0x8593
mem[X,0x0000000080002FD2] -> 0x3335
[3065] [M]: 0x0000000080002FD0 (0x33358593) addi a1, a1, 0x333
x11 <- 0x00000000B504F333
mem[X,0x0000000080002FD4] -> 0x063B
mem[X,0x0000000080002FD6] -> 0x40B5
[3066] [M]: 0x0000000080002FD4 (0x40B5063B) subw a2, a0, a1
x12 <- 0xFFFFFFFFB1617333
mem[X,0x0000000080002FD8] -> 0xBC23
mem[X,0x0000000080002FDA] -> 0x10C2
[3067] [M]: 0x0000000080002FD8 (0x10C2BC23) sd a2, 0x118(t0)
mem[0x000000008000BAC0] <- 0xFFFFFFFFB1617333
mem[X,0x0000000080002FDC] -> 0x6537
mem[X,0x0000000080002FDE] -> 0x6666
[3068] [M]: 0x0000000080002FDC (0x66666537) lui a0, 0x66666
x10 <- 0x0000000066666000
mem[X,0x0000000080002FE0] -> 0x0513
mem[X,0x0000000080002FE2] -> 0x6665
[3069] [M]: 0x0000000080002FE0 (0x66650513) addi a0, a0, 0x666
x10 <- 0x0000000066666666
mem[X,0x0000000080002FE4] -> 0x1513
mem[X,0x0000000080002FE6] -> 0x00B5
[3070] [M]: 0x0000000080002FE4 (0x00B51513) slli a0, a0, 0xb
x10 <- 0x0000033333333000
mem[X,0x0000000080002FE8] -> 0x0513
mem[X,0x0000000080002FEA] -> 0x3335
[3071] [M]: 0x0000000080002FE8 (0x33350513) addi a0, a0, 0x333
x10 <- 0x0000033333333333
mem[X,0x0000000080002FEC] -> 0x1513
mem[X,0x0000000080002FEE] -> 0x00B5
[3072] [M]: 0x0000000080002FEC (0x00B51513) slli a0, a0, 0xb
x10 <- 0x0019999999999800
mem[X,0x0000000080002FF0] -> 0x0513
mem[X,0x0000000080002FF2] -> 0x1995
[3073] [M]: 0x0000000080002FF0 (0x19950513) addi a0, a0, 0x199
x10 <- 0x0019999999999999
mem[X,0x0000000080002FF4] -> 0x1513
mem[X,0x0000000080002FF6] -> 0x00A5
[3074] [M]: 0x0000000080002FF4 (0x00A51513) slli a0, a0, 0xa
x10 <- 0x6666666666666400
mem[X,0x0000000080002FF8] -> 0x0513
mem[X,0x0000000080002FFA] -> 0x2665
[3075] [M]: 0x0000000080002FF8 (0x26650513) addi a0, a0, 0x266
x10 <- 0x6666666666666666
mem[X,0x0000000080002FFC] -> 0x0593
mem[X,0x0000000080002FFE] -> 0x0020
[3076] [M]: 0x0000000080002FFC (0x00200593) addi a1, zero, 0x2
x11 <- 0x0000000000000002
mem[X,0x0000000080003000] -> 0x063B
mem[X,0x0000000080003002] -> 0x40B5
[3077] [M]: 0x0000000080003000 (0x40B5063B) subw a2, a0, a1
x12 <- 0x0000000066666664
mem[X,0x0000000080003004] -> 0xB023
mem[X,0x0000000080003006] -> 0x12C2
[3078] [M]: 0x0000000080003004 (0x12C2B023) sd a2, 0x120(t0)
mem[0x000000008000BAC8] <- 0x0000000066666664
mem[X,0x0000000080003008] -> 0x6537
mem[X,0x000000008000300A] -> 0x6666
[3079] [M]: 0x0000000080003008 (0x66666537) lui a0, 0x66666
x10 <- 0x0000000066666000
mem[X,0x000000008000300C] -> 0x0513
mem[X,0x000000008000300E] -> 0x6665
[3080] [M]: 0x000000008000300C (0x66650513) addi a0, a0, 0x666
x10 <- 0x0000000066666666
mem[X,0x0000000080003010] -> 0x1513
mem[X,0x0000000080003012] -> 0x00B5
[3081] [M]: 0x0000000080003010 (0x00B51513) slli a0, a0, 0xb
x10 <- 0x0000033333333000
mem[X,0x0000000080003014] -> 0x0513
mem[X,0x0000000080003016] -> 0x3335
[3082] [M]: 0x0000000080003014 (0x33350513) addi a0, a0, 0x333
x10 <- 0x0000033333333333
mem[X,0x0000000080003018] -> 0x1513
mem[X,0x000000008000301A] -> 0x00B5
[3083] [M]: 0x0000000080003018 (0x00B51513) slli a0, a0, 0xb
x10 <- 0x0019999999999800
mem[X,0x000000008000301C] -> 0x0513
mem[X,0x000000008000301E] -> 0x1995
[3084] [M]: 0x000000008000301C (0x19950513) addi a0, a0, 0x199
x10 <- 0x0019999999999999
mem[X,0x0000000080003020] -> 0x1513
mem[X,0x0000000080003022] -> 0x00A5
[3085] [M]: 0x0000000080003020 (0x00A51513) slli a0, a0, 0xa
x10 <- 0x6666666666666400
mem[X,0x0000000080003024] -> 0x0513
mem[X,0x0000000080003026] -> 0x2665
[3086] [M]: 0x0000000080003024 (0x26650513) addi a0, a0, 0x266
x10 <- 0x6666666666666666
mem[X,0x0000000080003028] -> 0x55B7
mem[X,0x000000008000302A] -> 0x5555
[3087] [M]: 0x0000000080003028 (0x555555B7) lui a1, 0x55555
x11 <- 0x0000000055555000
mem[X,0x000000008000302C] -> 0x8593
mem[X,0x000000008000302E] -> 0x5555
[3088] [M]: 0x000000008000302C (0x55558593) addi a1, a1, 0x555
x11 <- 0x0000000055555555
mem[X,0x0000000080003030] -> 0x9593
mem[X,0x0000000080003032] -> 0x00B5
[3089] [M]: 0x0000000080003030 (0x00B59593) slli a1, a1, 0xb
x11 <- 0x000002AAAAAAA800
mem[X,0x0000000080003034] -> 0x8593
mem[X,0x0000000080003036] -> 0x2AA5
[3090] [M]: 0x0000000080003034 (0x2AA58593) addi a1, a1, 0x2aa
x11 <- 0x000002AAAAAAAAAA
mem[X,0x0000000080003038] -> 0x9593
mem[X,0x000000008000303A] -> 0x00B5
[3091] [M]: 0x0000000080003038 (0x00B59593) slli a1, a1, 0xb
x11 <- 0x0015555555555000
mem[X,0x000000008000303C] -> 0x8593
mem[X,0x000000008000303E] -> 0x5555
[3092] [M]: 0x000000008000303C (0x55558593) addi a1, a1, 0x555
x11 <- 0x0015555555555555
mem[X,0x0000000080003040] -> 0x9593
mem[X,0x0000000080003042] -> 0x00A5
[3093] [M]: 0x0000000080003040 (0x00A59593) slli a1, a1, 0xa
x11 <- 0x5555555555555400
mem[X,0x0000000080003044] -> 0x8593
mem[X,0x0000000080003046] -> 0x1545
[3094] [M]: 0x0000000080003044 (0x15458593) addi a1, a1, 0x154
x11 <- 0x5555555555555554
mem[X,0x0000000080003048] -> 0x063B
mem[X,0x000000008000304A] -> 0x40B5
[3095] [M]: 0x0000000080003048 (0x40B5063B) subw a2, a0, a1
x12 <- 0x0000000011111112
mem[X,0x000000008000304C] -> 0xB423
mem[X,0x000000008000304E] -> 0x12C2
[3096] [M]: 0x000000008000304C (0x12C2B423) sd a2, 0x128(t0)
mem[0x000000008000BAD0] <- 0x0000000011111112
mem[X,0x0000000080003050] -> 0x6537
mem[X,0x0000000080003052] -> 0x6666
[3097] [M]: 0x0000000080003050 (0x66666537) lui a0, 0x66666
x10 <- 0x0000000066666000
mem[X,0x0000000080003054] -> 0x0513
mem[X,0x0000000080003056] -> 0x6665
[3098] [M]: 0x0000000080003054 (0x66650513) addi a0, a0, 0x666
x10 <- 0x0000000066666666
mem[X,0x0000000080003058] -> 0x1513
mem[X,0x000000008000305A] -> 0x00B5
[3099] [M]: 0x0000000080003058 (0x00B51513) slli a0, a0, 0xb
x10 <- 0x0000033333333000
clint::tick mtime <- 0x000000000000001F
 clint timer pending at mtime 0x000000000000001F
htif::tick 0x0000000000000000
mem[X,0x000000008000305C] -> 0x0513
mem[X,0x000000008000305E] -> 0x3335
[3100] [M]: 0x000000008000305C (0x33350513) addi a0, a0, 0x333
x10 <- 0x0000033333333333
mem[X,0x0000000080003060] -> 0x1513
mem[X,0x0000000080003062] -> 0x00B5
[3101] [M]: 0x0000000080003060 (0x00B51513) slli a0, a0, 0xb
x10 <- 0x0019999999999800
mem[X,0x0000000080003064] -> 0x0513
mem[X,0x0000000080003066] -> 0x1995
[3102] [M]: 0x0000000080003064 (0x19950513) addi a0, a0, 0x199
x10 <- 0x0019999999999999
mem[X,0x0000000080003068] -> 0x1513
mem[X,0x000000008000306A] -> 0x00A5
[3103] [M]: 0x0000000080003068 (0x00A51513) slli a0, a0, 0xa
x10 <- 0x6666666666666400
mem[X,0x000000008000306C] -> 0x0513
mem[X,0x000000008000306E] -> 0x2665
[3104] [M]: 0x000000008000306C (0x26650513) addi a0, a0, 0x266
x10 <- 0x6666666666666666
mem[X,0x0000000080003070] -> 0x0593
mem[X,0x0000000080003072] -> 0x0000
[3105] [M]: 0x0000000080003070 (0x00000593) addi a1, zero, 0x0
x11 <- 0x0000000000000000
mem[X,0x0000000080003074] -> 0x063B
mem[X,0x0000000080003076] -> 0x40B5
[3106] [M]: 0x0000000080003074 (0x40B5063B) subw a2, a0, a1
x12 <- 0x0000000066666666
mem[X,0x0000000080003078] -> 0xB823
mem[X,0x000000008000307A] -> 0x12C2
[3107] [M]: 0x0000000080003078 (0x12C2B823) sd a2, 0x130(t0)
mem[0x000000008000BAD8] <- 0x0000000066666666
mem[X,0x000000008000307C] -> 0x6537
mem[X,0x000000008000307E] -> 0x6666
[3108] [M]: 0x000000008000307C (0x66666537) lui a0, 0x66666
x10 <- 0x0000000066666000
mem[X,0x0000000080003080] -> 0x0513
mem[X,0x0000000080003082] -> 0x6665
[3109] [M]: 0x0000000080003080 (0x66650513) addi a0, a0, 0x666
x10 <- 0x0000000066666666
mem[X,0x0000000080003084] -> 0x1513
mem[X,0x0000000080003086] -> 0x00B5
[3110] [M]: 0x0000000080003084 (0x00B51513) slli a0, a0, 0xb
x10 <- 0x0000033333333000
mem[X,0x0000000080003088] -> 0x0513
mem[X,0x000000008000308A] -> 0x3335
[3111] [M]: 0x0000000080003088 (0x33350513) addi a0, a0, 0x333
x10 <- 0x0000033333333333
mem[X,0x000000008000308C] -> 0x1513
mem[X,0x000000008000308E] -> 0x00B5
[3112] [M]: 0x000000008000308C (0x00B51513) slli a0, a0, 0xb
x10 <- 0x0019999999999800
mem[X,0x0000000080003090] -> 0x0513
mem[X,0x0000000080003092] -> 0x1995
[3113] [M]: 0x0000000080003090 (0x19950513) addi a0, a0, 0x199
x10 <- 0x0019999999999999
mem[X,0x0000000080003094] -> 0x1513
mem[X,0x0000000080003096] -> 0x00A5
[3114] [M]: 0x0000000080003094 (0x00A51513) slli a0, a0, 0xa
x10 <- 0x6666666666666400
mem[X,0x0000000080003098] -> 0x0513
mem[X,0x000000008000309A] -> 0x2665
[3115] [M]: 0x0000000080003098 (0x26650513) addi a0, a0, 0x266
x10 <- 0x6666666666666666
mem[X,0x000000008000309C] -> 0x0593
mem[X,0x000000008000309E] -> 0x0040
[3116] [M]: 0x000000008000309C (0x00400593) addi a1, zero, 0x4
x11 <- 0x0000000000000004
mem[X,0x00000000800030A0] -> 0x063B
mem[X,0x00000000800030A2] -> 0x40B5
[3117] [M]: 0x00000000800030A0 (0x40B5063B) subw a2, a0, a1
x12 <- 0x0000000066666662
mem[X,0x00000000800030A4] -> 0xBC23
mem[X,0x00000000800030A6] -> 0x12C2
[3118] [M]: 0x00000000800030A4 (0x12C2BC23) sd a2, 0x138(t0)
mem[0x000000008000BAE0] <- 0x0000000066666662
mem[X,0x00000000800030A8] -> 0x6537
mem[X,0x00000000800030AA] -> 0x6666
[3119] [M]: 0x00000000800030A8 (0x66666537) lui a0, 0x66666
x10 <- 0x0000000066666000
mem[X,0x00000000800030AC] -> 0x0513
mem[X,0x00000000800030AE] -> 0x6665
[3120] [M]: 0x00000000800030AC (0x66650513) addi a0, a0, 0x666
x10 <- 0x0000000066666666
mem[X,0x00000000800030B0] -> 0x1513
mem[X,0x00000000800030B2] -> 0x00B5
[3121] [M]: 0x00000000800030B0 (0x00B51513) slli a0, a0, 0xb
x10 <- 0x0000033333333000
mem[X,0x00000000800030B4] -> 0x0513
mem[X,0x00000000800030B6] -> 0x3335
[3122] [M]: 0x00000000800030B4 (0x33350513) addi a0, a0, 0x333
x10 <- 0x0000033333333333
mem[X,0x00000000800030B8] -> 0x1513
mem[X,0x00000000800030BA] -> 0x00B5
[3123] [M]: 0x00000000800030B8 (0x00B51513) slli a0, a0, 0xb
x10 <- 0x0019999999999800
mem[X,0x00000000800030BC] -> 0x0513
mem[X,0x00000000800030BE] -> 0x1995
[3124] [M]: 0x00000000800030BC (0x19950513) addi a0, a0, 0x199
x10 <- 0x0019999999999999
mem[X,0x00000000800030C0] -> 0x1513
mem[X,0x00000000800030C2] -> 0x00A5
[3125] [M]: 0x00000000800030C0 (0x00A51513) slli a0, a0, 0xa
x10 <- 0x6666666666666400
mem[X,0x00000000800030C4] -> 0x0513
mem[X,0x00000000800030C6] -> 0x2665
[3126] [M]: 0x00000000800030C4 (0x26650513) addi a0, a0, 0x266
x10 <- 0x6666666666666666
mem[X,0x00000000800030C8] -> 0x35B7
mem[X,0x00000000800030CA] -> 0x3333
[3127] [M]: 0x00000000800030C8 (0x333335B7) lui a1, 0x33333
x11 <- 0x0000000033333000
mem[X,0x00000000800030CC] -> 0x8593
mem[X,0x00000000800030CE] -> 0x3335
[3128] [M]: 0x00000000800030CC (0x33358593) addi a1, a1, 0x333
x11 <- 0x0000000033333333
mem[X,0x00000000800030D0] -> 0x9593
mem[X,0x00000000800030D2] -> 0x00B5
[3129] [M]: 0x00000000800030D0 (0x00B59593) slli a1, a1, 0xb
x11 <- 0x0000019999999800
mem[X,0x00000000800030D4] -> 0x8593
mem[X,0x00000000800030D6] -> 0x1995
[3130] [M]: 0x00000000800030D4 (0x19958593) addi a1, a1, 0x199
x11 <- 0x0000019999999999
mem[X,0x00000000800030D8] -> 0x9593
mem[X,0x00000000800030DA] -> 0x00B5
[3131] [M]: 0x00000000800030D8 (0x00B59593) slli a1, a1, 0xb
x11 <- 0x000CCCCCCCCCC800
mem[X,0x00000000800030DC] -> 0x8593
mem[X,0x00000000800030DE] -> 0x4CC5
[3132] [M]: 0x00000000800030DC (0x4CC58593) addi a1, a1, 0x4cc
x11 <- 0x000CCCCCCCCCCCCC
mem[X,0x00000000800030E0] -> 0x9593
mem[X,0x00000000800030E2] -> 0x00A5
[3133] [M]: 0x00000000800030E0 (0x00A59593) slli a1, a1, 0xa
x11 <- 0x3333333333333000
mem[X,0x00000000800030E4] -> 0x8593
mem[X,0x00000000800030E6] -> 0x3325
[3134] [M]: 0x00000000800030E4 (0x33258593) addi a1, a1, 0x332
x11 <- 0x3333333333333332
mem[X,0x00000000800030E8] -> 0x063B
mem[X,0x00000000800030EA] -> 0x40B5
[3135] [M]: 0x00000000800030E8 (0x40B5063B) subw a2, a0, a1
x12 <- 0x0000000033333334
mem[X,0x00000000800030EC] -> 0xB023
mem[X,0x00000000800030EE] -> 0x14C2
[3136] [M]: 0x00000000800030EC (0x14C2B023) sd a2, 0x140(t0)
mem[0x000000008000BAE8] <- 0x0000000033333334
mem[X,0x00000000800030F0] -> 0x6537
mem[X,0x00000000800030F2] -> 0x6666
[3137] [M]: 0x00000000800030F0 (0x66666537) lui a0, 0x66666
x10 <- 0x0000000066666000
mem[X,0x00000000800030F4] -> 0x0513
mem[X,0x00000000800030F6] -> 0x6665
[3138] [M]: 0x00000000800030F4 (0x66650513) addi a0, a0, 0x666
x10 <- 0x0000000066666666
mem[X,0x00000000800030F8] -> 0x1513
mem[X,0x00000000800030FA] -> 0x00B5
[3139] [M]: 0x00000000800030F8 (0x00B51513) slli a0, a0, 0xb
x10 <- 0x0000033333333000
mem[X,0x00000000800030FC] -> 0x0513
mem[X,0x00000000800030FE] -> 0x3335
[3140] [M]: 0x00000000800030FC (0x33350513) addi a0, a0, 0x333
x10 <- 0x0000033333333333
mem[X,0x0000000080003100] -> 0x1513
mem[X,0x0000000080003102] -> 0x00B5
[3141] [M]: 0x0000000080003100 (0x00B51513) slli a0, a0, 0xb
x10 <- 0x0019999999999800
mem[X,0x0000000080003104] -> 0x0513
mem[X,0x0000000080003106] -> 0x1995
[3142] [M]: 0x0000000080003104 (0x19950513) addi a0, a0, 0x199
x10 <- 0x0019999999999999
mem[X,0x0000000080003108] -> 0x1513
mem[X,0x000000008000310A] -> 0x00A5
[3143] [M]: 0x0000000080003108 (0x00A51513) slli a0, a0, 0xa
x10 <- 0x6666666666666400
mem[X,0x000000008000310C] -> 0x0513
mem[X,0x000000008000310E] -> 0x2665
[3144] [M]: 0x000000008000310C (0x26650513) addi a0, a0, 0x266
x10 <- 0x6666666666666666
mem[X,0x0000000080003110] -> 0x65B7
mem[X,0x0000000080003112] -> 0x6666
[3145] [M]: 0x0000000080003110 (0x666665B7) lui a1, 0x66666
x11 <- 0x0000000066666000
mem[X,0x0000000080003114] -> 0x8593
mem[X,0x0000000080003116] -> 0x6665
[3146] [M]: 0x0000000080003114 (0x66658593) addi a1, a1, 0x666
x11 <- 0x0000000066666666
mem[X,0x0000000080003118] -> 0x9593
mem[X,0x000000008000311A] -> 0x00B5
[3147] [M]: 0x0000000080003118 (0x00B59593) slli a1, a1, 0xb
x11 <- 0x0000033333333000
mem[X,0x000000008000311C] -> 0x8593
mem[X,0x000000008000311E] -> 0x3335
[3148] [M]: 0x000000008000311C (0x33358593) addi a1, a1, 0x333
x11 <- 0x0000033333333333
mem[X,0x0000000080003120] -> 0x9593
mem[X,0x0000000080003122] -> 0x00B5
[3149] [M]: 0x0000000080003120 (0x00B59593) slli a1, a1, 0xb
x11 <- 0x0019999999999800
mem[X,0x0000000080003124] -> 0x8593
mem[X,0x0000000080003126] -> 0x1995
[3150] [M]: 0x0000000080003124 (0x19958593) addi a1, a1, 0x199
x11 <- 0x0019999999999999
mem[X,0x0000000080003128] -> 0x9593
mem[X,0x000000008000312A] -> 0x00A5
[3151] [M]: 0x0000000080003128 (0x00A59593) slli a1, a1, 0xa
x11 <- 0x6666666666666400
mem[X,0x000000008000312C] -> 0x8593
mem[X,0x000000008000312E] -> 0x2655
[3152] [M]: 0x000000008000312C (0x26558593) addi a1, a1, 0x265
x11 <- 0x6666666666666665
mem[X,0x0000000080003130] -> 0x063B
mem[X,0x0000000080003132] -> 0x40B5
[3153] [M]: 0x0000000080003130 (0x40B5063B) subw a2, a0, a1
x12 <- 0x0000000000000001
mem[X,0x0000000080003134] -> 0xB423
mem[X,0x0000000080003136] -> 0x14C2
[3154] [M]: 0x0000000080003134 (0x14C2B423) sd a2, 0x148(t0)
mem[0x000000008000BAF0] <- 0x0000000000000001
mem[X,0x0000000080003138] -> 0x6537
mem[X,0x000000008000313A] -> 0x6666
[3155] [M]: 0x0000000080003138 (0x66666537) lui a0, 0x66666
x10 <- 0x0000000066666000
mem[X,0x000000008000313C] -> 0x0513
mem[X,0x000000008000313E] -> 0x6665
[3156] [M]: 0x000000008000313C (0x66650513) addi a0, a0, 0x666
x10 <- 0x0000000066666666
mem[X,0x0000000080003140] -> 0x1513
mem[X,0x0000000080003142] -> 0x00B5
[3157] [M]: 0x0000000080003140 (0x00B51513) slli a0, a0, 0xb
x10 <- 0x0000033333333000
mem[X,0x0000000080003144] -> 0x0513
mem[X,0x0000000080003146] -> 0x3335
[3158] [M]: 0x0000000080003144 (0x33350513) addi a0, a0, 0x333
x10 <- 0x0000033333333333
mem[X,0x0000000080003148] -> 0x1513
mem[X,0x000000008000314A] -> 0x00B5
[3159] [M]: 0x0000000080003148 (0x00B51513) slli a0, a0, 0xb
x10 <- 0x0019999999999800
mem[X,0x000000008000314C] -> 0x0513
mem[X,0x000000008000314E] -> 0x1995
[3160] [M]: 0x000000008000314C (0x19950513) addi a0, a0, 0x199
x10 <- 0x0019999999999999
mem[X,0x0000000080003150] -> 0x1513
mem[X,0x0000000080003152] -> 0x00A5
[3161] [M]: 0x0000000080003150 (0x00A51513) slli a0, a0, 0xa
x10 <- 0x6666666666666400
mem[X,0x0000000080003154] -> 0x0513
mem[X,0x0000000080003156] -> 0x2665
[3162] [M]: 0x0000000080003154 (0x26650513) addi a0, a0, 0x266
x10 <- 0x6666666666666666
mem[X,0x0000000080003158] -> 0x05B7
mem[X,0x000000008000315A] -> 0x0000
[3163] [M]: 0x0000000080003158 (0x000005B7) lui a1, 0x0
x11 <- 0x0000000000000000
mem[X,0x000000008000315C] -> 0x8593
mem[X,0x000000008000315E] -> 0x0005
[3164] [M]: 0x000000008000315C (0x00058593) addi a1, a1, 0x0
x11 <- 0x0000000000000000
mem[X,0x0000000080003160] -> 0x9593
mem[X,0x0000000080003162] -> 0x00B5
[3165] [M]: 0x0000000080003160 (0x00B59593) slli a1, a1, 0xb
x11 <- 0x0000000000000000
mem[X,0x0000000080003164] -> 0x8593
mem[X,0x0000000080003166] -> 0x5A85
[3166] [M]: 0x0000000080003164 (0x5A858593) addi a1, a1, 0x5a8
x11 <- 0x00000000000005A8
mem[X,0x0000000080003168] -> 0x9593
mem[X,0x000000008000316A] -> 0x00B5
[3167] [M]: 0x0000000080003168 (0x00B59593) slli a1, a1, 0xb
x11 <- 0x00000000002D4000
mem[X,0x000000008000316C] -> 0x8593
mem[X,0x000000008000316E] -> 0x13C5
[3168] [M]: 0x000000008000316C (0x13C58593) addi a1, a1, 0x13c
x11 <- 0x00000000002D413C
mem[X,0x0000000080003170] -> 0x9593
mem[X,0x0000000080003172] -> 0x00A5
[3169] [M]: 0x0000000080003170 (0x00A59593) slli a1, a1, 0xa
x11 <- 0x00000000B504F000
mem[X,0x0000000080003174] -> 0x8593
mem[X,0x0000000080003176] -> 0x3325
[3170] [M]: 0x0000000080003174 (0x33258593) addi a1, a1, 0x332
x11 <- 0x00000000B504F332
mem[X,0x0000000080003178] -> 0x063B
mem[X,0x000000008000317A] -> 0x40B5
[3171] [M]: 0x0000000080003178 (0x40B5063B) subw a2, a0, a1
x12 <- 0xFFFFFFFFB1617334
mem[X,0x000000008000317C] -> 0xB823
mem[X,0x000000008000317E] -> 0x14C2
[3172] [M]: 0x000000008000317C (0x14C2B823) sd a2, 0x150(t0)
mem[0x000000008000BAF8] <- 0xFFFFFFFFB1617334
mem[X,0x0000000080003180] -> 0x6537
mem[X,0x0000000080003182] -> 0x6666
[3173] [M]: 0x0000000080003180 (0x66666537) lui a0, 0x66666
x10 <- 0x0000000066666000
mem[X,0x0000000080003184] -> 0x0513
mem[X,0x0000000080003186] -> 0x6665
[3174] [M]: 0x0000000080003184 (0x66650513) addi a0, a0, 0x666
x10 <- 0x0000000066666666
mem[X,0x0000000080003188] -> 0x1513
mem[X,0x000000008000318A] -> 0x00B5
[3175] [M]: 0x0000000080003188 (0x00B51513) slli a0, a0, 0xb
x10 <- 0x0000033333333000
mem[X,0x000000008000318C] -> 0x0513
mem[X,0x000000008000318E] -> 0x3335
[3176] [M]: 0x000000008000318C (0x33350513) addi a0, a0, 0x333
x10 <- 0x0000033333333333
mem[X,0x0000000080003190] -> 0x1513
mem[X,0x0000000080003192] -> 0x00B5
[3177] [M]: 0x0000000080003190 (0x00B51513) slli a0, a0, 0xb
x10 <- 0x0019999999999800
mem[X,0x0000000080003194] -> 0x0513
mem[X,0x0000000080003196] -> 0x1995
[3178] [M]: 0x0000000080003194 (0x19950513) addi a0, a0, 0x199
x10 <- 0x0019999999999999
mem[X,0x0000000080003198] -> 0x1513
mem[X,0x000000008000319A] -> 0x00A5
[3179] [M]: 0x0000000080003198 (0x00A51513) slli a0, a0, 0xa
x10 <- 0x6666666666666400
mem[X,0x000000008000319C] -> 0x0513
mem[X,0x000000008000319E] -> 0x2665
[3180] [M]: 0x000000008000319C (0x26650513) addi a0, a0, 0x266
x10 <- 0x6666666666666666
mem[X,0x00000000800031A0] -> 0x55B7
mem[X,0x00000000800031A2] -> 0x5555
[3181] [M]: 0x00000000800031A0 (0x555555B7) lui a1, 0x55555
x11 <- 0x0000000055555000
mem[X,0x00000000800031A4] -> 0x8593
mem[X,0x00000000800031A6] -> 0x5555
[3182] [M]: 0x00000000800031A4 (0x55558593) addi a1, a1, 0x555
x11 <- 0x0000000055555555
mem[X,0x00000000800031A8] -> 0x9593
mem[X,0x00000000800031AA] -> 0x00B5
[3183] [M]: 0x00000000800031A8 (0x00B59593) slli a1, a1, 0xb
x11 <- 0x000002AAAAAAA800
mem[X,0x00000000800031AC] -> 0x8593
mem[X,0x00000000800031AE] -> 0x2AA5
[3184] [M]: 0x00000000800031AC (0x2AA58593) addi a1, a1, 0x2aa
x11 <- 0x000002AAAAAAAAAA
mem[X,0x00000000800031B0] -> 0x9593
mem[X,0x00000000800031B2] -> 0x00B5
[3185] [M]: 0x00000000800031B0 (0x00B59593) slli a1, a1, 0xb
x11 <- 0x0015555555555000
mem[X,0x00000000800031B4] -> 0x8593
mem[X,0x00000000800031B6] -> 0x5555
[3186] [M]: 0x00000000800031B4 (0x55558593) addi a1, a1, 0x555
x11 <- 0x0015555555555555
mem[X,0x00000000800031B8] -> 0x9593
mem[X,0x00000000800031BA] -> 0x00A5
[3187] [M]: 0x00000000800031B8 (0x00A59593) slli a1, a1, 0xa
x11 <- 0x5555555555555400
mem[X,0x00000000800031BC] -> 0x8593
mem[X,0x00000000800031BE] -> 0x1565
[3188] [M]: 0x00000000800031BC (0x15658593) addi a1, a1, 0x156
x11 <- 0x5555555555555556
mem[X,0x00000000800031C0] -> 0x063B
mem[X,0x00000000800031C2] -> 0x40B5
[3189] [M]: 0x00000000800031C0 (0x40B5063B) subw a2, a0, a1
x12 <- 0x0000000011111110
mem[X,0x00000000800031C4] -> 0xBC23
mem[X,0x00000000800031C6] -> 0x14C2
[3190] [M]: 0x00000000800031C4 (0x14C2BC23) sd a2, 0x158(t0)
mem[0x000000008000BB00] <- 0x0000000011111110
mem[X,0x00000000800031C8] -> 0x6537
mem[X,0x00000000800031CA] -> 0x6666
[3191] [M]: 0x00000000800031C8 (0x66666537) lui a0, 0x66666
x10 <- 0x0000000066666000
mem[X,0x00000000800031CC] -> 0x0513
mem[X,0x00000000800031CE] -> 0x6665
[3192] [M]: 0x00000000800031CC (0x66650513) addi a0, a0, 0x666
x10 <- 0x0000000066666666
mem[X,0x00000000800031D0] -> 0x1513
mem[X,0x00000000800031D2] -> 0x00B5
[3193] [M]: 0x00000000800031D0 (0x00B51513) slli a0, a0, 0xb
x10 <- 0x0000033333333000
mem[X,0x00000000800031D4] -> 0x0513
mem[X,0x00000000800031D6] -> 0x3335
[3194] [M]: 0x00000000800031D4 (0x33350513) addi a0, a0, 0x333
x10 <- 0x0000033333333333
mem[X,0x00000000800031D8] -> 0x1513
mem[X,0x00000000800031DA] -> 0x00B5
[3195] [M]: 0x00000000800031D8 (0x00B51513) slli a0, a0, 0xb
x10 <- 0x0019999999999800
mem[X,0x00000000800031DC] -> 0x0513
mem[X,0x00000000800031DE] -> 0x1995
[3196] [M]: 0x00000000800031DC (0x19950513) addi a0, a0, 0x199
x10 <- 0x0019999999999999
mem[X,0x00000000800031E0] -> 0x1513
mem[X,0x00000000800031E2] -> 0x00A5
[3197] [M]: 0x00000000800031E0 (0x00A51513) slli a0, a0, 0xa
x10 <- 0x6666666666666400
mem[X,0x00000000800031E4] -> 0x0513
mem[X,0x00000000800031E6] -> 0x2665
[3198] [M]: 0x00000000800031E4 (0x26650513) addi a0, a0, 0x266
x10 <- 0x6666666666666666
mem[X,0x00000000800031E8] -> 0xB5B7
mem[X,0x00000000800031EA] -> 0xAAAA
[3199] [M]: 0x00000000800031E8 (0xAAAAB5B7) lui a1, -0x55555
x11 <- 0xFFFFFFFFAAAAB000
clint::tick mtime <- 0x0000000000000020
 clint timer pending at mtime 0x0000000000000020
htif::tick 0x0000000000000000
mem[X,0x00000000800031EC] -> 0x8593
mem[X,0x00000000800031EE] -> 0xAAA5
[3200] [M]: 0x00000000800031EC (0xAAA58593) addi a1, a1, -0x556
x11 <- 0xFFFFFFFFAAAAAAAA
mem[X,0x00000000800031F0] -> 0x9593
mem[X,0x00000000800031F2] -> 0x00B5
[3201] [M]: 0x00000000800031F0 (0x00B59593) slli a1, a1, 0xb
x11 <- 0xFFFFFD5555555000
mem[X,0x00000000800031F4] -> 0x8593
mem[X,0x00000000800031F6] -> 0x5555
[3202] [M]: 0x00000000800031F4 (0x55558593) addi a1, a1, 0x555
x11 <- 0xFFFFFD5555555555
mem[X,0x00000000800031F8] -> 0x9593
mem[X,0x00000000800031FA] -> 0x00B5
[3203] [M]: 0x00000000800031F8 (0x00B59593) slli a1, a1, 0xb
x11 <- 0xFFEAAAAAAAAAA800
mem[X,0x00000000800031FC] -> 0x8593
mem[X,0x00000000800031FE] -> 0x2AA5
[3204] [M]: 0x00000000800031FC (0x2AA58593) addi a1, a1, 0x2aa
x11 <- 0xFFEAAAAAAAAAAAAA
mem[X,0x0000000080003200] -> 0x9593
mem[X,0x0000000080003202] -> 0x00A5
[3205] [M]: 0x0000000080003200 (0x00A59593) slli a1, a1, 0xa
x11 <- 0xAAAAAAAAAAAAA800
mem[X,0x0000000080003204] -> 0x8593
mem[X,0x0000000080003206] -> 0x2AB5
[3206] [M]: 0x0000000080003204 (0x2AB58593) addi a1, a1, 0x2ab
x11 <- 0xAAAAAAAAAAAAAAAB
mem[X,0x0000000080003208] -> 0x063B
mem[X,0x000000008000320A] -> 0x40B5
[3207] [M]: 0x0000000080003208 (0x40B5063B) subw a2, a0, a1
x12 <- 0xFFFFFFFFBBBBBBBB
mem[X,0x000000008000320C] -> 0xB023
mem[X,0x000000008000320E] -> 0x16C2
[3208] [M]: 0x000000008000320C (0x16C2B023) sd a2, 0x160(t0)
mem[0x000000008000BB08] <- 0xFFFFFFFFBBBBBBBB
mem[X,0x0000000080003210] -> 0x6537
mem[X,0x0000000080003212] -> 0x6666
[3209] [M]: 0x0000000080003210 (0x66666537) lui a0, 0x66666
x10 <- 0x0000000066666000
mem[X,0x0000000080003214] -> 0x0513
mem[X,0x0000000080003216] -> 0x6665
[3210] [M]: 0x0000000080003214 (0x66650513) addi a0, a0, 0x666
x10 <- 0x0000000066666666
mem[X,0x0000000080003218] -> 0x1513
mem[X,0x000000008000321A] -> 0x00B5
[3211] [M]: 0x0000000080003218 (0x00B51513) slli a0, a0, 0xb
x10 <- 0x0000033333333000
mem[X,0x000000008000321C] -> 0x0513
mem[X,0x000000008000321E] -> 0x3335
[3212] [M]: 0x000000008000321C (0x33350513) addi a0, a0, 0x333
x10 <- 0x0000033333333333
mem[X,0x0000000080003220] -> 0x1513
mem[X,0x0000000080003222] -> 0x00B5
[3213] [M]: 0x0000000080003220 (0x00B51513) slli a0, a0, 0xb
x10 <- 0x0019999999999800
mem[X,0x0000000080003224] -> 0x0513
mem[X,0x0000000080003226] -> 0x1995
[3214] [M]: 0x0000000080003224 (0x19950513) addi a0, a0, 0x199
x10 <- 0x0019999999999999
mem[X,0x0000000080003228] -> 0x1513
mem[X,0x000000008000322A] -> 0x00A5
[3215] [M]: 0x0000000080003228 (0x00A51513) slli a0, a0, 0xa
x10 <- 0x6666666666666400
mem[X,0x000000008000322C] -> 0x0513
mem[X,0x000000008000322E] -> 0x2665
[3216] [M]: 0x000000008000322C (0x26650513) addi a0, a0, 0x266
x10 <- 0x6666666666666666
mem[X,0x0000000080003230] -> 0x0593
mem[X,0x0000000080003232] -> 0x0060
[3217] [M]: 0x0000000080003230 (0x00600593) addi a1, zero, 0x6
x11 <- 0x0000000000000006
mem[X,0x0000000080003234] -> 0x063B
mem[X,0x0000000080003236] -> 0x40B5
[3218] [M]: 0x0000000080003234 (0x40B5063B) subw a2, a0, a1
x12 <- 0x0000000066666660
mem[X,0x0000000080003238] -> 0xB423
mem[X,0x000000008000323A] -> 0x16C2
[3219] [M]: 0x0000000080003238 (0x16C2B423) sd a2, 0x168(t0)
mem[0x000000008000BB10] <- 0x0000000066666660
mem[X,0x000000008000323C] -> 0x6537
mem[X,0x000000008000323E] -> 0x6666
[3220] [M]: 0x000000008000323C (0x66666537) lui a0, 0x66666
x10 <- 0x0000000066666000
mem[X,0x0000000080003240] -> 0x0513
mem[X,0x0000000080003242] -> 0x6665
[3221] [M]: 0x0000000080003240 (0x66650513) addi a0, a0, 0x666
x10 <- 0x0000000066666666
mem[X,0x0000000080003244] -> 0x1513
mem[X,0x0000000080003246] -> 0x00B5
[3222] [M]: 0x0000000080003244 (0x00B51513) slli a0, a0, 0xb
x10 <- 0x0000033333333000
mem[X,0x0000000080003248] -> 0x0513
mem[X,0x000000008000324A] -> 0x3335
[3223] [M]: 0x0000000080003248 (0x33350513) addi a0, a0, 0x333
x10 <- 0x0000033333333333
mem[X,0x000000008000324C] -> 0x1513
mem[X,0x000000008000324E] -> 0x00B5
[3224] [M]: 0x000000008000324C (0x00B51513) slli a0, a0, 0xb
x10 <- 0x0019999999999800
mem[X,0x0000000080003250] -> 0x0513
mem[X,0x0000000080003252] -> 0x1995
[3225] [M]: 0x0000000080003250 (0x19950513) addi a0, a0, 0x199
x10 <- 0x0019999999999999
mem[X,0x0000000080003254] -> 0x1513
mem[X,0x0000000080003256] -> 0x00A5
[3226] [M]: 0x0000000080003254 (0x00A51513) slli a0, a0, 0xa
x10 <- 0x6666666666666400
mem[X,0x0000000080003258] -> 0x0513
mem[X,0x000000008000325A] -> 0x2665
[3227] [M]: 0x0000000080003258 (0x26650513) addi a0, a0, 0x266
x10 <- 0x6666666666666666
mem[X,0x000000008000325C] -> 0x35B7
mem[X,0x000000008000325E] -> 0x3333
[3228] [M]: 0x000000008000325C (0x333335B7) lui a1, 0x33333
x11 <- 0x0000000033333000
mem[X,0x0000000080003260] -> 0x8593
mem[X,0x0000000080003262] -> 0x3335
[3229] [M]: 0x0000000080003260 (0x33358593) addi a1, a1, 0x333
x11 <- 0x0000000033333333
mem[X,0x0000000080003264] -> 0x9593
mem[X,0x0000000080003266] -> 0x00B5
[3230] [M]: 0x0000000080003264 (0x00B59593) slli a1, a1, 0xb
x11 <- 0x0000019999999800
mem[X,0x0000000080003268] -> 0x8593
mem[X,0x000000008000326A] -> 0x1995
[3231] [M]: 0x0000000080003268 (0x19958593) addi a1, a1, 0x199
x11 <- 0x0000019999999999
mem[X,0x000000008000326C] -> 0x9593
mem[X,0x000000008000326E] -> 0x00B5
[3232] [M]: 0x000000008000326C (0x00B59593) slli a1, a1, 0xb
x11 <- 0x000CCCCCCCCCC800
mem[X,0x0000000080003270] -> 0x8593
mem[X,0x0000000080003272] -> 0x4CC5
[3233] [M]: 0x0000000080003270 (0x4CC58593) addi a1, a1, 0x4cc
x11 <- 0x000CCCCCCCCCCCCC
mem[X,0x0000000080003274] -> 0x9593
mem[X,0x0000000080003276] -> 0x00A5
[3234] [M]: 0x0000000080003274 (0x00A59593) slli a1, a1, 0xa
x11 <- 0x3333333333333000
mem[X,0x0000000080003278] -> 0x8593
mem[X,0x000000008000327A] -> 0x3345
[3235] [M]: 0x0000000080003278 (0x33458593) addi a1, a1, 0x334
x11 <- 0x3333333333333334
mem[X,0x000000008000327C] -> 0x063B
mem[X,0x000000008000327E] -> 0x40B5
[3236] [M]: 0x000000008000327C (0x40B5063B) subw a2, a0, a1
x12 <- 0x0000000033333332
mem[X,0x0000000080003280] -> 0xB823
mem[X,0x0000000080003282] -> 0x16C2
[3237] [M]: 0x0000000080003280 (0x16C2B823) sd a2, 0x170(t0)
mem[0x000000008000BB18] <- 0x0000000033333332
mem[X,0x0000000080003284] -> 0x6537
mem[X,0x0000000080003286] -> 0x6666
[3238] [M]: 0x0000000080003284 (0x66666537) lui a0, 0x66666
x10 <- 0x0000000066666000
mem[X,0x0000000080003288] -> 0x0513
mem[X,0x000000008000328A] -> 0x6665
[3239] [M]: 0x0000000080003288 (0x66650513) addi a0, a0, 0x666
x10 <- 0x0000000066666666
mem[X,0x000000008000328C] -> 0x1513
mem[X,0x000000008000328E] -> 0x00B5
[3240] [M]: 0x000000008000328C (0x00B51513) slli a0, a0, 0xb
x10 <- 0x0000033333333000
mem[X,0x0000000080003290] -> 0x0513
mem[X,0x0000000080003292] -> 0x3335
[3241] [M]: 0x0000000080003290 (0x33350513) addi a0, a0, 0x333
x10 <- 0x0000033333333333
mem[X,0x0000000080003294] -> 0x1513
mem[X,0x0000000080003296] -> 0x00B5
[3242] [M]: 0x0000000080003294 (0x00B51513) slli a0, a0, 0xb
x10 <- 0x0019999999999800
mem[X,0x0000000080003298] -> 0x0513
mem[X,0x000000008000329A] -> 0x1995
[3243] [M]: 0x0000000080003298 (0x19950513) addi a0, a0, 0x199
x10 <- 0x0019999999999999
mem[X,0x000000008000329C] -> 0x1513
mem[X,0x000000008000329E] -> 0x00A5
[3244] [M]: 0x000000008000329C (0x00A51513) slli a0, a0, 0xa
x10 <- 0x6666666666666400
mem[X,0x00000000800032A0] -> 0x0513
mem[X,0x00000000800032A2] -> 0x2665
[3245] [M]: 0x00000000800032A0 (0x26650513) addi a0, a0, 0x266
x10 <- 0x6666666666666666
mem[X,0x00000000800032A4] -> 0x65B7
mem[X,0x00000000800032A6] -> 0x6666
[3246] [M]: 0x00000000800032A4 (0x666665B7) lui a1, 0x66666
x11 <- 0x0000000066666000
mem[X,0x00000000800032A8] -> 0x8593
mem[X,0x00000000800032AA] -> 0x6665
[3247] [M]: 0x00000000800032A8 (0x66658593) addi a1, a1, 0x666
x11 <- 0x0000000066666666
mem[X,0x00000000800032AC] -> 0x9593
mem[X,0x00000000800032AE] -> 0x00B5
[3248] [M]: 0x00000000800032AC (0x00B59593) slli a1, a1, 0xb
x11 <- 0x0000033333333000
mem[X,0x00000000800032B0] -> 0x8593
mem[X,0x00000000800032B2] -> 0x3335
[3249] [M]: 0x00000000800032B0 (0x33358593) addi a1, a1, 0x333
x11 <- 0x0000033333333333
mem[X,0x00000000800032B4] -> 0x9593
mem[X,0x00000000800032B6] -> 0x00B5
[3250] [M]: 0x00000000800032B4 (0x00B59593) slli a1, a1, 0xb
x11 <- 0x0019999999999800
mem[X,0x00000000800032B8] -> 0x8593
mem[X,0x00000000800032BA] -> 0x1995
[3251] [M]: 0x00000000800032B8 (0x19958593) addi a1, a1, 0x199
x11 <- 0x0019999999999999
mem[X,0x00000000800032BC] -> 0x9593
mem[X,0x00000000800032BE] -> 0x00A5
[3252] [M]: 0x00000000800032BC (0x00A59593) slli a1, a1, 0xa
x11 <- 0x6666666666666400
mem[X,0x00000000800032C0] -> 0x8593
mem[X,0x00000000800032C2] -> 0x2675
[3253] [M]: 0x00000000800032C0 (0x26758593) addi a1, a1, 0x267
x11 <- 0x6666666666666667
mem[X,0x00000000800032C4] -> 0x063B
mem[X,0x00000000800032C6] -> 0x40B5
[3254] [M]: 0x00000000800032C4 (0x40B5063B) subw a2, a0, a1
x12 <- 0xFFFFFFFFFFFFFFFF
mem[X,0x00000000800032C8] -> 0xBC23
mem[X,0x00000000800032CA] -> 0x16C2
[3255] [M]: 0x00000000800032C8 (0x16C2BC23) sd a2, 0x178(t0)
mem[0x000000008000BB20] <- 0xFFFFFFFFFFFFFFFF
mem[X,0x00000000800032CC] -> 0x6537
mem[X,0x00000000800032CE] -> 0x6666
[3256] [M]: 0x00000000800032CC (0x66666537) lui a0, 0x66666
x10 <- 0x0000000066666000
mem[X,0x00000000800032D0] -> 0x0513
mem[X,0x00000000800032D2] -> 0x6665
[3257] [M]: 0x00000000800032D0 (0x66650513) addi a0, a0, 0x666
x10 <- 0x0000000066666666
mem[X,0x00000000800032D4] -> 0x1513
mem[X,0x00000000800032D6] -> 0x00B5
[3258] [M]: 0x00000000800032D4 (0x00B51513) slli a0, a0, 0xb
x10 <- 0x0000033333333000
mem[X,0x00000000800032D8] -> 0x0513
mem[X,0x00000000800032DA] -> 0x3335
[3259] [M]: 0x00000000800032D8 (0x33350513) addi a0, a0, 0x333
x10 <- 0x0000033333333333
mem[X,0x00000000800032DC] -> 0x1513
mem[X,0x00000000800032DE] -> 0x00B5
[3260] [M]: 0x00000000800032DC (0x00B51513) slli a0, a0, 0xb
x10 <- 0x0019999999999800
mem[X,0x00000000800032E0] -> 0x0513
mem[X,0x00000000800032E2] -> 0x1995
[3261] [M]: 0x00000000800032E0 (0x19950513) addi a0, a0, 0x199
x10 <- 0x0019999999999999
mem[X,0x00000000800032E4] -> 0x1513
mem[X,0x00000000800032E6] -> 0x00A5
[3262] [M]: 0x00000000800032E4 (0x00A51513) slli a0, a0, 0xa
x10 <- 0x6666666666666400
mem[X,0x00000000800032E8] -> 0x0513
mem[X,0x00000000800032EA] -> 0x2665
[3263] [M]: 0x00000000800032E8 (0x26650513) addi a0, a0, 0x266
x10 <- 0x6666666666666666
mem[X,0x00000000800032EC] -> 0x05B7
mem[X,0x00000000800032EE] -> 0x0000
[3264] [M]: 0x00000000800032EC (0x000005B7) lui a1, 0x0
x11 <- 0x0000000000000000
mem[X,0x00000000800032F0] -> 0x8593
mem[X,0x00000000800032F2] -> 0xFFF5
[3265] [M]: 0x00000000800032F0 (0xFFF58593) addi a1, a1, -0x1
x11 <- 0xFFFFFFFFFFFFFFFF
mem[X,0x00000000800032F4] -> 0x9593
mem[X,0x00000000800032F6] -> 0x00B5
[3266] [M]: 0x00000000800032F4 (0x00B59593) slli a1, a1, 0xb
x11 <- 0xFFFFFFFFFFFFF800
mem[X,0x00000000800032F8] -> 0x8593
mem[X,0x00000000800032FA] -> 0x2575
[3267] [M]: 0x00000000800032F8 (0x25758593) addi a1, a1, 0x257
x11 <- 0xFFFFFFFFFFFFFA57
mem[X,0x00000000800032FC] -> 0x9593
mem[X,0x00000000800032FE] -> 0x00B5
[3268] [M]: 0x00000000800032FC (0x00B59593) slli a1, a1, 0xb
x11 <- 0xFFFFFFFFFFD2B800
mem[X,0x0000000080003300] -> 0x8593
mem[X,0x0000000080003302] -> 0x6C35
[3269] [M]: 0x0000000080003300 (0x6C358593) addi a1, a1, 0x6c3
x11 <- 0xFFFFFFFFFFD2BEC3
mem[X,0x0000000080003304] -> 0x9593
mem[X,0x0000000080003306] -> 0x00A5
[3270] [M]: 0x0000000080003304 (0x00A59593) slli a1, a1, 0xa
x11 <- 0xFFFFFFFF4AFB0C00
mem[X,0x0000000080003308] -> 0x8593
mem[X,0x000000008000330A] -> 0x0CE5
[3271] [M]: 0x0000000080003308 (0x0CE58593) addi a1, a1, 0xce
x11 <- 0xFFFFFFFF4AFB0CCE
mem[X,0x000000008000330C] -> 0x063B
mem[X,0x000000008000330E] -> 0x40B5
[3272] [M]: 0x000000008000330C (0x40B5063B) subw a2, a0, a1
x12 <- 0x000000001B6B5998
mem[X,0x0000000080003310] -> 0xB023
mem[X,0x0000000080003312] -> 0x18C2
[3273] [M]: 0x0000000080003310 (0x18C2B023) sd a2, 0x180(t0)
mem[0x000000008000BB28] <- 0x000000001B6B5998
mem[X,0x0000000080003314] -> 0x6537
mem[X,0x0000000080003316] -> 0x6666
[3274] [M]: 0x0000000080003314 (0x66666537) lui a0, 0x66666
x10 <- 0x0000000066666000
mem[X,0x0000000080003318] -> 0x0513
mem[X,0x000000008000331A] -> 0x6665
[3275] [M]: 0x0000000080003318 (0x66650513) addi a0, a0, 0x666
x10 <- 0x0000000066666666
mem[X,0x000000008000331C] -> 0x1513
mem[X,0x000000008000331E] -> 0x00B5
[3276] [M]: 0x000000008000331C (0x00B51513) slli a0, a0, 0xb
x10 <- 0x0000033333333000
mem[X,0x0000000080003320] -> 0x0513
mem[X,0x0000000080003322] -> 0x3335
[3277] [M]: 0x0000000080003320 (0x33350513) addi a0, a0, 0x333
x10 <- 0x0000033333333333
mem[X,0x0000000080003324] -> 0x1513
mem[X,0x0000000080003326] -> 0x00B5
[3278] [M]: 0x0000000080003324 (0x00B51513) slli a0, a0, 0xb
x10 <- 0x0019999999999800
mem[X,0x0000000080003328] -> 0x0513
mem[X,0x000000008000332A] -> 0x1995
[3279] [M]: 0x0000000080003328 (0x19950513) addi a0, a0, 0x199
x10 <- 0x0019999999999999
mem[X,0x000000008000332C] -> 0x1513
mem[X,0x000000008000332E] -> 0x00A5
[3280] [M]: 0x000000008000332C (0x00A51513) slli a0, a0, 0xa
x10 <- 0x6666666666666400
mem[X,0x0000000080003330] -> 0x0513
mem[X,0x0000000080003332] -> 0x2665
[3281] [M]: 0x0000000080003330 (0x26650513) addi a0, a0, 0x266
x10 <- 0x6666666666666666
mem[X,0x0000000080003334] -> 0x05B7
mem[X,0x0000000080003336] -> 0x0000
[3282] [M]: 0x0000000080003334 (0x000005B7) lui a1, 0x0
x11 <- 0x0000000000000000
mem[X,0x0000000080003338] -> 0x8593
mem[X,0x000000008000333A] -> 0x0005
[3283] [M]: 0x0000000080003338 (0x00058593) addi a1, a1, 0x0
x11 <- 0x0000000000000000
mem[X,0x000000008000333C] -> 0x9593
mem[X,0x000000008000333E] -> 0x00B5
[3284] [M]: 0x000000008000333C (0x00B59593) slli a1, a1, 0xb
x11 <- 0x0000000000000000
mem[X,0x0000000080003340] -> 0x8593
mem[X,0x0000000080003342] -> 0x5A85
[3285] [M]: 0x0000000080003340 (0x5A858593) addi a1, a1, 0x5a8
x11 <- 0x00000000000005A8
mem[X,0x0000000080003344] -> 0x9593
mem[X,0x0000000080003346] -> 0x00B5
[3286] [M]: 0x0000000080003344 (0x00B59593) slli a1, a1, 0xb
x11 <- 0x00000000002D4000
mem[X,0x0000000080003348] -> 0x8593
mem[X,0x000000008000334A] -> 0x13C5
[3287] [M]: 0x0000000080003348 (0x13C58593) addi a1, a1, 0x13c
x11 <- 0x00000000002D413C
mem[X,0x000000008000334C] -> 0x9593
mem[X,0x000000008000334E] -> 0x00A5
[3288] [M]: 0x000000008000334C (0x00A59593) slli a1, a1, 0xa
x11 <- 0x00000000B504F000
mem[X,0x0000000080003350] -> 0x8593
mem[X,0x0000000080003352] -> 0x3345
[3289] [M]: 0x0000000080003350 (0x33458593) addi a1, a1, 0x334
x11 <- 0x00000000B504F334
mem[X,0x0000000080003354] -> 0x063B
mem[X,0x0000000080003356] -> 0x40B5
[3290] [M]: 0x0000000080003354 (0x40B5063B) subw a2, a0, a1
x12 <- 0xFFFFFFFFB1617332
mem[X,0x0000000080003358] -> 0xB423
mem[X,0x000000008000335A] -> 0x18C2
[3291] [M]: 0x0000000080003358 (0x18C2B423) sd a2, 0x188(t0)
mem[0x000000008000BB30] <- 0xFFFFFFFFB1617332
mem[X,0x000000008000335C] -> 0x0537
mem[X,0x000000008000335E] -> 0x0000
[3292] [M]: 0x000000008000335C (0x00000537) lui a0, 0x0
x10 <- 0x0000000000000000
mem[X,0x0000000080003360] -> 0x0513
mem[X,0x0000000080003362] -> 0xFFF5
[3293] [M]: 0x0000000080003360 (0xFFF50513) addi a0, a0, -0x1
x10 <- 0xFFFFFFFFFFFFFFFF
mem[X,0x0000000080003364] -> 0x1513
mem[X,0x0000000080003366] -> 0x00B5
[3294] [M]: 0x0000000080003364 (0x00B51513) slli a0, a0, 0xb
x10 <- 0xFFFFFFFFFFFFF800
mem[X,0x0000000080003368] -> 0x0513
mem[X,0x000000008000336A] -> 0x2575
[3295] [M]: 0x0000000080003368 (0x25750513) addi a0, a0, 0x257
x10 <- 0xFFFFFFFFFFFFFA57
mem[X,0x000000008000336C] -> 0x1513
mem[X,0x000000008000336E] -> 0x00B5
[3296] [M]: 0x000000008000336C (0x00B51513) slli a0, a0, 0xb
x10 <- 0xFFFFFFFFFFD2B800
mem[X,0x0000000080003370] -> 0x0513
mem[X,0x0000000080003372] -> 0x6C35
[3297] [M]: 0x0000000080003370 (0x6C350513) addi a0, a0, 0x6c3
x10 <- 0xFFFFFFFFFFD2BEC3
mem[X,0x0000000080003374] -> 0x1513
mem[X,0x0000000080003376] -> 0x00A5
[3298] [M]: 0x0000000080003374 (0x00A51513) slli a0, a0, 0xa
x10 <- 0xFFFFFFFF4AFB0C00
mem[X,0x0000000080003378] -> 0x0513
mem[X,0x000000008000337A] -> 0x0CD5
[3299] [M]: 0x0000000080003378 (0x0CD50513) addi a0, a0, 0xcd
x10 <- 0xFFFFFFFF4AFB0CCD
clint::tick mtime <- 0x0000000000000021
 clint timer pending at mtime 0x0000000000000021
htif::tick 0x0000000000000000
mem[X,0x000000008000337C] -> 0x0593
mem[X,0x000000008000337E] -> 0x0030
[3300] [M]: 0x000000008000337C (0x00300593) addi a1, zero, 0x3
x11 <- 0x0000000000000003
mem[X,0x0000000080003380] -> 0x063B
mem[X,0x0000000080003382] -> 0x40B5
[3301] [M]: 0x0000000080003380 (0x40B5063B) subw a2, a0, a1
x12 <- 0x000000004AFB0CCA
mem[X,0x0000000080003384] -> 0xB823
mem[X,0x0000000080003386] -> 0x18C2
[3302] [M]: 0x0000000080003384 (0x18C2B823) sd a2, 0x190(t0)
mem[0x000000008000BB38] <- 0x000000004AFB0CCA
mem[X,0x0000000080003388] -> 0x0537
mem[X,0x000000008000338A] -> 0x0000
[3303] [M]: 0x0000000080003388 (0x00000537) lui a0, 0x0
x10 <- 0x0000000000000000
mem[X,0x000000008000338C] -> 0x0513
mem[X,0x000000008000338E] -> 0xFFF5
[3304] [M]: 0x000000008000338C (0xFFF50513) addi a0, a0, -0x1
x10 <- 0xFFFFFFFFFFFFFFFF
mem[X,0x0000000080003390] -> 0x1513
mem[X,0x0000000080003392] -> 0x00B5
[3305] [M]: 0x0000000080003390 (0x00B51513) slli a0, a0, 0xb
x10 <- 0xFFFFFFFFFFFFF800
mem[X,0x0000000080003394] -> 0x0513
mem[X,0x0000000080003396] -> 0x2575
[3306] [M]: 0x0000000080003394 (0x25750513) addi a0, a0, 0x257
x10 <- 0xFFFFFFFFFFFFFA57
mem[X,0x0000000080003398] -> 0x1513
mem[X,0x000000008000339A] -> 0x00B5
[3307] [M]: 0x0000000080003398 (0x00B51513) slli a0, a0, 0xb
x10 <- 0xFFFFFFFFFFD2B800
mem[X,0x000000008000339C] -> 0x0513
mem[X,0x000000008000339E] -> 0x6C35
[3308] [M]: 0x000000008000339C (0x6C350513) addi a0, a0, 0x6c3
x10 <- 0xFFFFFFFFFFD2BEC3
mem[X,0x00000000800033A0] -> 0x1513
mem[X,0x00000000800033A2] -> 0x00A5
[3309] [M]: 0x00000000800033A0 (0x00A51513) slli a0, a0, 0xa
x10 <- 0xFFFFFFFF4AFB0C00
mem[X,0x00000000800033A4] -> 0x0513
mem[X,0x00000000800033A6] -> 0x0CD5
[3310] [M]: 0x00000000800033A4 (0x0CD50513) addi a0, a0, 0xcd
x10 <- 0xFFFFFFFF4AFB0CCD
mem[X,0x00000000800033A8] -> 0x55B7
mem[X,0x00000000800033AA] -> 0x5555
[3311] [M]: 0x00000000800033A8 (0x555555B7) lui a1, 0x55555
x11 <- 0x0000000055555000
mem[X,0x00000000800033AC] -> 0x8593
mem[X,0x00000000800033AE] -> 0x5555
[3312] [M]: 0x00000000800033AC (0x55558593) addi a1, a1, 0x555
x11 <- 0x0000000055555555
mem[X,0x00000000800033B0] -> 0x9593
mem[X,0x00000000800033B2] -> 0x00B5
[3313] [M]: 0x00000000800033B0 (0x00B59593) slli a1, a1, 0xb
x11 <- 0x000002AAAAAAA800
mem[X,0x00000000800033B4] -> 0x8593
mem[X,0x00000000800033B6] -> 0x2AA5
[3314] [M]: 0x00000000800033B4 (0x2AA58593) addi a1, a1, 0x2aa
x11 <- 0x000002AAAAAAAAAA
mem[X,0x00000000800033B8] -> 0x9593
mem[X,0x00000000800033BA] -> 0x00B5
[3315] [M]: 0x00000000800033B8 (0x00B59593) slli a1, a1, 0xb
x11 <- 0x0015555555555000
mem[X,0x00000000800033BC] -> 0x8593
mem[X,0x00000000800033BE] -> 0x5555
[3316] [M]: 0x00000000800033BC (0x55558593) addi a1, a1, 0x555
x11 <- 0x0015555555555555
mem[X,0x00000000800033C0] -> 0x9593
mem[X,0x00000000800033C2] -> 0x00A5
[3317] [M]: 0x00000000800033C0 (0x00A59593) slli a1, a1, 0xa
x11 <- 0x5555555555555400
mem[X,0x00000000800033C4] -> 0x8593
mem[X,0x00000000800033C6] -> 0x1555
[3318] [M]: 0x00000000800033C4 (0x15558593) addi a1, a1, 0x155
x11 <- 0x5555555555555555
mem[X,0x00000000800033C8] -> 0x063B
mem[X,0x00000000800033CA] -> 0x40B5
[3319] [M]: 0x00000000800033C8 (0x40B5063B) subw a2, a0, a1
x12 <- 0xFFFFFFFFF5A5B778
mem[X,0x00000000800033CC] -> 0xBC23
mem[X,0x00000000800033CE] -> 0x18C2
[3320] [M]: 0x00000000800033CC (0x18C2BC23) sd a2, 0x198(t0)
mem[0x000000008000BB40] <- 0xFFFFFFFFF5A5B778
mem[X,0x00000000800033D0] -> 0x0537
mem[X,0x00000000800033D2] -> 0x0000
[3321] [M]: 0x00000000800033D0 (0x00000537) lui a0, 0x0
x10 <- 0x0000000000000000
mem[X,0x00000000800033D4] -> 0x0513
mem[X,0x00000000800033D6] -> 0xFFF5
[3322] [M]: 0x00000000800033D4 (0xFFF50513) addi a0, a0, -0x1
x10 <- 0xFFFFFFFFFFFFFFFF
mem[X,0x00000000800033D8] -> 0x1513
mem[X,0x00000000800033DA] -> 0x00B5
[3323] [M]: 0x00000000800033D8 (0x00B51513) slli a0, a0, 0xb
x10 <- 0xFFFFFFFFFFFFF800
mem[X,0x00000000800033DC] -> 0x0513
mem[X,0x00000000800033DE] -> 0x2575
[3324] [M]: 0x00000000800033DC (0x25750513) addi a0, a0, 0x257
x10 <- 0xFFFFFFFFFFFFFA57
mem[X,0x00000000800033E0] -> 0x1513
mem[X,0x00000000800033E2] -> 0x00B5
[3325] [M]: 0x00000000800033E0 (0x00B51513) slli a0, a0, 0xb
x10 <- 0xFFFFFFFFFFD2B800
mem[X,0x00000000800033E4] -> 0x0513
mem[X,0x00000000800033E6] -> 0x6C35
[3326] [M]: 0x00000000800033E4 (0x6C350513) addi a0, a0, 0x6c3
x10 <- 0xFFFFFFFFFFD2BEC3
mem[X,0x00000000800033E8] -> 0x1513
mem[X,0x00000000800033EA] -> 0x00A5
[3327] [M]: 0x00000000800033E8 (0x00A51513) slli a0, a0, 0xa
x10 <- 0xFFFFFFFF4AFB0C00
mem[X,0x00000000800033EC] -> 0x0513
mem[X,0x00000000800033EE] -> 0x0CD5
[3328] [M]: 0x00000000800033EC (0x0CD50513) addi a0, a0, 0xcd
x10 <- 0xFFFFFFFF4AFB0CCD
mem[X,0x00000000800033F0] -> 0xB5B7
mem[X,0x00000000800033F2] -> 0xAAAA
[3329] [M]: 0x00000000800033F0 (0xAAAAB5B7) lui a1, -0x55555
x11 <- 0xFFFFFFFFAAAAB000
mem[X,0x00000000800033F4] -> 0x8593
mem[X,0x00000000800033F6] -> 0xAAA5
[3330] [M]: 0x00000000800033F4 (0xAAA58593) addi a1, a1, -0x556
x11 <- 0xFFFFFFFFAAAAAAAA
mem[X,0x00000000800033F8] -> 0x9593
mem[X,0x00000000800033FA] -> 0x00B5
[3331] [M]: 0x00000000800033F8 (0x00B59593) slli a1, a1, 0xb
x11 <- 0xFFFFFD5555555000
mem[X,0x00000000800033FC] -> 0x8593
mem[X,0x00000000800033FE] -> 0x5555
[3332] [M]: 0x00000000800033FC (0x55558593) addi a1, a1, 0x555
x11 <- 0xFFFFFD5555555555
mem[X,0x0000000080003400] -> 0x9593
mem[X,0x0000000080003402] -> 0x00B5
[3333] [M]: 0x0000000080003400 (0x00B59593) slli a1, a1, 0xb
x11 <- 0xFFEAAAAAAAAAA800
mem[X,0x0000000080003404] -> 0x8593
mem[X,0x0000000080003406] -> 0x2AA5
[3334] [M]: 0x0000000080003404 (0x2AA58593) addi a1, a1, 0x2aa
x11 <- 0xFFEAAAAAAAAAAAAA
mem[X,0x0000000080003408] -> 0x9593
mem[X,0x000000008000340A] -> 0x00A5
[3335] [M]: 0x0000000080003408 (0x00A59593) slli a1, a1, 0xa
x11 <- 0xAAAAAAAAAAAAA800
mem[X,0x000000008000340C] -> 0x8593
mem[X,0x000000008000340E] -> 0x2AA5
[3336] [M]: 0x000000008000340C (0x2AA58593) addi a1, a1, 0x2aa
x11 <- 0xAAAAAAAAAAAAAAAA
mem[X,0x0000000080003410] -> 0x063B
mem[X,0x0000000080003412] -> 0x40B5
[3337] [M]: 0x0000000080003410 (0x40B5063B) subw a2, a0, a1
x12 <- 0xFFFFFFFFA0506223
mem[X,0x0000000080003414] -> 0xB023
mem[X,0x0000000080003416] -> 0x1AC2
[3338] [M]: 0x0000000080003414 (0x1AC2B023) sd a2, 0x1a0(t0)
mem[0x000000008000BB48] <- 0xFFFFFFFFA0506223
mem[X,0x0000000080003418] -> 0x0537
mem[X,0x000000008000341A] -> 0x0000
[3339] [M]: 0x0000000080003418 (0x00000537) lui a0, 0x0
x10 <- 0x0000000000000000
mem[X,0x000000008000341C] -> 0x0513
mem[X,0x000000008000341E] -> 0xFFF5
[3340] [M]: 0x000000008000341C (0xFFF50513) addi a0, a0, -0x1
x10 <- 0xFFFFFFFFFFFFFFFF
mem[X,0x0000000080003420] -> 0x1513
mem[X,0x0000000080003422] -> 0x00B5
[3341] [M]: 0x0000000080003420 (0x00B51513) slli a0, a0, 0xb
x10 <- 0xFFFFFFFFFFFFF800
mem[X,0x0000000080003424] -> 0x0513
mem[X,0x0000000080003426] -> 0x2575
[3342] [M]: 0x0000000080003424 (0x25750513) addi a0, a0, 0x257
x10 <- 0xFFFFFFFFFFFFFA57
mem[X,0x0000000080003428] -> 0x1513
mem[X,0x000000008000342A] -> 0x00B5
[3343] [M]: 0x0000000080003428 (0x00B51513) slli a0, a0, 0xb
x10 <- 0xFFFFFFFFFFD2B800
mem[X,0x000000008000342C] -> 0x0513
mem[X,0x000000008000342E] -> 0x6C35
[3344] [M]: 0x000000008000342C (0x6C350513) addi a0, a0, 0x6c3
x10 <- 0xFFFFFFFFFFD2BEC3
mem[X,0x0000000080003430] -> 0x1513
mem[X,0x0000000080003432] -> 0x00A5
[3345] [M]: 0x0000000080003430 (0x00A51513) slli a0, a0, 0xa
x10 <- 0xFFFFFFFF4AFB0C00
mem[X,0x0000000080003434] -> 0x0513
mem[X,0x0000000080003436] -> 0x0CD5
[3346] [M]: 0x0000000080003434 (0x0CD50513) addi a0, a0, 0xcd
x10 <- 0xFFFFFFFF4AFB0CCD
mem[X,0x0000000080003438] -> 0x0593
mem[X,0x000000008000343A] -> 0x0050
[3347] [M]: 0x0000000080003438 (0x00500593) addi a1, zero, 0x5
x11 <- 0x0000000000000005
mem[X,0x000000008000343C] -> 0x063B
mem[X,0x000000008000343E] -> 0x40B5
[3348] [M]: 0x000000008000343C (0x40B5063B) subw a2, a0, a1
x12 <- 0x000000004AFB0CC8
mem[X,0x0000000080003440] -> 0xB423
mem[X,0x0000000080003442] -> 0x1AC2
[3349] [M]: 0x0000000080003440 (0x1AC2B423) sd a2, 0x1a8(t0)
mem[0x000000008000BB50] <- 0x000000004AFB0CC8
mem[X,0x0000000080003444] -> 0x0537
mem[X,0x0000000080003446] -> 0x0000
[3350] [M]: 0x0000000080003444 (0x00000537) lui a0, 0x0
x10 <- 0x0000000000000000
mem[X,0x0000000080003448] -> 0x0513
mem[X,0x000000008000344A] -> 0xFFF5
[3351] [M]: 0x0000000080003448 (0xFFF50513) addi a0, a0, -0x1
x10 <- 0xFFFFFFFFFFFFFFFF
mem[X,0x000000008000344C] -> 0x1513
mem[X,0x000000008000344E] -> 0x00B5
[3352] [M]: 0x000000008000344C (0x00B51513) slli a0, a0, 0xb
x10 <- 0xFFFFFFFFFFFFF800
mem[X,0x0000000080003450] -> 0x0513
mem[X,0x0000000080003452] -> 0x2575
[3353] [M]: 0x0000000080003450 (0x25750513) addi a0, a0, 0x257
x10 <- 0xFFFFFFFFFFFFFA57
mem[X,0x0000000080003454] -> 0x1513
mem[X,0x0000000080003456] -> 0x00B5
[3354] [M]: 0x0000000080003454 (0x00B51513) slli a0, a0, 0xb
x10 <- 0xFFFFFFFFFFD2B800
mem[X,0x0000000080003458] -> 0x0513
mem[X,0x000000008000345A] -> 0x6C35
[3355] [M]: 0x0000000080003458 (0x6C350513) addi a0, a0, 0x6c3
x10 <- 0xFFFFFFFFFFD2BEC3
mem[X,0x000000008000345C] -> 0x1513
mem[X,0x000000008000345E] -> 0x00A5
[3356] [M]: 0x000000008000345C (0x00A51513) slli a0, a0, 0xa
x10 <- 0xFFFFFFFF4AFB0C00
mem[X,0x0000000080003460] -> 0x0513
mem[X,0x0000000080003462] -> 0x0CD5
[3357] [M]: 0x0000000080003460 (0x0CD50513) addi a0, a0, 0xcd
x10 <- 0xFFFFFFFF4AFB0CCD
mem[X,0x0000000080003464] -> 0x35B7
mem[X,0x0000000080003466] -> 0x3333
[3358] [M]: 0x0000000080003464 (0x333335B7) lui a1, 0x33333
x11 <- 0x0000000033333000
mem[X,0x0000000080003468] -> 0x8593
mem[X,0x000000008000346A] -> 0x3335
[3359] [M]: 0x0000000080003468 (0x33358593) addi a1, a1, 0x333
x11 <- 0x0000000033333333
mem[X,0x000000008000346C] -> 0x9593
mem[X,0x000000008000346E] -> 0x00B5
[3360] [M]: 0x000000008000346C (0x00B59593) slli a1, a1, 0xb
x11 <- 0x0000019999999800
mem[X,0x0000000080003470] -> 0x8593
mem[X,0x0000000080003472] -> 0x1995
[3361] [M]: 0x0000000080003470 (0x19958593) addi a1, a1, 0x199
x11 <- 0x0000019999999999
mem[X,0x0000000080003474] -> 0x9593
mem[X,0x0000000080003476] -> 0x00B5
[3362] [M]: 0x0000000080003474 (0x00B59593) slli a1, a1, 0xb
x11 <- 0x000CCCCCCCCCC800
mem[X,0x0000000080003478] -> 0x8593
mem[X,0x000000008000347A] -> 0x4CC5
[3363] [M]: 0x0000000080003478 (0x4CC58593) addi a1, a1, 0x4cc
x11 <- 0x000CCCCCCCCCCCCC
mem[X,0x000000008000347C] -> 0x9593
mem[X,0x000000008000347E] -> 0x00A5
[3364] [M]: 0x000000008000347C (0x00A59593) slli a1, a1, 0xa
x11 <- 0x3333333333333000
mem[X,0x0000000080003480] -> 0x8593
mem[X,0x0000000080003482] -> 0x3335
[3365] [M]: 0x0000000080003480 (0x33358593) addi a1, a1, 0x333
x11 <- 0x3333333333333333
mem[X,0x0000000080003484] -> 0x063B
mem[X,0x0000000080003486] -> 0x40B5
[3366] [M]: 0x0000000080003484 (0x40B5063B) subw a2, a0, a1
x12 <- 0x0000000017C7D99A
mem[X,0x0000000080003488] -> 0xB823
mem[X,0x000000008000348A] -> 0x1AC2
[3367] [M]: 0x0000000080003488 (0x1AC2B823) sd a2, 0x1b0(t0)
mem[0x000000008000BB58] <- 0x0000000017C7D99A
mem[X,0x000000008000348C] -> 0x0537
mem[X,0x000000008000348E] -> 0x0000
[3368] [M]: 0x000000008000348C (0x00000537) lui a0, 0x0
x10 <- 0x0000000000000000
mem[X,0x0000000080003490] -> 0x0513
mem[X,0x0000000080003492] -> 0xFFF5
[3369] [M]: 0x0000000080003490 (0xFFF50513) addi a0, a0, -0x1
x10 <- 0xFFFFFFFFFFFFFFFF
mem[X,0x0000000080003494] -> 0x1513
mem[X,0x0000000080003496] -> 0x00B5
[3370] [M]: 0x0000000080003494 (0x00B51513) slli a0, a0, 0xb
x10 <- 0xFFFFFFFFFFFFF800
mem[X,0x0000000080003498] -> 0x0513
mem[X,0x000000008000349A] -> 0x2575
[3371] [M]: 0x0000000080003498 (0x25750513) addi a0, a0, 0x257
x10 <- 0xFFFFFFFFFFFFFA57
mem[X,0x000000008000349C] -> 0x1513
mem[X,0x000000008000349E] -> 0x00B5
[3372] [M]: 0x000000008000349C (0x00B51513) slli a0, a0, 0xb
x10 <- 0xFFFFFFFFFFD2B800
mem[X,0x00000000800034A0] -> 0x0513
mem[X,0x00000000800034A2] -> 0x6C35
[3373] [M]: 0x00000000800034A0 (0x6C350513) addi a0, a0, 0x6c3
x10 <- 0xFFFFFFFFFFD2BEC3
mem[X,0x00000000800034A4] -> 0x1513
mem[X,0x00000000800034A6] -> 0x00A5
[3374] [M]: 0x00000000800034A4 (0x00A51513) slli a0, a0, 0xa
x10 <- 0xFFFFFFFF4AFB0C00
mem[X,0x00000000800034A8] -> 0x0513
mem[X,0x00000000800034AA] -> 0x0CD5
[3375] [M]: 0x00000000800034A8 (0x0CD50513) addi a0, a0, 0xcd
x10 <- 0xFFFFFFFF4AFB0CCD
mem[X,0x00000000800034AC] -> 0x65B7
mem[X,0x00000000800034AE] -> 0x6666
[3376] [M]: 0x00000000800034AC (0x666665B7) lui a1, 0x66666
x11 <- 0x0000000066666000
mem[X,0x00000000800034B0] -> 0x8593
mem[X,0x00000000800034B2] -> 0x6665
[3377] [M]: 0x00000000800034B0 (0x66658593) addi a1, a1, 0x666
x11 <- 0x0000000066666666
mem[X,0x00000000800034B4] -> 0x9593
mem[X,0x00000000800034B6] -> 0x00B5
[3378] [M]: 0x00000000800034B4 (0x00B59593) slli a1, a1, 0xb
x11 <- 0x0000033333333000
mem[X,0x00000000800034B8] -> 0x8593
mem[X,0x00000000800034BA] -> 0x3335
[3379] [M]: 0x00000000800034B8 (0x33358593) addi a1, a1, 0x333
x11 <- 0x0000033333333333
mem[X,0x00000000800034BC] -> 0x9593
mem[X,0x00000000800034BE] -> 0x00B5
[3380] [M]: 0x00000000800034BC (0x00B59593) slli a1, a1, 0xb
x11 <- 0x0019999999999800
mem[X,0x00000000800034C0] -> 0x8593
mem[X,0x00000000800034C2] -> 0x1995
[3381] [M]: 0x00000000800034C0 (0x19958593) addi a1, a1, 0x199
x11 <- 0x0019999999999999
mem[X,0x00000000800034C4] -> 0x9593
mem[X,0x00000000800034C6] -> 0x00A5
[3382] [M]: 0x00000000800034C4 (0x00A59593) slli a1, a1, 0xa
x11 <- 0x6666666666666400
mem[X,0x00000000800034C8] -> 0x8593
mem[X,0x00000000800034CA] -> 0x2665
[3383] [M]: 0x00000000800034C8 (0x26658593) addi a1, a1, 0x266
x11 <- 0x6666666666666666
mem[X,0x00000000800034CC] -> 0x063B
mem[X,0x00000000800034CE] -> 0x40B5
[3384] [M]: 0x00000000800034CC (0x40B5063B) subw a2, a0, a1
x12 <- 0xFFFFFFFFE494A667
mem[X,0x00000000800034D0] -> 0xBC23
mem[X,0x00000000800034D2] -> 0x1AC2
[3385] [M]: 0x00000000800034D0 (0x1AC2BC23) sd a2, 0x1b8(t0)
mem[0x000000008000BB60] <- 0xFFFFFFFFE494A667
mem[X,0x00000000800034D4] -> 0x0537
mem[X,0x00000000800034D6] -> 0x0000
[3386] [M]: 0x00000000800034D4 (0x00000537) lui a0, 0x0
x10 <- 0x0000000000000000
mem[X,0x00000000800034D8] -> 0x0513
mem[X,0x00000000800034DA] -> 0xFFF5
[3387] [M]: 0x00000000800034D8 (0xFFF50513) addi a0, a0, -0x1
x10 <- 0xFFFFFFFFFFFFFFFF
mem[X,0x00000000800034DC] -> 0x1513
mem[X,0x00000000800034DE] -> 0x00B5
[3388] [M]: 0x00000000800034DC (0x00B51513) slli a0, a0, 0xb
x10 <- 0xFFFFFFFFFFFFF800
mem[X,0x00000000800034E0] -> 0x0513
mem[X,0x00000000800034E2] -> 0x2575
[3389] [M]: 0x00000000800034E0 (0x25750513) addi a0, a0, 0x257
x10 <- 0xFFFFFFFFFFFFFA57
mem[X,0x00000000800034E4] -> 0x1513
mem[X,0x00000000800034E6] -> 0x00B5
[3390] [M]: 0x00000000800034E4 (0x00B51513) slli a0, a0, 0xb
x10 <- 0xFFFFFFFFFFD2B800
mem[X,0x00000000800034E8] -> 0x0513
mem[X,0x00000000800034EA] -> 0x6C35
[3391] [M]: 0x00000000800034E8 (0x6C350513) addi a0, a0, 0x6c3
x10 <- 0xFFFFFFFFFFD2BEC3
mem[X,0x00000000800034EC] -> 0x1513
mem[X,0x00000000800034EE] -> 0x00A5
[3392] [M]: 0x00000000800034EC (0x00A51513) slli a0, a0, 0xa
x10 <- 0xFFFFFFFF4AFB0C00
mem[X,0x00000000800034F0] -> 0x0513
mem[X,0x00000000800034F2] -> 0x0CD5
[3393] [M]: 0x00000000800034F0 (0x0CD50513) addi a0, a0, 0xcd
x10 <- 0xFFFFFFFF4AFB0CCD
mem[X,0x00000000800034F4] -> 0x05B7
mem[X,0x00000000800034F6] -> 0x0000
[3394] [M]: 0x00000000800034F4 (0x000005B7) lui a1, 0x0
x11 <- 0x0000000000000000
mem[X,0x00000000800034F8] -> 0x8593
mem[X,0x00000000800034FA] -> 0xFFF5
[3395] [M]: 0x00000000800034F8 (0xFFF58593) addi a1, a1, -0x1
x11 <- 0xFFFFFFFFFFFFFFFF
mem[X,0x00000000800034FC] -> 0x9593
mem[X,0x00000000800034FE] -> 0x00B5
[3396] [M]: 0x00000000800034FC (0x00B59593) slli a1, a1, 0xb
x11 <- 0xFFFFFFFFFFFFF800
mem[X,0x0000000080003500] -> 0x8593
mem[X,0x0000000080003502] -> 0x2575
[3397] [M]: 0x0000000080003500 (0x25758593) addi a1, a1, 0x257
x11 <- 0xFFFFFFFFFFFFFA57
mem[X,0x0000000080003504] -> 0x9593
mem[X,0x0000000080003506] -> 0x00B5
[3398] [M]: 0x0000000080003504 (0x00B59593) slli a1, a1, 0xb
x11 <- 0xFFFFFFFFFFD2B800
mem[X,0x0000000080003508] -> 0x8593
mem[X,0x000000008000350A] -> 0x6C35
[3399] [M]: 0x0000000080003508 (0x6C358593) addi a1, a1, 0x6c3
x11 <- 0xFFFFFFFFFFD2BEC3
clint::tick mtime <- 0x0000000000000022
 clint timer pending at mtime 0x0000000000000022
htif::tick 0x0000000000000000
mem[X,0x000000008000350C] -> 0x9593
mem[X,0x000000008000350E] -> 0x00A5
[3400] [M]: 0x000000008000350C (0x00A59593) slli a1, a1, 0xa
x11 <- 0xFFFFFFFF4AFB0C00
mem[X,0x0000000080003510] -> 0x8593
mem[X,0x0000000080003512] -> 0x0CD5
[3401] [M]: 0x0000000080003510 (0x0CD58593) addi a1, a1, 0xcd
x11 <- 0xFFFFFFFF4AFB0CCD
mem[X,0x0000000080003514] -> 0x063B
mem[X,0x0000000080003516] -> 0x40B5
[3402] [M]: 0x0000000080003514 (0x40B5063B) subw a2, a0, a1
x12 <- 0x0000000000000000
mem[X,0x0000000080003518] -> 0xB023
mem[X,0x000000008000351A] -> 0x1CC2
[3403] [M]: 0x0000000080003518 (0x1CC2B023) sd a2, 0x1c0(t0)
mem[0x000000008000BB68] <- 0x0000000000000000
mem[X,0x000000008000351C] -> 0x0537
mem[X,0x000000008000351E] -> 0x0000
[3404] [M]: 0x000000008000351C (0x00000537) lui a0, 0x0
x10 <- 0x0000000000000000
mem[X,0x0000000080003520] -> 0x0513
mem[X,0x0000000080003522] -> 0xFFF5
[3405] [M]: 0x0000000080003520 (0xFFF50513) addi a0, a0, -0x1
x10 <- 0xFFFFFFFFFFFFFFFF
mem[X,0x0000000080003524] -> 0x1513
mem[X,0x0000000080003526] -> 0x00B5
[3406] [M]: 0x0000000080003524 (0x00B51513) slli a0, a0, 0xb
x10 <- 0xFFFFFFFFFFFFF800
mem[X,0x0000000080003528] -> 0x0513
mem[X,0x000000008000352A] -> 0x2575
[3407] [M]: 0x0000000080003528 (0x25750513) addi a0, a0, 0x257
x10 <- 0xFFFFFFFFFFFFFA57
mem[X,0x000000008000352C] -> 0x1513
mem[X,0x000000008000352E] -> 0x00B5
[3408] [M]: 0x000000008000352C (0x00B51513) slli a0, a0, 0xb
x10 <- 0xFFFFFFFFFFD2B800
mem[X,0x0000000080003530] -> 0x0513
mem[X,0x0000000080003532] -> 0x6C35
[3409] [M]: 0x0000000080003530 (0x6C350513) addi a0, a0, 0x6c3
x10 <- 0xFFFFFFFFFFD2BEC3
mem[X,0x0000000080003534] -> 0x1513
mem[X,0x0000000080003536] -> 0x00A5
[3410] [M]: 0x0000000080003534 (0x00A51513) slli a0, a0, 0xa
x10 <- 0xFFFFFFFF4AFB0C00
mem[X,0x0000000080003538] -> 0x0513
mem[X,0x000000008000353A] -> 0x0CD5
[3411] [M]: 0x0000000080003538 (0x0CD50513) addi a0, a0, 0xcd
x10 <- 0xFFFFFFFF4AFB0CCD
mem[X,0x000000008000353C] -> 0x05B7
mem[X,0x000000008000353E] -> 0x0000
[3412] [M]: 0x000000008000353C (0x000005B7) lui a1, 0x0
x11 <- 0x0000000000000000
mem[X,0x0000000080003540] -> 0x8593
mem[X,0x0000000080003542] -> 0x0005
[3413] [M]: 0x0000000080003540 (0x00058593) addi a1, a1, 0x0
x11 <- 0x0000000000000000
mem[X,0x0000000080003544] -> 0x9593
mem[X,0x0000000080003546] -> 0x00B5
[3414] [M]: 0x0000000080003544 (0x00B59593) slli a1, a1, 0xb
x11 <- 0x0000000000000000
mem[X,0x0000000080003548] -> 0x8593
mem[X,0x000000008000354A] -> 0x5A85
[3415] [M]: 0x0000000080003548 (0x5A858593) addi a1, a1, 0x5a8
x11 <- 0x00000000000005A8
mem[X,0x000000008000354C] -> 0x9593
mem[X,0x000000008000354E] -> 0x00B5
[3416] [M]: 0x000000008000354C (0x00B59593) slli a1, a1, 0xb
x11 <- 0x00000000002D4000
mem[X,0x0000000080003550] -> 0x8593
mem[X,0x0000000080003552] -> 0x13C5
[3417] [M]: 0x0000000080003550 (0x13C58593) addi a1, a1, 0x13c
x11 <- 0x00000000002D413C
mem[X,0x0000000080003554] -> 0x9593
mem[X,0x0000000080003556] -> 0x00A5
[3418] [M]: 0x0000000080003554 (0x00A59593) slli a1, a1, 0xa
x11 <- 0x00000000B504F000
mem[X,0x0000000080003558] -> 0x8593
mem[X,0x000000008000355A] -> 0x3335
[3419] [M]: 0x0000000080003558 (0x33358593) addi a1, a1, 0x333
x11 <- 0x00000000B504F333
mem[X,0x000000008000355C] -> 0x063B
mem[X,0x000000008000355E] -> 0x40B5
[3420] [M]: 0x000000008000355C (0x40B5063B) subw a2, a0, a1
x12 <- 0xFFFFFFFF95F6199A
mem[X,0x0000000080003560] -> 0xB423
mem[X,0x0000000080003562] -> 0x1CC2
[3421] [M]: 0x0000000080003560 (0x1CC2B423) sd a2, 0x1c8(t0)
mem[0x000000008000BB70] <- 0xFFFFFFFF95F6199A
mem[X,0x0000000080003564] -> 0x0537
mem[X,0x0000000080003566] -> 0x0000
[3422] [M]: 0x0000000080003564 (0x00000537) lui a0, 0x0
x10 <- 0x0000000000000000
mem[X,0x0000000080003568] -> 0x0513
mem[X,0x000000008000356A] -> 0xFFF5
[3423] [M]: 0x0000000080003568 (0xFFF50513) addi a0, a0, -0x1
x10 <- 0xFFFFFFFFFFFFFFFF
mem[X,0x000000008000356C] -> 0x1513
mem[X,0x000000008000356E] -> 0x00B5
[3424] [M]: 0x000000008000356C (0x00B51513) slli a0, a0, 0xb
x10 <- 0xFFFFFFFFFFFFF800
mem[X,0x0000000080003570] -> 0x0513
mem[X,0x0000000080003572] -> 0x2575
[3425] [M]: 0x0000000080003570 (0x25750513) addi a0, a0, 0x257
x10 <- 0xFFFFFFFFFFFFFA57
mem[X,0x0000000080003574] -> 0x1513
mem[X,0x0000000080003576] -> 0x00B5
[3426] [M]: 0x0000000080003574 (0x00B51513) slli a0, a0, 0xb
x10 <- 0xFFFFFFFFFFD2B800
mem[X,0x0000000080003578] -> 0x0513
mem[X,0x000000008000357A] -> 0x6C35
[3427] [M]: 0x0000000080003578 (0x6C350513) addi a0, a0, 0x6c3
x10 <- 0xFFFFFFFFFFD2BEC3
mem[X,0x000000008000357C] -> 0x1513
mem[X,0x000000008000357E] -> 0x00A5
[3428] [M]: 0x000000008000357C (0x00A51513) slli a0, a0, 0xa
x10 <- 0xFFFFFFFF4AFB0C00
mem[X,0x0000000080003580] -> 0x0513
mem[X,0x0000000080003582] -> 0x0CD5
[3429] [M]: 0x0000000080003580 (0x0CD50513) addi a0, a0, 0xcd
x10 <- 0xFFFFFFFF4AFB0CCD
mem[X,0x0000000080003584] -> 0x0593
mem[X,0x0000000080003586] -> 0x0020
[3430] [M]: 0x0000000080003584 (0x00200593) addi a1, zero, 0x2
x11 <- 0x0000000000000002
mem[X,0x0000000080003588] -> 0x063B
mem[X,0x000000008000358A] -> 0x40B5
[3431] [M]: 0x0000000080003588 (0x40B5063B) subw a2, a0, a1
x12 <- 0x000000004AFB0CCB
mem[X,0x000000008000358C] -> 0xB823
mem[X,0x000000008000358E] -> 0x1CC2
[3432] [M]: 0x000000008000358C (0x1CC2B823) sd a2, 0x1d0(t0)
mem[0x000000008000BB78] <- 0x000000004AFB0CCB
mem[X,0x0000000080003590] -> 0x0537
mem[X,0x0000000080003592] -> 0x0000
[3433] [M]: 0x0000000080003590 (0x00000537) lui a0, 0x0
x10 <- 0x0000000000000000
mem[X,0x0000000080003594] -> 0x0513
mem[X,0x0000000080003596] -> 0xFFF5
[3434] [M]: 0x0000000080003594 (0xFFF50513) addi a0, a0, -0x1
x10 <- 0xFFFFFFFFFFFFFFFF
mem[X,0x0000000080003598] -> 0x1513
mem[X,0x000000008000359A] -> 0x00B5
[3435] [M]: 0x0000000080003598 (0x00B51513) slli a0, a0, 0xb
x10 <- 0xFFFFFFFFFFFFF800
mem[X,0x000000008000359C] -> 0x0513
mem[X,0x000000008000359E] -> 0x2575
[3436] [M]: 0x000000008000359C (0x25750513) addi a0, a0, 0x257
x10 <- 0xFFFFFFFFFFFFFA57
mem[X,0x00000000800035A0] -> 0x1513
mem[X,0x00000000800035A2] -> 0x00B5
[3437] [M]: 0x00000000800035A0 (0x00B51513) slli a0, a0, 0xb
x10 <- 0xFFFFFFFFFFD2B800
mem[X,0x00000000800035A4] -> 0x0513
mem[X,0x00000000800035A6] -> 0x6C35
[3438] [M]: 0x00000000800035A4 (0x6C350513) addi a0, a0, 0x6c3
x10 <- 0xFFFFFFFFFFD2BEC3
mem[X,0x00000000800035A8] -> 0x1513
mem[X,0x00000000800035AA] -> 0x00A5
[3439] [M]: 0x00000000800035A8 (0x00A51513) slli a0, a0, 0xa
x10 <- 0xFFFFFFFF4AFB0C00
mem[X,0x00000000800035AC] -> 0x0513
mem[X,0x00000000800035AE] -> 0x0CD5
[3440] [M]: 0x00000000800035AC (0x0CD50513) addi a0, a0, 0xcd
x10 <- 0xFFFFFFFF4AFB0CCD
mem[X,0x00000000800035B0] -> 0x55B7
mem[X,0x00000000800035B2] -> 0x5555
[3441] [M]: 0x00000000800035B0 (0x555555B7) lui a1, 0x55555
x11 <- 0x0000000055555000
mem[X,0x00000000800035B4] -> 0x8593
mem[X,0x00000000800035B6] -> 0x5555
[3442] [M]: 0x00000000800035B4 (0x55558593) addi a1, a1, 0x555
x11 <- 0x0000000055555555
mem[X,0x00000000800035B8] -> 0x9593
mem[X,0x00000000800035BA] -> 0x00B5
[3443] [M]: 0x00000000800035B8 (0x00B59593) slli a1, a1, 0xb
x11 <- 0x000002AAAAAAA800
mem[X,0x00000000800035BC] -> 0x8593
mem[X,0x00000000800035BE] -> 0x2AA5
[3444] [M]: 0x00000000800035BC (0x2AA58593) addi a1, a1, 0x2aa
x11 <- 0x000002AAAAAAAAAA
mem[X,0x00000000800035C0] -> 0x9593
mem[X,0x00000000800035C2] -> 0x00B5
[3445] [M]: 0x00000000800035C0 (0x00B59593) slli a1, a1, 0xb
x11 <- 0x0015555555555000
mem[X,0x00000000800035C4] -> 0x8593
mem[X,0x00000000800035C6] -> 0x5555
[3446] [M]: 0x00000000800035C4 (0x55558593) addi a1, a1, 0x555
x11 <- 0x0015555555555555
mem[X,0x00000000800035C8] -> 0x9593
mem[X,0x00000000800035CA] -> 0x00A5
[3447] [M]: 0x00000000800035C8 (0x00A59593) slli a1, a1, 0xa
x11 <- 0x5555555555555400
mem[X,0x00000000800035CC] -> 0x8593
mem[X,0x00000000800035CE] -> 0x1545
[3448] [M]: 0x00000000800035CC (0x15458593) addi a1, a1, 0x154
x11 <- 0x5555555555555554
mem[X,0x00000000800035D0] -> 0x063B
mem[X,0x00000000800035D2] -> 0x40B5
[3449] [M]: 0x00000000800035D0 (0x40B5063B) subw a2, a0, a1
x12 <- 0xFFFFFFFFF5A5B779
mem[X,0x00000000800035D4] -> 0xBC23
mem[X,0x00000000800035D6] -> 0x1CC2
[3450] [M]: 0x00000000800035D4 (0x1CC2BC23) sd a2, 0x1d8(t0)
mem[0x000000008000BB80] <- 0xFFFFFFFFF5A5B779
mem[X,0x00000000800035D8] -> 0x0537
mem[X,0x00000000800035DA] -> 0x0000
[3451] [M]: 0x00000000800035D8 (0x00000537) lui a0, 0x0
x10 <- 0x0000000000000000
mem[X,0x00000000800035DC] -> 0x0513
mem[X,0x00000000800035DE] -> 0xFFF5
[3452] [M]: 0x00000000800035DC (0xFFF50513) addi a0, a0, -0x1
x10 <- 0xFFFFFFFFFFFFFFFF
mem[X,0x00000000800035E0] -> 0x1513
mem[X,0x00000000800035E2] -> 0x00B5
[3453] [M]: 0x00000000800035E0 (0x00B51513) slli a0, a0, 0xb
x10 <- 0xFFFFFFFFFFFFF800
mem[X,0x00000000800035E4] -> 0x0513
mem[X,0x00000000800035E6] -> 0x2575
[3454] [M]: 0x00000000800035E4 (0x25750513) addi a0, a0, 0x257
x10 <- 0xFFFFFFFFFFFFFA57
mem[X,0x00000000800035E8] -> 0x1513
mem[X,0x00000000800035EA] -> 0x00B5
[3455] [M]: 0x00000000800035E8 (0x00B51513) slli a0, a0, 0xb
x10 <- 0xFFFFFFFFFFD2B800
mem[X,0x00000000800035EC] -> 0x0513
mem[X,0x00000000800035EE] -> 0x6C35
[3456] [M]: 0x00000000800035EC (0x6C350513) addi a0, a0, 0x6c3
x10 <- 0xFFFFFFFFFFD2BEC3
mem[X,0x00000000800035F0] -> 0x1513
mem[X,0x00000000800035F2] -> 0x00A5
[3457] [M]: 0x00000000800035F0 (0x00A51513) slli a0, a0, 0xa
x10 <- 0xFFFFFFFF4AFB0C00
mem[X,0x00000000800035F4] -> 0x0513
mem[X,0x00000000800035F6] -> 0x0CD5
[3458] [M]: 0x00000000800035F4 (0x0CD50513) addi a0, a0, 0xcd
x10 <- 0xFFFFFFFF4AFB0CCD
mem[X,0x00000000800035F8] -> 0x0593
mem[X,0x00000000800035FA] -> 0x0000
[3459] [M]: 0x00000000800035F8 (0x00000593) addi a1, zero, 0x0
x11 <- 0x0000000000000000
mem[X,0x00000000800035FC] -> 0x063B
mem[X,0x00000000800035FE] -> 0x40B5
[3460] [M]: 0x00000000800035FC (0x40B5063B) subw a2, a0, a1
x12 <- 0x000000004AFB0CCD
mem[X,0x0000000080003600] -> 0xB023
mem[X,0x0000000080003602] -> 0x1EC2
[3461] [M]: 0x0000000080003600 (0x1EC2B023) sd a2, 0x1e0(t0)
mem[0x000000008000BB88] <- 0x000000004AFB0CCD
mem[X,0x0000000080003604] -> 0x0537
mem[X,0x0000000080003606] -> 0x0000
[3462] [M]: 0x0000000080003604 (0x00000537) lui a0, 0x0
x10 <- 0x0000000000000000
mem[X,0x0000000080003608] -> 0x0513
mem[X,0x000000008000360A] -> 0xFFF5
[3463] [M]: 0x0000000080003608 (0xFFF50513) addi a0, a0, -0x1
x10 <- 0xFFFFFFFFFFFFFFFF
mem[X,0x000000008000360C] -> 0x1513
mem[X,0x000000008000360E] -> 0x00B5
[3464] [M]: 0x000000008000360C (0x00B51513) slli a0, a0, 0xb
x10 <- 0xFFFFFFFFFFFFF800
mem[X,0x0000000080003610] -> 0x0513
mem[X,0x0000000080003612] -> 0x2575
[3465] [M]: 0x0000000080003610 (0x25750513) addi a0, a0, 0x257
x10 <- 0xFFFFFFFFFFFFFA57
mem[X,0x0000000080003614] -> 0x1513
mem[X,0x0000000080003616] -> 0x00B5
[3466] [M]: 0x0000000080003614 (0x00B51513) slli a0, a0, 0xb
x10 <- 0xFFFFFFFFFFD2B800
mem[X,0x0000000080003618] -> 0x0513
mem[X,0x000000008000361A] -> 0x6C35
[3467] [M]: 0x0000000080003618 (0x6C350513) addi a0, a0, 0x6c3
x10 <- 0xFFFFFFFFFFD2BEC3
mem[X,0x000000008000361C] -> 0x1513
mem[X,0x000000008000361E] -> 0x00A5
[3468] [M]: 0x000000008000361C (0x00A51513) slli a0, a0, 0xa
x10 <- 0xFFFFFFFF4AFB0C00
mem[X,0x0000000080003620] -> 0x0513
mem[X,0x0000000080003622] -> 0x0CD5
[3469] [M]: 0x0000000080003620 (0x0CD50513) addi a0, a0, 0xcd
x10 <- 0xFFFFFFFF4AFB0CCD
mem[X,0x0000000080003624] -> 0x0593
mem[X,0x0000000080003626] -> 0x0040
[3470] [M]: 0x0000000080003624 (0x00400593) addi a1, zero, 0x4
x11 <- 0x0000000000000004
mem[X,0x0000000080003628] -> 0x063B
mem[X,0x000000008000362A] -> 0x40B5
[3471] [M]: 0x0000000080003628 (0x40B5063B) subw a2, a0, a1
x12 <- 0x000000004AFB0CC9
mem[X,0x000000008000362C] -> 0xB423
mem[X,0x000000008000362E] -> 0x1EC2
[3472] [M]: 0x000000008000362C (0x1EC2B423) sd a2, 0x1e8(t0)
mem[0x000000008000BB90] <- 0x000000004AFB0CC9
mem[X,0x0000000080003630] -> 0x0537
mem[X,0x0000000080003632] -> 0x0000
[3473] [M]: 0x0000000080003630 (0x00000537) lui a0, 0x0
x10 <- 0x0000000000000000
mem[X,0x0000000080003634] -> 0x0513
mem[X,0x0000000080003636] -> 0xFFF5
[3474] [M]: 0x0000000080003634 (0xFFF50513) addi a0, a0, -0x1
x10 <- 0xFFFFFFFFFFFFFFFF
mem[X,0x0000000080003638] -> 0x1513
mem[X,0x000000008000363A] -> 0x00B5
[3475] [M]: 0x0000000080003638 (0x00B51513) slli a0, a0, 0xb
x10 <- 0xFFFFFFFFFFFFF800
mem[X,0x000000008000363C] -> 0x0513
mem[X,0x000000008000363E] -> 0x2575
[3476] [M]: 0x000000008000363C (0x25750513) addi a0, a0, 0x257
x10 <- 0xFFFFFFFFFFFFFA57
mem[X,0x0000000080003640] -> 0x1513
mem[X,0x0000000080003642] -> 0x00B5
[3477] [M]: 0x0000000080003640 (0x00B51513) slli a0, a0, 0xb
x10 <- 0xFFFFFFFFFFD2B800
mem[X,0x0000000080003644] -> 0x0513
mem[X,0x0000000080003646] -> 0x6C35
[3478] [M]: 0x0000000080003644 (0x6C350513) addi a0, a0, 0x6c3
x10 <- 0xFFFFFFFFFFD2BEC3
mem[X,0x0000000080003648] -> 0x1513
mem[X,0x000000008000364A] -> 0x00A5
[3479] [M]: 0x0000000080003648 (0x00A51513) slli a0, a0, 0xa
x10 <- 0xFFFFFFFF4AFB0C00
mem[X,0x000000008000364C] -> 0x0513
mem[X,0x000000008000364E] -> 0x0CD5
[3480] [M]: 0x000000008000364C (0x0CD50513) addi a0, a0, 0xcd
x10 <- 0xFFFFFFFF4AFB0CCD
mem[X,0x0000000080003650] -> 0x35B7
mem[X,0x0000000080003652] -> 0x3333
[3481] [M]: 0x0000000080003650 (0x333335B7) lui a1, 0x33333
x11 <- 0x0000000033333000
mem[X,0x0000000080003654] -> 0x8593
mem[X,0x0000000080003656] -> 0x3335
[3482] [M]: 0x0000000080003654 (0x33358593) addi a1, a1, 0x333
x11 <- 0x0000000033333333
mem[X,0x0000000080003658] -> 0x9593
mem[X,0x000000008000365A] -> 0x00B5
[3483] [M]: 0x0000000080003658 (0x00B59593) slli a1, a1, 0xb
x11 <- 0x0000019999999800
mem[X,0x000000008000365C] -> 0x8593
mem[X,0x000000008000365E] -> 0x1995
[3484] [M]: 0x000000008000365C (0x19958593) addi a1, a1, 0x199
x11 <- 0x0000019999999999
mem[X,0x0000000080003660] -> 0x9593
mem[X,0x0000000080003662] -> 0x00B5
[3485] [M]: 0x0000000080003660 (0x00B59593) slli a1, a1, 0xb
x11 <- 0x000CCCCCCCCCC800
mem[X,0x0000000080003664] -> 0x8593
mem[X,0x0000000080003666] -> 0x4CC5
[3486] [M]: 0x0000000080003664 (0x4CC58593) addi a1, a1, 0x4cc
x11 <- 0x000CCCCCCCCCCCCC
mem[X,0x0000000080003668] -> 0x9593
mem[X,0x000000008000366A] -> 0x00A5
[3487] [M]: 0x0000000080003668 (0x00A59593) slli a1, a1, 0xa
x11 <- 0x3333333333333000
mem[X,0x000000008000366C] -> 0x8593
mem[X,0x000000008000366E] -> 0x3325
[3488] [M]: 0x000000008000366C (0x33258593) addi a1, a1, 0x332
x11 <- 0x3333333333333332
mem[X,0x0000000080003670] -> 0x063B
mem[X,0x0000000080003672] -> 0x40B5
[3489] [M]: 0x0000000080003670 (0x40B5063B) subw a2, a0, a1
x12 <- 0x0000000017C7D99B
mem[X,0x0000000080003674] -> 0xB823
mem[X,0x0000000080003676] -> 0x1EC2
[3490] [M]: 0x0000000080003674 (0x1EC2B823) sd a2, 0x1f0(t0)
mem[0x000000008000BB98] <- 0x0000000017C7D99B
mem[X,0x0000000080003678] -> 0x0537
mem[X,0x000000008000367A] -> 0x0000
[3491] [M]: 0x0000000080003678 (0x00000537) lui a0, 0x0
x10 <- 0x0000000000000000
mem[X,0x000000008000367C] -> 0x0513
mem[X,0x000000008000367E] -> 0xFFF5
[3492] [M]: 0x000000008000367C (0xFFF50513) addi a0, a0, -0x1
x10 <- 0xFFFFFFFFFFFFFFFF
mem[X,0x0000000080003680] -> 0x1513
mem[X,0x0000000080003682] -> 0x00B5
[3493] [M]: 0x0000000080003680 (0x00B51513) slli a0, a0, 0xb
x10 <- 0xFFFFFFFFFFFFF800
mem[X,0x0000000080003684] -> 0x0513
mem[X,0x0000000080003686] -> 0x2575
[3494] [M]: 0x0000000080003684 (0x25750513) addi a0, a0, 0x257
x10 <- 0xFFFFFFFFFFFFFA57
mem[X,0x0000000080003688] -> 0x1513
mem[X,0x000000008000368A] -> 0x00B5
[3495] [M]: 0x0000000080003688 (0x00B51513) slli a0, a0, 0xb
x10 <- 0xFFFFFFFFFFD2B800
mem[X,0x000000008000368C] -> 0x0513
mem[X,0x000000008000368E] -> 0x6C35
[3496] [M]: 0x000000008000368C (0x6C350513) addi a0, a0, 0x6c3
x10 <- 0xFFFFFFFFFFD2BEC3
mem[X,0x0000000080003690] -> 0x1513
mem[X,0x0000000080003692] -> 0x00A5
[3497] [M]: 0x0000000080003690 (0x00A51513) slli a0, a0, 0xa
x10 <- 0xFFFFFFFF4AFB0C00
mem[X,0x0000000080003694] -> 0x0513
mem[X,0x0000000080003696] -> 0x0CD5
[3498] [M]: 0x0000000080003694 (0x0CD50513) addi a0, a0, 0xcd
x10 <- 0xFFFFFFFF4AFB0CCD
mem[X,0x0000000080003698] -> 0x65B7
mem[X,0x000000008000369A] -> 0x6666
[3499] [M]: 0x0000000080003698 (0x666665B7) lui a1, 0x66666
x11 <- 0x0000000066666000
clint::tick mtime <- 0x0000000000000023
 clint timer pending at mtime 0x0000000000000023
htif::tick 0x0000000000000000
mem[X,0x000000008000369C] -> 0x8593
mem[X,0x000000008000369E] -> 0x6665
[3500] [M]: 0x000000008000369C (0x66658593) addi a1, a1, 0x666
x11 <- 0x0000000066666666
mem[X,0x00000000800036A0] -> 0x9593
mem[X,0x00000000800036A2] -> 0x00B5
[3501] [M]: 0x00000000800036A0 (0x00B59593) slli a1, a1, 0xb
x11 <- 0x0000033333333000
mem[X,0x00000000800036A4] -> 0x8593
mem[X,0x00000000800036A6] -> 0x3335
[3502] [M]: 0x00000000800036A4 (0x33358593) addi a1, a1, 0x333
x11 <- 0x0000033333333333
mem[X,0x00000000800036A8] -> 0x9593
mem[X,0x00000000800036AA] -> 0x00B5
[3503] [M]: 0x00000000800036A8 (0x00B59593) slli a1, a1, 0xb
x11 <- 0x0019999999999800
mem[X,0x00000000800036AC] -> 0x8593
mem[X,0x00000000800036AE] -> 0x1995
[3504] [M]: 0x00000000800036AC (0x19958593) addi a1, a1, 0x199
x11 <- 0x0019999999999999
mem[X,0x00000000800036B0] -> 0x9593
mem[X,0x00000000800036B2] -> 0x00A5
[3505] [M]: 0x00000000800036B0 (0x00A59593) slli a1, a1, 0xa
x11 <- 0x6666666666666400
mem[X,0x00000000800036B4] -> 0x8593
mem[X,0x00000000800036B6] -> 0x2655
[3506] [M]: 0x00000000800036B4 (0x26558593) addi a1, a1, 0x265
x11 <- 0x6666666666666665
mem[X,0x00000000800036B8] -> 0x063B
mem[X,0x00000000800036BA] -> 0x40B5
[3507] [M]: 0x00000000800036B8 (0x40B5063B) subw a2, a0, a1
x12 <- 0xFFFFFFFFE494A668
mem[X,0x00000000800036BC] -> 0xBC23
mem[X,0x00000000800036BE] -> 0x1EC2
[3508] [M]: 0x00000000800036BC (0x1EC2BC23) sd a2, 0x1f8(t0)
mem[0x000000008000BBA0] <- 0xFFFFFFFFE494A668
mem[X,0x00000000800036C0] -> 0x0537
mem[X,0x00000000800036C2] -> 0x0000
[3509] [M]: 0x00000000800036C0 (0x00000537) lui a0, 0x0
x10 <- 0x0000000000000000
mem[X,0x00000000800036C4] -> 0x0513
mem[X,0x00000000800036C6] -> 0xFFF5
[3510] [M]: 0x00000000800036C4 (0xFFF50513) addi a0, a0, -0x1
x10 <- 0xFFFFFFFFFFFFFFFF
mem[X,0x00000000800036C8] -> 0x1513
mem[X,0x00000000800036CA] -> 0x00B5
[3511] [M]: 0x00000000800036C8 (0x00B51513) slli a0, a0, 0xb
x10 <- 0xFFFFFFFFFFFFF800
mem[X,0x00000000800036CC] -> 0x0513
mem[X,0x00000000800036CE] -> 0x2575
[3512] [M]: 0x00000000800036CC (0x25750513) addi a0, a0, 0x257
x10 <- 0xFFFFFFFFFFFFFA57
mem[X,0x00000000800036D0] -> 0x1513
mem[X,0x00000000800036D2] -> 0x00B5
[3513] [M]: 0x00000000800036D0 (0x00B51513) slli a0, a0, 0xb
x10 <- 0xFFFFFFFFFFD2B800
mem[X,0x00000000800036D4] -> 0x0513
mem[X,0x00000000800036D6] -> 0x6C35
[3514] [M]: 0x00000000800036D4 (0x6C350513) addi a0, a0, 0x6c3
x10 <- 0xFFFFFFFFFFD2BEC3
mem[X,0x00000000800036D8] -> 0x1513
mem[X,0x00000000800036DA] -> 0x00A5
[3515] [M]: 0x00000000800036D8 (0x00A51513) slli a0, a0, 0xa
x10 <- 0xFFFFFFFF4AFB0C00
mem[X,0x00000000800036DC] -> 0x0513
mem[X,0x00000000800036DE] -> 0x0CD5
[3516] [M]: 0x00000000800036DC (0x0CD50513) addi a0, a0, 0xcd
x10 <- 0xFFFFFFFF4AFB0CCD
mem[X,0x00000000800036E0] -> 0x05B7
mem[X,0x00000000800036E2] -> 0x0000
[3517] [M]: 0x00000000800036E0 (0x000005B7) lui a1, 0x0
x11 <- 0x0000000000000000
mem[X,0x00000000800036E4] -> 0x8593
mem[X,0x00000000800036E6] -> 0x0005
[3518] [M]: 0x00000000800036E4 (0x00058593) addi a1, a1, 0x0
x11 <- 0x0000000000000000
mem[X,0x00000000800036E8] -> 0x9593
mem[X,0x00000000800036EA] -> 0x00B5
[3519] [M]: 0x00000000800036E8 (0x00B59593) slli a1, a1, 0xb
x11 <- 0x0000000000000000
mem[X,0x00000000800036EC] -> 0x8593
mem[X,0x00000000800036EE] -> 0x5A85
[3520] [M]: 0x00000000800036EC (0x5A858593) addi a1, a1, 0x5a8
x11 <- 0x00000000000005A8
mem[X,0x00000000800036F0] -> 0x9593
mem[X,0x00000000800036F2] -> 0x00B5
[3521] [M]: 0x00000000800036F0 (0x00B59593) slli a1, a1, 0xb
x11 <- 0x00000000002D4000
mem[X,0x00000000800036F4] -> 0x8593
mem[X,0x00000000800036F6] -> 0x13C5
[3522] [M]: 0x00000000800036F4 (0x13C58593) addi a1, a1, 0x13c
x11 <- 0x00000000002D413C
mem[X,0x00000000800036F8] -> 0x9593
mem[X,0x00000000800036FA] -> 0x00A5
[3523] [M]: 0x00000000800036F8 (0x00A59593) slli a1, a1, 0xa
x11 <- 0x00000000B504F000
mem[X,0x00000000800036FC] -> 0x8593
mem[X,0x00000000800036FE] -> 0x3325
[3524] [M]: 0x00000000800036FC (0x33258593) addi a1, a1, 0x332
x11 <- 0x00000000B504F332
mem[X,0x0000000080003700] -> 0x063B
mem[X,0x0000000080003702] -> 0x40B5
[3525] [M]: 0x0000000080003700 (0x40B5063B) subw a2, a0, a1
x12 <- 0xFFFFFFFF95F6199B
mem[X,0x0000000080003704] -> 0xB023
mem[X,0x0000000080003706] -> 0x20C2
[3526] [M]: 0x0000000080003704 (0x20C2B023) sd a2, 0x200(t0)
mem[0x000000008000BBA8] <- 0xFFFFFFFF95F6199B
mem[X,0x0000000080003708] -> 0x0537
mem[X,0x000000008000370A] -> 0x0000
[3527] [M]: 0x0000000080003708 (0x00000537) lui a0, 0x0
x10 <- 0x0000000000000000
mem[X,0x000000008000370C] -> 0x0513
mem[X,0x000000008000370E] -> 0xFFF5
[3528] [M]: 0x000000008000370C (0xFFF50513) addi a0, a0, -0x1
x10 <- 0xFFFFFFFFFFFFFFFF
mem[X,0x0000000080003710] -> 0x1513
mem[X,0x0000000080003712] -> 0x00B5
[3529] [M]: 0x0000000080003710 (0x00B51513) slli a0, a0, 0xb
x10 <- 0xFFFFFFFFFFFFF800
mem[X,0x0000000080003714] -> 0x0513
mem[X,0x0000000080003716] -> 0x2575
[3530] [M]: 0x0000000080003714 (0x25750513) addi a0, a0, 0x257
x10 <- 0xFFFFFFFFFFFFFA57
mem[X,0x0000000080003718] -> 0x1513
mem[X,0x000000008000371A] -> 0x00B5
[3531] [M]: 0x0000000080003718 (0x00B51513) slli a0, a0, 0xb
x10 <- 0xFFFFFFFFFFD2B800
mem[X,0x000000008000371C] -> 0x0513
mem[X,0x000000008000371E] -> 0x6C35
[3532] [M]: 0x000000008000371C (0x6C350513) addi a0, a0, 0x6c3
x10 <- 0xFFFFFFFFFFD2BEC3
mem[X,0x0000000080003720] -> 0x1513
mem[X,0x0000000080003722] -> 0x00A5
[3533] [M]: 0x0000000080003720 (0x00A51513) slli a0, a0, 0xa
x10 <- 0xFFFFFFFF4AFB0C00
mem[X,0x0000000080003724] -> 0x0513
mem[X,0x0000000080003726] -> 0x0CD5
[3534] [M]: 0x0000000080003724 (0x0CD50513) addi a0, a0, 0xcd
x10 <- 0xFFFFFFFF4AFB0CCD
mem[X,0x0000000080003728] -> 0x55B7
mem[X,0x000000008000372A] -> 0x5555
[3535] [M]: 0x0000000080003728 (0x555555B7) lui a1, 0x55555
x11 <- 0x0000000055555000
mem[X,0x000000008000372C] -> 0x8593
mem[X,0x000000008000372E] -> 0x5555
[3536] [M]: 0x000000008000372C (0x55558593) addi a1, a1, 0x555
x11 <- 0x0000000055555555
mem[X,0x0000000080003730] -> 0x9593
mem[X,0x0000000080003732] -> 0x00B5
[3537] [M]: 0x0000000080003730 (0x00B59593) slli a1, a1, 0xb
x11 <- 0x000002AAAAAAA800
mem[X,0x0000000080003734] -> 0x8593
mem[X,0x0000000080003736] -> 0x2AA5
[3538] [M]: 0x0000000080003734 (0x2AA58593) addi a1, a1, 0x2aa
x11 <- 0x000002AAAAAAAAAA
mem[X,0x0000000080003738] -> 0x9593
mem[X,0x000000008000373A] -> 0x00B5
[3539] [M]: 0x0000000080003738 (0x00B59593) slli a1, a1, 0xb
x11 <- 0x0015555555555000
mem[X,0x000000008000373C] -> 0x8593
mem[X,0x000000008000373E] -> 0x5555
[3540] [M]: 0x000000008000373C (0x55558593) addi a1, a1, 0x555
x11 <- 0x0015555555555555
mem[X,0x0000000080003740] -> 0x9593
mem[X,0x0000000080003742] -> 0x00A5
[3541] [M]: 0x0000000080003740 (0x00A59593) slli a1, a1, 0xa
x11 <- 0x5555555555555400
mem[X,0x0000000080003744] -> 0x8593
mem[X,0x0000000080003746] -> 0x1565
[3542] [M]: 0x0000000080003744 (0x15658593) addi a1, a1, 0x156
x11 <- 0x5555555555555556
mem[X,0x0000000080003748] -> 0x063B
mem[X,0x000000008000374A] -> 0x40B5
[3543] [M]: 0x0000000080003748 (0x40B5063B) subw a2, a0, a1
x12 <- 0xFFFFFFFFF5A5B777
mem[X,0x000000008000374C] -> 0xB423
mem[X,0x000000008000374E] -> 0x20C2
[3544] [M]: 0x000000008000374C (0x20C2B423) sd a2, 0x208(t0)
mem[0x000000008000BBB0] <- 0xFFFFFFFFF5A5B777
mem[X,0x0000000080003750] -> 0x0537
mem[X,0x0000000080003752] -> 0x0000
[3545] [M]: 0x0000000080003750 (0x00000537) lui a0, 0x0
x10 <- 0x0000000000000000
mem[X,0x0000000080003754] -> 0x0513
mem[X,0x0000000080003756] -> 0xFFF5
[3546] [M]: 0x0000000080003754 (0xFFF50513) addi a0, a0, -0x1
x10 <- 0xFFFFFFFFFFFFFFFF
mem[X,0x0000000080003758] -> 0x1513
mem[X,0x000000008000375A] -> 0x00B5
[3547] [M]: 0x0000000080003758 (0x00B51513) slli a0, a0, 0xb
x10 <- 0xFFFFFFFFFFFFF800
mem[X,0x000000008000375C] -> 0x0513
mem[X,0x000000008000375E] -> 0x2575
[3548] [M]: 0x000000008000375C (0x25750513) addi a0, a0, 0x257
x10 <- 0xFFFFFFFFFFFFFA57
mem[X,0x0000000080003760] -> 0x1513
mem[X,0x0000000080003762] -> 0x00B5
[3549] [M]: 0x0000000080003760 (0x00B51513) slli a0, a0, 0xb
x10 <- 0xFFFFFFFFFFD2B800
mem[X,0x0000000080003764] -> 0x0513
mem[X,0x0000000080003766] -> 0x6C35
[3550] [M]: 0x0000000080003764 (0x6C350513) addi a0, a0, 0x6c3
x10 <- 0xFFFFFFFFFFD2BEC3
mem[X,0x0000000080003768] -> 0x1513
mem[X,0x000000008000376A] -> 0x00A5
[3551] [M]: 0x0000000080003768 (0x00A51513) slli a0, a0, 0xa
x10 <- 0xFFFFFFFF4AFB0C00
mem[X,0x000000008000376C] -> 0x0513
mem[X,0x000000008000376E] -> 0x0CD5
[3552] [M]: 0x000000008000376C (0x0CD50513) addi a0, a0, 0xcd
x10 <- 0xFFFFFFFF4AFB0CCD
mem[X,0x0000000080003770] -> 0xB5B7
mem[X,0x0000000080003772] -> 0xAAAA
[3553] [M]: 0x0000000080003770 (0xAAAAB5B7) lui a1, -0x55555
x11 <- 0xFFFFFFFFAAAAB000
mem[X,0x0000000080003774] -> 0x8593
mem[X,0x0000000080003776] -> 0xAAA5
[3554] [M]: 0x0000000080003774 (0xAAA58593) addi a1, a1, -0x556
x11 <- 0xFFFFFFFFAAAAAAAA
mem[X,0x0000000080003778] -> 0x9593
mem[X,0x000000008000377A] -> 0x00B5
[3555] [M]: 0x0000000080003778 (0x00B59593) slli a1, a1, 0xb
x11 <- 0xFFFFFD5555555000
mem[X,0x000000008000377C] -> 0x8593
mem[X,0x000000008000377E] -> 0x5555
[3556] [M]: 0x000000008000377C (0x55558593) addi a1, a1, 0x555
x11 <- 0xFFFFFD5555555555
mem[X,0x0000000080003780] -> 0x9593
mem[X,0x0000000080003782] -> 0x00B5
[3557] [M]: 0x0000000080003780 (0x00B59593) slli a1, a1, 0xb
x11 <- 0xFFEAAAAAAAAAA800
mem[X,0x0000000080003784] -> 0x8593
mem[X,0x0000000080003786] -> 0x2AA5
[3558] [M]: 0x0000000080003784 (0x2AA58593) addi a1, a1, 0x2aa
x11 <- 0xFFEAAAAAAAAAAAAA
mem[X,0x0000000080003788] -> 0x9593
mem[X,0x000000008000378A] -> 0x00A5
[3559] [M]: 0x0000000080003788 (0x00A59593) slli a1, a1, 0xa
x11 <- 0xAAAAAAAAAAAAA800
mem[X,0x000000008000378C] -> 0x8593
mem[X,0x000000008000378E] -> 0x2AB5
[3560] [M]: 0x000000008000378C (0x2AB58593) addi a1, a1, 0x2ab
x11 <- 0xAAAAAAAAAAAAAAAB
mem[X,0x0000000080003790] -> 0x063B
mem[X,0x0000000080003792] -> 0x40B5
[3561] [M]: 0x0000000080003790 (0x40B5063B) subw a2, a0, a1
x12 <- 0xFFFFFFFFA0506222
mem[X,0x0000000080003794] -> 0xB823
mem[X,0x0000000080003796] -> 0x20C2
[3562] [M]: 0x0000000080003794 (0x20C2B823) sd a2, 0x210(t0)
mem[0x000000008000BBB8] <- 0xFFFFFFFFA0506222
mem[X,0x0000000080003798] -> 0x0537
mem[X,0x000000008000379A] -> 0x0000
[3563] [M]: 0x0000000080003798 (0x00000537) lui a0, 0x0
x10 <- 0x0000000000000000
mem[X,0x000000008000379C] -> 0x0513
mem[X,0x000000008000379E] -> 0xFFF5
[3564] [M]: 0x000000008000379C (0xFFF50513) addi a0, a0, -0x1
x10 <- 0xFFFFFFFFFFFFFFFF
mem[X,0x00000000800037A0] -> 0x1513
mem[X,0x00000000800037A2] -> 0x00B5
[3565] [M]: 0x00000000800037A0 (0x00B51513) slli a0, a0, 0xb
x10 <- 0xFFFFFFFFFFFFF800
mem[X,0x00000000800037A4] -> 0x0513
mem[X,0x00000000800037A6] -> 0x2575
[3566] [M]: 0x00000000800037A4 (0x25750513) addi a0, a0, 0x257
x10 <- 0xFFFFFFFFFFFFFA57
mem[X,0x00000000800037A8] -> 0x1513
mem[X,0x00000000800037AA] -> 0x00B5
[3567] [M]: 0x00000000800037A8 (0x00B51513) slli a0, a0, 0xb
x10 <- 0xFFFFFFFFFFD2B800
mem[X,0x00000000800037AC] -> 0x0513
mem[X,0x00000000800037AE] -> 0x6C35
[3568] [M]: 0x00000000800037AC (0x6C350513) addi a0, a0, 0x6c3
x10 <- 0xFFFFFFFFFFD2BEC3
mem[X,0x00000000800037B0] -> 0x1513
mem[X,0x00000000800037B2] -> 0x00A5
[3569] [M]: 0x00000000800037B0 (0x00A51513) slli a0, a0, 0xa
x10 <- 0xFFFFFFFF4AFB0C00
mem[X,0x00000000800037B4] -> 0x0513
mem[X,0x00000000800037B6] -> 0x0CD5
[3570] [M]: 0x00000000800037B4 (0x0CD50513) addi a0, a0, 0xcd
x10 <- 0xFFFFFFFF4AFB0CCD
mem[X,0x00000000800037B8] -> 0x0593
mem[X,0x00000000800037BA] -> 0x0060
[3571] [M]: 0x00000000800037B8 (0x00600593) addi a1, zero, 0x6
x11 <- 0x0000000000000006
mem[X,0x00000000800037BC] -> 0x063B
mem[X,0x00000000800037BE] -> 0x40B5
[3572] [M]: 0x00000000800037BC (0x40B5063B) subw a2, a0, a1
x12 <- 0x000000004AFB0CC7
mem[X,0x00000000800037C0] -> 0xBC23
mem[X,0x00000000800037C2] -> 0x20C2
[3573] [M]: 0x00000000800037C0 (0x20C2BC23) sd a2, 0x218(t0)
mem[0x000000008000BBC0] <- 0x000000004AFB0CC7
mem[X,0x00000000800037C4] -> 0x0537
mem[X,0x00000000800037C6] -> 0x0000
[3574] [M]: 0x00000000800037C4 (0x00000537) lui a0, 0x0
x10 <- 0x0000000000000000
mem[X,0x00000000800037C8] -> 0x0513
mem[X,0x00000000800037CA] -> 0xFFF5
[3575] [M]: 0x00000000800037C8 (0xFFF50513) addi a0, a0, -0x1
x10 <- 0xFFFFFFFFFFFFFFFF
mem[X,0x00000000800037CC] -> 0x1513
mem[X,0x00000000800037CE] -> 0x00B5
[3576] [M]: 0x00000000800037CC (0x00B51513) slli a0, a0, 0xb
x10 <- 0xFFFFFFFFFFFFF800
mem[X,0x00000000800037D0] -> 0x0513
mem[X,0x00000000800037D2] -> 0x2575
[3577] [M]: 0x00000000800037D0 (0x25750513) addi a0, a0, 0x257
x10 <- 0xFFFFFFFFFFFFFA57
mem[X,0x00000000800037D4] -> 0x1513
mem[X,0x00000000800037D6] -> 0x00B5
[3578] [M]: 0x00000000800037D4 (0x00B51513) slli a0, a0, 0xb
x10 <- 0xFFFFFFFFFFD2B800
mem[X,0x00000000800037D8] -> 0x0513
mem[X,0x00000000800037DA] -> 0x6C35
[3579] [M]: 0x00000000800037D8 (0x6C350513) addi a0, a0, 0x6c3
x10 <- 0xFFFFFFFFFFD2BEC3
mem[X,0x00000000800037DC] -> 0x1513
mem[X,0x00000000800037DE] -> 0x00A5
[3580] [M]: 0x00000000800037DC (0x00A51513) slli a0, a0, 0xa
x10 <- 0xFFFFFFFF4AFB0C00
mem[X,0x00000000800037E0] -> 0x0513
mem[X,0x00000000800037E2] -> 0x0CD5
[3581] [M]: 0x00000000800037E0 (0x0CD50513) addi a0, a0, 0xcd
x10 <- 0xFFFFFFFF4AFB0CCD
mem[X,0x00000000800037E4] -> 0x35B7
mem[X,0x00000000800037E6] -> 0x3333
[3582] [M]: 0x00000000800037E4 (0x333335B7) lui a1, 0x33333
x11 <- 0x0000000033333000
mem[X,0x00000000800037E8] -> 0x8593
mem[X,0x00000000800037EA] -> 0x3335
[3583] [M]: 0x00000000800037E8 (0x33358593) addi a1, a1, 0x333
x11 <- 0x0000000033333333
mem[X,0x00000000800037EC] -> 0x9593
mem[X,0x00000000800037EE] -> 0x00B5
[3584] [M]: 0x00000000800037EC (0x00B59593) slli a1, a1, 0xb
x11 <- 0x0000019999999800
mem[X,0x00000000800037F0] -> 0x8593
mem[X,0x00000000800037F2] -> 0x1995
[3585] [M]: 0x00000000800037F0 (0x19958593) addi a1, a1, 0x199
x11 <- 0x0000019999999999
mem[X,0x00000000800037F4] -> 0x9593
mem[X,0x00000000800037F6] -> 0x00B5
[3586] [M]: 0x00000000800037F4 (0x00B59593) slli a1, a1, 0xb
x11 <- 0x000CCCCCCCCCC800
mem[X,0x00000000800037F8] -> 0x8593
mem[X,0x00000000800037FA] -> 0x4CC5
[3587] [M]: 0x00000000800037F8 (0x4CC58593) addi a1, a1, 0x4cc
x11 <- 0x000CCCCCCCCCCCCC
mem[X,0x00000000800037FC] -> 0x9593
mem[X,0x00000000800037FE] -> 0x00A5
[3588] [M]: 0x00000000800037FC (0x00A59593) slli a1, a1, 0xa
x11 <- 0x3333333333333000
mem[X,0x0000000080003800] -> 0x8593
mem[X,0x0000000080003802] -> 0x3345
[3589] [M]: 0x0000000080003800 (0x33458593) addi a1, a1, 0x334
x11 <- 0x3333333333333334
mem[X,0x0000000080003804] -> 0x063B
mem[X,0x0000000080003806] -> 0x40B5
[3590] [M]: 0x0000000080003804 (0x40B5063B) subw a2, a0, a1
x12 <- 0x0000000017C7D999
mem[X,0x0000000080003808] -> 0xB023
mem[X,0x000000008000380A] -> 0x22C2
[3591] [M]: 0x0000000080003808 (0x22C2B023) sd a2, 0x220(t0)
mem[0x000000008000BBC8] <- 0x0000000017C7D999
mem[X,0x000000008000380C] -> 0x0537
mem[X,0x000000008000380E] -> 0x0000
[3592] [M]: 0x000000008000380C (0x00000537) lui a0, 0x0
x10 <- 0x0000000000000000
mem[X,0x0000000080003810] -> 0x0513
mem[X,0x0000000080003812] -> 0xFFF5
[3593] [M]: 0x0000000080003810 (0xFFF50513) addi a0, a0, -0x1
x10 <- 0xFFFFFFFFFFFFFFFF
mem[X,0x0000000080003814] -> 0x1513
mem[X,0x0000000080003816] -> 0x00B5
[3594] [M]: 0x0000000080003814 (0x00B51513) slli a0, a0, 0xb
x10 <- 0xFFFFFFFFFFFFF800
mem[X,0x0000000080003818] -> 0x0513
mem[X,0x000000008000381A] -> 0x2575
[3595] [M]: 0x0000000080003818 (0x25750513) addi a0, a0, 0x257
x10 <- 0xFFFFFFFFFFFFFA57
mem[X,0x000000008000381C] -> 0x1513
mem[X,0x000000008000381E] -> 0x00B5
[3596] [M]: 0x000000008000381C (0x00B51513) slli a0, a0, 0xb
x10 <- 0xFFFFFFFFFFD2B800
mem[X,0x0000000080003820] -> 0x0513
mem[X,0x0000000080003822] -> 0x6C35
[3597] [M]: 0x0000000080003820 (0x6C350513) addi a0, a0, 0x6c3
x10 <- 0xFFFFFFFFFFD2BEC3
mem[X,0x0000000080003824] -> 0x1513
mem[X,0x0000000080003826] -> 0x00A5
[3598] [M]: 0x0000000080003824 (0x00A51513) slli a0, a0, 0xa
x10 <- 0xFFFFFFFF4AFB0C00
mem[X,0x0000000080003828] -> 0x0513
mem[X,0x000000008000382A] -> 0x0CD5
[3599] [M]: 0x0000000080003828 (0x0CD50513) addi a0, a0, 0xcd
x10 <- 0xFFFFFFFF4AFB0CCD
clint::tick mtime <- 0x0000000000000024
 clint timer pending at mtime 0x0000000000000024
htif::tick 0x0000000000000000
mem[X,0x000000008000382C] -> 0x65B7
mem[X,0x000000008000382E] -> 0x6666
[3600] [M]: 0x000000008000382C (0x666665B7) lui a1, 0x66666
x11 <- 0x0000000066666000
mem[X,0x0000000080003830] -> 0x8593
mem[X,0x0000000080003832] -> 0x6665
[3601] [M]: 0x0000000080003830 (0x66658593) addi a1, a1, 0x666
x11 <- 0x0000000066666666
mem[X,0x0000000080003834] -> 0x9593
mem[X,0x0000000080003836] -> 0x00B5
[3602] [M]: 0x0000000080003834 (0x00B59593) slli a1, a1, 0xb
x11 <- 0x0000033333333000
mem[X,0x0000000080003838] -> 0x8593
mem[X,0x000000008000383A] -> 0x3335
[3603] [M]: 0x0000000080003838 (0x33358593) addi a1, a1, 0x333
x11 <- 0x0000033333333333
mem[X,0x000000008000383C] -> 0x9593
mem[X,0x000000008000383E] -> 0x00B5
[3604] [M]: 0x000000008000383C (0x00B59593) slli a1, a1, 0xb
x11 <- 0x0019999999999800
mem[X,0x0000000080003840] -> 0x8593
mem[X,0x0000000080003842] -> 0x1995
[3605] [M]: 0x0000000080003840 (0x19958593) addi a1, a1, 0x199
x11 <- 0x0019999999999999
mem[X,0x0000000080003844] -> 0x9593
mem[X,0x0000000080003846] -> 0x00A5
[3606] [M]: 0x0000000080003844 (0x00A59593) slli a1, a1, 0xa
x11 <- 0x6666666666666400
mem[X,0x0000000080003848] -> 0x8593
mem[X,0x000000008000384A] -> 0x2675
[3607] [M]: 0x0000000080003848 (0x26758593) addi a1, a1, 0x267
x11 <- 0x6666666666666667
mem[X,0x000000008000384C] -> 0x063B
mem[X,0x000000008000384E] -> 0x40B5
[3608] [M]: 0x000000008000384C (0x40B5063B) subw a2, a0, a1
x12 <- 0xFFFFFFFFE494A666
mem[X,0x0000000080003850] -> 0xB423
mem[X,0x0000000080003852] -> 0x22C2
[3609] [M]: 0x0000000080003850 (0x22C2B423) sd a2, 0x228(t0)
mem[0x000000008000BBD0] <- 0xFFFFFFFFE494A666
mem[X,0x0000000080003854] -> 0x0537
mem[X,0x0000000080003856] -> 0x0000
[3610] [M]: 0x0000000080003854 (0x00000537) lui a0, 0x0
x10 <- 0x0000000000000000
mem[X,0x0000000080003858] -> 0x0513
mem[X,0x000000008000385A] -> 0xFFF5
[3611] [M]: 0x0000000080003858 (0xFFF50513) addi a0, a0, -0x1
x10 <- 0xFFFFFFFFFFFFFFFF
mem[X,0x000000008000385C] -> 0x1513
mem[X,0x000000008000385E] -> 0x00B5
[3612] [M]: 0x000000008000385C (0x00B51513) slli a0, a0, 0xb
x10 <- 0xFFFFFFFFFFFFF800
mem[X,0x0000000080003860] -> 0x0513
mem[X,0x0000000080003862] -> 0x2575
[3613] [M]: 0x0000000080003860 (0x25750513) addi a0, a0, 0x257
x10 <- 0xFFFFFFFFFFFFFA57
mem[X,0x0000000080003864] -> 0x1513
mem[X,0x0000000080003866] -> 0x00B5
[3614] [M]: 0x0000000080003864 (0x00B51513) slli a0, a0, 0xb
x10 <- 0xFFFFFFFFFFD2B800
mem[X,0x0000000080003868] -> 0x0513
mem[X,0x000000008000386A] -> 0x6C35
[3615] [M]: 0x0000000080003868 (0x6C350513) addi a0, a0, 0x6c3
x10 <- 0xFFFFFFFFFFD2BEC3
mem[X,0x000000008000386C] -> 0x1513
mem[X,0x000000008000386E] -> 0x00A5
[3616] [M]: 0x000000008000386C (0x00A51513) slli a0, a0, 0xa
x10 <- 0xFFFFFFFF4AFB0C00
mem[X,0x0000000080003870] -> 0x0513
mem[X,0x0000000080003872] -> 0x0CD5
[3617] [M]: 0x0000000080003870 (0x0CD50513) addi a0, a0, 0xcd
x10 <- 0xFFFFFFFF4AFB0CCD
mem[X,0x0000000080003874] -> 0x05B7
mem[X,0x0000000080003876] -> 0x0000
[3618] [M]: 0x0000000080003874 (0x000005B7) lui a1, 0x0
x11 <- 0x0000000000000000
mem[X,0x0000000080003878] -> 0x8593
mem[X,0x000000008000387A] -> 0xFFF5
[3619] [M]: 0x0000000080003878 (0xFFF58593) addi a1, a1, -0x1
x11 <- 0xFFFFFFFFFFFFFFFF
mem[X,0x000000008000387C] -> 0x9593
mem[X,0x000000008000387E] -> 0x00B5
[3620] [M]: 0x000000008000387C (0x00B59593) slli a1, a1, 0xb
x11 <- 0xFFFFFFFFFFFFF800
mem[X,0x0000000080003880] -> 0x8593
mem[X,0x0000000080003882] -> 0x2575
[3621] [M]: 0x0000000080003880 (0x25758593) addi a1, a1, 0x257
x11 <- 0xFFFFFFFFFFFFFA57
mem[X,0x0000000080003884] -> 0x9593
mem[X,0x0000000080003886] -> 0x00B5
[3622] [M]: 0x0000000080003884 (0x00B59593) slli a1, a1, 0xb
x11 <- 0xFFFFFFFFFFD2B800
mem[X,0x0000000080003888] -> 0x8593
mem[X,0x000000008000388A] -> 0x6C35
[3623] [M]: 0x0000000080003888 (0x6C358593) addi a1, a1, 0x6c3
x11 <- 0xFFFFFFFFFFD2BEC3
mem[X,0x000000008000388C] -> 0x9593
mem[X,0x000000008000388E] -> 0x00A5
[3624] [M]: 0x000000008000388C (0x00A59593) slli a1, a1, 0xa
x11 <- 0xFFFFFFFF4AFB0C00
mem[X,0x0000000080003890] -> 0x8593
mem[X,0x0000000080003892] -> 0x0CE5
[3625] [M]: 0x0000000080003890 (0x0CE58593) addi a1, a1, 0xce
x11 <- 0xFFFFFFFF4AFB0CCE
mem[X,0x0000000080003894] -> 0x063B
mem[X,0x0000000080003896] -> 0x40B5
[3626] [M]: 0x0000000080003894 (0x40B5063B) subw a2, a0, a1
x12 <- 0xFFFFFFFFFFFFFFFF
mem[X,0x0000000080003898] -> 0xB823
mem[X,0x000000008000389A] -> 0x22C2
[3627] [M]: 0x0000000080003898 (0x22C2B823) sd a2, 0x230(t0)
mem[0x000000008000BBD8] <- 0xFFFFFFFFFFFFFFFF
mem[X,0x000000008000389C] -> 0x0537
mem[X,0x000000008000389E] -> 0x0000
[3628] [M]: 0x000000008000389C (0x00000537) lui a0, 0x0
x10 <- 0x0000000000000000
mem[X,0x00000000800038A0] -> 0x0513
mem[X,0x00000000800038A2] -> 0xFFF5
[3629] [M]: 0x00000000800038A0 (0xFFF50513) addi a0, a0, -0x1
x10 <- 0xFFFFFFFFFFFFFFFF
mem[X,0x00000000800038A4] -> 0x1513
mem[X,0x00000000800038A6] -> 0x00B5
[3630] [M]: 0x00000000800038A4 (0x00B51513) slli a0, a0, 0xb
x10 <- 0xFFFFFFFFFFFFF800
mem[X,0x00000000800038A8] -> 0x0513
mem[X,0x00000000800038AA] -> 0x2575
[3631] [M]: 0x00000000800038A8 (0x25750513) addi a0, a0, 0x257
x10 <- 0xFFFFFFFFFFFFFA57
mem[X,0x00000000800038AC] -> 0x1513
mem[X,0x00000000800038AE] -> 0x00B5
[3632] [M]: 0x00000000800038AC (0x00B51513) slli a0, a0, 0xb
x10 <- 0xFFFFFFFFFFD2B800
mem[X,0x00000000800038B0] -> 0x0513
mem[X,0x00000000800038B2] -> 0x6C35
[3633] [M]: 0x00000000800038B0 (0x6C350513) addi a0, a0, 0x6c3
x10 <- 0xFFFFFFFFFFD2BEC3
mem[X,0x00000000800038B4] -> 0x1513
mem[X,0x00000000800038B6] -> 0x00A5
[3634] [M]: 0x00000000800038B4 (0x00A51513) slli a0, a0, 0xa
x10 <- 0xFFFFFFFF4AFB0C00
mem[X,0x00000000800038B8] -> 0x0513
mem[X,0x00000000800038BA] -> 0x0CD5
[3635] [M]: 0x00000000800038B8 (0x0CD50513) addi a0, a0, 0xcd
x10 <- 0xFFFFFFFF4AFB0CCD
mem[X,0x00000000800038BC] -> 0x05B7
mem[X,0x00000000800038BE] -> 0x0000
[3636] [M]: 0x00000000800038BC (0x000005B7) lui a1, 0x0
x11 <- 0x0000000000000000
mem[X,0x00000000800038C0] -> 0x8593
mem[X,0x00000000800038C2] -> 0x0005
[3637] [M]: 0x00000000800038C0 (0x00058593) addi a1, a1, 0x0
x11 <- 0x0000000000000000
mem[X,0x00000000800038C4] -> 0x9593
mem[X,0x00000000800038C6] -> 0x00B5
[3638] [M]: 0x00000000800038C4 (0x00B59593) slli a1, a1, 0xb
x11 <- 0x0000000000000000
mem[X,0x00000000800038C8] -> 0x8593
mem[X,0x00000000800038CA] -> 0x5A85
[3639] [M]: 0x00000000800038C8 (0x5A858593) addi a1, a1, 0x5a8
x11 <- 0x00000000000005A8
mem[X,0x00000000800038CC] -> 0x9593
mem[X,0x00000000800038CE] -> 0x00B5
[3640] [M]: 0x00000000800038CC (0x00B59593) slli a1, a1, 0xb
x11 <- 0x00000000002D4000
mem[X,0x00000000800038D0] -> 0x8593
mem[X,0x00000000800038D2] -> 0x13C5
[3641] [M]: 0x00000000800038D0 (0x13C58593) addi a1, a1, 0x13c
x11 <- 0x00000000002D413C
mem[X,0x00000000800038D4] -> 0x9593
mem[X,0x00000000800038D6] -> 0x00A5
[3642] [M]: 0x00000000800038D4 (0x00A59593) slli a1, a1, 0xa
x11 <- 0x00000000B504F000
mem[X,0x00000000800038D8] -> 0x8593
mem[X,0x00000000800038DA] -> 0x3345
[3643] [M]: 0x00000000800038D8 (0x33458593) addi a1, a1, 0x334
x11 <- 0x00000000B504F334
mem[X,0x00000000800038DC] -> 0x063B
mem[X,0x00000000800038DE] -> 0x40B5
[3644] [M]: 0x00000000800038DC (0x40B5063B) subw a2, a0, a1
x12 <- 0xFFFFFFFF95F61999
mem[X,0x00000000800038E0] -> 0xBC23
mem[X,0x00000000800038E2] -> 0x22C2
[3645] [M]: 0x00000000800038E0 (0x22C2BC23) sd a2, 0x238(t0)
mem[0x000000008000BBE0] <- 0xFFFFFFFF95F61999
mem[X,0x00000000800038E4] -> 0x0537
mem[X,0x00000000800038E6] -> 0x0000
[3646] [M]: 0x00000000800038E4 (0x00000537) lui a0, 0x0
x10 <- 0x0000000000000000
mem[X,0x00000000800038E8] -> 0x0513
mem[X,0x00000000800038EA] -> 0x0005
[3647] [M]: 0x00000000800038E8 (0x00050513) addi a0, a0, 0x0
x10 <- 0x0000000000000000
mem[X,0x00000000800038EC] -> 0x1513
mem[X,0x00000000800038EE] -> 0x00B5
[3648] [M]: 0x00000000800038EC (0x00B51513) slli a0, a0, 0xb
x10 <- 0x0000000000000000
mem[X,0x00000000800038F0] -> 0x0513
mem[X,0x00000000800038F2] -> 0x5A85
[3649] [M]: 0x00000000800038F0 (0x5A850513) addi a0, a0, 0x5a8
x10 <- 0x00000000000005A8
mem[X,0x00000000800038F4] -> 0x1513
mem[X,0x00000000800038F6] -> 0x00B5
[3650] [M]: 0x00000000800038F4 (0x00B51513) slli a0, a0, 0xb
x10 <- 0x00000000002D4000
mem[X,0x00000000800038F8] -> 0x0513
mem[X,0x00000000800038FA] -> 0x13C5
[3651] [M]: 0x00000000800038F8 (0x13C50513) addi a0, a0, 0x13c
x10 <- 0x00000000002D413C
mem[X,0x00000000800038FC] -> 0x1513
mem[X,0x00000000800038FE] -> 0x00A5
[3652] [M]: 0x00000000800038FC (0x00A51513) slli a0, a0, 0xa
x10 <- 0x00000000B504F000
mem[X,0x0000000080003900] -> 0x0513
mem[X,0x0000000080003902] -> 0x3335
[3653] [M]: 0x0000000080003900 (0x33350513) addi a0, a0, 0x333
x10 <- 0x00000000B504F333
mem[X,0x0000000080003904] -> 0x0593
mem[X,0x0000000080003906] -> 0x0030
[3654] [M]: 0x0000000080003904 (0x00300593) addi a1, zero, 0x3
x11 <- 0x0000000000000003
mem[X,0x0000000080003908] -> 0x063B
mem[X,0x000000008000390A] -> 0x40B5
[3655] [M]: 0x0000000080003908 (0x40B5063B) subw a2, a0, a1
x12 <- 0xFFFFFFFFB504F330
mem[X,0x000000008000390C] -> 0xB023
mem[X,0x000000008000390E] -> 0x24C2
[3656] [M]: 0x000000008000390C (0x24C2B023) sd a2, 0x240(t0)
mem[0x000000008000BBE8] <- 0xFFFFFFFFB504F330
mem[X,0x0000000080003910] -> 0x0537
mem[X,0x0000000080003912] -> 0x0000
[3657] [M]: 0x0000000080003910 (0x00000537) lui a0, 0x0
x10 <- 0x0000000000000000
mem[X,0x0000000080003914] -> 0x0513
mem[X,0x0000000080003916] -> 0x0005
[3658] [M]: 0x0000000080003914 (0x00050513) addi a0, a0, 0x0
x10 <- 0x0000000000000000
mem[X,0x0000000080003918] -> 0x1513
mem[X,0x000000008000391A] -> 0x00B5
[3659] [M]: 0x0000000080003918 (0x00B51513) slli a0, a0, 0xb
x10 <- 0x0000000000000000
mem[X,0x000000008000391C] -> 0x0513
mem[X,0x000000008000391E] -> 0x5A85
[3660] [M]: 0x000000008000391C (0x5A850513) addi a0, a0, 0x5a8
x10 <- 0x00000000000005A8
mem[X,0x0000000080003920] -> 0x1513
mem[X,0x0000000080003922] -> 0x00B5
[3661] [M]: 0x0000000080003920 (0x00B51513) slli a0, a0, 0xb
x10 <- 0x00000000002D4000
mem[X,0x0000000080003924] -> 0x0513
mem[X,0x0000000080003926] -> 0x13C5
[3662] [M]: 0x0000000080003924 (0x13C50513) addi a0, a0, 0x13c
x10 <- 0x00000000002D413C
mem[X,0x0000000080003928] -> 0x1513
mem[X,0x000000008000392A] -> 0x00A5
[3663] [M]: 0x0000000080003928 (0x00A51513) slli a0, a0, 0xa
x10 <- 0x00000000B504F000
mem[X,0x000000008000392C] -> 0x0513
mem[X,0x000000008000392E] -> 0x3335
[3664] [M]: 0x000000008000392C (0x33350513) addi a0, a0, 0x333
x10 <- 0x00000000B504F333
mem[X,0x0000000080003930] -> 0x55B7
mem[X,0x0000000080003932] -> 0x5555
[3665] [M]: 0x0000000080003930 (0x555555B7) lui a1, 0x55555
x11 <- 0x0000000055555000
mem[X,0x0000000080003934] -> 0x8593
mem[X,0x0000000080003936] -> 0x5555
[3666] [M]: 0x0000000080003934 (0x55558593) addi a1, a1, 0x555
x11 <- 0x0000000055555555
mem[X,0x0000000080003938] -> 0x9593
mem[X,0x000000008000393A] -> 0x00B5
[3667] [M]: 0x0000000080003938 (0x00B59593) slli a1, a1, 0xb
x11 <- 0x000002AAAAAAA800
mem[X,0x000000008000393C] -> 0x8593
mem[X,0x000000008000393E] -> 0x2AA5
[3668] [M]: 0x000000008000393C (0x2AA58593) addi a1, a1, 0x2aa
x11 <- 0x000002AAAAAAAAAA
mem[X,0x0000000080003940] -> 0x9593
mem[X,0x0000000080003942] -> 0x00B5
[3669] [M]: 0x0000000080003940 (0x00B59593) slli a1, a1, 0xb
x11 <- 0x0015555555555000
mem[X,0x0000000080003944] -> 0x8593
mem[X,0x0000000080003946] -> 0x5555
[3670] [M]: 0x0000000080003944 (0x55558593) addi a1, a1, 0x555
x11 <- 0x0015555555555555
mem[X,0x0000000080003948] -> 0x9593
mem[X,0x000000008000394A] -> 0x00A5
[3671] [M]: 0x0000000080003948 (0x00A59593) slli a1, a1, 0xa
x11 <- 0x5555555555555400
mem[X,0x000000008000394C] -> 0x8593
mem[X,0x000000008000394E] -> 0x1555
[3672] [M]: 0x000000008000394C (0x15558593) addi a1, a1, 0x155
x11 <- 0x5555555555555555
mem[X,0x0000000080003950] -> 0x063B
mem[X,0x0000000080003952] -> 0x40B5
[3673] [M]: 0x0000000080003950 (0x40B5063B) subw a2, a0, a1
x12 <- 0x000000005FAF9DDE
mem[X,0x0000000080003954] -> 0xB423
mem[X,0x0000000080003956] -> 0x24C2
[3674] [M]: 0x0000000080003954 (0x24C2B423) sd a2, 0x248(t0)
mem[0x000000008000BBF0] <- 0x000000005FAF9DDE
mem[X,0x0000000080003958] -> 0x0537
mem[X,0x000000008000395A] -> 0x0000
[3675] [M]: 0x0000000080003958 (0x00000537) lui a0, 0x0
x10 <- 0x0000000000000000
mem[X,0x000000008000395C] -> 0x0513
mem[X,0x000000008000395E] -> 0x0005
[3676] [M]: 0x000000008000395C (0x00050513) addi a0, a0, 0x0
x10 <- 0x0000000000000000
mem[X,0x0000000080003960] -> 0x1513
mem[X,0x0000000080003962] -> 0x00B5
[3677] [M]: 0x0000000080003960 (0x00B51513) slli a0, a0, 0xb
x10 <- 0x0000000000000000
mem[X,0x0000000080003964] -> 0x0513
mem[X,0x0000000080003966] -> 0x5A85
[3678] [M]: 0x0000000080003964 (0x5A850513) addi a0, a0, 0x5a8
x10 <- 0x00000000000005A8
mem[X,0x0000000080003968] -> 0x1513
mem[X,0x000000008000396A] -> 0x00B5
[3679] [M]: 0x0000000080003968 (0x00B51513) slli a0, a0, 0xb
x10 <- 0x00000000002D4000
mem[X,0x000000008000396C] -> 0x0513
mem[X,0x000000008000396E] -> 0x13C5
[3680] [M]: 0x000000008000396C (0x13C50513) addi a0, a0, 0x13c
x10 <- 0x00000000002D413C
mem[X,0x0000000080003970] -> 0x1513
mem[X,0x0000000080003972] -> 0x00A5
[3681] [M]: 0x0000000080003970 (0x00A51513) slli a0, a0, 0xa
x10 <- 0x00000000B504F000
mem[X,0x0000000080003974] -> 0x0513
mem[X,0x0000000080003976] -> 0x3335
[3682] [M]: 0x0000000080003974 (0x33350513) addi a0, a0, 0x333
x10 <- 0x00000000B504F333
mem[X,0x0000000080003978] -> 0xB5B7
mem[X,0x000000008000397A] -> 0xAAAA
[3683] [M]: 0x0000000080003978 (0xAAAAB5B7) lui a1, -0x55555
x11 <- 0xFFFFFFFFAAAAB000
mem[X,0x000000008000397C] -> 0x8593
mem[X,0x000000008000397E] -> 0xAAA5
[3684] [M]: 0x000000008000397C (0xAAA58593) addi a1, a1, -0x556
x11 <- 0xFFFFFFFFAAAAAAAA
mem[X,0x0000000080003980] -> 0x9593
mem[X,0x0000000080003982] -> 0x00B5
[3685] [M]: 0x0000000080003980 (0x00B59593) slli a1, a1, 0xb
x11 <- 0xFFFFFD5555555000
mem[X,0x0000000080003984] -> 0x8593
mem[X,0x0000000080003986] -> 0x5555
[3686] [M]: 0x0000000080003984 (0x55558593) addi a1, a1, 0x555
x11 <- 0xFFFFFD5555555555
mem[X,0x0000000080003988] -> 0x9593
mem[X,0x000000008000398A] -> 0x00B5
[3687] [M]: 0x0000000080003988 (0x00B59593) slli a1, a1, 0xb
x11 <- 0xFFEAAAAAAAAAA800
mem[X,0x000000008000398C] -> 0x8593
mem[X,0x000000008000398E] -> 0x2AA5
[3688] [M]: 0x000000008000398C (0x2AA58593) addi a1, a1, 0x2aa
x11 <- 0xFFEAAAAAAAAAAAAA
mem[X,0x0000000080003990] -> 0x9593
mem[X,0x0000000080003992] -> 0x00A5
[3689] [M]: 0x0000000080003990 (0x00A59593) slli a1, a1, 0xa
x11 <- 0xAAAAAAAAAAAAA800
mem[X,0x0000000080003994] -> 0x8593
mem[X,0x0000000080003996] -> 0x2AA5
[3690] [M]: 0x0000000080003994 (0x2AA58593) addi a1, a1, 0x2aa
x11 <- 0xAAAAAAAAAAAAAAAA
mem[X,0x0000000080003998] -> 0x063B
mem[X,0x000000008000399A] -> 0x40B5
[3691] [M]: 0x0000000080003998 (0x40B5063B) subw a2, a0, a1
x12 <- 0x000000000A5A4889
mem[X,0x000000008000399C] -> 0xB823
mem[X,0x000000008000399E] -> 0x24C2
[3692] [M]: 0x000000008000399C (0x24C2B823) sd a2, 0x250(t0)
mem[0x000000008000BBF8] <- 0x000000000A5A4889
mem[X,0x00000000800039A0] -> 0x0537
mem[X,0x00000000800039A2] -> 0x0000
[3693] [M]: 0x00000000800039A0 (0x00000537) lui a0, 0x0
x10 <- 0x0000000000000000
mem[X,0x00000000800039A4] -> 0x0513
mem[X,0x00000000800039A6] -> 0x0005
[3694] [M]: 0x00000000800039A4 (0x00050513) addi a0, a0, 0x0
x10 <- 0x0000000000000000
mem[X,0x00000000800039A8] -> 0x1513
mem[X,0x00000000800039AA] -> 0x00B5
[3695] [M]: 0x00000000800039A8 (0x00B51513) slli a0, a0, 0xb
x10 <- 0x0000000000000000
mem[X,0x00000000800039AC] -> 0x0513
mem[X,0x00000000800039AE] -> 0x5A85
[3696] [M]: 0x00000000800039AC (0x5A850513) addi a0, a0, 0x5a8
x10 <- 0x00000000000005A8
mem[X,0x00000000800039B0] -> 0x1513
mem[X,0x00000000800039B2] -> 0x00B5
[3697] [M]: 0x00000000800039B0 (0x00B51513) slli a0, a0, 0xb
x10 <- 0x00000000002D4000
mem[X,0x00000000800039B4] -> 0x0513
mem[X,0x00000000800039B6] -> 0x13C5
[3698] [M]: 0x00000000800039B4 (0x13C50513) addi a0, a0, 0x13c
x10 <- 0x00000000002D413C
mem[X,0x00000000800039B8] -> 0x1513
mem[X,0x00000000800039BA] -> 0x00A5
[3699] [M]: 0x00000000800039B8 (0x00A51513) slli a0, a0, 0xa
x10 <- 0x00000000B504F000
clint::tick mtime <- 0x0000000000000025
 clint timer pending at mtime 0x0000000000000025
htif::tick 0x0000000000000000
mem[X,0x00000000800039BC] -> 0x0513
mem[X,0x00000000800039BE] -> 0x3335
[3700] [M]: 0x00000000800039BC (0x33350513) addi a0, a0, 0x333
x10 <- 0x00000000B504F333
mem[X,0x00000000800039C0] -> 0x0593
mem[X,0x00000000800039C2] -> 0x0050
[3701] [M]: 0x00000000800039C0 (0x00500593) addi a1, zero, 0x5
x11 <- 0x0000000000000005
mem[X,0x00000000800039C4] -> 0x063B
mem[X,0x00000000800039C6] -> 0x40B5
[3702] [M]: 0x00000000800039C4 (0x40B5063B) subw a2, a0, a1
x12 <- 0xFFFFFFFFB504F32E
mem[X,0x00000000800039C8] -> 0xBC23
mem[X,0x00000000800039CA] -> 0x24C2
[3703] [M]: 0x00000000800039C8 (0x24C2BC23) sd a2, 0x258(t0)
mem[0x000000008000BC00] <- 0xFFFFFFFFB504F32E
mem[X,0x00000000800039CC] -> 0x0537
mem[X,0x00000000800039CE] -> 0x0000
[3704] [M]: 0x00000000800039CC (0x00000537) lui a0, 0x0
x10 <- 0x0000000000000000
mem[X,0x00000000800039D0] -> 0x0513
mem[X,0x00000000800039D2] -> 0x0005
[3705] [M]: 0x00000000800039D0 (0x00050513) addi a0, a0, 0x0
x10 <- 0x0000000000000000
mem[X,0x00000000800039D4] -> 0x1513
mem[X,0x00000000800039D6] -> 0x00B5
[3706] [M]: 0x00000000800039D4 (0x00B51513) slli a0, a0, 0xb
x10 <- 0x0000000000000000
mem[X,0x00000000800039D8] -> 0x0513
mem[X,0x00000000800039DA] -> 0x5A85
[3707] [M]: 0x00000000800039D8 (0x5A850513) addi a0, a0, 0x5a8
x10 <- 0x00000000000005A8
mem[X,0x00000000800039DC] -> 0x1513
mem[X,0x00000000800039DE] -> 0x00B5
[3708] [M]: 0x00000000800039DC (0x00B51513) slli a0, a0, 0xb
x10 <- 0x00000000002D4000
mem[X,0x00000000800039E0] -> 0x0513
mem[X,0x00000000800039E2] -> 0x13C5
[3709] [M]: 0x00000000800039E0 (0x13C50513) addi a0, a0, 0x13c
x10 <- 0x00000000002D413C
mem[X,0x00000000800039E4] -> 0x1513
mem[X,0x00000000800039E6] -> 0x00A5
[3710] [M]: 0x00000000800039E4 (0x00A51513) slli a0, a0, 0xa
x10 <- 0x00000000B504F000
mem[X,0x00000000800039E8] -> 0x0513
mem[X,0x00000000800039EA] -> 0x3335
[3711] [M]: 0x00000000800039E8 (0x33350513) addi a0, a0, 0x333
x10 <- 0x00000000B504F333
mem[X,0x00000000800039EC] -> 0x35B7
mem[X,0x00000000800039EE] -> 0x3333
[3712] [M]: 0x00000000800039EC (0x333335B7) lui a1, 0x33333
x11 <- 0x0000000033333000
mem[X,0x00000000800039F0] -> 0x8593
mem[X,0x00000000800039F2] -> 0x3335
[3713] [M]: 0x00000000800039F0 (0x33358593) addi a1, a1, 0x333
x11 <- 0x0000000033333333
mem[X,0x00000000800039F4] -> 0x9593
mem[X,0x00000000800039F6] -> 0x00B5
[3714] [M]: 0x00000000800039F4 (0x00B59593) slli a1, a1, 0xb
x11 <- 0x0000019999999800
mem[X,0x00000000800039F8] -> 0x8593
mem[X,0x00000000800039FA] -> 0x1995
[3715] [M]: 0x00000000800039F8 (0x19958593) addi a1, a1, 0x199
x11 <- 0x0000019999999999
mem[X,0x00000000800039FC] -> 0x9593
mem[X,0x00000000800039FE] -> 0x00B5
[3716] [M]: 0x00000000800039FC (0x00B59593) slli a1, a1, 0xb
x11 <- 0x000CCCCCCCCCC800
mem[X,0x0000000080003A00] -> 0x8593
mem[X,0x0000000080003A02] -> 0x4CC5
[3717] [M]: 0x0000000080003A00 (0x4CC58593) addi a1, a1, 0x4cc
x11 <- 0x000CCCCCCCCCCCCC
mem[X,0x0000000080003A04] -> 0x9593
mem[X,0x0000000080003A06] -> 0x00A5
[3718] [M]: 0x0000000080003A04 (0x00A59593) slli a1, a1, 0xa
x11 <- 0x3333333333333000
mem[X,0x0000000080003A08] -> 0x8593
mem[X,0x0000000080003A0A] -> 0x3335
[3719] [M]: 0x0000000080003A08 (0x33358593) addi a1, a1, 0x333
x11 <- 0x3333333333333333
mem[X,0x0000000080003A0C] -> 0x063B
mem[X,0x0000000080003A0E] -> 0x40B5
[3720] [M]: 0x0000000080003A0C (0x40B5063B) subw a2, a0, a1
x12 <- 0xFFFFFFFF81D1C000
mem[X,0x0000000080003A10] -> 0xB023
mem[X,0x0000000080003A12] -> 0x26C2
[3721] [M]: 0x0000000080003A10 (0x26C2B023) sd a2, 0x260(t0)
mem[0x000000008000BC08] <- 0xFFFFFFFF81D1C000
mem[X,0x0000000080003A14] -> 0x0537
mem[X,0x0000000080003A16] -> 0x0000
[3722] [M]: 0x0000000080003A14 (0x00000537) lui a0, 0x0
x10 <- 0x0000000000000000
mem[X,0x0000000080003A18] -> 0x0513
mem[X,0x0000000080003A1A] -> 0x0005
[3723] [M]: 0x0000000080003A18 (0x00050513) addi a0, a0, 0x0
x10 <- 0x0000000000000000
mem[X,0x0000000080003A1C] -> 0x1513
mem[X,0x0000000080003A1E] -> 0x00B5
[3724] [M]: 0x0000000080003A1C (0x00B51513) slli a0, a0, 0xb
x10 <- 0x0000000000000000
mem[X,0x0000000080003A20] -> 0x0513
mem[X,0x0000000080003A22] -> 0x5A85
[3725] [M]: 0x0000000080003A20 (0x5A850513) addi a0, a0, 0x5a8
x10 <- 0x00000000000005A8
mem[X,0x0000000080003A24] -> 0x1513
mem[X,0x0000000080003A26] -> 0x00B5
[3726] [M]: 0x0000000080003A24 (0x00B51513) slli a0, a0, 0xb
x10 <- 0x00000000002D4000
mem[X,0x0000000080003A28] -> 0x0513
mem[X,0x0000000080003A2A] -> 0x13C5
[3727] [M]: 0x0000000080003A28 (0x13C50513) addi a0, a0, 0x13c
x10 <- 0x00000000002D413C
mem[X,0x0000000080003A2C] -> 0x1513
mem[X,0x0000000080003A2E] -> 0x00A5
[3728] [M]: 0x0000000080003A2C (0x00A51513) slli a0, a0, 0xa
x10 <- 0x00000000B504F000
mem[X,0x0000000080003A30] -> 0x0513
mem[X,0x0000000080003A32] -> 0x3335
[3729] [M]: 0x0000000080003A30 (0x33350513) addi a0, a0, 0x333
x10 <- 0x00000000B504F333
mem[X,0x0000000080003A34] -> 0x65B7
mem[X,0x0000000080003A36] -> 0x6666
[3730] [M]: 0x0000000080003A34 (0x666665B7) lui a1, 0x66666
x11 <- 0x0000000066666000
mem[X,0x0000000080003A38] -> 0x8593
mem[X,0x0000000080003A3A] -> 0x6665
[3731] [M]: 0x0000000080003A38 (0x66658593) addi a1, a1, 0x666
x11 <- 0x0000000066666666
mem[X,0x0000000080003A3C] -> 0x9593
mem[X,0x0000000080003A3E] -> 0x00B5
[3732] [M]: 0x0000000080003A3C (0x00B59593) slli a1, a1, 0xb
x11 <- 0x0000033333333000
mem[X,0x0000000080003A40] -> 0x8593
mem[X,0x0000000080003A42] -> 0x3335
[3733] [M]: 0x0000000080003A40 (0x33358593) addi a1, a1, 0x333
x11 <- 0x0000033333333333
mem[X,0x0000000080003A44] -> 0x9593
mem[X,0x0000000080003A46] -> 0x00B5
[3734] [M]: 0x0000000080003A44 (0x00B59593) slli a1, a1, 0xb
x11 <- 0x0019999999999800
mem[X,0x0000000080003A48] -> 0x8593
mem[X,0x0000000080003A4A] -> 0x1995
[3735] [M]: 0x0000000080003A48 (0x19958593) addi a1, a1, 0x199
x11 <- 0x0019999999999999
mem[X,0x0000000080003A4C] -> 0x9593
mem[X,0x0000000080003A4E] -> 0x00A5
[3736] [M]: 0x0000000080003A4C (0x00A59593) slli a1, a1, 0xa
x11 <- 0x6666666666666400
mem[X,0x0000000080003A50] -> 0x8593
mem[X,0x0000000080003A52] -> 0x2665
[3737] [M]: 0x0000000080003A50 (0x26658593) addi a1, a1, 0x266
x11 <- 0x6666666666666666
mem[X,0x0000000080003A54] -> 0x063B
mem[X,0x0000000080003A56] -> 0x40B5
[3738] [M]: 0x0000000080003A54 (0x40B5063B) subw a2, a0, a1
x12 <- 0x000000004E9E8CCD
mem[X,0x0000000080003A58] -> 0xB423
mem[X,0x0000000080003A5A] -> 0x26C2
[3739] [M]: 0x0000000080003A58 (0x26C2B423) sd a2, 0x268(t0)
mem[0x000000008000BC10] <- 0x000000004E9E8CCD
mem[X,0x0000000080003A5C] -> 0x0537
mem[X,0x0000000080003A5E] -> 0x0000
[3740] [M]: 0x0000000080003A5C (0x00000537) lui a0, 0x0
x10 <- 0x0000000000000000
mem[X,0x0000000080003A60] -> 0x0513
mem[X,0x0000000080003A62] -> 0x0005
[3741] [M]: 0x0000000080003A60 (0x00050513) addi a0, a0, 0x0
x10 <- 0x0000000000000000
mem[X,0x0000000080003A64] -> 0x1513
mem[X,0x0000000080003A66] -> 0x00B5
[3742] [M]: 0x0000000080003A64 (0x00B51513) slli a0, a0, 0xb
x10 <- 0x0000000000000000
mem[X,0x0000000080003A68] -> 0x0513
mem[X,0x0000000080003A6A] -> 0x5A85
[3743] [M]: 0x0000000080003A68 (0x5A850513) addi a0, a0, 0x5a8
x10 <- 0x00000000000005A8
mem[X,0x0000000080003A6C] -> 0x1513
mem[X,0x0000000080003A6E] -> 0x00B5
[3744] [M]: 0x0000000080003A6C (0x00B51513) slli a0, a0, 0xb
x10 <- 0x00000000002D4000
mem[X,0x0000000080003A70] -> 0x0513
mem[X,0x0000000080003A72] -> 0x13C5
[3745] [M]: 0x0000000080003A70 (0x13C50513) addi a0, a0, 0x13c
x10 <- 0x00000000002D413C
mem[X,0x0000000080003A74] -> 0x1513
mem[X,0x0000000080003A76] -> 0x00A5
[3746] [M]: 0x0000000080003A74 (0x00A51513) slli a0, a0, 0xa
x10 <- 0x00000000B504F000
mem[X,0x0000000080003A78] -> 0x0513
mem[X,0x0000000080003A7A] -> 0x3335
[3747] [M]: 0x0000000080003A78 (0x33350513) addi a0, a0, 0x333
x10 <- 0x00000000B504F333
mem[X,0x0000000080003A7C] -> 0x05B7
mem[X,0x0000000080003A7E] -> 0x0000
[3748] [M]: 0x0000000080003A7C (0x000005B7) lui a1, 0x0
x11 <- 0x0000000000000000
mem[X,0x0000000080003A80] -> 0x8593
mem[X,0x0000000080003A82] -> 0xFFF5
[3749] [M]: 0x0000000080003A80 (0xFFF58593) addi a1, a1, -0x1
x11 <- 0xFFFFFFFFFFFFFFFF
mem[X,0x0000000080003A84] -> 0x9593
mem[X,0x0000000080003A86] -> 0x00B5
[3750] [M]: 0x0000000080003A84 (0x00B59593) slli a1, a1, 0xb
x11 <- 0xFFFFFFFFFFFFF800
mem[X,0x0000000080003A88] -> 0x8593
mem[X,0x0000000080003A8A] -> 0x2575
[3751] [M]: 0x0000000080003A88 (0x25758593) addi a1, a1, 0x257
x11 <- 0xFFFFFFFFFFFFFA57
mem[X,0x0000000080003A8C] -> 0x9593
mem[X,0x0000000080003A8E] -> 0x00B5
[3752] [M]: 0x0000000080003A8C (0x00B59593) slli a1, a1, 0xb
x11 <- 0xFFFFFFFFFFD2B800
mem[X,0x0000000080003A90] -> 0x8593
mem[X,0x0000000080003A92] -> 0x6C35
[3753] [M]: 0x0000000080003A90 (0x6C358593) addi a1, a1, 0x6c3
x11 <- 0xFFFFFFFFFFD2BEC3
mem[X,0x0000000080003A94] -> 0x9593
mem[X,0x0000000080003A96] -> 0x00A5
[3754] [M]: 0x0000000080003A94 (0x00A59593) slli a1, a1, 0xa
x11 <- 0xFFFFFFFF4AFB0C00
mem[X,0x0000000080003A98] -> 0x8593
mem[X,0x0000000080003A9A] -> 0x0CD5
[3755] [M]: 0x0000000080003A98 (0x0CD58593) addi a1, a1, 0xcd
x11 <- 0xFFFFFFFF4AFB0CCD
mem[X,0x0000000080003A9C] -> 0x063B
mem[X,0x0000000080003A9E] -> 0x40B5
[3756] [M]: 0x0000000080003A9C (0x40B5063B) subw a2, a0, a1
x12 <- 0x000000006A09E666
mem[X,0x0000000080003AA0] -> 0xB823
mem[X,0x0000000080003AA2] -> 0x26C2
[3757] [M]: 0x0000000080003AA0 (0x26C2B823) sd a2, 0x270(t0)
mem[0x000000008000BC18] <- 0x000000006A09E666
mem[X,0x0000000080003AA4] -> 0x0537
mem[X,0x0000000080003AA6] -> 0x0000
[3758] [M]: 0x0000000080003AA4 (0x00000537) lui a0, 0x0
x10 <- 0x0000000000000000
mem[X,0x0000000080003AA8] -> 0x0513
mem[X,0x0000000080003AAA] -> 0x0005
[3759] [M]: 0x0000000080003AA8 (0x00050513) addi a0, a0, 0x0
x10 <- 0x0000000000000000
mem[X,0x0000000080003AAC] -> 0x1513
mem[X,0x0000000080003AAE] -> 0x00B5
[3760] [M]: 0x0000000080003AAC (0x00B51513) slli a0, a0, 0xb
x10 <- 0x0000000000000000
mem[X,0x0000000080003AB0] -> 0x0513
mem[X,0x0000000080003AB2] -> 0x5A85
[3761] [M]: 0x0000000080003AB0 (0x5A850513) addi a0, a0, 0x5a8
x10 <- 0x00000000000005A8
mem[X,0x0000000080003AB4] -> 0x1513
mem[X,0x0000000080003AB6] -> 0x00B5
[3762] [M]: 0x0000000080003AB4 (0x00B51513) slli a0, a0, 0xb
x10 <- 0x00000000002D4000
mem[X,0x0000000080003AB8] -> 0x0513
mem[X,0x0000000080003ABA] -> 0x13C5
[3763] [M]: 0x0000000080003AB8 (0x13C50513) addi a0, a0, 0x13c
x10 <- 0x00000000002D413C
mem[X,0x0000000080003ABC] -> 0x1513
mem[X,0x0000000080003ABE] -> 0x00A5
[3764] [M]: 0x0000000080003ABC (0x00A51513) slli a0, a0, 0xa
x10 <- 0x00000000B504F000
mem[X,0x0000000080003AC0] -> 0x0513
mem[X,0x0000000080003AC2] -> 0x3335
[3765] [M]: 0x0000000080003AC0 (0x33350513) addi a0, a0, 0x333
x10 <- 0x00000000B504F333
mem[X,0x0000000080003AC4] -> 0x05B7
mem[X,0x0000000080003AC6] -> 0x0000
[3766] [M]: 0x0000000080003AC4 (0x000005B7) lui a1, 0x0
x11 <- 0x0000000000000000
mem[X,0x0000000080003AC8] -> 0x8593
mem[X,0x0000000080003ACA] -> 0x0005
[3767] [M]: 0x0000000080003AC8 (0x00058593) addi a1, a1, 0x0
x11 <- 0x0000000000000000
mem[X,0x0000000080003ACC] -> 0x9593
mem[X,0x0000000080003ACE] -> 0x00B5
[3768] [M]: 0x0000000080003ACC (0x00B59593) slli a1, a1, 0xb
x11 <- 0x0000000000000000
mem[X,0x0000000080003AD0] -> 0x8593
mem[X,0x0000000080003AD2] -> 0x5A85
[3769] [M]: 0x0000000080003AD0 (0x5A858593) addi a1, a1, 0x5a8
x11 <- 0x00000000000005A8
mem[X,0x0000000080003AD4] -> 0x9593
mem[X,0x0000000080003AD6] -> 0x00B5
[3770] [M]: 0x0000000080003AD4 (0x00B59593) slli a1, a1, 0xb
x11 <- 0x00000000002D4000
mem[X,0x0000000080003AD8] -> 0x8593
mem[X,0x0000000080003ADA] -> 0x13C5
[3771] [M]: 0x0000000080003AD8 (0x13C58593) addi a1, a1, 0x13c
x11 <- 0x00000000002D413C
mem[X,0x0000000080003ADC] -> 0x9593
mem[X,0x0000000080003ADE] -> 0x00A5
[3772] [M]: 0x0000000080003ADC (0x00A59593) slli a1, a1, 0xa
x11 <- 0x00000000B504F000
mem[X,0x0000000080003AE0] -> 0x8593
mem[X,0x0000000080003AE2] -> 0x3335
[3773] [M]: 0x0000000080003AE0 (0x33358593) addi a1, a1, 0x333
x11 <- 0x00000000B504F333
mem[X,0x0000000080003AE4] -> 0x063B
mem[X,0x0000000080003AE6] -> 0x40B5
[3774] [M]: 0x0000000080003AE4 (0x40B5063B) subw a2, a0, a1
x12 <- 0x0000000000000000
mem[X,0x0000000080003AE8] -> 0xBC23
mem[X,0x0000000080003AEA] -> 0x26C2
[3775] [M]: 0x0000000080003AE8 (0x26C2BC23) sd a2, 0x278(t0)
mem[0x000000008000BC20] <- 0x0000000000000000
mem[X,0x0000000080003AEC] -> 0x0537
mem[X,0x0000000080003AEE] -> 0x0000
[3776] [M]: 0x0000000080003AEC (0x00000537) lui a0, 0x0
x10 <- 0x0000000000000000
mem[X,0x0000000080003AF0] -> 0x0513
mem[X,0x0000000080003AF2] -> 0x0005
[3777] [M]: 0x0000000080003AF0 (0x00050513) addi a0, a0, 0x0
x10 <- 0x0000000000000000
mem[X,0x0000000080003AF4] -> 0x1513
mem[X,0x0000000080003AF6] -> 0x00B5
[3778] [M]: 0x0000000080003AF4 (0x00B51513) slli a0, a0, 0xb
x10 <- 0x0000000000000000
mem[X,0x0000000080003AF8] -> 0x0513
mem[X,0x0000000080003AFA] -> 0x5A85
[3779] [M]: 0x0000000080003AF8 (0x5A850513) addi a0, a0, 0x5a8
x10 <- 0x00000000000005A8
mem[X,0x0000000080003AFC] -> 0x1513
mem[X,0x0000000080003AFE] -> 0x00B5
[3780] [M]: 0x0000000080003AFC (0x00B51513) slli a0, a0, 0xb
x10 <- 0x00000000002D4000
mem[X,0x0000000080003B00] -> 0x0513
mem[X,0x0000000080003B02] -> 0x13C5
[3781] [M]: 0x0000000080003B00 (0x13C50513) addi a0, a0, 0x13c
x10 <- 0x00000000002D413C
mem[X,0x0000000080003B04] -> 0x1513
mem[X,0x0000000080003B06] -> 0x00A5
[3782] [M]: 0x0000000080003B04 (0x00A51513) slli a0, a0, 0xa
x10 <- 0x00000000B504F000
mem[X,0x0000000080003B08] -> 0x0513
mem[X,0x0000000080003B0A] -> 0x3335
[3783] [M]: 0x0000000080003B08 (0x33350513) addi a0, a0, 0x333
x10 <- 0x00000000B504F333
mem[X,0x0000000080003B0C] -> 0x0593
mem[X,0x0000000080003B0E] -> 0x0020
[3784] [M]: 0x0000000080003B0C (0x00200593) addi a1, zero, 0x2
x11 <- 0x0000000000000002
mem[X,0x0000000080003B10] -> 0x063B
mem[X,0x0000000080003B12] -> 0x40B5
[3785] [M]: 0x0000000080003B10 (0x40B5063B) subw a2, a0, a1
x12 <- 0xFFFFFFFFB504F331
mem[X,0x0000000080003B14] -> 0xB023
mem[X,0x0000000080003B16] -> 0x28C2
[3786] [M]: 0x0000000080003B14 (0x28C2B023) sd a2, 0x280(t0)
mem[0x000000008000BC28] <- 0xFFFFFFFFB504F331
mem[X,0x0000000080003B18] -> 0x0537
mem[X,0x0000000080003B1A] -> 0x0000
[3787] [M]: 0x0000000080003B18 (0x00000537) lui a0, 0x0
x10 <- 0x0000000000000000
mem[X,0x0000000080003B1C] -> 0x0513
mem[X,0x0000000080003B1E] -> 0x0005
[3788] [M]: 0x0000000080003B1C (0x00050513) addi a0, a0, 0x0
x10 <- 0x0000000000000000
mem[X,0x0000000080003B20] -> 0x1513
mem[X,0x0000000080003B22] -> 0x00B5
[3789] [M]: 0x0000000080003B20 (0x00B51513) slli a0, a0, 0xb
x10 <- 0x0000000000000000
mem[X,0x0000000080003B24] -> 0x0513
mem[X,0x0000000080003B26] -> 0x5A85
[3790] [M]: 0x0000000080003B24 (0x5A850513) addi a0, a0, 0x5a8
x10 <- 0x00000000000005A8
mem[X,0x0000000080003B28] -> 0x1513
mem[X,0x0000000080003B2A] -> 0x00B5
[3791] [M]: 0x0000000080003B28 (0x00B51513) slli a0, a0, 0xb
x10 <- 0x00000000002D4000
mem[X,0x0000000080003B2C] -> 0x0513
mem[X,0x0000000080003B2E] -> 0x13C5
[3792] [M]: 0x0000000080003B2C (0x13C50513) addi a0, a0, 0x13c
x10 <- 0x00000000002D413C
mem[X,0x0000000080003B30] -> 0x1513
mem[X,0x0000000080003B32] -> 0x00A5
[3793] [M]: 0x0000000080003B30 (0x00A51513) slli a0, a0, 0xa
x10 <- 0x00000000B504F000
mem[X,0x0000000080003B34] -> 0x0513
mem[X,0x0000000080003B36] -> 0x3335
[3794] [M]: 0x0000000080003B34 (0x33350513) addi a0, a0, 0x333
x10 <- 0x00000000B504F333
mem[X,0x0000000080003B38] -> 0x55B7
mem[X,0x0000000080003B3A] -> 0x5555
[3795] [M]: 0x0000000080003B38 (0x555555B7) lui a1, 0x55555
x11 <- 0x0000000055555000
mem[X,0x0000000080003B3C] -> 0x8593
mem[X,0x0000000080003B3E] -> 0x5555
[3796] [M]: 0x0000000080003B3C (0x55558593) addi a1, a1, 0x555
x11 <- 0x0000000055555555
mem[X,0x0000000080003B40] -> 0x9593
mem[X,0x0000000080003B42] -> 0x00B5
[3797] [M]: 0x0000000080003B40 (0x00B59593) slli a1, a1, 0xb
x11 <- 0x000002AAAAAAA800
mem[X,0x0000000080003B44] -> 0x8593
mem[X,0x0000000080003B46] -> 0x2AA5
[3798] [M]: 0x0000000080003B44 (0x2AA58593) addi a1, a1, 0x2aa
x11 <- 0x000002AAAAAAAAAA
mem[X,0x0000000080003B48] -> 0x9593
mem[X,0x0000000080003B4A] -> 0x00B5
[3799] [M]: 0x0000000080003B48 (0x00B59593) slli a1, a1, 0xb
x11 <- 0x0015555555555000
clint::tick mtime <- 0x0000000000000026
 clint timer pending at mtime 0x0000000000000026
htif::tick 0x0000000000000000
mem[X,0x0000000080003B4C] -> 0x8593
mem[X,0x0000000080003B4E] -> 0x5555
[3800] [M]: 0x0000000080003B4C (0x55558593) addi a1, a1, 0x555
x11 <- 0x0015555555555555
mem[X,0x0000000080003B50] -> 0x9593
mem[X,0x0000000080003B52] -> 0x00A5
[3801] [M]: 0x0000000080003B50 (0x00A59593) slli a1, a1, 0xa
x11 <- 0x5555555555555400
mem[X,0x0000000080003B54] -> 0x8593
mem[X,0x0000000080003B56] -> 0x1545
[3802] [M]: 0x0000000080003B54 (0x15458593) addi a1, a1, 0x154
x11 <- 0x5555555555555554
mem[X,0x0000000080003B58] -> 0x063B
mem[X,0x0000000080003B5A] -> 0x40B5
[3803] [M]: 0x0000000080003B58 (0x40B5063B) subw a2, a0, a1
x12 <- 0x000000005FAF9DDF
mem[X,0x0000000080003B5C] -> 0xB423
mem[X,0x0000000080003B5E] -> 0x28C2
[3804] [M]: 0x0000000080003B5C (0x28C2B423) sd a2, 0x288(t0)
mem[0x000000008000BC30] <- 0x000000005FAF9DDF
mem[X,0x0000000080003B60] -> 0x0537
mem[X,0x0000000080003B62] -> 0x0000
[3805] [M]: 0x0000000080003B60 (0x00000537) lui a0, 0x0
x10 <- 0x0000000000000000
mem[X,0x0000000080003B64] -> 0x0513
mem[X,0x0000000080003B66] -> 0x0005
[3806] [M]: 0x0000000080003B64 (0x00050513) addi a0, a0, 0x0
x10 <- 0x0000000000000000
mem[X,0x0000000080003B68] -> 0x1513
mem[X,0x0000000080003B6A] -> 0x00B5
[3807] [M]: 0x0000000080003B68 (0x00B51513) slli a0, a0, 0xb
x10 <- 0x0000000000000000
mem[X,0x0000000080003B6C] -> 0x0513
mem[X,0x0000000080003B6E] -> 0x5A85
[3808] [M]: 0x0000000080003B6C (0x5A850513) addi a0, a0, 0x5a8
x10 <- 0x00000000000005A8
mem[X,0x0000000080003B70] -> 0x1513
mem[X,0x0000000080003B72] -> 0x00B5
[3809] [M]: 0x0000000080003B70 (0x00B51513) slli a0, a0, 0xb
x10 <- 0x00000000002D4000
mem[X,0x0000000080003B74] -> 0x0513
mem[X,0x0000000080003B76] -> 0x13C5
[3810] [M]: 0x0000000080003B74 (0x13C50513) addi a0, a0, 0x13c
x10 <- 0x00000000002D413C
mem[X,0x0000000080003B78] -> 0x1513
mem[X,0x0000000080003B7A] -> 0x00A5
[3811] [M]: 0x0000000080003B78 (0x00A51513) slli a0, a0, 0xa
x10 <- 0x00000000B504F000
mem[X,0x0000000080003B7C] -> 0x0513
mem[X,0x0000000080003B7E] -> 0x3335
[3812] [M]: 0x0000000080003B7C (0x33350513) addi a0, a0, 0x333
x10 <- 0x00000000B504F333
mem[X,0x0000000080003B80] -> 0x0593
mem[X,0x0000000080003B82] -> 0x0000
[3813] [M]: 0x0000000080003B80 (0x00000593) addi a1, zero, 0x0
x11 <- 0x0000000000000000
mem[X,0x0000000080003B84] -> 0x063B
mem[X,0x0000000080003B86] -> 0x40B5
[3814] [M]: 0x0000000080003B84 (0x40B5063B) subw a2, a0, a1
x12 <- 0xFFFFFFFFB504F333
mem[X,0x0000000080003B88] -> 0xB823
mem[X,0x0000000080003B8A] -> 0x28C2
[3815] [M]: 0x0000000080003B88 (0x28C2B823) sd a2, 0x290(t0)
mem[0x000000008000BC38] <- 0xFFFFFFFFB504F333
mem[X,0x0000000080003B8C] -> 0x0537
mem[X,0x0000000080003B8E] -> 0x0000
[3816] [M]: 0x0000000080003B8C (0x00000537) lui a0, 0x0
x10 <- 0x0000000000000000
mem[X,0x0000000080003B90] -> 0x0513
mem[X,0x0000000080003B92] -> 0x0005
[3817] [M]: 0x0000000080003B90 (0x00050513) addi a0, a0, 0x0
x10 <- 0x0000000000000000
mem[X,0x0000000080003B94] -> 0x1513
mem[X,0x0000000080003B96] -> 0x00B5
[3818] [M]: 0x0000000080003B94 (0x00B51513) slli a0, a0, 0xb
x10 <- 0x0000000000000000
mem[X,0x0000000080003B98] -> 0x0513
mem[X,0x0000000080003B9A] -> 0x5A85
[3819] [M]: 0x0000000080003B98 (0x5A850513) addi a0, a0, 0x5a8
x10 <- 0x00000000000005A8
mem[X,0x0000000080003B9C] -> 0x1513
mem[X,0x0000000080003B9E] -> 0x00B5
[3820] [M]: 0x0000000080003B9C (0x00B51513) slli a0, a0, 0xb
x10 <- 0x00000000002D4000
mem[X,0x0000000080003BA0] -> 0x0513
mem[X,0x0000000080003BA2] -> 0x13C5
[3821] [M]: 0x0000000080003BA0 (0x13C50513) addi a0, a0, 0x13c
x10 <- 0x00000000002D413C
mem[X,0x0000000080003BA4] -> 0x1513
mem[X,0x0000000080003BA6] -> 0x00A5
[3822] [M]: 0x0000000080003BA4 (0x00A51513) slli a0, a0, 0xa
x10 <- 0x00000000B504F000
mem[X,0x0000000080003BA8] -> 0x0513
mem[X,0x0000000080003BAA] -> 0x3335
[3823] [M]: 0x0000000080003BA8 (0x33350513) addi a0, a0, 0x333
x10 <- 0x00000000B504F333
mem[X,0x0000000080003BAC] -> 0x0593
mem[X,0x0000000080003BAE] -> 0x0040
[3824] [M]: 0x0000000080003BAC (0x00400593) addi a1, zero, 0x4
x11 <- 0x0000000000000004
mem[X,0x0000000080003BB0] -> 0x063B
mem[X,0x0000000080003BB2] -> 0x40B5
[3825] [M]: 0x0000000080003BB0 (0x40B5063B) subw a2, a0, a1
x12 <- 0xFFFFFFFFB504F32F
mem[X,0x0000000080003BB4] -> 0xBC23
mem[X,0x0000000080003BB6] -> 0x28C2
[3826] [M]: 0x0000000080003BB4 (0x28C2BC23) sd a2, 0x298(t0)
mem[0x000000008000BC40] <- 0xFFFFFFFFB504F32F
mem[X,0x0000000080003BB8] -> 0x0537
mem[X,0x0000000080003BBA] -> 0x0000
[3827] [M]: 0x0000000080003BB8 (0x00000537) lui a0, 0x0
x10 <- 0x0000000000000000
mem[X,0x0000000080003BBC] -> 0x0513
mem[X,0x0000000080003BBE] -> 0x0005
[3828] [M]: 0x0000000080003BBC (0x00050513) addi a0, a0, 0x0
x10 <- 0x0000000000000000
mem[X,0x0000000080003BC0] -> 0x1513
mem[X,0x0000000080003BC2] -> 0x00B5
[3829] [M]: 0x0000000080003BC0 (0x00B51513) slli a0, a0, 0xb
x10 <- 0x0000000000000000
mem[X,0x0000000080003BC4] -> 0x0513
mem[X,0x0000000080003BC6] -> 0x5A85
[3830] [M]: 0x0000000080003BC4 (0x5A850513) addi a0, a0, 0x5a8
x10 <- 0x00000000000005A8
mem[X,0x0000000080003BC8] -> 0x1513
mem[X,0x0000000080003BCA] -> 0x00B5
[3831] [M]: 0x0000000080003BC8 (0x00B51513) slli a0, a0, 0xb
x10 <- 0x00000000002D4000
mem[X,0x0000000080003BCC] -> 0x0513
mem[X,0x0000000080003BCE] -> 0x13C5
[3832] [M]: 0x0000000080003BCC (0x13C50513) addi a0, a0, 0x13c
x10 <- 0x00000000002D413C
mem[X,0x0000000080003BD0] -> 0x1513
mem[X,0x0000000080003BD2] -> 0x00A5
[3833] [M]: 0x0000000080003BD0 (0x00A51513) slli a0, a0, 0xa
x10 <- 0x00000000B504F000
mem[X,0x0000000080003BD4] -> 0x0513
mem[X,0x0000000080003BD6] -> 0x3335
[3834] [M]: 0x0000000080003BD4 (0x33350513) addi a0, a0, 0x333
x10 <- 0x00000000B504F333
mem[X,0x0000000080003BD8] -> 0x35B7
mem[X,0x0000000080003BDA] -> 0x3333
[3835] [M]: 0x0000000080003BD8 (0x333335B7) lui a1, 0x33333
x11 <- 0x0000000033333000
mem[X,0x0000000080003BDC] -> 0x8593
mem[X,0x0000000080003BDE] -> 0x3335
[3836] [M]: 0x0000000080003BDC (0x33358593) addi a1, a1, 0x333
x11 <- 0x0000000033333333
mem[X,0x0000000080003BE0] -> 0x9593
mem[X,0x0000000080003BE2] -> 0x00B5
[3837] [M]: 0x0000000080003BE0 (0x00B59593) slli a1, a1, 0xb
x11 <- 0x0000019999999800
mem[X,0x0000000080003BE4] -> 0x8593
mem[X,0x0000000080003BE6] -> 0x1995
[3838] [M]: 0x0000000080003BE4 (0x19958593) addi a1, a1, 0x199
x11 <- 0x0000019999999999
mem[X,0x0000000080003BE8] -> 0x9593
mem[X,0x0000000080003BEA] -> 0x00B5
[3839] [M]: 0x0000000080003BE8 (0x00B59593) slli a1, a1, 0xb
x11 <- 0x000CCCCCCCCCC800
mem[X,0x0000000080003BEC] -> 0x8593
mem[X,0x0000000080003BEE] -> 0x4CC5
[3840] [M]: 0x0000000080003BEC (0x4CC58593) addi a1, a1, 0x4cc
x11 <- 0x000CCCCCCCCCCCCC
mem[X,0x0000000080003BF0] -> 0x9593
mem[X,0x0000000080003BF2] -> 0x00A5
[3841] [M]: 0x0000000080003BF0 (0x00A59593) slli a1, a1, 0xa
x11 <- 0x3333333333333000
mem[X,0x0000000080003BF4] -> 0x8593
mem[X,0x0000000080003BF6] -> 0x3325
[3842] [M]: 0x0000000080003BF4 (0x33258593) addi a1, a1, 0x332
x11 <- 0x3333333333333332
mem[X,0x0000000080003BF8] -> 0x063B
mem[X,0x0000000080003BFA] -> 0x40B5
[3843] [M]: 0x0000000080003BF8 (0x40B5063B) subw a2, a0, a1
x12 <- 0xFFFFFFFF81D1C001
mem[X,0x0000000080003BFC] -> 0xB023
mem[X,0x0000000080003BFE] -> 0x2AC2
[3844] [M]: 0x0000000080003BFC (0x2AC2B023) sd a2, 0x2a0(t0)
mem[0x000000008000BC48] <- 0xFFFFFFFF81D1C001
mem[X,0x0000000080003C00] -> 0x0537
mem[X,0x0000000080003C02] -> 0x0000
[3845] [M]: 0x0000000080003C00 (0x00000537) lui a0, 0x0
x10 <- 0x0000000000000000
mem[X,0x0000000080003C04] -> 0x0513
mem[X,0x0000000080003C06] -> 0x0005
[3846] [M]: 0x0000000080003C04 (0x00050513) addi a0, a0, 0x0
x10 <- 0x0000000000000000
mem[X,0x0000000080003C08] -> 0x1513
mem[X,0x0000000080003C0A] -> 0x00B5
[3847] [M]: 0x0000000080003C08 (0x00B51513) slli a0, a0, 0xb
x10 <- 0x0000000000000000
mem[X,0x0000000080003C0C] -> 0x0513
mem[X,0x0000000080003C0E] -> 0x5A85
[3848] [M]: 0x0000000080003C0C (0x5A850513) addi a0, a0, 0x5a8
x10 <- 0x00000000000005A8
mem[X,0x0000000080003C10] -> 0x1513
mem[X,0x0000000080003C12] -> 0x00B5
[3849] [M]: 0x0000000080003C10 (0x00B51513) slli a0, a0, 0xb
x10 <- 0x00000000002D4000
mem[X,0x0000000080003C14] -> 0x0513
mem[X,0x0000000080003C16] -> 0x13C5
[3850] [M]: 0x0000000080003C14 (0x13C50513) addi a0, a0, 0x13c
x10 <- 0x00000000002D413C
mem[X,0x0000000080003C18] -> 0x1513
mem[X,0x0000000080003C1A] -> 0x00A5
[3851] [M]: 0x0000000080003C18 (0x00A51513) slli a0, a0, 0xa
x10 <- 0x00000000B504F000
mem[X,0x0000000080003C1C] -> 0x0513
mem[X,0x0000000080003C1E] -> 0x3335
[3852] [M]: 0x0000000080003C1C (0x33350513) addi a0, a0, 0x333
x10 <- 0x00000000B504F333
mem[X,0x0000000080003C20] -> 0x65B7
mem[X,0x0000000080003C22] -> 0x6666
[3853] [M]: 0x0000000080003C20 (0x666665B7) lui a1, 0x66666
x11 <- 0x0000000066666000
mem[X,0x0000000080003C24] -> 0x8593
mem[X,0x0000000080003C26] -> 0x6665
[3854] [M]: 0x0000000080003C24 (0x66658593) addi a1, a1, 0x666
x11 <- 0x0000000066666666
mem[X,0x0000000080003C28] -> 0x9593
mem[X,0x0000000080003C2A] -> 0x00B5
[3855] [M]: 0x0000000080003C28 (0x00B59593) slli a1, a1, 0xb
x11 <- 0x0000033333333000
mem[X,0x0000000080003C2C] -> 0x8593
mem[X,0x0000000080003C2E] -> 0x3335
[3856] [M]: 0x0000000080003C2C (0x33358593) addi a1, a1, 0x333
x11 <- 0x0000033333333333
mem[X,0x0000000080003C30] -> 0x9593
mem[X,0x0000000080003C32] -> 0x00B5
[3857] [M]: 0x0000000080003C30 (0x00B59593) slli a1, a1, 0xb
x11 <- 0x0019999999999800
mem[X,0x0000000080003C34] -> 0x8593
mem[X,0x0000000080003C36] -> 0x1995
[3858] [M]: 0x0000000080003C34 (0x19958593) addi a1, a1, 0x199
x11 <- 0x0019999999999999
mem[X,0x0000000080003C38] -> 0x9593
mem[X,0x0000000080003C3A] -> 0x00A5
[3859] [M]: 0x0000000080003C38 (0x00A59593) slli a1, a1, 0xa
x11 <- 0x6666666666666400
mem[X,0x0000000080003C3C] -> 0x8593
mem[X,0x0000000080003C3E] -> 0x2655
[3860] [M]: 0x0000000080003C3C (0x26558593) addi a1, a1, 0x265
x11 <- 0x6666666666666665
mem[X,0x0000000080003C40] -> 0x063B
mem[X,0x0000000080003C42] -> 0x40B5
[3861] [M]: 0x0000000080003C40 (0x40B5063B) subw a2, a0, a1
x12 <- 0x000000004E9E8CCE
mem[X,0x0000000080003C44] -> 0xB423
mem[X,0x0000000080003C46] -> 0x2AC2
[3862] [M]: 0x0000000080003C44 (0x2AC2B423) sd a2, 0x2a8(t0)
mem[0x000000008000BC50] <- 0x000000004E9E8CCE
mem[X,0x0000000080003C48] -> 0x0537
mem[X,0x0000000080003C4A] -> 0x0000
[3863] [M]: 0x0000000080003C48 (0x00000537) lui a0, 0x0
x10 <- 0x0000000000000000
mem[X,0x0000000080003C4C] -> 0x0513
mem[X,0x0000000080003C4E] -> 0x0005
[3864] [M]: 0x0000000080003C4C (0x00050513) addi a0, a0, 0x0
x10 <- 0x0000000000000000
mem[X,0x0000000080003C50] -> 0x1513
mem[X,0x0000000080003C52] -> 0x00B5
[3865] [M]: 0x0000000080003C50 (0x00B51513) slli a0, a0, 0xb
x10 <- 0x0000000000000000
mem[X,0x0000000080003C54] -> 0x0513
mem[X,0x0000000080003C56] -> 0x5A85
[3866] [M]: 0x0000000080003C54 (0x5A850513) addi a0, a0, 0x5a8
x10 <- 0x00000000000005A8
mem[X,0x0000000080003C58] -> 0x1513
mem[X,0x0000000080003C5A] -> 0x00B5
[3867] [M]: 0x0000000080003C58 (0x00B51513) slli a0, a0, 0xb
x10 <- 0x00000000002D4000
mem[X,0x0000000080003C5C] -> 0x0513
mem[X,0x0000000080003C5E] -> 0x13C5
[3868] [M]: 0x0000000080003C5C (0x13C50513) addi a0, a0, 0x13c
x10 <- 0x00000000002D413C
mem[X,0x0000000080003C60] -> 0x1513
mem[X,0x0000000080003C62] -> 0x00A5
[3869] [M]: 0x0000000080003C60 (0x00A51513) slli a0, a0, 0xa
x10 <- 0x00000000B504F000
mem[X,0x0000000080003C64] -> 0x0513
mem[X,0x0000000080003C66] -> 0x3335
[3870] [M]: 0x0000000080003C64 (0x33350513) addi a0, a0, 0x333
x10 <- 0x00000000B504F333
mem[X,0x0000000080003C68] -> 0x05B7
mem[X,0x0000000080003C6A] -> 0x0000
[3871] [M]: 0x0000000080003C68 (0x000005B7) lui a1, 0x0
x11 <- 0x0000000000000000
mem[X,0x0000000080003C6C] -> 0x8593
mem[X,0x0000000080003C6E] -> 0x0005
[3872] [M]: 0x0000000080003C6C (0x00058593) addi a1, a1, 0x0
x11 <- 0x0000000000000000
mem[X,0x0000000080003C70] -> 0x9593
mem[X,0x0000000080003C72] -> 0x00B5
[3873] [M]: 0x0000000080003C70 (0x00B59593) slli a1, a1, 0xb
x11 <- 0x0000000000000000
mem[X,0x0000000080003C74] -> 0x8593
mem[X,0x0000000080003C76] -> 0x5A85
[3874] [M]: 0x0000000080003C74 (0x5A858593) addi a1, a1, 0x5a8
x11 <- 0x00000000000005A8
mem[X,0x0000000080003C78] -> 0x9593
mem[X,0x0000000080003C7A] -> 0x00B5
[3875] [M]: 0x0000000080003C78 (0x00B59593) slli a1, a1, 0xb
x11 <- 0x00000000002D4000
mem[X,0x0000000080003C7C] -> 0x8593
mem[X,0x0000000080003C7E] -> 0x13C5
[3876] [M]: 0x0000000080003C7C (0x13C58593) addi a1, a1, 0x13c
x11 <- 0x00000000002D413C
mem[X,0x0000000080003C80] -> 0x9593
mem[X,0x0000000080003C82] -> 0x00A5
[3877] [M]: 0x0000000080003C80 (0x00A59593) slli a1, a1, 0xa
x11 <- 0x00000000B504F000
mem[X,0x0000000080003C84] -> 0x8593
mem[X,0x0000000080003C86] -> 0x3325
[3878] [M]: 0x0000000080003C84 (0x33258593) addi a1, a1, 0x332
x11 <- 0x00000000B504F332
mem[X,0x0000000080003C88] -> 0x063B
mem[X,0x0000000080003C8A] -> 0x40B5
[3879] [M]: 0x0000000080003C88 (0x40B5063B) subw a2, a0, a1
x12 <- 0x0000000000000001
mem[X,0x0000000080003C8C] -> 0xB823
mem[X,0x0000000080003C8E] -> 0x2AC2
[3880] [M]: 0x0000000080003C8C (0x2AC2B823) sd a2, 0x2b0(t0)
mem[0x000000008000BC58] <- 0x0000000000000001
mem[X,0x0000000080003C90] -> 0x0537
mem[X,0x0000000080003C92] -> 0x0000
[3881] [M]: 0x0000000080003C90 (0x00000537) lui a0, 0x0
x10 <- 0x0000000000000000
mem[X,0x0000000080003C94] -> 0x0513
mem[X,0x0000000080003C96] -> 0x0005
[3882] [M]: 0x0000000080003C94 (0x00050513) addi a0, a0, 0x0
x10 <- 0x0000000000000000
mem[X,0x0000000080003C98] -> 0x1513
mem[X,0x0000000080003C9A] -> 0x00B5
[3883] [M]: 0x0000000080003C98 (0x00B51513) slli a0, a0, 0xb
x10 <- 0x0000000000000000
mem[X,0x0000000080003C9C] -> 0x0513
mem[X,0x0000000080003C9E] -> 0x5A85
[3884] [M]: 0x0000000080003C9C (0x5A850513) addi a0, a0, 0x5a8
x10 <- 0x00000000000005A8
mem[X,0x0000000080003CA0] -> 0x1513
mem[X,0x0000000080003CA2] -> 0x00B5
[3885] [M]: 0x0000000080003CA0 (0x00B51513) slli a0, a0, 0xb
x10 <- 0x00000000002D4000
mem[X,0x0000000080003CA4] -> 0x0513
mem[X,0x0000000080003CA6] -> 0x13C5
[3886] [M]: 0x0000000080003CA4 (0x13C50513) addi a0, a0, 0x13c
x10 <- 0x00000000002D413C
mem[X,0x0000000080003CA8] -> 0x1513
mem[X,0x0000000080003CAA] -> 0x00A5
[3887] [M]: 0x0000000080003CA8 (0x00A51513) slli a0, a0, 0xa
x10 <- 0x00000000B504F000
mem[X,0x0000000080003CAC] -> 0x0513
mem[X,0x0000000080003CAE] -> 0x3335
[3888] [M]: 0x0000000080003CAC (0x33350513) addi a0, a0, 0x333
x10 <- 0x00000000B504F333
mem[X,0x0000000080003CB0] -> 0x55B7
mem[X,0x0000000080003CB2] -> 0x5555
[3889] [M]: 0x0000000080003CB0 (0x555555B7) lui a1, 0x55555
x11 <- 0x0000000055555000
mem[X,0x0000000080003CB4] -> 0x8593
mem[X,0x0000000080003CB6] -> 0x5555
[3890] [M]: 0x0000000080003CB4 (0x55558593) addi a1, a1, 0x555
x11 <- 0x0000000055555555
mem[X,0x0000000080003CB8] -> 0x9593
mem[X,0x0000000080003CBA] -> 0x00B5
[3891] [M]: 0x0000000080003CB8 (0x00B59593) slli a1, a1, 0xb
x11 <- 0x000002AAAAAAA800
mem[X,0x0000000080003CBC] -> 0x8593
mem[X,0x0000000080003CBE] -> 0x2AA5
[3892] [M]: 0x0000000080003CBC (0x2AA58593) addi a1, a1, 0x2aa
x11 <- 0x000002AAAAAAAAAA
mem[X,0x0000000080003CC0] -> 0x9593
mem[X,0x0000000080003CC2] -> 0x00B5
[3893] [M]: 0x0000000080003CC0 (0x00B59593) slli a1, a1, 0xb
x11 <- 0x0015555555555000
mem[X,0x0000000080003CC4] -> 0x8593
mem[X,0x0000000080003CC6] -> 0x5555
[3894] [M]: 0x0000000080003CC4 (0x55558593) addi a1, a1, 0x555
x11 <- 0x0015555555555555
mem[X,0x0000000080003CC8] -> 0x9593
mem[X,0x0000000080003CCA] -> 0x00A5
[3895] [M]: 0x0000000080003CC8 (0x00A59593) slli a1, a1, 0xa
x11 <- 0x5555555555555400
mem[X,0x0000000080003CCC] -> 0x8593
mem[X,0x0000000080003CCE] -> 0x1565
[3896] [M]: 0x0000000080003CCC (0x15658593) addi a1, a1, 0x156
x11 <- 0x5555555555555556
mem[X,0x0000000080003CD0] -> 0x063B
mem[X,0x0000000080003CD2] -> 0x40B5
[3897] [M]: 0x0000000080003CD0 (0x40B5063B) subw a2, a0, a1
x12 <- 0x000000005FAF9DDD
mem[X,0x0000000080003CD4] -> 0xBC23
mem[X,0x0000000080003CD6] -> 0x2AC2
[3898] [M]: 0x0000000080003CD4 (0x2AC2BC23) sd a2, 0x2b8(t0)
mem[0x000000008000BC60] <- 0x000000005FAF9DDD
mem[X,0x0000000080003CD8] -> 0x0537
mem[X,0x0000000080003CDA] -> 0x0000
[3899] [M]: 0x0000000080003CD8 (0x00000537) lui a0, 0x0
x10 <- 0x0000000000000000
clint::tick mtime <- 0x0000000000000027
 clint timer pending at mtime 0x0000000000000027
htif::tick 0x0000000000000000
mem[X,0x0000000080003CDC] -> 0x0513
mem[X,0x0000000080003CDE] -> 0x0005
[3900] [M]: 0x0000000080003CDC (0x00050513) addi a0, a0, 0x0
x10 <- 0x0000000000000000
mem[X,0x0000000080003CE0] -> 0x1513
mem[X,0x0000000080003CE2] -> 0x00B5
[3901] [M]: 0x0000000080003CE0 (0x00B51513) slli a0, a0, 0xb
x10 <- 0x0000000000000000
mem[X,0x0000000080003CE4] -> 0x0513
mem[X,0x0000000080003CE6] -> 0x5A85
[3902] [M]: 0x0000000080003CE4 (0x5A850513) addi a0, a0, 0x5a8
x10 <- 0x00000000000005A8
mem[X,0x0000000080003CE8] -> 0x1513
mem[X,0x0000000080003CEA] -> 0x00B5
[3903] [M]: 0x0000000080003CE8 (0x00B51513) slli a0, a0, 0xb
x10 <- 0x00000000002D4000
mem[X,0x0000000080003CEC] -> 0x0513
mem[X,0x0000000080003CEE] -> 0x13C5
[3904] [M]: 0x0000000080003CEC (0x13C50513) addi a0, a0, 0x13c
x10 <- 0x00000000002D413C
mem[X,0x0000000080003CF0] -> 0x1513
mem[X,0x0000000080003CF2] -> 0x00A5
[3905] [M]: 0x0000000080003CF0 (0x00A51513) slli a0, a0, 0xa
x10 <- 0x00000000B504F000
mem[X,0x0000000080003CF4] -> 0x0513
mem[X,0x0000000080003CF6] -> 0x3335
[3906] [M]: 0x0000000080003CF4 (0x33350513) addi a0, a0, 0x333
x10 <- 0x00000000B504F333
mem[X,0x0000000080003CF8] -> 0xB5B7
mem[X,0x0000000080003CFA] -> 0xAAAA
[3907] [M]: 0x0000000080003CF8 (0xAAAAB5B7) lui a1, -0x55555
x11 <- 0xFFFFFFFFAAAAB000
mem[X,0x0000000080003CFC] -> 0x8593
mem[X,0x0000000080003CFE] -> 0xAAA5
[3908] [M]: 0x0000000080003CFC (0xAAA58593) addi a1, a1, -0x556
x11 <- 0xFFFFFFFFAAAAAAAA
mem[X,0x0000000080003D00] -> 0x9593
mem[X,0x0000000080003D02] -> 0x00B5
[3909] [M]: 0x0000000080003D00 (0x00B59593) slli a1, a1, 0xb
x11 <- 0xFFFFFD5555555000
mem[X,0x0000000080003D04] -> 0x8593
mem[X,0x0000000080003D06] -> 0x5555
[3910] [M]: 0x0000000080003D04 (0x55558593) addi a1, a1, 0x555
x11 <- 0xFFFFFD5555555555
mem[X,0x0000000080003D08] -> 0x9593
mem[X,0x0000000080003D0A] -> 0x00B5
[3911] [M]: 0x0000000080003D08 (0x00B59593) slli a1, a1, 0xb
x11 <- 0xFFEAAAAAAAAAA800
mem[X,0x0000000080003D0C] -> 0x8593
mem[X,0x0000000080003D0E] -> 0x2AA5
[3912] [M]: 0x0000000080003D0C (0x2AA58593) addi a1, a1, 0x2aa
x11 <- 0xFFEAAAAAAAAAAAAA
mem[X,0x0000000080003D10] -> 0x9593
mem[X,0x0000000080003D12] -> 0x00A5
[3913] [M]: 0x0000000080003D10 (0x00A59593) slli a1, a1, 0xa
x11 <- 0xAAAAAAAAAAAAA800
mem[X,0x0000000080003D14] -> 0x8593
mem[X,0x0000000080003D16] -> 0x2AB5
[3914] [M]: 0x0000000080003D14 (0x2AB58593) addi a1, a1, 0x2ab
x11 <- 0xAAAAAAAAAAAAAAAB
mem[X,0x0000000080003D18] -> 0x063B
mem[X,0x0000000080003D1A] -> 0x40B5
[3915] [M]: 0x0000000080003D18 (0x40B5063B) subw a2, a0, a1
x12 <- 0x000000000A5A4888
mem[X,0x0000000080003D1C] -> 0xB023
mem[X,0x0000000080003D1E] -> 0x2CC2
[3916] [M]: 0x0000000080003D1C (0x2CC2B023) sd a2, 0x2c0(t0)
mem[0x000000008000BC68] <- 0x000000000A5A4888
mem[X,0x0000000080003D20] -> 0x0537
mem[X,0x0000000080003D22] -> 0x0000
[3917] [M]: 0x0000000080003D20 (0x00000537) lui a0, 0x0
x10 <- 0x0000000000000000
mem[X,0x0000000080003D24] -> 0x0513
mem[X,0x0000000080003D26] -> 0x0005
[3918] [M]: 0x0000000080003D24 (0x00050513) addi a0, a0, 0x0
x10 <- 0x0000000000000000
mem[X,0x0000000080003D28] -> 0x1513
mem[X,0x0000000080003D2A] -> 0x00B5
[3919] [M]: 0x0000000080003D28 (0x00B51513) slli a0, a0, 0xb
x10 <- 0x0000000000000000
mem[X,0x0000000080003D2C] -> 0x0513
mem[X,0x0000000080003D2E] -> 0x5A85
[3920] [M]: 0x0000000080003D2C (0x5A850513) addi a0, a0, 0x5a8
x10 <- 0x00000000000005A8
mem[X,0x0000000080003D30] -> 0x1513
mem[X,0x0000000080003D32] -> 0x00B5
[3921] [M]: 0x0000000080003D30 (0x00B51513) slli a0, a0, 0xb
x10 <- 0x00000000002D4000
mem[X,0x0000000080003D34] -> 0x0513
mem[X,0x0000000080003D36] -> 0x13C5
[3922] [M]: 0x0000000080003D34 (0x13C50513) addi a0, a0, 0x13c
x10 <- 0x00000000002D413C
mem[X,0x0000000080003D38] -> 0x1513
mem[X,0x0000000080003D3A] -> 0x00A5
[3923] [M]: 0x0000000080003D38 (0x00A51513) slli a0, a0, 0xa
x10 <- 0x00000000B504F000
mem[X,0x0000000080003D3C] -> 0x0513
mem[X,0x0000000080003D3E] -> 0x3335
[3924] [M]: 0x0000000080003D3C (0x33350513) addi a0, a0, 0x333
x10 <- 0x00000000B504F333
mem[X,0x0000000080003D40] -> 0x0593
mem[X,0x0000000080003D42] -> 0x0060
[3925] [M]: 0x0000000080003D40 (0x00600593) addi a1, zero, 0x6
x11 <- 0x0000000000000006
mem[X,0x0000000080003D44] -> 0x063B
mem[X,0x0000000080003D46] -> 0x40B5
[3926] [M]: 0x0000000080003D44 (0x40B5063B) subw a2, a0, a1
x12 <- 0xFFFFFFFFB504F32D
mem[X,0x0000000080003D48] -> 0xB423
mem[X,0x0000000080003D4A] -> 0x2CC2
[3927] [M]: 0x0000000080003D48 (0x2CC2B423) sd a2, 0x2c8(t0)
mem[0x000000008000BC70] <- 0xFFFFFFFFB504F32D
mem[X,0x0000000080003D4C] -> 0x0537
mem[X,0x0000000080003D4E] -> 0x0000
[3928] [M]: 0x0000000080003D4C (0x00000537) lui a0, 0x0
x10 <- 0x0000000000000000
mem[X,0x0000000080003D50] -> 0x0513
mem[X,0x0000000080003D52] -> 0x0005
[3929] [M]: 0x0000000080003D50 (0x00050513) addi a0, a0, 0x0
x10 <- 0x0000000000000000
mem[X,0x0000000080003D54] -> 0x1513
mem[X,0x0000000080003D56] -> 0x00B5
[3930] [M]: 0x0000000080003D54 (0x00B51513) slli a0, a0, 0xb
x10 <- 0x0000000000000000
mem[X,0x0000000080003D58] -> 0x0513
mem[X,0x0000000080003D5A] -> 0x5A85
[3931] [M]: 0x0000000080003D58 (0x5A850513) addi a0, a0, 0x5a8
x10 <- 0x00000000000005A8
mem[X,0x0000000080003D5C] -> 0x1513
mem[X,0x0000000080003D5E] -> 0x00B5
[3932] [M]: 0x0000000080003D5C (0x00B51513) slli a0, a0, 0xb
x10 <- 0x00000000002D4000
mem[X,0x0000000080003D60] -> 0x0513
mem[X,0x0000000080003D62] -> 0x13C5
[3933] [M]: 0x0000000080003D60 (0x13C50513) addi a0, a0, 0x13c
x10 <- 0x00000000002D413C
mem[X,0x0000000080003D64] -> 0x1513
mem[X,0x0000000080003D66] -> 0x00A5
[3934] [M]: 0x0000000080003D64 (0x00A51513) slli a0, a0, 0xa
x10 <- 0x00000000B504F000
mem[X,0x0000000080003D68] -> 0x0513
mem[X,0x0000000080003D6A] -> 0x3335
[3935] [M]: 0x0000000080003D68 (0x33350513) addi a0, a0, 0x333
x10 <- 0x00000000B504F333
mem[X,0x0000000080003D6C] -> 0x35B7
mem[X,0x0000000080003D6E] -> 0x3333
[3936] [M]: 0x0000000080003D6C (0x333335B7) lui a1, 0x33333
x11 <- 0x0000000033333000
mem[X,0x0000000080003D70] -> 0x8593
mem[X,0x0000000080003D72] -> 0x3335
[3937] [M]: 0x0000000080003D70 (0x33358593) addi a1, a1, 0x333
x11 <- 0x0000000033333333
mem[X,0x0000000080003D74] -> 0x9593
mem[X,0x0000000080003D76] -> 0x00B5
[3938] [M]: 0x0000000080003D74 (0x00B59593) slli a1, a1, 0xb
x11 <- 0x0000019999999800
mem[X,0x0000000080003D78] -> 0x8593
mem[X,0x0000000080003D7A] -> 0x1995
[3939] [M]: 0x0000000080003D78 (0x19958593) addi a1, a1, 0x199
x11 <- 0x0000019999999999
mem[X,0x0000000080003D7C] -> 0x9593
mem[X,0x0000000080003D7E] -> 0x00B5
[3940] [M]: 0x0000000080003D7C (0x00B59593) slli a1, a1, 0xb
x11 <- 0x000CCCCCCCCCC800
mem[X,0x0000000080003D80] -> 0x8593
mem[X,0x0000000080003D82] -> 0x4CC5
[3941] [M]: 0x0000000080003D80 (0x4CC58593) addi a1, a1, 0x4cc
x11 <- 0x000CCCCCCCCCCCCC
mem[X,0x0000000080003D84] -> 0x9593
mem[X,0x0000000080003D86] -> 0x00A5
[3942] [M]: 0x0000000080003D84 (0x00A59593) slli a1, a1, 0xa
x11 <- 0x3333333333333000
mem[X,0x0000000080003D88] -> 0x8593
mem[X,0x0000000080003D8A] -> 0x3345
[3943] [M]: 0x0000000080003D88 (0x33458593) addi a1, a1, 0x334
x11 <- 0x3333333333333334
mem[X,0x0000000080003D8C] -> 0x063B
mem[X,0x0000000080003D8E] -> 0x40B5
[3944] [M]: 0x0000000080003D8C (0x40B5063B) subw a2, a0, a1
x12 <- 0xFFFFFFFF81D1BFFF
mem[X,0x0000000080003D90] -> 0xB823
mem[X,0x0000000080003D92] -> 0x2CC2
[3945] [M]: 0x0000000080003D90 (0x2CC2B823) sd a2, 0x2d0(t0)
mem[0x000000008000BC78] <- 0xFFFFFFFF81D1BFFF
mem[X,0x0000000080003D94] -> 0x0537
mem[X,0x0000000080003D96] -> 0x0000
[3946] [M]: 0x0000000080003D94 (0x00000537) lui a0, 0x0
x10 <- 0x0000000000000000
mem[X,0x0000000080003D98] -> 0x0513
mem[X,0x0000000080003D9A] -> 0x0005
[3947] [M]: 0x0000000080003D98 (0x00050513) addi a0, a0, 0x0
x10 <- 0x0000000000000000
mem[X,0x0000000080003D9C] -> 0x1513
mem[X,0x0000000080003D9E] -> 0x00B5
[3948] [M]: 0x0000000080003D9C (0x00B51513) slli a0, a0, 0xb
x10 <- 0x0000000000000000
mem[X,0x0000000080003DA0] -> 0x0513
mem[X,0x0000000080003DA2] -> 0x5A85
[3949] [M]: 0x0000000080003DA0 (0x5A850513) addi a0, a0, 0x5a8
x10 <- 0x00000000000005A8
mem[X,0x0000000080003DA4] -> 0x1513
mem[X,0x0000000080003DA6] -> 0x00B5
[3950] [M]: 0x0000000080003DA4 (0x00B51513) slli a0, a0, 0xb
x10 <- 0x00000000002D4000
mem[X,0x0000000080003DA8] -> 0x0513
mem[X,0x0000000080003DAA] -> 0x13C5
[3951] [M]: 0x0000000080003DA8 (0x13C50513) addi a0, a0, 0x13c
x10 <- 0x00000000002D413C
mem[X,0x0000000080003DAC] -> 0x1513
mem[X,0x0000000080003DAE] -> 0x00A5
[3952] [M]: 0x0000000080003DAC (0x00A51513) slli a0, a0, 0xa
x10 <- 0x00000000B504F000
mem[X,0x0000000080003DB0] -> 0x0513
mem[X,0x0000000080003DB2] -> 0x3335
[3953] [M]: 0x0000000080003DB0 (0x33350513) addi a0, a0, 0x333
x10 <- 0x00000000B504F333
mem[X,0x0000000080003DB4] -> 0x65B7
mem[X,0x0000000080003DB6] -> 0x6666
[3954] [M]: 0x0000000080003DB4 (0x666665B7) lui a1, 0x66666
x11 <- 0x0000000066666000
mem[X,0x0000000080003DB8] -> 0x8593
mem[X,0x0000000080003DBA] -> 0x6665
[3955] [M]: 0x0000000080003DB8 (0x66658593) addi a1, a1, 0x666
x11 <- 0x0000000066666666
mem[X,0x0000000080003DBC] -> 0x9593
mem[X,0x0000000080003DBE] -> 0x00B5
[3956] [M]: 0x0000000080003DBC (0x00B59593) slli a1, a1, 0xb
x11 <- 0x0000033333333000
mem[X,0x0000000080003DC0] -> 0x8593
mem[X,0x0000000080003DC2] -> 0x3335
[3957] [M]: 0x0000000080003DC0 (0x33358593) addi a1, a1, 0x333
x11 <- 0x0000033333333333
mem[X,0x0000000080003DC4] -> 0x9593
mem[X,0x0000000080003DC6] -> 0x00B5
[3958] [M]: 0x0000000080003DC4 (0x00B59593) slli a1, a1, 0xb
x11 <- 0x0019999999999800
mem[X,0x0000000080003DC8] -> 0x8593
mem[X,0x0000000080003DCA] -> 0x1995
[3959] [M]: 0x0000000080003DC8 (0x19958593) addi a1, a1, 0x199
x11 <- 0x0019999999999999
mem[X,0x0000000080003DCC] -> 0x9593
mem[X,0x0000000080003DCE] -> 0x00A5
[3960] [M]: 0x0000000080003DCC (0x00A59593) slli a1, a1, 0xa
x11 <- 0x6666666666666400
mem[X,0x0000000080003DD0] -> 0x8593
mem[X,0x0000000080003DD2] -> 0x2675
[3961] [M]: 0x0000000080003DD0 (0x26758593) addi a1, a1, 0x267
x11 <- 0x6666666666666667
mem[X,0x0000000080003DD4] -> 0x063B
mem[X,0x0000000080003DD6] -> 0x40B5
[3962] [M]: 0x0000000080003DD4 (0x40B5063B) subw a2, a0, a1
x12 <- 0x000000004E9E8CCC
mem[X,0x0000000080003DD8] -> 0xBC23
mem[X,0x0000000080003DDA] -> 0x2CC2
[3963] [M]: 0x0000000080003DD8 (0x2CC2BC23) sd a2, 0x2d8(t0)
mem[0x000000008000BC80] <- 0x000000004E9E8CCC
mem[X,0x0000000080003DDC] -> 0x0537
mem[X,0x0000000080003DDE] -> 0x0000
[3964] [M]: 0x0000000080003DDC (0x00000537) lui a0, 0x0
x10 <- 0x0000000000000000
mem[X,0x0000000080003DE0] -> 0x0513
mem[X,0x0000000080003DE2] -> 0x0005
[3965] [M]: 0x0000000080003DE0 (0x00050513) addi a0, a0, 0x0
x10 <- 0x0000000000000000
mem[X,0x0000000080003DE4] -> 0x1513
mem[X,0x0000000080003DE6] -> 0x00B5
[3966] [M]: 0x0000000080003DE4 (0x00B51513) slli a0, a0, 0xb
x10 <- 0x0000000000000000
mem[X,0x0000000080003DE8] -> 0x0513
mem[X,0x0000000080003DEA] -> 0x5A85
[3967] [M]: 0x0000000080003DE8 (0x5A850513) addi a0, a0, 0x5a8
x10 <- 0x00000000000005A8
mem[X,0x0000000080003DEC] -> 0x1513
mem[X,0x0000000080003DEE] -> 0x00B5
[3968] [M]: 0x0000000080003DEC (0x00B51513) slli a0, a0, 0xb
x10 <- 0x00000000002D4000
mem[X,0x0000000080003DF0] -> 0x0513
mem[X,0x0000000080003DF2] -> 0x13C5
[3969] [M]: 0x0000000080003DF0 (0x13C50513) addi a0, a0, 0x13c
x10 <- 0x00000000002D413C
mem[X,0x0000000080003DF4] -> 0x1513
mem[X,0x0000000080003DF6] -> 0x00A5
[3970] [M]: 0x0000000080003DF4 (0x00A51513) slli a0, a0, 0xa
x10 <- 0x00000000B504F000
mem[X,0x0000000080003DF8] -> 0x0513
mem[X,0x0000000080003DFA] -> 0x3335
[3971] [M]: 0x0000000080003DF8 (0x33350513) addi a0, a0, 0x333
x10 <- 0x00000000B504F333
mem[X,0x0000000080003DFC] -> 0x05B7
mem[X,0x0000000080003DFE] -> 0x0000
[3972] [M]: 0x0000000080003DFC (0x000005B7) lui a1, 0x0
x11 <- 0x0000000000000000
mem[X,0x0000000080003E00] -> 0x8593
mem[X,0x0000000080003E02] -> 0xFFF5
[3973] [M]: 0x0000000080003E00 (0xFFF58593) addi a1, a1, -0x1
x11 <- 0xFFFFFFFFFFFFFFFF
mem[X,0x0000000080003E04] -> 0x9593
mem[X,0x0000000080003E06] -> 0x00B5
[3974] [M]: 0x0000000080003E04 (0x00B59593) slli a1, a1, 0xb
x11 <- 0xFFFFFFFFFFFFF800
mem[X,0x0000000080003E08] -> 0x8593
mem[X,0x0000000080003E0A] -> 0x2575
[3975] [M]: 0x0000000080003E08 (0x25758593) addi a1, a1, 0x257
x11 <- 0xFFFFFFFFFFFFFA57
mem[X,0x0000000080003E0C] -> 0x9593
mem[X,0x0000000080003E0E] -> 0x00B5
[3976] [M]: 0x0000000080003E0C (0x00B59593) slli a1, a1, 0xb
x11 <- 0xFFFFFFFFFFD2B800
mem[X,0x0000000080003E10] -> 0x8593
mem[X,0x0000000080003E12] -> 0x6C35
[3977] [M]: 0x0000000080003E10 (0x6C358593) addi a1, a1, 0x6c3
x11 <- 0xFFFFFFFFFFD2BEC3
mem[X,0x0000000080003E14] -> 0x9593
mem[X,0x0000000080003E16] -> 0x00A5
[3978] [M]: 0x0000000080003E14 (0x00A59593) slli a1, a1, 0xa
x11 <- 0xFFFFFFFF4AFB0C00
mem[X,0x0000000080003E18] -> 0x8593
mem[X,0x0000000080003E1A] -> 0x0CE5
[3979] [M]: 0x0000000080003E18 (0x0CE58593) addi a1, a1, 0xce
x11 <- 0xFFFFFFFF4AFB0CCE
mem[X,0x0000000080003E1C] -> 0x063B
mem[X,0x0000000080003E1E] -> 0x40B5
[3980] [M]: 0x0000000080003E1C (0x40B5063B) subw a2, a0, a1
x12 <- 0x000000006A09E665
mem[X,0x0000000080003E20] -> 0xB023
mem[X,0x0000000080003E22] -> 0x2EC2
[3981] [M]: 0x0000000080003E20 (0x2EC2B023) sd a2, 0x2e0(t0)
mem[0x000000008000BC88] <- 0x000000006A09E665
mem[X,0x0000000080003E24] -> 0x0537
mem[X,0x0000000080003E26] -> 0x0000
[3982] [M]: 0x0000000080003E24 (0x00000537) lui a0, 0x0
x10 <- 0x0000000000000000
mem[X,0x0000000080003E28] -> 0x0513
mem[X,0x0000000080003E2A] -> 0x0005
[3983] [M]: 0x0000000080003E28 (0x00050513) addi a0, a0, 0x0
x10 <- 0x0000000000000000
mem[X,0x0000000080003E2C] -> 0x1513
mem[X,0x0000000080003E2E] -> 0x00B5
[3984] [M]: 0x0000000080003E2C (0x00B51513) slli a0, a0, 0xb
x10 <- 0x0000000000000000
mem[X,0x0000000080003E30] -> 0x0513
mem[X,0x0000000080003E32] -> 0x5A85
[3985] [M]: 0x0000000080003E30 (0x5A850513) addi a0, a0, 0x5a8
x10 <- 0x00000000000005A8
mem[X,0x0000000080003E34] -> 0x1513
mem[X,0x0000000080003E36] -> 0x00B5
[3986] [M]: 0x0000000080003E34 (0x00B51513) slli a0, a0, 0xb
x10 <- 0x00000000002D4000
mem[X,0x0000000080003E38] -> 0x0513
mem[X,0x0000000080003E3A] -> 0x13C5
[3987] [M]: 0x0000000080003E38 (0x13C50513) addi a0, a0, 0x13c
x10 <- 0x00000000002D413C
mem[X,0x0000000080003E3C] -> 0x1513
mem[X,0x0000000080003E3E] -> 0x00A5
[3988] [M]: 0x0000000080003E3C (0x00A51513) slli a0, a0, 0xa
x10 <- 0x00000000B504F000
mem[X,0x0000000080003E40] -> 0x0513
mem[X,0x0000000080003E42] -> 0x3335
[3989] [M]: 0x0000000080003E40 (0x33350513) addi a0, a0, 0x333
x10 <- 0x00000000B504F333
mem[X,0x0000000080003E44] -> 0x05B7
mem[X,0x0000000080003E46] -> 0x0000
[3990] [M]: 0x0000000080003E44 (0x000005B7) lui a1, 0x0
x11 <- 0x0000000000000000
mem[X,0x0000000080003E48] -> 0x8593
mem[X,0x0000000080003E4A] -> 0x0005
[3991] [M]: 0x0000000080003E48 (0x00058593) addi a1, a1, 0x0
x11 <- 0x0000000000000000
mem[X,0x0000000080003E4C] -> 0x9593
mem[X,0x0000000080003E4E] -> 0x00B5
[3992] [M]: 0x0000000080003E4C (0x00B59593) slli a1, a1, 0xb
x11 <- 0x0000000000000000
mem[X,0x0000000080003E50] -> 0x8593
mem[X,0x0000000080003E52] -> 0x5A85
[3993] [M]: 0x0000000080003E50 (0x5A858593) addi a1, a1, 0x5a8
x11 <- 0x00000000000005A8
mem[X,0x0000000080003E54] -> 0x9593
mem[X,0x0000000080003E56] -> 0x00B5
[3994] [M]: 0x0000000080003E54 (0x00B59593) slli a1, a1, 0xb
x11 <- 0x00000000002D4000
mem[X,0x0000000080003E58] -> 0x8593
mem[X,0x0000000080003E5A] -> 0x13C5
[3995] [M]: 0x0000000080003E58 (0x13C58593) addi a1, a1, 0x13c
x11 <- 0x00000000002D413C
mem[X,0x0000000080003E5C] -> 0x9593
mem[X,0x0000000080003E5E] -> 0x00A5
[3996] [M]: 0x0000000080003E5C (0x00A59593) slli a1, a1, 0xa
x11 <- 0x00000000B504F000
mem[X,0x0000000080003E60] -> 0x8593
mem[X,0x0000000080003E62] -> 0x3345
[3997] [M]: 0x0000000080003E60 (0x33458593) addi a1, a1, 0x334
x11 <- 0x00000000B504F334
mem[X,0x0000000080003E64] -> 0x063B
mem[X,0x0000000080003E66] -> 0x40B5
[3998] [M]: 0x0000000080003E64 (0x40B5063B) subw a2, a0, a1
x12 <- 0xFFFFFFFFFFFFFFFF
mem[X,0x0000000080003E68] -> 0xB423
mem[X,0x0000000080003E6A] -> 0x2EC2
[3999] [M]: 0x0000000080003E68 (0x2EC2B423) sd a2, 0x2e8(t0)
mem[0x000000008000BC90] <- 0xFFFFFFFFFFFFFFFF
clint::tick mtime <- 0x0000000000000028
 clint timer pending at mtime 0x0000000000000028
htif::tick 0x0000000000000000
mem[X,0x0000000080003E6C] -> 0x0513
mem[X,0x0000000080003E6E] -> 0x0020
[4000] [M]: 0x0000000080003E6C (0x00200513) addi a0, zero, 0x2
x10 <- 0x0000000000000002
mem[X,0x0000000080003E70] -> 0x0593
mem[X,0x0000000080003E72] -> 0x0030
[4001] [M]: 0x0000000080003E70 (0x00300593) addi a1, zero, 0x3
x11 <- 0x0000000000000003
mem[X,0x0000000080003E74] -> 0x063B
mem[X,0x0000000080003E76] -> 0x40B5
[4002] [M]: 0x0000000080003E74 (0x40B5063B) subw a2, a0, a1
x12 <- 0xFFFFFFFFFFFFFFFF
mem[X,0x0000000080003E78] -> 0xB823
mem[X,0x0000000080003E7A] -> 0x2EC2
[4003] [M]: 0x0000000080003E78 (0x2EC2B823) sd a2, 0x2f0(t0)
mem[0x000000008000BC98] <- 0xFFFFFFFFFFFFFFFF
mem[X,0x0000000080003E7C] -> 0x0513
mem[X,0x0000000080003E7E] -> 0x0020
[4004] [M]: 0x0000000080003E7C (0x00200513) addi a0, zero, 0x2
x10 <- 0x0000000000000002
mem[X,0x0000000080003E80] -> 0x55B7
mem[X,0x0000000080003E82] -> 0x5555
[4005] [M]: 0x0000000080003E80 (0x555555B7) lui a1, 0x55555
x11 <- 0x0000000055555000
mem[X,0x0000000080003E84] -> 0x8593
mem[X,0x0000000080003E86] -> 0x5555
[4006] [M]: 0x0000000080003E84 (0x55558593) addi a1, a1, 0x555
x11 <- 0x0000000055555555
mem[X,0x0000000080003E88] -> 0x9593
mem[X,0x0000000080003E8A] -> 0x00B5
[4007] [M]: 0x0000000080003E88 (0x00B59593) slli a1, a1, 0xb
x11 <- 0x000002AAAAAAA800
mem[X,0x0000000080003E8C] -> 0x8593
mem[X,0x0000000080003E8E] -> 0x2AA5
[4008] [M]: 0x0000000080003E8C (0x2AA58593) addi a1, a1, 0x2aa
x11 <- 0x000002AAAAAAAAAA
mem[X,0x0000000080003E90] -> 0x9593
mem[X,0x0000000080003E92] -> 0x00B5
[4009] [M]: 0x0000000080003E90 (0x00B59593) slli a1, a1, 0xb
x11 <- 0x0015555555555000
mem[X,0x0000000080003E94] -> 0x8593
mem[X,0x0000000080003E96] -> 0x5555
[4010] [M]: 0x0000000080003E94 (0x55558593) addi a1, a1, 0x555
x11 <- 0x0015555555555555
mem[X,0x0000000080003E98] -> 0x9593
mem[X,0x0000000080003E9A] -> 0x00A5
[4011] [M]: 0x0000000080003E98 (0x00A59593) slli a1, a1, 0xa
x11 <- 0x5555555555555400
mem[X,0x0000000080003E9C] -> 0x8593
mem[X,0x0000000080003E9E] -> 0x1555
[4012] [M]: 0x0000000080003E9C (0x15558593) addi a1, a1, 0x155
x11 <- 0x5555555555555555
mem[X,0x0000000080003EA0] -> 0x063B
mem[X,0x0000000080003EA2] -> 0x40B5
[4013] [M]: 0x0000000080003EA0 (0x40B5063B) subw a2, a0, a1
x12 <- 0xFFFFFFFFAAAAAAAD
mem[X,0x0000000080003EA4] -> 0xBC23
mem[X,0x0000000080003EA6] -> 0x2EC2
[4014] [M]: 0x0000000080003EA4 (0x2EC2BC23) sd a2, 0x2f8(t0)
mem[0x000000008000BCA0] <- 0xFFFFFFFFAAAAAAAD
mem[X,0x0000000080003EA8] -> 0x0513
mem[X,0x0000000080003EAA] -> 0x0020
[4015] [M]: 0x0000000080003EA8 (0x00200513) addi a0, zero, 0x2
x10 <- 0x0000000000000002
mem[X,0x0000000080003EAC] -> 0xB5B7
mem[X,0x0000000080003EAE] -> 0xAAAA
[4016] [M]: 0x0000000080003EAC (0xAAAAB5B7) lui a1, -0x55555
x11 <- 0xFFFFFFFFAAAAB000
mem[X,0x0000000080003EB0] -> 0x8593
mem[X,0x0000000080003EB2] -> 0xAAA5
[4017] [M]: 0x0000000080003EB0 (0xAAA58593) addi a1, a1, -0x556
x11 <- 0xFFFFFFFFAAAAAAAA
mem[X,0x0000000080003EB4] -> 0x9593
mem[X,0x0000000080003EB6] -> 0x00B5
[4018] [M]: 0x0000000080003EB4 (0x00B59593) slli a1, a1, 0xb
x11 <- 0xFFFFFD5555555000
mem[X,0x0000000080003EB8] -> 0x8593
mem[X,0x0000000080003EBA] -> 0x5555
[4019] [M]: 0x0000000080003EB8 (0x55558593) addi a1, a1, 0x555
x11 <- 0xFFFFFD5555555555
mem[X,0x0000000080003EBC] -> 0x9593
mem[X,0x0000000080003EBE] -> 0x00B5
[4020] [M]: 0x0000000080003EBC (0x00B59593) slli a1, a1, 0xb
x11 <- 0xFFEAAAAAAAAAA800
mem[X,0x0000000080003EC0] -> 0x8593
mem[X,0x0000000080003EC2] -> 0x2AA5
[4021] [M]: 0x0000000080003EC0 (0x2AA58593) addi a1, a1, 0x2aa
x11 <- 0xFFEAAAAAAAAAAAAA
mem[X,0x0000000080003EC4] -> 0x9593
mem[X,0x0000000080003EC6] -> 0x00A5
[4022] [M]: 0x0000000080003EC4 (0x00A59593) slli a1, a1, 0xa
x11 <- 0xAAAAAAAAAAAAA800
mem[X,0x0000000080003EC8] -> 0x8593
mem[X,0x0000000080003ECA] -> 0x2AA5
[4023] [M]: 0x0000000080003EC8 (0x2AA58593) addi a1, a1, 0x2aa
x11 <- 0xAAAAAAAAAAAAAAAA
mem[X,0x0000000080003ECC] -> 0x063B
mem[X,0x0000000080003ECE] -> 0x40B5
[4024] [M]: 0x0000000080003ECC (0x40B5063B) subw a2, a0, a1
x12 <- 0x0000000055555558
mem[X,0x0000000080003ED0] -> 0xB023
mem[X,0x0000000080003ED2] -> 0x30C2
[4025] [M]: 0x0000000080003ED0 (0x30C2B023) sd a2, 0x300(t0)
mem[0x000000008000BCA8] <- 0x0000000055555558
mem[X,0x0000000080003ED4] -> 0x0513
mem[X,0x0000000080003ED6] -> 0x0020
[4026] [M]: 0x0000000080003ED4 (0x00200513) addi a0, zero, 0x2
x10 <- 0x0000000000000002
mem[X,0x0000000080003ED8] -> 0x0593
mem[X,0x0000000080003EDA] -> 0x0050
[4027] [M]: 0x0000000080003ED8 (0x00500593) addi a1, zero, 0x5
x11 <- 0x0000000000000005
mem[X,0x0000000080003EDC] -> 0x063B
mem[X,0x0000000080003EDE] -> 0x40B5
[4028] [M]: 0x0000000080003EDC (0x40B5063B) subw a2, a0, a1
x12 <- 0xFFFFFFFFFFFFFFFD
mem[X,0x0000000080003EE0] -> 0xB423
mem[X,0x0000000080003EE2] -> 0x30C2
[4029] [M]: 0x0000000080003EE0 (0x30C2B423) sd a2, 0x308(t0)
mem[0x000000008000BCB0] <- 0xFFFFFFFFFFFFFFFD
mem[X,0x0000000080003EE4] -> 0x0513
mem[X,0x0000000080003EE6] -> 0x0020
[4030] [M]: 0x0000000080003EE4 (0x00200513) addi a0, zero, 0x2
x10 <- 0x0000000000000002
mem[X,0x0000000080003EE8] -> 0x35B7
mem[X,0x0000000080003EEA] -> 0x3333
[4031] [M]: 0x0000000080003EE8 (0x333335B7) lui a1, 0x33333
x11 <- 0x0000000033333000
mem[X,0x0000000080003EEC] -> 0x8593
mem[X,0x0000000080003EEE] -> 0x3335
[4032] [M]: 0x0000000080003EEC (0x33358593) addi a1, a1, 0x333
x11 <- 0x0000000033333333
mem[X,0x0000000080003EF0] -> 0x9593
mem[X,0x0000000080003EF2] -> 0x00B5
[4033] [M]: 0x0000000080003EF0 (0x00B59593) slli a1, a1, 0xb
x11 <- 0x0000019999999800
mem[X,0x0000000080003EF4] -> 0x8593
mem[X,0x0000000080003EF6] -> 0x1995
[4034] [M]: 0x0000000080003EF4 (0x19958593) addi a1, a1, 0x199
x11 <- 0x0000019999999999
mem[X,0x0000000080003EF8] -> 0x9593
mem[X,0x0000000080003EFA] -> 0x00B5
[4035] [M]: 0x0000000080003EF8 (0x00B59593) slli a1, a1, 0xb
x11 <- 0x000CCCCCCCCCC800
mem[X,0x0000000080003EFC] -> 0x8593
mem[X,0x0000000080003EFE] -> 0x4CC5
[4036] [M]: 0x0000000080003EFC (0x4CC58593) addi a1, a1, 0x4cc
x11 <- 0x000CCCCCCCCCCCCC
mem[X,0x0000000080003F00] -> 0x9593
mem[X,0x0000000080003F02] -> 0x00A5
[4037] [M]: 0x0000000080003F00 (0x00A59593) slli a1, a1, 0xa
x11 <- 0x3333333333333000
mem[X,0x0000000080003F04] -> 0x8593
mem[X,0x0000000080003F06] -> 0x3335
[4038] [M]: 0x0000000080003F04 (0x33358593) addi a1, a1, 0x333
x11 <- 0x3333333333333333
mem[X,0x0000000080003F08] -> 0x063B
mem[X,0x0000000080003F0A] -> 0x40B5
[4039] [M]: 0x0000000080003F08 (0x40B5063B) subw a2, a0, a1
x12 <- 0xFFFFFFFFCCCCCCCF
mem[X,0x0000000080003F0C] -> 0xB823
mem[X,0x0000000080003F0E] -> 0x30C2
[4040] [M]: 0x0000000080003F0C (0x30C2B823) sd a2, 0x310(t0)
mem[0x000000008000BCB8] <- 0xFFFFFFFFCCCCCCCF
mem[X,0x0000000080003F10] -> 0x0513
mem[X,0x0000000080003F12] -> 0x0020
[4041] [M]: 0x0000000080003F10 (0x00200513) addi a0, zero, 0x2
x10 <- 0x0000000000000002
mem[X,0x0000000080003F14] -> 0x65B7
mem[X,0x0000000080003F16] -> 0x6666
[4042] [M]: 0x0000000080003F14 (0x666665B7) lui a1, 0x66666
x11 <- 0x0000000066666000
mem[X,0x0000000080003F18] -> 0x8593
mem[X,0x0000000080003F1A] -> 0x6665
[4043] [M]: 0x0000000080003F18 (0x66658593) addi a1, a1, 0x666
x11 <- 0x0000000066666666
mem[X,0x0000000080003F1C] -> 0x9593
mem[X,0x0000000080003F1E] -> 0x00B5
[4044] [M]: 0x0000000080003F1C (0x00B59593) slli a1, a1, 0xb
x11 <- 0x0000033333333000
mem[X,0x0000000080003F20] -> 0x8593
mem[X,0x0000000080003F22] -> 0x3335
[4045] [M]: 0x0000000080003F20 (0x33358593) addi a1, a1, 0x333
x11 <- 0x0000033333333333
mem[X,0x0000000080003F24] -> 0x9593
mem[X,0x0000000080003F26] -> 0x00B5
[4046] [M]: 0x0000000080003F24 (0x00B59593) slli a1, a1, 0xb
x11 <- 0x0019999999999800
mem[X,0x0000000080003F28] -> 0x8593
mem[X,0x0000000080003F2A] -> 0x1995
[4047] [M]: 0x0000000080003F28 (0x19958593) addi a1, a1, 0x199
x11 <- 0x0019999999999999
mem[X,0x0000000080003F2C] -> 0x9593
mem[X,0x0000000080003F2E] -> 0x00A5
[4048] [M]: 0x0000000080003F2C (0x00A59593) slli a1, a1, 0xa
x11 <- 0x6666666666666400
mem[X,0x0000000080003F30] -> 0x8593
mem[X,0x0000000080003F32] -> 0x2665
[4049] [M]: 0x0000000080003F30 (0x26658593) addi a1, a1, 0x266
x11 <- 0x6666666666666666
mem[X,0x0000000080003F34] -> 0x063B
mem[X,0x0000000080003F36] -> 0x40B5
[4050] [M]: 0x0000000080003F34 (0x40B5063B) subw a2, a0, a1
x12 <- 0xFFFFFFFF9999999C
mem[X,0x0000000080003F38] -> 0xBC23
mem[X,0x0000000080003F3A] -> 0x30C2
[4051] [M]: 0x0000000080003F38 (0x30C2BC23) sd a2, 0x318(t0)
mem[0x000000008000BCC0] <- 0xFFFFFFFF9999999C
mem[X,0x0000000080003F3C] -> 0x0513
mem[X,0x0000000080003F3E] -> 0x0020
[4052] [M]: 0x0000000080003F3C (0x00200513) addi a0, zero, 0x2
x10 <- 0x0000000000000002
mem[X,0x0000000080003F40] -> 0x05B7
mem[X,0x0000000080003F42] -> 0x0000
[4053] [M]: 0x0000000080003F40 (0x000005B7) lui a1, 0x0
x11 <- 0x0000000000000000
mem[X,0x0000000080003F44] -> 0x8593
mem[X,0x0000000080003F46] -> 0xFFF5
[4054] [M]: 0x0000000080003F44 (0xFFF58593) addi a1, a1, -0x1
x11 <- 0xFFFFFFFFFFFFFFFF
mem[X,0x0000000080003F48] -> 0x9593
mem[X,0x0000000080003F4A] -> 0x00B5
[4055] [M]: 0x0000000080003F48 (0x00B59593) slli a1, a1, 0xb
x11 <- 0xFFFFFFFFFFFFF800
mem[X,0x0000000080003F4C] -> 0x8593
mem[X,0x0000000080003F4E] -> 0x2575
[4056] [M]: 0x0000000080003F4C (0x25758593) addi a1, a1, 0x257
x11 <- 0xFFFFFFFFFFFFFA57
mem[X,0x0000000080003F50] -> 0x9593
mem[X,0x0000000080003F52] -> 0x00B5
[4057] [M]: 0x0000000080003F50 (0x00B59593) slli a1, a1, 0xb
x11 <- 0xFFFFFFFFFFD2B800
mem[X,0x0000000080003F54] -> 0x8593
mem[X,0x0000000080003F56] -> 0x6C35
[4058] [M]: 0x0000000080003F54 (0x6C358593) addi a1, a1, 0x6c3
x11 <- 0xFFFFFFFFFFD2BEC3
mem[X,0x0000000080003F58] -> 0x9593
mem[X,0x0000000080003F5A] -> 0x00A5
[4059] [M]: 0x0000000080003F58 (0x00A59593) slli a1, a1, 0xa
x11 <- 0xFFFFFFFF4AFB0C00
mem[X,0x0000000080003F5C] -> 0x8593
mem[X,0x0000000080003F5E] -> 0x0CD5
[4060] [M]: 0x0000000080003F5C (0x0CD58593) addi a1, a1, 0xcd
x11 <- 0xFFFFFFFF4AFB0CCD
mem[X,0x0000000080003F60] -> 0x063B
mem[X,0x0000000080003F62] -> 0x40B5
[4061] [M]: 0x0000000080003F60 (0x40B5063B) subw a2, a0, a1
x12 <- 0xFFFFFFFFB504F335
mem[X,0x0000000080003F64] -> 0xB023
mem[X,0x0000000080003F66] -> 0x32C2
[4062] [M]: 0x0000000080003F64 (0x32C2B023) sd a2, 0x320(t0)
mem[0x000000008000BCC8] <- 0xFFFFFFFFB504F335
mem[X,0x0000000080003F68] -> 0x0513
mem[X,0x0000000080003F6A] -> 0x0020
[4063] [M]: 0x0000000080003F68 (0x00200513) addi a0, zero, 0x2
x10 <- 0x0000000000000002
mem[X,0x0000000080003F6C] -> 0x05B7
mem[X,0x0000000080003F6E] -> 0x0000
[4064] [M]: 0x0000000080003F6C (0x000005B7) lui a1, 0x0
x11 <- 0x0000000000000000
mem[X,0x0000000080003F70] -> 0x8593
mem[X,0x0000000080003F72] -> 0x0005
[4065] [M]: 0x0000000080003F70 (0x00058593) addi a1, a1, 0x0
x11 <- 0x0000000000000000
mem[X,0x0000000080003F74] -> 0x9593
mem[X,0x0000000080003F76] -> 0x00B5
[4066] [M]: 0x0000000080003F74 (0x00B59593) slli a1, a1, 0xb
x11 <- 0x0000000000000000
mem[X,0x0000000080003F78] -> 0x8593
mem[X,0x0000000080003F7A] -> 0x5A85
[4067] [M]: 0x0000000080003F78 (0x5A858593) addi a1, a1, 0x5a8
x11 <- 0x00000000000005A8
mem[X,0x0000000080003F7C] -> 0x9593
mem[X,0x0000000080003F7E] -> 0x00B5
[4068] [M]: 0x0000000080003F7C (0x00B59593) slli a1, a1, 0xb
x11 <- 0x00000000002D4000
mem[X,0x0000000080003F80] -> 0x8593
mem[X,0x0000000080003F82] -> 0x13C5
[4069] [M]: 0x0000000080003F80 (0x13C58593) addi a1, a1, 0x13c
x11 <- 0x00000000002D413C
mem[X,0x0000000080003F84] -> 0x9593
mem[X,0x0000000080003F86] -> 0x00A5
[4070] [M]: 0x0000000080003F84 (0x00A59593) slli a1, a1, 0xa
x11 <- 0x00000000B504F000
mem[X,0x0000000080003F88] -> 0x8593
mem[X,0x0000000080003F8A] -> 0x3335
[4071] [M]: 0x0000000080003F88 (0x33358593) addi a1, a1, 0x333
x11 <- 0x00000000B504F333
mem[X,0x0000000080003F8C] -> 0x063B
mem[X,0x0000000080003F8E] -> 0x40B5
[4072] [M]: 0x0000000080003F8C (0x40B5063B) subw a2, a0, a1
x12 <- 0x000000004AFB0CCF
mem[X,0x0000000080003F90] -> 0xB423
mem[X,0x0000000080003F92] -> 0x32C2
[4073] [M]: 0x0000000080003F90 (0x32C2B423) sd a2, 0x328(t0)
mem[0x000000008000BCD0] <- 0x000000004AFB0CCF
mem[X,0x0000000080003F94] -> 0x0513
mem[X,0x0000000080003F96] -> 0x0020
[4074] [M]: 0x0000000080003F94 (0x00200513) addi a0, zero, 0x2
x10 <- 0x0000000000000002
mem[X,0x0000000080003F98] -> 0x0593
mem[X,0x0000000080003F9A] -> 0x0020
[4075] [M]: 0x0000000080003F98 (0x00200593) addi a1, zero, 0x2
x11 <- 0x0000000000000002
mem[X,0x0000000080003F9C] -> 0x063B
mem[X,0x0000000080003F9E] -> 0x40B5
[4076] [M]: 0x0000000080003F9C (0x40B5063B) subw a2, a0, a1
x12 <- 0x0000000000000000
mem[X,0x0000000080003FA0] -> 0xB823
mem[X,0x0000000080003FA2] -> 0x32C2
[4077] [M]: 0x0000000080003FA0 (0x32C2B823) sd a2, 0x330(t0)
mem[0x000000008000BCD8] <- 0x0000000000000000
mem[X,0x0000000080003FA4] -> 0x0513
mem[X,0x0000000080003FA6] -> 0x0020
[4078] [M]: 0x0000000080003FA4 (0x00200513) addi a0, zero, 0x2
x10 <- 0x0000000000000002
mem[X,0x0000000080003FA8] -> 0x55B7
mem[X,0x0000000080003FAA] -> 0x5555
[4079] [M]: 0x0000000080003FA8 (0x555555B7) lui a1, 0x55555
x11 <- 0x0000000055555000
mem[X,0x0000000080003FAC] -> 0x8593
mem[X,0x0000000080003FAE] -> 0x5555
[4080] [M]: 0x0000000080003FAC (0x55558593) addi a1, a1, 0x555
x11 <- 0x0000000055555555
mem[X,0x0000000080003FB0] -> 0x9593
mem[X,0x0000000080003FB2] -> 0x00B5
[4081] [M]: 0x0000000080003FB0 (0x00B59593) slli a1, a1, 0xb
x11 <- 0x000002AAAAAAA800
mem[X,0x0000000080003FB4] -> 0x8593
mem[X,0x0000000080003FB6] -> 0x2AA5
[4082] [M]: 0x0000000080003FB4 (0x2AA58593) addi a1, a1, 0x2aa
x11 <- 0x000002AAAAAAAAAA
mem[X,0x0000000080003FB8] -> 0x9593
mem[X,0x0000000080003FBA] -> 0x00B5
[4083] [M]: 0x0000000080003FB8 (0x00B59593) slli a1, a1, 0xb
x11 <- 0x0015555555555000
mem[X,0x0000000080003FBC] -> 0x8593
mem[X,0x0000000080003FBE] -> 0x5555
[4084] [M]: 0x0000000080003FBC (0x55558593) addi a1, a1, 0x555
x11 <- 0x0015555555555555
mem[X,0x0000000080003FC0] -> 0x9593
mem[X,0x0000000080003FC2] -> 0x00A5
[4085] [M]: 0x0000000080003FC0 (0x00A59593) slli a1, a1, 0xa
x11 <- 0x5555555555555400
mem[X,0x0000000080003FC4] -> 0x8593
mem[X,0x0000000080003FC6] -> 0x1545
[4086] [M]: 0x0000000080003FC4 (0x15458593) addi a1, a1, 0x154
x11 <- 0x5555555555555554
mem[X,0x0000000080003FC8] -> 0x063B
mem[X,0x0000000080003FCA] -> 0x40B5
[4087] [M]: 0x0000000080003FC8 (0x40B5063B) subw a2, a0, a1
x12 <- 0xFFFFFFFFAAAAAAAE
mem[X,0x0000000080003FCC] -> 0xBC23
mem[X,0x0000000080003FCE] -> 0x32C2
[4088] [M]: 0x0000000080003FCC (0x32C2BC23) sd a2, 0x338(t0)
mem[0x000000008000BCE0] <- 0xFFFFFFFFAAAAAAAE
mem[X,0x0000000080003FD0] -> 0x0513
mem[X,0x0000000080003FD2] -> 0x0020
[4089] [M]: 0x0000000080003FD0 (0x00200513) addi a0, zero, 0x2
x10 <- 0x0000000000000002
mem[X,0x0000000080003FD4] -> 0x0593
mem[X,0x0000000080003FD6] -> 0x0000
[4090] [M]: 0x0000000080003FD4 (0x00000593) addi a1, zero, 0x0
x11 <- 0x0000000000000000
mem[X,0x0000000080003FD8] -> 0x063B
mem[X,0x0000000080003FDA] -> 0x40B5
[4091] [M]: 0x0000000080003FD8 (0x40B5063B) subw a2, a0, a1
x12 <- 0x0000000000000002
mem[X,0x0000000080003FDC] -> 0xB023
mem[X,0x0000000080003FDE] -> 0x34C2
[4092] [M]: 0x0000000080003FDC (0x34C2B023) sd a2, 0x340(t0)
mem[0x000000008000BCE8] <- 0x0000000000000002
mem[X,0x0000000080003FE0] -> 0x0513
mem[X,0x0000000080003FE2] -> 0x0020
[4093] [M]: 0x0000000080003FE0 (0x00200513) addi a0, zero, 0x2
x10 <- 0x0000000000000002
mem[X,0x0000000080003FE4] -> 0x0593
mem[X,0x0000000080003FE6] -> 0x0040
[4094] [M]: 0x0000000080003FE4 (0x00400593) addi a1, zero, 0x4
x11 <- 0x0000000000000004
mem[X,0x0000000080003FE8] -> 0x063B
mem[X,0x0000000080003FEA] -> 0x40B5
[4095] [M]: 0x0000000080003FE8 (0x40B5063B) subw a2, a0, a1
x12 <- 0xFFFFFFFFFFFFFFFE
mem[X,0x0000000080003FEC] -> 0xB423
mem[X,0x0000000080003FEE] -> 0x34C2
[4096] [M]: 0x0000000080003FEC (0x34C2B423) sd a2, 0x348(t0)
mem[0x000000008000BCF0] <- 0xFFFFFFFFFFFFFFFE
mem[X,0x0000000080003FF0] -> 0x0513
mem[X,0x0000000080003FF2] -> 0x0020
[4097] [M]: 0x0000000080003FF0 (0x00200513) addi a0, zero, 0x2
x10 <- 0x0000000000000002
mem[X,0x0000000080003FF4] -> 0x35B7
mem[X,0x0000000080003FF6] -> 0x3333
[4098] [M]: 0x0000000080003FF4 (0x333335B7) lui a1, 0x33333
x11 <- 0x0000000033333000
mem[X,0x0000000080003FF8] -> 0x8593
mem[X,0x0000000080003FFA] -> 0x3335
[4099] [M]: 0x0000000080003FF8 (0x33358593) addi a1, a1, 0x333
x11 <- 0x0000000033333333
clint::tick mtime <- 0x0000000000000029
 clint timer pending at mtime 0x0000000000000029
htif::tick 0x0000000000000000
mem[X,0x0000000080003FFC] -> 0x9593
mem[X,0x0000000080003FFE] -> 0x00B5
[4100] [M]: 0x0000000080003FFC (0x00B59593) slli a1, a1, 0xb
x11 <- 0x0000019999999800
mem[X,0x0000000080004000] -> 0x8593
mem[X,0x0000000080004002] -> 0x1995
[4101] [M]: 0x0000000080004000 (0x19958593) addi a1, a1, 0x199
x11 <- 0x0000019999999999
mem[X,0x0000000080004004] -> 0x9593
mem[X,0x0000000080004006] -> 0x00B5
[4102] [M]: 0x0000000080004004 (0x00B59593) slli a1, a1, 0xb
x11 <- 0x000CCCCCCCCCC800
mem[X,0x0000000080004008] -> 0x8593
mem[X,0x000000008000400A] -> 0x4CC5
[4103] [M]: 0x0000000080004008 (0x4CC58593) addi a1, a1, 0x4cc
x11 <- 0x000CCCCCCCCCCCCC
mem[X,0x000000008000400C] -> 0x9593
mem[X,0x000000008000400E] -> 0x00A5
[4104] [M]: 0x000000008000400C (0x00A59593) slli a1, a1, 0xa
x11 <- 0x3333333333333000
mem[X,0x0000000080004010] -> 0x8593
mem[X,0x0000000080004012] -> 0x3325
[4105] [M]: 0x0000000080004010 (0x33258593) addi a1, a1, 0x332
x11 <- 0x3333333333333332
mem[X,0x0000000080004014] -> 0x063B
mem[X,0x0000000080004016] -> 0x40B5
[4106] [M]: 0x0000000080004014 (0x40B5063B) subw a2, a0, a1
x12 <- 0xFFFFFFFFCCCCCCD0
mem[X,0x0000000080004018] -> 0xB823
mem[X,0x000000008000401A] -> 0x34C2
[4107] [M]: 0x0000000080004018 (0x34C2B823) sd a2, 0x350(t0)
mem[0x000000008000BCF8] <- 0xFFFFFFFFCCCCCCD0
mem[X,0x000000008000401C] -> 0x0513
mem[X,0x000000008000401E] -> 0x0020
[4108] [M]: 0x000000008000401C (0x00200513) addi a0, zero, 0x2
x10 <- 0x0000000000000002
mem[X,0x0000000080004020] -> 0x65B7
mem[X,0x0000000080004022] -> 0x6666
[4109] [M]: 0x0000000080004020 (0x666665B7) lui a1, 0x66666
x11 <- 0x0000000066666000
mem[X,0x0000000080004024] -> 0x8593
mem[X,0x0000000080004026] -> 0x6665
[4110] [M]: 0x0000000080004024 (0x66658593) addi a1, a1, 0x666
x11 <- 0x0000000066666666
mem[X,0x0000000080004028] -> 0x9593
mem[X,0x000000008000402A] -> 0x00B5
[4111] [M]: 0x0000000080004028 (0x00B59593) slli a1, a1, 0xb
x11 <- 0x0000033333333000
mem[X,0x000000008000402C] -> 0x8593
mem[X,0x000000008000402E] -> 0x3335
[4112] [M]: 0x000000008000402C (0x33358593) addi a1, a1, 0x333
x11 <- 0x0000033333333333
mem[X,0x0000000080004030] -> 0x9593
mem[X,0x0000000080004032] -> 0x00B5
[4113] [M]: 0x0000000080004030 (0x00B59593) slli a1, a1, 0xb
x11 <- 0x0019999999999800
mem[X,0x0000000080004034] -> 0x8593
mem[X,0x0000000080004036] -> 0x1995
[4114] [M]: 0x0000000080004034 (0x19958593) addi a1, a1, 0x199
x11 <- 0x0019999999999999
mem[X,0x0000000080004038] -> 0x9593
mem[X,0x000000008000403A] -> 0x00A5
[4115] [M]: 0x0000000080004038 (0x00A59593) slli a1, a1, 0xa
x11 <- 0x6666666666666400
mem[X,0x000000008000403C] -> 0x8593
mem[X,0x000000008000403E] -> 0x2655
[4116] [M]: 0x000000008000403C (0x26558593) addi a1, a1, 0x265
x11 <- 0x6666666666666665
mem[X,0x0000000080004040] -> 0x063B
mem[X,0x0000000080004042] -> 0x40B5
[4117] [M]: 0x0000000080004040 (0x40B5063B) subw a2, a0, a1
x12 <- 0xFFFFFFFF9999999D
mem[X,0x0000000080004044] -> 0xBC23
mem[X,0x0000000080004046] -> 0x34C2
[4118] [M]: 0x0000000080004044 (0x34C2BC23) sd a2, 0x358(t0)
mem[0x000000008000BD00] <- 0xFFFFFFFF9999999D
mem[X,0x0000000080004048] -> 0x0513
mem[X,0x000000008000404A] -> 0x0020
[4119] [M]: 0x0000000080004048 (0x00200513) addi a0, zero, 0x2
x10 <- 0x0000000000000002
mem[X,0x000000008000404C] -> 0x05B7
mem[X,0x000000008000404E] -> 0x0000
[4120] [M]: 0x000000008000404C (0x000005B7) lui a1, 0x0
x11 <- 0x0000000000000000
mem[X,0x0000000080004050] -> 0x8593
mem[X,0x0000000080004052] -> 0x0005
[4121] [M]: 0x0000000080004050 (0x00058593) addi a1, a1, 0x0
x11 <- 0x0000000000000000
mem[X,0x0000000080004054] -> 0x9593
mem[X,0x0000000080004056] -> 0x00B5
[4122] [M]: 0x0000000080004054 (0x00B59593) slli a1, a1, 0xb
x11 <- 0x0000000000000000
mem[X,0x0000000080004058] -> 0x8593
mem[X,0x000000008000405A] -> 0x5A85
[4123] [M]: 0x0000000080004058 (0x5A858593) addi a1, a1, 0x5a8
x11 <- 0x00000000000005A8
mem[X,0x000000008000405C] -> 0x9593
mem[X,0x000000008000405E] -> 0x00B5
[4124] [M]: 0x000000008000405C (0x00B59593) slli a1, a1, 0xb
x11 <- 0x00000000002D4000
mem[X,0x0000000080004060] -> 0x8593
mem[X,0x0000000080004062] -> 0x13C5
[4125] [M]: 0x0000000080004060 (0x13C58593) addi a1, a1, 0x13c
x11 <- 0x00000000002D413C
mem[X,0x0000000080004064] -> 0x9593
mem[X,0x0000000080004066] -> 0x00A5
[4126] [M]: 0x0000000080004064 (0x00A59593) slli a1, a1, 0xa
x11 <- 0x00000000B504F000
mem[X,0x0000000080004068] -> 0x8593
mem[X,0x000000008000406A] -> 0x3325
[4127] [M]: 0x0000000080004068 (0x33258593) addi a1, a1, 0x332
x11 <- 0x00000000B504F332
mem[X,0x000000008000406C] -> 0x063B
mem[X,0x000000008000406E] -> 0x40B5
[4128] [M]: 0x000000008000406C (0x40B5063B) subw a2, a0, a1
x12 <- 0x000000004AFB0CD0
mem[X,0x0000000080004070] -> 0xB023
mem[X,0x0000000080004072] -> 0x36C2
[4129] [M]: 0x0000000080004070 (0x36C2B023) sd a2, 0x360(t0)
mem[0x000000008000BD08] <- 0x000000004AFB0CD0
mem[X,0x0000000080004074] -> 0x0513
mem[X,0x0000000080004076] -> 0x0020
[4130] [M]: 0x0000000080004074 (0x00200513) addi a0, zero, 0x2
x10 <- 0x0000000000000002
mem[X,0x0000000080004078] -> 0x55B7
mem[X,0x000000008000407A] -> 0x5555
[4131] [M]: 0x0000000080004078 (0x555555B7) lui a1, 0x55555
x11 <- 0x0000000055555000
mem[X,0x000000008000407C] -> 0x8593
mem[X,0x000000008000407E] -> 0x5555
[4132] [M]: 0x000000008000407C (0x55558593) addi a1, a1, 0x555
x11 <- 0x0000000055555555
mem[X,0x0000000080004080] -> 0x9593
mem[X,0x0000000080004082] -> 0x00B5
[4133] [M]: 0x0000000080004080 (0x00B59593) slli a1, a1, 0xb
x11 <- 0x000002AAAAAAA800
mem[X,0x0000000080004084] -> 0x8593
mem[X,0x0000000080004086] -> 0x2AA5
[4134] [M]: 0x0000000080004084 (0x2AA58593) addi a1, a1, 0x2aa
x11 <- 0x000002AAAAAAAAAA
mem[X,0x0000000080004088] -> 0x9593
mem[X,0x000000008000408A] -> 0x00B5
[4135] [M]: 0x0000000080004088 (0x00B59593) slli a1, a1, 0xb
x11 <- 0x0015555555555000
mem[X,0x000000008000408C] -> 0x8593
mem[X,0x000000008000408E] -> 0x5555
[4136] [M]: 0x000000008000408C (0x55558593) addi a1, a1, 0x555
x11 <- 0x0015555555555555
mem[X,0x0000000080004090] -> 0x9593
mem[X,0x0000000080004092] -> 0x00A5
[4137] [M]: 0x0000000080004090 (0x00A59593) slli a1, a1, 0xa
x11 <- 0x5555555555555400
mem[X,0x0000000080004094] -> 0x8593
mem[X,0x0000000080004096] -> 0x1565
[4138] [M]: 0x0000000080004094 (0x15658593) addi a1, a1, 0x156
x11 <- 0x5555555555555556
mem[X,0x0000000080004098] -> 0x063B
mem[X,0x000000008000409A] -> 0x40B5
[4139] [M]: 0x0000000080004098 (0x40B5063B) subw a2, a0, a1
x12 <- 0xFFFFFFFFAAAAAAAC
mem[X,0x000000008000409C] -> 0xB423
mem[X,0x000000008000409E] -> 0x36C2
[4140] [M]: 0x000000008000409C (0x36C2B423) sd a2, 0x368(t0)
mem[0x000000008000BD10] <- 0xFFFFFFFFAAAAAAAC
mem[X,0x00000000800040A0] -> 0x0513
mem[X,0x00000000800040A2] -> 0x0020
[4141] [M]: 0x00000000800040A0 (0x00200513) addi a0, zero, 0x2
x10 <- 0x0000000000000002
mem[X,0x00000000800040A4] -> 0xB5B7
mem[X,0x00000000800040A6] -> 0xAAAA
[4142] [M]: 0x00000000800040A4 (0xAAAAB5B7) lui a1, -0x55555
x11 <- 0xFFFFFFFFAAAAB000
mem[X,0x00000000800040A8] -> 0x8593
mem[X,0x00000000800040AA] -> 0xAAA5
[4143] [M]: 0x00000000800040A8 (0xAAA58593) addi a1, a1, -0x556
x11 <- 0xFFFFFFFFAAAAAAAA
mem[X,0x00000000800040AC] -> 0x9593
mem[X,0x00000000800040AE] -> 0x00B5
[4144] [M]: 0x00000000800040AC (0x00B59593) slli a1, a1, 0xb
x11 <- 0xFFFFFD5555555000
mem[X,0x00000000800040B0] -> 0x8593
mem[X,0x00000000800040B2] -> 0x5555
[4145] [M]: 0x00000000800040B0 (0x55558593) addi a1, a1, 0x555
x11 <- 0xFFFFFD5555555555
mem[X,0x00000000800040B4] -> 0x9593
mem[X,0x00000000800040B6] -> 0x00B5
[4146] [M]: 0x00000000800040B4 (0x00B59593) slli a1, a1, 0xb
x11 <- 0xFFEAAAAAAAAAA800
mem[X,0x00000000800040B8] -> 0x8593
mem[X,0x00000000800040BA] -> 0x2AA5
[4147] [M]: 0x00000000800040B8 (0x2AA58593) addi a1, a1, 0x2aa
x11 <- 0xFFEAAAAAAAAAAAAA
mem[X,0x00000000800040BC] -> 0x9593
mem[X,0x00000000800040BE] -> 0x00A5
[4148] [M]: 0x00000000800040BC (0x00A59593) slli a1, a1, 0xa
x11 <- 0xAAAAAAAAAAAAA800
mem[X,0x00000000800040C0] -> 0x8593
mem[X,0x00000000800040C2] -> 0x2AB5
[4149] [M]: 0x00000000800040C0 (0x2AB58593) addi a1, a1, 0x2ab
x11 <- 0xAAAAAAAAAAAAAAAB
mem[X,0x00000000800040C4] -> 0x063B
mem[X,0x00000000800040C6] -> 0x40B5
[4150] [M]: 0x00000000800040C4 (0x40B5063B) subw a2, a0, a1
x12 <- 0x0000000055555557
mem[X,0x00000000800040C8] -> 0xB823
mem[X,0x00000000800040CA] -> 0x36C2
[4151] [M]: 0x00000000800040C8 (0x36C2B823) sd a2, 0x370(t0)
mem[0x000000008000BD18] <- 0x0000000055555557
mem[X,0x00000000800040CC] -> 0x0513
mem[X,0x00000000800040CE] -> 0x0020
[4152] [M]: 0x00000000800040CC (0x00200513) addi a0, zero, 0x2
x10 <- 0x0000000000000002
mem[X,0x00000000800040D0] -> 0x0593
mem[X,0x00000000800040D2] -> 0x0060
[4153] [M]: 0x00000000800040D0 (0x00600593) addi a1, zero, 0x6
x11 <- 0x0000000000000006
mem[X,0x00000000800040D4] -> 0x063B
mem[X,0x00000000800040D6] -> 0x40B5
[4154] [M]: 0x00000000800040D4 (0x40B5063B) subw a2, a0, a1
x12 <- 0xFFFFFFFFFFFFFFFC
mem[X,0x00000000800040D8] -> 0xBC23
mem[X,0x00000000800040DA] -> 0x36C2
[4155] [M]: 0x00000000800040D8 (0x36C2BC23) sd a2, 0x378(t0)
mem[0x000000008000BD20] <- 0xFFFFFFFFFFFFFFFC
mem[X,0x00000000800040DC] -> 0x0513
mem[X,0x00000000800040DE] -> 0x0020
[4156] [M]: 0x00000000800040DC (0x00200513) addi a0, zero, 0x2
x10 <- 0x0000000000000002
mem[X,0x00000000800040E0] -> 0x35B7
mem[X,0x00000000800040E2] -> 0x3333
[4157] [M]: 0x00000000800040E0 (0x333335B7) lui a1, 0x33333
x11 <- 0x0000000033333000
mem[X,0x00000000800040E4] -> 0x8593
mem[X,0x00000000800040E6] -> 0x3335
[4158] [M]: 0x00000000800040E4 (0x33358593) addi a1, a1, 0x333
x11 <- 0x0000000033333333
mem[X,0x00000000800040E8] -> 0x9593
mem[X,0x00000000800040EA] -> 0x00B5
[4159] [M]: 0x00000000800040E8 (0x00B59593) slli a1, a1, 0xb
x11 <- 0x0000019999999800
mem[X,0x00000000800040EC] -> 0x8593
mem[X,0x00000000800040EE] -> 0x1995
[4160] [M]: 0x00000000800040EC (0x19958593) addi a1, a1, 0x199
x11 <- 0x0000019999999999
mem[X,0x00000000800040F0] -> 0x9593
mem[X,0x00000000800040F2] -> 0x00B5
[4161] [M]: 0x00000000800040F0 (0x00B59593) slli a1, a1, 0xb
x11 <- 0x000CCCCCCCCCC800
mem[X,0x00000000800040F4] -> 0x8593
mem[X,0x00000000800040F6] -> 0x4CC5
[4162] [M]: 0x00000000800040F4 (0x4CC58593) addi a1, a1, 0x4cc
x11 <- 0x000CCCCCCCCCCCCC
mem[X,0x00000000800040F8] -> 0x9593
mem[X,0x00000000800040FA] -> 0x00A5
[4163] [M]: 0x00000000800040F8 (0x00A59593) slli a1, a1, 0xa
x11 <- 0x3333333333333000
mem[X,0x00000000800040FC] -> 0x8593
mem[X,0x00000000800040FE] -> 0x3345
[4164] [M]: 0x00000000800040FC (0x33458593) addi a1, a1, 0x334
x11 <- 0x3333333333333334
mem[X,0x0000000080004100] -> 0x063B
mem[X,0x0000000080004102] -> 0x40B5
[4165] [M]: 0x0000000080004100 (0x40B5063B) subw a2, a0, a1
x12 <- 0xFFFFFFFFCCCCCCCE
mem[X,0x0000000080004104] -> 0xB023
mem[X,0x0000000080004106] -> 0x38C2
[4166] [M]: 0x0000000080004104 (0x38C2B023) sd a2, 0x380(t0)
mem[0x000000008000BD28] <- 0xFFFFFFFFCCCCCCCE
mem[X,0x0000000080004108] -> 0x0513
mem[X,0x000000008000410A] -> 0x0020
[4167] [M]: 0x0000000080004108 (0x00200513) addi a0, zero, 0x2
x10 <- 0x0000000000000002
mem[X,0x000000008000410C] -> 0x65B7
mem[X,0x000000008000410E] -> 0x6666
[4168] [M]: 0x000000008000410C (0x666665B7) lui a1, 0x66666
x11 <- 0x0000000066666000
mem[X,0x0000000080004110] -> 0x8593
mem[X,0x0000000080004112] -> 0x6665
[4169] [M]: 0x0000000080004110 (0x66658593) addi a1, a1, 0x666
x11 <- 0x0000000066666666
mem[X,0x0000000080004114] -> 0x9593
mem[X,0x0000000080004116] -> 0x00B5
[4170] [M]: 0x0000000080004114 (0x00B59593) slli a1, a1, 0xb
x11 <- 0x0000033333333000
mem[X,0x0000000080004118] -> 0x8593
mem[X,0x000000008000411A] -> 0x3335
[4171] [M]: 0x0000000080004118 (0x33358593) addi a1, a1, 0x333
x11 <- 0x0000033333333333
mem[X,0x000000008000411C] -> 0x9593
mem[X,0x000000008000411E] -> 0x00B5
[4172] [M]: 0x000000008000411C (0x00B59593) slli a1, a1, 0xb
x11 <- 0x0019999999999800
mem[X,0x0000000080004120] -> 0x8593
mem[X,0x0000000080004122] -> 0x1995
[4173] [M]: 0x0000000080004120 (0x19958593) addi a1, a1, 0x199
x11 <- 0x0019999999999999
mem[X,0x0000000080004124] -> 0x9593
mem[X,0x0000000080004126] -> 0x00A5
[4174] [M]: 0x0000000080004124 (0x00A59593) slli a1, a1, 0xa
x11 <- 0x6666666666666400
mem[X,0x0000000080004128] -> 0x8593
mem[X,0x000000008000412A] -> 0x2675
[4175] [M]: 0x0000000080004128 (0x26758593) addi a1, a1, 0x267
x11 <- 0x6666666666666667
mem[X,0x000000008000412C] -> 0x063B
mem[X,0x000000008000412E] -> 0x40B5
[4176] [M]: 0x000000008000412C (0x40B5063B) subw a2, a0, a1
x12 <- 0xFFFFFFFF9999999B
mem[X,0x0000000080004130] -> 0xB423
mem[X,0x0000000080004132] -> 0x38C2
[4177] [M]: 0x0000000080004130 (0x38C2B423) sd a2, 0x388(t0)
mem[0x000000008000BD30] <- 0xFFFFFFFF9999999B
mem[X,0x0000000080004134] -> 0x0513
mem[X,0x0000000080004136] -> 0x0020
[4178] [M]: 0x0000000080004134 (0x00200513) addi a0, zero, 0x2
x10 <- 0x0000000000000002
mem[X,0x0000000080004138] -> 0x05B7
mem[X,0x000000008000413A] -> 0x0000
[4179] [M]: 0x0000000080004138 (0x000005B7) lui a1, 0x0
x11 <- 0x0000000000000000
mem[X,0x000000008000413C] -> 0x8593
mem[X,0x000000008000413E] -> 0xFFF5
[4180] [M]: 0x000000008000413C (0xFFF58593) addi a1, a1, -0x1
x11 <- 0xFFFFFFFFFFFFFFFF
mem[X,0x0000000080004140] -> 0x9593
mem[X,0x0000000080004142] -> 0x00B5
[4181] [M]: 0x0000000080004140 (0x00B59593) slli a1, a1, 0xb
x11 <- 0xFFFFFFFFFFFFF800
mem[X,0x0000000080004144] -> 0x8593
mem[X,0x0000000080004146] -> 0x2575
[4182] [M]: 0x0000000080004144 (0x25758593) addi a1, a1, 0x257
x11 <- 0xFFFFFFFFFFFFFA57
mem[X,0x0000000080004148] -> 0x9593
mem[X,0x000000008000414A] -> 0x00B5
[4183] [M]: 0x0000000080004148 (0x00B59593) slli a1, a1, 0xb
x11 <- 0xFFFFFFFFFFD2B800
mem[X,0x000000008000414C] -> 0x8593
mem[X,0x000000008000414E] -> 0x6C35
[4184] [M]: 0x000000008000414C (0x6C358593) addi a1, a1, 0x6c3
x11 <- 0xFFFFFFFFFFD2BEC3
mem[X,0x0000000080004150] -> 0x9593
mem[X,0x0000000080004152] -> 0x00A5
[4185] [M]: 0x0000000080004150 (0x00A59593) slli a1, a1, 0xa
x11 <- 0xFFFFFFFF4AFB0C00
mem[X,0x0000000080004154] -> 0x8593
mem[X,0x0000000080004156] -> 0x0CE5
[4186] [M]: 0x0000000080004154 (0x0CE58593) addi a1, a1, 0xce
x11 <- 0xFFFFFFFF4AFB0CCE
mem[X,0x0000000080004158] -> 0x063B
mem[X,0x000000008000415A] -> 0x40B5
[4187] [M]: 0x0000000080004158 (0x40B5063B) subw a2, a0, a1
x12 <- 0xFFFFFFFFB504F334
mem[X,0x000000008000415C] -> 0xB823
mem[X,0x000000008000415E] -> 0x38C2
[4188] [M]: 0x000000008000415C (0x38C2B823) sd a2, 0x390(t0)
mem[0x000000008000BD38] <- 0xFFFFFFFFB504F334
mem[X,0x0000000080004160] -> 0x0513
mem[X,0x0000000080004162] -> 0x0020
[4189] [M]: 0x0000000080004160 (0x00200513) addi a0, zero, 0x2
x10 <- 0x0000000000000002
mem[X,0x0000000080004164] -> 0x05B7
mem[X,0x0000000080004166] -> 0x0000
[4190] [M]: 0x0000000080004164 (0x000005B7) lui a1, 0x0
x11 <- 0x0000000000000000
mem[X,0x0000000080004168] -> 0x8593
mem[X,0x000000008000416A] -> 0x0005
[4191] [M]: 0x0000000080004168 (0x00058593) addi a1, a1, 0x0
x11 <- 0x0000000000000000
mem[X,0x000000008000416C] -> 0x9593
mem[X,0x000000008000416E] -> 0x00B5
[4192] [M]: 0x000000008000416C (0x00B59593) slli a1, a1, 0xb
x11 <- 0x0000000000000000
mem[X,0x0000000080004170] -> 0x8593
mem[X,0x0000000080004172] -> 0x5A85
[4193] [M]: 0x0000000080004170 (0x5A858593) addi a1, a1, 0x5a8
x11 <- 0x00000000000005A8
mem[X,0x0000000080004174] -> 0x9593
mem[X,0x0000000080004176] -> 0x00B5
[4194] [M]: 0x0000000080004174 (0x00B59593) slli a1, a1, 0xb
x11 <- 0x00000000002D4000
mem[X,0x0000000080004178] -> 0x8593
mem[X,0x000000008000417A] -> 0x13C5
[4195] [M]: 0x0000000080004178 (0x13C58593) addi a1, a1, 0x13c
x11 <- 0x00000000002D413C
mem[X,0x000000008000417C] -> 0x9593
mem[X,0x000000008000417E] -> 0x00A5
[4196] [M]: 0x000000008000417C (0x00A59593) slli a1, a1, 0xa
x11 <- 0x00000000B504F000
mem[X,0x0000000080004180] -> 0x8593
mem[X,0x0000000080004182] -> 0x3345
[4197] [M]: 0x0000000080004180 (0x33458593) addi a1, a1, 0x334
x11 <- 0x00000000B504F334
mem[X,0x0000000080004184] -> 0x063B
mem[X,0x0000000080004186] -> 0x40B5
[4198] [M]: 0x0000000080004184 (0x40B5063B) subw a2, a0, a1
x12 <- 0x000000004AFB0CCE
mem[X,0x0000000080004188] -> 0xBC23
mem[X,0x000000008000418A] -> 0x38C2
[4199] [M]: 0x0000000080004188 (0x38C2BC23) sd a2, 0x398(t0)
mem[0x000000008000BD40] <- 0x000000004AFB0CCE
clint::tick mtime <- 0x000000000000002A
 clint timer pending at mtime 0x000000000000002A
htif::tick 0x0000000000000000
mem[X,0x000000008000418C] -> 0x5537
mem[X,0x000000008000418E] -> 0x5555
[4200] [M]: 0x000000008000418C (0x55555537) lui a0, 0x55555
x10 <- 0x0000000055555000
mem[X,0x0000000080004190] -> 0x0513
mem[X,0x0000000080004192] -> 0x5555
[4201] [M]: 0x0000000080004190 (0x55550513) addi a0, a0, 0x555
x10 <- 0x0000000055555555
mem[X,0x0000000080004194] -> 0x1513
mem[X,0x0000000080004196] -> 0x00B5
[4202] [M]: 0x0000000080004194 (0x00B51513) slli a0, a0, 0xb
x10 <- 0x000002AAAAAAA800
mem[X,0x0000000080004198] -> 0x0513
mem[X,0x000000008000419A] -> 0x2AA5
[4203] [M]: 0x0000000080004198 (0x2AA50513) addi a0, a0, 0x2aa
x10 <- 0x000002AAAAAAAAAA
mem[X,0x000000008000419C] -> 0x1513
mem[X,0x000000008000419E] -> 0x00B5
[4204] [M]: 0x000000008000419C (0x00B51513) slli a0, a0, 0xb
x10 <- 0x0015555555555000
mem[X,0x00000000800041A0] -> 0x0513
mem[X,0x00000000800041A2] -> 0x5555
[4205] [M]: 0x00000000800041A0 (0x55550513) addi a0, a0, 0x555
x10 <- 0x0015555555555555
mem[X,0x00000000800041A4] -> 0x1513
mem[X,0x00000000800041A6] -> 0x00A5
[4206] [M]: 0x00000000800041A4 (0x00A51513) slli a0, a0, 0xa
x10 <- 0x5555555555555400
mem[X,0x00000000800041A8] -> 0x0513
mem[X,0x00000000800041AA] -> 0x1545
[4207] [M]: 0x00000000800041A8 (0x15450513) addi a0, a0, 0x154
x10 <- 0x5555555555555554
mem[X,0x00000000800041AC] -> 0x0593
mem[X,0x00000000800041AE] -> 0x0030
[4208] [M]: 0x00000000800041AC (0x00300593) addi a1, zero, 0x3
x11 <- 0x0000000000000003
mem[X,0x00000000800041B0] -> 0x063B
mem[X,0x00000000800041B2] -> 0x40B5
[4209] [M]: 0x00000000800041B0 (0x40B5063B) subw a2, a0, a1
x12 <- 0x0000000055555551
mem[X,0x00000000800041B4] -> 0xB023
mem[X,0x00000000800041B6] -> 0x3AC2
[4210] [M]: 0x00000000800041B4 (0x3AC2B023) sd a2, 0x3a0(t0)
mem[0x000000008000BD48] <- 0x0000000055555551
mem[X,0x00000000800041B8] -> 0x5537
mem[X,0x00000000800041BA] -> 0x5555
[4211] [M]: 0x00000000800041B8 (0x55555537) lui a0, 0x55555
x10 <- 0x0000000055555000
mem[X,0x00000000800041BC] -> 0x0513
mem[X,0x00000000800041BE] -> 0x5555
[4212] [M]: 0x00000000800041BC (0x55550513) addi a0, a0, 0x555
x10 <- 0x0000000055555555
mem[X,0x00000000800041C0] -> 0x1513
mem[X,0x00000000800041C2] -> 0x00B5
[4213] [M]: 0x00000000800041C0 (0x00B51513) slli a0, a0, 0xb
x10 <- 0x000002AAAAAAA800
mem[X,0x00000000800041C4] -> 0x0513
mem[X,0x00000000800041C6] -> 0x2AA5
[4214] [M]: 0x00000000800041C4 (0x2AA50513) addi a0, a0, 0x2aa
x10 <- 0x000002AAAAAAAAAA
mem[X,0x00000000800041C8] -> 0x1513
mem[X,0x00000000800041CA] -> 0x00B5
[4215] [M]: 0x00000000800041C8 (0x00B51513) slli a0, a0, 0xb
x10 <- 0x0015555555555000
mem[X,0x00000000800041CC] -> 0x0513
mem[X,0x00000000800041CE] -> 0x5555
[4216] [M]: 0x00000000800041CC (0x55550513) addi a0, a0, 0x555
x10 <- 0x0015555555555555
mem[X,0x00000000800041D0] -> 0x1513
mem[X,0x00000000800041D2] -> 0x00A5
[4217] [M]: 0x00000000800041D0 (0x00A51513) slli a0, a0, 0xa
x10 <- 0x5555555555555400
mem[X,0x00000000800041D4] -> 0x0513
mem[X,0x00000000800041D6] -> 0x1545
[4218] [M]: 0x00000000800041D4 (0x15450513) addi a0, a0, 0x154
x10 <- 0x5555555555555554
mem[X,0x00000000800041D8] -> 0x55B7
mem[X,0x00000000800041DA] -> 0x5555
[4219] [M]: 0x00000000800041D8 (0x555555B7) lui a1, 0x55555
x11 <- 0x0000000055555000
mem[X,0x00000000800041DC] -> 0x8593
mem[X,0x00000000800041DE] -> 0x5555
[4220] [M]: 0x00000000800041DC (0x55558593) addi a1, a1, 0x555
x11 <- 0x0000000055555555
mem[X,0x00000000800041E0] -> 0x9593
mem[X,0x00000000800041E2] -> 0x00B5
[4221] [M]: 0x00000000800041E0 (0x00B59593) slli a1, a1, 0xb
x11 <- 0x000002AAAAAAA800
mem[X,0x00000000800041E4] -> 0x8593
mem[X,0x00000000800041E6] -> 0x2AA5
[4222] [M]: 0x00000000800041E4 (0x2AA58593) addi a1, a1, 0x2aa
x11 <- 0x000002AAAAAAAAAA
mem[X,0x00000000800041E8] -> 0x9593
mem[X,0x00000000800041EA] -> 0x00B5
[4223] [M]: 0x00000000800041E8 (0x00B59593) slli a1, a1, 0xb
x11 <- 0x0015555555555000
mem[X,0x00000000800041EC] -> 0x8593
mem[X,0x00000000800041EE] -> 0x5555
[4224] [M]: 0x00000000800041EC (0x55558593) addi a1, a1, 0x555
x11 <- 0x0015555555555555
mem[X,0x00000000800041F0] -> 0x9593
mem[X,0x00000000800041F2] -> 0x00A5
[4225] [M]: 0x00000000800041F0 (0x00A59593) slli a1, a1, 0xa
x11 <- 0x5555555555555400
mem[X,0x00000000800041F4] -> 0x8593
mem[X,0x00000000800041F6] -> 0x1555
[4226] [M]: 0x00000000800041F4 (0x15558593) addi a1, a1, 0x155
x11 <- 0x5555555555555555
mem[X,0x00000000800041F8] -> 0x063B
mem[X,0x00000000800041FA] -> 0x40B5
[4227] [M]: 0x00000000800041F8 (0x40B5063B) subw a2, a0, a1
x12 <- 0xFFFFFFFFFFFFFFFF
mem[X,0x00000000800041FC] -> 0xB423
mem[X,0x00000000800041FE] -> 0x3AC2
[4228] [M]: 0x00000000800041FC (0x3AC2B423) sd a2, 0x3a8(t0)
mem[0x000000008000BD50] <- 0xFFFFFFFFFFFFFFFF
mem[X,0x0000000080004200] -> 0x5537
mem[X,0x0000000080004202] -> 0x5555
[4229] [M]: 0x0000000080004200 (0x55555537) lui a0, 0x55555
x10 <- 0x0000000055555000
mem[X,0x0000000080004204] -> 0x0513
mem[X,0x0000000080004206] -> 0x5555
[4230] [M]: 0x0000000080004204 (0x55550513) addi a0, a0, 0x555
x10 <- 0x0000000055555555
mem[X,0x0000000080004208] -> 0x1513
mem[X,0x000000008000420A] -> 0x00B5
[4231] [M]: 0x0000000080004208 (0x00B51513) slli a0, a0, 0xb
x10 <- 0x000002AAAAAAA800
mem[X,0x000000008000420C] -> 0x0513
mem[X,0x000000008000420E] -> 0x2AA5
[4232] [M]: 0x000000008000420C (0x2AA50513) addi a0, a0, 0x2aa
x10 <- 0x000002AAAAAAAAAA
mem[X,0x0000000080004210] -> 0x1513
mem[X,0x0000000080004212] -> 0x00B5
[4233] [M]: 0x0000000080004210 (0x00B51513) slli a0, a0, 0xb
x10 <- 0x0015555555555000
mem[X,0x0000000080004214] -> 0x0513
mem[X,0x0000000080004216] -> 0x5555
[4234] [M]: 0x0000000080004214 (0x55550513) addi a0, a0, 0x555
x10 <- 0x0015555555555555
mem[X,0x0000000080004218] -> 0x1513
mem[X,0x000000008000421A] -> 0x00A5
[4235] [M]: 0x0000000080004218 (0x00A51513) slli a0, a0, 0xa
x10 <- 0x5555555555555400
mem[X,0x000000008000421C] -> 0x0513
mem[X,0x000000008000421E] -> 0x1545
[4236] [M]: 0x000000008000421C (0x15450513) addi a0, a0, 0x154
x10 <- 0x5555555555555554
mem[X,0x0000000080004220] -> 0xB5B7
mem[X,0x0000000080004222] -> 0xAAAA
[4237] [M]: 0x0000000080004220 (0xAAAAB5B7) lui a1, -0x55555
x11 <- 0xFFFFFFFFAAAAB000
mem[X,0x0000000080004224] -> 0x8593
mem[X,0x0000000080004226] -> 0xAAA5
[4238] [M]: 0x0000000080004224 (0xAAA58593) addi a1, a1, -0x556
x11 <- 0xFFFFFFFFAAAAAAAA
mem[X,0x0000000080004228] -> 0x9593
mem[X,0x000000008000422A] -> 0x00B5
[4239] [M]: 0x0000000080004228 (0x00B59593) slli a1, a1, 0xb
x11 <- 0xFFFFFD5555555000
mem[X,0x000000008000422C] -> 0x8593
mem[X,0x000000008000422E] -> 0x5555
[4240] [M]: 0x000000008000422C (0x55558593) addi a1, a1, 0x555
x11 <- 0xFFFFFD5555555555
mem[X,0x0000000080004230] -> 0x9593
mem[X,0x0000000080004232] -> 0x00B5
[4241] [M]: 0x0000000080004230 (0x00B59593) slli a1, a1, 0xb
x11 <- 0xFFEAAAAAAAAAA800
mem[X,0x0000000080004234] -> 0x8593
mem[X,0x0000000080004236] -> 0x2AA5
[4242] [M]: 0x0000000080004234 (0x2AA58593) addi a1, a1, 0x2aa
x11 <- 0xFFEAAAAAAAAAAAAA
mem[X,0x0000000080004238] -> 0x9593
mem[X,0x000000008000423A] -> 0x00A5
[4243] [M]: 0x0000000080004238 (0x00A59593) slli a1, a1, 0xa
x11 <- 0xAAAAAAAAAAAAA800
mem[X,0x000000008000423C] -> 0x8593
mem[X,0x000000008000423E] -> 0x2AA5
[4244] [M]: 0x000000008000423C (0x2AA58593) addi a1, a1, 0x2aa
x11 <- 0xAAAAAAAAAAAAAAAA
mem[X,0x0000000080004240] -> 0x063B
mem[X,0x0000000080004242] -> 0x40B5
[4245] [M]: 0x0000000080004240 (0x40B5063B) subw a2, a0, a1
x12 <- 0xFFFFFFFFAAAAAAAA
mem[X,0x0000000080004244] -> 0xB823
mem[X,0x0000000080004246] -> 0x3AC2
[4246] [M]: 0x0000000080004244 (0x3AC2B823) sd a2, 0x3b0(t0)
mem[0x000000008000BD58] <- 0xFFFFFFFFAAAAAAAA
mem[X,0x0000000080004248] -> 0x5537
mem[X,0x000000008000424A] -> 0x5555
[4247] [M]: 0x0000000080004248 (0x55555537) lui a0, 0x55555
x10 <- 0x0000000055555000
mem[X,0x000000008000424C] -> 0x0513
mem[X,0x000000008000424E] -> 0x5555
[4248] [M]: 0x000000008000424C (0x55550513) addi a0, a0, 0x555
x10 <- 0x0000000055555555
mem[X,0x0000000080004250] -> 0x1513
mem[X,0x0000000080004252] -> 0x00B5
[4249] [M]: 0x0000000080004250 (0x00B51513) slli a0, a0, 0xb
x10 <- 0x000002AAAAAAA800
mem[X,0x0000000080004254] -> 0x0513
mem[X,0x0000000080004256] -> 0x2AA5
[4250] [M]: 0x0000000080004254 (0x2AA50513) addi a0, a0, 0x2aa
x10 <- 0x000002AAAAAAAAAA
mem[X,0x0000000080004258] -> 0x1513
mem[X,0x000000008000425A] -> 0x00B5
[4251] [M]: 0x0000000080004258 (0x00B51513) slli a0, a0, 0xb
x10 <- 0x0015555555555000
mem[X,0x000000008000425C] -> 0x0513
mem[X,0x000000008000425E] -> 0x5555
[4252] [M]: 0x000000008000425C (0x55550513) addi a0, a0, 0x555
x10 <- 0x0015555555555555
mem[X,0x0000000080004260] -> 0x1513
mem[X,0x0000000080004262] -> 0x00A5
[4253] [M]: 0x0000000080004260 (0x00A51513) slli a0, a0, 0xa
x10 <- 0x5555555555555400
mem[X,0x0000000080004264] -> 0x0513
mem[X,0x0000000080004266] -> 0x1545
[4254] [M]: 0x0000000080004264 (0x15450513) addi a0, a0, 0x154
x10 <- 0x5555555555555554
mem[X,0x0000000080004268] -> 0x0593
mem[X,0x000000008000426A] -> 0x0050
[4255] [M]: 0x0000000080004268 (0x00500593) addi a1, zero, 0x5
x11 <- 0x0000000000000005
mem[X,0x000000008000426C] -> 0x063B
mem[X,0x000000008000426E] -> 0x40B5
[4256] [M]: 0x000000008000426C (0x40B5063B) subw a2, a0, a1
x12 <- 0x000000005555554F
mem[X,0x0000000080004270] -> 0xBC23
mem[X,0x0000000080004272] -> 0x3AC2
[4257] [M]: 0x0000000080004270 (0x3AC2BC23) sd a2, 0x3b8(t0)
mem[0x000000008000BD60] <- 0x000000005555554F
mem[X,0x0000000080004274] -> 0x5537
mem[X,0x0000000080004276] -> 0x5555
[4258] [M]: 0x0000000080004274 (0x55555537) lui a0, 0x55555
x10 <- 0x0000000055555000
mem[X,0x0000000080004278] -> 0x0513
mem[X,0x000000008000427A] -> 0x5555
[4259] [M]: 0x0000000080004278 (0x55550513) addi a0, a0, 0x555
x10 <- 0x0000000055555555
mem[X,0x000000008000427C] -> 0x1513
mem[X,0x000000008000427E] -> 0x00B5
[4260] [M]: 0x000000008000427C (0x00B51513) slli a0, a0, 0xb
x10 <- 0x000002AAAAAAA800
mem[X,0x0000000080004280] -> 0x0513
mem[X,0x0000000080004282] -> 0x2AA5
[4261] [M]: 0x0000000080004280 (0x2AA50513) addi a0, a0, 0x2aa
x10 <- 0x000002AAAAAAAAAA
mem[X,0x0000000080004284] -> 0x1513
mem[X,0x0000000080004286] -> 0x00B5
[4262] [M]: 0x0000000080004284 (0x00B51513) slli a0, a0, 0xb
x10 <- 0x0015555555555000
mem[X,0x0000000080004288] -> 0x0513
mem[X,0x000000008000428A] -> 0x5555
[4263] [M]: 0x0000000080004288 (0x55550513) addi a0, a0, 0x555
x10 <- 0x0015555555555555
mem[X,0x000000008000428C] -> 0x1513
mem[X,0x000000008000428E] -> 0x00A5
[4264] [M]: 0x000000008000428C (0x00A51513) slli a0, a0, 0xa
x10 <- 0x5555555555555400
mem[X,0x0000000080004290] -> 0x0513
mem[X,0x0000000080004292] -> 0x1545
[4265] [M]: 0x0000000080004290 (0x15450513) addi a0, a0, 0x154
x10 <- 0x5555555555555554
mem[X,0x0000000080004294] -> 0x35B7
mem[X,0x0000000080004296] -> 0x3333
[4266] [M]: 0x0000000080004294 (0x333335B7) lui a1, 0x33333
x11 <- 0x0000000033333000
mem[X,0x0000000080004298] -> 0x8593
mem[X,0x000000008000429A] -> 0x3335
[4267] [M]: 0x0000000080004298 (0x33358593) addi a1, a1, 0x333
x11 <- 0x0000000033333333
mem[X,0x000000008000429C] -> 0x9593
mem[X,0x000000008000429E] -> 0x00B5
[4268] [M]: 0x000000008000429C (0x00B59593) slli a1, a1, 0xb
x11 <- 0x0000019999999800
mem[X,0x00000000800042A0] -> 0x8593
mem[X,0x00000000800042A2] -> 0x1995
[4269] [M]: 0x00000000800042A0 (0x19958593) addi a1, a1, 0x199
x11 <- 0x0000019999999999
mem[X,0x00000000800042A4] -> 0x9593
mem[X,0x00000000800042A6] -> 0x00B5
[4270] [M]: 0x00000000800042A4 (0x00B59593) slli a1, a1, 0xb
x11 <- 0x000CCCCCCCCCC800
mem[X,0x00000000800042A8] -> 0x8593
mem[X,0x00000000800042AA] -> 0x4CC5
[4271] [M]: 0x00000000800042A8 (0x4CC58593) addi a1, a1, 0x4cc
x11 <- 0x000CCCCCCCCCCCCC
mem[X,0x00000000800042AC] -> 0x9593
mem[X,0x00000000800042AE] -> 0x00A5
[4272] [M]: 0x00000000800042AC (0x00A59593) slli a1, a1, 0xa
x11 <- 0x3333333333333000
mem[X,0x00000000800042B0] -> 0x8593
mem[X,0x00000000800042B2] -> 0x3335
[4273] [M]: 0x00000000800042B0 (0x33358593) addi a1, a1, 0x333
x11 <- 0x3333333333333333
mem[X,0x00000000800042B4] -> 0x063B
mem[X,0x00000000800042B6] -> 0x40B5
[4274] [M]: 0x00000000800042B4 (0x40B5063B) subw a2, a0, a1
x12 <- 0x0000000022222221
mem[X,0x00000000800042B8] -> 0xB023
mem[X,0x00000000800042BA] -> 0x3CC2
[4275] [M]: 0x00000000800042B8 (0x3CC2B023) sd a2, 0x3c0(t0)
mem[0x000000008000BD68] <- 0x0000000022222221
mem[X,0x00000000800042BC] -> 0x5537
mem[X,0x00000000800042BE] -> 0x5555
[4276] [M]: 0x00000000800042BC (0x55555537) lui a0, 0x55555
x10 <- 0x0000000055555000
mem[X,0x00000000800042C0] -> 0x0513
mem[X,0x00000000800042C2] -> 0x5555
[4277] [M]: 0x00000000800042C0 (0x55550513) addi a0, a0, 0x555
x10 <- 0x0000000055555555
mem[X,0x00000000800042C4] -> 0x1513
mem[X,0x00000000800042C6] -> 0x00B5
[4278] [M]: 0x00000000800042C4 (0x00B51513) slli a0, a0, 0xb
x10 <- 0x000002AAAAAAA800
mem[X,0x00000000800042C8] -> 0x0513
mem[X,0x00000000800042CA] -> 0x2AA5
[4279] [M]: 0x00000000800042C8 (0x2AA50513) addi a0, a0, 0x2aa
x10 <- 0x000002AAAAAAAAAA
mem[X,0x00000000800042CC] -> 0x1513
mem[X,0x00000000800042CE] -> 0x00B5
[4280] [M]: 0x00000000800042CC (0x00B51513) slli a0, a0, 0xb
x10 <- 0x0015555555555000
mem[X,0x00000000800042D0] -> 0x0513
mem[X,0x00000000800042D2] -> 0x5555
[4281] [M]: 0x00000000800042D0 (0x55550513) addi a0, a0, 0x555
x10 <- 0x0015555555555555
mem[X,0x00000000800042D4] -> 0x1513
mem[X,0x00000000800042D6] -> 0x00A5
[4282] [M]: 0x00000000800042D4 (0x00A51513) slli a0, a0, 0xa
x10 <- 0x5555555555555400
mem[X,0x00000000800042D8] -> 0x0513
mem[X,0x00000000800042DA] -> 0x1545
[4283] [M]: 0x00000000800042D8 (0x15450513) addi a0, a0, 0x154
x10 <- 0x5555555555555554
mem[X,0x00000000800042DC] -> 0x65B7
mem[X,0x00000000800042DE] -> 0x6666
[4284] [M]: 0x00000000800042DC (0x666665B7) lui a1, 0x66666
x11 <- 0x0000000066666000
mem[X,0x00000000800042E0] -> 0x8593
mem[X,0x00000000800042E2] -> 0x6665
[4285] [M]: 0x00000000800042E0 (0x66658593) addi a1, a1, 0x666
x11 <- 0x0000000066666666
mem[X,0x00000000800042E4] -> 0x9593
mem[X,0x00000000800042E6] -> 0x00B5
[4286] [M]: 0x00000000800042E4 (0x00B59593) slli a1, a1, 0xb
x11 <- 0x0000033333333000
mem[X,0x00000000800042E8] -> 0x8593
mem[X,0x00000000800042EA] -> 0x3335
[4287] [M]: 0x00000000800042E8 (0x33358593) addi a1, a1, 0x333
x11 <- 0x0000033333333333
mem[X,0x00000000800042EC] -> 0x9593
mem[X,0x00000000800042EE] -> 0x00B5
[4288] [M]: 0x00000000800042EC (0x00B59593) slli a1, a1, 0xb
x11 <- 0x0019999999999800
mem[X,0x00000000800042F0] -> 0x8593
mem[X,0x00000000800042F2] -> 0x1995
[4289] [M]: 0x00000000800042F0 (0x19958593) addi a1, a1, 0x199
x11 <- 0x0019999999999999
mem[X,0x00000000800042F4] -> 0x9593
mem[X,0x00000000800042F6] -> 0x00A5
[4290] [M]: 0x00000000800042F4 (0x00A59593) slli a1, a1, 0xa
x11 <- 0x6666666666666400
mem[X,0x00000000800042F8] -> 0x8593
mem[X,0x00000000800042FA] -> 0x2665
[4291] [M]: 0x00000000800042F8 (0x26658593) addi a1, a1, 0x266
x11 <- 0x6666666666666666
mem[X,0x00000000800042FC] -> 0x063B
mem[X,0x00000000800042FE] -> 0x40B5
[4292] [M]: 0x00000000800042FC (0x40B5063B) subw a2, a0, a1
x12 <- 0xFFFFFFFFEEEEEEEE
mem[X,0x0000000080004300] -> 0xB423
mem[X,0x0000000080004302] -> 0x3CC2
[4293] [M]: 0x0000000080004300 (0x3CC2B423) sd a2, 0x3c8(t0)
mem[0x000000008000BD70] <- 0xFFFFFFFFEEEEEEEE
mem[X,0x0000000080004304] -> 0x5537
mem[X,0x0000000080004306] -> 0x5555
[4294] [M]: 0x0000000080004304 (0x55555537) lui a0, 0x55555
x10 <- 0x0000000055555000
mem[X,0x0000000080004308] -> 0x0513
mem[X,0x000000008000430A] -> 0x5555
[4295] [M]: 0x0000000080004308 (0x55550513) addi a0, a0, 0x555
x10 <- 0x0000000055555555
mem[X,0x000000008000430C] -> 0x1513
mem[X,0x000000008000430E] -> 0x00B5
[4296] [M]: 0x000000008000430C (0x00B51513) slli a0, a0, 0xb
x10 <- 0x000002AAAAAAA800
mem[X,0x0000000080004310] -> 0x0513
mem[X,0x0000000080004312] -> 0x2AA5
[4297] [M]: 0x0000000080004310 (0x2AA50513) addi a0, a0, 0x2aa
x10 <- 0x000002AAAAAAAAAA
mem[X,0x0000000080004314] -> 0x1513
mem[X,0x0000000080004316] -> 0x00B5
[4298] [M]: 0x0000000080004314 (0x00B51513) slli a0, a0, 0xb
x10 <- 0x0015555555555000
mem[X,0x0000000080004318] -> 0x0513
mem[X,0x000000008000431A] -> 0x5555
[4299] [M]: 0x0000000080004318 (0x55550513) addi a0, a0, 0x555
x10 <- 0x0015555555555555
clint::tick mtime <- 0x000000000000002B
 clint timer pending at mtime 0x000000000000002B
htif::tick 0x0000000000000000
mem[X,0x000000008000431C] -> 0x1513
mem[X,0x000000008000431E] -> 0x00A5
[4300] [M]: 0x000000008000431C (0x00A51513) slli a0, a0, 0xa
x10 <- 0x5555555555555400
mem[X,0x0000000080004320] -> 0x0513
mem[X,0x0000000080004322] -> 0x1545
[4301] [M]: 0x0000000080004320 (0x15450513) addi a0, a0, 0x154
x10 <- 0x5555555555555554
mem[X,0x0000000080004324] -> 0x05B7
mem[X,0x0000000080004326] -> 0x0000
[4302] [M]: 0x0000000080004324 (0x000005B7) lui a1, 0x0
x11 <- 0x0000000000000000
mem[X,0x0000000080004328] -> 0x8593
mem[X,0x000000008000432A] -> 0xFFF5
[4303] [M]: 0x0000000080004328 (0xFFF58593) addi a1, a1, -0x1
x11 <- 0xFFFFFFFFFFFFFFFF
mem[X,0x000000008000432C] -> 0x9593
mem[X,0x000000008000432E] -> 0x00B5
[4304] [M]: 0x000000008000432C (0x00B59593) slli a1, a1, 0xb
x11 <- 0xFFFFFFFFFFFFF800
mem[X,0x0000000080004330] -> 0x8593
mem[X,0x0000000080004332] -> 0x2575
[4305] [M]: 0x0000000080004330 (0x25758593) addi a1, a1, 0x257
x11 <- 0xFFFFFFFFFFFFFA57
mem[X,0x0000000080004334] -> 0x9593
mem[X,0x0000000080004336] -> 0x00B5
[4306] [M]: 0x0000000080004334 (0x00B59593) slli a1, a1, 0xb
x11 <- 0xFFFFFFFFFFD2B800
mem[X,0x0000000080004338] -> 0x8593
mem[X,0x000000008000433A] -> 0x6C35
[4307] [M]: 0x0000000080004338 (0x6C358593) addi a1, a1, 0x6c3
x11 <- 0xFFFFFFFFFFD2BEC3
mem[X,0x000000008000433C] -> 0x9593
mem[X,0x000000008000433E] -> 0x00A5
[4308] [M]: 0x000000008000433C (0x00A59593) slli a1, a1, 0xa
x11 <- 0xFFFFFFFF4AFB0C00
mem[X,0x0000000080004340] -> 0x8593
mem[X,0x0000000080004342] -> 0x0CD5
[4309] [M]: 0x0000000080004340 (0x0CD58593) addi a1, a1, 0xcd
x11 <- 0xFFFFFFFF4AFB0CCD
mem[X,0x0000000080004344] -> 0x063B
mem[X,0x0000000080004346] -> 0x40B5
[4310] [M]: 0x0000000080004344 (0x40B5063B) subw a2, a0, a1
x12 <- 0x000000000A5A4887
mem[X,0x0000000080004348] -> 0xB823
mem[X,0x000000008000434A] -> 0x3CC2
[4311] [M]: 0x0000000080004348 (0x3CC2B823) sd a2, 0x3d0(t0)
mem[0x000000008000BD78] <- 0x000000000A5A4887
mem[X,0x000000008000434C] -> 0x5537
mem[X,0x000000008000434E] -> 0x5555
[4312] [M]: 0x000000008000434C (0x55555537) lui a0, 0x55555
x10 <- 0x0000000055555000
mem[X,0x0000000080004350] -> 0x0513
mem[X,0x0000000080004352] -> 0x5555
[4313] [M]: 0x0000000080004350 (0x55550513) addi a0, a0, 0x555
x10 <- 0x0000000055555555
mem[X,0x0000000080004354] -> 0x1513
mem[X,0x0000000080004356] -> 0x00B5
[4314] [M]: 0x0000000080004354 (0x00B51513) slli a0, a0, 0xb
x10 <- 0x000002AAAAAAA800
mem[X,0x0000000080004358] -> 0x0513
mem[X,0x000000008000435A] -> 0x2AA5
[4315] [M]: 0x0000000080004358 (0x2AA50513) addi a0, a0, 0x2aa
x10 <- 0x000002AAAAAAAAAA
mem[X,0x000000008000435C] -> 0x1513
mem[X,0x000000008000435E] -> 0x00B5
[4316] [M]: 0x000000008000435C (0x00B51513) slli a0, a0, 0xb
x10 <- 0x0015555555555000
mem[X,0x0000000080004360] -> 0x0513
mem[X,0x0000000080004362] -> 0x5555
[4317] [M]: 0x0000000080004360 (0x55550513) addi a0, a0, 0x555
x10 <- 0x0015555555555555
mem[X,0x0000000080004364] -> 0x1513
mem[X,0x0000000080004366] -> 0x00A5
[4318] [M]: 0x0000000080004364 (0x00A51513) slli a0, a0, 0xa
x10 <- 0x5555555555555400
mem[X,0x0000000080004368] -> 0x0513
mem[X,0x000000008000436A] -> 0x1545
[4319] [M]: 0x0000000080004368 (0x15450513) addi a0, a0, 0x154
x10 <- 0x5555555555555554
mem[X,0x000000008000436C] -> 0x05B7
mem[X,0x000000008000436E] -> 0x0000
[4320] [M]: 0x000000008000436C (0x000005B7) lui a1, 0x0
x11 <- 0x0000000000000000
mem[X,0x0000000080004370] -> 0x8593
mem[X,0x0000000080004372] -> 0x0005
[4321] [M]: 0x0000000080004370 (0x00058593) addi a1, a1, 0x0
x11 <- 0x0000000000000000
mem[X,0x0000000080004374] -> 0x9593
mem[X,0x0000000080004376] -> 0x00B5
[4322] [M]: 0x0000000080004374 (0x00B59593) slli a1, a1, 0xb
x11 <- 0x0000000000000000
mem[X,0x0000000080004378] -> 0x8593
mem[X,0x000000008000437A] -> 0x5A85
[4323] [M]: 0x0000000080004378 (0x5A858593) addi a1, a1, 0x5a8
x11 <- 0x00000000000005A8
mem[X,0x000000008000437C] -> 0x9593
mem[X,0x000000008000437E] -> 0x00B5
[4324] [M]: 0x000000008000437C (0x00B59593) slli a1, a1, 0xb
x11 <- 0x00000000002D4000
mem[X,0x0000000080004380] -> 0x8593
mem[X,0x0000000080004382] -> 0x13C5
[4325] [M]: 0x0000000080004380 (0x13C58593) addi a1, a1, 0x13c
x11 <- 0x00000000002D413C
mem[X,0x0000000080004384] -> 0x9593
mem[X,0x0000000080004386] -> 0x00A5
[4326] [M]: 0x0000000080004384 (0x00A59593) slli a1, a1, 0xa
x11 <- 0x00000000B504F000
mem[X,0x0000000080004388] -> 0x8593
mem[X,0x000000008000438A] -> 0x3335
[4327] [M]: 0x0000000080004388 (0x33358593) addi a1, a1, 0x333
x11 <- 0x00000000B504F333
mem[X,0x000000008000438C] -> 0x063B
mem[X,0x000000008000438E] -> 0x40B5
[4328] [M]: 0x000000008000438C (0x40B5063B) subw a2, a0, a1
x12 <- 0xFFFFFFFFA0506221
mem[X,0x0000000080004390] -> 0xBC23
mem[X,0x0000000080004392] -> 0x3CC2
[4329] [M]: 0x0000000080004390 (0x3CC2BC23) sd a2, 0x3d8(t0)
mem[0x000000008000BD80] <- 0xFFFFFFFFA0506221
mem[X,0x0000000080004394] -> 0x5537
mem[X,0x0000000080004396] -> 0x5555
[4330] [M]: 0x0000000080004394 (0x55555537) lui a0, 0x55555
x10 <- 0x0000000055555000
mem[X,0x0000000080004398] -> 0x0513
mem[X,0x000000008000439A] -> 0x5555
[4331] [M]: 0x0000000080004398 (0x55550513) addi a0, a0, 0x555
x10 <- 0x0000000055555555
mem[X,0x000000008000439C] -> 0x1513
mem[X,0x000000008000439E] -> 0x00B5
[4332] [M]: 0x000000008000439C (0x00B51513) slli a0, a0, 0xb
x10 <- 0x000002AAAAAAA800
mem[X,0x00000000800043A0] -> 0x0513
mem[X,0x00000000800043A2] -> 0x2AA5
[4333] [M]: 0x00000000800043A0 (0x2AA50513) addi a0, a0, 0x2aa
x10 <- 0x000002AAAAAAAAAA
mem[X,0x00000000800043A4] -> 0x1513
mem[X,0x00000000800043A6] -> 0x00B5
[4334] [M]: 0x00000000800043A4 (0x00B51513) slli a0, a0, 0xb
x10 <- 0x0015555555555000
mem[X,0x00000000800043A8] -> 0x0513
mem[X,0x00000000800043AA] -> 0x5555
[4335] [M]: 0x00000000800043A8 (0x55550513) addi a0, a0, 0x555
x10 <- 0x0015555555555555
mem[X,0x00000000800043AC] -> 0x1513
mem[X,0x00000000800043AE] -> 0x00A5
[4336] [M]: 0x00000000800043AC (0x00A51513) slli a0, a0, 0xa
x10 <- 0x5555555555555400
mem[X,0x00000000800043B0] -> 0x0513
mem[X,0x00000000800043B2] -> 0x1545
[4337] [M]: 0x00000000800043B0 (0x15450513) addi a0, a0, 0x154
x10 <- 0x5555555555555554
mem[X,0x00000000800043B4] -> 0x0593
mem[X,0x00000000800043B6] -> 0x0020
[4338] [M]: 0x00000000800043B4 (0x00200593) addi a1, zero, 0x2
x11 <- 0x0000000000000002
mem[X,0x00000000800043B8] -> 0x063B
mem[X,0x00000000800043BA] -> 0x40B5
[4339] [M]: 0x00000000800043B8 (0x40B5063B) subw a2, a0, a1
x12 <- 0x0000000055555552
mem[X,0x00000000800043BC] -> 0xB023
mem[X,0x00000000800043BE] -> 0x3EC2
[4340] [M]: 0x00000000800043BC (0x3EC2B023) sd a2, 0x3e0(t0)
mem[0x000000008000BD88] <- 0x0000000055555552
mem[X,0x00000000800043C0] -> 0x5537
mem[X,0x00000000800043C2] -> 0x5555
[4341] [M]: 0x00000000800043C0 (0x55555537) lui a0, 0x55555
x10 <- 0x0000000055555000
mem[X,0x00000000800043C4] -> 0x0513
mem[X,0x00000000800043C6] -> 0x5555
[4342] [M]: 0x00000000800043C4 (0x55550513) addi a0, a0, 0x555
x10 <- 0x0000000055555555
mem[X,0x00000000800043C8] -> 0x1513
mem[X,0x00000000800043CA] -> 0x00B5
[4343] [M]: 0x00000000800043C8 (0x00B51513) slli a0, a0, 0xb
x10 <- 0x000002AAAAAAA800
mem[X,0x00000000800043CC] -> 0x0513
mem[X,0x00000000800043CE] -> 0x2AA5
[4344] [M]: 0x00000000800043CC (0x2AA50513) addi a0, a0, 0x2aa
x10 <- 0x000002AAAAAAAAAA
mem[X,0x00000000800043D0] -> 0x1513
mem[X,0x00000000800043D2] -> 0x00B5
[4345] [M]: 0x00000000800043D0 (0x00B51513) slli a0, a0, 0xb
x10 <- 0x0015555555555000
mem[X,0x00000000800043D4] -> 0x0513
mem[X,0x00000000800043D6] -> 0x5555
[4346] [M]: 0x00000000800043D4 (0x55550513) addi a0, a0, 0x555
x10 <- 0x0015555555555555
mem[X,0x00000000800043D8] -> 0x1513
mem[X,0x00000000800043DA] -> 0x00A5
[4347] [M]: 0x00000000800043D8 (0x00A51513) slli a0, a0, 0xa
x10 <- 0x5555555555555400
mem[X,0x00000000800043DC] -> 0x0513
mem[X,0x00000000800043DE] -> 0x1545
[4348] [M]: 0x00000000800043DC (0x15450513) addi a0, a0, 0x154
x10 <- 0x5555555555555554
mem[X,0x00000000800043E0] -> 0x55B7
mem[X,0x00000000800043E2] -> 0x5555
[4349] [M]: 0x00000000800043E0 (0x555555B7) lui a1, 0x55555
x11 <- 0x0000000055555000
mem[X,0x00000000800043E4] -> 0x8593
mem[X,0x00000000800043E6] -> 0x5555
[4350] [M]: 0x00000000800043E4 (0x55558593) addi a1, a1, 0x555
x11 <- 0x0000000055555555
mem[X,0x00000000800043E8] -> 0x9593
mem[X,0x00000000800043EA] -> 0x00B5
[4351] [M]: 0x00000000800043E8 (0x00B59593) slli a1, a1, 0xb
x11 <- 0x000002AAAAAAA800
mem[X,0x00000000800043EC] -> 0x8593
mem[X,0x00000000800043EE] -> 0x2AA5
[4352] [M]: 0x00000000800043EC (0x2AA58593) addi a1, a1, 0x2aa
x11 <- 0x000002AAAAAAAAAA
mem[X,0x00000000800043F0] -> 0x9593
mem[X,0x00000000800043F2] -> 0x00B5
[4353] [M]: 0x00000000800043F0 (0x00B59593) slli a1, a1, 0xb
x11 <- 0x0015555555555000
mem[X,0x00000000800043F4] -> 0x8593
mem[X,0x00000000800043F6] -> 0x5555
[4354] [M]: 0x00000000800043F4 (0x55558593) addi a1, a1, 0x555
x11 <- 0x0015555555555555
mem[X,0x00000000800043F8] -> 0x9593
mem[X,0x00000000800043FA] -> 0x00A5
[4355] [M]: 0x00000000800043F8 (0x00A59593) slli a1, a1, 0xa
x11 <- 0x5555555555555400
mem[X,0x00000000800043FC] -> 0x8593
mem[X,0x00000000800043FE] -> 0x1545
[4356] [M]: 0x00000000800043FC (0x15458593) addi a1, a1, 0x154
x11 <- 0x5555555555555554
mem[X,0x0000000080004400] -> 0x063B
mem[X,0x0000000080004402] -> 0x40B5
[4357] [M]: 0x0000000080004400 (0x40B5063B) subw a2, a0, a1
x12 <- 0x0000000000000000
mem[X,0x0000000080004404] -> 0xB423
mem[X,0x0000000080004406] -> 0x3EC2
[4358] [M]: 0x0000000080004404 (0x3EC2B423) sd a2, 0x3e8(t0)
mem[0x000000008000BD90] <- 0x0000000000000000
mem[X,0x0000000080004408] -> 0x5537
mem[X,0x000000008000440A] -> 0x5555
[4359] [M]: 0x0000000080004408 (0x55555537) lui a0, 0x55555
x10 <- 0x0000000055555000
mem[X,0x000000008000440C] -> 0x0513
mem[X,0x000000008000440E] -> 0x5555
[4360] [M]: 0x000000008000440C (0x55550513) addi a0, a0, 0x555
x10 <- 0x0000000055555555
mem[X,0x0000000080004410] -> 0x1513
mem[X,0x0000000080004412] -> 0x00B5
[4361] [M]: 0x0000000080004410 (0x00B51513) slli a0, a0, 0xb
x10 <- 0x000002AAAAAAA800
mem[X,0x0000000080004414] -> 0x0513
mem[X,0x0000000080004416] -> 0x2AA5
[4362] [M]: 0x0000000080004414 (0x2AA50513) addi a0, a0, 0x2aa
x10 <- 0x000002AAAAAAAAAA
mem[X,0x0000000080004418] -> 0x1513
mem[X,0x000000008000441A] -> 0x00B5
[4363] [M]: 0x0000000080004418 (0x00B51513) slli a0, a0, 0xb
x10 <- 0x0015555555555000
mem[X,0x000000008000441C] -> 0x0513
mem[X,0x000000008000441E] -> 0x5555
[4364] [M]: 0x000000008000441C (0x55550513) addi a0, a0, 0x555
x10 <- 0x0015555555555555
mem[X,0x0000000080004420] -> 0x1513
mem[X,0x0000000080004422] -> 0x00A5
[4365] [M]: 0x0000000080004420 (0x00A51513) slli a0, a0, 0xa
x10 <- 0x5555555555555400
mem[X,0x0000000080004424] -> 0x0513
mem[X,0x0000000080004426] -> 0x1545
[4366] [M]: 0x0000000080004424 (0x15450513) addi a0, a0, 0x154
x10 <- 0x5555555555555554
mem[X,0x0000000080004428] -> 0x0593
mem[X,0x000000008000442A] -> 0x0000
[4367] [M]: 0x0000000080004428 (0x00000593) addi a1, zero, 0x0
x11 <- 0x0000000000000000
mem[X,0x000000008000442C] -> 0x063B
mem[X,0x000000008000442E] -> 0x40B5
[4368] [M]: 0x000000008000442C (0x40B5063B) subw a2, a0, a1
x12 <- 0x0000000055555554
mem[X,0x0000000080004430] -> 0xB823
mem[X,0x0000000080004432] -> 0x3EC2
[4369] [M]: 0x0000000080004430 (0x3EC2B823) sd a2, 0x3f0(t0)
mem[0x000000008000BD98] <- 0x0000000055555554
mem[X,0x0000000080004434] -> 0x5537
mem[X,0x0000000080004436] -> 0x5555
[4370] [M]: 0x0000000080004434 (0x55555537) lui a0, 0x55555
x10 <- 0x0000000055555000
mem[X,0x0000000080004438] -> 0x0513
mem[X,0x000000008000443A] -> 0x5555
[4371] [M]: 0x0000000080004438 (0x55550513) addi a0, a0, 0x555
x10 <- 0x0000000055555555
mem[X,0x000000008000443C] -> 0x1513
mem[X,0x000000008000443E] -> 0x00B5
[4372] [M]: 0x000000008000443C (0x00B51513) slli a0, a0, 0xb
x10 <- 0x000002AAAAAAA800
mem[X,0x0000000080004440] -> 0x0513
mem[X,0x0000000080004442] -> 0x2AA5
[4373] [M]: 0x0000000080004440 (0x2AA50513) addi a0, a0, 0x2aa
x10 <- 0x000002AAAAAAAAAA
mem[X,0x0000000080004444] -> 0x1513
mem[X,0x0000000080004446] -> 0x00B5
[4374] [M]: 0x0000000080004444 (0x00B51513) slli a0, a0, 0xb
x10 <- 0x0015555555555000
mem[X,0x0000000080004448] -> 0x0513
mem[X,0x000000008000444A] -> 0x5555
[4375] [M]: 0x0000000080004448 (0x55550513) addi a0, a0, 0x555
x10 <- 0x0015555555555555
mem[X,0x000000008000444C] -> 0x1513
mem[X,0x000000008000444E] -> 0x00A5
[4376] [M]: 0x000000008000444C (0x00A51513) slli a0, a0, 0xa
x10 <- 0x5555555555555400
mem[X,0x0000000080004450] -> 0x0513
mem[X,0x0000000080004452] -> 0x1545
[4377] [M]: 0x0000000080004450 (0x15450513) addi a0, a0, 0x154
x10 <- 0x5555555555555554
mem[X,0x0000000080004454] -> 0x0593
mem[X,0x0000000080004456] -> 0x0040
[4378] [M]: 0x0000000080004454 (0x00400593) addi a1, zero, 0x4
x11 <- 0x0000000000000004
mem[X,0x0000000080004458] -> 0x063B
mem[X,0x000000008000445A] -> 0x40B5
[4379] [M]: 0x0000000080004458 (0x40B5063B) subw a2, a0, a1
x12 <- 0x0000000055555550
mem[X,0x000000008000445C] -> 0xBC23
mem[X,0x000000008000445E] -> 0x3EC2
[4380] [M]: 0x000000008000445C (0x3EC2BC23) sd a2, 0x3f8(t0)
mem[0x000000008000BDA0] <- 0x0000000055555550
mem[X,0x0000000080004460] -> 0x5537
mem[X,0x0000000080004462] -> 0x5555
[4381] [M]: 0x0000000080004460 (0x55555537) lui a0, 0x55555
x10 <- 0x0000000055555000
mem[X,0x0000000080004464] -> 0x0513
mem[X,0x0000000080004466] -> 0x5555
[4382] [M]: 0x0000000080004464 (0x55550513) addi a0, a0, 0x555
x10 <- 0x0000000055555555
mem[X,0x0000000080004468] -> 0x1513
mem[X,0x000000008000446A] -> 0x00B5
[4383] [M]: 0x0000000080004468 (0x00B51513) slli a0, a0, 0xb
x10 <- 0x000002AAAAAAA800
mem[X,0x000000008000446C] -> 0x0513
mem[X,0x000000008000446E] -> 0x2AA5
[4384] [M]: 0x000000008000446C (0x2AA50513) addi a0, a0, 0x2aa
x10 <- 0x000002AAAAAAAAAA
mem[X,0x0000000080004470] -> 0x1513
mem[X,0x0000000080004472] -> 0x00B5
[4385] [M]: 0x0000000080004470 (0x00B51513) slli a0, a0, 0xb
x10 <- 0x0015555555555000
mem[X,0x0000000080004474] -> 0x0513
mem[X,0x0000000080004476] -> 0x5555
[4386] [M]: 0x0000000080004474 (0x55550513) addi a0, a0, 0x555
x10 <- 0x0015555555555555
mem[X,0x0000000080004478] -> 0x1513
mem[X,0x000000008000447A] -> 0x00A5
[4387] [M]: 0x0000000080004478 (0x00A51513) slli a0, a0, 0xa
x10 <- 0x5555555555555400
mem[X,0x000000008000447C] -> 0x0513
mem[X,0x000000008000447E] -> 0x1545
[4388] [M]: 0x000000008000447C (0x15450513) addi a0, a0, 0x154
x10 <- 0x5555555555555554
mem[X,0x0000000080004480] -> 0x35B7
mem[X,0x0000000080004482] -> 0x3333
[4389] [M]: 0x0000000080004480 (0x333335B7) lui a1, 0x33333
x11 <- 0x0000000033333000
mem[X,0x0000000080004484] -> 0x8593
mem[X,0x0000000080004486] -> 0x3335
[4390] [M]: 0x0000000080004484 (0x33358593) addi a1, a1, 0x333
x11 <- 0x0000000033333333
mem[X,0x0000000080004488] -> 0x9593
mem[X,0x000000008000448A] -> 0x00B5
[4391] [M]: 0x0000000080004488 (0x00B59593) slli a1, a1, 0xb
x11 <- 0x0000019999999800
mem[X,0x000000008000448C] -> 0x8593
mem[X,0x000000008000448E] -> 0x1995
[4392] [M]: 0x000000008000448C (0x19958593) addi a1, a1, 0x199
x11 <- 0x0000019999999999
mem[X,0x0000000080004490] -> 0x9593
mem[X,0x0000000080004492] -> 0x00B5
[4393] [M]: 0x0000000080004490 (0x00B59593) slli a1, a1, 0xb
x11 <- 0x000CCCCCCCCCC800
mem[X,0x0000000080004494] -> 0x8593
mem[X,0x0000000080004496] -> 0x4CC5
[4394] [M]: 0x0000000080004494 (0x4CC58593) addi a1, a1, 0x4cc
x11 <- 0x000CCCCCCCCCCCCC
mem[X,0x0000000080004498] -> 0x9593
mem[X,0x000000008000449A] -> 0x00A5
[4395] [M]: 0x0000000080004498 (0x00A59593) slli a1, a1, 0xa
x11 <- 0x3333333333333000
mem[X,0x000000008000449C] -> 0x8593
mem[X,0x000000008000449E] -> 0x3325
[4396] [M]: 0x000000008000449C (0x33258593) addi a1, a1, 0x332
x11 <- 0x3333333333333332
mem[X,0x00000000800044A0] -> 0x063B
mem[X,0x00000000800044A2] -> 0x40B5
[4397] [M]: 0x00000000800044A0 (0x40B5063B) subw a2, a0, a1
x12 <- 0x0000000022222222
mem[X,0x00000000800044A4] -> 0xB023
mem[X,0x00000000800044A6] -> 0x40C2
[4398] [M]: 0x00000000800044A4 (0x40C2B023) sd a2, 0x400(t0)
mem[0x000000008000BDA8] <- 0x0000000022222222
mem[X,0x00000000800044A8] -> 0x5537
mem[X,0x00000000800044AA] -> 0x5555
[4399] [M]: 0x00000000800044A8 (0x55555537) lui a0, 0x55555
x10 <- 0x0000000055555000
clint::tick mtime <- 0x000000000000002C
 clint timer pending at mtime 0x000000000000002C
htif::tick 0x0000000000000000
mem[X,0x00000000800044AC] -> 0x0513
mem[X,0x00000000800044AE] -> 0x5555
[4400] [M]: 0x00000000800044AC (0x55550513) addi a0, a0, 0x555
x10 <- 0x0000000055555555
mem[X,0x00000000800044B0] -> 0x1513
mem[X,0x00000000800044B2] -> 0x00B5
[4401] [M]: 0x00000000800044B0 (0x00B51513) slli a0, a0, 0xb
x10 <- 0x000002AAAAAAA800
mem[X,0x00000000800044B4] -> 0x0513
mem[X,0x00000000800044B6] -> 0x2AA5
[4402] [M]: 0x00000000800044B4 (0x2AA50513) addi a0, a0, 0x2aa
x10 <- 0x000002AAAAAAAAAA
mem[X,0x00000000800044B8] -> 0x1513
mem[X,0x00000000800044BA] -> 0x00B5
[4403] [M]: 0x00000000800044B8 (0x00B51513) slli a0, a0, 0xb
x10 <- 0x0015555555555000
mem[X,0x00000000800044BC] -> 0x0513
mem[X,0x00000000800044BE] -> 0x5555
[4404] [M]: 0x00000000800044BC (0x55550513) addi a0, a0, 0x555
x10 <- 0x0015555555555555
mem[X,0x00000000800044C0] -> 0x1513
mem[X,0x00000000800044C2] -> 0x00A5
[4405] [M]: 0x00000000800044C0 (0x00A51513) slli a0, a0, 0xa
x10 <- 0x5555555555555400
mem[X,0x00000000800044C4] -> 0x0513
mem[X,0x00000000800044C6] -> 0x1545
[4406] [M]: 0x00000000800044C4 (0x15450513) addi a0, a0, 0x154
x10 <- 0x5555555555555554
mem[X,0x00000000800044C8] -> 0x65B7
mem[X,0x00000000800044CA] -> 0x6666
[4407] [M]: 0x00000000800044C8 (0x666665B7) lui a1, 0x66666
x11 <- 0x0000000066666000
mem[X,0x00000000800044CC] -> 0x8593
mem[X,0x00000000800044CE] -> 0x6665
[4408] [M]: 0x00000000800044CC (0x66658593) addi a1, a1, 0x666
x11 <- 0x0000000066666666
mem[X,0x00000000800044D0] -> 0x9593
mem[X,0x00000000800044D2] -> 0x00B5
[4409] [M]: 0x00000000800044D0 (0x00B59593) slli a1, a1, 0xb
x11 <- 0x0000033333333000
mem[X,0x00000000800044D4] -> 0x8593
mem[X,0x00000000800044D6] -> 0x3335
[4410] [M]: 0x00000000800044D4 (0x33358593) addi a1, a1, 0x333
x11 <- 0x0000033333333333
mem[X,0x00000000800044D8] -> 0x9593
mem[X,0x00000000800044DA] -> 0x00B5
[4411] [M]: 0x00000000800044D8 (0x00B59593) slli a1, a1, 0xb
x11 <- 0x0019999999999800
mem[X,0x00000000800044DC] -> 0x8593
mem[X,0x00000000800044DE] -> 0x1995
[4412] [M]: 0x00000000800044DC (0x19958593) addi a1, a1, 0x199
x11 <- 0x0019999999999999
mem[X,0x00000000800044E0] -> 0x9593
mem[X,0x00000000800044E2] -> 0x00A5
[4413] [M]: 0x00000000800044E0 (0x00A59593) slli a1, a1, 0xa
x11 <- 0x6666666666666400
mem[X,0x00000000800044E4] -> 0x8593
mem[X,0x00000000800044E6] -> 0x2655
[4414] [M]: 0x00000000800044E4 (0x26558593) addi a1, a1, 0x265
x11 <- 0x6666666666666665
mem[X,0x00000000800044E8] -> 0x063B
mem[X,0x00000000800044EA] -> 0x40B5
[4415] [M]: 0x00000000800044E8 (0x40B5063B) subw a2, a0, a1
x12 <- 0xFFFFFFFFEEEEEEEF
mem[X,0x00000000800044EC] -> 0xB423
mem[X,0x00000000800044EE] -> 0x40C2
[4416] [M]: 0x00000000800044EC (0x40C2B423) sd a2, 0x408(t0)
mem[0x000000008000BDB0] <- 0xFFFFFFFFEEEEEEEF
mem[X,0x00000000800044F0] -> 0x5537
mem[X,0x00000000800044F2] -> 0x5555
[4417] [M]: 0x00000000800044F0 (0x55555537) lui a0, 0x55555
x10 <- 0x0000000055555000
mem[X,0x00000000800044F4] -> 0x0513
mem[X,0x00000000800044F6] -> 0x5555
[4418] [M]: 0x00000000800044F4 (0x55550513) addi a0, a0, 0x555
x10 <- 0x0000000055555555
mem[X,0x00000000800044F8] -> 0x1513
mem[X,0x00000000800044FA] -> 0x00B5
[4419] [M]: 0x00000000800044F8 (0x00B51513) slli a0, a0, 0xb
x10 <- 0x000002AAAAAAA800
mem[X,0x00000000800044FC] -> 0x0513
mem[X,0x00000000800044FE] -> 0x2AA5
[4420] [M]: 0x00000000800044FC (0x2AA50513) addi a0, a0, 0x2aa
x10 <- 0x000002AAAAAAAAAA
mem[X,0x0000000080004500] -> 0x1513
mem[X,0x0000000080004502] -> 0x00B5
[4421] [M]: 0x0000000080004500 (0x00B51513) slli a0, a0, 0xb
x10 <- 0x0015555555555000
mem[X,0x0000000080004504] -> 0x0513
mem[X,0x0000000080004506] -> 0x5555
[4422] [M]: 0x0000000080004504 (0x55550513) addi a0, a0, 0x555
x10 <- 0x0015555555555555
mem[X,0x0000000080004508] -> 0x1513
mem[X,0x000000008000450A] -> 0x00A5
[4423] [M]: 0x0000000080004508 (0x00A51513) slli a0, a0, 0xa
x10 <- 0x5555555555555400
mem[X,0x000000008000450C] -> 0x0513
mem[X,0x000000008000450E] -> 0x1545
[4424] [M]: 0x000000008000450C (0x15450513) addi a0, a0, 0x154
x10 <- 0x5555555555555554
mem[X,0x0000000080004510] -> 0x05B7
mem[X,0x0000000080004512] -> 0x0000
[4425] [M]: 0x0000000080004510 (0x000005B7) lui a1, 0x0
x11 <- 0x0000000000000000
mem[X,0x0000000080004514] -> 0x8593
mem[X,0x0000000080004516] -> 0x0005
[4426] [M]: 0x0000000080004514 (0x00058593) addi a1, a1, 0x0
x11 <- 0x0000000000000000
mem[X,0x0000000080004518] -> 0x9593
mem[X,0x000000008000451A] -> 0x00B5
[4427] [M]: 0x0000000080004518 (0x00B59593) slli a1, a1, 0xb
x11 <- 0x0000000000000000
mem[X,0x000000008000451C] -> 0x8593
mem[X,0x000000008000451E] -> 0x5A85
[4428] [M]: 0x000000008000451C (0x5A858593) addi a1, a1, 0x5a8
x11 <- 0x00000000000005A8
mem[X,0x0000000080004520] -> 0x9593
mem[X,0x0000000080004522] -> 0x00B5
[4429] [M]: 0x0000000080004520 (0x00B59593) slli a1, a1, 0xb
x11 <- 0x00000000002D4000
mem[X,0x0000000080004524] -> 0x8593
mem[X,0x0000000080004526] -> 0x13C5
[4430] [M]: 0x0000000080004524 (0x13C58593) addi a1, a1, 0x13c
x11 <- 0x00000000002D413C
mem[X,0x0000000080004528] -> 0x9593
mem[X,0x000000008000452A] -> 0x00A5
[4431] [M]: 0x0000000080004528 (0x00A59593) slli a1, a1, 0xa
x11 <- 0x00000000B504F000
mem[X,0x000000008000452C] -> 0x8593
mem[X,0x000000008000452E] -> 0x3325
[4432] [M]: 0x000000008000452C (0x33258593) addi a1, a1, 0x332
x11 <- 0x00000000B504F332
mem[X,0x0000000080004530] -> 0x063B
mem[X,0x0000000080004532] -> 0x40B5
[4433] [M]: 0x0000000080004530 (0x40B5063B) subw a2, a0, a1
x12 <- 0xFFFFFFFFA0506222
mem[X,0x0000000080004534] -> 0xB823
mem[X,0x0000000080004536] -> 0x40C2
[4434] [M]: 0x0000000080004534 (0x40C2B823) sd a2, 0x410(t0)
mem[0x000000008000BDB8] <- 0xFFFFFFFFA0506222
mem[X,0x0000000080004538] -> 0x5537
mem[X,0x000000008000453A] -> 0x5555
[4435] [M]: 0x0000000080004538 (0x55555537) lui a0, 0x55555
x10 <- 0x0000000055555000
mem[X,0x000000008000453C] -> 0x0513
mem[X,0x000000008000453E] -> 0x5555
[4436] [M]: 0x000000008000453C (0x55550513) addi a0, a0, 0x555
x10 <- 0x0000000055555555
mem[X,0x0000000080004540] -> 0x1513
mem[X,0x0000000080004542] -> 0x00B5
[4437] [M]: 0x0000000080004540 (0x00B51513) slli a0, a0, 0xb
x10 <- 0x000002AAAAAAA800
mem[X,0x0000000080004544] -> 0x0513
mem[X,0x0000000080004546] -> 0x2AA5
[4438] [M]: 0x0000000080004544 (0x2AA50513) addi a0, a0, 0x2aa
x10 <- 0x000002AAAAAAAAAA
mem[X,0x0000000080004548] -> 0x1513
mem[X,0x000000008000454A] -> 0x00B5
[4439] [M]: 0x0000000080004548 (0x00B51513) slli a0, a0, 0xb
x10 <- 0x0015555555555000
mem[X,0x000000008000454C] -> 0x0513
mem[X,0x000000008000454E] -> 0x5555
[4440] [M]: 0x000000008000454C (0x55550513) addi a0, a0, 0x555
x10 <- 0x0015555555555555
mem[X,0x0000000080004550] -> 0x1513
mem[X,0x0000000080004552] -> 0x00A5
[4441] [M]: 0x0000000080004550 (0x00A51513) slli a0, a0, 0xa
x10 <- 0x5555555555555400
mem[X,0x0000000080004554] -> 0x0513
mem[X,0x0000000080004556] -> 0x1545
[4442] [M]: 0x0000000080004554 (0x15450513) addi a0, a0, 0x154
x10 <- 0x5555555555555554
mem[X,0x0000000080004558] -> 0x55B7
mem[X,0x000000008000455A] -> 0x5555
[4443] [M]: 0x0000000080004558 (0x555555B7) lui a1, 0x55555
x11 <- 0x0000000055555000
mem[X,0x000000008000455C] -> 0x8593
mem[X,0x000000008000455E] -> 0x5555
[4444] [M]: 0x000000008000455C (0x55558593) addi a1, a1, 0x555
x11 <- 0x0000000055555555
mem[X,0x0000000080004560] -> 0x9593
mem[X,0x0000000080004562] -> 0x00B5
[4445] [M]: 0x0000000080004560 (0x00B59593) slli a1, a1, 0xb
x11 <- 0x000002AAAAAAA800
mem[X,0x0000000080004564] -> 0x8593
mem[X,0x0000000080004566] -> 0x2AA5
[4446] [M]: 0x0000000080004564 (0x2AA58593) addi a1, a1, 0x2aa
x11 <- 0x000002AAAAAAAAAA
mem[X,0x0000000080004568] -> 0x9593
mem[X,0x000000008000456A] -> 0x00B5
[4447] [M]: 0x0000000080004568 (0x00B59593) slli a1, a1, 0xb
x11 <- 0x0015555555555000
mem[X,0x000000008000456C] -> 0x8593
mem[X,0x000000008000456E] -> 0x5555
[4448] [M]: 0x000000008000456C (0x55558593) addi a1, a1, 0x555
x11 <- 0x0015555555555555
mem[X,0x0000000080004570] -> 0x9593
mem[X,0x0000000080004572] -> 0x00A5
[4449] [M]: 0x0000000080004570 (0x00A59593) slli a1, a1, 0xa
x11 <- 0x5555555555555400
mem[X,0x0000000080004574] -> 0x8593
mem[X,0x0000000080004576] -> 0x1565
[4450] [M]: 0x0000000080004574 (0x15658593) addi a1, a1, 0x156
x11 <- 0x5555555555555556
mem[X,0x0000000080004578] -> 0x063B
mem[X,0x000000008000457A] -> 0x40B5
[4451] [M]: 0x0000000080004578 (0x40B5063B) subw a2, a0, a1
x12 <- 0xFFFFFFFFFFFFFFFE
mem[X,0x000000008000457C] -> 0xBC23
mem[X,0x000000008000457E] -> 0x40C2
[4452] [M]: 0x000000008000457C (0x40C2BC23) sd a2, 0x418(t0)
mem[0x000000008000BDC0] <- 0xFFFFFFFFFFFFFFFE
mem[X,0x0000000080004580] -> 0x5537
mem[X,0x0000000080004582] -> 0x5555
[4453] [M]: 0x0000000080004580 (0x55555537) lui a0, 0x55555
x10 <- 0x0000000055555000
mem[X,0x0000000080004584] -> 0x0513
mem[X,0x0000000080004586] -> 0x5555
[4454] [M]: 0x0000000080004584 (0x55550513) addi a0, a0, 0x555
x10 <- 0x0000000055555555
mem[X,0x0000000080004588] -> 0x1513
mem[X,0x000000008000458A] -> 0x00B5
[4455] [M]: 0x0000000080004588 (0x00B51513) slli a0, a0, 0xb
x10 <- 0x000002AAAAAAA800
mem[X,0x000000008000458C] -> 0x0513
mem[X,0x000000008000458E] -> 0x2AA5
[4456] [M]: 0x000000008000458C (0x2AA50513) addi a0, a0, 0x2aa
x10 <- 0x000002AAAAAAAAAA
mem[X,0x0000000080004590] -> 0x1513
mem[X,0x0000000080004592] -> 0x00B5
[4457] [M]: 0x0000000080004590 (0x00B51513) slli a0, a0, 0xb
x10 <- 0x0015555555555000
mem[X,0x0000000080004594] -> 0x0513
mem[X,0x0000000080004596] -> 0x5555
[4458] [M]: 0x0000000080004594 (0x55550513) addi a0, a0, 0x555
x10 <- 0x0015555555555555
mem[X,0x0000000080004598] -> 0x1513
mem[X,0x000000008000459A] -> 0x00A5
[4459] [M]: 0x0000000080004598 (0x00A51513) slli a0, a0, 0xa
x10 <- 0x5555555555555400
mem[X,0x000000008000459C] -> 0x0513
mem[X,0x000000008000459E] -> 0x1545
[4460] [M]: 0x000000008000459C (0x15450513) addi a0, a0, 0x154
x10 <- 0x5555555555555554
mem[X,0x00000000800045A0] -> 0xB5B7
mem[X,0x00000000800045A2] -> 0xAAAA
[4461] [M]: 0x00000000800045A0 (0xAAAAB5B7) lui a1, -0x55555
x11 <- 0xFFFFFFFFAAAAB000
mem[X,0x00000000800045A4] -> 0x8593
mem[X,0x00000000800045A6] -> 0xAAA5
[4462] [M]: 0x00000000800045A4 (0xAAA58593) addi a1, a1, -0x556
x11 <- 0xFFFFFFFFAAAAAAAA
mem[X,0x00000000800045A8] -> 0x9593
mem[X,0x00000000800045AA] -> 0x00B5
[4463] [M]: 0x00000000800045A8 (0x00B59593) slli a1, a1, 0xb
x11 <- 0xFFFFFD5555555000
mem[X,0x00000000800045AC] -> 0x8593
mem[X,0x00000000800045AE] -> 0x5555
[4464] [M]: 0x00000000800045AC (0x55558593) addi a1, a1, 0x555
x11 <- 0xFFFFFD5555555555
mem[X,0x00000000800045B0] -> 0x9593
mem[X,0x00000000800045B2] -> 0x00B5
[4465] [M]: 0x00000000800045B0 (0x00B59593) slli a1, a1, 0xb
x11 <- 0xFFEAAAAAAAAAA800
mem[X,0x00000000800045B4] -> 0x8593
mem[X,0x00000000800045B6] -> 0x2AA5
[4466] [M]: 0x00000000800045B4 (0x2AA58593) addi a1, a1, 0x2aa
x11 <- 0xFFEAAAAAAAAAAAAA
mem[X,0x00000000800045B8] -> 0x9593
mem[X,0x00000000800045BA] -> 0x00A5
[4467] [M]: 0x00000000800045B8 (0x00A59593) slli a1, a1, 0xa
x11 <- 0xAAAAAAAAAAAAA800
mem[X,0x00000000800045BC] -> 0x8593
mem[X,0x00000000800045BE] -> 0x2AB5
[4468] [M]: 0x00000000800045BC (0x2AB58593) addi a1, a1, 0x2ab
x11 <- 0xAAAAAAAAAAAAAAAB
mem[X,0x00000000800045C0] -> 0x063B
mem[X,0x00000000800045C2] -> 0x40B5
[4469] [M]: 0x00000000800045C0 (0x40B5063B) subw a2, a0, a1
x12 <- 0xFFFFFFFFAAAAAAA9
mem[X,0x00000000800045C4] -> 0xB023
mem[X,0x00000000800045C6] -> 0x42C2
[4470] [M]: 0x00000000800045C4 (0x42C2B023) sd a2, 0x420(t0)
mem[0x000000008000BDC8] <- 0xFFFFFFFFAAAAAAA9
mem[X,0x00000000800045C8] -> 0x5537
mem[X,0x00000000800045CA] -> 0x5555
[4471] [M]: 0x00000000800045C8 (0x55555537) lui a0, 0x55555
x10 <- 0x0000000055555000
mem[X,0x00000000800045CC] -> 0x0513
mem[X,0x00000000800045CE] -> 0x5555
[4472] [M]: 0x00000000800045CC (0x55550513) addi a0, a0, 0x555
x10 <- 0x0000000055555555
mem[X,0x00000000800045D0] -> 0x1513
mem[X,0x00000000800045D2] -> 0x00B5
[4473] [M]: 0x00000000800045D0 (0x00B51513) slli a0, a0, 0xb
x10 <- 0x000002AAAAAAA800
mem[X,0x00000000800045D4] -> 0x0513
mem[X,0x00000000800045D6] -> 0x2AA5
[4474] [M]: 0x00000000800045D4 (0x2AA50513) addi a0, a0, 0x2aa
x10 <- 0x000002AAAAAAAAAA
mem[X,0x00000000800045D8] -> 0x1513
mem[X,0x00000000800045DA] -> 0x00B5
[4475] [M]: 0x00000000800045D8 (0x00B51513) slli a0, a0, 0xb
x10 <- 0x0015555555555000
mem[X,0x00000000800045DC] -> 0x0513
mem[X,0x00000000800045DE] -> 0x5555
[4476] [M]: 0x00000000800045DC (0x55550513) addi a0, a0, 0x555
x10 <- 0x0015555555555555
mem[X,0x00000000800045E0] -> 0x1513
mem[X,0x00000000800045E2] -> 0x00A5
[4477] [M]: 0x00000000800045E0 (0x00A51513) slli a0, a0, 0xa
x10 <- 0x5555555555555400
mem[X,0x00000000800045E4] -> 0x0513
mem[X,0x00000000800045E6] -> 0x1545
[4478] [M]: 0x00000000800045E4 (0x15450513) addi a0, a0, 0x154
x10 <- 0x5555555555555554
mem[X,0x00000000800045E8] -> 0x0593
mem[X,0x00000000800045EA] -> 0x0060
[4479] [M]: 0x00000000800045E8 (0x00600593) addi a1, zero, 0x6
x11 <- 0x0000000000000006
mem[X,0x00000000800045EC] -> 0x063B
mem[X,0x00000000800045EE] -> 0x40B5
[4480] [M]: 0x00000000800045EC (0x40B5063B) subw a2, a0, a1
x12 <- 0x000000005555554E
mem[X,0x00000000800045F0] -> 0xB423
mem[X,0x00000000800045F2] -> 0x42C2
[4481] [M]: 0x00000000800045F0 (0x42C2B423) sd a2, 0x428(t0)
mem[0x000000008000BDD0] <- 0x000000005555554E
mem[X,0x00000000800045F4] -> 0x5537
mem[X,0x00000000800045F6] -> 0x5555
[4482] [M]: 0x00000000800045F4 (0x55555537) lui a0, 0x55555
x10 <- 0x0000000055555000
mem[X,0x00000000800045F8] -> 0x0513
mem[X,0x00000000800045FA] -> 0x5555
[4483] [M]: 0x00000000800045F8 (0x55550513) addi a0, a0, 0x555
x10 <- 0x0000000055555555
mem[X,0x00000000800045FC] -> 0x1513
mem[X,0x00000000800045FE] -> 0x00B5
[4484] [M]: 0x00000000800045FC (0x00B51513) slli a0, a0, 0xb
x10 <- 0x000002AAAAAAA800
mem[X,0x0000000080004600] -> 0x0513
mem[X,0x0000000080004602] -> 0x2AA5
[4485] [M]: 0x0000000080004600 (0x2AA50513) addi a0, a0, 0x2aa
x10 <- 0x000002AAAAAAAAAA
mem[X,0x0000000080004604] -> 0x1513
mem[X,0x0000000080004606] -> 0x00B5
[4486] [M]: 0x0000000080004604 (0x00B51513) slli a0, a0, 0xb
x10 <- 0x0015555555555000
mem[X,0x0000000080004608] -> 0x0513
mem[X,0x000000008000460A] -> 0x5555
[4487] [M]: 0x0000000080004608 (0x55550513) addi a0, a0, 0x555
x10 <- 0x0015555555555555
mem[X,0x000000008000460C] -> 0x1513
mem[X,0x000000008000460E] -> 0x00A5
[4488] [M]: 0x000000008000460C (0x00A51513) slli a0, a0, 0xa
x10 <- 0x5555555555555400
mem[X,0x0000000080004610] -> 0x0513
mem[X,0x0000000080004612] -> 0x1545
[4489] [M]: 0x0000000080004610 (0x15450513) addi a0, a0, 0x154
x10 <- 0x5555555555555554
mem[X,0x0000000080004614] -> 0x35B7
mem[X,0x0000000080004616] -> 0x3333
[4490] [M]: 0x0000000080004614 (0x333335B7) lui a1, 0x33333
x11 <- 0x0000000033333000
mem[X,0x0000000080004618] -> 0x8593
mem[X,0x000000008000461A] -> 0x3335
[4491] [M]: 0x0000000080004618 (0x33358593) addi a1, a1, 0x333
x11 <- 0x0000000033333333
mem[X,0x000000008000461C] -> 0x9593
mem[X,0x000000008000461E] -> 0x00B5
[4492] [M]: 0x000000008000461C (0x00B59593) slli a1, a1, 0xb
x11 <- 0x0000019999999800
mem[X,0x0000000080004620] -> 0x8593
mem[X,0x0000000080004622] -> 0x1995
[4493] [M]: 0x0000000080004620 (0x19958593) addi a1, a1, 0x199
x11 <- 0x0000019999999999
mem[X,0x0000000080004624] -> 0x9593
mem[X,0x0000000080004626] -> 0x00B5
[4494] [M]: 0x0000000080004624 (0x00B59593) slli a1, a1, 0xb
x11 <- 0x000CCCCCCCCCC800
mem[X,0x0000000080004628] -> 0x8593
mem[X,0x000000008000462A] -> 0x4CC5
[4495] [M]: 0x0000000080004628 (0x4CC58593) addi a1, a1, 0x4cc
x11 <- 0x000CCCCCCCCCCCCC
mem[X,0x000000008000462C] -> 0x9593
mem[X,0x000000008000462E] -> 0x00A5
[4496] [M]: 0x000000008000462C (0x00A59593) slli a1, a1, 0xa
x11 <- 0x3333333333333000
mem[X,0x0000000080004630] -> 0x8593
mem[X,0x0000000080004632] -> 0x3345
[4497] [M]: 0x0000000080004630 (0x33458593) addi a1, a1, 0x334
x11 <- 0x3333333333333334
mem[X,0x0000000080004634] -> 0x063B
mem[X,0x0000000080004636] -> 0x40B5
[4498] [M]: 0x0000000080004634 (0x40B5063B) subw a2, a0, a1
x12 <- 0x0000000022222220
mem[X,0x0000000080004638] -> 0xB823
mem[X,0x000000008000463A] -> 0x42C2
[4499] [M]: 0x0000000080004638 (0x42C2B823) sd a2, 0x430(t0)
mem[0x000000008000BDD8] <- 0x0000000022222220
clint::tick mtime <- 0x000000000000002D
 clint timer pending at mtime 0x000000000000002D
htif::tick 0x0000000000000000
mem[X,0x000000008000463C] -> 0x5537
mem[X,0x000000008000463E] -> 0x5555
[4500] [M]: 0x000000008000463C (0x55555537) lui a0, 0x55555
x10 <- 0x0000000055555000
mem[X,0x0000000080004640] -> 0x0513
mem[X,0x0000000080004642] -> 0x5555
[4501] [M]: 0x0000000080004640 (0x55550513) addi a0, a0, 0x555
x10 <- 0x0000000055555555
mem[X,0x0000000080004644] -> 0x1513
mem[X,0x0000000080004646] -> 0x00B5
[4502] [M]: 0x0000000080004644 (0x00B51513) slli a0, a0, 0xb
x10 <- 0x000002AAAAAAA800
mem[X,0x0000000080004648] -> 0x0513
mem[X,0x000000008000464A] -> 0x2AA5
[4503] [M]: 0x0000000080004648 (0x2AA50513) addi a0, a0, 0x2aa
x10 <- 0x000002AAAAAAAAAA
mem[X,0x000000008000464C] -> 0x1513
mem[X,0x000000008000464E] -> 0x00B5
[4504] [M]: 0x000000008000464C (0x00B51513) slli a0, a0, 0xb
x10 <- 0x0015555555555000
mem[X,0x0000000080004650] -> 0x0513
mem[X,0x0000000080004652] -> 0x5555
[4505] [M]: 0x0000000080004650 (0x55550513) addi a0, a0, 0x555
x10 <- 0x0015555555555555
mem[X,0x0000000080004654] -> 0x1513
mem[X,0x0000000080004656] -> 0x00A5
[4506] [M]: 0x0000000080004654 (0x00A51513) slli a0, a0, 0xa
x10 <- 0x5555555555555400
mem[X,0x0000000080004658] -> 0x0513
mem[X,0x000000008000465A] -> 0x1545
[4507] [M]: 0x0000000080004658 (0x15450513) addi a0, a0, 0x154
x10 <- 0x5555555555555554
mem[X,0x000000008000465C] -> 0x65B7
mem[X,0x000000008000465E] -> 0x6666
[4508] [M]: 0x000000008000465C (0x666665B7) lui a1, 0x66666
x11 <- 0x0000000066666000
mem[X,0x0000000080004660] -> 0x8593
mem[X,0x0000000080004662] -> 0x6665
[4509] [M]: 0x0000000080004660 (0x66658593) addi a1, a1, 0x666
x11 <- 0x0000000066666666
mem[X,0x0000000080004664] -> 0x9593
mem[X,0x0000000080004666] -> 0x00B5
[4510] [M]: 0x0000000080004664 (0x00B59593) slli a1, a1, 0xb
x11 <- 0x0000033333333000
mem[X,0x0000000080004668] -> 0x8593
mem[X,0x000000008000466A] -> 0x3335
[4511] [M]: 0x0000000080004668 (0x33358593) addi a1, a1, 0x333
x11 <- 0x0000033333333333
mem[X,0x000000008000466C] -> 0x9593
mem[X,0x000000008000466E] -> 0x00B5
[4512] [M]: 0x000000008000466C (0x00B59593) slli a1, a1, 0xb
x11 <- 0x0019999999999800
mem[X,0x0000000080004670] -> 0x8593
mem[X,0x0000000080004672] -> 0x1995
[4513] [M]: 0x0000000080004670 (0x19958593) addi a1, a1, 0x199
x11 <- 0x0019999999999999
mem[X,0x0000000080004674] -> 0x9593
mem[X,0x0000000080004676] -> 0x00A5
[4514] [M]: 0x0000000080004674 (0x00A59593) slli a1, a1, 0xa
x11 <- 0x6666666666666400
mem[X,0x0000000080004678] -> 0x8593
mem[X,0x000000008000467A] -> 0x2675
[4515] [M]: 0x0000000080004678 (0x26758593) addi a1, a1, 0x267
x11 <- 0x6666666666666667
mem[X,0x000000008000467C] -> 0x063B
mem[X,0x000000008000467E] -> 0x40B5
[4516] [M]: 0x000000008000467C (0x40B5063B) subw a2, a0, a1
x12 <- 0xFFFFFFFFEEEEEEED
mem[X,0x0000000080004680] -> 0xBC23
mem[X,0x0000000080004682] -> 0x42C2
[4517] [M]: 0x0000000080004680 (0x42C2BC23) sd a2, 0x438(t0)
mem[0x000000008000BDE0] <- 0xFFFFFFFFEEEEEEED
mem[X,0x0000000080004684] -> 0x5537
mem[X,0x0000000080004686] -> 0x5555
[4518] [M]: 0x0000000080004684 (0x55555537) lui a0, 0x55555
x10 <- 0x0000000055555000
mem[X,0x0000000080004688] -> 0x0513
mem[X,0x000000008000468A] -> 0x5555
[4519] [M]: 0x0000000080004688 (0x55550513) addi a0, a0, 0x555
x10 <- 0x0000000055555555
mem[X,0x000000008000468C] -> 0x1513
mem[X,0x000000008000468E] -> 0x00B5
[4520] [M]: 0x000000008000468C (0x00B51513) slli a0, a0, 0xb
x10 <- 0x000002AAAAAAA800
mem[X,0x0000000080004690] -> 0x0513
mem[X,0x0000000080004692] -> 0x2AA5
[4521] [M]: 0x0000000080004690 (0x2AA50513) addi a0, a0, 0x2aa
x10 <- 0x000002AAAAAAAAAA
mem[X,0x0000000080004694] -> 0x1513
mem[X,0x0000000080004696] -> 0x00B5
[4522] [M]: 0x0000000080004694 (0x00B51513) slli a0, a0, 0xb
x10 <- 0x0015555555555000
mem[X,0x0000000080004698] -> 0x0513
mem[X,0x000000008000469A] -> 0x5555
[4523] [M]: 0x0000000080004698 (0x55550513) addi a0, a0, 0x555
x10 <- 0x0015555555555555
mem[X,0x000000008000469C] -> 0x1513
mem[X,0x000000008000469E] -> 0x00A5
[4524] [M]: 0x000000008000469C (0x00A51513) slli a0, a0, 0xa
x10 <- 0x5555555555555400
mem[X,0x00000000800046A0] -> 0x0513
mem[X,0x00000000800046A2] -> 0x1545
[4525] [M]: 0x00000000800046A0 (0x15450513) addi a0, a0, 0x154
x10 <- 0x5555555555555554
mem[X,0x00000000800046A4] -> 0x05B7
mem[X,0x00000000800046A6] -> 0x0000
[4526] [M]: 0x00000000800046A4 (0x000005B7) lui a1, 0x0
x11 <- 0x0000000000000000
mem[X,0x00000000800046A8] -> 0x8593
mem[X,0x00000000800046AA] -> 0xFFF5
[4527] [M]: 0x00000000800046A8 (0xFFF58593) addi a1, a1, -0x1
x11 <- 0xFFFFFFFFFFFFFFFF
mem[X,0x00000000800046AC] -> 0x9593
mem[X,0x00000000800046AE] -> 0x00B5
[4528] [M]: 0x00000000800046AC (0x00B59593) slli a1, a1, 0xb
x11 <- 0xFFFFFFFFFFFFF800
mem[X,0x00000000800046B0] -> 0x8593
mem[X,0x00000000800046B2] -> 0x2575
[4529] [M]: 0x00000000800046B0 (0x25758593) addi a1, a1, 0x257
x11 <- 0xFFFFFFFFFFFFFA57
mem[X,0x00000000800046B4] -> 0x9593
mem[X,0x00000000800046B6] -> 0x00B5
[4530] [M]: 0x00000000800046B4 (0x00B59593) slli a1, a1, 0xb
x11 <- 0xFFFFFFFFFFD2B800
mem[X,0x00000000800046B8] -> 0x8593
mem[X,0x00000000800046BA] -> 0x6C35
[4531] [M]: 0x00000000800046B8 (0x6C358593) addi a1, a1, 0x6c3
x11 <- 0xFFFFFFFFFFD2BEC3
mem[X,0x00000000800046BC] -> 0x9593
mem[X,0x00000000800046BE] -> 0x00A5
[4532] [M]: 0x00000000800046BC (0x00A59593) slli a1, a1, 0xa
x11 <- 0xFFFFFFFF4AFB0C00
mem[X,0x00000000800046C0] -> 0x8593
mem[X,0x00000000800046C2] -> 0x0CE5
[4533] [M]: 0x00000000800046C0 (0x0CE58593) addi a1, a1, 0xce
x11 <- 0xFFFFFFFF4AFB0CCE
mem[X,0x00000000800046C4] -> 0x063B
mem[X,0x00000000800046C6] -> 0x40B5
[4534] [M]: 0x00000000800046C4 (0x40B5063B) subw a2, a0, a1
x12 <- 0x000000000A5A4886
mem[X,0x00000000800046C8] -> 0xB023
mem[X,0x00000000800046CA] -> 0x44C2
[4535] [M]: 0x00000000800046C8 (0x44C2B023) sd a2, 0x440(t0)
mem[0x000000008000BDE8] <- 0x000000000A5A4886
mem[X,0x00000000800046CC] -> 0x5537
mem[X,0x00000000800046CE] -> 0x5555
[4536] [M]: 0x00000000800046CC (0x55555537) lui a0, 0x55555
x10 <- 0x0000000055555000
mem[X,0x00000000800046D0] -> 0x0513
mem[X,0x00000000800046D2] -> 0x5555
[4537] [M]: 0x00000000800046D0 (0x55550513) addi a0, a0, 0x555
x10 <- 0x0000000055555555
mem[X,0x00000000800046D4] -> 0x1513
mem[X,0x00000000800046D6] -> 0x00B5
[4538] [M]: 0x00000000800046D4 (0x00B51513) slli a0, a0, 0xb
x10 <- 0x000002AAAAAAA800
mem[X,0x00000000800046D8] -> 0x0513
mem[X,0x00000000800046DA] -> 0x2AA5
[4539] [M]: 0x00000000800046D8 (0x2AA50513) addi a0, a0, 0x2aa
x10 <- 0x000002AAAAAAAAAA
mem[X,0x00000000800046DC] -> 0x1513
mem[X,0x00000000800046DE] -> 0x00B5
[4540] [M]: 0x00000000800046DC (0x00B51513) slli a0, a0, 0xb
x10 <- 0x0015555555555000
mem[X,0x00000000800046E0] -> 0x0513
mem[X,0x00000000800046E2] -> 0x5555
[4541] [M]: 0x00000000800046E0 (0x55550513) addi a0, a0, 0x555
x10 <- 0x0015555555555555
mem[X,0x00000000800046E4] -> 0x1513
mem[X,0x00000000800046E6] -> 0x00A5
[4542] [M]: 0x00000000800046E4 (0x00A51513) slli a0, a0, 0xa
x10 <- 0x5555555555555400
mem[X,0x00000000800046E8] -> 0x0513
mem[X,0x00000000800046EA] -> 0x1545
[4543] [M]: 0x00000000800046E8 (0x15450513) addi a0, a0, 0x154
x10 <- 0x5555555555555554
mem[X,0x00000000800046EC] -> 0x05B7
mem[X,0x00000000800046EE] -> 0x0000
[4544] [M]: 0x00000000800046EC (0x000005B7) lui a1, 0x0
x11 <- 0x0000000000000000
mem[X,0x00000000800046F0] -> 0x8593
mem[X,0x00000000800046F2] -> 0x0005
[4545] [M]: 0x00000000800046F0 (0x00058593) addi a1, a1, 0x0
x11 <- 0x0000000000000000
mem[X,0x00000000800046F4] -> 0x9593
mem[X,0x00000000800046F6] -> 0x00B5
[4546] [M]: 0x00000000800046F4 (0x00B59593) slli a1, a1, 0xb
x11 <- 0x0000000000000000
mem[X,0x00000000800046F8] -> 0x8593
mem[X,0x00000000800046FA] -> 0x5A85
[4547] [M]: 0x00000000800046F8 (0x5A858593) addi a1, a1, 0x5a8
x11 <- 0x00000000000005A8
mem[X,0x00000000800046FC] -> 0x9593
mem[X,0x00000000800046FE] -> 0x00B5
[4548] [M]: 0x00000000800046FC (0x00B59593) slli a1, a1, 0xb
x11 <- 0x00000000002D4000
mem[X,0x0000000080004700] -> 0x8593
mem[X,0x0000000080004702] -> 0x13C5
[4549] [M]: 0x0000000080004700 (0x13C58593) addi a1, a1, 0x13c
x11 <- 0x00000000002D413C
mem[X,0x0000000080004704] -> 0x9593
mem[X,0x0000000080004706] -> 0x00A5
[4550] [M]: 0x0000000080004704 (0x00A59593) slli a1, a1, 0xa
x11 <- 0x00000000B504F000
mem[X,0x0000000080004708] -> 0x8593
mem[X,0x000000008000470A] -> 0x3345
[4551] [M]: 0x0000000080004708 (0x33458593) addi a1, a1, 0x334
x11 <- 0x00000000B504F334
mem[X,0x000000008000470C] -> 0x063B
mem[X,0x000000008000470E] -> 0x40B5
[4552] [M]: 0x000000008000470C (0x40B5063B) subw a2, a0, a1
x12 <- 0xFFFFFFFFA0506220
mem[X,0x0000000080004710] -> 0xB423
mem[X,0x0000000080004712] -> 0x44C2
[4553] [M]: 0x0000000080004710 (0x44C2B423) sd a2, 0x448(t0)
mem[0x000000008000BDF0] <- 0xFFFFFFFFA0506220
mem[X,0x0000000080004714] -> 0x0513
mem[X,0x0000000080004716] -> 0x0000
[4554] [M]: 0x0000000080004714 (0x00000513) addi a0, zero, 0x0
x10 <- 0x0000000000000000
mem[X,0x0000000080004718] -> 0x0593
mem[X,0x000000008000471A] -> 0x0030
[4555] [M]: 0x0000000080004718 (0x00300593) addi a1, zero, 0x3
x11 <- 0x0000000000000003
mem[X,0x000000008000471C] -> 0x063B
mem[X,0x000000008000471E] -> 0x40B5
[4556] [M]: 0x000000008000471C (0x40B5063B) subw a2, a0, a1
x12 <- 0xFFFFFFFFFFFFFFFD
mem[X,0x0000000080004720] -> 0xB823
mem[X,0x0000000080004722] -> 0x44C2
[4557] [M]: 0x0000000080004720 (0x44C2B823) sd a2, 0x450(t0)
mem[0x000000008000BDF8] <- 0xFFFFFFFFFFFFFFFD
mem[X,0x0000000080004724] -> 0x0513
mem[X,0x0000000080004726] -> 0x0000
[4558] [M]: 0x0000000080004724 (0x00000513) addi a0, zero, 0x0
x10 <- 0x0000000000000000
mem[X,0x0000000080004728] -> 0x55B7
mem[X,0x000000008000472A] -> 0x5555
[4559] [M]: 0x0000000080004728 (0x555555B7) lui a1, 0x55555
x11 <- 0x0000000055555000
mem[X,0x000000008000472C] -> 0x8593
mem[X,0x000000008000472E] -> 0x5555
[4560] [M]: 0x000000008000472C (0x55558593) addi a1, a1, 0x555
x11 <- 0x0000000055555555
mem[X,0x0000000080004730] -> 0x9593
mem[X,0x0000000080004732] -> 0x00B5
[4561] [M]: 0x0000000080004730 (0x00B59593) slli a1, a1, 0xb
x11 <- 0x000002AAAAAAA800
mem[X,0x0000000080004734] -> 0x8593
mem[X,0x0000000080004736] -> 0x2AA5
[4562] [M]: 0x0000000080004734 (0x2AA58593) addi a1, a1, 0x2aa
x11 <- 0x000002AAAAAAAAAA
mem[X,0x0000000080004738] -> 0x9593
mem[X,0x000000008000473A] -> 0x00B5
[4563] [M]: 0x0000000080004738 (0x00B59593) slli a1, a1, 0xb
x11 <- 0x0015555555555000
mem[X,0x000000008000473C] -> 0x8593
mem[X,0x000000008000473E] -> 0x5555
[4564] [M]: 0x000000008000473C (0x55558593) addi a1, a1, 0x555
x11 <- 0x0015555555555555
mem[X,0x0000000080004740] -> 0x9593
mem[X,0x0000000080004742] -> 0x00A5
[4565] [M]: 0x0000000080004740 (0x00A59593) slli a1, a1, 0xa
x11 <- 0x5555555555555400
mem[X,0x0000000080004744] -> 0x8593
mem[X,0x0000000080004746] -> 0x1555
[4566] [M]: 0x0000000080004744 (0x15558593) addi a1, a1, 0x155
x11 <- 0x5555555555555555
mem[X,0x0000000080004748] -> 0x063B
mem[X,0x000000008000474A] -> 0x40B5
[4567] [M]: 0x0000000080004748 (0x40B5063B) subw a2, a0, a1
x12 <- 0xFFFFFFFFAAAAAAAB
mem[X,0x000000008000474C] -> 0xBC23
mem[X,0x000000008000474E] -> 0x44C2
[4568] [M]: 0x000000008000474C (0x44C2BC23) sd a2, 0x458(t0)
mem[0x000000008000BE00] <- 0xFFFFFFFFAAAAAAAB
mem[X,0x0000000080004750] -> 0x0513
mem[X,0x0000000080004752] -> 0x0000
[4569] [M]: 0x0000000080004750 (0x00000513) addi a0, zero, 0x0
x10 <- 0x0000000000000000
mem[X,0x0000000080004754] -> 0xB5B7
mem[X,0x0000000080004756] -> 0xAAAA
[4570] [M]: 0x0000000080004754 (0xAAAAB5B7) lui a1, -0x55555
x11 <- 0xFFFFFFFFAAAAB000
mem[X,0x0000000080004758] -> 0x8593
mem[X,0x000000008000475A] -> 0xAAA5
[4571] [M]: 0x0000000080004758 (0xAAA58593) addi a1, a1, -0x556
x11 <- 0xFFFFFFFFAAAAAAAA
mem[X,0x000000008000475C] -> 0x9593
mem[X,0x000000008000475E] -> 0x00B5
[4572] [M]: 0x000000008000475C (0x00B59593) slli a1, a1, 0xb
x11 <- 0xFFFFFD5555555000
mem[X,0x0000000080004760] -> 0x8593
mem[X,0x0000000080004762] -> 0x5555
[4573] [M]: 0x0000000080004760 (0x55558593) addi a1, a1, 0x555
x11 <- 0xFFFFFD5555555555
mem[X,0x0000000080004764] -> 0x9593
mem[X,0x0000000080004766] -> 0x00B5
[4574] [M]: 0x0000000080004764 (0x00B59593) slli a1, a1, 0xb
x11 <- 0xFFEAAAAAAAAAA800
mem[X,0x0000000080004768] -> 0x8593
mem[X,0x000000008000476A] -> 0x2AA5
[4575] [M]: 0x0000000080004768 (0x2AA58593) addi a1, a1, 0x2aa
x11 <- 0xFFEAAAAAAAAAAAAA
mem[X,0x000000008000476C] -> 0x9593
mem[X,0x000000008000476E] -> 0x00A5
[4576] [M]: 0x000000008000476C (0x00A59593) slli a1, a1, 0xa
x11 <- 0xAAAAAAAAAAAAA800
mem[X,0x0000000080004770] -> 0x8593
mem[X,0x0000000080004772] -> 0x2AA5
[4577] [M]: 0x0000000080004770 (0x2AA58593) addi a1, a1, 0x2aa
x11 <- 0xAAAAAAAAAAAAAAAA
mem[X,0x0000000080004774] -> 0x063B
mem[X,0x0000000080004776] -> 0x40B5
[4578] [M]: 0x0000000080004774 (0x40B5063B) subw a2, a0, a1
x12 <- 0x0000000055555556
mem[X,0x0000000080004778] -> 0xB023
mem[X,0x000000008000477A] -> 0x46C2
[4579] [M]: 0x0000000080004778 (0x46C2B023) sd a2, 0x460(t0)
mem[0x000000008000BE08] <- 0x0000000055555556
mem[X,0x000000008000477C] -> 0x0513
mem[X,0x000000008000477E] -> 0x0000
[4580] [M]: 0x000000008000477C (0x00000513) addi a0, zero, 0x0
x10 <- 0x0000000000000000
mem[X,0x0000000080004780] -> 0x0593
mem[X,0x0000000080004782] -> 0x0050
[4581] [M]: 0x0000000080004780 (0x00500593) addi a1, zero, 0x5
x11 <- 0x0000000000000005
mem[X,0x0000000080004784] -> 0x063B
mem[X,0x0000000080004786] -> 0x40B5
[4582] [M]: 0x0000000080004784 (0x40B5063B) subw a2, a0, a1
x12 <- 0xFFFFFFFFFFFFFFFB
mem[X,0x0000000080004788] -> 0xB423
mem[X,0x000000008000478A] -> 0x46C2
[4583] [M]: 0x0000000080004788 (0x46C2B423) sd a2, 0x468(t0)
mem[0x000000008000BE10] <- 0xFFFFFFFFFFFFFFFB
mem[X,0x000000008000478C] -> 0x0513
mem[X,0x000000008000478E] -> 0x0000
[4584] [M]: 0x000000008000478C (0x00000513) addi a0, zero, 0x0
x10 <- 0x0000000000000000
mem[X,0x0000000080004790] -> 0x35B7
mem[X,0x0000000080004792] -> 0x3333
[4585] [M]: 0x0000000080004790 (0x333335B7) lui a1, 0x33333
x11 <- 0x0000000033333000
mem[X,0x0000000080004794] -> 0x8593
mem[X,0x0000000080004796] -> 0x3335
[4586] [M]: 0x0000000080004794 (0x33358593) addi a1, a1, 0x333
x11 <- 0x0000000033333333
mem[X,0x0000000080004798] -> 0x9593
mem[X,0x000000008000479A] -> 0x00B5
[4587] [M]: 0x0000000080004798 (0x00B59593) slli a1, a1, 0xb
x11 <- 0x0000019999999800
mem[X,0x000000008000479C] -> 0x8593
mem[X,0x000000008000479E] -> 0x1995
[4588] [M]: 0x000000008000479C (0x19958593) addi a1, a1, 0x199
x11 <- 0x0000019999999999
mem[X,0x00000000800047A0] -> 0x9593
mem[X,0x00000000800047A2] -> 0x00B5
[4589] [M]: 0x00000000800047A0 (0x00B59593) slli a1, a1, 0xb
x11 <- 0x000CCCCCCCCCC800
mem[X,0x00000000800047A4] -> 0x8593
mem[X,0x00000000800047A6] -> 0x4CC5
[4590] [M]: 0x00000000800047A4 (0x4CC58593) addi a1, a1, 0x4cc
x11 <- 0x000CCCCCCCCCCCCC
mem[X,0x00000000800047A8] -> 0x9593
mem[X,0x00000000800047AA] -> 0x00A5
[4591] [M]: 0x00000000800047A8 (0x00A59593) slli a1, a1, 0xa
x11 <- 0x3333333333333000
mem[X,0x00000000800047AC] -> 0x8593
mem[X,0x00000000800047AE] -> 0x3335
[4592] [M]: 0x00000000800047AC (0x33358593) addi a1, a1, 0x333
x11 <- 0x3333333333333333
mem[X,0x00000000800047B0] -> 0x063B
mem[X,0x00000000800047B2] -> 0x40B5
[4593] [M]: 0x00000000800047B0 (0x40B5063B) subw a2, a0, a1
x12 <- 0xFFFFFFFFCCCCCCCD
mem[X,0x00000000800047B4] -> 0xB823
mem[X,0x00000000800047B6] -> 0x46C2
[4594] [M]: 0x00000000800047B4 (0x46C2B823) sd a2, 0x470(t0)
mem[0x000000008000BE18] <- 0xFFFFFFFFCCCCCCCD
mem[X,0x00000000800047B8] -> 0x0513
mem[X,0x00000000800047BA] -> 0x0000
[4595] [M]: 0x00000000800047B8 (0x00000513) addi a0, zero, 0x0
x10 <- 0x0000000000000000
mem[X,0x00000000800047BC] -> 0x65B7
mem[X,0x00000000800047BE] -> 0x6666
[4596] [M]: 0x00000000800047BC (0x666665B7) lui a1, 0x66666
x11 <- 0x0000000066666000
mem[X,0x00000000800047C0] -> 0x8593
mem[X,0x00000000800047C2] -> 0x6665
[4597] [M]: 0x00000000800047C0 (0x66658593) addi a1, a1, 0x666
x11 <- 0x0000000066666666
mem[X,0x00000000800047C4] -> 0x9593
mem[X,0x00000000800047C6] -> 0x00B5
[4598] [M]: 0x00000000800047C4 (0x00B59593) slli a1, a1, 0xb
x11 <- 0x0000033333333000
mem[X,0x00000000800047C8] -> 0x8593
mem[X,0x00000000800047CA] -> 0x3335
[4599] [M]: 0x00000000800047C8 (0x33358593) addi a1, a1, 0x333
x11 <- 0x0000033333333333
clint::tick mtime <- 0x000000000000002E
 clint timer pending at mtime 0x000000000000002E
htif::tick 0x0000000000000000
mem[X,0x00000000800047CC] -> 0x9593
mem[X,0x00000000800047CE] -> 0x00B5
[4600] [M]: 0x00000000800047CC (0x00B59593) slli a1, a1, 0xb
x11 <- 0x0019999999999800
mem[X,0x00000000800047D0] -> 0x8593
mem[X,0x00000000800047D2] -> 0x1995
[4601] [M]: 0x00000000800047D0 (0x19958593) addi a1, a1, 0x199
x11 <- 0x0019999999999999
mem[X,0x00000000800047D4] -> 0x9593
mem[X,0x00000000800047D6] -> 0x00A5
[4602] [M]: 0x00000000800047D4 (0x00A59593) slli a1, a1, 0xa
x11 <- 0x6666666666666400
mem[X,0x00000000800047D8] -> 0x8593
mem[X,0x00000000800047DA] -> 0x2665
[4603] [M]: 0x00000000800047D8 (0x26658593) addi a1, a1, 0x266
x11 <- 0x6666666666666666
mem[X,0x00000000800047DC] -> 0x063B
mem[X,0x00000000800047DE] -> 0x40B5
[4604] [M]: 0x00000000800047DC (0x40B5063B) subw a2, a0, a1
x12 <- 0xFFFFFFFF9999999A
mem[X,0x00000000800047E0] -> 0xBC23
mem[X,0x00000000800047E2] -> 0x46C2
[4605] [M]: 0x00000000800047E0 (0x46C2BC23) sd a2, 0x478(t0)
mem[0x000000008000BE20] <- 0xFFFFFFFF9999999A
mem[X,0x00000000800047E4] -> 0x0513
mem[X,0x00000000800047E6] -> 0x0000
[4606] [M]: 0x00000000800047E4 (0x00000513) addi a0, zero, 0x0
x10 <- 0x0000000000000000
mem[X,0x00000000800047E8] -> 0x05B7
mem[X,0x00000000800047EA] -> 0x0000
[4607] [M]: 0x00000000800047E8 (0x000005B7) lui a1, 0x0
x11 <- 0x0000000000000000
mem[X,0x00000000800047EC] -> 0x8593
mem[X,0x00000000800047EE] -> 0xFFF5
[4608] [M]: 0x00000000800047EC (0xFFF58593) addi a1, a1, -0x1
x11 <- 0xFFFFFFFFFFFFFFFF
mem[X,0x00000000800047F0] -> 0x9593
mem[X,0x00000000800047F2] -> 0x00B5
[4609] [M]: 0x00000000800047F0 (0x00B59593) slli a1, a1, 0xb
x11 <- 0xFFFFFFFFFFFFF800
mem[X,0x00000000800047F4] -> 0x8593
mem[X,0x00000000800047F6] -> 0x2575
[4610] [M]: 0x00000000800047F4 (0x25758593) addi a1, a1, 0x257
x11 <- 0xFFFFFFFFFFFFFA57
mem[X,0x00000000800047F8] -> 0x9593
mem[X,0x00000000800047FA] -> 0x00B5
[4611] [M]: 0x00000000800047F8 (0x00B59593) slli a1, a1, 0xb
x11 <- 0xFFFFFFFFFFD2B800
mem[X,0x00000000800047FC] -> 0x8593
mem[X,0x00000000800047FE] -> 0x6C35
[4612] [M]: 0x00000000800047FC (0x6C358593) addi a1, a1, 0x6c3
x11 <- 0xFFFFFFFFFFD2BEC3
mem[X,0x0000000080004800] -> 0x9593
mem[X,0x0000000080004802] -> 0x00A5
[4613] [M]: 0x0000000080004800 (0x00A59593) slli a1, a1, 0xa
x11 <- 0xFFFFFFFF4AFB0C00
mem[X,0x0000000080004804] -> 0x8593
mem[X,0x0000000080004806] -> 0x0CD5
[4614] [M]: 0x0000000080004804 (0x0CD58593) addi a1, a1, 0xcd
x11 <- 0xFFFFFFFF4AFB0CCD
mem[X,0x0000000080004808] -> 0x063B
mem[X,0x000000008000480A] -> 0x40B5
[4615] [M]: 0x0000000080004808 (0x40B5063B) subw a2, a0, a1
x12 <- 0xFFFFFFFFB504F333
mem[X,0x000000008000480C] -> 0xB023
mem[X,0x000000008000480E] -> 0x48C2
[4616] [M]: 0x000000008000480C (0x48C2B023) sd a2, 0x480(t0)
mem[0x000000008000BE28] <- 0xFFFFFFFFB504F333
mem[X,0x0000000080004810] -> 0x0513
mem[X,0x0000000080004812] -> 0x0000
[4617] [M]: 0x0000000080004810 (0x00000513) addi a0, zero, 0x0
x10 <- 0x0000000000000000
mem[X,0x0000000080004814] -> 0x05B7
mem[X,0x0000000080004816] -> 0x0000
[4618] [M]: 0x0000000080004814 (0x000005B7) lui a1, 0x0
x11 <- 0x0000000000000000
mem[X,0x0000000080004818] -> 0x8593
mem[X,0x000000008000481A] -> 0x0005
[4619] [M]: 0x0000000080004818 (0x00058593) addi a1, a1, 0x0
x11 <- 0x0000000000000000
mem[X,0x000000008000481C] -> 0x9593
mem[X,0x000000008000481E] -> 0x00B5
[4620] [M]: 0x000000008000481C (0x00B59593) slli a1, a1, 0xb
x11 <- 0x0000000000000000
mem[X,0x0000000080004820] -> 0x8593
mem[X,0x0000000080004822] -> 0x5A85
[4621] [M]: 0x0000000080004820 (0x5A858593) addi a1, a1, 0x5a8
x11 <- 0x00000000000005A8
mem[X,0x0000000080004824] -> 0x9593
mem[X,0x0000000080004826] -> 0x00B5
[4622] [M]: 0x0000000080004824 (0x00B59593) slli a1, a1, 0xb
x11 <- 0x00000000002D4000
mem[X,0x0000000080004828] -> 0x8593
mem[X,0x000000008000482A] -> 0x13C5
[4623] [M]: 0x0000000080004828 (0x13C58593) addi a1, a1, 0x13c
x11 <- 0x00000000002D413C
mem[X,0x000000008000482C] -> 0x9593
mem[X,0x000000008000482E] -> 0x00A5
[4624] [M]: 0x000000008000482C (0x00A59593) slli a1, a1, 0xa
x11 <- 0x00000000B504F000
mem[X,0x0000000080004830] -> 0x8593
mem[X,0x0000000080004832] -> 0x3335
[4625] [M]: 0x0000000080004830 (0x33358593) addi a1, a1, 0x333
x11 <- 0x00000000B504F333
mem[X,0x0000000080004834] -> 0x063B
mem[X,0x0000000080004836] -> 0x40B5
[4626] [M]: 0x0000000080004834 (0x40B5063B) subw a2, a0, a1
x12 <- 0x000000004AFB0CCD
mem[X,0x0000000080004838] -> 0xB423
mem[X,0x000000008000483A] -> 0x48C2
[4627] [M]: 0x0000000080004838 (0x48C2B423) sd a2, 0x488(t0)
mem[0x000000008000BE30] <- 0x000000004AFB0CCD
mem[X,0x000000008000483C] -> 0x0513
mem[X,0x000000008000483E] -> 0x0000
[4628] [M]: 0x000000008000483C (0x00000513) addi a0, zero, 0x0
x10 <- 0x0000000000000000
mem[X,0x0000000080004840] -> 0x0593
mem[X,0x0000000080004842] -> 0x0020
[4629] [M]: 0x0000000080004840 (0x00200593) addi a1, zero, 0x2
x11 <- 0x0000000000000002
mem[X,0x0000000080004844] -> 0x063B
mem[X,0x0000000080004846] -> 0x40B5
[4630] [M]: 0x0000000080004844 (0x40B5063B) subw a2, a0, a1
x12 <- 0xFFFFFFFFFFFFFFFE
mem[X,0x0000000080004848] -> 0xB823
mem[X,0x000000008000484A] -> 0x48C2
[4631] [M]: 0x0000000080004848 (0x48C2B823) sd a2, 0x490(t0)
mem[0x000000008000BE38] <- 0xFFFFFFFFFFFFFFFE
mem[X,0x000000008000484C] -> 0x0513
mem[X,0x000000008000484E] -> 0x0000
[4632] [M]: 0x000000008000484C (0x00000513) addi a0, zero, 0x0
x10 <- 0x0000000000000000
mem[X,0x0000000080004850] -> 0x05B7
mem[X,0x0000000080004852] -> 0x0000
[4633] [M]: 0x0000000080004850 (0x000005B7) lui a1, 0x0
x11 <- 0x0000000000000000
mem[X,0x0000000080004854] -> 0x8593
mem[X,0x0000000080004856] -> 0xFFF5
[4634] [M]: 0x0000000080004854 (0xFFF58593) addi a1, a1, -0x1
x11 <- 0xFFFFFFFFFFFFFFFF
mem[X,0x0000000080004858] -> 0x9593
mem[X,0x000000008000485A] -> 0x00B5
[4635] [M]: 0x0000000080004858 (0x00B59593) slli a1, a1, 0xb
x11 <- 0xFFFFFFFFFFFFF800
mem[X,0x000000008000485C] -> 0x8593
mem[X,0x000000008000485E] -> 0x2575
[4636] [M]: 0x000000008000485C (0x25758593) addi a1, a1, 0x257
x11 <- 0xFFFFFFFFFFFFFA57
mem[X,0x0000000080004860] -> 0x9593
mem[X,0x0000000080004862] -> 0x00B5
[4637] [M]: 0x0000000080004860 (0x00B59593) slli a1, a1, 0xb
x11 <- 0xFFFFFFFFFFD2B800
mem[X,0x0000000080004864] -> 0x8593
mem[X,0x0000000080004866] -> 0x6C35
[4638] [M]: 0x0000000080004864 (0x6C358593) addi a1, a1, 0x6c3
x11 <- 0xFFFFFFFFFFD2BEC3
mem[X,0x0000000080004868] -> 0x9593
mem[X,0x000000008000486A] -> 0x00A5
[4639] [M]: 0x0000000080004868 (0x00A59593) slli a1, a1, 0xa
x11 <- 0xFFFFFFFF4AFB0C00
mem[X,0x000000008000486C] -> 0x8593
mem[X,0x000000008000486E] -> 0x0CE5
[4640] [M]: 0x000000008000486C (0x0CE58593) addi a1, a1, 0xce
x11 <- 0xFFFFFFFF4AFB0CCE
mem[X,0x0000000080004870] -> 0x063B
mem[X,0x0000000080004872] -> 0x40B5
[4641] [M]: 0x0000000080004870 (0x40B5063B) subw a2, a0, a1
x12 <- 0xFFFFFFFFB504F332
mem[X,0x0000000080004874] -> 0xBC23
mem[X,0x0000000080004876] -> 0x48C2
[4642] [M]: 0x0000000080004874 (0x48C2BC23) sd a2, 0x498(t0)
mem[0x000000008000BE40] <- 0xFFFFFFFFB504F332
mem[X,0x0000000080004878] -> 0x0513
mem[X,0x000000008000487A] -> 0x0000
[4643] [M]: 0x0000000080004878 (0x00000513) addi a0, zero, 0x0
x10 <- 0x0000000000000000
mem[X,0x000000008000487C] -> 0x05B7
mem[X,0x000000008000487E] -> 0x0000
[4644] [M]: 0x000000008000487C (0x000005B7) lui a1, 0x0
x11 <- 0x0000000000000000
mem[X,0x0000000080004880] -> 0x8593
mem[X,0x0000000080004882] -> 0x0005
[4645] [M]: 0x0000000080004880 (0x00058593) addi a1, a1, 0x0
x11 <- 0x0000000000000000
mem[X,0x0000000080004884] -> 0x9593
mem[X,0x0000000080004886] -> 0x00B5
[4646] [M]: 0x0000000080004884 (0x00B59593) slli a1, a1, 0xb
x11 <- 0x0000000000000000
mem[X,0x0000000080004888] -> 0x8593
mem[X,0x000000008000488A] -> 0x5A85
[4647] [M]: 0x0000000080004888 (0x5A858593) addi a1, a1, 0x5a8
x11 <- 0x00000000000005A8
mem[X,0x000000008000488C] -> 0x9593
mem[X,0x000000008000488E] -> 0x00B5
[4648] [M]: 0x000000008000488C (0x00B59593) slli a1, a1, 0xb
x11 <- 0x00000000002D4000
mem[X,0x0000000080004890] -> 0x8593
mem[X,0x0000000080004892] -> 0x13C5
[4649] [M]: 0x0000000080004890 (0x13C58593) addi a1, a1, 0x13c
x11 <- 0x00000000002D413C
mem[X,0x0000000080004894] -> 0x9593
mem[X,0x0000000080004896] -> 0x00A5
[4650] [M]: 0x0000000080004894 (0x00A59593) slli a1, a1, 0xa
x11 <- 0x00000000B504F000
mem[X,0x0000000080004898] -> 0x8593
mem[X,0x000000008000489A] -> 0x3345
[4651] [M]: 0x0000000080004898 (0x33458593) addi a1, a1, 0x334
x11 <- 0x00000000B504F334
mem[X,0x000000008000489C] -> 0x063B
mem[X,0x000000008000489E] -> 0x40B5
[4652] [M]: 0x000000008000489C (0x40B5063B) subw a2, a0, a1
x12 <- 0x000000004AFB0CCC
mem[X,0x00000000800048A0] -> 0xB023
mem[X,0x00000000800048A2] -> 0x4AC2
[4653] [M]: 0x00000000800048A0 (0x4AC2B023) sd a2, 0x4a0(t0)
mem[0x000000008000BE48] <- 0x000000004AFB0CCC
mem[X,0x00000000800048A4] -> 0x0513
mem[X,0x00000000800048A6] -> 0x0040
[4654] [M]: 0x00000000800048A4 (0x00400513) addi a0, zero, 0x4
x10 <- 0x0000000000000004
mem[X,0x00000000800048A8] -> 0x0593
mem[X,0x00000000800048AA] -> 0x0030
[4655] [M]: 0x00000000800048A8 (0x00300593) addi a1, zero, 0x3
x11 <- 0x0000000000000003
mem[X,0x00000000800048AC] -> 0x063B
mem[X,0x00000000800048AE] -> 0x40B5
[4656] [M]: 0x00000000800048AC (0x40B5063B) subw a2, a0, a1
x12 <- 0x0000000000000001
mem[X,0x00000000800048B0] -> 0xB423
mem[X,0x00000000800048B2] -> 0x4AC2
[4657] [M]: 0x00000000800048B0 (0x4AC2B423) sd a2, 0x4a8(t0)
mem[0x000000008000BE50] <- 0x0000000000000001
mem[X,0x00000000800048B4] -> 0x0513
mem[X,0x00000000800048B6] -> 0x0040
[4658] [M]: 0x00000000800048B4 (0x00400513) addi a0, zero, 0x4
x10 <- 0x0000000000000004
mem[X,0x00000000800048B8] -> 0x55B7
mem[X,0x00000000800048BA] -> 0x5555
[4659] [M]: 0x00000000800048B8 (0x555555B7) lui a1, 0x55555
x11 <- 0x0000000055555000
mem[X,0x00000000800048BC] -> 0x8593
mem[X,0x00000000800048BE] -> 0x5555
[4660] [M]: 0x00000000800048BC (0x55558593) addi a1, a1, 0x555
x11 <- 0x0000000055555555
mem[X,0x00000000800048C0] -> 0x9593
mem[X,0x00000000800048C2] -> 0x00B5
[4661] [M]: 0x00000000800048C0 (0x00B59593) slli a1, a1, 0xb
x11 <- 0x000002AAAAAAA800
mem[X,0x00000000800048C4] -> 0x8593
mem[X,0x00000000800048C6] -> 0x2AA5
[4662] [M]: 0x00000000800048C4 (0x2AA58593) addi a1, a1, 0x2aa
x11 <- 0x000002AAAAAAAAAA
mem[X,0x00000000800048C8] -> 0x9593
mem[X,0x00000000800048CA] -> 0x00B5
[4663] [M]: 0x00000000800048C8 (0x00B59593) slli a1, a1, 0xb
x11 <- 0x0015555555555000
mem[X,0x00000000800048CC] -> 0x8593
mem[X,0x00000000800048CE] -> 0x5555
[4664] [M]: 0x00000000800048CC (0x55558593) addi a1, a1, 0x555
x11 <- 0x0015555555555555
mem[X,0x00000000800048D0] -> 0x9593
mem[X,0x00000000800048D2] -> 0x00A5
[4665] [M]: 0x00000000800048D0 (0x00A59593) slli a1, a1, 0xa
x11 <- 0x5555555555555400
mem[X,0x00000000800048D4] -> 0x8593
mem[X,0x00000000800048D6] -> 0x1555
[4666] [M]: 0x00000000800048D4 (0x15558593) addi a1, a1, 0x155
x11 <- 0x5555555555555555
mem[X,0x00000000800048D8] -> 0x063B
mem[X,0x00000000800048DA] -> 0x40B5
[4667] [M]: 0x00000000800048D8 (0x40B5063B) subw a2, a0, a1
x12 <- 0xFFFFFFFFAAAAAAAF
mem[X,0x00000000800048DC] -> 0xB823
mem[X,0x00000000800048DE] -> 0x4AC2
[4668] [M]: 0x00000000800048DC (0x4AC2B823) sd a2, 0x4b0(t0)
mem[0x000000008000BE58] <- 0xFFFFFFFFAAAAAAAF
mem[X,0x00000000800048E0] -> 0x0513
mem[X,0x00000000800048E2] -> 0x0040
[4669] [M]: 0x00000000800048E0 (0x00400513) addi a0, zero, 0x4
x10 <- 0x0000000000000004
mem[X,0x00000000800048E4] -> 0xB5B7
mem[X,0x00000000800048E6] -> 0xAAAA
[4670] [M]: 0x00000000800048E4 (0xAAAAB5B7) lui a1, -0x55555
x11 <- 0xFFFFFFFFAAAAB000
mem[X,0x00000000800048E8] -> 0x8593
mem[X,0x00000000800048EA] -> 0xAAA5
[4671] [M]: 0x00000000800048E8 (0xAAA58593) addi a1, a1, -0x556
x11 <- 0xFFFFFFFFAAAAAAAA
mem[X,0x00000000800048EC] -> 0x9593
mem[X,0x00000000800048EE] -> 0x00B5
[4672] [M]: 0x00000000800048EC (0x00B59593) slli a1, a1, 0xb
x11 <- 0xFFFFFD5555555000
mem[X,0x00000000800048F0] -> 0x8593
mem[X,0x00000000800048F2] -> 0x5555
[4673] [M]: 0x00000000800048F0 (0x55558593) addi a1, a1, 0x555
x11 <- 0xFFFFFD5555555555
mem[X,0x00000000800048F4] -> 0x9593
mem[X,0x00000000800048F6] -> 0x00B5
[4674] [M]: 0x00000000800048F4 (0x00B59593) slli a1, a1, 0xb
x11 <- 0xFFEAAAAAAAAAA800
mem[X,0x00000000800048F8] -> 0x8593
mem[X,0x00000000800048FA] -> 0x2AA5
[4675] [M]: 0x00000000800048F8 (0x2AA58593) addi a1, a1, 0x2aa
x11 <- 0xFFEAAAAAAAAAAAAA
mem[X,0x00000000800048FC] -> 0x9593
mem[X,0x00000000800048FE] -> 0x00A5
[4676] [M]: 0x00000000800048FC (0x00A59593) slli a1, a1, 0xa
x11 <- 0xAAAAAAAAAAAAA800
mem[X,0x0000000080004900] -> 0x8593
mem[X,0x0000000080004902] -> 0x2AA5
[4677] [M]: 0x0000000080004900 (0x2AA58593) addi a1, a1, 0x2aa
x11 <- 0xAAAAAAAAAAAAAAAA
mem[X,0x0000000080004904] -> 0x063B
mem[X,0x0000000080004906] -> 0x40B5
[4678] [M]: 0x0000000080004904 (0x40B5063B) subw a2, a0, a1
x12 <- 0x000000005555555A
mem[X,0x0000000080004908] -> 0xBC23
mem[X,0x000000008000490A] -> 0x4AC2
[4679] [M]: 0x0000000080004908 (0x4AC2BC23) sd a2, 0x4b8(t0)
mem[0x000000008000BE60] <- 0x000000005555555A
mem[X,0x000000008000490C] -> 0x0513
mem[X,0x000000008000490E] -> 0x0040
[4680] [M]: 0x000000008000490C (0x00400513) addi a0, zero, 0x4
x10 <- 0x0000000000000004
mem[X,0x0000000080004910] -> 0x0593
mem[X,0x0000000080004912] -> 0x0050
[4681] [M]: 0x0000000080004910 (0x00500593) addi a1, zero, 0x5
x11 <- 0x0000000000000005
mem[X,0x0000000080004914] -> 0x063B
mem[X,0x0000000080004916] -> 0x40B5
[4682] [M]: 0x0000000080004914 (0x40B5063B) subw a2, a0, a1
x12 <- 0xFFFFFFFFFFFFFFFF
mem[X,0x0000000080004918] -> 0xB023
mem[X,0x000000008000491A] -> 0x4CC2
[4683] [M]: 0x0000000080004918 (0x4CC2B023) sd a2, 0x4c0(t0)
mem[0x000000008000BE68] <- 0xFFFFFFFFFFFFFFFF
mem[X,0x000000008000491C] -> 0x0513
mem[X,0x000000008000491E] -> 0x0040
[4684] [M]: 0x000000008000491C (0x00400513) addi a0, zero, 0x4
x10 <- 0x0000000000000004
mem[X,0x0000000080004920] -> 0x35B7
mem[X,0x0000000080004922] -> 0x3333
[4685] [M]: 0x0000000080004920 (0x333335B7) lui a1, 0x33333
x11 <- 0x0000000033333000
mem[X,0x0000000080004924] -> 0x8593
mem[X,0x0000000080004926] -> 0x3335
[4686] [M]: 0x0000000080004924 (0x33358593) addi a1, a1, 0x333
x11 <- 0x0000000033333333
mem[X,0x0000000080004928] -> 0x9593
mem[X,0x000000008000492A] -> 0x00B5
[4687] [M]: 0x0000000080004928 (0x00B59593) slli a1, a1, 0xb
x11 <- 0x0000019999999800
mem[X,0x000000008000492C] -> 0x8593
mem[X,0x000000008000492E] -> 0x1995
[4688] [M]: 0x000000008000492C (0x19958593) addi a1, a1, 0x199
x11 <- 0x0000019999999999
mem[X,0x0000000080004930] -> 0x9593
mem[X,0x0000000080004932] -> 0x00B5
[4689] [M]: 0x0000000080004930 (0x00B59593) slli a1, a1, 0xb
x11 <- 0x000CCCCCCCCCC800
mem[X,0x0000000080004934] -> 0x8593
mem[X,0x0000000080004936] -> 0x4CC5
[4690] [M]: 0x0000000080004934 (0x4CC58593) addi a1, a1, 0x4cc
x11 <- 0x000CCCCCCCCCCCCC
mem[X,0x0000000080004938] -> 0x9593
mem[X,0x000000008000493A] -> 0x00A5
[4691] [M]: 0x0000000080004938 (0x00A59593) slli a1, a1, 0xa
x11 <- 0x3333333333333000
mem[X,0x000000008000493C] -> 0x8593
mem[X,0x000000008000493E] -> 0x3335
[4692] [M]: 0x000000008000493C (0x33358593) addi a1, a1, 0x333
x11 <- 0x3333333333333333
mem[X,0x0000000080004940] -> 0x063B
mem[X,0x0000000080004942] -> 0x40B5
[4693] [M]: 0x0000000080004940 (0x40B5063B) subw a2, a0, a1
x12 <- 0xFFFFFFFFCCCCCCD1
mem[X,0x0000000080004944] -> 0xB423
mem[X,0x0000000080004946] -> 0x4CC2
[4694] [M]: 0x0000000080004944 (0x4CC2B423) sd a2, 0x4c8(t0)
mem[0x000000008000BE70] <- 0xFFFFFFFFCCCCCCD1
mem[X,0x0000000080004948] -> 0x0513
mem[X,0x000000008000494A] -> 0x0040
[4695] [M]: 0x0000000080004948 (0x00400513) addi a0, zero, 0x4
x10 <- 0x0000000000000004
mem[X,0x000000008000494C] -> 0x65B7
mem[X,0x000000008000494E] -> 0x6666
[4696] [M]: 0x000000008000494C (0x666665B7) lui a1, 0x66666
x11 <- 0x0000000066666000
mem[X,0x0000000080004950] -> 0x8593
mem[X,0x0000000080004952] -> 0x6665
[4697] [M]: 0x0000000080004950 (0x66658593) addi a1, a1, 0x666
x11 <- 0x0000000066666666
mem[X,0x0000000080004954] -> 0x9593
mem[X,0x0000000080004956] -> 0x00B5
[4698] [M]: 0x0000000080004954 (0x00B59593) slli a1, a1, 0xb
x11 <- 0x0000033333333000
mem[X,0x0000000080004958] -> 0x8593
mem[X,0x000000008000495A] -> 0x3335
[4699] [M]: 0x0000000080004958 (0x33358593) addi a1, a1, 0x333
x11 <- 0x0000033333333333
clint::tick mtime <- 0x000000000000002F
 clint timer pending at mtime 0x000000000000002F
htif::tick 0x0000000000000000
mem[X,0x000000008000495C] -> 0x9593
mem[X,0x000000008000495E] -> 0x00B5
[4700] [M]: 0x000000008000495C (0x00B59593) slli a1, a1, 0xb
x11 <- 0x0019999999999800
mem[X,0x0000000080004960] -> 0x8593
mem[X,0x0000000080004962] -> 0x1995
[4701] [M]: 0x0000000080004960 (0x19958593) addi a1, a1, 0x199
x11 <- 0x0019999999999999
mem[X,0x0000000080004964] -> 0x9593
mem[X,0x0000000080004966] -> 0x00A5
[4702] [M]: 0x0000000080004964 (0x00A59593) slli a1, a1, 0xa
x11 <- 0x6666666666666400
mem[X,0x0000000080004968] -> 0x8593
mem[X,0x000000008000496A] -> 0x2665
[4703] [M]: 0x0000000080004968 (0x26658593) addi a1, a1, 0x266
x11 <- 0x6666666666666666
mem[X,0x000000008000496C] -> 0x063B
mem[X,0x000000008000496E] -> 0x40B5
[4704] [M]: 0x000000008000496C (0x40B5063B) subw a2, a0, a1
x12 <- 0xFFFFFFFF9999999E
mem[X,0x0000000080004970] -> 0xB823
mem[X,0x0000000080004972] -> 0x4CC2
[4705] [M]: 0x0000000080004970 (0x4CC2B823) sd a2, 0x4d0(t0)
mem[0x000000008000BE78] <- 0xFFFFFFFF9999999E
mem[X,0x0000000080004974] -> 0x0513
mem[X,0x0000000080004976] -> 0x0040
[4706] [M]: 0x0000000080004974 (0x00400513) addi a0, zero, 0x4
x10 <- 0x0000000000000004
mem[X,0x0000000080004978] -> 0x05B7
mem[X,0x000000008000497A] -> 0x0000
[4707] [M]: 0x0000000080004978 (0x000005B7) lui a1, 0x0
x11 <- 0x0000000000000000
mem[X,0x000000008000497C] -> 0x8593
mem[X,0x000000008000497E] -> 0xFFF5
[4708] [M]: 0x000000008000497C (0xFFF58593) addi a1, a1, -0x1
x11 <- 0xFFFFFFFFFFFFFFFF
mem[X,0x0000000080004980] -> 0x9593
mem[X,0x0000000080004982] -> 0x00B5
[4709] [M]: 0x0000000080004980 (0x00B59593) slli a1, a1, 0xb
x11 <- 0xFFFFFFFFFFFFF800
mem[X,0x0000000080004984] -> 0x8593
mem[X,0x0000000080004986] -> 0x2575
[4710] [M]: 0x0000000080004984 (0x25758593) addi a1, a1, 0x257
x11 <- 0xFFFFFFFFFFFFFA57
mem[X,0x0000000080004988] -> 0x9593
mem[X,0x000000008000498A] -> 0x00B5
[4711] [M]: 0x0000000080004988 (0x00B59593) slli a1, a1, 0xb
x11 <- 0xFFFFFFFFFFD2B800
mem[X,0x000000008000498C] -> 0x8593
mem[X,0x000000008000498E] -> 0x6C35
[4712] [M]: 0x000000008000498C (0x6C358593) addi a1, a1, 0x6c3
x11 <- 0xFFFFFFFFFFD2BEC3
mem[X,0x0000000080004990] -> 0x9593
mem[X,0x0000000080004992] -> 0x00A5
[4713] [M]: 0x0000000080004990 (0x00A59593) slli a1, a1, 0xa
x11 <- 0xFFFFFFFF4AFB0C00
mem[X,0x0000000080004994] -> 0x8593
mem[X,0x0000000080004996] -> 0x0CD5
[4714] [M]: 0x0000000080004994 (0x0CD58593) addi a1, a1, 0xcd
x11 <- 0xFFFFFFFF4AFB0CCD
mem[X,0x0000000080004998] -> 0x063B
mem[X,0x000000008000499A] -> 0x40B5
[4715] [M]: 0x0000000080004998 (0x40B5063B) subw a2, a0, a1
x12 <- 0xFFFFFFFFB504F337
mem[X,0x000000008000499C] -> 0xBC23
mem[X,0x000000008000499E] -> 0x4CC2
[4716] [M]: 0x000000008000499C (0x4CC2BC23) sd a2, 0x4d8(t0)
mem[0x000000008000BE80] <- 0xFFFFFFFFB504F337
mem[X,0x00000000800049A0] -> 0x0513
mem[X,0x00000000800049A2] -> 0x0040
[4717] [M]: 0x00000000800049A0 (0x00400513) addi a0, zero, 0x4
x10 <- 0x0000000000000004
mem[X,0x00000000800049A4] -> 0x05B7
mem[X,0x00000000800049A6] -> 0x0000
[4718] [M]: 0x00000000800049A4 (0x000005B7) lui a1, 0x0
x11 <- 0x0000000000000000
mem[X,0x00000000800049A8] -> 0x8593
mem[X,0x00000000800049AA] -> 0x0005
[4719] [M]: 0x00000000800049A8 (0x00058593) addi a1, a1, 0x0
x11 <- 0x0000000000000000
mem[X,0x00000000800049AC] -> 0x9593
mem[X,0x00000000800049AE] -> 0x00B5
[4720] [M]: 0x00000000800049AC (0x00B59593) slli a1, a1, 0xb
x11 <- 0x0000000000000000
mem[X,0x00000000800049B0] -> 0x8593
mem[X,0x00000000800049B2] -> 0x5A85
[4721] [M]: 0x00000000800049B0 (0x5A858593) addi a1, a1, 0x5a8
x11 <- 0x00000000000005A8
mem[X,0x00000000800049B4] -> 0x9593
mem[X,0x00000000800049B6] -> 0x00B5
[4722] [M]: 0x00000000800049B4 (0x00B59593) slli a1, a1, 0xb
x11 <- 0x00000000002D4000
mem[X,0x00000000800049B8] -> 0x8593
mem[X,0x00000000800049BA] -> 0x13C5
[4723] [M]: 0x00000000800049B8 (0x13C58593) addi a1, a1, 0x13c
x11 <- 0x00000000002D413C
mem[X,0x00000000800049BC] -> 0x9593
mem[X,0x00000000800049BE] -> 0x00A5
[4724] [M]: 0x00000000800049BC (0x00A59593) slli a1, a1, 0xa
x11 <- 0x00000000B504F000
mem[X,0x00000000800049C0] -> 0x8593
mem[X,0x00000000800049C2] -> 0x3335
[4725] [M]: 0x00000000800049C0 (0x33358593) addi a1, a1, 0x333
x11 <- 0x00000000B504F333
mem[X,0x00000000800049C4] -> 0x063B
mem[X,0x00000000800049C6] -> 0x40B5
[4726] [M]: 0x00000000800049C4 (0x40B5063B) subw a2, a0, a1
x12 <- 0x000000004AFB0CD1
mem[X,0x00000000800049C8] -> 0xB023
mem[X,0x00000000800049CA] -> 0x4EC2
[4727] [M]: 0x00000000800049C8 (0x4EC2B023) sd a2, 0x4e0(t0)
mem[0x000000008000BE88] <- 0x000000004AFB0CD1
mem[X,0x00000000800049CC] -> 0x0513
mem[X,0x00000000800049CE] -> 0x0040
[4728] [M]: 0x00000000800049CC (0x00400513) addi a0, zero, 0x4
x10 <- 0x0000000000000004
mem[X,0x00000000800049D0] -> 0x0593
mem[X,0x00000000800049D2] -> 0x0020
[4729] [M]: 0x00000000800049D0 (0x00200593) addi a1, zero, 0x2
x11 <- 0x0000000000000002
mem[X,0x00000000800049D4] -> 0x063B
mem[X,0x00000000800049D6] -> 0x40B5
[4730] [M]: 0x00000000800049D4 (0x40B5063B) subw a2, a0, a1
x12 <- 0x0000000000000002
mem[X,0x00000000800049D8] -> 0xB423
mem[X,0x00000000800049DA] -> 0x4EC2
[4731] [M]: 0x00000000800049D8 (0x4EC2B423) sd a2, 0x4e8(t0)
mem[0x000000008000BE90] <- 0x0000000000000002
mem[X,0x00000000800049DC] -> 0x0513
mem[X,0x00000000800049DE] -> 0x0040
[4732] [M]: 0x00000000800049DC (0x00400513) addi a0, zero, 0x4
x10 <- 0x0000000000000004
mem[X,0x00000000800049E0] -> 0x55B7
mem[X,0x00000000800049E2] -> 0x5555
[4733] [M]: 0x00000000800049E0 (0x555555B7) lui a1, 0x55555
x11 <- 0x0000000055555000
mem[X,0x00000000800049E4] -> 0x8593
mem[X,0x00000000800049E6] -> 0x5555
[4734] [M]: 0x00000000800049E4 (0x55558593) addi a1, a1, 0x555
x11 <- 0x0000000055555555
mem[X,0x00000000800049E8] -> 0x9593
mem[X,0x00000000800049EA] -> 0x00B5
[4735] [M]: 0x00000000800049E8 (0x00B59593) slli a1, a1, 0xb
x11 <- 0x000002AAAAAAA800
mem[X,0x00000000800049EC] -> 0x8593
mem[X,0x00000000800049EE] -> 0x2AA5
[4736] [M]: 0x00000000800049EC (0x2AA58593) addi a1, a1, 0x2aa
x11 <- 0x000002AAAAAAAAAA
mem[X,0x00000000800049F0] -> 0x9593
mem[X,0x00000000800049F2] -> 0x00B5
[4737] [M]: 0x00000000800049F0 (0x00B59593) slli a1, a1, 0xb
x11 <- 0x0015555555555000
mem[X,0x00000000800049F4] -> 0x8593
mem[X,0x00000000800049F6] -> 0x5555
[4738] [M]: 0x00000000800049F4 (0x55558593) addi a1, a1, 0x555
x11 <- 0x0015555555555555
mem[X,0x00000000800049F8] -> 0x9593
mem[X,0x00000000800049FA] -> 0x00A5
[4739] [M]: 0x00000000800049F8 (0x00A59593) slli a1, a1, 0xa
x11 <- 0x5555555555555400
mem[X,0x00000000800049FC] -> 0x8593
mem[X,0x00000000800049FE] -> 0x1545
[4740] [M]: 0x00000000800049FC (0x15458593) addi a1, a1, 0x154
x11 <- 0x5555555555555554
mem[X,0x0000000080004A00] -> 0x063B
mem[X,0x0000000080004A02] -> 0x40B5
[4741] [M]: 0x0000000080004A00 (0x40B5063B) subw a2, a0, a1
x12 <- 0xFFFFFFFFAAAAAAB0
mem[X,0x0000000080004A04] -> 0xB823
mem[X,0x0000000080004A06] -> 0x4EC2
[4742] [M]: 0x0000000080004A04 (0x4EC2B823) sd a2, 0x4f0(t0)
mem[0x000000008000BE98] <- 0xFFFFFFFFAAAAAAB0
mem[X,0x0000000080004A08] -> 0x0513
mem[X,0x0000000080004A0A] -> 0x0040
[4743] [M]: 0x0000000080004A08 (0x00400513) addi a0, zero, 0x4
x10 <- 0x0000000000000004
mem[X,0x0000000080004A0C] -> 0x0593
mem[X,0x0000000080004A0E] -> 0x0000
[4744] [M]: 0x0000000080004A0C (0x00000593) addi a1, zero, 0x0
x11 <- 0x0000000000000000
mem[X,0x0000000080004A10] -> 0x063B
mem[X,0x0000000080004A12] -> 0x40B5
[4745] [M]: 0x0000000080004A10 (0x40B5063B) subw a2, a0, a1
x12 <- 0x0000000000000004
mem[X,0x0000000080004A14] -> 0xBC23
mem[X,0x0000000080004A16] -> 0x4EC2
[4746] [M]: 0x0000000080004A14 (0x4EC2BC23) sd a2, 0x4f8(t0)
mem[0x000000008000BEA0] <- 0x0000000000000004
mem[X,0x0000000080004A18] -> 0x0513
mem[X,0x0000000080004A1A] -> 0x0040
[4747] [M]: 0x0000000080004A18 (0x00400513) addi a0, zero, 0x4
x10 <- 0x0000000000000004
mem[X,0x0000000080004A1C] -> 0x0593
mem[X,0x0000000080004A1E] -> 0x0040
[4748] [M]: 0x0000000080004A1C (0x00400593) addi a1, zero, 0x4
x11 <- 0x0000000000000004
mem[X,0x0000000080004A20] -> 0x063B
mem[X,0x0000000080004A22] -> 0x40B5
[4749] [M]: 0x0000000080004A20 (0x40B5063B) subw a2, a0, a1
x12 <- 0x0000000000000000
mem[X,0x0000000080004A24] -> 0xB023
mem[X,0x0000000080004A26] -> 0x50C2
[4750] [M]: 0x0000000080004A24 (0x50C2B023) sd a2, 0x500(t0)
mem[0x000000008000BEA8] <- 0x0000000000000000
mem[X,0x0000000080004A28] -> 0x0513
mem[X,0x0000000080004A2A] -> 0x0040
[4751] [M]: 0x0000000080004A28 (0x00400513) addi a0, zero, 0x4
x10 <- 0x0000000000000004
mem[X,0x0000000080004A2C] -> 0x35B7
mem[X,0x0000000080004A2E] -> 0x3333
[4752] [M]: 0x0000000080004A2C (0x333335B7) lui a1, 0x33333
x11 <- 0x0000000033333000
mem[X,0x0000000080004A30] -> 0x8593
mem[X,0x0000000080004A32] -> 0x3335
[4753] [M]: 0x0000000080004A30 (0x33358593) addi a1, a1, 0x333
x11 <- 0x0000000033333333
mem[X,0x0000000080004A34] -> 0x9593
mem[X,0x0000000080004A36] -> 0x00B5
[4754] [M]: 0x0000000080004A34 (0x00B59593) slli a1, a1, 0xb
x11 <- 0x0000019999999800
mem[X,0x0000000080004A38] -> 0x8593
mem[X,0x0000000080004A3A] -> 0x1995
[4755] [M]: 0x0000000080004A38 (0x19958593) addi a1, a1, 0x199
x11 <- 0x0000019999999999
mem[X,0x0000000080004A3C] -> 0x9593
mem[X,0x0000000080004A3E] -> 0x00B5
[4756] [M]: 0x0000000080004A3C (0x00B59593) slli a1, a1, 0xb
x11 <- 0x000CCCCCCCCCC800
mem[X,0x0000000080004A40] -> 0x8593
mem[X,0x0000000080004A42] -> 0x4CC5
[4757] [M]: 0x0000000080004A40 (0x4CC58593) addi a1, a1, 0x4cc
x11 <- 0x000CCCCCCCCCCCCC
mem[X,0x0000000080004A44] -> 0x9593
mem[X,0x0000000080004A46] -> 0x00A5
[4758] [M]: 0x0000000080004A44 (0x00A59593) slli a1, a1, 0xa
x11 <- 0x3333333333333000
mem[X,0x0000000080004A48] -> 0x8593
mem[X,0x0000000080004A4A] -> 0x3325
[4759] [M]: 0x0000000080004A48 (0x33258593) addi a1, a1, 0x332
x11 <- 0x3333333333333332
mem[X,0x0000000080004A4C] -> 0x063B
mem[X,0x0000000080004A4E] -> 0x40B5
[4760] [M]: 0x0000000080004A4C (0x40B5063B) subw a2, a0, a1
x12 <- 0xFFFFFFFFCCCCCCD2
mem[X,0x0000000080004A50] -> 0xB423
mem[X,0x0000000080004A52] -> 0x50C2
[4761] [M]: 0x0000000080004A50 (0x50C2B423) sd a2, 0x508(t0)
mem[0x000000008000BEB0] <- 0xFFFFFFFFCCCCCCD2
mem[X,0x0000000080004A54] -> 0x0513
mem[X,0x0000000080004A56] -> 0x0040
[4762] [M]: 0x0000000080004A54 (0x00400513) addi a0, zero, 0x4
x10 <- 0x0000000000000004
mem[X,0x0000000080004A58] -> 0x65B7
mem[X,0x0000000080004A5A] -> 0x6666
[4763] [M]: 0x0000000080004A58 (0x666665B7) lui a1, 0x66666
x11 <- 0x0000000066666000
mem[X,0x0000000080004A5C] -> 0x8593
mem[X,0x0000000080004A5E] -> 0x6665
[4764] [M]: 0x0000000080004A5C (0x66658593) addi a1, a1, 0x666
x11 <- 0x0000000066666666
mem[X,0x0000000080004A60] -> 0x9593
mem[X,0x0000000080004A62] -> 0x00B5
[4765] [M]: 0x0000000080004A60 (0x00B59593) slli a1, a1, 0xb
x11 <- 0x0000033333333000
mem[X,0x0000000080004A64] -> 0x8593
mem[X,0x0000000080004A66] -> 0x3335
[4766] [M]: 0x0000000080004A64 (0x33358593) addi a1, a1, 0x333
x11 <- 0x0000033333333333
mem[X,0x0000000080004A68] -> 0x9593
mem[X,0x0000000080004A6A] -> 0x00B5
[4767] [M]: 0x0000000080004A68 (0x00B59593) slli a1, a1, 0xb
x11 <- 0x0019999999999800
mem[X,0x0000000080004A6C] -> 0x8593
mem[X,0x0000000080004A6E] -> 0x1995
[4768] [M]: 0x0000000080004A6C (0x19958593) addi a1, a1, 0x199
x11 <- 0x0019999999999999
mem[X,0x0000000080004A70] -> 0x9593
mem[X,0x0000000080004A72] -> 0x00A5
[4769] [M]: 0x0000000080004A70 (0x00A59593) slli a1, a1, 0xa
x11 <- 0x6666666666666400
mem[X,0x0000000080004A74] -> 0x8593
mem[X,0x0000000080004A76] -> 0x2655
[4770] [M]: 0x0000000080004A74 (0x26558593) addi a1, a1, 0x265
x11 <- 0x6666666666666665
mem[X,0x0000000080004A78] -> 0x063B
mem[X,0x0000000080004A7A] -> 0x40B5
[4771] [M]: 0x0000000080004A78 (0x40B5063B) subw a2, a0, a1
x12 <- 0xFFFFFFFF9999999F
mem[X,0x0000000080004A7C] -> 0xB823
mem[X,0x0000000080004A7E] -> 0x50C2
[4772] [M]: 0x0000000080004A7C (0x50C2B823) sd a2, 0x510(t0)
mem[0x000000008000BEB8] <- 0xFFFFFFFF9999999F
mem[X,0x0000000080004A80] -> 0x0513
mem[X,0x0000000080004A82] -> 0x0040
[4773] [M]: 0x0000000080004A80 (0x00400513) addi a0, zero, 0x4
x10 <- 0x0000000000000004
mem[X,0x0000000080004A84] -> 0x05B7
mem[X,0x0000000080004A86] -> 0x0000
[4774] [M]: 0x0000000080004A84 (0x000005B7) lui a1, 0x0
x11 <- 0x0000000000000000
mem[X,0x0000000080004A88] -> 0x8593
mem[X,0x0000000080004A8A] -> 0x0005
[4775] [M]: 0x0000000080004A88 (0x00058593) addi a1, a1, 0x0
x11 <- 0x0000000000000000
mem[X,0x0000000080004A8C] -> 0x9593
mem[X,0x0000000080004A8E] -> 0x00B5
[4776] [M]: 0x0000000080004A8C (0x00B59593) slli a1, a1, 0xb
x11 <- 0x0000000000000000
mem[X,0x0000000080004A90] -> 0x8593
mem[X,0x0000000080004A92] -> 0x5A85
[4777] [M]: 0x0000000080004A90 (0x5A858593) addi a1, a1, 0x5a8
x11 <- 0x00000000000005A8
mem[X,0x0000000080004A94] -> 0x9593
mem[X,0x0000000080004A96] -> 0x00B5
[4778] [M]: 0x0000000080004A94 (0x00B59593) slli a1, a1, 0xb
x11 <- 0x00000000002D4000
mem[X,0x0000000080004A98] -> 0x8593
mem[X,0x0000000080004A9A] -> 0x13C5
[4779] [M]: 0x0000000080004A98 (0x13C58593) addi a1, a1, 0x13c
x11 <- 0x00000000002D413C
mem[X,0x0000000080004A9C] -> 0x9593
mem[X,0x0000000080004A9E] -> 0x00A5
[4780] [M]: 0x0000000080004A9C (0x00A59593) slli a1, a1, 0xa
x11 <- 0x00000000B504F000
mem[X,0x0000000080004AA0] -> 0x8593
mem[X,0x0000000080004AA2] -> 0x3325
[4781] [M]: 0x0000000080004AA0 (0x33258593) addi a1, a1, 0x332
x11 <- 0x00000000B504F332
mem[X,0x0000000080004AA4] -> 0x063B
mem[X,0x0000000080004AA6] -> 0x40B5
[4782] [M]: 0x0000000080004AA4 (0x40B5063B) subw a2, a0, a1
x12 <- 0x000000004AFB0CD2
mem[X,0x0000000080004AA8] -> 0xBC23
mem[X,0x0000000080004AAA] -> 0x50C2
[4783] [M]: 0x0000000080004AA8 (0x50C2BC23) sd a2, 0x518(t0)
mem[0x000000008000BEC0] <- 0x000000004AFB0CD2
mem[X,0x0000000080004AAC] -> 0x0513
mem[X,0x0000000080004AAE] -> 0x0040
[4784] [M]: 0x0000000080004AAC (0x00400513) addi a0, zero, 0x4
x10 <- 0x0000000000000004
mem[X,0x0000000080004AB0] -> 0x55B7
mem[X,0x0000000080004AB2] -> 0x5555
[4785] [M]: 0x0000000080004AB0 (0x555555B7) lui a1, 0x55555
x11 <- 0x0000000055555000
mem[X,0x0000000080004AB4] -> 0x8593
mem[X,0x0000000080004AB6] -> 0x5555
[4786] [M]: 0x0000000080004AB4 (0x55558593) addi a1, a1, 0x555
x11 <- 0x0000000055555555
mem[X,0x0000000080004AB8] -> 0x9593
mem[X,0x0000000080004ABA] -> 0x00B5
[4787] [M]: 0x0000000080004AB8 (0x00B59593) slli a1, a1, 0xb
x11 <- 0x000002AAAAAAA800
mem[X,0x0000000080004ABC] -> 0x8593
mem[X,0x0000000080004ABE] -> 0x2AA5
[4788] [M]: 0x0000000080004ABC (0x2AA58593) addi a1, a1, 0x2aa
x11 <- 0x000002AAAAAAAAAA
mem[X,0x0000000080004AC0] -> 0x9593
mem[X,0x0000000080004AC2] -> 0x00B5
[4789] [M]: 0x0000000080004AC0 (0x00B59593) slli a1, a1, 0xb
x11 <- 0x0015555555555000
mem[X,0x0000000080004AC4] -> 0x8593
mem[X,0x0000000080004AC6] -> 0x5555
[4790] [M]: 0x0000000080004AC4 (0x55558593) addi a1, a1, 0x555
x11 <- 0x0015555555555555
mem[X,0x0000000080004AC8] -> 0x9593
mem[X,0x0000000080004ACA] -> 0x00A5
[4791] [M]: 0x0000000080004AC8 (0x00A59593) slli a1, a1, 0xa
x11 <- 0x5555555555555400
mem[X,0x0000000080004ACC] -> 0x8593
mem[X,0x0000000080004ACE] -> 0x1565
[4792] [M]: 0x0000000080004ACC (0x15658593) addi a1, a1, 0x156
x11 <- 0x5555555555555556
mem[X,0x0000000080004AD0] -> 0x063B
mem[X,0x0000000080004AD2] -> 0x40B5
[4793] [M]: 0x0000000080004AD0 (0x40B5063B) subw a2, a0, a1
x12 <- 0xFFFFFFFFAAAAAAAE
mem[X,0x0000000080004AD4] -> 0xB023
mem[X,0x0000000080004AD6] -> 0x52C2
[4794] [M]: 0x0000000080004AD4 (0x52C2B023) sd a2, 0x520(t0)
mem[0x000000008000BEC8] <- 0xFFFFFFFFAAAAAAAE
mem[X,0x0000000080004AD8] -> 0x0513
mem[X,0x0000000080004ADA] -> 0x0040
[4795] [M]: 0x0000000080004AD8 (0x00400513) addi a0, zero, 0x4
x10 <- 0x0000000000000004
mem[X,0x0000000080004ADC] -> 0xB5B7
mem[X,0x0000000080004ADE] -> 0xAAAA
[4796] [M]: 0x0000000080004ADC (0xAAAAB5B7) lui a1, -0x55555
x11 <- 0xFFFFFFFFAAAAB000
mem[X,0x0000000080004AE0] -> 0x8593
mem[X,0x0000000080004AE2] -> 0xAAA5
[4797] [M]: 0x0000000080004AE0 (0xAAA58593) addi a1, a1, -0x556
x11 <- 0xFFFFFFFFAAAAAAAA
mem[X,0x0000000080004AE4] -> 0x9593
mem[X,0x0000000080004AE6] -> 0x00B5
[4798] [M]: 0x0000000080004AE4 (0x00B59593) slli a1, a1, 0xb
x11 <- 0xFFFFFD5555555000
mem[X,0x0000000080004AE8] -> 0x8593
mem[X,0x0000000080004AEA] -> 0x5555
[4799] [M]: 0x0000000080004AE8 (0x55558593) addi a1, a1, 0x555
x11 <- 0xFFFFFD5555555555
clint::tick mtime <- 0x0000000000000030
 clint timer pending at mtime 0x0000000000000030
htif::tick 0x0000000000000000
mem[X,0x0000000080004AEC] -> 0x9593
mem[X,0x0000000080004AEE] -> 0x00B5
[4800] [M]: 0x0000000080004AEC (0x00B59593) slli a1, a1, 0xb
x11 <- 0xFFEAAAAAAAAAA800
mem[X,0x0000000080004AF0] -> 0x8593
mem[X,0x0000000080004AF2] -> 0x2AA5
[4801] [M]: 0x0000000080004AF0 (0x2AA58593) addi a1, a1, 0x2aa
x11 <- 0xFFEAAAAAAAAAAAAA
mem[X,0x0000000080004AF4] -> 0x9593
mem[X,0x0000000080004AF6] -> 0x00A5
[4802] [M]: 0x0000000080004AF4 (0x00A59593) slli a1, a1, 0xa
x11 <- 0xAAAAAAAAAAAAA800
mem[X,0x0000000080004AF8] -> 0x8593
mem[X,0x0000000080004AFA] -> 0x2AB5
[4803] [M]: 0x0000000080004AF8 (0x2AB58593) addi a1, a1, 0x2ab
x11 <- 0xAAAAAAAAAAAAAAAB
mem[X,0x0000000080004AFC] -> 0x063B
mem[X,0x0000000080004AFE] -> 0x40B5
[4804] [M]: 0x0000000080004AFC (0x40B5063B) subw a2, a0, a1
x12 <- 0x0000000055555559
mem[X,0x0000000080004B00] -> 0xB423
mem[X,0x0000000080004B02] -> 0x52C2
[4805] [M]: 0x0000000080004B00 (0x52C2B423) sd a2, 0x528(t0)
mem[0x000000008000BED0] <- 0x0000000055555559
mem[X,0x0000000080004B04] -> 0x0513
mem[X,0x0000000080004B06] -> 0x0040
[4806] [M]: 0x0000000080004B04 (0x00400513) addi a0, zero, 0x4
x10 <- 0x0000000000000004
mem[X,0x0000000080004B08] -> 0x0593
mem[X,0x0000000080004B0A] -> 0x0060
[4807] [M]: 0x0000000080004B08 (0x00600593) addi a1, zero, 0x6
x11 <- 0x0000000000000006
mem[X,0x0000000080004B0C] -> 0x063B
mem[X,0x0000000080004B0E] -> 0x40B5
[4808] [M]: 0x0000000080004B0C (0x40B5063B) subw a2, a0, a1
x12 <- 0xFFFFFFFFFFFFFFFE
mem[X,0x0000000080004B10] -> 0xB823
mem[X,0x0000000080004B12] -> 0x52C2
[4809] [M]: 0x0000000080004B10 (0x52C2B823) sd a2, 0x530(t0)
mem[0x000000008000BED8] <- 0xFFFFFFFFFFFFFFFE
mem[X,0x0000000080004B14] -> 0x0513
mem[X,0x0000000080004B16] -> 0x0040
[4810] [M]: 0x0000000080004B14 (0x00400513) addi a0, zero, 0x4
x10 <- 0x0000000000000004
mem[X,0x0000000080004B18] -> 0x35B7
mem[X,0x0000000080004B1A] -> 0x3333
[4811] [M]: 0x0000000080004B18 (0x333335B7) lui a1, 0x33333
x11 <- 0x0000000033333000
mem[X,0x0000000080004B1C] -> 0x8593
mem[X,0x0000000080004B1E] -> 0x3335
[4812] [M]: 0x0000000080004B1C (0x33358593) addi a1, a1, 0x333
x11 <- 0x0000000033333333
mem[X,0x0000000080004B20] -> 0x9593
mem[X,0x0000000080004B22] -> 0x00B5
[4813] [M]: 0x0000000080004B20 (0x00B59593) slli a1, a1, 0xb
x11 <- 0x0000019999999800
mem[X,0x0000000080004B24] -> 0x8593
mem[X,0x0000000080004B26] -> 0x1995
[4814] [M]: 0x0000000080004B24 (0x19958593) addi a1, a1, 0x199
x11 <- 0x0000019999999999
mem[X,0x0000000080004B28] -> 0x9593
mem[X,0x0000000080004B2A] -> 0x00B5
[4815] [M]: 0x0000000080004B28 (0x00B59593) slli a1, a1, 0xb
x11 <- 0x000CCCCCCCCCC800
mem[X,0x0000000080004B2C] -> 0x8593
mem[X,0x0000000080004B2E] -> 0x4CC5
[4816] [M]: 0x0000000080004B2C (0x4CC58593) addi a1, a1, 0x4cc
x11 <- 0x000CCCCCCCCCCCCC
mem[X,0x0000000080004B30] -> 0x9593
mem[X,0x0000000080004B32] -> 0x00A5
[4817] [M]: 0x0000000080004B30 (0x00A59593) slli a1, a1, 0xa
x11 <- 0x3333333333333000
mem[X,0x0000000080004B34] -> 0x8593
mem[X,0x0000000080004B36] -> 0x3345
[4818] [M]: 0x0000000080004B34 (0x33458593) addi a1, a1, 0x334
x11 <- 0x3333333333333334
mem[X,0x0000000080004B38] -> 0x063B
mem[X,0x0000000080004B3A] -> 0x40B5
[4819] [M]: 0x0000000080004B38 (0x40B5063B) subw a2, a0, a1
x12 <- 0xFFFFFFFFCCCCCCD0
mem[X,0x0000000080004B3C] -> 0xBC23
mem[X,0x0000000080004B3E] -> 0x52C2
[4820] [M]: 0x0000000080004B3C (0x52C2BC23) sd a2, 0x538(t0)
mem[0x000000008000BEE0] <- 0xFFFFFFFFCCCCCCD0
mem[X,0x0000000080004B40] -> 0x0513
mem[X,0x0000000080004B42] -> 0x0040
[4821] [M]: 0x0000000080004B40 (0x00400513) addi a0, zero, 0x4
x10 <- 0x0000000000000004
mem[X,0x0000000080004B44] -> 0x65B7
mem[X,0x0000000080004B46] -> 0x6666
[4822] [M]: 0x0000000080004B44 (0x666665B7) lui a1, 0x66666
x11 <- 0x0000000066666000
mem[X,0x0000000080004B48] -> 0x8593
mem[X,0x0000000080004B4A] -> 0x6665
[4823] [M]: 0x0000000080004B48 (0x66658593) addi a1, a1, 0x666
x11 <- 0x0000000066666666
mem[X,0x0000000080004B4C] -> 0x9593
mem[X,0x0000000080004B4E] -> 0x00B5
[4824] [M]: 0x0000000080004B4C (0x00B59593) slli a1, a1, 0xb
x11 <- 0x0000033333333000
mem[X,0x0000000080004B50] -> 0x8593
mem[X,0x0000000080004B52] -> 0x3335
[4825] [M]: 0x0000000080004B50 (0x33358593) addi a1, a1, 0x333
x11 <- 0x0000033333333333
mem[X,0x0000000080004B54] -> 0x9593
mem[X,0x0000000080004B56] -> 0x00B5
[4826] [M]: 0x0000000080004B54 (0x00B59593) slli a1, a1, 0xb
x11 <- 0x0019999999999800
mem[X,0x0000000080004B58] -> 0x8593
mem[X,0x0000000080004B5A] -> 0x1995
[4827] [M]: 0x0000000080004B58 (0x19958593) addi a1, a1, 0x199
x11 <- 0x0019999999999999
mem[X,0x0000000080004B5C] -> 0x9593
mem[X,0x0000000080004B5E] -> 0x00A5
[4828] [M]: 0x0000000080004B5C (0x00A59593) slli a1, a1, 0xa
x11 <- 0x6666666666666400
mem[X,0x0000000080004B60] -> 0x8593
mem[X,0x0000000080004B62] -> 0x2675
[4829] [M]: 0x0000000080004B60 (0x26758593) addi a1, a1, 0x267
x11 <- 0x6666666666666667
mem[X,0x0000000080004B64] -> 0x063B
mem[X,0x0000000080004B66] -> 0x40B5
[4830] [M]: 0x0000000080004B64 (0x40B5063B) subw a2, a0, a1
x12 <- 0xFFFFFFFF9999999D
mem[X,0x0000000080004B68] -> 0xB023
mem[X,0x0000000080004B6A] -> 0x54C2
[4831] [M]: 0x0000000080004B68 (0x54C2B023) sd a2, 0x540(t0)
mem[0x000000008000BEE8] <- 0xFFFFFFFF9999999D
mem[X,0x0000000080004B6C] -> 0x0513
mem[X,0x0000000080004B6E] -> 0x0040
[4832] [M]: 0x0000000080004B6C (0x00400513) addi a0, zero, 0x4
x10 <- 0x0000000000000004
mem[X,0x0000000080004B70] -> 0x05B7
mem[X,0x0000000080004B72] -> 0x0000
[4833] [M]: 0x0000000080004B70 (0x000005B7) lui a1, 0x0
x11 <- 0x0000000000000000
mem[X,0x0000000080004B74] -> 0x8593
mem[X,0x0000000080004B76] -> 0xFFF5
[4834] [M]: 0x0000000080004B74 (0xFFF58593) addi a1, a1, -0x1
x11 <- 0xFFFFFFFFFFFFFFFF
mem[X,0x0000000080004B78] -> 0x9593
mem[X,0x0000000080004B7A] -> 0x00B5
[4835] [M]: 0x0000000080004B78 (0x00B59593) slli a1, a1, 0xb
x11 <- 0xFFFFFFFFFFFFF800
mem[X,0x0000000080004B7C] -> 0x8593
mem[X,0x0000000080004B7E] -> 0x2575
[4836] [M]: 0x0000000080004B7C (0x25758593) addi a1, a1, 0x257
x11 <- 0xFFFFFFFFFFFFFA57
mem[X,0x0000000080004B80] -> 0x9593
mem[X,0x0000000080004B82] -> 0x00B5
[4837] [M]: 0x0000000080004B80 (0x00B59593) slli a1, a1, 0xb
x11 <- 0xFFFFFFFFFFD2B800
mem[X,0x0000000080004B84] -> 0x8593
mem[X,0x0000000080004B86] -> 0x6C35
[4838] [M]: 0x0000000080004B84 (0x6C358593) addi a1, a1, 0x6c3
x11 <- 0xFFFFFFFFFFD2BEC3
mem[X,0x0000000080004B88] -> 0x9593
mem[X,0x0000000080004B8A] -> 0x00A5
[4839] [M]: 0x0000000080004B88 (0x00A59593) slli a1, a1, 0xa
x11 <- 0xFFFFFFFF4AFB0C00
mem[X,0x0000000080004B8C] -> 0x8593
mem[X,0x0000000080004B8E] -> 0x0CE5
[4840] [M]: 0x0000000080004B8C (0x0CE58593) addi a1, a1, 0xce
x11 <- 0xFFFFFFFF4AFB0CCE
mem[X,0x0000000080004B90] -> 0x063B
mem[X,0x0000000080004B92] -> 0x40B5
[4841] [M]: 0x0000000080004B90 (0x40B5063B) subw a2, a0, a1
x12 <- 0xFFFFFFFFB504F336
mem[X,0x0000000080004B94] -> 0xB423
mem[X,0x0000000080004B96] -> 0x54C2
[4842] [M]: 0x0000000080004B94 (0x54C2B423) sd a2, 0x548(t0)
mem[0x000000008000BEF0] <- 0xFFFFFFFFB504F336
mem[X,0x0000000080004B98] -> 0x0513
mem[X,0x0000000080004B9A] -> 0x0040
[4843] [M]: 0x0000000080004B98 (0x00400513) addi a0, zero, 0x4
x10 <- 0x0000000000000004
mem[X,0x0000000080004B9C] -> 0x05B7
mem[X,0x0000000080004B9E] -> 0x0000
[4844] [M]: 0x0000000080004B9C (0x000005B7) lui a1, 0x0
x11 <- 0x0000000000000000
mem[X,0x0000000080004BA0] -> 0x8593
mem[X,0x0000000080004BA2] -> 0x0005
[4845] [M]: 0x0000000080004BA0 (0x00058593) addi a1, a1, 0x0
x11 <- 0x0000000000000000
mem[X,0x0000000080004BA4] -> 0x9593
mem[X,0x0000000080004BA6] -> 0x00B5
[4846] [M]: 0x0000000080004BA4 (0x00B59593) slli a1, a1, 0xb
x11 <- 0x0000000000000000
mem[X,0x0000000080004BA8] -> 0x8593
mem[X,0x0000000080004BAA] -> 0x5A85
[4847] [M]: 0x0000000080004BA8 (0x5A858593) addi a1, a1, 0x5a8
x11 <- 0x00000000000005A8
mem[X,0x0000000080004BAC] -> 0x9593
mem[X,0x0000000080004BAE] -> 0x00B5
[4848] [M]: 0x0000000080004BAC (0x00B59593) slli a1, a1, 0xb
x11 <- 0x00000000002D4000
mem[X,0x0000000080004BB0] -> 0x8593
mem[X,0x0000000080004BB2] -> 0x13C5
[4849] [M]: 0x0000000080004BB0 (0x13C58593) addi a1, a1, 0x13c
x11 <- 0x00000000002D413C
mem[X,0x0000000080004BB4] -> 0x9593
mem[X,0x0000000080004BB6] -> 0x00A5
[4850] [M]: 0x0000000080004BB4 (0x00A59593) slli a1, a1, 0xa
x11 <- 0x00000000B504F000
mem[X,0x0000000080004BB8] -> 0x8593
mem[X,0x0000000080004BBA] -> 0x3345
[4851] [M]: 0x0000000080004BB8 (0x33458593) addi a1, a1, 0x334
x11 <- 0x00000000B504F334
mem[X,0x0000000080004BBC] -> 0x063B
mem[X,0x0000000080004BBE] -> 0x40B5
[4852] [M]: 0x0000000080004BBC (0x40B5063B) subw a2, a0, a1
x12 <- 0x000000004AFB0CD0
mem[X,0x0000000080004BC0] -> 0xB823
mem[X,0x0000000080004BC2] -> 0x54C2
[4853] [M]: 0x0000000080004BC0 (0x54C2B823) sd a2, 0x550(t0)
mem[0x000000008000BEF8] <- 0x000000004AFB0CD0
mem[X,0x0000000080004BC4] -> 0x3537
mem[X,0x0000000080004BC6] -> 0x3333
[4854] [M]: 0x0000000080004BC4 (0x33333537) lui a0, 0x33333
x10 <- 0x0000000033333000
mem[X,0x0000000080004BC8] -> 0x0513
mem[X,0x0000000080004BCA] -> 0x3335
[4855] [M]: 0x0000000080004BC8 (0x33350513) addi a0, a0, 0x333
x10 <- 0x0000000033333333
mem[X,0x0000000080004BCC] -> 0x1513
mem[X,0x0000000080004BCE] -> 0x00B5
[4856] [M]: 0x0000000080004BCC (0x00B51513) slli a0, a0, 0xb
x10 <- 0x0000019999999800
mem[X,0x0000000080004BD0] -> 0x0513
mem[X,0x0000000080004BD2] -> 0x1995
[4857] [M]: 0x0000000080004BD0 (0x19950513) addi a0, a0, 0x199
x10 <- 0x0000019999999999
mem[X,0x0000000080004BD4] -> 0x1513
mem[X,0x0000000080004BD6] -> 0x00B5
[4858] [M]: 0x0000000080004BD4 (0x00B51513) slli a0, a0, 0xb
x10 <- 0x000CCCCCCCCCC800
mem[X,0x0000000080004BD8] -> 0x0513
mem[X,0x0000000080004BDA] -> 0x4CC5
[4859] [M]: 0x0000000080004BD8 (0x4CC50513) addi a0, a0, 0x4cc
x10 <- 0x000CCCCCCCCCCCCC
mem[X,0x0000000080004BDC] -> 0x1513
mem[X,0x0000000080004BDE] -> 0x00A5
[4860] [M]: 0x0000000080004BDC (0x00A51513) slli a0, a0, 0xa
x10 <- 0x3333333333333000
mem[X,0x0000000080004BE0] -> 0x0513
mem[X,0x0000000080004BE2] -> 0x3325
[4861] [M]: 0x0000000080004BE0 (0x33250513) addi a0, a0, 0x332
x10 <- 0x3333333333333332
mem[X,0x0000000080004BE4] -> 0x0593
mem[X,0x0000000080004BE6] -> 0x0030
[4862] [M]: 0x0000000080004BE4 (0x00300593) addi a1, zero, 0x3
x11 <- 0x0000000000000003
mem[X,0x0000000080004BE8] -> 0x063B
mem[X,0x0000000080004BEA] -> 0x40B5
[4863] [M]: 0x0000000080004BE8 (0x40B5063B) subw a2, a0, a1
x12 <- 0x000000003333332F
mem[X,0x0000000080004BEC] -> 0xBC23
mem[X,0x0000000080004BEE] -> 0x54C2
[4864] [M]: 0x0000000080004BEC (0x54C2BC23) sd a2, 0x558(t0)
mem[0x000000008000BF00] <- 0x000000003333332F
mem[X,0x0000000080004BF0] -> 0x3537
mem[X,0x0000000080004BF2] -> 0x3333
[4865] [M]: 0x0000000080004BF0 (0x33333537) lui a0, 0x33333
x10 <- 0x0000000033333000
mem[X,0x0000000080004BF4] -> 0x0513
mem[X,0x0000000080004BF6] -> 0x3335
[4866] [M]: 0x0000000080004BF4 (0x33350513) addi a0, a0, 0x333
x10 <- 0x0000000033333333
mem[X,0x0000000080004BF8] -> 0x1513
mem[X,0x0000000080004BFA] -> 0x00B5
[4867] [M]: 0x0000000080004BF8 (0x00B51513) slli a0, a0, 0xb
x10 <- 0x0000019999999800
mem[X,0x0000000080004BFC] -> 0x0513
mem[X,0x0000000080004BFE] -> 0x1995
[4868] [M]: 0x0000000080004BFC (0x19950513) addi a0, a0, 0x199
x10 <- 0x0000019999999999
mem[X,0x0000000080004C00] -> 0x1513
mem[X,0x0000000080004C02] -> 0x00B5
[4869] [M]: 0x0000000080004C00 (0x00B51513) slli a0, a0, 0xb
x10 <- 0x000CCCCCCCCCC800
mem[X,0x0000000080004C04] -> 0x0513
mem[X,0x0000000080004C06] -> 0x4CC5
[4870] [M]: 0x0000000080004C04 (0x4CC50513) addi a0, a0, 0x4cc
x10 <- 0x000CCCCCCCCCCCCC
mem[X,0x0000000080004C08] -> 0x1513
mem[X,0x0000000080004C0A] -> 0x00A5
[4871] [M]: 0x0000000080004C08 (0x00A51513) slli a0, a0, 0xa
x10 <- 0x3333333333333000
mem[X,0x0000000080004C0C] -> 0x0513
mem[X,0x0000000080004C0E] -> 0x3325
[4872] [M]: 0x0000000080004C0C (0x33250513) addi a0, a0, 0x332
x10 <- 0x3333333333333332
mem[X,0x0000000080004C10] -> 0x55B7
mem[X,0x0000000080004C12] -> 0x5555
[4873] [M]: 0x0000000080004C10 (0x555555B7) lui a1, 0x55555
x11 <- 0x0000000055555000
mem[X,0x0000000080004C14] -> 0x8593
mem[X,0x0000000080004C16] -> 0x5555
[4874] [M]: 0x0000000080004C14 (0x55558593) addi a1, a1, 0x555
x11 <- 0x0000000055555555
mem[X,0x0000000080004C18] -> 0x9593
mem[X,0x0000000080004C1A] -> 0x00B5
[4875] [M]: 0x0000000080004C18 (0x00B59593) slli a1, a1, 0xb
x11 <- 0x000002AAAAAAA800
mem[X,0x0000000080004C1C] -> 0x8593
mem[X,0x0000000080004C1E] -> 0x2AA5
[4876] [M]: 0x0000000080004C1C (0x2AA58593) addi a1, a1, 0x2aa
x11 <- 0x000002AAAAAAAAAA
mem[X,0x0000000080004C20] -> 0x9593
mem[X,0x0000000080004C22] -> 0x00B5
[4877] [M]: 0x0000000080004C20 (0x00B59593) slli a1, a1, 0xb
x11 <- 0x0015555555555000
mem[X,0x0000000080004C24] -> 0x8593
mem[X,0x0000000080004C26] -> 0x5555
[4878] [M]: 0x0000000080004C24 (0x55558593) addi a1, a1, 0x555
x11 <- 0x0015555555555555
mem[X,0x0000000080004C28] -> 0x9593
mem[X,0x0000000080004C2A] -> 0x00A5
[4879] [M]: 0x0000000080004C28 (0x00A59593) slli a1, a1, 0xa
x11 <- 0x5555555555555400
mem[X,0x0000000080004C2C] -> 0x8593
mem[X,0x0000000080004C2E] -> 0x1555
[4880] [M]: 0x0000000080004C2C (0x15558593) addi a1, a1, 0x155
x11 <- 0x5555555555555555
mem[X,0x0000000080004C30] -> 0x063B
mem[X,0x0000000080004C32] -> 0x40B5
[4881] [M]: 0x0000000080004C30 (0x40B5063B) subw a2, a0, a1
x12 <- 0xFFFFFFFFDDDDDDDD
mem[X,0x0000000080004C34] -> 0xB023
mem[X,0x0000000080004C36] -> 0x56C2
[4882] [M]: 0x0000000080004C34 (0x56C2B023) sd a2, 0x560(t0)
mem[0x000000008000BF08] <- 0xFFFFFFFFDDDDDDDD
mem[X,0x0000000080004C38] -> 0x3537
mem[X,0x0000000080004C3A] -> 0x3333
[4883] [M]: 0x0000000080004C38 (0x33333537) lui a0, 0x33333
x10 <- 0x0000000033333000
mem[X,0x0000000080004C3C] -> 0x0513
mem[X,0x0000000080004C3E] -> 0x3335
[4884] [M]: 0x0000000080004C3C (0x33350513) addi a0, a0, 0x333
x10 <- 0x0000000033333333
mem[X,0x0000000080004C40] -> 0x1513
mem[X,0x0000000080004C42] -> 0x00B5
[4885] [M]: 0x0000000080004C40 (0x00B51513) slli a0, a0, 0xb
x10 <- 0x0000019999999800
mem[X,0x0000000080004C44] -> 0x0513
mem[X,0x0000000080004C46] -> 0x1995
[4886] [M]: 0x0000000080004C44 (0x19950513) addi a0, a0, 0x199
x10 <- 0x0000019999999999
mem[X,0x0000000080004C48] -> 0x1513
mem[X,0x0000000080004C4A] -> 0x00B5
[4887] [M]: 0x0000000080004C48 (0x00B51513) slli a0, a0, 0xb
x10 <- 0x000CCCCCCCCCC800
mem[X,0x0000000080004C4C] -> 0x0513
mem[X,0x0000000080004C4E] -> 0x4CC5
[4888] [M]: 0x0000000080004C4C (0x4CC50513) addi a0, a0, 0x4cc
x10 <- 0x000CCCCCCCCCCCCC
mem[X,0x0000000080004C50] -> 0x1513
mem[X,0x0000000080004C52] -> 0x00A5
[4889] [M]: 0x0000000080004C50 (0x00A51513) slli a0, a0, 0xa
x10 <- 0x3333333333333000
mem[X,0x0000000080004C54] -> 0x0513
mem[X,0x0000000080004C56] -> 0x3325
[4890] [M]: 0x0000000080004C54 (0x33250513) addi a0, a0, 0x332
x10 <- 0x3333333333333332
mem[X,0x0000000080004C58] -> 0xB5B7
mem[X,0x0000000080004C5A] -> 0xAAAA
[4891] [M]: 0x0000000080004C58 (0xAAAAB5B7) lui a1, -0x55555
x11 <- 0xFFFFFFFFAAAAB000
mem[X,0x0000000080004C5C] -> 0x8593
mem[X,0x0000000080004C5E] -> 0xAAA5
[4892] [M]: 0x0000000080004C5C (0xAAA58593) addi a1, a1, -0x556
x11 <- 0xFFFFFFFFAAAAAAAA
mem[X,0x0000000080004C60] -> 0x9593
mem[X,0x0000000080004C62] -> 0x00B5
[4893] [M]: 0x0000000080004C60 (0x00B59593) slli a1, a1, 0xb
x11 <- 0xFFFFFD5555555000
mem[X,0x0000000080004C64] -> 0x8593
mem[X,0x0000000080004C66] -> 0x5555
[4894] [M]: 0x0000000080004C64 (0x55558593) addi a1, a1, 0x555
x11 <- 0xFFFFFD5555555555
mem[X,0x0000000080004C68] -> 0x9593
mem[X,0x0000000080004C6A] -> 0x00B5
[4895] [M]: 0x0000000080004C68 (0x00B59593) slli a1, a1, 0xb
x11 <- 0xFFEAAAAAAAAAA800
mem[X,0x0000000080004C6C] -> 0x8593
mem[X,0x0000000080004C6E] -> 0x2AA5
[4896] [M]: 0x0000000080004C6C (0x2AA58593) addi a1, a1, 0x2aa
x11 <- 0xFFEAAAAAAAAAAAAA
mem[X,0x0000000080004C70] -> 0x9593
mem[X,0x0000000080004C72] -> 0x00A5
[4897] [M]: 0x0000000080004C70 (0x00A59593) slli a1, a1, 0xa
x11 <- 0xAAAAAAAAAAAAA800
mem[X,0x0000000080004C74] -> 0x8593
mem[X,0x0000000080004C76] -> 0x2AA5
[4898] [M]: 0x0000000080004C74 (0x2AA58593) addi a1, a1, 0x2aa
x11 <- 0xAAAAAAAAAAAAAAAA
mem[X,0x0000000080004C78] -> 0x063B
mem[X,0x0000000080004C7A] -> 0x40B5
[4899] [M]: 0x0000000080004C78 (0x40B5063B) subw a2, a0, a1
x12 <- 0xFFFFFFFF88888888
clint::tick mtime <- 0x0000000000000031
 clint timer pending at mtime 0x0000000000000031
htif::tick 0x0000000000000000
mem[X,0x0000000080004C7C] -> 0xB423
mem[X,0x0000000080004C7E] -> 0x56C2
[4900] [M]: 0x0000000080004C7C (0x56C2B423) sd a2, 0x568(t0)
mem[0x000000008000BF10] <- 0xFFFFFFFF88888888
mem[X,0x0000000080004C80] -> 0x3537
mem[X,0x0000000080004C82] -> 0x3333
[4901] [M]: 0x0000000080004C80 (0x33333537) lui a0, 0x33333
x10 <- 0x0000000033333000
mem[X,0x0000000080004C84] -> 0x0513
mem[X,0x0000000080004C86] -> 0x3335
[4902] [M]: 0x0000000080004C84 (0x33350513) addi a0, a0, 0x333
x10 <- 0x0000000033333333
mem[X,0x0000000080004C88] -> 0x1513
mem[X,0x0000000080004C8A] -> 0x00B5
[4903] [M]: 0x0000000080004C88 (0x00B51513) slli a0, a0, 0xb
x10 <- 0x0000019999999800
mem[X,0x0000000080004C8C] -> 0x0513
mem[X,0x0000000080004C8E] -> 0x1995
[4904] [M]: 0x0000000080004C8C (0x19950513) addi a0, a0, 0x199
x10 <- 0x0000019999999999
mem[X,0x0000000080004C90] -> 0x1513
mem[X,0x0000000080004C92] -> 0x00B5
[4905] [M]: 0x0000000080004C90 (0x00B51513) slli a0, a0, 0xb
x10 <- 0x000CCCCCCCCCC800
mem[X,0x0000000080004C94] -> 0x0513
mem[X,0x0000000080004C96] -> 0x4CC5
[4906] [M]: 0x0000000080004C94 (0x4CC50513) addi a0, a0, 0x4cc
x10 <- 0x000CCCCCCCCCCCCC
mem[X,0x0000000080004C98] -> 0x1513
mem[X,0x0000000080004C9A] -> 0x00A5
[4907] [M]: 0x0000000080004C98 (0x00A51513) slli a0, a0, 0xa
x10 <- 0x3333333333333000
mem[X,0x0000000080004C9C] -> 0x0513
mem[X,0x0000000080004C9E] -> 0x3325
[4908] [M]: 0x0000000080004C9C (0x33250513) addi a0, a0, 0x332
x10 <- 0x3333333333333332
mem[X,0x0000000080004CA0] -> 0x0593
mem[X,0x0000000080004CA2] -> 0x0050
[4909] [M]: 0x0000000080004CA0 (0x00500593) addi a1, zero, 0x5
x11 <- 0x0000000000000005
mem[X,0x0000000080004CA4] -> 0x063B
mem[X,0x0000000080004CA6] -> 0x40B5
[4910] [M]: 0x0000000080004CA4 (0x40B5063B) subw a2, a0, a1
x12 <- 0x000000003333332D
mem[X,0x0000000080004CA8] -> 0xB823
mem[X,0x0000000080004CAA] -> 0x56C2
[4911] [M]: 0x0000000080004CA8 (0x56C2B823) sd a2, 0x570(t0)
mem[0x000000008000BF18] <- 0x000000003333332D
mem[X,0x0000000080004CAC] -> 0x3537
mem[X,0x0000000080004CAE] -> 0x3333
[4912] [M]: 0x0000000080004CAC (0x33333537) lui a0, 0x33333
x10 <- 0x0000000033333000
mem[X,0x0000000080004CB0] -> 0x0513
mem[X,0x0000000080004CB2] -> 0x3335
[4913] [M]: 0x0000000080004CB0 (0x33350513) addi a0, a0, 0x333
x10 <- 0x0000000033333333
mem[X,0x0000000080004CB4] -> 0x1513
mem[X,0x0000000080004CB6] -> 0x00B5
[4914] [M]: 0x0000000080004CB4 (0x00B51513) slli a0, a0, 0xb
x10 <- 0x0000019999999800
mem[X,0x0000000080004CB8] -> 0x0513
mem[X,0x0000000080004CBA] -> 0x1995
[4915] [M]: 0x0000000080004CB8 (0x19950513) addi a0, a0, 0x199
x10 <- 0x0000019999999999
mem[X,0x0000000080004CBC] -> 0x1513
mem[X,0x0000000080004CBE] -> 0x00B5
[4916] [M]: 0x0000000080004CBC (0x00B51513) slli a0, a0, 0xb
x10 <- 0x000CCCCCCCCCC800
mem[X,0x0000000080004CC0] -> 0x0513
mem[X,0x0000000080004CC2] -> 0x4CC5
[4917] [M]: 0x0000000080004CC0 (0x4CC50513) addi a0, a0, 0x4cc
x10 <- 0x000CCCCCCCCCCCCC
mem[X,0x0000000080004CC4] -> 0x1513
mem[X,0x0000000080004CC6] -> 0x00A5
[4918] [M]: 0x0000000080004CC4 (0x00A51513) slli a0, a0, 0xa
x10 <- 0x3333333333333000
mem[X,0x0000000080004CC8] -> 0x0513
mem[X,0x0000000080004CCA] -> 0x3325
[4919] [M]: 0x0000000080004CC8 (0x33250513) addi a0, a0, 0x332
x10 <- 0x3333333333333332
mem[X,0x0000000080004CCC] -> 0x35B7
mem[X,0x0000000080004CCE] -> 0x3333
[4920] [M]: 0x0000000080004CCC (0x333335B7) lui a1, 0x33333
x11 <- 0x0000000033333000
mem[X,0x0000000080004CD0] -> 0x8593
mem[X,0x0000000080004CD2] -> 0x3335
[4921] [M]: 0x0000000080004CD0 (0x33358593) addi a1, a1, 0x333
x11 <- 0x0000000033333333
mem[X,0x0000000080004CD4] -> 0x9593
mem[X,0x0000000080004CD6] -> 0x00B5
[4922] [M]: 0x0000000080004CD4 (0x00B59593) slli a1, a1, 0xb
x11 <- 0x0000019999999800
mem[X,0x0000000080004CD8] -> 0x8593
mem[X,0x0000000080004CDA] -> 0x1995
[4923] [M]: 0x0000000080004CD8 (0x19958593) addi a1, a1, 0x199
x11 <- 0x0000019999999999
mem[X,0x0000000080004CDC] -> 0x9593
mem[X,0x0000000080004CDE] -> 0x00B5
[4924] [M]: 0x0000000080004CDC (0x00B59593) slli a1, a1, 0xb
x11 <- 0x000CCCCCCCCCC800
mem[X,0x0000000080004CE0] -> 0x8593
mem[X,0x0000000080004CE2] -> 0x4CC5
[4925] [M]: 0x0000000080004CE0 (0x4CC58593) addi a1, a1, 0x4cc
x11 <- 0x000CCCCCCCCCCCCC
mem[X,0x0000000080004CE4] -> 0x9593
mem[X,0x0000000080004CE6] -> 0x00A5
[4926] [M]: 0x0000000080004CE4 (0x00A59593) slli a1, a1, 0xa
x11 <- 0x3333333333333000
mem[X,0x0000000080004CE8] -> 0x8593
mem[X,0x0000000080004CEA] -> 0x3335
[4927] [M]: 0x0000000080004CE8 (0x33358593) addi a1, a1, 0x333
x11 <- 0x3333333333333333
mem[X,0x0000000080004CEC] -> 0x063B
mem[X,0x0000000080004CEE] -> 0x40B5
[4928] [M]: 0x0000000080004CEC (0x40B5063B) subw a2, a0, a1
x12 <- 0xFFFFFFFFFFFFFFFF
mem[X,0x0000000080004CF0] -> 0xBC23
mem[X,0x0000000080004CF2] -> 0x56C2
[4929] [M]: 0x0000000080004CF0 (0x56C2BC23) sd a2, 0x578(t0)
mem[0x000000008000BF20] <- 0xFFFFFFFFFFFFFFFF
mem[X,0x0000000080004CF4] -> 0x3537
mem[X,0x0000000080004CF6] -> 0x3333
[4930] [M]: 0x0000000080004CF4 (0x33333537) lui a0, 0x33333
x10 <- 0x0000000033333000
mem[X,0x0000000080004CF8] -> 0x0513
mem[X,0x0000000080004CFA] -> 0x3335
[4931] [M]: 0x0000000080004CF8 (0x33350513) addi a0, a0, 0x333
x10 <- 0x0000000033333333
mem[X,0x0000000080004CFC] -> 0x1513
mem[X,0x0000000080004CFE] -> 0x00B5
[4932] [M]: 0x0000000080004CFC (0x00B51513) slli a0, a0, 0xb
x10 <- 0x0000019999999800
mem[X,0x0000000080004D00] -> 0x0513
mem[X,0x0000000080004D02] -> 0x1995
[4933] [M]: 0x0000000080004D00 (0x19950513) addi a0, a0, 0x199
x10 <- 0x0000019999999999
mem[X,0x0000000080004D04] -> 0x1513
mem[X,0x0000000080004D06] -> 0x00B5
[4934] [M]: 0x0000000080004D04 (0x00B51513) slli a0, a0, 0xb
x10 <- 0x000CCCCCCCCCC800
mem[X,0x0000000080004D08] -> 0x0513
mem[X,0x0000000080004D0A] -> 0x4CC5
[4935] [M]: 0x0000000080004D08 (0x4CC50513) addi a0, a0, 0x4cc
x10 <- 0x000CCCCCCCCCCCCC
mem[X,0x0000000080004D0C] -> 0x1513
mem[X,0x0000000080004D0E] -> 0x00A5
[4936] [M]: 0x0000000080004D0C (0x00A51513) slli a0, a0, 0xa
x10 <- 0x3333333333333000
mem[X,0x0000000080004D10] -> 0x0513
mem[X,0x0000000080004D12] -> 0x3325
[4937] [M]: 0x0000000080004D10 (0x33250513) addi a0, a0, 0x332
x10 <- 0x3333333333333332
mem[X,0x0000000080004D14] -> 0x65B7
mem[X,0x0000000080004D16] -> 0x6666
[4938] [M]: 0x0000000080004D14 (0x666665B7) lui a1, 0x66666
x11 <- 0x0000000066666000
mem[X,0x0000000080004D18] -> 0x8593
mem[X,0x0000000080004D1A] -> 0x6665
[4939] [M]: 0x0000000080004D18 (0x66658593) addi a1, a1, 0x666
x11 <- 0x0000000066666666
mem[X,0x0000000080004D1C] -> 0x9593
mem[X,0x0000000080004D1E] -> 0x00B5
[4940] [M]: 0x0000000080004D1C (0x00B59593) slli a1, a1, 0xb
x11 <- 0x0000033333333000
mem[X,0x0000000080004D20] -> 0x8593
mem[X,0x0000000080004D22] -> 0x3335
[4941] [M]: 0x0000000080004D20 (0x33358593) addi a1, a1, 0x333
x11 <- 0x0000033333333333
mem[X,0x0000000080004D24] -> 0x9593
mem[X,0x0000000080004D26] -> 0x00B5
[4942] [M]: 0x0000000080004D24 (0x00B59593) slli a1, a1, 0xb
x11 <- 0x0019999999999800
mem[X,0x0000000080004D28] -> 0x8593
mem[X,0x0000000080004D2A] -> 0x1995
[4943] [M]: 0x0000000080004D28 (0x19958593) addi a1, a1, 0x199
x11 <- 0x0019999999999999
mem[X,0x0000000080004D2C] -> 0x9593
mem[X,0x0000000080004D2E] -> 0x00A5
[4944] [M]: 0x0000000080004D2C (0x00A59593) slli a1, a1, 0xa
x11 <- 0x6666666666666400
mem[X,0x0000000080004D30] -> 0x8593
mem[X,0x0000000080004D32] -> 0x2665
[4945] [M]: 0x0000000080004D30 (0x26658593) addi a1, a1, 0x266
x11 <- 0x6666666666666666
mem[X,0x0000000080004D34] -> 0x063B
mem[X,0x0000000080004D36] -> 0x40B5
[4946] [M]: 0x0000000080004D34 (0x40B5063B) subw a2, a0, a1
x12 <- 0xFFFFFFFFCCCCCCCC
mem[X,0x0000000080004D38] -> 0xB023
mem[X,0x0000000080004D3A] -> 0x58C2
[4947] [M]: 0x0000000080004D38 (0x58C2B023) sd a2, 0x580(t0)
mem[0x000000008000BF28] <- 0xFFFFFFFFCCCCCCCC
mem[X,0x0000000080004D3C] -> 0x3537
mem[X,0x0000000080004D3E] -> 0x3333
[4948] [M]: 0x0000000080004D3C (0x33333537) lui a0, 0x33333
x10 <- 0x0000000033333000
mem[X,0x0000000080004D40] -> 0x0513
mem[X,0x0000000080004D42] -> 0x3335
[4949] [M]: 0x0000000080004D40 (0x33350513) addi a0, a0, 0x333
x10 <- 0x0000000033333333
mem[X,0x0000000080004D44] -> 0x1513
mem[X,0x0000000080004D46] -> 0x00B5
[4950] [M]: 0x0000000080004D44 (0x00B51513) slli a0, a0, 0xb
x10 <- 0x0000019999999800
mem[X,0x0000000080004D48] -> 0x0513
mem[X,0x0000000080004D4A] -> 0x1995
[4951] [M]: 0x0000000080004D48 (0x19950513) addi a0, a0, 0x199
x10 <- 0x0000019999999999
mem[X,0x0000000080004D4C] -> 0x1513
mem[X,0x0000000080004D4E] -> 0x00B5
[4952] [M]: 0x0000000080004D4C (0x00B51513) slli a0, a0, 0xb
x10 <- 0x000CCCCCCCCCC800
mem[X,0x0000000080004D50] -> 0x0513
mem[X,0x0000000080004D52] -> 0x4CC5
[4953] [M]: 0x0000000080004D50 (0x4CC50513) addi a0, a0, 0x4cc
x10 <- 0x000CCCCCCCCCCCCC
mem[X,0x0000000080004D54] -> 0x1513
mem[X,0x0000000080004D56] -> 0x00A5
[4954] [M]: 0x0000000080004D54 (0x00A51513) slli a0, a0, 0xa
x10 <- 0x3333333333333000
mem[X,0x0000000080004D58] -> 0x0513
mem[X,0x0000000080004D5A] -> 0x3325
[4955] [M]: 0x0000000080004D58 (0x33250513) addi a0, a0, 0x332
x10 <- 0x3333333333333332
mem[X,0x0000000080004D5C] -> 0x05B7
mem[X,0x0000000080004D5E] -> 0x0000
[4956] [M]: 0x0000000080004D5C (0x000005B7) lui a1, 0x0
x11 <- 0x0000000000000000
mem[X,0x0000000080004D60] -> 0x8593
mem[X,0x0000000080004D62] -> 0xFFF5
[4957] [M]: 0x0000000080004D60 (0xFFF58593) addi a1, a1, -0x1
x11 <- 0xFFFFFFFFFFFFFFFF
mem[X,0x0000000080004D64] -> 0x9593
mem[X,0x0000000080004D66] -> 0x00B5
[4958] [M]: 0x0000000080004D64 (0x00B59593) slli a1, a1, 0xb
x11 <- 0xFFFFFFFFFFFFF800
mem[X,0x0000000080004D68] -> 0x8593
mem[X,0x0000000080004D6A] -> 0x2575
[4959] [M]: 0x0000000080004D68 (0x25758593) addi a1, a1, 0x257
x11 <- 0xFFFFFFFFFFFFFA57
mem[X,0x0000000080004D6C] -> 0x9593
mem[X,0x0000000080004D6E] -> 0x00B5
[4960] [M]: 0x0000000080004D6C (0x00B59593) slli a1, a1, 0xb
x11 <- 0xFFFFFFFFFFD2B800
mem[X,0x0000000080004D70] -> 0x8593
mem[X,0x0000000080004D72] -> 0x6C35
[4961] [M]: 0x0000000080004D70 (0x6C358593) addi a1, a1, 0x6c3
x11 <- 0xFFFFFFFFFFD2BEC3
mem[X,0x0000000080004D74] -> 0x9593
mem[X,0x0000000080004D76] -> 0x00A5
[4962] [M]: 0x0000000080004D74 (0x00A59593) slli a1, a1, 0xa
x11 <- 0xFFFFFFFF4AFB0C00
mem[X,0x0000000080004D78] -> 0x8593
mem[X,0x0000000080004D7A] -> 0x0CD5
[4963] [M]: 0x0000000080004D78 (0x0CD58593) addi a1, a1, 0xcd
x11 <- 0xFFFFFFFF4AFB0CCD
mem[X,0x0000000080004D7C] -> 0x063B
mem[X,0x0000000080004D7E] -> 0x40B5
[4964] [M]: 0x0000000080004D7C (0x40B5063B) subw a2, a0, a1
x12 <- 0xFFFFFFFFE8382665
mem[X,0x0000000080004D80] -> 0xB423
mem[X,0x0000000080004D82] -> 0x58C2
[4965] [M]: 0x0000000080004D80 (0x58C2B423) sd a2, 0x588(t0)
mem[0x000000008000BF30] <- 0xFFFFFFFFE8382665
mem[X,0x0000000080004D84] -> 0x3537
mem[X,0x0000000080004D86] -> 0x3333
[4966] [M]: 0x0000000080004D84 (0x33333537) lui a0, 0x33333
x10 <- 0x0000000033333000
mem[X,0x0000000080004D88] -> 0x0513
mem[X,0x0000000080004D8A] -> 0x3335
[4967] [M]: 0x0000000080004D88 (0x33350513) addi a0, a0, 0x333
x10 <- 0x0000000033333333
mem[X,0x0000000080004D8C] -> 0x1513
mem[X,0x0000000080004D8E] -> 0x00B5
[4968] [M]: 0x0000000080004D8C (0x00B51513) slli a0, a0, 0xb
x10 <- 0x0000019999999800
mem[X,0x0000000080004D90] -> 0x0513
mem[X,0x0000000080004D92] -> 0x1995
[4969] [M]: 0x0000000080004D90 (0x19950513) addi a0, a0, 0x199
x10 <- 0x0000019999999999
mem[X,0x0000000080004D94] -> 0x1513
mem[X,0x0000000080004D96] -> 0x00B5
[4970] [M]: 0x0000000080004D94 (0x00B51513) slli a0, a0, 0xb
x10 <- 0x000CCCCCCCCCC800
mem[X,0x0000000080004D98] -> 0x0513
mem[X,0x0000000080004D9A] -> 0x4CC5
[4971] [M]: 0x0000000080004D98 (0x4CC50513) addi a0, a0, 0x4cc
x10 <- 0x000CCCCCCCCCCCCC
mem[X,0x0000000080004D9C] -> 0x1513
mem[X,0x0000000080004D9E] -> 0x00A5
[4972] [M]: 0x0000000080004D9C (0x00A51513) slli a0, a0, 0xa
x10 <- 0x3333333333333000
mem[X,0x0000000080004DA0] -> 0x0513
mem[X,0x0000000080004DA2] -> 0x3325
[4973] [M]: 0x0000000080004DA0 (0x33250513) addi a0, a0, 0x332
x10 <- 0x3333333333333332
mem[X,0x0000000080004DA4] -> 0x05B7
mem[X,0x0000000080004DA6] -> 0x0000
[4974] [M]: 0x0000000080004DA4 (0x000005B7) lui a1, 0x0
x11 <- 0x0000000000000000
mem[X,0x0000000080004DA8] -> 0x8593
mem[X,0x0000000080004DAA] -> 0x0005
[4975] [M]: 0x0000000080004DA8 (0x00058593) addi a1, a1, 0x0
x11 <- 0x0000000000000000
mem[X,0x0000000080004DAC] -> 0x9593
mem[X,0x0000000080004DAE] -> 0x00B5
[4976] [M]: 0x0000000080004DAC (0x00B59593) slli a1, a1, 0xb
x11 <- 0x0000000000000000
mem[X,0x0000000080004DB0] -> 0x8593
mem[X,0x0000000080004DB2] -> 0x5A85
[4977] [M]: 0x0000000080004DB0 (0x5A858593) addi a1, a1, 0x5a8
x11 <- 0x00000000000005A8
mem[X,0x0000000080004DB4] -> 0x9593
mem[X,0x0000000080004DB6] -> 0x00B5
[4978] [M]: 0x0000000080004DB4 (0x00B59593) slli a1, a1, 0xb
x11 <- 0x00000000002D4000
mem[X,0x0000000080004DB8] -> 0x8593
mem[X,0x0000000080004DBA] -> 0x13C5
[4979] [M]: 0x0000000080004DB8 (0x13C58593) addi a1, a1, 0x13c
x11 <- 0x00000000002D413C
mem[X,0x0000000080004DBC] -> 0x9593
mem[X,0x0000000080004DBE] -> 0x00A5
[4980] [M]: 0x0000000080004DBC (0x00A59593) slli a1, a1, 0xa
x11 <- 0x00000000B504F000
mem[X,0x0000000080004DC0] -> 0x8593
mem[X,0x0000000080004DC2] -> 0x3335
[4981] [M]: 0x0000000080004DC0 (0x33358593) addi a1, a1, 0x333
x11 <- 0x00000000B504F333
mem[X,0x0000000080004DC4] -> 0x063B
mem[X,0x0000000080004DC6] -> 0x40B5
[4982] [M]: 0x0000000080004DC4 (0x40B5063B) subw a2, a0, a1
x12 <- 0x000000007E2E3FFF
mem[X,0x0000000080004DC8] -> 0xB823
mem[X,0x0000000080004DCA] -> 0x58C2
[4983] [M]: 0x0000000080004DC8 (0x58C2B823) sd a2, 0x590(t0)
mem[0x000000008000BF38] <- 0x000000007E2E3FFF
mem[X,0x0000000080004DCC] -> 0x3537
mem[X,0x0000000080004DCE] -> 0x3333
[4984] [M]: 0x0000000080004DCC (0x33333537) lui a0, 0x33333
x10 <- 0x0000000033333000
mem[X,0x0000000080004DD0] -> 0x0513
mem[X,0x0000000080004DD2] -> 0x3335
[4985] [M]: 0x0000000080004DD0 (0x33350513) addi a0, a0, 0x333
x10 <- 0x0000000033333333
mem[X,0x0000000080004DD4] -> 0x1513
mem[X,0x0000000080004DD6] -> 0x00B5
[4986] [M]: 0x0000000080004DD4 (0x00B51513) slli a0, a0, 0xb
x10 <- 0x0000019999999800
mem[X,0x0000000080004DD8] -> 0x0513
mem[X,0x0000000080004DDA] -> 0x1995
[4987] [M]: 0x0000000080004DD8 (0x19950513) addi a0, a0, 0x199
x10 <- 0x0000019999999999
mem[X,0x0000000080004DDC] -> 0x1513
mem[X,0x0000000080004DDE] -> 0x00B5
[4988] [M]: 0x0000000080004DDC (0x00B51513) slli a0, a0, 0xb
x10 <- 0x000CCCCCCCCCC800
mem[X,0x0000000080004DE0] -> 0x0513
mem[X,0x0000000080004DE2] -> 0x4CC5
[4989] [M]: 0x0000000080004DE0 (0x4CC50513) addi a0, a0, 0x4cc
x10 <- 0x000CCCCCCCCCCCCC
mem[X,0x0000000080004DE4] -> 0x1513
mem[X,0x0000000080004DE6] -> 0x00A5
[4990] [M]: 0x0000000080004DE4 (0x00A51513) slli a0, a0, 0xa
x10 <- 0x3333333333333000
mem[X,0x0000000080004DE8] -> 0x0513
mem[X,0x0000000080004DEA] -> 0x3325
[4991] [M]: 0x0000000080004DE8 (0x33250513) addi a0, a0, 0x332
x10 <- 0x3333333333333332
mem[X,0x0000000080004DEC] -> 0x0593
mem[X,0x0000000080004DEE] -> 0x0020
[4992] [M]: 0x0000000080004DEC (0x00200593) addi a1, zero, 0x2
x11 <- 0x0000000000000002
mem[X,0x0000000080004DF0] -> 0x063B
mem[X,0x0000000080004DF2] -> 0x40B5
[4993] [M]: 0x0000000080004DF0 (0x40B5063B) subw a2, a0, a1
x12 <- 0x0000000033333330
mem[X,0x0000000080004DF4] -> 0xBC23
mem[X,0x0000000080004DF6] -> 0x58C2
[4994] [M]: 0x0000000080004DF4 (0x58C2BC23) sd a2, 0x598(t0)
mem[0x000000008000BF40] <- 0x0000000033333330
mem[X,0x0000000080004DF8] -> 0x3537
mem[X,0x0000000080004DFA] -> 0x3333
[4995] [M]: 0x0000000080004DF8 (0x33333537) lui a0, 0x33333
x10 <- 0x0000000033333000
mem[X,0x0000000080004DFC] -> 0x0513
mem[X,0x0000000080004DFE] -> 0x3335
[4996] [M]: 0x0000000080004DFC (0x33350513) addi a0, a0, 0x333
x10 <- 0x0000000033333333
mem[X,0x0000000080004E00] -> 0x1513
mem[X,0x0000000080004E02] -> 0x00B5
[4997] [M]: 0x0000000080004E00 (0x00B51513) slli a0, a0, 0xb
x10 <- 0x0000019999999800
mem[X,0x0000000080004E04] -> 0x0513
mem[X,0x0000000080004E06] -> 0x1995
[4998] [M]: 0x0000000080004E04 (0x19950513) addi a0, a0, 0x199
x10 <- 0x0000019999999999
mem[X,0x0000000080004E08] -> 0x1513
mem[X,0x0000000080004E0A] -> 0x00B5
[4999] [M]: 0x0000000080004E08 (0x00B51513) slli a0, a0, 0xb
x10 <- 0x000CCCCCCCCCC800
clint::tick mtime <- 0x0000000000000032
 clint timer pending at mtime 0x0000000000000032
htif::tick 0x0000000000000000
mem[X,0x0000000080004E0C] -> 0x0513
mem[X,0x0000000080004E0E] -> 0x4CC5
[5000] [M]: 0x0000000080004E0C (0x4CC50513) addi a0, a0, 0x4cc
x10 <- 0x000CCCCCCCCCCCCC
mem[X,0x0000000080004E10] -> 0x1513
mem[X,0x0000000080004E12] -> 0x00A5
[5001] [M]: 0x0000000080004E10 (0x00A51513) slli a0, a0, 0xa
x10 <- 0x3333333333333000
mem[X,0x0000000080004E14] -> 0x0513
mem[X,0x0000000080004E16] -> 0x3325
[5002] [M]: 0x0000000080004E14 (0x33250513) addi a0, a0, 0x332
x10 <- 0x3333333333333332
mem[X,0x0000000080004E18] -> 0x55B7
mem[X,0x0000000080004E1A] -> 0x5555
[5003] [M]: 0x0000000080004E18 (0x555555B7) lui a1, 0x55555
x11 <- 0x0000000055555000
mem[X,0x0000000080004E1C] -> 0x8593
mem[X,0x0000000080004E1E] -> 0x5555
[5004] [M]: 0x0000000080004E1C (0x55558593) addi a1, a1, 0x555
x11 <- 0x0000000055555555
mem[X,0x0000000080004E20] -> 0x9593
mem[X,0x0000000080004E22] -> 0x00B5
[5005] [M]: 0x0000000080004E20 (0x00B59593) slli a1, a1, 0xb
x11 <- 0x000002AAAAAAA800
mem[X,0x0000000080004E24] -> 0x8593
mem[X,0x0000000080004E26] -> 0x2AA5
[5006] [M]: 0x0000000080004E24 (0x2AA58593) addi a1, a1, 0x2aa
x11 <- 0x000002AAAAAAAAAA
mem[X,0x0000000080004E28] -> 0x9593
mem[X,0x0000000080004E2A] -> 0x00B5
[5007] [M]: 0x0000000080004E28 (0x00B59593) slli a1, a1, 0xb
x11 <- 0x0015555555555000
mem[X,0x0000000080004E2C] -> 0x8593
mem[X,0x0000000080004E2E] -> 0x5555
[5008] [M]: 0x0000000080004E2C (0x55558593) addi a1, a1, 0x555
x11 <- 0x0015555555555555
mem[X,0x0000000080004E30] -> 0x9593
mem[X,0x0000000080004E32] -> 0x00A5
[5009] [M]: 0x0000000080004E30 (0x00A59593) slli a1, a1, 0xa
x11 <- 0x5555555555555400
mem[X,0x0000000080004E34] -> 0x8593
mem[X,0x0000000080004E36] -> 0x1545
[5010] [M]: 0x0000000080004E34 (0x15458593) addi a1, a1, 0x154
x11 <- 0x5555555555555554
mem[X,0x0000000080004E38] -> 0x063B
mem[X,0x0000000080004E3A] -> 0x40B5
[5011] [M]: 0x0000000080004E38 (0x40B5063B) subw a2, a0, a1
x12 <- 0xFFFFFFFFDDDDDDDE
mem[X,0x0000000080004E3C] -> 0xB023
mem[X,0x0000000080004E3E] -> 0x5AC2
[5012] [M]: 0x0000000080004E3C (0x5AC2B023) sd a2, 0x5a0(t0)
mem[0x000000008000BF48] <- 0xFFFFFFFFDDDDDDDE
mem[X,0x0000000080004E40] -> 0x3537
mem[X,0x0000000080004E42] -> 0x3333
[5013] [M]: 0x0000000080004E40 (0x33333537) lui a0, 0x33333
x10 <- 0x0000000033333000
mem[X,0x0000000080004E44] -> 0x0513
mem[X,0x0000000080004E46] -> 0x3335
[5014] [M]: 0x0000000080004E44 (0x33350513) addi a0, a0, 0x333
x10 <- 0x0000000033333333
mem[X,0x0000000080004E48] -> 0x1513
mem[X,0x0000000080004E4A] -> 0x00B5
[5015] [M]: 0x0000000080004E48 (0x00B51513) slli a0, a0, 0xb
x10 <- 0x0000019999999800
mem[X,0x0000000080004E4C] -> 0x0513
mem[X,0x0000000080004E4E] -> 0x1995
[5016] [M]: 0x0000000080004E4C (0x19950513) addi a0, a0, 0x199
x10 <- 0x0000019999999999
mem[X,0x0000000080004E50] -> 0x1513
mem[X,0x0000000080004E52] -> 0x00B5
[5017] [M]: 0x0000000080004E50 (0x00B51513) slli a0, a0, 0xb
x10 <- 0x000CCCCCCCCCC800
mem[X,0x0000000080004E54] -> 0x0513
mem[X,0x0000000080004E56] -> 0x4CC5
[5018] [M]: 0x0000000080004E54 (0x4CC50513) addi a0, a0, 0x4cc
x10 <- 0x000CCCCCCCCCCCCC
mem[X,0x0000000080004E58] -> 0x1513
mem[X,0x0000000080004E5A] -> 0x00A5
[5019] [M]: 0x0000000080004E58 (0x00A51513) slli a0, a0, 0xa
x10 <- 0x3333333333333000
mem[X,0x0000000080004E5C] -> 0x0513
mem[X,0x0000000080004E5E] -> 0x3325
[5020] [M]: 0x0000000080004E5C (0x33250513) addi a0, a0, 0x332
x10 <- 0x3333333333333332
mem[X,0x0000000080004E60] -> 0x0593
mem[X,0x0000000080004E62] -> 0x0000
[5021] [M]: 0x0000000080004E60 (0x00000593) addi a1, zero, 0x0
x11 <- 0x0000000000000000
mem[X,0x0000000080004E64] -> 0x063B
mem[X,0x0000000080004E66] -> 0x40B5
[5022] [M]: 0x0000000080004E64 (0x40B5063B) subw a2, a0, a1
x12 <- 0x0000000033333332
mem[X,0x0000000080004E68] -> 0xB423
mem[X,0x0000000080004E6A] -> 0x5AC2
[5023] [M]: 0x0000000080004E68 (0x5AC2B423) sd a2, 0x5a8(t0)
mem[0x000000008000BF50] <- 0x0000000033333332
mem[X,0x0000000080004E6C] -> 0x3537
mem[X,0x0000000080004E6E] -> 0x3333
[5024] [M]: 0x0000000080004E6C (0x33333537) lui a0, 0x33333
x10 <- 0x0000000033333000
mem[X,0x0000000080004E70] -> 0x0513
mem[X,0x0000000080004E72] -> 0x3335
[5025] [M]: 0x0000000080004E70 (0x33350513) addi a0, a0, 0x333
x10 <- 0x0000000033333333
mem[X,0x0000000080004E74] -> 0x1513
mem[X,0x0000000080004E76] -> 0x00B5
[5026] [M]: 0x0000000080004E74 (0x00B51513) slli a0, a0, 0xb
x10 <- 0x0000019999999800
mem[X,0x0000000080004E78] -> 0x0513
mem[X,0x0000000080004E7A] -> 0x1995
[5027] [M]: 0x0000000080004E78 (0x19950513) addi a0, a0, 0x199
x10 <- 0x0000019999999999
mem[X,0x0000000080004E7C] -> 0x1513
mem[X,0x0000000080004E7E] -> 0x00B5
[5028] [M]: 0x0000000080004E7C (0x00B51513) slli a0, a0, 0xb
x10 <- 0x000CCCCCCCCCC800
mem[X,0x0000000080004E80] -> 0x0513
mem[X,0x0000000080004E82] -> 0x4CC5
[5029] [M]: 0x0000000080004E80 (0x4CC50513) addi a0, a0, 0x4cc
x10 <- 0x000CCCCCCCCCCCCC
mem[X,0x0000000080004E84] -> 0x1513
mem[X,0x0000000080004E86] -> 0x00A5
[5030] [M]: 0x0000000080004E84 (0x00A51513) slli a0, a0, 0xa
x10 <- 0x3333333333333000
mem[X,0x0000000080004E88] -> 0x0513
mem[X,0x0000000080004E8A] -> 0x3325
[5031] [M]: 0x0000000080004E88 (0x33250513) addi a0, a0, 0x332
x10 <- 0x3333333333333332
mem[X,0x0000000080004E8C] -> 0x0593
mem[X,0x0000000080004E8E] -> 0x0040
[5032] [M]: 0x0000000080004E8C (0x00400593) addi a1, zero, 0x4
x11 <- 0x0000000000000004
mem[X,0x0000000080004E90] -> 0x063B
mem[X,0x0000000080004E92] -> 0x40B5
[5033] [M]: 0x0000000080004E90 (0x40B5063B) subw a2, a0, a1
x12 <- 0x000000003333332E
mem[X,0x0000000080004E94] -> 0xB823
mem[X,0x0000000080004E96] -> 0x5AC2
[5034] [M]: 0x0000000080004E94 (0x5AC2B823) sd a2, 0x5b0(t0)
mem[0x000000008000BF58] <- 0x000000003333332E
mem[X,0x0000000080004E98] -> 0x3537
mem[X,0x0000000080004E9A] -> 0x3333
[5035] [M]: 0x0000000080004E98 (0x33333537) lui a0, 0x33333
x10 <- 0x0000000033333000
mem[X,0x0000000080004E9C] -> 0x0513
mem[X,0x0000000080004E9E] -> 0x3335
[5036] [M]: 0x0000000080004E9C (0x33350513) addi a0, a0, 0x333
x10 <- 0x0000000033333333
mem[X,0x0000000080004EA0] -> 0x1513
mem[X,0x0000000080004EA2] -> 0x00B5
[5037] [M]: 0x0000000080004EA0 (0x00B51513) slli a0, a0, 0xb
x10 <- 0x0000019999999800
mem[X,0x0000000080004EA4] -> 0x0513
mem[X,0x0000000080004EA6] -> 0x1995
[5038] [M]: 0x0000000080004EA4 (0x19950513) addi a0, a0, 0x199
x10 <- 0x0000019999999999
mem[X,0x0000000080004EA8] -> 0x1513
mem[X,0x0000000080004EAA] -> 0x00B5
[5039] [M]: 0x0000000080004EA8 (0x00B51513) slli a0, a0, 0xb
x10 <- 0x000CCCCCCCCCC800
mem[X,0x0000000080004EAC] -> 0x0513
mem[X,0x0000000080004EAE] -> 0x4CC5
[5040] [M]: 0x0000000080004EAC (0x4CC50513) addi a0, a0, 0x4cc
x10 <- 0x000CCCCCCCCCCCCC
mem[X,0x0000000080004EB0] -> 0x1513
mem[X,0x0000000080004EB2] -> 0x00A5
[5041] [M]: 0x0000000080004EB0 (0x00A51513) slli a0, a0, 0xa
x10 <- 0x3333333333333000
mem[X,0x0000000080004EB4] -> 0x0513
mem[X,0x0000000080004EB6] -> 0x3325
[5042] [M]: 0x0000000080004EB4 (0x33250513) addi a0, a0, 0x332
x10 <- 0x3333333333333332
mem[X,0x0000000080004EB8] -> 0x35B7
mem[X,0x0000000080004EBA] -> 0x3333
[5043] [M]: 0x0000000080004EB8 (0x333335B7) lui a1, 0x33333
x11 <- 0x0000000033333000
mem[X,0x0000000080004EBC] -> 0x8593
mem[X,0x0000000080004EBE] -> 0x3335
[5044] [M]: 0x0000000080004EBC (0x33358593) addi a1, a1, 0x333
x11 <- 0x0000000033333333
mem[X,0x0000000080004EC0] -> 0x9593
mem[X,0x0000000080004EC2] -> 0x00B5
[5045] [M]: 0x0000000080004EC0 (0x00B59593) slli a1, a1, 0xb
x11 <- 0x0000019999999800
mem[X,0x0000000080004EC4] -> 0x8593
mem[X,0x0000000080004EC6] -> 0x1995
[5046] [M]: 0x0000000080004EC4 (0x19958593) addi a1, a1, 0x199
x11 <- 0x0000019999999999
mem[X,0x0000000080004EC8] -> 0x9593
mem[X,0x0000000080004ECA] -> 0x00B5
[5047] [M]: 0x0000000080004EC8 (0x00B59593) slli a1, a1, 0xb
x11 <- 0x000CCCCCCCCCC800
mem[X,0x0000000080004ECC] -> 0x8593
mem[X,0x0000000080004ECE] -> 0x4CC5
[5048] [M]: 0x0000000080004ECC (0x4CC58593) addi a1, a1, 0x4cc
x11 <- 0x000CCCCCCCCCCCCC
mem[X,0x0000000080004ED0] -> 0x9593
mem[X,0x0000000080004ED2] -> 0x00A5
[5049] [M]: 0x0000000080004ED0 (0x00A59593) slli a1, a1, 0xa
x11 <- 0x3333333333333000
mem[X,0x0000000080004ED4] -> 0x8593
mem[X,0x0000000080004ED6] -> 0x3325
[5050] [M]: 0x0000000080004ED4 (0x33258593) addi a1, a1, 0x332
x11 <- 0x3333333333333332
mem[X,0x0000000080004ED8] -> 0x063B
mem[X,0x0000000080004EDA] -> 0x40B5
[5051] [M]: 0x0000000080004ED8 (0x40B5063B) subw a2, a0, a1
x12 <- 0x0000000000000000
mem[X,0x0000000080004EDC] -> 0xBC23
mem[X,0x0000000080004EDE] -> 0x5AC2
[5052] [M]: 0x0000000080004EDC (0x5AC2BC23) sd a2, 0x5b8(t0)
mem[0x000000008000BF60] <- 0x0000000000000000
mem[X,0x0000000080004EE0] -> 0x3537
mem[X,0x0000000080004EE2] -> 0x3333
[5053] [M]: 0x0000000080004EE0 (0x33333537) lui a0, 0x33333
x10 <- 0x0000000033333000
mem[X,0x0000000080004EE4] -> 0x0513
mem[X,0x0000000080004EE6] -> 0x3335
[5054] [M]: 0x0000000080004EE4 (0x33350513) addi a0, a0, 0x333
x10 <- 0x0000000033333333
mem[X,0x0000000080004EE8] -> 0x1513
mem[X,0x0000000080004EEA] -> 0x00B5
[5055] [M]: 0x0000000080004EE8 (0x00B51513) slli a0, a0, 0xb
x10 <- 0x0000019999999800
mem[X,0x0000000080004EEC] -> 0x0513
mem[X,0x0000000080004EEE] -> 0x1995
[5056] [M]: 0x0000000080004EEC (0x19950513) addi a0, a0, 0x199
x10 <- 0x0000019999999999
mem[X,0x0000000080004EF0] -> 0x1513
mem[X,0x0000000080004EF2] -> 0x00B5
[5057] [M]: 0x0000000080004EF0 (0x00B51513) slli a0, a0, 0xb
x10 <- 0x000CCCCCCCCCC800
mem[X,0x0000000080004EF4] -> 0x0513
mem[X,0x0000000080004EF6] -> 0x4CC5
[5058] [M]: 0x0000000080004EF4 (0x4CC50513) addi a0, a0, 0x4cc
x10 <- 0x000CCCCCCCCCCCCC
mem[X,0x0000000080004EF8] -> 0x1513
mem[X,0x0000000080004EFA] -> 0x00A5
[5059] [M]: 0x0000000080004EF8 (0x00A51513) slli a0, a0, 0xa
x10 <- 0x3333333333333000
mem[X,0x0000000080004EFC] -> 0x0513
mem[X,0x0000000080004EFE] -> 0x3325
[5060] [M]: 0x0000000080004EFC (0x33250513) addi a0, a0, 0x332
x10 <- 0x3333333333333332
mem[X,0x0000000080004F00] -> 0x65B7
mem[X,0x0000000080004F02] -> 0x6666
[5061] [M]: 0x0000000080004F00 (0x666665B7) lui a1, 0x66666
x11 <- 0x0000000066666000
mem[X,0x0000000080004F04] -> 0x8593
mem[X,0x0000000080004F06] -> 0x6665
[5062] [M]: 0x0000000080004F04 (0x66658593) addi a1, a1, 0x666
x11 <- 0x0000000066666666
mem[X,0x0000000080004F08] -> 0x9593
mem[X,0x0000000080004F0A] -> 0x00B5
[5063] [M]: 0x0000000080004F08 (0x00B59593) slli a1, a1, 0xb
x11 <- 0x0000033333333000
mem[X,0x0000000080004F0C] -> 0x8593
mem[X,0x0000000080004F0E] -> 0x3335
[5064] [M]: 0x0000000080004F0C (0x33358593) addi a1, a1, 0x333
x11 <- 0x0000033333333333
mem[X,0x0000000080004F10] -> 0x9593
mem[X,0x0000000080004F12] -> 0x00B5
[5065] [M]: 0x0000000080004F10 (0x00B59593) slli a1, a1, 0xb
x11 <- 0x0019999999999800
mem[X,0x0000000080004F14] -> 0x8593
mem[X,0x0000000080004F16] -> 0x1995
[5066] [M]: 0x0000000080004F14 (0x19958593) addi a1, a1, 0x199
x11 <- 0x0019999999999999
mem[X,0x0000000080004F18] -> 0x9593
mem[X,0x0000000080004F1A] -> 0x00A5
[5067] [M]: 0x0000000080004F18 (0x00A59593) slli a1, a1, 0xa
x11 <- 0x6666666666666400
mem[X,0x0000000080004F1C] -> 0x8593
mem[X,0x0000000080004F1E] -> 0x2655
[5068] [M]: 0x0000000080004F1C (0x26558593) addi a1, a1, 0x265
x11 <- 0x6666666666666665
mem[X,0x0000000080004F20] -> 0x063B
mem[X,0x0000000080004F22] -> 0x40B5
[5069] [M]: 0x0000000080004F20 (0x40B5063B) subw a2, a0, a1
x12 <- 0xFFFFFFFFCCCCCCCD
mem[X,0x0000000080004F24] -> 0xB023
mem[X,0x0000000080004F26] -> 0x5CC2
[5070] [M]: 0x0000000080004F24 (0x5CC2B023) sd a2, 0x5c0(t0)
mem[0x000000008000BF68] <- 0xFFFFFFFFCCCCCCCD
mem[X,0x0000000080004F28] -> 0x3537
mem[X,0x0000000080004F2A] -> 0x3333
[5071] [M]: 0x0000000080004F28 (0x33333537) lui a0, 0x33333
x10 <- 0x0000000033333000
mem[X,0x0000000080004F2C] -> 0x0513
mem[X,0x0000000080004F2E] -> 0x3335
[5072] [M]: 0x0000000080004F2C (0x33350513) addi a0, a0, 0x333
x10 <- 0x0000000033333333
mem[X,0x0000000080004F30] -> 0x1513
mem[X,0x0000000080004F32] -> 0x00B5
[5073] [M]: 0x0000000080004F30 (0x00B51513) slli a0, a0, 0xb
x10 <- 0x0000019999999800
mem[X,0x0000000080004F34] -> 0x0513
mem[X,0x0000000080004F36] -> 0x1995
[5074] [M]: 0x0000000080004F34 (0x19950513) addi a0, a0, 0x199
x10 <- 0x0000019999999999
mem[X,0x0000000080004F38] -> 0x1513
mem[X,0x0000000080004F3A] -> 0x00B5
[5075] [M]: 0x0000000080004F38 (0x00B51513) slli a0, a0, 0xb
x10 <- 0x000CCCCCCCCCC800
mem[X,0x0000000080004F3C] -> 0x0513
mem[X,0x0000000080004F3E] -> 0x4CC5
[5076] [M]: 0x0000000080004F3C (0x4CC50513) addi a0, a0, 0x4cc
x10 <- 0x000CCCCCCCCCCCCC
mem[X,0x0000000080004F40] -> 0x1513
mem[X,0x0000000080004F42] -> 0x00A5
[5077] [M]: 0x0000000080004F40 (0x00A51513) slli a0, a0, 0xa
x10 <- 0x3333333333333000
mem[X,0x0000000080004F44] -> 0x0513
mem[X,0x0000000080004F46] -> 0x3325
[5078] [M]: 0x0000000080004F44 (0x33250513) addi a0, a0, 0x332
x10 <- 0x3333333333333332
mem[X,0x0000000080004F48] -> 0x05B7
mem[X,0x0000000080004F4A] -> 0x0000
[5079] [M]: 0x0000000080004F48 (0x000005B7) lui a1, 0x0
x11 <- 0x0000000000000000
mem[X,0x0000000080004F4C] -> 0x8593
mem[X,0x0000000080004F4E] -> 0x0005
[5080] [M]: 0x0000000080004F4C (0x00058593) addi a1, a1, 0x0
x11 <- 0x0000000000000000
mem[X,0x0000000080004F50] -> 0x9593
mem[X,0x0000000080004F52] -> 0x00B5
[5081] [M]: 0x0000000080004F50 (0x00B59593) slli a1, a1, 0xb
x11 <- 0x0000000000000000
mem[X,0x0000000080004F54] -> 0x8593
mem[X,0x0000000080004F56] -> 0x5A85
[5082] [M]: 0x0000000080004F54 (0x5A858593) addi a1, a1, 0x5a8
x11 <- 0x00000000000005A8
mem[X,0x0000000080004F58] -> 0x9593
mem[X,0x0000000080004F5A] -> 0x00B5
[5083] [M]: 0x0000000080004F58 (0x00B59593) slli a1, a1, 0xb
x11 <- 0x00000000002D4000
mem[X,0x0000000080004F5C] -> 0x8593
mem[X,0x0000000080004F5E] -> 0x13C5
[5084] [M]: 0x0000000080004F5C (0x13C58593) addi a1, a1, 0x13c
x11 <- 0x00000000002D413C
mem[X,0x0000000080004F60] -> 0x9593
mem[X,0x0000000080004F62] -> 0x00A5
[5085] [M]: 0x0000000080004F60 (0x00A59593) slli a1, a1, 0xa
x11 <- 0x00000000B504F000
mem[X,0x0000000080004F64] -> 0x8593
mem[X,0x0000000080004F66] -> 0x3325
[5086] [M]: 0x0000000080004F64 (0x33258593) addi a1, a1, 0x332
x11 <- 0x00000000B504F332
mem[X,0x0000000080004F68] -> 0x063B
mem[X,0x0000000080004F6A] -> 0x40B5
[5087] [M]: 0x0000000080004F68 (0x40B5063B) subw a2, a0, a1
x12 <- 0x000000007E2E4000
mem[X,0x0000000080004F6C] -> 0xB423
mem[X,0x0000000080004F6E] -> 0x5CC2
[5088] [M]: 0x0000000080004F6C (0x5CC2B423) sd a2, 0x5c8(t0)
mem[0x000000008000BF70] <- 0x000000007E2E4000
mem[X,0x0000000080004F70] -> 0x3537
mem[X,0x0000000080004F72] -> 0x3333
[5089] [M]: 0x0000000080004F70 (0x33333537) lui a0, 0x33333
x10 <- 0x0000000033333000
mem[X,0x0000000080004F74] -> 0x0513
mem[X,0x0000000080004F76] -> 0x3335
[5090] [M]: 0x0000000080004F74 (0x33350513) addi a0, a0, 0x333
x10 <- 0x0000000033333333
mem[X,0x0000000080004F78] -> 0x1513
mem[X,0x0000000080004F7A] -> 0x00B5
[5091] [M]: 0x0000000080004F78 (0x00B51513) slli a0, a0, 0xb
x10 <- 0x0000019999999800
mem[X,0x0000000080004F7C] -> 0x0513
mem[X,0x0000000080004F7E] -> 0x1995
[5092] [M]: 0x0000000080004F7C (0x19950513) addi a0, a0, 0x199
x10 <- 0x0000019999999999
mem[X,0x0000000080004F80] -> 0x1513
mem[X,0x0000000080004F82] -> 0x00B5
[5093] [M]: 0x0000000080004F80 (0x00B51513) slli a0, a0, 0xb
x10 <- 0x000CCCCCCCCCC800
mem[X,0x0000000080004F84] -> 0x0513
mem[X,0x0000000080004F86] -> 0x4CC5
[5094] [M]: 0x0000000080004F84 (0x4CC50513) addi a0, a0, 0x4cc
x10 <- 0x000CCCCCCCCCCCCC
mem[X,0x0000000080004F88] -> 0x1513
mem[X,0x0000000080004F8A] -> 0x00A5
[5095] [M]: 0x0000000080004F88 (0x00A51513) slli a0, a0, 0xa
x10 <- 0x3333333333333000
mem[X,0x0000000080004F8C] -> 0x0513
mem[X,0x0000000080004F8E] -> 0x3325
[5096] [M]: 0x0000000080004F8C (0x33250513) addi a0, a0, 0x332
x10 <- 0x3333333333333332
mem[X,0x0000000080004F90] -> 0x55B7
mem[X,0x0000000080004F92] -> 0x5555
[5097] [M]: 0x0000000080004F90 (0x555555B7) lui a1, 0x55555
x11 <- 0x0000000055555000
mem[X,0x0000000080004F94] -> 0x8593
mem[X,0x0000000080004F96] -> 0x5555
[5098] [M]: 0x0000000080004F94 (0x55558593) addi a1, a1, 0x555
x11 <- 0x0000000055555555
mem[X,0x0000000080004F98] -> 0x9593
mem[X,0x0000000080004F9A] -> 0x00B5
[5099] [M]: 0x0000000080004F98 (0x00B59593) slli a1, a1, 0xb
x11 <- 0x000002AAAAAAA800
clint::tick mtime <- 0x0000000000000033
 clint timer pending at mtime 0x0000000000000033
htif::tick 0x0000000000000000
mem[X,0x0000000080004F9C] -> 0x8593
mem[X,0x0000000080004F9E] -> 0x2AA5
[5100] [M]: 0x0000000080004F9C (0x2AA58593) addi a1, a1, 0x2aa
x11 <- 0x000002AAAAAAAAAA
mem[X,0x0000000080004FA0] -> 0x9593
mem[X,0x0000000080004FA2] -> 0x00B5
[5101] [M]: 0x0000000080004FA0 (0x00B59593) slli a1, a1, 0xb
x11 <- 0x0015555555555000
mem[X,0x0000000080004FA4] -> 0x8593
mem[X,0x0000000080004FA6] -> 0x5555
[5102] [M]: 0x0000000080004FA4 (0x55558593) addi a1, a1, 0x555
x11 <- 0x0015555555555555
mem[X,0x0000000080004FA8] -> 0x9593
mem[X,0x0000000080004FAA] -> 0x00A5
[5103] [M]: 0x0000000080004FA8 (0x00A59593) slli a1, a1, 0xa
x11 <- 0x5555555555555400
mem[X,0x0000000080004FAC] -> 0x8593
mem[X,0x0000000080004FAE] -> 0x1565
[5104] [M]: 0x0000000080004FAC (0x15658593) addi a1, a1, 0x156
x11 <- 0x5555555555555556
mem[X,0x0000000080004FB0] -> 0x063B
mem[X,0x0000000080004FB2] -> 0x40B5
[5105] [M]: 0x0000000080004FB0 (0x40B5063B) subw a2, a0, a1
x12 <- 0xFFFFFFFFDDDDDDDC
mem[X,0x0000000080004FB4] -> 0xB823
mem[X,0x0000000080004FB6] -> 0x5CC2
[5106] [M]: 0x0000000080004FB4 (0x5CC2B823) sd a2, 0x5d0(t0)
mem[0x000000008000BF78] <- 0xFFFFFFFFDDDDDDDC
mem[X,0x0000000080004FB8] -> 0x3537
mem[X,0x0000000080004FBA] -> 0x3333
[5107] [M]: 0x0000000080004FB8 (0x33333537) lui a0, 0x33333
x10 <- 0x0000000033333000
mem[X,0x0000000080004FBC] -> 0x0513
mem[X,0x0000000080004FBE] -> 0x3335
[5108] [M]: 0x0000000080004FBC (0x33350513) addi a0, a0, 0x333
x10 <- 0x0000000033333333
mem[X,0x0000000080004FC0] -> 0x1513
mem[X,0x0000000080004FC2] -> 0x00B5
[5109] [M]: 0x0000000080004FC0 (0x00B51513) slli a0, a0, 0xb
x10 <- 0x0000019999999800
mem[X,0x0000000080004FC4] -> 0x0513
mem[X,0x0000000080004FC6] -> 0x1995
[5110] [M]: 0x0000000080004FC4 (0x19950513) addi a0, a0, 0x199
x10 <- 0x0000019999999999
mem[X,0x0000000080004FC8] -> 0x1513
mem[X,0x0000000080004FCA] -> 0x00B5
[5111] [M]: 0x0000000080004FC8 (0x00B51513) slli a0, a0, 0xb
x10 <- 0x000CCCCCCCCCC800
mem[X,0x0000000080004FCC] -> 0x0513
mem[X,0x0000000080004FCE] -> 0x4CC5
[5112] [M]: 0x0000000080004FCC (0x4CC50513) addi a0, a0, 0x4cc
x10 <- 0x000CCCCCCCCCCCCC
mem[X,0x0000000080004FD0] -> 0x1513
mem[X,0x0000000080004FD2] -> 0x00A5
[5113] [M]: 0x0000000080004FD0 (0x00A51513) slli a0, a0, 0xa
x10 <- 0x3333333333333000
mem[X,0x0000000080004FD4] -> 0x0513
mem[X,0x0000000080004FD6] -> 0x3325
[5114] [M]: 0x0000000080004FD4 (0x33250513) addi a0, a0, 0x332
x10 <- 0x3333333333333332
mem[X,0x0000000080004FD8] -> 0xB5B7
mem[X,0x0000000080004FDA] -> 0xAAAA
[5115] [M]: 0x0000000080004FD8 (0xAAAAB5B7) lui a1, -0x55555
x11 <- 0xFFFFFFFFAAAAB000
mem[X,0x0000000080004FDC] -> 0x8593
mem[X,0x0000000080004FDE] -> 0xAAA5
[5116] [M]: 0x0000000080004FDC (0xAAA58593) addi a1, a1, -0x556
x11 <- 0xFFFFFFFFAAAAAAAA
mem[X,0x0000000080004FE0] -> 0x9593
mem[X,0x0000000080004FE2] -> 0x00B5
[5117] [M]: 0x0000000080004FE0 (0x00B59593) slli a1, a1, 0xb
x11 <- 0xFFFFFD5555555000
mem[X,0x0000000080004FE4] -> 0x8593
mem[X,0x0000000080004FE6] -> 0x5555
[5118] [M]: 0x0000000080004FE4 (0x55558593) addi a1, a1, 0x555
x11 <- 0xFFFFFD5555555555
mem[X,0x0000000080004FE8] -> 0x9593
mem[X,0x0000000080004FEA] -> 0x00B5
[5119] [M]: 0x0000000080004FE8 (0x00B59593) slli a1, a1, 0xb
x11 <- 0xFFEAAAAAAAAAA800
mem[X,0x0000000080004FEC] -> 0x8593
mem[X,0x0000000080004FEE] -> 0x2AA5
[5120] [M]: 0x0000000080004FEC (0x2AA58593) addi a1, a1, 0x2aa
x11 <- 0xFFEAAAAAAAAAAAAA
mem[X,0x0000000080004FF0] -> 0x9593
mem[X,0x0000000080004FF2] -> 0x00A5
[5121] [M]: 0x0000000080004FF0 (0x00A59593) slli a1, a1, 0xa
x11 <- 0xAAAAAAAAAAAAA800
mem[X,0x0000000080004FF4] -> 0x8593
mem[X,0x0000000080004FF6] -> 0x2AB5
[5122] [M]: 0x0000000080004FF4 (0x2AB58593) addi a1, a1, 0x2ab
x11 <- 0xAAAAAAAAAAAAAAAB
mem[X,0x0000000080004FF8] -> 0x063B
mem[X,0x0000000080004FFA] -> 0x40B5
[5123] [M]: 0x0000000080004FF8 (0x40B5063B) subw a2, a0, a1
x12 <- 0xFFFFFFFF88888887
mem[X,0x0000000080004FFC] -> 0xBC23
mem[X,0x0000000080004FFE] -> 0x5CC2
[5124] [M]: 0x0000000080004FFC (0x5CC2BC23) sd a2, 0x5d8(t0)
mem[0x000000008000BF80] <- 0xFFFFFFFF88888887
mem[X,0x0000000080005000] -> 0x3537
mem[X,0x0000000080005002] -> 0x3333
[5125] [M]: 0x0000000080005000 (0x33333537) lui a0, 0x33333
x10 <- 0x0000000033333000
mem[X,0x0000000080005004] -> 0x0513
mem[X,0x0000000080005006] -> 0x3335
[5126] [M]: 0x0000000080005004 (0x33350513) addi a0, a0, 0x333
x10 <- 0x0000000033333333
mem[X,0x0000000080005008] -> 0x1513
mem[X,0x000000008000500A] -> 0x00B5
[5127] [M]: 0x0000000080005008 (0x00B51513) slli a0, a0, 0xb
x10 <- 0x0000019999999800
mem[X,0x000000008000500C] -> 0x0513
mem[X,0x000000008000500E] -> 0x1995
[5128] [M]: 0x000000008000500C (0x19950513) addi a0, a0, 0x199
x10 <- 0x0000019999999999
mem[X,0x0000000080005010] -> 0x1513
mem[X,0x0000000080005012] -> 0x00B5
[5129] [M]: 0x0000000080005010 (0x00B51513) slli a0, a0, 0xb
x10 <- 0x000CCCCCCCCCC800
mem[X,0x0000000080005014] -> 0x0513
mem[X,0x0000000080005016] -> 0x4CC5
[5130] [M]: 0x0000000080005014 (0x4CC50513) addi a0, a0, 0x4cc
x10 <- 0x000CCCCCCCCCCCCC
mem[X,0x0000000080005018] -> 0x1513
mem[X,0x000000008000501A] -> 0x00A5
[5131] [M]: 0x0000000080005018 (0x00A51513) slli a0, a0, 0xa
x10 <- 0x3333333333333000
mem[X,0x000000008000501C] -> 0x0513
mem[X,0x000000008000501E] -> 0x3325
[5132] [M]: 0x000000008000501C (0x33250513) addi a0, a0, 0x332
x10 <- 0x3333333333333332
mem[X,0x0000000080005020] -> 0x0593
mem[X,0x0000000080005022] -> 0x0060
[5133] [M]: 0x0000000080005020 (0x00600593) addi a1, zero, 0x6
x11 <- 0x0000000000000006
mem[X,0x0000000080005024] -> 0x063B
mem[X,0x0000000080005026] -> 0x40B5
[5134] [M]: 0x0000000080005024 (0x40B5063B) subw a2, a0, a1
x12 <- 0x000000003333332C
mem[X,0x0000000080005028] -> 0xB023
mem[X,0x000000008000502A] -> 0x5EC2
[5135] [M]: 0x0000000080005028 (0x5EC2B023) sd a2, 0x5e0(t0)
mem[0x000000008000BF88] <- 0x000000003333332C
mem[X,0x000000008000502C] -> 0x3537
mem[X,0x000000008000502E] -> 0x3333
[5136] [M]: 0x000000008000502C (0x33333537) lui a0, 0x33333
x10 <- 0x0000000033333000
mem[X,0x0000000080005030] -> 0x0513
mem[X,0x0000000080005032] -> 0x3335
[5137] [M]: 0x0000000080005030 (0x33350513) addi a0, a0, 0x333
x10 <- 0x0000000033333333
mem[X,0x0000000080005034] -> 0x1513
mem[X,0x0000000080005036] -> 0x00B5
[5138] [M]: 0x0000000080005034 (0x00B51513) slli a0, a0, 0xb
x10 <- 0x0000019999999800
mem[X,0x0000000080005038] -> 0x0513
mem[X,0x000000008000503A] -> 0x1995
[5139] [M]: 0x0000000080005038 (0x19950513) addi a0, a0, 0x199
x10 <- 0x0000019999999999
mem[X,0x000000008000503C] -> 0x1513
mem[X,0x000000008000503E] -> 0x00B5
[5140] [M]: 0x000000008000503C (0x00B51513) slli a0, a0, 0xb
x10 <- 0x000CCCCCCCCCC800
mem[X,0x0000000080005040] -> 0x0513
mem[X,0x0000000080005042] -> 0x4CC5
[5141] [M]: 0x0000000080005040 (0x4CC50513) addi a0, a0, 0x4cc
x10 <- 0x000CCCCCCCCCCCCC
mem[X,0x0000000080005044] -> 0x1513
mem[X,0x0000000080005046] -> 0x00A5
[5142] [M]: 0x0000000080005044 (0x00A51513) slli a0, a0, 0xa
x10 <- 0x3333333333333000
mem[X,0x0000000080005048] -> 0x0513
mem[X,0x000000008000504A] -> 0x3325
[5143] [M]: 0x0000000080005048 (0x33250513) addi a0, a0, 0x332
x10 <- 0x3333333333333332
mem[X,0x000000008000504C] -> 0x35B7
mem[X,0x000000008000504E] -> 0x3333
[5144] [M]: 0x000000008000504C (0x333335B7) lui a1, 0x33333
x11 <- 0x0000000033333000
mem[X,0x0000000080005050] -> 0x8593
mem[X,0x0000000080005052] -> 0x3335
[5145] [M]: 0x0000000080005050 (0x33358593) addi a1, a1, 0x333
x11 <- 0x0000000033333333
mem[X,0x0000000080005054] -> 0x9593
mem[X,0x0000000080005056] -> 0x00B5
[5146] [M]: 0x0000000080005054 (0x00B59593) slli a1, a1, 0xb
x11 <- 0x0000019999999800
mem[X,0x0000000080005058] -> 0x8593
mem[X,0x000000008000505A] -> 0x1995
[5147] [M]: 0x0000000080005058 (0x19958593) addi a1, a1, 0x199
x11 <- 0x0000019999999999
mem[X,0x000000008000505C] -> 0x9593
mem[X,0x000000008000505E] -> 0x00B5
[5148] [M]: 0x000000008000505C (0x00B59593) slli a1, a1, 0xb
x11 <- 0x000CCCCCCCCCC800
mem[X,0x0000000080005060] -> 0x8593
mem[X,0x0000000080005062] -> 0x4CC5
[5149] [M]: 0x0000000080005060 (0x4CC58593) addi a1, a1, 0x4cc
x11 <- 0x000CCCCCCCCCCCCC
mem[X,0x0000000080005064] -> 0x9593
mem[X,0x0000000080005066] -> 0x00A5
[5150] [M]: 0x0000000080005064 (0x00A59593) slli a1, a1, 0xa
x11 <- 0x3333333333333000
mem[X,0x0000000080005068] -> 0x8593
mem[X,0x000000008000506A] -> 0x3345
[5151] [M]: 0x0000000080005068 (0x33458593) addi a1, a1, 0x334
x11 <- 0x3333333333333334
mem[X,0x000000008000506C] -> 0x063B
mem[X,0x000000008000506E] -> 0x40B5
[5152] [M]: 0x000000008000506C (0x40B5063B) subw a2, a0, a1
x12 <- 0xFFFFFFFFFFFFFFFE
mem[X,0x0000000080005070] -> 0xB423
mem[X,0x0000000080005072] -> 0x5EC2
[5153] [M]: 0x0000000080005070 (0x5EC2B423) sd a2, 0x5e8(t0)
mem[0x000000008000BF90] <- 0xFFFFFFFFFFFFFFFE
mem[X,0x0000000080005074] -> 0x3537
mem[X,0x0000000080005076] -> 0x3333
[5154] [M]: 0x0000000080005074 (0x33333537) lui a0, 0x33333
x10 <- 0x0000000033333000
mem[X,0x0000000080005078] -> 0x0513
mem[X,0x000000008000507A] -> 0x3335
[5155] [M]: 0x0000000080005078 (0x33350513) addi a0, a0, 0x333
x10 <- 0x0000000033333333
mem[X,0x000000008000507C] -> 0x1513
mem[X,0x000000008000507E] -> 0x00B5
[5156] [M]: 0x000000008000507C (0x00B51513) slli a0, a0, 0xb
x10 <- 0x0000019999999800
mem[X,0x0000000080005080] -> 0x0513
mem[X,0x0000000080005082] -> 0x1995
[5157] [M]: 0x0000000080005080 (0x19950513) addi a0, a0, 0x199
x10 <- 0x0000019999999999
mem[X,0x0000000080005084] -> 0x1513
mem[X,0x0000000080005086] -> 0x00B5
[5158] [M]: 0x0000000080005084 (0x00B51513) slli a0, a0, 0xb
x10 <- 0x000CCCCCCCCCC800
mem[X,0x0000000080005088] -> 0x0513
mem[X,0x000000008000508A] -> 0x4CC5
[5159] [M]: 0x0000000080005088 (0x4CC50513) addi a0, a0, 0x4cc
x10 <- 0x000CCCCCCCCCCCCC
mem[X,0x000000008000508C] -> 0x1513
mem[X,0x000000008000508E] -> 0x00A5
[5160] [M]: 0x000000008000508C (0x00A51513) slli a0, a0, 0xa
x10 <- 0x3333333333333000
mem[X,0x0000000080005090] -> 0x0513
mem[X,0x0000000080005092] -> 0x3325
[5161] [M]: 0x0000000080005090 (0x33250513) addi a0, a0, 0x332
x10 <- 0x3333333333333332
mem[X,0x0000000080005094] -> 0x65B7
mem[X,0x0000000080005096] -> 0x6666
[5162] [M]: 0x0000000080005094 (0x666665B7) lui a1, 0x66666
x11 <- 0x0000000066666000
mem[X,0x0000000080005098] -> 0x8593
mem[X,0x000000008000509A] -> 0x6665
[5163] [M]: 0x0000000080005098 (0x66658593) addi a1, a1, 0x666
x11 <- 0x0000000066666666
mem[X,0x000000008000509C] -> 0x9593
mem[X,0x000000008000509E] -> 0x00B5
[5164] [M]: 0x000000008000509C (0x00B59593) slli a1, a1, 0xb
x11 <- 0x0000033333333000
mem[X,0x00000000800050A0] -> 0x8593
mem[X,0x00000000800050A2] -> 0x3335
[5165] [M]: 0x00000000800050A0 (0x33358593) addi a1, a1, 0x333
x11 <- 0x0000033333333333
mem[X,0x00000000800050A4] -> 0x9593
mem[X,0x00000000800050A6] -> 0x00B5
[5166] [M]: 0x00000000800050A4 (0x00B59593) slli a1, a1, 0xb
x11 <- 0x0019999999999800
mem[X,0x00000000800050A8] -> 0x8593
mem[X,0x00000000800050AA] -> 0x1995
[5167] [M]: 0x00000000800050A8 (0x19958593) addi a1, a1, 0x199
x11 <- 0x0019999999999999
mem[X,0x00000000800050AC] -> 0x9593
mem[X,0x00000000800050AE] -> 0x00A5
[5168] [M]: 0x00000000800050AC (0x00A59593) slli a1, a1, 0xa
x11 <- 0x6666666666666400
mem[X,0x00000000800050B0] -> 0x8593
mem[X,0x00000000800050B2] -> 0x2675
[5169] [M]: 0x00000000800050B0 (0x26758593) addi a1, a1, 0x267
x11 <- 0x6666666666666667
mem[X,0x00000000800050B4] -> 0x063B
mem[X,0x00000000800050B6] -> 0x40B5
[5170] [M]: 0x00000000800050B4 (0x40B5063B) subw a2, a0, a1
x12 <- 0xFFFFFFFFCCCCCCCB
mem[X,0x00000000800050B8] -> 0xB823
mem[X,0x00000000800050BA] -> 0x5EC2
[5171] [M]: 0x00000000800050B8 (0x5EC2B823) sd a2, 0x5f0(t0)
mem[0x000000008000BF98] <- 0xFFFFFFFFCCCCCCCB
mem[X,0x00000000800050BC] -> 0x3537
mem[X,0x00000000800050BE] -> 0x3333
[5172] [M]: 0x00000000800050BC (0x33333537) lui a0, 0x33333
x10 <- 0x0000000033333000
mem[X,0x00000000800050C0] -> 0x0513
mem[X,0x00000000800050C2] -> 0x3335
[5173] [M]: 0x00000000800050C0 (0x33350513) addi a0, a0, 0x333
x10 <- 0x0000000033333333
mem[X,0x00000000800050C4] -> 0x1513
mem[X,0x00000000800050C6] -> 0x00B5
[5174] [M]: 0x00000000800050C4 (0x00B51513) slli a0, a0, 0xb
x10 <- 0x0000019999999800
mem[X,0x00000000800050C8] -> 0x0513
mem[X,0x00000000800050CA] -> 0x1995
[5175] [M]: 0x00000000800050C8 (0x19950513) addi a0, a0, 0x199
x10 <- 0x0000019999999999
mem[X,0x00000000800050CC] -> 0x1513
mem[X,0x00000000800050CE] -> 0x00B5
[5176] [M]: 0x00000000800050CC (0x00B51513) slli a0, a0, 0xb
x10 <- 0x000CCCCCCCCCC800
mem[X,0x00000000800050D0] -> 0x0513
mem[X,0x00000000800050D2] -> 0x4CC5
[5177] [M]: 0x00000000800050D0 (0x4CC50513) addi a0, a0, 0x4cc
x10 <- 0x000CCCCCCCCCCCCC
mem[X,0x00000000800050D4] -> 0x1513
mem[X,0x00000000800050D6] -> 0x00A5
[5178] [M]: 0x00000000800050D4 (0x00A51513) slli a0, a0, 0xa
x10 <- 0x3333333333333000
mem[X,0x00000000800050D8] -> 0x0513
mem[X,0x00000000800050DA] -> 0x3325
[5179] [M]: 0x00000000800050D8 (0x33250513) addi a0, a0, 0x332
x10 <- 0x3333333333333332
mem[X,0x00000000800050DC] -> 0x05B7
mem[X,0x00000000800050DE] -> 0x0000
[5180] [M]: 0x00000000800050DC (0x000005B7) lui a1, 0x0
x11 <- 0x0000000000000000
mem[X,0x00000000800050E0] -> 0x8593
mem[X,0x00000000800050E2] -> 0xFFF5
[5181] [M]: 0x00000000800050E0 (0xFFF58593) addi a1, a1, -0x1
x11 <- 0xFFFFFFFFFFFFFFFF
mem[X,0x00000000800050E4] -> 0x9593
mem[X,0x00000000800050E6] -> 0x00B5
[5182] [M]: 0x00000000800050E4 (0x00B59593) slli a1, a1, 0xb
x11 <- 0xFFFFFFFFFFFFF800
mem[X,0x00000000800050E8] -> 0x8593
mem[X,0x00000000800050EA] -> 0x2575
[5183] [M]: 0x00000000800050E8 (0x25758593) addi a1, a1, 0x257
x11 <- 0xFFFFFFFFFFFFFA57
mem[X,0x00000000800050EC] -> 0x9593
mem[X,0x00000000800050EE] -> 0x00B5
[5184] [M]: 0x00000000800050EC (0x00B59593) slli a1, a1, 0xb
x11 <- 0xFFFFFFFFFFD2B800
mem[X,0x00000000800050F0] -> 0x8593
mem[X,0x00000000800050F2] -> 0x6C35
[5185] [M]: 0x00000000800050F0 (0x6C358593) addi a1, a1, 0x6c3
x11 <- 0xFFFFFFFFFFD2BEC3
mem[X,0x00000000800050F4] -> 0x9593
mem[X,0x00000000800050F6] -> 0x00A5
[5186] [M]: 0x00000000800050F4 (0x00A59593) slli a1, a1, 0xa
x11 <- 0xFFFFFFFF4AFB0C00
mem[X,0x00000000800050F8] -> 0x8593
mem[X,0x00000000800050FA] -> 0x0CE5
[5187] [M]: 0x00000000800050F8 (0x0CE58593) addi a1, a1, 0xce
x11 <- 0xFFFFFFFF4AFB0CCE
mem[X,0x00000000800050FC] -> 0x063B
mem[X,0x00000000800050FE] -> 0x40B5
[5188] [M]: 0x00000000800050FC (0x40B5063B) subw a2, a0, a1
x12 <- 0xFFFFFFFFE8382664
mem[X,0x0000000080005100] -> 0xBC23
mem[X,0x0000000080005102] -> 0x5EC2
[5189] [M]: 0x0000000080005100 (0x5EC2BC23) sd a2, 0x5f8(t0)
mem[0x000000008000BFA0] <- 0xFFFFFFFFE8382664
mem[X,0x0000000080005104] -> 0x3537
mem[X,0x0000000080005106] -> 0x3333
[5190] [M]: 0x0000000080005104 (0x33333537) lui a0, 0x33333
x10 <- 0x0000000033333000
mem[X,0x0000000080005108] -> 0x0513
mem[X,0x000000008000510A] -> 0x3335
[5191] [M]: 0x0000000080005108 (0x33350513) addi a0, a0, 0x333
x10 <- 0x0000000033333333
mem[X,0x000000008000510C] -> 0x1513
mem[X,0x000000008000510E] -> 0x00B5
[5192] [M]: 0x000000008000510C (0x00B51513) slli a0, a0, 0xb
x10 <- 0x0000019999999800
mem[X,0x0000000080005110] -> 0x0513
mem[X,0x0000000080005112] -> 0x1995
[5193] [M]: 0x0000000080005110 (0x19950513) addi a0, a0, 0x199
x10 <- 0x0000019999999999
mem[X,0x0000000080005114] -> 0x1513
mem[X,0x0000000080005116] -> 0x00B5
[5194] [M]: 0x0000000080005114 (0x00B51513) slli a0, a0, 0xb
x10 <- 0x000CCCCCCCCCC800
mem[X,0x0000000080005118] -> 0x0513
mem[X,0x000000008000511A] -> 0x4CC5
[5195] [M]: 0x0000000080005118 (0x4CC50513) addi a0, a0, 0x4cc
x10 <- 0x000CCCCCCCCCCCCC
mem[X,0x000000008000511C] -> 0x1513
mem[X,0x000000008000511E] -> 0x00A5
[5196] [M]: 0x000000008000511C (0x00A51513) slli a0, a0, 0xa
x10 <- 0x3333333333333000
mem[X,0x0000000080005120] -> 0x0513
mem[X,0x0000000080005122] -> 0x3325
[5197] [M]: 0x0000000080005120 (0x33250513) addi a0, a0, 0x332
x10 <- 0x3333333333333332
mem[X,0x0000000080005124] -> 0x05B7
mem[X,0x0000000080005126] -> 0x0000
[5198] [M]: 0x0000000080005124 (0x000005B7) lui a1, 0x0
x11 <- 0x0000000000000000
mem[X,0x0000000080005128] -> 0x8593
mem[X,0x000000008000512A] -> 0x0005
[5199] [M]: 0x0000000080005128 (0x00058593) addi a1, a1, 0x0
x11 <- 0x0000000000000000
clint::tick mtime <- 0x0000000000000034
 clint timer pending at mtime 0x0000000000000034
htif::tick 0x0000000000000000
mem[X,0x000000008000512C] -> 0x9593
mem[X,0x000000008000512E] -> 0x00B5
[5200] [M]: 0x000000008000512C (0x00B59593) slli a1, a1, 0xb
x11 <- 0x0000000000000000
mem[X,0x0000000080005130] -> 0x8593
mem[X,0x0000000080005132] -> 0x5A85
[5201] [M]: 0x0000000080005130 (0x5A858593) addi a1, a1, 0x5a8
x11 <- 0x00000000000005A8
mem[X,0x0000000080005134] -> 0x9593
mem[X,0x0000000080005136] -> 0x00B5
[5202] [M]: 0x0000000080005134 (0x00B59593) slli a1, a1, 0xb
x11 <- 0x00000000002D4000
mem[X,0x0000000080005138] -> 0x8593
mem[X,0x000000008000513A] -> 0x13C5
[5203] [M]: 0x0000000080005138 (0x13C58593) addi a1, a1, 0x13c
x11 <- 0x00000000002D413C
mem[X,0x000000008000513C] -> 0x9593
mem[X,0x000000008000513E] -> 0x00A5
[5204] [M]: 0x000000008000513C (0x00A59593) slli a1, a1, 0xa
x11 <- 0x00000000B504F000
mem[X,0x0000000080005140] -> 0x8593
mem[X,0x0000000080005142] -> 0x3345
[5205] [M]: 0x0000000080005140 (0x33458593) addi a1, a1, 0x334
x11 <- 0x00000000B504F334
mem[X,0x0000000080005144] -> 0x063B
mem[X,0x0000000080005146] -> 0x40B5
[5206] [M]: 0x0000000080005144 (0x40B5063B) subw a2, a0, a1
x12 <- 0x000000007E2E3FFE
mem[X,0x0000000080005148] -> 0xB023
mem[X,0x000000008000514A] -> 0x60C2
[5207] [M]: 0x0000000080005148 (0x60C2B023) sd a2, 0x600(t0)
mem[0x000000008000BFA8] <- 0x000000007E2E3FFE
mem[X,0x000000008000514C] -> 0x6537
mem[X,0x000000008000514E] -> 0x6666
[5208] [M]: 0x000000008000514C (0x66666537) lui a0, 0x66666
x10 <- 0x0000000066666000
mem[X,0x0000000080005150] -> 0x0513
mem[X,0x0000000080005152] -> 0x6665
[5209] [M]: 0x0000000080005150 (0x66650513) addi a0, a0, 0x666
x10 <- 0x0000000066666666
mem[X,0x0000000080005154] -> 0x1513
mem[X,0x0000000080005156] -> 0x00B5
[5210] [M]: 0x0000000080005154 (0x00B51513) slli a0, a0, 0xb
x10 <- 0x0000033333333000
mem[X,0x0000000080005158] -> 0x0513
mem[X,0x000000008000515A] -> 0x3335
[5211] [M]: 0x0000000080005158 (0x33350513) addi a0, a0, 0x333
x10 <- 0x0000033333333333
mem[X,0x000000008000515C] -> 0x1513
mem[X,0x000000008000515E] -> 0x00B5
[5212] [M]: 0x000000008000515C (0x00B51513) slli a0, a0, 0xb
x10 <- 0x0019999999999800
mem[X,0x0000000080005160] -> 0x0513
mem[X,0x0000000080005162] -> 0x1995
[5213] [M]: 0x0000000080005160 (0x19950513) addi a0, a0, 0x199
x10 <- 0x0019999999999999
mem[X,0x0000000080005164] -> 0x1513
mem[X,0x0000000080005166] -> 0x00A5
[5214] [M]: 0x0000000080005164 (0x00A51513) slli a0, a0, 0xa
x10 <- 0x6666666666666400
mem[X,0x0000000080005168] -> 0x0513
mem[X,0x000000008000516A] -> 0x2655
[5215] [M]: 0x0000000080005168 (0x26550513) addi a0, a0, 0x265
x10 <- 0x6666666666666665
mem[X,0x000000008000516C] -> 0x0593
mem[X,0x000000008000516E] -> 0x0030
[5216] [M]: 0x000000008000516C (0x00300593) addi a1, zero, 0x3
x11 <- 0x0000000000000003
mem[X,0x0000000080005170] -> 0x063B
mem[X,0x0000000080005172] -> 0x40B5
[5217] [M]: 0x0000000080005170 (0x40B5063B) subw a2, a0, a1
x12 <- 0x0000000066666662
mem[X,0x0000000080005174] -> 0xB423
mem[X,0x0000000080005176] -> 0x60C2
[5218] [M]: 0x0000000080005174 (0x60C2B423) sd a2, 0x608(t0)
mem[0x000000008000BFB0] <- 0x0000000066666662
mem[X,0x0000000080005178] -> 0x6537
mem[X,0x000000008000517A] -> 0x6666
[5219] [M]: 0x0000000080005178 (0x66666537) lui a0, 0x66666
x10 <- 0x0000000066666000
mem[X,0x000000008000517C] -> 0x0513
mem[X,0x000000008000517E] -> 0x6665
[5220] [M]: 0x000000008000517C (0x66650513) addi a0, a0, 0x666
x10 <- 0x0000000066666666
mem[X,0x0000000080005180] -> 0x1513
mem[X,0x0000000080005182] -> 0x00B5
[5221] [M]: 0x0000000080005180 (0x00B51513) slli a0, a0, 0xb
x10 <- 0x0000033333333000
mem[X,0x0000000080005184] -> 0x0513
mem[X,0x0000000080005186] -> 0x3335
[5222] [M]: 0x0000000080005184 (0x33350513) addi a0, a0, 0x333
x10 <- 0x0000033333333333
mem[X,0x0000000080005188] -> 0x1513
mem[X,0x000000008000518A] -> 0x00B5
[5223] [M]: 0x0000000080005188 (0x00B51513) slli a0, a0, 0xb
x10 <- 0x0019999999999800
mem[X,0x000000008000518C] -> 0x0513
mem[X,0x000000008000518E] -> 0x1995
[5224] [M]: 0x000000008000518C (0x19950513) addi a0, a0, 0x199
x10 <- 0x0019999999999999
mem[X,0x0000000080005190] -> 0x1513
mem[X,0x0000000080005192] -> 0x00A5
[5225] [M]: 0x0000000080005190 (0x00A51513) slli a0, a0, 0xa
x10 <- 0x6666666666666400
mem[X,0x0000000080005194] -> 0x0513
mem[X,0x0000000080005196] -> 0x2655
[5226] [M]: 0x0000000080005194 (0x26550513) addi a0, a0, 0x265
x10 <- 0x6666666666666665
mem[X,0x0000000080005198] -> 0x55B7
mem[X,0x000000008000519A] -> 0x5555
[5227] [M]: 0x0000000080005198 (0x555555B7) lui a1, 0x55555
x11 <- 0x0000000055555000
mem[X,0x000000008000519C] -> 0x8593
mem[X,0x000000008000519E] -> 0x5555
[5228] [M]: 0x000000008000519C (0x55558593) addi a1, a1, 0x555
x11 <- 0x0000000055555555
mem[X,0x00000000800051A0] -> 0x9593
mem[X,0x00000000800051A2] -> 0x00B5
[5229] [M]: 0x00000000800051A0 (0x00B59593) slli a1, a1, 0xb
x11 <- 0x000002AAAAAAA800
mem[X,0x00000000800051A4] -> 0x8593
mem[X,0x00000000800051A6] -> 0x2AA5
[5230] [M]: 0x00000000800051A4 (0x2AA58593) addi a1, a1, 0x2aa
x11 <- 0x000002AAAAAAAAAA
mem[X,0x00000000800051A8] -> 0x9593
mem[X,0x00000000800051AA] -> 0x00B5
[5231] [M]: 0x00000000800051A8 (0x00B59593) slli a1, a1, 0xb
x11 <- 0x0015555555555000
mem[X,0x00000000800051AC] -> 0x8593
mem[X,0x00000000800051AE] -> 0x5555
[5232] [M]: 0x00000000800051AC (0x55558593) addi a1, a1, 0x555
x11 <- 0x0015555555555555
mem[X,0x00000000800051B0] -> 0x9593
mem[X,0x00000000800051B2] -> 0x00A5
[5233] [M]: 0x00000000800051B0 (0x00A59593) slli a1, a1, 0xa
x11 <- 0x5555555555555400
mem[X,0x00000000800051B4] -> 0x8593
mem[X,0x00000000800051B6] -> 0x1555
[5234] [M]: 0x00000000800051B4 (0x15558593) addi a1, a1, 0x155
x11 <- 0x5555555555555555
mem[X,0x00000000800051B8] -> 0x063B
mem[X,0x00000000800051BA] -> 0x40B5
[5235] [M]: 0x00000000800051B8 (0x40B5063B) subw a2, a0, a1
x12 <- 0x0000000011111110
mem[X,0x00000000800051BC] -> 0xB823
mem[X,0x00000000800051BE] -> 0x60C2
[5236] [M]: 0x00000000800051BC (0x60C2B823) sd a2, 0x610(t0)
mem[0x000000008000BFB8] <- 0x0000000011111110
mem[X,0x00000000800051C0] -> 0x6537
mem[X,0x00000000800051C2] -> 0x6666
[5237] [M]: 0x00000000800051C0 (0x66666537) lui a0, 0x66666
x10 <- 0x0000000066666000
mem[X,0x00000000800051C4] -> 0x0513
mem[X,0x00000000800051C6] -> 0x6665
[5238] [M]: 0x00000000800051C4 (0x66650513) addi a0, a0, 0x666
x10 <- 0x0000000066666666
mem[X,0x00000000800051C8] -> 0x1513
mem[X,0x00000000800051CA] -> 0x00B5
[5239] [M]: 0x00000000800051C8 (0x00B51513) slli a0, a0, 0xb
x10 <- 0x0000033333333000
mem[X,0x00000000800051CC] -> 0x0513
mem[X,0x00000000800051CE] -> 0x3335
[5240] [M]: 0x00000000800051CC (0x33350513) addi a0, a0, 0x333
x10 <- 0x0000033333333333
mem[X,0x00000000800051D0] -> 0x1513
mem[X,0x00000000800051D2] -> 0x00B5
[5241] [M]: 0x00000000800051D0 (0x00B51513) slli a0, a0, 0xb
x10 <- 0x0019999999999800
mem[X,0x00000000800051D4] -> 0x0513
mem[X,0x00000000800051D6] -> 0x1995
[5242] [M]: 0x00000000800051D4 (0x19950513) addi a0, a0, 0x199
x10 <- 0x0019999999999999
mem[X,0x00000000800051D8] -> 0x1513
mem[X,0x00000000800051DA] -> 0x00A5
[5243] [M]: 0x00000000800051D8 (0x00A51513) slli a0, a0, 0xa
x10 <- 0x6666666666666400
mem[X,0x00000000800051DC] -> 0x0513
mem[X,0x00000000800051DE] -> 0x2655
[5244] [M]: 0x00000000800051DC (0x26550513) addi a0, a0, 0x265
x10 <- 0x6666666666666665
mem[X,0x00000000800051E0] -> 0xB5B7
mem[X,0x00000000800051E2] -> 0xAAAA
[5245] [M]: 0x00000000800051E0 (0xAAAAB5B7) lui a1, -0x55555
x11 <- 0xFFFFFFFFAAAAB000
mem[X,0x00000000800051E4] -> 0x8593
mem[X,0x00000000800051E6] -> 0xAAA5
[5246] [M]: 0x00000000800051E4 (0xAAA58593) addi a1, a1, -0x556
x11 <- 0xFFFFFFFFAAAAAAAA
mem[X,0x00000000800051E8] -> 0x9593
mem[X,0x00000000800051EA] -> 0x00B5
[5247] [M]: 0x00000000800051E8 (0x00B59593) slli a1, a1, 0xb
x11 <- 0xFFFFFD5555555000
mem[X,0x00000000800051EC] -> 0x8593
mem[X,0x00000000800051EE] -> 0x5555
[5248] [M]: 0x00000000800051EC (0x55558593) addi a1, a1, 0x555
x11 <- 0xFFFFFD5555555555
mem[X,0x00000000800051F0] -> 0x9593
mem[X,0x00000000800051F2] -> 0x00B5
[5249] [M]: 0x00000000800051F0 (0x00B59593) slli a1, a1, 0xb
x11 <- 0xFFEAAAAAAAAAA800
mem[X,0x00000000800051F4] -> 0x8593
mem[X,0x00000000800051F6] -> 0x2AA5
[5250] [M]: 0x00000000800051F4 (0x2AA58593) addi a1, a1, 0x2aa
x11 <- 0xFFEAAAAAAAAAAAAA
mem[X,0x00000000800051F8] -> 0x9593
mem[X,0x00000000800051FA] -> 0x00A5
[5251] [M]: 0x00000000800051F8 (0x00A59593) slli a1, a1, 0xa
x11 <- 0xAAAAAAAAAAAAA800
mem[X,0x00000000800051FC] -> 0x8593
mem[X,0x00000000800051FE] -> 0x2AA5
[5252] [M]: 0x00000000800051FC (0x2AA58593) addi a1, a1, 0x2aa
x11 <- 0xAAAAAAAAAAAAAAAA
mem[X,0x0000000080005200] -> 0x063B
mem[X,0x0000000080005202] -> 0x40B5
[5253] [M]: 0x0000000080005200 (0x40B5063B) subw a2, a0, a1
x12 <- 0xFFFFFFFFBBBBBBBB
mem[X,0x0000000080005204] -> 0xBC23
mem[X,0x0000000080005206] -> 0x60C2
[5254] [M]: 0x0000000080005204 (0x60C2BC23) sd a2, 0x618(t0)
mem[0x000000008000BFC0] <- 0xFFFFFFFFBBBBBBBB
mem[X,0x0000000080005208] -> 0x6537
mem[X,0x000000008000520A] -> 0x6666
[5255] [M]: 0x0000000080005208 (0x66666537) lui a0, 0x66666
x10 <- 0x0000000066666000
mem[X,0x000000008000520C] -> 0x0513
mem[X,0x000000008000520E] -> 0x6665
[5256] [M]: 0x000000008000520C (0x66650513) addi a0, a0, 0x666
x10 <- 0x0000000066666666
mem[X,0x0000000080005210] -> 0x1513
mem[X,0x0000000080005212] -> 0x00B5
[5257] [M]: 0x0000000080005210 (0x00B51513) slli a0, a0, 0xb
x10 <- 0x0000033333333000
mem[X,0x0000000080005214] -> 0x0513
mem[X,0x0000000080005216] -> 0x3335
[5258] [M]: 0x0000000080005214 (0x33350513) addi a0, a0, 0x333
x10 <- 0x0000033333333333
mem[X,0x0000000080005218] -> 0x1513
mem[X,0x000000008000521A] -> 0x00B5
[5259] [M]: 0x0000000080005218 (0x00B51513) slli a0, a0, 0xb
x10 <- 0x0019999999999800
mem[X,0x000000008000521C] -> 0x0513
mem[X,0x000000008000521E] -> 0x1995
[5260] [M]: 0x000000008000521C (0x19950513) addi a0, a0, 0x199
x10 <- 0x0019999999999999
mem[X,0x0000000080005220] -> 0x1513
mem[X,0x0000000080005222] -> 0x00A5
[5261] [M]: 0x0000000080005220 (0x00A51513) slli a0, a0, 0xa
x10 <- 0x6666666666666400
mem[X,0x0000000080005224] -> 0x0513
mem[X,0x0000000080005226] -> 0x2655
[5262] [M]: 0x0000000080005224 (0x26550513) addi a0, a0, 0x265
x10 <- 0x6666666666666665
mem[X,0x0000000080005228] -> 0x0593
mem[X,0x000000008000522A] -> 0x0050
[5263] [M]: 0x0000000080005228 (0x00500593) addi a1, zero, 0x5
x11 <- 0x0000000000000005
mem[X,0x000000008000522C] -> 0x063B
mem[X,0x000000008000522E] -> 0x40B5
[5264] [M]: 0x000000008000522C (0x40B5063B) subw a2, a0, a1
x12 <- 0x0000000066666660
mem[X,0x0000000080005230] -> 0xB023
mem[X,0x0000000080005232] -> 0x62C2
[5265] [M]: 0x0000000080005230 (0x62C2B023) sd a2, 0x620(t0)
mem[0x000000008000BFC8] <- 0x0000000066666660
mem[X,0x0000000080005234] -> 0x6537
mem[X,0x0000000080005236] -> 0x6666
[5266] [M]: 0x0000000080005234 (0x66666537) lui a0, 0x66666
x10 <- 0x0000000066666000
mem[X,0x0000000080005238] -> 0x0513
mem[X,0x000000008000523A] -> 0x6665
[5267] [M]: 0x0000000080005238 (0x66650513) addi a0, a0, 0x666
x10 <- 0x0000000066666666
mem[X,0x000000008000523C] -> 0x1513
mem[X,0x000000008000523E] -> 0x00B5
[5268] [M]: 0x000000008000523C (0x00B51513) slli a0, a0, 0xb
x10 <- 0x0000033333333000
mem[X,0x0000000080005240] -> 0x0513
mem[X,0x0000000080005242] -> 0x3335
[5269] [M]: 0x0000000080005240 (0x33350513) addi a0, a0, 0x333
x10 <- 0x0000033333333333
mem[X,0x0000000080005244] -> 0x1513
mem[X,0x0000000080005246] -> 0x00B5
[5270] [M]: 0x0000000080005244 (0x00B51513) slli a0, a0, 0xb
x10 <- 0x0019999999999800
mem[X,0x0000000080005248] -> 0x0513
mem[X,0x000000008000524A] -> 0x1995
[5271] [M]: 0x0000000080005248 (0x19950513) addi a0, a0, 0x199
x10 <- 0x0019999999999999
mem[X,0x000000008000524C] -> 0x1513
mem[X,0x000000008000524E] -> 0x00A5
[5272] [M]: 0x000000008000524C (0x00A51513) slli a0, a0, 0xa
x10 <- 0x6666666666666400
mem[X,0x0000000080005250] -> 0x0513
mem[X,0x0000000080005252] -> 0x2655
[5273] [M]: 0x0000000080005250 (0x26550513) addi a0, a0, 0x265
x10 <- 0x6666666666666665
mem[X,0x0000000080005254] -> 0x35B7
mem[X,0x0000000080005256] -> 0x3333
[5274] [M]: 0x0000000080005254 (0x333335B7) lui a1, 0x33333
x11 <- 0x0000000033333000
mem[X,0x0000000080005258] -> 0x8593
mem[X,0x000000008000525A] -> 0x3335
[5275] [M]: 0x0000000080005258 (0x33358593) addi a1, a1, 0x333
x11 <- 0x0000000033333333
mem[X,0x000000008000525C] -> 0x9593
mem[X,0x000000008000525E] -> 0x00B5
[5276] [M]: 0x000000008000525C (0x00B59593) slli a1, a1, 0xb
x11 <- 0x0000019999999800
mem[X,0x0000000080005260] -> 0x8593
mem[X,0x0000000080005262] -> 0x1995
[5277] [M]: 0x0000000080005260 (0x19958593) addi a1, a1, 0x199
x11 <- 0x0000019999999999
mem[X,0x0000000080005264] -> 0x9593
mem[X,0x0000000080005266] -> 0x00B5
[5278] [M]: 0x0000000080005264 (0x00B59593) slli a1, a1, 0xb
x11 <- 0x000CCCCCCCCCC800
mem[X,0x0000000080005268] -> 0x8593
mem[X,0x000000008000526A] -> 0x4CC5
[5279] [M]: 0x0000000080005268 (0x4CC58593) addi a1, a1, 0x4cc
x11 <- 0x000CCCCCCCCCCCCC
mem[X,0x000000008000526C] -> 0x9593
mem[X,0x000000008000526E] -> 0x00A5
[5280] [M]: 0x000000008000526C (0x00A59593) slli a1, a1, 0xa
x11 <- 0x3333333333333000
mem[X,0x0000000080005270] -> 0x8593
mem[X,0x0000000080005272] -> 0x3335
[5281] [M]: 0x0000000080005270 (0x33358593) addi a1, a1, 0x333
x11 <- 0x3333333333333333
mem[X,0x0000000080005274] -> 0x063B
mem[X,0x0000000080005276] -> 0x40B5
[5282] [M]: 0x0000000080005274 (0x40B5063B) subw a2, a0, a1
x12 <- 0x0000000033333332
mem[X,0x0000000080005278] -> 0xB423
mem[X,0x000000008000527A] -> 0x62C2
[5283] [M]: 0x0000000080005278 (0x62C2B423) sd a2, 0x628(t0)
mem[0x000000008000BFD0] <- 0x0000000033333332
mem[X,0x000000008000527C] -> 0x6537
mem[X,0x000000008000527E] -> 0x6666
[5284] [M]: 0x000000008000527C (0x66666537) lui a0, 0x66666
x10 <- 0x0000000066666000
mem[X,0x0000000080005280] -> 0x0513
mem[X,0x0000000080005282] -> 0x6665
[5285] [M]: 0x0000000080005280 (0x66650513) addi a0, a0, 0x666
x10 <- 0x0000000066666666
mem[X,0x0000000080005284] -> 0x1513
mem[X,0x0000000080005286] -> 0x00B5
[5286] [M]: 0x0000000080005284 (0x00B51513) slli a0, a0, 0xb
x10 <- 0x0000033333333000
mem[X,0x0000000080005288] -> 0x0513
mem[X,0x000000008000528A] -> 0x3335
[5287] [M]: 0x0000000080005288 (0x33350513) addi a0, a0, 0x333
x10 <- 0x0000033333333333
mem[X,0x000000008000528C] -> 0x1513
mem[X,0x000000008000528E] -> 0x00B5
[5288] [M]: 0x000000008000528C (0x00B51513) slli a0, a0, 0xb
x10 <- 0x0019999999999800
mem[X,0x0000000080005290] -> 0x0513
mem[X,0x0000000080005292] -> 0x1995
[5289] [M]: 0x0000000080005290 (0x19950513) addi a0, a0, 0x199
x10 <- 0x0019999999999999
mem[X,0x0000000080005294] -> 0x1513
mem[X,0x0000000080005296] -> 0x00A5
[5290] [M]: 0x0000000080005294 (0x00A51513) slli a0, a0, 0xa
x10 <- 0x6666666666666400
mem[X,0x0000000080005298] -> 0x0513
mem[X,0x000000008000529A] -> 0x2655
[5291] [M]: 0x0000000080005298 (0x26550513) addi a0, a0, 0x265
x10 <- 0x6666666666666665
mem[X,0x000000008000529C] -> 0x65B7
mem[X,0x000000008000529E] -> 0x6666
[5292] [M]: 0x000000008000529C (0x666665B7) lui a1, 0x66666
x11 <- 0x0000000066666000
mem[X,0x00000000800052A0] -> 0x8593
mem[X,0x00000000800052A2] -> 0x6665
[5293] [M]: 0x00000000800052A0 (0x66658593) addi a1, a1, 0x666
x11 <- 0x0000000066666666
mem[X,0x00000000800052A4] -> 0x9593
mem[X,0x00000000800052A6] -> 0x00B5
[5294] [M]: 0x00000000800052A4 (0x00B59593) slli a1, a1, 0xb
x11 <- 0x0000033333333000
mem[X,0x00000000800052A8] -> 0x8593
mem[X,0x00000000800052AA] -> 0x3335
[5295] [M]: 0x00000000800052A8 (0x33358593) addi a1, a1, 0x333
x11 <- 0x0000033333333333
mem[X,0x00000000800052AC] -> 0x9593
mem[X,0x00000000800052AE] -> 0x00B5
[5296] [M]: 0x00000000800052AC (0x00B59593) slli a1, a1, 0xb
x11 <- 0x0019999999999800
mem[X,0x00000000800052B0] -> 0x8593
mem[X,0x00000000800052B2] -> 0x1995
[5297] [M]: 0x00000000800052B0 (0x19958593) addi a1, a1, 0x199
x11 <- 0x0019999999999999
mem[X,0x00000000800052B4] -> 0x9593
mem[X,0x00000000800052B6] -> 0x00A5
[5298] [M]: 0x00000000800052B4 (0x00A59593) slli a1, a1, 0xa
x11 <- 0x6666666666666400
mem[X,0x00000000800052B8] -> 0x8593
mem[X,0x00000000800052BA] -> 0x2665
[5299] [M]: 0x00000000800052B8 (0x26658593) addi a1, a1, 0x266
x11 <- 0x6666666666666666
clint::tick mtime <- 0x0000000000000035
 clint timer pending at mtime 0x0000000000000035
htif::tick 0x0000000000000000
mem[X,0x00000000800052BC] -> 0x063B
mem[X,0x00000000800052BE] -> 0x40B5
[5300] [M]: 0x00000000800052BC (0x40B5063B) subw a2, a0, a1
x12 <- 0xFFFFFFFFFFFFFFFF
mem[X,0x00000000800052C0] -> 0xB823
mem[X,0x00000000800052C2] -> 0x62C2
[5301] [M]: 0x00000000800052C0 (0x62C2B823) sd a2, 0x630(t0)
mem[0x000000008000BFD8] <- 0xFFFFFFFFFFFFFFFF
mem[X,0x00000000800052C4] -> 0x6537
mem[X,0x00000000800052C6] -> 0x6666
[5302] [M]: 0x00000000800052C4 (0x66666537) lui a0, 0x66666
x10 <- 0x0000000066666000
mem[X,0x00000000800052C8] -> 0x0513
mem[X,0x00000000800052CA] -> 0x6665
[5303] [M]: 0x00000000800052C8 (0x66650513) addi a0, a0, 0x666
x10 <- 0x0000000066666666
mem[X,0x00000000800052CC] -> 0x1513
mem[X,0x00000000800052CE] -> 0x00B5
[5304] [M]: 0x00000000800052CC (0x00B51513) slli a0, a0, 0xb
x10 <- 0x0000033333333000
mem[X,0x00000000800052D0] -> 0x0513
mem[X,0x00000000800052D2] -> 0x3335
[5305] [M]: 0x00000000800052D0 (0x33350513) addi a0, a0, 0x333
x10 <- 0x0000033333333333
mem[X,0x00000000800052D4] -> 0x1513
mem[X,0x00000000800052D6] -> 0x00B5
[5306] [M]: 0x00000000800052D4 (0x00B51513) slli a0, a0, 0xb
x10 <- 0x0019999999999800
mem[X,0x00000000800052D8] -> 0x0513
mem[X,0x00000000800052DA] -> 0x1995
[5307] [M]: 0x00000000800052D8 (0x19950513) addi a0, a0, 0x199
x10 <- 0x0019999999999999
mem[X,0x00000000800052DC] -> 0x1513
mem[X,0x00000000800052DE] -> 0x00A5
[5308] [M]: 0x00000000800052DC (0x00A51513) slli a0, a0, 0xa
x10 <- 0x6666666666666400
mem[X,0x00000000800052E0] -> 0x0513
mem[X,0x00000000800052E2] -> 0x2655
[5309] [M]: 0x00000000800052E0 (0x26550513) addi a0, a0, 0x265
x10 <- 0x6666666666666665
mem[X,0x00000000800052E4] -> 0x05B7
mem[X,0x00000000800052E6] -> 0x0000
[5310] [M]: 0x00000000800052E4 (0x000005B7) lui a1, 0x0
x11 <- 0x0000000000000000
mem[X,0x00000000800052E8] -> 0x8593
mem[X,0x00000000800052EA] -> 0xFFF5
[5311] [M]: 0x00000000800052E8 (0xFFF58593) addi a1, a1, -0x1
x11 <- 0xFFFFFFFFFFFFFFFF
mem[X,0x00000000800052EC] -> 0x9593
mem[X,0x00000000800052EE] -> 0x00B5
[5312] [M]: 0x00000000800052EC (0x00B59593) slli a1, a1, 0xb
x11 <- 0xFFFFFFFFFFFFF800
mem[X,0x00000000800052F0] -> 0x8593
mem[X,0x00000000800052F2] -> 0x2575
[5313] [M]: 0x00000000800052F0 (0x25758593) addi a1, a1, 0x257
x11 <- 0xFFFFFFFFFFFFFA57
mem[X,0x00000000800052F4] -> 0x9593
mem[X,0x00000000800052F6] -> 0x00B5
[5314] [M]: 0x00000000800052F4 (0x00B59593) slli a1, a1, 0xb
x11 <- 0xFFFFFFFFFFD2B800
mem[X,0x00000000800052F8] -> 0x8593
mem[X,0x00000000800052FA] -> 0x6C35
[5315] [M]: 0x00000000800052F8 (0x6C358593) addi a1, a1, 0x6c3
x11 <- 0xFFFFFFFFFFD2BEC3
mem[X,0x00000000800052FC] -> 0x9593
mem[X,0x00000000800052FE] -> 0x00A5
[5316] [M]: 0x00000000800052FC (0x00A59593) slli a1, a1, 0xa
x11 <- 0xFFFFFFFF4AFB0C00
mem[X,0x0000000080005300] -> 0x8593
mem[X,0x0000000080005302] -> 0x0CD5
[5317] [M]: 0x0000000080005300 (0x0CD58593) addi a1, a1, 0xcd
x11 <- 0xFFFFFFFF4AFB0CCD
mem[X,0x0000000080005304] -> 0x063B
mem[X,0x0000000080005306] -> 0x40B5
[5318] [M]: 0x0000000080005304 (0x40B5063B) subw a2, a0, a1
x12 <- 0x000000001B6B5998
mem[X,0x0000000080005308] -> 0xBC23
mem[X,0x000000008000530A] -> 0x62C2
[5319] [M]: 0x0000000080005308 (0x62C2BC23) sd a2, 0x638(t0)
mem[0x000000008000BFE0] <- 0x000000001B6B5998
mem[X,0x000000008000530C] -> 0x6537
mem[X,0x000000008000530E] -> 0x6666
[5320] [M]: 0x000000008000530C (0x66666537) lui a0, 0x66666
x10 <- 0x0000000066666000
mem[X,0x0000000080005310] -> 0x0513
mem[X,0x0000000080005312] -> 0x6665
[5321] [M]: 0x0000000080005310 (0x66650513) addi a0, a0, 0x666
x10 <- 0x0000000066666666
mem[X,0x0000000080005314] -> 0x1513
mem[X,0x0000000080005316] -> 0x00B5
[5322] [M]: 0x0000000080005314 (0x00B51513) slli a0, a0, 0xb
x10 <- 0x0000033333333000
mem[X,0x0000000080005318] -> 0x0513
mem[X,0x000000008000531A] -> 0x3335
[5323] [M]: 0x0000000080005318 (0x33350513) addi a0, a0, 0x333
x10 <- 0x0000033333333333
mem[X,0x000000008000531C] -> 0x1513
mem[X,0x000000008000531E] -> 0x00B5
[5324] [M]: 0x000000008000531C (0x00B51513) slli a0, a0, 0xb
x10 <- 0x0019999999999800
mem[X,0x0000000080005320] -> 0x0513
mem[X,0x0000000080005322] -> 0x1995
[5325] [M]: 0x0000000080005320 (0x19950513) addi a0, a0, 0x199
x10 <- 0x0019999999999999
mem[X,0x0000000080005324] -> 0x1513
mem[X,0x0000000080005326] -> 0x00A5
[5326] [M]: 0x0000000080005324 (0x00A51513) slli a0, a0, 0xa
x10 <- 0x6666666666666400
mem[X,0x0000000080005328] -> 0x0513
mem[X,0x000000008000532A] -> 0x2655
[5327] [M]: 0x0000000080005328 (0x26550513) addi a0, a0, 0x265
x10 <- 0x6666666666666665
mem[X,0x000000008000532C] -> 0x05B7
mem[X,0x000000008000532E] -> 0x0000
[5328] [M]: 0x000000008000532C (0x000005B7) lui a1, 0x0
x11 <- 0x0000000000000000
mem[X,0x0000000080005330] -> 0x8593
mem[X,0x0000000080005332] -> 0x0005
[5329] [M]: 0x0000000080005330 (0x00058593) addi a1, a1, 0x0
x11 <- 0x0000000000000000
mem[X,0x0000000080005334] -> 0x9593
mem[X,0x0000000080005336] -> 0x00B5
[5330] [M]: 0x0000000080005334 (0x00B59593) slli a1, a1, 0xb
x11 <- 0x0000000000000000
mem[X,0x0000000080005338] -> 0x8593
mem[X,0x000000008000533A] -> 0x5A85
[5331] [M]: 0x0000000080005338 (0x5A858593) addi a1, a1, 0x5a8
x11 <- 0x00000000000005A8
mem[X,0x000000008000533C] -> 0x9593
mem[X,0x000000008000533E] -> 0x00B5
[5332] [M]: 0x000000008000533C (0x00B59593) slli a1, a1, 0xb
x11 <- 0x00000000002D4000
mem[X,0x0000000080005340] -> 0x8593
mem[X,0x0000000080005342] -> 0x13C5
[5333] [M]: 0x0000000080005340 (0x13C58593) addi a1, a1, 0x13c
x11 <- 0x00000000002D413C
mem[X,0x0000000080005344] -> 0x9593
mem[X,0x0000000080005346] -> 0x00A5
[5334] [M]: 0x0000000080005344 (0x00A59593) slli a1, a1, 0xa
x11 <- 0x00000000B504F000
mem[X,0x0000000080005348] -> 0x8593
mem[X,0x000000008000534A] -> 0x3335
[5335] [M]: 0x0000000080005348 (0x33358593) addi a1, a1, 0x333
x11 <- 0x00000000B504F333
mem[X,0x000000008000534C] -> 0x063B
mem[X,0x000000008000534E] -> 0x40B5
[5336] [M]: 0x000000008000534C (0x40B5063B) subw a2, a0, a1
x12 <- 0xFFFFFFFFB1617332
mem[X,0x0000000080005350] -> 0xB023
mem[X,0x0000000080005352] -> 0x64C2
[5337] [M]: 0x0000000080005350 (0x64C2B023) sd a2, 0x640(t0)
mem[0x000000008000BFE8] <- 0xFFFFFFFFB1617332
mem[X,0x0000000080005354] -> 0x6537
mem[X,0x0000000080005356] -> 0x6666
[5338] [M]: 0x0000000080005354 (0x66666537) lui a0, 0x66666
x10 <- 0x0000000066666000
mem[X,0x0000000080005358] -> 0x0513
mem[X,0x000000008000535A] -> 0x6665
[5339] [M]: 0x0000000080005358 (0x66650513) addi a0, a0, 0x666
x10 <- 0x0000000066666666
mem[X,0x000000008000535C] -> 0x1513
mem[X,0x000000008000535E] -> 0x00B5
[5340] [M]: 0x000000008000535C (0x00B51513) slli a0, a0, 0xb
x10 <- 0x0000033333333000
mem[X,0x0000000080005360] -> 0x0513
mem[X,0x0000000080005362] -> 0x3335
[5341] [M]: 0x0000000080005360 (0x33350513) addi a0, a0, 0x333
x10 <- 0x0000033333333333
mem[X,0x0000000080005364] -> 0x1513
mem[X,0x0000000080005366] -> 0x00B5
[5342] [M]: 0x0000000080005364 (0x00B51513) slli a0, a0, 0xb
x10 <- 0x0019999999999800
mem[X,0x0000000080005368] -> 0x0513
mem[X,0x000000008000536A] -> 0x1995
[5343] [M]: 0x0000000080005368 (0x19950513) addi a0, a0, 0x199
x10 <- 0x0019999999999999
mem[X,0x000000008000536C] -> 0x1513
mem[X,0x000000008000536E] -> 0x00A5
[5344] [M]: 0x000000008000536C (0x00A51513) slli a0, a0, 0xa
x10 <- 0x6666666666666400
mem[X,0x0000000080005370] -> 0x0513
mem[X,0x0000000080005372] -> 0x2655
[5345] [M]: 0x0000000080005370 (0x26550513) addi a0, a0, 0x265
x10 <- 0x6666666666666665
mem[X,0x0000000080005374] -> 0x0593
mem[X,0x0000000080005376] -> 0x0020
[5346] [M]: 0x0000000080005374 (0x00200593) addi a1, zero, 0x2
x11 <- 0x0000000000000002
mem[X,0x0000000080005378] -> 0x063B
mem[X,0x000000008000537A] -> 0x40B5
[5347] [M]: 0x0000000080005378 (0x40B5063B) subw a2, a0, a1
x12 <- 0x0000000066666663
mem[X,0x000000008000537C] -> 0xB423
mem[X,0x000000008000537E] -> 0x64C2
[5348] [M]: 0x000000008000537C (0x64C2B423) sd a2, 0x648(t0)
mem[0x000000008000BFF0] <- 0x0000000066666663
mem[X,0x0000000080005380] -> 0x6537
mem[X,0x0000000080005382] -> 0x6666
[5349] [M]: 0x0000000080005380 (0x66666537) lui a0, 0x66666
x10 <- 0x0000000066666000
mem[X,0x0000000080005384] -> 0x0513
mem[X,0x0000000080005386] -> 0x6665
[5350] [M]: 0x0000000080005384 (0x66650513) addi a0, a0, 0x666
x10 <- 0x0000000066666666
mem[X,0x0000000080005388] -> 0x1513
mem[X,0x000000008000538A] -> 0x00B5
[5351] [M]: 0x0000000080005388 (0x00B51513) slli a0, a0, 0xb
x10 <- 0x0000033333333000
mem[X,0x000000008000538C] -> 0x0513
mem[X,0x000000008000538E] -> 0x3335
[5352] [M]: 0x000000008000538C (0x33350513) addi a0, a0, 0x333
x10 <- 0x0000033333333333
mem[X,0x0000000080005390] -> 0x1513
mem[X,0x0000000080005392] -> 0x00B5
[5353] [M]: 0x0000000080005390 (0x00B51513) slli a0, a0, 0xb
x10 <- 0x0019999999999800
mem[X,0x0000000080005394] -> 0x0513
mem[X,0x0000000080005396] -> 0x1995
[5354] [M]: 0x0000000080005394 (0x19950513) addi a0, a0, 0x199
x10 <- 0x0019999999999999
mem[X,0x0000000080005398] -> 0x1513
mem[X,0x000000008000539A] -> 0x00A5
[5355] [M]: 0x0000000080005398 (0x00A51513) slli a0, a0, 0xa
x10 <- 0x6666666666666400
mem[X,0x000000008000539C] -> 0x0513
mem[X,0x000000008000539E] -> 0x2655
[5356] [M]: 0x000000008000539C (0x26550513) addi a0, a0, 0x265
x10 <- 0x6666666666666665
mem[X,0x00000000800053A0] -> 0x55B7
mem[X,0x00000000800053A2] -> 0x5555
[5357] [M]: 0x00000000800053A0 (0x555555B7) lui a1, 0x55555
x11 <- 0x0000000055555000
mem[X,0x00000000800053A4] -> 0x8593
mem[X,0x00000000800053A6] -> 0x5555
[5358] [M]: 0x00000000800053A4 (0x55558593) addi a1, a1, 0x555
x11 <- 0x0000000055555555
mem[X,0x00000000800053A8] -> 0x9593
mem[X,0x00000000800053AA] -> 0x00B5
[5359] [M]: 0x00000000800053A8 (0x00B59593) slli a1, a1, 0xb
x11 <- 0x000002AAAAAAA800
mem[X,0x00000000800053AC] -> 0x8593
mem[X,0x00000000800053AE] -> 0x2AA5
[5360] [M]: 0x00000000800053AC (0x2AA58593) addi a1, a1, 0x2aa
x11 <- 0x000002AAAAAAAAAA
mem[X,0x00000000800053B0] -> 0x9593
mem[X,0x00000000800053B2] -> 0x00B5
[5361] [M]: 0x00000000800053B0 (0x00B59593) slli a1, a1, 0xb
x11 <- 0x0015555555555000
mem[X,0x00000000800053B4] -> 0x8593
mem[X,0x00000000800053B6] -> 0x5555
[5362] [M]: 0x00000000800053B4 (0x55558593) addi a1, a1, 0x555
x11 <- 0x0015555555555555
mem[X,0x00000000800053B8] -> 0x9593
mem[X,0x00000000800053BA] -> 0x00A5
[5363] [M]: 0x00000000800053B8 (0x00A59593) slli a1, a1, 0xa
x11 <- 0x5555555555555400
mem[X,0x00000000800053BC] -> 0x8593
mem[X,0x00000000800053BE] -> 0x1545
[5364] [M]: 0x00000000800053BC (0x15458593) addi a1, a1, 0x154
x11 <- 0x5555555555555554
mem[X,0x00000000800053C0] -> 0x063B
mem[X,0x00000000800053C2] -> 0x40B5
[5365] [M]: 0x00000000800053C0 (0x40B5063B) subw a2, a0, a1
x12 <- 0x0000000011111111
mem[X,0x00000000800053C4] -> 0xB823
mem[X,0x00000000800053C6] -> 0x64C2
[5366] [M]: 0x00000000800053C4 (0x64C2B823) sd a2, 0x650(t0)
mem[0x000000008000BFF8] <- 0x0000000011111111
mem[X,0x00000000800053C8] -> 0x6537
mem[X,0x00000000800053CA] -> 0x6666
[5367] [M]: 0x00000000800053C8 (0x66666537) lui a0, 0x66666
x10 <- 0x0000000066666000
mem[X,0x00000000800053CC] -> 0x0513
mem[X,0x00000000800053CE] -> 0x6665
[5368] [M]: 0x00000000800053CC (0x66650513) addi a0, a0, 0x666
x10 <- 0x0000000066666666
mem[X,0x00000000800053D0] -> 0x1513
mem[X,0x00000000800053D2] -> 0x00B5
[5369] [M]: 0x00000000800053D0 (0x00B51513) slli a0, a0, 0xb
x10 <- 0x0000033333333000
mem[X,0x00000000800053D4] -> 0x0513
mem[X,0x00000000800053D6] -> 0x3335
[5370] [M]: 0x00000000800053D4 (0x33350513) addi a0, a0, 0x333
x10 <- 0x0000033333333333
mem[X,0x00000000800053D8] -> 0x1513
mem[X,0x00000000800053DA] -> 0x00B5
[5371] [M]: 0x00000000800053D8 (0x00B51513) slli a0, a0, 0xb
x10 <- 0x0019999999999800
mem[X,0x00000000800053DC] -> 0x0513
mem[X,0x00000000800053DE] -> 0x1995
[5372] [M]: 0x00000000800053DC (0x19950513) addi a0, a0, 0x199
x10 <- 0x0019999999999999
mem[X,0x00000000800053E0] -> 0x1513
mem[X,0x00000000800053E2] -> 0x00A5
[5373] [M]: 0x00000000800053E0 (0x00A51513) slli a0, a0, 0xa
x10 <- 0x6666666666666400
mem[X,0x00000000800053E4] -> 0x0513
mem[X,0x00000000800053E6] -> 0x2655
[5374] [M]: 0x00000000800053E4 (0x26550513) addi a0, a0, 0x265
x10 <- 0x6666666666666665
mem[X,0x00000000800053E8] -> 0x0593
mem[X,0x00000000800053EA] -> 0x0000
[5375] [M]: 0x00000000800053E8 (0x00000593) addi a1, zero, 0x0
x11 <- 0x0000000000000000
mem[X,0x00000000800053EC] -> 0x063B
mem[X,0x00000000800053EE] -> 0x40B5
[5376] [M]: 0x00000000800053EC (0x40B5063B) subw a2, a0, a1
x12 <- 0x0000000066666665
mem[X,0x00000000800053F0] -> 0xBC23
mem[X,0x00000000800053F2] -> 0x64C2
[5377] [M]: 0x00000000800053F0 (0x64C2BC23) sd a2, 0x658(t0)
mem[0x000000008000C000] <- 0x0000000066666665
mem[X,0x00000000800053F4] -> 0x6537
mem[X,0x00000000800053F6] -> 0x6666
[5378] [M]: 0x00000000800053F4 (0x66666537) lui a0, 0x66666
x10 <- 0x0000000066666000
mem[X,0x00000000800053F8] -> 0x0513
mem[X,0x00000000800053FA] -> 0x6665
[5379] [M]: 0x00000000800053F8 (0x66650513) addi a0, a0, 0x666
x10 <- 0x0000000066666666
mem[X,0x00000000800053FC] -> 0x1513
mem[X,0x00000000800053FE] -> 0x00B5
[5380] [M]: 0x00000000800053FC (0x00B51513) slli a0, a0, 0xb
x10 <- 0x0000033333333000
mem[X,0x0000000080005400] -> 0x0513
mem[X,0x0000000080005402] -> 0x3335
[5381] [M]: 0x0000000080005400 (0x33350513) addi a0, a0, 0x333
x10 <- 0x0000033333333333
mem[X,0x0000000080005404] -> 0x1513
mem[X,0x0000000080005406] -> 0x00B5
[5382] [M]: 0x0000000080005404 (0x00B51513) slli a0, a0, 0xb
x10 <- 0x0019999999999800
mem[X,0x0000000080005408] -> 0x0513
mem[X,0x000000008000540A] -> 0x1995
[5383] [M]: 0x0000000080005408 (0x19950513) addi a0, a0, 0x199
x10 <- 0x0019999999999999
mem[X,0x000000008000540C] -> 0x1513
mem[X,0x000000008000540E] -> 0x00A5
[5384] [M]: 0x000000008000540C (0x00A51513) slli a0, a0, 0xa
x10 <- 0x6666666666666400
mem[X,0x0000000080005410] -> 0x0513
mem[X,0x0000000080005412] -> 0x2655
[5385] [M]: 0x0000000080005410 (0x26550513) addi a0, a0, 0x265
x10 <- 0x6666666666666665
mem[X,0x0000000080005414] -> 0x0593
mem[X,0x0000000080005416] -> 0x0040
[5386] [M]: 0x0000000080005414 (0x00400593) addi a1, zero, 0x4
x11 <- 0x0000000000000004
mem[X,0x0000000080005418] -> 0x063B
mem[X,0x000000008000541A] -> 0x40B5
[5387] [M]: 0x0000000080005418 (0x40B5063B) subw a2, a0, a1
x12 <- 0x0000000066666661
mem[X,0x000000008000541C] -> 0xB023
mem[X,0x000000008000541E] -> 0x66C2
[5388] [M]: 0x000000008000541C (0x66C2B023) sd a2, 0x660(t0)
mem[0x000000008000C008] <- 0x0000000066666661
mem[X,0x0000000080005420] -> 0x6537
mem[X,0x0000000080005422] -> 0x6666
[5389] [M]: 0x0000000080005420 (0x66666537) lui a0, 0x66666
x10 <- 0x0000000066666000
mem[X,0x0000000080005424] -> 0x0513
mem[X,0x0000000080005426] -> 0x6665
[5390] [M]: 0x0000000080005424 (0x66650513) addi a0, a0, 0x666
x10 <- 0x0000000066666666
mem[X,0x0000000080005428] -> 0x1513
mem[X,0x000000008000542A] -> 0x00B5
[5391] [M]: 0x0000000080005428 (0x00B51513) slli a0, a0, 0xb
x10 <- 0x0000033333333000
mem[X,0x000000008000542C] -> 0x0513
mem[X,0x000000008000542E] -> 0x3335
[5392] [M]: 0x000000008000542C (0x33350513) addi a0, a0, 0x333
x10 <- 0x0000033333333333
mem[X,0x0000000080005430] -> 0x1513
mem[X,0x0000000080005432] -> 0x00B5
[5393] [M]: 0x0000000080005430 (0x00B51513) slli a0, a0, 0xb
x10 <- 0x0019999999999800
mem[X,0x0000000080005434] -> 0x0513
mem[X,0x0000000080005436] -> 0x1995
[5394] [M]: 0x0000000080005434 (0x19950513) addi a0, a0, 0x199
x10 <- 0x0019999999999999
mem[X,0x0000000080005438] -> 0x1513
mem[X,0x000000008000543A] -> 0x00A5
[5395] [M]: 0x0000000080005438 (0x00A51513) slli a0, a0, 0xa
x10 <- 0x6666666666666400
mem[X,0x000000008000543C] -> 0x0513
mem[X,0x000000008000543E] -> 0x2655
[5396] [M]: 0x000000008000543C (0x26550513) addi a0, a0, 0x265
x10 <- 0x6666666666666665
mem[X,0x0000000080005440] -> 0x35B7
mem[X,0x0000000080005442] -> 0x3333
[5397] [M]: 0x0000000080005440 (0x333335B7) lui a1, 0x33333
x11 <- 0x0000000033333000
mem[X,0x0000000080005444] -> 0x8593
mem[X,0x0000000080005446] -> 0x3335
[5398] [M]: 0x0000000080005444 (0x33358593) addi a1, a1, 0x333
x11 <- 0x0000000033333333
mem[X,0x0000000080005448] -> 0x9593
mem[X,0x000000008000544A] -> 0x00B5
[5399] [M]: 0x0000000080005448 (0x00B59593) slli a1, a1, 0xb
x11 <- 0x0000019999999800
clint::tick mtime <- 0x0000000000000036
 clint timer pending at mtime 0x0000000000000036
htif::tick 0x0000000000000000
mem[X,0x000000008000544C] -> 0x8593
mem[X,0x000000008000544E] -> 0x1995
[5400] [M]: 0x000000008000544C (0x19958593) addi a1, a1, 0x199
x11 <- 0x0000019999999999
mem[X,0x0000000080005450] -> 0x9593
mem[X,0x0000000080005452] -> 0x00B5
[5401] [M]: 0x0000000080005450 (0x00B59593) slli a1, a1, 0xb
x11 <- 0x000CCCCCCCCCC800
mem[X,0x0000000080005454] -> 0x8593
mem[X,0x0000000080005456] -> 0x4CC5
[5402] [M]: 0x0000000080005454 (0x4CC58593) addi a1, a1, 0x4cc
x11 <- 0x000CCCCCCCCCCCCC
mem[X,0x0000000080005458] -> 0x9593
mem[X,0x000000008000545A] -> 0x00A5
[5403] [M]: 0x0000000080005458 (0x00A59593) slli a1, a1, 0xa
x11 <- 0x3333333333333000
mem[X,0x000000008000545C] -> 0x8593
mem[X,0x000000008000545E] -> 0x3325
[5404] [M]: 0x000000008000545C (0x33258593) addi a1, a1, 0x332
x11 <- 0x3333333333333332
mem[X,0x0000000080005460] -> 0x063B
mem[X,0x0000000080005462] -> 0x40B5
[5405] [M]: 0x0000000080005460 (0x40B5063B) subw a2, a0, a1
x12 <- 0x0000000033333333
mem[X,0x0000000080005464] -> 0xB423
mem[X,0x0000000080005466] -> 0x66C2
[5406] [M]: 0x0000000080005464 (0x66C2B423) sd a2, 0x668(t0)
mem[0x000000008000C010] <- 0x0000000033333333
mem[X,0x0000000080005468] -> 0x6537
mem[X,0x000000008000546A] -> 0x6666
[5407] [M]: 0x0000000080005468 (0x66666537) lui a0, 0x66666
x10 <- 0x0000000066666000
mem[X,0x000000008000546C] -> 0x0513
mem[X,0x000000008000546E] -> 0x6665
[5408] [M]: 0x000000008000546C (0x66650513) addi a0, a0, 0x666
x10 <- 0x0000000066666666
mem[X,0x0000000080005470] -> 0x1513
mem[X,0x0000000080005472] -> 0x00B5
[5409] [M]: 0x0000000080005470 (0x00B51513) slli a0, a0, 0xb
x10 <- 0x0000033333333000
mem[X,0x0000000080005474] -> 0x0513
mem[X,0x0000000080005476] -> 0x3335
[5410] [M]: 0x0000000080005474 (0x33350513) addi a0, a0, 0x333
x10 <- 0x0000033333333333
mem[X,0x0000000080005478] -> 0x1513
mem[X,0x000000008000547A] -> 0x00B5
[5411] [M]: 0x0000000080005478 (0x00B51513) slli a0, a0, 0xb
x10 <- 0x0019999999999800
mem[X,0x000000008000547C] -> 0x0513
mem[X,0x000000008000547E] -> 0x1995
[5412] [M]: 0x000000008000547C (0x19950513) addi a0, a0, 0x199
x10 <- 0x0019999999999999
mem[X,0x0000000080005480] -> 0x1513
mem[X,0x0000000080005482] -> 0x00A5
[5413] [M]: 0x0000000080005480 (0x00A51513) slli a0, a0, 0xa
x10 <- 0x6666666666666400
mem[X,0x0000000080005484] -> 0x0513
mem[X,0x0000000080005486] -> 0x2655
[5414] [M]: 0x0000000080005484 (0x26550513) addi a0, a0, 0x265
x10 <- 0x6666666666666665
mem[X,0x0000000080005488] -> 0x65B7
mem[X,0x000000008000548A] -> 0x6666
[5415] [M]: 0x0000000080005488 (0x666665B7) lui a1, 0x66666
x11 <- 0x0000000066666000
mem[X,0x000000008000548C] -> 0x8593
mem[X,0x000000008000548E] -> 0x6665
[5416] [M]: 0x000000008000548C (0x66658593) addi a1, a1, 0x666
x11 <- 0x0000000066666666
mem[X,0x0000000080005490] -> 0x9593
mem[X,0x0000000080005492] -> 0x00B5
[5417] [M]: 0x0000000080005490 (0x00B59593) slli a1, a1, 0xb
x11 <- 0x0000033333333000
mem[X,0x0000000080005494] -> 0x8593
mem[X,0x0000000080005496] -> 0x3335
[5418] [M]: 0x0000000080005494 (0x33358593) addi a1, a1, 0x333
x11 <- 0x0000033333333333
mem[X,0x0000000080005498] -> 0x9593
mem[X,0x000000008000549A] -> 0x00B5
[5419] [M]: 0x0000000080005498 (0x00B59593) slli a1, a1, 0xb
x11 <- 0x0019999999999800
mem[X,0x000000008000549C] -> 0x8593
mem[X,0x000000008000549E] -> 0x1995
[5420] [M]: 0x000000008000549C (0x19958593) addi a1, a1, 0x199
x11 <- 0x0019999999999999
mem[X,0x00000000800054A0] -> 0x9593
mem[X,0x00000000800054A2] -> 0x00A5
[5421] [M]: 0x00000000800054A0 (0x00A59593) slli a1, a1, 0xa
x11 <- 0x6666666666666400
mem[X,0x00000000800054A4] -> 0x8593
mem[X,0x00000000800054A6] -> 0x2655
[5422] [M]: 0x00000000800054A4 (0x26558593) addi a1, a1, 0x265
x11 <- 0x6666666666666665
mem[X,0x00000000800054A8] -> 0x063B
mem[X,0x00000000800054AA] -> 0x40B5
[5423] [M]: 0x00000000800054A8 (0x40B5063B) subw a2, a0, a1
x12 <- 0x0000000000000000
mem[X,0x00000000800054AC] -> 0xB823
mem[X,0x00000000800054AE] -> 0x66C2
[5424] [M]: 0x00000000800054AC (0x66C2B823) sd a2, 0x670(t0)
mem[0x000000008000C018] <- 0x0000000000000000
mem[X,0x00000000800054B0] -> 0x6537
mem[X,0x00000000800054B2] -> 0x6666
[5425] [M]: 0x00000000800054B0 (0x66666537) lui a0, 0x66666
x10 <- 0x0000000066666000
mem[X,0x00000000800054B4] -> 0x0513
mem[X,0x00000000800054B6] -> 0x6665
[5426] [M]: 0x00000000800054B4 (0x66650513) addi a0, a0, 0x666
x10 <- 0x0000000066666666
mem[X,0x00000000800054B8] -> 0x1513
mem[X,0x00000000800054BA] -> 0x00B5
[5427] [M]: 0x00000000800054B8 (0x00B51513) slli a0, a0, 0xb
x10 <- 0x0000033333333000
mem[X,0x00000000800054BC] -> 0x0513
mem[X,0x00000000800054BE] -> 0x3335
[5428] [M]: 0x00000000800054BC (0x33350513) addi a0, a0, 0x333
x10 <- 0x0000033333333333
mem[X,0x00000000800054C0] -> 0x1513
mem[X,0x00000000800054C2] -> 0x00B5
[5429] [M]: 0x00000000800054C0 (0x00B51513) slli a0, a0, 0xb
x10 <- 0x0019999999999800
mem[X,0x00000000800054C4] -> 0x0513
mem[X,0x00000000800054C6] -> 0x1995
[5430] [M]: 0x00000000800054C4 (0x19950513) addi a0, a0, 0x199
x10 <- 0x0019999999999999
mem[X,0x00000000800054C8] -> 0x1513
mem[X,0x00000000800054CA] -> 0x00A5
[5431] [M]: 0x00000000800054C8 (0x00A51513) slli a0, a0, 0xa
x10 <- 0x6666666666666400
mem[X,0x00000000800054CC] -> 0x0513
mem[X,0x00000000800054CE] -> 0x2655
[5432] [M]: 0x00000000800054CC (0x26550513) addi a0, a0, 0x265
x10 <- 0x6666666666666665
mem[X,0x00000000800054D0] -> 0x05B7
mem[X,0x00000000800054D2] -> 0x0000
[5433] [M]: 0x00000000800054D0 (0x000005B7) lui a1, 0x0
x11 <- 0x0000000000000000
mem[X,0x00000000800054D4] -> 0x8593
mem[X,0x00000000800054D6] -> 0x0005
[5434] [M]: 0x00000000800054D4 (0x00058593) addi a1, a1, 0x0
x11 <- 0x0000000000000000
mem[X,0x00000000800054D8] -> 0x9593
mem[X,0x00000000800054DA] -> 0x00B5
[5435] [M]: 0x00000000800054D8 (0x00B59593) slli a1, a1, 0xb
x11 <- 0x0000000000000000
mem[X,0x00000000800054DC] -> 0x8593
mem[X,0x00000000800054DE] -> 0x5A85
[5436] [M]: 0x00000000800054DC (0x5A858593) addi a1, a1, 0x5a8
x11 <- 0x00000000000005A8
mem[X,0x00000000800054E0] -> 0x9593
mem[X,0x00000000800054E2] -> 0x00B5
[5437] [M]: 0x00000000800054E0 (0x00B59593) slli a1, a1, 0xb
x11 <- 0x00000000002D4000
mem[X,0x00000000800054E4] -> 0x8593
mem[X,0x00000000800054E6] -> 0x13C5
[5438] [M]: 0x00000000800054E4 (0x13C58593) addi a1, a1, 0x13c
x11 <- 0x00000000002D413C
mem[X,0x00000000800054E8] -> 0x9593
mem[X,0x00000000800054EA] -> 0x00A5
[5439] [M]: 0x00000000800054E8 (0x00A59593) slli a1, a1, 0xa
x11 <- 0x00000000B504F000
mem[X,0x00000000800054EC] -> 0x8593
mem[X,0x00000000800054EE] -> 0x3325
[5440] [M]: 0x00000000800054EC (0x33258593) addi a1, a1, 0x332
x11 <- 0x00000000B504F332
mem[X,0x00000000800054F0] -> 0x063B
mem[X,0x00000000800054F2] -> 0x40B5
[5441] [M]: 0x00000000800054F0 (0x40B5063B) subw a2, a0, a1
x12 <- 0xFFFFFFFFB1617333
mem[X,0x00000000800054F4] -> 0xBC23
mem[X,0x00000000800054F6] -> 0x66C2
[5442] [M]: 0x00000000800054F4 (0x66C2BC23) sd a2, 0x678(t0)
mem[0x000000008000C020] <- 0xFFFFFFFFB1617333
mem[X,0x00000000800054F8] -> 0x6537
mem[X,0x00000000800054FA] -> 0x6666
[5443] [M]: 0x00000000800054F8 (0x66666537) lui a0, 0x66666
x10 <- 0x0000000066666000
mem[X,0x00000000800054FC] -> 0x0513
mem[X,0x00000000800054FE] -> 0x6665
[5444] [M]: 0x00000000800054FC (0x66650513) addi a0, a0, 0x666
x10 <- 0x0000000066666666
mem[X,0x0000000080005500] -> 0x1513
mem[X,0x0000000080005502] -> 0x00B5
[5445] [M]: 0x0000000080005500 (0x00B51513) slli a0, a0, 0xb
x10 <- 0x0000033333333000
mem[X,0x0000000080005504] -> 0x0513
mem[X,0x0000000080005506] -> 0x3335
[5446] [M]: 0x0000000080005504 (0x33350513) addi a0, a0, 0x333
x10 <- 0x0000033333333333
mem[X,0x0000000080005508] -> 0x1513
mem[X,0x000000008000550A] -> 0x00B5
[5447] [M]: 0x0000000080005508 (0x00B51513) slli a0, a0, 0xb
x10 <- 0x0019999999999800
mem[X,0x000000008000550C] -> 0x0513
mem[X,0x000000008000550E] -> 0x1995
[5448] [M]: 0x000000008000550C (0x19950513) addi a0, a0, 0x199
x10 <- 0x0019999999999999
mem[X,0x0000000080005510] -> 0x1513
mem[X,0x0000000080005512] -> 0x00A5
[5449] [M]: 0x0000000080005510 (0x00A51513) slli a0, a0, 0xa
x10 <- 0x6666666666666400
mem[X,0x0000000080005514] -> 0x0513
mem[X,0x0000000080005516] -> 0x2655
[5450] [M]: 0x0000000080005514 (0x26550513) addi a0, a0, 0x265
x10 <- 0x6666666666666665
mem[X,0x0000000080005518] -> 0x55B7
mem[X,0x000000008000551A] -> 0x5555
[5451] [M]: 0x0000000080005518 (0x555555B7) lui a1, 0x55555
x11 <- 0x0000000055555000
mem[X,0x000000008000551C] -> 0x8593
mem[X,0x000000008000551E] -> 0x5555
[5452] [M]: 0x000000008000551C (0x55558593) addi a1, a1, 0x555
x11 <- 0x0000000055555555
mem[X,0x0000000080005520] -> 0x9593
mem[X,0x0000000080005522] -> 0x00B5
[5453] [M]: 0x0000000080005520 (0x00B59593) slli a1, a1, 0xb
x11 <- 0x000002AAAAAAA800
mem[X,0x0000000080005524] -> 0x8593
mem[X,0x0000000080005526] -> 0x2AA5
[5454] [M]: 0x0000000080005524 (0x2AA58593) addi a1, a1, 0x2aa
x11 <- 0x000002AAAAAAAAAA
mem[X,0x0000000080005528] -> 0x9593
mem[X,0x000000008000552A] -> 0x00B5
[5455] [M]: 0x0000000080005528 (0x00B59593) slli a1, a1, 0xb
x11 <- 0x0015555555555000
mem[X,0x000000008000552C] -> 0x8593
mem[X,0x000000008000552E] -> 0x5555
[5456] [M]: 0x000000008000552C (0x55558593) addi a1, a1, 0x555
x11 <- 0x0015555555555555
mem[X,0x0000000080005530] -> 0x9593
mem[X,0x0000000080005532] -> 0x00A5
[5457] [M]: 0x0000000080005530 (0x00A59593) slli a1, a1, 0xa
x11 <- 0x5555555555555400
mem[X,0x0000000080005534] -> 0x8593
mem[X,0x0000000080005536] -> 0x1565
[5458] [M]: 0x0000000080005534 (0x15658593) addi a1, a1, 0x156
x11 <- 0x5555555555555556
mem[X,0x0000000080005538] -> 0x063B
mem[X,0x000000008000553A] -> 0x40B5
[5459] [M]: 0x0000000080005538 (0x40B5063B) subw a2, a0, a1
x12 <- 0x000000001111110F
mem[X,0x000000008000553C] -> 0xB023
mem[X,0x000000008000553E] -> 0x68C2
[5460] [M]: 0x000000008000553C (0x68C2B023) sd a2, 0x680(t0)
mem[0x000000008000C028] <- 0x000000001111110F
mem[X,0x0000000080005540] -> 0x6537
mem[X,0x0000000080005542] -> 0x6666
[5461] [M]: 0x0000000080005540 (0x66666537) lui a0, 0x66666
x10 <- 0x0000000066666000
mem[X,0x0000000080005544] -> 0x0513
mem[X,0x0000000080005546] -> 0x6665
[5462] [M]: 0x0000000080005544 (0x66650513) addi a0, a0, 0x666
x10 <- 0x0000000066666666
mem[X,0x0000000080005548] -> 0x1513
mem[X,0x000000008000554A] -> 0x00B5
[5463] [M]: 0x0000000080005548 (0x00B51513) slli a0, a0, 0xb
x10 <- 0x0000033333333000
mem[X,0x000000008000554C] -> 0x0513
mem[X,0x000000008000554E] -> 0x3335
[5464] [M]: 0x000000008000554C (0x33350513) addi a0, a0, 0x333
x10 <- 0x0000033333333333
mem[X,0x0000000080005550] -> 0x1513
mem[X,0x0000000080005552] -> 0x00B5
[5465] [M]: 0x0000000080005550 (0x00B51513) slli a0, a0, 0xb
x10 <- 0x0019999999999800
mem[X,0x0000000080005554] -> 0x0513
mem[X,0x0000000080005556] -> 0x1995
[5466] [M]: 0x0000000080005554 (0x19950513) addi a0, a0, 0x199
x10 <- 0x0019999999999999
mem[X,0x0000000080005558] -> 0x1513
mem[X,0x000000008000555A] -> 0x00A5
[5467] [M]: 0x0000000080005558 (0x00A51513) slli a0, a0, 0xa
x10 <- 0x6666666666666400
mem[X,0x000000008000555C] -> 0x0513
mem[X,0x000000008000555E] -> 0x2655
[5468] [M]: 0x000000008000555C (0x26550513) addi a0, a0, 0x265
x10 <- 0x6666666666666665
mem[X,0x0000000080005560] -> 0xB5B7
mem[X,0x0000000080005562] -> 0xAAAA
[5469] [M]: 0x0000000080005560 (0xAAAAB5B7) lui a1, -0x55555
x11 <- 0xFFFFFFFFAAAAB000
mem[X,0x0000000080005564] -> 0x8593
mem[X,0x0000000080005566] -> 0xAAA5
[5470] [M]: 0x0000000080005564 (0xAAA58593) addi a1, a1, -0x556
x11 <- 0xFFFFFFFFAAAAAAAA
mem[X,0x0000000080005568] -> 0x9593
mem[X,0x000000008000556A] -> 0x00B5
[5471] [M]: 0x0000000080005568 (0x00B59593) slli a1, a1, 0xb
x11 <- 0xFFFFFD5555555000
mem[X,0x000000008000556C] -> 0x8593
mem[X,0x000000008000556E] -> 0x5555
[5472] [M]: 0x000000008000556C (0x55558593) addi a1, a1, 0x555
x11 <- 0xFFFFFD5555555555
mem[X,0x0000000080005570] -> 0x9593
mem[X,0x0000000080005572] -> 0x00B5
[5473] [M]: 0x0000000080005570 (0x00B59593) slli a1, a1, 0xb
x11 <- 0xFFEAAAAAAAAAA800
mem[X,0x0000000080005574] -> 0x8593
mem[X,0x0000000080005576] -> 0x2AA5
[5474] [M]: 0x0000000080005574 (0x2AA58593) addi a1, a1, 0x2aa
x11 <- 0xFFEAAAAAAAAAAAAA
mem[X,0x0000000080005578] -> 0x9593
mem[X,0x000000008000557A] -> 0x00A5
[5475] [M]: 0x0000000080005578 (0x00A59593) slli a1, a1, 0xa
x11 <- 0xAAAAAAAAAAAAA800
mem[X,0x000000008000557C] -> 0x8593
mem[X,0x000000008000557E] -> 0x2AB5
[5476] [M]: 0x000000008000557C (0x2AB58593) addi a1, a1, 0x2ab
x11 <- 0xAAAAAAAAAAAAAAAB
mem[X,0x0000000080005580] -> 0x063B
mem[X,0x0000000080005582] -> 0x40B5
[5477] [M]: 0x0000000080005580 (0x40B5063B) subw a2, a0, a1
x12 <- 0xFFFFFFFFBBBBBBBA
mem[X,0x0000000080005584] -> 0xB423
mem[X,0x0000000080005586] -> 0x68C2
[5478] [M]: 0x0000000080005584 (0x68C2B423) sd a2, 0x688(t0)
mem[0x000000008000C030] <- 0xFFFFFFFFBBBBBBBA
mem[X,0x0000000080005588] -> 0x6537
mem[X,0x000000008000558A] -> 0x6666
[5479] [M]: 0x0000000080005588 (0x66666537) lui a0, 0x66666
x10 <- 0x0000000066666000
mem[X,0x000000008000558C] -> 0x0513
mem[X,0x000000008000558E] -> 0x6665
[5480] [M]: 0x000000008000558C (0x66650513) addi a0, a0, 0x666
x10 <- 0x0000000066666666
mem[X,0x0000000080005590] -> 0x1513
mem[X,0x0000000080005592] -> 0x00B5
[5481] [M]: 0x0000000080005590 (0x00B51513) slli a0, a0, 0xb
x10 <- 0x0000033333333000
mem[X,0x0000000080005594] -> 0x0513
mem[X,0x0000000080005596] -> 0x3335
[5482] [M]: 0x0000000080005594 (0x33350513) addi a0, a0, 0x333
x10 <- 0x0000033333333333
mem[X,0x0000000080005598] -> 0x1513
mem[X,0x000000008000559A] -> 0x00B5
[5483] [M]: 0x0000000080005598 (0x00B51513) slli a0, a0, 0xb
x10 <- 0x0019999999999800
mem[X,0x000000008000559C] -> 0x0513
mem[X,0x000000008000559E] -> 0x1995
[5484] [M]: 0x000000008000559C (0x19950513) addi a0, a0, 0x199
x10 <- 0x0019999999999999
mem[X,0x00000000800055A0] -> 0x1513
mem[X,0x00000000800055A2] -> 0x00A5
[5485] [M]: 0x00000000800055A0 (0x00A51513) slli a0, a0, 0xa
x10 <- 0x6666666666666400
mem[X,0x00000000800055A4] -> 0x0513
mem[X,0x00000000800055A6] -> 0x2655
[5486] [M]: 0x00000000800055A4 (0x26550513) addi a0, a0, 0x265
x10 <- 0x6666666666666665
mem[X,0x00000000800055A8] -> 0x0593
mem[X,0x00000000800055AA] -> 0x0060
[5487] [M]: 0x00000000800055A8 (0x00600593) addi a1, zero, 0x6
x11 <- 0x0000000000000006
mem[X,0x00000000800055AC] -> 0x063B
mem[X,0x00000000800055AE] -> 0x40B5
[5488] [M]: 0x00000000800055AC (0x40B5063B) subw a2, a0, a1
x12 <- 0x000000006666665F
mem[X,0x00000000800055B0] -> 0xB823
mem[X,0x00000000800055B2] -> 0x68C2
[5489] [M]: 0x00000000800055B0 (0x68C2B823) sd a2, 0x690(t0)
mem[0x000000008000C038] <- 0x000000006666665F
mem[X,0x00000000800055B4] -> 0x6537
mem[X,0x00000000800055B6] -> 0x6666
[5490] [M]: 0x00000000800055B4 (0x66666537) lui a0, 0x66666
x10 <- 0x0000000066666000
mem[X,0x00000000800055B8] -> 0x0513
mem[X,0x00000000800055BA] -> 0x6665
[5491] [M]: 0x00000000800055B8 (0x66650513) addi a0, a0, 0x666
x10 <- 0x0000000066666666
mem[X,0x00000000800055BC] -> 0x1513
mem[X,0x00000000800055BE] -> 0x00B5
[5492] [M]: 0x00000000800055BC (0x00B51513) slli a0, a0, 0xb
x10 <- 0x0000033333333000
mem[X,0x00000000800055C0] -> 0x0513
mem[X,0x00000000800055C2] -> 0x3335
[5493] [M]: 0x00000000800055C0 (0x33350513) addi a0, a0, 0x333
x10 <- 0x0000033333333333
mem[X,0x00000000800055C4] -> 0x1513
mem[X,0x00000000800055C6] -> 0x00B5
[5494] [M]: 0x00000000800055C4 (0x00B51513) slli a0, a0, 0xb
x10 <- 0x0019999999999800
mem[X,0x00000000800055C8] -> 0x0513
mem[X,0x00000000800055CA] -> 0x1995
[5495] [M]: 0x00000000800055C8 (0x19950513) addi a0, a0, 0x199
x10 <- 0x0019999999999999
mem[X,0x00000000800055CC] -> 0x1513
mem[X,0x00000000800055CE] -> 0x00A5
[5496] [M]: 0x00000000800055CC (0x00A51513) slli a0, a0, 0xa
x10 <- 0x6666666666666400
mem[X,0x00000000800055D0] -> 0x0513
mem[X,0x00000000800055D2] -> 0x2655
[5497] [M]: 0x00000000800055D0 (0x26550513) addi a0, a0, 0x265
x10 <- 0x6666666666666665
mem[X,0x00000000800055D4] -> 0x35B7
mem[X,0x00000000800055D6] -> 0x3333
[5498] [M]: 0x00000000800055D4 (0x333335B7) lui a1, 0x33333
x11 <- 0x0000000033333000
mem[X,0x00000000800055D8] -> 0x8593
mem[X,0x00000000800055DA] -> 0x3335
[5499] [M]: 0x00000000800055D8 (0x33358593) addi a1, a1, 0x333
x11 <- 0x0000000033333333
clint::tick mtime <- 0x0000000000000037
 clint timer pending at mtime 0x0000000000000037
htif::tick 0x0000000000000000
mem[X,0x00000000800055DC] -> 0x9593
mem[X,0x00000000800055DE] -> 0x00B5
[5500] [M]: 0x00000000800055DC (0x00B59593) slli a1, a1, 0xb
x11 <- 0x0000019999999800
mem[X,0x00000000800055E0] -> 0x8593
mem[X,0x00000000800055E2] -> 0x1995
[5501] [M]: 0x00000000800055E0 (0x19958593) addi a1, a1, 0x199
x11 <- 0x0000019999999999
mem[X,0x00000000800055E4] -> 0x9593
mem[X,0x00000000800055E6] -> 0x00B5
[5502] [M]: 0x00000000800055E4 (0x00B59593) slli a1, a1, 0xb
x11 <- 0x000CCCCCCCCCC800
mem[X,0x00000000800055E8] -> 0x8593
mem[X,0x00000000800055EA] -> 0x4CC5
[5503] [M]: 0x00000000800055E8 (0x4CC58593) addi a1, a1, 0x4cc
x11 <- 0x000CCCCCCCCCCCCC
mem[X,0x00000000800055EC] -> 0x9593
mem[X,0x00000000800055EE] -> 0x00A5
[5504] [M]: 0x00000000800055EC (0x00A59593) slli a1, a1, 0xa
x11 <- 0x3333333333333000
mem[X,0x00000000800055F0] -> 0x8593
mem[X,0x00000000800055F2] -> 0x3345
[5505] [M]: 0x00000000800055F0 (0x33458593) addi a1, a1, 0x334
x11 <- 0x3333333333333334
mem[X,0x00000000800055F4] -> 0x063B
mem[X,0x00000000800055F6] -> 0x40B5
[5506] [M]: 0x00000000800055F4 (0x40B5063B) subw a2, a0, a1
x12 <- 0x0000000033333331
mem[X,0x00000000800055F8] -> 0xBC23
mem[X,0x00000000800055FA] -> 0x68C2
[5507] [M]: 0x00000000800055F8 (0x68C2BC23) sd a2, 0x698(t0)
mem[0x000000008000C040] <- 0x0000000033333331
mem[X,0x00000000800055FC] -> 0x6537
mem[X,0x00000000800055FE] -> 0x6666
[5508] [M]: 0x00000000800055FC (0x66666537) lui a0, 0x66666
x10 <- 0x0000000066666000
mem[X,0x0000000080005600] -> 0x0513
mem[X,0x0000000080005602] -> 0x6665
[5509] [M]: 0x0000000080005600 (0x66650513) addi a0, a0, 0x666
x10 <- 0x0000000066666666
mem[X,0x0000000080005604] -> 0x1513
mem[X,0x0000000080005606] -> 0x00B5
[5510] [M]: 0x0000000080005604 (0x00B51513) slli a0, a0, 0xb
x10 <- 0x0000033333333000
mem[X,0x0000000080005608] -> 0x0513
mem[X,0x000000008000560A] -> 0x3335
[5511] [M]: 0x0000000080005608 (0x33350513) addi a0, a0, 0x333
x10 <- 0x0000033333333333
mem[X,0x000000008000560C] -> 0x1513
mem[X,0x000000008000560E] -> 0x00B5
[5512] [M]: 0x000000008000560C (0x00B51513) slli a0, a0, 0xb
x10 <- 0x0019999999999800
mem[X,0x0000000080005610] -> 0x0513
mem[X,0x0000000080005612] -> 0x1995
[5513] [M]: 0x0000000080005610 (0x19950513) addi a0, a0, 0x199
x10 <- 0x0019999999999999
mem[X,0x0000000080005614] -> 0x1513
mem[X,0x0000000080005616] -> 0x00A5
[5514] [M]: 0x0000000080005614 (0x00A51513) slli a0, a0, 0xa
x10 <- 0x6666666666666400
mem[X,0x0000000080005618] -> 0x0513
mem[X,0x000000008000561A] -> 0x2655
[5515] [M]: 0x0000000080005618 (0x26550513) addi a0, a0, 0x265
x10 <- 0x6666666666666665
mem[X,0x000000008000561C] -> 0x65B7
mem[X,0x000000008000561E] -> 0x6666
[5516] [M]: 0x000000008000561C (0x666665B7) lui a1, 0x66666
x11 <- 0x0000000066666000
mem[X,0x0000000080005620] -> 0x8593
mem[X,0x0000000080005622] -> 0x6665
[5517] [M]: 0x0000000080005620 (0x66658593) addi a1, a1, 0x666
x11 <- 0x0000000066666666
mem[X,0x0000000080005624] -> 0x9593
mem[X,0x0000000080005626] -> 0x00B5
[5518] [M]: 0x0000000080005624 (0x00B59593) slli a1, a1, 0xb
x11 <- 0x0000033333333000
mem[X,0x0000000080005628] -> 0x8593
mem[X,0x000000008000562A] -> 0x3335
[5519] [M]: 0x0000000080005628 (0x33358593) addi a1, a1, 0x333
x11 <- 0x0000033333333333
mem[X,0x000000008000562C] -> 0x9593
mem[X,0x000000008000562E] -> 0x00B5
[5520] [M]: 0x000000008000562C (0x00B59593) slli a1, a1, 0xb
x11 <- 0x0019999999999800
mem[X,0x0000000080005630] -> 0x8593
mem[X,0x0000000080005632] -> 0x1995
[5521] [M]: 0x0000000080005630 (0x19958593) addi a1, a1, 0x199
x11 <- 0x0019999999999999
mem[X,0x0000000080005634] -> 0x9593
mem[X,0x0000000080005636] -> 0x00A5
[5522] [M]: 0x0000000080005634 (0x00A59593) slli a1, a1, 0xa
x11 <- 0x6666666666666400
mem[X,0x0000000080005638] -> 0x8593
mem[X,0x000000008000563A] -> 0x2675
[5523] [M]: 0x0000000080005638 (0x26758593) addi a1, a1, 0x267
x11 <- 0x6666666666666667
mem[X,0x000000008000563C] -> 0x063B
mem[X,0x000000008000563E] -> 0x40B5
[5524] [M]: 0x000000008000563C (0x40B5063B) subw a2, a0, a1
x12 <- 0xFFFFFFFFFFFFFFFE
mem[X,0x0000000080005640] -> 0xB023
mem[X,0x0000000080005642] -> 0x6AC2
[5525] [M]: 0x0000000080005640 (0x6AC2B023) sd a2, 0x6a0(t0)
mem[0x000000008000C048] <- 0xFFFFFFFFFFFFFFFE
mem[X,0x0000000080005644] -> 0x6537
mem[X,0x0000000080005646] -> 0x6666
[5526] [M]: 0x0000000080005644 (0x66666537) lui a0, 0x66666
x10 <- 0x0000000066666000
mem[X,0x0000000080005648] -> 0x0513
mem[X,0x000000008000564A] -> 0x6665
[5527] [M]: 0x0000000080005648 (0x66650513) addi a0, a0, 0x666
x10 <- 0x0000000066666666
mem[X,0x000000008000564C] -> 0x1513
mem[X,0x000000008000564E] -> 0x00B5
[5528] [M]: 0x000000008000564C (0x00B51513) slli a0, a0, 0xb
x10 <- 0x0000033333333000
mem[X,0x0000000080005650] -> 0x0513
mem[X,0x0000000080005652] -> 0x3335
[5529] [M]: 0x0000000080005650 (0x33350513) addi a0, a0, 0x333
x10 <- 0x0000033333333333
mem[X,0x0000000080005654] -> 0x1513
mem[X,0x0000000080005656] -> 0x00B5
[5530] [M]: 0x0000000080005654 (0x00B51513) slli a0, a0, 0xb
x10 <- 0x0019999999999800
mem[X,0x0000000080005658] -> 0x0513
mem[X,0x000000008000565A] -> 0x1995
[5531] [M]: 0x0000000080005658 (0x19950513) addi a0, a0, 0x199
x10 <- 0x0019999999999999
mem[X,0x000000008000565C] -> 0x1513
mem[X,0x000000008000565E] -> 0x00A5
[5532] [M]: 0x000000008000565C (0x00A51513) slli a0, a0, 0xa
x10 <- 0x6666666666666400
mem[X,0x0000000080005660] -> 0x0513
mem[X,0x0000000080005662] -> 0x2655
[5533] [M]: 0x0000000080005660 (0x26550513) addi a0, a0, 0x265
x10 <- 0x6666666666666665
mem[X,0x0000000080005664] -> 0x05B7
mem[X,0x0000000080005666] -> 0x0000
[5534] [M]: 0x0000000080005664 (0x000005B7) lui a1, 0x0
x11 <- 0x0000000000000000
mem[X,0x0000000080005668] -> 0x8593
mem[X,0x000000008000566A] -> 0xFFF5
[5535] [M]: 0x0000000080005668 (0xFFF58593) addi a1, a1, -0x1
x11 <- 0xFFFFFFFFFFFFFFFF
mem[X,0x000000008000566C] -> 0x9593
mem[X,0x000000008000566E] -> 0x00B5
[5536] [M]: 0x000000008000566C (0x00B59593) slli a1, a1, 0xb
x11 <- 0xFFFFFFFFFFFFF800
mem[X,0x0000000080005670] -> 0x8593
mem[X,0x0000000080005672] -> 0x2575
[5537] [M]: 0x0000000080005670 (0x25758593) addi a1, a1, 0x257
x11 <- 0xFFFFFFFFFFFFFA57
mem[X,0x0000000080005674] -> 0x9593
mem[X,0x0000000080005676] -> 0x00B5
[5538] [M]: 0x0000000080005674 (0x00B59593) slli a1, a1, 0xb
x11 <- 0xFFFFFFFFFFD2B800
mem[X,0x0000000080005678] -> 0x8593
mem[X,0x000000008000567A] -> 0x6C35
[5539] [M]: 0x0000000080005678 (0x6C358593) addi a1, a1, 0x6c3
x11 <- 0xFFFFFFFFFFD2BEC3
mem[X,0x000000008000567C] -> 0x9593
mem[X,0x000000008000567E] -> 0x00A5
[5540] [M]: 0x000000008000567C (0x00A59593) slli a1, a1, 0xa
x11 <- 0xFFFFFFFF4AFB0C00
mem[X,0x0000000080005680] -> 0x8593
mem[X,0x0000000080005682] -> 0x0CE5
[5541] [M]: 0x0000000080005680 (0x0CE58593) addi a1, a1, 0xce
x11 <- 0xFFFFFFFF4AFB0CCE
mem[X,0x0000000080005684] -> 0x063B
mem[X,0x0000000080005686] -> 0x40B5
[5542] [M]: 0x0000000080005684 (0x40B5063B) subw a2, a0, a1
x12 <- 0x000000001B6B5997
mem[X,0x0000000080005688] -> 0xB423
mem[X,0x000000008000568A] -> 0x6AC2
[5543] [M]: 0x0000000080005688 (0x6AC2B423) sd a2, 0x6a8(t0)
mem[0x000000008000C050] <- 0x000000001B6B5997
mem[X,0x000000008000568C] -> 0x6537
mem[X,0x000000008000568E] -> 0x6666
[5544] [M]: 0x000000008000568C (0x66666537) lui a0, 0x66666
x10 <- 0x0000000066666000
mem[X,0x0000000080005690] -> 0x0513
mem[X,0x0000000080005692] -> 0x6665
[5545] [M]: 0x0000000080005690 (0x66650513) addi a0, a0, 0x666
x10 <- 0x0000000066666666
mem[X,0x0000000080005694] -> 0x1513
mem[X,0x0000000080005696] -> 0x00B5
[5546] [M]: 0x0000000080005694 (0x00B51513) slli a0, a0, 0xb
x10 <- 0x0000033333333000
mem[X,0x0000000080005698] -> 0x0513
mem[X,0x000000008000569A] -> 0x3335
[5547] [M]: 0x0000000080005698 (0x33350513) addi a0, a0, 0x333
x10 <- 0x0000033333333333
mem[X,0x000000008000569C] -> 0x1513
mem[X,0x000000008000569E] -> 0x00B5
[5548] [M]: 0x000000008000569C (0x00B51513) slli a0, a0, 0xb
x10 <- 0x0019999999999800
mem[X,0x00000000800056A0] -> 0x0513
mem[X,0x00000000800056A2] -> 0x1995
[5549] [M]: 0x00000000800056A0 (0x19950513) addi a0, a0, 0x199
x10 <- 0x0019999999999999
mem[X,0x00000000800056A4] -> 0x1513
mem[X,0x00000000800056A6] -> 0x00A5
[5550] [M]: 0x00000000800056A4 (0x00A51513) slli a0, a0, 0xa
x10 <- 0x6666666666666400
mem[X,0x00000000800056A8] -> 0x0513
mem[X,0x00000000800056AA] -> 0x2655
[5551] [M]: 0x00000000800056A8 (0x26550513) addi a0, a0, 0x265
x10 <- 0x6666666666666665
mem[X,0x00000000800056AC] -> 0x05B7
mem[X,0x00000000800056AE] -> 0x0000
[5552] [M]: 0x00000000800056AC (0x000005B7) lui a1, 0x0
x11 <- 0x0000000000000000
mem[X,0x00000000800056B0] -> 0x8593
mem[X,0x00000000800056B2] -> 0x0005
[5553] [M]: 0x00000000800056B0 (0x00058593) addi a1, a1, 0x0
x11 <- 0x0000000000000000
mem[X,0x00000000800056B4] -> 0x9593
mem[X,0x00000000800056B6] -> 0x00B5
[5554] [M]: 0x00000000800056B4 (0x00B59593) slli a1, a1, 0xb
x11 <- 0x0000000000000000
mem[X,0x00000000800056B8] -> 0x8593
mem[X,0x00000000800056BA] -> 0x5A85
[5555] [M]: 0x00000000800056B8 (0x5A858593) addi a1, a1, 0x5a8
x11 <- 0x00000000000005A8
mem[X,0x00000000800056BC] -> 0x9593
mem[X,0x00000000800056BE] -> 0x00B5
[5556] [M]: 0x00000000800056BC (0x00B59593) slli a1, a1, 0xb
x11 <- 0x00000000002D4000
mem[X,0x00000000800056C0] -> 0x8593
mem[X,0x00000000800056C2] -> 0x13C5
[5557] [M]: 0x00000000800056C0 (0x13C58593) addi a1, a1, 0x13c
x11 <- 0x00000000002D413C
mem[X,0x00000000800056C4] -> 0x9593
mem[X,0x00000000800056C6] -> 0x00A5
[5558] [M]: 0x00000000800056C4 (0x00A59593) slli a1, a1, 0xa
x11 <- 0x00000000B504F000
mem[X,0x00000000800056C8] -> 0x8593
mem[X,0x00000000800056CA] -> 0x3345
[5559] [M]: 0x00000000800056C8 (0x33458593) addi a1, a1, 0x334
x11 <- 0x00000000B504F334
mem[X,0x00000000800056CC] -> 0x063B
mem[X,0x00000000800056CE] -> 0x40B5
[5560] [M]: 0x00000000800056CC (0x40B5063B) subw a2, a0, a1
x12 <- 0xFFFFFFFFB1617331
mem[X,0x00000000800056D0] -> 0xB823
mem[X,0x00000000800056D2] -> 0x6AC2
[5561] [M]: 0x00000000800056D0 (0x6AC2B823) sd a2, 0x6b0(t0)
mem[0x000000008000C058] <- 0xFFFFFFFFB1617331
mem[X,0x00000000800056D4] -> 0x0537
mem[X,0x00000000800056D6] -> 0x0000
[5562] [M]: 0x00000000800056D4 (0x00000537) lui a0, 0x0
x10 <- 0x0000000000000000
mem[X,0x00000000800056D8] -> 0x0513
mem[X,0x00000000800056DA] -> 0x0005
[5563] [M]: 0x00000000800056D8 (0x00050513) addi a0, a0, 0x0
x10 <- 0x0000000000000000
mem[X,0x00000000800056DC] -> 0x1513
mem[X,0x00000000800056DE] -> 0x00B5
[5564] [M]: 0x00000000800056DC (0x00B51513) slli a0, a0, 0xb
x10 <- 0x0000000000000000
mem[X,0x00000000800056E0] -> 0x0513
mem[X,0x00000000800056E2] -> 0x5A85
[5565] [M]: 0x00000000800056E0 (0x5A850513) addi a0, a0, 0x5a8
x10 <- 0x00000000000005A8
mem[X,0x00000000800056E4] -> 0x1513
mem[X,0x00000000800056E6] -> 0x00B5
[5566] [M]: 0x00000000800056E4 (0x00B51513) slli a0, a0, 0xb
x10 <- 0x00000000002D4000
mem[X,0x00000000800056E8] -> 0x0513
mem[X,0x00000000800056EA] -> 0x13C5
[5567] [M]: 0x00000000800056E8 (0x13C50513) addi a0, a0, 0x13c
x10 <- 0x00000000002D413C
mem[X,0x00000000800056EC] -> 0x1513
mem[X,0x00000000800056EE] -> 0x00A5
[5568] [M]: 0x00000000800056EC (0x00A51513) slli a0, a0, 0xa
x10 <- 0x00000000B504F000
mem[X,0x00000000800056F0] -> 0x0513
mem[X,0x00000000800056F2] -> 0x3325
[5569] [M]: 0x00000000800056F0 (0x33250513) addi a0, a0, 0x332
x10 <- 0x00000000B504F332
mem[X,0x00000000800056F4] -> 0x0593
mem[X,0x00000000800056F6] -> 0x0030
[5570] [M]: 0x00000000800056F4 (0x00300593) addi a1, zero, 0x3
x11 <- 0x0000000000000003
mem[X,0x00000000800056F8] -> 0x063B
mem[X,0x00000000800056FA] -> 0x40B5
[5571] [M]: 0x00000000800056F8 (0x40B5063B) subw a2, a0, a1
x12 <- 0xFFFFFFFFB504F32F
mem[X,0x00000000800056FC] -> 0xBC23
mem[X,0x00000000800056FE] -> 0x6AC2
[5572] [M]: 0x00000000800056FC (0x6AC2BC23) sd a2, 0x6b8(t0)
mem[0x000000008000C060] <- 0xFFFFFFFFB504F32F
mem[X,0x0000000080005700] -> 0x0537
mem[X,0x0000000080005702] -> 0x0000
[5573] [M]: 0x0000000080005700 (0x00000537) lui a0, 0x0
x10 <- 0x0000000000000000
mem[X,0x0000000080005704] -> 0x0513
mem[X,0x0000000080005706] -> 0x0005
[5574] [M]: 0x0000000080005704 (0x00050513) addi a0, a0, 0x0
x10 <- 0x0000000000000000
mem[X,0x0000000080005708] -> 0x1513
mem[X,0x000000008000570A] -> 0x00B5
[5575] [M]: 0x0000000080005708 (0x00B51513) slli a0, a0, 0xb
x10 <- 0x0000000000000000
mem[X,0x000000008000570C] -> 0x0513
mem[X,0x000000008000570E] -> 0x5A85
[5576] [M]: 0x000000008000570C (0x5A850513) addi a0, a0, 0x5a8
x10 <- 0x00000000000005A8
mem[X,0x0000000080005710] -> 0x1513
mem[X,0x0000000080005712] -> 0x00B5
[5577] [M]: 0x0000000080005710 (0x00B51513) slli a0, a0, 0xb
x10 <- 0x00000000002D4000
mem[X,0x0000000080005714] -> 0x0513
mem[X,0x0000000080005716] -> 0x13C5
[5578] [M]: 0x0000000080005714 (0x13C50513) addi a0, a0, 0x13c
x10 <- 0x00000000002D413C
mem[X,0x0000000080005718] -> 0x1513
mem[X,0x000000008000571A] -> 0x00A5
[5579] [M]: 0x0000000080005718 (0x00A51513) slli a0, a0, 0xa
x10 <- 0x00000000B504F000
mem[X,0x000000008000571C] -> 0x0513
mem[X,0x000000008000571E] -> 0x3325
[5580] [M]: 0x000000008000571C (0x33250513) addi a0, a0, 0x332
x10 <- 0x00000000B504F332
mem[X,0x0000000080005720] -> 0x55B7
mem[X,0x0000000080005722] -> 0x5555
[5581] [M]: 0x0000000080005720 (0x555555B7) lui a1, 0x55555
x11 <- 0x0000000055555000
mem[X,0x0000000080005724] -> 0x8593
mem[X,0x0000000080005726] -> 0x5555
[5582] [M]: 0x0000000080005724 (0x55558593) addi a1, a1, 0x555
x11 <- 0x0000000055555555
mem[X,0x0000000080005728] -> 0x9593
mem[X,0x000000008000572A] -> 0x00B5
[5583] [M]: 0x0000000080005728 (0x00B59593) slli a1, a1, 0xb
x11 <- 0x000002AAAAAAA800
mem[X,0x000000008000572C] -> 0x8593
mem[X,0x000000008000572E] -> 0x2AA5
[5584] [M]: 0x000000008000572C (0x2AA58593) addi a1, a1, 0x2aa
x11 <- 0x000002AAAAAAAAAA
mem[X,0x0000000080005730] -> 0x9593
mem[X,0x0000000080005732] -> 0x00B5
[5585] [M]: 0x0000000080005730 (0x00B59593) slli a1, a1, 0xb
x11 <- 0x0015555555555000
mem[X,0x0000000080005734] -> 0x8593
mem[X,0x0000000080005736] -> 0x5555
[5586] [M]: 0x0000000080005734 (0x55558593) addi a1, a1, 0x555
x11 <- 0x0015555555555555
mem[X,0x0000000080005738] -> 0x9593
mem[X,0x000000008000573A] -> 0x00A5
[5587] [M]: 0x0000000080005738 (0x00A59593) slli a1, a1, 0xa
x11 <- 0x5555555555555400
mem[X,0x000000008000573C] -> 0x8593
mem[X,0x000000008000573E] -> 0x1555
[5588] [M]: 0x000000008000573C (0x15558593) addi a1, a1, 0x155
x11 <- 0x5555555555555555
mem[X,0x0000000080005740] -> 0x063B
mem[X,0x0000000080005742] -> 0x40B5
[5589] [M]: 0x0000000080005740 (0x40B5063B) subw a2, a0, a1
x12 <- 0x000000005FAF9DDD
mem[X,0x0000000080005744] -> 0xB023
mem[X,0x0000000080005746] -> 0x6CC2
[5590] [M]: 0x0000000080005744 (0x6CC2B023) sd a2, 0x6c0(t0)
mem[0x000000008000C068] <- 0x000000005FAF9DDD
mem[X,0x0000000080005748] -> 0x0537
mem[X,0x000000008000574A] -> 0x0000
[5591] [M]: 0x0000000080005748 (0x00000537) lui a0, 0x0
x10 <- 0x0000000000000000
mem[X,0x000000008000574C] -> 0x0513
mem[X,0x000000008000574E] -> 0x0005
[5592] [M]: 0x000000008000574C (0x00050513) addi a0, a0, 0x0
x10 <- 0x0000000000000000
mem[X,0x0000000080005750] -> 0x1513
mem[X,0x0000000080005752] -> 0x00B5
[5593] [M]: 0x0000000080005750 (0x00B51513) slli a0, a0, 0xb
x10 <- 0x0000000000000000
mem[X,0x0000000080005754] -> 0x0513
mem[X,0x0000000080005756] -> 0x5A85
[5594] [M]: 0x0000000080005754 (0x5A850513) addi a0, a0, 0x5a8
x10 <- 0x00000000000005A8
mem[X,0x0000000080005758] -> 0x1513
mem[X,0x000000008000575A] -> 0x00B5
[5595] [M]: 0x0000000080005758 (0x00B51513) slli a0, a0, 0xb
x10 <- 0x00000000002D4000
mem[X,0x000000008000575C] -> 0x0513
mem[X,0x000000008000575E] -> 0x13C5
[5596] [M]: 0x000000008000575C (0x13C50513) addi a0, a0, 0x13c
x10 <- 0x00000000002D413C
mem[X,0x0000000080005760] -> 0x1513
mem[X,0x0000000080005762] -> 0x00A5
[5597] [M]: 0x0000000080005760 (0x00A51513) slli a0, a0, 0xa
x10 <- 0x00000000B504F000
mem[X,0x0000000080005764] -> 0x0513
mem[X,0x0000000080005766] -> 0x3325
[5598] [M]: 0x0000000080005764 (0x33250513) addi a0, a0, 0x332
x10 <- 0x00000000B504F332
mem[X,0x0000000080005768] -> 0xB5B7
mem[X,0x000000008000576A] -> 0xAAAA
[5599] [M]: 0x0000000080005768 (0xAAAAB5B7) lui a1, -0x55555
x11 <- 0xFFFFFFFFAAAAB000
clint::tick mtime <- 0x0000000000000038
 clint timer pending at mtime 0x0000000000000038
htif::tick 0x0000000000000000
mem[X,0x000000008000576C] -> 0x8593
mem[X,0x000000008000576E] -> 0xAAA5
[5600] [M]: 0x000000008000576C (0xAAA58593) addi a1, a1, -0x556
x11 <- 0xFFFFFFFFAAAAAAAA
mem[X,0x0000000080005770] -> 0x9593
mem[X,0x0000000080005772] -> 0x00B5
[5601] [M]: 0x0000000080005770 (0x00B59593) slli a1, a1, 0xb
x11 <- 0xFFFFFD5555555000
mem[X,0x0000000080005774] -> 0x8593
mem[X,0x0000000080005776] -> 0x5555
[5602] [M]: 0x0000000080005774 (0x55558593) addi a1, a1, 0x555
x11 <- 0xFFFFFD5555555555
mem[X,0x0000000080005778] -> 0x9593
mem[X,0x000000008000577A] -> 0x00B5
[5603] [M]: 0x0000000080005778 (0x00B59593) slli a1, a1, 0xb
x11 <- 0xFFEAAAAAAAAAA800
mem[X,0x000000008000577C] -> 0x8593
mem[X,0x000000008000577E] -> 0x2AA5
[5604] [M]: 0x000000008000577C (0x2AA58593) addi a1, a1, 0x2aa
x11 <- 0xFFEAAAAAAAAAAAAA
mem[X,0x0000000080005780] -> 0x9593
mem[X,0x0000000080005782] -> 0x00A5
[5605] [M]: 0x0000000080005780 (0x00A59593) slli a1, a1, 0xa
x11 <- 0xAAAAAAAAAAAAA800
mem[X,0x0000000080005784] -> 0x8593
mem[X,0x0000000080005786] -> 0x2AA5
[5606] [M]: 0x0000000080005784 (0x2AA58593) addi a1, a1, 0x2aa
x11 <- 0xAAAAAAAAAAAAAAAA
mem[X,0x0000000080005788] -> 0x063B
mem[X,0x000000008000578A] -> 0x40B5
[5607] [M]: 0x0000000080005788 (0x40B5063B) subw a2, a0, a1
x12 <- 0x000000000A5A4888
mem[X,0x000000008000578C] -> 0xB423
mem[X,0x000000008000578E] -> 0x6CC2
[5608] [M]: 0x000000008000578C (0x6CC2B423) sd a2, 0x6c8(t0)
mem[0x000000008000C070] <- 0x000000000A5A4888
mem[X,0x0000000080005790] -> 0x0537
mem[X,0x0000000080005792] -> 0x0000
[5609] [M]: 0x0000000080005790 (0x00000537) lui a0, 0x0
x10 <- 0x0000000000000000
mem[X,0x0000000080005794] -> 0x0513
mem[X,0x0000000080005796] -> 0x0005
[5610] [M]: 0x0000000080005794 (0x00050513) addi a0, a0, 0x0
x10 <- 0x0000000000000000
mem[X,0x0000000080005798] -> 0x1513
mem[X,0x000000008000579A] -> 0x00B5
[5611] [M]: 0x0000000080005798 (0x00B51513) slli a0, a0, 0xb
x10 <- 0x0000000000000000
mem[X,0x000000008000579C] -> 0x0513
mem[X,0x000000008000579E] -> 0x5A85
[5612] [M]: 0x000000008000579C (0x5A850513) addi a0, a0, 0x5a8
x10 <- 0x00000000000005A8
mem[X,0x00000000800057A0] -> 0x1513
mem[X,0x00000000800057A2] -> 0x00B5
[5613] [M]: 0x00000000800057A0 (0x00B51513) slli a0, a0, 0xb
x10 <- 0x00000000002D4000
mem[X,0x00000000800057A4] -> 0x0513
mem[X,0x00000000800057A6] -> 0x13C5
[5614] [M]: 0x00000000800057A4 (0x13C50513) addi a0, a0, 0x13c
x10 <- 0x00000000002D413C
mem[X,0x00000000800057A8] -> 0x1513
mem[X,0x00000000800057AA] -> 0x00A5
[5615] [M]: 0x00000000800057A8 (0x00A51513) slli a0, a0, 0xa
x10 <- 0x00000000B504F000
mem[X,0x00000000800057AC] -> 0x0513
mem[X,0x00000000800057AE] -> 0x3325
[5616] [M]: 0x00000000800057AC (0x33250513) addi a0, a0, 0x332
x10 <- 0x00000000B504F332
mem[X,0x00000000800057B0] -> 0x0593
mem[X,0x00000000800057B2] -> 0x0050
[5617] [M]: 0x00000000800057B0 (0x00500593) addi a1, zero, 0x5
x11 <- 0x0000000000000005
mem[X,0x00000000800057B4] -> 0x063B
mem[X,0x00000000800057B6] -> 0x40B5
[5618] [M]: 0x00000000800057B4 (0x40B5063B) subw a2, a0, a1
x12 <- 0xFFFFFFFFB504F32D
mem[X,0x00000000800057B8] -> 0xB823
mem[X,0x00000000800057BA] -> 0x6CC2
[5619] [M]: 0x00000000800057B8 (0x6CC2B823) sd a2, 0x6d0(t0)
mem[0x000000008000C078] <- 0xFFFFFFFFB504F32D
mem[X,0x00000000800057BC] -> 0x0537
mem[X,0x00000000800057BE] -> 0x0000
[5620] [M]: 0x00000000800057BC (0x00000537) lui a0, 0x0
x10 <- 0x0000000000000000
mem[X,0x00000000800057C0] -> 0x0513
mem[X,0x00000000800057C2] -> 0x0005
[5621] [M]: 0x00000000800057C0 (0x00050513) addi a0, a0, 0x0
x10 <- 0x0000000000000000
mem[X,0x00000000800057C4] -> 0x1513
mem[X,0x00000000800057C6] -> 0x00B5
[5622] [M]: 0x00000000800057C4 (0x00B51513) slli a0, a0, 0xb
x10 <- 0x0000000000000000
mem[X,0x00000000800057C8] -> 0x0513
mem[X,0x00000000800057CA] -> 0x5A85
[5623] [M]: 0x00000000800057C8 (0x5A850513) addi a0, a0, 0x5a8
x10 <- 0x00000000000005A8
mem[X,0x00000000800057CC] -> 0x1513
mem[X,0x00000000800057CE] -> 0x00B5
[5624] [M]: 0x00000000800057CC (0x00B51513) slli a0, a0, 0xb
x10 <- 0x00000000002D4000
mem[X,0x00000000800057D0] -> 0x0513
mem[X,0x00000000800057D2] -> 0x13C5
[5625] [M]: 0x00000000800057D0 (0x13C50513) addi a0, a0, 0x13c
x10 <- 0x00000000002D413C
mem[X,0x00000000800057D4] -> 0x1513
mem[X,0x00000000800057D6] -> 0x00A5
[5626] [M]: 0x00000000800057D4 (0x00A51513) slli a0, a0, 0xa
x10 <- 0x00000000B504F000
mem[X,0x00000000800057D8] -> 0x0513
mem[X,0x00000000800057DA] -> 0x3325
[5627] [M]: 0x00000000800057D8 (0x33250513) addi a0, a0, 0x332
x10 <- 0x00000000B504F332
mem[X,0x00000000800057DC] -> 0x35B7
mem[X,0x00000000800057DE] -> 0x3333
[5628] [M]: 0x00000000800057DC (0x333335B7) lui a1, 0x33333
x11 <- 0x0000000033333000
mem[X,0x00000000800057E0] -> 0x8593
mem[X,0x00000000800057E2] -> 0x3335
[5629] [M]: 0x00000000800057E0 (0x33358593) addi a1, a1, 0x333
x11 <- 0x0000000033333333
mem[X,0x00000000800057E4] -> 0x9593
mem[X,0x00000000800057E6] -> 0x00B5
[5630] [M]: 0x00000000800057E4 (0x00B59593) slli a1, a1, 0xb
x11 <- 0x0000019999999800
mem[X,0x00000000800057E8] -> 0x8593
mem[X,0x00000000800057EA] -> 0x1995
[5631] [M]: 0x00000000800057E8 (0x19958593) addi a1, a1, 0x199
x11 <- 0x0000019999999999
mem[X,0x00000000800057EC] -> 0x9593
mem[X,0x00000000800057EE] -> 0x00B5
[5632] [M]: 0x00000000800057EC (0x00B59593) slli a1, a1, 0xb
x11 <- 0x000CCCCCCCCCC800
mem[X,0x00000000800057F0] -> 0x8593
mem[X,0x00000000800057F2] -> 0x4CC5
[5633] [M]: 0x00000000800057F0 (0x4CC58593) addi a1, a1, 0x4cc
x11 <- 0x000CCCCCCCCCCCCC
mem[X,0x00000000800057F4] -> 0x9593
mem[X,0x00000000800057F6] -> 0x00A5
[5634] [M]: 0x00000000800057F4 (0x00A59593) slli a1, a1, 0xa
x11 <- 0x3333333333333000
mem[X,0x00000000800057F8] -> 0x8593
mem[X,0x00000000800057FA] -> 0x3335
[5635] [M]: 0x00000000800057F8 (0x33358593) addi a1, a1, 0x333
x11 <- 0x3333333333333333
mem[X,0x00000000800057FC] -> 0x063B
mem[X,0x00000000800057FE] -> 0x40B5
[5636] [M]: 0x00000000800057FC (0x40B5063B) subw a2, a0, a1
x12 <- 0xFFFFFFFF81D1BFFF
mem[X,0x0000000080005800] -> 0xBC23
mem[X,0x0000000080005802] -> 0x6CC2
[5637] [M]: 0x0000000080005800 (0x6CC2BC23) sd a2, 0x6d8(t0)
mem[0x000000008000C080] <- 0xFFFFFFFF81D1BFFF
mem[X,0x0000000080005804] -> 0x0537
mem[X,0x0000000080005806] -> 0x0000
[5638] [M]: 0x0000000080005804 (0x00000537) lui a0, 0x0
x10 <- 0x0000000000000000
mem[X,0x0000000080005808] -> 0x0513
mem[X,0x000000008000580A] -> 0x0005
[5639] [M]: 0x0000000080005808 (0x00050513) addi a0, a0, 0x0
x10 <- 0x0000000000000000
mem[X,0x000000008000580C] -> 0x1513
mem[X,0x000000008000580E] -> 0x00B5
[5640] [M]: 0x000000008000580C (0x00B51513) slli a0, a0, 0xb
x10 <- 0x0000000000000000
mem[X,0x0000000080005810] -> 0x0513
mem[X,0x0000000080005812] -> 0x5A85
[5641] [M]: 0x0000000080005810 (0x5A850513) addi a0, a0, 0x5a8
x10 <- 0x00000000000005A8
mem[X,0x0000000080005814] -> 0x1513
mem[X,0x0000000080005816] -> 0x00B5
[5642] [M]: 0x0000000080005814 (0x00B51513) slli a0, a0, 0xb
x10 <- 0x00000000002D4000
mem[X,0x0000000080005818] -> 0x0513
mem[X,0x000000008000581A] -> 0x13C5
[5643] [M]: 0x0000000080005818 (0x13C50513) addi a0, a0, 0x13c
x10 <- 0x00000000002D413C
mem[X,0x000000008000581C] -> 0x1513
mem[X,0x000000008000581E] -> 0x00A5
[5644] [M]: 0x000000008000581C (0x00A51513) slli a0, a0, 0xa
x10 <- 0x00000000B504F000
mem[X,0x0000000080005820] -> 0x0513
mem[X,0x0000000080005822] -> 0x3325
[5645] [M]: 0x0000000080005820 (0x33250513) addi a0, a0, 0x332
x10 <- 0x00000000B504F332
mem[X,0x0000000080005824] -> 0x65B7
mem[X,0x0000000080005826] -> 0x6666
[5646] [M]: 0x0000000080005824 (0x666665B7) lui a1, 0x66666
x11 <- 0x0000000066666000
mem[X,0x0000000080005828] -> 0x8593
mem[X,0x000000008000582A] -> 0x6665
[5647] [M]: 0x0000000080005828 (0x66658593) addi a1, a1, 0x666
x11 <- 0x0000000066666666
mem[X,0x000000008000582C] -> 0x9593
mem[X,0x000000008000582E] -> 0x00B5
[5648] [M]: 0x000000008000582C (0x00B59593) slli a1, a1, 0xb
x11 <- 0x0000033333333000
mem[X,0x0000000080005830] -> 0x8593
mem[X,0x0000000080005832] -> 0x3335
[5649] [M]: 0x0000000080005830 (0x33358593) addi a1, a1, 0x333
x11 <- 0x0000033333333333
mem[X,0x0000000080005834] -> 0x9593
mem[X,0x0000000080005836] -> 0x00B5
[5650] [M]: 0x0000000080005834 (0x00B59593) slli a1, a1, 0xb
x11 <- 0x0019999999999800
mem[X,0x0000000080005838] -> 0x8593
mem[X,0x000000008000583A] -> 0x1995
[5651] [M]: 0x0000000080005838 (0x19958593) addi a1, a1, 0x199
x11 <- 0x0019999999999999
mem[X,0x000000008000583C] -> 0x9593
mem[X,0x000000008000583E] -> 0x00A5
[5652] [M]: 0x000000008000583C (0x00A59593) slli a1, a1, 0xa
x11 <- 0x6666666666666400
mem[X,0x0000000080005840] -> 0x8593
mem[X,0x0000000080005842] -> 0x2665
[5653] [M]: 0x0000000080005840 (0x26658593) addi a1, a1, 0x266
x11 <- 0x6666666666666666
mem[X,0x0000000080005844] -> 0x063B
mem[X,0x0000000080005846] -> 0x40B5
[5654] [M]: 0x0000000080005844 (0x40B5063B) subw a2, a0, a1
x12 <- 0x000000004E9E8CCC
mem[X,0x0000000080005848] -> 0xB023
mem[X,0x000000008000584A] -> 0x6EC2
[5655] [M]: 0x0000000080005848 (0x6EC2B023) sd a2, 0x6e0(t0)
mem[0x000000008000C088] <- 0x000000004E9E8CCC
mem[X,0x000000008000584C] -> 0x0537
mem[X,0x000000008000584E] -> 0x0000
[5656] [M]: 0x000000008000584C (0x00000537) lui a0, 0x0
x10 <- 0x0000000000000000
mem[X,0x0000000080005850] -> 0x0513
mem[X,0x0000000080005852] -> 0x0005
[5657] [M]: 0x0000000080005850 (0x00050513) addi a0, a0, 0x0
x10 <- 0x0000000000000000
mem[X,0x0000000080005854] -> 0x1513
mem[X,0x0000000080005856] -> 0x00B5
[5658] [M]: 0x0000000080005854 (0x00B51513) slli a0, a0, 0xb
x10 <- 0x0000000000000000
mem[X,0x0000000080005858] -> 0x0513
mem[X,0x000000008000585A] -> 0x5A85
[5659] [M]: 0x0000000080005858 (0x5A850513) addi a0, a0, 0x5a8
x10 <- 0x00000000000005A8
mem[X,0x000000008000585C] -> 0x1513
mem[X,0x000000008000585E] -> 0x00B5
[5660] [M]: 0x000000008000585C (0x00B51513) slli a0, a0, 0xb
x10 <- 0x00000000002D4000
mem[X,0x0000000080005860] -> 0x0513
mem[X,0x0000000080005862] -> 0x13C5
[5661] [M]: 0x0000000080005860 (0x13C50513) addi a0, a0, 0x13c
x10 <- 0x00000000002D413C
mem[X,0x0000000080005864] -> 0x1513
mem[X,0x0000000080005866] -> 0x00A5
[5662] [M]: 0x0000000080005864 (0x00A51513) slli a0, a0, 0xa
x10 <- 0x00000000B504F000
mem[X,0x0000000080005868] -> 0x0513
mem[X,0x000000008000586A] -> 0x3325
[5663] [M]: 0x0000000080005868 (0x33250513) addi a0, a0, 0x332
x10 <- 0x00000000B504F332
mem[X,0x000000008000586C] -> 0x05B7
mem[X,0x000000008000586E] -> 0x0000
[5664] [M]: 0x000000008000586C (0x000005B7) lui a1, 0x0
x11 <- 0x0000000000000000
mem[X,0x0000000080005870] -> 0x8593
mem[X,0x0000000080005872] -> 0xFFF5
[5665] [M]: 0x0000000080005870 (0xFFF58593) addi a1, a1, -0x1
x11 <- 0xFFFFFFFFFFFFFFFF
mem[X,0x0000000080005874] -> 0x9593
mem[X,0x0000000080005876] -> 0x00B5
[5666] [M]: 0x0000000080005874 (0x00B59593) slli a1, a1, 0xb
x11 <- 0xFFFFFFFFFFFFF800
mem[X,0x0000000080005878] -> 0x8593
mem[X,0x000000008000587A] -> 0x2575
[5667] [M]: 0x0000000080005878 (0x25758593) addi a1, a1, 0x257
x11 <- 0xFFFFFFFFFFFFFA57
mem[X,0x000000008000587C] -> 0x9593
mem[X,0x000000008000587E] -> 0x00B5
[5668] [M]: 0x000000008000587C (0x00B59593) slli a1, a1, 0xb
x11 <- 0xFFFFFFFFFFD2B800
mem[X,0x0000000080005880] -> 0x8593
mem[X,0x0000000080005882] -> 0x6C35
[5669] [M]: 0x0000000080005880 (0x6C358593) addi a1, a1, 0x6c3
x11 <- 0xFFFFFFFFFFD2BEC3
mem[X,0x0000000080005884] -> 0x9593
mem[X,0x0000000080005886] -> 0x00A5
[5670] [M]: 0x0000000080005884 (0x00A59593) slli a1, a1, 0xa
x11 <- 0xFFFFFFFF4AFB0C00
mem[X,0x0000000080005888] -> 0x8593
mem[X,0x000000008000588A] -> 0x0CD5
[5671] [M]: 0x0000000080005888 (0x0CD58593) addi a1, a1, 0xcd
x11 <- 0xFFFFFFFF4AFB0CCD
mem[X,0x000000008000588C] -> 0x063B
mem[X,0x000000008000588E] -> 0x40B5
[5672] [M]: 0x000000008000588C (0x40B5063B) subw a2, a0, a1
x12 <- 0x000000006A09E665
mem[X,0x0000000080005890] -> 0xB423
mem[X,0x0000000080005892] -> 0x6EC2
[5673] [M]: 0x0000000080005890 (0x6EC2B423) sd a2, 0x6e8(t0)
mem[0x000000008000C090] <- 0x000000006A09E665
mem[X,0x0000000080005894] -> 0x0537
mem[X,0x0000000080005896] -> 0x0000
[5674] [M]: 0x0000000080005894 (0x00000537) lui a0, 0x0
x10 <- 0x0000000000000000
mem[X,0x0000000080005898] -> 0x0513
mem[X,0x000000008000589A] -> 0x0005
[5675] [M]: 0x0000000080005898 (0x00050513) addi a0, a0, 0x0
x10 <- 0x0000000000000000
mem[X,0x000000008000589C] -> 0x1513
mem[X,0x000000008000589E] -> 0x00B5
[5676] [M]: 0x000000008000589C (0x00B51513) slli a0, a0, 0xb
x10 <- 0x0000000000000000
mem[X,0x00000000800058A0] -> 0x0513
mem[X,0x00000000800058A2] -> 0x5A85
[5677] [M]: 0x00000000800058A0 (0x5A850513) addi a0, a0, 0x5a8
x10 <- 0x00000000000005A8
mem[X,0x00000000800058A4] -> 0x1513
mem[X,0x00000000800058A6] -> 0x00B5
[5678] [M]: 0x00000000800058A4 (0x00B51513) slli a0, a0, 0xb
x10 <- 0x00000000002D4000
mem[X,0x00000000800058A8] -> 0x0513
mem[X,0x00000000800058AA] -> 0x13C5
[5679] [M]: 0x00000000800058A8 (0x13C50513) addi a0, a0, 0x13c
x10 <- 0x00000000002D413C
mem[X,0x00000000800058AC] -> 0x1513
mem[X,0x00000000800058AE] -> 0x00A5
[5680] [M]: 0x00000000800058AC (0x00A51513) slli a0, a0, 0xa
x10 <- 0x00000000B504F000
mem[X,0x00000000800058B0] -> 0x0513
mem[X,0x00000000800058B2] -> 0x3325
[5681] [M]: 0x00000000800058B0 (0x33250513) addi a0, a0, 0x332
x10 <- 0x00000000B504F332
mem[X,0x00000000800058B4] -> 0x05B7
mem[X,0x00000000800058B6] -> 0x0000
[5682] [M]: 0x00000000800058B4 (0x000005B7) lui a1, 0x0
x11 <- 0x0000000000000000
mem[X,0x00000000800058B8] -> 0x8593
mem[X,0x00000000800058BA] -> 0x0005
[5683] [M]: 0x00000000800058B8 (0x00058593) addi a1, a1, 0x0
x11 <- 0x0000000000000000
mem[X,0x00000000800058BC] -> 0x9593
mem[X,0x00000000800058BE] -> 0x00B5
[5684] [M]: 0x00000000800058BC (0x00B59593) slli a1, a1, 0xb
x11 <- 0x0000000000000000
mem[X,0x00000000800058C0] -> 0x8593
mem[X,0x00000000800058C2] -> 0x5A85
[5685] [M]: 0x00000000800058C0 (0x5A858593) addi a1, a1, 0x5a8
x11 <- 0x00000000000005A8
mem[X,0x00000000800058C4] -> 0x9593
mem[X,0x00000000800058C6] -> 0x00B5
[5686] [M]: 0x00000000800058C4 (0x00B59593) slli a1, a1, 0xb
x11 <- 0x00000000002D4000
mem[X,0x00000000800058C8] -> 0x8593
mem[X,0x00000000800058CA] -> 0x13C5
[5687] [M]: 0x00000000800058C8 (0x13C58593) addi a1, a1, 0x13c
x11 <- 0x00000000002D413C
mem[X,0x00000000800058CC] -> 0x9593
mem[X,0x00000000800058CE] -> 0x00A5
[5688] [M]: 0x00000000800058CC (0x00A59593) slli a1, a1, 0xa
x11 <- 0x00000000B504F000
mem[X,0x00000000800058D0] -> 0x8593
mem[X,0x00000000800058D2] -> 0x3335
[5689] [M]: 0x00000000800058D0 (0x33358593) addi a1, a1, 0x333
x11 <- 0x00000000B504F333
mem[X,0x00000000800058D4] -> 0x063B
mem[X,0x00000000800058D6] -> 0x40B5
[5690] [M]: 0x00000000800058D4 (0x40B5063B) subw a2, a0, a1
x12 <- 0xFFFFFFFFFFFFFFFF
mem[X,0x00000000800058D8] -> 0xB823
mem[X,0x00000000800058DA] -> 0x6EC2
[5691] [M]: 0x00000000800058D8 (0x6EC2B823) sd a2, 0x6f0(t0)
mem[0x000000008000C098] <- 0xFFFFFFFFFFFFFFFF
mem[X,0x00000000800058DC] -> 0x0537
mem[X,0x00000000800058DE] -> 0x0000
[5692] [M]: 0x00000000800058DC (0x00000537) lui a0, 0x0
x10 <- 0x0000000000000000
mem[X,0x00000000800058E0] -> 0x0513
mem[X,0x00000000800058E2] -> 0x0005
[5693] [M]: 0x00000000800058E0 (0x00050513) addi a0, a0, 0x0
x10 <- 0x0000000000000000
mem[X,0x00000000800058E4] -> 0x1513
mem[X,0x00000000800058E6] -> 0x00B5
[5694] [M]: 0x00000000800058E4 (0x00B51513) slli a0, a0, 0xb
x10 <- 0x0000000000000000
mem[X,0x00000000800058E8] -> 0x0513
mem[X,0x00000000800058EA] -> 0x5A85
[5695] [M]: 0x00000000800058E8 (0x5A850513) addi a0, a0, 0x5a8
x10 <- 0x00000000000005A8
mem[X,0x00000000800058EC] -> 0x1513
mem[X,0x00000000800058EE] -> 0x00B5
[5696] [M]: 0x00000000800058EC (0x00B51513) slli a0, a0, 0xb
x10 <- 0x00000000002D4000
mem[X,0x00000000800058F0] -> 0x0513
mem[X,0x00000000800058F2] -> 0x13C5
[5697] [M]: 0x00000000800058F0 (0x13C50513) addi a0, a0, 0x13c
x10 <- 0x00000000002D413C
mem[X,0x00000000800058F4] -> 0x1513
mem[X,0x00000000800058F6] -> 0x00A5
[5698] [M]: 0x00000000800058F4 (0x00A51513) slli a0, a0, 0xa
x10 <- 0x00000000B504F000
mem[X,0x00000000800058F8] -> 0x0513
mem[X,0x00000000800058FA] -> 0x3325
[5699] [M]: 0x00000000800058F8 (0x33250513) addi a0, a0, 0x332
x10 <- 0x00000000B504F332
clint::tick mtime <- 0x0000000000000039
 clint timer pending at mtime 0x0000000000000039
htif::tick 0x0000000000000000
mem[X,0x00000000800058FC] -> 0x0593
mem[X,0x00000000800058FE] -> 0x0020
[5700] [M]: 0x00000000800058FC (0x00200593) addi a1, zero, 0x2
x11 <- 0x0000000000000002
mem[X,0x0000000080005900] -> 0x063B
mem[X,0x0000000080005902] -> 0x40B5
[5701] [M]: 0x0000000080005900 (0x40B5063B) subw a2, a0, a1
x12 <- 0xFFFFFFFFB504F330
mem[X,0x0000000080005904] -> 0xBC23
mem[X,0x0000000080005906] -> 0x6EC2
[5702] [M]: 0x0000000080005904 (0x6EC2BC23) sd a2, 0x6f8(t0)
mem[0x000000008000C0A0] <- 0xFFFFFFFFB504F330
mem[X,0x0000000080005908] -> 0x0537
mem[X,0x000000008000590A] -> 0x0000
[5703] [M]: 0x0000000080005908 (0x00000537) lui a0, 0x0
x10 <- 0x0000000000000000
mem[X,0x000000008000590C] -> 0x0513
mem[X,0x000000008000590E] -> 0x0005
[5704] [M]: 0x000000008000590C (0x00050513) addi a0, a0, 0x0
x10 <- 0x0000000000000000
mem[X,0x0000000080005910] -> 0x1513
mem[X,0x0000000080005912] -> 0x00B5
[5705] [M]: 0x0000000080005910 (0x00B51513) slli a0, a0, 0xb
x10 <- 0x0000000000000000
mem[X,0x0000000080005914] -> 0x0513
mem[X,0x0000000080005916] -> 0x5A85
[5706] [M]: 0x0000000080005914 (0x5A850513) addi a0, a0, 0x5a8
x10 <- 0x00000000000005A8
mem[X,0x0000000080005918] -> 0x1513
mem[X,0x000000008000591A] -> 0x00B5
[5707] [M]: 0x0000000080005918 (0x00B51513) slli a0, a0, 0xb
x10 <- 0x00000000002D4000
mem[X,0x000000008000591C] -> 0x0513
mem[X,0x000000008000591E] -> 0x13C5
[5708] [M]: 0x000000008000591C (0x13C50513) addi a0, a0, 0x13c
x10 <- 0x00000000002D413C
mem[X,0x0000000080005920] -> 0x1513
mem[X,0x0000000080005922] -> 0x00A5
[5709] [M]: 0x0000000080005920 (0x00A51513) slli a0, a0, 0xa
x10 <- 0x00000000B504F000
mem[X,0x0000000080005924] -> 0x0513
mem[X,0x0000000080005926] -> 0x3325
[5710] [M]: 0x0000000080005924 (0x33250513) addi a0, a0, 0x332
x10 <- 0x00000000B504F332
mem[X,0x0000000080005928] -> 0x55B7
mem[X,0x000000008000592A] -> 0x5555
[5711] [M]: 0x0000000080005928 (0x555555B7) lui a1, 0x55555
x11 <- 0x0000000055555000
mem[X,0x000000008000592C] -> 0x8593
mem[X,0x000000008000592E] -> 0x5555
[5712] [M]: 0x000000008000592C (0x55558593) addi a1, a1, 0x555
x11 <- 0x0000000055555555
mem[X,0x0000000080005930] -> 0x9593
mem[X,0x0000000080005932] -> 0x00B5
[5713] [M]: 0x0000000080005930 (0x00B59593) slli a1, a1, 0xb
x11 <- 0x000002AAAAAAA800
mem[X,0x0000000080005934] -> 0x8593
mem[X,0x0000000080005936] -> 0x2AA5
[5714] [M]: 0x0000000080005934 (0x2AA58593) addi a1, a1, 0x2aa
x11 <- 0x000002AAAAAAAAAA
mem[X,0x0000000080005938] -> 0x9593
mem[X,0x000000008000593A] -> 0x00B5
[5715] [M]: 0x0000000080005938 (0x00B59593) slli a1, a1, 0xb
x11 <- 0x0015555555555000
mem[X,0x000000008000593C] -> 0x8593
mem[X,0x000000008000593E] -> 0x5555
[5716] [M]: 0x000000008000593C (0x55558593) addi a1, a1, 0x555
x11 <- 0x0015555555555555
mem[X,0x0000000080005940] -> 0x9593
mem[X,0x0000000080005942] -> 0x00A5
[5717] [M]: 0x0000000080005940 (0x00A59593) slli a1, a1, 0xa
x11 <- 0x5555555555555400
mem[X,0x0000000080005944] -> 0x8593
mem[X,0x0000000080005946] -> 0x1545
[5718] [M]: 0x0000000080005944 (0x15458593) addi a1, a1, 0x154
x11 <- 0x5555555555555554
mem[X,0x0000000080005948] -> 0x063B
mem[X,0x000000008000594A] -> 0x40B5
[5719] [M]: 0x0000000080005948 (0x40B5063B) subw a2, a0, a1
x12 <- 0x000000005FAF9DDE
mem[X,0x000000008000594C] -> 0xB023
mem[X,0x000000008000594E] -> 0x70C2
[5720] [M]: 0x000000008000594C (0x70C2B023) sd a2, 0x700(t0)
mem[0x000000008000C0A8] <- 0x000000005FAF9DDE
mem[X,0x0000000080005950] -> 0x0537
mem[X,0x0000000080005952] -> 0x0000
[5721] [M]: 0x0000000080005950 (0x00000537) lui a0, 0x0
x10 <- 0x0000000000000000
mem[X,0x0000000080005954] -> 0x0513
mem[X,0x0000000080005956] -> 0x0005
[5722] [M]: 0x0000000080005954 (0x00050513) addi a0, a0, 0x0
x10 <- 0x0000000000000000
mem[X,0x0000000080005958] -> 0x1513
mem[X,0x000000008000595A] -> 0x00B5
[5723] [M]: 0x0000000080005958 (0x00B51513) slli a0, a0, 0xb
x10 <- 0x0000000000000000
mem[X,0x000000008000595C] -> 0x0513
mem[X,0x000000008000595E] -> 0x5A85
[5724] [M]: 0x000000008000595C (0x5A850513) addi a0, a0, 0x5a8
x10 <- 0x00000000000005A8
mem[X,0x0000000080005960] -> 0x1513
mem[X,0x0000000080005962] -> 0x00B5
[5725] [M]: 0x0000000080005960 (0x00B51513) slli a0, a0, 0xb
x10 <- 0x00000000002D4000
mem[X,0x0000000080005964] -> 0x0513
mem[X,0x0000000080005966] -> 0x13C5
[5726] [M]: 0x0000000080005964 (0x13C50513) addi a0, a0, 0x13c
x10 <- 0x00000000002D413C
mem[X,0x0000000080005968] -> 0x1513
mem[X,0x000000008000596A] -> 0x00A5
[5727] [M]: 0x0000000080005968 (0x00A51513) slli a0, a0, 0xa
x10 <- 0x00000000B504F000
mem[X,0x000000008000596C] -> 0x0513
mem[X,0x000000008000596E] -> 0x3325
[5728] [M]: 0x000000008000596C (0x33250513) addi a0, a0, 0x332
x10 <- 0x00000000B504F332
mem[X,0x0000000080005970] -> 0x0593
mem[X,0x0000000080005972] -> 0x0000
[5729] [M]: 0x0000000080005970 (0x00000593) addi a1, zero, 0x0
x11 <- 0x0000000000000000
mem[X,0x0000000080005974] -> 0x063B
mem[X,0x0000000080005976] -> 0x40B5
[5730] [M]: 0x0000000080005974 (0x40B5063B) subw a2, a0, a1
x12 <- 0xFFFFFFFFB504F332
mem[X,0x0000000080005978] -> 0xB423
mem[X,0x000000008000597A] -> 0x70C2
[5731] [M]: 0x0000000080005978 (0x70C2B423) sd a2, 0x708(t0)
mem[0x000000008000C0B0] <- 0xFFFFFFFFB504F332
mem[X,0x000000008000597C] -> 0x0537
mem[X,0x000000008000597E] -> 0x0000
[5732] [M]: 0x000000008000597C (0x00000537) lui a0, 0x0
x10 <- 0x0000000000000000
mem[X,0x0000000080005980] -> 0x0513
mem[X,0x0000000080005982] -> 0x0005
[5733] [M]: 0x0000000080005980 (0x00050513) addi a0, a0, 0x0
x10 <- 0x0000000000000000
mem[X,0x0000000080005984] -> 0x1513
mem[X,0x0000000080005986] -> 0x00B5
[5734] [M]: 0x0000000080005984 (0x00B51513) slli a0, a0, 0xb
x10 <- 0x0000000000000000
mem[X,0x0000000080005988] -> 0x0513
mem[X,0x000000008000598A] -> 0x5A85
[5735] [M]: 0x0000000080005988 (0x5A850513) addi a0, a0, 0x5a8
x10 <- 0x00000000000005A8
mem[X,0x000000008000598C] -> 0x1513
mem[X,0x000000008000598E] -> 0x00B5
[5736] [M]: 0x000000008000598C (0x00B51513) slli a0, a0, 0xb
x10 <- 0x00000000002D4000
mem[X,0x0000000080005990] -> 0x0513
mem[X,0x0000000080005992] -> 0x13C5
[5737] [M]: 0x0000000080005990 (0x13C50513) addi a0, a0, 0x13c
x10 <- 0x00000000002D413C
mem[X,0x0000000080005994] -> 0x1513
mem[X,0x0000000080005996] -> 0x00A5
[5738] [M]: 0x0000000080005994 (0x00A51513) slli a0, a0, 0xa
x10 <- 0x00000000B504F000
mem[X,0x0000000080005998] -> 0x0513
mem[X,0x000000008000599A] -> 0x3325
[5739] [M]: 0x0000000080005998 (0x33250513) addi a0, a0, 0x332
x10 <- 0x00000000B504F332
mem[X,0x000000008000599C] -> 0x0593
mem[X,0x000000008000599E] -> 0x0040
[5740] [M]: 0x000000008000599C (0x00400593) addi a1, zero, 0x4
x11 <- 0x0000000000000004
mem[X,0x00000000800059A0] -> 0x063B
mem[X,0x00000000800059A2] -> 0x40B5
[5741] [M]: 0x00000000800059A0 (0x40B5063B) subw a2, a0, a1
x12 <- 0xFFFFFFFFB504F32E
mem[X,0x00000000800059A4] -> 0xB823
mem[X,0x00000000800059A6] -> 0x70C2
[5742] [M]: 0x00000000800059A4 (0x70C2B823) sd a2, 0x710(t0)
mem[0x000000008000C0B8] <- 0xFFFFFFFFB504F32E
mem[X,0x00000000800059A8] -> 0x0537
mem[X,0x00000000800059AA] -> 0x0000
[5743] [M]: 0x00000000800059A8 (0x00000537) lui a0, 0x0
x10 <- 0x0000000000000000
mem[X,0x00000000800059AC] -> 0x0513
mem[X,0x00000000800059AE] -> 0x0005
[5744] [M]: 0x00000000800059AC (0x00050513) addi a0, a0, 0x0
x10 <- 0x0000000000000000
mem[X,0x00000000800059B0] -> 0x1513
mem[X,0x00000000800059B2] -> 0x00B5
[5745] [M]: 0x00000000800059B0 (0x00B51513) slli a0, a0, 0xb
x10 <- 0x0000000000000000
mem[X,0x00000000800059B4] -> 0x0513
mem[X,0x00000000800059B6] -> 0x5A85
[5746] [M]: 0x00000000800059B4 (0x5A850513) addi a0, a0, 0x5a8
x10 <- 0x00000000000005A8
mem[X,0x00000000800059B8] -> 0x1513
mem[X,0x00000000800059BA] -> 0x00B5
[5747] [M]: 0x00000000800059B8 (0x00B51513) slli a0, a0, 0xb
x10 <- 0x00000000002D4000
mem[X,0x00000000800059BC] -> 0x0513
mem[X,0x00000000800059BE] -> 0x13C5
[5748] [M]: 0x00000000800059BC (0x13C50513) addi a0, a0, 0x13c
x10 <- 0x00000000002D413C
mem[X,0x00000000800059C0] -> 0x1513
mem[X,0x00000000800059C2] -> 0x00A5
[5749] [M]: 0x00000000800059C0 (0x00A51513) slli a0, a0, 0xa
x10 <- 0x00000000B504F000
mem[X,0x00000000800059C4] -> 0x0513
mem[X,0x00000000800059C6] -> 0x3325
[5750] [M]: 0x00000000800059C4 (0x33250513) addi a0, a0, 0x332
x10 <- 0x00000000B504F332
mem[X,0x00000000800059C8] -> 0x35B7
mem[X,0x00000000800059CA] -> 0x3333
[5751] [M]: 0x00000000800059C8 (0x333335B7) lui a1, 0x33333
x11 <- 0x0000000033333000
mem[X,0x00000000800059CC] -> 0x8593
mem[X,0x00000000800059CE] -> 0x3335
[5752] [M]: 0x00000000800059CC (0x33358593) addi a1, a1, 0x333
x11 <- 0x0000000033333333
mem[X,0x00000000800059D0] -> 0x9593
mem[X,0x00000000800059D2] -> 0x00B5
[5753] [M]: 0x00000000800059D0 (0x00B59593) slli a1, a1, 0xb
x11 <- 0x0000019999999800
mem[X,0x00000000800059D4] -> 0x8593
mem[X,0x00000000800059D6] -> 0x1995
[5754] [M]: 0x00000000800059D4 (0x19958593) addi a1, a1, 0x199
x11 <- 0x0000019999999999
mem[X,0x00000000800059D8] -> 0x9593
mem[X,0x00000000800059DA] -> 0x00B5
[5755] [M]: 0x00000000800059D8 (0x00B59593) slli a1, a1, 0xb
x11 <- 0x000CCCCCCCCCC800
mem[X,0x00000000800059DC] -> 0x8593
mem[X,0x00000000800059DE] -> 0x4CC5
[5756] [M]: 0x00000000800059DC (0x4CC58593) addi a1, a1, 0x4cc
x11 <- 0x000CCCCCCCCCCCCC
mem[X,0x00000000800059E0] -> 0x9593
mem[X,0x00000000800059E2] -> 0x00A5
[5757] [M]: 0x00000000800059E0 (0x00A59593) slli a1, a1, 0xa
x11 <- 0x3333333333333000
mem[X,0x00000000800059E4] -> 0x8593
mem[X,0x00000000800059E6] -> 0x3325
[5758] [M]: 0x00000000800059E4 (0x33258593) addi a1, a1, 0x332
x11 <- 0x3333333333333332
mem[X,0x00000000800059E8] -> 0x063B
mem[X,0x00000000800059EA] -> 0x40B5
[5759] [M]: 0x00000000800059E8 (0x40B5063B) subw a2, a0, a1
x12 <- 0xFFFFFFFF81D1C000
mem[X,0x00000000800059EC] -> 0xBC23
mem[X,0x00000000800059EE] -> 0x70C2
[5760] [M]: 0x00000000800059EC (0x70C2BC23) sd a2, 0x718(t0)
mem[0x000000008000C0C0] <- 0xFFFFFFFF81D1C000
mem[X,0x00000000800059F0] -> 0x0537
mem[X,0x00000000800059F2] -> 0x0000
[5761] [M]: 0x00000000800059F0 (0x00000537) lui a0, 0x0
x10 <- 0x0000000000000000
mem[X,0x00000000800059F4] -> 0x0513
mem[X,0x00000000800059F6] -> 0x0005
[5762] [M]: 0x00000000800059F4 (0x00050513) addi a0, a0, 0x0
x10 <- 0x0000000000000000
mem[X,0x00000000800059F8] -> 0x1513
mem[X,0x00000000800059FA] -> 0x00B5
[5763] [M]: 0x00000000800059F8 (0x00B51513) slli a0, a0, 0xb
x10 <- 0x0000000000000000
mem[X,0x00000000800059FC] -> 0x0513
mem[X,0x00000000800059FE] -> 0x5A85
[5764] [M]: 0x00000000800059FC (0x5A850513) addi a0, a0, 0x5a8
x10 <- 0x00000000000005A8
mem[X,0x0000000080005A00] -> 0x1513
mem[X,0x0000000080005A02] -> 0x00B5
[5765] [M]: 0x0000000080005A00 (0x00B51513) slli a0, a0, 0xb
x10 <- 0x00000000002D4000
mem[X,0x0000000080005A04] -> 0x0513
mem[X,0x0000000080005A06] -> 0x13C5
[5766] [M]: 0x0000000080005A04 (0x13C50513) addi a0, a0, 0x13c
x10 <- 0x00000000002D413C
mem[X,0x0000000080005A08] -> 0x1513
mem[X,0x0000000080005A0A] -> 0x00A5
[5767] [M]: 0x0000000080005A08 (0x00A51513) slli a0, a0, 0xa
x10 <- 0x00000000B504F000
mem[X,0x0000000080005A0C] -> 0x0513
mem[X,0x0000000080005A0E] -> 0x3325
[5768] [M]: 0x0000000080005A0C (0x33250513) addi a0, a0, 0x332
x10 <- 0x00000000B504F332
mem[X,0x0000000080005A10] -> 0x65B7
mem[X,0x0000000080005A12] -> 0x6666
[5769] [M]: 0x0000000080005A10 (0x666665B7) lui a1, 0x66666
x11 <- 0x0000000066666000
mem[X,0x0000000080005A14] -> 0x8593
mem[X,0x0000000080005A16] -> 0x6665
[5770] [M]: 0x0000000080005A14 (0x66658593) addi a1, a1, 0x666
x11 <- 0x0000000066666666
mem[X,0x0000000080005A18] -> 0x9593
mem[X,0x0000000080005A1A] -> 0x00B5
[5771] [M]: 0x0000000080005A18 (0x00B59593) slli a1, a1, 0xb
x11 <- 0x0000033333333000
mem[X,0x0000000080005A1C] -> 0x8593
mem[X,0x0000000080005A1E] -> 0x3335
[5772] [M]: 0x0000000080005A1C (0x33358593) addi a1, a1, 0x333
x11 <- 0x0000033333333333
mem[X,0x0000000080005A20] -> 0x9593
mem[X,0x0000000080005A22] -> 0x00B5
[5773] [M]: 0x0000000080005A20 (0x00B59593) slli a1, a1, 0xb
x11 <- 0x0019999999999800
mem[X,0x0000000080005A24] -> 0x8593
mem[X,0x0000000080005A26] -> 0x1995
[5774] [M]: 0x0000000080005A24 (0x19958593) addi a1, a1, 0x199
x11 <- 0x0019999999999999
mem[X,0x0000000080005A28] -> 0x9593
mem[X,0x0000000080005A2A] -> 0x00A5
[5775] [M]: 0x0000000080005A28 (0x00A59593) slli a1, a1, 0xa
x11 <- 0x6666666666666400
mem[X,0x0000000080005A2C] -> 0x8593
mem[X,0x0000000080005A2E] -> 0x2655
[5776] [M]: 0x0000000080005A2C (0x26558593) addi a1, a1, 0x265
x11 <- 0x6666666666666665
mem[X,0x0000000080005A30] -> 0x063B
mem[X,0x0000000080005A32] -> 0x40B5
[5777] [M]: 0x0000000080005A30 (0x40B5063B) subw a2, a0, a1
x12 <- 0x000000004E9E8CCD
mem[X,0x0000000080005A34] -> 0xB023
mem[X,0x0000000080005A36] -> 0x72C2
[5778] [M]: 0x0000000080005A34 (0x72C2B023) sd a2, 0x720(t0)
mem[0x000000008000C0C8] <- 0x000000004E9E8CCD
mem[X,0x0000000080005A38] -> 0x0537
mem[X,0x0000000080005A3A] -> 0x0000
[5779] [M]: 0x0000000080005A38 (0x00000537) lui a0, 0x0
x10 <- 0x0000000000000000
mem[X,0x0000000080005A3C] -> 0x0513
mem[X,0x0000000080005A3E] -> 0x0005
[5780] [M]: 0x0000000080005A3C (0x00050513) addi a0, a0, 0x0
x10 <- 0x0000000000000000
mem[X,0x0000000080005A40] -> 0x1513
mem[X,0x0000000080005A42] -> 0x00B5
[5781] [M]: 0x0000000080005A40 (0x00B51513) slli a0, a0, 0xb
x10 <- 0x0000000000000000
mem[X,0x0000000080005A44] -> 0x0513
mem[X,0x0000000080005A46] -> 0x5A85
[5782] [M]: 0x0000000080005A44 (0x5A850513) addi a0, a0, 0x5a8
x10 <- 0x00000000000005A8
mem[X,0x0000000080005A48] -> 0x1513
mem[X,0x0000000080005A4A] -> 0x00B5
[5783] [M]: 0x0000000080005A48 (0x00B51513) slli a0, a0, 0xb
x10 <- 0x00000000002D4000
mem[X,0x0000000080005A4C] -> 0x0513
mem[X,0x0000000080005A4E] -> 0x13C5
[5784] [M]: 0x0000000080005A4C (0x13C50513) addi a0, a0, 0x13c
x10 <- 0x00000000002D413C
mem[X,0x0000000080005A50] -> 0x1513
mem[X,0x0000000080005A52] -> 0x00A5
[5785] [M]: 0x0000000080005A50 (0x00A51513) slli a0, a0, 0xa
x10 <- 0x00000000B504F000
mem[X,0x0000000080005A54] -> 0x0513
mem[X,0x0000000080005A56] -> 0x3325
[5786] [M]: 0x0000000080005A54 (0x33250513) addi a0, a0, 0x332
x10 <- 0x00000000B504F332
mem[X,0x0000000080005A58] -> 0x05B7
mem[X,0x0000000080005A5A] -> 0x0000
[5787] [M]: 0x0000000080005A58 (0x000005B7) lui a1, 0x0
x11 <- 0x0000000000000000
mem[X,0x0000000080005A5C] -> 0x8593
mem[X,0x0000000080005A5E] -> 0x0005
[5788] [M]: 0x0000000080005A5C (0x00058593) addi a1, a1, 0x0
x11 <- 0x0000000000000000
mem[X,0x0000000080005A60] -> 0x9593
mem[X,0x0000000080005A62] -> 0x00B5
[5789] [M]: 0x0000000080005A60 (0x00B59593) slli a1, a1, 0xb
x11 <- 0x0000000000000000
mem[X,0x0000000080005A64] -> 0x8593
mem[X,0x0000000080005A66] -> 0x5A85
[5790] [M]: 0x0000000080005A64 (0x5A858593) addi a1, a1, 0x5a8
x11 <- 0x00000000000005A8
mem[X,0x0000000080005A68] -> 0x9593
mem[X,0x0000000080005A6A] -> 0x00B5
[5791] [M]: 0x0000000080005A68 (0x00B59593) slli a1, a1, 0xb
x11 <- 0x00000000002D4000
mem[X,0x0000000080005A6C] -> 0x8593
mem[X,0x0000000080005A6E] -> 0x13C5
[5792] [M]: 0x0000000080005A6C (0x13C58593) addi a1, a1, 0x13c
x11 <- 0x00000000002D413C
mem[X,0x0000000080005A70] -> 0x9593
mem[X,0x0000000080005A72] -> 0x00A5
[5793] [M]: 0x0000000080005A70 (0x00A59593) slli a1, a1, 0xa
x11 <- 0x00000000B504F000
mem[X,0x0000000080005A74] -> 0x8593
mem[X,0x0000000080005A76] -> 0x3325
[5794] [M]: 0x0000000080005A74 (0x33258593) addi a1, a1, 0x332
x11 <- 0x00000000B504F332
mem[X,0x0000000080005A78] -> 0x063B
mem[X,0x0000000080005A7A] -> 0x40B5
[5795] [M]: 0x0000000080005A78 (0x40B5063B) subw a2, a0, a1
x12 <- 0x0000000000000000
mem[X,0x0000000080005A7C] -> 0xB423
mem[X,0x0000000080005A7E] -> 0x72C2
[5796] [M]: 0x0000000080005A7C (0x72C2B423) sd a2, 0x728(t0)
mem[0x000000008000C0D0] <- 0x0000000000000000
mem[X,0x0000000080005A80] -> 0x0537
mem[X,0x0000000080005A82] -> 0x0000
[5797] [M]: 0x0000000080005A80 (0x00000537) lui a0, 0x0
x10 <- 0x0000000000000000
mem[X,0x0000000080005A84] -> 0x0513
mem[X,0x0000000080005A86] -> 0x0005
[5798] [M]: 0x0000000080005A84 (0x00050513) addi a0, a0, 0x0
x10 <- 0x0000000000000000
mem[X,0x0000000080005A88] -> 0x1513
mem[X,0x0000000080005A8A] -> 0x00B5
[5799] [M]: 0x0000000080005A88 (0x00B51513) slli a0, a0, 0xb
x10 <- 0x0000000000000000
clint::tick mtime <- 0x000000000000003A
 clint timer pending at mtime 0x000000000000003A
htif::tick 0x0000000000000000
mem[X,0x0000000080005A8C] -> 0x0513
mem[X,0x0000000080005A8E] -> 0x5A85
[5800] [M]: 0x0000000080005A8C (0x5A850513) addi a0, a0, 0x5a8
x10 <- 0x00000000000005A8
mem[X,0x0000000080005A90] -> 0x1513
mem[X,0x0000000080005A92] -> 0x00B5
[5801] [M]: 0x0000000080005A90 (0x00B51513) slli a0, a0, 0xb
x10 <- 0x00000000002D4000
mem[X,0x0000000080005A94] -> 0x0513
mem[X,0x0000000080005A96] -> 0x13C5
[5802] [M]: 0x0000000080005A94 (0x13C50513) addi a0, a0, 0x13c
x10 <- 0x00000000002D413C
mem[X,0x0000000080005A98] -> 0x1513
mem[X,0x0000000080005A9A] -> 0x00A5
[5803] [M]: 0x0000000080005A98 (0x00A51513) slli a0, a0, 0xa
x10 <- 0x00000000B504F000
mem[X,0x0000000080005A9C] -> 0x0513
mem[X,0x0000000080005A9E] -> 0x3325
[5804] [M]: 0x0000000080005A9C (0x33250513) addi a0, a0, 0x332
x10 <- 0x00000000B504F332
mem[X,0x0000000080005AA0] -> 0x55B7
mem[X,0x0000000080005AA2] -> 0x5555
[5805] [M]: 0x0000000080005AA0 (0x555555B7) lui a1, 0x55555
x11 <- 0x0000000055555000
mem[X,0x0000000080005AA4] -> 0x8593
mem[X,0x0000000080005AA6] -> 0x5555
[5806] [M]: 0x0000000080005AA4 (0x55558593) addi a1, a1, 0x555
x11 <- 0x0000000055555555
mem[X,0x0000000080005AA8] -> 0x9593
mem[X,0x0000000080005AAA] -> 0x00B5
[5807] [M]: 0x0000000080005AA8 (0x00B59593) slli a1, a1, 0xb
x11 <- 0x000002AAAAAAA800
mem[X,0x0000000080005AAC] -> 0x8593
mem[X,0x0000000080005AAE] -> 0x2AA5
[5808] [M]: 0x0000000080005AAC (0x2AA58593) addi a1, a1, 0x2aa
x11 <- 0x000002AAAAAAAAAA
mem[X,0x0000000080005AB0] -> 0x9593
mem[X,0x0000000080005AB2] -> 0x00B5
[5809] [M]: 0x0000000080005AB0 (0x00B59593) slli a1, a1, 0xb
x11 <- 0x0015555555555000
mem[X,0x0000000080005AB4] -> 0x8593
mem[X,0x0000000080005AB6] -> 0x5555
[5810] [M]: 0x0000000080005AB4 (0x55558593) addi a1, a1, 0x555
x11 <- 0x0015555555555555
mem[X,0x0000000080005AB8] -> 0x9593
mem[X,0x0000000080005ABA] -> 0x00A5
[5811] [M]: 0x0000000080005AB8 (0x00A59593) slli a1, a1, 0xa
x11 <- 0x5555555555555400
mem[X,0x0000000080005ABC] -> 0x8593
mem[X,0x0000000080005ABE] -> 0x1565
[5812] [M]: 0x0000000080005ABC (0x15658593) addi a1, a1, 0x156
x11 <- 0x5555555555555556
mem[X,0x0000000080005AC0] -> 0x063B
mem[X,0x0000000080005AC2] -> 0x40B5
[5813] [M]: 0x0000000080005AC0 (0x40B5063B) subw a2, a0, a1
x12 <- 0x000000005FAF9DDC
mem[X,0x0000000080005AC4] -> 0xB823
mem[X,0x0000000080005AC6] -> 0x72C2
[5814] [M]: 0x0000000080005AC4 (0x72C2B823) sd a2, 0x730(t0)
mem[0x000000008000C0D8] <- 0x000000005FAF9DDC
mem[X,0x0000000080005AC8] -> 0x0537
mem[X,0x0000000080005ACA] -> 0x0000
[5815] [M]: 0x0000000080005AC8 (0x00000537) lui a0, 0x0
x10 <- 0x0000000000000000
mem[X,0x0000000080005ACC] -> 0x0513
mem[X,0x0000000080005ACE] -> 0x0005
[5816] [M]: 0x0000000080005ACC (0x00050513) addi a0, a0, 0x0
x10 <- 0x0000000000000000
mem[X,0x0000000080005AD0] -> 0x1513
mem[X,0x0000000080005AD2] -> 0x00B5
[5817] [M]: 0x0000000080005AD0 (0x00B51513) slli a0, a0, 0xb
x10 <- 0x0000000000000000
mem[X,0x0000000080005AD4] -> 0x0513
mem[X,0x0000000080005AD6] -> 0x5A85
[5818] [M]: 0x0000000080005AD4 (0x5A850513) addi a0, a0, 0x5a8
x10 <- 0x00000000000005A8
mem[X,0x0000000080005AD8] -> 0x1513
mem[X,0x0000000080005ADA] -> 0x00B5
[5819] [M]: 0x0000000080005AD8 (0x00B51513) slli a0, a0, 0xb
x10 <- 0x00000000002D4000
mem[X,0x0000000080005ADC] -> 0x0513
mem[X,0x0000000080005ADE] -> 0x13C5
[5820] [M]: 0x0000000080005ADC (0x13C50513) addi a0, a0, 0x13c
x10 <- 0x00000000002D413C
mem[X,0x0000000080005AE0] -> 0x1513
mem[X,0x0000000080005AE2] -> 0x00A5
[5821] [M]: 0x0000000080005AE0 (0x00A51513) slli a0, a0, 0xa
x10 <- 0x00000000B504F000
mem[X,0x0000000080005AE4] -> 0x0513
mem[X,0x0000000080005AE6] -> 0x3325
[5822] [M]: 0x0000000080005AE4 (0x33250513) addi a0, a0, 0x332
x10 <- 0x00000000B504F332
mem[X,0x0000000080005AE8] -> 0xB5B7
mem[X,0x0000000080005AEA] -> 0xAAAA
[5823] [M]: 0x0000000080005AE8 (0xAAAAB5B7) lui a1, -0x55555
x11 <- 0xFFFFFFFFAAAAB000
mem[X,0x0000000080005AEC] -> 0x8593
mem[X,0x0000000080005AEE] -> 0xAAA5
[5824] [M]: 0x0000000080005AEC (0xAAA58593) addi a1, a1, -0x556
x11 <- 0xFFFFFFFFAAAAAAAA
mem[X,0x0000000080005AF0] -> 0x9593
mem[X,0x0000000080005AF2] -> 0x00B5
[5825] [M]: 0x0000000080005AF0 (0x00B59593) slli a1, a1, 0xb
x11 <- 0xFFFFFD5555555000
mem[X,0x0000000080005AF4] -> 0x8593
mem[X,0x0000000080005AF6] -> 0x5555
[5826] [M]: 0x0000000080005AF4 (0x55558593) addi a1, a1, 0x555
x11 <- 0xFFFFFD5555555555
mem[X,0x0000000080005AF8] -> 0x9593
mem[X,0x0000000080005AFA] -> 0x00B5
[5827] [M]: 0x0000000080005AF8 (0x00B59593) slli a1, a1, 0xb
x11 <- 0xFFEAAAAAAAAAA800
mem[X,0x0000000080005AFC] -> 0x8593
mem[X,0x0000000080005AFE] -> 0x2AA5
[5828] [M]: 0x0000000080005AFC (0x2AA58593) addi a1, a1, 0x2aa
x11 <- 0xFFEAAAAAAAAAAAAA
mem[X,0x0000000080005B00] -> 0x9593
mem[X,0x0000000080005B02] -> 0x00A5
[5829] [M]: 0x0000000080005B00 (0x00A59593) slli a1, a1, 0xa
x11 <- 0xAAAAAAAAAAAAA800
mem[X,0x0000000080005B04] -> 0x8593
mem[X,0x0000000080005B06] -> 0x2AB5
[5830] [M]: 0x0000000080005B04 (0x2AB58593) addi a1, a1, 0x2ab
x11 <- 0xAAAAAAAAAAAAAAAB
mem[X,0x0000000080005B08] -> 0x063B
mem[X,0x0000000080005B0A] -> 0x40B5
[5831] [M]: 0x0000000080005B08 (0x40B5063B) subw a2, a0, a1
x12 <- 0x000000000A5A4887
mem[X,0x0000000080005B0C] -> 0xBC23
mem[X,0x0000000080005B0E] -> 0x72C2
[5832] [M]: 0x0000000080005B0C (0x72C2BC23) sd a2, 0x738(t0)
mem[0x000000008000C0E0] <- 0x000000000A5A4887
mem[X,0x0000000080005B10] -> 0x0537
mem[X,0x0000000080005B12] -> 0x0000
[5833] [M]: 0x0000000080005B10 (0x00000537) lui a0, 0x0
x10 <- 0x0000000000000000
mem[X,0x0000000080005B14] -> 0x0513
mem[X,0x0000000080005B16] -> 0x0005
[5834] [M]: 0x0000000080005B14 (0x00050513) addi a0, a0, 0x0
x10 <- 0x0000000000000000
mem[X,0x0000000080005B18] -> 0x1513
mem[X,0x0000000080005B1A] -> 0x00B5
[5835] [M]: 0x0000000080005B18 (0x00B51513) slli a0, a0, 0xb
x10 <- 0x0000000000000000
mem[X,0x0000000080005B1C] -> 0x0513
mem[X,0x0000000080005B1E] -> 0x5A85
[5836] [M]: 0x0000000080005B1C (0x5A850513) addi a0, a0, 0x5a8
x10 <- 0x00000000000005A8
mem[X,0x0000000080005B20] -> 0x1513
mem[X,0x0000000080005B22] -> 0x00B5
[5837] [M]: 0x0000000080005B20 (0x00B51513) slli a0, a0, 0xb
x10 <- 0x00000000002D4000
mem[X,0x0000000080005B24] -> 0x0513
mem[X,0x0000000080005B26] -> 0x13C5
[5838] [M]: 0x0000000080005B24 (0x13C50513) addi a0, a0, 0x13c
x10 <- 0x00000000002D413C
mem[X,0x0000000080005B28] -> 0x1513
mem[X,0x0000000080005B2A] -> 0x00A5
[5839] [M]: 0x0000000080005B28 (0x00A51513) slli a0, a0, 0xa
x10 <- 0x00000000B504F000
mem[X,0x0000000080005B2C] -> 0x0513
mem[X,0x0000000080005B2E] -> 0x3325
[5840] [M]: 0x0000000080005B2C (0x33250513) addi a0, a0, 0x332
x10 <- 0x00000000B504F332
mem[X,0x0000000080005B30] -> 0x0593
mem[X,0x0000000080005B32] -> 0x0060
[5841] [M]: 0x0000000080005B30 (0x00600593) addi a1, zero, 0x6
x11 <- 0x0000000000000006
mem[X,0x0000000080005B34] -> 0x063B
mem[X,0x0000000080005B36] -> 0x40B5
[5842] [M]: 0x0000000080005B34 (0x40B5063B) subw a2, a0, a1
x12 <- 0xFFFFFFFFB504F32C
mem[X,0x0000000080005B38] -> 0xB023
mem[X,0x0000000080005B3A] -> 0x74C2
[5843] [M]: 0x0000000080005B38 (0x74C2B023) sd a2, 0x740(t0)
mem[0x000000008000C0E8] <- 0xFFFFFFFFB504F32C
mem[X,0x0000000080005B3C] -> 0x0537
mem[X,0x0000000080005B3E] -> 0x0000
[5844] [M]: 0x0000000080005B3C (0x00000537) lui a0, 0x0
x10 <- 0x0000000000000000
mem[X,0x0000000080005B40] -> 0x0513
mem[X,0x0000000080005B42] -> 0x0005
[5845] [M]: 0x0000000080005B40 (0x00050513) addi a0, a0, 0x0
x10 <- 0x0000000000000000
mem[X,0x0000000080005B44] -> 0x1513
mem[X,0x0000000080005B46] -> 0x00B5
[5846] [M]: 0x0000000080005B44 (0x00B51513) slli a0, a0, 0xb
x10 <- 0x0000000000000000
mem[X,0x0000000080005B48] -> 0x0513
mem[X,0x0000000080005B4A] -> 0x5A85
[5847] [M]: 0x0000000080005B48 (0x5A850513) addi a0, a0, 0x5a8
x10 <- 0x00000000000005A8
mem[X,0x0000000080005B4C] -> 0x1513
mem[X,0x0000000080005B4E] -> 0x00B5
[5848] [M]: 0x0000000080005B4C (0x00B51513) slli a0, a0, 0xb
x10 <- 0x00000000002D4000
mem[X,0x0000000080005B50] -> 0x0513
mem[X,0x0000000080005B52] -> 0x13C5
[5849] [M]: 0x0000000080005B50 (0x13C50513) addi a0, a0, 0x13c
x10 <- 0x00000000002D413C
mem[X,0x0000000080005B54] -> 0x1513
mem[X,0x0000000080005B56] -> 0x00A5
[5850] [M]: 0x0000000080005B54 (0x00A51513) slli a0, a0, 0xa
x10 <- 0x00000000B504F000
mem[X,0x0000000080005B58] -> 0x0513
mem[X,0x0000000080005B5A] -> 0x3325
[5851] [M]: 0x0000000080005B58 (0x33250513) addi a0, a0, 0x332
x10 <- 0x00000000B504F332
mem[X,0x0000000080005B5C] -> 0x35B7
mem[X,0x0000000080005B5E] -> 0x3333
[5852] [M]: 0x0000000080005B5C (0x333335B7) lui a1, 0x33333
x11 <- 0x0000000033333000
mem[X,0x0000000080005B60] -> 0x8593
mem[X,0x0000000080005B62] -> 0x3335
[5853] [M]: 0x0000000080005B60 (0x33358593) addi a1, a1, 0x333
x11 <- 0x0000000033333333
mem[X,0x0000000080005B64] -> 0x9593
mem[X,0x0000000080005B66] -> 0x00B5
[5854] [M]: 0x0000000080005B64 (0x00B59593) slli a1, a1, 0xb
x11 <- 0x0000019999999800
mem[X,0x0000000080005B68] -> 0x8593
mem[X,0x0000000080005B6A] -> 0x1995
[5855] [M]: 0x0000000080005B68 (0x19958593) addi a1, a1, 0x199
x11 <- 0x0000019999999999
mem[X,0x0000000080005B6C] -> 0x9593
mem[X,0x0000000080005B6E] -> 0x00B5
[5856] [M]: 0x0000000080005B6C (0x00B59593) slli a1, a1, 0xb
x11 <- 0x000CCCCCCCCCC800
mem[X,0x0000000080005B70] -> 0x8593
mem[X,0x0000000080005B72] -> 0x4CC5
[5857] [M]: 0x0000000080005B70 (0x4CC58593) addi a1, a1, 0x4cc
x11 <- 0x000CCCCCCCCCCCCC
mem[X,0x0000000080005B74] -> 0x9593
mem[X,0x0000000080005B76] -> 0x00A5
[5858] [M]: 0x0000000080005B74 (0x00A59593) slli a1, a1, 0xa
x11 <- 0x3333333333333000
mem[X,0x0000000080005B78] -> 0x8593
mem[X,0x0000000080005B7A] -> 0x3345
[5859] [M]: 0x0000000080005B78 (0x33458593) addi a1, a1, 0x334
x11 <- 0x3333333333333334
mem[X,0x0000000080005B7C] -> 0x063B
mem[X,0x0000000080005B7E] -> 0x40B5
[5860] [M]: 0x0000000080005B7C (0x40B5063B) subw a2, a0, a1
x12 <- 0xFFFFFFFF81D1BFFE
mem[X,0x0000000080005B80] -> 0xB423
mem[X,0x0000000080005B82] -> 0x74C2
[5861] [M]: 0x0000000080005B80 (0x74C2B423) sd a2, 0x748(t0)
mem[0x000000008000C0F0] <- 0xFFFFFFFF81D1BFFE
mem[X,0x0000000080005B84] -> 0x0537
mem[X,0x0000000080005B86] -> 0x0000
[5862] [M]: 0x0000000080005B84 (0x00000537) lui a0, 0x0
x10 <- 0x0000000000000000
mem[X,0x0000000080005B88] -> 0x0513
mem[X,0x0000000080005B8A] -> 0x0005
[5863] [M]: 0x0000000080005B88 (0x00050513) addi a0, a0, 0x0
x10 <- 0x0000000000000000
mem[X,0x0000000080005B8C] -> 0x1513
mem[X,0x0000000080005B8E] -> 0x00B5
[5864] [M]: 0x0000000080005B8C (0x00B51513) slli a0, a0, 0xb
x10 <- 0x0000000000000000
mem[X,0x0000000080005B90] -> 0x0513
mem[X,0x0000000080005B92] -> 0x5A85
[5865] [M]: 0x0000000080005B90 (0x5A850513) addi a0, a0, 0x5a8
x10 <- 0x00000000000005A8
mem[X,0x0000000080005B94] -> 0x1513
mem[X,0x0000000080005B96] -> 0x00B5
[5866] [M]: 0x0000000080005B94 (0x00B51513) slli a0, a0, 0xb
x10 <- 0x00000000002D4000
mem[X,0x0000000080005B98] -> 0x0513
mem[X,0x0000000080005B9A] -> 0x13C5
[5867] [M]: 0x0000000080005B98 (0x13C50513) addi a0, a0, 0x13c
x10 <- 0x00000000002D413C
mem[X,0x0000000080005B9C] -> 0x1513
mem[X,0x0000000080005B9E] -> 0x00A5
[5868] [M]: 0x0000000080005B9C (0x00A51513) slli a0, a0, 0xa
x10 <- 0x00000000B504F000
mem[X,0x0000000080005BA0] -> 0x0513
mem[X,0x0000000080005BA2] -> 0x3325
[5869] [M]: 0x0000000080005BA0 (0x33250513) addi a0, a0, 0x332
x10 <- 0x00000000B504F332
mem[X,0x0000000080005BA4] -> 0x65B7
mem[X,0x0000000080005BA6] -> 0x6666
[5870] [M]: 0x0000000080005BA4 (0x666665B7) lui a1, 0x66666
x11 <- 0x0000000066666000
mem[X,0x0000000080005BA8] -> 0x8593
mem[X,0x0000000080005BAA] -> 0x6665
[5871] [M]: 0x0000000080005BA8 (0x66658593) addi a1, a1, 0x666
x11 <- 0x0000000066666666
mem[X,0x0000000080005BAC] -> 0x9593
mem[X,0x0000000080005BAE] -> 0x00B5
[5872] [M]: 0x0000000080005BAC (0x00B59593) slli a1, a1, 0xb
x11 <- 0x0000033333333000
mem[X,0x0000000080005BB0] -> 0x8593
mem[X,0x0000000080005BB2] -> 0x3335
[5873] [M]: 0x0000000080005BB0 (0x33358593) addi a1, a1, 0x333
x11 <- 0x0000033333333333
mem[X,0x0000000080005BB4] -> 0x9593
mem[X,0x0000000080005BB6] -> 0x00B5
[5874] [M]: 0x0000000080005BB4 (0x00B59593) slli a1, a1, 0xb
x11 <- 0x0019999999999800
mem[X,0x0000000080005BB8] -> 0x8593
mem[X,0x0000000080005BBA] -> 0x1995
[5875] [M]: 0x0000000080005BB8 (0x19958593) addi a1, a1, 0x199
x11 <- 0x0019999999999999
mem[X,0x0000000080005BBC] -> 0x9593
mem[X,0x0000000080005BBE] -> 0x00A5
[5876] [M]: 0x0000000080005BBC (0x00A59593) slli a1, a1, 0xa
x11 <- 0x6666666666666400
mem[X,0x0000000080005BC0] -> 0x8593
mem[X,0x0000000080005BC2] -> 0x2675
[5877] [M]: 0x0000000080005BC0 (0x26758593) addi a1, a1, 0x267
x11 <- 0x6666666666666667
mem[X,0x0000000080005BC4] -> 0x063B
mem[X,0x0000000080005BC6] -> 0x40B5
[5878] [M]: 0x0000000080005BC4 (0x40B5063B) subw a2, a0, a1
x12 <- 0x000000004E9E8CCB
mem[X,0x0000000080005BC8] -> 0xB823
mem[X,0x0000000080005BCA] -> 0x74C2
[5879] [M]: 0x0000000080005BC8 (0x74C2B823) sd a2, 0x750(t0)
mem[0x000000008000C0F8] <- 0x000000004E9E8CCB
mem[X,0x0000000080005BCC] -> 0x0537
mem[X,0x0000000080005BCE] -> 0x0000
[5880] [M]: 0x0000000080005BCC (0x00000537) lui a0, 0x0
x10 <- 0x0000000000000000
mem[X,0x0000000080005BD0] -> 0x0513
mem[X,0x0000000080005BD2] -> 0x0005
[5881] [M]: 0x0000000080005BD0 (0x00050513) addi a0, a0, 0x0
x10 <- 0x0000000000000000
mem[X,0x0000000080005BD4] -> 0x1513
mem[X,0x0000000080005BD6] -> 0x00B5
[5882] [M]: 0x0000000080005BD4 (0x00B51513) slli a0, a0, 0xb
x10 <- 0x0000000000000000
mem[X,0x0000000080005BD8] -> 0x0513
mem[X,0x0000000080005BDA] -> 0x5A85
[5883] [M]: 0x0000000080005BD8 (0x5A850513) addi a0, a0, 0x5a8
x10 <- 0x00000000000005A8
mem[X,0x0000000080005BDC] -> 0x1513
mem[X,0x0000000080005BDE] -> 0x00B5
[5884] [M]: 0x0000000080005BDC (0x00B51513) slli a0, a0, 0xb
x10 <- 0x00000000002D4000
mem[X,0x0000000080005BE0] -> 0x0513
mem[X,0x0000000080005BE2] -> 0x13C5
[5885] [M]: 0x0000000080005BE0 (0x13C50513) addi a0, a0, 0x13c
x10 <- 0x00000000002D413C
mem[X,0x0000000080005BE4] -> 0x1513
mem[X,0x0000000080005BE6] -> 0x00A5
[5886] [M]: 0x0000000080005BE4 (0x00A51513) slli a0, a0, 0xa
x10 <- 0x00000000B504F000
mem[X,0x0000000080005BE8] -> 0x0513
mem[X,0x0000000080005BEA] -> 0x3325
[5887] [M]: 0x0000000080005BE8 (0x33250513) addi a0, a0, 0x332
x10 <- 0x00000000B504F332
mem[X,0x0000000080005BEC] -> 0x05B7
mem[X,0x0000000080005BEE] -> 0x0000
[5888] [M]: 0x0000000080005BEC (0x000005B7) lui a1, 0x0
x11 <- 0x0000000000000000
mem[X,0x0000000080005BF0] -> 0x8593
mem[X,0x0000000080005BF2] -> 0xFFF5
[5889] [M]: 0x0000000080005BF0 (0xFFF58593) addi a1, a1, -0x1
x11 <- 0xFFFFFFFFFFFFFFFF
mem[X,0x0000000080005BF4] -> 0x9593
mem[X,0x0000000080005BF6] -> 0x00B5
[5890] [M]: 0x0000000080005BF4 (0x00B59593) slli a1, a1, 0xb
x11 <- 0xFFFFFFFFFFFFF800
mem[X,0x0000000080005BF8] -> 0x8593
mem[X,0x0000000080005BFA] -> 0x2575
[5891] [M]: 0x0000000080005BF8 (0x25758593) addi a1, a1, 0x257
x11 <- 0xFFFFFFFFFFFFFA57
mem[X,0x0000000080005BFC] -> 0x9593
mem[X,0x0000000080005BFE] -> 0x00B5
[5892] [M]: 0x0000000080005BFC (0x00B59593) slli a1, a1, 0xb
x11 <- 0xFFFFFFFFFFD2B800
mem[X,0x0000000080005C00] -> 0x8593
mem[X,0x0000000080005C02] -> 0x6C35
[5893] [M]: 0x0000000080005C00 (0x6C358593) addi a1, a1, 0x6c3
x11 <- 0xFFFFFFFFFFD2BEC3
mem[X,0x0000000080005C04] -> 0x9593
mem[X,0x0000000080005C06] -> 0x00A5
[5894] [M]: 0x0000000080005C04 (0x00A59593) slli a1, a1, 0xa
x11 <- 0xFFFFFFFF4AFB0C00
mem[X,0x0000000080005C08] -> 0x8593
mem[X,0x0000000080005C0A] -> 0x0CE5
[5895] [M]: 0x0000000080005C08 (0x0CE58593) addi a1, a1, 0xce
x11 <- 0xFFFFFFFF4AFB0CCE
mem[X,0x0000000080005C0C] -> 0x063B
mem[X,0x0000000080005C0E] -> 0x40B5
[5896] [M]: 0x0000000080005C0C (0x40B5063B) subw a2, a0, a1
x12 <- 0x000000006A09E664
mem[X,0x0000000080005C10] -> 0xBC23
mem[X,0x0000000080005C12] -> 0x74C2
[5897] [M]: 0x0000000080005C10 (0x74C2BC23) sd a2, 0x758(t0)
mem[0x000000008000C100] <- 0x000000006A09E664
mem[X,0x0000000080005C14] -> 0x0537
mem[X,0x0000000080005C16] -> 0x0000
[5898] [M]: 0x0000000080005C14 (0x00000537) lui a0, 0x0
x10 <- 0x0000000000000000
mem[X,0x0000000080005C18] -> 0x0513
mem[X,0x0000000080005C1A] -> 0x0005
[5899] [M]: 0x0000000080005C18 (0x00050513) addi a0, a0, 0x0
x10 <- 0x0000000000000000
clint::tick mtime <- 0x000000000000003B
 clint timer pending at mtime 0x000000000000003B
htif::tick 0x0000000000000000
mem[X,0x0000000080005C1C] -> 0x1513
mem[X,0x0000000080005C1E] -> 0x00B5
[5900] [M]: 0x0000000080005C1C (0x00B51513) slli a0, a0, 0xb
x10 <- 0x0000000000000000
mem[X,0x0000000080005C20] -> 0x0513
mem[X,0x0000000080005C22] -> 0x5A85
[5901] [M]: 0x0000000080005C20 (0x5A850513) addi a0, a0, 0x5a8
x10 <- 0x00000000000005A8
mem[X,0x0000000080005C24] -> 0x1513
mem[X,0x0000000080005C26] -> 0x00B5
[5902] [M]: 0x0000000080005C24 (0x00B51513) slli a0, a0, 0xb
x10 <- 0x00000000002D4000
mem[X,0x0000000080005C28] -> 0x0513
mem[X,0x0000000080005C2A] -> 0x13C5
[5903] [M]: 0x0000000080005C28 (0x13C50513) addi a0, a0, 0x13c
x10 <- 0x00000000002D413C
mem[X,0x0000000080005C2C] -> 0x1513
mem[X,0x0000000080005C2E] -> 0x00A5
[5904] [M]: 0x0000000080005C2C (0x00A51513) slli a0, a0, 0xa
x10 <- 0x00000000B504F000
mem[X,0x0000000080005C30] -> 0x0513
mem[X,0x0000000080005C32] -> 0x3325
[5905] [M]: 0x0000000080005C30 (0x33250513) addi a0, a0, 0x332
x10 <- 0x00000000B504F332
mem[X,0x0000000080005C34] -> 0x05B7
mem[X,0x0000000080005C36] -> 0x0000
[5906] [M]: 0x0000000080005C34 (0x000005B7) lui a1, 0x0
x11 <- 0x0000000000000000
mem[X,0x0000000080005C38] -> 0x8593
mem[X,0x0000000080005C3A] -> 0x0005
[5907] [M]: 0x0000000080005C38 (0x00058593) addi a1, a1, 0x0
x11 <- 0x0000000000000000
mem[X,0x0000000080005C3C] -> 0x9593
mem[X,0x0000000080005C3E] -> 0x00B5
[5908] [M]: 0x0000000080005C3C (0x00B59593) slli a1, a1, 0xb
x11 <- 0x0000000000000000
mem[X,0x0000000080005C40] -> 0x8593
mem[X,0x0000000080005C42] -> 0x5A85
[5909] [M]: 0x0000000080005C40 (0x5A858593) addi a1, a1, 0x5a8
x11 <- 0x00000000000005A8
mem[X,0x0000000080005C44] -> 0x9593
mem[X,0x0000000080005C46] -> 0x00B5
[5910] [M]: 0x0000000080005C44 (0x00B59593) slli a1, a1, 0xb
x11 <- 0x00000000002D4000
mem[X,0x0000000080005C48] -> 0x8593
mem[X,0x0000000080005C4A] -> 0x13C5
[5911] [M]: 0x0000000080005C48 (0x13C58593) addi a1, a1, 0x13c
x11 <- 0x00000000002D413C
mem[X,0x0000000080005C4C] -> 0x9593
mem[X,0x0000000080005C4E] -> 0x00A5
[5912] [M]: 0x0000000080005C4C (0x00A59593) slli a1, a1, 0xa
x11 <- 0x00000000B504F000
mem[X,0x0000000080005C50] -> 0x8593
mem[X,0x0000000080005C52] -> 0x3345
[5913] [M]: 0x0000000080005C50 (0x33458593) addi a1, a1, 0x334
x11 <- 0x00000000B504F334
mem[X,0x0000000080005C54] -> 0x063B
mem[X,0x0000000080005C56] -> 0x40B5
[5914] [M]: 0x0000000080005C54 (0x40B5063B) subw a2, a0, a1
x12 <- 0xFFFFFFFFFFFFFFFE
mem[X,0x0000000080005C58] -> 0xB023
mem[X,0x0000000080005C5A] -> 0x76C2
[5915] [M]: 0x0000000080005C58 (0x76C2B023) sd a2, 0x760(t0)
mem[0x000000008000C108] <- 0xFFFFFFFFFFFFFFFE
mem[X,0x0000000080005C5C] -> 0x5537
mem[X,0x0000000080005C5E] -> 0x5555
[5916] [M]: 0x0000000080005C5C (0x55555537) lui a0, 0x55555
x10 <- 0x0000000055555000
mem[X,0x0000000080005C60] -> 0x0513
mem[X,0x0000000080005C62] -> 0x5555
[5917] [M]: 0x0000000080005C60 (0x55550513) addi a0, a0, 0x555
x10 <- 0x0000000055555555
mem[X,0x0000000080005C64] -> 0x1513
mem[X,0x0000000080005C66] -> 0x00B5
[5918] [M]: 0x0000000080005C64 (0x00B51513) slli a0, a0, 0xb
x10 <- 0x000002AAAAAAA800
mem[X,0x0000000080005C68] -> 0x0513
mem[X,0x0000000080005C6A] -> 0x2AA5
[5919] [M]: 0x0000000080005C68 (0x2AA50513) addi a0, a0, 0x2aa
x10 <- 0x000002AAAAAAAAAA
mem[X,0x0000000080005C6C] -> 0x1513
mem[X,0x0000000080005C6E] -> 0x00B5
[5920] [M]: 0x0000000080005C6C (0x00B51513) slli a0, a0, 0xb
x10 <- 0x0015555555555000
mem[X,0x0000000080005C70] -> 0x0513
mem[X,0x0000000080005C72] -> 0x5555
[5921] [M]: 0x0000000080005C70 (0x55550513) addi a0, a0, 0x555
x10 <- 0x0015555555555555
mem[X,0x0000000080005C74] -> 0x1513
mem[X,0x0000000080005C76] -> 0x00A5
[5922] [M]: 0x0000000080005C74 (0x00A51513) slli a0, a0, 0xa
x10 <- 0x5555555555555400
mem[X,0x0000000080005C78] -> 0x0513
mem[X,0x0000000080005C7A] -> 0x1565
[5923] [M]: 0x0000000080005C78 (0x15650513) addi a0, a0, 0x156
x10 <- 0x5555555555555556
mem[X,0x0000000080005C7C] -> 0x0593
mem[X,0x0000000080005C7E] -> 0x0030
[5924] [M]: 0x0000000080005C7C (0x00300593) addi a1, zero, 0x3
x11 <- 0x0000000000000003
mem[X,0x0000000080005C80] -> 0x063B
mem[X,0x0000000080005C82] -> 0x40B5
[5925] [M]: 0x0000000080005C80 (0x40B5063B) subw a2, a0, a1
x12 <- 0x0000000055555553
mem[X,0x0000000080005C84] -> 0xB423
mem[X,0x0000000080005C86] -> 0x76C2
[5926] [M]: 0x0000000080005C84 (0x76C2B423) sd a2, 0x768(t0)
mem[0x000000008000C110] <- 0x0000000055555553
mem[X,0x0000000080005C88] -> 0x5537
mem[X,0x0000000080005C8A] -> 0x5555
[5927] [M]: 0x0000000080005C88 (0x55555537) lui a0, 0x55555
x10 <- 0x0000000055555000
mem[X,0x0000000080005C8C] -> 0x0513
mem[X,0x0000000080005C8E] -> 0x5555
[5928] [M]: 0x0000000080005C8C (0x55550513) addi a0, a0, 0x555
x10 <- 0x0000000055555555
mem[X,0x0000000080005C90] -> 0x1513
mem[X,0x0000000080005C92] -> 0x00B5
[5929] [M]: 0x0000000080005C90 (0x00B51513) slli a0, a0, 0xb
x10 <- 0x000002AAAAAAA800
mem[X,0x0000000080005C94] -> 0x0513
mem[X,0x0000000080005C96] -> 0x2AA5
[5930] [M]: 0x0000000080005C94 (0x2AA50513) addi a0, a0, 0x2aa
x10 <- 0x000002AAAAAAAAAA
mem[X,0x0000000080005C98] -> 0x1513
mem[X,0x0000000080005C9A] -> 0x00B5
[5931] [M]: 0x0000000080005C98 (0x00B51513) slli a0, a0, 0xb
x10 <- 0x0015555555555000
mem[X,0x0000000080005C9C] -> 0x0513
mem[X,0x0000000080005C9E] -> 0x5555
[5932] [M]: 0x0000000080005C9C (0x55550513) addi a0, a0, 0x555
x10 <- 0x0015555555555555
mem[X,0x0000000080005CA0] -> 0x1513
mem[X,0x0000000080005CA2] -> 0x00A5
[5933] [M]: 0x0000000080005CA0 (0x00A51513) slli a0, a0, 0xa
x10 <- 0x5555555555555400
mem[X,0x0000000080005CA4] -> 0x0513
mem[X,0x0000000080005CA6] -> 0x1565
[5934] [M]: 0x0000000080005CA4 (0x15650513) addi a0, a0, 0x156
x10 <- 0x5555555555555556
mem[X,0x0000000080005CA8] -> 0x55B7
mem[X,0x0000000080005CAA] -> 0x5555
[5935] [M]: 0x0000000080005CA8 (0x555555B7) lui a1, 0x55555
x11 <- 0x0000000055555000
mem[X,0x0000000080005CAC] -> 0x8593
mem[X,0x0000000080005CAE] -> 0x5555
[5936] [M]: 0x0000000080005CAC (0x55558593) addi a1, a1, 0x555
x11 <- 0x0000000055555555
mem[X,0x0000000080005CB0] -> 0x9593
mem[X,0x0000000080005CB2] -> 0x00B5
[5937] [M]: 0x0000000080005CB0 (0x00B59593) slli a1, a1, 0xb
x11 <- 0x000002AAAAAAA800
mem[X,0x0000000080005CB4] -> 0x8593
mem[X,0x0000000080005CB6] -> 0x2AA5
[5938] [M]: 0x0000000080005CB4 (0x2AA58593) addi a1, a1, 0x2aa
x11 <- 0x000002AAAAAAAAAA
mem[X,0x0000000080005CB8] -> 0x9593
mem[X,0x0000000080005CBA] -> 0x00B5
[5939] [M]: 0x0000000080005CB8 (0x00B59593) slli a1, a1, 0xb
x11 <- 0x0015555555555000
mem[X,0x0000000080005CBC] -> 0x8593
mem[X,0x0000000080005CBE] -> 0x5555
[5940] [M]: 0x0000000080005CBC (0x55558593) addi a1, a1, 0x555
x11 <- 0x0015555555555555
mem[X,0x0000000080005CC0] -> 0x9593
mem[X,0x0000000080005CC2] -> 0x00A5
[5941] [M]: 0x0000000080005CC0 (0x00A59593) slli a1, a1, 0xa
x11 <- 0x5555555555555400
mem[X,0x0000000080005CC4] -> 0x8593
mem[X,0x0000000080005CC6] -> 0x1555
[5942] [M]: 0x0000000080005CC4 (0x15558593) addi a1, a1, 0x155
x11 <- 0x5555555555555555
mem[X,0x0000000080005CC8] -> 0x063B
mem[X,0x0000000080005CCA] -> 0x40B5
[5943] [M]: 0x0000000080005CC8 (0x40B5063B) subw a2, a0, a1
x12 <- 0x0000000000000001
mem[X,0x0000000080005CCC] -> 0xB823
mem[X,0x0000000080005CCE] -> 0x76C2
[5944] [M]: 0x0000000080005CCC (0x76C2B823) sd a2, 0x770(t0)
mem[0x000000008000C118] <- 0x0000000000000001
mem[X,0x0000000080005CD0] -> 0x5537
mem[X,0x0000000080005CD2] -> 0x5555
[5945] [M]: 0x0000000080005CD0 (0x55555537) lui a0, 0x55555
x10 <- 0x0000000055555000
mem[X,0x0000000080005CD4] -> 0x0513
mem[X,0x0000000080005CD6] -> 0x5555
[5946] [M]: 0x0000000080005CD4 (0x55550513) addi a0, a0, 0x555
x10 <- 0x0000000055555555
mem[X,0x0000000080005CD8] -> 0x1513
mem[X,0x0000000080005CDA] -> 0x00B5
[5947] [M]: 0x0000000080005CD8 (0x00B51513) slli a0, a0, 0xb
x10 <- 0x000002AAAAAAA800
mem[X,0x0000000080005CDC] -> 0x0513
mem[X,0x0000000080005CDE] -> 0x2AA5
[5948] [M]: 0x0000000080005CDC (0x2AA50513) addi a0, a0, 0x2aa
x10 <- 0x000002AAAAAAAAAA
mem[X,0x0000000080005CE0] -> 0x1513
mem[X,0x0000000080005CE2] -> 0x00B5
[5949] [M]: 0x0000000080005CE0 (0x00B51513) slli a0, a0, 0xb
x10 <- 0x0015555555555000
mem[X,0x0000000080005CE4] -> 0x0513
mem[X,0x0000000080005CE6] -> 0x5555
[5950] [M]: 0x0000000080005CE4 (0x55550513) addi a0, a0, 0x555
x10 <- 0x0015555555555555
mem[X,0x0000000080005CE8] -> 0x1513
mem[X,0x0000000080005CEA] -> 0x00A5
[5951] [M]: 0x0000000080005CE8 (0x00A51513) slli a0, a0, 0xa
x10 <- 0x5555555555555400
mem[X,0x0000000080005CEC] -> 0x0513
mem[X,0x0000000080005CEE] -> 0x1565
[5952] [M]: 0x0000000080005CEC (0x15650513) addi a0, a0, 0x156
x10 <- 0x5555555555555556
mem[X,0x0000000080005CF0] -> 0xB5B7
mem[X,0x0000000080005CF2] -> 0xAAAA
[5953] [M]: 0x0000000080005CF0 (0xAAAAB5B7) lui a1, -0x55555
x11 <- 0xFFFFFFFFAAAAB000
mem[X,0x0000000080005CF4] -> 0x8593
mem[X,0x0000000080005CF6] -> 0xAAA5
[5954] [M]: 0x0000000080005CF4 (0xAAA58593) addi a1, a1, -0x556
x11 <- 0xFFFFFFFFAAAAAAAA
mem[X,0x0000000080005CF8] -> 0x9593
mem[X,0x0000000080005CFA] -> 0x00B5
[5955] [M]: 0x0000000080005CF8 (0x00B59593) slli a1, a1, 0xb
x11 <- 0xFFFFFD5555555000
mem[X,0x0000000080005CFC] -> 0x8593
mem[X,0x0000000080005CFE] -> 0x5555
[5956] [M]: 0x0000000080005CFC (0x55558593) addi a1, a1, 0x555
x11 <- 0xFFFFFD5555555555
mem[X,0x0000000080005D00] -> 0x9593
mem[X,0x0000000080005D02] -> 0x00B5
[5957] [M]: 0x0000000080005D00 (0x00B59593) slli a1, a1, 0xb
x11 <- 0xFFEAAAAAAAAAA800
mem[X,0x0000000080005D04] -> 0x8593
mem[X,0x0000000080005D06] -> 0x2AA5
[5958] [M]: 0x0000000080005D04 (0x2AA58593) addi a1, a1, 0x2aa
x11 <- 0xFFEAAAAAAAAAAAAA
mem[X,0x0000000080005D08] -> 0x9593
mem[X,0x0000000080005D0A] -> 0x00A5
[5959] [M]: 0x0000000080005D08 (0x00A59593) slli a1, a1, 0xa
x11 <- 0xAAAAAAAAAAAAA800
mem[X,0x0000000080005D0C] -> 0x8593
mem[X,0x0000000080005D0E] -> 0x2AA5
[5960] [M]: 0x0000000080005D0C (0x2AA58593) addi a1, a1, 0x2aa
x11 <- 0xAAAAAAAAAAAAAAAA
mem[X,0x0000000080005D10] -> 0x063B
mem[X,0x0000000080005D12] -> 0x40B5
[5961] [M]: 0x0000000080005D10 (0x40B5063B) subw a2, a0, a1
x12 <- 0xFFFFFFFFAAAAAAAC
mem[X,0x0000000080005D14] -> 0xBC23
mem[X,0x0000000080005D16] -> 0x76C2
[5962] [M]: 0x0000000080005D14 (0x76C2BC23) sd a2, 0x778(t0)
mem[0x000000008000C120] <- 0xFFFFFFFFAAAAAAAC
mem[X,0x0000000080005D18] -> 0x5537
mem[X,0x0000000080005D1A] -> 0x5555
[5963] [M]: 0x0000000080005D18 (0x55555537) lui a0, 0x55555
x10 <- 0x0000000055555000
mem[X,0x0000000080005D1C] -> 0x0513
mem[X,0x0000000080005D1E] -> 0x5555
[5964] [M]: 0x0000000080005D1C (0x55550513) addi a0, a0, 0x555
x10 <- 0x0000000055555555
mem[X,0x0000000080005D20] -> 0x1513
mem[X,0x0000000080005D22] -> 0x00B5
[5965] [M]: 0x0000000080005D20 (0x00B51513) slli a0, a0, 0xb
x10 <- 0x000002AAAAAAA800
mem[X,0x0000000080005D24] -> 0x0513
mem[X,0x0000000080005D26] -> 0x2AA5
[5966] [M]: 0x0000000080005D24 (0x2AA50513) addi a0, a0, 0x2aa
x10 <- 0x000002AAAAAAAAAA
mem[X,0x0000000080005D28] -> 0x1513
mem[X,0x0000000080005D2A] -> 0x00B5
[5967] [M]: 0x0000000080005D28 (0x00B51513) slli a0, a0, 0xb
x10 <- 0x0015555555555000
mem[X,0x0000000080005D2C] -> 0x0513
mem[X,0x0000000080005D2E] -> 0x5555
[5968] [M]: 0x0000000080005D2C (0x55550513) addi a0, a0, 0x555
x10 <- 0x0015555555555555
mem[X,0x0000000080005D30] -> 0x1513
mem[X,0x0000000080005D32] -> 0x00A5
[5969] [M]: 0x0000000080005D30 (0x00A51513) slli a0, a0, 0xa
x10 <- 0x5555555555555400
mem[X,0x0000000080005D34] -> 0x0513
mem[X,0x0000000080005D36] -> 0x1565
[5970] [M]: 0x0000000080005D34 (0x15650513) addi a0, a0, 0x156
x10 <- 0x5555555555555556
mem[X,0x0000000080005D38] -> 0x0593
mem[X,0x0000000080005D3A] -> 0x0050
[5971] [M]: 0x0000000080005D38 (0x00500593) addi a1, zero, 0x5
x11 <- 0x0000000000000005
mem[X,0x0000000080005D3C] -> 0x063B
mem[X,0x0000000080005D3E] -> 0x40B5
[5972] [M]: 0x0000000080005D3C (0x40B5063B) subw a2, a0, a1
x12 <- 0x0000000055555551
mem[X,0x0000000080005D40] -> 0xB023
mem[X,0x0000000080005D42] -> 0x78C2
[5973] [M]: 0x0000000080005D40 (0x78C2B023) sd a2, 0x780(t0)
mem[0x000000008000C128] <- 0x0000000055555551
mem[X,0x0000000080005D44] -> 0x5537
mem[X,0x0000000080005D46] -> 0x5555
[5974] [M]: 0x0000000080005D44 (0x55555537) lui a0, 0x55555
x10 <- 0x0000000055555000
mem[X,0x0000000080005D48] -> 0x0513
mem[X,0x0000000080005D4A] -> 0x5555
[5975] [M]: 0x0000000080005D48 (0x55550513) addi a0, a0, 0x555
x10 <- 0x0000000055555555
mem[X,0x0000000080005D4C] -> 0x1513
mem[X,0x0000000080005D4E] -> 0x00B5
[5976] [M]: 0x0000000080005D4C (0x00B51513) slli a0, a0, 0xb
x10 <- 0x000002AAAAAAA800
mem[X,0x0000000080005D50] -> 0x0513
mem[X,0x0000000080005D52] -> 0x2AA5
[5977] [M]: 0x0000000080005D50 (0x2AA50513) addi a0, a0, 0x2aa
x10 <- 0x000002AAAAAAAAAA
mem[X,0x0000000080005D54] -> 0x1513
mem[X,0x0000000080005D56] -> 0x00B5
[5978] [M]: 0x0000000080005D54 (0x00B51513) slli a0, a0, 0xb
x10 <- 0x0015555555555000
mem[X,0x0000000080005D58] -> 0x0513
mem[X,0x0000000080005D5A] -> 0x5555
[5979] [M]: 0x0000000080005D58 (0x55550513) addi a0, a0, 0x555
x10 <- 0x0015555555555555
mem[X,0x0000000080005D5C] -> 0x1513
mem[X,0x0000000080005D5E] -> 0x00A5
[5980] [M]: 0x0000000080005D5C (0x00A51513) slli a0, a0, 0xa
x10 <- 0x5555555555555400
mem[X,0x0000000080005D60] -> 0x0513
mem[X,0x0000000080005D62] -> 0x1565
[5981] [M]: 0x0000000080005D60 (0x15650513) addi a0, a0, 0x156
x10 <- 0x5555555555555556
mem[X,0x0000000080005D64] -> 0x35B7
mem[X,0x0000000080005D66] -> 0x3333
[5982] [M]: 0x0000000080005D64 (0x333335B7) lui a1, 0x33333
x11 <- 0x0000000033333000
mem[X,0x0000000080005D68] -> 0x8593
mem[X,0x0000000080005D6A] -> 0x3335
[5983] [M]: 0x0000000080005D68 (0x33358593) addi a1, a1, 0x333
x11 <- 0x0000000033333333
mem[X,0x0000000080005D6C] -> 0x9593
mem[X,0x0000000080005D6E] -> 0x00B5
[5984] [M]: 0x0000000080005D6C (0x00B59593) slli a1, a1, 0xb
x11 <- 0x0000019999999800
mem[X,0x0000000080005D70] -> 0x8593
mem[X,0x0000000080005D72] -> 0x1995
[5985] [M]: 0x0000000080005D70 (0x19958593) addi a1, a1, 0x199
x11 <- 0x0000019999999999
mem[X,0x0000000080005D74] -> 0x9593
mem[X,0x0000000080005D76] -> 0x00B5
[5986] [M]: 0x0000000080005D74 (0x00B59593) slli a1, a1, 0xb
x11 <- 0x000CCCCCCCCCC800
mem[X,0x0000000080005D78] -> 0x8593
mem[X,0x0000000080005D7A] -> 0x4CC5
[5987] [M]: 0x0000000080005D78 (0x4CC58593) addi a1, a1, 0x4cc
x11 <- 0x000CCCCCCCCCCCCC
mem[X,0x0000000080005D7C] -> 0x9593
mem[X,0x0000000080005D7E] -> 0x00A5
[5988] [M]: 0x0000000080005D7C (0x00A59593) slli a1, a1, 0xa
x11 <- 0x3333333333333000
mem[X,0x0000000080005D80] -> 0x8593
mem[X,0x0000000080005D82] -> 0x3335
[5989] [M]: 0x0000000080005D80 (0x33358593) addi a1, a1, 0x333
x11 <- 0x3333333333333333
mem[X,0x0000000080005D84] -> 0x063B
mem[X,0x0000000080005D86] -> 0x40B5
[5990] [M]: 0x0000000080005D84 (0x40B5063B) subw a2, a0, a1
x12 <- 0x0000000022222223
mem[X,0x0000000080005D88] -> 0xB423
mem[X,0x0000000080005D8A] -> 0x78C2
[5991] [M]: 0x0000000080005D88 (0x78C2B423) sd a2, 0x788(t0)
mem[0x000000008000C130] <- 0x0000000022222223
mem[X,0x0000000080005D8C] -> 0x5537
mem[X,0x0000000080005D8E] -> 0x5555
[5992] [M]: 0x0000000080005D8C (0x55555537) lui a0, 0x55555
x10 <- 0x0000000055555000
mem[X,0x0000000080005D90] -> 0x0513
mem[X,0x0000000080005D92] -> 0x5555
[5993] [M]: 0x0000000080005D90 (0x55550513) addi a0, a0, 0x555
x10 <- 0x0000000055555555
mem[X,0x0000000080005D94] -> 0x1513
mem[X,0x0000000080005D96] -> 0x00B5
[5994] [M]: 0x0000000080005D94 (0x00B51513) slli a0, a0, 0xb
x10 <- 0x000002AAAAAAA800
mem[X,0x0000000080005D98] -> 0x0513
mem[X,0x0000000080005D9A] -> 0x2AA5
[5995] [M]: 0x0000000080005D98 (0x2AA50513) addi a0, a0, 0x2aa
x10 <- 0x000002AAAAAAAAAA
mem[X,0x0000000080005D9C] -> 0x1513
mem[X,0x0000000080005D9E] -> 0x00B5
[5996] [M]: 0x0000000080005D9C (0x00B51513) slli a0, a0, 0xb
x10 <- 0x0015555555555000
mem[X,0x0000000080005DA0] -> 0x0513
mem[X,0x0000000080005DA2] -> 0x5555
[5997] [M]: 0x0000000080005DA0 (0x55550513) addi a0, a0, 0x555
x10 <- 0x0015555555555555
mem[X,0x0000000080005DA4] -> 0x1513
mem[X,0x0000000080005DA6] -> 0x00A5
[5998] [M]: 0x0000000080005DA4 (0x00A51513) slli a0, a0, 0xa
x10 <- 0x5555555555555400
mem[X,0x0000000080005DA8] -> 0x0513
mem[X,0x0000000080005DAA] -> 0x1565
[5999] [M]: 0x0000000080005DA8 (0x15650513) addi a0, a0, 0x156
x10 <- 0x5555555555555556
clint::tick mtime <- 0x000000000000003C
 clint timer pending at mtime 0x000000000000003C
htif::tick 0x0000000000000000
mem[X,0x0000000080005DAC] -> 0x65B7
mem[X,0x0000000080005DAE] -> 0x6666
[6000] [M]: 0x0000000080005DAC (0x666665B7) lui a1, 0x66666
x11 <- 0x0000000066666000
mem[X,0x0000000080005DB0] -> 0x8593
mem[X,0x0000000080005DB2] -> 0x6665
[6001] [M]: 0x0000000080005DB0 (0x66658593) addi a1, a1, 0x666
x11 <- 0x0000000066666666
mem[X,0x0000000080005DB4] -> 0x9593
mem[X,0x0000000080005DB6] -> 0x00B5
[6002] [M]: 0x0000000080005DB4 (0x00B59593) slli a1, a1, 0xb
x11 <- 0x0000033333333000
mem[X,0x0000000080005DB8] -> 0x8593
mem[X,0x0000000080005DBA] -> 0x3335
[6003] [M]: 0x0000000080005DB8 (0x33358593) addi a1, a1, 0x333
x11 <- 0x0000033333333333
mem[X,0x0000000080005DBC] -> 0x9593
mem[X,0x0000000080005DBE] -> 0x00B5
[6004] [M]: 0x0000000080005DBC (0x00B59593) slli a1, a1, 0xb
x11 <- 0x0019999999999800
mem[X,0x0000000080005DC0] -> 0x8593
mem[X,0x0000000080005DC2] -> 0x1995
[6005] [M]: 0x0000000080005DC0 (0x19958593) addi a1, a1, 0x199
x11 <- 0x0019999999999999
mem[X,0x0000000080005DC4] -> 0x9593
mem[X,0x0000000080005DC6] -> 0x00A5
[6006] [M]: 0x0000000080005DC4 (0x00A59593) slli a1, a1, 0xa
x11 <- 0x6666666666666400
mem[X,0x0000000080005DC8] -> 0x8593
mem[X,0x0000000080005DCA] -> 0x2665
[6007] [M]: 0x0000000080005DC8 (0x26658593) addi a1, a1, 0x266
x11 <- 0x6666666666666666
mem[X,0x0000000080005DCC] -> 0x063B
mem[X,0x0000000080005DCE] -> 0x40B5
[6008] [M]: 0x0000000080005DCC (0x40B5063B) subw a2, a0, a1
x12 <- 0xFFFFFFFFEEEEEEF0
mem[X,0x0000000080005DD0] -> 0xB823
mem[X,0x0000000080005DD2] -> 0x78C2
[6009] [M]: 0x0000000080005DD0 (0x78C2B823) sd a2, 0x790(t0)
mem[0x000000008000C138] <- 0xFFFFFFFFEEEEEEF0
mem[X,0x0000000080005DD4] -> 0x5537
mem[X,0x0000000080005DD6] -> 0x5555
[6010] [M]: 0x0000000080005DD4 (0x55555537) lui a0, 0x55555
x10 <- 0x0000000055555000
mem[X,0x0000000080005DD8] -> 0x0513
mem[X,0x0000000080005DDA] -> 0x5555
[6011] [M]: 0x0000000080005DD8 (0x55550513) addi a0, a0, 0x555
x10 <- 0x0000000055555555
mem[X,0x0000000080005DDC] -> 0x1513
mem[X,0x0000000080005DDE] -> 0x00B5
[6012] [M]: 0x0000000080005DDC (0x00B51513) slli a0, a0, 0xb
x10 <- 0x000002AAAAAAA800
mem[X,0x0000000080005DE0] -> 0x0513
mem[X,0x0000000080005DE2] -> 0x2AA5
[6013] [M]: 0x0000000080005DE0 (0x2AA50513) addi a0, a0, 0x2aa
x10 <- 0x000002AAAAAAAAAA
mem[X,0x0000000080005DE4] -> 0x1513
mem[X,0x0000000080005DE6] -> 0x00B5
[6014] [M]: 0x0000000080005DE4 (0x00B51513) slli a0, a0, 0xb
x10 <- 0x0015555555555000
mem[X,0x0000000080005DE8] -> 0x0513
mem[X,0x0000000080005DEA] -> 0x5555
[6015] [M]: 0x0000000080005DE8 (0x55550513) addi a0, a0, 0x555
x10 <- 0x0015555555555555
mem[X,0x0000000080005DEC] -> 0x1513
mem[X,0x0000000080005DEE] -> 0x00A5
[6016] [M]: 0x0000000080005DEC (0x00A51513) slli a0, a0, 0xa
x10 <- 0x5555555555555400
mem[X,0x0000000080005DF0] -> 0x0513
mem[X,0x0000000080005DF2] -> 0x1565
[6017] [M]: 0x0000000080005DF0 (0x15650513) addi a0, a0, 0x156
x10 <- 0x5555555555555556
mem[X,0x0000000080005DF4] -> 0x05B7
mem[X,0x0000000080005DF6] -> 0x0000
[6018] [M]: 0x0000000080005DF4 (0x000005B7) lui a1, 0x0
x11 <- 0x0000000000000000
mem[X,0x0000000080005DF8] -> 0x8593
mem[X,0x0000000080005DFA] -> 0xFFF5
[6019] [M]: 0x0000000080005DF8 (0xFFF58593) addi a1, a1, -0x1
x11 <- 0xFFFFFFFFFFFFFFFF
mem[X,0x0000000080005DFC] -> 0x9593
mem[X,0x0000000080005DFE] -> 0x00B5
[6020] [M]: 0x0000000080005DFC (0x00B59593) slli a1, a1, 0xb
x11 <- 0xFFFFFFFFFFFFF800
mem[X,0x0000000080005E00] -> 0x8593
mem[X,0x0000000080005E02] -> 0x2575
[6021] [M]: 0x0000000080005E00 (0x25758593) addi a1, a1, 0x257
x11 <- 0xFFFFFFFFFFFFFA57
mem[X,0x0000000080005E04] -> 0x9593
mem[X,0x0000000080005E06] -> 0x00B5
[6022] [M]: 0x0000000080005E04 (0x00B59593) slli a1, a1, 0xb
x11 <- 0xFFFFFFFFFFD2B800
mem[X,0x0000000080005E08] -> 0x8593
mem[X,0x0000000080005E0A] -> 0x6C35
[6023] [M]: 0x0000000080005E08 (0x6C358593) addi a1, a1, 0x6c3
x11 <- 0xFFFFFFFFFFD2BEC3
mem[X,0x0000000080005E0C] -> 0x9593
mem[X,0x0000000080005E0E] -> 0x00A5
[6024] [M]: 0x0000000080005E0C (0x00A59593) slli a1, a1, 0xa
x11 <- 0xFFFFFFFF4AFB0C00
mem[X,0x0000000080005E10] -> 0x8593
mem[X,0x0000000080005E12] -> 0x0CD5
[6025] [M]: 0x0000000080005E10 (0x0CD58593) addi a1, a1, 0xcd
x11 <- 0xFFFFFFFF4AFB0CCD
mem[X,0x0000000080005E14] -> 0x063B
mem[X,0x0000000080005E16] -> 0x40B5
[6026] [M]: 0x0000000080005E14 (0x40B5063B) subw a2, a0, a1
x12 <- 0x000000000A5A4889
mem[X,0x0000000080005E18] -> 0xBC23
mem[X,0x0000000080005E1A] -> 0x78C2
[6027] [M]: 0x0000000080005E18 (0x78C2BC23) sd a2, 0x798(t0)
mem[0x000000008000C140] <- 0x000000000A5A4889
mem[X,0x0000000080005E1C] -> 0x5537
mem[X,0x0000000080005E1E] -> 0x5555
[6028] [M]: 0x0000000080005E1C (0x55555537) lui a0, 0x55555
x10 <- 0x0000000055555000
mem[X,0x0000000080005E20] -> 0x0513
mem[X,0x0000000080005E22] -> 0x5555
[6029] [M]: 0x0000000080005E20 (0x55550513) addi a0, a0, 0x555
x10 <- 0x0000000055555555
mem[X,0x0000000080005E24] -> 0x1513
mem[X,0x0000000080005E26] -> 0x00B5
[6030] [M]: 0x0000000080005E24 (0x00B51513) slli a0, a0, 0xb
x10 <- 0x000002AAAAAAA800
mem[X,0x0000000080005E28] -> 0x0513
mem[X,0x0000000080005E2A] -> 0x2AA5
[6031] [M]: 0x0000000080005E28 (0x2AA50513) addi a0, a0, 0x2aa
x10 <- 0x000002AAAAAAAAAA
mem[X,0x0000000080005E2C] -> 0x1513
mem[X,0x0000000080005E2E] -> 0x00B5
[6032] [M]: 0x0000000080005E2C (0x00B51513) slli a0, a0, 0xb
x10 <- 0x0015555555555000
mem[X,0x0000000080005E30] -> 0x0513
mem[X,0x0000000080005E32] -> 0x5555
[6033] [M]: 0x0000000080005E30 (0x55550513) addi a0, a0, 0x555
x10 <- 0x0015555555555555
mem[X,0x0000000080005E34] -> 0x1513
mem[X,0x0000000080005E36] -> 0x00A5
[6034] [M]: 0x0000000080005E34 (0x00A51513) slli a0, a0, 0xa
x10 <- 0x5555555555555400
mem[X,0x0000000080005E38] -> 0x0513
mem[X,0x0000000080005E3A] -> 0x1565
[6035] [M]: 0x0000000080005E38 (0x15650513) addi a0, a0, 0x156
x10 <- 0x5555555555555556
mem[X,0x0000000080005E3C] -> 0x05B7
mem[X,0x0000000080005E3E] -> 0x0000
[6036] [M]: 0x0000000080005E3C (0x000005B7) lui a1, 0x0
x11 <- 0x0000000000000000
mem[X,0x0000000080005E40] -> 0x8593
mem[X,0x0000000080005E42] -> 0x0005
[6037] [M]: 0x0000000080005E40 (0x00058593) addi a1, a1, 0x0
x11 <- 0x0000000000000000
mem[X,0x0000000080005E44] -> 0x9593
mem[X,0x0000000080005E46] -> 0x00B5
[6038] [M]: 0x0000000080005E44 (0x00B59593) slli a1, a1, 0xb
x11 <- 0x0000000000000000
mem[X,0x0000000080005E48] -> 0x8593
mem[X,0x0000000080005E4A] -> 0x5A85
[6039] [M]: 0x0000000080005E48 (0x5A858593) addi a1, a1, 0x5a8
x11 <- 0x00000000000005A8
mem[X,0x0000000080005E4C] -> 0x9593
mem[X,0x0000000080005E4E] -> 0x00B5
[6040] [M]: 0x0000000080005E4C (0x00B59593) slli a1, a1, 0xb
x11 <- 0x00000000002D4000
mem[X,0x0000000080005E50] -> 0x8593
mem[X,0x0000000080005E52] -> 0x13C5
[6041] [M]: 0x0000000080005E50 (0x13C58593) addi a1, a1, 0x13c
x11 <- 0x00000000002D413C
mem[X,0x0000000080005E54] -> 0x9593
mem[X,0x0000000080005E56] -> 0x00A5
[6042] [M]: 0x0000000080005E54 (0x00A59593) slli a1, a1, 0xa
x11 <- 0x00000000B504F000
mem[X,0x0000000080005E58] -> 0x8593
mem[X,0x0000000080005E5A] -> 0x3335
[6043] [M]: 0x0000000080005E58 (0x33358593) addi a1, a1, 0x333
x11 <- 0x00000000B504F333
mem[X,0x0000000080005E5C] -> 0x063B
mem[X,0x0000000080005E5E] -> 0x40B5
[6044] [M]: 0x0000000080005E5C (0x40B5063B) subw a2, a0, a1
x12 <- 0xFFFFFFFFA0506223
mem[X,0x0000000080005E60] -> 0xB023
mem[X,0x0000000080005E62] -> 0x7AC2
[6045] [M]: 0x0000000080005E60 (0x7AC2B023) sd a2, 0x7a0(t0)
mem[0x000000008000C148] <- 0xFFFFFFFFA0506223
mem[X,0x0000000080005E64] -> 0x5537
mem[X,0x0000000080005E66] -> 0x5555
[6046] [M]: 0x0000000080005E64 (0x55555537) lui a0, 0x55555
x10 <- 0x0000000055555000
mem[X,0x0000000080005E68] -> 0x0513
mem[X,0x0000000080005E6A] -> 0x5555
[6047] [M]: 0x0000000080005E68 (0x55550513) addi a0, a0, 0x555
x10 <- 0x0000000055555555
mem[X,0x0000000080005E6C] -> 0x1513
mem[X,0x0000000080005E6E] -> 0x00B5
[6048] [M]: 0x0000000080005E6C (0x00B51513) slli a0, a0, 0xb
x10 <- 0x000002AAAAAAA800
mem[X,0x0000000080005E70] -> 0x0513
mem[X,0x0000000080005E72] -> 0x2AA5
[6049] [M]: 0x0000000080005E70 (0x2AA50513) addi a0, a0, 0x2aa
x10 <- 0x000002AAAAAAAAAA
mem[X,0x0000000080005E74] -> 0x1513
mem[X,0x0000000080005E76] -> 0x00B5
[6050] [M]: 0x0000000080005E74 (0x00B51513) slli a0, a0, 0xb
x10 <- 0x0015555555555000
mem[X,0x0000000080005E78] -> 0x0513
mem[X,0x0000000080005E7A] -> 0x5555
[6051] [M]: 0x0000000080005E78 (0x55550513) addi a0, a0, 0x555
x10 <- 0x0015555555555555
mem[X,0x0000000080005E7C] -> 0x1513
mem[X,0x0000000080005E7E] -> 0x00A5
[6052] [M]: 0x0000000080005E7C (0x00A51513) slli a0, a0, 0xa
x10 <- 0x5555555555555400
mem[X,0x0000000080005E80] -> 0x0513
mem[X,0x0000000080005E82] -> 0x1565
[6053] [M]: 0x0000000080005E80 (0x15650513) addi a0, a0, 0x156
x10 <- 0x5555555555555556
mem[X,0x0000000080005E84] -> 0x0593
mem[X,0x0000000080005E86] -> 0x0020
[6054] [M]: 0x0000000080005E84 (0x00200593) addi a1, zero, 0x2
x11 <- 0x0000000000000002
mem[X,0x0000000080005E88] -> 0x063B
mem[X,0x0000000080005E8A] -> 0x40B5
[6055] [M]: 0x0000000080005E88 (0x40B5063B) subw a2, a0, a1
x12 <- 0x0000000055555554
mem[X,0x0000000080005E8C] -> 0xB423
mem[X,0x0000000080005E8E] -> 0x7AC2
[6056] [M]: 0x0000000080005E8C (0x7AC2B423) sd a2, 0x7a8(t0)
mem[0x000000008000C150] <- 0x0000000055555554
mem[X,0x0000000080005E90] -> 0x5537
mem[X,0x0000000080005E92] -> 0x5555
[6057] [M]: 0x0000000080005E90 (0x55555537) lui a0, 0x55555
x10 <- 0x0000000055555000
mem[X,0x0000000080005E94] -> 0x0513
mem[X,0x0000000080005E96] -> 0x5555
[6058] [M]: 0x0000000080005E94 (0x55550513) addi a0, a0, 0x555
x10 <- 0x0000000055555555
mem[X,0x0000000080005E98] -> 0x1513
mem[X,0x0000000080005E9A] -> 0x00B5
[6059] [M]: 0x0000000080005E98 (0x00B51513) slli a0, a0, 0xb
x10 <- 0x000002AAAAAAA800
mem[X,0x0000000080005E9C] -> 0x0513
mem[X,0x0000000080005E9E] -> 0x2AA5
[6060] [M]: 0x0000000080005E9C (0x2AA50513) addi a0, a0, 0x2aa
x10 <- 0x000002AAAAAAAAAA
mem[X,0x0000000080005EA0] -> 0x1513
mem[X,0x0000000080005EA2] -> 0x00B5
[6061] [M]: 0x0000000080005EA0 (0x00B51513) slli a0, a0, 0xb
x10 <- 0x0015555555555000
mem[X,0x0000000080005EA4] -> 0x0513
mem[X,0x0000000080005EA6] -> 0x5555
[6062] [M]: 0x0000000080005EA4 (0x55550513) addi a0, a0, 0x555
x10 <- 0x0015555555555555
mem[X,0x0000000080005EA8] -> 0x1513
mem[X,0x0000000080005EAA] -> 0x00A5
[6063] [M]: 0x0000000080005EA8 (0x00A51513) slli a0, a0, 0xa
x10 <- 0x5555555555555400
mem[X,0x0000000080005EAC] -> 0x0513
mem[X,0x0000000080005EAE] -> 0x1565
[6064] [M]: 0x0000000080005EAC (0x15650513) addi a0, a0, 0x156
x10 <- 0x5555555555555556
mem[X,0x0000000080005EB0] -> 0x55B7
mem[X,0x0000000080005EB2] -> 0x5555
[6065] [M]: 0x0000000080005EB0 (0x555555B7) lui a1, 0x55555
x11 <- 0x0000000055555000
mem[X,0x0000000080005EB4] -> 0x8593
mem[X,0x0000000080005EB6] -> 0x5555
[6066] [M]: 0x0000000080005EB4 (0x55558593) addi a1, a1, 0x555
x11 <- 0x0000000055555555
mem[X,0x0000000080005EB8] -> 0x9593
mem[X,0x0000000080005EBA] -> 0x00B5
[6067] [M]: 0x0000000080005EB8 (0x00B59593) slli a1, a1, 0xb
x11 <- 0x000002AAAAAAA800
mem[X,0x0000000080005EBC] -> 0x8593
mem[X,0x0000000080005EBE] -> 0x2AA5
[6068] [M]: 0x0000000080005EBC (0x2AA58593) addi a1, a1, 0x2aa
x11 <- 0x000002AAAAAAAAAA
mem[X,0x0000000080005EC0] -> 0x9593
mem[X,0x0000000080005EC2] -> 0x00B5
[6069] [M]: 0x0000000080005EC0 (0x00B59593) slli a1, a1, 0xb
x11 <- 0x0015555555555000
mem[X,0x0000000080005EC4] -> 0x8593
mem[X,0x0000000080005EC6] -> 0x5555
[6070] [M]: 0x0000000080005EC4 (0x55558593) addi a1, a1, 0x555
x11 <- 0x0015555555555555
mem[X,0x0000000080005EC8] -> 0x9593
mem[X,0x0000000080005ECA] -> 0x00A5
[6071] [M]: 0x0000000080005EC8 (0x00A59593) slli a1, a1, 0xa
x11 <- 0x5555555555555400
mem[X,0x0000000080005ECC] -> 0x8593
mem[X,0x0000000080005ECE] -> 0x1545
[6072] [M]: 0x0000000080005ECC (0x15458593) addi a1, a1, 0x154
x11 <- 0x5555555555555554
mem[X,0x0000000080005ED0] -> 0x063B
mem[X,0x0000000080005ED2] -> 0x40B5
[6073] [M]: 0x0000000080005ED0 (0x40B5063B) subw a2, a0, a1
x12 <- 0x0000000000000002
mem[X,0x0000000080005ED4] -> 0xB823
mem[X,0x0000000080005ED6] -> 0x7AC2
[6074] [M]: 0x0000000080005ED4 (0x7AC2B823) sd a2, 0x7b0(t0)
mem[0x000000008000C158] <- 0x0000000000000002
mem[X,0x0000000080005ED8] -> 0x5537
mem[X,0x0000000080005EDA] -> 0x5555
[6075] [M]: 0x0000000080005ED8 (0x55555537) lui a0, 0x55555
x10 <- 0x0000000055555000
mem[X,0x0000000080005EDC] -> 0x0513
mem[X,0x0000000080005EDE] -> 0x5555
[6076] [M]: 0x0000000080005EDC (0x55550513) addi a0, a0, 0x555
x10 <- 0x0000000055555555
mem[X,0x0000000080005EE0] -> 0x1513
mem[X,0x0000000080005EE2] -> 0x00B5
[6077] [M]: 0x0000000080005EE0 (0x00B51513) slli a0, a0, 0xb
x10 <- 0x000002AAAAAAA800
mem[X,0x0000000080005EE4] -> 0x0513
mem[X,0x0000000080005EE6] -> 0x2AA5
[6078] [M]: 0x0000000080005EE4 (0x2AA50513) addi a0, a0, 0x2aa
x10 <- 0x000002AAAAAAAAAA
mem[X,0x0000000080005EE8] -> 0x1513
mem[X,0x0000000080005EEA] -> 0x00B5
[6079] [M]: 0x0000000080005EE8 (0x00B51513) slli a0, a0, 0xb
x10 <- 0x0015555555555000
mem[X,0x0000000080005EEC] -> 0x0513
mem[X,0x0000000080005EEE] -> 0x5555
[6080] [M]: 0x0000000080005EEC (0x55550513) addi a0, a0, 0x555
x10 <- 0x0015555555555555
mem[X,0x0000000080005EF0] -> 0x1513
mem[X,0x0000000080005EF2] -> 0x00A5
[6081] [M]: 0x0000000080005EF0 (0x00A51513) slli a0, a0, 0xa
x10 <- 0x5555555555555400
mem[X,0x0000000080005EF4] -> 0x0513
mem[X,0x0000000080005EF6] -> 0x1565
[6082] [M]: 0x0000000080005EF4 (0x15650513) addi a0, a0, 0x156
x10 <- 0x5555555555555556
mem[X,0x0000000080005EF8] -> 0x0593
mem[X,0x0000000080005EFA] -> 0x0000
[6083] [M]: 0x0000000080005EF8 (0x00000593) addi a1, zero, 0x0
x11 <- 0x0000000000000000
mem[X,0x0000000080005EFC] -> 0x063B
mem[X,0x0000000080005EFE] -> 0x40B5
[6084] [M]: 0x0000000080005EFC (0x40B5063B) subw a2, a0, a1
x12 <- 0x0000000055555556
mem[X,0x0000000080005F00] -> 0xBC23
mem[X,0x0000000080005F02] -> 0x7AC2
[6085] [M]: 0x0000000080005F00 (0x7AC2BC23) sd a2, 0x7b8(t0)
mem[0x000000008000C160] <- 0x0000000055555556
mem[X,0x0000000080005F04] -> 0x5537
mem[X,0x0000000080005F06] -> 0x5555
[6086] [M]: 0x0000000080005F04 (0x55555537) lui a0, 0x55555
x10 <- 0x0000000055555000
mem[X,0x0000000080005F08] -> 0x0513
mem[X,0x0000000080005F0A] -> 0x5555
[6087] [M]: 0x0000000080005F08 (0x55550513) addi a0, a0, 0x555
x10 <- 0x0000000055555555
mem[X,0x0000000080005F0C] -> 0x1513
mem[X,0x0000000080005F0E] -> 0x00B5
[6088] [M]: 0x0000000080005F0C (0x00B51513) slli a0, a0, 0xb
x10 <- 0x000002AAAAAAA800
mem[X,0x0000000080005F10] -> 0x0513
mem[X,0x0000000080005F12] -> 0x2AA5
[6089] [M]: 0x0000000080005F10 (0x2AA50513) addi a0, a0, 0x2aa
x10 <- 0x000002AAAAAAAAAA
mem[X,0x0000000080005F14] -> 0x1513
mem[X,0x0000000080005F16] -> 0x00B5
[6090] [M]: 0x0000000080005F14 (0x00B51513) slli a0, a0, 0xb
x10 <- 0x0015555555555000
mem[X,0x0000000080005F18] -> 0x0513
mem[X,0x0000000080005F1A] -> 0x5555
[6091] [M]: 0x0000000080005F18 (0x55550513) addi a0, a0, 0x555
x10 <- 0x0015555555555555
mem[X,0x0000000080005F1C] -> 0x1513
mem[X,0x0000000080005F1E] -> 0x00A5
[6092] [M]: 0x0000000080005F1C (0x00A51513) slli a0, a0, 0xa
x10 <- 0x5555555555555400
mem[X,0x0000000080005F20] -> 0x0513
mem[X,0x0000000080005F22] -> 0x1565
[6093] [M]: 0x0000000080005F20 (0x15650513) addi a0, a0, 0x156
x10 <- 0x5555555555555556
mem[X,0x0000000080005F24] -> 0x0593
mem[X,0x0000000080005F26] -> 0x0040
[6094] [M]: 0x0000000080005F24 (0x00400593) addi a1, zero, 0x4
x11 <- 0x0000000000000004
mem[X,0x0000000080005F28] -> 0x063B
mem[X,0x0000000080005F2A] -> 0x40B5
[6095] [M]: 0x0000000080005F28 (0x40B5063B) subw a2, a0, a1
x12 <- 0x0000000055555552
mem[X,0x0000000080005F2C] -> 0xB023
mem[X,0x0000000080005F2E] -> 0x7CC2
[6096] [M]: 0x0000000080005F2C (0x7CC2B023) sd a2, 0x7c0(t0)
mem[0x000000008000C168] <- 0x0000000055555552
mem[X,0x0000000080005F30] -> 0x5537
mem[X,0x0000000080005F32] -> 0x5555
[6097] [M]: 0x0000000080005F30 (0x55555537) lui a0, 0x55555
x10 <- 0x0000000055555000
mem[X,0x0000000080005F34] -> 0x0513
mem[X,0x0000000080005F36] -> 0x5555
[6098] [M]: 0x0000000080005F34 (0x55550513) addi a0, a0, 0x555
x10 <- 0x0000000055555555
mem[X,0x0000000080005F38] -> 0x1513
mem[X,0x0000000080005F3A] -> 0x00B5
[6099] [M]: 0x0000000080005F38 (0x00B51513) slli a0, a0, 0xb
x10 <- 0x000002AAAAAAA800
clint::tick mtime <- 0x000000000000003D
 clint timer pending at mtime 0x000000000000003D
htif::tick 0x0000000000000000
mem[X,0x0000000080005F3C] -> 0x0513
mem[X,0x0000000080005F3E] -> 0x2AA5
[6100] [M]: 0x0000000080005F3C (0x2AA50513) addi a0, a0, 0x2aa
x10 <- 0x000002AAAAAAAAAA
mem[X,0x0000000080005F40] -> 0x1513
mem[X,0x0000000080005F42] -> 0x00B5
[6101] [M]: 0x0000000080005F40 (0x00B51513) slli a0, a0, 0xb
x10 <- 0x0015555555555000
mem[X,0x0000000080005F44] -> 0x0513
mem[X,0x0000000080005F46] -> 0x5555
[6102] [M]: 0x0000000080005F44 (0x55550513) addi a0, a0, 0x555
x10 <- 0x0015555555555555
mem[X,0x0000000080005F48] -> 0x1513
mem[X,0x0000000080005F4A] -> 0x00A5
[6103] [M]: 0x0000000080005F48 (0x00A51513) slli a0, a0, 0xa
x10 <- 0x5555555555555400
mem[X,0x0000000080005F4C] -> 0x0513
mem[X,0x0000000080005F4E] -> 0x1565
[6104] [M]: 0x0000000080005F4C (0x15650513) addi a0, a0, 0x156
x10 <- 0x5555555555555556
mem[X,0x0000000080005F50] -> 0x35B7
mem[X,0x0000000080005F52] -> 0x3333
[6105] [M]: 0x0000000080005F50 (0x333335B7) lui a1, 0x33333
x11 <- 0x0000000033333000
mem[X,0x0000000080005F54] -> 0x8593
mem[X,0x0000000080005F56] -> 0x3335
[6106] [M]: 0x0000000080005F54 (0x33358593) addi a1, a1, 0x333
x11 <- 0x0000000033333333
mem[X,0x0000000080005F58] -> 0x9593
mem[X,0x0000000080005F5A] -> 0x00B5
[6107] [M]: 0x0000000080005F58 (0x00B59593) slli a1, a1, 0xb
x11 <- 0x0000019999999800
mem[X,0x0000000080005F5C] -> 0x8593
mem[X,0x0000000080005F5E] -> 0x1995
[6108] [M]: 0x0000000080005F5C (0x19958593) addi a1, a1, 0x199
x11 <- 0x0000019999999999
mem[X,0x0000000080005F60] -> 0x9593
mem[X,0x0000000080005F62] -> 0x00B5
[6109] [M]: 0x0000000080005F60 (0x00B59593) slli a1, a1, 0xb
x11 <- 0x000CCCCCCCCCC800
mem[X,0x0000000080005F64] -> 0x8593
mem[X,0x0000000080005F66] -> 0x4CC5
[6110] [M]: 0x0000000080005F64 (0x4CC58593) addi a1, a1, 0x4cc
x11 <- 0x000CCCCCCCCCCCCC
mem[X,0x0000000080005F68] -> 0x9593
mem[X,0x0000000080005F6A] -> 0x00A5
[6111] [M]: 0x0000000080005F68 (0x00A59593) slli a1, a1, 0xa
x11 <- 0x3333333333333000
mem[X,0x0000000080005F6C] -> 0x8593
mem[X,0x0000000080005F6E] -> 0x3325
[6112] [M]: 0x0000000080005F6C (0x33258593) addi a1, a1, 0x332
x11 <- 0x3333333333333332
mem[X,0x0000000080005F70] -> 0x063B
mem[X,0x0000000080005F72] -> 0x40B5
[6113] [M]: 0x0000000080005F70 (0x40B5063B) subw a2, a0, a1
x12 <- 0x0000000022222224
mem[X,0x0000000080005F74] -> 0xB423
mem[X,0x0000000080005F76] -> 0x7CC2
[6114] [M]: 0x0000000080005F74 (0x7CC2B423) sd a2, 0x7c8(t0)
mem[0x000000008000C170] <- 0x0000000022222224
mem[X,0x0000000080005F78] -> 0x5537
mem[X,0x0000000080005F7A] -> 0x5555
[6115] [M]: 0x0000000080005F78 (0x55555537) lui a0, 0x55555
x10 <- 0x0000000055555000
mem[X,0x0000000080005F7C] -> 0x0513
mem[X,0x0000000080005F7E] -> 0x5555
[6116] [M]: 0x0000000080005F7C (0x55550513) addi a0, a0, 0x555
x10 <- 0x0000000055555555
mem[X,0x0000000080005F80] -> 0x1513
mem[X,0x0000000080005F82] -> 0x00B5
[6117] [M]: 0x0000000080005F80 (0x00B51513) slli a0, a0, 0xb
x10 <- 0x000002AAAAAAA800
mem[X,0x0000000080005F84] -> 0x0513
mem[X,0x0000000080005F86] -> 0x2AA5
[6118] [M]: 0x0000000080005F84 (0x2AA50513) addi a0, a0, 0x2aa
x10 <- 0x000002AAAAAAAAAA
mem[X,0x0000000080005F88] -> 0x1513
mem[X,0x0000000080005F8A] -> 0x00B5
[6119] [M]: 0x0000000080005F88 (0x00B51513) slli a0, a0, 0xb
x10 <- 0x0015555555555000
mem[X,0x0000000080005F8C] -> 0x0513
mem[X,0x0000000080005F8E] -> 0x5555
[6120] [M]: 0x0000000080005F8C (0x55550513) addi a0, a0, 0x555
x10 <- 0x0015555555555555
mem[X,0x0000000080005F90] -> 0x1513
mem[X,0x0000000080005F92] -> 0x00A5
[6121] [M]: 0x0000000080005F90 (0x00A51513) slli a0, a0, 0xa
x10 <- 0x5555555555555400
mem[X,0x0000000080005F94] -> 0x0513
mem[X,0x0000000080005F96] -> 0x1565
[6122] [M]: 0x0000000080005F94 (0x15650513) addi a0, a0, 0x156
x10 <- 0x5555555555555556
mem[X,0x0000000080005F98] -> 0x65B7
mem[X,0x0000000080005F9A] -> 0x6666
[6123] [M]: 0x0000000080005F98 (0x666665B7) lui a1, 0x66666
x11 <- 0x0000000066666000
mem[X,0x0000000080005F9C] -> 0x8593
mem[X,0x0000000080005F9E] -> 0x6665
[6124] [M]: 0x0000000080005F9C (0x66658593) addi a1, a1, 0x666
x11 <- 0x0000000066666666
mem[X,0x0000000080005FA0] -> 0x9593
mem[X,0x0000000080005FA2] -> 0x00B5
[6125] [M]: 0x0000000080005FA0 (0x00B59593) slli a1, a1, 0xb
x11 <- 0x0000033333333000
mem[X,0x0000000080005FA4] -> 0x8593
mem[X,0x0000000080005FA6] -> 0x3335
[6126] [M]: 0x0000000080005FA4 (0x33358593) addi a1, a1, 0x333
x11 <- 0x0000033333333333
mem[X,0x0000000080005FA8] -> 0x9593
mem[X,0x0000000080005FAA] -> 0x00B5
[6127] [M]: 0x0000000080005FA8 (0x00B59593) slli a1, a1, 0xb
x11 <- 0x0019999999999800
mem[X,0x0000000080005FAC] -> 0x8593
mem[X,0x0000000080005FAE] -> 0x1995
[6128] [M]: 0x0000000080005FAC (0x19958593) addi a1, a1, 0x199
x11 <- 0x0019999999999999
mem[X,0x0000000080005FB0] -> 0x9593
mem[X,0x0000000080005FB2] -> 0x00A5
[6129] [M]: 0x0000000080005FB0 (0x00A59593) slli a1, a1, 0xa
x11 <- 0x6666666666666400
mem[X,0x0000000080005FB4] -> 0x8593
mem[X,0x0000000080005FB6] -> 0x2655
[6130] [M]: 0x0000000080005FB4 (0x26558593) addi a1, a1, 0x265
x11 <- 0x6666666666666665
mem[X,0x0000000080005FB8] -> 0x063B
mem[X,0x0000000080005FBA] -> 0x40B5
[6131] [M]: 0x0000000080005FB8 (0x40B5063B) subw a2, a0, a1
x12 <- 0xFFFFFFFFEEEEEEF1
mem[X,0x0000000080005FBC] -> 0xB823
mem[X,0x0000000080005FBE] -> 0x7CC2
[6132] [M]: 0x0000000080005FBC (0x7CC2B823) sd a2, 0x7d0(t0)
mem[0x000000008000C178] <- 0xFFFFFFFFEEEEEEF1
mem[X,0x0000000080005FC0] -> 0x5537
mem[X,0x0000000080005FC2] -> 0x5555
[6133] [M]: 0x0000000080005FC0 (0x55555537) lui a0, 0x55555
x10 <- 0x0000000055555000
mem[X,0x0000000080005FC4] -> 0x0513
mem[X,0x0000000080005FC6] -> 0x5555
[6134] [M]: 0x0000000080005FC4 (0x55550513) addi a0, a0, 0x555
x10 <- 0x0000000055555555
mem[X,0x0000000080005FC8] -> 0x1513
mem[X,0x0000000080005FCA] -> 0x00B5
[6135] [M]: 0x0000000080005FC8 (0x00B51513) slli a0, a0, 0xb
x10 <- 0x000002AAAAAAA800
mem[X,0x0000000080005FCC] -> 0x0513
mem[X,0x0000000080005FCE] -> 0x2AA5
[6136] [M]: 0x0000000080005FCC (0x2AA50513) addi a0, a0, 0x2aa
x10 <- 0x000002AAAAAAAAAA
mem[X,0x0000000080005FD0] -> 0x1513
mem[X,0x0000000080005FD2] -> 0x00B5
[6137] [M]: 0x0000000080005FD0 (0x00B51513) slli a0, a0, 0xb
x10 <- 0x0015555555555000
mem[X,0x0000000080005FD4] -> 0x0513
mem[X,0x0000000080005FD6] -> 0x5555
[6138] [M]: 0x0000000080005FD4 (0x55550513) addi a0, a0, 0x555
x10 <- 0x0015555555555555
mem[X,0x0000000080005FD8] -> 0x1513
mem[X,0x0000000080005FDA] -> 0x00A5
[6139] [M]: 0x0000000080005FD8 (0x00A51513) slli a0, a0, 0xa
x10 <- 0x5555555555555400
mem[X,0x0000000080005FDC] -> 0x0513
mem[X,0x0000000080005FDE] -> 0x1565
[6140] [M]: 0x0000000080005FDC (0x15650513) addi a0, a0, 0x156
x10 <- 0x5555555555555556
mem[X,0x0000000080005FE0] -> 0x05B7
mem[X,0x0000000080005FE2] -> 0x0000
[6141] [M]: 0x0000000080005FE0 (0x000005B7) lui a1, 0x0
x11 <- 0x0000000000000000
mem[X,0x0000000080005FE4] -> 0x8593
mem[X,0x0000000080005FE6] -> 0x0005
[6142] [M]: 0x0000000080005FE4 (0x00058593) addi a1, a1, 0x0
x11 <- 0x0000000000000000
mem[X,0x0000000080005FE8] -> 0x9593
mem[X,0x0000000080005FEA] -> 0x00B5
[6143] [M]: 0x0000000080005FE8 (0x00B59593) slli a1, a1, 0xb
x11 <- 0x0000000000000000
mem[X,0x0000000080005FEC] -> 0x8593
mem[X,0x0000000080005FEE] -> 0x5A85
[6144] [M]: 0x0000000080005FEC (0x5A858593) addi a1, a1, 0x5a8
x11 <- 0x00000000000005A8
mem[X,0x0000000080005FF0] -> 0x9593
mem[X,0x0000000080005FF2] -> 0x00B5
[6145] [M]: 0x0000000080005FF0 (0x00B59593) slli a1, a1, 0xb
x11 <- 0x00000000002D4000
mem[X,0x0000000080005FF4] -> 0x8593
mem[X,0x0000000080005FF6] -> 0x13C5
[6146] [M]: 0x0000000080005FF4 (0x13C58593) addi a1, a1, 0x13c
x11 <- 0x00000000002D413C
mem[X,0x0000000080005FF8] -> 0x9593
mem[X,0x0000000080005FFA] -> 0x00A5
[6147] [M]: 0x0000000080005FF8 (0x00A59593) slli a1, a1, 0xa
x11 <- 0x00000000B504F000
mem[X,0x0000000080005FFC] -> 0x8593
mem[X,0x0000000080005FFE] -> 0x3325
[6148] [M]: 0x0000000080005FFC (0x33258593) addi a1, a1, 0x332
x11 <- 0x00000000B504F332
mem[X,0x0000000080006000] -> 0x063B
mem[X,0x0000000080006002] -> 0x40B5
[6149] [M]: 0x0000000080006000 (0x40B5063B) subw a2, a0, a1
x12 <- 0xFFFFFFFFA0506224
mem[X,0x0000000080006004] -> 0xBC23
mem[X,0x0000000080006006] -> 0x7CC2
[6150] [M]: 0x0000000080006004 (0x7CC2BC23) sd a2, 0x7d8(t0)
mem[0x000000008000C180] <- 0xFFFFFFFFA0506224
mem[X,0x0000000080006008] -> 0x5537
mem[X,0x000000008000600A] -> 0x5555
[6151] [M]: 0x0000000080006008 (0x55555537) lui a0, 0x55555
x10 <- 0x0000000055555000
mem[X,0x000000008000600C] -> 0x0513
mem[X,0x000000008000600E] -> 0x5555
[6152] [M]: 0x000000008000600C (0x55550513) addi a0, a0, 0x555
x10 <- 0x0000000055555555
mem[X,0x0000000080006010] -> 0x1513
mem[X,0x0000000080006012] -> 0x00B5
[6153] [M]: 0x0000000080006010 (0x00B51513) slli a0, a0, 0xb
x10 <- 0x000002AAAAAAA800
mem[X,0x0000000080006014] -> 0x0513
mem[X,0x0000000080006016] -> 0x2AA5
[6154] [M]: 0x0000000080006014 (0x2AA50513) addi a0, a0, 0x2aa
x10 <- 0x000002AAAAAAAAAA
mem[X,0x0000000080006018] -> 0x1513
mem[X,0x000000008000601A] -> 0x00B5
[6155] [M]: 0x0000000080006018 (0x00B51513) slli a0, a0, 0xb
x10 <- 0x0015555555555000
mem[X,0x000000008000601C] -> 0x0513
mem[X,0x000000008000601E] -> 0x5555
[6156] [M]: 0x000000008000601C (0x55550513) addi a0, a0, 0x555
x10 <- 0x0015555555555555
mem[X,0x0000000080006020] -> 0x1513
mem[X,0x0000000080006022] -> 0x00A5
[6157] [M]: 0x0000000080006020 (0x00A51513) slli a0, a0, 0xa
x10 <- 0x5555555555555400
mem[X,0x0000000080006024] -> 0x0513
mem[X,0x0000000080006026] -> 0x1565
[6158] [M]: 0x0000000080006024 (0x15650513) addi a0, a0, 0x156
x10 <- 0x5555555555555556
mem[X,0x0000000080006028] -> 0x55B7
mem[X,0x000000008000602A] -> 0x5555
[6159] [M]: 0x0000000080006028 (0x555555B7) lui a1, 0x55555
x11 <- 0x0000000055555000
mem[X,0x000000008000602C] -> 0x8593
mem[X,0x000000008000602E] -> 0x5555
[6160] [M]: 0x000000008000602C (0x55558593) addi a1, a1, 0x555
x11 <- 0x0000000055555555
mem[X,0x0000000080006030] -> 0x9593
mem[X,0x0000000080006032] -> 0x00B5
[6161] [M]: 0x0000000080006030 (0x00B59593) slli a1, a1, 0xb
x11 <- 0x000002AAAAAAA800
mem[X,0x0000000080006034] -> 0x8593
mem[X,0x0000000080006036] -> 0x2AA5
[6162] [M]: 0x0000000080006034 (0x2AA58593) addi a1, a1, 0x2aa
x11 <- 0x000002AAAAAAAAAA
mem[X,0x0000000080006038] -> 0x9593
mem[X,0x000000008000603A] -> 0x00B5
[6163] [M]: 0x0000000080006038 (0x00B59593) slli a1, a1, 0xb
x11 <- 0x0015555555555000
mem[X,0x000000008000603C] -> 0x8593
mem[X,0x000000008000603E] -> 0x5555
[6164] [M]: 0x000000008000603C (0x55558593) addi a1, a1, 0x555
x11 <- 0x0015555555555555
mem[X,0x0000000080006040] -> 0x9593
mem[X,0x0000000080006042] -> 0x00A5
[6165] [M]: 0x0000000080006040 (0x00A59593) slli a1, a1, 0xa
x11 <- 0x5555555555555400
mem[X,0x0000000080006044] -> 0x8593
mem[X,0x0000000080006046] -> 0x1565
[6166] [M]: 0x0000000080006044 (0x15658593) addi a1, a1, 0x156
x11 <- 0x5555555555555556
mem[X,0x0000000080006048] -> 0x063B
mem[X,0x000000008000604A] -> 0x40B5
[6167] [M]: 0x0000000080006048 (0x40B5063B) subw a2, a0, a1
x12 <- 0x0000000000000000
mem[X,0x000000008000604C] -> 0xB023
mem[X,0x000000008000604E] -> 0x7EC2
[6168] [M]: 0x000000008000604C (0x7EC2B023) sd a2, 0x7e0(t0)
mem[0x000000008000C188] <- 0x0000000000000000
mem[X,0x0000000080006050] -> 0x5537
mem[X,0x0000000080006052] -> 0x5555
[6169] [M]: 0x0000000080006050 (0x55555537) lui a0, 0x55555
x10 <- 0x0000000055555000
mem[X,0x0000000080006054] -> 0x0513
mem[X,0x0000000080006056] -> 0x5555
[6170] [M]: 0x0000000080006054 (0x55550513) addi a0, a0, 0x555
x10 <- 0x0000000055555555
mem[X,0x0000000080006058] -> 0x1513
mem[X,0x000000008000605A] -> 0x00B5
[6171] [M]: 0x0000000080006058 (0x00B51513) slli a0, a0, 0xb
x10 <- 0x000002AAAAAAA800
mem[X,0x000000008000605C] -> 0x0513
mem[X,0x000000008000605E] -> 0x2AA5
[6172] [M]: 0x000000008000605C (0x2AA50513) addi a0, a0, 0x2aa
x10 <- 0x000002AAAAAAAAAA
mem[X,0x0000000080006060] -> 0x1513
mem[X,0x0000000080006062] -> 0x00B5
[6173] [M]: 0x0000000080006060 (0x00B51513) slli a0, a0, 0xb
x10 <- 0x0015555555555000
mem[X,0x0000000080006064] -> 0x0513
mem[X,0x0000000080006066] -> 0x5555
[6174] [M]: 0x0000000080006064 (0x55550513) addi a0, a0, 0x555
x10 <- 0x0015555555555555
mem[X,0x0000000080006068] -> 0x1513
mem[X,0x000000008000606A] -> 0x00A5
[6175] [M]: 0x0000000080006068 (0x00A51513) slli a0, a0, 0xa
x10 <- 0x5555555555555400
mem[X,0x000000008000606C] -> 0x0513
mem[X,0x000000008000606E] -> 0x1565
[6176] [M]: 0x000000008000606C (0x15650513) addi a0, a0, 0x156
x10 <- 0x5555555555555556
mem[X,0x0000000080006070] -> 0xB5B7
mem[X,0x0000000080006072] -> 0xAAAA
[6177] [M]: 0x0000000080006070 (0xAAAAB5B7) lui a1, -0x55555
x11 <- 0xFFFFFFFFAAAAB000
mem[X,0x0000000080006074] -> 0x8593
mem[X,0x0000000080006076] -> 0xAAA5
[6178] [M]: 0x0000000080006074 (0xAAA58593) addi a1, a1, -0x556
x11 <- 0xFFFFFFFFAAAAAAAA
mem[X,0x0000000080006078] -> 0x9593
mem[X,0x000000008000607A] -> 0x00B5
[6179] [M]: 0x0000000080006078 (0x00B59593) slli a1, a1, 0xb
x11 <- 0xFFFFFD5555555000
mem[X,0x000000008000607C] -> 0x8593
mem[X,0x000000008000607E] -> 0x5555
[6180] [M]: 0x000000008000607C (0x55558593) addi a1, a1, 0x555
x11 <- 0xFFFFFD5555555555
mem[X,0x0000000080006080] -> 0x9593
mem[X,0x0000000080006082] -> 0x00B5
[6181] [M]: 0x0000000080006080 (0x00B59593) slli a1, a1, 0xb
x11 <- 0xFFEAAAAAAAAAA800
mem[X,0x0000000080006084] -> 0x8593
mem[X,0x0000000080006086] -> 0x2AA5
[6182] [M]: 0x0000000080006084 (0x2AA58593) addi a1, a1, 0x2aa
x11 <- 0xFFEAAAAAAAAAAAAA
mem[X,0x0000000080006088] -> 0x9593
mem[X,0x000000008000608A] -> 0x00A5
[6183] [M]: 0x0000000080006088 (0x00A59593) slli a1, a1, 0xa
x11 <- 0xAAAAAAAAAAAAA800
mem[X,0x000000008000608C] -> 0x8593
mem[X,0x000000008000608E] -> 0x2AB5
[6184] [M]: 0x000000008000608C (0x2AB58593) addi a1, a1, 0x2ab
x11 <- 0xAAAAAAAAAAAAAAAB
mem[X,0x0000000080006090] -> 0x063B
mem[X,0x0000000080006092] -> 0x40B5
[6185] [M]: 0x0000000080006090 (0x40B5063B) subw a2, a0, a1
x12 <- 0xFFFFFFFFAAAAAAAB
mem[X,0x0000000080006094] -> 0xB423
mem[X,0x0000000080006096] -> 0x7EC2
[6186] [M]: 0x0000000080006094 (0x7EC2B423) sd a2, 0x7e8(t0)
mem[0x000000008000C190] <- 0xFFFFFFFFAAAAAAAB
mem[X,0x0000000080006098] -> 0x5537
mem[X,0x000000008000609A] -> 0x5555
[6187] [M]: 0x0000000080006098 (0x55555537) lui a0, 0x55555
x10 <- 0x0000000055555000
mem[X,0x000000008000609C] -> 0x0513
mem[X,0x000000008000609E] -> 0x5555
[6188] [M]: 0x000000008000609C (0x55550513) addi a0, a0, 0x555
x10 <- 0x0000000055555555
mem[X,0x00000000800060A0] -> 0x1513
mem[X,0x00000000800060A2] -> 0x00B5
[6189] [M]: 0x00000000800060A0 (0x00B51513) slli a0, a0, 0xb
x10 <- 0x000002AAAAAAA800
mem[X,0x00000000800060A4] -> 0x0513
mem[X,0x00000000800060A6] -> 0x2AA5
[6190] [M]: 0x00000000800060A4 (0x2AA50513) addi a0, a0, 0x2aa
x10 <- 0x000002AAAAAAAAAA
mem[X,0x00000000800060A8] -> 0x1513
mem[X,0x00000000800060AA] -> 0x00B5
[6191] [M]: 0x00000000800060A8 (0x00B51513) slli a0, a0, 0xb
x10 <- 0x0015555555555000
mem[X,0x00000000800060AC] -> 0x0513
mem[X,0x00000000800060AE] -> 0x5555
[6192] [M]: 0x00000000800060AC (0x55550513) addi a0, a0, 0x555
x10 <- 0x0015555555555555
mem[X,0x00000000800060B0] -> 0x1513
mem[X,0x00000000800060B2] -> 0x00A5
[6193] [M]: 0x00000000800060B0 (0x00A51513) slli a0, a0, 0xa
x10 <- 0x5555555555555400
mem[X,0x00000000800060B4] -> 0x0513
mem[X,0x00000000800060B6] -> 0x1565
[6194] [M]: 0x00000000800060B4 (0x15650513) addi a0, a0, 0x156
x10 <- 0x5555555555555556
mem[X,0x00000000800060B8] -> 0x0593
mem[X,0x00000000800060BA] -> 0x0060
[6195] [M]: 0x00000000800060B8 (0x00600593) addi a1, zero, 0x6
x11 <- 0x0000000000000006
mem[X,0x00000000800060BC] -> 0x063B
mem[X,0x00000000800060BE] -> 0x40B5
[6196] [M]: 0x00000000800060BC (0x40B5063B) subw a2, a0, a1
x12 <- 0x0000000055555550
mem[X,0x00000000800060C0] -> 0xB823
mem[X,0x00000000800060C2] -> 0x7EC2
[6197] [M]: 0x00000000800060C0 (0x7EC2B823) sd a2, 0x7f0(t0)
mem[0x000000008000C198] <- 0x0000000055555550
mem[X,0x00000000800060C4] -> 0x5537
mem[X,0x00000000800060C6] -> 0x5555
[6198] [M]: 0x00000000800060C4 (0x55555537) lui a0, 0x55555
x10 <- 0x0000000055555000
mem[X,0x00000000800060C8] -> 0x0513
mem[X,0x00000000800060CA] -> 0x5555
[6199] [M]: 0x00000000800060C8 (0x55550513) addi a0, a0, 0x555
x10 <- 0x0000000055555555
clint::tick mtime <- 0x000000000000003E
 clint timer pending at mtime 0x000000000000003E
htif::tick 0x0000000000000000
mem[X,0x00000000800060CC] -> 0x1513
mem[X,0x00000000800060CE] -> 0x00B5
[6200] [M]: 0x00000000800060CC (0x00B51513) slli a0, a0, 0xb
x10 <- 0x000002AAAAAAA800
mem[X,0x00000000800060D0] -> 0x0513
mem[X,0x00000000800060D2] -> 0x2AA5
[6201] [M]: 0x00000000800060D0 (0x2AA50513) addi a0, a0, 0x2aa
x10 <- 0x000002AAAAAAAAAA
mem[X,0x00000000800060D4] -> 0x1513
mem[X,0x00000000800060D6] -> 0x00B5
[6202] [M]: 0x00000000800060D4 (0x00B51513) slli a0, a0, 0xb
x10 <- 0x0015555555555000
mem[X,0x00000000800060D8] -> 0x0513
mem[X,0x00000000800060DA] -> 0x5555
[6203] [M]: 0x00000000800060D8 (0x55550513) addi a0, a0, 0x555
x10 <- 0x0015555555555555
mem[X,0x00000000800060DC] -> 0x1513
mem[X,0x00000000800060DE] -> 0x00A5
[6204] [M]: 0x00000000800060DC (0x00A51513) slli a0, a0, 0xa
x10 <- 0x5555555555555400
mem[X,0x00000000800060E0] -> 0x0513
mem[X,0x00000000800060E2] -> 0x1565
[6205] [M]: 0x00000000800060E0 (0x15650513) addi a0, a0, 0x156
x10 <- 0x5555555555555556
mem[X,0x00000000800060E4] -> 0x35B7
mem[X,0x00000000800060E6] -> 0x3333
[6206] [M]: 0x00000000800060E4 (0x333335B7) lui a1, 0x33333
x11 <- 0x0000000033333000
mem[X,0x00000000800060E8] -> 0x8593
mem[X,0x00000000800060EA] -> 0x3335
[6207] [M]: 0x00000000800060E8 (0x33358593) addi a1, a1, 0x333
x11 <- 0x0000000033333333
mem[X,0x00000000800060EC] -> 0x9593
mem[X,0x00000000800060EE] -> 0x00B5
[6208] [M]: 0x00000000800060EC (0x00B59593) slli a1, a1, 0xb
x11 <- 0x0000019999999800
mem[X,0x00000000800060F0] -> 0x8593
mem[X,0x00000000800060F2] -> 0x1995
[6209] [M]: 0x00000000800060F0 (0x19958593) addi a1, a1, 0x199
x11 <- 0x0000019999999999
mem[X,0x00000000800060F4] -> 0x9593
mem[X,0x00000000800060F6] -> 0x00B5
[6210] [M]: 0x00000000800060F4 (0x00B59593) slli a1, a1, 0xb
x11 <- 0x000CCCCCCCCCC800
mem[X,0x00000000800060F8] -> 0x8593
mem[X,0x00000000800060FA] -> 0x4CC5
[6211] [M]: 0x00000000800060F8 (0x4CC58593) addi a1, a1, 0x4cc
x11 <- 0x000CCCCCCCCCCCCC
mem[X,0x00000000800060FC] -> 0x9593
mem[X,0x00000000800060FE] -> 0x00A5
[6212] [M]: 0x00000000800060FC (0x00A59593) slli a1, a1, 0xa
x11 <- 0x3333333333333000
mem[X,0x0000000080006100] -> 0x8593
mem[X,0x0000000080006102] -> 0x3345
[6213] [M]: 0x0000000080006100 (0x33458593) addi a1, a1, 0x334
x11 <- 0x3333333333333334
mem[X,0x0000000080006104] -> 0x063B
mem[X,0x0000000080006106] -> 0x40B5
[6214] [M]: 0x0000000080006104 (0x40B5063B) subw a2, a0, a1
x12 <- 0x0000000022222222
mem[X,0x0000000080006108] -> 0xBC23
mem[X,0x000000008000610A] -> 0x7EC2
[6215] [M]: 0x0000000080006108 (0x7EC2BC23) sd a2, 0x7f8(t0)
mem[0x000000008000C1A0] <- 0x0000000022222222
mem[X,0x000000008000610C] -> 0x0013
mem[X,0x000000008000610E] -> 0x0000
[6216] [M]: 0x000000008000610C (0x00000013) addi zero, zero, 0x0
mem[X,0x0000000080006110] -> 0x0013
mem[X,0x0000000080006112] -> 0x0000
[6217] [M]: 0x0000000080006110 (0x00000013) addi zero, zero, 0x0
mem[X,0x0000000080006114] -> 0x0013
mem[X,0x0000000080006116] -> 0x0000
[6218] [M]: 0x0000000080006114 (0x00000013) addi zero, zero, 0x0
mem[X,0x0000000080006118] -> 0x0013
mem[X,0x000000008000611A] -> 0x0000
[6219] [M]: 0x0000000080006118 (0x00000013) addi zero, zero, 0x0
mem[X,0x000000008000611C] -> 0x0013
mem[X,0x000000008000611E] -> 0x0000
[6220] [M]: 0x000000008000611C (0x00000013) addi zero, zero, 0x0
mem[X,0x0000000080006120] -> 0x6297
mem[X,0x0000000080006122] -> 0x0000
[6221] [M]: 0x0000000080006120 (0x00006297) auipc t0, 0x6
x5 <- 0x000000008000C120
mem[X,0x0000000080006124] -> 0x8293
mem[X,0x0000000080006126] -> 0x0882
[6222] [M]: 0x0000000080006124 (0x08828293) addi t0, t0, 0x88
x5 <- 0x000000008000C1A8
mem[X,0x0000000080006128] -> 0x0013
mem[X,0x000000008000612A] -> 0x0000
[6223] [M]: 0x0000000080006128 (0x00000013) addi zero, zero, 0x0
mem[X,0x000000008000612C] -> 0x0013
mem[X,0x000000008000612E] -> 0x0000
[6224] [M]: 0x000000008000612C (0x00000013) addi zero, zero, 0x0
mem[X,0x0000000080006130] -> 0x0013
mem[X,0x0000000080006132] -> 0x0000
[6225] [M]: 0x0000000080006130 (0x00000013) addi zero, zero, 0x0
mem[X,0x0000000080006134] -> 0x0013
mem[X,0x0000000080006136] -> 0x0000
[6226] [M]: 0x0000000080006134 (0x00000013) addi zero, zero, 0x0
mem[X,0x0000000080006138] -> 0x0013
mem[X,0x000000008000613A] -> 0x0000
[6227] [M]: 0x0000000080006138 (0x00000013) addi zero, zero, 0x0
mem[X,0x000000008000613C] -> 0x0013
mem[X,0x000000008000613E] -> 0x0000
[6228] [M]: 0x000000008000613C (0x00000013) addi zero, zero, 0x0
mem[X,0x0000000080006140] -> 0x5537
mem[X,0x0000000080006142] -> 0x5555
[6229] [M]: 0x0000000080006140 (0x55555537) lui a0, 0x55555
x10 <- 0x0000000055555000
mem[X,0x0000000080006144] -> 0x0513
mem[X,0x0000000080006146] -> 0x5555
[6230] [M]: 0x0000000080006144 (0x55550513) addi a0, a0, 0x555
x10 <- 0x0000000055555555
mem[X,0x0000000080006148] -> 0x1513
mem[X,0x000000008000614A] -> 0x00B5
[6231] [M]: 0x0000000080006148 (0x00B51513) slli a0, a0, 0xb
x10 <- 0x000002AAAAAAA800
mem[X,0x000000008000614C] -> 0x0513
mem[X,0x000000008000614E] -> 0x2AA5
[6232] [M]: 0x000000008000614C (0x2AA50513) addi a0, a0, 0x2aa
x10 <- 0x000002AAAAAAAAAA
mem[X,0x0000000080006150] -> 0x1513
mem[X,0x0000000080006152] -> 0x00B5
[6233] [M]: 0x0000000080006150 (0x00B51513) slli a0, a0, 0xb
x10 <- 0x0015555555555000
mem[X,0x0000000080006154] -> 0x0513
mem[X,0x0000000080006156] -> 0x5555
[6234] [M]: 0x0000000080006154 (0x55550513) addi a0, a0, 0x555
x10 <- 0x0015555555555555
mem[X,0x0000000080006158] -> 0x1513
mem[X,0x000000008000615A] -> 0x00A5
[6235] [M]: 0x0000000080006158 (0x00A51513) slli a0, a0, 0xa
x10 <- 0x5555555555555400
mem[X,0x000000008000615C] -> 0x0513
mem[X,0x000000008000615E] -> 0x1565
[6236] [M]: 0x000000008000615C (0x15650513) addi a0, a0, 0x156
x10 <- 0x5555555555555556
mem[X,0x0000000080006160] -> 0x65B7
mem[X,0x0000000080006162] -> 0x6666
[6237] [M]: 0x0000000080006160 (0x666665B7) lui a1, 0x66666
x11 <- 0x0000000066666000
mem[X,0x0000000080006164] -> 0x8593
mem[X,0x0000000080006166] -> 0x6665
[6238] [M]: 0x0000000080006164 (0x66658593) addi a1, a1, 0x666
x11 <- 0x0000000066666666
mem[X,0x0000000080006168] -> 0x9593
mem[X,0x000000008000616A] -> 0x00B5
[6239] [M]: 0x0000000080006168 (0x00B59593) slli a1, a1, 0xb
x11 <- 0x0000033333333000
mem[X,0x000000008000616C] -> 0x8593
mem[X,0x000000008000616E] -> 0x3335
[6240] [M]: 0x000000008000616C (0x33358593) addi a1, a1, 0x333
x11 <- 0x0000033333333333
mem[X,0x0000000080006170] -> 0x9593
mem[X,0x0000000080006172] -> 0x00B5
[6241] [M]: 0x0000000080006170 (0x00B59593) slli a1, a1, 0xb
x11 <- 0x0019999999999800
mem[X,0x0000000080006174] -> 0x8593
mem[X,0x0000000080006176] -> 0x1995
[6242] [M]: 0x0000000080006174 (0x19958593) addi a1, a1, 0x199
x11 <- 0x0019999999999999
mem[X,0x0000000080006178] -> 0x9593
mem[X,0x000000008000617A] -> 0x00A5
[6243] [M]: 0x0000000080006178 (0x00A59593) slli a1, a1, 0xa
x11 <- 0x6666666666666400
mem[X,0x000000008000617C] -> 0x8593
mem[X,0x000000008000617E] -> 0x2675
[6244] [M]: 0x000000008000617C (0x26758593) addi a1, a1, 0x267
x11 <- 0x6666666666666667
mem[X,0x0000000080006180] -> 0x063B
mem[X,0x0000000080006182] -> 0x40B5
[6245] [M]: 0x0000000080006180 (0x40B5063B) subw a2, a0, a1
x12 <- 0xFFFFFFFFEEEEEEEF
mem[X,0x0000000080006184] -> 0xB023
mem[X,0x0000000080006186] -> 0x00C2
[6246] [M]: 0x0000000080006184 (0x00C2B023) sd a2, 0x0(t0)
mem[0x000000008000C1A8] <- 0xFFFFFFFFEEEEEEEF
mem[X,0x0000000080006188] -> 0x5537
mem[X,0x000000008000618A] -> 0x5555
[6247] [M]: 0x0000000080006188 (0x55555537) lui a0, 0x55555
x10 <- 0x0000000055555000
mem[X,0x000000008000618C] -> 0x0513
mem[X,0x000000008000618E] -> 0x5555
[6248] [M]: 0x000000008000618C (0x55550513) addi a0, a0, 0x555
x10 <- 0x0000000055555555
mem[X,0x0000000080006190] -> 0x1513
mem[X,0x0000000080006192] -> 0x00B5
[6249] [M]: 0x0000000080006190 (0x00B51513) slli a0, a0, 0xb
x10 <- 0x000002AAAAAAA800
mem[X,0x0000000080006194] -> 0x0513
mem[X,0x0000000080006196] -> 0x2AA5
[6250] [M]: 0x0000000080006194 (0x2AA50513) addi a0, a0, 0x2aa
x10 <- 0x000002AAAAAAAAAA
mem[X,0x0000000080006198] -> 0x1513
mem[X,0x000000008000619A] -> 0x00B5
[6251] [M]: 0x0000000080006198 (0x00B51513) slli a0, a0, 0xb
x10 <- 0x0015555555555000
mem[X,0x000000008000619C] -> 0x0513
mem[X,0x000000008000619E] -> 0x5555
[6252] [M]: 0x000000008000619C (0x55550513) addi a0, a0, 0x555
x10 <- 0x0015555555555555
mem[X,0x00000000800061A0] -> 0x1513
mem[X,0x00000000800061A2] -> 0x00A5
[6253] [M]: 0x00000000800061A0 (0x00A51513) slli a0, a0, 0xa
x10 <- 0x5555555555555400
mem[X,0x00000000800061A4] -> 0x0513
mem[X,0x00000000800061A6] -> 0x1565
[6254] [M]: 0x00000000800061A4 (0x15650513) addi a0, a0, 0x156
x10 <- 0x5555555555555556
mem[X,0x00000000800061A8] -> 0x05B7
mem[X,0x00000000800061AA] -> 0x0000
[6255] [M]: 0x00000000800061A8 (0x000005B7) lui a1, 0x0
x11 <- 0x0000000000000000
mem[X,0x00000000800061AC] -> 0x8593
mem[X,0x00000000800061AE] -> 0xFFF5
[6256] [M]: 0x00000000800061AC (0xFFF58593) addi a1, a1, -0x1
x11 <- 0xFFFFFFFFFFFFFFFF
mem[X,0x00000000800061B0] -> 0x9593
mem[X,0x00000000800061B2] -> 0x00B5
[6257] [M]: 0x00000000800061B0 (0x00B59593) slli a1, a1, 0xb
x11 <- 0xFFFFFFFFFFFFF800
mem[X,0x00000000800061B4] -> 0x8593
mem[X,0x00000000800061B6] -> 0x2575
[6258] [M]: 0x00000000800061B4 (0x25758593) addi a1, a1, 0x257
x11 <- 0xFFFFFFFFFFFFFA57
mem[X,0x00000000800061B8] -> 0x9593
mem[X,0x00000000800061BA] -> 0x00B5
[6259] [M]: 0x00000000800061B8 (0x00B59593) slli a1, a1, 0xb
x11 <- 0xFFFFFFFFFFD2B800
mem[X,0x00000000800061BC] -> 0x8593
mem[X,0x00000000800061BE] -> 0x6C35
[6260] [M]: 0x00000000800061BC (0x6C358593) addi a1, a1, 0x6c3
x11 <- 0xFFFFFFFFFFD2BEC3
mem[X,0x00000000800061C0] -> 0x9593
mem[X,0x00000000800061C2] -> 0x00A5
[6261] [M]: 0x00000000800061C0 (0x00A59593) slli a1, a1, 0xa
x11 <- 0xFFFFFFFF4AFB0C00
mem[X,0x00000000800061C4] -> 0x8593
mem[X,0x00000000800061C6] -> 0x0CE5
[6262] [M]: 0x00000000800061C4 (0x0CE58593) addi a1, a1, 0xce
x11 <- 0xFFFFFFFF4AFB0CCE
mem[X,0x00000000800061C8] -> 0x063B
mem[X,0x00000000800061CA] -> 0x40B5
[6263] [M]: 0x00000000800061C8 (0x40B5063B) subw a2, a0, a1
x12 <- 0x000000000A5A4888
mem[X,0x00000000800061CC] -> 0xB423
mem[X,0x00000000800061CE] -> 0x00C2
[6264] [M]: 0x00000000800061CC (0x00C2B423) sd a2, 0x8(t0)
mem[0x000000008000C1B0] <- 0x000000000A5A4888
mem[X,0x00000000800061D0] -> 0x5537
mem[X,0x00000000800061D2] -> 0x5555
[6265] [M]: 0x00000000800061D0 (0x55555537) lui a0, 0x55555
x10 <- 0x0000000055555000
mem[X,0x00000000800061D4] -> 0x0513
mem[X,0x00000000800061D6] -> 0x5555
[6266] [M]: 0x00000000800061D4 (0x55550513) addi a0, a0, 0x555
x10 <- 0x0000000055555555
mem[X,0x00000000800061D8] -> 0x1513
mem[X,0x00000000800061DA] -> 0x00B5
[6267] [M]: 0x00000000800061D8 (0x00B51513) slli a0, a0, 0xb
x10 <- 0x000002AAAAAAA800
mem[X,0x00000000800061DC] -> 0x0513
mem[X,0x00000000800061DE] -> 0x2AA5
[6268] [M]: 0x00000000800061DC (0x2AA50513) addi a0, a0, 0x2aa
x10 <- 0x000002AAAAAAAAAA
mem[X,0x00000000800061E0] -> 0x1513
mem[X,0x00000000800061E2] -> 0x00B5
[6269] [M]: 0x00000000800061E0 (0x00B51513) slli a0, a0, 0xb
x10 <- 0x0015555555555000
mem[X,0x00000000800061E4] -> 0x0513
mem[X,0x00000000800061E6] -> 0x5555
[6270] [M]: 0x00000000800061E4 (0x55550513) addi a0, a0, 0x555
x10 <- 0x0015555555555555
mem[X,0x00000000800061E8] -> 0x1513
mem[X,0x00000000800061EA] -> 0x00A5
[6271] [M]: 0x00000000800061E8 (0x00A51513) slli a0, a0, 0xa
x10 <- 0x5555555555555400
mem[X,0x00000000800061EC] -> 0x0513
mem[X,0x00000000800061EE] -> 0x1565
[6272] [M]: 0x00000000800061EC (0x15650513) addi a0, a0, 0x156
x10 <- 0x5555555555555556
mem[X,0x00000000800061F0] -> 0x05B7
mem[X,0x00000000800061F2] -> 0x0000
[6273] [M]: 0x00000000800061F0 (0x000005B7) lui a1, 0x0
x11 <- 0x0000000000000000
mem[X,0x00000000800061F4] -> 0x8593
mem[X,0x00000000800061F6] -> 0x0005
[6274] [M]: 0x00000000800061F4 (0x00058593) addi a1, a1, 0x0
x11 <- 0x0000000000000000
mem[X,0x00000000800061F8] -> 0x9593
mem[X,0x00000000800061FA] -> 0x00B5
[6275] [M]: 0x00000000800061F8 (0x00B59593) slli a1, a1, 0xb
x11 <- 0x0000000000000000
mem[X,0x00000000800061FC] -> 0x8593
mem[X,0x00000000800061FE] -> 0x5A85
[6276] [M]: 0x00000000800061FC (0x5A858593) addi a1, a1, 0x5a8
x11 <- 0x00000000000005A8
mem[X,0x0000000080006200] -> 0x9593
mem[X,0x0000000080006202] -> 0x00B5
[6277] [M]: 0x0000000080006200 (0x00B59593) slli a1, a1, 0xb
x11 <- 0x00000000002D4000
mem[X,0x0000000080006204] -> 0x8593
mem[X,0x0000000080006206] -> 0x13C5
[6278] [M]: 0x0000000080006204 (0x13C58593) addi a1, a1, 0x13c
x11 <- 0x00000000002D413C
mem[X,0x0000000080006208] -> 0x9593
mem[X,0x000000008000620A] -> 0x00A5
[6279] [M]: 0x0000000080006208 (0x00A59593) slli a1, a1, 0xa
x11 <- 0x00000000B504F000
mem[X,0x000000008000620C] -> 0x8593
mem[X,0x000000008000620E] -> 0x3345
[6280] [M]: 0x000000008000620C (0x33458593) addi a1, a1, 0x334
x11 <- 0x00000000B504F334
mem[X,0x0000000080006210] -> 0x063B
mem[X,0x0000000080006212] -> 0x40B5
[6281] [M]: 0x0000000080006210 (0x40B5063B) subw a2, a0, a1
x12 <- 0xFFFFFFFFA0506222
mem[X,0x0000000080006214] -> 0xB823
mem[X,0x0000000080006216] -> 0x00C2
[6282] [M]: 0x0000000080006214 (0x00C2B823) sd a2, 0x10(t0)
mem[0x000000008000C1B8] <- 0xFFFFFFFFA0506222
mem[X,0x0000000080006218] -> 0xB537
mem[X,0x000000008000621A] -> 0xAAAA
[6283] [M]: 0x0000000080006218 (0xAAAAB537) lui a0, -0x55555
x10 <- 0xFFFFFFFFAAAAB000
mem[X,0x000000008000621C] -> 0x0513
mem[X,0x000000008000621E] -> 0xAAA5
[6284] [M]: 0x000000008000621C (0xAAA50513) addi a0, a0, -0x556
x10 <- 0xFFFFFFFFAAAAAAAA
mem[X,0x0000000080006220] -> 0x1513
mem[X,0x0000000080006222] -> 0x00B5
[6285] [M]: 0x0000000080006220 (0x00B51513) slli a0, a0, 0xb
x10 <- 0xFFFFFD5555555000
mem[X,0x0000000080006224] -> 0x0513
mem[X,0x0000000080006226] -> 0x5555
[6286] [M]: 0x0000000080006224 (0x55550513) addi a0, a0, 0x555
x10 <- 0xFFFFFD5555555555
mem[X,0x0000000080006228] -> 0x1513
mem[X,0x000000008000622A] -> 0x00B5
[6287] [M]: 0x0000000080006228 (0x00B51513) slli a0, a0, 0xb
x10 <- 0xFFEAAAAAAAAAA800
mem[X,0x000000008000622C] -> 0x0513
mem[X,0x000000008000622E] -> 0x2AA5
[6288] [M]: 0x000000008000622C (0x2AA50513) addi a0, a0, 0x2aa
x10 <- 0xFFEAAAAAAAAAAAAA
mem[X,0x0000000080006230] -> 0x1513
mem[X,0x0000000080006232] -> 0x00A5
[6289] [M]: 0x0000000080006230 (0x00A51513) slli a0, a0, 0xa
x10 <- 0xAAAAAAAAAAAAA800
mem[X,0x0000000080006234] -> 0x0513
mem[X,0x0000000080006236] -> 0x2AB5
[6290] [M]: 0x0000000080006234 (0x2AB50513) addi a0, a0, 0x2ab
x10 <- 0xAAAAAAAAAAAAAAAB
mem[X,0x0000000080006238] -> 0x0593
mem[X,0x000000008000623A] -> 0x0030
[6291] [M]: 0x0000000080006238 (0x00300593) addi a1, zero, 0x3
x11 <- 0x0000000000000003
mem[X,0x000000008000623C] -> 0x063B
mem[X,0x000000008000623E] -> 0x40B5
[6292] [M]: 0x000000008000623C (0x40B5063B) subw a2, a0, a1
x12 <- 0xFFFFFFFFAAAAAAA8
mem[X,0x0000000080006240] -> 0xBC23
mem[X,0x0000000080006242] -> 0x00C2
[6293] [M]: 0x0000000080006240 (0x00C2BC23) sd a2, 0x18(t0)
mem[0x000000008000C1C0] <- 0xFFFFFFFFAAAAAAA8
mem[X,0x0000000080006244] -> 0xB537
mem[X,0x0000000080006246] -> 0xAAAA
[6294] [M]: 0x0000000080006244 (0xAAAAB537) lui a0, -0x55555
x10 <- 0xFFFFFFFFAAAAB000
mem[X,0x0000000080006248] -> 0x0513
mem[X,0x000000008000624A] -> 0xAAA5
[6295] [M]: 0x0000000080006248 (0xAAA50513) addi a0, a0, -0x556
x10 <- 0xFFFFFFFFAAAAAAAA
mem[X,0x000000008000624C] -> 0x1513
mem[X,0x000000008000624E] -> 0x00B5
[6296] [M]: 0x000000008000624C (0x00B51513) slli a0, a0, 0xb
x10 <- 0xFFFFFD5555555000
mem[X,0x0000000080006250] -> 0x0513
mem[X,0x0000000080006252] -> 0x5555
[6297] [M]: 0x0000000080006250 (0x55550513) addi a0, a0, 0x555
x10 <- 0xFFFFFD5555555555
mem[X,0x0000000080006254] -> 0x1513
mem[X,0x0000000080006256] -> 0x00B5
[6298] [M]: 0x0000000080006254 (0x00B51513) slli a0, a0, 0xb
x10 <- 0xFFEAAAAAAAAAA800
mem[X,0x0000000080006258] -> 0x0513
mem[X,0x000000008000625A] -> 0x2AA5
[6299] [M]: 0x0000000080006258 (0x2AA50513) addi a0, a0, 0x2aa
x10 <- 0xFFEAAAAAAAAAAAAA
clint::tick mtime <- 0x000000000000003F
 clint timer pending at mtime 0x000000000000003F
htif::tick 0x0000000000000000
mem[X,0x000000008000625C] -> 0x1513
mem[X,0x000000008000625E] -> 0x00A5
[6300] [M]: 0x000000008000625C (0x00A51513) slli a0, a0, 0xa
x10 <- 0xAAAAAAAAAAAAA800
mem[X,0x0000000080006260] -> 0x0513
mem[X,0x0000000080006262] -> 0x2AB5
[6301] [M]: 0x0000000080006260 (0x2AB50513) addi a0, a0, 0x2ab
x10 <- 0xAAAAAAAAAAAAAAAB
mem[X,0x0000000080006264] -> 0x55B7
mem[X,0x0000000080006266] -> 0x5555
[6302] [M]: 0x0000000080006264 (0x555555B7) lui a1, 0x55555
x11 <- 0x0000000055555000
mem[X,0x0000000080006268] -> 0x8593
mem[X,0x000000008000626A] -> 0x5555
[6303] [M]: 0x0000000080006268 (0x55558593) addi a1, a1, 0x555
x11 <- 0x0000000055555555
mem[X,0x000000008000626C] -> 0x9593
mem[X,0x000000008000626E] -> 0x00B5
[6304] [M]: 0x000000008000626C (0x00B59593) slli a1, a1, 0xb
x11 <- 0x000002AAAAAAA800
mem[X,0x0000000080006270] -> 0x8593
mem[X,0x0000000080006272] -> 0x2AA5
[6305] [M]: 0x0000000080006270 (0x2AA58593) addi a1, a1, 0x2aa
x11 <- 0x000002AAAAAAAAAA
mem[X,0x0000000080006274] -> 0x9593
mem[X,0x0000000080006276] -> 0x00B5
[6306] [M]: 0x0000000080006274 (0x00B59593) slli a1, a1, 0xb
x11 <- 0x0015555555555000
mem[X,0x0000000080006278] -> 0x8593
mem[X,0x000000008000627A] -> 0x5555
[6307] [M]: 0x0000000080006278 (0x55558593) addi a1, a1, 0x555
x11 <- 0x0015555555555555
mem[X,0x000000008000627C] -> 0x9593
mem[X,0x000000008000627E] -> 0x00A5
[6308] [M]: 0x000000008000627C (0x00A59593) slli a1, a1, 0xa
x11 <- 0x5555555555555400
mem[X,0x0000000080006280] -> 0x8593
mem[X,0x0000000080006282] -> 0x1555
[6309] [M]: 0x0000000080006280 (0x15558593) addi a1, a1, 0x155
x11 <- 0x5555555555555555
mem[X,0x0000000080006284] -> 0x063B
mem[X,0x0000000080006286] -> 0x40B5
[6310] [M]: 0x0000000080006284 (0x40B5063B) subw a2, a0, a1
x12 <- 0x0000000055555556
mem[X,0x0000000080006288] -> 0xB023
mem[X,0x000000008000628A] -> 0x02C2
[6311] [M]: 0x0000000080006288 (0x02C2B023) sd a2, 0x20(t0)
mem[0x000000008000C1C8] <- 0x0000000055555556
mem[X,0x000000008000628C] -> 0xB537
mem[X,0x000000008000628E] -> 0xAAAA
[6312] [M]: 0x000000008000628C (0xAAAAB537) lui a0, -0x55555
x10 <- 0xFFFFFFFFAAAAB000
mem[X,0x0000000080006290] -> 0x0513
mem[X,0x0000000080006292] -> 0xAAA5
[6313] [M]: 0x0000000080006290 (0xAAA50513) addi a0, a0, -0x556
x10 <- 0xFFFFFFFFAAAAAAAA
mem[X,0x0000000080006294] -> 0x1513
mem[X,0x0000000080006296] -> 0x00B5
[6314] [M]: 0x0000000080006294 (0x00B51513) slli a0, a0, 0xb
x10 <- 0xFFFFFD5555555000
mem[X,0x0000000080006298] -> 0x0513
mem[X,0x000000008000629A] -> 0x5555
[6315] [M]: 0x0000000080006298 (0x55550513) addi a0, a0, 0x555
x10 <- 0xFFFFFD5555555555
mem[X,0x000000008000629C] -> 0x1513
mem[X,0x000000008000629E] -> 0x00B5
[6316] [M]: 0x000000008000629C (0x00B51513) slli a0, a0, 0xb
x10 <- 0xFFEAAAAAAAAAA800
mem[X,0x00000000800062A0] -> 0x0513
mem[X,0x00000000800062A2] -> 0x2AA5
[6317] [M]: 0x00000000800062A0 (0x2AA50513) addi a0, a0, 0x2aa
x10 <- 0xFFEAAAAAAAAAAAAA
mem[X,0x00000000800062A4] -> 0x1513
mem[X,0x00000000800062A6] -> 0x00A5
[6318] [M]: 0x00000000800062A4 (0x00A51513) slli a0, a0, 0xa
x10 <- 0xAAAAAAAAAAAAA800
mem[X,0x00000000800062A8] -> 0x0513
mem[X,0x00000000800062AA] -> 0x2AB5
[6319] [M]: 0x00000000800062A8 (0x2AB50513) addi a0, a0, 0x2ab
x10 <- 0xAAAAAAAAAAAAAAAB
mem[X,0x00000000800062AC] -> 0xB5B7
mem[X,0x00000000800062AE] -> 0xAAAA
[6320] [M]: 0x00000000800062AC (0xAAAAB5B7) lui a1, -0x55555
x11 <- 0xFFFFFFFFAAAAB000
mem[X,0x00000000800062B0] -> 0x8593
mem[X,0x00000000800062B2] -> 0xAAA5
[6321] [M]: 0x00000000800062B0 (0xAAA58593) addi a1, a1, -0x556
x11 <- 0xFFFFFFFFAAAAAAAA
mem[X,0x00000000800062B4] -> 0x9593
mem[X,0x00000000800062B6] -> 0x00B5
[6322] [M]: 0x00000000800062B4 (0x00B59593) slli a1, a1, 0xb
x11 <- 0xFFFFFD5555555000
mem[X,0x00000000800062B8] -> 0x8593
mem[X,0x00000000800062BA] -> 0x5555
[6323] [M]: 0x00000000800062B8 (0x55558593) addi a1, a1, 0x555
x11 <- 0xFFFFFD5555555555
mem[X,0x00000000800062BC] -> 0x9593
mem[X,0x00000000800062BE] -> 0x00B5
[6324] [M]: 0x00000000800062BC (0x00B59593) slli a1, a1, 0xb
x11 <- 0xFFEAAAAAAAAAA800
mem[X,0x00000000800062C0] -> 0x8593
mem[X,0x00000000800062C2] -> 0x2AA5
[6325] [M]: 0x00000000800062C0 (0x2AA58593) addi a1, a1, 0x2aa
x11 <- 0xFFEAAAAAAAAAAAAA
mem[X,0x00000000800062C4] -> 0x9593
mem[X,0x00000000800062C6] -> 0x00A5
[6326] [M]: 0x00000000800062C4 (0x00A59593) slli a1, a1, 0xa
x11 <- 0xAAAAAAAAAAAAA800
mem[X,0x00000000800062C8] -> 0x8593
mem[X,0x00000000800062CA] -> 0x2AA5
[6327] [M]: 0x00000000800062C8 (0x2AA58593) addi a1, a1, 0x2aa
x11 <- 0xAAAAAAAAAAAAAAAA
mem[X,0x00000000800062CC] -> 0x063B
mem[X,0x00000000800062CE] -> 0x40B5
[6328] [M]: 0x00000000800062CC (0x40B5063B) subw a2, a0, a1
x12 <- 0x0000000000000001
mem[X,0x00000000800062D0] -> 0xB423
mem[X,0x00000000800062D2] -> 0x02C2
[6329] [M]: 0x00000000800062D0 (0x02C2B423) sd a2, 0x28(t0)
mem[0x000000008000C1D0] <- 0x0000000000000001
mem[X,0x00000000800062D4] -> 0xB537
mem[X,0x00000000800062D6] -> 0xAAAA
[6330] [M]: 0x00000000800062D4 (0xAAAAB537) lui a0, -0x55555
x10 <- 0xFFFFFFFFAAAAB000
mem[X,0x00000000800062D8] -> 0x0513
mem[X,0x00000000800062DA] -> 0xAAA5
[6331] [M]: 0x00000000800062D8 (0xAAA50513) addi a0, a0, -0x556
x10 <- 0xFFFFFFFFAAAAAAAA
mem[X,0x00000000800062DC] -> 0x1513
mem[X,0x00000000800062DE] -> 0x00B5
[6332] [M]: 0x00000000800062DC (0x00B51513) slli a0, a0, 0xb
x10 <- 0xFFFFFD5555555000
mem[X,0x00000000800062E0] -> 0x0513
mem[X,0x00000000800062E2] -> 0x5555
[6333] [M]: 0x00000000800062E0 (0x55550513) addi a0, a0, 0x555
x10 <- 0xFFFFFD5555555555
mem[X,0x00000000800062E4] -> 0x1513
mem[X,0x00000000800062E6] -> 0x00B5
[6334] [M]: 0x00000000800062E4 (0x00B51513) slli a0, a0, 0xb
x10 <- 0xFFEAAAAAAAAAA800
mem[X,0x00000000800062E8] -> 0x0513
mem[X,0x00000000800062EA] -> 0x2AA5
[6335] [M]: 0x00000000800062E8 (0x2AA50513) addi a0, a0, 0x2aa
x10 <- 0xFFEAAAAAAAAAAAAA
mem[X,0x00000000800062EC] -> 0x1513
mem[X,0x00000000800062EE] -> 0x00A5
[6336] [M]: 0x00000000800062EC (0x00A51513) slli a0, a0, 0xa
x10 <- 0xAAAAAAAAAAAAA800
mem[X,0x00000000800062F0] -> 0x0513
mem[X,0x00000000800062F2] -> 0x2AB5
[6337] [M]: 0x00000000800062F0 (0x2AB50513) addi a0, a0, 0x2ab
x10 <- 0xAAAAAAAAAAAAAAAB
mem[X,0x00000000800062F4] -> 0x0593
mem[X,0x00000000800062F6] -> 0x0050
[6338] [M]: 0x00000000800062F4 (0x00500593) addi a1, zero, 0x5
x11 <- 0x0000000000000005
mem[X,0x00000000800062F8] -> 0x063B
mem[X,0x00000000800062FA] -> 0x40B5
[6339] [M]: 0x00000000800062F8 (0x40B5063B) subw a2, a0, a1
x12 <- 0xFFFFFFFFAAAAAAA6
mem[X,0x00000000800062FC] -> 0xB823
mem[X,0x00000000800062FE] -> 0x02C2
[6340] [M]: 0x00000000800062FC (0x02C2B823) sd a2, 0x30(t0)
mem[0x000000008000C1D8] <- 0xFFFFFFFFAAAAAAA6
mem[X,0x0000000080006300] -> 0xB537
mem[X,0x0000000080006302] -> 0xAAAA
[6341] [M]: 0x0000000080006300 (0xAAAAB537) lui a0, -0x55555
x10 <- 0xFFFFFFFFAAAAB000
mem[X,0x0000000080006304] -> 0x0513
mem[X,0x0000000080006306] -> 0xAAA5
[6342] [M]: 0x0000000080006304 (0xAAA50513) addi a0, a0, -0x556
x10 <- 0xFFFFFFFFAAAAAAAA
mem[X,0x0000000080006308] -> 0x1513
mem[X,0x000000008000630A] -> 0x00B5
[6343] [M]: 0x0000000080006308 (0x00B51513) slli a0, a0, 0xb
x10 <- 0xFFFFFD5555555000
mem[X,0x000000008000630C] -> 0x0513
mem[X,0x000000008000630E] -> 0x5555
[6344] [M]: 0x000000008000630C (0x55550513) addi a0, a0, 0x555
x10 <- 0xFFFFFD5555555555
mem[X,0x0000000080006310] -> 0x1513
mem[X,0x0000000080006312] -> 0x00B5
[6345] [M]: 0x0000000080006310 (0x00B51513) slli a0, a0, 0xb
x10 <- 0xFFEAAAAAAAAAA800
mem[X,0x0000000080006314] -> 0x0513
mem[X,0x0000000080006316] -> 0x2AA5
[6346] [M]: 0x0000000080006314 (0x2AA50513) addi a0, a0, 0x2aa
x10 <- 0xFFEAAAAAAAAAAAAA
mem[X,0x0000000080006318] -> 0x1513
mem[X,0x000000008000631A] -> 0x00A5
[6347] [M]: 0x0000000080006318 (0x00A51513) slli a0, a0, 0xa
x10 <- 0xAAAAAAAAAAAAA800
mem[X,0x000000008000631C] -> 0x0513
mem[X,0x000000008000631E] -> 0x2AB5
[6348] [M]: 0x000000008000631C (0x2AB50513) addi a0, a0, 0x2ab
x10 <- 0xAAAAAAAAAAAAAAAB
mem[X,0x0000000080006320] -> 0x35B7
mem[X,0x0000000080006322] -> 0x3333
[6349] [M]: 0x0000000080006320 (0x333335B7) lui a1, 0x33333
x11 <- 0x0000000033333000
mem[X,0x0000000080006324] -> 0x8593
mem[X,0x0000000080006326] -> 0x3335
[6350] [M]: 0x0000000080006324 (0x33358593) addi a1, a1, 0x333
x11 <- 0x0000000033333333
mem[X,0x0000000080006328] -> 0x9593
mem[X,0x000000008000632A] -> 0x00B5
[6351] [M]: 0x0000000080006328 (0x00B59593) slli a1, a1, 0xb
x11 <- 0x0000019999999800
mem[X,0x000000008000632C] -> 0x8593
mem[X,0x000000008000632E] -> 0x1995
[6352] [M]: 0x000000008000632C (0x19958593) addi a1, a1, 0x199
x11 <- 0x0000019999999999
mem[X,0x0000000080006330] -> 0x9593
mem[X,0x0000000080006332] -> 0x00B5
[6353] [M]: 0x0000000080006330 (0x00B59593) slli a1, a1, 0xb
x11 <- 0x000CCCCCCCCCC800
mem[X,0x0000000080006334] -> 0x8593
mem[X,0x0000000080006336] -> 0x4CC5
[6354] [M]: 0x0000000080006334 (0x4CC58593) addi a1, a1, 0x4cc
x11 <- 0x000CCCCCCCCCCCCC
mem[X,0x0000000080006338] -> 0x9593
mem[X,0x000000008000633A] -> 0x00A5
[6355] [M]: 0x0000000080006338 (0x00A59593) slli a1, a1, 0xa
x11 <- 0x3333333333333000
mem[X,0x000000008000633C] -> 0x8593
mem[X,0x000000008000633E] -> 0x3335
[6356] [M]: 0x000000008000633C (0x33358593) addi a1, a1, 0x333
x11 <- 0x3333333333333333
mem[X,0x0000000080006340] -> 0x063B
mem[X,0x0000000080006342] -> 0x40B5
[6357] [M]: 0x0000000080006340 (0x40B5063B) subw a2, a0, a1
x12 <- 0x0000000077777778
mem[X,0x0000000080006344] -> 0xBC23
mem[X,0x0000000080006346] -> 0x02C2
[6358] [M]: 0x0000000080006344 (0x02C2BC23) sd a2, 0x38(t0)
mem[0x000000008000C1E0] <- 0x0000000077777778
mem[X,0x0000000080006348] -> 0xB537
mem[X,0x000000008000634A] -> 0xAAAA
[6359] [M]: 0x0000000080006348 (0xAAAAB537) lui a0, -0x55555
x10 <- 0xFFFFFFFFAAAAB000
mem[X,0x000000008000634C] -> 0x0513
mem[X,0x000000008000634E] -> 0xAAA5
[6360] [M]: 0x000000008000634C (0xAAA50513) addi a0, a0, -0x556
x10 <- 0xFFFFFFFFAAAAAAAA
mem[X,0x0000000080006350] -> 0x1513
mem[X,0x0000000080006352] -> 0x00B5
[6361] [M]: 0x0000000080006350 (0x00B51513) slli a0, a0, 0xb
x10 <- 0xFFFFFD5555555000
mem[X,0x0000000080006354] -> 0x0513
mem[X,0x0000000080006356] -> 0x5555
[6362] [M]: 0x0000000080006354 (0x55550513) addi a0, a0, 0x555
x10 <- 0xFFFFFD5555555555
mem[X,0x0000000080006358] -> 0x1513
mem[X,0x000000008000635A] -> 0x00B5
[6363] [M]: 0x0000000080006358 (0x00B51513) slli a0, a0, 0xb
x10 <- 0xFFEAAAAAAAAAA800
mem[X,0x000000008000635C] -> 0x0513
mem[X,0x000000008000635E] -> 0x2AA5
[6364] [M]: 0x000000008000635C (0x2AA50513) addi a0, a0, 0x2aa
x10 <- 0xFFEAAAAAAAAAAAAA
mem[X,0x0000000080006360] -> 0x1513
mem[X,0x0000000080006362] -> 0x00A5
[6365] [M]: 0x0000000080006360 (0x00A51513) slli a0, a0, 0xa
x10 <- 0xAAAAAAAAAAAAA800
mem[X,0x0000000080006364] -> 0x0513
mem[X,0x0000000080006366] -> 0x2AB5
[6366] [M]: 0x0000000080006364 (0x2AB50513) addi a0, a0, 0x2ab
x10 <- 0xAAAAAAAAAAAAAAAB
mem[X,0x0000000080006368] -> 0x65B7
mem[X,0x000000008000636A] -> 0x6666
[6367] [M]: 0x0000000080006368 (0x666665B7) lui a1, 0x66666
x11 <- 0x0000000066666000
mem[X,0x000000008000636C] -> 0x8593
mem[X,0x000000008000636E] -> 0x6665
[6368] [M]: 0x000000008000636C (0x66658593) addi a1, a1, 0x666
x11 <- 0x0000000066666666
mem[X,0x0000000080006370] -> 0x9593
mem[X,0x0000000080006372] -> 0x00B5
[6369] [M]: 0x0000000080006370 (0x00B59593) slli a1, a1, 0xb
x11 <- 0x0000033333333000
mem[X,0x0000000080006374] -> 0x8593
mem[X,0x0000000080006376] -> 0x3335
[6370] [M]: 0x0000000080006374 (0x33358593) addi a1, a1, 0x333
x11 <- 0x0000033333333333
mem[X,0x0000000080006378] -> 0x9593
mem[X,0x000000008000637A] -> 0x00B5
[6371] [M]: 0x0000000080006378 (0x00B59593) slli a1, a1, 0xb
x11 <- 0x0019999999999800
mem[X,0x000000008000637C] -> 0x8593
mem[X,0x000000008000637E] -> 0x1995
[6372] [M]: 0x000000008000637C (0x19958593) addi a1, a1, 0x199
x11 <- 0x0019999999999999
mem[X,0x0000000080006380] -> 0x9593
mem[X,0x0000000080006382] -> 0x00A5
[6373] [M]: 0x0000000080006380 (0x00A59593) slli a1, a1, 0xa
x11 <- 0x6666666666666400
mem[X,0x0000000080006384] -> 0x8593
mem[X,0x0000000080006386] -> 0x2665
[6374] [M]: 0x0000000080006384 (0x26658593) addi a1, a1, 0x266
x11 <- 0x6666666666666666
mem[X,0x0000000080006388] -> 0x063B
mem[X,0x000000008000638A] -> 0x40B5
[6375] [M]: 0x0000000080006388 (0x40B5063B) subw a2, a0, a1
x12 <- 0x0000000044444445
mem[X,0x000000008000638C] -> 0xB023
mem[X,0x000000008000638E] -> 0x04C2
[6376] [M]: 0x000000008000638C (0x04C2B023) sd a2, 0x40(t0)
mem[0x000000008000C1E8] <- 0x0000000044444445
mem[X,0x0000000080006390] -> 0xB537
mem[X,0x0000000080006392] -> 0xAAAA
[6377] [M]: 0x0000000080006390 (0xAAAAB537) lui a0, -0x55555
x10 <- 0xFFFFFFFFAAAAB000
mem[X,0x0000000080006394] -> 0x0513
mem[X,0x0000000080006396] -> 0xAAA5
[6378] [M]: 0x0000000080006394 (0xAAA50513) addi a0, a0, -0x556
x10 <- 0xFFFFFFFFAAAAAAAA
mem[X,0x0000000080006398] -> 0x1513
mem[X,0x000000008000639A] -> 0x00B5
[6379] [M]: 0x0000000080006398 (0x00B51513) slli a0, a0, 0xb
x10 <- 0xFFFFFD5555555000
mem[X,0x000000008000639C] -> 0x0513
mem[X,0x000000008000639E] -> 0x5555
[6380] [M]: 0x000000008000639C (0x55550513) addi a0, a0, 0x555
x10 <- 0xFFFFFD5555555555
mem[X,0x00000000800063A0] -> 0x1513
mem[X,0x00000000800063A2] -> 0x00B5
[6381] [M]: 0x00000000800063A0 (0x00B51513) slli a0, a0, 0xb
x10 <- 0xFFEAAAAAAAAAA800
mem[X,0x00000000800063A4] -> 0x0513
mem[X,0x00000000800063A6] -> 0x2AA5
[6382] [M]: 0x00000000800063A4 (0x2AA50513) addi a0, a0, 0x2aa
x10 <- 0xFFEAAAAAAAAAAAAA
mem[X,0x00000000800063A8] -> 0x1513
mem[X,0x00000000800063AA] -> 0x00A5
[6383] [M]: 0x00000000800063A8 (0x00A51513) slli a0, a0, 0xa
x10 <- 0xAAAAAAAAAAAAA800
mem[X,0x00000000800063AC] -> 0x0513
mem[X,0x00000000800063AE] -> 0x2AB5
[6384] [M]: 0x00000000800063AC (0x2AB50513) addi a0, a0, 0x2ab
x10 <- 0xAAAAAAAAAAAAAAAB
mem[X,0x00000000800063B0] -> 0x05B7
mem[X,0x00000000800063B2] -> 0x0000
[6385] [M]: 0x00000000800063B0 (0x000005B7) lui a1, 0x0
x11 <- 0x0000000000000000
mem[X,0x00000000800063B4] -> 0x8593
mem[X,0x00000000800063B6] -> 0xFFF5
[6386] [M]: 0x00000000800063B4 (0xFFF58593) addi a1, a1, -0x1
x11 <- 0xFFFFFFFFFFFFFFFF
mem[X,0x00000000800063B8] -> 0x9593
mem[X,0x00000000800063BA] -> 0x00B5
[6387] [M]: 0x00000000800063B8 (0x00B59593) slli a1, a1, 0xb
x11 <- 0xFFFFFFFFFFFFF800
mem[X,0x00000000800063BC] -> 0x8593
mem[X,0x00000000800063BE] -> 0x2575
[6388] [M]: 0x00000000800063BC (0x25758593) addi a1, a1, 0x257
x11 <- 0xFFFFFFFFFFFFFA57
mem[X,0x00000000800063C0] -> 0x9593
mem[X,0x00000000800063C2] -> 0x00B5
[6389] [M]: 0x00000000800063C0 (0x00B59593) slli a1, a1, 0xb
x11 <- 0xFFFFFFFFFFD2B800
mem[X,0x00000000800063C4] -> 0x8593
mem[X,0x00000000800063C6] -> 0x6C35
[6390] [M]: 0x00000000800063C4 (0x6C358593) addi a1, a1, 0x6c3
x11 <- 0xFFFFFFFFFFD2BEC3
mem[X,0x00000000800063C8] -> 0x9593
mem[X,0x00000000800063CA] -> 0x00A5
[6391] [M]: 0x00000000800063C8 (0x00A59593) slli a1, a1, 0xa
x11 <- 0xFFFFFFFF4AFB0C00
mem[X,0x00000000800063CC] -> 0x8593
mem[X,0x00000000800063CE] -> 0x0CD5
[6392] [M]: 0x00000000800063CC (0x0CD58593) addi a1, a1, 0xcd
x11 <- 0xFFFFFFFF4AFB0CCD
mem[X,0x00000000800063D0] -> 0x063B
mem[X,0x00000000800063D2] -> 0x40B5
[6393] [M]: 0x00000000800063D0 (0x40B5063B) subw a2, a0, a1
x12 <- 0x000000005FAF9DDE
mem[X,0x00000000800063D4] -> 0xB423
mem[X,0x00000000800063D6] -> 0x04C2
[6394] [M]: 0x00000000800063D4 (0x04C2B423) sd a2, 0x48(t0)
mem[0x000000008000C1F0] <- 0x000000005FAF9DDE
mem[X,0x00000000800063D8] -> 0xB537
mem[X,0x00000000800063DA] -> 0xAAAA
[6395] [M]: 0x00000000800063D8 (0xAAAAB537) lui a0, -0x55555
x10 <- 0xFFFFFFFFAAAAB000
mem[X,0x00000000800063DC] -> 0x0513
mem[X,0x00000000800063DE] -> 0xAAA5
[6396] [M]: 0x00000000800063DC (0xAAA50513) addi a0, a0, -0x556
x10 <- 0xFFFFFFFFAAAAAAAA
mem[X,0x00000000800063E0] -> 0x1513
mem[X,0x00000000800063E2] -> 0x00B5
[6397] [M]: 0x00000000800063E0 (0x00B51513) slli a0, a0, 0xb
x10 <- 0xFFFFFD5555555000
mem[X,0x00000000800063E4] -> 0x0513
mem[X,0x00000000800063E6] -> 0x5555
[6398] [M]: 0x00000000800063E4 (0x55550513) addi a0, a0, 0x555
x10 <- 0xFFFFFD5555555555
mem[X,0x00000000800063E8] -> 0x1513
mem[X,0x00000000800063EA] -> 0x00B5
[6399] [M]: 0x00000000800063E8 (0x00B51513) slli a0, a0, 0xb
x10 <- 0xFFEAAAAAAAAAA800
clint::tick mtime <- 0x0000000000000040
 clint timer pending at mtime 0x0000000000000040
htif::tick 0x0000000000000000
mem[X,0x00000000800063EC] -> 0x0513
mem[X,0x00000000800063EE] -> 0x2AA5
[6400] [M]: 0x00000000800063EC (0x2AA50513) addi a0, a0, 0x2aa
x10 <- 0xFFEAAAAAAAAAAAAA
mem[X,0x00000000800063F0] -> 0x1513
mem[X,0x00000000800063F2] -> 0x00A5
[6401] [M]: 0x00000000800063F0 (0x00A51513) slli a0, a0, 0xa
x10 <- 0xAAAAAAAAAAAAA800
mem[X,0x00000000800063F4] -> 0x0513
mem[X,0x00000000800063F6] -> 0x2AB5
[6402] [M]: 0x00000000800063F4 (0x2AB50513) addi a0, a0, 0x2ab
x10 <- 0xAAAAAAAAAAAAAAAB
mem[X,0x00000000800063F8] -> 0x05B7
mem[X,0x00000000800063FA] -> 0x0000
[6403] [M]: 0x00000000800063F8 (0x000005B7) lui a1, 0x0
x11 <- 0x0000000000000000
mem[X,0x00000000800063FC] -> 0x8593
mem[X,0x00000000800063FE] -> 0x0005
[6404] [M]: 0x00000000800063FC (0x00058593) addi a1, a1, 0x0
x11 <- 0x0000000000000000
mem[X,0x0000000080006400] -> 0x9593
mem[X,0x0000000080006402] -> 0x00B5
[6405] [M]: 0x0000000080006400 (0x00B59593) slli a1, a1, 0xb
x11 <- 0x0000000000000000
mem[X,0x0000000080006404] -> 0x8593
mem[X,0x0000000080006406] -> 0x5A85
[6406] [M]: 0x0000000080006404 (0x5A858593) addi a1, a1, 0x5a8
x11 <- 0x00000000000005A8
mem[X,0x0000000080006408] -> 0x9593
mem[X,0x000000008000640A] -> 0x00B5
[6407] [M]: 0x0000000080006408 (0x00B59593) slli a1, a1, 0xb
x11 <- 0x00000000002D4000
mem[X,0x000000008000640C] -> 0x8593
mem[X,0x000000008000640E] -> 0x13C5
[6408] [M]: 0x000000008000640C (0x13C58593) addi a1, a1, 0x13c
x11 <- 0x00000000002D413C
mem[X,0x0000000080006410] -> 0x9593
mem[X,0x0000000080006412] -> 0x00A5
[6409] [M]: 0x0000000080006410 (0x00A59593) slli a1, a1, 0xa
x11 <- 0x00000000B504F000
mem[X,0x0000000080006414] -> 0x8593
mem[X,0x0000000080006416] -> 0x3335
[6410] [M]: 0x0000000080006414 (0x33358593) addi a1, a1, 0x333
x11 <- 0x00000000B504F333
mem[X,0x0000000080006418] -> 0x063B
mem[X,0x000000008000641A] -> 0x40B5
[6411] [M]: 0x0000000080006418 (0x40B5063B) subw a2, a0, a1
x12 <- 0xFFFFFFFFF5A5B778
mem[X,0x000000008000641C] -> 0xB823
mem[X,0x000000008000641E] -> 0x04C2
[6412] [M]: 0x000000008000641C (0x04C2B823) sd a2, 0x50(t0)
mem[0x000000008000C1F8] <- 0xFFFFFFFFF5A5B778
mem[X,0x0000000080006420] -> 0xB537
mem[X,0x0000000080006422] -> 0xAAAA
[6413] [M]: 0x0000000080006420 (0xAAAAB537) lui a0, -0x55555
x10 <- 0xFFFFFFFFAAAAB000
mem[X,0x0000000080006424] -> 0x0513
mem[X,0x0000000080006426] -> 0xAAA5
[6414] [M]: 0x0000000080006424 (0xAAA50513) addi a0, a0, -0x556
x10 <- 0xFFFFFFFFAAAAAAAA
mem[X,0x0000000080006428] -> 0x1513
mem[X,0x000000008000642A] -> 0x00B5
[6415] [M]: 0x0000000080006428 (0x00B51513) slli a0, a0, 0xb
x10 <- 0xFFFFFD5555555000
mem[X,0x000000008000642C] -> 0x0513
mem[X,0x000000008000642E] -> 0x5555
[6416] [M]: 0x000000008000642C (0x55550513) addi a0, a0, 0x555
x10 <- 0xFFFFFD5555555555
mem[X,0x0000000080006430] -> 0x1513
mem[X,0x0000000080006432] -> 0x00B5
[6417] [M]: 0x0000000080006430 (0x00B51513) slli a0, a0, 0xb
x10 <- 0xFFEAAAAAAAAAA800
mem[X,0x0000000080006434] -> 0x0513
mem[X,0x0000000080006436] -> 0x2AA5
[6418] [M]: 0x0000000080006434 (0x2AA50513) addi a0, a0, 0x2aa
x10 <- 0xFFEAAAAAAAAAAAAA
mem[X,0x0000000080006438] -> 0x1513
mem[X,0x000000008000643A] -> 0x00A5
[6419] [M]: 0x0000000080006438 (0x00A51513) slli a0, a0, 0xa
x10 <- 0xAAAAAAAAAAAAA800
mem[X,0x000000008000643C] -> 0x0513
mem[X,0x000000008000643E] -> 0x2AB5
[6420] [M]: 0x000000008000643C (0x2AB50513) addi a0, a0, 0x2ab
x10 <- 0xAAAAAAAAAAAAAAAB
mem[X,0x0000000080006440] -> 0x0593
mem[X,0x0000000080006442] -> 0x0020
[6421] [M]: 0x0000000080006440 (0x00200593) addi a1, zero, 0x2
x11 <- 0x0000000000000002
mem[X,0x0000000080006444] -> 0x063B
mem[X,0x0000000080006446] -> 0x40B5
[6422] [M]: 0x0000000080006444 (0x40B5063B) subw a2, a0, a1
x12 <- 0xFFFFFFFFAAAAAAA9
mem[X,0x0000000080006448] -> 0xBC23
mem[X,0x000000008000644A] -> 0x04C2
[6423] [M]: 0x0000000080006448 (0x04C2BC23) sd a2, 0x58(t0)
mem[0x000000008000C200] <- 0xFFFFFFFFAAAAAAA9
mem[X,0x000000008000644C] -> 0xB537
mem[X,0x000000008000644E] -> 0xAAAA
[6424] [M]: 0x000000008000644C (0xAAAAB537) lui a0, -0x55555
x10 <- 0xFFFFFFFFAAAAB000
mem[X,0x0000000080006450] -> 0x0513
mem[X,0x0000000080006452] -> 0xAAA5
[6425] [M]: 0x0000000080006450 (0xAAA50513) addi a0, a0, -0x556
x10 <- 0xFFFFFFFFAAAAAAAA
mem[X,0x0000000080006454] -> 0x1513
mem[X,0x0000000080006456] -> 0x00B5
[6426] [M]: 0x0000000080006454 (0x00B51513) slli a0, a0, 0xb
x10 <- 0xFFFFFD5555555000
mem[X,0x0000000080006458] -> 0x0513
mem[X,0x000000008000645A] -> 0x5555
[6427] [M]: 0x0000000080006458 (0x55550513) addi a0, a0, 0x555
x10 <- 0xFFFFFD5555555555
mem[X,0x000000008000645C] -> 0x1513
mem[X,0x000000008000645E] -> 0x00B5
[6428] [M]: 0x000000008000645C (0x00B51513) slli a0, a0, 0xb
x10 <- 0xFFEAAAAAAAAAA800
mem[X,0x0000000080006460] -> 0x0513
mem[X,0x0000000080006462] -> 0x2AA5
[6429] [M]: 0x0000000080006460 (0x2AA50513) addi a0, a0, 0x2aa
x10 <- 0xFFEAAAAAAAAAAAAA
mem[X,0x0000000080006464] -> 0x1513
mem[X,0x0000000080006466] -> 0x00A5
[6430] [M]: 0x0000000080006464 (0x00A51513) slli a0, a0, 0xa
x10 <- 0xAAAAAAAAAAAAA800
mem[X,0x0000000080006468] -> 0x0513
mem[X,0x000000008000646A] -> 0x2AB5
[6431] [M]: 0x0000000080006468 (0x2AB50513) addi a0, a0, 0x2ab
x10 <- 0xAAAAAAAAAAAAAAAB
mem[X,0x000000008000646C] -> 0x55B7
mem[X,0x000000008000646E] -> 0x5555
[6432] [M]: 0x000000008000646C (0x555555B7) lui a1, 0x55555
x11 <- 0x0000000055555000
mem[X,0x0000000080006470] -> 0x8593
mem[X,0x0000000080006472] -> 0x5555
[6433] [M]: 0x0000000080006470 (0x55558593) addi a1, a1, 0x555
x11 <- 0x0000000055555555
mem[X,0x0000000080006474] -> 0x9593
mem[X,0x0000000080006476] -> 0x00B5
[6434] [M]: 0x0000000080006474 (0x00B59593) slli a1, a1, 0xb
x11 <- 0x000002AAAAAAA800
mem[X,0x0000000080006478] -> 0x8593
mem[X,0x000000008000647A] -> 0x2AA5
[6435] [M]: 0x0000000080006478 (0x2AA58593) addi a1, a1, 0x2aa
x11 <- 0x000002AAAAAAAAAA
mem[X,0x000000008000647C] -> 0x9593
mem[X,0x000000008000647E] -> 0x00B5
[6436] [M]: 0x000000008000647C (0x00B59593) slli a1, a1, 0xb
x11 <- 0x0015555555555000
mem[X,0x0000000080006480] -> 0x8593
mem[X,0x0000000080006482] -> 0x5555
[6437] [M]: 0x0000000080006480 (0x55558593) addi a1, a1, 0x555
x11 <- 0x0015555555555555
mem[X,0x0000000080006484] -> 0x9593
mem[X,0x0000000080006486] -> 0x00A5
[6438] [M]: 0x0000000080006484 (0x00A59593) slli a1, a1, 0xa
x11 <- 0x5555555555555400
mem[X,0x0000000080006488] -> 0x8593
mem[X,0x000000008000648A] -> 0x1545
[6439] [M]: 0x0000000080006488 (0x15458593) addi a1, a1, 0x154
x11 <- 0x5555555555555554
mem[X,0x000000008000648C] -> 0x063B
mem[X,0x000000008000648E] -> 0x40B5
[6440] [M]: 0x000000008000648C (0x40B5063B) subw a2, a0, a1
x12 <- 0x0000000055555557
mem[X,0x0000000080006490] -> 0xB023
mem[X,0x0000000080006492] -> 0x06C2
[6441] [M]: 0x0000000080006490 (0x06C2B023) sd a2, 0x60(t0)
mem[0x000000008000C208] <- 0x0000000055555557
mem[X,0x0000000080006494] -> 0xB537
mem[X,0x0000000080006496] -> 0xAAAA
[6442] [M]: 0x0000000080006494 (0xAAAAB537) lui a0, -0x55555
x10 <- 0xFFFFFFFFAAAAB000
mem[X,0x0000000080006498] -> 0x0513
mem[X,0x000000008000649A] -> 0xAAA5
[6443] [M]: 0x0000000080006498 (0xAAA50513) addi a0, a0, -0x556
x10 <- 0xFFFFFFFFAAAAAAAA
mem[X,0x000000008000649C] -> 0x1513
mem[X,0x000000008000649E] -> 0x00B5
[6444] [M]: 0x000000008000649C (0x00B51513) slli a0, a0, 0xb
x10 <- 0xFFFFFD5555555000
mem[X,0x00000000800064A0] -> 0x0513
mem[X,0x00000000800064A2] -> 0x5555
[6445] [M]: 0x00000000800064A0 (0x55550513) addi a0, a0, 0x555
x10 <- 0xFFFFFD5555555555
mem[X,0x00000000800064A4] -> 0x1513
mem[X,0x00000000800064A6] -> 0x00B5
[6446] [M]: 0x00000000800064A4 (0x00B51513) slli a0, a0, 0xb
x10 <- 0xFFEAAAAAAAAAA800
mem[X,0x00000000800064A8] -> 0x0513
mem[X,0x00000000800064AA] -> 0x2AA5
[6447] [M]: 0x00000000800064A8 (0x2AA50513) addi a0, a0, 0x2aa
x10 <- 0xFFEAAAAAAAAAAAAA
mem[X,0x00000000800064AC] -> 0x1513
mem[X,0x00000000800064AE] -> 0x00A5
[6448] [M]: 0x00000000800064AC (0x00A51513) slli a0, a0, 0xa
x10 <- 0xAAAAAAAAAAAAA800
mem[X,0x00000000800064B0] -> 0x0513
mem[X,0x00000000800064B2] -> 0x2AB5
[6449] [M]: 0x00000000800064B0 (0x2AB50513) addi a0, a0, 0x2ab
x10 <- 0xAAAAAAAAAAAAAAAB
mem[X,0x00000000800064B4] -> 0x0593
mem[X,0x00000000800064B6] -> 0x0000
[6450] [M]: 0x00000000800064B4 (0x00000593) addi a1, zero, 0x0
x11 <- 0x0000000000000000
mem[X,0x00000000800064B8] -> 0x063B
mem[X,0x00000000800064BA] -> 0x40B5
[6451] [M]: 0x00000000800064B8 (0x40B5063B) subw a2, a0, a1
x12 <- 0xFFFFFFFFAAAAAAAB
mem[X,0x00000000800064BC] -> 0xB423
mem[X,0x00000000800064BE] -> 0x06C2
[6452] [M]: 0x00000000800064BC (0x06C2B423) sd a2, 0x68(t0)
mem[0x000000008000C210] <- 0xFFFFFFFFAAAAAAAB
mem[X,0x00000000800064C0] -> 0xB537
mem[X,0x00000000800064C2] -> 0xAAAA
[6453] [M]: 0x00000000800064C0 (0xAAAAB537) lui a0, -0x55555
x10 <- 0xFFFFFFFFAAAAB000
mem[X,0x00000000800064C4] -> 0x0513
mem[X,0x00000000800064C6] -> 0xAAA5
[6454] [M]: 0x00000000800064C4 (0xAAA50513) addi a0, a0, -0x556
x10 <- 0xFFFFFFFFAAAAAAAA
mem[X,0x00000000800064C8] -> 0x1513
mem[X,0x00000000800064CA] -> 0x00B5
[6455] [M]: 0x00000000800064C8 (0x00B51513) slli a0, a0, 0xb
x10 <- 0xFFFFFD5555555000
mem[X,0x00000000800064CC] -> 0x0513
mem[X,0x00000000800064CE] -> 0x5555
[6456] [M]: 0x00000000800064CC (0x55550513) addi a0, a0, 0x555
x10 <- 0xFFFFFD5555555555
mem[X,0x00000000800064D0] -> 0x1513
mem[X,0x00000000800064D2] -> 0x00B5
[6457] [M]: 0x00000000800064D0 (0x00B51513) slli a0, a0, 0xb
x10 <- 0xFFEAAAAAAAAAA800
mem[X,0x00000000800064D4] -> 0x0513
mem[X,0x00000000800064D6] -> 0x2AA5
[6458] [M]: 0x00000000800064D4 (0x2AA50513) addi a0, a0, 0x2aa
x10 <- 0xFFEAAAAAAAAAAAAA
mem[X,0x00000000800064D8] -> 0x1513
mem[X,0x00000000800064DA] -> 0x00A5
[6459] [M]: 0x00000000800064D8 (0x00A51513) slli a0, a0, 0xa
x10 <- 0xAAAAAAAAAAAAA800
mem[X,0x00000000800064DC] -> 0x0513
mem[X,0x00000000800064DE] -> 0x2AB5
[6460] [M]: 0x00000000800064DC (0x2AB50513) addi a0, a0, 0x2ab
x10 <- 0xAAAAAAAAAAAAAAAB
mem[X,0x00000000800064E0] -> 0x0593
mem[X,0x00000000800064E2] -> 0x0040
[6461] [M]: 0x00000000800064E0 (0x00400593) addi a1, zero, 0x4
x11 <- 0x0000000000000004
mem[X,0x00000000800064E4] -> 0x063B
mem[X,0x00000000800064E6] -> 0x40B5
[6462] [M]: 0x00000000800064E4 (0x40B5063B) subw a2, a0, a1
x12 <- 0xFFFFFFFFAAAAAAA7
mem[X,0x00000000800064E8] -> 0xB823
mem[X,0x00000000800064EA] -> 0x06C2
[6463] [M]: 0x00000000800064E8 (0x06C2B823) sd a2, 0x70(t0)
mem[0x000000008000C218] <- 0xFFFFFFFFAAAAAAA7
mem[X,0x00000000800064EC] -> 0xB537
mem[X,0x00000000800064EE] -> 0xAAAA
[6464] [M]: 0x00000000800064EC (0xAAAAB537) lui a0, -0x55555
x10 <- 0xFFFFFFFFAAAAB000
mem[X,0x00000000800064F0] -> 0x0513
mem[X,0x00000000800064F2] -> 0xAAA5
[6465] [M]: 0x00000000800064F0 (0xAAA50513) addi a0, a0, -0x556
x10 <- 0xFFFFFFFFAAAAAAAA
mem[X,0x00000000800064F4] -> 0x1513
mem[X,0x00000000800064F6] -> 0x00B5
[6466] [M]: 0x00000000800064F4 (0x00B51513) slli a0, a0, 0xb
x10 <- 0xFFFFFD5555555000
mem[X,0x00000000800064F8] -> 0x0513
mem[X,0x00000000800064FA] -> 0x5555
[6467] [M]: 0x00000000800064F8 (0x55550513) addi a0, a0, 0x555
x10 <- 0xFFFFFD5555555555
mem[X,0x00000000800064FC] -> 0x1513
mem[X,0x00000000800064FE] -> 0x00B5
[6468] [M]: 0x00000000800064FC (0x00B51513) slli a0, a0, 0xb
x10 <- 0xFFEAAAAAAAAAA800
mem[X,0x0000000080006500] -> 0x0513
mem[X,0x0000000080006502] -> 0x2AA5
[6469] [M]: 0x0000000080006500 (0x2AA50513) addi a0, a0, 0x2aa
x10 <- 0xFFEAAAAAAAAAAAAA
mem[X,0x0000000080006504] -> 0x1513
mem[X,0x0000000080006506] -> 0x00A5
[6470] [M]: 0x0000000080006504 (0x00A51513) slli a0, a0, 0xa
x10 <- 0xAAAAAAAAAAAAA800
mem[X,0x0000000080006508] -> 0x0513
mem[X,0x000000008000650A] -> 0x2AB5
[6471] [M]: 0x0000000080006508 (0x2AB50513) addi a0, a0, 0x2ab
x10 <- 0xAAAAAAAAAAAAAAAB
mem[X,0x000000008000650C] -> 0x35B7
mem[X,0x000000008000650E] -> 0x3333
[6472] [M]: 0x000000008000650C (0x333335B7) lui a1, 0x33333
x11 <- 0x0000000033333000
mem[X,0x0000000080006510] -> 0x8593
mem[X,0x0000000080006512] -> 0x3335
[6473] [M]: 0x0000000080006510 (0x33358593) addi a1, a1, 0x333
x11 <- 0x0000000033333333
mem[X,0x0000000080006514] -> 0x9593
mem[X,0x0000000080006516] -> 0x00B5
[6474] [M]: 0x0000000080006514 (0x00B59593) slli a1, a1, 0xb
x11 <- 0x0000019999999800
mem[X,0x0000000080006518] -> 0x8593
mem[X,0x000000008000651A] -> 0x1995
[6475] [M]: 0x0000000080006518 (0x19958593) addi a1, a1, 0x199
x11 <- 0x0000019999999999
mem[X,0x000000008000651C] -> 0x9593
mem[X,0x000000008000651E] -> 0x00B5
[6476] [M]: 0x000000008000651C (0x00B59593) slli a1, a1, 0xb
x11 <- 0x000CCCCCCCCCC800
mem[X,0x0000000080006520] -> 0x8593
mem[X,0x0000000080006522] -> 0x4CC5
[6477] [M]: 0x0000000080006520 (0x4CC58593) addi a1, a1, 0x4cc
x11 <- 0x000CCCCCCCCCCCCC
mem[X,0x0000000080006524] -> 0x9593
mem[X,0x0000000080006526] -> 0x00A5
[6478] [M]: 0x0000000080006524 (0x00A59593) slli a1, a1, 0xa
x11 <- 0x3333333333333000
mem[X,0x0000000080006528] -> 0x8593
mem[X,0x000000008000652A] -> 0x3325
[6479] [M]: 0x0000000080006528 (0x33258593) addi a1, a1, 0x332
x11 <- 0x3333333333333332
mem[X,0x000000008000652C] -> 0x063B
mem[X,0x000000008000652E] -> 0x40B5
[6480] [M]: 0x000000008000652C (0x40B5063B) subw a2, a0, a1
x12 <- 0x0000000077777779
mem[X,0x0000000080006530] -> 0xBC23
mem[X,0x0000000080006532] -> 0x06C2
[6481] [M]: 0x0000000080006530 (0x06C2BC23) sd a2, 0x78(t0)
mem[0x000000008000C220] <- 0x0000000077777779
mem[X,0x0000000080006534] -> 0xB537
mem[X,0x0000000080006536] -> 0xAAAA
[6482] [M]: 0x0000000080006534 (0xAAAAB537) lui a0, -0x55555
x10 <- 0xFFFFFFFFAAAAB000
mem[X,0x0000000080006538] -> 0x0513
mem[X,0x000000008000653A] -> 0xAAA5
[6483] [M]: 0x0000000080006538 (0xAAA50513) addi a0, a0, -0x556
x10 <- 0xFFFFFFFFAAAAAAAA
mem[X,0x000000008000653C] -> 0x1513
mem[X,0x000000008000653E] -> 0x00B5
[6484] [M]: 0x000000008000653C (0x00B51513) slli a0, a0, 0xb
x10 <- 0xFFFFFD5555555000
mem[X,0x0000000080006540] -> 0x0513
mem[X,0x0000000080006542] -> 0x5555
[6485] [M]: 0x0000000080006540 (0x55550513) addi a0, a0, 0x555
x10 <- 0xFFFFFD5555555555
mem[X,0x0000000080006544] -> 0x1513
mem[X,0x0000000080006546] -> 0x00B5
[6486] [M]: 0x0000000080006544 (0x00B51513) slli a0, a0, 0xb
x10 <- 0xFFEAAAAAAAAAA800
mem[X,0x0000000080006548] -> 0x0513
mem[X,0x000000008000654A] -> 0x2AA5
[6487] [M]: 0x0000000080006548 (0x2AA50513) addi a0, a0, 0x2aa
x10 <- 0xFFEAAAAAAAAAAAAA
mem[X,0x000000008000654C] -> 0x1513
mem[X,0x000000008000654E] -> 0x00A5
[6488] [M]: 0x000000008000654C (0x00A51513) slli a0, a0, 0xa
x10 <- 0xAAAAAAAAAAAAA800
mem[X,0x0000000080006550] -> 0x0513
mem[X,0x0000000080006552] -> 0x2AB5
[6489] [M]: 0x0000000080006550 (0x2AB50513) addi a0, a0, 0x2ab
x10 <- 0xAAAAAAAAAAAAAAAB
mem[X,0x0000000080006554] -> 0x65B7
mem[X,0x0000000080006556] -> 0x6666
[6490] [M]: 0x0000000080006554 (0x666665B7) lui a1, 0x66666
x11 <- 0x0000000066666000
mem[X,0x0000000080006558] -> 0x8593
mem[X,0x000000008000655A] -> 0x6665
[6491] [M]: 0x0000000080006558 (0x66658593) addi a1, a1, 0x666
x11 <- 0x0000000066666666
mem[X,0x000000008000655C] -> 0x9593
mem[X,0x000000008000655E] -> 0x00B5
[6492] [M]: 0x000000008000655C (0x00B59593) slli a1, a1, 0xb
x11 <- 0x0000033333333000
mem[X,0x0000000080006560] -> 0x8593
mem[X,0x0000000080006562] -> 0x3335
[6493] [M]: 0x0000000080006560 (0x33358593) addi a1, a1, 0x333
x11 <- 0x0000033333333333
mem[X,0x0000000080006564] -> 0x9593
mem[X,0x0000000080006566] -> 0x00B5
[6494] [M]: 0x0000000080006564 (0x00B59593) slli a1, a1, 0xb
x11 <- 0x0019999999999800
mem[X,0x0000000080006568] -> 0x8593
mem[X,0x000000008000656A] -> 0x1995
[6495] [M]: 0x0000000080006568 (0x19958593) addi a1, a1, 0x199
x11 <- 0x0019999999999999
mem[X,0x000000008000656C] -> 0x9593
mem[X,0x000000008000656E] -> 0x00A5
[6496] [M]: 0x000000008000656C (0x00A59593) slli a1, a1, 0xa
x11 <- 0x6666666666666400
mem[X,0x0000000080006570] -> 0x8593
mem[X,0x0000000080006572] -> 0x2655
[6497] [M]: 0x0000000080006570 (0x26558593) addi a1, a1, 0x265
x11 <- 0x6666666666666665
mem[X,0x0000000080006574] -> 0x063B
mem[X,0x0000000080006576] -> 0x40B5
[6498] [M]: 0x0000000080006574 (0x40B5063B) subw a2, a0, a1
x12 <- 0x0000000044444446
mem[X,0x0000000080006578] -> 0xB023
mem[X,0x000000008000657A] -> 0x08C2
[6499] [M]: 0x0000000080006578 (0x08C2B023) sd a2, 0x80(t0)
mem[0x000000008000C228] <- 0x0000000044444446
clint::tick mtime <- 0x0000000000000041
 clint timer pending at mtime 0x0000000000000041
htif::tick 0x0000000000000000
mem[X,0x000000008000657C] -> 0xB537
mem[X,0x000000008000657E] -> 0xAAAA
[6500] [M]: 0x000000008000657C (0xAAAAB537) lui a0, -0x55555
x10 <- 0xFFFFFFFFAAAAB000
mem[X,0x0000000080006580] -> 0x0513
mem[X,0x0000000080006582] -> 0xAAA5
[6501] [M]: 0x0000000080006580 (0xAAA50513) addi a0, a0, -0x556
x10 <- 0xFFFFFFFFAAAAAAAA
mem[X,0x0000000080006584] -> 0x1513
mem[X,0x0000000080006586] -> 0x00B5
[6502] [M]: 0x0000000080006584 (0x00B51513) slli a0, a0, 0xb
x10 <- 0xFFFFFD5555555000
mem[X,0x0000000080006588] -> 0x0513
mem[X,0x000000008000658A] -> 0x5555
[6503] [M]: 0x0000000080006588 (0x55550513) addi a0, a0, 0x555
x10 <- 0xFFFFFD5555555555
mem[X,0x000000008000658C] -> 0x1513
mem[X,0x000000008000658E] -> 0x00B5
[6504] [M]: 0x000000008000658C (0x00B51513) slli a0, a0, 0xb
x10 <- 0xFFEAAAAAAAAAA800
mem[X,0x0000000080006590] -> 0x0513
mem[X,0x0000000080006592] -> 0x2AA5
[6505] [M]: 0x0000000080006590 (0x2AA50513) addi a0, a0, 0x2aa
x10 <- 0xFFEAAAAAAAAAAAAA
mem[X,0x0000000080006594] -> 0x1513
mem[X,0x0000000080006596] -> 0x00A5
[6506] [M]: 0x0000000080006594 (0x00A51513) slli a0, a0, 0xa
x10 <- 0xAAAAAAAAAAAAA800
mem[X,0x0000000080006598] -> 0x0513
mem[X,0x000000008000659A] -> 0x2AB5
[6507] [M]: 0x0000000080006598 (0x2AB50513) addi a0, a0, 0x2ab
x10 <- 0xAAAAAAAAAAAAAAAB
mem[X,0x000000008000659C] -> 0x05B7
mem[X,0x000000008000659E] -> 0x0000
[6508] [M]: 0x000000008000659C (0x000005B7) lui a1, 0x0
x11 <- 0x0000000000000000
mem[X,0x00000000800065A0] -> 0x8593
mem[X,0x00000000800065A2] -> 0x0005
[6509] [M]: 0x00000000800065A0 (0x00058593) addi a1, a1, 0x0
x11 <- 0x0000000000000000
mem[X,0x00000000800065A4] -> 0x9593
mem[X,0x00000000800065A6] -> 0x00B5
[6510] [M]: 0x00000000800065A4 (0x00B59593) slli a1, a1, 0xb
x11 <- 0x0000000000000000
mem[X,0x00000000800065A8] -> 0x8593
mem[X,0x00000000800065AA] -> 0x5A85
[6511] [M]: 0x00000000800065A8 (0x5A858593) addi a1, a1, 0x5a8
x11 <- 0x00000000000005A8
mem[X,0x00000000800065AC] -> 0x9593
mem[X,0x00000000800065AE] -> 0x00B5
[6512] [M]: 0x00000000800065AC (0x00B59593) slli a1, a1, 0xb
x11 <- 0x00000000002D4000
mem[X,0x00000000800065B0] -> 0x8593
mem[X,0x00000000800065B2] -> 0x13C5
[6513] [M]: 0x00000000800065B0 (0x13C58593) addi a1, a1, 0x13c
x11 <- 0x00000000002D413C
mem[X,0x00000000800065B4] -> 0x9593
mem[X,0x00000000800065B6] -> 0x00A5
[6514] [M]: 0x00000000800065B4 (0x00A59593) slli a1, a1, 0xa
x11 <- 0x00000000B504F000
mem[X,0x00000000800065B8] -> 0x8593
mem[X,0x00000000800065BA] -> 0x3325
[6515] [M]: 0x00000000800065B8 (0x33258593) addi a1, a1, 0x332
x11 <- 0x00000000B504F332
mem[X,0x00000000800065BC] -> 0x063B
mem[X,0x00000000800065BE] -> 0x40B5
[6516] [M]: 0x00000000800065BC (0x40B5063B) subw a2, a0, a1
x12 <- 0xFFFFFFFFF5A5B779
mem[X,0x00000000800065C0] -> 0xB423
mem[X,0x00000000800065C2] -> 0x08C2
[6517] [M]: 0x00000000800065C0 (0x08C2B423) sd a2, 0x88(t0)
mem[0x000000008000C230] <- 0xFFFFFFFFF5A5B779
mem[X,0x00000000800065C4] -> 0xB537
mem[X,0x00000000800065C6] -> 0xAAAA
[6518] [M]: 0x00000000800065C4 (0xAAAAB537) lui a0, -0x55555
x10 <- 0xFFFFFFFFAAAAB000
mem[X,0x00000000800065C8] -> 0x0513
mem[X,0x00000000800065CA] -> 0xAAA5
[6519] [M]: 0x00000000800065C8 (0xAAA50513) addi a0, a0, -0x556
x10 <- 0xFFFFFFFFAAAAAAAA
mem[X,0x00000000800065CC] -> 0x1513
mem[X,0x00000000800065CE] -> 0x00B5
[6520] [M]: 0x00000000800065CC (0x00B51513) slli a0, a0, 0xb
x10 <- 0xFFFFFD5555555000
mem[X,0x00000000800065D0] -> 0x0513
mem[X,0x00000000800065D2] -> 0x5555
[6521] [M]: 0x00000000800065D0 (0x55550513) addi a0, a0, 0x555
x10 <- 0xFFFFFD5555555555
mem[X,0x00000000800065D4] -> 0x1513
mem[X,0x00000000800065D6] -> 0x00B5
[6522] [M]: 0x00000000800065D4 (0x00B51513) slli a0, a0, 0xb
x10 <- 0xFFEAAAAAAAAAA800
mem[X,0x00000000800065D8] -> 0x0513
mem[X,0x00000000800065DA] -> 0x2AA5
[6523] [M]: 0x00000000800065D8 (0x2AA50513) addi a0, a0, 0x2aa
x10 <- 0xFFEAAAAAAAAAAAAA
mem[X,0x00000000800065DC] -> 0x1513
mem[X,0x00000000800065DE] -> 0x00A5
[6524] [M]: 0x00000000800065DC (0x00A51513) slli a0, a0, 0xa
x10 <- 0xAAAAAAAAAAAAA800
mem[X,0x00000000800065E0] -> 0x0513
mem[X,0x00000000800065E2] -> 0x2AB5
[6525] [M]: 0x00000000800065E0 (0x2AB50513) addi a0, a0, 0x2ab
x10 <- 0xAAAAAAAAAAAAAAAB
mem[X,0x00000000800065E4] -> 0x55B7
mem[X,0x00000000800065E6] -> 0x5555
[6526] [M]: 0x00000000800065E4 (0x555555B7) lui a1, 0x55555
x11 <- 0x0000000055555000
mem[X,0x00000000800065E8] -> 0x8593
mem[X,0x00000000800065EA] -> 0x5555
[6527] [M]: 0x00000000800065E8 (0x55558593) addi a1, a1, 0x555
x11 <- 0x0000000055555555
mem[X,0x00000000800065EC] -> 0x9593
mem[X,0x00000000800065EE] -> 0x00B5
[6528] [M]: 0x00000000800065EC (0x00B59593) slli a1, a1, 0xb
x11 <- 0x000002AAAAAAA800
mem[X,0x00000000800065F0] -> 0x8593
mem[X,0x00000000800065F2] -> 0x2AA5
[6529] [M]: 0x00000000800065F0 (0x2AA58593) addi a1, a1, 0x2aa
x11 <- 0x000002AAAAAAAAAA
mem[X,0x00000000800065F4] -> 0x9593
mem[X,0x00000000800065F6] -> 0x00B5
[6530] [M]: 0x00000000800065F4 (0x00B59593) slli a1, a1, 0xb
x11 <- 0x0015555555555000
mem[X,0x00000000800065F8] -> 0x8593
mem[X,0x00000000800065FA] -> 0x5555
[6531] [M]: 0x00000000800065F8 (0x55558593) addi a1, a1, 0x555
x11 <- 0x0015555555555555
mem[X,0x00000000800065FC] -> 0x9593
mem[X,0x00000000800065FE] -> 0x00A5
[6532] [M]: 0x00000000800065FC (0x00A59593) slli a1, a1, 0xa
x11 <- 0x5555555555555400
mem[X,0x0000000080006600] -> 0x8593
mem[X,0x0000000080006602] -> 0x1565
[6533] [M]: 0x0000000080006600 (0x15658593) addi a1, a1, 0x156
x11 <- 0x5555555555555556
mem[X,0x0000000080006604] -> 0x063B
mem[X,0x0000000080006606] -> 0x40B5
[6534] [M]: 0x0000000080006604 (0x40B5063B) subw a2, a0, a1
x12 <- 0x0000000055555555
mem[X,0x0000000080006608] -> 0xB823
mem[X,0x000000008000660A] -> 0x08C2
[6535] [M]: 0x0000000080006608 (0x08C2B823) sd a2, 0x90(t0)
mem[0x000000008000C238] <- 0x0000000055555555
mem[X,0x000000008000660C] -> 0xB537
mem[X,0x000000008000660E] -> 0xAAAA
[6536] [M]: 0x000000008000660C (0xAAAAB537) lui a0, -0x55555
x10 <- 0xFFFFFFFFAAAAB000
mem[X,0x0000000080006610] -> 0x0513
mem[X,0x0000000080006612] -> 0xAAA5
[6537] [M]: 0x0000000080006610 (0xAAA50513) addi a0, a0, -0x556
x10 <- 0xFFFFFFFFAAAAAAAA
mem[X,0x0000000080006614] -> 0x1513
mem[X,0x0000000080006616] -> 0x00B5
[6538] [M]: 0x0000000080006614 (0x00B51513) slli a0, a0, 0xb
x10 <- 0xFFFFFD5555555000
mem[X,0x0000000080006618] -> 0x0513
mem[X,0x000000008000661A] -> 0x5555
[6539] [M]: 0x0000000080006618 (0x55550513) addi a0, a0, 0x555
x10 <- 0xFFFFFD5555555555
mem[X,0x000000008000661C] -> 0x1513
mem[X,0x000000008000661E] -> 0x00B5
[6540] [M]: 0x000000008000661C (0x00B51513) slli a0, a0, 0xb
x10 <- 0xFFEAAAAAAAAAA800
mem[X,0x0000000080006620] -> 0x0513
mem[X,0x0000000080006622] -> 0x2AA5
[6541] [M]: 0x0000000080006620 (0x2AA50513) addi a0, a0, 0x2aa
x10 <- 0xFFEAAAAAAAAAAAAA
mem[X,0x0000000080006624] -> 0x1513
mem[X,0x0000000080006626] -> 0x00A5
[6542] [M]: 0x0000000080006624 (0x00A51513) slli a0, a0, 0xa
x10 <- 0xAAAAAAAAAAAAA800
mem[X,0x0000000080006628] -> 0x0513
mem[X,0x000000008000662A] -> 0x2AB5
[6543] [M]: 0x0000000080006628 (0x2AB50513) addi a0, a0, 0x2ab
x10 <- 0xAAAAAAAAAAAAAAAB
mem[X,0x000000008000662C] -> 0xB5B7
mem[X,0x000000008000662E] -> 0xAAAA
[6544] [M]: 0x000000008000662C (0xAAAAB5B7) lui a1, -0x55555
x11 <- 0xFFFFFFFFAAAAB000
mem[X,0x0000000080006630] -> 0x8593
mem[X,0x0000000080006632] -> 0xAAA5
[6545] [M]: 0x0000000080006630 (0xAAA58593) addi a1, a1, -0x556
x11 <- 0xFFFFFFFFAAAAAAAA
mem[X,0x0000000080006634] -> 0x9593
mem[X,0x0000000080006636] -> 0x00B5
[6546] [M]: 0x0000000080006634 (0x00B59593) slli a1, a1, 0xb
x11 <- 0xFFFFFD5555555000
mem[X,0x0000000080006638] -> 0x8593
mem[X,0x000000008000663A] -> 0x5555
[6547] [M]: 0x0000000080006638 (0x55558593) addi a1, a1, 0x555
x11 <- 0xFFFFFD5555555555
mem[X,0x000000008000663C] -> 0x9593
mem[X,0x000000008000663E] -> 0x00B5
[6548] [M]: 0x000000008000663C (0x00B59593) slli a1, a1, 0xb
x11 <- 0xFFEAAAAAAAAAA800
mem[X,0x0000000080006640] -> 0x8593
mem[X,0x0000000080006642] -> 0x2AA5
[6549] [M]: 0x0000000080006640 (0x2AA58593) addi a1, a1, 0x2aa
x11 <- 0xFFEAAAAAAAAAAAAA
mem[X,0x0000000080006644] -> 0x9593
mem[X,0x0000000080006646] -> 0x00A5
[6550] [M]: 0x0000000080006644 (0x00A59593) slli a1, a1, 0xa
x11 <- 0xAAAAAAAAAAAAA800
mem[X,0x0000000080006648] -> 0x8593
mem[X,0x000000008000664A] -> 0x2AB5
[6551] [M]: 0x0000000080006648 (0x2AB58593) addi a1, a1, 0x2ab
x11 <- 0xAAAAAAAAAAAAAAAB
mem[X,0x000000008000664C] -> 0x063B
mem[X,0x000000008000664E] -> 0x40B5
[6552] [M]: 0x000000008000664C (0x40B5063B) subw a2, a0, a1
x12 <- 0x0000000000000000
mem[X,0x0000000080006650] -> 0xBC23
mem[X,0x0000000080006652] -> 0x08C2
[6553] [M]: 0x0000000080006650 (0x08C2BC23) sd a2, 0x98(t0)
mem[0x000000008000C240] <- 0x0000000000000000
mem[X,0x0000000080006654] -> 0xB537
mem[X,0x0000000080006656] -> 0xAAAA
[6554] [M]: 0x0000000080006654 (0xAAAAB537) lui a0, -0x55555
x10 <- 0xFFFFFFFFAAAAB000
mem[X,0x0000000080006658] -> 0x0513
mem[X,0x000000008000665A] -> 0xAAA5
[6555] [M]: 0x0000000080006658 (0xAAA50513) addi a0, a0, -0x556
x10 <- 0xFFFFFFFFAAAAAAAA
mem[X,0x000000008000665C] -> 0x1513
mem[X,0x000000008000665E] -> 0x00B5
[6556] [M]: 0x000000008000665C (0x00B51513) slli a0, a0, 0xb
x10 <- 0xFFFFFD5555555000
mem[X,0x0000000080006660] -> 0x0513
mem[X,0x0000000080006662] -> 0x5555
[6557] [M]: 0x0000000080006660 (0x55550513) addi a0, a0, 0x555
x10 <- 0xFFFFFD5555555555
mem[X,0x0000000080006664] -> 0x1513
mem[X,0x0000000080006666] -> 0x00B5
[6558] [M]: 0x0000000080006664 (0x00B51513) slli a0, a0, 0xb
x10 <- 0xFFEAAAAAAAAAA800
mem[X,0x0000000080006668] -> 0x0513
mem[X,0x000000008000666A] -> 0x2AA5
[6559] [M]: 0x0000000080006668 (0x2AA50513) addi a0, a0, 0x2aa
x10 <- 0xFFEAAAAAAAAAAAAA
mem[X,0x000000008000666C] -> 0x1513
mem[X,0x000000008000666E] -> 0x00A5
[6560] [M]: 0x000000008000666C (0x00A51513) slli a0, a0, 0xa
x10 <- 0xAAAAAAAAAAAAA800
mem[X,0x0000000080006670] -> 0x0513
mem[X,0x0000000080006672] -> 0x2AB5
[6561] [M]: 0x0000000080006670 (0x2AB50513) addi a0, a0, 0x2ab
x10 <- 0xAAAAAAAAAAAAAAAB
mem[X,0x0000000080006674] -> 0x0593
mem[X,0x0000000080006676] -> 0x0060
[6562] [M]: 0x0000000080006674 (0x00600593) addi a1, zero, 0x6
x11 <- 0x0000000000000006
mem[X,0x0000000080006678] -> 0x063B
mem[X,0x000000008000667A] -> 0x40B5
[6563] [M]: 0x0000000080006678 (0x40B5063B) subw a2, a0, a1
x12 <- 0xFFFFFFFFAAAAAAA5
mem[X,0x000000008000667C] -> 0xB023
mem[X,0x000000008000667E] -> 0x0AC2
[6564] [M]: 0x000000008000667C (0x0AC2B023) sd a2, 0xa0(t0)
mem[0x000000008000C248] <- 0xFFFFFFFFAAAAAAA5
mem[X,0x0000000080006680] -> 0xB537
mem[X,0x0000000080006682] -> 0xAAAA
[6565] [M]: 0x0000000080006680 (0xAAAAB537) lui a0, -0x55555
x10 <- 0xFFFFFFFFAAAAB000
mem[X,0x0000000080006684] -> 0x0513
mem[X,0x0000000080006686] -> 0xAAA5
[6566] [M]: 0x0000000080006684 (0xAAA50513) addi a0, a0, -0x556
x10 <- 0xFFFFFFFFAAAAAAAA
mem[X,0x0000000080006688] -> 0x1513
mem[X,0x000000008000668A] -> 0x00B5
[6567] [M]: 0x0000000080006688 (0x00B51513) slli a0, a0, 0xb
x10 <- 0xFFFFFD5555555000
mem[X,0x000000008000668C] -> 0x0513
mem[X,0x000000008000668E] -> 0x5555
[6568] [M]: 0x000000008000668C (0x55550513) addi a0, a0, 0x555
x10 <- 0xFFFFFD5555555555
mem[X,0x0000000080006690] -> 0x1513
mem[X,0x0000000080006692] -> 0x00B5
[6569] [M]: 0x0000000080006690 (0x00B51513) slli a0, a0, 0xb
x10 <- 0xFFEAAAAAAAAAA800
mem[X,0x0000000080006694] -> 0x0513
mem[X,0x0000000080006696] -> 0x2AA5
[6570] [M]: 0x0000000080006694 (0x2AA50513) addi a0, a0, 0x2aa
x10 <- 0xFFEAAAAAAAAAAAAA
mem[X,0x0000000080006698] -> 0x1513
mem[X,0x000000008000669A] -> 0x00A5
[6571] [M]: 0x0000000080006698 (0x00A51513) slli a0, a0, 0xa
x10 <- 0xAAAAAAAAAAAAA800
mem[X,0x000000008000669C] -> 0x0513
mem[X,0x000000008000669E] -> 0x2AB5
[6572] [M]: 0x000000008000669C (0x2AB50513) addi a0, a0, 0x2ab
x10 <- 0xAAAAAAAAAAAAAAAB
mem[X,0x00000000800066A0] -> 0x35B7
mem[X,0x00000000800066A2] -> 0x3333
[6573] [M]: 0x00000000800066A0 (0x333335B7) lui a1, 0x33333
x11 <- 0x0000000033333000
mem[X,0x00000000800066A4] -> 0x8593
mem[X,0x00000000800066A6] -> 0x3335
[6574] [M]: 0x00000000800066A4 (0x33358593) addi a1, a1, 0x333
x11 <- 0x0000000033333333
mem[X,0x00000000800066A8] -> 0x9593
mem[X,0x00000000800066AA] -> 0x00B5
[6575] [M]: 0x00000000800066A8 (0x00B59593) slli a1, a1, 0xb
x11 <- 0x0000019999999800
mem[X,0x00000000800066AC] -> 0x8593
mem[X,0x00000000800066AE] -> 0x1995
[6576] [M]: 0x00000000800066AC (0x19958593) addi a1, a1, 0x199
x11 <- 0x0000019999999999
mem[X,0x00000000800066B0] -> 0x9593
mem[X,0x00000000800066B2] -> 0x00B5
[6577] [M]: 0x00000000800066B0 (0x00B59593) slli a1, a1, 0xb
x11 <- 0x000CCCCCCCCCC800
mem[X,0x00000000800066B4] -> 0x8593
mem[X,0x00000000800066B6] -> 0x4CC5
[6578] [M]: 0x00000000800066B4 (0x4CC58593) addi a1, a1, 0x4cc
x11 <- 0x000CCCCCCCCCCCCC
mem[X,0x00000000800066B8] -> 0x9593
mem[X,0x00000000800066BA] -> 0x00A5
[6579] [M]: 0x00000000800066B8 (0x00A59593) slli a1, a1, 0xa
x11 <- 0x3333333333333000
mem[X,0x00000000800066BC] -> 0x8593
mem[X,0x00000000800066BE] -> 0x3345
[6580] [M]: 0x00000000800066BC (0x33458593) addi a1, a1, 0x334
x11 <- 0x3333333333333334
mem[X,0x00000000800066C0] -> 0x063B
mem[X,0x00000000800066C2] -> 0x40B5
[6581] [M]: 0x00000000800066C0 (0x40B5063B) subw a2, a0, a1
x12 <- 0x0000000077777777
mem[X,0x00000000800066C4] -> 0xB423
mem[X,0x00000000800066C6] -> 0x0AC2
[6582] [M]: 0x00000000800066C4 (0x0AC2B423) sd a2, 0xa8(t0)
mem[0x000000008000C250] <- 0x0000000077777777
mem[X,0x00000000800066C8] -> 0xB537
mem[X,0x00000000800066CA] -> 0xAAAA
[6583] [M]: 0x00000000800066C8 (0xAAAAB537) lui a0, -0x55555
x10 <- 0xFFFFFFFFAAAAB000
mem[X,0x00000000800066CC] -> 0x0513
mem[X,0x00000000800066CE] -> 0xAAA5
[6584] [M]: 0x00000000800066CC (0xAAA50513) addi a0, a0, -0x556
x10 <- 0xFFFFFFFFAAAAAAAA
mem[X,0x00000000800066D0] -> 0x1513
mem[X,0x00000000800066D2] -> 0x00B5
[6585] [M]: 0x00000000800066D0 (0x00B51513) slli a0, a0, 0xb
x10 <- 0xFFFFFD5555555000
mem[X,0x00000000800066D4] -> 0x0513
mem[X,0x00000000800066D6] -> 0x5555
[6586] [M]: 0x00000000800066D4 (0x55550513) addi a0, a0, 0x555
x10 <- 0xFFFFFD5555555555
mem[X,0x00000000800066D8] -> 0x1513
mem[X,0x00000000800066DA] -> 0x00B5
[6587] [M]: 0x00000000800066D8 (0x00B51513) slli a0, a0, 0xb
x10 <- 0xFFEAAAAAAAAAA800
mem[X,0x00000000800066DC] -> 0x0513
mem[X,0x00000000800066DE] -> 0x2AA5
[6588] [M]: 0x00000000800066DC (0x2AA50513) addi a0, a0, 0x2aa
x10 <- 0xFFEAAAAAAAAAAAAA
mem[X,0x00000000800066E0] -> 0x1513
mem[X,0x00000000800066E2] -> 0x00A5
[6589] [M]: 0x00000000800066E0 (0x00A51513) slli a0, a0, 0xa
x10 <- 0xAAAAAAAAAAAAA800
mem[X,0x00000000800066E4] -> 0x0513
mem[X,0x00000000800066E6] -> 0x2AB5
[6590] [M]: 0x00000000800066E4 (0x2AB50513) addi a0, a0, 0x2ab
x10 <- 0xAAAAAAAAAAAAAAAB
mem[X,0x00000000800066E8] -> 0x65B7
mem[X,0x00000000800066EA] -> 0x6666
[6591] [M]: 0x00000000800066E8 (0x666665B7) lui a1, 0x66666
x11 <- 0x0000000066666000
mem[X,0x00000000800066EC] -> 0x8593
mem[X,0x00000000800066EE] -> 0x6665
[6592] [M]: 0x00000000800066EC (0x66658593) addi a1, a1, 0x666
x11 <- 0x0000000066666666
mem[X,0x00000000800066F0] -> 0x9593
mem[X,0x00000000800066F2] -> 0x00B5
[6593] [M]: 0x00000000800066F0 (0x00B59593) slli a1, a1, 0xb
x11 <- 0x0000033333333000
mem[X,0x00000000800066F4] -> 0x8593
mem[X,0x00000000800066F6] -> 0x3335
[6594] [M]: 0x00000000800066F4 (0x33358593) addi a1, a1, 0x333
x11 <- 0x0000033333333333
mem[X,0x00000000800066F8] -> 0x9593
mem[X,0x00000000800066FA] -> 0x00B5
[6595] [M]: 0x00000000800066F8 (0x00B59593) slli a1, a1, 0xb
x11 <- 0x0019999999999800
mem[X,0x00000000800066FC] -> 0x8593
mem[X,0x00000000800066FE] -> 0x1995
[6596] [M]: 0x00000000800066FC (0x19958593) addi a1, a1, 0x199
x11 <- 0x0019999999999999
mem[X,0x0000000080006700] -> 0x9593
mem[X,0x0000000080006702] -> 0x00A5
[6597] [M]: 0x0000000080006700 (0x00A59593) slli a1, a1, 0xa
x11 <- 0x6666666666666400
mem[X,0x0000000080006704] -> 0x8593
mem[X,0x0000000080006706] -> 0x2675
[6598] [M]: 0x0000000080006704 (0x26758593) addi a1, a1, 0x267
x11 <- 0x6666666666666667
mem[X,0x0000000080006708] -> 0x063B
mem[X,0x000000008000670A] -> 0x40B5
[6599] [M]: 0x0000000080006708 (0x40B5063B) subw a2, a0, a1
x12 <- 0x0000000044444444
clint::tick mtime <- 0x0000000000000042
 clint timer pending at mtime 0x0000000000000042
htif::tick 0x0000000000000000
mem[X,0x000000008000670C] -> 0xB823
mem[X,0x000000008000670E] -> 0x0AC2
[6600] [M]: 0x000000008000670C (0x0AC2B823) sd a2, 0xb0(t0)
mem[0x000000008000C258] <- 0x0000000044444444
mem[X,0x0000000080006710] -> 0xB537
mem[X,0x0000000080006712] -> 0xAAAA
[6601] [M]: 0x0000000080006710 (0xAAAAB537) lui a0, -0x55555
x10 <- 0xFFFFFFFFAAAAB000
mem[X,0x0000000080006714] -> 0x0513
mem[X,0x0000000080006716] -> 0xAAA5
[6602] [M]: 0x0000000080006714 (0xAAA50513) addi a0, a0, -0x556
x10 <- 0xFFFFFFFFAAAAAAAA
mem[X,0x0000000080006718] -> 0x1513
mem[X,0x000000008000671A] -> 0x00B5
[6603] [M]: 0x0000000080006718 (0x00B51513) slli a0, a0, 0xb
x10 <- 0xFFFFFD5555555000
mem[X,0x000000008000671C] -> 0x0513
mem[X,0x000000008000671E] -> 0x5555
[6604] [M]: 0x000000008000671C (0x55550513) addi a0, a0, 0x555
x10 <- 0xFFFFFD5555555555
mem[X,0x0000000080006720] -> 0x1513
mem[X,0x0000000080006722] -> 0x00B5
[6605] [M]: 0x0000000080006720 (0x00B51513) slli a0, a0, 0xb
x10 <- 0xFFEAAAAAAAAAA800
mem[X,0x0000000080006724] -> 0x0513
mem[X,0x0000000080006726] -> 0x2AA5
[6606] [M]: 0x0000000080006724 (0x2AA50513) addi a0, a0, 0x2aa
x10 <- 0xFFEAAAAAAAAAAAAA
mem[X,0x0000000080006728] -> 0x1513
mem[X,0x000000008000672A] -> 0x00A5
[6607] [M]: 0x0000000080006728 (0x00A51513) slli a0, a0, 0xa
x10 <- 0xAAAAAAAAAAAAA800
mem[X,0x000000008000672C] -> 0x0513
mem[X,0x000000008000672E] -> 0x2AB5
[6608] [M]: 0x000000008000672C (0x2AB50513) addi a0, a0, 0x2ab
x10 <- 0xAAAAAAAAAAAAAAAB
mem[X,0x0000000080006730] -> 0x05B7
mem[X,0x0000000080006732] -> 0x0000
[6609] [M]: 0x0000000080006730 (0x000005B7) lui a1, 0x0
x11 <- 0x0000000000000000
mem[X,0x0000000080006734] -> 0x8593
mem[X,0x0000000080006736] -> 0xFFF5
[6610] [M]: 0x0000000080006734 (0xFFF58593) addi a1, a1, -0x1
x11 <- 0xFFFFFFFFFFFFFFFF
mem[X,0x0000000080006738] -> 0x9593
mem[X,0x000000008000673A] -> 0x00B5
[6611] [M]: 0x0000000080006738 (0x00B59593) slli a1, a1, 0xb
x11 <- 0xFFFFFFFFFFFFF800
mem[X,0x000000008000673C] -> 0x8593
mem[X,0x000000008000673E] -> 0x2575
[6612] [M]: 0x000000008000673C (0x25758593) addi a1, a1, 0x257
x11 <- 0xFFFFFFFFFFFFFA57
mem[X,0x0000000080006740] -> 0x9593
mem[X,0x0000000080006742] -> 0x00B5
[6613] [M]: 0x0000000080006740 (0x00B59593) slli a1, a1, 0xb
x11 <- 0xFFFFFFFFFFD2B800
mem[X,0x0000000080006744] -> 0x8593
mem[X,0x0000000080006746] -> 0x6C35
[6614] [M]: 0x0000000080006744 (0x6C358593) addi a1, a1, 0x6c3
x11 <- 0xFFFFFFFFFFD2BEC3
mem[X,0x0000000080006748] -> 0x9593
mem[X,0x000000008000674A] -> 0x00A5
[6615] [M]: 0x0000000080006748 (0x00A59593) slli a1, a1, 0xa
x11 <- 0xFFFFFFFF4AFB0C00
mem[X,0x000000008000674C] -> 0x8593
mem[X,0x000000008000674E] -> 0x0CE5
[6616] [M]: 0x000000008000674C (0x0CE58593) addi a1, a1, 0xce
x11 <- 0xFFFFFFFF4AFB0CCE
mem[X,0x0000000080006750] -> 0x063B
mem[X,0x0000000080006752] -> 0x40B5
[6617] [M]: 0x0000000080006750 (0x40B5063B) subw a2, a0, a1
x12 <- 0x000000005FAF9DDD
mem[X,0x0000000080006754] -> 0xBC23
mem[X,0x0000000080006756] -> 0x0AC2
[6618] [M]: 0x0000000080006754 (0x0AC2BC23) sd a2, 0xb8(t0)
mem[0x000000008000C260] <- 0x000000005FAF9DDD
mem[X,0x0000000080006758] -> 0xB537
mem[X,0x000000008000675A] -> 0xAAAA
[6619] [M]: 0x0000000080006758 (0xAAAAB537) lui a0, -0x55555
x10 <- 0xFFFFFFFFAAAAB000
mem[X,0x000000008000675C] -> 0x0513
mem[X,0x000000008000675E] -> 0xAAA5
[6620] [M]: 0x000000008000675C (0xAAA50513) addi a0, a0, -0x556
x10 <- 0xFFFFFFFFAAAAAAAA
mem[X,0x0000000080006760] -> 0x1513
mem[X,0x0000000080006762] -> 0x00B5
[6621] [M]: 0x0000000080006760 (0x00B51513) slli a0, a0, 0xb
x10 <- 0xFFFFFD5555555000
mem[X,0x0000000080006764] -> 0x0513
mem[X,0x0000000080006766] -> 0x5555
[6622] [M]: 0x0000000080006764 (0x55550513) addi a0, a0, 0x555
x10 <- 0xFFFFFD5555555555
mem[X,0x0000000080006768] -> 0x1513
mem[X,0x000000008000676A] -> 0x00B5
[6623] [M]: 0x0000000080006768 (0x00B51513) slli a0, a0, 0xb
x10 <- 0xFFEAAAAAAAAAA800
mem[X,0x000000008000676C] -> 0x0513
mem[X,0x000000008000676E] -> 0x2AA5
[6624] [M]: 0x000000008000676C (0x2AA50513) addi a0, a0, 0x2aa
x10 <- 0xFFEAAAAAAAAAAAAA
mem[X,0x0000000080006770] -> 0x1513
mem[X,0x0000000080006772] -> 0x00A5
[6625] [M]: 0x0000000080006770 (0x00A51513) slli a0, a0, 0xa
x10 <- 0xAAAAAAAAAAAAA800
mem[X,0x0000000080006774] -> 0x0513
mem[X,0x0000000080006776] -> 0x2AB5
[6626] [M]: 0x0000000080006774 (0x2AB50513) addi a0, a0, 0x2ab
x10 <- 0xAAAAAAAAAAAAAAAB
mem[X,0x0000000080006778] -> 0x05B7
mem[X,0x000000008000677A] -> 0x0000
[6627] [M]: 0x0000000080006778 (0x000005B7) lui a1, 0x0
x11 <- 0x0000000000000000
mem[X,0x000000008000677C] -> 0x8593
mem[X,0x000000008000677E] -> 0x0005
[6628] [M]: 0x000000008000677C (0x00058593) addi a1, a1, 0x0
x11 <- 0x0000000000000000
mem[X,0x0000000080006780] -> 0x9593
mem[X,0x0000000080006782] -> 0x00B5
[6629] [M]: 0x0000000080006780 (0x00B59593) slli a1, a1, 0xb
x11 <- 0x0000000000000000
mem[X,0x0000000080006784] -> 0x8593
mem[X,0x0000000080006786] -> 0x5A85
[6630] [M]: 0x0000000080006784 (0x5A858593) addi a1, a1, 0x5a8
x11 <- 0x00000000000005A8
mem[X,0x0000000080006788] -> 0x9593
mem[X,0x000000008000678A] -> 0x00B5
[6631] [M]: 0x0000000080006788 (0x00B59593) slli a1, a1, 0xb
x11 <- 0x00000000002D4000
mem[X,0x000000008000678C] -> 0x8593
mem[X,0x000000008000678E] -> 0x13C5
[6632] [M]: 0x000000008000678C (0x13C58593) addi a1, a1, 0x13c
x11 <- 0x00000000002D413C
mem[X,0x0000000080006790] -> 0x9593
mem[X,0x0000000080006792] -> 0x00A5
[6633] [M]: 0x0000000080006790 (0x00A59593) slli a1, a1, 0xa
x11 <- 0x00000000B504F000
mem[X,0x0000000080006794] -> 0x8593
mem[X,0x0000000080006796] -> 0x3345
[6634] [M]: 0x0000000080006794 (0x33458593) addi a1, a1, 0x334
x11 <- 0x00000000B504F334
mem[X,0x0000000080006798] -> 0x063B
mem[X,0x000000008000679A] -> 0x40B5
[6635] [M]: 0x0000000080006798 (0x40B5063B) subw a2, a0, a1
x12 <- 0xFFFFFFFFF5A5B777
mem[X,0x000000008000679C] -> 0xB023
mem[X,0x000000008000679E] -> 0x0CC2
[6636] [M]: 0x000000008000679C (0x0CC2B023) sd a2, 0xc0(t0)
mem[0x000000008000C268] <- 0xFFFFFFFFF5A5B777
mem[X,0x00000000800067A0] -> 0x0513
mem[X,0x00000000800067A2] -> 0x0060
[6637] [M]: 0x00000000800067A0 (0x00600513) addi a0, zero, 0x6
x10 <- 0x0000000000000006
mem[X,0x00000000800067A4] -> 0x0593
mem[X,0x00000000800067A6] -> 0x0030
[6638] [M]: 0x00000000800067A4 (0x00300593) addi a1, zero, 0x3
x11 <- 0x0000000000000003
mem[X,0x00000000800067A8] -> 0x063B
mem[X,0x00000000800067AA] -> 0x40B5
[6639] [M]: 0x00000000800067A8 (0x40B5063B) subw a2, a0, a1
x12 <- 0x0000000000000003
mem[X,0x00000000800067AC] -> 0xB423
mem[X,0x00000000800067AE] -> 0x0CC2
[6640] [M]: 0x00000000800067AC (0x0CC2B423) sd a2, 0xc8(t0)
mem[0x000000008000C270] <- 0x0000000000000003
mem[X,0x00000000800067B0] -> 0x0513
mem[X,0x00000000800067B2] -> 0x0060
[6641] [M]: 0x00000000800067B0 (0x00600513) addi a0, zero, 0x6
x10 <- 0x0000000000000006
mem[X,0x00000000800067B4] -> 0x55B7
mem[X,0x00000000800067B6] -> 0x5555
[6642] [M]: 0x00000000800067B4 (0x555555B7) lui a1, 0x55555
x11 <- 0x0000000055555000
mem[X,0x00000000800067B8] -> 0x8593
mem[X,0x00000000800067BA] -> 0x5555
[6643] [M]: 0x00000000800067B8 (0x55558593) addi a1, a1, 0x555
x11 <- 0x0000000055555555
mem[X,0x00000000800067BC] -> 0x9593
mem[X,0x00000000800067BE] -> 0x00B5
[6644] [M]: 0x00000000800067BC (0x00B59593) slli a1, a1, 0xb
x11 <- 0x000002AAAAAAA800
mem[X,0x00000000800067C0] -> 0x8593
mem[X,0x00000000800067C2] -> 0x2AA5
[6645] [M]: 0x00000000800067C0 (0x2AA58593) addi a1, a1, 0x2aa
x11 <- 0x000002AAAAAAAAAA
mem[X,0x00000000800067C4] -> 0x9593
mem[X,0x00000000800067C6] -> 0x00B5
[6646] [M]: 0x00000000800067C4 (0x00B59593) slli a1, a1, 0xb
x11 <- 0x0015555555555000
mem[X,0x00000000800067C8] -> 0x8593
mem[X,0x00000000800067CA] -> 0x5555
[6647] [M]: 0x00000000800067C8 (0x55558593) addi a1, a1, 0x555
x11 <- 0x0015555555555555
mem[X,0x00000000800067CC] -> 0x9593
mem[X,0x00000000800067CE] -> 0x00A5
[6648] [M]: 0x00000000800067CC (0x00A59593) slli a1, a1, 0xa
x11 <- 0x5555555555555400
mem[X,0x00000000800067D0] -> 0x8593
mem[X,0x00000000800067D2] -> 0x1555
[6649] [M]: 0x00000000800067D0 (0x15558593) addi a1, a1, 0x155
x11 <- 0x5555555555555555
mem[X,0x00000000800067D4] -> 0x063B
mem[X,0x00000000800067D6] -> 0x40B5
[6650] [M]: 0x00000000800067D4 (0x40B5063B) subw a2, a0, a1
x12 <- 0xFFFFFFFFAAAAAAB1
mem[X,0x00000000800067D8] -> 0xB823
mem[X,0x00000000800067DA] -> 0x0CC2
[6651] [M]: 0x00000000800067D8 (0x0CC2B823) sd a2, 0xd0(t0)
mem[0x000000008000C278] <- 0xFFFFFFFFAAAAAAB1
mem[X,0x00000000800067DC] -> 0x0513
mem[X,0x00000000800067DE] -> 0x0060
[6652] [M]: 0x00000000800067DC (0x00600513) addi a0, zero, 0x6
x10 <- 0x0000000000000006
mem[X,0x00000000800067E0] -> 0xB5B7
mem[X,0x00000000800067E2] -> 0xAAAA
[6653] [M]: 0x00000000800067E0 (0xAAAAB5B7) lui a1, -0x55555
x11 <- 0xFFFFFFFFAAAAB000
mem[X,0x00000000800067E4] -> 0x8593
mem[X,0x00000000800067E6] -> 0xAAA5
[6654] [M]: 0x00000000800067E4 (0xAAA58593) addi a1, a1, -0x556
x11 <- 0xFFFFFFFFAAAAAAAA
mem[X,0x00000000800067E8] -> 0x9593
mem[X,0x00000000800067EA] -> 0x00B5
[6655] [M]: 0x00000000800067E8 (0x00B59593) slli a1, a1, 0xb
x11 <- 0xFFFFFD5555555000
mem[X,0x00000000800067EC] -> 0x8593
mem[X,0x00000000800067EE] -> 0x5555
[6656] [M]: 0x00000000800067EC (0x55558593) addi a1, a1, 0x555
x11 <- 0xFFFFFD5555555555
mem[X,0x00000000800067F0] -> 0x9593
mem[X,0x00000000800067F2] -> 0x00B5
[6657] [M]: 0x00000000800067F0 (0x00B59593) slli a1, a1, 0xb
x11 <- 0xFFEAAAAAAAAAA800
mem[X,0x00000000800067F4] -> 0x8593
mem[X,0x00000000800067F6] -> 0x2AA5
[6658] [M]: 0x00000000800067F4 (0x2AA58593) addi a1, a1, 0x2aa
x11 <- 0xFFEAAAAAAAAAAAAA
mem[X,0x00000000800067F8] -> 0x9593
mem[X,0x00000000800067FA] -> 0x00A5
[6659] [M]: 0x00000000800067F8 (0x00A59593) slli a1, a1, 0xa
x11 <- 0xAAAAAAAAAAAAA800
mem[X,0x00000000800067FC] -> 0x8593
mem[X,0x00000000800067FE] -> 0x2AA5
[6660] [M]: 0x00000000800067FC (0x2AA58593) addi a1, a1, 0x2aa
x11 <- 0xAAAAAAAAAAAAAAAA
mem[X,0x0000000080006800] -> 0x063B
mem[X,0x0000000080006802] -> 0x40B5
[6661] [M]: 0x0000000080006800 (0x40B5063B) subw a2, a0, a1
x12 <- 0x000000005555555C
mem[X,0x0000000080006804] -> 0xBC23
mem[X,0x0000000080006806] -> 0x0CC2
[6662] [M]: 0x0000000080006804 (0x0CC2BC23) sd a2, 0xd8(t0)
mem[0x000000008000C280] <- 0x000000005555555C
mem[X,0x0000000080006808] -> 0x0513
mem[X,0x000000008000680A] -> 0x0060
[6663] [M]: 0x0000000080006808 (0x00600513) addi a0, zero, 0x6
x10 <- 0x0000000000000006
mem[X,0x000000008000680C] -> 0x0593
mem[X,0x000000008000680E] -> 0x0050
[6664] [M]: 0x000000008000680C (0x00500593) addi a1, zero, 0x5
x11 <- 0x0000000000000005
mem[X,0x0000000080006810] -> 0x063B
mem[X,0x0000000080006812] -> 0x40B5
[6665] [M]: 0x0000000080006810 (0x40B5063B) subw a2, a0, a1
x12 <- 0x0000000000000001
mem[X,0x0000000080006814] -> 0xB023
mem[X,0x0000000080006816] -> 0x0EC2
[6666] [M]: 0x0000000080006814 (0x0EC2B023) sd a2, 0xe0(t0)
mem[0x000000008000C288] <- 0x0000000000000001
mem[X,0x0000000080006818] -> 0x0513
mem[X,0x000000008000681A] -> 0x0060
[6667] [M]: 0x0000000080006818 (0x00600513) addi a0, zero, 0x6
x10 <- 0x0000000000000006
mem[X,0x000000008000681C] -> 0x35B7
mem[X,0x000000008000681E] -> 0x3333
[6668] [M]: 0x000000008000681C (0x333335B7) lui a1, 0x33333
x11 <- 0x0000000033333000
mem[X,0x0000000080006820] -> 0x8593
mem[X,0x0000000080006822] -> 0x3335
[6669] [M]: 0x0000000080006820 (0x33358593) addi a1, a1, 0x333
x11 <- 0x0000000033333333
mem[X,0x0000000080006824] -> 0x9593
mem[X,0x0000000080006826] -> 0x00B5
[6670] [M]: 0x0000000080006824 (0x00B59593) slli a1, a1, 0xb
x11 <- 0x0000019999999800
mem[X,0x0000000080006828] -> 0x8593
mem[X,0x000000008000682A] -> 0x1995
[6671] [M]: 0x0000000080006828 (0x19958593) addi a1, a1, 0x199
x11 <- 0x0000019999999999
mem[X,0x000000008000682C] -> 0x9593
mem[X,0x000000008000682E] -> 0x00B5
[6672] [M]: 0x000000008000682C (0x00B59593) slli a1, a1, 0xb
x11 <- 0x000CCCCCCCCCC800
mem[X,0x0000000080006830] -> 0x8593
mem[X,0x0000000080006832] -> 0x4CC5
[6673] [M]: 0x0000000080006830 (0x4CC58593) addi a1, a1, 0x4cc
x11 <- 0x000CCCCCCCCCCCCC
mem[X,0x0000000080006834] -> 0x9593
mem[X,0x0000000080006836] -> 0x00A5
[6674] [M]: 0x0000000080006834 (0x00A59593) slli a1, a1, 0xa
x11 <- 0x3333333333333000
mem[X,0x0000000080006838] -> 0x8593
mem[X,0x000000008000683A] -> 0x3335
[6675] [M]: 0x0000000080006838 (0x33358593) addi a1, a1, 0x333
x11 <- 0x3333333333333333
mem[X,0x000000008000683C] -> 0x063B
mem[X,0x000000008000683E] -> 0x40B5
[6676] [M]: 0x000000008000683C (0x40B5063B) subw a2, a0, a1
x12 <- 0xFFFFFFFFCCCCCCD3
mem[X,0x0000000080006840] -> 0xB423
mem[X,0x0000000080006842] -> 0x0EC2
[6677] [M]: 0x0000000080006840 (0x0EC2B423) sd a2, 0xe8(t0)
mem[0x000000008000C290] <- 0xFFFFFFFFCCCCCCD3
mem[X,0x0000000080006844] -> 0x0513
mem[X,0x0000000080006846] -> 0x0060
[6678] [M]: 0x0000000080006844 (0x00600513) addi a0, zero, 0x6
x10 <- 0x0000000000000006
mem[X,0x0000000080006848] -> 0x65B7
mem[X,0x000000008000684A] -> 0x6666
[6679] [M]: 0x0000000080006848 (0x666665B7) lui a1, 0x66666
x11 <- 0x0000000066666000
mem[X,0x000000008000684C] -> 0x8593
mem[X,0x000000008000684E] -> 0x6665
[6680] [M]: 0x000000008000684C (0x66658593) addi a1, a1, 0x666
x11 <- 0x0000000066666666
mem[X,0x0000000080006850] -> 0x9593
mem[X,0x0000000080006852] -> 0x00B5
[6681] [M]: 0x0000000080006850 (0x00B59593) slli a1, a1, 0xb
x11 <- 0x0000033333333000
mem[X,0x0000000080006854] -> 0x8593
mem[X,0x0000000080006856] -> 0x3335
[6682] [M]: 0x0000000080006854 (0x33358593) addi a1, a1, 0x333
x11 <- 0x0000033333333333
mem[X,0x0000000080006858] -> 0x9593
mem[X,0x000000008000685A] -> 0x00B5
[6683] [M]: 0x0000000080006858 (0x00B59593) slli a1, a1, 0xb
x11 <- 0x0019999999999800
mem[X,0x000000008000685C] -> 0x8593
mem[X,0x000000008000685E] -> 0x1995
[6684] [M]: 0x000000008000685C (0x19958593) addi a1, a1, 0x199
x11 <- 0x0019999999999999
mem[X,0x0000000080006860] -> 0x9593
mem[X,0x0000000080006862] -> 0x00A5
[6685] [M]: 0x0000000080006860 (0x00A59593) slli a1, a1, 0xa
x11 <- 0x6666666666666400
mem[X,0x0000000080006864] -> 0x8593
mem[X,0x0000000080006866] -> 0x2665
[6686] [M]: 0x0000000080006864 (0x26658593) addi a1, a1, 0x266
x11 <- 0x6666666666666666
mem[X,0x0000000080006868] -> 0x063B
mem[X,0x000000008000686A] -> 0x40B5
[6687] [M]: 0x0000000080006868 (0x40B5063B) subw a2, a0, a1
x12 <- 0xFFFFFFFF999999A0
mem[X,0x000000008000686C] -> 0xB823
mem[X,0x000000008000686E] -> 0x0EC2
[6688] [M]: 0x000000008000686C (0x0EC2B823) sd a2, 0xf0(t0)
mem[0x000000008000C298] <- 0xFFFFFFFF999999A0
mem[X,0x0000000080006870] -> 0x0513
mem[X,0x0000000080006872] -> 0x0060
[6689] [M]: 0x0000000080006870 (0x00600513) addi a0, zero, 0x6
x10 <- 0x0000000000000006
mem[X,0x0000000080006874] -> 0x05B7
mem[X,0x0000000080006876] -> 0x0000
[6690] [M]: 0x0000000080006874 (0x000005B7) lui a1, 0x0
x11 <- 0x0000000000000000
mem[X,0x0000000080006878] -> 0x8593
mem[X,0x000000008000687A] -> 0xFFF5
[6691] [M]: 0x0000000080006878 (0xFFF58593) addi a1, a1, -0x1
x11 <- 0xFFFFFFFFFFFFFFFF
mem[X,0x000000008000687C] -> 0x9593
mem[X,0x000000008000687E] -> 0x00B5
[6692] [M]: 0x000000008000687C (0x00B59593) slli a1, a1, 0xb
x11 <- 0xFFFFFFFFFFFFF800
mem[X,0x0000000080006880] -> 0x8593
mem[X,0x0000000080006882] -> 0x2575
[6693] [M]: 0x0000000080006880 (0x25758593) addi a1, a1, 0x257
x11 <- 0xFFFFFFFFFFFFFA57
mem[X,0x0000000080006884] -> 0x9593
mem[X,0x0000000080006886] -> 0x00B5
[6694] [M]: 0x0000000080006884 (0x00B59593) slli a1, a1, 0xb
x11 <- 0xFFFFFFFFFFD2B800
mem[X,0x0000000080006888] -> 0x8593
mem[X,0x000000008000688A] -> 0x6C35
[6695] [M]: 0x0000000080006888 (0x6C358593) addi a1, a1, 0x6c3
x11 <- 0xFFFFFFFFFFD2BEC3
mem[X,0x000000008000688C] -> 0x9593
mem[X,0x000000008000688E] -> 0x00A5
[6696] [M]: 0x000000008000688C (0x00A59593) slli a1, a1, 0xa
x11 <- 0xFFFFFFFF4AFB0C00
mem[X,0x0000000080006890] -> 0x8593
mem[X,0x0000000080006892] -> 0x0CD5
[6697] [M]: 0x0000000080006890 (0x0CD58593) addi a1, a1, 0xcd
x11 <- 0xFFFFFFFF4AFB0CCD
mem[X,0x0000000080006894] -> 0x063B
mem[X,0x0000000080006896] -> 0x40B5
[6698] [M]: 0x0000000080006894 (0x40B5063B) subw a2, a0, a1
x12 <- 0xFFFFFFFFB504F339
mem[X,0x0000000080006898] -> 0xBC23
mem[X,0x000000008000689A] -> 0x0EC2
[6699] [M]: 0x0000000080006898 (0x0EC2BC23) sd a2, 0xf8(t0)
mem[0x000000008000C2A0] <- 0xFFFFFFFFB504F339
clint::tick mtime <- 0x0000000000000043
 clint timer pending at mtime 0x0000000000000043
htif::tick 0x0000000000000000
mem[X,0x000000008000689C] -> 0x0513
mem[X,0x000000008000689E] -> 0x0060
[6700] [M]: 0x000000008000689C (0x00600513) addi a0, zero, 0x6
x10 <- 0x0000000000000006
mem[X,0x00000000800068A0] -> 0x05B7
mem[X,0x00000000800068A2] -> 0x0000
[6701] [M]: 0x00000000800068A0 (0x000005B7) lui a1, 0x0
x11 <- 0x0000000000000000
mem[X,0x00000000800068A4] -> 0x8593
mem[X,0x00000000800068A6] -> 0x0005
[6702] [M]: 0x00000000800068A4 (0x00058593) addi a1, a1, 0x0
x11 <- 0x0000000000000000
mem[X,0x00000000800068A8] -> 0x9593
mem[X,0x00000000800068AA] -> 0x00B5
[6703] [M]: 0x00000000800068A8 (0x00B59593) slli a1, a1, 0xb
x11 <- 0x0000000000000000
mem[X,0x00000000800068AC] -> 0x8593
mem[X,0x00000000800068AE] -> 0x5A85
[6704] [M]: 0x00000000800068AC (0x5A858593) addi a1, a1, 0x5a8
x11 <- 0x00000000000005A8
mem[X,0x00000000800068B0] -> 0x9593
mem[X,0x00000000800068B2] -> 0x00B5
[6705] [M]: 0x00000000800068B0 (0x00B59593) slli a1, a1, 0xb
x11 <- 0x00000000002D4000
mem[X,0x00000000800068B4] -> 0x8593
mem[X,0x00000000800068B6] -> 0x13C5
[6706] [M]: 0x00000000800068B4 (0x13C58593) addi a1, a1, 0x13c
x11 <- 0x00000000002D413C
mem[X,0x00000000800068B8] -> 0x9593
mem[X,0x00000000800068BA] -> 0x00A5
[6707] [M]: 0x00000000800068B8 (0x00A59593) slli a1, a1, 0xa
x11 <- 0x00000000B504F000
mem[X,0x00000000800068BC] -> 0x8593
mem[X,0x00000000800068BE] -> 0x3335
[6708] [M]: 0x00000000800068BC (0x33358593) addi a1, a1, 0x333
x11 <- 0x00000000B504F333
mem[X,0x00000000800068C0] -> 0x063B
mem[X,0x00000000800068C2] -> 0x40B5
[6709] [M]: 0x00000000800068C0 (0x40B5063B) subw a2, a0, a1
x12 <- 0x000000004AFB0CD3
mem[X,0x00000000800068C4] -> 0xB023
mem[X,0x00000000800068C6] -> 0x10C2
[6710] [M]: 0x00000000800068C4 (0x10C2B023) sd a2, 0x100(t0)
mem[0x000000008000C2A8] <- 0x000000004AFB0CD3
mem[X,0x00000000800068C8] -> 0x0513
mem[X,0x00000000800068CA] -> 0x0060
[6711] [M]: 0x00000000800068C8 (0x00600513) addi a0, zero, 0x6
x10 <- 0x0000000000000006
mem[X,0x00000000800068CC] -> 0x0593
mem[X,0x00000000800068CE] -> 0x0020
[6712] [M]: 0x00000000800068CC (0x00200593) addi a1, zero, 0x2
x11 <- 0x0000000000000002
mem[X,0x00000000800068D0] -> 0x063B
mem[X,0x00000000800068D2] -> 0x40B5
[6713] [M]: 0x00000000800068D0 (0x40B5063B) subw a2, a0, a1
x12 <- 0x0000000000000004
mem[X,0x00000000800068D4] -> 0xB423
mem[X,0x00000000800068D6] -> 0x10C2
[6714] [M]: 0x00000000800068D4 (0x10C2B423) sd a2, 0x108(t0)
mem[0x000000008000C2B0] <- 0x0000000000000004
mem[X,0x00000000800068D8] -> 0x0513
mem[X,0x00000000800068DA] -> 0x0060
[6715] [M]: 0x00000000800068D8 (0x00600513) addi a0, zero, 0x6
x10 <- 0x0000000000000006
mem[X,0x00000000800068DC] -> 0x55B7
mem[X,0x00000000800068DE] -> 0x5555
[6716] [M]: 0x00000000800068DC (0x555555B7) lui a1, 0x55555
x11 <- 0x0000000055555000
mem[X,0x00000000800068E0] -> 0x8593
mem[X,0x00000000800068E2] -> 0x5555
[6717] [M]: 0x00000000800068E0 (0x55558593) addi a1, a1, 0x555
x11 <- 0x0000000055555555
mem[X,0x00000000800068E4] -> 0x9593
mem[X,0x00000000800068E6] -> 0x00B5
[6718] [M]: 0x00000000800068E4 (0x00B59593) slli a1, a1, 0xb
x11 <- 0x000002AAAAAAA800
mem[X,0x00000000800068E8] -> 0x8593
mem[X,0x00000000800068EA] -> 0x2AA5
[6719] [M]: 0x00000000800068E8 (0x2AA58593) addi a1, a1, 0x2aa
x11 <- 0x000002AAAAAAAAAA
mem[X,0x00000000800068EC] -> 0x9593
mem[X,0x00000000800068EE] -> 0x00B5
[6720] [M]: 0x00000000800068EC (0x00B59593) slli a1, a1, 0xb
x11 <- 0x0015555555555000
mem[X,0x00000000800068F0] -> 0x8593
mem[X,0x00000000800068F2] -> 0x5555
[6721] [M]: 0x00000000800068F0 (0x55558593) addi a1, a1, 0x555
x11 <- 0x0015555555555555
mem[X,0x00000000800068F4] -> 0x9593
mem[X,0x00000000800068F6] -> 0x00A5
[6722] [M]: 0x00000000800068F4 (0x00A59593) slli a1, a1, 0xa
x11 <- 0x5555555555555400
mem[X,0x00000000800068F8] -> 0x8593
mem[X,0x00000000800068FA] -> 0x1545
[6723] [M]: 0x00000000800068F8 (0x15458593) addi a1, a1, 0x154
x11 <- 0x5555555555555554
mem[X,0x00000000800068FC] -> 0x063B
mem[X,0x00000000800068FE] -> 0x40B5
[6724] [M]: 0x00000000800068FC (0x40B5063B) subw a2, a0, a1
x12 <- 0xFFFFFFFFAAAAAAB2
mem[X,0x0000000080006900] -> 0xB823
mem[X,0x0000000080006902] -> 0x10C2
[6725] [M]: 0x0000000080006900 (0x10C2B823) sd a2, 0x110(t0)
mem[0x000000008000C2B8] <- 0xFFFFFFFFAAAAAAB2
mem[X,0x0000000080006904] -> 0x0513
mem[X,0x0000000080006906] -> 0x0060
[6726] [M]: 0x0000000080006904 (0x00600513) addi a0, zero, 0x6
x10 <- 0x0000000000000006
mem[X,0x0000000080006908] -> 0x0593
mem[X,0x000000008000690A] -> 0x0000
[6727] [M]: 0x0000000080006908 (0x00000593) addi a1, zero, 0x0
x11 <- 0x0000000000000000
mem[X,0x000000008000690C] -> 0x063B
mem[X,0x000000008000690E] -> 0x40B5
[6728] [M]: 0x000000008000690C (0x40B5063B) subw a2, a0, a1
x12 <- 0x0000000000000006
mem[X,0x0000000080006910] -> 0xBC23
mem[X,0x0000000080006912] -> 0x10C2
[6729] [M]: 0x0000000080006910 (0x10C2BC23) sd a2, 0x118(t0)
mem[0x000000008000C2C0] <- 0x0000000000000006
mem[X,0x0000000080006914] -> 0x0513
mem[X,0x0000000080006916] -> 0x0060
[6730] [M]: 0x0000000080006914 (0x00600513) addi a0, zero, 0x6
x10 <- 0x0000000000000006
mem[X,0x0000000080006918] -> 0x0593
mem[X,0x000000008000691A] -> 0x0040
[6731] [M]: 0x0000000080006918 (0x00400593) addi a1, zero, 0x4
x11 <- 0x0000000000000004
mem[X,0x000000008000691C] -> 0x063B
mem[X,0x000000008000691E] -> 0x40B5
[6732] [M]: 0x000000008000691C (0x40B5063B) subw a2, a0, a1
x12 <- 0x0000000000000002
mem[X,0x0000000080006920] -> 0xB023
mem[X,0x0000000080006922] -> 0x12C2
[6733] [M]: 0x0000000080006920 (0x12C2B023) sd a2, 0x120(t0)
mem[0x000000008000C2C8] <- 0x0000000000000002
mem[X,0x0000000080006924] -> 0x0513
mem[X,0x0000000080006926] -> 0x0060
[6734] [M]: 0x0000000080006924 (0x00600513) addi a0, zero, 0x6
x10 <- 0x0000000000000006
mem[X,0x0000000080006928] -> 0x35B7
mem[X,0x000000008000692A] -> 0x3333
[6735] [M]: 0x0000000080006928 (0x333335B7) lui a1, 0x33333
x11 <- 0x0000000033333000
mem[X,0x000000008000692C] -> 0x8593
mem[X,0x000000008000692E] -> 0x3335
[6736] [M]: 0x000000008000692C (0x33358593) addi a1, a1, 0x333
x11 <- 0x0000000033333333
mem[X,0x0000000080006930] -> 0x9593
mem[X,0x0000000080006932] -> 0x00B5
[6737] [M]: 0x0000000080006930 (0x00B59593) slli a1, a1, 0xb
x11 <- 0x0000019999999800
mem[X,0x0000000080006934] -> 0x8593
mem[X,0x0000000080006936] -> 0x1995
[6738] [M]: 0x0000000080006934 (0x19958593) addi a1, a1, 0x199
x11 <- 0x0000019999999999
mem[X,0x0000000080006938] -> 0x9593
mem[X,0x000000008000693A] -> 0x00B5
[6739] [M]: 0x0000000080006938 (0x00B59593) slli a1, a1, 0xb
x11 <- 0x000CCCCCCCCCC800
mem[X,0x000000008000693C] -> 0x8593
mem[X,0x000000008000693E] -> 0x4CC5
[6740] [M]: 0x000000008000693C (0x4CC58593) addi a1, a1, 0x4cc
x11 <- 0x000CCCCCCCCCCCCC
mem[X,0x0000000080006940] -> 0x9593
mem[X,0x0000000080006942] -> 0x00A5
[6741] [M]: 0x0000000080006940 (0x00A59593) slli a1, a1, 0xa
x11 <- 0x3333333333333000
mem[X,0x0000000080006944] -> 0x8593
mem[X,0x0000000080006946] -> 0x3325
[6742] [M]: 0x0000000080006944 (0x33258593) addi a1, a1, 0x332
x11 <- 0x3333333333333332
mem[X,0x0000000080006948] -> 0x063B
mem[X,0x000000008000694A] -> 0x40B5
[6743] [M]: 0x0000000080006948 (0x40B5063B) subw a2, a0, a1
x12 <- 0xFFFFFFFFCCCCCCD4
mem[X,0x000000008000694C] -> 0xB423
mem[X,0x000000008000694E] -> 0x12C2
[6744] [M]: 0x000000008000694C (0x12C2B423) sd a2, 0x128(t0)
mem[0x000000008000C2D0] <- 0xFFFFFFFFCCCCCCD4
mem[X,0x0000000080006950] -> 0x0513
mem[X,0x0000000080006952] -> 0x0060
[6745] [M]: 0x0000000080006950 (0x00600513) addi a0, zero, 0x6
x10 <- 0x0000000000000006
mem[X,0x0000000080006954] -> 0x65B7
mem[X,0x0000000080006956] -> 0x6666
[6746] [M]: 0x0000000080006954 (0x666665B7) lui a1, 0x66666
x11 <- 0x0000000066666000
mem[X,0x0000000080006958] -> 0x8593
mem[X,0x000000008000695A] -> 0x6665
[6747] [M]: 0x0000000080006958 (0x66658593) addi a1, a1, 0x666
x11 <- 0x0000000066666666
mem[X,0x000000008000695C] -> 0x9593
mem[X,0x000000008000695E] -> 0x00B5
[6748] [M]: 0x000000008000695C (0x00B59593) slli a1, a1, 0xb
x11 <- 0x0000033333333000
mem[X,0x0000000080006960] -> 0x8593
mem[X,0x0000000080006962] -> 0x3335
[6749] [M]: 0x0000000080006960 (0x33358593) addi a1, a1, 0x333
x11 <- 0x0000033333333333
mem[X,0x0000000080006964] -> 0x9593
mem[X,0x0000000080006966] -> 0x00B5
[6750] [M]: 0x0000000080006964 (0x00B59593) slli a1, a1, 0xb
x11 <- 0x0019999999999800
mem[X,0x0000000080006968] -> 0x8593
mem[X,0x000000008000696A] -> 0x1995
[6751] [M]: 0x0000000080006968 (0x19958593) addi a1, a1, 0x199
x11 <- 0x0019999999999999
mem[X,0x000000008000696C] -> 0x9593
mem[X,0x000000008000696E] -> 0x00A5
[6752] [M]: 0x000000008000696C (0x00A59593) slli a1, a1, 0xa
x11 <- 0x6666666666666400
mem[X,0x0000000080006970] -> 0x8593
mem[X,0x0000000080006972] -> 0x2655
[6753] [M]: 0x0000000080006970 (0x26558593) addi a1, a1, 0x265
x11 <- 0x6666666666666665
mem[X,0x0000000080006974] -> 0x063B
mem[X,0x0000000080006976] -> 0x40B5
[6754] [M]: 0x0000000080006974 (0x40B5063B) subw a2, a0, a1
x12 <- 0xFFFFFFFF999999A1
mem[X,0x0000000080006978] -> 0xB823
mem[X,0x000000008000697A] -> 0x12C2
[6755] [M]: 0x0000000080006978 (0x12C2B823) sd a2, 0x130(t0)
mem[0x000000008000C2D8] <- 0xFFFFFFFF999999A1
mem[X,0x000000008000697C] -> 0x0513
mem[X,0x000000008000697E] -> 0x0060
[6756] [M]: 0x000000008000697C (0x00600513) addi a0, zero, 0x6
x10 <- 0x0000000000000006
mem[X,0x0000000080006980] -> 0x05B7
mem[X,0x0000000080006982] -> 0x0000
[6757] [M]: 0x0000000080006980 (0x000005B7) lui a1, 0x0
x11 <- 0x0000000000000000
mem[X,0x0000000080006984] -> 0x8593
mem[X,0x0000000080006986] -> 0x0005
[6758] [M]: 0x0000000080006984 (0x00058593) addi a1, a1, 0x0
x11 <- 0x0000000000000000
mem[X,0x0000000080006988] -> 0x9593
mem[X,0x000000008000698A] -> 0x00B5
[6759] [M]: 0x0000000080006988 (0x00B59593) slli a1, a1, 0xb
x11 <- 0x0000000000000000
mem[X,0x000000008000698C] -> 0x8593
mem[X,0x000000008000698E] -> 0x5A85
[6760] [M]: 0x000000008000698C (0x5A858593) addi a1, a1, 0x5a8
x11 <- 0x00000000000005A8
mem[X,0x0000000080006990] -> 0x9593
mem[X,0x0000000080006992] -> 0x00B5
[6761] [M]: 0x0000000080006990 (0x00B59593) slli a1, a1, 0xb
x11 <- 0x00000000002D4000
mem[X,0x0000000080006994] -> 0x8593
mem[X,0x0000000080006996] -> 0x13C5
[6762] [M]: 0x0000000080006994 (0x13C58593) addi a1, a1, 0x13c
x11 <- 0x00000000002D413C
mem[X,0x0000000080006998] -> 0x9593
mem[X,0x000000008000699A] -> 0x00A5
[6763] [M]: 0x0000000080006998 (0x00A59593) slli a1, a1, 0xa
x11 <- 0x00000000B504F000
mem[X,0x000000008000699C] -> 0x8593
mem[X,0x000000008000699E] -> 0x3325
[6764] [M]: 0x000000008000699C (0x33258593) addi a1, a1, 0x332
x11 <- 0x00000000B504F332
mem[X,0x00000000800069A0] -> 0x063B
mem[X,0x00000000800069A2] -> 0x40B5
[6765] [M]: 0x00000000800069A0 (0x40B5063B) subw a2, a0, a1
x12 <- 0x000000004AFB0CD4
mem[X,0x00000000800069A4] -> 0xBC23
mem[X,0x00000000800069A6] -> 0x12C2
[6766] [M]: 0x00000000800069A4 (0x12C2BC23) sd a2, 0x138(t0)
mem[0x000000008000C2E0] <- 0x000000004AFB0CD4
mem[X,0x00000000800069A8] -> 0x0513
mem[X,0x00000000800069AA] -> 0x0060
[6767] [M]: 0x00000000800069A8 (0x00600513) addi a0, zero, 0x6
x10 <- 0x0000000000000006
mem[X,0x00000000800069AC] -> 0x55B7
mem[X,0x00000000800069AE] -> 0x5555
[6768] [M]: 0x00000000800069AC (0x555555B7) lui a1, 0x55555
x11 <- 0x0000000055555000
mem[X,0x00000000800069B0] -> 0x8593
mem[X,0x00000000800069B2] -> 0x5555
[6769] [M]: 0x00000000800069B0 (0x55558593) addi a1, a1, 0x555
x11 <- 0x0000000055555555
mem[X,0x00000000800069B4] -> 0x9593
mem[X,0x00000000800069B6] -> 0x00B5
[6770] [M]: 0x00000000800069B4 (0x00B59593) slli a1, a1, 0xb
x11 <- 0x000002AAAAAAA800
mem[X,0x00000000800069B8] -> 0x8593
mem[X,0x00000000800069BA] -> 0x2AA5
[6771] [M]: 0x00000000800069B8 (0x2AA58593) addi a1, a1, 0x2aa
x11 <- 0x000002AAAAAAAAAA
mem[X,0x00000000800069BC] -> 0x9593
mem[X,0x00000000800069BE] -> 0x00B5
[6772] [M]: 0x00000000800069BC (0x00B59593) slli a1, a1, 0xb
x11 <- 0x0015555555555000
mem[X,0x00000000800069C0] -> 0x8593
mem[X,0x00000000800069C2] -> 0x5555
[6773] [M]: 0x00000000800069C0 (0x55558593) addi a1, a1, 0x555
x11 <- 0x0015555555555555
mem[X,0x00000000800069C4] -> 0x9593
mem[X,0x00000000800069C6] -> 0x00A5
[6774] [M]: 0x00000000800069C4 (0x00A59593) slli a1, a1, 0xa
x11 <- 0x5555555555555400
mem[X,0x00000000800069C8] -> 0x8593
mem[X,0x00000000800069CA] -> 0x1565
[6775] [M]: 0x00000000800069C8 (0x15658593) addi a1, a1, 0x156
x11 <- 0x5555555555555556
mem[X,0x00000000800069CC] -> 0x063B
mem[X,0x00000000800069CE] -> 0x40B5
[6776] [M]: 0x00000000800069CC (0x40B5063B) subw a2, a0, a1
x12 <- 0xFFFFFFFFAAAAAAB0
mem[X,0x00000000800069D0] -> 0xB023
mem[X,0x00000000800069D2] -> 0x14C2
[6777] [M]: 0x00000000800069D0 (0x14C2B023) sd a2, 0x140(t0)
mem[0x000000008000C2E8] <- 0xFFFFFFFFAAAAAAB0
mem[X,0x00000000800069D4] -> 0x0513
mem[X,0x00000000800069D6] -> 0x0060
[6778] [M]: 0x00000000800069D4 (0x00600513) addi a0, zero, 0x6
x10 <- 0x0000000000000006
mem[X,0x00000000800069D8] -> 0xB5B7
mem[X,0x00000000800069DA] -> 0xAAAA
[6779] [M]: 0x00000000800069D8 (0xAAAAB5B7) lui a1, -0x55555
x11 <- 0xFFFFFFFFAAAAB000
mem[X,0x00000000800069DC] -> 0x8593
mem[X,0x00000000800069DE] -> 0xAAA5
[6780] [M]: 0x00000000800069DC (0xAAA58593) addi a1, a1, -0x556
x11 <- 0xFFFFFFFFAAAAAAAA
mem[X,0x00000000800069E0] -> 0x9593
mem[X,0x00000000800069E2] -> 0x00B5
[6781] [M]: 0x00000000800069E0 (0x00B59593) slli a1, a1, 0xb
x11 <- 0xFFFFFD5555555000
mem[X,0x00000000800069E4] -> 0x8593
mem[X,0x00000000800069E6] -> 0x5555
[6782] [M]: 0x00000000800069E4 (0x55558593) addi a1, a1, 0x555
x11 <- 0xFFFFFD5555555555
mem[X,0x00000000800069E8] -> 0x9593
mem[X,0x00000000800069EA] -> 0x00B5
[6783] [M]: 0x00000000800069E8 (0x00B59593) slli a1, a1, 0xb
x11 <- 0xFFEAAAAAAAAAA800
mem[X,0x00000000800069EC] -> 0x8593
mem[X,0x00000000800069EE] -> 0x2AA5
[6784] [M]: 0x00000000800069EC (0x2AA58593) addi a1, a1, 0x2aa
x11 <- 0xFFEAAAAAAAAAAAAA
mem[X,0x00000000800069F0] -> 0x9593
mem[X,0x00000000800069F2] -> 0x00A5
[6785] [M]: 0x00000000800069F0 (0x00A59593) slli a1, a1, 0xa
x11 <- 0xAAAAAAAAAAAAA800
mem[X,0x00000000800069F4] -> 0x8593
mem[X,0x00000000800069F6] -> 0x2AB5
[6786] [M]: 0x00000000800069F4 (0x2AB58593) addi a1, a1, 0x2ab
x11 <- 0xAAAAAAAAAAAAAAAB
mem[X,0x00000000800069F8] -> 0x063B
mem[X,0x00000000800069FA] -> 0x40B5
[6787] [M]: 0x00000000800069F8 (0x40B5063B) subw a2, a0, a1
x12 <- 0x000000005555555B
mem[X,0x00000000800069FC] -> 0xB423
mem[X,0x00000000800069FE] -> 0x14C2
[6788] [M]: 0x00000000800069FC (0x14C2B423) sd a2, 0x148(t0)
mem[0x000000008000C2F0] <- 0x000000005555555B
mem[X,0x0000000080006A00] -> 0x0513
mem[X,0x0000000080006A02] -> 0x0060
[6789] [M]: 0x0000000080006A00 (0x00600513) addi a0, zero, 0x6
x10 <- 0x0000000000000006
mem[X,0x0000000080006A04] -> 0x0593
mem[X,0x0000000080006A06] -> 0x0060
[6790] [M]: 0x0000000080006A04 (0x00600593) addi a1, zero, 0x6
x11 <- 0x0000000000000006
mem[X,0x0000000080006A08] -> 0x063B
mem[X,0x0000000080006A0A] -> 0x40B5
[6791] [M]: 0x0000000080006A08 (0x40B5063B) subw a2, a0, a1
x12 <- 0x0000000000000000
mem[X,0x0000000080006A0C] -> 0xB823
mem[X,0x0000000080006A0E] -> 0x14C2
[6792] [M]: 0x0000000080006A0C (0x14C2B823) sd a2, 0x150(t0)
mem[0x000000008000C2F8] <- 0x0000000000000000
mem[X,0x0000000080006A10] -> 0x0513
mem[X,0x0000000080006A12] -> 0x0060
[6793] [M]: 0x0000000080006A10 (0x00600513) addi a0, zero, 0x6
x10 <- 0x0000000000000006
mem[X,0x0000000080006A14] -> 0x35B7
mem[X,0x0000000080006A16] -> 0x3333
[6794] [M]: 0x0000000080006A14 (0x333335B7) lui a1, 0x33333
x11 <- 0x0000000033333000
mem[X,0x0000000080006A18] -> 0x8593
mem[X,0x0000000080006A1A] -> 0x3335
[6795] [M]: 0x0000000080006A18 (0x33358593) addi a1, a1, 0x333
x11 <- 0x0000000033333333
mem[X,0x0000000080006A1C] -> 0x9593
mem[X,0x0000000080006A1E] -> 0x00B5
[6796] [M]: 0x0000000080006A1C (0x00B59593) slli a1, a1, 0xb
x11 <- 0x0000019999999800
mem[X,0x0000000080006A20] -> 0x8593
mem[X,0x0000000080006A22] -> 0x1995
[6797] [M]: 0x0000000080006A20 (0x19958593) addi a1, a1, 0x199
x11 <- 0x0000019999999999
mem[X,0x0000000080006A24] -> 0x9593
mem[X,0x0000000080006A26] -> 0x00B5
[6798] [M]: 0x0000000080006A24 (0x00B59593) slli a1, a1, 0xb
x11 <- 0x000CCCCCCCCCC800
mem[X,0x0000000080006A28] -> 0x8593
mem[X,0x0000000080006A2A] -> 0x4CC5
[6799] [M]: 0x0000000080006A28 (0x4CC58593) addi a1, a1, 0x4cc
x11 <- 0x000CCCCCCCCCCCCC
clint::tick mtime <- 0x0000000000000044
 clint timer pending at mtime 0x0000000000000044
htif::tick 0x0000000000000000
mem[X,0x0000000080006A2C] -> 0x9593
mem[X,0x0000000080006A2E] -> 0x00A5
[6800] [M]: 0x0000000080006A2C (0x00A59593) slli a1, a1, 0xa
x11 <- 0x3333333333333000
mem[X,0x0000000080006A30] -> 0x8593
mem[X,0x0000000080006A32] -> 0x3345
[6801] [M]: 0x0000000080006A30 (0x33458593) addi a1, a1, 0x334
x11 <- 0x3333333333333334
mem[X,0x0000000080006A34] -> 0x063B
mem[X,0x0000000080006A36] -> 0x40B5
[6802] [M]: 0x0000000080006A34 (0x40B5063B) subw a2, a0, a1
x12 <- 0xFFFFFFFFCCCCCCD2
mem[X,0x0000000080006A38] -> 0xBC23
mem[X,0x0000000080006A3A] -> 0x14C2
[6803] [M]: 0x0000000080006A38 (0x14C2BC23) sd a2, 0x158(t0)
mem[0x000000008000C300] <- 0xFFFFFFFFCCCCCCD2
mem[X,0x0000000080006A3C] -> 0x0513
mem[X,0x0000000080006A3E] -> 0x0060
[6804] [M]: 0x0000000080006A3C (0x00600513) addi a0, zero, 0x6
x10 <- 0x0000000000000006
mem[X,0x0000000080006A40] -> 0x65B7
mem[X,0x0000000080006A42] -> 0x6666
[6805] [M]: 0x0000000080006A40 (0x666665B7) lui a1, 0x66666
x11 <- 0x0000000066666000
mem[X,0x0000000080006A44] -> 0x8593
mem[X,0x0000000080006A46] -> 0x6665
[6806] [M]: 0x0000000080006A44 (0x66658593) addi a1, a1, 0x666
x11 <- 0x0000000066666666
mem[X,0x0000000080006A48] -> 0x9593
mem[X,0x0000000080006A4A] -> 0x00B5
[6807] [M]: 0x0000000080006A48 (0x00B59593) slli a1, a1, 0xb
x11 <- 0x0000033333333000
mem[X,0x0000000080006A4C] -> 0x8593
mem[X,0x0000000080006A4E] -> 0x3335
[6808] [M]: 0x0000000080006A4C (0x33358593) addi a1, a1, 0x333
x11 <- 0x0000033333333333
mem[X,0x0000000080006A50] -> 0x9593
mem[X,0x0000000080006A52] -> 0x00B5
[6809] [M]: 0x0000000080006A50 (0x00B59593) slli a1, a1, 0xb
x11 <- 0x0019999999999800
mem[X,0x0000000080006A54] -> 0x8593
mem[X,0x0000000080006A56] -> 0x1995
[6810] [M]: 0x0000000080006A54 (0x19958593) addi a1, a1, 0x199
x11 <- 0x0019999999999999
mem[X,0x0000000080006A58] -> 0x9593
mem[X,0x0000000080006A5A] -> 0x00A5
[6811] [M]: 0x0000000080006A58 (0x00A59593) slli a1, a1, 0xa
x11 <- 0x6666666666666400
mem[X,0x0000000080006A5C] -> 0x8593
mem[X,0x0000000080006A5E] -> 0x2675
[6812] [M]: 0x0000000080006A5C (0x26758593) addi a1, a1, 0x267
x11 <- 0x6666666666666667
mem[X,0x0000000080006A60] -> 0x063B
mem[X,0x0000000080006A62] -> 0x40B5
[6813] [M]: 0x0000000080006A60 (0x40B5063B) subw a2, a0, a1
x12 <- 0xFFFFFFFF9999999F
mem[X,0x0000000080006A64] -> 0xB023
mem[X,0x0000000080006A66] -> 0x16C2
[6814] [M]: 0x0000000080006A64 (0x16C2B023) sd a2, 0x160(t0)
mem[0x000000008000C308] <- 0xFFFFFFFF9999999F
mem[X,0x0000000080006A68] -> 0x0513
mem[X,0x0000000080006A6A] -> 0x0060
[6815] [M]: 0x0000000080006A68 (0x00600513) addi a0, zero, 0x6
x10 <- 0x0000000000000006
mem[X,0x0000000080006A6C] -> 0x05B7
mem[X,0x0000000080006A6E] -> 0x0000
[6816] [M]: 0x0000000080006A6C (0x000005B7) lui a1, 0x0
x11 <- 0x0000000000000000
mem[X,0x0000000080006A70] -> 0x8593
mem[X,0x0000000080006A72] -> 0xFFF5
[6817] [M]: 0x0000000080006A70 (0xFFF58593) addi a1, a1, -0x1
x11 <- 0xFFFFFFFFFFFFFFFF
mem[X,0x0000000080006A74] -> 0x9593
mem[X,0x0000000080006A76] -> 0x00B5
[6818] [M]: 0x0000000080006A74 (0x00B59593) slli a1, a1, 0xb
x11 <- 0xFFFFFFFFFFFFF800
mem[X,0x0000000080006A78] -> 0x8593
mem[X,0x0000000080006A7A] -> 0x2575
[6819] [M]: 0x0000000080006A78 (0x25758593) addi a1, a1, 0x257
x11 <- 0xFFFFFFFFFFFFFA57
mem[X,0x0000000080006A7C] -> 0x9593
mem[X,0x0000000080006A7E] -> 0x00B5
[6820] [M]: 0x0000000080006A7C (0x00B59593) slli a1, a1, 0xb
x11 <- 0xFFFFFFFFFFD2B800
mem[X,0x0000000080006A80] -> 0x8593
mem[X,0x0000000080006A82] -> 0x6C35
[6821] [M]: 0x0000000080006A80 (0x6C358593) addi a1, a1, 0x6c3
x11 <- 0xFFFFFFFFFFD2BEC3
mem[X,0x0000000080006A84] -> 0x9593
mem[X,0x0000000080006A86] -> 0x00A5
[6822] [M]: 0x0000000080006A84 (0x00A59593) slli a1, a1, 0xa
x11 <- 0xFFFFFFFF4AFB0C00
mem[X,0x0000000080006A88] -> 0x8593
mem[X,0x0000000080006A8A] -> 0x0CE5
[6823] [M]: 0x0000000080006A88 (0x0CE58593) addi a1, a1, 0xce
x11 <- 0xFFFFFFFF4AFB0CCE
mem[X,0x0000000080006A8C] -> 0x063B
mem[X,0x0000000080006A8E] -> 0x40B5
[6824] [M]: 0x0000000080006A8C (0x40B5063B) subw a2, a0, a1
x12 <- 0xFFFFFFFFB504F338
mem[X,0x0000000080006A90] -> 0xB423
mem[X,0x0000000080006A92] -> 0x16C2
[6825] [M]: 0x0000000080006A90 (0x16C2B423) sd a2, 0x168(t0)
mem[0x000000008000C310] <- 0xFFFFFFFFB504F338
mem[X,0x0000000080006A94] -> 0x0513
mem[X,0x0000000080006A96] -> 0x0060
[6826] [M]: 0x0000000080006A94 (0x00600513) addi a0, zero, 0x6
x10 <- 0x0000000000000006
mem[X,0x0000000080006A98] -> 0x05B7
mem[X,0x0000000080006A9A] -> 0x0000
[6827] [M]: 0x0000000080006A98 (0x000005B7) lui a1, 0x0
x11 <- 0x0000000000000000
mem[X,0x0000000080006A9C] -> 0x8593
mem[X,0x0000000080006A9E] -> 0x0005
[6828] [M]: 0x0000000080006A9C (0x00058593) addi a1, a1, 0x0
x11 <- 0x0000000000000000
mem[X,0x0000000080006AA0] -> 0x9593
mem[X,0x0000000080006AA2] -> 0x00B5
[6829] [M]: 0x0000000080006AA0 (0x00B59593) slli a1, a1, 0xb
x11 <- 0x0000000000000000
mem[X,0x0000000080006AA4] -> 0x8593
mem[X,0x0000000080006AA6] -> 0x5A85
[6830] [M]: 0x0000000080006AA4 (0x5A858593) addi a1, a1, 0x5a8
x11 <- 0x00000000000005A8
mem[X,0x0000000080006AA8] -> 0x9593
mem[X,0x0000000080006AAA] -> 0x00B5
[6831] [M]: 0x0000000080006AA8 (0x00B59593) slli a1, a1, 0xb
x11 <- 0x00000000002D4000
mem[X,0x0000000080006AAC] -> 0x8593
mem[X,0x0000000080006AAE] -> 0x13C5
[6832] [M]: 0x0000000080006AAC (0x13C58593) addi a1, a1, 0x13c
x11 <- 0x00000000002D413C
mem[X,0x0000000080006AB0] -> 0x9593
mem[X,0x0000000080006AB2] -> 0x00A5
[6833] [M]: 0x0000000080006AB0 (0x00A59593) slli a1, a1, 0xa
x11 <- 0x00000000B504F000
mem[X,0x0000000080006AB4] -> 0x8593
mem[X,0x0000000080006AB6] -> 0x3345
[6834] [M]: 0x0000000080006AB4 (0x33458593) addi a1, a1, 0x334
x11 <- 0x00000000B504F334
mem[X,0x0000000080006AB8] -> 0x063B
mem[X,0x0000000080006ABA] -> 0x40B5
[6835] [M]: 0x0000000080006AB8 (0x40B5063B) subw a2, a0, a1
x12 <- 0x000000004AFB0CD2
mem[X,0x0000000080006ABC] -> 0xB823
mem[X,0x0000000080006ABE] -> 0x16C2
[6836] [M]: 0x0000000080006ABC (0x16C2B823) sd a2, 0x170(t0)
mem[0x000000008000C318] <- 0x000000004AFB0CD2
mem[X,0x0000000080006AC0] -> 0x3537
mem[X,0x0000000080006AC2] -> 0x3333
[6837] [M]: 0x0000000080006AC0 (0x33333537) lui a0, 0x33333
x10 <- 0x0000000033333000
mem[X,0x0000000080006AC4] -> 0x0513
mem[X,0x0000000080006AC6] -> 0x3335
[6838] [M]: 0x0000000080006AC4 (0x33350513) addi a0, a0, 0x333
x10 <- 0x0000000033333333
mem[X,0x0000000080006AC8] -> 0x1513
mem[X,0x0000000080006ACA] -> 0x00B5
[6839] [M]: 0x0000000080006AC8 (0x00B51513) slli a0, a0, 0xb
x10 <- 0x0000019999999800
mem[X,0x0000000080006ACC] -> 0x0513
mem[X,0x0000000080006ACE] -> 0x1995
[6840] [M]: 0x0000000080006ACC (0x19950513) addi a0, a0, 0x199
x10 <- 0x0000019999999999
mem[X,0x0000000080006AD0] -> 0x1513
mem[X,0x0000000080006AD2] -> 0x00B5
[6841] [M]: 0x0000000080006AD0 (0x00B51513) slli a0, a0, 0xb
x10 <- 0x000CCCCCCCCCC800
mem[X,0x0000000080006AD4] -> 0x0513
mem[X,0x0000000080006AD6] -> 0x4CC5
[6842] [M]: 0x0000000080006AD4 (0x4CC50513) addi a0, a0, 0x4cc
x10 <- 0x000CCCCCCCCCCCCC
mem[X,0x0000000080006AD8] -> 0x1513
mem[X,0x0000000080006ADA] -> 0x00A5
[6843] [M]: 0x0000000080006AD8 (0x00A51513) slli a0, a0, 0xa
x10 <- 0x3333333333333000
mem[X,0x0000000080006ADC] -> 0x0513
mem[X,0x0000000080006ADE] -> 0x3345
[6844] [M]: 0x0000000080006ADC (0x33450513) addi a0, a0, 0x334
x10 <- 0x3333333333333334
mem[X,0x0000000080006AE0] -> 0x0593
mem[X,0x0000000080006AE2] -> 0x0030
[6845] [M]: 0x0000000080006AE0 (0x00300593) addi a1, zero, 0x3
x11 <- 0x0000000000000003
mem[X,0x0000000080006AE4] -> 0x063B
mem[X,0x0000000080006AE6] -> 0x40B5
[6846] [M]: 0x0000000080006AE4 (0x40B5063B) subw a2, a0, a1
x12 <- 0x0000000033333331
mem[X,0x0000000080006AE8] -> 0xBC23
mem[X,0x0000000080006AEA] -> 0x16C2
[6847] [M]: 0x0000000080006AE8 (0x16C2BC23) sd a2, 0x178(t0)
mem[0x000000008000C320] <- 0x0000000033333331
mem[X,0x0000000080006AEC] -> 0x3537
mem[X,0x0000000080006AEE] -> 0x3333
[6848] [M]: 0x0000000080006AEC (0x33333537) lui a0, 0x33333
x10 <- 0x0000000033333000
mem[X,0x0000000080006AF0] -> 0x0513
mem[X,0x0000000080006AF2] -> 0x3335
[6849] [M]: 0x0000000080006AF0 (0x33350513) addi a0, a0, 0x333
x10 <- 0x0000000033333333
mem[X,0x0000000080006AF4] -> 0x1513
mem[X,0x0000000080006AF6] -> 0x00B5
[6850] [M]: 0x0000000080006AF4 (0x00B51513) slli a0, a0, 0xb
x10 <- 0x0000019999999800
mem[X,0x0000000080006AF8] -> 0x0513
mem[X,0x0000000080006AFA] -> 0x1995
[6851] [M]: 0x0000000080006AF8 (0x19950513) addi a0, a0, 0x199
x10 <- 0x0000019999999999
mem[X,0x0000000080006AFC] -> 0x1513
mem[X,0x0000000080006AFE] -> 0x00B5
[6852] [M]: 0x0000000080006AFC (0x00B51513) slli a0, a0, 0xb
x10 <- 0x000CCCCCCCCCC800
mem[X,0x0000000080006B00] -> 0x0513
mem[X,0x0000000080006B02] -> 0x4CC5
[6853] [M]: 0x0000000080006B00 (0x4CC50513) addi a0, a0, 0x4cc
x10 <- 0x000CCCCCCCCCCCCC
mem[X,0x0000000080006B04] -> 0x1513
mem[X,0x0000000080006B06] -> 0x00A5
[6854] [M]: 0x0000000080006B04 (0x00A51513) slli a0, a0, 0xa
x10 <- 0x3333333333333000
mem[X,0x0000000080006B08] -> 0x0513
mem[X,0x0000000080006B0A] -> 0x3345
[6855] [M]: 0x0000000080006B08 (0x33450513) addi a0, a0, 0x334
x10 <- 0x3333333333333334
mem[X,0x0000000080006B0C] -> 0x55B7
mem[X,0x0000000080006B0E] -> 0x5555
[6856] [M]: 0x0000000080006B0C (0x555555B7) lui a1, 0x55555
x11 <- 0x0000000055555000
mem[X,0x0000000080006B10] -> 0x8593
mem[X,0x0000000080006B12] -> 0x5555
[6857] [M]: 0x0000000080006B10 (0x55558593) addi a1, a1, 0x555
x11 <- 0x0000000055555555
mem[X,0x0000000080006B14] -> 0x9593
mem[X,0x0000000080006B16] -> 0x00B5
[6858] [M]: 0x0000000080006B14 (0x00B59593) slli a1, a1, 0xb
x11 <- 0x000002AAAAAAA800
mem[X,0x0000000080006B18] -> 0x8593
mem[X,0x0000000080006B1A] -> 0x2AA5
[6859] [M]: 0x0000000080006B18 (0x2AA58593) addi a1, a1, 0x2aa
x11 <- 0x000002AAAAAAAAAA
mem[X,0x0000000080006B1C] -> 0x9593
mem[X,0x0000000080006B1E] -> 0x00B5
[6860] [M]: 0x0000000080006B1C (0x00B59593) slli a1, a1, 0xb
x11 <- 0x0015555555555000
mem[X,0x0000000080006B20] -> 0x8593
mem[X,0x0000000080006B22] -> 0x5555
[6861] [M]: 0x0000000080006B20 (0x55558593) addi a1, a1, 0x555
x11 <- 0x0015555555555555
mem[X,0x0000000080006B24] -> 0x9593
mem[X,0x0000000080006B26] -> 0x00A5
[6862] [M]: 0x0000000080006B24 (0x00A59593) slli a1, a1, 0xa
x11 <- 0x5555555555555400
mem[X,0x0000000080006B28] -> 0x8593
mem[X,0x0000000080006B2A] -> 0x1555
[6863] [M]: 0x0000000080006B28 (0x15558593) addi a1, a1, 0x155
x11 <- 0x5555555555555555
mem[X,0x0000000080006B2C] -> 0x063B
mem[X,0x0000000080006B2E] -> 0x40B5
[6864] [M]: 0x0000000080006B2C (0x40B5063B) subw a2, a0, a1
x12 <- 0xFFFFFFFFDDDDDDDF
mem[X,0x0000000080006B30] -> 0xB023
mem[X,0x0000000080006B32] -> 0x18C2
[6865] [M]: 0x0000000080006B30 (0x18C2B023) sd a2, 0x180(t0)
mem[0x000000008000C328] <- 0xFFFFFFFFDDDDDDDF
mem[X,0x0000000080006B34] -> 0x3537
mem[X,0x0000000080006B36] -> 0x3333
[6866] [M]: 0x0000000080006B34 (0x33333537) lui a0, 0x33333
x10 <- 0x0000000033333000
mem[X,0x0000000080006B38] -> 0x0513
mem[X,0x0000000080006B3A] -> 0x3335
[6867] [M]: 0x0000000080006B38 (0x33350513) addi a0, a0, 0x333
x10 <- 0x0000000033333333
mem[X,0x0000000080006B3C] -> 0x1513
mem[X,0x0000000080006B3E] -> 0x00B5
[6868] [M]: 0x0000000080006B3C (0x00B51513) slli a0, a0, 0xb
x10 <- 0x0000019999999800
mem[X,0x0000000080006B40] -> 0x0513
mem[X,0x0000000080006B42] -> 0x1995
[6869] [M]: 0x0000000080006B40 (0x19950513) addi a0, a0, 0x199
x10 <- 0x0000019999999999
mem[X,0x0000000080006B44] -> 0x1513
mem[X,0x0000000080006B46] -> 0x00B5
[6870] [M]: 0x0000000080006B44 (0x00B51513) slli a0, a0, 0xb
x10 <- 0x000CCCCCCCCCC800
mem[X,0x0000000080006B48] -> 0x0513
mem[X,0x0000000080006B4A] -> 0x4CC5
[6871] [M]: 0x0000000080006B48 (0x4CC50513) addi a0, a0, 0x4cc
x10 <- 0x000CCCCCCCCCCCCC
mem[X,0x0000000080006B4C] -> 0x1513
mem[X,0x0000000080006B4E] -> 0x00A5
[6872] [M]: 0x0000000080006B4C (0x00A51513) slli a0, a0, 0xa
x10 <- 0x3333333333333000
mem[X,0x0000000080006B50] -> 0x0513
mem[X,0x0000000080006B52] -> 0x3345
[6873] [M]: 0x0000000080006B50 (0x33450513) addi a0, a0, 0x334
x10 <- 0x3333333333333334
mem[X,0x0000000080006B54] -> 0xB5B7
mem[X,0x0000000080006B56] -> 0xAAAA
[6874] [M]: 0x0000000080006B54 (0xAAAAB5B7) lui a1, -0x55555
x11 <- 0xFFFFFFFFAAAAB000
mem[X,0x0000000080006B58] -> 0x8593
mem[X,0x0000000080006B5A] -> 0xAAA5
[6875] [M]: 0x0000000080006B58 (0xAAA58593) addi a1, a1, -0x556
x11 <- 0xFFFFFFFFAAAAAAAA
mem[X,0x0000000080006B5C] -> 0x9593
mem[X,0x0000000080006B5E] -> 0x00B5
[6876] [M]: 0x0000000080006B5C (0x00B59593) slli a1, a1, 0xb
x11 <- 0xFFFFFD5555555000
mem[X,0x0000000080006B60] -> 0x8593
mem[X,0x0000000080006B62] -> 0x5555
[6877] [M]: 0x0000000080006B60 (0x55558593) addi a1, a1, 0x555
x11 <- 0xFFFFFD5555555555
mem[X,0x0000000080006B64] -> 0x9593
mem[X,0x0000000080006B66] -> 0x00B5
[6878] [M]: 0x0000000080006B64 (0x00B59593) slli a1, a1, 0xb
x11 <- 0xFFEAAAAAAAAAA800
mem[X,0x0000000080006B68] -> 0x8593
mem[X,0x0000000080006B6A] -> 0x2AA5
[6879] [M]: 0x0000000080006B68 (0x2AA58593) addi a1, a1, 0x2aa
x11 <- 0xFFEAAAAAAAAAAAAA
mem[X,0x0000000080006B6C] -> 0x9593
mem[X,0x0000000080006B6E] -> 0x00A5
[6880] [M]: 0x0000000080006B6C (0x00A59593) slli a1, a1, 0xa
x11 <- 0xAAAAAAAAAAAAA800
mem[X,0x0000000080006B70] -> 0x8593
mem[X,0x0000000080006B72] -> 0x2AA5
[6881] [M]: 0x0000000080006B70 (0x2AA58593) addi a1, a1, 0x2aa
x11 <- 0xAAAAAAAAAAAAAAAA
mem[X,0x0000000080006B74] -> 0x063B
mem[X,0x0000000080006B76] -> 0x40B5
[6882] [M]: 0x0000000080006B74 (0x40B5063B) subw a2, a0, a1
x12 <- 0xFFFFFFFF8888888A
mem[X,0x0000000080006B78] -> 0xB423
mem[X,0x0000000080006B7A] -> 0x18C2
[6883] [M]: 0x0000000080006B78 (0x18C2B423) sd a2, 0x188(t0)
mem[0x000000008000C330] <- 0xFFFFFFFF8888888A
mem[X,0x0000000080006B7C] -> 0x3537
mem[X,0x0000000080006B7E] -> 0x3333
[6884] [M]: 0x0000000080006B7C (0x33333537) lui a0, 0x33333
x10 <- 0x0000000033333000
mem[X,0x0000000080006B80] -> 0x0513
mem[X,0x0000000080006B82] -> 0x3335
[6885] [M]: 0x0000000080006B80 (0x33350513) addi a0, a0, 0x333
x10 <- 0x0000000033333333
mem[X,0x0000000080006B84] -> 0x1513
mem[X,0x0000000080006B86] -> 0x00B5
[6886] [M]: 0x0000000080006B84 (0x00B51513) slli a0, a0, 0xb
x10 <- 0x0000019999999800
mem[X,0x0000000080006B88] -> 0x0513
mem[X,0x0000000080006B8A] -> 0x1995
[6887] [M]: 0x0000000080006B88 (0x19950513) addi a0, a0, 0x199
x10 <- 0x0000019999999999
mem[X,0x0000000080006B8C] -> 0x1513
mem[X,0x0000000080006B8E] -> 0x00B5
[6888] [M]: 0x0000000080006B8C (0x00B51513) slli a0, a0, 0xb
x10 <- 0x000CCCCCCCCCC800
mem[X,0x0000000080006B90] -> 0x0513
mem[X,0x0000000080006B92] -> 0x4CC5
[6889] [M]: 0x0000000080006B90 (0x4CC50513) addi a0, a0, 0x4cc
x10 <- 0x000CCCCCCCCCCCCC
mem[X,0x0000000080006B94] -> 0x1513
mem[X,0x0000000080006B96] -> 0x00A5
[6890] [M]: 0x0000000080006B94 (0x00A51513) slli a0, a0, 0xa
x10 <- 0x3333333333333000
mem[X,0x0000000080006B98] -> 0x0513
mem[X,0x0000000080006B9A] -> 0x3345
[6891] [M]: 0x0000000080006B98 (0x33450513) addi a0, a0, 0x334
x10 <- 0x3333333333333334
mem[X,0x0000000080006B9C] -> 0x0593
mem[X,0x0000000080006B9E] -> 0x0050
[6892] [M]: 0x0000000080006B9C (0x00500593) addi a1, zero, 0x5
x11 <- 0x0000000000000005
mem[X,0x0000000080006BA0] -> 0x063B
mem[X,0x0000000080006BA2] -> 0x40B5
[6893] [M]: 0x0000000080006BA0 (0x40B5063B) subw a2, a0, a1
x12 <- 0x000000003333332F
mem[X,0x0000000080006BA4] -> 0xB823
mem[X,0x0000000080006BA6] -> 0x18C2
[6894] [M]: 0x0000000080006BA4 (0x18C2B823) sd a2, 0x190(t0)
mem[0x000000008000C338] <- 0x000000003333332F
mem[X,0x0000000080006BA8] -> 0x3537
mem[X,0x0000000080006BAA] -> 0x3333
[6895] [M]: 0x0000000080006BA8 (0x33333537) lui a0, 0x33333
x10 <- 0x0000000033333000
mem[X,0x0000000080006BAC] -> 0x0513
mem[X,0x0000000080006BAE] -> 0x3335
[6896] [M]: 0x0000000080006BAC (0x33350513) addi a0, a0, 0x333
x10 <- 0x0000000033333333
mem[X,0x0000000080006BB0] -> 0x1513
mem[X,0x0000000080006BB2] -> 0x00B5
[6897] [M]: 0x0000000080006BB0 (0x00B51513) slli a0, a0, 0xb
x10 <- 0x0000019999999800
mem[X,0x0000000080006BB4] -> 0x0513
mem[X,0x0000000080006BB6] -> 0x1995
[6898] [M]: 0x0000000080006BB4 (0x19950513) addi a0, a0, 0x199
x10 <- 0x0000019999999999
mem[X,0x0000000080006BB8] -> 0x1513
mem[X,0x0000000080006BBA] -> 0x00B5
[6899] [M]: 0x0000000080006BB8 (0x00B51513) slli a0, a0, 0xb
x10 <- 0x000CCCCCCCCCC800
clint::tick mtime <- 0x0000000000000045
 clint timer pending at mtime 0x0000000000000045
htif::tick 0x0000000000000000
mem[X,0x0000000080006BBC] -> 0x0513
mem[X,0x0000000080006BBE] -> 0x4CC5
[6900] [M]: 0x0000000080006BBC (0x4CC50513) addi a0, a0, 0x4cc
x10 <- 0x000CCCCCCCCCCCCC
mem[X,0x0000000080006BC0] -> 0x1513
mem[X,0x0000000080006BC2] -> 0x00A5
[6901] [M]: 0x0000000080006BC0 (0x00A51513) slli a0, a0, 0xa
x10 <- 0x3333333333333000
mem[X,0x0000000080006BC4] -> 0x0513
mem[X,0x0000000080006BC6] -> 0x3345
[6902] [M]: 0x0000000080006BC4 (0x33450513) addi a0, a0, 0x334
x10 <- 0x3333333333333334
mem[X,0x0000000080006BC8] -> 0x35B7
mem[X,0x0000000080006BCA] -> 0x3333
[6903] [M]: 0x0000000080006BC8 (0x333335B7) lui a1, 0x33333
x11 <- 0x0000000033333000
mem[X,0x0000000080006BCC] -> 0x8593
mem[X,0x0000000080006BCE] -> 0x3335
[6904] [M]: 0x0000000080006BCC (0x33358593) addi a1, a1, 0x333
x11 <- 0x0000000033333333
mem[X,0x0000000080006BD0] -> 0x9593
mem[X,0x0000000080006BD2] -> 0x00B5
[6905] [M]: 0x0000000080006BD0 (0x00B59593) slli a1, a1, 0xb
x11 <- 0x0000019999999800
mem[X,0x0000000080006BD4] -> 0x8593
mem[X,0x0000000080006BD6] -> 0x1995
[6906] [M]: 0x0000000080006BD4 (0x19958593) addi a1, a1, 0x199
x11 <- 0x0000019999999999
mem[X,0x0000000080006BD8] -> 0x9593
mem[X,0x0000000080006BDA] -> 0x00B5
[6907] [M]: 0x0000000080006BD8 (0x00B59593) slli a1, a1, 0xb
x11 <- 0x000CCCCCCCCCC800
mem[X,0x0000000080006BDC] -> 0x8593
mem[X,0x0000000080006BDE] -> 0x4CC5
[6908] [M]: 0x0000000080006BDC (0x4CC58593) addi a1, a1, 0x4cc
x11 <- 0x000CCCCCCCCCCCCC
mem[X,0x0000000080006BE0] -> 0x9593
mem[X,0x0000000080006BE2] -> 0x00A5
[6909] [M]: 0x0000000080006BE0 (0x00A59593) slli a1, a1, 0xa
x11 <- 0x3333333333333000
mem[X,0x0000000080006BE4] -> 0x8593
mem[X,0x0000000080006BE6] -> 0x3335
[6910] [M]: 0x0000000080006BE4 (0x33358593) addi a1, a1, 0x333
x11 <- 0x3333333333333333
mem[X,0x0000000080006BE8] -> 0x063B
mem[X,0x0000000080006BEA] -> 0x40B5
[6911] [M]: 0x0000000080006BE8 (0x40B5063B) subw a2, a0, a1
x12 <- 0x0000000000000001
mem[X,0x0000000080006BEC] -> 0xBC23
mem[X,0x0000000080006BEE] -> 0x18C2
[6912] [M]: 0x0000000080006BEC (0x18C2BC23) sd a2, 0x198(t0)
mem[0x000000008000C340] <- 0x0000000000000001
mem[X,0x0000000080006BF0] -> 0x3537
mem[X,0x0000000080006BF2] -> 0x3333
[6913] [M]: 0x0000000080006BF0 (0x33333537) lui a0, 0x33333
x10 <- 0x0000000033333000
mem[X,0x0000000080006BF4] -> 0x0513
mem[X,0x0000000080006BF6] -> 0x3335
[6914] [M]: 0x0000000080006BF4 (0x33350513) addi a0, a0, 0x333
x10 <- 0x0000000033333333
mem[X,0x0000000080006BF8] -> 0x1513
mem[X,0x0000000080006BFA] -> 0x00B5
[6915] [M]: 0x0000000080006BF8 (0x00B51513) slli a0, a0, 0xb
x10 <- 0x0000019999999800
mem[X,0x0000000080006BFC] -> 0x0513
mem[X,0x0000000080006BFE] -> 0x1995
[6916] [M]: 0x0000000080006BFC (0x19950513) addi a0, a0, 0x199
x10 <- 0x0000019999999999
mem[X,0x0000000080006C00] -> 0x1513
mem[X,0x0000000080006C02] -> 0x00B5
[6917] [M]: 0x0000000080006C00 (0x00B51513) slli a0, a0, 0xb
x10 <- 0x000CCCCCCCCCC800
mem[X,0x0000000080006C04] -> 0x0513
mem[X,0x0000000080006C06] -> 0x4CC5
[6918] [M]: 0x0000000080006C04 (0x4CC50513) addi a0, a0, 0x4cc
x10 <- 0x000CCCCCCCCCCCCC
mem[X,0x0000000080006C08] -> 0x1513
mem[X,0x0000000080006C0A] -> 0x00A5
[6919] [M]: 0x0000000080006C08 (0x00A51513) slli a0, a0, 0xa
x10 <- 0x3333333333333000
mem[X,0x0000000080006C0C] -> 0x0513
mem[X,0x0000000080006C0E] -> 0x3345
[6920] [M]: 0x0000000080006C0C (0x33450513) addi a0, a0, 0x334
x10 <- 0x3333333333333334
mem[X,0x0000000080006C10] -> 0x65B7
mem[X,0x0000000080006C12] -> 0x6666
[6921] [M]: 0x0000000080006C10 (0x666665B7) lui a1, 0x66666
x11 <- 0x0000000066666000
mem[X,0x0000000080006C14] -> 0x8593
mem[X,0x0000000080006C16] -> 0x6665
[6922] [M]: 0x0000000080006C14 (0x66658593) addi a1, a1, 0x666
x11 <- 0x0000000066666666
mem[X,0x0000000080006C18] -> 0x9593
mem[X,0x0000000080006C1A] -> 0x00B5
[6923] [M]: 0x0000000080006C18 (0x00B59593) slli a1, a1, 0xb
x11 <- 0x0000033333333000
mem[X,0x0000000080006C1C] -> 0x8593
mem[X,0x0000000080006C1E] -> 0x3335
[6924] [M]: 0x0000000080006C1C (0x33358593) addi a1, a1, 0x333
x11 <- 0x0000033333333333
mem[X,0x0000000080006C20] -> 0x9593
mem[X,0x0000000080006C22] -> 0x00B5
[6925] [M]: 0x0000000080006C20 (0x00B59593) slli a1, a1, 0xb
x11 <- 0x0019999999999800
mem[X,0x0000000080006C24] -> 0x8593
mem[X,0x0000000080006C26] -> 0x1995
[6926] [M]: 0x0000000080006C24 (0x19958593) addi a1, a1, 0x199
x11 <- 0x0019999999999999
mem[X,0x0000000080006C28] -> 0x9593
mem[X,0x0000000080006C2A] -> 0x00A5
[6927] [M]: 0x0000000080006C28 (0x00A59593) slli a1, a1, 0xa
x11 <- 0x6666666666666400
mem[X,0x0000000080006C2C] -> 0x8593
mem[X,0x0000000080006C2E] -> 0x2665
[6928] [M]: 0x0000000080006C2C (0x26658593) addi a1, a1, 0x266
x11 <- 0x6666666666666666
mem[X,0x0000000080006C30] -> 0x063B
mem[X,0x0000000080006C32] -> 0x40B5
[6929] [M]: 0x0000000080006C30 (0x40B5063B) subw a2, a0, a1
x12 <- 0xFFFFFFFFCCCCCCCE
mem[X,0x0000000080006C34] -> 0xB023
mem[X,0x0000000080006C36] -> 0x1AC2
[6930] [M]: 0x0000000080006C34 (0x1AC2B023) sd a2, 0x1a0(t0)
mem[0x000000008000C348] <- 0xFFFFFFFFCCCCCCCE
mem[X,0x0000000080006C38] -> 0x3537
mem[X,0x0000000080006C3A] -> 0x3333
[6931] [M]: 0x0000000080006C38 (0x33333537) lui a0, 0x33333
x10 <- 0x0000000033333000
mem[X,0x0000000080006C3C] -> 0x0513
mem[X,0x0000000080006C3E] -> 0x3335
[6932] [M]: 0x0000000080006C3C (0x33350513) addi a0, a0, 0x333
x10 <- 0x0000000033333333
mem[X,0x0000000080006C40] -> 0x1513
mem[X,0x0000000080006C42] -> 0x00B5
[6933] [M]: 0x0000000080006C40 (0x00B51513) slli a0, a0, 0xb
x10 <- 0x0000019999999800
mem[X,0x0000000080006C44] -> 0x0513
mem[X,0x0000000080006C46] -> 0x1995
[6934] [M]: 0x0000000080006C44 (0x19950513) addi a0, a0, 0x199
x10 <- 0x0000019999999999
mem[X,0x0000000080006C48] -> 0x1513
mem[X,0x0000000080006C4A] -> 0x00B5
[6935] [M]: 0x0000000080006C48 (0x00B51513) slli a0, a0, 0xb
x10 <- 0x000CCCCCCCCCC800
mem[X,0x0000000080006C4C] -> 0x0513
mem[X,0x0000000080006C4E] -> 0x4CC5
[6936] [M]: 0x0000000080006C4C (0x4CC50513) addi a0, a0, 0x4cc
x10 <- 0x000CCCCCCCCCCCCC
mem[X,0x0000000080006C50] -> 0x1513
mem[X,0x0000000080006C52] -> 0x00A5
[6937] [M]: 0x0000000080006C50 (0x00A51513) slli a0, a0, 0xa
x10 <- 0x3333333333333000
mem[X,0x0000000080006C54] -> 0x0513
mem[X,0x0000000080006C56] -> 0x3345
[6938] [M]: 0x0000000080006C54 (0x33450513) addi a0, a0, 0x334
x10 <- 0x3333333333333334
mem[X,0x0000000080006C58] -> 0x05B7
mem[X,0x0000000080006C5A] -> 0x0000
[6939] [M]: 0x0000000080006C58 (0x000005B7) lui a1, 0x0
x11 <- 0x0000000000000000
mem[X,0x0000000080006C5C] -> 0x8593
mem[X,0x0000000080006C5E] -> 0xFFF5
[6940] [M]: 0x0000000080006C5C (0xFFF58593) addi a1, a1, -0x1
x11 <- 0xFFFFFFFFFFFFFFFF
mem[X,0x0000000080006C60] -> 0x9593
mem[X,0x0000000080006C62] -> 0x00B5
[6941] [M]: 0x0000000080006C60 (0x00B59593) slli a1, a1, 0xb
x11 <- 0xFFFFFFFFFFFFF800
mem[X,0x0000000080006C64] -> 0x8593
mem[X,0x0000000080006C66] -> 0x2575
[6942] [M]: 0x0000000080006C64 (0x25758593) addi a1, a1, 0x257
x11 <- 0xFFFFFFFFFFFFFA57
mem[X,0x0000000080006C68] -> 0x9593
mem[X,0x0000000080006C6A] -> 0x00B5
[6943] [M]: 0x0000000080006C68 (0x00B59593) slli a1, a1, 0xb
x11 <- 0xFFFFFFFFFFD2B800
mem[X,0x0000000080006C6C] -> 0x8593
mem[X,0x0000000080006C6E] -> 0x6C35
[6944] [M]: 0x0000000080006C6C (0x6C358593) addi a1, a1, 0x6c3
x11 <- 0xFFFFFFFFFFD2BEC3
mem[X,0x0000000080006C70] -> 0x9593
mem[X,0x0000000080006C72] -> 0x00A5
[6945] [M]: 0x0000000080006C70 (0x00A59593) slli a1, a1, 0xa
x11 <- 0xFFFFFFFF4AFB0C00
mem[X,0x0000000080006C74] -> 0x8593
mem[X,0x0000000080006C76] -> 0x0CD5
[6946] [M]: 0x0000000080006C74 (0x0CD58593) addi a1, a1, 0xcd
x11 <- 0xFFFFFFFF4AFB0CCD
mem[X,0x0000000080006C78] -> 0x063B
mem[X,0x0000000080006C7A] -> 0x40B5
[6947] [M]: 0x0000000080006C78 (0x40B5063B) subw a2, a0, a1
x12 <- 0xFFFFFFFFE8382667
mem[X,0x0000000080006C7C] -> 0xB423
mem[X,0x0000000080006C7E] -> 0x1AC2
[6948] [M]: 0x0000000080006C7C (0x1AC2B423) sd a2, 0x1a8(t0)
mem[0x000000008000C350] <- 0xFFFFFFFFE8382667
mem[X,0x0000000080006C80] -> 0x3537
mem[X,0x0000000080006C82] -> 0x3333
[6949] [M]: 0x0000000080006C80 (0x33333537) lui a0, 0x33333
x10 <- 0x0000000033333000
mem[X,0x0000000080006C84] -> 0x0513
mem[X,0x0000000080006C86] -> 0x3335
[6950] [M]: 0x0000000080006C84 (0x33350513) addi a0, a0, 0x333
x10 <- 0x0000000033333333
mem[X,0x0000000080006C88] -> 0x1513
mem[X,0x0000000080006C8A] -> 0x00B5
[6951] [M]: 0x0000000080006C88 (0x00B51513) slli a0, a0, 0xb
x10 <- 0x0000019999999800
mem[X,0x0000000080006C8C] -> 0x0513
mem[X,0x0000000080006C8E] -> 0x1995
[6952] [M]: 0x0000000080006C8C (0x19950513) addi a0, a0, 0x199
x10 <- 0x0000019999999999
mem[X,0x0000000080006C90] -> 0x1513
mem[X,0x0000000080006C92] -> 0x00B5
[6953] [M]: 0x0000000080006C90 (0x00B51513) slli a0, a0, 0xb
x10 <- 0x000CCCCCCCCCC800
mem[X,0x0000000080006C94] -> 0x0513
mem[X,0x0000000080006C96] -> 0x4CC5
[6954] [M]: 0x0000000080006C94 (0x4CC50513) addi a0, a0, 0x4cc
x10 <- 0x000CCCCCCCCCCCCC
mem[X,0x0000000080006C98] -> 0x1513
mem[X,0x0000000080006C9A] -> 0x00A5
[6955] [M]: 0x0000000080006C98 (0x00A51513) slli a0, a0, 0xa
x10 <- 0x3333333333333000
mem[X,0x0000000080006C9C] -> 0x0513
mem[X,0x0000000080006C9E] -> 0x3345
[6956] [M]: 0x0000000080006C9C (0x33450513) addi a0, a0, 0x334
x10 <- 0x3333333333333334
mem[X,0x0000000080006CA0] -> 0x05B7
mem[X,0x0000000080006CA2] -> 0x0000
[6957] [M]: 0x0000000080006CA0 (0x000005B7) lui a1, 0x0
x11 <- 0x0000000000000000
mem[X,0x0000000080006CA4] -> 0x8593
mem[X,0x0000000080006CA6] -> 0x0005
[6958] [M]: 0x0000000080006CA4 (0x00058593) addi a1, a1, 0x0
x11 <- 0x0000000000000000
mem[X,0x0000000080006CA8] -> 0x9593
mem[X,0x0000000080006CAA] -> 0x00B5
[6959] [M]: 0x0000000080006CA8 (0x00B59593) slli a1, a1, 0xb
x11 <- 0x0000000000000000
mem[X,0x0000000080006CAC] -> 0x8593
mem[X,0x0000000080006CAE] -> 0x5A85
[6960] [M]: 0x0000000080006CAC (0x5A858593) addi a1, a1, 0x5a8
x11 <- 0x00000000000005A8
mem[X,0x0000000080006CB0] -> 0x9593
mem[X,0x0000000080006CB2] -> 0x00B5
[6961] [M]: 0x0000000080006CB0 (0x00B59593) slli a1, a1, 0xb
x11 <- 0x00000000002D4000
mem[X,0x0000000080006CB4] -> 0x8593
mem[X,0x0000000080006CB6] -> 0x13C5
[6962] [M]: 0x0000000080006CB4 (0x13C58593) addi a1, a1, 0x13c
x11 <- 0x00000000002D413C
mem[X,0x0000000080006CB8] -> 0x9593
mem[X,0x0000000080006CBA] -> 0x00A5
[6963] [M]: 0x0000000080006CB8 (0x00A59593) slli a1, a1, 0xa
x11 <- 0x00000000B504F000
mem[X,0x0000000080006CBC] -> 0x8593
mem[X,0x0000000080006CBE] -> 0x3335
[6964] [M]: 0x0000000080006CBC (0x33358593) addi a1, a1, 0x333
x11 <- 0x00000000B504F333
mem[X,0x0000000080006CC0] -> 0x063B
mem[X,0x0000000080006CC2] -> 0x40B5
[6965] [M]: 0x0000000080006CC0 (0x40B5063B) subw a2, a0, a1
x12 <- 0x000000007E2E4001
mem[X,0x0000000080006CC4] -> 0xB823
mem[X,0x0000000080006CC6] -> 0x1AC2
[6966] [M]: 0x0000000080006CC4 (0x1AC2B823) sd a2, 0x1b0(t0)
mem[0x000000008000C358] <- 0x000000007E2E4001
mem[X,0x0000000080006CC8] -> 0x3537
mem[X,0x0000000080006CCA] -> 0x3333
[6967] [M]: 0x0000000080006CC8 (0x33333537) lui a0, 0x33333
x10 <- 0x0000000033333000
mem[X,0x0000000080006CCC] -> 0x0513
mem[X,0x0000000080006CCE] -> 0x3335
[6968] [M]: 0x0000000080006CCC (0x33350513) addi a0, a0, 0x333
x10 <- 0x0000000033333333
mem[X,0x0000000080006CD0] -> 0x1513
mem[X,0x0000000080006CD2] -> 0x00B5
[6969] [M]: 0x0000000080006CD0 (0x00B51513) slli a0, a0, 0xb
x10 <- 0x0000019999999800
mem[X,0x0000000080006CD4] -> 0x0513
mem[X,0x0000000080006CD6] -> 0x1995
[6970] [M]: 0x0000000080006CD4 (0x19950513) addi a0, a0, 0x199
x10 <- 0x0000019999999999
mem[X,0x0000000080006CD8] -> 0x1513
mem[X,0x0000000080006CDA] -> 0x00B5
[6971] [M]: 0x0000000080006CD8 (0x00B51513) slli a0, a0, 0xb
x10 <- 0x000CCCCCCCCCC800
mem[X,0x0000000080006CDC] -> 0x0513
mem[X,0x0000000080006CDE] -> 0x4CC5
[6972] [M]: 0x0000000080006CDC (0x4CC50513) addi a0, a0, 0x4cc
x10 <- 0x000CCCCCCCCCCCCC
mem[X,0x0000000080006CE0] -> 0x1513
mem[X,0x0000000080006CE2] -> 0x00A5
[6973] [M]: 0x0000000080006CE0 (0x00A51513) slli a0, a0, 0xa
x10 <- 0x3333333333333000
mem[X,0x0000000080006CE4] -> 0x0513
mem[X,0x0000000080006CE6] -> 0x3345
[6974] [M]: 0x0000000080006CE4 (0x33450513) addi a0, a0, 0x334
x10 <- 0x3333333333333334
mem[X,0x0000000080006CE8] -> 0x0593
mem[X,0x0000000080006CEA] -> 0x0020
[6975] [M]: 0x0000000080006CE8 (0x00200593) addi a1, zero, 0x2
x11 <- 0x0000000000000002
mem[X,0x0000000080006CEC] -> 0x063B
mem[X,0x0000000080006CEE] -> 0x40B5
[6976] [M]: 0x0000000080006CEC (0x40B5063B) subw a2, a0, a1
x12 <- 0x0000000033333332
mem[X,0x0000000080006CF0] -> 0xBC23
mem[X,0x0000000080006CF2] -> 0x1AC2
[6977] [M]: 0x0000000080006CF0 (0x1AC2BC23) sd a2, 0x1b8(t0)
mem[0x000000008000C360] <- 0x0000000033333332
mem[X,0x0000000080006CF4] -> 0x3537
mem[X,0x0000000080006CF6] -> 0x3333
[6978] [M]: 0x0000000080006CF4 (0x33333537) lui a0, 0x33333
x10 <- 0x0000000033333000
mem[X,0x0000000080006CF8] -> 0x0513
mem[X,0x0000000080006CFA] -> 0x3335
[6979] [M]: 0x0000000080006CF8 (0x33350513) addi a0, a0, 0x333
x10 <- 0x0000000033333333
mem[X,0x0000000080006CFC] -> 0x1513
mem[X,0x0000000080006CFE] -> 0x00B5
[6980] [M]: 0x0000000080006CFC (0x00B51513) slli a0, a0, 0xb
x10 <- 0x0000019999999800
mem[X,0x0000000080006D00] -> 0x0513
mem[X,0x0000000080006D02] -> 0x1995
[6981] [M]: 0x0000000080006D00 (0x19950513) addi a0, a0, 0x199
x10 <- 0x0000019999999999
mem[X,0x0000000080006D04] -> 0x1513
mem[X,0x0000000080006D06] -> 0x00B5
[6982] [M]: 0x0000000080006D04 (0x00B51513) slli a0, a0, 0xb
x10 <- 0x000CCCCCCCCCC800
mem[X,0x0000000080006D08] -> 0x0513
mem[X,0x0000000080006D0A] -> 0x4CC5
[6983] [M]: 0x0000000080006D08 (0x4CC50513) addi a0, a0, 0x4cc
x10 <- 0x000CCCCCCCCCCCCC
mem[X,0x0000000080006D0C] -> 0x1513
mem[X,0x0000000080006D0E] -> 0x00A5
[6984] [M]: 0x0000000080006D0C (0x00A51513) slli a0, a0, 0xa
x10 <- 0x3333333333333000
mem[X,0x0000000080006D10] -> 0x0513
mem[X,0x0000000080006D12] -> 0x3345
[6985] [M]: 0x0000000080006D10 (0x33450513) addi a0, a0, 0x334
x10 <- 0x3333333333333334
mem[X,0x0000000080006D14] -> 0x55B7
mem[X,0x0000000080006D16] -> 0x5555
[6986] [M]: 0x0000000080006D14 (0x555555B7) lui a1, 0x55555
x11 <- 0x0000000055555000
mem[X,0x0000000080006D18] -> 0x8593
mem[X,0x0000000080006D1A] -> 0x5555
[6987] [M]: 0x0000000080006D18 (0x55558593) addi a1, a1, 0x555
x11 <- 0x0000000055555555
mem[X,0x0000000080006D1C] -> 0x9593
mem[X,0x0000000080006D1E] -> 0x00B5
[6988] [M]: 0x0000000080006D1C (0x00B59593) slli a1, a1, 0xb
x11 <- 0x000002AAAAAAA800
mem[X,0x0000000080006D20] -> 0x8593
mem[X,0x0000000080006D22] -> 0x2AA5
[6989] [M]: 0x0000000080006D20 (0x2AA58593) addi a1, a1, 0x2aa
x11 <- 0x000002AAAAAAAAAA
mem[X,0x0000000080006D24] -> 0x9593
mem[X,0x0000000080006D26] -> 0x00B5
[6990] [M]: 0x0000000080006D24 (0x00B59593) slli a1, a1, 0xb
x11 <- 0x0015555555555000
mem[X,0x0000000080006D28] -> 0x8593
mem[X,0x0000000080006D2A] -> 0x5555
[6991] [M]: 0x0000000080006D28 (0x55558593) addi a1, a1, 0x555
x11 <- 0x0015555555555555
mem[X,0x0000000080006D2C] -> 0x9593
mem[X,0x0000000080006D2E] -> 0x00A5
[6992] [M]: 0x0000000080006D2C (0x00A59593) slli a1, a1, 0xa
x11 <- 0x5555555555555400
mem[X,0x0000000080006D30] -> 0x8593
mem[X,0x0000000080006D32] -> 0x1545
[6993] [M]: 0x0000000080006D30 (0x15458593) addi a1, a1, 0x154
x11 <- 0x5555555555555554
mem[X,0x0000000080006D34] -> 0x063B
mem[X,0x0000000080006D36] -> 0x40B5
[6994] [M]: 0x0000000080006D34 (0x40B5063B) subw a2, a0, a1
x12 <- 0xFFFFFFFFDDDDDDE0
mem[X,0x0000000080006D38] -> 0xB023
mem[X,0x0000000080006D3A] -> 0x1CC2
[6995] [M]: 0x0000000080006D38 (0x1CC2B023) sd a2, 0x1c0(t0)
mem[0x000000008000C368] <- 0xFFFFFFFFDDDDDDE0
mem[X,0x0000000080006D3C] -> 0x3537
mem[X,0x0000000080006D3E] -> 0x3333
[6996] [M]: 0x0000000080006D3C (0x33333537) lui a0, 0x33333
x10 <- 0x0000000033333000
mem[X,0x0000000080006D40] -> 0x0513
mem[X,0x0000000080006D42] -> 0x3335
[6997] [M]: 0x0000000080006D40 (0x33350513) addi a0, a0, 0x333
x10 <- 0x0000000033333333
mem[X,0x0000000080006D44] -> 0x1513
mem[X,0x0000000080006D46] -> 0x00B5
[6998] [M]: 0x0000000080006D44 (0x00B51513) slli a0, a0, 0xb
x10 <- 0x0000019999999800
mem[X,0x0000000080006D48] -> 0x0513
mem[X,0x0000000080006D4A] -> 0x1995
[6999] [M]: 0x0000000080006D48 (0x19950513) addi a0, a0, 0x199
x10 <- 0x0000019999999999
clint::tick mtime <- 0x0000000000000046
 clint timer pending at mtime 0x0000000000000046
htif::tick 0x0000000000000000
mem[X,0x0000000080006D4C] -> 0x1513
mem[X,0x0000000080006D4E] -> 0x00B5
[7000] [M]: 0x0000000080006D4C (0x00B51513) slli a0, a0, 0xb
x10 <- 0x000CCCCCCCCCC800
mem[X,0x0000000080006D50] -> 0x0513
mem[X,0x0000000080006D52] -> 0x4CC5
[7001] [M]: 0x0000000080006D50 (0x4CC50513) addi a0, a0, 0x4cc
x10 <- 0x000CCCCCCCCCCCCC
mem[X,0x0000000080006D54] -> 0x1513
mem[X,0x0000000080006D56] -> 0x00A5
[7002] [M]: 0x0000000080006D54 (0x00A51513) slli a0, a0, 0xa
x10 <- 0x3333333333333000
mem[X,0x0000000080006D58] -> 0x0513
mem[X,0x0000000080006D5A] -> 0x3345
[7003] [M]: 0x0000000080006D58 (0x33450513) addi a0, a0, 0x334
x10 <- 0x3333333333333334
mem[X,0x0000000080006D5C] -> 0x0593
mem[X,0x0000000080006D5E] -> 0x0000
[7004] [M]: 0x0000000080006D5C (0x00000593) addi a1, zero, 0x0
x11 <- 0x0000000000000000
mem[X,0x0000000080006D60] -> 0x063B
mem[X,0x0000000080006D62] -> 0x40B5
[7005] [M]: 0x0000000080006D60 (0x40B5063B) subw a2, a0, a1
x12 <- 0x0000000033333334
mem[X,0x0000000080006D64] -> 0xB423
mem[X,0x0000000080006D66] -> 0x1CC2
[7006] [M]: 0x0000000080006D64 (0x1CC2B423) sd a2, 0x1c8(t0)
mem[0x000000008000C370] <- 0x0000000033333334
mem[X,0x0000000080006D68] -> 0x3537
mem[X,0x0000000080006D6A] -> 0x3333
[7007] [M]: 0x0000000080006D68 (0x33333537) lui a0, 0x33333
x10 <- 0x0000000033333000
mem[X,0x0000000080006D6C] -> 0x0513
mem[X,0x0000000080006D6E] -> 0x3335
[7008] [M]: 0x0000000080006D6C (0x33350513) addi a0, a0, 0x333
x10 <- 0x0000000033333333
mem[X,0x0000000080006D70] -> 0x1513
mem[X,0x0000000080006D72] -> 0x00B5
[7009] [M]: 0x0000000080006D70 (0x00B51513) slli a0, a0, 0xb
x10 <- 0x0000019999999800
mem[X,0x0000000080006D74] -> 0x0513
mem[X,0x0000000080006D76] -> 0x1995
[7010] [M]: 0x0000000080006D74 (0x19950513) addi a0, a0, 0x199
x10 <- 0x0000019999999999
mem[X,0x0000000080006D78] -> 0x1513
mem[X,0x0000000080006D7A] -> 0x00B5
[7011] [M]: 0x0000000080006D78 (0x00B51513) slli a0, a0, 0xb
x10 <- 0x000CCCCCCCCCC800
mem[X,0x0000000080006D7C] -> 0x0513
mem[X,0x0000000080006D7E] -> 0x4CC5
[7012] [M]: 0x0000000080006D7C (0x4CC50513) addi a0, a0, 0x4cc
x10 <- 0x000CCCCCCCCCCCCC
mem[X,0x0000000080006D80] -> 0x1513
mem[X,0x0000000080006D82] -> 0x00A5
[7013] [M]: 0x0000000080006D80 (0x00A51513) slli a0, a0, 0xa
x10 <- 0x3333333333333000
mem[X,0x0000000080006D84] -> 0x0513
mem[X,0x0000000080006D86] -> 0x3345
[7014] [M]: 0x0000000080006D84 (0x33450513) addi a0, a0, 0x334
x10 <- 0x3333333333333334
mem[X,0x0000000080006D88] -> 0x0593
mem[X,0x0000000080006D8A] -> 0x0040
[7015] [M]: 0x0000000080006D88 (0x00400593) addi a1, zero, 0x4
x11 <- 0x0000000000000004
mem[X,0x0000000080006D8C] -> 0x063B
mem[X,0x0000000080006D8E] -> 0x40B5
[7016] [M]: 0x0000000080006D8C (0x40B5063B) subw a2, a0, a1
x12 <- 0x0000000033333330
mem[X,0x0000000080006D90] -> 0xB823
mem[X,0x0000000080006D92] -> 0x1CC2
[7017] [M]: 0x0000000080006D90 (0x1CC2B823) sd a2, 0x1d0(t0)
mem[0x000000008000C378] <- 0x0000000033333330
mem[X,0x0000000080006D94] -> 0x3537
mem[X,0x0000000080006D96] -> 0x3333
[7018] [M]: 0x0000000080006D94 (0x33333537) lui a0, 0x33333
x10 <- 0x0000000033333000
mem[X,0x0000000080006D98] -> 0x0513
mem[X,0x0000000080006D9A] -> 0x3335
[7019] [M]: 0x0000000080006D98 (0x33350513) addi a0, a0, 0x333
x10 <- 0x0000000033333333
mem[X,0x0000000080006D9C] -> 0x1513
mem[X,0x0000000080006D9E] -> 0x00B5
[7020] [M]: 0x0000000080006D9C (0x00B51513) slli a0, a0, 0xb
x10 <- 0x0000019999999800
mem[X,0x0000000080006DA0] -> 0x0513
mem[X,0x0000000080006DA2] -> 0x1995
[7021] [M]: 0x0000000080006DA0 (0x19950513) addi a0, a0, 0x199
x10 <- 0x0000019999999999
mem[X,0x0000000080006DA4] -> 0x1513
mem[X,0x0000000080006DA6] -> 0x00B5
[7022] [M]: 0x0000000080006DA4 (0x00B51513) slli a0, a0, 0xb
x10 <- 0x000CCCCCCCCCC800
mem[X,0x0000000080006DA8] -> 0x0513
mem[X,0x0000000080006DAA] -> 0x4CC5
[7023] [M]: 0x0000000080006DA8 (0x4CC50513) addi a0, a0, 0x4cc
x10 <- 0x000CCCCCCCCCCCCC
mem[X,0x0000000080006DAC] -> 0x1513
mem[X,0x0000000080006DAE] -> 0x00A5
[7024] [M]: 0x0000000080006DAC (0x00A51513) slli a0, a0, 0xa
x10 <- 0x3333333333333000
mem[X,0x0000000080006DB0] -> 0x0513
mem[X,0x0000000080006DB2] -> 0x3345
[7025] [M]: 0x0000000080006DB0 (0x33450513) addi a0, a0, 0x334
x10 <- 0x3333333333333334
mem[X,0x0000000080006DB4] -> 0x35B7
mem[X,0x0000000080006DB6] -> 0x3333
[7026] [M]: 0x0000000080006DB4 (0x333335B7) lui a1, 0x33333
x11 <- 0x0000000033333000
mem[X,0x0000000080006DB8] -> 0x8593
mem[X,0x0000000080006DBA] -> 0x3335
[7027] [M]: 0x0000000080006DB8 (0x33358593) addi a1, a1, 0x333
x11 <- 0x0000000033333333
mem[X,0x0000000080006DBC] -> 0x9593
mem[X,0x0000000080006DBE] -> 0x00B5
[7028] [M]: 0x0000000080006DBC (0x00B59593) slli a1, a1, 0xb
x11 <- 0x0000019999999800
mem[X,0x0000000080006DC0] -> 0x8593
mem[X,0x0000000080006DC2] -> 0x1995
[7029] [M]: 0x0000000080006DC0 (0x19958593) addi a1, a1, 0x199
x11 <- 0x0000019999999999
mem[X,0x0000000080006DC4] -> 0x9593
mem[X,0x0000000080006DC6] -> 0x00B5
[7030] [M]: 0x0000000080006DC4 (0x00B59593) slli a1, a1, 0xb
x11 <- 0x000CCCCCCCCCC800
mem[X,0x0000000080006DC8] -> 0x8593
mem[X,0x0000000080006DCA] -> 0x4CC5
[7031] [M]: 0x0000000080006DC8 (0x4CC58593) addi a1, a1, 0x4cc
x11 <- 0x000CCCCCCCCCCCCC
mem[X,0x0000000080006DCC] -> 0x9593
mem[X,0x0000000080006DCE] -> 0x00A5
[7032] [M]: 0x0000000080006DCC (0x00A59593) slli a1, a1, 0xa
x11 <- 0x3333333333333000
mem[X,0x0000000080006DD0] -> 0x8593
mem[X,0x0000000080006DD2] -> 0x3325
[7033] [M]: 0x0000000080006DD0 (0x33258593) addi a1, a1, 0x332
x11 <- 0x3333333333333332
mem[X,0x0000000080006DD4] -> 0x063B
mem[X,0x0000000080006DD6] -> 0x40B5
[7034] [M]: 0x0000000080006DD4 (0x40B5063B) subw a2, a0, a1
x12 <- 0x0000000000000002
mem[X,0x0000000080006DD8] -> 0xBC23
mem[X,0x0000000080006DDA] -> 0x1CC2
[7035] [M]: 0x0000000080006DD8 (0x1CC2BC23) sd a2, 0x1d8(t0)
mem[0x000000008000C380] <- 0x0000000000000002
mem[X,0x0000000080006DDC] -> 0x3537
mem[X,0x0000000080006DDE] -> 0x3333
[7036] [M]: 0x0000000080006DDC (0x33333537) lui a0, 0x33333
x10 <- 0x0000000033333000
mem[X,0x0000000080006DE0] -> 0x0513
mem[X,0x0000000080006DE2] -> 0x3335
[7037] [M]: 0x0000000080006DE0 (0x33350513) addi a0, a0, 0x333
x10 <- 0x0000000033333333
mem[X,0x0000000080006DE4] -> 0x1513
mem[X,0x0000000080006DE6] -> 0x00B5
[7038] [M]: 0x0000000080006DE4 (0x00B51513) slli a0, a0, 0xb
x10 <- 0x0000019999999800
mem[X,0x0000000080006DE8] -> 0x0513
mem[X,0x0000000080006DEA] -> 0x1995
[7039] [M]: 0x0000000080006DE8 (0x19950513) addi a0, a0, 0x199
x10 <- 0x0000019999999999
mem[X,0x0000000080006DEC] -> 0x1513
mem[X,0x0000000080006DEE] -> 0x00B5
[7040] [M]: 0x0000000080006DEC (0x00B51513) slli a0, a0, 0xb
x10 <- 0x000CCCCCCCCCC800
mem[X,0x0000000080006DF0] -> 0x0513
mem[X,0x0000000080006DF2] -> 0x4CC5
[7041] [M]: 0x0000000080006DF0 (0x4CC50513) addi a0, a0, 0x4cc
x10 <- 0x000CCCCCCCCCCCCC
mem[X,0x0000000080006DF4] -> 0x1513
mem[X,0x0000000080006DF6] -> 0x00A5
[7042] [M]: 0x0000000080006DF4 (0x00A51513) slli a0, a0, 0xa
x10 <- 0x3333333333333000
mem[X,0x0000000080006DF8] -> 0x0513
mem[X,0x0000000080006DFA] -> 0x3345
[7043] [M]: 0x0000000080006DF8 (0x33450513) addi a0, a0, 0x334
x10 <- 0x3333333333333334
mem[X,0x0000000080006DFC] -> 0x65B7
mem[X,0x0000000080006DFE] -> 0x6666
[7044] [M]: 0x0000000080006DFC (0x666665B7) lui a1, 0x66666
x11 <- 0x0000000066666000
mem[X,0x0000000080006E00] -> 0x8593
mem[X,0x0000000080006E02] -> 0x6665
[7045] [M]: 0x0000000080006E00 (0x66658593) addi a1, a1, 0x666
x11 <- 0x0000000066666666
mem[X,0x0000000080006E04] -> 0x9593
mem[X,0x0000000080006E06] -> 0x00B5
[7046] [M]: 0x0000000080006E04 (0x00B59593) slli a1, a1, 0xb
x11 <- 0x0000033333333000
mem[X,0x0000000080006E08] -> 0x8593
mem[X,0x0000000080006E0A] -> 0x3335
[7047] [M]: 0x0000000080006E08 (0x33358593) addi a1, a1, 0x333
x11 <- 0x0000033333333333
mem[X,0x0000000080006E0C] -> 0x9593
mem[X,0x0000000080006E0E] -> 0x00B5
[7048] [M]: 0x0000000080006E0C (0x00B59593) slli a1, a1, 0xb
x11 <- 0x0019999999999800
mem[X,0x0000000080006E10] -> 0x8593
mem[X,0x0000000080006E12] -> 0x1995
[7049] [M]: 0x0000000080006E10 (0x19958593) addi a1, a1, 0x199
x11 <- 0x0019999999999999
mem[X,0x0000000080006E14] -> 0x9593
mem[X,0x0000000080006E16] -> 0x00A5
[7050] [M]: 0x0000000080006E14 (0x00A59593) slli a1, a1, 0xa
x11 <- 0x6666666666666400
mem[X,0x0000000080006E18] -> 0x8593
mem[X,0x0000000080006E1A] -> 0x2655
[7051] [M]: 0x0000000080006E18 (0x26558593) addi a1, a1, 0x265
x11 <- 0x6666666666666665
mem[X,0x0000000080006E1C] -> 0x063B
mem[X,0x0000000080006E1E] -> 0x40B5
[7052] [M]: 0x0000000080006E1C (0x40B5063B) subw a2, a0, a1
x12 <- 0xFFFFFFFFCCCCCCCF
mem[X,0x0000000080006E20] -> 0xB023
mem[X,0x0000000080006E22] -> 0x1EC2
[7053] [M]: 0x0000000080006E20 (0x1EC2B023) sd a2, 0x1e0(t0)
mem[0x000000008000C388] <- 0xFFFFFFFFCCCCCCCF
mem[X,0x0000000080006E24] -> 0x3537
mem[X,0x0000000080006E26] -> 0x3333
[7054] [M]: 0x0000000080006E24 (0x33333537) lui a0, 0x33333
x10 <- 0x0000000033333000
mem[X,0x0000000080006E28] -> 0x0513
mem[X,0x0000000080006E2A] -> 0x3335
[7055] [M]: 0x0000000080006E28 (0x33350513) addi a0, a0, 0x333
x10 <- 0x0000000033333333
mem[X,0x0000000080006E2C] -> 0x1513
mem[X,0x0000000080006E2E] -> 0x00B5
[7056] [M]: 0x0000000080006E2C (0x00B51513) slli a0, a0, 0xb
x10 <- 0x0000019999999800
mem[X,0x0000000080006E30] -> 0x0513
mem[X,0x0000000080006E32] -> 0x1995
[7057] [M]: 0x0000000080006E30 (0x19950513) addi a0, a0, 0x199
x10 <- 0x0000019999999999
mem[X,0x0000000080006E34] -> 0x1513
mem[X,0x0000000080006E36] -> 0x00B5
[7058] [M]: 0x0000000080006E34 (0x00B51513) slli a0, a0, 0xb
x10 <- 0x000CCCCCCCCCC800
mem[X,0x0000000080006E38] -> 0x0513
mem[X,0x0000000080006E3A] -> 0x4CC5
[7059] [M]: 0x0000000080006E38 (0x4CC50513) addi a0, a0, 0x4cc
x10 <- 0x000CCCCCCCCCCCCC
mem[X,0x0000000080006E3C] -> 0x1513
mem[X,0x0000000080006E3E] -> 0x00A5
[7060] [M]: 0x0000000080006E3C (0x00A51513) slli a0, a0, 0xa
x10 <- 0x3333333333333000
mem[X,0x0000000080006E40] -> 0x0513
mem[X,0x0000000080006E42] -> 0x3345
[7061] [M]: 0x0000000080006E40 (0x33450513) addi a0, a0, 0x334
x10 <- 0x3333333333333334
mem[X,0x0000000080006E44] -> 0x05B7
mem[X,0x0000000080006E46] -> 0x0000
[7062] [M]: 0x0000000080006E44 (0x000005B7) lui a1, 0x0
x11 <- 0x0000000000000000
mem[X,0x0000000080006E48] -> 0x8593
mem[X,0x0000000080006E4A] -> 0x0005
[7063] [M]: 0x0000000080006E48 (0x00058593) addi a1, a1, 0x0
x11 <- 0x0000000000000000
mem[X,0x0000000080006E4C] -> 0x9593
mem[X,0x0000000080006E4E] -> 0x00B5
[7064] [M]: 0x0000000080006E4C (0x00B59593) slli a1, a1, 0xb
x11 <- 0x0000000000000000
mem[X,0x0000000080006E50] -> 0x8593
mem[X,0x0000000080006E52] -> 0x5A85
[7065] [M]: 0x0000000080006E50 (0x5A858593) addi a1, a1, 0x5a8
x11 <- 0x00000000000005A8
mem[X,0x0000000080006E54] -> 0x9593
mem[X,0x0000000080006E56] -> 0x00B5
[7066] [M]: 0x0000000080006E54 (0x00B59593) slli a1, a1, 0xb
x11 <- 0x00000000002D4000
mem[X,0x0000000080006E58] -> 0x8593
mem[X,0x0000000080006E5A] -> 0x13C5
[7067] [M]: 0x0000000080006E58 (0x13C58593) addi a1, a1, 0x13c
x11 <- 0x00000000002D413C
mem[X,0x0000000080006E5C] -> 0x9593
mem[X,0x0000000080006E5E] -> 0x00A5
[7068] [M]: 0x0000000080006E5C (0x00A59593) slli a1, a1, 0xa
x11 <- 0x00000000B504F000
mem[X,0x0000000080006E60] -> 0x8593
mem[X,0x0000000080006E62] -> 0x3325
[7069] [M]: 0x0000000080006E60 (0x33258593) addi a1, a1, 0x332
x11 <- 0x00000000B504F332
mem[X,0x0000000080006E64] -> 0x063B
mem[X,0x0000000080006E66] -> 0x40B5
[7070] [M]: 0x0000000080006E64 (0x40B5063B) subw a2, a0, a1
x12 <- 0x000000007E2E4002
mem[X,0x0000000080006E68] -> 0xB423
mem[X,0x0000000080006E6A] -> 0x1EC2
[7071] [M]: 0x0000000080006E68 (0x1EC2B423) sd a2, 0x1e8(t0)
mem[0x000000008000C390] <- 0x000000007E2E4002
mem[X,0x0000000080006E6C] -> 0x3537
mem[X,0x0000000080006E6E] -> 0x3333
[7072] [M]: 0x0000000080006E6C (0x33333537) lui a0, 0x33333
x10 <- 0x0000000033333000
mem[X,0x0000000080006E70] -> 0x0513
mem[X,0x0000000080006E72] -> 0x3335
[7073] [M]: 0x0000000080006E70 (0x33350513) addi a0, a0, 0x333
x10 <- 0x0000000033333333
mem[X,0x0000000080006E74] -> 0x1513
mem[X,0x0000000080006E76] -> 0x00B5
[7074] [M]: 0x0000000080006E74 (0x00B51513) slli a0, a0, 0xb
x10 <- 0x0000019999999800
mem[X,0x0000000080006E78] -> 0x0513
mem[X,0x0000000080006E7A] -> 0x1995
[7075] [M]: 0x0000000080006E78 (0x19950513) addi a0, a0, 0x199
x10 <- 0x0000019999999999
mem[X,0x0000000080006E7C] -> 0x1513
mem[X,0x0000000080006E7E] -> 0x00B5
[7076] [M]: 0x0000000080006E7C (0x00B51513) slli a0, a0, 0xb
x10 <- 0x000CCCCCCCCCC800
mem[X,0x0000000080006E80] -> 0x0513
mem[X,0x0000000080006E82] -> 0x4CC5
[7077] [M]: 0x0000000080006E80 (0x4CC50513) addi a0, a0, 0x4cc
x10 <- 0x000CCCCCCCCCCCCC
mem[X,0x0000000080006E84] -> 0x1513
mem[X,0x0000000080006E86] -> 0x00A5
[7078] [M]: 0x0000000080006E84 (0x00A51513) slli a0, a0, 0xa
x10 <- 0x3333333333333000
mem[X,0x0000000080006E88] -> 0x0513
mem[X,0x0000000080006E8A] -> 0x3345
[7079] [M]: 0x0000000080006E88 (0x33450513) addi a0, a0, 0x334
x10 <- 0x3333333333333334
mem[X,0x0000000080006E8C] -> 0x55B7
mem[X,0x0000000080006E8E] -> 0x5555
[7080] [M]: 0x0000000080006E8C (0x555555B7) lui a1, 0x55555
x11 <- 0x0000000055555000
mem[X,0x0000000080006E90] -> 0x8593
mem[X,0x0000000080006E92] -> 0x5555
[7081] [M]: 0x0000000080006E90 (0x55558593) addi a1, a1, 0x555
x11 <- 0x0000000055555555
mem[X,0x0000000080006E94] -> 0x9593
mem[X,0x0000000080006E96] -> 0x00B5
[7082] [M]: 0x0000000080006E94 (0x00B59593) slli a1, a1, 0xb
x11 <- 0x000002AAAAAAA800
mem[X,0x0000000080006E98] -> 0x8593
mem[X,0x0000000080006E9A] -> 0x2AA5
[7083] [M]: 0x0000000080006E98 (0x2AA58593) addi a1, a1, 0x2aa
x11 <- 0x000002AAAAAAAAAA
mem[X,0x0000000080006E9C] -> 0x9593
mem[X,0x0000000080006E9E] -> 0x00B5
[7084] [M]: 0x0000000080006E9C (0x00B59593) slli a1, a1, 0xb
x11 <- 0x0015555555555000
mem[X,0x0000000080006EA0] -> 0x8593
mem[X,0x0000000080006EA2] -> 0x5555
[7085] [M]: 0x0000000080006EA0 (0x55558593) addi a1, a1, 0x555
x11 <- 0x0015555555555555
mem[X,0x0000000080006EA4] -> 0x9593
mem[X,0x0000000080006EA6] -> 0x00A5
[7086] [M]: 0x0000000080006EA4 (0x00A59593) slli a1, a1, 0xa
x11 <- 0x5555555555555400
mem[X,0x0000000080006EA8] -> 0x8593
mem[X,0x0000000080006EAA] -> 0x1565
[7087] [M]: 0x0000000080006EA8 (0x15658593) addi a1, a1, 0x156
x11 <- 0x5555555555555556
mem[X,0x0000000080006EAC] -> 0x063B
mem[X,0x0000000080006EAE] -> 0x40B5
[7088] [M]: 0x0000000080006EAC (0x40B5063B) subw a2, a0, a1
x12 <- 0xFFFFFFFFDDDDDDDE
mem[X,0x0000000080006EB0] -> 0xB823
mem[X,0x0000000080006EB2] -> 0x1EC2
[7089] [M]: 0x0000000080006EB0 (0x1EC2B823) sd a2, 0x1f0(t0)
mem[0x000000008000C398] <- 0xFFFFFFFFDDDDDDDE
mem[X,0x0000000080006EB4] -> 0x3537
mem[X,0x0000000080006EB6] -> 0x3333
[7090] [M]: 0x0000000080006EB4 (0x33333537) lui a0, 0x33333
x10 <- 0x0000000033333000
mem[X,0x0000000080006EB8] -> 0x0513
mem[X,0x0000000080006EBA] -> 0x3335
[7091] [M]: 0x0000000080006EB8 (0x33350513) addi a0, a0, 0x333
x10 <- 0x0000000033333333
mem[X,0x0000000080006EBC] -> 0x1513
mem[X,0x0000000080006EBE] -> 0x00B5
[7092] [M]: 0x0000000080006EBC (0x00B51513) slli a0, a0, 0xb
x10 <- 0x0000019999999800
mem[X,0x0000000080006EC0] -> 0x0513
mem[X,0x0000000080006EC2] -> 0x1995
[7093] [M]: 0x0000000080006EC0 (0x19950513) addi a0, a0, 0x199
x10 <- 0x0000019999999999
mem[X,0x0000000080006EC4] -> 0x1513
mem[X,0x0000000080006EC6] -> 0x00B5
[7094] [M]: 0x0000000080006EC4 (0x00B51513) slli a0, a0, 0xb
x10 <- 0x000CCCCCCCCCC800
mem[X,0x0000000080006EC8] -> 0x0513
mem[X,0x0000000080006ECA] -> 0x4CC5
[7095] [M]: 0x0000000080006EC8 (0x4CC50513) addi a0, a0, 0x4cc
x10 <- 0x000CCCCCCCCCCCCC
mem[X,0x0000000080006ECC] -> 0x1513
mem[X,0x0000000080006ECE] -> 0x00A5
[7096] [M]: 0x0000000080006ECC (0x00A51513) slli a0, a0, 0xa
x10 <- 0x3333333333333000
mem[X,0x0000000080006ED0] -> 0x0513
mem[X,0x0000000080006ED2] -> 0x3345
[7097] [M]: 0x0000000080006ED0 (0x33450513) addi a0, a0, 0x334
x10 <- 0x3333333333333334
mem[X,0x0000000080006ED4] -> 0xB5B7
mem[X,0x0000000080006ED6] -> 0xAAAA
[7098] [M]: 0x0000000080006ED4 (0xAAAAB5B7) lui a1, -0x55555
x11 <- 0xFFFFFFFFAAAAB000
mem[X,0x0000000080006ED8] -> 0x8593
mem[X,0x0000000080006EDA] -> 0xAAA5
[7099] [M]: 0x0000000080006ED8 (0xAAA58593) addi a1, a1, -0x556
x11 <- 0xFFFFFFFFAAAAAAAA
clint::tick mtime <- 0x0000000000000047
 clint timer pending at mtime 0x0000000000000047
htif::tick 0x0000000000000000
mem[X,0x0000000080006EDC] -> 0x9593
mem[X,0x0000000080006EDE] -> 0x00B5
[7100] [M]: 0x0000000080006EDC (0x00B59593) slli a1, a1, 0xb
x11 <- 0xFFFFFD5555555000
mem[X,0x0000000080006EE0] -> 0x8593
mem[X,0x0000000080006EE2] -> 0x5555
[7101] [M]: 0x0000000080006EE0 (0x55558593) addi a1, a1, 0x555
x11 <- 0xFFFFFD5555555555
mem[X,0x0000000080006EE4] -> 0x9593
mem[X,0x0000000080006EE6] -> 0x00B5
[7102] [M]: 0x0000000080006EE4 (0x00B59593) slli a1, a1, 0xb
x11 <- 0xFFEAAAAAAAAAA800
mem[X,0x0000000080006EE8] -> 0x8593
mem[X,0x0000000080006EEA] -> 0x2AA5
[7103] [M]: 0x0000000080006EE8 (0x2AA58593) addi a1, a1, 0x2aa
x11 <- 0xFFEAAAAAAAAAAAAA
mem[X,0x0000000080006EEC] -> 0x9593
mem[X,0x0000000080006EEE] -> 0x00A5
[7104] [M]: 0x0000000080006EEC (0x00A59593) slli a1, a1, 0xa
x11 <- 0xAAAAAAAAAAAAA800
mem[X,0x0000000080006EF0] -> 0x8593
mem[X,0x0000000080006EF2] -> 0x2AB5
[7105] [M]: 0x0000000080006EF0 (0x2AB58593) addi a1, a1, 0x2ab
x11 <- 0xAAAAAAAAAAAAAAAB
mem[X,0x0000000080006EF4] -> 0x063B
mem[X,0x0000000080006EF6] -> 0x40B5
[7106] [M]: 0x0000000080006EF4 (0x40B5063B) subw a2, a0, a1
x12 <- 0xFFFFFFFF88888889
mem[X,0x0000000080006EF8] -> 0xBC23
mem[X,0x0000000080006EFA] -> 0x1EC2
[7107] [M]: 0x0000000080006EF8 (0x1EC2BC23) sd a2, 0x1f8(t0)
mem[0x000000008000C3A0] <- 0xFFFFFFFF88888889
mem[X,0x0000000080006EFC] -> 0x3537
mem[X,0x0000000080006EFE] -> 0x3333
[7108] [M]: 0x0000000080006EFC (0x33333537) lui a0, 0x33333
x10 <- 0x0000000033333000
mem[X,0x0000000080006F00] -> 0x0513
mem[X,0x0000000080006F02] -> 0x3335
[7109] [M]: 0x0000000080006F00 (0x33350513) addi a0, a0, 0x333
x10 <- 0x0000000033333333
mem[X,0x0000000080006F04] -> 0x1513
mem[X,0x0000000080006F06] -> 0x00B5
[7110] [M]: 0x0000000080006F04 (0x00B51513) slli a0, a0, 0xb
x10 <- 0x0000019999999800
mem[X,0x0000000080006F08] -> 0x0513
mem[X,0x0000000080006F0A] -> 0x1995
[7111] [M]: 0x0000000080006F08 (0x19950513) addi a0, a0, 0x199
x10 <- 0x0000019999999999
mem[X,0x0000000080006F0C] -> 0x1513
mem[X,0x0000000080006F0E] -> 0x00B5
[7112] [M]: 0x0000000080006F0C (0x00B51513) slli a0, a0, 0xb
x10 <- 0x000CCCCCCCCCC800
mem[X,0x0000000080006F10] -> 0x0513
mem[X,0x0000000080006F12] -> 0x4CC5
[7113] [M]: 0x0000000080006F10 (0x4CC50513) addi a0, a0, 0x4cc
x10 <- 0x000CCCCCCCCCCCCC
mem[X,0x0000000080006F14] -> 0x1513
mem[X,0x0000000080006F16] -> 0x00A5
[7114] [M]: 0x0000000080006F14 (0x00A51513) slli a0, a0, 0xa
x10 <- 0x3333333333333000
mem[X,0x0000000080006F18] -> 0x0513
mem[X,0x0000000080006F1A] -> 0x3345
[7115] [M]: 0x0000000080006F18 (0x33450513) addi a0, a0, 0x334
x10 <- 0x3333333333333334
mem[X,0x0000000080006F1C] -> 0x0593
mem[X,0x0000000080006F1E] -> 0x0060
[7116] [M]: 0x0000000080006F1C (0x00600593) addi a1, zero, 0x6
x11 <- 0x0000000000000006
mem[X,0x0000000080006F20] -> 0x063B
mem[X,0x0000000080006F22] -> 0x40B5
[7117] [M]: 0x0000000080006F20 (0x40B5063B) subw a2, a0, a1
x12 <- 0x000000003333332E
mem[X,0x0000000080006F24] -> 0xB023
mem[X,0x0000000080006F26] -> 0x20C2
[7118] [M]: 0x0000000080006F24 (0x20C2B023) sd a2, 0x200(t0)
mem[0x000000008000C3A8] <- 0x000000003333332E
mem[X,0x0000000080006F28] -> 0x3537
mem[X,0x0000000080006F2A] -> 0x3333
[7119] [M]: 0x0000000080006F28 (0x33333537) lui a0, 0x33333
x10 <- 0x0000000033333000
mem[X,0x0000000080006F2C] -> 0x0513
mem[X,0x0000000080006F2E] -> 0x3335
[7120] [M]: 0x0000000080006F2C (0x33350513) addi a0, a0, 0x333
x10 <- 0x0000000033333333
mem[X,0x0000000080006F30] -> 0x1513
mem[X,0x0000000080006F32] -> 0x00B5
[7121] [M]: 0x0000000080006F30 (0x00B51513) slli a0, a0, 0xb
x10 <- 0x0000019999999800
mem[X,0x0000000080006F34] -> 0x0513
mem[X,0x0000000080006F36] -> 0x1995
[7122] [M]: 0x0000000080006F34 (0x19950513) addi a0, a0, 0x199
x10 <- 0x0000019999999999
mem[X,0x0000000080006F38] -> 0x1513
mem[X,0x0000000080006F3A] -> 0x00B5
[7123] [M]: 0x0000000080006F38 (0x00B51513) slli a0, a0, 0xb
x10 <- 0x000CCCCCCCCCC800
mem[X,0x0000000080006F3C] -> 0x0513
mem[X,0x0000000080006F3E] -> 0x4CC5
[7124] [M]: 0x0000000080006F3C (0x4CC50513) addi a0, a0, 0x4cc
x10 <- 0x000CCCCCCCCCCCCC
mem[X,0x0000000080006F40] -> 0x1513
mem[X,0x0000000080006F42] -> 0x00A5
[7125] [M]: 0x0000000080006F40 (0x00A51513) slli a0, a0, 0xa
x10 <- 0x3333333333333000
mem[X,0x0000000080006F44] -> 0x0513
mem[X,0x0000000080006F46] -> 0x3345
[7126] [M]: 0x0000000080006F44 (0x33450513) addi a0, a0, 0x334
x10 <- 0x3333333333333334
mem[X,0x0000000080006F48] -> 0x35B7
mem[X,0x0000000080006F4A] -> 0x3333
[7127] [M]: 0x0000000080006F48 (0x333335B7) lui a1, 0x33333
x11 <- 0x0000000033333000
mem[X,0x0000000080006F4C] -> 0x8593
mem[X,0x0000000080006F4E] -> 0x3335
[7128] [M]: 0x0000000080006F4C (0x33358593) addi a1, a1, 0x333
x11 <- 0x0000000033333333
mem[X,0x0000000080006F50] -> 0x9593
mem[X,0x0000000080006F52] -> 0x00B5
[7129] [M]: 0x0000000080006F50 (0x00B59593) slli a1, a1, 0xb
x11 <- 0x0000019999999800
mem[X,0x0000000080006F54] -> 0x8593
mem[X,0x0000000080006F56] -> 0x1995
[7130] [M]: 0x0000000080006F54 (0x19958593) addi a1, a1, 0x199
x11 <- 0x0000019999999999
mem[X,0x0000000080006F58] -> 0x9593
mem[X,0x0000000080006F5A] -> 0x00B5
[7131] [M]: 0x0000000080006F58 (0x00B59593) slli a1, a1, 0xb
x11 <- 0x000CCCCCCCCCC800
mem[X,0x0000000080006F5C] -> 0x8593
mem[X,0x0000000080006F5E] -> 0x4CC5
[7132] [M]: 0x0000000080006F5C (0x4CC58593) addi a1, a1, 0x4cc
x11 <- 0x000CCCCCCCCCCCCC
mem[X,0x0000000080006F60] -> 0x9593
mem[X,0x0000000080006F62] -> 0x00A5
[7133] [M]: 0x0000000080006F60 (0x00A59593) slli a1, a1, 0xa
x11 <- 0x3333333333333000
mem[X,0x0000000080006F64] -> 0x8593
mem[X,0x0000000080006F66] -> 0x3345
[7134] [M]: 0x0000000080006F64 (0x33458593) addi a1, a1, 0x334
x11 <- 0x3333333333333334
mem[X,0x0000000080006F68] -> 0x063B
mem[X,0x0000000080006F6A] -> 0x40B5
[7135] [M]: 0x0000000080006F68 (0x40B5063B) subw a2, a0, a1
x12 <- 0x0000000000000000
mem[X,0x0000000080006F6C] -> 0xB423
mem[X,0x0000000080006F6E] -> 0x20C2
[7136] [M]: 0x0000000080006F6C (0x20C2B423) sd a2, 0x208(t0)
mem[0x000000008000C3B0] <- 0x0000000000000000
mem[X,0x0000000080006F70] -> 0x3537
mem[X,0x0000000080006F72] -> 0x3333
[7137] [M]: 0x0000000080006F70 (0x33333537) lui a0, 0x33333
x10 <- 0x0000000033333000
mem[X,0x0000000080006F74] -> 0x0513
mem[X,0x0000000080006F76] -> 0x3335
[7138] [M]: 0x0000000080006F74 (0x33350513) addi a0, a0, 0x333
x10 <- 0x0000000033333333
mem[X,0x0000000080006F78] -> 0x1513
mem[X,0x0000000080006F7A] -> 0x00B5
[7139] [M]: 0x0000000080006F78 (0x00B51513) slli a0, a0, 0xb
x10 <- 0x0000019999999800
mem[X,0x0000000080006F7C] -> 0x0513
mem[X,0x0000000080006F7E] -> 0x1995
[7140] [M]: 0x0000000080006F7C (0x19950513) addi a0, a0, 0x199
x10 <- 0x0000019999999999
mem[X,0x0000000080006F80] -> 0x1513
mem[X,0x0000000080006F82] -> 0x00B5
[7141] [M]: 0x0000000080006F80 (0x00B51513) slli a0, a0, 0xb
x10 <- 0x000CCCCCCCCCC800
mem[X,0x0000000080006F84] -> 0x0513
mem[X,0x0000000080006F86] -> 0x4CC5
[7142] [M]: 0x0000000080006F84 (0x4CC50513) addi a0, a0, 0x4cc
x10 <- 0x000CCCCCCCCCCCCC
mem[X,0x0000000080006F88] -> 0x1513
mem[X,0x0000000080006F8A] -> 0x00A5
[7143] [M]: 0x0000000080006F88 (0x00A51513) slli a0, a0, 0xa
x10 <- 0x3333333333333000
mem[X,0x0000000080006F8C] -> 0x0513
mem[X,0x0000000080006F8E] -> 0x3345
[7144] [M]: 0x0000000080006F8C (0x33450513) addi a0, a0, 0x334
x10 <- 0x3333333333333334
mem[X,0x0000000080006F90] -> 0x65B7
mem[X,0x0000000080006F92] -> 0x6666
[7145] [M]: 0x0000000080006F90 (0x666665B7) lui a1, 0x66666
x11 <- 0x0000000066666000
mem[X,0x0000000080006F94] -> 0x8593
mem[X,0x0000000080006F96] -> 0x6665
[7146] [M]: 0x0000000080006F94 (0x66658593) addi a1, a1, 0x666
x11 <- 0x0000000066666666
mem[X,0x0000000080006F98] -> 0x9593
mem[X,0x0000000080006F9A] -> 0x00B5
[7147] [M]: 0x0000000080006F98 (0x00B59593) slli a1, a1, 0xb
x11 <- 0x0000033333333000
mem[X,0x0000000080006F9C] -> 0x8593
mem[X,0x0000000080006F9E] -> 0x3335
[7148] [M]: 0x0000000080006F9C (0x33358593) addi a1, a1, 0x333
x11 <- 0x0000033333333333
mem[X,0x0000000080006FA0] -> 0x9593
mem[X,0x0000000080006FA2] -> 0x00B5
[7149] [M]: 0x0000000080006FA0 (0x00B59593) slli a1, a1, 0xb
x11 <- 0x0019999999999800
mem[X,0x0000000080006FA4] -> 0x8593
mem[X,0x0000000080006FA6] -> 0x1995
[7150] [M]: 0x0000000080006FA4 (0x19958593) addi a1, a1, 0x199
x11 <- 0x0019999999999999
mem[X,0x0000000080006FA8] -> 0x9593
mem[X,0x0000000080006FAA] -> 0x00A5
[7151] [M]: 0x0000000080006FA8 (0x00A59593) slli a1, a1, 0xa
x11 <- 0x6666666666666400
mem[X,0x0000000080006FAC] -> 0x8593
mem[X,0x0000000080006FAE] -> 0x2675
[7152] [M]: 0x0000000080006FAC (0x26758593) addi a1, a1, 0x267
x11 <- 0x6666666666666667
mem[X,0x0000000080006FB0] -> 0x063B
mem[X,0x0000000080006FB2] -> 0x40B5
[7153] [M]: 0x0000000080006FB0 (0x40B5063B) subw a2, a0, a1
x12 <- 0xFFFFFFFFCCCCCCCD
mem[X,0x0000000080006FB4] -> 0xB823
mem[X,0x0000000080006FB6] -> 0x20C2
[7154] [M]: 0x0000000080006FB4 (0x20C2B823) sd a2, 0x210(t0)
mem[0x000000008000C3B8] <- 0xFFFFFFFFCCCCCCCD
mem[X,0x0000000080006FB8] -> 0x3537
mem[X,0x0000000080006FBA] -> 0x3333
[7155] [M]: 0x0000000080006FB8 (0x33333537) lui a0, 0x33333
x10 <- 0x0000000033333000
mem[X,0x0000000080006FBC] -> 0x0513
mem[X,0x0000000080006FBE] -> 0x3335
[7156] [M]: 0x0000000080006FBC (0x33350513) addi a0, a0, 0x333
x10 <- 0x0000000033333333
mem[X,0x0000000080006FC0] -> 0x1513
mem[X,0x0000000080006FC2] -> 0x00B5
[7157] [M]: 0x0000000080006FC0 (0x00B51513) slli a0, a0, 0xb
x10 <- 0x0000019999999800
mem[X,0x0000000080006FC4] -> 0x0513
mem[X,0x0000000080006FC6] -> 0x1995
[7158] [M]: 0x0000000080006FC4 (0x19950513) addi a0, a0, 0x199
x10 <- 0x0000019999999999
mem[X,0x0000000080006FC8] -> 0x1513
mem[X,0x0000000080006FCA] -> 0x00B5
[7159] [M]: 0x0000000080006FC8 (0x00B51513) slli a0, a0, 0xb
x10 <- 0x000CCCCCCCCCC800
mem[X,0x0000000080006FCC] -> 0x0513
mem[X,0x0000000080006FCE] -> 0x4CC5
[7160] [M]: 0x0000000080006FCC (0x4CC50513) addi a0, a0, 0x4cc
x10 <- 0x000CCCCCCCCCCCCC
mem[X,0x0000000080006FD0] -> 0x1513
mem[X,0x0000000080006FD2] -> 0x00A5
[7161] [M]: 0x0000000080006FD0 (0x00A51513) slli a0, a0, 0xa
x10 <- 0x3333333333333000
mem[X,0x0000000080006FD4] -> 0x0513
mem[X,0x0000000080006FD6] -> 0x3345
[7162] [M]: 0x0000000080006FD4 (0x33450513) addi a0, a0, 0x334
x10 <- 0x3333333333333334
mem[X,0x0000000080006FD8] -> 0x05B7
mem[X,0x0000000080006FDA] -> 0x0000
[7163] [M]: 0x0000000080006FD8 (0x000005B7) lui a1, 0x0
x11 <- 0x0000000000000000
mem[X,0x0000000080006FDC] -> 0x8593
mem[X,0x0000000080006FDE] -> 0xFFF5
[7164] [M]: 0x0000000080006FDC (0xFFF58593) addi a1, a1, -0x1
x11 <- 0xFFFFFFFFFFFFFFFF
mem[X,0x0000000080006FE0] -> 0x9593
mem[X,0x0000000080006FE2] -> 0x00B5
[7165] [M]: 0x0000000080006FE0 (0x00B59593) slli a1, a1, 0xb
x11 <- 0xFFFFFFFFFFFFF800
mem[X,0x0000000080006FE4] -> 0x8593
mem[X,0x0000000080006FE6] -> 0x2575
[7166] [M]: 0x0000000080006FE4 (0x25758593) addi a1, a1, 0x257
x11 <- 0xFFFFFFFFFFFFFA57
mem[X,0x0000000080006FE8] -> 0x9593
mem[X,0x0000000080006FEA] -> 0x00B5
[7167] [M]: 0x0000000080006FE8 (0x00B59593) slli a1, a1, 0xb
x11 <- 0xFFFFFFFFFFD2B800
mem[X,0x0000000080006FEC] -> 0x8593
mem[X,0x0000000080006FEE] -> 0x6C35
[7168] [M]: 0x0000000080006FEC (0x6C358593) addi a1, a1, 0x6c3
x11 <- 0xFFFFFFFFFFD2BEC3
mem[X,0x0000000080006FF0] -> 0x9593
mem[X,0x0000000080006FF2] -> 0x00A5
[7169] [M]: 0x0000000080006FF0 (0x00A59593) slli a1, a1, 0xa
x11 <- 0xFFFFFFFF4AFB0C00
mem[X,0x0000000080006FF4] -> 0x8593
mem[X,0x0000000080006FF6] -> 0x0CE5
[7170] [M]: 0x0000000080006FF4 (0x0CE58593) addi a1, a1, 0xce
x11 <- 0xFFFFFFFF4AFB0CCE
mem[X,0x0000000080006FF8] -> 0x063B
mem[X,0x0000000080006FFA] -> 0x40B5
[7171] [M]: 0x0000000080006FF8 (0x40B5063B) subw a2, a0, a1
x12 <- 0xFFFFFFFFE8382666
mem[X,0x0000000080006FFC] -> 0xBC23
mem[X,0x0000000080006FFE] -> 0x20C2
[7172] [M]: 0x0000000080006FFC (0x20C2BC23) sd a2, 0x218(t0)
mem[0x000000008000C3C0] <- 0xFFFFFFFFE8382666
mem[X,0x0000000080007000] -> 0x3537
mem[X,0x0000000080007002] -> 0x3333
[7173] [M]: 0x0000000080007000 (0x33333537) lui a0, 0x33333
x10 <- 0x0000000033333000
mem[X,0x0000000080007004] -> 0x0513
mem[X,0x0000000080007006] -> 0x3335
[7174] [M]: 0x0000000080007004 (0x33350513) addi a0, a0, 0x333
x10 <- 0x0000000033333333
mem[X,0x0000000080007008] -> 0x1513
mem[X,0x000000008000700A] -> 0x00B5
[7175] [M]: 0x0000000080007008 (0x00B51513) slli a0, a0, 0xb
x10 <- 0x0000019999999800
mem[X,0x000000008000700C] -> 0x0513
mem[X,0x000000008000700E] -> 0x1995
[7176] [M]: 0x000000008000700C (0x19950513) addi a0, a0, 0x199
x10 <- 0x0000019999999999
mem[X,0x0000000080007010] -> 0x1513
mem[X,0x0000000080007012] -> 0x00B5
[7177] [M]: 0x0000000080007010 (0x00B51513) slli a0, a0, 0xb
x10 <- 0x000CCCCCCCCCC800
mem[X,0x0000000080007014] -> 0x0513
mem[X,0x0000000080007016] -> 0x4CC5
[7178] [M]: 0x0000000080007014 (0x4CC50513) addi a0, a0, 0x4cc
x10 <- 0x000CCCCCCCCCCCCC
mem[X,0x0000000080007018] -> 0x1513
mem[X,0x000000008000701A] -> 0x00A5
[7179] [M]: 0x0000000080007018 (0x00A51513) slli a0, a0, 0xa
x10 <- 0x3333333333333000
mem[X,0x000000008000701C] -> 0x0513
mem[X,0x000000008000701E] -> 0x3345
[7180] [M]: 0x000000008000701C (0x33450513) addi a0, a0, 0x334
x10 <- 0x3333333333333334
mem[X,0x0000000080007020] -> 0x05B7
mem[X,0x0000000080007022] -> 0x0000
[7181] [M]: 0x0000000080007020 (0x000005B7) lui a1, 0x0
x11 <- 0x0000000000000000
mem[X,0x0000000080007024] -> 0x8593
mem[X,0x0000000080007026] -> 0x0005
[7182] [M]: 0x0000000080007024 (0x00058593) addi a1, a1, 0x0
x11 <- 0x0000000000000000
mem[X,0x0000000080007028] -> 0x9593
mem[X,0x000000008000702A] -> 0x00B5
[7183] [M]: 0x0000000080007028 (0x00B59593) slli a1, a1, 0xb
x11 <- 0x0000000000000000
mem[X,0x000000008000702C] -> 0x8593
mem[X,0x000000008000702E] -> 0x5A85
[7184] [M]: 0x000000008000702C (0x5A858593) addi a1, a1, 0x5a8
x11 <- 0x00000000000005A8
mem[X,0x0000000080007030] -> 0x9593
mem[X,0x0000000080007032] -> 0x00B5
[7185] [M]: 0x0000000080007030 (0x00B59593) slli a1, a1, 0xb
x11 <- 0x00000000002D4000
mem[X,0x0000000080007034] -> 0x8593
mem[X,0x0000000080007036] -> 0x13C5
[7186] [M]: 0x0000000080007034 (0x13C58593) addi a1, a1, 0x13c
x11 <- 0x00000000002D413C
mem[X,0x0000000080007038] -> 0x9593
mem[X,0x000000008000703A] -> 0x00A5
[7187] [M]: 0x0000000080007038 (0x00A59593) slli a1, a1, 0xa
x11 <- 0x00000000B504F000
mem[X,0x000000008000703C] -> 0x8593
mem[X,0x000000008000703E] -> 0x3345
[7188] [M]: 0x000000008000703C (0x33458593) addi a1, a1, 0x334
x11 <- 0x00000000B504F334
mem[X,0x0000000080007040] -> 0x063B
mem[X,0x0000000080007042] -> 0x40B5
[7189] [M]: 0x0000000080007040 (0x40B5063B) subw a2, a0, a1
x12 <- 0x000000007E2E4000
mem[X,0x0000000080007044] -> 0xB023
mem[X,0x0000000080007046] -> 0x22C2
[7190] [M]: 0x0000000080007044 (0x22C2B023) sd a2, 0x220(t0)
mem[0x000000008000C3C8] <- 0x000000007E2E4000
mem[X,0x0000000080007048] -> 0x6537
mem[X,0x000000008000704A] -> 0x6666
[7191] [M]: 0x0000000080007048 (0x66666537) lui a0, 0x66666
x10 <- 0x0000000066666000
mem[X,0x000000008000704C] -> 0x0513
mem[X,0x000000008000704E] -> 0x6665
[7192] [M]: 0x000000008000704C (0x66650513) addi a0, a0, 0x666
x10 <- 0x0000000066666666
mem[X,0x0000000080007050] -> 0x1513
mem[X,0x0000000080007052] -> 0x00B5
[7193] [M]: 0x0000000080007050 (0x00B51513) slli a0, a0, 0xb
x10 <- 0x0000033333333000
mem[X,0x0000000080007054] -> 0x0513
mem[X,0x0000000080007056] -> 0x3335
[7194] [M]: 0x0000000080007054 (0x33350513) addi a0, a0, 0x333
x10 <- 0x0000033333333333
mem[X,0x0000000080007058] -> 0x1513
mem[X,0x000000008000705A] -> 0x00B5
[7195] [M]: 0x0000000080007058 (0x00B51513) slli a0, a0, 0xb
x10 <- 0x0019999999999800
mem[X,0x000000008000705C] -> 0x0513
mem[X,0x000000008000705E] -> 0x1995
[7196] [M]: 0x000000008000705C (0x19950513) addi a0, a0, 0x199
x10 <- 0x0019999999999999
mem[X,0x0000000080007060] -> 0x1513
mem[X,0x0000000080007062] -> 0x00A5
[7197] [M]: 0x0000000080007060 (0x00A51513) slli a0, a0, 0xa
x10 <- 0x6666666666666400
mem[X,0x0000000080007064] -> 0x0513
mem[X,0x0000000080007066] -> 0x2675
[7198] [M]: 0x0000000080007064 (0x26750513) addi a0, a0, 0x267
x10 <- 0x6666666666666667
mem[X,0x0000000080007068] -> 0x0593
mem[X,0x000000008000706A] -> 0x0030
[7199] [M]: 0x0000000080007068 (0x00300593) addi a1, zero, 0x3
x11 <- 0x0000000000000003
clint::tick mtime <- 0x0000000000000048
 clint timer pending at mtime 0x0000000000000048
htif::tick 0x0000000000000000
mem[X,0x000000008000706C] -> 0x063B
mem[X,0x000000008000706E] -> 0x40B5
[7200] [M]: 0x000000008000706C (0x40B5063B) subw a2, a0, a1
x12 <- 0x0000000066666664
mem[X,0x0000000080007070] -> 0xB423
mem[X,0x0000000080007072] -> 0x22C2
[7201] [M]: 0x0000000080007070 (0x22C2B423) sd a2, 0x228(t0)
mem[0x000000008000C3D0] <- 0x0000000066666664
mem[X,0x0000000080007074] -> 0x6537
mem[X,0x0000000080007076] -> 0x6666
[7202] [M]: 0x0000000080007074 (0x66666537) lui a0, 0x66666
x10 <- 0x0000000066666000
mem[X,0x0000000080007078] -> 0x0513
mem[X,0x000000008000707A] -> 0x6665
[7203] [M]: 0x0000000080007078 (0x66650513) addi a0, a0, 0x666
x10 <- 0x0000000066666666
mem[X,0x000000008000707C] -> 0x1513
mem[X,0x000000008000707E] -> 0x00B5
[7204] [M]: 0x000000008000707C (0x00B51513) slli a0, a0, 0xb
x10 <- 0x0000033333333000
mem[X,0x0000000080007080] -> 0x0513
mem[X,0x0000000080007082] -> 0x3335
[7205] [M]: 0x0000000080007080 (0x33350513) addi a0, a0, 0x333
x10 <- 0x0000033333333333
mem[X,0x0000000080007084] -> 0x1513
mem[X,0x0000000080007086] -> 0x00B5
[7206] [M]: 0x0000000080007084 (0x00B51513) slli a0, a0, 0xb
x10 <- 0x0019999999999800
mem[X,0x0000000080007088] -> 0x0513
mem[X,0x000000008000708A] -> 0x1995
[7207] [M]: 0x0000000080007088 (0x19950513) addi a0, a0, 0x199
x10 <- 0x0019999999999999
mem[X,0x000000008000708C] -> 0x1513
mem[X,0x000000008000708E] -> 0x00A5
[7208] [M]: 0x000000008000708C (0x00A51513) slli a0, a0, 0xa
x10 <- 0x6666666666666400
mem[X,0x0000000080007090] -> 0x0513
mem[X,0x0000000080007092] -> 0x2675
[7209] [M]: 0x0000000080007090 (0x26750513) addi a0, a0, 0x267
x10 <- 0x6666666666666667
mem[X,0x0000000080007094] -> 0x55B7
mem[X,0x0000000080007096] -> 0x5555
[7210] [M]: 0x0000000080007094 (0x555555B7) lui a1, 0x55555
x11 <- 0x0000000055555000
mem[X,0x0000000080007098] -> 0x8593
mem[X,0x000000008000709A] -> 0x5555
[7211] [M]: 0x0000000080007098 (0x55558593) addi a1, a1, 0x555
x11 <- 0x0000000055555555
mem[X,0x000000008000709C] -> 0x9593
mem[X,0x000000008000709E] -> 0x00B5
[7212] [M]: 0x000000008000709C (0x00B59593) slli a1, a1, 0xb
x11 <- 0x000002AAAAAAA800
mem[X,0x00000000800070A0] -> 0x8593
mem[X,0x00000000800070A2] -> 0x2AA5
[7213] [M]: 0x00000000800070A0 (0x2AA58593) addi a1, a1, 0x2aa
x11 <- 0x000002AAAAAAAAAA
mem[X,0x00000000800070A4] -> 0x9593
mem[X,0x00000000800070A6] -> 0x00B5
[7214] [M]: 0x00000000800070A4 (0x00B59593) slli a1, a1, 0xb
x11 <- 0x0015555555555000
mem[X,0x00000000800070A8] -> 0x8593
mem[X,0x00000000800070AA] -> 0x5555
[7215] [M]: 0x00000000800070A8 (0x55558593) addi a1, a1, 0x555
x11 <- 0x0015555555555555
mem[X,0x00000000800070AC] -> 0x9593
mem[X,0x00000000800070AE] -> 0x00A5
[7216] [M]: 0x00000000800070AC (0x00A59593) slli a1, a1, 0xa
x11 <- 0x5555555555555400
mem[X,0x00000000800070B0] -> 0x8593
mem[X,0x00000000800070B2] -> 0x1555
[7217] [M]: 0x00000000800070B0 (0x15558593) addi a1, a1, 0x155
x11 <- 0x5555555555555555
mem[X,0x00000000800070B4] -> 0x063B
mem[X,0x00000000800070B6] -> 0x40B5
[7218] [M]: 0x00000000800070B4 (0x40B5063B) subw a2, a0, a1
x12 <- 0x0000000011111112
mem[X,0x00000000800070B8] -> 0xB823
mem[X,0x00000000800070BA] -> 0x22C2
[7219] [M]: 0x00000000800070B8 (0x22C2B823) sd a2, 0x230(t0)
mem[0x000000008000C3D8] <- 0x0000000011111112
mem[X,0x00000000800070BC] -> 0x6537
mem[X,0x00000000800070BE] -> 0x6666
[7220] [M]: 0x00000000800070BC (0x66666537) lui a0, 0x66666
x10 <- 0x0000000066666000
mem[X,0x00000000800070C0] -> 0x0513
mem[X,0x00000000800070C2] -> 0x6665
[7221] [M]: 0x00000000800070C0 (0x66650513) addi a0, a0, 0x666
x10 <- 0x0000000066666666
mem[X,0x00000000800070C4] -> 0x1513
mem[X,0x00000000800070C6] -> 0x00B5
[7222] [M]: 0x00000000800070C4 (0x00B51513) slli a0, a0, 0xb
x10 <- 0x0000033333333000
mem[X,0x00000000800070C8] -> 0x0513
mem[X,0x00000000800070CA] -> 0x3335
[7223] [M]: 0x00000000800070C8 (0x33350513) addi a0, a0, 0x333
x10 <- 0x0000033333333333
mem[X,0x00000000800070CC] -> 0x1513
mem[X,0x00000000800070CE] -> 0x00B5
[7224] [M]: 0x00000000800070CC (0x00B51513) slli a0, a0, 0xb
x10 <- 0x0019999999999800
mem[X,0x00000000800070D0] -> 0x0513
mem[X,0x00000000800070D2] -> 0x1995
[7225] [M]: 0x00000000800070D0 (0x19950513) addi a0, a0, 0x199
x10 <- 0x0019999999999999
mem[X,0x00000000800070D4] -> 0x1513
mem[X,0x00000000800070D6] -> 0x00A5
[7226] [M]: 0x00000000800070D4 (0x00A51513) slli a0, a0, 0xa
x10 <- 0x6666666666666400
mem[X,0x00000000800070D8] -> 0x0513
mem[X,0x00000000800070DA] -> 0x2675
[7227] [M]: 0x00000000800070D8 (0x26750513) addi a0, a0, 0x267
x10 <- 0x6666666666666667
mem[X,0x00000000800070DC] -> 0xB5B7
mem[X,0x00000000800070DE] -> 0xAAAA
[7228] [M]: 0x00000000800070DC (0xAAAAB5B7) lui a1, -0x55555
x11 <- 0xFFFFFFFFAAAAB000
mem[X,0x00000000800070E0] -> 0x8593
mem[X,0x00000000800070E2] -> 0xAAA5
[7229] [M]: 0x00000000800070E0 (0xAAA58593) addi a1, a1, -0x556
x11 <- 0xFFFFFFFFAAAAAAAA
mem[X,0x00000000800070E4] -> 0x9593
mem[X,0x00000000800070E6] -> 0x00B5
[7230] [M]: 0x00000000800070E4 (0x00B59593) slli a1, a1, 0xb
x11 <- 0xFFFFFD5555555000
mem[X,0x00000000800070E8] -> 0x8593
mem[X,0x00000000800070EA] -> 0x5555
[7231] [M]: 0x00000000800070E8 (0x55558593) addi a1, a1, 0x555
x11 <- 0xFFFFFD5555555555
mem[X,0x00000000800070EC] -> 0x9593
mem[X,0x00000000800070EE] -> 0x00B5
[7232] [M]: 0x00000000800070EC (0x00B59593) slli a1, a1, 0xb
x11 <- 0xFFEAAAAAAAAAA800
mem[X,0x00000000800070F0] -> 0x8593
mem[X,0x00000000800070F2] -> 0x2AA5
[7233] [M]: 0x00000000800070F0 (0x2AA58593) addi a1, a1, 0x2aa
x11 <- 0xFFEAAAAAAAAAAAAA
mem[X,0x00000000800070F4] -> 0x9593
mem[X,0x00000000800070F6] -> 0x00A5
[7234] [M]: 0x00000000800070F4 (0x00A59593) slli a1, a1, 0xa
x11 <- 0xAAAAAAAAAAAAA800
mem[X,0x00000000800070F8] -> 0x8593
mem[X,0x00000000800070FA] -> 0x2AA5
[7235] [M]: 0x00000000800070F8 (0x2AA58593) addi a1, a1, 0x2aa
x11 <- 0xAAAAAAAAAAAAAAAA
mem[X,0x00000000800070FC] -> 0x063B
mem[X,0x00000000800070FE] -> 0x40B5
[7236] [M]: 0x00000000800070FC (0x40B5063B) subw a2, a0, a1
x12 <- 0xFFFFFFFFBBBBBBBD
mem[X,0x0000000080007100] -> 0xBC23
mem[X,0x0000000080007102] -> 0x22C2
[7237] [M]: 0x0000000080007100 (0x22C2BC23) sd a2, 0x238(t0)
mem[0x000000008000C3E0] <- 0xFFFFFFFFBBBBBBBD
mem[X,0x0000000080007104] -> 0x6537
mem[X,0x0000000080007106] -> 0x6666
[7238] [M]: 0x0000000080007104 (0x66666537) lui a0, 0x66666
x10 <- 0x0000000066666000
mem[X,0x0000000080007108] -> 0x0513
mem[X,0x000000008000710A] -> 0x6665
[7239] [M]: 0x0000000080007108 (0x66650513) addi a0, a0, 0x666
x10 <- 0x0000000066666666
mem[X,0x000000008000710C] -> 0x1513
mem[X,0x000000008000710E] -> 0x00B5
[7240] [M]: 0x000000008000710C (0x00B51513) slli a0, a0, 0xb
x10 <- 0x0000033333333000
mem[X,0x0000000080007110] -> 0x0513
mem[X,0x0000000080007112] -> 0x3335
[7241] [M]: 0x0000000080007110 (0x33350513) addi a0, a0, 0x333
x10 <- 0x0000033333333333
mem[X,0x0000000080007114] -> 0x1513
mem[X,0x0000000080007116] -> 0x00B5
[7242] [M]: 0x0000000080007114 (0x00B51513) slli a0, a0, 0xb
x10 <- 0x0019999999999800
mem[X,0x0000000080007118] -> 0x0513
mem[X,0x000000008000711A] -> 0x1995
[7243] [M]: 0x0000000080007118 (0x19950513) addi a0, a0, 0x199
x10 <- 0x0019999999999999
mem[X,0x000000008000711C] -> 0x1513
mem[X,0x000000008000711E] -> 0x00A5
[7244] [M]: 0x000000008000711C (0x00A51513) slli a0, a0, 0xa
x10 <- 0x6666666666666400
mem[X,0x0000000080007120] -> 0x0513
mem[X,0x0000000080007122] -> 0x2675
[7245] [M]: 0x0000000080007120 (0x26750513) addi a0, a0, 0x267
x10 <- 0x6666666666666667
mem[X,0x0000000080007124] -> 0x0593
mem[X,0x0000000080007126] -> 0x0050
[7246] [M]: 0x0000000080007124 (0x00500593) addi a1, zero, 0x5
x11 <- 0x0000000000000005
mem[X,0x0000000080007128] -> 0x063B
mem[X,0x000000008000712A] -> 0x40B5
[7247] [M]: 0x0000000080007128 (0x40B5063B) subw a2, a0, a1
x12 <- 0x0000000066666662
mem[X,0x000000008000712C] -> 0xB023
mem[X,0x000000008000712E] -> 0x24C2
[7248] [M]: 0x000000008000712C (0x24C2B023) sd a2, 0x240(t0)
mem[0x000000008000C3E8] <- 0x0000000066666662
mem[X,0x0000000080007130] -> 0x6537
mem[X,0x0000000080007132] -> 0x6666
[7249] [M]: 0x0000000080007130 (0x66666537) lui a0, 0x66666
x10 <- 0x0000000066666000
mem[X,0x0000000080007134] -> 0x0513
mem[X,0x0000000080007136] -> 0x6665
[7250] [M]: 0x0000000080007134 (0x66650513) addi a0, a0, 0x666
x10 <- 0x0000000066666666
mem[X,0x0000000080007138] -> 0x1513
mem[X,0x000000008000713A] -> 0x00B5
[7251] [M]: 0x0000000080007138 (0x00B51513) slli a0, a0, 0xb
x10 <- 0x0000033333333000
mem[X,0x000000008000713C] -> 0x0513
mem[X,0x000000008000713E] -> 0x3335
[7252] [M]: 0x000000008000713C (0x33350513) addi a0, a0, 0x333
x10 <- 0x0000033333333333
mem[X,0x0000000080007140] -> 0x1513
mem[X,0x0000000080007142] -> 0x00B5
[7253] [M]: 0x0000000080007140 (0x00B51513) slli a0, a0, 0xb
x10 <- 0x0019999999999800
mem[X,0x0000000080007144] -> 0x0513
mem[X,0x0000000080007146] -> 0x1995
[7254] [M]: 0x0000000080007144 (0x19950513) addi a0, a0, 0x199
x10 <- 0x0019999999999999
mem[X,0x0000000080007148] -> 0x1513
mem[X,0x000000008000714A] -> 0x00A5
[7255] [M]: 0x0000000080007148 (0x00A51513) slli a0, a0, 0xa
x10 <- 0x6666666666666400
mem[X,0x000000008000714C] -> 0x0513
mem[X,0x000000008000714E] -> 0x2675
[7256] [M]: 0x000000008000714C (0x26750513) addi a0, a0, 0x267
x10 <- 0x6666666666666667
mem[X,0x0000000080007150] -> 0x35B7
mem[X,0x0000000080007152] -> 0x3333
[7257] [M]: 0x0000000080007150 (0x333335B7) lui a1, 0x33333
x11 <- 0x0000000033333000
mem[X,0x0000000080007154] -> 0x8593
mem[X,0x0000000080007156] -> 0x3335
[7258] [M]: 0x0000000080007154 (0x33358593) addi a1, a1, 0x333
x11 <- 0x0000000033333333
mem[X,0x0000000080007158] -> 0x9593
mem[X,0x000000008000715A] -> 0x00B5
[7259] [M]: 0x0000000080007158 (0x00B59593) slli a1, a1, 0xb
x11 <- 0x0000019999999800
mem[X,0x000000008000715C] -> 0x8593
mem[X,0x000000008000715E] -> 0x1995
[7260] [M]: 0x000000008000715C (0x19958593) addi a1, a1, 0x199
x11 <- 0x0000019999999999
mem[X,0x0000000080007160] -> 0x9593
mem[X,0x0000000080007162] -> 0x00B5
[7261] [M]: 0x0000000080007160 (0x00B59593) slli a1, a1, 0xb
x11 <- 0x000CCCCCCCCCC800
mem[X,0x0000000080007164] -> 0x8593
mem[X,0x0000000080007166] -> 0x4CC5
[7262] [M]: 0x0000000080007164 (0x4CC58593) addi a1, a1, 0x4cc
x11 <- 0x000CCCCCCCCCCCCC
mem[X,0x0000000080007168] -> 0x9593
mem[X,0x000000008000716A] -> 0x00A5
[7263] [M]: 0x0000000080007168 (0x00A59593) slli a1, a1, 0xa
x11 <- 0x3333333333333000
mem[X,0x000000008000716C] -> 0x8593
mem[X,0x000000008000716E] -> 0x3335
[7264] [M]: 0x000000008000716C (0x33358593) addi a1, a1, 0x333
x11 <- 0x3333333333333333
mem[X,0x0000000080007170] -> 0x063B
mem[X,0x0000000080007172] -> 0x40B5
[7265] [M]: 0x0000000080007170 (0x40B5063B) subw a2, a0, a1
x12 <- 0x0000000033333334
mem[X,0x0000000080007174] -> 0xB423
mem[X,0x0000000080007176] -> 0x24C2
[7266] [M]: 0x0000000080007174 (0x24C2B423) sd a2, 0x248(t0)
mem[0x000000008000C3F0] <- 0x0000000033333334
mem[X,0x0000000080007178] -> 0x6537
mem[X,0x000000008000717A] -> 0x6666
[7267] [M]: 0x0000000080007178 (0x66666537) lui a0, 0x66666
x10 <- 0x0000000066666000
mem[X,0x000000008000717C] -> 0x0513
mem[X,0x000000008000717E] -> 0x6665
[7268] [M]: 0x000000008000717C (0x66650513) addi a0, a0, 0x666
x10 <- 0x0000000066666666
mem[X,0x0000000080007180] -> 0x1513
mem[X,0x0000000080007182] -> 0x00B5
[7269] [M]: 0x0000000080007180 (0x00B51513) slli a0, a0, 0xb
x10 <- 0x0000033333333000
mem[X,0x0000000080007184] -> 0x0513
mem[X,0x0000000080007186] -> 0x3335
[7270] [M]: 0x0000000080007184 (0x33350513) addi a0, a0, 0x333
x10 <- 0x0000033333333333
mem[X,0x0000000080007188] -> 0x1513
mem[X,0x000000008000718A] -> 0x00B5
[7271] [M]: 0x0000000080007188 (0x00B51513) slli a0, a0, 0xb
x10 <- 0x0019999999999800
mem[X,0x000000008000718C] -> 0x0513
mem[X,0x000000008000718E] -> 0x1995
[7272] [M]: 0x000000008000718C (0x19950513) addi a0, a0, 0x199
x10 <- 0x0019999999999999
mem[X,0x0000000080007190] -> 0x1513
mem[X,0x0000000080007192] -> 0x00A5
[7273] [M]: 0x0000000080007190 (0x00A51513) slli a0, a0, 0xa
x10 <- 0x6666666666666400
mem[X,0x0000000080007194] -> 0x0513
mem[X,0x0000000080007196] -> 0x2675
[7274] [M]: 0x0000000080007194 (0x26750513) addi a0, a0, 0x267
x10 <- 0x6666666666666667
mem[X,0x0000000080007198] -> 0x65B7
mem[X,0x000000008000719A] -> 0x6666
[7275] [M]: 0x0000000080007198 (0x666665B7) lui a1, 0x66666
x11 <- 0x0000000066666000
mem[X,0x000000008000719C] -> 0x8593
mem[X,0x000000008000719E] -> 0x6665
[7276] [M]: 0x000000008000719C (0x66658593) addi a1, a1, 0x666
x11 <- 0x0000000066666666
mem[X,0x00000000800071A0] -> 0x9593
mem[X,0x00000000800071A2] -> 0x00B5
[7277] [M]: 0x00000000800071A0 (0x00B59593) slli a1, a1, 0xb
x11 <- 0x0000033333333000
mem[X,0x00000000800071A4] -> 0x8593
mem[X,0x00000000800071A6] -> 0x3335
[7278] [M]: 0x00000000800071A4 (0x33358593) addi a1, a1, 0x333
x11 <- 0x0000033333333333
mem[X,0x00000000800071A8] -> 0x9593
mem[X,0x00000000800071AA] -> 0x00B5
[7279] [M]: 0x00000000800071A8 (0x00B59593) slli a1, a1, 0xb
x11 <- 0x0019999999999800
mem[X,0x00000000800071AC] -> 0x8593
mem[X,0x00000000800071AE] -> 0x1995
[7280] [M]: 0x00000000800071AC (0x19958593) addi a1, a1, 0x199
x11 <- 0x0019999999999999
mem[X,0x00000000800071B0] -> 0x9593
mem[X,0x00000000800071B2] -> 0x00A5
[7281] [M]: 0x00000000800071B0 (0x00A59593) slli a1, a1, 0xa
x11 <- 0x6666666666666400
mem[X,0x00000000800071B4] -> 0x8593
mem[X,0x00000000800071B6] -> 0x2665
[7282] [M]: 0x00000000800071B4 (0x26658593) addi a1, a1, 0x266
x11 <- 0x6666666666666666
mem[X,0x00000000800071B8] -> 0x063B
mem[X,0x00000000800071BA] -> 0x40B5
[7283] [M]: 0x00000000800071B8 (0x40B5063B) subw a2, a0, a1
x12 <- 0x0000000000000001
mem[X,0x00000000800071BC] -> 0xB823
mem[X,0x00000000800071BE] -> 0x24C2
[7284] [M]: 0x00000000800071BC (0x24C2B823) sd a2, 0x250(t0)
mem[0x000000008000C3F8] <- 0x0000000000000001
mem[X,0x00000000800071C0] -> 0x6537
mem[X,0x00000000800071C2] -> 0x6666
[7285] [M]: 0x00000000800071C0 (0x66666537) lui a0, 0x66666
x10 <- 0x0000000066666000
mem[X,0x00000000800071C4] -> 0x0513
mem[X,0x00000000800071C6] -> 0x6665
[7286] [M]: 0x00000000800071C4 (0x66650513) addi a0, a0, 0x666
x10 <- 0x0000000066666666
mem[X,0x00000000800071C8] -> 0x1513
mem[X,0x00000000800071CA] -> 0x00B5
[7287] [M]: 0x00000000800071C8 (0x00B51513) slli a0, a0, 0xb
x10 <- 0x0000033333333000
mem[X,0x00000000800071CC] -> 0x0513
mem[X,0x00000000800071CE] -> 0x3335
[7288] [M]: 0x00000000800071CC (0x33350513) addi a0, a0, 0x333
x10 <- 0x0000033333333333
mem[X,0x00000000800071D0] -> 0x1513
mem[X,0x00000000800071D2] -> 0x00B5
[7289] [M]: 0x00000000800071D0 (0x00B51513) slli a0, a0, 0xb
x10 <- 0x0019999999999800
mem[X,0x00000000800071D4] -> 0x0513
mem[X,0x00000000800071D6] -> 0x1995
[7290] [M]: 0x00000000800071D4 (0x19950513) addi a0, a0, 0x199
x10 <- 0x0019999999999999
mem[X,0x00000000800071D8] -> 0x1513
mem[X,0x00000000800071DA] -> 0x00A5
[7291] [M]: 0x00000000800071D8 (0x00A51513) slli a0, a0, 0xa
x10 <- 0x6666666666666400
mem[X,0x00000000800071DC] -> 0x0513
mem[X,0x00000000800071DE] -> 0x2675
[7292] [M]: 0x00000000800071DC (0x26750513) addi a0, a0, 0x267
x10 <- 0x6666666666666667
mem[X,0x00000000800071E0] -> 0x05B7
mem[X,0x00000000800071E2] -> 0x0000
[7293] [M]: 0x00000000800071E0 (0x000005B7) lui a1, 0x0
x11 <- 0x0000000000000000
mem[X,0x00000000800071E4] -> 0x8593
mem[X,0x00000000800071E6] -> 0xFFF5
[7294] [M]: 0x00000000800071E4 (0xFFF58593) addi a1, a1, -0x1
x11 <- 0xFFFFFFFFFFFFFFFF
mem[X,0x00000000800071E8] -> 0x9593
mem[X,0x00000000800071EA] -> 0x00B5
[7295] [M]: 0x00000000800071E8 (0x00B59593) slli a1, a1, 0xb
x11 <- 0xFFFFFFFFFFFFF800
mem[X,0x00000000800071EC] -> 0x8593
mem[X,0x00000000800071EE] -> 0x2575
[7296] [M]: 0x00000000800071EC (0x25758593) addi a1, a1, 0x257
x11 <- 0xFFFFFFFFFFFFFA57
mem[X,0x00000000800071F0] -> 0x9593
mem[X,0x00000000800071F2] -> 0x00B5
[7297] [M]: 0x00000000800071F0 (0x00B59593) slli a1, a1, 0xb
x11 <- 0xFFFFFFFFFFD2B800
mem[X,0x00000000800071F4] -> 0x8593
mem[X,0x00000000800071F6] -> 0x6C35
[7298] [M]: 0x00000000800071F4 (0x6C358593) addi a1, a1, 0x6c3
x11 <- 0xFFFFFFFFFFD2BEC3
mem[X,0x00000000800071F8] -> 0x9593
mem[X,0x00000000800071FA] -> 0x00A5
[7299] [M]: 0x00000000800071F8 (0x00A59593) slli a1, a1, 0xa
x11 <- 0xFFFFFFFF4AFB0C00
clint::tick mtime <- 0x0000000000000049
 clint timer pending at mtime 0x0000000000000049
htif::tick 0x0000000000000000
mem[X,0x00000000800071FC] -> 0x8593
mem[X,0x00000000800071FE] -> 0x0CD5
[7300] [M]: 0x00000000800071FC (0x0CD58593) addi a1, a1, 0xcd
x11 <- 0xFFFFFFFF4AFB0CCD
mem[X,0x0000000080007200] -> 0x063B
mem[X,0x0000000080007202] -> 0x40B5
[7301] [M]: 0x0000000080007200 (0x40B5063B) subw a2, a0, a1
x12 <- 0x000000001B6B599A
mem[X,0x0000000080007204] -> 0xBC23
mem[X,0x0000000080007206] -> 0x24C2
[7302] [M]: 0x0000000080007204 (0x24C2BC23) sd a2, 0x258(t0)
mem[0x000000008000C400] <- 0x000000001B6B599A
mem[X,0x0000000080007208] -> 0x6537
mem[X,0x000000008000720A] -> 0x6666
[7303] [M]: 0x0000000080007208 (0x66666537) lui a0, 0x66666
x10 <- 0x0000000066666000
mem[X,0x000000008000720C] -> 0x0513
mem[X,0x000000008000720E] -> 0x6665
[7304] [M]: 0x000000008000720C (0x66650513) addi a0, a0, 0x666
x10 <- 0x0000000066666666
mem[X,0x0000000080007210] -> 0x1513
mem[X,0x0000000080007212] -> 0x00B5
[7305] [M]: 0x0000000080007210 (0x00B51513) slli a0, a0, 0xb
x10 <- 0x0000033333333000
mem[X,0x0000000080007214] -> 0x0513
mem[X,0x0000000080007216] -> 0x3335
[7306] [M]: 0x0000000080007214 (0x33350513) addi a0, a0, 0x333
x10 <- 0x0000033333333333
mem[X,0x0000000080007218] -> 0x1513
mem[X,0x000000008000721A] -> 0x00B5
[7307] [M]: 0x0000000080007218 (0x00B51513) slli a0, a0, 0xb
x10 <- 0x0019999999999800
mem[X,0x000000008000721C] -> 0x0513
mem[X,0x000000008000721E] -> 0x1995
[7308] [M]: 0x000000008000721C (0x19950513) addi a0, a0, 0x199
x10 <- 0x0019999999999999
mem[X,0x0000000080007220] -> 0x1513
mem[X,0x0000000080007222] -> 0x00A5
[7309] [M]: 0x0000000080007220 (0x00A51513) slli a0, a0, 0xa
x10 <- 0x6666666666666400
mem[X,0x0000000080007224] -> 0x0513
mem[X,0x0000000080007226] -> 0x2675
[7310] [M]: 0x0000000080007224 (0x26750513) addi a0, a0, 0x267
x10 <- 0x6666666666666667
mem[X,0x0000000080007228] -> 0x05B7
mem[X,0x000000008000722A] -> 0x0000
[7311] [M]: 0x0000000080007228 (0x000005B7) lui a1, 0x0
x11 <- 0x0000000000000000
mem[X,0x000000008000722C] -> 0x8593
mem[X,0x000000008000722E] -> 0x0005
[7312] [M]: 0x000000008000722C (0x00058593) addi a1, a1, 0x0
x11 <- 0x0000000000000000
mem[X,0x0000000080007230] -> 0x9593
mem[X,0x0000000080007232] -> 0x00B5
[7313] [M]: 0x0000000080007230 (0x00B59593) slli a1, a1, 0xb
x11 <- 0x0000000000000000
mem[X,0x0000000080007234] -> 0x8593
mem[X,0x0000000080007236] -> 0x5A85
[7314] [M]: 0x0000000080007234 (0x5A858593) addi a1, a1, 0x5a8
x11 <- 0x00000000000005A8
mem[X,0x0000000080007238] -> 0x9593
mem[X,0x000000008000723A] -> 0x00B5
[7315] [M]: 0x0000000080007238 (0x00B59593) slli a1, a1, 0xb
x11 <- 0x00000000002D4000
mem[X,0x000000008000723C] -> 0x8593
mem[X,0x000000008000723E] -> 0x13C5
[7316] [M]: 0x000000008000723C (0x13C58593) addi a1, a1, 0x13c
x11 <- 0x00000000002D413C
mem[X,0x0000000080007240] -> 0x9593
mem[X,0x0000000080007242] -> 0x00A5
[7317] [M]: 0x0000000080007240 (0x00A59593) slli a1, a1, 0xa
x11 <- 0x00000000B504F000
mem[X,0x0000000080007244] -> 0x8593
mem[X,0x0000000080007246] -> 0x3335
[7318] [M]: 0x0000000080007244 (0x33358593) addi a1, a1, 0x333
x11 <- 0x00000000B504F333
mem[X,0x0000000080007248] -> 0x063B
mem[X,0x000000008000724A] -> 0x40B5
[7319] [M]: 0x0000000080007248 (0x40B5063B) subw a2, a0, a1
x12 <- 0xFFFFFFFFB1617334
mem[X,0x000000008000724C] -> 0xB023
mem[X,0x000000008000724E] -> 0x26C2
[7320] [M]: 0x000000008000724C (0x26C2B023) sd a2, 0x260(t0)
mem[0x000000008000C408] <- 0xFFFFFFFFB1617334
mem[X,0x0000000080007250] -> 0x6537
mem[X,0x0000000080007252] -> 0x6666
[7321] [M]: 0x0000000080007250 (0x66666537) lui a0, 0x66666
x10 <- 0x0000000066666000
mem[X,0x0000000080007254] -> 0x0513
mem[X,0x0000000080007256] -> 0x6665
[7322] [M]: 0x0000000080007254 (0x66650513) addi a0, a0, 0x666
x10 <- 0x0000000066666666
mem[X,0x0000000080007258] -> 0x1513
mem[X,0x000000008000725A] -> 0x00B5
[7323] [M]: 0x0000000080007258 (0x00B51513) slli a0, a0, 0xb
x10 <- 0x0000033333333000
mem[X,0x000000008000725C] -> 0x0513
mem[X,0x000000008000725E] -> 0x3335
[7324] [M]: 0x000000008000725C (0x33350513) addi a0, a0, 0x333
x10 <- 0x0000033333333333
mem[X,0x0000000080007260] -> 0x1513
mem[X,0x0000000080007262] -> 0x00B5
[7325] [M]: 0x0000000080007260 (0x00B51513) slli a0, a0, 0xb
x10 <- 0x0019999999999800
mem[X,0x0000000080007264] -> 0x0513
mem[X,0x0000000080007266] -> 0x1995
[7326] [M]: 0x0000000080007264 (0x19950513) addi a0, a0, 0x199
x10 <- 0x0019999999999999
mem[X,0x0000000080007268] -> 0x1513
mem[X,0x000000008000726A] -> 0x00A5
[7327] [M]: 0x0000000080007268 (0x00A51513) slli a0, a0, 0xa
x10 <- 0x6666666666666400
mem[X,0x000000008000726C] -> 0x0513
mem[X,0x000000008000726E] -> 0x2675
[7328] [M]: 0x000000008000726C (0x26750513) addi a0, a0, 0x267
x10 <- 0x6666666666666667
mem[X,0x0000000080007270] -> 0x0593
mem[X,0x0000000080007272] -> 0x0020
[7329] [M]: 0x0000000080007270 (0x00200593) addi a1, zero, 0x2
x11 <- 0x0000000000000002
mem[X,0x0000000080007274] -> 0x063B
mem[X,0x0000000080007276] -> 0x40B5
[7330] [M]: 0x0000000080007274 (0x40B5063B) subw a2, a0, a1
x12 <- 0x0000000066666665
mem[X,0x0000000080007278] -> 0xB423
mem[X,0x000000008000727A] -> 0x26C2
[7331] [M]: 0x0000000080007278 (0x26C2B423) sd a2, 0x268(t0)
mem[0x000000008000C410] <- 0x0000000066666665
mem[X,0x000000008000727C] -> 0x6537
mem[X,0x000000008000727E] -> 0x6666
[7332] [M]: 0x000000008000727C (0x66666537) lui a0, 0x66666
x10 <- 0x0000000066666000
mem[X,0x0000000080007280] -> 0x0513
mem[X,0x0000000080007282] -> 0x6665
[7333] [M]: 0x0000000080007280 (0x66650513) addi a0, a0, 0x666
x10 <- 0x0000000066666666
mem[X,0x0000000080007284] -> 0x1513
mem[X,0x0000000080007286] -> 0x00B5
[7334] [M]: 0x0000000080007284 (0x00B51513) slli a0, a0, 0xb
x10 <- 0x0000033333333000
mem[X,0x0000000080007288] -> 0x0513
mem[X,0x000000008000728A] -> 0x3335
[7335] [M]: 0x0000000080007288 (0x33350513) addi a0, a0, 0x333
x10 <- 0x0000033333333333
mem[X,0x000000008000728C] -> 0x1513
mem[X,0x000000008000728E] -> 0x00B5
[7336] [M]: 0x000000008000728C (0x00B51513) slli a0, a0, 0xb
x10 <- 0x0019999999999800
mem[X,0x0000000080007290] -> 0x0513
mem[X,0x0000000080007292] -> 0x1995
[7337] [M]: 0x0000000080007290 (0x19950513) addi a0, a0, 0x199
x10 <- 0x0019999999999999
mem[X,0x0000000080007294] -> 0x1513
mem[X,0x0000000080007296] -> 0x00A5
[7338] [M]: 0x0000000080007294 (0x00A51513) slli a0, a0, 0xa
x10 <- 0x6666666666666400
mem[X,0x0000000080007298] -> 0x0513
mem[X,0x000000008000729A] -> 0x2675
[7339] [M]: 0x0000000080007298 (0x26750513) addi a0, a0, 0x267
x10 <- 0x6666666666666667
mem[X,0x000000008000729C] -> 0x55B7
mem[X,0x000000008000729E] -> 0x5555
[7340] [M]: 0x000000008000729C (0x555555B7) lui a1, 0x55555
x11 <- 0x0000000055555000
mem[X,0x00000000800072A0] -> 0x8593
mem[X,0x00000000800072A2] -> 0x5555
[7341] [M]: 0x00000000800072A0 (0x55558593) addi a1, a1, 0x555
x11 <- 0x0000000055555555
mem[X,0x00000000800072A4] -> 0x9593
mem[X,0x00000000800072A6] -> 0x00B5
[7342] [M]: 0x00000000800072A4 (0x00B59593) slli a1, a1, 0xb
x11 <- 0x000002AAAAAAA800
mem[X,0x00000000800072A8] -> 0x8593
mem[X,0x00000000800072AA] -> 0x2AA5
[7343] [M]: 0x00000000800072A8 (0x2AA58593) addi a1, a1, 0x2aa
x11 <- 0x000002AAAAAAAAAA
mem[X,0x00000000800072AC] -> 0x9593
mem[X,0x00000000800072AE] -> 0x00B5
[7344] [M]: 0x00000000800072AC (0x00B59593) slli a1, a1, 0xb
x11 <- 0x0015555555555000
mem[X,0x00000000800072B0] -> 0x8593
mem[X,0x00000000800072B2] -> 0x5555
[7345] [M]: 0x00000000800072B0 (0x55558593) addi a1, a1, 0x555
x11 <- 0x0015555555555555
mem[X,0x00000000800072B4] -> 0x9593
mem[X,0x00000000800072B6] -> 0x00A5
[7346] [M]: 0x00000000800072B4 (0x00A59593) slli a1, a1, 0xa
x11 <- 0x5555555555555400
mem[X,0x00000000800072B8] -> 0x8593
mem[X,0x00000000800072BA] -> 0x1545
[7347] [M]: 0x00000000800072B8 (0x15458593) addi a1, a1, 0x154
x11 <- 0x5555555555555554
mem[X,0x00000000800072BC] -> 0x063B
mem[X,0x00000000800072BE] -> 0x40B5
[7348] [M]: 0x00000000800072BC (0x40B5063B) subw a2, a0, a1
x12 <- 0x0000000011111113
mem[X,0x00000000800072C0] -> 0xB823
mem[X,0x00000000800072C2] -> 0x26C2
[7349] [M]: 0x00000000800072C0 (0x26C2B823) sd a2, 0x270(t0)
mem[0x000000008000C418] <- 0x0000000011111113
mem[X,0x00000000800072C4] -> 0x6537
mem[X,0x00000000800072C6] -> 0x6666
[7350] [M]: 0x00000000800072C4 (0x66666537) lui a0, 0x66666
x10 <- 0x0000000066666000
mem[X,0x00000000800072C8] -> 0x0513
mem[X,0x00000000800072CA] -> 0x6665
[7351] [M]: 0x00000000800072C8 (0x66650513) addi a0, a0, 0x666
x10 <- 0x0000000066666666
mem[X,0x00000000800072CC] -> 0x1513
mem[X,0x00000000800072CE] -> 0x00B5
[7352] [M]: 0x00000000800072CC (0x00B51513) slli a0, a0, 0xb
x10 <- 0x0000033333333000
mem[X,0x00000000800072D0] -> 0x0513
mem[X,0x00000000800072D2] -> 0x3335
[7353] [M]: 0x00000000800072D0 (0x33350513) addi a0, a0, 0x333
x10 <- 0x0000033333333333
mem[X,0x00000000800072D4] -> 0x1513
mem[X,0x00000000800072D6] -> 0x00B5
[7354] [M]: 0x00000000800072D4 (0x00B51513) slli a0, a0, 0xb
x10 <- 0x0019999999999800
mem[X,0x00000000800072D8] -> 0x0513
mem[X,0x00000000800072DA] -> 0x1995
[7355] [M]: 0x00000000800072D8 (0x19950513) addi a0, a0, 0x199
x10 <- 0x0019999999999999
mem[X,0x00000000800072DC] -> 0x1513
mem[X,0x00000000800072DE] -> 0x00A5
[7356] [M]: 0x00000000800072DC (0x00A51513) slli a0, a0, 0xa
x10 <- 0x6666666666666400
mem[X,0x00000000800072E0] -> 0x0513
mem[X,0x00000000800072E2] -> 0x2675
[7357] [M]: 0x00000000800072E0 (0x26750513) addi a0, a0, 0x267
x10 <- 0x6666666666666667
mem[X,0x00000000800072E4] -> 0x0593
mem[X,0x00000000800072E6] -> 0x0000
[7358] [M]: 0x00000000800072E4 (0x00000593) addi a1, zero, 0x0
x11 <- 0x0000000000000000
mem[X,0x00000000800072E8] -> 0x063B
mem[X,0x00000000800072EA] -> 0x40B5
[7359] [M]: 0x00000000800072E8 (0x40B5063B) subw a2, a0, a1
x12 <- 0x0000000066666667
mem[X,0x00000000800072EC] -> 0xBC23
mem[X,0x00000000800072EE] -> 0x26C2
[7360] [M]: 0x00000000800072EC (0x26C2BC23) sd a2, 0x278(t0)
mem[0x000000008000C420] <- 0x0000000066666667
mem[X,0x00000000800072F0] -> 0x6537
mem[X,0x00000000800072F2] -> 0x6666
[7361] [M]: 0x00000000800072F0 (0x66666537) lui a0, 0x66666
x10 <- 0x0000000066666000
mem[X,0x00000000800072F4] -> 0x0513
mem[X,0x00000000800072F6] -> 0x6665
[7362] [M]: 0x00000000800072F4 (0x66650513) addi a0, a0, 0x666
x10 <- 0x0000000066666666
mem[X,0x00000000800072F8] -> 0x1513
mem[X,0x00000000800072FA] -> 0x00B5
[7363] [M]: 0x00000000800072F8 (0x00B51513) slli a0, a0, 0xb
x10 <- 0x0000033333333000
mem[X,0x00000000800072FC] -> 0x0513
mem[X,0x00000000800072FE] -> 0x3335
[7364] [M]: 0x00000000800072FC (0x33350513) addi a0, a0, 0x333
x10 <- 0x0000033333333333
mem[X,0x0000000080007300] -> 0x1513
mem[X,0x0000000080007302] -> 0x00B5
[7365] [M]: 0x0000000080007300 (0x00B51513) slli a0, a0, 0xb
x10 <- 0x0019999999999800
mem[X,0x0000000080007304] -> 0x0513
mem[X,0x0000000080007306] -> 0x1995
[7366] [M]: 0x0000000080007304 (0x19950513) addi a0, a0, 0x199
x10 <- 0x0019999999999999
mem[X,0x0000000080007308] -> 0x1513
mem[X,0x000000008000730A] -> 0x00A5
[7367] [M]: 0x0000000080007308 (0x00A51513) slli a0, a0, 0xa
x10 <- 0x6666666666666400
mem[X,0x000000008000730C] -> 0x0513
mem[X,0x000000008000730E] -> 0x2675
[7368] [M]: 0x000000008000730C (0x26750513) addi a0, a0, 0x267
x10 <- 0x6666666666666667
mem[X,0x0000000080007310] -> 0x0593
mem[X,0x0000000080007312] -> 0x0040
[7369] [M]: 0x0000000080007310 (0x00400593) addi a1, zero, 0x4
x11 <- 0x0000000000000004
mem[X,0x0000000080007314] -> 0x063B
mem[X,0x0000000080007316] -> 0x40B5
[7370] [M]: 0x0000000080007314 (0x40B5063B) subw a2, a0, a1
x12 <- 0x0000000066666663
mem[X,0x0000000080007318] -> 0xB023
mem[X,0x000000008000731A] -> 0x28C2
[7371] [M]: 0x0000000080007318 (0x28C2B023) sd a2, 0x280(t0)
mem[0x000000008000C428] <- 0x0000000066666663
mem[X,0x000000008000731C] -> 0x6537
mem[X,0x000000008000731E] -> 0x6666
[7372] [M]: 0x000000008000731C (0x66666537) lui a0, 0x66666
x10 <- 0x0000000066666000
mem[X,0x0000000080007320] -> 0x0513
mem[X,0x0000000080007322] -> 0x6665
[7373] [M]: 0x0000000080007320 (0x66650513) addi a0, a0, 0x666
x10 <- 0x0000000066666666
mem[X,0x0000000080007324] -> 0x1513
mem[X,0x0000000080007326] -> 0x00B5
[7374] [M]: 0x0000000080007324 (0x00B51513) slli a0, a0, 0xb
x10 <- 0x0000033333333000
mem[X,0x0000000080007328] -> 0x0513
mem[X,0x000000008000732A] -> 0x3335
[7375] [M]: 0x0000000080007328 (0x33350513) addi a0, a0, 0x333
x10 <- 0x0000033333333333
mem[X,0x000000008000732C] -> 0x1513
mem[X,0x000000008000732E] -> 0x00B5
[7376] [M]: 0x000000008000732C (0x00B51513) slli a0, a0, 0xb
x10 <- 0x0019999999999800
mem[X,0x0000000080007330] -> 0x0513
mem[X,0x0000000080007332] -> 0x1995
[7377] [M]: 0x0000000080007330 (0x19950513) addi a0, a0, 0x199
x10 <- 0x0019999999999999
mem[X,0x0000000080007334] -> 0x1513
mem[X,0x0000000080007336] -> 0x00A5
[7378] [M]: 0x0000000080007334 (0x00A51513) slli a0, a0, 0xa
x10 <- 0x6666666666666400
mem[X,0x0000000080007338] -> 0x0513
mem[X,0x000000008000733A] -> 0x2675
[7379] [M]: 0x0000000080007338 (0x26750513) addi a0, a0, 0x267
x10 <- 0x6666666666666667
mem[X,0x000000008000733C] -> 0x35B7
mem[X,0x000000008000733E] -> 0x3333
[7380] [M]: 0x000000008000733C (0x333335B7) lui a1, 0x33333
x11 <- 0x0000000033333000
mem[X,0x0000000080007340] -> 0x8593
mem[X,0x0000000080007342] -> 0x3335
[7381] [M]: 0x0000000080007340 (0x33358593) addi a1, a1, 0x333
x11 <- 0x0000000033333333
mem[X,0x0000000080007344] -> 0x9593
mem[X,0x0000000080007346] -> 0x00B5
[7382] [M]: 0x0000000080007344 (0x00B59593) slli a1, a1, 0xb
x11 <- 0x0000019999999800
mem[X,0x0000000080007348] -> 0x8593
mem[X,0x000000008000734A] -> 0x1995
[7383] [M]: 0x0000000080007348 (0x19958593) addi a1, a1, 0x199
x11 <- 0x0000019999999999
mem[X,0x000000008000734C] -> 0x9593
mem[X,0x000000008000734E] -> 0x00B5
[7384] [M]: 0x000000008000734C (0x00B59593) slli a1, a1, 0xb
x11 <- 0x000CCCCCCCCCC800
mem[X,0x0000000080007350] -> 0x8593
mem[X,0x0000000080007352] -> 0x4CC5
[7385] [M]: 0x0000000080007350 (0x4CC58593) addi a1, a1, 0x4cc
x11 <- 0x000CCCCCCCCCCCCC
mem[X,0x0000000080007354] -> 0x9593
mem[X,0x0000000080007356] -> 0x00A5
[7386] [M]: 0x0000000080007354 (0x00A59593) slli a1, a1, 0xa
x11 <- 0x3333333333333000
mem[X,0x0000000080007358] -> 0x8593
mem[X,0x000000008000735A] -> 0x3325
[7387] [M]: 0x0000000080007358 (0x33258593) addi a1, a1, 0x332
x11 <- 0x3333333333333332
mem[X,0x000000008000735C] -> 0x063B
mem[X,0x000000008000735E] -> 0x40B5
[7388] [M]: 0x000000008000735C (0x40B5063B) subw a2, a0, a1
x12 <- 0x0000000033333335
mem[X,0x0000000080007360] -> 0xB423
mem[X,0x0000000080007362] -> 0x28C2
[7389] [M]: 0x0000000080007360 (0x28C2B423) sd a2, 0x288(t0)
mem[0x000000008000C430] <- 0x0000000033333335
mem[X,0x0000000080007364] -> 0x6537
mem[X,0x0000000080007366] -> 0x6666
[7390] [M]: 0x0000000080007364 (0x66666537) lui a0, 0x66666
x10 <- 0x0000000066666000
mem[X,0x0000000080007368] -> 0x0513
mem[X,0x000000008000736A] -> 0x6665
[7391] [M]: 0x0000000080007368 (0x66650513) addi a0, a0, 0x666
x10 <- 0x0000000066666666
mem[X,0x000000008000736C] -> 0x1513
mem[X,0x000000008000736E] -> 0x00B5
[7392] [M]: 0x000000008000736C (0x00B51513) slli a0, a0, 0xb
x10 <- 0x0000033333333000
mem[X,0x0000000080007370] -> 0x0513
mem[X,0x0000000080007372] -> 0x3335
[7393] [M]: 0x0000000080007370 (0x33350513) addi a0, a0, 0x333
x10 <- 0x0000033333333333
mem[X,0x0000000080007374] -> 0x1513
mem[X,0x0000000080007376] -> 0x00B5
[7394] [M]: 0x0000000080007374 (0x00B51513) slli a0, a0, 0xb
x10 <- 0x0019999999999800
mem[X,0x0000000080007378] -> 0x0513
mem[X,0x000000008000737A] -> 0x1995
[7395] [M]: 0x0000000080007378 (0x19950513) addi a0, a0, 0x199
x10 <- 0x0019999999999999
mem[X,0x000000008000737C] -> 0x1513
mem[X,0x000000008000737E] -> 0x00A5
[7396] [M]: 0x000000008000737C (0x00A51513) slli a0, a0, 0xa
x10 <- 0x6666666666666400
mem[X,0x0000000080007380] -> 0x0513
mem[X,0x0000000080007382] -> 0x2675
[7397] [M]: 0x0000000080007380 (0x26750513) addi a0, a0, 0x267
x10 <- 0x6666666666666667
mem[X,0x0000000080007384] -> 0x65B7
mem[X,0x0000000080007386] -> 0x6666
[7398] [M]: 0x0000000080007384 (0x666665B7) lui a1, 0x66666
x11 <- 0x0000000066666000
mem[X,0x0000000080007388] -> 0x8593
mem[X,0x000000008000738A] -> 0x6665
[7399] [M]: 0x0000000080007388 (0x66658593) addi a1, a1, 0x666
x11 <- 0x0000000066666666
clint::tick mtime <- 0x000000000000004A
 clint timer pending at mtime 0x000000000000004A
htif::tick 0x0000000000000000
mem[X,0x000000008000738C] -> 0x9593
mem[X,0x000000008000738E] -> 0x00B5
[7400] [M]: 0x000000008000738C (0x00B59593) slli a1, a1, 0xb
x11 <- 0x0000033333333000
mem[X,0x0000000080007390] -> 0x8593
mem[X,0x0000000080007392] -> 0x3335
[7401] [M]: 0x0000000080007390 (0x33358593) addi a1, a1, 0x333
x11 <- 0x0000033333333333
mem[X,0x0000000080007394] -> 0x9593
mem[X,0x0000000080007396] -> 0x00B5
[7402] [M]: 0x0000000080007394 (0x00B59593) slli a1, a1, 0xb
x11 <- 0x0019999999999800
mem[X,0x0000000080007398] -> 0x8593
mem[X,0x000000008000739A] -> 0x1995
[7403] [M]: 0x0000000080007398 (0x19958593) addi a1, a1, 0x199
x11 <- 0x0019999999999999
mem[X,0x000000008000739C] -> 0x9593
mem[X,0x000000008000739E] -> 0x00A5
[7404] [M]: 0x000000008000739C (0x00A59593) slli a1, a1, 0xa
x11 <- 0x6666666666666400
mem[X,0x00000000800073A0] -> 0x8593
mem[X,0x00000000800073A2] -> 0x2655
[7405] [M]: 0x00000000800073A0 (0x26558593) addi a1, a1, 0x265
x11 <- 0x6666666666666665
mem[X,0x00000000800073A4] -> 0x063B
mem[X,0x00000000800073A6] -> 0x40B5
[7406] [M]: 0x00000000800073A4 (0x40B5063B) subw a2, a0, a1
x12 <- 0x0000000000000002
mem[X,0x00000000800073A8] -> 0xB823
mem[X,0x00000000800073AA] -> 0x28C2
[7407] [M]: 0x00000000800073A8 (0x28C2B823) sd a2, 0x290(t0)
mem[0x000000008000C438] <- 0x0000000000000002
mem[X,0x00000000800073AC] -> 0x6537
mem[X,0x00000000800073AE] -> 0x6666
[7408] [M]: 0x00000000800073AC (0x66666537) lui a0, 0x66666
x10 <- 0x0000000066666000
mem[X,0x00000000800073B0] -> 0x0513
mem[X,0x00000000800073B2] -> 0x6665
[7409] [M]: 0x00000000800073B0 (0x66650513) addi a0, a0, 0x666
x10 <- 0x0000000066666666
mem[X,0x00000000800073B4] -> 0x1513
mem[X,0x00000000800073B6] -> 0x00B5
[7410] [M]: 0x00000000800073B4 (0x00B51513) slli a0, a0, 0xb
x10 <- 0x0000033333333000
mem[X,0x00000000800073B8] -> 0x0513
mem[X,0x00000000800073BA] -> 0x3335
[7411] [M]: 0x00000000800073B8 (0x33350513) addi a0, a0, 0x333
x10 <- 0x0000033333333333
mem[X,0x00000000800073BC] -> 0x1513
mem[X,0x00000000800073BE] -> 0x00B5
[7412] [M]: 0x00000000800073BC (0x00B51513) slli a0, a0, 0xb
x10 <- 0x0019999999999800
mem[X,0x00000000800073C0] -> 0x0513
mem[X,0x00000000800073C2] -> 0x1995
[7413] [M]: 0x00000000800073C0 (0x19950513) addi a0, a0, 0x199
x10 <- 0x0019999999999999
mem[X,0x00000000800073C4] -> 0x1513
mem[X,0x00000000800073C6] -> 0x00A5
[7414] [M]: 0x00000000800073C4 (0x00A51513) slli a0, a0, 0xa
x10 <- 0x6666666666666400
mem[X,0x00000000800073C8] -> 0x0513
mem[X,0x00000000800073CA] -> 0x2675
[7415] [M]: 0x00000000800073C8 (0x26750513) addi a0, a0, 0x267
x10 <- 0x6666666666666667
mem[X,0x00000000800073CC] -> 0x05B7
mem[X,0x00000000800073CE] -> 0x0000
[7416] [M]: 0x00000000800073CC (0x000005B7) lui a1, 0x0
x11 <- 0x0000000000000000
mem[X,0x00000000800073D0] -> 0x8593
mem[X,0x00000000800073D2] -> 0x0005
[7417] [M]: 0x00000000800073D0 (0x00058593) addi a1, a1, 0x0
x11 <- 0x0000000000000000
mem[X,0x00000000800073D4] -> 0x9593
mem[X,0x00000000800073D6] -> 0x00B5
[7418] [M]: 0x00000000800073D4 (0x00B59593) slli a1, a1, 0xb
x11 <- 0x0000000000000000
mem[X,0x00000000800073D8] -> 0x8593
mem[X,0x00000000800073DA] -> 0x5A85
[7419] [M]: 0x00000000800073D8 (0x5A858593) addi a1, a1, 0x5a8
x11 <- 0x00000000000005A8
mem[X,0x00000000800073DC] -> 0x9593
mem[X,0x00000000800073DE] -> 0x00B5
[7420] [M]: 0x00000000800073DC (0x00B59593) slli a1, a1, 0xb
x11 <- 0x00000000002D4000
mem[X,0x00000000800073E0] -> 0x8593
mem[X,0x00000000800073E2] -> 0x13C5
[7421] [M]: 0x00000000800073E0 (0x13C58593) addi a1, a1, 0x13c
x11 <- 0x00000000002D413C
mem[X,0x00000000800073E4] -> 0x9593
mem[X,0x00000000800073E6] -> 0x00A5
[7422] [M]: 0x00000000800073E4 (0x00A59593) slli a1, a1, 0xa
x11 <- 0x00000000B504F000
mem[X,0x00000000800073E8] -> 0x8593
mem[X,0x00000000800073EA] -> 0x3325
[7423] [M]: 0x00000000800073E8 (0x33258593) addi a1, a1, 0x332
x11 <- 0x00000000B504F332
mem[X,0x00000000800073EC] -> 0x063B
mem[X,0x00000000800073EE] -> 0x40B5
[7424] [M]: 0x00000000800073EC (0x40B5063B) subw a2, a0, a1
x12 <- 0xFFFFFFFFB1617335
mem[X,0x00000000800073F0] -> 0xBC23
mem[X,0x00000000800073F2] -> 0x28C2
[7425] [M]: 0x00000000800073F0 (0x28C2BC23) sd a2, 0x298(t0)
mem[0x000000008000C440] <- 0xFFFFFFFFB1617335
mem[X,0x00000000800073F4] -> 0x6537
mem[X,0x00000000800073F6] -> 0x6666
[7426] [M]: 0x00000000800073F4 (0x66666537) lui a0, 0x66666
x10 <- 0x0000000066666000
mem[X,0x00000000800073F8] -> 0x0513
mem[X,0x00000000800073FA] -> 0x6665
[7427] [M]: 0x00000000800073F8 (0x66650513) addi a0, a0, 0x666
x10 <- 0x0000000066666666
mem[X,0x00000000800073FC] -> 0x1513
mem[X,0x00000000800073FE] -> 0x00B5
[7428] [M]: 0x00000000800073FC (0x00B51513) slli a0, a0, 0xb
x10 <- 0x0000033333333000
mem[X,0x0000000080007400] -> 0x0513
mem[X,0x0000000080007402] -> 0x3335
[7429] [M]: 0x0000000080007400 (0x33350513) addi a0, a0, 0x333
x10 <- 0x0000033333333333
mem[X,0x0000000080007404] -> 0x1513
mem[X,0x0000000080007406] -> 0x00B5
[7430] [M]: 0x0000000080007404 (0x00B51513) slli a0, a0, 0xb
x10 <- 0x0019999999999800
mem[X,0x0000000080007408] -> 0x0513
mem[X,0x000000008000740A] -> 0x1995
[7431] [M]: 0x0000000080007408 (0x19950513) addi a0, a0, 0x199
x10 <- 0x0019999999999999
mem[X,0x000000008000740C] -> 0x1513
mem[X,0x000000008000740E] -> 0x00A5
[7432] [M]: 0x000000008000740C (0x00A51513) slli a0, a0, 0xa
x10 <- 0x6666666666666400
mem[X,0x0000000080007410] -> 0x0513
mem[X,0x0000000080007412] -> 0x2675
[7433] [M]: 0x0000000080007410 (0x26750513) addi a0, a0, 0x267
x10 <- 0x6666666666666667
mem[X,0x0000000080007414] -> 0x55B7
mem[X,0x0000000080007416] -> 0x5555
[7434] [M]: 0x0000000080007414 (0x555555B7) lui a1, 0x55555
x11 <- 0x0000000055555000
mem[X,0x0000000080007418] -> 0x8593
mem[X,0x000000008000741A] -> 0x5555
[7435] [M]: 0x0000000080007418 (0x55558593) addi a1, a1, 0x555
x11 <- 0x0000000055555555
mem[X,0x000000008000741C] -> 0x9593
mem[X,0x000000008000741E] -> 0x00B5
[7436] [M]: 0x000000008000741C (0x00B59593) slli a1, a1, 0xb
x11 <- 0x000002AAAAAAA800
mem[X,0x0000000080007420] -> 0x8593
mem[X,0x0000000080007422] -> 0x2AA5
[7437] [M]: 0x0000000080007420 (0x2AA58593) addi a1, a1, 0x2aa
x11 <- 0x000002AAAAAAAAAA
mem[X,0x0000000080007424] -> 0x9593
mem[X,0x0000000080007426] -> 0x00B5
[7438] [M]: 0x0000000080007424 (0x00B59593) slli a1, a1, 0xb
x11 <- 0x0015555555555000
mem[X,0x0000000080007428] -> 0x8593
mem[X,0x000000008000742A] -> 0x5555
[7439] [M]: 0x0000000080007428 (0x55558593) addi a1, a1, 0x555
x11 <- 0x0015555555555555
mem[X,0x000000008000742C] -> 0x9593
mem[X,0x000000008000742E] -> 0x00A5
[7440] [M]: 0x000000008000742C (0x00A59593) slli a1, a1, 0xa
x11 <- 0x5555555555555400
mem[X,0x0000000080007430] -> 0x8593
mem[X,0x0000000080007432] -> 0x1565
[7441] [M]: 0x0000000080007430 (0x15658593) addi a1, a1, 0x156
x11 <- 0x5555555555555556
mem[X,0x0000000080007434] -> 0x063B
mem[X,0x0000000080007436] -> 0x40B5
[7442] [M]: 0x0000000080007434 (0x40B5063B) subw a2, a0, a1
x12 <- 0x0000000011111111
mem[X,0x0000000080007438] -> 0xB023
mem[X,0x000000008000743A] -> 0x2AC2
[7443] [M]: 0x0000000080007438 (0x2AC2B023) sd a2, 0x2a0(t0)
mem[0x000000008000C448] <- 0x0000000011111111
mem[X,0x000000008000743C] -> 0x6537
mem[X,0x000000008000743E] -> 0x6666
[7444] [M]: 0x000000008000743C (0x66666537) lui a0, 0x66666
x10 <- 0x0000000066666000
mem[X,0x0000000080007440] -> 0x0513
mem[X,0x0000000080007442] -> 0x6665
[7445] [M]: 0x0000000080007440 (0x66650513) addi a0, a0, 0x666
x10 <- 0x0000000066666666
mem[X,0x0000000080007444] -> 0x1513
mem[X,0x0000000080007446] -> 0x00B5
[7446] [M]: 0x0000000080007444 (0x00B51513) slli a0, a0, 0xb
x10 <- 0x0000033333333000
mem[X,0x0000000080007448] -> 0x0513
mem[X,0x000000008000744A] -> 0x3335
[7447] [M]: 0x0000000080007448 (0x33350513) addi a0, a0, 0x333
x10 <- 0x0000033333333333
mem[X,0x000000008000744C] -> 0x1513
mem[X,0x000000008000744E] -> 0x00B5
[7448] [M]: 0x000000008000744C (0x00B51513) slli a0, a0, 0xb
x10 <- 0x0019999999999800
mem[X,0x0000000080007450] -> 0x0513
mem[X,0x0000000080007452] -> 0x1995
[7449] [M]: 0x0000000080007450 (0x19950513) addi a0, a0, 0x199
x10 <- 0x0019999999999999
mem[X,0x0000000080007454] -> 0x1513
mem[X,0x0000000080007456] -> 0x00A5
[7450] [M]: 0x0000000080007454 (0x00A51513) slli a0, a0, 0xa
x10 <- 0x6666666666666400
mem[X,0x0000000080007458] -> 0x0513
mem[X,0x000000008000745A] -> 0x2675
[7451] [M]: 0x0000000080007458 (0x26750513) addi a0, a0, 0x267
x10 <- 0x6666666666666667
mem[X,0x000000008000745C] -> 0xB5B7
mem[X,0x000000008000745E] -> 0xAAAA
[7452] [M]: 0x000000008000745C (0xAAAAB5B7) lui a1, -0x55555
x11 <- 0xFFFFFFFFAAAAB000
mem[X,0x0000000080007460] -> 0x8593
mem[X,0x0000000080007462] -> 0xAAA5
[7453] [M]: 0x0000000080007460 (0xAAA58593) addi a1, a1, -0x556
x11 <- 0xFFFFFFFFAAAAAAAA
mem[X,0x0000000080007464] -> 0x9593
mem[X,0x0000000080007466] -> 0x00B5
[7454] [M]: 0x0000000080007464 (0x00B59593) slli a1, a1, 0xb
x11 <- 0xFFFFFD5555555000
mem[X,0x0000000080007468] -> 0x8593
mem[X,0x000000008000746A] -> 0x5555
[7455] [M]: 0x0000000080007468 (0x55558593) addi a1, a1, 0x555
x11 <- 0xFFFFFD5555555555
mem[X,0x000000008000746C] -> 0x9593
mem[X,0x000000008000746E] -> 0x00B5
[7456] [M]: 0x000000008000746C (0x00B59593) slli a1, a1, 0xb
x11 <- 0xFFEAAAAAAAAAA800
mem[X,0x0000000080007470] -> 0x8593
mem[X,0x0000000080007472] -> 0x2AA5
[7457] [M]: 0x0000000080007470 (0x2AA58593) addi a1, a1, 0x2aa
x11 <- 0xFFEAAAAAAAAAAAAA
mem[X,0x0000000080007474] -> 0x9593
mem[X,0x0000000080007476] -> 0x00A5
[7458] [M]: 0x0000000080007474 (0x00A59593) slli a1, a1, 0xa
x11 <- 0xAAAAAAAAAAAAA800
mem[X,0x0000000080007478] -> 0x8593
mem[X,0x000000008000747A] -> 0x2AB5
[7459] [M]: 0x0000000080007478 (0x2AB58593) addi a1, a1, 0x2ab
x11 <- 0xAAAAAAAAAAAAAAAB
mem[X,0x000000008000747C] -> 0x063B
mem[X,0x000000008000747E] -> 0x40B5
[7460] [M]: 0x000000008000747C (0x40B5063B) subw a2, a0, a1
x12 <- 0xFFFFFFFFBBBBBBBC
mem[X,0x0000000080007480] -> 0xB423
mem[X,0x0000000080007482] -> 0x2AC2
[7461] [M]: 0x0000000080007480 (0x2AC2B423) sd a2, 0x2a8(t0)
mem[0x000000008000C450] <- 0xFFFFFFFFBBBBBBBC
mem[X,0x0000000080007484] -> 0x6537
mem[X,0x0000000080007486] -> 0x6666
[7462] [M]: 0x0000000080007484 (0x66666537) lui a0, 0x66666
x10 <- 0x0000000066666000
mem[X,0x0000000080007488] -> 0x0513
mem[X,0x000000008000748A] -> 0x6665
[7463] [M]: 0x0000000080007488 (0x66650513) addi a0, a0, 0x666
x10 <- 0x0000000066666666
mem[X,0x000000008000748C] -> 0x1513
mem[X,0x000000008000748E] -> 0x00B5
[7464] [M]: 0x000000008000748C (0x00B51513) slli a0, a0, 0xb
x10 <- 0x0000033333333000
mem[X,0x0000000080007490] -> 0x0513
mem[X,0x0000000080007492] -> 0x3335
[7465] [M]: 0x0000000080007490 (0x33350513) addi a0, a0, 0x333
x10 <- 0x0000033333333333
mem[X,0x0000000080007494] -> 0x1513
mem[X,0x0000000080007496] -> 0x00B5
[7466] [M]: 0x0000000080007494 (0x00B51513) slli a0, a0, 0xb
x10 <- 0x0019999999999800
mem[X,0x0000000080007498] -> 0x0513
mem[X,0x000000008000749A] -> 0x1995
[7467] [M]: 0x0000000080007498 (0x19950513) addi a0, a0, 0x199
x10 <- 0x0019999999999999
mem[X,0x000000008000749C] -> 0x1513
mem[X,0x000000008000749E] -> 0x00A5
[7468] [M]: 0x000000008000749C (0x00A51513) slli a0, a0, 0xa
x10 <- 0x6666666666666400
mem[X,0x00000000800074A0] -> 0x0513
mem[X,0x00000000800074A2] -> 0x2675
[7469] [M]: 0x00000000800074A0 (0x26750513) addi a0, a0, 0x267
x10 <- 0x6666666666666667
mem[X,0x00000000800074A4] -> 0x0593
mem[X,0x00000000800074A6] -> 0x0060
[7470] [M]: 0x00000000800074A4 (0x00600593) addi a1, zero, 0x6
x11 <- 0x0000000000000006
mem[X,0x00000000800074A8] -> 0x063B
mem[X,0x00000000800074AA] -> 0x40B5
[7471] [M]: 0x00000000800074A8 (0x40B5063B) subw a2, a0, a1
x12 <- 0x0000000066666661
mem[X,0x00000000800074AC] -> 0xB823
mem[X,0x00000000800074AE] -> 0x2AC2
[7472] [M]: 0x00000000800074AC (0x2AC2B823) sd a2, 0x2b0(t0)
mem[0x000000008000C458] <- 0x0000000066666661
mem[X,0x00000000800074B0] -> 0x6537
mem[X,0x00000000800074B2] -> 0x6666
[7473] [M]: 0x00000000800074B0 (0x66666537) lui a0, 0x66666
x10 <- 0x0000000066666000
mem[X,0x00000000800074B4] -> 0x0513
mem[X,0x00000000800074B6] -> 0x6665
[7474] [M]: 0x00000000800074B4 (0x66650513) addi a0, a0, 0x666
x10 <- 0x0000000066666666
mem[X,0x00000000800074B8] -> 0x1513
mem[X,0x00000000800074BA] -> 0x00B5
[7475] [M]: 0x00000000800074B8 (0x00B51513) slli a0, a0, 0xb
x10 <- 0x0000033333333000
mem[X,0x00000000800074BC] -> 0x0513
mem[X,0x00000000800074BE] -> 0x3335
[7476] [M]: 0x00000000800074BC (0x33350513) addi a0, a0, 0x333
x10 <- 0x0000033333333333
mem[X,0x00000000800074C0] -> 0x1513
mem[X,0x00000000800074C2] -> 0x00B5
[7477] [M]: 0x00000000800074C0 (0x00B51513) slli a0, a0, 0xb
x10 <- 0x0019999999999800
mem[X,0x00000000800074C4] -> 0x0513
mem[X,0x00000000800074C6] -> 0x1995
[7478] [M]: 0x00000000800074C4 (0x19950513) addi a0, a0, 0x199
x10 <- 0x0019999999999999
mem[X,0x00000000800074C8] -> 0x1513
mem[X,0x00000000800074CA] -> 0x00A5
[7479] [M]: 0x00000000800074C8 (0x00A51513) slli a0, a0, 0xa
x10 <- 0x6666666666666400
mem[X,0x00000000800074CC] -> 0x0513
mem[X,0x00000000800074CE] -> 0x2675
[7480] [M]: 0x00000000800074CC (0x26750513) addi a0, a0, 0x267
x10 <- 0x6666666666666667
mem[X,0x00000000800074D0] -> 0x35B7
mem[X,0x00000000800074D2] -> 0x3333
[7481] [M]: 0x00000000800074D0 (0x333335B7) lui a1, 0x33333
x11 <- 0x0000000033333000
mem[X,0x00000000800074D4] -> 0x8593
mem[X,0x00000000800074D6] -> 0x3335
[7482] [M]: 0x00000000800074D4 (0x33358593) addi a1, a1, 0x333
x11 <- 0x0000000033333333
mem[X,0x00000000800074D8] -> 0x9593
mem[X,0x00000000800074DA] -> 0x00B5
[7483] [M]: 0x00000000800074D8 (0x00B59593) slli a1, a1, 0xb
x11 <- 0x0000019999999800
mem[X,0x00000000800074DC] -> 0x8593
mem[X,0x00000000800074DE] -> 0x1995
[7484] [M]: 0x00000000800074DC (0x19958593) addi a1, a1, 0x199
x11 <- 0x0000019999999999
mem[X,0x00000000800074E0] -> 0x9593
mem[X,0x00000000800074E2] -> 0x00B5
[7485] [M]: 0x00000000800074E0 (0x00B59593) slli a1, a1, 0xb
x11 <- 0x000CCCCCCCCCC800
mem[X,0x00000000800074E4] -> 0x8593
mem[X,0x00000000800074E6] -> 0x4CC5
[7486] [M]: 0x00000000800074E4 (0x4CC58593) addi a1, a1, 0x4cc
x11 <- 0x000CCCCCCCCCCCCC
mem[X,0x00000000800074E8] -> 0x9593
mem[X,0x00000000800074EA] -> 0x00A5
[7487] [M]: 0x00000000800074E8 (0x00A59593) slli a1, a1, 0xa
x11 <- 0x3333333333333000
mem[X,0x00000000800074EC] -> 0x8593
mem[X,0x00000000800074EE] -> 0x3345
[7488] [M]: 0x00000000800074EC (0x33458593) addi a1, a1, 0x334
x11 <- 0x3333333333333334
mem[X,0x00000000800074F0] -> 0x063B
mem[X,0x00000000800074F2] -> 0x40B5
[7489] [M]: 0x00000000800074F0 (0x40B5063B) subw a2, a0, a1
x12 <- 0x0000000033333333
mem[X,0x00000000800074F4] -> 0xBC23
mem[X,0x00000000800074F6] -> 0x2AC2
[7490] [M]: 0x00000000800074F4 (0x2AC2BC23) sd a2, 0x2b8(t0)
mem[0x000000008000C460] <- 0x0000000033333333
mem[X,0x00000000800074F8] -> 0x6537
mem[X,0x00000000800074FA] -> 0x6666
[7491] [M]: 0x00000000800074F8 (0x66666537) lui a0, 0x66666
x10 <- 0x0000000066666000
mem[X,0x00000000800074FC] -> 0x0513
mem[X,0x00000000800074FE] -> 0x6665
[7492] [M]: 0x00000000800074FC (0x66650513) addi a0, a0, 0x666
x10 <- 0x0000000066666666
mem[X,0x0000000080007500] -> 0x1513
mem[X,0x0000000080007502] -> 0x00B5
[7493] [M]: 0x0000000080007500 (0x00B51513) slli a0, a0, 0xb
x10 <- 0x0000033333333000
mem[X,0x0000000080007504] -> 0x0513
mem[X,0x0000000080007506] -> 0x3335
[7494] [M]: 0x0000000080007504 (0x33350513) addi a0, a0, 0x333
x10 <- 0x0000033333333333
mem[X,0x0000000080007508] -> 0x1513
mem[X,0x000000008000750A] -> 0x00B5
[7495] [M]: 0x0000000080007508 (0x00B51513) slli a0, a0, 0xb
x10 <- 0x0019999999999800
mem[X,0x000000008000750C] -> 0x0513
mem[X,0x000000008000750E] -> 0x1995
[7496] [M]: 0x000000008000750C (0x19950513) addi a0, a0, 0x199
x10 <- 0x0019999999999999
mem[X,0x0000000080007510] -> 0x1513
mem[X,0x0000000080007512] -> 0x00A5
[7497] [M]: 0x0000000080007510 (0x00A51513) slli a0, a0, 0xa
x10 <- 0x6666666666666400
mem[X,0x0000000080007514] -> 0x0513
mem[X,0x0000000080007516] -> 0x2675
[7498] [M]: 0x0000000080007514 (0x26750513) addi a0, a0, 0x267
x10 <- 0x6666666666666667
mem[X,0x0000000080007518] -> 0x65B7
mem[X,0x000000008000751A] -> 0x6666
[7499] [M]: 0x0000000080007518 (0x666665B7) lui a1, 0x66666
x11 <- 0x0000000066666000
clint::tick mtime <- 0x000000000000004B
 clint timer pending at mtime 0x000000000000004B
htif::tick 0x0000000000000000
mem[X,0x000000008000751C] -> 0x8593
mem[X,0x000000008000751E] -> 0x6665
[7500] [M]: 0x000000008000751C (0x66658593) addi a1, a1, 0x666
x11 <- 0x0000000066666666
mem[X,0x0000000080007520] -> 0x9593
mem[X,0x0000000080007522] -> 0x00B5
[7501] [M]: 0x0000000080007520 (0x00B59593) slli a1, a1, 0xb
x11 <- 0x0000033333333000
mem[X,0x0000000080007524] -> 0x8593
mem[X,0x0000000080007526] -> 0x3335
[7502] [M]: 0x0000000080007524 (0x33358593) addi a1, a1, 0x333
x11 <- 0x0000033333333333
mem[X,0x0000000080007528] -> 0x9593
mem[X,0x000000008000752A] -> 0x00B5
[7503] [M]: 0x0000000080007528 (0x00B59593) slli a1, a1, 0xb
x11 <- 0x0019999999999800
mem[X,0x000000008000752C] -> 0x8593
mem[X,0x000000008000752E] -> 0x1995
[7504] [M]: 0x000000008000752C (0x19958593) addi a1, a1, 0x199
x11 <- 0x0019999999999999
mem[X,0x0000000080007530] -> 0x9593
mem[X,0x0000000080007532] -> 0x00A5
[7505] [M]: 0x0000000080007530 (0x00A59593) slli a1, a1, 0xa
x11 <- 0x6666666666666400
mem[X,0x0000000080007534] -> 0x8593
mem[X,0x0000000080007536] -> 0x2675
[7506] [M]: 0x0000000080007534 (0x26758593) addi a1, a1, 0x267
x11 <- 0x6666666666666667
mem[X,0x0000000080007538] -> 0x063B
mem[X,0x000000008000753A] -> 0x40B5
[7507] [M]: 0x0000000080007538 (0x40B5063B) subw a2, a0, a1
x12 <- 0x0000000000000000
mem[X,0x000000008000753C] -> 0xB023
mem[X,0x000000008000753E] -> 0x2CC2
[7508] [M]: 0x000000008000753C (0x2CC2B023) sd a2, 0x2c0(t0)
mem[0x000000008000C468] <- 0x0000000000000000
mem[X,0x0000000080007540] -> 0x6537
mem[X,0x0000000080007542] -> 0x6666
[7509] [M]: 0x0000000080007540 (0x66666537) lui a0, 0x66666
x10 <- 0x0000000066666000
mem[X,0x0000000080007544] -> 0x0513
mem[X,0x0000000080007546] -> 0x6665
[7510] [M]: 0x0000000080007544 (0x66650513) addi a0, a0, 0x666
x10 <- 0x0000000066666666
mem[X,0x0000000080007548] -> 0x1513
mem[X,0x000000008000754A] -> 0x00B5
[7511] [M]: 0x0000000080007548 (0x00B51513) slli a0, a0, 0xb
x10 <- 0x0000033333333000
mem[X,0x000000008000754C] -> 0x0513
mem[X,0x000000008000754E] -> 0x3335
[7512] [M]: 0x000000008000754C (0x33350513) addi a0, a0, 0x333
x10 <- 0x0000033333333333
mem[X,0x0000000080007550] -> 0x1513
mem[X,0x0000000080007552] -> 0x00B5
[7513] [M]: 0x0000000080007550 (0x00B51513) slli a0, a0, 0xb
x10 <- 0x0019999999999800
mem[X,0x0000000080007554] -> 0x0513
mem[X,0x0000000080007556] -> 0x1995
[7514] [M]: 0x0000000080007554 (0x19950513) addi a0, a0, 0x199
x10 <- 0x0019999999999999
mem[X,0x0000000080007558] -> 0x1513
mem[X,0x000000008000755A] -> 0x00A5
[7515] [M]: 0x0000000080007558 (0x00A51513) slli a0, a0, 0xa
x10 <- 0x6666666666666400
mem[X,0x000000008000755C] -> 0x0513
mem[X,0x000000008000755E] -> 0x2675
[7516] [M]: 0x000000008000755C (0x26750513) addi a0, a0, 0x267
x10 <- 0x6666666666666667
mem[X,0x0000000080007560] -> 0x05B7
mem[X,0x0000000080007562] -> 0x0000
[7517] [M]: 0x0000000080007560 (0x000005B7) lui a1, 0x0
x11 <- 0x0000000000000000
mem[X,0x0000000080007564] -> 0x8593
mem[X,0x0000000080007566] -> 0xFFF5
[7518] [M]: 0x0000000080007564 (0xFFF58593) addi a1, a1, -0x1
x11 <- 0xFFFFFFFFFFFFFFFF
mem[X,0x0000000080007568] -> 0x9593
mem[X,0x000000008000756A] -> 0x00B5
[7519] [M]: 0x0000000080007568 (0x00B59593) slli a1, a1, 0xb
x11 <- 0xFFFFFFFFFFFFF800
mem[X,0x000000008000756C] -> 0x8593
mem[X,0x000000008000756E] -> 0x2575
[7520] [M]: 0x000000008000756C (0x25758593) addi a1, a1, 0x257
x11 <- 0xFFFFFFFFFFFFFA57
mem[X,0x0000000080007570] -> 0x9593
mem[X,0x0000000080007572] -> 0x00B5
[7521] [M]: 0x0000000080007570 (0x00B59593) slli a1, a1, 0xb
x11 <- 0xFFFFFFFFFFD2B800
mem[X,0x0000000080007574] -> 0x8593
mem[X,0x0000000080007576] -> 0x6C35
[7522] [M]: 0x0000000080007574 (0x6C358593) addi a1, a1, 0x6c3
x11 <- 0xFFFFFFFFFFD2BEC3
mem[X,0x0000000080007578] -> 0x9593
mem[X,0x000000008000757A] -> 0x00A5
[7523] [M]: 0x0000000080007578 (0x00A59593) slli a1, a1, 0xa
x11 <- 0xFFFFFFFF4AFB0C00
mem[X,0x000000008000757C] -> 0x8593
mem[X,0x000000008000757E] -> 0x0CE5
[7524] [M]: 0x000000008000757C (0x0CE58593) addi a1, a1, 0xce
x11 <- 0xFFFFFFFF4AFB0CCE
mem[X,0x0000000080007580] -> 0x063B
mem[X,0x0000000080007582] -> 0x40B5
[7525] [M]: 0x0000000080007580 (0x40B5063B) subw a2, a0, a1
x12 <- 0x000000001B6B5999
mem[X,0x0000000080007584] -> 0xB423
mem[X,0x0000000080007586] -> 0x2CC2
[7526] [M]: 0x0000000080007584 (0x2CC2B423) sd a2, 0x2c8(t0)
mem[0x000000008000C470] <- 0x000000001B6B5999
mem[X,0x0000000080007588] -> 0x6537
mem[X,0x000000008000758A] -> 0x6666
[7527] [M]: 0x0000000080007588 (0x66666537) lui a0, 0x66666
x10 <- 0x0000000066666000
mem[X,0x000000008000758C] -> 0x0513
mem[X,0x000000008000758E] -> 0x6665
[7528] [M]: 0x000000008000758C (0x66650513) addi a0, a0, 0x666
x10 <- 0x0000000066666666
mem[X,0x0000000080007590] -> 0x1513
mem[X,0x0000000080007592] -> 0x00B5
[7529] [M]: 0x0000000080007590 (0x00B51513) slli a0, a0, 0xb
x10 <- 0x0000033333333000
mem[X,0x0000000080007594] -> 0x0513
mem[X,0x0000000080007596] -> 0x3335
[7530] [M]: 0x0000000080007594 (0x33350513) addi a0, a0, 0x333
x10 <- 0x0000033333333333
mem[X,0x0000000080007598] -> 0x1513
mem[X,0x000000008000759A] -> 0x00B5
[7531] [M]: 0x0000000080007598 (0x00B51513) slli a0, a0, 0xb
x10 <- 0x0019999999999800
mem[X,0x000000008000759C] -> 0x0513
mem[X,0x000000008000759E] -> 0x1995
[7532] [M]: 0x000000008000759C (0x19950513) addi a0, a0, 0x199
x10 <- 0x0019999999999999
mem[X,0x00000000800075A0] -> 0x1513
mem[X,0x00000000800075A2] -> 0x00A5
[7533] [M]: 0x00000000800075A0 (0x00A51513) slli a0, a0, 0xa
x10 <- 0x6666666666666400
mem[X,0x00000000800075A4] -> 0x0513
mem[X,0x00000000800075A6] -> 0x2675
[7534] [M]: 0x00000000800075A4 (0x26750513) addi a0, a0, 0x267
x10 <- 0x6666666666666667
mem[X,0x00000000800075A8] -> 0x05B7
mem[X,0x00000000800075AA] -> 0x0000
[7535] [M]: 0x00000000800075A8 (0x000005B7) lui a1, 0x0
x11 <- 0x0000000000000000
mem[X,0x00000000800075AC] -> 0x8593
mem[X,0x00000000800075AE] -> 0x0005
[7536] [M]: 0x00000000800075AC (0x00058593) addi a1, a1, 0x0
x11 <- 0x0000000000000000
mem[X,0x00000000800075B0] -> 0x9593
mem[X,0x00000000800075B2] -> 0x00B5
[7537] [M]: 0x00000000800075B0 (0x00B59593) slli a1, a1, 0xb
x11 <- 0x0000000000000000
mem[X,0x00000000800075B4] -> 0x8593
mem[X,0x00000000800075B6] -> 0x5A85
[7538] [M]: 0x00000000800075B4 (0x5A858593) addi a1, a1, 0x5a8
x11 <- 0x00000000000005A8
mem[X,0x00000000800075B8] -> 0x9593
mem[X,0x00000000800075BA] -> 0x00B5
[7539] [M]: 0x00000000800075B8 (0x00B59593) slli a1, a1, 0xb
x11 <- 0x00000000002D4000
mem[X,0x00000000800075BC] -> 0x8593
mem[X,0x00000000800075BE] -> 0x13C5
[7540] [M]: 0x00000000800075BC (0x13C58593) addi a1, a1, 0x13c
x11 <- 0x00000000002D413C
mem[X,0x00000000800075C0] -> 0x9593
mem[X,0x00000000800075C2] -> 0x00A5
[7541] [M]: 0x00000000800075C0 (0x00A59593) slli a1, a1, 0xa
x11 <- 0x00000000B504F000
mem[X,0x00000000800075C4] -> 0x8593
mem[X,0x00000000800075C6] -> 0x3345
[7542] [M]: 0x00000000800075C4 (0x33458593) addi a1, a1, 0x334
x11 <- 0x00000000B504F334
mem[X,0x00000000800075C8] -> 0x063B
mem[X,0x00000000800075CA] -> 0x40B5
[7543] [M]: 0x00000000800075C8 (0x40B5063B) subw a2, a0, a1
x12 <- 0xFFFFFFFFB1617333
mem[X,0x00000000800075CC] -> 0xB823
mem[X,0x00000000800075CE] -> 0x2CC2
[7544] [M]: 0x00000000800075CC (0x2CC2B823) sd a2, 0x2d0(t0)
mem[0x000000008000C478] <- 0xFFFFFFFFB1617333
mem[X,0x00000000800075D0] -> 0x0537
mem[X,0x00000000800075D2] -> 0x0000
[7545] [M]: 0x00000000800075D0 (0x00000537) lui a0, 0x0
x10 <- 0x0000000000000000
mem[X,0x00000000800075D4] -> 0x0513
mem[X,0x00000000800075D6] -> 0xFFF5
[7546] [M]: 0x00000000800075D4 (0xFFF50513) addi a0, a0, -0x1
x10 <- 0xFFFFFFFFFFFFFFFF
mem[X,0x00000000800075D8] -> 0x1513
mem[X,0x00000000800075DA] -> 0x00B5
[7547] [M]: 0x00000000800075D8 (0x00B51513) slli a0, a0, 0xb
x10 <- 0xFFFFFFFFFFFFF800
mem[X,0x00000000800075DC] -> 0x0513
mem[X,0x00000000800075DE] -> 0x2575
[7548] [M]: 0x00000000800075DC (0x25750513) addi a0, a0, 0x257
x10 <- 0xFFFFFFFFFFFFFA57
mem[X,0x00000000800075E0] -> 0x1513
mem[X,0x00000000800075E2] -> 0x00B5
[7549] [M]: 0x00000000800075E0 (0x00B51513) slli a0, a0, 0xb
x10 <- 0xFFFFFFFFFFD2B800
mem[X,0x00000000800075E4] -> 0x0513
mem[X,0x00000000800075E6] -> 0x6C35
[7550] [M]: 0x00000000800075E4 (0x6C350513) addi a0, a0, 0x6c3
x10 <- 0xFFFFFFFFFFD2BEC3
mem[X,0x00000000800075E8] -> 0x1513
mem[X,0x00000000800075EA] -> 0x00A5
[7551] [M]: 0x00000000800075E8 (0x00A51513) slli a0, a0, 0xa
x10 <- 0xFFFFFFFF4AFB0C00
mem[X,0x00000000800075EC] -> 0x0513
mem[X,0x00000000800075EE] -> 0x0CE5
[7552] [M]: 0x00000000800075EC (0x0CE50513) addi a0, a0, 0xce
x10 <- 0xFFFFFFFF4AFB0CCE
mem[X,0x00000000800075F0] -> 0x0593
mem[X,0x00000000800075F2] -> 0x0030
[7553] [M]: 0x00000000800075F0 (0x00300593) addi a1, zero, 0x3
x11 <- 0x0000000000000003
mem[X,0x00000000800075F4] -> 0x063B
mem[X,0x00000000800075F6] -> 0x40B5
[7554] [M]: 0x00000000800075F4 (0x40B5063B) subw a2, a0, a1
x12 <- 0x000000004AFB0CCB
mem[X,0x00000000800075F8] -> 0xBC23
mem[X,0x00000000800075FA] -> 0x2CC2
[7555] [M]: 0x00000000800075F8 (0x2CC2BC23) sd a2, 0x2d8(t0)
mem[0x000000008000C480] <- 0x000000004AFB0CCB
mem[X,0x00000000800075FC] -> 0x0537
mem[X,0x00000000800075FE] -> 0x0000
[7556] [M]: 0x00000000800075FC (0x00000537) lui a0, 0x0
x10 <- 0x0000000000000000
mem[X,0x0000000080007600] -> 0x0513
mem[X,0x0000000080007602] -> 0xFFF5
[7557] [M]: 0x0000000080007600 (0xFFF50513) addi a0, a0, -0x1
x10 <- 0xFFFFFFFFFFFFFFFF
mem[X,0x0000000080007604] -> 0x1513
mem[X,0x0000000080007606] -> 0x00B5
[7558] [M]: 0x0000000080007604 (0x00B51513) slli a0, a0, 0xb
x10 <- 0xFFFFFFFFFFFFF800
mem[X,0x0000000080007608] -> 0x0513
mem[X,0x000000008000760A] -> 0x2575
[7559] [M]: 0x0000000080007608 (0x25750513) addi a0, a0, 0x257
x10 <- 0xFFFFFFFFFFFFFA57
mem[X,0x000000008000760C] -> 0x1513
mem[X,0x000000008000760E] -> 0x00B5
[7560] [M]: 0x000000008000760C (0x00B51513) slli a0, a0, 0xb
x10 <- 0xFFFFFFFFFFD2B800
mem[X,0x0000000080007610] -> 0x0513
mem[X,0x0000000080007612] -> 0x6C35
[7561] [M]: 0x0000000080007610 (0x6C350513) addi a0, a0, 0x6c3
x10 <- 0xFFFFFFFFFFD2BEC3
mem[X,0x0000000080007614] -> 0x1513
mem[X,0x0000000080007616] -> 0x00A5
[7562] [M]: 0x0000000080007614 (0x00A51513) slli a0, a0, 0xa
x10 <- 0xFFFFFFFF4AFB0C00
mem[X,0x0000000080007618] -> 0x0513
mem[X,0x000000008000761A] -> 0x0CE5
[7563] [M]: 0x0000000080007618 (0x0CE50513) addi a0, a0, 0xce
x10 <- 0xFFFFFFFF4AFB0CCE
mem[X,0x000000008000761C] -> 0x55B7
mem[X,0x000000008000761E] -> 0x5555
[7564] [M]: 0x000000008000761C (0x555555B7) lui a1, 0x55555
x11 <- 0x0000000055555000
mem[X,0x0000000080007620] -> 0x8593
mem[X,0x0000000080007622] -> 0x5555
[7565] [M]: 0x0000000080007620 (0x55558593) addi a1, a1, 0x555
x11 <- 0x0000000055555555
mem[X,0x0000000080007624] -> 0x9593
mem[X,0x0000000080007626] -> 0x00B5
[7566] [M]: 0x0000000080007624 (0x00B59593) slli a1, a1, 0xb
x11 <- 0x000002AAAAAAA800
mem[X,0x0000000080007628] -> 0x8593
mem[X,0x000000008000762A] -> 0x2AA5
[7567] [M]: 0x0000000080007628 (0x2AA58593) addi a1, a1, 0x2aa
x11 <- 0x000002AAAAAAAAAA
mem[X,0x000000008000762C] -> 0x9593
mem[X,0x000000008000762E] -> 0x00B5
[7568] [M]: 0x000000008000762C (0x00B59593) slli a1, a1, 0xb
x11 <- 0x0015555555555000
mem[X,0x0000000080007630] -> 0x8593
mem[X,0x0000000080007632] -> 0x5555
[7569] [M]: 0x0000000080007630 (0x55558593) addi a1, a1, 0x555
x11 <- 0x0015555555555555
mem[X,0x0000000080007634] -> 0x9593
mem[X,0x0000000080007636] -> 0x00A5
[7570] [M]: 0x0000000080007634 (0x00A59593) slli a1, a1, 0xa
x11 <- 0x5555555555555400
mem[X,0x0000000080007638] -> 0x8593
mem[X,0x000000008000763A] -> 0x1555
[7571] [M]: 0x0000000080007638 (0x15558593) addi a1, a1, 0x155
x11 <- 0x5555555555555555
mem[X,0x000000008000763C] -> 0x063B
mem[X,0x000000008000763E] -> 0x40B5
[7572] [M]: 0x000000008000763C (0x40B5063B) subw a2, a0, a1
x12 <- 0xFFFFFFFFF5A5B779
mem[X,0x0000000080007640] -> 0xB023
mem[X,0x0000000080007642] -> 0x2EC2
[7573] [M]: 0x0000000080007640 (0x2EC2B023) sd a2, 0x2e0(t0)
mem[0x000000008000C488] <- 0xFFFFFFFFF5A5B779
mem[X,0x0000000080007644] -> 0x0537
mem[X,0x0000000080007646] -> 0x0000
[7574] [M]: 0x0000000080007644 (0x00000537) lui a0, 0x0
x10 <- 0x0000000000000000
mem[X,0x0000000080007648] -> 0x0513
mem[X,0x000000008000764A] -> 0xFFF5
[7575] [M]: 0x0000000080007648 (0xFFF50513) addi a0, a0, -0x1
x10 <- 0xFFFFFFFFFFFFFFFF
mem[X,0x000000008000764C] -> 0x1513
mem[X,0x000000008000764E] -> 0x00B5
[7576] [M]: 0x000000008000764C (0x00B51513) slli a0, a0, 0xb
x10 <- 0xFFFFFFFFFFFFF800
mem[X,0x0000000080007650] -> 0x0513
mem[X,0x0000000080007652] -> 0x2575
[7577] [M]: 0x0000000080007650 (0x25750513) addi a0, a0, 0x257
x10 <- 0xFFFFFFFFFFFFFA57
mem[X,0x0000000080007654] -> 0x1513
mem[X,0x0000000080007656] -> 0x00B5
[7578] [M]: 0x0000000080007654 (0x00B51513) slli a0, a0, 0xb
x10 <- 0xFFFFFFFFFFD2B800
mem[X,0x0000000080007658] -> 0x0513
mem[X,0x000000008000765A] -> 0x6C35
[7579] [M]: 0x0000000080007658 (0x6C350513) addi a0, a0, 0x6c3
x10 <- 0xFFFFFFFFFFD2BEC3
mem[X,0x000000008000765C] -> 0x1513
mem[X,0x000000008000765E] -> 0x00A5
[7580] [M]: 0x000000008000765C (0x00A51513) slli a0, a0, 0xa
x10 <- 0xFFFFFFFF4AFB0C00
mem[X,0x0000000080007660] -> 0x0513
mem[X,0x0000000080007662] -> 0x0CE5
[7581] [M]: 0x0000000080007660 (0x0CE50513) addi a0, a0, 0xce
x10 <- 0xFFFFFFFF4AFB0CCE
mem[X,0x0000000080007664] -> 0xB5B7
mem[X,0x0000000080007666] -> 0xAAAA
[7582] [M]: 0x0000000080007664 (0xAAAAB5B7) lui a1, -0x55555
x11 <- 0xFFFFFFFFAAAAB000
mem[X,0x0000000080007668] -> 0x8593
mem[X,0x000000008000766A] -> 0xAAA5
[7583] [M]: 0x0000000080007668 (0xAAA58593) addi a1, a1, -0x556
x11 <- 0xFFFFFFFFAAAAAAAA
mem[X,0x000000008000766C] -> 0x9593
mem[X,0x000000008000766E] -> 0x00B5
[7584] [M]: 0x000000008000766C (0x00B59593) slli a1, a1, 0xb
x11 <- 0xFFFFFD5555555000
mem[X,0x0000000080007670] -> 0x8593
mem[X,0x0000000080007672] -> 0x5555
[7585] [M]: 0x0000000080007670 (0x55558593) addi a1, a1, 0x555
x11 <- 0xFFFFFD5555555555
mem[X,0x0000000080007674] -> 0x9593
mem[X,0x0000000080007676] -> 0x00B5
[7586] [M]: 0x0000000080007674 (0x00B59593) slli a1, a1, 0xb
x11 <- 0xFFEAAAAAAAAAA800
mem[X,0x0000000080007678] -> 0x8593
mem[X,0x000000008000767A] -> 0x2AA5
[7587] [M]: 0x0000000080007678 (0x2AA58593) addi a1, a1, 0x2aa
x11 <- 0xFFEAAAAAAAAAAAAA
mem[X,0x000000008000767C] -> 0x9593
mem[X,0x000000008000767E] -> 0x00A5
[7588] [M]: 0x000000008000767C (0x00A59593) slli a1, a1, 0xa
x11 <- 0xAAAAAAAAAAAAA800
mem[X,0x0000000080007680] -> 0x8593
mem[X,0x0000000080007682] -> 0x2AA5
[7589] [M]: 0x0000000080007680 (0x2AA58593) addi a1, a1, 0x2aa
x11 <- 0xAAAAAAAAAAAAAAAA
mem[X,0x0000000080007684] -> 0x063B
mem[X,0x0000000080007686] -> 0x40B5
[7590] [M]: 0x0000000080007684 (0x40B5063B) subw a2, a0, a1
x12 <- 0xFFFFFFFFA0506224
mem[X,0x0000000080007688] -> 0xB423
mem[X,0x000000008000768A] -> 0x2EC2
[7591] [M]: 0x0000000080007688 (0x2EC2B423) sd a2, 0x2e8(t0)
mem[0x000000008000C490] <- 0xFFFFFFFFA0506224
mem[X,0x000000008000768C] -> 0x0537
mem[X,0x000000008000768E] -> 0x0000
[7592] [M]: 0x000000008000768C (0x00000537) lui a0, 0x0
x10 <- 0x0000000000000000
mem[X,0x0000000080007690] -> 0x0513
mem[X,0x0000000080007692] -> 0xFFF5
[7593] [M]: 0x0000000080007690 (0xFFF50513) addi a0, a0, -0x1
x10 <- 0xFFFFFFFFFFFFFFFF
mem[X,0x0000000080007694] -> 0x1513
mem[X,0x0000000080007696] -> 0x00B5
[7594] [M]: 0x0000000080007694 (0x00B51513) slli a0, a0, 0xb
x10 <- 0xFFFFFFFFFFFFF800
mem[X,0x0000000080007698] -> 0x0513
mem[X,0x000000008000769A] -> 0x2575
[7595] [M]: 0x0000000080007698 (0x25750513) addi a0, a0, 0x257
x10 <- 0xFFFFFFFFFFFFFA57
mem[X,0x000000008000769C] -> 0x1513
mem[X,0x000000008000769E] -> 0x00B5
[7596] [M]: 0x000000008000769C (0x00B51513) slli a0, a0, 0xb
x10 <- 0xFFFFFFFFFFD2B800
mem[X,0x00000000800076A0] -> 0x0513
mem[X,0x00000000800076A2] -> 0x6C35
[7597] [M]: 0x00000000800076A0 (0x6C350513) addi a0, a0, 0x6c3
x10 <- 0xFFFFFFFFFFD2BEC3
mem[X,0x00000000800076A4] -> 0x1513
mem[X,0x00000000800076A6] -> 0x00A5
[7598] [M]: 0x00000000800076A4 (0x00A51513) slli a0, a0, 0xa
x10 <- 0xFFFFFFFF4AFB0C00
mem[X,0x00000000800076A8] -> 0x0513
mem[X,0x00000000800076AA] -> 0x0CE5
[7599] [M]: 0x00000000800076A8 (0x0CE50513) addi a0, a0, 0xce
x10 <- 0xFFFFFFFF4AFB0CCE
clint::tick mtime <- 0x000000000000004C
 clint timer pending at mtime 0x000000000000004C
htif::tick 0x0000000000000000
mem[X,0x00000000800076AC] -> 0x0593
mem[X,0x00000000800076AE] -> 0x0050
[7600] [M]: 0x00000000800076AC (0x00500593) addi a1, zero, 0x5
x11 <- 0x0000000000000005
mem[X,0x00000000800076B0] -> 0x063B
mem[X,0x00000000800076B2] -> 0x40B5
[7601] [M]: 0x00000000800076B0 (0x40B5063B) subw a2, a0, a1
x12 <- 0x000000004AFB0CC9
mem[X,0x00000000800076B4] -> 0xB823
mem[X,0x00000000800076B6] -> 0x2EC2
[7602] [M]: 0x00000000800076B4 (0x2EC2B823) sd a2, 0x2f0(t0)
mem[0x000000008000C498] <- 0x000000004AFB0CC9
mem[X,0x00000000800076B8] -> 0x0537
mem[X,0x00000000800076BA] -> 0x0000
[7603] [M]: 0x00000000800076B8 (0x00000537) lui a0, 0x0
x10 <- 0x0000000000000000
mem[X,0x00000000800076BC] -> 0x0513
mem[X,0x00000000800076BE] -> 0xFFF5
[7604] [M]: 0x00000000800076BC (0xFFF50513) addi a0, a0, -0x1
x10 <- 0xFFFFFFFFFFFFFFFF
mem[X,0x00000000800076C0] -> 0x1513
mem[X,0x00000000800076C2] -> 0x00B5
[7605] [M]: 0x00000000800076C0 (0x00B51513) slli a0, a0, 0xb
x10 <- 0xFFFFFFFFFFFFF800
mem[X,0x00000000800076C4] -> 0x0513
mem[X,0x00000000800076C6] -> 0x2575
[7606] [M]: 0x00000000800076C4 (0x25750513) addi a0, a0, 0x257
x10 <- 0xFFFFFFFFFFFFFA57
mem[X,0x00000000800076C8] -> 0x1513
mem[X,0x00000000800076CA] -> 0x00B5
[7607] [M]: 0x00000000800076C8 (0x00B51513) slli a0, a0, 0xb
x10 <- 0xFFFFFFFFFFD2B800
mem[X,0x00000000800076CC] -> 0x0513
mem[X,0x00000000800076CE] -> 0x6C35
[7608] [M]: 0x00000000800076CC (0x6C350513) addi a0, a0, 0x6c3
x10 <- 0xFFFFFFFFFFD2BEC3
mem[X,0x00000000800076D0] -> 0x1513
mem[X,0x00000000800076D2] -> 0x00A5
[7609] [M]: 0x00000000800076D0 (0x00A51513) slli a0, a0, 0xa
x10 <- 0xFFFFFFFF4AFB0C00
mem[X,0x00000000800076D4] -> 0x0513
mem[X,0x00000000800076D6] -> 0x0CE5
[7610] [M]: 0x00000000800076D4 (0x0CE50513) addi a0, a0, 0xce
x10 <- 0xFFFFFFFF4AFB0CCE
mem[X,0x00000000800076D8] -> 0x35B7
mem[X,0x00000000800076DA] -> 0x3333
[7611] [M]: 0x00000000800076D8 (0x333335B7) lui a1, 0x33333
x11 <- 0x0000000033333000
mem[X,0x00000000800076DC] -> 0x8593
mem[X,0x00000000800076DE] -> 0x3335
[7612] [M]: 0x00000000800076DC (0x33358593) addi a1, a1, 0x333
x11 <- 0x0000000033333333
mem[X,0x00000000800076E0] -> 0x9593
mem[X,0x00000000800076E2] -> 0x00B5
[7613] [M]: 0x00000000800076E0 (0x00B59593) slli a1, a1, 0xb
x11 <- 0x0000019999999800
mem[X,0x00000000800076E4] -> 0x8593
mem[X,0x00000000800076E6] -> 0x1995
[7614] [M]: 0x00000000800076E4 (0x19958593) addi a1, a1, 0x199
x11 <- 0x0000019999999999
mem[X,0x00000000800076E8] -> 0x9593
mem[X,0x00000000800076EA] -> 0x00B5
[7615] [M]: 0x00000000800076E8 (0x00B59593) slli a1, a1, 0xb
x11 <- 0x000CCCCCCCCCC800
mem[X,0x00000000800076EC] -> 0x8593
mem[X,0x00000000800076EE] -> 0x4CC5
[7616] [M]: 0x00000000800076EC (0x4CC58593) addi a1, a1, 0x4cc
x11 <- 0x000CCCCCCCCCCCCC
mem[X,0x00000000800076F0] -> 0x9593
mem[X,0x00000000800076F2] -> 0x00A5
[7617] [M]: 0x00000000800076F0 (0x00A59593) slli a1, a1, 0xa
x11 <- 0x3333333333333000
mem[X,0x00000000800076F4] -> 0x8593
mem[X,0x00000000800076F6] -> 0x3335
[7618] [M]: 0x00000000800076F4 (0x33358593) addi a1, a1, 0x333
x11 <- 0x3333333333333333
mem[X,0x00000000800076F8] -> 0x063B
mem[X,0x00000000800076FA] -> 0x40B5
[7619] [M]: 0x00000000800076F8 (0x40B5063B) subw a2, a0, a1
x12 <- 0x0000000017C7D99B
mem[X,0x00000000800076FC] -> 0xBC23
mem[X,0x00000000800076FE] -> 0x2EC2
[7620] [M]: 0x00000000800076FC (0x2EC2BC23) sd a2, 0x2f8(t0)
mem[0x000000008000C4A0] <- 0x0000000017C7D99B
mem[X,0x0000000080007700] -> 0x0537
mem[X,0x0000000080007702] -> 0x0000
[7621] [M]: 0x0000000080007700 (0x00000537) lui a0, 0x0
x10 <- 0x0000000000000000
mem[X,0x0000000080007704] -> 0x0513
mem[X,0x0000000080007706] -> 0xFFF5
[7622] [M]: 0x0000000080007704 (0xFFF50513) addi a0, a0, -0x1
x10 <- 0xFFFFFFFFFFFFFFFF
mem[X,0x0000000080007708] -> 0x1513
mem[X,0x000000008000770A] -> 0x00B5
[7623] [M]: 0x0000000080007708 (0x00B51513) slli a0, a0, 0xb
x10 <- 0xFFFFFFFFFFFFF800
mem[X,0x000000008000770C] -> 0x0513
mem[X,0x000000008000770E] -> 0x2575
[7624] [M]: 0x000000008000770C (0x25750513) addi a0, a0, 0x257
x10 <- 0xFFFFFFFFFFFFFA57
mem[X,0x0000000080007710] -> 0x1513
mem[X,0x0000000080007712] -> 0x00B5
[7625] [M]: 0x0000000080007710 (0x00B51513) slli a0, a0, 0xb
x10 <- 0xFFFFFFFFFFD2B800
mem[X,0x0000000080007714] -> 0x0513
mem[X,0x0000000080007716] -> 0x6C35
[7626] [M]: 0x0000000080007714 (0x6C350513) addi a0, a0, 0x6c3
x10 <- 0xFFFFFFFFFFD2BEC3
mem[X,0x0000000080007718] -> 0x1513
mem[X,0x000000008000771A] -> 0x00A5
[7627] [M]: 0x0000000080007718 (0x00A51513) slli a0, a0, 0xa
x10 <- 0xFFFFFFFF4AFB0C00
mem[X,0x000000008000771C] -> 0x0513
mem[X,0x000000008000771E] -> 0x0CE5
[7628] [M]: 0x000000008000771C (0x0CE50513) addi a0, a0, 0xce
x10 <- 0xFFFFFFFF4AFB0CCE
mem[X,0x0000000080007720] -> 0x65B7
mem[X,0x0000000080007722] -> 0x6666
[7629] [M]: 0x0000000080007720 (0x666665B7) lui a1, 0x66666
x11 <- 0x0000000066666000
mem[X,0x0000000080007724] -> 0x8593
mem[X,0x0000000080007726] -> 0x6665
[7630] [M]: 0x0000000080007724 (0x66658593) addi a1, a1, 0x666
x11 <- 0x0000000066666666
mem[X,0x0000000080007728] -> 0x9593
mem[X,0x000000008000772A] -> 0x00B5
[7631] [M]: 0x0000000080007728 (0x00B59593) slli a1, a1, 0xb
x11 <- 0x0000033333333000
mem[X,0x000000008000772C] -> 0x8593
mem[X,0x000000008000772E] -> 0x3335
[7632] [M]: 0x000000008000772C (0x33358593) addi a1, a1, 0x333
x11 <- 0x0000033333333333
mem[X,0x0000000080007730] -> 0x9593
mem[X,0x0000000080007732] -> 0x00B5
[7633] [M]: 0x0000000080007730 (0x00B59593) slli a1, a1, 0xb
x11 <- 0x0019999999999800
mem[X,0x0000000080007734] -> 0x8593
mem[X,0x0000000080007736] -> 0x1995
[7634] [M]: 0x0000000080007734 (0x19958593) addi a1, a1, 0x199
x11 <- 0x0019999999999999
mem[X,0x0000000080007738] -> 0x9593
mem[X,0x000000008000773A] -> 0x00A5
[7635] [M]: 0x0000000080007738 (0x00A59593) slli a1, a1, 0xa
x11 <- 0x6666666666666400
mem[X,0x000000008000773C] -> 0x8593
mem[X,0x000000008000773E] -> 0x2665
[7636] [M]: 0x000000008000773C (0x26658593) addi a1, a1, 0x266
x11 <- 0x6666666666666666
mem[X,0x0000000080007740] -> 0x063B
mem[X,0x0000000080007742] -> 0x40B5
[7637] [M]: 0x0000000080007740 (0x40B5063B) subw a2, a0, a1
x12 <- 0xFFFFFFFFE494A668
mem[X,0x0000000080007744] -> 0xB023
mem[X,0x0000000080007746] -> 0x30C2
[7638] [M]: 0x0000000080007744 (0x30C2B023) sd a2, 0x300(t0)
mem[0x000000008000C4A8] <- 0xFFFFFFFFE494A668
mem[X,0x0000000080007748] -> 0x0537
mem[X,0x000000008000774A] -> 0x0000
[7639] [M]: 0x0000000080007748 (0x00000537) lui a0, 0x0
x10 <- 0x0000000000000000
mem[X,0x000000008000774C] -> 0x0513
mem[X,0x000000008000774E] -> 0xFFF5
[7640] [M]: 0x000000008000774C (0xFFF50513) addi a0, a0, -0x1
x10 <- 0xFFFFFFFFFFFFFFFF
mem[X,0x0000000080007750] -> 0x1513
mem[X,0x0000000080007752] -> 0x00B5
[7641] [M]: 0x0000000080007750 (0x00B51513) slli a0, a0, 0xb
x10 <- 0xFFFFFFFFFFFFF800
mem[X,0x0000000080007754] -> 0x0513
mem[X,0x0000000080007756] -> 0x2575
[7642] [M]: 0x0000000080007754 (0x25750513) addi a0, a0, 0x257
x10 <- 0xFFFFFFFFFFFFFA57
mem[X,0x0000000080007758] -> 0x1513
mem[X,0x000000008000775A] -> 0x00B5
[7643] [M]: 0x0000000080007758 (0x00B51513) slli a0, a0, 0xb
x10 <- 0xFFFFFFFFFFD2B800
mem[X,0x000000008000775C] -> 0x0513
mem[X,0x000000008000775E] -> 0x6C35
[7644] [M]: 0x000000008000775C (0x6C350513) addi a0, a0, 0x6c3
x10 <- 0xFFFFFFFFFFD2BEC3
mem[X,0x0000000080007760] -> 0x1513
mem[X,0x0000000080007762] -> 0x00A5
[7645] [M]: 0x0000000080007760 (0x00A51513) slli a0, a0, 0xa
x10 <- 0xFFFFFFFF4AFB0C00
mem[X,0x0000000080007764] -> 0x0513
mem[X,0x0000000080007766] -> 0x0CE5
[7646] [M]: 0x0000000080007764 (0x0CE50513) addi a0, a0, 0xce
x10 <- 0xFFFFFFFF4AFB0CCE
mem[X,0x0000000080007768] -> 0x05B7
mem[X,0x000000008000776A] -> 0x0000
[7647] [M]: 0x0000000080007768 (0x000005B7) lui a1, 0x0
x11 <- 0x0000000000000000
mem[X,0x000000008000776C] -> 0x8593
mem[X,0x000000008000776E] -> 0xFFF5
[7648] [M]: 0x000000008000776C (0xFFF58593) addi a1, a1, -0x1
x11 <- 0xFFFFFFFFFFFFFFFF
mem[X,0x0000000080007770] -> 0x9593
mem[X,0x0000000080007772] -> 0x00B5
[7649] [M]: 0x0000000080007770 (0x00B59593) slli a1, a1, 0xb
x11 <- 0xFFFFFFFFFFFFF800
mem[X,0x0000000080007774] -> 0x8593
mem[X,0x0000000080007776] -> 0x2575
[7650] [M]: 0x0000000080007774 (0x25758593) addi a1, a1, 0x257
x11 <- 0xFFFFFFFFFFFFFA57
mem[X,0x0000000080007778] -> 0x9593
mem[X,0x000000008000777A] -> 0x00B5
[7651] [M]: 0x0000000080007778 (0x00B59593) slli a1, a1, 0xb
x11 <- 0xFFFFFFFFFFD2B800
mem[X,0x000000008000777C] -> 0x8593
mem[X,0x000000008000777E] -> 0x6C35
[7652] [M]: 0x000000008000777C (0x6C358593) addi a1, a1, 0x6c3
x11 <- 0xFFFFFFFFFFD2BEC3
mem[X,0x0000000080007780] -> 0x9593
mem[X,0x0000000080007782] -> 0x00A5
[7653] [M]: 0x0000000080007780 (0x00A59593) slli a1, a1, 0xa
x11 <- 0xFFFFFFFF4AFB0C00
mem[X,0x0000000080007784] -> 0x8593
mem[X,0x0000000080007786] -> 0x0CD5
[7654] [M]: 0x0000000080007784 (0x0CD58593) addi a1, a1, 0xcd
x11 <- 0xFFFFFFFF4AFB0CCD
mem[X,0x0000000080007788] -> 0x063B
mem[X,0x000000008000778A] -> 0x40B5
[7655] [M]: 0x0000000080007788 (0x40B5063B) subw a2, a0, a1
x12 <- 0x0000000000000001
mem[X,0x000000008000778C] -> 0xB423
mem[X,0x000000008000778E] -> 0x30C2
[7656] [M]: 0x000000008000778C (0x30C2B423) sd a2, 0x308(t0)
mem[0x000000008000C4B0] <- 0x0000000000000001
mem[X,0x0000000080007790] -> 0x0537
mem[X,0x0000000080007792] -> 0x0000
[7657] [M]: 0x0000000080007790 (0x00000537) lui a0, 0x0
x10 <- 0x0000000000000000
mem[X,0x0000000080007794] -> 0x0513
mem[X,0x0000000080007796] -> 0xFFF5
[7658] [M]: 0x0000000080007794 (0xFFF50513) addi a0, a0, -0x1
x10 <- 0xFFFFFFFFFFFFFFFF
mem[X,0x0000000080007798] -> 0x1513
mem[X,0x000000008000779A] -> 0x00B5
[7659] [M]: 0x0000000080007798 (0x00B51513) slli a0, a0, 0xb
x10 <- 0xFFFFFFFFFFFFF800
mem[X,0x000000008000779C] -> 0x0513
mem[X,0x000000008000779E] -> 0x2575
[7660] [M]: 0x000000008000779C (0x25750513) addi a0, a0, 0x257
x10 <- 0xFFFFFFFFFFFFFA57
mem[X,0x00000000800077A0] -> 0x1513
mem[X,0x00000000800077A2] -> 0x00B5
[7661] [M]: 0x00000000800077A0 (0x00B51513) slli a0, a0, 0xb
x10 <- 0xFFFFFFFFFFD2B800
mem[X,0x00000000800077A4] -> 0x0513
mem[X,0x00000000800077A6] -> 0x6C35
[7662] [M]: 0x00000000800077A4 (0x6C350513) addi a0, a0, 0x6c3
x10 <- 0xFFFFFFFFFFD2BEC3
mem[X,0x00000000800077A8] -> 0x1513
mem[X,0x00000000800077AA] -> 0x00A5
[7663] [M]: 0x00000000800077A8 (0x00A51513) slli a0, a0, 0xa
x10 <- 0xFFFFFFFF4AFB0C00
mem[X,0x00000000800077AC] -> 0x0513
mem[X,0x00000000800077AE] -> 0x0CE5
[7664] [M]: 0x00000000800077AC (0x0CE50513) addi a0, a0, 0xce
x10 <- 0xFFFFFFFF4AFB0CCE
mem[X,0x00000000800077B0] -> 0x05B7
mem[X,0x00000000800077B2] -> 0x0000
[7665] [M]: 0x00000000800077B0 (0x000005B7) lui a1, 0x0
x11 <- 0x0000000000000000
mem[X,0x00000000800077B4] -> 0x8593
mem[X,0x00000000800077B6] -> 0x0005
[7666] [M]: 0x00000000800077B4 (0x00058593) addi a1, a1, 0x0
x11 <- 0x0000000000000000
mem[X,0x00000000800077B8] -> 0x9593
mem[X,0x00000000800077BA] -> 0x00B5
[7667] [M]: 0x00000000800077B8 (0x00B59593) slli a1, a1, 0xb
x11 <- 0x0000000000000000
mem[X,0x00000000800077BC] -> 0x8593
mem[X,0x00000000800077BE] -> 0x5A85
[7668] [M]: 0x00000000800077BC (0x5A858593) addi a1, a1, 0x5a8
x11 <- 0x00000000000005A8
mem[X,0x00000000800077C0] -> 0x9593
mem[X,0x00000000800077C2] -> 0x00B5
[7669] [M]: 0x00000000800077C0 (0x00B59593) slli a1, a1, 0xb
x11 <- 0x00000000002D4000
mem[X,0x00000000800077C4] -> 0x8593
mem[X,0x00000000800077C6] -> 0x13C5
[7670] [M]: 0x00000000800077C4 (0x13C58593) addi a1, a1, 0x13c
x11 <- 0x00000000002D413C
mem[X,0x00000000800077C8] -> 0x9593
mem[X,0x00000000800077CA] -> 0x00A5
[7671] [M]: 0x00000000800077C8 (0x00A59593) slli a1, a1, 0xa
x11 <- 0x00000000B504F000
mem[X,0x00000000800077CC] -> 0x8593
mem[X,0x00000000800077CE] -> 0x3335
[7672] [M]: 0x00000000800077CC (0x33358593) addi a1, a1, 0x333
x11 <- 0x00000000B504F333
mem[X,0x00000000800077D0] -> 0x063B
mem[X,0x00000000800077D2] -> 0x40B5
[7673] [M]: 0x00000000800077D0 (0x40B5063B) subw a2, a0, a1
x12 <- 0xFFFFFFFF95F6199B
mem[X,0x00000000800077D4] -> 0xB823
mem[X,0x00000000800077D6] -> 0x30C2
[7674] [M]: 0x00000000800077D4 (0x30C2B823) sd a2, 0x310(t0)
mem[0x000000008000C4B8] <- 0xFFFFFFFF95F6199B
mem[X,0x00000000800077D8] -> 0x0537
mem[X,0x00000000800077DA] -> 0x0000
[7675] [M]: 0x00000000800077D8 (0x00000537) lui a0, 0x0
x10 <- 0x0000000000000000
mem[X,0x00000000800077DC] -> 0x0513
mem[X,0x00000000800077DE] -> 0xFFF5
[7676] [M]: 0x00000000800077DC (0xFFF50513) addi a0, a0, -0x1
x10 <- 0xFFFFFFFFFFFFFFFF
mem[X,0x00000000800077E0] -> 0x1513
mem[X,0x00000000800077E2] -> 0x00B5
[7677] [M]: 0x00000000800077E0 (0x00B51513) slli a0, a0, 0xb
x10 <- 0xFFFFFFFFFFFFF800
mem[X,0x00000000800077E4] -> 0x0513
mem[X,0x00000000800077E6] -> 0x2575
[7678] [M]: 0x00000000800077E4 (0x25750513) addi a0, a0, 0x257
x10 <- 0xFFFFFFFFFFFFFA57
mem[X,0x00000000800077E8] -> 0x1513
mem[X,0x00000000800077EA] -> 0x00B5
[7679] [M]: 0x00000000800077E8 (0x00B51513) slli a0, a0, 0xb
x10 <- 0xFFFFFFFFFFD2B800
mem[X,0x00000000800077EC] -> 0x0513
mem[X,0x00000000800077EE] -> 0x6C35
[7680] [M]: 0x00000000800077EC (0x6C350513) addi a0, a0, 0x6c3
x10 <- 0xFFFFFFFFFFD2BEC3
mem[X,0x00000000800077F0] -> 0x1513
mem[X,0x00000000800077F2] -> 0x00A5
[7681] [M]: 0x00000000800077F0 (0x00A51513) slli a0, a0, 0xa
x10 <- 0xFFFFFFFF4AFB0C00
mem[X,0x00000000800077F4] -> 0x0513
mem[X,0x00000000800077F6] -> 0x0CE5
[7682] [M]: 0x00000000800077F4 (0x0CE50513) addi a0, a0, 0xce
x10 <- 0xFFFFFFFF4AFB0CCE
mem[X,0x00000000800077F8] -> 0x0593
mem[X,0x00000000800077FA] -> 0x0020
[7683] [M]: 0x00000000800077F8 (0x00200593) addi a1, zero, 0x2
x11 <- 0x0000000000000002
mem[X,0x00000000800077FC] -> 0x063B
mem[X,0x00000000800077FE] -> 0x40B5
[7684] [M]: 0x00000000800077FC (0x40B5063B) subw a2, a0, a1
x12 <- 0x000000004AFB0CCC
mem[X,0x0000000080007800] -> 0xBC23
mem[X,0x0000000080007802] -> 0x30C2
[7685] [M]: 0x0000000080007800 (0x30C2BC23) sd a2, 0x318(t0)
mem[0x000000008000C4C0] <- 0x000000004AFB0CCC
mem[X,0x0000000080007804] -> 0x0537
mem[X,0x0000000080007806] -> 0x0000
[7686] [M]: 0x0000000080007804 (0x00000537) lui a0, 0x0
x10 <- 0x0000000000000000
mem[X,0x0000000080007808] -> 0x0513
mem[X,0x000000008000780A] -> 0xFFF5
[7687] [M]: 0x0000000080007808 (0xFFF50513) addi a0, a0, -0x1
x10 <- 0xFFFFFFFFFFFFFFFF
mem[X,0x000000008000780C] -> 0x1513
mem[X,0x000000008000780E] -> 0x00B5
[7688] [M]: 0x000000008000780C (0x00B51513) slli a0, a0, 0xb
x10 <- 0xFFFFFFFFFFFFF800
mem[X,0x0000000080007810] -> 0x0513
mem[X,0x0000000080007812] -> 0x2575
[7689] [M]: 0x0000000080007810 (0x25750513) addi a0, a0, 0x257
x10 <- 0xFFFFFFFFFFFFFA57
mem[X,0x0000000080007814] -> 0x1513
mem[X,0x0000000080007816] -> 0x00B5
[7690] [M]: 0x0000000080007814 (0x00B51513) slli a0, a0, 0xb
x10 <- 0xFFFFFFFFFFD2B800
mem[X,0x0000000080007818] -> 0x0513
mem[X,0x000000008000781A] -> 0x6C35
[7691] [M]: 0x0000000080007818 (0x6C350513) addi a0, a0, 0x6c3
x10 <- 0xFFFFFFFFFFD2BEC3
mem[X,0x000000008000781C] -> 0x1513
mem[X,0x000000008000781E] -> 0x00A5
[7692] [M]: 0x000000008000781C (0x00A51513) slli a0, a0, 0xa
x10 <- 0xFFFFFFFF4AFB0C00
mem[X,0x0000000080007820] -> 0x0513
mem[X,0x0000000080007822] -> 0x0CE5
[7693] [M]: 0x0000000080007820 (0x0CE50513) addi a0, a0, 0xce
x10 <- 0xFFFFFFFF4AFB0CCE
mem[X,0x0000000080007824] -> 0x55B7
mem[X,0x0000000080007826] -> 0x5555
[7694] [M]: 0x0000000080007824 (0x555555B7) lui a1, 0x55555
x11 <- 0x0000000055555000
mem[X,0x0000000080007828] -> 0x8593
mem[X,0x000000008000782A] -> 0x5555
[7695] [M]: 0x0000000080007828 (0x55558593) addi a1, a1, 0x555
x11 <- 0x0000000055555555
mem[X,0x000000008000782C] -> 0x9593
mem[X,0x000000008000782E] -> 0x00B5
[7696] [M]: 0x000000008000782C (0x00B59593) slli a1, a1, 0xb
x11 <- 0x000002AAAAAAA800
mem[X,0x0000000080007830] -> 0x8593
mem[X,0x0000000080007832] -> 0x2AA5
[7697] [M]: 0x0000000080007830 (0x2AA58593) addi a1, a1, 0x2aa
x11 <- 0x000002AAAAAAAAAA
mem[X,0x0000000080007834] -> 0x9593
mem[X,0x0000000080007836] -> 0x00B5
[7698] [M]: 0x0000000080007834 (0x00B59593) slli a1, a1, 0xb
x11 <- 0x0015555555555000
mem[X,0x0000000080007838] -> 0x8593
mem[X,0x000000008000783A] -> 0x5555
[7699] [M]: 0x0000000080007838 (0x55558593) addi a1, a1, 0x555
x11 <- 0x0015555555555555
clint::tick mtime <- 0x000000000000004D
 clint timer pending at mtime 0x000000000000004D
htif::tick 0x0000000000000000
mem[X,0x000000008000783C] -> 0x9593
mem[X,0x000000008000783E] -> 0x00A5
[7700] [M]: 0x000000008000783C (0x00A59593) slli a1, a1, 0xa
x11 <- 0x5555555555555400
mem[X,0x0000000080007840] -> 0x8593
mem[X,0x0000000080007842] -> 0x1545
[7701] [M]: 0x0000000080007840 (0x15458593) addi a1, a1, 0x154
x11 <- 0x5555555555555554
mem[X,0x0000000080007844] -> 0x063B
mem[X,0x0000000080007846] -> 0x40B5
[7702] [M]: 0x0000000080007844 (0x40B5063B) subw a2, a0, a1
x12 <- 0xFFFFFFFFF5A5B77A
mem[X,0x0000000080007848] -> 0xB023
mem[X,0x000000008000784A] -> 0x32C2
[7703] [M]: 0x0000000080007848 (0x32C2B023) sd a2, 0x320(t0)
mem[0x000000008000C4C8] <- 0xFFFFFFFFF5A5B77A
mem[X,0x000000008000784C] -> 0x0537
mem[X,0x000000008000784E] -> 0x0000
[7704] [M]: 0x000000008000784C (0x00000537) lui a0, 0x0
x10 <- 0x0000000000000000
mem[X,0x0000000080007850] -> 0x0513
mem[X,0x0000000080007852] -> 0xFFF5
[7705] [M]: 0x0000000080007850 (0xFFF50513) addi a0, a0, -0x1
x10 <- 0xFFFFFFFFFFFFFFFF
mem[X,0x0000000080007854] -> 0x1513
mem[X,0x0000000080007856] -> 0x00B5
[7706] [M]: 0x0000000080007854 (0x00B51513) slli a0, a0, 0xb
x10 <- 0xFFFFFFFFFFFFF800
mem[X,0x0000000080007858] -> 0x0513
mem[X,0x000000008000785A] -> 0x2575
[7707] [M]: 0x0000000080007858 (0x25750513) addi a0, a0, 0x257
x10 <- 0xFFFFFFFFFFFFFA57
mem[X,0x000000008000785C] -> 0x1513
mem[X,0x000000008000785E] -> 0x00B5
[7708] [M]: 0x000000008000785C (0x00B51513) slli a0, a0, 0xb
x10 <- 0xFFFFFFFFFFD2B800
mem[X,0x0000000080007860] -> 0x0513
mem[X,0x0000000080007862] -> 0x6C35
[7709] [M]: 0x0000000080007860 (0x6C350513) addi a0, a0, 0x6c3
x10 <- 0xFFFFFFFFFFD2BEC3
mem[X,0x0000000080007864] -> 0x1513
mem[X,0x0000000080007866] -> 0x00A5
[7710] [M]: 0x0000000080007864 (0x00A51513) slli a0, a0, 0xa
x10 <- 0xFFFFFFFF4AFB0C00
mem[X,0x0000000080007868] -> 0x0513
mem[X,0x000000008000786A] -> 0x0CE5
[7711] [M]: 0x0000000080007868 (0x0CE50513) addi a0, a0, 0xce
x10 <- 0xFFFFFFFF4AFB0CCE
mem[X,0x000000008000786C] -> 0x0593
mem[X,0x000000008000786E] -> 0x0000
[7712] [M]: 0x000000008000786C (0x00000593) addi a1, zero, 0x0
x11 <- 0x0000000000000000
mem[X,0x0000000080007870] -> 0x063B
mem[X,0x0000000080007872] -> 0x40B5
[7713] [M]: 0x0000000080007870 (0x40B5063B) subw a2, a0, a1
x12 <- 0x000000004AFB0CCE
mem[X,0x0000000080007874] -> 0xB423
mem[X,0x0000000080007876] -> 0x32C2
[7714] [M]: 0x0000000080007874 (0x32C2B423) sd a2, 0x328(t0)
mem[0x000000008000C4D0] <- 0x000000004AFB0CCE
mem[X,0x0000000080007878] -> 0x0537
mem[X,0x000000008000787A] -> 0x0000
[7715] [M]: 0x0000000080007878 (0x00000537) lui a0, 0x0
x10 <- 0x0000000000000000
mem[X,0x000000008000787C] -> 0x0513
mem[X,0x000000008000787E] -> 0xFFF5
[7716] [M]: 0x000000008000787C (0xFFF50513) addi a0, a0, -0x1
x10 <- 0xFFFFFFFFFFFFFFFF
mem[X,0x0000000080007880] -> 0x1513
mem[X,0x0000000080007882] -> 0x00B5
[7717] [M]: 0x0000000080007880 (0x00B51513) slli a0, a0, 0xb
x10 <- 0xFFFFFFFFFFFFF800
mem[X,0x0000000080007884] -> 0x0513
mem[X,0x0000000080007886] -> 0x2575
[7718] [M]: 0x0000000080007884 (0x25750513) addi a0, a0, 0x257
x10 <- 0xFFFFFFFFFFFFFA57
mem[X,0x0000000080007888] -> 0x1513
mem[X,0x000000008000788A] -> 0x00B5
[7719] [M]: 0x0000000080007888 (0x00B51513) slli a0, a0, 0xb
x10 <- 0xFFFFFFFFFFD2B800
mem[X,0x000000008000788C] -> 0x0513
mem[X,0x000000008000788E] -> 0x6C35
[7720] [M]: 0x000000008000788C (0x6C350513) addi a0, a0, 0x6c3
x10 <- 0xFFFFFFFFFFD2BEC3
mem[X,0x0000000080007890] -> 0x1513
mem[X,0x0000000080007892] -> 0x00A5
[7721] [M]: 0x0000000080007890 (0x00A51513) slli a0, a0, 0xa
x10 <- 0xFFFFFFFF4AFB0C00
mem[X,0x0000000080007894] -> 0x0513
mem[X,0x0000000080007896] -> 0x0CE5
[7722] [M]: 0x0000000080007894 (0x0CE50513) addi a0, a0, 0xce
x10 <- 0xFFFFFFFF4AFB0CCE
mem[X,0x0000000080007898] -> 0x0593
mem[X,0x000000008000789A] -> 0x0040
[7723] [M]: 0x0000000080007898 (0x00400593) addi a1, zero, 0x4
x11 <- 0x0000000000000004
mem[X,0x000000008000789C] -> 0x063B
mem[X,0x000000008000789E] -> 0x40B5
[7724] [M]: 0x000000008000789C (0x40B5063B) subw a2, a0, a1
x12 <- 0x000000004AFB0CCA
mem[X,0x00000000800078A0] -> 0xB823
mem[X,0x00000000800078A2] -> 0x32C2
[7725] [M]: 0x00000000800078A0 (0x32C2B823) sd a2, 0x330(t0)
mem[0x000000008000C4D8] <- 0x000000004AFB0CCA
mem[X,0x00000000800078A4] -> 0x0537
mem[X,0x00000000800078A6] -> 0x0000
[7726] [M]: 0x00000000800078A4 (0x00000537) lui a0, 0x0
x10 <- 0x0000000000000000
mem[X,0x00000000800078A8] -> 0x0513
mem[X,0x00000000800078AA] -> 0xFFF5
[7727] [M]: 0x00000000800078A8 (0xFFF50513) addi a0, a0, -0x1
x10 <- 0xFFFFFFFFFFFFFFFF
mem[X,0x00000000800078AC] -> 0x1513
mem[X,0x00000000800078AE] -> 0x00B5
[7728] [M]: 0x00000000800078AC (0x00B51513) slli a0, a0, 0xb
x10 <- 0xFFFFFFFFFFFFF800
mem[X,0x00000000800078B0] -> 0x0513
mem[X,0x00000000800078B2] -> 0x2575
[7729] [M]: 0x00000000800078B0 (0x25750513) addi a0, a0, 0x257
x10 <- 0xFFFFFFFFFFFFFA57
mem[X,0x00000000800078B4] -> 0x1513
mem[X,0x00000000800078B6] -> 0x00B5
[7730] [M]: 0x00000000800078B4 (0x00B51513) slli a0, a0, 0xb
x10 <- 0xFFFFFFFFFFD2B800
mem[X,0x00000000800078B8] -> 0x0513
mem[X,0x00000000800078BA] -> 0x6C35
[7731] [M]: 0x00000000800078B8 (0x6C350513) addi a0, a0, 0x6c3
x10 <- 0xFFFFFFFFFFD2BEC3
mem[X,0x00000000800078BC] -> 0x1513
mem[X,0x00000000800078BE] -> 0x00A5
[7732] [M]: 0x00000000800078BC (0x00A51513) slli a0, a0, 0xa
x10 <- 0xFFFFFFFF4AFB0C00
mem[X,0x00000000800078C0] -> 0x0513
mem[X,0x00000000800078C2] -> 0x0CE5
[7733] [M]: 0x00000000800078C0 (0x0CE50513) addi a0, a0, 0xce
x10 <- 0xFFFFFFFF4AFB0CCE
mem[X,0x00000000800078C4] -> 0x35B7
mem[X,0x00000000800078C6] -> 0x3333
[7734] [M]: 0x00000000800078C4 (0x333335B7) lui a1, 0x33333
x11 <- 0x0000000033333000
mem[X,0x00000000800078C8] -> 0x8593
mem[X,0x00000000800078CA] -> 0x3335
[7735] [M]: 0x00000000800078C8 (0x33358593) addi a1, a1, 0x333
x11 <- 0x0000000033333333
mem[X,0x00000000800078CC] -> 0x9593
mem[X,0x00000000800078CE] -> 0x00B5
[7736] [M]: 0x00000000800078CC (0x00B59593) slli a1, a1, 0xb
x11 <- 0x0000019999999800
mem[X,0x00000000800078D0] -> 0x8593
mem[X,0x00000000800078D2] -> 0x1995
[7737] [M]: 0x00000000800078D0 (0x19958593) addi a1, a1, 0x199
x11 <- 0x0000019999999999
mem[X,0x00000000800078D4] -> 0x9593
mem[X,0x00000000800078D6] -> 0x00B5
[7738] [M]: 0x00000000800078D4 (0x00B59593) slli a1, a1, 0xb
x11 <- 0x000CCCCCCCCCC800
mem[X,0x00000000800078D8] -> 0x8593
mem[X,0x00000000800078DA] -> 0x4CC5
[7739] [M]: 0x00000000800078D8 (0x4CC58593) addi a1, a1, 0x4cc
x11 <- 0x000CCCCCCCCCCCCC
mem[X,0x00000000800078DC] -> 0x9593
mem[X,0x00000000800078DE] -> 0x00A5
[7740] [M]: 0x00000000800078DC (0x00A59593) slli a1, a1, 0xa
x11 <- 0x3333333333333000
mem[X,0x00000000800078E0] -> 0x8593
mem[X,0x00000000800078E2] -> 0x3325
[7741] [M]: 0x00000000800078E0 (0x33258593) addi a1, a1, 0x332
x11 <- 0x3333333333333332
mem[X,0x00000000800078E4] -> 0x063B
mem[X,0x00000000800078E6] -> 0x40B5
[7742] [M]: 0x00000000800078E4 (0x40B5063B) subw a2, a0, a1
x12 <- 0x0000000017C7D99C
mem[X,0x00000000800078E8] -> 0xBC23
mem[X,0x00000000800078EA] -> 0x32C2
[7743] [M]: 0x00000000800078E8 (0x32C2BC23) sd a2, 0x338(t0)
mem[0x000000008000C4E0] <- 0x0000000017C7D99C
mem[X,0x00000000800078EC] -> 0x0537
mem[X,0x00000000800078EE] -> 0x0000
[7744] [M]: 0x00000000800078EC (0x00000537) lui a0, 0x0
x10 <- 0x0000000000000000
mem[X,0x00000000800078F0] -> 0x0513
mem[X,0x00000000800078F2] -> 0xFFF5
[7745] [M]: 0x00000000800078F0 (0xFFF50513) addi a0, a0, -0x1
x10 <- 0xFFFFFFFFFFFFFFFF
mem[X,0x00000000800078F4] -> 0x1513
mem[X,0x00000000800078F6] -> 0x00B5
[7746] [M]: 0x00000000800078F4 (0x00B51513) slli a0, a0, 0xb
x10 <- 0xFFFFFFFFFFFFF800
mem[X,0x00000000800078F8] -> 0x0513
mem[X,0x00000000800078FA] -> 0x2575
[7747] [M]: 0x00000000800078F8 (0x25750513) addi a0, a0, 0x257
x10 <- 0xFFFFFFFFFFFFFA57
mem[X,0x00000000800078FC] -> 0x1513
mem[X,0x00000000800078FE] -> 0x00B5
[7748] [M]: 0x00000000800078FC (0x00B51513) slli a0, a0, 0xb
x10 <- 0xFFFFFFFFFFD2B800
mem[X,0x0000000080007900] -> 0x0513
mem[X,0x0000000080007902] -> 0x6C35
[7749] [M]: 0x0000000080007900 (0x6C350513) addi a0, a0, 0x6c3
x10 <- 0xFFFFFFFFFFD2BEC3
mem[X,0x0000000080007904] -> 0x1513
mem[X,0x0000000080007906] -> 0x00A5
[7750] [M]: 0x0000000080007904 (0x00A51513) slli a0, a0, 0xa
x10 <- 0xFFFFFFFF4AFB0C00
mem[X,0x0000000080007908] -> 0x0513
mem[X,0x000000008000790A] -> 0x0CE5
[7751] [M]: 0x0000000080007908 (0x0CE50513) addi a0, a0, 0xce
x10 <- 0xFFFFFFFF4AFB0CCE
mem[X,0x000000008000790C] -> 0x65B7
mem[X,0x000000008000790E] -> 0x6666
[7752] [M]: 0x000000008000790C (0x666665B7) lui a1, 0x66666
x11 <- 0x0000000066666000
mem[X,0x0000000080007910] -> 0x8593
mem[X,0x0000000080007912] -> 0x6665
[7753] [M]: 0x0000000080007910 (0x66658593) addi a1, a1, 0x666
x11 <- 0x0000000066666666
mem[X,0x0000000080007914] -> 0x9593
mem[X,0x0000000080007916] -> 0x00B5
[7754] [M]: 0x0000000080007914 (0x00B59593) slli a1, a1, 0xb
x11 <- 0x0000033333333000
mem[X,0x0000000080007918] -> 0x8593
mem[X,0x000000008000791A] -> 0x3335
[7755] [M]: 0x0000000080007918 (0x33358593) addi a1, a1, 0x333
x11 <- 0x0000033333333333
mem[X,0x000000008000791C] -> 0x9593
mem[X,0x000000008000791E] -> 0x00B5
[7756] [M]: 0x000000008000791C (0x00B59593) slli a1, a1, 0xb
x11 <- 0x0019999999999800
mem[X,0x0000000080007920] -> 0x8593
mem[X,0x0000000080007922] -> 0x1995
[7757] [M]: 0x0000000080007920 (0x19958593) addi a1, a1, 0x199
x11 <- 0x0019999999999999
mem[X,0x0000000080007924] -> 0x9593
mem[X,0x0000000080007926] -> 0x00A5
[7758] [M]: 0x0000000080007924 (0x00A59593) slli a1, a1, 0xa
x11 <- 0x6666666666666400
mem[X,0x0000000080007928] -> 0x8593
mem[X,0x000000008000792A] -> 0x2655
[7759] [M]: 0x0000000080007928 (0x26558593) addi a1, a1, 0x265
x11 <- 0x6666666666666665
mem[X,0x000000008000792C] -> 0x063B
mem[X,0x000000008000792E] -> 0x40B5
[7760] [M]: 0x000000008000792C (0x40B5063B) subw a2, a0, a1
x12 <- 0xFFFFFFFFE494A669
mem[X,0x0000000080007930] -> 0xB023
mem[X,0x0000000080007932] -> 0x34C2
[7761] [M]: 0x0000000080007930 (0x34C2B023) sd a2, 0x340(t0)
mem[0x000000008000C4E8] <- 0xFFFFFFFFE494A669
mem[X,0x0000000080007934] -> 0x0537
mem[X,0x0000000080007936] -> 0x0000
[7762] [M]: 0x0000000080007934 (0x00000537) lui a0, 0x0
x10 <- 0x0000000000000000
mem[X,0x0000000080007938] -> 0x0513
mem[X,0x000000008000793A] -> 0xFFF5
[7763] [M]: 0x0000000080007938 (0xFFF50513) addi a0, a0, -0x1
x10 <- 0xFFFFFFFFFFFFFFFF
mem[X,0x000000008000793C] -> 0x1513
mem[X,0x000000008000793E] -> 0x00B5
[7764] [M]: 0x000000008000793C (0x00B51513) slli a0, a0, 0xb
x10 <- 0xFFFFFFFFFFFFF800
mem[X,0x0000000080007940] -> 0x0513
mem[X,0x0000000080007942] -> 0x2575
[7765] [M]: 0x0000000080007940 (0x25750513) addi a0, a0, 0x257
x10 <- 0xFFFFFFFFFFFFFA57
mem[X,0x0000000080007944] -> 0x1513
mem[X,0x0000000080007946] -> 0x00B5
[7766] [M]: 0x0000000080007944 (0x00B51513) slli a0, a0, 0xb
x10 <- 0xFFFFFFFFFFD2B800
mem[X,0x0000000080007948] -> 0x0513
mem[X,0x000000008000794A] -> 0x6C35
[7767] [M]: 0x0000000080007948 (0x6C350513) addi a0, a0, 0x6c3
x10 <- 0xFFFFFFFFFFD2BEC3
mem[X,0x000000008000794C] -> 0x1513
mem[X,0x000000008000794E] -> 0x00A5
[7768] [M]: 0x000000008000794C (0x00A51513) slli a0, a0, 0xa
x10 <- 0xFFFFFFFF4AFB0C00
mem[X,0x0000000080007950] -> 0x0513
mem[X,0x0000000080007952] -> 0x0CE5
[7769] [M]: 0x0000000080007950 (0x0CE50513) addi a0, a0, 0xce
x10 <- 0xFFFFFFFF4AFB0CCE
mem[X,0x0000000080007954] -> 0x05B7
mem[X,0x0000000080007956] -> 0x0000
[7770] [M]: 0x0000000080007954 (0x000005B7) lui a1, 0x0
x11 <- 0x0000000000000000
mem[X,0x0000000080007958] -> 0x8593
mem[X,0x000000008000795A] -> 0x0005
[7771] [M]: 0x0000000080007958 (0x00058593) addi a1, a1, 0x0
x11 <- 0x0000000000000000
mem[X,0x000000008000795C] -> 0x9593
mem[X,0x000000008000795E] -> 0x00B5
[7772] [M]: 0x000000008000795C (0x00B59593) slli a1, a1, 0xb
x11 <- 0x0000000000000000
mem[X,0x0000000080007960] -> 0x8593
mem[X,0x0000000080007962] -> 0x5A85
[7773] [M]: 0x0000000080007960 (0x5A858593) addi a1, a1, 0x5a8
x11 <- 0x00000000000005A8
mem[X,0x0000000080007964] -> 0x9593
mem[X,0x0000000080007966] -> 0x00B5
[7774] [M]: 0x0000000080007964 (0x00B59593) slli a1, a1, 0xb
x11 <- 0x00000000002D4000
mem[X,0x0000000080007968] -> 0x8593
mem[X,0x000000008000796A] -> 0x13C5
[7775] [M]: 0x0000000080007968 (0x13C58593) addi a1, a1, 0x13c
x11 <- 0x00000000002D413C
mem[X,0x000000008000796C] -> 0x9593
mem[X,0x000000008000796E] -> 0x00A5
[7776] [M]: 0x000000008000796C (0x00A59593) slli a1, a1, 0xa
x11 <- 0x00000000B504F000
mem[X,0x0000000080007970] -> 0x8593
mem[X,0x0000000080007972] -> 0x3325
[7777] [M]: 0x0000000080007970 (0x33258593) addi a1, a1, 0x332
x11 <- 0x00000000B504F332
mem[X,0x0000000080007974] -> 0x063B
mem[X,0x0000000080007976] -> 0x40B5
[7778] [M]: 0x0000000080007974 (0x40B5063B) subw a2, a0, a1
x12 <- 0xFFFFFFFF95F6199C
mem[X,0x0000000080007978] -> 0xB423
mem[X,0x000000008000797A] -> 0x34C2
[7779] [M]: 0x0000000080007978 (0x34C2B423) sd a2, 0x348(t0)
mem[0x000000008000C4F0] <- 0xFFFFFFFF95F6199C
mem[X,0x000000008000797C] -> 0x0537
mem[X,0x000000008000797E] -> 0x0000
[7780] [M]: 0x000000008000797C (0x00000537) lui a0, 0x0
x10 <- 0x0000000000000000
mem[X,0x0000000080007980] -> 0x0513
mem[X,0x0000000080007982] -> 0xFFF5
[7781] [M]: 0x0000000080007980 (0xFFF50513) addi a0, a0, -0x1
x10 <- 0xFFFFFFFFFFFFFFFF
mem[X,0x0000000080007984] -> 0x1513
mem[X,0x0000000080007986] -> 0x00B5
[7782] [M]: 0x0000000080007984 (0x00B51513) slli a0, a0, 0xb
x10 <- 0xFFFFFFFFFFFFF800
mem[X,0x0000000080007988] -> 0x0513
mem[X,0x000000008000798A] -> 0x2575
[7783] [M]: 0x0000000080007988 (0x25750513) addi a0, a0, 0x257
x10 <- 0xFFFFFFFFFFFFFA57
mem[X,0x000000008000798C] -> 0x1513
mem[X,0x000000008000798E] -> 0x00B5
[7784] [M]: 0x000000008000798C (0x00B51513) slli a0, a0, 0xb
x10 <- 0xFFFFFFFFFFD2B800
mem[X,0x0000000080007990] -> 0x0513
mem[X,0x0000000080007992] -> 0x6C35
[7785] [M]: 0x0000000080007990 (0x6C350513) addi a0, a0, 0x6c3
x10 <- 0xFFFFFFFFFFD2BEC3
mem[X,0x0000000080007994] -> 0x1513
mem[X,0x0000000080007996] -> 0x00A5
[7786] [M]: 0x0000000080007994 (0x00A51513) slli a0, a0, 0xa
x10 <- 0xFFFFFFFF4AFB0C00
mem[X,0x0000000080007998] -> 0x0513
mem[X,0x000000008000799A] -> 0x0CE5
[7787] [M]: 0x0000000080007998 (0x0CE50513) addi a0, a0, 0xce
x10 <- 0xFFFFFFFF4AFB0CCE
mem[X,0x000000008000799C] -> 0x55B7
mem[X,0x000000008000799E] -> 0x5555
[7788] [M]: 0x000000008000799C (0x555555B7) lui a1, 0x55555
x11 <- 0x0000000055555000
mem[X,0x00000000800079A0] -> 0x8593
mem[X,0x00000000800079A2] -> 0x5555
[7789] [M]: 0x00000000800079A0 (0x55558593) addi a1, a1, 0x555
x11 <- 0x0000000055555555
mem[X,0x00000000800079A4] -> 0x9593
mem[X,0x00000000800079A6] -> 0x00B5
[7790] [M]: 0x00000000800079A4 (0x00B59593) slli a1, a1, 0xb
x11 <- 0x000002AAAAAAA800
mem[X,0x00000000800079A8] -> 0x8593
mem[X,0x00000000800079AA] -> 0x2AA5
[7791] [M]: 0x00000000800079A8 (0x2AA58593) addi a1, a1, 0x2aa
x11 <- 0x000002AAAAAAAAAA
mem[X,0x00000000800079AC] -> 0x9593
mem[X,0x00000000800079AE] -> 0x00B5
[7792] [M]: 0x00000000800079AC (0x00B59593) slli a1, a1, 0xb
x11 <- 0x0015555555555000
mem[X,0x00000000800079B0] -> 0x8593
mem[X,0x00000000800079B2] -> 0x5555
[7793] [M]: 0x00000000800079B0 (0x55558593) addi a1, a1, 0x555
x11 <- 0x0015555555555555
mem[X,0x00000000800079B4] -> 0x9593
mem[X,0x00000000800079B6] -> 0x00A5
[7794] [M]: 0x00000000800079B4 (0x00A59593) slli a1, a1, 0xa
x11 <- 0x5555555555555400
mem[X,0x00000000800079B8] -> 0x8593
mem[X,0x00000000800079BA] -> 0x1565
[7795] [M]: 0x00000000800079B8 (0x15658593) addi a1, a1, 0x156
x11 <- 0x5555555555555556
mem[X,0x00000000800079BC] -> 0x063B
mem[X,0x00000000800079BE] -> 0x40B5
[7796] [M]: 0x00000000800079BC (0x40B5063B) subw a2, a0, a1
x12 <- 0xFFFFFFFFF5A5B778
mem[X,0x00000000800079C0] -> 0xB823
mem[X,0x00000000800079C2] -> 0x34C2
[7797] [M]: 0x00000000800079C0 (0x34C2B823) sd a2, 0x350(t0)
mem[0x000000008000C4F8] <- 0xFFFFFFFFF5A5B778
mem[X,0x00000000800079C4] -> 0x0537
mem[X,0x00000000800079C6] -> 0x0000
[7798] [M]: 0x00000000800079C4 (0x00000537) lui a0, 0x0
x10 <- 0x0000000000000000
mem[X,0x00000000800079C8] -> 0x0513
mem[X,0x00000000800079CA] -> 0xFFF5
[7799] [M]: 0x00000000800079C8 (0xFFF50513) addi a0, a0, -0x1
x10 <- 0xFFFFFFFFFFFFFFFF
clint::tick mtime <- 0x000000000000004E
 clint timer pending at mtime 0x000000000000004E
htif::tick 0x0000000000000000
mem[X,0x00000000800079CC] -> 0x1513
mem[X,0x00000000800079CE] -> 0x00B5
[7800] [M]: 0x00000000800079CC (0x00B51513) slli a0, a0, 0xb
x10 <- 0xFFFFFFFFFFFFF800
mem[X,0x00000000800079D0] -> 0x0513
mem[X,0x00000000800079D2] -> 0x2575
[7801] [M]: 0x00000000800079D0 (0x25750513) addi a0, a0, 0x257
x10 <- 0xFFFFFFFFFFFFFA57
mem[X,0x00000000800079D4] -> 0x1513
mem[X,0x00000000800079D6] -> 0x00B5
[7802] [M]: 0x00000000800079D4 (0x00B51513) slli a0, a0, 0xb
x10 <- 0xFFFFFFFFFFD2B800
mem[X,0x00000000800079D8] -> 0x0513
mem[X,0x00000000800079DA] -> 0x6C35
[7803] [M]: 0x00000000800079D8 (0x6C350513) addi a0, a0, 0x6c3
x10 <- 0xFFFFFFFFFFD2BEC3
mem[X,0x00000000800079DC] -> 0x1513
mem[X,0x00000000800079DE] -> 0x00A5
[7804] [M]: 0x00000000800079DC (0x00A51513) slli a0, a0, 0xa
x10 <- 0xFFFFFFFF4AFB0C00
mem[X,0x00000000800079E0] -> 0x0513
mem[X,0x00000000800079E2] -> 0x0CE5
[7805] [M]: 0x00000000800079E0 (0x0CE50513) addi a0, a0, 0xce
x10 <- 0xFFFFFFFF4AFB0CCE
mem[X,0x00000000800079E4] -> 0xB5B7
mem[X,0x00000000800079E6] -> 0xAAAA
[7806] [M]: 0x00000000800079E4 (0xAAAAB5B7) lui a1, -0x55555
x11 <- 0xFFFFFFFFAAAAB000
mem[X,0x00000000800079E8] -> 0x8593
mem[X,0x00000000800079EA] -> 0xAAA5
[7807] [M]: 0x00000000800079E8 (0xAAA58593) addi a1, a1, -0x556
x11 <- 0xFFFFFFFFAAAAAAAA
mem[X,0x00000000800079EC] -> 0x9593
mem[X,0x00000000800079EE] -> 0x00B5
[7808] [M]: 0x00000000800079EC (0x00B59593) slli a1, a1, 0xb
x11 <- 0xFFFFFD5555555000
mem[X,0x00000000800079F0] -> 0x8593
mem[X,0x00000000800079F2] -> 0x5555
[7809] [M]: 0x00000000800079F0 (0x55558593) addi a1, a1, 0x555
x11 <- 0xFFFFFD5555555555
mem[X,0x00000000800079F4] -> 0x9593
mem[X,0x00000000800079F6] -> 0x00B5
[7810] [M]: 0x00000000800079F4 (0x00B59593) slli a1, a1, 0xb
x11 <- 0xFFEAAAAAAAAAA800
mem[X,0x00000000800079F8] -> 0x8593
mem[X,0x00000000800079FA] -> 0x2AA5
[7811] [M]: 0x00000000800079F8 (0x2AA58593) addi a1, a1, 0x2aa
x11 <- 0xFFEAAAAAAAAAAAAA
mem[X,0x00000000800079FC] -> 0x9593
mem[X,0x00000000800079FE] -> 0x00A5
[7812] [M]: 0x00000000800079FC (0x00A59593) slli a1, a1, 0xa
x11 <- 0xAAAAAAAAAAAAA800
mem[X,0x0000000080007A00] -> 0x8593
mem[X,0x0000000080007A02] -> 0x2AB5
[7813] [M]: 0x0000000080007A00 (0x2AB58593) addi a1, a1, 0x2ab
x11 <- 0xAAAAAAAAAAAAAAAB
mem[X,0x0000000080007A04] -> 0x063B
mem[X,0x0000000080007A06] -> 0x40B5
[7814] [M]: 0x0000000080007A04 (0x40B5063B) subw a2, a0, a1
x12 <- 0xFFFFFFFFA0506223
mem[X,0x0000000080007A08] -> 0xBC23
mem[X,0x0000000080007A0A] -> 0x34C2
[7815] [M]: 0x0000000080007A08 (0x34C2BC23) sd a2, 0x358(t0)
mem[0x000000008000C500] <- 0xFFFFFFFFA0506223
mem[X,0x0000000080007A0C] -> 0x0537
mem[X,0x0000000080007A0E] -> 0x0000
[7816] [M]: 0x0000000080007A0C (0x00000537) lui a0, 0x0
x10 <- 0x0000000000000000
mem[X,0x0000000080007A10] -> 0x0513
mem[X,0x0000000080007A12] -> 0xFFF5
[7817] [M]: 0x0000000080007A10 (0xFFF50513) addi a0, a0, -0x1
x10 <- 0xFFFFFFFFFFFFFFFF
mem[X,0x0000000080007A14] -> 0x1513
mem[X,0x0000000080007A16] -> 0x00B5
[7818] [M]: 0x0000000080007A14 (0x00B51513) slli a0, a0, 0xb
x10 <- 0xFFFFFFFFFFFFF800
mem[X,0x0000000080007A18] -> 0x0513
mem[X,0x0000000080007A1A] -> 0x2575
[7819] [M]: 0x0000000080007A18 (0x25750513) addi a0, a0, 0x257
x10 <- 0xFFFFFFFFFFFFFA57
mem[X,0x0000000080007A1C] -> 0x1513
mem[X,0x0000000080007A1E] -> 0x00B5
[7820] [M]: 0x0000000080007A1C (0x00B51513) slli a0, a0, 0xb
x10 <- 0xFFFFFFFFFFD2B800
mem[X,0x0000000080007A20] -> 0x0513
mem[X,0x0000000080007A22] -> 0x6C35
[7821] [M]: 0x0000000080007A20 (0x6C350513) addi a0, a0, 0x6c3
x10 <- 0xFFFFFFFFFFD2BEC3
mem[X,0x0000000080007A24] -> 0x1513
mem[X,0x0000000080007A26] -> 0x00A5
[7822] [M]: 0x0000000080007A24 (0x00A51513) slli a0, a0, 0xa
x10 <- 0xFFFFFFFF4AFB0C00
mem[X,0x0000000080007A28] -> 0x0513
mem[X,0x0000000080007A2A] -> 0x0CE5
[7823] [M]: 0x0000000080007A28 (0x0CE50513) addi a0, a0, 0xce
x10 <- 0xFFFFFFFF4AFB0CCE
mem[X,0x0000000080007A2C] -> 0x0593
mem[X,0x0000000080007A2E] -> 0x0060
[7824] [M]: 0x0000000080007A2C (0x00600593) addi a1, zero, 0x6
x11 <- 0x0000000000000006
mem[X,0x0000000080007A30] -> 0x063B
mem[X,0x0000000080007A32] -> 0x40B5
[7825] [M]: 0x0000000080007A30 (0x40B5063B) subw a2, a0, a1
x12 <- 0x000000004AFB0CC8
mem[X,0x0000000080007A34] -> 0xB023
mem[X,0x0000000080007A36] -> 0x36C2
[7826] [M]: 0x0000000080007A34 (0x36C2B023) sd a2, 0x360(t0)
mem[0x000000008000C508] <- 0x000000004AFB0CC8
mem[X,0x0000000080007A38] -> 0x0537
mem[X,0x0000000080007A3A] -> 0x0000
[7827] [M]: 0x0000000080007A38 (0x00000537) lui a0, 0x0
x10 <- 0x0000000000000000
mem[X,0x0000000080007A3C] -> 0x0513
mem[X,0x0000000080007A3E] -> 0xFFF5
[7828] [M]: 0x0000000080007A3C (0xFFF50513) addi a0, a0, -0x1
x10 <- 0xFFFFFFFFFFFFFFFF
mem[X,0x0000000080007A40] -> 0x1513
mem[X,0x0000000080007A42] -> 0x00B5
[7829] [M]: 0x0000000080007A40 (0x00B51513) slli a0, a0, 0xb
x10 <- 0xFFFFFFFFFFFFF800
mem[X,0x0000000080007A44] -> 0x0513
mem[X,0x0000000080007A46] -> 0x2575
[7830] [M]: 0x0000000080007A44 (0x25750513) addi a0, a0, 0x257
x10 <- 0xFFFFFFFFFFFFFA57
mem[X,0x0000000080007A48] -> 0x1513
mem[X,0x0000000080007A4A] -> 0x00B5
[7831] [M]: 0x0000000080007A48 (0x00B51513) slli a0, a0, 0xb
x10 <- 0xFFFFFFFFFFD2B800
mem[X,0x0000000080007A4C] -> 0x0513
mem[X,0x0000000080007A4E] -> 0x6C35
[7832] [M]: 0x0000000080007A4C (0x6C350513) addi a0, a0, 0x6c3
x10 <- 0xFFFFFFFFFFD2BEC3
mem[X,0x0000000080007A50] -> 0x1513
mem[X,0x0000000080007A52] -> 0x00A5
[7833] [M]: 0x0000000080007A50 (0x00A51513) slli a0, a0, 0xa
x10 <- 0xFFFFFFFF4AFB0C00
mem[X,0x0000000080007A54] -> 0x0513
mem[X,0x0000000080007A56] -> 0x0CE5
[7834] [M]: 0x0000000080007A54 (0x0CE50513) addi a0, a0, 0xce
x10 <- 0xFFFFFFFF4AFB0CCE
mem[X,0x0000000080007A58] -> 0x35B7
mem[X,0x0000000080007A5A] -> 0x3333
[7835] [M]: 0x0000000080007A58 (0x333335B7) lui a1, 0x33333
x11 <- 0x0000000033333000
mem[X,0x0000000080007A5C] -> 0x8593
mem[X,0x0000000080007A5E] -> 0x3335
[7836] [M]: 0x0000000080007A5C (0x33358593) addi a1, a1, 0x333
x11 <- 0x0000000033333333
mem[X,0x0000000080007A60] -> 0x9593
mem[X,0x0000000080007A62] -> 0x00B5
[7837] [M]: 0x0000000080007A60 (0x00B59593) slli a1, a1, 0xb
x11 <- 0x0000019999999800
mem[X,0x0000000080007A64] -> 0x8593
mem[X,0x0000000080007A66] -> 0x1995
[7838] [M]: 0x0000000080007A64 (0x19958593) addi a1, a1, 0x199
x11 <- 0x0000019999999999
mem[X,0x0000000080007A68] -> 0x9593
mem[X,0x0000000080007A6A] -> 0x00B5
[7839] [M]: 0x0000000080007A68 (0x00B59593) slli a1, a1, 0xb
x11 <- 0x000CCCCCCCCCC800
mem[X,0x0000000080007A6C] -> 0x8593
mem[X,0x0000000080007A6E] -> 0x4CC5
[7840] [M]: 0x0000000080007A6C (0x4CC58593) addi a1, a1, 0x4cc
x11 <- 0x000CCCCCCCCCCCCC
mem[X,0x0000000080007A70] -> 0x9593
mem[X,0x0000000080007A72] -> 0x00A5
[7841] [M]: 0x0000000080007A70 (0x00A59593) slli a1, a1, 0xa
x11 <- 0x3333333333333000
mem[X,0x0000000080007A74] -> 0x8593
mem[X,0x0000000080007A76] -> 0x3345
[7842] [M]: 0x0000000080007A74 (0x33458593) addi a1, a1, 0x334
x11 <- 0x3333333333333334
mem[X,0x0000000080007A78] -> 0x063B
mem[X,0x0000000080007A7A] -> 0x40B5
[7843] [M]: 0x0000000080007A78 (0x40B5063B) subw a2, a0, a1
x12 <- 0x0000000017C7D99A
mem[X,0x0000000080007A7C] -> 0xB423
mem[X,0x0000000080007A7E] -> 0x36C2
[7844] [M]: 0x0000000080007A7C (0x36C2B423) sd a2, 0x368(t0)
mem[0x000000008000C510] <- 0x0000000017C7D99A
mem[X,0x0000000080007A80] -> 0x0537
mem[X,0x0000000080007A82] -> 0x0000
[7845] [M]: 0x0000000080007A80 (0x00000537) lui a0, 0x0
x10 <- 0x0000000000000000
mem[X,0x0000000080007A84] -> 0x0513
mem[X,0x0000000080007A86] -> 0xFFF5
[7846] [M]: 0x0000000080007A84 (0xFFF50513) addi a0, a0, -0x1
x10 <- 0xFFFFFFFFFFFFFFFF
mem[X,0x0000000080007A88] -> 0x1513
mem[X,0x0000000080007A8A] -> 0x00B5
[7847] [M]: 0x0000000080007A88 (0x00B51513) slli a0, a0, 0xb
x10 <- 0xFFFFFFFFFFFFF800
mem[X,0x0000000080007A8C] -> 0x0513
mem[X,0x0000000080007A8E] -> 0x2575
[7848] [M]: 0x0000000080007A8C (0x25750513) addi a0, a0, 0x257
x10 <- 0xFFFFFFFFFFFFFA57
mem[X,0x0000000080007A90] -> 0x1513
mem[X,0x0000000080007A92] -> 0x00B5
[7849] [M]: 0x0000000080007A90 (0x00B51513) slli a0, a0, 0xb
x10 <- 0xFFFFFFFFFFD2B800
mem[X,0x0000000080007A94] -> 0x0513
mem[X,0x0000000080007A96] -> 0x6C35
[7850] [M]: 0x0000000080007A94 (0x6C350513) addi a0, a0, 0x6c3
x10 <- 0xFFFFFFFFFFD2BEC3
mem[X,0x0000000080007A98] -> 0x1513
mem[X,0x0000000080007A9A] -> 0x00A5
[7851] [M]: 0x0000000080007A98 (0x00A51513) slli a0, a0, 0xa
x10 <- 0xFFFFFFFF4AFB0C00
mem[X,0x0000000080007A9C] -> 0x0513
mem[X,0x0000000080007A9E] -> 0x0CE5
[7852] [M]: 0x0000000080007A9C (0x0CE50513) addi a0, a0, 0xce
x10 <- 0xFFFFFFFF4AFB0CCE
mem[X,0x0000000080007AA0] -> 0x65B7
mem[X,0x0000000080007AA2] -> 0x6666
[7853] [M]: 0x0000000080007AA0 (0x666665B7) lui a1, 0x66666
x11 <- 0x0000000066666000
mem[X,0x0000000080007AA4] -> 0x8593
mem[X,0x0000000080007AA6] -> 0x6665
[7854] [M]: 0x0000000080007AA4 (0x66658593) addi a1, a1, 0x666
x11 <- 0x0000000066666666
mem[X,0x0000000080007AA8] -> 0x9593
mem[X,0x0000000080007AAA] -> 0x00B5
[7855] [M]: 0x0000000080007AA8 (0x00B59593) slli a1, a1, 0xb
x11 <- 0x0000033333333000
mem[X,0x0000000080007AAC] -> 0x8593
mem[X,0x0000000080007AAE] -> 0x3335
[7856] [M]: 0x0000000080007AAC (0x33358593) addi a1, a1, 0x333
x11 <- 0x0000033333333333
mem[X,0x0000000080007AB0] -> 0x9593
mem[X,0x0000000080007AB2] -> 0x00B5
[7857] [M]: 0x0000000080007AB0 (0x00B59593) slli a1, a1, 0xb
x11 <- 0x0019999999999800
mem[X,0x0000000080007AB4] -> 0x8593
mem[X,0x0000000080007AB6] -> 0x1995
[7858] [M]: 0x0000000080007AB4 (0x19958593) addi a1, a1, 0x199
x11 <- 0x0019999999999999
mem[X,0x0000000080007AB8] -> 0x9593
mem[X,0x0000000080007ABA] -> 0x00A5
[7859] [M]: 0x0000000080007AB8 (0x00A59593) slli a1, a1, 0xa
x11 <- 0x6666666666666400
mem[X,0x0000000080007ABC] -> 0x8593
mem[X,0x0000000080007ABE] -> 0x2675
[7860] [M]: 0x0000000080007ABC (0x26758593) addi a1, a1, 0x267
x11 <- 0x6666666666666667
mem[X,0x0000000080007AC0] -> 0x063B
mem[X,0x0000000080007AC2] -> 0x40B5
[7861] [M]: 0x0000000080007AC0 (0x40B5063B) subw a2, a0, a1
x12 <- 0xFFFFFFFFE494A667
mem[X,0x0000000080007AC4] -> 0xB823
mem[X,0x0000000080007AC6] -> 0x36C2
[7862] [M]: 0x0000000080007AC4 (0x36C2B823) sd a2, 0x370(t0)
mem[0x000000008000C518] <- 0xFFFFFFFFE494A667
mem[X,0x0000000080007AC8] -> 0x0537
mem[X,0x0000000080007ACA] -> 0x0000
[7863] [M]: 0x0000000080007AC8 (0x00000537) lui a0, 0x0
x10 <- 0x0000000000000000
mem[X,0x0000000080007ACC] -> 0x0513
mem[X,0x0000000080007ACE] -> 0xFFF5
[7864] [M]: 0x0000000080007ACC (0xFFF50513) addi a0, a0, -0x1
x10 <- 0xFFFFFFFFFFFFFFFF
mem[X,0x0000000080007AD0] -> 0x1513
mem[X,0x0000000080007AD2] -> 0x00B5
[7865] [M]: 0x0000000080007AD0 (0x00B51513) slli a0, a0, 0xb
x10 <- 0xFFFFFFFFFFFFF800
mem[X,0x0000000080007AD4] -> 0x0513
mem[X,0x0000000080007AD6] -> 0x2575
[7866] [M]: 0x0000000080007AD4 (0x25750513) addi a0, a0, 0x257
x10 <- 0xFFFFFFFFFFFFFA57
mem[X,0x0000000080007AD8] -> 0x1513
mem[X,0x0000000080007ADA] -> 0x00B5
[7867] [M]: 0x0000000080007AD8 (0x00B51513) slli a0, a0, 0xb
x10 <- 0xFFFFFFFFFFD2B800
mem[X,0x0000000080007ADC] -> 0x0513
mem[X,0x0000000080007ADE] -> 0x6C35
[7868] [M]: 0x0000000080007ADC (0x6C350513) addi a0, a0, 0x6c3
x10 <- 0xFFFFFFFFFFD2BEC3
mem[X,0x0000000080007AE0] -> 0x1513
mem[X,0x0000000080007AE2] -> 0x00A5
[7869] [M]: 0x0000000080007AE0 (0x00A51513) slli a0, a0, 0xa
x10 <- 0xFFFFFFFF4AFB0C00
mem[X,0x0000000080007AE4] -> 0x0513
mem[X,0x0000000080007AE6] -> 0x0CE5
[7870] [M]: 0x0000000080007AE4 (0x0CE50513) addi a0, a0, 0xce
x10 <- 0xFFFFFFFF4AFB0CCE
mem[X,0x0000000080007AE8] -> 0x05B7
mem[X,0x0000000080007AEA] -> 0x0000
[7871] [M]: 0x0000000080007AE8 (0x000005B7) lui a1, 0x0
x11 <- 0x0000000000000000
mem[X,0x0000000080007AEC] -> 0x8593
mem[X,0x0000000080007AEE] -> 0xFFF5
[7872] [M]: 0x0000000080007AEC (0xFFF58593) addi a1, a1, -0x1
x11 <- 0xFFFFFFFFFFFFFFFF
mem[X,0x0000000080007AF0] -> 0x9593
mem[X,0x0000000080007AF2] -> 0x00B5
[7873] [M]: 0x0000000080007AF0 (0x00B59593) slli a1, a1, 0xb
x11 <- 0xFFFFFFFFFFFFF800
mem[X,0x0000000080007AF4] -> 0x8593
mem[X,0x0000000080007AF6] -> 0x2575
[7874] [M]: 0x0000000080007AF4 (0x25758593) addi a1, a1, 0x257
x11 <- 0xFFFFFFFFFFFFFA57
mem[X,0x0000000080007AF8] -> 0x9593
mem[X,0x0000000080007AFA] -> 0x00B5
[7875] [M]: 0x0000000080007AF8 (0x00B59593) slli a1, a1, 0xb
x11 <- 0xFFFFFFFFFFD2B800
mem[X,0x0000000080007AFC] -> 0x8593
mem[X,0x0000000080007AFE] -> 0x6C35
[7876] [M]: 0x0000000080007AFC (0x6C358593) addi a1, a1, 0x6c3
x11 <- 0xFFFFFFFFFFD2BEC3
mem[X,0x0000000080007B00] -> 0x9593
mem[X,0x0000000080007B02] -> 0x00A5
[7877] [M]: 0x0000000080007B00 (0x00A59593) slli a1, a1, 0xa
x11 <- 0xFFFFFFFF4AFB0C00
mem[X,0x0000000080007B04] -> 0x8593
mem[X,0x0000000080007B06] -> 0x0CE5
[7878] [M]: 0x0000000080007B04 (0x0CE58593) addi a1, a1, 0xce
x11 <- 0xFFFFFFFF4AFB0CCE
mem[X,0x0000000080007B08] -> 0x063B
mem[X,0x0000000080007B0A] -> 0x40B5
[7879] [M]: 0x0000000080007B08 (0x40B5063B) subw a2, a0, a1
x12 <- 0x0000000000000000
mem[X,0x0000000080007B0C] -> 0xBC23
mem[X,0x0000000080007B0E] -> 0x36C2
[7880] [M]: 0x0000000080007B0C (0x36C2BC23) sd a2, 0x378(t0)
mem[0x000000008000C520] <- 0x0000000000000000
mem[X,0x0000000080007B10] -> 0x0537
mem[X,0x0000000080007B12] -> 0x0000
[7881] [M]: 0x0000000080007B10 (0x00000537) lui a0, 0x0
x10 <- 0x0000000000000000
mem[X,0x0000000080007B14] -> 0x0513
mem[X,0x0000000080007B16] -> 0xFFF5
[7882] [M]: 0x0000000080007B14 (0xFFF50513) addi a0, a0, -0x1
x10 <- 0xFFFFFFFFFFFFFFFF
mem[X,0x0000000080007B18] -> 0x1513
mem[X,0x0000000080007B1A] -> 0x00B5
[7883] [M]: 0x0000000080007B18 (0x00B51513) slli a0, a0, 0xb
x10 <- 0xFFFFFFFFFFFFF800
mem[X,0x0000000080007B1C] -> 0x0513
mem[X,0x0000000080007B1E] -> 0x2575
[7884] [M]: 0x0000000080007B1C (0x25750513) addi a0, a0, 0x257
x10 <- 0xFFFFFFFFFFFFFA57
mem[X,0x0000000080007B20] -> 0x1513
mem[X,0x0000000080007B22] -> 0x00B5
[7885] [M]: 0x0000000080007B20 (0x00B51513) slli a0, a0, 0xb
x10 <- 0xFFFFFFFFFFD2B800
mem[X,0x0000000080007B24] -> 0x0513
mem[X,0x0000000080007B26] -> 0x6C35
[7886] [M]: 0x0000000080007B24 (0x6C350513) addi a0, a0, 0x6c3
x10 <- 0xFFFFFFFFFFD2BEC3
mem[X,0x0000000080007B28] -> 0x1513
mem[X,0x0000000080007B2A] -> 0x00A5
[7887] [M]: 0x0000000080007B28 (0x00A51513) slli a0, a0, 0xa
x10 <- 0xFFFFFFFF4AFB0C00
mem[X,0x0000000080007B2C] -> 0x0513
mem[X,0x0000000080007B2E] -> 0x0CE5
[7888] [M]: 0x0000000080007B2C (0x0CE50513) addi a0, a0, 0xce
x10 <- 0xFFFFFFFF4AFB0CCE
mem[X,0x0000000080007B30] -> 0x05B7
mem[X,0x0000000080007B32] -> 0x0000
[7889] [M]: 0x0000000080007B30 (0x000005B7) lui a1, 0x0
x11 <- 0x0000000000000000
mem[X,0x0000000080007B34] -> 0x8593
mem[X,0x0000000080007B36] -> 0x0005
[7890] [M]: 0x0000000080007B34 (0x00058593) addi a1, a1, 0x0
x11 <- 0x0000000000000000
mem[X,0x0000000080007B38] -> 0x9593
mem[X,0x0000000080007B3A] -> 0x00B5
[7891] [M]: 0x0000000080007B38 (0x00B59593) slli a1, a1, 0xb
x11 <- 0x0000000000000000
mem[X,0x0000000080007B3C] -> 0x8593
mem[X,0x0000000080007B3E] -> 0x5A85
[7892] [M]: 0x0000000080007B3C (0x5A858593) addi a1, a1, 0x5a8
x11 <- 0x00000000000005A8
mem[X,0x0000000080007B40] -> 0x9593
mem[X,0x0000000080007B42] -> 0x00B5
[7893] [M]: 0x0000000080007B40 (0x00B59593) slli a1, a1, 0xb
x11 <- 0x00000000002D4000
mem[X,0x0000000080007B44] -> 0x8593
mem[X,0x0000000080007B46] -> 0x13C5
[7894] [M]: 0x0000000080007B44 (0x13C58593) addi a1, a1, 0x13c
x11 <- 0x00000000002D413C
mem[X,0x0000000080007B48] -> 0x9593
mem[X,0x0000000080007B4A] -> 0x00A5
[7895] [M]: 0x0000000080007B48 (0x00A59593) slli a1, a1, 0xa
x11 <- 0x00000000B504F000
mem[X,0x0000000080007B4C] -> 0x8593
mem[X,0x0000000080007B4E] -> 0x3345
[7896] [M]: 0x0000000080007B4C (0x33458593) addi a1, a1, 0x334
x11 <- 0x00000000B504F334
mem[X,0x0000000080007B50] -> 0x063B
mem[X,0x0000000080007B52] -> 0x40B5
[7897] [M]: 0x0000000080007B50 (0x40B5063B) subw a2, a0, a1
x12 <- 0xFFFFFFFF95F6199A
mem[X,0x0000000080007B54] -> 0xB023
mem[X,0x0000000080007B56] -> 0x38C2
[7898] [M]: 0x0000000080007B54 (0x38C2B023) sd a2, 0x380(t0)
mem[0x000000008000C528] <- 0xFFFFFFFF95F6199A
mem[X,0x0000000080007B58] -> 0x0537
mem[X,0x0000000080007B5A] -> 0x0000
[7899] [M]: 0x0000000080007B58 (0x00000537) lui a0, 0x0
x10 <- 0x0000000000000000
clint::tick mtime <- 0x000000000000004F
 clint timer pending at mtime 0x000000000000004F
htif::tick 0x0000000000000000
mem[X,0x0000000080007B5C] -> 0x0513
mem[X,0x0000000080007B5E] -> 0x0005
[7900] [M]: 0x0000000080007B5C (0x00050513) addi a0, a0, 0x0
x10 <- 0x0000000000000000
mem[X,0x0000000080007B60] -> 0x1513
mem[X,0x0000000080007B62] -> 0x00B5
[7901] [M]: 0x0000000080007B60 (0x00B51513) slli a0, a0, 0xb
x10 <- 0x0000000000000000
mem[X,0x0000000080007B64] -> 0x0513
mem[X,0x0000000080007B66] -> 0x5A85
[7902] [M]: 0x0000000080007B64 (0x5A850513) addi a0, a0, 0x5a8
x10 <- 0x00000000000005A8
mem[X,0x0000000080007B68] -> 0x1513
mem[X,0x0000000080007B6A] -> 0x00B5
[7903] [M]: 0x0000000080007B68 (0x00B51513) slli a0, a0, 0xb
x10 <- 0x00000000002D4000
mem[X,0x0000000080007B6C] -> 0x0513
mem[X,0x0000000080007B6E] -> 0x13C5
[7904] [M]: 0x0000000080007B6C (0x13C50513) addi a0, a0, 0x13c
x10 <- 0x00000000002D413C
mem[X,0x0000000080007B70] -> 0x1513
mem[X,0x0000000080007B72] -> 0x00A5
[7905] [M]: 0x0000000080007B70 (0x00A51513) slli a0, a0, 0xa
x10 <- 0x00000000B504F000
mem[X,0x0000000080007B74] -> 0x0513
mem[X,0x0000000080007B76] -> 0x3345
[7906] [M]: 0x0000000080007B74 (0x33450513) addi a0, a0, 0x334
x10 <- 0x00000000B504F334
mem[X,0x0000000080007B78] -> 0x0593
mem[X,0x0000000080007B7A] -> 0x0030
[7907] [M]: 0x0000000080007B78 (0x00300593) addi a1, zero, 0x3
x11 <- 0x0000000000000003
mem[X,0x0000000080007B7C] -> 0x063B
mem[X,0x0000000080007B7E] -> 0x40B5
[7908] [M]: 0x0000000080007B7C (0x40B5063B) subw a2, a0, a1
x12 <- 0xFFFFFFFFB504F331
mem[X,0x0000000080007B80] -> 0xB423
mem[X,0x0000000080007B82] -> 0x38C2
[7909] [M]: 0x0000000080007B80 (0x38C2B423) sd a2, 0x388(t0)
mem[0x000000008000C530] <- 0xFFFFFFFFB504F331
mem[X,0x0000000080007B84] -> 0x0537
mem[X,0x0000000080007B86] -> 0x0000
[7910] [M]: 0x0000000080007B84 (0x00000537) lui a0, 0x0
x10 <- 0x0000000000000000
mem[X,0x0000000080007B88] -> 0x0513
mem[X,0x0000000080007B8A] -> 0x0005
[7911] [M]: 0x0000000080007B88 (0x00050513) addi a0, a0, 0x0
x10 <- 0x0000000000000000
mem[X,0x0000000080007B8C] -> 0x1513
mem[X,0x0000000080007B8E] -> 0x00B5
[7912] [M]: 0x0000000080007B8C (0x00B51513) slli a0, a0, 0xb
x10 <- 0x0000000000000000
mem[X,0x0000000080007B90] -> 0x0513
mem[X,0x0000000080007B92] -> 0x5A85
[7913] [M]: 0x0000000080007B90 (0x5A850513) addi a0, a0, 0x5a8
x10 <- 0x00000000000005A8
mem[X,0x0000000080007B94] -> 0x1513
mem[X,0x0000000080007B96] -> 0x00B5
[7914] [M]: 0x0000000080007B94 (0x00B51513) slli a0, a0, 0xb
x10 <- 0x00000000002D4000
mem[X,0x0000000080007B98] -> 0x0513
mem[X,0x0000000080007B9A] -> 0x13C5
[7915] [M]: 0x0000000080007B98 (0x13C50513) addi a0, a0, 0x13c
x10 <- 0x00000000002D413C
mem[X,0x0000000080007B9C] -> 0x1513
mem[X,0x0000000080007B9E] -> 0x00A5
[7916] [M]: 0x0000000080007B9C (0x00A51513) slli a0, a0, 0xa
x10 <- 0x00000000B504F000
mem[X,0x0000000080007BA0] -> 0x0513
mem[X,0x0000000080007BA2] -> 0x3345
[7917] [M]: 0x0000000080007BA0 (0x33450513) addi a0, a0, 0x334
x10 <- 0x00000000B504F334
mem[X,0x0000000080007BA4] -> 0x55B7
mem[X,0x0000000080007BA6] -> 0x5555
[7918] [M]: 0x0000000080007BA4 (0x555555B7) lui a1, 0x55555
x11 <- 0x0000000055555000
mem[X,0x0000000080007BA8] -> 0x8593
mem[X,0x0000000080007BAA] -> 0x5555
[7919] [M]: 0x0000000080007BA8 (0x55558593) addi a1, a1, 0x555
x11 <- 0x0000000055555555
mem[X,0x0000000080007BAC] -> 0x9593
mem[X,0x0000000080007BAE] -> 0x00B5
[7920] [M]: 0x0000000080007BAC (0x00B59593) slli a1, a1, 0xb
x11 <- 0x000002AAAAAAA800
mem[X,0x0000000080007BB0] -> 0x8593
mem[X,0x0000000080007BB2] -> 0x2AA5
[7921] [M]: 0x0000000080007BB0 (0x2AA58593) addi a1, a1, 0x2aa
x11 <- 0x000002AAAAAAAAAA
mem[X,0x0000000080007BB4] -> 0x9593
mem[X,0x0000000080007BB6] -> 0x00B5
[7922] [M]: 0x0000000080007BB4 (0x00B59593) slli a1, a1, 0xb
x11 <- 0x0015555555555000
mem[X,0x0000000080007BB8] -> 0x8593
mem[X,0x0000000080007BBA] -> 0x5555
[7923] [M]: 0x0000000080007BB8 (0x55558593) addi a1, a1, 0x555
x11 <- 0x0015555555555555
mem[X,0x0000000080007BBC] -> 0x9593
mem[X,0x0000000080007BBE] -> 0x00A5
[7924] [M]: 0x0000000080007BBC (0x00A59593) slli a1, a1, 0xa
x11 <- 0x5555555555555400
mem[X,0x0000000080007BC0] -> 0x8593
mem[X,0x0000000080007BC2] -> 0x1555
[7925] [M]: 0x0000000080007BC0 (0x15558593) addi a1, a1, 0x155
x11 <- 0x5555555555555555
mem[X,0x0000000080007BC4] -> 0x063B
mem[X,0x0000000080007BC6] -> 0x40B5
[7926] [M]: 0x0000000080007BC4 (0x40B5063B) subw a2, a0, a1
x12 <- 0x000000005FAF9DDF
mem[X,0x0000000080007BC8] -> 0xB823
mem[X,0x0000000080007BCA] -> 0x38C2
[7927] [M]: 0x0000000080007BC8 (0x38C2B823) sd a2, 0x390(t0)
mem[0x000000008000C538] <- 0x000000005FAF9DDF
mem[X,0x0000000080007BCC] -> 0x0537
mem[X,0x0000000080007BCE] -> 0x0000
[7928] [M]: 0x0000000080007BCC (0x00000537) lui a0, 0x0
x10 <- 0x0000000000000000
mem[X,0x0000000080007BD0] -> 0x0513
mem[X,0x0000000080007BD2] -> 0x0005
[7929] [M]: 0x0000000080007BD0 (0x00050513) addi a0, a0, 0x0
x10 <- 0x0000000000000000
mem[X,0x0000000080007BD4] -> 0x1513
mem[X,0x0000000080007BD6] -> 0x00B5
[7930] [M]: 0x0000000080007BD4 (0x00B51513) slli a0, a0, 0xb
x10 <- 0x0000000000000000
mem[X,0x0000000080007BD8] -> 0x0513
mem[X,0x0000000080007BDA] -> 0x5A85
[7931] [M]: 0x0000000080007BD8 (0x5A850513) addi a0, a0, 0x5a8
x10 <- 0x00000000000005A8
mem[X,0x0000000080007BDC] -> 0x1513
mem[X,0x0000000080007BDE] -> 0x00B5
[7932] [M]: 0x0000000080007BDC (0x00B51513) slli a0, a0, 0xb
x10 <- 0x00000000002D4000
mem[X,0x0000000080007BE0] -> 0x0513
mem[X,0x0000000080007BE2] -> 0x13C5
[7933] [M]: 0x0000000080007BE0 (0x13C50513) addi a0, a0, 0x13c
x10 <- 0x00000000002D413C
mem[X,0x0000000080007BE4] -> 0x1513
mem[X,0x0000000080007BE6] -> 0x00A5
[7934] [M]: 0x0000000080007BE4 (0x00A51513) slli a0, a0, 0xa
x10 <- 0x00000000B504F000
mem[X,0x0000000080007BE8] -> 0x0513
mem[X,0x0000000080007BEA] -> 0x3345
[7935] [M]: 0x0000000080007BE8 (0x33450513) addi a0, a0, 0x334
x10 <- 0x00000000B504F334
mem[X,0x0000000080007BEC] -> 0xB5B7
mem[X,0x0000000080007BEE] -> 0xAAAA
[7936] [M]: 0x0000000080007BEC (0xAAAAB5B7) lui a1, -0x55555
x11 <- 0xFFFFFFFFAAAAB000
mem[X,0x0000000080007BF0] -> 0x8593
mem[X,0x0000000080007BF2] -> 0xAAA5
[7937] [M]: 0x0000000080007BF0 (0xAAA58593) addi a1, a1, -0x556
x11 <- 0xFFFFFFFFAAAAAAAA
mem[X,0x0000000080007BF4] -> 0x9593
mem[X,0x0000000080007BF6] -> 0x00B5
[7938] [M]: 0x0000000080007BF4 (0x00B59593) slli a1, a1, 0xb
x11 <- 0xFFFFFD5555555000
mem[X,0x0000000080007BF8] -> 0x8593
mem[X,0x0000000080007BFA] -> 0x5555
[7939] [M]: 0x0000000080007BF8 (0x55558593) addi a1, a1, 0x555
x11 <- 0xFFFFFD5555555555
mem[X,0x0000000080007BFC] -> 0x9593
mem[X,0x0000000080007BFE] -> 0x00B5
[7940] [M]: 0x0000000080007BFC (0x00B59593) slli a1, a1, 0xb
x11 <- 0xFFEAAAAAAAAAA800
mem[X,0x0000000080007C00] -> 0x8593
mem[X,0x0000000080007C02] -> 0x2AA5
[7941] [M]: 0x0000000080007C00 (0x2AA58593) addi a1, a1, 0x2aa
x11 <- 0xFFEAAAAAAAAAAAAA
mem[X,0x0000000080007C04] -> 0x9593
mem[X,0x0000000080007C06] -> 0x00A5
[7942] [M]: 0x0000000080007C04 (0x00A59593) slli a1, a1, 0xa
x11 <- 0xAAAAAAAAAAAAA800
mem[X,0x0000000080007C08] -> 0x8593
mem[X,0x0000000080007C0A] -> 0x2AA5
[7943] [M]: 0x0000000080007C08 (0x2AA58593) addi a1, a1, 0x2aa
x11 <- 0xAAAAAAAAAAAAAAAA
mem[X,0x0000000080007C0C] -> 0x063B
mem[X,0x0000000080007C0E] -> 0x40B5
[7944] [M]: 0x0000000080007C0C (0x40B5063B) subw a2, a0, a1
x12 <- 0x000000000A5A488A
mem[X,0x0000000080007C10] -> 0xBC23
mem[X,0x0000000080007C12] -> 0x38C2
[7945] [M]: 0x0000000080007C10 (0x38C2BC23) sd a2, 0x398(t0)
mem[0x000000008000C540] <- 0x000000000A5A488A
mem[X,0x0000000080007C14] -> 0x0537
mem[X,0x0000000080007C16] -> 0x0000
[7946] [M]: 0x0000000080007C14 (0x00000537) lui a0, 0x0
x10 <- 0x0000000000000000
mem[X,0x0000000080007C18] -> 0x0513
mem[X,0x0000000080007C1A] -> 0x0005
[7947] [M]: 0x0000000080007C18 (0x00050513) addi a0, a0, 0x0
x10 <- 0x0000000000000000
mem[X,0x0000000080007C1C] -> 0x1513
mem[X,0x0000000080007C1E] -> 0x00B5
[7948] [M]: 0x0000000080007C1C (0x00B51513) slli a0, a0, 0xb
x10 <- 0x0000000000000000
mem[X,0x0000000080007C20] -> 0x0513
mem[X,0x0000000080007C22] -> 0x5A85
[7949] [M]: 0x0000000080007C20 (0x5A850513) addi a0, a0, 0x5a8
x10 <- 0x00000000000005A8
mem[X,0x0000000080007C24] -> 0x1513
mem[X,0x0000000080007C26] -> 0x00B5
[7950] [M]: 0x0000000080007C24 (0x00B51513) slli a0, a0, 0xb
x10 <- 0x00000000002D4000
mem[X,0x0000000080007C28] -> 0x0513
mem[X,0x0000000080007C2A] -> 0x13C5
[7951] [M]: 0x0000000080007C28 (0x13C50513) addi a0, a0, 0x13c
x10 <- 0x00000000002D413C
mem[X,0x0000000080007C2C] -> 0x1513
mem[X,0x0000000080007C2E] -> 0x00A5
[7952] [M]: 0x0000000080007C2C (0x00A51513) slli a0, a0, 0xa
x10 <- 0x00000000B504F000
mem[X,0x0000000080007C30] -> 0x0513
mem[X,0x0000000080007C32] -> 0x3345
[7953] [M]: 0x0000000080007C30 (0x33450513) addi a0, a0, 0x334
x10 <- 0x00000000B504F334
mem[X,0x0000000080007C34] -> 0x0593
mem[X,0x0000000080007C36] -> 0x0050
[7954] [M]: 0x0000000080007C34 (0x00500593) addi a1, zero, 0x5
x11 <- 0x0000000000000005
mem[X,0x0000000080007C38] -> 0x063B
mem[X,0x0000000080007C3A] -> 0x40B5
[7955] [M]: 0x0000000080007C38 (0x40B5063B) subw a2, a0, a1
x12 <- 0xFFFFFFFFB504F32F
mem[X,0x0000000080007C3C] -> 0xB023
mem[X,0x0000000080007C3E] -> 0x3AC2
[7956] [M]: 0x0000000080007C3C (0x3AC2B023) sd a2, 0x3a0(t0)
mem[0x000000008000C548] <- 0xFFFFFFFFB504F32F
mem[X,0x0000000080007C40] -> 0x0537
mem[X,0x0000000080007C42] -> 0x0000
[7957] [M]: 0x0000000080007C40 (0x00000537) lui a0, 0x0
x10 <- 0x0000000000000000
mem[X,0x0000000080007C44] -> 0x0513
mem[X,0x0000000080007C46] -> 0x0005
[7958] [M]: 0x0000000080007C44 (0x00050513) addi a0, a0, 0x0
x10 <- 0x0000000000000000
mem[X,0x0000000080007C48] -> 0x1513
mem[X,0x0000000080007C4A] -> 0x00B5
[7959] [M]: 0x0000000080007C48 (0x00B51513) slli a0, a0, 0xb
x10 <- 0x0000000000000000
mem[X,0x0000000080007C4C] -> 0x0513
mem[X,0x0000000080007C4E] -> 0x5A85
[7960] [M]: 0x0000000080007C4C (0x5A850513) addi a0, a0, 0x5a8
x10 <- 0x00000000000005A8
mem[X,0x0000000080007C50] -> 0x1513
mem[X,0x0000000080007C52] -> 0x00B5
[7961] [M]: 0x0000000080007C50 (0x00B51513) slli a0, a0, 0xb
x10 <- 0x00000000002D4000
mem[X,0x0000000080007C54] -> 0x0513
mem[X,0x0000000080007C56] -> 0x13C5
[7962] [M]: 0x0000000080007C54 (0x13C50513) addi a0, a0, 0x13c
x10 <- 0x00000000002D413C
mem[X,0x0000000080007C58] -> 0x1513
mem[X,0x0000000080007C5A] -> 0x00A5
[7963] [M]: 0x0000000080007C58 (0x00A51513) slli a0, a0, 0xa
x10 <- 0x00000000B504F000
mem[X,0x0000000080007C5C] -> 0x0513
mem[X,0x0000000080007C5E] -> 0x3345
[7964] [M]: 0x0000000080007C5C (0x33450513) addi a0, a0, 0x334
x10 <- 0x00000000B504F334
mem[X,0x0000000080007C60] -> 0x35B7
mem[X,0x0000000080007C62] -> 0x3333
[7965] [M]: 0x0000000080007C60 (0x333335B7) lui a1, 0x33333
x11 <- 0x0000000033333000
mem[X,0x0000000080007C64] -> 0x8593
mem[X,0x0000000080007C66] -> 0x3335
[7966] [M]: 0x0000000080007C64 (0x33358593) addi a1, a1, 0x333
x11 <- 0x0000000033333333
mem[X,0x0000000080007C68] -> 0x9593
mem[X,0x0000000080007C6A] -> 0x00B5
[7967] [M]: 0x0000000080007C68 (0x00B59593) slli a1, a1, 0xb
x11 <- 0x0000019999999800
mem[X,0x0000000080007C6C] -> 0x8593
mem[X,0x0000000080007C6E] -> 0x1995
[7968] [M]: 0x0000000080007C6C (0x19958593) addi a1, a1, 0x199
x11 <- 0x0000019999999999
mem[X,0x0000000080007C70] -> 0x9593
mem[X,0x0000000080007C72] -> 0x00B5
[7969] [M]: 0x0000000080007C70 (0x00B59593) slli a1, a1, 0xb
x11 <- 0x000CCCCCCCCCC800
mem[X,0x0000000080007C74] -> 0x8593
mem[X,0x0000000080007C76] -> 0x4CC5
[7970] [M]: 0x0000000080007C74 (0x4CC58593) addi a1, a1, 0x4cc
x11 <- 0x000CCCCCCCCCCCCC
mem[X,0x0000000080007C78] -> 0x9593
mem[X,0x0000000080007C7A] -> 0x00A5
[7971] [M]: 0x0000000080007C78 (0x00A59593) slli a1, a1, 0xa
x11 <- 0x3333333333333000
mem[X,0x0000000080007C7C] -> 0x8593
mem[X,0x0000000080007C7E] -> 0x3335
[7972] [M]: 0x0000000080007C7C (0x33358593) addi a1, a1, 0x333
x11 <- 0x3333333333333333
mem[X,0x0000000080007C80] -> 0x063B
mem[X,0x0000000080007C82] -> 0x40B5
[7973] [M]: 0x0000000080007C80 (0x40B5063B) subw a2, a0, a1
x12 <- 0xFFFFFFFF81D1C001
mem[X,0x0000000080007C84] -> 0xB423
mem[X,0x0000000080007C86] -> 0x3AC2
[7974] [M]: 0x0000000080007C84 (0x3AC2B423) sd a2, 0x3a8(t0)
mem[0x000000008000C550] <- 0xFFFFFFFF81D1C001
mem[X,0x0000000080007C88] -> 0x0537
mem[X,0x0000000080007C8A] -> 0x0000
[7975] [M]: 0x0000000080007C88 (0x00000537) lui a0, 0x0
x10 <- 0x0000000000000000
mem[X,0x0000000080007C8C] -> 0x0513
mem[X,0x0000000080007C8E] -> 0x0005
[7976] [M]: 0x0000000080007C8C (0x00050513) addi a0, a0, 0x0
x10 <- 0x0000000000000000
mem[X,0x0000000080007C90] -> 0x1513
mem[X,0x0000000080007C92] -> 0x00B5
[7977] [M]: 0x0000000080007C90 (0x00B51513) slli a0, a0, 0xb
x10 <- 0x0000000000000000
mem[X,0x0000000080007C94] -> 0x0513
mem[X,0x0000000080007C96] -> 0x5A85
[7978] [M]: 0x0000000080007C94 (0x5A850513) addi a0, a0, 0x5a8
x10 <- 0x00000000000005A8
mem[X,0x0000000080007C98] -> 0x1513
mem[X,0x0000000080007C9A] -> 0x00B5
[7979] [M]: 0x0000000080007C98 (0x00B51513) slli a0, a0, 0xb
x10 <- 0x00000000002D4000
mem[X,0x0000000080007C9C] -> 0x0513
mem[X,0x0000000080007C9E] -> 0x13C5
[7980] [M]: 0x0000000080007C9C (0x13C50513) addi a0, a0, 0x13c
x10 <- 0x00000000002D413C
mem[X,0x0000000080007CA0] -> 0x1513
mem[X,0x0000000080007CA2] -> 0x00A5
[7981] [M]: 0x0000000080007CA0 (0x00A51513) slli a0, a0, 0xa
x10 <- 0x00000000B504F000
mem[X,0x0000000080007CA4] -> 0x0513
mem[X,0x0000000080007CA6] -> 0x3345
[7982] [M]: 0x0000000080007CA4 (0x33450513) addi a0, a0, 0x334
x10 <- 0x00000000B504F334
mem[X,0x0000000080007CA8] -> 0x65B7
mem[X,0x0000000080007CAA] -> 0x6666
[7983] [M]: 0x0000000080007CA8 (0x666665B7) lui a1, 0x66666
x11 <- 0x0000000066666000
mem[X,0x0000000080007CAC] -> 0x8593
mem[X,0x0000000080007CAE] -> 0x6665
[7984] [M]: 0x0000000080007CAC (0x66658593) addi a1, a1, 0x666
x11 <- 0x0000000066666666
mem[X,0x0000000080007CB0] -> 0x9593
mem[X,0x0000000080007CB2] -> 0x00B5
[7985] [M]: 0x0000000080007CB0 (0x00B59593) slli a1, a1, 0xb
x11 <- 0x0000033333333000
mem[X,0x0000000080007CB4] -> 0x8593
mem[X,0x0000000080007CB6] -> 0x3335
[7986] [M]: 0x0000000080007CB4 (0x33358593) addi a1, a1, 0x333
x11 <- 0x0000033333333333
mem[X,0x0000000080007CB8] -> 0x9593
mem[X,0x0000000080007CBA] -> 0x00B5
[7987] [M]: 0x0000000080007CB8 (0x00B59593) slli a1, a1, 0xb
x11 <- 0x0019999999999800
mem[X,0x0000000080007CBC] -> 0x8593
mem[X,0x0000000080007CBE] -> 0x1995
[7988] [M]: 0x0000000080007CBC (0x19958593) addi a1, a1, 0x199
x11 <- 0x0019999999999999
mem[X,0x0000000080007CC0] -> 0x9593
mem[X,0x0000000080007CC2] -> 0x00A5
[7989] [M]: 0x0000000080007CC0 (0x00A59593) slli a1, a1, 0xa
x11 <- 0x6666666666666400
mem[X,0x0000000080007CC4] -> 0x8593
mem[X,0x0000000080007CC6] -> 0x2665
[7990] [M]: 0x0000000080007CC4 (0x26658593) addi a1, a1, 0x266
x11 <- 0x6666666666666666
mem[X,0x0000000080007CC8] -> 0x063B
mem[X,0x0000000080007CCA] -> 0x40B5
[7991] [M]: 0x0000000080007CC8 (0x40B5063B) subw a2, a0, a1
x12 <- 0x000000004E9E8CCE
mem[X,0x0000000080007CCC] -> 0xB823
mem[X,0x0000000080007CCE] -> 0x3AC2
[7992] [M]: 0x0000000080007CCC (0x3AC2B823) sd a2, 0x3b0(t0)
mem[0x000000008000C558] <- 0x000000004E9E8CCE
mem[X,0x0000000080007CD0] -> 0x0537
mem[X,0x0000000080007CD2] -> 0x0000
[7993] [M]: 0x0000000080007CD0 (0x00000537) lui a0, 0x0
x10 <- 0x0000000000000000
mem[X,0x0000000080007CD4] -> 0x0513
mem[X,0x0000000080007CD6] -> 0x0005
[7994] [M]: 0x0000000080007CD4 (0x00050513) addi a0, a0, 0x0
x10 <- 0x0000000000000000
mem[X,0x0000000080007CD8] -> 0x1513
mem[X,0x0000000080007CDA] -> 0x00B5
[7995] [M]: 0x0000000080007CD8 (0x00B51513) slli a0, a0, 0xb
x10 <- 0x0000000000000000
mem[X,0x0000000080007CDC] -> 0x0513
mem[X,0x0000000080007CDE] -> 0x5A85
[7996] [M]: 0x0000000080007CDC (0x5A850513) addi a0, a0, 0x5a8
x10 <- 0x00000000000005A8
mem[X,0x0000000080007CE0] -> 0x1513
mem[X,0x0000000080007CE2] -> 0x00B5
[7997] [M]: 0x0000000080007CE0 (0x00B51513) slli a0, a0, 0xb
x10 <- 0x00000000002D4000
mem[X,0x0000000080007CE4] -> 0x0513
mem[X,0x0000000080007CE6] -> 0x13C5
[7998] [M]: 0x0000000080007CE4 (0x13C50513) addi a0, a0, 0x13c
x10 <- 0x00000000002D413C
mem[X,0x0000000080007CE8] -> 0x1513
mem[X,0x0000000080007CEA] -> 0x00A5
[7999] [M]: 0x0000000080007CE8 (0x00A51513) slli a0, a0, 0xa
x10 <- 0x00000000B504F000
clint::tick mtime <- 0x0000000000000050
 clint timer pending at mtime 0x0000000000000050
htif::tick 0x0000000000000000
mem[X,0x0000000080007CEC] -> 0x0513
mem[X,0x0000000080007CEE] -> 0x3345
[8000] [M]: 0x0000000080007CEC (0x33450513) addi a0, a0, 0x334
x10 <- 0x00000000B504F334
mem[X,0x0000000080007CF0] -> 0x05B7
mem[X,0x0000000080007CF2] -> 0x0000
[8001] [M]: 0x0000000080007CF0 (0x000005B7) lui a1, 0x0
x11 <- 0x0000000000000000
mem[X,0x0000000080007CF4] -> 0x8593
mem[X,0x0000000080007CF6] -> 0xFFF5
[8002] [M]: 0x0000000080007CF4 (0xFFF58593) addi a1, a1, -0x1
x11 <- 0xFFFFFFFFFFFFFFFF
mem[X,0x0000000080007CF8] -> 0x9593
mem[X,0x0000000080007CFA] -> 0x00B5
[8003] [M]: 0x0000000080007CF8 (0x00B59593) slli a1, a1, 0xb
x11 <- 0xFFFFFFFFFFFFF800
mem[X,0x0000000080007CFC] -> 0x8593
mem[X,0x0000000080007CFE] -> 0x2575
[8004] [M]: 0x0000000080007CFC (0x25758593) addi a1, a1, 0x257
x11 <- 0xFFFFFFFFFFFFFA57
mem[X,0x0000000080007D00] -> 0x9593
mem[X,0x0000000080007D02] -> 0x00B5
[8005] [M]: 0x0000000080007D00 (0x00B59593) slli a1, a1, 0xb
x11 <- 0xFFFFFFFFFFD2B800
mem[X,0x0000000080007D04] -> 0x8593
mem[X,0x0000000080007D06] -> 0x6C35
[8006] [M]: 0x0000000080007D04 (0x6C358593) addi a1, a1, 0x6c3
x11 <- 0xFFFFFFFFFFD2BEC3
mem[X,0x0000000080007D08] -> 0x9593
mem[X,0x0000000080007D0A] -> 0x00A5
[8007] [M]: 0x0000000080007D08 (0x00A59593) slli a1, a1, 0xa
x11 <- 0xFFFFFFFF4AFB0C00
mem[X,0x0000000080007D0C] -> 0x8593
mem[X,0x0000000080007D0E] -> 0x0CD5
[8008] [M]: 0x0000000080007D0C (0x0CD58593) addi a1, a1, 0xcd
x11 <- 0xFFFFFFFF4AFB0CCD
mem[X,0x0000000080007D10] -> 0x063B
mem[X,0x0000000080007D12] -> 0x40B5
[8009] [M]: 0x0000000080007D10 (0x40B5063B) subw a2, a0, a1
x12 <- 0x000000006A09E667
mem[X,0x0000000080007D14] -> 0xBC23
mem[X,0x0000000080007D16] -> 0x3AC2
[8010] [M]: 0x0000000080007D14 (0x3AC2BC23) sd a2, 0x3b8(t0)
mem[0x000000008000C560] <- 0x000000006A09E667
mem[X,0x0000000080007D18] -> 0x0537
mem[X,0x0000000080007D1A] -> 0x0000
[8011] [M]: 0x0000000080007D18 (0x00000537) lui a0, 0x0
x10 <- 0x0000000000000000
mem[X,0x0000000080007D1C] -> 0x0513
mem[X,0x0000000080007D1E] -> 0x0005
[8012] [M]: 0x0000000080007D1C (0x00050513) addi a0, a0, 0x0
x10 <- 0x0000000000000000
mem[X,0x0000000080007D20] -> 0x1513
mem[X,0x0000000080007D22] -> 0x00B5
[8013] [M]: 0x0000000080007D20 (0x00B51513) slli a0, a0, 0xb
x10 <- 0x0000000000000000
mem[X,0x0000000080007D24] -> 0x0513
mem[X,0x0000000080007D26] -> 0x5A85
[8014] [M]: 0x0000000080007D24 (0x5A850513) addi a0, a0, 0x5a8
x10 <- 0x00000000000005A8
mem[X,0x0000000080007D28] -> 0x1513
mem[X,0x0000000080007D2A] -> 0x00B5
[8015] [M]: 0x0000000080007D28 (0x00B51513) slli a0, a0, 0xb
x10 <- 0x00000000002D4000
mem[X,0x0000000080007D2C] -> 0x0513
mem[X,0x0000000080007D2E] -> 0x13C5
[8016] [M]: 0x0000000080007D2C (0x13C50513) addi a0, a0, 0x13c
x10 <- 0x00000000002D413C
mem[X,0x0000000080007D30] -> 0x1513
mem[X,0x0000000080007D32] -> 0x00A5
[8017] [M]: 0x0000000080007D30 (0x00A51513) slli a0, a0, 0xa
x10 <- 0x00000000B504F000
mem[X,0x0000000080007D34] -> 0x0513
mem[X,0x0000000080007D36] -> 0x3345
[8018] [M]: 0x0000000080007D34 (0x33450513) addi a0, a0, 0x334
x10 <- 0x00000000B504F334
mem[X,0x0000000080007D38] -> 0x05B7
mem[X,0x0000000080007D3A] -> 0x0000
[8019] [M]: 0x0000000080007D38 (0x000005B7) lui a1, 0x0
x11 <- 0x0000000000000000
mem[X,0x0000000080007D3C] -> 0x8593
mem[X,0x0000000080007D3E] -> 0x0005
[8020] [M]: 0x0000000080007D3C (0x00058593) addi a1, a1, 0x0
x11 <- 0x0000000000000000
mem[X,0x0000000080007D40] -> 0x9593
mem[X,0x0000000080007D42] -> 0x00B5
[8021] [M]: 0x0000000080007D40 (0x00B59593) slli a1, a1, 0xb
x11 <- 0x0000000000000000
mem[X,0x0000000080007D44] -> 0x8593
mem[X,0x0000000080007D46] -> 0x5A85
[8022] [M]: 0x0000000080007D44 (0x5A858593) addi a1, a1, 0x5a8
x11 <- 0x00000000000005A8
mem[X,0x0000000080007D48] -> 0x9593
mem[X,0x0000000080007D4A] -> 0x00B5
[8023] [M]: 0x0000000080007D48 (0x00B59593) slli a1, a1, 0xb
x11 <- 0x00000000002D4000
mem[X,0x0000000080007D4C] -> 0x8593
mem[X,0x0000000080007D4E] -> 0x13C5
[8024] [M]: 0x0000000080007D4C (0x13C58593) addi a1, a1, 0x13c
x11 <- 0x00000000002D413C
mem[X,0x0000000080007D50] -> 0x9593
mem[X,0x0000000080007D52] -> 0x00A5
[8025] [M]: 0x0000000080007D50 (0x00A59593) slli a1, a1, 0xa
x11 <- 0x00000000B504F000
mem[X,0x0000000080007D54] -> 0x8593
mem[X,0x0000000080007D56] -> 0x3335
[8026] [M]: 0x0000000080007D54 (0x33358593) addi a1, a1, 0x333
x11 <- 0x00000000B504F333
mem[X,0x0000000080007D58] -> 0x063B
mem[X,0x0000000080007D5A] -> 0x40B5
[8027] [M]: 0x0000000080007D58 (0x40B5063B) subw a2, a0, a1
x12 <- 0x0000000000000001
mem[X,0x0000000080007D5C] -> 0xB023
mem[X,0x0000000080007D5E] -> 0x3CC2
[8028] [M]: 0x0000000080007D5C (0x3CC2B023) sd a2, 0x3c0(t0)
mem[0x000000008000C568] <- 0x0000000000000001
mem[X,0x0000000080007D60] -> 0x0537
mem[X,0x0000000080007D62] -> 0x0000
[8029] [M]: 0x0000000080007D60 (0x00000537) lui a0, 0x0
x10 <- 0x0000000000000000
mem[X,0x0000000080007D64] -> 0x0513
mem[X,0x0000000080007D66] -> 0x0005
[8030] [M]: 0x0000000080007D64 (0x00050513) addi a0, a0, 0x0
x10 <- 0x0000000000000000
mem[X,0x0000000080007D68] -> 0x1513
mem[X,0x0000000080007D6A] -> 0x00B5
[8031] [M]: 0x0000000080007D68 (0x00B51513) slli a0, a0, 0xb
x10 <- 0x0000000000000000
mem[X,0x0000000080007D6C] -> 0x0513
mem[X,0x0000000080007D6E] -> 0x5A85
[8032] [M]: 0x0000000080007D6C (0x5A850513) addi a0, a0, 0x5a8
x10 <- 0x00000000000005A8
mem[X,0x0000000080007D70] -> 0x1513
mem[X,0x0000000080007D72] -> 0x00B5
[8033] [M]: 0x0000000080007D70 (0x00B51513) slli a0, a0, 0xb
x10 <- 0x00000000002D4000
mem[X,0x0000000080007D74] -> 0x0513
mem[X,0x0000000080007D76] -> 0x13C5
[8034] [M]: 0x0000000080007D74 (0x13C50513) addi a0, a0, 0x13c
x10 <- 0x00000000002D413C
mem[X,0x0000000080007D78] -> 0x1513
mem[X,0x0000000080007D7A] -> 0x00A5
[8035] [M]: 0x0000000080007D78 (0x00A51513) slli a0, a0, 0xa
x10 <- 0x00000000B504F000
mem[X,0x0000000080007D7C] -> 0x0513
mem[X,0x0000000080007D7E] -> 0x3345
[8036] [M]: 0x0000000080007D7C (0x33450513) addi a0, a0, 0x334
x10 <- 0x00000000B504F334
mem[X,0x0000000080007D80] -> 0x0593
mem[X,0x0000000080007D82] -> 0x0020
[8037] [M]: 0x0000000080007D80 (0x00200593) addi a1, zero, 0x2
x11 <- 0x0000000000000002
mem[X,0x0000000080007D84] -> 0x063B
mem[X,0x0000000080007D86] -> 0x40B5
[8038] [M]: 0x0000000080007D84 (0x40B5063B) subw a2, a0, a1
x12 <- 0xFFFFFFFFB504F332
mem[X,0x0000000080007D88] -> 0xB423
mem[X,0x0000000080007D8A] -> 0x3CC2
[8039] [M]: 0x0000000080007D88 (0x3CC2B423) sd a2, 0x3c8(t0)
mem[0x000000008000C570] <- 0xFFFFFFFFB504F332
mem[X,0x0000000080007D8C] -> 0x0537
mem[X,0x0000000080007D8E] -> 0x0000
[8040] [M]: 0x0000000080007D8C (0x00000537) lui a0, 0x0
x10 <- 0x0000000000000000
mem[X,0x0000000080007D90] -> 0x0513
mem[X,0x0000000080007D92] -> 0x0005
[8041] [M]: 0x0000000080007D90 (0x00050513) addi a0, a0, 0x0
x10 <- 0x0000000000000000
mem[X,0x0000000080007D94] -> 0x1513
mem[X,0x0000000080007D96] -> 0x00B5
[8042] [M]: 0x0000000080007D94 (0x00B51513) slli a0, a0, 0xb
x10 <- 0x0000000000000000
mem[X,0x0000000080007D98] -> 0x0513
mem[X,0x0000000080007D9A] -> 0x5A85
[8043] [M]: 0x0000000080007D98 (0x5A850513) addi a0, a0, 0x5a8
x10 <- 0x00000000000005A8
mem[X,0x0000000080007D9C] -> 0x1513
mem[X,0x0000000080007D9E] -> 0x00B5
[8044] [M]: 0x0000000080007D9C (0x00B51513) slli a0, a0, 0xb
x10 <- 0x00000000002D4000
mem[X,0x0000000080007DA0] -> 0x0513
mem[X,0x0000000080007DA2] -> 0x13C5
[8045] [M]: 0x0000000080007DA0 (0x13C50513) addi a0, a0, 0x13c
x10 <- 0x00000000002D413C
mem[X,0x0000000080007DA4] -> 0x1513
mem[X,0x0000000080007DA6] -> 0x00A5
[8046] [M]: 0x0000000080007DA4 (0x00A51513) slli a0, a0, 0xa
x10 <- 0x00000000B504F000
mem[X,0x0000000080007DA8] -> 0x0513
mem[X,0x0000000080007DAA] -> 0x3345
[8047] [M]: 0x0000000080007DA8 (0x33450513) addi a0, a0, 0x334
x10 <- 0x00000000B504F334
mem[X,0x0000000080007DAC] -> 0x55B7
mem[X,0x0000000080007DAE] -> 0x5555
[8048] [M]: 0x0000000080007DAC (0x555555B7) lui a1, 0x55555
x11 <- 0x0000000055555000
mem[X,0x0000000080007DB0] -> 0x8593
mem[X,0x0000000080007DB2] -> 0x5555
[8049] [M]: 0x0000000080007DB0 (0x55558593) addi a1, a1, 0x555
x11 <- 0x0000000055555555
mem[X,0x0000000080007DB4] -> 0x9593
mem[X,0x0000000080007DB6] -> 0x00B5
[8050] [M]: 0x0000000080007DB4 (0x00B59593) slli a1, a1, 0xb
x11 <- 0x000002AAAAAAA800
mem[X,0x0000000080007DB8] -> 0x8593
mem[X,0x0000000080007DBA] -> 0x2AA5
[8051] [M]: 0x0000000080007DB8 (0x2AA58593) addi a1, a1, 0x2aa
x11 <- 0x000002AAAAAAAAAA
mem[X,0x0000000080007DBC] -> 0x9593
mem[X,0x0000000080007DBE] -> 0x00B5
[8052] [M]: 0x0000000080007DBC (0x00B59593) slli a1, a1, 0xb
x11 <- 0x0015555555555000
mem[X,0x0000000080007DC0] -> 0x8593
mem[X,0x0000000080007DC2] -> 0x5555
[8053] [M]: 0x0000000080007DC0 (0x55558593) addi a1, a1, 0x555
x11 <- 0x0015555555555555
mem[X,0x0000000080007DC4] -> 0x9593
mem[X,0x0000000080007DC6] -> 0x00A5
[8054] [M]: 0x0000000080007DC4 (0x00A59593) slli a1, a1, 0xa
x11 <- 0x5555555555555400
mem[X,0x0000000080007DC8] -> 0x8593
mem[X,0x0000000080007DCA] -> 0x1545
[8055] [M]: 0x0000000080007DC8 (0x15458593) addi a1, a1, 0x154
x11 <- 0x5555555555555554
mem[X,0x0000000080007DCC] -> 0x063B
mem[X,0x0000000080007DCE] -> 0x40B5
[8056] [M]: 0x0000000080007DCC (0x40B5063B) subw a2, a0, a1
x12 <- 0x000000005FAF9DE0
mem[X,0x0000000080007DD0] -> 0xB823
mem[X,0x0000000080007DD2] -> 0x3CC2
[8057] [M]: 0x0000000080007DD0 (0x3CC2B823) sd a2, 0x3d0(t0)
mem[0x000000008000C578] <- 0x000000005FAF9DE0
mem[X,0x0000000080007DD4] -> 0x0537
mem[X,0x0000000080007DD6] -> 0x0000
[8058] [M]: 0x0000000080007DD4 (0x00000537) lui a0, 0x0
x10 <- 0x0000000000000000
mem[X,0x0000000080007DD8] -> 0x0513
mem[X,0x0000000080007DDA] -> 0x0005
[8059] [M]: 0x0000000080007DD8 (0x00050513) addi a0, a0, 0x0
x10 <- 0x0000000000000000
mem[X,0x0000000080007DDC] -> 0x1513
mem[X,0x0000000080007DDE] -> 0x00B5
[8060] [M]: 0x0000000080007DDC (0x00B51513) slli a0, a0, 0xb
x10 <- 0x0000000000000000
mem[X,0x0000000080007DE0] -> 0x0513
mem[X,0x0000000080007DE2] -> 0x5A85
[8061] [M]: 0x0000000080007DE0 (0x5A850513) addi a0, a0, 0x5a8
x10 <- 0x00000000000005A8
mem[X,0x0000000080007DE4] -> 0x1513
mem[X,0x0000000080007DE6] -> 0x00B5
[8062] [M]: 0x0000000080007DE4 (0x00B51513) slli a0, a0, 0xb
x10 <- 0x00000000002D4000
mem[X,0x0000000080007DE8] -> 0x0513
mem[X,0x0000000080007DEA] -> 0x13C5
[8063] [M]: 0x0000000080007DE8 (0x13C50513) addi a0, a0, 0x13c
x10 <- 0x00000000002D413C
mem[X,0x0000000080007DEC] -> 0x1513
mem[X,0x0000000080007DEE] -> 0x00A5
[8064] [M]: 0x0000000080007DEC (0x00A51513) slli a0, a0, 0xa
x10 <- 0x00000000B504F000
mem[X,0x0000000080007DF0] -> 0x0513
mem[X,0x0000000080007DF2] -> 0x3345
[8065] [M]: 0x0000000080007DF0 (0x33450513) addi a0, a0, 0x334
x10 <- 0x00000000B504F334
mem[X,0x0000000080007DF4] -> 0x0593
mem[X,0x0000000080007DF6] -> 0x0000
[8066] [M]: 0x0000000080007DF4 (0x00000593) addi a1, zero, 0x0
x11 <- 0x0000000000000000
mem[X,0x0000000080007DF8] -> 0x063B
mem[X,0x0000000080007DFA] -> 0x40B5
[8067] [M]: 0x0000000080007DF8 (0x40B5063B) subw a2, a0, a1
x12 <- 0xFFFFFFFFB504F334
mem[X,0x0000000080007DFC] -> 0xBC23
mem[X,0x0000000080007DFE] -> 0x3CC2
[8068] [M]: 0x0000000080007DFC (0x3CC2BC23) sd a2, 0x3d8(t0)
mem[0x000000008000C580] <- 0xFFFFFFFFB504F334
mem[X,0x0000000080007E00] -> 0x0537
mem[X,0x0000000080007E02] -> 0x0000
[8069] [M]: 0x0000000080007E00 (0x00000537) lui a0, 0x0
x10 <- 0x0000000000000000
mem[X,0x0000000080007E04] -> 0x0513
mem[X,0x0000000080007E06] -> 0x0005
[8070] [M]: 0x0000000080007E04 (0x00050513) addi a0, a0, 0x0
x10 <- 0x0000000000000000
mem[X,0x0000000080007E08] -> 0x1513
mem[X,0x0000000080007E0A] -> 0x00B5
[8071] [M]: 0x0000000080007E08 (0x00B51513) slli a0, a0, 0xb
x10 <- 0x0000000000000000
mem[X,0x0000000080007E0C] -> 0x0513
mem[X,0x0000000080007E0E] -> 0x5A85
[8072] [M]: 0x0000000080007E0C (0x5A850513) addi a0, a0, 0x5a8
x10 <- 0x00000000000005A8
mem[X,0x0000000080007E10] -> 0x1513
mem[X,0x0000000080007E12] -> 0x00B5
[8073] [M]: 0x0000000080007E10 (0x00B51513) slli a0, a0, 0xb
x10 <- 0x00000000002D4000
mem[X,0x0000000080007E14] -> 0x0513
mem[X,0x0000000080007E16] -> 0x13C5
[8074] [M]: 0x0000000080007E14 (0x13C50513) addi a0, a0, 0x13c
x10 <- 0x00000000002D413C
mem[X,0x0000000080007E18] -> 0x1513
mem[X,0x0000000080007E1A] -> 0x00A5
[8075] [M]: 0x0000000080007E18 (0x00A51513) slli a0, a0, 0xa
x10 <- 0x00000000B504F000
mem[X,0x0000000080007E1C] -> 0x0513
mem[X,0x0000000080007E1E] -> 0x3345
[8076] [M]: 0x0000000080007E1C (0x33450513) addi a0, a0, 0x334
x10 <- 0x00000000B504F334
mem[X,0x0000000080007E20] -> 0x0593
mem[X,0x0000000080007E22] -> 0x0040
[8077] [M]: 0x0000000080007E20 (0x00400593) addi a1, zero, 0x4
x11 <- 0x0000000000000004
mem[X,0x0000000080007E24] -> 0x063B
mem[X,0x0000000080007E26] -> 0x40B5
[8078] [M]: 0x0000000080007E24 (0x40B5063B) subw a2, a0, a1
x12 <- 0xFFFFFFFFB504F330
mem[X,0x0000000080007E28] -> 0xB023
mem[X,0x0000000080007E2A] -> 0x3EC2
[8079] [M]: 0x0000000080007E28 (0x3EC2B023) sd a2, 0x3e0(t0)
mem[0x000000008000C588] <- 0xFFFFFFFFB504F330
mem[X,0x0000000080007E2C] -> 0x0537
mem[X,0x0000000080007E2E] -> 0x0000
[8080] [M]: 0x0000000080007E2C (0x00000537) lui a0, 0x0
x10 <- 0x0000000000000000
mem[X,0x0000000080007E30] -> 0x0513
mem[X,0x0000000080007E32] -> 0x0005
[8081] [M]: 0x0000000080007E30 (0x00050513) addi a0, a0, 0x0
x10 <- 0x0000000000000000
mem[X,0x0000000080007E34] -> 0x1513
mem[X,0x0000000080007E36] -> 0x00B5
[8082] [M]: 0x0000000080007E34 (0x00B51513) slli a0, a0, 0xb
x10 <- 0x0000000000000000
mem[X,0x0000000080007E38] -> 0x0513
mem[X,0x0000000080007E3A] -> 0x5A85
[8083] [M]: 0x0000000080007E38 (0x5A850513) addi a0, a0, 0x5a8
x10 <- 0x00000000000005A8
mem[X,0x0000000080007E3C] -> 0x1513
mem[X,0x0000000080007E3E] -> 0x00B5
[8084] [M]: 0x0000000080007E3C (0x00B51513) slli a0, a0, 0xb
x10 <- 0x00000000002D4000
mem[X,0x0000000080007E40] -> 0x0513
mem[X,0x0000000080007E42] -> 0x13C5
[8085] [M]: 0x0000000080007E40 (0x13C50513) addi a0, a0, 0x13c
x10 <- 0x00000000002D413C
mem[X,0x0000000080007E44] -> 0x1513
mem[X,0x0000000080007E46] -> 0x00A5
[8086] [M]: 0x0000000080007E44 (0x00A51513) slli a0, a0, 0xa
x10 <- 0x00000000B504F000
mem[X,0x0000000080007E48] -> 0x0513
mem[X,0x0000000080007E4A] -> 0x3345
[8087] [M]: 0x0000000080007E48 (0x33450513) addi a0, a0, 0x334
x10 <- 0x00000000B504F334
mem[X,0x0000000080007E4C] -> 0x35B7
mem[X,0x0000000080007E4E] -> 0x3333
[8088] [M]: 0x0000000080007E4C (0x333335B7) lui a1, 0x33333
x11 <- 0x0000000033333000
mem[X,0x0000000080007E50] -> 0x8593
mem[X,0x0000000080007E52] -> 0x3335
[8089] [M]: 0x0000000080007E50 (0x33358593) addi a1, a1, 0x333
x11 <- 0x0000000033333333
mem[X,0x0000000080007E54] -> 0x9593
mem[X,0x0000000080007E56] -> 0x00B5
[8090] [M]: 0x0000000080007E54 (0x00B59593) slli a1, a1, 0xb
x11 <- 0x0000019999999800
mem[X,0x0000000080007E58] -> 0x8593
mem[X,0x0000000080007E5A] -> 0x1995
[8091] [M]: 0x0000000080007E58 (0x19958593) addi a1, a1, 0x199
x11 <- 0x0000019999999999
mem[X,0x0000000080007E5C] -> 0x9593
mem[X,0x0000000080007E5E] -> 0x00B5
[8092] [M]: 0x0000000080007E5C (0x00B59593) slli a1, a1, 0xb
x11 <- 0x000CCCCCCCCCC800
mem[X,0x0000000080007E60] -> 0x8593
mem[X,0x0000000080007E62] -> 0x4CC5
[8093] [M]: 0x0000000080007E60 (0x4CC58593) addi a1, a1, 0x4cc
x11 <- 0x000CCCCCCCCCCCCC
mem[X,0x0000000080007E64] -> 0x9593
mem[X,0x0000000080007E66] -> 0x00A5
[8094] [M]: 0x0000000080007E64 (0x00A59593) slli a1, a1, 0xa
x11 <- 0x3333333333333000
mem[X,0x0000000080007E68] -> 0x8593
mem[X,0x0000000080007E6A] -> 0x3325
[8095] [M]: 0x0000000080007E68 (0x33258593) addi a1, a1, 0x332
x11 <- 0x3333333333333332
mem[X,0x0000000080007E6C] -> 0x063B
mem[X,0x0000000080007E6E] -> 0x40B5
[8096] [M]: 0x0000000080007E6C (0x40B5063B) subw a2, a0, a1
x12 <- 0xFFFFFFFF81D1C002
mem[X,0x0000000080007E70] -> 0xB423
mem[X,0x0000000080007E72] -> 0x3EC2
[8097] [M]: 0x0000000080007E70 (0x3EC2B423) sd a2, 0x3e8(t0)
mem[0x000000008000C590] <- 0xFFFFFFFF81D1C002
mem[X,0x0000000080007E74] -> 0x0537
mem[X,0x0000000080007E76] -> 0x0000
[8098] [M]: 0x0000000080007E74 (0x00000537) lui a0, 0x0
x10 <- 0x0000000000000000
mem[X,0x0000000080007E78] -> 0x0513
mem[X,0x0000000080007E7A] -> 0x0005
[8099] [M]: 0x0000000080007E78 (0x00050513) addi a0, a0, 0x0
x10 <- 0x0000000000000000
clint::tick mtime <- 0x0000000000000051
 clint timer pending at mtime 0x0000000000000051
htif::tick 0x0000000000000000
mem[X,0x0000000080007E7C] -> 0x1513
mem[X,0x0000000080007E7E] -> 0x00B5
[8100] [M]: 0x0000000080007E7C (0x00B51513) slli a0, a0, 0xb
x10 <- 0x0000000000000000
mem[X,0x0000000080007E80] -> 0x0513
mem[X,0x0000000080007E82] -> 0x5A85
[8101] [M]: 0x0000000080007E80 (0x5A850513) addi a0, a0, 0x5a8
x10 <- 0x00000000000005A8
mem[X,0x0000000080007E84] -> 0x1513
mem[X,0x0000000080007E86] -> 0x00B5
[8102] [M]: 0x0000000080007E84 (0x00B51513) slli a0, a0, 0xb
x10 <- 0x00000000002D4000
mem[X,0x0000000080007E88] -> 0x0513
mem[X,0x0000000080007E8A] -> 0x13C5
[8103] [M]: 0x0000000080007E88 (0x13C50513) addi a0, a0, 0x13c
x10 <- 0x00000000002D413C
mem[X,0x0000000080007E8C] -> 0x1513
mem[X,0x0000000080007E8E] -> 0x00A5
[8104] [M]: 0x0000000080007E8C (0x00A51513) slli a0, a0, 0xa
x10 <- 0x00000000B504F000
mem[X,0x0000000080007E90] -> 0x0513
mem[X,0x0000000080007E92] -> 0x3345
[8105] [M]: 0x0000000080007E90 (0x33450513) addi a0, a0, 0x334
x10 <- 0x00000000B504F334
mem[X,0x0000000080007E94] -> 0x65B7
mem[X,0x0000000080007E96] -> 0x6666
[8106] [M]: 0x0000000080007E94 (0x666665B7) lui a1, 0x66666
x11 <- 0x0000000066666000
mem[X,0x0000000080007E98] -> 0x8593
mem[X,0x0000000080007E9A] -> 0x6665
[8107] [M]: 0x0000000080007E98 (0x66658593) addi a1, a1, 0x666
x11 <- 0x0000000066666666
mem[X,0x0000000080007E9C] -> 0x9593
mem[X,0x0000000080007E9E] -> 0x00B5
[8108] [M]: 0x0000000080007E9C (0x00B59593) slli a1, a1, 0xb
x11 <- 0x0000033333333000
mem[X,0x0000000080007EA0] -> 0x8593
mem[X,0x0000000080007EA2] -> 0x3335
[8109] [M]: 0x0000000080007EA0 (0x33358593) addi a1, a1, 0x333
x11 <- 0x0000033333333333
mem[X,0x0000000080007EA4] -> 0x9593
mem[X,0x0000000080007EA6] -> 0x00B5
[8110] [M]: 0x0000000080007EA4 (0x00B59593) slli a1, a1, 0xb
x11 <- 0x0019999999999800
mem[X,0x0000000080007EA8] -> 0x8593
mem[X,0x0000000080007EAA] -> 0x1995
[8111] [M]: 0x0000000080007EA8 (0x19958593) addi a1, a1, 0x199
x11 <- 0x0019999999999999
mem[X,0x0000000080007EAC] -> 0x9593
mem[X,0x0000000080007EAE] -> 0x00A5
[8112] [M]: 0x0000000080007EAC (0x00A59593) slli a1, a1, 0xa
x11 <- 0x6666666666666400
mem[X,0x0000000080007EB0] -> 0x8593
mem[X,0x0000000080007EB2] -> 0x2655
[8113] [M]: 0x0000000080007EB0 (0x26558593) addi a1, a1, 0x265
x11 <- 0x6666666666666665
mem[X,0x0000000080007EB4] -> 0x063B
mem[X,0x0000000080007EB6] -> 0x40B5
[8114] [M]: 0x0000000080007EB4 (0x40B5063B) subw a2, a0, a1
x12 <- 0x000000004E9E8CCF
mem[X,0x0000000080007EB8] -> 0xB823
mem[X,0x0000000080007EBA] -> 0x3EC2
[8115] [M]: 0x0000000080007EB8 (0x3EC2B823) sd a2, 0x3f0(t0)
mem[0x000000008000C598] <- 0x000000004E9E8CCF
mem[X,0x0000000080007EBC] -> 0x0537
mem[X,0x0000000080007EBE] -> 0x0000
[8116] [M]: 0x0000000080007EBC (0x00000537) lui a0, 0x0
x10 <- 0x0000000000000000
mem[X,0x0000000080007EC0] -> 0x0513
mem[X,0x0000000080007EC2] -> 0x0005
[8117] [M]: 0x0000000080007EC0 (0x00050513) addi a0, a0, 0x0
x10 <- 0x0000000000000000
mem[X,0x0000000080007EC4] -> 0x1513
mem[X,0x0000000080007EC6] -> 0x00B5
[8118] [M]: 0x0000000080007EC4 (0x00B51513) slli a0, a0, 0xb
x10 <- 0x0000000000000000
mem[X,0x0000000080007EC8] -> 0x0513
mem[X,0x0000000080007ECA] -> 0x5A85
[8119] [M]: 0x0000000080007EC8 (0x5A850513) addi a0, a0, 0x5a8
x10 <- 0x00000000000005A8
mem[X,0x0000000080007ECC] -> 0x1513
mem[X,0x0000000080007ECE] -> 0x00B5
[8120] [M]: 0x0000000080007ECC (0x00B51513) slli a0, a0, 0xb
x10 <- 0x00000000002D4000
mem[X,0x0000000080007ED0] -> 0x0513
mem[X,0x0000000080007ED2] -> 0x13C5
[8121] [M]: 0x0000000080007ED0 (0x13C50513) addi a0, a0, 0x13c
x10 <- 0x00000000002D413C
mem[X,0x0000000080007ED4] -> 0x1513
mem[X,0x0000000080007ED6] -> 0x00A5
[8122] [M]: 0x0000000080007ED4 (0x00A51513) slli a0, a0, 0xa
x10 <- 0x00000000B504F000
mem[X,0x0000000080007ED8] -> 0x0513
mem[X,0x0000000080007EDA] -> 0x3345
[8123] [M]: 0x0000000080007ED8 (0x33450513) addi a0, a0, 0x334
x10 <- 0x00000000B504F334
mem[X,0x0000000080007EDC] -> 0x05B7
mem[X,0x0000000080007EDE] -> 0x0000
[8124] [M]: 0x0000000080007EDC (0x000005B7) lui a1, 0x0
x11 <- 0x0000000000000000
mem[X,0x0000000080007EE0] -> 0x8593
mem[X,0x0000000080007EE2] -> 0x0005
[8125] [M]: 0x0000000080007EE0 (0x00058593) addi a1, a1, 0x0
x11 <- 0x0000000000000000
mem[X,0x0000000080007EE4] -> 0x9593
mem[X,0x0000000080007EE6] -> 0x00B5
[8126] [M]: 0x0000000080007EE4 (0x00B59593) slli a1, a1, 0xb
x11 <- 0x0000000000000000
mem[X,0x0000000080007EE8] -> 0x8593
mem[X,0x0000000080007EEA] -> 0x5A85
[8127] [M]: 0x0000000080007EE8 (0x5A858593) addi a1, a1, 0x5a8
x11 <- 0x00000000000005A8
mem[X,0x0000000080007EEC] -> 0x9593
mem[X,0x0000000080007EEE] -> 0x00B5
[8128] [M]: 0x0000000080007EEC (0x00B59593) slli a1, a1, 0xb
x11 <- 0x00000000002D4000
mem[X,0x0000000080007EF0] -> 0x8593
mem[X,0x0000000080007EF2] -> 0x13C5
[8129] [M]: 0x0000000080007EF0 (0x13C58593) addi a1, a1, 0x13c
x11 <- 0x00000000002D413C
mem[X,0x0000000080007EF4] -> 0x9593
mem[X,0x0000000080007EF6] -> 0x00A5
[8130] [M]: 0x0000000080007EF4 (0x00A59593) slli a1, a1, 0xa
x11 <- 0x00000000B504F000
mem[X,0x0000000080007EF8] -> 0x8593
mem[X,0x0000000080007EFA] -> 0x3325
[8131] [M]: 0x0000000080007EF8 (0x33258593) addi a1, a1, 0x332
x11 <- 0x00000000B504F332
mem[X,0x0000000080007EFC] -> 0x063B
mem[X,0x0000000080007EFE] -> 0x40B5
[8132] [M]: 0x0000000080007EFC (0x40B5063B) subw a2, a0, a1
x12 <- 0x0000000000000002
mem[X,0x0000000080007F00] -> 0xBC23
mem[X,0x0000000080007F02] -> 0x3EC2
[8133] [M]: 0x0000000080007F00 (0x3EC2BC23) sd a2, 0x3f8(t0)
mem[0x000000008000C5A0] <- 0x0000000000000002
mem[X,0x0000000080007F04] -> 0x0537
mem[X,0x0000000080007F06] -> 0x0000
[8134] [M]: 0x0000000080007F04 (0x00000537) lui a0, 0x0
x10 <- 0x0000000000000000
mem[X,0x0000000080007F08] -> 0x0513
mem[X,0x0000000080007F0A] -> 0x0005
[8135] [M]: 0x0000000080007F08 (0x00050513) addi a0, a0, 0x0
x10 <- 0x0000000000000000
mem[X,0x0000000080007F0C] -> 0x1513
mem[X,0x0000000080007F0E] -> 0x00B5
[8136] [M]: 0x0000000080007F0C (0x00B51513) slli a0, a0, 0xb
x10 <- 0x0000000000000000
mem[X,0x0000000080007F10] -> 0x0513
mem[X,0x0000000080007F12] -> 0x5A85
[8137] [M]: 0x0000000080007F10 (0x5A850513) addi a0, a0, 0x5a8
x10 <- 0x00000000000005A8
mem[X,0x0000000080007F14] -> 0x1513
mem[X,0x0000000080007F16] -> 0x00B5
[8138] [M]: 0x0000000080007F14 (0x00B51513) slli a0, a0, 0xb
x10 <- 0x00000000002D4000
mem[X,0x0000000080007F18] -> 0x0513
mem[X,0x0000000080007F1A] -> 0x13C5
[8139] [M]: 0x0000000080007F18 (0x13C50513) addi a0, a0, 0x13c
x10 <- 0x00000000002D413C
mem[X,0x0000000080007F1C] -> 0x1513
mem[X,0x0000000080007F1E] -> 0x00A5
[8140] [M]: 0x0000000080007F1C (0x00A51513) slli a0, a0, 0xa
x10 <- 0x00000000B504F000
mem[X,0x0000000080007F20] -> 0x0513
mem[X,0x0000000080007F22] -> 0x3345
[8141] [M]: 0x0000000080007F20 (0x33450513) addi a0, a0, 0x334
x10 <- 0x00000000B504F334
mem[X,0x0000000080007F24] -> 0x55B7
mem[X,0x0000000080007F26] -> 0x5555
[8142] [M]: 0x0000000080007F24 (0x555555B7) lui a1, 0x55555
x11 <- 0x0000000055555000
mem[X,0x0000000080007F28] -> 0x8593
mem[X,0x0000000080007F2A] -> 0x5555
[8143] [M]: 0x0000000080007F28 (0x55558593) addi a1, a1, 0x555
x11 <- 0x0000000055555555
mem[X,0x0000000080007F2C] -> 0x9593
mem[X,0x0000000080007F2E] -> 0x00B5
[8144] [M]: 0x0000000080007F2C (0x00B59593) slli a1, a1, 0xb
x11 <- 0x000002AAAAAAA800
mem[X,0x0000000080007F30] -> 0x8593
mem[X,0x0000000080007F32] -> 0x2AA5
[8145] [M]: 0x0000000080007F30 (0x2AA58593) addi a1, a1, 0x2aa
x11 <- 0x000002AAAAAAAAAA
mem[X,0x0000000080007F34] -> 0x9593
mem[X,0x0000000080007F36] -> 0x00B5
[8146] [M]: 0x0000000080007F34 (0x00B59593) slli a1, a1, 0xb
x11 <- 0x0015555555555000
mem[X,0x0000000080007F38] -> 0x8593
mem[X,0x0000000080007F3A] -> 0x5555
[8147] [M]: 0x0000000080007F38 (0x55558593) addi a1, a1, 0x555
x11 <- 0x0015555555555555
mem[X,0x0000000080007F3C] -> 0x9593
mem[X,0x0000000080007F3E] -> 0x00A5
[8148] [M]: 0x0000000080007F3C (0x00A59593) slli a1, a1, 0xa
x11 <- 0x5555555555555400
mem[X,0x0000000080007F40] -> 0x8593
mem[X,0x0000000080007F42] -> 0x1565
[8149] [M]: 0x0000000080007F40 (0x15658593) addi a1, a1, 0x156
x11 <- 0x5555555555555556
mem[X,0x0000000080007F44] -> 0x063B
mem[X,0x0000000080007F46] -> 0x40B5
[8150] [M]: 0x0000000080007F44 (0x40B5063B) subw a2, a0, a1
x12 <- 0x000000005FAF9DDE
mem[X,0x0000000080007F48] -> 0xB023
mem[X,0x0000000080007F4A] -> 0x40C2
[8151] [M]: 0x0000000080007F48 (0x40C2B023) sd a2, 0x400(t0)
mem[0x000000008000C5A8] <- 0x000000005FAF9DDE
mem[X,0x0000000080007F4C] -> 0x0537
mem[X,0x0000000080007F4E] -> 0x0000
[8152] [M]: 0x0000000080007F4C (0x00000537) lui a0, 0x0
x10 <- 0x0000000000000000
mem[X,0x0000000080007F50] -> 0x0513
mem[X,0x0000000080007F52] -> 0x0005
[8153] [M]: 0x0000000080007F50 (0x00050513) addi a0, a0, 0x0
x10 <- 0x0000000000000000
mem[X,0x0000000080007F54] -> 0x1513
mem[X,0x0000000080007F56] -> 0x00B5
[8154] [M]: 0x0000000080007F54 (0x00B51513) slli a0, a0, 0xb
x10 <- 0x0000000000000000
mem[X,0x0000000080007F58] -> 0x0513
mem[X,0x0000000080007F5A] -> 0x5A85
[8155] [M]: 0x0000000080007F58 (0x5A850513) addi a0, a0, 0x5a8
x10 <- 0x00000000000005A8
mem[X,0x0000000080007F5C] -> 0x1513
mem[X,0x0000000080007F5E] -> 0x00B5
[8156] [M]: 0x0000000080007F5C (0x00B51513) slli a0, a0, 0xb
x10 <- 0x00000000002D4000
mem[X,0x0000000080007F60] -> 0x0513
mem[X,0x0000000080007F62] -> 0x13C5
[8157] [M]: 0x0000000080007F60 (0x13C50513) addi a0, a0, 0x13c
x10 <- 0x00000000002D413C
mem[X,0x0000000080007F64] -> 0x1513
mem[X,0x0000000080007F66] -> 0x00A5
[8158] [M]: 0x0000000080007F64 (0x00A51513) slli a0, a0, 0xa
x10 <- 0x00000000B504F000
mem[X,0x0000000080007F68] -> 0x0513
mem[X,0x0000000080007F6A] -> 0x3345
[8159] [M]: 0x0000000080007F68 (0x33450513) addi a0, a0, 0x334
x10 <- 0x00000000B504F334
mem[X,0x0000000080007F6C] -> 0xB5B7
mem[X,0x0000000080007F6E] -> 0xAAAA
[8160] [M]: 0x0000000080007F6C (0xAAAAB5B7) lui a1, -0x55555
x11 <- 0xFFFFFFFFAAAAB000
mem[X,0x0000000080007F70] -> 0x8593
mem[X,0x0000000080007F72] -> 0xAAA5
[8161] [M]: 0x0000000080007F70 (0xAAA58593) addi a1, a1, -0x556
x11 <- 0xFFFFFFFFAAAAAAAA
mem[X,0x0000000080007F74] -> 0x9593
mem[X,0x0000000080007F76] -> 0x00B5
[8162] [M]: 0x0000000080007F74 (0x00B59593) slli a1, a1, 0xb
x11 <- 0xFFFFFD5555555000
mem[X,0x0000000080007F78] -> 0x8593
mem[X,0x0000000080007F7A] -> 0x5555
[8163] [M]: 0x0000000080007F78 (0x55558593) addi a1, a1, 0x555
x11 <- 0xFFFFFD5555555555
mem[X,0x0000000080007F7C] -> 0x9593
mem[X,0x0000000080007F7E] -> 0x00B5
[8164] [M]: 0x0000000080007F7C (0x00B59593) slli a1, a1, 0xb
x11 <- 0xFFEAAAAAAAAAA800
mem[X,0x0000000080007F80] -> 0x8593
mem[X,0x0000000080007F82] -> 0x2AA5
[8165] [M]: 0x0000000080007F80 (0x2AA58593) addi a1, a1, 0x2aa
x11 <- 0xFFEAAAAAAAAAAAAA
mem[X,0x0000000080007F84] -> 0x9593
mem[X,0x0000000080007F86] -> 0x00A5
[8166] [M]: 0x0000000080007F84 (0x00A59593) slli a1, a1, 0xa
x11 <- 0xAAAAAAAAAAAAA800
mem[X,0x0000000080007F88] -> 0x8593
mem[X,0x0000000080007F8A] -> 0x2AB5
[8167] [M]: 0x0000000080007F88 (0x2AB58593) addi a1, a1, 0x2ab
x11 <- 0xAAAAAAAAAAAAAAAB
mem[X,0x0000000080007F8C] -> 0x063B
mem[X,0x0000000080007F8E] -> 0x40B5
[8168] [M]: 0x0000000080007F8C (0x40B5063B) subw a2, a0, a1
x12 <- 0x000000000A5A4889
mem[X,0x0000000080007F90] -> 0xB423
mem[X,0x0000000080007F92] -> 0x40C2
[8169] [M]: 0x0000000080007F90 (0x40C2B423) sd a2, 0x408(t0)
mem[0x000000008000C5B0] <- 0x000000000A5A4889
mem[X,0x0000000080007F94] -> 0x0537
mem[X,0x0000000080007F96] -> 0x0000
[8170] [M]: 0x0000000080007F94 (0x00000537) lui a0, 0x0
x10 <- 0x0000000000000000
mem[X,0x0000000080007F98] -> 0x0513
mem[X,0x0000000080007F9A] -> 0x0005
[8171] [M]: 0x0000000080007F98 (0x00050513) addi a0, a0, 0x0
x10 <- 0x0000000000000000
mem[X,0x0000000080007F9C] -> 0x1513
mem[X,0x0000000080007F9E] -> 0x00B5
[8172] [M]: 0x0000000080007F9C (0x00B51513) slli a0, a0, 0xb
x10 <- 0x0000000000000000
mem[X,0x0000000080007FA0] -> 0x0513
mem[X,0x0000000080007FA2] -> 0x5A85
[8173] [M]: 0x0000000080007FA0 (0x5A850513) addi a0, a0, 0x5a8
x10 <- 0x00000000000005A8
mem[X,0x0000000080007FA4] -> 0x1513
mem[X,0x0000000080007FA6] -> 0x00B5
[8174] [M]: 0x0000000080007FA4 (0x00B51513) slli a0, a0, 0xb
x10 <- 0x00000000002D4000
mem[X,0x0000000080007FA8] -> 0x0513
mem[X,0x0000000080007FAA] -> 0x13C5
[8175] [M]: 0x0000000080007FA8 (0x13C50513) addi a0, a0, 0x13c
x10 <- 0x00000000002D413C
mem[X,0x0000000080007FAC] -> 0x1513
mem[X,0x0000000080007FAE] -> 0x00A5
[8176] [M]: 0x0000000080007FAC (0x00A51513) slli a0, a0, 0xa
x10 <- 0x00000000B504F000
mem[X,0x0000000080007FB0] -> 0x0513
mem[X,0x0000000080007FB2] -> 0x3345
[8177] [M]: 0x0000000080007FB0 (0x33450513) addi a0, a0, 0x334
x10 <- 0x00000000B504F334
mem[X,0x0000000080007FB4] -> 0x0593
mem[X,0x0000000080007FB6] -> 0x0060
[8178] [M]: 0x0000000080007FB4 (0x00600593) addi a1, zero, 0x6
x11 <- 0x0000000000000006
mem[X,0x0000000080007FB8] -> 0x063B
mem[X,0x0000000080007FBA] -> 0x40B5
[8179] [M]: 0x0000000080007FB8 (0x40B5063B) subw a2, a0, a1
x12 <- 0xFFFFFFFFB504F32E
mem[X,0x0000000080007FBC] -> 0xB823
mem[X,0x0000000080007FBE] -> 0x40C2
[8180] [M]: 0x0000000080007FBC (0x40C2B823) sd a2, 0x410(t0)
mem[0x000000008000C5B8] <- 0xFFFFFFFFB504F32E
mem[X,0x0000000080007FC0] -> 0x0537
mem[X,0x0000000080007FC2] -> 0x0000
[8181] [M]: 0x0000000080007FC0 (0x00000537) lui a0, 0x0
x10 <- 0x0000000000000000
mem[X,0x0000000080007FC4] -> 0x0513
mem[X,0x0000000080007FC6] -> 0x0005
[8182] [M]: 0x0000000080007FC4 (0x00050513) addi a0, a0, 0x0
x10 <- 0x0000000000000000
mem[X,0x0000000080007FC8] -> 0x1513
mem[X,0x0000000080007FCA] -> 0x00B5
[8183] [M]: 0x0000000080007FC8 (0x00B51513) slli a0, a0, 0xb
x10 <- 0x0000000000000000
mem[X,0x0000000080007FCC] -> 0x0513
mem[X,0x0000000080007FCE] -> 0x5A85
[8184] [M]: 0x0000000080007FCC (0x5A850513) addi a0, a0, 0x5a8
x10 <- 0x00000000000005A8
mem[X,0x0000000080007FD0] -> 0x1513
mem[X,0x0000000080007FD2] -> 0x00B5
[8185] [M]: 0x0000000080007FD0 (0x00B51513) slli a0, a0, 0xb
x10 <- 0x00000000002D4000
mem[X,0x0000000080007FD4] -> 0x0513
mem[X,0x0000000080007FD6] -> 0x13C5
[8186] [M]: 0x0000000080007FD4 (0x13C50513) addi a0, a0, 0x13c
x10 <- 0x00000000002D413C
mem[X,0x0000000080007FD8] -> 0x1513
mem[X,0x0000000080007FDA] -> 0x00A5
[8187] [M]: 0x0000000080007FD8 (0x00A51513) slli a0, a0, 0xa
x10 <- 0x00000000B504F000
mem[X,0x0000000080007FDC] -> 0x0513
mem[X,0x0000000080007FDE] -> 0x3345
[8188] [M]: 0x0000000080007FDC (0x33450513) addi a0, a0, 0x334
x10 <- 0x00000000B504F334
mem[X,0x0000000080007FE0] -> 0x35B7
mem[X,0x0000000080007FE2] -> 0x3333
[8189] [M]: 0x0000000080007FE0 (0x333335B7) lui a1, 0x33333
x11 <- 0x0000000033333000
mem[X,0x0000000080007FE4] -> 0x8593
mem[X,0x0000000080007FE6] -> 0x3335
[8190] [M]: 0x0000000080007FE4 (0x33358593) addi a1, a1, 0x333
x11 <- 0x0000000033333333
mem[X,0x0000000080007FE8] -> 0x9593
mem[X,0x0000000080007FEA] -> 0x00B5
[8191] [M]: 0x0000000080007FE8 (0x00B59593) slli a1, a1, 0xb
x11 <- 0x0000019999999800
mem[X,0x0000000080007FEC] -> 0x8593
mem[X,0x0000000080007FEE] -> 0x1995
[8192] [M]: 0x0000000080007FEC (0x19958593) addi a1, a1, 0x199
x11 <- 0x0000019999999999
mem[X,0x0000000080007FF0] -> 0x9593
mem[X,0x0000000080007FF2] -> 0x00B5
[8193] [M]: 0x0000000080007FF0 (0x00B59593) slli a1, a1, 0xb
x11 <- 0x000CCCCCCCCCC800
mem[X,0x0000000080007FF4] -> 0x8593
mem[X,0x0000000080007FF6] -> 0x4CC5
[8194] [M]: 0x0000000080007FF4 (0x4CC58593) addi a1, a1, 0x4cc
x11 <- 0x000CCCCCCCCCCCCC
mem[X,0x0000000080007FF8] -> 0x9593
mem[X,0x0000000080007FFA] -> 0x00A5
[8195] [M]: 0x0000000080007FF8 (0x00A59593) slli a1, a1, 0xa
x11 <- 0x3333333333333000
mem[X,0x0000000080007FFC] -> 0x8593
mem[X,0x0000000080007FFE] -> 0x3345
[8196] [M]: 0x0000000080007FFC (0x33458593) addi a1, a1, 0x334
x11 <- 0x3333333333333334
mem[X,0x0000000080008000] -> 0x063B
mem[X,0x0000000080008002] -> 0x40B5
[8197] [M]: 0x0000000080008000 (0x40B5063B) subw a2, a0, a1
x12 <- 0xFFFFFFFF81D1C000
mem[X,0x0000000080008004] -> 0xBC23
mem[X,0x0000000080008006] -> 0x40C2
[8198] [M]: 0x0000000080008004 (0x40C2BC23) sd a2, 0x418(t0)
mem[0x000000008000C5C0] <- 0xFFFFFFFF81D1C000
mem[X,0x0000000080008008] -> 0x0537
mem[X,0x000000008000800A] -> 0x0000
[8199] [M]: 0x0000000080008008 (0x00000537) lui a0, 0x0
x10 <- 0x0000000000000000
clint::tick mtime <- 0x0000000000000052
 clint timer pending at mtime 0x0000000000000052
htif::tick 0x0000000000000000
mem[X,0x000000008000800C] -> 0x0513
mem[X,0x000000008000800E] -> 0x0005
[8200] [M]: 0x000000008000800C (0x00050513) addi a0, a0, 0x0
x10 <- 0x0000000000000000
mem[X,0x0000000080008010] -> 0x1513
mem[X,0x0000000080008012] -> 0x00B5
[8201] [M]: 0x0000000080008010 (0x00B51513) slli a0, a0, 0xb
x10 <- 0x0000000000000000
mem[X,0x0000000080008014] -> 0x0513
mem[X,0x0000000080008016] -> 0x5A85
[8202] [M]: 0x0000000080008014 (0x5A850513) addi a0, a0, 0x5a8
x10 <- 0x00000000000005A8
mem[X,0x0000000080008018] -> 0x1513
mem[X,0x000000008000801A] -> 0x00B5
[8203] [M]: 0x0000000080008018 (0x00B51513) slli a0, a0, 0xb
x10 <- 0x00000000002D4000
mem[X,0x000000008000801C] -> 0x0513
mem[X,0x000000008000801E] -> 0x13C5
[8204] [M]: 0x000000008000801C (0x13C50513) addi a0, a0, 0x13c
x10 <- 0x00000000002D413C
mem[X,0x0000000080008020] -> 0x1513
mem[X,0x0000000080008022] -> 0x00A5
[8205] [M]: 0x0000000080008020 (0x00A51513) slli a0, a0, 0xa
x10 <- 0x00000000B504F000
mem[X,0x0000000080008024] -> 0x0513
mem[X,0x0000000080008026] -> 0x3345
[8206] [M]: 0x0000000080008024 (0x33450513) addi a0, a0, 0x334
x10 <- 0x00000000B504F334
mem[X,0x0000000080008028] -> 0x65B7
mem[X,0x000000008000802A] -> 0x6666
[8207] [M]: 0x0000000080008028 (0x666665B7) lui a1, 0x66666
x11 <- 0x0000000066666000
mem[X,0x000000008000802C] -> 0x8593
mem[X,0x000000008000802E] -> 0x6665
[8208] [M]: 0x000000008000802C (0x66658593) addi a1, a1, 0x666
x11 <- 0x0000000066666666
mem[X,0x0000000080008030] -> 0x9593
mem[X,0x0000000080008032] -> 0x00B5
[8209] [M]: 0x0000000080008030 (0x00B59593) slli a1, a1, 0xb
x11 <- 0x0000033333333000
mem[X,0x0000000080008034] -> 0x8593
mem[X,0x0000000080008036] -> 0x3335
[8210] [M]: 0x0000000080008034 (0x33358593) addi a1, a1, 0x333
x11 <- 0x0000033333333333
mem[X,0x0000000080008038] -> 0x9593
mem[X,0x000000008000803A] -> 0x00B5
[8211] [M]: 0x0000000080008038 (0x00B59593) slli a1, a1, 0xb
x11 <- 0x0019999999999800
mem[X,0x000000008000803C] -> 0x8593
mem[X,0x000000008000803E] -> 0x1995
[8212] [M]: 0x000000008000803C (0x19958593) addi a1, a1, 0x199
x11 <- 0x0019999999999999
mem[X,0x0000000080008040] -> 0x9593
mem[X,0x0000000080008042] -> 0x00A5
[8213] [M]: 0x0000000080008040 (0x00A59593) slli a1, a1, 0xa
x11 <- 0x6666666666666400
mem[X,0x0000000080008044] -> 0x8593
mem[X,0x0000000080008046] -> 0x2675
[8214] [M]: 0x0000000080008044 (0x26758593) addi a1, a1, 0x267
x11 <- 0x6666666666666667
mem[X,0x0000000080008048] -> 0x063B
mem[X,0x000000008000804A] -> 0x40B5
[8215] [M]: 0x0000000080008048 (0x40B5063B) subw a2, a0, a1
x12 <- 0x000000004E9E8CCD
mem[X,0x000000008000804C] -> 0xB023
mem[X,0x000000008000804E] -> 0x42C2
[8216] [M]: 0x000000008000804C (0x42C2B023) sd a2, 0x420(t0)
mem[0x000000008000C5C8] <- 0x000000004E9E8CCD
mem[X,0x0000000080008050] -> 0x0537
mem[X,0x0000000080008052] -> 0x0000
[8217] [M]: 0x0000000080008050 (0x00000537) lui a0, 0x0
x10 <- 0x0000000000000000
mem[X,0x0000000080008054] -> 0x0513
mem[X,0x0000000080008056] -> 0x0005
[8218] [M]: 0x0000000080008054 (0x00050513) addi a0, a0, 0x0
x10 <- 0x0000000000000000
mem[X,0x0000000080008058] -> 0x1513
mem[X,0x000000008000805A] -> 0x00B5
[8219] [M]: 0x0000000080008058 (0x00B51513) slli a0, a0, 0xb
x10 <- 0x0000000000000000
mem[X,0x000000008000805C] -> 0x0513
mem[X,0x000000008000805E] -> 0x5A85
[8220] [M]: 0x000000008000805C (0x5A850513) addi a0, a0, 0x5a8
x10 <- 0x00000000000005A8
mem[X,0x0000000080008060] -> 0x1513
mem[X,0x0000000080008062] -> 0x00B5
[8221] [M]: 0x0000000080008060 (0x00B51513) slli a0, a0, 0xb
x10 <- 0x00000000002D4000
mem[X,0x0000000080008064] -> 0x0513
mem[X,0x0000000080008066] -> 0x13C5
[8222] [M]: 0x0000000080008064 (0x13C50513) addi a0, a0, 0x13c
x10 <- 0x00000000002D413C
mem[X,0x0000000080008068] -> 0x1513
mem[X,0x000000008000806A] -> 0x00A5
[8223] [M]: 0x0000000080008068 (0x00A51513) slli a0, a0, 0xa
x10 <- 0x00000000B504F000
mem[X,0x000000008000806C] -> 0x0513
mem[X,0x000000008000806E] -> 0x3345
[8224] [M]: 0x000000008000806C (0x33450513) addi a0, a0, 0x334
x10 <- 0x00000000B504F334
mem[X,0x0000000080008070] -> 0x05B7
mem[X,0x0000000080008072] -> 0x0000
[8225] [M]: 0x0000000080008070 (0x000005B7) lui a1, 0x0
x11 <- 0x0000000000000000
mem[X,0x0000000080008074] -> 0x8593
mem[X,0x0000000080008076] -> 0xFFF5
[8226] [M]: 0x0000000080008074 (0xFFF58593) addi a1, a1, -0x1
x11 <- 0xFFFFFFFFFFFFFFFF
mem[X,0x0000000080008078] -> 0x9593
mem[X,0x000000008000807A] -> 0x00B5
[8227] [M]: 0x0000000080008078 (0x00B59593) slli a1, a1, 0xb
x11 <- 0xFFFFFFFFFFFFF800
mem[X,0x000000008000807C] -> 0x8593
mem[X,0x000000008000807E] -> 0x2575
[8228] [M]: 0x000000008000807C (0x25758593) addi a1, a1, 0x257
x11 <- 0xFFFFFFFFFFFFFA57
mem[X,0x0000000080008080] -> 0x9593
mem[X,0x0000000080008082] -> 0x00B5
[8229] [M]: 0x0000000080008080 (0x00B59593) slli a1, a1, 0xb
x11 <- 0xFFFFFFFFFFD2B800
mem[X,0x0000000080008084] -> 0x8593
mem[X,0x0000000080008086] -> 0x6C35
[8230] [M]: 0x0000000080008084 (0x6C358593) addi a1, a1, 0x6c3
x11 <- 0xFFFFFFFFFFD2BEC3
mem[X,0x0000000080008088] -> 0x9593
mem[X,0x000000008000808A] -> 0x00A5
[8231] [M]: 0x0000000080008088 (0x00A59593) slli a1, a1, 0xa
x11 <- 0xFFFFFFFF4AFB0C00
mem[X,0x000000008000808C] -> 0x8593
mem[X,0x000000008000808E] -> 0x0CE5
[8232] [M]: 0x000000008000808C (0x0CE58593) addi a1, a1, 0xce
x11 <- 0xFFFFFFFF4AFB0CCE
mem[X,0x0000000080008090] -> 0x063B
mem[X,0x0000000080008092] -> 0x40B5
[8233] [M]: 0x0000000080008090 (0x40B5063B) subw a2, a0, a1
x12 <- 0x000000006A09E666
mem[X,0x0000000080008094] -> 0xB423
mem[X,0x0000000080008096] -> 0x42C2
[8234] [M]: 0x0000000080008094 (0x42C2B423) sd a2, 0x428(t0)
mem[0x000000008000C5D0] <- 0x000000006A09E666
mem[X,0x0000000080008098] -> 0x0537
mem[X,0x000000008000809A] -> 0x0000
[8235] [M]: 0x0000000080008098 (0x00000537) lui a0, 0x0
x10 <- 0x0000000000000000
mem[X,0x000000008000809C] -> 0x0513
mem[X,0x000000008000809E] -> 0x0005
[8236] [M]: 0x000000008000809C (0x00050513) addi a0, a0, 0x0
x10 <- 0x0000000000000000
mem[X,0x00000000800080A0] -> 0x1513
mem[X,0x00000000800080A2] -> 0x00B5
[8237] [M]: 0x00000000800080A0 (0x00B51513) slli a0, a0, 0xb
x10 <- 0x0000000000000000
mem[X,0x00000000800080A4] -> 0x0513
mem[X,0x00000000800080A6] -> 0x5A85
[8238] [M]: 0x00000000800080A4 (0x5A850513) addi a0, a0, 0x5a8
x10 <- 0x00000000000005A8
mem[X,0x00000000800080A8] -> 0x1513
mem[X,0x00000000800080AA] -> 0x00B5
[8239] [M]: 0x00000000800080A8 (0x00B51513) slli a0, a0, 0xb
x10 <- 0x00000000002D4000
mem[X,0x00000000800080AC] -> 0x0513
mem[X,0x00000000800080AE] -> 0x13C5
[8240] [M]: 0x00000000800080AC (0x13C50513) addi a0, a0, 0x13c
x10 <- 0x00000000002D413C
mem[X,0x00000000800080B0] -> 0x1513
mem[X,0x00000000800080B2] -> 0x00A5
[8241] [M]: 0x00000000800080B0 (0x00A51513) slli a0, a0, 0xa
x10 <- 0x00000000B504F000
mem[X,0x00000000800080B4] -> 0x0513
mem[X,0x00000000800080B6] -> 0x3345
[8242] [M]: 0x00000000800080B4 (0x33450513) addi a0, a0, 0x334
x10 <- 0x00000000B504F334
mem[X,0x00000000800080B8] -> 0x05B7
mem[X,0x00000000800080BA] -> 0x0000
[8243] [M]: 0x00000000800080B8 (0x000005B7) lui a1, 0x0
x11 <- 0x0000000000000000
mem[X,0x00000000800080BC] -> 0x8593
mem[X,0x00000000800080BE] -> 0x0005
[8244] [M]: 0x00000000800080BC (0x00058593) addi a1, a1, 0x0
x11 <- 0x0000000000000000
mem[X,0x00000000800080C0] -> 0x9593
mem[X,0x00000000800080C2] -> 0x00B5
[8245] [M]: 0x00000000800080C0 (0x00B59593) slli a1, a1, 0xb
x11 <- 0x0000000000000000
mem[X,0x00000000800080C4] -> 0x8593
mem[X,0x00000000800080C6] -> 0x5A85
[8246] [M]: 0x00000000800080C4 (0x5A858593) addi a1, a1, 0x5a8
x11 <- 0x00000000000005A8
mem[X,0x00000000800080C8] -> 0x9593
mem[X,0x00000000800080CA] -> 0x00B5
[8247] [M]: 0x00000000800080C8 (0x00B59593) slli a1, a1, 0xb
x11 <- 0x00000000002D4000
mem[X,0x00000000800080CC] -> 0x8593
mem[X,0x00000000800080CE] -> 0x13C5
[8248] [M]: 0x00000000800080CC (0x13C58593) addi a1, a1, 0x13c
x11 <- 0x00000000002D413C
mem[X,0x00000000800080D0] -> 0x9593
mem[X,0x00000000800080D2] -> 0x00A5
[8249] [M]: 0x00000000800080D0 (0x00A59593) slli a1, a1, 0xa
x11 <- 0x00000000B504F000
mem[X,0x00000000800080D4] -> 0x8593
mem[X,0x00000000800080D6] -> 0x3345
[8250] [M]: 0x00000000800080D4 (0x33458593) addi a1, a1, 0x334
x11 <- 0x00000000B504F334
mem[X,0x00000000800080D8] -> 0x063B
mem[X,0x00000000800080DA] -> 0x40B5
[8251] [M]: 0x00000000800080D8 (0x40B5063B) subw a2, a0, a1
x12 <- 0x0000000000000000
mem[X,0x00000000800080DC] -> 0xB823
mem[X,0x00000000800080DE] -> 0x42C2
[8252] [M]: 0x00000000800080DC (0x42C2B823) sd a2, 0x430(t0)
mem[0x000000008000C5D8] <- 0x0000000000000000
mem[X,0x00000000800080E0] -> 0x0513
mem[X,0x00000000800080E2] -> 0x0000
[8253] [M]: 0x00000000800080E0 (0x00000513) addi a0, zero, 0x0
x10 <- 0x0000000000000000
mem[X,0x00000000800080E4] -> 0x55B7
mem[X,0x00000000800080E6] -> 0x5555
[8254] [M]: 0x00000000800080E4 (0x555555B7) lui a1, 0x55555
x11 <- 0x0000000055555000
mem[X,0x00000000800080E8] -> 0x8593
mem[X,0x00000000800080EA] -> 0x5555
[8255] [M]: 0x00000000800080E8 (0x55558593) addi a1, a1, 0x555
x11 <- 0x0000000055555555
mem[X,0x00000000800080EC] -> 0x9593
mem[X,0x00000000800080EE] -> 0x00B5
[8256] [M]: 0x00000000800080EC (0x00B59593) slli a1, a1, 0xb
x11 <- 0x000002AAAAAAA800
mem[X,0x00000000800080F0] -> 0x8593
mem[X,0x00000000800080F2] -> 0x2AA5
[8257] [M]: 0x00000000800080F0 (0x2AA58593) addi a1, a1, 0x2aa
x11 <- 0x000002AAAAAAAAAA
mem[X,0x00000000800080F4] -> 0x9593
mem[X,0x00000000800080F6] -> 0x00B5
[8258] [M]: 0x00000000800080F4 (0x00B59593) slli a1, a1, 0xb
x11 <- 0x0015555555555000
mem[X,0x00000000800080F8] -> 0x8593
mem[X,0x00000000800080FA] -> 0x5555
[8259] [M]: 0x00000000800080F8 (0x55558593) addi a1, a1, 0x555
x11 <- 0x0015555555555555
mem[X,0x00000000800080FC] -> 0x9593
mem[X,0x00000000800080FE] -> 0x00A5
[8260] [M]: 0x00000000800080FC (0x00A59593) slli a1, a1, 0xa
x11 <- 0x5555555555555400
mem[X,0x0000000080008100] -> 0x8593
mem[X,0x0000000080008102] -> 0x1545
[8261] [M]: 0x0000000080008100 (0x15458593) addi a1, a1, 0x154
x11 <- 0x5555555555555554
mem[X,0x0000000080008104] -> 0x063B
mem[X,0x0000000080008106] -> 0x40B5
[8262] [M]: 0x0000000080008104 (0x40B5063B) subw a2, a0, a1
x12 <- 0xFFFFFFFFAAAAAAAC
mem[X,0x0000000080008108] -> 0xBC23
mem[X,0x000000008000810A] -> 0x42C2
[8263] [M]: 0x0000000080008108 (0x42C2BC23) sd a2, 0x438(t0)
mem[0x000000008000C5E0] <- 0xFFFFFFFFAAAAAAAC
mem[X,0x000000008000810C] -> 0x0513
mem[X,0x000000008000810E] -> 0x0000
[8264] [M]: 0x000000008000810C (0x00000513) addi a0, zero, 0x0
x10 <- 0x0000000000000000
mem[X,0x0000000080008110] -> 0x0593
mem[X,0x0000000080008112] -> 0x0000
[8265] [M]: 0x0000000080008110 (0x00000593) addi a1, zero, 0x0
x11 <- 0x0000000000000000
mem[X,0x0000000080008114] -> 0x063B
mem[X,0x0000000080008116] -> 0x40B5
[8266] [M]: 0x0000000080008114 (0x40B5063B) subw a2, a0, a1
x12 <- 0x0000000000000000
mem[X,0x0000000080008118] -> 0xB023
mem[X,0x000000008000811A] -> 0x44C2
[8267] [M]: 0x0000000080008118 (0x44C2B023) sd a2, 0x440(t0)
mem[0x000000008000C5E8] <- 0x0000000000000000
mem[X,0x000000008000811C] -> 0x0513
mem[X,0x000000008000811E] -> 0x0000
[8268] [M]: 0x000000008000811C (0x00000513) addi a0, zero, 0x0
x10 <- 0x0000000000000000
mem[X,0x0000000080008120] -> 0x0593
mem[X,0x0000000080008122] -> 0x0040
[8269] [M]: 0x0000000080008120 (0x00400593) addi a1, zero, 0x4
x11 <- 0x0000000000000004
mem[X,0x0000000080008124] -> 0x063B
mem[X,0x0000000080008126] -> 0x40B5
[8270] [M]: 0x0000000080008124 (0x40B5063B) subw a2, a0, a1
x12 <- 0xFFFFFFFFFFFFFFFC
mem[X,0x0000000080008128] -> 0xB423
mem[X,0x000000008000812A] -> 0x44C2
[8271] [M]: 0x0000000080008128 (0x44C2B423) sd a2, 0x448(t0)
mem[0x000000008000C5F0] <- 0xFFFFFFFFFFFFFFFC
mem[X,0x000000008000812C] -> 0x0513
mem[X,0x000000008000812E] -> 0x0000
[8272] [M]: 0x000000008000812C (0x00000513) addi a0, zero, 0x0
x10 <- 0x0000000000000000
mem[X,0x0000000080008130] -> 0x35B7
mem[X,0x0000000080008132] -> 0x3333
[8273] [M]: 0x0000000080008130 (0x333335B7) lui a1, 0x33333
x11 <- 0x0000000033333000
mem[X,0x0000000080008134] -> 0x8593
mem[X,0x0000000080008136] -> 0x3335
[8274] [M]: 0x0000000080008134 (0x33358593) addi a1, a1, 0x333
x11 <- 0x0000000033333333
mem[X,0x0000000080008138] -> 0x9593
mem[X,0x000000008000813A] -> 0x00B5
[8275] [M]: 0x0000000080008138 (0x00B59593) slli a1, a1, 0xb
x11 <- 0x0000019999999800
mem[X,0x000000008000813C] -> 0x8593
mem[X,0x000000008000813E] -> 0x1995
[8276] [M]: 0x000000008000813C (0x19958593) addi a1, a1, 0x199
x11 <- 0x0000019999999999
mem[X,0x0000000080008140] -> 0x9593
mem[X,0x0000000080008142] -> 0x00B5
[8277] [M]: 0x0000000080008140 (0x00B59593) slli a1, a1, 0xb
x11 <- 0x000CCCCCCCCCC800
mem[X,0x0000000080008144] -> 0x8593
mem[X,0x0000000080008146] -> 0x4CC5
[8278] [M]: 0x0000000080008144 (0x4CC58593) addi a1, a1, 0x4cc
x11 <- 0x000CCCCCCCCCCCCC
mem[X,0x0000000080008148] -> 0x9593
mem[X,0x000000008000814A] -> 0x00A5
[8279] [M]: 0x0000000080008148 (0x00A59593) slli a1, a1, 0xa
x11 <- 0x3333333333333000
mem[X,0x000000008000814C] -> 0x8593
mem[X,0x000000008000814E] -> 0x3325
[8280] [M]: 0x000000008000814C (0x33258593) addi a1, a1, 0x332
x11 <- 0x3333333333333332
mem[X,0x0000000080008150] -> 0x063B
mem[X,0x0000000080008152] -> 0x40B5
[8281] [M]: 0x0000000080008150 (0x40B5063B) subw a2, a0, a1
x12 <- 0xFFFFFFFFCCCCCCCE
mem[X,0x0000000080008154] -> 0xB823
mem[X,0x0000000080008156] -> 0x44C2
[8282] [M]: 0x0000000080008154 (0x44C2B823) sd a2, 0x450(t0)
mem[0x000000008000C5F8] <- 0xFFFFFFFFCCCCCCCE
mem[X,0x0000000080008158] -> 0x0513
mem[X,0x000000008000815A] -> 0x0000
[8283] [M]: 0x0000000080008158 (0x00000513) addi a0, zero, 0x0
x10 <- 0x0000000000000000
mem[X,0x000000008000815C] -> 0x65B7
mem[X,0x000000008000815E] -> 0x6666
[8284] [M]: 0x000000008000815C (0x666665B7) lui a1, 0x66666
x11 <- 0x0000000066666000
mem[X,0x0000000080008160] -> 0x8593
mem[X,0x0000000080008162] -> 0x6665
[8285] [M]: 0x0000000080008160 (0x66658593) addi a1, a1, 0x666
x11 <- 0x0000000066666666
mem[X,0x0000000080008164] -> 0x9593
mem[X,0x0000000080008166] -> 0x00B5
[8286] [M]: 0x0000000080008164 (0x00B59593) slli a1, a1, 0xb
x11 <- 0x0000033333333000
mem[X,0x0000000080008168] -> 0x8593
mem[X,0x000000008000816A] -> 0x3335
[8287] [M]: 0x0000000080008168 (0x33358593) addi a1, a1, 0x333
x11 <- 0x0000033333333333
mem[X,0x000000008000816C] -> 0x9593
mem[X,0x000000008000816E] -> 0x00B5
[8288] [M]: 0x000000008000816C (0x00B59593) slli a1, a1, 0xb
x11 <- 0x0019999999999800
mem[X,0x0000000080008170] -> 0x8593
mem[X,0x0000000080008172] -> 0x1995
[8289] [M]: 0x0000000080008170 (0x19958593) addi a1, a1, 0x199
x11 <- 0x0019999999999999
mem[X,0x0000000080008174] -> 0x9593
mem[X,0x0000000080008176] -> 0x00A5
[8290] [M]: 0x0000000080008174 (0x00A59593) slli a1, a1, 0xa
x11 <- 0x6666666666666400
mem[X,0x0000000080008178] -> 0x8593
mem[X,0x000000008000817A] -> 0x2655
[8291] [M]: 0x0000000080008178 (0x26558593) addi a1, a1, 0x265
x11 <- 0x6666666666666665
mem[X,0x000000008000817C] -> 0x063B
mem[X,0x000000008000817E] -> 0x40B5
[8292] [M]: 0x000000008000817C (0x40B5063B) subw a2, a0, a1
x12 <- 0xFFFFFFFF9999999B
mem[X,0x0000000080008180] -> 0xBC23
mem[X,0x0000000080008182] -> 0x44C2
[8293] [M]: 0x0000000080008180 (0x44C2BC23) sd a2, 0x458(t0)
mem[0x000000008000C600] <- 0xFFFFFFFF9999999B
mem[X,0x0000000080008184] -> 0x0513
mem[X,0x0000000080008186] -> 0x0000
[8294] [M]: 0x0000000080008184 (0x00000513) addi a0, zero, 0x0
x10 <- 0x0000000000000000
mem[X,0x0000000080008188] -> 0x05B7
mem[X,0x000000008000818A] -> 0x0000
[8295] [M]: 0x0000000080008188 (0x000005B7) lui a1, 0x0
x11 <- 0x0000000000000000
mem[X,0x000000008000818C] -> 0x8593
mem[X,0x000000008000818E] -> 0x0005
[8296] [M]: 0x000000008000818C (0x00058593) addi a1, a1, 0x0
x11 <- 0x0000000000000000
mem[X,0x0000000080008190] -> 0x9593
mem[X,0x0000000080008192] -> 0x00B5
[8297] [M]: 0x0000000080008190 (0x00B59593) slli a1, a1, 0xb
x11 <- 0x0000000000000000
mem[X,0x0000000080008194] -> 0x8593
mem[X,0x0000000080008196] -> 0x5A85
[8298] [M]: 0x0000000080008194 (0x5A858593) addi a1, a1, 0x5a8
x11 <- 0x00000000000005A8
mem[X,0x0000000080008198] -> 0x9593
mem[X,0x000000008000819A] -> 0x00B5
[8299] [M]: 0x0000000080008198 (0x00B59593) slli a1, a1, 0xb
x11 <- 0x00000000002D4000
clint::tick mtime <- 0x0000000000000053
 clint timer pending at mtime 0x0000000000000053
htif::tick 0x0000000000000000
mem[X,0x000000008000819C] -> 0x8593
mem[X,0x000000008000819E] -> 0x13C5
[8300] [M]: 0x000000008000819C (0x13C58593) addi a1, a1, 0x13c
x11 <- 0x00000000002D413C
mem[X,0x00000000800081A0] -> 0x9593
mem[X,0x00000000800081A2] -> 0x00A5
[8301] [M]: 0x00000000800081A0 (0x00A59593) slli a1, a1, 0xa
x11 <- 0x00000000B504F000
mem[X,0x00000000800081A4] -> 0x8593
mem[X,0x00000000800081A6] -> 0x3325
[8302] [M]: 0x00000000800081A4 (0x33258593) addi a1, a1, 0x332
x11 <- 0x00000000B504F332
mem[X,0x00000000800081A8] -> 0x063B
mem[X,0x00000000800081AA] -> 0x40B5
[8303] [M]: 0x00000000800081A8 (0x40B5063B) subw a2, a0, a1
x12 <- 0x000000004AFB0CCE
mem[X,0x00000000800081AC] -> 0xB023
mem[X,0x00000000800081AE] -> 0x46C2
[8304] [M]: 0x00000000800081AC (0x46C2B023) sd a2, 0x460(t0)
mem[0x000000008000C608] <- 0x000000004AFB0CCE
mem[X,0x00000000800081B0] -> 0x0513
mem[X,0x00000000800081B2] -> 0x0000
[8305] [M]: 0x00000000800081B0 (0x00000513) addi a0, zero, 0x0
x10 <- 0x0000000000000000
mem[X,0x00000000800081B4] -> 0x55B7
mem[X,0x00000000800081B6] -> 0x5555
[8306] [M]: 0x00000000800081B4 (0x555555B7) lui a1, 0x55555
x11 <- 0x0000000055555000
mem[X,0x00000000800081B8] -> 0x8593
mem[X,0x00000000800081BA] -> 0x5555
[8307] [M]: 0x00000000800081B8 (0x55558593) addi a1, a1, 0x555
x11 <- 0x0000000055555555
mem[X,0x00000000800081BC] -> 0x9593
mem[X,0x00000000800081BE] -> 0x00B5
[8308] [M]: 0x00000000800081BC (0x00B59593) slli a1, a1, 0xb
x11 <- 0x000002AAAAAAA800
mem[X,0x00000000800081C0] -> 0x8593
mem[X,0x00000000800081C2] -> 0x2AA5
[8309] [M]: 0x00000000800081C0 (0x2AA58593) addi a1, a1, 0x2aa
x11 <- 0x000002AAAAAAAAAA
mem[X,0x00000000800081C4] -> 0x9593
mem[X,0x00000000800081C6] -> 0x00B5
[8310] [M]: 0x00000000800081C4 (0x00B59593) slli a1, a1, 0xb
x11 <- 0x0015555555555000
mem[X,0x00000000800081C8] -> 0x8593
mem[X,0x00000000800081CA] -> 0x5555
[8311] [M]: 0x00000000800081C8 (0x55558593) addi a1, a1, 0x555
x11 <- 0x0015555555555555
mem[X,0x00000000800081CC] -> 0x9593
mem[X,0x00000000800081CE] -> 0x00A5
[8312] [M]: 0x00000000800081CC (0x00A59593) slli a1, a1, 0xa
x11 <- 0x5555555555555400
mem[X,0x00000000800081D0] -> 0x8593
mem[X,0x00000000800081D2] -> 0x1565
[8313] [M]: 0x00000000800081D0 (0x15658593) addi a1, a1, 0x156
x11 <- 0x5555555555555556
mem[X,0x00000000800081D4] -> 0x063B
mem[X,0x00000000800081D6] -> 0x40B5
[8314] [M]: 0x00000000800081D4 (0x40B5063B) subw a2, a0, a1
x12 <- 0xFFFFFFFFAAAAAAAA
mem[X,0x00000000800081D8] -> 0xB423
mem[X,0x00000000800081DA] -> 0x46C2
[8315] [M]: 0x00000000800081D8 (0x46C2B423) sd a2, 0x468(t0)
mem[0x000000008000C610] <- 0xFFFFFFFFAAAAAAAA
mem[X,0x00000000800081DC] -> 0x0513
mem[X,0x00000000800081DE] -> 0x0000
[8316] [M]: 0x00000000800081DC (0x00000513) addi a0, zero, 0x0
x10 <- 0x0000000000000000
mem[X,0x00000000800081E0] -> 0xB5B7
mem[X,0x00000000800081E2] -> 0xAAAA
[8317] [M]: 0x00000000800081E0 (0xAAAAB5B7) lui a1, -0x55555
x11 <- 0xFFFFFFFFAAAAB000
mem[X,0x00000000800081E4] -> 0x8593
mem[X,0x00000000800081E6] -> 0xAAA5
[8318] [M]: 0x00000000800081E4 (0xAAA58593) addi a1, a1, -0x556
x11 <- 0xFFFFFFFFAAAAAAAA
mem[X,0x00000000800081E8] -> 0x9593
mem[X,0x00000000800081EA] -> 0x00B5
[8319] [M]: 0x00000000800081E8 (0x00B59593) slli a1, a1, 0xb
x11 <- 0xFFFFFD5555555000
mem[X,0x00000000800081EC] -> 0x8593
mem[X,0x00000000800081EE] -> 0x5555
[8320] [M]: 0x00000000800081EC (0x55558593) addi a1, a1, 0x555
x11 <- 0xFFFFFD5555555555
mem[X,0x00000000800081F0] -> 0x9593
mem[X,0x00000000800081F2] -> 0x00B5
[8321] [M]: 0x00000000800081F0 (0x00B59593) slli a1, a1, 0xb
x11 <- 0xFFEAAAAAAAAAA800
mem[X,0x00000000800081F4] -> 0x8593
mem[X,0x00000000800081F6] -> 0x2AA5
[8322] [M]: 0x00000000800081F4 (0x2AA58593) addi a1, a1, 0x2aa
x11 <- 0xFFEAAAAAAAAAAAAA
mem[X,0x00000000800081F8] -> 0x9593
mem[X,0x00000000800081FA] -> 0x00A5
[8323] [M]: 0x00000000800081F8 (0x00A59593) slli a1, a1, 0xa
x11 <- 0xAAAAAAAAAAAAA800
mem[X,0x00000000800081FC] -> 0x8593
mem[X,0x00000000800081FE] -> 0x2AB5
[8324] [M]: 0x00000000800081FC (0x2AB58593) addi a1, a1, 0x2ab
x11 <- 0xAAAAAAAAAAAAAAAB
mem[X,0x0000000080008200] -> 0x063B
mem[X,0x0000000080008202] -> 0x40B5
[8325] [M]: 0x0000000080008200 (0x40B5063B) subw a2, a0, a1
x12 <- 0x0000000055555555
mem[X,0x0000000080008204] -> 0xB823
mem[X,0x0000000080008206] -> 0x46C2
[8326] [M]: 0x0000000080008204 (0x46C2B823) sd a2, 0x470(t0)
mem[0x000000008000C618] <- 0x0000000055555555
mem[X,0x0000000080008208] -> 0x0513
mem[X,0x000000008000820A] -> 0x0000
[8327] [M]: 0x0000000080008208 (0x00000513) addi a0, zero, 0x0
x10 <- 0x0000000000000000
mem[X,0x000000008000820C] -> 0x0593
mem[X,0x000000008000820E] -> 0x0060
[8328] [M]: 0x000000008000820C (0x00600593) addi a1, zero, 0x6
x11 <- 0x0000000000000006
mem[X,0x0000000080008210] -> 0x063B
mem[X,0x0000000080008212] -> 0x40B5
[8329] [M]: 0x0000000080008210 (0x40B5063B) subw a2, a0, a1
x12 <- 0xFFFFFFFFFFFFFFFA
mem[X,0x0000000080008214] -> 0xBC23
mem[X,0x0000000080008216] -> 0x46C2
[8330] [M]: 0x0000000080008214 (0x46C2BC23) sd a2, 0x478(t0)
mem[0x000000008000C620] <- 0xFFFFFFFFFFFFFFFA
mem[X,0x0000000080008218] -> 0x0513
mem[X,0x000000008000821A] -> 0x0000
[8331] [M]: 0x0000000080008218 (0x00000513) addi a0, zero, 0x0
x10 <- 0x0000000000000000
mem[X,0x000000008000821C] -> 0x35B7
mem[X,0x000000008000821E] -> 0x3333
[8332] [M]: 0x000000008000821C (0x333335B7) lui a1, 0x33333
x11 <- 0x0000000033333000
mem[X,0x0000000080008220] -> 0x8593
mem[X,0x0000000080008222] -> 0x3335
[8333] [M]: 0x0000000080008220 (0x33358593) addi a1, a1, 0x333
x11 <- 0x0000000033333333
mem[X,0x0000000080008224] -> 0x9593
mem[X,0x0000000080008226] -> 0x00B5
[8334] [M]: 0x0000000080008224 (0x00B59593) slli a1, a1, 0xb
x11 <- 0x0000019999999800
mem[X,0x0000000080008228] -> 0x8593
mem[X,0x000000008000822A] -> 0x1995
[8335] [M]: 0x0000000080008228 (0x19958593) addi a1, a1, 0x199
x11 <- 0x0000019999999999
mem[X,0x000000008000822C] -> 0x9593
mem[X,0x000000008000822E] -> 0x00B5
[8336] [M]: 0x000000008000822C (0x00B59593) slli a1, a1, 0xb
x11 <- 0x000CCCCCCCCCC800
mem[X,0x0000000080008230] -> 0x8593
mem[X,0x0000000080008232] -> 0x4CC5
[8337] [M]: 0x0000000080008230 (0x4CC58593) addi a1, a1, 0x4cc
x11 <- 0x000CCCCCCCCCCCCC
mem[X,0x0000000080008234] -> 0x9593
mem[X,0x0000000080008236] -> 0x00A5
[8338] [M]: 0x0000000080008234 (0x00A59593) slli a1, a1, 0xa
x11 <- 0x3333333333333000
mem[X,0x0000000080008238] -> 0x8593
mem[X,0x000000008000823A] -> 0x3345
[8339] [M]: 0x0000000080008238 (0x33458593) addi a1, a1, 0x334
x11 <- 0x3333333333333334
mem[X,0x000000008000823C] -> 0x063B
mem[X,0x000000008000823E] -> 0x40B5
[8340] [M]: 0x000000008000823C (0x40B5063B) subw a2, a0, a1
x12 <- 0xFFFFFFFFCCCCCCCC
mem[X,0x0000000080008240] -> 0xB023
mem[X,0x0000000080008242] -> 0x48C2
[8341] [M]: 0x0000000080008240 (0x48C2B023) sd a2, 0x480(t0)
mem[0x000000008000C628] <- 0xFFFFFFFFCCCCCCCC
mem[X,0x0000000080008244] -> 0x0513
mem[X,0x0000000080008246] -> 0x0000
[8342] [M]: 0x0000000080008244 (0x00000513) addi a0, zero, 0x0
x10 <- 0x0000000000000000
mem[X,0x0000000080008248] -> 0x65B7
mem[X,0x000000008000824A] -> 0x6666
[8343] [M]: 0x0000000080008248 (0x666665B7) lui a1, 0x66666
x11 <- 0x0000000066666000
mem[X,0x000000008000824C] -> 0x8593
mem[X,0x000000008000824E] -> 0x6665
[8344] [M]: 0x000000008000824C (0x66658593) addi a1, a1, 0x666
x11 <- 0x0000000066666666
mem[X,0x0000000080008250] -> 0x9593
mem[X,0x0000000080008252] -> 0x00B5
[8345] [M]: 0x0000000080008250 (0x00B59593) slli a1, a1, 0xb
x11 <- 0x0000033333333000
mem[X,0x0000000080008254] -> 0x8593
mem[X,0x0000000080008256] -> 0x3335
[8346] [M]: 0x0000000080008254 (0x33358593) addi a1, a1, 0x333
x11 <- 0x0000033333333333
mem[X,0x0000000080008258] -> 0x9593
mem[X,0x000000008000825A] -> 0x00B5
[8347] [M]: 0x0000000080008258 (0x00B59593) slli a1, a1, 0xb
x11 <- 0x0019999999999800
mem[X,0x000000008000825C] -> 0x8593
mem[X,0x000000008000825E] -> 0x1995
[8348] [M]: 0x000000008000825C (0x19958593) addi a1, a1, 0x199
x11 <- 0x0019999999999999
mem[X,0x0000000080008260] -> 0x9593
mem[X,0x0000000080008262] -> 0x00A5
[8349] [M]: 0x0000000080008260 (0x00A59593) slli a1, a1, 0xa
x11 <- 0x6666666666666400
mem[X,0x0000000080008264] -> 0x8593
mem[X,0x0000000080008266] -> 0x2675
[8350] [M]: 0x0000000080008264 (0x26758593) addi a1, a1, 0x267
x11 <- 0x6666666666666667
mem[X,0x0000000080008268] -> 0x063B
mem[X,0x000000008000826A] -> 0x40B5
[8351] [M]: 0x0000000080008268 (0x40B5063B) subw a2, a0, a1
x12 <- 0xFFFFFFFF99999999
mem[X,0x000000008000826C] -> 0xB423
mem[X,0x000000008000826E] -> 0x48C2
[8352] [M]: 0x000000008000826C (0x48C2B423) sd a2, 0x488(t0)
mem[0x000000008000C630] <- 0xFFFFFFFF99999999
mem[X,0x0000000080008270] -> 0x0513
mem[X,0x0000000080008272] -> 0xFDF0
[8353] [M]: 0x0000000080008270 (0xFDF00513) addi a0, zero, -0x21
x10 <- 0xFFFFFFFFFFFFFFDF
mem[X,0x0000000080008274] -> 0x0593
mem[X,0x0000000080008276] -> 0xFDF0
[8354] [M]: 0x0000000080008274 (0xFDF00593) addi a1, zero, -0x21
x11 <- 0xFFFFFFFFFFFFFFDF
mem[X,0x0000000080008278] -> 0x063B
mem[X,0x000000008000827A] -> 0x40B5
[8355] [M]: 0x0000000080008278 (0x40B5063B) subw a2, a0, a1
x12 <- 0x0000000000000000
mem[X,0x000000008000827C] -> 0xB823
mem[X,0x000000008000827E] -> 0x48C2
[8356] [M]: 0x000000008000827C (0x48C2B823) sd a2, 0x490(t0)
mem[0x000000008000C638] <- 0x0000000000000000
mem[X,0x0000000080008280] -> 0x3537
mem[X,0x0000000080008282] -> 0x3333
[8357] [M]: 0x0000000080008280 (0x33333537) lui a0, 0x33333
x10 <- 0x0000000033333000
mem[X,0x0000000080008284] -> 0x0513
mem[X,0x0000000080008286] -> 0x3335
[8358] [M]: 0x0000000080008284 (0x33350513) addi a0, a0, 0x333
x10 <- 0x0000000033333333
mem[X,0x0000000080008288] -> 0x1513
mem[X,0x000000008000828A] -> 0x00B5
[8359] [M]: 0x0000000080008288 (0x00B51513) slli a0, a0, 0xb
x10 <- 0x0000019999999800
mem[X,0x000000008000828C] -> 0x0513
mem[X,0x000000008000828E] -> 0x1995
[8360] [M]: 0x000000008000828C (0x19950513) addi a0, a0, 0x199
x10 <- 0x0000019999999999
mem[X,0x0000000080008290] -> 0x1513
mem[X,0x0000000080008292] -> 0x00B5
[8361] [M]: 0x0000000080008290 (0x00B51513) slli a0, a0, 0xb
x10 <- 0x000CCCCCCCCCC800
mem[X,0x0000000080008294] -> 0x0513
mem[X,0x0000000080008296] -> 0x4CC5
[8362] [M]: 0x0000000080008294 (0x4CC50513) addi a0, a0, 0x4cc
x10 <- 0x000CCCCCCCCCCCCC
mem[X,0x0000000080008298] -> 0x1513
mem[X,0x000000008000829A] -> 0x00A5
[8363] [M]: 0x0000000080008298 (0x00A51513) slli a0, a0, 0xa
x10 <- 0x3333333333333000
mem[X,0x000000008000829C] -> 0x0513
mem[X,0x000000008000829E] -> 0x3325
[8364] [M]: 0x000000008000829C (0x33250513) addi a0, a0, 0x332
x10 <- 0x3333333333333332
mem[X,0x00000000800082A0] -> 0x0593
mem[X,0x00000000800082A2] -> 0x0010
[8365] [M]: 0x00000000800082A0 (0x00100593) addi a1, zero, 0x1
x11 <- 0x0000000000000001
mem[X,0x00000000800082A4] -> 0x9593
mem[X,0x00000000800082A6] -> 0x0115
[8366] [M]: 0x00000000800082A4 (0x01159593) slli a1, a1, 0x11
x11 <- 0x0000000000020000
mem[X,0x00000000800082A8] -> 0x063B
mem[X,0x00000000800082AA] -> 0x40B5
[8367] [M]: 0x00000000800082A8 (0x40B5063B) subw a2, a0, a1
x12 <- 0x0000000033313332
mem[X,0x00000000800082AC] -> 0xBC23
mem[X,0x00000000800082AE] -> 0x48C2
[8368] [M]: 0x00000000800082AC (0x48C2BC23) sd a2, 0x498(t0)
mem[0x000000008000C640] <- 0x0000000033313332
mem[X,0x00000000800082B0] -> 0x006F
mem[X,0x00000000800082B2] -> 0x0380
[8369] [M]: 0x00000000800082B0 (0x0380006F) jal zero, 0x38
mem[X,0x00000000800082E8] -> 0x0093
mem[X,0x00000000800082EA] -> 0x0010
[8370] [M]: 0x00000000800082E8 (0x00100093) addi ra, zero, 0x1
x1 <- 0x0000000000000001
mem[X,0x00000000800082EC] -> 0x1F17
mem[X,0x00000000800082EE] -> 0x0000
[8371] [M]: 0x00000000800082EC (0x00001F17) auipc t5, 0x1
x30 <- 0x00000000800092EC
mem[X,0x00000000800082F0] -> 0x2A23
mem[X,0x00000000800082F2] -> 0xD01F
[8372] [M]: 0x00000000800082F0 (0xD01F2A23) sw ra, -0x2ec(t5)
htif[0x0000000080009000] <- 0x00000001
mem[X,0x00000000800082F4] -> 0xF06F
mem[X,0x00000000800082F6] -> 0xFF9F
[8373] [M]: 0x00000000800082F4 (0xFF9FF06F) jal zero, -0x8
mem[X,0x00000000800082EC] -> 0x1F17
mem[X,0x00000000800082EE] -> 0x0000
[8374] [M]: 0x00000000800082EC (0x00001F17) auipc t5, 0x1
x30 <- 0x00000000800092EC
mem[X,0x00000000800082F0] -> 0x2A23
mem[X,0x00000000800082F2] -> 0xD01F
[8375] [M]: 0x00000000800082F0 (0xD01F2A23) sw ra, -0x2ec(t5)
htif[0x0000000080009000] <- 0x00000001
mem[X,0x00000000800082F4] -> 0xF06F
mem[X,0x00000000800082F6] -> 0xFF9F
[8376] [M]: 0x00000000800082F4 (0xFF9FF06F) jal zero, -0x8
mem[X,0x00000000800082EC] -> 0x1F17
mem[X,0x00000000800082EE] -> 0x0000
[8377] [M]: 0x00000000800082EC (0x00001F17) auipc t5, 0x1
x30 <- 0x00000000800092EC
mem[X,0x00000000800082F0] -> 0x2A23
mem[X,0x00000000800082F2] -> 0xD01F
[8378] [M]: 0x00000000800082F0 (0xD01F2A23) sw ra, -0x2ec(t5)
htif[0x0000000080009000] <- 0x00000001
htif-syscall-proxy cmd: 0x000000000001
SUCCESS
