using /home/mamir/tempo/riscof/riscof_work/rv64i_m/I/src/lui-01.S/ref/Reference-sail_c_simulator.signature for test-signature output.
tohost located at 0x80001000
Running file ref.elf.
ELF Entry @ 0x80000000
begin_signature: 0x80003110
end_signature: 0x80003320
CSR mstatus <- 0x0000000A00000000 (input: 0x0000000000000000)
mem[X,0x0000000000001000] -> 0x0297
mem[X,0x0000000000001002] -> 0x0000
[0] [M]: 0x0000000000001000 (0x00000297) auipc t0, 0x0
x5 <- 0x0000000000001000
mem[X,0x0000000000001004] -> 0x8593
mem[X,0x0000000000001006] -> 0x0202
[1] [M]: 0x0000000000001004 (0x02028593) addi a1, t0, 0x20
x11 <- 0x0000000000001020
mem[X,0x0000000000001008] -> 0x2573
mem[X,0x000000000000100A] -> 0xF140
[2] [M]: 0x0000000000001008 (0xF1402573) csrrs a0, mhartid, zero
CSR mhartid -> 0x0000000000000000
x10 <- 0x0000000000000000
mem[X,0x000000000000100C] -> 0xB283
mem[X,0x000000000000100E] -> 0x0182
[3] [M]: 0x000000000000100C (0x0182B283) ld t0, 0x18(t0)
mem[R,0x0000000000001018] -> 0x0000000080000000
x5 <- 0x0000000080000000
mem[X,0x0000000000001010] -> 0x8067
mem[X,0x0000000000001012] -> 0x0002
[4] [M]: 0x0000000000001010 (0x00028067) jalr zero, 0x0(t0)
mem[X,0x0000000080000000] -> 0x0837
mem[X,0x0000000080000002] -> 0x7D5C
[5] [M]: 0x0000000080000000 (0x7D5C0837) lui a6, 0x7d5c0
x16 <- 0x000000007D5C0000
mem[X,0x0000000080000004] -> 0x0813
mem[X,0x0000000080000006] -> 0xDDB8
[6] [M]: 0x0000000080000004 (0xDDB80813) addi a6, a6, -0x225
x16 <- 0x000000007D5BFDDB
mem[X,0x0000000080000008] -> 0x1813
mem[X,0x000000008000000A] -> 0x00B8
[7] [M]: 0x0000000080000008 (0x00B81813) slli a6, a6, 0xb
x16 <- 0x000003EADFEED800
mem[X,0x000000008000000C] -> 0x0813
mem[X,0x000000008000000E] -> 0x3EA8
[8] [M]: 0x000000008000000C (0x3EA80813) addi a6, a6, 0x3ea
x16 <- 0x000003EADFEEDBEA
mem[X,0x0000000080000010] -> 0x1813
mem[X,0x0000000080000012] -> 0x00B8
[9] [M]: 0x0000000080000010 (0x00B81813) slli a6, a6, 0xb
x16 <- 0x001F56FF76DF5000
mem[X,0x0000000080000014] -> 0x0813
mem[X,0x0000000080000016] -> 0x6FF8
[10] [M]: 0x0000000080000014 (0x6FF80813) addi a6, a6, 0x6ff
x16 <- 0x001F56FF76DF56FF
mem[X,0x0000000080000018] -> 0x1813
mem[X,0x000000008000001A] -> 0x00A8
[11] [M]: 0x0000000080000018 (0x00A81813) slli a6, a6, 0xa
x16 <- 0x7D5BFDDB7D5BFC00
mem[X,0x000000008000001C] -> 0x0813
mem[X,0x000000008000001E] -> 0x1DB8
[12] [M]: 0x000000008000001C (0x1DB80813) addi a6, a6, 0x1db
x16 <- 0x7D5BFDDB7D5BFDDB
mem[X,0x0000000080000020] -> 0x5893
mem[X,0x0000000080000022] -> 0x0078
[13] [M]: 0x0000000080000020 (0x00785893) srli a7, a6, 0x7
x17 <- 0x00FAB7FBB6FAB7FB
mem[X,0x0000000080000024] -> 0x5793
mem[X,0x0000000080000026] -> 0x0398
[14] [M]: 0x0000000080000024 (0x03985793) srli a5, a6, 0x39
x15 <- 0x000000000000003E
mem[X,0x0000000080000028] -> 0xE8B3
mem[X,0x000000008000002A] -> 0x00F8
[15] [M]: 0x0000000080000028 (0x00F8E8B3) or a7, a7, a5
x17 <- 0x00FAB7FBB6FAB7FF
mem[X,0x000000008000002C] -> 0xD913
mem[X,0x000000008000002E] -> 0x0078
[16] [M]: 0x000000008000002C (0x0078D913) srli s2, a7, 0x7
x18 <- 0x0001F56FF76DF56F
mem[X,0x0000000080000030] -> 0xD793
mem[X,0x0000000080000032] -> 0x0398
[17] [M]: 0x0000000080000030 (0x0398D793) srli a5, a7, 0x39
x15 <- 0x0000000000000000
mem[X,0x0000000080000034] -> 0x6933
mem[X,0x0000000080000036] -> 0x00F9
[18] [M]: 0x0000000080000034 (0x00F96933) or s2, s2, a5
x18 <- 0x0001F56FF76DF56F
mem[X,0x0000000080000038] -> 0x5993
mem[X,0x000000008000003A] -> 0x0079
[19] [M]: 0x0000000080000038 (0x00795993) srli s3, s2, 0x7
x19 <- 0x000003EADFEEDBEA
mem[X,0x000000008000003C] -> 0x5793
mem[X,0x000000008000003E] -> 0x0399
[20] [M]: 0x000000008000003C (0x03995793) srli a5, s2, 0x39
x15 <- 0x0000000000000000
mem[X,0x0000000080000040] -> 0xE9B3
mem[X,0x0000000080000042] -> 0x00F9
[21] [M]: 0x0000000080000040 (0x00F9E9B3) or s3, s3, a5
x19 <- 0x000003EADFEEDBEA
mem[X,0x0000000080000044] -> 0xDA13
mem[X,0x0000000080000046] -> 0x0079
[22] [M]: 0x0000000080000044 (0x0079DA13) srli s4, s3, 0x7
x20 <- 0x00000007D5BFDDB7
mem[X,0x0000000080000048] -> 0xD793
mem[X,0x000000008000004A] -> 0x0399
[23] [M]: 0x0000000080000048 (0x0399D793) srli a5, s3, 0x39
x15 <- 0x0000000000000000
mem[X,0x000000008000004C] -> 0x6A33
mem[X,0x000000008000004E] -> 0x00FA
[24] [M]: 0x000000008000004C (0x00FA6A33) or s4, s4, a5
x20 <- 0x00000007D5BFDDB7
mem[X,0x0000000080000050] -> 0x5A93
mem[X,0x0000000080000052] -> 0x007A
[25] [M]: 0x0000000080000050 (0x007A5A93) srli s5, s4, 0x7
x21 <- 0x000000000FAB7FBB
mem[X,0x0000000080000054] -> 0x5793
mem[X,0x0000000080000056] -> 0x039A
[26] [M]: 0x0000000080000054 (0x039A5793) srli a5, s4, 0x39
x15 <- 0x0000000000000000
mem[X,0x0000000080000058] -> 0xEAB3
mem[X,0x000000008000005A] -> 0x00FA
[27] [M]: 0x0000000080000058 (0x00FAEAB3) or s5, s5, a5
x21 <- 0x000000000FAB7FBB
mem[X,0x000000008000005C] -> 0xDB13
mem[X,0x000000008000005E] -> 0x007A
[28] [M]: 0x000000008000005C (0x007ADB13) srli s6, s5, 0x7
x22 <- 0x00000000001F56FF
mem[X,0x0000000080000060] -> 0xD793
mem[X,0x0000000080000062] -> 0x039A
[29] [M]: 0x0000000080000060 (0x039AD793) srli a5, s5, 0x39
x15 <- 0x0000000000000000
mem[X,0x0000000080000064] -> 0x6B33
mem[X,0x0000000080000066] -> 0x00FB
[30] [M]: 0x0000000080000064 (0x00FB6B33) or s6, s6, a5
x22 <- 0x00000000001F56FF
mem[X,0x0000000080000068] -> 0x5B93
mem[X,0x000000008000006A] -> 0x007B
[31] [M]: 0x0000000080000068 (0x007B5B93) srli s7, s6, 0x7
x23 <- 0x0000000000003EAD
mem[X,0x000000008000006C] -> 0x5793
mem[X,0x000000008000006E] -> 0x039B
[32] [M]: 0x000000008000006C (0x039B5793) srli a5, s6, 0x39
x15 <- 0x0000000000000000
mem[X,0x0000000080000070] -> 0xEBB3
mem[X,0x0000000080000072] -> 0x00FB
[33] [M]: 0x0000000080000070 (0x00FBEBB3) or s7, s7, a5
x23 <- 0x0000000000003EAD
mem[X,0x0000000080000074] -> 0xDC13
mem[X,0x0000000080000076] -> 0x007B
[34] [M]: 0x0000000080000074 (0x007BDC13) srli s8, s7, 0x7
x24 <- 0x000000000000007D
mem[X,0x0000000080000078] -> 0xD793
mem[X,0x000000008000007A] -> 0x039B
[35] [M]: 0x0000000080000078 (0x039BD793) srli a5, s7, 0x39
x15 <- 0x0000000000000000
mem[X,0x000000008000007C] -> 0x6C33
mem[X,0x000000008000007E] -> 0x00FC
[36] [M]: 0x000000008000007C (0x00FC6C33) or s8, s8, a5
x24 <- 0x000000000000007D
mem[X,0x0000000080000080] -> 0x5C93
mem[X,0x0000000080000082] -> 0x007C
[37] [M]: 0x0000000080000080 (0x007C5C93) srli s9, s8, 0x7
x25 <- 0x0000000000000000
mem[X,0x0000000080000084] -> 0x5793
mem[X,0x0000000080000086] -> 0x039C
[38] [M]: 0x0000000080000084 (0x039C5793) srli a5, s8, 0x39
x15 <- 0x0000000000000000
mem[X,0x0000000080000088] -> 0xECB3
mem[X,0x000000008000008A] -> 0x00FC
[39] [M]: 0x0000000080000088 (0x00FCECB3) or s9, s9, a5
x25 <- 0x0000000000000000
mem[X,0x000000008000008C] -> 0xDD13
mem[X,0x000000008000008E] -> 0x007C
[40] [M]: 0x000000008000008C (0x007CDD13) srli s10, s9, 0x7
x26 <- 0x0000000000000000
mem[X,0x0000000080000090] -> 0xD793
mem[X,0x0000000080000092] -> 0x039C
[41] [M]: 0x0000000080000090 (0x039CD793) srli a5, s9, 0x39
x15 <- 0x0000000000000000
mem[X,0x0000000080000094] -> 0x6D33
mem[X,0x0000000080000096] -> 0x00FD
[42] [M]: 0x0000000080000094 (0x00FD6D33) or s10, s10, a5
x26 <- 0x0000000000000000
mem[X,0x0000000080000098] -> 0x5D93
mem[X,0x000000008000009A] -> 0x007D
[43] [M]: 0x0000000080000098 (0x007D5D93) srli s11, s10, 0x7
x27 <- 0x0000000000000000
mem[X,0x000000008000009C] -> 0x5793
mem[X,0x000000008000009E] -> 0x039D
[44] [M]: 0x000000008000009C (0x039D5793) srli a5, s10, 0x39
x15 <- 0x0000000000000000
mem[X,0x00000000800000A0] -> 0xEDB3
mem[X,0x00000000800000A2] -> 0x00FD
[45] [M]: 0x00000000800000A0 (0x00FDEDB3) or s11, s11, a5
x27 <- 0x0000000000000000
mem[X,0x00000000800000A4] -> 0xDE13
mem[X,0x00000000800000A6] -> 0x007D
[46] [M]: 0x00000000800000A4 (0x007DDE13) srli t3, s11, 0x7
x28 <- 0x0000000000000000
mem[X,0x00000000800000A8] -> 0xD793
mem[X,0x00000000800000AA] -> 0x039D
[47] [M]: 0x00000000800000A8 (0x039DD793) srli a5, s11, 0x39
x15 <- 0x0000000000000000
mem[X,0x00000000800000AC] -> 0x6E33
mem[X,0x00000000800000AE] -> 0x00FE
[48] [M]: 0x00000000800000AC (0x00FE6E33) or t3, t3, a5
x28 <- 0x0000000000000000
mem[X,0x00000000800000B0] -> 0x5E93
mem[X,0x00000000800000B2] -> 0x007E
[49] [M]: 0x00000000800000B0 (0x007E5E93) srli t4, t3, 0x7
x29 <- 0x0000000000000000
mem[X,0x00000000800000B4] -> 0x5793
mem[X,0x00000000800000B6] -> 0x039E
[50] [M]: 0x00000000800000B4 (0x039E5793) srli a5, t3, 0x39
x15 <- 0x0000000000000000
mem[X,0x00000000800000B8] -> 0xEEB3
mem[X,0x00000000800000BA] -> 0x00FE
[51] [M]: 0x00000000800000B8 (0x00FEEEB3) or t4, t4, a5
x29 <- 0x0000000000000000
mem[X,0x00000000800000BC] -> 0xDF13
mem[X,0x00000000800000BE] -> 0x007E
[52] [M]: 0x00000000800000BC (0x007EDF13) srli t5, t4, 0x7
x30 <- 0x0000000000000000
mem[X,0x00000000800000C0] -> 0xD793
mem[X,0x00000000800000C2] -> 0x039E
[53] [M]: 0x00000000800000C0 (0x039ED793) srli a5, t4, 0x39
x15 <- 0x0000000000000000
mem[X,0x00000000800000C4] -> 0x6F33
mem[X,0x00000000800000C6] -> 0x00FF
[54] [M]: 0x00000000800000C4 (0x00FF6F33) or t5, t5, a5
x30 <- 0x0000000000000000
mem[X,0x00000000800000C8] -> 0xC0B7
mem[X,0x00000000800000CA] -> 0xFEED
[55] [M]: 0x00000000800000C8 (0xFEEDC0B7) lui ra, -0x1124
x1 <- 0xFFFFFFFFFEEDC000
mem[X,0x00000000800000CC] -> 0x8093
mem[X,0x00000000800000CE] -> 0xEAD0
[56] [M]: 0x00000000800000CC (0xEAD08093) addi ra, ra, -0x153
x1 <- 0xFFFFFFFFFEEDBEAD
mem[X,0x00000000800000D0] -> 0x9093
mem[X,0x00000000800000D2] -> 0x00B0
[57] [M]: 0x00000000800000D0 (0x00B09093) slli ra, ra, 0xb
x1 <- 0xFFFFFFF76DF56800
mem[X,0x00000000800000D4] -> 0x8093
mem[X,0x00000000800000D6] -> 0x7F70
[58] [M]: 0x00000000800000D4 (0x7F708093) addi ra, ra, 0x7f7
x1 <- 0xFFFFFFF76DF56FF7
mem[X,0x00000000800000D8] -> 0x9093
mem[X,0x00000000800000DA] -> 0x00B0
[59] [M]: 0x00000000800000D8 (0x00B09093) slli ra, ra, 0xb
x1 <- 0xFFFFBB6FAB7FB800
mem[X,0x00000000800000DC] -> 0x8093
mem[X,0x00000000800000DE] -> 0x36F0
[60] [M]: 0x00000000800000DC (0x36F08093) addi ra, ra, 0x36f
x1 <- 0xFFFFBB6FAB7FBB6F
mem[X,0x00000000800000E0] -> 0x9093
mem[X,0x00000000800000E2] -> 0x00A0
[61] [M]: 0x00000000800000E0 (0x00A09093) slli ra, ra, 0xa
x1 <- 0xFEEDBEADFEEDBC00
mem[X,0x00000000800000E4] -> 0x8093
mem[X,0x00000000800000E6] -> 0x2AD0
[62] [M]: 0x00000000800000E4 (0x2AD08093) addi ra, ra, 0x2ad
x1 <- 0xFEEDBEADFEEDBEAD
mem[X,0x00000000800000E8] -> 0xD113
mem[X,0x00000000800000EA] -> 0x0070
[63] [M]: 0x00000000800000E8 (0x0070D113) srli sp, ra, 0x7
x2 <- 0x01FDDB7D5BFDDB7D
mem[X,0x00000000800000EC] -> 0xD793
mem[X,0x00000000800000EE] -> 0x0390
[64] [M]: 0x00000000800000EC (0x0390D793) srli a5, ra, 0x39
x15 <- 0x000000000000007F
mem[X,0x00000000800000F0] -> 0x6133
mem[X,0x00000000800000F2] -> 0x00F1
[65] [M]: 0x00000000800000F0 (0x00F16133) or sp, sp, a5
x2 <- 0x01FDDB7D5BFDDB7F
mem[X,0x00000000800000F4] -> 0x5193
mem[X,0x00000000800000F6] -> 0x0071
[66] [M]: 0x00000000800000F4 (0x00715193) srli gp, sp, 0x7
x3 <- 0x0003FBB6FAB7FBB6
mem[X,0x00000000800000F8] -> 0x5793
mem[X,0x00000000800000FA] -> 0x0391
[67] [M]: 0x00000000800000F8 (0x03915793) srli a5, sp, 0x39
x15 <- 0x0000000000000000
mem[X,0x00000000800000FC] -> 0xE1B3
mem[X,0x00000000800000FE] -> 0x00F1
[68] [M]: 0x00000000800000FC (0x00F1E1B3) or gp, gp, a5
x3 <- 0x0003FBB6FAB7FBB6
mem[X,0x0000000080000100] -> 0xD213
mem[X,0x0000000080000102] -> 0x0071
[69] [M]: 0x0000000080000100 (0x0071D213) srli tp, gp, 0x7
x4 <- 0x000007F76DF56FF7
mem[X,0x0000000080000104] -> 0xD793
mem[X,0x0000000080000106] -> 0x0391
[70] [M]: 0x0000000080000104 (0x0391D793) srli a5, gp, 0x39
x15 <- 0x0000000000000000
mem[X,0x0000000080000108] -> 0x6233
mem[X,0x000000008000010A] -> 0x00F2
[71] [M]: 0x0000000080000108 (0x00F26233) or tp, tp, a5
x4 <- 0x000007F76DF56FF7
mem[X,0x000000008000010C] -> 0x5293
mem[X,0x000000008000010E] -> 0x0072
[72] [M]: 0x000000008000010C (0x00725293) srli t0, tp, 0x7
x5 <- 0x0000000FEEDBEADF
mem[X,0x0000000080000110] -> 0x5793
mem[X,0x0000000080000112] -> 0x0392
[73] [M]: 0x0000000080000110 (0x03925793) srli a5, tp, 0x39
x15 <- 0x0000000000000000
mem[X,0x0000000080000114] -> 0xE2B3
mem[X,0x0000000080000116] -> 0x00F2
[74] [M]: 0x0000000080000114 (0x00F2E2B3) or t0, t0, a5
x5 <- 0x0000000FEEDBEADF
mem[X,0x0000000080000118] -> 0xD313
mem[X,0x000000008000011A] -> 0x0072
[75] [M]: 0x0000000080000118 (0x0072D313) srli t1, t0, 0x7
x6 <- 0x000000001FDDB7D5
mem[X,0x000000008000011C] -> 0xD793
mem[X,0x000000008000011E] -> 0x0392
[76] [M]: 0x000000008000011C (0x0392D793) srli a5, t0, 0x39
x15 <- 0x0000000000000000
mem[X,0x0000000080000120] -> 0x6333
mem[X,0x0000000080000122] -> 0x00F3
[77] [M]: 0x0000000080000120 (0x00F36333) or t1, t1, a5
x6 <- 0x000000001FDDB7D5
mem[X,0x0000000080000124] -> 0x5393
mem[X,0x0000000080000126] -> 0x0073
[78] [M]: 0x0000000080000124 (0x00735393) srli t2, t1, 0x7
x7 <- 0x00000000003FBB6F
mem[X,0x0000000080000128] -> 0x5793
mem[X,0x000000008000012A] -> 0x0393
[79] [M]: 0x0000000080000128 (0x03935793) srli a5, t1, 0x39
x15 <- 0x0000000000000000
mem[X,0x000000008000012C] -> 0xE3B3
mem[X,0x000000008000012E] -> 0x00F3
[80] [M]: 0x000000008000012C (0x00F3E3B3) or t2, t2, a5
x7 <- 0x00000000003FBB6F
mem[X,0x0000000080000130] -> 0xD413
mem[X,0x0000000080000132] -> 0x0073
[81] [M]: 0x0000000080000130 (0x0073D413) srli fp, t2, 0x7
x8 <- 0x0000000000007F76
mem[X,0x0000000080000134] -> 0xD793
mem[X,0x0000000080000136] -> 0x0393
[82] [M]: 0x0000000080000134 (0x0393D793) srli a5, t2, 0x39
x15 <- 0x0000000000000000
mem[X,0x0000000080000138] -> 0x6433
mem[X,0x000000008000013A] -> 0x00F4
[83] [M]: 0x0000000080000138 (0x00F46433) or fp, fp, a5
x8 <- 0x0000000000007F76
mem[X,0x000000008000013C] -> 0x5493
mem[X,0x000000008000013E] -> 0x0074
[84] [M]: 0x000000008000013C (0x00745493) srli s1, fp, 0x7
x9 <- 0x00000000000000FE
mem[X,0x0000000080000140] -> 0x5793
mem[X,0x0000000080000142] -> 0x0394
[85] [M]: 0x0000000080000140 (0x03945793) srli a5, fp, 0x39
x15 <- 0x0000000000000000
mem[X,0x0000000080000144] -> 0xE4B3
mem[X,0x0000000080000146] -> 0x00F4
[86] [M]: 0x0000000080000144 (0x00F4E4B3) or s1, s1, a5
x9 <- 0x00000000000000FE
mem[X,0x0000000080000148] -> 0xD513
mem[X,0x000000008000014A] -> 0x0074
[87] [M]: 0x0000000080000148 (0x0074D513) srli a0, s1, 0x7
x10 <- 0x0000000000000001
mem[X,0x000000008000014C] -> 0xD793
mem[X,0x000000008000014E] -> 0x0394
[88] [M]: 0x000000008000014C (0x0394D793) srli a5, s1, 0x39
x15 <- 0x0000000000000000
mem[X,0x0000000080000150] -> 0x6533
mem[X,0x0000000080000152] -> 0x00F5
[89] [M]: 0x0000000080000150 (0x00F56533) or a0, a0, a5
x10 <- 0x0000000000000001
mem[X,0x0000000080000154] -> 0x5593
mem[X,0x0000000080000156] -> 0x0075
[90] [M]: 0x0000000080000154 (0x00755593) srli a1, a0, 0x7
x11 <- 0x0000000000000000
mem[X,0x0000000080000158] -> 0x5793
mem[X,0x000000008000015A] -> 0x0395
[91] [M]: 0x0000000080000158 (0x03955793) srli a5, a0, 0x39
x15 <- 0x0000000000000000
mem[X,0x000000008000015C] -> 0xE5B3
mem[X,0x000000008000015E] -> 0x00F5
[92] [M]: 0x000000008000015C (0x00F5E5B3) or a1, a1, a5
x11 <- 0x0000000000000000
mem[X,0x0000000080000160] -> 0xD613
mem[X,0x0000000080000162] -> 0x0075
[93] [M]: 0x0000000080000160 (0x0075D613) srli a2, a1, 0x7
x12 <- 0x0000000000000000
mem[X,0x0000000080000164] -> 0xD793
mem[X,0x0000000080000166] -> 0x0395
[94] [M]: 0x0000000080000164 (0x0395D793) srli a5, a1, 0x39
x15 <- 0x0000000000000000
mem[X,0x0000000080000168] -> 0x6633
mem[X,0x000000008000016A] -> 0x00F6
[95] [M]: 0x0000000080000168 (0x00F66633) or a2, a2, a5
x12 <- 0x0000000000000000
mem[X,0x000000008000016C] -> 0x5693
mem[X,0x000000008000016E] -> 0x0076
[96] [M]: 0x000000008000016C (0x00765693) srli a3, a2, 0x7
x13 <- 0x0000000000000000
mem[X,0x0000000080000170] -> 0x5793
mem[X,0x0000000080000172] -> 0x0396
[97] [M]: 0x0000000080000170 (0x03965793) srli a5, a2, 0x39
x15 <- 0x0000000000000000
mem[X,0x0000000080000174] -> 0xE6B3
mem[X,0x0000000080000176] -> 0x00F6
[98] [M]: 0x0000000080000174 (0x00F6E6B3) or a3, a3, a5
x13 <- 0x0000000000000000
mem[X,0x0000000080000178] -> 0x0013
mem[X,0x000000008000017A] -> 0x0000
[99] [M]: 0x0000000080000178 (0x00000013) addi zero, zero, 0x0
clint::tick mtime <- 0x0000000000000001
 clint timer pending at mtime 0x0000000000000001
htif::tick 0x0000000000000000
mem[X,0x000000008000017C] -> 0x0013
mem[X,0x000000008000017E] -> 0x0000
[100] [M]: 0x000000008000017C (0x00000013) addi zero, zero, 0x0
mem[X,0x0000000080000180] -> 0x3697
mem[X,0x0000000080000182] -> 0x0000
[101] [M]: 0x0000000080000180 (0x00003697) auipc a3, 0x3
x13 <- 0x0000000080003180
mem[X,0x0000000080000184] -> 0x8693
mem[X,0x0000000080000186] -> 0xF986
[102] [M]: 0x0000000080000184 (0xF9868693) addi a3, a3, -0x68
x13 <- 0x0000000080003118
mem[X,0x0000000080000188] -> 0x0013
mem[X,0x000000008000018A] -> 0x0000
[103] [M]: 0x0000000080000188 (0x00000013) addi zero, zero, 0x0
mem[X,0x000000008000018C] -> 0x0013
mem[X,0x000000008000018E] -> 0x0000
[104] [M]: 0x000000008000018C (0x00000013) addi zero, zero, 0x0
mem[X,0x0000000080000190] -> 0x0013
mem[X,0x0000000080000192] -> 0x0000
[105] [M]: 0x0000000080000190 (0x00000013) addi zero, zero, 0x0
mem[X,0x0000000080000194] -> 0x0013
mem[X,0x0000000080000196] -> 0x0000
[106] [M]: 0x0000000080000194 (0x00000013) addi zero, zero, 0x0
mem[X,0x0000000080000198] -> 0x0013
mem[X,0x000000008000019A] -> 0x0000
[107] [M]: 0x0000000080000198 (0x00000013) addi zero, zero, 0x0
mem[X,0x000000008000019C] -> 0x0013
mem[X,0x000000008000019E] -> 0x0000
[108] [M]: 0x000000008000019C (0x00000013) addi zero, zero, 0x0
mem[X,0x00000000800001A0] -> 0x0137
mem[X,0x00000000800001A2] -> 0x0000
[109] [M]: 0x00000000800001A0 (0x00000137) lui sp, 0x0
x2 <- 0x0000000000000000
mem[X,0x00000000800001A4] -> 0xB023
mem[X,0x00000000800001A6] -> 0x0026
[110] [M]: 0x00000000800001A4 (0x0026B023) sd sp, 0x0(a3)
mem[0x0000000080003118] <- 0x0000000000000000
mem[X,0x00000000800001A8] -> 0x45B7
mem[X,0x00000000800001AA] -> 0x002D
[111] [M]: 0x00000000800001A8 (0x002D45B7) lui a1, 0x2d4
x11 <- 0x00000000002D4000
mem[X,0x00000000800001AC] -> 0xB423
mem[X,0x00000000800001AE] -> 0x00B6
[112] [M]: 0x00000000800001AC (0x00B6B423) sd a1, 0x8(a3)
mem[0x0000000080003120] <- 0x00000000002D4000
mem[X,0x00000000800001B0] -> 0xF637
mem[X,0x00000000800001B2] -> 0xFFFF
[113] [M]: 0x00000000800001B0 (0xFFFFF637) lui a2, -0x1
x12 <- 0xFFFFFFFFFFFFF000
mem[X,0x00000000800001B4] -> 0xB823
mem[X,0x00000000800001B6] -> 0x00C6
[114] [M]: 0x00000000800001B4 (0x00C6B823) sd a2, 0x10(a3)
mem[0x0000000080003128] <- 0xFFFFFFFFFFFFF000
mem[X,0x00000000800001B8] -> 0x30B7
mem[X,0x00000000800001BA] -> 0x0000
[115] [M]: 0x00000000800001B8 (0x000030B7) lui ra, 0x3
x1 <- 0x0000000000003000
mem[X,0x00000000800001BC] -> 0xBC23
mem[X,0x00000000800001BE] -> 0x0016
[116] [M]: 0x00000000800001BC (0x0016BC23) sd ra, 0x18(a3)
mem[0x0000000080003130] <- 0x0000000000003000
mem[X,0x00000000800001C0] -> 0x5C37
mem[X,0x00000000800001C2] -> 0x5555
[117] [M]: 0x00000000800001C0 (0x55555C37) lui s8, 0x55555
x24 <- 0x0000000055555000
mem[X,0x00000000800001C4] -> 0xB023
mem[X,0x00000000800001C6] -> 0x0386
[118] [M]: 0x00000000800001C4 (0x0386B023) sd s8, 0x20(a3)
mem[0x0000000080003138] <- 0x0000000055555000
mem[X,0x00000000800001C8] -> 0xA1B7
mem[X,0x00000000800001CA] -> 0xAAAA
[119] [M]: 0x00000000800001C8 (0xAAAAA1B7) lui gp, -0x55556
x3 <- 0xFFFFFFFFAAAAA000
mem[X,0x00000000800001CC] -> 0xB423
mem[X,0x00000000800001CE] -> 0x0236
[120] [M]: 0x00000000800001CC (0x0236B423) sd gp, 0x28(a3)
mem[0x0000000080003140] <- 0xFFFFFFFFAAAAA000
mem[X,0x00000000800001D0] -> 0x5237
mem[X,0x00000000800001D2] -> 0x0000
[121] [M]: 0x00000000800001D0 (0x00005237) lui tp, 0x5
x4 <- 0x0000000000005000
mem[X,0x00000000800001D4] -> 0xB823
mem[X,0x00000000800001D6] -> 0x0246
[122] [M]: 0x00000000800001D4 (0x0246B823) sd tp, 0x30(a3)
mem[0x0000000080003148] <- 0x0000000000005000
mem[X,0x00000000800001D8] -> 0x37B7
mem[X,0x00000000800001DA] -> 0x3333
[123] [M]: 0x00000000800001D8 (0x333337B7) lui a5, 0x33333
x15 <- 0x0000000033333000
mem[X,0x00000000800001DC] -> 0xBC23
mem[X,0x00000000800001DE] -> 0x02F6
[124] [M]: 0x00000000800001DC (0x02F6BC23) sd a5, 0x38(a3)
mem[0x0000000080003150] <- 0x0000000033333000
mem[X,0x00000000800001E0] -> 0x6837
mem[X,0x00000000800001E2] -> 0x6666
[125] [M]: 0x00000000800001E0 (0x66666837) lui a6, 0x66666
x16 <- 0x0000000066666000
mem[X,0x00000000800001E4] -> 0xB023
mem[X,0x00000000800001E6] -> 0x0506
[126] [M]: 0x00000000800001E4 (0x0506B023) sd a6, 0x40(a3)
mem[0x0000000080003158] <- 0x0000000066666000
mem[X,0x00000000800001E8] -> 0xFBB7
mem[X,0x00000000800001EA] -> 0x003F
[127] [M]: 0x00000000800001E8 (0x003FFBB7) lui s7, 0x3ff
x23 <- 0x00000000003FF000
mem[X,0x00000000800001EC] -> 0xB423
mem[X,0x00000000800001EE] -> 0x0576
[128] [M]: 0x00000000800001EC (0x0576B423) sd s7, 0x48(a3)
mem[0x0000000080003160] <- 0x00000000003FF000
mem[X,0x00000000800001F0] -> 0x2FB7
mem[X,0x00000000800001F2] -> 0x0000
[129] [M]: 0x00000000800001F0 (0x00002FB7) lui t6, 0x2
x31 <- 0x0000000000002000
mem[X,0x00000000800001F4] -> 0xB823
mem[X,0x00000000800001F6] -> 0x05F6
[130] [M]: 0x00000000800001F4 (0x05F6B823) sd t6, 0x50(a3)
mem[0x0000000080003168] <- 0x0000000000002000
mem[X,0x00000000800001F8] -> 0x4F37
mem[X,0x00000000800001FA] -> 0x5555
[131] [M]: 0x00000000800001F8 (0x55554F37) lui t5, 0x55554
x30 <- 0x0000000055554000
mem[X,0x00000000800001FC] -> 0xBC23
mem[X,0x00000000800001FE] -> 0x05E6
[132] [M]: 0x00000000800001FC (0x05E6BC23) sd t5, 0x58(a3)
mem[0x0000000080003170] <- 0x0000000055554000
mem[X,0x0000000080000200] -> 0x9E37
mem[X,0x0000000080000202] -> 0xAAAA
[133] [M]: 0x0000000080000200 (0xAAAA9E37) lui t3, -0x55557
x28 <- 0xFFFFFFFFAAAA9000
mem[X,0x0000000080000204] -> 0xB023
mem[X,0x0000000080000206] -> 0x07C6
[134] [M]: 0x0000000080000204 (0x07C6B023) sd t3, 0x60(a3)
mem[0x0000000080003178] <- 0xFFFFFFFFAAAA9000
mem[X,0x0000000080000208] -> 0x4537
mem[X,0x000000008000020A] -> 0x0000
[135] [M]: 0x0000000080000208 (0x00004537) lui a0, 0x4
x10 <- 0x0000000000004000
mem[X,0x000000008000020C] -> 0xB423
mem[X,0x000000008000020E] -> 0x06A6
[136] [M]: 0x000000008000020C (0x06A6B423) sd a0, 0x68(a3)
mem[0x0000000080003180] <- 0x0000000000004000
mem[X,0x0000000080000210] -> 0x29B7
mem[X,0x0000000080000212] -> 0x3333
[137] [M]: 0x0000000080000210 (0x333329B7) lui s3, 0x33332
x19 <- 0x0000000033332000
mem[X,0x0000000080000214] -> 0xB823
mem[X,0x0000000080000216] -> 0x0736
[138] [M]: 0x0000000080000214 (0x0736B823) sd s3, 0x70(a3)
mem[0x0000000080003188] <- 0x0000000033332000
mem[X,0x0000000080000218] -> 0x5A37
mem[X,0x000000008000021A] -> 0x6666
[139] [M]: 0x0000000080000218 (0x66665A37) lui s4, 0x66665
x20 <- 0x0000000066665000
mem[X,0x000000008000021C] -> 0xBC23
mem[X,0x000000008000021E] -> 0x0746
[140] [M]: 0x000000008000021C (0x0746BC23) sd s4, 0x78(a3)
mem[0x0000000080003190] <- 0x0000000066665000
mem[X,0x0000000080000220] -> 0x34B7
mem[X,0x0000000080000222] -> 0x002D
[141] [M]: 0x0000000080000220 (0x002D34B7) lui s1, 0x2d3
x9 <- 0x00000000002D3000
mem[X,0x0000000080000224] -> 0xB023
mem[X,0x0000000080000226] -> 0x0896
[142] [M]: 0x0000000080000224 (0x0896B023) sd s1, 0x80(a3)
mem[0x0000000080003198] <- 0x00000000002D3000
mem[X,0x0000000080000228] -> 0xEDB7
mem[X,0x000000008000022A] -> 0x003F
[143] [M]: 0x0000000080000228 (0x003FEDB7) lui s11, 0x3fe
x27 <- 0x00000000003FE000
mem[X,0x000000008000022C] -> 0xB423
mem[X,0x000000008000022E] -> 0x09B6
[144] [M]: 0x000000008000022C (0x09B6B423) sd s11, 0x88(a3)
mem[0x00000000800031A0] <- 0x00000000003FE000
mem[X,0x0000000080000230] -> 0x6337
mem[X,0x0000000080000232] -> 0x5555
[145] [M]: 0x0000000080000230 (0x55556337) lui t1, 0x55556
x6 <- 0x0000000055556000
mem[X,0x0000000080000234] -> 0xB823
mem[X,0x0000000080000236] -> 0x0866
[146] [M]: 0x0000000080000234 (0x0866B823) sd t1, 0x90(a3)
mem[0x00000000800031A8] <- 0x0000000055556000
mem[X,0x0000000080000238] -> 0xB437
mem[X,0x000000008000023A] -> 0xAAAA
[147] [M]: 0x0000000080000238 (0xAAAAB437) lui fp, -0x55555
x8 <- 0xFFFFFFFFAAAAB000
mem[X,0x000000008000023C] -> 0xBC23
mem[X,0x000000008000023E] -> 0x0886
[148] [M]: 0x000000008000023C (0x0886BC23) sd fp, 0x98(a3)
mem[0x00000000800031B0] <- 0xFFFFFFFFAAAAB000
mem[X,0x0000000080000240] -> 0x63B7
mem[X,0x0000000080000242] -> 0x0000
[149] [M]: 0x0000000080000240 (0x000063B7) lui t2, 0x6
x7 <- 0x0000000000006000
mem[X,0x0000000080000244] -> 0xB023
mem[X,0x0000000080000246] -> 0x0A76
[150] [M]: 0x0000000080000244 (0x0A76B023) sd t2, 0xa0(a3)
mem[0x00000000800031B8] <- 0x0000000000006000
mem[X,0x0000000080000248] -> 0x42B7
mem[X,0x000000008000024A] -> 0x3333
[151] [M]: 0x0000000080000248 (0x333342B7) lui t0, 0x33334
x5 <- 0x0000000033334000
mem[X,0x000000008000024C] -> 0xB423
mem[X,0x000000008000024E] -> 0x0A56
[152] [M]: 0x000000008000024C (0x0A56B423) sd t0, 0xa8(a3)
mem[0x00000000800031C0] <- 0x0000000033334000
mem[X,0x0000000080000250] -> 0x7937
mem[X,0x0000000080000252] -> 0x6666
[153] [M]: 0x0000000080000250 (0x66667937) lui s2, 0x66667
x18 <- 0x0000000066667000
mem[X,0x0000000080000254] -> 0xB823
mem[X,0x0000000080000256] -> 0x0B26
[154] [M]: 0x0000000080000254 (0x0B26B823) sd s2, 0xb0(a3)
mem[0x00000000800031C8] <- 0x0000000066667000
mem[X,0x0000000080000258] -> 0x5737
mem[X,0x000000008000025A] -> 0x002D
[155] [M]: 0x0000000080000258 (0x002D5737) lui a4, 0x2d5
x14 <- 0x00000000002D5000
mem[X,0x000000008000025C] -> 0xBC23
mem[X,0x000000008000025E] -> 0x0AE6
[156] [M]: 0x000000008000025C (0x0AE6BC23) sd a4, 0xb8(a3)
mem[0x00000000800031D0] <- 0x00000000002D5000
mem[X,0x0000000080000260] -> 0x1AB7
mem[X,0x0000000080000262] -> 0x0000
[157] [M]: 0x0000000080000260 (0x00001AB7) lui s5, 0x1
x21 <- 0x0000000000001000
mem[X,0x0000000080000264] -> 0xB023
mem[X,0x0000000080000266] -> 0x0D56
[158] [M]: 0x0000000080000264 (0x0D56B023) sd s5, 0xc0(a3)
mem[0x00000000800031D8] <- 0x0000000000001000
mem[X,0x0000000080000268] -> 0x0D37
mem[X,0x000000008000026A] -> 0x0040
[159] [M]: 0x0000000080000268 (0x00400D37) lui s10, 0x400
x26 <- 0x0000000000400000
mem[X,0x000000008000026C] -> 0xB423
mem[X,0x000000008000026E] -> 0x0DA6
[160] [M]: 0x000000008000026C (0x0DA6B423) sd s10, 0xc8(a3)
mem[0x00000000800031E0] <- 0x0000000000400000
mem[X,0x0000000080000270] -> 0x88B7
mem[X,0x0000000080000272] -> 0x0000
[161] [M]: 0x0000000080000270 (0x000088B7) lui a7, 0x8
x17 <- 0x0000000000008000
mem[X,0x0000000080000274] -> 0xB823
mem[X,0x0000000080000276] -> 0x0D16
[162] [M]: 0x0000000080000274 (0x0D16B823) sd a7, 0xd0(a3)
mem[0x00000000800031E8] <- 0x0000000000008000
mem[X,0x0000000080000278] -> 0x0CB7
mem[X,0x000000008000027A] -> 0x0001
[163] [M]: 0x0000000080000278 (0x00010CB7) lui s9, 0x10
x25 <- 0x0000000000010000
mem[X,0x000000008000027C] -> 0xBC23
mem[X,0x000000008000027E] -> 0x0D96
[164] [M]: 0x000000008000027C (0x0D96BC23) sd s9, 0xd8(a3)
mem[0x00000000800031F0] <- 0x0000000000010000
mem[X,0x0000000080000280] -> 0x3097
mem[X,0x0000000080000282] -> 0x0000
[165] [M]: 0x0000000080000280 (0x00003097) auipc ra, 0x3
x1 <- 0x0000000080003280
mem[X,0x0000000080000284] -> 0x8093
mem[X,0x0000000080000286] -> 0xF780
[166] [M]: 0x0000000080000284 (0xF7808093) addi ra, ra, -0x88
x1 <- 0x00000000800031F8
mem[X,0x0000000080000288] -> 0x0013
mem[X,0x000000008000028A] -> 0x0000
[167] [M]: 0x0000000080000288 (0x00000013) addi zero, zero, 0x0
mem[X,0x000000008000028C] -> 0x0013
mem[X,0x000000008000028E] -> 0x0000
[168] [M]: 0x000000008000028C (0x00000013) addi zero, zero, 0x0
mem[X,0x0000000080000290] -> 0x0013
mem[X,0x0000000080000292] -> 0x0000
[169] [M]: 0x0000000080000290 (0x00000013) addi zero, zero, 0x0
mem[X,0x0000000080000294] -> 0x0013
mem[X,0x0000000080000296] -> 0x0000
[170] [M]: 0x0000000080000294 (0x00000013) addi zero, zero, 0x0
mem[X,0x0000000080000298] -> 0x0013
mem[X,0x000000008000029A] -> 0x0000
[171] [M]: 0x0000000080000298 (0x00000013) addi zero, zero, 0x0
mem[X,0x000000008000029C] -> 0x0013
mem[X,0x000000008000029E] -> 0x0000
[172] [M]: 0x000000008000029C (0x00000013) addi zero, zero, 0x0
mem[X,0x00000000800002A0] -> 0x0B37
mem[X,0x00000000800002A2] -> 0x0002
[173] [M]: 0x00000000800002A0 (0x00020B37) lui s6, 0x20
x22 <- 0x0000000000020000
mem[X,0x00000000800002A4] -> 0xB023
mem[X,0x00000000800002A6] -> 0x0160
[174] [M]: 0x00000000800002A4 (0x0160B023) sd s6, 0x0(ra)
mem[0x00000000800031F8] <- 0x0000000000020000
mem[X,0x00000000800002A8] -> 0x0037
mem[X,0x00000000800002AA] -> 0x0004
[175] [M]: 0x00000000800002A8 (0x00040037) lui zero, 0x40
mem[X,0x00000000800002AC] -> 0xB423
mem[X,0x00000000800002AE] -> 0x0000
[176] [M]: 0x00000000800002AC (0x0000B423) sd zero, 0x8(ra)
mem[0x0000000080003200] <- 0x0000000000000000
mem[X,0x00000000800002B0] -> 0x0EB7
mem[X,0x00000000800002B2] -> 0x0008
[177] [M]: 0x00000000800002B0 (0x00080EB7) lui t4, 0x80
x29 <- 0x0000000000080000
mem[X,0x00000000800002B4] -> 0xB823
mem[X,0x00000000800002B6] -> 0x01D0
[178] [M]: 0x00000000800002B4 (0x01D0B823) sd t4, 0x10(ra)
mem[0x0000000080003208] <- 0x0000000000080000
mem[X,0x00000000800002B8] -> 0xF6B7
mem[X,0x00000000800002BA] -> 0xEFFF
[179] [M]: 0x00000000800002B8 (0xEFFFF6B7) lui a3, -0x10001
x13 <- 0xFFFFFFFFEFFFF000
mem[X,0x00000000800002BC] -> 0xBC23
mem[X,0x00000000800002BE] -> 0x00D0
[180] [M]: 0x00000000800002BC (0x00D0BC23) sd a3, 0x18(ra)
mem[0x0000000080003210] <- 0xFFFFFFFFEFFFF000
mem[X,0x00000000800002C0] -> 0xF537
mem[X,0x00000000800002C2] -> 0xDFFF
[181] [M]: 0x00000000800002C0 (0xDFFFF537) lui a0, -0x20001
x10 <- 0xFFFFFFFFDFFFF000
mem[X,0x00000000800002C4] -> 0xB023
mem[X,0x00000000800002C6] -> 0x02A0
[182] [M]: 0x00000000800002C4 (0x02A0B023) sd a0, 0x20(ra)
mem[0x0000000080003218] <- 0xFFFFFFFFDFFFF000
mem[X,0x00000000800002C8] -> 0xF537
mem[X,0x00000000800002CA] -> 0xBFFF
[183] [M]: 0x00000000800002C8 (0xBFFFF537) lui a0, -0x40001
x10 <- 0xFFFFFFFFBFFFF000
mem[X,0x00000000800002CC] -> 0xB423
mem[X,0x00000000800002CE] -> 0x02A0
[184] [M]: 0x00000000800002CC (0x02A0B423) sd a0, 0x28(ra)
mem[0x0000000080003220] <- 0xFFFFFFFFBFFFF000
mem[X,0x00000000800002D0] -> 0xF537
mem[X,0x00000000800002D2] -> 0x7FFF
[185] [M]: 0x00000000800002D0 (0x7FFFF537) lui a0, 0x7ffff
x10 <- 0x000000007FFFF000
mem[X,0x00000000800002D4] -> 0xB823
mem[X,0x00000000800002D6] -> 0x02A0
[186] [M]: 0x00000000800002D4 (0x02A0B823) sd a0, 0x30(ra)
mem[0x0000000080003228] <- 0x000000007FFFF000
mem[X,0x00000000800002D8] -> 0x0537
mem[X,0x00000000800002DA] -> 0x0010
[187] [M]: 0x00000000800002D8 (0x00100537) lui a0, 0x100
x10 <- 0x0000000000100000
mem[X,0x00000000800002DC] -> 0xBC23
mem[X,0x00000000800002DE] -> 0x02A0
[188] [M]: 0x00000000800002DC (0x02A0BC23) sd a0, 0x38(ra)
mem[0x0000000080003230] <- 0x0000000000100000
mem[X,0x00000000800002E0] -> 0x0537
mem[X,0x00000000800002E2] -> 0x0020
[189] [M]: 0x00000000800002E0 (0x00200537) lui a0, 0x200
x10 <- 0x0000000000200000
mem[X,0x00000000800002E4] -> 0xB023
mem[X,0x00000000800002E6] -> 0x04A0
[190] [M]: 0x00000000800002E4 (0x04A0B023) sd a0, 0x40(ra)
mem[0x0000000080003238] <- 0x0000000000200000
mem[X,0x00000000800002E8] -> 0x0537
mem[X,0x00000000800002EA] -> 0x0080
[191] [M]: 0x00000000800002E8 (0x00800537) lui a0, 0x800
x10 <- 0x0000000000800000
mem[X,0x00000000800002EC] -> 0xB423
mem[X,0x00000000800002EE] -> 0x04A0
[192] [M]: 0x00000000800002EC (0x04A0B423) sd a0, 0x48(ra)
mem[0x0000000080003240] <- 0x0000000000800000
mem[X,0x00000000800002F0] -> 0x0537
mem[X,0x00000000800002F2] -> 0x0100
[193] [M]: 0x00000000800002F0 (0x01000537) lui a0, 0x1000
x10 <- 0x0000000001000000
mem[X,0x00000000800002F4] -> 0xB823
mem[X,0x00000000800002F6] -> 0x04A0
[194] [M]: 0x00000000800002F4 (0x04A0B823) sd a0, 0x50(ra)
mem[0x0000000080003248] <- 0x0000000001000000
mem[X,0x00000000800002F8] -> 0x0537
mem[X,0x00000000800002FA] -> 0x0200
[195] [M]: 0x00000000800002F8 (0x02000537) lui a0, 0x2000
x10 <- 0x0000000002000000
mem[X,0x00000000800002FC] -> 0xBC23
mem[X,0x00000000800002FE] -> 0x04A0
[196] [M]: 0x00000000800002FC (0x04A0BC23) sd a0, 0x58(ra)
mem[0x0000000080003250] <- 0x0000000002000000
mem[X,0x0000000080000300] -> 0x0537
mem[X,0x0000000080000302] -> 0x0400
[197] [M]: 0x0000000080000300 (0x04000537) lui a0, 0x4000
x10 <- 0x0000000004000000
mem[X,0x0000000080000304] -> 0xB023
mem[X,0x0000000080000306] -> 0x06A0
[198] [M]: 0x0000000080000304 (0x06A0B023) sd a0, 0x60(ra)
mem[0x0000000080003258] <- 0x0000000004000000
mem[X,0x0000000080000308] -> 0x0537
mem[X,0x000000008000030A] -> 0x0800
[199] [M]: 0x0000000080000308 (0x08000537) lui a0, 0x8000
x10 <- 0x0000000008000000
clint::tick mtime <- 0x0000000000000002
 clint timer pending at mtime 0x0000000000000002
htif::tick 0x0000000000000000
mem[X,0x000000008000030C] -> 0xB423
mem[X,0x000000008000030E] -> 0x06A0
[200] [M]: 0x000000008000030C (0x06A0B423) sd a0, 0x68(ra)
mem[0x0000000080003260] <- 0x0000000008000000
mem[X,0x0000000080000310] -> 0x0537
mem[X,0x0000000080000312] -> 0x1000
[201] [M]: 0x0000000080000310 (0x10000537) lui a0, 0x10000
x10 <- 0x0000000010000000
mem[X,0x0000000080000314] -> 0xB823
mem[X,0x0000000080000316] -> 0x06A0
[202] [M]: 0x0000000080000314 (0x06A0B823) sd a0, 0x70(ra)
mem[0x0000000080003268] <- 0x0000000010000000
mem[X,0x0000000080000318] -> 0x0537
mem[X,0x000000008000031A] -> 0x2000
[203] [M]: 0x0000000080000318 (0x20000537) lui a0, 0x20000
x10 <- 0x0000000020000000
mem[X,0x000000008000031C] -> 0xBC23
mem[X,0x000000008000031E] -> 0x06A0
[204] [M]: 0x000000008000031C (0x06A0BC23) sd a0, 0x78(ra)
mem[0x0000000080003270] <- 0x0000000020000000
mem[X,0x0000000080000320] -> 0x0537
mem[X,0x0000000080000322] -> 0x4000
[205] [M]: 0x0000000080000320 (0x40000537) lui a0, 0x40000
x10 <- 0x0000000040000000
mem[X,0x0000000080000324] -> 0xB023
mem[X,0x0000000080000326] -> 0x08A0
[206] [M]: 0x0000000080000324 (0x08A0B023) sd a0, 0x80(ra)
mem[0x0000000080003278] <- 0x0000000040000000
mem[X,0x0000000080000328] -> 0x0537
mem[X,0x000000008000032A] -> 0x8000
[207] [M]: 0x0000000080000328 (0x80000537) lui a0, -0x80000
x10 <- 0xFFFFFFFF80000000
mem[X,0x000000008000032C] -> 0xB423
mem[X,0x000000008000032E] -> 0x08A0
[208] [M]: 0x000000008000032C (0x08A0B423) sd a0, 0x88(ra)
mem[0x0000000080003280] <- 0xFFFFFFFF80000000
mem[X,0x0000000080000330] -> 0xE537
mem[X,0x0000000080000332] -> 0xFFFF
[209] [M]: 0x0000000080000330 (0xFFFFE537) lui a0, -0x2
x10 <- 0xFFFFFFFFFFFFE000
mem[X,0x0000000080000334] -> 0xB823
mem[X,0x0000000080000336] -> 0x08A0
[210] [M]: 0x0000000080000334 (0x08A0B823) sd a0, 0x90(ra)
mem[0x0000000080003288] <- 0xFFFFFFFFFFFFE000
mem[X,0x0000000080000338] -> 0xD537
mem[X,0x000000008000033A] -> 0xFFFF
[211] [M]: 0x0000000080000338 (0xFFFFD537) lui a0, -0x3
x10 <- 0xFFFFFFFFFFFFD000
mem[X,0x000000008000033C] -> 0xBC23
mem[X,0x000000008000033E] -> 0x08A0
[212] [M]: 0x000000008000033C (0x08A0BC23) sd a0, 0x98(ra)
mem[0x0000000080003290] <- 0xFFFFFFFFFFFFD000
mem[X,0x0000000080000340] -> 0xB537
mem[X,0x0000000080000342] -> 0xFFFF
[213] [M]: 0x0000000080000340 (0xFFFFB537) lui a0, -0x5
x10 <- 0xFFFFFFFFFFFFB000
mem[X,0x0000000080000344] -> 0xB023
mem[X,0x0000000080000346] -> 0x0AA0
[214] [M]: 0x0000000080000344 (0x0AA0B023) sd a0, 0xa0(ra)
mem[0x0000000080003298] <- 0xFFFFFFFFFFFFB000
mem[X,0x0000000080000348] -> 0x7537
mem[X,0x000000008000034A] -> 0xFFFF
[215] [M]: 0x0000000080000348 (0xFFFF7537) lui a0, -0x9
x10 <- 0xFFFFFFFFFFFF7000
mem[X,0x000000008000034C] -> 0xB423
mem[X,0x000000008000034E] -> 0x0AA0
[216] [M]: 0x000000008000034C (0x0AA0B423) sd a0, 0xa8(ra)
mem[0x00000000800032A0] <- 0xFFFFFFFFFFFF7000
mem[X,0x0000000080000350] -> 0xF537
mem[X,0x0000000080000352] -> 0xFFFE
[217] [M]: 0x0000000080000350 (0xFFFEF537) lui a0, -0x11
x10 <- 0xFFFFFFFFFFFEF000
mem[X,0x0000000080000354] -> 0xB823
mem[X,0x0000000080000356] -> 0x0AA0
[218] [M]: 0x0000000080000354 (0x0AA0B823) sd a0, 0xb0(ra)
mem[0x00000000800032A8] <- 0xFFFFFFFFFFFEF000
mem[X,0x0000000080000358] -> 0xF537
mem[X,0x000000008000035A] -> 0xFFFD
[219] [M]: 0x0000000080000358 (0xFFFDF537) lui a0, -0x21
x10 <- 0xFFFFFFFFFFFDF000
mem[X,0x000000008000035C] -> 0xBC23
mem[X,0x000000008000035E] -> 0x0AA0
[220] [M]: 0x000000008000035C (0x0AA0BC23) sd a0, 0xb8(ra)
mem[0x00000000800032B0] <- 0xFFFFFFFFFFFDF000
mem[X,0x0000000080000360] -> 0xF537
mem[X,0x0000000080000362] -> 0xFFFB
[221] [M]: 0x0000000080000360 (0xFFFBF537) lui a0, -0x41
x10 <- 0xFFFFFFFFFFFBF000
mem[X,0x0000000080000364] -> 0xB023
mem[X,0x0000000080000366] -> 0x0CA0
[222] [M]: 0x0000000080000364 (0x0CA0B023) sd a0, 0xc0(ra)
mem[0x00000000800032B8] <- 0xFFFFFFFFFFFBF000
mem[X,0x0000000080000368] -> 0xF537
mem[X,0x000000008000036A] -> 0xFFF7
[223] [M]: 0x0000000080000368 (0xFFF7F537) lui a0, -0x81
x10 <- 0xFFFFFFFFFFF7F000
mem[X,0x000000008000036C] -> 0xB423
mem[X,0x000000008000036E] -> 0x0CA0
[224] [M]: 0x000000008000036C (0x0CA0B423) sd a0, 0xc8(ra)
mem[0x00000000800032C0] <- 0xFFFFFFFFFFF7F000
mem[X,0x0000000080000370] -> 0xF537
mem[X,0x0000000080000372] -> 0xFFEF
[225] [M]: 0x0000000080000370 (0xFFEFF537) lui a0, -0x101
x10 <- 0xFFFFFFFFFFEFF000
mem[X,0x0000000080000374] -> 0xB823
mem[X,0x0000000080000376] -> 0x0CA0
[226] [M]: 0x0000000080000374 (0x0CA0B823) sd a0, 0xd0(ra)
mem[0x00000000800032C8] <- 0xFFFFFFFFFFEFF000
mem[X,0x0000000080000378] -> 0xF537
mem[X,0x000000008000037A] -> 0xFFDF
[227] [M]: 0x0000000080000378 (0xFFDFF537) lui a0, -0x201
x10 <- 0xFFFFFFFFFFDFF000
mem[X,0x000000008000037C] -> 0xBC23
mem[X,0x000000008000037E] -> 0x0CA0
[228] [M]: 0x000000008000037C (0x0CA0BC23) sd a0, 0xd8(ra)
mem[0x00000000800032D0] <- 0xFFFFFFFFFFDFF000
mem[X,0x0000000080000380] -> 0xF537
mem[X,0x0000000080000382] -> 0xFFBF
[229] [M]: 0x0000000080000380 (0xFFBFF537) lui a0, -0x401
x10 <- 0xFFFFFFFFFFBFF000
mem[X,0x0000000080000384] -> 0xB023
mem[X,0x0000000080000386] -> 0x0EA0
[230] [M]: 0x0000000080000384 (0x0EA0B023) sd a0, 0xe0(ra)
mem[0x00000000800032D8] <- 0xFFFFFFFFFFBFF000
mem[X,0x0000000080000388] -> 0xF537
mem[X,0x000000008000038A] -> 0xFF7F
[231] [M]: 0x0000000080000388 (0xFF7FF537) lui a0, -0x801
x10 <- 0xFFFFFFFFFF7FF000
mem[X,0x000000008000038C] -> 0xB423
mem[X,0x000000008000038E] -> 0x0EA0
[232] [M]: 0x000000008000038C (0x0EA0B423) sd a0, 0xe8(ra)
mem[0x00000000800032E0] <- 0xFFFFFFFFFF7FF000
mem[X,0x0000000080000390] -> 0xF537
mem[X,0x0000000080000392] -> 0xFEFF
[233] [M]: 0x0000000080000390 (0xFEFFF537) lui a0, -0x1001
x10 <- 0xFFFFFFFFFEFFF000
mem[X,0x0000000080000394] -> 0xB823
mem[X,0x0000000080000396] -> 0x0EA0
[234] [M]: 0x0000000080000394 (0x0EA0B823) sd a0, 0xf0(ra)
mem[0x00000000800032E8] <- 0xFFFFFFFFFEFFF000
mem[X,0x0000000080000398] -> 0xF537
mem[X,0x000000008000039A] -> 0xFDFF
[235] [M]: 0x0000000080000398 (0xFDFFF537) lui a0, -0x2001
x10 <- 0xFFFFFFFFFDFFF000
mem[X,0x000000008000039C] -> 0xBC23
mem[X,0x000000008000039E] -> 0x0EA0
[236] [M]: 0x000000008000039C (0x0EA0BC23) sd a0, 0xf8(ra)
mem[0x00000000800032F0] <- 0xFFFFFFFFFDFFF000
mem[X,0x00000000800003A0] -> 0xF537
mem[X,0x00000000800003A2] -> 0xFBFF
[237] [M]: 0x00000000800003A0 (0xFBFFF537) lui a0, -0x4001
x10 <- 0xFFFFFFFFFBFFF000
mem[X,0x00000000800003A4] -> 0xB023
mem[X,0x00000000800003A6] -> 0x10A0
[238] [M]: 0x00000000800003A4 (0x10A0B023) sd a0, 0x100(ra)
mem[0x00000000800032F8] <- 0xFFFFFFFFFBFFF000
mem[X,0x00000000800003A8] -> 0xF537
mem[X,0x00000000800003AA] -> 0xF7FF
[239] [M]: 0x00000000800003A8 (0xF7FFF537) lui a0, -0x8001
x10 <- 0xFFFFFFFFF7FFF000
mem[X,0x00000000800003AC] -> 0xB423
mem[X,0x00000000800003AE] -> 0x10A0
[240] [M]: 0x00000000800003AC (0x10A0B423) sd a0, 0x108(ra)
mem[0x0000000080003300] <- 0xFFFFFFFFF7FFF000
mem[X,0x00000000800003B0] -> 0x0537
mem[X,0x00000000800003B2] -> 0x0004
[241] [M]: 0x00000000800003B0 (0x00040537) lui a0, 0x40
x10 <- 0x0000000000040000
mem[X,0x00000000800003B4] -> 0xB823
mem[X,0x00000000800003B6] -> 0x10A0
[242] [M]: 0x00000000800003B4 (0x10A0B823) sd a0, 0x110(ra)
mem[0x0000000080003308] <- 0x0000000000040000
mem[X,0x00000000800003B8] -> 0x006F
mem[X,0x00000000800003BA] -> 0x0380
[243] [M]: 0x00000000800003B8 (0x0380006F) jal zero, 0x38
mem[X,0x00000000800003F0] -> 0x0093
mem[X,0x00000000800003F2] -> 0x0010
[244] [M]: 0x00000000800003F0 (0x00100093) addi ra, zero, 0x1
x1 <- 0x0000000000000001
mem[X,0x00000000800003F4] -> 0x1F17
mem[X,0x00000000800003F6] -> 0x0000
[245] [M]: 0x00000000800003F4 (0x00001F17) auipc t5, 0x1
x30 <- 0x00000000800013F4
mem[X,0x00000000800003F8] -> 0x2623
mem[X,0x00000000800003FA] -> 0xC01F
[246] [M]: 0x00000000800003F8 (0xC01F2623) sw ra, -0x3f4(t5)
htif[0x0000000080001000] <- 0x00000001
mem[X,0x00000000800003FC] -> 0xF06F
mem[X,0x00000000800003FE] -> 0xFF9F
[247] [M]: 0x00000000800003FC (0xFF9FF06F) jal zero, -0x8
mem[X,0x00000000800003F4] -> 0x1F17
mem[X,0x00000000800003F6] -> 0x0000
[248] [M]: 0x00000000800003F4 (0x00001F17) auipc t5, 0x1
x30 <- 0x00000000800013F4
mem[X,0x00000000800003F8] -> 0x2623
mem[X,0x00000000800003FA] -> 0xC01F
[249] [M]: 0x00000000800003F8 (0xC01F2623) sw ra, -0x3f4(t5)
htif[0x0000000080001000] <- 0x00000001
mem[X,0x00000000800003FC] -> 0xF06F
mem[X,0x00000000800003FE] -> 0xFF9F
[250] [M]: 0x00000000800003FC (0xFF9FF06F) jal zero, -0x8
mem[X,0x00000000800003F4] -> 0x1F17
mem[X,0x00000000800003F6] -> 0x0000
[251] [M]: 0x00000000800003F4 (0x00001F17) auipc t5, 0x1
x30 <- 0x00000000800013F4
mem[X,0x00000000800003F8] -> 0x2623
mem[X,0x00000000800003FA] -> 0xC01F
[252] [M]: 0x00000000800003F8 (0xC01F2623) sw ra, -0x3f4(t5)
htif[0x0000000080001000] <- 0x00000001
htif-syscall-proxy cmd: 0x000000000001
SUCCESS
