using /home/mamir/tempo/riscof/riscof_work/rv64i_m/C/src/csrai-01.S/ref/Reference-sail_c_simulator.signature for test-signature output.
tohost located at 0x80001000
Running file ref.elf.
ELF Entry @ 0x80000000
begin_signature: 0x80003110
end_signature: 0x800035c0
CSR mstatus <- 0x0000000A00000000 (input: 0x0000000000000000)
mem[X,0x0000000000001000] -> 0x0297
mem[X,0x0000000000001002] -> 0x0000
[0] [M]: 0x0000000000001000 (0x00000297) auipc t0, 0x0
x5 <- 0x0000000000001000
mem[X,0x0000000000001004] -> 0x8593
mem[X,0x0000000000001006] -> 0x0202
[1] [M]: 0x0000000000001004 (0x02028593) addi a1, t0, 0x20
x11 <- 0x0000000000001020
mem[X,0x0000000000001008] -> 0x2573
mem[X,0x000000000000100A] -> 0xF140
[2] [M]: 0x0000000000001008 (0xF1402573) csrrs a0, mhartid, zero
CSR mhartid -> 0x0000000000000000
x10 <- 0x0000000000000000
mem[X,0x000000000000100C] -> 0xB283
mem[X,0x000000000000100E] -> 0x0182
[3] [M]: 0x000000000000100C (0x0182B283) ld t0, 0x18(t0)
mem[R,0x0000000000001018] -> 0x0000000080000000
x5 <- 0x0000000080000000
mem[X,0x0000000000001010] -> 0x8067
mem[X,0x0000000000001012] -> 0x0002
[4] [M]: 0x0000000000001010 (0x00028067) jalr zero, 0x0(t0)
mem[X,0x0000000080000000] -> 0x0837
mem[X,0x0000000080000002] -> 0x7D5C
[5] [M]: 0x0000000080000000 (0x7D5C0837) lui a6, 0x7d5c0
x16 <- 0x000000007D5C0000
mem[X,0x0000000080000004] -> 0x0813
mem[X,0x0000000080000006] -> 0xDDB8
[6] [M]: 0x0000000080000004 (0xDDB80813) addi a6, a6, -0x225
x16 <- 0x000000007D5BFDDB
mem[X,0x0000000080000008] -> 0x1813
mem[X,0x000000008000000A] -> 0x00B8
[7] [M]: 0x0000000080000008 (0x00B81813) slli a6, a6, 0xb
x16 <- 0x000003EADFEED800
mem[X,0x000000008000000C] -> 0x0813
mem[X,0x000000008000000E] -> 0x3EA8
[8] [M]: 0x000000008000000C (0x3EA80813) addi a6, a6, 0x3ea
x16 <- 0x000003EADFEEDBEA
mem[X,0x0000000080000010] -> 0x1813
mem[X,0x0000000080000012] -> 0x00B8
[9] [M]: 0x0000000080000010 (0x00B81813) slli a6, a6, 0xb
x16 <- 0x001F56FF76DF5000
mem[X,0x0000000080000014] -> 0x0813
mem[X,0x0000000080000016] -> 0x6FF8
[10] [M]: 0x0000000080000014 (0x6FF80813) addi a6, a6, 0x6ff
x16 <- 0x001F56FF76DF56FF
mem[X,0x0000000080000018] -> 0x1813
mem[X,0x000000008000001A] -> 0x00A8
[11] [M]: 0x0000000080000018 (0x00A81813) slli a6, a6, 0xa
x16 <- 0x7D5BFDDB7D5BFC00
mem[X,0x000000008000001C] -> 0x0813
mem[X,0x000000008000001E] -> 0x1DB8
[12] [M]: 0x000000008000001C (0x1DB80813) addi a6, a6, 0x1db
x16 <- 0x7D5BFDDB7D5BFDDB
mem[X,0x0000000080000020] -> 0x5893
mem[X,0x0000000080000022] -> 0x0078
[13] [M]: 0x0000000080000020 (0x00785893) srli a7, a6, 0x7
x17 <- 0x00FAB7FBB6FAB7FB
mem[X,0x0000000080000024] -> 0x5793
mem[X,0x0000000080000026] -> 0x0398
[14] [M]: 0x0000000080000024 (0x03985793) srli a5, a6, 0x39
x15 <- 0x000000000000003E
mem[X,0x0000000080000028] -> 0xE8B3
mem[X,0x000000008000002A] -> 0x00F8
[15] [M]: 0x0000000080000028 (0x00F8E8B3) or a7, a7, a5
x17 <- 0x00FAB7FBB6FAB7FF
mem[X,0x000000008000002C] -> 0xD913
mem[X,0x000000008000002E] -> 0x0078
[16] [M]: 0x000000008000002C (0x0078D913) srli s2, a7, 0x7
x18 <- 0x0001F56FF76DF56F
mem[X,0x0000000080000030] -> 0xD793
mem[X,0x0000000080000032] -> 0x0398
[17] [M]: 0x0000000080000030 (0x0398D793) srli a5, a7, 0x39
x15 <- 0x0000000000000000
mem[X,0x0000000080000034] -> 0x6933
mem[X,0x0000000080000036] -> 0x00F9
[18] [M]: 0x0000000080000034 (0x00F96933) or s2, s2, a5
x18 <- 0x0001F56FF76DF56F
mem[X,0x0000000080000038] -> 0x5993
mem[X,0x000000008000003A] -> 0x0079
[19] [M]: 0x0000000080000038 (0x00795993) srli s3, s2, 0x7
x19 <- 0x000003EADFEEDBEA
mem[X,0x000000008000003C] -> 0x5793
mem[X,0x000000008000003E] -> 0x0399
[20] [M]: 0x000000008000003C (0x03995793) srli a5, s2, 0x39
x15 <- 0x0000000000000000
mem[X,0x0000000080000040] -> 0xE9B3
mem[X,0x0000000080000042] -> 0x00F9
[21] [M]: 0x0000000080000040 (0x00F9E9B3) or s3, s3, a5
x19 <- 0x000003EADFEEDBEA
mem[X,0x0000000080000044] -> 0xDA13
mem[X,0x0000000080000046] -> 0x0079
[22] [M]: 0x0000000080000044 (0x0079DA13) srli s4, s3, 0x7
x20 <- 0x00000007D5BFDDB7
mem[X,0x0000000080000048] -> 0xD793
mem[X,0x000000008000004A] -> 0x0399
[23] [M]: 0x0000000080000048 (0x0399D793) srli a5, s3, 0x39
x15 <- 0x0000000000000000
mem[X,0x000000008000004C] -> 0x6A33
mem[X,0x000000008000004E] -> 0x00FA
[24] [M]: 0x000000008000004C (0x00FA6A33) or s4, s4, a5
x20 <- 0x00000007D5BFDDB7
mem[X,0x0000000080000050] -> 0x5A93
mem[X,0x0000000080000052] -> 0x007A
[25] [M]: 0x0000000080000050 (0x007A5A93) srli s5, s4, 0x7
x21 <- 0x000000000FAB7FBB
mem[X,0x0000000080000054] -> 0x5793
mem[X,0x0000000080000056] -> 0x039A
[26] [M]: 0x0000000080000054 (0x039A5793) srli a5, s4, 0x39
x15 <- 0x0000000000000000
mem[X,0x0000000080000058] -> 0xEAB3
mem[X,0x000000008000005A] -> 0x00FA
[27] [M]: 0x0000000080000058 (0x00FAEAB3) or s5, s5, a5
x21 <- 0x000000000FAB7FBB
mem[X,0x000000008000005C] -> 0xDB13
mem[X,0x000000008000005E] -> 0x007A
[28] [M]: 0x000000008000005C (0x007ADB13) srli s6, s5, 0x7
x22 <- 0x00000000001F56FF
mem[X,0x0000000080000060] -> 0xD793
mem[X,0x0000000080000062] -> 0x039A
[29] [M]: 0x0000000080000060 (0x039AD793) srli a5, s5, 0x39
x15 <- 0x0000000000000000
mem[X,0x0000000080000064] -> 0x6B33
mem[X,0x0000000080000066] -> 0x00FB
[30] [M]: 0x0000000080000064 (0x00FB6B33) or s6, s6, a5
x22 <- 0x00000000001F56FF
mem[X,0x0000000080000068] -> 0x5B93
mem[X,0x000000008000006A] -> 0x007B
[31] [M]: 0x0000000080000068 (0x007B5B93) srli s7, s6, 0x7
x23 <- 0x0000000000003EAD
mem[X,0x000000008000006C] -> 0x5793
mem[X,0x000000008000006E] -> 0x039B
[32] [M]: 0x000000008000006C (0x039B5793) srli a5, s6, 0x39
x15 <- 0x0000000000000000
mem[X,0x0000000080000070] -> 0xEBB3
mem[X,0x0000000080000072] -> 0x00FB
[33] [M]: 0x0000000080000070 (0x00FBEBB3) or s7, s7, a5
x23 <- 0x0000000000003EAD
mem[X,0x0000000080000074] -> 0xDC13
mem[X,0x0000000080000076] -> 0x007B
[34] [M]: 0x0000000080000074 (0x007BDC13) srli s8, s7, 0x7
x24 <- 0x000000000000007D
mem[X,0x0000000080000078] -> 0xD793
mem[X,0x000000008000007A] -> 0x039B
[35] [M]: 0x0000000080000078 (0x039BD793) srli a5, s7, 0x39
x15 <- 0x0000000000000000
mem[X,0x000000008000007C] -> 0x6C33
mem[X,0x000000008000007E] -> 0x00FC
[36] [M]: 0x000000008000007C (0x00FC6C33) or s8, s8, a5
x24 <- 0x000000000000007D
mem[X,0x0000000080000080] -> 0x5C93
mem[X,0x0000000080000082] -> 0x007C
[37] [M]: 0x0000000080000080 (0x007C5C93) srli s9, s8, 0x7
x25 <- 0x0000000000000000
mem[X,0x0000000080000084] -> 0x5793
mem[X,0x0000000080000086] -> 0x039C
[38] [M]: 0x0000000080000084 (0x039C5793) srli a5, s8, 0x39
x15 <- 0x0000000000000000
mem[X,0x0000000080000088] -> 0xECB3
mem[X,0x000000008000008A] -> 0x00FC
[39] [M]: 0x0000000080000088 (0x00FCECB3) or s9, s9, a5
x25 <- 0x0000000000000000
mem[X,0x000000008000008C] -> 0xDD13
mem[X,0x000000008000008E] -> 0x007C
[40] [M]: 0x000000008000008C (0x007CDD13) srli s10, s9, 0x7
x26 <- 0x0000000000000000
mem[X,0x0000000080000090] -> 0xD793
mem[X,0x0000000080000092] -> 0x039C
[41] [M]: 0x0000000080000090 (0x039CD793) srli a5, s9, 0x39
x15 <- 0x0000000000000000
mem[X,0x0000000080000094] -> 0x6D33
mem[X,0x0000000080000096] -> 0x00FD
[42] [M]: 0x0000000080000094 (0x00FD6D33) or s10, s10, a5
x26 <- 0x0000000000000000
mem[X,0x0000000080000098] -> 0x5D93
mem[X,0x000000008000009A] -> 0x007D
[43] [M]: 0x0000000080000098 (0x007D5D93) srli s11, s10, 0x7
x27 <- 0x0000000000000000
mem[X,0x000000008000009C] -> 0x5793
mem[X,0x000000008000009E] -> 0x039D
[44] [M]: 0x000000008000009C (0x039D5793) srli a5, s10, 0x39
x15 <- 0x0000000000000000
mem[X,0x00000000800000A0] -> 0xEDB3
mem[X,0x00000000800000A2] -> 0x00FD
[45] [M]: 0x00000000800000A0 (0x00FDEDB3) or s11, s11, a5
x27 <- 0x0000000000000000
mem[X,0x00000000800000A4] -> 0xDE13
mem[X,0x00000000800000A6] -> 0x007D
[46] [M]: 0x00000000800000A4 (0x007DDE13) srli t3, s11, 0x7
x28 <- 0x0000000000000000
mem[X,0x00000000800000A8] -> 0xD793
mem[X,0x00000000800000AA] -> 0x039D
[47] [M]: 0x00000000800000A8 (0x039DD793) srli a5, s11, 0x39
x15 <- 0x0000000000000000
mem[X,0x00000000800000AC] -> 0x6E33
mem[X,0x00000000800000AE] -> 0x00FE
[48] [M]: 0x00000000800000AC (0x00FE6E33) or t3, t3, a5
x28 <- 0x0000000000000000
mem[X,0x00000000800000B0] -> 0x5E93
mem[X,0x00000000800000B2] -> 0x007E
[49] [M]: 0x00000000800000B0 (0x007E5E93) srli t4, t3, 0x7
x29 <- 0x0000000000000000
mem[X,0x00000000800000B4] -> 0x5793
mem[X,0x00000000800000B6] -> 0x039E
[50] [M]: 0x00000000800000B4 (0x039E5793) srli a5, t3, 0x39
x15 <- 0x0000000000000000
mem[X,0x00000000800000B8] -> 0xEEB3
mem[X,0x00000000800000BA] -> 0x00FE
[51] [M]: 0x00000000800000B8 (0x00FEEEB3) or t4, t4, a5
x29 <- 0x0000000000000000
mem[X,0x00000000800000BC] -> 0xDF13
mem[X,0x00000000800000BE] -> 0x007E
[52] [M]: 0x00000000800000BC (0x007EDF13) srli t5, t4, 0x7
x30 <- 0x0000000000000000
mem[X,0x00000000800000C0] -> 0xD793
mem[X,0x00000000800000C2] -> 0x039E
[53] [M]: 0x00000000800000C0 (0x039ED793) srli a5, t4, 0x39
x15 <- 0x0000000000000000
mem[X,0x00000000800000C4] -> 0x6F33
mem[X,0x00000000800000C6] -> 0x00FF
[54] [M]: 0x00000000800000C4 (0x00FF6F33) or t5, t5, a5
x30 <- 0x0000000000000000
mem[X,0x00000000800000C8] -> 0xC0B7
mem[X,0x00000000800000CA] -> 0xFEED
[55] [M]: 0x00000000800000C8 (0xFEEDC0B7) lui ra, -0x1124
x1 <- 0xFFFFFFFFFEEDC000
mem[X,0x00000000800000CC] -> 0x8093
mem[X,0x00000000800000CE] -> 0xEAD0
[56] [M]: 0x00000000800000CC (0xEAD08093) addi ra, ra, -0x153
x1 <- 0xFFFFFFFFFEEDBEAD
mem[X,0x00000000800000D0] -> 0x9093
mem[X,0x00000000800000D2] -> 0x00B0
[57] [M]: 0x00000000800000D0 (0x00B09093) slli ra, ra, 0xb
x1 <- 0xFFFFFFF76DF56800
mem[X,0x00000000800000D4] -> 0x8093
mem[X,0x00000000800000D6] -> 0x7F70
[58] [M]: 0x00000000800000D4 (0x7F708093) addi ra, ra, 0x7f7
x1 <- 0xFFFFFFF76DF56FF7
mem[X,0x00000000800000D8] -> 0x9093
mem[X,0x00000000800000DA] -> 0x00B0
[59] [M]: 0x00000000800000D8 (0x00B09093) slli ra, ra, 0xb
x1 <- 0xFFFFBB6FAB7FB800
mem[X,0x00000000800000DC] -> 0x8093
mem[X,0x00000000800000DE] -> 0x36F0
[60] [M]: 0x00000000800000DC (0x36F08093) addi ra, ra, 0x36f
x1 <- 0xFFFFBB6FAB7FBB6F
mem[X,0x00000000800000E0] -> 0x9093
mem[X,0x00000000800000E2] -> 0x00A0
[61] [M]: 0x00000000800000E0 (0x00A09093) slli ra, ra, 0xa
x1 <- 0xFEEDBEADFEEDBC00
mem[X,0x00000000800000E4] -> 0x8093
mem[X,0x00000000800000E6] -> 0x2AD0
[62] [M]: 0x00000000800000E4 (0x2AD08093) addi ra, ra, 0x2ad
x1 <- 0xFEEDBEADFEEDBEAD
mem[X,0x00000000800000E8] -> 0xD113
mem[X,0x00000000800000EA] -> 0x0070
[63] [M]: 0x00000000800000E8 (0x0070D113) srli sp, ra, 0x7
x2 <- 0x01FDDB7D5BFDDB7D
mem[X,0x00000000800000EC] -> 0xD793
mem[X,0x00000000800000EE] -> 0x0390
[64] [M]: 0x00000000800000EC (0x0390D793) srli a5, ra, 0x39
x15 <- 0x000000000000007F
mem[X,0x00000000800000F0] -> 0x6133
mem[X,0x00000000800000F2] -> 0x00F1
[65] [M]: 0x00000000800000F0 (0x00F16133) or sp, sp, a5
x2 <- 0x01FDDB7D5BFDDB7F
mem[X,0x00000000800000F4] -> 0x5193
mem[X,0x00000000800000F6] -> 0x0071
[66] [M]: 0x00000000800000F4 (0x00715193) srli gp, sp, 0x7
x3 <- 0x0003FBB6FAB7FBB6
mem[X,0x00000000800000F8] -> 0x5793
mem[X,0x00000000800000FA] -> 0x0391
[67] [M]: 0x00000000800000F8 (0x03915793) srli a5, sp, 0x39
x15 <- 0x0000000000000000
mem[X,0x00000000800000FC] -> 0xE1B3
mem[X,0x00000000800000FE] -> 0x00F1
[68] [M]: 0x00000000800000FC (0x00F1E1B3) or gp, gp, a5
x3 <- 0x0003FBB6FAB7FBB6
mem[X,0x0000000080000100] -> 0xD213
mem[X,0x0000000080000102] -> 0x0071
[69] [M]: 0x0000000080000100 (0x0071D213) srli tp, gp, 0x7
x4 <- 0x000007F76DF56FF7
mem[X,0x0000000080000104] -> 0xD793
mem[X,0x0000000080000106] -> 0x0391
[70] [M]: 0x0000000080000104 (0x0391D793) srli a5, gp, 0x39
x15 <- 0x0000000000000000
mem[X,0x0000000080000108] -> 0x6233
mem[X,0x000000008000010A] -> 0x00F2
[71] [M]: 0x0000000080000108 (0x00F26233) or tp, tp, a5
x4 <- 0x000007F76DF56FF7
mem[X,0x000000008000010C] -> 0x5293
mem[X,0x000000008000010E] -> 0x0072
[72] [M]: 0x000000008000010C (0x00725293) srli t0, tp, 0x7
x5 <- 0x0000000FEEDBEADF
mem[X,0x0000000080000110] -> 0x5793
mem[X,0x0000000080000112] -> 0x0392
[73] [M]: 0x0000000080000110 (0x03925793) srli a5, tp, 0x39
x15 <- 0x0000000000000000
mem[X,0x0000000080000114] -> 0xE2B3
mem[X,0x0000000080000116] -> 0x00F2
[74] [M]: 0x0000000080000114 (0x00F2E2B3) or t0, t0, a5
x5 <- 0x0000000FEEDBEADF
mem[X,0x0000000080000118] -> 0xD313
mem[X,0x000000008000011A] -> 0x0072
[75] [M]: 0x0000000080000118 (0x0072D313) srli t1, t0, 0x7
x6 <- 0x000000001FDDB7D5
mem[X,0x000000008000011C] -> 0xD793
mem[X,0x000000008000011E] -> 0x0392
[76] [M]: 0x000000008000011C (0x0392D793) srli a5, t0, 0x39
x15 <- 0x0000000000000000
mem[X,0x0000000080000120] -> 0x6333
mem[X,0x0000000080000122] -> 0x00F3
[77] [M]: 0x0000000080000120 (0x00F36333) or t1, t1, a5
x6 <- 0x000000001FDDB7D5
mem[X,0x0000000080000124] -> 0x5393
mem[X,0x0000000080000126] -> 0x0073
[78] [M]: 0x0000000080000124 (0x00735393) srli t2, t1, 0x7
x7 <- 0x00000000003FBB6F
mem[X,0x0000000080000128] -> 0x5793
mem[X,0x000000008000012A] -> 0x0393
[79] [M]: 0x0000000080000128 (0x03935793) srli a5, t1, 0x39
x15 <- 0x0000000000000000
mem[X,0x000000008000012C] -> 0xE3B3
mem[X,0x000000008000012E] -> 0x00F3
[80] [M]: 0x000000008000012C (0x00F3E3B3) or t2, t2, a5
x7 <- 0x00000000003FBB6F
mem[X,0x0000000080000130] -> 0xD413
mem[X,0x0000000080000132] -> 0x0073
[81] [M]: 0x0000000080000130 (0x0073D413) srli fp, t2, 0x7
x8 <- 0x0000000000007F76
mem[X,0x0000000080000134] -> 0xD793
mem[X,0x0000000080000136] -> 0x0393
[82] [M]: 0x0000000080000134 (0x0393D793) srli a5, t2, 0x39
x15 <- 0x0000000000000000
mem[X,0x0000000080000138] -> 0x6433
mem[X,0x000000008000013A] -> 0x00F4
[83] [M]: 0x0000000080000138 (0x00F46433) or fp, fp, a5
x8 <- 0x0000000000007F76
mem[X,0x000000008000013C] -> 0x5493
mem[X,0x000000008000013E] -> 0x0074
[84] [M]: 0x000000008000013C (0x00745493) srli s1, fp, 0x7
x9 <- 0x00000000000000FE
mem[X,0x0000000080000140] -> 0x5793
mem[X,0x0000000080000142] -> 0x0394
[85] [M]: 0x0000000080000140 (0x03945793) srli a5, fp, 0x39
x15 <- 0x0000000000000000
mem[X,0x0000000080000144] -> 0xE4B3
mem[X,0x0000000080000146] -> 0x00F4
[86] [M]: 0x0000000080000144 (0x00F4E4B3) or s1, s1, a5
x9 <- 0x00000000000000FE
mem[X,0x0000000080000148] -> 0xD513
mem[X,0x000000008000014A] -> 0x0074
[87] [M]: 0x0000000080000148 (0x0074D513) srli a0, s1, 0x7
x10 <- 0x0000000000000001
mem[X,0x000000008000014C] -> 0xD793
mem[X,0x000000008000014E] -> 0x0394
[88] [M]: 0x000000008000014C (0x0394D793) srli a5, s1, 0x39
x15 <- 0x0000000000000000
mem[X,0x0000000080000150] -> 0x6533
mem[X,0x0000000080000152] -> 0x00F5
[89] [M]: 0x0000000080000150 (0x00F56533) or a0, a0, a5
x10 <- 0x0000000000000001
mem[X,0x0000000080000154] -> 0x5593
mem[X,0x0000000080000156] -> 0x0075
[90] [M]: 0x0000000080000154 (0x00755593) srli a1, a0, 0x7
x11 <- 0x0000000000000000
mem[X,0x0000000080000158] -> 0x5793
mem[X,0x000000008000015A] -> 0x0395
[91] [M]: 0x0000000080000158 (0x03955793) srli a5, a0, 0x39
x15 <- 0x0000000000000000
mem[X,0x000000008000015C] -> 0xE5B3
mem[X,0x000000008000015E] -> 0x00F5
[92] [M]: 0x000000008000015C (0x00F5E5B3) or a1, a1, a5
x11 <- 0x0000000000000000
mem[X,0x0000000080000160] -> 0xD613
mem[X,0x0000000080000162] -> 0x0075
[93] [M]: 0x0000000080000160 (0x0075D613) srli a2, a1, 0x7
x12 <- 0x0000000000000000
mem[X,0x0000000080000164] -> 0xD793
mem[X,0x0000000080000166] -> 0x0395
[94] [M]: 0x0000000080000164 (0x0395D793) srli a5, a1, 0x39
x15 <- 0x0000000000000000
mem[X,0x0000000080000168] -> 0x6633
mem[X,0x000000008000016A] -> 0x00F6
[95] [M]: 0x0000000080000168 (0x00F66633) or a2, a2, a5
x12 <- 0x0000000000000000
mem[X,0x000000008000016C] -> 0x5693
mem[X,0x000000008000016E] -> 0x0076
[96] [M]: 0x000000008000016C (0x00765693) srli a3, a2, 0x7
x13 <- 0x0000000000000000
mem[X,0x0000000080000170] -> 0x5793
mem[X,0x0000000080000172] -> 0x0396
[97] [M]: 0x0000000080000170 (0x03965793) srli a5, a2, 0x39
x15 <- 0x0000000000000000
mem[X,0x0000000080000174] -> 0xE6B3
mem[X,0x0000000080000176] -> 0x00F6
[98] [M]: 0x0000000080000174 (0x00F6E6B3) or a3, a3, a5
x13 <- 0x0000000000000000
mem[X,0x0000000080000178] -> 0x0013
mem[X,0x000000008000017A] -> 0x0000
[99] [M]: 0x0000000080000178 (0x00000013) addi zero, zero, 0x0
clint::tick mtime <- 0x0000000000000001
 clint timer pending at mtime 0x0000000000000001
htif::tick 0x0000000000000000
mem[X,0x000000008000017C] -> 0x0013
mem[X,0x000000008000017E] -> 0x0000
[100] [M]: 0x000000008000017C (0x00000013) addi zero, zero, 0x0
mem[X,0x0000000080000180] -> 0x3097
mem[X,0x0000000080000182] -> 0x0000
[101] [M]: 0x0000000080000180 (0x00003097) auipc ra, 0x3
x1 <- 0x0000000080003180
mem[X,0x0000000080000184] -> 0x8093
mem[X,0x0000000080000186] -> 0xF980
[102] [M]: 0x0000000080000184 (0xF9808093) addi ra, ra, -0x68
x1 <- 0x0000000080003118
mem[X,0x0000000080000188] -> 0x0013
mem[X,0x000000008000018A] -> 0x0000
[103] [M]: 0x0000000080000188 (0x00000013) addi zero, zero, 0x0
mem[X,0x000000008000018C] -> 0x0013
mem[X,0x000000008000018E] -> 0x0000
[104] [M]: 0x000000008000018C (0x00000013) addi zero, zero, 0x0
mem[X,0x0000000080000190] -> 0x0013
mem[X,0x0000000080000192] -> 0x0000
[105] [M]: 0x0000000080000190 (0x00000013) addi zero, zero, 0x0
mem[X,0x0000000080000194] -> 0x0013
mem[X,0x0000000080000196] -> 0x0000
[106] [M]: 0x0000000080000194 (0x00000013) addi zero, zero, 0x0
mem[X,0x0000000080000198] -> 0x0013
mem[X,0x000000008000019A] -> 0x0000
[107] [M]: 0x0000000080000198 (0x00000013) addi zero, zero, 0x0
mem[X,0x000000008000019C] -> 0x0013
mem[X,0x000000008000019E] -> 0x0000
[108] [M]: 0x000000008000019C (0x00000013) addi zero, zero, 0x0
mem[X,0x00000000800001A0] -> 0x0413
mem[X,0x00000000800001A2] -> 0x0010
[109] [M]: 0x00000000800001A0 (0x00100413) addi fp, zero, 0x1
x8 <- 0x0000000000000001
mem[X,0x00000000800001A4] -> 0x1413
mem[X,0x00000000800001A6] -> 0x01A4
[110] [M]: 0x00000000800001A4 (0x01A41413) slli fp, fp, 0x1a
x8 <- 0x0000000004000000
mem[X,0x00000000800001A8] -> 0x4413
mem[X,0x00000000800001AA] -> 0xFFF4
[111] [M]: 0x00000000800001A8 (0xFFF44413) xori fp, fp, -0x1
x8 <- 0xFFFFFFFFFBFFFFFF
mem[X,0x00000000800001AC] -> 0x8431
[112] [M]: 0x00000000800001AC (0x8431) c.srai s0, 0xc
x8 <- 0xFFFFFFFFFFFFBFFF
mem[X,0x00000000800001AE] -> 0xB023
mem[X,0x00000000800001B0] -> 0x0080
[113] [M]: 0x00000000800001AE (0x0080B023) sd fp, 0x0(ra)
mem[0x0000000080003118] <- 0xFFFFFFFFFFFFBFFF
mem[X,0x00000000800001B2] -> 0x0613
mem[X,0x00000000800001B4] -> 0x0010
[114] [M]: 0x00000000800001B2 (0x00100613) addi a2, zero, 0x1
x12 <- 0x0000000000000001
mem[X,0x00000000800001B6] -> 0x1613
mem[X,0x00000000800001B8] -> 0x01E6
[115] [M]: 0x00000000800001B6 (0x01E61613) slli a2, a2, 0x1e
x12 <- 0x0000000040000000
mem[X,0x00000000800001BA] -> 0x966D
[116] [M]: 0x00000000800001BA (0x966D) c.srai a2, 0x3b
x12 <- 0x0000000000000000
mem[X,0x00000000800001BC] -> 0xB423
mem[X,0x00000000800001BE] -> 0x00C0
[117] [M]: 0x00000000800001BC (0x00C0B423) sd a2, 0x8(ra)
mem[0x0000000080003120] <- 0x0000000000000000
mem[X,0x00000000800001C0] -> 0x0793
mem[X,0x00000000800001C2] -> 0x0010
[118] [M]: 0x00000000800001C0 (0x00100793) addi a5, zero, 0x1
x15 <- 0x0000000000000001
mem[X,0x00000000800001C4] -> 0x8785
[119] [M]: 0x00000000800001C4 (0x8785) c.srai a5, 0x1
x15 <- 0x0000000000000000
mem[X,0x00000000800001C6] -> 0xB823
mem[X,0x00000000800001C8] -> 0x00F0
[120] [M]: 0x00000000800001C6 (0x00F0B823) sd a5, 0x10(ra)
mem[0x0000000080003128] <- 0x0000000000000000
mem[X,0x00000000800001CA] -> 0x0593
mem[X,0x00000000800001CC] -> 0xFFF0
[121] [M]: 0x00000000800001CA (0xFFF00593) addi a1, zero, -0x1
x11 <- 0xFFFFFFFFFFFFFFFF
mem[X,0x00000000800001CE] -> 0x9593
mem[X,0x00000000800001D0] -> 0x03F5
[122] [M]: 0x00000000800001CE (0x03F59593) slli a1, a1, 0x3f
x11 <- 0x8000000000000000
mem[X,0x00000000800001D2] -> 0x85B5
[123] [M]: 0x00000000800001D2 (0x85B5) c.srai a1, 0xd
x11 <- 0xFFFC000000000000
mem[X,0x00000000800001D4] -> 0xBC23
mem[X,0x00000000800001D6] -> 0x00B0
[124] [M]: 0x00000000800001D4 (0x00B0BC23) sd a1, 0x18(ra)
mem[0x0000000080003130] <- 0xFFFC000000000000
mem[X,0x00000000800001D8] -> 0x0513
mem[X,0x00000000800001DA] -> 0x0000
[125] [M]: 0x00000000800001D8 (0x00000513) addi a0, zero, 0x0
x10 <- 0x0000000000000000
mem[X,0x00000000800001DC] -> 0x8521
[126] [M]: 0x00000000800001DC (0x8521) c.srai a0, 0x8
x10 <- 0x0000000000000000
mem[X,0x00000000800001DE] -> 0xB023
mem[X,0x00000000800001E0] -> 0x02A0
[127] [M]: 0x00000000800001DE (0x02A0B023) sd a0, 0x20(ra)
mem[0x0000000080003138] <- 0x0000000000000000
mem[X,0x00000000800001E2] -> 0x0693
mem[X,0x00000000800001E4] -> 0xFFF0
[128] [M]: 0x00000000800001E2 (0xFFF00693) addi a3, zero, -0x1
x13 <- 0xFFFFFFFFFFFFFFFF
mem[X,0x00000000800001E6] -> 0xD693
mem[X,0x00000000800001E8] -> 0x0016
[129] [M]: 0x00000000800001E6 (0x0016D693) srli a3, a3, 0x1
x13 <- 0x7FFFFFFFFFFFFFFF
mem[X,0x00000000800001EA] -> 0x9681
[130] [M]: 0x00000000800001EA (0x9681) c.srai a3, 0x20
x13 <- 0x000000007FFFFFFF
mem[X,0x00000000800001EC] -> 0xB423
mem[X,0x00000000800001EE] -> 0x02D0
[131] [M]: 0x00000000800001EC (0x02D0B423) sd a3, 0x28(ra)
mem[0x0000000080003140] <- 0x000000007FFFFFFF
mem[X,0x00000000800001F0] -> 0x0713
mem[X,0x00000000800001F2] -> 0x0020
[132] [M]: 0x00000000800001F0 (0x00200713) addi a4, zero, 0x2
x14 <- 0x0000000000000002
mem[X,0x00000000800001F4] -> 0x973D
[133] [M]: 0x00000000800001F4 (0x973D) c.srai a4, 0x2f
x14 <- 0x0000000000000000
mem[X,0x00000000800001F6] -> 0xB823
mem[X,0x00000000800001F8] -> 0x02E0
[134] [M]: 0x00000000800001F6 (0x02E0B823) sd a4, 0x30(ra)
mem[0x0000000080003148] <- 0x0000000000000000
mem[X,0x00000000800001FA] -> 0x0493
mem[X,0x00000000800001FC] -> 0x0040
[135] [M]: 0x00000000800001FA (0x00400493) addi s1, zero, 0x4
x9 <- 0x0000000000000004
mem[X,0x00000000800001FE] -> 0x849D
[136] [M]: 0x00000000800001FE (0x849D) c.srai s1, 0x7
x9 <- 0x0000000000000000
mem[X,0x0000000080000200] -> 0xBC23
mem[X,0x0000000080000202] -> 0x0290
[137] [M]: 0x0000000080000200 (0x0290BC23) sd s1, 0x38(ra)
mem[0x0000000080003150] <- 0x0000000000000000
mem[X,0x0000000080000204] -> 0x0513
mem[X,0x0000000080000206] -> 0x0080
[138] [M]: 0x0000000080000204 (0x00800513) addi a0, zero, 0x8
x10 <- 0x0000000000000008
mem[X,0x0000000080000208] -> 0x8521
[139] [M]: 0x0000000080000208 (0x8521) c.srai a0, 0x8
x10 <- 0x0000000000000000
mem[X,0x000000008000020A] -> 0xB023
mem[X,0x000000008000020C] -> 0x04A0
[140] [M]: 0x000000008000020A (0x04A0B023) sd a0, 0x40(ra)
mem[0x0000000080003158] <- 0x0000000000000000
mem[X,0x000000008000020E] -> 0x0513
mem[X,0x0000000080000210] -> 0x0100
[141] [M]: 0x000000008000020E (0x01000513) addi a0, zero, 0x10
x10 <- 0x0000000000000010
mem[X,0x0000000080000212] -> 0x9529
[142] [M]: 0x0000000080000212 (0x9529) c.srai a0, 0x2a
x10 <- 0x0000000000000000
mem[X,0x0000000080000214] -> 0xB423
mem[X,0x0000000080000216] -> 0x04A0
[143] [M]: 0x0000000080000214 (0x04A0B423) sd a0, 0x48(ra)
mem[0x0000000080003160] <- 0x0000000000000000
mem[X,0x0000000080000218] -> 0x0513
mem[X,0x000000008000021A] -> 0x0200
[144] [M]: 0x0000000080000218 (0x02000513) addi a0, zero, 0x20
x10 <- 0x0000000000000020
mem[X,0x000000008000021C] -> 0x9579
[145] [M]: 0x000000008000021C (0x9579) c.srai a0, 0x3e
x10 <- 0x0000000000000000
mem[X,0x000000008000021E] -> 0xB823
mem[X,0x0000000080000220] -> 0x04A0
[146] [M]: 0x000000008000021E (0x04A0B823) sd a0, 0x50(ra)
mem[0x0000000080003168] <- 0x0000000000000000
mem[X,0x0000000080000222] -> 0x0513
mem[X,0x0000000080000224] -> 0x0400
[147] [M]: 0x0000000080000222 (0x04000513) addi a0, zero, 0x40
x10 <- 0x0000000000000040
mem[X,0x0000000080000226] -> 0x857D
[148] [M]: 0x0000000080000226 (0x857D) c.srai a0, 0x1f
x10 <- 0x0000000000000000
mem[X,0x0000000080000228] -> 0xBC23
mem[X,0x000000008000022A] -> 0x04A0
[149] [M]: 0x0000000080000228 (0x04A0BC23) sd a0, 0x58(ra)
mem[0x0000000080003170] <- 0x0000000000000000
mem[X,0x000000008000022C] -> 0x0513
mem[X,0x000000008000022E] -> 0x0800
[150] [M]: 0x000000008000022C (0x08000513) addi a0, zero, 0x80
x10 <- 0x0000000000000080
mem[X,0x0000000080000230] -> 0x852D
[151] [M]: 0x0000000080000230 (0x852D) c.srai a0, 0xb
x10 <- 0x0000000000000000
mem[X,0x0000000080000232] -> 0xB023
mem[X,0x0000000080000234] -> 0x06A0
[152] [M]: 0x0000000080000232 (0x06A0B023) sd a0, 0x60(ra)
mem[0x0000000080003178] <- 0x0000000000000000
mem[X,0x0000000080000236] -> 0x0513
mem[X,0x0000000080000238] -> 0x1000
[153] [M]: 0x0000000080000236 (0x10000513) addi a0, zero, 0x100
x10 <- 0x0000000000000100
mem[X,0x000000008000023A] -> 0x851D
[154] [M]: 0x000000008000023A (0x851D) c.srai a0, 0x7
x10 <- 0x0000000000000002
mem[X,0x000000008000023C] -> 0xB423
mem[X,0x000000008000023E] -> 0x06A0
[155] [M]: 0x000000008000023C (0x06A0B423) sd a0, 0x68(ra)
mem[0x0000000080003180] <- 0x0000000000000002
mem[X,0x0000000080000240] -> 0x0513
mem[X,0x0000000080000242] -> 0x2000
[156] [M]: 0x0000000080000240 (0x20000513) addi a0, zero, 0x200
x10 <- 0x0000000000000200
mem[X,0x0000000080000244] -> 0x852D
[157] [M]: 0x0000000080000244 (0x852D) c.srai a0, 0xb
x10 <- 0x0000000000000000
mem[X,0x0000000080000246] -> 0xB823
mem[X,0x0000000080000248] -> 0x06A0
[158] [M]: 0x0000000080000246 (0x06A0B823) sd a0, 0x70(ra)
mem[0x0000000080003188] <- 0x0000000000000000
mem[X,0x000000008000024A] -> 0x0513
mem[X,0x000000008000024C] -> 0x4000
[159] [M]: 0x000000008000024A (0x40000513) addi a0, zero, 0x400
x10 <- 0x0000000000000400
mem[X,0x000000008000024E] -> 0x8535
[160] [M]: 0x000000008000024E (0x8535) c.srai a0, 0xd
x10 <- 0x0000000000000000
mem[X,0x0000000080000250] -> 0xBC23
mem[X,0x0000000080000252] -> 0x06A0
[161] [M]: 0x0000000080000250 (0x06A0BC23) sd a0, 0x78(ra)
mem[0x0000000080003190] <- 0x0000000000000000
mem[X,0x0000000080000254] -> 0x0513
mem[X,0x0000000080000256] -> 0x0010
[162] [M]: 0x0000000080000254 (0x00100513) addi a0, zero, 0x1
x10 <- 0x0000000000000001
mem[X,0x0000000080000258] -> 0x1513
mem[X,0x000000008000025A] -> 0x00B5
[163] [M]: 0x0000000080000258 (0x00B51513) slli a0, a0, 0xb
x10 <- 0x0000000000000800
mem[X,0x000000008000025C] -> 0x8511
[164] [M]: 0x000000008000025C (0x8511) c.srai a0, 0x4
x10 <- 0x0000000000000080
mem[X,0x000000008000025E] -> 0xB023
mem[X,0x0000000080000260] -> 0x08A0
[165] [M]: 0x000000008000025E (0x08A0B023) sd a0, 0x80(ra)
mem[0x0000000080003198] <- 0x0000000000000080
mem[X,0x0000000080000262] -> 0x0513
mem[X,0x0000000080000264] -> 0x0010
[166] [M]: 0x0000000080000262 (0x00100513) addi a0, zero, 0x1
x10 <- 0x0000000000000001
mem[X,0x0000000080000266] -> 0x1513
mem[X,0x0000000080000268] -> 0x00C5
[167] [M]: 0x0000000080000266 (0x00C51513) slli a0, a0, 0xc
x10 <- 0x0000000000001000
mem[X,0x000000008000026A] -> 0x8541
[168] [M]: 0x000000008000026A (0x8541) c.srai a0, 0x10
x10 <- 0x0000000000000000
mem[X,0x000000008000026C] -> 0xB423
mem[X,0x000000008000026E] -> 0x08A0
[169] [M]: 0x000000008000026C (0x08A0B423) sd a0, 0x88(ra)
mem[0x00000000800031A0] <- 0x0000000000000000
mem[X,0x0000000080000270] -> 0x0513
mem[X,0x0000000080000272] -> 0x0010
[170] [M]: 0x0000000080000270 (0x00100513) addi a0, zero, 0x1
x10 <- 0x0000000000000001
mem[X,0x0000000080000274] -> 0x1513
mem[X,0x0000000080000276] -> 0x00D5
[171] [M]: 0x0000000080000274 (0x00D51513) slli a0, a0, 0xd
x10 <- 0x0000000000002000
mem[X,0x0000000080000278] -> 0x853D
[172] [M]: 0x0000000080000278 (0x853D) c.srai a0, 0xf
x10 <- 0x0000000000000000
mem[X,0x000000008000027A] -> 0xB823
mem[X,0x000000008000027C] -> 0x08A0
[173] [M]: 0x000000008000027A (0x08A0B823) sd a0, 0x90(ra)
mem[0x00000000800031A8] <- 0x0000000000000000
mem[X,0x000000008000027E] -> 0x0513
mem[X,0x0000000080000280] -> 0x0010
[174] [M]: 0x000000008000027E (0x00100513) addi a0, zero, 0x1
x10 <- 0x0000000000000001
mem[X,0x0000000080000282] -> 0x1513
mem[X,0x0000000080000284] -> 0x00E5
[175] [M]: 0x0000000080000282 (0x00E51513) slli a0, a0, 0xe
x10 <- 0x0000000000004000
mem[X,0x0000000080000286] -> 0x853D
[176] [M]: 0x0000000080000286 (0x853D) c.srai a0, 0xf
x10 <- 0x0000000000000000
mem[X,0x0000000080000288] -> 0xBC23
mem[X,0x000000008000028A] -> 0x08A0
[177] [M]: 0x0000000080000288 (0x08A0BC23) sd a0, 0x98(ra)
mem[0x00000000800031B0] <- 0x0000000000000000
mem[X,0x000000008000028C] -> 0x0513
mem[X,0x000000008000028E] -> 0x0010
[178] [M]: 0x000000008000028C (0x00100513) addi a0, zero, 0x1
x10 <- 0x0000000000000001
mem[X,0x0000000080000290] -> 0x1513
mem[X,0x0000000080000292] -> 0x00F5
[179] [M]: 0x0000000080000290 (0x00F51513) slli a0, a0, 0xf
x10 <- 0x0000000000008000
mem[X,0x0000000080000294] -> 0x8511
[180] [M]: 0x0000000080000294 (0x8511) c.srai a0, 0x4
x10 <- 0x0000000000000800
mem[X,0x0000000080000296] -> 0xB023
mem[X,0x0000000080000298] -> 0x0AA0
[181] [M]: 0x0000000080000296 (0x0AA0B023) sd a0, 0xa0(ra)
mem[0x00000000800031B8] <- 0x0000000000000800
mem[X,0x000000008000029A] -> 0x0513
mem[X,0x000000008000029C] -> 0x0010
[182] [M]: 0x000000008000029A (0x00100513) addi a0, zero, 0x1
x10 <- 0x0000000000000001
mem[X,0x000000008000029E] -> 0x1513
mem[X,0x00000000800002A0] -> 0x0105
[183] [M]: 0x000000008000029E (0x01051513) slli a0, a0, 0x10
x10 <- 0x0000000000010000
mem[X,0x00000000800002A2] -> 0x9501
[184] [M]: 0x00000000800002A2 (0x9501) c.srai a0, 0x20
x10 <- 0x0000000000000000
mem[X,0x00000000800002A4] -> 0xB423
mem[X,0x00000000800002A6] -> 0x0AA0
[185] [M]: 0x00000000800002A4 (0x0AA0B423) sd a0, 0xa8(ra)
mem[0x00000000800031C0] <- 0x0000000000000000
mem[X,0x00000000800002A8] -> 0x0513
mem[X,0x00000000800002AA] -> 0x0010
[186] [M]: 0x00000000800002A8 (0x00100513) addi a0, zero, 0x1
x10 <- 0x0000000000000001
mem[X,0x00000000800002AC] -> 0x1513
mem[X,0x00000000800002AE] -> 0x0115
[187] [M]: 0x00000000800002AC (0x01151513) slli a0, a0, 0x11
x10 <- 0x0000000000020000
mem[X,0x00000000800002B0] -> 0x8555
[188] [M]: 0x00000000800002B0 (0x8555) c.srai a0, 0x15
x10 <- 0x0000000000000000
mem[X,0x00000000800002B2] -> 0xB823
mem[X,0x00000000800002B4] -> 0x0AA0
[189] [M]: 0x00000000800002B2 (0x0AA0B823) sd a0, 0xb0(ra)
mem[0x00000000800031C8] <- 0x0000000000000000
mem[X,0x00000000800002B6] -> 0x0513
mem[X,0x00000000800002B8] -> 0x0010
[190] [M]: 0x00000000800002B6 (0x00100513) addi a0, zero, 0x1
x10 <- 0x0000000000000001
mem[X,0x00000000800002BA] -> 0x1513
mem[X,0x00000000800002BC] -> 0x0125
[191] [M]: 0x00000000800002BA (0x01251513) slli a0, a0, 0x12
x10 <- 0x0000000000040000
mem[X,0x00000000800002BE] -> 0x8515
[192] [M]: 0x00000000800002BE (0x8515) c.srai a0, 0x5
x10 <- 0x0000000000002000
mem[X,0x00000000800002C0] -> 0xBC23
mem[X,0x00000000800002C2] -> 0x0AA0
[193] [M]: 0x00000000800002C0 (0x0AA0BC23) sd a0, 0xb8(ra)
mem[0x00000000800031D0] <- 0x0000000000002000
mem[X,0x00000000800002C4] -> 0x0513
mem[X,0x00000000800002C6] -> 0x0010
[194] [M]: 0x00000000800002C4 (0x00100513) addi a0, zero, 0x1
x10 <- 0x0000000000000001
mem[X,0x00000000800002C8] -> 0x1513
mem[X,0x00000000800002CA] -> 0x0135
[195] [M]: 0x00000000800002C8 (0x01351513) slli a0, a0, 0x13
x10 <- 0x0000000000080000
mem[X,0x00000000800002CC] -> 0x8509
[196] [M]: 0x00000000800002CC (0x8509) c.srai a0, 0x2
x10 <- 0x0000000000020000
mem[X,0x00000000800002CE] -> 0xB023
mem[X,0x00000000800002D0] -> 0x0CA0
[197] [M]: 0x00000000800002CE (0x0CA0B023) sd a0, 0xc0(ra)
mem[0x00000000800031D8] <- 0x0000000000020000
mem[X,0x00000000800002D2] -> 0x0513
mem[X,0x00000000800002D4] -> 0x0010
[198] [M]: 0x00000000800002D2 (0x00100513) addi a0, zero, 0x1
x10 <- 0x0000000000000001
mem[X,0x00000000800002D6] -> 0x1513
mem[X,0x00000000800002D8] -> 0x0145
[199] [M]: 0x00000000800002D6 (0x01451513) slli a0, a0, 0x14
x10 <- 0x0000000000100000
clint::tick mtime <- 0x0000000000000002
 clint timer pending at mtime 0x0000000000000002
htif::tick 0x0000000000000000
mem[X,0x00000000800002DA] -> 0x852D
[200] [M]: 0x00000000800002DA (0x852D) c.srai a0, 0xb
x10 <- 0x0000000000000200
mem[X,0x00000000800002DC] -> 0xB423
mem[X,0x00000000800002DE] -> 0x0CA0
[201] [M]: 0x00000000800002DC (0x0CA0B423) sd a0, 0xc8(ra)
mem[0x00000000800031E0] <- 0x0000000000000200
mem[X,0x00000000800002E0] -> 0x0513
mem[X,0x00000000800002E2] -> 0x0010
[202] [M]: 0x00000000800002E0 (0x00100513) addi a0, zero, 0x1
x10 <- 0x0000000000000001
mem[X,0x00000000800002E4] -> 0x1513
mem[X,0x00000000800002E6] -> 0x0155
[203] [M]: 0x00000000800002E4 (0x01551513) slli a0, a0, 0x15
x10 <- 0x0000000000200000
mem[X,0x00000000800002E8] -> 0x8541
[204] [M]: 0x00000000800002E8 (0x8541) c.srai a0, 0x10
x10 <- 0x0000000000000020
mem[X,0x00000000800002EA] -> 0xB823
mem[X,0x00000000800002EC] -> 0x0CA0
[205] [M]: 0x00000000800002EA (0x0CA0B823) sd a0, 0xd0(ra)
mem[0x00000000800031E8] <- 0x0000000000000020
mem[X,0x00000000800002EE] -> 0x0513
mem[X,0x00000000800002F0] -> 0x0010
[206] [M]: 0x00000000800002EE (0x00100513) addi a0, zero, 0x1
x10 <- 0x0000000000000001
mem[X,0x00000000800002F2] -> 0x1513
mem[X,0x00000000800002F4] -> 0x0165
[207] [M]: 0x00000000800002F2 (0x01651513) slli a0, a0, 0x16
x10 <- 0x0000000000400000
mem[X,0x00000000800002F6] -> 0x854D
[208] [M]: 0x00000000800002F6 (0x854D) c.srai a0, 0x13
x10 <- 0x0000000000000008
mem[X,0x00000000800002F8] -> 0xBC23
mem[X,0x00000000800002FA] -> 0x0CA0
[209] [M]: 0x00000000800002F8 (0x0CA0BC23) sd a0, 0xd8(ra)
mem[0x00000000800031F0] <- 0x0000000000000008
mem[X,0x00000000800002FC] -> 0x0513
mem[X,0x00000000800002FE] -> 0x0010
[210] [M]: 0x00000000800002FC (0x00100513) addi a0, zero, 0x1
x10 <- 0x0000000000000001
mem[X,0x0000000080000300] -> 0x1513
mem[X,0x0000000080000302] -> 0x0175
[211] [M]: 0x0000000080000300 (0x01751513) slli a0, a0, 0x17
x10 <- 0x0000000000800000
mem[X,0x0000000080000304] -> 0x8519
[212] [M]: 0x0000000080000304 (0x8519) c.srai a0, 0x6
x10 <- 0x0000000000020000
mem[X,0x0000000080000306] -> 0xB023
mem[X,0x0000000080000308] -> 0x0EA0
[213] [M]: 0x0000000080000306 (0x0EA0B023) sd a0, 0xe0(ra)
mem[0x00000000800031F8] <- 0x0000000000020000
mem[X,0x000000008000030A] -> 0x0513
mem[X,0x000000008000030C] -> 0x0010
[214] [M]: 0x000000008000030A (0x00100513) addi a0, zero, 0x1
x10 <- 0x0000000000000001
mem[X,0x000000008000030E] -> 0x1513
mem[X,0x0000000080000310] -> 0x0185
[215] [M]: 0x000000008000030E (0x01851513) slli a0, a0, 0x18
x10 <- 0x0000000001000000
mem[X,0x0000000080000312] -> 0x857D
[216] [M]: 0x0000000080000312 (0x857D) c.srai a0, 0x1f
x10 <- 0x0000000000000000
mem[X,0x0000000080000314] -> 0xB423
mem[X,0x0000000080000316] -> 0x0EA0
[217] [M]: 0x0000000080000314 (0x0EA0B423) sd a0, 0xe8(ra)
mem[0x0000000080003200] <- 0x0000000000000000
mem[X,0x0000000080000318] -> 0x0513
mem[X,0x000000008000031A] -> 0x0010
[218] [M]: 0x0000000080000318 (0x00100513) addi a0, zero, 0x1
x10 <- 0x0000000000000001
mem[X,0x000000008000031C] -> 0x1513
mem[X,0x000000008000031E] -> 0x0195
[219] [M]: 0x000000008000031C (0x01951513) slli a0, a0, 0x19
x10 <- 0x0000000002000000
mem[X,0x0000000080000320] -> 0x8515
[220] [M]: 0x0000000080000320 (0x8515) c.srai a0, 0x5
x10 <- 0x0000000000100000
mem[X,0x0000000080000322] -> 0xB823
mem[X,0x0000000080000324] -> 0x0EA0
[221] [M]: 0x0000000080000322 (0x0EA0B823) sd a0, 0xf0(ra)
mem[0x0000000080003208] <- 0x0000000000100000
mem[X,0x0000000080000326] -> 0x0513
mem[X,0x0000000080000328] -> 0x0010
[222] [M]: 0x0000000080000326 (0x00100513) addi a0, zero, 0x1
x10 <- 0x0000000000000001
mem[X,0x000000008000032A] -> 0x1513
mem[X,0x000000008000032C] -> 0x01A5
[223] [M]: 0x000000008000032A (0x01A51513) slli a0, a0, 0x1a
x10 <- 0x0000000004000000
mem[X,0x000000008000032E] -> 0x8555
[224] [M]: 0x000000008000032E (0x8555) c.srai a0, 0x15
x10 <- 0x0000000000000020
mem[X,0x0000000080000330] -> 0xBC23
mem[X,0x0000000080000332] -> 0x0EA0
[225] [M]: 0x0000000080000330 (0x0EA0BC23) sd a0, 0xf8(ra)
mem[0x0000000080003210] <- 0x0000000000000020
mem[X,0x0000000080000334] -> 0x0513
mem[X,0x0000000080000336] -> 0x0010
[226] [M]: 0x0000000080000334 (0x00100513) addi a0, zero, 0x1
x10 <- 0x0000000000000001
mem[X,0x0000000080000338] -> 0x1513
mem[X,0x000000008000033A] -> 0x01B5
[227] [M]: 0x0000000080000338 (0x01B51513) slli a0, a0, 0x1b
x10 <- 0x0000000008000000
mem[X,0x000000008000033C] -> 0x850D
[228] [M]: 0x000000008000033C (0x850D) c.srai a0, 0x3
x10 <- 0x0000000001000000
mem[X,0x000000008000033E] -> 0xB023
mem[X,0x0000000080000340] -> 0x10A0
[229] [M]: 0x000000008000033E (0x10A0B023) sd a0, 0x100(ra)
mem[0x0000000080003218] <- 0x0000000001000000
mem[X,0x0000000080000342] -> 0x0513
mem[X,0x0000000080000344] -> 0x0010
[230] [M]: 0x0000000080000342 (0x00100513) addi a0, zero, 0x1
x10 <- 0x0000000000000001
mem[X,0x0000000080000346] -> 0x1513
mem[X,0x0000000080000348] -> 0x01C5
[231] [M]: 0x0000000080000346 (0x01C51513) slli a0, a0, 0x1c
x10 <- 0x0000000010000000
mem[X,0x000000008000034A] -> 0x8529
[232] [M]: 0x000000008000034A (0x8529) c.srai a0, 0xa
x10 <- 0x0000000000040000
mem[X,0x000000008000034C] -> 0xB423
mem[X,0x000000008000034E] -> 0x10A0
[233] [M]: 0x000000008000034C (0x10A0B423) sd a0, 0x108(ra)
mem[0x0000000080003220] <- 0x0000000000040000
mem[X,0x0000000080000350] -> 0x0513
mem[X,0x0000000080000352] -> 0x0010
[234] [M]: 0x0000000080000350 (0x00100513) addi a0, zero, 0x1
x10 <- 0x0000000000000001
mem[X,0x0000000080000354] -> 0x1513
mem[X,0x0000000080000356] -> 0x01D5
[235] [M]: 0x0000000080000354 (0x01D51513) slli a0, a0, 0x1d
x10 <- 0x0000000020000000
mem[X,0x0000000080000358] -> 0x8521
[236] [M]: 0x0000000080000358 (0x8521) c.srai a0, 0x8
x10 <- 0x0000000000200000
mem[X,0x000000008000035A] -> 0xB823
mem[X,0x000000008000035C] -> 0x10A0
[237] [M]: 0x000000008000035A (0x10A0B823) sd a0, 0x110(ra)
mem[0x0000000080003228] <- 0x0000000000200000
mem[X,0x000000008000035E] -> 0x0513
mem[X,0x0000000080000360] -> 0x0010
[238] [M]: 0x000000008000035E (0x00100513) addi a0, zero, 0x1
x10 <- 0x0000000000000001
mem[X,0x0000000080000362] -> 0x1513
mem[X,0x0000000080000364] -> 0x01F5
[239] [M]: 0x0000000080000362 (0x01F51513) slli a0, a0, 0x1f
x10 <- 0x0000000080000000
mem[X,0x0000000080000366] -> 0x8539
[240] [M]: 0x0000000080000366 (0x8539) c.srai a0, 0xe
x10 <- 0x0000000000020000
mem[X,0x0000000080000368] -> 0xBC23
mem[X,0x000000008000036A] -> 0x10A0
[241] [M]: 0x0000000080000368 (0x10A0BC23) sd a0, 0x118(ra)
mem[0x0000000080003230] <- 0x0000000000020000
mem[X,0x000000008000036C] -> 0x0513
mem[X,0x000000008000036E] -> 0x0010
[242] [M]: 0x000000008000036C (0x00100513) addi a0, zero, 0x1
x10 <- 0x0000000000000001
mem[X,0x0000000080000370] -> 0x1513
mem[X,0x0000000080000372] -> 0x0205
[243] [M]: 0x0000000080000370 (0x02051513) slli a0, a0, 0x20
x10 <- 0x0000000100000000
mem[X,0x0000000080000374] -> 0x8509
[244] [M]: 0x0000000080000374 (0x8509) c.srai a0, 0x2
x10 <- 0x0000000040000000
mem[X,0x0000000080000376] -> 0xB023
mem[X,0x0000000080000378] -> 0x12A0
[245] [M]: 0x0000000080000376 (0x12A0B023) sd a0, 0x120(ra)
mem[0x0000000080003238] <- 0x0000000040000000
mem[X,0x000000008000037A] -> 0x0513
mem[X,0x000000008000037C] -> 0x0010
[246] [M]: 0x000000008000037A (0x00100513) addi a0, zero, 0x1
x10 <- 0x0000000000000001
mem[X,0x000000008000037E] -> 0x1513
mem[X,0x0000000080000380] -> 0x0215
[247] [M]: 0x000000008000037E (0x02151513) slli a0, a0, 0x21
x10 <- 0x0000000200000000
mem[X,0x0000000080000382] -> 0x956D
[248] [M]: 0x0000000080000382 (0x956D) c.srai a0, 0x3b
x10 <- 0x0000000000000000
mem[X,0x0000000080000384] -> 0xB423
mem[X,0x0000000080000386] -> 0x12A0
[249] [M]: 0x0000000080000384 (0x12A0B423) sd a0, 0x128(ra)
mem[0x0000000080003240] <- 0x0000000000000000
mem[X,0x0000000080000388] -> 0x0513
mem[X,0x000000008000038A] -> 0x0010
[250] [M]: 0x0000000080000388 (0x00100513) addi a0, zero, 0x1
x10 <- 0x0000000000000001
mem[X,0x000000008000038C] -> 0x1513
mem[X,0x000000008000038E] -> 0x0225
[251] [M]: 0x000000008000038C (0x02251513) slli a0, a0, 0x22
x10 <- 0x0000000400000000
mem[X,0x0000000080000390] -> 0x8531
[252] [M]: 0x0000000080000390 (0x8531) c.srai a0, 0xc
x10 <- 0x0000000000400000
mem[X,0x0000000080000392] -> 0xB823
mem[X,0x0000000080000394] -> 0x12A0
[253] [M]: 0x0000000080000392 (0x12A0B823) sd a0, 0x130(ra)
mem[0x0000000080003248] <- 0x0000000000400000
mem[X,0x0000000080000396] -> 0x0513
mem[X,0x0000000080000398] -> 0x0010
[254] [M]: 0x0000000080000396 (0x00100513) addi a0, zero, 0x1
x10 <- 0x0000000000000001
mem[X,0x000000008000039A] -> 0x1513
mem[X,0x000000008000039C] -> 0x0235
[255] [M]: 0x000000008000039A (0x02351513) slli a0, a0, 0x23
x10 <- 0x0000000800000000
mem[X,0x000000008000039E] -> 0x853D
[256] [M]: 0x000000008000039E (0x853D) c.srai a0, 0xf
x10 <- 0x0000000000100000
mem[X,0x00000000800003A0] -> 0xBC23
mem[X,0x00000000800003A2] -> 0x12A0
[257] [M]: 0x00000000800003A0 (0x12A0BC23) sd a0, 0x138(ra)
mem[0x0000000080003250] <- 0x0000000000100000
mem[X,0x00000000800003A4] -> 0x0513
mem[X,0x00000000800003A6] -> 0x0010
[258] [M]: 0x00000000800003A4 (0x00100513) addi a0, zero, 0x1
x10 <- 0x0000000000000001
mem[X,0x00000000800003A8] -> 0x1513
mem[X,0x00000000800003AA] -> 0x0245
[259] [M]: 0x00000000800003A8 (0x02451513) slli a0, a0, 0x24
x10 <- 0x0000001000000000
mem[X,0x00000000800003AC] -> 0x8545
[260] [M]: 0x00000000800003AC (0x8545) c.srai a0, 0x11
x10 <- 0x0000000000080000
mem[X,0x00000000800003AE] -> 0xB023
mem[X,0x00000000800003B0] -> 0x14A0
[261] [M]: 0x00000000800003AE (0x14A0B023) sd a0, 0x140(ra)
mem[0x0000000080003258] <- 0x0000000000080000
mem[X,0x00000000800003B2] -> 0x0513
mem[X,0x00000000800003B4] -> 0x0010
[262] [M]: 0x00000000800003B2 (0x00100513) addi a0, zero, 0x1
x10 <- 0x0000000000000001
mem[X,0x00000000800003B6] -> 0x1513
mem[X,0x00000000800003B8] -> 0x0255
[263] [M]: 0x00000000800003B6 (0x02551513) slli a0, a0, 0x25
x10 <- 0x0000002000000000
mem[X,0x00000000800003BA] -> 0x8541
[264] [M]: 0x00000000800003BA (0x8541) c.srai a0, 0x10
x10 <- 0x0000000000200000
mem[X,0x00000000800003BC] -> 0xB423
mem[X,0x00000000800003BE] -> 0x14A0
[265] [M]: 0x00000000800003BC (0x14A0B423) sd a0, 0x148(ra)
mem[0x0000000080003260] <- 0x0000000000200000
mem[X,0x00000000800003C0] -> 0x0513
mem[X,0x00000000800003C2] -> 0x0010
[266] [M]: 0x00000000800003C0 (0x00100513) addi a0, zero, 0x1
x10 <- 0x0000000000000001
mem[X,0x00000000800003C4] -> 0x1513
mem[X,0x00000000800003C6] -> 0x0265
[267] [M]: 0x00000000800003C4 (0x02651513) slli a0, a0, 0x26
x10 <- 0x0000004000000000
mem[X,0x00000000800003C8] -> 0x8519
[268] [M]: 0x00000000800003C8 (0x8519) c.srai a0, 0x6
x10 <- 0x0000000100000000
mem[X,0x00000000800003CA] -> 0xB823
mem[X,0x00000000800003CC] -> 0x14A0
[269] [M]: 0x00000000800003CA (0x14A0B823) sd a0, 0x150(ra)
mem[0x0000000080003268] <- 0x0000000100000000
mem[X,0x00000000800003CE] -> 0x0513
mem[X,0x00000000800003D0] -> 0x0010
[270] [M]: 0x00000000800003CE (0x00100513) addi a0, zero, 0x1
x10 <- 0x0000000000000001
mem[X,0x00000000800003D2] -> 0x1513
mem[X,0x00000000800003D4] -> 0x0275
[271] [M]: 0x00000000800003D2 (0x02751513) slli a0, a0, 0x27
x10 <- 0x0000008000000000
mem[X,0x00000000800003D6] -> 0x8521
[272] [M]: 0x00000000800003D6 (0x8521) c.srai a0, 0x8
x10 <- 0x0000000080000000
mem[X,0x00000000800003D8] -> 0xBC23
mem[X,0x00000000800003DA] -> 0x14A0
[273] [M]: 0x00000000800003D8 (0x14A0BC23) sd a0, 0x158(ra)
mem[0x0000000080003270] <- 0x0000000080000000
mem[X,0x00000000800003DC] -> 0x0513
mem[X,0x00000000800003DE] -> 0x0010
[274] [M]: 0x00000000800003DC (0x00100513) addi a0, zero, 0x1
x10 <- 0x0000000000000001
mem[X,0x00000000800003E0] -> 0x1513
mem[X,0x00000000800003E2] -> 0x0285
[275] [M]: 0x00000000800003E0 (0x02851513) slli a0, a0, 0x28
x10 <- 0x0000010000000000
mem[X,0x00000000800003E4] -> 0x8555
[276] [M]: 0x00000000800003E4 (0x8555) c.srai a0, 0x15
x10 <- 0x0000000000080000
mem[X,0x00000000800003E6] -> 0xB023
mem[X,0x00000000800003E8] -> 0x16A0
[277] [M]: 0x00000000800003E6 (0x16A0B023) sd a0, 0x160(ra)
mem[0x0000000080003278] <- 0x0000000000080000
mem[X,0x00000000800003EA] -> 0x0513
mem[X,0x00000000800003EC] -> 0x0010
[278] [M]: 0x00000000800003EA (0x00100513) addi a0, zero, 0x1
x10 <- 0x0000000000000001
mem[X,0x00000000800003EE] -> 0x1513
mem[X,0x00000000800003F0] -> 0x0295
[279] [M]: 0x00000000800003EE (0x02951513) slli a0, a0, 0x29
x10 <- 0x0000020000000000
mem[X,0x00000000800003F2] -> 0x8521
[280] [M]: 0x00000000800003F2 (0x8521) c.srai a0, 0x8
x10 <- 0x0000000200000000
mem[X,0x00000000800003F4] -> 0xB423
mem[X,0x00000000800003F6] -> 0x16A0
[281] [M]: 0x00000000800003F4 (0x16A0B423) sd a0, 0x168(ra)
mem[0x0000000080003280] <- 0x0000000200000000
mem[X,0x00000000800003F8] -> 0x0513
mem[X,0x00000000800003FA] -> 0x0010
[282] [M]: 0x00000000800003F8 (0x00100513) addi a0, zero, 0x1
x10 <- 0x0000000000000001
mem[X,0x00000000800003FC] -> 0x1513
mem[X,0x00000000800003FE] -> 0x02A5
[283] [M]: 0x00000000800003FC (0x02A51513) slli a0, a0, 0x2a
x10 <- 0x0000040000000000
mem[X,0x0000000080000400] -> 0x8509
[284] [M]: 0x0000000080000400 (0x8509) c.srai a0, 0x2
x10 <- 0x0000010000000000
mem[X,0x0000000080000402] -> 0xB823
mem[X,0x0000000080000404] -> 0x16A0
[285] [M]: 0x0000000080000402 (0x16A0B823) sd a0, 0x170(ra)
mem[0x0000000080003288] <- 0x0000010000000000
mem[X,0x0000000080000406] -> 0x0513
mem[X,0x0000000080000408] -> 0x0010
[286] [M]: 0x0000000080000406 (0x00100513) addi a0, zero, 0x1
x10 <- 0x0000000000000001
mem[X,0x000000008000040A] -> 0x1513
mem[X,0x000000008000040C] -> 0x02B5
[287] [M]: 0x000000008000040A (0x02B51513) slli a0, a0, 0x2b
x10 <- 0x0000080000000000
mem[X,0x000000008000040E] -> 0x8539
[288] [M]: 0x000000008000040E (0x8539) c.srai a0, 0xe
x10 <- 0x0000000020000000
mem[X,0x0000000080000410] -> 0xBC23
mem[X,0x0000000080000412] -> 0x16A0
[289] [M]: 0x0000000080000410 (0x16A0BC23) sd a0, 0x178(ra)
mem[0x0000000080003290] <- 0x0000000020000000
mem[X,0x0000000080000414] -> 0x0513
mem[X,0x0000000080000416] -> 0x0010
[290] [M]: 0x0000000080000414 (0x00100513) addi a0, zero, 0x1
x10 <- 0x0000000000000001
mem[X,0x0000000080000418] -> 0x1513
mem[X,0x000000008000041A] -> 0x02C5
[291] [M]: 0x0000000080000418 (0x02C51513) slli a0, a0, 0x2c
x10 <- 0x0000100000000000
mem[X,0x000000008000041C] -> 0x8505
[292] [M]: 0x000000008000041C (0x8505) c.srai a0, 0x1
x10 <- 0x0000080000000000
mem[X,0x000000008000041E] -> 0xB023
mem[X,0x0000000080000420] -> 0x18A0
[293] [M]: 0x000000008000041E (0x18A0B023) sd a0, 0x180(ra)
mem[0x0000000080003298] <- 0x0000080000000000
mem[X,0x0000000080000422] -> 0x0513
mem[X,0x0000000080000424] -> 0x0010
[294] [M]: 0x0000000080000422 (0x00100513) addi a0, zero, 0x1
x10 <- 0x0000000000000001
mem[X,0x0000000080000426] -> 0x1513
mem[X,0x0000000080000428] -> 0x02D5
[295] [M]: 0x0000000080000426 (0x02D51513) slli a0, a0, 0x2d
x10 <- 0x0000200000000000
mem[X,0x000000008000042A] -> 0x8545
[296] [M]: 0x000000008000042A (0x8545) c.srai a0, 0x11
x10 <- 0x0000000010000000
mem[X,0x000000008000042C] -> 0xB423
mem[X,0x000000008000042E] -> 0x18A0
[297] [M]: 0x000000008000042C (0x18A0B423) sd a0, 0x188(ra)
mem[0x00000000800032A0] <- 0x0000000010000000
mem[X,0x0000000080000430] -> 0x0513
mem[X,0x0000000080000432] -> 0x0010
[298] [M]: 0x0000000080000430 (0x00100513) addi a0, zero, 0x1
x10 <- 0x0000000000000001
mem[X,0x0000000080000434] -> 0x1513
mem[X,0x0000000080000436] -> 0x02E5
[299] [M]: 0x0000000080000434 (0x02E51513) slli a0, a0, 0x2e
x10 <- 0x0000400000000000
clint::tick mtime <- 0x0000000000000003
 clint timer pending at mtime 0x0000000000000003
htif::tick 0x0000000000000000
mem[X,0x0000000080000438] -> 0x9529
[300] [M]: 0x0000000080000438 (0x9529) c.srai a0, 0x2a
x10 <- 0x0000000000000010
mem[X,0x000000008000043A] -> 0xB823
mem[X,0x000000008000043C] -> 0x18A0
[301] [M]: 0x000000008000043A (0x18A0B823) sd a0, 0x190(ra)
mem[0x00000000800032A8] <- 0x0000000000000010
mem[X,0x000000008000043E] -> 0x0513
mem[X,0x0000000080000440] -> 0x0010
[302] [M]: 0x000000008000043E (0x00100513) addi a0, zero, 0x1
x10 <- 0x0000000000000001
mem[X,0x0000000080000442] -> 0x1513
mem[X,0x0000000080000444] -> 0x02F5
[303] [M]: 0x0000000080000442 (0x02F51513) slli a0, a0, 0x2f
x10 <- 0x0000800000000000
mem[X,0x0000000080000446] -> 0x857D
[304] [M]: 0x0000000080000446 (0x857D) c.srai a0, 0x1f
x10 <- 0x0000000000010000
mem[X,0x0000000080000448] -> 0xBC23
mem[X,0x000000008000044A] -> 0x18A0
[305] [M]: 0x0000000080000448 (0x18A0BC23) sd a0, 0x198(ra)
mem[0x00000000800032B0] <- 0x0000000000010000
mem[X,0x000000008000044C] -> 0x0513
mem[X,0x000000008000044E] -> 0x0010
[306] [M]: 0x000000008000044C (0x00100513) addi a0, zero, 0x1
x10 <- 0x0000000000000001
mem[X,0x0000000080000450] -> 0x1513
mem[X,0x0000000080000452] -> 0x0305
[307] [M]: 0x0000000080000450 (0x03051513) slli a0, a0, 0x30
x10 <- 0x0001000000000000
mem[X,0x0000000080000454] -> 0x9579
[308] [M]: 0x0000000080000454 (0x9579) c.srai a0, 0x3e
x10 <- 0x0000000000000000
mem[X,0x0000000080000456] -> 0xB023
mem[X,0x0000000080000458] -> 0x1AA0
[309] [M]: 0x0000000080000456 (0x1AA0B023) sd a0, 0x1a0(ra)
mem[0x00000000800032B8] <- 0x0000000000000000
mem[X,0x000000008000045A] -> 0x0513
mem[X,0x000000008000045C] -> 0x0010
[310] [M]: 0x000000008000045A (0x00100513) addi a0, zero, 0x1
x10 <- 0x0000000000000001
mem[X,0x000000008000045E] -> 0x1513
mem[X,0x0000000080000460] -> 0x0315
[311] [M]: 0x000000008000045E (0x03151513) slli a0, a0, 0x31
x10 <- 0x0002000000000000
mem[X,0x0000000080000462] -> 0x852D
[312] [M]: 0x0000000080000462 (0x852D) c.srai a0, 0xb
x10 <- 0x0000004000000000
mem[X,0x0000000080000464] -> 0xB423
mem[X,0x0000000080000466] -> 0x1AA0
[313] [M]: 0x0000000080000464 (0x1AA0B423) sd a0, 0x1a8(ra)
mem[0x00000000800032C0] <- 0x0000004000000000
mem[X,0x0000000080000468] -> 0x0513
mem[X,0x000000008000046A] -> 0x0010
[314] [M]: 0x0000000080000468 (0x00100513) addi a0, zero, 0x1
x10 <- 0x0000000000000001
mem[X,0x000000008000046C] -> 0x1513
mem[X,0x000000008000046E] -> 0x0325
[315] [M]: 0x000000008000046C (0x03251513) slli a0, a0, 0x32
x10 <- 0x0004000000000000
mem[X,0x0000000080000470] -> 0x857D
[316] [M]: 0x0000000080000470 (0x857D) c.srai a0, 0x1f
x10 <- 0x0000000000080000
mem[X,0x0000000080000472] -> 0xB823
mem[X,0x0000000080000474] -> 0x1AA0
[317] [M]: 0x0000000080000472 (0x1AA0B823) sd a0, 0x1b0(ra)
mem[0x00000000800032C8] <- 0x0000000000080000
mem[X,0x0000000080000476] -> 0x0513
mem[X,0x0000000080000478] -> 0x0010
[318] [M]: 0x0000000080000476 (0x00100513) addi a0, zero, 0x1
x10 <- 0x0000000000000001
mem[X,0x000000008000047A] -> 0x1513
mem[X,0x000000008000047C] -> 0x0335
[319] [M]: 0x000000008000047A (0x03351513) slli a0, a0, 0x33
x10 <- 0x0008000000000000
mem[X,0x000000008000047E] -> 0x8509
[320] [M]: 0x000000008000047E (0x8509) c.srai a0, 0x2
x10 <- 0x0002000000000000
mem[X,0x0000000080000480] -> 0xBC23
mem[X,0x0000000080000482] -> 0x1AA0
[321] [M]: 0x0000000080000480 (0x1AA0BC23) sd a0, 0x1b8(ra)
mem[0x00000000800032D0] <- 0x0002000000000000
mem[X,0x0000000080000484] -> 0x0513
mem[X,0x0000000080000486] -> 0x0010
[322] [M]: 0x0000000080000484 (0x00100513) addi a0, zero, 0x1
x10 <- 0x0000000000000001
mem[X,0x0000000080000488] -> 0x1513
mem[X,0x000000008000048A] -> 0x0345
[323] [M]: 0x0000000080000488 (0x03451513) slli a0, a0, 0x34
x10 <- 0x0010000000000000
mem[X,0x000000008000048C] -> 0x8549
[324] [M]: 0x000000008000048C (0x8549) c.srai a0, 0x12
x10 <- 0x0000000400000000
mem[X,0x000000008000048E] -> 0xB023
mem[X,0x0000000080000490] -> 0x1CA0
[325] [M]: 0x000000008000048E (0x1CA0B023) sd a0, 0x1c0(ra)
mem[0x00000000800032D8] <- 0x0000000400000000
mem[X,0x0000000080000492] -> 0x0513
mem[X,0x0000000080000494] -> 0x0010
[326] [M]: 0x0000000080000492 (0x00100513) addi a0, zero, 0x1
x10 <- 0x0000000000000001
mem[X,0x0000000080000496] -> 0x1513
mem[X,0x0000000080000498] -> 0x0355
[327] [M]: 0x0000000080000496 (0x03551513) slli a0, a0, 0x35
x10 <- 0x0020000000000000
mem[X,0x000000008000049A] -> 0x957D
[328] [M]: 0x000000008000049A (0x957D) c.srai a0, 0x3f
x10 <- 0x0000000000000000
mem[X,0x000000008000049C] -> 0xB423
mem[X,0x000000008000049E] -> 0x1CA0
[329] [M]: 0x000000008000049C (0x1CA0B423) sd a0, 0x1c8(ra)
mem[0x00000000800032E0] <- 0x0000000000000000
mem[X,0x00000000800004A0] -> 0x0513
mem[X,0x00000000800004A2] -> 0x0010
[330] [M]: 0x00000000800004A0 (0x00100513) addi a0, zero, 0x1
x10 <- 0x0000000000000001
mem[X,0x00000000800004A4] -> 0x1513
mem[X,0x00000000800004A6] -> 0x0365
[331] [M]: 0x00000000800004A4 (0x03651513) slli a0, a0, 0x36
x10 <- 0x0040000000000000
mem[X,0x00000000800004A8] -> 0x957D
[332] [M]: 0x00000000800004A8 (0x957D) c.srai a0, 0x3f
x10 <- 0x0000000000000000
mem[X,0x00000000800004AA] -> 0xB823
mem[X,0x00000000800004AC] -> 0x1CA0
[333] [M]: 0x00000000800004AA (0x1CA0B823) sd a0, 0x1d0(ra)
mem[0x00000000800032E8] <- 0x0000000000000000
mem[X,0x00000000800004AE] -> 0x0513
mem[X,0x00000000800004B0] -> 0x0010
[334] [M]: 0x00000000800004AE (0x00100513) addi a0, zero, 0x1
x10 <- 0x0000000000000001
mem[X,0x00000000800004B2] -> 0x1513
mem[X,0x00000000800004B4] -> 0x0375
[335] [M]: 0x00000000800004B2 (0x03751513) slli a0, a0, 0x37
x10 <- 0x0080000000000000
mem[X,0x00000000800004B6] -> 0x8549
[336] [M]: 0x00000000800004B6 (0x8549) c.srai a0, 0x12
x10 <- 0x0000002000000000
mem[X,0x00000000800004B8] -> 0xBC23
mem[X,0x00000000800004BA] -> 0x1CA0
[337] [M]: 0x00000000800004B8 (0x1CA0BC23) sd a0, 0x1d8(ra)
mem[0x00000000800032F0] <- 0x0000002000000000
mem[X,0x00000000800004BC] -> 0x0513
mem[X,0x00000000800004BE] -> 0x0010
[338] [M]: 0x00000000800004BC (0x00100513) addi a0, zero, 0x1
x10 <- 0x0000000000000001
mem[X,0x00000000800004C0] -> 0x1513
mem[X,0x00000000800004C2] -> 0x0385
[339] [M]: 0x00000000800004C0 (0x03851513) slli a0, a0, 0x38
x10 <- 0x0100000000000000
mem[X,0x00000000800004C4] -> 0x850D
[340] [M]: 0x00000000800004C4 (0x850D) c.srai a0, 0x3
x10 <- 0x0020000000000000
mem[X,0x00000000800004C6] -> 0xB023
mem[X,0x00000000800004C8] -> 0x1EA0
[341] [M]: 0x00000000800004C6 (0x1EA0B023) sd a0, 0x1e0(ra)
mem[0x00000000800032F8] <- 0x0020000000000000
mem[X,0x00000000800004CA] -> 0x0513
mem[X,0x00000000800004CC] -> 0x0010
[342] [M]: 0x00000000800004CA (0x00100513) addi a0, zero, 0x1
x10 <- 0x0000000000000001
mem[X,0x00000000800004CE] -> 0x1513
mem[X,0x00000000800004D0] -> 0x0395
[343] [M]: 0x00000000800004CE (0x03951513) slli a0, a0, 0x39
x10 <- 0x0200000000000000
mem[X,0x00000000800004D2] -> 0x8505
[344] [M]: 0x00000000800004D2 (0x8505) c.srai a0, 0x1
x10 <- 0x0100000000000000
mem[X,0x00000000800004D4] -> 0xB423
mem[X,0x00000000800004D6] -> 0x1EA0
[345] [M]: 0x00000000800004D4 (0x1EA0B423) sd a0, 0x1e8(ra)
mem[0x0000000080003300] <- 0x0100000000000000
mem[X,0x00000000800004D8] -> 0x0513
mem[X,0x00000000800004DA] -> 0x0010
[346] [M]: 0x00000000800004D8 (0x00100513) addi a0, zero, 0x1
x10 <- 0x0000000000000001
mem[X,0x00000000800004DC] -> 0x1513
mem[X,0x00000000800004DE] -> 0x03A5
[347] [M]: 0x00000000800004DC (0x03A51513) slli a0, a0, 0x3a
x10 <- 0x0400000000000000
mem[X,0x00000000800004E0] -> 0x853D
[348] [M]: 0x00000000800004E0 (0x853D) c.srai a0, 0xf
x10 <- 0x0000080000000000
mem[X,0x00000000800004E2] -> 0xB823
mem[X,0x00000000800004E4] -> 0x1EA0
[349] [M]: 0x00000000800004E2 (0x1EA0B823) sd a0, 0x1f0(ra)
mem[0x0000000080003308] <- 0x0000080000000000
mem[X,0x00000000800004E6] -> 0x0513
mem[X,0x00000000800004E8] -> 0x0010
[350] [M]: 0x00000000800004E6 (0x00100513) addi a0, zero, 0x1
x10 <- 0x0000000000000001
mem[X,0x00000000800004EA] -> 0x1513
mem[X,0x00000000800004EC] -> 0x03B5
[351] [M]: 0x00000000800004EA (0x03B51513) slli a0, a0, 0x3b
x10 <- 0x0800000000000000
mem[X,0x00000000800004EE] -> 0x9575
[352] [M]: 0x00000000800004EE (0x9575) c.srai a0, 0x3d
x10 <- 0x0000000000000000
mem[X,0x00000000800004F0] -> 0xBC23
mem[X,0x00000000800004F2] -> 0x1EA0
[353] [M]: 0x00000000800004F0 (0x1EA0BC23) sd a0, 0x1f8(ra)
mem[0x0000000080003310] <- 0x0000000000000000
mem[X,0x00000000800004F4] -> 0x0513
mem[X,0x00000000800004F6] -> 0x0010
[354] [M]: 0x00000000800004F4 (0x00100513) addi a0, zero, 0x1
x10 <- 0x0000000000000001
mem[X,0x00000000800004F8] -> 0x1513
mem[X,0x00000000800004FA] -> 0x03C5
[355] [M]: 0x00000000800004F8 (0x03C51513) slli a0, a0, 0x3c
x10 <- 0x1000000000000000
mem[X,0x00000000800004FC] -> 0x9575
[356] [M]: 0x00000000800004FC (0x9575) c.srai a0, 0x3d
x10 <- 0x0000000000000000
mem[X,0x00000000800004FE] -> 0xB023
mem[X,0x0000000080000500] -> 0x20A0
[357] [M]: 0x00000000800004FE (0x20A0B023) sd a0, 0x200(ra)
mem[0x0000000080003318] <- 0x0000000000000000
mem[X,0x0000000080000502] -> 0x0513
mem[X,0x0000000080000504] -> 0x0010
[358] [M]: 0x0000000080000502 (0x00100513) addi a0, zero, 0x1
x10 <- 0x0000000000000001
mem[X,0x0000000080000506] -> 0x1513
mem[X,0x0000000080000508] -> 0x03D5
[359] [M]: 0x0000000080000506 (0x03D51513) slli a0, a0, 0x3d
x10 <- 0x2000000000000000
mem[X,0x000000008000050A] -> 0x8525
[360] [M]: 0x000000008000050A (0x8525) c.srai a0, 0x9
x10 <- 0x0010000000000000
mem[X,0x000000008000050C] -> 0xB423
mem[X,0x000000008000050E] -> 0x20A0
[361] [M]: 0x000000008000050C (0x20A0B423) sd a0, 0x208(ra)
mem[0x0000000080003320] <- 0x0010000000000000
mem[X,0x0000000080000510] -> 0x0513
mem[X,0x0000000080000512] -> 0x0010
[362] [M]: 0x0000000080000510 (0x00100513) addi a0, zero, 0x1
x10 <- 0x0000000000000001
mem[X,0x0000000080000514] -> 0x1513
mem[X,0x0000000080000516] -> 0x03E5
[363] [M]: 0x0000000080000514 (0x03E51513) slli a0, a0, 0x3e
x10 <- 0x4000000000000000
mem[X,0x0000000080000518] -> 0x8531
[364] [M]: 0x0000000080000518 (0x8531) c.srai a0, 0xc
x10 <- 0x0004000000000000
mem[X,0x000000008000051A] -> 0xB823
mem[X,0x000000008000051C] -> 0x20A0
[365] [M]: 0x000000008000051A (0x20A0B823) sd a0, 0x210(ra)
mem[0x0000000080003328] <- 0x0004000000000000
mem[X,0x000000008000051E] -> 0x0513
mem[X,0x0000000080000520] -> 0xFFE0
[366] [M]: 0x000000008000051E (0xFFE00513) addi a0, zero, -0x2
x10 <- 0xFFFFFFFFFFFFFFFE
mem[X,0x0000000080000522] -> 0x8541
[367] [M]: 0x0000000080000522 (0x8541) c.srai a0, 0x10
x10 <- 0xFFFFFFFFFFFFFFFF
mem[X,0x0000000080000524] -> 0xBC23
mem[X,0x0000000080000526] -> 0x20A0
[368] [M]: 0x0000000080000524 (0x20A0BC23) sd a0, 0x218(ra)
mem[0x0000000080003330] <- 0xFFFFFFFFFFFFFFFF
mem[X,0x0000000080000528] -> 0x0513
mem[X,0x000000008000052A] -> 0xFFD0
[369] [M]: 0x0000000080000528 (0xFFD00513) addi a0, zero, -0x3
x10 <- 0xFFFFFFFFFFFFFFFD
mem[X,0x000000008000052C] -> 0x8535
[370] [M]: 0x000000008000052C (0x8535) c.srai a0, 0xd
x10 <- 0xFFFFFFFFFFFFFFFF
mem[X,0x000000008000052E] -> 0xB023
mem[X,0x0000000080000530] -> 0x22A0
[371] [M]: 0x000000008000052E (0x22A0B023) sd a0, 0x220(ra)
mem[0x0000000080003338] <- 0xFFFFFFFFFFFFFFFF
mem[X,0x0000000080000532] -> 0x0513
mem[X,0x0000000080000534] -> 0xFFB0
[372] [M]: 0x0000000080000532 (0xFFB00513) addi a0, zero, -0x5
x10 <- 0xFFFFFFFFFFFFFFFB
mem[X,0x0000000080000536] -> 0x9575
[373] [M]: 0x0000000080000536 (0x9575) c.srai a0, 0x3d
x10 <- 0xFFFFFFFFFFFFFFFF
mem[X,0x0000000080000538] -> 0xB423
mem[X,0x000000008000053A] -> 0x22A0
[374] [M]: 0x0000000080000538 (0x22A0B423) sd a0, 0x228(ra)
mem[0x0000000080003340] <- 0xFFFFFFFFFFFFFFFF
mem[X,0x000000008000053C] -> 0x0513
mem[X,0x000000008000053E] -> 0xFF70
[375] [M]: 0x000000008000053C (0xFF700513) addi a0, zero, -0x9
x10 <- 0xFFFFFFFFFFFFFFF7
mem[X,0x0000000080000540] -> 0x957D
[376] [M]: 0x0000000080000540 (0x957D) c.srai a0, 0x3f
x10 <- 0xFFFFFFFFFFFFFFFF
mem[X,0x0000000080000542] -> 0xB823
mem[X,0x0000000080000544] -> 0x22A0
[377] [M]: 0x0000000080000542 (0x22A0B823) sd a0, 0x230(ra)
mem[0x0000000080003348] <- 0xFFFFFFFFFFFFFFFF
mem[X,0x0000000080000546] -> 0x0513
mem[X,0x0000000080000548] -> 0xFEF0
[378] [M]: 0x0000000080000546 (0xFEF00513) addi a0, zero, -0x11
x10 <- 0xFFFFFFFFFFFFFFEF
mem[X,0x000000008000054A] -> 0x8515
[379] [M]: 0x000000008000054A (0x8515) c.srai a0, 0x5
x10 <- 0xFFFFFFFFFFFFFFFF
mem[X,0x000000008000054C] -> 0xBC23
mem[X,0x000000008000054E] -> 0x22A0
[380] [M]: 0x000000008000054C (0x22A0BC23) sd a0, 0x238(ra)
mem[0x0000000080003350] <- 0xFFFFFFFFFFFFFFFF
mem[X,0x0000000080000550] -> 0x0513
mem[X,0x0000000080000552] -> 0xFDF0
[381] [M]: 0x0000000080000550 (0xFDF00513) addi a0, zero, -0x21
x10 <- 0xFFFFFFFFFFFFFFDF
mem[X,0x0000000080000554] -> 0x8539
[382] [M]: 0x0000000080000554 (0x8539) c.srai a0, 0xe
x10 <- 0xFFFFFFFFFFFFFFFF
mem[X,0x0000000080000556] -> 0xB023
mem[X,0x0000000080000558] -> 0x24A0
[383] [M]: 0x0000000080000556 (0x24A0B023) sd a0, 0x240(ra)
mem[0x0000000080003358] <- 0xFFFFFFFFFFFFFFFF
mem[X,0x000000008000055A] -> 0x0513
mem[X,0x000000008000055C] -> 0xFBF0
[384] [M]: 0x000000008000055A (0xFBF00513) addi a0, zero, -0x41
x10 <- 0xFFFFFFFFFFFFFFBF
mem[X,0x000000008000055E] -> 0x8541
[385] [M]: 0x000000008000055E (0x8541) c.srai a0, 0x10
x10 <- 0xFFFFFFFFFFFFFFFF
mem[X,0x0000000080000560] -> 0xB423
mem[X,0x0000000080000562] -> 0x24A0
[386] [M]: 0x0000000080000560 (0x24A0B423) sd a0, 0x248(ra)
mem[0x0000000080003360] <- 0xFFFFFFFFFFFFFFFF
mem[X,0x0000000080000564] -> 0x0513
mem[X,0x0000000080000566] -> 0xF7F0
[387] [M]: 0x0000000080000564 (0xF7F00513) addi a0, zero, -0x81
x10 <- 0xFFFFFFFFFFFFFF7F
mem[X,0x0000000080000568] -> 0x851D
[388] [M]: 0x0000000080000568 (0x851D) c.srai a0, 0x7
x10 <- 0xFFFFFFFFFFFFFFFE
mem[X,0x000000008000056A] -> 0xB823
mem[X,0x000000008000056C] -> 0x24A0
[389] [M]: 0x000000008000056A (0x24A0B823) sd a0, 0x250(ra)
mem[0x0000000080003368] <- 0xFFFFFFFFFFFFFFFE
mem[X,0x000000008000056E] -> 0x0513
mem[X,0x0000000080000570] -> 0xEFF0
[390] [M]: 0x000000008000056E (0xEFF00513) addi a0, zero, -0x101
x10 <- 0xFFFFFFFFFFFFFEFF
mem[X,0x0000000080000572] -> 0x956D
[391] [M]: 0x0000000080000572 (0x956D) c.srai a0, 0x3b
x10 <- 0xFFFFFFFFFFFFFFFF
mem[X,0x0000000080000574] -> 0xBC23
mem[X,0x0000000080000576] -> 0x24A0
[392] [M]: 0x0000000080000574 (0x24A0BC23) sd a0, 0x258(ra)
mem[0x0000000080003370] <- 0xFFFFFFFFFFFFFFFF
mem[X,0x0000000080000578] -> 0x0513
mem[X,0x000000008000057A] -> 0xDFF0
[393] [M]: 0x0000000080000578 (0xDFF00513) addi a0, zero, -0x201
x10 <- 0xFFFFFFFFFFFFFDFF
mem[X,0x000000008000057C] -> 0x8525
[394] [M]: 0x000000008000057C (0x8525) c.srai a0, 0x9
x10 <- 0xFFFFFFFFFFFFFFFE
mem[X,0x000000008000057E] -> 0xB023
mem[X,0x0000000080000580] -> 0x26A0
[395] [M]: 0x000000008000057E (0x26A0B023) sd a0, 0x260(ra)
mem[0x0000000080003378] <- 0xFFFFFFFFFFFFFFFE
mem[X,0x0000000080000582] -> 0x0513
mem[X,0x0000000080000584] -> 0xBFF0
[396] [M]: 0x0000000080000582 (0xBFF00513) addi a0, zero, -0x401
x10 <- 0xFFFFFFFFFFFFFBFF
mem[X,0x0000000080000586] -> 0x955D
[397] [M]: 0x0000000080000586 (0x955D) c.srai a0, 0x37
x10 <- 0xFFFFFFFFFFFFFFFF
mem[X,0x0000000080000588] -> 0xB423
mem[X,0x000000008000058A] -> 0x26A0
[398] [M]: 0x0000000080000588 (0x26A0B423) sd a0, 0x268(ra)
mem[0x0000000080003380] <- 0xFFFFFFFFFFFFFFFF
mem[X,0x000000008000058C] -> 0x0513
mem[X,0x000000008000058E] -> 0x0010
[399] [M]: 0x000000008000058C (0x00100513) addi a0, zero, 0x1
x10 <- 0x0000000000000001
clint::tick mtime <- 0x0000000000000004
 clint timer pending at mtime 0x0000000000000004
htif::tick 0x0000000000000000
mem[X,0x0000000080000590] -> 0x1513
mem[X,0x0000000080000592] -> 0x00B5
[400] [M]: 0x0000000080000590 (0x00B51513) slli a0, a0, 0xb
x10 <- 0x0000000000000800
mem[X,0x0000000080000594] -> 0x4513
mem[X,0x0000000080000596] -> 0xFFF5
[401] [M]: 0x0000000080000594 (0xFFF54513) xori a0, a0, -0x1
x10 <- 0xFFFFFFFFFFFFF7FF
mem[X,0x0000000080000598] -> 0x8555
[402] [M]: 0x0000000080000598 (0x8555) c.srai a0, 0x15
x10 <- 0xFFFFFFFFFFFFFFFF
mem[X,0x000000008000059A] -> 0xB823
mem[X,0x000000008000059C] -> 0x26A0
[403] [M]: 0x000000008000059A (0x26A0B823) sd a0, 0x270(ra)
mem[0x0000000080003388] <- 0xFFFFFFFFFFFFFFFF
mem[X,0x000000008000059E] -> 0x0513
mem[X,0x00000000800005A0] -> 0x0010
[404] [M]: 0x000000008000059E (0x00100513) addi a0, zero, 0x1
x10 <- 0x0000000000000001
mem[X,0x00000000800005A2] -> 0x1513
mem[X,0x00000000800005A4] -> 0x00C5
[405] [M]: 0x00000000800005A2 (0x00C51513) slli a0, a0, 0xc
x10 <- 0x0000000000001000
mem[X,0x00000000800005A6] -> 0x4513
mem[X,0x00000000800005A8] -> 0xFFF5
[406] [M]: 0x00000000800005A6 (0xFFF54513) xori a0, a0, -0x1
x10 <- 0xFFFFFFFFFFFFEFFF
mem[X,0x00000000800005AA] -> 0x852D
[407] [M]: 0x00000000800005AA (0x852D) c.srai a0, 0xb
x10 <- 0xFFFFFFFFFFFFFFFD
mem[X,0x00000000800005AC] -> 0xBC23
mem[X,0x00000000800005AE] -> 0x26A0
[408] [M]: 0x00000000800005AC (0x26A0BC23) sd a0, 0x278(ra)
mem[0x0000000080003390] <- 0xFFFFFFFFFFFFFFFD
mem[X,0x00000000800005B0] -> 0x0513
mem[X,0x00000000800005B2] -> 0x0010
[409] [M]: 0x00000000800005B0 (0x00100513) addi a0, zero, 0x1
x10 <- 0x0000000000000001
mem[X,0x00000000800005B4] -> 0x1513
mem[X,0x00000000800005B6] -> 0x00D5
[410] [M]: 0x00000000800005B4 (0x00D51513) slli a0, a0, 0xd
x10 <- 0x0000000000002000
mem[X,0x00000000800005B8] -> 0x4513
mem[X,0x00000000800005BA] -> 0xFFF5
[411] [M]: 0x00000000800005B8 (0xFFF54513) xori a0, a0, -0x1
x10 <- 0xFFFFFFFFFFFFDFFF
mem[X,0x00000000800005BC] -> 0x851D
[412] [M]: 0x00000000800005BC (0x851D) c.srai a0, 0x7
x10 <- 0xFFFFFFFFFFFFFFBF
mem[X,0x00000000800005BE] -> 0xB023
mem[X,0x00000000800005C0] -> 0x28A0
[413] [M]: 0x00000000800005BE (0x28A0B023) sd a0, 0x280(ra)
mem[0x0000000080003398] <- 0xFFFFFFFFFFFFFFBF
mem[X,0x00000000800005C2] -> 0x0513
mem[X,0x00000000800005C4] -> 0x0010
[414] [M]: 0x00000000800005C2 (0x00100513) addi a0, zero, 0x1
x10 <- 0x0000000000000001
mem[X,0x00000000800005C6] -> 0x1513
mem[X,0x00000000800005C8] -> 0x00E5
[415] [M]: 0x00000000800005C6 (0x00E51513) slli a0, a0, 0xe
x10 <- 0x0000000000004000
mem[X,0x00000000800005CA] -> 0x4513
mem[X,0x00000000800005CC] -> 0xFFF5
[416] [M]: 0x00000000800005CA (0xFFF54513) xori a0, a0, -0x1
x10 <- 0xFFFFFFFFFFFFBFFF
mem[X,0x00000000800005CE] -> 0x8525
[417] [M]: 0x00000000800005CE (0x8525) c.srai a0, 0x9
x10 <- 0xFFFFFFFFFFFFFFDF
mem[X,0x00000000800005D0] -> 0xB423
mem[X,0x00000000800005D2] -> 0x28A0
[418] [M]: 0x00000000800005D0 (0x28A0B423) sd a0, 0x288(ra)
mem[0x00000000800033A0] <- 0xFFFFFFFFFFFFFFDF
mem[X,0x00000000800005D4] -> 0x0513
mem[X,0x00000000800005D6] -> 0x0010
[419] [M]: 0x00000000800005D4 (0x00100513) addi a0, zero, 0x1
x10 <- 0x0000000000000001
mem[X,0x00000000800005D8] -> 0x1513
mem[X,0x00000000800005DA] -> 0x00F5
[420] [M]: 0x00000000800005D8 (0x00F51513) slli a0, a0, 0xf
x10 <- 0x0000000000008000
mem[X,0x00000000800005DC] -> 0x4513
mem[X,0x00000000800005DE] -> 0xFFF5
[421] [M]: 0x00000000800005DC (0xFFF54513) xori a0, a0, -0x1
x10 <- 0xFFFFFFFFFFFF7FFF
mem[X,0x00000000800005E0] -> 0x853D
[422] [M]: 0x00000000800005E0 (0x853D) c.srai a0, 0xf
x10 <- 0xFFFFFFFFFFFFFFFE
mem[X,0x00000000800005E2] -> 0xB823
mem[X,0x00000000800005E4] -> 0x28A0
[423] [M]: 0x00000000800005E2 (0x28A0B823) sd a0, 0x290(ra)
mem[0x00000000800033A8] <- 0xFFFFFFFFFFFFFFFE
mem[X,0x00000000800005E6] -> 0x0513
mem[X,0x00000000800005E8] -> 0x0010
[424] [M]: 0x00000000800005E6 (0x00100513) addi a0, zero, 0x1
x10 <- 0x0000000000000001
mem[X,0x00000000800005EA] -> 0x1513
mem[X,0x00000000800005EC] -> 0x0105
[425] [M]: 0x00000000800005EA (0x01051513) slli a0, a0, 0x10
x10 <- 0x0000000000010000
mem[X,0x00000000800005EE] -> 0x4513
mem[X,0x00000000800005F0] -> 0xFFF5
[426] [M]: 0x00000000800005EE (0xFFF54513) xori a0, a0, -0x1
x10 <- 0xFFFFFFFFFFFEFFFF
mem[X,0x00000000800005F2] -> 0x953D
[427] [M]: 0x00000000800005F2 (0x953D) c.srai a0, 0x2f
x10 <- 0xFFFFFFFFFFFFFFFF
mem[X,0x00000000800005F4] -> 0xBC23
mem[X,0x00000000800005F6] -> 0x28A0
[428] [M]: 0x00000000800005F4 (0x28A0BC23) sd a0, 0x298(ra)
mem[0x00000000800033B0] <- 0xFFFFFFFFFFFFFFFF
mem[X,0x00000000800005F8] -> 0x0513
mem[X,0x00000000800005FA] -> 0x0010
[429] [M]: 0x00000000800005F8 (0x00100513) addi a0, zero, 0x1
x10 <- 0x0000000000000001
mem[X,0x00000000800005FC] -> 0x1513
mem[X,0x00000000800005FE] -> 0x0115
[430] [M]: 0x00000000800005FC (0x01151513) slli a0, a0, 0x11
x10 <- 0x0000000000020000
mem[X,0x0000000080000600] -> 0x4513
mem[X,0x0000000080000602] -> 0xFFF5
[431] [M]: 0x0000000080000600 (0xFFF54513) xori a0, a0, -0x1
x10 <- 0xFFFFFFFFFFFDFFFF
mem[X,0x0000000080000604] -> 0x9579
[432] [M]: 0x0000000080000604 (0x9579) c.srai a0, 0x3e
x10 <- 0xFFFFFFFFFFFFFFFF
mem[X,0x0000000080000606] -> 0xB023
mem[X,0x0000000080000608] -> 0x2AA0
[433] [M]: 0x0000000080000606 (0x2AA0B023) sd a0, 0x2a0(ra)
mem[0x00000000800033B8] <- 0xFFFFFFFFFFFFFFFF
mem[X,0x000000008000060A] -> 0x0513
mem[X,0x000000008000060C] -> 0x0010
[434] [M]: 0x000000008000060A (0x00100513) addi a0, zero, 0x1
x10 <- 0x0000000000000001
mem[X,0x000000008000060E] -> 0x1513
mem[X,0x0000000080000610] -> 0x0125
[435] [M]: 0x000000008000060E (0x01251513) slli a0, a0, 0x12
x10 <- 0x0000000000040000
mem[X,0x0000000080000612] -> 0x4513
mem[X,0x0000000080000614] -> 0xFFF5
[436] [M]: 0x0000000080000612 (0xFFF54513) xori a0, a0, -0x1
x10 <- 0xFFFFFFFFFFFBFFFF
mem[X,0x0000000080000616] -> 0x8555
[437] [M]: 0x0000000080000616 (0x8555) c.srai a0, 0x15
x10 <- 0xFFFFFFFFFFFFFFFF
mem[X,0x0000000080000618] -> 0xB423
mem[X,0x000000008000061A] -> 0x2AA0
[438] [M]: 0x0000000080000618 (0x2AA0B423) sd a0, 0x2a8(ra)
mem[0x00000000800033C0] <- 0xFFFFFFFFFFFFFFFF
mem[X,0x000000008000061C] -> 0x0513
mem[X,0x000000008000061E] -> 0x0010
[439] [M]: 0x000000008000061C (0x00100513) addi a0, zero, 0x1
x10 <- 0x0000000000000001
mem[X,0x0000000080000620] -> 0x1513
mem[X,0x0000000080000622] -> 0x0135
[440] [M]: 0x0000000080000620 (0x01351513) slli a0, a0, 0x13
x10 <- 0x0000000000080000
mem[X,0x0000000080000624] -> 0x4513
mem[X,0x0000000080000626] -> 0xFFF5
[441] [M]: 0x0000000080000624 (0xFFF54513) xori a0, a0, -0x1
x10 <- 0xFFFFFFFFFFF7FFFF
mem[X,0x0000000080000628] -> 0x957D
[442] [M]: 0x0000000080000628 (0x957D) c.srai a0, 0x3f
x10 <- 0xFFFFFFFFFFFFFFFF
mem[X,0x000000008000062A] -> 0xB823
mem[X,0x000000008000062C] -> 0x2AA0
[443] [M]: 0x000000008000062A (0x2AA0B823) sd a0, 0x2b0(ra)
mem[0x00000000800033C8] <- 0xFFFFFFFFFFFFFFFF
mem[X,0x000000008000062E] -> 0x0513
mem[X,0x0000000080000630] -> 0x0010
[444] [M]: 0x000000008000062E (0x00100513) addi a0, zero, 0x1
x10 <- 0x0000000000000001
mem[X,0x0000000080000632] -> 0x1513
mem[X,0x0000000080000634] -> 0x0395
[445] [M]: 0x0000000080000632 (0x03951513) slli a0, a0, 0x39
x10 <- 0x0200000000000000
mem[X,0x0000000080000636] -> 0x4513
mem[X,0x0000000080000638] -> 0xFFF5
[446] [M]: 0x0000000080000636 (0xFFF54513) xori a0, a0, -0x1
x10 <- 0xFDFFFFFFFFFFFFFF
mem[X,0x000000008000063A] -> 0x853D
[447] [M]: 0x000000008000063A (0x853D) c.srai a0, 0xf
x10 <- 0xFFFFFBFFFFFFFFFF
mem[X,0x000000008000063C] -> 0xBC23
mem[X,0x000000008000063E] -> 0x2AA0
[448] [M]: 0x000000008000063C (0x2AA0BC23) sd a0, 0x2b8(ra)
mem[0x00000000800033D0] <- 0xFFFFFBFFFFFFFFFF
mem[X,0x0000000080000640] -> 0x0513
mem[X,0x0000000080000642] -> 0x0010
[449] [M]: 0x0000000080000640 (0x00100513) addi a0, zero, 0x1
x10 <- 0x0000000000000001
mem[X,0x0000000080000644] -> 0x1513
mem[X,0x0000000080000646] -> 0x03A5
[450] [M]: 0x0000000080000644 (0x03A51513) slli a0, a0, 0x3a
x10 <- 0x0400000000000000
mem[X,0x0000000080000648] -> 0x4513
mem[X,0x000000008000064A] -> 0xFFF5
[451] [M]: 0x0000000080000648 (0xFFF54513) xori a0, a0, -0x1
x10 <- 0xFBFFFFFFFFFFFFFF
mem[X,0x000000008000064C] -> 0x854D
[452] [M]: 0x000000008000064C (0x854D) c.srai a0, 0x13
x10 <- 0xFFFFFF7FFFFFFFFF
mem[X,0x000000008000064E] -> 0xB023
mem[X,0x0000000080000650] -> 0x2CA0
[453] [M]: 0x000000008000064E (0x2CA0B023) sd a0, 0x2c0(ra)
mem[0x00000000800033D8] <- 0xFFFFFF7FFFFFFFFF
mem[X,0x0000000080000652] -> 0x0513
mem[X,0x0000000080000654] -> 0x0010
[454] [M]: 0x0000000080000652 (0x00100513) addi a0, zero, 0x1
x10 <- 0x0000000000000001
mem[X,0x0000000080000656] -> 0x1513
mem[X,0x0000000080000658] -> 0x03B5
[455] [M]: 0x0000000080000656 (0x03B51513) slli a0, a0, 0x3b
x10 <- 0x0800000000000000
mem[X,0x000000008000065A] -> 0x4513
mem[X,0x000000008000065C] -> 0xFFF5
[456] [M]: 0x000000008000065A (0xFFF54513) xori a0, a0, -0x1
x10 <- 0xF7FFFFFFFFFFFFFF
mem[X,0x000000008000065E] -> 0x8509
[457] [M]: 0x000000008000065E (0x8509) c.srai a0, 0x2
x10 <- 0xFDFFFFFFFFFFFFFF
mem[X,0x0000000080000660] -> 0xB423
mem[X,0x0000000080000662] -> 0x2CA0
[458] [M]: 0x0000000080000660 (0x2CA0B423) sd a0, 0x2c8(ra)
mem[0x00000000800033E0] <- 0xFDFFFFFFFFFFFFFF
mem[X,0x0000000080000664] -> 0x0513
mem[X,0x0000000080000666] -> 0x0010
[459] [M]: 0x0000000080000664 (0x00100513) addi a0, zero, 0x1
x10 <- 0x0000000000000001
mem[X,0x0000000080000668] -> 0x1513
mem[X,0x000000008000066A] -> 0x03C5
[460] [M]: 0x0000000080000668 (0x03C51513) slli a0, a0, 0x3c
x10 <- 0x1000000000000000
mem[X,0x000000008000066C] -> 0x4513
mem[X,0x000000008000066E] -> 0xFFF5
[461] [M]: 0x000000008000066C (0xFFF54513) xori a0, a0, -0x1
x10 <- 0xEFFFFFFFFFFFFFFF
mem[X,0x0000000080000670] -> 0x9575
[462] [M]: 0x0000000080000670 (0x9575) c.srai a0, 0x3d
x10 <- 0xFFFFFFFFFFFFFFFF
mem[X,0x0000000080000672] -> 0xB823
mem[X,0x0000000080000674] -> 0x2CA0
[463] [M]: 0x0000000080000672 (0x2CA0B823) sd a0, 0x2d0(ra)
mem[0x00000000800033E8] <- 0xFFFFFFFFFFFFFFFF
mem[X,0x0000000080000676] -> 0x0513
mem[X,0x0000000080000678] -> 0x0010
[464] [M]: 0x0000000080000676 (0x00100513) addi a0, zero, 0x1
x10 <- 0x0000000000000001
mem[X,0x000000008000067A] -> 0x1513
mem[X,0x000000008000067C] -> 0x03D5
[465] [M]: 0x000000008000067A (0x03D51513) slli a0, a0, 0x3d
x10 <- 0x2000000000000000
mem[X,0x000000008000067E] -> 0x4513
mem[X,0x0000000080000680] -> 0xFFF5
[466] [M]: 0x000000008000067E (0xFFF54513) xori a0, a0, -0x1
x10 <- 0xDFFFFFFFFFFFFFFF
mem[X,0x0000000080000682] -> 0x8531
[467] [M]: 0x0000000080000682 (0x8531) c.srai a0, 0xc
x10 <- 0xFFFDFFFFFFFFFFFF
mem[X,0x0000000080000684] -> 0xBC23
mem[X,0x0000000080000686] -> 0x2CA0
[468] [M]: 0x0000000080000684 (0x2CA0BC23) sd a0, 0x2d8(ra)
mem[0x00000000800033F0] <- 0xFFFDFFFFFFFFFFFF
mem[X,0x0000000080000688] -> 0x0513
mem[X,0x000000008000068A] -> 0x0010
[469] [M]: 0x0000000080000688 (0x00100513) addi a0, zero, 0x1
x10 <- 0x0000000000000001
mem[X,0x000000008000068C] -> 0x1513
mem[X,0x000000008000068E] -> 0x03E5
[470] [M]: 0x000000008000068C (0x03E51513) slli a0, a0, 0x3e
x10 <- 0x4000000000000000
mem[X,0x0000000080000690] -> 0x4513
mem[X,0x0000000080000692] -> 0xFFF5
[471] [M]: 0x0000000080000690 (0xFFF54513) xori a0, a0, -0x1
x10 <- 0xBFFFFFFFFFFFFFFF
mem[X,0x0000000080000694] -> 0x8521
[472] [M]: 0x0000000080000694 (0x8521) c.srai a0, 0x8
x10 <- 0xFFBFFFFFFFFFFFFF
mem[X,0x0000000080000696] -> 0xB023
mem[X,0x0000000080000698] -> 0x2EA0
[473] [M]: 0x0000000080000696 (0x2EA0B023) sd a0, 0x2e0(ra)
mem[0x00000000800033F8] <- 0xFFBFFFFFFFFFFFFF
mem[X,0x000000008000069A] -> 0x5537
mem[X,0x000000008000069C] -> 0x5555
[474] [M]: 0x000000008000069A (0x55555537) lui a0, 0x55555
x10 <- 0x0000000055555000
mem[X,0x000000008000069E] -> 0x0513
mem[X,0x00000000800006A0] -> 0x5555
[475] [M]: 0x000000008000069E (0x55550513) addi a0, a0, 0x555
x10 <- 0x0000000055555555
mem[X,0x00000000800006A2] -> 0x1513
mem[X,0x00000000800006A4] -> 0x00B5
[476] [M]: 0x00000000800006A2 (0x00B51513) slli a0, a0, 0xb
x10 <- 0x000002AAAAAAA800
mem[X,0x00000000800006A6] -> 0x0513
mem[X,0x00000000800006A8] -> 0x2AA5
[477] [M]: 0x00000000800006A6 (0x2AA50513) addi a0, a0, 0x2aa
x10 <- 0x000002AAAAAAAAAA
mem[X,0x00000000800006AA] -> 0x1513
mem[X,0x00000000800006AC] -> 0x00B5
[478] [M]: 0x00000000800006AA (0x00B51513) slli a0, a0, 0xb
x10 <- 0x0015555555555000
mem[X,0x00000000800006AE] -> 0x0513
mem[X,0x00000000800006B0] -> 0x5555
[479] [M]: 0x00000000800006AE (0x55550513) addi a0, a0, 0x555
x10 <- 0x0015555555555555
mem[X,0x00000000800006B2] -> 0x1513
mem[X,0x00000000800006B4] -> 0x00A5
[480] [M]: 0x00000000800006B2 (0x00A51513) slli a0, a0, 0xa
x10 <- 0x5555555555555400
mem[X,0x00000000800006B6] -> 0x0513
mem[X,0x00000000800006B8] -> 0x1555
[481] [M]: 0x00000000800006B6 (0x15550513) addi a0, a0, 0x155
x10 <- 0x5555555555555555
mem[X,0x00000000800006BA] -> 0x955D
[482] [M]: 0x00000000800006BA (0x955D) c.srai a0, 0x37
x10 <- 0x00000000000000AA
mem[X,0x00000000800006BC] -> 0xB423
mem[X,0x00000000800006BE] -> 0x2EA0
[483] [M]: 0x00000000800006BC (0x2EA0B423) sd a0, 0x2e8(ra)
mem[0x0000000080003400] <- 0x00000000000000AA
mem[X,0x00000000800006C0] -> 0xB537
mem[X,0x00000000800006C2] -> 0xAAAA
[484] [M]: 0x00000000800006C0 (0xAAAAB537) lui a0, -0x55555
x10 <- 0xFFFFFFFFAAAAB000
mem[X,0x00000000800006C4] -> 0x0513
mem[X,0x00000000800006C6] -> 0xAAA5
[485] [M]: 0x00000000800006C4 (0xAAA50513) addi a0, a0, -0x556
x10 <- 0xFFFFFFFFAAAAAAAA
mem[X,0x00000000800006C8] -> 0x1513
mem[X,0x00000000800006CA] -> 0x00B5
[486] [M]: 0x00000000800006C8 (0x00B51513) slli a0, a0, 0xb
x10 <- 0xFFFFFD5555555000
mem[X,0x00000000800006CC] -> 0x0513
mem[X,0x00000000800006CE] -> 0x5555
[487] [M]: 0x00000000800006CC (0x55550513) addi a0, a0, 0x555
x10 <- 0xFFFFFD5555555555
mem[X,0x00000000800006D0] -> 0x1513
mem[X,0x00000000800006D2] -> 0x00B5
[488] [M]: 0x00000000800006D0 (0x00B51513) slli a0, a0, 0xb
x10 <- 0xFFEAAAAAAAAAA800
mem[X,0x00000000800006D4] -> 0x0513
mem[X,0x00000000800006D6] -> 0x2AA5
[489] [M]: 0x00000000800006D4 (0x2AA50513) addi a0, a0, 0x2aa
x10 <- 0xFFEAAAAAAAAAAAAA
mem[X,0x00000000800006D8] -> 0x1513
mem[X,0x00000000800006DA] -> 0x00A5
[490] [M]: 0x00000000800006D8 (0x00A51513) slli a0, a0, 0xa
x10 <- 0xAAAAAAAAAAAAA800
mem[X,0x00000000800006DC] -> 0x0513
mem[X,0x00000000800006DE] -> 0x2AA5
[491] [M]: 0x00000000800006DC (0x2AA50513) addi a0, a0, 0x2aa
x10 <- 0xAAAAAAAAAAAAAAAA
mem[X,0x00000000800006E0] -> 0x8529
[492] [M]: 0x00000000800006E0 (0x8529) c.srai a0, 0xa
x10 <- 0xFFEAAAAAAAAAAAAA
mem[X,0x00000000800006E2] -> 0xB823
mem[X,0x00000000800006E4] -> 0x2EA0
[493] [M]: 0x00000000800006E2 (0x2EA0B823) sd a0, 0x2f0(ra)
mem[0x0000000080003408] <- 0xFFEAAAAAAAAAAAAA
mem[X,0x00000000800006E6] -> 0x0513
mem[X,0x00000000800006E8] -> 0x0030
[494] [M]: 0x00000000800006E6 (0x00300513) addi a0, zero, 0x3
x10 <- 0x0000000000000003
mem[X,0x00000000800006EA] -> 0x8509
[495] [M]: 0x00000000800006EA (0x8509) c.srai a0, 0x2
x10 <- 0x0000000000000000
mem[X,0x00000000800006EC] -> 0xBC23
mem[X,0x00000000800006EE] -> 0x2EA0
[496] [M]: 0x00000000800006EC (0x2EA0BC23) sd a0, 0x2f8(ra)
mem[0x0000000080003410] <- 0x0000000000000000
mem[X,0x00000000800006F0] -> 0x0513
mem[X,0x00000000800006F2] -> 0x0050
[497] [M]: 0x00000000800006F0 (0x00500513) addi a0, zero, 0x5
x10 <- 0x0000000000000005
mem[X,0x00000000800006F4] -> 0x8525
[498] [M]: 0x00000000800006F4 (0x8525) c.srai a0, 0x9
x10 <- 0x0000000000000000
mem[X,0x00000000800006F6] -> 0xB023
mem[X,0x00000000800006F8] -> 0x30A0
[499] [M]: 0x00000000800006F6 (0x30A0B023) sd a0, 0x300(ra)
mem[0x0000000080003418] <- 0x0000000000000000
clint::tick mtime <- 0x0000000000000005
 clint timer pending at mtime 0x0000000000000005
htif::tick 0x0000000000000000
mem[X,0x00000000800006FA] -> 0x3537
mem[X,0x00000000800006FC] -> 0x3333
[500] [M]: 0x00000000800006FA (0x33333537) lui a0, 0x33333
x10 <- 0x0000000033333000
mem[X,0x00000000800006FE] -> 0x0513
mem[X,0x0000000080000700] -> 0x3335
[501] [M]: 0x00000000800006FE (0x33350513) addi a0, a0, 0x333
x10 <- 0x0000000033333333
mem[X,0x0000000080000702] -> 0x1513
mem[X,0x0000000080000704] -> 0x00B5
[502] [M]: 0x0000000080000702 (0x00B51513) slli a0, a0, 0xb
x10 <- 0x0000019999999800
mem[X,0x0000000080000706] -> 0x0513
mem[X,0x0000000080000708] -> 0x1995
[503] [M]: 0x0000000080000706 (0x19950513) addi a0, a0, 0x199
x10 <- 0x0000019999999999
mem[X,0x000000008000070A] -> 0x1513
mem[X,0x000000008000070C] -> 0x00B5
[504] [M]: 0x000000008000070A (0x00B51513) slli a0, a0, 0xb
x10 <- 0x000CCCCCCCCCC800
mem[X,0x000000008000070E] -> 0x0513
mem[X,0x0000000080000710] -> 0x4CC5
[505] [M]: 0x000000008000070E (0x4CC50513) addi a0, a0, 0x4cc
x10 <- 0x000CCCCCCCCCCCCC
mem[X,0x0000000080000712] -> 0x1513
mem[X,0x0000000080000714] -> 0x00A5
[506] [M]: 0x0000000080000712 (0x00A51513) slli a0, a0, 0xa
x10 <- 0x3333333333333000
mem[X,0x0000000080000716] -> 0x0513
mem[X,0x0000000080000718] -> 0x3335
[507] [M]: 0x0000000080000716 (0x33350513) addi a0, a0, 0x333
x10 <- 0x3333333333333333
mem[X,0x000000008000071A] -> 0x957D
[508] [M]: 0x000000008000071A (0x957D) c.srai a0, 0x3f
x10 <- 0x0000000000000000
mem[X,0x000000008000071C] -> 0xB423
mem[X,0x000000008000071E] -> 0x30A0
[509] [M]: 0x000000008000071C (0x30A0B423) sd a0, 0x308(ra)
mem[0x0000000080003420] <- 0x0000000000000000
mem[X,0x0000000080000720] -> 0x6537
mem[X,0x0000000080000722] -> 0x6666
[510] [M]: 0x0000000080000720 (0x66666537) lui a0, 0x66666
x10 <- 0x0000000066666000
mem[X,0x0000000080000724] -> 0x0513
mem[X,0x0000000080000726] -> 0x6665
[511] [M]: 0x0000000080000724 (0x66650513) addi a0, a0, 0x666
x10 <- 0x0000000066666666
mem[X,0x0000000080000728] -> 0x1513
mem[X,0x000000008000072A] -> 0x00B5
[512] [M]: 0x0000000080000728 (0x00B51513) slli a0, a0, 0xb
x10 <- 0x0000033333333000
mem[X,0x000000008000072C] -> 0x0513
mem[X,0x000000008000072E] -> 0x3335
[513] [M]: 0x000000008000072C (0x33350513) addi a0, a0, 0x333
x10 <- 0x0000033333333333
mem[X,0x0000000080000730] -> 0x1513
mem[X,0x0000000080000732] -> 0x00B5
[514] [M]: 0x0000000080000730 (0x00B51513) slli a0, a0, 0xb
x10 <- 0x0019999999999800
mem[X,0x0000000080000734] -> 0x0513
mem[X,0x0000000080000736] -> 0x1995
[515] [M]: 0x0000000080000734 (0x19950513) addi a0, a0, 0x199
x10 <- 0x0019999999999999
mem[X,0x0000000080000738] -> 0x1513
mem[X,0x000000008000073A] -> 0x00A5
[516] [M]: 0x0000000080000738 (0x00A51513) slli a0, a0, 0xa
x10 <- 0x6666666666666400
mem[X,0x000000008000073C] -> 0x0513
mem[X,0x000000008000073E] -> 0x2665
[517] [M]: 0x000000008000073C (0x26650513) addi a0, a0, 0x266
x10 <- 0x6666666666666666
mem[X,0x0000000080000740] -> 0x857D
[518] [M]: 0x0000000080000740 (0x857D) c.srai a0, 0x1f
x10 <- 0x00000000CCCCCCCC
mem[X,0x0000000080000742] -> 0xB823
mem[X,0x0000000080000744] -> 0x30A0
[519] [M]: 0x0000000080000742 (0x30A0B823) sd a0, 0x310(ra)
mem[0x0000000080003428] <- 0x00000000CCCCCCCC
mem[X,0x0000000080000746] -> 0x0537
mem[X,0x0000000080000748] -> 0x0000
[520] [M]: 0x0000000080000746 (0x00000537) lui a0, 0x0
x10 <- 0x0000000000000000
mem[X,0x000000008000074A] -> 0x0513
mem[X,0x000000008000074C] -> 0xFFF5
[521] [M]: 0x000000008000074A (0xFFF50513) addi a0, a0, -0x1
x10 <- 0xFFFFFFFFFFFFFFFF
mem[X,0x000000008000074E] -> 0x1513
mem[X,0x0000000080000750] -> 0x00B5
[522] [M]: 0x000000008000074E (0x00B51513) slli a0, a0, 0xb
x10 <- 0xFFFFFFFFFFFFF800
mem[X,0x0000000080000752] -> 0x0513
mem[X,0x0000000080000754] -> 0x2575
[523] [M]: 0x0000000080000752 (0x25750513) addi a0, a0, 0x257
x10 <- 0xFFFFFFFFFFFFFA57
mem[X,0x0000000080000756] -> 0x1513
mem[X,0x0000000080000758] -> 0x00B5
[524] [M]: 0x0000000080000756 (0x00B51513) slli a0, a0, 0xb
x10 <- 0xFFFFFFFFFFD2B800
mem[X,0x000000008000075A] -> 0x0513
mem[X,0x000000008000075C] -> 0x6C35
[525] [M]: 0x000000008000075A (0x6C350513) addi a0, a0, 0x6c3
x10 <- 0xFFFFFFFFFFD2BEC3
mem[X,0x000000008000075E] -> 0x1513
mem[X,0x0000000080000760] -> 0x00A5
[526] [M]: 0x000000008000075E (0x00A51513) slli a0, a0, 0xa
x10 <- 0xFFFFFFFF4AFB0C00
mem[X,0x0000000080000762] -> 0x0513
mem[X,0x0000000080000764] -> 0x0CD5
[527] [M]: 0x0000000080000762 (0x0CD50513) addi a0, a0, 0xcd
x10 <- 0xFFFFFFFF4AFB0CCD
mem[X,0x0000000080000766] -> 0x9529
[528] [M]: 0x0000000080000766 (0x9529) c.srai a0, 0x2a
x10 <- 0xFFFFFFFFFFFFFFFF
mem[X,0x0000000080000768] -> 0xBC23
mem[X,0x000000008000076A] -> 0x30A0
[529] [M]: 0x0000000080000768 (0x30A0BC23) sd a0, 0x318(ra)
mem[0x0000000080003430] <- 0xFFFFFFFFFFFFFFFF
mem[X,0x000000008000076C] -> 0x0537
mem[X,0x000000008000076E] -> 0x0000
[530] [M]: 0x000000008000076C (0x00000537) lui a0, 0x0
x10 <- 0x0000000000000000
mem[X,0x0000000080000770] -> 0x0513
mem[X,0x0000000080000772] -> 0x0005
[531] [M]: 0x0000000080000770 (0x00050513) addi a0, a0, 0x0
x10 <- 0x0000000000000000
mem[X,0x0000000080000774] -> 0x1513
mem[X,0x0000000080000776] -> 0x00B5
[532] [M]: 0x0000000080000774 (0x00B51513) slli a0, a0, 0xb
x10 <- 0x0000000000000000
mem[X,0x0000000080000778] -> 0x0513
mem[X,0x000000008000077A] -> 0x5A85
[533] [M]: 0x0000000080000778 (0x5A850513) addi a0, a0, 0x5a8
x10 <- 0x00000000000005A8
mem[X,0x000000008000077C] -> 0x1513
mem[X,0x000000008000077E] -> 0x00B5
[534] [M]: 0x000000008000077C (0x00B51513) slli a0, a0, 0xb
x10 <- 0x00000000002D4000
mem[X,0x0000000080000780] -> 0x0513
mem[X,0x0000000080000782] -> 0x13C5
[535] [M]: 0x0000000080000780 (0x13C50513) addi a0, a0, 0x13c
x10 <- 0x00000000002D413C
mem[X,0x0000000080000784] -> 0x1513
mem[X,0x0000000080000786] -> 0x00A5
[536] [M]: 0x0000000080000784 (0x00A51513) slli a0, a0, 0xa
x10 <- 0x00000000B504F000
mem[X,0x0000000080000788] -> 0x0513
mem[X,0x000000008000078A] -> 0x3335
[537] [M]: 0x0000000080000788 (0x33350513) addi a0, a0, 0x333
x10 <- 0x00000000B504F333
mem[X,0x000000008000078C] -> 0x957D
[538] [M]: 0x000000008000078C (0x957D) c.srai a0, 0x3f
x10 <- 0x0000000000000000
mem[X,0x000000008000078E] -> 0xB023
mem[X,0x0000000080000790] -> 0x32A0
[539] [M]: 0x000000008000078E (0x32A0B023) sd a0, 0x320(ra)
mem[0x0000000080003438] <- 0x0000000000000000
mem[X,0x0000000080000792] -> 0x5537
mem[X,0x0000000080000794] -> 0x5555
[540] [M]: 0x0000000080000792 (0x55555537) lui a0, 0x55555
x10 <- 0x0000000055555000
mem[X,0x0000000080000796] -> 0x0513
mem[X,0x0000000080000798] -> 0x5555
[541] [M]: 0x0000000080000796 (0x55550513) addi a0, a0, 0x555
x10 <- 0x0000000055555555
mem[X,0x000000008000079A] -> 0x1513
mem[X,0x000000008000079C] -> 0x00B5
[542] [M]: 0x000000008000079A (0x00B51513) slli a0, a0, 0xb
x10 <- 0x000002AAAAAAA800
mem[X,0x000000008000079E] -> 0x0513
mem[X,0x00000000800007A0] -> 0x2AA5
[543] [M]: 0x000000008000079E (0x2AA50513) addi a0, a0, 0x2aa
x10 <- 0x000002AAAAAAAAAA
mem[X,0x00000000800007A2] -> 0x1513
mem[X,0x00000000800007A4] -> 0x00B5
[544] [M]: 0x00000000800007A2 (0x00B51513) slli a0, a0, 0xb
x10 <- 0x0015555555555000
mem[X,0x00000000800007A6] -> 0x0513
mem[X,0x00000000800007A8] -> 0x5555
[545] [M]: 0x00000000800007A6 (0x55550513) addi a0, a0, 0x555
x10 <- 0x0015555555555555
mem[X,0x00000000800007AA] -> 0x1513
mem[X,0x00000000800007AC] -> 0x00A5
[546] [M]: 0x00000000800007AA (0x00A51513) slli a0, a0, 0xa
x10 <- 0x5555555555555400
mem[X,0x00000000800007AE] -> 0x0513
mem[X,0x00000000800007B0] -> 0x1545
[547] [M]: 0x00000000800007AE (0x15450513) addi a0, a0, 0x154
x10 <- 0x5555555555555554
mem[X,0x00000000800007B2] -> 0x853D
[548] [M]: 0x00000000800007B2 (0x853D) c.srai a0, 0xf
x10 <- 0x0000AAAAAAAAAAAA
mem[X,0x00000000800007B4] -> 0xB423
mem[X,0x00000000800007B6] -> 0x32A0
[549] [M]: 0x00000000800007B4 (0x32A0B423) sd a0, 0x328(ra)
mem[0x0000000080003440] <- 0x0000AAAAAAAAAAAA
mem[X,0x00000000800007B8] -> 0x3537
mem[X,0x00000000800007BA] -> 0x3333
[550] [M]: 0x00000000800007B8 (0x33333537) lui a0, 0x33333
x10 <- 0x0000000033333000
mem[X,0x00000000800007BC] -> 0x0513
mem[X,0x00000000800007BE] -> 0x3335
[551] [M]: 0x00000000800007BC (0x33350513) addi a0, a0, 0x333
x10 <- 0x0000000033333333
mem[X,0x00000000800007C0] -> 0x1513
mem[X,0x00000000800007C2] -> 0x00B5
[552] [M]: 0x00000000800007C0 (0x00B51513) slli a0, a0, 0xb
x10 <- 0x0000019999999800
mem[X,0x00000000800007C4] -> 0x0513
mem[X,0x00000000800007C6] -> 0x1995
[553] [M]: 0x00000000800007C4 (0x19950513) addi a0, a0, 0x199
x10 <- 0x0000019999999999
mem[X,0x00000000800007C8] -> 0x1513
mem[X,0x00000000800007CA] -> 0x00B5
[554] [M]: 0x00000000800007C8 (0x00B51513) slli a0, a0, 0xb
x10 <- 0x000CCCCCCCCCC800
mem[X,0x00000000800007CC] -> 0x0513
mem[X,0x00000000800007CE] -> 0x4CC5
[555] [M]: 0x00000000800007CC (0x4CC50513) addi a0, a0, 0x4cc
x10 <- 0x000CCCCCCCCCCCCC
mem[X,0x00000000800007D0] -> 0x1513
mem[X,0x00000000800007D2] -> 0x00A5
[556] [M]: 0x00000000800007D0 (0x00A51513) slli a0, a0, 0xa
x10 <- 0x3333333333333000
mem[X,0x00000000800007D4] -> 0x0513
mem[X,0x00000000800007D6] -> 0x3325
[557] [M]: 0x00000000800007D4 (0x33250513) addi a0, a0, 0x332
x10 <- 0x3333333333333332
mem[X,0x00000000800007D8] -> 0x853D
[558] [M]: 0x00000000800007D8 (0x853D) c.srai a0, 0xf
x10 <- 0x0000666666666666
mem[X,0x00000000800007DA] -> 0xB823
mem[X,0x00000000800007DC] -> 0x32A0
[559] [M]: 0x00000000800007DA (0x32A0B823) sd a0, 0x330(ra)
mem[0x0000000080003448] <- 0x0000666666666666
mem[X,0x00000000800007DE] -> 0x6537
mem[X,0x00000000800007E0] -> 0x6666
[560] [M]: 0x00000000800007DE (0x66666537) lui a0, 0x66666
x10 <- 0x0000000066666000
mem[X,0x00000000800007E2] -> 0x0513
mem[X,0x00000000800007E4] -> 0x6665
[561] [M]: 0x00000000800007E2 (0x66650513) addi a0, a0, 0x666
x10 <- 0x0000000066666666
mem[X,0x00000000800007E6] -> 0x1513
mem[X,0x00000000800007E8] -> 0x00B5
[562] [M]: 0x00000000800007E6 (0x00B51513) slli a0, a0, 0xb
x10 <- 0x0000033333333000
mem[X,0x00000000800007EA] -> 0x0513
mem[X,0x00000000800007EC] -> 0x3335
[563] [M]: 0x00000000800007EA (0x33350513) addi a0, a0, 0x333
x10 <- 0x0000033333333333
mem[X,0x00000000800007EE] -> 0x1513
mem[X,0x00000000800007F0] -> 0x00B5
[564] [M]: 0x00000000800007EE (0x00B51513) slli a0, a0, 0xb
x10 <- 0x0019999999999800
mem[X,0x00000000800007F2] -> 0x0513
mem[X,0x00000000800007F4] -> 0x1995
[565] [M]: 0x00000000800007F2 (0x19950513) addi a0, a0, 0x199
x10 <- 0x0019999999999999
mem[X,0x00000000800007F6] -> 0x1513
mem[X,0x00000000800007F8] -> 0x00A5
[566] [M]: 0x00000000800007F6 (0x00A51513) slli a0, a0, 0xa
x10 <- 0x6666666666666400
mem[X,0x00000000800007FA] -> 0x0513
mem[X,0x00000000800007FC] -> 0x2655
[567] [M]: 0x00000000800007FA (0x26550513) addi a0, a0, 0x265
x10 <- 0x6666666666666665
mem[X,0x00000000800007FE] -> 0x9579
[568] [M]: 0x00000000800007FE (0x9579) c.srai a0, 0x3e
x10 <- 0x0000000000000001
mem[X,0x0000000080000800] -> 0xBC23
mem[X,0x0000000080000802] -> 0x32A0
[569] [M]: 0x0000000080000800 (0x32A0BC23) sd a0, 0x338(ra)
mem[0x0000000080003450] <- 0x0000000000000001
mem[X,0x0000000080000804] -> 0x0537
mem[X,0x0000000080000806] -> 0x0000
[570] [M]: 0x0000000080000804 (0x00000537) lui a0, 0x0
x10 <- 0x0000000000000000
mem[X,0x0000000080000808] -> 0x0513
mem[X,0x000000008000080A] -> 0x0005
[571] [M]: 0x0000000080000808 (0x00050513) addi a0, a0, 0x0
x10 <- 0x0000000000000000
mem[X,0x000000008000080C] -> 0x1513
mem[X,0x000000008000080E] -> 0x00B5
[572] [M]: 0x000000008000080C (0x00B51513) slli a0, a0, 0xb
x10 <- 0x0000000000000000
mem[X,0x0000000080000810] -> 0x0513
mem[X,0x0000000080000812] -> 0x5A85
[573] [M]: 0x0000000080000810 (0x5A850513) addi a0, a0, 0x5a8
x10 <- 0x00000000000005A8
mem[X,0x0000000080000814] -> 0x1513
mem[X,0x0000000080000816] -> 0x00B5
[574] [M]: 0x0000000080000814 (0x00B51513) slli a0, a0, 0xb
x10 <- 0x00000000002D4000
mem[X,0x0000000080000818] -> 0x0513
mem[X,0x000000008000081A] -> 0x13C5
[575] [M]: 0x0000000080000818 (0x13C50513) addi a0, a0, 0x13c
x10 <- 0x00000000002D413C
mem[X,0x000000008000081C] -> 0x1513
mem[X,0x000000008000081E] -> 0x00A5
[576] [M]: 0x000000008000081C (0x00A51513) slli a0, a0, 0xa
x10 <- 0x00000000B504F000
mem[X,0x0000000080000820] -> 0x0513
mem[X,0x0000000080000822] -> 0x3325
[577] [M]: 0x0000000080000820 (0x33250513) addi a0, a0, 0x332
x10 <- 0x00000000B504F332
mem[X,0x0000000080000824] -> 0x9579
[578] [M]: 0x0000000080000824 (0x9579) c.srai a0, 0x3e
x10 <- 0x0000000000000000
mem[X,0x0000000080000826] -> 0xB023
mem[X,0x0000000080000828] -> 0x34A0
[579] [M]: 0x0000000080000826 (0x34A0B023) sd a0, 0x340(ra)
mem[0x0000000080003458] <- 0x0000000000000000
mem[X,0x000000008000082A] -> 0x5537
mem[X,0x000000008000082C] -> 0x5555
[580] [M]: 0x000000008000082A (0x55555537) lui a0, 0x55555
x10 <- 0x0000000055555000
mem[X,0x000000008000082E] -> 0x0513
mem[X,0x0000000080000830] -> 0x5555
[581] [M]: 0x000000008000082E (0x55550513) addi a0, a0, 0x555
x10 <- 0x0000000055555555
mem[X,0x0000000080000832] -> 0x1513
mem[X,0x0000000080000834] -> 0x00B5
[582] [M]: 0x0000000080000832 (0x00B51513) slli a0, a0, 0xb
x10 <- 0x000002AAAAAAA800
mem[X,0x0000000080000836] -> 0x0513
mem[X,0x0000000080000838] -> 0x2AA5
[583] [M]: 0x0000000080000836 (0x2AA50513) addi a0, a0, 0x2aa
x10 <- 0x000002AAAAAAAAAA
mem[X,0x000000008000083A] -> 0x1513
mem[X,0x000000008000083C] -> 0x00B5
[584] [M]: 0x000000008000083A (0x00B51513) slli a0, a0, 0xb
x10 <- 0x0015555555555000
mem[X,0x000000008000083E] -> 0x0513
mem[X,0x0000000080000840] -> 0x5555
[585] [M]: 0x000000008000083E (0x55550513) addi a0, a0, 0x555
x10 <- 0x0015555555555555
mem[X,0x0000000080000842] -> 0x1513
mem[X,0x0000000080000844] -> 0x00A5
[586] [M]: 0x0000000080000842 (0x00A51513) slli a0, a0, 0xa
x10 <- 0x5555555555555400
mem[X,0x0000000080000846] -> 0x0513
mem[X,0x0000000080000848] -> 0x1565
[587] [M]: 0x0000000080000846 (0x15650513) addi a0, a0, 0x156
x10 <- 0x5555555555555556
mem[X,0x000000008000084A] -> 0x8519
[588] [M]: 0x000000008000084A (0x8519) c.srai a0, 0x6
x10 <- 0x0155555555555555
mem[X,0x000000008000084C] -> 0xB423
mem[X,0x000000008000084E] -> 0x34A0
[589] [M]: 0x000000008000084C (0x34A0B423) sd a0, 0x348(ra)
mem[0x0000000080003460] <- 0x0155555555555555
mem[X,0x0000000080000850] -> 0xB537
mem[X,0x0000000080000852] -> 0xAAAA
[590] [M]: 0x0000000080000850 (0xAAAAB537) lui a0, -0x55555
x10 <- 0xFFFFFFFFAAAAB000
mem[X,0x0000000080000854] -> 0x0513
mem[X,0x0000000080000856] -> 0xAAA5
[591] [M]: 0x0000000080000854 (0xAAA50513) addi a0, a0, -0x556
x10 <- 0xFFFFFFFFAAAAAAAA
mem[X,0x0000000080000858] -> 0x1513
mem[X,0x000000008000085A] -> 0x00B5
[592] [M]: 0x0000000080000858 (0x00B51513) slli a0, a0, 0xb
x10 <- 0xFFFFFD5555555000
mem[X,0x000000008000085C] -> 0x0513
mem[X,0x000000008000085E] -> 0x5555
[593] [M]: 0x000000008000085C (0x55550513) addi a0, a0, 0x555
x10 <- 0xFFFFFD5555555555
mem[X,0x0000000080000860] -> 0x1513
mem[X,0x0000000080000862] -> 0x00B5
[594] [M]: 0x0000000080000860 (0x00B51513) slli a0, a0, 0xb
x10 <- 0xFFEAAAAAAAAAA800
mem[X,0x0000000080000864] -> 0x0513
mem[X,0x0000000080000866] -> 0x2AA5
[595] [M]: 0x0000000080000864 (0x2AA50513) addi a0, a0, 0x2aa
x10 <- 0xFFEAAAAAAAAAAAAA
mem[X,0x0000000080000868] -> 0x1513
mem[X,0x000000008000086A] -> 0x00A5
[596] [M]: 0x0000000080000868 (0x00A51513) slli a0, a0, 0xa
x10 <- 0xAAAAAAAAAAAAA800
mem[X,0x000000008000086C] -> 0x0513
mem[X,0x000000008000086E] -> 0x2AB5
[597] [M]: 0x000000008000086C (0x2AB50513) addi a0, a0, 0x2ab
x10 <- 0xAAAAAAAAAAAAAAAB
mem[X,0x0000000080000870] -> 0x8531
[598] [M]: 0x0000000080000870 (0x8531) c.srai a0, 0xc
x10 <- 0xFFFAAAAAAAAAAAAA
mem[X,0x0000000080000872] -> 0xB823
mem[X,0x0000000080000874] -> 0x34A0
[599] [M]: 0x0000000080000872 (0x34A0B823) sd a0, 0x350(ra)
mem[0x0000000080003468] <- 0xFFFAAAAAAAAAAAAA
clint::tick mtime <- 0x0000000000000006
 clint timer pending at mtime 0x0000000000000006
htif::tick 0x0000000000000000
mem[X,0x0000000080000876] -> 0x0513
mem[X,0x0000000080000878] -> 0x0060
[600] [M]: 0x0000000080000876 (0x00600513) addi a0, zero, 0x6
x10 <- 0x0000000000000006
mem[X,0x000000008000087A] -> 0x8525
[601] [M]: 0x000000008000087A (0x8525) c.srai a0, 0x9
x10 <- 0x0000000000000000
mem[X,0x000000008000087C] -> 0xBC23
mem[X,0x000000008000087E] -> 0x34A0
[602] [M]: 0x000000008000087C (0x34A0BC23) sd a0, 0x358(ra)
mem[0x0000000080003470] <- 0x0000000000000000
mem[X,0x0000000080000880] -> 0x3537
mem[X,0x0000000080000882] -> 0x3333
[603] [M]: 0x0000000080000880 (0x33333537) lui a0, 0x33333
x10 <- 0x0000000033333000
mem[X,0x0000000080000884] -> 0x0513
mem[X,0x0000000080000886] -> 0x3335
[604] [M]: 0x0000000080000884 (0x33350513) addi a0, a0, 0x333
x10 <- 0x0000000033333333
mem[X,0x0000000080000888] -> 0x1513
mem[X,0x000000008000088A] -> 0x00B5
[605] [M]: 0x0000000080000888 (0x00B51513) slli a0, a0, 0xb
x10 <- 0x0000019999999800
mem[X,0x000000008000088C] -> 0x0513
mem[X,0x000000008000088E] -> 0x1995
[606] [M]: 0x000000008000088C (0x19950513) addi a0, a0, 0x199
x10 <- 0x0000019999999999
mem[X,0x0000000080000890] -> 0x1513
mem[X,0x0000000080000892] -> 0x00B5
[607] [M]: 0x0000000080000890 (0x00B51513) slli a0, a0, 0xb
x10 <- 0x000CCCCCCCCCC800
mem[X,0x0000000080000894] -> 0x0513
mem[X,0x0000000080000896] -> 0x4CC5
[608] [M]: 0x0000000080000894 (0x4CC50513) addi a0, a0, 0x4cc
x10 <- 0x000CCCCCCCCCCCCC
mem[X,0x0000000080000898] -> 0x1513
mem[X,0x000000008000089A] -> 0x00A5
[609] [M]: 0x0000000080000898 (0x00A51513) slli a0, a0, 0xa
x10 <- 0x3333333333333000
mem[X,0x000000008000089C] -> 0x0513
mem[X,0x000000008000089E] -> 0x3345
[610] [M]: 0x000000008000089C (0x33450513) addi a0, a0, 0x334
x10 <- 0x3333333333333334
mem[X,0x00000000800008A0] -> 0x9501
[611] [M]: 0x00000000800008A0 (0x9501) c.srai a0, 0x20
x10 <- 0x0000000033333333
mem[X,0x00000000800008A2] -> 0xB023
mem[X,0x00000000800008A4] -> 0x36A0
[612] [M]: 0x00000000800008A2 (0x36A0B023) sd a0, 0x360(ra)
mem[0x0000000080003478] <- 0x0000000033333333
mem[X,0x00000000800008A6] -> 0x6537
mem[X,0x00000000800008A8] -> 0x6666
[613] [M]: 0x00000000800008A6 (0x66666537) lui a0, 0x66666
x10 <- 0x0000000066666000
mem[X,0x00000000800008AA] -> 0x0513
mem[X,0x00000000800008AC] -> 0x6665
[614] [M]: 0x00000000800008AA (0x66650513) addi a0, a0, 0x666
x10 <- 0x0000000066666666
mem[X,0x00000000800008AE] -> 0x1513
mem[X,0x00000000800008B0] -> 0x00B5
[615] [M]: 0x00000000800008AE (0x00B51513) slli a0, a0, 0xb
x10 <- 0x0000033333333000
mem[X,0x00000000800008B2] -> 0x0513
mem[X,0x00000000800008B4] -> 0x3335
[616] [M]: 0x00000000800008B2 (0x33350513) addi a0, a0, 0x333
x10 <- 0x0000033333333333
mem[X,0x00000000800008B6] -> 0x1513
mem[X,0x00000000800008B8] -> 0x00B5
[617] [M]: 0x00000000800008B6 (0x00B51513) slli a0, a0, 0xb
x10 <- 0x0019999999999800
mem[X,0x00000000800008BA] -> 0x0513
mem[X,0x00000000800008BC] -> 0x1995
[618] [M]: 0x00000000800008BA (0x19950513) addi a0, a0, 0x199
x10 <- 0x0019999999999999
mem[X,0x00000000800008BE] -> 0x1513
mem[X,0x00000000800008C0] -> 0x00A5
[619] [M]: 0x00000000800008BE (0x00A51513) slli a0, a0, 0xa
x10 <- 0x6666666666666400
mem[X,0x00000000800008C2] -> 0x0513
mem[X,0x00000000800008C4] -> 0x2675
[620] [M]: 0x00000000800008C2 (0x26750513) addi a0, a0, 0x267
x10 <- 0x6666666666666667
mem[X,0x00000000800008C6] -> 0x8539
[621] [M]: 0x00000000800008C6 (0x8539) c.srai a0, 0xe
x10 <- 0x0001999999999999
mem[X,0x00000000800008C8] -> 0xB423
mem[X,0x00000000800008CA] -> 0x36A0
[622] [M]: 0x00000000800008C8 (0x36A0B423) sd a0, 0x368(ra)
mem[0x0000000080003480] <- 0x0001999999999999
mem[X,0x00000000800008CC] -> 0x0537
mem[X,0x00000000800008CE] -> 0x0000
[623] [M]: 0x00000000800008CC (0x00000537) lui a0, 0x0
x10 <- 0x0000000000000000
mem[X,0x00000000800008D0] -> 0x0513
mem[X,0x00000000800008D2] -> 0xFFF5
[624] [M]: 0x00000000800008D0 (0xFFF50513) addi a0, a0, -0x1
x10 <- 0xFFFFFFFFFFFFFFFF
mem[X,0x00000000800008D4] -> 0x1513
mem[X,0x00000000800008D6] -> 0x00B5
[625] [M]: 0x00000000800008D4 (0x00B51513) slli a0, a0, 0xb
x10 <- 0xFFFFFFFFFFFFF800
mem[X,0x00000000800008D8] -> 0x0513
mem[X,0x00000000800008DA] -> 0x2575
[626] [M]: 0x00000000800008D8 (0x25750513) addi a0, a0, 0x257
x10 <- 0xFFFFFFFFFFFFFA57
mem[X,0x00000000800008DC] -> 0x1513
mem[X,0x00000000800008DE] -> 0x00B5
[627] [M]: 0x00000000800008DC (0x00B51513) slli a0, a0, 0xb
x10 <- 0xFFFFFFFFFFD2B800
mem[X,0x00000000800008E0] -> 0x0513
mem[X,0x00000000800008E2] -> 0x6C35
[628] [M]: 0x00000000800008E0 (0x6C350513) addi a0, a0, 0x6c3
x10 <- 0xFFFFFFFFFFD2BEC3
mem[X,0x00000000800008E4] -> 0x1513
mem[X,0x00000000800008E6] -> 0x00A5
[629] [M]: 0x00000000800008E4 (0x00A51513) slli a0, a0, 0xa
x10 <- 0xFFFFFFFF4AFB0C00
mem[X,0x00000000800008E8] -> 0x0513
mem[X,0x00000000800008EA] -> 0x0CE5
[630] [M]: 0x00000000800008E8 (0x0CE50513) addi a0, a0, 0xce
x10 <- 0xFFFFFFFF4AFB0CCE
mem[X,0x00000000800008EC] -> 0x8531
[631] [M]: 0x00000000800008EC (0x8531) c.srai a0, 0xc
x10 <- 0xFFFFFFFFFFF4AFB0
mem[X,0x00000000800008EE] -> 0xB823
mem[X,0x00000000800008F0] -> 0x36A0
[632] [M]: 0x00000000800008EE (0x36A0B823) sd a0, 0x370(ra)
mem[0x0000000080003488] <- 0xFFFFFFFFFFF4AFB0
mem[X,0x00000000800008F2] -> 0x0537
mem[X,0x00000000800008F4] -> 0x0000
[633] [M]: 0x00000000800008F2 (0x00000537) lui a0, 0x0
x10 <- 0x0000000000000000
mem[X,0x00000000800008F6] -> 0x0513
mem[X,0x00000000800008F8] -> 0x0005
[634] [M]: 0x00000000800008F6 (0x00050513) addi a0, a0, 0x0
x10 <- 0x0000000000000000
mem[X,0x00000000800008FA] -> 0x1513
mem[X,0x00000000800008FC] -> 0x00B5
[635] [M]: 0x00000000800008FA (0x00B51513) slli a0, a0, 0xb
x10 <- 0x0000000000000000
mem[X,0x00000000800008FE] -> 0x0513
mem[X,0x0000000080000900] -> 0x5A85
[636] [M]: 0x00000000800008FE (0x5A850513) addi a0, a0, 0x5a8
x10 <- 0x00000000000005A8
mem[X,0x0000000080000902] -> 0x1513
mem[X,0x0000000080000904] -> 0x00B5
[637] [M]: 0x0000000080000902 (0x00B51513) slli a0, a0, 0xb
x10 <- 0x00000000002D4000
mem[X,0x0000000080000906] -> 0x0513
mem[X,0x0000000080000908] -> 0x13C5
[638] [M]: 0x0000000080000906 (0x13C50513) addi a0, a0, 0x13c
x10 <- 0x00000000002D413C
mem[X,0x000000008000090A] -> 0x1513
mem[X,0x000000008000090C] -> 0x00A5
[639] [M]: 0x000000008000090A (0x00A51513) slli a0, a0, 0xa
x10 <- 0x00000000B504F000
mem[X,0x000000008000090E] -> 0x0513
mem[X,0x0000000080000910] -> 0x3345
[640] [M]: 0x000000008000090E (0x33450513) addi a0, a0, 0x334
x10 <- 0x00000000B504F334
mem[X,0x0000000080000912] -> 0x8539
[641] [M]: 0x0000000080000912 (0x8539) c.srai a0, 0xe
x10 <- 0x000000000002D413
mem[X,0x0000000080000914] -> 0xBC23
mem[X,0x0000000080000916] -> 0x36A0
[642] [M]: 0x0000000080000914 (0x36A0BC23) sd a0, 0x378(ra)
mem[0x0000000080003490] <- 0x000000000002D413
mem[X,0x0000000080000918] -> 0x0513
mem[X,0x000000008000091A] -> 0x0010
[643] [M]: 0x0000000080000918 (0x00100513) addi a0, zero, 0x1
x10 <- 0x0000000000000001
mem[X,0x000000008000091C] -> 0x1513
mem[X,0x000000008000091E] -> 0x0145
[644] [M]: 0x000000008000091C (0x01451513) slli a0, a0, 0x14
x10 <- 0x0000000000100000
mem[X,0x0000000080000920] -> 0x4513
mem[X,0x0000000080000922] -> 0xFFF5
[645] [M]: 0x0000000080000920 (0xFFF54513) xori a0, a0, -0x1
x10 <- 0xFFFFFFFFFFEFFFFF
mem[X,0x0000000080000924] -> 0x9529
[646] [M]: 0x0000000080000924 (0x9529) c.srai a0, 0x2a
x10 <- 0xFFFFFFFFFFFFFFFF
mem[X,0x0000000080000926] -> 0xB023
mem[X,0x0000000080000928] -> 0x38A0
[647] [M]: 0x0000000080000926 (0x38A0B023) sd a0, 0x380(ra)
mem[0x0000000080003498] <- 0xFFFFFFFFFFFFFFFF
mem[X,0x000000008000092A] -> 0x0513
mem[X,0x000000008000092C] -> 0x0010
[648] [M]: 0x000000008000092A (0x00100513) addi a0, zero, 0x1
x10 <- 0x0000000000000001
mem[X,0x000000008000092E] -> 0x1513
mem[X,0x0000000080000930] -> 0x0155
[649] [M]: 0x000000008000092E (0x01551513) slli a0, a0, 0x15
x10 <- 0x0000000000200000
mem[X,0x0000000080000932] -> 0x4513
mem[X,0x0000000080000934] -> 0xFFF5
[650] [M]: 0x0000000080000932 (0xFFF54513) xori a0, a0, -0x1
x10 <- 0xFFFFFFFFFFDFFFFF
mem[X,0x0000000080000936] -> 0x953D
[651] [M]: 0x0000000080000936 (0x953D) c.srai a0, 0x2f
x10 <- 0xFFFFFFFFFFFFFFFF
mem[X,0x0000000080000938] -> 0xB423
mem[X,0x000000008000093A] -> 0x38A0
[652] [M]: 0x0000000080000938 (0x38A0B423) sd a0, 0x388(ra)
mem[0x00000000800034A0] <- 0xFFFFFFFFFFFFFFFF
mem[X,0x000000008000093C] -> 0x0513
mem[X,0x000000008000093E] -> 0x0010
[653] [M]: 0x000000008000093C (0x00100513) addi a0, zero, 0x1
x10 <- 0x0000000000000001
mem[X,0x0000000080000940] -> 0x1513
mem[X,0x0000000080000942] -> 0x0165
[654] [M]: 0x0000000080000940 (0x01651513) slli a0, a0, 0x16
x10 <- 0x0000000000400000
mem[X,0x0000000080000944] -> 0x4513
mem[X,0x0000000080000946] -> 0xFFF5
[655] [M]: 0x0000000080000944 (0xFFF54513) xori a0, a0, -0x1
x10 <- 0xFFFFFFFFFFBFFFFF
mem[X,0x0000000080000948] -> 0x8505
[656] [M]: 0x0000000080000948 (0x8505) c.srai a0, 0x1
x10 <- 0xFFFFFFFFFFDFFFFF
mem[X,0x000000008000094A] -> 0xB823
mem[X,0x000000008000094C] -> 0x38A0
[657] [M]: 0x000000008000094A (0x38A0B823) sd a0, 0x390(ra)
mem[0x00000000800034A8] <- 0xFFFFFFFFFFDFFFFF
mem[X,0x000000008000094E] -> 0x0513
mem[X,0x0000000080000950] -> 0x0010
[658] [M]: 0x000000008000094E (0x00100513) addi a0, zero, 0x1
x10 <- 0x0000000000000001
mem[X,0x0000000080000952] -> 0x1513
mem[X,0x0000000080000954] -> 0x0175
[659] [M]: 0x0000000080000952 (0x01751513) slli a0, a0, 0x17
x10 <- 0x0000000000800000
mem[X,0x0000000080000956] -> 0x4513
mem[X,0x0000000080000958] -> 0xFFF5
[660] [M]: 0x0000000080000956 (0xFFF54513) xori a0, a0, -0x1
x10 <- 0xFFFFFFFFFF7FFFFF
mem[X,0x000000008000095A] -> 0x857D
[661] [M]: 0x000000008000095A (0x857D) c.srai a0, 0x1f
x10 <- 0xFFFFFFFFFFFFFFFF
mem[X,0x000000008000095C] -> 0xBC23
mem[X,0x000000008000095E] -> 0x38A0
[662] [M]: 0x000000008000095C (0x38A0BC23) sd a0, 0x398(ra)
mem[0x00000000800034B0] <- 0xFFFFFFFFFFFFFFFF
mem[X,0x0000000080000960] -> 0x0513
mem[X,0x0000000080000962] -> 0x0010
[663] [M]: 0x0000000080000960 (0x00100513) addi a0, zero, 0x1
x10 <- 0x0000000000000001
mem[X,0x0000000080000964] -> 0x1513
mem[X,0x0000000080000966] -> 0x0185
[664] [M]: 0x0000000080000964 (0x01851513) slli a0, a0, 0x18
x10 <- 0x0000000001000000
mem[X,0x0000000080000968] -> 0x4513
mem[X,0x000000008000096A] -> 0xFFF5
[665] [M]: 0x0000000080000968 (0xFFF54513) xori a0, a0, -0x1
x10 <- 0xFFFFFFFFFEFFFFFF
mem[X,0x000000008000096C] -> 0x8555
[666] [M]: 0x000000008000096C (0x8555) c.srai a0, 0x15
x10 <- 0xFFFFFFFFFFFFFFF7
mem[X,0x000000008000096E] -> 0xB023
mem[X,0x0000000080000970] -> 0x3AA0
[667] [M]: 0x000000008000096E (0x3AA0B023) sd a0, 0x3a0(ra)
mem[0x00000000800034B8] <- 0xFFFFFFFFFFFFFFF7
mem[X,0x0000000080000972] -> 0x0513
mem[X,0x0000000080000974] -> 0x0010
[668] [M]: 0x0000000080000972 (0x00100513) addi a0, zero, 0x1
x10 <- 0x0000000000000001
mem[X,0x0000000080000976] -> 0x1513
mem[X,0x0000000080000978] -> 0x0195
[669] [M]: 0x0000000080000976 (0x01951513) slli a0, a0, 0x19
x10 <- 0x0000000002000000
mem[X,0x000000008000097A] -> 0x4513
mem[X,0x000000008000097C] -> 0xFFF5
[670] [M]: 0x000000008000097A (0xFFF54513) xori a0, a0, -0x1
x10 <- 0xFFFFFFFFFDFFFFFF
mem[X,0x000000008000097E] -> 0x8539
[671] [M]: 0x000000008000097E (0x8539) c.srai a0, 0xe
x10 <- 0xFFFFFFFFFFFFF7FF
mem[X,0x0000000080000980] -> 0xB423
mem[X,0x0000000080000982] -> 0x3AA0
[672] [M]: 0x0000000080000980 (0x3AA0B423) sd a0, 0x3a8(ra)
mem[0x00000000800034C0] <- 0xFFFFFFFFFFFFF7FF
mem[X,0x0000000080000984] -> 0x0513
mem[X,0x0000000080000986] -> 0x0010
[673] [M]: 0x0000000080000984 (0x00100513) addi a0, zero, 0x1
x10 <- 0x0000000000000001
mem[X,0x0000000080000988] -> 0x1513
mem[X,0x000000008000098A] -> 0x01B5
[674] [M]: 0x0000000080000988 (0x01B51513) slli a0, a0, 0x1b
x10 <- 0x0000000008000000
mem[X,0x000000008000098C] -> 0x4513
mem[X,0x000000008000098E] -> 0xFFF5
[675] [M]: 0x000000008000098C (0xFFF54513) xori a0, a0, -0x1
x10 <- 0xFFFFFFFFF7FFFFFF
mem[X,0x0000000080000990] -> 0x8511
[676] [M]: 0x0000000080000990 (0x8511) c.srai a0, 0x4
x10 <- 0xFFFFFFFFFF7FFFFF
mem[X,0x0000000080000992] -> 0xB823
mem[X,0x0000000080000994] -> 0x3AA0
[677] [M]: 0x0000000080000992 (0x3AA0B823) sd a0, 0x3b0(ra)
mem[0x00000000800034C8] <- 0xFFFFFFFFFF7FFFFF
mem[X,0x0000000080000996] -> 0x0513
mem[X,0x0000000080000998] -> 0x0010
[678] [M]: 0x0000000080000996 (0x00100513) addi a0, zero, 0x1
x10 <- 0x0000000000000001
mem[X,0x000000008000099A] -> 0x1513
mem[X,0x000000008000099C] -> 0x01C5
[679] [M]: 0x000000008000099A (0x01C51513) slli a0, a0, 0x1c
x10 <- 0x0000000010000000
mem[X,0x000000008000099E] -> 0x4513
mem[X,0x00000000800009A0] -> 0xFFF5
[680] [M]: 0x000000008000099E (0xFFF54513) xori a0, a0, -0x1
x10 <- 0xFFFFFFFFEFFFFFFF
mem[X,0x00000000800009A2] -> 0x8541
[681] [M]: 0x00000000800009A2 (0x8541) c.srai a0, 0x10
x10 <- 0xFFFFFFFFFFFFEFFF
mem[X,0x00000000800009A4] -> 0xBC23
mem[X,0x00000000800009A6] -> 0x3AA0
[682] [M]: 0x00000000800009A4 (0x3AA0BC23) sd a0, 0x3b8(ra)
mem[0x00000000800034D0] <- 0xFFFFFFFFFFFFEFFF
mem[X,0x00000000800009A8] -> 0x0513
mem[X,0x00000000800009AA] -> 0x0010
[683] [M]: 0x00000000800009A8 (0x00100513) addi a0, zero, 0x1
x10 <- 0x0000000000000001
mem[X,0x00000000800009AC] -> 0x1513
mem[X,0x00000000800009AE] -> 0x01D5
[684] [M]: 0x00000000800009AC (0x01D51513) slli a0, a0, 0x1d
x10 <- 0x0000000020000000
mem[X,0x00000000800009B0] -> 0x4513
mem[X,0x00000000800009B2] -> 0xFFF5
[685] [M]: 0x00000000800009B0 (0xFFF54513) xori a0, a0, -0x1
x10 <- 0xFFFFFFFFDFFFFFFF
mem[X,0x00000000800009B4] -> 0x8535
[686] [M]: 0x00000000800009B4 (0x8535) c.srai a0, 0xd
x10 <- 0xFFFFFFFFFFFEFFFF
mem[X,0x00000000800009B6] -> 0xB023
mem[X,0x00000000800009B8] -> 0x3CA0
[687] [M]: 0x00000000800009B6 (0x3CA0B023) sd a0, 0x3c0(ra)
mem[0x00000000800034D8] <- 0xFFFFFFFFFFFEFFFF
mem[X,0x00000000800009BA] -> 0x0513
mem[X,0x00000000800009BC] -> 0x0010
[688] [M]: 0x00000000800009BA (0x00100513) addi a0, zero, 0x1
x10 <- 0x0000000000000001
mem[X,0x00000000800009BE] -> 0x1513
mem[X,0x00000000800009C0] -> 0x01E5
[689] [M]: 0x00000000800009BE (0x01E51513) slli a0, a0, 0x1e
x10 <- 0x0000000040000000
mem[X,0x00000000800009C2] -> 0x4513
mem[X,0x00000000800009C4] -> 0xFFF5
[690] [M]: 0x00000000800009C2 (0xFFF54513) xori a0, a0, -0x1
x10 <- 0xFFFFFFFFBFFFFFFF
mem[X,0x00000000800009C6] -> 0x8539
[691] [M]: 0x00000000800009C6 (0x8539) c.srai a0, 0xe
x10 <- 0xFFFFFFFFFFFEFFFF
mem[X,0x00000000800009C8] -> 0xB423
mem[X,0x00000000800009CA] -> 0x3CA0
[692] [M]: 0x00000000800009C8 (0x3CA0B423) sd a0, 0x3c8(ra)
mem[0x00000000800034E0] <- 0xFFFFFFFFFFFEFFFF
mem[X,0x00000000800009CC] -> 0x0513
mem[X,0x00000000800009CE] -> 0x0010
[693] [M]: 0x00000000800009CC (0x00100513) addi a0, zero, 0x1
x10 <- 0x0000000000000001
mem[X,0x00000000800009D0] -> 0x1513
mem[X,0x00000000800009D2] -> 0x01F5
[694] [M]: 0x00000000800009D0 (0x01F51513) slli a0, a0, 0x1f
x10 <- 0x0000000080000000
mem[X,0x00000000800009D4] -> 0x4513
mem[X,0x00000000800009D6] -> 0xFFF5
[695] [M]: 0x00000000800009D4 (0xFFF54513) xori a0, a0, -0x1
x10 <- 0xFFFFFFFF7FFFFFFF
mem[X,0x00000000800009D8] -> 0x854D
[696] [M]: 0x00000000800009D8 (0x854D) c.srai a0, 0x13
x10 <- 0xFFFFFFFFFFFFEFFF
mem[X,0x00000000800009DA] -> 0xB823
mem[X,0x00000000800009DC] -> 0x3CA0
[697] [M]: 0x00000000800009DA (0x3CA0B823) sd a0, 0x3d0(ra)
mem[0x00000000800034E8] <- 0xFFFFFFFFFFFFEFFF
mem[X,0x00000000800009DE] -> 0x0513
mem[X,0x00000000800009E0] -> 0x0010
[698] [M]: 0x00000000800009DE (0x00100513) addi a0, zero, 0x1
x10 <- 0x0000000000000001
mem[X,0x00000000800009E2] -> 0x1513
mem[X,0x00000000800009E4] -> 0x0205
[699] [M]: 0x00000000800009E2 (0x02051513) slli a0, a0, 0x20
x10 <- 0x0000000100000000
clint::tick mtime <- 0x0000000000000007
 clint timer pending at mtime 0x0000000000000007
htif::tick 0x0000000000000000
mem[X,0x00000000800009E6] -> 0x4513
mem[X,0x00000000800009E8] -> 0xFFF5
[700] [M]: 0x00000000800009E6 (0xFFF54513) xori a0, a0, -0x1
x10 <- 0xFFFFFFFEFFFFFFFF
mem[X,0x00000000800009EA] -> 0x9529
[701] [M]: 0x00000000800009EA (0x9529) c.srai a0, 0x2a
x10 <- 0xFFFFFFFFFFFFFFFF
mem[X,0x00000000800009EC] -> 0xBC23
mem[X,0x00000000800009EE] -> 0x3CA0
[702] [M]: 0x00000000800009EC (0x3CA0BC23) sd a0, 0x3d8(ra)
mem[0x00000000800034F0] <- 0xFFFFFFFFFFFFFFFF
mem[X,0x00000000800009F0] -> 0x0513
mem[X,0x00000000800009F2] -> 0x0010
[703] [M]: 0x00000000800009F0 (0x00100513) addi a0, zero, 0x1
x10 <- 0x0000000000000001
mem[X,0x00000000800009F4] -> 0x1513
mem[X,0x00000000800009F6] -> 0x0215
[704] [M]: 0x00000000800009F4 (0x02151513) slli a0, a0, 0x21
x10 <- 0x0000000200000000
mem[X,0x00000000800009F8] -> 0x4513
mem[X,0x00000000800009FA] -> 0xFFF5
[705] [M]: 0x00000000800009F8 (0xFFF54513) xori a0, a0, -0x1
x10 <- 0xFFFFFFFDFFFFFFFF
mem[X,0x00000000800009FC] -> 0x854D
[706] [M]: 0x00000000800009FC (0x854D) c.srai a0, 0x13
x10 <- 0xFFFFFFFFFFFFBFFF
mem[X,0x00000000800009FE] -> 0xB023
mem[X,0x0000000080000A00] -> 0x3EA0
[707] [M]: 0x00000000800009FE (0x3EA0B023) sd a0, 0x3e0(ra)
mem[0x00000000800034F8] <- 0xFFFFFFFFFFFFBFFF
mem[X,0x0000000080000A02] -> 0x0513
mem[X,0x0000000080000A04] -> 0x0010
[708] [M]: 0x0000000080000A02 (0x00100513) addi a0, zero, 0x1
x10 <- 0x0000000000000001
mem[X,0x0000000080000A06] -> 0x1513
mem[X,0x0000000080000A08] -> 0x0225
[709] [M]: 0x0000000080000A06 (0x02251513) slli a0, a0, 0x22
x10 <- 0x0000000400000000
mem[X,0x0000000080000A0A] -> 0x4513
mem[X,0x0000000080000A0C] -> 0xFFF5
[710] [M]: 0x0000000080000A0A (0xFFF54513) xori a0, a0, -0x1
x10 <- 0xFFFFFFFBFFFFFFFF
mem[X,0x0000000080000A0E] -> 0x9529
[711] [M]: 0x0000000080000A0E (0x9529) c.srai a0, 0x2a
x10 <- 0xFFFFFFFFFFFFFFFF
mem[X,0x0000000080000A10] -> 0xB423
mem[X,0x0000000080000A12] -> 0x3EA0
[712] [M]: 0x0000000080000A10 (0x3EA0B423) sd a0, 0x3e8(ra)
mem[0x0000000080003500] <- 0xFFFFFFFFFFFFFFFF
mem[X,0x0000000080000A14] -> 0x0513
mem[X,0x0000000080000A16] -> 0x0010
[713] [M]: 0x0000000080000A14 (0x00100513) addi a0, zero, 0x1
x10 <- 0x0000000000000001
mem[X,0x0000000080000A18] -> 0x1513
mem[X,0x0000000080000A1A] -> 0x0235
[714] [M]: 0x0000000080000A18 (0x02351513) slli a0, a0, 0x23
x10 <- 0x0000000800000000
mem[X,0x0000000080000A1C] -> 0x4513
mem[X,0x0000000080000A1E] -> 0xFFF5
[715] [M]: 0x0000000080000A1C (0xFFF54513) xori a0, a0, -0x1
x10 <- 0xFFFFFFF7FFFFFFFF
mem[X,0x0000000080000A20] -> 0x8529
[716] [M]: 0x0000000080000A20 (0x8529) c.srai a0, 0xa
x10 <- 0xFFFFFFFFFDFFFFFF
mem[X,0x0000000080000A22] -> 0xB823
mem[X,0x0000000080000A24] -> 0x3EA0
[717] [M]: 0x0000000080000A22 (0x3EA0B823) sd a0, 0x3f0(ra)
mem[0x0000000080003508] <- 0xFFFFFFFFFDFFFFFF
mem[X,0x0000000080000A26] -> 0x0513
mem[X,0x0000000080000A28] -> 0x0010
[718] [M]: 0x0000000080000A26 (0x00100513) addi a0, zero, 0x1
x10 <- 0x0000000000000001
mem[X,0x0000000080000A2A] -> 0x1513
mem[X,0x0000000080000A2C] -> 0x0245
[719] [M]: 0x0000000080000A2A (0x02451513) slli a0, a0, 0x24
x10 <- 0x0000001000000000
mem[X,0x0000000080000A2E] -> 0x4513
mem[X,0x0000000080000A30] -> 0xFFF5
[720] [M]: 0x0000000080000A2E (0xFFF54513) xori a0, a0, -0x1
x10 <- 0xFFFFFFEFFFFFFFFF
mem[X,0x0000000080000A32] -> 0x8541
[721] [M]: 0x0000000080000A32 (0x8541) c.srai a0, 0x10
x10 <- 0xFFFFFFFFFFEFFFFF
mem[X,0x0000000080000A34] -> 0xBC23
mem[X,0x0000000080000A36] -> 0x3EA0
[722] [M]: 0x0000000080000A34 (0x3EA0BC23) sd a0, 0x3f8(ra)
mem[0x0000000080003510] <- 0xFFFFFFFFFFEFFFFF
mem[X,0x0000000080000A38] -> 0x0513
mem[X,0x0000000080000A3A] -> 0x0010
[723] [M]: 0x0000000080000A38 (0x00100513) addi a0, zero, 0x1
x10 <- 0x0000000000000001
mem[X,0x0000000080000A3C] -> 0x1513
mem[X,0x0000000080000A3E] -> 0x0255
[724] [M]: 0x0000000080000A3C (0x02551513) slli a0, a0, 0x25
x10 <- 0x0000002000000000
mem[X,0x0000000080000A40] -> 0x4513
mem[X,0x0000000080000A42] -> 0xFFF5
[725] [M]: 0x0000000080000A40 (0xFFF54513) xori a0, a0, -0x1
x10 <- 0xFFFFFFDFFFFFFFFF
mem[X,0x0000000080000A44] -> 0x854D
[726] [M]: 0x0000000080000A44 (0x854D) c.srai a0, 0x13
x10 <- 0xFFFFFFFFFFFBFFFF
mem[X,0x0000000080000A46] -> 0xB023
mem[X,0x0000000080000A48] -> 0x40A0
[727] [M]: 0x0000000080000A46 (0x40A0B023) sd a0, 0x400(ra)
mem[0x0000000080003518] <- 0xFFFFFFFFFFFBFFFF
mem[X,0x0000000080000A4A] -> 0x0513
mem[X,0x0000000080000A4C] -> 0x0010
[728] [M]: 0x0000000080000A4A (0x00100513) addi a0, zero, 0x1
x10 <- 0x0000000000000001
mem[X,0x0000000080000A4E] -> 0x1513
mem[X,0x0000000080000A50] -> 0x0265
[729] [M]: 0x0000000080000A4E (0x02651513) slli a0, a0, 0x26
x10 <- 0x0000004000000000
mem[X,0x0000000080000A52] -> 0x4513
mem[X,0x0000000080000A54] -> 0xFFF5
[730] [M]: 0x0000000080000A52 (0xFFF54513) xori a0, a0, -0x1
x10 <- 0xFFFFFFBFFFFFFFFF
mem[X,0x0000000080000A56] -> 0x8549
[731] [M]: 0x0000000080000A56 (0x8549) c.srai a0, 0x12
x10 <- 0xFFFFFFFFFFEFFFFF
mem[X,0x0000000080000A58] -> 0xB423
mem[X,0x0000000080000A5A] -> 0x40A0
[732] [M]: 0x0000000080000A58 (0x40A0B423) sd a0, 0x408(ra)
mem[0x0000000080003520] <- 0xFFFFFFFFFFEFFFFF
mem[X,0x0000000080000A5C] -> 0x0513
mem[X,0x0000000080000A5E] -> 0x0010
[733] [M]: 0x0000000080000A5C (0x00100513) addi a0, zero, 0x1
x10 <- 0x0000000000000001
mem[X,0x0000000080000A60] -> 0x1513
mem[X,0x0000000080000A62] -> 0x0275
[734] [M]: 0x0000000080000A60 (0x02751513) slli a0, a0, 0x27
x10 <- 0x0000008000000000
mem[X,0x0000000080000A64] -> 0x4513
mem[X,0x0000000080000A66] -> 0xFFF5
[735] [M]: 0x0000000080000A64 (0xFFF54513) xori a0, a0, -0x1
x10 <- 0xFFFFFF7FFFFFFFFF
mem[X,0x0000000080000A68] -> 0x850D
[736] [M]: 0x0000000080000A68 (0x850D) c.srai a0, 0x3
x10 <- 0xFFFFFFEFFFFFFFFF
mem[X,0x0000000080000A6A] -> 0xB823
mem[X,0x0000000080000A6C] -> 0x40A0
[737] [M]: 0x0000000080000A6A (0x40A0B823) sd a0, 0x410(ra)
mem[0x0000000080003528] <- 0xFFFFFFEFFFFFFFFF
mem[X,0x0000000080000A6E] -> 0x0513
mem[X,0x0000000080000A70] -> 0x0010
[738] [M]: 0x0000000080000A6E (0x00100513) addi a0, zero, 0x1
x10 <- 0x0000000000000001
mem[X,0x0000000080000A72] -> 0x1513
mem[X,0x0000000080000A74] -> 0x0285
[739] [M]: 0x0000000080000A72 (0x02851513) slli a0, a0, 0x28
x10 <- 0x0000010000000000
mem[X,0x0000000080000A76] -> 0x4513
mem[X,0x0000000080000A78] -> 0xFFF5
[740] [M]: 0x0000000080000A76 (0xFFF54513) xori a0, a0, -0x1
x10 <- 0xFFFFFEFFFFFFFFFF
mem[X,0x0000000080000A7A] -> 0x953D
[741] [M]: 0x0000000080000A7A (0x953D) c.srai a0, 0x2f
x10 <- 0xFFFFFFFFFFFFFFFF
mem[X,0x0000000080000A7C] -> 0xBC23
mem[X,0x0000000080000A7E] -> 0x40A0
[742] [M]: 0x0000000080000A7C (0x40A0BC23) sd a0, 0x418(ra)
mem[0x0000000080003530] <- 0xFFFFFFFFFFFFFFFF
mem[X,0x0000000080000A80] -> 0x0513
mem[X,0x0000000080000A82] -> 0x0010
[743] [M]: 0x0000000080000A80 (0x00100513) addi a0, zero, 0x1
x10 <- 0x0000000000000001
mem[X,0x0000000080000A84] -> 0x1513
mem[X,0x0000000080000A86] -> 0x0295
[744] [M]: 0x0000000080000A84 (0x02951513) slli a0, a0, 0x29
x10 <- 0x0000020000000000
mem[X,0x0000000080000A88] -> 0x4513
mem[X,0x0000000080000A8A] -> 0xFFF5
[745] [M]: 0x0000000080000A88 (0xFFF54513) xori a0, a0, -0x1
x10 <- 0xFFFFFDFFFFFFFFFF
mem[X,0x0000000080000A8C] -> 0x857D
[746] [M]: 0x0000000080000A8C (0x857D) c.srai a0, 0x1f
x10 <- 0xFFFFFFFFFFFFFBFF
mem[X,0x0000000080000A8E] -> 0xB023
mem[X,0x0000000080000A90] -> 0x42A0
[747] [M]: 0x0000000080000A8E (0x42A0B023) sd a0, 0x420(ra)
mem[0x0000000080003538] <- 0xFFFFFFFFFFFFFBFF
mem[X,0x0000000080000A92] -> 0x0513
mem[X,0x0000000080000A94] -> 0x0010
[748] [M]: 0x0000000080000A92 (0x00100513) addi a0, zero, 0x1
x10 <- 0x0000000000000001
mem[X,0x0000000080000A96] -> 0x1513
mem[X,0x0000000080000A98] -> 0x02A5
[749] [M]: 0x0000000080000A96 (0x02A51513) slli a0, a0, 0x2a
x10 <- 0x0000040000000000
mem[X,0x0000000080000A9A] -> 0x4513
mem[X,0x0000000080000A9C] -> 0xFFF5
[750] [M]: 0x0000000080000A9A (0xFFF54513) xori a0, a0, -0x1
x10 <- 0xFFFFFBFFFFFFFFFF
mem[X,0x0000000080000A9E] -> 0x851D
[751] [M]: 0x0000000080000A9E (0x851D) c.srai a0, 0x7
x10 <- 0xFFFFFFF7FFFFFFFF
mem[X,0x0000000080000AA0] -> 0xB423
mem[X,0x0000000080000AA2] -> 0x42A0
[752] [M]: 0x0000000080000AA0 (0x42A0B423) sd a0, 0x428(ra)
mem[0x0000000080003540] <- 0xFFFFFFF7FFFFFFFF
mem[X,0x0000000080000AA4] -> 0x0513
mem[X,0x0000000080000AA6] -> 0x0010
[753] [M]: 0x0000000080000AA4 (0x00100513) addi a0, zero, 0x1
x10 <- 0x0000000000000001
mem[X,0x0000000080000AA8] -> 0x1513
mem[X,0x0000000080000AAA] -> 0x02B5
[754] [M]: 0x0000000080000AA8 (0x02B51513) slli a0, a0, 0x2b
x10 <- 0x0000080000000000
mem[X,0x0000000080000AAC] -> 0x4513
mem[X,0x0000000080000AAE] -> 0xFFF5
[755] [M]: 0x0000000080000AAC (0xFFF54513) xori a0, a0, -0x1
x10 <- 0xFFFFF7FFFFFFFFFF
mem[X,0x0000000080000AB0] -> 0x956D
[756] [M]: 0x0000000080000AB0 (0x956D) c.srai a0, 0x3b
x10 <- 0xFFFFFFFFFFFFFFFF
mem[X,0x0000000080000AB2] -> 0xB823
mem[X,0x0000000080000AB4] -> 0x42A0
[757] [M]: 0x0000000080000AB2 (0x42A0B823) sd a0, 0x430(ra)
mem[0x0000000080003548] <- 0xFFFFFFFFFFFFFFFF
mem[X,0x0000000080000AB6] -> 0x0513
mem[X,0x0000000080000AB8] -> 0x0010
[758] [M]: 0x0000000080000AB6 (0x00100513) addi a0, zero, 0x1
x10 <- 0x0000000000000001
mem[X,0x0000000080000ABA] -> 0x1513
mem[X,0x0000000080000ABC] -> 0x02C5
[759] [M]: 0x0000000080000ABA (0x02C51513) slli a0, a0, 0x2c
x10 <- 0x0000100000000000
mem[X,0x0000000080000ABE] -> 0x4513
mem[X,0x0000000080000AC0] -> 0xFFF5
[760] [M]: 0x0000000080000ABE (0xFFF54513) xori a0, a0, -0x1
x10 <- 0xFFFFEFFFFFFFFFFF
mem[X,0x0000000080000AC2] -> 0x8549
[761] [M]: 0x0000000080000AC2 (0x8549) c.srai a0, 0x12
x10 <- 0xFFFFFFFFFBFFFFFF
mem[X,0x0000000080000AC4] -> 0xBC23
mem[X,0x0000000080000AC6] -> 0x42A0
[762] [M]: 0x0000000080000AC4 (0x42A0BC23) sd a0, 0x438(ra)
mem[0x0000000080003550] <- 0xFFFFFFFFFBFFFFFF
mem[X,0x0000000080000AC8] -> 0x0513
mem[X,0x0000000080000ACA] -> 0x0010
[763] [M]: 0x0000000080000AC8 (0x00100513) addi a0, zero, 0x1
x10 <- 0x0000000000000001
mem[X,0x0000000080000ACC] -> 0x1513
mem[X,0x0000000080000ACE] -> 0x02D5
[764] [M]: 0x0000000080000ACC (0x02D51513) slli a0, a0, 0x2d
x10 <- 0x0000200000000000
mem[X,0x0000000080000AD0] -> 0x4513
mem[X,0x0000000080000AD2] -> 0xFFF5
[765] [M]: 0x0000000080000AD0 (0xFFF54513) xori a0, a0, -0x1
x10 <- 0xFFFFDFFFFFFFFFFF
mem[X,0x0000000080000AD4] -> 0x956D
[766] [M]: 0x0000000080000AD4 (0x956D) c.srai a0, 0x3b
x10 <- 0xFFFFFFFFFFFFFFFF
mem[X,0x0000000080000AD6] -> 0xB023
mem[X,0x0000000080000AD8] -> 0x44A0
[767] [M]: 0x0000000080000AD6 (0x44A0B023) sd a0, 0x440(ra)
mem[0x0000000080003558] <- 0xFFFFFFFFFFFFFFFF
mem[X,0x0000000080000ADA] -> 0x0513
mem[X,0x0000000080000ADC] -> 0x0010
[768] [M]: 0x0000000080000ADA (0x00100513) addi a0, zero, 0x1
x10 <- 0x0000000000000001
mem[X,0x0000000080000ADE] -> 0x1513
mem[X,0x0000000080000AE0] -> 0x02E5
[769] [M]: 0x0000000080000ADE (0x02E51513) slli a0, a0, 0x2e
x10 <- 0x0000400000000000
mem[X,0x0000000080000AE2] -> 0x4513
mem[X,0x0000000080000AE4] -> 0xFFF5
[770] [M]: 0x0000000080000AE2 (0xFFF54513) xori a0, a0, -0x1
x10 <- 0xFFFFBFFFFFFFFFFF
mem[X,0x0000000080000AE6] -> 0x8505
[771] [M]: 0x0000000080000AE6 (0x8505) c.srai a0, 0x1
x10 <- 0xFFFFDFFFFFFFFFFF
mem[X,0x0000000080000AE8] -> 0xB423
mem[X,0x0000000080000AEA] -> 0x44A0
[772] [M]: 0x0000000080000AE8 (0x44A0B423) sd a0, 0x448(ra)
mem[0x0000000080003560] <- 0xFFFFDFFFFFFFFFFF
mem[X,0x0000000080000AEC] -> 0x0513
mem[X,0x0000000080000AEE] -> 0x0010
[773] [M]: 0x0000000080000AEC (0x00100513) addi a0, zero, 0x1
x10 <- 0x0000000000000001
mem[X,0x0000000080000AF0] -> 0x1513
mem[X,0x0000000080000AF2] -> 0x02F5
[774] [M]: 0x0000000080000AF0 (0x02F51513) slli a0, a0, 0x2f
x10 <- 0x0000800000000000
mem[X,0x0000000080000AF4] -> 0x4513
mem[X,0x0000000080000AF6] -> 0xFFF5
[775] [M]: 0x0000000080000AF4 (0xFFF54513) xori a0, a0, -0x1
x10 <- 0xFFFF7FFFFFFFFFFF
mem[X,0x0000000080000AF8] -> 0x9579
[776] [M]: 0x0000000080000AF8 (0x9579) c.srai a0, 0x3e
x10 <- 0xFFFFFFFFFFFFFFFF
mem[X,0x0000000080000AFA] -> 0xB823
mem[X,0x0000000080000AFC] -> 0x44A0
[777] [M]: 0x0000000080000AFA (0x44A0B823) sd a0, 0x450(ra)
mem[0x0000000080003568] <- 0xFFFFFFFFFFFFFFFF
mem[X,0x0000000080000AFE] -> 0x0513
mem[X,0x0000000080000B00] -> 0x0010
[778] [M]: 0x0000000080000AFE (0x00100513) addi a0, zero, 0x1
x10 <- 0x0000000000000001
mem[X,0x0000000080000B02] -> 0x1513
mem[X,0x0000000080000B04] -> 0x0305
[779] [M]: 0x0000000080000B02 (0x03051513) slli a0, a0, 0x30
x10 <- 0x0001000000000000
mem[X,0x0000000080000B06] -> 0x4513
mem[X,0x0000000080000B08] -> 0xFFF5
[780] [M]: 0x0000000080000B06 (0xFFF54513) xori a0, a0, -0x1
x10 <- 0xFFFEFFFFFFFFFFFF
mem[X,0x0000000080000B0A] -> 0x8521
[781] [M]: 0x0000000080000B0A (0x8521) c.srai a0, 0x8
x10 <- 0xFFFFFEFFFFFFFFFF
mem[X,0x0000000080000B0C] -> 0xBC23
mem[X,0x0000000080000B0E] -> 0x44A0
[782] [M]: 0x0000000080000B0C (0x44A0BC23) sd a0, 0x458(ra)
mem[0x0000000080003570] <- 0xFFFFFEFFFFFFFFFF
mem[X,0x0000000080000B10] -> 0x0513
mem[X,0x0000000080000B12] -> 0x0010
[783] [M]: 0x0000000080000B10 (0x00100513) addi a0, zero, 0x1
x10 <- 0x0000000000000001
mem[X,0x0000000080000B14] -> 0x1513
mem[X,0x0000000080000B16] -> 0x0315
[784] [M]: 0x0000000080000B14 (0x03151513) slli a0, a0, 0x31
x10 <- 0x0002000000000000
mem[X,0x0000000080000B18] -> 0x4513
mem[X,0x0000000080000B1A] -> 0xFFF5
[785] [M]: 0x0000000080000B18 (0xFFF54513) xori a0, a0, -0x1
x10 <- 0xFFFDFFFFFFFFFFFF
mem[X,0x0000000080000B1C] -> 0x8531
[786] [M]: 0x0000000080000B1C (0x8531) c.srai a0, 0xc
x10 <- 0xFFFFFFDFFFFFFFFF
mem[X,0x0000000080000B1E] -> 0xB023
mem[X,0x0000000080000B20] -> 0x46A0
[787] [M]: 0x0000000080000B1E (0x46A0B023) sd a0, 0x460(ra)
mem[0x0000000080003578] <- 0xFFFFFFDFFFFFFFFF
mem[X,0x0000000080000B22] -> 0x0513
mem[X,0x0000000080000B24] -> 0x0010
[788] [M]: 0x0000000080000B22 (0x00100513) addi a0, zero, 0x1
x10 <- 0x0000000000000001
mem[X,0x0000000080000B26] -> 0x1513
mem[X,0x0000000080000B28] -> 0x0325
[789] [M]: 0x0000000080000B26 (0x03251513) slli a0, a0, 0x32
x10 <- 0x0004000000000000
mem[X,0x0000000080000B2A] -> 0x4513
mem[X,0x0000000080000B2C] -> 0xFFF5
[790] [M]: 0x0000000080000B2A (0xFFF54513) xori a0, a0, -0x1
x10 <- 0xFFFBFFFFFFFFFFFF
mem[X,0x0000000080000B2E] -> 0x852D
[791] [M]: 0x0000000080000B2E (0x852D) c.srai a0, 0xb
x10 <- 0xFFFFFF7FFFFFFFFF
mem[X,0x0000000080000B30] -> 0xB423
mem[X,0x0000000080000B32] -> 0x46A0
[792] [M]: 0x0000000080000B30 (0x46A0B423) sd a0, 0x468(ra)
mem[0x0000000080003580] <- 0xFFFFFF7FFFFFFFFF
mem[X,0x0000000080000B34] -> 0x0513
mem[X,0x0000000080000B36] -> 0x0010
[793] [M]: 0x0000000080000B34 (0x00100513) addi a0, zero, 0x1
x10 <- 0x0000000000000001
mem[X,0x0000000080000B38] -> 0x1513
mem[X,0x0000000080000B3A] -> 0x0335
[794] [M]: 0x0000000080000B38 (0x03351513) slli a0, a0, 0x33
x10 <- 0x0008000000000000
mem[X,0x0000000080000B3C] -> 0x4513
mem[X,0x0000000080000B3E] -> 0xFFF5
[795] [M]: 0x0000000080000B3C (0xFFF54513) xori a0, a0, -0x1
x10 <- 0xFFF7FFFFFFFFFFFF
mem[X,0x0000000080000B40] -> 0x8545
[796] [M]: 0x0000000080000B40 (0x8545) c.srai a0, 0x11
x10 <- 0xFFFFFFFBFFFFFFFF
mem[X,0x0000000080000B42] -> 0xB823
mem[X,0x0000000080000B44] -> 0x46A0
[797] [M]: 0x0000000080000B42 (0x46A0B823) sd a0, 0x470(ra)
mem[0x0000000080003588] <- 0xFFFFFFFBFFFFFFFF
mem[X,0x0000000080000B46] -> 0x0513
mem[X,0x0000000080000B48] -> 0x0010
[798] [M]: 0x0000000080000B46 (0x00100513) addi a0, zero, 0x1
x10 <- 0x0000000000000001
mem[X,0x0000000080000B4A] -> 0x1513
mem[X,0x0000000080000B4C] -> 0x0345
[799] [M]: 0x0000000080000B4A (0x03451513) slli a0, a0, 0x34
x10 <- 0x0010000000000000
clint::tick mtime <- 0x0000000000000008
 clint timer pending at mtime 0x0000000000000008
htif::tick 0x0000000000000000
mem[X,0x0000000080000B4E] -> 0x4513
mem[X,0x0000000080000B50] -> 0xFFF5
[800] [M]: 0x0000000080000B4E (0xFFF54513) xori a0, a0, -0x1
x10 <- 0xFFEFFFFFFFFFFFFF
mem[X,0x0000000080000B52] -> 0x8531
[801] [M]: 0x0000000080000B52 (0x8531) c.srai a0, 0xc
x10 <- 0xFFFFFEFFFFFFFFFF
mem[X,0x0000000080000B54] -> 0xBC23
mem[X,0x0000000080000B56] -> 0x46A0
[802] [M]: 0x0000000080000B54 (0x46A0BC23) sd a0, 0x478(ra)
mem[0x0000000080003590] <- 0xFFFFFEFFFFFFFFFF
mem[X,0x0000000080000B58] -> 0x0513
mem[X,0x0000000080000B5A] -> 0x0010
[803] [M]: 0x0000000080000B58 (0x00100513) addi a0, zero, 0x1
x10 <- 0x0000000000000001
mem[X,0x0000000080000B5C] -> 0x1513
mem[X,0x0000000080000B5E] -> 0x0355
[804] [M]: 0x0000000080000B5C (0x03551513) slli a0, a0, 0x35
x10 <- 0x0020000000000000
mem[X,0x0000000080000B60] -> 0x4513
mem[X,0x0000000080000B62] -> 0xFFF5
[805] [M]: 0x0000000080000B60 (0xFFF54513) xori a0, a0, -0x1
x10 <- 0xFFDFFFFFFFFFFFFF
mem[X,0x0000000080000B64] -> 0x9575
[806] [M]: 0x0000000080000B64 (0x9575) c.srai a0, 0x3d
x10 <- 0xFFFFFFFFFFFFFFFF
mem[X,0x0000000080000B66] -> 0xB023
mem[X,0x0000000080000B68] -> 0x48A0
[807] [M]: 0x0000000080000B66 (0x48A0B023) sd a0, 0x480(ra)
mem[0x0000000080003598] <- 0xFFFFFFFFFFFFFFFF
mem[X,0x0000000080000B6A] -> 0x0513
mem[X,0x0000000080000B6C] -> 0x0010
[808] [M]: 0x0000000080000B6A (0x00100513) addi a0, zero, 0x1
x10 <- 0x0000000000000001
mem[X,0x0000000080000B6E] -> 0x1513
mem[X,0x0000000080000B70] -> 0x0365
[809] [M]: 0x0000000080000B6E (0x03651513) slli a0, a0, 0x36
x10 <- 0x0040000000000000
mem[X,0x0000000080000B72] -> 0x4513
mem[X,0x0000000080000B74] -> 0xFFF5
[810] [M]: 0x0000000080000B72 (0xFFF54513) xori a0, a0, -0x1
x10 <- 0xFFBFFFFFFFFFFFFF
mem[X,0x0000000080000B76] -> 0x8515
[811] [M]: 0x0000000080000B76 (0x8515) c.srai a0, 0x5
x10 <- 0xFFFDFFFFFFFFFFFF
mem[X,0x0000000080000B78] -> 0xB423
mem[X,0x0000000080000B7A] -> 0x48A0
[812] [M]: 0x0000000080000B78 (0x48A0B423) sd a0, 0x488(ra)
mem[0x00000000800035A0] <- 0xFFFDFFFFFFFFFFFF
mem[X,0x0000000080000B7C] -> 0x0513
mem[X,0x0000000080000B7E] -> 0x0010
[813] [M]: 0x0000000080000B7C (0x00100513) addi a0, zero, 0x1
x10 <- 0x0000000000000001
mem[X,0x0000000080000B80] -> 0x1513
mem[X,0x0000000080000B82] -> 0x0375
[814] [M]: 0x0000000080000B80 (0x03751513) slli a0, a0, 0x37
x10 <- 0x0080000000000000
mem[X,0x0000000080000B84] -> 0x4513
mem[X,0x0000000080000B86] -> 0xFFF5
[815] [M]: 0x0000000080000B84 (0xFFF54513) xori a0, a0, -0x1
x10 <- 0xFF7FFFFFFFFFFFFF
mem[X,0x0000000080000B88] -> 0x8505
[816] [M]: 0x0000000080000B88 (0x8505) c.srai a0, 0x1
x10 <- 0xFFBFFFFFFFFFFFFF
mem[X,0x0000000080000B8A] -> 0xB823
mem[X,0x0000000080000B8C] -> 0x48A0
[817] [M]: 0x0000000080000B8A (0x48A0B823) sd a0, 0x490(ra)
mem[0x00000000800035A8] <- 0xFFBFFFFFFFFFFFFF
mem[X,0x0000000080000B8E] -> 0x0513
mem[X,0x0000000080000B90] -> 0x0010
[818] [M]: 0x0000000080000B8E (0x00100513) addi a0, zero, 0x1
x10 <- 0x0000000000000001
mem[X,0x0000000080000B92] -> 0x1513
mem[X,0x0000000080000B94] -> 0x0385
[819] [M]: 0x0000000080000B92 (0x03851513) slli a0, a0, 0x38
x10 <- 0x0100000000000000
mem[X,0x0000000080000B96] -> 0x4513
mem[X,0x0000000080000B98] -> 0xFFF5
[820] [M]: 0x0000000080000B96 (0xFFF54513) xori a0, a0, -0x1
x10 <- 0xFEFFFFFFFFFFFFFF
mem[X,0x0000000080000B9A] -> 0x8539
[821] [M]: 0x0000000080000B9A (0x8539) c.srai a0, 0xe
x10 <- 0xFFFFFBFFFFFFFFFF
mem[X,0x0000000080000B9C] -> 0xBC23
mem[X,0x0000000080000B9E] -> 0x48A0
[822] [M]: 0x0000000080000B9C (0x48A0BC23) sd a0, 0x498(ra)
mem[0x00000000800035B0] <- 0xFFFFFBFFFFFFFFFF
mem[X,0x0000000080000BA0] -> 0x006F
mem[X,0x0000000080000BA2] -> 0x0380
[823] [M]: 0x0000000080000BA0 (0x0380006F) jal zero, 0x38
mem[X,0x0000000080000BD8] -> 0x4085
[824] [M]: 0x0000000080000BD8 (0x4085) c.li ra, 0x1
x1 <- 0x0000000000000001
mem[X,0x0000000080000BDA] -> 0x0F17
mem[X,0x0000000080000BDC] -> 0x0000
[825] [M]: 0x0000000080000BDA (0x00000F17) auipc t5, 0x0
x30 <- 0x0000000080000BDA
mem[X,0x0000000080000BDE] -> 0x2323
mem[X,0x0000000080000BE0] -> 0x421F
[826] [M]: 0x0000000080000BDE (0x421F2323) sw ra, 0x426(t5)
htif[0x0000000080001000] <- 0x00000001
mem[X,0x0000000080000BE2] -> 0xBFE5
[827] [M]: 0x0000000080000BE2 (0xBFE5) c.j -0x4
mem[X,0x0000000080000BDA] -> 0x0F17
mem[X,0x0000000080000BDC] -> 0x0000
[828] [M]: 0x0000000080000BDA (0x00000F17) auipc t5, 0x0
x30 <- 0x0000000080000BDA
mem[X,0x0000000080000BDE] -> 0x2323
mem[X,0x0000000080000BE0] -> 0x421F
[829] [M]: 0x0000000080000BDE (0x421F2323) sw ra, 0x426(t5)
htif[0x0000000080001000] <- 0x00000001
mem[X,0x0000000080000BE2] -> 0xBFE5
[830] [M]: 0x0000000080000BE2 (0xBFE5) c.j -0x4
mem[X,0x0000000080000BDA] -> 0x0F17
mem[X,0x0000000080000BDC] -> 0x0000
[831] [M]: 0x0000000080000BDA (0x00000F17) auipc t5, 0x0
x30 <- 0x0000000080000BDA
mem[X,0x0000000080000BDE] -> 0x2323
mem[X,0x0000000080000BE0] -> 0x421F
[832] [M]: 0x0000000080000BDE (0x421F2323) sw ra, 0x426(t5)
htif[0x0000000080001000] <- 0x00000001
htif-syscall-proxy cmd: 0x000000000001
SUCCESS
