using /home/mamir/tempo/riscof/riscof_work/rv64i_m/I/src/bne-01.S/ref/Reference-sail_c_simulator.signature for test-signature output.
tohost located at 0x80043000
Running file ref.elf.
ELF Entry @ 0x80000000
begin_signature: 0x80045110
end_signature: 0x80046650
CSR mstatus <- 0x0000000A00000000 (input: 0x0000000000000000)
mem[X,0x0000000000001000] -> 0x0297
mem[X,0x0000000000001002] -> 0x0000
[0] [M]: 0x0000000000001000 (0x00000297) auipc t0, 0x0
x5 <- 0x0000000000001000
mem[X,0x0000000000001004] -> 0x8593
mem[X,0x0000000000001006] -> 0x0202
[1] [M]: 0x0000000000001004 (0x02028593) addi a1, t0, 0x20
x11 <- 0x0000000000001020
mem[X,0x0000000000001008] -> 0x2573
mem[X,0x000000000000100A] -> 0xF140
[2] [M]: 0x0000000000001008 (0xF1402573) csrrs a0, mhartid, zero
CSR mhartid -> 0x0000000000000000
x10 <- 0x0000000000000000
mem[X,0x000000000000100C] -> 0xB283
mem[X,0x000000000000100E] -> 0x0182
[3] [M]: 0x000000000000100C (0x0182B283) ld t0, 0x18(t0)
mem[R,0x0000000000001018] -> 0x0000000080000000
x5 <- 0x0000000080000000
mem[X,0x0000000000001010] -> 0x8067
mem[X,0x0000000000001012] -> 0x0002
[4] [M]: 0x0000000000001010 (0x00028067) jalr zero, 0x0(t0)
mem[X,0x0000000080000000] -> 0x0837
mem[X,0x0000000080000002] -> 0x7D5C
[5] [M]: 0x0000000080000000 (0x7D5C0837) lui a6, 0x7d5c0
x16 <- 0x000000007D5C0000
mem[X,0x0000000080000004] -> 0x0813
mem[X,0x0000000080000006] -> 0xDDB8
[6] [M]: 0x0000000080000004 (0xDDB80813) addi a6, a6, -0x225
x16 <- 0x000000007D5BFDDB
mem[X,0x0000000080000008] -> 0x1813
mem[X,0x000000008000000A] -> 0x00B8
[7] [M]: 0x0000000080000008 (0x00B81813) slli a6, a6, 0xb
x16 <- 0x000003EADFEED800
mem[X,0x000000008000000C] -> 0x0813
mem[X,0x000000008000000E] -> 0x3EA8
[8] [M]: 0x000000008000000C (0x3EA80813) addi a6, a6, 0x3ea
x16 <- 0x000003EADFEEDBEA
mem[X,0x0000000080000010] -> 0x1813
mem[X,0x0000000080000012] -> 0x00B8
[9] [M]: 0x0000000080000010 (0x00B81813) slli a6, a6, 0xb
x16 <- 0x001F56FF76DF5000
mem[X,0x0000000080000014] -> 0x0813
mem[X,0x0000000080000016] -> 0x6FF8
[10] [M]: 0x0000000080000014 (0x6FF80813) addi a6, a6, 0x6ff
x16 <- 0x001F56FF76DF56FF
mem[X,0x0000000080000018] -> 0x1813
mem[X,0x000000008000001A] -> 0x00A8
[11] [M]: 0x0000000080000018 (0x00A81813) slli a6, a6, 0xa
x16 <- 0x7D5BFDDB7D5BFC00
mem[X,0x000000008000001C] -> 0x0813
mem[X,0x000000008000001E] -> 0x1DB8
[12] [M]: 0x000000008000001C (0x1DB80813) addi a6, a6, 0x1db
x16 <- 0x7D5BFDDB7D5BFDDB
mem[X,0x0000000080000020] -> 0x5893
mem[X,0x0000000080000022] -> 0x0078
[13] [M]: 0x0000000080000020 (0x00785893) srli a7, a6, 0x7
x17 <- 0x00FAB7FBB6FAB7FB
mem[X,0x0000000080000024] -> 0x5793
mem[X,0x0000000080000026] -> 0x0398
[14] [M]: 0x0000000080000024 (0x03985793) srli a5, a6, 0x39
x15 <- 0x000000000000003E
mem[X,0x0000000080000028] -> 0xE8B3
mem[X,0x000000008000002A] -> 0x00F8
[15] [M]: 0x0000000080000028 (0x00F8E8B3) or a7, a7, a5
x17 <- 0x00FAB7FBB6FAB7FF
mem[X,0x000000008000002C] -> 0xD913
mem[X,0x000000008000002E] -> 0x0078
[16] [M]: 0x000000008000002C (0x0078D913) srli s2, a7, 0x7
x18 <- 0x0001F56FF76DF56F
mem[X,0x0000000080000030] -> 0xD793
mem[X,0x0000000080000032] -> 0x0398
[17] [M]: 0x0000000080000030 (0x0398D793) srli a5, a7, 0x39
x15 <- 0x0000000000000000
mem[X,0x0000000080000034] -> 0x6933
mem[X,0x0000000080000036] -> 0x00F9
[18] [M]: 0x0000000080000034 (0x00F96933) or s2, s2, a5
x18 <- 0x0001F56FF76DF56F
mem[X,0x0000000080000038] -> 0x5993
mem[X,0x000000008000003A] -> 0x0079
[19] [M]: 0x0000000080000038 (0x00795993) srli s3, s2, 0x7
x19 <- 0x000003EADFEEDBEA
mem[X,0x000000008000003C] -> 0x5793
mem[X,0x000000008000003E] -> 0x0399
[20] [M]: 0x000000008000003C (0x03995793) srli a5, s2, 0x39
x15 <- 0x0000000000000000
mem[X,0x0000000080000040] -> 0xE9B3
mem[X,0x0000000080000042] -> 0x00F9
[21] [M]: 0x0000000080000040 (0x00F9E9B3) or s3, s3, a5
x19 <- 0x000003EADFEEDBEA
mem[X,0x0000000080000044] -> 0xDA13
mem[X,0x0000000080000046] -> 0x0079
[22] [M]: 0x0000000080000044 (0x0079DA13) srli s4, s3, 0x7
x20 <- 0x00000007D5BFDDB7
mem[X,0x0000000080000048] -> 0xD793
mem[X,0x000000008000004A] -> 0x0399
[23] [M]: 0x0000000080000048 (0x0399D793) srli a5, s3, 0x39
x15 <- 0x0000000000000000
mem[X,0x000000008000004C] -> 0x6A33
mem[X,0x000000008000004E] -> 0x00FA
[24] [M]: 0x000000008000004C (0x00FA6A33) or s4, s4, a5
x20 <- 0x00000007D5BFDDB7
mem[X,0x0000000080000050] -> 0x5A93
mem[X,0x0000000080000052] -> 0x007A
[25] [M]: 0x0000000080000050 (0x007A5A93) srli s5, s4, 0x7
x21 <- 0x000000000FAB7FBB
mem[X,0x0000000080000054] -> 0x5793
mem[X,0x0000000080000056] -> 0x039A
[26] [M]: 0x0000000080000054 (0x039A5793) srli a5, s4, 0x39
x15 <- 0x0000000000000000
mem[X,0x0000000080000058] -> 0xEAB3
mem[X,0x000000008000005A] -> 0x00FA
[27] [M]: 0x0000000080000058 (0x00FAEAB3) or s5, s5, a5
x21 <- 0x000000000FAB7FBB
mem[X,0x000000008000005C] -> 0xDB13
mem[X,0x000000008000005E] -> 0x007A
[28] [M]: 0x000000008000005C (0x007ADB13) srli s6, s5, 0x7
x22 <- 0x00000000001F56FF
mem[X,0x0000000080000060] -> 0xD793
mem[X,0x0000000080000062] -> 0x039A
[29] [M]: 0x0000000080000060 (0x039AD793) srli a5, s5, 0x39
x15 <- 0x0000000000000000
mem[X,0x0000000080000064] -> 0x6B33
mem[X,0x0000000080000066] -> 0x00FB
[30] [M]: 0x0000000080000064 (0x00FB6B33) or s6, s6, a5
x22 <- 0x00000000001F56FF
mem[X,0x0000000080000068] -> 0x5B93
mem[X,0x000000008000006A] -> 0x007B
[31] [M]: 0x0000000080000068 (0x007B5B93) srli s7, s6, 0x7
x23 <- 0x0000000000003EAD
mem[X,0x000000008000006C] -> 0x5793
mem[X,0x000000008000006E] -> 0x039B
[32] [M]: 0x000000008000006C (0x039B5793) srli a5, s6, 0x39
x15 <- 0x0000000000000000
mem[X,0x0000000080000070] -> 0xEBB3
mem[X,0x0000000080000072] -> 0x00FB
[33] [M]: 0x0000000080000070 (0x00FBEBB3) or s7, s7, a5
x23 <- 0x0000000000003EAD
mem[X,0x0000000080000074] -> 0xDC13
mem[X,0x0000000080000076] -> 0x007B
[34] [M]: 0x0000000080000074 (0x007BDC13) srli s8, s7, 0x7
x24 <- 0x000000000000007D
mem[X,0x0000000080000078] -> 0xD793
mem[X,0x000000008000007A] -> 0x039B
[35] [M]: 0x0000000080000078 (0x039BD793) srli a5, s7, 0x39
x15 <- 0x0000000000000000
mem[X,0x000000008000007C] -> 0x6C33
mem[X,0x000000008000007E] -> 0x00FC
[36] [M]: 0x000000008000007C (0x00FC6C33) or s8, s8, a5
x24 <- 0x000000000000007D
mem[X,0x0000000080000080] -> 0x5C93
mem[X,0x0000000080000082] -> 0x007C
[37] [M]: 0x0000000080000080 (0x007C5C93) srli s9, s8, 0x7
x25 <- 0x0000000000000000
mem[X,0x0000000080000084] -> 0x5793
mem[X,0x0000000080000086] -> 0x039C
[38] [M]: 0x0000000080000084 (0x039C5793) srli a5, s8, 0x39
x15 <- 0x0000000000000000
mem[X,0x0000000080000088] -> 0xECB3
mem[X,0x000000008000008A] -> 0x00FC
[39] [M]: 0x0000000080000088 (0x00FCECB3) or s9, s9, a5
x25 <- 0x0000000000000000
mem[X,0x000000008000008C] -> 0xDD13
mem[X,0x000000008000008E] -> 0x007C
[40] [M]: 0x000000008000008C (0x007CDD13) srli s10, s9, 0x7
x26 <- 0x0000000000000000
mem[X,0x0000000080000090] -> 0xD793
mem[X,0x0000000080000092] -> 0x039C
[41] [M]: 0x0000000080000090 (0x039CD793) srli a5, s9, 0x39
x15 <- 0x0000000000000000
mem[X,0x0000000080000094] -> 0x6D33
mem[X,0x0000000080000096] -> 0x00FD
[42] [M]: 0x0000000080000094 (0x00FD6D33) or s10, s10, a5
x26 <- 0x0000000000000000
mem[X,0x0000000080000098] -> 0x5D93
mem[X,0x000000008000009A] -> 0x007D
[43] [M]: 0x0000000080000098 (0x007D5D93) srli s11, s10, 0x7
x27 <- 0x0000000000000000
mem[X,0x000000008000009C] -> 0x5793
mem[X,0x000000008000009E] -> 0x039D
[44] [M]: 0x000000008000009C (0x039D5793) srli a5, s10, 0x39
x15 <- 0x0000000000000000
mem[X,0x00000000800000A0] -> 0xEDB3
mem[X,0x00000000800000A2] -> 0x00FD
[45] [M]: 0x00000000800000A0 (0x00FDEDB3) or s11, s11, a5
x27 <- 0x0000000000000000
mem[X,0x00000000800000A4] -> 0xDE13
mem[X,0x00000000800000A6] -> 0x007D
[46] [M]: 0x00000000800000A4 (0x007DDE13) srli t3, s11, 0x7
x28 <- 0x0000000000000000
mem[X,0x00000000800000A8] -> 0xD793
mem[X,0x00000000800000AA] -> 0x039D
[47] [M]: 0x00000000800000A8 (0x039DD793) srli a5, s11, 0x39
x15 <- 0x0000000000000000
mem[X,0x00000000800000AC] -> 0x6E33
mem[X,0x00000000800000AE] -> 0x00FE
[48] [M]: 0x00000000800000AC (0x00FE6E33) or t3, t3, a5
x28 <- 0x0000000000000000
mem[X,0x00000000800000B0] -> 0x5E93
mem[X,0x00000000800000B2] -> 0x007E
[49] [M]: 0x00000000800000B0 (0x007E5E93) srli t4, t3, 0x7
x29 <- 0x0000000000000000
mem[X,0x00000000800000B4] -> 0x5793
mem[X,0x00000000800000B6] -> 0x039E
[50] [M]: 0x00000000800000B4 (0x039E5793) srli a5, t3, 0x39
x15 <- 0x0000000000000000
mem[X,0x00000000800000B8] -> 0xEEB3
mem[X,0x00000000800000BA] -> 0x00FE
[51] [M]: 0x00000000800000B8 (0x00FEEEB3) or t4, t4, a5
x29 <- 0x0000000000000000
mem[X,0x00000000800000BC] -> 0xDF13
mem[X,0x00000000800000BE] -> 0x007E
[52] [M]: 0x00000000800000BC (0x007EDF13) srli t5, t4, 0x7
x30 <- 0x0000000000000000
mem[X,0x00000000800000C0] -> 0xD793
mem[X,0x00000000800000C2] -> 0x039E
[53] [M]: 0x00000000800000C0 (0x039ED793) srli a5, t4, 0x39
x15 <- 0x0000000000000000
mem[X,0x00000000800000C4] -> 0x6F33
mem[X,0x00000000800000C6] -> 0x00FF
[54] [M]: 0x00000000800000C4 (0x00FF6F33) or t5, t5, a5
x30 <- 0x0000000000000000
mem[X,0x00000000800000C8] -> 0xC0B7
mem[X,0x00000000800000CA] -> 0xFEED
[55] [M]: 0x00000000800000C8 (0xFEEDC0B7) lui ra, -0x1124
x1 <- 0xFFFFFFFFFEEDC000
mem[X,0x00000000800000CC] -> 0x8093
mem[X,0x00000000800000CE] -> 0xEAD0
[56] [M]: 0x00000000800000CC (0xEAD08093) addi ra, ra, -0x153
x1 <- 0xFFFFFFFFFEEDBEAD
mem[X,0x00000000800000D0] -> 0x9093
mem[X,0x00000000800000D2] -> 0x00B0
[57] [M]: 0x00000000800000D0 (0x00B09093) slli ra, ra, 0xb
x1 <- 0xFFFFFFF76DF56800
mem[X,0x00000000800000D4] -> 0x8093
mem[X,0x00000000800000D6] -> 0x7F70
[58] [M]: 0x00000000800000D4 (0x7F708093) addi ra, ra, 0x7f7
x1 <- 0xFFFFFFF76DF56FF7
mem[X,0x00000000800000D8] -> 0x9093
mem[X,0x00000000800000DA] -> 0x00B0
[59] [M]: 0x00000000800000D8 (0x00B09093) slli ra, ra, 0xb
x1 <- 0xFFFFBB6FAB7FB800
mem[X,0x00000000800000DC] -> 0x8093
mem[X,0x00000000800000DE] -> 0x36F0
[60] [M]: 0x00000000800000DC (0x36F08093) addi ra, ra, 0x36f
x1 <- 0xFFFFBB6FAB7FBB6F
mem[X,0x00000000800000E0] -> 0x9093
mem[X,0x00000000800000E2] -> 0x00A0
[61] [M]: 0x00000000800000E0 (0x00A09093) slli ra, ra, 0xa
x1 <- 0xFEEDBEADFEEDBC00
mem[X,0x00000000800000E4] -> 0x8093
mem[X,0x00000000800000E6] -> 0x2AD0
[62] [M]: 0x00000000800000E4 (0x2AD08093) addi ra, ra, 0x2ad
x1 <- 0xFEEDBEADFEEDBEAD
mem[X,0x00000000800000E8] -> 0xD113
mem[X,0x00000000800000EA] -> 0x0070
[63] [M]: 0x00000000800000E8 (0x0070D113) srli sp, ra, 0x7
x2 <- 0x01FDDB7D5BFDDB7D
mem[X,0x00000000800000EC] -> 0xD793
mem[X,0x00000000800000EE] -> 0x0390
[64] [M]: 0x00000000800000EC (0x0390D793) srli a5, ra, 0x39
x15 <- 0x000000000000007F
mem[X,0x00000000800000F0] -> 0x6133
mem[X,0x00000000800000F2] -> 0x00F1
[65] [M]: 0x00000000800000F0 (0x00F16133) or sp, sp, a5
x2 <- 0x01FDDB7D5BFDDB7F
mem[X,0x00000000800000F4] -> 0x5193
mem[X,0x00000000800000F6] -> 0x0071
[66] [M]: 0x00000000800000F4 (0x00715193) srli gp, sp, 0x7
x3 <- 0x0003FBB6FAB7FBB6
mem[X,0x00000000800000F8] -> 0x5793
mem[X,0x00000000800000FA] -> 0x0391
[67] [M]: 0x00000000800000F8 (0x03915793) srli a5, sp, 0x39
x15 <- 0x0000000000000000
mem[X,0x00000000800000FC] -> 0xE1B3
mem[X,0x00000000800000FE] -> 0x00F1
[68] [M]: 0x00000000800000FC (0x00F1E1B3) or gp, gp, a5
x3 <- 0x0003FBB6FAB7FBB6
mem[X,0x0000000080000100] -> 0xD213
mem[X,0x0000000080000102] -> 0x0071
[69] [M]: 0x0000000080000100 (0x0071D213) srli tp, gp, 0x7
x4 <- 0x000007F76DF56FF7
mem[X,0x0000000080000104] -> 0xD793
mem[X,0x0000000080000106] -> 0x0391
[70] [M]: 0x0000000080000104 (0x0391D793) srli a5, gp, 0x39
x15 <- 0x0000000000000000
mem[X,0x0000000080000108] -> 0x6233
mem[X,0x000000008000010A] -> 0x00F2
[71] [M]: 0x0000000080000108 (0x00F26233) or tp, tp, a5
x4 <- 0x000007F76DF56FF7
mem[X,0x000000008000010C] -> 0x5293
mem[X,0x000000008000010E] -> 0x0072
[72] [M]: 0x000000008000010C (0x00725293) srli t0, tp, 0x7
x5 <- 0x0000000FEEDBEADF
mem[X,0x0000000080000110] -> 0x5793
mem[X,0x0000000080000112] -> 0x0392
[73] [M]: 0x0000000080000110 (0x03925793) srli a5, tp, 0x39
x15 <- 0x0000000000000000
mem[X,0x0000000080000114] -> 0xE2B3
mem[X,0x0000000080000116] -> 0x00F2
[74] [M]: 0x0000000080000114 (0x00F2E2B3) or t0, t0, a5
x5 <- 0x0000000FEEDBEADF
mem[X,0x0000000080000118] -> 0xD313
mem[X,0x000000008000011A] -> 0x0072
[75] [M]: 0x0000000080000118 (0x0072D313) srli t1, t0, 0x7
x6 <- 0x000000001FDDB7D5
mem[X,0x000000008000011C] -> 0xD793
mem[X,0x000000008000011E] -> 0x0392
[76] [M]: 0x000000008000011C (0x0392D793) srli a5, t0, 0x39
x15 <- 0x0000000000000000
mem[X,0x0000000080000120] -> 0x6333
mem[X,0x0000000080000122] -> 0x00F3
[77] [M]: 0x0000000080000120 (0x00F36333) or t1, t1, a5
x6 <- 0x000000001FDDB7D5
mem[X,0x0000000080000124] -> 0x5393
mem[X,0x0000000080000126] -> 0x0073
[78] [M]: 0x0000000080000124 (0x00735393) srli t2, t1, 0x7
x7 <- 0x00000000003FBB6F
mem[X,0x0000000080000128] -> 0x5793
mem[X,0x000000008000012A] -> 0x0393
[79] [M]: 0x0000000080000128 (0x03935793) srli a5, t1, 0x39
x15 <- 0x0000000000000000
mem[X,0x000000008000012C] -> 0xE3B3
mem[X,0x000000008000012E] -> 0x00F3
[80] [M]: 0x000000008000012C (0x00F3E3B3) or t2, t2, a5
x7 <- 0x00000000003FBB6F
mem[X,0x0000000080000130] -> 0xD413
mem[X,0x0000000080000132] -> 0x0073
[81] [M]: 0x0000000080000130 (0x0073D413) srli fp, t2, 0x7
x8 <- 0x0000000000007F76
mem[X,0x0000000080000134] -> 0xD793
mem[X,0x0000000080000136] -> 0x0393
[82] [M]: 0x0000000080000134 (0x0393D793) srli a5, t2, 0x39
x15 <- 0x0000000000000000
mem[X,0x0000000080000138] -> 0x6433
mem[X,0x000000008000013A] -> 0x00F4
[83] [M]: 0x0000000080000138 (0x00F46433) or fp, fp, a5
x8 <- 0x0000000000007F76
mem[X,0x000000008000013C] -> 0x5493
mem[X,0x000000008000013E] -> 0x0074
[84] [M]: 0x000000008000013C (0x00745493) srli s1, fp, 0x7
x9 <- 0x00000000000000FE
mem[X,0x0000000080000140] -> 0x5793
mem[X,0x0000000080000142] -> 0x0394
[85] [M]: 0x0000000080000140 (0x03945793) srli a5, fp, 0x39
x15 <- 0x0000000000000000
mem[X,0x0000000080000144] -> 0xE4B3
mem[X,0x0000000080000146] -> 0x00F4
[86] [M]: 0x0000000080000144 (0x00F4E4B3) or s1, s1, a5
x9 <- 0x00000000000000FE
mem[X,0x0000000080000148] -> 0xD513
mem[X,0x000000008000014A] -> 0x0074
[87] [M]: 0x0000000080000148 (0x0074D513) srli a0, s1, 0x7
x10 <- 0x0000000000000001
mem[X,0x000000008000014C] -> 0xD793
mem[X,0x000000008000014E] -> 0x0394
[88] [M]: 0x000000008000014C (0x0394D793) srli a5, s1, 0x39
x15 <- 0x0000000000000000
mem[X,0x0000000080000150] -> 0x6533
mem[X,0x0000000080000152] -> 0x00F5
[89] [M]: 0x0000000080000150 (0x00F56533) or a0, a0, a5
x10 <- 0x0000000000000001
mem[X,0x0000000080000154] -> 0x5593
mem[X,0x0000000080000156] -> 0x0075
[90] [M]: 0x0000000080000154 (0x00755593) srli a1, a0, 0x7
x11 <- 0x0000000000000000
mem[X,0x0000000080000158] -> 0x5793
mem[X,0x000000008000015A] -> 0x0395
[91] [M]: 0x0000000080000158 (0x03955793) srli a5, a0, 0x39
x15 <- 0x0000000000000000
mem[X,0x000000008000015C] -> 0xE5B3
mem[X,0x000000008000015E] -> 0x00F5
[92] [M]: 0x000000008000015C (0x00F5E5B3) or a1, a1, a5
x11 <- 0x0000000000000000
mem[X,0x0000000080000160] -> 0xD613
mem[X,0x0000000080000162] -> 0x0075
[93] [M]: 0x0000000080000160 (0x0075D613) srli a2, a1, 0x7
x12 <- 0x0000000000000000
mem[X,0x0000000080000164] -> 0xD793
mem[X,0x0000000080000166] -> 0x0395
[94] [M]: 0x0000000080000164 (0x0395D793) srli a5, a1, 0x39
x15 <- 0x0000000000000000
mem[X,0x0000000080000168] -> 0x6633
mem[X,0x000000008000016A] -> 0x00F6
[95] [M]: 0x0000000080000168 (0x00F66633) or a2, a2, a5
x12 <- 0x0000000000000000
mem[X,0x000000008000016C] -> 0x5693
mem[X,0x000000008000016E] -> 0x0076
[96] [M]: 0x000000008000016C (0x00765693) srli a3, a2, 0x7
x13 <- 0x0000000000000000
mem[X,0x0000000080000170] -> 0x5793
mem[X,0x0000000080000172] -> 0x0396
[97] [M]: 0x0000000080000170 (0x03965793) srli a5, a2, 0x39
x15 <- 0x0000000000000000
mem[X,0x0000000080000174] -> 0xE6B3
mem[X,0x0000000080000176] -> 0x00F6
[98] [M]: 0x0000000080000174 (0x00F6E6B3) or a3, a3, a5
x13 <- 0x0000000000000000
mem[X,0x0000000080000178] -> 0x0013
mem[X,0x000000008000017A] -> 0x0000
[99] [M]: 0x0000000080000178 (0x00000013) addi zero, zero, 0x0
clint::tick mtime <- 0x0000000000000001
 clint timer pending at mtime 0x0000000000000001
htif::tick 0x0000000000000000
mem[X,0x000000008000017C] -> 0x0013
mem[X,0x000000008000017E] -> 0x0000
[100] [M]: 0x000000008000017C (0x00000013) addi zero, zero, 0x0
mem[X,0x0000000080000180] -> 0x5617
mem[X,0x0000000080000182] -> 0x0004
[101] [M]: 0x0000000080000180 (0x00045617) auipc a2, 0x45
x12 <- 0x0000000080045180
mem[X,0x0000000080000184] -> 0x0613
mem[X,0x0000000080000186] -> 0xF986
[102] [M]: 0x0000000080000184 (0xF9860613) addi a2, a2, -0x68
x12 <- 0x0000000080045118
mem[X,0x0000000080000188] -> 0x0013
mem[X,0x000000008000018A] -> 0x0000
[103] [M]: 0x0000000080000188 (0x00000013) addi zero, zero, 0x0
mem[X,0x000000008000018C] -> 0x0013
mem[X,0x000000008000018E] -> 0x0000
[104] [M]: 0x000000008000018C (0x00000013) addi zero, zero, 0x0
mem[X,0x0000000080000190] -> 0x0013
mem[X,0x0000000080000192] -> 0x0000
[105] [M]: 0x0000000080000190 (0x00000013) addi zero, zero, 0x0
mem[X,0x0000000080000194] -> 0x0013
mem[X,0x0000000080000196] -> 0x0000
[106] [M]: 0x0000000080000194 (0x00000013) addi zero, zero, 0x0
mem[X,0x0000000080000198] -> 0x0013
mem[X,0x000000008000019A] -> 0x0000
[107] [M]: 0x0000000080000198 (0x00000013) addi zero, zero, 0x0
mem[X,0x000000008000019C] -> 0x0013
mem[X,0x000000008000019E] -> 0x0000
[108] [M]: 0x000000008000019C (0x00000013) addi zero, zero, 0x0
mem[X,0x00000000800001A0] -> 0x0C93
mem[X,0x00000000800001A2] -> 0xFFF0
[109] [M]: 0x00000000800001A0 (0xFFF00C93) addi s9, zero, -0x1
x25 <- 0xFFFFFFFFFFFFFFFF
mem[X,0x00000000800001A4] -> 0xDC93
mem[X,0x00000000800001A6] -> 0x001C
[110] [M]: 0x00000000800001A4 (0x001CDC93) srli s9, s9, 0x1
x25 <- 0x7FFFFFFFFFFFFFFF
mem[X,0x00000000800001A8] -> 0x0993
mem[X,0x00000000800001AA] -> 0x0010
[111] [M]: 0x00000000800001A8 (0x00100993) addi s3, zero, 0x1
x19 <- 0x0000000000000001
mem[X,0x00000000800001AC] -> 0x9993
mem[X,0x00000000800001AE] -> 0x0319
[112] [M]: 0x00000000800001AC (0x03199993) slli s3, s3, 0x31
x19 <- 0x0002000000000000
mem[X,0x00000000800001B0] -> 0x0313
mem[X,0x00000000800001B2] -> 0x0000
[113] [M]: 0x00000000800001B0 (0x00000313) addi t1, zero, 0x0
x6 <- 0x0000000000000000
mem[X,0x00000000800001B4] -> 0x006F
mem[X,0x00000000800001B6] -> 0x00C0
[114] [M]: 0x00000000800001B4 (0x00C0006F) jal zero, 0xc
mem[X,0x00000000800001C0] -> 0x9063
mem[X,0x00000000800001C2] -> 0x053C
[115] [M]: 0x00000000800001C0 (0x053C9063) bne s9, s3, 0x40
mem[X,0x0000000080000200] -> 0x0313
mem[X,0x0000000080000202] -> 0x0033
[116] [M]: 0x0000000080000200 (0x00330313) addi t1, t1, 0x3
x6 <- 0x0000000000000003
mem[X,0x0000000080000204] -> 0x006F
mem[X,0x0000000080000206] -> 0x0040
[117] [M]: 0x0000000080000204 (0x0040006F) jal zero, 0x4
mem[X,0x0000000080000208] -> 0x3023
mem[X,0x000000008000020A] -> 0x0066
[118] [M]: 0x0000000080000208 (0x00663023) sd t1, 0x0(a2)
mem[0x0000000080045118] <- 0x0000000000000003
mem[X,0x000000008000020C] -> 0x0193
mem[X,0x000000008000020E] -> 0x0010
[119] [M]: 0x000000008000020C (0x00100193) addi gp, zero, 0x1
x3 <- 0x0000000000000001
mem[X,0x0000000080000210] -> 0x9193
mem[X,0x0000000080000212] -> 0x0381
[120] [M]: 0x0000000080000210 (0x03819193) slli gp, gp, 0x38
x3 <- 0x0100000000000000
mem[X,0x0000000080000214] -> 0x0193
mem[X,0x0000000080000216] -> 0x0010
[121] [M]: 0x0000000080000214 (0x00100193) addi gp, zero, 0x1
x3 <- 0x0000000000000001
mem[X,0x0000000080000218] -> 0x9193
mem[X,0x000000008000021A] -> 0x0381
[122] [M]: 0x0000000080000218 (0x03819193) slli gp, gp, 0x38
x3 <- 0x0100000000000000
mem[X,0x000000008000021C] -> 0x0313
mem[X,0x000000008000021E] -> 0x0000
[123] [M]: 0x000000008000021C (0x00000313) addi t1, zero, 0x0
x6 <- 0x0000000000000000
mem[X,0x0000000080000220] -> 0x006F
mem[X,0x0000000080000222] -> 0x00C0
[124] [M]: 0x0000000080000220 (0x00C0006F) jal zero, 0xc
mem[X,0x000000008000022C] -> 0x9063
mem[X,0x000000008000022E] -> 0x0831
[125] [M]: 0x000000008000022C (0x08319063) bne gp, gp, 0x80
mem[X,0x0000000080000230] -> 0x0313
mem[X,0x0000000080000232] -> 0x0023
[126] [M]: 0x0000000080000230 (0x00230313) addi t1, t1, 0x2
x6 <- 0x0000000000000002
mem[X,0x0000000080000234] -> 0x006F
mem[X,0x0000000080000236] -> 0x0800
[127] [M]: 0x0000000080000234 (0x0800006F) jal zero, 0x80
mem[X,0x00000000800002B4] -> 0x3423
mem[X,0x00000000800002B6] -> 0x0066
[128] [M]: 0x00000000800002B4 (0x00663423) sd t1, 0x8(a2)
mem[0x0000000080045120] <- 0x0000000000000002
mem[X,0x00000000800002B8] -> 0x0513
mem[X,0x00000000800002BA] -> 0x0010
[129] [M]: 0x00000000800002B8 (0x00100513) addi a0, zero, 0x1
x10 <- 0x0000000000000001
mem[X,0x00000000800002BC] -> 0x1513
mem[X,0x00000000800002BE] -> 0x0295
[130] [M]: 0x00000000800002BC (0x02951513) slli a0, a0, 0x29
x10 <- 0x0000020000000000
mem[X,0x00000000800002C0] -> 0x4513
mem[X,0x00000000800002C2] -> 0xFFF5
[131] [M]: 0x00000000800002C0 (0xFFF54513) xori a0, a0, -0x1
x10 <- 0xFFFFFDFFFFFFFFFF
mem[X,0x00000000800002C4] -> 0x0713
mem[X,0x00000000800002C6] -> 0x0010
[132] [M]: 0x00000000800002C4 (0x00100713) addi a4, zero, 0x1
x14 <- 0x0000000000000001
mem[X,0x00000000800002C8] -> 0x1713
mem[X,0x00000000800002CA] -> 0x02A7
[133] [M]: 0x00000000800002C8 (0x02A71713) slli a4, a4, 0x2a
x14 <- 0x0000040000000000
mem[X,0x00000000800002CC] -> 0x4713
mem[X,0x00000000800002CE] -> 0xFFF7
[134] [M]: 0x00000000800002CC (0xFFF74713) xori a4, a4, -0x1
x14 <- 0xFFFFFBFFFFFFFFFF
mem[X,0x00000000800002D0] -> 0x0313
mem[X,0x00000000800002D2] -> 0x0000
[135] [M]: 0x00000000800002D0 (0x00000313) addi t1, zero, 0x0
x6 <- 0x0000000000000000
mem[X,0x00000000800002D4] -> 0x006F
mem[X,0x00000000800002D6] -> 0x00C0
[136] [M]: 0x00000000800002D4 (0x00C0006F) jal zero, 0xc
mem[X,0x00000000800002E0] -> 0x1663
mem[X,0x00000000800002E2] -> 0x00E5
[137] [M]: 0x00000000800002E0 (0x00E51663) bne a0, a4, 0xc
mem[X,0x00000000800002EC] -> 0x0313
mem[X,0x00000000800002EE] -> 0x0033
[138] [M]: 0x00000000800002EC (0x00330313) addi t1, t1, 0x3
x6 <- 0x0000000000000003
mem[X,0x00000000800002F0] -> 0x006F
mem[X,0x00000000800002F2] -> 0x0040
[139] [M]: 0x00000000800002F0 (0x0040006F) jal zero, 0x4
mem[X,0x00000000800002F4] -> 0x3823
mem[X,0x00000000800002F6] -> 0x0066
[140] [M]: 0x00000000800002F4 (0x00663823) sd t1, 0x10(a2)
mem[0x0000000080045128] <- 0x0000000000000003
mem[X,0x00000000800002F8] -> 0xBAB7
mem[X,0x00000000800002FA] -> 0xAAAA
[141] [M]: 0x00000000800002F8 (0xAAAABAB7) lui s5, -0x55555
x21 <- 0xFFFFFFFFAAAAB000
mem[X,0x00000000800002FC] -> 0x8A93
mem[X,0x00000000800002FE] -> 0xAAAA
[142] [M]: 0x00000000800002FC (0xAAAA8A93) addi s5, s5, -0x556
x21 <- 0xFFFFFFFFAAAAAAAA
mem[X,0x0000000080000300] -> 0x9A93
mem[X,0x0000000080000302] -> 0x00BA
[143] [M]: 0x0000000080000300 (0x00BA9A93) slli s5, s5, 0xb
x21 <- 0xFFFFFD5555555000
mem[X,0x0000000080000304] -> 0x8A93
mem[X,0x0000000080000306] -> 0x555A
[144] [M]: 0x0000000080000304 (0x555A8A93) addi s5, s5, 0x555
x21 <- 0xFFFFFD5555555555
mem[X,0x0000000080000308] -> 0x9A93
mem[X,0x000000008000030A] -> 0x00BA
[145] [M]: 0x0000000080000308 (0x00BA9A93) slli s5, s5, 0xb
x21 <- 0xFFEAAAAAAAAAA800
mem[X,0x000000008000030C] -> 0x8A93
mem[X,0x000000008000030E] -> 0x2AAA
[146] [M]: 0x000000008000030C (0x2AAA8A93) addi s5, s5, 0x2aa
x21 <- 0xFFEAAAAAAAAAAAAA
mem[X,0x0000000080000310] -> 0x9A93
mem[X,0x0000000080000312] -> 0x00AA
[147] [M]: 0x0000000080000310 (0x00AA9A93) slli s5, s5, 0xa
x21 <- 0xAAAAAAAAAAAAA800
mem[X,0x0000000080000314] -> 0x8A93
mem[X,0x0000000080000316] -> 0x2AAA
[148] [M]: 0x0000000080000314 (0x2AAA8A93) addi s5, s5, 0x2aa
x21 <- 0xAAAAAAAAAAAAAAAA
mem[X,0x0000000080000318] -> 0x0C93
mem[X,0x000000008000031A] -> 0x0010
[149] [M]: 0x0000000080000318 (0x00100C93) addi s9, zero, 0x1
x25 <- 0x0000000000000001
mem[X,0x000000008000031C] -> 0x9C93
mem[X,0x000000008000031E] -> 0x026C
[150] [M]: 0x000000008000031C (0x026C9C93) slli s9, s9, 0x26
x25 <- 0x0000004000000000
mem[X,0x0000000080000320] -> 0x0313
mem[X,0x0000000080000322] -> 0x0000
[151] [M]: 0x0000000080000320 (0x00000313) addi t1, zero, 0x0
x6 <- 0x0000000000000000
mem[X,0x0000000080000324] -> 0x006F
mem[X,0x0000000080000326] -> 0x00C0
[152] [M]: 0x0000000080000324 (0x00C0006F) jal zero, 0xc
mem[X,0x0000000080000330] -> 0x9863
mem[X,0x0000000080000332] -> 0x019A
[153] [M]: 0x0000000080000330 (0x019A9863) bne s5, s9, 0x10
mem[X,0x0000000080000340] -> 0x0313
mem[X,0x0000000080000342] -> 0x0033
[154] [M]: 0x0000000080000340 (0x00330313) addi t1, t1, 0x3
x6 <- 0x0000000000000003
mem[X,0x0000000080000344] -> 0x006F
mem[X,0x0000000080000346] -> 0x0040
[155] [M]: 0x0000000080000344 (0x0040006F) jal zero, 0x4
mem[X,0x0000000080000348] -> 0x3C23
mem[X,0x000000008000034A] -> 0x0066
[156] [M]: 0x0000000080000348 (0x00663C23) sd t1, 0x18(a2)
mem[0x0000000080045130] <- 0x0000000000000003
mem[X,0x000000008000034C] -> 0x0093
mem[X,0x000000008000034E] -> 0x0010
[157] [M]: 0x000000008000034C (0x00100093) addi ra, zero, 0x1
x1 <- 0x0000000000000001
mem[X,0x0000000080000350] -> 0x9093
mem[X,0x0000000080000352] -> 0x02B0
[158] [M]: 0x0000000080000350 (0x02B09093) slli ra, ra, 0x2b
x1 <- 0x0000080000000000
mem[X,0x0000000080000354] -> 0xC093
mem[X,0x0000000080000356] -> 0xFFF0
[159] [M]: 0x0000000080000354 (0xFFF0C093) xori ra, ra, -0x1
x1 <- 0xFFFFF7FFFFFFFFFF
mem[X,0x0000000080000358] -> 0x0C13
mem[X,0x000000008000035A] -> 0x0010
[160] [M]: 0x0000000080000358 (0x00100C13) addi s8, zero, 0x1
x24 <- 0x0000000000000001
mem[X,0x000000008000035C] -> 0x1C13
mem[X,0x000000008000035E] -> 0x02BC
[161] [M]: 0x000000008000035C (0x02BC1C13) slli s8, s8, 0x2b
x24 <- 0x0000080000000000
mem[X,0x0000000080000360] -> 0x4C13
mem[X,0x0000000080000362] -> 0xFFFC
[162] [M]: 0x0000000080000360 (0xFFFC4C13) xori s8, s8, -0x1
x24 <- 0xFFFFF7FFFFFFFFFF
mem[X,0x0000000080000364] -> 0x0313
mem[X,0x0000000080000366] -> 0x0000
[163] [M]: 0x0000000080000364 (0x00000313) addi t1, zero, 0x0
x6 <- 0x0000000000000000
mem[X,0x0000000080000368] -> 0x006F
mem[X,0x000000008000036A] -> 0x00C0
[164] [M]: 0x0000000080000368 (0x00C0006F) jal zero, 0xc
mem[X,0x0000000080000374] -> 0x9663
mem[X,0x0000000080000376] -> 0x0180
[165] [M]: 0x0000000080000374 (0x01809663) bne ra, s8, 0xc
mem[X,0x0000000080000378] -> 0x0313
mem[X,0x000000008000037A] -> 0x0023
[166] [M]: 0x0000000080000378 (0x00230313) addi t1, t1, 0x2
x6 <- 0x0000000000000002
mem[X,0x000000008000037C] -> 0x006F
mem[X,0x000000008000037E] -> 0x00C0
[167] [M]: 0x000000008000037C (0x00C0006F) jal zero, 0xc
mem[X,0x0000000080000388] -> 0x3023
mem[X,0x000000008000038A] -> 0x0266
[168] [M]: 0x0000000080000388 (0x02663023) sd t1, 0x20(a2)
mem[0x0000000080045138] <- 0x0000000000000002
mem[X,0x000000008000038C] -> 0x0913
mem[X,0x000000008000038E] -> 0x0010
[169] [M]: 0x000000008000038C (0x00100913) addi s2, zero, 0x1
x18 <- 0x0000000000000001
mem[X,0x0000000080000390] -> 0x1913
mem[X,0x0000000080000392] -> 0x02E9
[170] [M]: 0x0000000080000390 (0x02E91913) slli s2, s2, 0x2e
x18 <- 0x0000400000000000
mem[X,0x0000000080000394] -> 0x0493
mem[X,0x0000000080000396] -> 0x0010
[171] [M]: 0x0000000080000394 (0x00100493) addi s1, zero, 0x1
x9 <- 0x0000000000000001
mem[X,0x0000000080000398] -> 0x9493
mem[X,0x000000008000039A] -> 0x02E4
[172] [M]: 0x0000000080000398 (0x02E49493) slli s1, s1, 0x2e
x9 <- 0x0000400000000000
mem[X,0x000000008000039C] -> 0x0313
mem[X,0x000000008000039E] -> 0x0000
[173] [M]: 0x000000008000039C (0x00000313) addi t1, zero, 0x0
x6 <- 0x0000000000000000
mem[X,0x00000000800003A0] -> 0x006F
mem[X,0x00000000800003A2] -> 0x00C0
[174] [M]: 0x00000000800003A0 (0x00C0006F) jal zero, 0xc
mem[X,0x00000000800003AC] -> 0x1CE3
mem[X,0x00000000800003AE] -> 0xFE99
[175] [M]: 0x00000000800003AC (0xFE991CE3) bne s2, s1, -0x8
mem[X,0x00000000800003B0] -> 0x0313
mem[X,0x00000000800003B2] -> 0x0023
[176] [M]: 0x00000000800003B0 (0x00230313) addi t1, t1, 0x2
x6 <- 0x0000000000000002
mem[X,0x00000000800003B4] -> 0x006F
mem[X,0x00000000800003B6] -> 0x00C0
[177] [M]: 0x00000000800003B4 (0x00C0006F) jal zero, 0xc
mem[X,0x00000000800003C0] -> 0x3423
mem[X,0x00000000800003C2] -> 0x0266
[178] [M]: 0x00000000800003C0 (0x02663423) sd t1, 0x28(a2)
mem[0x0000000080045140] <- 0x0000000000000002
mem[X,0x00000000800003C4] -> 0x6D37
mem[X,0x00000000800003C6] -> 0x6666
[179] [M]: 0x00000000800003C4 (0x66666D37) lui s10, 0x66666
x26 <- 0x0000000066666000
mem[X,0x00000000800003C8] -> 0x0D13
mem[X,0x00000000800003CA] -> 0x666D
[180] [M]: 0x00000000800003C8 (0x666D0D13) addi s10, s10, 0x666
x26 <- 0x0000000066666666
mem[X,0x00000000800003CC] -> 0x1D13
mem[X,0x00000000800003CE] -> 0x00BD
[181] [M]: 0x00000000800003CC (0x00BD1D13) slli s10, s10, 0xb
x26 <- 0x0000033333333000
mem[X,0x00000000800003D0] -> 0x0D13
mem[X,0x00000000800003D2] -> 0x333D
[182] [M]: 0x00000000800003D0 (0x333D0D13) addi s10, s10, 0x333
x26 <- 0x0000033333333333
mem[X,0x00000000800003D4] -> 0x1D13
mem[X,0x00000000800003D6] -> 0x00BD
[183] [M]: 0x00000000800003D4 (0x00BD1D13) slli s10, s10, 0xb
x26 <- 0x0019999999999800
mem[X,0x00000000800003D8] -> 0x0D13
mem[X,0x00000000800003DA] -> 0x199D
[184] [M]: 0x00000000800003D8 (0x199D0D13) addi s10, s10, 0x199
x26 <- 0x0019999999999999
mem[X,0x00000000800003DC] -> 0x1D13
mem[X,0x00000000800003DE] -> 0x00AD
[185] [M]: 0x00000000800003DC (0x00AD1D13) slli s10, s10, 0xa
x26 <- 0x6666666666666400
mem[X,0x00000000800003E0] -> 0x0D13
mem[X,0x00000000800003E2] -> 0x265D
[186] [M]: 0x00000000800003E0 (0x265D0D13) addi s10, s10, 0x265
x26 <- 0x6666666666666665
mem[X,0x00000000800003E4] -> 0x58B7
mem[X,0x00000000800003E6] -> 0x5555
[187] [M]: 0x00000000800003E4 (0x555558B7) lui a7, 0x55555
x17 <- 0x0000000055555000
mem[X,0x00000000800003E8] -> 0x8893
mem[X,0x00000000800003EA] -> 0x5558
[188] [M]: 0x00000000800003E8 (0x55588893) addi a7, a7, 0x555
x17 <- 0x0000000055555555
mem[X,0x00000000800003EC] -> 0x9893
mem[X,0x00000000800003EE] -> 0x00B8
[189] [M]: 0x00000000800003EC (0x00B89893) slli a7, a7, 0xb
x17 <- 0x000002AAAAAAA800
mem[X,0x00000000800003F0] -> 0x8893
mem[X,0x00000000800003F2] -> 0x2AA8
[190] [M]: 0x00000000800003F0 (0x2AA88893) addi a7, a7, 0x2aa
x17 <- 0x000002AAAAAAAAAA
mem[X,0x00000000800003F4] -> 0x9893
mem[X,0x00000000800003F6] -> 0x00B8
[191] [M]: 0x00000000800003F4 (0x00B89893) slli a7, a7, 0xb
x17 <- 0x0015555555555000
mem[X,0x00000000800003F8] -> 0x8893
mem[X,0x00000000800003FA] -> 0x5558
[192] [M]: 0x00000000800003F8 (0x55588893) addi a7, a7, 0x555
x17 <- 0x0015555555555555
mem[X,0x00000000800003FC] -> 0x9893
mem[X,0x00000000800003FE] -> 0x00A8
[193] [M]: 0x00000000800003FC (0x00A89893) slli a7, a7, 0xa
x17 <- 0x5555555555555400
mem[X,0x0000000080000400] -> 0x8893
mem[X,0x0000000080000402] -> 0x1548
[194] [M]: 0x0000000080000400 (0x15488893) addi a7, a7, 0x154
x17 <- 0x5555555555555554
mem[X,0x0000000080000404] -> 0x0313
mem[X,0x0000000080000406] -> 0x0000
[195] [M]: 0x0000000080000404 (0x00000313) addi t1, zero, 0x0
x6 <- 0x0000000000000000
mem[X,0x0000000080000408] -> 0x006F
mem[X,0x000000008000040A] -> 0x00C0
[196] [M]: 0x0000000080000408 (0x00C0006F) jal zero, 0xc
mem[X,0x0000000080000414] -> 0x1CE3
mem[X,0x0000000080000416] -> 0xFF1D
[197] [M]: 0x0000000080000414 (0xFF1D1CE3) bne s10, a7, -0x8
mem[X,0x000000008000040C] -> 0x0313
mem[X,0x000000008000040E] -> 0x0013
[198] [M]: 0x000000008000040C (0x00130313) addi t1, t1, 0x1
x6 <- 0x0000000000000001
mem[X,0x0000000080000410] -> 0x006F
mem[X,0x0000000080000412] -> 0x0180
[199] [M]: 0x0000000080000410 (0x0180006F) jal zero, 0x18
clint::tick mtime <- 0x0000000000000002
 clint timer pending at mtime 0x0000000000000002
htif::tick 0x0000000000000000
mem[X,0x0000000080000428] -> 0x3823
mem[X,0x000000008000042A] -> 0x0266
[200] [M]: 0x0000000080000428 (0x02663823) sd t1, 0x30(a2)
mem[0x0000000080045148] <- 0x0000000000000001
mem[X,0x000000008000042C] -> 0x0393
mem[X,0x000000008000042E] -> 0x0060
[201] [M]: 0x000000008000042C (0x00600393) addi t2, zero, 0x6
x7 <- 0x0000000000000006
mem[X,0x0000000080000430] -> 0x0013
mem[X,0x0000000080000432] -> 0x0000
[202] [M]: 0x0000000080000430 (0x00000013) addi zero, zero, 0x0
mem[X,0x0000000080000434] -> 0x0313
mem[X,0x0000000080000436] -> 0x0000
[203] [M]: 0x0000000080000434 (0x00000313) addi t1, zero, 0x0
x6 <- 0x0000000000000000
mem[X,0x0000000080000438] -> 0x006F
mem[X,0x000000008000043A] -> 0x00C0
[204] [M]: 0x0000000080000438 (0x00C0006F) jal zero, 0xc
mem[X,0x0000000080000444] -> 0x9CE3
mem[X,0x0000000080000446] -> 0xFE03
[205] [M]: 0x0000000080000444 (0xFE039CE3) bne t2, zero, -0x8
mem[X,0x000000008000043C] -> 0x0313
mem[X,0x000000008000043E] -> 0x0013
[206] [M]: 0x000000008000043C (0x00130313) addi t1, t1, 0x1
x6 <- 0x0000000000000001
mem[X,0x0000000080000440] -> 0x006F
mem[X,0x0000000080000442] -> 0x0180
[207] [M]: 0x0000000080000440 (0x0180006F) jal zero, 0x18
mem[X,0x0000000080000458] -> 0x3C23
mem[X,0x000000008000045A] -> 0x0266
[208] [M]: 0x0000000080000458 (0x02663C23) sd t1, 0x38(a2)
mem[0x0000000080045150] <- 0x0000000000000001
mem[X,0x000000008000045C] -> 0x67B7
mem[X,0x000000008000045E] -> 0x6666
[209] [M]: 0x000000008000045C (0x666667B7) lui a5, 0x66666
x15 <- 0x0000000066666000
mem[X,0x0000000080000460] -> 0x8793
mem[X,0x0000000080000462] -> 0x6667
[210] [M]: 0x0000000080000460 (0x66678793) addi a5, a5, 0x666
x15 <- 0x0000000066666666
mem[X,0x0000000080000464] -> 0x9793
mem[X,0x0000000080000466] -> 0x00B7
[211] [M]: 0x0000000080000464 (0x00B79793) slli a5, a5, 0xb
x15 <- 0x0000033333333000
mem[X,0x0000000080000468] -> 0x8793
mem[X,0x000000008000046A] -> 0x3337
[212] [M]: 0x0000000080000468 (0x33378793) addi a5, a5, 0x333
x15 <- 0x0000033333333333
mem[X,0x000000008000046C] -> 0x9793
mem[X,0x000000008000046E] -> 0x00B7
[213] [M]: 0x000000008000046C (0x00B79793) slli a5, a5, 0xb
x15 <- 0x0019999999999800
mem[X,0x0000000080000470] -> 0x8793
mem[X,0x0000000080000472] -> 0x1997
[214] [M]: 0x0000000080000470 (0x19978793) addi a5, a5, 0x199
x15 <- 0x0019999999999999
mem[X,0x0000000080000474] -> 0x9793
mem[X,0x0000000080000476] -> 0x00A7
[215] [M]: 0x0000000080000474 (0x00A79793) slli a5, a5, 0xa
x15 <- 0x6666666666666400
mem[X,0x0000000080000478] -> 0x8793
mem[X,0x000000008000047A] -> 0x2677
[216] [M]: 0x0000000080000478 (0x26778793) addi a5, a5, 0x267
x15 <- 0x6666666666666667
mem[X,0x000000008000047C] -> 0x0B13
mem[X,0x000000008000047E] -> 0x0010
[217] [M]: 0x000000008000047C (0x00100B13) addi s6, zero, 0x1
x22 <- 0x0000000000000001
mem[X,0x0000000080000480] -> 0x0313
mem[X,0x0000000080000482] -> 0x0000
[218] [M]: 0x0000000080000480 (0x00000313) addi t1, zero, 0x0
x6 <- 0x0000000000000000
mem[X,0x0000000080000484] -> 0x006F
mem[X,0x0000000080000486] -> 0x00C0
[219] [M]: 0x0000000080000484 (0x00C0006F) jal zero, 0xc
mem[X,0x0000000080000490] -> 0x9063
mem[X,0x0000000080000492] -> 0x1167
[220] [M]: 0x0000000080000490 (0x11679063) bne a5, s6, 0x100
mem[X,0x0000000080000590] -> 0x0313
mem[X,0x0000000080000592] -> 0x0033
[221] [M]: 0x0000000080000590 (0x00330313) addi t1, t1, 0x3
x6 <- 0x0000000000000003
mem[X,0x0000000080000594] -> 0x006F
mem[X,0x0000000080000596] -> 0x0040
[222] [M]: 0x0000000080000594 (0x0040006F) jal zero, 0x4
mem[X,0x0000000080000598] -> 0x3023
mem[X,0x000000008000059A] -> 0x0466
[223] [M]: 0x0000000080000598 (0x04663023) sd t1, 0x40(a2)
mem[0x0000000080045158] <- 0x0000000000000003
mem[X,0x000000008000059C] -> 0x0013
mem[X,0x000000008000059E] -> 0x0000
[224] [M]: 0x000000008000059C (0x00000013) addi zero, zero, 0x0
mem[X,0x00000000800005A0] -> 0x0413
mem[X,0x00000000800005A2] -> 0x0020
[225] [M]: 0x00000000800005A0 (0x00200413) addi fp, zero, 0x2
x8 <- 0x0000000000000002
mem[X,0x00000000800005A4] -> 0x0313
mem[X,0x00000000800005A6] -> 0x0000
[226] [M]: 0x00000000800005A4 (0x00000313) addi t1, zero, 0x0
x6 <- 0x0000000000000000
mem[X,0x00000000800005A8] -> 0x006F
mem[X,0x00000000800005AA] -> 0x00C0
[227] [M]: 0x00000000800005A8 (0x00C0006F) jal zero, 0xc
mem[X,0x00000000800005B4] -> 0x1063
mem[X,0x00000000800005B6] -> 0x0280
[228] [M]: 0x00000000800005B4 (0x02801063) bne zero, fp, 0x20
mem[X,0x00000000800005D4] -> 0x0313
mem[X,0x00000000800005D6] -> 0x0033
[229] [M]: 0x00000000800005D4 (0x00330313) addi t1, t1, 0x3
x6 <- 0x0000000000000003
mem[X,0x00000000800005D8] -> 0x006F
mem[X,0x00000000800005DA] -> 0x0040
[230] [M]: 0x00000000800005D8 (0x0040006F) jal zero, 0x4
mem[X,0x00000000800005DC] -> 0x3423
mem[X,0x00000000800005DE] -> 0x0466
[231] [M]: 0x00000000800005DC (0x04663423) sd t1, 0x48(a2)
mem[0x0000000080045160] <- 0x0000000000000003
mem[X,0x00000000800005E0] -> 0x0993
mem[X,0x00000000800005E2] -> 0x0010
[232] [M]: 0x00000000800005E0 (0x00100993) addi s3, zero, 0x1
x19 <- 0x0000000000000001
mem[X,0x00000000800005E4] -> 0x9993
mem[X,0x00000000800005E6] -> 0x0169
[233] [M]: 0x00000000800005E4 (0x01699993) slli s3, s3, 0x16
x19 <- 0x0000000000400000
mem[X,0x00000000800005E8] -> 0x0293
mem[X,0x00000000800005EA] -> 0x0040
[234] [M]: 0x00000000800005E8 (0x00400293) addi t0, zero, 0x4
x5 <- 0x0000000000000004
mem[X,0x00000000800005EC] -> 0x0313
mem[X,0x00000000800005EE] -> 0x0000
[235] [M]: 0x00000000800005EC (0x00000313) addi t1, zero, 0x0
x6 <- 0x0000000000000000
mem[X,0x00000000800005F0] -> 0x006F
mem[X,0x00000000800005F2] -> 0x00C0
[236] [M]: 0x00000000800005F0 (0x00C0006F) jal zero, 0xc
mem[X,0x00000000800005FC] -> 0x9063
mem[X,0x00000000800005FE] -> 0x4059
[237] [M]: 0x00000000800005FC (0x40599063) bne s3, t0, 0x400
mem[X,0x00000000800009FC] -> 0x0313
mem[X,0x00000000800009FE] -> 0x0033
[238] [M]: 0x00000000800009FC (0x00330313) addi t1, t1, 0x3
x6 <- 0x0000000000000003
mem[X,0x0000000080000A00] -> 0x006F
mem[X,0x0000000080000A02] -> 0x0040
[239] [M]: 0x0000000080000A00 (0x0040006F) jal zero, 0x4
mem[X,0x0000000080000A04] -> 0x3823
mem[X,0x0000000080000A06] -> 0x0466
[240] [M]: 0x0000000080000A04 (0x04663823) sd t1, 0x50(a2)
mem[0x0000000080045168] <- 0x0000000000000003
mem[X,0x0000000080000A08] -> 0x0B13
mem[X,0x0000000080000A0A] -> 0x0010
[241] [M]: 0x0000000080000A08 (0x00100B13) addi s6, zero, 0x1
x22 <- 0x0000000000000001
mem[X,0x0000000080000A0C] -> 0x1B13
mem[X,0x0000000080000A0E] -> 0x035B
[242] [M]: 0x0000000080000A0C (0x035B1B13) slli s6, s6, 0x35
x22 <- 0x0020000000000000
mem[X,0x0000000080000A10] -> 0x4B13
mem[X,0x0000000080000A12] -> 0xFFFB
[243] [M]: 0x0000000080000A10 (0xFFFB4B13) xori s6, s6, -0x1
x22 <- 0xFFDFFFFFFFFFFFFF
mem[X,0x0000000080000A14] -> 0x0213
mem[X,0x0000000080000A16] -> 0x0080
[244] [M]: 0x0000000080000A14 (0x00800213) addi tp, zero, 0x8
x4 <- 0x0000000000000008
mem[X,0x0000000080000A18] -> 0x0313
mem[X,0x0000000080000A1A] -> 0x0000
[245] [M]: 0x0000000080000A18 (0x00000313) addi t1, zero, 0x0
x6 <- 0x0000000000000000
mem[X,0x0000000080000A1C] -> 0x006F
mem[X,0x0000000080000A1E] -> 0x00C0
[246] [M]: 0x0000000080000A1C (0x00C0006F) jal zero, 0xc
mem[X,0x0000000080000A28] -> 0x1663
mem[X,0x0000000080000A2A] -> 0x004B
[247] [M]: 0x0000000080000A28 (0x004B1663) bne s6, tp, 0xc
mem[X,0x0000000080000A34] -> 0x0313
mem[X,0x0000000080000A36] -> 0x0033
[248] [M]: 0x0000000080000A34 (0x00330313) addi t1, t1, 0x3
x6 <- 0x0000000000000003
mem[X,0x0000000080000A38] -> 0x006F
mem[X,0x0000000080000A3A] -> 0x0040
[249] [M]: 0x0000000080000A38 (0x0040006F) jal zero, 0x4
mem[X,0x0000000080000A3C] -> 0x3C23
mem[X,0x0000000080000A3E] -> 0x0466
[250] [M]: 0x0000000080000A3C (0x04663C23) sd t1, 0x58(a2)
mem[0x0000000080045170] <- 0x0000000000000003
mem[X,0x0000000080000A40] -> 0x0113
mem[X,0x0000000080000A42] -> 0x0010
[251] [M]: 0x0000000080000A40 (0x00100113) addi sp, zero, 0x1
x2 <- 0x0000000000000001
mem[X,0x0000000080000A44] -> 0x1113
mem[X,0x0000000080000A46] -> 0x0271
[252] [M]: 0x0000000080000A44 (0x02711113) slli sp, sp, 0x27
x2 <- 0x0000008000000000
mem[X,0x0000000080000A48] -> 0x4113
mem[X,0x0000000080000A4A] -> 0xFFF1
[253] [M]: 0x0000000080000A48 (0xFFF14113) xori sp, sp, -0x1
x2 <- 0xFFFFFF7FFFFFFFFF
mem[X,0x0000000080000A4C] -> 0x0B93
mem[X,0x0000000080000A4E] -> 0x0100
[254] [M]: 0x0000000080000A4C (0x01000B93) addi s7, zero, 0x10
x23 <- 0x0000000000000010
mem[X,0x0000000080000A50] -> 0x0313
mem[X,0x0000000080000A52] -> 0x0000
[255] [M]: 0x0000000080000A50 (0x00000313) addi t1, zero, 0x0
x6 <- 0x0000000000000000
mem[X,0x0000000080000A54] -> 0x006F
mem[X,0x0000000080000A56] -> 0x00C0
[256] [M]: 0x0000000080000A54 (0x00C0006F) jal zero, 0xc
mem[X,0x0000000080000A60] -> 0x1863
mem[X,0x0000000080000A62] -> 0x0171
[257] [M]: 0x0000000080000A60 (0x01711863) bne sp, s7, 0x10
mem[X,0x0000000080000A70] -> 0x0313
mem[X,0x0000000080000A72] -> 0x0033
[258] [M]: 0x0000000080000A70 (0x00330313) addi t1, t1, 0x3
x6 <- 0x0000000000000003
mem[X,0x0000000080000A74] -> 0x006F
mem[X,0x0000000080000A76] -> 0x0040
[259] [M]: 0x0000000080000A74 (0x0040006F) jal zero, 0x4
mem[X,0x0000000080000A78] -> 0x3023
mem[X,0x0000000080000A7A] -> 0x0666
[260] [M]: 0x0000000080000A78 (0x06663023) sd t1, 0x60(a2)
mem[0x0000000080045178] <- 0x0000000000000003
mem[X,0x0000000080000A7C] -> 0x0C13
mem[X,0x0000000080000A7E] -> 0x0010
[261] [M]: 0x0000000080000A7C (0x00100C13) addi s8, zero, 0x1
x24 <- 0x0000000000000001
mem[X,0x0000000080000A80] -> 0x1C13
mem[X,0x0000000080000A82] -> 0x014C
[262] [M]: 0x0000000080000A80 (0x014C1C13) slli s8, s8, 0x14
x24 <- 0x0000000000100000
mem[X,0x0000000080000A84] -> 0x4C13
mem[X,0x0000000080000A86] -> 0xFFFC
[263] [M]: 0x0000000080000A84 (0xFFFC4C13) xori s8, s8, -0x1
x24 <- 0xFFFFFFFFFFEFFFFF
mem[X,0x0000000080000A88] -> 0x0793
mem[X,0x0000000080000A8A] -> 0x0200
[264] [M]: 0x0000000080000A88 (0x02000793) addi a5, zero, 0x20
x15 <- 0x0000000000000020
mem[X,0x0000000080000A8C] -> 0x0313
mem[X,0x0000000080000A8E] -> 0x0000
[265] [M]: 0x0000000080000A8C (0x00000313) addi t1, zero, 0x0
x6 <- 0x0000000000000000
mem[X,0x0000000080000A90] -> 0x006F
mem[X,0x0000000080000A92] -> 0x00C0
[266] [M]: 0x0000000080000A90 (0x00C0006F) jal zero, 0xc
mem[X,0x0000000080000A9C] -> 0x1063
mem[X,0x0000000080000A9E] -> 0x40FC
[267] [M]: 0x0000000080000A9C (0x40FC1063) bne s8, a5, 0x400
mem[X,0x0000000080000E9C] -> 0x0313
mem[X,0x0000000080000E9E] -> 0x0033
[268] [M]: 0x0000000080000E9C (0x00330313) addi t1, t1, 0x3
x6 <- 0x0000000000000003
mem[X,0x0000000080000EA0] -> 0x006F
mem[X,0x0000000080000EA2] -> 0x0040
[269] [M]: 0x0000000080000EA0 (0x0040006F) jal zero, 0x4
mem[X,0x0000000080000EA4] -> 0x3423
mem[X,0x0000000080000EA6] -> 0x0666
[270] [M]: 0x0000000080000EA4 (0x06663423) sd t1, 0x68(a2)
mem[0x0000000080045180] <- 0x0000000000000003
mem[X,0x0000000080000EA8] -> 0x0E93
mem[X,0x0000000080000EAA] -> 0x0060
[271] [M]: 0x0000000080000EA8 (0x00600E93) addi t4, zero, 0x6
x29 <- 0x0000000000000006
mem[X,0x0000000080000EAC] -> 0x0F13
mem[X,0x0000000080000EAE] -> 0x0400
[272] [M]: 0x0000000080000EAC (0x04000F13) addi t5, zero, 0x40
x30 <- 0x0000000000000040
mem[X,0x0000000080000EB0] -> 0x0313
mem[X,0x0000000080000EB2] -> 0x0000
[273] [M]: 0x0000000080000EB0 (0x00000313) addi t1, zero, 0x0
x6 <- 0x0000000000000000
mem[X,0x0000000080000EB4] -> 0x006F
mem[X,0x0000000080000EB6] -> 0x00C0
[274] [M]: 0x0000000080000EB4 (0x00C0006F) jal zero, 0xc
mem[X,0x0000000080000EC0] -> 0x9663
mem[X,0x0000000080000EC2] -> 0x01EE
[275] [M]: 0x0000000080000EC0 (0x01EE9663) bne t4, t5, 0xc
mem[X,0x0000000080000ECC] -> 0x0313
mem[X,0x0000000080000ECE] -> 0x0033
[276] [M]: 0x0000000080000ECC (0x00330313) addi t1, t1, 0x3
x6 <- 0x0000000000000003
mem[X,0x0000000080000ED0] -> 0x006F
mem[X,0x0000000080000ED2] -> 0x0040
[277] [M]: 0x0000000080000ED0 (0x0040006F) jal zero, 0x4
mem[X,0x0000000080000ED4] -> 0x3823
mem[X,0x0000000080000ED6] -> 0x0666
[278] [M]: 0x0000000080000ED4 (0x06663823) sd t1, 0x70(a2)
mem[0x0000000080045188] <- 0x0000000000000003
mem[X,0x0000000080000ED8] -> 0x0E37
mem[X,0x0000000080000EDA] -> 0x0000
[279] [M]: 0x0000000080000ED8 (0x00000E37) lui t3, 0x0
x28 <- 0x0000000000000000
mem[X,0x0000000080000EDC] -> 0x0E13
mem[X,0x0000000080000EDE] -> 0xFFFE
[280] [M]: 0x0000000080000EDC (0xFFFE0E13) addi t3, t3, -0x1
x28 <- 0xFFFFFFFFFFFFFFFF
mem[X,0x0000000080000EE0] -> 0x1E13
mem[X,0x0000000080000EE2] -> 0x00BE
[281] [M]: 0x0000000080000EE0 (0x00BE1E13) slli t3, t3, 0xb
x28 <- 0xFFFFFFFFFFFFF800
mem[X,0x0000000080000EE4] -> 0x0E13
mem[X,0x0000000080000EE6] -> 0x257E
[282] [M]: 0x0000000080000EE4 (0x257E0E13) addi t3, t3, 0x257
x28 <- 0xFFFFFFFFFFFFFA57
mem[X,0x0000000080000EE8] -> 0x1E13
mem[X,0x0000000080000EEA] -> 0x00BE
[283] [M]: 0x0000000080000EE8 (0x00BE1E13) slli t3, t3, 0xb
x28 <- 0xFFFFFFFFFFD2B800
mem[X,0x0000000080000EEC] -> 0x0E13
mem[X,0x0000000080000EEE] -> 0x6C3E
[284] [M]: 0x0000000080000EEC (0x6C3E0E13) addi t3, t3, 0x6c3
x28 <- 0xFFFFFFFFFFD2BEC3
mem[X,0x0000000080000EF0] -> 0x1E13
mem[X,0x0000000080000EF2] -> 0x00AE
[285] [M]: 0x0000000080000EF0 (0x00AE1E13) slli t3, t3, 0xa
x28 <- 0xFFFFFFFF4AFB0C00
mem[X,0x0000000080000EF4] -> 0x0E13
mem[X,0x0000000080000EF6] -> 0x0CDE
[286] [M]: 0x0000000080000EF4 (0x0CDE0E13) addi t3, t3, 0xcd
x28 <- 0xFFFFFFFF4AFB0CCD
mem[X,0x0000000080000EF8] -> 0x0093
mem[X,0x0000000080000EFA] -> 0x0800
[287] [M]: 0x0000000080000EF8 (0x08000093) addi ra, zero, 0x80
x1 <- 0x0000000000000080
mem[X,0x0000000080000EFC] -> 0x0313
mem[X,0x0000000080000EFE] -> 0x0000
[288] [M]: 0x0000000080000EFC (0x00000313) addi t1, zero, 0x0
x6 <- 0x0000000000000000
mem[X,0x0000000080000F00] -> 0x006F
mem[X,0x0000000080000F02] -> 0x0050
[289] [M]: 0x0000000080000F00 (0x0050006F) jal zero, 0x804
mem[X,0x0000000080001704] -> 0x10E3
mem[X,0x0000000080001706] -> 0x801E
[290] [M]: 0x0000000080001704 (0x801E10E3) bne t3, ra, -0x800
mem[X,0x0000000080000F04] -> 0x0313
mem[X,0x0000000080000F06] -> 0x0013
[291] [M]: 0x0000000080000F04 (0x00130313) addi t1, t1, 0x1
x6 <- 0x0000000000000001
mem[X,0x0000000080000F08] -> 0x006F
mem[X,0x0000000080000F0A] -> 0x0110
[292] [M]: 0x0000000080000F08 (0x0110006F) jal zero, 0x810
mem[X,0x0000000080001718] -> 0x3C23
mem[X,0x000000008000171A] -> 0x0666
[293] [M]: 0x0000000080001718 (0x06663C23) sd t1, 0x78(a2)
mem[0x0000000080045190] <- 0x0000000000000001
mem[X,0x000000008000171C] -> 0x0D93
mem[X,0x000000008000171E] -> 0xFF80
[294] [M]: 0x000000008000171C (0xFF800D93) addi s11, zero, -0x8
x27 <- 0xFFFFFFFFFFFFFFF8
mem[X,0x0000000080001720] -> 0x0E93
mem[X,0x0000000080001722] -> 0x1000
[295] [M]: 0x0000000080001720 (0x10000E93) addi t4, zero, 0x100
x29 <- 0x0000000000000100
mem[X,0x0000000080001724] -> 0x0313
mem[X,0x0000000080001726] -> 0x0000
[296] [M]: 0x0000000080001724 (0x00000313) addi t1, zero, 0x0
x6 <- 0x0000000000000000
mem[X,0x0000000080001728] -> 0x006F
mem[X,0x000000008000172A] -> 0x00C0
[297] [M]: 0x0000000080001728 (0x00C0006F) jal zero, 0xc
mem[X,0x0000000080001734] -> 0x9663
mem[X,0x0000000080001736] -> 0x01DD
[298] [M]: 0x0000000080001734 (0x01DD9663) bne s11, t4, 0xc
mem[X,0x0000000080001740] -> 0x0313
mem[X,0x0000000080001742] -> 0x0033
[299] [M]: 0x0000000080001740 (0x00330313) addi t1, t1, 0x3
x6 <- 0x0000000000000003
clint::tick mtime <- 0x0000000000000003
 clint timer pending at mtime 0x0000000000000003
htif::tick 0x0000000000000000
mem[X,0x0000000080001744] -> 0x006F
mem[X,0x0000000080001746] -> 0x0040
[300] [M]: 0x0000000080001744 (0x0040006F) jal zero, 0x4
mem[X,0x0000000080001748] -> 0x3023
mem[X,0x000000008000174A] -> 0x0866
[301] [M]: 0x0000000080001748 (0x08663023) sd t1, 0x80(a2)
mem[0x0000000080045198] <- 0x0000000000000003
mem[X,0x000000008000174C] -> 0x0693
mem[X,0x000000008000174E] -> 0x0010
[302] [M]: 0x000000008000174C (0x00100693) addi a3, zero, 0x1
x13 <- 0x0000000000000001
mem[X,0x0000000080001750] -> 0x9693
mem[X,0x0000000080001752] -> 0x01D6
[303] [M]: 0x0000000080001750 (0x01D69693) slli a3, a3, 0x1d
x13 <- 0x0000000020000000
mem[X,0x0000000080001754] -> 0xC693
mem[X,0x0000000080001756] -> 0xFFF6
[304] [M]: 0x0000000080001754 (0xFFF6C693) xori a3, a3, -0x1
x13 <- 0xFFFFFFFFDFFFFFFF
mem[X,0x0000000080001758] -> 0x0393
mem[X,0x000000008000175A] -> 0x2000
[305] [M]: 0x0000000080001758 (0x20000393) addi t2, zero, 0x200
x7 <- 0x0000000000000200
mem[X,0x000000008000175C] -> 0x0313
mem[X,0x000000008000175E] -> 0x0000
[306] [M]: 0x000000008000175C (0x00000313) addi t1, zero, 0x0
x6 <- 0x0000000000000000
mem[X,0x0000000080001760] -> 0x006F
mem[X,0x0000000080001762] -> 0x00C0
[307] [M]: 0x0000000080001760 (0x00C0006F) jal zero, 0xc
mem[X,0x000000008000176C] -> 0x9663
mem[X,0x000000008000176E] -> 0x0076
[308] [M]: 0x000000008000176C (0x00769663) bne a3, t2, 0xc
mem[X,0x0000000080001778] -> 0x0313
mem[X,0x000000008000177A] -> 0x0033
[309] [M]: 0x0000000080001778 (0x00330313) addi t1, t1, 0x3
x6 <- 0x0000000000000003
mem[X,0x000000008000177C] -> 0x006F
mem[X,0x000000008000177E] -> 0x0040
[310] [M]: 0x000000008000177C (0x0040006F) jal zero, 0x4
mem[X,0x0000000080001780] -> 0x3423
mem[X,0x0000000080001782] -> 0x0866
[311] [M]: 0x0000000080001780 (0x08663423) sd t1, 0x88(a2)
mem[0x00000000800451A0] <- 0x0000000000000003
mem[X,0x0000000080001784] -> 0x0F13
mem[X,0x0000000080001786] -> 0x0010
[312] [M]: 0x0000000080001784 (0x00100F13) addi t5, zero, 0x1
x30 <- 0x0000000000000001
mem[X,0x0000000080001788] -> 0x1F13
mem[X,0x000000008000178A] -> 0x032F
[313] [M]: 0x0000000080001788 (0x032F1F13) slli t5, t5, 0x32
x30 <- 0x0004000000000000
mem[X,0x000000008000178C] -> 0x4F13
mem[X,0x000000008000178E] -> 0xFFFF
[314] [M]: 0x000000008000178C (0xFFFF4F13) xori t5, t5, -0x1
x30 <- 0xFFFBFFFFFFFFFFFF
mem[X,0x0000000080001790] -> 0x0113
mem[X,0x0000000080001792] -> 0x4000
[315] [M]: 0x0000000080001790 (0x40000113) addi sp, zero, 0x400
x2 <- 0x0000000000000400
mem[X,0x0000000080001794] -> 0x0313
mem[X,0x0000000080001796] -> 0x0000
[316] [M]: 0x0000000080001794 (0x00000313) addi t1, zero, 0x0
x6 <- 0x0000000000000000
mem[X,0x0000000080001798] -> 0x006F
mem[X,0x000000008000179A] -> 0x2B10
[317] [M]: 0x0000000080001798 (0x2B10006F) jal zero, 0xab0
mem[X,0x0000000080002248] -> 0x1A63
mem[X,0x000000008000224A] -> 0xD42F
[318] [M]: 0x0000000080002248 (0xD42F1A63) bne t5, sp, -0xaac
mem[X,0x000000008000179C] -> 0x0313
mem[X,0x000000008000179E] -> 0x0013
[319] [M]: 0x000000008000179C (0x00130313) addi t1, t1, 0x1
x6 <- 0x0000000000000001
mem[X,0x00000000800017A0] -> 0x006F
mem[X,0x00000000800017A2] -> 0x2BD0
[320] [M]: 0x00000000800017A0 (0x2BD0006F) jal zero, 0xabc
mem[X,0x000000008000225C] -> 0x3823
mem[X,0x000000008000225E] -> 0x0866
[321] [M]: 0x000000008000225C (0x08663823) sd t1, 0x90(a2)
mem[0x00000000800451A8] <- 0x0000000000000001
mem[X,0x0000000080002260] -> 0x0713
mem[X,0x0000000080002262] -> 0x0010
[322] [M]: 0x0000000080002260 (0x00100713) addi a4, zero, 0x1
x14 <- 0x0000000000000001
mem[X,0x0000000080002264] -> 0x1713
mem[X,0x0000000080002266] -> 0x0357
[323] [M]: 0x0000000080002264 (0x03571713) slli a4, a4, 0x35
x14 <- 0x0020000000000000
mem[X,0x0000000080002268] -> 0x4713
mem[X,0x000000008000226A] -> 0xFFF7
[324] [M]: 0x0000000080002268 (0xFFF74713) xori a4, a4, -0x1
x14 <- 0xFFDFFFFFFFFFFFFF
mem[X,0x000000008000226C] -> 0x0E13
mem[X,0x000000008000226E] -> 0x0010
[325] [M]: 0x000000008000226C (0x00100E13) addi t3, zero, 0x1
x28 <- 0x0000000000000001
mem[X,0x0000000080002270] -> 0x1E13
mem[X,0x0000000080002272] -> 0x00BE
[326] [M]: 0x0000000080002270 (0x00BE1E13) slli t3, t3, 0xb
x28 <- 0x0000000000000800
mem[X,0x0000000080002274] -> 0x0313
mem[X,0x0000000080002276] -> 0x0000
[327] [M]: 0x0000000080002274 (0x00000313) addi t1, zero, 0x0
x6 <- 0x0000000000000000
mem[X,0x0000000080002278] -> 0x006F
mem[X,0x000000008000227A] -> 0x00C0
[328] [M]: 0x0000000080002278 (0x00C0006F) jal zero, 0xc
mem[X,0x0000000080002284] -> 0x1063
mem[X,0x0000000080002286] -> 0x41C7
[329] [M]: 0x0000000080002284 (0x41C71063) bne a4, t3, 0x400
mem[X,0x0000000080002684] -> 0x0313
mem[X,0x0000000080002686] -> 0x0033
[330] [M]: 0x0000000080002684 (0x00330313) addi t1, t1, 0x3
x6 <- 0x0000000000000003
mem[X,0x0000000080002688] -> 0x006F
mem[X,0x000000008000268A] -> 0x0040
[331] [M]: 0x0000000080002688 (0x0040006F) jal zero, 0x4
mem[X,0x000000008000268C] -> 0x3C23
mem[X,0x000000008000268E] -> 0x0866
[332] [M]: 0x000000008000268C (0x08663C23) sd t1, 0x98(a2)
mem[0x00000000800451B0] <- 0x0000000000000003
mem[X,0x0000000080002690] -> 0x0213
mem[X,0x0000000080002692] -> 0x0010
[333] [M]: 0x0000000080002690 (0x00100213) addi tp, zero, 0x1
x4 <- 0x0000000000000001
mem[X,0x0000000080002694] -> 0x1213
mem[X,0x0000000080002696] -> 0x03D2
[334] [M]: 0x0000000080002694 (0x03D21213) slli tp, tp, 0x3d
x4 <- 0x2000000000000000
mem[X,0x0000000080002698] -> 0x0A93
mem[X,0x000000008000269A] -> 0x0010
[335] [M]: 0x0000000080002698 (0x00100A93) addi s5, zero, 0x1
x21 <- 0x0000000000000001
mem[X,0x000000008000269C] -> 0x9A93
mem[X,0x000000008000269E] -> 0x00CA
[336] [M]: 0x000000008000269C (0x00CA9A93) slli s5, s5, 0xc
x21 <- 0x0000000000001000
mem[X,0x00000000800026A0] -> 0x0313
mem[X,0x00000000800026A2] -> 0x0000
[337] [M]: 0x00000000800026A0 (0x00000313) addi t1, zero, 0x0
x6 <- 0x0000000000000000
mem[X,0x00000000800026A4] -> 0x006F
mem[X,0x00000000800026A6] -> 0x2B10
[338] [M]: 0x00000000800026A4 (0x2B10006F) jal zero, 0xab0
mem[X,0x0000000080003154] -> 0x1A63
mem[X,0x0000000080003156] -> 0xD552
[339] [M]: 0x0000000080003154 (0xD5521A63) bne tp, s5, -0xaac
mem[X,0x00000000800026A8] -> 0x0313
mem[X,0x00000000800026AA] -> 0x0013
[340] [M]: 0x00000000800026A8 (0x00130313) addi t1, t1, 0x1
x6 <- 0x0000000000000001
mem[X,0x00000000800026AC] -> 0x006F
mem[X,0x00000000800026AE] -> 0x2BD0
[341] [M]: 0x00000000800026AC (0x2BD0006F) jal zero, 0xabc
mem[X,0x0000000080003168] -> 0x3023
mem[X,0x000000008000316A] -> 0x0A66
[342] [M]: 0x0000000080003168 (0x0A663023) sd t1, 0xa0(a2)
mem[0x00000000800451B8] <- 0x0000000000000001
mem[X,0x000000008000316C] -> 0x0593
mem[X,0x000000008000316E] -> 0x0010
[343] [M]: 0x000000008000316C (0x00100593) addi a1, zero, 0x1
x11 <- 0x0000000000000001
mem[X,0x0000000080003170] -> 0x9593
mem[X,0x0000000080003172] -> 0x01E5
[344] [M]: 0x0000000080003170 (0x01E59593) slli a1, a1, 0x1e
x11 <- 0x0000000040000000
mem[X,0x0000000080003174] -> 0xC593
mem[X,0x0000000080003176] -> 0xFFF5
[345] [M]: 0x0000000080003174 (0xFFF5C593) xori a1, a1, -0x1
x11 <- 0xFFFFFFFFBFFFFFFF
mem[X,0x0000000080003178] -> 0x0913
mem[X,0x000000008000317A] -> 0x0010
[346] [M]: 0x0000000080003178 (0x00100913) addi s2, zero, 0x1
x18 <- 0x0000000000000001
mem[X,0x000000008000317C] -> 0x1913
mem[X,0x000000008000317E] -> 0x00D9
[347] [M]: 0x000000008000317C (0x00D91913) slli s2, s2, 0xd
x18 <- 0x0000000000002000
mem[X,0x0000000080003180] -> 0x0313
mem[X,0x0000000080003182] -> 0x0000
[348] [M]: 0x0000000080003180 (0x00000313) addi t1, zero, 0x0
x6 <- 0x0000000000000000
mem[X,0x0000000080003184] -> 0x006F
mem[X,0x0000000080003186] -> 0x00C0
[349] [M]: 0x0000000080003184 (0x00C0006F) jal zero, 0xc
mem[X,0x0000000080003190] -> 0x9663
mem[X,0x0000000080003192] -> 0x0125
[350] [M]: 0x0000000080003190 (0x01259663) bne a1, s2, 0xc
mem[X,0x000000008000319C] -> 0x0313
mem[X,0x000000008000319E] -> 0x0033
[351] [M]: 0x000000008000319C (0x00330313) addi t1, t1, 0x3
x6 <- 0x0000000000000003
mem[X,0x00000000800031A0] -> 0x006F
mem[X,0x00000000800031A2] -> 0x0040
[352] [M]: 0x00000000800031A0 (0x0040006F) jal zero, 0x4
mem[X,0x00000000800031A4] -> 0x3423
mem[X,0x00000000800031A6] -> 0x0A66
[353] [M]: 0x00000000800031A4 (0x0A663423) sd t1, 0xa8(a2)
mem[0x00000000800451C0] <- 0x0000000000000003
mem[X,0x00000000800031A8] -> 0x0A13
mem[X,0x00000000800031AA] -> 0x0010
[354] [M]: 0x00000000800031A8 (0x00100A13) addi s4, zero, 0x1
x20 <- 0x0000000000000001
mem[X,0x00000000800031AC] -> 0x1A13
mem[X,0x00000000800031AE] -> 0x01CA
[355] [M]: 0x00000000800031AC (0x01CA1A13) slli s4, s4, 0x1c
x20 <- 0x0000000010000000
mem[X,0x00000000800031B0] -> 0x0513
mem[X,0x00000000800031B2] -> 0x0010
[356] [M]: 0x00000000800031B0 (0x00100513) addi a0, zero, 0x1
x10 <- 0x0000000000000001
mem[X,0x00000000800031B4] -> 0x1513
mem[X,0x00000000800031B6] -> 0x00E5
[357] [M]: 0x00000000800031B4 (0x00E51513) slli a0, a0, 0xe
x10 <- 0x0000000000004000
mem[X,0x00000000800031B8] -> 0x0313
mem[X,0x00000000800031BA] -> 0x0000
[358] [M]: 0x00000000800031B8 (0x00000313) addi t1, zero, 0x0
x6 <- 0x0000000000000000
mem[X,0x00000000800031BC] -> 0x006F
mem[X,0x00000000800031BE] -> 0x0050
[359] [M]: 0x00000000800031BC (0x0050006F) jal zero, 0x804
mem[X,0x00000000800039C0] -> 0x10E3
mem[X,0x00000000800039C2] -> 0x80AA
[360] [M]: 0x00000000800039C0 (0x80AA10E3) bne s4, a0, -0x800
mem[X,0x00000000800031C0] -> 0x0313
mem[X,0x00000000800031C2] -> 0x0013
[361] [M]: 0x00000000800031C0 (0x00130313) addi t1, t1, 0x1
x6 <- 0x0000000000000001
mem[X,0x00000000800031C4] -> 0x006F
mem[X,0x00000000800031C6] -> 0x0110
[362] [M]: 0x00000000800031C4 (0x0110006F) jal zero, 0x810
mem[X,0x00000000800039D4] -> 0x3823
mem[X,0x00000000800039D6] -> 0x0A66
[363] [M]: 0x00000000800039D4 (0x0A663823) sd t1, 0xb0(a2)
mem[0x00000000800451C8] <- 0x0000000000000001
mem[X,0x00000000800039D8] -> 0x0413
mem[X,0x00000000800039DA] -> 0x0010
[364] [M]: 0x00000000800039D8 (0x00100413) addi fp, zero, 0x1
x8 <- 0x0000000000000001
mem[X,0x00000000800039DC] -> 0x1413
mem[X,0x00000000800039DE] -> 0x0224
[365] [M]: 0x00000000800039DC (0x02241413) slli fp, fp, 0x22
x8 <- 0x0000000400000000
mem[X,0x00000000800039E0] -> 0x4413
mem[X,0x00000000800039E2] -> 0xFFF4
[366] [M]: 0x00000000800039E0 (0xFFF44413) xori fp, fp, -0x1
x8 <- 0xFFFFFFFBFFFFFFFF
mem[X,0x00000000800039E4] -> 0x0313
mem[X,0x00000000800039E6] -> 0x0010
[367] [M]: 0x00000000800039E4 (0x00100313) addi t1, zero, 0x1
x6 <- 0x0000000000000001
mem[X,0x00000000800039E8] -> 0x1313
mem[X,0x00000000800039EA] -> 0x00F3
[368] [M]: 0x00000000800039E8 (0x00F31313) slli t1, t1, 0xf
x6 <- 0x0000000000008000
mem[X,0x00000000800039EC] -> 0x0113
mem[X,0x00000000800039EE] -> 0x0000
[369] [M]: 0x00000000800039EC (0x00000113) addi sp, zero, 0x0
x2 <- 0x0000000000000000
mem[X,0x00000000800039F0] -> 0x006F
mem[X,0x00000000800039F2] -> 0x00C0
[370] [M]: 0x00000000800039F0 (0x00C0006F) jal zero, 0xc
mem[X,0x00000000800039FC] -> 0x1663
mem[X,0x00000000800039FE] -> 0x0064
[371] [M]: 0x00000000800039FC (0x00641663) bne fp, t1, 0xc
mem[X,0x0000000080003A08] -> 0x0113
mem[X,0x0000000080003A0A] -> 0x0031
[372] [M]: 0x0000000080003A08 (0x00310113) addi sp, sp, 0x3
x2 <- 0x0000000000000003
mem[X,0x0000000080003A0C] -> 0x006F
mem[X,0x0000000080003A0E] -> 0x0040
[373] [M]: 0x0000000080003A0C (0x0040006F) jal zero, 0x4
mem[X,0x0000000080003A10] -> 0x3C23
mem[X,0x0000000080003A12] -> 0x0A26
[374] [M]: 0x0000000080003A10 (0x0A263C23) sd sp, 0xb8(a2)
mem[0x00000000800451D0] <- 0x0000000000000003
mem[X,0x0000000080003A14] -> 0x0013
mem[X,0x0000000080003A16] -> 0x0000
[375] [M]: 0x0000000080003A14 (0x00000013) addi zero, zero, 0x0
mem[X,0x0000000080003A18] -> 0x0013
mem[X,0x0000000080003A1A] -> 0x0000
[376] [M]: 0x0000000080003A18 (0x00000013) addi zero, zero, 0x0
mem[X,0x0000000080003A1C] -> 0x0013
mem[X,0x0000000080003A1E] -> 0x0000
[377] [M]: 0x0000000080003A1C (0x00000013) addi zero, zero, 0x0
mem[X,0x0000000080003A20] -> 0x1097
mem[X,0x0000000080003A22] -> 0x0004
[378] [M]: 0x0000000080003A20 (0x00041097) auipc ra, 0x41
x1 <- 0x0000000080044A20
mem[X,0x0000000080003A24] -> 0x8093
mem[X,0x0000000080003A26] -> 0x7B80
[379] [M]: 0x0000000080003A24 (0x7B808093) addi ra, ra, 0x7b8
x1 <- 0x00000000800451D8
mem[X,0x0000000080003A28] -> 0x0013
mem[X,0x0000000080003A2A] -> 0x0000
[380] [M]: 0x0000000080003A28 (0x00000013) addi zero, zero, 0x0
mem[X,0x0000000080003A2C] -> 0x0013
mem[X,0x0000000080003A2E] -> 0x0000
[381] [M]: 0x0000000080003A2C (0x00000013) addi zero, zero, 0x0
mem[X,0x0000000080003A30] -> 0x0013
mem[X,0x0000000080003A32] -> 0x0000
[382] [M]: 0x0000000080003A30 (0x00000013) addi zero, zero, 0x0
mem[X,0x0000000080003A34] -> 0x0013
mem[X,0x0000000080003A36] -> 0x0000
[383] [M]: 0x0000000080003A34 (0x00000013) addi zero, zero, 0x0
mem[X,0x0000000080003A38] -> 0x0013
mem[X,0x0000000080003A3A] -> 0x0000
[384] [M]: 0x0000000080003A38 (0x00000013) addi zero, zero, 0x0
mem[X,0x0000000080003A3C] -> 0x0013
mem[X,0x0000000080003A3E] -> 0x0000
[385] [M]: 0x0000000080003A3C (0x00000013) addi zero, zero, 0x0
mem[X,0x0000000080003A40] -> 0x0313
mem[X,0x0000000080003A42] -> 0x0010
[386] [M]: 0x0000000080003A40 (0x00100313) addi t1, zero, 0x1
x6 <- 0x0000000000000001
mem[X,0x0000000080003A44] -> 0x1313
mem[X,0x0000000080003A46] -> 0x0323
[387] [M]: 0x0000000080003A44 (0x03231313) slli t1, t1, 0x32
x6 <- 0x0004000000000000
mem[X,0x0000000080003A48] -> 0x0613
mem[X,0x0000000080003A4A] -> 0x0010
[388] [M]: 0x0000000080003A48 (0x00100613) addi a2, zero, 0x1
x12 <- 0x0000000000000001
mem[X,0x0000000080003A4C] -> 0x1613
mem[X,0x0000000080003A4E] -> 0x0106
[389] [M]: 0x0000000080003A4C (0x01061613) slli a2, a2, 0x10
x12 <- 0x0000000000010000
mem[X,0x0000000080003A50] -> 0x0113
mem[X,0x0000000080003A52] -> 0x0000
[390] [M]: 0x0000000080003A50 (0x00000113) addi sp, zero, 0x0
x2 <- 0x0000000000000000
mem[X,0x0000000080003A54] -> 0x006F
mem[X,0x0000000080003A56] -> 0x0100
[391] [M]: 0x0000000080003A54 (0x0100006F) jal zero, 0x10
mem[X,0x0000000080003A64] -> 0x1AE3
mem[X,0x0000000080003A66] -> 0xFEC3
[392] [M]: 0x0000000080003A64 (0xFEC31AE3) bne t1, a2, -0xc
mem[X,0x0000000080003A58] -> 0x0113
mem[X,0x0000000080003A5A] -> 0x0011
[393] [M]: 0x0000000080003A58 (0x00110113) addi sp, sp, 0x1
x2 <- 0x0000000000000001
mem[X,0x0000000080003A5C] -> 0x006F
mem[X,0x0000000080003A5E] -> 0x01C0
[394] [M]: 0x0000000080003A5C (0x01C0006F) jal zero, 0x1c
mem[X,0x0000000080003A78] -> 0xB023
mem[X,0x0000000080003A7A] -> 0x0020
[395] [M]: 0x0000000080003A78 (0x0020B023) sd sp, 0x0(ra)
mem[0x00000000800451D8] <- 0x0000000000000001
mem[X,0x0000000080003A7C] -> 0x0B93
mem[X,0x0000000080003A7E] -> 0x0050
[396] [M]: 0x0000000080003A7C (0x00500B93) addi s7, zero, 0x5
x23 <- 0x0000000000000005
mem[X,0x0000000080003A80] -> 0x0813
mem[X,0x0000000080003A82] -> 0x0010
[397] [M]: 0x0000000080003A80 (0x00100813) addi a6, zero, 0x1
x16 <- 0x0000000000000001
mem[X,0x0000000080003A84] -> 0x1813
mem[X,0x0000000080003A86] -> 0x0118
[398] [M]: 0x0000000080003A84 (0x01181813) slli a6, a6, 0x11
x16 <- 0x0000000000020000
mem[X,0x0000000080003A88] -> 0x0113
mem[X,0x0000000080003A8A] -> 0x0000
[399] [M]: 0x0000000080003A88 (0x00000113) addi sp, zero, 0x0
x2 <- 0x0000000000000000
clint::tick mtime <- 0x0000000000000004
 clint timer pending at mtime 0x0000000000000004
htif::tick 0x0000000000000000
mem[X,0x0000000080003A8C] -> 0x006F
mem[X,0x0000000080003A8E] -> 0x00C0
[400] [M]: 0x0000000080003A8C (0x00C0006F) jal zero, 0xc
mem[X,0x0000000080003A98] -> 0x9063
mem[X,0x0000000080003A9A] -> 0x110B
[401] [M]: 0x0000000080003A98 (0x110B9063) bne s7, a6, 0x100
mem[X,0x0000000080003B98] -> 0x0113
mem[X,0x0000000080003B9A] -> 0x0031
[402] [M]: 0x0000000080003B98 (0x00310113) addi sp, sp, 0x3
x2 <- 0x0000000000000003
mem[X,0x0000000080003B9C] -> 0x006F
mem[X,0x0000000080003B9E] -> 0x0040
[403] [M]: 0x0000000080003B9C (0x0040006F) jal zero, 0x4
mem[X,0x0000000080003BA0] -> 0xB423
mem[X,0x0000000080003BA2] -> 0x0020
[404] [M]: 0x0000000080003BA0 (0x0020B423) sd sp, 0x8(ra)
mem[0x00000000800451E0] <- 0x0000000000000003
mem[X,0x0000000080003BA4] -> 0x0493
mem[X,0x0000000080003BA6] -> 0x0010
[405] [M]: 0x0000000080003BA4 (0x00100493) addi s1, zero, 0x1
x9 <- 0x0000000000000001
mem[X,0x0000000080003BA8] -> 0x9493
mem[X,0x0000000080003BAA] -> 0x02A4
[406] [M]: 0x0000000080003BA8 (0x02A49493) slli s1, s1, 0x2a
x9 <- 0x0000040000000000
mem[X,0x0000000080003BAC] -> 0x0F93
mem[X,0x0000000080003BAE] -> 0x0010
[407] [M]: 0x0000000080003BAC (0x00100F93) addi t6, zero, 0x1
x31 <- 0x0000000000000001
mem[X,0x0000000080003BB0] -> 0x9F93
mem[X,0x0000000080003BB2] -> 0x012F
[408] [M]: 0x0000000080003BB0 (0x012F9F93) slli t6, t6, 0x12
x31 <- 0x0000000000040000
mem[X,0x0000000080003BB4] -> 0x0113
mem[X,0x0000000080003BB6] -> 0x0000
[409] [M]: 0x0000000080003BB4 (0x00000113) addi sp, zero, 0x0
x2 <- 0x0000000000000000
mem[X,0x0000000080003BB8] -> 0x006F
mem[X,0x0000000080003BBA] -> 0x00C0
[410] [M]: 0x0000000080003BB8 (0x00C0006F) jal zero, 0xc
mem[X,0x0000000080003BC4] -> 0x9063
mem[X,0x0000000080003BC6] -> 0x21F4
[411] [M]: 0x0000000080003BC4 (0x21F49063) bne s1, t6, 0x200
mem[X,0x0000000080003DC4] -> 0x0113
mem[X,0x0000000080003DC6] -> 0x0031
[412] [M]: 0x0000000080003DC4 (0x00310113) addi sp, sp, 0x3
x2 <- 0x0000000000000003
mem[X,0x0000000080003DC8] -> 0x006F
mem[X,0x0000000080003DCA] -> 0x0040
[413] [M]: 0x0000000080003DC8 (0x0040006F) jal zero, 0x4
mem[X,0x0000000080003DCC] -> 0xB823
mem[X,0x0000000080003DCE] -> 0x0020
[414] [M]: 0x0000000080003DCC (0x0020B823) sd sp, 0x10(ra)
mem[0x00000000800451E8] <- 0x0000000000000003
mem[X,0x0000000080003DD0] -> 0x0813
mem[X,0x0000000080003DD2] -> 0x0010
[415] [M]: 0x0000000080003DD0 (0x00100813) addi a6, zero, 0x1
x16 <- 0x0000000000000001
mem[X,0x0000000080003DD4] -> 0x1813
mem[X,0x0000000080003DD6] -> 0x03E8
[416] [M]: 0x0000000080003DD4 (0x03E81813) slli a6, a6, 0x3e
x16 <- 0x4000000000000000
mem[X,0x0000000080003DD8] -> 0x4813
mem[X,0x0000000080003DDA] -> 0xFFF8
[417] [M]: 0x0000000080003DD8 (0xFFF84813) xori a6, a6, -0x1
x16 <- 0xBFFFFFFFFFFFFFFF
mem[X,0x0000000080003DDC] -> 0x0D13
mem[X,0x0000000080003DDE] -> 0x0010
[418] [M]: 0x0000000080003DDC (0x00100D13) addi s10, zero, 0x1
x26 <- 0x0000000000000001
mem[X,0x0000000080003DE0] -> 0x1D13
mem[X,0x0000000080003DE2] -> 0x013D
[419] [M]: 0x0000000080003DE0 (0x013D1D13) slli s10, s10, 0x13
x26 <- 0x0000000000080000
mem[X,0x0000000080003DE4] -> 0x0113
mem[X,0x0000000080003DE6] -> 0x0000
[420] [M]: 0x0000000080003DE4 (0x00000113) addi sp, zero, 0x0
x2 <- 0x0000000000000000
mem[X,0x0000000080003DE8] -> 0x006F
mem[X,0x0000000080003DEA] -> 0x00C0
[421] [M]: 0x0000000080003DE8 (0x00C0006F) jal zero, 0xc
mem[X,0x0000000080003DF4] -> 0x1063
mem[X,0x0000000080003DF6] -> 0x09A8
[422] [M]: 0x0000000080003DF4 (0x09A81063) bne a6, s10, 0x80
mem[X,0x0000000080003E74] -> 0x0113
mem[X,0x0000000080003E76] -> 0x0031
[423] [M]: 0x0000000080003E74 (0x00310113) addi sp, sp, 0x3
x2 <- 0x0000000000000003
mem[X,0x0000000080003E78] -> 0x006F
mem[X,0x0000000080003E7A] -> 0x0040
[424] [M]: 0x0000000080003E78 (0x0040006F) jal zero, 0x4
mem[X,0x0000000080003E7C] -> 0xBC23
mem[X,0x0000000080003E7E] -> 0x0020
[425] [M]: 0x0000000080003E7C (0x0020BC23) sd sp, 0x18(ra)
mem[0x00000000800451F0] <- 0x0000000000000003
mem[X,0x0000000080003E80] -> 0x0893
mem[X,0x0000000080003E82] -> 0x0010
[426] [M]: 0x0000000080003E80 (0x00100893) addi a7, zero, 0x1
x17 <- 0x0000000000000001
mem[X,0x0000000080003E84] -> 0x9893
mem[X,0x0000000080003E86] -> 0x03D8
[427] [M]: 0x0000000080003E84 (0x03D89893) slli a7, a7, 0x3d
x17 <- 0x2000000000000000
mem[X,0x0000000080003E88] -> 0xC893
mem[X,0x0000000080003E8A] -> 0xFFF8
[428] [M]: 0x0000000080003E88 (0xFFF8C893) xori a7, a7, -0x1
x17 <- 0xDFFFFFFFFFFFFFFF
mem[X,0x0000000080003E8C] -> 0x0D93
mem[X,0x0000000080003E8E] -> 0x0010
[429] [M]: 0x0000000080003E8C (0x00100D93) addi s11, zero, 0x1
x27 <- 0x0000000000000001
mem[X,0x0000000080003E90] -> 0x9D93
mem[X,0x0000000080003E92] -> 0x014D
[430] [M]: 0x0000000080003E90 (0x014D9D93) slli s11, s11, 0x14
x27 <- 0x0000000000100000
mem[X,0x0000000080003E94] -> 0x0113
mem[X,0x0000000080003E96] -> 0x0000
[431] [M]: 0x0000000080003E94 (0x00000113) addi sp, zero, 0x0
x2 <- 0x0000000000000000
mem[X,0x0000000080003E98] -> 0x006F
mem[X,0x0000000080003E9A] -> 0x00C0
[432] [M]: 0x0000000080003E98 (0x00C0006F) jal zero, 0xc
mem[X,0x0000000080003EA4] -> 0x9863
mem[X,0x0000000080003EA6] -> 0x01B8
[433] [M]: 0x0000000080003EA4 (0x01B89863) bne a7, s11, 0x10
mem[X,0x0000000080003EB4] -> 0x0113
mem[X,0x0000000080003EB6] -> 0x0031
[434] [M]: 0x0000000080003EB4 (0x00310113) addi sp, sp, 0x3
x2 <- 0x0000000000000003
mem[X,0x0000000080003EB8] -> 0x006F
mem[X,0x0000000080003EBA] -> 0x0040
[435] [M]: 0x0000000080003EB8 (0x0040006F) jal zero, 0x4
mem[X,0x0000000080003EBC] -> 0xB023
mem[X,0x0000000080003EBE] -> 0x0220
[436] [M]: 0x0000000080003EBC (0x0220B023) sd sp, 0x20(ra)
mem[0x00000000800451F8] <- 0x0000000000000003
mem[X,0x0000000080003EC0] -> 0x0293
mem[X,0x0000000080003EC2] -> 0x0010
[437] [M]: 0x0000000080003EC0 (0x00100293) addi t0, zero, 0x1
x5 <- 0x0000000000000001
mem[X,0x0000000080003EC4] -> 0x9293
mem[X,0x0000000080003EC6] -> 0x01A2
[438] [M]: 0x0000000080003EC4 (0x01A29293) slli t0, t0, 0x1a
x5 <- 0x0000000004000000
mem[X,0x0000000080003EC8] -> 0xC293
mem[X,0x0000000080003ECA] -> 0xFFF2
[439] [M]: 0x0000000080003EC8 (0xFFF2C293) xori t0, t0, -0x1
x5 <- 0xFFFFFFFFFBFFFFFF
mem[X,0x0000000080003ECC] -> 0x0593
mem[X,0x0000000080003ECE] -> 0x0010
[440] [M]: 0x0000000080003ECC (0x00100593) addi a1, zero, 0x1
x11 <- 0x0000000000000001
mem[X,0x0000000080003ED0] -> 0x9593
mem[X,0x0000000080003ED2] -> 0x0155
[441] [M]: 0x0000000080003ED0 (0x01559593) slli a1, a1, 0x15
x11 <- 0x0000000000200000
mem[X,0x0000000080003ED4] -> 0x0113
mem[X,0x0000000080003ED6] -> 0x0000
[442] [M]: 0x0000000080003ED4 (0x00000113) addi sp, zero, 0x0
x2 <- 0x0000000000000000
mem[X,0x0000000080003ED8] -> 0x006F
mem[X,0x0000000080003EDA] -> 0x0140
[443] [M]: 0x0000000080003ED8 (0x0140006F) jal zero, 0x14
mem[X,0x0000000080003EEC] -> 0x98E3
mem[X,0x0000000080003EEE] -> 0xFEB2
[444] [M]: 0x0000000080003EEC (0xFEB298E3) bne t0, a1, -0x10
mem[X,0x0000000080003EDC] -> 0x0113
mem[X,0x0000000080003EDE] -> 0x0011
[445] [M]: 0x0000000080003EDC (0x00110113) addi sp, sp, 0x1
x2 <- 0x0000000000000001
mem[X,0x0000000080003EE0] -> 0x006F
mem[X,0x0000000080003EE2] -> 0x0200
[446] [M]: 0x0000000080003EE0 (0x0200006F) jal zero, 0x20
mem[X,0x0000000080003F00] -> 0xB423
mem[X,0x0000000080003F02] -> 0x0220
[447] [M]: 0x0000000080003F00 (0x0220B423) sd sp, 0x28(ra)
mem[0x0000000080045200] <- 0x0000000000000001
mem[X,0x0000000080003F04] -> 0x0613
mem[X,0x0000000080003F06] -> 0x4000
[448] [M]: 0x0000000080003F04 (0x40000613) addi a2, zero, 0x400
x12 <- 0x0000000000000400
mem[X,0x0000000080003F08] -> 0x0A13
mem[X,0x0000000080003F0A] -> 0x0010
[449] [M]: 0x0000000080003F08 (0x00100A13) addi s4, zero, 0x1
x20 <- 0x0000000000000001
mem[X,0x0000000080003F0C] -> 0x1A13
mem[X,0x0000000080003F0E] -> 0x016A
[450] [M]: 0x0000000080003F0C (0x016A1A13) slli s4, s4, 0x16
x20 <- 0x0000000000400000
mem[X,0x0000000080003F10] -> 0x0113
mem[X,0x0000000080003F12] -> 0x0000
[451] [M]: 0x0000000080003F10 (0x00000113) addi sp, zero, 0x0
x2 <- 0x0000000000000000
mem[X,0x0000000080003F14] -> 0x006F
mem[X,0x0000000080003F16] -> 0x0180
[452] [M]: 0x0000000080003F14 (0x0180006F) jal zero, 0x18
mem[X,0x0000000080003F2C] -> 0x16E3
mem[X,0x0000000080003F2E] -> 0xFF46
[453] [M]: 0x0000000080003F2C (0xFF4616E3) bne a2, s4, -0x14
mem[X,0x0000000080003F18] -> 0x0113
mem[X,0x0000000080003F1A] -> 0x0011
[454] [M]: 0x0000000080003F18 (0x00110113) addi sp, sp, 0x1
x2 <- 0x0000000000000001
mem[X,0x0000000080003F1C] -> 0x006F
mem[X,0x0000000080003F1E] -> 0x0240
[455] [M]: 0x0000000080003F1C (0x0240006F) jal zero, 0x24
mem[X,0x0000000080003F40] -> 0xB823
mem[X,0x0000000080003F42] -> 0x0220
[456] [M]: 0x0000000080003F40 (0x0220B823) sd sp, 0x30(ra)
mem[0x0000000080045208] <- 0x0000000000000001
mem[X,0x0000000080003F44] -> 0x0F93
mem[X,0x0000000080003F46] -> 0x0010
[457] [M]: 0x0000000080003F44 (0x00100F93) addi t6, zero, 0x1
x31 <- 0x0000000000000001
mem[X,0x0000000080003F48] -> 0x9F93
mem[X,0x0000000080003F4A] -> 0x01AF
[458] [M]: 0x0000000080003F48 (0x01AF9F93) slli t6, t6, 0x1a
x31 <- 0x0000000004000000
mem[X,0x0000000080003F4C] -> 0x0693
mem[X,0x0000000080003F4E] -> 0x0010
[459] [M]: 0x0000000080003F4C (0x00100693) addi a3, zero, 0x1
x13 <- 0x0000000000000001
mem[X,0x0000000080003F50] -> 0x9693
mem[X,0x0000000080003F52] -> 0x0176
[460] [M]: 0x0000000080003F50 (0x01769693) slli a3, a3, 0x17
x13 <- 0x0000000000800000
mem[X,0x0000000080003F54] -> 0x0113
mem[X,0x0000000080003F56] -> 0x0000
[461] [M]: 0x0000000080003F54 (0x00000113) addi sp, zero, 0x0
x2 <- 0x0000000000000000
mem[X,0x0000000080003F58] -> 0x006F
mem[X,0x0000000080003F5A] -> 0x00C0
[462] [M]: 0x0000000080003F58 (0x00C0006F) jal zero, 0xc
mem[X,0x0000000080003F64] -> 0x9CE3
mem[X,0x0000000080003F66] -> 0xFEDF
[463] [M]: 0x0000000080003F64 (0xFEDF9CE3) bne t6, a3, -0x8
mem[X,0x0000000080003F5C] -> 0x0113
mem[X,0x0000000080003F5E] -> 0x0011
[464] [M]: 0x0000000080003F5C (0x00110113) addi sp, sp, 0x1
x2 <- 0x0000000000000001
mem[X,0x0000000080003F60] -> 0x006F
mem[X,0x0000000080003F62] -> 0x0180
[465] [M]: 0x0000000080003F60 (0x0180006F) jal zero, 0x18
mem[X,0x0000000080003F78] -> 0xBC23
mem[X,0x0000000080003F7A] -> 0x0220
[466] [M]: 0x0000000080003F78 (0x0220BC23) sd sp, 0x38(ra)
mem[0x0000000080045210] <- 0x0000000000000001
mem[X,0x0000000080003F7C] -> 0x0513
mem[X,0x0000000080003F7E] -> 0x0010
[467] [M]: 0x0000000080003F7C (0x00100513) addi a0, zero, 0x1
x10 <- 0x0000000000000001
mem[X,0x0000000080003F80] -> 0x1513
mem[X,0x0000000080003F82] -> 0x01C5
[468] [M]: 0x0000000080003F80 (0x01C51513) slli a0, a0, 0x1c
x10 <- 0x0000000010000000
mem[X,0x0000000080003F84] -> 0x4513
mem[X,0x0000000080003F86] -> 0xFFF5
[469] [M]: 0x0000000080003F84 (0xFFF54513) xori a0, a0, -0x1
x10 <- 0xFFFFFFFFEFFFFFFF
mem[X,0x0000000080003F88] -> 0x0593
mem[X,0x0000000080003F8A] -> 0x0010
[470] [M]: 0x0000000080003F88 (0x00100593) addi a1, zero, 0x1
x11 <- 0x0000000000000001
mem[X,0x0000000080003F8C] -> 0x9593
mem[X,0x0000000080003F8E] -> 0x0185
[471] [M]: 0x0000000080003F8C (0x01859593) slli a1, a1, 0x18
x11 <- 0x0000000001000000
mem[X,0x0000000080003F90] -> 0x0113
mem[X,0x0000000080003F92] -> 0x0000
[472] [M]: 0x0000000080003F90 (0x00000113) addi sp, zero, 0x0
x2 <- 0x0000000000000000
mem[X,0x0000000080003F94] -> 0x006F
mem[X,0x0000000080003F96] -> 0x00C0
[473] [M]: 0x0000000080003F94 (0x00C0006F) jal zero, 0xc
mem[X,0x0000000080003FA0] -> 0x1063
mem[X,0x0000000080003FA2] -> 0x08B5
[474] [M]: 0x0000000080003FA0 (0x08B51063) bne a0, a1, 0x80
mem[X,0x0000000080004020] -> 0x0113
mem[X,0x0000000080004022] -> 0x0031
[475] [M]: 0x0000000080004020 (0x00310113) addi sp, sp, 0x3
x2 <- 0x0000000000000003
mem[X,0x0000000080004024] -> 0x006F
mem[X,0x0000000080004026] -> 0x0040
[476] [M]: 0x0000000080004024 (0x0040006F) jal zero, 0x4
mem[X,0x0000000080004028] -> 0xB023
mem[X,0x000000008000402A] -> 0x0420
[477] [M]: 0x0000000080004028 (0x0420B023) sd sp, 0x40(ra)
mem[0x0000000080045218] <- 0x0000000000000003
mem[X,0x000000008000402C] -> 0x0513
mem[X,0x000000008000402E] -> 0x0010
[478] [M]: 0x000000008000402C (0x00100513) addi a0, zero, 0x1
x10 <- 0x0000000000000001
mem[X,0x0000000080004030] -> 0x1513
mem[X,0x0000000080004032] -> 0x0325
[479] [M]: 0x0000000080004030 (0x03251513) slli a0, a0, 0x32
x10 <- 0x0004000000000000
mem[X,0x0000000080004034] -> 0x0593
mem[X,0x0000000080004036] -> 0x0010
[480] [M]: 0x0000000080004034 (0x00100593) addi a1, zero, 0x1
x11 <- 0x0000000000000001
mem[X,0x0000000080004038] -> 0x9593
mem[X,0x000000008000403A] -> 0x0195
[481] [M]: 0x0000000080004038 (0x01959593) slli a1, a1, 0x19
x11 <- 0x0000000002000000
mem[X,0x000000008000403C] -> 0x0113
mem[X,0x000000008000403E] -> 0x0000
[482] [M]: 0x000000008000403C (0x00000113) addi sp, zero, 0x0
x2 <- 0x0000000000000000
mem[X,0x0000000080004040] -> 0x006F
mem[X,0x0000000080004042] -> 0x00C0
[483] [M]: 0x0000000080004040 (0x00C0006F) jal zero, 0xc
mem[X,0x000000008000404C] -> 0x1CE3
mem[X,0x000000008000404E] -> 0xFEB5
[484] [M]: 0x000000008000404C (0xFEB51CE3) bne a0, a1, -0x8
mem[X,0x0000000080004044] -> 0x0113
mem[X,0x0000000080004046] -> 0x0011
[485] [M]: 0x0000000080004044 (0x00110113) addi sp, sp, 0x1
x2 <- 0x0000000000000001
mem[X,0x0000000080004048] -> 0x006F
mem[X,0x000000008000404A] -> 0x0180
[486] [M]: 0x0000000080004048 (0x0180006F) jal zero, 0x18
mem[X,0x0000000080004060] -> 0xB423
mem[X,0x0000000080004062] -> 0x0420
[487] [M]: 0x0000000080004060 (0x0420B423) sd sp, 0x48(ra)
mem[0x0000000080045220] <- 0x0000000000000001
mem[X,0x0000000080004064] -> 0x0513
mem[X,0x0000000080004066] -> 0x0010
[488] [M]: 0x0000000080004064 (0x00100513) addi a0, zero, 0x1
x10 <- 0x0000000000000001
mem[X,0x0000000080004068] -> 0x1513
mem[X,0x000000008000406A] -> 0x02B5
[489] [M]: 0x0000000080004068 (0x02B51513) slli a0, a0, 0x2b
x10 <- 0x0000080000000000
mem[X,0x000000008000406C] -> 0x4513
mem[X,0x000000008000406E] -> 0xFFF5
[490] [M]: 0x000000008000406C (0xFFF54513) xori a0, a0, -0x1
x10 <- 0xFFFFF7FFFFFFFFFF
mem[X,0x0000000080004070] -> 0x0593
mem[X,0x0000000080004072] -> 0x0010
[491] [M]: 0x0000000080004070 (0x00100593) addi a1, zero, 0x1
x11 <- 0x0000000000000001
mem[X,0x0000000080004074] -> 0x9593
mem[X,0x0000000080004076] -> 0x01A5
[492] [M]: 0x0000000080004074 (0x01A59593) slli a1, a1, 0x1a
x11 <- 0x0000000004000000
mem[X,0x0000000080004078] -> 0x0113
mem[X,0x000000008000407A] -> 0x0000
[493] [M]: 0x0000000080004078 (0x00000113) addi sp, zero, 0x0
x2 <- 0x0000000000000000
mem[X,0x000000008000407C] -> 0x006F
mem[X,0x000000008000407E] -> 0x2B10
[494] [M]: 0x000000008000407C (0x2B10006F) jal zero, 0xab0
mem[X,0x0000000080004B2C] -> 0x1A63
mem[X,0x0000000080004B2E] -> 0xD4B5
[495] [M]: 0x0000000080004B2C (0xD4B51A63) bne a0, a1, -0xaac
mem[X,0x0000000080004080] -> 0x0113
mem[X,0x0000000080004082] -> 0x0011
[496] [M]: 0x0000000080004080 (0x00110113) addi sp, sp, 0x1
x2 <- 0x0000000000000001
mem[X,0x0000000080004084] -> 0x006F
mem[X,0x0000000080004086] -> 0x2BD0
[497] [M]: 0x0000000080004084 (0x2BD0006F) jal zero, 0xabc
mem[X,0x0000000080004B40] -> 0xB823
mem[X,0x0000000080004B42] -> 0x0420
[498] [M]: 0x0000000080004B40 (0x0420B823) sd sp, 0x50(ra)
mem[0x0000000080045228] <- 0x0000000000000001
mem[X,0x0000000080004B44] -> 0x0513
mem[X,0x0000000080004B46] -> 0xFFD0
[499] [M]: 0x0000000080004B44 (0xFFD00513) addi a0, zero, -0x3
x10 <- 0xFFFFFFFFFFFFFFFD
clint::tick mtime <- 0x0000000000000005
 clint timer pending at mtime 0x0000000000000005
htif::tick 0x0000000000000000
mem[X,0x0000000080004B48] -> 0x0593
mem[X,0x0000000080004B4A] -> 0x0010
[500] [M]: 0x0000000080004B48 (0x00100593) addi a1, zero, 0x1
x11 <- 0x0000000000000001
mem[X,0x0000000080004B4C] -> 0x9593
mem[X,0x0000000080004B4E] -> 0x01B5
[501] [M]: 0x0000000080004B4C (0x01B59593) slli a1, a1, 0x1b
x11 <- 0x0000000008000000
mem[X,0x0000000080004B50] -> 0x0113
mem[X,0x0000000080004B52] -> 0x0000
[502] [M]: 0x0000000080004B50 (0x00000113) addi sp, zero, 0x0
x2 <- 0x0000000000000000
mem[X,0x0000000080004B54] -> 0x006F
mem[X,0x0000000080004B56] -> 0x00C0
[503] [M]: 0x0000000080004B54 (0x00C0006F) jal zero, 0xc
mem[X,0x0000000080004B60] -> 0x1663
mem[X,0x0000000080004B62] -> 0x00B5
[504] [M]: 0x0000000080004B60 (0x00B51663) bne a0, a1, 0xc
mem[X,0x0000000080004B6C] -> 0x0113
mem[X,0x0000000080004B6E] -> 0x0031
[505] [M]: 0x0000000080004B6C (0x00310113) addi sp, sp, 0x3
x2 <- 0x0000000000000003
mem[X,0x0000000080004B70] -> 0x006F
mem[X,0x0000000080004B72] -> 0x0040
[506] [M]: 0x0000000080004B70 (0x0040006F) jal zero, 0x4
mem[X,0x0000000080004B74] -> 0xBC23
mem[X,0x0000000080004B76] -> 0x0420
[507] [M]: 0x0000000080004B74 (0x0420BC23) sd sp, 0x58(ra)
mem[0x0000000080045230] <- 0x0000000000000003
mem[X,0x0000000080004B78] -> 0x0513
mem[X,0x0000000080004B7A] -> 0x0010
[508] [M]: 0x0000000080004B78 (0x00100513) addi a0, zero, 0x1
x10 <- 0x0000000000000001
mem[X,0x0000000080004B7C] -> 0x1513
mem[X,0x0000000080004B7E] -> 0x0325
[509] [M]: 0x0000000080004B7C (0x03251513) slli a0, a0, 0x32
x10 <- 0x0004000000000000
mem[X,0x0000000080004B80] -> 0x4513
mem[X,0x0000000080004B82] -> 0xFFF5
[510] [M]: 0x0000000080004B80 (0xFFF54513) xori a0, a0, -0x1
x10 <- 0xFFFBFFFFFFFFFFFF
mem[X,0x0000000080004B84] -> 0x0593
mem[X,0x0000000080004B86] -> 0x0010
[511] [M]: 0x0000000080004B84 (0x00100593) addi a1, zero, 0x1
x11 <- 0x0000000000000001
mem[X,0x0000000080004B88] -> 0x9593
mem[X,0x0000000080004B8A] -> 0x01C5
[512] [M]: 0x0000000080004B88 (0x01C59593) slli a1, a1, 0x1c
x11 <- 0x0000000010000000
mem[X,0x0000000080004B8C] -> 0x0113
mem[X,0x0000000080004B8E] -> 0x0000
[513] [M]: 0x0000000080004B8C (0x00000113) addi sp, zero, 0x0
x2 <- 0x0000000000000000
mem[X,0x0000000080004B90] -> 0x006F
mem[X,0x0000000080004B92] -> 0x00C0
[514] [M]: 0x0000000080004B90 (0x00C0006F) jal zero, 0xc
mem[X,0x0000000080004B9C] -> 0x1063
mem[X,0x0000000080004B9E] -> 0x08B5
[515] [M]: 0x0000000080004B9C (0x08B51063) bne a0, a1, 0x80
mem[X,0x0000000080004C1C] -> 0x0113
mem[X,0x0000000080004C1E] -> 0x0031
[516] [M]: 0x0000000080004C1C (0x00310113) addi sp, sp, 0x3
x2 <- 0x0000000000000003
mem[X,0x0000000080004C20] -> 0x006F
mem[X,0x0000000080004C22] -> 0x0040
[517] [M]: 0x0000000080004C20 (0x0040006F) jal zero, 0x4
mem[X,0x0000000080004C24] -> 0xB023
mem[X,0x0000000080004C26] -> 0x0620
[518] [M]: 0x0000000080004C24 (0x0620B023) sd sp, 0x60(ra)
mem[0x0000000080045238] <- 0x0000000000000003
mem[X,0x0000000080004C28] -> 0x0513
mem[X,0x0000000080004C2A] -> 0x0010
[519] [M]: 0x0000000080004C28 (0x00100513) addi a0, zero, 0x1
x10 <- 0x0000000000000001
mem[X,0x0000000080004C2C] -> 0x1513
mem[X,0x0000000080004C2E] -> 0x02E5
[520] [M]: 0x0000000080004C2C (0x02E51513) slli a0, a0, 0x2e
x10 <- 0x0000400000000000
mem[X,0x0000000080004C30] -> 0x0593
mem[X,0x0000000080004C32] -> 0x0010
[521] [M]: 0x0000000080004C30 (0x00100593) addi a1, zero, 0x1
x11 <- 0x0000000000000001
mem[X,0x0000000080004C34] -> 0x9593
mem[X,0x0000000080004C36] -> 0x01D5
[522] [M]: 0x0000000080004C34 (0x01D59593) slli a1, a1, 0x1d
x11 <- 0x0000000020000000
mem[X,0x0000000080004C38] -> 0x0113
mem[X,0x0000000080004C3A] -> 0x0000
[523] [M]: 0x0000000080004C38 (0x00000113) addi sp, zero, 0x0
x2 <- 0x0000000000000000
mem[X,0x0000000080004C3C] -> 0x006F
mem[X,0x0000000080004C3E] -> 0x00C0
[524] [M]: 0x0000000080004C3C (0x00C0006F) jal zero, 0xc
mem[X,0x0000000080004C48] -> 0x1CE3
mem[X,0x0000000080004C4A] -> 0xFEB5
[525] [M]: 0x0000000080004C48 (0xFEB51CE3) bne a0, a1, -0x8
mem[X,0x0000000080004C40] -> 0x0113
mem[X,0x0000000080004C42] -> 0x0011
[526] [M]: 0x0000000080004C40 (0x00110113) addi sp, sp, 0x1
x2 <- 0x0000000000000001
mem[X,0x0000000080004C44] -> 0x006F
mem[X,0x0000000080004C46] -> 0x0180
[527] [M]: 0x0000000080004C44 (0x0180006F) jal zero, 0x18
mem[X,0x0000000080004C5C] -> 0xB423
mem[X,0x0000000080004C5E] -> 0x0620
[528] [M]: 0x0000000080004C5C (0x0620B423) sd sp, 0x68(ra)
mem[0x0000000080045240] <- 0x0000000000000001
mem[X,0x0000000080004C60] -> 0x0513
mem[X,0x0000000080004C62] -> 0x0010
[529] [M]: 0x0000000080004C60 (0x00100513) addi a0, zero, 0x1
x10 <- 0x0000000000000001
mem[X,0x0000000080004C64] -> 0x1513
mem[X,0x0000000080004C66] -> 0x03C5
[530] [M]: 0x0000000080004C64 (0x03C51513) slli a0, a0, 0x3c
x10 <- 0x1000000000000000
mem[X,0x0000000080004C68] -> 0x4513
mem[X,0x0000000080004C6A] -> 0xFFF5
[531] [M]: 0x0000000080004C68 (0xFFF54513) xori a0, a0, -0x1
x10 <- 0xEFFFFFFFFFFFFFFF
mem[X,0x0000000080004C6C] -> 0x0593
mem[X,0x0000000080004C6E] -> 0x0010
[532] [M]: 0x0000000080004C6C (0x00100593) addi a1, zero, 0x1
x11 <- 0x0000000000000001
mem[X,0x0000000080004C70] -> 0x9593
mem[X,0x0000000080004C72] -> 0x01F5
[533] [M]: 0x0000000080004C70 (0x01F59593) slli a1, a1, 0x1f
x11 <- 0x0000000080000000
mem[X,0x0000000080004C74] -> 0x0113
mem[X,0x0000000080004C76] -> 0x0000
[534] [M]: 0x0000000080004C74 (0x00000113) addi sp, zero, 0x0
x2 <- 0x0000000000000000
mem[X,0x0000000080004C78] -> 0x006F
mem[X,0x0000000080004C7A] -> 0x0180
[535] [M]: 0x0000000080004C78 (0x0180006F) jal zero, 0x18
mem[X,0x0000000080004C90] -> 0x16E3
mem[X,0x0000000080004C92] -> 0xFEB5
[536] [M]: 0x0000000080004C90 (0xFEB516E3) bne a0, a1, -0x14
mem[X,0x0000000080004C7C] -> 0x0113
mem[X,0x0000000080004C7E] -> 0x0011
[537] [M]: 0x0000000080004C7C (0x00110113) addi sp, sp, 0x1
x2 <- 0x0000000000000001
mem[X,0x0000000080004C80] -> 0x006F
mem[X,0x0000000080004C82] -> 0x0240
[538] [M]: 0x0000000080004C80 (0x0240006F) jal zero, 0x24
mem[X,0x0000000080004CA4] -> 0xB823
mem[X,0x0000000080004CA6] -> 0x0620
[539] [M]: 0x0000000080004CA4 (0x0620B823) sd sp, 0x70(ra)
mem[0x0000000080045248] <- 0x0000000000000001
mem[X,0x0000000080004CA8] -> 0x0513
mem[X,0x0000000080004CAA] -> 0x0010
[540] [M]: 0x0000000080004CA8 (0x00100513) addi a0, zero, 0x1
x10 <- 0x0000000000000001
mem[X,0x0000000080004CAC] -> 0x1513
mem[X,0x0000000080004CAE] -> 0x02B5
[541] [M]: 0x0000000080004CAC (0x02B51513) slli a0, a0, 0x2b
x10 <- 0x0000080000000000
mem[X,0x0000000080004CB0] -> 0x0593
mem[X,0x0000000080004CB2] -> 0x0010
[542] [M]: 0x0000000080004CB0 (0x00100593) addi a1, zero, 0x1
x11 <- 0x0000000000000001
mem[X,0x0000000080004CB4] -> 0x9593
mem[X,0x0000000080004CB6] -> 0x0205
[543] [M]: 0x0000000080004CB4 (0x02059593) slli a1, a1, 0x20
x11 <- 0x0000000100000000
mem[X,0x0000000080004CB8] -> 0x0113
mem[X,0x0000000080004CBA] -> 0x0000
[544] [M]: 0x0000000080004CB8 (0x00000113) addi sp, zero, 0x0
x2 <- 0x0000000000000000
mem[X,0x0000000080004CBC] -> 0x006F
mem[X,0x0000000080004CBE] -> 0x00C0
[545] [M]: 0x0000000080004CBC (0x00C0006F) jal zero, 0xc
mem[X,0x0000000080004CC8] -> 0x1CE3
mem[X,0x0000000080004CCA] -> 0xFEB5
[546] [M]: 0x0000000080004CC8 (0xFEB51CE3) bne a0, a1, -0x8
mem[X,0x0000000080004CC0] -> 0x0113
mem[X,0x0000000080004CC2] -> 0x0011
[547] [M]: 0x0000000080004CC0 (0x00110113) addi sp, sp, 0x1
x2 <- 0x0000000000000001
mem[X,0x0000000080004CC4] -> 0x006F
mem[X,0x0000000080004CC6] -> 0x0180
[548] [M]: 0x0000000080004CC4 (0x0180006F) jal zero, 0x18
mem[X,0x0000000080004CDC] -> 0xBC23
mem[X,0x0000000080004CDE] -> 0x0620
[549] [M]: 0x0000000080004CDC (0x0620BC23) sd sp, 0x78(ra)
mem[0x0000000080045250] <- 0x0000000000000001
mem[X,0x0000000080004CE0] -> 0x0513
mem[X,0x0000000080004CE2] -> 0x0010
[550] [M]: 0x0000000080004CE0 (0x00100513) addi a0, zero, 0x1
x10 <- 0x0000000000000001
mem[X,0x0000000080004CE4] -> 0x1513
mem[X,0x0000000080004CE6] -> 0x0115
[551] [M]: 0x0000000080004CE4 (0x01151513) slli a0, a0, 0x11
x10 <- 0x0000000000020000
mem[X,0x0000000080004CE8] -> 0x4513
mem[X,0x0000000080004CEA] -> 0xFFF5
[552] [M]: 0x0000000080004CE8 (0xFFF54513) xori a0, a0, -0x1
x10 <- 0xFFFFFFFFFFFDFFFF
mem[X,0x0000000080004CEC] -> 0x0593
mem[X,0x0000000080004CEE] -> 0x0010
[553] [M]: 0x0000000080004CEC (0x00100593) addi a1, zero, 0x1
x11 <- 0x0000000000000001
mem[X,0x0000000080004CF0] -> 0x9593
mem[X,0x0000000080004CF2] -> 0x0215
[554] [M]: 0x0000000080004CF0 (0x02159593) slli a1, a1, 0x21
x11 <- 0x0000000200000000
mem[X,0x0000000080004CF4] -> 0x0113
mem[X,0x0000000080004CF6] -> 0x0000
[555] [M]: 0x0000000080004CF4 (0x00000113) addi sp, zero, 0x0
x2 <- 0x0000000000000000
mem[X,0x0000000080004CF8] -> 0x006F
mem[X,0x0000000080004CFA] -> 0x00C0
[556] [M]: 0x0000000080004CF8 (0x00C0006F) jal zero, 0xc
mem[X,0x0000000080004D04] -> 0x1663
mem[X,0x0000000080004D06] -> 0x00B5
[557] [M]: 0x0000000080004D04 (0x00B51663) bne a0, a1, 0xc
mem[X,0x0000000080004D10] -> 0x0113
mem[X,0x0000000080004D12] -> 0x0031
[558] [M]: 0x0000000080004D10 (0x00310113) addi sp, sp, 0x3
x2 <- 0x0000000000000003
mem[X,0x0000000080004D14] -> 0x006F
mem[X,0x0000000080004D16] -> 0x0040
[559] [M]: 0x0000000080004D14 (0x0040006F) jal zero, 0x4
mem[X,0x0000000080004D18] -> 0xB023
mem[X,0x0000000080004D1A] -> 0x0820
[560] [M]: 0x0000000080004D18 (0x0820B023) sd sp, 0x80(ra)
mem[0x0000000080045258] <- 0x0000000000000003
mem[X,0x0000000080004D1C] -> 0x0513
mem[X,0x0000000080004D1E] -> 0xFFF0
[561] [M]: 0x0000000080004D1C (0xFFF00513) addi a0, zero, -0x1
x10 <- 0xFFFFFFFFFFFFFFFF
mem[X,0x0000000080004D20] -> 0x1513
mem[X,0x0000000080004D22] -> 0x03F5
[562] [M]: 0x0000000080004D20 (0x03F51513) slli a0, a0, 0x3f
x10 <- 0x8000000000000000
mem[X,0x0000000080004D24] -> 0x0593
mem[X,0x0000000080004D26] -> 0x0010
[563] [M]: 0x0000000080004D24 (0x00100593) addi a1, zero, 0x1
x11 <- 0x0000000000000001
mem[X,0x0000000080004D28] -> 0x9593
mem[X,0x0000000080004D2A] -> 0x0225
[564] [M]: 0x0000000080004D28 (0x02259593) slli a1, a1, 0x22
x11 <- 0x0000000400000000
mem[X,0x0000000080004D2C] -> 0x0113
mem[X,0x0000000080004D2E] -> 0x0000
[565] [M]: 0x0000000080004D2C (0x00000113) addi sp, zero, 0x0
x2 <- 0x0000000000000000
mem[X,0x0000000080004D30] -> 0x006F
mem[X,0x0000000080004D32] -> 0x00C0
[566] [M]: 0x0000000080004D30 (0x00C0006F) jal zero, 0xc
mem[X,0x0000000080004D3C] -> 0x1063
mem[X,0x0000000080004D3E] -> 0x02B5
[567] [M]: 0x0000000080004D3C (0x02B51063) bne a0, a1, 0x20
mem[X,0x0000000080004D5C] -> 0x0113
mem[X,0x0000000080004D5E] -> 0x0031
[568] [M]: 0x0000000080004D5C (0x00310113) addi sp, sp, 0x3
x2 <- 0x0000000000000003
mem[X,0x0000000080004D60] -> 0x006F
mem[X,0x0000000080004D62] -> 0x0040
[569] [M]: 0x0000000080004D60 (0x0040006F) jal zero, 0x4
mem[X,0x0000000080004D64] -> 0xB423
mem[X,0x0000000080004D66] -> 0x0820
[570] [M]: 0x0000000080004D64 (0x0820B423) sd sp, 0x88(ra)
mem[0x0000000080045260] <- 0x0000000000000003
mem[X,0x0000000080004D68] -> 0x0513
mem[X,0x0000000080004D6A] -> 0x0010
[571] [M]: 0x0000000080004D68 (0x00100513) addi a0, zero, 0x1
x10 <- 0x0000000000000001
mem[X,0x0000000080004D6C] -> 0x1513
mem[X,0x0000000080004D6E] -> 0x0265
[572] [M]: 0x0000000080004D6C (0x02651513) slli a0, a0, 0x26
x10 <- 0x0000004000000000
mem[X,0x0000000080004D70] -> 0x0593
mem[X,0x0000000080004D72] -> 0x0010
[573] [M]: 0x0000000080004D70 (0x00100593) addi a1, zero, 0x1
x11 <- 0x0000000000000001
mem[X,0x0000000080004D74] -> 0x9593
mem[X,0x0000000080004D76] -> 0x0235
[574] [M]: 0x0000000080004D74 (0x02359593) slli a1, a1, 0x23
x11 <- 0x0000000800000000
mem[X,0x0000000080004D78] -> 0x0113
mem[X,0x0000000080004D7A] -> 0x0000
[575] [M]: 0x0000000080004D78 (0x00000113) addi sp, zero, 0x0
x2 <- 0x0000000000000000
mem[X,0x0000000080004D7C] -> 0x006F
mem[X,0x0000000080004D7E] -> 0x00C0
[576] [M]: 0x0000000080004D7C (0x00C0006F) jal zero, 0xc
mem[X,0x0000000080004D88] -> 0x1CE3
mem[X,0x0000000080004D8A] -> 0xFEB5
[577] [M]: 0x0000000080004D88 (0xFEB51CE3) bne a0, a1, -0x8
mem[X,0x0000000080004D80] -> 0x0113
mem[X,0x0000000080004D82] -> 0x0011
[578] [M]: 0x0000000080004D80 (0x00110113) addi sp, sp, 0x1
x2 <- 0x0000000000000001
mem[X,0x0000000080004D84] -> 0x006F
mem[X,0x0000000080004D86] -> 0x0180
[579] [M]: 0x0000000080004D84 (0x0180006F) jal zero, 0x18
mem[X,0x0000000080004D9C] -> 0xB823
mem[X,0x0000000080004D9E] -> 0x0820
[580] [M]: 0x0000000080004D9C (0x0820B823) sd sp, 0x90(ra)
mem[0x0000000080045268] <- 0x0000000000000001
mem[X,0x0000000080004DA0] -> 0x0513
mem[X,0x0000000080004DA2] -> 0xFFB0
[581] [M]: 0x0000000080004DA0 (0xFFB00513) addi a0, zero, -0x5
x10 <- 0xFFFFFFFFFFFFFFFB
mem[X,0x0000000080004DA4] -> 0x0593
mem[X,0x0000000080004DA6] -> 0x0010
[582] [M]: 0x0000000080004DA4 (0x00100593) addi a1, zero, 0x1
x11 <- 0x0000000000000001
mem[X,0x0000000080004DA8] -> 0x9593
mem[X,0x0000000080004DAA] -> 0x0245
[583] [M]: 0x0000000080004DA8 (0x02459593) slli a1, a1, 0x24
x11 <- 0x0000001000000000
mem[X,0x0000000080004DAC] -> 0x0113
mem[X,0x0000000080004DAE] -> 0x0000
[584] [M]: 0x0000000080004DAC (0x00000113) addi sp, zero, 0x0
x2 <- 0x0000000000000000
mem[X,0x0000000080004DB0] -> 0x006F
mem[X,0x0000000080004DB2] -> 0x00C0
[585] [M]: 0x0000000080004DB0 (0x00C0006F) jal zero, 0xc
mem[X,0x0000000080004DBC] -> 0x1863
mem[X,0x0000000080004DBE] -> 0x00B5
[586] [M]: 0x0000000080004DBC (0x00B51863) bne a0, a1, 0x10
mem[X,0x0000000080004DCC] -> 0x0113
mem[X,0x0000000080004DCE] -> 0x0031
[587] [M]: 0x0000000080004DCC (0x00310113) addi sp, sp, 0x3
x2 <- 0x0000000000000003
mem[X,0x0000000080004DD0] -> 0x006F
mem[X,0x0000000080004DD2] -> 0x0040
[588] [M]: 0x0000000080004DD0 (0x0040006F) jal zero, 0x4
mem[X,0x0000000080004DD4] -> 0xBC23
mem[X,0x0000000080004DD6] -> 0x0820
[589] [M]: 0x0000000080004DD4 (0x0820BC23) sd sp, 0x98(ra)
mem[0x0000000080045270] <- 0x0000000000000003
mem[X,0x0000000080004DD8] -> 0x5537
mem[X,0x0000000080004DDA] -> 0x5555
[590] [M]: 0x0000000080004DD8 (0x55555537) lui a0, 0x55555
x10 <- 0x0000000055555000
mem[X,0x0000000080004DDC] -> 0x0513
mem[X,0x0000000080004DDE] -> 0x5555
[591] [M]: 0x0000000080004DDC (0x55550513) addi a0, a0, 0x555
x10 <- 0x0000000055555555
mem[X,0x0000000080004DE0] -> 0x1513
mem[X,0x0000000080004DE2] -> 0x00B5
[592] [M]: 0x0000000080004DE0 (0x00B51513) slli a0, a0, 0xb
x10 <- 0x000002AAAAAAA800
mem[X,0x0000000080004DE4] -> 0x0513
mem[X,0x0000000080004DE6] -> 0x2AA5
[593] [M]: 0x0000000080004DE4 (0x2AA50513) addi a0, a0, 0x2aa
x10 <- 0x000002AAAAAAAAAA
mem[X,0x0000000080004DE8] -> 0x1513
mem[X,0x0000000080004DEA] -> 0x00B5
[594] [M]: 0x0000000080004DE8 (0x00B51513) slli a0, a0, 0xb
x10 <- 0x0015555555555000
mem[X,0x0000000080004DEC] -> 0x0513
mem[X,0x0000000080004DEE] -> 0x5555
[595] [M]: 0x0000000080004DEC (0x55550513) addi a0, a0, 0x555
x10 <- 0x0015555555555555
mem[X,0x0000000080004DF0] -> 0x1513
mem[X,0x0000000080004DF2] -> 0x00A5
[596] [M]: 0x0000000080004DF0 (0x00A51513) slli a0, a0, 0xa
x10 <- 0x5555555555555400
mem[X,0x0000000080004DF4] -> 0x0513
mem[X,0x0000000080004DF6] -> 0x1545
[597] [M]: 0x0000000080004DF4 (0x15450513) addi a0, a0, 0x154
x10 <- 0x5555555555555554
mem[X,0x0000000080004DF8] -> 0x0593
mem[X,0x0000000080004DFA] -> 0x0010
[598] [M]: 0x0000000080004DF8 (0x00100593) addi a1, zero, 0x1
x11 <- 0x0000000000000001
mem[X,0x0000000080004DFC] -> 0x9593
mem[X,0x0000000080004DFE] -> 0x0255
[599] [M]: 0x0000000080004DFC (0x02559593) slli a1, a1, 0x25
x11 <- 0x0000002000000000
clint::tick mtime <- 0x0000000000000006
 clint timer pending at mtime 0x0000000000000006
htif::tick 0x0000000000000000
mem[X,0x0000000080004E00] -> 0x0113
mem[X,0x0000000080004E02] -> 0x0000
[600] [M]: 0x0000000080004E00 (0x00000113) addi sp, zero, 0x0
x2 <- 0x0000000000000000
mem[X,0x0000000080004E04] -> 0x006F
mem[X,0x0000000080004E06] -> 0x00C0
[601] [M]: 0x0000000080004E04 (0x00C0006F) jal zero, 0xc
mem[X,0x0000000080004E10] -> 0x1663
mem[X,0x0000000080004E12] -> 0x00B5
[602] [M]: 0x0000000080004E10 (0x00B51663) bne a0, a1, 0xc
mem[X,0x0000000080004E1C] -> 0x0113
mem[X,0x0000000080004E1E] -> 0x0031
[603] [M]: 0x0000000080004E1C (0x00310113) addi sp, sp, 0x3
x2 <- 0x0000000000000003
mem[X,0x0000000080004E20] -> 0x006F
mem[X,0x0000000080004E22] -> 0x0040
[604] [M]: 0x0000000080004E20 (0x0040006F) jal zero, 0x4
mem[X,0x0000000080004E24] -> 0xB023
mem[X,0x0000000080004E26] -> 0x0A20
[605] [M]: 0x0000000080004E24 (0x0A20B023) sd sp, 0xa0(ra)
mem[0x0000000080045278] <- 0x0000000000000003
mem[X,0x0000000080004E28] -> 0x0513
mem[X,0x0000000080004E2A] -> 0x0000
[606] [M]: 0x0000000080004E28 (0x00000513) addi a0, zero, 0x0
x10 <- 0x0000000000000000
mem[X,0x0000000080004E2C] -> 0x0593
mem[X,0x0000000080004E2E] -> 0x0010
[607] [M]: 0x0000000080004E2C (0x00100593) addi a1, zero, 0x1
x11 <- 0x0000000000000001
mem[X,0x0000000080004E30] -> 0x9593
mem[X,0x0000000080004E32] -> 0x0275
[608] [M]: 0x0000000080004E30 (0x02759593) slli a1, a1, 0x27
x11 <- 0x0000008000000000
mem[X,0x0000000080004E34] -> 0x0113
mem[X,0x0000000080004E36] -> 0x0000
[609] [M]: 0x0000000080004E34 (0x00000113) addi sp, zero, 0x0
x2 <- 0x0000000000000000
mem[X,0x0000000080004E38] -> 0x006F
mem[X,0x0000000080004E3A] -> 0x00C0
[610] [M]: 0x0000000080004E38 (0x00C0006F) jal zero, 0xc
mem[X,0x0000000080004E44] -> 0x1CE3
mem[X,0x0000000080004E46] -> 0xFEB5
[611] [M]: 0x0000000080004E44 (0xFEB51CE3) bne a0, a1, -0x8
mem[X,0x0000000080004E3C] -> 0x0113
mem[X,0x0000000080004E3E] -> 0x0011
[612] [M]: 0x0000000080004E3C (0x00110113) addi sp, sp, 0x1
x2 <- 0x0000000000000001
mem[X,0x0000000080004E40] -> 0x006F
mem[X,0x0000000080004E42] -> 0x0180
[613] [M]: 0x0000000080004E40 (0x0180006F) jal zero, 0x18
mem[X,0x0000000080004E58] -> 0xB423
mem[X,0x0000000080004E5A] -> 0x0A20
[614] [M]: 0x0000000080004E58 (0x0A20B423) sd sp, 0xa8(ra)
mem[0x0000000080045280] <- 0x0000000000000001
mem[X,0x0000000080004E5C] -> 0x0513
mem[X,0x0000000080004E5E] -> 0xFFF0
[615] [M]: 0x0000000080004E5C (0xFFF00513) addi a0, zero, -0x1
x10 <- 0xFFFFFFFFFFFFFFFF
mem[X,0x0000000080004E60] -> 0x0593
mem[X,0x0000000080004E62] -> 0x0010
[616] [M]: 0x0000000080004E60 (0x00100593) addi a1, zero, 0x1
x11 <- 0x0000000000000001
mem[X,0x0000000080004E64] -> 0x9593
mem[X,0x0000000080004E66] -> 0x0285
[617] [M]: 0x0000000080004E64 (0x02859593) slli a1, a1, 0x28
x11 <- 0x0000010000000000
mem[X,0x0000000080004E68] -> 0x0113
mem[X,0x0000000080004E6A] -> 0x0000
[618] [M]: 0x0000000080004E68 (0x00000113) addi sp, zero, 0x0
x2 <- 0x0000000000000000
mem[X,0x0000000080004E6C] -> 0x006F
mem[X,0x0000000080004E6E] -> 0x00C0
[619] [M]: 0x0000000080004E6C (0x00C0006F) jal zero, 0xc
mem[X,0x0000000080004E78] -> 0x1063
mem[X,0x0000000080004E7A] -> 0x04B5
[620] [M]: 0x0000000080004E78 (0x04B51063) bne a0, a1, 0x40
mem[X,0x0000000080004EB8] -> 0x0113
mem[X,0x0000000080004EBA] -> 0x0031
[621] [M]: 0x0000000080004EB8 (0x00310113) addi sp, sp, 0x3
x2 <- 0x0000000000000003
mem[X,0x0000000080004EBC] -> 0x006F
mem[X,0x0000000080004EBE] -> 0x0040
[622] [M]: 0x0000000080004EBC (0x0040006F) jal zero, 0x4
mem[X,0x0000000080004EC0] -> 0xB823
mem[X,0x0000000080004EC2] -> 0x0A20
[623] [M]: 0x0000000080004EC0 (0x0A20B823) sd sp, 0xb0(ra)
mem[0x0000000080045288] <- 0x0000000000000003
mem[X,0x0000000080004EC4] -> 0x0513
mem[X,0x0000000080004EC6] -> 0x0010
[624] [M]: 0x0000000080004EC4 (0x00100513) addi a0, zero, 0x1
x10 <- 0x0000000000000001
mem[X,0x0000000080004EC8] -> 0x1513
mem[X,0x0000000080004ECA] -> 0x01E5
[625] [M]: 0x0000000080004EC8 (0x01E51513) slli a0, a0, 0x1e
x10 <- 0x0000000040000000
mem[X,0x0000000080004ECC] -> 0x0593
mem[X,0x0000000080004ECE] -> 0x0010
[626] [M]: 0x0000000080004ECC (0x00100593) addi a1, zero, 0x1
x11 <- 0x0000000000000001
mem[X,0x0000000080004ED0] -> 0x9593
mem[X,0x0000000080004ED2] -> 0x0295
[627] [M]: 0x0000000080004ED0 (0x02959593) slli a1, a1, 0x29
x11 <- 0x0000020000000000
mem[X,0x0000000080004ED4] -> 0x0113
mem[X,0x0000000080004ED6] -> 0x0000
[628] [M]: 0x0000000080004ED4 (0x00000113) addi sp, zero, 0x0
x2 <- 0x0000000000000000
mem[X,0x0000000080004ED8] -> 0x006F
mem[X,0x0000000080004EDA] -> 0x00C0
[629] [M]: 0x0000000080004ED8 (0x00C0006F) jal zero, 0xc
mem[X,0x0000000080004EE4] -> 0x1CE3
mem[X,0x0000000080004EE6] -> 0xFEB5
[630] [M]: 0x0000000080004EE4 (0xFEB51CE3) bne a0, a1, -0x8
mem[X,0x0000000080004EDC] -> 0x0113
mem[X,0x0000000080004EDE] -> 0x0011
[631] [M]: 0x0000000080004EDC (0x00110113) addi sp, sp, 0x1
x2 <- 0x0000000000000001
mem[X,0x0000000080004EE0] -> 0x006F
mem[X,0x0000000080004EE2] -> 0x0180
[632] [M]: 0x0000000080004EE0 (0x0180006F) jal zero, 0x18
mem[X,0x0000000080004EF8] -> 0xBC23
mem[X,0x0000000080004EFA] -> 0x0A20
[633] [M]: 0x0000000080004EF8 (0x0A20BC23) sd sp, 0xb8(ra)
mem[0x0000000080045290] <- 0x0000000000000001
mem[X,0x0000000080004EFC] -> 0x0513
mem[X,0x0000000080004EFE] -> 0xBFF0
[634] [M]: 0x0000000080004EFC (0xBFF00513) addi a0, zero, -0x401
x10 <- 0xFFFFFFFFFFFFFBFF
mem[X,0x0000000080004F00] -> 0x0593
mem[X,0x0000000080004F02] -> 0x0010
[635] [M]: 0x0000000080004F00 (0x00100593) addi a1, zero, 0x1
x11 <- 0x0000000000000001
mem[X,0x0000000080004F04] -> 0x9593
mem[X,0x0000000080004F06] -> 0x02A5
[636] [M]: 0x0000000080004F04 (0x02A59593) slli a1, a1, 0x2a
x11 <- 0x0000040000000000
mem[X,0x0000000080004F08] -> 0x0113
mem[X,0x0000000080004F0A] -> 0x0000
[637] [M]: 0x0000000080004F08 (0x00000113) addi sp, zero, 0x0
x2 <- 0x0000000000000000
mem[X,0x0000000080004F0C] -> 0x006F
mem[X,0x0000000080004F0E] -> 0x00C0
[638] [M]: 0x0000000080004F0C (0x00C0006F) jal zero, 0xc
mem[X,0x0000000080004F18] -> 0x1CE3
mem[X,0x0000000080004F1A] -> 0xFEB5
[639] [M]: 0x0000000080004F18 (0xFEB51CE3) bne a0, a1, -0x8
mem[X,0x0000000080004F10] -> 0x0113
mem[X,0x0000000080004F12] -> 0x0011
[640] [M]: 0x0000000080004F10 (0x00110113) addi sp, sp, 0x1
x2 <- 0x0000000000000001
mem[X,0x0000000080004F14] -> 0x006F
mem[X,0x0000000080004F16] -> 0x0180
[641] [M]: 0x0000000080004F14 (0x0180006F) jal zero, 0x18
mem[X,0x0000000080004F2C] -> 0xB023
mem[X,0x0000000080004F2E] -> 0x0C20
[642] [M]: 0x0000000080004F2C (0x0C20B023) sd sp, 0xc0(ra)
mem[0x0000000080045298] <- 0x0000000000000001
mem[X,0x0000000080004F30] -> 0x0513
mem[X,0x0000000080004F32] -> 0x0050
[643] [M]: 0x0000000080004F30 (0x00500513) addi a0, zero, 0x5
x10 <- 0x0000000000000005
mem[X,0x0000000080004F34] -> 0x0593
mem[X,0x0000000080004F36] -> 0x0010
[644] [M]: 0x0000000080004F34 (0x00100593) addi a1, zero, 0x1
x11 <- 0x0000000000000001
mem[X,0x0000000080004F38] -> 0x9593
mem[X,0x0000000080004F3A] -> 0x02B5
[645] [M]: 0x0000000080004F38 (0x02B59593) slli a1, a1, 0x2b
x11 <- 0x0000080000000000
mem[X,0x0000000080004F3C] -> 0x0113
mem[X,0x0000000080004F3E] -> 0x0000
[646] [M]: 0x0000000080004F3C (0x00000113) addi sp, zero, 0x0
x2 <- 0x0000000000000000
mem[X,0x0000000080004F40] -> 0x006F
mem[X,0x0000000080004F42] -> 0x0180
[647] [M]: 0x0000000080004F40 (0x0180006F) jal zero, 0x18
mem[X,0x0000000080004F58] -> 0x16E3
mem[X,0x0000000080004F5A] -> 0xFEB5
[648] [M]: 0x0000000080004F58 (0xFEB516E3) bne a0, a1, -0x14
mem[X,0x0000000080004F44] -> 0x0113
mem[X,0x0000000080004F46] -> 0x0011
[649] [M]: 0x0000000080004F44 (0x00110113) addi sp, sp, 0x1
x2 <- 0x0000000000000001
mem[X,0x0000000080004F48] -> 0x006F
mem[X,0x0000000080004F4A] -> 0x0240
[650] [M]: 0x0000000080004F48 (0x0240006F) jal zero, 0x24
mem[X,0x0000000080004F6C] -> 0xB423
mem[X,0x0000000080004F6E] -> 0x0C20
[651] [M]: 0x0000000080004F6C (0x0C20B423) sd sp, 0xc8(ra)
mem[0x00000000800452A0] <- 0x0000000000000001
mem[X,0x0000000080004F70] -> 0x0513
mem[X,0x0000000080004F72] -> 0x0010
[652] [M]: 0x0000000080004F70 (0x00100513) addi a0, zero, 0x1
x10 <- 0x0000000000000001
mem[X,0x0000000080004F74] -> 0x1513
mem[X,0x0000000080004F76] -> 0x0175
[653] [M]: 0x0000000080004F74 (0x01751513) slli a0, a0, 0x17
x10 <- 0x0000000000800000
mem[X,0x0000000080004F78] -> 0x0593
mem[X,0x0000000080004F7A] -> 0x0010
[654] [M]: 0x0000000080004F78 (0x00100593) addi a1, zero, 0x1
x11 <- 0x0000000000000001
mem[X,0x0000000080004F7C] -> 0x9593
mem[X,0x0000000080004F7E] -> 0x02C5
[655] [M]: 0x0000000080004F7C (0x02C59593) slli a1, a1, 0x2c
x11 <- 0x0000100000000000
mem[X,0x0000000080004F80] -> 0x0113
mem[X,0x0000000080004F82] -> 0x0000
[656] [M]: 0x0000000080004F80 (0x00000113) addi sp, zero, 0x0
x2 <- 0x0000000000000000
mem[X,0x0000000080004F84] -> 0x006F
mem[X,0x0000000080004F86] -> 0x00C0
[657] [M]: 0x0000000080004F84 (0x00C0006F) jal zero, 0xc
mem[X,0x0000000080004F90] -> 0x1663
mem[X,0x0000000080004F92] -> 0x00B5
[658] [M]: 0x0000000080004F90 (0x00B51663) bne a0, a1, 0xc
mem[X,0x0000000080004F9C] -> 0x0113
mem[X,0x0000000080004F9E] -> 0x0031
[659] [M]: 0x0000000080004F9C (0x00310113) addi sp, sp, 0x3
x2 <- 0x0000000000000003
mem[X,0x0000000080004FA0] -> 0x006F
mem[X,0x0000000080004FA2] -> 0x0040
[660] [M]: 0x0000000080004FA0 (0x0040006F) jal zero, 0x4
mem[X,0x0000000080004FA4] -> 0xB823
mem[X,0x0000000080004FA6] -> 0x0C20
[661] [M]: 0x0000000080004FA4 (0x0C20B823) sd sp, 0xd0(ra)
mem[0x00000000800452A8] <- 0x0000000000000003
mem[X,0x0000000080004FA8] -> 0x0513
mem[X,0x0000000080004FAA] -> 0x0010
[662] [M]: 0x0000000080004FA8 (0x00100513) addi a0, zero, 0x1
x10 <- 0x0000000000000001
mem[X,0x0000000080004FAC] -> 0x1513
mem[X,0x0000000080004FAE] -> 0x0335
[663] [M]: 0x0000000080004FAC (0x03351513) slli a0, a0, 0x33
x10 <- 0x0008000000000000
mem[X,0x0000000080004FB0] -> 0x4513
mem[X,0x0000000080004FB2] -> 0xFFF5
[664] [M]: 0x0000000080004FB0 (0xFFF54513) xori a0, a0, -0x1
x10 <- 0xFFF7FFFFFFFFFFFF
mem[X,0x0000000080004FB4] -> 0x0593
mem[X,0x0000000080004FB6] -> 0x0010
[665] [M]: 0x0000000080004FB4 (0x00100593) addi a1, zero, 0x1
x11 <- 0x0000000000000001
mem[X,0x0000000080004FB8] -> 0x9593
mem[X,0x0000000080004FBA] -> 0x02D5
[666] [M]: 0x0000000080004FB8 (0x02D59593) slli a1, a1, 0x2d
x11 <- 0x0000200000000000
mem[X,0x0000000080004FBC] -> 0x0113
mem[X,0x0000000080004FBE] -> 0x0000
[667] [M]: 0x0000000080004FBC (0x00000113) addi sp, zero, 0x0
x2 <- 0x0000000000000000
mem[X,0x0000000080004FC0] -> 0x006F
mem[X,0x0000000080004FC2] -> 0x00C0
[668] [M]: 0x0000000080004FC0 (0x00C0006F) jal zero, 0xc
mem[X,0x0000000080004FCC] -> 0x1063
mem[X,0x0000000080004FCE] -> 0x10B5
[669] [M]: 0x0000000080004FCC (0x10B51063) bne a0, a1, 0x100
mem[X,0x00000000800050CC] -> 0x0113
mem[X,0x00000000800050CE] -> 0x0031
[670] [M]: 0x00000000800050CC (0x00310113) addi sp, sp, 0x3
x2 <- 0x0000000000000003
mem[X,0x00000000800050D0] -> 0x006F
mem[X,0x00000000800050D2] -> 0x0040
[671] [M]: 0x00000000800050D0 (0x0040006F) jal zero, 0x4
mem[X,0x00000000800050D4] -> 0xBC23
mem[X,0x00000000800050D6] -> 0x0C20
[672] [M]: 0x00000000800050D4 (0x0C20BC23) sd sp, 0xd8(ra)
mem[0x00000000800452B0] <- 0x0000000000000003
mem[X,0x00000000800050D8] -> 0x0513
mem[X,0x00000000800050DA] -> 0x0010
[673] [M]: 0x00000000800050D8 (0x00100513) addi a0, zero, 0x1
x10 <- 0x0000000000000001
mem[X,0x00000000800050DC] -> 0x1513
mem[X,0x00000000800050DE] -> 0x0385
[674] [M]: 0x00000000800050DC (0x03851513) slli a0, a0, 0x38
x10 <- 0x0100000000000000
mem[X,0x00000000800050E0] -> 0x0593
mem[X,0x00000000800050E2] -> 0x0010
[675] [M]: 0x00000000800050E0 (0x00100593) addi a1, zero, 0x1
x11 <- 0x0000000000000001
mem[X,0x00000000800050E4] -> 0x9593
mem[X,0x00000000800050E6] -> 0x02F5
[676] [M]: 0x00000000800050E4 (0x02F59593) slli a1, a1, 0x2f
x11 <- 0x0000800000000000
mem[X,0x00000000800050E8] -> 0x0113
mem[X,0x00000000800050EA] -> 0x0000
[677] [M]: 0x00000000800050E8 (0x00000113) addi sp, zero, 0x0
x2 <- 0x0000000000000000
mem[X,0x00000000800050EC] -> 0x006F
mem[X,0x00000000800050EE] -> 0x00C0
[678] [M]: 0x00000000800050EC (0x00C0006F) jal zero, 0xc
mem[X,0x00000000800050F8] -> 0x1063
mem[X,0x00000000800050FA] -> 0x20B5
[679] [M]: 0x00000000800050F8 (0x20B51063) bne a0, a1, 0x200
mem[X,0x00000000800052F8] -> 0x0113
mem[X,0x00000000800052FA] -> 0x0031
[680] [M]: 0x00000000800052F8 (0x00310113) addi sp, sp, 0x3
x2 <- 0x0000000000000003
mem[X,0x00000000800052FC] -> 0x006F
mem[X,0x00000000800052FE] -> 0x0040
[681] [M]: 0x00000000800052FC (0x0040006F) jal zero, 0x4
mem[X,0x0000000080005300] -> 0xB023
mem[X,0x0000000080005302] -> 0x0E20
[682] [M]: 0x0000000080005300 (0x0E20B023) sd sp, 0xe0(ra)
mem[0x00000000800452B8] <- 0x0000000000000003
mem[X,0x0000000080005304] -> 0x0513
mem[X,0x0000000080005306] -> 0x0010
[683] [M]: 0x0000000080005304 (0x00100513) addi a0, zero, 0x1
x10 <- 0x0000000000000001
mem[X,0x0000000080005308] -> 0x1513
mem[X,0x000000008000530A] -> 0x0305
[684] [M]: 0x0000000080005308 (0x03051513) slli a0, a0, 0x30
x10 <- 0x0001000000000000
mem[X,0x000000008000530C] -> 0x0593
mem[X,0x000000008000530E] -> 0x0010
[685] [M]: 0x000000008000530C (0x00100593) addi a1, zero, 0x1
x11 <- 0x0000000000000001
mem[X,0x0000000080005310] -> 0x9593
mem[X,0x0000000080005312] -> 0x0305
[686] [M]: 0x0000000080005310 (0x03059593) slli a1, a1, 0x30
x11 <- 0x0001000000000000
mem[X,0x0000000080005314] -> 0x0113
mem[X,0x0000000080005316] -> 0x0000
[687] [M]: 0x0000000080005314 (0x00000113) addi sp, zero, 0x0
x2 <- 0x0000000000000000
mem[X,0x0000000080005318] -> 0x006F
mem[X,0x000000008000531A] -> 0x0050
[688] [M]: 0x0000000080005318 (0x0050006F) jal zero, 0x804
mem[X,0x0000000080005B1C] -> 0x10E3
mem[X,0x0000000080005B1E] -> 0x80B5
[689] [M]: 0x0000000080005B1C (0x80B510E3) bne a0, a1, -0x800
mem[X,0x0000000080005B20] -> 0x0113
mem[X,0x0000000080005B22] -> 0x0021
[690] [M]: 0x0000000080005B20 (0x00210113) addi sp, sp, 0x2
x2 <- 0x0000000000000002
mem[X,0x0000000080005B24] -> 0x006F
mem[X,0x0000000080005B26] -> 0x00C0
[691] [M]: 0x0000000080005B24 (0x00C0006F) jal zero, 0xc
mem[X,0x0000000080005B30] -> 0xB423
mem[X,0x0000000080005B32] -> 0x0E20
[692] [M]: 0x0000000080005B30 (0x0E20B423) sd sp, 0xe8(ra)
mem[0x00000000800452C0] <- 0x0000000000000002
mem[X,0x0000000080005B34] -> 0x0513
mem[X,0x0000000080005B36] -> 0x0000
[693] [M]: 0x0000000080005B34 (0x00000513) addi a0, zero, 0x0
x10 <- 0x0000000000000000
mem[X,0x0000000080005B38] -> 0x0593
mem[X,0x0000000080005B3A] -> 0x0010
[694] [M]: 0x0000000080005B38 (0x00100593) addi a1, zero, 0x1
x11 <- 0x0000000000000001
mem[X,0x0000000080005B3C] -> 0x9593
mem[X,0x0000000080005B3E] -> 0x0325
[695] [M]: 0x0000000080005B3C (0x03259593) slli a1, a1, 0x32
x11 <- 0x0004000000000000
mem[X,0x0000000080005B40] -> 0x0113
mem[X,0x0000000080005B42] -> 0x0000
[696] [M]: 0x0000000080005B40 (0x00000113) addi sp, zero, 0x0
x2 <- 0x0000000000000000
mem[X,0x0000000080005B44] -> 0x006F
mem[X,0x0000000080005B46] -> 0x00C0
[697] [M]: 0x0000000080005B44 (0x00C0006F) jal zero, 0xc
mem[X,0x0000000080005B50] -> 0x1663
mem[X,0x0000000080005B52] -> 0x00B5
[698] [M]: 0x0000000080005B50 (0x00B51663) bne a0, a1, 0xc
mem[X,0x0000000080005B5C] -> 0x0113
mem[X,0x0000000080005B5E] -> 0x0031
[699] [M]: 0x0000000080005B5C (0x00310113) addi sp, sp, 0x3
x2 <- 0x0000000000000003
clint::tick mtime <- 0x0000000000000007
 clint timer pending at mtime 0x0000000000000007
htif::tick 0x0000000000000000
mem[X,0x0000000080005B60] -> 0x006F
mem[X,0x0000000080005B62] -> 0x0040
[700] [M]: 0x0000000080005B60 (0x0040006F) jal zero, 0x4
mem[X,0x0000000080005B64] -> 0xB823
mem[X,0x0000000080005B66] -> 0x0E20
[701] [M]: 0x0000000080005B64 (0x0E20B823) sd sp, 0xf0(ra)
mem[0x00000000800452C8] <- 0x0000000000000003
mem[X,0x0000000080005B68] -> 0x0513
mem[X,0x0000000080005B6A] -> 0x0010
[702] [M]: 0x0000000080005B68 (0x00100513) addi a0, zero, 0x1
x10 <- 0x0000000000000001
mem[X,0x0000000080005B6C] -> 0x1513
mem[X,0x0000000080005B6E] -> 0x03E5
[703] [M]: 0x0000000080005B6C (0x03E51513) slli a0, a0, 0x3e
x10 <- 0x4000000000000000
mem[X,0x0000000080005B70] -> 0x0593
mem[X,0x0000000080005B72] -> 0x0010
[704] [M]: 0x0000000080005B70 (0x00100593) addi a1, zero, 0x1
x11 <- 0x0000000000000001
mem[X,0x0000000080005B74] -> 0x9593
mem[X,0x0000000080005B76] -> 0x0335
[705] [M]: 0x0000000080005B74 (0x03359593) slli a1, a1, 0x33
x11 <- 0x0008000000000000
mem[X,0x0000000080005B78] -> 0x0113
mem[X,0x0000000080005B7A] -> 0x0000
[706] [M]: 0x0000000080005B78 (0x00000113) addi sp, zero, 0x0
x2 <- 0x0000000000000000
mem[X,0x0000000080005B7C] -> 0x006F
mem[X,0x0000000080005B7E] -> 0x00C0
[707] [M]: 0x0000000080005B7C (0x00C0006F) jal zero, 0xc
mem[X,0x0000000080005B88] -> 0x1863
mem[X,0x0000000080005B8A] -> 0x00B5
[708] [M]: 0x0000000080005B88 (0x00B51863) bne a0, a1, 0x10
mem[X,0x0000000080005B98] -> 0x0113
mem[X,0x0000000080005B9A] -> 0x0031
[709] [M]: 0x0000000080005B98 (0x00310113) addi sp, sp, 0x3
x2 <- 0x0000000000000003
mem[X,0x0000000080005B9C] -> 0x006F
mem[X,0x0000000080005B9E] -> 0x0040
[710] [M]: 0x0000000080005B9C (0x0040006F) jal zero, 0x4
mem[X,0x0000000080005BA0] -> 0xBC23
mem[X,0x0000000080005BA2] -> 0x0E20
[711] [M]: 0x0000000080005BA0 (0x0E20BC23) sd sp, 0xf8(ra)
mem[0x00000000800452D0] <- 0x0000000000000003
mem[X,0x0000000080005BA4] -> 0x0513
mem[X,0x0000000080005BA6] -> 0x0010
[712] [M]: 0x0000000080005BA4 (0x00100513) addi a0, zero, 0x1
x10 <- 0x0000000000000001
mem[X,0x0000000080005BA8] -> 0x1513
mem[X,0x0000000080005BAA] -> 0x0135
[713] [M]: 0x0000000080005BA8 (0x01351513) slli a0, a0, 0x13
x10 <- 0x0000000000080000
mem[X,0x0000000080005BAC] -> 0x0593
mem[X,0x0000000080005BAE] -> 0x0010
[714] [M]: 0x0000000080005BAC (0x00100593) addi a1, zero, 0x1
x11 <- 0x0000000000000001
mem[X,0x0000000080005BB0] -> 0x9593
mem[X,0x0000000080005BB2] -> 0x0345
[715] [M]: 0x0000000080005BB0 (0x03459593) slli a1, a1, 0x34
x11 <- 0x0010000000000000
mem[X,0x0000000080005BB4] -> 0x0113
mem[X,0x0000000080005BB6] -> 0x0000
[716] [M]: 0x0000000080005BB4 (0x00000113) addi sp, zero, 0x0
x2 <- 0x0000000000000000
mem[X,0x0000000080005BB8] -> 0x006F
mem[X,0x0000000080005BBA] -> 0x00C0
[717] [M]: 0x0000000080005BB8 (0x00C0006F) jal zero, 0xc
mem[X,0x0000000080005BC4] -> 0x1663
mem[X,0x0000000080005BC6] -> 0x00B5
[718] [M]: 0x0000000080005BC4 (0x00B51663) bne a0, a1, 0xc
mem[X,0x0000000080005BD0] -> 0x0113
mem[X,0x0000000080005BD2] -> 0x0031
[719] [M]: 0x0000000080005BD0 (0x00310113) addi sp, sp, 0x3
x2 <- 0x0000000000000003
mem[X,0x0000000080005BD4] -> 0x006F
mem[X,0x0000000080005BD6] -> 0x0040
[720] [M]: 0x0000000080005BD4 (0x0040006F) jal zero, 0x4
mem[X,0x0000000080005BD8] -> 0xB023
mem[X,0x0000000080005BDA] -> 0x1020
[721] [M]: 0x0000000080005BD8 (0x1020B023) sd sp, 0x100(ra)
mem[0x00000000800452D8] <- 0x0000000000000003
mem[X,0x0000000080005BDC] -> 0x0513
mem[X,0x0000000080005BDE] -> 0x0010
[722] [M]: 0x0000000080005BDC (0x00100513) addi a0, zero, 0x1
x10 <- 0x0000000000000001
mem[X,0x0000000080005BE0] -> 0x1513
mem[X,0x0000000080005BE2] -> 0x0375
[723] [M]: 0x0000000080005BE0 (0x03751513) slli a0, a0, 0x37
x10 <- 0x0080000000000000
mem[X,0x0000000080005BE4] -> 0x4513
mem[X,0x0000000080005BE6] -> 0xFFF5
[724] [M]: 0x0000000080005BE4 (0xFFF54513) xori a0, a0, -0x1
x10 <- 0xFF7FFFFFFFFFFFFF
mem[X,0x0000000080005BE8] -> 0x0593
mem[X,0x0000000080005BEA] -> 0x0010
[725] [M]: 0x0000000080005BE8 (0x00100593) addi a1, zero, 0x1
x11 <- 0x0000000000000001
mem[X,0x0000000080005BEC] -> 0x9593
mem[X,0x0000000080005BEE] -> 0x0355
[726] [M]: 0x0000000080005BEC (0x03559593) slli a1, a1, 0x35
x11 <- 0x0020000000000000
mem[X,0x0000000080005BF0] -> 0x0113
mem[X,0x0000000080005BF2] -> 0x0000
[727] [M]: 0x0000000080005BF0 (0x00000113) addi sp, zero, 0x0
x2 <- 0x0000000000000000
mem[X,0x0000000080005BF4] -> 0x006F
mem[X,0x0000000080005BF6] -> 0x00C0
[728] [M]: 0x0000000080005BF4 (0x00C0006F) jal zero, 0xc
mem[X,0x0000000080005C00] -> 0x1663
mem[X,0x0000000080005C02] -> 0x00B5
[729] [M]: 0x0000000080005C00 (0x00B51663) bne a0, a1, 0xc
mem[X,0x0000000080005C0C] -> 0x0113
mem[X,0x0000000080005C0E] -> 0x0031
[730] [M]: 0x0000000080005C0C (0x00310113) addi sp, sp, 0x3
x2 <- 0x0000000000000003
mem[X,0x0000000080005C10] -> 0x006F
mem[X,0x0000000080005C12] -> 0x0040
[731] [M]: 0x0000000080005C10 (0x0040006F) jal zero, 0x4
mem[X,0x0000000080005C14] -> 0xB423
mem[X,0x0000000080005C16] -> 0x1020
[732] [M]: 0x0000000080005C14 (0x1020B423) sd sp, 0x108(ra)
mem[0x00000000800452E0] <- 0x0000000000000003
mem[X,0x0000000080005C18] -> 0x0513
mem[X,0x0000000080005C1A] -> 0x0010
[733] [M]: 0x0000000080005C18 (0x00100513) addi a0, zero, 0x1
x10 <- 0x0000000000000001
mem[X,0x0000000080005C1C] -> 0x1513
mem[X,0x0000000080005C1E] -> 0x01B5
[734] [M]: 0x0000000080005C1C (0x01B51513) slli a0, a0, 0x1b
x10 <- 0x0000000008000000
mem[X,0x0000000080005C20] -> 0x0593
mem[X,0x0000000080005C22] -> 0x0010
[735] [M]: 0x0000000080005C20 (0x00100593) addi a1, zero, 0x1
x11 <- 0x0000000000000001
mem[X,0x0000000080005C24] -> 0x9593
mem[X,0x0000000080005C26] -> 0x0365
[736] [M]: 0x0000000080005C24 (0x03659593) slli a1, a1, 0x36
x11 <- 0x0040000000000000
mem[X,0x0000000080005C28] -> 0x0113
mem[X,0x0000000080005C2A] -> 0x0000
[737] [M]: 0x0000000080005C28 (0x00000113) addi sp, zero, 0x0
x2 <- 0x0000000000000000
mem[X,0x0000000080005C2C] -> 0x006F
mem[X,0x0000000080005C2E] -> 0x00C0
[738] [M]: 0x0000000080005C2C (0x00C0006F) jal zero, 0xc
mem[X,0x0000000080005C38] -> 0x1863
mem[X,0x0000000080005C3A] -> 0x00B5
[739] [M]: 0x0000000080005C38 (0x00B51863) bne a0, a1, 0x10
mem[X,0x0000000080005C48] -> 0x0113
mem[X,0x0000000080005C4A] -> 0x0031
[740] [M]: 0x0000000080005C48 (0x00310113) addi sp, sp, 0x3
x2 <- 0x0000000000000003
mem[X,0x0000000080005C4C] -> 0x006F
mem[X,0x0000000080005C4E] -> 0x0040
[741] [M]: 0x0000000080005C4C (0x0040006F) jal zero, 0x4
mem[X,0x0000000080005C50] -> 0xB823
mem[X,0x0000000080005C52] -> 0x1020
[742] [M]: 0x0000000080005C50 (0x1020B823) sd sp, 0x110(ra)
mem[0x00000000800452E8] <- 0x0000000000000003
mem[X,0x0000000080005C54] -> 0x0513
mem[X,0x0000000080005C56] -> 0x0010
[743] [M]: 0x0000000080005C54 (0x00100513) addi a0, zero, 0x1
x10 <- 0x0000000000000001
mem[X,0x0000000080005C58] -> 0x1513
mem[X,0x0000000080005C5A] -> 0x0155
[744] [M]: 0x0000000080005C58 (0x01551513) slli a0, a0, 0x15
x10 <- 0x0000000000200000
mem[X,0x0000000080005C5C] -> 0x0593
mem[X,0x0000000080005C5E] -> 0x0010
[745] [M]: 0x0000000080005C5C (0x00100593) addi a1, zero, 0x1
x11 <- 0x0000000000000001
mem[X,0x0000000080005C60] -> 0x9593
mem[X,0x0000000080005C62] -> 0x0375
[746] [M]: 0x0000000080005C60 (0x03759593) slli a1, a1, 0x37
x11 <- 0x0080000000000000
mem[X,0x0000000080005C64] -> 0x0113
mem[X,0x0000000080005C66] -> 0x0000
[747] [M]: 0x0000000080005C64 (0x00000113) addi sp, zero, 0x0
x2 <- 0x0000000000000000
mem[X,0x0000000080005C68] -> 0x006F
mem[X,0x0000000080005C6A] -> 0x00C0
[748] [M]: 0x0000000080005C68 (0x00C0006F) jal zero, 0xc
mem[X,0x0000000080005C74] -> 0x1CE3
mem[X,0x0000000080005C76] -> 0xFEB5
[749] [M]: 0x0000000080005C74 (0xFEB51CE3) bne a0, a1, -0x8
mem[X,0x0000000080005C6C] -> 0x0113
mem[X,0x0000000080005C6E] -> 0x0011
[750] [M]: 0x0000000080005C6C (0x00110113) addi sp, sp, 0x1
x2 <- 0x0000000000000001
mem[X,0x0000000080005C70] -> 0x006F
mem[X,0x0000000080005C72] -> 0x0180
[751] [M]: 0x0000000080005C70 (0x0180006F) jal zero, 0x18
mem[X,0x0000000080005C88] -> 0xBC23
mem[X,0x0000000080005C8A] -> 0x1020
[752] [M]: 0x0000000080005C88 (0x1020BC23) sd sp, 0x118(ra)
mem[0x00000000800452F0] <- 0x0000000000000001
mem[X,0x0000000080005C8C] -> 0x0513
mem[X,0x0000000080005C8E] -> 0x0030
[753] [M]: 0x0000000080005C8C (0x00300513) addi a0, zero, 0x3
x10 <- 0x0000000000000003
mem[X,0x0000000080005C90] -> 0x0593
mem[X,0x0000000080005C92] -> 0x0010
[754] [M]: 0x0000000080005C90 (0x00100593) addi a1, zero, 0x1
x11 <- 0x0000000000000001
mem[X,0x0000000080005C94] -> 0x9593
mem[X,0x0000000080005C96] -> 0x0385
[755] [M]: 0x0000000080005C94 (0x03859593) slli a1, a1, 0x38
x11 <- 0x0100000000000000
mem[X,0x0000000080005C98] -> 0x0113
mem[X,0x0000000080005C9A] -> 0x0000
[756] [M]: 0x0000000080005C98 (0x00000113) addi sp, zero, 0x0
x2 <- 0x0000000000000000
mem[X,0x0000000080005C9C] -> 0x006F
mem[X,0x0000000080005C9E] -> 0x2B10
[757] [M]: 0x0000000080005C9C (0x2B10006F) jal zero, 0xab0
mem[X,0x000000008000674C] -> 0x1A63
mem[X,0x000000008000674E] -> 0xD4B5
[758] [M]: 0x000000008000674C (0xD4B51A63) bne a0, a1, -0xaac
mem[X,0x0000000080005CA0] -> 0x0113
mem[X,0x0000000080005CA2] -> 0x0011
[759] [M]: 0x0000000080005CA0 (0x00110113) addi sp, sp, 0x1
x2 <- 0x0000000000000001
mem[X,0x0000000080005CA4] -> 0x006F
mem[X,0x0000000080005CA6] -> 0x2BD0
[760] [M]: 0x0000000080005CA4 (0x2BD0006F) jal zero, 0xabc
mem[X,0x0000000080006760] -> 0xB023
mem[X,0x0000000080006762] -> 0x1220
[761] [M]: 0x0000000080006760 (0x1220B023) sd sp, 0x120(ra)
mem[0x00000000800452F8] <- 0x0000000000000001
mem[X,0x0000000080006764] -> 0x0513
mem[X,0x0000000080006766] -> 0x0060
[762] [M]: 0x0000000080006764 (0x00600513) addi a0, zero, 0x6
x10 <- 0x0000000000000006
mem[X,0x0000000080006768] -> 0x0593
mem[X,0x000000008000676A] -> 0x0010
[763] [M]: 0x0000000080006768 (0x00100593) addi a1, zero, 0x1
x11 <- 0x0000000000000001
mem[X,0x000000008000676C] -> 0x9593
mem[X,0x000000008000676E] -> 0x0395
[764] [M]: 0x000000008000676C (0x03959593) slli a1, a1, 0x39
x11 <- 0x0200000000000000
mem[X,0x0000000080006770] -> 0x0113
mem[X,0x0000000080006772] -> 0x0000
[765] [M]: 0x0000000080006770 (0x00000113) addi sp, zero, 0x0
x2 <- 0x0000000000000000
mem[X,0x0000000080006774] -> 0x006F
mem[X,0x0000000080006776] -> 0x00C0
[766] [M]: 0x0000000080006774 (0x00C0006F) jal zero, 0xc
mem[X,0x0000000080006780] -> 0x1863
mem[X,0x0000000080006782] -> 0x00B5
[767] [M]: 0x0000000080006780 (0x00B51863) bne a0, a1, 0x10
mem[X,0x0000000080006790] -> 0x0113
mem[X,0x0000000080006792] -> 0x0031
[768] [M]: 0x0000000080006790 (0x00310113) addi sp, sp, 0x3
x2 <- 0x0000000000000003
mem[X,0x0000000080006794] -> 0x006F
mem[X,0x0000000080006796] -> 0x0040
[769] [M]: 0x0000000080006794 (0x0040006F) jal zero, 0x4
mem[X,0x0000000080006798] -> 0xB423
mem[X,0x000000008000679A] -> 0x1220
[770] [M]: 0x0000000080006798 (0x1220B423) sd sp, 0x128(ra)
mem[0x0000000080045300] <- 0x0000000000000003
mem[X,0x000000008000679C] -> 0x0513
mem[X,0x000000008000679E] -> 0x0100
[771] [M]: 0x000000008000679C (0x01000513) addi a0, zero, 0x10
x10 <- 0x0000000000000010
mem[X,0x00000000800067A0] -> 0x0593
mem[X,0x00000000800067A2] -> 0x0010
[772] [M]: 0x00000000800067A0 (0x00100593) addi a1, zero, 0x1
x11 <- 0x0000000000000001
mem[X,0x00000000800067A4] -> 0x9593
mem[X,0x00000000800067A6] -> 0x03A5
[773] [M]: 0x00000000800067A4 (0x03A59593) slli a1, a1, 0x3a
x11 <- 0x0400000000000000
mem[X,0x00000000800067A8] -> 0x0113
mem[X,0x00000000800067AA] -> 0x0000
[774] [M]: 0x00000000800067A8 (0x00000113) addi sp, zero, 0x0
x2 <- 0x0000000000000000
mem[X,0x00000000800067AC] -> 0x006F
mem[X,0x00000000800067AE] -> 0x00C0
[775] [M]: 0x00000000800067AC (0x00C0006F) jal zero, 0xc
mem[X,0x00000000800067B8] -> 0x1063
mem[X,0x00000000800067BA] -> 0x10B5
[776] [M]: 0x00000000800067B8 (0x10B51063) bne a0, a1, 0x100
mem[X,0x00000000800068B8] -> 0x0113
mem[X,0x00000000800068BA] -> 0x0031
[777] [M]: 0x00000000800068B8 (0x00310113) addi sp, sp, 0x3
x2 <- 0x0000000000000003
mem[X,0x00000000800068BC] -> 0x006F
mem[X,0x00000000800068BE] -> 0x0040
[778] [M]: 0x00000000800068BC (0x0040006F) jal zero, 0x4
mem[X,0x00000000800068C0] -> 0xB823
mem[X,0x00000000800068C2] -> 0x1220
[779] [M]: 0x00000000800068C0 (0x1220B823) sd sp, 0x130(ra)
mem[0x0000000080045308] <- 0x0000000000000003
mem[X,0x00000000800068C4] -> 0x3537
mem[X,0x00000000800068C6] -> 0x3333
[780] [M]: 0x00000000800068C4 (0x33333537) lui a0, 0x33333
x10 <- 0x0000000033333000
mem[X,0x00000000800068C8] -> 0x0513
mem[X,0x00000000800068CA] -> 0x3335
[781] [M]: 0x00000000800068C8 (0x33350513) addi a0, a0, 0x333
x10 <- 0x0000000033333333
mem[X,0x00000000800068CC] -> 0x1513
mem[X,0x00000000800068CE] -> 0x00B5
[782] [M]: 0x00000000800068CC (0x00B51513) slli a0, a0, 0xb
x10 <- 0x0000019999999800
mem[X,0x00000000800068D0] -> 0x0513
mem[X,0x00000000800068D2] -> 0x1995
[783] [M]: 0x00000000800068D0 (0x19950513) addi a0, a0, 0x199
x10 <- 0x0000019999999999
mem[X,0x00000000800068D4] -> 0x1513
mem[X,0x00000000800068D6] -> 0x00B5
[784] [M]: 0x00000000800068D4 (0x00B51513) slli a0, a0, 0xb
x10 <- 0x000CCCCCCCCCC800
mem[X,0x00000000800068D8] -> 0x0513
mem[X,0x00000000800068DA] -> 0x4CC5
[785] [M]: 0x00000000800068D8 (0x4CC50513) addi a0, a0, 0x4cc
x10 <- 0x000CCCCCCCCCCCCC
mem[X,0x00000000800068DC] -> 0x1513
mem[X,0x00000000800068DE] -> 0x00A5
[786] [M]: 0x00000000800068DC (0x00A51513) slli a0, a0, 0xa
x10 <- 0x3333333333333000
mem[X,0x00000000800068E0] -> 0x0513
mem[X,0x00000000800068E2] -> 0x3345
[787] [M]: 0x00000000800068E0 (0x33450513) addi a0, a0, 0x334
x10 <- 0x3333333333333334
mem[X,0x00000000800068E4] -> 0x0593
mem[X,0x00000000800068E6] -> 0x0010
[788] [M]: 0x00000000800068E4 (0x00100593) addi a1, zero, 0x1
x11 <- 0x0000000000000001
mem[X,0x00000000800068E8] -> 0x9593
mem[X,0x00000000800068EA] -> 0x03B5
[789] [M]: 0x00000000800068E8 (0x03B59593) slli a1, a1, 0x3b
x11 <- 0x0800000000000000
mem[X,0x00000000800068EC] -> 0x0113
mem[X,0x00000000800068EE] -> 0x0000
[790] [M]: 0x00000000800068EC (0x00000113) addi sp, zero, 0x0
x2 <- 0x0000000000000000
mem[X,0x00000000800068F0] -> 0x006F
mem[X,0x00000000800068F2] -> 0x00C0
[791] [M]: 0x00000000800068F0 (0x00C0006F) jal zero, 0xc
mem[X,0x00000000800068FC] -> 0x1063
mem[X,0x00000000800068FE] -> 0x20B5
[792] [M]: 0x00000000800068FC (0x20B51063) bne a0, a1, 0x200
mem[X,0x0000000080006AFC] -> 0x0113
mem[X,0x0000000080006AFE] -> 0x0031
[793] [M]: 0x0000000080006AFC (0x00310113) addi sp, sp, 0x3
x2 <- 0x0000000000000003
mem[X,0x0000000080006B00] -> 0x006F
mem[X,0x0000000080006B02] -> 0x0040
[794] [M]: 0x0000000080006B00 (0x0040006F) jal zero, 0x4
mem[X,0x0000000080006B04] -> 0xBC23
mem[X,0x0000000080006B06] -> 0x1220
[795] [M]: 0x0000000080006B04 (0x1220BC23) sd sp, 0x138(ra)
mem[0x0000000080045310] <- 0x0000000000000003
mem[X,0x0000000080006B08] -> 0x0513
mem[X,0x0000000080006B0A] -> 0x0010
[796] [M]: 0x0000000080006B08 (0x00100513) addi a0, zero, 0x1
x10 <- 0x0000000000000001
mem[X,0x0000000080006B0C] -> 0x1513
mem[X,0x0000000080006B0E] -> 0x00F5
[797] [M]: 0x0000000080006B0C (0x00F51513) slli a0, a0, 0xf
x10 <- 0x0000000000008000
mem[X,0x0000000080006B10] -> 0x0593
mem[X,0x0000000080006B12] -> 0x0010
[798] [M]: 0x0000000080006B10 (0x00100593) addi a1, zero, 0x1
x11 <- 0x0000000000000001
mem[X,0x0000000080006B14] -> 0x9593
mem[X,0x0000000080006B16] -> 0x03C5
[799] [M]: 0x0000000080006B14 (0x03C59593) slli a1, a1, 0x3c
x11 <- 0x1000000000000000
clint::tick mtime <- 0x0000000000000008
 clint timer pending at mtime 0x0000000000000008
htif::tick 0x0000000000000000
mem[X,0x0000000080006B18] -> 0x0113
mem[X,0x0000000080006B1A] -> 0x0000
[800] [M]: 0x0000000080006B18 (0x00000113) addi sp, zero, 0x0
x2 <- 0x0000000000000000
mem[X,0x0000000080006B1C] -> 0x006F
mem[X,0x0000000080006B1E] -> 0x00C0
[801] [M]: 0x0000000080006B1C (0x00C0006F) jal zero, 0xc
mem[X,0x0000000080006B28] -> 0x1063
mem[X,0x0000000080006B2A] -> 0x40B5
[802] [M]: 0x0000000080006B28 (0x40B51063) bne a0, a1, 0x400
mem[X,0x0000000080006F28] -> 0x0113
mem[X,0x0000000080006F2A] -> 0x0031
[803] [M]: 0x0000000080006F28 (0x00310113) addi sp, sp, 0x3
x2 <- 0x0000000000000003
mem[X,0x0000000080006F2C] -> 0x006F
mem[X,0x0000000080006F2E] -> 0x0040
[804] [M]: 0x0000000080006F2C (0x0040006F) jal zero, 0x4
mem[X,0x0000000080006F30] -> 0xB023
mem[X,0x0000000080006F32] -> 0x1420
[805] [M]: 0x0000000080006F30 (0x1420B023) sd sp, 0x140(ra)
mem[0x0000000080045318] <- 0x0000000000000003
mem[X,0x0000000080006F34] -> 0x0513
mem[X,0x0000000080006F36] -> 0x0010
[806] [M]: 0x0000000080006F34 (0x00100513) addi a0, zero, 0x1
x10 <- 0x0000000000000001
mem[X,0x0000000080006F38] -> 0x1513
mem[X,0x0000000080006F3A] -> 0x0355
[807] [M]: 0x0000000080006F38 (0x03551513) slli a0, a0, 0x35
x10 <- 0x0020000000000000
mem[X,0x0000000080006F3C] -> 0x0593
mem[X,0x0000000080006F3E] -> 0x0010
[808] [M]: 0x0000000080006F3C (0x00100593) addi a1, zero, 0x1
x11 <- 0x0000000000000001
mem[X,0x0000000080006F40] -> 0x9593
mem[X,0x0000000080006F42] -> 0x03D5
[809] [M]: 0x0000000080006F40 (0x03D59593) slli a1, a1, 0x3d
x11 <- 0x2000000000000000
mem[X,0x0000000080006F44] -> 0x0113
mem[X,0x0000000080006F46] -> 0x0000
[810] [M]: 0x0000000080006F44 (0x00000113) addi sp, zero, 0x0
x2 <- 0x0000000000000000
mem[X,0x0000000080006F48] -> 0x006F
mem[X,0x0000000080006F4A] -> 0x00C0
[811] [M]: 0x0000000080006F48 (0x00C0006F) jal zero, 0xc
mem[X,0x0000000080006F54] -> 0x1663
mem[X,0x0000000080006F56] -> 0x00B5
[812] [M]: 0x0000000080006F54 (0x00B51663) bne a0, a1, 0xc
mem[X,0x0000000080006F60] -> 0x0113
mem[X,0x0000000080006F62] -> 0x0031
[813] [M]: 0x0000000080006F60 (0x00310113) addi sp, sp, 0x3
x2 <- 0x0000000000000003
mem[X,0x0000000080006F64] -> 0x006F
mem[X,0x0000000080006F66] -> 0x0040
[814] [M]: 0x0000000080006F64 (0x0040006F) jal zero, 0x4
mem[X,0x0000000080006F68] -> 0xB423
mem[X,0x0000000080006F6A] -> 0x1420
[815] [M]: 0x0000000080006F68 (0x1420B423) sd sp, 0x148(ra)
mem[0x0000000080045320] <- 0x0000000000000003
mem[X,0x0000000080006F6C] -> 0x5537
mem[X,0x0000000080006F6E] -> 0x5555
[816] [M]: 0x0000000080006F6C (0x55555537) lui a0, 0x55555
x10 <- 0x0000000055555000
mem[X,0x0000000080006F70] -> 0x0513
mem[X,0x0000000080006F72] -> 0x5555
[817] [M]: 0x0000000080006F70 (0x55550513) addi a0, a0, 0x555
x10 <- 0x0000000055555555
mem[X,0x0000000080006F74] -> 0x1513
mem[X,0x0000000080006F76] -> 0x00B5
[818] [M]: 0x0000000080006F74 (0x00B51513) slli a0, a0, 0xb
x10 <- 0x000002AAAAAAA800
mem[X,0x0000000080006F78] -> 0x0513
mem[X,0x0000000080006F7A] -> 0x2AA5
[819] [M]: 0x0000000080006F78 (0x2AA50513) addi a0, a0, 0x2aa
x10 <- 0x000002AAAAAAAAAA
mem[X,0x0000000080006F7C] -> 0x1513
mem[X,0x0000000080006F7E] -> 0x00B5
[820] [M]: 0x0000000080006F7C (0x00B51513) slli a0, a0, 0xb
x10 <- 0x0015555555555000
mem[X,0x0000000080006F80] -> 0x0513
mem[X,0x0000000080006F82] -> 0x5555
[821] [M]: 0x0000000080006F80 (0x55550513) addi a0, a0, 0x555
x10 <- 0x0015555555555555
mem[X,0x0000000080006F84] -> 0x1513
mem[X,0x0000000080006F86] -> 0x00A5
[822] [M]: 0x0000000080006F84 (0x00A51513) slli a0, a0, 0xa
x10 <- 0x5555555555555400
mem[X,0x0000000080006F88] -> 0x0513
mem[X,0x0000000080006F8A] -> 0x1555
[823] [M]: 0x0000000080006F88 (0x15550513) addi a0, a0, 0x155
x10 <- 0x5555555555555555
mem[X,0x0000000080006F8C] -> 0x0593
mem[X,0x0000000080006F8E] -> 0x0010
[824] [M]: 0x0000000080006F8C (0x00100593) addi a1, zero, 0x1
x11 <- 0x0000000000000001
mem[X,0x0000000080006F90] -> 0x9593
mem[X,0x0000000080006F92] -> 0x03E5
[825] [M]: 0x0000000080006F90 (0x03E59593) slli a1, a1, 0x3e
x11 <- 0x4000000000000000
mem[X,0x0000000080006F94] -> 0x0113
mem[X,0x0000000080006F96] -> 0x0000
[826] [M]: 0x0000000080006F94 (0x00000113) addi sp, zero, 0x0
x2 <- 0x0000000000000000
mem[X,0x0000000080006F98] -> 0x006F
mem[X,0x0000000080006F9A] -> 0x00C0
[827] [M]: 0x0000000080006F98 (0x00C0006F) jal zero, 0xc
mem[X,0x0000000080006FA4] -> 0x1663
mem[X,0x0000000080006FA6] -> 0x00B5
[828] [M]: 0x0000000080006FA4 (0x00B51663) bne a0, a1, 0xc
mem[X,0x0000000080006FB0] -> 0x0113
mem[X,0x0000000080006FB2] -> 0x0031
[829] [M]: 0x0000000080006FB0 (0x00310113) addi sp, sp, 0x3
x2 <- 0x0000000000000003
mem[X,0x0000000080006FB4] -> 0x006F
mem[X,0x0000000080006FB6] -> 0x0040
[830] [M]: 0x0000000080006FB4 (0x0040006F) jal zero, 0x4
mem[X,0x0000000080006FB8] -> 0xB823
mem[X,0x0000000080006FBA] -> 0x1420
[831] [M]: 0x0000000080006FB8 (0x1420B823) sd sp, 0x150(ra)
mem[0x0000000080045328] <- 0x0000000000000003
mem[X,0x0000000080006FBC] -> 0x0513
mem[X,0x0000000080006FBE] -> 0xFBF0
[832] [M]: 0x0000000080006FBC (0xFBF00513) addi a0, zero, -0x41
x10 <- 0xFFFFFFFFFFFFFFBF
mem[X,0x0000000080006FC0] -> 0x0593
mem[X,0x0000000080006FC2] -> 0xFFF0
[833] [M]: 0x0000000080006FC0 (0xFFF00593) addi a1, zero, -0x1
x11 <- 0xFFFFFFFFFFFFFFFF
mem[X,0x0000000080006FC4] -> 0x9593
mem[X,0x0000000080006FC6] -> 0x03F5
[834] [M]: 0x0000000080006FC4 (0x03F59593) slli a1, a1, 0x3f
x11 <- 0x8000000000000000
mem[X,0x0000000080006FC8] -> 0x0113
mem[X,0x0000000080006FCA] -> 0x0000
[835] [M]: 0x0000000080006FC8 (0x00000113) addi sp, zero, 0x0
x2 <- 0x0000000000000000
mem[X,0x0000000080006FCC] -> 0x006F
mem[X,0x0000000080006FCE] -> 0x00C0
[836] [M]: 0x0000000080006FCC (0x00C0006F) jal zero, 0xc
mem[X,0x0000000080006FD8] -> 0x1063
mem[X,0x0000000080006FDA] -> 0x20B5
[837] [M]: 0x0000000080006FD8 (0x20B51063) bne a0, a1, 0x200
mem[X,0x00000000800071D8] -> 0x0113
mem[X,0x00000000800071DA] -> 0x0031
[838] [M]: 0x00000000800071D8 (0x00310113) addi sp, sp, 0x3
x2 <- 0x0000000000000003
mem[X,0x00000000800071DC] -> 0x006F
mem[X,0x00000000800071DE] -> 0x0040
[839] [M]: 0x00000000800071DC (0x0040006F) jal zero, 0x4
mem[X,0x00000000800071E0] -> 0xBC23
mem[X,0x00000000800071E2] -> 0x1420
[840] [M]: 0x00000000800071E0 (0x1420BC23) sd sp, 0x158(ra)
mem[0x0000000080045330] <- 0x0000000000000003
mem[X,0x00000000800071E4] -> 0x0513
mem[X,0x00000000800071E6] -> 0x0060
[841] [M]: 0x00000000800071E4 (0x00600513) addi a0, zero, 0x6
x10 <- 0x0000000000000006
mem[X,0x00000000800071E8] -> 0x0593
mem[X,0x00000000800071EA] -> 0xFFE0
[842] [M]: 0x00000000800071E8 (0xFFE00593) addi a1, zero, -0x2
x11 <- 0xFFFFFFFFFFFFFFFE
mem[X,0x00000000800071EC] -> 0x0113
mem[X,0x00000000800071EE] -> 0x0000
[843] [M]: 0x00000000800071EC (0x00000113) addi sp, zero, 0x0
x2 <- 0x0000000000000000
mem[X,0x00000000800071F0] -> 0x006F
mem[X,0x00000000800071F2] -> 0x00C0
[844] [M]: 0x00000000800071F0 (0x00C0006F) jal zero, 0xc
mem[X,0x00000000800071FC] -> 0x1663
mem[X,0x00000000800071FE] -> 0x00B5
[845] [M]: 0x00000000800071FC (0x00B51663) bne a0, a1, 0xc
mem[X,0x0000000080007208] -> 0x0113
mem[X,0x000000008000720A] -> 0x0031
[846] [M]: 0x0000000080007208 (0x00310113) addi sp, sp, 0x3
x2 <- 0x0000000000000003
mem[X,0x000000008000720C] -> 0x006F
mem[X,0x000000008000720E] -> 0x0040
[847] [M]: 0x000000008000720C (0x0040006F) jal zero, 0x4
mem[X,0x0000000080007210] -> 0xB023
mem[X,0x0000000080007212] -> 0x1620
[848] [M]: 0x0000000080007210 (0x1620B023) sd sp, 0x160(ra)
mem[0x0000000080045338] <- 0x0000000000000003
mem[X,0x0000000080007214] -> 0x0513
mem[X,0x0000000080007216] -> 0x0010
[849] [M]: 0x0000000080007214 (0x00100513) addi a0, zero, 0x1
x10 <- 0x0000000000000001
mem[X,0x0000000080007218] -> 0x1513
mem[X,0x000000008000721A] -> 0x0135
[850] [M]: 0x0000000080007218 (0x01351513) slli a0, a0, 0x13
x10 <- 0x0000000000080000
mem[X,0x000000008000721C] -> 0x4513
mem[X,0x000000008000721E] -> 0xFFF5
[851] [M]: 0x000000008000721C (0xFFF54513) xori a0, a0, -0x1
x10 <- 0xFFFFFFFFFFF7FFFF
mem[X,0x0000000080007220] -> 0x0593
mem[X,0x0000000080007222] -> 0xFFD0
[852] [M]: 0x0000000080007220 (0xFFD00593) addi a1, zero, -0x3
x11 <- 0xFFFFFFFFFFFFFFFD
mem[X,0x0000000080007224] -> 0x0113
mem[X,0x0000000080007226] -> 0x0000
[853] [M]: 0x0000000080007224 (0x00000113) addi sp, zero, 0x0
x2 <- 0x0000000000000000
mem[X,0x0000000080007228] -> 0x006F
mem[X,0x000000008000722A] -> 0x0050
[854] [M]: 0x0000000080007228 (0x0050006F) jal zero, 0x804
mem[X,0x0000000080007A2C] -> 0x10E3
mem[X,0x0000000080007A2E] -> 0x80B5
[855] [M]: 0x0000000080007A2C (0x80B510E3) bne a0, a1, -0x800
mem[X,0x000000008000722C] -> 0x0113
mem[X,0x000000008000722E] -> 0x0011
[856] [M]: 0x000000008000722C (0x00110113) addi sp, sp, 0x1
x2 <- 0x0000000000000001
mem[X,0x0000000080007230] -> 0x006F
mem[X,0x0000000080007232] -> 0x0110
[857] [M]: 0x0000000080007230 (0x0110006F) jal zero, 0x810
mem[X,0x0000000080007A40] -> 0xB423
mem[X,0x0000000080007A42] -> 0x1620
[858] [M]: 0x0000000080007A40 (0x1620B423) sd sp, 0x168(ra)
mem[0x0000000080045340] <- 0x0000000000000001
mem[X,0x0000000080007A44] -> 0x3537
mem[X,0x0000000080007A46] -> 0x3333
[859] [M]: 0x0000000080007A44 (0x33333537) lui a0, 0x33333
x10 <- 0x0000000033333000
mem[X,0x0000000080007A48] -> 0x0513
mem[X,0x0000000080007A4A] -> 0x3335
[860] [M]: 0x0000000080007A48 (0x33350513) addi a0, a0, 0x333
x10 <- 0x0000000033333333
mem[X,0x0000000080007A4C] -> 0x1513
mem[X,0x0000000080007A4E] -> 0x00B5
[861] [M]: 0x0000000080007A4C (0x00B51513) slli a0, a0, 0xb
x10 <- 0x0000019999999800
mem[X,0x0000000080007A50] -> 0x0513
mem[X,0x0000000080007A52] -> 0x1995
[862] [M]: 0x0000000080007A50 (0x19950513) addi a0, a0, 0x199
x10 <- 0x0000019999999999
mem[X,0x0000000080007A54] -> 0x1513
mem[X,0x0000000080007A56] -> 0x00B5
[863] [M]: 0x0000000080007A54 (0x00B51513) slli a0, a0, 0xb
x10 <- 0x000CCCCCCCCCC800
mem[X,0x0000000080007A58] -> 0x0513
mem[X,0x0000000080007A5A] -> 0x4CC5
[864] [M]: 0x0000000080007A58 (0x4CC50513) addi a0, a0, 0x4cc
x10 <- 0x000CCCCCCCCCCCCC
mem[X,0x0000000080007A5C] -> 0x1513
mem[X,0x0000000080007A5E] -> 0x00A5
[865] [M]: 0x0000000080007A5C (0x00A51513) slli a0, a0, 0xa
x10 <- 0x3333333333333000
mem[X,0x0000000080007A60] -> 0x0513
mem[X,0x0000000080007A62] -> 0x3345
[866] [M]: 0x0000000080007A60 (0x33450513) addi a0, a0, 0x334
x10 <- 0x3333333333333334
mem[X,0x0000000080007A64] -> 0x0593
mem[X,0x0000000080007A66] -> 0xFFB0
[867] [M]: 0x0000000080007A64 (0xFFB00593) addi a1, zero, -0x5
x11 <- 0xFFFFFFFFFFFFFFFB
mem[X,0x0000000080007A68] -> 0x0113
mem[X,0x0000000080007A6A] -> 0x0000
[868] [M]: 0x0000000080007A68 (0x00000113) addi sp, zero, 0x0
x2 <- 0x0000000000000000
mem[X,0x0000000080007A6C] -> 0x006F
mem[X,0x0000000080007A6E] -> 0x2B10
[869] [M]: 0x0000000080007A6C (0x2B10006F) jal zero, 0xab0
mem[X,0x000000008000851C] -> 0x1A63
mem[X,0x000000008000851E] -> 0xD4B5
[870] [M]: 0x000000008000851C (0xD4B51A63) bne a0, a1, -0xaac
mem[X,0x0000000080007A70] -> 0x0113
mem[X,0x0000000080007A72] -> 0x0011
[871] [M]: 0x0000000080007A70 (0x00110113) addi sp, sp, 0x1
x2 <- 0x0000000000000001
mem[X,0x0000000080007A74] -> 0x006F
mem[X,0x0000000080007A76] -> 0x2BD0
[872] [M]: 0x0000000080007A74 (0x2BD0006F) jal zero, 0xabc
mem[X,0x0000000080008530] -> 0xB823
mem[X,0x0000000080008532] -> 0x1620
[873] [M]: 0x0000000080008530 (0x1620B823) sd sp, 0x170(ra)
mem[0x0000000080045348] <- 0x0000000000000001
mem[X,0x0000000080008534] -> 0x0513
mem[X,0x0000000080008536] -> 0x0010
[874] [M]: 0x0000000080008534 (0x00100513) addi a0, zero, 0x1
x10 <- 0x0000000000000001
mem[X,0x0000000080008538] -> 0x1513
mem[X,0x000000008000853A] -> 0x0125
[875] [M]: 0x0000000080008538 (0x01251513) slli a0, a0, 0x12
x10 <- 0x0000000000040000
mem[X,0x000000008000853C] -> 0x0593
mem[X,0x000000008000853E] -> 0xFF70
[876] [M]: 0x000000008000853C (0xFF700593) addi a1, zero, -0x9
x11 <- 0xFFFFFFFFFFFFFFF7
mem[X,0x0000000080008540] -> 0x0113
mem[X,0x0000000080008542] -> 0x0000
[877] [M]: 0x0000000080008540 (0x00000113) addi sp, zero, 0x0
x2 <- 0x0000000000000000
mem[X,0x0000000080008544] -> 0x006F
mem[X,0x0000000080008546] -> 0x0180
[878] [M]: 0x0000000080008544 (0x0180006F) jal zero, 0x18
mem[X,0x000000008000855C] -> 0x16E3
mem[X,0x000000008000855E] -> 0xFEB5
[879] [M]: 0x000000008000855C (0xFEB516E3) bne a0, a1, -0x14
mem[X,0x0000000080008548] -> 0x0113
mem[X,0x000000008000854A] -> 0x0011
[880] [M]: 0x0000000080008548 (0x00110113) addi sp, sp, 0x1
x2 <- 0x0000000000000001
mem[X,0x000000008000854C] -> 0x006F
mem[X,0x000000008000854E] -> 0x0240
[881] [M]: 0x000000008000854C (0x0240006F) jal zero, 0x24
mem[X,0x0000000080008570] -> 0xBC23
mem[X,0x0000000080008572] -> 0x1620
[882] [M]: 0x0000000080008570 (0x1620BC23) sd sp, 0x178(ra)
mem[0x0000000080045350] <- 0x0000000000000001
mem[X,0x0000000080008574] -> 0x0513
mem[X,0x0000000080008576] -> 0x0010
[883] [M]: 0x0000000080008574 (0x00100513) addi a0, zero, 0x1
x10 <- 0x0000000000000001
mem[X,0x0000000080008578] -> 0x1513
mem[X,0x000000008000857A] -> 0x0335
[884] [M]: 0x0000000080008578 (0x03351513) slli a0, a0, 0x33
x10 <- 0x0008000000000000
mem[X,0x000000008000857C] -> 0x0593
mem[X,0x000000008000857E] -> 0xFEF0
[885] [M]: 0x000000008000857C (0xFEF00593) addi a1, zero, -0x11
x11 <- 0xFFFFFFFFFFFFFFEF
mem[X,0x0000000080008580] -> 0x0113
mem[X,0x0000000080008582] -> 0x0000
[886] [M]: 0x0000000080008580 (0x00000113) addi sp, zero, 0x0
x2 <- 0x0000000000000000
mem[X,0x0000000080008584] -> 0x006F
mem[X,0x0000000080008586] -> 0x0050
[887] [M]: 0x0000000080008584 (0x0050006F) jal zero, 0x804
mem[X,0x0000000080008D88] -> 0x10E3
mem[X,0x0000000080008D8A] -> 0x80B5
[888] [M]: 0x0000000080008D88 (0x80B510E3) bne a0, a1, -0x800
mem[X,0x0000000080008588] -> 0x0113
mem[X,0x000000008000858A] -> 0x0011
[889] [M]: 0x0000000080008588 (0x00110113) addi sp, sp, 0x1
x2 <- 0x0000000000000001
mem[X,0x000000008000858C] -> 0x006F
mem[X,0x000000008000858E] -> 0x0110
[890] [M]: 0x000000008000858C (0x0110006F) jal zero, 0x810
mem[X,0x0000000080008D9C] -> 0xB023
mem[X,0x0000000080008D9E] -> 0x1820
[891] [M]: 0x0000000080008D9C (0x1820B023) sd sp, 0x180(ra)
mem[0x0000000080045358] <- 0x0000000000000001
mem[X,0x0000000080008DA0] -> 0x0513
mem[X,0x0000000080008DA2] -> 0x0010
[892] [M]: 0x0000000080008DA0 (0x00100513) addi a0, zero, 0x1
x10 <- 0x0000000000000001
mem[X,0x0000000080008DA4] -> 0x1513
mem[X,0x0000000080008DA6] -> 0x0135
[893] [M]: 0x0000000080008DA4 (0x01351513) slli a0, a0, 0x13
x10 <- 0x0000000000080000
mem[X,0x0000000080008DA8] -> 0x4513
mem[X,0x0000000080008DAA] -> 0xFFF5
[894] [M]: 0x0000000080008DA8 (0xFFF54513) xori a0, a0, -0x1
x10 <- 0xFFFFFFFFFFF7FFFF
mem[X,0x0000000080008DAC] -> 0x0593
mem[X,0x0000000080008DAE] -> 0xFDF0
[895] [M]: 0x0000000080008DAC (0xFDF00593) addi a1, zero, -0x21
x11 <- 0xFFFFFFFFFFFFFFDF
mem[X,0x0000000080008DB0] -> 0x0113
mem[X,0x0000000080008DB2] -> 0x0000
[896] [M]: 0x0000000080008DB0 (0x00000113) addi sp, zero, 0x0
x2 <- 0x0000000000000000
mem[X,0x0000000080008DB4] -> 0x006F
mem[X,0x0000000080008DB6] -> 0x00C0
[897] [M]: 0x0000000080008DB4 (0x00C0006F) jal zero, 0xc
mem[X,0x0000000080008DC0] -> 0x1063
mem[X,0x0000000080008DC2] -> 0x08B5
[898] [M]: 0x0000000080008DC0 (0x08B51063) bne a0, a1, 0x80
mem[X,0x0000000080008E40] -> 0x0113
mem[X,0x0000000080008E42] -> 0x0031
[899] [M]: 0x0000000080008E40 (0x00310113) addi sp, sp, 0x3
x2 <- 0x0000000000000003
clint::tick mtime <- 0x0000000000000009
 clint timer pending at mtime 0x0000000000000009
htif::tick 0x0000000000000000
mem[X,0x0000000080008E44] -> 0x006F
mem[X,0x0000000080008E46] -> 0x0040
[900] [M]: 0x0000000080008E44 (0x0040006F) jal zero, 0x4
mem[X,0x0000000080008E48] -> 0xB423
mem[X,0x0000000080008E4A] -> 0x1820
[901] [M]: 0x0000000080008E48 (0x1820B423) sd sp, 0x188(ra)
mem[0x0000000080045360] <- 0x0000000000000003
mem[X,0x0000000080008E4C] -> 0x0513
mem[X,0x0000000080008E4E] -> 0x0010
[902] [M]: 0x0000000080008E4C (0x00100513) addi a0, zero, 0x1
x10 <- 0x0000000000000001
mem[X,0x0000000080008E50] -> 0x0593
mem[X,0x0000000080008E52] -> 0xFBF0
[903] [M]: 0x0000000080008E50 (0xFBF00593) addi a1, zero, -0x41
x11 <- 0xFFFFFFFFFFFFFFBF
mem[X,0x0000000080008E54] -> 0x0113
mem[X,0x0000000080008E56] -> 0x0000
[904] [M]: 0x0000000080008E54 (0x00000113) addi sp, zero, 0x0
x2 <- 0x0000000000000000
mem[X,0x0000000080008E58] -> 0x006F
mem[X,0x0000000080008E5A] -> 0x2B10
[905] [M]: 0x0000000080008E58 (0x2B10006F) jal zero, 0xab0
mem[X,0x0000000080009908] -> 0x1A63
mem[X,0x000000008000990A] -> 0xD4B5
[906] [M]: 0x0000000080009908 (0xD4B51A63) bne a0, a1, -0xaac
mem[X,0x0000000080008E5C] -> 0x0113
mem[X,0x0000000080008E5E] -> 0x0011
[907] [M]: 0x0000000080008E5C (0x00110113) addi sp, sp, 0x1
x2 <- 0x0000000000000001
mem[X,0x0000000080008E60] -> 0x006F
mem[X,0x0000000080008E62] -> 0x2BD0
[908] [M]: 0x0000000080008E60 (0x2BD0006F) jal zero, 0xabc
mem[X,0x000000008000991C] -> 0xB823
mem[X,0x000000008000991E] -> 0x1820
[909] [M]: 0x000000008000991C (0x1820B823) sd sp, 0x190(ra)
mem[0x0000000080045368] <- 0x0000000000000001
mem[X,0x0000000080009920] -> 0x0513
mem[X,0x0000000080009922] -> 0x0010
[910] [M]: 0x0000000080009920 (0x00100513) addi a0, zero, 0x1
x10 <- 0x0000000000000001
mem[X,0x0000000080009924] -> 0x1513
mem[X,0x0000000080009926] -> 0x0275
[911] [M]: 0x0000000080009924 (0x02751513) slli a0, a0, 0x27
x10 <- 0x0000008000000000
mem[X,0x0000000080009928] -> 0x0593
mem[X,0x000000008000992A] -> 0xF7F0
[912] [M]: 0x0000000080009928 (0xF7F00593) addi a1, zero, -0x81
x11 <- 0xFFFFFFFFFFFFFF7F
mem[X,0x000000008000992C] -> 0x0113
mem[X,0x000000008000992E] -> 0x0000
[913] [M]: 0x000000008000992C (0x00000113) addi sp, zero, 0x0
x2 <- 0x0000000000000000
mem[X,0x0000000080009930] -> 0x006F
mem[X,0x0000000080009932] -> 0x00C0
[914] [M]: 0x0000000080009930 (0x00C0006F) jal zero, 0xc
mem[X,0x000000008000993C] -> 0x1063
mem[X,0x000000008000993E] -> 0x10B5
[915] [M]: 0x000000008000993C (0x10B51063) bne a0, a1, 0x100
mem[X,0x0000000080009A3C] -> 0x0113
mem[X,0x0000000080009A3E] -> 0x0031
[916] [M]: 0x0000000080009A3C (0x00310113) addi sp, sp, 0x3
x2 <- 0x0000000000000003
mem[X,0x0000000080009A40] -> 0x006F
mem[X,0x0000000080009A42] -> 0x0040
[917] [M]: 0x0000000080009A40 (0x0040006F) jal zero, 0x4
mem[X,0x0000000080009A44] -> 0xBC23
mem[X,0x0000000080009A46] -> 0x1820
[918] [M]: 0x0000000080009A44 (0x1820BC23) sd sp, 0x198(ra)
mem[0x0000000080045370] <- 0x0000000000000003
mem[X,0x0000000080009A48] -> 0x0513
mem[X,0x0000000080009A4A] -> 0x0010
[919] [M]: 0x0000000080009A48 (0x00100513) addi a0, zero, 0x1
x10 <- 0x0000000000000001
mem[X,0x0000000080009A4C] -> 0x1513
mem[X,0x0000000080009A4E] -> 0x0205
[920] [M]: 0x0000000080009A4C (0x02051513) slli a0, a0, 0x20
x10 <- 0x0000000100000000
mem[X,0x0000000080009A50] -> 0x0593
mem[X,0x0000000080009A52] -> 0xEFF0
[921] [M]: 0x0000000080009A50 (0xEFF00593) addi a1, zero, -0x101
x11 <- 0xFFFFFFFFFFFFFEFF
mem[X,0x0000000080009A54] -> 0x0113
mem[X,0x0000000080009A56] -> 0x0000
[922] [M]: 0x0000000080009A54 (0x00000113) addi sp, zero, 0x0
x2 <- 0x0000000000000000
mem[X,0x0000000080009A58] -> 0x006F
mem[X,0x0000000080009A5A] -> 0x00C0
[923] [M]: 0x0000000080009A58 (0x00C0006F) jal zero, 0xc
mem[X,0x0000000080009A64] -> 0x1663
mem[X,0x0000000080009A66] -> 0x00B5
[924] [M]: 0x0000000080009A64 (0x00B51663) bne a0, a1, 0xc
mem[X,0x0000000080009A70] -> 0x0113
mem[X,0x0000000080009A72] -> 0x0031
[925] [M]: 0x0000000080009A70 (0x00310113) addi sp, sp, 0x3
x2 <- 0x0000000000000003
mem[X,0x0000000080009A74] -> 0x006F
mem[X,0x0000000080009A76] -> 0x0040
[926] [M]: 0x0000000080009A74 (0x0040006F) jal zero, 0x4
mem[X,0x0000000080009A78] -> 0xB023
mem[X,0x0000000080009A7A] -> 0x1A20
[927] [M]: 0x0000000080009A78 (0x1A20B023) sd sp, 0x1a0(ra)
mem[0x0000000080045378] <- 0x0000000000000003
mem[X,0x0000000080009A7C] -> 0x0513
mem[X,0x0000000080009A7E] -> 0x2000
[928] [M]: 0x0000000080009A7C (0x20000513) addi a0, zero, 0x200
x10 <- 0x0000000000000200
mem[X,0x0000000080009A80] -> 0x0593
mem[X,0x0000000080009A82] -> 0xDFF0
[929] [M]: 0x0000000080009A80 (0xDFF00593) addi a1, zero, -0x201
x11 <- 0xFFFFFFFFFFFFFDFF
mem[X,0x0000000080009A84] -> 0x0113
mem[X,0x0000000080009A86] -> 0x0000
[930] [M]: 0x0000000080009A84 (0x00000113) addi sp, zero, 0x0
x2 <- 0x0000000000000000
mem[X,0x0000000080009A88] -> 0x006F
mem[X,0x0000000080009A8A] -> 0x00C0
[931] [M]: 0x0000000080009A88 (0x00C0006F) jal zero, 0xc
mem[X,0x0000000080009A94] -> 0x1063
mem[X,0x0000000080009A96] -> 0x04B5
[932] [M]: 0x0000000080009A94 (0x04B51063) bne a0, a1, 0x40
mem[X,0x0000000080009AD4] -> 0x0113
mem[X,0x0000000080009AD6] -> 0x0031
[933] [M]: 0x0000000080009AD4 (0x00310113) addi sp, sp, 0x3
x2 <- 0x0000000000000003
mem[X,0x0000000080009AD8] -> 0x006F
mem[X,0x0000000080009ADA] -> 0x0040
[934] [M]: 0x0000000080009AD8 (0x0040006F) jal zero, 0x4
mem[X,0x0000000080009ADC] -> 0xB423
mem[X,0x0000000080009ADE] -> 0x1A20
[935] [M]: 0x0000000080009ADC (0x1A20B423) sd sp, 0x1a8(ra)
mem[0x0000000080045380] <- 0x0000000000000003
mem[X,0x0000000080009AE0] -> 0x0513
mem[X,0x0000000080009AE2] -> 0x0020
[936] [M]: 0x0000000080009AE0 (0x00200513) addi a0, zero, 0x2
x10 <- 0x0000000000000002
mem[X,0x0000000080009AE4] -> 0x0593
mem[X,0x0000000080009AE6] -> 0xBFF0
[937] [M]: 0x0000000080009AE4 (0xBFF00593) addi a1, zero, -0x401
x11 <- 0xFFFFFFFFFFFFFBFF
mem[X,0x0000000080009AE8] -> 0x0113
mem[X,0x0000000080009AEA] -> 0x0000
[938] [M]: 0x0000000080009AE8 (0x00000113) addi sp, zero, 0x0
x2 <- 0x0000000000000000
mem[X,0x0000000080009AEC] -> 0x006F
mem[X,0x0000000080009AEE] -> 0x00C0
[939] [M]: 0x0000000080009AEC (0x00C0006F) jal zero, 0xc
mem[X,0x0000000080009AF8] -> 0x1663
mem[X,0x0000000080009AFA] -> 0x00B5
[940] [M]: 0x0000000080009AF8 (0x00B51663) bne a0, a1, 0xc
mem[X,0x0000000080009B04] -> 0x0113
mem[X,0x0000000080009B06] -> 0x0031
[941] [M]: 0x0000000080009B04 (0x00310113) addi sp, sp, 0x3
x2 <- 0x0000000000000003
mem[X,0x0000000080009B08] -> 0x006F
mem[X,0x0000000080009B0A] -> 0x0040
[942] [M]: 0x0000000080009B08 (0x0040006F) jal zero, 0x4
mem[X,0x0000000080009B0C] -> 0xB823
mem[X,0x0000000080009B0E] -> 0x1A20
[943] [M]: 0x0000000080009B0C (0x1A20B823) sd sp, 0x1b0(ra)
mem[0x0000000080045388] <- 0x0000000000000003
mem[X,0x0000000080009B10] -> 0x0513
mem[X,0x0000000080009B12] -> 0xFFD0
[944] [M]: 0x0000000080009B10 (0xFFD00513) addi a0, zero, -0x3
x10 <- 0xFFFFFFFFFFFFFFFD
mem[X,0x0000000080009B14] -> 0x0593
mem[X,0x0000000080009B16] -> 0x0010
[945] [M]: 0x0000000080009B14 (0x00100593) addi a1, zero, 0x1
x11 <- 0x0000000000000001
mem[X,0x0000000080009B18] -> 0x9593
mem[X,0x0000000080009B1A] -> 0x00B5
[946] [M]: 0x0000000080009B18 (0x00B59593) slli a1, a1, 0xb
x11 <- 0x0000000000000800
mem[X,0x0000000080009B1C] -> 0xC593
mem[X,0x0000000080009B1E] -> 0xFFF5
[947] [M]: 0x0000000080009B1C (0xFFF5C593) xori a1, a1, -0x1
x11 <- 0xFFFFFFFFFFFFF7FF
mem[X,0x0000000080009B20] -> 0x0113
mem[X,0x0000000080009B22] -> 0x0000
[948] [M]: 0x0000000080009B20 (0x00000113) addi sp, zero, 0x0
x2 <- 0x0000000000000000
mem[X,0x0000000080009B24] -> 0x006F
mem[X,0x0000000080009B26] -> 0x00C0
[949] [M]: 0x0000000080009B24 (0x00C0006F) jal zero, 0xc
mem[X,0x0000000080009B30] -> 0x1CE3
mem[X,0x0000000080009B32] -> 0xFEB5
[950] [M]: 0x0000000080009B30 (0xFEB51CE3) bne a0, a1, -0x8
mem[X,0x0000000080009B28] -> 0x0113
mem[X,0x0000000080009B2A] -> 0x0011
[951] [M]: 0x0000000080009B28 (0x00110113) addi sp, sp, 0x1
x2 <- 0x0000000000000001
mem[X,0x0000000080009B2C] -> 0x006F
mem[X,0x0000000080009B2E] -> 0x0180
[952] [M]: 0x0000000080009B2C (0x0180006F) jal zero, 0x18
mem[X,0x0000000080009B44] -> 0xBC23
mem[X,0x0000000080009B46] -> 0x1A20
[953] [M]: 0x0000000080009B44 (0x1A20BC23) sd sp, 0x1b8(ra)
mem[0x0000000080045390] <- 0x0000000000000001
mem[X,0x0000000080009B48] -> 0x0513
mem[X,0x0000000080009B4A] -> 0x0010
[954] [M]: 0x0000000080009B48 (0x00100513) addi a0, zero, 0x1
x10 <- 0x0000000000000001
mem[X,0x0000000080009B4C] -> 0x1513
mem[X,0x0000000080009B4E] -> 0x0225
[955] [M]: 0x0000000080009B4C (0x02251513) slli a0, a0, 0x22
x10 <- 0x0000000400000000
mem[X,0x0000000080009B50] -> 0x0593
mem[X,0x0000000080009B52] -> 0x0010
[956] [M]: 0x0000000080009B50 (0x00100593) addi a1, zero, 0x1
x11 <- 0x0000000000000001
mem[X,0x0000000080009B54] -> 0x9593
mem[X,0x0000000080009B56] -> 0x00C5
[957] [M]: 0x0000000080009B54 (0x00C59593) slli a1, a1, 0xc
x11 <- 0x0000000000001000
mem[X,0x0000000080009B58] -> 0xC593
mem[X,0x0000000080009B5A] -> 0xFFF5
[958] [M]: 0x0000000080009B58 (0xFFF5C593) xori a1, a1, -0x1
x11 <- 0xFFFFFFFFFFFFEFFF
mem[X,0x0000000080009B5C] -> 0x0113
mem[X,0x0000000080009B5E] -> 0x0000
[959] [M]: 0x0000000080009B5C (0x00000113) addi sp, zero, 0x0
x2 <- 0x0000000000000000
mem[X,0x0000000080009B60] -> 0x006F
mem[X,0x0000000080009B62] -> 0x00C0
[960] [M]: 0x0000000080009B60 (0x00C0006F) jal zero, 0xc
mem[X,0x0000000080009B6C] -> 0x1863
mem[X,0x0000000080009B6E] -> 0x00B5
[961] [M]: 0x0000000080009B6C (0x00B51863) bne a0, a1, 0x10
mem[X,0x0000000080009B7C] -> 0x0113
mem[X,0x0000000080009B7E] -> 0x0031
[962] [M]: 0x0000000080009B7C (0x00310113) addi sp, sp, 0x3
x2 <- 0x0000000000000003
mem[X,0x0000000080009B80] -> 0x006F
mem[X,0x0000000080009B82] -> 0x0040
[963] [M]: 0x0000000080009B80 (0x0040006F) jal zero, 0x4
mem[X,0x0000000080009B84] -> 0xB023
mem[X,0x0000000080009B86] -> 0x1C20
[964] [M]: 0x0000000080009B84 (0x1C20B023) sd sp, 0x1c0(ra)
mem[0x0000000080045398] <- 0x0000000000000003
mem[X,0x0000000080009B88] -> 0x3537
mem[X,0x0000000080009B8A] -> 0x3333
[965] [M]: 0x0000000080009B88 (0x33333537) lui a0, 0x33333
x10 <- 0x0000000033333000
mem[X,0x0000000080009B8C] -> 0x0513
mem[X,0x0000000080009B8E] -> 0x3335
[966] [M]: 0x0000000080009B8C (0x33350513) addi a0, a0, 0x333
x10 <- 0x0000000033333333
mem[X,0x0000000080009B90] -> 0x1513
mem[X,0x0000000080009B92] -> 0x00B5
[967] [M]: 0x0000000080009B90 (0x00B51513) slli a0, a0, 0xb
x10 <- 0x0000019999999800
mem[X,0x0000000080009B94] -> 0x0513
mem[X,0x0000000080009B96] -> 0x1995
[968] [M]: 0x0000000080009B94 (0x19950513) addi a0, a0, 0x199
x10 <- 0x0000019999999999
mem[X,0x0000000080009B98] -> 0x1513
mem[X,0x0000000080009B9A] -> 0x00B5
[969] [M]: 0x0000000080009B98 (0x00B51513) slli a0, a0, 0xb
x10 <- 0x000CCCCCCCCCC800
mem[X,0x0000000080009B9C] -> 0x0513
mem[X,0x0000000080009B9E] -> 0x4CC5
[970] [M]: 0x0000000080009B9C (0x4CC50513) addi a0, a0, 0x4cc
x10 <- 0x000CCCCCCCCCCCCC
mem[X,0x0000000080009BA0] -> 0x1513
mem[X,0x0000000080009BA2] -> 0x00A5
[971] [M]: 0x0000000080009BA0 (0x00A51513) slli a0, a0, 0xa
x10 <- 0x3333333333333000
mem[X,0x0000000080009BA4] -> 0x0513
mem[X,0x0000000080009BA6] -> 0x3325
[972] [M]: 0x0000000080009BA4 (0x33250513) addi a0, a0, 0x332
x10 <- 0x3333333333333332
mem[X,0x0000000080009BA8] -> 0x0593
mem[X,0x0000000080009BAA] -> 0x0010
[973] [M]: 0x0000000080009BA8 (0x00100593) addi a1, zero, 0x1
x11 <- 0x0000000000000001
mem[X,0x0000000080009BAC] -> 0x9593
mem[X,0x0000000080009BAE] -> 0x00D5
[974] [M]: 0x0000000080009BAC (0x00D59593) slli a1, a1, 0xd
x11 <- 0x0000000000002000
mem[X,0x0000000080009BB0] -> 0xC593
mem[X,0x0000000080009BB2] -> 0xFFF5
[975] [M]: 0x0000000080009BB0 (0xFFF5C593) xori a1, a1, -0x1
x11 <- 0xFFFFFFFFFFFFDFFF
mem[X,0x0000000080009BB4] -> 0x0113
mem[X,0x0000000080009BB6] -> 0x0000
[976] [M]: 0x0000000080009BB4 (0x00000113) addi sp, zero, 0x0
x2 <- 0x0000000000000000
mem[X,0x0000000080009BB8] -> 0x006F
mem[X,0x0000000080009BBA] -> 0x00C0
[977] [M]: 0x0000000080009BB8 (0x00C0006F) jal zero, 0xc
mem[X,0x0000000080009BC4] -> 0x1063
mem[X,0x0000000080009BC6] -> 0x08B5
[978] [M]: 0x0000000080009BC4 (0x08B51063) bne a0, a1, 0x80
mem[X,0x0000000080009C44] -> 0x0113
mem[X,0x0000000080009C46] -> 0x0031
[979] [M]: 0x0000000080009C44 (0x00310113) addi sp, sp, 0x3
x2 <- 0x0000000000000003
mem[X,0x0000000080009C48] -> 0x006F
mem[X,0x0000000080009C4A] -> 0x0040
[980] [M]: 0x0000000080009C48 (0x0040006F) jal zero, 0x4
mem[X,0x0000000080009C4C] -> 0xB423
mem[X,0x0000000080009C4E] -> 0x1C20
[981] [M]: 0x0000000080009C4C (0x1C20B423) sd sp, 0x1c8(ra)
mem[0x00000000800453A0] <- 0x0000000000000003
mem[X,0x0000000080009C50] -> 0x0513
mem[X,0x0000000080009C52] -> 0x0010
[982] [M]: 0x0000000080009C50 (0x00100513) addi a0, zero, 0x1
x10 <- 0x0000000000000001
mem[X,0x0000000080009C54] -> 0x1513
mem[X,0x0000000080009C56] -> 0x01F5
[983] [M]: 0x0000000080009C54 (0x01F51513) slli a0, a0, 0x1f
x10 <- 0x0000000080000000
mem[X,0x0000000080009C58] -> 0x4513
mem[X,0x0000000080009C5A] -> 0xFFF5
[984] [M]: 0x0000000080009C58 (0xFFF54513) xori a0, a0, -0x1
x10 <- 0xFFFFFFFF7FFFFFFF
mem[X,0x0000000080009C5C] -> 0x0593
mem[X,0x0000000080009C5E] -> 0x0010
[985] [M]: 0x0000000080009C5C (0x00100593) addi a1, zero, 0x1
x11 <- 0x0000000000000001
mem[X,0x0000000080009C60] -> 0x9593
mem[X,0x0000000080009C62] -> 0x00E5
[986] [M]: 0x0000000080009C60 (0x00E59593) slli a1, a1, 0xe
x11 <- 0x0000000000004000
mem[X,0x0000000080009C64] -> 0xC593
mem[X,0x0000000080009C66] -> 0xFFF5
[987] [M]: 0x0000000080009C64 (0xFFF5C593) xori a1, a1, -0x1
x11 <- 0xFFFFFFFFFFFFBFFF
mem[X,0x0000000080009C68] -> 0x0113
mem[X,0x0000000080009C6A] -> 0x0000
[988] [M]: 0x0000000080009C68 (0x00000113) addi sp, zero, 0x0
x2 <- 0x0000000000000000
mem[X,0x0000000080009C6C] -> 0x006F
mem[X,0x0000000080009C6E] -> 0x00C0
[989] [M]: 0x0000000080009C6C (0x00C0006F) jal zero, 0xc
mem[X,0x0000000080009C78] -> 0x1CE3
mem[X,0x0000000080009C7A] -> 0xFEB5
[990] [M]: 0x0000000080009C78 (0xFEB51CE3) bne a0, a1, -0x8
mem[X,0x0000000080009C70] -> 0x0113
mem[X,0x0000000080009C72] -> 0x0011
[991] [M]: 0x0000000080009C70 (0x00110113) addi sp, sp, 0x1
x2 <- 0x0000000000000001
mem[X,0x0000000080009C74] -> 0x006F
mem[X,0x0000000080009C76] -> 0x0180
[992] [M]: 0x0000000080009C74 (0x0180006F) jal zero, 0x18
mem[X,0x0000000080009C8C] -> 0xB823
mem[X,0x0000000080009C8E] -> 0x1C20
[993] [M]: 0x0000000080009C8C (0x1C20B823) sd sp, 0x1d0(ra)
mem[0x00000000800453A8] <- 0x0000000000000001
mem[X,0x0000000080009C90] -> 0x0513
mem[X,0x0000000080009C92] -> 0xEFF0
[994] [M]: 0x0000000080009C90 (0xEFF00513) addi a0, zero, -0x101
x10 <- 0xFFFFFFFFFFFFFEFF
mem[X,0x0000000080009C94] -> 0x0593
mem[X,0x0000000080009C96] -> 0x0010
[995] [M]: 0x0000000080009C94 (0x00100593) addi a1, zero, 0x1
x11 <- 0x0000000000000001
mem[X,0x0000000080009C98] -> 0x9593
mem[X,0x0000000080009C9A] -> 0x00F5
[996] [M]: 0x0000000080009C98 (0x00F59593) slli a1, a1, 0xf
x11 <- 0x0000000000008000
mem[X,0x0000000080009C9C] -> 0xC593
mem[X,0x0000000080009C9E] -> 0xFFF5
[997] [M]: 0x0000000080009C9C (0xFFF5C593) xori a1, a1, -0x1
x11 <- 0xFFFFFFFFFFFF7FFF
mem[X,0x0000000080009CA0] -> 0x0113
mem[X,0x0000000080009CA2] -> 0x0000
[998] [M]: 0x0000000080009CA0 (0x00000113) addi sp, zero, 0x0
x2 <- 0x0000000000000000
mem[X,0x0000000080009CA4] -> 0x006F
mem[X,0x0000000080009CA6] -> 0x0100
[999] [M]: 0x0000000080009CA4 (0x0100006F) jal zero, 0x10
clint::tick mtime <- 0x000000000000000A
 clint timer pending at mtime 0x000000000000000A
htif::tick 0x0000000000000000
mem[X,0x0000000080009CB4] -> 0x1AE3
mem[X,0x0000000080009CB6] -> 0xFEB5
[1000] [M]: 0x0000000080009CB4 (0xFEB51AE3) bne a0, a1, -0xc
mem[X,0x0000000080009CA8] -> 0x0113
mem[X,0x0000000080009CAA] -> 0x0011
[1001] [M]: 0x0000000080009CA8 (0x00110113) addi sp, sp, 0x1
x2 <- 0x0000000000000001
mem[X,0x0000000080009CAC] -> 0x006F
mem[X,0x0000000080009CAE] -> 0x01C0
[1002] [M]: 0x0000000080009CAC (0x01C0006F) jal zero, 0x1c
mem[X,0x0000000080009CC8] -> 0xBC23
mem[X,0x0000000080009CCA] -> 0x1C20
[1003] [M]: 0x0000000080009CC8 (0x1C20BC23) sd sp, 0x1d8(ra)
mem[0x00000000800453B0] <- 0x0000000000000001
mem[X,0x0000000080009CCC] -> 0x0513
mem[X,0x0000000080009CCE] -> 0x0010
[1004] [M]: 0x0000000080009CCC (0x00100513) addi a0, zero, 0x1
x10 <- 0x0000000000000001
mem[X,0x0000000080009CD0] -> 0x1513
mem[X,0x0000000080009CD2] -> 0x0335
[1005] [M]: 0x0000000080009CD0 (0x03351513) slli a0, a0, 0x33
x10 <- 0x0008000000000000
mem[X,0x0000000080009CD4] -> 0x0593
mem[X,0x0000000080009CD6] -> 0x0010
[1006] [M]: 0x0000000080009CD4 (0x00100593) addi a1, zero, 0x1
x11 <- 0x0000000000000001
mem[X,0x0000000080009CD8] -> 0x9593
mem[X,0x0000000080009CDA] -> 0x0105
[1007] [M]: 0x0000000080009CD8 (0x01059593) slli a1, a1, 0x10
x11 <- 0x0000000000010000
mem[X,0x0000000080009CDC] -> 0xC593
mem[X,0x0000000080009CDE] -> 0xFFF5
[1008] [M]: 0x0000000080009CDC (0xFFF5C593) xori a1, a1, -0x1
x11 <- 0xFFFFFFFFFFFEFFFF
mem[X,0x0000000080009CE0] -> 0x0113
mem[X,0x0000000080009CE2] -> 0x0000
[1009] [M]: 0x0000000080009CE0 (0x00000113) addi sp, zero, 0x0
x2 <- 0x0000000000000000
mem[X,0x0000000080009CE4] -> 0x006F
mem[X,0x0000000080009CE6] -> 0x00C0
[1010] [M]: 0x0000000080009CE4 (0x00C0006F) jal zero, 0xc
mem[X,0x0000000080009CF0] -> 0x1863
mem[X,0x0000000080009CF2] -> 0x00B5
[1011] [M]: 0x0000000080009CF0 (0x00B51863) bne a0, a1, 0x10
mem[X,0x0000000080009D00] -> 0x0113
mem[X,0x0000000080009D02] -> 0x0031
[1012] [M]: 0x0000000080009D00 (0x00310113) addi sp, sp, 0x3
x2 <- 0x0000000000000003
mem[X,0x0000000080009D04] -> 0x006F
mem[X,0x0000000080009D06] -> 0x0040
[1013] [M]: 0x0000000080009D04 (0x0040006F) jal zero, 0x4
mem[X,0x0000000080009D08] -> 0xB023
mem[X,0x0000000080009D0A] -> 0x1E20
[1014] [M]: 0x0000000080009D08 (0x1E20B023) sd sp, 0x1e0(ra)
mem[0x00000000800453B8] <- 0x0000000000000003
mem[X,0x0000000080009D0C] -> 0x0513
mem[X,0x0000000080009D0E] -> 0x0040
[1015] [M]: 0x0000000080009D0C (0x00400513) addi a0, zero, 0x4
x10 <- 0x0000000000000004
mem[X,0x0000000080009D10] -> 0x0593
mem[X,0x0000000080009D12] -> 0x0010
[1016] [M]: 0x0000000080009D10 (0x00100593) addi a1, zero, 0x1
x11 <- 0x0000000000000001
mem[X,0x0000000080009D14] -> 0x9593
mem[X,0x0000000080009D16] -> 0x0115
[1017] [M]: 0x0000000080009D14 (0x01159593) slli a1, a1, 0x11
x11 <- 0x0000000000020000
mem[X,0x0000000080009D18] -> 0xC593
mem[X,0x0000000080009D1A] -> 0xFFF5
[1018] [M]: 0x0000000080009D18 (0xFFF5C593) xori a1, a1, -0x1
x11 <- 0xFFFFFFFFFFFDFFFF
mem[X,0x0000000080009D1C] -> 0x0113
mem[X,0x0000000080009D1E] -> 0x0000
[1019] [M]: 0x0000000080009D1C (0x00000113) addi sp, zero, 0x0
x2 <- 0x0000000000000000
mem[X,0x0000000080009D20] -> 0x006F
mem[X,0x0000000080009D22] -> 0x00C0
[1020] [M]: 0x0000000080009D20 (0x00C0006F) jal zero, 0xc
mem[X,0x0000000080009D2C] -> 0x1063
mem[X,0x0000000080009D2E] -> 0x10B5
[1021] [M]: 0x0000000080009D2C (0x10B51063) bne a0, a1, 0x100
mem[X,0x0000000080009E2C] -> 0x0113
mem[X,0x0000000080009E2E] -> 0x0031
[1022] [M]: 0x0000000080009E2C (0x00310113) addi sp, sp, 0x3
x2 <- 0x0000000000000003
mem[X,0x0000000080009E30] -> 0x006F
mem[X,0x0000000080009E32] -> 0x0040
[1023] [M]: 0x0000000080009E30 (0x0040006F) jal zero, 0x4
mem[X,0x0000000080009E34] -> 0xB423
mem[X,0x0000000080009E36] -> 0x1E20
[1024] [M]: 0x0000000080009E34 (0x1E20B423) sd sp, 0x1e8(ra)
mem[0x00000000800453C0] <- 0x0000000000000003
mem[X,0x0000000080009E38] -> 0x0513
mem[X,0x0000000080009E3A] -> 0x0040
[1025] [M]: 0x0000000080009E38 (0x00400513) addi a0, zero, 0x4
x10 <- 0x0000000000000004
mem[X,0x0000000080009E3C] -> 0x0593
mem[X,0x0000000080009E3E] -> 0x0010
[1026] [M]: 0x0000000080009E3C (0x00100593) addi a1, zero, 0x1
x11 <- 0x0000000000000001
mem[X,0x0000000080009E40] -> 0x9593
mem[X,0x0000000080009E42] -> 0x0125
[1027] [M]: 0x0000000080009E40 (0x01259593) slli a1, a1, 0x12
x11 <- 0x0000000000040000
mem[X,0x0000000080009E44] -> 0xC593
mem[X,0x0000000080009E46] -> 0xFFF5
[1028] [M]: 0x0000000080009E44 (0xFFF5C593) xori a1, a1, -0x1
x11 <- 0xFFFFFFFFFFFBFFFF
mem[X,0x0000000080009E48] -> 0x0113
mem[X,0x0000000080009E4A] -> 0x0000
[1029] [M]: 0x0000000080009E48 (0x00000113) addi sp, zero, 0x0
x2 <- 0x0000000000000000
mem[X,0x0000000080009E4C] -> 0x006F
mem[X,0x0000000080009E4E] -> 0x00C0
[1030] [M]: 0x0000000080009E4C (0x00C0006F) jal zero, 0xc
mem[X,0x0000000080009E58] -> 0x1063
mem[X,0x0000000080009E5A] -> 0x40B5
[1031] [M]: 0x0000000080009E58 (0x40B51063) bne a0, a1, 0x400
mem[X,0x000000008000A258] -> 0x0113
mem[X,0x000000008000A25A] -> 0x0031
[1032] [M]: 0x000000008000A258 (0x00310113) addi sp, sp, 0x3
x2 <- 0x0000000000000003
mem[X,0x000000008000A25C] -> 0x006F
mem[X,0x000000008000A25E] -> 0x0040
[1033] [M]: 0x000000008000A25C (0x0040006F) jal zero, 0x4
mem[X,0x000000008000A260] -> 0xB823
mem[X,0x000000008000A262] -> 0x1E20
[1034] [M]: 0x000000008000A260 (0x1E20B823) sd sp, 0x1f0(ra)
mem[0x00000000800453C8] <- 0x0000000000000003
mem[X,0x000000008000A264] -> 0x0513
mem[X,0x000000008000A266] -> 0x0010
[1035] [M]: 0x000000008000A264 (0x00100513) addi a0, zero, 0x1
x10 <- 0x0000000000000001
mem[X,0x000000008000A268] -> 0x0593
mem[X,0x000000008000A26A] -> 0x0010
[1036] [M]: 0x000000008000A268 (0x00100593) addi a1, zero, 0x1
x11 <- 0x0000000000000001
mem[X,0x000000008000A26C] -> 0x9593
mem[X,0x000000008000A26E] -> 0x0135
[1037] [M]: 0x000000008000A26C (0x01359593) slli a1, a1, 0x13
x11 <- 0x0000000000080000
mem[X,0x000000008000A270] -> 0xC593
mem[X,0x000000008000A272] -> 0xFFF5
[1038] [M]: 0x000000008000A270 (0xFFF5C593) xori a1, a1, -0x1
x11 <- 0xFFFFFFFFFFF7FFFF
mem[X,0x000000008000A274] -> 0x0113
mem[X,0x000000008000A276] -> 0x0000
[1039] [M]: 0x000000008000A274 (0x00000113) addi sp, zero, 0x0
x2 <- 0x0000000000000000
mem[X,0x000000008000A278] -> 0x006F
mem[X,0x000000008000A27A] -> 0x00C0
[1040] [M]: 0x000000008000A278 (0x00C0006F) jal zero, 0xc
mem[X,0x000000008000A284] -> 0x1063
mem[X,0x000000008000A286] -> 0x02B5
[1041] [M]: 0x000000008000A284 (0x02B51063) bne a0, a1, 0x20
mem[X,0x000000008000A2A4] -> 0x0113
mem[X,0x000000008000A2A6] -> 0x0031
[1042] [M]: 0x000000008000A2A4 (0x00310113) addi sp, sp, 0x3
x2 <- 0x0000000000000003
mem[X,0x000000008000A2A8] -> 0x006F
mem[X,0x000000008000A2AA] -> 0x0040
[1043] [M]: 0x000000008000A2A8 (0x0040006F) jal zero, 0x4
mem[X,0x000000008000A2AC] -> 0xBC23
mem[X,0x000000008000A2AE] -> 0x1E20
[1044] [M]: 0x000000008000A2AC (0x1E20BC23) sd sp, 0x1f8(ra)
mem[0x00000000800453D0] <- 0x0000000000000003
mem[X,0x000000008000A2B0] -> 0x0513
mem[X,0x000000008000A2B2] -> 0xFF80
[1045] [M]: 0x000000008000A2B0 (0xFF800513) addi a0, zero, -0x8
x10 <- 0xFFFFFFFFFFFFFFF8
mem[X,0x000000008000A2B4] -> 0x0593
mem[X,0x000000008000A2B6] -> 0x0010
[1046] [M]: 0x000000008000A2B4 (0x00100593) addi a1, zero, 0x1
x11 <- 0x0000000000000001
mem[X,0x000000008000A2B8] -> 0x9593
mem[X,0x000000008000A2BA] -> 0x0145
[1047] [M]: 0x000000008000A2B8 (0x01459593) slli a1, a1, 0x14
x11 <- 0x0000000000100000
mem[X,0x000000008000A2BC] -> 0xC593
mem[X,0x000000008000A2BE] -> 0xFFF5
[1048] [M]: 0x000000008000A2BC (0xFFF5C593) xori a1, a1, -0x1
x11 <- 0xFFFFFFFFFFEFFFFF
mem[X,0x000000008000A2C0] -> 0x0113
mem[X,0x000000008000A2C2] -> 0x0000
[1049] [M]: 0x000000008000A2C0 (0x00000113) addi sp, zero, 0x0
x2 <- 0x0000000000000000
mem[X,0x000000008000A2C4] -> 0x006F
mem[X,0x000000008000A2C6] -> 0x00C0
[1050] [M]: 0x000000008000A2C4 (0x00C0006F) jal zero, 0xc
mem[X,0x000000008000A2D0] -> 0x1063
mem[X,0x000000008000A2D2] -> 0x02B5
[1051] [M]: 0x000000008000A2D0 (0x02B51063) bne a0, a1, 0x20
mem[X,0x000000008000A2F0] -> 0x0113
mem[X,0x000000008000A2F2] -> 0x0031
[1052] [M]: 0x000000008000A2F0 (0x00310113) addi sp, sp, 0x3
x2 <- 0x0000000000000003
mem[X,0x000000008000A2F4] -> 0x006F
mem[X,0x000000008000A2F6] -> 0x0040
[1053] [M]: 0x000000008000A2F4 (0x0040006F) jal zero, 0x4
mem[X,0x000000008000A2F8] -> 0xB023
mem[X,0x000000008000A2FA] -> 0x2020
[1054] [M]: 0x000000008000A2F8 (0x2020B023) sd sp, 0x200(ra)
mem[0x00000000800453D8] <- 0x0000000000000003
mem[X,0x000000008000A2FC] -> 0x0513
mem[X,0x000000008000A2FE] -> 0x0000
[1055] [M]: 0x000000008000A2FC (0x00000513) addi a0, zero, 0x0
x10 <- 0x0000000000000000
mem[X,0x000000008000A300] -> 0x0593
mem[X,0x000000008000A302] -> 0x0010
[1056] [M]: 0x000000008000A300 (0x00100593) addi a1, zero, 0x1
x11 <- 0x0000000000000001
mem[X,0x000000008000A304] -> 0x9593
mem[X,0x000000008000A306] -> 0x0155
[1057] [M]: 0x000000008000A304 (0x01559593) slli a1, a1, 0x15
x11 <- 0x0000000000200000
mem[X,0x000000008000A308] -> 0xC593
mem[X,0x000000008000A30A] -> 0xFFF5
[1058] [M]: 0x000000008000A308 (0xFFF5C593) xori a1, a1, -0x1
x11 <- 0xFFFFFFFFFFDFFFFF
mem[X,0x000000008000A30C] -> 0x0113
mem[X,0x000000008000A30E] -> 0x0000
[1059] [M]: 0x000000008000A30C (0x00000113) addi sp, zero, 0x0
x2 <- 0x0000000000000000
mem[X,0x000000008000A310] -> 0x006F
mem[X,0x000000008000A312] -> 0x00C0
[1060] [M]: 0x000000008000A310 (0x00C0006F) jal zero, 0xc
mem[X,0x000000008000A31C] -> 0x1063
mem[X,0x000000008000A31E] -> 0x08B5
[1061] [M]: 0x000000008000A31C (0x08B51063) bne a0, a1, 0x80
mem[X,0x000000008000A39C] -> 0x0113
mem[X,0x000000008000A39E] -> 0x0031
[1062] [M]: 0x000000008000A39C (0x00310113) addi sp, sp, 0x3
x2 <- 0x0000000000000003
mem[X,0x000000008000A3A0] -> 0x006F
mem[X,0x000000008000A3A2] -> 0x0040
[1063] [M]: 0x000000008000A3A0 (0x0040006F) jal zero, 0x4
mem[X,0x000000008000A3A4] -> 0xB423
mem[X,0x000000008000A3A6] -> 0x2020
[1064] [M]: 0x000000008000A3A4 (0x2020B423) sd sp, 0x208(ra)
mem[0x00000000800453E0] <- 0x0000000000000003
mem[X,0x000000008000A3A8] -> 0x0513
mem[X,0x000000008000A3AA] -> 0x0010
[1065] [M]: 0x000000008000A3A8 (0x00100513) addi a0, zero, 0x1
x10 <- 0x0000000000000001
mem[X,0x000000008000A3AC] -> 0x1513
mem[X,0x000000008000A3AE] -> 0x00E5
[1066] [M]: 0x000000008000A3AC (0x00E51513) slli a0, a0, 0xe
x10 <- 0x0000000000004000
mem[X,0x000000008000A3B0] -> 0x0593
mem[X,0x000000008000A3B2] -> 0x0010
[1067] [M]: 0x000000008000A3B0 (0x00100593) addi a1, zero, 0x1
x11 <- 0x0000000000000001
mem[X,0x000000008000A3B4] -> 0x9593
mem[X,0x000000008000A3B6] -> 0x0165
[1068] [M]: 0x000000008000A3B4 (0x01659593) slli a1, a1, 0x16
x11 <- 0x0000000000400000
mem[X,0x000000008000A3B8] -> 0xC593
mem[X,0x000000008000A3BA] -> 0xFFF5
[1069] [M]: 0x000000008000A3B8 (0xFFF5C593) xori a1, a1, -0x1
x11 <- 0xFFFFFFFFFFBFFFFF
mem[X,0x000000008000A3BC] -> 0x0113
mem[X,0x000000008000A3BE] -> 0x0000
[1070] [M]: 0x000000008000A3BC (0x00000113) addi sp, zero, 0x0
x2 <- 0x0000000000000000
mem[X,0x000000008000A3C0] -> 0x006F
mem[X,0x000000008000A3C2] -> 0x00C0
[1071] [M]: 0x000000008000A3C0 (0x00C0006F) jal zero, 0xc
mem[X,0x000000008000A3CC] -> 0x1863
mem[X,0x000000008000A3CE] -> 0x00B5
[1072] [M]: 0x000000008000A3CC (0x00B51863) bne a0, a1, 0x10
mem[X,0x000000008000A3DC] -> 0x0113
mem[X,0x000000008000A3DE] -> 0x0031
[1073] [M]: 0x000000008000A3DC (0x00310113) addi sp, sp, 0x3
x2 <- 0x0000000000000003
mem[X,0x000000008000A3E0] -> 0x006F
mem[X,0x000000008000A3E2] -> 0x0040
[1074] [M]: 0x000000008000A3E0 (0x0040006F) jal zero, 0x4
mem[X,0x000000008000A3E4] -> 0xB823
mem[X,0x000000008000A3E6] -> 0x2020
[1075] [M]: 0x000000008000A3E4 (0x2020B823) sd sp, 0x210(ra)
mem[0x00000000800453E8] <- 0x0000000000000003
mem[X,0x000000008000A3E8] -> 0x0513
mem[X,0x000000008000A3EA] -> 0x0010
[1076] [M]: 0x000000008000A3E8 (0x00100513) addi a0, zero, 0x1
x10 <- 0x0000000000000001
mem[X,0x000000008000A3EC] -> 0x1513
mem[X,0x000000008000A3EE] -> 0x03E5
[1077] [M]: 0x000000008000A3EC (0x03E51513) slli a0, a0, 0x3e
x10 <- 0x4000000000000000
mem[X,0x000000008000A3F0] -> 0x0593
mem[X,0x000000008000A3F2] -> 0x0010
[1078] [M]: 0x000000008000A3F0 (0x00100593) addi a1, zero, 0x1
x11 <- 0x0000000000000001
mem[X,0x000000008000A3F4] -> 0x9593
mem[X,0x000000008000A3F6] -> 0x0175
[1079] [M]: 0x000000008000A3F4 (0x01759593) slli a1, a1, 0x17
x11 <- 0x0000000000800000
mem[X,0x000000008000A3F8] -> 0xC593
mem[X,0x000000008000A3FA] -> 0xFFF5
[1080] [M]: 0x000000008000A3F8 (0xFFF5C593) xori a1, a1, -0x1
x11 <- 0xFFFFFFFFFF7FFFFF
mem[X,0x000000008000A3FC] -> 0x0113
mem[X,0x000000008000A3FE] -> 0x0000
[1081] [M]: 0x000000008000A3FC (0x00000113) addi sp, zero, 0x0
x2 <- 0x0000000000000000
mem[X,0x000000008000A400] -> 0x006F
mem[X,0x000000008000A402] -> 0x00C0
[1082] [M]: 0x000000008000A400 (0x00C0006F) jal zero, 0xc
mem[X,0x000000008000A40C] -> 0x1863
mem[X,0x000000008000A40E] -> 0x00B5
[1083] [M]: 0x000000008000A40C (0x00B51863) bne a0, a1, 0x10
mem[X,0x000000008000A41C] -> 0x0113
mem[X,0x000000008000A41E] -> 0x0031
[1084] [M]: 0x000000008000A41C (0x00310113) addi sp, sp, 0x3
x2 <- 0x0000000000000003
mem[X,0x000000008000A420] -> 0x006F
mem[X,0x000000008000A422] -> 0x0040
[1085] [M]: 0x000000008000A420 (0x0040006F) jal zero, 0x4
mem[X,0x000000008000A424] -> 0xBC23
mem[X,0x000000008000A426] -> 0x2020
[1086] [M]: 0x000000008000A424 (0x2020BC23) sd sp, 0x218(ra)
mem[0x00000000800453F0] <- 0x0000000000000003
mem[X,0x000000008000A428] -> 0x0513
mem[X,0x000000008000A42A] -> 0x0030
[1087] [M]: 0x000000008000A428 (0x00300513) addi a0, zero, 0x3
x10 <- 0x0000000000000003
mem[X,0x000000008000A42C] -> 0x0593
mem[X,0x000000008000A42E] -> 0x0010
[1088] [M]: 0x000000008000A42C (0x00100593) addi a1, zero, 0x1
x11 <- 0x0000000000000001
mem[X,0x000000008000A430] -> 0x9593
mem[X,0x000000008000A432] -> 0x0185
[1089] [M]: 0x000000008000A430 (0x01859593) slli a1, a1, 0x18
x11 <- 0x0000000001000000
mem[X,0x000000008000A434] -> 0xC593
mem[X,0x000000008000A436] -> 0xFFF5
[1090] [M]: 0x000000008000A434 (0xFFF5C593) xori a1, a1, -0x1
x11 <- 0xFFFFFFFFFEFFFFFF
mem[X,0x000000008000A438] -> 0x0113
mem[X,0x000000008000A43A] -> 0x0000
[1091] [M]: 0x000000008000A438 (0x00000113) addi sp, zero, 0x0
x2 <- 0x0000000000000000
mem[X,0x000000008000A43C] -> 0x006F
mem[X,0x000000008000A43E] -> 0x0050
[1092] [M]: 0x000000008000A43C (0x0050006F) jal zero, 0x804
mem[X,0x000000008000AC40] -> 0x10E3
mem[X,0x000000008000AC42] -> 0x80B5
[1093] [M]: 0x000000008000AC40 (0x80B510E3) bne a0, a1, -0x800
mem[X,0x000000008000A440] -> 0x0113
mem[X,0x000000008000A442] -> 0x0011
[1094] [M]: 0x000000008000A440 (0x00110113) addi sp, sp, 0x1
x2 <- 0x0000000000000001
mem[X,0x000000008000A444] -> 0x006F
mem[X,0x000000008000A446] -> 0x0110
[1095] [M]: 0x000000008000A444 (0x0110006F) jal zero, 0x810
mem[X,0x000000008000AC54] -> 0xB023
mem[X,0x000000008000AC56] -> 0x2220
[1096] [M]: 0x000000008000AC54 (0x2220B023) sd sp, 0x220(ra)
mem[0x00000000800453F8] <- 0x0000000000000001
mem[X,0x000000008000AC58] -> 0x0513
mem[X,0x000000008000AC5A] -> 0x0010
[1097] [M]: 0x000000008000AC58 (0x00100513) addi a0, zero, 0x1
x10 <- 0x0000000000000001
mem[X,0x000000008000AC5C] -> 0x1513
mem[X,0x000000008000AC5E] -> 0x00D5
[1098] [M]: 0x000000008000AC5C (0x00D51513) slli a0, a0, 0xd
x10 <- 0x0000000000002000
mem[X,0x000000008000AC60] -> 0x4513
mem[X,0x000000008000AC62] -> 0xFFF5
[1099] [M]: 0x000000008000AC60 (0xFFF54513) xori a0, a0, -0x1
x10 <- 0xFFFFFFFFFFFFDFFF
clint::tick mtime <- 0x000000000000000B
 clint timer pending at mtime 0x000000000000000B
htif::tick 0x0000000000000000
mem[X,0x000000008000AC64] -> 0x0593
mem[X,0x000000008000AC66] -> 0x0010
[1100] [M]: 0x000000008000AC64 (0x00100593) addi a1, zero, 0x1
x11 <- 0x0000000000000001
mem[X,0x000000008000AC68] -> 0x9593
mem[X,0x000000008000AC6A] -> 0x0195
[1101] [M]: 0x000000008000AC68 (0x01959593) slli a1, a1, 0x19
x11 <- 0x0000000002000000
mem[X,0x000000008000AC6C] -> 0xC593
mem[X,0x000000008000AC6E] -> 0xFFF5
[1102] [M]: 0x000000008000AC6C (0xFFF5C593) xori a1, a1, -0x1
x11 <- 0xFFFFFFFFFDFFFFFF
mem[X,0x000000008000AC70] -> 0x0113
mem[X,0x000000008000AC72] -> 0x0000
[1103] [M]: 0x000000008000AC70 (0x00000113) addi sp, zero, 0x0
x2 <- 0x0000000000000000
mem[X,0x000000008000AC74] -> 0x006F
mem[X,0x000000008000AC76] -> 0x00C0
[1104] [M]: 0x000000008000AC74 (0x00C0006F) jal zero, 0xc
mem[X,0x000000008000AC80] -> 0x1663
mem[X,0x000000008000AC82] -> 0x00B5
[1105] [M]: 0x000000008000AC80 (0x00B51663) bne a0, a1, 0xc
mem[X,0x000000008000AC8C] -> 0x0113
mem[X,0x000000008000AC8E] -> 0x0031
[1106] [M]: 0x000000008000AC8C (0x00310113) addi sp, sp, 0x3
x2 <- 0x0000000000000003
mem[X,0x000000008000AC90] -> 0x006F
mem[X,0x000000008000AC92] -> 0x0040
[1107] [M]: 0x000000008000AC90 (0x0040006F) jal zero, 0x4
mem[X,0x000000008000AC94] -> 0xB423
mem[X,0x000000008000AC96] -> 0x2220
[1108] [M]: 0x000000008000AC94 (0x2220B423) sd sp, 0x228(ra)
mem[0x0000000080045400] <- 0x0000000000000003
mem[X,0x000000008000AC98] -> 0x0513
mem[X,0x000000008000AC9A] -> 0x0010
[1109] [M]: 0x000000008000AC98 (0x00100513) addi a0, zero, 0x1
x10 <- 0x0000000000000001
mem[X,0x000000008000AC9C] -> 0x1513
mem[X,0x000000008000AC9E] -> 0x0385
[1110] [M]: 0x000000008000AC9C (0x03851513) slli a0, a0, 0x38
x10 <- 0x0100000000000000
mem[X,0x000000008000ACA0] -> 0x0593
mem[X,0x000000008000ACA2] -> 0x0010
[1111] [M]: 0x000000008000ACA0 (0x00100593) addi a1, zero, 0x1
x11 <- 0x0000000000000001
mem[X,0x000000008000ACA4] -> 0x9593
mem[X,0x000000008000ACA6] -> 0x01A5
[1112] [M]: 0x000000008000ACA4 (0x01A59593) slli a1, a1, 0x1a
x11 <- 0x0000000004000000
mem[X,0x000000008000ACA8] -> 0xC593
mem[X,0x000000008000ACAA] -> 0xFFF5
[1113] [M]: 0x000000008000ACA8 (0xFFF5C593) xori a1, a1, -0x1
x11 <- 0xFFFFFFFFFBFFFFFF
mem[X,0x000000008000ACAC] -> 0x0113
mem[X,0x000000008000ACAE] -> 0x0000
[1114] [M]: 0x000000008000ACAC (0x00000113) addi sp, zero, 0x0
x2 <- 0x0000000000000000
mem[X,0x000000008000ACB0] -> 0x006F
mem[X,0x000000008000ACB2] -> 0x00C0
[1115] [M]: 0x000000008000ACB0 (0x00C0006F) jal zero, 0xc
mem[X,0x000000008000ACBC] -> 0x1663
mem[X,0x000000008000ACBE] -> 0x00B5
[1116] [M]: 0x000000008000ACBC (0x00B51663) bne a0, a1, 0xc
mem[X,0x000000008000ACC8] -> 0x0113
mem[X,0x000000008000ACCA] -> 0x0031
[1117] [M]: 0x000000008000ACC8 (0x00310113) addi sp, sp, 0x3
x2 <- 0x0000000000000003
mem[X,0x000000008000ACCC] -> 0x006F
mem[X,0x000000008000ACCE] -> 0x0040
[1118] [M]: 0x000000008000ACCC (0x0040006F) jal zero, 0x4
mem[X,0x000000008000ACD0] -> 0xB823
mem[X,0x000000008000ACD2] -> 0x2220
[1119] [M]: 0x000000008000ACD0 (0x2220B823) sd sp, 0x230(ra)
mem[0x0000000080045408] <- 0x0000000000000003
mem[X,0x000000008000ACD4] -> 0x3537
mem[X,0x000000008000ACD6] -> 0x3333
[1120] [M]: 0x000000008000ACD4 (0x33333537) lui a0, 0x33333
x10 <- 0x0000000033333000
mem[X,0x000000008000ACD8] -> 0x0513
mem[X,0x000000008000ACDA] -> 0x3335
[1121] [M]: 0x000000008000ACD8 (0x33350513) addi a0, a0, 0x333
x10 <- 0x0000000033333333
mem[X,0x000000008000ACDC] -> 0x1513
mem[X,0x000000008000ACDE] -> 0x00B5
[1122] [M]: 0x000000008000ACDC (0x00B51513) slli a0, a0, 0xb
x10 <- 0x0000019999999800
mem[X,0x000000008000ACE0] -> 0x0513
mem[X,0x000000008000ACE2] -> 0x1995
[1123] [M]: 0x000000008000ACE0 (0x19950513) addi a0, a0, 0x199
x10 <- 0x0000019999999999
mem[X,0x000000008000ACE4] -> 0x1513
mem[X,0x000000008000ACE6] -> 0x00B5
[1124] [M]: 0x000000008000ACE4 (0x00B51513) slli a0, a0, 0xb
x10 <- 0x000CCCCCCCCCC800
mem[X,0x000000008000ACE8] -> 0x0513
mem[X,0x000000008000ACEA] -> 0x4CC5
[1125] [M]: 0x000000008000ACE8 (0x4CC50513) addi a0, a0, 0x4cc
x10 <- 0x000CCCCCCCCCCCCC
mem[X,0x000000008000ACEC] -> 0x1513
mem[X,0x000000008000ACEE] -> 0x00A5
[1126] [M]: 0x000000008000ACEC (0x00A51513) slli a0, a0, 0xa
x10 <- 0x3333333333333000
mem[X,0x000000008000ACF0] -> 0x0513
mem[X,0x000000008000ACF2] -> 0x3325
[1127] [M]: 0x000000008000ACF0 (0x33250513) addi a0, a0, 0x332
x10 <- 0x3333333333333332
mem[X,0x000000008000ACF4] -> 0x0593
mem[X,0x000000008000ACF6] -> 0x0010
[1128] [M]: 0x000000008000ACF4 (0x00100593) addi a1, zero, 0x1
x11 <- 0x0000000000000001
mem[X,0x000000008000ACF8] -> 0x9593
mem[X,0x000000008000ACFA] -> 0x01B5
[1129] [M]: 0x000000008000ACF8 (0x01B59593) slli a1, a1, 0x1b
x11 <- 0x0000000008000000
mem[X,0x000000008000ACFC] -> 0xC593
mem[X,0x000000008000ACFE] -> 0xFFF5
[1130] [M]: 0x000000008000ACFC (0xFFF5C593) xori a1, a1, -0x1
x11 <- 0xFFFFFFFFF7FFFFFF
mem[X,0x000000008000AD00] -> 0x0113
mem[X,0x000000008000AD02] -> 0x0000
[1131] [M]: 0x000000008000AD00 (0x00000113) addi sp, zero, 0x0
x2 <- 0x0000000000000000
mem[X,0x000000008000AD04] -> 0x006F
mem[X,0x000000008000AD06] -> 0x2B10
[1132] [M]: 0x000000008000AD04 (0x2B10006F) jal zero, 0xab0
mem[X,0x000000008000B7B4] -> 0x1A63
mem[X,0x000000008000B7B6] -> 0xD4B5
[1133] [M]: 0x000000008000B7B4 (0xD4B51A63) bne a0, a1, -0xaac
mem[X,0x000000008000AD08] -> 0x0113
mem[X,0x000000008000AD0A] -> 0x0011
[1134] [M]: 0x000000008000AD08 (0x00110113) addi sp, sp, 0x1
x2 <- 0x0000000000000001
mem[X,0x000000008000AD0C] -> 0x006F
mem[X,0x000000008000AD0E] -> 0x2BD0
[1135] [M]: 0x000000008000AD0C (0x2BD0006F) jal zero, 0xabc
mem[X,0x000000008000B7C8] -> 0xBC23
mem[X,0x000000008000B7CA] -> 0x2220
[1136] [M]: 0x000000008000B7C8 (0x2220BC23) sd sp, 0x238(ra)
mem[0x0000000080045410] <- 0x0000000000000001
mem[X,0x000000008000B7CC] -> 0x0537
mem[X,0x000000008000B7CE] -> 0x0000
[1137] [M]: 0x000000008000B7CC (0x00000537) lui a0, 0x0
x10 <- 0x0000000000000000
mem[X,0x000000008000B7D0] -> 0x0513
mem[X,0x000000008000B7D2] -> 0xFFF5
[1138] [M]: 0x000000008000B7D0 (0xFFF50513) addi a0, a0, -0x1
x10 <- 0xFFFFFFFFFFFFFFFF
mem[X,0x000000008000B7D4] -> 0x1513
mem[X,0x000000008000B7D6] -> 0x00B5
[1139] [M]: 0x000000008000B7D4 (0x00B51513) slli a0, a0, 0xb
x10 <- 0xFFFFFFFFFFFFF800
mem[X,0x000000008000B7D8] -> 0x0513
mem[X,0x000000008000B7DA] -> 0x2575
[1140] [M]: 0x000000008000B7D8 (0x25750513) addi a0, a0, 0x257
x10 <- 0xFFFFFFFFFFFFFA57
mem[X,0x000000008000B7DC] -> 0x1513
mem[X,0x000000008000B7DE] -> 0x00B5
[1141] [M]: 0x000000008000B7DC (0x00B51513) slli a0, a0, 0xb
x10 <- 0xFFFFFFFFFFD2B800
mem[X,0x000000008000B7E0] -> 0x0513
mem[X,0x000000008000B7E2] -> 0x6C35
[1142] [M]: 0x000000008000B7E0 (0x6C350513) addi a0, a0, 0x6c3
x10 <- 0xFFFFFFFFFFD2BEC3
mem[X,0x000000008000B7E4] -> 0x1513
mem[X,0x000000008000B7E6] -> 0x00A5
[1143] [M]: 0x000000008000B7E4 (0x00A51513) slli a0, a0, 0xa
x10 <- 0xFFFFFFFF4AFB0C00
mem[X,0x000000008000B7E8] -> 0x0513
mem[X,0x000000008000B7EA] -> 0x0CD5
[1144] [M]: 0x000000008000B7E8 (0x0CD50513) addi a0, a0, 0xcd
x10 <- 0xFFFFFFFF4AFB0CCD
mem[X,0x000000008000B7EC] -> 0x0593
mem[X,0x000000008000B7EE] -> 0x0010
[1145] [M]: 0x000000008000B7EC (0x00100593) addi a1, zero, 0x1
x11 <- 0x0000000000000001
mem[X,0x000000008000B7F0] -> 0x9593
mem[X,0x000000008000B7F2] -> 0x01C5
[1146] [M]: 0x000000008000B7F0 (0x01C59593) slli a1, a1, 0x1c
x11 <- 0x0000000010000000
mem[X,0x000000008000B7F4] -> 0xC593
mem[X,0x000000008000B7F6] -> 0xFFF5
[1147] [M]: 0x000000008000B7F4 (0xFFF5C593) xori a1, a1, -0x1
x11 <- 0xFFFFFFFFEFFFFFFF
mem[X,0x000000008000B7F8] -> 0x0113
mem[X,0x000000008000B7FA] -> 0x0000
[1148] [M]: 0x000000008000B7F8 (0x00000113) addi sp, zero, 0x0
x2 <- 0x0000000000000000
mem[X,0x000000008000B7FC] -> 0x006F
mem[X,0x000000008000B7FE] -> 0x00C0
[1149] [M]: 0x000000008000B7FC (0x00C0006F) jal zero, 0xc
mem[X,0x000000008000B808] -> 0x1663
mem[X,0x000000008000B80A] -> 0x00B5
[1150] [M]: 0x000000008000B808 (0x00B51663) bne a0, a1, 0xc
mem[X,0x000000008000B814] -> 0x0113
mem[X,0x000000008000B816] -> 0x0031
[1151] [M]: 0x000000008000B814 (0x00310113) addi sp, sp, 0x3
x2 <- 0x0000000000000003
mem[X,0x000000008000B818] -> 0x006F
mem[X,0x000000008000B81A] -> 0x0040
[1152] [M]: 0x000000008000B818 (0x0040006F) jal zero, 0x4
mem[X,0x000000008000B81C] -> 0xB023
mem[X,0x000000008000B81E] -> 0x2420
[1153] [M]: 0x000000008000B81C (0x2420B023) sd sp, 0x240(ra)
mem[0x0000000080045418] <- 0x0000000000000003
mem[X,0x000000008000B820] -> 0x0513
mem[X,0x000000008000B822] -> 0x0010
[1154] [M]: 0x000000008000B820 (0x00100513) addi a0, zero, 0x1
x10 <- 0x0000000000000001
mem[X,0x000000008000B824] -> 0x1513
mem[X,0x000000008000B826] -> 0x03D5
[1155] [M]: 0x000000008000B824 (0x03D51513) slli a0, a0, 0x3d
x10 <- 0x2000000000000000
mem[X,0x000000008000B828] -> 0x0593
mem[X,0x000000008000B82A] -> 0x0010
[1156] [M]: 0x000000008000B828 (0x00100593) addi a1, zero, 0x1
x11 <- 0x0000000000000001
mem[X,0x000000008000B82C] -> 0x9593
mem[X,0x000000008000B82E] -> 0x01D5
[1157] [M]: 0x000000008000B82C (0x01D59593) slli a1, a1, 0x1d
x11 <- 0x0000000020000000
mem[X,0x000000008000B830] -> 0xC593
mem[X,0x000000008000B832] -> 0xFFF5
[1158] [M]: 0x000000008000B830 (0xFFF5C593) xori a1, a1, -0x1
x11 <- 0xFFFFFFFFDFFFFFFF
mem[X,0x000000008000B834] -> 0x0113
mem[X,0x000000008000B836] -> 0x0000
[1159] [M]: 0x000000008000B834 (0x00000113) addi sp, zero, 0x0
x2 <- 0x0000000000000000
mem[X,0x000000008000B838] -> 0x006F
mem[X,0x000000008000B83A] -> 0x00C0
[1160] [M]: 0x000000008000B838 (0x00C0006F) jal zero, 0xc
mem[X,0x000000008000B844] -> 0x1063
mem[X,0x000000008000B846] -> 0x40B5
[1161] [M]: 0x000000008000B844 (0x40B51063) bne a0, a1, 0x400
mem[X,0x000000008000BC44] -> 0x0113
mem[X,0x000000008000BC46] -> 0x0031
[1162] [M]: 0x000000008000BC44 (0x00310113) addi sp, sp, 0x3
x2 <- 0x0000000000000003
mem[X,0x000000008000BC48] -> 0x006F
mem[X,0x000000008000BC4A] -> 0x0040
[1163] [M]: 0x000000008000BC48 (0x0040006F) jal zero, 0x4
mem[X,0x000000008000BC4C] -> 0xB423
mem[X,0x000000008000BC4E] -> 0x2420
[1164] [M]: 0x000000008000BC4C (0x2420B423) sd sp, 0x248(ra)
mem[0x0000000080045420] <- 0x0000000000000003
mem[X,0x000000008000BC50] -> 0x0513
mem[X,0x000000008000BC52] -> 0x0010
[1165] [M]: 0x000000008000BC50 (0x00100513) addi a0, zero, 0x1
x10 <- 0x0000000000000001
mem[X,0x000000008000BC54] -> 0x1513
mem[X,0x000000008000BC56] -> 0x03C5
[1166] [M]: 0x000000008000BC54 (0x03C51513) slli a0, a0, 0x3c
x10 <- 0x1000000000000000
mem[X,0x000000008000BC58] -> 0x0593
mem[X,0x000000008000BC5A] -> 0x0010
[1167] [M]: 0x000000008000BC58 (0x00100593) addi a1, zero, 0x1
x11 <- 0x0000000000000001
mem[X,0x000000008000BC5C] -> 0x9593
mem[X,0x000000008000BC5E] -> 0x01E5
[1168] [M]: 0x000000008000BC5C (0x01E59593) slli a1, a1, 0x1e
x11 <- 0x0000000040000000
mem[X,0x000000008000BC60] -> 0xC593
mem[X,0x000000008000BC62] -> 0xFFF5
[1169] [M]: 0x000000008000BC60 (0xFFF5C593) xori a1, a1, -0x1
x11 <- 0xFFFFFFFFBFFFFFFF
mem[X,0x000000008000BC64] -> 0x0113
mem[X,0x000000008000BC66] -> 0x0000
[1170] [M]: 0x000000008000BC64 (0x00000113) addi sp, zero, 0x0
x2 <- 0x0000000000000000
mem[X,0x000000008000BC68] -> 0x006F
mem[X,0x000000008000BC6A] -> 0x0050
[1171] [M]: 0x000000008000BC68 (0x0050006F) jal zero, 0x804
mem[X,0x000000008000C46C] -> 0x10E3
mem[X,0x000000008000C46E] -> 0x80B5
[1172] [M]: 0x000000008000C46C (0x80B510E3) bne a0, a1, -0x800
mem[X,0x000000008000BC6C] -> 0x0113
mem[X,0x000000008000BC6E] -> 0x0011
[1173] [M]: 0x000000008000BC6C (0x00110113) addi sp, sp, 0x1
x2 <- 0x0000000000000001
mem[X,0x000000008000BC70] -> 0x006F
mem[X,0x000000008000BC72] -> 0x0110
[1174] [M]: 0x000000008000BC70 (0x0110006F) jal zero, 0x810
mem[X,0x000000008000C480] -> 0xB823
mem[X,0x000000008000C482] -> 0x2420
[1175] [M]: 0x000000008000C480 (0x2420B823) sd sp, 0x250(ra)
mem[0x0000000080045428] <- 0x0000000000000001
mem[X,0x000000008000C484] -> 0x0513
mem[X,0x000000008000C486] -> 0x0010
[1176] [M]: 0x000000008000C484 (0x00100513) addi a0, zero, 0x1
x10 <- 0x0000000000000001
mem[X,0x000000008000C488] -> 0x1513
mem[X,0x000000008000C48A] -> 0x02E5
[1177] [M]: 0x000000008000C488 (0x02E51513) slli a0, a0, 0x2e
x10 <- 0x0000400000000000
mem[X,0x000000008000C48C] -> 0x4513
mem[X,0x000000008000C48E] -> 0xFFF5
[1178] [M]: 0x000000008000C48C (0xFFF54513) xori a0, a0, -0x1
x10 <- 0xFFFFBFFFFFFFFFFF
mem[X,0x000000008000C490] -> 0x0593
mem[X,0x000000008000C492] -> 0x0010
[1179] [M]: 0x000000008000C490 (0x00100593) addi a1, zero, 0x1
x11 <- 0x0000000000000001
mem[X,0x000000008000C494] -> 0x9593
mem[X,0x000000008000C496] -> 0x01F5
[1180] [M]: 0x000000008000C494 (0x01F59593) slli a1, a1, 0x1f
x11 <- 0x0000000080000000
mem[X,0x000000008000C498] -> 0xC593
mem[X,0x000000008000C49A] -> 0xFFF5
[1181] [M]: 0x000000008000C498 (0xFFF5C593) xori a1, a1, -0x1
x11 <- 0xFFFFFFFF7FFFFFFF
mem[X,0x000000008000C49C] -> 0x0113
mem[X,0x000000008000C49E] -> 0x0000
[1182] [M]: 0x000000008000C49C (0x00000113) addi sp, zero, 0x0
x2 <- 0x0000000000000000
mem[X,0x000000008000C4A0] -> 0x006F
mem[X,0x000000008000C4A2] -> 0x00C0
[1183] [M]: 0x000000008000C4A0 (0x00C0006F) jal zero, 0xc
mem[X,0x000000008000C4AC] -> 0x1663
mem[X,0x000000008000C4AE] -> 0x00B5
[1184] [M]: 0x000000008000C4AC (0x00B51663) bne a0, a1, 0xc
mem[X,0x000000008000C4B8] -> 0x0113
mem[X,0x000000008000C4BA] -> 0x0031
[1185] [M]: 0x000000008000C4B8 (0x00310113) addi sp, sp, 0x3
x2 <- 0x0000000000000003
mem[X,0x000000008000C4BC] -> 0x006F
mem[X,0x000000008000C4BE] -> 0x0040
[1186] [M]: 0x000000008000C4BC (0x0040006F) jal zero, 0x4
mem[X,0x000000008000C4C0] -> 0xBC23
mem[X,0x000000008000C4C2] -> 0x2420
[1187] [M]: 0x000000008000C4C0 (0x2420BC23) sd sp, 0x258(ra)
mem[0x0000000080045430] <- 0x0000000000000003
mem[X,0x000000008000C4C4] -> 0x0513
mem[X,0x000000008000C4C6] -> 0x0010
[1188] [M]: 0x000000008000C4C4 (0x00100513) addi a0, zero, 0x1
x10 <- 0x0000000000000001
mem[X,0x000000008000C4C8] -> 0x1513
mem[X,0x000000008000C4CA] -> 0x01B5
[1189] [M]: 0x000000008000C4C8 (0x01B51513) slli a0, a0, 0x1b
x10 <- 0x0000000008000000
mem[X,0x000000008000C4CC] -> 0x0593
mem[X,0x000000008000C4CE] -> 0x0010
[1190] [M]: 0x000000008000C4CC (0x00100593) addi a1, zero, 0x1
x11 <- 0x0000000000000001
mem[X,0x000000008000C4D0] -> 0x9593
mem[X,0x000000008000C4D2] -> 0x0205
[1191] [M]: 0x000000008000C4D0 (0x02059593) slli a1, a1, 0x20
x11 <- 0x0000000100000000
mem[X,0x000000008000C4D4] -> 0xC593
mem[X,0x000000008000C4D6] -> 0xFFF5
[1192] [M]: 0x000000008000C4D4 (0xFFF5C593) xori a1, a1, -0x1
x11 <- 0xFFFFFFFEFFFFFFFF
mem[X,0x000000008000C4D8] -> 0x0113
mem[X,0x000000008000C4DA] -> 0x0000
[1193] [M]: 0x000000008000C4D8 (0x00000113) addi sp, zero, 0x0
x2 <- 0x0000000000000000
mem[X,0x000000008000C4DC] -> 0x006F
mem[X,0x000000008000C4DE] -> 0x00C0
[1194] [M]: 0x000000008000C4DC (0x00C0006F) jal zero, 0xc
mem[X,0x000000008000C4E8] -> 0x1CE3
mem[X,0x000000008000C4EA] -> 0xFEB5
[1195] [M]: 0x000000008000C4E8 (0xFEB51CE3) bne a0, a1, -0x8
mem[X,0x000000008000C4E0] -> 0x0113
mem[X,0x000000008000C4E2] -> 0x0011
[1196] [M]: 0x000000008000C4E0 (0x00110113) addi sp, sp, 0x1
x2 <- 0x0000000000000001
mem[X,0x000000008000C4E4] -> 0x006F
mem[X,0x000000008000C4E6] -> 0x0180
[1197] [M]: 0x000000008000C4E4 (0x0180006F) jal zero, 0x18
mem[X,0x000000008000C4FC] -> 0xB023
mem[X,0x000000008000C4FE] -> 0x2620
[1198] [M]: 0x000000008000C4FC (0x2620B023) sd sp, 0x260(ra)
mem[0x0000000080045438] <- 0x0000000000000001
mem[X,0x000000008000C500] -> 0x3537
mem[X,0x000000008000C502] -> 0x3333
[1199] [M]: 0x000000008000C500 (0x33333537) lui a0, 0x33333
x10 <- 0x0000000033333000
clint::tick mtime <- 0x000000000000000C
 clint timer pending at mtime 0x000000000000000C
htif::tick 0x0000000000000000
mem[X,0x000000008000C504] -> 0x0513
mem[X,0x000000008000C506] -> 0x3335
[1200] [M]: 0x000000008000C504 (0x33350513) addi a0, a0, 0x333
x10 <- 0x0000000033333333
mem[X,0x000000008000C508] -> 0x1513
mem[X,0x000000008000C50A] -> 0x00B5
[1201] [M]: 0x000000008000C508 (0x00B51513) slli a0, a0, 0xb
x10 <- 0x0000019999999800
mem[X,0x000000008000C50C] -> 0x0513
mem[X,0x000000008000C50E] -> 0x1995
[1202] [M]: 0x000000008000C50C (0x19950513) addi a0, a0, 0x199
x10 <- 0x0000019999999999
mem[X,0x000000008000C510] -> 0x1513
mem[X,0x000000008000C512] -> 0x00B5
[1203] [M]: 0x000000008000C510 (0x00B51513) slli a0, a0, 0xb
x10 <- 0x000CCCCCCCCCC800
mem[X,0x000000008000C514] -> 0x0513
mem[X,0x000000008000C516] -> 0x4CC5
[1204] [M]: 0x000000008000C514 (0x4CC50513) addi a0, a0, 0x4cc
x10 <- 0x000CCCCCCCCCCCCC
mem[X,0x000000008000C518] -> 0x1513
mem[X,0x000000008000C51A] -> 0x00A5
[1205] [M]: 0x000000008000C518 (0x00A51513) slli a0, a0, 0xa
x10 <- 0x3333333333333000
mem[X,0x000000008000C51C] -> 0x0513
mem[X,0x000000008000C51E] -> 0x3345
[1206] [M]: 0x000000008000C51C (0x33450513) addi a0, a0, 0x334
x10 <- 0x3333333333333334
mem[X,0x000000008000C520] -> 0x0593
mem[X,0x000000008000C522] -> 0x0010
[1207] [M]: 0x000000008000C520 (0x00100593) addi a1, zero, 0x1
x11 <- 0x0000000000000001
mem[X,0x000000008000C524] -> 0x9593
mem[X,0x000000008000C526] -> 0x0215
[1208] [M]: 0x000000008000C524 (0x02159593) slli a1, a1, 0x21
x11 <- 0x0000000200000000
mem[X,0x000000008000C528] -> 0xC593
mem[X,0x000000008000C52A] -> 0xFFF5
[1209] [M]: 0x000000008000C528 (0xFFF5C593) xori a1, a1, -0x1
x11 <- 0xFFFFFFFDFFFFFFFF
mem[X,0x000000008000C52C] -> 0x0113
mem[X,0x000000008000C52E] -> 0x0000
[1210] [M]: 0x000000008000C52C (0x00000113) addi sp, zero, 0x0
x2 <- 0x0000000000000000
mem[X,0x000000008000C530] -> 0x006F
mem[X,0x000000008000C532] -> 0x00C0
[1211] [M]: 0x000000008000C530 (0x00C0006F) jal zero, 0xc
mem[X,0x000000008000C53C] -> 0x1663
mem[X,0x000000008000C53E] -> 0x00B5
[1212] [M]: 0x000000008000C53C (0x00B51663) bne a0, a1, 0xc
mem[X,0x000000008000C548] -> 0x0113
mem[X,0x000000008000C54A] -> 0x0031
[1213] [M]: 0x000000008000C548 (0x00310113) addi sp, sp, 0x3
x2 <- 0x0000000000000003
mem[X,0x000000008000C54C] -> 0x006F
mem[X,0x000000008000C54E] -> 0x0040
[1214] [M]: 0x000000008000C54C (0x0040006F) jal zero, 0x4
mem[X,0x000000008000C550] -> 0xB423
mem[X,0x000000008000C552] -> 0x2620
[1215] [M]: 0x000000008000C550 (0x2620B423) sd sp, 0x268(ra)
mem[0x0000000080045440] <- 0x0000000000000003
mem[X,0x000000008000C554] -> 0x0513
mem[X,0x000000008000C556] -> 0x0000
[1216] [M]: 0x000000008000C554 (0x00000513) addi a0, zero, 0x0
x10 <- 0x0000000000000000
mem[X,0x000000008000C558] -> 0x0593
mem[X,0x000000008000C55A] -> 0x0010
[1217] [M]: 0x000000008000C558 (0x00100593) addi a1, zero, 0x1
x11 <- 0x0000000000000001
mem[X,0x000000008000C55C] -> 0x9593
mem[X,0x000000008000C55E] -> 0x0225
[1218] [M]: 0x000000008000C55C (0x02259593) slli a1, a1, 0x22
x11 <- 0x0000000400000000
mem[X,0x000000008000C560] -> 0xC593
mem[X,0x000000008000C562] -> 0xFFF5
[1219] [M]: 0x000000008000C560 (0xFFF5C593) xori a1, a1, -0x1
x11 <- 0xFFFFFFFBFFFFFFFF
mem[X,0x000000008000C564] -> 0x0113
mem[X,0x000000008000C566] -> 0x0000
[1220] [M]: 0x000000008000C564 (0x00000113) addi sp, zero, 0x0
x2 <- 0x0000000000000000
mem[X,0x000000008000C568] -> 0x006F
mem[X,0x000000008000C56A] -> 0x00C0
[1221] [M]: 0x000000008000C568 (0x00C0006F) jal zero, 0xc
mem[X,0x000000008000C574] -> 0x1CE3
mem[X,0x000000008000C576] -> 0xFEB5
[1222] [M]: 0x000000008000C574 (0xFEB51CE3) bne a0, a1, -0x8
mem[X,0x000000008000C56C] -> 0x0113
mem[X,0x000000008000C56E] -> 0x0011
[1223] [M]: 0x000000008000C56C (0x00110113) addi sp, sp, 0x1
x2 <- 0x0000000000000001
mem[X,0x000000008000C570] -> 0x006F
mem[X,0x000000008000C572] -> 0x0180
[1224] [M]: 0x000000008000C570 (0x0180006F) jal zero, 0x18
mem[X,0x000000008000C588] -> 0xB823
mem[X,0x000000008000C58A] -> 0x2620
[1225] [M]: 0x000000008000C588 (0x2620B823) sd sp, 0x270(ra)
mem[0x0000000080045448] <- 0x0000000000000001
mem[X,0x000000008000C58C] -> 0xB537
mem[X,0x000000008000C58E] -> 0xAAAA
[1226] [M]: 0x000000008000C58C (0xAAAAB537) lui a0, -0x55555
x10 <- 0xFFFFFFFFAAAAB000
mem[X,0x000000008000C590] -> 0x0513
mem[X,0x000000008000C592] -> 0xAAA5
[1227] [M]: 0x000000008000C590 (0xAAA50513) addi a0, a0, -0x556
x10 <- 0xFFFFFFFFAAAAAAAA
mem[X,0x000000008000C594] -> 0x1513
mem[X,0x000000008000C596] -> 0x00B5
[1228] [M]: 0x000000008000C594 (0x00B51513) slli a0, a0, 0xb
x10 <- 0xFFFFFD5555555000
mem[X,0x000000008000C598] -> 0x0513
mem[X,0x000000008000C59A] -> 0x5555
[1229] [M]: 0x000000008000C598 (0x55550513) addi a0, a0, 0x555
x10 <- 0xFFFFFD5555555555
mem[X,0x000000008000C59C] -> 0x1513
mem[X,0x000000008000C59E] -> 0x00B5
[1230] [M]: 0x000000008000C59C (0x00B51513) slli a0, a0, 0xb
x10 <- 0xFFEAAAAAAAAAA800
mem[X,0x000000008000C5A0] -> 0x0513
mem[X,0x000000008000C5A2] -> 0x2AA5
[1231] [M]: 0x000000008000C5A0 (0x2AA50513) addi a0, a0, 0x2aa
x10 <- 0xFFEAAAAAAAAAAAAA
mem[X,0x000000008000C5A4] -> 0x1513
mem[X,0x000000008000C5A6] -> 0x00A5
[1232] [M]: 0x000000008000C5A4 (0x00A51513) slli a0, a0, 0xa
x10 <- 0xAAAAAAAAAAAAA800
mem[X,0x000000008000C5A8] -> 0x0513
mem[X,0x000000008000C5AA] -> 0x2AA5
[1233] [M]: 0x000000008000C5A8 (0x2AA50513) addi a0, a0, 0x2aa
x10 <- 0xAAAAAAAAAAAAAAAA
mem[X,0x000000008000C5AC] -> 0x0593
mem[X,0x000000008000C5AE] -> 0x0010
[1234] [M]: 0x000000008000C5AC (0x00100593) addi a1, zero, 0x1
x11 <- 0x0000000000000001
mem[X,0x000000008000C5B0] -> 0x9593
mem[X,0x000000008000C5B2] -> 0x0235
[1235] [M]: 0x000000008000C5B0 (0x02359593) slli a1, a1, 0x23
x11 <- 0x0000000800000000
mem[X,0x000000008000C5B4] -> 0xC593
mem[X,0x000000008000C5B6] -> 0xFFF5
[1236] [M]: 0x000000008000C5B4 (0xFFF5C593) xori a1, a1, -0x1
x11 <- 0xFFFFFFF7FFFFFFFF
mem[X,0x000000008000C5B8] -> 0x0113
mem[X,0x000000008000C5BA] -> 0x0000
[1237] [M]: 0x000000008000C5B8 (0x00000113) addi sp, zero, 0x0
x2 <- 0x0000000000000000
mem[X,0x000000008000C5BC] -> 0x006F
mem[X,0x000000008000C5BE] -> 0x00C0
[1238] [M]: 0x000000008000C5BC (0x00C0006F) jal zero, 0xc
mem[X,0x000000008000C5C8] -> 0x1663
mem[X,0x000000008000C5CA] -> 0x00B5
[1239] [M]: 0x000000008000C5C8 (0x00B51663) bne a0, a1, 0xc
mem[X,0x000000008000C5D4] -> 0x0113
mem[X,0x000000008000C5D6] -> 0x0031
[1240] [M]: 0x000000008000C5D4 (0x00310113) addi sp, sp, 0x3
x2 <- 0x0000000000000003
mem[X,0x000000008000C5D8] -> 0x006F
mem[X,0x000000008000C5DA] -> 0x0040
[1241] [M]: 0x000000008000C5D8 (0x0040006F) jal zero, 0x4
mem[X,0x000000008000C5DC] -> 0xBC23
mem[X,0x000000008000C5DE] -> 0x2620
[1242] [M]: 0x000000008000C5DC (0x2620BC23) sd sp, 0x278(ra)
mem[0x0000000080045450] <- 0x0000000000000003
mem[X,0x000000008000C5E0] -> 0x0513
mem[X,0x000000008000C5E2] -> 0x0000
[1243] [M]: 0x000000008000C5E0 (0x00000513) addi a0, zero, 0x0
x10 <- 0x0000000000000000
mem[X,0x000000008000C5E4] -> 0x0593
mem[X,0x000000008000C5E6] -> 0x0010
[1244] [M]: 0x000000008000C5E4 (0x00100593) addi a1, zero, 0x1
x11 <- 0x0000000000000001
mem[X,0x000000008000C5E8] -> 0x9593
mem[X,0x000000008000C5EA] -> 0x0245
[1245] [M]: 0x000000008000C5E8 (0x02459593) slli a1, a1, 0x24
x11 <- 0x0000001000000000
mem[X,0x000000008000C5EC] -> 0xC593
mem[X,0x000000008000C5EE] -> 0xFFF5
[1246] [M]: 0x000000008000C5EC (0xFFF5C593) xori a1, a1, -0x1
x11 <- 0xFFFFFFEFFFFFFFFF
mem[X,0x000000008000C5F0] -> 0x0113
mem[X,0x000000008000C5F2] -> 0x0000
[1247] [M]: 0x000000008000C5F0 (0x00000113) addi sp, zero, 0x0
x2 <- 0x0000000000000000
mem[X,0x000000008000C5F4] -> 0x006F
mem[X,0x000000008000C5F6] -> 0x00C0
[1248] [M]: 0x000000008000C5F4 (0x00C0006F) jal zero, 0xc
mem[X,0x000000008000C600] -> 0x1063
mem[X,0x000000008000C602] -> 0x20B5
[1249] [M]: 0x000000008000C600 (0x20B51063) bne a0, a1, 0x200
mem[X,0x000000008000C800] -> 0x0113
mem[X,0x000000008000C802] -> 0x0031
[1250] [M]: 0x000000008000C800 (0x00310113) addi sp, sp, 0x3
x2 <- 0x0000000000000003
mem[X,0x000000008000C804] -> 0x006F
mem[X,0x000000008000C806] -> 0x0040
[1251] [M]: 0x000000008000C804 (0x0040006F) jal zero, 0x4
mem[X,0x000000008000C808] -> 0xB023
mem[X,0x000000008000C80A] -> 0x2820
[1252] [M]: 0x000000008000C808 (0x2820B023) sd sp, 0x280(ra)
mem[0x0000000080045458] <- 0x0000000000000003
mem[X,0x000000008000C80C] -> 0xB537
mem[X,0x000000008000C80E] -> 0xAAAA
[1253] [M]: 0x000000008000C80C (0xAAAAB537) lui a0, -0x55555
x10 <- 0xFFFFFFFFAAAAB000
mem[X,0x000000008000C810] -> 0x0513
mem[X,0x000000008000C812] -> 0xAAA5
[1254] [M]: 0x000000008000C810 (0xAAA50513) addi a0, a0, -0x556
x10 <- 0xFFFFFFFFAAAAAAAA
mem[X,0x000000008000C814] -> 0x1513
mem[X,0x000000008000C816] -> 0x00B5
[1255] [M]: 0x000000008000C814 (0x00B51513) slli a0, a0, 0xb
x10 <- 0xFFFFFD5555555000
mem[X,0x000000008000C818] -> 0x0513
mem[X,0x000000008000C81A] -> 0x5555
[1256] [M]: 0x000000008000C818 (0x55550513) addi a0, a0, 0x555
x10 <- 0xFFFFFD5555555555
mem[X,0x000000008000C81C] -> 0x1513
mem[X,0x000000008000C81E] -> 0x00B5
[1257] [M]: 0x000000008000C81C (0x00B51513) slli a0, a0, 0xb
x10 <- 0xFFEAAAAAAAAAA800
mem[X,0x000000008000C820] -> 0x0513
mem[X,0x000000008000C822] -> 0x2AA5
[1258] [M]: 0x000000008000C820 (0x2AA50513) addi a0, a0, 0x2aa
x10 <- 0xFFEAAAAAAAAAAAAA
mem[X,0x000000008000C824] -> 0x1513
mem[X,0x000000008000C826] -> 0x00A5
[1259] [M]: 0x000000008000C824 (0x00A51513) slli a0, a0, 0xa
x10 <- 0xAAAAAAAAAAAAA800
mem[X,0x000000008000C828] -> 0x0513
mem[X,0x000000008000C82A] -> 0x2AB5
[1260] [M]: 0x000000008000C828 (0x2AB50513) addi a0, a0, 0x2ab
x10 <- 0xAAAAAAAAAAAAAAAB
mem[X,0x000000008000C82C] -> 0x0593
mem[X,0x000000008000C82E] -> 0x0010
[1261] [M]: 0x000000008000C82C (0x00100593) addi a1, zero, 0x1
x11 <- 0x0000000000000001
mem[X,0x000000008000C830] -> 0x9593
mem[X,0x000000008000C832] -> 0x0255
[1262] [M]: 0x000000008000C830 (0x02559593) slli a1, a1, 0x25
x11 <- 0x0000002000000000
mem[X,0x000000008000C834] -> 0xC593
mem[X,0x000000008000C836] -> 0xFFF5
[1263] [M]: 0x000000008000C834 (0xFFF5C593) xori a1, a1, -0x1
x11 <- 0xFFFFFFDFFFFFFFFF
mem[X,0x000000008000C838] -> 0x0113
mem[X,0x000000008000C83A] -> 0x0000
[1264] [M]: 0x000000008000C838 (0x00000113) addi sp, zero, 0x0
x2 <- 0x0000000000000000
mem[X,0x000000008000C83C] -> 0x006F
mem[X,0x000000008000C83E] -> 0x00C0
[1265] [M]: 0x000000008000C83C (0x00C0006F) jal zero, 0xc
mem[X,0x000000008000C848] -> 0x1063
mem[X,0x000000008000C84A] -> 0x02B5
[1266] [M]: 0x000000008000C848 (0x02B51063) bne a0, a1, 0x20
mem[X,0x000000008000C868] -> 0x0113
mem[X,0x000000008000C86A] -> 0x0031
[1267] [M]: 0x000000008000C868 (0x00310113) addi sp, sp, 0x3
x2 <- 0x0000000000000003
mem[X,0x000000008000C86C] -> 0x006F
mem[X,0x000000008000C86E] -> 0x0040
[1268] [M]: 0x000000008000C86C (0x0040006F) jal zero, 0x4
mem[X,0x000000008000C870] -> 0xB423
mem[X,0x000000008000C872] -> 0x2820
[1269] [M]: 0x000000008000C870 (0x2820B423) sd sp, 0x288(ra)
mem[0x0000000080045460] <- 0x0000000000000003
mem[X,0x000000008000C874] -> 0x0513
mem[X,0x000000008000C876] -> 0x0010
[1270] [M]: 0x000000008000C874 (0x00100513) addi a0, zero, 0x1
x10 <- 0x0000000000000001
mem[X,0x000000008000C878] -> 0x1513
mem[X,0x000000008000C87A] -> 0x0275
[1271] [M]: 0x000000008000C878 (0x02751513) slli a0, a0, 0x27
x10 <- 0x0000008000000000
mem[X,0x000000008000C87C] -> 0x4513
mem[X,0x000000008000C87E] -> 0xFFF5
[1272] [M]: 0x000000008000C87C (0xFFF54513) xori a0, a0, -0x1
x10 <- 0xFFFFFF7FFFFFFFFF
mem[X,0x000000008000C880] -> 0x0593
mem[X,0x000000008000C882] -> 0x0010
[1273] [M]: 0x000000008000C880 (0x00100593) addi a1, zero, 0x1
x11 <- 0x0000000000000001
mem[X,0x000000008000C884] -> 0x9593
mem[X,0x000000008000C886] -> 0x0265
[1274] [M]: 0x000000008000C884 (0x02659593) slli a1, a1, 0x26
x11 <- 0x0000004000000000
mem[X,0x000000008000C888] -> 0xC593
mem[X,0x000000008000C88A] -> 0xFFF5
[1275] [M]: 0x000000008000C888 (0xFFF5C593) xori a1, a1, -0x1
x11 <- 0xFFFFFFBFFFFFFFFF
mem[X,0x000000008000C88C] -> 0x0113
mem[X,0x000000008000C88E] -> 0x0000
[1276] [M]: 0x000000008000C88C (0x00000113) addi sp, zero, 0x0
x2 <- 0x0000000000000000
mem[X,0x000000008000C890] -> 0x006F
mem[X,0x000000008000C892] -> 0x00C0
[1277] [M]: 0x000000008000C890 (0x00C0006F) jal zero, 0xc
mem[X,0x000000008000C89C] -> 0x1663
mem[X,0x000000008000C89E] -> 0x00B5
[1278] [M]: 0x000000008000C89C (0x00B51663) bne a0, a1, 0xc
mem[X,0x000000008000C8A8] -> 0x0113
mem[X,0x000000008000C8AA] -> 0x0031
[1279] [M]: 0x000000008000C8A8 (0x00310113) addi sp, sp, 0x3
x2 <- 0x0000000000000003
mem[X,0x000000008000C8AC] -> 0x006F
mem[X,0x000000008000C8AE] -> 0x0040
[1280] [M]: 0x000000008000C8AC (0x0040006F) jal zero, 0x4
mem[X,0x000000008000C8B0] -> 0xB823
mem[X,0x000000008000C8B2] -> 0x2820
[1281] [M]: 0x000000008000C8B0 (0x2820B823) sd sp, 0x290(ra)
mem[0x0000000080045468] <- 0x0000000000000003
mem[X,0x000000008000C8B4] -> 0x0513
mem[X,0x000000008000C8B6] -> 0xFFC0
[1282] [M]: 0x000000008000C8B4 (0xFFC00513) addi a0, zero, -0x4
x10 <- 0xFFFFFFFFFFFFFFFC
mem[X,0x000000008000C8B8] -> 0x0593
mem[X,0x000000008000C8BA] -> 0x0010
[1283] [M]: 0x000000008000C8B8 (0x00100593) addi a1, zero, 0x1
x11 <- 0x0000000000000001
mem[X,0x000000008000C8BC] -> 0x9593
mem[X,0x000000008000C8BE] -> 0x0275
[1284] [M]: 0x000000008000C8BC (0x02759593) slli a1, a1, 0x27
x11 <- 0x0000008000000000
mem[X,0x000000008000C8C0] -> 0xC593
mem[X,0x000000008000C8C2] -> 0xFFF5
[1285] [M]: 0x000000008000C8C0 (0xFFF5C593) xori a1, a1, -0x1
x11 <- 0xFFFFFF7FFFFFFFFF
mem[X,0x000000008000C8C4] -> 0x0113
mem[X,0x000000008000C8C6] -> 0x0000
[1286] [M]: 0x000000008000C8C4 (0x00000113) addi sp, zero, 0x0
x2 <- 0x0000000000000000
mem[X,0x000000008000C8C8] -> 0x006F
mem[X,0x000000008000C8CA] -> 0x00C0
[1287] [M]: 0x000000008000C8C8 (0x00C0006F) jal zero, 0xc
mem[X,0x000000008000C8D4] -> 0x1063
mem[X,0x000000008000C8D6] -> 0x10B5
[1288] [M]: 0x000000008000C8D4 (0x10B51063) bne a0, a1, 0x100
mem[X,0x000000008000C9D4] -> 0x0113
mem[X,0x000000008000C9D6] -> 0x0031
[1289] [M]: 0x000000008000C9D4 (0x00310113) addi sp, sp, 0x3
x2 <- 0x0000000000000003
mem[X,0x000000008000C9D8] -> 0x006F
mem[X,0x000000008000C9DA] -> 0x0040
[1290] [M]: 0x000000008000C9D8 (0x0040006F) jal zero, 0x4
mem[X,0x000000008000C9DC] -> 0xBC23
mem[X,0x000000008000C9DE] -> 0x2820
[1291] [M]: 0x000000008000C9DC (0x2820BC23) sd sp, 0x298(ra)
mem[0x0000000080045470] <- 0x0000000000000003
mem[X,0x000000008000C9E0] -> 0x0513
mem[X,0x000000008000C9E2] -> 0x0010
[1292] [M]: 0x000000008000C9E0 (0x00100513) addi a0, zero, 0x1
x10 <- 0x0000000000000001
mem[X,0x000000008000C9E4] -> 0x1513
mem[X,0x000000008000C9E6] -> 0x0325
[1293] [M]: 0x000000008000C9E4 (0x03251513) slli a0, a0, 0x32
x10 <- 0x0004000000000000
mem[X,0x000000008000C9E8] -> 0x4513
mem[X,0x000000008000C9EA] -> 0xFFF5
[1294] [M]: 0x000000008000C9E8 (0xFFF54513) xori a0, a0, -0x1
x10 <- 0xFFFBFFFFFFFFFFFF
mem[X,0x000000008000C9EC] -> 0x0593
mem[X,0x000000008000C9EE] -> 0x0010
[1295] [M]: 0x000000008000C9EC (0x00100593) addi a1, zero, 0x1
x11 <- 0x0000000000000001
mem[X,0x000000008000C9F0] -> 0x9593
mem[X,0x000000008000C9F2] -> 0x0285
[1296] [M]: 0x000000008000C9F0 (0x02859593) slli a1, a1, 0x28
x11 <- 0x0000010000000000
mem[X,0x000000008000C9F4] -> 0xC593
mem[X,0x000000008000C9F6] -> 0xFFF5
[1297] [M]: 0x000000008000C9F4 (0xFFF5C593) xori a1, a1, -0x1
x11 <- 0xFFFFFEFFFFFFFFFF
mem[X,0x000000008000C9F8] -> 0x0113
mem[X,0x000000008000C9FA] -> 0x0000
[1298] [M]: 0x000000008000C9F8 (0x00000113) addi sp, zero, 0x0
x2 <- 0x0000000000000000
mem[X,0x000000008000C9FC] -> 0x006F
mem[X,0x000000008000C9FE] -> 0x00C0
[1299] [M]: 0x000000008000C9FC (0x00C0006F) jal zero, 0xc
clint::tick mtime <- 0x000000000000000D
 clint timer pending at mtime 0x000000000000000D
htif::tick 0x0000000000000000
mem[X,0x000000008000CA08] -> 0x1063
mem[X,0x000000008000CA0A] -> 0x20B5
[1300] [M]: 0x000000008000CA08 (0x20B51063) bne a0, a1, 0x200
mem[X,0x000000008000CC08] -> 0x0113
mem[X,0x000000008000CC0A] -> 0x0031
[1301] [M]: 0x000000008000CC08 (0x00310113) addi sp, sp, 0x3
x2 <- 0x0000000000000003
mem[X,0x000000008000CC0C] -> 0x006F
mem[X,0x000000008000CC0E] -> 0x0040
[1302] [M]: 0x000000008000CC0C (0x0040006F) jal zero, 0x4
mem[X,0x000000008000CC10] -> 0xB023
mem[X,0x000000008000CC12] -> 0x2A20
[1303] [M]: 0x000000008000CC10 (0x2A20B023) sd sp, 0x2a0(ra)
mem[0x0000000080045478] <- 0x0000000000000003
mem[X,0x000000008000CC14] -> 0x0513
mem[X,0x000000008000CC16] -> 0x0010
[1304] [M]: 0x000000008000CC14 (0x00100513) addi a0, zero, 0x1
x10 <- 0x0000000000000001
mem[X,0x000000008000CC18] -> 0x1513
mem[X,0x000000008000CC1A] -> 0x03C5
[1305] [M]: 0x000000008000CC18 (0x03C51513) slli a0, a0, 0x3c
x10 <- 0x1000000000000000
mem[X,0x000000008000CC1C] -> 0x4513
mem[X,0x000000008000CC1E] -> 0xFFF5
[1306] [M]: 0x000000008000CC1C (0xFFF54513) xori a0, a0, -0x1
x10 <- 0xEFFFFFFFFFFFFFFF
mem[X,0x000000008000CC20] -> 0x0593
mem[X,0x000000008000CC22] -> 0x0010
[1307] [M]: 0x000000008000CC20 (0x00100593) addi a1, zero, 0x1
x11 <- 0x0000000000000001
mem[X,0x000000008000CC24] -> 0x9593
mem[X,0x000000008000CC26] -> 0x0295
[1308] [M]: 0x000000008000CC24 (0x02959593) slli a1, a1, 0x29
x11 <- 0x0000020000000000
mem[X,0x000000008000CC28] -> 0xC593
mem[X,0x000000008000CC2A] -> 0xFFF5
[1309] [M]: 0x000000008000CC28 (0xFFF5C593) xori a1, a1, -0x1
x11 <- 0xFFFFFDFFFFFFFFFF
mem[X,0x000000008000CC2C] -> 0x0113
mem[X,0x000000008000CC2E] -> 0x0000
[1310] [M]: 0x000000008000CC2C (0x00000113) addi sp, zero, 0x0
x2 <- 0x0000000000000000
mem[X,0x000000008000CC30] -> 0x006F
mem[X,0x000000008000CC32] -> 0x00C0
[1311] [M]: 0x000000008000CC30 (0x00C0006F) jal zero, 0xc
mem[X,0x000000008000CC3C] -> 0x1063
mem[X,0x000000008000CC3E] -> 0x20B5
[1312] [M]: 0x000000008000CC3C (0x20B51063) bne a0, a1, 0x200
mem[X,0x000000008000CE3C] -> 0x0113
mem[X,0x000000008000CE3E] -> 0x0031
[1313] [M]: 0x000000008000CE3C (0x00310113) addi sp, sp, 0x3
x2 <- 0x0000000000000003
mem[X,0x000000008000CE40] -> 0x006F
mem[X,0x000000008000CE42] -> 0x0040
[1314] [M]: 0x000000008000CE40 (0x0040006F) jal zero, 0x4
mem[X,0x000000008000CE44] -> 0xB423
mem[X,0x000000008000CE46] -> 0x2A20
[1315] [M]: 0x000000008000CE44 (0x2A20B423) sd sp, 0x2a8(ra)
mem[0x0000000080045480] <- 0x0000000000000003
mem[X,0x000000008000CE48] -> 0x0513
mem[X,0x000000008000CE4A] -> 0x2000
[1316] [M]: 0x000000008000CE48 (0x20000513) addi a0, zero, 0x200
x10 <- 0x0000000000000200
mem[X,0x000000008000CE4C] -> 0x0593
mem[X,0x000000008000CE4E] -> 0x0010
[1317] [M]: 0x000000008000CE4C (0x00100593) addi a1, zero, 0x1
x11 <- 0x0000000000000001
mem[X,0x000000008000CE50] -> 0x9593
mem[X,0x000000008000CE52] -> 0x02C5
[1318] [M]: 0x000000008000CE50 (0x02C59593) slli a1, a1, 0x2c
x11 <- 0x0000100000000000
mem[X,0x000000008000CE54] -> 0xC593
mem[X,0x000000008000CE56] -> 0xFFF5
[1319] [M]: 0x000000008000CE54 (0xFFF5C593) xori a1, a1, -0x1
x11 <- 0xFFFFEFFFFFFFFFFF
mem[X,0x000000008000CE58] -> 0x0113
mem[X,0x000000008000CE5A] -> 0x0000
[1320] [M]: 0x000000008000CE58 (0x00000113) addi sp, zero, 0x0
x2 <- 0x0000000000000000
mem[X,0x000000008000CE5C] -> 0x006F
mem[X,0x000000008000CE5E] -> 0x00C0
[1321] [M]: 0x000000008000CE5C (0x00C0006F) jal zero, 0xc
mem[X,0x000000008000CE68] -> 0x1CE3
mem[X,0x000000008000CE6A] -> 0xFEB5
[1322] [M]: 0x000000008000CE68 (0xFEB51CE3) bne a0, a1, -0x8
mem[X,0x000000008000CE60] -> 0x0113
mem[X,0x000000008000CE62] -> 0x0011
[1323] [M]: 0x000000008000CE60 (0x00110113) addi sp, sp, 0x1
x2 <- 0x0000000000000001
mem[X,0x000000008000CE64] -> 0x006F
mem[X,0x000000008000CE66] -> 0x0180
[1324] [M]: 0x000000008000CE64 (0x0180006F) jal zero, 0x18
mem[X,0x000000008000CE7C] -> 0xB823
mem[X,0x000000008000CE7E] -> 0x2A20
[1325] [M]: 0x000000008000CE7C (0x2A20B823) sd sp, 0x2b0(ra)
mem[0x0000000080045488] <- 0x0000000000000001
mem[X,0x000000008000CE80] -> 0x0513
mem[X,0x000000008000CE82] -> 0x0010
[1326] [M]: 0x000000008000CE80 (0x00100513) addi a0, zero, 0x1
x10 <- 0x0000000000000001
mem[X,0x000000008000CE84] -> 0x1513
mem[X,0x000000008000CE86] -> 0x0385
[1327] [M]: 0x000000008000CE84 (0x03851513) slli a0, a0, 0x38
x10 <- 0x0100000000000000
mem[X,0x000000008000CE88] -> 0x4513
mem[X,0x000000008000CE8A] -> 0xFFF5
[1328] [M]: 0x000000008000CE88 (0xFFF54513) xori a0, a0, -0x1
x10 <- 0xFEFFFFFFFFFFFFFF
mem[X,0x000000008000CE8C] -> 0x0593
mem[X,0x000000008000CE8E] -> 0x0010
[1329] [M]: 0x000000008000CE8C (0x00100593) addi a1, zero, 0x1
x11 <- 0x0000000000000001
mem[X,0x000000008000CE90] -> 0x9593
mem[X,0x000000008000CE92] -> 0x02D5
[1330] [M]: 0x000000008000CE90 (0x02D59593) slli a1, a1, 0x2d
x11 <- 0x0000200000000000
mem[X,0x000000008000CE94] -> 0xC593
mem[X,0x000000008000CE96] -> 0xFFF5
[1331] [M]: 0x000000008000CE94 (0xFFF5C593) xori a1, a1, -0x1
x11 <- 0xFFFFDFFFFFFFFFFF
mem[X,0x000000008000CE98] -> 0x0113
mem[X,0x000000008000CE9A] -> 0x0000
[1332] [M]: 0x000000008000CE98 (0x00000113) addi sp, zero, 0x0
x2 <- 0x0000000000000000
mem[X,0x000000008000CE9C] -> 0x006F
mem[X,0x000000008000CE9E] -> 0x00C0
[1333] [M]: 0x000000008000CE9C (0x00C0006F) jal zero, 0xc
mem[X,0x000000008000CEA8] -> 0x1663
mem[X,0x000000008000CEAA] -> 0x00B5
[1334] [M]: 0x000000008000CEA8 (0x00B51663) bne a0, a1, 0xc
mem[X,0x000000008000CEB4] -> 0x0113
mem[X,0x000000008000CEB6] -> 0x0031
[1335] [M]: 0x000000008000CEB4 (0x00310113) addi sp, sp, 0x3
x2 <- 0x0000000000000003
mem[X,0x000000008000CEB8] -> 0x006F
mem[X,0x000000008000CEBA] -> 0x0040
[1336] [M]: 0x000000008000CEB8 (0x0040006F) jal zero, 0x4
mem[X,0x000000008000CEBC] -> 0xBC23
mem[X,0x000000008000CEBE] -> 0x2A20
[1337] [M]: 0x000000008000CEBC (0x2A20BC23) sd sp, 0x2b8(ra)
mem[0x0000000080045490] <- 0x0000000000000003
mem[X,0x000000008000CEC0] -> 0x0513
mem[X,0x000000008000CEC2] -> 0x1000
[1338] [M]: 0x000000008000CEC0 (0x10000513) addi a0, zero, 0x100
x10 <- 0x0000000000000100
mem[X,0x000000008000CEC4] -> 0x0593
mem[X,0x000000008000CEC6] -> 0x0010
[1339] [M]: 0x000000008000CEC4 (0x00100593) addi a1, zero, 0x1
x11 <- 0x0000000000000001
mem[X,0x000000008000CEC8] -> 0x9593
mem[X,0x000000008000CECA] -> 0x02E5
[1340] [M]: 0x000000008000CEC8 (0x02E59593) slli a1, a1, 0x2e
x11 <- 0x0000400000000000
mem[X,0x000000008000CECC] -> 0xC593
mem[X,0x000000008000CECE] -> 0xFFF5
[1341] [M]: 0x000000008000CECC (0xFFF5C593) xori a1, a1, -0x1
x11 <- 0xFFFFBFFFFFFFFFFF
mem[X,0x000000008000CED0] -> 0x0113
mem[X,0x000000008000CED2] -> 0x0000
[1342] [M]: 0x000000008000CED0 (0x00000113) addi sp, zero, 0x0
x2 <- 0x0000000000000000
mem[X,0x000000008000CED4] -> 0x006F
mem[X,0x000000008000CED6] -> 0x0140
[1343] [M]: 0x000000008000CED4 (0x0140006F) jal zero, 0x14
mem[X,0x000000008000CEE8] -> 0x18E3
mem[X,0x000000008000CEEA] -> 0xFEB5
[1344] [M]: 0x000000008000CEE8 (0xFEB518E3) bne a0, a1, -0x10
mem[X,0x000000008000CED8] -> 0x0113
mem[X,0x000000008000CEDA] -> 0x0011
[1345] [M]: 0x000000008000CED8 (0x00110113) addi sp, sp, 0x1
x2 <- 0x0000000000000001
mem[X,0x000000008000CEDC] -> 0x006F
mem[X,0x000000008000CEDE] -> 0x0200
[1346] [M]: 0x000000008000CEDC (0x0200006F) jal zero, 0x20
mem[X,0x000000008000CEFC] -> 0xB023
mem[X,0x000000008000CEFE] -> 0x2C20
[1347] [M]: 0x000000008000CEFC (0x2C20B023) sd sp, 0x2c0(ra)
mem[0x0000000080045498] <- 0x0000000000000001
mem[X,0x000000008000CF00] -> 0x3537
mem[X,0x000000008000CF02] -> 0x3333
[1348] [M]: 0x000000008000CF00 (0x33333537) lui a0, 0x33333
x10 <- 0x0000000033333000
mem[X,0x000000008000CF04] -> 0x0513
mem[X,0x000000008000CF06] -> 0x3335
[1349] [M]: 0x000000008000CF04 (0x33350513) addi a0, a0, 0x333
x10 <- 0x0000000033333333
mem[X,0x000000008000CF08] -> 0x1513
mem[X,0x000000008000CF0A] -> 0x00B5
[1350] [M]: 0x000000008000CF08 (0x00B51513) slli a0, a0, 0xb
x10 <- 0x0000019999999800
mem[X,0x000000008000CF0C] -> 0x0513
mem[X,0x000000008000CF0E] -> 0x1995
[1351] [M]: 0x000000008000CF0C (0x19950513) addi a0, a0, 0x199
x10 <- 0x0000019999999999
mem[X,0x000000008000CF10] -> 0x1513
mem[X,0x000000008000CF12] -> 0x00B5
[1352] [M]: 0x000000008000CF10 (0x00B51513) slli a0, a0, 0xb
x10 <- 0x000CCCCCCCCCC800
mem[X,0x000000008000CF14] -> 0x0513
mem[X,0x000000008000CF16] -> 0x4CC5
[1353] [M]: 0x000000008000CF14 (0x4CC50513) addi a0, a0, 0x4cc
x10 <- 0x000CCCCCCCCCCCCC
mem[X,0x000000008000CF18] -> 0x1513
mem[X,0x000000008000CF1A] -> 0x00A5
[1354] [M]: 0x000000008000CF18 (0x00A51513) slli a0, a0, 0xa
x10 <- 0x3333333333333000
mem[X,0x000000008000CF1C] -> 0x0513
mem[X,0x000000008000CF1E] -> 0x3335
[1355] [M]: 0x000000008000CF1C (0x33350513) addi a0, a0, 0x333
x10 <- 0x3333333333333333
mem[X,0x000000008000CF20] -> 0x0593
mem[X,0x000000008000CF22] -> 0x0010
[1356] [M]: 0x000000008000CF20 (0x00100593) addi a1, zero, 0x1
x11 <- 0x0000000000000001
mem[X,0x000000008000CF24] -> 0x9593
mem[X,0x000000008000CF26] -> 0x02F5
[1357] [M]: 0x000000008000CF24 (0x02F59593) slli a1, a1, 0x2f
x11 <- 0x0000800000000000
mem[X,0x000000008000CF28] -> 0xC593
mem[X,0x000000008000CF2A] -> 0xFFF5
[1358] [M]: 0x000000008000CF28 (0xFFF5C593) xori a1, a1, -0x1
x11 <- 0xFFFF7FFFFFFFFFFF
mem[X,0x000000008000CF2C] -> 0x0113
mem[X,0x000000008000CF2E] -> 0x0000
[1359] [M]: 0x000000008000CF2C (0x00000113) addi sp, zero, 0x0
x2 <- 0x0000000000000000
mem[X,0x000000008000CF30] -> 0x006F
mem[X,0x000000008000CF32] -> 0x00C0
[1360] [M]: 0x000000008000CF30 (0x00C0006F) jal zero, 0xc
mem[X,0x000000008000CF3C] -> 0x1CE3
mem[X,0x000000008000CF3E] -> 0xFEB5
[1361] [M]: 0x000000008000CF3C (0xFEB51CE3) bne a0, a1, -0x8
mem[X,0x000000008000CF34] -> 0x0113
mem[X,0x000000008000CF36] -> 0x0011
[1362] [M]: 0x000000008000CF34 (0x00110113) addi sp, sp, 0x1
x2 <- 0x0000000000000001
mem[X,0x000000008000CF38] -> 0x006F
mem[X,0x000000008000CF3A] -> 0x0180
[1363] [M]: 0x000000008000CF38 (0x0180006F) jal zero, 0x18
mem[X,0x000000008000CF50] -> 0xB423
mem[X,0x000000008000CF52] -> 0x2C20
[1364] [M]: 0x000000008000CF50 (0x2C20B423) sd sp, 0x2c8(ra)
mem[0x00000000800454A0] <- 0x0000000000000001
mem[X,0x000000008000CF54] -> 0x0513
mem[X,0x000000008000CF56] -> 0xEFF0
[1365] [M]: 0x000000008000CF54 (0xEFF00513) addi a0, zero, -0x101
x10 <- 0xFFFFFFFFFFFFFEFF
mem[X,0x000000008000CF58] -> 0x0593
mem[X,0x000000008000CF5A] -> 0x0010
[1366] [M]: 0x000000008000CF58 (0x00100593) addi a1, zero, 0x1
x11 <- 0x0000000000000001
mem[X,0x000000008000CF5C] -> 0x9593
mem[X,0x000000008000CF5E] -> 0x0305
[1367] [M]: 0x000000008000CF5C (0x03059593) slli a1, a1, 0x30
x11 <- 0x0001000000000000
mem[X,0x000000008000CF60] -> 0xC593
mem[X,0x000000008000CF62] -> 0xFFF5
[1368] [M]: 0x000000008000CF60 (0xFFF5C593) xori a1, a1, -0x1
x11 <- 0xFFFEFFFFFFFFFFFF
mem[X,0x000000008000CF64] -> 0x0113
mem[X,0x000000008000CF66] -> 0x0000
[1369] [M]: 0x000000008000CF64 (0x00000113) addi sp, zero, 0x0
x2 <- 0x0000000000000000
mem[X,0x000000008000CF68] -> 0x006F
mem[X,0x000000008000CF6A] -> 0x00C0
[1370] [M]: 0x000000008000CF68 (0x00C0006F) jal zero, 0xc
mem[X,0x000000008000CF74] -> 0x1063
mem[X,0x000000008000CF76] -> 0x20B5
[1371] [M]: 0x000000008000CF74 (0x20B51063) bne a0, a1, 0x200
mem[X,0x000000008000D174] -> 0x0113
mem[X,0x000000008000D176] -> 0x0031
[1372] [M]: 0x000000008000D174 (0x00310113) addi sp, sp, 0x3
x2 <- 0x0000000000000003
mem[X,0x000000008000D178] -> 0x006F
mem[X,0x000000008000D17A] -> 0x0040
[1373] [M]: 0x000000008000D178 (0x0040006F) jal zero, 0x4
mem[X,0x000000008000D17C] -> 0xB823
mem[X,0x000000008000D17E] -> 0x2C20
[1374] [M]: 0x000000008000D17C (0x2C20B823) sd sp, 0x2d0(ra)
mem[0x00000000800454A8] <- 0x0000000000000003
mem[X,0x000000008000D180] -> 0x0513
mem[X,0x000000008000D182] -> 0x0010
[1375] [M]: 0x000000008000D180 (0x00100513) addi a0, zero, 0x1
x10 <- 0x0000000000000001
mem[X,0x000000008000D184] -> 0x1513
mem[X,0x000000008000D186] -> 0x0165
[1376] [M]: 0x000000008000D184 (0x01651513) slli a0, a0, 0x16
x10 <- 0x0000000000400000
mem[X,0x000000008000D188] -> 0x0593
mem[X,0x000000008000D18A] -> 0x0010
[1377] [M]: 0x000000008000D188 (0x00100593) addi a1, zero, 0x1
x11 <- 0x0000000000000001
mem[X,0x000000008000D18C] -> 0x9593
mem[X,0x000000008000D18E] -> 0x0315
[1378] [M]: 0x000000008000D18C (0x03159593) slli a1, a1, 0x31
x11 <- 0x0002000000000000
mem[X,0x000000008000D190] -> 0xC593
mem[X,0x000000008000D192] -> 0xFFF5
[1379] [M]: 0x000000008000D190 (0xFFF5C593) xori a1, a1, -0x1
x11 <- 0xFFFDFFFFFFFFFFFF
mem[X,0x000000008000D194] -> 0x0113
mem[X,0x000000008000D196] -> 0x0000
[1380] [M]: 0x000000008000D194 (0x00000113) addi sp, zero, 0x0
x2 <- 0x0000000000000000
mem[X,0x000000008000D198] -> 0x006F
mem[X,0x000000008000D19A] -> 0x0100
[1381] [M]: 0x000000008000D198 (0x0100006F) jal zero, 0x10
mem[X,0x000000008000D1A8] -> 0x1AE3
mem[X,0x000000008000D1AA] -> 0xFEB5
[1382] [M]: 0x000000008000D1A8 (0xFEB51AE3) bne a0, a1, -0xc
mem[X,0x000000008000D19C] -> 0x0113
mem[X,0x000000008000D19E] -> 0x0011
[1383] [M]: 0x000000008000D19C (0x00110113) addi sp, sp, 0x1
x2 <- 0x0000000000000001
mem[X,0x000000008000D1A0] -> 0x006F
mem[X,0x000000008000D1A2] -> 0x01C0
[1384] [M]: 0x000000008000D1A0 (0x01C0006F) jal zero, 0x1c
mem[X,0x000000008000D1BC] -> 0xBC23
mem[X,0x000000008000D1BE] -> 0x2C20
[1385] [M]: 0x000000008000D1BC (0x2C20BC23) sd sp, 0x2d8(ra)
mem[0x00000000800454B0] <- 0x0000000000000001
mem[X,0x000000008000D1C0] -> 0x3537
mem[X,0x000000008000D1C2] -> 0x3333
[1386] [M]: 0x000000008000D1C0 (0x33333537) lui a0, 0x33333
x10 <- 0x0000000033333000
mem[X,0x000000008000D1C4] -> 0x0513
mem[X,0x000000008000D1C6] -> 0x3335
[1387] [M]: 0x000000008000D1C4 (0x33350513) addi a0, a0, 0x333
x10 <- 0x0000000033333333
mem[X,0x000000008000D1C8] -> 0x1513
mem[X,0x000000008000D1CA] -> 0x00B5
[1388] [M]: 0x000000008000D1C8 (0x00B51513) slli a0, a0, 0xb
x10 <- 0x0000019999999800
mem[X,0x000000008000D1CC] -> 0x0513
mem[X,0x000000008000D1CE] -> 0x1995
[1389] [M]: 0x000000008000D1CC (0x19950513) addi a0, a0, 0x199
x10 <- 0x0000019999999999
mem[X,0x000000008000D1D0] -> 0x1513
mem[X,0x000000008000D1D2] -> 0x00B5
[1390] [M]: 0x000000008000D1D0 (0x00B51513) slli a0, a0, 0xb
x10 <- 0x000CCCCCCCCCC800
mem[X,0x000000008000D1D4] -> 0x0513
mem[X,0x000000008000D1D6] -> 0x4CC5
[1391] [M]: 0x000000008000D1D4 (0x4CC50513) addi a0, a0, 0x4cc
x10 <- 0x000CCCCCCCCCCCCC
mem[X,0x000000008000D1D8] -> 0x1513
mem[X,0x000000008000D1DA] -> 0x00A5
[1392] [M]: 0x000000008000D1D8 (0x00A51513) slli a0, a0, 0xa
x10 <- 0x3333333333333000
mem[X,0x000000008000D1DC] -> 0x0513
mem[X,0x000000008000D1DE] -> 0x3325
[1393] [M]: 0x000000008000D1DC (0x33250513) addi a0, a0, 0x332
x10 <- 0x3333333333333332
mem[X,0x000000008000D1E0] -> 0x0593
mem[X,0x000000008000D1E2] -> 0x0010
[1394] [M]: 0x000000008000D1E0 (0x00100593) addi a1, zero, 0x1
x11 <- 0x0000000000000001
mem[X,0x000000008000D1E4] -> 0x9593
mem[X,0x000000008000D1E6] -> 0x0325
[1395] [M]: 0x000000008000D1E4 (0x03259593) slli a1, a1, 0x32
x11 <- 0x0004000000000000
mem[X,0x000000008000D1E8] -> 0xC593
mem[X,0x000000008000D1EA] -> 0xFFF5
[1396] [M]: 0x000000008000D1E8 (0xFFF5C593) xori a1, a1, -0x1
x11 <- 0xFFFBFFFFFFFFFFFF
mem[X,0x000000008000D1EC] -> 0x0113
mem[X,0x000000008000D1EE] -> 0x0000
[1397] [M]: 0x000000008000D1EC (0x00000113) addi sp, zero, 0x0
x2 <- 0x0000000000000000
mem[X,0x000000008000D1F0] -> 0x006F
mem[X,0x000000008000D1F2] -> 0x00C0
[1398] [M]: 0x000000008000D1F0 (0x00C0006F) jal zero, 0xc
mem[X,0x000000008000D1FC] -> 0x1063
mem[X,0x000000008000D1FE] -> 0x40B5
[1399] [M]: 0x000000008000D1FC (0x40B51063) bne a0, a1, 0x400
clint::tick mtime <- 0x000000000000000E
 clint timer pending at mtime 0x000000000000000E
htif::tick 0x0000000000000000
mem[X,0x000000008000D5FC] -> 0x0113
mem[X,0x000000008000D5FE] -> 0x0031
[1400] [M]: 0x000000008000D5FC (0x00310113) addi sp, sp, 0x3
x2 <- 0x0000000000000003
mem[X,0x000000008000D600] -> 0x006F
mem[X,0x000000008000D602] -> 0x0040
[1401] [M]: 0x000000008000D600 (0x0040006F) jal zero, 0x4
mem[X,0x000000008000D604] -> 0xB023
mem[X,0x000000008000D606] -> 0x2E20
[1402] [M]: 0x000000008000D604 (0x2E20B023) sd sp, 0x2e0(ra)
mem[0x00000000800454B8] <- 0x0000000000000003
mem[X,0x000000008000D608] -> 0x0513
mem[X,0x000000008000D60A] -> 0x0010
[1403] [M]: 0x000000008000D608 (0x00100513) addi a0, zero, 0x1
x10 <- 0x0000000000000001
mem[X,0x000000008000D60C] -> 0x1513
mem[X,0x000000008000D60E] -> 0x0185
[1404] [M]: 0x000000008000D60C (0x01851513) slli a0, a0, 0x18
x10 <- 0x0000000001000000
mem[X,0x000000008000D610] -> 0x0593
mem[X,0x000000008000D612] -> 0x0010
[1405] [M]: 0x000000008000D610 (0x00100593) addi a1, zero, 0x1
x11 <- 0x0000000000000001
mem[X,0x000000008000D614] -> 0x9593
mem[X,0x000000008000D616] -> 0x0335
[1406] [M]: 0x000000008000D614 (0x03359593) slli a1, a1, 0x33
x11 <- 0x0008000000000000
mem[X,0x000000008000D618] -> 0xC593
mem[X,0x000000008000D61A] -> 0xFFF5
[1407] [M]: 0x000000008000D618 (0xFFF5C593) xori a1, a1, -0x1
x11 <- 0xFFF7FFFFFFFFFFFF
mem[X,0x000000008000D61C] -> 0x0113
mem[X,0x000000008000D61E] -> 0x0000
[1408] [M]: 0x000000008000D61C (0x00000113) addi sp, zero, 0x0
x2 <- 0x0000000000000000
mem[X,0x000000008000D620] -> 0x006F
mem[X,0x000000008000D622] -> 0x2B10
[1409] [M]: 0x000000008000D620 (0x2B10006F) jal zero, 0xab0
mem[X,0x000000008000E0D0] -> 0x1A63
mem[X,0x000000008000E0D2] -> 0xD4B5
[1410] [M]: 0x000000008000E0D0 (0xD4B51A63) bne a0, a1, -0xaac
mem[X,0x000000008000D624] -> 0x0113
mem[X,0x000000008000D626] -> 0x0011
[1411] [M]: 0x000000008000D624 (0x00110113) addi sp, sp, 0x1
x2 <- 0x0000000000000001
mem[X,0x000000008000D628] -> 0x006F
mem[X,0x000000008000D62A] -> 0x2BD0
[1412] [M]: 0x000000008000D628 (0x2BD0006F) jal zero, 0xabc
mem[X,0x000000008000E0E4] -> 0xB423
mem[X,0x000000008000E0E6] -> 0x2E20
[1413] [M]: 0x000000008000E0E4 (0x2E20B423) sd sp, 0x2e8(ra)
mem[0x00000000800454C0] <- 0x0000000000000001
mem[X,0x000000008000E0E8] -> 0x0513
mem[X,0x000000008000E0EA] -> 0x0020
[1414] [M]: 0x000000008000E0E8 (0x00200513) addi a0, zero, 0x2
x10 <- 0x0000000000000002
mem[X,0x000000008000E0EC] -> 0x0593
mem[X,0x000000008000E0EE] -> 0x0010
[1415] [M]: 0x000000008000E0EC (0x00100593) addi a1, zero, 0x1
x11 <- 0x0000000000000001
mem[X,0x000000008000E0F0] -> 0x9593
mem[X,0x000000008000E0F2] -> 0x0345
[1416] [M]: 0x000000008000E0F0 (0x03459593) slli a1, a1, 0x34
x11 <- 0x0010000000000000
mem[X,0x000000008000E0F4] -> 0xC593
mem[X,0x000000008000E0F6] -> 0xFFF5
[1417] [M]: 0x000000008000E0F4 (0xFFF5C593) xori a1, a1, -0x1
x11 <- 0xFFEFFFFFFFFFFFFF
mem[X,0x000000008000E0F8] -> 0x0113
mem[X,0x000000008000E0FA] -> 0x0000
[1418] [M]: 0x000000008000E0F8 (0x00000113) addi sp, zero, 0x0
x2 <- 0x0000000000000000
mem[X,0x000000008000E0FC] -> 0x006F
mem[X,0x000000008000E0FE] -> 0x00C0
[1419] [M]: 0x000000008000E0FC (0x00C0006F) jal zero, 0xc
mem[X,0x000000008000E108] -> 0x1063
mem[X,0x000000008000E10A] -> 0x08B5
[1420] [M]: 0x000000008000E108 (0x08B51063) bne a0, a1, 0x80
mem[X,0x000000008000E188] -> 0x0113
mem[X,0x000000008000E18A] -> 0x0031
[1421] [M]: 0x000000008000E188 (0x00310113) addi sp, sp, 0x3
x2 <- 0x0000000000000003
mem[X,0x000000008000E18C] -> 0x006F
mem[X,0x000000008000E18E] -> 0x0040
[1422] [M]: 0x000000008000E18C (0x0040006F) jal zero, 0x4
mem[X,0x000000008000E190] -> 0xB823
mem[X,0x000000008000E192] -> 0x2E20
[1423] [M]: 0x000000008000E190 (0x2E20B823) sd sp, 0x2f0(ra)
mem[0x00000000800454C8] <- 0x0000000000000003
mem[X,0x000000008000E194] -> 0x0513
mem[X,0x000000008000E196] -> 0x0010
[1424] [M]: 0x000000008000E194 (0x00100513) addi a0, zero, 0x1
x10 <- 0x0000000000000001
mem[X,0x000000008000E198] -> 0x1513
mem[X,0x000000008000E19A] -> 0x0305
[1425] [M]: 0x000000008000E198 (0x03051513) slli a0, a0, 0x30
x10 <- 0x0001000000000000
mem[X,0x000000008000E19C] -> 0x0593
mem[X,0x000000008000E19E] -> 0x0010
[1426] [M]: 0x000000008000E19C (0x00100593) addi a1, zero, 0x1
x11 <- 0x0000000000000001
mem[X,0x000000008000E1A0] -> 0x9593
mem[X,0x000000008000E1A2] -> 0x0355
[1427] [M]: 0x000000008000E1A0 (0x03559593) slli a1, a1, 0x35
x11 <- 0x0020000000000000
mem[X,0x000000008000E1A4] -> 0xC593
mem[X,0x000000008000E1A6] -> 0xFFF5
[1428] [M]: 0x000000008000E1A4 (0xFFF5C593) xori a1, a1, -0x1
x11 <- 0xFFDFFFFFFFFFFFFF
mem[X,0x000000008000E1A8] -> 0x0113
mem[X,0x000000008000E1AA] -> 0x0000
[1429] [M]: 0x000000008000E1A8 (0x00000113) addi sp, zero, 0x0
x2 <- 0x0000000000000000
mem[X,0x000000008000E1AC] -> 0x006F
mem[X,0x000000008000E1AE] -> 0x00C0
[1430] [M]: 0x000000008000E1AC (0x00C0006F) jal zero, 0xc
mem[X,0x000000008000E1B8] -> 0x1CE3
mem[X,0x000000008000E1BA] -> 0xFEB5
[1431] [M]: 0x000000008000E1B8 (0xFEB51CE3) bne a0, a1, -0x8
mem[X,0x000000008000E1B0] -> 0x0113
mem[X,0x000000008000E1B2] -> 0x0011
[1432] [M]: 0x000000008000E1B0 (0x00110113) addi sp, sp, 0x1
x2 <- 0x0000000000000001
mem[X,0x000000008000E1B4] -> 0x006F
mem[X,0x000000008000E1B6] -> 0x0180
[1433] [M]: 0x000000008000E1B4 (0x0180006F) jal zero, 0x18
mem[X,0x000000008000E1CC] -> 0xBC23
mem[X,0x000000008000E1CE] -> 0x2E20
[1434] [M]: 0x000000008000E1CC (0x2E20BC23) sd sp, 0x2f8(ra)
mem[0x00000000800454D0] <- 0x0000000000000001
mem[X,0x000000008000E1D0] -> 0x0513
mem[X,0x000000008000E1D2] -> 0x0010
[1435] [M]: 0x000000008000E1D0 (0x00100513) addi a0, zero, 0x1
x10 <- 0x0000000000000001
mem[X,0x000000008000E1D4] -> 0x1513
mem[X,0x000000008000E1D6] -> 0x01A5
[1436] [M]: 0x000000008000E1D4 (0x01A51513) slli a0, a0, 0x1a
x10 <- 0x0000000004000000
mem[X,0x000000008000E1D8] -> 0x4513
mem[X,0x000000008000E1DA] -> 0xFFF5
[1437] [M]: 0x000000008000E1D8 (0xFFF54513) xori a0, a0, -0x1
x10 <- 0xFFFFFFFFFBFFFFFF
mem[X,0x000000008000E1DC] -> 0x0593
mem[X,0x000000008000E1DE] -> 0x0010
[1438] [M]: 0x000000008000E1DC (0x00100593) addi a1, zero, 0x1
x11 <- 0x0000000000000001
mem[X,0x000000008000E1E0] -> 0x9593
mem[X,0x000000008000E1E2] -> 0x0365
[1439] [M]: 0x000000008000E1E0 (0x03659593) slli a1, a1, 0x36
x11 <- 0x0040000000000000
mem[X,0x000000008000E1E4] -> 0xC593
mem[X,0x000000008000E1E6] -> 0xFFF5
[1440] [M]: 0x000000008000E1E4 (0xFFF5C593) xori a1, a1, -0x1
x11 <- 0xFFBFFFFFFFFFFFFF
mem[X,0x000000008000E1E8] -> 0x0113
mem[X,0x000000008000E1EA] -> 0x0000
[1441] [M]: 0x000000008000E1E8 (0x00000113) addi sp, zero, 0x0
x2 <- 0x0000000000000000
mem[X,0x000000008000E1EC] -> 0x006F
mem[X,0x000000008000E1EE] -> 0x00C0
[1442] [M]: 0x000000008000E1EC (0x00C0006F) jal zero, 0xc
mem[X,0x000000008000E1F8] -> 0x1063
mem[X,0x000000008000E1FA] -> 0x08B5
[1443] [M]: 0x000000008000E1F8 (0x08B51063) bne a0, a1, 0x80
mem[X,0x000000008000E278] -> 0x0113
mem[X,0x000000008000E27A] -> 0x0031
[1444] [M]: 0x000000008000E278 (0x00310113) addi sp, sp, 0x3
x2 <- 0x0000000000000003
mem[X,0x000000008000E27C] -> 0x006F
mem[X,0x000000008000E27E] -> 0x0040
[1445] [M]: 0x000000008000E27C (0x0040006F) jal zero, 0x4
mem[X,0x000000008000E280] -> 0xB023
mem[X,0x000000008000E282] -> 0x3020
[1446] [M]: 0x000000008000E280 (0x3020B023) sd sp, 0x300(ra)
mem[0x00000000800454D8] <- 0x0000000000000003
mem[X,0x000000008000E284] -> 0x0537
mem[X,0x000000008000E286] -> 0x0000
[1447] [M]: 0x000000008000E284 (0x00000537) lui a0, 0x0
x10 <- 0x0000000000000000
mem[X,0x000000008000E288] -> 0x0513
mem[X,0x000000008000E28A] -> 0x0005
[1448] [M]: 0x000000008000E288 (0x00050513) addi a0, a0, 0x0
x10 <- 0x0000000000000000
mem[X,0x000000008000E28C] -> 0x1513
mem[X,0x000000008000E28E] -> 0x00B5
[1449] [M]: 0x000000008000E28C (0x00B51513) slli a0, a0, 0xb
x10 <- 0x0000000000000000
mem[X,0x000000008000E290] -> 0x0513
mem[X,0x000000008000E292] -> 0x5A85
[1450] [M]: 0x000000008000E290 (0x5A850513) addi a0, a0, 0x5a8
x10 <- 0x00000000000005A8
mem[X,0x000000008000E294] -> 0x1513
mem[X,0x000000008000E296] -> 0x00B5
[1451] [M]: 0x000000008000E294 (0x00B51513) slli a0, a0, 0xb
x10 <- 0x00000000002D4000
mem[X,0x000000008000E298] -> 0x0513
mem[X,0x000000008000E29A] -> 0x13C5
[1452] [M]: 0x000000008000E298 (0x13C50513) addi a0, a0, 0x13c
x10 <- 0x00000000002D413C
mem[X,0x000000008000E29C] -> 0x1513
mem[X,0x000000008000E29E] -> 0x00A5
[1453] [M]: 0x000000008000E29C (0x00A51513) slli a0, a0, 0xa
x10 <- 0x00000000B504F000
mem[X,0x000000008000E2A0] -> 0x0513
mem[X,0x000000008000E2A2] -> 0x3335
[1454] [M]: 0x000000008000E2A0 (0x33350513) addi a0, a0, 0x333
x10 <- 0x00000000B504F333
mem[X,0x000000008000E2A4] -> 0x0593
mem[X,0x000000008000E2A6] -> 0x0010
[1455] [M]: 0x000000008000E2A4 (0x00100593) addi a1, zero, 0x1
x11 <- 0x0000000000000001
mem[X,0x000000008000E2A8] -> 0x9593
mem[X,0x000000008000E2AA] -> 0x0375
[1456] [M]: 0x000000008000E2A8 (0x03759593) slli a1, a1, 0x37
x11 <- 0x0080000000000000
mem[X,0x000000008000E2AC] -> 0xC593
mem[X,0x000000008000E2AE] -> 0xFFF5
[1457] [M]: 0x000000008000E2AC (0xFFF5C593) xori a1, a1, -0x1
x11 <- 0xFF7FFFFFFFFFFFFF
mem[X,0x000000008000E2B0] -> 0x0113
mem[X,0x000000008000E2B2] -> 0x0000
[1458] [M]: 0x000000008000E2B0 (0x00000113) addi sp, zero, 0x0
x2 <- 0x0000000000000000
mem[X,0x000000008000E2B4] -> 0x006F
mem[X,0x000000008000E2B6] -> 0x00C0
[1459] [M]: 0x000000008000E2B4 (0x00C0006F) jal zero, 0xc
mem[X,0x000000008000E2C0] -> 0x1663
mem[X,0x000000008000E2C2] -> 0x00B5
[1460] [M]: 0x000000008000E2C0 (0x00B51663) bne a0, a1, 0xc
mem[X,0x000000008000E2CC] -> 0x0113
mem[X,0x000000008000E2CE] -> 0x0031
[1461] [M]: 0x000000008000E2CC (0x00310113) addi sp, sp, 0x3
x2 <- 0x0000000000000003
mem[X,0x000000008000E2D0] -> 0x006F
mem[X,0x000000008000E2D2] -> 0x0040
[1462] [M]: 0x000000008000E2D0 (0x0040006F) jal zero, 0x4
mem[X,0x000000008000E2D4] -> 0xB423
mem[X,0x000000008000E2D6] -> 0x3020
[1463] [M]: 0x000000008000E2D4 (0x3020B423) sd sp, 0x308(ra)
mem[0x00000000800454E0] <- 0x0000000000000003
mem[X,0x000000008000E2D8] -> 0x0513
mem[X,0x000000008000E2DA] -> 0x0200
[1464] [M]: 0x000000008000E2D8 (0x02000513) addi a0, zero, 0x20
x10 <- 0x0000000000000020
mem[X,0x000000008000E2DC] -> 0x0593
mem[X,0x000000008000E2DE] -> 0x0010
[1465] [M]: 0x000000008000E2DC (0x00100593) addi a1, zero, 0x1
x11 <- 0x0000000000000001
mem[X,0x000000008000E2E0] -> 0x9593
mem[X,0x000000008000E2E2] -> 0x0385
[1466] [M]: 0x000000008000E2E0 (0x03859593) slli a1, a1, 0x38
x11 <- 0x0100000000000000
mem[X,0x000000008000E2E4] -> 0xC593
mem[X,0x000000008000E2E6] -> 0xFFF5
[1467] [M]: 0x000000008000E2E4 (0xFFF5C593) xori a1, a1, -0x1
x11 <- 0xFEFFFFFFFFFFFFFF
mem[X,0x000000008000E2E8] -> 0x0113
mem[X,0x000000008000E2EA] -> 0x0000
[1468] [M]: 0x000000008000E2E8 (0x00000113) addi sp, zero, 0x0
x2 <- 0x0000000000000000
mem[X,0x000000008000E2EC] -> 0x006F
mem[X,0x000000008000E2EE] -> 0x0140
[1469] [M]: 0x000000008000E2EC (0x0140006F) jal zero, 0x14
mem[X,0x000000008000E300] -> 0x18E3
mem[X,0x000000008000E302] -> 0xFEB5
[1470] [M]: 0x000000008000E300 (0xFEB518E3) bne a0, a1, -0x10
mem[X,0x000000008000E2F0] -> 0x0113
mem[X,0x000000008000E2F2] -> 0x0011
[1471] [M]: 0x000000008000E2F0 (0x00110113) addi sp, sp, 0x1
x2 <- 0x0000000000000001
mem[X,0x000000008000E2F4] -> 0x006F
mem[X,0x000000008000E2F6] -> 0x0200
[1472] [M]: 0x000000008000E2F4 (0x0200006F) jal zero, 0x20
mem[X,0x000000008000E314] -> 0xB823
mem[X,0x000000008000E316] -> 0x3020
[1473] [M]: 0x000000008000E314 (0x3020B823) sd sp, 0x310(ra)
mem[0x00000000800454E8] <- 0x0000000000000001
mem[X,0x000000008000E318] -> 0x0513
mem[X,0x000000008000E31A] -> 0xFFD0
[1474] [M]: 0x000000008000E318 (0xFFD00513) addi a0, zero, -0x3
x10 <- 0xFFFFFFFFFFFFFFFD
mem[X,0x000000008000E31C] -> 0x0593
mem[X,0x000000008000E31E] -> 0x0010
[1475] [M]: 0x000000008000E31C (0x00100593) addi a1, zero, 0x1
x11 <- 0x0000000000000001
mem[X,0x000000008000E320] -> 0x9593
mem[X,0x000000008000E322] -> 0x0395
[1476] [M]: 0x000000008000E320 (0x03959593) slli a1, a1, 0x39
x11 <- 0x0200000000000000
mem[X,0x000000008000E324] -> 0xC593
mem[X,0x000000008000E326] -> 0xFFF5
[1477] [M]: 0x000000008000E324 (0xFFF5C593) xori a1, a1, -0x1
x11 <- 0xFDFFFFFFFFFFFFFF
mem[X,0x000000008000E328] -> 0x0113
mem[X,0x000000008000E32A] -> 0x0000
[1478] [M]: 0x000000008000E328 (0x00000113) addi sp, zero, 0x0
x2 <- 0x0000000000000000
mem[X,0x000000008000E32C] -> 0x006F
mem[X,0x000000008000E32E] -> 0x00C0
[1479] [M]: 0x000000008000E32C (0x00C0006F) jal zero, 0xc
mem[X,0x000000008000E338] -> 0x1063
mem[X,0x000000008000E33A] -> 0x40B5
[1480] [M]: 0x000000008000E338 (0x40B51063) bne a0, a1, 0x400
mem[X,0x000000008000E738] -> 0x0113
mem[X,0x000000008000E73A] -> 0x0031
[1481] [M]: 0x000000008000E738 (0x00310113) addi sp, sp, 0x3
x2 <- 0x0000000000000003
mem[X,0x000000008000E73C] -> 0x006F
mem[X,0x000000008000E73E] -> 0x0040
[1482] [M]: 0x000000008000E73C (0x0040006F) jal zero, 0x4
mem[X,0x000000008000E740] -> 0xBC23
mem[X,0x000000008000E742] -> 0x3020
[1483] [M]: 0x000000008000E740 (0x3020BC23) sd sp, 0x318(ra)
mem[0x00000000800454F0] <- 0x0000000000000003
mem[X,0x000000008000E744] -> 0x0513
mem[X,0x000000008000E746] -> 0x0100
[1484] [M]: 0x000000008000E744 (0x01000513) addi a0, zero, 0x10
x10 <- 0x0000000000000010
mem[X,0x000000008000E748] -> 0x0593
mem[X,0x000000008000E74A] -> 0x0010
[1485] [M]: 0x000000008000E748 (0x00100593) addi a1, zero, 0x1
x11 <- 0x0000000000000001
mem[X,0x000000008000E74C] -> 0x9593
mem[X,0x000000008000E74E] -> 0x03A5
[1486] [M]: 0x000000008000E74C (0x03A59593) slli a1, a1, 0x3a
x11 <- 0x0400000000000000
mem[X,0x000000008000E750] -> 0xC593
mem[X,0x000000008000E752] -> 0xFFF5
[1487] [M]: 0x000000008000E750 (0xFFF5C593) xori a1, a1, -0x1
x11 <- 0xFBFFFFFFFFFFFFFF
mem[X,0x000000008000E754] -> 0x0113
mem[X,0x000000008000E756] -> 0x0000
[1488] [M]: 0x000000008000E754 (0x00000113) addi sp, zero, 0x0
x2 <- 0x0000000000000000
mem[X,0x000000008000E758] -> 0x006F
mem[X,0x000000008000E75A] -> 0x00C0
[1489] [M]: 0x000000008000E758 (0x00C0006F) jal zero, 0xc
mem[X,0x000000008000E764] -> 0x1CE3
mem[X,0x000000008000E766] -> 0xFEB5
[1490] [M]: 0x000000008000E764 (0xFEB51CE3) bne a0, a1, -0x8
mem[X,0x000000008000E75C] -> 0x0113
mem[X,0x000000008000E75E] -> 0x0011
[1491] [M]: 0x000000008000E75C (0x00110113) addi sp, sp, 0x1
x2 <- 0x0000000000000001
mem[X,0x000000008000E760] -> 0x006F
mem[X,0x000000008000E762] -> 0x0180
[1492] [M]: 0x000000008000E760 (0x0180006F) jal zero, 0x18
mem[X,0x000000008000E778] -> 0xB023
mem[X,0x000000008000E77A] -> 0x3220
[1493] [M]: 0x000000008000E778 (0x3220B023) sd sp, 0x320(ra)
mem[0x00000000800454F8] <- 0x0000000000000001
mem[X,0x000000008000E77C] -> 0x6537
mem[X,0x000000008000E77E] -> 0x6666
[1494] [M]: 0x000000008000E77C (0x66666537) lui a0, 0x66666
x10 <- 0x0000000066666000
mem[X,0x000000008000E780] -> 0x0513
mem[X,0x000000008000E782] -> 0x6665
[1495] [M]: 0x000000008000E780 (0x66650513) addi a0, a0, 0x666
x10 <- 0x0000000066666666
mem[X,0x000000008000E784] -> 0x1513
mem[X,0x000000008000E786] -> 0x00B5
[1496] [M]: 0x000000008000E784 (0x00B51513) slli a0, a0, 0xb
x10 <- 0x0000033333333000
mem[X,0x000000008000E788] -> 0x0513
mem[X,0x000000008000E78A] -> 0x3335
[1497] [M]: 0x000000008000E788 (0x33350513) addi a0, a0, 0x333
x10 <- 0x0000033333333333
mem[X,0x000000008000E78C] -> 0x1513
mem[X,0x000000008000E78E] -> 0x00B5
[1498] [M]: 0x000000008000E78C (0x00B51513) slli a0, a0, 0xb
x10 <- 0x0019999999999800
mem[X,0x000000008000E790] -> 0x0513
mem[X,0x000000008000E792] -> 0x1995
[1499] [M]: 0x000000008000E790 (0x19950513) addi a0, a0, 0x199
x10 <- 0x0019999999999999
clint::tick mtime <- 0x000000000000000F
 clint timer pending at mtime 0x000000000000000F
htif::tick 0x0000000000000000
mem[X,0x000000008000E794] -> 0x1513
mem[X,0x000000008000E796] -> 0x00A5
[1500] [M]: 0x000000008000E794 (0x00A51513) slli a0, a0, 0xa
x10 <- 0x6666666666666400
mem[X,0x000000008000E798] -> 0x0513
mem[X,0x000000008000E79A] -> 0x2675
[1501] [M]: 0x000000008000E798 (0x26750513) addi a0, a0, 0x267
x10 <- 0x6666666666666667
mem[X,0x000000008000E79C] -> 0x0593
mem[X,0x000000008000E79E] -> 0x0010
[1502] [M]: 0x000000008000E79C (0x00100593) addi a1, zero, 0x1
x11 <- 0x0000000000000001
mem[X,0x000000008000E7A0] -> 0x9593
mem[X,0x000000008000E7A2] -> 0x03B5
[1503] [M]: 0x000000008000E7A0 (0x03B59593) slli a1, a1, 0x3b
x11 <- 0x0800000000000000
mem[X,0x000000008000E7A4] -> 0xC593
mem[X,0x000000008000E7A6] -> 0xFFF5
[1504] [M]: 0x000000008000E7A4 (0xFFF5C593) xori a1, a1, -0x1
x11 <- 0xF7FFFFFFFFFFFFFF
mem[X,0x000000008000E7A8] -> 0x0113
mem[X,0x000000008000E7AA] -> 0x0000
[1505] [M]: 0x000000008000E7A8 (0x00000113) addi sp, zero, 0x0
x2 <- 0x0000000000000000
mem[X,0x000000008000E7AC] -> 0x006F
mem[X,0x000000008000E7AE] -> 0x00C0
[1506] [M]: 0x000000008000E7AC (0x00C0006F) jal zero, 0xc
mem[X,0x000000008000E7B8] -> 0x1863
mem[X,0x000000008000E7BA] -> 0x00B5
[1507] [M]: 0x000000008000E7B8 (0x00B51863) bne a0, a1, 0x10
mem[X,0x000000008000E7C8] -> 0x0113
mem[X,0x000000008000E7CA] -> 0x0031
[1508] [M]: 0x000000008000E7C8 (0x00310113) addi sp, sp, 0x3
x2 <- 0x0000000000000003
mem[X,0x000000008000E7CC] -> 0x006F
mem[X,0x000000008000E7CE] -> 0x0040
[1509] [M]: 0x000000008000E7CC (0x0040006F) jal zero, 0x4
mem[X,0x000000008000E7D0] -> 0xB423
mem[X,0x000000008000E7D2] -> 0x3220
[1510] [M]: 0x000000008000E7D0 (0x3220B423) sd sp, 0x328(ra)
mem[0x0000000080045500] <- 0x0000000000000003
mem[X,0x000000008000E7D4] -> 0x5537
mem[X,0x000000008000E7D6] -> 0x5555
[1511] [M]: 0x000000008000E7D4 (0x55555537) lui a0, 0x55555
x10 <- 0x0000000055555000
mem[X,0x000000008000E7D8] -> 0x0513
mem[X,0x000000008000E7DA] -> 0x5555
[1512] [M]: 0x000000008000E7D8 (0x55550513) addi a0, a0, 0x555
x10 <- 0x0000000055555555
mem[X,0x000000008000E7DC] -> 0x1513
mem[X,0x000000008000E7DE] -> 0x00B5
[1513] [M]: 0x000000008000E7DC (0x00B51513) slli a0, a0, 0xb
x10 <- 0x000002AAAAAAA800
mem[X,0x000000008000E7E0] -> 0x0513
mem[X,0x000000008000E7E2] -> 0x2AA5
[1514] [M]: 0x000000008000E7E0 (0x2AA50513) addi a0, a0, 0x2aa
x10 <- 0x000002AAAAAAAAAA
mem[X,0x000000008000E7E4] -> 0x1513
mem[X,0x000000008000E7E6] -> 0x00B5
[1515] [M]: 0x000000008000E7E4 (0x00B51513) slli a0, a0, 0xb
x10 <- 0x0015555555555000
mem[X,0x000000008000E7E8] -> 0x0513
mem[X,0x000000008000E7EA] -> 0x5555
[1516] [M]: 0x000000008000E7E8 (0x55550513) addi a0, a0, 0x555
x10 <- 0x0015555555555555
mem[X,0x000000008000E7EC] -> 0x1513
mem[X,0x000000008000E7EE] -> 0x00A5
[1517] [M]: 0x000000008000E7EC (0x00A51513) slli a0, a0, 0xa
x10 <- 0x5555555555555400
mem[X,0x000000008000E7F0] -> 0x0513
mem[X,0x000000008000E7F2] -> 0x1565
[1518] [M]: 0x000000008000E7F0 (0x15650513) addi a0, a0, 0x156
x10 <- 0x5555555555555556
mem[X,0x000000008000E7F4] -> 0x0593
mem[X,0x000000008000E7F6] -> 0x0010
[1519] [M]: 0x000000008000E7F4 (0x00100593) addi a1, zero, 0x1
x11 <- 0x0000000000000001
mem[X,0x000000008000E7F8] -> 0x9593
mem[X,0x000000008000E7FA] -> 0x03C5
[1520] [M]: 0x000000008000E7F8 (0x03C59593) slli a1, a1, 0x3c
x11 <- 0x1000000000000000
mem[X,0x000000008000E7FC] -> 0xC593
mem[X,0x000000008000E7FE] -> 0xFFF5
[1521] [M]: 0x000000008000E7FC (0xFFF5C593) xori a1, a1, -0x1
x11 <- 0xEFFFFFFFFFFFFFFF
mem[X,0x000000008000E800] -> 0x0113
mem[X,0x000000008000E802] -> 0x0000
[1522] [M]: 0x000000008000E800 (0x00000113) addi sp, zero, 0x0
x2 <- 0x0000000000000000
mem[X,0x000000008000E804] -> 0x006F
mem[X,0x000000008000E806] -> 0x0100
[1523] [M]: 0x000000008000E804 (0x0100006F) jal zero, 0x10
mem[X,0x000000008000E814] -> 0x1AE3
mem[X,0x000000008000E816] -> 0xFEB5
[1524] [M]: 0x000000008000E814 (0xFEB51AE3) bne a0, a1, -0xc
mem[X,0x000000008000E808] -> 0x0113
mem[X,0x000000008000E80A] -> 0x0011
[1525] [M]: 0x000000008000E808 (0x00110113) addi sp, sp, 0x1
x2 <- 0x0000000000000001
mem[X,0x000000008000E80C] -> 0x006F
mem[X,0x000000008000E80E] -> 0x01C0
[1526] [M]: 0x000000008000E80C (0x01C0006F) jal zero, 0x1c
mem[X,0x000000008000E828] -> 0xB823
mem[X,0x000000008000E82A] -> 0x3220
[1527] [M]: 0x000000008000E828 (0x3220B823) sd sp, 0x330(ra)
mem[0x0000000080045508] <- 0x0000000000000001
mem[X,0x000000008000E82C] -> 0x0513
mem[X,0x000000008000E82E] -> 0x0010
[1528] [M]: 0x000000008000E82C (0x00100513) addi a0, zero, 0x1
x10 <- 0x0000000000000001
mem[X,0x000000008000E830] -> 0x1513
mem[X,0x000000008000E832] -> 0x0265
[1529] [M]: 0x000000008000E830 (0x02651513) slli a0, a0, 0x26
x10 <- 0x0000004000000000
mem[X,0x000000008000E834] -> 0x4513
mem[X,0x000000008000E836] -> 0xFFF5
[1530] [M]: 0x000000008000E834 (0xFFF54513) xori a0, a0, -0x1
x10 <- 0xFFFFFFBFFFFFFFFF
mem[X,0x000000008000E838] -> 0x0593
mem[X,0x000000008000E83A] -> 0x0010
[1531] [M]: 0x000000008000E838 (0x00100593) addi a1, zero, 0x1
x11 <- 0x0000000000000001
mem[X,0x000000008000E83C] -> 0x9593
mem[X,0x000000008000E83E] -> 0x03D5
[1532] [M]: 0x000000008000E83C (0x03D59593) slli a1, a1, 0x3d
x11 <- 0x2000000000000000
mem[X,0x000000008000E840] -> 0xC593
mem[X,0x000000008000E842] -> 0xFFF5
[1533] [M]: 0x000000008000E840 (0xFFF5C593) xori a1, a1, -0x1
x11 <- 0xDFFFFFFFFFFFFFFF
mem[X,0x000000008000E844] -> 0x0113
mem[X,0x000000008000E846] -> 0x0000
[1534] [M]: 0x000000008000E844 (0x00000113) addi sp, zero, 0x0
x2 <- 0x0000000000000000
mem[X,0x000000008000E848] -> 0x006F
mem[X,0x000000008000E84A] -> 0x00C0
[1535] [M]: 0x000000008000E848 (0x00C0006F) jal zero, 0xc
mem[X,0x000000008000E854] -> 0x1063
mem[X,0x000000008000E856] -> 0x40B5
[1536] [M]: 0x000000008000E854 (0x40B51063) bne a0, a1, 0x400
mem[X,0x000000008000EC54] -> 0x0113
mem[X,0x000000008000EC56] -> 0x0031
[1537] [M]: 0x000000008000EC54 (0x00310113) addi sp, sp, 0x3
x2 <- 0x0000000000000003
mem[X,0x000000008000EC58] -> 0x006F
mem[X,0x000000008000EC5A] -> 0x0040
[1538] [M]: 0x000000008000EC58 (0x0040006F) jal zero, 0x4
mem[X,0x000000008000EC5C] -> 0xBC23
mem[X,0x000000008000EC5E] -> 0x3220
[1539] [M]: 0x000000008000EC5C (0x3220BC23) sd sp, 0x338(ra)
mem[0x0000000080045510] <- 0x0000000000000003
mem[X,0x000000008000EC60] -> 0x0513
mem[X,0x000000008000EC62] -> 0xFF90
[1540] [M]: 0x000000008000EC60 (0xFF900513) addi a0, zero, -0x7
x10 <- 0xFFFFFFFFFFFFFFF9
mem[X,0x000000008000EC64] -> 0x0593
mem[X,0x000000008000EC66] -> 0x0010
[1541] [M]: 0x000000008000EC64 (0x00100593) addi a1, zero, 0x1
x11 <- 0x0000000000000001
mem[X,0x000000008000EC68] -> 0x9593
mem[X,0x000000008000EC6A] -> 0x03E5
[1542] [M]: 0x000000008000EC68 (0x03E59593) slli a1, a1, 0x3e
x11 <- 0x4000000000000000
mem[X,0x000000008000EC6C] -> 0xC593
mem[X,0x000000008000EC6E] -> 0xFFF5
[1543] [M]: 0x000000008000EC6C (0xFFF5C593) xori a1, a1, -0x1
x11 <- 0xBFFFFFFFFFFFFFFF
mem[X,0x000000008000EC70] -> 0x0113
mem[X,0x000000008000EC72] -> 0x0000
[1544] [M]: 0x000000008000EC70 (0x00000113) addi sp, zero, 0x0
x2 <- 0x0000000000000000
mem[X,0x000000008000EC74] -> 0x006F
mem[X,0x000000008000EC76] -> 0x0100
[1545] [M]: 0x000000008000EC74 (0x0100006F) jal zero, 0x10
mem[X,0x000000008000EC84] -> 0x1AE3
mem[X,0x000000008000EC86] -> 0xFEB5
[1546] [M]: 0x000000008000EC84 (0xFEB51AE3) bne a0, a1, -0xc
mem[X,0x000000008000EC78] -> 0x0113
mem[X,0x000000008000EC7A] -> 0x0011
[1547] [M]: 0x000000008000EC78 (0x00110113) addi sp, sp, 0x1
x2 <- 0x0000000000000001
mem[X,0x000000008000EC7C] -> 0x006F
mem[X,0x000000008000EC7E] -> 0x01C0
[1548] [M]: 0x000000008000EC7C (0x01C0006F) jal zero, 0x1c
mem[X,0x000000008000EC98] -> 0xB023
mem[X,0x000000008000EC9A] -> 0x3420
[1549] [M]: 0x000000008000EC98 (0x3420B023) sd sp, 0x340(ra)
mem[0x0000000080045518] <- 0x0000000000000001
mem[X,0x000000008000EC9C] -> 0x0513
mem[X,0x000000008000EC9E] -> 0x0010
[1550] [M]: 0x000000008000EC9C (0x00100513) addi a0, zero, 0x1
x10 <- 0x0000000000000001
mem[X,0x000000008000ECA0] -> 0x1513
mem[X,0x000000008000ECA2] -> 0x01F5
[1551] [M]: 0x000000008000ECA0 (0x01F51513) slli a0, a0, 0x1f
x10 <- 0x0000000080000000
mem[X,0x000000008000ECA4] -> 0x4513
mem[X,0x000000008000ECA6] -> 0xFFF5
[1552] [M]: 0x000000008000ECA4 (0xFFF54513) xori a0, a0, -0x1
x10 <- 0xFFFFFFFF7FFFFFFF
mem[X,0x000000008000ECA8] -> 0x0593
mem[X,0x000000008000ECAA] -> 0xFFF0
[1553] [M]: 0x000000008000ECA8 (0xFFF00593) addi a1, zero, -0x1
x11 <- 0xFFFFFFFFFFFFFFFF
mem[X,0x000000008000ECAC] -> 0xD593
mem[X,0x000000008000ECAE] -> 0x0015
[1554] [M]: 0x000000008000ECAC (0x0015D593) srli a1, a1, 0x1
x11 <- 0x7FFFFFFFFFFFFFFF
mem[X,0x000000008000ECB0] -> 0x0113
mem[X,0x000000008000ECB2] -> 0x0000
[1555] [M]: 0x000000008000ECB0 (0x00000113) addi sp, zero, 0x0
x2 <- 0x0000000000000000
mem[X,0x000000008000ECB4] -> 0x006F
mem[X,0x000000008000ECB6] -> 0x00C0
[1556] [M]: 0x000000008000ECB4 (0x00C0006F) jal zero, 0xc
mem[X,0x000000008000ECC0] -> 0x1063
mem[X,0x000000008000ECC2] -> 0x40B5
[1557] [M]: 0x000000008000ECC0 (0x40B51063) bne a0, a1, 0x400
mem[X,0x000000008000F0C0] -> 0x0113
mem[X,0x000000008000F0C2] -> 0x0031
[1558] [M]: 0x000000008000F0C0 (0x00310113) addi sp, sp, 0x3
x2 <- 0x0000000000000003
mem[X,0x000000008000F0C4] -> 0x006F
mem[X,0x000000008000F0C6] -> 0x0040
[1559] [M]: 0x000000008000F0C4 (0x0040006F) jal zero, 0x4
mem[X,0x000000008000F0C8] -> 0xB423
mem[X,0x000000008000F0CA] -> 0x3420
[1560] [M]: 0x000000008000F0C8 (0x3420B423) sd sp, 0x348(ra)
mem[0x0000000080045520] <- 0x0000000000000003
mem[X,0x000000008000F0CC] -> 0x0513
mem[X,0x000000008000F0CE] -> 0x0010
[1561] [M]: 0x000000008000F0CC (0x00100513) addi a0, zero, 0x1
x10 <- 0x0000000000000001
mem[X,0x000000008000F0D0] -> 0x1513
mem[X,0x000000008000F0D2] -> 0x01A5
[1562] [M]: 0x000000008000F0D0 (0x01A51513) slli a0, a0, 0x1a
x10 <- 0x0000000004000000
mem[X,0x000000008000F0D4] -> 0x4513
mem[X,0x000000008000F0D6] -> 0xFFF5
[1563] [M]: 0x000000008000F0D4 (0xFFF54513) xori a0, a0, -0x1
x10 <- 0xFFFFFFFFFBFFFFFF
mem[X,0x000000008000F0D8] -> 0x55B7
mem[X,0x000000008000F0DA] -> 0x5555
[1564] [M]: 0x000000008000F0D8 (0x555555B7) lui a1, 0x55555
x11 <- 0x0000000055555000
mem[X,0x000000008000F0DC] -> 0x8593
mem[X,0x000000008000F0DE] -> 0x5555
[1565] [M]: 0x000000008000F0DC (0x55558593) addi a1, a1, 0x555
x11 <- 0x0000000055555555
mem[X,0x000000008000F0E0] -> 0x9593
mem[X,0x000000008000F0E2] -> 0x00B5
[1566] [M]: 0x000000008000F0E0 (0x00B59593) slli a1, a1, 0xb
x11 <- 0x000002AAAAAAA800
mem[X,0x000000008000F0E4] -> 0x8593
mem[X,0x000000008000F0E6] -> 0x2AA5
[1567] [M]: 0x000000008000F0E4 (0x2AA58593) addi a1, a1, 0x2aa
x11 <- 0x000002AAAAAAAAAA
mem[X,0x000000008000F0E8] -> 0x9593
mem[X,0x000000008000F0EA] -> 0x00B5
[1568] [M]: 0x000000008000F0E8 (0x00B59593) slli a1, a1, 0xb
x11 <- 0x0015555555555000
mem[X,0x000000008000F0EC] -> 0x8593
mem[X,0x000000008000F0EE] -> 0x5555
[1569] [M]: 0x000000008000F0EC (0x55558593) addi a1, a1, 0x555
x11 <- 0x0015555555555555
mem[X,0x000000008000F0F0] -> 0x9593
mem[X,0x000000008000F0F2] -> 0x00A5
[1570] [M]: 0x000000008000F0F0 (0x00A59593) slli a1, a1, 0xa
x11 <- 0x5555555555555400
mem[X,0x000000008000F0F4] -> 0x8593
mem[X,0x000000008000F0F6] -> 0x1555
[1571] [M]: 0x000000008000F0F4 (0x15558593) addi a1, a1, 0x155
x11 <- 0x5555555555555555
mem[X,0x000000008000F0F8] -> 0x0113
mem[X,0x000000008000F0FA] -> 0x0000
[1572] [M]: 0x000000008000F0F8 (0x00000113) addi sp, zero, 0x0
x2 <- 0x0000000000000000
mem[X,0x000000008000F0FC] -> 0x006F
mem[X,0x000000008000F0FE] -> 0x00C0
[1573] [M]: 0x000000008000F0FC (0x00C0006F) jal zero, 0xc
mem[X,0x000000008000F108] -> 0x1CE3
mem[X,0x000000008000F10A] -> 0xFEB5
[1574] [M]: 0x000000008000F108 (0xFEB51CE3) bne a0, a1, -0x8
mem[X,0x000000008000F100] -> 0x0113
mem[X,0x000000008000F102] -> 0x0011
[1575] [M]: 0x000000008000F100 (0x00110113) addi sp, sp, 0x1
x2 <- 0x0000000000000001
mem[X,0x000000008000F104] -> 0x006F
mem[X,0x000000008000F106] -> 0x0180
[1576] [M]: 0x000000008000F104 (0x0180006F) jal zero, 0x18
mem[X,0x000000008000F11C] -> 0xB823
mem[X,0x000000008000F11E] -> 0x3420
[1577] [M]: 0x000000008000F11C (0x3420B823) sd sp, 0x350(ra)
mem[0x0000000080045528] <- 0x0000000000000001
mem[X,0x000000008000F120] -> 0x0513
mem[X,0x000000008000F122] -> 0x0060
[1578] [M]: 0x000000008000F120 (0x00600513) addi a0, zero, 0x6
x10 <- 0x0000000000000006
mem[X,0x000000008000F124] -> 0xB5B7
mem[X,0x000000008000F126] -> 0xAAAA
[1579] [M]: 0x000000008000F124 (0xAAAAB5B7) lui a1, -0x55555
x11 <- 0xFFFFFFFFAAAAB000
mem[X,0x000000008000F128] -> 0x8593
mem[X,0x000000008000F12A] -> 0xAAA5
[1580] [M]: 0x000000008000F128 (0xAAA58593) addi a1, a1, -0x556
x11 <- 0xFFFFFFFFAAAAAAAA
mem[X,0x000000008000F12C] -> 0x9593
mem[X,0x000000008000F12E] -> 0x00B5
[1581] [M]: 0x000000008000F12C (0x00B59593) slli a1, a1, 0xb
x11 <- 0xFFFFFD5555555000
mem[X,0x000000008000F130] -> 0x8593
mem[X,0x000000008000F132] -> 0x5555
[1582] [M]: 0x000000008000F130 (0x55558593) addi a1, a1, 0x555
x11 <- 0xFFFFFD5555555555
mem[X,0x000000008000F134] -> 0x9593
mem[X,0x000000008000F136] -> 0x00B5
[1583] [M]: 0x000000008000F134 (0x00B59593) slli a1, a1, 0xb
x11 <- 0xFFEAAAAAAAAAA800
mem[X,0x000000008000F138] -> 0x8593
mem[X,0x000000008000F13A] -> 0x2AA5
[1584] [M]: 0x000000008000F138 (0x2AA58593) addi a1, a1, 0x2aa
x11 <- 0xFFEAAAAAAAAAAAAA
mem[X,0x000000008000F13C] -> 0x9593
mem[X,0x000000008000F13E] -> 0x00A5
[1585] [M]: 0x000000008000F13C (0x00A59593) slli a1, a1, 0xa
x11 <- 0xAAAAAAAAAAAAA800
mem[X,0x000000008000F140] -> 0x8593
mem[X,0x000000008000F142] -> 0x2AA5
[1586] [M]: 0x000000008000F140 (0x2AA58593) addi a1, a1, 0x2aa
x11 <- 0xAAAAAAAAAAAAAAAA
mem[X,0x000000008000F144] -> 0x0113
mem[X,0x000000008000F146] -> 0x0000
[1587] [M]: 0x000000008000F144 (0x00000113) addi sp, zero, 0x0
x2 <- 0x0000000000000000
mem[X,0x000000008000F148] -> 0x006F
mem[X,0x000000008000F14A] -> 0x00C0
[1588] [M]: 0x000000008000F148 (0x00C0006F) jal zero, 0xc
mem[X,0x000000008000F154] -> 0x1663
mem[X,0x000000008000F156] -> 0x00B5
[1589] [M]: 0x000000008000F154 (0x00B51663) bne a0, a1, 0xc
mem[X,0x000000008000F160] -> 0x0113
mem[X,0x000000008000F162] -> 0x0031
[1590] [M]: 0x000000008000F160 (0x00310113) addi sp, sp, 0x3
x2 <- 0x0000000000000003
mem[X,0x000000008000F164] -> 0x006F
mem[X,0x000000008000F166] -> 0x0040
[1591] [M]: 0x000000008000F164 (0x0040006F) jal zero, 0x4
mem[X,0x000000008000F168] -> 0xBC23
mem[X,0x000000008000F16A] -> 0x3420
[1592] [M]: 0x000000008000F168 (0x3420BC23) sd sp, 0x358(ra)
mem[0x0000000080045530] <- 0x0000000000000003
mem[X,0x000000008000F16C] -> 0x0513
mem[X,0x000000008000F16E] -> 0x0080
[1593] [M]: 0x000000008000F16C (0x00800513) addi a0, zero, 0x8
x10 <- 0x0000000000000008
mem[X,0x000000008000F170] -> 0x0593
mem[X,0x000000008000F172] -> 0xFFF0
[1594] [M]: 0x000000008000F170 (0xFFF00593) addi a1, zero, -0x1
x11 <- 0xFFFFFFFFFFFFFFFF
mem[X,0x000000008000F174] -> 0x9593
mem[X,0x000000008000F176] -> 0x03E5
[1595] [M]: 0x000000008000F174 (0x03E59593) slli a1, a1, 0x3e
x11 <- 0xC000000000000000
mem[X,0x000000008000F178] -> 0x0113
mem[X,0x000000008000F17A] -> 0x0000
[1596] [M]: 0x000000008000F178 (0x00000113) addi sp, zero, 0x0
x2 <- 0x0000000000000000
mem[X,0x000000008000F17C] -> 0x006F
mem[X,0x000000008000F17E] -> 0x00C0
[1597] [M]: 0x000000008000F17C (0x00C0006F) jal zero, 0xc
mem[X,0x000000008000F188] -> 0x1663
mem[X,0x000000008000F18A] -> 0x00B5
[1598] [M]: 0x000000008000F188 (0x00B51663) bne a0, a1, 0xc
mem[X,0x000000008000F194] -> 0x0113
mem[X,0x000000008000F196] -> 0x0031
[1599] [M]: 0x000000008000F194 (0x00310113) addi sp, sp, 0x3
x2 <- 0x0000000000000003
clint::tick mtime <- 0x0000000000000010
 clint timer pending at mtime 0x0000000000000010
htif::tick 0x0000000000000000
mem[X,0x000000008000F198] -> 0x006F
mem[X,0x000000008000F19A] -> 0x0040
[1600] [M]: 0x000000008000F198 (0x0040006F) jal zero, 0x4
mem[X,0x000000008000F19C] -> 0xB023
mem[X,0x000000008000F19E] -> 0x3620
[1601] [M]: 0x000000008000F19C (0x3620B023) sd sp, 0x360(ra)
mem[0x0000000080045538] <- 0x0000000000000003
mem[X,0x000000008000F1A0] -> 0x0513
mem[X,0x000000008000F1A2] -> 0x0400
[1602] [M]: 0x000000008000F1A0 (0x04000513) addi a0, zero, 0x40
x10 <- 0x0000000000000040
mem[X,0x000000008000F1A4] -> 0x0593
mem[X,0x000000008000F1A6] -> 0x0010
[1603] [M]: 0x000000008000F1A4 (0x00100593) addi a1, zero, 0x1
x11 <- 0x0000000000000001
mem[X,0x000000008000F1A8] -> 0x9593
mem[X,0x000000008000F1AA] -> 0x0345
[1604] [M]: 0x000000008000F1A8 (0x03459593) slli a1, a1, 0x34
x11 <- 0x0010000000000000
mem[X,0x000000008000F1AC] -> 0x0113
mem[X,0x000000008000F1AE] -> 0x0000
[1605] [M]: 0x000000008000F1AC (0x00000113) addi sp, zero, 0x0
x2 <- 0x0000000000000000
mem[X,0x000000008000F1B0] -> 0x006F
mem[X,0x000000008000F1B2] -> 0x00C0
[1606] [M]: 0x000000008000F1B0 (0x00C0006F) jal zero, 0xc
mem[X,0x000000008000F1BC] -> 0x1063
mem[X,0x000000008000F1BE] -> 0x40B5
[1607] [M]: 0x000000008000F1BC (0x40B51063) bne a0, a1, 0x400
mem[X,0x000000008000F5BC] -> 0x0113
mem[X,0x000000008000F5BE] -> 0x0031
[1608] [M]: 0x000000008000F5BC (0x00310113) addi sp, sp, 0x3
x2 <- 0x0000000000000003
mem[X,0x000000008000F5C0] -> 0x006F
mem[X,0x000000008000F5C2] -> 0x0040
[1609] [M]: 0x000000008000F5C0 (0x0040006F) jal zero, 0x4
mem[X,0x000000008000F5C4] -> 0xB423
mem[X,0x000000008000F5C6] -> 0x3620
[1610] [M]: 0x000000008000F5C4 (0x3620B423) sd sp, 0x368(ra)
mem[0x0000000080045540] <- 0x0000000000000003
mem[X,0x000000008000F5C8] -> 0x0513
mem[X,0x000000008000F5CA] -> 0x0800
[1611] [M]: 0x000000008000F5C8 (0x08000513) addi a0, zero, 0x80
x10 <- 0x0000000000000080
mem[X,0x000000008000F5CC] -> 0x0593
mem[X,0x000000008000F5CE] -> 0x0010
[1612] [M]: 0x000000008000F5CC (0x00100593) addi a1, zero, 0x1
x11 <- 0x0000000000000001
mem[X,0x000000008000F5D0] -> 0x9593
mem[X,0x000000008000F5D2] -> 0x0135
[1613] [M]: 0x000000008000F5D0 (0x01359593) slli a1, a1, 0x13
x11 <- 0x0000000000080000
mem[X,0x000000008000F5D4] -> 0x0113
mem[X,0x000000008000F5D6] -> 0x0000
[1614] [M]: 0x000000008000F5D4 (0x00000113) addi sp, zero, 0x0
x2 <- 0x0000000000000000
mem[X,0x000000008000F5D8] -> 0x006F
mem[X,0x000000008000F5DA] -> 0x00C0
[1615] [M]: 0x000000008000F5D8 (0x00C0006F) jal zero, 0xc
mem[X,0x000000008000F5E4] -> 0x1063
mem[X,0x000000008000F5E6] -> 0x10B5
[1616] [M]: 0x000000008000F5E4 (0x10B51063) bne a0, a1, 0x100
mem[X,0x000000008000F6E4] -> 0x0113
mem[X,0x000000008000F6E6] -> 0x0031
[1617] [M]: 0x000000008000F6E4 (0x00310113) addi sp, sp, 0x3
x2 <- 0x0000000000000003
mem[X,0x000000008000F6E8] -> 0x006F
mem[X,0x000000008000F6EA] -> 0x0040
[1618] [M]: 0x000000008000F6E8 (0x0040006F) jal zero, 0x4
mem[X,0x000000008000F6EC] -> 0xB823
mem[X,0x000000008000F6EE] -> 0x3620
[1619] [M]: 0x000000008000F6EC (0x3620B823) sd sp, 0x370(ra)
mem[0x0000000080045548] <- 0x0000000000000003
mem[X,0x000000008000F6F0] -> 0x0513
mem[X,0x000000008000F6F2] -> 0x0010
[1620] [M]: 0x000000008000F6F0 (0x00100513) addi a0, zero, 0x1
x10 <- 0x0000000000000001
mem[X,0x000000008000F6F4] -> 0x1513
mem[X,0x000000008000F6F6] -> 0x00B5
[1621] [M]: 0x000000008000F6F4 (0x00B51513) slli a0, a0, 0xb
x10 <- 0x0000000000000800
mem[X,0x000000008000F6F8] -> 0x0593
mem[X,0x000000008000F6FA] -> 0x0010
[1622] [M]: 0x000000008000F6F8 (0x00100593) addi a1, zero, 0x1
x11 <- 0x0000000000000001
mem[X,0x000000008000F6FC] -> 0x9593
mem[X,0x000000008000F6FE] -> 0x0125
[1623] [M]: 0x000000008000F6FC (0x01259593) slli a1, a1, 0x12
x11 <- 0x0000000000040000
mem[X,0x000000008000F700] -> 0x0113
mem[X,0x000000008000F702] -> 0x0000
[1624] [M]: 0x000000008000F700 (0x00000113) addi sp, zero, 0x0
x2 <- 0x0000000000000000
mem[X,0x000000008000F704] -> 0x006F
mem[X,0x000000008000F706] -> 0x00C0
[1625] [M]: 0x000000008000F704 (0x00C0006F) jal zero, 0xc
mem[X,0x000000008000F710] -> 0x1663
mem[X,0x000000008000F712] -> 0x00B5
[1626] [M]: 0x000000008000F710 (0x00B51663) bne a0, a1, 0xc
mem[X,0x000000008000F71C] -> 0x0113
mem[X,0x000000008000F71E] -> 0x0031
[1627] [M]: 0x000000008000F71C (0x00310113) addi sp, sp, 0x3
x2 <- 0x0000000000000003
mem[X,0x000000008000F720] -> 0x006F
mem[X,0x000000008000F722] -> 0x0040
[1628] [M]: 0x000000008000F720 (0x0040006F) jal zero, 0x4
mem[X,0x000000008000F724] -> 0xBC23
mem[X,0x000000008000F726] -> 0x3620
[1629] [M]: 0x000000008000F724 (0x3620BC23) sd sp, 0x378(ra)
mem[0x0000000080045550] <- 0x0000000000000003
mem[X,0x000000008000F728] -> 0x0513
mem[X,0x000000008000F72A] -> 0x0010
[1630] [M]: 0x000000008000F728 (0x00100513) addi a0, zero, 0x1
x10 <- 0x0000000000000001
mem[X,0x000000008000F72C] -> 0x1513
mem[X,0x000000008000F72E] -> 0x00C5
[1631] [M]: 0x000000008000F72C (0x00C51513) slli a0, a0, 0xc
x10 <- 0x0000000000001000
mem[X,0x000000008000F730] -> 0x65B7
mem[X,0x000000008000F732] -> 0x6666
[1632] [M]: 0x000000008000F730 (0x666665B7) lui a1, 0x66666
x11 <- 0x0000000066666000
mem[X,0x000000008000F734] -> 0x8593
mem[X,0x000000008000F736] -> 0x6665
[1633] [M]: 0x000000008000F734 (0x66658593) addi a1, a1, 0x666
x11 <- 0x0000000066666666
mem[X,0x000000008000F738] -> 0x9593
mem[X,0x000000008000F73A] -> 0x00B5
[1634] [M]: 0x000000008000F738 (0x00B59593) slli a1, a1, 0xb
x11 <- 0x0000033333333000
mem[X,0x000000008000F73C] -> 0x8593
mem[X,0x000000008000F73E] -> 0x3335
[1635] [M]: 0x000000008000F73C (0x33358593) addi a1, a1, 0x333
x11 <- 0x0000033333333333
mem[X,0x000000008000F740] -> 0x9593
mem[X,0x000000008000F742] -> 0x00B5
[1636] [M]: 0x000000008000F740 (0x00B59593) slli a1, a1, 0xb
x11 <- 0x0019999999999800
mem[X,0x000000008000F744] -> 0x8593
mem[X,0x000000008000F746] -> 0x1995
[1637] [M]: 0x000000008000F744 (0x19958593) addi a1, a1, 0x199
x11 <- 0x0019999999999999
mem[X,0x000000008000F748] -> 0x9593
mem[X,0x000000008000F74A] -> 0x00A5
[1638] [M]: 0x000000008000F748 (0x00A59593) slli a1, a1, 0xa
x11 <- 0x6666666666666400
mem[X,0x000000008000F74C] -> 0x8593
mem[X,0x000000008000F74E] -> 0x2665
[1639] [M]: 0x000000008000F74C (0x26658593) addi a1, a1, 0x266
x11 <- 0x6666666666666666
mem[X,0x000000008000F750] -> 0x0113
mem[X,0x000000008000F752] -> 0x0000
[1640] [M]: 0x000000008000F750 (0x00000113) addi sp, zero, 0x0
x2 <- 0x0000000000000000
mem[X,0x000000008000F754] -> 0x006F
mem[X,0x000000008000F756] -> 0x00C0
[1641] [M]: 0x000000008000F754 (0x00C0006F) jal zero, 0xc
mem[X,0x000000008000F760] -> 0x1063
mem[X,0x000000008000F762] -> 0x02B5
[1642] [M]: 0x000000008000F760 (0x02B51063) bne a0, a1, 0x20
mem[X,0x000000008000F780] -> 0x0113
mem[X,0x000000008000F782] -> 0x0031
[1643] [M]: 0x000000008000F780 (0x00310113) addi sp, sp, 0x3
x2 <- 0x0000000000000003
mem[X,0x000000008000F784] -> 0x006F
mem[X,0x000000008000F786] -> 0x0040
[1644] [M]: 0x000000008000F784 (0x0040006F) jal zero, 0x4
mem[X,0x000000008000F788] -> 0xB023
mem[X,0x000000008000F78A] -> 0x3820
[1645] [M]: 0x000000008000F788 (0x3820B023) sd sp, 0x380(ra)
mem[0x0000000080045558] <- 0x0000000000000003
mem[X,0x000000008000F78C] -> 0x0513
mem[X,0x000000008000F78E] -> 0x0010
[1646] [M]: 0x000000008000F78C (0x00100513) addi a0, zero, 0x1
x10 <- 0x0000000000000001
mem[X,0x000000008000F790] -> 0x1513
mem[X,0x000000008000F792] -> 0x00D5
[1647] [M]: 0x000000008000F790 (0x00D51513) slli a0, a0, 0xd
x10 <- 0x0000000000002000
mem[X,0x000000008000F794] -> 0x0593
mem[X,0x000000008000F796] -> 0x0010
[1648] [M]: 0x000000008000F794 (0x00100593) addi a1, zero, 0x1
x11 <- 0x0000000000000001
mem[X,0x000000008000F798] -> 0x9593
mem[X,0x000000008000F79A] -> 0x03B5
[1649] [M]: 0x000000008000F798 (0x03B59593) slli a1, a1, 0x3b
x11 <- 0x0800000000000000
mem[X,0x000000008000F79C] -> 0x0113
mem[X,0x000000008000F79E] -> 0x0000
[1650] [M]: 0x000000008000F79C (0x00000113) addi sp, zero, 0x0
x2 <- 0x0000000000000000
mem[X,0x000000008000F7A0] -> 0x006F
mem[X,0x000000008000F7A2] -> 0x00C0
[1651] [M]: 0x000000008000F7A0 (0x00C0006F) jal zero, 0xc
mem[X,0x000000008000F7AC] -> 0x1063
mem[X,0x000000008000F7AE] -> 0x02B5
[1652] [M]: 0x000000008000F7AC (0x02B51063) bne a0, a1, 0x20
mem[X,0x000000008000F7CC] -> 0x0113
mem[X,0x000000008000F7CE] -> 0x0031
[1653] [M]: 0x000000008000F7CC (0x00310113) addi sp, sp, 0x3
x2 <- 0x0000000000000003
mem[X,0x000000008000F7D0] -> 0x006F
mem[X,0x000000008000F7D2] -> 0x0040
[1654] [M]: 0x000000008000F7D0 (0x0040006F) jal zero, 0x4
mem[X,0x000000008000F7D4] -> 0xB423
mem[X,0x000000008000F7D6] -> 0x3820
[1655] [M]: 0x000000008000F7D4 (0x3820B423) sd sp, 0x388(ra)
mem[0x0000000080045560] <- 0x0000000000000003
mem[X,0x000000008000F7D8] -> 0x0513
mem[X,0x000000008000F7DA] -> 0x0010
[1656] [M]: 0x000000008000F7D8 (0x00100513) addi a0, zero, 0x1
x10 <- 0x0000000000000001
mem[X,0x000000008000F7DC] -> 0x1513
mem[X,0x000000008000F7DE] -> 0x0105
[1657] [M]: 0x000000008000F7DC (0x01051513) slli a0, a0, 0x10
x10 <- 0x0000000000010000
mem[X,0x000000008000F7E0] -> 0x0593
mem[X,0x000000008000F7E2] -> 0x0010
[1658] [M]: 0x000000008000F7E0 (0x00100593) addi a1, zero, 0x1
x11 <- 0x0000000000000001
mem[X,0x000000008000F7E4] -> 0x9593
mem[X,0x000000008000F7E6] -> 0x0355
[1659] [M]: 0x000000008000F7E4 (0x03559593) slli a1, a1, 0x35
x11 <- 0x0020000000000000
mem[X,0x000000008000F7E8] -> 0xC593
mem[X,0x000000008000F7EA] -> 0xFFF5
[1660] [M]: 0x000000008000F7E8 (0xFFF5C593) xori a1, a1, -0x1
x11 <- 0xFFDFFFFFFFFFFFFF
mem[X,0x000000008000F7EC] -> 0x0113
mem[X,0x000000008000F7EE] -> 0x0000
[1661] [M]: 0x000000008000F7EC (0x00000113) addi sp, zero, 0x0
x2 <- 0x0000000000000000
mem[X,0x000000008000F7F0] -> 0x006F
mem[X,0x000000008000F7F2] -> 0x00C0
[1662] [M]: 0x000000008000F7F0 (0x00C0006F) jal zero, 0xc
mem[X,0x000000008000F7FC] -> 0x1063
mem[X,0x000000008000F7FE] -> 0x20B5
[1663] [M]: 0x000000008000F7FC (0x20B51063) bne a0, a1, 0x200
mem[X,0x000000008000F9FC] -> 0x0113
mem[X,0x000000008000F9FE] -> 0x0031
[1664] [M]: 0x000000008000F9FC (0x00310113) addi sp, sp, 0x3
x2 <- 0x0000000000000003
mem[X,0x000000008000FA00] -> 0x006F
mem[X,0x000000008000FA02] -> 0x0040
[1665] [M]: 0x000000008000FA00 (0x0040006F) jal zero, 0x4
mem[X,0x000000008000FA04] -> 0xB823
mem[X,0x000000008000FA06] -> 0x3820
[1666] [M]: 0x000000008000FA04 (0x3820B823) sd sp, 0x390(ra)
mem[0x0000000080045568] <- 0x0000000000000003
mem[X,0x000000008000FA08] -> 0x0513
mem[X,0x000000008000FA0A] -> 0x0010
[1667] [M]: 0x000000008000FA08 (0x00100513) addi a0, zero, 0x1
x10 <- 0x0000000000000001
mem[X,0x000000008000FA0C] -> 0x1513
mem[X,0x000000008000FA0E] -> 0x0115
[1668] [M]: 0x000000008000FA0C (0x01151513) slli a0, a0, 0x11
x10 <- 0x0000000000020000
mem[X,0x000000008000FA10] -> 0x35B7
mem[X,0x000000008000FA12] -> 0x3333
[1669] [M]: 0x000000008000FA10 (0x333335B7) lui a1, 0x33333
x11 <- 0x0000000033333000
mem[X,0x000000008000FA14] -> 0x8593
mem[X,0x000000008000FA16] -> 0x3335
[1670] [M]: 0x000000008000FA14 (0x33358593) addi a1, a1, 0x333
x11 <- 0x0000000033333333
mem[X,0x000000008000FA18] -> 0x9593
mem[X,0x000000008000FA1A] -> 0x00B5
[1671] [M]: 0x000000008000FA18 (0x00B59593) slli a1, a1, 0xb
x11 <- 0x0000019999999800
mem[X,0x000000008000FA1C] -> 0x8593
mem[X,0x000000008000FA1E] -> 0x1995
[1672] [M]: 0x000000008000FA1C (0x19958593) addi a1, a1, 0x199
x11 <- 0x0000019999999999
mem[X,0x000000008000FA20] -> 0x9593
mem[X,0x000000008000FA22] -> 0x00B5
[1673] [M]: 0x000000008000FA20 (0x00B59593) slli a1, a1, 0xb
x11 <- 0x000CCCCCCCCCC800
mem[X,0x000000008000FA24] -> 0x8593
mem[X,0x000000008000FA26] -> 0x4CC5
[1674] [M]: 0x000000008000FA24 (0x4CC58593) addi a1, a1, 0x4cc
x11 <- 0x000CCCCCCCCCCCCC
mem[X,0x000000008000FA28] -> 0x9593
mem[X,0x000000008000FA2A] -> 0x00A5
[1675] [M]: 0x000000008000FA28 (0x00A59593) slli a1, a1, 0xa
x11 <- 0x3333333333333000
mem[X,0x000000008000FA2C] -> 0x8593
mem[X,0x000000008000FA2E] -> 0x3335
[1676] [M]: 0x000000008000FA2C (0x33358593) addi a1, a1, 0x333
x11 <- 0x3333333333333333
mem[X,0x000000008000FA30] -> 0x0113
mem[X,0x000000008000FA32] -> 0x0000
[1677] [M]: 0x000000008000FA30 (0x00000113) addi sp, zero, 0x0
x2 <- 0x0000000000000000
mem[X,0x000000008000FA34] -> 0x006F
mem[X,0x000000008000FA36] -> 0x00C0
[1678] [M]: 0x000000008000FA34 (0x00C0006F) jal zero, 0xc
mem[X,0x000000008000FA40] -> 0x1663
mem[X,0x000000008000FA42] -> 0x00B5
[1679] [M]: 0x000000008000FA40 (0x00B51663) bne a0, a1, 0xc
mem[X,0x000000008000FA4C] -> 0x0113
mem[X,0x000000008000FA4E] -> 0x0031
[1680] [M]: 0x000000008000FA4C (0x00310113) addi sp, sp, 0x3
x2 <- 0x0000000000000003
mem[X,0x000000008000FA50] -> 0x006F
mem[X,0x000000008000FA52] -> 0x0040
[1681] [M]: 0x000000008000FA50 (0x0040006F) jal zero, 0x4
mem[X,0x000000008000FA54] -> 0xBC23
mem[X,0x000000008000FA56] -> 0x3820
[1682] [M]: 0x000000008000FA54 (0x3820BC23) sd sp, 0x398(ra)
mem[0x0000000080045570] <- 0x0000000000000003
mem[X,0x000000008000FA58] -> 0x0513
mem[X,0x000000008000FA5A] -> 0x0010
[1683] [M]: 0x000000008000FA58 (0x00100513) addi a0, zero, 0x1
x10 <- 0x0000000000000001
mem[X,0x000000008000FA5C] -> 0x1513
mem[X,0x000000008000FA5E] -> 0x0145
[1684] [M]: 0x000000008000FA5C (0x01451513) slli a0, a0, 0x14
x10 <- 0x0000000000100000
mem[X,0x000000008000FA60] -> 0x0593
mem[X,0x000000008000FA62] -> 0x0010
[1685] [M]: 0x000000008000FA60 (0x00100593) addi a1, zero, 0x1
x11 <- 0x0000000000000001
mem[X,0x000000008000FA64] -> 0x9593
mem[X,0x000000008000FA66] -> 0x00E5
[1686] [M]: 0x000000008000FA64 (0x00E59593) slli a1, a1, 0xe
x11 <- 0x0000000000004000
mem[X,0x000000008000FA68] -> 0x0113
mem[X,0x000000008000FA6A] -> 0x0000
[1687] [M]: 0x000000008000FA68 (0x00000113) addi sp, zero, 0x0
x2 <- 0x0000000000000000
mem[X,0x000000008000FA6C] -> 0x006F
mem[X,0x000000008000FA6E] -> 0x0100
[1688] [M]: 0x000000008000FA6C (0x0100006F) jal zero, 0x10
mem[X,0x000000008000FA7C] -> 0x1AE3
mem[X,0x000000008000FA7E] -> 0xFEB5
[1689] [M]: 0x000000008000FA7C (0xFEB51AE3) bne a0, a1, -0xc
mem[X,0x000000008000FA70] -> 0x0113
mem[X,0x000000008000FA72] -> 0x0011
[1690] [M]: 0x000000008000FA70 (0x00110113) addi sp, sp, 0x1
x2 <- 0x0000000000000001
mem[X,0x000000008000FA74] -> 0x006F
mem[X,0x000000008000FA76] -> 0x01C0
[1691] [M]: 0x000000008000FA74 (0x01C0006F) jal zero, 0x1c
mem[X,0x000000008000FA90] -> 0xB023
mem[X,0x000000008000FA92] -> 0x3A20
[1692] [M]: 0x000000008000FA90 (0x3A20B023) sd sp, 0x3a0(ra)
mem[0x0000000080045578] <- 0x0000000000000001
mem[X,0x000000008000FA94] -> 0x0513
mem[X,0x000000008000FA96] -> 0x0010
[1693] [M]: 0x000000008000FA94 (0x00100513) addi a0, zero, 0x1
x10 <- 0x0000000000000001
mem[X,0x000000008000FA98] -> 0x1513
mem[X,0x000000008000FA9A] -> 0x0195
[1694] [M]: 0x000000008000FA98 (0x01951513) slli a0, a0, 0x19
x10 <- 0x0000000002000000
mem[X,0x000000008000FA9C] -> 0x0593
mem[X,0x000000008000FA9E] -> 0x0010
[1695] [M]: 0x000000008000FA9C (0x00100593) addi a1, zero, 0x1
x11 <- 0x0000000000000001
mem[X,0x000000008000FAA0] -> 0x9593
mem[X,0x000000008000FAA2] -> 0x0265
[1696] [M]: 0x000000008000FAA0 (0x02659593) slli a1, a1, 0x26
x11 <- 0x0000004000000000
mem[X,0x000000008000FAA4] -> 0x0113
mem[X,0x000000008000FAA6] -> 0x0000
[1697] [M]: 0x000000008000FAA4 (0x00000113) addi sp, zero, 0x0
x2 <- 0x0000000000000000
mem[X,0x000000008000FAA8] -> 0x006F
mem[X,0x000000008000FAAA] -> 0x0100
[1698] [M]: 0x000000008000FAA8 (0x0100006F) jal zero, 0x10
mem[X,0x000000008000FAB8] -> 0x1AE3
mem[X,0x000000008000FABA] -> 0xFEB5
[1699] [M]: 0x000000008000FAB8 (0xFEB51AE3) bne a0, a1, -0xc
clint::tick mtime <- 0x0000000000000011
 clint timer pending at mtime 0x0000000000000011
htif::tick 0x0000000000000000
mem[X,0x000000008000FAAC] -> 0x0113
mem[X,0x000000008000FAAE] -> 0x0011
[1700] [M]: 0x000000008000FAAC (0x00110113) addi sp, sp, 0x1
x2 <- 0x0000000000000001
mem[X,0x000000008000FAB0] -> 0x006F
mem[X,0x000000008000FAB2] -> 0x01C0
[1701] [M]: 0x000000008000FAB0 (0x01C0006F) jal zero, 0x1c
mem[X,0x000000008000FACC] -> 0xB423
mem[X,0x000000008000FACE] -> 0x3A20
[1702] [M]: 0x000000008000FACC (0x3A20B423) sd sp, 0x3a8(ra)
mem[0x0000000080045580] <- 0x0000000000000001
mem[X,0x000000008000FAD0] -> 0x0513
mem[X,0x000000008000FAD2] -> 0x0010
[1703] [M]: 0x000000008000FAD0 (0x00100513) addi a0, zero, 0x1
x10 <- 0x0000000000000001
mem[X,0x000000008000FAD4] -> 0x1513
mem[X,0x000000008000FAD6] -> 0x01D5
[1704] [M]: 0x000000008000FAD4 (0x01D51513) slli a0, a0, 0x1d
x10 <- 0x0000000020000000
mem[X,0x000000008000FAD8] -> 0x65B7
mem[X,0x000000008000FADA] -> 0x6666
[1705] [M]: 0x000000008000FAD8 (0x666665B7) lui a1, 0x66666
x11 <- 0x0000000066666000
mem[X,0x000000008000FADC] -> 0x8593
mem[X,0x000000008000FADE] -> 0x6665
[1706] [M]: 0x000000008000FADC (0x66658593) addi a1, a1, 0x666
x11 <- 0x0000000066666666
mem[X,0x000000008000FAE0] -> 0x9593
mem[X,0x000000008000FAE2] -> 0x00B5
[1707] [M]: 0x000000008000FAE0 (0x00B59593) slli a1, a1, 0xb
x11 <- 0x0000033333333000
mem[X,0x000000008000FAE4] -> 0x8593
mem[X,0x000000008000FAE6] -> 0x3335
[1708] [M]: 0x000000008000FAE4 (0x33358593) addi a1, a1, 0x333
x11 <- 0x0000033333333333
mem[X,0x000000008000FAE8] -> 0x9593
mem[X,0x000000008000FAEA] -> 0x00B5
[1709] [M]: 0x000000008000FAE8 (0x00B59593) slli a1, a1, 0xb
x11 <- 0x0019999999999800
mem[X,0x000000008000FAEC] -> 0x8593
mem[X,0x000000008000FAEE] -> 0x1995
[1710] [M]: 0x000000008000FAEC (0x19958593) addi a1, a1, 0x199
x11 <- 0x0019999999999999
mem[X,0x000000008000FAF0] -> 0x9593
mem[X,0x000000008000FAF2] -> 0x00A5
[1711] [M]: 0x000000008000FAF0 (0x00A59593) slli a1, a1, 0xa
x11 <- 0x6666666666666400
mem[X,0x000000008000FAF4] -> 0x8593
mem[X,0x000000008000FAF6] -> 0x2675
[1712] [M]: 0x000000008000FAF4 (0x26758593) addi a1, a1, 0x267
x11 <- 0x6666666666666667
mem[X,0x000000008000FAF8] -> 0x0113
mem[X,0x000000008000FAFA] -> 0x0000
[1713] [M]: 0x000000008000FAF8 (0x00000113) addi sp, zero, 0x0
x2 <- 0x0000000000000000
mem[X,0x000000008000FAFC] -> 0x006F
mem[X,0x000000008000FAFE] -> 0x00C0
[1714] [M]: 0x000000008000FAFC (0x00C0006F) jal zero, 0xc
mem[X,0x000000008000FB08] -> 0x1663
mem[X,0x000000008000FB0A] -> 0x00B5
[1715] [M]: 0x000000008000FB08 (0x00B51663) bne a0, a1, 0xc
mem[X,0x000000008000FB14] -> 0x0113
mem[X,0x000000008000FB16] -> 0x0031
[1716] [M]: 0x000000008000FB14 (0x00310113) addi sp, sp, 0x3
x2 <- 0x0000000000000003
mem[X,0x000000008000FB18] -> 0x006F
mem[X,0x000000008000FB1A] -> 0x0040
[1717] [M]: 0x000000008000FB18 (0x0040006F) jal zero, 0x4
mem[X,0x000000008000FB1C] -> 0xB823
mem[X,0x000000008000FB1E] -> 0x3A20
[1718] [M]: 0x000000008000FB1C (0x3A20B823) sd sp, 0x3b0(ra)
mem[0x0000000080045588] <- 0x0000000000000003
mem[X,0x000000008000FB20] -> 0x0513
mem[X,0x000000008000FB22] -> 0x0010
[1719] [M]: 0x000000008000FB20 (0x00100513) addi a0, zero, 0x1
x10 <- 0x0000000000000001
mem[X,0x000000008000FB24] -> 0x1513
mem[X,0x000000008000FB26] -> 0x01F5
[1720] [M]: 0x000000008000FB24 (0x01F51513) slli a0, a0, 0x1f
x10 <- 0x0000000080000000
mem[X,0x000000008000FB28] -> 0x0593
mem[X,0x000000008000FB2A] -> 0x0010
[1721] [M]: 0x000000008000FB28 (0x00100593) addi a1, zero, 0x1
x11 <- 0x0000000000000001
mem[X,0x000000008000FB2C] -> 0x9593
mem[X,0x000000008000FB2E] -> 0x01B5
[1722] [M]: 0x000000008000FB2C (0x01B59593) slli a1, a1, 0x1b
x11 <- 0x0000000008000000
mem[X,0x000000008000FB30] -> 0xC593
mem[X,0x000000008000FB32] -> 0xFFF5
[1723] [M]: 0x000000008000FB30 (0xFFF5C593) xori a1, a1, -0x1
x11 <- 0xFFFFFFFFF7FFFFFF
mem[X,0x000000008000FB34] -> 0x0113
mem[X,0x000000008000FB36] -> 0x0000
[1724] [M]: 0x000000008000FB34 (0x00000113) addi sp, zero, 0x0
x2 <- 0x0000000000000000
mem[X,0x000000008000FB38] -> 0x006F
mem[X,0x000000008000FB3A] -> 0x0100
[1725] [M]: 0x000000008000FB38 (0x0100006F) jal zero, 0x10
mem[X,0x000000008000FB48] -> 0x1AE3
mem[X,0x000000008000FB4A] -> 0xFEB5
[1726] [M]: 0x000000008000FB48 (0xFEB51AE3) bne a0, a1, -0xc
mem[X,0x000000008000FB3C] -> 0x0113
mem[X,0x000000008000FB3E] -> 0x0011
[1727] [M]: 0x000000008000FB3C (0x00110113) addi sp, sp, 0x1
x2 <- 0x0000000000000001
mem[X,0x000000008000FB40] -> 0x006F
mem[X,0x000000008000FB42] -> 0x01C0
[1728] [M]: 0x000000008000FB40 (0x01C0006F) jal zero, 0x1c
mem[X,0x000000008000FB5C] -> 0xBC23
mem[X,0x000000008000FB5E] -> 0x3A20
[1729] [M]: 0x000000008000FB5C (0x3A20BC23) sd sp, 0x3b8(ra)
mem[0x0000000080045590] <- 0x0000000000000001
mem[X,0x000000008000FB60] -> 0x0513
mem[X,0x000000008000FB62] -> 0x0010
[1730] [M]: 0x000000008000FB60 (0x00100513) addi a0, zero, 0x1
x10 <- 0x0000000000000001
mem[X,0x000000008000FB64] -> 0x1513
mem[X,0x000000008000FB66] -> 0x0215
[1731] [M]: 0x000000008000FB64 (0x02151513) slli a0, a0, 0x21
x10 <- 0x0000000200000000
mem[X,0x000000008000FB68] -> 0x0593
mem[X,0x000000008000FB6A] -> 0x0010
[1732] [M]: 0x000000008000FB68 (0x00100593) addi a1, zero, 0x1
x11 <- 0x0000000000000001
mem[X,0x000000008000FB6C] -> 0x9593
mem[X,0x000000008000FB6E] -> 0x02C5
[1733] [M]: 0x000000008000FB6C (0x02C59593) slli a1, a1, 0x2c
x11 <- 0x0000100000000000
mem[X,0x000000008000FB70] -> 0x0113
mem[X,0x000000008000FB72] -> 0x0000
[1734] [M]: 0x000000008000FB70 (0x00000113) addi sp, zero, 0x0
x2 <- 0x0000000000000000
mem[X,0x000000008000FB74] -> 0x006F
mem[X,0x000000008000FB76] -> 0x0140
[1735] [M]: 0x000000008000FB74 (0x0140006F) jal zero, 0x14
mem[X,0x000000008000FB88] -> 0x18E3
mem[X,0x000000008000FB8A] -> 0xFEB5
[1736] [M]: 0x000000008000FB88 (0xFEB518E3) bne a0, a1, -0x10
mem[X,0x000000008000FB78] -> 0x0113
mem[X,0x000000008000FB7A] -> 0x0011
[1737] [M]: 0x000000008000FB78 (0x00110113) addi sp, sp, 0x1
x2 <- 0x0000000000000001
mem[X,0x000000008000FB7C] -> 0x006F
mem[X,0x000000008000FB7E] -> 0x0200
[1738] [M]: 0x000000008000FB7C (0x0200006F) jal zero, 0x20
mem[X,0x000000008000FB9C] -> 0xB023
mem[X,0x000000008000FB9E] -> 0x3C20
[1739] [M]: 0x000000008000FB9C (0x3C20B023) sd sp, 0x3c0(ra)
mem[0x0000000080045598] <- 0x0000000000000001
mem[X,0x000000008000FBA0] -> 0x0513
mem[X,0x000000008000FBA2] -> 0x0010
[1740] [M]: 0x000000008000FBA0 (0x00100513) addi a0, zero, 0x1
x10 <- 0x0000000000000001
mem[X,0x000000008000FBA4] -> 0x1513
mem[X,0x000000008000FBA6] -> 0x0235
[1741] [M]: 0x000000008000FBA4 (0x02351513) slli a0, a0, 0x23
x10 <- 0x0000000800000000
mem[X,0x000000008000FBA8] -> 0x0593
mem[X,0x000000008000FBAA] -> 0x0000
[1742] [M]: 0x000000008000FBA8 (0x00000593) addi a1, zero, 0x0
x11 <- 0x0000000000000000
mem[X,0x000000008000FBAC] -> 0x0113
mem[X,0x000000008000FBAE] -> 0x0000
[1743] [M]: 0x000000008000FBAC (0x00000113) addi sp, zero, 0x0
x2 <- 0x0000000000000000
mem[X,0x000000008000FBB0] -> 0x006F
mem[X,0x000000008000FBB2] -> 0x0140
[1744] [M]: 0x000000008000FBB0 (0x0140006F) jal zero, 0x14
mem[X,0x000000008000FBC4] -> 0x18E3
mem[X,0x000000008000FBC6] -> 0xFEB5
[1745] [M]: 0x000000008000FBC4 (0xFEB518E3) bne a0, a1, -0x10
mem[X,0x000000008000FBB4] -> 0x0113
mem[X,0x000000008000FBB6] -> 0x0011
[1746] [M]: 0x000000008000FBB4 (0x00110113) addi sp, sp, 0x1
x2 <- 0x0000000000000001
mem[X,0x000000008000FBB8] -> 0x006F
mem[X,0x000000008000FBBA] -> 0x0200
[1747] [M]: 0x000000008000FBB8 (0x0200006F) jal zero, 0x20
mem[X,0x000000008000FBD8] -> 0xB423
mem[X,0x000000008000FBDA] -> 0x3C20
[1748] [M]: 0x000000008000FBD8 (0x3C20B423) sd sp, 0x3c8(ra)
mem[0x00000000800455A0] <- 0x0000000000000001
mem[X,0x000000008000FBDC] -> 0x0513
mem[X,0x000000008000FBDE] -> 0x0010
[1749] [M]: 0x000000008000FBDC (0x00100513) addi a0, zero, 0x1
x10 <- 0x0000000000000001
mem[X,0x000000008000FBE0] -> 0x1513
mem[X,0x000000008000FBE2] -> 0x0245
[1750] [M]: 0x000000008000FBE0 (0x02451513) slli a0, a0, 0x24
x10 <- 0x0000001000000000
mem[X,0x000000008000FBE4] -> 0x0593
mem[X,0x000000008000FBE6] -> 0x0010
[1751] [M]: 0x000000008000FBE4 (0x00100593) addi a1, zero, 0x1
x11 <- 0x0000000000000001
mem[X,0x000000008000FBE8] -> 0x9593
mem[X,0x000000008000FBEA] -> 0x0295
[1752] [M]: 0x000000008000FBE8 (0x02959593) slli a1, a1, 0x29
x11 <- 0x0000020000000000
mem[X,0x000000008000FBEC] -> 0x0113
mem[X,0x000000008000FBEE] -> 0x0000
[1753] [M]: 0x000000008000FBEC (0x00000113) addi sp, zero, 0x0
x2 <- 0x0000000000000000
mem[X,0x000000008000FBF0] -> 0x006F
mem[X,0x000000008000FBF2] -> 0x00C0
[1754] [M]: 0x000000008000FBF0 (0x00C0006F) jal zero, 0xc
mem[X,0x000000008000FBFC] -> 0x1063
mem[X,0x000000008000FBFE] -> 0x40B5
[1755] [M]: 0x000000008000FBFC (0x40B51063) bne a0, a1, 0x400
mem[X,0x000000008000FFFC] -> 0x0113
mem[X,0x000000008000FFFE] -> 0x0031
[1756] [M]: 0x000000008000FFFC (0x00310113) addi sp, sp, 0x3
x2 <- 0x0000000000000003
mem[X,0x0000000080010000] -> 0x006F
mem[X,0x0000000080010002] -> 0x0040
[1757] [M]: 0x0000000080010000 (0x0040006F) jal zero, 0x4
mem[X,0x0000000080010004] -> 0xB823
mem[X,0x0000000080010006] -> 0x3C20
[1758] [M]: 0x0000000080010004 (0x3C20B823) sd sp, 0x3d0(ra)
mem[0x00000000800455A8] <- 0x0000000000000003
mem[X,0x0000000080010008] -> 0x0513
mem[X,0x000000008001000A] -> 0x0010
[1759] [M]: 0x0000000080010008 (0x00100513) addi a0, zero, 0x1
x10 <- 0x0000000000000001
mem[X,0x000000008001000C] -> 0x1513
mem[X,0x000000008001000E] -> 0x0255
[1760] [M]: 0x000000008001000C (0x02551513) slli a0, a0, 0x25
x10 <- 0x0000002000000000
mem[X,0x0000000080010010] -> 0x0593
mem[X,0x0000000080010012] -> 0x0080
[1761] [M]: 0x0000000080010010 (0x00800593) addi a1, zero, 0x8
x11 <- 0x0000000000000008
mem[X,0x0000000080010014] -> 0x0113
mem[X,0x0000000080010016] -> 0x0000
[1762] [M]: 0x0000000080010014 (0x00000113) addi sp, zero, 0x0
x2 <- 0x0000000000000000
mem[X,0x0000000080010018] -> 0x006F
mem[X,0x000000008001001A] -> 0x00C0
[1763] [M]: 0x0000000080010018 (0x00C0006F) jal zero, 0xc
mem[X,0x0000000080010024] -> 0x1063
mem[X,0x0000000080010026] -> 0x20B5
[1764] [M]: 0x0000000080010024 (0x20B51063) bne a0, a1, 0x200
mem[X,0x0000000080010224] -> 0x0113
mem[X,0x0000000080010226] -> 0x0031
[1765] [M]: 0x0000000080010224 (0x00310113) addi sp, sp, 0x3
x2 <- 0x0000000000000003
mem[X,0x0000000080010228] -> 0x006F
mem[X,0x000000008001022A] -> 0x0040
[1766] [M]: 0x0000000080010228 (0x0040006F) jal zero, 0x4
mem[X,0x000000008001022C] -> 0xBC23
mem[X,0x000000008001022E] -> 0x3C20
[1767] [M]: 0x000000008001022C (0x3C20BC23) sd sp, 0x3d8(ra)
mem[0x00000000800455B0] <- 0x0000000000000003
mem[X,0x0000000080010230] -> 0x0513
mem[X,0x0000000080010232] -> 0x0010
[1768] [M]: 0x0000000080010230 (0x00100513) addi a0, zero, 0x1
x10 <- 0x0000000000000001
mem[X,0x0000000080010234] -> 0x1513
mem[X,0x0000000080010236] -> 0x0285
[1769] [M]: 0x0000000080010234 (0x02851513) slli a0, a0, 0x28
x10 <- 0x0000010000000000
mem[X,0x0000000080010238] -> 0x0593
mem[X,0x000000008001023A] -> 0x0010
[1770] [M]: 0x0000000080010238 (0x00100593) addi a1, zero, 0x1
x11 <- 0x0000000000000001
mem[X,0x000000008001023C] -> 0x9593
mem[X,0x000000008001023E] -> 0x0315
[1771] [M]: 0x000000008001023C (0x03159593) slli a1, a1, 0x31
x11 <- 0x0002000000000000
mem[X,0x0000000080010240] -> 0x0113
mem[X,0x0000000080010242] -> 0x0000
[1772] [M]: 0x0000000080010240 (0x00000113) addi sp, zero, 0x0
x2 <- 0x0000000000000000
mem[X,0x0000000080010244] -> 0x006F
mem[X,0x0000000080010246] -> 0x00C0
[1773] [M]: 0x0000000080010244 (0x00C0006F) jal zero, 0xc
mem[X,0x0000000080010250] -> 0x1063
mem[X,0x0000000080010252] -> 0x08B5
[1774] [M]: 0x0000000080010250 (0x08B51063) bne a0, a1, 0x80
mem[X,0x00000000800102D0] -> 0x0113
mem[X,0x00000000800102D2] -> 0x0031
[1775] [M]: 0x00000000800102D0 (0x00310113) addi sp, sp, 0x3
x2 <- 0x0000000000000003
mem[X,0x00000000800102D4] -> 0x006F
mem[X,0x00000000800102D6] -> 0x0040
[1776] [M]: 0x00000000800102D4 (0x0040006F) jal zero, 0x4
mem[X,0x00000000800102D8] -> 0xB023
mem[X,0x00000000800102DA] -> 0x3E20
[1777] [M]: 0x00000000800102D8 (0x3E20B023) sd sp, 0x3e0(ra)
mem[0x00000000800455B8] <- 0x0000000000000003
mem[X,0x00000000800102DC] -> 0x0513
mem[X,0x00000000800102DE] -> 0x0010
[1778] [M]: 0x00000000800102DC (0x00100513) addi a0, zero, 0x1
x10 <- 0x0000000000000001
mem[X,0x00000000800102E0] -> 0x1513
mem[X,0x00000000800102E2] -> 0x0295
[1779] [M]: 0x00000000800102E0 (0x02951513) slli a0, a0, 0x29
x10 <- 0x0000020000000000
mem[X,0x00000000800102E4] -> 0x0593
mem[X,0x00000000800102E6] -> 0x0010
[1780] [M]: 0x00000000800102E4 (0x00100593) addi a1, zero, 0x1
x11 <- 0x0000000000000001
mem[X,0x00000000800102E8] -> 0x9593
mem[X,0x00000000800102EA] -> 0x00F5
[1781] [M]: 0x00000000800102E8 (0x00F59593) slli a1, a1, 0xf
x11 <- 0x0000000000008000
mem[X,0x00000000800102EC] -> 0xC593
mem[X,0x00000000800102EE] -> 0xFFF5
[1782] [M]: 0x00000000800102EC (0xFFF5C593) xori a1, a1, -0x1
x11 <- 0xFFFFFFFFFFFF7FFF
mem[X,0x00000000800102F0] -> 0x0113
mem[X,0x00000000800102F2] -> 0x0000
[1783] [M]: 0x00000000800102F0 (0x00000113) addi sp, zero, 0x0
x2 <- 0x0000000000000000
mem[X,0x00000000800102F4] -> 0x006F
mem[X,0x00000000800102F6] -> 0x00C0
[1784] [M]: 0x00000000800102F4 (0x00C0006F) jal zero, 0xc
mem[X,0x0000000080010300] -> 0x1063
mem[X,0x0000000080010302] -> 0x02B5
[1785] [M]: 0x0000000080010300 (0x02B51063) bne a0, a1, 0x20
mem[X,0x0000000080010320] -> 0x0113
mem[X,0x0000000080010322] -> 0x0031
[1786] [M]: 0x0000000080010320 (0x00310113) addi sp, sp, 0x3
x2 <- 0x0000000000000003
mem[X,0x0000000080010324] -> 0x006F
mem[X,0x0000000080010326] -> 0x0040
[1787] [M]: 0x0000000080010324 (0x0040006F) jal zero, 0x4
mem[X,0x0000000080010328] -> 0xB423
mem[X,0x000000008001032A] -> 0x3E20
[1788] [M]: 0x0000000080010328 (0x3E20B423) sd sp, 0x3e8(ra)
mem[0x00000000800455C0] <- 0x0000000000000003
mem[X,0x000000008001032C] -> 0x0513
mem[X,0x000000008001032E] -> 0x0010
[1789] [M]: 0x000000008001032C (0x00100513) addi a0, zero, 0x1
x10 <- 0x0000000000000001
mem[X,0x0000000080010330] -> 0x1513
mem[X,0x0000000080010332] -> 0x02C5
[1790] [M]: 0x0000000080010330 (0x02C51513) slli a0, a0, 0x2c
x10 <- 0x0000100000000000
mem[X,0x0000000080010334] -> 0x0593
mem[X,0x0000000080010336] -> 0x0010
[1791] [M]: 0x0000000080010334 (0x00100593) addi a1, zero, 0x1
x11 <- 0x0000000000000001
mem[X,0x0000000080010338] -> 0x9593
mem[X,0x000000008001033A] -> 0x03D5
[1792] [M]: 0x0000000080010338 (0x03D59593) slli a1, a1, 0x3d
x11 <- 0x2000000000000000
mem[X,0x000000008001033C] -> 0xC593
mem[X,0x000000008001033E] -> 0xFFF5
[1793] [M]: 0x000000008001033C (0xFFF5C593) xori a1, a1, -0x1
x11 <- 0xDFFFFFFFFFFFFFFF
mem[X,0x0000000080010340] -> 0x0113
mem[X,0x0000000080010342] -> 0x0000
[1794] [M]: 0x0000000080010340 (0x00000113) addi sp, zero, 0x0
x2 <- 0x0000000000000000
mem[X,0x0000000080010344] -> 0x006F
mem[X,0x0000000080010346] -> 0x0180
[1795] [M]: 0x0000000080010344 (0x0180006F) jal zero, 0x18
mem[X,0x000000008001035C] -> 0x16E3
mem[X,0x000000008001035E] -> 0xFEB5
[1796] [M]: 0x000000008001035C (0xFEB516E3) bne a0, a1, -0x14
mem[X,0x0000000080010348] -> 0x0113
mem[X,0x000000008001034A] -> 0x0011
[1797] [M]: 0x0000000080010348 (0x00110113) addi sp, sp, 0x1
x2 <- 0x0000000000000001
mem[X,0x000000008001034C] -> 0x006F
mem[X,0x000000008001034E] -> 0x0240
[1798] [M]: 0x000000008001034C (0x0240006F) jal zero, 0x24
mem[X,0x0000000080010370] -> 0xB823
mem[X,0x0000000080010372] -> 0x3E20
[1799] [M]: 0x0000000080010370 (0x3E20B823) sd sp, 0x3f0(ra)
mem[0x00000000800455C8] <- 0x0000000000000001
clint::tick mtime <- 0x0000000000000012
 clint timer pending at mtime 0x0000000000000012
htif::tick 0x0000000000000000
mem[X,0x0000000080010374] -> 0x0513
mem[X,0x0000000080010376] -> 0x0010
[1800] [M]: 0x0000000080010374 (0x00100513) addi a0, zero, 0x1
x10 <- 0x0000000000000001
mem[X,0x0000000080010378] -> 0x1513
mem[X,0x000000008001037A] -> 0x02F5
[1801] [M]: 0x0000000080010378 (0x02F51513) slli a0, a0, 0x2f
x10 <- 0x0000800000000000
mem[X,0x000000008001037C] -> 0x0593
mem[X,0x000000008001037E] -> 0x0010
[1802] [M]: 0x000000008001037C (0x00100593) addi a1, zero, 0x1
x11 <- 0x0000000000000001
mem[X,0x0000000080010380] -> 0x9593
mem[X,0x0000000080010382] -> 0x0195
[1803] [M]: 0x0000000080010380 (0x01959593) slli a1, a1, 0x19
x11 <- 0x0000000002000000
mem[X,0x0000000080010384] -> 0x0113
mem[X,0x0000000080010386] -> 0x0000
[1804] [M]: 0x0000000080010384 (0x00000113) addi sp, zero, 0x0
x2 <- 0x0000000000000000
mem[X,0x0000000080010388] -> 0x006F
mem[X,0x000000008001038A] -> 0x00C0
[1805] [M]: 0x0000000080010388 (0x00C0006F) jal zero, 0xc
mem[X,0x0000000080010394] -> 0x1663
mem[X,0x0000000080010396] -> 0x00B5
[1806] [M]: 0x0000000080010394 (0x00B51663) bne a0, a1, 0xc
mem[X,0x00000000800103A0] -> 0x0113
mem[X,0x00000000800103A2] -> 0x0031
[1807] [M]: 0x00000000800103A0 (0x00310113) addi sp, sp, 0x3
x2 <- 0x0000000000000003
mem[X,0x00000000800103A4] -> 0x006F
mem[X,0x00000000800103A6] -> 0x0040
[1808] [M]: 0x00000000800103A4 (0x0040006F) jal zero, 0x4
mem[X,0x00000000800103A8] -> 0xBC23
mem[X,0x00000000800103AA] -> 0x3E20
[1809] [M]: 0x00000000800103A8 (0x3E20BC23) sd sp, 0x3f8(ra)
mem[0x00000000800455D0] <- 0x0000000000000003
mem[X,0x00000000800103AC] -> 0x0513
mem[X,0x00000000800103AE] -> 0x0010
[1810] [M]: 0x00000000800103AC (0x00100513) addi a0, zero, 0x1
x10 <- 0x0000000000000001
mem[X,0x00000000800103B0] -> 0x1513
mem[X,0x00000000800103B2] -> 0x0315
[1811] [M]: 0x00000000800103B0 (0x03151513) slli a0, a0, 0x31
x10 <- 0x0002000000000000
mem[X,0x00000000800103B4] -> 0xB5B7
mem[X,0x00000000800103B6] -> 0xAAAA
[1812] [M]: 0x00000000800103B4 (0xAAAAB5B7) lui a1, -0x55555
x11 <- 0xFFFFFFFFAAAAB000
mem[X,0x00000000800103B8] -> 0x8593
mem[X,0x00000000800103BA] -> 0xAAA5
[1813] [M]: 0x00000000800103B8 (0xAAA58593) addi a1, a1, -0x556
x11 <- 0xFFFFFFFFAAAAAAAA
mem[X,0x00000000800103BC] -> 0x9593
mem[X,0x00000000800103BE] -> 0x00B5
[1814] [M]: 0x00000000800103BC (0x00B59593) slli a1, a1, 0xb
x11 <- 0xFFFFFD5555555000
mem[X,0x00000000800103C0] -> 0x8593
mem[X,0x00000000800103C2] -> 0x5555
[1815] [M]: 0x00000000800103C0 (0x55558593) addi a1, a1, 0x555
x11 <- 0xFFFFFD5555555555
mem[X,0x00000000800103C4] -> 0x9593
mem[X,0x00000000800103C6] -> 0x00B5
[1816] [M]: 0x00000000800103C4 (0x00B59593) slli a1, a1, 0xb
x11 <- 0xFFEAAAAAAAAAA800
mem[X,0x00000000800103C8] -> 0x8593
mem[X,0x00000000800103CA] -> 0x2AA5
[1817] [M]: 0x00000000800103C8 (0x2AA58593) addi a1, a1, 0x2aa
x11 <- 0xFFEAAAAAAAAAAAAA
mem[X,0x00000000800103CC] -> 0x9593
mem[X,0x00000000800103CE] -> 0x00A5
[1818] [M]: 0x00000000800103CC (0x00A59593) slli a1, a1, 0xa
x11 <- 0xAAAAAAAAAAAAA800
mem[X,0x00000000800103D0] -> 0x8593
mem[X,0x00000000800103D2] -> 0x2AA5
[1819] [M]: 0x00000000800103D0 (0x2AA58593) addi a1, a1, 0x2aa
x11 <- 0xAAAAAAAAAAAAAAAA
mem[X,0x00000000800103D4] -> 0x0113
mem[X,0x00000000800103D6] -> 0x0000
[1820] [M]: 0x00000000800103D4 (0x00000113) addi sp, zero, 0x0
x2 <- 0x0000000000000000
mem[X,0x00000000800103D8] -> 0x006F
mem[X,0x00000000800103DA] -> 0x00C0
[1821] [M]: 0x00000000800103D8 (0x00C0006F) jal zero, 0xc
mem[X,0x00000000800103E4] -> 0x1663
mem[X,0x00000000800103E6] -> 0x00B5
[1822] [M]: 0x00000000800103E4 (0x00B51663) bne a0, a1, 0xc
mem[X,0x00000000800103F0] -> 0x0113
mem[X,0x00000000800103F2] -> 0x0031
[1823] [M]: 0x00000000800103F0 (0x00310113) addi sp, sp, 0x3
x2 <- 0x0000000000000003
mem[X,0x00000000800103F4] -> 0x006F
mem[X,0x00000000800103F6] -> 0x0040
[1824] [M]: 0x00000000800103F4 (0x0040006F) jal zero, 0x4
mem[X,0x00000000800103F8] -> 0xB023
mem[X,0x00000000800103FA] -> 0x4020
[1825] [M]: 0x00000000800103F8 (0x4020B023) sd sp, 0x400(ra)
mem[0x00000000800455D8] <- 0x0000000000000003
mem[X,0x00000000800103FC] -> 0x0513
mem[X,0x00000000800103FE] -> 0x0010
[1826] [M]: 0x00000000800103FC (0x00100513) addi a0, zero, 0x1
x10 <- 0x0000000000000001
mem[X,0x0000000080010400] -> 0x1513
mem[X,0x0000000080010402] -> 0x0345
[1827] [M]: 0x0000000080010400 (0x03451513) slli a0, a0, 0x34
x10 <- 0x0010000000000000
mem[X,0x0000000080010404] -> 0x0593
mem[X,0x0000000080010406] -> 0x0010
[1828] [M]: 0x0000000080010404 (0x00100593) addi a1, zero, 0x1
x11 <- 0x0000000000000001
mem[X,0x0000000080010408] -> 0x9593
mem[X,0x000000008001040A] -> 0x0385
[1829] [M]: 0x0000000080010408 (0x03859593) slli a1, a1, 0x38
x11 <- 0x0100000000000000
mem[X,0x000000008001040C] -> 0xC593
mem[X,0x000000008001040E] -> 0xFFF5
[1830] [M]: 0x000000008001040C (0xFFF5C593) xori a1, a1, -0x1
x11 <- 0xFEFFFFFFFFFFFFFF
mem[X,0x0000000080010410] -> 0x0113
mem[X,0x0000000080010412] -> 0x0000
[1831] [M]: 0x0000000080010410 (0x00000113) addi sp, zero, 0x0
x2 <- 0x0000000000000000
mem[X,0x0000000080010414] -> 0x006F
mem[X,0x0000000080010416] -> 0x0140
[1832] [M]: 0x0000000080010414 (0x0140006F) jal zero, 0x14
mem[X,0x0000000080010428] -> 0x18E3
mem[X,0x000000008001042A] -> 0xFEB5
[1833] [M]: 0x0000000080010428 (0xFEB518E3) bne a0, a1, -0x10
mem[X,0x0000000080010418] -> 0x0113
mem[X,0x000000008001041A] -> 0x0011
[1834] [M]: 0x0000000080010418 (0x00110113) addi sp, sp, 0x1
x2 <- 0x0000000000000001
mem[X,0x000000008001041C] -> 0x006F
mem[X,0x000000008001041E] -> 0x0200
[1835] [M]: 0x000000008001041C (0x0200006F) jal zero, 0x20
mem[X,0x000000008001043C] -> 0xB423
mem[X,0x000000008001043E] -> 0x4020
[1836] [M]: 0x000000008001043C (0x4020B423) sd sp, 0x408(ra)
mem[0x00000000800455E0] <- 0x0000000000000001
mem[X,0x0000000080010440] -> 0x0513
mem[X,0x0000000080010442] -> 0x0010
[1837] [M]: 0x0000000080010440 (0x00100513) addi a0, zero, 0x1
x10 <- 0x0000000000000001
mem[X,0x0000000080010444] -> 0x1513
mem[X,0x0000000080010446] -> 0x0365
[1838] [M]: 0x0000000080010444 (0x03651513) slli a0, a0, 0x36
x10 <- 0x0040000000000000
mem[X,0x0000000080010448] -> 0x0593
mem[X,0x000000008001044A] -> 0xFFF0
[1839] [M]: 0x0000000080010448 (0xFFF00593) addi a1, zero, -0x1
x11 <- 0xFFFFFFFFFFFFFFFF
mem[X,0x000000008001044C] -> 0xD593
mem[X,0x000000008001044E] -> 0x0015
[1840] [M]: 0x000000008001044C (0x0015D593) srli a1, a1, 0x1
x11 <- 0x7FFFFFFFFFFFFFFF
mem[X,0x0000000080010450] -> 0x0113
mem[X,0x0000000080010452] -> 0x0000
[1841] [M]: 0x0000000080010450 (0x00000113) addi sp, zero, 0x0
x2 <- 0x0000000000000000
mem[X,0x0000000080010454] -> 0x006F
mem[X,0x0000000080010456] -> 0x00C0
[1842] [M]: 0x0000000080010454 (0x00C0006F) jal zero, 0xc
mem[X,0x0000000080010460] -> 0x1063
mem[X,0x0000000080010462] -> 0x04B5
[1843] [M]: 0x0000000080010460 (0x04B51063) bne a0, a1, 0x40
mem[X,0x00000000800104A0] -> 0x0113
mem[X,0x00000000800104A2] -> 0x0031
[1844] [M]: 0x00000000800104A0 (0x00310113) addi sp, sp, 0x3
x2 <- 0x0000000000000003
mem[X,0x00000000800104A4] -> 0x006F
mem[X,0x00000000800104A6] -> 0x0040
[1845] [M]: 0x00000000800104A4 (0x0040006F) jal zero, 0x4
mem[X,0x00000000800104A8] -> 0xB823
mem[X,0x00000000800104AA] -> 0x4020
[1846] [M]: 0x00000000800104A8 (0x4020B823) sd sp, 0x410(ra)
mem[0x00000000800455E8] <- 0x0000000000000003
mem[X,0x00000000800104AC] -> 0x0513
mem[X,0x00000000800104AE] -> 0x0010
[1847] [M]: 0x00000000800104AC (0x00100513) addi a0, zero, 0x1
x10 <- 0x0000000000000001
mem[X,0x00000000800104B0] -> 0x1513
mem[X,0x00000000800104B2] -> 0x0375
[1848] [M]: 0x00000000800104B0 (0x03751513) slli a0, a0, 0x37
x10 <- 0x0080000000000000
mem[X,0x00000000800104B4] -> 0x05B7
mem[X,0x00000000800104B6] -> 0x0000
[1849] [M]: 0x00000000800104B4 (0x000005B7) lui a1, 0x0
x11 <- 0x0000000000000000
mem[X,0x00000000800104B8] -> 0x8593
mem[X,0x00000000800104BA] -> 0x0005
[1850] [M]: 0x00000000800104B8 (0x00058593) addi a1, a1, 0x0
x11 <- 0x0000000000000000
mem[X,0x00000000800104BC] -> 0x9593
mem[X,0x00000000800104BE] -> 0x00B5
[1851] [M]: 0x00000000800104BC (0x00B59593) slli a1, a1, 0xb
x11 <- 0x0000000000000000
mem[X,0x00000000800104C0] -> 0x8593
mem[X,0x00000000800104C2] -> 0x5A85
[1852] [M]: 0x00000000800104C0 (0x5A858593) addi a1, a1, 0x5a8
x11 <- 0x00000000000005A8
mem[X,0x00000000800104C4] -> 0x9593
mem[X,0x00000000800104C6] -> 0x00B5
[1853] [M]: 0x00000000800104C4 (0x00B59593) slli a1, a1, 0xb
x11 <- 0x00000000002D4000
mem[X,0x00000000800104C8] -> 0x8593
mem[X,0x00000000800104CA] -> 0x13C5
[1854] [M]: 0x00000000800104C8 (0x13C58593) addi a1, a1, 0x13c
x11 <- 0x00000000002D413C
mem[X,0x00000000800104CC] -> 0x9593
mem[X,0x00000000800104CE] -> 0x00A5
[1855] [M]: 0x00000000800104CC (0x00A59593) slli a1, a1, 0xa
x11 <- 0x00000000B504F000
mem[X,0x00000000800104D0] -> 0x8593
mem[X,0x00000000800104D2] -> 0x3335
[1856] [M]: 0x00000000800104D0 (0x33358593) addi a1, a1, 0x333
x11 <- 0x00000000B504F333
mem[X,0x00000000800104D4] -> 0x0113
mem[X,0x00000000800104D6] -> 0x0000
[1857] [M]: 0x00000000800104D4 (0x00000113) addi sp, zero, 0x0
x2 <- 0x0000000000000000
mem[X,0x00000000800104D8] -> 0x006F
mem[X,0x00000000800104DA] -> 0x0140
[1858] [M]: 0x00000000800104D8 (0x0140006F) jal zero, 0x14
mem[X,0x00000000800104EC] -> 0x18E3
mem[X,0x00000000800104EE] -> 0xFEB5
[1859] [M]: 0x00000000800104EC (0xFEB518E3) bne a0, a1, -0x10
mem[X,0x00000000800104DC] -> 0x0113
mem[X,0x00000000800104DE] -> 0x0011
[1860] [M]: 0x00000000800104DC (0x00110113) addi sp, sp, 0x1
x2 <- 0x0000000000000001
mem[X,0x00000000800104E0] -> 0x006F
mem[X,0x00000000800104E2] -> 0x0200
[1861] [M]: 0x00000000800104E0 (0x0200006F) jal zero, 0x20
mem[X,0x0000000080010500] -> 0xBC23
mem[X,0x0000000080010502] -> 0x4020
[1862] [M]: 0x0000000080010500 (0x4020BC23) sd sp, 0x418(ra)
mem[0x00000000800455F0] <- 0x0000000000000001
mem[X,0x0000000080010504] -> 0x0513
mem[X,0x0000000080010506] -> 0x0010
[1863] [M]: 0x0000000080010504 (0x00100513) addi a0, zero, 0x1
x10 <- 0x0000000000000001
mem[X,0x0000000080010508] -> 0x1513
mem[X,0x000000008001050A] -> 0x0395
[1864] [M]: 0x0000000080010508 (0x03951513) slli a0, a0, 0x39
x10 <- 0x0200000000000000
mem[X,0x000000008001050C] -> 0x0593
mem[X,0x000000008001050E] -> 0x0010
[1865] [M]: 0x000000008001050C (0x00100593) addi a1, zero, 0x1
x11 <- 0x0000000000000001
mem[X,0x0000000080010510] -> 0x9593
mem[X,0x0000000080010512] -> 0x0305
[1866] [M]: 0x0000000080010510 (0x03059593) slli a1, a1, 0x30
x11 <- 0x0001000000000000
mem[X,0x0000000080010514] -> 0xC593
mem[X,0x0000000080010516] -> 0xFFF5
[1867] [M]: 0x0000000080010514 (0xFFF5C593) xori a1, a1, -0x1
x11 <- 0xFFFEFFFFFFFFFFFF
mem[X,0x0000000080010518] -> 0x0113
mem[X,0x000000008001051A] -> 0x0000
[1868] [M]: 0x0000000080010518 (0x00000113) addi sp, zero, 0x0
x2 <- 0x0000000000000000
mem[X,0x000000008001051C] -> 0x006F
mem[X,0x000000008001051E] -> 0x0100
[1869] [M]: 0x000000008001051C (0x0100006F) jal zero, 0x10
mem[X,0x000000008001052C] -> 0x1AE3
mem[X,0x000000008001052E] -> 0xFEB5
[1870] [M]: 0x000000008001052C (0xFEB51AE3) bne a0, a1, -0xc
mem[X,0x0000000080010520] -> 0x0113
mem[X,0x0000000080010522] -> 0x0011
[1871] [M]: 0x0000000080010520 (0x00110113) addi sp, sp, 0x1
x2 <- 0x0000000000000001
mem[X,0x0000000080010524] -> 0x006F
mem[X,0x0000000080010526] -> 0x01C0
[1872] [M]: 0x0000000080010524 (0x01C0006F) jal zero, 0x1c
mem[X,0x0000000080010540] -> 0xB023
mem[X,0x0000000080010542] -> 0x4220
[1873] [M]: 0x0000000080010540 (0x4220B023) sd sp, 0x420(ra)
mem[0x00000000800455F8] <- 0x0000000000000001
mem[X,0x0000000080010544] -> 0x0513
mem[X,0x0000000080010546] -> 0x0010
[1874] [M]: 0x0000000080010544 (0x00100513) addi a0, zero, 0x1
x10 <- 0x0000000000000001
mem[X,0x0000000080010548] -> 0x1513
mem[X,0x000000008001054A] -> 0x03A5
[1875] [M]: 0x0000000080010548 (0x03A51513) slli a0, a0, 0x3a
x10 <- 0x0400000000000000
mem[X,0x000000008001054C] -> 0x0593
mem[X,0x000000008001054E] -> 0x0010
[1876] [M]: 0x000000008001054C (0x00100593) addi a1, zero, 0x1
x11 <- 0x0000000000000001
mem[X,0x0000000080010550] -> 0x9593
mem[X,0x0000000080010552] -> 0x0365
[1877] [M]: 0x0000000080010550 (0x03659593) slli a1, a1, 0x36
x11 <- 0x0040000000000000
mem[X,0x0000000080010554] -> 0xC593
mem[X,0x0000000080010556] -> 0xFFF5
[1878] [M]: 0x0000000080010554 (0xFFF5C593) xori a1, a1, -0x1
x11 <- 0xFFBFFFFFFFFFFFFF
mem[X,0x0000000080010558] -> 0x0113
mem[X,0x000000008001055A] -> 0x0000
[1879] [M]: 0x0000000080010558 (0x00000113) addi sp, zero, 0x0
x2 <- 0x0000000000000000
mem[X,0x000000008001055C] -> 0x006F
mem[X,0x000000008001055E] -> 0x00C0
[1880] [M]: 0x000000008001055C (0x00C0006F) jal zero, 0xc
mem[X,0x0000000080010568] -> 0x1063
mem[X,0x000000008001056A] -> 0x08B5
[1881] [M]: 0x0000000080010568 (0x08B51063) bne a0, a1, 0x80
mem[X,0x00000000800105E8] -> 0x0113
mem[X,0x00000000800105EA] -> 0x0031
[1882] [M]: 0x00000000800105E8 (0x00310113) addi sp, sp, 0x3
x2 <- 0x0000000000000003
mem[X,0x00000000800105EC] -> 0x006F
mem[X,0x00000000800105EE] -> 0x0040
[1883] [M]: 0x00000000800105EC (0x0040006F) jal zero, 0x4
mem[X,0x00000000800105F0] -> 0xB423
mem[X,0x00000000800105F2] -> 0x4220
[1884] [M]: 0x00000000800105F0 (0x4220B423) sd sp, 0x428(ra)
mem[0x0000000080045600] <- 0x0000000000000003
mem[X,0x00000000800105F4] -> 0x0513
mem[X,0x00000000800105F6] -> 0x0010
[1885] [M]: 0x00000000800105F4 (0x00100513) addi a0, zero, 0x1
x10 <- 0x0000000000000001
mem[X,0x00000000800105F8] -> 0x1513
mem[X,0x00000000800105FA] -> 0x03B5
[1886] [M]: 0x00000000800105F8 (0x03B51513) slli a0, a0, 0x3b
x10 <- 0x0800000000000000
mem[X,0x00000000800105FC] -> 0x0593
mem[X,0x00000000800105FE] -> 0x0010
[1887] [M]: 0x00000000800105FC (0x00100593) addi a1, zero, 0x1
x11 <- 0x0000000000000001
mem[X,0x0000000080010600] -> 0x9593
mem[X,0x0000000080010602] -> 0x01D5
[1888] [M]: 0x0000000080010600 (0x01D59593) slli a1, a1, 0x1d
x11 <- 0x0000000020000000
mem[X,0x0000000080010604] -> 0x0113
mem[X,0x0000000080010606] -> 0x0000
[1889] [M]: 0x0000000080010604 (0x00000113) addi sp, zero, 0x0
x2 <- 0x0000000000000000
mem[X,0x0000000080010608] -> 0x006F
mem[X,0x000000008001060A] -> 0x00C0
[1890] [M]: 0x0000000080010608 (0x00C0006F) jal zero, 0xc
mem[X,0x0000000080010614] -> 0x1CE3
mem[X,0x0000000080010616] -> 0xFEB5
[1891] [M]: 0x0000000080010614 (0xFEB51CE3) bne a0, a1, -0x8
mem[X,0x000000008001060C] -> 0x0113
mem[X,0x000000008001060E] -> 0x0011
[1892] [M]: 0x000000008001060C (0x00110113) addi sp, sp, 0x1
x2 <- 0x0000000000000001
mem[X,0x0000000080010610] -> 0x006F
mem[X,0x0000000080010612] -> 0x0180
[1893] [M]: 0x0000000080010610 (0x0180006F) jal zero, 0x18
mem[X,0x0000000080010628] -> 0xB823
mem[X,0x000000008001062A] -> 0x4220
[1894] [M]: 0x0000000080010628 (0x4220B823) sd sp, 0x430(ra)
mem[0x0000000080045608] <- 0x0000000000000001
mem[X,0x000000008001062C] -> 0x0513
mem[X,0x000000008001062E] -> 0xFFE0
[1895] [M]: 0x000000008001062C (0xFFE00513) addi a0, zero, -0x2
x10 <- 0xFFFFFFFFFFFFFFFE
mem[X,0x0000000080010630] -> 0x0593
mem[X,0x0000000080010632] -> 0xBFF0
[1896] [M]: 0x0000000080010630 (0xBFF00593) addi a1, zero, -0x401
x11 <- 0xFFFFFFFFFFFFFBFF
mem[X,0x0000000080010634] -> 0x0113
mem[X,0x0000000080010636] -> 0x0000
[1897] [M]: 0x0000000080010634 (0x00000113) addi sp, zero, 0x0
x2 <- 0x0000000000000000
mem[X,0x0000000080010638] -> 0x006F
mem[X,0x000000008001063A] -> 0x00C0
[1898] [M]: 0x0000000080010638 (0x00C0006F) jal zero, 0xc
mem[X,0x0000000080010644] -> 0x1663
mem[X,0x0000000080010646] -> 0x00B5
[1899] [M]: 0x0000000080010644 (0x00B51663) bne a0, a1, 0xc
clint::tick mtime <- 0x0000000000000013
 clint timer pending at mtime 0x0000000000000013
htif::tick 0x0000000000000000
mem[X,0x0000000080010650] -> 0x0113
mem[X,0x0000000080010652] -> 0x0031
[1900] [M]: 0x0000000080010650 (0x00310113) addi sp, sp, 0x3
x2 <- 0x0000000000000003
mem[X,0x0000000080010654] -> 0x006F
mem[X,0x0000000080010656] -> 0x0040
[1901] [M]: 0x0000000080010654 (0x0040006F) jal zero, 0x4
mem[X,0x0000000080010658] -> 0xBC23
mem[X,0x000000008001065A] -> 0x4220
[1902] [M]: 0x0000000080010658 (0x4220BC23) sd sp, 0x438(ra)
mem[0x0000000080045610] <- 0x0000000000000003
mem[X,0x000000008001065C] -> 0x0513
mem[X,0x000000008001065E] -> 0xFF70
[1903] [M]: 0x000000008001065C (0xFF700513) addi a0, zero, -0x9
x10 <- 0xFFFFFFFFFFFFFFF7
mem[X,0x0000000080010660] -> 0x0593
mem[X,0x0000000080010662] -> 0x0050
[1904] [M]: 0x0000000080010660 (0x00500593) addi a1, zero, 0x5
x11 <- 0x0000000000000005
mem[X,0x0000000080010664] -> 0x0113
mem[X,0x0000000080010666] -> 0x0000
[1905] [M]: 0x0000000080010664 (0x00000113) addi sp, zero, 0x0
x2 <- 0x0000000000000000
mem[X,0x0000000080010668] -> 0x006F
mem[X,0x000000008001066A] -> 0x00C0
[1906] [M]: 0x0000000080010668 (0x00C0006F) jal zero, 0xc
mem[X,0x0000000080010674] -> 0x1CE3
mem[X,0x0000000080010676] -> 0xFEB5
[1907] [M]: 0x0000000080010674 (0xFEB51CE3) bne a0, a1, -0x8
mem[X,0x000000008001066C] -> 0x0113
mem[X,0x000000008001066E] -> 0x0011
[1908] [M]: 0x000000008001066C (0x00110113) addi sp, sp, 0x1
x2 <- 0x0000000000000001
mem[X,0x0000000080010670] -> 0x006F
mem[X,0x0000000080010672] -> 0x0180
[1909] [M]: 0x0000000080010670 (0x0180006F) jal zero, 0x18
mem[X,0x0000000080010688] -> 0xB023
mem[X,0x000000008001068A] -> 0x4420
[1910] [M]: 0x0000000080010688 (0x4420B023) sd sp, 0x440(ra)
mem[0x0000000080045618] <- 0x0000000000000001
mem[X,0x000000008001068C] -> 0x0513
mem[X,0x000000008001068E] -> 0xFEF0
[1911] [M]: 0x000000008001068C (0xFEF00513) addi a0, zero, -0x11
x10 <- 0xFFFFFFFFFFFFFFEF
mem[X,0x0000000080010690] -> 0x0593
mem[X,0x0000000080010692] -> 0x0010
[1912] [M]: 0x0000000080010690 (0x00100593) addi a1, zero, 0x1
x11 <- 0x0000000000000001
mem[X,0x0000000080010694] -> 0x9593
mem[X,0x0000000080010696] -> 0x0235
[1913] [M]: 0x0000000080010694 (0x02359593) slli a1, a1, 0x23
x11 <- 0x0000000800000000
mem[X,0x0000000080010698] -> 0x0113
mem[X,0x000000008001069A] -> 0x0000
[1914] [M]: 0x0000000080010698 (0x00000113) addi sp, zero, 0x0
x2 <- 0x0000000000000000
mem[X,0x000000008001069C] -> 0x006F
mem[X,0x000000008001069E] -> 0x00C0
[1915] [M]: 0x000000008001069C (0x00C0006F) jal zero, 0xc
mem[X,0x00000000800106A8] -> 0x1863
mem[X,0x00000000800106AA] -> 0x00B5
[1916] [M]: 0x00000000800106A8 (0x00B51863) bne a0, a1, 0x10
mem[X,0x00000000800106B8] -> 0x0113
mem[X,0x00000000800106BA] -> 0x0031
[1917] [M]: 0x00000000800106B8 (0x00310113) addi sp, sp, 0x3
x2 <- 0x0000000000000003
mem[X,0x00000000800106BC] -> 0x006F
mem[X,0x00000000800106BE] -> 0x0040
[1918] [M]: 0x00000000800106BC (0x0040006F) jal zero, 0x4
mem[X,0x00000000800106C0] -> 0xB423
mem[X,0x00000000800106C2] -> 0x4420
[1919] [M]: 0x00000000800106C0 (0x4420B423) sd sp, 0x448(ra)
mem[0x0000000080045620] <- 0x0000000000000003
mem[X,0x00000000800106C4] -> 0x0513
mem[X,0x00000000800106C6] -> 0xFDF0
[1920] [M]: 0x00000000800106C4 (0xFDF00513) addi a0, zero, -0x21
x10 <- 0xFFFFFFFFFFFFFFDF
mem[X,0x00000000800106C8] -> 0x0593
mem[X,0x00000000800106CA] -> 0x0050
[1921] [M]: 0x00000000800106C8 (0x00500593) addi a1, zero, 0x5
x11 <- 0x0000000000000005
mem[X,0x00000000800106CC] -> 0x0113
mem[X,0x00000000800106CE] -> 0x0000
[1922] [M]: 0x00000000800106CC (0x00000113) addi sp, zero, 0x0
x2 <- 0x0000000000000000
mem[X,0x00000000800106D0] -> 0x006F
mem[X,0x00000000800106D2] -> 0x00C0
[1923] [M]: 0x00000000800106D0 (0x00C0006F) jal zero, 0xc
mem[X,0x00000000800106DC] -> 0x1663
mem[X,0x00000000800106DE] -> 0x00B5
[1924] [M]: 0x00000000800106DC (0x00B51663) bne a0, a1, 0xc
mem[X,0x00000000800106E8] -> 0x0113
mem[X,0x00000000800106EA] -> 0x0031
[1925] [M]: 0x00000000800106E8 (0x00310113) addi sp, sp, 0x3
x2 <- 0x0000000000000003
mem[X,0x00000000800106EC] -> 0x006F
mem[X,0x00000000800106EE] -> 0x0040
[1926] [M]: 0x00000000800106EC (0x0040006F) jal zero, 0x4
mem[X,0x00000000800106F0] -> 0xB823
mem[X,0x00000000800106F2] -> 0x4420
[1927] [M]: 0x00000000800106F0 (0x4420B823) sd sp, 0x450(ra)
mem[0x0000000080045628] <- 0x0000000000000003
mem[X,0x00000000800106F4] -> 0x0513
mem[X,0x00000000800106F6] -> 0xF7F0
[1928] [M]: 0x00000000800106F4 (0xF7F00513) addi a0, zero, -0x81
x10 <- 0xFFFFFFFFFFFFFF7F
mem[X,0x00000000800106F8] -> 0x0593
mem[X,0x00000000800106FA] -> 0x0010
[1929] [M]: 0x00000000800106F8 (0x00100593) addi a1, zero, 0x1
x11 <- 0x0000000000000001
mem[X,0x00000000800106FC] -> 0x9593
mem[X,0x00000000800106FE] -> 0x03B5
[1930] [M]: 0x00000000800106FC (0x03B59593) slli a1, a1, 0x3b
x11 <- 0x0800000000000000
mem[X,0x0000000080010700] -> 0x0113
mem[X,0x0000000080010702] -> 0x0000
[1931] [M]: 0x0000000080010700 (0x00000113) addi sp, zero, 0x0
x2 <- 0x0000000000000000
mem[X,0x0000000080010704] -> 0x006F
mem[X,0x0000000080010706] -> 0x2B10
[1932] [M]: 0x0000000080010704 (0x2B10006F) jal zero, 0xab0
mem[X,0x00000000800111B4] -> 0x1A63
mem[X,0x00000000800111B6] -> 0xD4B5
[1933] [M]: 0x00000000800111B4 (0xD4B51A63) bne a0, a1, -0xaac
mem[X,0x0000000080010708] -> 0x0113
mem[X,0x000000008001070A] -> 0x0011
[1934] [M]: 0x0000000080010708 (0x00110113) addi sp, sp, 0x1
x2 <- 0x0000000000000001
mem[X,0x000000008001070C] -> 0x006F
mem[X,0x000000008001070E] -> 0x2BD0
[1935] [M]: 0x000000008001070C (0x2BD0006F) jal zero, 0xabc
mem[X,0x00000000800111C8] -> 0xBC23
mem[X,0x00000000800111CA] -> 0x4420
[1936] [M]: 0x00000000800111C8 (0x4420BC23) sd sp, 0x458(ra)
mem[0x0000000080045630] <- 0x0000000000000001
mem[X,0x00000000800111CC] -> 0x0513
mem[X,0x00000000800111CE] -> 0xDFF0
[1937] [M]: 0x00000000800111CC (0xDFF00513) addi a0, zero, -0x201
x10 <- 0xFFFFFFFFFFFFFDFF
mem[X,0x00000000800111D0] -> 0x0593
mem[X,0x00000000800111D2] -> 0x0010
[1938] [M]: 0x00000000800111D0 (0x00100593) addi a1, zero, 0x1
x11 <- 0x0000000000000001
mem[X,0x00000000800111D4] -> 0x9593
mem[X,0x00000000800111D6] -> 0x0225
[1939] [M]: 0x00000000800111D4 (0x02259593) slli a1, a1, 0x22
x11 <- 0x0000000400000000
mem[X,0x00000000800111D8] -> 0x0113
mem[X,0x00000000800111DA] -> 0x0000
[1940] [M]: 0x00000000800111D8 (0x00000113) addi sp, zero, 0x0
x2 <- 0x0000000000000000
mem[X,0x00000000800111DC] -> 0x006F
mem[X,0x00000000800111DE] -> 0x0180
[1941] [M]: 0x00000000800111DC (0x0180006F) jal zero, 0x18
mem[X,0x00000000800111F4] -> 0x16E3
mem[X,0x00000000800111F6] -> 0xFEB5
[1942] [M]: 0x00000000800111F4 (0xFEB516E3) bne a0, a1, -0x14
mem[X,0x00000000800111E0] -> 0x0113
mem[X,0x00000000800111E2] -> 0x0011
[1943] [M]: 0x00000000800111E0 (0x00110113) addi sp, sp, 0x1
x2 <- 0x0000000000000001
mem[X,0x00000000800111E4] -> 0x006F
mem[X,0x00000000800111E6] -> 0x0240
[1944] [M]: 0x00000000800111E4 (0x0240006F) jal zero, 0x24
mem[X,0x0000000080011208] -> 0xB023
mem[X,0x000000008001120A] -> 0x4620
[1945] [M]: 0x0000000080011208 (0x4620B023) sd sp, 0x460(ra)
mem[0x0000000080045638] <- 0x0000000000000001
mem[X,0x000000008001120C] -> 0x0513
mem[X,0x000000008001120E] -> 0x0010
[1946] [M]: 0x000000008001120C (0x00100513) addi a0, zero, 0x1
x10 <- 0x0000000000000001
mem[X,0x0000000080011210] -> 0x1513
mem[X,0x0000000080011212] -> 0x00B5
[1947] [M]: 0x0000000080011210 (0x00B51513) slli a0, a0, 0xb
x10 <- 0x0000000000000800
mem[X,0x0000000080011214] -> 0x4513
mem[X,0x0000000080011216] -> 0xFFF5
[1948] [M]: 0x0000000080011214 (0xFFF54513) xori a0, a0, -0x1
x10 <- 0xFFFFFFFFFFFFF7FF
mem[X,0x0000000080011218] -> 0x35B7
mem[X,0x000000008001121A] -> 0x3333
[1949] [M]: 0x0000000080011218 (0x333335B7) lui a1, 0x33333
x11 <- 0x0000000033333000
mem[X,0x000000008001121C] -> 0x8593
mem[X,0x000000008001121E] -> 0x3335
[1950] [M]: 0x000000008001121C (0x33358593) addi a1, a1, 0x333
x11 <- 0x0000000033333333
mem[X,0x0000000080011220] -> 0x9593
mem[X,0x0000000080011222] -> 0x00B5
[1951] [M]: 0x0000000080011220 (0x00B59593) slli a1, a1, 0xb
x11 <- 0x0000019999999800
mem[X,0x0000000080011224] -> 0x8593
mem[X,0x0000000080011226] -> 0x1995
[1952] [M]: 0x0000000080011224 (0x19958593) addi a1, a1, 0x199
x11 <- 0x0000019999999999
mem[X,0x0000000080011228] -> 0x9593
mem[X,0x000000008001122A] -> 0x00B5
[1953] [M]: 0x0000000080011228 (0x00B59593) slli a1, a1, 0xb
x11 <- 0x000CCCCCCCCCC800
mem[X,0x000000008001122C] -> 0x8593
mem[X,0x000000008001122E] -> 0x4CC5
[1954] [M]: 0x000000008001122C (0x4CC58593) addi a1, a1, 0x4cc
x11 <- 0x000CCCCCCCCCCCCC
mem[X,0x0000000080011230] -> 0x9593
mem[X,0x0000000080011232] -> 0x00A5
[1955] [M]: 0x0000000080011230 (0x00A59593) slli a1, a1, 0xa
x11 <- 0x3333333333333000
mem[X,0x0000000080011234] -> 0x8593
mem[X,0x0000000080011236] -> 0x3345
[1956] [M]: 0x0000000080011234 (0x33458593) addi a1, a1, 0x334
x11 <- 0x3333333333333334
mem[X,0x0000000080011238] -> 0x0113
mem[X,0x000000008001123A] -> 0x0000
[1957] [M]: 0x0000000080011238 (0x00000113) addi sp, zero, 0x0
x2 <- 0x0000000000000000
mem[X,0x000000008001123C] -> 0x006F
mem[X,0x000000008001123E] -> 0x00C0
[1958] [M]: 0x000000008001123C (0x00C0006F) jal zero, 0xc
mem[X,0x0000000080011248] -> 0x1663
mem[X,0x000000008001124A] -> 0x00B5
[1959] [M]: 0x0000000080011248 (0x00B51663) bne a0, a1, 0xc
mem[X,0x0000000080011254] -> 0x0113
mem[X,0x0000000080011256] -> 0x0031
[1960] [M]: 0x0000000080011254 (0x00310113) addi sp, sp, 0x3
x2 <- 0x0000000000000003
mem[X,0x0000000080011258] -> 0x006F
mem[X,0x000000008001125A] -> 0x0040
[1961] [M]: 0x0000000080011258 (0x0040006F) jal zero, 0x4
mem[X,0x000000008001125C] -> 0xB423
mem[X,0x000000008001125E] -> 0x4620
[1962] [M]: 0x000000008001125C (0x4620B423) sd sp, 0x468(ra)
mem[0x0000000080045640] <- 0x0000000000000003
mem[X,0x0000000080011260] -> 0x0513
mem[X,0x0000000080011262] -> 0x0010
[1963] [M]: 0x0000000080011260 (0x00100513) addi a0, zero, 0x1
x10 <- 0x0000000000000001
mem[X,0x0000000080011264] -> 0x1513
mem[X,0x0000000080011266] -> 0x00C5
[1964] [M]: 0x0000000080011264 (0x00C51513) slli a0, a0, 0xc
x10 <- 0x0000000000001000
mem[X,0x0000000080011268] -> 0x4513
mem[X,0x000000008001126A] -> 0xFFF5
[1965] [M]: 0x0000000080011268 (0xFFF54513) xori a0, a0, -0x1
x10 <- 0xFFFFFFFFFFFFEFFF
mem[X,0x000000008001126C] -> 0x0593
mem[X,0x000000008001126E] -> 0x0010
[1966] [M]: 0x000000008001126C (0x00100593) addi a1, zero, 0x1
x11 <- 0x0000000000000001
mem[X,0x0000000080011270] -> 0x9593
mem[X,0x0000000080011272] -> 0x0235
[1967] [M]: 0x0000000080011270 (0x02359593) slli a1, a1, 0x23
x11 <- 0x0000000800000000
mem[X,0x0000000080011274] -> 0xC593
mem[X,0x0000000080011276] -> 0xFFF5
[1968] [M]: 0x0000000080011274 (0xFFF5C593) xori a1, a1, -0x1
x11 <- 0xFFFFFFF7FFFFFFFF
mem[X,0x0000000080011278] -> 0x0113
mem[X,0x000000008001127A] -> 0x0000
[1969] [M]: 0x0000000080011278 (0x00000113) addi sp, zero, 0x0
x2 <- 0x0000000000000000
mem[X,0x000000008001127C] -> 0x006F
mem[X,0x000000008001127E] -> 0x00C0
[1970] [M]: 0x000000008001127C (0x00C0006F) jal zero, 0xc
mem[X,0x0000000080011288] -> 0x1663
mem[X,0x000000008001128A] -> 0x00B5
[1971] [M]: 0x0000000080011288 (0x00B51663) bne a0, a1, 0xc
mem[X,0x0000000080011294] -> 0x0113
mem[X,0x0000000080011296] -> 0x0031
[1972] [M]: 0x0000000080011294 (0x00310113) addi sp, sp, 0x3
x2 <- 0x0000000000000003
mem[X,0x0000000080011298] -> 0x006F
mem[X,0x000000008001129A] -> 0x0040
[1973] [M]: 0x0000000080011298 (0x0040006F) jal zero, 0x4
mem[X,0x000000008001129C] -> 0xB823
mem[X,0x000000008001129E] -> 0x4620
[1974] [M]: 0x000000008001129C (0x4620B823) sd sp, 0x470(ra)
mem[0x0000000080045648] <- 0x0000000000000003
mem[X,0x00000000800112A0] -> 0x0513
mem[X,0x00000000800112A2] -> 0x0010
[1975] [M]: 0x00000000800112A0 (0x00100513) addi a0, zero, 0x1
x10 <- 0x0000000000000001
mem[X,0x00000000800112A4] -> 0x1513
mem[X,0x00000000800112A6] -> 0x00E5
[1976] [M]: 0x00000000800112A4 (0x00E51513) slli a0, a0, 0xe
x10 <- 0x0000000000004000
mem[X,0x00000000800112A8] -> 0x4513
mem[X,0x00000000800112AA] -> 0xFFF5
[1977] [M]: 0x00000000800112A8 (0xFFF54513) xori a0, a0, -0x1
x10 <- 0xFFFFFFFFFFFFBFFF
mem[X,0x00000000800112AC] -> 0x0593
mem[X,0x00000000800112AE] -> 0x0010
[1978] [M]: 0x00000000800112AC (0x00100593) addi a1, zero, 0x1
x11 <- 0x0000000000000001
mem[X,0x00000000800112B0] -> 0x9593
mem[X,0x00000000800112B2] -> 0x02E5
[1979] [M]: 0x00000000800112B0 (0x02E59593) slli a1, a1, 0x2e
x11 <- 0x0000400000000000
mem[X,0x00000000800112B4] -> 0xC593
mem[X,0x00000000800112B6] -> 0xFFF5
[1980] [M]: 0x00000000800112B4 (0xFFF5C593) xori a1, a1, -0x1
x11 <- 0xFFFFBFFFFFFFFFFF
mem[X,0x00000000800112B8] -> 0x0113
mem[X,0x00000000800112BA] -> 0x0000
[1981] [M]: 0x00000000800112B8 (0x00000113) addi sp, zero, 0x0
x2 <- 0x0000000000000000
mem[X,0x00000000800112BC] -> 0x006F
mem[X,0x00000000800112BE] -> 0x0100
[1982] [M]: 0x00000000800112BC (0x0100006F) jal zero, 0x10
mem[X,0x00000000800112CC] -> 0x1AE3
mem[X,0x00000000800112CE] -> 0xFEB5
[1983] [M]: 0x00000000800112CC (0xFEB51AE3) bne a0, a1, -0xc
mem[X,0x00000000800112C0] -> 0x0113
mem[X,0x00000000800112C2] -> 0x0011
[1984] [M]: 0x00000000800112C0 (0x00110113) addi sp, sp, 0x1
x2 <- 0x0000000000000001
mem[X,0x00000000800112C4] -> 0x006F
mem[X,0x00000000800112C6] -> 0x01C0
[1985] [M]: 0x00000000800112C4 (0x01C0006F) jal zero, 0x1c
mem[X,0x00000000800112E0] -> 0xBC23
mem[X,0x00000000800112E2] -> 0x4620
[1986] [M]: 0x00000000800112E0 (0x4620BC23) sd sp, 0x478(ra)
mem[0x0000000080045650] <- 0x0000000000000001
mem[X,0x00000000800112E4] -> 0x0513
mem[X,0x00000000800112E6] -> 0x0010
[1987] [M]: 0x00000000800112E4 (0x00100513) addi a0, zero, 0x1
x10 <- 0x0000000000000001
mem[X,0x00000000800112E8] -> 0x1513
mem[X,0x00000000800112EA] -> 0x00F5
[1988] [M]: 0x00000000800112E8 (0x00F51513) slli a0, a0, 0xf
x10 <- 0x0000000000008000
mem[X,0x00000000800112EC] -> 0x4513
mem[X,0x00000000800112EE] -> 0xFFF5
[1989] [M]: 0x00000000800112EC (0xFFF54513) xori a0, a0, -0x1
x10 <- 0xFFFFFFFFFFFF7FFF
mem[X,0x00000000800112F0] -> 0x0593
mem[X,0x00000000800112F2] -> 0xFFF0
[1990] [M]: 0x00000000800112F0 (0xFFF00593) addi a1, zero, -0x1
x11 <- 0xFFFFFFFFFFFFFFFF
mem[X,0x00000000800112F4] -> 0x0113
mem[X,0x00000000800112F6] -> 0x0000
[1991] [M]: 0x00000000800112F4 (0x00000113) addi sp, zero, 0x0
x2 <- 0x0000000000000000
mem[X,0x00000000800112F8] -> 0x006F
mem[X,0x00000000800112FA] -> 0x2B10
[1992] [M]: 0x00000000800112F8 (0x2B10006F) jal zero, 0xab0
mem[X,0x0000000080011DA8] -> 0x1A63
mem[X,0x0000000080011DAA] -> 0xD4B5
[1993] [M]: 0x0000000080011DA8 (0xD4B51A63) bne a0, a1, -0xaac
mem[X,0x00000000800112FC] -> 0x0113
mem[X,0x00000000800112FE] -> 0x0011
[1994] [M]: 0x00000000800112FC (0x00110113) addi sp, sp, 0x1
x2 <- 0x0000000000000001
mem[X,0x0000000080011300] -> 0x006F
mem[X,0x0000000080011302] -> 0x2BD0
[1995] [M]: 0x0000000080011300 (0x2BD0006F) jal zero, 0xabc
mem[X,0x0000000080011DBC] -> 0xB023
mem[X,0x0000000080011DBE] -> 0x4820
[1996] [M]: 0x0000000080011DBC (0x4820B023) sd sp, 0x480(ra)
mem[0x0000000080045658] <- 0x0000000000000001
mem[X,0x0000000080011DC0] -> 0x0513
mem[X,0x0000000080011DC2] -> 0x0010
[1997] [M]: 0x0000000080011DC0 (0x00100513) addi a0, zero, 0x1
x10 <- 0x0000000000000001
mem[X,0x0000000080011DC4] -> 0x1513
mem[X,0x0000000080011DC6] -> 0x0105
[1998] [M]: 0x0000000080011DC4 (0x01051513) slli a0, a0, 0x10
x10 <- 0x0000000000010000
mem[X,0x0000000080011DC8] -> 0x4513
mem[X,0x0000000080011DCA] -> 0xFFF5
[1999] [M]: 0x0000000080011DC8 (0xFFF54513) xori a0, a0, -0x1
x10 <- 0xFFFFFFFFFFFEFFFF
clint::tick mtime <- 0x0000000000000014
 clint timer pending at mtime 0x0000000000000014
htif::tick 0x0000000000000000
mem[X,0x0000000080011DCC] -> 0x0593
mem[X,0x0000000080011DCE] -> 0x0010
[2000] [M]: 0x0000000080011DCC (0x00100593) addi a1, zero, 0x1
x11 <- 0x0000000000000001
mem[X,0x0000000080011DD0] -> 0x9593
mem[X,0x0000000080011DD2] -> 0x00F5
[2001] [M]: 0x0000000080011DD0 (0x00F59593) slli a1, a1, 0xf
x11 <- 0x0000000000008000
mem[X,0x0000000080011DD4] -> 0xC593
mem[X,0x0000000080011DD6] -> 0xFFF5
[2002] [M]: 0x0000000080011DD4 (0xFFF5C593) xori a1, a1, -0x1
x11 <- 0xFFFFFFFFFFFF7FFF
mem[X,0x0000000080011DD8] -> 0x0113
mem[X,0x0000000080011DDA] -> 0x0000
[2003] [M]: 0x0000000080011DD8 (0x00000113) addi sp, zero, 0x0
x2 <- 0x0000000000000000
mem[X,0x0000000080011DDC] -> 0x006F
mem[X,0x0000000080011DDE] -> 0x0050
[2004] [M]: 0x0000000080011DDC (0x0050006F) jal zero, 0x804
mem[X,0x00000000800125E0] -> 0x10E3
mem[X,0x00000000800125E2] -> 0x80B5
[2005] [M]: 0x00000000800125E0 (0x80B510E3) bne a0, a1, -0x800
mem[X,0x0000000080011DE0] -> 0x0113
mem[X,0x0000000080011DE2] -> 0x0011
[2006] [M]: 0x0000000080011DE0 (0x00110113) addi sp, sp, 0x1
x2 <- 0x0000000000000001
mem[X,0x0000000080011DE4] -> 0x006F
mem[X,0x0000000080011DE6] -> 0x0110
[2007] [M]: 0x0000000080011DE4 (0x0110006F) jal zero, 0x810
mem[X,0x00000000800125F4] -> 0xB423
mem[X,0x00000000800125F6] -> 0x4820
[2008] [M]: 0x00000000800125F4 (0x4820B423) sd sp, 0x488(ra)
mem[0x0000000080045660] <- 0x0000000000000001
mem[X,0x00000000800125F8] -> 0x0513
mem[X,0x00000000800125FA] -> 0x0010
[2009] [M]: 0x00000000800125F8 (0x00100513) addi a0, zero, 0x1
x10 <- 0x0000000000000001
mem[X,0x00000000800125FC] -> 0x1513
mem[X,0x00000000800125FE] -> 0x0125
[2010] [M]: 0x00000000800125FC (0x01251513) slli a0, a0, 0x12
x10 <- 0x0000000000040000
mem[X,0x0000000080012600] -> 0x4513
mem[X,0x0000000080012602] -> 0xFFF5
[2011] [M]: 0x0000000080012600 (0xFFF54513) xori a0, a0, -0x1
x10 <- 0xFFFFFFFFFFFBFFFF
mem[X,0x0000000080012604] -> 0x0593
mem[X,0x0000000080012606] -> 0xBFF0
[2012] [M]: 0x0000000080012604 (0xBFF00593) addi a1, zero, -0x401
x11 <- 0xFFFFFFFFFFFFFBFF
mem[X,0x0000000080012608] -> 0x0113
mem[X,0x000000008001260A] -> 0x0000
[2013] [M]: 0x0000000080012608 (0x00000113) addi sp, zero, 0x0
x2 <- 0x0000000000000000
mem[X,0x000000008001260C] -> 0x006F
mem[X,0x000000008001260E] -> 0x00C0
[2014] [M]: 0x000000008001260C (0x00C0006F) jal zero, 0xc
mem[X,0x0000000080012618] -> 0x1063
mem[X,0x000000008001261A] -> 0x20B5
[2015] [M]: 0x0000000080012618 (0x20B51063) bne a0, a1, 0x200
mem[X,0x0000000080012818] -> 0x0113
mem[X,0x000000008001281A] -> 0x0031
[2016] [M]: 0x0000000080012818 (0x00310113) addi sp, sp, 0x3
x2 <- 0x0000000000000003
mem[X,0x000000008001281C] -> 0x006F
mem[X,0x000000008001281E] -> 0x0040
[2017] [M]: 0x000000008001281C (0x0040006F) jal zero, 0x4
mem[X,0x0000000080012820] -> 0xB823
mem[X,0x0000000080012822] -> 0x4820
[2018] [M]: 0x0000000080012820 (0x4820B823) sd sp, 0x490(ra)
mem[0x0000000080045668] <- 0x0000000000000003
mem[X,0x0000000080012824] -> 0x0513
mem[X,0x0000000080012826] -> 0x0010
[2019] [M]: 0x0000000080012824 (0x00100513) addi a0, zero, 0x1
x10 <- 0x0000000000000001
mem[X,0x0000000080012828] -> 0x1513
mem[X,0x000000008001282A] -> 0x0155
[2020] [M]: 0x0000000080012828 (0x01551513) slli a0, a0, 0x15
x10 <- 0x0000000000200000
mem[X,0x000000008001282C] -> 0x4513
mem[X,0x000000008001282E] -> 0xFFF5
[2021] [M]: 0x000000008001282C (0xFFF54513) xori a0, a0, -0x1
x10 <- 0xFFFFFFFFFFDFFFFF
mem[X,0x0000000080012830] -> 0x55B7
mem[X,0x0000000080012832] -> 0x5555
[2022] [M]: 0x0000000080012830 (0x555555B7) lui a1, 0x55555
x11 <- 0x0000000055555000
mem[X,0x0000000080012834] -> 0x8593
mem[X,0x0000000080012836] -> 0x5555
[2023] [M]: 0x0000000080012834 (0x55558593) addi a1, a1, 0x555
x11 <- 0x0000000055555555
mem[X,0x0000000080012838] -> 0x9593
mem[X,0x000000008001283A] -> 0x00B5
[2024] [M]: 0x0000000080012838 (0x00B59593) slli a1, a1, 0xb
x11 <- 0x000002AAAAAAA800
mem[X,0x000000008001283C] -> 0x8593
mem[X,0x000000008001283E] -> 0x2AA5
[2025] [M]: 0x000000008001283C (0x2AA58593) addi a1, a1, 0x2aa
x11 <- 0x000002AAAAAAAAAA
mem[X,0x0000000080012840] -> 0x9593
mem[X,0x0000000080012842] -> 0x00B5
[2026] [M]: 0x0000000080012840 (0x00B59593) slli a1, a1, 0xb
x11 <- 0x0015555555555000
mem[X,0x0000000080012844] -> 0x8593
mem[X,0x0000000080012846] -> 0x5555
[2027] [M]: 0x0000000080012844 (0x55558593) addi a1, a1, 0x555
x11 <- 0x0015555555555555
mem[X,0x0000000080012848] -> 0x9593
mem[X,0x000000008001284A] -> 0x00A5
[2028] [M]: 0x0000000080012848 (0x00A59593) slli a1, a1, 0xa
x11 <- 0x5555555555555400
mem[X,0x000000008001284C] -> 0x8593
mem[X,0x000000008001284E] -> 0x1555
[2029] [M]: 0x000000008001284C (0x15558593) addi a1, a1, 0x155
x11 <- 0x5555555555555555
mem[X,0x0000000080012850] -> 0x0113
mem[X,0x0000000080012852] -> 0x0000
[2030] [M]: 0x0000000080012850 (0x00000113) addi sp, zero, 0x0
x2 <- 0x0000000000000000
mem[X,0x0000000080012854] -> 0x006F
mem[X,0x0000000080012856] -> 0x00C0
[2031] [M]: 0x0000000080012854 (0x00C0006F) jal zero, 0xc
mem[X,0x0000000080012860] -> 0x1CE3
mem[X,0x0000000080012862] -> 0xFEB5
[2032] [M]: 0x0000000080012860 (0xFEB51CE3) bne a0, a1, -0x8
mem[X,0x0000000080012858] -> 0x0113
mem[X,0x000000008001285A] -> 0x0011
[2033] [M]: 0x0000000080012858 (0x00110113) addi sp, sp, 0x1
x2 <- 0x0000000000000001
mem[X,0x000000008001285C] -> 0x006F
mem[X,0x000000008001285E] -> 0x0180
[2034] [M]: 0x000000008001285C (0x0180006F) jal zero, 0x18
mem[X,0x0000000080012874] -> 0xBC23
mem[X,0x0000000080012876] -> 0x4820
[2035] [M]: 0x0000000080012874 (0x4820BC23) sd sp, 0x498(ra)
mem[0x0000000080045670] <- 0x0000000000000001
mem[X,0x0000000080012878] -> 0x0513
mem[X,0x000000008001287A] -> 0x0010
[2036] [M]: 0x0000000080012878 (0x00100513) addi a0, zero, 0x1
x10 <- 0x0000000000000001
mem[X,0x000000008001287C] -> 0x1513
mem[X,0x000000008001287E] -> 0x0165
[2037] [M]: 0x000000008001287C (0x01651513) slli a0, a0, 0x16
x10 <- 0x0000000000400000
mem[X,0x0000000080012880] -> 0x4513
mem[X,0x0000000080012882] -> 0xFFF5
[2038] [M]: 0x0000000080012880 (0xFFF54513) xori a0, a0, -0x1
x10 <- 0xFFFFFFFFFFBFFFFF
mem[X,0x0000000080012884] -> 0x05B7
mem[X,0x0000000080012886] -> 0x0000
[2039] [M]: 0x0000000080012884 (0x000005B7) lui a1, 0x0
x11 <- 0x0000000000000000
mem[X,0x0000000080012888] -> 0x8593
mem[X,0x000000008001288A] -> 0xFFF5
[2040] [M]: 0x0000000080012888 (0xFFF58593) addi a1, a1, -0x1
x11 <- 0xFFFFFFFFFFFFFFFF
mem[X,0x000000008001288C] -> 0x9593
mem[X,0x000000008001288E] -> 0x00B5
[2041] [M]: 0x000000008001288C (0x00B59593) slli a1, a1, 0xb
x11 <- 0xFFFFFFFFFFFFF800
mem[X,0x0000000080012890] -> 0x8593
mem[X,0x0000000080012892] -> 0x2575
[2042] [M]: 0x0000000080012890 (0x25758593) addi a1, a1, 0x257
x11 <- 0xFFFFFFFFFFFFFA57
mem[X,0x0000000080012894] -> 0x9593
mem[X,0x0000000080012896] -> 0x00B5
[2043] [M]: 0x0000000080012894 (0x00B59593) slli a1, a1, 0xb
x11 <- 0xFFFFFFFFFFD2B800
mem[X,0x0000000080012898] -> 0x8593
mem[X,0x000000008001289A] -> 0x6C35
[2044] [M]: 0x0000000080012898 (0x6C358593) addi a1, a1, 0x6c3
x11 <- 0xFFFFFFFFFFD2BEC3
mem[X,0x000000008001289C] -> 0x9593
mem[X,0x000000008001289E] -> 0x00A5
[2045] [M]: 0x000000008001289C (0x00A59593) slli a1, a1, 0xa
x11 <- 0xFFFFFFFF4AFB0C00
mem[X,0x00000000800128A0] -> 0x8593
mem[X,0x00000000800128A2] -> 0x0CE5
[2046] [M]: 0x00000000800128A0 (0x0CE58593) addi a1, a1, 0xce
x11 <- 0xFFFFFFFF4AFB0CCE
mem[X,0x00000000800128A4] -> 0x0113
mem[X,0x00000000800128A6] -> 0x0000
[2047] [M]: 0x00000000800128A4 (0x00000113) addi sp, zero, 0x0
x2 <- 0x0000000000000000
mem[X,0x00000000800128A8] -> 0x006F
mem[X,0x00000000800128AA] -> 0x00C0
[2048] [M]: 0x00000000800128A8 (0x00C0006F) jal zero, 0xc
mem[X,0x00000000800128B4] -> 0x1CE3
mem[X,0x00000000800128B6] -> 0xFEB5
[2049] [M]: 0x00000000800128B4 (0xFEB51CE3) bne a0, a1, -0x8
mem[X,0x00000000800128AC] -> 0x0113
mem[X,0x00000000800128AE] -> 0x0011
[2050] [M]: 0x00000000800128AC (0x00110113) addi sp, sp, 0x1
x2 <- 0x0000000000000001
mem[X,0x00000000800128B0] -> 0x006F
mem[X,0x00000000800128B2] -> 0x0180
[2051] [M]: 0x00000000800128B0 (0x0180006F) jal zero, 0x18
mem[X,0x00000000800128C8] -> 0xB023
mem[X,0x00000000800128CA] -> 0x4A20
[2052] [M]: 0x00000000800128C8 (0x4A20B023) sd sp, 0x4a0(ra)
mem[0x0000000080045678] <- 0x0000000000000001
mem[X,0x00000000800128CC] -> 0x0513
mem[X,0x00000000800128CE] -> 0x0010
[2053] [M]: 0x00000000800128CC (0x00100513) addi a0, zero, 0x1
x10 <- 0x0000000000000001
mem[X,0x00000000800128D0] -> 0x1513
mem[X,0x00000000800128D2] -> 0x0175
[2054] [M]: 0x00000000800128D0 (0x01751513) slli a0, a0, 0x17
x10 <- 0x0000000000800000
mem[X,0x00000000800128D4] -> 0x4513
mem[X,0x00000000800128D6] -> 0xFFF5
[2055] [M]: 0x00000000800128D4 (0xFFF54513) xori a0, a0, -0x1
x10 <- 0xFFFFFFFFFF7FFFFF
mem[X,0x00000000800128D8] -> 0x0593
mem[X,0x00000000800128DA] -> 0x0010
[2056] [M]: 0x00000000800128D8 (0x00100593) addi a1, zero, 0x1
x11 <- 0x0000000000000001
mem[X,0x00000000800128DC] -> 0x9593
mem[X,0x00000000800128DE] -> 0x0215
[2057] [M]: 0x00000000800128DC (0x02159593) slli a1, a1, 0x21
x11 <- 0x0000000200000000
mem[X,0x00000000800128E0] -> 0xC593
mem[X,0x00000000800128E2] -> 0xFFF5
[2058] [M]: 0x00000000800128E0 (0xFFF5C593) xori a1, a1, -0x1
x11 <- 0xFFFFFFFDFFFFFFFF
mem[X,0x00000000800128E4] -> 0x0113
mem[X,0x00000000800128E6] -> 0x0000
[2059] [M]: 0x00000000800128E4 (0x00000113) addi sp, zero, 0x0
x2 <- 0x0000000000000000
mem[X,0x00000000800128E8] -> 0x006F
mem[X,0x00000000800128EA] -> 0x00C0
[2060] [M]: 0x00000000800128E8 (0x00C0006F) jal zero, 0xc
mem[X,0x00000000800128F4] -> 0x1063
mem[X,0x00000000800128F6] -> 0x08B5
[2061] [M]: 0x00000000800128F4 (0x08B51063) bne a0, a1, 0x80
mem[X,0x0000000080012974] -> 0x0113
mem[X,0x0000000080012976] -> 0x0031
[2062] [M]: 0x0000000080012974 (0x00310113) addi sp, sp, 0x3
x2 <- 0x0000000000000003
mem[X,0x0000000080012978] -> 0x006F
mem[X,0x000000008001297A] -> 0x0040
[2063] [M]: 0x0000000080012978 (0x0040006F) jal zero, 0x4
mem[X,0x000000008001297C] -> 0xB423
mem[X,0x000000008001297E] -> 0x4A20
[2064] [M]: 0x000000008001297C (0x4A20B423) sd sp, 0x4a8(ra)
mem[0x0000000080045680] <- 0x0000000000000003
mem[X,0x0000000080012980] -> 0x0513
mem[X,0x0000000080012982] -> 0x0010
[2065] [M]: 0x0000000080012980 (0x00100513) addi a0, zero, 0x1
x10 <- 0x0000000000000001
mem[X,0x0000000080012984] -> 0x1513
mem[X,0x0000000080012986] -> 0x0185
[2066] [M]: 0x0000000080012984 (0x01851513) slli a0, a0, 0x18
x10 <- 0x0000000001000000
mem[X,0x0000000080012988] -> 0x4513
mem[X,0x000000008001298A] -> 0xFFF5
[2067] [M]: 0x0000000080012988 (0xFFF54513) xori a0, a0, -0x1
x10 <- 0xFFFFFFFFFEFFFFFF
mem[X,0x000000008001298C] -> 0x0593
mem[X,0x000000008001298E] -> 0xFBF0
[2068] [M]: 0x000000008001298C (0xFBF00593) addi a1, zero, -0x41
x11 <- 0xFFFFFFFFFFFFFFBF
mem[X,0x0000000080012990] -> 0x0113
mem[X,0x0000000080012992] -> 0x0000
[2069] [M]: 0x0000000080012990 (0x00000113) addi sp, zero, 0x0
x2 <- 0x0000000000000000
mem[X,0x0000000080012994] -> 0x006F
mem[X,0x0000000080012996] -> 0x00C0
[2070] [M]: 0x0000000080012994 (0x00C0006F) jal zero, 0xc
mem[X,0x00000000800129A0] -> 0x1063
mem[X,0x00000000800129A2] -> 0x04B5
[2071] [M]: 0x00000000800129A0 (0x04B51063) bne a0, a1, 0x40
mem[X,0x00000000800129E0] -> 0x0113
mem[X,0x00000000800129E2] -> 0x0031
[2072] [M]: 0x00000000800129E0 (0x00310113) addi sp, sp, 0x3
x2 <- 0x0000000000000003
mem[X,0x00000000800129E4] -> 0x006F
mem[X,0x00000000800129E6] -> 0x0040
[2073] [M]: 0x00000000800129E4 (0x0040006F) jal zero, 0x4
mem[X,0x00000000800129E8] -> 0xB823
mem[X,0x00000000800129EA] -> 0x4A20
[2074] [M]: 0x00000000800129E8 (0x4A20B823) sd sp, 0x4b0(ra)
mem[0x0000000080045688] <- 0x0000000000000003
mem[X,0x00000000800129EC] -> 0x0513
mem[X,0x00000000800129EE] -> 0x0010
[2075] [M]: 0x00000000800129EC (0x00100513) addi a0, zero, 0x1
x10 <- 0x0000000000000001
mem[X,0x00000000800129F0] -> 0x1513
mem[X,0x00000000800129F2] -> 0x0195
[2076] [M]: 0x00000000800129F0 (0x01951513) slli a0, a0, 0x19
x10 <- 0x0000000002000000
mem[X,0x00000000800129F4] -> 0x4513
mem[X,0x00000000800129F6] -> 0xFFF5
[2077] [M]: 0x00000000800129F4 (0xFFF54513) xori a0, a0, -0x1
x10 <- 0xFFFFFFFFFDFFFFFF
mem[X,0x00000000800129F8] -> 0x0593
mem[X,0x00000000800129FA] -> 0x0800
[2078] [M]: 0x00000000800129F8 (0x08000593) addi a1, zero, 0x80
x11 <- 0x0000000000000080
mem[X,0x00000000800129FC] -> 0x0113
mem[X,0x00000000800129FE] -> 0x0000
[2079] [M]: 0x00000000800129FC (0x00000113) addi sp, zero, 0x0
x2 <- 0x0000000000000000
mem[X,0x0000000080012A00] -> 0x006F
mem[X,0x0000000080012A02] -> 0x00C0
[2080] [M]: 0x0000000080012A00 (0x00C0006F) jal zero, 0xc
mem[X,0x0000000080012A0C] -> 0x1063
mem[X,0x0000000080012A0E] -> 0x10B5
[2081] [M]: 0x0000000080012A0C (0x10B51063) bne a0, a1, 0x100
mem[X,0x0000000080012B0C] -> 0x0113
mem[X,0x0000000080012B0E] -> 0x0031
[2082] [M]: 0x0000000080012B0C (0x00310113) addi sp, sp, 0x3
x2 <- 0x0000000000000003
mem[X,0x0000000080012B10] -> 0x006F
mem[X,0x0000000080012B12] -> 0x0040
[2083] [M]: 0x0000000080012B10 (0x0040006F) jal zero, 0x4
mem[X,0x0000000080012B14] -> 0xBC23
mem[X,0x0000000080012B16] -> 0x4A20
[2084] [M]: 0x0000000080012B14 (0x4A20BC23) sd sp, 0x4b8(ra)
mem[0x0000000080045690] <- 0x0000000000000003
mem[X,0x0000000080012B18] -> 0x0513
mem[X,0x0000000080012B1A] -> 0x0010
[2085] [M]: 0x0000000080012B18 (0x00100513) addi a0, zero, 0x1
x10 <- 0x0000000000000001
mem[X,0x0000000080012B1C] -> 0x1513
mem[X,0x0000000080012B1E] -> 0x01B5
[2086] [M]: 0x0000000080012B1C (0x01B51513) slli a0, a0, 0x1b
x10 <- 0x0000000008000000
mem[X,0x0000000080012B20] -> 0x4513
mem[X,0x0000000080012B22] -> 0xFFF5
[2087] [M]: 0x0000000080012B20 (0xFFF54513) xori a0, a0, -0x1
x10 <- 0xFFFFFFFFF7FFFFFF
mem[X,0x0000000080012B24] -> 0x0593
mem[X,0x0000000080012B26] -> 0x0010
[2088] [M]: 0x0000000080012B24 (0x00100593) addi a1, zero, 0x1
x11 <- 0x0000000000000001
mem[X,0x0000000080012B28] -> 0x9593
mem[X,0x0000000080012B2A] -> 0x0155
[2089] [M]: 0x0000000080012B28 (0x01559593) slli a1, a1, 0x15
x11 <- 0x0000000000200000
mem[X,0x0000000080012B2C] -> 0x0113
mem[X,0x0000000080012B2E] -> 0x0000
[2090] [M]: 0x0000000080012B2C (0x00000113) addi sp, zero, 0x0
x2 <- 0x0000000000000000
mem[X,0x0000000080012B30] -> 0x006F
mem[X,0x0000000080012B32] -> 0x2B10
[2091] [M]: 0x0000000080012B30 (0x2B10006F) jal zero, 0xab0
mem[X,0x00000000800135E0] -> 0x1A63
mem[X,0x00000000800135E2] -> 0xD4B5
[2092] [M]: 0x00000000800135E0 (0xD4B51A63) bne a0, a1, -0xaac
mem[X,0x0000000080012B34] -> 0x0113
mem[X,0x0000000080012B36] -> 0x0011
[2093] [M]: 0x0000000080012B34 (0x00110113) addi sp, sp, 0x1
x2 <- 0x0000000000000001
mem[X,0x0000000080012B38] -> 0x006F
mem[X,0x0000000080012B3A] -> 0x2BD0
[2094] [M]: 0x0000000080012B38 (0x2BD0006F) jal zero, 0xabc
mem[X,0x00000000800135F4] -> 0xB023
mem[X,0x00000000800135F6] -> 0x4C20
[2095] [M]: 0x00000000800135F4 (0x4C20B023) sd sp, 0x4c0(ra)
mem[0x0000000080045698] <- 0x0000000000000001
mem[X,0x00000000800135F8] -> 0x0513
mem[X,0x00000000800135FA] -> 0x0010
[2096] [M]: 0x00000000800135F8 (0x00100513) addi a0, zero, 0x1
x10 <- 0x0000000000000001
mem[X,0x00000000800135FC] -> 0x1513
mem[X,0x00000000800135FE] -> 0x0205
[2097] [M]: 0x00000000800135FC (0x02051513) slli a0, a0, 0x20
x10 <- 0x0000000100000000
mem[X,0x0000000080013600] -> 0x4513
mem[X,0x0000000080013602] -> 0xFFF5
[2098] [M]: 0x0000000080013600 (0xFFF54513) xori a0, a0, -0x1
x10 <- 0xFFFFFFFEFFFFFFFF
mem[X,0x0000000080013604] -> 0x0593
mem[X,0x0000000080013606] -> 0x0010
[2099] [M]: 0x0000000080013604 (0x00100593) addi a1, zero, 0x1
x11 <- 0x0000000000000001
clint::tick mtime <- 0x0000000000000015
 clint timer pending at mtime 0x0000000000000015
htif::tick 0x0000000000000000
mem[X,0x0000000080013608] -> 0x9593
mem[X,0x000000008001360A] -> 0x02A5
[2100] [M]: 0x0000000080013608 (0x02A59593) slli a1, a1, 0x2a
x11 <- 0x0000040000000000
mem[X,0x000000008001360C] -> 0xC593
mem[X,0x000000008001360E] -> 0xFFF5
[2101] [M]: 0x000000008001360C (0xFFF5C593) xori a1, a1, -0x1
x11 <- 0xFFFFFBFFFFFFFFFF
mem[X,0x0000000080013610] -> 0x0113
mem[X,0x0000000080013612] -> 0x0000
[2102] [M]: 0x0000000080013610 (0x00000113) addi sp, zero, 0x0
x2 <- 0x0000000000000000
mem[X,0x0000000080013614] -> 0x006F
mem[X,0x0000000080013616] -> 0x00C0
[2103] [M]: 0x0000000080013614 (0x00C0006F) jal zero, 0xc
mem[X,0x0000000080013620] -> 0x1663
mem[X,0x0000000080013622] -> 0x00B5
[2104] [M]: 0x0000000080013620 (0x00B51663) bne a0, a1, 0xc
mem[X,0x000000008001362C] -> 0x0113
mem[X,0x000000008001362E] -> 0x0031
[2105] [M]: 0x000000008001362C (0x00310113) addi sp, sp, 0x3
x2 <- 0x0000000000000003
mem[X,0x0000000080013630] -> 0x006F
mem[X,0x0000000080013632] -> 0x0040
[2106] [M]: 0x0000000080013630 (0x0040006F) jal zero, 0x4
mem[X,0x0000000080013634] -> 0xB423
mem[X,0x0000000080013636] -> 0x4C20
[2107] [M]: 0x0000000080013634 (0x4C20B423) sd sp, 0x4c8(ra)
mem[0x00000000800456A0] <- 0x0000000000000003
mem[X,0x0000000080013638] -> 0x0513
mem[X,0x000000008001363A] -> 0x0010
[2108] [M]: 0x0000000080013638 (0x00100513) addi a0, zero, 0x1
x10 <- 0x0000000000000001
mem[X,0x000000008001363C] -> 0x1513
mem[X,0x000000008001363E] -> 0x0215
[2109] [M]: 0x000000008001363C (0x02151513) slli a0, a0, 0x21
x10 <- 0x0000000200000000
mem[X,0x0000000080013640] -> 0x4513
mem[X,0x0000000080013642] -> 0xFFF5
[2110] [M]: 0x0000000080013640 (0xFFF54513) xori a0, a0, -0x1
x10 <- 0xFFFFFFFDFFFFFFFF
mem[X,0x0000000080013644] -> 0x35B7
mem[X,0x0000000080013646] -> 0x3333
[2111] [M]: 0x0000000080013644 (0x333335B7) lui a1, 0x33333
x11 <- 0x0000000033333000
mem[X,0x0000000080013648] -> 0x8593
mem[X,0x000000008001364A] -> 0x3335
[2112] [M]: 0x0000000080013648 (0x33358593) addi a1, a1, 0x333
x11 <- 0x0000000033333333
mem[X,0x000000008001364C] -> 0x9593
mem[X,0x000000008001364E] -> 0x00B5
[2113] [M]: 0x000000008001364C (0x00B59593) slli a1, a1, 0xb
x11 <- 0x0000019999999800
mem[X,0x0000000080013650] -> 0x8593
mem[X,0x0000000080013652] -> 0x1995
[2114] [M]: 0x0000000080013650 (0x19958593) addi a1, a1, 0x199
x11 <- 0x0000019999999999
mem[X,0x0000000080013654] -> 0x9593
mem[X,0x0000000080013656] -> 0x00B5
[2115] [M]: 0x0000000080013654 (0x00B59593) slli a1, a1, 0xb
x11 <- 0x000CCCCCCCCCC800
mem[X,0x0000000080013658] -> 0x8593
mem[X,0x000000008001365A] -> 0x4CC5
[2116] [M]: 0x0000000080013658 (0x4CC58593) addi a1, a1, 0x4cc
x11 <- 0x000CCCCCCCCCCCCC
mem[X,0x000000008001365C] -> 0x9593
mem[X,0x000000008001365E] -> 0x00A5
[2117] [M]: 0x000000008001365C (0x00A59593) slli a1, a1, 0xa
x11 <- 0x3333333333333000
mem[X,0x0000000080013660] -> 0x8593
mem[X,0x0000000080013662] -> 0x3335
[2118] [M]: 0x0000000080013660 (0x33358593) addi a1, a1, 0x333
x11 <- 0x3333333333333333
mem[X,0x0000000080013664] -> 0x0113
mem[X,0x0000000080013666] -> 0x0000
[2119] [M]: 0x0000000080013664 (0x00000113) addi sp, zero, 0x0
x2 <- 0x0000000000000000
mem[X,0x0000000080013668] -> 0x006F
mem[X,0x000000008001366A] -> 0x00C0
[2120] [M]: 0x0000000080013668 (0x00C0006F) jal zero, 0xc
mem[X,0x0000000080013674] -> 0x1CE3
mem[X,0x0000000080013676] -> 0xFEB5
[2121] [M]: 0x0000000080013674 (0xFEB51CE3) bne a0, a1, -0x8
mem[X,0x000000008001366C] -> 0x0113
mem[X,0x000000008001366E] -> 0x0011
[2122] [M]: 0x000000008001366C (0x00110113) addi sp, sp, 0x1
x2 <- 0x0000000000000001
mem[X,0x0000000080013670] -> 0x006F
mem[X,0x0000000080013672] -> 0x0180
[2123] [M]: 0x0000000080013670 (0x0180006F) jal zero, 0x18
mem[X,0x0000000080013688] -> 0xB823
mem[X,0x000000008001368A] -> 0x4C20
[2124] [M]: 0x0000000080013688 (0x4C20B823) sd sp, 0x4d0(ra)
mem[0x00000000800456A8] <- 0x0000000000000001
mem[X,0x000000008001368C] -> 0x0513
mem[X,0x000000008001368E] -> 0x0010
[2125] [M]: 0x000000008001368C (0x00100513) addi a0, zero, 0x1
x10 <- 0x0000000000000001
mem[X,0x0000000080013690] -> 0x1513
mem[X,0x0000000080013692] -> 0x0235
[2126] [M]: 0x0000000080013690 (0x02351513) slli a0, a0, 0x23
x10 <- 0x0000000800000000
mem[X,0x0000000080013694] -> 0x4513
mem[X,0x0000000080013696] -> 0xFFF5
[2127] [M]: 0x0000000080013694 (0xFFF54513) xori a0, a0, -0x1
x10 <- 0xFFFFFFF7FFFFFFFF
mem[X,0x0000000080013698] -> 0x0593
mem[X,0x000000008001369A] -> 0x0010
[2128] [M]: 0x0000000080013698 (0x00100593) addi a1, zero, 0x1
x11 <- 0x0000000000000001
mem[X,0x000000008001369C] -> 0x9593
mem[X,0x000000008001369E] -> 0x0125
[2129] [M]: 0x000000008001369C (0x01259593) slli a1, a1, 0x12
x11 <- 0x0000000000040000
mem[X,0x00000000800136A0] -> 0x0113
mem[X,0x00000000800136A2] -> 0x0000
[2130] [M]: 0x00000000800136A0 (0x00000113) addi sp, zero, 0x0
x2 <- 0x0000000000000000
mem[X,0x00000000800136A4] -> 0x006F
mem[X,0x00000000800136A6] -> 0x00C0
[2131] [M]: 0x00000000800136A4 (0x00C0006F) jal zero, 0xc
mem[X,0x00000000800136B0] -> 0x1063
mem[X,0x00000000800136B2] -> 0x40B5
[2132] [M]: 0x00000000800136B0 (0x40B51063) bne a0, a1, 0x400
mem[X,0x0000000080013AB0] -> 0x0113
mem[X,0x0000000080013AB2] -> 0x0031
[2133] [M]: 0x0000000080013AB0 (0x00310113) addi sp, sp, 0x3
x2 <- 0x0000000000000003
mem[X,0x0000000080013AB4] -> 0x006F
mem[X,0x0000000080013AB6] -> 0x0040
[2134] [M]: 0x0000000080013AB4 (0x0040006F) jal zero, 0x4
mem[X,0x0000000080013AB8] -> 0xBC23
mem[X,0x0000000080013ABA] -> 0x4C20
[2135] [M]: 0x0000000080013AB8 (0x4C20BC23) sd sp, 0x4d8(ra)
mem[0x00000000800456B0] <- 0x0000000000000003
mem[X,0x0000000080013ABC] -> 0x0513
mem[X,0x0000000080013ABE] -> 0x0010
[2136] [M]: 0x0000000080013ABC (0x00100513) addi a0, zero, 0x1
x10 <- 0x0000000000000001
mem[X,0x0000000080013AC0] -> 0x1513
mem[X,0x0000000080013AC2] -> 0x0245
[2137] [M]: 0x0000000080013AC0 (0x02451513) slli a0, a0, 0x24
x10 <- 0x0000001000000000
mem[X,0x0000000080013AC4] -> 0x4513
mem[X,0x0000000080013AC6] -> 0xFFF5
[2138] [M]: 0x0000000080013AC4 (0xFFF54513) xori a0, a0, -0x1
x10 <- 0xFFFFFFEFFFFFFFFF
mem[X,0x0000000080013AC8] -> 0x0593
mem[X,0x0000000080013ACA] -> 0x0010
[2139] [M]: 0x0000000080013AC8 (0x00100593) addi a1, zero, 0x1
x11 <- 0x0000000000000001
mem[X,0x0000000080013ACC] -> 0x9593
mem[X,0x0000000080013ACE] -> 0x0235
[2140] [M]: 0x0000000080013ACC (0x02359593) slli a1, a1, 0x23
x11 <- 0x0000000800000000
mem[X,0x0000000080013AD0] -> 0x0113
mem[X,0x0000000080013AD2] -> 0x0000
[2141] [M]: 0x0000000080013AD0 (0x00000113) addi sp, zero, 0x0
x2 <- 0x0000000000000000
mem[X,0x0000000080013AD4] -> 0x006F
mem[X,0x0000000080013AD6] -> 0x00C0
[2142] [M]: 0x0000000080013AD4 (0x00C0006F) jal zero, 0xc
mem[X,0x0000000080013AE0] -> 0x1663
mem[X,0x0000000080013AE2] -> 0x00B5
[2143] [M]: 0x0000000080013AE0 (0x00B51663) bne a0, a1, 0xc
mem[X,0x0000000080013AEC] -> 0x0113
mem[X,0x0000000080013AEE] -> 0x0031
[2144] [M]: 0x0000000080013AEC (0x00310113) addi sp, sp, 0x3
x2 <- 0x0000000000000003
mem[X,0x0000000080013AF0] -> 0x006F
mem[X,0x0000000080013AF2] -> 0x0040
[2145] [M]: 0x0000000080013AF0 (0x0040006F) jal zero, 0x4
mem[X,0x0000000080013AF4] -> 0xB023
mem[X,0x0000000080013AF6] -> 0x4E20
[2146] [M]: 0x0000000080013AF4 (0x4E20B023) sd sp, 0x4e0(ra)
mem[0x00000000800456B8] <- 0x0000000000000003
mem[X,0x0000000080013AF8] -> 0x0513
mem[X,0x0000000080013AFA] -> 0x0010
[2147] [M]: 0x0000000080013AF8 (0x00100513) addi a0, zero, 0x1
x10 <- 0x0000000000000001
mem[X,0x0000000080013AFC] -> 0x1513
mem[X,0x0000000080013AFE] -> 0x0255
[2148] [M]: 0x0000000080013AFC (0x02551513) slli a0, a0, 0x25
x10 <- 0x0000002000000000
mem[X,0x0000000080013B00] -> 0x4513
mem[X,0x0000000080013B02] -> 0xFFF5
[2149] [M]: 0x0000000080013B00 (0xFFF54513) xori a0, a0, -0x1
x10 <- 0xFFFFFFDFFFFFFFFF
mem[X,0x0000000080013B04] -> 0x0593
mem[X,0x0000000080013B06] -> 0x0010
[2150] [M]: 0x0000000080013B04 (0x00100593) addi a1, zero, 0x1
x11 <- 0x0000000000000001
mem[X,0x0000000080013B08] -> 0x9593
mem[X,0x0000000080013B0A] -> 0x00D5
[2151] [M]: 0x0000000080013B08 (0x00D59593) slli a1, a1, 0xd
x11 <- 0x0000000000002000
mem[X,0x0000000080013B0C] -> 0x0113
mem[X,0x0000000080013B0E] -> 0x0000
[2152] [M]: 0x0000000080013B0C (0x00000113) addi sp, zero, 0x0
x2 <- 0x0000000000000000
mem[X,0x0000000080013B10] -> 0x006F
mem[X,0x0000000080013B12] -> 0x00C0
[2153] [M]: 0x0000000080013B10 (0x00C0006F) jal zero, 0xc
mem[X,0x0000000080013B1C] -> 0x1663
mem[X,0x0000000080013B1E] -> 0x00B5
[2154] [M]: 0x0000000080013B1C (0x00B51663) bne a0, a1, 0xc
mem[X,0x0000000080013B28] -> 0x0113
mem[X,0x0000000080013B2A] -> 0x0031
[2155] [M]: 0x0000000080013B28 (0x00310113) addi sp, sp, 0x3
x2 <- 0x0000000000000003
mem[X,0x0000000080013B2C] -> 0x006F
mem[X,0x0000000080013B2E] -> 0x0040
[2156] [M]: 0x0000000080013B2C (0x0040006F) jal zero, 0x4
mem[X,0x0000000080013B30] -> 0xB423
mem[X,0x0000000080013B32] -> 0x4E20
[2157] [M]: 0x0000000080013B30 (0x4E20B423) sd sp, 0x4e8(ra)
mem[0x00000000800456C0] <- 0x0000000000000003
mem[X,0x0000000080013B34] -> 0x0513
mem[X,0x0000000080013B36] -> 0x0010
[2158] [M]: 0x0000000080013B34 (0x00100513) addi a0, zero, 0x1
x10 <- 0x0000000000000001
mem[X,0x0000000080013B38] -> 0x1513
mem[X,0x0000000080013B3A] -> 0x0285
[2159] [M]: 0x0000000080013B38 (0x02851513) slli a0, a0, 0x28
x10 <- 0x0000010000000000
mem[X,0x0000000080013B3C] -> 0x4513
mem[X,0x0000000080013B3E] -> 0xFFF5
[2160] [M]: 0x0000000080013B3C (0xFFF54513) xori a0, a0, -0x1
x10 <- 0xFFFFFEFFFFFFFFFF
mem[X,0x0000000080013B40] -> 0x0593
mem[X,0x0000000080013B42] -> 0xFFC0
[2161] [M]: 0x0000000080013B40 (0xFFC00593) addi a1, zero, -0x4
x11 <- 0xFFFFFFFFFFFFFFFC
mem[X,0x0000000080013B44] -> 0x0113
mem[X,0x0000000080013B46] -> 0x0000
[2162] [M]: 0x0000000080013B44 (0x00000113) addi sp, zero, 0x0
x2 <- 0x0000000000000000
mem[X,0x0000000080013B48] -> 0x006F
mem[X,0x0000000080013B4A] -> 0x00C0
[2163] [M]: 0x0000000080013B48 (0x00C0006F) jal zero, 0xc
mem[X,0x0000000080013B54] -> 0x1863
mem[X,0x0000000080013B56] -> 0x00B5
[2164] [M]: 0x0000000080013B54 (0x00B51863) bne a0, a1, 0x10
mem[X,0x0000000080013B64] -> 0x0113
mem[X,0x0000000080013B66] -> 0x0031
[2165] [M]: 0x0000000080013B64 (0x00310113) addi sp, sp, 0x3
x2 <- 0x0000000000000003
mem[X,0x0000000080013B68] -> 0x006F
mem[X,0x0000000080013B6A] -> 0x0040
[2166] [M]: 0x0000000080013B68 (0x0040006F) jal zero, 0x4
mem[X,0x0000000080013B6C] -> 0xB823
mem[X,0x0000000080013B6E] -> 0x4E20
[2167] [M]: 0x0000000080013B6C (0x4E20B823) sd sp, 0x4f0(ra)
mem[0x00000000800456C8] <- 0x0000000000000003
mem[X,0x0000000080013B70] -> 0x0513
mem[X,0x0000000080013B72] -> 0x0010
[2168] [M]: 0x0000000080013B70 (0x00100513) addi a0, zero, 0x1
x10 <- 0x0000000000000001
mem[X,0x0000000080013B74] -> 0x1513
mem[X,0x0000000080013B76] -> 0x02A5
[2169] [M]: 0x0000000080013B74 (0x02A51513) slli a0, a0, 0x2a
x10 <- 0x0000040000000000
mem[X,0x0000000080013B78] -> 0x4513
mem[X,0x0000000080013B7A] -> 0xFFF5
[2170] [M]: 0x0000000080013B78 (0xFFF54513) xori a0, a0, -0x1
x10 <- 0xFFFFFBFFFFFFFFFF
mem[X,0x0000000080013B7C] -> 0x0593
mem[X,0x0000000080013B7E] -> 0x0010
[2171] [M]: 0x0000000080013B7C (0x00100593) addi a1, zero, 0x1
x11 <- 0x0000000000000001
mem[X,0x0000000080013B80] -> 0x9593
mem[X,0x0000000080013B82] -> 0x0275
[2172] [M]: 0x0000000080013B80 (0x02759593) slli a1, a1, 0x27
x11 <- 0x0000008000000000
mem[X,0x0000000080013B84] -> 0x0113
mem[X,0x0000000080013B86] -> 0x0000
[2173] [M]: 0x0000000080013B84 (0x00000113) addi sp, zero, 0x0
x2 <- 0x0000000000000000
mem[X,0x0000000080013B88] -> 0x006F
mem[X,0x0000000080013B8A] -> 0x00C0
[2174] [M]: 0x0000000080013B88 (0x00C0006F) jal zero, 0xc
mem[X,0x0000000080013B94] -> 0x1CE3
mem[X,0x0000000080013B96] -> 0xFEB5
[2175] [M]: 0x0000000080013B94 (0xFEB51CE3) bne a0, a1, -0x8
mem[X,0x0000000080013B8C] -> 0x0113
mem[X,0x0000000080013B8E] -> 0x0011
[2176] [M]: 0x0000000080013B8C (0x00110113) addi sp, sp, 0x1
x2 <- 0x0000000000000001
mem[X,0x0000000080013B90] -> 0x006F
mem[X,0x0000000080013B92] -> 0x0180
[2177] [M]: 0x0000000080013B90 (0x0180006F) jal zero, 0x18
mem[X,0x0000000080013BA8] -> 0xBC23
mem[X,0x0000000080013BAA] -> 0x4E20
[2178] [M]: 0x0000000080013BA8 (0x4E20BC23) sd sp, 0x4f8(ra)
mem[0x00000000800456D0] <- 0x0000000000000001
mem[X,0x0000000080013BAC] -> 0x0513
mem[X,0x0000000080013BAE] -> 0x0010
[2179] [M]: 0x0000000080013BAC (0x00100513) addi a0, zero, 0x1
x10 <- 0x0000000000000001
mem[X,0x0000000080013BB0] -> 0x1513
mem[X,0x0000000080013BB2] -> 0x02C5
[2180] [M]: 0x0000000080013BB0 (0x02C51513) slli a0, a0, 0x2c
x10 <- 0x0000100000000000
mem[X,0x0000000080013BB4] -> 0x4513
mem[X,0x0000000080013BB6] -> 0xFFF5
[2181] [M]: 0x0000000080013BB4 (0xFFF54513) xori a0, a0, -0x1
x10 <- 0xFFFFEFFFFFFFFFFF
mem[X,0x0000000080013BB8] -> 0x0593
mem[X,0x0000000080013BBA] -> 0x0010
[2182] [M]: 0x0000000080013BB8 (0x00100593) addi a1, zero, 0x1
x11 <- 0x0000000000000001
mem[X,0x0000000080013BBC] -> 0x9593
mem[X,0x0000000080013BBE] -> 0x0175
[2183] [M]: 0x0000000080013BBC (0x01759593) slli a1, a1, 0x17
x11 <- 0x0000000000800000
mem[X,0x0000000080013BC0] -> 0xC593
mem[X,0x0000000080013BC2] -> 0xFFF5
[2184] [M]: 0x0000000080013BC0 (0xFFF5C593) xori a1, a1, -0x1
x11 <- 0xFFFFFFFFFF7FFFFF
mem[X,0x0000000080013BC4] -> 0x0113
mem[X,0x0000000080013BC6] -> 0x0000
[2185] [M]: 0x0000000080013BC4 (0x00000113) addi sp, zero, 0x0
x2 <- 0x0000000000000000
mem[X,0x0000000080013BC8] -> 0x006F
mem[X,0x0000000080013BCA] -> 0x00C0
[2186] [M]: 0x0000000080013BC8 (0x00C0006F) jal zero, 0xc
mem[X,0x0000000080013BD4] -> 0x1663
mem[X,0x0000000080013BD6] -> 0x00B5
[2187] [M]: 0x0000000080013BD4 (0x00B51663) bne a0, a1, 0xc
mem[X,0x0000000080013BE0] -> 0x0113
mem[X,0x0000000080013BE2] -> 0x0031
[2188] [M]: 0x0000000080013BE0 (0x00310113) addi sp, sp, 0x3
x2 <- 0x0000000000000003
mem[X,0x0000000080013BE4] -> 0x006F
mem[X,0x0000000080013BE6] -> 0x0040
[2189] [M]: 0x0000000080013BE4 (0x0040006F) jal zero, 0x4
mem[X,0x0000000080013BE8] -> 0xB023
mem[X,0x0000000080013BEA] -> 0x5020
[2190] [M]: 0x0000000080013BE8 (0x5020B023) sd sp, 0x500(ra)
mem[0x00000000800456D8] <- 0x0000000000000003
mem[X,0x0000000080013BEC] -> 0x0513
mem[X,0x0000000080013BEE] -> 0x0010
[2191] [M]: 0x0000000080013BEC (0x00100513) addi a0, zero, 0x1
x10 <- 0x0000000000000001
mem[X,0x0000000080013BF0] -> 0x1513
mem[X,0x0000000080013BF2] -> 0x02D5
[2192] [M]: 0x0000000080013BF0 (0x02D51513) slli a0, a0, 0x2d
x10 <- 0x0000200000000000
mem[X,0x0000000080013BF4] -> 0x4513
mem[X,0x0000000080013BF6] -> 0xFFF5
[2193] [M]: 0x0000000080013BF4 (0xFFF54513) xori a0, a0, -0x1
x10 <- 0xFFFFDFFFFFFFFFFF
mem[X,0x0000000080013BF8] -> 0x0593
mem[X,0x0000000080013BFA] -> 0x0010
[2194] [M]: 0x0000000080013BF8 (0x00100593) addi a1, zero, 0x1
x11 <- 0x0000000000000001
mem[X,0x0000000080013BFC] -> 0x9593
mem[X,0x0000000080013BFE] -> 0x0115
[2195] [M]: 0x0000000080013BFC (0x01159593) slli a1, a1, 0x11
x11 <- 0x0000000000020000
mem[X,0x0000000080013C00] -> 0x0113
mem[X,0x0000000080013C02] -> 0x0000
[2196] [M]: 0x0000000080013C00 (0x00000113) addi sp, zero, 0x0
x2 <- 0x0000000000000000
mem[X,0x0000000080013C04] -> 0x006F
mem[X,0x0000000080013C06] -> 0x00C0
[2197] [M]: 0x0000000080013C04 (0x00C0006F) jal zero, 0xc
mem[X,0x0000000080013C10] -> 0x1CE3
mem[X,0x0000000080013C12] -> 0xFEB5
[2198] [M]: 0x0000000080013C10 (0xFEB51CE3) bne a0, a1, -0x8
mem[X,0x0000000080013C08] -> 0x0113
mem[X,0x0000000080013C0A] -> 0x0011
[2199] [M]: 0x0000000080013C08 (0x00110113) addi sp, sp, 0x1
x2 <- 0x0000000000000001
clint::tick mtime <- 0x0000000000000016
 clint timer pending at mtime 0x0000000000000016
htif::tick 0x0000000000000000
mem[X,0x0000000080013C0C] -> 0x006F
mem[X,0x0000000080013C0E] -> 0x0180
[2200] [M]: 0x0000000080013C0C (0x0180006F) jal zero, 0x18
mem[X,0x0000000080013C24] -> 0xB423
mem[X,0x0000000080013C26] -> 0x5020
[2201] [M]: 0x0000000080013C24 (0x5020B423) sd sp, 0x508(ra)
mem[0x00000000800456E0] <- 0x0000000000000001
mem[X,0x0000000080013C28] -> 0x0513
mem[X,0x0000000080013C2A] -> 0x0010
[2202] [M]: 0x0000000080013C28 (0x00100513) addi a0, zero, 0x1
x10 <- 0x0000000000000001
mem[X,0x0000000080013C2C] -> 0x1513
mem[X,0x0000000080013C2E] -> 0x02F5
[2203] [M]: 0x0000000080013C2C (0x02F51513) slli a0, a0, 0x2f
x10 <- 0x0000800000000000
mem[X,0x0000000080013C30] -> 0x4513
mem[X,0x0000000080013C32] -> 0xFFF5
[2204] [M]: 0x0000000080013C30 (0xFFF54513) xori a0, a0, -0x1
x10 <- 0xFFFF7FFFFFFFFFFF
mem[X,0x0000000080013C34] -> 0x0593
mem[X,0x0000000080013C36] -> 0x0010
[2205] [M]: 0x0000000080013C34 (0x00100593) addi a1, zero, 0x1
x11 <- 0x0000000000000001
mem[X,0x0000000080013C38] -> 0x9593
mem[X,0x0000000080013C3A] -> 0x01E5
[2206] [M]: 0x0000000080013C38 (0x01E59593) slli a1, a1, 0x1e
x11 <- 0x0000000040000000
mem[X,0x0000000080013C3C] -> 0xC593
mem[X,0x0000000080013C3E] -> 0xFFF5
[2207] [M]: 0x0000000080013C3C (0xFFF5C593) xori a1, a1, -0x1
x11 <- 0xFFFFFFFFBFFFFFFF
mem[X,0x0000000080013C40] -> 0x0113
mem[X,0x0000000080013C42] -> 0x0000
[2208] [M]: 0x0000000080013C40 (0x00000113) addi sp, zero, 0x0
x2 <- 0x0000000000000000
mem[X,0x0000000080013C44] -> 0x006F
mem[X,0x0000000080013C46] -> 0x00C0
[2209] [M]: 0x0000000080013C44 (0x00C0006F) jal zero, 0xc
mem[X,0x0000000080013C50] -> 0x1063
mem[X,0x0000000080013C52] -> 0x04B5
[2210] [M]: 0x0000000080013C50 (0x04B51063) bne a0, a1, 0x40
mem[X,0x0000000080013C90] -> 0x0113
mem[X,0x0000000080013C92] -> 0x0031
[2211] [M]: 0x0000000080013C90 (0x00310113) addi sp, sp, 0x3
x2 <- 0x0000000000000003
mem[X,0x0000000080013C94] -> 0x006F
mem[X,0x0000000080013C96] -> 0x0040
[2212] [M]: 0x0000000080013C94 (0x0040006F) jal zero, 0x4
mem[X,0x0000000080013C98] -> 0xB823
mem[X,0x0000000080013C9A] -> 0x5020
[2213] [M]: 0x0000000080013C98 (0x5020B823) sd sp, 0x510(ra)
mem[0x00000000800456E8] <- 0x0000000000000003
mem[X,0x0000000080013C9C] -> 0x0513
mem[X,0x0000000080013C9E] -> 0x0010
[2214] [M]: 0x0000000080013C9C (0x00100513) addi a0, zero, 0x1
x10 <- 0x0000000000000001
mem[X,0x0000000080013CA0] -> 0x1513
mem[X,0x0000000080013CA2] -> 0x0305
[2215] [M]: 0x0000000080013CA0 (0x03051513) slli a0, a0, 0x30
x10 <- 0x0001000000000000
mem[X,0x0000000080013CA4] -> 0x4513
mem[X,0x0000000080013CA6] -> 0xFFF5
[2216] [M]: 0x0000000080013CA4 (0xFFF54513) xori a0, a0, -0x1
x10 <- 0xFFFEFFFFFFFFFFFF
mem[X,0x0000000080013CA8] -> 0x0593
mem[X,0x0000000080013CAA] -> 0xFFB0
[2217] [M]: 0x0000000080013CA8 (0xFFB00593) addi a1, zero, -0x5
x11 <- 0xFFFFFFFFFFFFFFFB
mem[X,0x0000000080013CAC] -> 0x0113
mem[X,0x0000000080013CAE] -> 0x0000
[2218] [M]: 0x0000000080013CAC (0x00000113) addi sp, zero, 0x0
x2 <- 0x0000000000000000
mem[X,0x0000000080013CB0] -> 0x006F
mem[X,0x0000000080013CB2] -> 0x00C0
[2219] [M]: 0x0000000080013CB0 (0x00C0006F) jal zero, 0xc
mem[X,0x0000000080013CBC] -> 0x1CE3
mem[X,0x0000000080013CBE] -> 0xFEB5
[2220] [M]: 0x0000000080013CBC (0xFEB51CE3) bne a0, a1, -0x8
mem[X,0x0000000080013CB4] -> 0x0113
mem[X,0x0000000080013CB6] -> 0x0011
[2221] [M]: 0x0000000080013CB4 (0x00110113) addi sp, sp, 0x1
x2 <- 0x0000000000000001
mem[X,0x0000000080013CB8] -> 0x006F
mem[X,0x0000000080013CBA] -> 0x0180
[2222] [M]: 0x0000000080013CB8 (0x0180006F) jal zero, 0x18
mem[X,0x0000000080013CD0] -> 0xBC23
mem[X,0x0000000080013CD2] -> 0x5020
[2223] [M]: 0x0000000080013CD0 (0x5020BC23) sd sp, 0x518(ra)
mem[0x00000000800456F0] <- 0x0000000000000001
mem[X,0x0000000080013CD4] -> 0x0513
mem[X,0x0000000080013CD6] -> 0x0010
[2224] [M]: 0x0000000080013CD4 (0x00100513) addi a0, zero, 0x1
x10 <- 0x0000000000000001
mem[X,0x0000000080013CD8] -> 0x1513
mem[X,0x0000000080013CDA] -> 0x0315
[2225] [M]: 0x0000000080013CD8 (0x03151513) slli a0, a0, 0x31
x10 <- 0x0002000000000000
mem[X,0x0000000080013CDC] -> 0x4513
mem[X,0x0000000080013CDE] -> 0xFFF5
[2226] [M]: 0x0000000080013CDC (0xFFF54513) xori a0, a0, -0x1
x10 <- 0xFFFDFFFFFFFFFFFF
mem[X,0x0000000080013CE0] -> 0x0593
mem[X,0x0000000080013CE2] -> 0x0010
[2227] [M]: 0x0000000080013CE0 (0x00100593) addi a1, zero, 0x1
x11 <- 0x0000000000000001
mem[X,0x0000000080013CE4] -> 0x9593
mem[X,0x0000000080013CE6] -> 0x0115
[2228] [M]: 0x0000000080013CE4 (0x01159593) slli a1, a1, 0x11
x11 <- 0x0000000000020000
mem[X,0x0000000080013CE8] -> 0xC593
mem[X,0x0000000080013CEA] -> 0xFFF5
[2229] [M]: 0x0000000080013CE8 (0xFFF5C593) xori a1, a1, -0x1
x11 <- 0xFFFFFFFFFFFDFFFF
mem[X,0x0000000080013CEC] -> 0x0113
mem[X,0x0000000080013CEE] -> 0x0000
[2230] [M]: 0x0000000080013CEC (0x00000113) addi sp, zero, 0x0
x2 <- 0x0000000000000000
mem[X,0x0000000080013CF0] -> 0x006F
mem[X,0x0000000080013CF2] -> 0x00C0
[2231] [M]: 0x0000000080013CF0 (0x00C0006F) jal zero, 0xc
mem[X,0x0000000080013CFC] -> 0x1063
mem[X,0x0000000080013CFE] -> 0x40B5
[2232] [M]: 0x0000000080013CFC (0x40B51063) bne a0, a1, 0x400
mem[X,0x00000000800140FC] -> 0x0113
mem[X,0x00000000800140FE] -> 0x0031
[2233] [M]: 0x00000000800140FC (0x00310113) addi sp, sp, 0x3
x2 <- 0x0000000000000003
mem[X,0x0000000080014100] -> 0x006F
mem[X,0x0000000080014102] -> 0x0040
[2234] [M]: 0x0000000080014100 (0x0040006F) jal zero, 0x4
mem[X,0x0000000080014104] -> 0xB023
mem[X,0x0000000080014106] -> 0x5220
[2235] [M]: 0x0000000080014104 (0x5220B023) sd sp, 0x520(ra)
mem[0x00000000800456F8] <- 0x0000000000000003
mem[X,0x0000000080014108] -> 0x0513
mem[X,0x000000008001410A] -> 0x0010
[2236] [M]: 0x0000000080014108 (0x00100513) addi a0, zero, 0x1
x10 <- 0x0000000000000001
mem[X,0x000000008001410C] -> 0x1513
mem[X,0x000000008001410E] -> 0x0345
[2237] [M]: 0x000000008001410C (0x03451513) slli a0, a0, 0x34
x10 <- 0x0010000000000000
mem[X,0x0000000080014110] -> 0x4513
mem[X,0x0000000080014112] -> 0xFFF5
[2238] [M]: 0x0000000080014110 (0xFFF54513) xori a0, a0, -0x1
x10 <- 0xFFEFFFFFFFFFFFFF
mem[X,0x0000000080014114] -> 0x0593
mem[X,0x0000000080014116] -> 0x0010
[2239] [M]: 0x0000000080014114 (0x00100593) addi a1, zero, 0x1
x11 <- 0x0000000000000001
mem[X,0x0000000080014118] -> 0x9593
mem[X,0x000000008001411A] -> 0x00E5
[2240] [M]: 0x0000000080014118 (0x00E59593) slli a1, a1, 0xe
x11 <- 0x0000000000004000
mem[X,0x000000008001411C] -> 0x0113
mem[X,0x000000008001411E] -> 0x0000
[2241] [M]: 0x000000008001411C (0x00000113) addi sp, zero, 0x0
x2 <- 0x0000000000000000
mem[X,0x0000000080014120] -> 0x006F
mem[X,0x0000000080014122] -> 0x0180
[2242] [M]: 0x0000000080014120 (0x0180006F) jal zero, 0x18
mem[X,0x0000000080014138] -> 0x16E3
mem[X,0x000000008001413A] -> 0xFEB5
[2243] [M]: 0x0000000080014138 (0xFEB516E3) bne a0, a1, -0x14
mem[X,0x0000000080014124] -> 0x0113
mem[X,0x0000000080014126] -> 0x0011
[2244] [M]: 0x0000000080014124 (0x00110113) addi sp, sp, 0x1
x2 <- 0x0000000000000001
mem[X,0x0000000080014128] -> 0x006F
mem[X,0x000000008001412A] -> 0x0240
[2245] [M]: 0x0000000080014128 (0x0240006F) jal zero, 0x24
mem[X,0x000000008001414C] -> 0xB423
mem[X,0x000000008001414E] -> 0x5220
[2246] [M]: 0x000000008001414C (0x5220B423) sd sp, 0x528(ra)
mem[0x0000000080045700] <- 0x0000000000000001
mem[X,0x0000000080014150] -> 0x0513
mem[X,0x0000000080014152] -> 0x0010
[2247] [M]: 0x0000000080014150 (0x00100513) addi a0, zero, 0x1
x10 <- 0x0000000000000001
mem[X,0x0000000080014154] -> 0x1513
mem[X,0x0000000080014156] -> 0x0365
[2248] [M]: 0x0000000080014154 (0x03651513) slli a0, a0, 0x36
x10 <- 0x0040000000000000
mem[X,0x0000000080014158] -> 0x4513
mem[X,0x000000008001415A] -> 0xFFF5
[2249] [M]: 0x0000000080014158 (0xFFF54513) xori a0, a0, -0x1
x10 <- 0xFFBFFFFFFFFFFFFF
mem[X,0x000000008001415C] -> 0x0593
mem[X,0x000000008001415E] -> 0x0010
[2250] [M]: 0x000000008001415C (0x00100593) addi a1, zero, 0x1
x11 <- 0x0000000000000001
mem[X,0x0000000080014160] -> 0x9593
mem[X,0x0000000080014162] -> 0x0345
[2251] [M]: 0x0000000080014160 (0x03459593) slli a1, a1, 0x34
x11 <- 0x0010000000000000
mem[X,0x0000000080014164] -> 0xC593
mem[X,0x0000000080014166] -> 0xFFF5
[2252] [M]: 0x0000000080014164 (0xFFF5C593) xori a1, a1, -0x1
x11 <- 0xFFEFFFFFFFFFFFFF
mem[X,0x0000000080014168] -> 0x0113
mem[X,0x000000008001416A] -> 0x0000
[2253] [M]: 0x0000000080014168 (0x00000113) addi sp, zero, 0x0
x2 <- 0x0000000000000000
mem[X,0x000000008001416C] -> 0x006F
mem[X,0x000000008001416E] -> 0x00C0
[2254] [M]: 0x000000008001416C (0x00C0006F) jal zero, 0xc
mem[X,0x0000000080014178] -> 0x1663
mem[X,0x000000008001417A] -> 0x00B5
[2255] [M]: 0x0000000080014178 (0x00B51663) bne a0, a1, 0xc
mem[X,0x0000000080014184] -> 0x0113
mem[X,0x0000000080014186] -> 0x0031
[2256] [M]: 0x0000000080014184 (0x00310113) addi sp, sp, 0x3
x2 <- 0x0000000000000003
mem[X,0x0000000080014188] -> 0x006F
mem[X,0x000000008001418A] -> 0x0040
[2257] [M]: 0x0000000080014188 (0x0040006F) jal zero, 0x4
mem[X,0x000000008001418C] -> 0xB823
mem[X,0x000000008001418E] -> 0x5220
[2258] [M]: 0x000000008001418C (0x5220B823) sd sp, 0x530(ra)
mem[0x0000000080045708] <- 0x0000000000000003
mem[X,0x0000000080014190] -> 0x0513
mem[X,0x0000000080014192] -> 0x0010
[2259] [M]: 0x0000000080014190 (0x00100513) addi a0, zero, 0x1
x10 <- 0x0000000000000001
mem[X,0x0000000080014194] -> 0x1513
mem[X,0x0000000080014196] -> 0x0395
[2260] [M]: 0x0000000080014194 (0x03951513) slli a0, a0, 0x39
x10 <- 0x0200000000000000
mem[X,0x0000000080014198] -> 0x4513
mem[X,0x000000008001419A] -> 0xFFF5
[2261] [M]: 0x0000000080014198 (0xFFF54513) xori a0, a0, -0x1
x10 <- 0xFDFFFFFFFFFFFFFF
mem[X,0x000000008001419C] -> 0x0593
mem[X,0x000000008001419E] -> 0xFBF0
[2262] [M]: 0x000000008001419C (0xFBF00593) addi a1, zero, -0x41
x11 <- 0xFFFFFFFFFFFFFFBF
mem[X,0x00000000800141A0] -> 0x0113
mem[X,0x00000000800141A2] -> 0x0000
[2263] [M]: 0x00000000800141A0 (0x00000113) addi sp, zero, 0x0
x2 <- 0x0000000000000000
mem[X,0x00000000800141A4] -> 0x006F
mem[X,0x00000000800141A6] -> 0x00C0
[2264] [M]: 0x00000000800141A4 (0x00C0006F) jal zero, 0xc
mem[X,0x00000000800141B0] -> 0x1663
mem[X,0x00000000800141B2] -> 0x00B5
[2265] [M]: 0x00000000800141B0 (0x00B51663) bne a0, a1, 0xc
mem[X,0x00000000800141BC] -> 0x0113
mem[X,0x00000000800141BE] -> 0x0031
[2266] [M]: 0x00000000800141BC (0x00310113) addi sp, sp, 0x3
x2 <- 0x0000000000000003
mem[X,0x00000000800141C0] -> 0x006F
mem[X,0x00000000800141C2] -> 0x0040
[2267] [M]: 0x00000000800141C0 (0x0040006F) jal zero, 0x4
mem[X,0x00000000800141C4] -> 0xBC23
mem[X,0x00000000800141C6] -> 0x5220
[2268] [M]: 0x00000000800141C4 (0x5220BC23) sd sp, 0x538(ra)
mem[0x0000000080045710] <- 0x0000000000000003
mem[X,0x00000000800141C8] -> 0x0513
mem[X,0x00000000800141CA] -> 0x0010
[2269] [M]: 0x00000000800141C8 (0x00100513) addi a0, zero, 0x1
x10 <- 0x0000000000000001
mem[X,0x00000000800141CC] -> 0x1513
mem[X,0x00000000800141CE] -> 0x03A5
[2270] [M]: 0x00000000800141CC (0x03A51513) slli a0, a0, 0x3a
x10 <- 0x0400000000000000
mem[X,0x00000000800141D0] -> 0x4513
mem[X,0x00000000800141D2] -> 0xFFF5
[2271] [M]: 0x00000000800141D0 (0xFFF54513) xori a0, a0, -0x1
x10 <- 0xFBFFFFFFFFFFFFFF
mem[X,0x00000000800141D4] -> 0x0593
mem[X,0x00000000800141D6] -> 0x0000
[2272] [M]: 0x00000000800141D4 (0x00000593) addi a1, zero, 0x0
x11 <- 0x0000000000000000
mem[X,0x00000000800141D8] -> 0x0113
mem[X,0x00000000800141DA] -> 0x0000
[2273] [M]: 0x00000000800141D8 (0x00000113) addi sp, zero, 0x0
x2 <- 0x0000000000000000
mem[X,0x00000000800141DC] -> 0x006F
mem[X,0x00000000800141DE] -> 0x00C0
[2274] [M]: 0x00000000800141DC (0x00C0006F) jal zero, 0xc
mem[X,0x00000000800141E8] -> 0x1063
mem[X,0x00000000800141EA] -> 0x02B5
[2275] [M]: 0x00000000800141E8 (0x02B51063) bne a0, a1, 0x20
mem[X,0x0000000080014208] -> 0x0113
mem[X,0x000000008001420A] -> 0x0031
[2276] [M]: 0x0000000080014208 (0x00310113) addi sp, sp, 0x3
x2 <- 0x0000000000000003
mem[X,0x000000008001420C] -> 0x006F
mem[X,0x000000008001420E] -> 0x0040
[2277] [M]: 0x000000008001420C (0x0040006F) jal zero, 0x4
mem[X,0x0000000080014210] -> 0xB023
mem[X,0x0000000080014212] -> 0x5420
[2278] [M]: 0x0000000080014210 (0x5420B023) sd sp, 0x540(ra)
mem[0x0000000080045718] <- 0x0000000000000003
mem[X,0x0000000080014214] -> 0x0513
mem[X,0x0000000080014216] -> 0x0010
[2279] [M]: 0x0000000080014214 (0x00100513) addi a0, zero, 0x1
x10 <- 0x0000000000000001
mem[X,0x0000000080014218] -> 0x1513
mem[X,0x000000008001421A] -> 0x03B5
[2280] [M]: 0x0000000080014218 (0x03B51513) slli a0, a0, 0x3b
x10 <- 0x0800000000000000
mem[X,0x000000008001421C] -> 0x4513
mem[X,0x000000008001421E] -> 0xFFF5
[2281] [M]: 0x000000008001421C (0xFFF54513) xori a0, a0, -0x1
x10 <- 0xF7FFFFFFFFFFFFFF
mem[X,0x0000000080014220] -> 0x0593
mem[X,0x0000000080014222] -> 0x0010
[2282] [M]: 0x0000000080014220 (0x00100593) addi a1, zero, 0x1
x11 <- 0x0000000000000001
mem[X,0x0000000080014224] -> 0x9593
mem[X,0x0000000080014226] -> 0x0105
[2283] [M]: 0x0000000080014224 (0x01059593) slli a1, a1, 0x10
x11 <- 0x0000000000010000
mem[X,0x0000000080014228] -> 0x0113
mem[X,0x000000008001422A] -> 0x0000
[2284] [M]: 0x0000000080014228 (0x00000113) addi sp, zero, 0x0
x2 <- 0x0000000000000000
mem[X,0x000000008001422C] -> 0x006F
mem[X,0x000000008001422E] -> 0x00C0
[2285] [M]: 0x000000008001422C (0x00C0006F) jal zero, 0xc
mem[X,0x0000000080014238] -> 0x1663
mem[X,0x000000008001423A] -> 0x00B5
[2286] [M]: 0x0000000080014238 (0x00B51663) bne a0, a1, 0xc
mem[X,0x0000000080014244] -> 0x0113
mem[X,0x0000000080014246] -> 0x0031
[2287] [M]: 0x0000000080014244 (0x00310113) addi sp, sp, 0x3
x2 <- 0x0000000000000003
mem[X,0x0000000080014248] -> 0x006F
mem[X,0x000000008001424A] -> 0x0040
[2288] [M]: 0x0000000080014248 (0x0040006F) jal zero, 0x4
mem[X,0x000000008001424C] -> 0xB423
mem[X,0x000000008001424E] -> 0x5420
[2289] [M]: 0x000000008001424C (0x5420B423) sd sp, 0x548(ra)
mem[0x0000000080045720] <- 0x0000000000000003
mem[X,0x0000000080014250] -> 0x0513
mem[X,0x0000000080014252] -> 0x0030
[2290] [M]: 0x0000000080014250 (0x00300513) addi a0, zero, 0x3
x10 <- 0x0000000000000003
mem[X,0x0000000080014254] -> 0x0593
mem[X,0x0000000080014256] -> 0x0030
[2291] [M]: 0x0000000080014254 (0x00300593) addi a1, zero, 0x3
x11 <- 0x0000000000000003
mem[X,0x0000000080014258] -> 0x0113
mem[X,0x000000008001425A] -> 0x0000
[2292] [M]: 0x0000000080014258 (0x00000113) addi sp, zero, 0x0
x2 <- 0x0000000000000000
mem[X,0x000000008001425C] -> 0x006F
mem[X,0x000000008001425E] -> 0x00C0
[2293] [M]: 0x000000008001425C (0x00C0006F) jal zero, 0xc
mem[X,0x0000000080014268] -> 0x1063
mem[X,0x000000008001426A] -> 0x04B5
[2294] [M]: 0x0000000080014268 (0x04B51063) bne a0, a1, 0x40
mem[X,0x000000008001426C] -> 0x0113
mem[X,0x000000008001426E] -> 0x0021
[2295] [M]: 0x000000008001426C (0x00210113) addi sp, sp, 0x2
x2 <- 0x0000000000000002
mem[X,0x0000000080014270] -> 0x006F
mem[X,0x0000000080014272] -> 0x0400
[2296] [M]: 0x0000000080014270 (0x0400006F) jal zero, 0x40
mem[X,0x00000000800142B0] -> 0xB823
mem[X,0x00000000800142B2] -> 0x5420
[2297] [M]: 0x00000000800142B0 (0x5420B823) sd sp, 0x550(ra)
mem[0x0000000080045728] <- 0x0000000000000002
mem[X,0x00000000800142B4] -> 0x0513
mem[X,0x00000000800142B6] -> 0x0030
[2298] [M]: 0x00000000800142B4 (0x00300513) addi a0, zero, 0x3
x10 <- 0x0000000000000003
mem[X,0x00000000800142B8] -> 0x55B7
mem[X,0x00000000800142BA] -> 0x5555
[2299] [M]: 0x00000000800142B8 (0x555555B7) lui a1, 0x55555
x11 <- 0x0000000055555000
clint::tick mtime <- 0x0000000000000017
 clint timer pending at mtime 0x0000000000000017
htif::tick 0x0000000000000000
mem[X,0x00000000800142BC] -> 0x8593
mem[X,0x00000000800142BE] -> 0x5555
[2300] [M]: 0x00000000800142BC (0x55558593) addi a1, a1, 0x555
x11 <- 0x0000000055555555
mem[X,0x00000000800142C0] -> 0x9593
mem[X,0x00000000800142C2] -> 0x00B5
[2301] [M]: 0x00000000800142C0 (0x00B59593) slli a1, a1, 0xb
x11 <- 0x000002AAAAAAA800
mem[X,0x00000000800142C4] -> 0x8593
mem[X,0x00000000800142C6] -> 0x2AA5
[2302] [M]: 0x00000000800142C4 (0x2AA58593) addi a1, a1, 0x2aa
x11 <- 0x000002AAAAAAAAAA
mem[X,0x00000000800142C8] -> 0x9593
mem[X,0x00000000800142CA] -> 0x00B5
[2303] [M]: 0x00000000800142C8 (0x00B59593) slli a1, a1, 0xb
x11 <- 0x0015555555555000
mem[X,0x00000000800142CC] -> 0x8593
mem[X,0x00000000800142CE] -> 0x5555
[2304] [M]: 0x00000000800142CC (0x55558593) addi a1, a1, 0x555
x11 <- 0x0015555555555555
mem[X,0x00000000800142D0] -> 0x9593
mem[X,0x00000000800142D2] -> 0x00A5
[2305] [M]: 0x00000000800142D0 (0x00A59593) slli a1, a1, 0xa
x11 <- 0x5555555555555400
mem[X,0x00000000800142D4] -> 0x8593
mem[X,0x00000000800142D6] -> 0x1555
[2306] [M]: 0x00000000800142D4 (0x15558593) addi a1, a1, 0x155
x11 <- 0x5555555555555555
mem[X,0x00000000800142D8] -> 0x0113
mem[X,0x00000000800142DA] -> 0x0000
[2307] [M]: 0x00000000800142D8 (0x00000113) addi sp, zero, 0x0
x2 <- 0x0000000000000000
mem[X,0x00000000800142DC] -> 0x006F
mem[X,0x00000000800142DE] -> 0x00C0
[2308] [M]: 0x00000000800142DC (0x00C0006F) jal zero, 0xc
mem[X,0x00000000800142E8] -> 0x1863
mem[X,0x00000000800142EA] -> 0x00B5
[2309] [M]: 0x00000000800142E8 (0x00B51863) bne a0, a1, 0x10
mem[X,0x00000000800142F8] -> 0x0113
mem[X,0x00000000800142FA] -> 0x0031
[2310] [M]: 0x00000000800142F8 (0x00310113) addi sp, sp, 0x3
x2 <- 0x0000000000000003
mem[X,0x00000000800142FC] -> 0x006F
mem[X,0x00000000800142FE] -> 0x0040
[2311] [M]: 0x00000000800142FC (0x0040006F) jal zero, 0x4
mem[X,0x0000000080014300] -> 0xBC23
mem[X,0x0000000080014302] -> 0x5420
[2312] [M]: 0x0000000080014300 (0x5420BC23) sd sp, 0x558(ra)
mem[0x0000000080045730] <- 0x0000000000000003
mem[X,0x0000000080014304] -> 0x0513
mem[X,0x0000000080014306] -> 0x0030
[2313] [M]: 0x0000000080014304 (0x00300513) addi a0, zero, 0x3
x10 <- 0x0000000000000003
mem[X,0x0000000080014308] -> 0xB5B7
mem[X,0x000000008001430A] -> 0xAAAA
[2314] [M]: 0x0000000080014308 (0xAAAAB5B7) lui a1, -0x55555
x11 <- 0xFFFFFFFFAAAAB000
mem[X,0x000000008001430C] -> 0x8593
mem[X,0x000000008001430E] -> 0xAAA5
[2315] [M]: 0x000000008001430C (0xAAA58593) addi a1, a1, -0x556
x11 <- 0xFFFFFFFFAAAAAAAA
mem[X,0x0000000080014310] -> 0x9593
mem[X,0x0000000080014312] -> 0x00B5
[2316] [M]: 0x0000000080014310 (0x00B59593) slli a1, a1, 0xb
x11 <- 0xFFFFFD5555555000
mem[X,0x0000000080014314] -> 0x8593
mem[X,0x0000000080014316] -> 0x5555
[2317] [M]: 0x0000000080014314 (0x55558593) addi a1, a1, 0x555
x11 <- 0xFFFFFD5555555555
mem[X,0x0000000080014318] -> 0x9593
mem[X,0x000000008001431A] -> 0x00B5
[2318] [M]: 0x0000000080014318 (0x00B59593) slli a1, a1, 0xb
x11 <- 0xFFEAAAAAAAAAA800
mem[X,0x000000008001431C] -> 0x8593
mem[X,0x000000008001431E] -> 0x2AA5
[2319] [M]: 0x000000008001431C (0x2AA58593) addi a1, a1, 0x2aa
x11 <- 0xFFEAAAAAAAAAAAAA
mem[X,0x0000000080014320] -> 0x9593
mem[X,0x0000000080014322] -> 0x00A5
[2320] [M]: 0x0000000080014320 (0x00A59593) slli a1, a1, 0xa
x11 <- 0xAAAAAAAAAAAAA800
mem[X,0x0000000080014324] -> 0x8593
mem[X,0x0000000080014326] -> 0x2AA5
[2321] [M]: 0x0000000080014324 (0x2AA58593) addi a1, a1, 0x2aa
x11 <- 0xAAAAAAAAAAAAAAAA
mem[X,0x0000000080014328] -> 0x0113
mem[X,0x000000008001432A] -> 0x0000
[2322] [M]: 0x0000000080014328 (0x00000113) addi sp, zero, 0x0
x2 <- 0x0000000000000000
mem[X,0x000000008001432C] -> 0x006F
mem[X,0x000000008001432E] -> 0x00C0
[2323] [M]: 0x000000008001432C (0x00C0006F) jal zero, 0xc
mem[X,0x0000000080014338] -> 0x1863
mem[X,0x000000008001433A] -> 0x00B5
[2324] [M]: 0x0000000080014338 (0x00B51863) bne a0, a1, 0x10
mem[X,0x0000000080014348] -> 0x0113
mem[X,0x000000008001434A] -> 0x0031
[2325] [M]: 0x0000000080014348 (0x00310113) addi sp, sp, 0x3
x2 <- 0x0000000000000003
mem[X,0x000000008001434C] -> 0x006F
mem[X,0x000000008001434E] -> 0x0040
[2326] [M]: 0x000000008001434C (0x0040006F) jal zero, 0x4
mem[X,0x0000000080014350] -> 0xB023
mem[X,0x0000000080014352] -> 0x5620
[2327] [M]: 0x0000000080014350 (0x5620B023) sd sp, 0x560(ra)
mem[0x0000000080045738] <- 0x0000000000000003
mem[X,0x0000000080014354] -> 0x0513
mem[X,0x0000000080014356] -> 0x0030
[2328] [M]: 0x0000000080014354 (0x00300513) addi a0, zero, 0x3
x10 <- 0x0000000000000003
mem[X,0x0000000080014358] -> 0x0593
mem[X,0x000000008001435A] -> 0x0050
[2329] [M]: 0x0000000080014358 (0x00500593) addi a1, zero, 0x5
x11 <- 0x0000000000000005
mem[X,0x000000008001435C] -> 0x0113
mem[X,0x000000008001435E] -> 0x0000
[2330] [M]: 0x000000008001435C (0x00000113) addi sp, zero, 0x0
x2 <- 0x0000000000000000
mem[X,0x0000000080014360] -> 0x006F
mem[X,0x0000000080014362] -> 0x00C0
[2331] [M]: 0x0000000080014360 (0x00C0006F) jal zero, 0xc
mem[X,0x000000008001436C] -> 0x1063
mem[X,0x000000008001436E] -> 0x20B5
[2332] [M]: 0x000000008001436C (0x20B51063) bne a0, a1, 0x200
mem[X,0x000000008001456C] -> 0x0113
mem[X,0x000000008001456E] -> 0x0031
[2333] [M]: 0x000000008001456C (0x00310113) addi sp, sp, 0x3
x2 <- 0x0000000000000003
mem[X,0x0000000080014570] -> 0x006F
mem[X,0x0000000080014572] -> 0x0040
[2334] [M]: 0x0000000080014570 (0x0040006F) jal zero, 0x4
mem[X,0x0000000080014574] -> 0xB423
mem[X,0x0000000080014576] -> 0x5620
[2335] [M]: 0x0000000080014574 (0x5620B423) sd sp, 0x568(ra)
mem[0x0000000080045740] <- 0x0000000000000003
mem[X,0x0000000080014578] -> 0x0513
mem[X,0x000000008001457A] -> 0x0030
[2336] [M]: 0x0000000080014578 (0x00300513) addi a0, zero, 0x3
x10 <- 0x0000000000000003
mem[X,0x000000008001457C] -> 0x35B7
mem[X,0x000000008001457E] -> 0x3333
[2337] [M]: 0x000000008001457C (0x333335B7) lui a1, 0x33333
x11 <- 0x0000000033333000
mem[X,0x0000000080014580] -> 0x8593
mem[X,0x0000000080014582] -> 0x3335
[2338] [M]: 0x0000000080014580 (0x33358593) addi a1, a1, 0x333
x11 <- 0x0000000033333333
mem[X,0x0000000080014584] -> 0x9593
mem[X,0x0000000080014586] -> 0x00B5
[2339] [M]: 0x0000000080014584 (0x00B59593) slli a1, a1, 0xb
x11 <- 0x0000019999999800
mem[X,0x0000000080014588] -> 0x8593
mem[X,0x000000008001458A] -> 0x1995
[2340] [M]: 0x0000000080014588 (0x19958593) addi a1, a1, 0x199
x11 <- 0x0000019999999999
mem[X,0x000000008001458C] -> 0x9593
mem[X,0x000000008001458E] -> 0x00B5
[2341] [M]: 0x000000008001458C (0x00B59593) slli a1, a1, 0xb
x11 <- 0x000CCCCCCCCCC800
mem[X,0x0000000080014590] -> 0x8593
mem[X,0x0000000080014592] -> 0x4CC5
[2342] [M]: 0x0000000080014590 (0x4CC58593) addi a1, a1, 0x4cc
x11 <- 0x000CCCCCCCCCCCCC
mem[X,0x0000000080014594] -> 0x9593
mem[X,0x0000000080014596] -> 0x00A5
[2343] [M]: 0x0000000080014594 (0x00A59593) slli a1, a1, 0xa
x11 <- 0x3333333333333000
mem[X,0x0000000080014598] -> 0x8593
mem[X,0x000000008001459A] -> 0x3335
[2344] [M]: 0x0000000080014598 (0x33358593) addi a1, a1, 0x333
x11 <- 0x3333333333333333
mem[X,0x000000008001459C] -> 0x0113
mem[X,0x000000008001459E] -> 0x0000
[2345] [M]: 0x000000008001459C (0x00000113) addi sp, zero, 0x0
x2 <- 0x0000000000000000
mem[X,0x00000000800145A0] -> 0x006F
mem[X,0x00000000800145A2] -> 0x0180
[2346] [M]: 0x00000000800145A0 (0x0180006F) jal zero, 0x18
mem[X,0x00000000800145B8] -> 0x16E3
mem[X,0x00000000800145BA] -> 0xFEB5
[2347] [M]: 0x00000000800145B8 (0xFEB516E3) bne a0, a1, -0x14
mem[X,0x00000000800145A4] -> 0x0113
mem[X,0x00000000800145A6] -> 0x0011
[2348] [M]: 0x00000000800145A4 (0x00110113) addi sp, sp, 0x1
x2 <- 0x0000000000000001
mem[X,0x00000000800145A8] -> 0x006F
mem[X,0x00000000800145AA] -> 0x0240
[2349] [M]: 0x00000000800145A8 (0x0240006F) jal zero, 0x24
mem[X,0x00000000800145CC] -> 0xB823
mem[X,0x00000000800145CE] -> 0x5620
[2350] [M]: 0x00000000800145CC (0x5620B823) sd sp, 0x570(ra)
mem[0x0000000080045748] <- 0x0000000000000001
mem[X,0x00000000800145D0] -> 0x0513
mem[X,0x00000000800145D2] -> 0x0030
[2351] [M]: 0x00000000800145D0 (0x00300513) addi a0, zero, 0x3
x10 <- 0x0000000000000003
mem[X,0x00000000800145D4] -> 0x65B7
mem[X,0x00000000800145D6] -> 0x6666
[2352] [M]: 0x00000000800145D4 (0x666665B7) lui a1, 0x66666
x11 <- 0x0000000066666000
mem[X,0x00000000800145D8] -> 0x8593
mem[X,0x00000000800145DA] -> 0x6665
[2353] [M]: 0x00000000800145D8 (0x66658593) addi a1, a1, 0x666
x11 <- 0x0000000066666666
mem[X,0x00000000800145DC] -> 0x9593
mem[X,0x00000000800145DE] -> 0x00B5
[2354] [M]: 0x00000000800145DC (0x00B59593) slli a1, a1, 0xb
x11 <- 0x0000033333333000
mem[X,0x00000000800145E0] -> 0x8593
mem[X,0x00000000800145E2] -> 0x3335
[2355] [M]: 0x00000000800145E0 (0x33358593) addi a1, a1, 0x333
x11 <- 0x0000033333333333
mem[X,0x00000000800145E4] -> 0x9593
mem[X,0x00000000800145E6] -> 0x00B5
[2356] [M]: 0x00000000800145E4 (0x00B59593) slli a1, a1, 0xb
x11 <- 0x0019999999999800
mem[X,0x00000000800145E8] -> 0x8593
mem[X,0x00000000800145EA] -> 0x1995
[2357] [M]: 0x00000000800145E8 (0x19958593) addi a1, a1, 0x199
x11 <- 0x0019999999999999
mem[X,0x00000000800145EC] -> 0x9593
mem[X,0x00000000800145EE] -> 0x00A5
[2358] [M]: 0x00000000800145EC (0x00A59593) slli a1, a1, 0xa
x11 <- 0x6666666666666400
mem[X,0x00000000800145F0] -> 0x8593
mem[X,0x00000000800145F2] -> 0x2665
[2359] [M]: 0x00000000800145F0 (0x26658593) addi a1, a1, 0x266
x11 <- 0x6666666666666666
mem[X,0x00000000800145F4] -> 0x0113
mem[X,0x00000000800145F6] -> 0x0000
[2360] [M]: 0x00000000800145F4 (0x00000113) addi sp, zero, 0x0
x2 <- 0x0000000000000000
mem[X,0x00000000800145F8] -> 0x006F
mem[X,0x00000000800145FA] -> 0x00C0
[2361] [M]: 0x00000000800145F8 (0x00C0006F) jal zero, 0xc
mem[X,0x0000000080014604] -> 0x1663
mem[X,0x0000000080014606] -> 0x00B5
[2362] [M]: 0x0000000080014604 (0x00B51663) bne a0, a1, 0xc
mem[X,0x0000000080014610] -> 0x0113
mem[X,0x0000000080014612] -> 0x0031
[2363] [M]: 0x0000000080014610 (0x00310113) addi sp, sp, 0x3
x2 <- 0x0000000000000003
mem[X,0x0000000080014614] -> 0x006F
mem[X,0x0000000080014616] -> 0x0040
[2364] [M]: 0x0000000080014614 (0x0040006F) jal zero, 0x4
mem[X,0x0000000080014618] -> 0xBC23
mem[X,0x000000008001461A] -> 0x5620
[2365] [M]: 0x0000000080014618 (0x5620BC23) sd sp, 0x578(ra)
mem[0x0000000080045750] <- 0x0000000000000003
mem[X,0x000000008001461C] -> 0x0513
mem[X,0x000000008001461E] -> 0x0030
[2366] [M]: 0x000000008001461C (0x00300513) addi a0, zero, 0x3
x10 <- 0x0000000000000003
mem[X,0x0000000080014620] -> 0x05B7
mem[X,0x0000000080014622] -> 0x0000
[2367] [M]: 0x0000000080014620 (0x000005B7) lui a1, 0x0
x11 <- 0x0000000000000000
mem[X,0x0000000080014624] -> 0x8593
mem[X,0x0000000080014626] -> 0xFFF5
[2368] [M]: 0x0000000080014624 (0xFFF58593) addi a1, a1, -0x1
x11 <- 0xFFFFFFFFFFFFFFFF
mem[X,0x0000000080014628] -> 0x9593
mem[X,0x000000008001462A] -> 0x00B5
[2369] [M]: 0x0000000080014628 (0x00B59593) slli a1, a1, 0xb
x11 <- 0xFFFFFFFFFFFFF800
mem[X,0x000000008001462C] -> 0x8593
mem[X,0x000000008001462E] -> 0x2575
[2370] [M]: 0x000000008001462C (0x25758593) addi a1, a1, 0x257
x11 <- 0xFFFFFFFFFFFFFA57
mem[X,0x0000000080014630] -> 0x9593
mem[X,0x0000000080014632] -> 0x00B5
[2371] [M]: 0x0000000080014630 (0x00B59593) slli a1, a1, 0xb
x11 <- 0xFFFFFFFFFFD2B800
mem[X,0x0000000080014634] -> 0x8593
mem[X,0x0000000080014636] -> 0x6C35
[2372] [M]: 0x0000000080014634 (0x6C358593) addi a1, a1, 0x6c3
x11 <- 0xFFFFFFFFFFD2BEC3
mem[X,0x0000000080014638] -> 0x9593
mem[X,0x000000008001463A] -> 0x00A5
[2373] [M]: 0x0000000080014638 (0x00A59593) slli a1, a1, 0xa
x11 <- 0xFFFFFFFF4AFB0C00
mem[X,0x000000008001463C] -> 0x8593
mem[X,0x000000008001463E] -> 0x0CD5
[2374] [M]: 0x000000008001463C (0x0CD58593) addi a1, a1, 0xcd
x11 <- 0xFFFFFFFF4AFB0CCD
mem[X,0x0000000080014640] -> 0x0113
mem[X,0x0000000080014642] -> 0x0000
[2375] [M]: 0x0000000080014640 (0x00000113) addi sp, zero, 0x0
x2 <- 0x0000000000000000
mem[X,0x0000000080014644] -> 0x006F
mem[X,0x0000000080014646] -> 0x00C0
[2376] [M]: 0x0000000080014644 (0x00C0006F) jal zero, 0xc
mem[X,0x0000000080014650] -> 0x1CE3
mem[X,0x0000000080014652] -> 0xFEB5
[2377] [M]: 0x0000000080014650 (0xFEB51CE3) bne a0, a1, -0x8
mem[X,0x0000000080014648] -> 0x0113
mem[X,0x000000008001464A] -> 0x0011
[2378] [M]: 0x0000000080014648 (0x00110113) addi sp, sp, 0x1
x2 <- 0x0000000000000001
mem[X,0x000000008001464C] -> 0x006F
mem[X,0x000000008001464E] -> 0x0180
[2379] [M]: 0x000000008001464C (0x0180006F) jal zero, 0x18
mem[X,0x0000000080014664] -> 0xB023
mem[X,0x0000000080014666] -> 0x5820
[2380] [M]: 0x0000000080014664 (0x5820B023) sd sp, 0x580(ra)
mem[0x0000000080045758] <- 0x0000000000000001
mem[X,0x0000000080014668] -> 0x0513
mem[X,0x000000008001466A] -> 0x0030
[2381] [M]: 0x0000000080014668 (0x00300513) addi a0, zero, 0x3
x10 <- 0x0000000000000003
mem[X,0x000000008001466C] -> 0x05B7
mem[X,0x000000008001466E] -> 0x0000
[2382] [M]: 0x000000008001466C (0x000005B7) lui a1, 0x0
x11 <- 0x0000000000000000
mem[X,0x0000000080014670] -> 0x8593
mem[X,0x0000000080014672] -> 0x0005
[2383] [M]: 0x0000000080014670 (0x00058593) addi a1, a1, 0x0
x11 <- 0x0000000000000000
mem[X,0x0000000080014674] -> 0x9593
mem[X,0x0000000080014676] -> 0x00B5
[2384] [M]: 0x0000000080014674 (0x00B59593) slli a1, a1, 0xb
x11 <- 0x0000000000000000
mem[X,0x0000000080014678] -> 0x8593
mem[X,0x000000008001467A] -> 0x5A85
[2385] [M]: 0x0000000080014678 (0x5A858593) addi a1, a1, 0x5a8
x11 <- 0x00000000000005A8
mem[X,0x000000008001467C] -> 0x9593
mem[X,0x000000008001467E] -> 0x00B5
[2386] [M]: 0x000000008001467C (0x00B59593) slli a1, a1, 0xb
x11 <- 0x00000000002D4000
mem[X,0x0000000080014680] -> 0x8593
mem[X,0x0000000080014682] -> 0x13C5
[2387] [M]: 0x0000000080014680 (0x13C58593) addi a1, a1, 0x13c
x11 <- 0x00000000002D413C
mem[X,0x0000000080014684] -> 0x9593
mem[X,0x0000000080014686] -> 0x00A5
[2388] [M]: 0x0000000080014684 (0x00A59593) slli a1, a1, 0xa
x11 <- 0x00000000B504F000
mem[X,0x0000000080014688] -> 0x8593
mem[X,0x000000008001468A] -> 0x3335
[2389] [M]: 0x0000000080014688 (0x33358593) addi a1, a1, 0x333
x11 <- 0x00000000B504F333
mem[X,0x000000008001468C] -> 0x0113
mem[X,0x000000008001468E] -> 0x0000
[2390] [M]: 0x000000008001468C (0x00000113) addi sp, zero, 0x0
x2 <- 0x0000000000000000
mem[X,0x0000000080014690] -> 0x006F
mem[X,0x0000000080014692] -> 0x00C0
[2391] [M]: 0x0000000080014690 (0x00C0006F) jal zero, 0xc
mem[X,0x000000008001469C] -> 0x1663
mem[X,0x000000008001469E] -> 0x00B5
[2392] [M]: 0x000000008001469C (0x00B51663) bne a0, a1, 0xc
mem[X,0x00000000800146A8] -> 0x0113
mem[X,0x00000000800146AA] -> 0x0031
[2393] [M]: 0x00000000800146A8 (0x00310113) addi sp, sp, 0x3
x2 <- 0x0000000000000003
mem[X,0x00000000800146AC] -> 0x006F
mem[X,0x00000000800146AE] -> 0x0040
[2394] [M]: 0x00000000800146AC (0x0040006F) jal zero, 0x4
mem[X,0x00000000800146B0] -> 0xB423
mem[X,0x00000000800146B2] -> 0x5820
[2395] [M]: 0x00000000800146B0 (0x5820B423) sd sp, 0x588(ra)
mem[0x0000000080045760] <- 0x0000000000000003
mem[X,0x00000000800146B4] -> 0x0513
mem[X,0x00000000800146B6] -> 0x0030
[2396] [M]: 0x00000000800146B4 (0x00300513) addi a0, zero, 0x3
x10 <- 0x0000000000000003
mem[X,0x00000000800146B8] -> 0x0593
mem[X,0x00000000800146BA] -> 0x0020
[2397] [M]: 0x00000000800146B8 (0x00200593) addi a1, zero, 0x2
x11 <- 0x0000000000000002
mem[X,0x00000000800146BC] -> 0x0113
mem[X,0x00000000800146BE] -> 0x0000
[2398] [M]: 0x00000000800146BC (0x00000113) addi sp, zero, 0x0
x2 <- 0x0000000000000000
mem[X,0x00000000800146C0] -> 0x006F
mem[X,0x00000000800146C2] -> 0x00C0
[2399] [M]: 0x00000000800146C0 (0x00C0006F) jal zero, 0xc
clint::tick mtime <- 0x0000000000000018
 clint timer pending at mtime 0x0000000000000018
htif::tick 0x0000000000000000
mem[X,0x00000000800146CC] -> 0x1663
mem[X,0x00000000800146CE] -> 0x00B5
[2400] [M]: 0x00000000800146CC (0x00B51663) bne a0, a1, 0xc
mem[X,0x00000000800146D8] -> 0x0113
mem[X,0x00000000800146DA] -> 0x0031
[2401] [M]: 0x00000000800146D8 (0x00310113) addi sp, sp, 0x3
x2 <- 0x0000000000000003
mem[X,0x00000000800146DC] -> 0x006F
mem[X,0x00000000800146DE] -> 0x0040
[2402] [M]: 0x00000000800146DC (0x0040006F) jal zero, 0x4
mem[X,0x00000000800146E0] -> 0xB823
mem[X,0x00000000800146E2] -> 0x5820
[2403] [M]: 0x00000000800146E0 (0x5820B823) sd sp, 0x590(ra)
mem[0x0000000080045768] <- 0x0000000000000003
mem[X,0x00000000800146E4] -> 0x0513
mem[X,0x00000000800146E6] -> 0x0030
[2404] [M]: 0x00000000800146E4 (0x00300513) addi a0, zero, 0x3
x10 <- 0x0000000000000003
mem[X,0x00000000800146E8] -> 0x55B7
mem[X,0x00000000800146EA] -> 0x5555
[2405] [M]: 0x00000000800146E8 (0x555555B7) lui a1, 0x55555
x11 <- 0x0000000055555000
mem[X,0x00000000800146EC] -> 0x8593
mem[X,0x00000000800146EE] -> 0x5555
[2406] [M]: 0x00000000800146EC (0x55558593) addi a1, a1, 0x555
x11 <- 0x0000000055555555
mem[X,0x00000000800146F0] -> 0x9593
mem[X,0x00000000800146F2] -> 0x00B5
[2407] [M]: 0x00000000800146F0 (0x00B59593) slli a1, a1, 0xb
x11 <- 0x000002AAAAAAA800
mem[X,0x00000000800146F4] -> 0x8593
mem[X,0x00000000800146F6] -> 0x2AA5
[2408] [M]: 0x00000000800146F4 (0x2AA58593) addi a1, a1, 0x2aa
x11 <- 0x000002AAAAAAAAAA
mem[X,0x00000000800146F8] -> 0x9593
mem[X,0x00000000800146FA] -> 0x00B5
[2409] [M]: 0x00000000800146F8 (0x00B59593) slli a1, a1, 0xb
x11 <- 0x0015555555555000
mem[X,0x00000000800146FC] -> 0x8593
mem[X,0x00000000800146FE] -> 0x5555
[2410] [M]: 0x00000000800146FC (0x55558593) addi a1, a1, 0x555
x11 <- 0x0015555555555555
mem[X,0x0000000080014700] -> 0x9593
mem[X,0x0000000080014702] -> 0x00A5
[2411] [M]: 0x0000000080014700 (0x00A59593) slli a1, a1, 0xa
x11 <- 0x5555555555555400
mem[X,0x0000000080014704] -> 0x8593
mem[X,0x0000000080014706] -> 0x1545
[2412] [M]: 0x0000000080014704 (0x15458593) addi a1, a1, 0x154
x11 <- 0x5555555555555554
mem[X,0x0000000080014708] -> 0x0113
mem[X,0x000000008001470A] -> 0x0000
[2413] [M]: 0x0000000080014708 (0x00000113) addi sp, zero, 0x0
x2 <- 0x0000000000000000
mem[X,0x000000008001470C] -> 0x006F
mem[X,0x000000008001470E] -> 0x00C0
[2414] [M]: 0x000000008001470C (0x00C0006F) jal zero, 0xc
mem[X,0x0000000080014718] -> 0x1663
mem[X,0x000000008001471A] -> 0x00B5
[2415] [M]: 0x0000000080014718 (0x00B51663) bne a0, a1, 0xc
mem[X,0x0000000080014724] -> 0x0113
mem[X,0x0000000080014726] -> 0x0031
[2416] [M]: 0x0000000080014724 (0x00310113) addi sp, sp, 0x3
x2 <- 0x0000000000000003
mem[X,0x0000000080014728] -> 0x006F
mem[X,0x000000008001472A] -> 0x0040
[2417] [M]: 0x0000000080014728 (0x0040006F) jal zero, 0x4
mem[X,0x000000008001472C] -> 0xBC23
mem[X,0x000000008001472E] -> 0x5820
[2418] [M]: 0x000000008001472C (0x5820BC23) sd sp, 0x598(ra)
mem[0x0000000080045770] <- 0x0000000000000003
mem[X,0x0000000080014730] -> 0x0513
mem[X,0x0000000080014732] -> 0x0030
[2419] [M]: 0x0000000080014730 (0x00300513) addi a0, zero, 0x3
x10 <- 0x0000000000000003
mem[X,0x0000000080014734] -> 0x0593
mem[X,0x0000000080014736] -> 0x0000
[2420] [M]: 0x0000000080014734 (0x00000593) addi a1, zero, 0x0
x11 <- 0x0000000000000000
mem[X,0x0000000080014738] -> 0x0113
mem[X,0x000000008001473A] -> 0x0000
[2421] [M]: 0x0000000080014738 (0x00000113) addi sp, zero, 0x0
x2 <- 0x0000000000000000
mem[X,0x000000008001473C] -> 0x006F
mem[X,0x000000008001473E] -> 0x00C0
[2422] [M]: 0x000000008001473C (0x00C0006F) jal zero, 0xc
mem[X,0x0000000080014748] -> 0x1063
mem[X,0x000000008001474A] -> 0x10B5
[2423] [M]: 0x0000000080014748 (0x10B51063) bne a0, a1, 0x100
mem[X,0x0000000080014848] -> 0x0113
mem[X,0x000000008001484A] -> 0x0031
[2424] [M]: 0x0000000080014848 (0x00310113) addi sp, sp, 0x3
x2 <- 0x0000000000000003
mem[X,0x000000008001484C] -> 0x006F
mem[X,0x000000008001484E] -> 0x0040
[2425] [M]: 0x000000008001484C (0x0040006F) jal zero, 0x4
mem[X,0x0000000080014850] -> 0xB023
mem[X,0x0000000080014852] -> 0x5A20
[2426] [M]: 0x0000000080014850 (0x5A20B023) sd sp, 0x5a0(ra)
mem[0x0000000080045778] <- 0x0000000000000003
mem[X,0x0000000080014854] -> 0x0513
mem[X,0x0000000080014856] -> 0x0030
[2427] [M]: 0x0000000080014854 (0x00300513) addi a0, zero, 0x3
x10 <- 0x0000000000000003
mem[X,0x0000000080014858] -> 0x0593
mem[X,0x000000008001485A] -> 0x0040
[2428] [M]: 0x0000000080014858 (0x00400593) addi a1, zero, 0x4
x11 <- 0x0000000000000004
mem[X,0x000000008001485C] -> 0x0113
mem[X,0x000000008001485E] -> 0x0000
[2429] [M]: 0x000000008001485C (0x00000113) addi sp, zero, 0x0
x2 <- 0x0000000000000000
mem[X,0x0000000080014860] -> 0x006F
mem[X,0x0000000080014862] -> 0x00C0
[2430] [M]: 0x0000000080014860 (0x00C0006F) jal zero, 0xc
mem[X,0x000000008001486C] -> 0x1CE3
mem[X,0x000000008001486E] -> 0xFEB5
[2431] [M]: 0x000000008001486C (0xFEB51CE3) bne a0, a1, -0x8
mem[X,0x0000000080014864] -> 0x0113
mem[X,0x0000000080014866] -> 0x0011
[2432] [M]: 0x0000000080014864 (0x00110113) addi sp, sp, 0x1
x2 <- 0x0000000000000001
mem[X,0x0000000080014868] -> 0x006F
mem[X,0x000000008001486A] -> 0x0180
[2433] [M]: 0x0000000080014868 (0x0180006F) jal zero, 0x18
mem[X,0x0000000080014880] -> 0xB423
mem[X,0x0000000080014882] -> 0x5A20
[2434] [M]: 0x0000000080014880 (0x5A20B423) sd sp, 0x5a8(ra)
mem[0x0000000080045780] <- 0x0000000000000001
mem[X,0x0000000080014884] -> 0x0513
mem[X,0x0000000080014886] -> 0x0030
[2435] [M]: 0x0000000080014884 (0x00300513) addi a0, zero, 0x3
x10 <- 0x0000000000000003
mem[X,0x0000000080014888] -> 0x35B7
mem[X,0x000000008001488A] -> 0x3333
[2436] [M]: 0x0000000080014888 (0x333335B7) lui a1, 0x33333
x11 <- 0x0000000033333000
mem[X,0x000000008001488C] -> 0x8593
mem[X,0x000000008001488E] -> 0x3335
[2437] [M]: 0x000000008001488C (0x33358593) addi a1, a1, 0x333
x11 <- 0x0000000033333333
mem[X,0x0000000080014890] -> 0x9593
mem[X,0x0000000080014892] -> 0x00B5
[2438] [M]: 0x0000000080014890 (0x00B59593) slli a1, a1, 0xb
x11 <- 0x0000019999999800
mem[X,0x0000000080014894] -> 0x8593
mem[X,0x0000000080014896] -> 0x1995
[2439] [M]: 0x0000000080014894 (0x19958593) addi a1, a1, 0x199
x11 <- 0x0000019999999999
mem[X,0x0000000080014898] -> 0x9593
mem[X,0x000000008001489A] -> 0x00B5
[2440] [M]: 0x0000000080014898 (0x00B59593) slli a1, a1, 0xb
x11 <- 0x000CCCCCCCCCC800
mem[X,0x000000008001489C] -> 0x8593
mem[X,0x000000008001489E] -> 0x4CC5
[2441] [M]: 0x000000008001489C (0x4CC58593) addi a1, a1, 0x4cc
x11 <- 0x000CCCCCCCCCCCCC
mem[X,0x00000000800148A0] -> 0x9593
mem[X,0x00000000800148A2] -> 0x00A5
[2442] [M]: 0x00000000800148A0 (0x00A59593) slli a1, a1, 0xa
x11 <- 0x3333333333333000
mem[X,0x00000000800148A4] -> 0x8593
mem[X,0x00000000800148A6] -> 0x3325
[2443] [M]: 0x00000000800148A4 (0x33258593) addi a1, a1, 0x332
x11 <- 0x3333333333333332
mem[X,0x00000000800148A8] -> 0x0113
mem[X,0x00000000800148AA] -> 0x0000
[2444] [M]: 0x00000000800148A8 (0x00000113) addi sp, zero, 0x0
x2 <- 0x0000000000000000
mem[X,0x00000000800148AC] -> 0x006F
mem[X,0x00000000800148AE] -> 0x00C0
[2445] [M]: 0x00000000800148AC (0x00C0006F) jal zero, 0xc
mem[X,0x00000000800148B8] -> 0x1063
mem[X,0x00000000800148BA] -> 0x40B5
[2446] [M]: 0x00000000800148B8 (0x40B51063) bne a0, a1, 0x400
mem[X,0x0000000080014CB8] -> 0x0113
mem[X,0x0000000080014CBA] -> 0x0031
[2447] [M]: 0x0000000080014CB8 (0x00310113) addi sp, sp, 0x3
x2 <- 0x0000000000000003
mem[X,0x0000000080014CBC] -> 0x006F
mem[X,0x0000000080014CBE] -> 0x0040
[2448] [M]: 0x0000000080014CBC (0x0040006F) jal zero, 0x4
mem[X,0x0000000080014CC0] -> 0xB823
mem[X,0x0000000080014CC2] -> 0x5A20
[2449] [M]: 0x0000000080014CC0 (0x5A20B823) sd sp, 0x5b0(ra)
mem[0x0000000080045788] <- 0x0000000000000003
mem[X,0x0000000080014CC4] -> 0x0513
mem[X,0x0000000080014CC6] -> 0x0030
[2450] [M]: 0x0000000080014CC4 (0x00300513) addi a0, zero, 0x3
x10 <- 0x0000000000000003
mem[X,0x0000000080014CC8] -> 0x65B7
mem[X,0x0000000080014CCA] -> 0x6666
[2451] [M]: 0x0000000080014CC8 (0x666665B7) lui a1, 0x66666
x11 <- 0x0000000066666000
mem[X,0x0000000080014CCC] -> 0x8593
mem[X,0x0000000080014CCE] -> 0x6665
[2452] [M]: 0x0000000080014CCC (0x66658593) addi a1, a1, 0x666
x11 <- 0x0000000066666666
mem[X,0x0000000080014CD0] -> 0x9593
mem[X,0x0000000080014CD2] -> 0x00B5
[2453] [M]: 0x0000000080014CD0 (0x00B59593) slli a1, a1, 0xb
x11 <- 0x0000033333333000
mem[X,0x0000000080014CD4] -> 0x8593
mem[X,0x0000000080014CD6] -> 0x3335
[2454] [M]: 0x0000000080014CD4 (0x33358593) addi a1, a1, 0x333
x11 <- 0x0000033333333333
mem[X,0x0000000080014CD8] -> 0x9593
mem[X,0x0000000080014CDA] -> 0x00B5
[2455] [M]: 0x0000000080014CD8 (0x00B59593) slli a1, a1, 0xb
x11 <- 0x0019999999999800
mem[X,0x0000000080014CDC] -> 0x8593
mem[X,0x0000000080014CDE] -> 0x1995
[2456] [M]: 0x0000000080014CDC (0x19958593) addi a1, a1, 0x199
x11 <- 0x0019999999999999
mem[X,0x0000000080014CE0] -> 0x9593
mem[X,0x0000000080014CE2] -> 0x00A5
[2457] [M]: 0x0000000080014CE0 (0x00A59593) slli a1, a1, 0xa
x11 <- 0x6666666666666400
mem[X,0x0000000080014CE4] -> 0x8593
mem[X,0x0000000080014CE6] -> 0x2655
[2458] [M]: 0x0000000080014CE4 (0x26558593) addi a1, a1, 0x265
x11 <- 0x6666666666666665
mem[X,0x0000000080014CE8] -> 0x0113
mem[X,0x0000000080014CEA] -> 0x0000
[2459] [M]: 0x0000000080014CE8 (0x00000113) addi sp, zero, 0x0
x2 <- 0x0000000000000000
mem[X,0x0000000080014CEC] -> 0x006F
mem[X,0x0000000080014CEE] -> 0x00C0
[2460] [M]: 0x0000000080014CEC (0x00C0006F) jal zero, 0xc
mem[X,0x0000000080014CF8] -> 0x1063
mem[X,0x0000000080014CFA] -> 0x04B5
[2461] [M]: 0x0000000080014CF8 (0x04B51063) bne a0, a1, 0x40
mem[X,0x0000000080014D38] -> 0x0113
mem[X,0x0000000080014D3A] -> 0x0031
[2462] [M]: 0x0000000080014D38 (0x00310113) addi sp, sp, 0x3
x2 <- 0x0000000000000003
mem[X,0x0000000080014D3C] -> 0x006F
mem[X,0x0000000080014D3E] -> 0x0040
[2463] [M]: 0x0000000080014D3C (0x0040006F) jal zero, 0x4
mem[X,0x0000000080014D40] -> 0xBC23
mem[X,0x0000000080014D42] -> 0x5A20
[2464] [M]: 0x0000000080014D40 (0x5A20BC23) sd sp, 0x5b8(ra)
mem[0x0000000080045790] <- 0x0000000000000003
mem[X,0x0000000080014D44] -> 0x0513
mem[X,0x0000000080014D46] -> 0x0030
[2465] [M]: 0x0000000080014D44 (0x00300513) addi a0, zero, 0x3
x10 <- 0x0000000000000003
mem[X,0x0000000080014D48] -> 0x05B7
mem[X,0x0000000080014D4A] -> 0x0000
[2466] [M]: 0x0000000080014D48 (0x000005B7) lui a1, 0x0
x11 <- 0x0000000000000000
mem[X,0x0000000080014D4C] -> 0x8593
mem[X,0x0000000080014D4E] -> 0x0005
[2467] [M]: 0x0000000080014D4C (0x00058593) addi a1, a1, 0x0
x11 <- 0x0000000000000000
mem[X,0x0000000080014D50] -> 0x9593
mem[X,0x0000000080014D52] -> 0x00B5
[2468] [M]: 0x0000000080014D50 (0x00B59593) slli a1, a1, 0xb
x11 <- 0x0000000000000000
mem[X,0x0000000080014D54] -> 0x8593
mem[X,0x0000000080014D56] -> 0x5A85
[2469] [M]: 0x0000000080014D54 (0x5A858593) addi a1, a1, 0x5a8
x11 <- 0x00000000000005A8
mem[X,0x0000000080014D58] -> 0x9593
mem[X,0x0000000080014D5A] -> 0x00B5
[2470] [M]: 0x0000000080014D58 (0x00B59593) slli a1, a1, 0xb
x11 <- 0x00000000002D4000
mem[X,0x0000000080014D5C] -> 0x8593
mem[X,0x0000000080014D5E] -> 0x13C5
[2471] [M]: 0x0000000080014D5C (0x13C58593) addi a1, a1, 0x13c
x11 <- 0x00000000002D413C
mem[X,0x0000000080014D60] -> 0x9593
mem[X,0x0000000080014D62] -> 0x00A5
[2472] [M]: 0x0000000080014D60 (0x00A59593) slli a1, a1, 0xa
x11 <- 0x00000000B504F000
mem[X,0x0000000080014D64] -> 0x8593
mem[X,0x0000000080014D66] -> 0x3325
[2473] [M]: 0x0000000080014D64 (0x33258593) addi a1, a1, 0x332
x11 <- 0x00000000B504F332
mem[X,0x0000000080014D68] -> 0x0113
mem[X,0x0000000080014D6A] -> 0x0000
[2474] [M]: 0x0000000080014D68 (0x00000113) addi sp, zero, 0x0
x2 <- 0x0000000000000000
mem[X,0x0000000080014D6C] -> 0x006F
mem[X,0x0000000080014D6E] -> 0x0180
[2475] [M]: 0x0000000080014D6C (0x0180006F) jal zero, 0x18
mem[X,0x0000000080014D84] -> 0x16E3
mem[X,0x0000000080014D86] -> 0xFEB5
[2476] [M]: 0x0000000080014D84 (0xFEB516E3) bne a0, a1, -0x14
mem[X,0x0000000080014D70] -> 0x0113
mem[X,0x0000000080014D72] -> 0x0011
[2477] [M]: 0x0000000080014D70 (0x00110113) addi sp, sp, 0x1
x2 <- 0x0000000000000001
mem[X,0x0000000080014D74] -> 0x006F
mem[X,0x0000000080014D76] -> 0x0240
[2478] [M]: 0x0000000080014D74 (0x0240006F) jal zero, 0x24
mem[X,0x0000000080014D98] -> 0xB023
mem[X,0x0000000080014D9A] -> 0x5C20
[2479] [M]: 0x0000000080014D98 (0x5C20B023) sd sp, 0x5c0(ra)
mem[0x0000000080045798] <- 0x0000000000000001
mem[X,0x0000000080014D9C] -> 0x0513
mem[X,0x0000000080014D9E] -> 0x0030
[2480] [M]: 0x0000000080014D9C (0x00300513) addi a0, zero, 0x3
x10 <- 0x0000000000000003
mem[X,0x0000000080014DA0] -> 0x55B7
mem[X,0x0000000080014DA2] -> 0x5555
[2481] [M]: 0x0000000080014DA0 (0x555555B7) lui a1, 0x55555
x11 <- 0x0000000055555000
mem[X,0x0000000080014DA4] -> 0x8593
mem[X,0x0000000080014DA6] -> 0x5555
[2482] [M]: 0x0000000080014DA4 (0x55558593) addi a1, a1, 0x555
x11 <- 0x0000000055555555
mem[X,0x0000000080014DA8] -> 0x9593
mem[X,0x0000000080014DAA] -> 0x00B5
[2483] [M]: 0x0000000080014DA8 (0x00B59593) slli a1, a1, 0xb
x11 <- 0x000002AAAAAAA800
mem[X,0x0000000080014DAC] -> 0x8593
mem[X,0x0000000080014DAE] -> 0x2AA5
[2484] [M]: 0x0000000080014DAC (0x2AA58593) addi a1, a1, 0x2aa
x11 <- 0x000002AAAAAAAAAA
mem[X,0x0000000080014DB0] -> 0x9593
mem[X,0x0000000080014DB2] -> 0x00B5
[2485] [M]: 0x0000000080014DB0 (0x00B59593) slli a1, a1, 0xb
x11 <- 0x0015555555555000
mem[X,0x0000000080014DB4] -> 0x8593
mem[X,0x0000000080014DB6] -> 0x5555
[2486] [M]: 0x0000000080014DB4 (0x55558593) addi a1, a1, 0x555
x11 <- 0x0015555555555555
mem[X,0x0000000080014DB8] -> 0x9593
mem[X,0x0000000080014DBA] -> 0x00A5
[2487] [M]: 0x0000000080014DB8 (0x00A59593) slli a1, a1, 0xa
x11 <- 0x5555555555555400
mem[X,0x0000000080014DBC] -> 0x8593
mem[X,0x0000000080014DBE] -> 0x1565
[2488] [M]: 0x0000000080014DBC (0x15658593) addi a1, a1, 0x156
x11 <- 0x5555555555555556
mem[X,0x0000000080014DC0] -> 0x0113
mem[X,0x0000000080014DC2] -> 0x0000
[2489] [M]: 0x0000000080014DC0 (0x00000113) addi sp, zero, 0x0
x2 <- 0x0000000000000000
mem[X,0x0000000080014DC4] -> 0x006F
mem[X,0x0000000080014DC6] -> 0x00C0
[2490] [M]: 0x0000000080014DC4 (0x00C0006F) jal zero, 0xc
mem[X,0x0000000080014DD0] -> 0x1663
mem[X,0x0000000080014DD2] -> 0x00B5
[2491] [M]: 0x0000000080014DD0 (0x00B51663) bne a0, a1, 0xc
mem[X,0x0000000080014DDC] -> 0x0113
mem[X,0x0000000080014DDE] -> 0x0031
[2492] [M]: 0x0000000080014DDC (0x00310113) addi sp, sp, 0x3
x2 <- 0x0000000000000003
mem[X,0x0000000080014DE0] -> 0x006F
mem[X,0x0000000080014DE2] -> 0x0040
[2493] [M]: 0x0000000080014DE0 (0x0040006F) jal zero, 0x4
mem[X,0x0000000080014DE4] -> 0xB423
mem[X,0x0000000080014DE6] -> 0x5C20
[2494] [M]: 0x0000000080014DE4 (0x5C20B423) sd sp, 0x5c8(ra)
mem[0x00000000800457A0] <- 0x0000000000000003
mem[X,0x0000000080014DE8] -> 0x0513
mem[X,0x0000000080014DEA] -> 0x0030
[2495] [M]: 0x0000000080014DE8 (0x00300513) addi a0, zero, 0x3
x10 <- 0x0000000000000003
mem[X,0x0000000080014DEC] -> 0xB5B7
mem[X,0x0000000080014DEE] -> 0xAAAA
[2496] [M]: 0x0000000080014DEC (0xAAAAB5B7) lui a1, -0x55555
x11 <- 0xFFFFFFFFAAAAB000
mem[X,0x0000000080014DF0] -> 0x8593
mem[X,0x0000000080014DF2] -> 0xAAA5
[2497] [M]: 0x0000000080014DF0 (0xAAA58593) addi a1, a1, -0x556
x11 <- 0xFFFFFFFFAAAAAAAA
mem[X,0x0000000080014DF4] -> 0x9593
mem[X,0x0000000080014DF6] -> 0x00B5
[2498] [M]: 0x0000000080014DF4 (0x00B59593) slli a1, a1, 0xb
x11 <- 0xFFFFFD5555555000
mem[X,0x0000000080014DF8] -> 0x8593
mem[X,0x0000000080014DFA] -> 0x5555
[2499] [M]: 0x0000000080014DF8 (0x55558593) addi a1, a1, 0x555
x11 <- 0xFFFFFD5555555555
clint::tick mtime <- 0x0000000000000019
 clint timer pending at mtime 0x0000000000000019
htif::tick 0x0000000000000000
mem[X,0x0000000080014DFC] -> 0x9593
mem[X,0x0000000080014DFE] -> 0x00B5
[2500] [M]: 0x0000000080014DFC (0x00B59593) slli a1, a1, 0xb
x11 <- 0xFFEAAAAAAAAAA800
mem[X,0x0000000080014E00] -> 0x8593
mem[X,0x0000000080014E02] -> 0x2AA5
[2501] [M]: 0x0000000080014E00 (0x2AA58593) addi a1, a1, 0x2aa
x11 <- 0xFFEAAAAAAAAAAAAA
mem[X,0x0000000080014E04] -> 0x9593
mem[X,0x0000000080014E06] -> 0x00A5
[2502] [M]: 0x0000000080014E04 (0x00A59593) slli a1, a1, 0xa
x11 <- 0xAAAAAAAAAAAAA800
mem[X,0x0000000080014E08] -> 0x8593
mem[X,0x0000000080014E0A] -> 0x2AB5
[2503] [M]: 0x0000000080014E08 (0x2AB58593) addi a1, a1, 0x2ab
x11 <- 0xAAAAAAAAAAAAAAAB
mem[X,0x0000000080014E0C] -> 0x0113
mem[X,0x0000000080014E0E] -> 0x0000
[2504] [M]: 0x0000000080014E0C (0x00000113) addi sp, zero, 0x0
x2 <- 0x0000000000000000
mem[X,0x0000000080014E10] -> 0x006F
mem[X,0x0000000080014E12] -> 0x00C0
[2505] [M]: 0x0000000080014E10 (0x00C0006F) jal zero, 0xc
mem[X,0x0000000080014E1C] -> 0x1CE3
mem[X,0x0000000080014E1E] -> 0xFEB5
[2506] [M]: 0x0000000080014E1C (0xFEB51CE3) bne a0, a1, -0x8
mem[X,0x0000000080014E14] -> 0x0113
mem[X,0x0000000080014E16] -> 0x0011
[2507] [M]: 0x0000000080014E14 (0x00110113) addi sp, sp, 0x1
x2 <- 0x0000000000000001
mem[X,0x0000000080014E18] -> 0x006F
mem[X,0x0000000080014E1A] -> 0x0180
[2508] [M]: 0x0000000080014E18 (0x0180006F) jal zero, 0x18
mem[X,0x0000000080014E30] -> 0xB823
mem[X,0x0000000080014E32] -> 0x5C20
[2509] [M]: 0x0000000080014E30 (0x5C20B823) sd sp, 0x5d0(ra)
mem[0x00000000800457A8] <- 0x0000000000000001
mem[X,0x0000000080014E34] -> 0x0513
mem[X,0x0000000080014E36] -> 0x0030
[2510] [M]: 0x0000000080014E34 (0x00300513) addi a0, zero, 0x3
x10 <- 0x0000000000000003
mem[X,0x0000000080014E38] -> 0x0593
mem[X,0x0000000080014E3A] -> 0x0060
[2511] [M]: 0x0000000080014E38 (0x00600593) addi a1, zero, 0x6
x11 <- 0x0000000000000006
mem[X,0x0000000080014E3C] -> 0x0113
mem[X,0x0000000080014E3E] -> 0x0000
[2512] [M]: 0x0000000080014E3C (0x00000113) addi sp, zero, 0x0
x2 <- 0x0000000000000000
mem[X,0x0000000080014E40] -> 0x006F
mem[X,0x0000000080014E42] -> 0x00C0
[2513] [M]: 0x0000000080014E40 (0x00C0006F) jal zero, 0xc
mem[X,0x0000000080014E4C] -> 0x1063
mem[X,0x0000000080014E4E] -> 0x02B5
[2514] [M]: 0x0000000080014E4C (0x02B51063) bne a0, a1, 0x20
mem[X,0x0000000080014E6C] -> 0x0113
mem[X,0x0000000080014E6E] -> 0x0031
[2515] [M]: 0x0000000080014E6C (0x00310113) addi sp, sp, 0x3
x2 <- 0x0000000000000003
mem[X,0x0000000080014E70] -> 0x006F
mem[X,0x0000000080014E72] -> 0x0040
[2516] [M]: 0x0000000080014E70 (0x0040006F) jal zero, 0x4
mem[X,0x0000000080014E74] -> 0xBC23
mem[X,0x0000000080014E76] -> 0x5C20
[2517] [M]: 0x0000000080014E74 (0x5C20BC23) sd sp, 0x5d8(ra)
mem[0x00000000800457B0] <- 0x0000000000000003
mem[X,0x0000000080014E78] -> 0x0513
mem[X,0x0000000080014E7A] -> 0x0030
[2518] [M]: 0x0000000080014E78 (0x00300513) addi a0, zero, 0x3
x10 <- 0x0000000000000003
mem[X,0x0000000080014E7C] -> 0x35B7
mem[X,0x0000000080014E7E] -> 0x3333
[2519] [M]: 0x0000000080014E7C (0x333335B7) lui a1, 0x33333
x11 <- 0x0000000033333000
mem[X,0x0000000080014E80] -> 0x8593
mem[X,0x0000000080014E82] -> 0x3335
[2520] [M]: 0x0000000080014E80 (0x33358593) addi a1, a1, 0x333
x11 <- 0x0000000033333333
mem[X,0x0000000080014E84] -> 0x9593
mem[X,0x0000000080014E86] -> 0x00B5
[2521] [M]: 0x0000000080014E84 (0x00B59593) slli a1, a1, 0xb
x11 <- 0x0000019999999800
mem[X,0x0000000080014E88] -> 0x8593
mem[X,0x0000000080014E8A] -> 0x1995
[2522] [M]: 0x0000000080014E88 (0x19958593) addi a1, a1, 0x199
x11 <- 0x0000019999999999
mem[X,0x0000000080014E8C] -> 0x9593
mem[X,0x0000000080014E8E] -> 0x00B5
[2523] [M]: 0x0000000080014E8C (0x00B59593) slli a1, a1, 0xb
x11 <- 0x000CCCCCCCCCC800
mem[X,0x0000000080014E90] -> 0x8593
mem[X,0x0000000080014E92] -> 0x4CC5
[2524] [M]: 0x0000000080014E90 (0x4CC58593) addi a1, a1, 0x4cc
x11 <- 0x000CCCCCCCCCCCCC
mem[X,0x0000000080014E94] -> 0x9593
mem[X,0x0000000080014E96] -> 0x00A5
[2525] [M]: 0x0000000080014E94 (0x00A59593) slli a1, a1, 0xa
x11 <- 0x3333333333333000
mem[X,0x0000000080014E98] -> 0x8593
mem[X,0x0000000080014E9A] -> 0x3345
[2526] [M]: 0x0000000080014E98 (0x33458593) addi a1, a1, 0x334
x11 <- 0x3333333333333334
mem[X,0x0000000080014E9C] -> 0x0113
mem[X,0x0000000080014E9E] -> 0x0000
[2527] [M]: 0x0000000080014E9C (0x00000113) addi sp, zero, 0x0
x2 <- 0x0000000000000000
mem[X,0x0000000080014EA0] -> 0x006F
mem[X,0x0000000080014EA2] -> 0x00C0
[2528] [M]: 0x0000000080014EA0 (0x00C0006F) jal zero, 0xc
mem[X,0x0000000080014EAC] -> 0x1063
mem[X,0x0000000080014EAE] -> 0x04B5
[2529] [M]: 0x0000000080014EAC (0x04B51063) bne a0, a1, 0x40
mem[X,0x0000000080014EEC] -> 0x0113
mem[X,0x0000000080014EEE] -> 0x0031
[2530] [M]: 0x0000000080014EEC (0x00310113) addi sp, sp, 0x3
x2 <- 0x0000000000000003
mem[X,0x0000000080014EF0] -> 0x006F
mem[X,0x0000000080014EF2] -> 0x0040
[2531] [M]: 0x0000000080014EF0 (0x0040006F) jal zero, 0x4
mem[X,0x0000000080014EF4] -> 0xB023
mem[X,0x0000000080014EF6] -> 0x5E20
[2532] [M]: 0x0000000080014EF4 (0x5E20B023) sd sp, 0x5e0(ra)
mem[0x00000000800457B8] <- 0x0000000000000003
mem[X,0x0000000080014EF8] -> 0x0513
mem[X,0x0000000080014EFA] -> 0x0030
[2533] [M]: 0x0000000080014EF8 (0x00300513) addi a0, zero, 0x3
x10 <- 0x0000000000000003
mem[X,0x0000000080014EFC] -> 0x65B7
mem[X,0x0000000080014EFE] -> 0x6666
[2534] [M]: 0x0000000080014EFC (0x666665B7) lui a1, 0x66666
x11 <- 0x0000000066666000
mem[X,0x0000000080014F00] -> 0x8593
mem[X,0x0000000080014F02] -> 0x6665
[2535] [M]: 0x0000000080014F00 (0x66658593) addi a1, a1, 0x666
x11 <- 0x0000000066666666
mem[X,0x0000000080014F04] -> 0x9593
mem[X,0x0000000080014F06] -> 0x00B5
[2536] [M]: 0x0000000080014F04 (0x00B59593) slli a1, a1, 0xb
x11 <- 0x0000033333333000
mem[X,0x0000000080014F08] -> 0x8593
mem[X,0x0000000080014F0A] -> 0x3335
[2537] [M]: 0x0000000080014F08 (0x33358593) addi a1, a1, 0x333
x11 <- 0x0000033333333333
mem[X,0x0000000080014F0C] -> 0x9593
mem[X,0x0000000080014F0E] -> 0x00B5
[2538] [M]: 0x0000000080014F0C (0x00B59593) slli a1, a1, 0xb
x11 <- 0x0019999999999800
mem[X,0x0000000080014F10] -> 0x8593
mem[X,0x0000000080014F12] -> 0x1995
[2539] [M]: 0x0000000080014F10 (0x19958593) addi a1, a1, 0x199
x11 <- 0x0019999999999999
mem[X,0x0000000080014F14] -> 0x9593
mem[X,0x0000000080014F16] -> 0x00A5
[2540] [M]: 0x0000000080014F14 (0x00A59593) slli a1, a1, 0xa
x11 <- 0x6666666666666400
mem[X,0x0000000080014F18] -> 0x8593
mem[X,0x0000000080014F1A] -> 0x2675
[2541] [M]: 0x0000000080014F18 (0x26758593) addi a1, a1, 0x267
x11 <- 0x6666666666666667
mem[X,0x0000000080014F1C] -> 0x0113
mem[X,0x0000000080014F1E] -> 0x0000
[2542] [M]: 0x0000000080014F1C (0x00000113) addi sp, zero, 0x0
x2 <- 0x0000000000000000
mem[X,0x0000000080014F20] -> 0x006F
mem[X,0x0000000080014F22] -> 0x00C0
[2543] [M]: 0x0000000080014F20 (0x00C0006F) jal zero, 0xc
mem[X,0x0000000080014F2C] -> 0x1663
mem[X,0x0000000080014F2E] -> 0x00B5
[2544] [M]: 0x0000000080014F2C (0x00B51663) bne a0, a1, 0xc
mem[X,0x0000000080014F38] -> 0x0113
mem[X,0x0000000080014F3A] -> 0x0031
[2545] [M]: 0x0000000080014F38 (0x00310113) addi sp, sp, 0x3
x2 <- 0x0000000000000003
mem[X,0x0000000080014F3C] -> 0x006F
mem[X,0x0000000080014F3E] -> 0x0040
[2546] [M]: 0x0000000080014F3C (0x0040006F) jal zero, 0x4
mem[X,0x0000000080014F40] -> 0xB423
mem[X,0x0000000080014F42] -> 0x5E20
[2547] [M]: 0x0000000080014F40 (0x5E20B423) sd sp, 0x5e8(ra)
mem[0x00000000800457C0] <- 0x0000000000000003
mem[X,0x0000000080014F44] -> 0x0513
mem[X,0x0000000080014F46] -> 0x0030
[2548] [M]: 0x0000000080014F44 (0x00300513) addi a0, zero, 0x3
x10 <- 0x0000000000000003
mem[X,0x0000000080014F48] -> 0x05B7
mem[X,0x0000000080014F4A] -> 0x0000
[2549] [M]: 0x0000000080014F48 (0x000005B7) lui a1, 0x0
x11 <- 0x0000000000000000
mem[X,0x0000000080014F4C] -> 0x8593
mem[X,0x0000000080014F4E] -> 0xFFF5
[2550] [M]: 0x0000000080014F4C (0xFFF58593) addi a1, a1, -0x1
x11 <- 0xFFFFFFFFFFFFFFFF
mem[X,0x0000000080014F50] -> 0x9593
mem[X,0x0000000080014F52] -> 0x00B5
[2551] [M]: 0x0000000080014F50 (0x00B59593) slli a1, a1, 0xb
x11 <- 0xFFFFFFFFFFFFF800
mem[X,0x0000000080014F54] -> 0x8593
mem[X,0x0000000080014F56] -> 0x2575
[2552] [M]: 0x0000000080014F54 (0x25758593) addi a1, a1, 0x257
x11 <- 0xFFFFFFFFFFFFFA57
mem[X,0x0000000080014F58] -> 0x9593
mem[X,0x0000000080014F5A] -> 0x00B5
[2553] [M]: 0x0000000080014F58 (0x00B59593) slli a1, a1, 0xb
x11 <- 0xFFFFFFFFFFD2B800
mem[X,0x0000000080014F5C] -> 0x8593
mem[X,0x0000000080014F5E] -> 0x6C35
[2554] [M]: 0x0000000080014F5C (0x6C358593) addi a1, a1, 0x6c3
x11 <- 0xFFFFFFFFFFD2BEC3
mem[X,0x0000000080014F60] -> 0x9593
mem[X,0x0000000080014F62] -> 0x00A5
[2555] [M]: 0x0000000080014F60 (0x00A59593) slli a1, a1, 0xa
x11 <- 0xFFFFFFFF4AFB0C00
mem[X,0x0000000080014F64] -> 0x8593
mem[X,0x0000000080014F66] -> 0x0CE5
[2556] [M]: 0x0000000080014F64 (0x0CE58593) addi a1, a1, 0xce
x11 <- 0xFFFFFFFF4AFB0CCE
mem[X,0x0000000080014F68] -> 0x0113
mem[X,0x0000000080014F6A] -> 0x0000
[2557] [M]: 0x0000000080014F68 (0x00000113) addi sp, zero, 0x0
x2 <- 0x0000000000000000
mem[X,0x0000000080014F6C] -> 0x006F
mem[X,0x0000000080014F6E] -> 0x00C0
[2558] [M]: 0x0000000080014F6C (0x00C0006F) jal zero, 0xc
mem[X,0x0000000080014F78] -> 0x1063
mem[X,0x0000000080014F7A] -> 0x10B5
[2559] [M]: 0x0000000080014F78 (0x10B51063) bne a0, a1, 0x100
mem[X,0x0000000080015078] -> 0x0113
mem[X,0x000000008001507A] -> 0x0031
[2560] [M]: 0x0000000080015078 (0x00310113) addi sp, sp, 0x3
x2 <- 0x0000000000000003
mem[X,0x000000008001507C] -> 0x006F
mem[X,0x000000008001507E] -> 0x0040
[2561] [M]: 0x000000008001507C (0x0040006F) jal zero, 0x4
mem[X,0x0000000080015080] -> 0xB823
mem[X,0x0000000080015082] -> 0x5E20
[2562] [M]: 0x0000000080015080 (0x5E20B823) sd sp, 0x5f0(ra)
mem[0x00000000800457C8] <- 0x0000000000000003
mem[X,0x0000000080015084] -> 0x0513
mem[X,0x0000000080015086] -> 0x0030
[2563] [M]: 0x0000000080015084 (0x00300513) addi a0, zero, 0x3
x10 <- 0x0000000000000003
mem[X,0x0000000080015088] -> 0x05B7
mem[X,0x000000008001508A] -> 0x0000
[2564] [M]: 0x0000000080015088 (0x000005B7) lui a1, 0x0
x11 <- 0x0000000000000000
mem[X,0x000000008001508C] -> 0x8593
mem[X,0x000000008001508E] -> 0x0005
[2565] [M]: 0x000000008001508C (0x00058593) addi a1, a1, 0x0
x11 <- 0x0000000000000000
mem[X,0x0000000080015090] -> 0x9593
mem[X,0x0000000080015092] -> 0x00B5
[2566] [M]: 0x0000000080015090 (0x00B59593) slli a1, a1, 0xb
x11 <- 0x0000000000000000
mem[X,0x0000000080015094] -> 0x8593
mem[X,0x0000000080015096] -> 0x5A85
[2567] [M]: 0x0000000080015094 (0x5A858593) addi a1, a1, 0x5a8
x11 <- 0x00000000000005A8
mem[X,0x0000000080015098] -> 0x9593
mem[X,0x000000008001509A] -> 0x00B5
[2568] [M]: 0x0000000080015098 (0x00B59593) slli a1, a1, 0xb
x11 <- 0x00000000002D4000
mem[X,0x000000008001509C] -> 0x8593
mem[X,0x000000008001509E] -> 0x13C5
[2569] [M]: 0x000000008001509C (0x13C58593) addi a1, a1, 0x13c
x11 <- 0x00000000002D413C
mem[X,0x00000000800150A0] -> 0x9593
mem[X,0x00000000800150A2] -> 0x00A5
[2570] [M]: 0x00000000800150A0 (0x00A59593) slli a1, a1, 0xa
x11 <- 0x00000000B504F000
mem[X,0x00000000800150A4] -> 0x8593
mem[X,0x00000000800150A6] -> 0x3345
[2571] [M]: 0x00000000800150A4 (0x33458593) addi a1, a1, 0x334
x11 <- 0x00000000B504F334
mem[X,0x00000000800150A8] -> 0x0113
mem[X,0x00000000800150AA] -> 0x0000
[2572] [M]: 0x00000000800150A8 (0x00000113) addi sp, zero, 0x0
x2 <- 0x0000000000000000
mem[X,0x00000000800150AC] -> 0x006F
mem[X,0x00000000800150AE] -> 0x00C0
[2573] [M]: 0x00000000800150AC (0x00C0006F) jal zero, 0xc
mem[X,0x00000000800150B8] -> 0x1863
mem[X,0x00000000800150BA] -> 0x00B5
[2574] [M]: 0x00000000800150B8 (0x00B51863) bne a0, a1, 0x10
mem[X,0x00000000800150C8] -> 0x0113
mem[X,0x00000000800150CA] -> 0x0031
[2575] [M]: 0x00000000800150C8 (0x00310113) addi sp, sp, 0x3
x2 <- 0x0000000000000003
mem[X,0x00000000800150CC] -> 0x006F
mem[X,0x00000000800150CE] -> 0x0040
[2576] [M]: 0x00000000800150CC (0x0040006F) jal zero, 0x4
mem[X,0x00000000800150D0] -> 0xBC23
mem[X,0x00000000800150D2] -> 0x5E20
[2577] [M]: 0x00000000800150D0 (0x5E20BC23) sd sp, 0x5f8(ra)
mem[0x00000000800457D0] <- 0x0000000000000003
mem[X,0x00000000800150D4] -> 0x5537
mem[X,0x00000000800150D6] -> 0x5555
[2578] [M]: 0x00000000800150D4 (0x55555537) lui a0, 0x55555
x10 <- 0x0000000055555000
mem[X,0x00000000800150D8] -> 0x0513
mem[X,0x00000000800150DA] -> 0x5555
[2579] [M]: 0x00000000800150D8 (0x55550513) addi a0, a0, 0x555
x10 <- 0x0000000055555555
mem[X,0x00000000800150DC] -> 0x1513
mem[X,0x00000000800150DE] -> 0x00B5
[2580] [M]: 0x00000000800150DC (0x00B51513) slli a0, a0, 0xb
x10 <- 0x000002AAAAAAA800
mem[X,0x00000000800150E0] -> 0x0513
mem[X,0x00000000800150E2] -> 0x2AA5
[2581] [M]: 0x00000000800150E0 (0x2AA50513) addi a0, a0, 0x2aa
x10 <- 0x000002AAAAAAAAAA
mem[X,0x00000000800150E4] -> 0x1513
mem[X,0x00000000800150E6] -> 0x00B5
[2582] [M]: 0x00000000800150E4 (0x00B51513) slli a0, a0, 0xb
x10 <- 0x0015555555555000
mem[X,0x00000000800150E8] -> 0x0513
mem[X,0x00000000800150EA] -> 0x5555
[2583] [M]: 0x00000000800150E8 (0x55550513) addi a0, a0, 0x555
x10 <- 0x0015555555555555
mem[X,0x00000000800150EC] -> 0x1513
mem[X,0x00000000800150EE] -> 0x00A5
[2584] [M]: 0x00000000800150EC (0x00A51513) slli a0, a0, 0xa
x10 <- 0x5555555555555400
mem[X,0x00000000800150F0] -> 0x0513
mem[X,0x00000000800150F2] -> 0x1555
[2585] [M]: 0x00000000800150F0 (0x15550513) addi a0, a0, 0x155
x10 <- 0x5555555555555555
mem[X,0x00000000800150F4] -> 0x0593
mem[X,0x00000000800150F6] -> 0x0030
[2586] [M]: 0x00000000800150F4 (0x00300593) addi a1, zero, 0x3
x11 <- 0x0000000000000003
mem[X,0x00000000800150F8] -> 0x0113
mem[X,0x00000000800150FA] -> 0x0000
[2587] [M]: 0x00000000800150F8 (0x00000113) addi sp, zero, 0x0
x2 <- 0x0000000000000000
mem[X,0x00000000800150FC] -> 0x006F
mem[X,0x00000000800150FE] -> 0x2B10
[2588] [M]: 0x00000000800150FC (0x2B10006F) jal zero, 0xab0
mem[X,0x0000000080015BAC] -> 0x1A63
mem[X,0x0000000080015BAE] -> 0xD4B5
[2589] [M]: 0x0000000080015BAC (0xD4B51A63) bne a0, a1, -0xaac
mem[X,0x0000000080015100] -> 0x0113
mem[X,0x0000000080015102] -> 0x0011
[2590] [M]: 0x0000000080015100 (0x00110113) addi sp, sp, 0x1
x2 <- 0x0000000000000001
mem[X,0x0000000080015104] -> 0x006F
mem[X,0x0000000080015106] -> 0x2BD0
[2591] [M]: 0x0000000080015104 (0x2BD0006F) jal zero, 0xabc
mem[X,0x0000000080015BC0] -> 0xB023
mem[X,0x0000000080015BC2] -> 0x6020
[2592] [M]: 0x0000000080015BC0 (0x6020B023) sd sp, 0x600(ra)
mem[0x00000000800457D8] <- 0x0000000000000001
mem[X,0x0000000080015BC4] -> 0x5537
mem[X,0x0000000080015BC6] -> 0x5555
[2593] [M]: 0x0000000080015BC4 (0x55555537) lui a0, 0x55555
x10 <- 0x0000000055555000
mem[X,0x0000000080015BC8] -> 0x0513
mem[X,0x0000000080015BCA] -> 0x5555
[2594] [M]: 0x0000000080015BC8 (0x55550513) addi a0, a0, 0x555
x10 <- 0x0000000055555555
mem[X,0x0000000080015BCC] -> 0x1513
mem[X,0x0000000080015BCE] -> 0x00B5
[2595] [M]: 0x0000000080015BCC (0x00B51513) slli a0, a0, 0xb
x10 <- 0x000002AAAAAAA800
mem[X,0x0000000080015BD0] -> 0x0513
mem[X,0x0000000080015BD2] -> 0x2AA5
[2596] [M]: 0x0000000080015BD0 (0x2AA50513) addi a0, a0, 0x2aa
x10 <- 0x000002AAAAAAAAAA
mem[X,0x0000000080015BD4] -> 0x1513
mem[X,0x0000000080015BD6] -> 0x00B5
[2597] [M]: 0x0000000080015BD4 (0x00B51513) slli a0, a0, 0xb
x10 <- 0x0015555555555000
mem[X,0x0000000080015BD8] -> 0x0513
mem[X,0x0000000080015BDA] -> 0x5555
[2598] [M]: 0x0000000080015BD8 (0x55550513) addi a0, a0, 0x555
x10 <- 0x0015555555555555
mem[X,0x0000000080015BDC] -> 0x1513
mem[X,0x0000000080015BDE] -> 0x00A5
[2599] [M]: 0x0000000080015BDC (0x00A51513) slli a0, a0, 0xa
x10 <- 0x5555555555555400
clint::tick mtime <- 0x000000000000001A
 clint timer pending at mtime 0x000000000000001A
htif::tick 0x0000000000000000
mem[X,0x0000000080015BE0] -> 0x0513
mem[X,0x0000000080015BE2] -> 0x1555
[2600] [M]: 0x0000000080015BE0 (0x15550513) addi a0, a0, 0x155
x10 <- 0x5555555555555555
mem[X,0x0000000080015BE4] -> 0x55B7
mem[X,0x0000000080015BE6] -> 0x5555
[2601] [M]: 0x0000000080015BE4 (0x555555B7) lui a1, 0x55555
x11 <- 0x0000000055555000
mem[X,0x0000000080015BE8] -> 0x8593
mem[X,0x0000000080015BEA] -> 0x5555
[2602] [M]: 0x0000000080015BE8 (0x55558593) addi a1, a1, 0x555
x11 <- 0x0000000055555555
mem[X,0x0000000080015BEC] -> 0x9593
mem[X,0x0000000080015BEE] -> 0x00B5
[2603] [M]: 0x0000000080015BEC (0x00B59593) slli a1, a1, 0xb
x11 <- 0x000002AAAAAAA800
mem[X,0x0000000080015BF0] -> 0x8593
mem[X,0x0000000080015BF2] -> 0x2AA5
[2604] [M]: 0x0000000080015BF0 (0x2AA58593) addi a1, a1, 0x2aa
x11 <- 0x000002AAAAAAAAAA
mem[X,0x0000000080015BF4] -> 0x9593
mem[X,0x0000000080015BF6] -> 0x00B5
[2605] [M]: 0x0000000080015BF4 (0x00B59593) slli a1, a1, 0xb
x11 <- 0x0015555555555000
mem[X,0x0000000080015BF8] -> 0x8593
mem[X,0x0000000080015BFA] -> 0x5555
[2606] [M]: 0x0000000080015BF8 (0x55558593) addi a1, a1, 0x555
x11 <- 0x0015555555555555
mem[X,0x0000000080015BFC] -> 0x9593
mem[X,0x0000000080015BFE] -> 0x00A5
[2607] [M]: 0x0000000080015BFC (0x00A59593) slli a1, a1, 0xa
x11 <- 0x5555555555555400
mem[X,0x0000000080015C00] -> 0x8593
mem[X,0x0000000080015C02] -> 0x1555
[2608] [M]: 0x0000000080015C00 (0x15558593) addi a1, a1, 0x155
x11 <- 0x5555555555555555
mem[X,0x0000000080015C04] -> 0x0113
mem[X,0x0000000080015C06] -> 0x0000
[2609] [M]: 0x0000000080015C04 (0x00000113) addi sp, zero, 0x0
x2 <- 0x0000000000000000
mem[X,0x0000000080015C08] -> 0x006F
mem[X,0x0000000080015C0A] -> 0x00C0
[2610] [M]: 0x0000000080015C08 (0x00C0006F) jal zero, 0xc
mem[X,0x0000000080015C14] -> 0x1063
mem[X,0x0000000080015C16] -> 0x20B5
[2611] [M]: 0x0000000080015C14 (0x20B51063) bne a0, a1, 0x200
mem[X,0x0000000080015C18] -> 0x0113
mem[X,0x0000000080015C1A] -> 0x0021
[2612] [M]: 0x0000000080015C18 (0x00210113) addi sp, sp, 0x2
x2 <- 0x0000000000000002
mem[X,0x0000000080015C1C] -> 0x006F
mem[X,0x0000000080015C1E] -> 0x2000
[2613] [M]: 0x0000000080015C1C (0x2000006F) jal zero, 0x200
mem[X,0x0000000080015E1C] -> 0xB423
mem[X,0x0000000080015E1E] -> 0x6020
[2614] [M]: 0x0000000080015E1C (0x6020B423) sd sp, 0x608(ra)
mem[0x00000000800457E0] <- 0x0000000000000002
mem[X,0x0000000080015E20] -> 0x5537
mem[X,0x0000000080015E22] -> 0x5555
[2615] [M]: 0x0000000080015E20 (0x55555537) lui a0, 0x55555
x10 <- 0x0000000055555000
mem[X,0x0000000080015E24] -> 0x0513
mem[X,0x0000000080015E26] -> 0x5555
[2616] [M]: 0x0000000080015E24 (0x55550513) addi a0, a0, 0x555
x10 <- 0x0000000055555555
mem[X,0x0000000080015E28] -> 0x1513
mem[X,0x0000000080015E2A] -> 0x00B5
[2617] [M]: 0x0000000080015E28 (0x00B51513) slli a0, a0, 0xb
x10 <- 0x000002AAAAAAA800
mem[X,0x0000000080015E2C] -> 0x0513
mem[X,0x0000000080015E2E] -> 0x2AA5
[2618] [M]: 0x0000000080015E2C (0x2AA50513) addi a0, a0, 0x2aa
x10 <- 0x000002AAAAAAAAAA
mem[X,0x0000000080015E30] -> 0x1513
mem[X,0x0000000080015E32] -> 0x00B5
[2619] [M]: 0x0000000080015E30 (0x00B51513) slli a0, a0, 0xb
x10 <- 0x0015555555555000
mem[X,0x0000000080015E34] -> 0x0513
mem[X,0x0000000080015E36] -> 0x5555
[2620] [M]: 0x0000000080015E34 (0x55550513) addi a0, a0, 0x555
x10 <- 0x0015555555555555
mem[X,0x0000000080015E38] -> 0x1513
mem[X,0x0000000080015E3A] -> 0x00A5
[2621] [M]: 0x0000000080015E38 (0x00A51513) slli a0, a0, 0xa
x10 <- 0x5555555555555400
mem[X,0x0000000080015E3C] -> 0x0513
mem[X,0x0000000080015E3E] -> 0x1555
[2622] [M]: 0x0000000080015E3C (0x15550513) addi a0, a0, 0x155
x10 <- 0x5555555555555555
mem[X,0x0000000080015E40] -> 0xB5B7
mem[X,0x0000000080015E42] -> 0xAAAA
[2623] [M]: 0x0000000080015E40 (0xAAAAB5B7) lui a1, -0x55555
x11 <- 0xFFFFFFFFAAAAB000
mem[X,0x0000000080015E44] -> 0x8593
mem[X,0x0000000080015E46] -> 0xAAA5
[2624] [M]: 0x0000000080015E44 (0xAAA58593) addi a1, a1, -0x556
x11 <- 0xFFFFFFFFAAAAAAAA
mem[X,0x0000000080015E48] -> 0x9593
mem[X,0x0000000080015E4A] -> 0x00B5
[2625] [M]: 0x0000000080015E48 (0x00B59593) slli a1, a1, 0xb
x11 <- 0xFFFFFD5555555000
mem[X,0x0000000080015E4C] -> 0x8593
mem[X,0x0000000080015E4E] -> 0x5555
[2626] [M]: 0x0000000080015E4C (0x55558593) addi a1, a1, 0x555
x11 <- 0xFFFFFD5555555555
mem[X,0x0000000080015E50] -> 0x9593
mem[X,0x0000000080015E52] -> 0x00B5
[2627] [M]: 0x0000000080015E50 (0x00B59593) slli a1, a1, 0xb
x11 <- 0xFFEAAAAAAAAAA800
mem[X,0x0000000080015E54] -> 0x8593
mem[X,0x0000000080015E56] -> 0x2AA5
[2628] [M]: 0x0000000080015E54 (0x2AA58593) addi a1, a1, 0x2aa
x11 <- 0xFFEAAAAAAAAAAAAA
mem[X,0x0000000080015E58] -> 0x9593
mem[X,0x0000000080015E5A] -> 0x00A5
[2629] [M]: 0x0000000080015E58 (0x00A59593) slli a1, a1, 0xa
x11 <- 0xAAAAAAAAAAAAA800
mem[X,0x0000000080015E5C] -> 0x8593
mem[X,0x0000000080015E5E] -> 0x2AA5
[2630] [M]: 0x0000000080015E5C (0x2AA58593) addi a1, a1, 0x2aa
x11 <- 0xAAAAAAAAAAAAAAAA
mem[X,0x0000000080015E60] -> 0x0113
mem[X,0x0000000080015E62] -> 0x0000
[2631] [M]: 0x0000000080015E60 (0x00000113) addi sp, zero, 0x0
x2 <- 0x0000000000000000
mem[X,0x0000000080015E64] -> 0x006F
mem[X,0x0000000080015E66] -> 0x00C0
[2632] [M]: 0x0000000080015E64 (0x00C0006F) jal zero, 0xc
mem[X,0x0000000080015E70] -> 0x1CE3
mem[X,0x0000000080015E72] -> 0xFEB5
[2633] [M]: 0x0000000080015E70 (0xFEB51CE3) bne a0, a1, -0x8
mem[X,0x0000000080015E68] -> 0x0113
mem[X,0x0000000080015E6A] -> 0x0011
[2634] [M]: 0x0000000080015E68 (0x00110113) addi sp, sp, 0x1
x2 <- 0x0000000000000001
mem[X,0x0000000080015E6C] -> 0x006F
mem[X,0x0000000080015E6E] -> 0x0180
[2635] [M]: 0x0000000080015E6C (0x0180006F) jal zero, 0x18
mem[X,0x0000000080015E84] -> 0xB823
mem[X,0x0000000080015E86] -> 0x6020
[2636] [M]: 0x0000000080015E84 (0x6020B823) sd sp, 0x610(ra)
mem[0x00000000800457E8] <- 0x0000000000000001
mem[X,0x0000000080015E88] -> 0x5537
mem[X,0x0000000080015E8A] -> 0x5555
[2637] [M]: 0x0000000080015E88 (0x55555537) lui a0, 0x55555
x10 <- 0x0000000055555000
mem[X,0x0000000080015E8C] -> 0x0513
mem[X,0x0000000080015E8E] -> 0x5555
[2638] [M]: 0x0000000080015E8C (0x55550513) addi a0, a0, 0x555
x10 <- 0x0000000055555555
mem[X,0x0000000080015E90] -> 0x1513
mem[X,0x0000000080015E92] -> 0x00B5
[2639] [M]: 0x0000000080015E90 (0x00B51513) slli a0, a0, 0xb
x10 <- 0x000002AAAAAAA800
mem[X,0x0000000080015E94] -> 0x0513
mem[X,0x0000000080015E96] -> 0x2AA5
[2640] [M]: 0x0000000080015E94 (0x2AA50513) addi a0, a0, 0x2aa
x10 <- 0x000002AAAAAAAAAA
mem[X,0x0000000080015E98] -> 0x1513
mem[X,0x0000000080015E9A] -> 0x00B5
[2641] [M]: 0x0000000080015E98 (0x00B51513) slli a0, a0, 0xb
x10 <- 0x0015555555555000
mem[X,0x0000000080015E9C] -> 0x0513
mem[X,0x0000000080015E9E] -> 0x5555
[2642] [M]: 0x0000000080015E9C (0x55550513) addi a0, a0, 0x555
x10 <- 0x0015555555555555
mem[X,0x0000000080015EA0] -> 0x1513
mem[X,0x0000000080015EA2] -> 0x00A5
[2643] [M]: 0x0000000080015EA0 (0x00A51513) slli a0, a0, 0xa
x10 <- 0x5555555555555400
mem[X,0x0000000080015EA4] -> 0x0513
mem[X,0x0000000080015EA6] -> 0x1555
[2644] [M]: 0x0000000080015EA4 (0x15550513) addi a0, a0, 0x155
x10 <- 0x5555555555555555
mem[X,0x0000000080015EA8] -> 0x0593
mem[X,0x0000000080015EAA] -> 0x0050
[2645] [M]: 0x0000000080015EA8 (0x00500593) addi a1, zero, 0x5
x11 <- 0x0000000000000005
mem[X,0x0000000080015EAC] -> 0x0113
mem[X,0x0000000080015EAE] -> 0x0000
[2646] [M]: 0x0000000080015EAC (0x00000113) addi sp, zero, 0x0
x2 <- 0x0000000000000000
mem[X,0x0000000080015EB0] -> 0x006F
mem[X,0x0000000080015EB2] -> 0x00C0
[2647] [M]: 0x0000000080015EB0 (0x00C0006F) jal zero, 0xc
mem[X,0x0000000080015EBC] -> 0x1063
mem[X,0x0000000080015EBE] -> 0x40B5
[2648] [M]: 0x0000000080015EBC (0x40B51063) bne a0, a1, 0x400
mem[X,0x00000000800162BC] -> 0x0113
mem[X,0x00000000800162BE] -> 0x0031
[2649] [M]: 0x00000000800162BC (0x00310113) addi sp, sp, 0x3
x2 <- 0x0000000000000003
mem[X,0x00000000800162C0] -> 0x006F
mem[X,0x00000000800162C2] -> 0x0040
[2650] [M]: 0x00000000800162C0 (0x0040006F) jal zero, 0x4
mem[X,0x00000000800162C4] -> 0xBC23
mem[X,0x00000000800162C6] -> 0x6020
[2651] [M]: 0x00000000800162C4 (0x6020BC23) sd sp, 0x618(ra)
mem[0x00000000800457F0] <- 0x0000000000000003
mem[X,0x00000000800162C8] -> 0x5537
mem[X,0x00000000800162CA] -> 0x5555
[2652] [M]: 0x00000000800162C8 (0x55555537) lui a0, 0x55555
x10 <- 0x0000000055555000
mem[X,0x00000000800162CC] -> 0x0513
mem[X,0x00000000800162CE] -> 0x5555
[2653] [M]: 0x00000000800162CC (0x55550513) addi a0, a0, 0x555
x10 <- 0x0000000055555555
mem[X,0x00000000800162D0] -> 0x1513
mem[X,0x00000000800162D2] -> 0x00B5
[2654] [M]: 0x00000000800162D0 (0x00B51513) slli a0, a0, 0xb
x10 <- 0x000002AAAAAAA800
mem[X,0x00000000800162D4] -> 0x0513
mem[X,0x00000000800162D6] -> 0x2AA5
[2655] [M]: 0x00000000800162D4 (0x2AA50513) addi a0, a0, 0x2aa
x10 <- 0x000002AAAAAAAAAA
mem[X,0x00000000800162D8] -> 0x1513
mem[X,0x00000000800162DA] -> 0x00B5
[2656] [M]: 0x00000000800162D8 (0x00B51513) slli a0, a0, 0xb
x10 <- 0x0015555555555000
mem[X,0x00000000800162DC] -> 0x0513
mem[X,0x00000000800162DE] -> 0x5555
[2657] [M]: 0x00000000800162DC (0x55550513) addi a0, a0, 0x555
x10 <- 0x0015555555555555
mem[X,0x00000000800162E0] -> 0x1513
mem[X,0x00000000800162E2] -> 0x00A5
[2658] [M]: 0x00000000800162E0 (0x00A51513) slli a0, a0, 0xa
x10 <- 0x5555555555555400
mem[X,0x00000000800162E4] -> 0x0513
mem[X,0x00000000800162E6] -> 0x1555
[2659] [M]: 0x00000000800162E4 (0x15550513) addi a0, a0, 0x155
x10 <- 0x5555555555555555
mem[X,0x00000000800162E8] -> 0x35B7
mem[X,0x00000000800162EA] -> 0x3333
[2660] [M]: 0x00000000800162E8 (0x333335B7) lui a1, 0x33333
x11 <- 0x0000000033333000
mem[X,0x00000000800162EC] -> 0x8593
mem[X,0x00000000800162EE] -> 0x3335
[2661] [M]: 0x00000000800162EC (0x33358593) addi a1, a1, 0x333
x11 <- 0x0000000033333333
mem[X,0x00000000800162F0] -> 0x9593
mem[X,0x00000000800162F2] -> 0x00B5
[2662] [M]: 0x00000000800162F0 (0x00B59593) slli a1, a1, 0xb
x11 <- 0x0000019999999800
mem[X,0x00000000800162F4] -> 0x8593
mem[X,0x00000000800162F6] -> 0x1995
[2663] [M]: 0x00000000800162F4 (0x19958593) addi a1, a1, 0x199
x11 <- 0x0000019999999999
mem[X,0x00000000800162F8] -> 0x9593
mem[X,0x00000000800162FA] -> 0x00B5
[2664] [M]: 0x00000000800162F8 (0x00B59593) slli a1, a1, 0xb
x11 <- 0x000CCCCCCCCCC800
mem[X,0x00000000800162FC] -> 0x8593
mem[X,0x00000000800162FE] -> 0x4CC5
[2665] [M]: 0x00000000800162FC (0x4CC58593) addi a1, a1, 0x4cc
x11 <- 0x000CCCCCCCCCCCCC
mem[X,0x0000000080016300] -> 0x9593
mem[X,0x0000000080016302] -> 0x00A5
[2666] [M]: 0x0000000080016300 (0x00A59593) slli a1, a1, 0xa
x11 <- 0x3333333333333000
mem[X,0x0000000080016304] -> 0x8593
mem[X,0x0000000080016306] -> 0x3335
[2667] [M]: 0x0000000080016304 (0x33358593) addi a1, a1, 0x333
x11 <- 0x3333333333333333
mem[X,0x0000000080016308] -> 0x0113
mem[X,0x000000008001630A] -> 0x0000
[2668] [M]: 0x0000000080016308 (0x00000113) addi sp, zero, 0x0
x2 <- 0x0000000000000000
mem[X,0x000000008001630C] -> 0x006F
mem[X,0x000000008001630E] -> 0x00C0
[2669] [M]: 0x000000008001630C (0x00C0006F) jal zero, 0xc
mem[X,0x0000000080016318] -> 0x1063
mem[X,0x000000008001631A] -> 0x10B5
[2670] [M]: 0x0000000080016318 (0x10B51063) bne a0, a1, 0x100
mem[X,0x0000000080016418] -> 0x0113
mem[X,0x000000008001641A] -> 0x0031
[2671] [M]: 0x0000000080016418 (0x00310113) addi sp, sp, 0x3
x2 <- 0x0000000000000003
mem[X,0x000000008001641C] -> 0x006F
mem[X,0x000000008001641E] -> 0x0040
[2672] [M]: 0x000000008001641C (0x0040006F) jal zero, 0x4
mem[X,0x0000000080016420] -> 0xB023
mem[X,0x0000000080016422] -> 0x6220
[2673] [M]: 0x0000000080016420 (0x6220B023) sd sp, 0x620(ra)
mem[0x00000000800457F8] <- 0x0000000000000003
mem[X,0x0000000080016424] -> 0x5537
mem[X,0x0000000080016426] -> 0x5555
[2674] [M]: 0x0000000080016424 (0x55555537) lui a0, 0x55555
x10 <- 0x0000000055555000
mem[X,0x0000000080016428] -> 0x0513
mem[X,0x000000008001642A] -> 0x5555
[2675] [M]: 0x0000000080016428 (0x55550513) addi a0, a0, 0x555
x10 <- 0x0000000055555555
mem[X,0x000000008001642C] -> 0x1513
mem[X,0x000000008001642E] -> 0x00B5
[2676] [M]: 0x000000008001642C (0x00B51513) slli a0, a0, 0xb
x10 <- 0x000002AAAAAAA800
mem[X,0x0000000080016430] -> 0x0513
mem[X,0x0000000080016432] -> 0x2AA5
[2677] [M]: 0x0000000080016430 (0x2AA50513) addi a0, a0, 0x2aa
x10 <- 0x000002AAAAAAAAAA
mem[X,0x0000000080016434] -> 0x1513
mem[X,0x0000000080016436] -> 0x00B5
[2678] [M]: 0x0000000080016434 (0x00B51513) slli a0, a0, 0xb
x10 <- 0x0015555555555000
mem[X,0x0000000080016438] -> 0x0513
mem[X,0x000000008001643A] -> 0x5555
[2679] [M]: 0x0000000080016438 (0x55550513) addi a0, a0, 0x555
x10 <- 0x0015555555555555
mem[X,0x000000008001643C] -> 0x1513
mem[X,0x000000008001643E] -> 0x00A5
[2680] [M]: 0x000000008001643C (0x00A51513) slli a0, a0, 0xa
x10 <- 0x5555555555555400
mem[X,0x0000000080016440] -> 0x0513
mem[X,0x0000000080016442] -> 0x1555
[2681] [M]: 0x0000000080016440 (0x15550513) addi a0, a0, 0x155
x10 <- 0x5555555555555555
mem[X,0x0000000080016444] -> 0x65B7
mem[X,0x0000000080016446] -> 0x6666
[2682] [M]: 0x0000000080016444 (0x666665B7) lui a1, 0x66666
x11 <- 0x0000000066666000
mem[X,0x0000000080016448] -> 0x8593
mem[X,0x000000008001644A] -> 0x6665
[2683] [M]: 0x0000000080016448 (0x66658593) addi a1, a1, 0x666
x11 <- 0x0000000066666666
mem[X,0x000000008001644C] -> 0x9593
mem[X,0x000000008001644E] -> 0x00B5
[2684] [M]: 0x000000008001644C (0x00B59593) slli a1, a1, 0xb
x11 <- 0x0000033333333000
mem[X,0x0000000080016450] -> 0x8593
mem[X,0x0000000080016452] -> 0x3335
[2685] [M]: 0x0000000080016450 (0x33358593) addi a1, a1, 0x333
x11 <- 0x0000033333333333
mem[X,0x0000000080016454] -> 0x9593
mem[X,0x0000000080016456] -> 0x00B5
[2686] [M]: 0x0000000080016454 (0x00B59593) slli a1, a1, 0xb
x11 <- 0x0019999999999800
mem[X,0x0000000080016458] -> 0x8593
mem[X,0x000000008001645A] -> 0x1995
[2687] [M]: 0x0000000080016458 (0x19958593) addi a1, a1, 0x199
x11 <- 0x0019999999999999
mem[X,0x000000008001645C] -> 0x9593
mem[X,0x000000008001645E] -> 0x00A5
[2688] [M]: 0x000000008001645C (0x00A59593) slli a1, a1, 0xa
x11 <- 0x6666666666666400
mem[X,0x0000000080016460] -> 0x8593
mem[X,0x0000000080016462] -> 0x2665
[2689] [M]: 0x0000000080016460 (0x26658593) addi a1, a1, 0x266
x11 <- 0x6666666666666666
mem[X,0x0000000080016464] -> 0x0113
mem[X,0x0000000080016466] -> 0x0000
[2690] [M]: 0x0000000080016464 (0x00000113) addi sp, zero, 0x0
x2 <- 0x0000000000000000
mem[X,0x0000000080016468] -> 0x006F
mem[X,0x000000008001646A] -> 0x00C0
[2691] [M]: 0x0000000080016468 (0x00C0006F) jal zero, 0xc
mem[X,0x0000000080016474] -> 0x1663
mem[X,0x0000000080016476] -> 0x00B5
[2692] [M]: 0x0000000080016474 (0x00B51663) bne a0, a1, 0xc
mem[X,0x0000000080016480] -> 0x0113
mem[X,0x0000000080016482] -> 0x0031
[2693] [M]: 0x0000000080016480 (0x00310113) addi sp, sp, 0x3
x2 <- 0x0000000000000003
mem[X,0x0000000080016484] -> 0x006F
mem[X,0x0000000080016486] -> 0x0040
[2694] [M]: 0x0000000080016484 (0x0040006F) jal zero, 0x4
mem[X,0x0000000080016488] -> 0xB423
mem[X,0x000000008001648A] -> 0x6220
[2695] [M]: 0x0000000080016488 (0x6220B423) sd sp, 0x628(ra)
mem[0x0000000080045800] <- 0x0000000000000003
mem[X,0x000000008001648C] -> 0x5537
mem[X,0x000000008001648E] -> 0x5555
[2696] [M]: 0x000000008001648C (0x55555537) lui a0, 0x55555
x10 <- 0x0000000055555000
mem[X,0x0000000080016490] -> 0x0513
mem[X,0x0000000080016492] -> 0x5555
[2697] [M]: 0x0000000080016490 (0x55550513) addi a0, a0, 0x555
x10 <- 0x0000000055555555
mem[X,0x0000000080016494] -> 0x1513
mem[X,0x0000000080016496] -> 0x00B5
[2698] [M]: 0x0000000080016494 (0x00B51513) slli a0, a0, 0xb
x10 <- 0x000002AAAAAAA800
mem[X,0x0000000080016498] -> 0x0513
mem[X,0x000000008001649A] -> 0x2AA5
[2699] [M]: 0x0000000080016498 (0x2AA50513) addi a0, a0, 0x2aa
x10 <- 0x000002AAAAAAAAAA
clint::tick mtime <- 0x000000000000001B
 clint timer pending at mtime 0x000000000000001B
htif::tick 0x0000000000000000
mem[X,0x000000008001649C] -> 0x1513
mem[X,0x000000008001649E] -> 0x00B5
[2700] [M]: 0x000000008001649C (0x00B51513) slli a0, a0, 0xb
x10 <- 0x0015555555555000
mem[X,0x00000000800164A0] -> 0x0513
mem[X,0x00000000800164A2] -> 0x5555
[2701] [M]: 0x00000000800164A0 (0x55550513) addi a0, a0, 0x555
x10 <- 0x0015555555555555
mem[X,0x00000000800164A4] -> 0x1513
mem[X,0x00000000800164A6] -> 0x00A5
[2702] [M]: 0x00000000800164A4 (0x00A51513) slli a0, a0, 0xa
x10 <- 0x5555555555555400
mem[X,0x00000000800164A8] -> 0x0513
mem[X,0x00000000800164AA] -> 0x1555
[2703] [M]: 0x00000000800164A8 (0x15550513) addi a0, a0, 0x155
x10 <- 0x5555555555555555
mem[X,0x00000000800164AC] -> 0x05B7
mem[X,0x00000000800164AE] -> 0x0000
[2704] [M]: 0x00000000800164AC (0x000005B7) lui a1, 0x0
x11 <- 0x0000000000000000
mem[X,0x00000000800164B0] -> 0x8593
mem[X,0x00000000800164B2] -> 0xFFF5
[2705] [M]: 0x00000000800164B0 (0xFFF58593) addi a1, a1, -0x1
x11 <- 0xFFFFFFFFFFFFFFFF
mem[X,0x00000000800164B4] -> 0x9593
mem[X,0x00000000800164B6] -> 0x00B5
[2706] [M]: 0x00000000800164B4 (0x00B59593) slli a1, a1, 0xb
x11 <- 0xFFFFFFFFFFFFF800
mem[X,0x00000000800164B8] -> 0x8593
mem[X,0x00000000800164BA] -> 0x2575
[2707] [M]: 0x00000000800164B8 (0x25758593) addi a1, a1, 0x257
x11 <- 0xFFFFFFFFFFFFFA57
mem[X,0x00000000800164BC] -> 0x9593
mem[X,0x00000000800164BE] -> 0x00B5
[2708] [M]: 0x00000000800164BC (0x00B59593) slli a1, a1, 0xb
x11 <- 0xFFFFFFFFFFD2B800
mem[X,0x00000000800164C0] -> 0x8593
mem[X,0x00000000800164C2] -> 0x6C35
[2709] [M]: 0x00000000800164C0 (0x6C358593) addi a1, a1, 0x6c3
x11 <- 0xFFFFFFFFFFD2BEC3
mem[X,0x00000000800164C4] -> 0x9593
mem[X,0x00000000800164C6] -> 0x00A5
[2710] [M]: 0x00000000800164C4 (0x00A59593) slli a1, a1, 0xa
x11 <- 0xFFFFFFFF4AFB0C00
mem[X,0x00000000800164C8] -> 0x8593
mem[X,0x00000000800164CA] -> 0x0CD5
[2711] [M]: 0x00000000800164C8 (0x0CD58593) addi a1, a1, 0xcd
x11 <- 0xFFFFFFFF4AFB0CCD
mem[X,0x00000000800164CC] -> 0x0113
mem[X,0x00000000800164CE] -> 0x0000
[2712] [M]: 0x00000000800164CC (0x00000113) addi sp, zero, 0x0
x2 <- 0x0000000000000000
mem[X,0x00000000800164D0] -> 0x006F
mem[X,0x00000000800164D2] -> 0x00C0
[2713] [M]: 0x00000000800164D0 (0x00C0006F) jal zero, 0xc
mem[X,0x00000000800164DC] -> 0x1063
mem[X,0x00000000800164DE] -> 0x04B5
[2714] [M]: 0x00000000800164DC (0x04B51063) bne a0, a1, 0x40
mem[X,0x000000008001651C] -> 0x0113
mem[X,0x000000008001651E] -> 0x0031
[2715] [M]: 0x000000008001651C (0x00310113) addi sp, sp, 0x3
x2 <- 0x0000000000000003
mem[X,0x0000000080016520] -> 0x006F
mem[X,0x0000000080016522] -> 0x0040
[2716] [M]: 0x0000000080016520 (0x0040006F) jal zero, 0x4
mem[X,0x0000000080016524] -> 0xB823
mem[X,0x0000000080016526] -> 0x6220
[2717] [M]: 0x0000000080016524 (0x6220B823) sd sp, 0x630(ra)
mem[0x0000000080045808] <- 0x0000000000000003
mem[X,0x0000000080016528] -> 0x5537
mem[X,0x000000008001652A] -> 0x5555
[2718] [M]: 0x0000000080016528 (0x55555537) lui a0, 0x55555
x10 <- 0x0000000055555000
mem[X,0x000000008001652C] -> 0x0513
mem[X,0x000000008001652E] -> 0x5555
[2719] [M]: 0x000000008001652C (0x55550513) addi a0, a0, 0x555
x10 <- 0x0000000055555555
mem[X,0x0000000080016530] -> 0x1513
mem[X,0x0000000080016532] -> 0x00B5
[2720] [M]: 0x0000000080016530 (0x00B51513) slli a0, a0, 0xb
x10 <- 0x000002AAAAAAA800
mem[X,0x0000000080016534] -> 0x0513
mem[X,0x0000000080016536] -> 0x2AA5
[2721] [M]: 0x0000000080016534 (0x2AA50513) addi a0, a0, 0x2aa
x10 <- 0x000002AAAAAAAAAA
mem[X,0x0000000080016538] -> 0x1513
mem[X,0x000000008001653A] -> 0x00B5
[2722] [M]: 0x0000000080016538 (0x00B51513) slli a0, a0, 0xb
x10 <- 0x0015555555555000
mem[X,0x000000008001653C] -> 0x0513
mem[X,0x000000008001653E] -> 0x5555
[2723] [M]: 0x000000008001653C (0x55550513) addi a0, a0, 0x555
x10 <- 0x0015555555555555
mem[X,0x0000000080016540] -> 0x1513
mem[X,0x0000000080016542] -> 0x00A5
[2724] [M]: 0x0000000080016540 (0x00A51513) slli a0, a0, 0xa
x10 <- 0x5555555555555400
mem[X,0x0000000080016544] -> 0x0513
mem[X,0x0000000080016546] -> 0x1555
[2725] [M]: 0x0000000080016544 (0x15550513) addi a0, a0, 0x155
x10 <- 0x5555555555555555
mem[X,0x0000000080016548] -> 0x05B7
mem[X,0x000000008001654A] -> 0x0000
[2726] [M]: 0x0000000080016548 (0x000005B7) lui a1, 0x0
x11 <- 0x0000000000000000
mem[X,0x000000008001654C] -> 0x8593
mem[X,0x000000008001654E] -> 0x0005
[2727] [M]: 0x000000008001654C (0x00058593) addi a1, a1, 0x0
x11 <- 0x0000000000000000
mem[X,0x0000000080016550] -> 0x9593
mem[X,0x0000000080016552] -> 0x00B5
[2728] [M]: 0x0000000080016550 (0x00B59593) slli a1, a1, 0xb
x11 <- 0x0000000000000000
mem[X,0x0000000080016554] -> 0x8593
mem[X,0x0000000080016556] -> 0x5A85
[2729] [M]: 0x0000000080016554 (0x5A858593) addi a1, a1, 0x5a8
x11 <- 0x00000000000005A8
mem[X,0x0000000080016558] -> 0x9593
mem[X,0x000000008001655A] -> 0x00B5
[2730] [M]: 0x0000000080016558 (0x00B59593) slli a1, a1, 0xb
x11 <- 0x00000000002D4000
mem[X,0x000000008001655C] -> 0x8593
mem[X,0x000000008001655E] -> 0x13C5
[2731] [M]: 0x000000008001655C (0x13C58593) addi a1, a1, 0x13c
x11 <- 0x00000000002D413C
mem[X,0x0000000080016560] -> 0x9593
mem[X,0x0000000080016562] -> 0x00A5
[2732] [M]: 0x0000000080016560 (0x00A59593) slli a1, a1, 0xa
x11 <- 0x00000000B504F000
mem[X,0x0000000080016564] -> 0x8593
mem[X,0x0000000080016566] -> 0x3335
[2733] [M]: 0x0000000080016564 (0x33358593) addi a1, a1, 0x333
x11 <- 0x00000000B504F333
mem[X,0x0000000080016568] -> 0x0113
mem[X,0x000000008001656A] -> 0x0000
[2734] [M]: 0x0000000080016568 (0x00000113) addi sp, zero, 0x0
x2 <- 0x0000000000000000
mem[X,0x000000008001656C] -> 0x006F
mem[X,0x000000008001656E] -> 0x00C0
[2735] [M]: 0x000000008001656C (0x00C0006F) jal zero, 0xc
mem[X,0x0000000080016578] -> 0x1663
mem[X,0x000000008001657A] -> 0x00B5
[2736] [M]: 0x0000000080016578 (0x00B51663) bne a0, a1, 0xc
mem[X,0x0000000080016584] -> 0x0113
mem[X,0x0000000080016586] -> 0x0031
[2737] [M]: 0x0000000080016584 (0x00310113) addi sp, sp, 0x3
x2 <- 0x0000000000000003
mem[X,0x0000000080016588] -> 0x006F
mem[X,0x000000008001658A] -> 0x0040
[2738] [M]: 0x0000000080016588 (0x0040006F) jal zero, 0x4
mem[X,0x000000008001658C] -> 0xBC23
mem[X,0x000000008001658E] -> 0x6220
[2739] [M]: 0x000000008001658C (0x6220BC23) sd sp, 0x638(ra)
mem[0x0000000080045810] <- 0x0000000000000003
mem[X,0x0000000080016590] -> 0x5537
mem[X,0x0000000080016592] -> 0x5555
[2740] [M]: 0x0000000080016590 (0x55555537) lui a0, 0x55555
x10 <- 0x0000000055555000
mem[X,0x0000000080016594] -> 0x0513
mem[X,0x0000000080016596] -> 0x5555
[2741] [M]: 0x0000000080016594 (0x55550513) addi a0, a0, 0x555
x10 <- 0x0000000055555555
mem[X,0x0000000080016598] -> 0x1513
mem[X,0x000000008001659A] -> 0x00B5
[2742] [M]: 0x0000000080016598 (0x00B51513) slli a0, a0, 0xb
x10 <- 0x000002AAAAAAA800
mem[X,0x000000008001659C] -> 0x0513
mem[X,0x000000008001659E] -> 0x2AA5
[2743] [M]: 0x000000008001659C (0x2AA50513) addi a0, a0, 0x2aa
x10 <- 0x000002AAAAAAAAAA
mem[X,0x00000000800165A0] -> 0x1513
mem[X,0x00000000800165A2] -> 0x00B5
[2744] [M]: 0x00000000800165A0 (0x00B51513) slli a0, a0, 0xb
x10 <- 0x0015555555555000
mem[X,0x00000000800165A4] -> 0x0513
mem[X,0x00000000800165A6] -> 0x5555
[2745] [M]: 0x00000000800165A4 (0x55550513) addi a0, a0, 0x555
x10 <- 0x0015555555555555
mem[X,0x00000000800165A8] -> 0x1513
mem[X,0x00000000800165AA] -> 0x00A5
[2746] [M]: 0x00000000800165A8 (0x00A51513) slli a0, a0, 0xa
x10 <- 0x5555555555555400
mem[X,0x00000000800165AC] -> 0x0513
mem[X,0x00000000800165AE] -> 0x1555
[2747] [M]: 0x00000000800165AC (0x15550513) addi a0, a0, 0x155
x10 <- 0x5555555555555555
mem[X,0x00000000800165B0] -> 0x0593
mem[X,0x00000000800165B2] -> 0x0020
[2748] [M]: 0x00000000800165B0 (0x00200593) addi a1, zero, 0x2
x11 <- 0x0000000000000002
mem[X,0x00000000800165B4] -> 0x0113
mem[X,0x00000000800165B6] -> 0x0000
[2749] [M]: 0x00000000800165B4 (0x00000113) addi sp, zero, 0x0
x2 <- 0x0000000000000000
mem[X,0x00000000800165B8] -> 0x006F
mem[X,0x00000000800165BA] -> 0x00C0
[2750] [M]: 0x00000000800165B8 (0x00C0006F) jal zero, 0xc
mem[X,0x00000000800165C4] -> 0x1863
mem[X,0x00000000800165C6] -> 0x00B5
[2751] [M]: 0x00000000800165C4 (0x00B51863) bne a0, a1, 0x10
mem[X,0x00000000800165D4] -> 0x0113
mem[X,0x00000000800165D6] -> 0x0031
[2752] [M]: 0x00000000800165D4 (0x00310113) addi sp, sp, 0x3
x2 <- 0x0000000000000003
mem[X,0x00000000800165D8] -> 0x006F
mem[X,0x00000000800165DA] -> 0x0040
[2753] [M]: 0x00000000800165D8 (0x0040006F) jal zero, 0x4
mem[X,0x00000000800165DC] -> 0xB023
mem[X,0x00000000800165DE] -> 0x6420
[2754] [M]: 0x00000000800165DC (0x6420B023) sd sp, 0x640(ra)
mem[0x0000000080045818] <- 0x0000000000000003
mem[X,0x00000000800165E0] -> 0x5537
mem[X,0x00000000800165E2] -> 0x5555
[2755] [M]: 0x00000000800165E0 (0x55555537) lui a0, 0x55555
x10 <- 0x0000000055555000
mem[X,0x00000000800165E4] -> 0x0513
mem[X,0x00000000800165E6] -> 0x5555
[2756] [M]: 0x00000000800165E4 (0x55550513) addi a0, a0, 0x555
x10 <- 0x0000000055555555
mem[X,0x00000000800165E8] -> 0x1513
mem[X,0x00000000800165EA] -> 0x00B5
[2757] [M]: 0x00000000800165E8 (0x00B51513) slli a0, a0, 0xb
x10 <- 0x000002AAAAAAA800
mem[X,0x00000000800165EC] -> 0x0513
mem[X,0x00000000800165EE] -> 0x2AA5
[2758] [M]: 0x00000000800165EC (0x2AA50513) addi a0, a0, 0x2aa
x10 <- 0x000002AAAAAAAAAA
mem[X,0x00000000800165F0] -> 0x1513
mem[X,0x00000000800165F2] -> 0x00B5
[2759] [M]: 0x00000000800165F0 (0x00B51513) slli a0, a0, 0xb
x10 <- 0x0015555555555000
mem[X,0x00000000800165F4] -> 0x0513
mem[X,0x00000000800165F6] -> 0x5555
[2760] [M]: 0x00000000800165F4 (0x55550513) addi a0, a0, 0x555
x10 <- 0x0015555555555555
mem[X,0x00000000800165F8] -> 0x1513
mem[X,0x00000000800165FA] -> 0x00A5
[2761] [M]: 0x00000000800165F8 (0x00A51513) slli a0, a0, 0xa
x10 <- 0x5555555555555400
mem[X,0x00000000800165FC] -> 0x0513
mem[X,0x00000000800165FE] -> 0x1555
[2762] [M]: 0x00000000800165FC (0x15550513) addi a0, a0, 0x155
x10 <- 0x5555555555555555
mem[X,0x0000000080016600] -> 0x55B7
mem[X,0x0000000080016602] -> 0x5555
[2763] [M]: 0x0000000080016600 (0x555555B7) lui a1, 0x55555
x11 <- 0x0000000055555000
mem[X,0x0000000080016604] -> 0x8593
mem[X,0x0000000080016606] -> 0x5555
[2764] [M]: 0x0000000080016604 (0x55558593) addi a1, a1, 0x555
x11 <- 0x0000000055555555
mem[X,0x0000000080016608] -> 0x9593
mem[X,0x000000008001660A] -> 0x00B5
[2765] [M]: 0x0000000080016608 (0x00B59593) slli a1, a1, 0xb
x11 <- 0x000002AAAAAAA800
mem[X,0x000000008001660C] -> 0x8593
mem[X,0x000000008001660E] -> 0x2AA5
[2766] [M]: 0x000000008001660C (0x2AA58593) addi a1, a1, 0x2aa
x11 <- 0x000002AAAAAAAAAA
mem[X,0x0000000080016610] -> 0x9593
mem[X,0x0000000080016612] -> 0x00B5
[2767] [M]: 0x0000000080016610 (0x00B59593) slli a1, a1, 0xb
x11 <- 0x0015555555555000
mem[X,0x0000000080016614] -> 0x8593
mem[X,0x0000000080016616] -> 0x5555
[2768] [M]: 0x0000000080016614 (0x55558593) addi a1, a1, 0x555
x11 <- 0x0015555555555555
mem[X,0x0000000080016618] -> 0x9593
mem[X,0x000000008001661A] -> 0x00A5
[2769] [M]: 0x0000000080016618 (0x00A59593) slli a1, a1, 0xa
x11 <- 0x5555555555555400
mem[X,0x000000008001661C] -> 0x8593
mem[X,0x000000008001661E] -> 0x1545
[2770] [M]: 0x000000008001661C (0x15458593) addi a1, a1, 0x154
x11 <- 0x5555555555555554
mem[X,0x0000000080016620] -> 0x0113
mem[X,0x0000000080016622] -> 0x0000
[2771] [M]: 0x0000000080016620 (0x00000113) addi sp, zero, 0x0
x2 <- 0x0000000000000000
mem[X,0x0000000080016624] -> 0x006F
mem[X,0x0000000080016626] -> 0x00C0
[2772] [M]: 0x0000000080016624 (0x00C0006F) jal zero, 0xc
mem[X,0x0000000080016630] -> 0x1663
mem[X,0x0000000080016632] -> 0x00B5
[2773] [M]: 0x0000000080016630 (0x00B51663) bne a0, a1, 0xc
mem[X,0x000000008001663C] -> 0x0113
mem[X,0x000000008001663E] -> 0x0031
[2774] [M]: 0x000000008001663C (0x00310113) addi sp, sp, 0x3
x2 <- 0x0000000000000003
mem[X,0x0000000080016640] -> 0x006F
mem[X,0x0000000080016642] -> 0x0040
[2775] [M]: 0x0000000080016640 (0x0040006F) jal zero, 0x4
mem[X,0x0000000080016644] -> 0xB423
mem[X,0x0000000080016646] -> 0x6420
[2776] [M]: 0x0000000080016644 (0x6420B423) sd sp, 0x648(ra)
mem[0x0000000080045820] <- 0x0000000000000003
mem[X,0x0000000080016648] -> 0x5537
mem[X,0x000000008001664A] -> 0x5555
[2777] [M]: 0x0000000080016648 (0x55555537) lui a0, 0x55555
x10 <- 0x0000000055555000
mem[X,0x000000008001664C] -> 0x0513
mem[X,0x000000008001664E] -> 0x5555
[2778] [M]: 0x000000008001664C (0x55550513) addi a0, a0, 0x555
x10 <- 0x0000000055555555
mem[X,0x0000000080016650] -> 0x1513
mem[X,0x0000000080016652] -> 0x00B5
[2779] [M]: 0x0000000080016650 (0x00B51513) slli a0, a0, 0xb
x10 <- 0x000002AAAAAAA800
mem[X,0x0000000080016654] -> 0x0513
mem[X,0x0000000080016656] -> 0x2AA5
[2780] [M]: 0x0000000080016654 (0x2AA50513) addi a0, a0, 0x2aa
x10 <- 0x000002AAAAAAAAAA
mem[X,0x0000000080016658] -> 0x1513
mem[X,0x000000008001665A] -> 0x00B5
[2781] [M]: 0x0000000080016658 (0x00B51513) slli a0, a0, 0xb
x10 <- 0x0015555555555000
mem[X,0x000000008001665C] -> 0x0513
mem[X,0x000000008001665E] -> 0x5555
[2782] [M]: 0x000000008001665C (0x55550513) addi a0, a0, 0x555
x10 <- 0x0015555555555555
mem[X,0x0000000080016660] -> 0x1513
mem[X,0x0000000080016662] -> 0x00A5
[2783] [M]: 0x0000000080016660 (0x00A51513) slli a0, a0, 0xa
x10 <- 0x5555555555555400
mem[X,0x0000000080016664] -> 0x0513
mem[X,0x0000000080016666] -> 0x1555
[2784] [M]: 0x0000000080016664 (0x15550513) addi a0, a0, 0x155
x10 <- 0x5555555555555555
mem[X,0x0000000080016668] -> 0x0593
mem[X,0x000000008001666A] -> 0x0000
[2785] [M]: 0x0000000080016668 (0x00000593) addi a1, zero, 0x0
x11 <- 0x0000000000000000
mem[X,0x000000008001666C] -> 0x0113
mem[X,0x000000008001666E] -> 0x0000
[2786] [M]: 0x000000008001666C (0x00000113) addi sp, zero, 0x0
x2 <- 0x0000000000000000
mem[X,0x0000000080016670] -> 0x006F
mem[X,0x0000000080016672] -> 0x00C0
[2787] [M]: 0x0000000080016670 (0x00C0006F) jal zero, 0xc
mem[X,0x000000008001667C] -> 0x1663
mem[X,0x000000008001667E] -> 0x00B5
[2788] [M]: 0x000000008001667C (0x00B51663) bne a0, a1, 0xc
mem[X,0x0000000080016688] -> 0x0113
mem[X,0x000000008001668A] -> 0x0031
[2789] [M]: 0x0000000080016688 (0x00310113) addi sp, sp, 0x3
x2 <- 0x0000000000000003
mem[X,0x000000008001668C] -> 0x006F
mem[X,0x000000008001668E] -> 0x0040
[2790] [M]: 0x000000008001668C (0x0040006F) jal zero, 0x4
mem[X,0x0000000080016690] -> 0xB823
mem[X,0x0000000080016692] -> 0x6420
[2791] [M]: 0x0000000080016690 (0x6420B823) sd sp, 0x650(ra)
mem[0x0000000080045828] <- 0x0000000000000003
mem[X,0x0000000080016694] -> 0x5537
mem[X,0x0000000080016696] -> 0x5555
[2792] [M]: 0x0000000080016694 (0x55555537) lui a0, 0x55555
x10 <- 0x0000000055555000
mem[X,0x0000000080016698] -> 0x0513
mem[X,0x000000008001669A] -> 0x5555
[2793] [M]: 0x0000000080016698 (0x55550513) addi a0, a0, 0x555
x10 <- 0x0000000055555555
mem[X,0x000000008001669C] -> 0x1513
mem[X,0x000000008001669E] -> 0x00B5
[2794] [M]: 0x000000008001669C (0x00B51513) slli a0, a0, 0xb
x10 <- 0x000002AAAAAAA800
mem[X,0x00000000800166A0] -> 0x0513
mem[X,0x00000000800166A2] -> 0x2AA5
[2795] [M]: 0x00000000800166A0 (0x2AA50513) addi a0, a0, 0x2aa
x10 <- 0x000002AAAAAAAAAA
mem[X,0x00000000800166A4] -> 0x1513
mem[X,0x00000000800166A6] -> 0x00B5
[2796] [M]: 0x00000000800166A4 (0x00B51513) slli a0, a0, 0xb
x10 <- 0x0015555555555000
mem[X,0x00000000800166A8] -> 0x0513
mem[X,0x00000000800166AA] -> 0x5555
[2797] [M]: 0x00000000800166A8 (0x55550513) addi a0, a0, 0x555
x10 <- 0x0015555555555555
mem[X,0x00000000800166AC] -> 0x1513
mem[X,0x00000000800166AE] -> 0x00A5
[2798] [M]: 0x00000000800166AC (0x00A51513) slli a0, a0, 0xa
x10 <- 0x5555555555555400
mem[X,0x00000000800166B0] -> 0x0513
mem[X,0x00000000800166B2] -> 0x1555
[2799] [M]: 0x00000000800166B0 (0x15550513) addi a0, a0, 0x155
x10 <- 0x5555555555555555
clint::tick mtime <- 0x000000000000001C
 clint timer pending at mtime 0x000000000000001C
htif::tick 0x0000000000000000
mem[X,0x00000000800166B4] -> 0x0593
mem[X,0x00000000800166B6] -> 0x0040
[2800] [M]: 0x00000000800166B4 (0x00400593) addi a1, zero, 0x4
x11 <- 0x0000000000000004
mem[X,0x00000000800166B8] -> 0x0113
mem[X,0x00000000800166BA] -> 0x0000
[2801] [M]: 0x00000000800166B8 (0x00000113) addi sp, zero, 0x0
x2 <- 0x0000000000000000
mem[X,0x00000000800166BC] -> 0x006F
mem[X,0x00000000800166BE] -> 0x00C0
[2802] [M]: 0x00000000800166BC (0x00C0006F) jal zero, 0xc
mem[X,0x00000000800166C8] -> 0x1663
mem[X,0x00000000800166CA] -> 0x00B5
[2803] [M]: 0x00000000800166C8 (0x00B51663) bne a0, a1, 0xc
mem[X,0x00000000800166D4] -> 0x0113
mem[X,0x00000000800166D6] -> 0x0031
[2804] [M]: 0x00000000800166D4 (0x00310113) addi sp, sp, 0x3
x2 <- 0x0000000000000003
mem[X,0x00000000800166D8] -> 0x006F
mem[X,0x00000000800166DA] -> 0x0040
[2805] [M]: 0x00000000800166D8 (0x0040006F) jal zero, 0x4
mem[X,0x00000000800166DC] -> 0xBC23
mem[X,0x00000000800166DE] -> 0x6420
[2806] [M]: 0x00000000800166DC (0x6420BC23) sd sp, 0x658(ra)
mem[0x0000000080045830] <- 0x0000000000000003
mem[X,0x00000000800166E0] -> 0x5537
mem[X,0x00000000800166E2] -> 0x5555
[2807] [M]: 0x00000000800166E0 (0x55555537) lui a0, 0x55555
x10 <- 0x0000000055555000
mem[X,0x00000000800166E4] -> 0x0513
mem[X,0x00000000800166E6] -> 0x5555
[2808] [M]: 0x00000000800166E4 (0x55550513) addi a0, a0, 0x555
x10 <- 0x0000000055555555
mem[X,0x00000000800166E8] -> 0x1513
mem[X,0x00000000800166EA] -> 0x00B5
[2809] [M]: 0x00000000800166E8 (0x00B51513) slli a0, a0, 0xb
x10 <- 0x000002AAAAAAA800
mem[X,0x00000000800166EC] -> 0x0513
mem[X,0x00000000800166EE] -> 0x2AA5
[2810] [M]: 0x00000000800166EC (0x2AA50513) addi a0, a0, 0x2aa
x10 <- 0x000002AAAAAAAAAA
mem[X,0x00000000800166F0] -> 0x1513
mem[X,0x00000000800166F2] -> 0x00B5
[2811] [M]: 0x00000000800166F0 (0x00B51513) slli a0, a0, 0xb
x10 <- 0x0015555555555000
mem[X,0x00000000800166F4] -> 0x0513
mem[X,0x00000000800166F6] -> 0x5555
[2812] [M]: 0x00000000800166F4 (0x55550513) addi a0, a0, 0x555
x10 <- 0x0015555555555555
mem[X,0x00000000800166F8] -> 0x1513
mem[X,0x00000000800166FA] -> 0x00A5
[2813] [M]: 0x00000000800166F8 (0x00A51513) slli a0, a0, 0xa
x10 <- 0x5555555555555400
mem[X,0x00000000800166FC] -> 0x0513
mem[X,0x00000000800166FE] -> 0x1555
[2814] [M]: 0x00000000800166FC (0x15550513) addi a0, a0, 0x155
x10 <- 0x5555555555555555
mem[X,0x0000000080016700] -> 0x35B7
mem[X,0x0000000080016702] -> 0x3333
[2815] [M]: 0x0000000080016700 (0x333335B7) lui a1, 0x33333
x11 <- 0x0000000033333000
mem[X,0x0000000080016704] -> 0x8593
mem[X,0x0000000080016706] -> 0x3335
[2816] [M]: 0x0000000080016704 (0x33358593) addi a1, a1, 0x333
x11 <- 0x0000000033333333
mem[X,0x0000000080016708] -> 0x9593
mem[X,0x000000008001670A] -> 0x00B5
[2817] [M]: 0x0000000080016708 (0x00B59593) slli a1, a1, 0xb
x11 <- 0x0000019999999800
mem[X,0x000000008001670C] -> 0x8593
mem[X,0x000000008001670E] -> 0x1995
[2818] [M]: 0x000000008001670C (0x19958593) addi a1, a1, 0x199
x11 <- 0x0000019999999999
mem[X,0x0000000080016710] -> 0x9593
mem[X,0x0000000080016712] -> 0x00B5
[2819] [M]: 0x0000000080016710 (0x00B59593) slli a1, a1, 0xb
x11 <- 0x000CCCCCCCCCC800
mem[X,0x0000000080016714] -> 0x8593
mem[X,0x0000000080016716] -> 0x4CC5
[2820] [M]: 0x0000000080016714 (0x4CC58593) addi a1, a1, 0x4cc
x11 <- 0x000CCCCCCCCCCCCC
mem[X,0x0000000080016718] -> 0x9593
mem[X,0x000000008001671A] -> 0x00A5
[2821] [M]: 0x0000000080016718 (0x00A59593) slli a1, a1, 0xa
x11 <- 0x3333333333333000
mem[X,0x000000008001671C] -> 0x8593
mem[X,0x000000008001671E] -> 0x3325
[2822] [M]: 0x000000008001671C (0x33258593) addi a1, a1, 0x332
x11 <- 0x3333333333333332
mem[X,0x0000000080016720] -> 0x0113
mem[X,0x0000000080016722] -> 0x0000
[2823] [M]: 0x0000000080016720 (0x00000113) addi sp, zero, 0x0
x2 <- 0x0000000000000000
mem[X,0x0000000080016724] -> 0x006F
mem[X,0x0000000080016726] -> 0x00C0
[2824] [M]: 0x0000000080016724 (0x00C0006F) jal zero, 0xc
mem[X,0x0000000080016730] -> 0x1CE3
mem[X,0x0000000080016732] -> 0xFEB5
[2825] [M]: 0x0000000080016730 (0xFEB51CE3) bne a0, a1, -0x8
mem[X,0x0000000080016728] -> 0x0113
mem[X,0x000000008001672A] -> 0x0011
[2826] [M]: 0x0000000080016728 (0x00110113) addi sp, sp, 0x1
x2 <- 0x0000000000000001
mem[X,0x000000008001672C] -> 0x006F
mem[X,0x000000008001672E] -> 0x0180
[2827] [M]: 0x000000008001672C (0x0180006F) jal zero, 0x18
mem[X,0x0000000080016744] -> 0xB023
mem[X,0x0000000080016746] -> 0x6620
[2828] [M]: 0x0000000080016744 (0x6620B023) sd sp, 0x660(ra)
mem[0x0000000080045838] <- 0x0000000000000001
mem[X,0x0000000080016748] -> 0x5537
mem[X,0x000000008001674A] -> 0x5555
[2829] [M]: 0x0000000080016748 (0x55555537) lui a0, 0x55555
x10 <- 0x0000000055555000
mem[X,0x000000008001674C] -> 0x0513
mem[X,0x000000008001674E] -> 0x5555
[2830] [M]: 0x000000008001674C (0x55550513) addi a0, a0, 0x555
x10 <- 0x0000000055555555
mem[X,0x0000000080016750] -> 0x1513
mem[X,0x0000000080016752] -> 0x00B5
[2831] [M]: 0x0000000080016750 (0x00B51513) slli a0, a0, 0xb
x10 <- 0x000002AAAAAAA800
mem[X,0x0000000080016754] -> 0x0513
mem[X,0x0000000080016756] -> 0x2AA5
[2832] [M]: 0x0000000080016754 (0x2AA50513) addi a0, a0, 0x2aa
x10 <- 0x000002AAAAAAAAAA
mem[X,0x0000000080016758] -> 0x1513
mem[X,0x000000008001675A] -> 0x00B5
[2833] [M]: 0x0000000080016758 (0x00B51513) slli a0, a0, 0xb
x10 <- 0x0015555555555000
mem[X,0x000000008001675C] -> 0x0513
mem[X,0x000000008001675E] -> 0x5555
[2834] [M]: 0x000000008001675C (0x55550513) addi a0, a0, 0x555
x10 <- 0x0015555555555555
mem[X,0x0000000080016760] -> 0x1513
mem[X,0x0000000080016762] -> 0x00A5
[2835] [M]: 0x0000000080016760 (0x00A51513) slli a0, a0, 0xa
x10 <- 0x5555555555555400
mem[X,0x0000000080016764] -> 0x0513
mem[X,0x0000000080016766] -> 0x1555
[2836] [M]: 0x0000000080016764 (0x15550513) addi a0, a0, 0x155
x10 <- 0x5555555555555555
mem[X,0x0000000080016768] -> 0x65B7
mem[X,0x000000008001676A] -> 0x6666
[2837] [M]: 0x0000000080016768 (0x666665B7) lui a1, 0x66666
x11 <- 0x0000000066666000
mem[X,0x000000008001676C] -> 0x8593
mem[X,0x000000008001676E] -> 0x6665
[2838] [M]: 0x000000008001676C (0x66658593) addi a1, a1, 0x666
x11 <- 0x0000000066666666
mem[X,0x0000000080016770] -> 0x9593
mem[X,0x0000000080016772] -> 0x00B5
[2839] [M]: 0x0000000080016770 (0x00B59593) slli a1, a1, 0xb
x11 <- 0x0000033333333000
mem[X,0x0000000080016774] -> 0x8593
mem[X,0x0000000080016776] -> 0x3335
[2840] [M]: 0x0000000080016774 (0x33358593) addi a1, a1, 0x333
x11 <- 0x0000033333333333
mem[X,0x0000000080016778] -> 0x9593
mem[X,0x000000008001677A] -> 0x00B5
[2841] [M]: 0x0000000080016778 (0x00B59593) slli a1, a1, 0xb
x11 <- 0x0019999999999800
mem[X,0x000000008001677C] -> 0x8593
mem[X,0x000000008001677E] -> 0x1995
[2842] [M]: 0x000000008001677C (0x19958593) addi a1, a1, 0x199
x11 <- 0x0019999999999999
mem[X,0x0000000080016780] -> 0x9593
mem[X,0x0000000080016782] -> 0x00A5
[2843] [M]: 0x0000000080016780 (0x00A59593) slli a1, a1, 0xa
x11 <- 0x6666666666666400
mem[X,0x0000000080016784] -> 0x8593
mem[X,0x0000000080016786] -> 0x2655
[2844] [M]: 0x0000000080016784 (0x26558593) addi a1, a1, 0x265
x11 <- 0x6666666666666665
mem[X,0x0000000080016788] -> 0x0113
mem[X,0x000000008001678A] -> 0x0000
[2845] [M]: 0x0000000080016788 (0x00000113) addi sp, zero, 0x0
x2 <- 0x0000000000000000
mem[X,0x000000008001678C] -> 0x006F
mem[X,0x000000008001678E] -> 0x00C0
[2846] [M]: 0x000000008001678C (0x00C0006F) jal zero, 0xc
mem[X,0x0000000080016798] -> 0x1CE3
mem[X,0x000000008001679A] -> 0xFEB5
[2847] [M]: 0x0000000080016798 (0xFEB51CE3) bne a0, a1, -0x8
mem[X,0x0000000080016790] -> 0x0113
mem[X,0x0000000080016792] -> 0x0011
[2848] [M]: 0x0000000080016790 (0x00110113) addi sp, sp, 0x1
x2 <- 0x0000000000000001
mem[X,0x0000000080016794] -> 0x006F
mem[X,0x0000000080016796] -> 0x0180
[2849] [M]: 0x0000000080016794 (0x0180006F) jal zero, 0x18
mem[X,0x00000000800167AC] -> 0xB423
mem[X,0x00000000800167AE] -> 0x6620
[2850] [M]: 0x00000000800167AC (0x6620B423) sd sp, 0x668(ra)
mem[0x0000000080045840] <- 0x0000000000000001
mem[X,0x00000000800167B0] -> 0x5537
mem[X,0x00000000800167B2] -> 0x5555
[2851] [M]: 0x00000000800167B0 (0x55555537) lui a0, 0x55555
x10 <- 0x0000000055555000
mem[X,0x00000000800167B4] -> 0x0513
mem[X,0x00000000800167B6] -> 0x5555
[2852] [M]: 0x00000000800167B4 (0x55550513) addi a0, a0, 0x555
x10 <- 0x0000000055555555
mem[X,0x00000000800167B8] -> 0x1513
mem[X,0x00000000800167BA] -> 0x00B5
[2853] [M]: 0x00000000800167B8 (0x00B51513) slli a0, a0, 0xb
x10 <- 0x000002AAAAAAA800
mem[X,0x00000000800167BC] -> 0x0513
mem[X,0x00000000800167BE] -> 0x2AA5
[2854] [M]: 0x00000000800167BC (0x2AA50513) addi a0, a0, 0x2aa
x10 <- 0x000002AAAAAAAAAA
mem[X,0x00000000800167C0] -> 0x1513
mem[X,0x00000000800167C2] -> 0x00B5
[2855] [M]: 0x00000000800167C0 (0x00B51513) slli a0, a0, 0xb
x10 <- 0x0015555555555000
mem[X,0x00000000800167C4] -> 0x0513
mem[X,0x00000000800167C6] -> 0x5555
[2856] [M]: 0x00000000800167C4 (0x55550513) addi a0, a0, 0x555
x10 <- 0x0015555555555555
mem[X,0x00000000800167C8] -> 0x1513
mem[X,0x00000000800167CA] -> 0x00A5
[2857] [M]: 0x00000000800167C8 (0x00A51513) slli a0, a0, 0xa
x10 <- 0x5555555555555400
mem[X,0x00000000800167CC] -> 0x0513
mem[X,0x00000000800167CE] -> 0x1555
[2858] [M]: 0x00000000800167CC (0x15550513) addi a0, a0, 0x155
x10 <- 0x5555555555555555
mem[X,0x00000000800167D0] -> 0x05B7
mem[X,0x00000000800167D2] -> 0x0000
[2859] [M]: 0x00000000800167D0 (0x000005B7) lui a1, 0x0
x11 <- 0x0000000000000000
mem[X,0x00000000800167D4] -> 0x8593
mem[X,0x00000000800167D6] -> 0x0005
[2860] [M]: 0x00000000800167D4 (0x00058593) addi a1, a1, 0x0
x11 <- 0x0000000000000000
mem[X,0x00000000800167D8] -> 0x9593
mem[X,0x00000000800167DA] -> 0x00B5
[2861] [M]: 0x00000000800167D8 (0x00B59593) slli a1, a1, 0xb
x11 <- 0x0000000000000000
mem[X,0x00000000800167DC] -> 0x8593
mem[X,0x00000000800167DE] -> 0x5A85
[2862] [M]: 0x00000000800167DC (0x5A858593) addi a1, a1, 0x5a8
x11 <- 0x00000000000005A8
mem[X,0x00000000800167E0] -> 0x9593
mem[X,0x00000000800167E2] -> 0x00B5
[2863] [M]: 0x00000000800167E0 (0x00B59593) slli a1, a1, 0xb
x11 <- 0x00000000002D4000
mem[X,0x00000000800167E4] -> 0x8593
mem[X,0x00000000800167E6] -> 0x13C5
[2864] [M]: 0x00000000800167E4 (0x13C58593) addi a1, a1, 0x13c
x11 <- 0x00000000002D413C
mem[X,0x00000000800167E8] -> 0x9593
mem[X,0x00000000800167EA] -> 0x00A5
[2865] [M]: 0x00000000800167E8 (0x00A59593) slli a1, a1, 0xa
x11 <- 0x00000000B504F000
mem[X,0x00000000800167EC] -> 0x8593
mem[X,0x00000000800167EE] -> 0x3325
[2866] [M]: 0x00000000800167EC (0x33258593) addi a1, a1, 0x332
x11 <- 0x00000000B504F332
mem[X,0x00000000800167F0] -> 0x0113
mem[X,0x00000000800167F2] -> 0x0000
[2867] [M]: 0x00000000800167F0 (0x00000113) addi sp, zero, 0x0
x2 <- 0x0000000000000000
mem[X,0x00000000800167F4] -> 0x006F
mem[X,0x00000000800167F6] -> 0x00C0
[2868] [M]: 0x00000000800167F4 (0x00C0006F) jal zero, 0xc
mem[X,0x0000000080016800] -> 0x1663
mem[X,0x0000000080016802] -> 0x00B5
[2869] [M]: 0x0000000080016800 (0x00B51663) bne a0, a1, 0xc
mem[X,0x000000008001680C] -> 0x0113
mem[X,0x000000008001680E] -> 0x0031
[2870] [M]: 0x000000008001680C (0x00310113) addi sp, sp, 0x3
x2 <- 0x0000000000000003
mem[X,0x0000000080016810] -> 0x006F
mem[X,0x0000000080016812] -> 0x0040
[2871] [M]: 0x0000000080016810 (0x0040006F) jal zero, 0x4
mem[X,0x0000000080016814] -> 0xB823
mem[X,0x0000000080016816] -> 0x6620
[2872] [M]: 0x0000000080016814 (0x6620B823) sd sp, 0x670(ra)
mem[0x0000000080045848] <- 0x0000000000000003
mem[X,0x0000000080016818] -> 0x5537
mem[X,0x000000008001681A] -> 0x5555
[2873] [M]: 0x0000000080016818 (0x55555537) lui a0, 0x55555
x10 <- 0x0000000055555000
mem[X,0x000000008001681C] -> 0x0513
mem[X,0x000000008001681E] -> 0x5555
[2874] [M]: 0x000000008001681C (0x55550513) addi a0, a0, 0x555
x10 <- 0x0000000055555555
mem[X,0x0000000080016820] -> 0x1513
mem[X,0x0000000080016822] -> 0x00B5
[2875] [M]: 0x0000000080016820 (0x00B51513) slli a0, a0, 0xb
x10 <- 0x000002AAAAAAA800
mem[X,0x0000000080016824] -> 0x0513
mem[X,0x0000000080016826] -> 0x2AA5
[2876] [M]: 0x0000000080016824 (0x2AA50513) addi a0, a0, 0x2aa
x10 <- 0x000002AAAAAAAAAA
mem[X,0x0000000080016828] -> 0x1513
mem[X,0x000000008001682A] -> 0x00B5
[2877] [M]: 0x0000000080016828 (0x00B51513) slli a0, a0, 0xb
x10 <- 0x0015555555555000
mem[X,0x000000008001682C] -> 0x0513
mem[X,0x000000008001682E] -> 0x5555
[2878] [M]: 0x000000008001682C (0x55550513) addi a0, a0, 0x555
x10 <- 0x0015555555555555
mem[X,0x0000000080016830] -> 0x1513
mem[X,0x0000000080016832] -> 0x00A5
[2879] [M]: 0x0000000080016830 (0x00A51513) slli a0, a0, 0xa
x10 <- 0x5555555555555400
mem[X,0x0000000080016834] -> 0x0513
mem[X,0x0000000080016836] -> 0x1555
[2880] [M]: 0x0000000080016834 (0x15550513) addi a0, a0, 0x155
x10 <- 0x5555555555555555
mem[X,0x0000000080016838] -> 0x55B7
mem[X,0x000000008001683A] -> 0x5555
[2881] [M]: 0x0000000080016838 (0x555555B7) lui a1, 0x55555
x11 <- 0x0000000055555000
mem[X,0x000000008001683C] -> 0x8593
mem[X,0x000000008001683E] -> 0x5555
[2882] [M]: 0x000000008001683C (0x55558593) addi a1, a1, 0x555
x11 <- 0x0000000055555555
mem[X,0x0000000080016840] -> 0x9593
mem[X,0x0000000080016842] -> 0x00B5
[2883] [M]: 0x0000000080016840 (0x00B59593) slli a1, a1, 0xb
x11 <- 0x000002AAAAAAA800
mem[X,0x0000000080016844] -> 0x8593
mem[X,0x0000000080016846] -> 0x2AA5
[2884] [M]: 0x0000000080016844 (0x2AA58593) addi a1, a1, 0x2aa
x11 <- 0x000002AAAAAAAAAA
mem[X,0x0000000080016848] -> 0x9593
mem[X,0x000000008001684A] -> 0x00B5
[2885] [M]: 0x0000000080016848 (0x00B59593) slli a1, a1, 0xb
x11 <- 0x0015555555555000
mem[X,0x000000008001684C] -> 0x8593
mem[X,0x000000008001684E] -> 0x5555
[2886] [M]: 0x000000008001684C (0x55558593) addi a1, a1, 0x555
x11 <- 0x0015555555555555
mem[X,0x0000000080016850] -> 0x9593
mem[X,0x0000000080016852] -> 0x00A5
[2887] [M]: 0x0000000080016850 (0x00A59593) slli a1, a1, 0xa
x11 <- 0x5555555555555400
mem[X,0x0000000080016854] -> 0x8593
mem[X,0x0000000080016856] -> 0x1565
[2888] [M]: 0x0000000080016854 (0x15658593) addi a1, a1, 0x156
x11 <- 0x5555555555555556
mem[X,0x0000000080016858] -> 0x0113
mem[X,0x000000008001685A] -> 0x0000
[2889] [M]: 0x0000000080016858 (0x00000113) addi sp, zero, 0x0
x2 <- 0x0000000000000000
mem[X,0x000000008001685C] -> 0x006F
mem[X,0x000000008001685E] -> 0x2B10
[2890] [M]: 0x000000008001685C (0x2B10006F) jal zero, 0xab0
mem[X,0x000000008001730C] -> 0x1A63
mem[X,0x000000008001730E] -> 0xD4B5
[2891] [M]: 0x000000008001730C (0xD4B51A63) bne a0, a1, -0xaac
mem[X,0x0000000080016860] -> 0x0113
mem[X,0x0000000080016862] -> 0x0011
[2892] [M]: 0x0000000080016860 (0x00110113) addi sp, sp, 0x1
x2 <- 0x0000000000000001
mem[X,0x0000000080016864] -> 0x006F
mem[X,0x0000000080016866] -> 0x2BD0
[2893] [M]: 0x0000000080016864 (0x2BD0006F) jal zero, 0xabc
mem[X,0x0000000080017320] -> 0xBC23
mem[X,0x0000000080017322] -> 0x6620
[2894] [M]: 0x0000000080017320 (0x6620BC23) sd sp, 0x678(ra)
mem[0x0000000080045850] <- 0x0000000000000001
mem[X,0x0000000080017324] -> 0x5537
mem[X,0x0000000080017326] -> 0x5555
[2895] [M]: 0x0000000080017324 (0x55555537) lui a0, 0x55555
x10 <- 0x0000000055555000
mem[X,0x0000000080017328] -> 0x0513
mem[X,0x000000008001732A] -> 0x5555
[2896] [M]: 0x0000000080017328 (0x55550513) addi a0, a0, 0x555
x10 <- 0x0000000055555555
mem[X,0x000000008001732C] -> 0x1513
mem[X,0x000000008001732E] -> 0x00B5
[2897] [M]: 0x000000008001732C (0x00B51513) slli a0, a0, 0xb
x10 <- 0x000002AAAAAAA800
mem[X,0x0000000080017330] -> 0x0513
mem[X,0x0000000080017332] -> 0x2AA5
[2898] [M]: 0x0000000080017330 (0x2AA50513) addi a0, a0, 0x2aa
x10 <- 0x000002AAAAAAAAAA
mem[X,0x0000000080017334] -> 0x1513
mem[X,0x0000000080017336] -> 0x00B5
[2899] [M]: 0x0000000080017334 (0x00B51513) slli a0, a0, 0xb
x10 <- 0x0015555555555000
clint::tick mtime <- 0x000000000000001D
 clint timer pending at mtime 0x000000000000001D
htif::tick 0x0000000000000000
mem[X,0x0000000080017338] -> 0x0513
mem[X,0x000000008001733A] -> 0x5555
[2900] [M]: 0x0000000080017338 (0x55550513) addi a0, a0, 0x555
x10 <- 0x0015555555555555
mem[X,0x000000008001733C] -> 0x1513
mem[X,0x000000008001733E] -> 0x00A5
[2901] [M]: 0x000000008001733C (0x00A51513) slli a0, a0, 0xa
x10 <- 0x5555555555555400
mem[X,0x0000000080017340] -> 0x0513
mem[X,0x0000000080017342] -> 0x1555
[2902] [M]: 0x0000000080017340 (0x15550513) addi a0, a0, 0x155
x10 <- 0x5555555555555555
mem[X,0x0000000080017344] -> 0xB5B7
mem[X,0x0000000080017346] -> 0xAAAA
[2903] [M]: 0x0000000080017344 (0xAAAAB5B7) lui a1, -0x55555
x11 <- 0xFFFFFFFFAAAAB000
mem[X,0x0000000080017348] -> 0x8593
mem[X,0x000000008001734A] -> 0xAAA5
[2904] [M]: 0x0000000080017348 (0xAAA58593) addi a1, a1, -0x556
x11 <- 0xFFFFFFFFAAAAAAAA
mem[X,0x000000008001734C] -> 0x9593
mem[X,0x000000008001734E] -> 0x00B5
[2905] [M]: 0x000000008001734C (0x00B59593) slli a1, a1, 0xb
x11 <- 0xFFFFFD5555555000
mem[X,0x0000000080017350] -> 0x8593
mem[X,0x0000000080017352] -> 0x5555
[2906] [M]: 0x0000000080017350 (0x55558593) addi a1, a1, 0x555
x11 <- 0xFFFFFD5555555555
mem[X,0x0000000080017354] -> 0x9593
mem[X,0x0000000080017356] -> 0x00B5
[2907] [M]: 0x0000000080017354 (0x00B59593) slli a1, a1, 0xb
x11 <- 0xFFEAAAAAAAAAA800
mem[X,0x0000000080017358] -> 0x8593
mem[X,0x000000008001735A] -> 0x2AA5
[2908] [M]: 0x0000000080017358 (0x2AA58593) addi a1, a1, 0x2aa
x11 <- 0xFFEAAAAAAAAAAAAA
mem[X,0x000000008001735C] -> 0x9593
mem[X,0x000000008001735E] -> 0x00A5
[2909] [M]: 0x000000008001735C (0x00A59593) slli a1, a1, 0xa
x11 <- 0xAAAAAAAAAAAAA800
mem[X,0x0000000080017360] -> 0x8593
mem[X,0x0000000080017362] -> 0x2AB5
[2910] [M]: 0x0000000080017360 (0x2AB58593) addi a1, a1, 0x2ab
x11 <- 0xAAAAAAAAAAAAAAAB
mem[X,0x0000000080017364] -> 0x0113
mem[X,0x0000000080017366] -> 0x0000
[2911] [M]: 0x0000000080017364 (0x00000113) addi sp, zero, 0x0
x2 <- 0x0000000000000000
mem[X,0x0000000080017368] -> 0x006F
mem[X,0x000000008001736A] -> 0x00C0
[2912] [M]: 0x0000000080017368 (0x00C0006F) jal zero, 0xc
mem[X,0x0000000080017374] -> 0x1CE3
mem[X,0x0000000080017376] -> 0xFEB5
[2913] [M]: 0x0000000080017374 (0xFEB51CE3) bne a0, a1, -0x8
mem[X,0x000000008001736C] -> 0x0113
mem[X,0x000000008001736E] -> 0x0011
[2914] [M]: 0x000000008001736C (0x00110113) addi sp, sp, 0x1
x2 <- 0x0000000000000001
mem[X,0x0000000080017370] -> 0x006F
mem[X,0x0000000080017372] -> 0x0180
[2915] [M]: 0x0000000080017370 (0x0180006F) jal zero, 0x18
mem[X,0x0000000080017388] -> 0xB023
mem[X,0x000000008001738A] -> 0x6820
[2916] [M]: 0x0000000080017388 (0x6820B023) sd sp, 0x680(ra)
mem[0x0000000080045858] <- 0x0000000000000001
mem[X,0x000000008001738C] -> 0x5537
mem[X,0x000000008001738E] -> 0x5555
[2917] [M]: 0x000000008001738C (0x55555537) lui a0, 0x55555
x10 <- 0x0000000055555000
mem[X,0x0000000080017390] -> 0x0513
mem[X,0x0000000080017392] -> 0x5555
[2918] [M]: 0x0000000080017390 (0x55550513) addi a0, a0, 0x555
x10 <- 0x0000000055555555
mem[X,0x0000000080017394] -> 0x1513
mem[X,0x0000000080017396] -> 0x00B5
[2919] [M]: 0x0000000080017394 (0x00B51513) slli a0, a0, 0xb
x10 <- 0x000002AAAAAAA800
mem[X,0x0000000080017398] -> 0x0513
mem[X,0x000000008001739A] -> 0x2AA5
[2920] [M]: 0x0000000080017398 (0x2AA50513) addi a0, a0, 0x2aa
x10 <- 0x000002AAAAAAAAAA
mem[X,0x000000008001739C] -> 0x1513
mem[X,0x000000008001739E] -> 0x00B5
[2921] [M]: 0x000000008001739C (0x00B51513) slli a0, a0, 0xb
x10 <- 0x0015555555555000
mem[X,0x00000000800173A0] -> 0x0513
mem[X,0x00000000800173A2] -> 0x5555
[2922] [M]: 0x00000000800173A0 (0x55550513) addi a0, a0, 0x555
x10 <- 0x0015555555555555
mem[X,0x00000000800173A4] -> 0x1513
mem[X,0x00000000800173A6] -> 0x00A5
[2923] [M]: 0x00000000800173A4 (0x00A51513) slli a0, a0, 0xa
x10 <- 0x5555555555555400
mem[X,0x00000000800173A8] -> 0x0513
mem[X,0x00000000800173AA] -> 0x1555
[2924] [M]: 0x00000000800173A8 (0x15550513) addi a0, a0, 0x155
x10 <- 0x5555555555555555
mem[X,0x00000000800173AC] -> 0x0593
mem[X,0x00000000800173AE] -> 0x0060
[2925] [M]: 0x00000000800173AC (0x00600593) addi a1, zero, 0x6
x11 <- 0x0000000000000006
mem[X,0x00000000800173B0] -> 0x0113
mem[X,0x00000000800173B2] -> 0x0000
[2926] [M]: 0x00000000800173B0 (0x00000113) addi sp, zero, 0x0
x2 <- 0x0000000000000000
mem[X,0x00000000800173B4] -> 0x006F
mem[X,0x00000000800173B6] -> 0x00C0
[2927] [M]: 0x00000000800173B4 (0x00C0006F) jal zero, 0xc
mem[X,0x00000000800173C0] -> 0x1063
mem[X,0x00000000800173C2] -> 0x08B5
[2928] [M]: 0x00000000800173C0 (0x08B51063) bne a0, a1, 0x80
mem[X,0x0000000080017440] -> 0x0113
mem[X,0x0000000080017442] -> 0x0031
[2929] [M]: 0x0000000080017440 (0x00310113) addi sp, sp, 0x3
x2 <- 0x0000000000000003
mem[X,0x0000000080017444] -> 0x006F
mem[X,0x0000000080017446] -> 0x0040
[2930] [M]: 0x0000000080017444 (0x0040006F) jal zero, 0x4
mem[X,0x0000000080017448] -> 0xB423
mem[X,0x000000008001744A] -> 0x6820
[2931] [M]: 0x0000000080017448 (0x6820B423) sd sp, 0x688(ra)
mem[0x0000000080045860] <- 0x0000000000000003
mem[X,0x000000008001744C] -> 0x5537
mem[X,0x000000008001744E] -> 0x5555
[2932] [M]: 0x000000008001744C (0x55555537) lui a0, 0x55555
x10 <- 0x0000000055555000
mem[X,0x0000000080017450] -> 0x0513
mem[X,0x0000000080017452] -> 0x5555
[2933] [M]: 0x0000000080017450 (0x55550513) addi a0, a0, 0x555
x10 <- 0x0000000055555555
mem[X,0x0000000080017454] -> 0x1513
mem[X,0x0000000080017456] -> 0x00B5
[2934] [M]: 0x0000000080017454 (0x00B51513) slli a0, a0, 0xb
x10 <- 0x000002AAAAAAA800
mem[X,0x0000000080017458] -> 0x0513
mem[X,0x000000008001745A] -> 0x2AA5
[2935] [M]: 0x0000000080017458 (0x2AA50513) addi a0, a0, 0x2aa
x10 <- 0x000002AAAAAAAAAA
mem[X,0x000000008001745C] -> 0x1513
mem[X,0x000000008001745E] -> 0x00B5
[2936] [M]: 0x000000008001745C (0x00B51513) slli a0, a0, 0xb
x10 <- 0x0015555555555000
mem[X,0x0000000080017460] -> 0x0513
mem[X,0x0000000080017462] -> 0x5555
[2937] [M]: 0x0000000080017460 (0x55550513) addi a0, a0, 0x555
x10 <- 0x0015555555555555
mem[X,0x0000000080017464] -> 0x1513
mem[X,0x0000000080017466] -> 0x00A5
[2938] [M]: 0x0000000080017464 (0x00A51513) slli a0, a0, 0xa
x10 <- 0x5555555555555400
mem[X,0x0000000080017468] -> 0x0513
mem[X,0x000000008001746A] -> 0x1555
[2939] [M]: 0x0000000080017468 (0x15550513) addi a0, a0, 0x155
x10 <- 0x5555555555555555
mem[X,0x000000008001746C] -> 0x35B7
mem[X,0x000000008001746E] -> 0x3333
[2940] [M]: 0x000000008001746C (0x333335B7) lui a1, 0x33333
x11 <- 0x0000000033333000
mem[X,0x0000000080017470] -> 0x8593
mem[X,0x0000000080017472] -> 0x3335
[2941] [M]: 0x0000000080017470 (0x33358593) addi a1, a1, 0x333
x11 <- 0x0000000033333333
mem[X,0x0000000080017474] -> 0x9593
mem[X,0x0000000080017476] -> 0x00B5
[2942] [M]: 0x0000000080017474 (0x00B59593) slli a1, a1, 0xb
x11 <- 0x0000019999999800
mem[X,0x0000000080017478] -> 0x8593
mem[X,0x000000008001747A] -> 0x1995
[2943] [M]: 0x0000000080017478 (0x19958593) addi a1, a1, 0x199
x11 <- 0x0000019999999999
mem[X,0x000000008001747C] -> 0x9593
mem[X,0x000000008001747E] -> 0x00B5
[2944] [M]: 0x000000008001747C (0x00B59593) slli a1, a1, 0xb
x11 <- 0x000CCCCCCCCCC800
mem[X,0x0000000080017480] -> 0x8593
mem[X,0x0000000080017482] -> 0x4CC5
[2945] [M]: 0x0000000080017480 (0x4CC58593) addi a1, a1, 0x4cc
x11 <- 0x000CCCCCCCCCCCCC
mem[X,0x0000000080017484] -> 0x9593
mem[X,0x0000000080017486] -> 0x00A5
[2946] [M]: 0x0000000080017484 (0x00A59593) slli a1, a1, 0xa
x11 <- 0x3333333333333000
mem[X,0x0000000080017488] -> 0x8593
mem[X,0x000000008001748A] -> 0x3345
[2947] [M]: 0x0000000080017488 (0x33458593) addi a1, a1, 0x334
x11 <- 0x3333333333333334
mem[X,0x000000008001748C] -> 0x0113
mem[X,0x000000008001748E] -> 0x0000
[2948] [M]: 0x000000008001748C (0x00000113) addi sp, zero, 0x0
x2 <- 0x0000000000000000
mem[X,0x0000000080017490] -> 0x006F
mem[X,0x0000000080017492] -> 0x00C0
[2949] [M]: 0x0000000080017490 (0x00C0006F) jal zero, 0xc
mem[X,0x000000008001749C] -> 0x1CE3
mem[X,0x000000008001749E] -> 0xFEB5
[2950] [M]: 0x000000008001749C (0xFEB51CE3) bne a0, a1, -0x8
mem[X,0x0000000080017494] -> 0x0113
mem[X,0x0000000080017496] -> 0x0011
[2951] [M]: 0x0000000080017494 (0x00110113) addi sp, sp, 0x1
x2 <- 0x0000000000000001
mem[X,0x0000000080017498] -> 0x006F
mem[X,0x000000008001749A] -> 0x0180
[2952] [M]: 0x0000000080017498 (0x0180006F) jal zero, 0x18
mem[X,0x00000000800174B0] -> 0xB823
mem[X,0x00000000800174B2] -> 0x6820
[2953] [M]: 0x00000000800174B0 (0x6820B823) sd sp, 0x690(ra)
mem[0x0000000080045868] <- 0x0000000000000001
mem[X,0x00000000800174B4] -> 0x5537
mem[X,0x00000000800174B6] -> 0x5555
[2954] [M]: 0x00000000800174B4 (0x55555537) lui a0, 0x55555
x10 <- 0x0000000055555000
mem[X,0x00000000800174B8] -> 0x0513
mem[X,0x00000000800174BA] -> 0x5555
[2955] [M]: 0x00000000800174B8 (0x55550513) addi a0, a0, 0x555
x10 <- 0x0000000055555555
mem[X,0x00000000800174BC] -> 0x1513
mem[X,0x00000000800174BE] -> 0x00B5
[2956] [M]: 0x00000000800174BC (0x00B51513) slli a0, a0, 0xb
x10 <- 0x000002AAAAAAA800
mem[X,0x00000000800174C0] -> 0x0513
mem[X,0x00000000800174C2] -> 0x2AA5
[2957] [M]: 0x00000000800174C0 (0x2AA50513) addi a0, a0, 0x2aa
x10 <- 0x000002AAAAAAAAAA
mem[X,0x00000000800174C4] -> 0x1513
mem[X,0x00000000800174C6] -> 0x00B5
[2958] [M]: 0x00000000800174C4 (0x00B51513) slli a0, a0, 0xb
x10 <- 0x0015555555555000
mem[X,0x00000000800174C8] -> 0x0513
mem[X,0x00000000800174CA] -> 0x5555
[2959] [M]: 0x00000000800174C8 (0x55550513) addi a0, a0, 0x555
x10 <- 0x0015555555555555
mem[X,0x00000000800174CC] -> 0x1513
mem[X,0x00000000800174CE] -> 0x00A5
[2960] [M]: 0x00000000800174CC (0x00A51513) slli a0, a0, 0xa
x10 <- 0x5555555555555400
mem[X,0x00000000800174D0] -> 0x0513
mem[X,0x00000000800174D2] -> 0x1555
[2961] [M]: 0x00000000800174D0 (0x15550513) addi a0, a0, 0x155
x10 <- 0x5555555555555555
mem[X,0x00000000800174D4] -> 0x65B7
mem[X,0x00000000800174D6] -> 0x6666
[2962] [M]: 0x00000000800174D4 (0x666665B7) lui a1, 0x66666
x11 <- 0x0000000066666000
mem[X,0x00000000800174D8] -> 0x8593
mem[X,0x00000000800174DA] -> 0x6665
[2963] [M]: 0x00000000800174D8 (0x66658593) addi a1, a1, 0x666
x11 <- 0x0000000066666666
mem[X,0x00000000800174DC] -> 0x9593
mem[X,0x00000000800174DE] -> 0x00B5
[2964] [M]: 0x00000000800174DC (0x00B59593) slli a1, a1, 0xb
x11 <- 0x0000033333333000
mem[X,0x00000000800174E0] -> 0x8593
mem[X,0x00000000800174E2] -> 0x3335
[2965] [M]: 0x00000000800174E0 (0x33358593) addi a1, a1, 0x333
x11 <- 0x0000033333333333
mem[X,0x00000000800174E4] -> 0x9593
mem[X,0x00000000800174E6] -> 0x00B5
[2966] [M]: 0x00000000800174E4 (0x00B59593) slli a1, a1, 0xb
x11 <- 0x0019999999999800
mem[X,0x00000000800174E8] -> 0x8593
mem[X,0x00000000800174EA] -> 0x1995
[2967] [M]: 0x00000000800174E8 (0x19958593) addi a1, a1, 0x199
x11 <- 0x0019999999999999
mem[X,0x00000000800174EC] -> 0x9593
mem[X,0x00000000800174EE] -> 0x00A5
[2968] [M]: 0x00000000800174EC (0x00A59593) slli a1, a1, 0xa
x11 <- 0x6666666666666400
mem[X,0x00000000800174F0] -> 0x8593
mem[X,0x00000000800174F2] -> 0x2675
[2969] [M]: 0x00000000800174F0 (0x26758593) addi a1, a1, 0x267
x11 <- 0x6666666666666667
mem[X,0x00000000800174F4] -> 0x0113
mem[X,0x00000000800174F6] -> 0x0000
[2970] [M]: 0x00000000800174F4 (0x00000113) addi sp, zero, 0x0
x2 <- 0x0000000000000000
mem[X,0x00000000800174F8] -> 0x006F
mem[X,0x00000000800174FA] -> 0x00C0
[2971] [M]: 0x00000000800174F8 (0x00C0006F) jal zero, 0xc
mem[X,0x0000000080017504] -> 0x1063
mem[X,0x0000000080017506] -> 0x04B5
[2972] [M]: 0x0000000080017504 (0x04B51063) bne a0, a1, 0x40
mem[X,0x0000000080017544] -> 0x0113
mem[X,0x0000000080017546] -> 0x0031
[2973] [M]: 0x0000000080017544 (0x00310113) addi sp, sp, 0x3
x2 <- 0x0000000000000003
mem[X,0x0000000080017548] -> 0x006F
mem[X,0x000000008001754A] -> 0x0040
[2974] [M]: 0x0000000080017548 (0x0040006F) jal zero, 0x4
mem[X,0x000000008001754C] -> 0xBC23
mem[X,0x000000008001754E] -> 0x6820
[2975] [M]: 0x000000008001754C (0x6820BC23) sd sp, 0x698(ra)
mem[0x0000000080045870] <- 0x0000000000000003
mem[X,0x0000000080017550] -> 0x5537
mem[X,0x0000000080017552] -> 0x5555
[2976] [M]: 0x0000000080017550 (0x55555537) lui a0, 0x55555
x10 <- 0x0000000055555000
mem[X,0x0000000080017554] -> 0x0513
mem[X,0x0000000080017556] -> 0x5555
[2977] [M]: 0x0000000080017554 (0x55550513) addi a0, a0, 0x555
x10 <- 0x0000000055555555
mem[X,0x0000000080017558] -> 0x1513
mem[X,0x000000008001755A] -> 0x00B5
[2978] [M]: 0x0000000080017558 (0x00B51513) slli a0, a0, 0xb
x10 <- 0x000002AAAAAAA800
mem[X,0x000000008001755C] -> 0x0513
mem[X,0x000000008001755E] -> 0x2AA5
[2979] [M]: 0x000000008001755C (0x2AA50513) addi a0, a0, 0x2aa
x10 <- 0x000002AAAAAAAAAA
mem[X,0x0000000080017560] -> 0x1513
mem[X,0x0000000080017562] -> 0x00B5
[2980] [M]: 0x0000000080017560 (0x00B51513) slli a0, a0, 0xb
x10 <- 0x0015555555555000
mem[X,0x0000000080017564] -> 0x0513
mem[X,0x0000000080017566] -> 0x5555
[2981] [M]: 0x0000000080017564 (0x55550513) addi a0, a0, 0x555
x10 <- 0x0015555555555555
mem[X,0x0000000080017568] -> 0x1513
mem[X,0x000000008001756A] -> 0x00A5
[2982] [M]: 0x0000000080017568 (0x00A51513) slli a0, a0, 0xa
x10 <- 0x5555555555555400
mem[X,0x000000008001756C] -> 0x0513
mem[X,0x000000008001756E] -> 0x1555
[2983] [M]: 0x000000008001756C (0x15550513) addi a0, a0, 0x155
x10 <- 0x5555555555555555
mem[X,0x0000000080017570] -> 0x05B7
mem[X,0x0000000080017572] -> 0x0000
[2984] [M]: 0x0000000080017570 (0x000005B7) lui a1, 0x0
x11 <- 0x0000000000000000
mem[X,0x0000000080017574] -> 0x8593
mem[X,0x0000000080017576] -> 0xFFF5
[2985] [M]: 0x0000000080017574 (0xFFF58593) addi a1, a1, -0x1
x11 <- 0xFFFFFFFFFFFFFFFF
mem[X,0x0000000080017578] -> 0x9593
mem[X,0x000000008001757A] -> 0x00B5
[2986] [M]: 0x0000000080017578 (0x00B59593) slli a1, a1, 0xb
x11 <- 0xFFFFFFFFFFFFF800
mem[X,0x000000008001757C] -> 0x8593
mem[X,0x000000008001757E] -> 0x2575
[2987] [M]: 0x000000008001757C (0x25758593) addi a1, a1, 0x257
x11 <- 0xFFFFFFFFFFFFFA57
mem[X,0x0000000080017580] -> 0x9593
mem[X,0x0000000080017582] -> 0x00B5
[2988] [M]: 0x0000000080017580 (0x00B59593) slli a1, a1, 0xb
x11 <- 0xFFFFFFFFFFD2B800
mem[X,0x0000000080017584] -> 0x8593
mem[X,0x0000000080017586] -> 0x6C35
[2989] [M]: 0x0000000080017584 (0x6C358593) addi a1, a1, 0x6c3
x11 <- 0xFFFFFFFFFFD2BEC3
mem[X,0x0000000080017588] -> 0x9593
mem[X,0x000000008001758A] -> 0x00A5
[2990] [M]: 0x0000000080017588 (0x00A59593) slli a1, a1, 0xa
x11 <- 0xFFFFFFFF4AFB0C00
mem[X,0x000000008001758C] -> 0x8593
mem[X,0x000000008001758E] -> 0x0CE5
[2991] [M]: 0x000000008001758C (0x0CE58593) addi a1, a1, 0xce
x11 <- 0xFFFFFFFF4AFB0CCE
mem[X,0x0000000080017590] -> 0x0113
mem[X,0x0000000080017592] -> 0x0000
[2992] [M]: 0x0000000080017590 (0x00000113) addi sp, zero, 0x0
x2 <- 0x0000000000000000
mem[X,0x0000000080017594] -> 0x006F
mem[X,0x0000000080017596] -> 0x0050
[2993] [M]: 0x0000000080017594 (0x0050006F) jal zero, 0x804
mem[X,0x0000000080017D98] -> 0x10E3
mem[X,0x0000000080017D9A] -> 0x80B5
[2994] [M]: 0x0000000080017D98 (0x80B510E3) bne a0, a1, -0x800
mem[X,0x0000000080017598] -> 0x0113
mem[X,0x000000008001759A] -> 0x0011
[2995] [M]: 0x0000000080017598 (0x00110113) addi sp, sp, 0x1
x2 <- 0x0000000000000001
mem[X,0x000000008001759C] -> 0x006F
mem[X,0x000000008001759E] -> 0x0110
[2996] [M]: 0x000000008001759C (0x0110006F) jal zero, 0x810
mem[X,0x0000000080017DAC] -> 0xB023
mem[X,0x0000000080017DAE] -> 0x6A20
[2997] [M]: 0x0000000080017DAC (0x6A20B023) sd sp, 0x6a0(ra)
mem[0x0000000080045878] <- 0x0000000000000001
mem[X,0x0000000080017DB0] -> 0x5537
mem[X,0x0000000080017DB2] -> 0x5555
[2998] [M]: 0x0000000080017DB0 (0x55555537) lui a0, 0x55555
x10 <- 0x0000000055555000
mem[X,0x0000000080017DB4] -> 0x0513
mem[X,0x0000000080017DB6] -> 0x5555
[2999] [M]: 0x0000000080017DB4 (0x55550513) addi a0, a0, 0x555
x10 <- 0x0000000055555555
clint::tick mtime <- 0x000000000000001E
 clint timer pending at mtime 0x000000000000001E
htif::tick 0x0000000000000000
mem[X,0x0000000080017DB8] -> 0x1513
mem[X,0x0000000080017DBA] -> 0x00B5
[3000] [M]: 0x0000000080017DB8 (0x00B51513) slli a0, a0, 0xb
x10 <- 0x000002AAAAAAA800
mem[X,0x0000000080017DBC] -> 0x0513
mem[X,0x0000000080017DBE] -> 0x2AA5
[3001] [M]: 0x0000000080017DBC (0x2AA50513) addi a0, a0, 0x2aa
x10 <- 0x000002AAAAAAAAAA
mem[X,0x0000000080017DC0] -> 0x1513
mem[X,0x0000000080017DC2] -> 0x00B5
[3002] [M]: 0x0000000080017DC0 (0x00B51513) slli a0, a0, 0xb
x10 <- 0x0015555555555000
mem[X,0x0000000080017DC4] -> 0x0513
mem[X,0x0000000080017DC6] -> 0x5555
[3003] [M]: 0x0000000080017DC4 (0x55550513) addi a0, a0, 0x555
x10 <- 0x0015555555555555
mem[X,0x0000000080017DC8] -> 0x1513
mem[X,0x0000000080017DCA] -> 0x00A5
[3004] [M]: 0x0000000080017DC8 (0x00A51513) slli a0, a0, 0xa
x10 <- 0x5555555555555400
mem[X,0x0000000080017DCC] -> 0x0513
mem[X,0x0000000080017DCE] -> 0x1555
[3005] [M]: 0x0000000080017DCC (0x15550513) addi a0, a0, 0x155
x10 <- 0x5555555555555555
mem[X,0x0000000080017DD0] -> 0x05B7
mem[X,0x0000000080017DD2] -> 0x0000
[3006] [M]: 0x0000000080017DD0 (0x000005B7) lui a1, 0x0
x11 <- 0x0000000000000000
mem[X,0x0000000080017DD4] -> 0x8593
mem[X,0x0000000080017DD6] -> 0x0005
[3007] [M]: 0x0000000080017DD4 (0x00058593) addi a1, a1, 0x0
x11 <- 0x0000000000000000
mem[X,0x0000000080017DD8] -> 0x9593
mem[X,0x0000000080017DDA] -> 0x00B5
[3008] [M]: 0x0000000080017DD8 (0x00B59593) slli a1, a1, 0xb
x11 <- 0x0000000000000000
mem[X,0x0000000080017DDC] -> 0x8593
mem[X,0x0000000080017DDE] -> 0x5A85
[3009] [M]: 0x0000000080017DDC (0x5A858593) addi a1, a1, 0x5a8
x11 <- 0x00000000000005A8
mem[X,0x0000000080017DE0] -> 0x9593
mem[X,0x0000000080017DE2] -> 0x00B5
[3010] [M]: 0x0000000080017DE0 (0x00B59593) slli a1, a1, 0xb
x11 <- 0x00000000002D4000
mem[X,0x0000000080017DE4] -> 0x8593
mem[X,0x0000000080017DE6] -> 0x13C5
[3011] [M]: 0x0000000080017DE4 (0x13C58593) addi a1, a1, 0x13c
x11 <- 0x00000000002D413C
mem[X,0x0000000080017DE8] -> 0x9593
mem[X,0x0000000080017DEA] -> 0x00A5
[3012] [M]: 0x0000000080017DE8 (0x00A59593) slli a1, a1, 0xa
x11 <- 0x00000000B504F000
mem[X,0x0000000080017DEC] -> 0x8593
mem[X,0x0000000080017DEE] -> 0x3345
[3013] [M]: 0x0000000080017DEC (0x33458593) addi a1, a1, 0x334
x11 <- 0x00000000B504F334
mem[X,0x0000000080017DF0] -> 0x0113
mem[X,0x0000000080017DF2] -> 0x0000
[3014] [M]: 0x0000000080017DF0 (0x00000113) addi sp, zero, 0x0
x2 <- 0x0000000000000000
mem[X,0x0000000080017DF4] -> 0x006F
mem[X,0x0000000080017DF6] -> 0x0100
[3015] [M]: 0x0000000080017DF4 (0x0100006F) jal zero, 0x10
mem[X,0x0000000080017E04] -> 0x1AE3
mem[X,0x0000000080017E06] -> 0xFEB5
[3016] [M]: 0x0000000080017E04 (0xFEB51AE3) bne a0, a1, -0xc
mem[X,0x0000000080017DF8] -> 0x0113
mem[X,0x0000000080017DFA] -> 0x0011
[3017] [M]: 0x0000000080017DF8 (0x00110113) addi sp, sp, 0x1
x2 <- 0x0000000000000001
mem[X,0x0000000080017DFC] -> 0x006F
mem[X,0x0000000080017DFE] -> 0x01C0
[3018] [M]: 0x0000000080017DFC (0x01C0006F) jal zero, 0x1c
mem[X,0x0000000080017E18] -> 0xB423
mem[X,0x0000000080017E1A] -> 0x6A20
[3019] [M]: 0x0000000080017E18 (0x6A20B423) sd sp, 0x6a8(ra)
mem[0x0000000080045880] <- 0x0000000000000001
mem[X,0x0000000080017E1C] -> 0xB537
mem[X,0x0000000080017E1E] -> 0xAAAA
[3020] [M]: 0x0000000080017E1C (0xAAAAB537) lui a0, -0x55555
x10 <- 0xFFFFFFFFAAAAB000
mem[X,0x0000000080017E20] -> 0x0513
mem[X,0x0000000080017E22] -> 0xAAA5
[3021] [M]: 0x0000000080017E20 (0xAAA50513) addi a0, a0, -0x556
x10 <- 0xFFFFFFFFAAAAAAAA
mem[X,0x0000000080017E24] -> 0x1513
mem[X,0x0000000080017E26] -> 0x00B5
[3022] [M]: 0x0000000080017E24 (0x00B51513) slli a0, a0, 0xb
x10 <- 0xFFFFFD5555555000
mem[X,0x0000000080017E28] -> 0x0513
mem[X,0x0000000080017E2A] -> 0x5555
[3023] [M]: 0x0000000080017E28 (0x55550513) addi a0, a0, 0x555
x10 <- 0xFFFFFD5555555555
mem[X,0x0000000080017E2C] -> 0x1513
mem[X,0x0000000080017E2E] -> 0x00B5
[3024] [M]: 0x0000000080017E2C (0x00B51513) slli a0, a0, 0xb
x10 <- 0xFFEAAAAAAAAAA800
mem[X,0x0000000080017E30] -> 0x0513
mem[X,0x0000000080017E32] -> 0x2AA5
[3025] [M]: 0x0000000080017E30 (0x2AA50513) addi a0, a0, 0x2aa
x10 <- 0xFFEAAAAAAAAAAAAA
mem[X,0x0000000080017E34] -> 0x1513
mem[X,0x0000000080017E36] -> 0x00A5
[3026] [M]: 0x0000000080017E34 (0x00A51513) slli a0, a0, 0xa
x10 <- 0xAAAAAAAAAAAAA800
mem[X,0x0000000080017E38] -> 0x0513
mem[X,0x0000000080017E3A] -> 0x2AA5
[3027] [M]: 0x0000000080017E38 (0x2AA50513) addi a0, a0, 0x2aa
x10 <- 0xAAAAAAAAAAAAAAAA
mem[X,0x0000000080017E3C] -> 0x0593
mem[X,0x0000000080017E3E] -> 0x0030
[3028] [M]: 0x0000000080017E3C (0x00300593) addi a1, zero, 0x3
x11 <- 0x0000000000000003
mem[X,0x0000000080017E40] -> 0x0113
mem[X,0x0000000080017E42] -> 0x0000
[3029] [M]: 0x0000000080017E40 (0x00000113) addi sp, zero, 0x0
x2 <- 0x0000000000000000
mem[X,0x0000000080017E44] -> 0x006F
mem[X,0x0000000080017E46] -> 0x00C0
[3030] [M]: 0x0000000080017E44 (0x00C0006F) jal zero, 0xc
mem[X,0x0000000080017E50] -> 0x1863
mem[X,0x0000000080017E52] -> 0x00B5
[3031] [M]: 0x0000000080017E50 (0x00B51863) bne a0, a1, 0x10
mem[X,0x0000000080017E60] -> 0x0113
mem[X,0x0000000080017E62] -> 0x0031
[3032] [M]: 0x0000000080017E60 (0x00310113) addi sp, sp, 0x3
x2 <- 0x0000000000000003
mem[X,0x0000000080017E64] -> 0x006F
mem[X,0x0000000080017E66] -> 0x0040
[3033] [M]: 0x0000000080017E64 (0x0040006F) jal zero, 0x4
mem[X,0x0000000080017E68] -> 0xB823
mem[X,0x0000000080017E6A] -> 0x6A20
[3034] [M]: 0x0000000080017E68 (0x6A20B823) sd sp, 0x6b0(ra)
mem[0x0000000080045888] <- 0x0000000000000003
mem[X,0x0000000080017E6C] -> 0xB537
mem[X,0x0000000080017E6E] -> 0xAAAA
[3035] [M]: 0x0000000080017E6C (0xAAAAB537) lui a0, -0x55555
x10 <- 0xFFFFFFFFAAAAB000
mem[X,0x0000000080017E70] -> 0x0513
mem[X,0x0000000080017E72] -> 0xAAA5
[3036] [M]: 0x0000000080017E70 (0xAAA50513) addi a0, a0, -0x556
x10 <- 0xFFFFFFFFAAAAAAAA
mem[X,0x0000000080017E74] -> 0x1513
mem[X,0x0000000080017E76] -> 0x00B5
[3037] [M]: 0x0000000080017E74 (0x00B51513) slli a0, a0, 0xb
x10 <- 0xFFFFFD5555555000
mem[X,0x0000000080017E78] -> 0x0513
mem[X,0x0000000080017E7A] -> 0x5555
[3038] [M]: 0x0000000080017E78 (0x55550513) addi a0, a0, 0x555
x10 <- 0xFFFFFD5555555555
mem[X,0x0000000080017E7C] -> 0x1513
mem[X,0x0000000080017E7E] -> 0x00B5
[3039] [M]: 0x0000000080017E7C (0x00B51513) slli a0, a0, 0xb
x10 <- 0xFFEAAAAAAAAAA800
mem[X,0x0000000080017E80] -> 0x0513
mem[X,0x0000000080017E82] -> 0x2AA5
[3040] [M]: 0x0000000080017E80 (0x2AA50513) addi a0, a0, 0x2aa
x10 <- 0xFFEAAAAAAAAAAAAA
mem[X,0x0000000080017E84] -> 0x1513
mem[X,0x0000000080017E86] -> 0x00A5
[3041] [M]: 0x0000000080017E84 (0x00A51513) slli a0, a0, 0xa
x10 <- 0xAAAAAAAAAAAAA800
mem[X,0x0000000080017E88] -> 0x0513
mem[X,0x0000000080017E8A] -> 0x2AA5
[3042] [M]: 0x0000000080017E88 (0x2AA50513) addi a0, a0, 0x2aa
x10 <- 0xAAAAAAAAAAAAAAAA
mem[X,0x0000000080017E8C] -> 0x55B7
mem[X,0x0000000080017E8E] -> 0x5555
[3043] [M]: 0x0000000080017E8C (0x555555B7) lui a1, 0x55555
x11 <- 0x0000000055555000
mem[X,0x0000000080017E90] -> 0x8593
mem[X,0x0000000080017E92] -> 0x5555
[3044] [M]: 0x0000000080017E90 (0x55558593) addi a1, a1, 0x555
x11 <- 0x0000000055555555
mem[X,0x0000000080017E94] -> 0x9593
mem[X,0x0000000080017E96] -> 0x00B5
[3045] [M]: 0x0000000080017E94 (0x00B59593) slli a1, a1, 0xb
x11 <- 0x000002AAAAAAA800
mem[X,0x0000000080017E98] -> 0x8593
mem[X,0x0000000080017E9A] -> 0x2AA5
[3046] [M]: 0x0000000080017E98 (0x2AA58593) addi a1, a1, 0x2aa
x11 <- 0x000002AAAAAAAAAA
mem[X,0x0000000080017E9C] -> 0x9593
mem[X,0x0000000080017E9E] -> 0x00B5
[3047] [M]: 0x0000000080017E9C (0x00B59593) slli a1, a1, 0xb
x11 <- 0x0015555555555000
mem[X,0x0000000080017EA0] -> 0x8593
mem[X,0x0000000080017EA2] -> 0x5555
[3048] [M]: 0x0000000080017EA0 (0x55558593) addi a1, a1, 0x555
x11 <- 0x0015555555555555
mem[X,0x0000000080017EA4] -> 0x9593
mem[X,0x0000000080017EA6] -> 0x00A5
[3049] [M]: 0x0000000080017EA4 (0x00A59593) slli a1, a1, 0xa
x11 <- 0x5555555555555400
mem[X,0x0000000080017EA8] -> 0x8593
mem[X,0x0000000080017EAA] -> 0x1555
[3050] [M]: 0x0000000080017EA8 (0x15558593) addi a1, a1, 0x155
x11 <- 0x5555555555555555
mem[X,0x0000000080017EAC] -> 0x0113
mem[X,0x0000000080017EAE] -> 0x0000
[3051] [M]: 0x0000000080017EAC (0x00000113) addi sp, zero, 0x0
x2 <- 0x0000000000000000
mem[X,0x0000000080017EB0] -> 0x006F
mem[X,0x0000000080017EB2] -> 0x00C0
[3052] [M]: 0x0000000080017EB0 (0x00C0006F) jal zero, 0xc
mem[X,0x0000000080017EBC] -> 0x1063
mem[X,0x0000000080017EBE] -> 0x10B5
[3053] [M]: 0x0000000080017EBC (0x10B51063) bne a0, a1, 0x100
mem[X,0x0000000080017FBC] -> 0x0113
mem[X,0x0000000080017FBE] -> 0x0031
[3054] [M]: 0x0000000080017FBC (0x00310113) addi sp, sp, 0x3
x2 <- 0x0000000000000003
mem[X,0x0000000080017FC0] -> 0x006F
mem[X,0x0000000080017FC2] -> 0x0040
[3055] [M]: 0x0000000080017FC0 (0x0040006F) jal zero, 0x4
mem[X,0x0000000080017FC4] -> 0xBC23
mem[X,0x0000000080017FC6] -> 0x6A20
[3056] [M]: 0x0000000080017FC4 (0x6A20BC23) sd sp, 0x6b8(ra)
mem[0x0000000080045890] <- 0x0000000000000003
mem[X,0x0000000080017FC8] -> 0xB537
mem[X,0x0000000080017FCA] -> 0xAAAA
[3057] [M]: 0x0000000080017FC8 (0xAAAAB537) lui a0, -0x55555
x10 <- 0xFFFFFFFFAAAAB000
mem[X,0x0000000080017FCC] -> 0x0513
mem[X,0x0000000080017FCE] -> 0xAAA5
[3058] [M]: 0x0000000080017FCC (0xAAA50513) addi a0, a0, -0x556
x10 <- 0xFFFFFFFFAAAAAAAA
mem[X,0x0000000080017FD0] -> 0x1513
mem[X,0x0000000080017FD2] -> 0x00B5
[3059] [M]: 0x0000000080017FD0 (0x00B51513) slli a0, a0, 0xb
x10 <- 0xFFFFFD5555555000
mem[X,0x0000000080017FD4] -> 0x0513
mem[X,0x0000000080017FD6] -> 0x5555
[3060] [M]: 0x0000000080017FD4 (0x55550513) addi a0, a0, 0x555
x10 <- 0xFFFFFD5555555555
mem[X,0x0000000080017FD8] -> 0x1513
mem[X,0x0000000080017FDA] -> 0x00B5
[3061] [M]: 0x0000000080017FD8 (0x00B51513) slli a0, a0, 0xb
x10 <- 0xFFEAAAAAAAAAA800
mem[X,0x0000000080017FDC] -> 0x0513
mem[X,0x0000000080017FDE] -> 0x2AA5
[3062] [M]: 0x0000000080017FDC (0x2AA50513) addi a0, a0, 0x2aa
x10 <- 0xFFEAAAAAAAAAAAAA
mem[X,0x0000000080017FE0] -> 0x1513
mem[X,0x0000000080017FE2] -> 0x00A5
[3063] [M]: 0x0000000080017FE0 (0x00A51513) slli a0, a0, 0xa
x10 <- 0xAAAAAAAAAAAAA800
mem[X,0x0000000080017FE4] -> 0x0513
mem[X,0x0000000080017FE6] -> 0x2AA5
[3064] [M]: 0x0000000080017FE4 (0x2AA50513) addi a0, a0, 0x2aa
x10 <- 0xAAAAAAAAAAAAAAAA
mem[X,0x0000000080017FE8] -> 0xB5B7
mem[X,0x0000000080017FEA] -> 0xAAAA
[3065] [M]: 0x0000000080017FE8 (0xAAAAB5B7) lui a1, -0x55555
x11 <- 0xFFFFFFFFAAAAB000
mem[X,0x0000000080017FEC] -> 0x8593
mem[X,0x0000000080017FEE] -> 0xAAA5
[3066] [M]: 0x0000000080017FEC (0xAAA58593) addi a1, a1, -0x556
x11 <- 0xFFFFFFFFAAAAAAAA
mem[X,0x0000000080017FF0] -> 0x9593
mem[X,0x0000000080017FF2] -> 0x00B5
[3067] [M]: 0x0000000080017FF0 (0x00B59593) slli a1, a1, 0xb
x11 <- 0xFFFFFD5555555000
mem[X,0x0000000080017FF4] -> 0x8593
mem[X,0x0000000080017FF6] -> 0x5555
[3068] [M]: 0x0000000080017FF4 (0x55558593) addi a1, a1, 0x555
x11 <- 0xFFFFFD5555555555
mem[X,0x0000000080017FF8] -> 0x9593
mem[X,0x0000000080017FFA] -> 0x00B5
[3069] [M]: 0x0000000080017FF8 (0x00B59593) slli a1, a1, 0xb
x11 <- 0xFFEAAAAAAAAAA800
mem[X,0x0000000080017FFC] -> 0x8593
mem[X,0x0000000080017FFE] -> 0x2AA5
[3070] [M]: 0x0000000080017FFC (0x2AA58593) addi a1, a1, 0x2aa
x11 <- 0xFFEAAAAAAAAAAAAA
mem[X,0x0000000080018000] -> 0x9593
mem[X,0x0000000080018002] -> 0x00A5
[3071] [M]: 0x0000000080018000 (0x00A59593) slli a1, a1, 0xa
x11 <- 0xAAAAAAAAAAAAA800
mem[X,0x0000000080018004] -> 0x8593
mem[X,0x0000000080018006] -> 0x2AA5
[3072] [M]: 0x0000000080018004 (0x2AA58593) addi a1, a1, 0x2aa
x11 <- 0xAAAAAAAAAAAAAAAA
mem[X,0x0000000080018008] -> 0x0113
mem[X,0x000000008001800A] -> 0x0000
[3073] [M]: 0x0000000080018008 (0x00000113) addi sp, zero, 0x0
x2 <- 0x0000000000000000
mem[X,0x000000008001800C] -> 0x006F
mem[X,0x000000008001800E] -> 0x00C0
[3074] [M]: 0x000000008001800C (0x00C0006F) jal zero, 0xc
mem[X,0x0000000080018018] -> 0x1063
mem[X,0x000000008001801A] -> 0x04B5
[3075] [M]: 0x0000000080018018 (0x04B51063) bne a0, a1, 0x40
mem[X,0x000000008001801C] -> 0x0113
mem[X,0x000000008001801E] -> 0x0021
[3076] [M]: 0x000000008001801C (0x00210113) addi sp, sp, 0x2
x2 <- 0x0000000000000002
mem[X,0x0000000080018020] -> 0x006F
mem[X,0x0000000080018022] -> 0x0400
[3077] [M]: 0x0000000080018020 (0x0400006F) jal zero, 0x40
mem[X,0x0000000080018060] -> 0xB023
mem[X,0x0000000080018062] -> 0x6C20
[3078] [M]: 0x0000000080018060 (0x6C20B023) sd sp, 0x6c0(ra)
mem[0x0000000080045898] <- 0x0000000000000002
mem[X,0x0000000080018064] -> 0xB537
mem[X,0x0000000080018066] -> 0xAAAA
[3079] [M]: 0x0000000080018064 (0xAAAAB537) lui a0, -0x55555
x10 <- 0xFFFFFFFFAAAAB000
mem[X,0x0000000080018068] -> 0x0513
mem[X,0x000000008001806A] -> 0xAAA5
[3080] [M]: 0x0000000080018068 (0xAAA50513) addi a0, a0, -0x556
x10 <- 0xFFFFFFFFAAAAAAAA
mem[X,0x000000008001806C] -> 0x1513
mem[X,0x000000008001806E] -> 0x00B5
[3081] [M]: 0x000000008001806C (0x00B51513) slli a0, a0, 0xb
x10 <- 0xFFFFFD5555555000
mem[X,0x0000000080018070] -> 0x0513
mem[X,0x0000000080018072] -> 0x5555
[3082] [M]: 0x0000000080018070 (0x55550513) addi a0, a0, 0x555
x10 <- 0xFFFFFD5555555555
mem[X,0x0000000080018074] -> 0x1513
mem[X,0x0000000080018076] -> 0x00B5
[3083] [M]: 0x0000000080018074 (0x00B51513) slli a0, a0, 0xb
x10 <- 0xFFEAAAAAAAAAA800
mem[X,0x0000000080018078] -> 0x0513
mem[X,0x000000008001807A] -> 0x2AA5
[3084] [M]: 0x0000000080018078 (0x2AA50513) addi a0, a0, 0x2aa
x10 <- 0xFFEAAAAAAAAAAAAA
mem[X,0x000000008001807C] -> 0x1513
mem[X,0x000000008001807E] -> 0x00A5
[3085] [M]: 0x000000008001807C (0x00A51513) slli a0, a0, 0xa
x10 <- 0xAAAAAAAAAAAAA800
mem[X,0x0000000080018080] -> 0x0513
mem[X,0x0000000080018082] -> 0x2AA5
[3086] [M]: 0x0000000080018080 (0x2AA50513) addi a0, a0, 0x2aa
x10 <- 0xAAAAAAAAAAAAAAAA
mem[X,0x0000000080018084] -> 0x0593
mem[X,0x0000000080018086] -> 0x0050
[3087] [M]: 0x0000000080018084 (0x00500593) addi a1, zero, 0x5
x11 <- 0x0000000000000005
mem[X,0x0000000080018088] -> 0x0113
mem[X,0x000000008001808A] -> 0x0000
[3088] [M]: 0x0000000080018088 (0x00000113) addi sp, zero, 0x0
x2 <- 0x0000000000000000
mem[X,0x000000008001808C] -> 0x006F
mem[X,0x000000008001808E] -> 0x00C0
[3089] [M]: 0x000000008001808C (0x00C0006F) jal zero, 0xc
mem[X,0x0000000080018098] -> 0x1063
mem[X,0x000000008001809A] -> 0x20B5
[3090] [M]: 0x0000000080018098 (0x20B51063) bne a0, a1, 0x200
mem[X,0x0000000080018298] -> 0x0113
mem[X,0x000000008001829A] -> 0x0031
[3091] [M]: 0x0000000080018298 (0x00310113) addi sp, sp, 0x3
x2 <- 0x0000000000000003
mem[X,0x000000008001829C] -> 0x006F
mem[X,0x000000008001829E] -> 0x0040
[3092] [M]: 0x000000008001829C (0x0040006F) jal zero, 0x4
mem[X,0x00000000800182A0] -> 0xB423
mem[X,0x00000000800182A2] -> 0x6C20
[3093] [M]: 0x00000000800182A0 (0x6C20B423) sd sp, 0x6c8(ra)
mem[0x00000000800458A0] <- 0x0000000000000003
mem[X,0x00000000800182A4] -> 0xB537
mem[X,0x00000000800182A6] -> 0xAAAA
[3094] [M]: 0x00000000800182A4 (0xAAAAB537) lui a0, -0x55555
x10 <- 0xFFFFFFFFAAAAB000
mem[X,0x00000000800182A8] -> 0x0513
mem[X,0x00000000800182AA] -> 0xAAA5
[3095] [M]: 0x00000000800182A8 (0xAAA50513) addi a0, a0, -0x556
x10 <- 0xFFFFFFFFAAAAAAAA
mem[X,0x00000000800182AC] -> 0x1513
mem[X,0x00000000800182AE] -> 0x00B5
[3096] [M]: 0x00000000800182AC (0x00B51513) slli a0, a0, 0xb
x10 <- 0xFFFFFD5555555000
mem[X,0x00000000800182B0] -> 0x0513
mem[X,0x00000000800182B2] -> 0x5555
[3097] [M]: 0x00000000800182B0 (0x55550513) addi a0, a0, 0x555
x10 <- 0xFFFFFD5555555555
mem[X,0x00000000800182B4] -> 0x1513
mem[X,0x00000000800182B6] -> 0x00B5
[3098] [M]: 0x00000000800182B4 (0x00B51513) slli a0, a0, 0xb
x10 <- 0xFFEAAAAAAAAAA800
mem[X,0x00000000800182B8] -> 0x0513
mem[X,0x00000000800182BA] -> 0x2AA5
[3099] [M]: 0x00000000800182B8 (0x2AA50513) addi a0, a0, 0x2aa
x10 <- 0xFFEAAAAAAAAAAAAA
clint::tick mtime <- 0x000000000000001F
 clint timer pending at mtime 0x000000000000001F
htif::tick 0x0000000000000000
mem[X,0x00000000800182BC] -> 0x1513
mem[X,0x00000000800182BE] -> 0x00A5
[3100] [M]: 0x00000000800182BC (0x00A51513) slli a0, a0, 0xa
x10 <- 0xAAAAAAAAAAAAA800
mem[X,0x00000000800182C0] -> 0x0513
mem[X,0x00000000800182C2] -> 0x2AA5
[3101] [M]: 0x00000000800182C0 (0x2AA50513) addi a0, a0, 0x2aa
x10 <- 0xAAAAAAAAAAAAAAAA
mem[X,0x00000000800182C4] -> 0x35B7
mem[X,0x00000000800182C6] -> 0x3333
[3102] [M]: 0x00000000800182C4 (0x333335B7) lui a1, 0x33333
x11 <- 0x0000000033333000
mem[X,0x00000000800182C8] -> 0x8593
mem[X,0x00000000800182CA] -> 0x3335
[3103] [M]: 0x00000000800182C8 (0x33358593) addi a1, a1, 0x333
x11 <- 0x0000000033333333
mem[X,0x00000000800182CC] -> 0x9593
mem[X,0x00000000800182CE] -> 0x00B5
[3104] [M]: 0x00000000800182CC (0x00B59593) slli a1, a1, 0xb
x11 <- 0x0000019999999800
mem[X,0x00000000800182D0] -> 0x8593
mem[X,0x00000000800182D2] -> 0x1995
[3105] [M]: 0x00000000800182D0 (0x19958593) addi a1, a1, 0x199
x11 <- 0x0000019999999999
mem[X,0x00000000800182D4] -> 0x9593
mem[X,0x00000000800182D6] -> 0x00B5
[3106] [M]: 0x00000000800182D4 (0x00B59593) slli a1, a1, 0xb
x11 <- 0x000CCCCCCCCCC800
mem[X,0x00000000800182D8] -> 0x8593
mem[X,0x00000000800182DA] -> 0x4CC5
[3107] [M]: 0x00000000800182D8 (0x4CC58593) addi a1, a1, 0x4cc
x11 <- 0x000CCCCCCCCCCCCC
mem[X,0x00000000800182DC] -> 0x9593
mem[X,0x00000000800182DE] -> 0x00A5
[3108] [M]: 0x00000000800182DC (0x00A59593) slli a1, a1, 0xa
x11 <- 0x3333333333333000
mem[X,0x00000000800182E0] -> 0x8593
mem[X,0x00000000800182E2] -> 0x3335
[3109] [M]: 0x00000000800182E0 (0x33358593) addi a1, a1, 0x333
x11 <- 0x3333333333333333
mem[X,0x00000000800182E4] -> 0x0113
mem[X,0x00000000800182E6] -> 0x0000
[3110] [M]: 0x00000000800182E4 (0x00000113) addi sp, zero, 0x0
x2 <- 0x0000000000000000
mem[X,0x00000000800182E8] -> 0x006F
mem[X,0x00000000800182EA] -> 0x00C0
[3111] [M]: 0x00000000800182E8 (0x00C0006F) jal zero, 0xc
mem[X,0x00000000800182F4] -> 0x1663
mem[X,0x00000000800182F6] -> 0x00B5
[3112] [M]: 0x00000000800182F4 (0x00B51663) bne a0, a1, 0xc
mem[X,0x0000000080018300] -> 0x0113
mem[X,0x0000000080018302] -> 0x0031
[3113] [M]: 0x0000000080018300 (0x00310113) addi sp, sp, 0x3
x2 <- 0x0000000000000003
mem[X,0x0000000080018304] -> 0x006F
mem[X,0x0000000080018306] -> 0x0040
[3114] [M]: 0x0000000080018304 (0x0040006F) jal zero, 0x4
mem[X,0x0000000080018308] -> 0xB823
mem[X,0x000000008001830A] -> 0x6C20
[3115] [M]: 0x0000000080018308 (0x6C20B823) sd sp, 0x6d0(ra)
mem[0x00000000800458A8] <- 0x0000000000000003
mem[X,0x000000008001830C] -> 0xB537
mem[X,0x000000008001830E] -> 0xAAAA
[3116] [M]: 0x000000008001830C (0xAAAAB537) lui a0, -0x55555
x10 <- 0xFFFFFFFFAAAAB000
mem[X,0x0000000080018310] -> 0x0513
mem[X,0x0000000080018312] -> 0xAAA5
[3117] [M]: 0x0000000080018310 (0xAAA50513) addi a0, a0, -0x556
x10 <- 0xFFFFFFFFAAAAAAAA
mem[X,0x0000000080018314] -> 0x1513
mem[X,0x0000000080018316] -> 0x00B5
[3118] [M]: 0x0000000080018314 (0x00B51513) slli a0, a0, 0xb
x10 <- 0xFFFFFD5555555000
mem[X,0x0000000080018318] -> 0x0513
mem[X,0x000000008001831A] -> 0x5555
[3119] [M]: 0x0000000080018318 (0x55550513) addi a0, a0, 0x555
x10 <- 0xFFFFFD5555555555
mem[X,0x000000008001831C] -> 0x1513
mem[X,0x000000008001831E] -> 0x00B5
[3120] [M]: 0x000000008001831C (0x00B51513) slli a0, a0, 0xb
x10 <- 0xFFEAAAAAAAAAA800
mem[X,0x0000000080018320] -> 0x0513
mem[X,0x0000000080018322] -> 0x2AA5
[3121] [M]: 0x0000000080018320 (0x2AA50513) addi a0, a0, 0x2aa
x10 <- 0xFFEAAAAAAAAAAAAA
mem[X,0x0000000080018324] -> 0x1513
mem[X,0x0000000080018326] -> 0x00A5
[3122] [M]: 0x0000000080018324 (0x00A51513) slli a0, a0, 0xa
x10 <- 0xAAAAAAAAAAAAA800
mem[X,0x0000000080018328] -> 0x0513
mem[X,0x000000008001832A] -> 0x2AA5
[3123] [M]: 0x0000000080018328 (0x2AA50513) addi a0, a0, 0x2aa
x10 <- 0xAAAAAAAAAAAAAAAA
mem[X,0x000000008001832C] -> 0x65B7
mem[X,0x000000008001832E] -> 0x6666
[3124] [M]: 0x000000008001832C (0x666665B7) lui a1, 0x66666
x11 <- 0x0000000066666000
mem[X,0x0000000080018330] -> 0x8593
mem[X,0x0000000080018332] -> 0x6665
[3125] [M]: 0x0000000080018330 (0x66658593) addi a1, a1, 0x666
x11 <- 0x0000000066666666
mem[X,0x0000000080018334] -> 0x9593
mem[X,0x0000000080018336] -> 0x00B5
[3126] [M]: 0x0000000080018334 (0x00B59593) slli a1, a1, 0xb
x11 <- 0x0000033333333000
mem[X,0x0000000080018338] -> 0x8593
mem[X,0x000000008001833A] -> 0x3335
[3127] [M]: 0x0000000080018338 (0x33358593) addi a1, a1, 0x333
x11 <- 0x0000033333333333
mem[X,0x000000008001833C] -> 0x9593
mem[X,0x000000008001833E] -> 0x00B5
[3128] [M]: 0x000000008001833C (0x00B59593) slli a1, a1, 0xb
x11 <- 0x0019999999999800
mem[X,0x0000000080018340] -> 0x8593
mem[X,0x0000000080018342] -> 0x1995
[3129] [M]: 0x0000000080018340 (0x19958593) addi a1, a1, 0x199
x11 <- 0x0019999999999999
mem[X,0x0000000080018344] -> 0x9593
mem[X,0x0000000080018346] -> 0x00A5
[3130] [M]: 0x0000000080018344 (0x00A59593) slli a1, a1, 0xa
x11 <- 0x6666666666666400
mem[X,0x0000000080018348] -> 0x8593
mem[X,0x000000008001834A] -> 0x2665
[3131] [M]: 0x0000000080018348 (0x26658593) addi a1, a1, 0x266
x11 <- 0x6666666666666666
mem[X,0x000000008001834C] -> 0x0113
mem[X,0x000000008001834E] -> 0x0000
[3132] [M]: 0x000000008001834C (0x00000113) addi sp, zero, 0x0
x2 <- 0x0000000000000000
mem[X,0x0000000080018350] -> 0x006F
mem[X,0x0000000080018352] -> 0x00C0
[3133] [M]: 0x0000000080018350 (0x00C0006F) jal zero, 0xc
mem[X,0x000000008001835C] -> 0x1063
mem[X,0x000000008001835E] -> 0x02B5
[3134] [M]: 0x000000008001835C (0x02B51063) bne a0, a1, 0x20
mem[X,0x000000008001837C] -> 0x0113
mem[X,0x000000008001837E] -> 0x0031
[3135] [M]: 0x000000008001837C (0x00310113) addi sp, sp, 0x3
x2 <- 0x0000000000000003
mem[X,0x0000000080018380] -> 0x006F
mem[X,0x0000000080018382] -> 0x0040
[3136] [M]: 0x0000000080018380 (0x0040006F) jal zero, 0x4
mem[X,0x0000000080018384] -> 0xBC23
mem[X,0x0000000080018386] -> 0x6C20
[3137] [M]: 0x0000000080018384 (0x6C20BC23) sd sp, 0x6d8(ra)
mem[0x00000000800458B0] <- 0x0000000000000003
mem[X,0x0000000080018388] -> 0xB537
mem[X,0x000000008001838A] -> 0xAAAA
[3138] [M]: 0x0000000080018388 (0xAAAAB537) lui a0, -0x55555
x10 <- 0xFFFFFFFFAAAAB000
mem[X,0x000000008001838C] -> 0x0513
mem[X,0x000000008001838E] -> 0xAAA5
[3139] [M]: 0x000000008001838C (0xAAA50513) addi a0, a0, -0x556
x10 <- 0xFFFFFFFFAAAAAAAA
mem[X,0x0000000080018390] -> 0x1513
mem[X,0x0000000080018392] -> 0x00B5
[3140] [M]: 0x0000000080018390 (0x00B51513) slli a0, a0, 0xb
x10 <- 0xFFFFFD5555555000
mem[X,0x0000000080018394] -> 0x0513
mem[X,0x0000000080018396] -> 0x5555
[3141] [M]: 0x0000000080018394 (0x55550513) addi a0, a0, 0x555
x10 <- 0xFFFFFD5555555555
mem[X,0x0000000080018398] -> 0x1513
mem[X,0x000000008001839A] -> 0x00B5
[3142] [M]: 0x0000000080018398 (0x00B51513) slli a0, a0, 0xb
x10 <- 0xFFEAAAAAAAAAA800
mem[X,0x000000008001839C] -> 0x0513
mem[X,0x000000008001839E] -> 0x2AA5
[3143] [M]: 0x000000008001839C (0x2AA50513) addi a0, a0, 0x2aa
x10 <- 0xFFEAAAAAAAAAAAAA
mem[X,0x00000000800183A0] -> 0x1513
mem[X,0x00000000800183A2] -> 0x00A5
[3144] [M]: 0x00000000800183A0 (0x00A51513) slli a0, a0, 0xa
x10 <- 0xAAAAAAAAAAAAA800
mem[X,0x00000000800183A4] -> 0x0513
mem[X,0x00000000800183A6] -> 0x2AA5
[3145] [M]: 0x00000000800183A4 (0x2AA50513) addi a0, a0, 0x2aa
x10 <- 0xAAAAAAAAAAAAAAAA
mem[X,0x00000000800183A8] -> 0x05B7
mem[X,0x00000000800183AA] -> 0x0000
[3146] [M]: 0x00000000800183A8 (0x000005B7) lui a1, 0x0
x11 <- 0x0000000000000000
mem[X,0x00000000800183AC] -> 0x8593
mem[X,0x00000000800183AE] -> 0xFFF5
[3147] [M]: 0x00000000800183AC (0xFFF58593) addi a1, a1, -0x1
x11 <- 0xFFFFFFFFFFFFFFFF
mem[X,0x00000000800183B0] -> 0x9593
mem[X,0x00000000800183B2] -> 0x00B5
[3148] [M]: 0x00000000800183B0 (0x00B59593) slli a1, a1, 0xb
x11 <- 0xFFFFFFFFFFFFF800
mem[X,0x00000000800183B4] -> 0x8593
mem[X,0x00000000800183B6] -> 0x2575
[3149] [M]: 0x00000000800183B4 (0x25758593) addi a1, a1, 0x257
x11 <- 0xFFFFFFFFFFFFFA57
mem[X,0x00000000800183B8] -> 0x9593
mem[X,0x00000000800183BA] -> 0x00B5
[3150] [M]: 0x00000000800183B8 (0x00B59593) slli a1, a1, 0xb
x11 <- 0xFFFFFFFFFFD2B800
mem[X,0x00000000800183BC] -> 0x8593
mem[X,0x00000000800183BE] -> 0x6C35
[3151] [M]: 0x00000000800183BC (0x6C358593) addi a1, a1, 0x6c3
x11 <- 0xFFFFFFFFFFD2BEC3
mem[X,0x00000000800183C0] -> 0x9593
mem[X,0x00000000800183C2] -> 0x00A5
[3152] [M]: 0x00000000800183C0 (0x00A59593) slli a1, a1, 0xa
x11 <- 0xFFFFFFFF4AFB0C00
mem[X,0x00000000800183C4] -> 0x8593
mem[X,0x00000000800183C6] -> 0x0CD5
[3153] [M]: 0x00000000800183C4 (0x0CD58593) addi a1, a1, 0xcd
x11 <- 0xFFFFFFFF4AFB0CCD
mem[X,0x00000000800183C8] -> 0x0113
mem[X,0x00000000800183CA] -> 0x0000
[3154] [M]: 0x00000000800183C8 (0x00000113) addi sp, zero, 0x0
x2 <- 0x0000000000000000
mem[X,0x00000000800183CC] -> 0x006F
mem[X,0x00000000800183CE] -> 0x00C0
[3155] [M]: 0x00000000800183CC (0x00C0006F) jal zero, 0xc
mem[X,0x00000000800183D8] -> 0x1663
mem[X,0x00000000800183DA] -> 0x00B5
[3156] [M]: 0x00000000800183D8 (0x00B51663) bne a0, a1, 0xc
mem[X,0x00000000800183E4] -> 0x0113
mem[X,0x00000000800183E6] -> 0x0031
[3157] [M]: 0x00000000800183E4 (0x00310113) addi sp, sp, 0x3
x2 <- 0x0000000000000003
mem[X,0x00000000800183E8] -> 0x006F
mem[X,0x00000000800183EA] -> 0x0040
[3158] [M]: 0x00000000800183E8 (0x0040006F) jal zero, 0x4
mem[X,0x00000000800183EC] -> 0xB023
mem[X,0x00000000800183EE] -> 0x6E20
[3159] [M]: 0x00000000800183EC (0x6E20B023) sd sp, 0x6e0(ra)
mem[0x00000000800458B8] <- 0x0000000000000003
mem[X,0x00000000800183F0] -> 0xB537
mem[X,0x00000000800183F2] -> 0xAAAA
[3160] [M]: 0x00000000800183F0 (0xAAAAB537) lui a0, -0x55555
x10 <- 0xFFFFFFFFAAAAB000
mem[X,0x00000000800183F4] -> 0x0513
mem[X,0x00000000800183F6] -> 0xAAA5
[3161] [M]: 0x00000000800183F4 (0xAAA50513) addi a0, a0, -0x556
x10 <- 0xFFFFFFFFAAAAAAAA
mem[X,0x00000000800183F8] -> 0x1513
mem[X,0x00000000800183FA] -> 0x00B5
[3162] [M]: 0x00000000800183F8 (0x00B51513) slli a0, a0, 0xb
x10 <- 0xFFFFFD5555555000
mem[X,0x00000000800183FC] -> 0x0513
mem[X,0x00000000800183FE] -> 0x5555
[3163] [M]: 0x00000000800183FC (0x55550513) addi a0, a0, 0x555
x10 <- 0xFFFFFD5555555555
mem[X,0x0000000080018400] -> 0x1513
mem[X,0x0000000080018402] -> 0x00B5
[3164] [M]: 0x0000000080018400 (0x00B51513) slli a0, a0, 0xb
x10 <- 0xFFEAAAAAAAAAA800
mem[X,0x0000000080018404] -> 0x0513
mem[X,0x0000000080018406] -> 0x2AA5
[3165] [M]: 0x0000000080018404 (0x2AA50513) addi a0, a0, 0x2aa
x10 <- 0xFFEAAAAAAAAAAAAA
mem[X,0x0000000080018408] -> 0x1513
mem[X,0x000000008001840A] -> 0x00A5
[3166] [M]: 0x0000000080018408 (0x00A51513) slli a0, a0, 0xa
x10 <- 0xAAAAAAAAAAAAA800
mem[X,0x000000008001840C] -> 0x0513
mem[X,0x000000008001840E] -> 0x2AA5
[3167] [M]: 0x000000008001840C (0x2AA50513) addi a0, a0, 0x2aa
x10 <- 0xAAAAAAAAAAAAAAAA
mem[X,0x0000000080018410] -> 0x05B7
mem[X,0x0000000080018412] -> 0x0000
[3168] [M]: 0x0000000080018410 (0x000005B7) lui a1, 0x0
x11 <- 0x0000000000000000
mem[X,0x0000000080018414] -> 0x8593
mem[X,0x0000000080018416] -> 0x0005
[3169] [M]: 0x0000000080018414 (0x00058593) addi a1, a1, 0x0
x11 <- 0x0000000000000000
mem[X,0x0000000080018418] -> 0x9593
mem[X,0x000000008001841A] -> 0x00B5
[3170] [M]: 0x0000000080018418 (0x00B59593) slli a1, a1, 0xb
x11 <- 0x0000000000000000
mem[X,0x000000008001841C] -> 0x8593
mem[X,0x000000008001841E] -> 0x5A85
[3171] [M]: 0x000000008001841C (0x5A858593) addi a1, a1, 0x5a8
x11 <- 0x00000000000005A8
mem[X,0x0000000080018420] -> 0x9593
mem[X,0x0000000080018422] -> 0x00B5
[3172] [M]: 0x0000000080018420 (0x00B59593) slli a1, a1, 0xb
x11 <- 0x00000000002D4000
mem[X,0x0000000080018424] -> 0x8593
mem[X,0x0000000080018426] -> 0x13C5
[3173] [M]: 0x0000000080018424 (0x13C58593) addi a1, a1, 0x13c
x11 <- 0x00000000002D413C
mem[X,0x0000000080018428] -> 0x9593
mem[X,0x000000008001842A] -> 0x00A5
[3174] [M]: 0x0000000080018428 (0x00A59593) slli a1, a1, 0xa
x11 <- 0x00000000B504F000
mem[X,0x000000008001842C] -> 0x8593
mem[X,0x000000008001842E] -> 0x3335
[3175] [M]: 0x000000008001842C (0x33358593) addi a1, a1, 0x333
x11 <- 0x00000000B504F333
mem[X,0x0000000080018430] -> 0x0113
mem[X,0x0000000080018432] -> 0x0000
[3176] [M]: 0x0000000080018430 (0x00000113) addi sp, zero, 0x0
x2 <- 0x0000000000000000
mem[X,0x0000000080018434] -> 0x006F
mem[X,0x0000000080018436] -> 0x00C0
[3177] [M]: 0x0000000080018434 (0x00C0006F) jal zero, 0xc
mem[X,0x0000000080018440] -> 0x1863
mem[X,0x0000000080018442] -> 0x00B5
[3178] [M]: 0x0000000080018440 (0x00B51863) bne a0, a1, 0x10
mem[X,0x0000000080018450] -> 0x0113
mem[X,0x0000000080018452] -> 0x0031
[3179] [M]: 0x0000000080018450 (0x00310113) addi sp, sp, 0x3
x2 <- 0x0000000000000003
mem[X,0x0000000080018454] -> 0x006F
mem[X,0x0000000080018456] -> 0x0040
[3180] [M]: 0x0000000080018454 (0x0040006F) jal zero, 0x4
mem[X,0x0000000080018458] -> 0xB423
mem[X,0x000000008001845A] -> 0x6E20
[3181] [M]: 0x0000000080018458 (0x6E20B423) sd sp, 0x6e8(ra)
mem[0x00000000800458C0] <- 0x0000000000000003
mem[X,0x000000008001845C] -> 0xB537
mem[X,0x000000008001845E] -> 0xAAAA
[3182] [M]: 0x000000008001845C (0xAAAAB537) lui a0, -0x55555
x10 <- 0xFFFFFFFFAAAAB000
mem[X,0x0000000080018460] -> 0x0513
mem[X,0x0000000080018462] -> 0xAAA5
[3183] [M]: 0x0000000080018460 (0xAAA50513) addi a0, a0, -0x556
x10 <- 0xFFFFFFFFAAAAAAAA
mem[X,0x0000000080018464] -> 0x1513
mem[X,0x0000000080018466] -> 0x00B5
[3184] [M]: 0x0000000080018464 (0x00B51513) slli a0, a0, 0xb
x10 <- 0xFFFFFD5555555000
mem[X,0x0000000080018468] -> 0x0513
mem[X,0x000000008001846A] -> 0x5555
[3185] [M]: 0x0000000080018468 (0x55550513) addi a0, a0, 0x555
x10 <- 0xFFFFFD5555555555
mem[X,0x000000008001846C] -> 0x1513
mem[X,0x000000008001846E] -> 0x00B5
[3186] [M]: 0x000000008001846C (0x00B51513) slli a0, a0, 0xb
x10 <- 0xFFEAAAAAAAAAA800
mem[X,0x0000000080018470] -> 0x0513
mem[X,0x0000000080018472] -> 0x2AA5
[3187] [M]: 0x0000000080018470 (0x2AA50513) addi a0, a0, 0x2aa
x10 <- 0xFFEAAAAAAAAAAAAA
mem[X,0x0000000080018474] -> 0x1513
mem[X,0x0000000080018476] -> 0x00A5
[3188] [M]: 0x0000000080018474 (0x00A51513) slli a0, a0, 0xa
x10 <- 0xAAAAAAAAAAAAA800
mem[X,0x0000000080018478] -> 0x0513
mem[X,0x000000008001847A] -> 0x2AA5
[3189] [M]: 0x0000000080018478 (0x2AA50513) addi a0, a0, 0x2aa
x10 <- 0xAAAAAAAAAAAAAAAA
mem[X,0x000000008001847C] -> 0x0593
mem[X,0x000000008001847E] -> 0x0020
[3190] [M]: 0x000000008001847C (0x00200593) addi a1, zero, 0x2
x11 <- 0x0000000000000002
mem[X,0x0000000080018480] -> 0x0113
mem[X,0x0000000080018482] -> 0x0000
[3191] [M]: 0x0000000080018480 (0x00000113) addi sp, zero, 0x0
x2 <- 0x0000000000000000
mem[X,0x0000000080018484] -> 0x006F
mem[X,0x0000000080018486] -> 0x00C0
[3192] [M]: 0x0000000080018484 (0x00C0006F) jal zero, 0xc
mem[X,0x0000000080018490] -> 0x1063
mem[X,0x0000000080018492] -> 0x02B5
[3193] [M]: 0x0000000080018490 (0x02B51063) bne a0, a1, 0x20
mem[X,0x00000000800184B0] -> 0x0113
mem[X,0x00000000800184B2] -> 0x0031
[3194] [M]: 0x00000000800184B0 (0x00310113) addi sp, sp, 0x3
x2 <- 0x0000000000000003
mem[X,0x00000000800184B4] -> 0x006F
mem[X,0x00000000800184B6] -> 0x0040
[3195] [M]: 0x00000000800184B4 (0x0040006F) jal zero, 0x4
mem[X,0x00000000800184B8] -> 0xB823
mem[X,0x00000000800184BA] -> 0x6E20
[3196] [M]: 0x00000000800184B8 (0x6E20B823) sd sp, 0x6f0(ra)
mem[0x00000000800458C8] <- 0x0000000000000003
mem[X,0x00000000800184BC] -> 0xB537
mem[X,0x00000000800184BE] -> 0xAAAA
[3197] [M]: 0x00000000800184BC (0xAAAAB537) lui a0, -0x55555
x10 <- 0xFFFFFFFFAAAAB000
mem[X,0x00000000800184C0] -> 0x0513
mem[X,0x00000000800184C2] -> 0xAAA5
[3198] [M]: 0x00000000800184C0 (0xAAA50513) addi a0, a0, -0x556
x10 <- 0xFFFFFFFFAAAAAAAA
mem[X,0x00000000800184C4] -> 0x1513
mem[X,0x00000000800184C6] -> 0x00B5
[3199] [M]: 0x00000000800184C4 (0x00B51513) slli a0, a0, 0xb
x10 <- 0xFFFFFD5555555000
clint::tick mtime <- 0x0000000000000020
 clint timer pending at mtime 0x0000000000000020
htif::tick 0x0000000000000000
mem[X,0x00000000800184C8] -> 0x0513
mem[X,0x00000000800184CA] -> 0x5555
[3200] [M]: 0x00000000800184C8 (0x55550513) addi a0, a0, 0x555
x10 <- 0xFFFFFD5555555555
mem[X,0x00000000800184CC] -> 0x1513
mem[X,0x00000000800184CE] -> 0x00B5
[3201] [M]: 0x00000000800184CC (0x00B51513) slli a0, a0, 0xb
x10 <- 0xFFEAAAAAAAAAA800
mem[X,0x00000000800184D0] -> 0x0513
mem[X,0x00000000800184D2] -> 0x2AA5
[3202] [M]: 0x00000000800184D0 (0x2AA50513) addi a0, a0, 0x2aa
x10 <- 0xFFEAAAAAAAAAAAAA
mem[X,0x00000000800184D4] -> 0x1513
mem[X,0x00000000800184D6] -> 0x00A5
[3203] [M]: 0x00000000800184D4 (0x00A51513) slli a0, a0, 0xa
x10 <- 0xAAAAAAAAAAAAA800
mem[X,0x00000000800184D8] -> 0x0513
mem[X,0x00000000800184DA] -> 0x2AA5
[3204] [M]: 0x00000000800184D8 (0x2AA50513) addi a0, a0, 0x2aa
x10 <- 0xAAAAAAAAAAAAAAAA
mem[X,0x00000000800184DC] -> 0x55B7
mem[X,0x00000000800184DE] -> 0x5555
[3205] [M]: 0x00000000800184DC (0x555555B7) lui a1, 0x55555
x11 <- 0x0000000055555000
mem[X,0x00000000800184E0] -> 0x8593
mem[X,0x00000000800184E2] -> 0x5555
[3206] [M]: 0x00000000800184E0 (0x55558593) addi a1, a1, 0x555
x11 <- 0x0000000055555555
mem[X,0x00000000800184E4] -> 0x9593
mem[X,0x00000000800184E6] -> 0x00B5
[3207] [M]: 0x00000000800184E4 (0x00B59593) slli a1, a1, 0xb
x11 <- 0x000002AAAAAAA800
mem[X,0x00000000800184E8] -> 0x8593
mem[X,0x00000000800184EA] -> 0x2AA5
[3208] [M]: 0x00000000800184E8 (0x2AA58593) addi a1, a1, 0x2aa
x11 <- 0x000002AAAAAAAAAA
mem[X,0x00000000800184EC] -> 0x9593
mem[X,0x00000000800184EE] -> 0x00B5
[3209] [M]: 0x00000000800184EC (0x00B59593) slli a1, a1, 0xb
x11 <- 0x0015555555555000
mem[X,0x00000000800184F0] -> 0x8593
mem[X,0x00000000800184F2] -> 0x5555
[3210] [M]: 0x00000000800184F0 (0x55558593) addi a1, a1, 0x555
x11 <- 0x0015555555555555
mem[X,0x00000000800184F4] -> 0x9593
mem[X,0x00000000800184F6] -> 0x00A5
[3211] [M]: 0x00000000800184F4 (0x00A59593) slli a1, a1, 0xa
x11 <- 0x5555555555555400
mem[X,0x00000000800184F8] -> 0x8593
mem[X,0x00000000800184FA] -> 0x1545
[3212] [M]: 0x00000000800184F8 (0x15458593) addi a1, a1, 0x154
x11 <- 0x5555555555555554
mem[X,0x00000000800184FC] -> 0x0113
mem[X,0x00000000800184FE] -> 0x0000
[3213] [M]: 0x00000000800184FC (0x00000113) addi sp, zero, 0x0
x2 <- 0x0000000000000000
mem[X,0x0000000080018500] -> 0x006F
mem[X,0x0000000080018502] -> 0x0100
[3214] [M]: 0x0000000080018500 (0x0100006F) jal zero, 0x10
mem[X,0x0000000080018510] -> 0x1AE3
mem[X,0x0000000080018512] -> 0xFEB5
[3215] [M]: 0x0000000080018510 (0xFEB51AE3) bne a0, a1, -0xc
mem[X,0x0000000080018504] -> 0x0113
mem[X,0x0000000080018506] -> 0x0011
[3216] [M]: 0x0000000080018504 (0x00110113) addi sp, sp, 0x1
x2 <- 0x0000000000000001
mem[X,0x0000000080018508] -> 0x006F
mem[X,0x000000008001850A] -> 0x01C0
[3217] [M]: 0x0000000080018508 (0x01C0006F) jal zero, 0x1c
mem[X,0x0000000080018524] -> 0xBC23
mem[X,0x0000000080018526] -> 0x6E20
[3218] [M]: 0x0000000080018524 (0x6E20BC23) sd sp, 0x6f8(ra)
mem[0x00000000800458D0] <- 0x0000000000000001
mem[X,0x0000000080018528] -> 0xB537
mem[X,0x000000008001852A] -> 0xAAAA
[3219] [M]: 0x0000000080018528 (0xAAAAB537) lui a0, -0x55555
x10 <- 0xFFFFFFFFAAAAB000
mem[X,0x000000008001852C] -> 0x0513
mem[X,0x000000008001852E] -> 0xAAA5
[3220] [M]: 0x000000008001852C (0xAAA50513) addi a0, a0, -0x556
x10 <- 0xFFFFFFFFAAAAAAAA
mem[X,0x0000000080018530] -> 0x1513
mem[X,0x0000000080018532] -> 0x00B5
[3221] [M]: 0x0000000080018530 (0x00B51513) slli a0, a0, 0xb
x10 <- 0xFFFFFD5555555000
mem[X,0x0000000080018534] -> 0x0513
mem[X,0x0000000080018536] -> 0x5555
[3222] [M]: 0x0000000080018534 (0x55550513) addi a0, a0, 0x555
x10 <- 0xFFFFFD5555555555
mem[X,0x0000000080018538] -> 0x1513
mem[X,0x000000008001853A] -> 0x00B5
[3223] [M]: 0x0000000080018538 (0x00B51513) slli a0, a0, 0xb
x10 <- 0xFFEAAAAAAAAAA800
mem[X,0x000000008001853C] -> 0x0513
mem[X,0x000000008001853E] -> 0x2AA5
[3224] [M]: 0x000000008001853C (0x2AA50513) addi a0, a0, 0x2aa
x10 <- 0xFFEAAAAAAAAAAAAA
mem[X,0x0000000080018540] -> 0x1513
mem[X,0x0000000080018542] -> 0x00A5
[3225] [M]: 0x0000000080018540 (0x00A51513) slli a0, a0, 0xa
x10 <- 0xAAAAAAAAAAAAA800
mem[X,0x0000000080018544] -> 0x0513
mem[X,0x0000000080018546] -> 0x2AA5
[3226] [M]: 0x0000000080018544 (0x2AA50513) addi a0, a0, 0x2aa
x10 <- 0xAAAAAAAAAAAAAAAA
mem[X,0x0000000080018548] -> 0x0593
mem[X,0x000000008001854A] -> 0x0000
[3227] [M]: 0x0000000080018548 (0x00000593) addi a1, zero, 0x0
x11 <- 0x0000000000000000
mem[X,0x000000008001854C] -> 0x0113
mem[X,0x000000008001854E] -> 0x0000
[3228] [M]: 0x000000008001854C (0x00000113) addi sp, zero, 0x0
x2 <- 0x0000000000000000
mem[X,0x0000000080018550] -> 0x006F
mem[X,0x0000000080018552] -> 0x2B10
[3229] [M]: 0x0000000080018550 (0x2B10006F) jal zero, 0xab0
mem[X,0x0000000080019000] -> 0x1A63
mem[X,0x0000000080019002] -> 0xD4B5
[3230] [M]: 0x0000000080019000 (0xD4B51A63) bne a0, a1, -0xaac
mem[X,0x0000000080018554] -> 0x0113
mem[X,0x0000000080018556] -> 0x0011
[3231] [M]: 0x0000000080018554 (0x00110113) addi sp, sp, 0x1
x2 <- 0x0000000000000001
mem[X,0x0000000080018558] -> 0x006F
mem[X,0x000000008001855A] -> 0x2BD0
[3232] [M]: 0x0000000080018558 (0x2BD0006F) jal zero, 0xabc
mem[X,0x0000000080019014] -> 0xB023
mem[X,0x0000000080019016] -> 0x7020
[3233] [M]: 0x0000000080019014 (0x7020B023) sd sp, 0x700(ra)
mem[0x00000000800458D8] <- 0x0000000000000001
mem[X,0x0000000080019018] -> 0xB537
mem[X,0x000000008001901A] -> 0xAAAA
[3234] [M]: 0x0000000080019018 (0xAAAAB537) lui a0, -0x55555
x10 <- 0xFFFFFFFFAAAAB000
mem[X,0x000000008001901C] -> 0x0513
mem[X,0x000000008001901E] -> 0xAAA5
[3235] [M]: 0x000000008001901C (0xAAA50513) addi a0, a0, -0x556
x10 <- 0xFFFFFFFFAAAAAAAA
mem[X,0x0000000080019020] -> 0x1513
mem[X,0x0000000080019022] -> 0x00B5
[3236] [M]: 0x0000000080019020 (0x00B51513) slli a0, a0, 0xb
x10 <- 0xFFFFFD5555555000
mem[X,0x0000000080019024] -> 0x0513
mem[X,0x0000000080019026] -> 0x5555
[3237] [M]: 0x0000000080019024 (0x55550513) addi a0, a0, 0x555
x10 <- 0xFFFFFD5555555555
mem[X,0x0000000080019028] -> 0x1513
mem[X,0x000000008001902A] -> 0x00B5
[3238] [M]: 0x0000000080019028 (0x00B51513) slli a0, a0, 0xb
x10 <- 0xFFEAAAAAAAAAA800
mem[X,0x000000008001902C] -> 0x0513
mem[X,0x000000008001902E] -> 0x2AA5
[3239] [M]: 0x000000008001902C (0x2AA50513) addi a0, a0, 0x2aa
x10 <- 0xFFEAAAAAAAAAAAAA
mem[X,0x0000000080019030] -> 0x1513
mem[X,0x0000000080019032] -> 0x00A5
[3240] [M]: 0x0000000080019030 (0x00A51513) slli a0, a0, 0xa
x10 <- 0xAAAAAAAAAAAAA800
mem[X,0x0000000080019034] -> 0x0513
mem[X,0x0000000080019036] -> 0x2AA5
[3241] [M]: 0x0000000080019034 (0x2AA50513) addi a0, a0, 0x2aa
x10 <- 0xAAAAAAAAAAAAAAAA
mem[X,0x0000000080019038] -> 0x0593
mem[X,0x000000008001903A] -> 0x0040
[3242] [M]: 0x0000000080019038 (0x00400593) addi a1, zero, 0x4
x11 <- 0x0000000000000004
mem[X,0x000000008001903C] -> 0x0113
mem[X,0x000000008001903E] -> 0x0000
[3243] [M]: 0x000000008001903C (0x00000113) addi sp, zero, 0x0
x2 <- 0x0000000000000000
mem[X,0x0000000080019040] -> 0x006F
mem[X,0x0000000080019042] -> 0x0100
[3244] [M]: 0x0000000080019040 (0x0100006F) jal zero, 0x10
mem[X,0x0000000080019050] -> 0x1AE3
mem[X,0x0000000080019052] -> 0xFEB5
[3245] [M]: 0x0000000080019050 (0xFEB51AE3) bne a0, a1, -0xc
mem[X,0x0000000080019044] -> 0x0113
mem[X,0x0000000080019046] -> 0x0011
[3246] [M]: 0x0000000080019044 (0x00110113) addi sp, sp, 0x1
x2 <- 0x0000000000000001
mem[X,0x0000000080019048] -> 0x006F
mem[X,0x000000008001904A] -> 0x01C0
[3247] [M]: 0x0000000080019048 (0x01C0006F) jal zero, 0x1c
mem[X,0x0000000080019064] -> 0xB423
mem[X,0x0000000080019066] -> 0x7020
[3248] [M]: 0x0000000080019064 (0x7020B423) sd sp, 0x708(ra)
mem[0x00000000800458E0] <- 0x0000000000000001
mem[X,0x0000000080019068] -> 0xB537
mem[X,0x000000008001906A] -> 0xAAAA
[3249] [M]: 0x0000000080019068 (0xAAAAB537) lui a0, -0x55555
x10 <- 0xFFFFFFFFAAAAB000
mem[X,0x000000008001906C] -> 0x0513
mem[X,0x000000008001906E] -> 0xAAA5
[3250] [M]: 0x000000008001906C (0xAAA50513) addi a0, a0, -0x556
x10 <- 0xFFFFFFFFAAAAAAAA
mem[X,0x0000000080019070] -> 0x1513
mem[X,0x0000000080019072] -> 0x00B5
[3251] [M]: 0x0000000080019070 (0x00B51513) slli a0, a0, 0xb
x10 <- 0xFFFFFD5555555000
mem[X,0x0000000080019074] -> 0x0513
mem[X,0x0000000080019076] -> 0x5555
[3252] [M]: 0x0000000080019074 (0x55550513) addi a0, a0, 0x555
x10 <- 0xFFFFFD5555555555
mem[X,0x0000000080019078] -> 0x1513
mem[X,0x000000008001907A] -> 0x00B5
[3253] [M]: 0x0000000080019078 (0x00B51513) slli a0, a0, 0xb
x10 <- 0xFFEAAAAAAAAAA800
mem[X,0x000000008001907C] -> 0x0513
mem[X,0x000000008001907E] -> 0x2AA5
[3254] [M]: 0x000000008001907C (0x2AA50513) addi a0, a0, 0x2aa
x10 <- 0xFFEAAAAAAAAAAAAA
mem[X,0x0000000080019080] -> 0x1513
mem[X,0x0000000080019082] -> 0x00A5
[3255] [M]: 0x0000000080019080 (0x00A51513) slli a0, a0, 0xa
x10 <- 0xAAAAAAAAAAAAA800
mem[X,0x0000000080019084] -> 0x0513
mem[X,0x0000000080019086] -> 0x2AA5
[3256] [M]: 0x0000000080019084 (0x2AA50513) addi a0, a0, 0x2aa
x10 <- 0xAAAAAAAAAAAAAAAA
mem[X,0x0000000080019088] -> 0x35B7
mem[X,0x000000008001908A] -> 0x3333
[3257] [M]: 0x0000000080019088 (0x333335B7) lui a1, 0x33333
x11 <- 0x0000000033333000
mem[X,0x000000008001908C] -> 0x8593
mem[X,0x000000008001908E] -> 0x3335
[3258] [M]: 0x000000008001908C (0x33358593) addi a1, a1, 0x333
x11 <- 0x0000000033333333
mem[X,0x0000000080019090] -> 0x9593
mem[X,0x0000000080019092] -> 0x00B5
[3259] [M]: 0x0000000080019090 (0x00B59593) slli a1, a1, 0xb
x11 <- 0x0000019999999800
mem[X,0x0000000080019094] -> 0x8593
mem[X,0x0000000080019096] -> 0x1995
[3260] [M]: 0x0000000080019094 (0x19958593) addi a1, a1, 0x199
x11 <- 0x0000019999999999
mem[X,0x0000000080019098] -> 0x9593
mem[X,0x000000008001909A] -> 0x00B5
[3261] [M]: 0x0000000080019098 (0x00B59593) slli a1, a1, 0xb
x11 <- 0x000CCCCCCCCCC800
mem[X,0x000000008001909C] -> 0x8593
mem[X,0x000000008001909E] -> 0x4CC5
[3262] [M]: 0x000000008001909C (0x4CC58593) addi a1, a1, 0x4cc
x11 <- 0x000CCCCCCCCCCCCC
mem[X,0x00000000800190A0] -> 0x9593
mem[X,0x00000000800190A2] -> 0x00A5
[3263] [M]: 0x00000000800190A0 (0x00A59593) slli a1, a1, 0xa
x11 <- 0x3333333333333000
mem[X,0x00000000800190A4] -> 0x8593
mem[X,0x00000000800190A6] -> 0x3325
[3264] [M]: 0x00000000800190A4 (0x33258593) addi a1, a1, 0x332
x11 <- 0x3333333333333332
mem[X,0x00000000800190A8] -> 0x0113
mem[X,0x00000000800190AA] -> 0x0000
[3265] [M]: 0x00000000800190A8 (0x00000113) addi sp, zero, 0x0
x2 <- 0x0000000000000000
mem[X,0x00000000800190AC] -> 0x006F
mem[X,0x00000000800190AE] -> 0x00C0
[3266] [M]: 0x00000000800190AC (0x00C0006F) jal zero, 0xc
mem[X,0x00000000800190B8] -> 0x1663
mem[X,0x00000000800190BA] -> 0x00B5
[3267] [M]: 0x00000000800190B8 (0x00B51663) bne a0, a1, 0xc
mem[X,0x00000000800190C4] -> 0x0113
mem[X,0x00000000800190C6] -> 0x0031
[3268] [M]: 0x00000000800190C4 (0x00310113) addi sp, sp, 0x3
x2 <- 0x0000000000000003
mem[X,0x00000000800190C8] -> 0x006F
mem[X,0x00000000800190CA] -> 0x0040
[3269] [M]: 0x00000000800190C8 (0x0040006F) jal zero, 0x4
mem[X,0x00000000800190CC] -> 0xB823
mem[X,0x00000000800190CE] -> 0x7020
[3270] [M]: 0x00000000800190CC (0x7020B823) sd sp, 0x710(ra)
mem[0x00000000800458E8] <- 0x0000000000000003
mem[X,0x00000000800190D0] -> 0xB537
mem[X,0x00000000800190D2] -> 0xAAAA
[3271] [M]: 0x00000000800190D0 (0xAAAAB537) lui a0, -0x55555
x10 <- 0xFFFFFFFFAAAAB000
mem[X,0x00000000800190D4] -> 0x0513
mem[X,0x00000000800190D6] -> 0xAAA5
[3272] [M]: 0x00000000800190D4 (0xAAA50513) addi a0, a0, -0x556
x10 <- 0xFFFFFFFFAAAAAAAA
mem[X,0x00000000800190D8] -> 0x1513
mem[X,0x00000000800190DA] -> 0x00B5
[3273] [M]: 0x00000000800190D8 (0x00B51513) slli a0, a0, 0xb
x10 <- 0xFFFFFD5555555000
mem[X,0x00000000800190DC] -> 0x0513
mem[X,0x00000000800190DE] -> 0x5555
[3274] [M]: 0x00000000800190DC (0x55550513) addi a0, a0, 0x555
x10 <- 0xFFFFFD5555555555
mem[X,0x00000000800190E0] -> 0x1513
mem[X,0x00000000800190E2] -> 0x00B5
[3275] [M]: 0x00000000800190E0 (0x00B51513) slli a0, a0, 0xb
x10 <- 0xFFEAAAAAAAAAA800
mem[X,0x00000000800190E4] -> 0x0513
mem[X,0x00000000800190E6] -> 0x2AA5
[3276] [M]: 0x00000000800190E4 (0x2AA50513) addi a0, a0, 0x2aa
x10 <- 0xFFEAAAAAAAAAAAAA
mem[X,0x00000000800190E8] -> 0x1513
mem[X,0x00000000800190EA] -> 0x00A5
[3277] [M]: 0x00000000800190E8 (0x00A51513) slli a0, a0, 0xa
x10 <- 0xAAAAAAAAAAAAA800
mem[X,0x00000000800190EC] -> 0x0513
mem[X,0x00000000800190EE] -> 0x2AA5
[3278] [M]: 0x00000000800190EC (0x2AA50513) addi a0, a0, 0x2aa
x10 <- 0xAAAAAAAAAAAAAAAA
mem[X,0x00000000800190F0] -> 0x65B7
mem[X,0x00000000800190F2] -> 0x6666
[3279] [M]: 0x00000000800190F0 (0x666665B7) lui a1, 0x66666
x11 <- 0x0000000066666000
mem[X,0x00000000800190F4] -> 0x8593
mem[X,0x00000000800190F6] -> 0x6665
[3280] [M]: 0x00000000800190F4 (0x66658593) addi a1, a1, 0x666
x11 <- 0x0000000066666666
mem[X,0x00000000800190F8] -> 0x9593
mem[X,0x00000000800190FA] -> 0x00B5
[3281] [M]: 0x00000000800190F8 (0x00B59593) slli a1, a1, 0xb
x11 <- 0x0000033333333000
mem[X,0x00000000800190FC] -> 0x8593
mem[X,0x00000000800190FE] -> 0x3335
[3282] [M]: 0x00000000800190FC (0x33358593) addi a1, a1, 0x333
x11 <- 0x0000033333333333
mem[X,0x0000000080019100] -> 0x9593
mem[X,0x0000000080019102] -> 0x00B5
[3283] [M]: 0x0000000080019100 (0x00B59593) slli a1, a1, 0xb
x11 <- 0x0019999999999800
mem[X,0x0000000080019104] -> 0x8593
mem[X,0x0000000080019106] -> 0x1995
[3284] [M]: 0x0000000080019104 (0x19958593) addi a1, a1, 0x199
x11 <- 0x0019999999999999
mem[X,0x0000000080019108] -> 0x9593
mem[X,0x000000008001910A] -> 0x00A5
[3285] [M]: 0x0000000080019108 (0x00A59593) slli a1, a1, 0xa
x11 <- 0x6666666666666400
mem[X,0x000000008001910C] -> 0x8593
mem[X,0x000000008001910E] -> 0x2655
[3286] [M]: 0x000000008001910C (0x26558593) addi a1, a1, 0x265
x11 <- 0x6666666666666665
mem[X,0x0000000080019110] -> 0x0113
mem[X,0x0000000080019112] -> 0x0000
[3287] [M]: 0x0000000080019110 (0x00000113) addi sp, zero, 0x0
x2 <- 0x0000000000000000
mem[X,0x0000000080019114] -> 0x006F
mem[X,0x0000000080019116] -> 0x00C0
[3288] [M]: 0x0000000080019114 (0x00C0006F) jal zero, 0xc
mem[X,0x0000000080019120] -> 0x1CE3
mem[X,0x0000000080019122] -> 0xFEB5
[3289] [M]: 0x0000000080019120 (0xFEB51CE3) bne a0, a1, -0x8
mem[X,0x0000000080019118] -> 0x0113
mem[X,0x000000008001911A] -> 0x0011
[3290] [M]: 0x0000000080019118 (0x00110113) addi sp, sp, 0x1
x2 <- 0x0000000000000001
mem[X,0x000000008001911C] -> 0x006F
mem[X,0x000000008001911E] -> 0x0180
[3291] [M]: 0x000000008001911C (0x0180006F) jal zero, 0x18
mem[X,0x0000000080019134] -> 0xBC23
mem[X,0x0000000080019136] -> 0x7020
[3292] [M]: 0x0000000080019134 (0x7020BC23) sd sp, 0x718(ra)
mem[0x00000000800458F0] <- 0x0000000000000001
mem[X,0x0000000080019138] -> 0xB537
mem[X,0x000000008001913A] -> 0xAAAA
[3293] [M]: 0x0000000080019138 (0xAAAAB537) lui a0, -0x55555
x10 <- 0xFFFFFFFFAAAAB000
mem[X,0x000000008001913C] -> 0x0513
mem[X,0x000000008001913E] -> 0xAAA5
[3294] [M]: 0x000000008001913C (0xAAA50513) addi a0, a0, -0x556
x10 <- 0xFFFFFFFFAAAAAAAA
mem[X,0x0000000080019140] -> 0x1513
mem[X,0x0000000080019142] -> 0x00B5
[3295] [M]: 0x0000000080019140 (0x00B51513) slli a0, a0, 0xb
x10 <- 0xFFFFFD5555555000
mem[X,0x0000000080019144] -> 0x0513
mem[X,0x0000000080019146] -> 0x5555
[3296] [M]: 0x0000000080019144 (0x55550513) addi a0, a0, 0x555
x10 <- 0xFFFFFD5555555555
mem[X,0x0000000080019148] -> 0x1513
mem[X,0x000000008001914A] -> 0x00B5
[3297] [M]: 0x0000000080019148 (0x00B51513) slli a0, a0, 0xb
x10 <- 0xFFEAAAAAAAAAA800
mem[X,0x000000008001914C] -> 0x0513
mem[X,0x000000008001914E] -> 0x2AA5
[3298] [M]: 0x000000008001914C (0x2AA50513) addi a0, a0, 0x2aa
x10 <- 0xFFEAAAAAAAAAAAAA
mem[X,0x0000000080019150] -> 0x1513
mem[X,0x0000000080019152] -> 0x00A5
[3299] [M]: 0x0000000080019150 (0x00A51513) slli a0, a0, 0xa
x10 <- 0xAAAAAAAAAAAAA800
clint::tick mtime <- 0x0000000000000021
 clint timer pending at mtime 0x0000000000000021
htif::tick 0x0000000000000000
mem[X,0x0000000080019154] -> 0x0513
mem[X,0x0000000080019156] -> 0x2AA5
[3300] [M]: 0x0000000080019154 (0x2AA50513) addi a0, a0, 0x2aa
x10 <- 0xAAAAAAAAAAAAAAAA
mem[X,0x0000000080019158] -> 0x05B7
mem[X,0x000000008001915A] -> 0x0000
[3301] [M]: 0x0000000080019158 (0x000005B7) lui a1, 0x0
x11 <- 0x0000000000000000
mem[X,0x000000008001915C] -> 0x8593
mem[X,0x000000008001915E] -> 0x0005
[3302] [M]: 0x000000008001915C (0x00058593) addi a1, a1, 0x0
x11 <- 0x0000000000000000
mem[X,0x0000000080019160] -> 0x9593
mem[X,0x0000000080019162] -> 0x00B5
[3303] [M]: 0x0000000080019160 (0x00B59593) slli a1, a1, 0xb
x11 <- 0x0000000000000000
mem[X,0x0000000080019164] -> 0x8593
mem[X,0x0000000080019166] -> 0x5A85
[3304] [M]: 0x0000000080019164 (0x5A858593) addi a1, a1, 0x5a8
x11 <- 0x00000000000005A8
mem[X,0x0000000080019168] -> 0x9593
mem[X,0x000000008001916A] -> 0x00B5
[3305] [M]: 0x0000000080019168 (0x00B59593) slli a1, a1, 0xb
x11 <- 0x00000000002D4000
mem[X,0x000000008001916C] -> 0x8593
mem[X,0x000000008001916E] -> 0x13C5
[3306] [M]: 0x000000008001916C (0x13C58593) addi a1, a1, 0x13c
x11 <- 0x00000000002D413C
mem[X,0x0000000080019170] -> 0x9593
mem[X,0x0000000080019172] -> 0x00A5
[3307] [M]: 0x0000000080019170 (0x00A59593) slli a1, a1, 0xa
x11 <- 0x00000000B504F000
mem[X,0x0000000080019174] -> 0x8593
mem[X,0x0000000080019176] -> 0x3325
[3308] [M]: 0x0000000080019174 (0x33258593) addi a1, a1, 0x332
x11 <- 0x00000000B504F332
mem[X,0x0000000080019178] -> 0x0113
mem[X,0x000000008001917A] -> 0x0000
[3309] [M]: 0x0000000080019178 (0x00000113) addi sp, zero, 0x0
x2 <- 0x0000000000000000
mem[X,0x000000008001917C] -> 0x006F
mem[X,0x000000008001917E] -> 0x00C0
[3310] [M]: 0x000000008001917C (0x00C0006F) jal zero, 0xc
mem[X,0x0000000080019188] -> 0x1063
mem[X,0x000000008001918A] -> 0x02B5
[3311] [M]: 0x0000000080019188 (0x02B51063) bne a0, a1, 0x20
mem[X,0x00000000800191A8] -> 0x0113
mem[X,0x00000000800191AA] -> 0x0031
[3312] [M]: 0x00000000800191A8 (0x00310113) addi sp, sp, 0x3
x2 <- 0x0000000000000003
mem[X,0x00000000800191AC] -> 0x006F
mem[X,0x00000000800191AE] -> 0x0040
[3313] [M]: 0x00000000800191AC (0x0040006F) jal zero, 0x4
mem[X,0x00000000800191B0] -> 0xB023
mem[X,0x00000000800191B2] -> 0x7220
[3314] [M]: 0x00000000800191B0 (0x7220B023) sd sp, 0x720(ra)
mem[0x00000000800458F8] <- 0x0000000000000003
mem[X,0x00000000800191B4] -> 0xB537
mem[X,0x00000000800191B6] -> 0xAAAA
[3315] [M]: 0x00000000800191B4 (0xAAAAB537) lui a0, -0x55555
x10 <- 0xFFFFFFFFAAAAB000
mem[X,0x00000000800191B8] -> 0x0513
mem[X,0x00000000800191BA] -> 0xAAA5
[3316] [M]: 0x00000000800191B8 (0xAAA50513) addi a0, a0, -0x556
x10 <- 0xFFFFFFFFAAAAAAAA
mem[X,0x00000000800191BC] -> 0x1513
mem[X,0x00000000800191BE] -> 0x00B5
[3317] [M]: 0x00000000800191BC (0x00B51513) slli a0, a0, 0xb
x10 <- 0xFFFFFD5555555000
mem[X,0x00000000800191C0] -> 0x0513
mem[X,0x00000000800191C2] -> 0x5555
[3318] [M]: 0x00000000800191C0 (0x55550513) addi a0, a0, 0x555
x10 <- 0xFFFFFD5555555555
mem[X,0x00000000800191C4] -> 0x1513
mem[X,0x00000000800191C6] -> 0x00B5
[3319] [M]: 0x00000000800191C4 (0x00B51513) slli a0, a0, 0xb
x10 <- 0xFFEAAAAAAAAAA800
mem[X,0x00000000800191C8] -> 0x0513
mem[X,0x00000000800191CA] -> 0x2AA5
[3320] [M]: 0x00000000800191C8 (0x2AA50513) addi a0, a0, 0x2aa
x10 <- 0xFFEAAAAAAAAAAAAA
mem[X,0x00000000800191CC] -> 0x1513
mem[X,0x00000000800191CE] -> 0x00A5
[3321] [M]: 0x00000000800191CC (0x00A51513) slli a0, a0, 0xa
x10 <- 0xAAAAAAAAAAAAA800
mem[X,0x00000000800191D0] -> 0x0513
mem[X,0x00000000800191D2] -> 0x2AA5
[3322] [M]: 0x00000000800191D0 (0x2AA50513) addi a0, a0, 0x2aa
x10 <- 0xAAAAAAAAAAAAAAAA
mem[X,0x00000000800191D4] -> 0x55B7
mem[X,0x00000000800191D6] -> 0x5555
[3323] [M]: 0x00000000800191D4 (0x555555B7) lui a1, 0x55555
x11 <- 0x0000000055555000
mem[X,0x00000000800191D8] -> 0x8593
mem[X,0x00000000800191DA] -> 0x5555
[3324] [M]: 0x00000000800191D8 (0x55558593) addi a1, a1, 0x555
x11 <- 0x0000000055555555
mem[X,0x00000000800191DC] -> 0x9593
mem[X,0x00000000800191DE] -> 0x00B5
[3325] [M]: 0x00000000800191DC (0x00B59593) slli a1, a1, 0xb
x11 <- 0x000002AAAAAAA800
mem[X,0x00000000800191E0] -> 0x8593
mem[X,0x00000000800191E2] -> 0x2AA5
[3326] [M]: 0x00000000800191E0 (0x2AA58593) addi a1, a1, 0x2aa
x11 <- 0x000002AAAAAAAAAA
mem[X,0x00000000800191E4] -> 0x9593
mem[X,0x00000000800191E6] -> 0x00B5
[3327] [M]: 0x00000000800191E4 (0x00B59593) slli a1, a1, 0xb
x11 <- 0x0015555555555000
mem[X,0x00000000800191E8] -> 0x8593
mem[X,0x00000000800191EA] -> 0x5555
[3328] [M]: 0x00000000800191E8 (0x55558593) addi a1, a1, 0x555
x11 <- 0x0015555555555555
mem[X,0x00000000800191EC] -> 0x9593
mem[X,0x00000000800191EE] -> 0x00A5
[3329] [M]: 0x00000000800191EC (0x00A59593) slli a1, a1, 0xa
x11 <- 0x5555555555555400
mem[X,0x00000000800191F0] -> 0x8593
mem[X,0x00000000800191F2] -> 0x1565
[3330] [M]: 0x00000000800191F0 (0x15658593) addi a1, a1, 0x156
x11 <- 0x5555555555555556
mem[X,0x00000000800191F4] -> 0x0113
mem[X,0x00000000800191F6] -> 0x0000
[3331] [M]: 0x00000000800191F4 (0x00000113) addi sp, zero, 0x0
x2 <- 0x0000000000000000
mem[X,0x00000000800191F8] -> 0x006F
mem[X,0x00000000800191FA] -> 0x00C0
[3332] [M]: 0x00000000800191F8 (0x00C0006F) jal zero, 0xc
mem[X,0x0000000080019204] -> 0x1063
mem[X,0x0000000080019206] -> 0x10B5
[3333] [M]: 0x0000000080019204 (0x10B51063) bne a0, a1, 0x100
mem[X,0x0000000080019304] -> 0x0113
mem[X,0x0000000080019306] -> 0x0031
[3334] [M]: 0x0000000080019304 (0x00310113) addi sp, sp, 0x3
x2 <- 0x0000000000000003
mem[X,0x0000000080019308] -> 0x006F
mem[X,0x000000008001930A] -> 0x0040
[3335] [M]: 0x0000000080019308 (0x0040006F) jal zero, 0x4
mem[X,0x000000008001930C] -> 0xB423
mem[X,0x000000008001930E] -> 0x7220
[3336] [M]: 0x000000008001930C (0x7220B423) sd sp, 0x728(ra)
mem[0x0000000080045900] <- 0x0000000000000003
mem[X,0x0000000080019310] -> 0xB537
mem[X,0x0000000080019312] -> 0xAAAA
[3337] [M]: 0x0000000080019310 (0xAAAAB537) lui a0, -0x55555
x10 <- 0xFFFFFFFFAAAAB000
mem[X,0x0000000080019314] -> 0x0513
mem[X,0x0000000080019316] -> 0xAAA5
[3338] [M]: 0x0000000080019314 (0xAAA50513) addi a0, a0, -0x556
x10 <- 0xFFFFFFFFAAAAAAAA
mem[X,0x0000000080019318] -> 0x1513
mem[X,0x000000008001931A] -> 0x00B5
[3339] [M]: 0x0000000080019318 (0x00B51513) slli a0, a0, 0xb
x10 <- 0xFFFFFD5555555000
mem[X,0x000000008001931C] -> 0x0513
mem[X,0x000000008001931E] -> 0x5555
[3340] [M]: 0x000000008001931C (0x55550513) addi a0, a0, 0x555
x10 <- 0xFFFFFD5555555555
mem[X,0x0000000080019320] -> 0x1513
mem[X,0x0000000080019322] -> 0x00B5
[3341] [M]: 0x0000000080019320 (0x00B51513) slli a0, a0, 0xb
x10 <- 0xFFEAAAAAAAAAA800
mem[X,0x0000000080019324] -> 0x0513
mem[X,0x0000000080019326] -> 0x2AA5
[3342] [M]: 0x0000000080019324 (0x2AA50513) addi a0, a0, 0x2aa
x10 <- 0xFFEAAAAAAAAAAAAA
mem[X,0x0000000080019328] -> 0x1513
mem[X,0x000000008001932A] -> 0x00A5
[3343] [M]: 0x0000000080019328 (0x00A51513) slli a0, a0, 0xa
x10 <- 0xAAAAAAAAAAAAA800
mem[X,0x000000008001932C] -> 0x0513
mem[X,0x000000008001932E] -> 0x2AA5
[3344] [M]: 0x000000008001932C (0x2AA50513) addi a0, a0, 0x2aa
x10 <- 0xAAAAAAAAAAAAAAAA
mem[X,0x0000000080019330] -> 0xB5B7
mem[X,0x0000000080019332] -> 0xAAAA
[3345] [M]: 0x0000000080019330 (0xAAAAB5B7) lui a1, -0x55555
x11 <- 0xFFFFFFFFAAAAB000
mem[X,0x0000000080019334] -> 0x8593
mem[X,0x0000000080019336] -> 0xAAA5
[3346] [M]: 0x0000000080019334 (0xAAA58593) addi a1, a1, -0x556
x11 <- 0xFFFFFFFFAAAAAAAA
mem[X,0x0000000080019338] -> 0x9593
mem[X,0x000000008001933A] -> 0x00B5
[3347] [M]: 0x0000000080019338 (0x00B59593) slli a1, a1, 0xb
x11 <- 0xFFFFFD5555555000
mem[X,0x000000008001933C] -> 0x8593
mem[X,0x000000008001933E] -> 0x5555
[3348] [M]: 0x000000008001933C (0x55558593) addi a1, a1, 0x555
x11 <- 0xFFFFFD5555555555
mem[X,0x0000000080019340] -> 0x9593
mem[X,0x0000000080019342] -> 0x00B5
[3349] [M]: 0x0000000080019340 (0x00B59593) slli a1, a1, 0xb
x11 <- 0xFFEAAAAAAAAAA800
mem[X,0x0000000080019344] -> 0x8593
mem[X,0x0000000080019346] -> 0x2AA5
[3350] [M]: 0x0000000080019344 (0x2AA58593) addi a1, a1, 0x2aa
x11 <- 0xFFEAAAAAAAAAAAAA
mem[X,0x0000000080019348] -> 0x9593
mem[X,0x000000008001934A] -> 0x00A5
[3351] [M]: 0x0000000080019348 (0x00A59593) slli a1, a1, 0xa
x11 <- 0xAAAAAAAAAAAAA800
mem[X,0x000000008001934C] -> 0x8593
mem[X,0x000000008001934E] -> 0x2AB5
[3352] [M]: 0x000000008001934C (0x2AB58593) addi a1, a1, 0x2ab
x11 <- 0xAAAAAAAAAAAAAAAB
mem[X,0x0000000080019350] -> 0x0113
mem[X,0x0000000080019352] -> 0x0000
[3353] [M]: 0x0000000080019350 (0x00000113) addi sp, zero, 0x0
x2 <- 0x0000000000000000
mem[X,0x0000000080019354] -> 0x006F
mem[X,0x0000000080019356] -> 0x00C0
[3354] [M]: 0x0000000080019354 (0x00C0006F) jal zero, 0xc
mem[X,0x0000000080019360] -> 0x1863
mem[X,0x0000000080019362] -> 0x00B5
[3355] [M]: 0x0000000080019360 (0x00B51863) bne a0, a1, 0x10
mem[X,0x0000000080019370] -> 0x0113
mem[X,0x0000000080019372] -> 0x0031
[3356] [M]: 0x0000000080019370 (0x00310113) addi sp, sp, 0x3
x2 <- 0x0000000000000003
mem[X,0x0000000080019374] -> 0x006F
mem[X,0x0000000080019376] -> 0x0040
[3357] [M]: 0x0000000080019374 (0x0040006F) jal zero, 0x4
mem[X,0x0000000080019378] -> 0xB823
mem[X,0x000000008001937A] -> 0x7220
[3358] [M]: 0x0000000080019378 (0x7220B823) sd sp, 0x730(ra)
mem[0x0000000080045908] <- 0x0000000000000003
mem[X,0x000000008001937C] -> 0xB537
mem[X,0x000000008001937E] -> 0xAAAA
[3359] [M]: 0x000000008001937C (0xAAAAB537) lui a0, -0x55555
x10 <- 0xFFFFFFFFAAAAB000
mem[X,0x0000000080019380] -> 0x0513
mem[X,0x0000000080019382] -> 0xAAA5
[3360] [M]: 0x0000000080019380 (0xAAA50513) addi a0, a0, -0x556
x10 <- 0xFFFFFFFFAAAAAAAA
mem[X,0x0000000080019384] -> 0x1513
mem[X,0x0000000080019386] -> 0x00B5
[3361] [M]: 0x0000000080019384 (0x00B51513) slli a0, a0, 0xb
x10 <- 0xFFFFFD5555555000
mem[X,0x0000000080019388] -> 0x0513
mem[X,0x000000008001938A] -> 0x5555
[3362] [M]: 0x0000000080019388 (0x55550513) addi a0, a0, 0x555
x10 <- 0xFFFFFD5555555555
mem[X,0x000000008001938C] -> 0x1513
mem[X,0x000000008001938E] -> 0x00B5
[3363] [M]: 0x000000008001938C (0x00B51513) slli a0, a0, 0xb
x10 <- 0xFFEAAAAAAAAAA800
mem[X,0x0000000080019390] -> 0x0513
mem[X,0x0000000080019392] -> 0x2AA5
[3364] [M]: 0x0000000080019390 (0x2AA50513) addi a0, a0, 0x2aa
x10 <- 0xFFEAAAAAAAAAAAAA
mem[X,0x0000000080019394] -> 0x1513
mem[X,0x0000000080019396] -> 0x00A5
[3365] [M]: 0x0000000080019394 (0x00A51513) slli a0, a0, 0xa
x10 <- 0xAAAAAAAAAAAAA800
mem[X,0x0000000080019398] -> 0x0513
mem[X,0x000000008001939A] -> 0x2AA5
[3366] [M]: 0x0000000080019398 (0x2AA50513) addi a0, a0, 0x2aa
x10 <- 0xAAAAAAAAAAAAAAAA
mem[X,0x000000008001939C] -> 0x0593
mem[X,0x000000008001939E] -> 0x0060
[3367] [M]: 0x000000008001939C (0x00600593) addi a1, zero, 0x6
x11 <- 0x0000000000000006
mem[X,0x00000000800193A0] -> 0x0113
mem[X,0x00000000800193A2] -> 0x0000
[3368] [M]: 0x00000000800193A0 (0x00000113) addi sp, zero, 0x0
x2 <- 0x0000000000000000
mem[X,0x00000000800193A4] -> 0x006F
mem[X,0x00000000800193A6] -> 0x00C0
[3369] [M]: 0x00000000800193A4 (0x00C0006F) jal zero, 0xc
mem[X,0x00000000800193B0] -> 0x1663
mem[X,0x00000000800193B2] -> 0x00B5
[3370] [M]: 0x00000000800193B0 (0x00B51663) bne a0, a1, 0xc
mem[X,0x00000000800193BC] -> 0x0113
mem[X,0x00000000800193BE] -> 0x0031
[3371] [M]: 0x00000000800193BC (0x00310113) addi sp, sp, 0x3
x2 <- 0x0000000000000003
mem[X,0x00000000800193C0] -> 0x006F
mem[X,0x00000000800193C2] -> 0x0040
[3372] [M]: 0x00000000800193C0 (0x0040006F) jal zero, 0x4
mem[X,0x00000000800193C4] -> 0xBC23
mem[X,0x00000000800193C6] -> 0x7220
[3373] [M]: 0x00000000800193C4 (0x7220BC23) sd sp, 0x738(ra)
mem[0x0000000080045910] <- 0x0000000000000003
mem[X,0x00000000800193C8] -> 0xB537
mem[X,0x00000000800193CA] -> 0xAAAA
[3374] [M]: 0x00000000800193C8 (0xAAAAB537) lui a0, -0x55555
x10 <- 0xFFFFFFFFAAAAB000
mem[X,0x00000000800193CC] -> 0x0513
mem[X,0x00000000800193CE] -> 0xAAA5
[3375] [M]: 0x00000000800193CC (0xAAA50513) addi a0, a0, -0x556
x10 <- 0xFFFFFFFFAAAAAAAA
mem[X,0x00000000800193D0] -> 0x1513
mem[X,0x00000000800193D2] -> 0x00B5
[3376] [M]: 0x00000000800193D0 (0x00B51513) slli a0, a0, 0xb
x10 <- 0xFFFFFD5555555000
mem[X,0x00000000800193D4] -> 0x0513
mem[X,0x00000000800193D6] -> 0x5555
[3377] [M]: 0x00000000800193D4 (0x55550513) addi a0, a0, 0x555
x10 <- 0xFFFFFD5555555555
mem[X,0x00000000800193D8] -> 0x1513
mem[X,0x00000000800193DA] -> 0x00B5
[3378] [M]: 0x00000000800193D8 (0x00B51513) slli a0, a0, 0xb
x10 <- 0xFFEAAAAAAAAAA800
mem[X,0x00000000800193DC] -> 0x0513
mem[X,0x00000000800193DE] -> 0x2AA5
[3379] [M]: 0x00000000800193DC (0x2AA50513) addi a0, a0, 0x2aa
x10 <- 0xFFEAAAAAAAAAAAAA
mem[X,0x00000000800193E0] -> 0x1513
mem[X,0x00000000800193E2] -> 0x00A5
[3380] [M]: 0x00000000800193E0 (0x00A51513) slli a0, a0, 0xa
x10 <- 0xAAAAAAAAAAAAA800
mem[X,0x00000000800193E4] -> 0x0513
mem[X,0x00000000800193E6] -> 0x2AA5
[3381] [M]: 0x00000000800193E4 (0x2AA50513) addi a0, a0, 0x2aa
x10 <- 0xAAAAAAAAAAAAAAAA
mem[X,0x00000000800193E8] -> 0x35B7
mem[X,0x00000000800193EA] -> 0x3333
[3382] [M]: 0x00000000800193E8 (0x333335B7) lui a1, 0x33333
x11 <- 0x0000000033333000
mem[X,0x00000000800193EC] -> 0x8593
mem[X,0x00000000800193EE] -> 0x3335
[3383] [M]: 0x00000000800193EC (0x33358593) addi a1, a1, 0x333
x11 <- 0x0000000033333333
mem[X,0x00000000800193F0] -> 0x9593
mem[X,0x00000000800193F2] -> 0x00B5
[3384] [M]: 0x00000000800193F0 (0x00B59593) slli a1, a1, 0xb
x11 <- 0x0000019999999800
mem[X,0x00000000800193F4] -> 0x8593
mem[X,0x00000000800193F6] -> 0x1995
[3385] [M]: 0x00000000800193F4 (0x19958593) addi a1, a1, 0x199
x11 <- 0x0000019999999999
mem[X,0x00000000800193F8] -> 0x9593
mem[X,0x00000000800193FA] -> 0x00B5
[3386] [M]: 0x00000000800193F8 (0x00B59593) slli a1, a1, 0xb
x11 <- 0x000CCCCCCCCCC800
mem[X,0x00000000800193FC] -> 0x8593
mem[X,0x00000000800193FE] -> 0x4CC5
[3387] [M]: 0x00000000800193FC (0x4CC58593) addi a1, a1, 0x4cc
x11 <- 0x000CCCCCCCCCCCCC
mem[X,0x0000000080019400] -> 0x9593
mem[X,0x0000000080019402] -> 0x00A5
[3388] [M]: 0x0000000080019400 (0x00A59593) slli a1, a1, 0xa
x11 <- 0x3333333333333000
mem[X,0x0000000080019404] -> 0x8593
mem[X,0x0000000080019406] -> 0x3345
[3389] [M]: 0x0000000080019404 (0x33458593) addi a1, a1, 0x334
x11 <- 0x3333333333333334
mem[X,0x0000000080019408] -> 0x0113
mem[X,0x000000008001940A] -> 0x0000
[3390] [M]: 0x0000000080019408 (0x00000113) addi sp, zero, 0x0
x2 <- 0x0000000000000000
mem[X,0x000000008001940C] -> 0x006F
mem[X,0x000000008001940E] -> 0x0050
[3391] [M]: 0x000000008001940C (0x0050006F) jal zero, 0x804
mem[X,0x0000000080019C10] -> 0x10E3
mem[X,0x0000000080019C12] -> 0x80B5
[3392] [M]: 0x0000000080019C10 (0x80B510E3) bne a0, a1, -0x800
mem[X,0x0000000080019410] -> 0x0113
mem[X,0x0000000080019412] -> 0x0011
[3393] [M]: 0x0000000080019410 (0x00110113) addi sp, sp, 0x1
x2 <- 0x0000000000000001
mem[X,0x0000000080019414] -> 0x006F
mem[X,0x0000000080019416] -> 0x0110
[3394] [M]: 0x0000000080019414 (0x0110006F) jal zero, 0x810
mem[X,0x0000000080019C24] -> 0xB023
mem[X,0x0000000080019C26] -> 0x7420
[3395] [M]: 0x0000000080019C24 (0x7420B023) sd sp, 0x740(ra)
mem[0x0000000080045918] <- 0x0000000000000001
mem[X,0x0000000080019C28] -> 0xB537
mem[X,0x0000000080019C2A] -> 0xAAAA
[3396] [M]: 0x0000000080019C28 (0xAAAAB537) lui a0, -0x55555
x10 <- 0xFFFFFFFFAAAAB000
mem[X,0x0000000080019C2C] -> 0x0513
mem[X,0x0000000080019C2E] -> 0xAAA5
[3397] [M]: 0x0000000080019C2C (0xAAA50513) addi a0, a0, -0x556
x10 <- 0xFFFFFFFFAAAAAAAA
mem[X,0x0000000080019C30] -> 0x1513
mem[X,0x0000000080019C32] -> 0x00B5
[3398] [M]: 0x0000000080019C30 (0x00B51513) slli a0, a0, 0xb
x10 <- 0xFFFFFD5555555000
mem[X,0x0000000080019C34] -> 0x0513
mem[X,0x0000000080019C36] -> 0x5555
[3399] [M]: 0x0000000080019C34 (0x55550513) addi a0, a0, 0x555
x10 <- 0xFFFFFD5555555555
clint::tick mtime <- 0x0000000000000022
 clint timer pending at mtime 0x0000000000000022
htif::tick 0x0000000000000000
mem[X,0x0000000080019C38] -> 0x1513
mem[X,0x0000000080019C3A] -> 0x00B5
[3400] [M]: 0x0000000080019C38 (0x00B51513) slli a0, a0, 0xb
x10 <- 0xFFEAAAAAAAAAA800
mem[X,0x0000000080019C3C] -> 0x0513
mem[X,0x0000000080019C3E] -> 0x2AA5
[3401] [M]: 0x0000000080019C3C (0x2AA50513) addi a0, a0, 0x2aa
x10 <- 0xFFEAAAAAAAAAAAAA
mem[X,0x0000000080019C40] -> 0x1513
mem[X,0x0000000080019C42] -> 0x00A5
[3402] [M]: 0x0000000080019C40 (0x00A51513) slli a0, a0, 0xa
x10 <- 0xAAAAAAAAAAAAA800
mem[X,0x0000000080019C44] -> 0x0513
mem[X,0x0000000080019C46] -> 0x2AA5
[3403] [M]: 0x0000000080019C44 (0x2AA50513) addi a0, a0, 0x2aa
x10 <- 0xAAAAAAAAAAAAAAAA
mem[X,0x0000000080019C48] -> 0x65B7
mem[X,0x0000000080019C4A] -> 0x6666
[3404] [M]: 0x0000000080019C48 (0x666665B7) lui a1, 0x66666
x11 <- 0x0000000066666000
mem[X,0x0000000080019C4C] -> 0x8593
mem[X,0x0000000080019C4E] -> 0x6665
[3405] [M]: 0x0000000080019C4C (0x66658593) addi a1, a1, 0x666
x11 <- 0x0000000066666666
mem[X,0x0000000080019C50] -> 0x9593
mem[X,0x0000000080019C52] -> 0x00B5
[3406] [M]: 0x0000000080019C50 (0x00B59593) slli a1, a1, 0xb
x11 <- 0x0000033333333000
mem[X,0x0000000080019C54] -> 0x8593
mem[X,0x0000000080019C56] -> 0x3335
[3407] [M]: 0x0000000080019C54 (0x33358593) addi a1, a1, 0x333
x11 <- 0x0000033333333333
mem[X,0x0000000080019C58] -> 0x9593
mem[X,0x0000000080019C5A] -> 0x00B5
[3408] [M]: 0x0000000080019C58 (0x00B59593) slli a1, a1, 0xb
x11 <- 0x0019999999999800
mem[X,0x0000000080019C5C] -> 0x8593
mem[X,0x0000000080019C5E] -> 0x1995
[3409] [M]: 0x0000000080019C5C (0x19958593) addi a1, a1, 0x199
x11 <- 0x0019999999999999
mem[X,0x0000000080019C60] -> 0x9593
mem[X,0x0000000080019C62] -> 0x00A5
[3410] [M]: 0x0000000080019C60 (0x00A59593) slli a1, a1, 0xa
x11 <- 0x6666666666666400
mem[X,0x0000000080019C64] -> 0x8593
mem[X,0x0000000080019C66] -> 0x2675
[3411] [M]: 0x0000000080019C64 (0x26758593) addi a1, a1, 0x267
x11 <- 0x6666666666666667
mem[X,0x0000000080019C68] -> 0x0113
mem[X,0x0000000080019C6A] -> 0x0000
[3412] [M]: 0x0000000080019C68 (0x00000113) addi sp, zero, 0x0
x2 <- 0x0000000000000000
mem[X,0x0000000080019C6C] -> 0x006F
mem[X,0x0000000080019C6E] -> 0x00C0
[3413] [M]: 0x0000000080019C6C (0x00C0006F) jal zero, 0xc
mem[X,0x0000000080019C78] -> 0x1663
mem[X,0x0000000080019C7A] -> 0x00B5
[3414] [M]: 0x0000000080019C78 (0x00B51663) bne a0, a1, 0xc
mem[X,0x0000000080019C84] -> 0x0113
mem[X,0x0000000080019C86] -> 0x0031
[3415] [M]: 0x0000000080019C84 (0x00310113) addi sp, sp, 0x3
x2 <- 0x0000000000000003
mem[X,0x0000000080019C88] -> 0x006F
mem[X,0x0000000080019C8A] -> 0x0040
[3416] [M]: 0x0000000080019C88 (0x0040006F) jal zero, 0x4
mem[X,0x0000000080019C8C] -> 0xB423
mem[X,0x0000000080019C8E] -> 0x7420
[3417] [M]: 0x0000000080019C8C (0x7420B423) sd sp, 0x748(ra)
mem[0x0000000080045920] <- 0x0000000000000003
mem[X,0x0000000080019C90] -> 0xB537
mem[X,0x0000000080019C92] -> 0xAAAA
[3418] [M]: 0x0000000080019C90 (0xAAAAB537) lui a0, -0x55555
x10 <- 0xFFFFFFFFAAAAB000
mem[X,0x0000000080019C94] -> 0x0513
mem[X,0x0000000080019C96] -> 0xAAA5
[3419] [M]: 0x0000000080019C94 (0xAAA50513) addi a0, a0, -0x556
x10 <- 0xFFFFFFFFAAAAAAAA
mem[X,0x0000000080019C98] -> 0x1513
mem[X,0x0000000080019C9A] -> 0x00B5
[3420] [M]: 0x0000000080019C98 (0x00B51513) slli a0, a0, 0xb
x10 <- 0xFFFFFD5555555000
mem[X,0x0000000080019C9C] -> 0x0513
mem[X,0x0000000080019C9E] -> 0x5555
[3421] [M]: 0x0000000080019C9C (0x55550513) addi a0, a0, 0x555
x10 <- 0xFFFFFD5555555555
mem[X,0x0000000080019CA0] -> 0x1513
mem[X,0x0000000080019CA2] -> 0x00B5
[3422] [M]: 0x0000000080019CA0 (0x00B51513) slli a0, a0, 0xb
x10 <- 0xFFEAAAAAAAAAA800
mem[X,0x0000000080019CA4] -> 0x0513
mem[X,0x0000000080019CA6] -> 0x2AA5
[3423] [M]: 0x0000000080019CA4 (0x2AA50513) addi a0, a0, 0x2aa
x10 <- 0xFFEAAAAAAAAAAAAA
mem[X,0x0000000080019CA8] -> 0x1513
mem[X,0x0000000080019CAA] -> 0x00A5
[3424] [M]: 0x0000000080019CA8 (0x00A51513) slli a0, a0, 0xa
x10 <- 0xAAAAAAAAAAAAA800
mem[X,0x0000000080019CAC] -> 0x0513
mem[X,0x0000000080019CAE] -> 0x2AA5
[3425] [M]: 0x0000000080019CAC (0x2AA50513) addi a0, a0, 0x2aa
x10 <- 0xAAAAAAAAAAAAAAAA
mem[X,0x0000000080019CB0] -> 0x05B7
mem[X,0x0000000080019CB2] -> 0x0000
[3426] [M]: 0x0000000080019CB0 (0x000005B7) lui a1, 0x0
x11 <- 0x0000000000000000
mem[X,0x0000000080019CB4] -> 0x8593
mem[X,0x0000000080019CB6] -> 0xFFF5
[3427] [M]: 0x0000000080019CB4 (0xFFF58593) addi a1, a1, -0x1
x11 <- 0xFFFFFFFFFFFFFFFF
mem[X,0x0000000080019CB8] -> 0x9593
mem[X,0x0000000080019CBA] -> 0x00B5
[3428] [M]: 0x0000000080019CB8 (0x00B59593) slli a1, a1, 0xb
x11 <- 0xFFFFFFFFFFFFF800
mem[X,0x0000000080019CBC] -> 0x8593
mem[X,0x0000000080019CBE] -> 0x2575
[3429] [M]: 0x0000000080019CBC (0x25758593) addi a1, a1, 0x257
x11 <- 0xFFFFFFFFFFFFFA57
mem[X,0x0000000080019CC0] -> 0x9593
mem[X,0x0000000080019CC2] -> 0x00B5
[3430] [M]: 0x0000000080019CC0 (0x00B59593) slli a1, a1, 0xb
x11 <- 0xFFFFFFFFFFD2B800
mem[X,0x0000000080019CC4] -> 0x8593
mem[X,0x0000000080019CC6] -> 0x6C35
[3431] [M]: 0x0000000080019CC4 (0x6C358593) addi a1, a1, 0x6c3
x11 <- 0xFFFFFFFFFFD2BEC3
mem[X,0x0000000080019CC8] -> 0x9593
mem[X,0x0000000080019CCA] -> 0x00A5
[3432] [M]: 0x0000000080019CC8 (0x00A59593) slli a1, a1, 0xa
x11 <- 0xFFFFFFFF4AFB0C00
mem[X,0x0000000080019CCC] -> 0x8593
mem[X,0x0000000080019CCE] -> 0x0CE5
[3433] [M]: 0x0000000080019CCC (0x0CE58593) addi a1, a1, 0xce
x11 <- 0xFFFFFFFF4AFB0CCE
mem[X,0x0000000080019CD0] -> 0x0113
mem[X,0x0000000080019CD2] -> 0x0000
[3434] [M]: 0x0000000080019CD0 (0x00000113) addi sp, zero, 0x0
x2 <- 0x0000000000000000
mem[X,0x0000000080019CD4] -> 0x006F
mem[X,0x0000000080019CD6] -> 0x00C0
[3435] [M]: 0x0000000080019CD4 (0x00C0006F) jal zero, 0xc
mem[X,0x0000000080019CE0] -> 0x1663
mem[X,0x0000000080019CE2] -> 0x00B5
[3436] [M]: 0x0000000080019CE0 (0x00B51663) bne a0, a1, 0xc
mem[X,0x0000000080019CEC] -> 0x0113
mem[X,0x0000000080019CEE] -> 0x0031
[3437] [M]: 0x0000000080019CEC (0x00310113) addi sp, sp, 0x3
x2 <- 0x0000000000000003
mem[X,0x0000000080019CF0] -> 0x006F
mem[X,0x0000000080019CF2] -> 0x0040
[3438] [M]: 0x0000000080019CF0 (0x0040006F) jal zero, 0x4
mem[X,0x0000000080019CF4] -> 0xB823
mem[X,0x0000000080019CF6] -> 0x7420
[3439] [M]: 0x0000000080019CF4 (0x7420B823) sd sp, 0x750(ra)
mem[0x0000000080045928] <- 0x0000000000000003
mem[X,0x0000000080019CF8] -> 0xB537
mem[X,0x0000000080019CFA] -> 0xAAAA
[3440] [M]: 0x0000000080019CF8 (0xAAAAB537) lui a0, -0x55555
x10 <- 0xFFFFFFFFAAAAB000
mem[X,0x0000000080019CFC] -> 0x0513
mem[X,0x0000000080019CFE] -> 0xAAA5
[3441] [M]: 0x0000000080019CFC (0xAAA50513) addi a0, a0, -0x556
x10 <- 0xFFFFFFFFAAAAAAAA
mem[X,0x0000000080019D00] -> 0x1513
mem[X,0x0000000080019D02] -> 0x00B5
[3442] [M]: 0x0000000080019D00 (0x00B51513) slli a0, a0, 0xb
x10 <- 0xFFFFFD5555555000
mem[X,0x0000000080019D04] -> 0x0513
mem[X,0x0000000080019D06] -> 0x5555
[3443] [M]: 0x0000000080019D04 (0x55550513) addi a0, a0, 0x555
x10 <- 0xFFFFFD5555555555
mem[X,0x0000000080019D08] -> 0x1513
mem[X,0x0000000080019D0A] -> 0x00B5
[3444] [M]: 0x0000000080019D08 (0x00B51513) slli a0, a0, 0xb
x10 <- 0xFFEAAAAAAAAAA800
mem[X,0x0000000080019D0C] -> 0x0513
mem[X,0x0000000080019D0E] -> 0x2AA5
[3445] [M]: 0x0000000080019D0C (0x2AA50513) addi a0, a0, 0x2aa
x10 <- 0xFFEAAAAAAAAAAAAA
mem[X,0x0000000080019D10] -> 0x1513
mem[X,0x0000000080019D12] -> 0x00A5
[3446] [M]: 0x0000000080019D10 (0x00A51513) slli a0, a0, 0xa
x10 <- 0xAAAAAAAAAAAAA800
mem[X,0x0000000080019D14] -> 0x0513
mem[X,0x0000000080019D16] -> 0x2AA5
[3447] [M]: 0x0000000080019D14 (0x2AA50513) addi a0, a0, 0x2aa
x10 <- 0xAAAAAAAAAAAAAAAA
mem[X,0x0000000080019D18] -> 0x05B7
mem[X,0x0000000080019D1A] -> 0x0000
[3448] [M]: 0x0000000080019D18 (0x000005B7) lui a1, 0x0
x11 <- 0x0000000000000000
mem[X,0x0000000080019D1C] -> 0x8593
mem[X,0x0000000080019D1E] -> 0x0005
[3449] [M]: 0x0000000080019D1C (0x00058593) addi a1, a1, 0x0
x11 <- 0x0000000000000000
mem[X,0x0000000080019D20] -> 0x9593
mem[X,0x0000000080019D22] -> 0x00B5
[3450] [M]: 0x0000000080019D20 (0x00B59593) slli a1, a1, 0xb
x11 <- 0x0000000000000000
mem[X,0x0000000080019D24] -> 0x8593
mem[X,0x0000000080019D26] -> 0x5A85
[3451] [M]: 0x0000000080019D24 (0x5A858593) addi a1, a1, 0x5a8
x11 <- 0x00000000000005A8
mem[X,0x0000000080019D28] -> 0x9593
mem[X,0x0000000080019D2A] -> 0x00B5
[3452] [M]: 0x0000000080019D28 (0x00B59593) slli a1, a1, 0xb
x11 <- 0x00000000002D4000
mem[X,0x0000000080019D2C] -> 0x8593
mem[X,0x0000000080019D2E] -> 0x13C5
[3453] [M]: 0x0000000080019D2C (0x13C58593) addi a1, a1, 0x13c
x11 <- 0x00000000002D413C
mem[X,0x0000000080019D30] -> 0x9593
mem[X,0x0000000080019D32] -> 0x00A5
[3454] [M]: 0x0000000080019D30 (0x00A59593) slli a1, a1, 0xa
x11 <- 0x00000000B504F000
mem[X,0x0000000080019D34] -> 0x8593
mem[X,0x0000000080019D36] -> 0x3345
[3455] [M]: 0x0000000080019D34 (0x33458593) addi a1, a1, 0x334
x11 <- 0x00000000B504F334
mem[X,0x0000000080019D38] -> 0x0113
mem[X,0x0000000080019D3A] -> 0x0000
[3456] [M]: 0x0000000080019D38 (0x00000113) addi sp, zero, 0x0
x2 <- 0x0000000000000000
mem[X,0x0000000080019D3C] -> 0x006F
mem[X,0x0000000080019D3E] -> 0x00C0
[3457] [M]: 0x0000000080019D3C (0x00C0006F) jal zero, 0xc
mem[X,0x0000000080019D48] -> 0x1663
mem[X,0x0000000080019D4A] -> 0x00B5
[3458] [M]: 0x0000000080019D48 (0x00B51663) bne a0, a1, 0xc
mem[X,0x0000000080019D54] -> 0x0113
mem[X,0x0000000080019D56] -> 0x0031
[3459] [M]: 0x0000000080019D54 (0x00310113) addi sp, sp, 0x3
x2 <- 0x0000000000000003
mem[X,0x0000000080019D58] -> 0x006F
mem[X,0x0000000080019D5A] -> 0x0040
[3460] [M]: 0x0000000080019D58 (0x0040006F) jal zero, 0x4
mem[X,0x0000000080019D5C] -> 0xBC23
mem[X,0x0000000080019D5E] -> 0x7420
[3461] [M]: 0x0000000080019D5C (0x7420BC23) sd sp, 0x758(ra)
mem[0x0000000080045930] <- 0x0000000000000003
mem[X,0x0000000080019D60] -> 0x0513
mem[X,0x0000000080019D62] -> 0x0050
[3462] [M]: 0x0000000080019D60 (0x00500513) addi a0, zero, 0x5
x10 <- 0x0000000000000005
mem[X,0x0000000080019D64] -> 0x0593
mem[X,0x0000000080019D66] -> 0x0030
[3463] [M]: 0x0000000080019D64 (0x00300593) addi a1, zero, 0x3
x11 <- 0x0000000000000003
mem[X,0x0000000080019D68] -> 0x0113
mem[X,0x0000000080019D6A] -> 0x0000
[3464] [M]: 0x0000000080019D68 (0x00000113) addi sp, zero, 0x0
x2 <- 0x0000000000000000
mem[X,0x0000000080019D6C] -> 0x006F
mem[X,0x0000000080019D6E] -> 0x0140
[3465] [M]: 0x0000000080019D6C (0x0140006F) jal zero, 0x14
mem[X,0x0000000080019D80] -> 0x18E3
mem[X,0x0000000080019D82] -> 0xFEB5
[3466] [M]: 0x0000000080019D80 (0xFEB518E3) bne a0, a1, -0x10
mem[X,0x0000000080019D70] -> 0x0113
mem[X,0x0000000080019D72] -> 0x0011
[3467] [M]: 0x0000000080019D70 (0x00110113) addi sp, sp, 0x1
x2 <- 0x0000000000000001
mem[X,0x0000000080019D74] -> 0x006F
mem[X,0x0000000080019D76] -> 0x0200
[3468] [M]: 0x0000000080019D74 (0x0200006F) jal zero, 0x20
mem[X,0x0000000080019D94] -> 0xB023
mem[X,0x0000000080019D96] -> 0x7620
[3469] [M]: 0x0000000080019D94 (0x7620B023) sd sp, 0x760(ra)
mem[0x0000000080045938] <- 0x0000000000000001
mem[X,0x0000000080019D98] -> 0x0513
mem[X,0x0000000080019D9A] -> 0x0050
[3470] [M]: 0x0000000080019D98 (0x00500513) addi a0, zero, 0x5
x10 <- 0x0000000000000005
mem[X,0x0000000080019D9C] -> 0x55B7
mem[X,0x0000000080019D9E] -> 0x5555
[3471] [M]: 0x0000000080019D9C (0x555555B7) lui a1, 0x55555
x11 <- 0x0000000055555000
mem[X,0x0000000080019DA0] -> 0x8593
mem[X,0x0000000080019DA2] -> 0x5555
[3472] [M]: 0x0000000080019DA0 (0x55558593) addi a1, a1, 0x555
x11 <- 0x0000000055555555
mem[X,0x0000000080019DA4] -> 0x9593
mem[X,0x0000000080019DA6] -> 0x00B5
[3473] [M]: 0x0000000080019DA4 (0x00B59593) slli a1, a1, 0xb
x11 <- 0x000002AAAAAAA800
mem[X,0x0000000080019DA8] -> 0x8593
mem[X,0x0000000080019DAA] -> 0x2AA5
[3474] [M]: 0x0000000080019DA8 (0x2AA58593) addi a1, a1, 0x2aa
x11 <- 0x000002AAAAAAAAAA
mem[X,0x0000000080019DAC] -> 0x9593
mem[X,0x0000000080019DAE] -> 0x00B5
[3475] [M]: 0x0000000080019DAC (0x00B59593) slli a1, a1, 0xb
x11 <- 0x0015555555555000
mem[X,0x0000000080019DB0] -> 0x8593
mem[X,0x0000000080019DB2] -> 0x5555
[3476] [M]: 0x0000000080019DB0 (0x55558593) addi a1, a1, 0x555
x11 <- 0x0015555555555555
mem[X,0x0000000080019DB4] -> 0x9593
mem[X,0x0000000080019DB6] -> 0x00A5
[3477] [M]: 0x0000000080019DB4 (0x00A59593) slli a1, a1, 0xa
x11 <- 0x5555555555555400
mem[X,0x0000000080019DB8] -> 0x8593
mem[X,0x0000000080019DBA] -> 0x1555
[3478] [M]: 0x0000000080019DB8 (0x15558593) addi a1, a1, 0x155
x11 <- 0x5555555555555555
mem[X,0x0000000080019DBC] -> 0x0113
mem[X,0x0000000080019DBE] -> 0x0000
[3479] [M]: 0x0000000080019DBC (0x00000113) addi sp, zero, 0x0
x2 <- 0x0000000000000000
mem[X,0x0000000080019DC0] -> 0x006F
mem[X,0x0000000080019DC2] -> 0x00C0
[3480] [M]: 0x0000000080019DC0 (0x00C0006F) jal zero, 0xc
mem[X,0x0000000080019DCC] -> 0x1063
mem[X,0x0000000080019DCE] -> 0x08B5
[3481] [M]: 0x0000000080019DCC (0x08B51063) bne a0, a1, 0x80
mem[X,0x0000000080019E4C] -> 0x0113
mem[X,0x0000000080019E4E] -> 0x0031
[3482] [M]: 0x0000000080019E4C (0x00310113) addi sp, sp, 0x3
x2 <- 0x0000000000000003
mem[X,0x0000000080019E50] -> 0x006F
mem[X,0x0000000080019E52] -> 0x0040
[3483] [M]: 0x0000000080019E50 (0x0040006F) jal zero, 0x4
mem[X,0x0000000080019E54] -> 0xB423
mem[X,0x0000000080019E56] -> 0x7620
[3484] [M]: 0x0000000080019E54 (0x7620B423) sd sp, 0x768(ra)
mem[0x0000000080045940] <- 0x0000000000000003
mem[X,0x0000000080019E58] -> 0x0513
mem[X,0x0000000080019E5A] -> 0x0050
[3485] [M]: 0x0000000080019E58 (0x00500513) addi a0, zero, 0x5
x10 <- 0x0000000000000005
mem[X,0x0000000080019E5C] -> 0xB5B7
mem[X,0x0000000080019E5E] -> 0xAAAA
[3486] [M]: 0x0000000080019E5C (0xAAAAB5B7) lui a1, -0x55555
x11 <- 0xFFFFFFFFAAAAB000
mem[X,0x0000000080019E60] -> 0x8593
mem[X,0x0000000080019E62] -> 0xAAA5
[3487] [M]: 0x0000000080019E60 (0xAAA58593) addi a1, a1, -0x556
x11 <- 0xFFFFFFFFAAAAAAAA
mem[X,0x0000000080019E64] -> 0x9593
mem[X,0x0000000080019E66] -> 0x00B5
[3488] [M]: 0x0000000080019E64 (0x00B59593) slli a1, a1, 0xb
x11 <- 0xFFFFFD5555555000
mem[X,0x0000000080019E68] -> 0x8593
mem[X,0x0000000080019E6A] -> 0x5555
[3489] [M]: 0x0000000080019E68 (0x55558593) addi a1, a1, 0x555
x11 <- 0xFFFFFD5555555555
mem[X,0x0000000080019E6C] -> 0x9593
mem[X,0x0000000080019E6E] -> 0x00B5
[3490] [M]: 0x0000000080019E6C (0x00B59593) slli a1, a1, 0xb
x11 <- 0xFFEAAAAAAAAAA800
mem[X,0x0000000080019E70] -> 0x8593
mem[X,0x0000000080019E72] -> 0x2AA5
[3491] [M]: 0x0000000080019E70 (0x2AA58593) addi a1, a1, 0x2aa
x11 <- 0xFFEAAAAAAAAAAAAA
mem[X,0x0000000080019E74] -> 0x9593
mem[X,0x0000000080019E76] -> 0x00A5
[3492] [M]: 0x0000000080019E74 (0x00A59593) slli a1, a1, 0xa
x11 <- 0xAAAAAAAAAAAAA800
mem[X,0x0000000080019E78] -> 0x8593
mem[X,0x0000000080019E7A] -> 0x2AA5
[3493] [M]: 0x0000000080019E78 (0x2AA58593) addi a1, a1, 0x2aa
x11 <- 0xAAAAAAAAAAAAAAAA
mem[X,0x0000000080019E7C] -> 0x0113
mem[X,0x0000000080019E7E] -> 0x0000
[3494] [M]: 0x0000000080019E7C (0x00000113) addi sp, zero, 0x0
x2 <- 0x0000000000000000
mem[X,0x0000000080019E80] -> 0x006F
mem[X,0x0000000080019E82] -> 0x00C0
[3495] [M]: 0x0000000080019E80 (0x00C0006F) jal zero, 0xc
mem[X,0x0000000080019E8C] -> 0x1063
mem[X,0x0000000080019E8E] -> 0x02B5
[3496] [M]: 0x0000000080019E8C (0x02B51063) bne a0, a1, 0x20
mem[X,0x0000000080019EAC] -> 0x0113
mem[X,0x0000000080019EAE] -> 0x0031
[3497] [M]: 0x0000000080019EAC (0x00310113) addi sp, sp, 0x3
x2 <- 0x0000000000000003
mem[X,0x0000000080019EB0] -> 0x006F
mem[X,0x0000000080019EB2] -> 0x0040
[3498] [M]: 0x0000000080019EB0 (0x0040006F) jal zero, 0x4
mem[X,0x0000000080019EB4] -> 0xB823
mem[X,0x0000000080019EB6] -> 0x7620
[3499] [M]: 0x0000000080019EB4 (0x7620B823) sd sp, 0x770(ra)
mem[0x0000000080045948] <- 0x0000000000000003
clint::tick mtime <- 0x0000000000000023
 clint timer pending at mtime 0x0000000000000023
htif::tick 0x0000000000000000
mem[X,0x0000000080019EB8] -> 0x0513
mem[X,0x0000000080019EBA] -> 0x0050
[3500] [M]: 0x0000000080019EB8 (0x00500513) addi a0, zero, 0x5
x10 <- 0x0000000000000005
mem[X,0x0000000080019EBC] -> 0x0593
mem[X,0x0000000080019EBE] -> 0x0050
[3501] [M]: 0x0000000080019EBC (0x00500593) addi a1, zero, 0x5
x11 <- 0x0000000000000005
mem[X,0x0000000080019EC0] -> 0x0113
mem[X,0x0000000080019EC2] -> 0x0000
[3502] [M]: 0x0000000080019EC0 (0x00000113) addi sp, zero, 0x0
x2 <- 0x0000000000000000
mem[X,0x0000000080019EC4] -> 0x006F
mem[X,0x0000000080019EC6] -> 0x0050
[3503] [M]: 0x0000000080019EC4 (0x0050006F) jal zero, 0x804
mem[X,0x000000008001A6C8] -> 0x10E3
mem[X,0x000000008001A6CA] -> 0x80B5
[3504] [M]: 0x000000008001A6C8 (0x80B510E3) bne a0, a1, -0x800
mem[X,0x000000008001A6CC] -> 0x0113
mem[X,0x000000008001A6CE] -> 0x0021
[3505] [M]: 0x000000008001A6CC (0x00210113) addi sp, sp, 0x2
x2 <- 0x0000000000000002
mem[X,0x000000008001A6D0] -> 0x006F
mem[X,0x000000008001A6D2] -> 0x00C0
[3506] [M]: 0x000000008001A6D0 (0x00C0006F) jal zero, 0xc
mem[X,0x000000008001A6DC] -> 0xBC23
mem[X,0x000000008001A6DE] -> 0x7620
[3507] [M]: 0x000000008001A6DC (0x7620BC23) sd sp, 0x778(ra)
mem[0x0000000080045950] <- 0x0000000000000002
mem[X,0x000000008001A6E0] -> 0x0513
mem[X,0x000000008001A6E2] -> 0x0050
[3508] [M]: 0x000000008001A6E0 (0x00500513) addi a0, zero, 0x5
x10 <- 0x0000000000000005
mem[X,0x000000008001A6E4] -> 0x35B7
mem[X,0x000000008001A6E6] -> 0x3333
[3509] [M]: 0x000000008001A6E4 (0x333335B7) lui a1, 0x33333
x11 <- 0x0000000033333000
mem[X,0x000000008001A6E8] -> 0x8593
mem[X,0x000000008001A6EA] -> 0x3335
[3510] [M]: 0x000000008001A6E8 (0x33358593) addi a1, a1, 0x333
x11 <- 0x0000000033333333
mem[X,0x000000008001A6EC] -> 0x9593
mem[X,0x000000008001A6EE] -> 0x00B5
[3511] [M]: 0x000000008001A6EC (0x00B59593) slli a1, a1, 0xb
x11 <- 0x0000019999999800
mem[X,0x000000008001A6F0] -> 0x8593
mem[X,0x000000008001A6F2] -> 0x1995
[3512] [M]: 0x000000008001A6F0 (0x19958593) addi a1, a1, 0x199
x11 <- 0x0000019999999999
mem[X,0x000000008001A6F4] -> 0x9593
mem[X,0x000000008001A6F6] -> 0x00B5
[3513] [M]: 0x000000008001A6F4 (0x00B59593) slli a1, a1, 0xb
x11 <- 0x000CCCCCCCCCC800
mem[X,0x000000008001A6F8] -> 0x8593
mem[X,0x000000008001A6FA] -> 0x4CC5
[3514] [M]: 0x000000008001A6F8 (0x4CC58593) addi a1, a1, 0x4cc
x11 <- 0x000CCCCCCCCCCCCC
mem[X,0x000000008001A6FC] -> 0x9593
mem[X,0x000000008001A6FE] -> 0x00A5
[3515] [M]: 0x000000008001A6FC (0x00A59593) slli a1, a1, 0xa
x11 <- 0x3333333333333000
mem[X,0x000000008001A700] -> 0x8593
mem[X,0x000000008001A702] -> 0x3335
[3516] [M]: 0x000000008001A700 (0x33358593) addi a1, a1, 0x333
x11 <- 0x3333333333333333
mem[X,0x000000008001A704] -> 0x0113
mem[X,0x000000008001A706] -> 0x0000
[3517] [M]: 0x000000008001A704 (0x00000113) addi sp, zero, 0x0
x2 <- 0x0000000000000000
mem[X,0x000000008001A708] -> 0x006F
mem[X,0x000000008001A70A] -> 0x00C0
[3518] [M]: 0x000000008001A708 (0x00C0006F) jal zero, 0xc
mem[X,0x000000008001A714] -> 0x1063
mem[X,0x000000008001A716] -> 0x02B5
[3519] [M]: 0x000000008001A714 (0x02B51063) bne a0, a1, 0x20
mem[X,0x000000008001A734] -> 0x0113
mem[X,0x000000008001A736] -> 0x0031
[3520] [M]: 0x000000008001A734 (0x00310113) addi sp, sp, 0x3
x2 <- 0x0000000000000003
mem[X,0x000000008001A738] -> 0x006F
mem[X,0x000000008001A73A] -> 0x0040
[3521] [M]: 0x000000008001A738 (0x0040006F) jal zero, 0x4
mem[X,0x000000008001A73C] -> 0xB023
mem[X,0x000000008001A73E] -> 0x7820
[3522] [M]: 0x000000008001A73C (0x7820B023) sd sp, 0x780(ra)
mem[0x0000000080045958] <- 0x0000000000000003
mem[X,0x000000008001A740] -> 0x0513
mem[X,0x000000008001A742] -> 0x0050
[3523] [M]: 0x000000008001A740 (0x00500513) addi a0, zero, 0x5
x10 <- 0x0000000000000005
mem[X,0x000000008001A744] -> 0x65B7
mem[X,0x000000008001A746] -> 0x6666
[3524] [M]: 0x000000008001A744 (0x666665B7) lui a1, 0x66666
x11 <- 0x0000000066666000
mem[X,0x000000008001A748] -> 0x8593
mem[X,0x000000008001A74A] -> 0x6665
[3525] [M]: 0x000000008001A748 (0x66658593) addi a1, a1, 0x666
x11 <- 0x0000000066666666
mem[X,0x000000008001A74C] -> 0x9593
mem[X,0x000000008001A74E] -> 0x00B5
[3526] [M]: 0x000000008001A74C (0x00B59593) slli a1, a1, 0xb
x11 <- 0x0000033333333000
mem[X,0x000000008001A750] -> 0x8593
mem[X,0x000000008001A752] -> 0x3335
[3527] [M]: 0x000000008001A750 (0x33358593) addi a1, a1, 0x333
x11 <- 0x0000033333333333
mem[X,0x000000008001A754] -> 0x9593
mem[X,0x000000008001A756] -> 0x00B5
[3528] [M]: 0x000000008001A754 (0x00B59593) slli a1, a1, 0xb
x11 <- 0x0019999999999800
mem[X,0x000000008001A758] -> 0x8593
mem[X,0x000000008001A75A] -> 0x1995
[3529] [M]: 0x000000008001A758 (0x19958593) addi a1, a1, 0x199
x11 <- 0x0019999999999999
mem[X,0x000000008001A75C] -> 0x9593
mem[X,0x000000008001A75E] -> 0x00A5
[3530] [M]: 0x000000008001A75C (0x00A59593) slli a1, a1, 0xa
x11 <- 0x6666666666666400
mem[X,0x000000008001A760] -> 0x8593
mem[X,0x000000008001A762] -> 0x2665
[3531] [M]: 0x000000008001A760 (0x26658593) addi a1, a1, 0x266
x11 <- 0x6666666666666666
mem[X,0x000000008001A764] -> 0x0113
mem[X,0x000000008001A766] -> 0x0000
[3532] [M]: 0x000000008001A764 (0x00000113) addi sp, zero, 0x0
x2 <- 0x0000000000000000
mem[X,0x000000008001A768] -> 0x006F
mem[X,0x000000008001A76A] -> 0x00C0
[3533] [M]: 0x000000008001A768 (0x00C0006F) jal zero, 0xc
mem[X,0x000000008001A774] -> 0x1CE3
mem[X,0x000000008001A776] -> 0xFEB5
[3534] [M]: 0x000000008001A774 (0xFEB51CE3) bne a0, a1, -0x8
mem[X,0x000000008001A76C] -> 0x0113
mem[X,0x000000008001A76E] -> 0x0011
[3535] [M]: 0x000000008001A76C (0x00110113) addi sp, sp, 0x1
x2 <- 0x0000000000000001
mem[X,0x000000008001A770] -> 0x006F
mem[X,0x000000008001A772] -> 0x0180
[3536] [M]: 0x000000008001A770 (0x0180006F) jal zero, 0x18
mem[X,0x000000008001A788] -> 0xB423
mem[X,0x000000008001A78A] -> 0x7820
[3537] [M]: 0x000000008001A788 (0x7820B423) sd sp, 0x788(ra)
mem[0x0000000080045960] <- 0x0000000000000001
mem[X,0x000000008001A78C] -> 0x0513
mem[X,0x000000008001A78E] -> 0x0050
[3538] [M]: 0x000000008001A78C (0x00500513) addi a0, zero, 0x5
x10 <- 0x0000000000000005
mem[X,0x000000008001A790] -> 0x05B7
mem[X,0x000000008001A792] -> 0x0000
[3539] [M]: 0x000000008001A790 (0x000005B7) lui a1, 0x0
x11 <- 0x0000000000000000
mem[X,0x000000008001A794] -> 0x8593
mem[X,0x000000008001A796] -> 0xFFF5
[3540] [M]: 0x000000008001A794 (0xFFF58593) addi a1, a1, -0x1
x11 <- 0xFFFFFFFFFFFFFFFF
mem[X,0x000000008001A798] -> 0x9593
mem[X,0x000000008001A79A] -> 0x00B5
[3541] [M]: 0x000000008001A798 (0x00B59593) slli a1, a1, 0xb
x11 <- 0xFFFFFFFFFFFFF800
mem[X,0x000000008001A79C] -> 0x8593
mem[X,0x000000008001A79E] -> 0x2575
[3542] [M]: 0x000000008001A79C (0x25758593) addi a1, a1, 0x257
x11 <- 0xFFFFFFFFFFFFFA57
mem[X,0x000000008001A7A0] -> 0x9593
mem[X,0x000000008001A7A2] -> 0x00B5
[3543] [M]: 0x000000008001A7A0 (0x00B59593) slli a1, a1, 0xb
x11 <- 0xFFFFFFFFFFD2B800
mem[X,0x000000008001A7A4] -> 0x8593
mem[X,0x000000008001A7A6] -> 0x6C35
[3544] [M]: 0x000000008001A7A4 (0x6C358593) addi a1, a1, 0x6c3
x11 <- 0xFFFFFFFFFFD2BEC3
mem[X,0x000000008001A7A8] -> 0x9593
mem[X,0x000000008001A7AA] -> 0x00A5
[3545] [M]: 0x000000008001A7A8 (0x00A59593) slli a1, a1, 0xa
x11 <- 0xFFFFFFFF4AFB0C00
mem[X,0x000000008001A7AC] -> 0x8593
mem[X,0x000000008001A7AE] -> 0x0CD5
[3546] [M]: 0x000000008001A7AC (0x0CD58593) addi a1, a1, 0xcd
x11 <- 0xFFFFFFFF4AFB0CCD
mem[X,0x000000008001A7B0] -> 0x0113
mem[X,0x000000008001A7B2] -> 0x0000
[3547] [M]: 0x000000008001A7B0 (0x00000113) addi sp, zero, 0x0
x2 <- 0x0000000000000000
mem[X,0x000000008001A7B4] -> 0x006F
mem[X,0x000000008001A7B6] -> 0x00C0
[3548] [M]: 0x000000008001A7B4 (0x00C0006F) jal zero, 0xc
mem[X,0x000000008001A7C0] -> 0x1663
mem[X,0x000000008001A7C2] -> 0x00B5
[3549] [M]: 0x000000008001A7C0 (0x00B51663) bne a0, a1, 0xc
mem[X,0x000000008001A7CC] -> 0x0113
mem[X,0x000000008001A7CE] -> 0x0031
[3550] [M]: 0x000000008001A7CC (0x00310113) addi sp, sp, 0x3
x2 <- 0x0000000000000003
mem[X,0x000000008001A7D0] -> 0x006F
mem[X,0x000000008001A7D2] -> 0x0040
[3551] [M]: 0x000000008001A7D0 (0x0040006F) jal zero, 0x4
mem[X,0x000000008001A7D4] -> 0xB823
mem[X,0x000000008001A7D6] -> 0x7820
[3552] [M]: 0x000000008001A7D4 (0x7820B823) sd sp, 0x790(ra)
mem[0x0000000080045968] <- 0x0000000000000003
mem[X,0x000000008001A7D8] -> 0x0513
mem[X,0x000000008001A7DA] -> 0x0050
[3553] [M]: 0x000000008001A7D8 (0x00500513) addi a0, zero, 0x5
x10 <- 0x0000000000000005
mem[X,0x000000008001A7DC] -> 0x05B7
mem[X,0x000000008001A7DE] -> 0x0000
[3554] [M]: 0x000000008001A7DC (0x000005B7) lui a1, 0x0
x11 <- 0x0000000000000000
mem[X,0x000000008001A7E0] -> 0x8593
mem[X,0x000000008001A7E2] -> 0x0005
[3555] [M]: 0x000000008001A7E0 (0x00058593) addi a1, a1, 0x0
x11 <- 0x0000000000000000
mem[X,0x000000008001A7E4] -> 0x9593
mem[X,0x000000008001A7E6] -> 0x00B5
[3556] [M]: 0x000000008001A7E4 (0x00B59593) slli a1, a1, 0xb
x11 <- 0x0000000000000000
mem[X,0x000000008001A7E8] -> 0x8593
mem[X,0x000000008001A7EA] -> 0x5A85
[3557] [M]: 0x000000008001A7E8 (0x5A858593) addi a1, a1, 0x5a8
x11 <- 0x00000000000005A8
mem[X,0x000000008001A7EC] -> 0x9593
mem[X,0x000000008001A7EE] -> 0x00B5
[3558] [M]: 0x000000008001A7EC (0x00B59593) slli a1, a1, 0xb
x11 <- 0x00000000002D4000
mem[X,0x000000008001A7F0] -> 0x8593
mem[X,0x000000008001A7F2] -> 0x13C5
[3559] [M]: 0x000000008001A7F0 (0x13C58593) addi a1, a1, 0x13c
x11 <- 0x00000000002D413C
mem[X,0x000000008001A7F4] -> 0x9593
mem[X,0x000000008001A7F6] -> 0x00A5
[3560] [M]: 0x000000008001A7F4 (0x00A59593) slli a1, a1, 0xa
x11 <- 0x00000000B504F000
mem[X,0x000000008001A7F8] -> 0x8593
mem[X,0x000000008001A7FA] -> 0x3335
[3561] [M]: 0x000000008001A7F8 (0x33358593) addi a1, a1, 0x333
x11 <- 0x00000000B504F333
mem[X,0x000000008001A7FC] -> 0x0113
mem[X,0x000000008001A7FE] -> 0x0000
[3562] [M]: 0x000000008001A7FC (0x00000113) addi sp, zero, 0x0
x2 <- 0x0000000000000000
mem[X,0x000000008001A800] -> 0x006F
mem[X,0x000000008001A802] -> 0x0050
[3563] [M]: 0x000000008001A800 (0x0050006F) jal zero, 0x804
mem[X,0x000000008001B004] -> 0x10E3
mem[X,0x000000008001B006] -> 0x80B5
[3564] [M]: 0x000000008001B004 (0x80B510E3) bne a0, a1, -0x800
mem[X,0x000000008001A804] -> 0x0113
mem[X,0x000000008001A806] -> 0x0011
[3565] [M]: 0x000000008001A804 (0x00110113) addi sp, sp, 0x1
x2 <- 0x0000000000000001
mem[X,0x000000008001A808] -> 0x006F
mem[X,0x000000008001A80A] -> 0x0110
[3566] [M]: 0x000000008001A808 (0x0110006F) jal zero, 0x810
mem[X,0x000000008001B018] -> 0xBC23
mem[X,0x000000008001B01A] -> 0x7820
[3567] [M]: 0x000000008001B018 (0x7820BC23) sd sp, 0x798(ra)
mem[0x0000000080045970] <- 0x0000000000000001
mem[X,0x000000008001B01C] -> 0x0513
mem[X,0x000000008001B01E] -> 0x0050
[3568] [M]: 0x000000008001B01C (0x00500513) addi a0, zero, 0x5
x10 <- 0x0000000000000005
mem[X,0x000000008001B020] -> 0x0593
mem[X,0x000000008001B022] -> 0x0020
[3569] [M]: 0x000000008001B020 (0x00200593) addi a1, zero, 0x2
x11 <- 0x0000000000000002
mem[X,0x000000008001B024] -> 0x0113
mem[X,0x000000008001B026] -> 0x0000
[3570] [M]: 0x000000008001B024 (0x00000113) addi sp, zero, 0x0
x2 <- 0x0000000000000000
mem[X,0x000000008001B028] -> 0x006F
mem[X,0x000000008001B02A] -> 0x00C0
[3571] [M]: 0x000000008001B028 (0x00C0006F) jal zero, 0xc
mem[X,0x000000008001B034] -> 0x1063
mem[X,0x000000008001B036] -> 0x40B5
[3572] [M]: 0x000000008001B034 (0x40B51063) bne a0, a1, 0x400
mem[X,0x000000008001B434] -> 0x0113
mem[X,0x000000008001B436] -> 0x0031
[3573] [M]: 0x000000008001B434 (0x00310113) addi sp, sp, 0x3
x2 <- 0x0000000000000003
mem[X,0x000000008001B438] -> 0x006F
mem[X,0x000000008001B43A] -> 0x0040
[3574] [M]: 0x000000008001B438 (0x0040006F) jal zero, 0x4
mem[X,0x000000008001B43C] -> 0xB023
mem[X,0x000000008001B43E] -> 0x7A20
[3575] [M]: 0x000000008001B43C (0x7A20B023) sd sp, 0x7a0(ra)
mem[0x0000000080045978] <- 0x0000000000000003
mem[X,0x000000008001B440] -> 0x0513
mem[X,0x000000008001B442] -> 0x0050
[3576] [M]: 0x000000008001B440 (0x00500513) addi a0, zero, 0x5
x10 <- 0x0000000000000005
mem[X,0x000000008001B444] -> 0x55B7
mem[X,0x000000008001B446] -> 0x5555
[3577] [M]: 0x000000008001B444 (0x555555B7) lui a1, 0x55555
x11 <- 0x0000000055555000
mem[X,0x000000008001B448] -> 0x8593
mem[X,0x000000008001B44A] -> 0x5555
[3578] [M]: 0x000000008001B448 (0x55558593) addi a1, a1, 0x555
x11 <- 0x0000000055555555
mem[X,0x000000008001B44C] -> 0x9593
mem[X,0x000000008001B44E] -> 0x00B5
[3579] [M]: 0x000000008001B44C (0x00B59593) slli a1, a1, 0xb
x11 <- 0x000002AAAAAAA800
mem[X,0x000000008001B450] -> 0x8593
mem[X,0x000000008001B452] -> 0x2AA5
[3580] [M]: 0x000000008001B450 (0x2AA58593) addi a1, a1, 0x2aa
x11 <- 0x000002AAAAAAAAAA
mem[X,0x000000008001B454] -> 0x9593
mem[X,0x000000008001B456] -> 0x00B5
[3581] [M]: 0x000000008001B454 (0x00B59593) slli a1, a1, 0xb
x11 <- 0x0015555555555000
mem[X,0x000000008001B458] -> 0x8593
mem[X,0x000000008001B45A] -> 0x5555
[3582] [M]: 0x000000008001B458 (0x55558593) addi a1, a1, 0x555
x11 <- 0x0015555555555555
mem[X,0x000000008001B45C] -> 0x9593
mem[X,0x000000008001B45E] -> 0x00A5
[3583] [M]: 0x000000008001B45C (0x00A59593) slli a1, a1, 0xa
x11 <- 0x5555555555555400
mem[X,0x000000008001B460] -> 0x8593
mem[X,0x000000008001B462] -> 0x1545
[3584] [M]: 0x000000008001B460 (0x15458593) addi a1, a1, 0x154
x11 <- 0x5555555555555554
mem[X,0x000000008001B464] -> 0x0113
mem[X,0x000000008001B466] -> 0x0000
[3585] [M]: 0x000000008001B464 (0x00000113) addi sp, zero, 0x0
x2 <- 0x0000000000000000
mem[X,0x000000008001B468] -> 0x006F
mem[X,0x000000008001B46A] -> 0x00C0
[3586] [M]: 0x000000008001B468 (0x00C0006F) jal zero, 0xc
mem[X,0x000000008001B474] -> 0x1CE3
mem[X,0x000000008001B476] -> 0xFEB5
[3587] [M]: 0x000000008001B474 (0xFEB51CE3) bne a0, a1, -0x8
mem[X,0x000000008001B46C] -> 0x0113
mem[X,0x000000008001B46E] -> 0x0011
[3588] [M]: 0x000000008001B46C (0x00110113) addi sp, sp, 0x1
x2 <- 0x0000000000000001
mem[X,0x000000008001B470] -> 0x006F
mem[X,0x000000008001B472] -> 0x0180
[3589] [M]: 0x000000008001B470 (0x0180006F) jal zero, 0x18
mem[X,0x000000008001B488] -> 0xB423
mem[X,0x000000008001B48A] -> 0x7A20
[3590] [M]: 0x000000008001B488 (0x7A20B423) sd sp, 0x7a8(ra)
mem[0x0000000080045980] <- 0x0000000000000001
mem[X,0x000000008001B48C] -> 0x0513
mem[X,0x000000008001B48E] -> 0x0050
[3591] [M]: 0x000000008001B48C (0x00500513) addi a0, zero, 0x5
x10 <- 0x0000000000000005
mem[X,0x000000008001B490] -> 0x0593
mem[X,0x000000008001B492] -> 0x0000
[3592] [M]: 0x000000008001B490 (0x00000593) addi a1, zero, 0x0
x11 <- 0x0000000000000000
mem[X,0x000000008001B494] -> 0x0113
mem[X,0x000000008001B496] -> 0x0000
[3593] [M]: 0x000000008001B494 (0x00000113) addi sp, zero, 0x0
x2 <- 0x0000000000000000
mem[X,0x000000008001B498] -> 0x006F
mem[X,0x000000008001B49A] -> 0x0140
[3594] [M]: 0x000000008001B498 (0x0140006F) jal zero, 0x14
mem[X,0x000000008001B4AC] -> 0x18E3
mem[X,0x000000008001B4AE] -> 0xFEB5
[3595] [M]: 0x000000008001B4AC (0xFEB518E3) bne a0, a1, -0x10
mem[X,0x000000008001B49C] -> 0x0113
mem[X,0x000000008001B49E] -> 0x0011
[3596] [M]: 0x000000008001B49C (0x00110113) addi sp, sp, 0x1
x2 <- 0x0000000000000001
mem[X,0x000000008001B4A0] -> 0x006F
mem[X,0x000000008001B4A2] -> 0x0200
[3597] [M]: 0x000000008001B4A0 (0x0200006F) jal zero, 0x20
mem[X,0x000000008001B4C0] -> 0xB823
mem[X,0x000000008001B4C2] -> 0x7A20
[3598] [M]: 0x000000008001B4C0 (0x7A20B823) sd sp, 0x7b0(ra)
mem[0x0000000080045988] <- 0x0000000000000001
mem[X,0x000000008001B4C4] -> 0x0513
mem[X,0x000000008001B4C6] -> 0x0050
[3599] [M]: 0x000000008001B4C4 (0x00500513) addi a0, zero, 0x5
x10 <- 0x0000000000000005
clint::tick mtime <- 0x0000000000000024
 clint timer pending at mtime 0x0000000000000024
htif::tick 0x0000000000000000
mem[X,0x000000008001B4C8] -> 0x0593
mem[X,0x000000008001B4CA] -> 0x0040
[3600] [M]: 0x000000008001B4C8 (0x00400593) addi a1, zero, 0x4
x11 <- 0x0000000000000004
mem[X,0x000000008001B4CC] -> 0x0113
mem[X,0x000000008001B4CE] -> 0x0000
[3601] [M]: 0x000000008001B4CC (0x00000113) addi sp, zero, 0x0
x2 <- 0x0000000000000000
mem[X,0x000000008001B4D0] -> 0x006F
mem[X,0x000000008001B4D2] -> 0x00C0
[3602] [M]: 0x000000008001B4D0 (0x00C0006F) jal zero, 0xc
mem[X,0x000000008001B4DC] -> 0x1063
mem[X,0x000000008001B4DE] -> 0x20B5
[3603] [M]: 0x000000008001B4DC (0x20B51063) bne a0, a1, 0x200
mem[X,0x000000008001B6DC] -> 0x0113
mem[X,0x000000008001B6DE] -> 0x0031
[3604] [M]: 0x000000008001B6DC (0x00310113) addi sp, sp, 0x3
x2 <- 0x0000000000000003
mem[X,0x000000008001B6E0] -> 0x006F
mem[X,0x000000008001B6E2] -> 0x0040
[3605] [M]: 0x000000008001B6E0 (0x0040006F) jal zero, 0x4
mem[X,0x000000008001B6E4] -> 0xBC23
mem[X,0x000000008001B6E6] -> 0x7A20
[3606] [M]: 0x000000008001B6E4 (0x7A20BC23) sd sp, 0x7b8(ra)
mem[0x0000000080045990] <- 0x0000000000000003
mem[X,0x000000008001B6E8] -> 0x0513
mem[X,0x000000008001B6EA] -> 0x0050
[3607] [M]: 0x000000008001B6E8 (0x00500513) addi a0, zero, 0x5
x10 <- 0x0000000000000005
mem[X,0x000000008001B6EC] -> 0x35B7
mem[X,0x000000008001B6EE] -> 0x3333
[3608] [M]: 0x000000008001B6EC (0x333335B7) lui a1, 0x33333
x11 <- 0x0000000033333000
mem[X,0x000000008001B6F0] -> 0x8593
mem[X,0x000000008001B6F2] -> 0x3335
[3609] [M]: 0x000000008001B6F0 (0x33358593) addi a1, a1, 0x333
x11 <- 0x0000000033333333
mem[X,0x000000008001B6F4] -> 0x9593
mem[X,0x000000008001B6F6] -> 0x00B5
[3610] [M]: 0x000000008001B6F4 (0x00B59593) slli a1, a1, 0xb
x11 <- 0x0000019999999800
mem[X,0x000000008001B6F8] -> 0x8593
mem[X,0x000000008001B6FA] -> 0x1995
[3611] [M]: 0x000000008001B6F8 (0x19958593) addi a1, a1, 0x199
x11 <- 0x0000019999999999
mem[X,0x000000008001B6FC] -> 0x9593
mem[X,0x000000008001B6FE] -> 0x00B5
[3612] [M]: 0x000000008001B6FC (0x00B59593) slli a1, a1, 0xb
x11 <- 0x000CCCCCCCCCC800
mem[X,0x000000008001B700] -> 0x8593
mem[X,0x000000008001B702] -> 0x4CC5
[3613] [M]: 0x000000008001B700 (0x4CC58593) addi a1, a1, 0x4cc
x11 <- 0x000CCCCCCCCCCCCC
mem[X,0x000000008001B704] -> 0x9593
mem[X,0x000000008001B706] -> 0x00A5
[3614] [M]: 0x000000008001B704 (0x00A59593) slli a1, a1, 0xa
x11 <- 0x3333333333333000
mem[X,0x000000008001B708] -> 0x8593
mem[X,0x000000008001B70A] -> 0x3325
[3615] [M]: 0x000000008001B708 (0x33258593) addi a1, a1, 0x332
x11 <- 0x3333333333333332
mem[X,0x000000008001B70C] -> 0x0113
mem[X,0x000000008001B70E] -> 0x0000
[3616] [M]: 0x000000008001B70C (0x00000113) addi sp, zero, 0x0
x2 <- 0x0000000000000000
mem[X,0x000000008001B710] -> 0x006F
mem[X,0x000000008001B712] -> 0x00C0
[3617] [M]: 0x000000008001B710 (0x00C0006F) jal zero, 0xc
mem[X,0x000000008001B71C] -> 0x1663
mem[X,0x000000008001B71E] -> 0x00B5
[3618] [M]: 0x000000008001B71C (0x00B51663) bne a0, a1, 0xc
mem[X,0x000000008001B728] -> 0x0113
mem[X,0x000000008001B72A] -> 0x0031
[3619] [M]: 0x000000008001B728 (0x00310113) addi sp, sp, 0x3
x2 <- 0x0000000000000003
mem[X,0x000000008001B72C] -> 0x006F
mem[X,0x000000008001B72E] -> 0x0040
[3620] [M]: 0x000000008001B72C (0x0040006F) jal zero, 0x4
mem[X,0x000000008001B730] -> 0xB023
mem[X,0x000000008001B732] -> 0x7C20
[3621] [M]: 0x000000008001B730 (0x7C20B023) sd sp, 0x7c0(ra)
mem[0x0000000080045998] <- 0x0000000000000003
mem[X,0x000000008001B734] -> 0x0513
mem[X,0x000000008001B736] -> 0x0050
[3622] [M]: 0x000000008001B734 (0x00500513) addi a0, zero, 0x5
x10 <- 0x0000000000000005
mem[X,0x000000008001B738] -> 0x65B7
mem[X,0x000000008001B73A] -> 0x6666
[3623] [M]: 0x000000008001B738 (0x666665B7) lui a1, 0x66666
x11 <- 0x0000000066666000
mem[X,0x000000008001B73C] -> 0x8593
mem[X,0x000000008001B73E] -> 0x6665
[3624] [M]: 0x000000008001B73C (0x66658593) addi a1, a1, 0x666
x11 <- 0x0000000066666666
mem[X,0x000000008001B740] -> 0x9593
mem[X,0x000000008001B742] -> 0x00B5
[3625] [M]: 0x000000008001B740 (0x00B59593) slli a1, a1, 0xb
x11 <- 0x0000033333333000
mem[X,0x000000008001B744] -> 0x8593
mem[X,0x000000008001B746] -> 0x3335
[3626] [M]: 0x000000008001B744 (0x33358593) addi a1, a1, 0x333
x11 <- 0x0000033333333333
mem[X,0x000000008001B748] -> 0x9593
mem[X,0x000000008001B74A] -> 0x00B5
[3627] [M]: 0x000000008001B748 (0x00B59593) slli a1, a1, 0xb
x11 <- 0x0019999999999800
mem[X,0x000000008001B74C] -> 0x8593
mem[X,0x000000008001B74E] -> 0x1995
[3628] [M]: 0x000000008001B74C (0x19958593) addi a1, a1, 0x199
x11 <- 0x0019999999999999
mem[X,0x000000008001B750] -> 0x9593
mem[X,0x000000008001B752] -> 0x00A5
[3629] [M]: 0x000000008001B750 (0x00A59593) slli a1, a1, 0xa
x11 <- 0x6666666666666400
mem[X,0x000000008001B754] -> 0x8593
mem[X,0x000000008001B756] -> 0x2655
[3630] [M]: 0x000000008001B754 (0x26558593) addi a1, a1, 0x265
x11 <- 0x6666666666666665
mem[X,0x000000008001B758] -> 0x0113
mem[X,0x000000008001B75A] -> 0x0000
[3631] [M]: 0x000000008001B758 (0x00000113) addi sp, zero, 0x0
x2 <- 0x0000000000000000
mem[X,0x000000008001B75C] -> 0x006F
mem[X,0x000000008001B75E] -> 0x0100
[3632] [M]: 0x000000008001B75C (0x0100006F) jal zero, 0x10
mem[X,0x000000008001B76C] -> 0x1AE3
mem[X,0x000000008001B76E] -> 0xFEB5
[3633] [M]: 0x000000008001B76C (0xFEB51AE3) bne a0, a1, -0xc
mem[X,0x000000008001B760] -> 0x0113
mem[X,0x000000008001B762] -> 0x0011
[3634] [M]: 0x000000008001B760 (0x00110113) addi sp, sp, 0x1
x2 <- 0x0000000000000001
mem[X,0x000000008001B764] -> 0x006F
mem[X,0x000000008001B766] -> 0x01C0
[3635] [M]: 0x000000008001B764 (0x01C0006F) jal zero, 0x1c
mem[X,0x000000008001B780] -> 0xB423
mem[X,0x000000008001B782] -> 0x7C20
[3636] [M]: 0x000000008001B780 (0x7C20B423) sd sp, 0x7c8(ra)
mem[0x00000000800459A0] <- 0x0000000000000001
mem[X,0x000000008001B784] -> 0x0513
mem[X,0x000000008001B786] -> 0x0050
[3637] [M]: 0x000000008001B784 (0x00500513) addi a0, zero, 0x5
x10 <- 0x0000000000000005
mem[X,0x000000008001B788] -> 0x05B7
mem[X,0x000000008001B78A] -> 0x0000
[3638] [M]: 0x000000008001B788 (0x000005B7) lui a1, 0x0
x11 <- 0x0000000000000000
mem[X,0x000000008001B78C] -> 0x8593
mem[X,0x000000008001B78E] -> 0x0005
[3639] [M]: 0x000000008001B78C (0x00058593) addi a1, a1, 0x0
x11 <- 0x0000000000000000
mem[X,0x000000008001B790] -> 0x9593
mem[X,0x000000008001B792] -> 0x00B5
[3640] [M]: 0x000000008001B790 (0x00B59593) slli a1, a1, 0xb
x11 <- 0x0000000000000000
mem[X,0x000000008001B794] -> 0x8593
mem[X,0x000000008001B796] -> 0x5A85
[3641] [M]: 0x000000008001B794 (0x5A858593) addi a1, a1, 0x5a8
x11 <- 0x00000000000005A8
mem[X,0x000000008001B798] -> 0x9593
mem[X,0x000000008001B79A] -> 0x00B5
[3642] [M]: 0x000000008001B798 (0x00B59593) slli a1, a1, 0xb
x11 <- 0x00000000002D4000
mem[X,0x000000008001B79C] -> 0x8593
mem[X,0x000000008001B79E] -> 0x13C5
[3643] [M]: 0x000000008001B79C (0x13C58593) addi a1, a1, 0x13c
x11 <- 0x00000000002D413C
mem[X,0x000000008001B7A0] -> 0x9593
mem[X,0x000000008001B7A2] -> 0x00A5
[3644] [M]: 0x000000008001B7A0 (0x00A59593) slli a1, a1, 0xa
x11 <- 0x00000000B504F000
mem[X,0x000000008001B7A4] -> 0x8593
mem[X,0x000000008001B7A6] -> 0x3325
[3645] [M]: 0x000000008001B7A4 (0x33258593) addi a1, a1, 0x332
x11 <- 0x00000000B504F332
mem[X,0x000000008001B7A8] -> 0x0113
mem[X,0x000000008001B7AA] -> 0x0000
[3646] [M]: 0x000000008001B7A8 (0x00000113) addi sp, zero, 0x0
x2 <- 0x0000000000000000
mem[X,0x000000008001B7AC] -> 0x006F
mem[X,0x000000008001B7AE] -> 0x00C0
[3647] [M]: 0x000000008001B7AC (0x00C0006F) jal zero, 0xc
mem[X,0x000000008001B7B8] -> 0x1063
mem[X,0x000000008001B7BA] -> 0x08B5
[3648] [M]: 0x000000008001B7B8 (0x08B51063) bne a0, a1, 0x80
mem[X,0x000000008001B838] -> 0x0113
mem[X,0x000000008001B83A] -> 0x0031
[3649] [M]: 0x000000008001B838 (0x00310113) addi sp, sp, 0x3
x2 <- 0x0000000000000003
mem[X,0x000000008001B83C] -> 0x006F
mem[X,0x000000008001B83E] -> 0x0040
[3650] [M]: 0x000000008001B83C (0x0040006F) jal zero, 0x4
mem[X,0x000000008001B840] -> 0xB823
mem[X,0x000000008001B842] -> 0x7C20
[3651] [M]: 0x000000008001B840 (0x7C20B823) sd sp, 0x7d0(ra)
mem[0x00000000800459A8] <- 0x0000000000000003
mem[X,0x000000008001B844] -> 0x0513
mem[X,0x000000008001B846] -> 0x0050
[3652] [M]: 0x000000008001B844 (0x00500513) addi a0, zero, 0x5
x10 <- 0x0000000000000005
mem[X,0x000000008001B848] -> 0x55B7
mem[X,0x000000008001B84A] -> 0x5555
[3653] [M]: 0x000000008001B848 (0x555555B7) lui a1, 0x55555
x11 <- 0x0000000055555000
mem[X,0x000000008001B84C] -> 0x8593
mem[X,0x000000008001B84E] -> 0x5555
[3654] [M]: 0x000000008001B84C (0x55558593) addi a1, a1, 0x555
x11 <- 0x0000000055555555
mem[X,0x000000008001B850] -> 0x9593
mem[X,0x000000008001B852] -> 0x00B5
[3655] [M]: 0x000000008001B850 (0x00B59593) slli a1, a1, 0xb
x11 <- 0x000002AAAAAAA800
mem[X,0x000000008001B854] -> 0x8593
mem[X,0x000000008001B856] -> 0x2AA5
[3656] [M]: 0x000000008001B854 (0x2AA58593) addi a1, a1, 0x2aa
x11 <- 0x000002AAAAAAAAAA
mem[X,0x000000008001B858] -> 0x9593
mem[X,0x000000008001B85A] -> 0x00B5
[3657] [M]: 0x000000008001B858 (0x00B59593) slli a1, a1, 0xb
x11 <- 0x0015555555555000
mem[X,0x000000008001B85C] -> 0x8593
mem[X,0x000000008001B85E] -> 0x5555
[3658] [M]: 0x000000008001B85C (0x55558593) addi a1, a1, 0x555
x11 <- 0x0015555555555555
mem[X,0x000000008001B860] -> 0x9593
mem[X,0x000000008001B862] -> 0x00A5
[3659] [M]: 0x000000008001B860 (0x00A59593) slli a1, a1, 0xa
x11 <- 0x5555555555555400
mem[X,0x000000008001B864] -> 0x8593
mem[X,0x000000008001B866] -> 0x1565
[3660] [M]: 0x000000008001B864 (0x15658593) addi a1, a1, 0x156
x11 <- 0x5555555555555556
mem[X,0x000000008001B868] -> 0x0113
mem[X,0x000000008001B86A] -> 0x0000
[3661] [M]: 0x000000008001B868 (0x00000113) addi sp, zero, 0x0
x2 <- 0x0000000000000000
mem[X,0x000000008001B86C] -> 0x006F
mem[X,0x000000008001B86E] -> 0x00C0
[3662] [M]: 0x000000008001B86C (0x00C0006F) jal zero, 0xc
mem[X,0x000000008001B878] -> 0x1CE3
mem[X,0x000000008001B87A] -> 0xFEB5
[3663] [M]: 0x000000008001B878 (0xFEB51CE3) bne a0, a1, -0x8
mem[X,0x000000008001B870] -> 0x0113
mem[X,0x000000008001B872] -> 0x0011
[3664] [M]: 0x000000008001B870 (0x00110113) addi sp, sp, 0x1
x2 <- 0x0000000000000001
mem[X,0x000000008001B874] -> 0x006F
mem[X,0x000000008001B876] -> 0x0180
[3665] [M]: 0x000000008001B874 (0x0180006F) jal zero, 0x18
mem[X,0x000000008001B88C] -> 0xBC23
mem[X,0x000000008001B88E] -> 0x7C20
[3666] [M]: 0x000000008001B88C (0x7C20BC23) sd sp, 0x7d8(ra)
mem[0x00000000800459B0] <- 0x0000000000000001
mem[X,0x000000008001B890] -> 0x0513
mem[X,0x000000008001B892] -> 0x0050
[3667] [M]: 0x000000008001B890 (0x00500513) addi a0, zero, 0x5
x10 <- 0x0000000000000005
mem[X,0x000000008001B894] -> 0xB5B7
mem[X,0x000000008001B896] -> 0xAAAA
[3668] [M]: 0x000000008001B894 (0xAAAAB5B7) lui a1, -0x55555
x11 <- 0xFFFFFFFFAAAAB000
mem[X,0x000000008001B898] -> 0x8593
mem[X,0x000000008001B89A] -> 0xAAA5
[3669] [M]: 0x000000008001B898 (0xAAA58593) addi a1, a1, -0x556
x11 <- 0xFFFFFFFFAAAAAAAA
mem[X,0x000000008001B89C] -> 0x9593
mem[X,0x000000008001B89E] -> 0x00B5
[3670] [M]: 0x000000008001B89C (0x00B59593) slli a1, a1, 0xb
x11 <- 0xFFFFFD5555555000
mem[X,0x000000008001B8A0] -> 0x8593
mem[X,0x000000008001B8A2] -> 0x5555
[3671] [M]: 0x000000008001B8A0 (0x55558593) addi a1, a1, 0x555
x11 <- 0xFFFFFD5555555555
mem[X,0x000000008001B8A4] -> 0x9593
mem[X,0x000000008001B8A6] -> 0x00B5
[3672] [M]: 0x000000008001B8A4 (0x00B59593) slli a1, a1, 0xb
x11 <- 0xFFEAAAAAAAAAA800
mem[X,0x000000008001B8A8] -> 0x8593
mem[X,0x000000008001B8AA] -> 0x2AA5
[3673] [M]: 0x000000008001B8A8 (0x2AA58593) addi a1, a1, 0x2aa
x11 <- 0xFFEAAAAAAAAAAAAA
mem[X,0x000000008001B8AC] -> 0x9593
mem[X,0x000000008001B8AE] -> 0x00A5
[3674] [M]: 0x000000008001B8AC (0x00A59593) slli a1, a1, 0xa
x11 <- 0xAAAAAAAAAAAAA800
mem[X,0x000000008001B8B0] -> 0x8593
mem[X,0x000000008001B8B2] -> 0x2AB5
[3675] [M]: 0x000000008001B8B0 (0x2AB58593) addi a1, a1, 0x2ab
x11 <- 0xAAAAAAAAAAAAAAAB
mem[X,0x000000008001B8B4] -> 0x0113
mem[X,0x000000008001B8B6] -> 0x0000
[3676] [M]: 0x000000008001B8B4 (0x00000113) addi sp, zero, 0x0
x2 <- 0x0000000000000000
mem[X,0x000000008001B8B8] -> 0x006F
mem[X,0x000000008001B8BA] -> 0x00C0
[3677] [M]: 0x000000008001B8B8 (0x00C0006F) jal zero, 0xc
mem[X,0x000000008001B8C4] -> 0x1663
mem[X,0x000000008001B8C6] -> 0x00B5
[3678] [M]: 0x000000008001B8C4 (0x00B51663) bne a0, a1, 0xc
mem[X,0x000000008001B8D0] -> 0x0113
mem[X,0x000000008001B8D2] -> 0x0031
[3679] [M]: 0x000000008001B8D0 (0x00310113) addi sp, sp, 0x3
x2 <- 0x0000000000000003
mem[X,0x000000008001B8D4] -> 0x006F
mem[X,0x000000008001B8D6] -> 0x0040
[3680] [M]: 0x000000008001B8D4 (0x0040006F) jal zero, 0x4
mem[X,0x000000008001B8D8] -> 0xB023
mem[X,0x000000008001B8DA] -> 0x7E20
[3681] [M]: 0x000000008001B8D8 (0x7E20B023) sd sp, 0x7e0(ra)
mem[0x00000000800459B8] <- 0x0000000000000003
mem[X,0x000000008001B8DC] -> 0x0513
mem[X,0x000000008001B8DE] -> 0x0050
[3682] [M]: 0x000000008001B8DC (0x00500513) addi a0, zero, 0x5
x10 <- 0x0000000000000005
mem[X,0x000000008001B8E0] -> 0x0593
mem[X,0x000000008001B8E2] -> 0x0060
[3683] [M]: 0x000000008001B8E0 (0x00600593) addi a1, zero, 0x6
x11 <- 0x0000000000000006
mem[X,0x000000008001B8E4] -> 0x0113
mem[X,0x000000008001B8E6] -> 0x0000
[3684] [M]: 0x000000008001B8E4 (0x00000113) addi sp, zero, 0x0
x2 <- 0x0000000000000000
mem[X,0x000000008001B8E8] -> 0x006F
mem[X,0x000000008001B8EA] -> 0x0140
[3685] [M]: 0x000000008001B8E8 (0x0140006F) jal zero, 0x14
mem[X,0x000000008001B8FC] -> 0x18E3
mem[X,0x000000008001B8FE] -> 0xFEB5
[3686] [M]: 0x000000008001B8FC (0xFEB518E3) bne a0, a1, -0x10
mem[X,0x000000008001B8EC] -> 0x0113
mem[X,0x000000008001B8EE] -> 0x0011
[3687] [M]: 0x000000008001B8EC (0x00110113) addi sp, sp, 0x1
x2 <- 0x0000000000000001
mem[X,0x000000008001B8F0] -> 0x006F
mem[X,0x000000008001B8F2] -> 0x0200
[3688] [M]: 0x000000008001B8F0 (0x0200006F) jal zero, 0x20
mem[X,0x000000008001B910] -> 0xB423
mem[X,0x000000008001B912] -> 0x7E20
[3689] [M]: 0x000000008001B910 (0x7E20B423) sd sp, 0x7e8(ra)
mem[0x00000000800459C0] <- 0x0000000000000001
mem[X,0x000000008001B914] -> 0x0513
mem[X,0x000000008001B916] -> 0x0050
[3690] [M]: 0x000000008001B914 (0x00500513) addi a0, zero, 0x5
x10 <- 0x0000000000000005
mem[X,0x000000008001B918] -> 0x35B7
mem[X,0x000000008001B91A] -> 0x3333
[3691] [M]: 0x000000008001B918 (0x333335B7) lui a1, 0x33333
x11 <- 0x0000000033333000
mem[X,0x000000008001B91C] -> 0x8593
mem[X,0x000000008001B91E] -> 0x3335
[3692] [M]: 0x000000008001B91C (0x33358593) addi a1, a1, 0x333
x11 <- 0x0000000033333333
mem[X,0x000000008001B920] -> 0x9593
mem[X,0x000000008001B922] -> 0x00B5
[3693] [M]: 0x000000008001B920 (0x00B59593) slli a1, a1, 0xb
x11 <- 0x0000019999999800
mem[X,0x000000008001B924] -> 0x8593
mem[X,0x000000008001B926] -> 0x1995
[3694] [M]: 0x000000008001B924 (0x19958593) addi a1, a1, 0x199
x11 <- 0x0000019999999999
mem[X,0x000000008001B928] -> 0x9593
mem[X,0x000000008001B92A] -> 0x00B5
[3695] [M]: 0x000000008001B928 (0x00B59593) slli a1, a1, 0xb
x11 <- 0x000CCCCCCCCCC800
mem[X,0x000000008001B92C] -> 0x8593
mem[X,0x000000008001B92E] -> 0x4CC5
[3696] [M]: 0x000000008001B92C (0x4CC58593) addi a1, a1, 0x4cc
x11 <- 0x000CCCCCCCCCCCCC
mem[X,0x000000008001B930] -> 0x9593
mem[X,0x000000008001B932] -> 0x00A5
[3697] [M]: 0x000000008001B930 (0x00A59593) slli a1, a1, 0xa
x11 <- 0x3333333333333000
mem[X,0x000000008001B934] -> 0x8593
mem[X,0x000000008001B936] -> 0x3345
[3698] [M]: 0x000000008001B934 (0x33458593) addi a1, a1, 0x334
x11 <- 0x3333333333333334
mem[X,0x000000008001B938] -> 0x0113
mem[X,0x000000008001B93A] -> 0x0000
[3699] [M]: 0x000000008001B938 (0x00000113) addi sp, zero, 0x0
x2 <- 0x0000000000000000
clint::tick mtime <- 0x0000000000000025
 clint timer pending at mtime 0x0000000000000025
htif::tick 0x0000000000000000
mem[X,0x000000008001B93C] -> 0x006F
mem[X,0x000000008001B93E] -> 0x00C0
[3700] [M]: 0x000000008001B93C (0x00C0006F) jal zero, 0xc
mem[X,0x000000008001B948] -> 0x1063
mem[X,0x000000008001B94A] -> 0x02B5
[3701] [M]: 0x000000008001B948 (0x02B51063) bne a0, a1, 0x20
mem[X,0x000000008001B968] -> 0x0113
mem[X,0x000000008001B96A] -> 0x0031
[3702] [M]: 0x000000008001B968 (0x00310113) addi sp, sp, 0x3
x2 <- 0x0000000000000003
mem[X,0x000000008001B96C] -> 0x006F
mem[X,0x000000008001B96E] -> 0x0040
[3703] [M]: 0x000000008001B96C (0x0040006F) jal zero, 0x4
mem[X,0x000000008001B970] -> 0xB823
mem[X,0x000000008001B972] -> 0x7E20
[3704] [M]: 0x000000008001B970 (0x7E20B823) sd sp, 0x7f0(ra)
mem[0x00000000800459C8] <- 0x0000000000000003
mem[X,0x000000008001B974] -> 0x0513
mem[X,0x000000008001B976] -> 0x0050
[3705] [M]: 0x000000008001B974 (0x00500513) addi a0, zero, 0x5
x10 <- 0x0000000000000005
mem[X,0x000000008001B978] -> 0x65B7
mem[X,0x000000008001B97A] -> 0x6666
[3706] [M]: 0x000000008001B978 (0x666665B7) lui a1, 0x66666
x11 <- 0x0000000066666000
mem[X,0x000000008001B97C] -> 0x8593
mem[X,0x000000008001B97E] -> 0x6665
[3707] [M]: 0x000000008001B97C (0x66658593) addi a1, a1, 0x666
x11 <- 0x0000000066666666
mem[X,0x000000008001B980] -> 0x9593
mem[X,0x000000008001B982] -> 0x00B5
[3708] [M]: 0x000000008001B980 (0x00B59593) slli a1, a1, 0xb
x11 <- 0x0000033333333000
mem[X,0x000000008001B984] -> 0x8593
mem[X,0x000000008001B986] -> 0x3335
[3709] [M]: 0x000000008001B984 (0x33358593) addi a1, a1, 0x333
x11 <- 0x0000033333333333
mem[X,0x000000008001B988] -> 0x9593
mem[X,0x000000008001B98A] -> 0x00B5
[3710] [M]: 0x000000008001B988 (0x00B59593) slli a1, a1, 0xb
x11 <- 0x0019999999999800
mem[X,0x000000008001B98C] -> 0x8593
mem[X,0x000000008001B98E] -> 0x1995
[3711] [M]: 0x000000008001B98C (0x19958593) addi a1, a1, 0x199
x11 <- 0x0019999999999999
mem[X,0x000000008001B990] -> 0x9593
mem[X,0x000000008001B992] -> 0x00A5
[3712] [M]: 0x000000008001B990 (0x00A59593) slli a1, a1, 0xa
x11 <- 0x6666666666666400
mem[X,0x000000008001B994] -> 0x8593
mem[X,0x000000008001B996] -> 0x2675
[3713] [M]: 0x000000008001B994 (0x26758593) addi a1, a1, 0x267
x11 <- 0x6666666666666667
mem[X,0x000000008001B998] -> 0x0113
mem[X,0x000000008001B99A] -> 0x0000
[3714] [M]: 0x000000008001B998 (0x00000113) addi sp, zero, 0x0
x2 <- 0x0000000000000000
mem[X,0x000000008001B99C] -> 0x006F
mem[X,0x000000008001B99E] -> 0x0100
[3715] [M]: 0x000000008001B99C (0x0100006F) jal zero, 0x10
mem[X,0x000000008001B9AC] -> 0x1AE3
mem[X,0x000000008001B9AE] -> 0xFEB5
[3716] [M]: 0x000000008001B9AC (0xFEB51AE3) bne a0, a1, -0xc
mem[X,0x000000008001B9A0] -> 0x0113
mem[X,0x000000008001B9A2] -> 0x0011
[3717] [M]: 0x000000008001B9A0 (0x00110113) addi sp, sp, 0x1
x2 <- 0x0000000000000001
mem[X,0x000000008001B9A4] -> 0x006F
mem[X,0x000000008001B9A6] -> 0x01C0
[3718] [M]: 0x000000008001B9A4 (0x01C0006F) jal zero, 0x1c
mem[X,0x000000008001B9C0] -> 0xBC23
mem[X,0x000000008001B9C2] -> 0x7E20
[3719] [M]: 0x000000008001B9C0 (0x7E20BC23) sd sp, 0x7f8(ra)
mem[0x00000000800459D0] <- 0x0000000000000001
mem[X,0x000000008001B9C4] -> 0x0013
mem[X,0x000000008001B9C6] -> 0x0000
[3720] [M]: 0x000000008001B9C4 (0x00000013) addi zero, zero, 0x0
mem[X,0x000000008001B9C8] -> 0x0013
mem[X,0x000000008001B9CA] -> 0x0000
[3721] [M]: 0x000000008001B9C8 (0x00000013) addi zero, zero, 0x0
mem[X,0x000000008001B9CC] -> 0x0013
mem[X,0x000000008001B9CE] -> 0x0000
[3722] [M]: 0x000000008001B9CC (0x00000013) addi zero, zero, 0x0
mem[X,0x000000008001B9D0] -> 0x0013
mem[X,0x000000008001B9D2] -> 0x0000
[3723] [M]: 0x000000008001B9D0 (0x00000013) addi zero, zero, 0x0
mem[X,0x000000008001B9D4] -> 0x0013
mem[X,0x000000008001B9D6] -> 0x0000
[3724] [M]: 0x000000008001B9D4 (0x00000013) addi zero, zero, 0x0
mem[X,0x000000008001B9D8] -> 0x0013
mem[X,0x000000008001B9DA] -> 0x0000
[3725] [M]: 0x000000008001B9D8 (0x00000013) addi zero, zero, 0x0
mem[X,0x000000008001B9DC] -> 0x0013
mem[X,0x000000008001B9DE] -> 0x0000
[3726] [M]: 0x000000008001B9DC (0x00000013) addi zero, zero, 0x0
mem[X,0x000000008001B9E0] -> 0xA097
mem[X,0x000000008001B9E2] -> 0x0002
[3727] [M]: 0x000000008001B9E0 (0x0002A097) auipc ra, 0x2a
x1 <- 0x00000000800459E0
mem[X,0x000000008001B9E4] -> 0x8093
mem[X,0x000000008001B9E6] -> 0xFF80
[3728] [M]: 0x000000008001B9E4 (0xFF808093) addi ra, ra, -0x8
x1 <- 0x00000000800459D8
mem[X,0x000000008001B9E8] -> 0x0013
mem[X,0x000000008001B9EA] -> 0x0000
[3729] [M]: 0x000000008001B9E8 (0x00000013) addi zero, zero, 0x0
mem[X,0x000000008001B9EC] -> 0x0013
mem[X,0x000000008001B9EE] -> 0x0000
[3730] [M]: 0x000000008001B9EC (0x00000013) addi zero, zero, 0x0
mem[X,0x000000008001B9F0] -> 0x0013
mem[X,0x000000008001B9F2] -> 0x0000
[3731] [M]: 0x000000008001B9F0 (0x00000013) addi zero, zero, 0x0
mem[X,0x000000008001B9F4] -> 0x0013
mem[X,0x000000008001B9F6] -> 0x0000
[3732] [M]: 0x000000008001B9F4 (0x00000013) addi zero, zero, 0x0
mem[X,0x000000008001B9F8] -> 0x0013
mem[X,0x000000008001B9FA] -> 0x0000
[3733] [M]: 0x000000008001B9F8 (0x00000013) addi zero, zero, 0x0
mem[X,0x000000008001B9FC] -> 0x0013
mem[X,0x000000008001B9FE] -> 0x0000
[3734] [M]: 0x000000008001B9FC (0x00000013) addi zero, zero, 0x0
mem[X,0x000000008001BA00] -> 0x0513
mem[X,0x000000008001BA02] -> 0x0050
[3735] [M]: 0x000000008001BA00 (0x00500513) addi a0, zero, 0x5
x10 <- 0x0000000000000005
mem[X,0x000000008001BA04] -> 0x05B7
mem[X,0x000000008001BA06] -> 0x0000
[3736] [M]: 0x000000008001BA04 (0x000005B7) lui a1, 0x0
x11 <- 0x0000000000000000
mem[X,0x000000008001BA08] -> 0x8593
mem[X,0x000000008001BA0A] -> 0xFFF5
[3737] [M]: 0x000000008001BA08 (0xFFF58593) addi a1, a1, -0x1
x11 <- 0xFFFFFFFFFFFFFFFF
mem[X,0x000000008001BA0C] -> 0x9593
mem[X,0x000000008001BA0E] -> 0x00B5
[3738] [M]: 0x000000008001BA0C (0x00B59593) slli a1, a1, 0xb
x11 <- 0xFFFFFFFFFFFFF800
mem[X,0x000000008001BA10] -> 0x8593
mem[X,0x000000008001BA12] -> 0x2575
[3739] [M]: 0x000000008001BA10 (0x25758593) addi a1, a1, 0x257
x11 <- 0xFFFFFFFFFFFFFA57
mem[X,0x000000008001BA14] -> 0x9593
mem[X,0x000000008001BA16] -> 0x00B5
[3740] [M]: 0x000000008001BA14 (0x00B59593) slli a1, a1, 0xb
x11 <- 0xFFFFFFFFFFD2B800
mem[X,0x000000008001BA18] -> 0x8593
mem[X,0x000000008001BA1A] -> 0x6C35
[3741] [M]: 0x000000008001BA18 (0x6C358593) addi a1, a1, 0x6c3
x11 <- 0xFFFFFFFFFFD2BEC3
mem[X,0x000000008001BA1C] -> 0x9593
mem[X,0x000000008001BA1E] -> 0x00A5
[3742] [M]: 0x000000008001BA1C (0x00A59593) slli a1, a1, 0xa
x11 <- 0xFFFFFFFF4AFB0C00
mem[X,0x000000008001BA20] -> 0x8593
mem[X,0x000000008001BA22] -> 0x0CE5
[3743] [M]: 0x000000008001BA20 (0x0CE58593) addi a1, a1, 0xce
x11 <- 0xFFFFFFFF4AFB0CCE
mem[X,0x000000008001BA24] -> 0x0113
mem[X,0x000000008001BA26] -> 0x0000
[3744] [M]: 0x000000008001BA24 (0x00000113) addi sp, zero, 0x0
x2 <- 0x0000000000000000
mem[X,0x000000008001BA28] -> 0x006F
mem[X,0x000000008001BA2A] -> 0x00C0
[3745] [M]: 0x000000008001BA28 (0x00C0006F) jal zero, 0xc
mem[X,0x000000008001BA34] -> 0x1663
mem[X,0x000000008001BA36] -> 0x00B5
[3746] [M]: 0x000000008001BA34 (0x00B51663) bne a0, a1, 0xc
mem[X,0x000000008001BA40] -> 0x0113
mem[X,0x000000008001BA42] -> 0x0031
[3747] [M]: 0x000000008001BA40 (0x00310113) addi sp, sp, 0x3
x2 <- 0x0000000000000003
mem[X,0x000000008001BA44] -> 0x006F
mem[X,0x000000008001BA46] -> 0x0040
[3748] [M]: 0x000000008001BA44 (0x0040006F) jal zero, 0x4
mem[X,0x000000008001BA48] -> 0xB023
mem[X,0x000000008001BA4A] -> 0x0020
[3749] [M]: 0x000000008001BA48 (0x0020B023) sd sp, 0x0(ra)
mem[0x00000000800459D8] <- 0x0000000000000003
mem[X,0x000000008001BA4C] -> 0x0513
mem[X,0x000000008001BA4E] -> 0x0050
[3750] [M]: 0x000000008001BA4C (0x00500513) addi a0, zero, 0x5
x10 <- 0x0000000000000005
mem[X,0x000000008001BA50] -> 0x05B7
mem[X,0x000000008001BA52] -> 0x0000
[3751] [M]: 0x000000008001BA50 (0x000005B7) lui a1, 0x0
x11 <- 0x0000000000000000
mem[X,0x000000008001BA54] -> 0x8593
mem[X,0x000000008001BA56] -> 0x0005
[3752] [M]: 0x000000008001BA54 (0x00058593) addi a1, a1, 0x0
x11 <- 0x0000000000000000
mem[X,0x000000008001BA58] -> 0x9593
mem[X,0x000000008001BA5A] -> 0x00B5
[3753] [M]: 0x000000008001BA58 (0x00B59593) slli a1, a1, 0xb
x11 <- 0x0000000000000000
mem[X,0x000000008001BA5C] -> 0x8593
mem[X,0x000000008001BA5E] -> 0x5A85
[3754] [M]: 0x000000008001BA5C (0x5A858593) addi a1, a1, 0x5a8
x11 <- 0x00000000000005A8
mem[X,0x000000008001BA60] -> 0x9593
mem[X,0x000000008001BA62] -> 0x00B5
[3755] [M]: 0x000000008001BA60 (0x00B59593) slli a1, a1, 0xb
x11 <- 0x00000000002D4000
mem[X,0x000000008001BA64] -> 0x8593
mem[X,0x000000008001BA66] -> 0x13C5
[3756] [M]: 0x000000008001BA64 (0x13C58593) addi a1, a1, 0x13c
x11 <- 0x00000000002D413C
mem[X,0x000000008001BA68] -> 0x9593
mem[X,0x000000008001BA6A] -> 0x00A5
[3757] [M]: 0x000000008001BA68 (0x00A59593) slli a1, a1, 0xa
x11 <- 0x00000000B504F000
mem[X,0x000000008001BA6C] -> 0x8593
mem[X,0x000000008001BA6E] -> 0x3345
[3758] [M]: 0x000000008001BA6C (0x33458593) addi a1, a1, 0x334
x11 <- 0x00000000B504F334
mem[X,0x000000008001BA70] -> 0x0113
mem[X,0x000000008001BA72] -> 0x0000
[3759] [M]: 0x000000008001BA70 (0x00000113) addi sp, zero, 0x0
x2 <- 0x0000000000000000
mem[X,0x000000008001BA74] -> 0x006F
mem[X,0x000000008001BA76] -> 0x00C0
[3760] [M]: 0x000000008001BA74 (0x00C0006F) jal zero, 0xc
mem[X,0x000000008001BA80] -> 0x1CE3
mem[X,0x000000008001BA82] -> 0xFEB5
[3761] [M]: 0x000000008001BA80 (0xFEB51CE3) bne a0, a1, -0x8
mem[X,0x000000008001BA78] -> 0x0113
mem[X,0x000000008001BA7A] -> 0x0011
[3762] [M]: 0x000000008001BA78 (0x00110113) addi sp, sp, 0x1
x2 <- 0x0000000000000001
mem[X,0x000000008001BA7C] -> 0x006F
mem[X,0x000000008001BA7E] -> 0x0180
[3763] [M]: 0x000000008001BA7C (0x0180006F) jal zero, 0x18
mem[X,0x000000008001BA94] -> 0xB423
mem[X,0x000000008001BA96] -> 0x0020
[3764] [M]: 0x000000008001BA94 (0x0020B423) sd sp, 0x8(ra)
mem[0x00000000800459E0] <- 0x0000000000000001
mem[X,0x000000008001BA98] -> 0x3537
mem[X,0x000000008001BA9A] -> 0x3333
[3765] [M]: 0x000000008001BA98 (0x33333537) lui a0, 0x33333
x10 <- 0x0000000033333000
mem[X,0x000000008001BA9C] -> 0x0513
mem[X,0x000000008001BA9E] -> 0x3335
[3766] [M]: 0x000000008001BA9C (0x33350513) addi a0, a0, 0x333
x10 <- 0x0000000033333333
mem[X,0x000000008001BAA0] -> 0x1513
mem[X,0x000000008001BAA2] -> 0x00B5
[3767] [M]: 0x000000008001BAA0 (0x00B51513) slli a0, a0, 0xb
x10 <- 0x0000019999999800
mem[X,0x000000008001BAA4] -> 0x0513
mem[X,0x000000008001BAA6] -> 0x1995
[3768] [M]: 0x000000008001BAA4 (0x19950513) addi a0, a0, 0x199
x10 <- 0x0000019999999999
mem[X,0x000000008001BAA8] -> 0x1513
mem[X,0x000000008001BAAA] -> 0x00B5
[3769] [M]: 0x000000008001BAA8 (0x00B51513) slli a0, a0, 0xb
x10 <- 0x000CCCCCCCCCC800
mem[X,0x000000008001BAAC] -> 0x0513
mem[X,0x000000008001BAAE] -> 0x4CC5
[3770] [M]: 0x000000008001BAAC (0x4CC50513) addi a0, a0, 0x4cc
x10 <- 0x000CCCCCCCCCCCCC
mem[X,0x000000008001BAB0] -> 0x1513
mem[X,0x000000008001BAB2] -> 0x00A5
[3771] [M]: 0x000000008001BAB0 (0x00A51513) slli a0, a0, 0xa
x10 <- 0x3333333333333000
mem[X,0x000000008001BAB4] -> 0x0513
mem[X,0x000000008001BAB6] -> 0x3335
[3772] [M]: 0x000000008001BAB4 (0x33350513) addi a0, a0, 0x333
x10 <- 0x3333333333333333
mem[X,0x000000008001BAB8] -> 0x0593
mem[X,0x000000008001BABA] -> 0x0030
[3773] [M]: 0x000000008001BAB8 (0x00300593) addi a1, zero, 0x3
x11 <- 0x0000000000000003
mem[X,0x000000008001BABC] -> 0x0113
mem[X,0x000000008001BABE] -> 0x0000
[3774] [M]: 0x000000008001BABC (0x00000113) addi sp, zero, 0x0
x2 <- 0x0000000000000000
mem[X,0x000000008001BAC0] -> 0x006F
mem[X,0x000000008001BAC2] -> 0x00C0
[3775] [M]: 0x000000008001BAC0 (0x00C0006F) jal zero, 0xc
mem[X,0x000000008001BACC] -> 0x1CE3
mem[X,0x000000008001BACE] -> 0xFEB5
[3776] [M]: 0x000000008001BACC (0xFEB51CE3) bne a0, a1, -0x8
mem[X,0x000000008001BAC4] -> 0x0113
mem[X,0x000000008001BAC6] -> 0x0011
[3777] [M]: 0x000000008001BAC4 (0x00110113) addi sp, sp, 0x1
x2 <- 0x0000000000000001
mem[X,0x000000008001BAC8] -> 0x006F
mem[X,0x000000008001BACA] -> 0x0180
[3778] [M]: 0x000000008001BAC8 (0x0180006F) jal zero, 0x18
mem[X,0x000000008001BAE0] -> 0xB823
mem[X,0x000000008001BAE2] -> 0x0020
[3779] [M]: 0x000000008001BAE0 (0x0020B823) sd sp, 0x10(ra)
mem[0x00000000800459E8] <- 0x0000000000000001
mem[X,0x000000008001BAE4] -> 0x3537
mem[X,0x000000008001BAE6] -> 0x3333
[3780] [M]: 0x000000008001BAE4 (0x33333537) lui a0, 0x33333
x10 <- 0x0000000033333000
mem[X,0x000000008001BAE8] -> 0x0513
mem[X,0x000000008001BAEA] -> 0x3335
[3781] [M]: 0x000000008001BAE8 (0x33350513) addi a0, a0, 0x333
x10 <- 0x0000000033333333
mem[X,0x000000008001BAEC] -> 0x1513
mem[X,0x000000008001BAEE] -> 0x00B5
[3782] [M]: 0x000000008001BAEC (0x00B51513) slli a0, a0, 0xb
x10 <- 0x0000019999999800
mem[X,0x000000008001BAF0] -> 0x0513
mem[X,0x000000008001BAF2] -> 0x1995
[3783] [M]: 0x000000008001BAF0 (0x19950513) addi a0, a0, 0x199
x10 <- 0x0000019999999999
mem[X,0x000000008001BAF4] -> 0x1513
mem[X,0x000000008001BAF6] -> 0x00B5
[3784] [M]: 0x000000008001BAF4 (0x00B51513) slli a0, a0, 0xb
x10 <- 0x000CCCCCCCCCC800
mem[X,0x000000008001BAF8] -> 0x0513
mem[X,0x000000008001BAFA] -> 0x4CC5
[3785] [M]: 0x000000008001BAF8 (0x4CC50513) addi a0, a0, 0x4cc
x10 <- 0x000CCCCCCCCCCCCC
mem[X,0x000000008001BAFC] -> 0x1513
mem[X,0x000000008001BAFE] -> 0x00A5
[3786] [M]: 0x000000008001BAFC (0x00A51513) slli a0, a0, 0xa
x10 <- 0x3333333333333000
mem[X,0x000000008001BB00] -> 0x0513
mem[X,0x000000008001BB02] -> 0x3335
[3787] [M]: 0x000000008001BB00 (0x33350513) addi a0, a0, 0x333
x10 <- 0x3333333333333333
mem[X,0x000000008001BB04] -> 0x55B7
mem[X,0x000000008001BB06] -> 0x5555
[3788] [M]: 0x000000008001BB04 (0x555555B7) lui a1, 0x55555
x11 <- 0x0000000055555000
mem[X,0x000000008001BB08] -> 0x8593
mem[X,0x000000008001BB0A] -> 0x5555
[3789] [M]: 0x000000008001BB08 (0x55558593) addi a1, a1, 0x555
x11 <- 0x0000000055555555
mem[X,0x000000008001BB0C] -> 0x9593
mem[X,0x000000008001BB0E] -> 0x00B5
[3790] [M]: 0x000000008001BB0C (0x00B59593) slli a1, a1, 0xb
x11 <- 0x000002AAAAAAA800
mem[X,0x000000008001BB10] -> 0x8593
mem[X,0x000000008001BB12] -> 0x2AA5
[3791] [M]: 0x000000008001BB10 (0x2AA58593) addi a1, a1, 0x2aa
x11 <- 0x000002AAAAAAAAAA
mem[X,0x000000008001BB14] -> 0x9593
mem[X,0x000000008001BB16] -> 0x00B5
[3792] [M]: 0x000000008001BB14 (0x00B59593) slli a1, a1, 0xb
x11 <- 0x0015555555555000
mem[X,0x000000008001BB18] -> 0x8593
mem[X,0x000000008001BB1A] -> 0x5555
[3793] [M]: 0x000000008001BB18 (0x55558593) addi a1, a1, 0x555
x11 <- 0x0015555555555555
mem[X,0x000000008001BB1C] -> 0x9593
mem[X,0x000000008001BB1E] -> 0x00A5
[3794] [M]: 0x000000008001BB1C (0x00A59593) slli a1, a1, 0xa
x11 <- 0x5555555555555400
mem[X,0x000000008001BB20] -> 0x8593
mem[X,0x000000008001BB22] -> 0x1555
[3795] [M]: 0x000000008001BB20 (0x15558593) addi a1, a1, 0x155
x11 <- 0x5555555555555555
mem[X,0x000000008001BB24] -> 0x0113
mem[X,0x000000008001BB26] -> 0x0000
[3796] [M]: 0x000000008001BB24 (0x00000113) addi sp, zero, 0x0
x2 <- 0x0000000000000000
mem[X,0x000000008001BB28] -> 0x006F
mem[X,0x000000008001BB2A] -> 0x0180
[3797] [M]: 0x000000008001BB28 (0x0180006F) jal zero, 0x18
mem[X,0x000000008001BB40] -> 0x16E3
mem[X,0x000000008001BB42] -> 0xFEB5
[3798] [M]: 0x000000008001BB40 (0xFEB516E3) bne a0, a1, -0x14
mem[X,0x000000008001BB2C] -> 0x0113
mem[X,0x000000008001BB2E] -> 0x0011
[3799] [M]: 0x000000008001BB2C (0x00110113) addi sp, sp, 0x1
x2 <- 0x0000000000000001
clint::tick mtime <- 0x0000000000000026
 clint timer pending at mtime 0x0000000000000026
htif::tick 0x0000000000000000
mem[X,0x000000008001BB30] -> 0x006F
mem[X,0x000000008001BB32] -> 0x0240
[3800] [M]: 0x000000008001BB30 (0x0240006F) jal zero, 0x24
mem[X,0x000000008001BB54] -> 0xBC23
mem[X,0x000000008001BB56] -> 0x0020
[3801] [M]: 0x000000008001BB54 (0x0020BC23) sd sp, 0x18(ra)
mem[0x00000000800459F0] <- 0x0000000000000001
mem[X,0x000000008001BB58] -> 0x3537
mem[X,0x000000008001BB5A] -> 0x3333
[3802] [M]: 0x000000008001BB58 (0x33333537) lui a0, 0x33333
x10 <- 0x0000000033333000
mem[X,0x000000008001BB5C] -> 0x0513
mem[X,0x000000008001BB5E] -> 0x3335
[3803] [M]: 0x000000008001BB5C (0x33350513) addi a0, a0, 0x333
x10 <- 0x0000000033333333
mem[X,0x000000008001BB60] -> 0x1513
mem[X,0x000000008001BB62] -> 0x00B5
[3804] [M]: 0x000000008001BB60 (0x00B51513) slli a0, a0, 0xb
x10 <- 0x0000019999999800
mem[X,0x000000008001BB64] -> 0x0513
mem[X,0x000000008001BB66] -> 0x1995
[3805] [M]: 0x000000008001BB64 (0x19950513) addi a0, a0, 0x199
x10 <- 0x0000019999999999
mem[X,0x000000008001BB68] -> 0x1513
mem[X,0x000000008001BB6A] -> 0x00B5
[3806] [M]: 0x000000008001BB68 (0x00B51513) slli a0, a0, 0xb
x10 <- 0x000CCCCCCCCCC800
mem[X,0x000000008001BB6C] -> 0x0513
mem[X,0x000000008001BB6E] -> 0x4CC5
[3807] [M]: 0x000000008001BB6C (0x4CC50513) addi a0, a0, 0x4cc
x10 <- 0x000CCCCCCCCCCCCC
mem[X,0x000000008001BB70] -> 0x1513
mem[X,0x000000008001BB72] -> 0x00A5
[3808] [M]: 0x000000008001BB70 (0x00A51513) slli a0, a0, 0xa
x10 <- 0x3333333333333000
mem[X,0x000000008001BB74] -> 0x0513
mem[X,0x000000008001BB76] -> 0x3335
[3809] [M]: 0x000000008001BB74 (0x33350513) addi a0, a0, 0x333
x10 <- 0x3333333333333333
mem[X,0x000000008001BB78] -> 0xB5B7
mem[X,0x000000008001BB7A] -> 0xAAAA
[3810] [M]: 0x000000008001BB78 (0xAAAAB5B7) lui a1, -0x55555
x11 <- 0xFFFFFFFFAAAAB000
mem[X,0x000000008001BB7C] -> 0x8593
mem[X,0x000000008001BB7E] -> 0xAAA5
[3811] [M]: 0x000000008001BB7C (0xAAA58593) addi a1, a1, -0x556
x11 <- 0xFFFFFFFFAAAAAAAA
mem[X,0x000000008001BB80] -> 0x9593
mem[X,0x000000008001BB82] -> 0x00B5
[3812] [M]: 0x000000008001BB80 (0x00B59593) slli a1, a1, 0xb
x11 <- 0xFFFFFD5555555000
mem[X,0x000000008001BB84] -> 0x8593
mem[X,0x000000008001BB86] -> 0x5555
[3813] [M]: 0x000000008001BB84 (0x55558593) addi a1, a1, 0x555
x11 <- 0xFFFFFD5555555555
mem[X,0x000000008001BB88] -> 0x9593
mem[X,0x000000008001BB8A] -> 0x00B5
[3814] [M]: 0x000000008001BB88 (0x00B59593) slli a1, a1, 0xb
x11 <- 0xFFEAAAAAAAAAA800
mem[X,0x000000008001BB8C] -> 0x8593
mem[X,0x000000008001BB8E] -> 0x2AA5
[3815] [M]: 0x000000008001BB8C (0x2AA58593) addi a1, a1, 0x2aa
x11 <- 0xFFEAAAAAAAAAAAAA
mem[X,0x000000008001BB90] -> 0x9593
mem[X,0x000000008001BB92] -> 0x00A5
[3816] [M]: 0x000000008001BB90 (0x00A59593) slli a1, a1, 0xa
x11 <- 0xAAAAAAAAAAAAA800
mem[X,0x000000008001BB94] -> 0x8593
mem[X,0x000000008001BB96] -> 0x2AA5
[3817] [M]: 0x000000008001BB94 (0x2AA58593) addi a1, a1, 0x2aa
x11 <- 0xAAAAAAAAAAAAAAAA
mem[X,0x000000008001BB98] -> 0x0113
mem[X,0x000000008001BB9A] -> 0x0000
[3818] [M]: 0x000000008001BB98 (0x00000113) addi sp, zero, 0x0
x2 <- 0x0000000000000000
mem[X,0x000000008001BB9C] -> 0x006F
mem[X,0x000000008001BB9E] -> 0x00C0
[3819] [M]: 0x000000008001BB9C (0x00C0006F) jal zero, 0xc
mem[X,0x000000008001BBA8] -> 0x1663
mem[X,0x000000008001BBAA] -> 0x00B5
[3820] [M]: 0x000000008001BBA8 (0x00B51663) bne a0, a1, 0xc
mem[X,0x000000008001BBB4] -> 0x0113
mem[X,0x000000008001BBB6] -> 0x0031
[3821] [M]: 0x000000008001BBB4 (0x00310113) addi sp, sp, 0x3
x2 <- 0x0000000000000003
mem[X,0x000000008001BBB8] -> 0x006F
mem[X,0x000000008001BBBA] -> 0x0040
[3822] [M]: 0x000000008001BBB8 (0x0040006F) jal zero, 0x4
mem[X,0x000000008001BBBC] -> 0xB023
mem[X,0x000000008001BBBE] -> 0x0220
[3823] [M]: 0x000000008001BBBC (0x0220B023) sd sp, 0x20(ra)
mem[0x00000000800459F8] <- 0x0000000000000003
mem[X,0x000000008001BBC0] -> 0x3537
mem[X,0x000000008001BBC2] -> 0x3333
[3824] [M]: 0x000000008001BBC0 (0x33333537) lui a0, 0x33333
x10 <- 0x0000000033333000
mem[X,0x000000008001BBC4] -> 0x0513
mem[X,0x000000008001BBC6] -> 0x3335
[3825] [M]: 0x000000008001BBC4 (0x33350513) addi a0, a0, 0x333
x10 <- 0x0000000033333333
mem[X,0x000000008001BBC8] -> 0x1513
mem[X,0x000000008001BBCA] -> 0x00B5
[3826] [M]: 0x000000008001BBC8 (0x00B51513) slli a0, a0, 0xb
x10 <- 0x0000019999999800
mem[X,0x000000008001BBCC] -> 0x0513
mem[X,0x000000008001BBCE] -> 0x1995
[3827] [M]: 0x000000008001BBCC (0x19950513) addi a0, a0, 0x199
x10 <- 0x0000019999999999
mem[X,0x000000008001BBD0] -> 0x1513
mem[X,0x000000008001BBD2] -> 0x00B5
[3828] [M]: 0x000000008001BBD0 (0x00B51513) slli a0, a0, 0xb
x10 <- 0x000CCCCCCCCCC800
mem[X,0x000000008001BBD4] -> 0x0513
mem[X,0x000000008001BBD6] -> 0x4CC5
[3829] [M]: 0x000000008001BBD4 (0x4CC50513) addi a0, a0, 0x4cc
x10 <- 0x000CCCCCCCCCCCCC
mem[X,0x000000008001BBD8] -> 0x1513
mem[X,0x000000008001BBDA] -> 0x00A5
[3830] [M]: 0x000000008001BBD8 (0x00A51513) slli a0, a0, 0xa
x10 <- 0x3333333333333000
mem[X,0x000000008001BBDC] -> 0x0513
mem[X,0x000000008001BBDE] -> 0x3335
[3831] [M]: 0x000000008001BBDC (0x33350513) addi a0, a0, 0x333
x10 <- 0x3333333333333333
mem[X,0x000000008001BBE0] -> 0x0593
mem[X,0x000000008001BBE2] -> 0x0050
[3832] [M]: 0x000000008001BBE0 (0x00500593) addi a1, zero, 0x5
x11 <- 0x0000000000000005
mem[X,0x000000008001BBE4] -> 0x0113
mem[X,0x000000008001BBE6] -> 0x0000
[3833] [M]: 0x000000008001BBE4 (0x00000113) addi sp, zero, 0x0
x2 <- 0x0000000000000000
mem[X,0x000000008001BBE8] -> 0x006F
mem[X,0x000000008001BBEA] -> 0x00C0
[3834] [M]: 0x000000008001BBE8 (0x00C0006F) jal zero, 0xc
mem[X,0x000000008001BBF4] -> 0x1063
mem[X,0x000000008001BBF6] -> 0x10B5
[3835] [M]: 0x000000008001BBF4 (0x10B51063) bne a0, a1, 0x100
mem[X,0x000000008001BCF4] -> 0x0113
mem[X,0x000000008001BCF6] -> 0x0031
[3836] [M]: 0x000000008001BCF4 (0x00310113) addi sp, sp, 0x3
x2 <- 0x0000000000000003
mem[X,0x000000008001BCF8] -> 0x006F
mem[X,0x000000008001BCFA] -> 0x0040
[3837] [M]: 0x000000008001BCF8 (0x0040006F) jal zero, 0x4
mem[X,0x000000008001BCFC] -> 0xB423
mem[X,0x000000008001BCFE] -> 0x0220
[3838] [M]: 0x000000008001BCFC (0x0220B423) sd sp, 0x28(ra)
mem[0x0000000080045A00] <- 0x0000000000000003
mem[X,0x000000008001BD00] -> 0x3537
mem[X,0x000000008001BD02] -> 0x3333
[3839] [M]: 0x000000008001BD00 (0x33333537) lui a0, 0x33333
x10 <- 0x0000000033333000
mem[X,0x000000008001BD04] -> 0x0513
mem[X,0x000000008001BD06] -> 0x3335
[3840] [M]: 0x000000008001BD04 (0x33350513) addi a0, a0, 0x333
x10 <- 0x0000000033333333
mem[X,0x000000008001BD08] -> 0x1513
mem[X,0x000000008001BD0A] -> 0x00B5
[3841] [M]: 0x000000008001BD08 (0x00B51513) slli a0, a0, 0xb
x10 <- 0x0000019999999800
mem[X,0x000000008001BD0C] -> 0x0513
mem[X,0x000000008001BD0E] -> 0x1995
[3842] [M]: 0x000000008001BD0C (0x19950513) addi a0, a0, 0x199
x10 <- 0x0000019999999999
mem[X,0x000000008001BD10] -> 0x1513
mem[X,0x000000008001BD12] -> 0x00B5
[3843] [M]: 0x000000008001BD10 (0x00B51513) slli a0, a0, 0xb
x10 <- 0x000CCCCCCCCCC800
mem[X,0x000000008001BD14] -> 0x0513
mem[X,0x000000008001BD16] -> 0x4CC5
[3844] [M]: 0x000000008001BD14 (0x4CC50513) addi a0, a0, 0x4cc
x10 <- 0x000CCCCCCCCCCCCC
mem[X,0x000000008001BD18] -> 0x1513
mem[X,0x000000008001BD1A] -> 0x00A5
[3845] [M]: 0x000000008001BD18 (0x00A51513) slli a0, a0, 0xa
x10 <- 0x3333333333333000
mem[X,0x000000008001BD1C] -> 0x0513
mem[X,0x000000008001BD1E] -> 0x3335
[3846] [M]: 0x000000008001BD1C (0x33350513) addi a0, a0, 0x333
x10 <- 0x3333333333333333
mem[X,0x000000008001BD20] -> 0x35B7
mem[X,0x000000008001BD22] -> 0x3333
[3847] [M]: 0x000000008001BD20 (0x333335B7) lui a1, 0x33333
x11 <- 0x0000000033333000
mem[X,0x000000008001BD24] -> 0x8593
mem[X,0x000000008001BD26] -> 0x3335
[3848] [M]: 0x000000008001BD24 (0x33358593) addi a1, a1, 0x333
x11 <- 0x0000000033333333
mem[X,0x000000008001BD28] -> 0x9593
mem[X,0x000000008001BD2A] -> 0x00B5
[3849] [M]: 0x000000008001BD28 (0x00B59593) slli a1, a1, 0xb
x11 <- 0x0000019999999800
mem[X,0x000000008001BD2C] -> 0x8593
mem[X,0x000000008001BD2E] -> 0x1995
[3850] [M]: 0x000000008001BD2C (0x19958593) addi a1, a1, 0x199
x11 <- 0x0000019999999999
mem[X,0x000000008001BD30] -> 0x9593
mem[X,0x000000008001BD32] -> 0x00B5
[3851] [M]: 0x000000008001BD30 (0x00B59593) slli a1, a1, 0xb
x11 <- 0x000CCCCCCCCCC800
mem[X,0x000000008001BD34] -> 0x8593
mem[X,0x000000008001BD36] -> 0x4CC5
[3852] [M]: 0x000000008001BD34 (0x4CC58593) addi a1, a1, 0x4cc
x11 <- 0x000CCCCCCCCCCCCC
mem[X,0x000000008001BD38] -> 0x9593
mem[X,0x000000008001BD3A] -> 0x00A5
[3853] [M]: 0x000000008001BD38 (0x00A59593) slli a1, a1, 0xa
x11 <- 0x3333333333333000
mem[X,0x000000008001BD3C] -> 0x8593
mem[X,0x000000008001BD3E] -> 0x3335
[3854] [M]: 0x000000008001BD3C (0x33358593) addi a1, a1, 0x333
x11 <- 0x3333333333333333
mem[X,0x000000008001BD40] -> 0x0113
mem[X,0x000000008001BD42] -> 0x0000
[3855] [M]: 0x000000008001BD40 (0x00000113) addi sp, zero, 0x0
x2 <- 0x0000000000000000
mem[X,0x000000008001BD44] -> 0x006F
mem[X,0x000000008001BD46] -> 0x00C0
[3856] [M]: 0x000000008001BD44 (0x00C0006F) jal zero, 0xc
mem[X,0x000000008001BD50] -> 0x1063
mem[X,0x000000008001BD52] -> 0x40B5
[3857] [M]: 0x000000008001BD50 (0x40B51063) bne a0, a1, 0x400
mem[X,0x000000008001BD54] -> 0x0113
mem[X,0x000000008001BD56] -> 0x0021
[3858] [M]: 0x000000008001BD54 (0x00210113) addi sp, sp, 0x2
x2 <- 0x0000000000000002
mem[X,0x000000008001BD58] -> 0x006F
mem[X,0x000000008001BD5A] -> 0x4000
[3859] [M]: 0x000000008001BD58 (0x4000006F) jal zero, 0x400
mem[X,0x000000008001C158] -> 0xB823
mem[X,0x000000008001C15A] -> 0x0220
[3860] [M]: 0x000000008001C158 (0x0220B823) sd sp, 0x30(ra)
mem[0x0000000080045A08] <- 0x0000000000000002
mem[X,0x000000008001C15C] -> 0x3537
mem[X,0x000000008001C15E] -> 0x3333
[3861] [M]: 0x000000008001C15C (0x33333537) lui a0, 0x33333
x10 <- 0x0000000033333000
mem[X,0x000000008001C160] -> 0x0513
mem[X,0x000000008001C162] -> 0x3335
[3862] [M]: 0x000000008001C160 (0x33350513) addi a0, a0, 0x333
x10 <- 0x0000000033333333
mem[X,0x000000008001C164] -> 0x1513
mem[X,0x000000008001C166] -> 0x00B5
[3863] [M]: 0x000000008001C164 (0x00B51513) slli a0, a0, 0xb
x10 <- 0x0000019999999800
mem[X,0x000000008001C168] -> 0x0513
mem[X,0x000000008001C16A] -> 0x1995
[3864] [M]: 0x000000008001C168 (0x19950513) addi a0, a0, 0x199
x10 <- 0x0000019999999999
mem[X,0x000000008001C16C] -> 0x1513
mem[X,0x000000008001C16E] -> 0x00B5
[3865] [M]: 0x000000008001C16C (0x00B51513) slli a0, a0, 0xb
x10 <- 0x000CCCCCCCCCC800
mem[X,0x000000008001C170] -> 0x0513
mem[X,0x000000008001C172] -> 0x4CC5
[3866] [M]: 0x000000008001C170 (0x4CC50513) addi a0, a0, 0x4cc
x10 <- 0x000CCCCCCCCCCCCC
mem[X,0x000000008001C174] -> 0x1513
mem[X,0x000000008001C176] -> 0x00A5
[3867] [M]: 0x000000008001C174 (0x00A51513) slli a0, a0, 0xa
x10 <- 0x3333333333333000
mem[X,0x000000008001C178] -> 0x0513
mem[X,0x000000008001C17A] -> 0x3335
[3868] [M]: 0x000000008001C178 (0x33350513) addi a0, a0, 0x333
x10 <- 0x3333333333333333
mem[X,0x000000008001C17C] -> 0x65B7
mem[X,0x000000008001C17E] -> 0x6666
[3869] [M]: 0x000000008001C17C (0x666665B7) lui a1, 0x66666
x11 <- 0x0000000066666000
mem[X,0x000000008001C180] -> 0x8593
mem[X,0x000000008001C182] -> 0x6665
[3870] [M]: 0x000000008001C180 (0x66658593) addi a1, a1, 0x666
x11 <- 0x0000000066666666
mem[X,0x000000008001C184] -> 0x9593
mem[X,0x000000008001C186] -> 0x00B5
[3871] [M]: 0x000000008001C184 (0x00B59593) slli a1, a1, 0xb
x11 <- 0x0000033333333000
mem[X,0x000000008001C188] -> 0x8593
mem[X,0x000000008001C18A] -> 0x3335
[3872] [M]: 0x000000008001C188 (0x33358593) addi a1, a1, 0x333
x11 <- 0x0000033333333333
mem[X,0x000000008001C18C] -> 0x9593
mem[X,0x000000008001C18E] -> 0x00B5
[3873] [M]: 0x000000008001C18C (0x00B59593) slli a1, a1, 0xb
x11 <- 0x0019999999999800
mem[X,0x000000008001C190] -> 0x8593
mem[X,0x000000008001C192] -> 0x1995
[3874] [M]: 0x000000008001C190 (0x19958593) addi a1, a1, 0x199
x11 <- 0x0019999999999999
mem[X,0x000000008001C194] -> 0x9593
mem[X,0x000000008001C196] -> 0x00A5
[3875] [M]: 0x000000008001C194 (0x00A59593) slli a1, a1, 0xa
x11 <- 0x6666666666666400
mem[X,0x000000008001C198] -> 0x8593
mem[X,0x000000008001C19A] -> 0x2665
[3876] [M]: 0x000000008001C198 (0x26658593) addi a1, a1, 0x266
x11 <- 0x6666666666666666
mem[X,0x000000008001C19C] -> 0x0113
mem[X,0x000000008001C19E] -> 0x0000
[3877] [M]: 0x000000008001C19C (0x00000113) addi sp, zero, 0x0
x2 <- 0x0000000000000000
mem[X,0x000000008001C1A0] -> 0x006F
mem[X,0x000000008001C1A2] -> 0x00C0
[3878] [M]: 0x000000008001C1A0 (0x00C0006F) jal zero, 0xc
mem[X,0x000000008001C1AC] -> 0x1663
mem[X,0x000000008001C1AE] -> 0x00B5
[3879] [M]: 0x000000008001C1AC (0x00B51663) bne a0, a1, 0xc
mem[X,0x000000008001C1B8] -> 0x0113
mem[X,0x000000008001C1BA] -> 0x0031
[3880] [M]: 0x000000008001C1B8 (0x00310113) addi sp, sp, 0x3
x2 <- 0x0000000000000003
mem[X,0x000000008001C1BC] -> 0x006F
mem[X,0x000000008001C1BE] -> 0x0040
[3881] [M]: 0x000000008001C1BC (0x0040006F) jal zero, 0x4
mem[X,0x000000008001C1C0] -> 0xBC23
mem[X,0x000000008001C1C2] -> 0x0220
[3882] [M]: 0x000000008001C1C0 (0x0220BC23) sd sp, 0x38(ra)
mem[0x0000000080045A10] <- 0x0000000000000003
mem[X,0x000000008001C1C4] -> 0x3537
mem[X,0x000000008001C1C6] -> 0x3333
[3883] [M]: 0x000000008001C1C4 (0x33333537) lui a0, 0x33333
x10 <- 0x0000000033333000
mem[X,0x000000008001C1C8] -> 0x0513
mem[X,0x000000008001C1CA] -> 0x3335
[3884] [M]: 0x000000008001C1C8 (0x33350513) addi a0, a0, 0x333
x10 <- 0x0000000033333333
mem[X,0x000000008001C1CC] -> 0x1513
mem[X,0x000000008001C1CE] -> 0x00B5
[3885] [M]: 0x000000008001C1CC (0x00B51513) slli a0, a0, 0xb
x10 <- 0x0000019999999800
mem[X,0x000000008001C1D0] -> 0x0513
mem[X,0x000000008001C1D2] -> 0x1995
[3886] [M]: 0x000000008001C1D0 (0x19950513) addi a0, a0, 0x199
x10 <- 0x0000019999999999
mem[X,0x000000008001C1D4] -> 0x1513
mem[X,0x000000008001C1D6] -> 0x00B5
[3887] [M]: 0x000000008001C1D4 (0x00B51513) slli a0, a0, 0xb
x10 <- 0x000CCCCCCCCCC800
mem[X,0x000000008001C1D8] -> 0x0513
mem[X,0x000000008001C1DA] -> 0x4CC5
[3888] [M]: 0x000000008001C1D8 (0x4CC50513) addi a0, a0, 0x4cc
x10 <- 0x000CCCCCCCCCCCCC
mem[X,0x000000008001C1DC] -> 0x1513
mem[X,0x000000008001C1DE] -> 0x00A5
[3889] [M]: 0x000000008001C1DC (0x00A51513) slli a0, a0, 0xa
x10 <- 0x3333333333333000
mem[X,0x000000008001C1E0] -> 0x0513
mem[X,0x000000008001C1E2] -> 0x3335
[3890] [M]: 0x000000008001C1E0 (0x33350513) addi a0, a0, 0x333
x10 <- 0x3333333333333333
mem[X,0x000000008001C1E4] -> 0x05B7
mem[X,0x000000008001C1E6] -> 0x0000
[3891] [M]: 0x000000008001C1E4 (0x000005B7) lui a1, 0x0
x11 <- 0x0000000000000000
mem[X,0x000000008001C1E8] -> 0x8593
mem[X,0x000000008001C1EA] -> 0xFFF5
[3892] [M]: 0x000000008001C1E8 (0xFFF58593) addi a1, a1, -0x1
x11 <- 0xFFFFFFFFFFFFFFFF
mem[X,0x000000008001C1EC] -> 0x9593
mem[X,0x000000008001C1EE] -> 0x00B5
[3893] [M]: 0x000000008001C1EC (0x00B59593) slli a1, a1, 0xb
x11 <- 0xFFFFFFFFFFFFF800
mem[X,0x000000008001C1F0] -> 0x8593
mem[X,0x000000008001C1F2] -> 0x2575
[3894] [M]: 0x000000008001C1F0 (0x25758593) addi a1, a1, 0x257
x11 <- 0xFFFFFFFFFFFFFA57
mem[X,0x000000008001C1F4] -> 0x9593
mem[X,0x000000008001C1F6] -> 0x00B5
[3895] [M]: 0x000000008001C1F4 (0x00B59593) slli a1, a1, 0xb
x11 <- 0xFFFFFFFFFFD2B800
mem[X,0x000000008001C1F8] -> 0x8593
mem[X,0x000000008001C1FA] -> 0x6C35
[3896] [M]: 0x000000008001C1F8 (0x6C358593) addi a1, a1, 0x6c3
x11 <- 0xFFFFFFFFFFD2BEC3
mem[X,0x000000008001C1FC] -> 0x9593
mem[X,0x000000008001C1FE] -> 0x00A5
[3897] [M]: 0x000000008001C1FC (0x00A59593) slli a1, a1, 0xa
x11 <- 0xFFFFFFFF4AFB0C00
mem[X,0x000000008001C200] -> 0x8593
mem[X,0x000000008001C202] -> 0x0CD5
[3898] [M]: 0x000000008001C200 (0x0CD58593) addi a1, a1, 0xcd
x11 <- 0xFFFFFFFF4AFB0CCD
mem[X,0x000000008001C204] -> 0x0113
mem[X,0x000000008001C206] -> 0x0000
[3899] [M]: 0x000000008001C204 (0x00000113) addi sp, zero, 0x0
x2 <- 0x0000000000000000
clint::tick mtime <- 0x0000000000000027
 clint timer pending at mtime 0x0000000000000027
htif::tick 0x0000000000000000
mem[X,0x000000008001C208] -> 0x006F
mem[X,0x000000008001C20A] -> 0x00C0
[3900] [M]: 0x000000008001C208 (0x00C0006F) jal zero, 0xc
mem[X,0x000000008001C214] -> 0x1063
mem[X,0x000000008001C216] -> 0x40B5
[3901] [M]: 0x000000008001C214 (0x40B51063) bne a0, a1, 0x400
mem[X,0x000000008001C614] -> 0x0113
mem[X,0x000000008001C616] -> 0x0031
[3902] [M]: 0x000000008001C614 (0x00310113) addi sp, sp, 0x3
x2 <- 0x0000000000000003
mem[X,0x000000008001C618] -> 0x006F
mem[X,0x000000008001C61A] -> 0x0040
[3903] [M]: 0x000000008001C618 (0x0040006F) jal zero, 0x4
mem[X,0x000000008001C61C] -> 0xB023
mem[X,0x000000008001C61E] -> 0x0420
[3904] [M]: 0x000000008001C61C (0x0420B023) sd sp, 0x40(ra)
mem[0x0000000080045A18] <- 0x0000000000000003
mem[X,0x000000008001C620] -> 0x3537
mem[X,0x000000008001C622] -> 0x3333
[3905] [M]: 0x000000008001C620 (0x33333537) lui a0, 0x33333
x10 <- 0x0000000033333000
mem[X,0x000000008001C624] -> 0x0513
mem[X,0x000000008001C626] -> 0x3335
[3906] [M]: 0x000000008001C624 (0x33350513) addi a0, a0, 0x333
x10 <- 0x0000000033333333
mem[X,0x000000008001C628] -> 0x1513
mem[X,0x000000008001C62A] -> 0x00B5
[3907] [M]: 0x000000008001C628 (0x00B51513) slli a0, a0, 0xb
x10 <- 0x0000019999999800
mem[X,0x000000008001C62C] -> 0x0513
mem[X,0x000000008001C62E] -> 0x1995
[3908] [M]: 0x000000008001C62C (0x19950513) addi a0, a0, 0x199
x10 <- 0x0000019999999999
mem[X,0x000000008001C630] -> 0x1513
mem[X,0x000000008001C632] -> 0x00B5
[3909] [M]: 0x000000008001C630 (0x00B51513) slli a0, a0, 0xb
x10 <- 0x000CCCCCCCCCC800
mem[X,0x000000008001C634] -> 0x0513
mem[X,0x000000008001C636] -> 0x4CC5
[3910] [M]: 0x000000008001C634 (0x4CC50513) addi a0, a0, 0x4cc
x10 <- 0x000CCCCCCCCCCCCC
mem[X,0x000000008001C638] -> 0x1513
mem[X,0x000000008001C63A] -> 0x00A5
[3911] [M]: 0x000000008001C638 (0x00A51513) slli a0, a0, 0xa
x10 <- 0x3333333333333000
mem[X,0x000000008001C63C] -> 0x0513
mem[X,0x000000008001C63E] -> 0x3335
[3912] [M]: 0x000000008001C63C (0x33350513) addi a0, a0, 0x333
x10 <- 0x3333333333333333
mem[X,0x000000008001C640] -> 0x05B7
mem[X,0x000000008001C642] -> 0x0000
[3913] [M]: 0x000000008001C640 (0x000005B7) lui a1, 0x0
x11 <- 0x0000000000000000
mem[X,0x000000008001C644] -> 0x8593
mem[X,0x000000008001C646] -> 0x0005
[3914] [M]: 0x000000008001C644 (0x00058593) addi a1, a1, 0x0
x11 <- 0x0000000000000000
mem[X,0x000000008001C648] -> 0x9593
mem[X,0x000000008001C64A] -> 0x00B5
[3915] [M]: 0x000000008001C648 (0x00B59593) slli a1, a1, 0xb
x11 <- 0x0000000000000000
mem[X,0x000000008001C64C] -> 0x8593
mem[X,0x000000008001C64E] -> 0x5A85
[3916] [M]: 0x000000008001C64C (0x5A858593) addi a1, a1, 0x5a8
x11 <- 0x00000000000005A8
mem[X,0x000000008001C650] -> 0x9593
mem[X,0x000000008001C652] -> 0x00B5
[3917] [M]: 0x000000008001C650 (0x00B59593) slli a1, a1, 0xb
x11 <- 0x00000000002D4000
mem[X,0x000000008001C654] -> 0x8593
mem[X,0x000000008001C656] -> 0x13C5
[3918] [M]: 0x000000008001C654 (0x13C58593) addi a1, a1, 0x13c
x11 <- 0x00000000002D413C
mem[X,0x000000008001C658] -> 0x9593
mem[X,0x000000008001C65A] -> 0x00A5
[3919] [M]: 0x000000008001C658 (0x00A59593) slli a1, a1, 0xa
x11 <- 0x00000000B504F000
mem[X,0x000000008001C65C] -> 0x8593
mem[X,0x000000008001C65E] -> 0x3335
[3920] [M]: 0x000000008001C65C (0x33358593) addi a1, a1, 0x333
x11 <- 0x00000000B504F333
mem[X,0x000000008001C660] -> 0x0113
mem[X,0x000000008001C662] -> 0x0000
[3921] [M]: 0x000000008001C660 (0x00000113) addi sp, zero, 0x0
x2 <- 0x0000000000000000
mem[X,0x000000008001C664] -> 0x006F
mem[X,0x000000008001C666] -> 0x0050
[3922] [M]: 0x000000008001C664 (0x0050006F) jal zero, 0x804
mem[X,0x000000008001CE68] -> 0x10E3
mem[X,0x000000008001CE6A] -> 0x80B5
[3923] [M]: 0x000000008001CE68 (0x80B510E3) bne a0, a1, -0x800
mem[X,0x000000008001C668] -> 0x0113
mem[X,0x000000008001C66A] -> 0x0011
[3924] [M]: 0x000000008001C668 (0x00110113) addi sp, sp, 0x1
x2 <- 0x0000000000000001
mem[X,0x000000008001C66C] -> 0x006F
mem[X,0x000000008001C66E] -> 0x0110
[3925] [M]: 0x000000008001C66C (0x0110006F) jal zero, 0x810
mem[X,0x000000008001CE7C] -> 0xB423
mem[X,0x000000008001CE7E] -> 0x0420
[3926] [M]: 0x000000008001CE7C (0x0420B423) sd sp, 0x48(ra)
mem[0x0000000080045A20] <- 0x0000000000000001
mem[X,0x000000008001CE80] -> 0x3537
mem[X,0x000000008001CE82] -> 0x3333
[3927] [M]: 0x000000008001CE80 (0x33333537) lui a0, 0x33333
x10 <- 0x0000000033333000
mem[X,0x000000008001CE84] -> 0x0513
mem[X,0x000000008001CE86] -> 0x3335
[3928] [M]: 0x000000008001CE84 (0x33350513) addi a0, a0, 0x333
x10 <- 0x0000000033333333
mem[X,0x000000008001CE88] -> 0x1513
mem[X,0x000000008001CE8A] -> 0x00B5
[3929] [M]: 0x000000008001CE88 (0x00B51513) slli a0, a0, 0xb
x10 <- 0x0000019999999800
mem[X,0x000000008001CE8C] -> 0x0513
mem[X,0x000000008001CE8E] -> 0x1995
[3930] [M]: 0x000000008001CE8C (0x19950513) addi a0, a0, 0x199
x10 <- 0x0000019999999999
mem[X,0x000000008001CE90] -> 0x1513
mem[X,0x000000008001CE92] -> 0x00B5
[3931] [M]: 0x000000008001CE90 (0x00B51513) slli a0, a0, 0xb
x10 <- 0x000CCCCCCCCCC800
mem[X,0x000000008001CE94] -> 0x0513
mem[X,0x000000008001CE96] -> 0x4CC5
[3932] [M]: 0x000000008001CE94 (0x4CC50513) addi a0, a0, 0x4cc
x10 <- 0x000CCCCCCCCCCCCC
mem[X,0x000000008001CE98] -> 0x1513
mem[X,0x000000008001CE9A] -> 0x00A5
[3933] [M]: 0x000000008001CE98 (0x00A51513) slli a0, a0, 0xa
x10 <- 0x3333333333333000
mem[X,0x000000008001CE9C] -> 0x0513
mem[X,0x000000008001CE9E] -> 0x3335
[3934] [M]: 0x000000008001CE9C (0x33350513) addi a0, a0, 0x333
x10 <- 0x3333333333333333
mem[X,0x000000008001CEA0] -> 0x0593
mem[X,0x000000008001CEA2] -> 0x0020
[3935] [M]: 0x000000008001CEA0 (0x00200593) addi a1, zero, 0x2
x11 <- 0x0000000000000002
mem[X,0x000000008001CEA4] -> 0x0113
mem[X,0x000000008001CEA6] -> 0x0000
[3936] [M]: 0x000000008001CEA4 (0x00000113) addi sp, zero, 0x0
x2 <- 0x0000000000000000
mem[X,0x000000008001CEA8] -> 0x006F
mem[X,0x000000008001CEAA] -> 0x00C0
[3937] [M]: 0x000000008001CEA8 (0x00C0006F) jal zero, 0xc
mem[X,0x000000008001CEB4] -> 0x1663
mem[X,0x000000008001CEB6] -> 0x00B5
[3938] [M]: 0x000000008001CEB4 (0x00B51663) bne a0, a1, 0xc
mem[X,0x000000008001CEC0] -> 0x0113
mem[X,0x000000008001CEC2] -> 0x0031
[3939] [M]: 0x000000008001CEC0 (0x00310113) addi sp, sp, 0x3
x2 <- 0x0000000000000003
mem[X,0x000000008001CEC4] -> 0x006F
mem[X,0x000000008001CEC6] -> 0x0040
[3940] [M]: 0x000000008001CEC4 (0x0040006F) jal zero, 0x4
mem[X,0x000000008001CEC8] -> 0xB823
mem[X,0x000000008001CECA] -> 0x0420
[3941] [M]: 0x000000008001CEC8 (0x0420B823) sd sp, 0x50(ra)
mem[0x0000000080045A28] <- 0x0000000000000003
mem[X,0x000000008001CECC] -> 0x3537
mem[X,0x000000008001CECE] -> 0x3333
[3942] [M]: 0x000000008001CECC (0x33333537) lui a0, 0x33333
x10 <- 0x0000000033333000
mem[X,0x000000008001CED0] -> 0x0513
mem[X,0x000000008001CED2] -> 0x3335
[3943] [M]: 0x000000008001CED0 (0x33350513) addi a0, a0, 0x333
x10 <- 0x0000000033333333
mem[X,0x000000008001CED4] -> 0x1513
mem[X,0x000000008001CED6] -> 0x00B5
[3944] [M]: 0x000000008001CED4 (0x00B51513) slli a0, a0, 0xb
x10 <- 0x0000019999999800
mem[X,0x000000008001CED8] -> 0x0513
mem[X,0x000000008001CEDA] -> 0x1995
[3945] [M]: 0x000000008001CED8 (0x19950513) addi a0, a0, 0x199
x10 <- 0x0000019999999999
mem[X,0x000000008001CEDC] -> 0x1513
mem[X,0x000000008001CEDE] -> 0x00B5
[3946] [M]: 0x000000008001CEDC (0x00B51513) slli a0, a0, 0xb
x10 <- 0x000CCCCCCCCCC800
mem[X,0x000000008001CEE0] -> 0x0513
mem[X,0x000000008001CEE2] -> 0x4CC5
[3947] [M]: 0x000000008001CEE0 (0x4CC50513) addi a0, a0, 0x4cc
x10 <- 0x000CCCCCCCCCCCCC
mem[X,0x000000008001CEE4] -> 0x1513
mem[X,0x000000008001CEE6] -> 0x00A5
[3948] [M]: 0x000000008001CEE4 (0x00A51513) slli a0, a0, 0xa
x10 <- 0x3333333333333000
mem[X,0x000000008001CEE8] -> 0x0513
mem[X,0x000000008001CEEA] -> 0x3335
[3949] [M]: 0x000000008001CEE8 (0x33350513) addi a0, a0, 0x333
x10 <- 0x3333333333333333
mem[X,0x000000008001CEEC] -> 0x55B7
mem[X,0x000000008001CEEE] -> 0x5555
[3950] [M]: 0x000000008001CEEC (0x555555B7) lui a1, 0x55555
x11 <- 0x0000000055555000
mem[X,0x000000008001CEF0] -> 0x8593
mem[X,0x000000008001CEF2] -> 0x5555
[3951] [M]: 0x000000008001CEF0 (0x55558593) addi a1, a1, 0x555
x11 <- 0x0000000055555555
mem[X,0x000000008001CEF4] -> 0x9593
mem[X,0x000000008001CEF6] -> 0x00B5
[3952] [M]: 0x000000008001CEF4 (0x00B59593) slli a1, a1, 0xb
x11 <- 0x000002AAAAAAA800
mem[X,0x000000008001CEF8] -> 0x8593
mem[X,0x000000008001CEFA] -> 0x2AA5
[3953] [M]: 0x000000008001CEF8 (0x2AA58593) addi a1, a1, 0x2aa
x11 <- 0x000002AAAAAAAAAA
mem[X,0x000000008001CEFC] -> 0x9593
mem[X,0x000000008001CEFE] -> 0x00B5
[3954] [M]: 0x000000008001CEFC (0x00B59593) slli a1, a1, 0xb
x11 <- 0x0015555555555000
mem[X,0x000000008001CF00] -> 0x8593
mem[X,0x000000008001CF02] -> 0x5555
[3955] [M]: 0x000000008001CF00 (0x55558593) addi a1, a1, 0x555
x11 <- 0x0015555555555555
mem[X,0x000000008001CF04] -> 0x9593
mem[X,0x000000008001CF06] -> 0x00A5
[3956] [M]: 0x000000008001CF04 (0x00A59593) slli a1, a1, 0xa
x11 <- 0x5555555555555400
mem[X,0x000000008001CF08] -> 0x8593
mem[X,0x000000008001CF0A] -> 0x1545
[3957] [M]: 0x000000008001CF08 (0x15458593) addi a1, a1, 0x154
x11 <- 0x5555555555555554
mem[X,0x000000008001CF0C] -> 0x0113
mem[X,0x000000008001CF0E] -> 0x0000
[3958] [M]: 0x000000008001CF0C (0x00000113) addi sp, zero, 0x0
x2 <- 0x0000000000000000
mem[X,0x000000008001CF10] -> 0x006F
mem[X,0x000000008001CF12] -> 0x00C0
[3959] [M]: 0x000000008001CF10 (0x00C0006F) jal zero, 0xc
mem[X,0x000000008001CF1C] -> 0x1CE3
mem[X,0x000000008001CF1E] -> 0xFEB5
[3960] [M]: 0x000000008001CF1C (0xFEB51CE3) bne a0, a1, -0x8
mem[X,0x000000008001CF14] -> 0x0113
mem[X,0x000000008001CF16] -> 0x0011
[3961] [M]: 0x000000008001CF14 (0x00110113) addi sp, sp, 0x1
x2 <- 0x0000000000000001
mem[X,0x000000008001CF18] -> 0x006F
mem[X,0x000000008001CF1A] -> 0x0180
[3962] [M]: 0x000000008001CF18 (0x0180006F) jal zero, 0x18
mem[X,0x000000008001CF30] -> 0xBC23
mem[X,0x000000008001CF32] -> 0x0420
[3963] [M]: 0x000000008001CF30 (0x0420BC23) sd sp, 0x58(ra)
mem[0x0000000080045A30] <- 0x0000000000000001
mem[X,0x000000008001CF34] -> 0x3537
mem[X,0x000000008001CF36] -> 0x3333
[3964] [M]: 0x000000008001CF34 (0x33333537) lui a0, 0x33333
x10 <- 0x0000000033333000
mem[X,0x000000008001CF38] -> 0x0513
mem[X,0x000000008001CF3A] -> 0x3335
[3965] [M]: 0x000000008001CF38 (0x33350513) addi a0, a0, 0x333
x10 <- 0x0000000033333333
mem[X,0x000000008001CF3C] -> 0x1513
mem[X,0x000000008001CF3E] -> 0x00B5
[3966] [M]: 0x000000008001CF3C (0x00B51513) slli a0, a0, 0xb
x10 <- 0x0000019999999800
mem[X,0x000000008001CF40] -> 0x0513
mem[X,0x000000008001CF42] -> 0x1995
[3967] [M]: 0x000000008001CF40 (0x19950513) addi a0, a0, 0x199
x10 <- 0x0000019999999999
mem[X,0x000000008001CF44] -> 0x1513
mem[X,0x000000008001CF46] -> 0x00B5
[3968] [M]: 0x000000008001CF44 (0x00B51513) slli a0, a0, 0xb
x10 <- 0x000CCCCCCCCCC800
mem[X,0x000000008001CF48] -> 0x0513
mem[X,0x000000008001CF4A] -> 0x4CC5
[3969] [M]: 0x000000008001CF48 (0x4CC50513) addi a0, a0, 0x4cc
x10 <- 0x000CCCCCCCCCCCCC
mem[X,0x000000008001CF4C] -> 0x1513
mem[X,0x000000008001CF4E] -> 0x00A5
[3970] [M]: 0x000000008001CF4C (0x00A51513) slli a0, a0, 0xa
x10 <- 0x3333333333333000
mem[X,0x000000008001CF50] -> 0x0513
mem[X,0x000000008001CF52] -> 0x3335
[3971] [M]: 0x000000008001CF50 (0x33350513) addi a0, a0, 0x333
x10 <- 0x3333333333333333
mem[X,0x000000008001CF54] -> 0x0593
mem[X,0x000000008001CF56] -> 0x0000
[3972] [M]: 0x000000008001CF54 (0x00000593) addi a1, zero, 0x0
x11 <- 0x0000000000000000
mem[X,0x000000008001CF58] -> 0x0113
mem[X,0x000000008001CF5A] -> 0x0000
[3973] [M]: 0x000000008001CF58 (0x00000113) addi sp, zero, 0x0
x2 <- 0x0000000000000000
mem[X,0x000000008001CF5C] -> 0x006F
mem[X,0x000000008001CF5E] -> 0x2B10
[3974] [M]: 0x000000008001CF5C (0x2B10006F) jal zero, 0xab0
mem[X,0x000000008001DA0C] -> 0x1A63
mem[X,0x000000008001DA0E] -> 0xD4B5
[3975] [M]: 0x000000008001DA0C (0xD4B51A63) bne a0, a1, -0xaac
mem[X,0x000000008001CF60] -> 0x0113
mem[X,0x000000008001CF62] -> 0x0011
[3976] [M]: 0x000000008001CF60 (0x00110113) addi sp, sp, 0x1
x2 <- 0x0000000000000001
mem[X,0x000000008001CF64] -> 0x006F
mem[X,0x000000008001CF66] -> 0x2BD0
[3977] [M]: 0x000000008001CF64 (0x2BD0006F) jal zero, 0xabc
mem[X,0x000000008001DA20] -> 0xB023
mem[X,0x000000008001DA22] -> 0x0620
[3978] [M]: 0x000000008001DA20 (0x0620B023) sd sp, 0x60(ra)
mem[0x0000000080045A38] <- 0x0000000000000001
mem[X,0x000000008001DA24] -> 0x3537
mem[X,0x000000008001DA26] -> 0x3333
[3979] [M]: 0x000000008001DA24 (0x33333537) lui a0, 0x33333
x10 <- 0x0000000033333000
mem[X,0x000000008001DA28] -> 0x0513
mem[X,0x000000008001DA2A] -> 0x3335
[3980] [M]: 0x000000008001DA28 (0x33350513) addi a0, a0, 0x333
x10 <- 0x0000000033333333
mem[X,0x000000008001DA2C] -> 0x1513
mem[X,0x000000008001DA2E] -> 0x00B5
[3981] [M]: 0x000000008001DA2C (0x00B51513) slli a0, a0, 0xb
x10 <- 0x0000019999999800
mem[X,0x000000008001DA30] -> 0x0513
mem[X,0x000000008001DA32] -> 0x1995
[3982] [M]: 0x000000008001DA30 (0x19950513) addi a0, a0, 0x199
x10 <- 0x0000019999999999
mem[X,0x000000008001DA34] -> 0x1513
mem[X,0x000000008001DA36] -> 0x00B5
[3983] [M]: 0x000000008001DA34 (0x00B51513) slli a0, a0, 0xb
x10 <- 0x000CCCCCCCCCC800
mem[X,0x000000008001DA38] -> 0x0513
mem[X,0x000000008001DA3A] -> 0x4CC5
[3984] [M]: 0x000000008001DA38 (0x4CC50513) addi a0, a0, 0x4cc
x10 <- 0x000CCCCCCCCCCCCC
mem[X,0x000000008001DA3C] -> 0x1513
mem[X,0x000000008001DA3E] -> 0x00A5
[3985] [M]: 0x000000008001DA3C (0x00A51513) slli a0, a0, 0xa
x10 <- 0x3333333333333000
mem[X,0x000000008001DA40] -> 0x0513
mem[X,0x000000008001DA42] -> 0x3335
[3986] [M]: 0x000000008001DA40 (0x33350513) addi a0, a0, 0x333
x10 <- 0x3333333333333333
mem[X,0x000000008001DA44] -> 0x0593
mem[X,0x000000008001DA46] -> 0x0040
[3987] [M]: 0x000000008001DA44 (0x00400593) addi a1, zero, 0x4
x11 <- 0x0000000000000004
mem[X,0x000000008001DA48] -> 0x0113
mem[X,0x000000008001DA4A] -> 0x0000
[3988] [M]: 0x000000008001DA48 (0x00000113) addi sp, zero, 0x0
x2 <- 0x0000000000000000
mem[X,0x000000008001DA4C] -> 0x006F
mem[X,0x000000008001DA4E] -> 0x00C0
[3989] [M]: 0x000000008001DA4C (0x00C0006F) jal zero, 0xc
mem[X,0x000000008001DA58] -> 0x1863
mem[X,0x000000008001DA5A] -> 0x00B5
[3990] [M]: 0x000000008001DA58 (0x00B51863) bne a0, a1, 0x10
mem[X,0x000000008001DA68] -> 0x0113
mem[X,0x000000008001DA6A] -> 0x0031
[3991] [M]: 0x000000008001DA68 (0x00310113) addi sp, sp, 0x3
x2 <- 0x0000000000000003
mem[X,0x000000008001DA6C] -> 0x006F
mem[X,0x000000008001DA6E] -> 0x0040
[3992] [M]: 0x000000008001DA6C (0x0040006F) jal zero, 0x4
mem[X,0x000000008001DA70] -> 0xB423
mem[X,0x000000008001DA72] -> 0x0620
[3993] [M]: 0x000000008001DA70 (0x0620B423) sd sp, 0x68(ra)
mem[0x0000000080045A40] <- 0x0000000000000003
mem[X,0x000000008001DA74] -> 0x3537
mem[X,0x000000008001DA76] -> 0x3333
[3994] [M]: 0x000000008001DA74 (0x33333537) lui a0, 0x33333
x10 <- 0x0000000033333000
mem[X,0x000000008001DA78] -> 0x0513
mem[X,0x000000008001DA7A] -> 0x3335
[3995] [M]: 0x000000008001DA78 (0x33350513) addi a0, a0, 0x333
x10 <- 0x0000000033333333
mem[X,0x000000008001DA7C] -> 0x1513
mem[X,0x000000008001DA7E] -> 0x00B5
[3996] [M]: 0x000000008001DA7C (0x00B51513) slli a0, a0, 0xb
x10 <- 0x0000019999999800
mem[X,0x000000008001DA80] -> 0x0513
mem[X,0x000000008001DA82] -> 0x1995
[3997] [M]: 0x000000008001DA80 (0x19950513) addi a0, a0, 0x199
x10 <- 0x0000019999999999
mem[X,0x000000008001DA84] -> 0x1513
mem[X,0x000000008001DA86] -> 0x00B5
[3998] [M]: 0x000000008001DA84 (0x00B51513) slli a0, a0, 0xb
x10 <- 0x000CCCCCCCCCC800
mem[X,0x000000008001DA88] -> 0x0513
mem[X,0x000000008001DA8A] -> 0x4CC5
[3999] [M]: 0x000000008001DA88 (0x4CC50513) addi a0, a0, 0x4cc
x10 <- 0x000CCCCCCCCCCCCC
clint::tick mtime <- 0x0000000000000028
 clint timer pending at mtime 0x0000000000000028
htif::tick 0x0000000000000000
mem[X,0x000000008001DA8C] -> 0x1513
mem[X,0x000000008001DA8E] -> 0x00A5
[4000] [M]: 0x000000008001DA8C (0x00A51513) slli a0, a0, 0xa
x10 <- 0x3333333333333000
mem[X,0x000000008001DA90] -> 0x0513
mem[X,0x000000008001DA92] -> 0x3335
[4001] [M]: 0x000000008001DA90 (0x33350513) addi a0, a0, 0x333
x10 <- 0x3333333333333333
mem[X,0x000000008001DA94] -> 0x35B7
mem[X,0x000000008001DA96] -> 0x3333
[4002] [M]: 0x000000008001DA94 (0x333335B7) lui a1, 0x33333
x11 <- 0x0000000033333000
mem[X,0x000000008001DA98] -> 0x8593
mem[X,0x000000008001DA9A] -> 0x3335
[4003] [M]: 0x000000008001DA98 (0x33358593) addi a1, a1, 0x333
x11 <- 0x0000000033333333
mem[X,0x000000008001DA9C] -> 0x9593
mem[X,0x000000008001DA9E] -> 0x00B5
[4004] [M]: 0x000000008001DA9C (0x00B59593) slli a1, a1, 0xb
x11 <- 0x0000019999999800
mem[X,0x000000008001DAA0] -> 0x8593
mem[X,0x000000008001DAA2] -> 0x1995
[4005] [M]: 0x000000008001DAA0 (0x19958593) addi a1, a1, 0x199
x11 <- 0x0000019999999999
mem[X,0x000000008001DAA4] -> 0x9593
mem[X,0x000000008001DAA6] -> 0x00B5
[4006] [M]: 0x000000008001DAA4 (0x00B59593) slli a1, a1, 0xb
x11 <- 0x000CCCCCCCCCC800
mem[X,0x000000008001DAA8] -> 0x8593
mem[X,0x000000008001DAAA] -> 0x4CC5
[4007] [M]: 0x000000008001DAA8 (0x4CC58593) addi a1, a1, 0x4cc
x11 <- 0x000CCCCCCCCCCCCC
mem[X,0x000000008001DAAC] -> 0x9593
mem[X,0x000000008001DAAE] -> 0x00A5
[4008] [M]: 0x000000008001DAAC (0x00A59593) slli a1, a1, 0xa
x11 <- 0x3333333333333000
mem[X,0x000000008001DAB0] -> 0x8593
mem[X,0x000000008001DAB2] -> 0x3325
[4009] [M]: 0x000000008001DAB0 (0x33258593) addi a1, a1, 0x332
x11 <- 0x3333333333333332
mem[X,0x000000008001DAB4] -> 0x0113
mem[X,0x000000008001DAB6] -> 0x0000
[4010] [M]: 0x000000008001DAB4 (0x00000113) addi sp, zero, 0x0
x2 <- 0x0000000000000000
mem[X,0x000000008001DAB8] -> 0x006F
mem[X,0x000000008001DABA] -> 0x00C0
[4011] [M]: 0x000000008001DAB8 (0x00C0006F) jal zero, 0xc
mem[X,0x000000008001DAC4] -> 0x1863
mem[X,0x000000008001DAC6] -> 0x00B5
[4012] [M]: 0x000000008001DAC4 (0x00B51863) bne a0, a1, 0x10
mem[X,0x000000008001DAD4] -> 0x0113
mem[X,0x000000008001DAD6] -> 0x0031
[4013] [M]: 0x000000008001DAD4 (0x00310113) addi sp, sp, 0x3
x2 <- 0x0000000000000003
mem[X,0x000000008001DAD8] -> 0x006F
mem[X,0x000000008001DADA] -> 0x0040
[4014] [M]: 0x000000008001DAD8 (0x0040006F) jal zero, 0x4
mem[X,0x000000008001DADC] -> 0xB823
mem[X,0x000000008001DADE] -> 0x0620
[4015] [M]: 0x000000008001DADC (0x0620B823) sd sp, 0x70(ra)
mem[0x0000000080045A48] <- 0x0000000000000003
mem[X,0x000000008001DAE0] -> 0x3537
mem[X,0x000000008001DAE2] -> 0x3333
[4016] [M]: 0x000000008001DAE0 (0x33333537) lui a0, 0x33333
x10 <- 0x0000000033333000
mem[X,0x000000008001DAE4] -> 0x0513
mem[X,0x000000008001DAE6] -> 0x3335
[4017] [M]: 0x000000008001DAE4 (0x33350513) addi a0, a0, 0x333
x10 <- 0x0000000033333333
mem[X,0x000000008001DAE8] -> 0x1513
mem[X,0x000000008001DAEA] -> 0x00B5
[4018] [M]: 0x000000008001DAE8 (0x00B51513) slli a0, a0, 0xb
x10 <- 0x0000019999999800
mem[X,0x000000008001DAEC] -> 0x0513
mem[X,0x000000008001DAEE] -> 0x1995
[4019] [M]: 0x000000008001DAEC (0x19950513) addi a0, a0, 0x199
x10 <- 0x0000019999999999
mem[X,0x000000008001DAF0] -> 0x1513
mem[X,0x000000008001DAF2] -> 0x00B5
[4020] [M]: 0x000000008001DAF0 (0x00B51513) slli a0, a0, 0xb
x10 <- 0x000CCCCCCCCCC800
mem[X,0x000000008001DAF4] -> 0x0513
mem[X,0x000000008001DAF6] -> 0x4CC5
[4021] [M]: 0x000000008001DAF4 (0x4CC50513) addi a0, a0, 0x4cc
x10 <- 0x000CCCCCCCCCCCCC
mem[X,0x000000008001DAF8] -> 0x1513
mem[X,0x000000008001DAFA] -> 0x00A5
[4022] [M]: 0x000000008001DAF8 (0x00A51513) slli a0, a0, 0xa
x10 <- 0x3333333333333000
mem[X,0x000000008001DAFC] -> 0x0513
mem[X,0x000000008001DAFE] -> 0x3335
[4023] [M]: 0x000000008001DAFC (0x33350513) addi a0, a0, 0x333
x10 <- 0x3333333333333333
mem[X,0x000000008001DB00] -> 0x65B7
mem[X,0x000000008001DB02] -> 0x6666
[4024] [M]: 0x000000008001DB00 (0x666665B7) lui a1, 0x66666
x11 <- 0x0000000066666000
mem[X,0x000000008001DB04] -> 0x8593
mem[X,0x000000008001DB06] -> 0x6665
[4025] [M]: 0x000000008001DB04 (0x66658593) addi a1, a1, 0x666
x11 <- 0x0000000066666666
mem[X,0x000000008001DB08] -> 0x9593
mem[X,0x000000008001DB0A] -> 0x00B5
[4026] [M]: 0x000000008001DB08 (0x00B59593) slli a1, a1, 0xb
x11 <- 0x0000033333333000
mem[X,0x000000008001DB0C] -> 0x8593
mem[X,0x000000008001DB0E] -> 0x3335
[4027] [M]: 0x000000008001DB0C (0x33358593) addi a1, a1, 0x333
x11 <- 0x0000033333333333
mem[X,0x000000008001DB10] -> 0x9593
mem[X,0x000000008001DB12] -> 0x00B5
[4028] [M]: 0x000000008001DB10 (0x00B59593) slli a1, a1, 0xb
x11 <- 0x0019999999999800
mem[X,0x000000008001DB14] -> 0x8593
mem[X,0x000000008001DB16] -> 0x1995
[4029] [M]: 0x000000008001DB14 (0x19958593) addi a1, a1, 0x199
x11 <- 0x0019999999999999
mem[X,0x000000008001DB18] -> 0x9593
mem[X,0x000000008001DB1A] -> 0x00A5
[4030] [M]: 0x000000008001DB18 (0x00A59593) slli a1, a1, 0xa
x11 <- 0x6666666666666400
mem[X,0x000000008001DB1C] -> 0x8593
mem[X,0x000000008001DB1E] -> 0x2655
[4031] [M]: 0x000000008001DB1C (0x26558593) addi a1, a1, 0x265
x11 <- 0x6666666666666665
mem[X,0x000000008001DB20] -> 0x0113
mem[X,0x000000008001DB22] -> 0x0000
[4032] [M]: 0x000000008001DB20 (0x00000113) addi sp, zero, 0x0
x2 <- 0x0000000000000000
mem[X,0x000000008001DB24] -> 0x006F
mem[X,0x000000008001DB26] -> 0x00C0
[4033] [M]: 0x000000008001DB24 (0x00C0006F) jal zero, 0xc
mem[X,0x000000008001DB30] -> 0x1063
mem[X,0x000000008001DB32] -> 0x04B5
[4034] [M]: 0x000000008001DB30 (0x04B51063) bne a0, a1, 0x40
mem[X,0x000000008001DB70] -> 0x0113
mem[X,0x000000008001DB72] -> 0x0031
[4035] [M]: 0x000000008001DB70 (0x00310113) addi sp, sp, 0x3
x2 <- 0x0000000000000003
mem[X,0x000000008001DB74] -> 0x006F
mem[X,0x000000008001DB76] -> 0x0040
[4036] [M]: 0x000000008001DB74 (0x0040006F) jal zero, 0x4
mem[X,0x000000008001DB78] -> 0xBC23
mem[X,0x000000008001DB7A] -> 0x0620
[4037] [M]: 0x000000008001DB78 (0x0620BC23) sd sp, 0x78(ra)
mem[0x0000000080045A50] <- 0x0000000000000003
mem[X,0x000000008001DB7C] -> 0x3537
mem[X,0x000000008001DB7E] -> 0x3333
[4038] [M]: 0x000000008001DB7C (0x33333537) lui a0, 0x33333
x10 <- 0x0000000033333000
mem[X,0x000000008001DB80] -> 0x0513
mem[X,0x000000008001DB82] -> 0x3335
[4039] [M]: 0x000000008001DB80 (0x33350513) addi a0, a0, 0x333
x10 <- 0x0000000033333333
mem[X,0x000000008001DB84] -> 0x1513
mem[X,0x000000008001DB86] -> 0x00B5
[4040] [M]: 0x000000008001DB84 (0x00B51513) slli a0, a0, 0xb
x10 <- 0x0000019999999800
mem[X,0x000000008001DB88] -> 0x0513
mem[X,0x000000008001DB8A] -> 0x1995
[4041] [M]: 0x000000008001DB88 (0x19950513) addi a0, a0, 0x199
x10 <- 0x0000019999999999
mem[X,0x000000008001DB8C] -> 0x1513
mem[X,0x000000008001DB8E] -> 0x00B5
[4042] [M]: 0x000000008001DB8C (0x00B51513) slli a0, a0, 0xb
x10 <- 0x000CCCCCCCCCC800
mem[X,0x000000008001DB90] -> 0x0513
mem[X,0x000000008001DB92] -> 0x4CC5
[4043] [M]: 0x000000008001DB90 (0x4CC50513) addi a0, a0, 0x4cc
x10 <- 0x000CCCCCCCCCCCCC
mem[X,0x000000008001DB94] -> 0x1513
mem[X,0x000000008001DB96] -> 0x00A5
[4044] [M]: 0x000000008001DB94 (0x00A51513) slli a0, a0, 0xa
x10 <- 0x3333333333333000
mem[X,0x000000008001DB98] -> 0x0513
mem[X,0x000000008001DB9A] -> 0x3335
[4045] [M]: 0x000000008001DB98 (0x33350513) addi a0, a0, 0x333
x10 <- 0x3333333333333333
mem[X,0x000000008001DB9C] -> 0x05B7
mem[X,0x000000008001DB9E] -> 0x0000
[4046] [M]: 0x000000008001DB9C (0x000005B7) lui a1, 0x0
x11 <- 0x0000000000000000
mem[X,0x000000008001DBA0] -> 0x8593
mem[X,0x000000008001DBA2] -> 0x0005
[4047] [M]: 0x000000008001DBA0 (0x00058593) addi a1, a1, 0x0
x11 <- 0x0000000000000000
mem[X,0x000000008001DBA4] -> 0x9593
mem[X,0x000000008001DBA6] -> 0x00B5
[4048] [M]: 0x000000008001DBA4 (0x00B59593) slli a1, a1, 0xb
x11 <- 0x0000000000000000
mem[X,0x000000008001DBA8] -> 0x8593
mem[X,0x000000008001DBAA] -> 0x5A85
[4049] [M]: 0x000000008001DBA8 (0x5A858593) addi a1, a1, 0x5a8
x11 <- 0x00000000000005A8
mem[X,0x000000008001DBAC] -> 0x9593
mem[X,0x000000008001DBAE] -> 0x00B5
[4050] [M]: 0x000000008001DBAC (0x00B59593) slli a1, a1, 0xb
x11 <- 0x00000000002D4000
mem[X,0x000000008001DBB0] -> 0x8593
mem[X,0x000000008001DBB2] -> 0x13C5
[4051] [M]: 0x000000008001DBB0 (0x13C58593) addi a1, a1, 0x13c
x11 <- 0x00000000002D413C
mem[X,0x000000008001DBB4] -> 0x9593
mem[X,0x000000008001DBB6] -> 0x00A5
[4052] [M]: 0x000000008001DBB4 (0x00A59593) slli a1, a1, 0xa
x11 <- 0x00000000B504F000
mem[X,0x000000008001DBB8] -> 0x8593
mem[X,0x000000008001DBBA] -> 0x3325
[4053] [M]: 0x000000008001DBB8 (0x33258593) addi a1, a1, 0x332
x11 <- 0x00000000B504F332
mem[X,0x000000008001DBBC] -> 0x0113
mem[X,0x000000008001DBBE] -> 0x0000
[4054] [M]: 0x000000008001DBBC (0x00000113) addi sp, zero, 0x0
x2 <- 0x0000000000000000
mem[X,0x000000008001DBC0] -> 0x006F
mem[X,0x000000008001DBC2] -> 0x0050
[4055] [M]: 0x000000008001DBC0 (0x0050006F) jal zero, 0x804
mem[X,0x000000008001E3C4] -> 0x10E3
mem[X,0x000000008001E3C6] -> 0x80B5
[4056] [M]: 0x000000008001E3C4 (0x80B510E3) bne a0, a1, -0x800
mem[X,0x000000008001DBC4] -> 0x0113
mem[X,0x000000008001DBC6] -> 0x0011
[4057] [M]: 0x000000008001DBC4 (0x00110113) addi sp, sp, 0x1
x2 <- 0x0000000000000001
mem[X,0x000000008001DBC8] -> 0x006F
mem[X,0x000000008001DBCA] -> 0x0110
[4058] [M]: 0x000000008001DBC8 (0x0110006F) jal zero, 0x810
mem[X,0x000000008001E3D8] -> 0xB023
mem[X,0x000000008001E3DA] -> 0x0820
[4059] [M]: 0x000000008001E3D8 (0x0820B023) sd sp, 0x80(ra)
mem[0x0000000080045A58] <- 0x0000000000000001
mem[X,0x000000008001E3DC] -> 0x3537
mem[X,0x000000008001E3DE] -> 0x3333
[4060] [M]: 0x000000008001E3DC (0x33333537) lui a0, 0x33333
x10 <- 0x0000000033333000
mem[X,0x000000008001E3E0] -> 0x0513
mem[X,0x000000008001E3E2] -> 0x3335
[4061] [M]: 0x000000008001E3E0 (0x33350513) addi a0, a0, 0x333
x10 <- 0x0000000033333333
mem[X,0x000000008001E3E4] -> 0x1513
mem[X,0x000000008001E3E6] -> 0x00B5
[4062] [M]: 0x000000008001E3E4 (0x00B51513) slli a0, a0, 0xb
x10 <- 0x0000019999999800
mem[X,0x000000008001E3E8] -> 0x0513
mem[X,0x000000008001E3EA] -> 0x1995
[4063] [M]: 0x000000008001E3E8 (0x19950513) addi a0, a0, 0x199
x10 <- 0x0000019999999999
mem[X,0x000000008001E3EC] -> 0x1513
mem[X,0x000000008001E3EE] -> 0x00B5
[4064] [M]: 0x000000008001E3EC (0x00B51513) slli a0, a0, 0xb
x10 <- 0x000CCCCCCCCCC800
mem[X,0x000000008001E3F0] -> 0x0513
mem[X,0x000000008001E3F2] -> 0x4CC5
[4065] [M]: 0x000000008001E3F0 (0x4CC50513) addi a0, a0, 0x4cc
x10 <- 0x000CCCCCCCCCCCCC
mem[X,0x000000008001E3F4] -> 0x1513
mem[X,0x000000008001E3F6] -> 0x00A5
[4066] [M]: 0x000000008001E3F4 (0x00A51513) slli a0, a0, 0xa
x10 <- 0x3333333333333000
mem[X,0x000000008001E3F8] -> 0x0513
mem[X,0x000000008001E3FA] -> 0x3335
[4067] [M]: 0x000000008001E3F8 (0x33350513) addi a0, a0, 0x333
x10 <- 0x3333333333333333
mem[X,0x000000008001E3FC] -> 0x55B7
mem[X,0x000000008001E3FE] -> 0x5555
[4068] [M]: 0x000000008001E3FC (0x555555B7) lui a1, 0x55555
x11 <- 0x0000000055555000
mem[X,0x000000008001E400] -> 0x8593
mem[X,0x000000008001E402] -> 0x5555
[4069] [M]: 0x000000008001E400 (0x55558593) addi a1, a1, 0x555
x11 <- 0x0000000055555555
mem[X,0x000000008001E404] -> 0x9593
mem[X,0x000000008001E406] -> 0x00B5
[4070] [M]: 0x000000008001E404 (0x00B59593) slli a1, a1, 0xb
x11 <- 0x000002AAAAAAA800
mem[X,0x000000008001E408] -> 0x8593
mem[X,0x000000008001E40A] -> 0x2AA5
[4071] [M]: 0x000000008001E408 (0x2AA58593) addi a1, a1, 0x2aa
x11 <- 0x000002AAAAAAAAAA
mem[X,0x000000008001E40C] -> 0x9593
mem[X,0x000000008001E40E] -> 0x00B5
[4072] [M]: 0x000000008001E40C (0x00B59593) slli a1, a1, 0xb
x11 <- 0x0015555555555000
mem[X,0x000000008001E410] -> 0x8593
mem[X,0x000000008001E412] -> 0x5555
[4073] [M]: 0x000000008001E410 (0x55558593) addi a1, a1, 0x555
x11 <- 0x0015555555555555
mem[X,0x000000008001E414] -> 0x9593
mem[X,0x000000008001E416] -> 0x00A5
[4074] [M]: 0x000000008001E414 (0x00A59593) slli a1, a1, 0xa
x11 <- 0x5555555555555400
mem[X,0x000000008001E418] -> 0x8593
mem[X,0x000000008001E41A] -> 0x1565
[4075] [M]: 0x000000008001E418 (0x15658593) addi a1, a1, 0x156
x11 <- 0x5555555555555556
mem[X,0x000000008001E41C] -> 0x0113
mem[X,0x000000008001E41E] -> 0x0000
[4076] [M]: 0x000000008001E41C (0x00000113) addi sp, zero, 0x0
x2 <- 0x0000000000000000
mem[X,0x000000008001E420] -> 0x006F
mem[X,0x000000008001E422] -> 0x2B10
[4077] [M]: 0x000000008001E420 (0x2B10006F) jal zero, 0xab0
mem[X,0x000000008001EED0] -> 0x1A63
mem[X,0x000000008001EED2] -> 0xD4B5
[4078] [M]: 0x000000008001EED0 (0xD4B51A63) bne a0, a1, -0xaac
mem[X,0x000000008001E424] -> 0x0113
mem[X,0x000000008001E426] -> 0x0011
[4079] [M]: 0x000000008001E424 (0x00110113) addi sp, sp, 0x1
x2 <- 0x0000000000000001
mem[X,0x000000008001E428] -> 0x006F
mem[X,0x000000008001E42A] -> 0x2BD0
[4080] [M]: 0x000000008001E428 (0x2BD0006F) jal zero, 0xabc
mem[X,0x000000008001EEE4] -> 0xB423
mem[X,0x000000008001EEE6] -> 0x0820
[4081] [M]: 0x000000008001EEE4 (0x0820B423) sd sp, 0x88(ra)
mem[0x0000000080045A60] <- 0x0000000000000001
mem[X,0x000000008001EEE8] -> 0x3537
mem[X,0x000000008001EEEA] -> 0x3333
[4082] [M]: 0x000000008001EEE8 (0x33333537) lui a0, 0x33333
x10 <- 0x0000000033333000
mem[X,0x000000008001EEEC] -> 0x0513
mem[X,0x000000008001EEEE] -> 0x3335
[4083] [M]: 0x000000008001EEEC (0x33350513) addi a0, a0, 0x333
x10 <- 0x0000000033333333
mem[X,0x000000008001EEF0] -> 0x1513
mem[X,0x000000008001EEF2] -> 0x00B5
[4084] [M]: 0x000000008001EEF0 (0x00B51513) slli a0, a0, 0xb
x10 <- 0x0000019999999800
mem[X,0x000000008001EEF4] -> 0x0513
mem[X,0x000000008001EEF6] -> 0x1995
[4085] [M]: 0x000000008001EEF4 (0x19950513) addi a0, a0, 0x199
x10 <- 0x0000019999999999
mem[X,0x000000008001EEF8] -> 0x1513
mem[X,0x000000008001EEFA] -> 0x00B5
[4086] [M]: 0x000000008001EEF8 (0x00B51513) slli a0, a0, 0xb
x10 <- 0x000CCCCCCCCCC800
mem[X,0x000000008001EEFC] -> 0x0513
mem[X,0x000000008001EEFE] -> 0x4CC5
[4087] [M]: 0x000000008001EEFC (0x4CC50513) addi a0, a0, 0x4cc
x10 <- 0x000CCCCCCCCCCCCC
mem[X,0x000000008001EF00] -> 0x1513
mem[X,0x000000008001EF02] -> 0x00A5
[4088] [M]: 0x000000008001EF00 (0x00A51513) slli a0, a0, 0xa
x10 <- 0x3333333333333000
mem[X,0x000000008001EF04] -> 0x0513
mem[X,0x000000008001EF06] -> 0x3335
[4089] [M]: 0x000000008001EF04 (0x33350513) addi a0, a0, 0x333
x10 <- 0x3333333333333333
mem[X,0x000000008001EF08] -> 0xB5B7
mem[X,0x000000008001EF0A] -> 0xAAAA
[4090] [M]: 0x000000008001EF08 (0xAAAAB5B7) lui a1, -0x55555
x11 <- 0xFFFFFFFFAAAAB000
mem[X,0x000000008001EF0C] -> 0x8593
mem[X,0x000000008001EF0E] -> 0xAAA5
[4091] [M]: 0x000000008001EF0C (0xAAA58593) addi a1, a1, -0x556
x11 <- 0xFFFFFFFFAAAAAAAA
mem[X,0x000000008001EF10] -> 0x9593
mem[X,0x000000008001EF12] -> 0x00B5
[4092] [M]: 0x000000008001EF10 (0x00B59593) slli a1, a1, 0xb
x11 <- 0xFFFFFD5555555000
mem[X,0x000000008001EF14] -> 0x8593
mem[X,0x000000008001EF16] -> 0x5555
[4093] [M]: 0x000000008001EF14 (0x55558593) addi a1, a1, 0x555
x11 <- 0xFFFFFD5555555555
mem[X,0x000000008001EF18] -> 0x9593
mem[X,0x000000008001EF1A] -> 0x00B5
[4094] [M]: 0x000000008001EF18 (0x00B59593) slli a1, a1, 0xb
x11 <- 0xFFEAAAAAAAAAA800
mem[X,0x000000008001EF1C] -> 0x8593
mem[X,0x000000008001EF1E] -> 0x2AA5
[4095] [M]: 0x000000008001EF1C (0x2AA58593) addi a1, a1, 0x2aa
x11 <- 0xFFEAAAAAAAAAAAAA
mem[X,0x000000008001EF20] -> 0x9593
mem[X,0x000000008001EF22] -> 0x00A5
[4096] [M]: 0x000000008001EF20 (0x00A59593) slli a1, a1, 0xa
x11 <- 0xAAAAAAAAAAAAA800
mem[X,0x000000008001EF24] -> 0x8593
mem[X,0x000000008001EF26] -> 0x2AB5
[4097] [M]: 0x000000008001EF24 (0x2AB58593) addi a1, a1, 0x2ab
x11 <- 0xAAAAAAAAAAAAAAAB
mem[X,0x000000008001EF28] -> 0x0113
mem[X,0x000000008001EF2A] -> 0x0000
[4098] [M]: 0x000000008001EF28 (0x00000113) addi sp, zero, 0x0
x2 <- 0x0000000000000000
mem[X,0x000000008001EF2C] -> 0x006F
mem[X,0x000000008001EF2E] -> 0x00C0
[4099] [M]: 0x000000008001EF2C (0x00C0006F) jal zero, 0xc
clint::tick mtime <- 0x0000000000000029
 clint timer pending at mtime 0x0000000000000029
htif::tick 0x0000000000000000
mem[X,0x000000008001EF38] -> 0x1CE3
mem[X,0x000000008001EF3A] -> 0xFEB5
[4100] [M]: 0x000000008001EF38 (0xFEB51CE3) bne a0, a1, -0x8
mem[X,0x000000008001EF30] -> 0x0113
mem[X,0x000000008001EF32] -> 0x0011
[4101] [M]: 0x000000008001EF30 (0x00110113) addi sp, sp, 0x1
x2 <- 0x0000000000000001
mem[X,0x000000008001EF34] -> 0x006F
mem[X,0x000000008001EF36] -> 0x0180
[4102] [M]: 0x000000008001EF34 (0x0180006F) jal zero, 0x18
mem[X,0x000000008001EF4C] -> 0xB823
mem[X,0x000000008001EF4E] -> 0x0820
[4103] [M]: 0x000000008001EF4C (0x0820B823) sd sp, 0x90(ra)
mem[0x0000000080045A68] <- 0x0000000000000001
mem[X,0x000000008001EF50] -> 0x3537
mem[X,0x000000008001EF52] -> 0x3333
[4104] [M]: 0x000000008001EF50 (0x33333537) lui a0, 0x33333
x10 <- 0x0000000033333000
mem[X,0x000000008001EF54] -> 0x0513
mem[X,0x000000008001EF56] -> 0x3335
[4105] [M]: 0x000000008001EF54 (0x33350513) addi a0, a0, 0x333
x10 <- 0x0000000033333333
mem[X,0x000000008001EF58] -> 0x1513
mem[X,0x000000008001EF5A] -> 0x00B5
[4106] [M]: 0x000000008001EF58 (0x00B51513) slli a0, a0, 0xb
x10 <- 0x0000019999999800
mem[X,0x000000008001EF5C] -> 0x0513
mem[X,0x000000008001EF5E] -> 0x1995
[4107] [M]: 0x000000008001EF5C (0x19950513) addi a0, a0, 0x199
x10 <- 0x0000019999999999
mem[X,0x000000008001EF60] -> 0x1513
mem[X,0x000000008001EF62] -> 0x00B5
[4108] [M]: 0x000000008001EF60 (0x00B51513) slli a0, a0, 0xb
x10 <- 0x000CCCCCCCCCC800
mem[X,0x000000008001EF64] -> 0x0513
mem[X,0x000000008001EF66] -> 0x4CC5
[4109] [M]: 0x000000008001EF64 (0x4CC50513) addi a0, a0, 0x4cc
x10 <- 0x000CCCCCCCCCCCCC
mem[X,0x000000008001EF68] -> 0x1513
mem[X,0x000000008001EF6A] -> 0x00A5
[4110] [M]: 0x000000008001EF68 (0x00A51513) slli a0, a0, 0xa
x10 <- 0x3333333333333000
mem[X,0x000000008001EF6C] -> 0x0513
mem[X,0x000000008001EF6E] -> 0x3335
[4111] [M]: 0x000000008001EF6C (0x33350513) addi a0, a0, 0x333
x10 <- 0x3333333333333333
mem[X,0x000000008001EF70] -> 0x0593
mem[X,0x000000008001EF72] -> 0x0060
[4112] [M]: 0x000000008001EF70 (0x00600593) addi a1, zero, 0x6
x11 <- 0x0000000000000006
mem[X,0x000000008001EF74] -> 0x0113
mem[X,0x000000008001EF76] -> 0x0000
[4113] [M]: 0x000000008001EF74 (0x00000113) addi sp, zero, 0x0
x2 <- 0x0000000000000000
mem[X,0x000000008001EF78] -> 0x006F
mem[X,0x000000008001EF7A] -> 0x00C0
[4114] [M]: 0x000000008001EF78 (0x00C0006F) jal zero, 0xc
mem[X,0x000000008001EF84] -> 0x1063
mem[X,0x000000008001EF86] -> 0x40B5
[4115] [M]: 0x000000008001EF84 (0x40B51063) bne a0, a1, 0x400
mem[X,0x000000008001F384] -> 0x0113
mem[X,0x000000008001F386] -> 0x0031
[4116] [M]: 0x000000008001F384 (0x00310113) addi sp, sp, 0x3
x2 <- 0x0000000000000003
mem[X,0x000000008001F388] -> 0x006F
mem[X,0x000000008001F38A] -> 0x0040
[4117] [M]: 0x000000008001F388 (0x0040006F) jal zero, 0x4
mem[X,0x000000008001F38C] -> 0xBC23
mem[X,0x000000008001F38E] -> 0x0820
[4118] [M]: 0x000000008001F38C (0x0820BC23) sd sp, 0x98(ra)
mem[0x0000000080045A70] <- 0x0000000000000003
mem[X,0x000000008001F390] -> 0x3537
mem[X,0x000000008001F392] -> 0x3333
[4119] [M]: 0x000000008001F390 (0x33333537) lui a0, 0x33333
x10 <- 0x0000000033333000
mem[X,0x000000008001F394] -> 0x0513
mem[X,0x000000008001F396] -> 0x3335
[4120] [M]: 0x000000008001F394 (0x33350513) addi a0, a0, 0x333
x10 <- 0x0000000033333333
mem[X,0x000000008001F398] -> 0x1513
mem[X,0x000000008001F39A] -> 0x00B5
[4121] [M]: 0x000000008001F398 (0x00B51513) slli a0, a0, 0xb
x10 <- 0x0000019999999800
mem[X,0x000000008001F39C] -> 0x0513
mem[X,0x000000008001F39E] -> 0x1995
[4122] [M]: 0x000000008001F39C (0x19950513) addi a0, a0, 0x199
x10 <- 0x0000019999999999
mem[X,0x000000008001F3A0] -> 0x1513
mem[X,0x000000008001F3A2] -> 0x00B5
[4123] [M]: 0x000000008001F3A0 (0x00B51513) slli a0, a0, 0xb
x10 <- 0x000CCCCCCCCCC800
mem[X,0x000000008001F3A4] -> 0x0513
mem[X,0x000000008001F3A6] -> 0x4CC5
[4124] [M]: 0x000000008001F3A4 (0x4CC50513) addi a0, a0, 0x4cc
x10 <- 0x000CCCCCCCCCCCCC
mem[X,0x000000008001F3A8] -> 0x1513
mem[X,0x000000008001F3AA] -> 0x00A5
[4125] [M]: 0x000000008001F3A8 (0x00A51513) slli a0, a0, 0xa
x10 <- 0x3333333333333000
mem[X,0x000000008001F3AC] -> 0x0513
mem[X,0x000000008001F3AE] -> 0x3335
[4126] [M]: 0x000000008001F3AC (0x33350513) addi a0, a0, 0x333
x10 <- 0x3333333333333333
mem[X,0x000000008001F3B0] -> 0x35B7
mem[X,0x000000008001F3B2] -> 0x3333
[4127] [M]: 0x000000008001F3B0 (0x333335B7) lui a1, 0x33333
x11 <- 0x0000000033333000
mem[X,0x000000008001F3B4] -> 0x8593
mem[X,0x000000008001F3B6] -> 0x3335
[4128] [M]: 0x000000008001F3B4 (0x33358593) addi a1, a1, 0x333
x11 <- 0x0000000033333333
mem[X,0x000000008001F3B8] -> 0x9593
mem[X,0x000000008001F3BA] -> 0x00B5
[4129] [M]: 0x000000008001F3B8 (0x00B59593) slli a1, a1, 0xb
x11 <- 0x0000019999999800
mem[X,0x000000008001F3BC] -> 0x8593
mem[X,0x000000008001F3BE] -> 0x1995
[4130] [M]: 0x000000008001F3BC (0x19958593) addi a1, a1, 0x199
x11 <- 0x0000019999999999
mem[X,0x000000008001F3C0] -> 0x9593
mem[X,0x000000008001F3C2] -> 0x00B5
[4131] [M]: 0x000000008001F3C0 (0x00B59593) slli a1, a1, 0xb
x11 <- 0x000CCCCCCCCCC800
mem[X,0x000000008001F3C4] -> 0x8593
mem[X,0x000000008001F3C6] -> 0x4CC5
[4132] [M]: 0x000000008001F3C4 (0x4CC58593) addi a1, a1, 0x4cc
x11 <- 0x000CCCCCCCCCCCCC
mem[X,0x000000008001F3C8] -> 0x9593
mem[X,0x000000008001F3CA] -> 0x00A5
[4133] [M]: 0x000000008001F3C8 (0x00A59593) slli a1, a1, 0xa
x11 <- 0x3333333333333000
mem[X,0x000000008001F3CC] -> 0x8593
mem[X,0x000000008001F3CE] -> 0x3345
[4134] [M]: 0x000000008001F3CC (0x33458593) addi a1, a1, 0x334
x11 <- 0x3333333333333334
mem[X,0x000000008001F3D0] -> 0x0113
mem[X,0x000000008001F3D2] -> 0x0000
[4135] [M]: 0x000000008001F3D0 (0x00000113) addi sp, zero, 0x0
x2 <- 0x0000000000000000
mem[X,0x000000008001F3D4] -> 0x006F
mem[X,0x000000008001F3D6] -> 0x0180
[4136] [M]: 0x000000008001F3D4 (0x0180006F) jal zero, 0x18
mem[X,0x000000008001F3EC] -> 0x16E3
mem[X,0x000000008001F3EE] -> 0xFEB5
[4137] [M]: 0x000000008001F3EC (0xFEB516E3) bne a0, a1, -0x14
mem[X,0x000000008001F3D8] -> 0x0113
mem[X,0x000000008001F3DA] -> 0x0011
[4138] [M]: 0x000000008001F3D8 (0x00110113) addi sp, sp, 0x1
x2 <- 0x0000000000000001
mem[X,0x000000008001F3DC] -> 0x006F
mem[X,0x000000008001F3DE] -> 0x0240
[4139] [M]: 0x000000008001F3DC (0x0240006F) jal zero, 0x24
mem[X,0x000000008001F400] -> 0xB023
mem[X,0x000000008001F402] -> 0x0A20
[4140] [M]: 0x000000008001F400 (0x0A20B023) sd sp, 0xa0(ra)
mem[0x0000000080045A78] <- 0x0000000000000001
mem[X,0x000000008001F404] -> 0x3537
mem[X,0x000000008001F406] -> 0x3333
[4141] [M]: 0x000000008001F404 (0x33333537) lui a0, 0x33333
x10 <- 0x0000000033333000
mem[X,0x000000008001F408] -> 0x0513
mem[X,0x000000008001F40A] -> 0x3335
[4142] [M]: 0x000000008001F408 (0x33350513) addi a0, a0, 0x333
x10 <- 0x0000000033333333
mem[X,0x000000008001F40C] -> 0x1513
mem[X,0x000000008001F40E] -> 0x00B5
[4143] [M]: 0x000000008001F40C (0x00B51513) slli a0, a0, 0xb
x10 <- 0x0000019999999800
mem[X,0x000000008001F410] -> 0x0513
mem[X,0x000000008001F412] -> 0x1995
[4144] [M]: 0x000000008001F410 (0x19950513) addi a0, a0, 0x199
x10 <- 0x0000019999999999
mem[X,0x000000008001F414] -> 0x1513
mem[X,0x000000008001F416] -> 0x00B5
[4145] [M]: 0x000000008001F414 (0x00B51513) slli a0, a0, 0xb
x10 <- 0x000CCCCCCCCCC800
mem[X,0x000000008001F418] -> 0x0513
mem[X,0x000000008001F41A] -> 0x4CC5
[4146] [M]: 0x000000008001F418 (0x4CC50513) addi a0, a0, 0x4cc
x10 <- 0x000CCCCCCCCCCCCC
mem[X,0x000000008001F41C] -> 0x1513
mem[X,0x000000008001F41E] -> 0x00A5
[4147] [M]: 0x000000008001F41C (0x00A51513) slli a0, a0, 0xa
x10 <- 0x3333333333333000
mem[X,0x000000008001F420] -> 0x0513
mem[X,0x000000008001F422] -> 0x3335
[4148] [M]: 0x000000008001F420 (0x33350513) addi a0, a0, 0x333
x10 <- 0x3333333333333333
mem[X,0x000000008001F424] -> 0x65B7
mem[X,0x000000008001F426] -> 0x6666
[4149] [M]: 0x000000008001F424 (0x666665B7) lui a1, 0x66666
x11 <- 0x0000000066666000
mem[X,0x000000008001F428] -> 0x8593
mem[X,0x000000008001F42A] -> 0x6665
[4150] [M]: 0x000000008001F428 (0x66658593) addi a1, a1, 0x666
x11 <- 0x0000000066666666
mem[X,0x000000008001F42C] -> 0x9593
mem[X,0x000000008001F42E] -> 0x00B5
[4151] [M]: 0x000000008001F42C (0x00B59593) slli a1, a1, 0xb
x11 <- 0x0000033333333000
mem[X,0x000000008001F430] -> 0x8593
mem[X,0x000000008001F432] -> 0x3335
[4152] [M]: 0x000000008001F430 (0x33358593) addi a1, a1, 0x333
x11 <- 0x0000033333333333
mem[X,0x000000008001F434] -> 0x9593
mem[X,0x000000008001F436] -> 0x00B5
[4153] [M]: 0x000000008001F434 (0x00B59593) slli a1, a1, 0xb
x11 <- 0x0019999999999800
mem[X,0x000000008001F438] -> 0x8593
mem[X,0x000000008001F43A] -> 0x1995
[4154] [M]: 0x000000008001F438 (0x19958593) addi a1, a1, 0x199
x11 <- 0x0019999999999999
mem[X,0x000000008001F43C] -> 0x9593
mem[X,0x000000008001F43E] -> 0x00A5
[4155] [M]: 0x000000008001F43C (0x00A59593) slli a1, a1, 0xa
x11 <- 0x6666666666666400
mem[X,0x000000008001F440] -> 0x8593
mem[X,0x000000008001F442] -> 0x2675
[4156] [M]: 0x000000008001F440 (0x26758593) addi a1, a1, 0x267
x11 <- 0x6666666666666667
mem[X,0x000000008001F444] -> 0x0113
mem[X,0x000000008001F446] -> 0x0000
[4157] [M]: 0x000000008001F444 (0x00000113) addi sp, zero, 0x0
x2 <- 0x0000000000000000
mem[X,0x000000008001F448] -> 0x006F
mem[X,0x000000008001F44A] -> 0x00C0
[4158] [M]: 0x000000008001F448 (0x00C0006F) jal zero, 0xc
mem[X,0x000000008001F454] -> 0x1863
mem[X,0x000000008001F456] -> 0x00B5
[4159] [M]: 0x000000008001F454 (0x00B51863) bne a0, a1, 0x10
mem[X,0x000000008001F464] -> 0x0113
mem[X,0x000000008001F466] -> 0x0031
[4160] [M]: 0x000000008001F464 (0x00310113) addi sp, sp, 0x3
x2 <- 0x0000000000000003
mem[X,0x000000008001F468] -> 0x006F
mem[X,0x000000008001F46A] -> 0x0040
[4161] [M]: 0x000000008001F468 (0x0040006F) jal zero, 0x4
mem[X,0x000000008001F46C] -> 0xB423
mem[X,0x000000008001F46E] -> 0x0A20
[4162] [M]: 0x000000008001F46C (0x0A20B423) sd sp, 0xa8(ra)
mem[0x0000000080045A80] <- 0x0000000000000003
mem[X,0x000000008001F470] -> 0x3537
mem[X,0x000000008001F472] -> 0x3333
[4163] [M]: 0x000000008001F470 (0x33333537) lui a0, 0x33333
x10 <- 0x0000000033333000
mem[X,0x000000008001F474] -> 0x0513
mem[X,0x000000008001F476] -> 0x3335
[4164] [M]: 0x000000008001F474 (0x33350513) addi a0, a0, 0x333
x10 <- 0x0000000033333333
mem[X,0x000000008001F478] -> 0x1513
mem[X,0x000000008001F47A] -> 0x00B5
[4165] [M]: 0x000000008001F478 (0x00B51513) slli a0, a0, 0xb
x10 <- 0x0000019999999800
mem[X,0x000000008001F47C] -> 0x0513
mem[X,0x000000008001F47E] -> 0x1995
[4166] [M]: 0x000000008001F47C (0x19950513) addi a0, a0, 0x199
x10 <- 0x0000019999999999
mem[X,0x000000008001F480] -> 0x1513
mem[X,0x000000008001F482] -> 0x00B5
[4167] [M]: 0x000000008001F480 (0x00B51513) slli a0, a0, 0xb
x10 <- 0x000CCCCCCCCCC800
mem[X,0x000000008001F484] -> 0x0513
mem[X,0x000000008001F486] -> 0x4CC5
[4168] [M]: 0x000000008001F484 (0x4CC50513) addi a0, a0, 0x4cc
x10 <- 0x000CCCCCCCCCCCCC
mem[X,0x000000008001F488] -> 0x1513
mem[X,0x000000008001F48A] -> 0x00A5
[4169] [M]: 0x000000008001F488 (0x00A51513) slli a0, a0, 0xa
x10 <- 0x3333333333333000
mem[X,0x000000008001F48C] -> 0x0513
mem[X,0x000000008001F48E] -> 0x3335
[4170] [M]: 0x000000008001F48C (0x33350513) addi a0, a0, 0x333
x10 <- 0x3333333333333333
mem[X,0x000000008001F490] -> 0x05B7
mem[X,0x000000008001F492] -> 0x0000
[4171] [M]: 0x000000008001F490 (0x000005B7) lui a1, 0x0
x11 <- 0x0000000000000000
mem[X,0x000000008001F494] -> 0x8593
mem[X,0x000000008001F496] -> 0xFFF5
[4172] [M]: 0x000000008001F494 (0xFFF58593) addi a1, a1, -0x1
x11 <- 0xFFFFFFFFFFFFFFFF
mem[X,0x000000008001F498] -> 0x9593
mem[X,0x000000008001F49A] -> 0x00B5
[4173] [M]: 0x000000008001F498 (0x00B59593) slli a1, a1, 0xb
x11 <- 0xFFFFFFFFFFFFF800
mem[X,0x000000008001F49C] -> 0x8593
mem[X,0x000000008001F49E] -> 0x2575
[4174] [M]: 0x000000008001F49C (0x25758593) addi a1, a1, 0x257
x11 <- 0xFFFFFFFFFFFFFA57
mem[X,0x000000008001F4A0] -> 0x9593
mem[X,0x000000008001F4A2] -> 0x00B5
[4175] [M]: 0x000000008001F4A0 (0x00B59593) slli a1, a1, 0xb
x11 <- 0xFFFFFFFFFFD2B800
mem[X,0x000000008001F4A4] -> 0x8593
mem[X,0x000000008001F4A6] -> 0x6C35
[4176] [M]: 0x000000008001F4A4 (0x6C358593) addi a1, a1, 0x6c3
x11 <- 0xFFFFFFFFFFD2BEC3
mem[X,0x000000008001F4A8] -> 0x9593
mem[X,0x000000008001F4AA] -> 0x00A5
[4177] [M]: 0x000000008001F4A8 (0x00A59593) slli a1, a1, 0xa
x11 <- 0xFFFFFFFF4AFB0C00
mem[X,0x000000008001F4AC] -> 0x8593
mem[X,0x000000008001F4AE] -> 0x0CE5
[4178] [M]: 0x000000008001F4AC (0x0CE58593) addi a1, a1, 0xce
x11 <- 0xFFFFFFFF4AFB0CCE
mem[X,0x000000008001F4B0] -> 0x0113
mem[X,0x000000008001F4B2] -> 0x0000
[4179] [M]: 0x000000008001F4B0 (0x00000113) addi sp, zero, 0x0
x2 <- 0x0000000000000000
mem[X,0x000000008001F4B4] -> 0x006F
mem[X,0x000000008001F4B6] -> 0x00C0
[4180] [M]: 0x000000008001F4B4 (0x00C0006F) jal zero, 0xc
mem[X,0x000000008001F4C0] -> 0x1863
mem[X,0x000000008001F4C2] -> 0x00B5
[4181] [M]: 0x000000008001F4C0 (0x00B51863) bne a0, a1, 0x10
mem[X,0x000000008001F4D0] -> 0x0113
mem[X,0x000000008001F4D2] -> 0x0031
[4182] [M]: 0x000000008001F4D0 (0x00310113) addi sp, sp, 0x3
x2 <- 0x0000000000000003
mem[X,0x000000008001F4D4] -> 0x006F
mem[X,0x000000008001F4D6] -> 0x0040
[4183] [M]: 0x000000008001F4D4 (0x0040006F) jal zero, 0x4
mem[X,0x000000008001F4D8] -> 0xB823
mem[X,0x000000008001F4DA] -> 0x0A20
[4184] [M]: 0x000000008001F4D8 (0x0A20B823) sd sp, 0xb0(ra)
mem[0x0000000080045A88] <- 0x0000000000000003
mem[X,0x000000008001F4DC] -> 0x3537
mem[X,0x000000008001F4DE] -> 0x3333
[4185] [M]: 0x000000008001F4DC (0x33333537) lui a0, 0x33333
x10 <- 0x0000000033333000
mem[X,0x000000008001F4E0] -> 0x0513
mem[X,0x000000008001F4E2] -> 0x3335
[4186] [M]: 0x000000008001F4E0 (0x33350513) addi a0, a0, 0x333
x10 <- 0x0000000033333333
mem[X,0x000000008001F4E4] -> 0x1513
mem[X,0x000000008001F4E6] -> 0x00B5
[4187] [M]: 0x000000008001F4E4 (0x00B51513) slli a0, a0, 0xb
x10 <- 0x0000019999999800
mem[X,0x000000008001F4E8] -> 0x0513
mem[X,0x000000008001F4EA] -> 0x1995
[4188] [M]: 0x000000008001F4E8 (0x19950513) addi a0, a0, 0x199
x10 <- 0x0000019999999999
mem[X,0x000000008001F4EC] -> 0x1513
mem[X,0x000000008001F4EE] -> 0x00B5
[4189] [M]: 0x000000008001F4EC (0x00B51513) slli a0, a0, 0xb
x10 <- 0x000CCCCCCCCCC800
mem[X,0x000000008001F4F0] -> 0x0513
mem[X,0x000000008001F4F2] -> 0x4CC5
[4190] [M]: 0x000000008001F4F0 (0x4CC50513) addi a0, a0, 0x4cc
x10 <- 0x000CCCCCCCCCCCCC
mem[X,0x000000008001F4F4] -> 0x1513
mem[X,0x000000008001F4F6] -> 0x00A5
[4191] [M]: 0x000000008001F4F4 (0x00A51513) slli a0, a0, 0xa
x10 <- 0x3333333333333000
mem[X,0x000000008001F4F8] -> 0x0513
mem[X,0x000000008001F4FA] -> 0x3335
[4192] [M]: 0x000000008001F4F8 (0x33350513) addi a0, a0, 0x333
x10 <- 0x3333333333333333
mem[X,0x000000008001F4FC] -> 0x05B7
mem[X,0x000000008001F4FE] -> 0x0000
[4193] [M]: 0x000000008001F4FC (0x000005B7) lui a1, 0x0
x11 <- 0x0000000000000000
mem[X,0x000000008001F500] -> 0x8593
mem[X,0x000000008001F502] -> 0x0005
[4194] [M]: 0x000000008001F500 (0x00058593) addi a1, a1, 0x0
x11 <- 0x0000000000000000
mem[X,0x000000008001F504] -> 0x9593
mem[X,0x000000008001F506] -> 0x00B5
[4195] [M]: 0x000000008001F504 (0x00B59593) slli a1, a1, 0xb
x11 <- 0x0000000000000000
mem[X,0x000000008001F508] -> 0x8593
mem[X,0x000000008001F50A] -> 0x5A85
[4196] [M]: 0x000000008001F508 (0x5A858593) addi a1, a1, 0x5a8
x11 <- 0x00000000000005A8
mem[X,0x000000008001F50C] -> 0x9593
mem[X,0x000000008001F50E] -> 0x00B5
[4197] [M]: 0x000000008001F50C (0x00B59593) slli a1, a1, 0xb
x11 <- 0x00000000002D4000
mem[X,0x000000008001F510] -> 0x8593
mem[X,0x000000008001F512] -> 0x13C5
[4198] [M]: 0x000000008001F510 (0x13C58593) addi a1, a1, 0x13c
x11 <- 0x00000000002D413C
mem[X,0x000000008001F514] -> 0x9593
mem[X,0x000000008001F516] -> 0x00A5
[4199] [M]: 0x000000008001F514 (0x00A59593) slli a1, a1, 0xa
x11 <- 0x00000000B504F000
clint::tick mtime <- 0x000000000000002A
 clint timer pending at mtime 0x000000000000002A
htif::tick 0x0000000000000000
mem[X,0x000000008001F518] -> 0x8593
mem[X,0x000000008001F51A] -> 0x3345
[4200] [M]: 0x000000008001F518 (0x33458593) addi a1, a1, 0x334
x11 <- 0x00000000B504F334
mem[X,0x000000008001F51C] -> 0x0113
mem[X,0x000000008001F51E] -> 0x0000
[4201] [M]: 0x000000008001F51C (0x00000113) addi sp, zero, 0x0
x2 <- 0x0000000000000000
mem[X,0x000000008001F520] -> 0x006F
mem[X,0x000000008001F522] -> 0x00C0
[4202] [M]: 0x000000008001F520 (0x00C0006F) jal zero, 0xc
mem[X,0x000000008001F52C] -> 0x1663
mem[X,0x000000008001F52E] -> 0x00B5
[4203] [M]: 0x000000008001F52C (0x00B51663) bne a0, a1, 0xc
mem[X,0x000000008001F538] -> 0x0113
mem[X,0x000000008001F53A] -> 0x0031
[4204] [M]: 0x000000008001F538 (0x00310113) addi sp, sp, 0x3
x2 <- 0x0000000000000003
mem[X,0x000000008001F53C] -> 0x006F
mem[X,0x000000008001F53E] -> 0x0040
[4205] [M]: 0x000000008001F53C (0x0040006F) jal zero, 0x4
mem[X,0x000000008001F540] -> 0xBC23
mem[X,0x000000008001F542] -> 0x0A20
[4206] [M]: 0x000000008001F540 (0x0A20BC23) sd sp, 0xb8(ra)
mem[0x0000000080045A90] <- 0x0000000000000003
mem[X,0x000000008001F544] -> 0x6537
mem[X,0x000000008001F546] -> 0x6666
[4207] [M]: 0x000000008001F544 (0x66666537) lui a0, 0x66666
x10 <- 0x0000000066666000
mem[X,0x000000008001F548] -> 0x0513
mem[X,0x000000008001F54A] -> 0x6665
[4208] [M]: 0x000000008001F548 (0x66650513) addi a0, a0, 0x666
x10 <- 0x0000000066666666
mem[X,0x000000008001F54C] -> 0x1513
mem[X,0x000000008001F54E] -> 0x00B5
[4209] [M]: 0x000000008001F54C (0x00B51513) slli a0, a0, 0xb
x10 <- 0x0000033333333000
mem[X,0x000000008001F550] -> 0x0513
mem[X,0x000000008001F552] -> 0x3335
[4210] [M]: 0x000000008001F550 (0x33350513) addi a0, a0, 0x333
x10 <- 0x0000033333333333
mem[X,0x000000008001F554] -> 0x1513
mem[X,0x000000008001F556] -> 0x00B5
[4211] [M]: 0x000000008001F554 (0x00B51513) slli a0, a0, 0xb
x10 <- 0x0019999999999800
mem[X,0x000000008001F558] -> 0x0513
mem[X,0x000000008001F55A] -> 0x1995
[4212] [M]: 0x000000008001F558 (0x19950513) addi a0, a0, 0x199
x10 <- 0x0019999999999999
mem[X,0x000000008001F55C] -> 0x1513
mem[X,0x000000008001F55E] -> 0x00A5
[4213] [M]: 0x000000008001F55C (0x00A51513) slli a0, a0, 0xa
x10 <- 0x6666666666666400
mem[X,0x000000008001F560] -> 0x0513
mem[X,0x000000008001F562] -> 0x2665
[4214] [M]: 0x000000008001F560 (0x26650513) addi a0, a0, 0x266
x10 <- 0x6666666666666666
mem[X,0x000000008001F564] -> 0x0593
mem[X,0x000000008001F566] -> 0x0030
[4215] [M]: 0x000000008001F564 (0x00300593) addi a1, zero, 0x3
x11 <- 0x0000000000000003
mem[X,0x000000008001F568] -> 0x0113
mem[X,0x000000008001F56A] -> 0x0000
[4216] [M]: 0x000000008001F568 (0x00000113) addi sp, zero, 0x0
x2 <- 0x0000000000000000
mem[X,0x000000008001F56C] -> 0x006F
mem[X,0x000000008001F56E] -> 0x0180
[4217] [M]: 0x000000008001F56C (0x0180006F) jal zero, 0x18
mem[X,0x000000008001F584] -> 0x16E3
mem[X,0x000000008001F586] -> 0xFEB5
[4218] [M]: 0x000000008001F584 (0xFEB516E3) bne a0, a1, -0x14
mem[X,0x000000008001F570] -> 0x0113
mem[X,0x000000008001F572] -> 0x0011
[4219] [M]: 0x000000008001F570 (0x00110113) addi sp, sp, 0x1
x2 <- 0x0000000000000001
mem[X,0x000000008001F574] -> 0x006F
mem[X,0x000000008001F576] -> 0x0240
[4220] [M]: 0x000000008001F574 (0x0240006F) jal zero, 0x24
mem[X,0x000000008001F598] -> 0xB023
mem[X,0x000000008001F59A] -> 0x0C20
[4221] [M]: 0x000000008001F598 (0x0C20B023) sd sp, 0xc0(ra)
mem[0x0000000080045A98] <- 0x0000000000000001
mem[X,0x000000008001F59C] -> 0x6537
mem[X,0x000000008001F59E] -> 0x6666
[4222] [M]: 0x000000008001F59C (0x66666537) lui a0, 0x66666
x10 <- 0x0000000066666000
mem[X,0x000000008001F5A0] -> 0x0513
mem[X,0x000000008001F5A2] -> 0x6665
[4223] [M]: 0x000000008001F5A0 (0x66650513) addi a0, a0, 0x666
x10 <- 0x0000000066666666
mem[X,0x000000008001F5A4] -> 0x1513
mem[X,0x000000008001F5A6] -> 0x00B5
[4224] [M]: 0x000000008001F5A4 (0x00B51513) slli a0, a0, 0xb
x10 <- 0x0000033333333000
mem[X,0x000000008001F5A8] -> 0x0513
mem[X,0x000000008001F5AA] -> 0x3335
[4225] [M]: 0x000000008001F5A8 (0x33350513) addi a0, a0, 0x333
x10 <- 0x0000033333333333
mem[X,0x000000008001F5AC] -> 0x1513
mem[X,0x000000008001F5AE] -> 0x00B5
[4226] [M]: 0x000000008001F5AC (0x00B51513) slli a0, a0, 0xb
x10 <- 0x0019999999999800
mem[X,0x000000008001F5B0] -> 0x0513
mem[X,0x000000008001F5B2] -> 0x1995
[4227] [M]: 0x000000008001F5B0 (0x19950513) addi a0, a0, 0x199
x10 <- 0x0019999999999999
mem[X,0x000000008001F5B4] -> 0x1513
mem[X,0x000000008001F5B6] -> 0x00A5
[4228] [M]: 0x000000008001F5B4 (0x00A51513) slli a0, a0, 0xa
x10 <- 0x6666666666666400
mem[X,0x000000008001F5B8] -> 0x0513
mem[X,0x000000008001F5BA] -> 0x2665
[4229] [M]: 0x000000008001F5B8 (0x26650513) addi a0, a0, 0x266
x10 <- 0x6666666666666666
mem[X,0x000000008001F5BC] -> 0x55B7
mem[X,0x000000008001F5BE] -> 0x5555
[4230] [M]: 0x000000008001F5BC (0x555555B7) lui a1, 0x55555
x11 <- 0x0000000055555000
mem[X,0x000000008001F5C0] -> 0x8593
mem[X,0x000000008001F5C2] -> 0x5555
[4231] [M]: 0x000000008001F5C0 (0x55558593) addi a1, a1, 0x555
x11 <- 0x0000000055555555
mem[X,0x000000008001F5C4] -> 0x9593
mem[X,0x000000008001F5C6] -> 0x00B5
[4232] [M]: 0x000000008001F5C4 (0x00B59593) slli a1, a1, 0xb
x11 <- 0x000002AAAAAAA800
mem[X,0x000000008001F5C8] -> 0x8593
mem[X,0x000000008001F5CA] -> 0x2AA5
[4233] [M]: 0x000000008001F5C8 (0x2AA58593) addi a1, a1, 0x2aa
x11 <- 0x000002AAAAAAAAAA
mem[X,0x000000008001F5CC] -> 0x9593
mem[X,0x000000008001F5CE] -> 0x00B5
[4234] [M]: 0x000000008001F5CC (0x00B59593) slli a1, a1, 0xb
x11 <- 0x0015555555555000
mem[X,0x000000008001F5D0] -> 0x8593
mem[X,0x000000008001F5D2] -> 0x5555
[4235] [M]: 0x000000008001F5D0 (0x55558593) addi a1, a1, 0x555
x11 <- 0x0015555555555555
mem[X,0x000000008001F5D4] -> 0x9593
mem[X,0x000000008001F5D6] -> 0x00A5
[4236] [M]: 0x000000008001F5D4 (0x00A59593) slli a1, a1, 0xa
x11 <- 0x5555555555555400
mem[X,0x000000008001F5D8] -> 0x8593
mem[X,0x000000008001F5DA] -> 0x1555
[4237] [M]: 0x000000008001F5D8 (0x15558593) addi a1, a1, 0x155
x11 <- 0x5555555555555555
mem[X,0x000000008001F5DC] -> 0x0113
mem[X,0x000000008001F5DE] -> 0x0000
[4238] [M]: 0x000000008001F5DC (0x00000113) addi sp, zero, 0x0
x2 <- 0x0000000000000000
mem[X,0x000000008001F5E0] -> 0x006F
mem[X,0x000000008001F5E2] -> 0x00C0
[4239] [M]: 0x000000008001F5E0 (0x00C0006F) jal zero, 0xc
mem[X,0x000000008001F5EC] -> 0x1663
mem[X,0x000000008001F5EE] -> 0x00B5
[4240] [M]: 0x000000008001F5EC (0x00B51663) bne a0, a1, 0xc
mem[X,0x000000008001F5F8] -> 0x0113
mem[X,0x000000008001F5FA] -> 0x0031
[4241] [M]: 0x000000008001F5F8 (0x00310113) addi sp, sp, 0x3
x2 <- 0x0000000000000003
mem[X,0x000000008001F5FC] -> 0x006F
mem[X,0x000000008001F5FE] -> 0x0040
[4242] [M]: 0x000000008001F5FC (0x0040006F) jal zero, 0x4
mem[X,0x000000008001F600] -> 0xB423
mem[X,0x000000008001F602] -> 0x0C20
[4243] [M]: 0x000000008001F600 (0x0C20B423) sd sp, 0xc8(ra)
mem[0x0000000080045AA0] <- 0x0000000000000003
mem[X,0x000000008001F604] -> 0x6537
mem[X,0x000000008001F606] -> 0x6666
[4244] [M]: 0x000000008001F604 (0x66666537) lui a0, 0x66666
x10 <- 0x0000000066666000
mem[X,0x000000008001F608] -> 0x0513
mem[X,0x000000008001F60A] -> 0x6665
[4245] [M]: 0x000000008001F608 (0x66650513) addi a0, a0, 0x666
x10 <- 0x0000000066666666
mem[X,0x000000008001F60C] -> 0x1513
mem[X,0x000000008001F60E] -> 0x00B5
[4246] [M]: 0x000000008001F60C (0x00B51513) slli a0, a0, 0xb
x10 <- 0x0000033333333000
mem[X,0x000000008001F610] -> 0x0513
mem[X,0x000000008001F612] -> 0x3335
[4247] [M]: 0x000000008001F610 (0x33350513) addi a0, a0, 0x333
x10 <- 0x0000033333333333
mem[X,0x000000008001F614] -> 0x1513
mem[X,0x000000008001F616] -> 0x00B5
[4248] [M]: 0x000000008001F614 (0x00B51513) slli a0, a0, 0xb
x10 <- 0x0019999999999800
mem[X,0x000000008001F618] -> 0x0513
mem[X,0x000000008001F61A] -> 0x1995
[4249] [M]: 0x000000008001F618 (0x19950513) addi a0, a0, 0x199
x10 <- 0x0019999999999999
mem[X,0x000000008001F61C] -> 0x1513
mem[X,0x000000008001F61E] -> 0x00A5
[4250] [M]: 0x000000008001F61C (0x00A51513) slli a0, a0, 0xa
x10 <- 0x6666666666666400
mem[X,0x000000008001F620] -> 0x0513
mem[X,0x000000008001F622] -> 0x2665
[4251] [M]: 0x000000008001F620 (0x26650513) addi a0, a0, 0x266
x10 <- 0x6666666666666666
mem[X,0x000000008001F624] -> 0xB5B7
mem[X,0x000000008001F626] -> 0xAAAA
[4252] [M]: 0x000000008001F624 (0xAAAAB5B7) lui a1, -0x55555
x11 <- 0xFFFFFFFFAAAAB000
mem[X,0x000000008001F628] -> 0x8593
mem[X,0x000000008001F62A] -> 0xAAA5
[4253] [M]: 0x000000008001F628 (0xAAA58593) addi a1, a1, -0x556
x11 <- 0xFFFFFFFFAAAAAAAA
mem[X,0x000000008001F62C] -> 0x9593
mem[X,0x000000008001F62E] -> 0x00B5
[4254] [M]: 0x000000008001F62C (0x00B59593) slli a1, a1, 0xb
x11 <- 0xFFFFFD5555555000
mem[X,0x000000008001F630] -> 0x8593
mem[X,0x000000008001F632] -> 0x5555
[4255] [M]: 0x000000008001F630 (0x55558593) addi a1, a1, 0x555
x11 <- 0xFFFFFD5555555555
mem[X,0x000000008001F634] -> 0x9593
mem[X,0x000000008001F636] -> 0x00B5
[4256] [M]: 0x000000008001F634 (0x00B59593) slli a1, a1, 0xb
x11 <- 0xFFEAAAAAAAAAA800
mem[X,0x000000008001F638] -> 0x8593
mem[X,0x000000008001F63A] -> 0x2AA5
[4257] [M]: 0x000000008001F638 (0x2AA58593) addi a1, a1, 0x2aa
x11 <- 0xFFEAAAAAAAAAAAAA
mem[X,0x000000008001F63C] -> 0x9593
mem[X,0x000000008001F63E] -> 0x00A5
[4258] [M]: 0x000000008001F63C (0x00A59593) slli a1, a1, 0xa
x11 <- 0xAAAAAAAAAAAAA800
mem[X,0x000000008001F640] -> 0x8593
mem[X,0x000000008001F642] -> 0x2AA5
[4259] [M]: 0x000000008001F640 (0x2AA58593) addi a1, a1, 0x2aa
x11 <- 0xAAAAAAAAAAAAAAAA
mem[X,0x000000008001F644] -> 0x0113
mem[X,0x000000008001F646] -> 0x0000
[4260] [M]: 0x000000008001F644 (0x00000113) addi sp, zero, 0x0
x2 <- 0x0000000000000000
mem[X,0x000000008001F648] -> 0x006F
mem[X,0x000000008001F64A] -> 0x00C0
[4261] [M]: 0x000000008001F648 (0x00C0006F) jal zero, 0xc
mem[X,0x000000008001F654] -> 0x1063
mem[X,0x000000008001F656] -> 0x08B5
[4262] [M]: 0x000000008001F654 (0x08B51063) bne a0, a1, 0x80
mem[X,0x000000008001F6D4] -> 0x0113
mem[X,0x000000008001F6D6] -> 0x0031
[4263] [M]: 0x000000008001F6D4 (0x00310113) addi sp, sp, 0x3
x2 <- 0x0000000000000003
mem[X,0x000000008001F6D8] -> 0x006F
mem[X,0x000000008001F6DA] -> 0x0040
[4264] [M]: 0x000000008001F6D8 (0x0040006F) jal zero, 0x4
mem[X,0x000000008001F6DC] -> 0xB823
mem[X,0x000000008001F6DE] -> 0x0C20
[4265] [M]: 0x000000008001F6DC (0x0C20B823) sd sp, 0xd0(ra)
mem[0x0000000080045AA8] <- 0x0000000000000003
mem[X,0x000000008001F6E0] -> 0x6537
mem[X,0x000000008001F6E2] -> 0x6666
[4266] [M]: 0x000000008001F6E0 (0x66666537) lui a0, 0x66666
x10 <- 0x0000000066666000
mem[X,0x000000008001F6E4] -> 0x0513
mem[X,0x000000008001F6E6] -> 0x6665
[4267] [M]: 0x000000008001F6E4 (0x66650513) addi a0, a0, 0x666
x10 <- 0x0000000066666666
mem[X,0x000000008001F6E8] -> 0x1513
mem[X,0x000000008001F6EA] -> 0x00B5
[4268] [M]: 0x000000008001F6E8 (0x00B51513) slli a0, a0, 0xb
x10 <- 0x0000033333333000
mem[X,0x000000008001F6EC] -> 0x0513
mem[X,0x000000008001F6EE] -> 0x3335
[4269] [M]: 0x000000008001F6EC (0x33350513) addi a0, a0, 0x333
x10 <- 0x0000033333333333
mem[X,0x000000008001F6F0] -> 0x1513
mem[X,0x000000008001F6F2] -> 0x00B5
[4270] [M]: 0x000000008001F6F0 (0x00B51513) slli a0, a0, 0xb
x10 <- 0x0019999999999800
mem[X,0x000000008001F6F4] -> 0x0513
mem[X,0x000000008001F6F6] -> 0x1995
[4271] [M]: 0x000000008001F6F4 (0x19950513) addi a0, a0, 0x199
x10 <- 0x0019999999999999
mem[X,0x000000008001F6F8] -> 0x1513
mem[X,0x000000008001F6FA] -> 0x00A5
[4272] [M]: 0x000000008001F6F8 (0x00A51513) slli a0, a0, 0xa
x10 <- 0x6666666666666400
mem[X,0x000000008001F6FC] -> 0x0513
mem[X,0x000000008001F6FE] -> 0x2665
[4273] [M]: 0x000000008001F6FC (0x26650513) addi a0, a0, 0x266
x10 <- 0x6666666666666666
mem[X,0x000000008001F700] -> 0x0593
mem[X,0x000000008001F702] -> 0x0050
[4274] [M]: 0x000000008001F700 (0x00500593) addi a1, zero, 0x5
x11 <- 0x0000000000000005
mem[X,0x000000008001F704] -> 0x0113
mem[X,0x000000008001F706] -> 0x0000
[4275] [M]: 0x000000008001F704 (0x00000113) addi sp, zero, 0x0
x2 <- 0x0000000000000000
mem[X,0x000000008001F708] -> 0x006F
mem[X,0x000000008001F70A] -> 0x00C0
[4276] [M]: 0x000000008001F708 (0x00C0006F) jal zero, 0xc
mem[X,0x000000008001F714] -> 0x1063
mem[X,0x000000008001F716] -> 0x08B5
[4277] [M]: 0x000000008001F714 (0x08B51063) bne a0, a1, 0x80
mem[X,0x000000008001F794] -> 0x0113
mem[X,0x000000008001F796] -> 0x0031
[4278] [M]: 0x000000008001F794 (0x00310113) addi sp, sp, 0x3
x2 <- 0x0000000000000003
mem[X,0x000000008001F798] -> 0x006F
mem[X,0x000000008001F79A] -> 0x0040
[4279] [M]: 0x000000008001F798 (0x0040006F) jal zero, 0x4
mem[X,0x000000008001F79C] -> 0xBC23
mem[X,0x000000008001F79E] -> 0x0C20
[4280] [M]: 0x000000008001F79C (0x0C20BC23) sd sp, 0xd8(ra)
mem[0x0000000080045AB0] <- 0x0000000000000003
mem[X,0x000000008001F7A0] -> 0x6537
mem[X,0x000000008001F7A2] -> 0x6666
[4281] [M]: 0x000000008001F7A0 (0x66666537) lui a0, 0x66666
x10 <- 0x0000000066666000
mem[X,0x000000008001F7A4] -> 0x0513
mem[X,0x000000008001F7A6] -> 0x6665
[4282] [M]: 0x000000008001F7A4 (0x66650513) addi a0, a0, 0x666
x10 <- 0x0000000066666666
mem[X,0x000000008001F7A8] -> 0x1513
mem[X,0x000000008001F7AA] -> 0x00B5
[4283] [M]: 0x000000008001F7A8 (0x00B51513) slli a0, a0, 0xb
x10 <- 0x0000033333333000
mem[X,0x000000008001F7AC] -> 0x0513
mem[X,0x000000008001F7AE] -> 0x3335
[4284] [M]: 0x000000008001F7AC (0x33350513) addi a0, a0, 0x333
x10 <- 0x0000033333333333
mem[X,0x000000008001F7B0] -> 0x1513
mem[X,0x000000008001F7B2] -> 0x00B5
[4285] [M]: 0x000000008001F7B0 (0x00B51513) slli a0, a0, 0xb
x10 <- 0x0019999999999800
mem[X,0x000000008001F7B4] -> 0x0513
mem[X,0x000000008001F7B6] -> 0x1995
[4286] [M]: 0x000000008001F7B4 (0x19950513) addi a0, a0, 0x199
x10 <- 0x0019999999999999
mem[X,0x000000008001F7B8] -> 0x1513
mem[X,0x000000008001F7BA] -> 0x00A5
[4287] [M]: 0x000000008001F7B8 (0x00A51513) slli a0, a0, 0xa
x10 <- 0x6666666666666400
mem[X,0x000000008001F7BC] -> 0x0513
mem[X,0x000000008001F7BE] -> 0x2665
[4288] [M]: 0x000000008001F7BC (0x26650513) addi a0, a0, 0x266
x10 <- 0x6666666666666666
mem[X,0x000000008001F7C0] -> 0x35B7
mem[X,0x000000008001F7C2] -> 0x3333
[4289] [M]: 0x000000008001F7C0 (0x333335B7) lui a1, 0x33333
x11 <- 0x0000000033333000
mem[X,0x000000008001F7C4] -> 0x8593
mem[X,0x000000008001F7C6] -> 0x3335
[4290] [M]: 0x000000008001F7C4 (0x33358593) addi a1, a1, 0x333
x11 <- 0x0000000033333333
mem[X,0x000000008001F7C8] -> 0x9593
mem[X,0x000000008001F7CA] -> 0x00B5
[4291] [M]: 0x000000008001F7C8 (0x00B59593) slli a1, a1, 0xb
x11 <- 0x0000019999999800
mem[X,0x000000008001F7CC] -> 0x8593
mem[X,0x000000008001F7CE] -> 0x1995
[4292] [M]: 0x000000008001F7CC (0x19958593) addi a1, a1, 0x199
x11 <- 0x0000019999999999
mem[X,0x000000008001F7D0] -> 0x9593
mem[X,0x000000008001F7D2] -> 0x00B5
[4293] [M]: 0x000000008001F7D0 (0x00B59593) slli a1, a1, 0xb
x11 <- 0x000CCCCCCCCCC800
mem[X,0x000000008001F7D4] -> 0x8593
mem[X,0x000000008001F7D6] -> 0x4CC5
[4294] [M]: 0x000000008001F7D4 (0x4CC58593) addi a1, a1, 0x4cc
x11 <- 0x000CCCCCCCCCCCCC
mem[X,0x000000008001F7D8] -> 0x9593
mem[X,0x000000008001F7DA] -> 0x00A5
[4295] [M]: 0x000000008001F7D8 (0x00A59593) slli a1, a1, 0xa
x11 <- 0x3333333333333000
mem[X,0x000000008001F7DC] -> 0x8593
mem[X,0x000000008001F7DE] -> 0x3335
[4296] [M]: 0x000000008001F7DC (0x33358593) addi a1, a1, 0x333
x11 <- 0x3333333333333333
mem[X,0x000000008001F7E0] -> 0x0113
mem[X,0x000000008001F7E2] -> 0x0000
[4297] [M]: 0x000000008001F7E0 (0x00000113) addi sp, zero, 0x0
x2 <- 0x0000000000000000
mem[X,0x000000008001F7E4] -> 0x006F
mem[X,0x000000008001F7E6] -> 0x0180
[4298] [M]: 0x000000008001F7E4 (0x0180006F) jal zero, 0x18
mem[X,0x000000008001F7FC] -> 0x16E3
mem[X,0x000000008001F7FE] -> 0xFEB5
[4299] [M]: 0x000000008001F7FC (0xFEB516E3) bne a0, a1, -0x14
clint::tick mtime <- 0x000000000000002B
 clint timer pending at mtime 0x000000000000002B
htif::tick 0x0000000000000000
mem[X,0x000000008001F7E8] -> 0x0113
mem[X,0x000000008001F7EA] -> 0x0011
[4300] [M]: 0x000000008001F7E8 (0x00110113) addi sp, sp, 0x1
x2 <- 0x0000000000000001
mem[X,0x000000008001F7EC] -> 0x006F
mem[X,0x000000008001F7EE] -> 0x0240
[4301] [M]: 0x000000008001F7EC (0x0240006F) jal zero, 0x24
mem[X,0x000000008001F810] -> 0xB023
mem[X,0x000000008001F812] -> 0x0E20
[4302] [M]: 0x000000008001F810 (0x0E20B023) sd sp, 0xe0(ra)
mem[0x0000000080045AB8] <- 0x0000000000000001
mem[X,0x000000008001F814] -> 0x6537
mem[X,0x000000008001F816] -> 0x6666
[4303] [M]: 0x000000008001F814 (0x66666537) lui a0, 0x66666
x10 <- 0x0000000066666000
mem[X,0x000000008001F818] -> 0x0513
mem[X,0x000000008001F81A] -> 0x6665
[4304] [M]: 0x000000008001F818 (0x66650513) addi a0, a0, 0x666
x10 <- 0x0000000066666666
mem[X,0x000000008001F81C] -> 0x1513
mem[X,0x000000008001F81E] -> 0x00B5
[4305] [M]: 0x000000008001F81C (0x00B51513) slli a0, a0, 0xb
x10 <- 0x0000033333333000
mem[X,0x000000008001F820] -> 0x0513
mem[X,0x000000008001F822] -> 0x3335
[4306] [M]: 0x000000008001F820 (0x33350513) addi a0, a0, 0x333
x10 <- 0x0000033333333333
mem[X,0x000000008001F824] -> 0x1513
mem[X,0x000000008001F826] -> 0x00B5
[4307] [M]: 0x000000008001F824 (0x00B51513) slli a0, a0, 0xb
x10 <- 0x0019999999999800
mem[X,0x000000008001F828] -> 0x0513
mem[X,0x000000008001F82A] -> 0x1995
[4308] [M]: 0x000000008001F828 (0x19950513) addi a0, a0, 0x199
x10 <- 0x0019999999999999
mem[X,0x000000008001F82C] -> 0x1513
mem[X,0x000000008001F82E] -> 0x00A5
[4309] [M]: 0x000000008001F82C (0x00A51513) slli a0, a0, 0xa
x10 <- 0x6666666666666400
mem[X,0x000000008001F830] -> 0x0513
mem[X,0x000000008001F832] -> 0x2665
[4310] [M]: 0x000000008001F830 (0x26650513) addi a0, a0, 0x266
x10 <- 0x6666666666666666
mem[X,0x000000008001F834] -> 0x65B7
mem[X,0x000000008001F836] -> 0x6666
[4311] [M]: 0x000000008001F834 (0x666665B7) lui a1, 0x66666
x11 <- 0x0000000066666000
mem[X,0x000000008001F838] -> 0x8593
mem[X,0x000000008001F83A] -> 0x6665
[4312] [M]: 0x000000008001F838 (0x66658593) addi a1, a1, 0x666
x11 <- 0x0000000066666666
mem[X,0x000000008001F83C] -> 0x9593
mem[X,0x000000008001F83E] -> 0x00B5
[4313] [M]: 0x000000008001F83C (0x00B59593) slli a1, a1, 0xb
x11 <- 0x0000033333333000
mem[X,0x000000008001F840] -> 0x8593
mem[X,0x000000008001F842] -> 0x3335
[4314] [M]: 0x000000008001F840 (0x33358593) addi a1, a1, 0x333
x11 <- 0x0000033333333333
mem[X,0x000000008001F844] -> 0x9593
mem[X,0x000000008001F846] -> 0x00B5
[4315] [M]: 0x000000008001F844 (0x00B59593) slli a1, a1, 0xb
x11 <- 0x0019999999999800
mem[X,0x000000008001F848] -> 0x8593
mem[X,0x000000008001F84A] -> 0x1995
[4316] [M]: 0x000000008001F848 (0x19958593) addi a1, a1, 0x199
x11 <- 0x0019999999999999
mem[X,0x000000008001F84C] -> 0x9593
mem[X,0x000000008001F84E] -> 0x00A5
[4317] [M]: 0x000000008001F84C (0x00A59593) slli a1, a1, 0xa
x11 <- 0x6666666666666400
mem[X,0x000000008001F850] -> 0x8593
mem[X,0x000000008001F852] -> 0x2665
[4318] [M]: 0x000000008001F850 (0x26658593) addi a1, a1, 0x266
x11 <- 0x6666666666666666
mem[X,0x000000008001F854] -> 0x0113
mem[X,0x000000008001F856] -> 0x0000
[4319] [M]: 0x000000008001F854 (0x00000113) addi sp, zero, 0x0
x2 <- 0x0000000000000000
mem[X,0x000000008001F858] -> 0x006F
mem[X,0x000000008001F85A] -> 0x00C0
[4320] [M]: 0x000000008001F858 (0x00C0006F) jal zero, 0xc
mem[X,0x000000008001F864] -> 0x1CE3
mem[X,0x000000008001F866] -> 0xFEB5
[4321] [M]: 0x000000008001F864 (0xFEB51CE3) bne a0, a1, -0x8
mem[X,0x000000008001F868] -> 0x0113
mem[X,0x000000008001F86A] -> 0x0021
[4322] [M]: 0x000000008001F868 (0x00210113) addi sp, sp, 0x2
x2 <- 0x0000000000000002
mem[X,0x000000008001F86C] -> 0x006F
mem[X,0x000000008001F86E] -> 0x00C0
[4323] [M]: 0x000000008001F86C (0x00C0006F) jal zero, 0xc
mem[X,0x000000008001F878] -> 0xB423
mem[X,0x000000008001F87A] -> 0x0E20
[4324] [M]: 0x000000008001F878 (0x0E20B423) sd sp, 0xe8(ra)
mem[0x0000000080045AC0] <- 0x0000000000000002
mem[X,0x000000008001F87C] -> 0x6537
mem[X,0x000000008001F87E] -> 0x6666
[4325] [M]: 0x000000008001F87C (0x66666537) lui a0, 0x66666
x10 <- 0x0000000066666000
mem[X,0x000000008001F880] -> 0x0513
mem[X,0x000000008001F882] -> 0x6665
[4326] [M]: 0x000000008001F880 (0x66650513) addi a0, a0, 0x666
x10 <- 0x0000000066666666
mem[X,0x000000008001F884] -> 0x1513
mem[X,0x000000008001F886] -> 0x00B5
[4327] [M]: 0x000000008001F884 (0x00B51513) slli a0, a0, 0xb
x10 <- 0x0000033333333000
mem[X,0x000000008001F888] -> 0x0513
mem[X,0x000000008001F88A] -> 0x3335
[4328] [M]: 0x000000008001F888 (0x33350513) addi a0, a0, 0x333
x10 <- 0x0000033333333333
mem[X,0x000000008001F88C] -> 0x1513
mem[X,0x000000008001F88E] -> 0x00B5
[4329] [M]: 0x000000008001F88C (0x00B51513) slli a0, a0, 0xb
x10 <- 0x0019999999999800
mem[X,0x000000008001F890] -> 0x0513
mem[X,0x000000008001F892] -> 0x1995
[4330] [M]: 0x000000008001F890 (0x19950513) addi a0, a0, 0x199
x10 <- 0x0019999999999999
mem[X,0x000000008001F894] -> 0x1513
mem[X,0x000000008001F896] -> 0x00A5
[4331] [M]: 0x000000008001F894 (0x00A51513) slli a0, a0, 0xa
x10 <- 0x6666666666666400
mem[X,0x000000008001F898] -> 0x0513
mem[X,0x000000008001F89A] -> 0x2665
[4332] [M]: 0x000000008001F898 (0x26650513) addi a0, a0, 0x266
x10 <- 0x6666666666666666
mem[X,0x000000008001F89C] -> 0x05B7
mem[X,0x000000008001F89E] -> 0x0000
[4333] [M]: 0x000000008001F89C (0x000005B7) lui a1, 0x0
x11 <- 0x0000000000000000
mem[X,0x000000008001F8A0] -> 0x8593
mem[X,0x000000008001F8A2] -> 0xFFF5
[4334] [M]: 0x000000008001F8A0 (0xFFF58593) addi a1, a1, -0x1
x11 <- 0xFFFFFFFFFFFFFFFF
mem[X,0x000000008001F8A4] -> 0x9593
mem[X,0x000000008001F8A6] -> 0x00B5
[4335] [M]: 0x000000008001F8A4 (0x00B59593) slli a1, a1, 0xb
x11 <- 0xFFFFFFFFFFFFF800
mem[X,0x000000008001F8A8] -> 0x8593
mem[X,0x000000008001F8AA] -> 0x2575
[4336] [M]: 0x000000008001F8A8 (0x25758593) addi a1, a1, 0x257
x11 <- 0xFFFFFFFFFFFFFA57
mem[X,0x000000008001F8AC] -> 0x9593
mem[X,0x000000008001F8AE] -> 0x00B5
[4337] [M]: 0x000000008001F8AC (0x00B59593) slli a1, a1, 0xb
x11 <- 0xFFFFFFFFFFD2B800
mem[X,0x000000008001F8B0] -> 0x8593
mem[X,0x000000008001F8B2] -> 0x6C35
[4338] [M]: 0x000000008001F8B0 (0x6C358593) addi a1, a1, 0x6c3
x11 <- 0xFFFFFFFFFFD2BEC3
mem[X,0x000000008001F8B4] -> 0x9593
mem[X,0x000000008001F8B6] -> 0x00A5
[4339] [M]: 0x000000008001F8B4 (0x00A59593) slli a1, a1, 0xa
x11 <- 0xFFFFFFFF4AFB0C00
mem[X,0x000000008001F8B8] -> 0x8593
mem[X,0x000000008001F8BA] -> 0x0CD5
[4340] [M]: 0x000000008001F8B8 (0x0CD58593) addi a1, a1, 0xcd
x11 <- 0xFFFFFFFF4AFB0CCD
mem[X,0x000000008001F8BC] -> 0x0113
mem[X,0x000000008001F8BE] -> 0x0000
[4341] [M]: 0x000000008001F8BC (0x00000113) addi sp, zero, 0x0
x2 <- 0x0000000000000000
mem[X,0x000000008001F8C0] -> 0x006F
mem[X,0x000000008001F8C2] -> 0x0050
[4342] [M]: 0x000000008001F8C0 (0x0050006F) jal zero, 0x804
mem[X,0x00000000800200C4] -> 0x10E3
mem[X,0x00000000800200C6] -> 0x80B5
[4343] [M]: 0x00000000800200C4 (0x80B510E3) bne a0, a1, -0x800
mem[X,0x000000008001F8C4] -> 0x0113
mem[X,0x000000008001F8C6] -> 0x0011
[4344] [M]: 0x000000008001F8C4 (0x00110113) addi sp, sp, 0x1
x2 <- 0x0000000000000001
mem[X,0x000000008001F8C8] -> 0x006F
mem[X,0x000000008001F8CA] -> 0x0110
[4345] [M]: 0x000000008001F8C8 (0x0110006F) jal zero, 0x810
mem[X,0x00000000800200D8] -> 0xB823
mem[X,0x00000000800200DA] -> 0x0E20
[4346] [M]: 0x00000000800200D8 (0x0E20B823) sd sp, 0xf0(ra)
mem[0x0000000080045AC8] <- 0x0000000000000001
mem[X,0x00000000800200DC] -> 0x6537
mem[X,0x00000000800200DE] -> 0x6666
[4347] [M]: 0x00000000800200DC (0x66666537) lui a0, 0x66666
x10 <- 0x0000000066666000
mem[X,0x00000000800200E0] -> 0x0513
mem[X,0x00000000800200E2] -> 0x6665
[4348] [M]: 0x00000000800200E0 (0x66650513) addi a0, a0, 0x666
x10 <- 0x0000000066666666
mem[X,0x00000000800200E4] -> 0x1513
mem[X,0x00000000800200E6] -> 0x00B5
[4349] [M]: 0x00000000800200E4 (0x00B51513) slli a0, a0, 0xb
x10 <- 0x0000033333333000
mem[X,0x00000000800200E8] -> 0x0513
mem[X,0x00000000800200EA] -> 0x3335
[4350] [M]: 0x00000000800200E8 (0x33350513) addi a0, a0, 0x333
x10 <- 0x0000033333333333
mem[X,0x00000000800200EC] -> 0x1513
mem[X,0x00000000800200EE] -> 0x00B5
[4351] [M]: 0x00000000800200EC (0x00B51513) slli a0, a0, 0xb
x10 <- 0x0019999999999800
mem[X,0x00000000800200F0] -> 0x0513
mem[X,0x00000000800200F2] -> 0x1995
[4352] [M]: 0x00000000800200F0 (0x19950513) addi a0, a0, 0x199
x10 <- 0x0019999999999999
mem[X,0x00000000800200F4] -> 0x1513
mem[X,0x00000000800200F6] -> 0x00A5
[4353] [M]: 0x00000000800200F4 (0x00A51513) slli a0, a0, 0xa
x10 <- 0x6666666666666400
mem[X,0x00000000800200F8] -> 0x0513
mem[X,0x00000000800200FA] -> 0x2665
[4354] [M]: 0x00000000800200F8 (0x26650513) addi a0, a0, 0x266
x10 <- 0x6666666666666666
mem[X,0x00000000800200FC] -> 0x05B7
mem[X,0x00000000800200FE] -> 0x0000
[4355] [M]: 0x00000000800200FC (0x000005B7) lui a1, 0x0
x11 <- 0x0000000000000000
mem[X,0x0000000080020100] -> 0x8593
mem[X,0x0000000080020102] -> 0x0005
[4356] [M]: 0x0000000080020100 (0x00058593) addi a1, a1, 0x0
x11 <- 0x0000000000000000
mem[X,0x0000000080020104] -> 0x9593
mem[X,0x0000000080020106] -> 0x00B5
[4357] [M]: 0x0000000080020104 (0x00B59593) slli a1, a1, 0xb
x11 <- 0x0000000000000000
mem[X,0x0000000080020108] -> 0x8593
mem[X,0x000000008002010A] -> 0x5A85
[4358] [M]: 0x0000000080020108 (0x5A858593) addi a1, a1, 0x5a8
x11 <- 0x00000000000005A8
mem[X,0x000000008002010C] -> 0x9593
mem[X,0x000000008002010E] -> 0x00B5
[4359] [M]: 0x000000008002010C (0x00B59593) slli a1, a1, 0xb
x11 <- 0x00000000002D4000
mem[X,0x0000000080020110] -> 0x8593
mem[X,0x0000000080020112] -> 0x13C5
[4360] [M]: 0x0000000080020110 (0x13C58593) addi a1, a1, 0x13c
x11 <- 0x00000000002D413C
mem[X,0x0000000080020114] -> 0x9593
mem[X,0x0000000080020116] -> 0x00A5
[4361] [M]: 0x0000000080020114 (0x00A59593) slli a1, a1, 0xa
x11 <- 0x00000000B504F000
mem[X,0x0000000080020118] -> 0x8593
mem[X,0x000000008002011A] -> 0x3335
[4362] [M]: 0x0000000080020118 (0x33358593) addi a1, a1, 0x333
x11 <- 0x00000000B504F333
mem[X,0x000000008002011C] -> 0x0113
mem[X,0x000000008002011E] -> 0x0000
[4363] [M]: 0x000000008002011C (0x00000113) addi sp, zero, 0x0
x2 <- 0x0000000000000000
mem[X,0x0000000080020120] -> 0x006F
mem[X,0x0000000080020122] -> 0x0140
[4364] [M]: 0x0000000080020120 (0x0140006F) jal zero, 0x14
mem[X,0x0000000080020134] -> 0x18E3
mem[X,0x0000000080020136] -> 0xFEB5
[4365] [M]: 0x0000000080020134 (0xFEB518E3) bne a0, a1, -0x10
mem[X,0x0000000080020124] -> 0x0113
mem[X,0x0000000080020126] -> 0x0011
[4366] [M]: 0x0000000080020124 (0x00110113) addi sp, sp, 0x1
x2 <- 0x0000000000000001
mem[X,0x0000000080020128] -> 0x006F
mem[X,0x000000008002012A] -> 0x0200
[4367] [M]: 0x0000000080020128 (0x0200006F) jal zero, 0x20
mem[X,0x0000000080020148] -> 0xBC23
mem[X,0x000000008002014A] -> 0x0E20
[4368] [M]: 0x0000000080020148 (0x0E20BC23) sd sp, 0xf8(ra)
mem[0x0000000080045AD0] <- 0x0000000000000001
mem[X,0x000000008002014C] -> 0x6537
mem[X,0x000000008002014E] -> 0x6666
[4369] [M]: 0x000000008002014C (0x66666537) lui a0, 0x66666
x10 <- 0x0000000066666000
mem[X,0x0000000080020150] -> 0x0513
mem[X,0x0000000080020152] -> 0x6665
[4370] [M]: 0x0000000080020150 (0x66650513) addi a0, a0, 0x666
x10 <- 0x0000000066666666
mem[X,0x0000000080020154] -> 0x1513
mem[X,0x0000000080020156] -> 0x00B5
[4371] [M]: 0x0000000080020154 (0x00B51513) slli a0, a0, 0xb
x10 <- 0x0000033333333000
mem[X,0x0000000080020158] -> 0x0513
mem[X,0x000000008002015A] -> 0x3335
[4372] [M]: 0x0000000080020158 (0x33350513) addi a0, a0, 0x333
x10 <- 0x0000033333333333
mem[X,0x000000008002015C] -> 0x1513
mem[X,0x000000008002015E] -> 0x00B5
[4373] [M]: 0x000000008002015C (0x00B51513) slli a0, a0, 0xb
x10 <- 0x0019999999999800
mem[X,0x0000000080020160] -> 0x0513
mem[X,0x0000000080020162] -> 0x1995
[4374] [M]: 0x0000000080020160 (0x19950513) addi a0, a0, 0x199
x10 <- 0x0019999999999999
mem[X,0x0000000080020164] -> 0x1513
mem[X,0x0000000080020166] -> 0x00A5
[4375] [M]: 0x0000000080020164 (0x00A51513) slli a0, a0, 0xa
x10 <- 0x6666666666666400
mem[X,0x0000000080020168] -> 0x0513
mem[X,0x000000008002016A] -> 0x2665
[4376] [M]: 0x0000000080020168 (0x26650513) addi a0, a0, 0x266
x10 <- 0x6666666666666666
mem[X,0x000000008002016C] -> 0x0593
mem[X,0x000000008002016E] -> 0x0020
[4377] [M]: 0x000000008002016C (0x00200593) addi a1, zero, 0x2
x11 <- 0x0000000000000002
mem[X,0x0000000080020170] -> 0x0113
mem[X,0x0000000080020172] -> 0x0000
[4378] [M]: 0x0000000080020170 (0x00000113) addi sp, zero, 0x0
x2 <- 0x0000000000000000
mem[X,0x0000000080020174] -> 0x006F
mem[X,0x0000000080020176] -> 0x00C0
[4379] [M]: 0x0000000080020174 (0x00C0006F) jal zero, 0xc
mem[X,0x0000000080020180] -> 0x1CE3
mem[X,0x0000000080020182] -> 0xFEB5
[4380] [M]: 0x0000000080020180 (0xFEB51CE3) bne a0, a1, -0x8
mem[X,0x0000000080020178] -> 0x0113
mem[X,0x000000008002017A] -> 0x0011
[4381] [M]: 0x0000000080020178 (0x00110113) addi sp, sp, 0x1
x2 <- 0x0000000000000001
mem[X,0x000000008002017C] -> 0x006F
mem[X,0x000000008002017E] -> 0x0180
[4382] [M]: 0x000000008002017C (0x0180006F) jal zero, 0x18
mem[X,0x0000000080020194] -> 0xB023
mem[X,0x0000000080020196] -> 0x1020
[4383] [M]: 0x0000000080020194 (0x1020B023) sd sp, 0x100(ra)
mem[0x0000000080045AD8] <- 0x0000000000000001
mem[X,0x0000000080020198] -> 0x6537
mem[X,0x000000008002019A] -> 0x6666
[4384] [M]: 0x0000000080020198 (0x66666537) lui a0, 0x66666
x10 <- 0x0000000066666000
mem[X,0x000000008002019C] -> 0x0513
mem[X,0x000000008002019E] -> 0x6665
[4385] [M]: 0x000000008002019C (0x66650513) addi a0, a0, 0x666
x10 <- 0x0000000066666666
mem[X,0x00000000800201A0] -> 0x1513
mem[X,0x00000000800201A2] -> 0x00B5
[4386] [M]: 0x00000000800201A0 (0x00B51513) slli a0, a0, 0xb
x10 <- 0x0000033333333000
mem[X,0x00000000800201A4] -> 0x0513
mem[X,0x00000000800201A6] -> 0x3335
[4387] [M]: 0x00000000800201A4 (0x33350513) addi a0, a0, 0x333
x10 <- 0x0000033333333333
mem[X,0x00000000800201A8] -> 0x1513
mem[X,0x00000000800201AA] -> 0x00B5
[4388] [M]: 0x00000000800201A8 (0x00B51513) slli a0, a0, 0xb
x10 <- 0x0019999999999800
mem[X,0x00000000800201AC] -> 0x0513
mem[X,0x00000000800201AE] -> 0x1995
[4389] [M]: 0x00000000800201AC (0x19950513) addi a0, a0, 0x199
x10 <- 0x0019999999999999
mem[X,0x00000000800201B0] -> 0x1513
mem[X,0x00000000800201B2] -> 0x00A5
[4390] [M]: 0x00000000800201B0 (0x00A51513) slli a0, a0, 0xa
x10 <- 0x6666666666666400
mem[X,0x00000000800201B4] -> 0x0513
mem[X,0x00000000800201B6] -> 0x2665
[4391] [M]: 0x00000000800201B4 (0x26650513) addi a0, a0, 0x266
x10 <- 0x6666666666666666
mem[X,0x00000000800201B8] -> 0x55B7
mem[X,0x00000000800201BA] -> 0x5555
[4392] [M]: 0x00000000800201B8 (0x555555B7) lui a1, 0x55555
x11 <- 0x0000000055555000
mem[X,0x00000000800201BC] -> 0x8593
mem[X,0x00000000800201BE] -> 0x5555
[4393] [M]: 0x00000000800201BC (0x55558593) addi a1, a1, 0x555
x11 <- 0x0000000055555555
mem[X,0x00000000800201C0] -> 0x9593
mem[X,0x00000000800201C2] -> 0x00B5
[4394] [M]: 0x00000000800201C0 (0x00B59593) slli a1, a1, 0xb
x11 <- 0x000002AAAAAAA800
mem[X,0x00000000800201C4] -> 0x8593
mem[X,0x00000000800201C6] -> 0x2AA5
[4395] [M]: 0x00000000800201C4 (0x2AA58593) addi a1, a1, 0x2aa
x11 <- 0x000002AAAAAAAAAA
mem[X,0x00000000800201C8] -> 0x9593
mem[X,0x00000000800201CA] -> 0x00B5
[4396] [M]: 0x00000000800201C8 (0x00B59593) slli a1, a1, 0xb
x11 <- 0x0015555555555000
mem[X,0x00000000800201CC] -> 0x8593
mem[X,0x00000000800201CE] -> 0x5555
[4397] [M]: 0x00000000800201CC (0x55558593) addi a1, a1, 0x555
x11 <- 0x0015555555555555
mem[X,0x00000000800201D0] -> 0x9593
mem[X,0x00000000800201D2] -> 0x00A5
[4398] [M]: 0x00000000800201D0 (0x00A59593) slli a1, a1, 0xa
x11 <- 0x5555555555555400
mem[X,0x00000000800201D4] -> 0x8593
mem[X,0x00000000800201D6] -> 0x1545
[4399] [M]: 0x00000000800201D4 (0x15458593) addi a1, a1, 0x154
x11 <- 0x5555555555555554
clint::tick mtime <- 0x000000000000002C
 clint timer pending at mtime 0x000000000000002C
htif::tick 0x0000000000000000
mem[X,0x00000000800201D8] -> 0x0113
mem[X,0x00000000800201DA] -> 0x0000
[4400] [M]: 0x00000000800201D8 (0x00000113) addi sp, zero, 0x0
x2 <- 0x0000000000000000
mem[X,0x00000000800201DC] -> 0x006F
mem[X,0x00000000800201DE] -> 0x00C0
[4401] [M]: 0x00000000800201DC (0x00C0006F) jal zero, 0xc
mem[X,0x00000000800201E8] -> 0x1863
mem[X,0x00000000800201EA] -> 0x00B5
[4402] [M]: 0x00000000800201E8 (0x00B51863) bne a0, a1, 0x10
mem[X,0x00000000800201F8] -> 0x0113
mem[X,0x00000000800201FA] -> 0x0031
[4403] [M]: 0x00000000800201F8 (0x00310113) addi sp, sp, 0x3
x2 <- 0x0000000000000003
mem[X,0x00000000800201FC] -> 0x006F
mem[X,0x00000000800201FE] -> 0x0040
[4404] [M]: 0x00000000800201FC (0x0040006F) jal zero, 0x4
mem[X,0x0000000080020200] -> 0xB423
mem[X,0x0000000080020202] -> 0x1020
[4405] [M]: 0x0000000080020200 (0x1020B423) sd sp, 0x108(ra)
mem[0x0000000080045AE0] <- 0x0000000000000003
mem[X,0x0000000080020204] -> 0x6537
mem[X,0x0000000080020206] -> 0x6666
[4406] [M]: 0x0000000080020204 (0x66666537) lui a0, 0x66666
x10 <- 0x0000000066666000
mem[X,0x0000000080020208] -> 0x0513
mem[X,0x000000008002020A] -> 0x6665
[4407] [M]: 0x0000000080020208 (0x66650513) addi a0, a0, 0x666
x10 <- 0x0000000066666666
mem[X,0x000000008002020C] -> 0x1513
mem[X,0x000000008002020E] -> 0x00B5
[4408] [M]: 0x000000008002020C (0x00B51513) slli a0, a0, 0xb
x10 <- 0x0000033333333000
mem[X,0x0000000080020210] -> 0x0513
mem[X,0x0000000080020212] -> 0x3335
[4409] [M]: 0x0000000080020210 (0x33350513) addi a0, a0, 0x333
x10 <- 0x0000033333333333
mem[X,0x0000000080020214] -> 0x1513
mem[X,0x0000000080020216] -> 0x00B5
[4410] [M]: 0x0000000080020214 (0x00B51513) slli a0, a0, 0xb
x10 <- 0x0019999999999800
mem[X,0x0000000080020218] -> 0x0513
mem[X,0x000000008002021A] -> 0x1995
[4411] [M]: 0x0000000080020218 (0x19950513) addi a0, a0, 0x199
x10 <- 0x0019999999999999
mem[X,0x000000008002021C] -> 0x1513
mem[X,0x000000008002021E] -> 0x00A5
[4412] [M]: 0x000000008002021C (0x00A51513) slli a0, a0, 0xa
x10 <- 0x6666666666666400
mem[X,0x0000000080020220] -> 0x0513
mem[X,0x0000000080020222] -> 0x2665
[4413] [M]: 0x0000000080020220 (0x26650513) addi a0, a0, 0x266
x10 <- 0x6666666666666666
mem[X,0x0000000080020224] -> 0x0593
mem[X,0x0000000080020226] -> 0x0000
[4414] [M]: 0x0000000080020224 (0x00000593) addi a1, zero, 0x0
x11 <- 0x0000000000000000
mem[X,0x0000000080020228] -> 0x0113
mem[X,0x000000008002022A] -> 0x0000
[4415] [M]: 0x0000000080020228 (0x00000113) addi sp, zero, 0x0
x2 <- 0x0000000000000000
mem[X,0x000000008002022C] -> 0x006F
mem[X,0x000000008002022E] -> 0x0180
[4416] [M]: 0x000000008002022C (0x0180006F) jal zero, 0x18
mem[X,0x0000000080020244] -> 0x16E3
mem[X,0x0000000080020246] -> 0xFEB5
[4417] [M]: 0x0000000080020244 (0xFEB516E3) bne a0, a1, -0x14
mem[X,0x0000000080020230] -> 0x0113
mem[X,0x0000000080020232] -> 0x0011
[4418] [M]: 0x0000000080020230 (0x00110113) addi sp, sp, 0x1
x2 <- 0x0000000000000001
mem[X,0x0000000080020234] -> 0x006F
mem[X,0x0000000080020236] -> 0x0240
[4419] [M]: 0x0000000080020234 (0x0240006F) jal zero, 0x24
mem[X,0x0000000080020258] -> 0xB823
mem[X,0x000000008002025A] -> 0x1020
[4420] [M]: 0x0000000080020258 (0x1020B823) sd sp, 0x110(ra)
mem[0x0000000080045AE8] <- 0x0000000000000001
mem[X,0x000000008002025C] -> 0x6537
mem[X,0x000000008002025E] -> 0x6666
[4421] [M]: 0x000000008002025C (0x66666537) lui a0, 0x66666
x10 <- 0x0000000066666000
mem[X,0x0000000080020260] -> 0x0513
mem[X,0x0000000080020262] -> 0x6665
[4422] [M]: 0x0000000080020260 (0x66650513) addi a0, a0, 0x666
x10 <- 0x0000000066666666
mem[X,0x0000000080020264] -> 0x1513
mem[X,0x0000000080020266] -> 0x00B5
[4423] [M]: 0x0000000080020264 (0x00B51513) slli a0, a0, 0xb
x10 <- 0x0000033333333000
mem[X,0x0000000080020268] -> 0x0513
mem[X,0x000000008002026A] -> 0x3335
[4424] [M]: 0x0000000080020268 (0x33350513) addi a0, a0, 0x333
x10 <- 0x0000033333333333
mem[X,0x000000008002026C] -> 0x1513
mem[X,0x000000008002026E] -> 0x00B5
[4425] [M]: 0x000000008002026C (0x00B51513) slli a0, a0, 0xb
x10 <- 0x0019999999999800
mem[X,0x0000000080020270] -> 0x0513
mem[X,0x0000000080020272] -> 0x1995
[4426] [M]: 0x0000000080020270 (0x19950513) addi a0, a0, 0x199
x10 <- 0x0019999999999999
mem[X,0x0000000080020274] -> 0x1513
mem[X,0x0000000080020276] -> 0x00A5
[4427] [M]: 0x0000000080020274 (0x00A51513) slli a0, a0, 0xa
x10 <- 0x6666666666666400
mem[X,0x0000000080020278] -> 0x0513
mem[X,0x000000008002027A] -> 0x2665
[4428] [M]: 0x0000000080020278 (0x26650513) addi a0, a0, 0x266
x10 <- 0x6666666666666666
mem[X,0x000000008002027C] -> 0x0593
mem[X,0x000000008002027E] -> 0x0040
[4429] [M]: 0x000000008002027C (0x00400593) addi a1, zero, 0x4
x11 <- 0x0000000000000004
mem[X,0x0000000080020280] -> 0x0113
mem[X,0x0000000080020282] -> 0x0000
[4430] [M]: 0x0000000080020280 (0x00000113) addi sp, zero, 0x0
x2 <- 0x0000000000000000
mem[X,0x0000000080020284] -> 0x006F
mem[X,0x0000000080020286] -> 0x00C0
[4431] [M]: 0x0000000080020284 (0x00C0006F) jal zero, 0xc
mem[X,0x0000000080020290] -> 0x1863
mem[X,0x0000000080020292] -> 0x00B5
[4432] [M]: 0x0000000080020290 (0x00B51863) bne a0, a1, 0x10
mem[X,0x00000000800202A0] -> 0x0113
mem[X,0x00000000800202A2] -> 0x0031
[4433] [M]: 0x00000000800202A0 (0x00310113) addi sp, sp, 0x3
x2 <- 0x0000000000000003
mem[X,0x00000000800202A4] -> 0x006F
mem[X,0x00000000800202A6] -> 0x0040
[4434] [M]: 0x00000000800202A4 (0x0040006F) jal zero, 0x4
mem[X,0x00000000800202A8] -> 0xBC23
mem[X,0x00000000800202AA] -> 0x1020
[4435] [M]: 0x00000000800202A8 (0x1020BC23) sd sp, 0x118(ra)
mem[0x0000000080045AF0] <- 0x0000000000000003
mem[X,0x00000000800202AC] -> 0x6537
mem[X,0x00000000800202AE] -> 0x6666
[4436] [M]: 0x00000000800202AC (0x66666537) lui a0, 0x66666
x10 <- 0x0000000066666000
mem[X,0x00000000800202B0] -> 0x0513
mem[X,0x00000000800202B2] -> 0x6665
[4437] [M]: 0x00000000800202B0 (0x66650513) addi a0, a0, 0x666
x10 <- 0x0000000066666666
mem[X,0x00000000800202B4] -> 0x1513
mem[X,0x00000000800202B6] -> 0x00B5
[4438] [M]: 0x00000000800202B4 (0x00B51513) slli a0, a0, 0xb
x10 <- 0x0000033333333000
mem[X,0x00000000800202B8] -> 0x0513
mem[X,0x00000000800202BA] -> 0x3335
[4439] [M]: 0x00000000800202B8 (0x33350513) addi a0, a0, 0x333
x10 <- 0x0000033333333333
mem[X,0x00000000800202BC] -> 0x1513
mem[X,0x00000000800202BE] -> 0x00B5
[4440] [M]: 0x00000000800202BC (0x00B51513) slli a0, a0, 0xb
x10 <- 0x0019999999999800
mem[X,0x00000000800202C0] -> 0x0513
mem[X,0x00000000800202C2] -> 0x1995
[4441] [M]: 0x00000000800202C0 (0x19950513) addi a0, a0, 0x199
x10 <- 0x0019999999999999
mem[X,0x00000000800202C4] -> 0x1513
mem[X,0x00000000800202C6] -> 0x00A5
[4442] [M]: 0x00000000800202C4 (0x00A51513) slli a0, a0, 0xa
x10 <- 0x6666666666666400
mem[X,0x00000000800202C8] -> 0x0513
mem[X,0x00000000800202CA] -> 0x2665
[4443] [M]: 0x00000000800202C8 (0x26650513) addi a0, a0, 0x266
x10 <- 0x6666666666666666
mem[X,0x00000000800202CC] -> 0x35B7
mem[X,0x00000000800202CE] -> 0x3333
[4444] [M]: 0x00000000800202CC (0x333335B7) lui a1, 0x33333
x11 <- 0x0000000033333000
mem[X,0x00000000800202D0] -> 0x8593
mem[X,0x00000000800202D2] -> 0x3335
[4445] [M]: 0x00000000800202D0 (0x33358593) addi a1, a1, 0x333
x11 <- 0x0000000033333333
mem[X,0x00000000800202D4] -> 0x9593
mem[X,0x00000000800202D6] -> 0x00B5
[4446] [M]: 0x00000000800202D4 (0x00B59593) slli a1, a1, 0xb
x11 <- 0x0000019999999800
mem[X,0x00000000800202D8] -> 0x8593
mem[X,0x00000000800202DA] -> 0x1995
[4447] [M]: 0x00000000800202D8 (0x19958593) addi a1, a1, 0x199
x11 <- 0x0000019999999999
mem[X,0x00000000800202DC] -> 0x9593
mem[X,0x00000000800202DE] -> 0x00B5
[4448] [M]: 0x00000000800202DC (0x00B59593) slli a1, a1, 0xb
x11 <- 0x000CCCCCCCCCC800
mem[X,0x00000000800202E0] -> 0x8593
mem[X,0x00000000800202E2] -> 0x4CC5
[4449] [M]: 0x00000000800202E0 (0x4CC58593) addi a1, a1, 0x4cc
x11 <- 0x000CCCCCCCCCCCCC
mem[X,0x00000000800202E4] -> 0x9593
mem[X,0x00000000800202E6] -> 0x00A5
[4450] [M]: 0x00000000800202E4 (0x00A59593) slli a1, a1, 0xa
x11 <- 0x3333333333333000
mem[X,0x00000000800202E8] -> 0x8593
mem[X,0x00000000800202EA] -> 0x3325
[4451] [M]: 0x00000000800202E8 (0x33258593) addi a1, a1, 0x332
x11 <- 0x3333333333333332
mem[X,0x00000000800202EC] -> 0x0113
mem[X,0x00000000800202EE] -> 0x0000
[4452] [M]: 0x00000000800202EC (0x00000113) addi sp, zero, 0x0
x2 <- 0x0000000000000000
mem[X,0x00000000800202F0] -> 0x006F
mem[X,0x00000000800202F2] -> 0x0050
[4453] [M]: 0x00000000800202F0 (0x0050006F) jal zero, 0x804
mem[X,0x0000000080020AF4] -> 0x10E3
mem[X,0x0000000080020AF6] -> 0x80B5
[4454] [M]: 0x0000000080020AF4 (0x80B510E3) bne a0, a1, -0x800
mem[X,0x00000000800202F4] -> 0x0113
mem[X,0x00000000800202F6] -> 0x0011
[4455] [M]: 0x00000000800202F4 (0x00110113) addi sp, sp, 0x1
x2 <- 0x0000000000000001
mem[X,0x00000000800202F8] -> 0x006F
mem[X,0x00000000800202FA] -> 0x0110
[4456] [M]: 0x00000000800202F8 (0x0110006F) jal zero, 0x810
mem[X,0x0000000080020B08] -> 0xB023
mem[X,0x0000000080020B0A] -> 0x1220
[4457] [M]: 0x0000000080020B08 (0x1220B023) sd sp, 0x120(ra)
mem[0x0000000080045AF8] <- 0x0000000000000001
mem[X,0x0000000080020B0C] -> 0x6537
mem[X,0x0000000080020B0E] -> 0x6666
[4458] [M]: 0x0000000080020B0C (0x66666537) lui a0, 0x66666
x10 <- 0x0000000066666000
mem[X,0x0000000080020B10] -> 0x0513
mem[X,0x0000000080020B12] -> 0x6665
[4459] [M]: 0x0000000080020B10 (0x66650513) addi a0, a0, 0x666
x10 <- 0x0000000066666666
mem[X,0x0000000080020B14] -> 0x1513
mem[X,0x0000000080020B16] -> 0x00B5
[4460] [M]: 0x0000000080020B14 (0x00B51513) slli a0, a0, 0xb
x10 <- 0x0000033333333000
mem[X,0x0000000080020B18] -> 0x0513
mem[X,0x0000000080020B1A] -> 0x3335
[4461] [M]: 0x0000000080020B18 (0x33350513) addi a0, a0, 0x333
x10 <- 0x0000033333333333
mem[X,0x0000000080020B1C] -> 0x1513
mem[X,0x0000000080020B1E] -> 0x00B5
[4462] [M]: 0x0000000080020B1C (0x00B51513) slli a0, a0, 0xb
x10 <- 0x0019999999999800
mem[X,0x0000000080020B20] -> 0x0513
mem[X,0x0000000080020B22] -> 0x1995
[4463] [M]: 0x0000000080020B20 (0x19950513) addi a0, a0, 0x199
x10 <- 0x0019999999999999
mem[X,0x0000000080020B24] -> 0x1513
mem[X,0x0000000080020B26] -> 0x00A5
[4464] [M]: 0x0000000080020B24 (0x00A51513) slli a0, a0, 0xa
x10 <- 0x6666666666666400
mem[X,0x0000000080020B28] -> 0x0513
mem[X,0x0000000080020B2A] -> 0x2665
[4465] [M]: 0x0000000080020B28 (0x26650513) addi a0, a0, 0x266
x10 <- 0x6666666666666666
mem[X,0x0000000080020B2C] -> 0x65B7
mem[X,0x0000000080020B2E] -> 0x6666
[4466] [M]: 0x0000000080020B2C (0x666665B7) lui a1, 0x66666
x11 <- 0x0000000066666000
mem[X,0x0000000080020B30] -> 0x8593
mem[X,0x0000000080020B32] -> 0x6665
[4467] [M]: 0x0000000080020B30 (0x66658593) addi a1, a1, 0x666
x11 <- 0x0000000066666666
mem[X,0x0000000080020B34] -> 0x9593
mem[X,0x0000000080020B36] -> 0x00B5
[4468] [M]: 0x0000000080020B34 (0x00B59593) slli a1, a1, 0xb
x11 <- 0x0000033333333000
mem[X,0x0000000080020B38] -> 0x8593
mem[X,0x0000000080020B3A] -> 0x3335
[4469] [M]: 0x0000000080020B38 (0x33358593) addi a1, a1, 0x333
x11 <- 0x0000033333333333
mem[X,0x0000000080020B3C] -> 0x9593
mem[X,0x0000000080020B3E] -> 0x00B5
[4470] [M]: 0x0000000080020B3C (0x00B59593) slli a1, a1, 0xb
x11 <- 0x0019999999999800
mem[X,0x0000000080020B40] -> 0x8593
mem[X,0x0000000080020B42] -> 0x1995
[4471] [M]: 0x0000000080020B40 (0x19958593) addi a1, a1, 0x199
x11 <- 0x0019999999999999
mem[X,0x0000000080020B44] -> 0x9593
mem[X,0x0000000080020B46] -> 0x00A5
[4472] [M]: 0x0000000080020B44 (0x00A59593) slli a1, a1, 0xa
x11 <- 0x6666666666666400
mem[X,0x0000000080020B48] -> 0x8593
mem[X,0x0000000080020B4A] -> 0x2655
[4473] [M]: 0x0000000080020B48 (0x26558593) addi a1, a1, 0x265
x11 <- 0x6666666666666665
mem[X,0x0000000080020B4C] -> 0x0113
mem[X,0x0000000080020B4E] -> 0x0000
[4474] [M]: 0x0000000080020B4C (0x00000113) addi sp, zero, 0x0
x2 <- 0x0000000000000000
mem[X,0x0000000080020B50] -> 0x006F
mem[X,0x0000000080020B52] -> 0x00C0
[4475] [M]: 0x0000000080020B50 (0x00C0006F) jal zero, 0xc
mem[X,0x0000000080020B5C] -> 0x1063
mem[X,0x0000000080020B5E] -> 0x02B5
[4476] [M]: 0x0000000080020B5C (0x02B51063) bne a0, a1, 0x20
mem[X,0x0000000080020B7C] -> 0x0113
mem[X,0x0000000080020B7E] -> 0x0031
[4477] [M]: 0x0000000080020B7C (0x00310113) addi sp, sp, 0x3
x2 <- 0x0000000000000003
mem[X,0x0000000080020B80] -> 0x006F
mem[X,0x0000000080020B82] -> 0x0040
[4478] [M]: 0x0000000080020B80 (0x0040006F) jal zero, 0x4
mem[X,0x0000000080020B84] -> 0xB423
mem[X,0x0000000080020B86] -> 0x1220
[4479] [M]: 0x0000000080020B84 (0x1220B423) sd sp, 0x128(ra)
mem[0x0000000080045B00] <- 0x0000000000000003
mem[X,0x0000000080020B88] -> 0x6537
mem[X,0x0000000080020B8A] -> 0x6666
[4480] [M]: 0x0000000080020B88 (0x66666537) lui a0, 0x66666
x10 <- 0x0000000066666000
mem[X,0x0000000080020B8C] -> 0x0513
mem[X,0x0000000080020B8E] -> 0x6665
[4481] [M]: 0x0000000080020B8C (0x66650513) addi a0, a0, 0x666
x10 <- 0x0000000066666666
mem[X,0x0000000080020B90] -> 0x1513
mem[X,0x0000000080020B92] -> 0x00B5
[4482] [M]: 0x0000000080020B90 (0x00B51513) slli a0, a0, 0xb
x10 <- 0x0000033333333000
mem[X,0x0000000080020B94] -> 0x0513
mem[X,0x0000000080020B96] -> 0x3335
[4483] [M]: 0x0000000080020B94 (0x33350513) addi a0, a0, 0x333
x10 <- 0x0000033333333333
mem[X,0x0000000080020B98] -> 0x1513
mem[X,0x0000000080020B9A] -> 0x00B5
[4484] [M]: 0x0000000080020B98 (0x00B51513) slli a0, a0, 0xb
x10 <- 0x0019999999999800
mem[X,0x0000000080020B9C] -> 0x0513
mem[X,0x0000000080020B9E] -> 0x1995
[4485] [M]: 0x0000000080020B9C (0x19950513) addi a0, a0, 0x199
x10 <- 0x0019999999999999
mem[X,0x0000000080020BA0] -> 0x1513
mem[X,0x0000000080020BA2] -> 0x00A5
[4486] [M]: 0x0000000080020BA0 (0x00A51513) slli a0, a0, 0xa
x10 <- 0x6666666666666400
mem[X,0x0000000080020BA4] -> 0x0513
mem[X,0x0000000080020BA6] -> 0x2665
[4487] [M]: 0x0000000080020BA4 (0x26650513) addi a0, a0, 0x266
x10 <- 0x6666666666666666
mem[X,0x0000000080020BA8] -> 0x05B7
mem[X,0x0000000080020BAA] -> 0x0000
[4488] [M]: 0x0000000080020BA8 (0x000005B7) lui a1, 0x0
x11 <- 0x0000000000000000
mem[X,0x0000000080020BAC] -> 0x8593
mem[X,0x0000000080020BAE] -> 0x0005
[4489] [M]: 0x0000000080020BAC (0x00058593) addi a1, a1, 0x0
x11 <- 0x0000000000000000
mem[X,0x0000000080020BB0] -> 0x9593
mem[X,0x0000000080020BB2] -> 0x00B5
[4490] [M]: 0x0000000080020BB0 (0x00B59593) slli a1, a1, 0xb
x11 <- 0x0000000000000000
mem[X,0x0000000080020BB4] -> 0x8593
mem[X,0x0000000080020BB6] -> 0x5A85
[4491] [M]: 0x0000000080020BB4 (0x5A858593) addi a1, a1, 0x5a8
x11 <- 0x00000000000005A8
mem[X,0x0000000080020BB8] -> 0x9593
mem[X,0x0000000080020BBA] -> 0x00B5
[4492] [M]: 0x0000000080020BB8 (0x00B59593) slli a1, a1, 0xb
x11 <- 0x00000000002D4000
mem[X,0x0000000080020BBC] -> 0x8593
mem[X,0x0000000080020BBE] -> 0x13C5
[4493] [M]: 0x0000000080020BBC (0x13C58593) addi a1, a1, 0x13c
x11 <- 0x00000000002D413C
mem[X,0x0000000080020BC0] -> 0x9593
mem[X,0x0000000080020BC2] -> 0x00A5
[4494] [M]: 0x0000000080020BC0 (0x00A59593) slli a1, a1, 0xa
x11 <- 0x00000000B504F000
mem[X,0x0000000080020BC4] -> 0x8593
mem[X,0x0000000080020BC6] -> 0x3325
[4495] [M]: 0x0000000080020BC4 (0x33258593) addi a1, a1, 0x332
x11 <- 0x00000000B504F332
mem[X,0x0000000080020BC8] -> 0x0113
mem[X,0x0000000080020BCA] -> 0x0000
[4496] [M]: 0x0000000080020BC8 (0x00000113) addi sp, zero, 0x0
x2 <- 0x0000000000000000
mem[X,0x0000000080020BCC] -> 0x006F
mem[X,0x0000000080020BCE] -> 0x0100
[4497] [M]: 0x0000000080020BCC (0x0100006F) jal zero, 0x10
mem[X,0x0000000080020BDC] -> 0x1AE3
mem[X,0x0000000080020BDE] -> 0xFEB5
[4498] [M]: 0x0000000080020BDC (0xFEB51AE3) bne a0, a1, -0xc
mem[X,0x0000000080020BD0] -> 0x0113
mem[X,0x0000000080020BD2] -> 0x0011
[4499] [M]: 0x0000000080020BD0 (0x00110113) addi sp, sp, 0x1
x2 <- 0x0000000000000001
clint::tick mtime <- 0x000000000000002D
 clint timer pending at mtime 0x000000000000002D
htif::tick 0x0000000000000000
mem[X,0x0000000080020BD4] -> 0x006F
mem[X,0x0000000080020BD6] -> 0x01C0
[4500] [M]: 0x0000000080020BD4 (0x01C0006F) jal zero, 0x1c
mem[X,0x0000000080020BF0] -> 0xB823
mem[X,0x0000000080020BF2] -> 0x1220
[4501] [M]: 0x0000000080020BF0 (0x1220B823) sd sp, 0x130(ra)
mem[0x0000000080045B08] <- 0x0000000000000001
mem[X,0x0000000080020BF4] -> 0x6537
mem[X,0x0000000080020BF6] -> 0x6666
[4502] [M]: 0x0000000080020BF4 (0x66666537) lui a0, 0x66666
x10 <- 0x0000000066666000
mem[X,0x0000000080020BF8] -> 0x0513
mem[X,0x0000000080020BFA] -> 0x6665
[4503] [M]: 0x0000000080020BF8 (0x66650513) addi a0, a0, 0x666
x10 <- 0x0000000066666666
mem[X,0x0000000080020BFC] -> 0x1513
mem[X,0x0000000080020BFE] -> 0x00B5
[4504] [M]: 0x0000000080020BFC (0x00B51513) slli a0, a0, 0xb
x10 <- 0x0000033333333000
mem[X,0x0000000080020C00] -> 0x0513
mem[X,0x0000000080020C02] -> 0x3335
[4505] [M]: 0x0000000080020C00 (0x33350513) addi a0, a0, 0x333
x10 <- 0x0000033333333333
mem[X,0x0000000080020C04] -> 0x1513
mem[X,0x0000000080020C06] -> 0x00B5
[4506] [M]: 0x0000000080020C04 (0x00B51513) slli a0, a0, 0xb
x10 <- 0x0019999999999800
mem[X,0x0000000080020C08] -> 0x0513
mem[X,0x0000000080020C0A] -> 0x1995
[4507] [M]: 0x0000000080020C08 (0x19950513) addi a0, a0, 0x199
x10 <- 0x0019999999999999
mem[X,0x0000000080020C0C] -> 0x1513
mem[X,0x0000000080020C0E] -> 0x00A5
[4508] [M]: 0x0000000080020C0C (0x00A51513) slli a0, a0, 0xa
x10 <- 0x6666666666666400
mem[X,0x0000000080020C10] -> 0x0513
mem[X,0x0000000080020C12] -> 0x2665
[4509] [M]: 0x0000000080020C10 (0x26650513) addi a0, a0, 0x266
x10 <- 0x6666666666666666
mem[X,0x0000000080020C14] -> 0x55B7
mem[X,0x0000000080020C16] -> 0x5555
[4510] [M]: 0x0000000080020C14 (0x555555B7) lui a1, 0x55555
x11 <- 0x0000000055555000
mem[X,0x0000000080020C18] -> 0x8593
mem[X,0x0000000080020C1A] -> 0x5555
[4511] [M]: 0x0000000080020C18 (0x55558593) addi a1, a1, 0x555
x11 <- 0x0000000055555555
mem[X,0x0000000080020C1C] -> 0x9593
mem[X,0x0000000080020C1E] -> 0x00B5
[4512] [M]: 0x0000000080020C1C (0x00B59593) slli a1, a1, 0xb
x11 <- 0x000002AAAAAAA800
mem[X,0x0000000080020C20] -> 0x8593
mem[X,0x0000000080020C22] -> 0x2AA5
[4513] [M]: 0x0000000080020C20 (0x2AA58593) addi a1, a1, 0x2aa
x11 <- 0x000002AAAAAAAAAA
mem[X,0x0000000080020C24] -> 0x9593
mem[X,0x0000000080020C26] -> 0x00B5
[4514] [M]: 0x0000000080020C24 (0x00B59593) slli a1, a1, 0xb
x11 <- 0x0015555555555000
mem[X,0x0000000080020C28] -> 0x8593
mem[X,0x0000000080020C2A] -> 0x5555
[4515] [M]: 0x0000000080020C28 (0x55558593) addi a1, a1, 0x555
x11 <- 0x0015555555555555
mem[X,0x0000000080020C2C] -> 0x9593
mem[X,0x0000000080020C2E] -> 0x00A5
[4516] [M]: 0x0000000080020C2C (0x00A59593) slli a1, a1, 0xa
x11 <- 0x5555555555555400
mem[X,0x0000000080020C30] -> 0x8593
mem[X,0x0000000080020C32] -> 0x1565
[4517] [M]: 0x0000000080020C30 (0x15658593) addi a1, a1, 0x156
x11 <- 0x5555555555555556
mem[X,0x0000000080020C34] -> 0x0113
mem[X,0x0000000080020C36] -> 0x0000
[4518] [M]: 0x0000000080020C34 (0x00000113) addi sp, zero, 0x0
x2 <- 0x0000000000000000
mem[X,0x0000000080020C38] -> 0x006F
mem[X,0x0000000080020C3A] -> 0x00C0
[4519] [M]: 0x0000000080020C38 (0x00C0006F) jal zero, 0xc
mem[X,0x0000000080020C44] -> 0x1063
mem[X,0x0000000080020C46] -> 0x10B5
[4520] [M]: 0x0000000080020C44 (0x10B51063) bne a0, a1, 0x100
mem[X,0x0000000080020D44] -> 0x0113
mem[X,0x0000000080020D46] -> 0x0031
[4521] [M]: 0x0000000080020D44 (0x00310113) addi sp, sp, 0x3
x2 <- 0x0000000000000003
mem[X,0x0000000080020D48] -> 0x006F
mem[X,0x0000000080020D4A] -> 0x0040
[4522] [M]: 0x0000000080020D48 (0x0040006F) jal zero, 0x4
mem[X,0x0000000080020D4C] -> 0xBC23
mem[X,0x0000000080020D4E] -> 0x1220
[4523] [M]: 0x0000000080020D4C (0x1220BC23) sd sp, 0x138(ra)
mem[0x0000000080045B10] <- 0x0000000000000003
mem[X,0x0000000080020D50] -> 0x6537
mem[X,0x0000000080020D52] -> 0x6666
[4524] [M]: 0x0000000080020D50 (0x66666537) lui a0, 0x66666
x10 <- 0x0000000066666000
mem[X,0x0000000080020D54] -> 0x0513
mem[X,0x0000000080020D56] -> 0x6665
[4525] [M]: 0x0000000080020D54 (0x66650513) addi a0, a0, 0x666
x10 <- 0x0000000066666666
mem[X,0x0000000080020D58] -> 0x1513
mem[X,0x0000000080020D5A] -> 0x00B5
[4526] [M]: 0x0000000080020D58 (0x00B51513) slli a0, a0, 0xb
x10 <- 0x0000033333333000
mem[X,0x0000000080020D5C] -> 0x0513
mem[X,0x0000000080020D5E] -> 0x3335
[4527] [M]: 0x0000000080020D5C (0x33350513) addi a0, a0, 0x333
x10 <- 0x0000033333333333
mem[X,0x0000000080020D60] -> 0x1513
mem[X,0x0000000080020D62] -> 0x00B5
[4528] [M]: 0x0000000080020D60 (0x00B51513) slli a0, a0, 0xb
x10 <- 0x0019999999999800
mem[X,0x0000000080020D64] -> 0x0513
mem[X,0x0000000080020D66] -> 0x1995
[4529] [M]: 0x0000000080020D64 (0x19950513) addi a0, a0, 0x199
x10 <- 0x0019999999999999
mem[X,0x0000000080020D68] -> 0x1513
mem[X,0x0000000080020D6A] -> 0x00A5
[4530] [M]: 0x0000000080020D68 (0x00A51513) slli a0, a0, 0xa
x10 <- 0x6666666666666400
mem[X,0x0000000080020D6C] -> 0x0513
mem[X,0x0000000080020D6E] -> 0x2665
[4531] [M]: 0x0000000080020D6C (0x26650513) addi a0, a0, 0x266
x10 <- 0x6666666666666666
mem[X,0x0000000080020D70] -> 0xB5B7
mem[X,0x0000000080020D72] -> 0xAAAA
[4532] [M]: 0x0000000080020D70 (0xAAAAB5B7) lui a1, -0x55555
x11 <- 0xFFFFFFFFAAAAB000
mem[X,0x0000000080020D74] -> 0x8593
mem[X,0x0000000080020D76] -> 0xAAA5
[4533] [M]: 0x0000000080020D74 (0xAAA58593) addi a1, a1, -0x556
x11 <- 0xFFFFFFFFAAAAAAAA
mem[X,0x0000000080020D78] -> 0x9593
mem[X,0x0000000080020D7A] -> 0x00B5
[4534] [M]: 0x0000000080020D78 (0x00B59593) slli a1, a1, 0xb
x11 <- 0xFFFFFD5555555000
mem[X,0x0000000080020D7C] -> 0x8593
mem[X,0x0000000080020D7E] -> 0x5555
[4535] [M]: 0x0000000080020D7C (0x55558593) addi a1, a1, 0x555
x11 <- 0xFFFFFD5555555555
mem[X,0x0000000080020D80] -> 0x9593
mem[X,0x0000000080020D82] -> 0x00B5
[4536] [M]: 0x0000000080020D80 (0x00B59593) slli a1, a1, 0xb
x11 <- 0xFFEAAAAAAAAAA800
mem[X,0x0000000080020D84] -> 0x8593
mem[X,0x0000000080020D86] -> 0x2AA5
[4537] [M]: 0x0000000080020D84 (0x2AA58593) addi a1, a1, 0x2aa
x11 <- 0xFFEAAAAAAAAAAAAA
mem[X,0x0000000080020D88] -> 0x9593
mem[X,0x0000000080020D8A] -> 0x00A5
[4538] [M]: 0x0000000080020D88 (0x00A59593) slli a1, a1, 0xa
x11 <- 0xAAAAAAAAAAAAA800
mem[X,0x0000000080020D8C] -> 0x8593
mem[X,0x0000000080020D8E] -> 0x2AB5
[4539] [M]: 0x0000000080020D8C (0x2AB58593) addi a1, a1, 0x2ab
x11 <- 0xAAAAAAAAAAAAAAAB
mem[X,0x0000000080020D90] -> 0x0113
mem[X,0x0000000080020D92] -> 0x0000
[4540] [M]: 0x0000000080020D90 (0x00000113) addi sp, zero, 0x0
x2 <- 0x0000000000000000
mem[X,0x0000000080020D94] -> 0x006F
mem[X,0x0000000080020D96] -> 0x00C0
[4541] [M]: 0x0000000080020D94 (0x00C0006F) jal zero, 0xc
mem[X,0x0000000080020DA0] -> 0x1CE3
mem[X,0x0000000080020DA2] -> 0xFEB5
[4542] [M]: 0x0000000080020DA0 (0xFEB51CE3) bne a0, a1, -0x8
mem[X,0x0000000080020D98] -> 0x0113
mem[X,0x0000000080020D9A] -> 0x0011
[4543] [M]: 0x0000000080020D98 (0x00110113) addi sp, sp, 0x1
x2 <- 0x0000000000000001
mem[X,0x0000000080020D9C] -> 0x006F
mem[X,0x0000000080020D9E] -> 0x0180
[4544] [M]: 0x0000000080020D9C (0x0180006F) jal zero, 0x18
mem[X,0x0000000080020DB4] -> 0xB023
mem[X,0x0000000080020DB6] -> 0x1420
[4545] [M]: 0x0000000080020DB4 (0x1420B023) sd sp, 0x140(ra)
mem[0x0000000080045B18] <- 0x0000000000000001
mem[X,0x0000000080020DB8] -> 0x6537
mem[X,0x0000000080020DBA] -> 0x6666
[4546] [M]: 0x0000000080020DB8 (0x66666537) lui a0, 0x66666
x10 <- 0x0000000066666000
mem[X,0x0000000080020DBC] -> 0x0513
mem[X,0x0000000080020DBE] -> 0x6665
[4547] [M]: 0x0000000080020DBC (0x66650513) addi a0, a0, 0x666
x10 <- 0x0000000066666666
mem[X,0x0000000080020DC0] -> 0x1513
mem[X,0x0000000080020DC2] -> 0x00B5
[4548] [M]: 0x0000000080020DC0 (0x00B51513) slli a0, a0, 0xb
x10 <- 0x0000033333333000
mem[X,0x0000000080020DC4] -> 0x0513
mem[X,0x0000000080020DC6] -> 0x3335
[4549] [M]: 0x0000000080020DC4 (0x33350513) addi a0, a0, 0x333
x10 <- 0x0000033333333333
mem[X,0x0000000080020DC8] -> 0x1513
mem[X,0x0000000080020DCA] -> 0x00B5
[4550] [M]: 0x0000000080020DC8 (0x00B51513) slli a0, a0, 0xb
x10 <- 0x0019999999999800
mem[X,0x0000000080020DCC] -> 0x0513
mem[X,0x0000000080020DCE] -> 0x1995
[4551] [M]: 0x0000000080020DCC (0x19950513) addi a0, a0, 0x199
x10 <- 0x0019999999999999
mem[X,0x0000000080020DD0] -> 0x1513
mem[X,0x0000000080020DD2] -> 0x00A5
[4552] [M]: 0x0000000080020DD0 (0x00A51513) slli a0, a0, 0xa
x10 <- 0x6666666666666400
mem[X,0x0000000080020DD4] -> 0x0513
mem[X,0x0000000080020DD6] -> 0x2665
[4553] [M]: 0x0000000080020DD4 (0x26650513) addi a0, a0, 0x266
x10 <- 0x6666666666666666
mem[X,0x0000000080020DD8] -> 0x0593
mem[X,0x0000000080020DDA] -> 0x0060
[4554] [M]: 0x0000000080020DD8 (0x00600593) addi a1, zero, 0x6
x11 <- 0x0000000000000006
mem[X,0x0000000080020DDC] -> 0x0113
mem[X,0x0000000080020DDE] -> 0x0000
[4555] [M]: 0x0000000080020DDC (0x00000113) addi sp, zero, 0x0
x2 <- 0x0000000000000000
mem[X,0x0000000080020DE0] -> 0x006F
mem[X,0x0000000080020DE2] -> 0x00C0
[4556] [M]: 0x0000000080020DE0 (0x00C0006F) jal zero, 0xc
mem[X,0x0000000080020DEC] -> 0x1663
mem[X,0x0000000080020DEE] -> 0x00B5
[4557] [M]: 0x0000000080020DEC (0x00B51663) bne a0, a1, 0xc
mem[X,0x0000000080020DF8] -> 0x0113
mem[X,0x0000000080020DFA] -> 0x0031
[4558] [M]: 0x0000000080020DF8 (0x00310113) addi sp, sp, 0x3
x2 <- 0x0000000000000003
mem[X,0x0000000080020DFC] -> 0x006F
mem[X,0x0000000080020DFE] -> 0x0040
[4559] [M]: 0x0000000080020DFC (0x0040006F) jal zero, 0x4
mem[X,0x0000000080020E00] -> 0xB423
mem[X,0x0000000080020E02] -> 0x1420
[4560] [M]: 0x0000000080020E00 (0x1420B423) sd sp, 0x148(ra)
mem[0x0000000080045B20] <- 0x0000000000000003
mem[X,0x0000000080020E04] -> 0x6537
mem[X,0x0000000080020E06] -> 0x6666
[4561] [M]: 0x0000000080020E04 (0x66666537) lui a0, 0x66666
x10 <- 0x0000000066666000
mem[X,0x0000000080020E08] -> 0x0513
mem[X,0x0000000080020E0A] -> 0x6665
[4562] [M]: 0x0000000080020E08 (0x66650513) addi a0, a0, 0x666
x10 <- 0x0000000066666666
mem[X,0x0000000080020E0C] -> 0x1513
mem[X,0x0000000080020E0E] -> 0x00B5
[4563] [M]: 0x0000000080020E0C (0x00B51513) slli a0, a0, 0xb
x10 <- 0x0000033333333000
mem[X,0x0000000080020E10] -> 0x0513
mem[X,0x0000000080020E12] -> 0x3335
[4564] [M]: 0x0000000080020E10 (0x33350513) addi a0, a0, 0x333
x10 <- 0x0000033333333333
mem[X,0x0000000080020E14] -> 0x1513
mem[X,0x0000000080020E16] -> 0x00B5
[4565] [M]: 0x0000000080020E14 (0x00B51513) slli a0, a0, 0xb
x10 <- 0x0019999999999800
mem[X,0x0000000080020E18] -> 0x0513
mem[X,0x0000000080020E1A] -> 0x1995
[4566] [M]: 0x0000000080020E18 (0x19950513) addi a0, a0, 0x199
x10 <- 0x0019999999999999
mem[X,0x0000000080020E1C] -> 0x1513
mem[X,0x0000000080020E1E] -> 0x00A5
[4567] [M]: 0x0000000080020E1C (0x00A51513) slli a0, a0, 0xa
x10 <- 0x6666666666666400
mem[X,0x0000000080020E20] -> 0x0513
mem[X,0x0000000080020E22] -> 0x2665
[4568] [M]: 0x0000000080020E20 (0x26650513) addi a0, a0, 0x266
x10 <- 0x6666666666666666
mem[X,0x0000000080020E24] -> 0x35B7
mem[X,0x0000000080020E26] -> 0x3333
[4569] [M]: 0x0000000080020E24 (0x333335B7) lui a1, 0x33333
x11 <- 0x0000000033333000
mem[X,0x0000000080020E28] -> 0x8593
mem[X,0x0000000080020E2A] -> 0x3335
[4570] [M]: 0x0000000080020E28 (0x33358593) addi a1, a1, 0x333
x11 <- 0x0000000033333333
mem[X,0x0000000080020E2C] -> 0x9593
mem[X,0x0000000080020E2E] -> 0x00B5
[4571] [M]: 0x0000000080020E2C (0x00B59593) slli a1, a1, 0xb
x11 <- 0x0000019999999800
mem[X,0x0000000080020E30] -> 0x8593
mem[X,0x0000000080020E32] -> 0x1995
[4572] [M]: 0x0000000080020E30 (0x19958593) addi a1, a1, 0x199
x11 <- 0x0000019999999999
mem[X,0x0000000080020E34] -> 0x9593
mem[X,0x0000000080020E36] -> 0x00B5
[4573] [M]: 0x0000000080020E34 (0x00B59593) slli a1, a1, 0xb
x11 <- 0x000CCCCCCCCCC800
mem[X,0x0000000080020E38] -> 0x8593
mem[X,0x0000000080020E3A] -> 0x4CC5
[4574] [M]: 0x0000000080020E38 (0x4CC58593) addi a1, a1, 0x4cc
x11 <- 0x000CCCCCCCCCCCCC
mem[X,0x0000000080020E3C] -> 0x9593
mem[X,0x0000000080020E3E] -> 0x00A5
[4575] [M]: 0x0000000080020E3C (0x00A59593) slli a1, a1, 0xa
x11 <- 0x3333333333333000
mem[X,0x0000000080020E40] -> 0x8593
mem[X,0x0000000080020E42] -> 0x3345
[4576] [M]: 0x0000000080020E40 (0x33458593) addi a1, a1, 0x334
x11 <- 0x3333333333333334
mem[X,0x0000000080020E44] -> 0x0113
mem[X,0x0000000080020E46] -> 0x0000
[4577] [M]: 0x0000000080020E44 (0x00000113) addi sp, zero, 0x0
x2 <- 0x0000000000000000
mem[X,0x0000000080020E48] -> 0x006F
mem[X,0x0000000080020E4A] -> 0x00C0
[4578] [M]: 0x0000000080020E48 (0x00C0006F) jal zero, 0xc
mem[X,0x0000000080020E54] -> 0x1663
mem[X,0x0000000080020E56] -> 0x00B5
[4579] [M]: 0x0000000080020E54 (0x00B51663) bne a0, a1, 0xc
mem[X,0x0000000080020E60] -> 0x0113
mem[X,0x0000000080020E62] -> 0x0031
[4580] [M]: 0x0000000080020E60 (0x00310113) addi sp, sp, 0x3
x2 <- 0x0000000000000003
mem[X,0x0000000080020E64] -> 0x006F
mem[X,0x0000000080020E66] -> 0x0040
[4581] [M]: 0x0000000080020E64 (0x0040006F) jal zero, 0x4
mem[X,0x0000000080020E68] -> 0xB823
mem[X,0x0000000080020E6A] -> 0x1420
[4582] [M]: 0x0000000080020E68 (0x1420B823) sd sp, 0x150(ra)
mem[0x0000000080045B28] <- 0x0000000000000003
mem[X,0x0000000080020E6C] -> 0x6537
mem[X,0x0000000080020E6E] -> 0x6666
[4583] [M]: 0x0000000080020E6C (0x66666537) lui a0, 0x66666
x10 <- 0x0000000066666000
mem[X,0x0000000080020E70] -> 0x0513
mem[X,0x0000000080020E72] -> 0x6665
[4584] [M]: 0x0000000080020E70 (0x66650513) addi a0, a0, 0x666
x10 <- 0x0000000066666666
mem[X,0x0000000080020E74] -> 0x1513
mem[X,0x0000000080020E76] -> 0x00B5
[4585] [M]: 0x0000000080020E74 (0x00B51513) slli a0, a0, 0xb
x10 <- 0x0000033333333000
mem[X,0x0000000080020E78] -> 0x0513
mem[X,0x0000000080020E7A] -> 0x3335
[4586] [M]: 0x0000000080020E78 (0x33350513) addi a0, a0, 0x333
x10 <- 0x0000033333333333
mem[X,0x0000000080020E7C] -> 0x1513
mem[X,0x0000000080020E7E] -> 0x00B5
[4587] [M]: 0x0000000080020E7C (0x00B51513) slli a0, a0, 0xb
x10 <- 0x0019999999999800
mem[X,0x0000000080020E80] -> 0x0513
mem[X,0x0000000080020E82] -> 0x1995
[4588] [M]: 0x0000000080020E80 (0x19950513) addi a0, a0, 0x199
x10 <- 0x0019999999999999
mem[X,0x0000000080020E84] -> 0x1513
mem[X,0x0000000080020E86] -> 0x00A5
[4589] [M]: 0x0000000080020E84 (0x00A51513) slli a0, a0, 0xa
x10 <- 0x6666666666666400
mem[X,0x0000000080020E88] -> 0x0513
mem[X,0x0000000080020E8A] -> 0x2665
[4590] [M]: 0x0000000080020E88 (0x26650513) addi a0, a0, 0x266
x10 <- 0x6666666666666666
mem[X,0x0000000080020E8C] -> 0x65B7
mem[X,0x0000000080020E8E] -> 0x6666
[4591] [M]: 0x0000000080020E8C (0x666665B7) lui a1, 0x66666
x11 <- 0x0000000066666000
mem[X,0x0000000080020E90] -> 0x8593
mem[X,0x0000000080020E92] -> 0x6665
[4592] [M]: 0x0000000080020E90 (0x66658593) addi a1, a1, 0x666
x11 <- 0x0000000066666666
mem[X,0x0000000080020E94] -> 0x9593
mem[X,0x0000000080020E96] -> 0x00B5
[4593] [M]: 0x0000000080020E94 (0x00B59593) slli a1, a1, 0xb
x11 <- 0x0000033333333000
mem[X,0x0000000080020E98] -> 0x8593
mem[X,0x0000000080020E9A] -> 0x3335
[4594] [M]: 0x0000000080020E98 (0x33358593) addi a1, a1, 0x333
x11 <- 0x0000033333333333
mem[X,0x0000000080020E9C] -> 0x9593
mem[X,0x0000000080020E9E] -> 0x00B5
[4595] [M]: 0x0000000080020E9C (0x00B59593) slli a1, a1, 0xb
x11 <- 0x0019999999999800
mem[X,0x0000000080020EA0] -> 0x8593
mem[X,0x0000000080020EA2] -> 0x1995
[4596] [M]: 0x0000000080020EA0 (0x19958593) addi a1, a1, 0x199
x11 <- 0x0019999999999999
mem[X,0x0000000080020EA4] -> 0x9593
mem[X,0x0000000080020EA6] -> 0x00A5
[4597] [M]: 0x0000000080020EA4 (0x00A59593) slli a1, a1, 0xa
x11 <- 0x6666666666666400
mem[X,0x0000000080020EA8] -> 0x8593
mem[X,0x0000000080020EAA] -> 0x2675
[4598] [M]: 0x0000000080020EA8 (0x26758593) addi a1, a1, 0x267
x11 <- 0x6666666666666667
mem[X,0x0000000080020EAC] -> 0x0113
mem[X,0x0000000080020EAE] -> 0x0000
[4599] [M]: 0x0000000080020EAC (0x00000113) addi sp, zero, 0x0
x2 <- 0x0000000000000000
clint::tick mtime <- 0x000000000000002E
 clint timer pending at mtime 0x000000000000002E
htif::tick 0x0000000000000000
mem[X,0x0000000080020EB0] -> 0x006F
mem[X,0x0000000080020EB2] -> 0x0100
[4600] [M]: 0x0000000080020EB0 (0x0100006F) jal zero, 0x10
mem[X,0x0000000080020EC0] -> 0x1AE3
mem[X,0x0000000080020EC2] -> 0xFEB5
[4601] [M]: 0x0000000080020EC0 (0xFEB51AE3) bne a0, a1, -0xc
mem[X,0x0000000080020EB4] -> 0x0113
mem[X,0x0000000080020EB6] -> 0x0011
[4602] [M]: 0x0000000080020EB4 (0x00110113) addi sp, sp, 0x1
x2 <- 0x0000000000000001
mem[X,0x0000000080020EB8] -> 0x006F
mem[X,0x0000000080020EBA] -> 0x01C0
[4603] [M]: 0x0000000080020EB8 (0x01C0006F) jal zero, 0x1c
mem[X,0x0000000080020ED4] -> 0xBC23
mem[X,0x0000000080020ED6] -> 0x1420
[4604] [M]: 0x0000000080020ED4 (0x1420BC23) sd sp, 0x158(ra)
mem[0x0000000080045B30] <- 0x0000000000000001
mem[X,0x0000000080020ED8] -> 0x6537
mem[X,0x0000000080020EDA] -> 0x6666
[4605] [M]: 0x0000000080020ED8 (0x66666537) lui a0, 0x66666
x10 <- 0x0000000066666000
mem[X,0x0000000080020EDC] -> 0x0513
mem[X,0x0000000080020EDE] -> 0x6665
[4606] [M]: 0x0000000080020EDC (0x66650513) addi a0, a0, 0x666
x10 <- 0x0000000066666666
mem[X,0x0000000080020EE0] -> 0x1513
mem[X,0x0000000080020EE2] -> 0x00B5
[4607] [M]: 0x0000000080020EE0 (0x00B51513) slli a0, a0, 0xb
x10 <- 0x0000033333333000
mem[X,0x0000000080020EE4] -> 0x0513
mem[X,0x0000000080020EE6] -> 0x3335
[4608] [M]: 0x0000000080020EE4 (0x33350513) addi a0, a0, 0x333
x10 <- 0x0000033333333333
mem[X,0x0000000080020EE8] -> 0x1513
mem[X,0x0000000080020EEA] -> 0x00B5
[4609] [M]: 0x0000000080020EE8 (0x00B51513) slli a0, a0, 0xb
x10 <- 0x0019999999999800
mem[X,0x0000000080020EEC] -> 0x0513
mem[X,0x0000000080020EEE] -> 0x1995
[4610] [M]: 0x0000000080020EEC (0x19950513) addi a0, a0, 0x199
x10 <- 0x0019999999999999
mem[X,0x0000000080020EF0] -> 0x1513
mem[X,0x0000000080020EF2] -> 0x00A5
[4611] [M]: 0x0000000080020EF0 (0x00A51513) slli a0, a0, 0xa
x10 <- 0x6666666666666400
mem[X,0x0000000080020EF4] -> 0x0513
mem[X,0x0000000080020EF6] -> 0x2665
[4612] [M]: 0x0000000080020EF4 (0x26650513) addi a0, a0, 0x266
x10 <- 0x6666666666666666
mem[X,0x0000000080020EF8] -> 0x05B7
mem[X,0x0000000080020EFA] -> 0x0000
[4613] [M]: 0x0000000080020EF8 (0x000005B7) lui a1, 0x0
x11 <- 0x0000000000000000
mem[X,0x0000000080020EFC] -> 0x8593
mem[X,0x0000000080020EFE] -> 0xFFF5
[4614] [M]: 0x0000000080020EFC (0xFFF58593) addi a1, a1, -0x1
x11 <- 0xFFFFFFFFFFFFFFFF
mem[X,0x0000000080020F00] -> 0x9593
mem[X,0x0000000080020F02] -> 0x00B5
[4615] [M]: 0x0000000080020F00 (0x00B59593) slli a1, a1, 0xb
x11 <- 0xFFFFFFFFFFFFF800
mem[X,0x0000000080020F04] -> 0x8593
mem[X,0x0000000080020F06] -> 0x2575
[4616] [M]: 0x0000000080020F04 (0x25758593) addi a1, a1, 0x257
x11 <- 0xFFFFFFFFFFFFFA57
mem[X,0x0000000080020F08] -> 0x9593
mem[X,0x0000000080020F0A] -> 0x00B5
[4617] [M]: 0x0000000080020F08 (0x00B59593) slli a1, a1, 0xb
x11 <- 0xFFFFFFFFFFD2B800
mem[X,0x0000000080020F0C] -> 0x8593
mem[X,0x0000000080020F0E] -> 0x6C35
[4618] [M]: 0x0000000080020F0C (0x6C358593) addi a1, a1, 0x6c3
x11 <- 0xFFFFFFFFFFD2BEC3
mem[X,0x0000000080020F10] -> 0x9593
mem[X,0x0000000080020F12] -> 0x00A5
[4619] [M]: 0x0000000080020F10 (0x00A59593) slli a1, a1, 0xa
x11 <- 0xFFFFFFFF4AFB0C00
mem[X,0x0000000080020F14] -> 0x8593
mem[X,0x0000000080020F16] -> 0x0CE5
[4620] [M]: 0x0000000080020F14 (0x0CE58593) addi a1, a1, 0xce
x11 <- 0xFFFFFFFF4AFB0CCE
mem[X,0x0000000080020F18] -> 0x0113
mem[X,0x0000000080020F1A] -> 0x0000
[4621] [M]: 0x0000000080020F18 (0x00000113) addi sp, zero, 0x0
x2 <- 0x0000000000000000
mem[X,0x0000000080020F1C] -> 0x006F
mem[X,0x0000000080020F1E] -> 0x0140
[4622] [M]: 0x0000000080020F1C (0x0140006F) jal zero, 0x14
mem[X,0x0000000080020F30] -> 0x18E3
mem[X,0x0000000080020F32] -> 0xFEB5
[4623] [M]: 0x0000000080020F30 (0xFEB518E3) bne a0, a1, -0x10
mem[X,0x0000000080020F20] -> 0x0113
mem[X,0x0000000080020F22] -> 0x0011
[4624] [M]: 0x0000000080020F20 (0x00110113) addi sp, sp, 0x1
x2 <- 0x0000000000000001
mem[X,0x0000000080020F24] -> 0x006F
mem[X,0x0000000080020F26] -> 0x0200
[4625] [M]: 0x0000000080020F24 (0x0200006F) jal zero, 0x20
mem[X,0x0000000080020F44] -> 0xB023
mem[X,0x0000000080020F46] -> 0x1620
[4626] [M]: 0x0000000080020F44 (0x1620B023) sd sp, 0x160(ra)
mem[0x0000000080045B38] <- 0x0000000000000001
mem[X,0x0000000080020F48] -> 0x6537
mem[X,0x0000000080020F4A] -> 0x6666
[4627] [M]: 0x0000000080020F48 (0x66666537) lui a0, 0x66666
x10 <- 0x0000000066666000
mem[X,0x0000000080020F4C] -> 0x0513
mem[X,0x0000000080020F4E] -> 0x6665
[4628] [M]: 0x0000000080020F4C (0x66650513) addi a0, a0, 0x666
x10 <- 0x0000000066666666
mem[X,0x0000000080020F50] -> 0x1513
mem[X,0x0000000080020F52] -> 0x00B5
[4629] [M]: 0x0000000080020F50 (0x00B51513) slli a0, a0, 0xb
x10 <- 0x0000033333333000
mem[X,0x0000000080020F54] -> 0x0513
mem[X,0x0000000080020F56] -> 0x3335
[4630] [M]: 0x0000000080020F54 (0x33350513) addi a0, a0, 0x333
x10 <- 0x0000033333333333
mem[X,0x0000000080020F58] -> 0x1513
mem[X,0x0000000080020F5A] -> 0x00B5
[4631] [M]: 0x0000000080020F58 (0x00B51513) slli a0, a0, 0xb
x10 <- 0x0019999999999800
mem[X,0x0000000080020F5C] -> 0x0513
mem[X,0x0000000080020F5E] -> 0x1995
[4632] [M]: 0x0000000080020F5C (0x19950513) addi a0, a0, 0x199
x10 <- 0x0019999999999999
mem[X,0x0000000080020F60] -> 0x1513
mem[X,0x0000000080020F62] -> 0x00A5
[4633] [M]: 0x0000000080020F60 (0x00A51513) slli a0, a0, 0xa
x10 <- 0x6666666666666400
mem[X,0x0000000080020F64] -> 0x0513
mem[X,0x0000000080020F66] -> 0x2665
[4634] [M]: 0x0000000080020F64 (0x26650513) addi a0, a0, 0x266
x10 <- 0x6666666666666666
mem[X,0x0000000080020F68] -> 0x05B7
mem[X,0x0000000080020F6A] -> 0x0000
[4635] [M]: 0x0000000080020F68 (0x000005B7) lui a1, 0x0
x11 <- 0x0000000000000000
mem[X,0x0000000080020F6C] -> 0x8593
mem[X,0x0000000080020F6E] -> 0x0005
[4636] [M]: 0x0000000080020F6C (0x00058593) addi a1, a1, 0x0
x11 <- 0x0000000000000000
mem[X,0x0000000080020F70] -> 0x9593
mem[X,0x0000000080020F72] -> 0x00B5
[4637] [M]: 0x0000000080020F70 (0x00B59593) slli a1, a1, 0xb
x11 <- 0x0000000000000000
mem[X,0x0000000080020F74] -> 0x8593
mem[X,0x0000000080020F76] -> 0x5A85
[4638] [M]: 0x0000000080020F74 (0x5A858593) addi a1, a1, 0x5a8
x11 <- 0x00000000000005A8
mem[X,0x0000000080020F78] -> 0x9593
mem[X,0x0000000080020F7A] -> 0x00B5
[4639] [M]: 0x0000000080020F78 (0x00B59593) slli a1, a1, 0xb
x11 <- 0x00000000002D4000
mem[X,0x0000000080020F7C] -> 0x8593
mem[X,0x0000000080020F7E] -> 0x13C5
[4640] [M]: 0x0000000080020F7C (0x13C58593) addi a1, a1, 0x13c
x11 <- 0x00000000002D413C
mem[X,0x0000000080020F80] -> 0x9593
mem[X,0x0000000080020F82] -> 0x00A5
[4641] [M]: 0x0000000080020F80 (0x00A59593) slli a1, a1, 0xa
x11 <- 0x00000000B504F000
mem[X,0x0000000080020F84] -> 0x8593
mem[X,0x0000000080020F86] -> 0x3345
[4642] [M]: 0x0000000080020F84 (0x33458593) addi a1, a1, 0x334
x11 <- 0x00000000B504F334
mem[X,0x0000000080020F88] -> 0x0113
mem[X,0x0000000080020F8A] -> 0x0000
[4643] [M]: 0x0000000080020F88 (0x00000113) addi sp, zero, 0x0
x2 <- 0x0000000000000000
mem[X,0x0000000080020F8C] -> 0x006F
mem[X,0x0000000080020F8E] -> 0x00C0
[4644] [M]: 0x0000000080020F8C (0x00C0006F) jal zero, 0xc
mem[X,0x0000000080020F98] -> 0x1663
mem[X,0x0000000080020F9A] -> 0x00B5
[4645] [M]: 0x0000000080020F98 (0x00B51663) bne a0, a1, 0xc
mem[X,0x0000000080020FA4] -> 0x0113
mem[X,0x0000000080020FA6] -> 0x0031
[4646] [M]: 0x0000000080020FA4 (0x00310113) addi sp, sp, 0x3
x2 <- 0x0000000000000003
mem[X,0x0000000080020FA8] -> 0x006F
mem[X,0x0000000080020FAA] -> 0x0040
[4647] [M]: 0x0000000080020FA8 (0x0040006F) jal zero, 0x4
mem[X,0x0000000080020FAC] -> 0xB423
mem[X,0x0000000080020FAE] -> 0x1620
[4648] [M]: 0x0000000080020FAC (0x1620B423) sd sp, 0x168(ra)
mem[0x0000000080045B40] <- 0x0000000000000003
mem[X,0x0000000080020FB0] -> 0x0537
mem[X,0x0000000080020FB2] -> 0x0000
[4649] [M]: 0x0000000080020FB0 (0x00000537) lui a0, 0x0
x10 <- 0x0000000000000000
mem[X,0x0000000080020FB4] -> 0x0513
mem[X,0x0000000080020FB6] -> 0xFFF5
[4650] [M]: 0x0000000080020FB4 (0xFFF50513) addi a0, a0, -0x1
x10 <- 0xFFFFFFFFFFFFFFFF
mem[X,0x0000000080020FB8] -> 0x1513
mem[X,0x0000000080020FBA] -> 0x00B5
[4651] [M]: 0x0000000080020FB8 (0x00B51513) slli a0, a0, 0xb
x10 <- 0xFFFFFFFFFFFFF800
mem[X,0x0000000080020FBC] -> 0x0513
mem[X,0x0000000080020FBE] -> 0x2575
[4652] [M]: 0x0000000080020FBC (0x25750513) addi a0, a0, 0x257
x10 <- 0xFFFFFFFFFFFFFA57
mem[X,0x0000000080020FC0] -> 0x1513
mem[X,0x0000000080020FC2] -> 0x00B5
[4653] [M]: 0x0000000080020FC0 (0x00B51513) slli a0, a0, 0xb
x10 <- 0xFFFFFFFFFFD2B800
mem[X,0x0000000080020FC4] -> 0x0513
mem[X,0x0000000080020FC6] -> 0x6C35
[4654] [M]: 0x0000000080020FC4 (0x6C350513) addi a0, a0, 0x6c3
x10 <- 0xFFFFFFFFFFD2BEC3
mem[X,0x0000000080020FC8] -> 0x1513
mem[X,0x0000000080020FCA] -> 0x00A5
[4655] [M]: 0x0000000080020FC8 (0x00A51513) slli a0, a0, 0xa
x10 <- 0xFFFFFFFF4AFB0C00
mem[X,0x0000000080020FCC] -> 0x0513
mem[X,0x0000000080020FCE] -> 0x0CD5
[4656] [M]: 0x0000000080020FCC (0x0CD50513) addi a0, a0, 0xcd
x10 <- 0xFFFFFFFF4AFB0CCD
mem[X,0x0000000080020FD0] -> 0x0593
mem[X,0x0000000080020FD2] -> 0x0030
[4657] [M]: 0x0000000080020FD0 (0x00300593) addi a1, zero, 0x3
x11 <- 0x0000000000000003
mem[X,0x0000000080020FD4] -> 0x0113
mem[X,0x0000000080020FD6] -> 0x0000
[4658] [M]: 0x0000000080020FD4 (0x00000113) addi sp, zero, 0x0
x2 <- 0x0000000000000000
mem[X,0x0000000080020FD8] -> 0x006F
mem[X,0x0000000080020FDA] -> 0x00C0
[4659] [M]: 0x0000000080020FD8 (0x00C0006F) jal zero, 0xc
mem[X,0x0000000080020FE4] -> 0x1063
mem[X,0x0000000080020FE6] -> 0x40B5
[4660] [M]: 0x0000000080020FE4 (0x40B51063) bne a0, a1, 0x400
mem[X,0x00000000800213E4] -> 0x0113
mem[X,0x00000000800213E6] -> 0x0031
[4661] [M]: 0x00000000800213E4 (0x00310113) addi sp, sp, 0x3
x2 <- 0x0000000000000003
mem[X,0x00000000800213E8] -> 0x006F
mem[X,0x00000000800213EA] -> 0x0040
[4662] [M]: 0x00000000800213E8 (0x0040006F) jal zero, 0x4
mem[X,0x00000000800213EC] -> 0xB823
mem[X,0x00000000800213EE] -> 0x1620
[4663] [M]: 0x00000000800213EC (0x1620B823) sd sp, 0x170(ra)
mem[0x0000000080045B48] <- 0x0000000000000003
mem[X,0x00000000800213F0] -> 0x0537
mem[X,0x00000000800213F2] -> 0x0000
[4664] [M]: 0x00000000800213F0 (0x00000537) lui a0, 0x0
x10 <- 0x0000000000000000
mem[X,0x00000000800213F4] -> 0x0513
mem[X,0x00000000800213F6] -> 0xFFF5
[4665] [M]: 0x00000000800213F4 (0xFFF50513) addi a0, a0, -0x1
x10 <- 0xFFFFFFFFFFFFFFFF
mem[X,0x00000000800213F8] -> 0x1513
mem[X,0x00000000800213FA] -> 0x00B5
[4666] [M]: 0x00000000800213F8 (0x00B51513) slli a0, a0, 0xb
x10 <- 0xFFFFFFFFFFFFF800
mem[X,0x00000000800213FC] -> 0x0513
mem[X,0x00000000800213FE] -> 0x2575
[4667] [M]: 0x00000000800213FC (0x25750513) addi a0, a0, 0x257
x10 <- 0xFFFFFFFFFFFFFA57
mem[X,0x0000000080021400] -> 0x1513
mem[X,0x0000000080021402] -> 0x00B5
[4668] [M]: 0x0000000080021400 (0x00B51513) slli a0, a0, 0xb
x10 <- 0xFFFFFFFFFFD2B800
mem[X,0x0000000080021404] -> 0x0513
mem[X,0x0000000080021406] -> 0x6C35
[4669] [M]: 0x0000000080021404 (0x6C350513) addi a0, a0, 0x6c3
x10 <- 0xFFFFFFFFFFD2BEC3
mem[X,0x0000000080021408] -> 0x1513
mem[X,0x000000008002140A] -> 0x00A5
[4670] [M]: 0x0000000080021408 (0x00A51513) slli a0, a0, 0xa
x10 <- 0xFFFFFFFF4AFB0C00
mem[X,0x000000008002140C] -> 0x0513
mem[X,0x000000008002140E] -> 0x0CD5
[4671] [M]: 0x000000008002140C (0x0CD50513) addi a0, a0, 0xcd
x10 <- 0xFFFFFFFF4AFB0CCD
mem[X,0x0000000080021410] -> 0x55B7
mem[X,0x0000000080021412] -> 0x5555
[4672] [M]: 0x0000000080021410 (0x555555B7) lui a1, 0x55555
x11 <- 0x0000000055555000
mem[X,0x0000000080021414] -> 0x8593
mem[X,0x0000000080021416] -> 0x5555
[4673] [M]: 0x0000000080021414 (0x55558593) addi a1, a1, 0x555
x11 <- 0x0000000055555555
mem[X,0x0000000080021418] -> 0x9593
mem[X,0x000000008002141A] -> 0x00B5
[4674] [M]: 0x0000000080021418 (0x00B59593) slli a1, a1, 0xb
x11 <- 0x000002AAAAAAA800
mem[X,0x000000008002141C] -> 0x8593
mem[X,0x000000008002141E] -> 0x2AA5
[4675] [M]: 0x000000008002141C (0x2AA58593) addi a1, a1, 0x2aa
x11 <- 0x000002AAAAAAAAAA
mem[X,0x0000000080021420] -> 0x9593
mem[X,0x0000000080021422] -> 0x00B5
[4676] [M]: 0x0000000080021420 (0x00B59593) slli a1, a1, 0xb
x11 <- 0x0015555555555000
mem[X,0x0000000080021424] -> 0x8593
mem[X,0x0000000080021426] -> 0x5555
[4677] [M]: 0x0000000080021424 (0x55558593) addi a1, a1, 0x555
x11 <- 0x0015555555555555
mem[X,0x0000000080021428] -> 0x9593
mem[X,0x000000008002142A] -> 0x00A5
[4678] [M]: 0x0000000080021428 (0x00A59593) slli a1, a1, 0xa
x11 <- 0x5555555555555400
mem[X,0x000000008002142C] -> 0x8593
mem[X,0x000000008002142E] -> 0x1555
[4679] [M]: 0x000000008002142C (0x15558593) addi a1, a1, 0x155
x11 <- 0x5555555555555555
mem[X,0x0000000080021430] -> 0x0113
mem[X,0x0000000080021432] -> 0x0000
[4680] [M]: 0x0000000080021430 (0x00000113) addi sp, zero, 0x0
x2 <- 0x0000000000000000
mem[X,0x0000000080021434] -> 0x006F
mem[X,0x0000000080021436] -> 0x2B10
[4681] [M]: 0x0000000080021434 (0x2B10006F) jal zero, 0xab0
mem[X,0x0000000080021EE4] -> 0x1A63
mem[X,0x0000000080021EE6] -> 0xD4B5
[4682] [M]: 0x0000000080021EE4 (0xD4B51A63) bne a0, a1, -0xaac
mem[X,0x0000000080021438] -> 0x0113
mem[X,0x000000008002143A] -> 0x0011
[4683] [M]: 0x0000000080021438 (0x00110113) addi sp, sp, 0x1
x2 <- 0x0000000000000001
mem[X,0x000000008002143C] -> 0x006F
mem[X,0x000000008002143E] -> 0x2BD0
[4684] [M]: 0x000000008002143C (0x2BD0006F) jal zero, 0xabc
mem[X,0x0000000080021EF8] -> 0xBC23
mem[X,0x0000000080021EFA] -> 0x1620
[4685] [M]: 0x0000000080021EF8 (0x1620BC23) sd sp, 0x178(ra)
mem[0x0000000080045B50] <- 0x0000000000000001
mem[X,0x0000000080021EFC] -> 0x0537
mem[X,0x0000000080021EFE] -> 0x0000
[4686] [M]: 0x0000000080021EFC (0x00000537) lui a0, 0x0
x10 <- 0x0000000000000000
mem[X,0x0000000080021F00] -> 0x0513
mem[X,0x0000000080021F02] -> 0xFFF5
[4687] [M]: 0x0000000080021F00 (0xFFF50513) addi a0, a0, -0x1
x10 <- 0xFFFFFFFFFFFFFFFF
mem[X,0x0000000080021F04] -> 0x1513
mem[X,0x0000000080021F06] -> 0x00B5
[4688] [M]: 0x0000000080021F04 (0x00B51513) slli a0, a0, 0xb
x10 <- 0xFFFFFFFFFFFFF800
mem[X,0x0000000080021F08] -> 0x0513
mem[X,0x0000000080021F0A] -> 0x2575
[4689] [M]: 0x0000000080021F08 (0x25750513) addi a0, a0, 0x257
x10 <- 0xFFFFFFFFFFFFFA57
mem[X,0x0000000080021F0C] -> 0x1513
mem[X,0x0000000080021F0E] -> 0x00B5
[4690] [M]: 0x0000000080021F0C (0x00B51513) slli a0, a0, 0xb
x10 <- 0xFFFFFFFFFFD2B800
mem[X,0x0000000080021F10] -> 0x0513
mem[X,0x0000000080021F12] -> 0x6C35
[4691] [M]: 0x0000000080021F10 (0x6C350513) addi a0, a0, 0x6c3
x10 <- 0xFFFFFFFFFFD2BEC3
mem[X,0x0000000080021F14] -> 0x1513
mem[X,0x0000000080021F16] -> 0x00A5
[4692] [M]: 0x0000000080021F14 (0x00A51513) slli a0, a0, 0xa
x10 <- 0xFFFFFFFF4AFB0C00
mem[X,0x0000000080021F18] -> 0x0513
mem[X,0x0000000080021F1A] -> 0x0CD5
[4693] [M]: 0x0000000080021F18 (0x0CD50513) addi a0, a0, 0xcd
x10 <- 0xFFFFFFFF4AFB0CCD
mem[X,0x0000000080021F1C] -> 0xB5B7
mem[X,0x0000000080021F1E] -> 0xAAAA
[4694] [M]: 0x0000000080021F1C (0xAAAAB5B7) lui a1, -0x55555
x11 <- 0xFFFFFFFFAAAAB000
mem[X,0x0000000080021F20] -> 0x8593
mem[X,0x0000000080021F22] -> 0xAAA5
[4695] [M]: 0x0000000080021F20 (0xAAA58593) addi a1, a1, -0x556
x11 <- 0xFFFFFFFFAAAAAAAA
mem[X,0x0000000080021F24] -> 0x9593
mem[X,0x0000000080021F26] -> 0x00B5
[4696] [M]: 0x0000000080021F24 (0x00B59593) slli a1, a1, 0xb
x11 <- 0xFFFFFD5555555000
mem[X,0x0000000080021F28] -> 0x8593
mem[X,0x0000000080021F2A] -> 0x5555
[4697] [M]: 0x0000000080021F28 (0x55558593) addi a1, a1, 0x555
x11 <- 0xFFFFFD5555555555
mem[X,0x0000000080021F2C] -> 0x9593
mem[X,0x0000000080021F2E] -> 0x00B5
[4698] [M]: 0x0000000080021F2C (0x00B59593) slli a1, a1, 0xb
x11 <- 0xFFEAAAAAAAAAA800
mem[X,0x0000000080021F30] -> 0x8593
mem[X,0x0000000080021F32] -> 0x2AA5
[4699] [M]: 0x0000000080021F30 (0x2AA58593) addi a1, a1, 0x2aa
x11 <- 0xFFEAAAAAAAAAAAAA
clint::tick mtime <- 0x000000000000002F
 clint timer pending at mtime 0x000000000000002F
htif::tick 0x0000000000000000
mem[X,0x0000000080021F34] -> 0x9593
mem[X,0x0000000080021F36] -> 0x00A5
[4700] [M]: 0x0000000080021F34 (0x00A59593) slli a1, a1, 0xa
x11 <- 0xAAAAAAAAAAAAA800
mem[X,0x0000000080021F38] -> 0x8593
mem[X,0x0000000080021F3A] -> 0x2AA5
[4701] [M]: 0x0000000080021F38 (0x2AA58593) addi a1, a1, 0x2aa
x11 <- 0xAAAAAAAAAAAAAAAA
mem[X,0x0000000080021F3C] -> 0x0113
mem[X,0x0000000080021F3E] -> 0x0000
[4702] [M]: 0x0000000080021F3C (0x00000113) addi sp, zero, 0x0
x2 <- 0x0000000000000000
mem[X,0x0000000080021F40] -> 0x006F
mem[X,0x0000000080021F42] -> 0x00C0
[4703] [M]: 0x0000000080021F40 (0x00C0006F) jal zero, 0xc
mem[X,0x0000000080021F4C] -> 0x1063
mem[X,0x0000000080021F4E] -> 0x02B5
[4704] [M]: 0x0000000080021F4C (0x02B51063) bne a0, a1, 0x20
mem[X,0x0000000080021F6C] -> 0x0113
mem[X,0x0000000080021F6E] -> 0x0031
[4705] [M]: 0x0000000080021F6C (0x00310113) addi sp, sp, 0x3
x2 <- 0x0000000000000003
mem[X,0x0000000080021F70] -> 0x006F
mem[X,0x0000000080021F72] -> 0x0040
[4706] [M]: 0x0000000080021F70 (0x0040006F) jal zero, 0x4
mem[X,0x0000000080021F74] -> 0xB023
mem[X,0x0000000080021F76] -> 0x1820
[4707] [M]: 0x0000000080021F74 (0x1820B023) sd sp, 0x180(ra)
mem[0x0000000080045B58] <- 0x0000000000000003
mem[X,0x0000000080021F78] -> 0x0537
mem[X,0x0000000080021F7A] -> 0x0000
[4708] [M]: 0x0000000080021F78 (0x00000537) lui a0, 0x0
x10 <- 0x0000000000000000
mem[X,0x0000000080021F7C] -> 0x0513
mem[X,0x0000000080021F7E] -> 0xFFF5
[4709] [M]: 0x0000000080021F7C (0xFFF50513) addi a0, a0, -0x1
x10 <- 0xFFFFFFFFFFFFFFFF
mem[X,0x0000000080021F80] -> 0x1513
mem[X,0x0000000080021F82] -> 0x00B5
[4710] [M]: 0x0000000080021F80 (0x00B51513) slli a0, a0, 0xb
x10 <- 0xFFFFFFFFFFFFF800
mem[X,0x0000000080021F84] -> 0x0513
mem[X,0x0000000080021F86] -> 0x2575
[4711] [M]: 0x0000000080021F84 (0x25750513) addi a0, a0, 0x257
x10 <- 0xFFFFFFFFFFFFFA57
mem[X,0x0000000080021F88] -> 0x1513
mem[X,0x0000000080021F8A] -> 0x00B5
[4712] [M]: 0x0000000080021F88 (0x00B51513) slli a0, a0, 0xb
x10 <- 0xFFFFFFFFFFD2B800
mem[X,0x0000000080021F8C] -> 0x0513
mem[X,0x0000000080021F8E] -> 0x6C35
[4713] [M]: 0x0000000080021F8C (0x6C350513) addi a0, a0, 0x6c3
x10 <- 0xFFFFFFFFFFD2BEC3
mem[X,0x0000000080021F90] -> 0x1513
mem[X,0x0000000080021F92] -> 0x00A5
[4714] [M]: 0x0000000080021F90 (0x00A51513) slli a0, a0, 0xa
x10 <- 0xFFFFFFFF4AFB0C00
mem[X,0x0000000080021F94] -> 0x0513
mem[X,0x0000000080021F96] -> 0x0CD5
[4715] [M]: 0x0000000080021F94 (0x0CD50513) addi a0, a0, 0xcd
x10 <- 0xFFFFFFFF4AFB0CCD
mem[X,0x0000000080021F98] -> 0x0593
mem[X,0x0000000080021F9A] -> 0x0050
[4716] [M]: 0x0000000080021F98 (0x00500593) addi a1, zero, 0x5
x11 <- 0x0000000000000005
mem[X,0x0000000080021F9C] -> 0x0113
mem[X,0x0000000080021F9E] -> 0x0000
[4717] [M]: 0x0000000080021F9C (0x00000113) addi sp, zero, 0x0
x2 <- 0x0000000000000000
mem[X,0x0000000080021FA0] -> 0x006F
mem[X,0x0000000080021FA2] -> 0x00C0
[4718] [M]: 0x0000000080021FA0 (0x00C0006F) jal zero, 0xc
mem[X,0x0000000080021FAC] -> 0x1663
mem[X,0x0000000080021FAE] -> 0x00B5
[4719] [M]: 0x0000000080021FAC (0x00B51663) bne a0, a1, 0xc
mem[X,0x0000000080021FB8] -> 0x0113
mem[X,0x0000000080021FBA] -> 0x0031
[4720] [M]: 0x0000000080021FB8 (0x00310113) addi sp, sp, 0x3
x2 <- 0x0000000000000003
mem[X,0x0000000080021FBC] -> 0x006F
mem[X,0x0000000080021FBE] -> 0x0040
[4721] [M]: 0x0000000080021FBC (0x0040006F) jal zero, 0x4
mem[X,0x0000000080021FC0] -> 0xB423
mem[X,0x0000000080021FC2] -> 0x1820
[4722] [M]: 0x0000000080021FC0 (0x1820B423) sd sp, 0x188(ra)
mem[0x0000000080045B60] <- 0x0000000000000003
mem[X,0x0000000080021FC4] -> 0x0537
mem[X,0x0000000080021FC6] -> 0x0000
[4723] [M]: 0x0000000080021FC4 (0x00000537) lui a0, 0x0
x10 <- 0x0000000000000000
mem[X,0x0000000080021FC8] -> 0x0513
mem[X,0x0000000080021FCA] -> 0xFFF5
[4724] [M]: 0x0000000080021FC8 (0xFFF50513) addi a0, a0, -0x1
x10 <- 0xFFFFFFFFFFFFFFFF
mem[X,0x0000000080021FCC] -> 0x1513
mem[X,0x0000000080021FCE] -> 0x00B5
[4725] [M]: 0x0000000080021FCC (0x00B51513) slli a0, a0, 0xb
x10 <- 0xFFFFFFFFFFFFF800
mem[X,0x0000000080021FD0] -> 0x0513
mem[X,0x0000000080021FD2] -> 0x2575
[4726] [M]: 0x0000000080021FD0 (0x25750513) addi a0, a0, 0x257
x10 <- 0xFFFFFFFFFFFFFA57
mem[X,0x0000000080021FD4] -> 0x1513
mem[X,0x0000000080021FD6] -> 0x00B5
[4727] [M]: 0x0000000080021FD4 (0x00B51513) slli a0, a0, 0xb
x10 <- 0xFFFFFFFFFFD2B800
mem[X,0x0000000080021FD8] -> 0x0513
mem[X,0x0000000080021FDA] -> 0x6C35
[4728] [M]: 0x0000000080021FD8 (0x6C350513) addi a0, a0, 0x6c3
x10 <- 0xFFFFFFFFFFD2BEC3
mem[X,0x0000000080021FDC] -> 0x1513
mem[X,0x0000000080021FDE] -> 0x00A5
[4729] [M]: 0x0000000080021FDC (0x00A51513) slli a0, a0, 0xa
x10 <- 0xFFFFFFFF4AFB0C00
mem[X,0x0000000080021FE0] -> 0x0513
mem[X,0x0000000080021FE2] -> 0x0CD5
[4730] [M]: 0x0000000080021FE0 (0x0CD50513) addi a0, a0, 0xcd
x10 <- 0xFFFFFFFF4AFB0CCD
mem[X,0x0000000080021FE4] -> 0x35B7
mem[X,0x0000000080021FE6] -> 0x3333
[4731] [M]: 0x0000000080021FE4 (0x333335B7) lui a1, 0x33333
x11 <- 0x0000000033333000
mem[X,0x0000000080021FE8] -> 0x8593
mem[X,0x0000000080021FEA] -> 0x3335
[4732] [M]: 0x0000000080021FE8 (0x33358593) addi a1, a1, 0x333
x11 <- 0x0000000033333333
mem[X,0x0000000080021FEC] -> 0x9593
mem[X,0x0000000080021FEE] -> 0x00B5
[4733] [M]: 0x0000000080021FEC (0x00B59593) slli a1, a1, 0xb
x11 <- 0x0000019999999800
mem[X,0x0000000080021FF0] -> 0x8593
mem[X,0x0000000080021FF2] -> 0x1995
[4734] [M]: 0x0000000080021FF0 (0x19958593) addi a1, a1, 0x199
x11 <- 0x0000019999999999
mem[X,0x0000000080021FF4] -> 0x9593
mem[X,0x0000000080021FF6] -> 0x00B5
[4735] [M]: 0x0000000080021FF4 (0x00B59593) slli a1, a1, 0xb
x11 <- 0x000CCCCCCCCCC800
mem[X,0x0000000080021FF8] -> 0x8593
mem[X,0x0000000080021FFA] -> 0x4CC5
[4736] [M]: 0x0000000080021FF8 (0x4CC58593) addi a1, a1, 0x4cc
x11 <- 0x000CCCCCCCCCCCCC
mem[X,0x0000000080021FFC] -> 0x9593
mem[X,0x0000000080021FFE] -> 0x00A5
[4737] [M]: 0x0000000080021FFC (0x00A59593) slli a1, a1, 0xa
x11 <- 0x3333333333333000
mem[X,0x0000000080022000] -> 0x8593
mem[X,0x0000000080022002] -> 0x3335
[4738] [M]: 0x0000000080022000 (0x33358593) addi a1, a1, 0x333
x11 <- 0x3333333333333333
mem[X,0x0000000080022004] -> 0x0113
mem[X,0x0000000080022006] -> 0x0000
[4739] [M]: 0x0000000080022004 (0x00000113) addi sp, zero, 0x0
x2 <- 0x0000000000000000
mem[X,0x0000000080022008] -> 0x006F
mem[X,0x000000008002200A] -> 0x00C0
[4740] [M]: 0x0000000080022008 (0x00C0006F) jal zero, 0xc
mem[X,0x0000000080022014] -> 0x1863
mem[X,0x0000000080022016] -> 0x00B5
[4741] [M]: 0x0000000080022014 (0x00B51863) bne a0, a1, 0x10
mem[X,0x0000000080022024] -> 0x0113
mem[X,0x0000000080022026] -> 0x0031
[4742] [M]: 0x0000000080022024 (0x00310113) addi sp, sp, 0x3
x2 <- 0x0000000000000003
mem[X,0x0000000080022028] -> 0x006F
mem[X,0x000000008002202A] -> 0x0040
[4743] [M]: 0x0000000080022028 (0x0040006F) jal zero, 0x4
mem[X,0x000000008002202C] -> 0xB823
mem[X,0x000000008002202E] -> 0x1820
[4744] [M]: 0x000000008002202C (0x1820B823) sd sp, 0x190(ra)
mem[0x0000000080045B68] <- 0x0000000000000003
mem[X,0x0000000080022030] -> 0x0537
mem[X,0x0000000080022032] -> 0x0000
[4745] [M]: 0x0000000080022030 (0x00000537) lui a0, 0x0
x10 <- 0x0000000000000000
mem[X,0x0000000080022034] -> 0x0513
mem[X,0x0000000080022036] -> 0xFFF5
[4746] [M]: 0x0000000080022034 (0xFFF50513) addi a0, a0, -0x1
x10 <- 0xFFFFFFFFFFFFFFFF
mem[X,0x0000000080022038] -> 0x1513
mem[X,0x000000008002203A] -> 0x00B5
[4747] [M]: 0x0000000080022038 (0x00B51513) slli a0, a0, 0xb
x10 <- 0xFFFFFFFFFFFFF800
mem[X,0x000000008002203C] -> 0x0513
mem[X,0x000000008002203E] -> 0x2575
[4748] [M]: 0x000000008002203C (0x25750513) addi a0, a0, 0x257
x10 <- 0xFFFFFFFFFFFFFA57
mem[X,0x0000000080022040] -> 0x1513
mem[X,0x0000000080022042] -> 0x00B5
[4749] [M]: 0x0000000080022040 (0x00B51513) slli a0, a0, 0xb
x10 <- 0xFFFFFFFFFFD2B800
mem[X,0x0000000080022044] -> 0x0513
mem[X,0x0000000080022046] -> 0x6C35
[4750] [M]: 0x0000000080022044 (0x6C350513) addi a0, a0, 0x6c3
x10 <- 0xFFFFFFFFFFD2BEC3
mem[X,0x0000000080022048] -> 0x1513
mem[X,0x000000008002204A] -> 0x00A5
[4751] [M]: 0x0000000080022048 (0x00A51513) slli a0, a0, 0xa
x10 <- 0xFFFFFFFF4AFB0C00
mem[X,0x000000008002204C] -> 0x0513
mem[X,0x000000008002204E] -> 0x0CD5
[4752] [M]: 0x000000008002204C (0x0CD50513) addi a0, a0, 0xcd
x10 <- 0xFFFFFFFF4AFB0CCD
mem[X,0x0000000080022050] -> 0x65B7
mem[X,0x0000000080022052] -> 0x6666
[4753] [M]: 0x0000000080022050 (0x666665B7) lui a1, 0x66666
x11 <- 0x0000000066666000
mem[X,0x0000000080022054] -> 0x8593
mem[X,0x0000000080022056] -> 0x6665
[4754] [M]: 0x0000000080022054 (0x66658593) addi a1, a1, 0x666
x11 <- 0x0000000066666666
mem[X,0x0000000080022058] -> 0x9593
mem[X,0x000000008002205A] -> 0x00B5
[4755] [M]: 0x0000000080022058 (0x00B59593) slli a1, a1, 0xb
x11 <- 0x0000033333333000
mem[X,0x000000008002205C] -> 0x8593
mem[X,0x000000008002205E] -> 0x3335
[4756] [M]: 0x000000008002205C (0x33358593) addi a1, a1, 0x333
x11 <- 0x0000033333333333
mem[X,0x0000000080022060] -> 0x9593
mem[X,0x0000000080022062] -> 0x00B5
[4757] [M]: 0x0000000080022060 (0x00B59593) slli a1, a1, 0xb
x11 <- 0x0019999999999800
mem[X,0x0000000080022064] -> 0x8593
mem[X,0x0000000080022066] -> 0x1995
[4758] [M]: 0x0000000080022064 (0x19958593) addi a1, a1, 0x199
x11 <- 0x0019999999999999
mem[X,0x0000000080022068] -> 0x9593
mem[X,0x000000008002206A] -> 0x00A5
[4759] [M]: 0x0000000080022068 (0x00A59593) slli a1, a1, 0xa
x11 <- 0x6666666666666400
mem[X,0x000000008002206C] -> 0x8593
mem[X,0x000000008002206E] -> 0x2665
[4760] [M]: 0x000000008002206C (0x26658593) addi a1, a1, 0x266
x11 <- 0x6666666666666666
mem[X,0x0000000080022070] -> 0x0113
mem[X,0x0000000080022072] -> 0x0000
[4761] [M]: 0x0000000080022070 (0x00000113) addi sp, zero, 0x0
x2 <- 0x0000000000000000
mem[X,0x0000000080022074] -> 0x006F
mem[X,0x0000000080022076] -> 0x00C0
[4762] [M]: 0x0000000080022074 (0x00C0006F) jal zero, 0xc
mem[X,0x0000000080022080] -> 0x1063
mem[X,0x0000000080022082] -> 0x40B5
[4763] [M]: 0x0000000080022080 (0x40B51063) bne a0, a1, 0x400
mem[X,0x0000000080022480] -> 0x0113
mem[X,0x0000000080022482] -> 0x0031
[4764] [M]: 0x0000000080022480 (0x00310113) addi sp, sp, 0x3
x2 <- 0x0000000000000003
mem[X,0x0000000080022484] -> 0x006F
mem[X,0x0000000080022486] -> 0x0040
[4765] [M]: 0x0000000080022484 (0x0040006F) jal zero, 0x4
mem[X,0x0000000080022488] -> 0xBC23
mem[X,0x000000008002248A] -> 0x1820
[4766] [M]: 0x0000000080022488 (0x1820BC23) sd sp, 0x198(ra)
mem[0x0000000080045B70] <- 0x0000000000000003
mem[X,0x000000008002248C] -> 0x0537
mem[X,0x000000008002248E] -> 0x0000
[4767] [M]: 0x000000008002248C (0x00000537) lui a0, 0x0
x10 <- 0x0000000000000000
mem[X,0x0000000080022490] -> 0x0513
mem[X,0x0000000080022492] -> 0xFFF5
[4768] [M]: 0x0000000080022490 (0xFFF50513) addi a0, a0, -0x1
x10 <- 0xFFFFFFFFFFFFFFFF
mem[X,0x0000000080022494] -> 0x1513
mem[X,0x0000000080022496] -> 0x00B5
[4769] [M]: 0x0000000080022494 (0x00B51513) slli a0, a0, 0xb
x10 <- 0xFFFFFFFFFFFFF800
mem[X,0x0000000080022498] -> 0x0513
mem[X,0x000000008002249A] -> 0x2575
[4770] [M]: 0x0000000080022498 (0x25750513) addi a0, a0, 0x257
x10 <- 0xFFFFFFFFFFFFFA57
mem[X,0x000000008002249C] -> 0x1513
mem[X,0x000000008002249E] -> 0x00B5
[4771] [M]: 0x000000008002249C (0x00B51513) slli a0, a0, 0xb
x10 <- 0xFFFFFFFFFFD2B800
mem[X,0x00000000800224A0] -> 0x0513
mem[X,0x00000000800224A2] -> 0x6C35
[4772] [M]: 0x00000000800224A0 (0x6C350513) addi a0, a0, 0x6c3
x10 <- 0xFFFFFFFFFFD2BEC3
mem[X,0x00000000800224A4] -> 0x1513
mem[X,0x00000000800224A6] -> 0x00A5
[4773] [M]: 0x00000000800224A4 (0x00A51513) slli a0, a0, 0xa
x10 <- 0xFFFFFFFF4AFB0C00
mem[X,0x00000000800224A8] -> 0x0513
mem[X,0x00000000800224AA] -> 0x0CD5
[4774] [M]: 0x00000000800224A8 (0x0CD50513) addi a0, a0, 0xcd
x10 <- 0xFFFFFFFF4AFB0CCD
mem[X,0x00000000800224AC] -> 0x05B7
mem[X,0x00000000800224AE] -> 0x0000
[4775] [M]: 0x00000000800224AC (0x000005B7) lui a1, 0x0
x11 <- 0x0000000000000000
mem[X,0x00000000800224B0] -> 0x8593
mem[X,0x00000000800224B2] -> 0xFFF5
[4776] [M]: 0x00000000800224B0 (0xFFF58593) addi a1, a1, -0x1
x11 <- 0xFFFFFFFFFFFFFFFF
mem[X,0x00000000800224B4] -> 0x9593
mem[X,0x00000000800224B6] -> 0x00B5
[4777] [M]: 0x00000000800224B4 (0x00B59593) slli a1, a1, 0xb
x11 <- 0xFFFFFFFFFFFFF800
mem[X,0x00000000800224B8] -> 0x8593
mem[X,0x00000000800224BA] -> 0x2575
[4778] [M]: 0x00000000800224B8 (0x25758593) addi a1, a1, 0x257
x11 <- 0xFFFFFFFFFFFFFA57
mem[X,0x00000000800224BC] -> 0x9593
mem[X,0x00000000800224BE] -> 0x00B5
[4779] [M]: 0x00000000800224BC (0x00B59593) slli a1, a1, 0xb
x11 <- 0xFFFFFFFFFFD2B800
mem[X,0x00000000800224C0] -> 0x8593
mem[X,0x00000000800224C2] -> 0x6C35
[4780] [M]: 0x00000000800224C0 (0x6C358593) addi a1, a1, 0x6c3
x11 <- 0xFFFFFFFFFFD2BEC3
mem[X,0x00000000800224C4] -> 0x9593
mem[X,0x00000000800224C6] -> 0x00A5
[4781] [M]: 0x00000000800224C4 (0x00A59593) slli a1, a1, 0xa
x11 <- 0xFFFFFFFF4AFB0C00
mem[X,0x00000000800224C8] -> 0x8593
mem[X,0x00000000800224CA] -> 0x0CD5
[4782] [M]: 0x00000000800224C8 (0x0CD58593) addi a1, a1, 0xcd
x11 <- 0xFFFFFFFF4AFB0CCD
mem[X,0x00000000800224CC] -> 0x0113
mem[X,0x00000000800224CE] -> 0x0000
[4783] [M]: 0x00000000800224CC (0x00000113) addi sp, zero, 0x0
x2 <- 0x0000000000000000
mem[X,0x00000000800224D0] -> 0x006F
mem[X,0x00000000800224D2] -> 0x00C0
[4784] [M]: 0x00000000800224D0 (0x00C0006F) jal zero, 0xc
mem[X,0x00000000800224DC] -> 0x1663
mem[X,0x00000000800224DE] -> 0x00B5
[4785] [M]: 0x00000000800224DC (0x00B51663) bne a0, a1, 0xc
mem[X,0x00000000800224E0] -> 0x0113
mem[X,0x00000000800224E2] -> 0x0021
[4786] [M]: 0x00000000800224E0 (0x00210113) addi sp, sp, 0x2
x2 <- 0x0000000000000002
mem[X,0x00000000800224E4] -> 0x006F
mem[X,0x00000000800224E6] -> 0x00C0
[4787] [M]: 0x00000000800224E4 (0x00C0006F) jal zero, 0xc
mem[X,0x00000000800224F0] -> 0xB023
mem[X,0x00000000800224F2] -> 0x1A20
[4788] [M]: 0x00000000800224F0 (0x1A20B023) sd sp, 0x1a0(ra)
mem[0x0000000080045B78] <- 0x0000000000000002
mem[X,0x00000000800224F4] -> 0x0537
mem[X,0x00000000800224F6] -> 0x0000
[4789] [M]: 0x00000000800224F4 (0x00000537) lui a0, 0x0
x10 <- 0x0000000000000000
mem[X,0x00000000800224F8] -> 0x0513
mem[X,0x00000000800224FA] -> 0xFFF5
[4790] [M]: 0x00000000800224F8 (0xFFF50513) addi a0, a0, -0x1
x10 <- 0xFFFFFFFFFFFFFFFF
mem[X,0x00000000800224FC] -> 0x1513
mem[X,0x00000000800224FE] -> 0x00B5
[4791] [M]: 0x00000000800224FC (0x00B51513) slli a0, a0, 0xb
x10 <- 0xFFFFFFFFFFFFF800
mem[X,0x0000000080022500] -> 0x0513
mem[X,0x0000000080022502] -> 0x2575
[4792] [M]: 0x0000000080022500 (0x25750513) addi a0, a0, 0x257
x10 <- 0xFFFFFFFFFFFFFA57
mem[X,0x0000000080022504] -> 0x1513
mem[X,0x0000000080022506] -> 0x00B5
[4793] [M]: 0x0000000080022504 (0x00B51513) slli a0, a0, 0xb
x10 <- 0xFFFFFFFFFFD2B800
mem[X,0x0000000080022508] -> 0x0513
mem[X,0x000000008002250A] -> 0x6C35
[4794] [M]: 0x0000000080022508 (0x6C350513) addi a0, a0, 0x6c3
x10 <- 0xFFFFFFFFFFD2BEC3
mem[X,0x000000008002250C] -> 0x1513
mem[X,0x000000008002250E] -> 0x00A5
[4795] [M]: 0x000000008002250C (0x00A51513) slli a0, a0, 0xa
x10 <- 0xFFFFFFFF4AFB0C00
mem[X,0x0000000080022510] -> 0x0513
mem[X,0x0000000080022512] -> 0x0CD5
[4796] [M]: 0x0000000080022510 (0x0CD50513) addi a0, a0, 0xcd
x10 <- 0xFFFFFFFF4AFB0CCD
mem[X,0x0000000080022514] -> 0x05B7
mem[X,0x0000000080022516] -> 0x0000
[4797] [M]: 0x0000000080022514 (0x000005B7) lui a1, 0x0
x11 <- 0x0000000000000000
mem[X,0x0000000080022518] -> 0x8593
mem[X,0x000000008002251A] -> 0x0005
[4798] [M]: 0x0000000080022518 (0x00058593) addi a1, a1, 0x0
x11 <- 0x0000000000000000
mem[X,0x000000008002251C] -> 0x9593
mem[X,0x000000008002251E] -> 0x00B5
[4799] [M]: 0x000000008002251C (0x00B59593) slli a1, a1, 0xb
x11 <- 0x0000000000000000
clint::tick mtime <- 0x0000000000000030
 clint timer pending at mtime 0x0000000000000030
htif::tick 0x0000000000000000
mem[X,0x0000000080022520] -> 0x8593
mem[X,0x0000000080022522] -> 0x5A85
[4800] [M]: 0x0000000080022520 (0x5A858593) addi a1, a1, 0x5a8
x11 <- 0x00000000000005A8
mem[X,0x0000000080022524] -> 0x9593
mem[X,0x0000000080022526] -> 0x00B5
[4801] [M]: 0x0000000080022524 (0x00B59593) slli a1, a1, 0xb
x11 <- 0x00000000002D4000
mem[X,0x0000000080022528] -> 0x8593
mem[X,0x000000008002252A] -> 0x13C5
[4802] [M]: 0x0000000080022528 (0x13C58593) addi a1, a1, 0x13c
x11 <- 0x00000000002D413C
mem[X,0x000000008002252C] -> 0x9593
mem[X,0x000000008002252E] -> 0x00A5
[4803] [M]: 0x000000008002252C (0x00A59593) slli a1, a1, 0xa
x11 <- 0x00000000B504F000
mem[X,0x0000000080022530] -> 0x8593
mem[X,0x0000000080022532] -> 0x3335
[4804] [M]: 0x0000000080022530 (0x33358593) addi a1, a1, 0x333
x11 <- 0x00000000B504F333
mem[X,0x0000000080022534] -> 0x0113
mem[X,0x0000000080022536] -> 0x0000
[4805] [M]: 0x0000000080022534 (0x00000113) addi sp, zero, 0x0
x2 <- 0x0000000000000000
mem[X,0x0000000080022538] -> 0x006F
mem[X,0x000000008002253A] -> 0x00C0
[4806] [M]: 0x0000000080022538 (0x00C0006F) jal zero, 0xc
mem[X,0x0000000080022544] -> 0x1063
mem[X,0x0000000080022546] -> 0x08B5
[4807] [M]: 0x0000000080022544 (0x08B51063) bne a0, a1, 0x80
mem[X,0x00000000800225C4] -> 0x0113
mem[X,0x00000000800225C6] -> 0x0031
[4808] [M]: 0x00000000800225C4 (0x00310113) addi sp, sp, 0x3
x2 <- 0x0000000000000003
mem[X,0x00000000800225C8] -> 0x006F
mem[X,0x00000000800225CA] -> 0x0040
[4809] [M]: 0x00000000800225C8 (0x0040006F) jal zero, 0x4
mem[X,0x00000000800225CC] -> 0xB423
mem[X,0x00000000800225CE] -> 0x1A20
[4810] [M]: 0x00000000800225CC (0x1A20B423) sd sp, 0x1a8(ra)
mem[0x0000000080045B80] <- 0x0000000000000003
mem[X,0x00000000800225D0] -> 0x0537
mem[X,0x00000000800225D2] -> 0x0000
[4811] [M]: 0x00000000800225D0 (0x00000537) lui a0, 0x0
x10 <- 0x0000000000000000
mem[X,0x00000000800225D4] -> 0x0513
mem[X,0x00000000800225D6] -> 0xFFF5
[4812] [M]: 0x00000000800225D4 (0xFFF50513) addi a0, a0, -0x1
x10 <- 0xFFFFFFFFFFFFFFFF
mem[X,0x00000000800225D8] -> 0x1513
mem[X,0x00000000800225DA] -> 0x00B5
[4813] [M]: 0x00000000800225D8 (0x00B51513) slli a0, a0, 0xb
x10 <- 0xFFFFFFFFFFFFF800
mem[X,0x00000000800225DC] -> 0x0513
mem[X,0x00000000800225DE] -> 0x2575
[4814] [M]: 0x00000000800225DC (0x25750513) addi a0, a0, 0x257
x10 <- 0xFFFFFFFFFFFFFA57
mem[X,0x00000000800225E0] -> 0x1513
mem[X,0x00000000800225E2] -> 0x00B5
[4815] [M]: 0x00000000800225E0 (0x00B51513) slli a0, a0, 0xb
x10 <- 0xFFFFFFFFFFD2B800
mem[X,0x00000000800225E4] -> 0x0513
mem[X,0x00000000800225E6] -> 0x6C35
[4816] [M]: 0x00000000800225E4 (0x6C350513) addi a0, a0, 0x6c3
x10 <- 0xFFFFFFFFFFD2BEC3
mem[X,0x00000000800225E8] -> 0x1513
mem[X,0x00000000800225EA] -> 0x00A5
[4817] [M]: 0x00000000800225E8 (0x00A51513) slli a0, a0, 0xa
x10 <- 0xFFFFFFFF4AFB0C00
mem[X,0x00000000800225EC] -> 0x0513
mem[X,0x00000000800225EE] -> 0x0CD5
[4818] [M]: 0x00000000800225EC (0x0CD50513) addi a0, a0, 0xcd
x10 <- 0xFFFFFFFF4AFB0CCD
mem[X,0x00000000800225F0] -> 0x0593
mem[X,0x00000000800225F2] -> 0x0020
[4819] [M]: 0x00000000800225F0 (0x00200593) addi a1, zero, 0x2
x11 <- 0x0000000000000002
mem[X,0x00000000800225F4] -> 0x0113
mem[X,0x00000000800225F6] -> 0x0000
[4820] [M]: 0x00000000800225F4 (0x00000113) addi sp, zero, 0x0
x2 <- 0x0000000000000000
mem[X,0x00000000800225F8] -> 0x006F
mem[X,0x00000000800225FA] -> 0x00C0
[4821] [M]: 0x00000000800225F8 (0x00C0006F) jal zero, 0xc
mem[X,0x0000000080022604] -> 0x1663
mem[X,0x0000000080022606] -> 0x00B5
[4822] [M]: 0x0000000080022604 (0x00B51663) bne a0, a1, 0xc
mem[X,0x0000000080022610] -> 0x0113
mem[X,0x0000000080022612] -> 0x0031
[4823] [M]: 0x0000000080022610 (0x00310113) addi sp, sp, 0x3
x2 <- 0x0000000000000003
mem[X,0x0000000080022614] -> 0x006F
mem[X,0x0000000080022616] -> 0x0040
[4824] [M]: 0x0000000080022614 (0x0040006F) jal zero, 0x4
mem[X,0x0000000080022618] -> 0xB823
mem[X,0x000000008002261A] -> 0x1A20
[4825] [M]: 0x0000000080022618 (0x1A20B823) sd sp, 0x1b0(ra)
mem[0x0000000080045B88] <- 0x0000000000000003
mem[X,0x000000008002261C] -> 0x0537
mem[X,0x000000008002261E] -> 0x0000
[4826] [M]: 0x000000008002261C (0x00000537) lui a0, 0x0
x10 <- 0x0000000000000000
mem[X,0x0000000080022620] -> 0x0513
mem[X,0x0000000080022622] -> 0xFFF5
[4827] [M]: 0x0000000080022620 (0xFFF50513) addi a0, a0, -0x1
x10 <- 0xFFFFFFFFFFFFFFFF
mem[X,0x0000000080022624] -> 0x1513
mem[X,0x0000000080022626] -> 0x00B5
[4828] [M]: 0x0000000080022624 (0x00B51513) slli a0, a0, 0xb
x10 <- 0xFFFFFFFFFFFFF800
mem[X,0x0000000080022628] -> 0x0513
mem[X,0x000000008002262A] -> 0x2575
[4829] [M]: 0x0000000080022628 (0x25750513) addi a0, a0, 0x257
x10 <- 0xFFFFFFFFFFFFFA57
mem[X,0x000000008002262C] -> 0x1513
mem[X,0x000000008002262E] -> 0x00B5
[4830] [M]: 0x000000008002262C (0x00B51513) slli a0, a0, 0xb
x10 <- 0xFFFFFFFFFFD2B800
mem[X,0x0000000080022630] -> 0x0513
mem[X,0x0000000080022632] -> 0x6C35
[4831] [M]: 0x0000000080022630 (0x6C350513) addi a0, a0, 0x6c3
x10 <- 0xFFFFFFFFFFD2BEC3
mem[X,0x0000000080022634] -> 0x1513
mem[X,0x0000000080022636] -> 0x00A5
[4832] [M]: 0x0000000080022634 (0x00A51513) slli a0, a0, 0xa
x10 <- 0xFFFFFFFF4AFB0C00
mem[X,0x0000000080022638] -> 0x0513
mem[X,0x000000008002263A] -> 0x0CD5
[4833] [M]: 0x0000000080022638 (0x0CD50513) addi a0, a0, 0xcd
x10 <- 0xFFFFFFFF4AFB0CCD
mem[X,0x000000008002263C] -> 0x55B7
mem[X,0x000000008002263E] -> 0x5555
[4834] [M]: 0x000000008002263C (0x555555B7) lui a1, 0x55555
x11 <- 0x0000000055555000
mem[X,0x0000000080022640] -> 0x8593
mem[X,0x0000000080022642] -> 0x5555
[4835] [M]: 0x0000000080022640 (0x55558593) addi a1, a1, 0x555
x11 <- 0x0000000055555555
mem[X,0x0000000080022644] -> 0x9593
mem[X,0x0000000080022646] -> 0x00B5
[4836] [M]: 0x0000000080022644 (0x00B59593) slli a1, a1, 0xb
x11 <- 0x000002AAAAAAA800
mem[X,0x0000000080022648] -> 0x8593
mem[X,0x000000008002264A] -> 0x2AA5
[4837] [M]: 0x0000000080022648 (0x2AA58593) addi a1, a1, 0x2aa
x11 <- 0x000002AAAAAAAAAA
mem[X,0x000000008002264C] -> 0x9593
mem[X,0x000000008002264E] -> 0x00B5
[4838] [M]: 0x000000008002264C (0x00B59593) slli a1, a1, 0xb
x11 <- 0x0015555555555000
mem[X,0x0000000080022650] -> 0x8593
mem[X,0x0000000080022652] -> 0x5555
[4839] [M]: 0x0000000080022650 (0x55558593) addi a1, a1, 0x555
x11 <- 0x0015555555555555
mem[X,0x0000000080022654] -> 0x9593
mem[X,0x0000000080022656] -> 0x00A5
[4840] [M]: 0x0000000080022654 (0x00A59593) slli a1, a1, 0xa
x11 <- 0x5555555555555400
mem[X,0x0000000080022658] -> 0x8593
mem[X,0x000000008002265A] -> 0x1545
[4841] [M]: 0x0000000080022658 (0x15458593) addi a1, a1, 0x154
x11 <- 0x5555555555555554
mem[X,0x000000008002265C] -> 0x0113
mem[X,0x000000008002265E] -> 0x0000
[4842] [M]: 0x000000008002265C (0x00000113) addi sp, zero, 0x0
x2 <- 0x0000000000000000
mem[X,0x0000000080022660] -> 0x006F
mem[X,0x0000000080022662] -> 0x00C0
[4843] [M]: 0x0000000080022660 (0x00C0006F) jal zero, 0xc
mem[X,0x000000008002266C] -> 0x1663
mem[X,0x000000008002266E] -> 0x00B5
[4844] [M]: 0x000000008002266C (0x00B51663) bne a0, a1, 0xc
mem[X,0x0000000080022678] -> 0x0113
mem[X,0x000000008002267A] -> 0x0031
[4845] [M]: 0x0000000080022678 (0x00310113) addi sp, sp, 0x3
x2 <- 0x0000000000000003
mem[X,0x000000008002267C] -> 0x006F
mem[X,0x000000008002267E] -> 0x0040
[4846] [M]: 0x000000008002267C (0x0040006F) jal zero, 0x4
mem[X,0x0000000080022680] -> 0xBC23
mem[X,0x0000000080022682] -> 0x1A20
[4847] [M]: 0x0000000080022680 (0x1A20BC23) sd sp, 0x1b8(ra)
mem[0x0000000080045B90] <- 0x0000000000000003
mem[X,0x0000000080022684] -> 0x0537
mem[X,0x0000000080022686] -> 0x0000
[4848] [M]: 0x0000000080022684 (0x00000537) lui a0, 0x0
x10 <- 0x0000000000000000
mem[X,0x0000000080022688] -> 0x0513
mem[X,0x000000008002268A] -> 0xFFF5
[4849] [M]: 0x0000000080022688 (0xFFF50513) addi a0, a0, -0x1
x10 <- 0xFFFFFFFFFFFFFFFF
mem[X,0x000000008002268C] -> 0x1513
mem[X,0x000000008002268E] -> 0x00B5
[4850] [M]: 0x000000008002268C (0x00B51513) slli a0, a0, 0xb
x10 <- 0xFFFFFFFFFFFFF800
mem[X,0x0000000080022690] -> 0x0513
mem[X,0x0000000080022692] -> 0x2575
[4851] [M]: 0x0000000080022690 (0x25750513) addi a0, a0, 0x257
x10 <- 0xFFFFFFFFFFFFFA57
mem[X,0x0000000080022694] -> 0x1513
mem[X,0x0000000080022696] -> 0x00B5
[4852] [M]: 0x0000000080022694 (0x00B51513) slli a0, a0, 0xb
x10 <- 0xFFFFFFFFFFD2B800
mem[X,0x0000000080022698] -> 0x0513
mem[X,0x000000008002269A] -> 0x6C35
[4853] [M]: 0x0000000080022698 (0x6C350513) addi a0, a0, 0x6c3
x10 <- 0xFFFFFFFFFFD2BEC3
mem[X,0x000000008002269C] -> 0x1513
mem[X,0x000000008002269E] -> 0x00A5
[4854] [M]: 0x000000008002269C (0x00A51513) slli a0, a0, 0xa
x10 <- 0xFFFFFFFF4AFB0C00
mem[X,0x00000000800226A0] -> 0x0513
mem[X,0x00000000800226A2] -> 0x0CD5
[4855] [M]: 0x00000000800226A0 (0x0CD50513) addi a0, a0, 0xcd
x10 <- 0xFFFFFFFF4AFB0CCD
mem[X,0x00000000800226A4] -> 0x0593
mem[X,0x00000000800226A6] -> 0x0000
[4856] [M]: 0x00000000800226A4 (0x00000593) addi a1, zero, 0x0
x11 <- 0x0000000000000000
mem[X,0x00000000800226A8] -> 0x0113
mem[X,0x00000000800226AA] -> 0x0000
[4857] [M]: 0x00000000800226A8 (0x00000113) addi sp, zero, 0x0
x2 <- 0x0000000000000000
mem[X,0x00000000800226AC] -> 0x006F
mem[X,0x00000000800226AE] -> 0x0050
[4858] [M]: 0x00000000800226AC (0x0050006F) jal zero, 0x804
mem[X,0x0000000080022EB0] -> 0x10E3
mem[X,0x0000000080022EB2] -> 0x80B5
[4859] [M]: 0x0000000080022EB0 (0x80B510E3) bne a0, a1, -0x800
mem[X,0x00000000800226B0] -> 0x0113
mem[X,0x00000000800226B2] -> 0x0011
[4860] [M]: 0x00000000800226B0 (0x00110113) addi sp, sp, 0x1
x2 <- 0x0000000000000001
mem[X,0x00000000800226B4] -> 0x006F
mem[X,0x00000000800226B6] -> 0x0110
[4861] [M]: 0x00000000800226B4 (0x0110006F) jal zero, 0x810
mem[X,0x0000000080022EC4] -> 0xB023
mem[X,0x0000000080022EC6] -> 0x1C20
[4862] [M]: 0x0000000080022EC4 (0x1C20B023) sd sp, 0x1c0(ra)
mem[0x0000000080045B98] <- 0x0000000000000001
mem[X,0x0000000080022EC8] -> 0x0537
mem[X,0x0000000080022ECA] -> 0x0000
[4863] [M]: 0x0000000080022EC8 (0x00000537) lui a0, 0x0
x10 <- 0x0000000000000000
mem[X,0x0000000080022ECC] -> 0x0513
mem[X,0x0000000080022ECE] -> 0xFFF5
[4864] [M]: 0x0000000080022ECC (0xFFF50513) addi a0, a0, -0x1
x10 <- 0xFFFFFFFFFFFFFFFF
mem[X,0x0000000080022ED0] -> 0x1513
mem[X,0x0000000080022ED2] -> 0x00B5
[4865] [M]: 0x0000000080022ED0 (0x00B51513) slli a0, a0, 0xb
x10 <- 0xFFFFFFFFFFFFF800
mem[X,0x0000000080022ED4] -> 0x0513
mem[X,0x0000000080022ED6] -> 0x2575
[4866] [M]: 0x0000000080022ED4 (0x25750513) addi a0, a0, 0x257
x10 <- 0xFFFFFFFFFFFFFA57
mem[X,0x0000000080022ED8] -> 0x1513
mem[X,0x0000000080022EDA] -> 0x00B5
[4867] [M]: 0x0000000080022ED8 (0x00B51513) slli a0, a0, 0xb
x10 <- 0xFFFFFFFFFFD2B800
mem[X,0x0000000080022EDC] -> 0x0513
mem[X,0x0000000080022EDE] -> 0x6C35
[4868] [M]: 0x0000000080022EDC (0x6C350513) addi a0, a0, 0x6c3
x10 <- 0xFFFFFFFFFFD2BEC3
mem[X,0x0000000080022EE0] -> 0x1513
mem[X,0x0000000080022EE2] -> 0x00A5
[4869] [M]: 0x0000000080022EE0 (0x00A51513) slli a0, a0, 0xa
x10 <- 0xFFFFFFFF4AFB0C00
mem[X,0x0000000080022EE4] -> 0x0513
mem[X,0x0000000080022EE6] -> 0x0CD5
[4870] [M]: 0x0000000080022EE4 (0x0CD50513) addi a0, a0, 0xcd
x10 <- 0xFFFFFFFF4AFB0CCD
mem[X,0x0000000080022EE8] -> 0x0593
mem[X,0x0000000080022EEA] -> 0x0040
[4871] [M]: 0x0000000080022EE8 (0x00400593) addi a1, zero, 0x4
x11 <- 0x0000000000000004
mem[X,0x0000000080022EEC] -> 0x0113
mem[X,0x0000000080022EEE] -> 0x0000
[4872] [M]: 0x0000000080022EEC (0x00000113) addi sp, zero, 0x0
x2 <- 0x0000000000000000
mem[X,0x0000000080022EF0] -> 0x006F
mem[X,0x0000000080022EF2] -> 0x2B10
[4873] [M]: 0x0000000080022EF0 (0x2B10006F) jal zero, 0xab0
mem[X,0x00000000800239A0] -> 0x1A63
mem[X,0x00000000800239A2] -> 0xD4B5
[4874] [M]: 0x00000000800239A0 (0xD4B51A63) bne a0, a1, -0xaac
mem[X,0x0000000080022EF4] -> 0x0113
mem[X,0x0000000080022EF6] -> 0x0011
[4875] [M]: 0x0000000080022EF4 (0x00110113) addi sp, sp, 0x1
x2 <- 0x0000000000000001
mem[X,0x0000000080022EF8] -> 0x006F
mem[X,0x0000000080022EFA] -> 0x2BD0
[4876] [M]: 0x0000000080022EF8 (0x2BD0006F) jal zero, 0xabc
mem[X,0x00000000800239B4] -> 0xB423
mem[X,0x00000000800239B6] -> 0x1C20
[4877] [M]: 0x00000000800239B4 (0x1C20B423) sd sp, 0x1c8(ra)
mem[0x0000000080045BA0] <- 0x0000000000000001
mem[X,0x00000000800239B8] -> 0x0537
mem[X,0x00000000800239BA] -> 0x0000
[4878] [M]: 0x00000000800239B8 (0x00000537) lui a0, 0x0
x10 <- 0x0000000000000000
mem[X,0x00000000800239BC] -> 0x0513
mem[X,0x00000000800239BE] -> 0xFFF5
[4879] [M]: 0x00000000800239BC (0xFFF50513) addi a0, a0, -0x1
x10 <- 0xFFFFFFFFFFFFFFFF
mem[X,0x00000000800239C0] -> 0x1513
mem[X,0x00000000800239C2] -> 0x00B5
[4880] [M]: 0x00000000800239C0 (0x00B51513) slli a0, a0, 0xb
x10 <- 0xFFFFFFFFFFFFF800
mem[X,0x00000000800239C4] -> 0x0513
mem[X,0x00000000800239C6] -> 0x2575
[4881] [M]: 0x00000000800239C4 (0x25750513) addi a0, a0, 0x257
x10 <- 0xFFFFFFFFFFFFFA57
mem[X,0x00000000800239C8] -> 0x1513
mem[X,0x00000000800239CA] -> 0x00B5
[4882] [M]: 0x00000000800239C8 (0x00B51513) slli a0, a0, 0xb
x10 <- 0xFFFFFFFFFFD2B800
mem[X,0x00000000800239CC] -> 0x0513
mem[X,0x00000000800239CE] -> 0x6C35
[4883] [M]: 0x00000000800239CC (0x6C350513) addi a0, a0, 0x6c3
x10 <- 0xFFFFFFFFFFD2BEC3
mem[X,0x00000000800239D0] -> 0x1513
mem[X,0x00000000800239D2] -> 0x00A5
[4884] [M]: 0x00000000800239D0 (0x00A51513) slli a0, a0, 0xa
x10 <- 0xFFFFFFFF4AFB0C00
mem[X,0x00000000800239D4] -> 0x0513
mem[X,0x00000000800239D6] -> 0x0CD5
[4885] [M]: 0x00000000800239D4 (0x0CD50513) addi a0, a0, 0xcd
x10 <- 0xFFFFFFFF4AFB0CCD
mem[X,0x00000000800239D8] -> 0x35B7
mem[X,0x00000000800239DA] -> 0x3333
[4886] [M]: 0x00000000800239D8 (0x333335B7) lui a1, 0x33333
x11 <- 0x0000000033333000
mem[X,0x00000000800239DC] -> 0x8593
mem[X,0x00000000800239DE] -> 0x3335
[4887] [M]: 0x00000000800239DC (0x33358593) addi a1, a1, 0x333
x11 <- 0x0000000033333333
mem[X,0x00000000800239E0] -> 0x9593
mem[X,0x00000000800239E2] -> 0x00B5
[4888] [M]: 0x00000000800239E0 (0x00B59593) slli a1, a1, 0xb
x11 <- 0x0000019999999800
mem[X,0x00000000800239E4] -> 0x8593
mem[X,0x00000000800239E6] -> 0x1995
[4889] [M]: 0x00000000800239E4 (0x19958593) addi a1, a1, 0x199
x11 <- 0x0000019999999999
mem[X,0x00000000800239E8] -> 0x9593
mem[X,0x00000000800239EA] -> 0x00B5
[4890] [M]: 0x00000000800239E8 (0x00B59593) slli a1, a1, 0xb
x11 <- 0x000CCCCCCCCCC800
mem[X,0x00000000800239EC] -> 0x8593
mem[X,0x00000000800239EE] -> 0x4CC5
[4891] [M]: 0x00000000800239EC (0x4CC58593) addi a1, a1, 0x4cc
x11 <- 0x000CCCCCCCCCCCCC
mem[X,0x00000000800239F0] -> 0x9593
mem[X,0x00000000800239F2] -> 0x00A5
[4892] [M]: 0x00000000800239F0 (0x00A59593) slli a1, a1, 0xa
x11 <- 0x3333333333333000
mem[X,0x00000000800239F4] -> 0x8593
mem[X,0x00000000800239F6] -> 0x3325
[4893] [M]: 0x00000000800239F4 (0x33258593) addi a1, a1, 0x332
x11 <- 0x3333333333333332
mem[X,0x00000000800239F8] -> 0x0113
mem[X,0x00000000800239FA] -> 0x0000
[4894] [M]: 0x00000000800239F8 (0x00000113) addi sp, zero, 0x0
x2 <- 0x0000000000000000
mem[X,0x00000000800239FC] -> 0x006F
mem[X,0x00000000800239FE] -> 0x00C0
[4895] [M]: 0x00000000800239FC (0x00C0006F) jal zero, 0xc
mem[X,0x0000000080023A08] -> 0x1663
mem[X,0x0000000080023A0A] -> 0x00B5
[4896] [M]: 0x0000000080023A08 (0x00B51663) bne a0, a1, 0xc
mem[X,0x0000000080023A14] -> 0x0113
mem[X,0x0000000080023A16] -> 0x0031
[4897] [M]: 0x0000000080023A14 (0x00310113) addi sp, sp, 0x3
x2 <- 0x0000000000000003
mem[X,0x0000000080023A18] -> 0x006F
mem[X,0x0000000080023A1A] -> 0x0040
[4898] [M]: 0x0000000080023A18 (0x0040006F) jal zero, 0x4
mem[X,0x0000000080023A1C] -> 0xB823
mem[X,0x0000000080023A1E] -> 0x1C20
[4899] [M]: 0x0000000080023A1C (0x1C20B823) sd sp, 0x1d0(ra)
mem[0x0000000080045BA8] <- 0x0000000000000003
clint::tick mtime <- 0x0000000000000031
 clint timer pending at mtime 0x0000000000000031
htif::tick 0x0000000000000000
mem[X,0x0000000080023A20] -> 0x0537
mem[X,0x0000000080023A22] -> 0x0000
[4900] [M]: 0x0000000080023A20 (0x00000537) lui a0, 0x0
x10 <- 0x0000000000000000
mem[X,0x0000000080023A24] -> 0x0513
mem[X,0x0000000080023A26] -> 0xFFF5
[4901] [M]: 0x0000000080023A24 (0xFFF50513) addi a0, a0, -0x1
x10 <- 0xFFFFFFFFFFFFFFFF
mem[X,0x0000000080023A28] -> 0x1513
mem[X,0x0000000080023A2A] -> 0x00B5
[4902] [M]: 0x0000000080023A28 (0x00B51513) slli a0, a0, 0xb
x10 <- 0xFFFFFFFFFFFFF800
mem[X,0x0000000080023A2C] -> 0x0513
mem[X,0x0000000080023A2E] -> 0x2575
[4903] [M]: 0x0000000080023A2C (0x25750513) addi a0, a0, 0x257
x10 <- 0xFFFFFFFFFFFFFA57
mem[X,0x0000000080023A30] -> 0x1513
mem[X,0x0000000080023A32] -> 0x00B5
[4904] [M]: 0x0000000080023A30 (0x00B51513) slli a0, a0, 0xb
x10 <- 0xFFFFFFFFFFD2B800
mem[X,0x0000000080023A34] -> 0x0513
mem[X,0x0000000080023A36] -> 0x6C35
[4905] [M]: 0x0000000080023A34 (0x6C350513) addi a0, a0, 0x6c3
x10 <- 0xFFFFFFFFFFD2BEC3
mem[X,0x0000000080023A38] -> 0x1513
mem[X,0x0000000080023A3A] -> 0x00A5
[4906] [M]: 0x0000000080023A38 (0x00A51513) slli a0, a0, 0xa
x10 <- 0xFFFFFFFF4AFB0C00
mem[X,0x0000000080023A3C] -> 0x0513
mem[X,0x0000000080023A3E] -> 0x0CD5
[4907] [M]: 0x0000000080023A3C (0x0CD50513) addi a0, a0, 0xcd
x10 <- 0xFFFFFFFF4AFB0CCD
mem[X,0x0000000080023A40] -> 0x65B7
mem[X,0x0000000080023A42] -> 0x6666
[4908] [M]: 0x0000000080023A40 (0x666665B7) lui a1, 0x66666
x11 <- 0x0000000066666000
mem[X,0x0000000080023A44] -> 0x8593
mem[X,0x0000000080023A46] -> 0x6665
[4909] [M]: 0x0000000080023A44 (0x66658593) addi a1, a1, 0x666
x11 <- 0x0000000066666666
mem[X,0x0000000080023A48] -> 0x9593
mem[X,0x0000000080023A4A] -> 0x00B5
[4910] [M]: 0x0000000080023A48 (0x00B59593) slli a1, a1, 0xb
x11 <- 0x0000033333333000
mem[X,0x0000000080023A4C] -> 0x8593
mem[X,0x0000000080023A4E] -> 0x3335
[4911] [M]: 0x0000000080023A4C (0x33358593) addi a1, a1, 0x333
x11 <- 0x0000033333333333
mem[X,0x0000000080023A50] -> 0x9593
mem[X,0x0000000080023A52] -> 0x00B5
[4912] [M]: 0x0000000080023A50 (0x00B59593) slli a1, a1, 0xb
x11 <- 0x0019999999999800
mem[X,0x0000000080023A54] -> 0x8593
mem[X,0x0000000080023A56] -> 0x1995
[4913] [M]: 0x0000000080023A54 (0x19958593) addi a1, a1, 0x199
x11 <- 0x0019999999999999
mem[X,0x0000000080023A58] -> 0x9593
mem[X,0x0000000080023A5A] -> 0x00A5
[4914] [M]: 0x0000000080023A58 (0x00A59593) slli a1, a1, 0xa
x11 <- 0x6666666666666400
mem[X,0x0000000080023A5C] -> 0x8593
mem[X,0x0000000080023A5E] -> 0x2655
[4915] [M]: 0x0000000080023A5C (0x26558593) addi a1, a1, 0x265
x11 <- 0x6666666666666665
mem[X,0x0000000080023A60] -> 0x0113
mem[X,0x0000000080023A62] -> 0x0000
[4916] [M]: 0x0000000080023A60 (0x00000113) addi sp, zero, 0x0
x2 <- 0x0000000000000000
mem[X,0x0000000080023A64] -> 0x006F
mem[X,0x0000000080023A66] -> 0x0100
[4917] [M]: 0x0000000080023A64 (0x0100006F) jal zero, 0x10
mem[X,0x0000000080023A74] -> 0x1AE3
mem[X,0x0000000080023A76] -> 0xFEB5
[4918] [M]: 0x0000000080023A74 (0xFEB51AE3) bne a0, a1, -0xc
mem[X,0x0000000080023A68] -> 0x0113
mem[X,0x0000000080023A6A] -> 0x0011
[4919] [M]: 0x0000000080023A68 (0x00110113) addi sp, sp, 0x1
x2 <- 0x0000000000000001
mem[X,0x0000000080023A6C] -> 0x006F
mem[X,0x0000000080023A6E] -> 0x01C0
[4920] [M]: 0x0000000080023A6C (0x01C0006F) jal zero, 0x1c
mem[X,0x0000000080023A88] -> 0xBC23
mem[X,0x0000000080023A8A] -> 0x1C20
[4921] [M]: 0x0000000080023A88 (0x1C20BC23) sd sp, 0x1d8(ra)
mem[0x0000000080045BB0] <- 0x0000000000000001
mem[X,0x0000000080023A8C] -> 0x0537
mem[X,0x0000000080023A8E] -> 0x0000
[4922] [M]: 0x0000000080023A8C (0x00000537) lui a0, 0x0
x10 <- 0x0000000000000000
mem[X,0x0000000080023A90] -> 0x0513
mem[X,0x0000000080023A92] -> 0xFFF5
[4923] [M]: 0x0000000080023A90 (0xFFF50513) addi a0, a0, -0x1
x10 <- 0xFFFFFFFFFFFFFFFF
mem[X,0x0000000080023A94] -> 0x1513
mem[X,0x0000000080023A96] -> 0x00B5
[4924] [M]: 0x0000000080023A94 (0x00B51513) slli a0, a0, 0xb
x10 <- 0xFFFFFFFFFFFFF800
mem[X,0x0000000080023A98] -> 0x0513
mem[X,0x0000000080023A9A] -> 0x2575
[4925] [M]: 0x0000000080023A98 (0x25750513) addi a0, a0, 0x257
x10 <- 0xFFFFFFFFFFFFFA57
mem[X,0x0000000080023A9C] -> 0x1513
mem[X,0x0000000080023A9E] -> 0x00B5
[4926] [M]: 0x0000000080023A9C (0x00B51513) slli a0, a0, 0xb
x10 <- 0xFFFFFFFFFFD2B800
mem[X,0x0000000080023AA0] -> 0x0513
mem[X,0x0000000080023AA2] -> 0x6C35
[4927] [M]: 0x0000000080023AA0 (0x6C350513) addi a0, a0, 0x6c3
x10 <- 0xFFFFFFFFFFD2BEC3
mem[X,0x0000000080023AA4] -> 0x1513
mem[X,0x0000000080023AA6] -> 0x00A5
[4928] [M]: 0x0000000080023AA4 (0x00A51513) slli a0, a0, 0xa
x10 <- 0xFFFFFFFF4AFB0C00
mem[X,0x0000000080023AA8] -> 0x0513
mem[X,0x0000000080023AAA] -> 0x0CD5
[4929] [M]: 0x0000000080023AA8 (0x0CD50513) addi a0, a0, 0xcd
x10 <- 0xFFFFFFFF4AFB0CCD
mem[X,0x0000000080023AAC] -> 0x05B7
mem[X,0x0000000080023AAE] -> 0x0000
[4930] [M]: 0x0000000080023AAC (0x000005B7) lui a1, 0x0
x11 <- 0x0000000000000000
mem[X,0x0000000080023AB0] -> 0x8593
mem[X,0x0000000080023AB2] -> 0x0005
[4931] [M]: 0x0000000080023AB0 (0x00058593) addi a1, a1, 0x0
x11 <- 0x0000000000000000
mem[X,0x0000000080023AB4] -> 0x9593
mem[X,0x0000000080023AB6] -> 0x00B5
[4932] [M]: 0x0000000080023AB4 (0x00B59593) slli a1, a1, 0xb
x11 <- 0x0000000000000000
mem[X,0x0000000080023AB8] -> 0x8593
mem[X,0x0000000080023ABA] -> 0x5A85
[4933] [M]: 0x0000000080023AB8 (0x5A858593) addi a1, a1, 0x5a8
x11 <- 0x00000000000005A8
mem[X,0x0000000080023ABC] -> 0x9593
mem[X,0x0000000080023ABE] -> 0x00B5
[4934] [M]: 0x0000000080023ABC (0x00B59593) slli a1, a1, 0xb
x11 <- 0x00000000002D4000
mem[X,0x0000000080023AC0] -> 0x8593
mem[X,0x0000000080023AC2] -> 0x13C5
[4935] [M]: 0x0000000080023AC0 (0x13C58593) addi a1, a1, 0x13c
x11 <- 0x00000000002D413C
mem[X,0x0000000080023AC4] -> 0x9593
mem[X,0x0000000080023AC6] -> 0x00A5
[4936] [M]: 0x0000000080023AC4 (0x00A59593) slli a1, a1, 0xa
x11 <- 0x00000000B504F000
mem[X,0x0000000080023AC8] -> 0x8593
mem[X,0x0000000080023ACA] -> 0x3325
[4937] [M]: 0x0000000080023AC8 (0x33258593) addi a1, a1, 0x332
x11 <- 0x00000000B504F332
mem[X,0x0000000080023ACC] -> 0x0113
mem[X,0x0000000080023ACE] -> 0x0000
[4938] [M]: 0x0000000080023ACC (0x00000113) addi sp, zero, 0x0
x2 <- 0x0000000000000000
mem[X,0x0000000080023AD0] -> 0x006F
mem[X,0x0000000080023AD2] -> 0x00C0
[4939] [M]: 0x0000000080023AD0 (0x00C0006F) jal zero, 0xc
mem[X,0x0000000080023ADC] -> 0x1063
mem[X,0x0000000080023ADE] -> 0x04B5
[4940] [M]: 0x0000000080023ADC (0x04B51063) bne a0, a1, 0x40
mem[X,0x0000000080023B1C] -> 0x0113
mem[X,0x0000000080023B1E] -> 0x0031
[4941] [M]: 0x0000000080023B1C (0x00310113) addi sp, sp, 0x3
x2 <- 0x0000000000000003
mem[X,0x0000000080023B20] -> 0x006F
mem[X,0x0000000080023B22] -> 0x0040
[4942] [M]: 0x0000000080023B20 (0x0040006F) jal zero, 0x4
mem[X,0x0000000080023B24] -> 0xB023
mem[X,0x0000000080023B26] -> 0x1E20
[4943] [M]: 0x0000000080023B24 (0x1E20B023) sd sp, 0x1e0(ra)
mem[0x0000000080045BB8] <- 0x0000000000000003
mem[X,0x0000000080023B28] -> 0x0537
mem[X,0x0000000080023B2A] -> 0x0000
[4944] [M]: 0x0000000080023B28 (0x00000537) lui a0, 0x0
x10 <- 0x0000000000000000
mem[X,0x0000000080023B2C] -> 0x0513
mem[X,0x0000000080023B2E] -> 0xFFF5
[4945] [M]: 0x0000000080023B2C (0xFFF50513) addi a0, a0, -0x1
x10 <- 0xFFFFFFFFFFFFFFFF
mem[X,0x0000000080023B30] -> 0x1513
mem[X,0x0000000080023B32] -> 0x00B5
[4946] [M]: 0x0000000080023B30 (0x00B51513) slli a0, a0, 0xb
x10 <- 0xFFFFFFFFFFFFF800
mem[X,0x0000000080023B34] -> 0x0513
mem[X,0x0000000080023B36] -> 0x2575
[4947] [M]: 0x0000000080023B34 (0x25750513) addi a0, a0, 0x257
x10 <- 0xFFFFFFFFFFFFFA57
mem[X,0x0000000080023B38] -> 0x1513
mem[X,0x0000000080023B3A] -> 0x00B5
[4948] [M]: 0x0000000080023B38 (0x00B51513) slli a0, a0, 0xb
x10 <- 0xFFFFFFFFFFD2B800
mem[X,0x0000000080023B3C] -> 0x0513
mem[X,0x0000000080023B3E] -> 0x6C35
[4949] [M]: 0x0000000080023B3C (0x6C350513) addi a0, a0, 0x6c3
x10 <- 0xFFFFFFFFFFD2BEC3
mem[X,0x0000000080023B40] -> 0x1513
mem[X,0x0000000080023B42] -> 0x00A5
[4950] [M]: 0x0000000080023B40 (0x00A51513) slli a0, a0, 0xa
x10 <- 0xFFFFFFFF4AFB0C00
mem[X,0x0000000080023B44] -> 0x0513
mem[X,0x0000000080023B46] -> 0x0CD5
[4951] [M]: 0x0000000080023B44 (0x0CD50513) addi a0, a0, 0xcd
x10 <- 0xFFFFFFFF4AFB0CCD
mem[X,0x0000000080023B48] -> 0x55B7
mem[X,0x0000000080023B4A] -> 0x5555
[4952] [M]: 0x0000000080023B48 (0x555555B7) lui a1, 0x55555
x11 <- 0x0000000055555000
mem[X,0x0000000080023B4C] -> 0x8593
mem[X,0x0000000080023B4E] -> 0x5555
[4953] [M]: 0x0000000080023B4C (0x55558593) addi a1, a1, 0x555
x11 <- 0x0000000055555555
mem[X,0x0000000080023B50] -> 0x9593
mem[X,0x0000000080023B52] -> 0x00B5
[4954] [M]: 0x0000000080023B50 (0x00B59593) slli a1, a1, 0xb
x11 <- 0x000002AAAAAAA800
mem[X,0x0000000080023B54] -> 0x8593
mem[X,0x0000000080023B56] -> 0x2AA5
[4955] [M]: 0x0000000080023B54 (0x2AA58593) addi a1, a1, 0x2aa
x11 <- 0x000002AAAAAAAAAA
mem[X,0x0000000080023B58] -> 0x9593
mem[X,0x0000000080023B5A] -> 0x00B5
[4956] [M]: 0x0000000080023B58 (0x00B59593) slli a1, a1, 0xb
x11 <- 0x0015555555555000
mem[X,0x0000000080023B5C] -> 0x8593
mem[X,0x0000000080023B5E] -> 0x5555
[4957] [M]: 0x0000000080023B5C (0x55558593) addi a1, a1, 0x555
x11 <- 0x0015555555555555
mem[X,0x0000000080023B60] -> 0x9593
mem[X,0x0000000080023B62] -> 0x00A5
[4958] [M]: 0x0000000080023B60 (0x00A59593) slli a1, a1, 0xa
x11 <- 0x5555555555555400
mem[X,0x0000000080023B64] -> 0x8593
mem[X,0x0000000080023B66] -> 0x1565
[4959] [M]: 0x0000000080023B64 (0x15658593) addi a1, a1, 0x156
x11 <- 0x5555555555555556
mem[X,0x0000000080023B68] -> 0x0113
mem[X,0x0000000080023B6A] -> 0x0000
[4960] [M]: 0x0000000080023B68 (0x00000113) addi sp, zero, 0x0
x2 <- 0x0000000000000000
mem[X,0x0000000080023B6C] -> 0x006F
mem[X,0x0000000080023B6E] -> 0x0050
[4961] [M]: 0x0000000080023B6C (0x0050006F) jal zero, 0x804
mem[X,0x0000000080024370] -> 0x10E3
mem[X,0x0000000080024372] -> 0x80B5
[4962] [M]: 0x0000000080024370 (0x80B510E3) bne a0, a1, -0x800
mem[X,0x0000000080023B70] -> 0x0113
mem[X,0x0000000080023B72] -> 0x0011
[4963] [M]: 0x0000000080023B70 (0x00110113) addi sp, sp, 0x1
x2 <- 0x0000000000000001
mem[X,0x0000000080023B74] -> 0x006F
mem[X,0x0000000080023B76] -> 0x0110
[4964] [M]: 0x0000000080023B74 (0x0110006F) jal zero, 0x810
mem[X,0x0000000080024384] -> 0xB423
mem[X,0x0000000080024386] -> 0x1E20
[4965] [M]: 0x0000000080024384 (0x1E20B423) sd sp, 0x1e8(ra)
mem[0x0000000080045BC0] <- 0x0000000000000001
mem[X,0x0000000080024388] -> 0x0537
mem[X,0x000000008002438A] -> 0x0000
[4966] [M]: 0x0000000080024388 (0x00000537) lui a0, 0x0
x10 <- 0x0000000000000000
mem[X,0x000000008002438C] -> 0x0513
mem[X,0x000000008002438E] -> 0xFFF5
[4967] [M]: 0x000000008002438C (0xFFF50513) addi a0, a0, -0x1
x10 <- 0xFFFFFFFFFFFFFFFF
mem[X,0x0000000080024390] -> 0x1513
mem[X,0x0000000080024392] -> 0x00B5
[4968] [M]: 0x0000000080024390 (0x00B51513) slli a0, a0, 0xb
x10 <- 0xFFFFFFFFFFFFF800
mem[X,0x0000000080024394] -> 0x0513
mem[X,0x0000000080024396] -> 0x2575
[4969] [M]: 0x0000000080024394 (0x25750513) addi a0, a0, 0x257
x10 <- 0xFFFFFFFFFFFFFA57
mem[X,0x0000000080024398] -> 0x1513
mem[X,0x000000008002439A] -> 0x00B5
[4970] [M]: 0x0000000080024398 (0x00B51513) slli a0, a0, 0xb
x10 <- 0xFFFFFFFFFFD2B800
mem[X,0x000000008002439C] -> 0x0513
mem[X,0x000000008002439E] -> 0x6C35
[4971] [M]: 0x000000008002439C (0x6C350513) addi a0, a0, 0x6c3
x10 <- 0xFFFFFFFFFFD2BEC3
mem[X,0x00000000800243A0] -> 0x1513
mem[X,0x00000000800243A2] -> 0x00A5
[4972] [M]: 0x00000000800243A0 (0x00A51513) slli a0, a0, 0xa
x10 <- 0xFFFFFFFF4AFB0C00
mem[X,0x00000000800243A4] -> 0x0513
mem[X,0x00000000800243A6] -> 0x0CD5
[4973] [M]: 0x00000000800243A4 (0x0CD50513) addi a0, a0, 0xcd
x10 <- 0xFFFFFFFF4AFB0CCD
mem[X,0x00000000800243A8] -> 0xB5B7
mem[X,0x00000000800243AA] -> 0xAAAA
[4974] [M]: 0x00000000800243A8 (0xAAAAB5B7) lui a1, -0x55555
x11 <- 0xFFFFFFFFAAAAB000
mem[X,0x00000000800243AC] -> 0x8593
mem[X,0x00000000800243AE] -> 0xAAA5
[4975] [M]: 0x00000000800243AC (0xAAA58593) addi a1, a1, -0x556
x11 <- 0xFFFFFFFFAAAAAAAA
mem[X,0x00000000800243B0] -> 0x9593
mem[X,0x00000000800243B2] -> 0x00B5
[4976] [M]: 0x00000000800243B0 (0x00B59593) slli a1, a1, 0xb
x11 <- 0xFFFFFD5555555000
mem[X,0x00000000800243B4] -> 0x8593
mem[X,0x00000000800243B6] -> 0x5555
[4977] [M]: 0x00000000800243B4 (0x55558593) addi a1, a1, 0x555
x11 <- 0xFFFFFD5555555555
mem[X,0x00000000800243B8] -> 0x9593
mem[X,0x00000000800243BA] -> 0x00B5
[4978] [M]: 0x00000000800243B8 (0x00B59593) slli a1, a1, 0xb
x11 <- 0xFFEAAAAAAAAAA800
mem[X,0x00000000800243BC] -> 0x8593
mem[X,0x00000000800243BE] -> 0x2AA5
[4979] [M]: 0x00000000800243BC (0x2AA58593) addi a1, a1, 0x2aa
x11 <- 0xFFEAAAAAAAAAAAAA
mem[X,0x00000000800243C0] -> 0x9593
mem[X,0x00000000800243C2] -> 0x00A5
[4980] [M]: 0x00000000800243C0 (0x00A59593) slli a1, a1, 0xa
x11 <- 0xAAAAAAAAAAAAA800
mem[X,0x00000000800243C4] -> 0x8593
mem[X,0x00000000800243C6] -> 0x2AB5
[4981] [M]: 0x00000000800243C4 (0x2AB58593) addi a1, a1, 0x2ab
x11 <- 0xAAAAAAAAAAAAAAAB
mem[X,0x00000000800243C8] -> 0x0113
mem[X,0x00000000800243CA] -> 0x0000
[4982] [M]: 0x00000000800243C8 (0x00000113) addi sp, zero, 0x0
x2 <- 0x0000000000000000
mem[X,0x00000000800243CC] -> 0x006F
mem[X,0x00000000800243CE] -> 0x00C0
[4983] [M]: 0x00000000800243CC (0x00C0006F) jal zero, 0xc
mem[X,0x00000000800243D8] -> 0x1863
mem[X,0x00000000800243DA] -> 0x00B5
[4984] [M]: 0x00000000800243D8 (0x00B51863) bne a0, a1, 0x10
mem[X,0x00000000800243E8] -> 0x0113
mem[X,0x00000000800243EA] -> 0x0031
[4985] [M]: 0x00000000800243E8 (0x00310113) addi sp, sp, 0x3
x2 <- 0x0000000000000003
mem[X,0x00000000800243EC] -> 0x006F
mem[X,0x00000000800243EE] -> 0x0040
[4986] [M]: 0x00000000800243EC (0x0040006F) jal zero, 0x4
mem[X,0x00000000800243F0] -> 0xB823
mem[X,0x00000000800243F2] -> 0x1E20
[4987] [M]: 0x00000000800243F0 (0x1E20B823) sd sp, 0x1f0(ra)
mem[0x0000000080045BC8] <- 0x0000000000000003
mem[X,0x00000000800243F4] -> 0x0537
mem[X,0x00000000800243F6] -> 0x0000
[4988] [M]: 0x00000000800243F4 (0x00000537) lui a0, 0x0
x10 <- 0x0000000000000000
mem[X,0x00000000800243F8] -> 0x0513
mem[X,0x00000000800243FA] -> 0xFFF5
[4989] [M]: 0x00000000800243F8 (0xFFF50513) addi a0, a0, -0x1
x10 <- 0xFFFFFFFFFFFFFFFF
mem[X,0x00000000800243FC] -> 0x1513
mem[X,0x00000000800243FE] -> 0x00B5
[4990] [M]: 0x00000000800243FC (0x00B51513) slli a0, a0, 0xb
x10 <- 0xFFFFFFFFFFFFF800
mem[X,0x0000000080024400] -> 0x0513
mem[X,0x0000000080024402] -> 0x2575
[4991] [M]: 0x0000000080024400 (0x25750513) addi a0, a0, 0x257
x10 <- 0xFFFFFFFFFFFFFA57
mem[X,0x0000000080024404] -> 0x1513
mem[X,0x0000000080024406] -> 0x00B5
[4992] [M]: 0x0000000080024404 (0x00B51513) slli a0, a0, 0xb
x10 <- 0xFFFFFFFFFFD2B800
mem[X,0x0000000080024408] -> 0x0513
mem[X,0x000000008002440A] -> 0x6C35
[4993] [M]: 0x0000000080024408 (0x6C350513) addi a0, a0, 0x6c3
x10 <- 0xFFFFFFFFFFD2BEC3
mem[X,0x000000008002440C] -> 0x1513
mem[X,0x000000008002440E] -> 0x00A5
[4994] [M]: 0x000000008002440C (0x00A51513) slli a0, a0, 0xa
x10 <- 0xFFFFFFFF4AFB0C00
mem[X,0x0000000080024410] -> 0x0513
mem[X,0x0000000080024412] -> 0x0CD5
[4995] [M]: 0x0000000080024410 (0x0CD50513) addi a0, a0, 0xcd
x10 <- 0xFFFFFFFF4AFB0CCD
mem[X,0x0000000080024414] -> 0x0593
mem[X,0x0000000080024416] -> 0x0060
[4996] [M]: 0x0000000080024414 (0x00600593) addi a1, zero, 0x6
x11 <- 0x0000000000000006
mem[X,0x0000000080024418] -> 0x0113
mem[X,0x000000008002441A] -> 0x0000
[4997] [M]: 0x0000000080024418 (0x00000113) addi sp, zero, 0x0
x2 <- 0x0000000000000000
mem[X,0x000000008002441C] -> 0x006F
mem[X,0x000000008002441E] -> 0x0140
[4998] [M]: 0x000000008002441C (0x0140006F) jal zero, 0x14
mem[X,0x0000000080024430] -> 0x18E3
mem[X,0x0000000080024432] -> 0xFEB5
[4999] [M]: 0x0000000080024430 (0xFEB518E3) bne a0, a1, -0x10
clint::tick mtime <- 0x0000000000000032
 clint timer pending at mtime 0x0000000000000032
htif::tick 0x0000000000000000
mem[X,0x0000000080024420] -> 0x0113
mem[X,0x0000000080024422] -> 0x0011
[5000] [M]: 0x0000000080024420 (0x00110113) addi sp, sp, 0x1
x2 <- 0x0000000000000001
mem[X,0x0000000080024424] -> 0x006F
mem[X,0x0000000080024426] -> 0x0200
[5001] [M]: 0x0000000080024424 (0x0200006F) jal zero, 0x20
mem[X,0x0000000080024444] -> 0xBC23
mem[X,0x0000000080024446] -> 0x1E20
[5002] [M]: 0x0000000080024444 (0x1E20BC23) sd sp, 0x1f8(ra)
mem[0x0000000080045BD0] <- 0x0000000000000001
mem[X,0x0000000080024448] -> 0x0537
mem[X,0x000000008002444A] -> 0x0000
[5003] [M]: 0x0000000080024448 (0x00000537) lui a0, 0x0
x10 <- 0x0000000000000000
mem[X,0x000000008002444C] -> 0x0513
mem[X,0x000000008002444E] -> 0xFFF5
[5004] [M]: 0x000000008002444C (0xFFF50513) addi a0, a0, -0x1
x10 <- 0xFFFFFFFFFFFFFFFF
mem[X,0x0000000080024450] -> 0x1513
mem[X,0x0000000080024452] -> 0x00B5
[5005] [M]: 0x0000000080024450 (0x00B51513) slli a0, a0, 0xb
x10 <- 0xFFFFFFFFFFFFF800
mem[X,0x0000000080024454] -> 0x0513
mem[X,0x0000000080024456] -> 0x2575
[5006] [M]: 0x0000000080024454 (0x25750513) addi a0, a0, 0x257
x10 <- 0xFFFFFFFFFFFFFA57
mem[X,0x0000000080024458] -> 0x1513
mem[X,0x000000008002445A] -> 0x00B5
[5007] [M]: 0x0000000080024458 (0x00B51513) slli a0, a0, 0xb
x10 <- 0xFFFFFFFFFFD2B800
mem[X,0x000000008002445C] -> 0x0513
mem[X,0x000000008002445E] -> 0x6C35
[5008] [M]: 0x000000008002445C (0x6C350513) addi a0, a0, 0x6c3
x10 <- 0xFFFFFFFFFFD2BEC3
mem[X,0x0000000080024460] -> 0x1513
mem[X,0x0000000080024462] -> 0x00A5
[5009] [M]: 0x0000000080024460 (0x00A51513) slli a0, a0, 0xa
x10 <- 0xFFFFFFFF4AFB0C00
mem[X,0x0000000080024464] -> 0x0513
mem[X,0x0000000080024466] -> 0x0CD5
[5010] [M]: 0x0000000080024464 (0x0CD50513) addi a0, a0, 0xcd
x10 <- 0xFFFFFFFF4AFB0CCD
mem[X,0x0000000080024468] -> 0x35B7
mem[X,0x000000008002446A] -> 0x3333
[5011] [M]: 0x0000000080024468 (0x333335B7) lui a1, 0x33333
x11 <- 0x0000000033333000
mem[X,0x000000008002446C] -> 0x8593
mem[X,0x000000008002446E] -> 0x3335
[5012] [M]: 0x000000008002446C (0x33358593) addi a1, a1, 0x333
x11 <- 0x0000000033333333
mem[X,0x0000000080024470] -> 0x9593
mem[X,0x0000000080024472] -> 0x00B5
[5013] [M]: 0x0000000080024470 (0x00B59593) slli a1, a1, 0xb
x11 <- 0x0000019999999800
mem[X,0x0000000080024474] -> 0x8593
mem[X,0x0000000080024476] -> 0x1995
[5014] [M]: 0x0000000080024474 (0x19958593) addi a1, a1, 0x199
x11 <- 0x0000019999999999
mem[X,0x0000000080024478] -> 0x9593
mem[X,0x000000008002447A] -> 0x00B5
[5015] [M]: 0x0000000080024478 (0x00B59593) slli a1, a1, 0xb
x11 <- 0x000CCCCCCCCCC800
mem[X,0x000000008002447C] -> 0x8593
mem[X,0x000000008002447E] -> 0x4CC5
[5016] [M]: 0x000000008002447C (0x4CC58593) addi a1, a1, 0x4cc
x11 <- 0x000CCCCCCCCCCCCC
mem[X,0x0000000080024480] -> 0x9593
mem[X,0x0000000080024482] -> 0x00A5
[5017] [M]: 0x0000000080024480 (0x00A59593) slli a1, a1, 0xa
x11 <- 0x3333333333333000
mem[X,0x0000000080024484] -> 0x8593
mem[X,0x0000000080024486] -> 0x3345
[5018] [M]: 0x0000000080024484 (0x33458593) addi a1, a1, 0x334
x11 <- 0x3333333333333334
mem[X,0x0000000080024488] -> 0x0113
mem[X,0x000000008002448A] -> 0x0000
[5019] [M]: 0x0000000080024488 (0x00000113) addi sp, zero, 0x0
x2 <- 0x0000000000000000
mem[X,0x000000008002448C] -> 0x006F
mem[X,0x000000008002448E] -> 0x00C0
[5020] [M]: 0x000000008002448C (0x00C0006F) jal zero, 0xc
mem[X,0x0000000080024498] -> 0x1CE3
mem[X,0x000000008002449A] -> 0xFEB5
[5021] [M]: 0x0000000080024498 (0xFEB51CE3) bne a0, a1, -0x8
mem[X,0x0000000080024490] -> 0x0113
mem[X,0x0000000080024492] -> 0x0011
[5022] [M]: 0x0000000080024490 (0x00110113) addi sp, sp, 0x1
x2 <- 0x0000000000000001
mem[X,0x0000000080024494] -> 0x006F
mem[X,0x0000000080024496] -> 0x0180
[5023] [M]: 0x0000000080024494 (0x0180006F) jal zero, 0x18
mem[X,0x00000000800244AC] -> 0xB023
mem[X,0x00000000800244AE] -> 0x2020
[5024] [M]: 0x00000000800244AC (0x2020B023) sd sp, 0x200(ra)
mem[0x0000000080045BD8] <- 0x0000000000000001
mem[X,0x00000000800244B0] -> 0x0537
mem[X,0x00000000800244B2] -> 0x0000
[5025] [M]: 0x00000000800244B0 (0x00000537) lui a0, 0x0
x10 <- 0x0000000000000000
mem[X,0x00000000800244B4] -> 0x0513
mem[X,0x00000000800244B6] -> 0xFFF5
[5026] [M]: 0x00000000800244B4 (0xFFF50513) addi a0, a0, -0x1
x10 <- 0xFFFFFFFFFFFFFFFF
mem[X,0x00000000800244B8] -> 0x1513
mem[X,0x00000000800244BA] -> 0x00B5
[5027] [M]: 0x00000000800244B8 (0x00B51513) slli a0, a0, 0xb
x10 <- 0xFFFFFFFFFFFFF800
mem[X,0x00000000800244BC] -> 0x0513
mem[X,0x00000000800244BE] -> 0x2575
[5028] [M]: 0x00000000800244BC (0x25750513) addi a0, a0, 0x257
x10 <- 0xFFFFFFFFFFFFFA57
mem[X,0x00000000800244C0] -> 0x1513
mem[X,0x00000000800244C2] -> 0x00B5
[5029] [M]: 0x00000000800244C0 (0x00B51513) slli a0, a0, 0xb
x10 <- 0xFFFFFFFFFFD2B800
mem[X,0x00000000800244C4] -> 0x0513
mem[X,0x00000000800244C6] -> 0x6C35
[5030] [M]: 0x00000000800244C4 (0x6C350513) addi a0, a0, 0x6c3
x10 <- 0xFFFFFFFFFFD2BEC3
mem[X,0x00000000800244C8] -> 0x1513
mem[X,0x00000000800244CA] -> 0x00A5
[5031] [M]: 0x00000000800244C8 (0x00A51513) slli a0, a0, 0xa
x10 <- 0xFFFFFFFF4AFB0C00
mem[X,0x00000000800244CC] -> 0x0513
mem[X,0x00000000800244CE] -> 0x0CD5
[5032] [M]: 0x00000000800244CC (0x0CD50513) addi a0, a0, 0xcd
x10 <- 0xFFFFFFFF4AFB0CCD
mem[X,0x00000000800244D0] -> 0x65B7
mem[X,0x00000000800244D2] -> 0x6666
[5033] [M]: 0x00000000800244D0 (0x666665B7) lui a1, 0x66666
x11 <- 0x0000000066666000
mem[X,0x00000000800244D4] -> 0x8593
mem[X,0x00000000800244D6] -> 0x6665
[5034] [M]: 0x00000000800244D4 (0x66658593) addi a1, a1, 0x666
x11 <- 0x0000000066666666
mem[X,0x00000000800244D8] -> 0x9593
mem[X,0x00000000800244DA] -> 0x00B5
[5035] [M]: 0x00000000800244D8 (0x00B59593) slli a1, a1, 0xb
x11 <- 0x0000033333333000
mem[X,0x00000000800244DC] -> 0x8593
mem[X,0x00000000800244DE] -> 0x3335
[5036] [M]: 0x00000000800244DC (0x33358593) addi a1, a1, 0x333
x11 <- 0x0000033333333333
mem[X,0x00000000800244E0] -> 0x9593
mem[X,0x00000000800244E2] -> 0x00B5
[5037] [M]: 0x00000000800244E0 (0x00B59593) slli a1, a1, 0xb
x11 <- 0x0019999999999800
mem[X,0x00000000800244E4] -> 0x8593
mem[X,0x00000000800244E6] -> 0x1995
[5038] [M]: 0x00000000800244E4 (0x19958593) addi a1, a1, 0x199
x11 <- 0x0019999999999999
mem[X,0x00000000800244E8] -> 0x9593
mem[X,0x00000000800244EA] -> 0x00A5
[5039] [M]: 0x00000000800244E8 (0x00A59593) slli a1, a1, 0xa
x11 <- 0x6666666666666400
mem[X,0x00000000800244EC] -> 0x8593
mem[X,0x00000000800244EE] -> 0x2675
[5040] [M]: 0x00000000800244EC (0x26758593) addi a1, a1, 0x267
x11 <- 0x6666666666666667
mem[X,0x00000000800244F0] -> 0x0113
mem[X,0x00000000800244F2] -> 0x0000
[5041] [M]: 0x00000000800244F0 (0x00000113) addi sp, zero, 0x0
x2 <- 0x0000000000000000
mem[X,0x00000000800244F4] -> 0x006F
mem[X,0x00000000800244F6] -> 0x00C0
[5042] [M]: 0x00000000800244F4 (0x00C0006F) jal zero, 0xc
mem[X,0x0000000080024500] -> 0x1663
mem[X,0x0000000080024502] -> 0x00B5
[5043] [M]: 0x0000000080024500 (0x00B51663) bne a0, a1, 0xc
mem[X,0x000000008002450C] -> 0x0113
mem[X,0x000000008002450E] -> 0x0031
[5044] [M]: 0x000000008002450C (0x00310113) addi sp, sp, 0x3
x2 <- 0x0000000000000003
mem[X,0x0000000080024510] -> 0x006F
mem[X,0x0000000080024512] -> 0x0040
[5045] [M]: 0x0000000080024510 (0x0040006F) jal zero, 0x4
mem[X,0x0000000080024514] -> 0xB423
mem[X,0x0000000080024516] -> 0x2020
[5046] [M]: 0x0000000080024514 (0x2020B423) sd sp, 0x208(ra)
mem[0x0000000080045BE0] <- 0x0000000000000003
mem[X,0x0000000080024518] -> 0x0537
mem[X,0x000000008002451A] -> 0x0000
[5047] [M]: 0x0000000080024518 (0x00000537) lui a0, 0x0
x10 <- 0x0000000000000000
mem[X,0x000000008002451C] -> 0x0513
mem[X,0x000000008002451E] -> 0xFFF5
[5048] [M]: 0x000000008002451C (0xFFF50513) addi a0, a0, -0x1
x10 <- 0xFFFFFFFFFFFFFFFF
mem[X,0x0000000080024520] -> 0x1513
mem[X,0x0000000080024522] -> 0x00B5
[5049] [M]: 0x0000000080024520 (0x00B51513) slli a0, a0, 0xb
x10 <- 0xFFFFFFFFFFFFF800
mem[X,0x0000000080024524] -> 0x0513
mem[X,0x0000000080024526] -> 0x2575
[5050] [M]: 0x0000000080024524 (0x25750513) addi a0, a0, 0x257
x10 <- 0xFFFFFFFFFFFFFA57
mem[X,0x0000000080024528] -> 0x1513
mem[X,0x000000008002452A] -> 0x00B5
[5051] [M]: 0x0000000080024528 (0x00B51513) slli a0, a0, 0xb
x10 <- 0xFFFFFFFFFFD2B800
mem[X,0x000000008002452C] -> 0x0513
mem[X,0x000000008002452E] -> 0x6C35
[5052] [M]: 0x000000008002452C (0x6C350513) addi a0, a0, 0x6c3
x10 <- 0xFFFFFFFFFFD2BEC3
mem[X,0x0000000080024530] -> 0x1513
mem[X,0x0000000080024532] -> 0x00A5
[5053] [M]: 0x0000000080024530 (0x00A51513) slli a0, a0, 0xa
x10 <- 0xFFFFFFFF4AFB0C00
mem[X,0x0000000080024534] -> 0x0513
mem[X,0x0000000080024536] -> 0x0CD5
[5054] [M]: 0x0000000080024534 (0x0CD50513) addi a0, a0, 0xcd
x10 <- 0xFFFFFFFF4AFB0CCD
mem[X,0x0000000080024538] -> 0x05B7
mem[X,0x000000008002453A] -> 0x0000
[5055] [M]: 0x0000000080024538 (0x000005B7) lui a1, 0x0
x11 <- 0x0000000000000000
mem[X,0x000000008002453C] -> 0x8593
mem[X,0x000000008002453E] -> 0xFFF5
[5056] [M]: 0x000000008002453C (0xFFF58593) addi a1, a1, -0x1
x11 <- 0xFFFFFFFFFFFFFFFF
mem[X,0x0000000080024540] -> 0x9593
mem[X,0x0000000080024542] -> 0x00B5
[5057] [M]: 0x0000000080024540 (0x00B59593) slli a1, a1, 0xb
x11 <- 0xFFFFFFFFFFFFF800
mem[X,0x0000000080024544] -> 0x8593
mem[X,0x0000000080024546] -> 0x2575
[5058] [M]: 0x0000000080024544 (0x25758593) addi a1, a1, 0x257
x11 <- 0xFFFFFFFFFFFFFA57
mem[X,0x0000000080024548] -> 0x9593
mem[X,0x000000008002454A] -> 0x00B5
[5059] [M]: 0x0000000080024548 (0x00B59593) slli a1, a1, 0xb
x11 <- 0xFFFFFFFFFFD2B800
mem[X,0x000000008002454C] -> 0x8593
mem[X,0x000000008002454E] -> 0x6C35
[5060] [M]: 0x000000008002454C (0x6C358593) addi a1, a1, 0x6c3
x11 <- 0xFFFFFFFFFFD2BEC3
mem[X,0x0000000080024550] -> 0x9593
mem[X,0x0000000080024552] -> 0x00A5
[5061] [M]: 0x0000000080024550 (0x00A59593) slli a1, a1, 0xa
x11 <- 0xFFFFFFFF4AFB0C00
mem[X,0x0000000080024554] -> 0x8593
mem[X,0x0000000080024556] -> 0x0CE5
[5062] [M]: 0x0000000080024554 (0x0CE58593) addi a1, a1, 0xce
x11 <- 0xFFFFFFFF4AFB0CCE
mem[X,0x0000000080024558] -> 0x0113
mem[X,0x000000008002455A] -> 0x0000
[5063] [M]: 0x0000000080024558 (0x00000113) addi sp, zero, 0x0
x2 <- 0x0000000000000000
mem[X,0x000000008002455C] -> 0x006F
mem[X,0x000000008002455E] -> 0x00C0
[5064] [M]: 0x000000008002455C (0x00C0006F) jal zero, 0xc
mem[X,0x0000000080024568] -> 0x1CE3
mem[X,0x000000008002456A] -> 0xFEB5
[5065] [M]: 0x0000000080024568 (0xFEB51CE3) bne a0, a1, -0x8
mem[X,0x0000000080024560] -> 0x0113
mem[X,0x0000000080024562] -> 0x0011
[5066] [M]: 0x0000000080024560 (0x00110113) addi sp, sp, 0x1
x2 <- 0x0000000000000001
mem[X,0x0000000080024564] -> 0x006F
mem[X,0x0000000080024566] -> 0x0180
[5067] [M]: 0x0000000080024564 (0x0180006F) jal zero, 0x18
mem[X,0x000000008002457C] -> 0xB823
mem[X,0x000000008002457E] -> 0x2020
[5068] [M]: 0x000000008002457C (0x2020B823) sd sp, 0x210(ra)
mem[0x0000000080045BE8] <- 0x0000000000000001
mem[X,0x0000000080024580] -> 0x0537
mem[X,0x0000000080024582] -> 0x0000
[5069] [M]: 0x0000000080024580 (0x00000537) lui a0, 0x0
x10 <- 0x0000000000000000
mem[X,0x0000000080024584] -> 0x0513
mem[X,0x0000000080024586] -> 0xFFF5
[5070] [M]: 0x0000000080024584 (0xFFF50513) addi a0, a0, -0x1
x10 <- 0xFFFFFFFFFFFFFFFF
mem[X,0x0000000080024588] -> 0x1513
mem[X,0x000000008002458A] -> 0x00B5
[5071] [M]: 0x0000000080024588 (0x00B51513) slli a0, a0, 0xb
x10 <- 0xFFFFFFFFFFFFF800
mem[X,0x000000008002458C] -> 0x0513
mem[X,0x000000008002458E] -> 0x2575
[5072] [M]: 0x000000008002458C (0x25750513) addi a0, a0, 0x257
x10 <- 0xFFFFFFFFFFFFFA57
mem[X,0x0000000080024590] -> 0x1513
mem[X,0x0000000080024592] -> 0x00B5
[5073] [M]: 0x0000000080024590 (0x00B51513) slli a0, a0, 0xb
x10 <- 0xFFFFFFFFFFD2B800
mem[X,0x0000000080024594] -> 0x0513
mem[X,0x0000000080024596] -> 0x6C35
[5074] [M]: 0x0000000080024594 (0x6C350513) addi a0, a0, 0x6c3
x10 <- 0xFFFFFFFFFFD2BEC3
mem[X,0x0000000080024598] -> 0x1513
mem[X,0x000000008002459A] -> 0x00A5
[5075] [M]: 0x0000000080024598 (0x00A51513) slli a0, a0, 0xa
x10 <- 0xFFFFFFFF4AFB0C00
mem[X,0x000000008002459C] -> 0x0513
mem[X,0x000000008002459E] -> 0x0CD5
[5076] [M]: 0x000000008002459C (0x0CD50513) addi a0, a0, 0xcd
x10 <- 0xFFFFFFFF4AFB0CCD
mem[X,0x00000000800245A0] -> 0x05B7
mem[X,0x00000000800245A2] -> 0x0000
[5077] [M]: 0x00000000800245A0 (0x000005B7) lui a1, 0x0
x11 <- 0x0000000000000000
mem[X,0x00000000800245A4] -> 0x8593
mem[X,0x00000000800245A6] -> 0x0005
[5078] [M]: 0x00000000800245A4 (0x00058593) addi a1, a1, 0x0
x11 <- 0x0000000000000000
mem[X,0x00000000800245A8] -> 0x9593
mem[X,0x00000000800245AA] -> 0x00B5
[5079] [M]: 0x00000000800245A8 (0x00B59593) slli a1, a1, 0xb
x11 <- 0x0000000000000000
mem[X,0x00000000800245AC] -> 0x8593
mem[X,0x00000000800245AE] -> 0x5A85
[5080] [M]: 0x00000000800245AC (0x5A858593) addi a1, a1, 0x5a8
x11 <- 0x00000000000005A8
mem[X,0x00000000800245B0] -> 0x9593
mem[X,0x00000000800245B2] -> 0x00B5
[5081] [M]: 0x00000000800245B0 (0x00B59593) slli a1, a1, 0xb
x11 <- 0x00000000002D4000
mem[X,0x00000000800245B4] -> 0x8593
mem[X,0x00000000800245B6] -> 0x13C5
[5082] [M]: 0x00000000800245B4 (0x13C58593) addi a1, a1, 0x13c
x11 <- 0x00000000002D413C
mem[X,0x00000000800245B8] -> 0x9593
mem[X,0x00000000800245BA] -> 0x00A5
[5083] [M]: 0x00000000800245B8 (0x00A59593) slli a1, a1, 0xa
x11 <- 0x00000000B504F000
mem[X,0x00000000800245BC] -> 0x8593
mem[X,0x00000000800245BE] -> 0x3345
[5084] [M]: 0x00000000800245BC (0x33458593) addi a1, a1, 0x334
x11 <- 0x00000000B504F334
mem[X,0x00000000800245C0] -> 0x0113
mem[X,0x00000000800245C2] -> 0x0000
[5085] [M]: 0x00000000800245C0 (0x00000113) addi sp, zero, 0x0
x2 <- 0x0000000000000000
mem[X,0x00000000800245C4] -> 0x006F
mem[X,0x00000000800245C6] -> 0x0100
[5086] [M]: 0x00000000800245C4 (0x0100006F) jal zero, 0x10
mem[X,0x00000000800245D4] -> 0x1AE3
mem[X,0x00000000800245D6] -> 0xFEB5
[5087] [M]: 0x00000000800245D4 (0xFEB51AE3) bne a0, a1, -0xc
mem[X,0x00000000800245C8] -> 0x0113
mem[X,0x00000000800245CA] -> 0x0011
[5088] [M]: 0x00000000800245C8 (0x00110113) addi sp, sp, 0x1
x2 <- 0x0000000000000001
mem[X,0x00000000800245CC] -> 0x006F
mem[X,0x00000000800245CE] -> 0x01C0
[5089] [M]: 0x00000000800245CC (0x01C0006F) jal zero, 0x1c
mem[X,0x00000000800245E8] -> 0xBC23
mem[X,0x00000000800245EA] -> 0x2020
[5090] [M]: 0x00000000800245E8 (0x2020BC23) sd sp, 0x218(ra)
mem[0x0000000080045BF0] <- 0x0000000000000001
mem[X,0x00000000800245EC] -> 0x0537
mem[X,0x00000000800245EE] -> 0x0000
[5091] [M]: 0x00000000800245EC (0x00000537) lui a0, 0x0
x10 <- 0x0000000000000000
mem[X,0x00000000800245F0] -> 0x0513
mem[X,0x00000000800245F2] -> 0x0005
[5092] [M]: 0x00000000800245F0 (0x00050513) addi a0, a0, 0x0
x10 <- 0x0000000000000000
mem[X,0x00000000800245F4] -> 0x1513
mem[X,0x00000000800245F6] -> 0x00B5
[5093] [M]: 0x00000000800245F4 (0x00B51513) slli a0, a0, 0xb
x10 <- 0x0000000000000000
mem[X,0x00000000800245F8] -> 0x0513
mem[X,0x00000000800245FA] -> 0x5A85
[5094] [M]: 0x00000000800245F8 (0x5A850513) addi a0, a0, 0x5a8
x10 <- 0x00000000000005A8
mem[X,0x00000000800245FC] -> 0x1513
mem[X,0x00000000800245FE] -> 0x00B5
[5095] [M]: 0x00000000800245FC (0x00B51513) slli a0, a0, 0xb
x10 <- 0x00000000002D4000
mem[X,0x0000000080024600] -> 0x0513
mem[X,0x0000000080024602] -> 0x13C5
[5096] [M]: 0x0000000080024600 (0x13C50513) addi a0, a0, 0x13c
x10 <- 0x00000000002D413C
mem[X,0x0000000080024604] -> 0x1513
mem[X,0x0000000080024606] -> 0x00A5
[5097] [M]: 0x0000000080024604 (0x00A51513) slli a0, a0, 0xa
x10 <- 0x00000000B504F000
mem[X,0x0000000080024608] -> 0x0513
mem[X,0x000000008002460A] -> 0x3335
[5098] [M]: 0x0000000080024608 (0x33350513) addi a0, a0, 0x333
x10 <- 0x00000000B504F333
mem[X,0x000000008002460C] -> 0x0593
mem[X,0x000000008002460E] -> 0x0030
[5099] [M]: 0x000000008002460C (0x00300593) addi a1, zero, 0x3
x11 <- 0x0000000000000003
clint::tick mtime <- 0x0000000000000033
 clint timer pending at mtime 0x0000000000000033
htif::tick 0x0000000000000000
mem[X,0x0000000080024610] -> 0x0113
mem[X,0x0000000080024612] -> 0x0000
[5100] [M]: 0x0000000080024610 (0x00000113) addi sp, zero, 0x0
x2 <- 0x0000000000000000
mem[X,0x0000000080024614] -> 0x006F
mem[X,0x0000000080024616] -> 0x00C0
[5101] [M]: 0x0000000080024614 (0x00C0006F) jal zero, 0xc
mem[X,0x0000000080024620] -> 0x1063
mem[X,0x0000000080024622] -> 0x04B5
[5102] [M]: 0x0000000080024620 (0x04B51063) bne a0, a1, 0x40
mem[X,0x0000000080024660] -> 0x0113
mem[X,0x0000000080024662] -> 0x0031
[5103] [M]: 0x0000000080024660 (0x00310113) addi sp, sp, 0x3
x2 <- 0x0000000000000003
mem[X,0x0000000080024664] -> 0x006F
mem[X,0x0000000080024666] -> 0x0040
[5104] [M]: 0x0000000080024664 (0x0040006F) jal zero, 0x4
mem[X,0x0000000080024668] -> 0xB023
mem[X,0x000000008002466A] -> 0x2220
[5105] [M]: 0x0000000080024668 (0x2220B023) sd sp, 0x220(ra)
mem[0x0000000080045BF8] <- 0x0000000000000003
mem[X,0x000000008002466C] -> 0x0537
mem[X,0x000000008002466E] -> 0x0000
[5106] [M]: 0x000000008002466C (0x00000537) lui a0, 0x0
x10 <- 0x0000000000000000
mem[X,0x0000000080024670] -> 0x0513
mem[X,0x0000000080024672] -> 0x0005
[5107] [M]: 0x0000000080024670 (0x00050513) addi a0, a0, 0x0
x10 <- 0x0000000000000000
mem[X,0x0000000080024674] -> 0x1513
mem[X,0x0000000080024676] -> 0x00B5
[5108] [M]: 0x0000000080024674 (0x00B51513) slli a0, a0, 0xb
x10 <- 0x0000000000000000
mem[X,0x0000000080024678] -> 0x0513
mem[X,0x000000008002467A] -> 0x5A85
[5109] [M]: 0x0000000080024678 (0x5A850513) addi a0, a0, 0x5a8
x10 <- 0x00000000000005A8
mem[X,0x000000008002467C] -> 0x1513
mem[X,0x000000008002467E] -> 0x00B5
[5110] [M]: 0x000000008002467C (0x00B51513) slli a0, a0, 0xb
x10 <- 0x00000000002D4000
mem[X,0x0000000080024680] -> 0x0513
mem[X,0x0000000080024682] -> 0x13C5
[5111] [M]: 0x0000000080024680 (0x13C50513) addi a0, a0, 0x13c
x10 <- 0x00000000002D413C
mem[X,0x0000000080024684] -> 0x1513
mem[X,0x0000000080024686] -> 0x00A5
[5112] [M]: 0x0000000080024684 (0x00A51513) slli a0, a0, 0xa
x10 <- 0x00000000B504F000
mem[X,0x0000000080024688] -> 0x0513
mem[X,0x000000008002468A] -> 0x3335
[5113] [M]: 0x0000000080024688 (0x33350513) addi a0, a0, 0x333
x10 <- 0x00000000B504F333
mem[X,0x000000008002468C] -> 0x55B7
mem[X,0x000000008002468E] -> 0x5555
[5114] [M]: 0x000000008002468C (0x555555B7) lui a1, 0x55555
x11 <- 0x0000000055555000
mem[X,0x0000000080024690] -> 0x8593
mem[X,0x0000000080024692] -> 0x5555
[5115] [M]: 0x0000000080024690 (0x55558593) addi a1, a1, 0x555
x11 <- 0x0000000055555555
mem[X,0x0000000080024694] -> 0x9593
mem[X,0x0000000080024696] -> 0x00B5
[5116] [M]: 0x0000000080024694 (0x00B59593) slli a1, a1, 0xb
x11 <- 0x000002AAAAAAA800
mem[X,0x0000000080024698] -> 0x8593
mem[X,0x000000008002469A] -> 0x2AA5
[5117] [M]: 0x0000000080024698 (0x2AA58593) addi a1, a1, 0x2aa
x11 <- 0x000002AAAAAAAAAA
mem[X,0x000000008002469C] -> 0x9593
mem[X,0x000000008002469E] -> 0x00B5
[5118] [M]: 0x000000008002469C (0x00B59593) slli a1, a1, 0xb
x11 <- 0x0015555555555000
mem[X,0x00000000800246A0] -> 0x8593
mem[X,0x00000000800246A2] -> 0x5555
[5119] [M]: 0x00000000800246A0 (0x55558593) addi a1, a1, 0x555
x11 <- 0x0015555555555555
mem[X,0x00000000800246A4] -> 0x9593
mem[X,0x00000000800246A6] -> 0x00A5
[5120] [M]: 0x00000000800246A4 (0x00A59593) slli a1, a1, 0xa
x11 <- 0x5555555555555400
mem[X,0x00000000800246A8] -> 0x8593
mem[X,0x00000000800246AA] -> 0x1555
[5121] [M]: 0x00000000800246A8 (0x15558593) addi a1, a1, 0x155
x11 <- 0x5555555555555555
mem[X,0x00000000800246AC] -> 0x0113
mem[X,0x00000000800246AE] -> 0x0000
[5122] [M]: 0x00000000800246AC (0x00000113) addi sp, zero, 0x0
x2 <- 0x0000000000000000
mem[X,0x00000000800246B0] -> 0x006F
mem[X,0x00000000800246B2] -> 0x00C0
[5123] [M]: 0x00000000800246B0 (0x00C0006F) jal zero, 0xc
mem[X,0x00000000800246BC] -> 0x1CE3
mem[X,0x00000000800246BE] -> 0xFEB5
[5124] [M]: 0x00000000800246BC (0xFEB51CE3) bne a0, a1, -0x8
mem[X,0x00000000800246B4] -> 0x0113
mem[X,0x00000000800246B6] -> 0x0011
[5125] [M]: 0x00000000800246B4 (0x00110113) addi sp, sp, 0x1
x2 <- 0x0000000000000001
mem[X,0x00000000800246B8] -> 0x006F
mem[X,0x00000000800246BA] -> 0x0180
[5126] [M]: 0x00000000800246B8 (0x0180006F) jal zero, 0x18
mem[X,0x00000000800246D0] -> 0xB423
mem[X,0x00000000800246D2] -> 0x2220
[5127] [M]: 0x00000000800246D0 (0x2220B423) sd sp, 0x228(ra)
mem[0x0000000080045C00] <- 0x0000000000000001
mem[X,0x00000000800246D4] -> 0x0537
mem[X,0x00000000800246D6] -> 0x0000
[5128] [M]: 0x00000000800246D4 (0x00000537) lui a0, 0x0
x10 <- 0x0000000000000000
mem[X,0x00000000800246D8] -> 0x0513
mem[X,0x00000000800246DA] -> 0x0005
[5129] [M]: 0x00000000800246D8 (0x00050513) addi a0, a0, 0x0
x10 <- 0x0000000000000000
mem[X,0x00000000800246DC] -> 0x1513
mem[X,0x00000000800246DE] -> 0x00B5
[5130] [M]: 0x00000000800246DC (0x00B51513) slli a0, a0, 0xb
x10 <- 0x0000000000000000
mem[X,0x00000000800246E0] -> 0x0513
mem[X,0x00000000800246E2] -> 0x5A85
[5131] [M]: 0x00000000800246E0 (0x5A850513) addi a0, a0, 0x5a8
x10 <- 0x00000000000005A8
mem[X,0x00000000800246E4] -> 0x1513
mem[X,0x00000000800246E6] -> 0x00B5
[5132] [M]: 0x00000000800246E4 (0x00B51513) slli a0, a0, 0xb
x10 <- 0x00000000002D4000
mem[X,0x00000000800246E8] -> 0x0513
mem[X,0x00000000800246EA] -> 0x13C5
[5133] [M]: 0x00000000800246E8 (0x13C50513) addi a0, a0, 0x13c
x10 <- 0x00000000002D413C
mem[X,0x00000000800246EC] -> 0x1513
mem[X,0x00000000800246EE] -> 0x00A5
[5134] [M]: 0x00000000800246EC (0x00A51513) slli a0, a0, 0xa
x10 <- 0x00000000B504F000
mem[X,0x00000000800246F0] -> 0x0513
mem[X,0x00000000800246F2] -> 0x3335
[5135] [M]: 0x00000000800246F0 (0x33350513) addi a0, a0, 0x333
x10 <- 0x00000000B504F333
mem[X,0x00000000800246F4] -> 0xB5B7
mem[X,0x00000000800246F6] -> 0xAAAA
[5136] [M]: 0x00000000800246F4 (0xAAAAB5B7) lui a1, -0x55555
x11 <- 0xFFFFFFFFAAAAB000
mem[X,0x00000000800246F8] -> 0x8593
mem[X,0x00000000800246FA] -> 0xAAA5
[5137] [M]: 0x00000000800246F8 (0xAAA58593) addi a1, a1, -0x556
x11 <- 0xFFFFFFFFAAAAAAAA
mem[X,0x00000000800246FC] -> 0x9593
mem[X,0x00000000800246FE] -> 0x00B5
[5138] [M]: 0x00000000800246FC (0x00B59593) slli a1, a1, 0xb
x11 <- 0xFFFFFD5555555000
mem[X,0x0000000080024700] -> 0x8593
mem[X,0x0000000080024702] -> 0x5555
[5139] [M]: 0x0000000080024700 (0x55558593) addi a1, a1, 0x555
x11 <- 0xFFFFFD5555555555
mem[X,0x0000000080024704] -> 0x9593
mem[X,0x0000000080024706] -> 0x00B5
[5140] [M]: 0x0000000080024704 (0x00B59593) slli a1, a1, 0xb
x11 <- 0xFFEAAAAAAAAAA800
mem[X,0x0000000080024708] -> 0x8593
mem[X,0x000000008002470A] -> 0x2AA5
[5141] [M]: 0x0000000080024708 (0x2AA58593) addi a1, a1, 0x2aa
x11 <- 0xFFEAAAAAAAAAAAAA
mem[X,0x000000008002470C] -> 0x9593
mem[X,0x000000008002470E] -> 0x00A5
[5142] [M]: 0x000000008002470C (0x00A59593) slli a1, a1, 0xa
x11 <- 0xAAAAAAAAAAAAA800
mem[X,0x0000000080024710] -> 0x8593
mem[X,0x0000000080024712] -> 0x2AA5
[5143] [M]: 0x0000000080024710 (0x2AA58593) addi a1, a1, 0x2aa
x11 <- 0xAAAAAAAAAAAAAAAA
mem[X,0x0000000080024714] -> 0x0113
mem[X,0x0000000080024716] -> 0x0000
[5144] [M]: 0x0000000080024714 (0x00000113) addi sp, zero, 0x0
x2 <- 0x0000000000000000
mem[X,0x0000000080024718] -> 0x006F
mem[X,0x000000008002471A] -> 0x0180
[5145] [M]: 0x0000000080024718 (0x0180006F) jal zero, 0x18
mem[X,0x0000000080024730] -> 0x16E3
mem[X,0x0000000080024732] -> 0xFEB5
[5146] [M]: 0x0000000080024730 (0xFEB516E3) bne a0, a1, -0x14
mem[X,0x000000008002471C] -> 0x0113
mem[X,0x000000008002471E] -> 0x0011
[5147] [M]: 0x000000008002471C (0x00110113) addi sp, sp, 0x1
x2 <- 0x0000000000000001
mem[X,0x0000000080024720] -> 0x006F
mem[X,0x0000000080024722] -> 0x0240
[5148] [M]: 0x0000000080024720 (0x0240006F) jal zero, 0x24
mem[X,0x0000000080024744] -> 0xB823
mem[X,0x0000000080024746] -> 0x2220
[5149] [M]: 0x0000000080024744 (0x2220B823) sd sp, 0x230(ra)
mem[0x0000000080045C08] <- 0x0000000000000001
mem[X,0x0000000080024748] -> 0x0537
mem[X,0x000000008002474A] -> 0x0000
[5150] [M]: 0x0000000080024748 (0x00000537) lui a0, 0x0
x10 <- 0x0000000000000000
mem[X,0x000000008002474C] -> 0x0513
mem[X,0x000000008002474E] -> 0x0005
[5151] [M]: 0x000000008002474C (0x00050513) addi a0, a0, 0x0
x10 <- 0x0000000000000000
mem[X,0x0000000080024750] -> 0x1513
mem[X,0x0000000080024752] -> 0x00B5
[5152] [M]: 0x0000000080024750 (0x00B51513) slli a0, a0, 0xb
x10 <- 0x0000000000000000
mem[X,0x0000000080024754] -> 0x0513
mem[X,0x0000000080024756] -> 0x5A85
[5153] [M]: 0x0000000080024754 (0x5A850513) addi a0, a0, 0x5a8
x10 <- 0x00000000000005A8
mem[X,0x0000000080024758] -> 0x1513
mem[X,0x000000008002475A] -> 0x00B5
[5154] [M]: 0x0000000080024758 (0x00B51513) slli a0, a0, 0xb
x10 <- 0x00000000002D4000
mem[X,0x000000008002475C] -> 0x0513
mem[X,0x000000008002475E] -> 0x13C5
[5155] [M]: 0x000000008002475C (0x13C50513) addi a0, a0, 0x13c
x10 <- 0x00000000002D413C
mem[X,0x0000000080024760] -> 0x1513
mem[X,0x0000000080024762] -> 0x00A5
[5156] [M]: 0x0000000080024760 (0x00A51513) slli a0, a0, 0xa
x10 <- 0x00000000B504F000
mem[X,0x0000000080024764] -> 0x0513
mem[X,0x0000000080024766] -> 0x3335
[5157] [M]: 0x0000000080024764 (0x33350513) addi a0, a0, 0x333
x10 <- 0x00000000B504F333
mem[X,0x0000000080024768] -> 0x0593
mem[X,0x000000008002476A] -> 0x0050
[5158] [M]: 0x0000000080024768 (0x00500593) addi a1, zero, 0x5
x11 <- 0x0000000000000005
mem[X,0x000000008002476C] -> 0x0113
mem[X,0x000000008002476E] -> 0x0000
[5159] [M]: 0x000000008002476C (0x00000113) addi sp, zero, 0x0
x2 <- 0x0000000000000000
mem[X,0x0000000080024770] -> 0x006F
mem[X,0x0000000080024772] -> 0x00C0
[5160] [M]: 0x0000000080024770 (0x00C0006F) jal zero, 0xc
mem[X,0x000000008002477C] -> 0x1063
mem[X,0x000000008002477E] -> 0x04B5
[5161] [M]: 0x000000008002477C (0x04B51063) bne a0, a1, 0x40
mem[X,0x00000000800247BC] -> 0x0113
mem[X,0x00000000800247BE] -> 0x0031
[5162] [M]: 0x00000000800247BC (0x00310113) addi sp, sp, 0x3
x2 <- 0x0000000000000003
mem[X,0x00000000800247C0] -> 0x006F
mem[X,0x00000000800247C2] -> 0x0040
[5163] [M]: 0x00000000800247C0 (0x0040006F) jal zero, 0x4
mem[X,0x00000000800247C4] -> 0xBC23
mem[X,0x00000000800247C6] -> 0x2220
[5164] [M]: 0x00000000800247C4 (0x2220BC23) sd sp, 0x238(ra)
mem[0x0000000080045C10] <- 0x0000000000000003
mem[X,0x00000000800247C8] -> 0x0537
mem[X,0x00000000800247CA] -> 0x0000
[5165] [M]: 0x00000000800247C8 (0x00000537) lui a0, 0x0
x10 <- 0x0000000000000000
mem[X,0x00000000800247CC] -> 0x0513
mem[X,0x00000000800247CE] -> 0x0005
[5166] [M]: 0x00000000800247CC (0x00050513) addi a0, a0, 0x0
x10 <- 0x0000000000000000
mem[X,0x00000000800247D0] -> 0x1513
mem[X,0x00000000800247D2] -> 0x00B5
[5167] [M]: 0x00000000800247D0 (0x00B51513) slli a0, a0, 0xb
x10 <- 0x0000000000000000
mem[X,0x00000000800247D4] -> 0x0513
mem[X,0x00000000800247D6] -> 0x5A85
[5168] [M]: 0x00000000800247D4 (0x5A850513) addi a0, a0, 0x5a8
x10 <- 0x00000000000005A8
mem[X,0x00000000800247D8] -> 0x1513
mem[X,0x00000000800247DA] -> 0x00B5
[5169] [M]: 0x00000000800247D8 (0x00B51513) slli a0, a0, 0xb
x10 <- 0x00000000002D4000
mem[X,0x00000000800247DC] -> 0x0513
mem[X,0x00000000800247DE] -> 0x13C5
[5170] [M]: 0x00000000800247DC (0x13C50513) addi a0, a0, 0x13c
x10 <- 0x00000000002D413C
mem[X,0x00000000800247E0] -> 0x1513
mem[X,0x00000000800247E2] -> 0x00A5
[5171] [M]: 0x00000000800247E0 (0x00A51513) slli a0, a0, 0xa
x10 <- 0x00000000B504F000
mem[X,0x00000000800247E4] -> 0x0513
mem[X,0x00000000800247E6] -> 0x3335
[5172] [M]: 0x00000000800247E4 (0x33350513) addi a0, a0, 0x333
x10 <- 0x00000000B504F333
mem[X,0x00000000800247E8] -> 0x35B7
mem[X,0x00000000800247EA] -> 0x3333
[5173] [M]: 0x00000000800247E8 (0x333335B7) lui a1, 0x33333
x11 <- 0x0000000033333000
mem[X,0x00000000800247EC] -> 0x8593
mem[X,0x00000000800247EE] -> 0x3335
[5174] [M]: 0x00000000800247EC (0x33358593) addi a1, a1, 0x333
x11 <- 0x0000000033333333
mem[X,0x00000000800247F0] -> 0x9593
mem[X,0x00000000800247F2] -> 0x00B5
[5175] [M]: 0x00000000800247F0 (0x00B59593) slli a1, a1, 0xb
x11 <- 0x0000019999999800
mem[X,0x00000000800247F4] -> 0x8593
mem[X,0x00000000800247F6] -> 0x1995
[5176] [M]: 0x00000000800247F4 (0x19958593) addi a1, a1, 0x199
x11 <- 0x0000019999999999
mem[X,0x00000000800247F8] -> 0x9593
mem[X,0x00000000800247FA] -> 0x00B5
[5177] [M]: 0x00000000800247F8 (0x00B59593) slli a1, a1, 0xb
x11 <- 0x000CCCCCCCCCC800
mem[X,0x00000000800247FC] -> 0x8593
mem[X,0x00000000800247FE] -> 0x4CC5
[5178] [M]: 0x00000000800247FC (0x4CC58593) addi a1, a1, 0x4cc
x11 <- 0x000CCCCCCCCCCCCC
mem[X,0x0000000080024800] -> 0x9593
mem[X,0x0000000080024802] -> 0x00A5
[5179] [M]: 0x0000000080024800 (0x00A59593) slli a1, a1, 0xa
x11 <- 0x3333333333333000
mem[X,0x0000000080024804] -> 0x8593
mem[X,0x0000000080024806] -> 0x3335
[5180] [M]: 0x0000000080024804 (0x33358593) addi a1, a1, 0x333
x11 <- 0x3333333333333333
mem[X,0x0000000080024808] -> 0x0113
mem[X,0x000000008002480A] -> 0x0000
[5181] [M]: 0x0000000080024808 (0x00000113) addi sp, zero, 0x0
x2 <- 0x0000000000000000
mem[X,0x000000008002480C] -> 0x006F
mem[X,0x000000008002480E] -> 0x00C0
[5182] [M]: 0x000000008002480C (0x00C0006F) jal zero, 0xc
mem[X,0x0000000080024818] -> 0x1063
mem[X,0x000000008002481A] -> 0x10B5
[5183] [M]: 0x0000000080024818 (0x10B51063) bne a0, a1, 0x100
mem[X,0x0000000080024918] -> 0x0113
mem[X,0x000000008002491A] -> 0x0031
[5184] [M]: 0x0000000080024918 (0x00310113) addi sp, sp, 0x3
x2 <- 0x0000000000000003
mem[X,0x000000008002491C] -> 0x006F
mem[X,0x000000008002491E] -> 0x0040
[5185] [M]: 0x000000008002491C (0x0040006F) jal zero, 0x4
mem[X,0x0000000080024920] -> 0xB023
mem[X,0x0000000080024922] -> 0x2420
[5186] [M]: 0x0000000080024920 (0x2420B023) sd sp, 0x240(ra)
mem[0x0000000080045C18] <- 0x0000000000000003
mem[X,0x0000000080024924] -> 0x0537
mem[X,0x0000000080024926] -> 0x0000
[5187] [M]: 0x0000000080024924 (0x00000537) lui a0, 0x0
x10 <- 0x0000000000000000
mem[X,0x0000000080024928] -> 0x0513
mem[X,0x000000008002492A] -> 0x0005
[5188] [M]: 0x0000000080024928 (0x00050513) addi a0, a0, 0x0
x10 <- 0x0000000000000000
mem[X,0x000000008002492C] -> 0x1513
mem[X,0x000000008002492E] -> 0x00B5
[5189] [M]: 0x000000008002492C (0x00B51513) slli a0, a0, 0xb
x10 <- 0x0000000000000000
mem[X,0x0000000080024930] -> 0x0513
mem[X,0x0000000080024932] -> 0x5A85
[5190] [M]: 0x0000000080024930 (0x5A850513) addi a0, a0, 0x5a8
x10 <- 0x00000000000005A8
mem[X,0x0000000080024934] -> 0x1513
mem[X,0x0000000080024936] -> 0x00B5
[5191] [M]: 0x0000000080024934 (0x00B51513) slli a0, a0, 0xb
x10 <- 0x00000000002D4000
mem[X,0x0000000080024938] -> 0x0513
mem[X,0x000000008002493A] -> 0x13C5
[5192] [M]: 0x0000000080024938 (0x13C50513) addi a0, a0, 0x13c
x10 <- 0x00000000002D413C
mem[X,0x000000008002493C] -> 0x1513
mem[X,0x000000008002493E] -> 0x00A5
[5193] [M]: 0x000000008002493C (0x00A51513) slli a0, a0, 0xa
x10 <- 0x00000000B504F000
mem[X,0x0000000080024940] -> 0x0513
mem[X,0x0000000080024942] -> 0x3335
[5194] [M]: 0x0000000080024940 (0x33350513) addi a0, a0, 0x333
x10 <- 0x00000000B504F333
mem[X,0x0000000080024944] -> 0x65B7
mem[X,0x0000000080024946] -> 0x6666
[5195] [M]: 0x0000000080024944 (0x666665B7) lui a1, 0x66666
x11 <- 0x0000000066666000
mem[X,0x0000000080024948] -> 0x8593
mem[X,0x000000008002494A] -> 0x6665
[5196] [M]: 0x0000000080024948 (0x66658593) addi a1, a1, 0x666
x11 <- 0x0000000066666666
mem[X,0x000000008002494C] -> 0x9593
mem[X,0x000000008002494E] -> 0x00B5
[5197] [M]: 0x000000008002494C (0x00B59593) slli a1, a1, 0xb
x11 <- 0x0000033333333000
mem[X,0x0000000080024950] -> 0x8593
mem[X,0x0000000080024952] -> 0x3335
[5198] [M]: 0x0000000080024950 (0x33358593) addi a1, a1, 0x333
x11 <- 0x0000033333333333
mem[X,0x0000000080024954] -> 0x9593
mem[X,0x0000000080024956] -> 0x00B5
[5199] [M]: 0x0000000080024954 (0x00B59593) slli a1, a1, 0xb
x11 <- 0x0019999999999800
clint::tick mtime <- 0x0000000000000034
 clint timer pending at mtime 0x0000000000000034
htif::tick 0x0000000000000000
mem[X,0x0000000080024958] -> 0x8593
mem[X,0x000000008002495A] -> 0x1995
[5200] [M]: 0x0000000080024958 (0x19958593) addi a1, a1, 0x199
x11 <- 0x0019999999999999
mem[X,0x000000008002495C] -> 0x9593
mem[X,0x000000008002495E] -> 0x00A5
[5201] [M]: 0x000000008002495C (0x00A59593) slli a1, a1, 0xa
x11 <- 0x6666666666666400
mem[X,0x0000000080024960] -> 0x8593
mem[X,0x0000000080024962] -> 0x2665
[5202] [M]: 0x0000000080024960 (0x26658593) addi a1, a1, 0x266
x11 <- 0x6666666666666666
mem[X,0x0000000080024964] -> 0x0113
mem[X,0x0000000080024966] -> 0x0000
[5203] [M]: 0x0000000080024964 (0x00000113) addi sp, zero, 0x0
x2 <- 0x0000000000000000
mem[X,0x0000000080024968] -> 0x006F
mem[X,0x000000008002496A] -> 0x00C0
[5204] [M]: 0x0000000080024968 (0x00C0006F) jal zero, 0xc
mem[X,0x0000000080024974] -> 0x1663
mem[X,0x0000000080024976] -> 0x00B5
[5205] [M]: 0x0000000080024974 (0x00B51663) bne a0, a1, 0xc
mem[X,0x0000000080024980] -> 0x0113
mem[X,0x0000000080024982] -> 0x0031
[5206] [M]: 0x0000000080024980 (0x00310113) addi sp, sp, 0x3
x2 <- 0x0000000000000003
mem[X,0x0000000080024984] -> 0x006F
mem[X,0x0000000080024986] -> 0x0040
[5207] [M]: 0x0000000080024984 (0x0040006F) jal zero, 0x4
mem[X,0x0000000080024988] -> 0xB423
mem[X,0x000000008002498A] -> 0x2420
[5208] [M]: 0x0000000080024988 (0x2420B423) sd sp, 0x248(ra)
mem[0x0000000080045C20] <- 0x0000000000000003
mem[X,0x000000008002498C] -> 0x0537
mem[X,0x000000008002498E] -> 0x0000
[5209] [M]: 0x000000008002498C (0x00000537) lui a0, 0x0
x10 <- 0x0000000000000000
mem[X,0x0000000080024990] -> 0x0513
mem[X,0x0000000080024992] -> 0x0005
[5210] [M]: 0x0000000080024990 (0x00050513) addi a0, a0, 0x0
x10 <- 0x0000000000000000
mem[X,0x0000000080024994] -> 0x1513
mem[X,0x0000000080024996] -> 0x00B5
[5211] [M]: 0x0000000080024994 (0x00B51513) slli a0, a0, 0xb
x10 <- 0x0000000000000000
mem[X,0x0000000080024998] -> 0x0513
mem[X,0x000000008002499A] -> 0x5A85
[5212] [M]: 0x0000000080024998 (0x5A850513) addi a0, a0, 0x5a8
x10 <- 0x00000000000005A8
mem[X,0x000000008002499C] -> 0x1513
mem[X,0x000000008002499E] -> 0x00B5
[5213] [M]: 0x000000008002499C (0x00B51513) slli a0, a0, 0xb
x10 <- 0x00000000002D4000
mem[X,0x00000000800249A0] -> 0x0513
mem[X,0x00000000800249A2] -> 0x13C5
[5214] [M]: 0x00000000800249A0 (0x13C50513) addi a0, a0, 0x13c
x10 <- 0x00000000002D413C
mem[X,0x00000000800249A4] -> 0x1513
mem[X,0x00000000800249A6] -> 0x00A5
[5215] [M]: 0x00000000800249A4 (0x00A51513) slli a0, a0, 0xa
x10 <- 0x00000000B504F000
mem[X,0x00000000800249A8] -> 0x0513
mem[X,0x00000000800249AA] -> 0x3335
[5216] [M]: 0x00000000800249A8 (0x33350513) addi a0, a0, 0x333
x10 <- 0x00000000B504F333
mem[X,0x00000000800249AC] -> 0x05B7
mem[X,0x00000000800249AE] -> 0x0000
[5217] [M]: 0x00000000800249AC (0x000005B7) lui a1, 0x0
x11 <- 0x0000000000000000
mem[X,0x00000000800249B0] -> 0x8593
mem[X,0x00000000800249B2] -> 0xFFF5
[5218] [M]: 0x00000000800249B0 (0xFFF58593) addi a1, a1, -0x1
x11 <- 0xFFFFFFFFFFFFFFFF
mem[X,0x00000000800249B4] -> 0x9593
mem[X,0x00000000800249B6] -> 0x00B5
[5219] [M]: 0x00000000800249B4 (0x00B59593) slli a1, a1, 0xb
x11 <- 0xFFFFFFFFFFFFF800
mem[X,0x00000000800249B8] -> 0x8593
mem[X,0x00000000800249BA] -> 0x2575
[5220] [M]: 0x00000000800249B8 (0x25758593) addi a1, a1, 0x257
x11 <- 0xFFFFFFFFFFFFFA57
mem[X,0x00000000800249BC] -> 0x9593
mem[X,0x00000000800249BE] -> 0x00B5
[5221] [M]: 0x00000000800249BC (0x00B59593) slli a1, a1, 0xb
x11 <- 0xFFFFFFFFFFD2B800
mem[X,0x00000000800249C0] -> 0x8593
mem[X,0x00000000800249C2] -> 0x6C35
[5222] [M]: 0x00000000800249C0 (0x6C358593) addi a1, a1, 0x6c3
x11 <- 0xFFFFFFFFFFD2BEC3
mem[X,0x00000000800249C4] -> 0x9593
mem[X,0x00000000800249C6] -> 0x00A5
[5223] [M]: 0x00000000800249C4 (0x00A59593) slli a1, a1, 0xa
x11 <- 0xFFFFFFFF4AFB0C00
mem[X,0x00000000800249C8] -> 0x8593
mem[X,0x00000000800249CA] -> 0x0CD5
[5224] [M]: 0x00000000800249C8 (0x0CD58593) addi a1, a1, 0xcd
x11 <- 0xFFFFFFFF4AFB0CCD
mem[X,0x00000000800249CC] -> 0x0113
mem[X,0x00000000800249CE] -> 0x0000
[5225] [M]: 0x00000000800249CC (0x00000113) addi sp, zero, 0x0
x2 <- 0x0000000000000000
mem[X,0x00000000800249D0] -> 0x006F
mem[X,0x00000000800249D2] -> 0x00C0
[5226] [M]: 0x00000000800249D0 (0x00C0006F) jal zero, 0xc
mem[X,0x00000000800249DC] -> 0x1063
mem[X,0x00000000800249DE] -> 0x04B5
[5227] [M]: 0x00000000800249DC (0x04B51063) bne a0, a1, 0x40
mem[X,0x0000000080024A1C] -> 0x0113
mem[X,0x0000000080024A1E] -> 0x0031
[5228] [M]: 0x0000000080024A1C (0x00310113) addi sp, sp, 0x3
x2 <- 0x0000000000000003
mem[X,0x0000000080024A20] -> 0x006F
mem[X,0x0000000080024A22] -> 0x0040
[5229] [M]: 0x0000000080024A20 (0x0040006F) jal zero, 0x4
mem[X,0x0000000080024A24] -> 0xB823
mem[X,0x0000000080024A26] -> 0x2420
[5230] [M]: 0x0000000080024A24 (0x2420B823) sd sp, 0x250(ra)
mem[0x0000000080045C28] <- 0x0000000000000003
mem[X,0x0000000080024A28] -> 0x0537
mem[X,0x0000000080024A2A] -> 0x0000
[5231] [M]: 0x0000000080024A28 (0x00000537) lui a0, 0x0
x10 <- 0x0000000000000000
mem[X,0x0000000080024A2C] -> 0x0513
mem[X,0x0000000080024A2E] -> 0x0005
[5232] [M]: 0x0000000080024A2C (0x00050513) addi a0, a0, 0x0
x10 <- 0x0000000000000000
mem[X,0x0000000080024A30] -> 0x1513
mem[X,0x0000000080024A32] -> 0x00B5
[5233] [M]: 0x0000000080024A30 (0x00B51513) slli a0, a0, 0xb
x10 <- 0x0000000000000000
mem[X,0x0000000080024A34] -> 0x0513
mem[X,0x0000000080024A36] -> 0x5A85
[5234] [M]: 0x0000000080024A34 (0x5A850513) addi a0, a0, 0x5a8
x10 <- 0x00000000000005A8
mem[X,0x0000000080024A38] -> 0x1513
mem[X,0x0000000080024A3A] -> 0x00B5
[5235] [M]: 0x0000000080024A38 (0x00B51513) slli a0, a0, 0xb
x10 <- 0x00000000002D4000
mem[X,0x0000000080024A3C] -> 0x0513
mem[X,0x0000000080024A3E] -> 0x13C5
[5236] [M]: 0x0000000080024A3C (0x13C50513) addi a0, a0, 0x13c
x10 <- 0x00000000002D413C
mem[X,0x0000000080024A40] -> 0x1513
mem[X,0x0000000080024A42] -> 0x00A5
[5237] [M]: 0x0000000080024A40 (0x00A51513) slli a0, a0, 0xa
x10 <- 0x00000000B504F000
mem[X,0x0000000080024A44] -> 0x0513
mem[X,0x0000000080024A46] -> 0x3335
[5238] [M]: 0x0000000080024A44 (0x33350513) addi a0, a0, 0x333
x10 <- 0x00000000B504F333
mem[X,0x0000000080024A48] -> 0x05B7
mem[X,0x0000000080024A4A] -> 0x0000
[5239] [M]: 0x0000000080024A48 (0x000005B7) lui a1, 0x0
x11 <- 0x0000000000000000
mem[X,0x0000000080024A4C] -> 0x8593
mem[X,0x0000000080024A4E] -> 0x0005
[5240] [M]: 0x0000000080024A4C (0x00058593) addi a1, a1, 0x0
x11 <- 0x0000000000000000
mem[X,0x0000000080024A50] -> 0x9593
mem[X,0x0000000080024A52] -> 0x00B5
[5241] [M]: 0x0000000080024A50 (0x00B59593) slli a1, a1, 0xb
x11 <- 0x0000000000000000
mem[X,0x0000000080024A54] -> 0x8593
mem[X,0x0000000080024A56] -> 0x5A85
[5242] [M]: 0x0000000080024A54 (0x5A858593) addi a1, a1, 0x5a8
x11 <- 0x00000000000005A8
mem[X,0x0000000080024A58] -> 0x9593
mem[X,0x0000000080024A5A] -> 0x00B5
[5243] [M]: 0x0000000080024A58 (0x00B59593) slli a1, a1, 0xb
x11 <- 0x00000000002D4000
mem[X,0x0000000080024A5C] -> 0x8593
mem[X,0x0000000080024A5E] -> 0x13C5
[5244] [M]: 0x0000000080024A5C (0x13C58593) addi a1, a1, 0x13c
x11 <- 0x00000000002D413C
mem[X,0x0000000080024A60] -> 0x9593
mem[X,0x0000000080024A62] -> 0x00A5
[5245] [M]: 0x0000000080024A60 (0x00A59593) slli a1, a1, 0xa
x11 <- 0x00000000B504F000
mem[X,0x0000000080024A64] -> 0x8593
mem[X,0x0000000080024A66] -> 0x3335
[5246] [M]: 0x0000000080024A64 (0x33358593) addi a1, a1, 0x333
x11 <- 0x00000000B504F333
mem[X,0x0000000080024A68] -> 0x0113
mem[X,0x0000000080024A6A] -> 0x0000
[5247] [M]: 0x0000000080024A68 (0x00000113) addi sp, zero, 0x0
x2 <- 0x0000000000000000
mem[X,0x0000000080024A6C] -> 0x006F
mem[X,0x0000000080024A6E] -> 0x00C0
[5248] [M]: 0x0000000080024A6C (0x00C0006F) jal zero, 0xc
mem[X,0x0000000080024A78] -> 0x1663
mem[X,0x0000000080024A7A] -> 0x00B5
[5249] [M]: 0x0000000080024A78 (0x00B51663) bne a0, a1, 0xc
mem[X,0x0000000080024A7C] -> 0x0113
mem[X,0x0000000080024A7E] -> 0x0021
[5250] [M]: 0x0000000080024A7C (0x00210113) addi sp, sp, 0x2
x2 <- 0x0000000000000002
mem[X,0x0000000080024A80] -> 0x006F
mem[X,0x0000000080024A82] -> 0x00C0
[5251] [M]: 0x0000000080024A80 (0x00C0006F) jal zero, 0xc
mem[X,0x0000000080024A8C] -> 0xBC23
mem[X,0x0000000080024A8E] -> 0x2420
[5252] [M]: 0x0000000080024A8C (0x2420BC23) sd sp, 0x258(ra)
mem[0x0000000080045C30] <- 0x0000000000000002
mem[X,0x0000000080024A90] -> 0x0537
mem[X,0x0000000080024A92] -> 0x0000
[5253] [M]: 0x0000000080024A90 (0x00000537) lui a0, 0x0
x10 <- 0x0000000000000000
mem[X,0x0000000080024A94] -> 0x0513
mem[X,0x0000000080024A96] -> 0x0005
[5254] [M]: 0x0000000080024A94 (0x00050513) addi a0, a0, 0x0
x10 <- 0x0000000000000000
mem[X,0x0000000080024A98] -> 0x1513
mem[X,0x0000000080024A9A] -> 0x00B5
[5255] [M]: 0x0000000080024A98 (0x00B51513) slli a0, a0, 0xb
x10 <- 0x0000000000000000
mem[X,0x0000000080024A9C] -> 0x0513
mem[X,0x0000000080024A9E] -> 0x5A85
[5256] [M]: 0x0000000080024A9C (0x5A850513) addi a0, a0, 0x5a8
x10 <- 0x00000000000005A8
mem[X,0x0000000080024AA0] -> 0x1513
mem[X,0x0000000080024AA2] -> 0x00B5
[5257] [M]: 0x0000000080024AA0 (0x00B51513) slli a0, a0, 0xb
x10 <- 0x00000000002D4000
mem[X,0x0000000080024AA4] -> 0x0513
mem[X,0x0000000080024AA6] -> 0x13C5
[5258] [M]: 0x0000000080024AA4 (0x13C50513) addi a0, a0, 0x13c
x10 <- 0x00000000002D413C
mem[X,0x0000000080024AA8] -> 0x1513
mem[X,0x0000000080024AAA] -> 0x00A5
[5259] [M]: 0x0000000080024AA8 (0x00A51513) slli a0, a0, 0xa
x10 <- 0x00000000B504F000
mem[X,0x0000000080024AAC] -> 0x0513
mem[X,0x0000000080024AAE] -> 0x3335
[5260] [M]: 0x0000000080024AAC (0x33350513) addi a0, a0, 0x333
x10 <- 0x00000000B504F333
mem[X,0x0000000080024AB0] -> 0x0593
mem[X,0x0000000080024AB2] -> 0x0020
[5261] [M]: 0x0000000080024AB0 (0x00200593) addi a1, zero, 0x2
x11 <- 0x0000000000000002
mem[X,0x0000000080024AB4] -> 0x0113
mem[X,0x0000000080024AB6] -> 0x0000
[5262] [M]: 0x0000000080024AB4 (0x00000113) addi sp, zero, 0x0
x2 <- 0x0000000000000000
mem[X,0x0000000080024AB8] -> 0x006F
mem[X,0x0000000080024ABA] -> 0x2B10
[5263] [M]: 0x0000000080024AB8 (0x2B10006F) jal zero, 0xab0
mem[X,0x0000000080025568] -> 0x1A63
mem[X,0x000000008002556A] -> 0xD4B5
[5264] [M]: 0x0000000080025568 (0xD4B51A63) bne a0, a1, -0xaac
mem[X,0x0000000080024ABC] -> 0x0113
mem[X,0x0000000080024ABE] -> 0x0011
[5265] [M]: 0x0000000080024ABC (0x00110113) addi sp, sp, 0x1
x2 <- 0x0000000000000001
mem[X,0x0000000080024AC0] -> 0x006F
mem[X,0x0000000080024AC2] -> 0x2BD0
[5266] [M]: 0x0000000080024AC0 (0x2BD0006F) jal zero, 0xabc
mem[X,0x000000008002557C] -> 0xB023
mem[X,0x000000008002557E] -> 0x2620
[5267] [M]: 0x000000008002557C (0x2620B023) sd sp, 0x260(ra)
mem[0x0000000080045C38] <- 0x0000000000000001
mem[X,0x0000000080025580] -> 0x0537
mem[X,0x0000000080025582] -> 0x0000
[5268] [M]: 0x0000000080025580 (0x00000537) lui a0, 0x0
x10 <- 0x0000000000000000
mem[X,0x0000000080025584] -> 0x0513
mem[X,0x0000000080025586] -> 0x0005
[5269] [M]: 0x0000000080025584 (0x00050513) addi a0, a0, 0x0
x10 <- 0x0000000000000000
mem[X,0x0000000080025588] -> 0x1513
mem[X,0x000000008002558A] -> 0x00B5
[5270] [M]: 0x0000000080025588 (0x00B51513) slli a0, a0, 0xb
x10 <- 0x0000000000000000
mem[X,0x000000008002558C] -> 0x0513
mem[X,0x000000008002558E] -> 0x5A85
[5271] [M]: 0x000000008002558C (0x5A850513) addi a0, a0, 0x5a8
x10 <- 0x00000000000005A8
mem[X,0x0000000080025590] -> 0x1513
mem[X,0x0000000080025592] -> 0x00B5
[5272] [M]: 0x0000000080025590 (0x00B51513) slli a0, a0, 0xb
x10 <- 0x00000000002D4000
mem[X,0x0000000080025594] -> 0x0513
mem[X,0x0000000080025596] -> 0x13C5
[5273] [M]: 0x0000000080025594 (0x13C50513) addi a0, a0, 0x13c
x10 <- 0x00000000002D413C
mem[X,0x0000000080025598] -> 0x1513
mem[X,0x000000008002559A] -> 0x00A5
[5274] [M]: 0x0000000080025598 (0x00A51513) slli a0, a0, 0xa
x10 <- 0x00000000B504F000
mem[X,0x000000008002559C] -> 0x0513
mem[X,0x000000008002559E] -> 0x3335
[5275] [M]: 0x000000008002559C (0x33350513) addi a0, a0, 0x333
x10 <- 0x00000000B504F333
mem[X,0x00000000800255A0] -> 0x55B7
mem[X,0x00000000800255A2] -> 0x5555
[5276] [M]: 0x00000000800255A0 (0x555555B7) lui a1, 0x55555
x11 <- 0x0000000055555000
mem[X,0x00000000800255A4] -> 0x8593
mem[X,0x00000000800255A6] -> 0x5555
[5277] [M]: 0x00000000800255A4 (0x55558593) addi a1, a1, 0x555
x11 <- 0x0000000055555555
mem[X,0x00000000800255A8] -> 0x9593
mem[X,0x00000000800255AA] -> 0x00B5
[5278] [M]: 0x00000000800255A8 (0x00B59593) slli a1, a1, 0xb
x11 <- 0x000002AAAAAAA800
mem[X,0x00000000800255AC] -> 0x8593
mem[X,0x00000000800255AE] -> 0x2AA5
[5279] [M]: 0x00000000800255AC (0x2AA58593) addi a1, a1, 0x2aa
x11 <- 0x000002AAAAAAAAAA
mem[X,0x00000000800255B0] -> 0x9593
mem[X,0x00000000800255B2] -> 0x00B5
[5280] [M]: 0x00000000800255B0 (0x00B59593) slli a1, a1, 0xb
x11 <- 0x0015555555555000
mem[X,0x00000000800255B4] -> 0x8593
mem[X,0x00000000800255B6] -> 0x5555
[5281] [M]: 0x00000000800255B4 (0x55558593) addi a1, a1, 0x555
x11 <- 0x0015555555555555
mem[X,0x00000000800255B8] -> 0x9593
mem[X,0x00000000800255BA] -> 0x00A5
[5282] [M]: 0x00000000800255B8 (0x00A59593) slli a1, a1, 0xa
x11 <- 0x5555555555555400
mem[X,0x00000000800255BC] -> 0x8593
mem[X,0x00000000800255BE] -> 0x1545
[5283] [M]: 0x00000000800255BC (0x15458593) addi a1, a1, 0x154
x11 <- 0x5555555555555554
mem[X,0x00000000800255C0] -> 0x0113
mem[X,0x00000000800255C2] -> 0x0000
[5284] [M]: 0x00000000800255C0 (0x00000113) addi sp, zero, 0x0
x2 <- 0x0000000000000000
mem[X,0x00000000800255C4] -> 0x006F
mem[X,0x00000000800255C6] -> 0x00C0
[5285] [M]: 0x00000000800255C4 (0x00C0006F) jal zero, 0xc
mem[X,0x00000000800255D0] -> 0x1CE3
mem[X,0x00000000800255D2] -> 0xFEB5
[5286] [M]: 0x00000000800255D0 (0xFEB51CE3) bne a0, a1, -0x8
mem[X,0x00000000800255C8] -> 0x0113
mem[X,0x00000000800255CA] -> 0x0011
[5287] [M]: 0x00000000800255C8 (0x00110113) addi sp, sp, 0x1
x2 <- 0x0000000000000001
mem[X,0x00000000800255CC] -> 0x006F
mem[X,0x00000000800255CE] -> 0x0180
[5288] [M]: 0x00000000800255CC (0x0180006F) jal zero, 0x18
mem[X,0x00000000800255E4] -> 0xB423
mem[X,0x00000000800255E6] -> 0x2620
[5289] [M]: 0x00000000800255E4 (0x2620B423) sd sp, 0x268(ra)
mem[0x0000000080045C40] <- 0x0000000000000001
mem[X,0x00000000800255E8] -> 0x0537
mem[X,0x00000000800255EA] -> 0x0000
[5290] [M]: 0x00000000800255E8 (0x00000537) lui a0, 0x0
x10 <- 0x0000000000000000
mem[X,0x00000000800255EC] -> 0x0513
mem[X,0x00000000800255EE] -> 0x0005
[5291] [M]: 0x00000000800255EC (0x00050513) addi a0, a0, 0x0
x10 <- 0x0000000000000000
mem[X,0x00000000800255F0] -> 0x1513
mem[X,0x00000000800255F2] -> 0x00B5
[5292] [M]: 0x00000000800255F0 (0x00B51513) slli a0, a0, 0xb
x10 <- 0x0000000000000000
mem[X,0x00000000800255F4] -> 0x0513
mem[X,0x00000000800255F6] -> 0x5A85
[5293] [M]: 0x00000000800255F4 (0x5A850513) addi a0, a0, 0x5a8
x10 <- 0x00000000000005A8
mem[X,0x00000000800255F8] -> 0x1513
mem[X,0x00000000800255FA] -> 0x00B5
[5294] [M]: 0x00000000800255F8 (0x00B51513) slli a0, a0, 0xb
x10 <- 0x00000000002D4000
mem[X,0x00000000800255FC] -> 0x0513
mem[X,0x00000000800255FE] -> 0x13C5
[5295] [M]: 0x00000000800255FC (0x13C50513) addi a0, a0, 0x13c
x10 <- 0x00000000002D413C
mem[X,0x0000000080025600] -> 0x1513
mem[X,0x0000000080025602] -> 0x00A5
[5296] [M]: 0x0000000080025600 (0x00A51513) slli a0, a0, 0xa
x10 <- 0x00000000B504F000
mem[X,0x0000000080025604] -> 0x0513
mem[X,0x0000000080025606] -> 0x3335
[5297] [M]: 0x0000000080025604 (0x33350513) addi a0, a0, 0x333
x10 <- 0x00000000B504F333
mem[X,0x0000000080025608] -> 0x0593
mem[X,0x000000008002560A] -> 0x0000
[5298] [M]: 0x0000000080025608 (0x00000593) addi a1, zero, 0x0
x11 <- 0x0000000000000000
mem[X,0x000000008002560C] -> 0x0113
mem[X,0x000000008002560E] -> 0x0000
[5299] [M]: 0x000000008002560C (0x00000113) addi sp, zero, 0x0
x2 <- 0x0000000000000000
clint::tick mtime <- 0x0000000000000035
 clint timer pending at mtime 0x0000000000000035
htif::tick 0x0000000000000000
mem[X,0x0000000080025610] -> 0x006F
mem[X,0x0000000080025612] -> 0x00C0
[5300] [M]: 0x0000000080025610 (0x00C0006F) jal zero, 0xc
mem[X,0x000000008002561C] -> 0x1063
mem[X,0x000000008002561E] -> 0x04B5
[5301] [M]: 0x000000008002561C (0x04B51063) bne a0, a1, 0x40
mem[X,0x000000008002565C] -> 0x0113
mem[X,0x000000008002565E] -> 0x0031
[5302] [M]: 0x000000008002565C (0x00310113) addi sp, sp, 0x3
x2 <- 0x0000000000000003
mem[X,0x0000000080025660] -> 0x006F
mem[X,0x0000000080025662] -> 0x0040
[5303] [M]: 0x0000000080025660 (0x0040006F) jal zero, 0x4
mem[X,0x0000000080025664] -> 0xB823
mem[X,0x0000000080025666] -> 0x2620
[5304] [M]: 0x0000000080025664 (0x2620B823) sd sp, 0x270(ra)
mem[0x0000000080045C48] <- 0x0000000000000003
mem[X,0x0000000080025668] -> 0x0537
mem[X,0x000000008002566A] -> 0x0000
[5305] [M]: 0x0000000080025668 (0x00000537) lui a0, 0x0
x10 <- 0x0000000000000000
mem[X,0x000000008002566C] -> 0x0513
mem[X,0x000000008002566E] -> 0x0005
[5306] [M]: 0x000000008002566C (0x00050513) addi a0, a0, 0x0
x10 <- 0x0000000000000000
mem[X,0x0000000080025670] -> 0x1513
mem[X,0x0000000080025672] -> 0x00B5
[5307] [M]: 0x0000000080025670 (0x00B51513) slli a0, a0, 0xb
x10 <- 0x0000000000000000
mem[X,0x0000000080025674] -> 0x0513
mem[X,0x0000000080025676] -> 0x5A85
[5308] [M]: 0x0000000080025674 (0x5A850513) addi a0, a0, 0x5a8
x10 <- 0x00000000000005A8
mem[X,0x0000000080025678] -> 0x1513
mem[X,0x000000008002567A] -> 0x00B5
[5309] [M]: 0x0000000080025678 (0x00B51513) slli a0, a0, 0xb
x10 <- 0x00000000002D4000
mem[X,0x000000008002567C] -> 0x0513
mem[X,0x000000008002567E] -> 0x13C5
[5310] [M]: 0x000000008002567C (0x13C50513) addi a0, a0, 0x13c
x10 <- 0x00000000002D413C
mem[X,0x0000000080025680] -> 0x1513
mem[X,0x0000000080025682] -> 0x00A5
[5311] [M]: 0x0000000080025680 (0x00A51513) slli a0, a0, 0xa
x10 <- 0x00000000B504F000
mem[X,0x0000000080025684] -> 0x0513
mem[X,0x0000000080025686] -> 0x3335
[5312] [M]: 0x0000000080025684 (0x33350513) addi a0, a0, 0x333
x10 <- 0x00000000B504F333
mem[X,0x0000000080025688] -> 0x0593
mem[X,0x000000008002568A] -> 0x0040
[5313] [M]: 0x0000000080025688 (0x00400593) addi a1, zero, 0x4
x11 <- 0x0000000000000004
mem[X,0x000000008002568C] -> 0x0113
mem[X,0x000000008002568E] -> 0x0000
[5314] [M]: 0x000000008002568C (0x00000113) addi sp, zero, 0x0
x2 <- 0x0000000000000000
mem[X,0x0000000080025690] -> 0x006F
mem[X,0x0000000080025692] -> 0x00C0
[5315] [M]: 0x0000000080025690 (0x00C0006F) jal zero, 0xc
mem[X,0x000000008002569C] -> 0x1663
mem[X,0x000000008002569E] -> 0x00B5
[5316] [M]: 0x000000008002569C (0x00B51663) bne a0, a1, 0xc
mem[X,0x00000000800256A8] -> 0x0113
mem[X,0x00000000800256AA] -> 0x0031
[5317] [M]: 0x00000000800256A8 (0x00310113) addi sp, sp, 0x3
x2 <- 0x0000000000000003
mem[X,0x00000000800256AC] -> 0x006F
mem[X,0x00000000800256AE] -> 0x0040
[5318] [M]: 0x00000000800256AC (0x0040006F) jal zero, 0x4
mem[X,0x00000000800256B0] -> 0xBC23
mem[X,0x00000000800256B2] -> 0x2620
[5319] [M]: 0x00000000800256B0 (0x2620BC23) sd sp, 0x278(ra)
mem[0x0000000080045C50] <- 0x0000000000000003
mem[X,0x00000000800256B4] -> 0x0537
mem[X,0x00000000800256B6] -> 0x0000
[5320] [M]: 0x00000000800256B4 (0x00000537) lui a0, 0x0
x10 <- 0x0000000000000000
mem[X,0x00000000800256B8] -> 0x0513
mem[X,0x00000000800256BA] -> 0x0005
[5321] [M]: 0x00000000800256B8 (0x00050513) addi a0, a0, 0x0
x10 <- 0x0000000000000000
mem[X,0x00000000800256BC] -> 0x1513
mem[X,0x00000000800256BE] -> 0x00B5
[5322] [M]: 0x00000000800256BC (0x00B51513) slli a0, a0, 0xb
x10 <- 0x0000000000000000
mem[X,0x00000000800256C0] -> 0x0513
mem[X,0x00000000800256C2] -> 0x5A85
[5323] [M]: 0x00000000800256C0 (0x5A850513) addi a0, a0, 0x5a8
x10 <- 0x00000000000005A8
mem[X,0x00000000800256C4] -> 0x1513
mem[X,0x00000000800256C6] -> 0x00B5
[5324] [M]: 0x00000000800256C4 (0x00B51513) slli a0, a0, 0xb
x10 <- 0x00000000002D4000
mem[X,0x00000000800256C8] -> 0x0513
mem[X,0x00000000800256CA] -> 0x13C5
[5325] [M]: 0x00000000800256C8 (0x13C50513) addi a0, a0, 0x13c
x10 <- 0x00000000002D413C
mem[X,0x00000000800256CC] -> 0x1513
mem[X,0x00000000800256CE] -> 0x00A5
[5326] [M]: 0x00000000800256CC (0x00A51513) slli a0, a0, 0xa
x10 <- 0x00000000B504F000
mem[X,0x00000000800256D0] -> 0x0513
mem[X,0x00000000800256D2] -> 0x3335
[5327] [M]: 0x00000000800256D0 (0x33350513) addi a0, a0, 0x333
x10 <- 0x00000000B504F333
mem[X,0x00000000800256D4] -> 0x35B7
mem[X,0x00000000800256D6] -> 0x3333
[5328] [M]: 0x00000000800256D4 (0x333335B7) lui a1, 0x33333
x11 <- 0x0000000033333000
mem[X,0x00000000800256D8] -> 0x8593
mem[X,0x00000000800256DA] -> 0x3335
[5329] [M]: 0x00000000800256D8 (0x33358593) addi a1, a1, 0x333
x11 <- 0x0000000033333333
mem[X,0x00000000800256DC] -> 0x9593
mem[X,0x00000000800256DE] -> 0x00B5
[5330] [M]: 0x00000000800256DC (0x00B59593) slli a1, a1, 0xb
x11 <- 0x0000019999999800
mem[X,0x00000000800256E0] -> 0x8593
mem[X,0x00000000800256E2] -> 0x1995
[5331] [M]: 0x00000000800256E0 (0x19958593) addi a1, a1, 0x199
x11 <- 0x0000019999999999
mem[X,0x00000000800256E4] -> 0x9593
mem[X,0x00000000800256E6] -> 0x00B5
[5332] [M]: 0x00000000800256E4 (0x00B59593) slli a1, a1, 0xb
x11 <- 0x000CCCCCCCCCC800
mem[X,0x00000000800256E8] -> 0x8593
mem[X,0x00000000800256EA] -> 0x4CC5
[5333] [M]: 0x00000000800256E8 (0x4CC58593) addi a1, a1, 0x4cc
x11 <- 0x000CCCCCCCCCCCCC
mem[X,0x00000000800256EC] -> 0x9593
mem[X,0x00000000800256EE] -> 0x00A5
[5334] [M]: 0x00000000800256EC (0x00A59593) slli a1, a1, 0xa
x11 <- 0x3333333333333000
mem[X,0x00000000800256F0] -> 0x8593
mem[X,0x00000000800256F2] -> 0x3325
[5335] [M]: 0x00000000800256F0 (0x33258593) addi a1, a1, 0x332
x11 <- 0x3333333333333332
mem[X,0x00000000800256F4] -> 0x0113
mem[X,0x00000000800256F6] -> 0x0000
[5336] [M]: 0x00000000800256F4 (0x00000113) addi sp, zero, 0x0
x2 <- 0x0000000000000000
mem[X,0x00000000800256F8] -> 0x006F
mem[X,0x00000000800256FA] -> 0x00C0
[5337] [M]: 0x00000000800256F8 (0x00C0006F) jal zero, 0xc
mem[X,0x0000000080025704] -> 0x1663
mem[X,0x0000000080025706] -> 0x00B5
[5338] [M]: 0x0000000080025704 (0x00B51663) bne a0, a1, 0xc
mem[X,0x0000000080025710] -> 0x0113
mem[X,0x0000000080025712] -> 0x0031
[5339] [M]: 0x0000000080025710 (0x00310113) addi sp, sp, 0x3
x2 <- 0x0000000000000003
mem[X,0x0000000080025714] -> 0x006F
mem[X,0x0000000080025716] -> 0x0040
[5340] [M]: 0x0000000080025714 (0x0040006F) jal zero, 0x4
mem[X,0x0000000080025718] -> 0xB023
mem[X,0x000000008002571A] -> 0x2820
[5341] [M]: 0x0000000080025718 (0x2820B023) sd sp, 0x280(ra)
mem[0x0000000080045C58] <- 0x0000000000000003
mem[X,0x000000008002571C] -> 0x0537
mem[X,0x000000008002571E] -> 0x0000
[5342] [M]: 0x000000008002571C (0x00000537) lui a0, 0x0
x10 <- 0x0000000000000000
mem[X,0x0000000080025720] -> 0x0513
mem[X,0x0000000080025722] -> 0x0005
[5343] [M]: 0x0000000080025720 (0x00050513) addi a0, a0, 0x0
x10 <- 0x0000000000000000
mem[X,0x0000000080025724] -> 0x1513
mem[X,0x0000000080025726] -> 0x00B5
[5344] [M]: 0x0000000080025724 (0x00B51513) slli a0, a0, 0xb
x10 <- 0x0000000000000000
mem[X,0x0000000080025728] -> 0x0513
mem[X,0x000000008002572A] -> 0x5A85
[5345] [M]: 0x0000000080025728 (0x5A850513) addi a0, a0, 0x5a8
x10 <- 0x00000000000005A8
mem[X,0x000000008002572C] -> 0x1513
mem[X,0x000000008002572E] -> 0x00B5
[5346] [M]: 0x000000008002572C (0x00B51513) slli a0, a0, 0xb
x10 <- 0x00000000002D4000
mem[X,0x0000000080025730] -> 0x0513
mem[X,0x0000000080025732] -> 0x13C5
[5347] [M]: 0x0000000080025730 (0x13C50513) addi a0, a0, 0x13c
x10 <- 0x00000000002D413C
mem[X,0x0000000080025734] -> 0x1513
mem[X,0x0000000080025736] -> 0x00A5
[5348] [M]: 0x0000000080025734 (0x00A51513) slli a0, a0, 0xa
x10 <- 0x00000000B504F000
mem[X,0x0000000080025738] -> 0x0513
mem[X,0x000000008002573A] -> 0x3335
[5349] [M]: 0x0000000080025738 (0x33350513) addi a0, a0, 0x333
x10 <- 0x00000000B504F333
mem[X,0x000000008002573C] -> 0x65B7
mem[X,0x000000008002573E] -> 0x6666
[5350] [M]: 0x000000008002573C (0x666665B7) lui a1, 0x66666
x11 <- 0x0000000066666000
mem[X,0x0000000080025740] -> 0x8593
mem[X,0x0000000080025742] -> 0x6665
[5351] [M]: 0x0000000080025740 (0x66658593) addi a1, a1, 0x666
x11 <- 0x0000000066666666
mem[X,0x0000000080025744] -> 0x9593
mem[X,0x0000000080025746] -> 0x00B5
[5352] [M]: 0x0000000080025744 (0x00B59593) slli a1, a1, 0xb
x11 <- 0x0000033333333000
mem[X,0x0000000080025748] -> 0x8593
mem[X,0x000000008002574A] -> 0x3335
[5353] [M]: 0x0000000080025748 (0x33358593) addi a1, a1, 0x333
x11 <- 0x0000033333333333
mem[X,0x000000008002574C] -> 0x9593
mem[X,0x000000008002574E] -> 0x00B5
[5354] [M]: 0x000000008002574C (0x00B59593) slli a1, a1, 0xb
x11 <- 0x0019999999999800
mem[X,0x0000000080025750] -> 0x8593
mem[X,0x0000000080025752] -> 0x1995
[5355] [M]: 0x0000000080025750 (0x19958593) addi a1, a1, 0x199
x11 <- 0x0019999999999999
mem[X,0x0000000080025754] -> 0x9593
mem[X,0x0000000080025756] -> 0x00A5
[5356] [M]: 0x0000000080025754 (0x00A59593) slli a1, a1, 0xa
x11 <- 0x6666666666666400
mem[X,0x0000000080025758] -> 0x8593
mem[X,0x000000008002575A] -> 0x2655
[5357] [M]: 0x0000000080025758 (0x26558593) addi a1, a1, 0x265
x11 <- 0x6666666666666665
mem[X,0x000000008002575C] -> 0x0113
mem[X,0x000000008002575E] -> 0x0000
[5358] [M]: 0x000000008002575C (0x00000113) addi sp, zero, 0x0
x2 <- 0x0000000000000000
mem[X,0x0000000080025760] -> 0x006F
mem[X,0x0000000080025762] -> 0x00C0
[5359] [M]: 0x0000000080025760 (0x00C0006F) jal zero, 0xc
mem[X,0x000000008002576C] -> 0x1CE3
mem[X,0x000000008002576E] -> 0xFEB5
[5360] [M]: 0x000000008002576C (0xFEB51CE3) bne a0, a1, -0x8
mem[X,0x0000000080025764] -> 0x0113
mem[X,0x0000000080025766] -> 0x0011
[5361] [M]: 0x0000000080025764 (0x00110113) addi sp, sp, 0x1
x2 <- 0x0000000000000001
mem[X,0x0000000080025768] -> 0x006F
mem[X,0x000000008002576A] -> 0x0180
[5362] [M]: 0x0000000080025768 (0x0180006F) jal zero, 0x18
mem[X,0x0000000080025780] -> 0xB423
mem[X,0x0000000080025782] -> 0x2820
[5363] [M]: 0x0000000080025780 (0x2820B423) sd sp, 0x288(ra)
mem[0x0000000080045C60] <- 0x0000000000000001
mem[X,0x0000000080025784] -> 0x0537
mem[X,0x0000000080025786] -> 0x0000
[5364] [M]: 0x0000000080025784 (0x00000537) lui a0, 0x0
x10 <- 0x0000000000000000
mem[X,0x0000000080025788] -> 0x0513
mem[X,0x000000008002578A] -> 0x0005
[5365] [M]: 0x0000000080025788 (0x00050513) addi a0, a0, 0x0
x10 <- 0x0000000000000000
mem[X,0x000000008002578C] -> 0x1513
mem[X,0x000000008002578E] -> 0x00B5
[5366] [M]: 0x000000008002578C (0x00B51513) slli a0, a0, 0xb
x10 <- 0x0000000000000000
mem[X,0x0000000080025790] -> 0x0513
mem[X,0x0000000080025792] -> 0x5A85
[5367] [M]: 0x0000000080025790 (0x5A850513) addi a0, a0, 0x5a8
x10 <- 0x00000000000005A8
mem[X,0x0000000080025794] -> 0x1513
mem[X,0x0000000080025796] -> 0x00B5
[5368] [M]: 0x0000000080025794 (0x00B51513) slli a0, a0, 0xb
x10 <- 0x00000000002D4000
mem[X,0x0000000080025798] -> 0x0513
mem[X,0x000000008002579A] -> 0x13C5
[5369] [M]: 0x0000000080025798 (0x13C50513) addi a0, a0, 0x13c
x10 <- 0x00000000002D413C
mem[X,0x000000008002579C] -> 0x1513
mem[X,0x000000008002579E] -> 0x00A5
[5370] [M]: 0x000000008002579C (0x00A51513) slli a0, a0, 0xa
x10 <- 0x00000000B504F000
mem[X,0x00000000800257A0] -> 0x0513
mem[X,0x00000000800257A2] -> 0x3335
[5371] [M]: 0x00000000800257A0 (0x33350513) addi a0, a0, 0x333
x10 <- 0x00000000B504F333
mem[X,0x00000000800257A4] -> 0x05B7
mem[X,0x00000000800257A6] -> 0x0000
[5372] [M]: 0x00000000800257A4 (0x000005B7) lui a1, 0x0
x11 <- 0x0000000000000000
mem[X,0x00000000800257A8] -> 0x8593
mem[X,0x00000000800257AA] -> 0x0005
[5373] [M]: 0x00000000800257A8 (0x00058593) addi a1, a1, 0x0
x11 <- 0x0000000000000000
mem[X,0x00000000800257AC] -> 0x9593
mem[X,0x00000000800257AE] -> 0x00B5
[5374] [M]: 0x00000000800257AC (0x00B59593) slli a1, a1, 0xb
x11 <- 0x0000000000000000
mem[X,0x00000000800257B0] -> 0x8593
mem[X,0x00000000800257B2] -> 0x5A85
[5375] [M]: 0x00000000800257B0 (0x5A858593) addi a1, a1, 0x5a8
x11 <- 0x00000000000005A8
mem[X,0x00000000800257B4] -> 0x9593
mem[X,0x00000000800257B6] -> 0x00B5
[5376] [M]: 0x00000000800257B4 (0x00B59593) slli a1, a1, 0xb
x11 <- 0x00000000002D4000
mem[X,0x00000000800257B8] -> 0x8593
mem[X,0x00000000800257BA] -> 0x13C5
[5377] [M]: 0x00000000800257B8 (0x13C58593) addi a1, a1, 0x13c
x11 <- 0x00000000002D413C
mem[X,0x00000000800257BC] -> 0x9593
mem[X,0x00000000800257BE] -> 0x00A5
[5378] [M]: 0x00000000800257BC (0x00A59593) slli a1, a1, 0xa
x11 <- 0x00000000B504F000
mem[X,0x00000000800257C0] -> 0x8593
mem[X,0x00000000800257C2] -> 0x3325
[5379] [M]: 0x00000000800257C0 (0x33258593) addi a1, a1, 0x332
x11 <- 0x00000000B504F332
mem[X,0x00000000800257C4] -> 0x0113
mem[X,0x00000000800257C6] -> 0x0000
[5380] [M]: 0x00000000800257C4 (0x00000113) addi sp, zero, 0x0
x2 <- 0x0000000000000000
mem[X,0x00000000800257C8] -> 0x006F
mem[X,0x00000000800257CA] -> 0x2B10
[5381] [M]: 0x00000000800257C8 (0x2B10006F) jal zero, 0xab0
mem[X,0x0000000080026278] -> 0x1A63
mem[X,0x000000008002627A] -> 0xD4B5
[5382] [M]: 0x0000000080026278 (0xD4B51A63) bne a0, a1, -0xaac
mem[X,0x00000000800257CC] -> 0x0113
mem[X,0x00000000800257CE] -> 0x0011
[5383] [M]: 0x00000000800257CC (0x00110113) addi sp, sp, 0x1
x2 <- 0x0000000000000001
mem[X,0x00000000800257D0] -> 0x006F
mem[X,0x00000000800257D2] -> 0x2BD0
[5384] [M]: 0x00000000800257D0 (0x2BD0006F) jal zero, 0xabc
mem[X,0x000000008002628C] -> 0xB823
mem[X,0x000000008002628E] -> 0x2820
[5385] [M]: 0x000000008002628C (0x2820B823) sd sp, 0x290(ra)
mem[0x0000000080045C68] <- 0x0000000000000001
mem[X,0x0000000080026290] -> 0x0537
mem[X,0x0000000080026292] -> 0x0000
[5386] [M]: 0x0000000080026290 (0x00000537) lui a0, 0x0
x10 <- 0x0000000000000000
mem[X,0x0000000080026294] -> 0x0513
mem[X,0x0000000080026296] -> 0x0005
[5387] [M]: 0x0000000080026294 (0x00050513) addi a0, a0, 0x0
x10 <- 0x0000000000000000
mem[X,0x0000000080026298] -> 0x1513
mem[X,0x000000008002629A] -> 0x00B5
[5388] [M]: 0x0000000080026298 (0x00B51513) slli a0, a0, 0xb
x10 <- 0x0000000000000000
mem[X,0x000000008002629C] -> 0x0513
mem[X,0x000000008002629E] -> 0x5A85
[5389] [M]: 0x000000008002629C (0x5A850513) addi a0, a0, 0x5a8
x10 <- 0x00000000000005A8
mem[X,0x00000000800262A0] -> 0x1513
mem[X,0x00000000800262A2] -> 0x00B5
[5390] [M]: 0x00000000800262A0 (0x00B51513) slli a0, a0, 0xb
x10 <- 0x00000000002D4000
mem[X,0x00000000800262A4] -> 0x0513
mem[X,0x00000000800262A6] -> 0x13C5
[5391] [M]: 0x00000000800262A4 (0x13C50513) addi a0, a0, 0x13c
x10 <- 0x00000000002D413C
mem[X,0x00000000800262A8] -> 0x1513
mem[X,0x00000000800262AA] -> 0x00A5
[5392] [M]: 0x00000000800262A8 (0x00A51513) slli a0, a0, 0xa
x10 <- 0x00000000B504F000
mem[X,0x00000000800262AC] -> 0x0513
mem[X,0x00000000800262AE] -> 0x3335
[5393] [M]: 0x00000000800262AC (0x33350513) addi a0, a0, 0x333
x10 <- 0x00000000B504F333
mem[X,0x00000000800262B0] -> 0x55B7
mem[X,0x00000000800262B2] -> 0x5555
[5394] [M]: 0x00000000800262B0 (0x555555B7) lui a1, 0x55555
x11 <- 0x0000000055555000
mem[X,0x00000000800262B4] -> 0x8593
mem[X,0x00000000800262B6] -> 0x5555
[5395] [M]: 0x00000000800262B4 (0x55558593) addi a1, a1, 0x555
x11 <- 0x0000000055555555
mem[X,0x00000000800262B8] -> 0x9593
mem[X,0x00000000800262BA] -> 0x00B5
[5396] [M]: 0x00000000800262B8 (0x00B59593) slli a1, a1, 0xb
x11 <- 0x000002AAAAAAA800
mem[X,0x00000000800262BC] -> 0x8593
mem[X,0x00000000800262BE] -> 0x2AA5
[5397] [M]: 0x00000000800262BC (0x2AA58593) addi a1, a1, 0x2aa
x11 <- 0x000002AAAAAAAAAA
mem[X,0x00000000800262C0] -> 0x9593
mem[X,0x00000000800262C2] -> 0x00B5
[5398] [M]: 0x00000000800262C0 (0x00B59593) slli a1, a1, 0xb
x11 <- 0x0015555555555000
mem[X,0x00000000800262C4] -> 0x8593
mem[X,0x00000000800262C6] -> 0x5555
[5399] [M]: 0x00000000800262C4 (0x55558593) addi a1, a1, 0x555
x11 <- 0x0015555555555555
clint::tick mtime <- 0x0000000000000036
 clint timer pending at mtime 0x0000000000000036
htif::tick 0x0000000000000000
mem[X,0x00000000800262C8] -> 0x9593
mem[X,0x00000000800262CA] -> 0x00A5
[5400] [M]: 0x00000000800262C8 (0x00A59593) slli a1, a1, 0xa
x11 <- 0x5555555555555400
mem[X,0x00000000800262CC] -> 0x8593
mem[X,0x00000000800262CE] -> 0x1565
[5401] [M]: 0x00000000800262CC (0x15658593) addi a1, a1, 0x156
x11 <- 0x5555555555555556
mem[X,0x00000000800262D0] -> 0x0113
mem[X,0x00000000800262D2] -> 0x0000
[5402] [M]: 0x00000000800262D0 (0x00000113) addi sp, zero, 0x0
x2 <- 0x0000000000000000
mem[X,0x00000000800262D4] -> 0x006F
mem[X,0x00000000800262D6] -> 0x2B10
[5403] [M]: 0x00000000800262D4 (0x2B10006F) jal zero, 0xab0
mem[X,0x0000000080026D84] -> 0x1A63
mem[X,0x0000000080026D86] -> 0xD4B5
[5404] [M]: 0x0000000080026D84 (0xD4B51A63) bne a0, a1, -0xaac
mem[X,0x00000000800262D8] -> 0x0113
mem[X,0x00000000800262DA] -> 0x0011
[5405] [M]: 0x00000000800262D8 (0x00110113) addi sp, sp, 0x1
x2 <- 0x0000000000000001
mem[X,0x00000000800262DC] -> 0x006F
mem[X,0x00000000800262DE] -> 0x2BD0
[5406] [M]: 0x00000000800262DC (0x2BD0006F) jal zero, 0xabc
mem[X,0x0000000080026D98] -> 0xBC23
mem[X,0x0000000080026D9A] -> 0x2820
[5407] [M]: 0x0000000080026D98 (0x2820BC23) sd sp, 0x298(ra)
mem[0x0000000080045C70] <- 0x0000000000000001
mem[X,0x0000000080026D9C] -> 0x0537
mem[X,0x0000000080026D9E] -> 0x0000
[5408] [M]: 0x0000000080026D9C (0x00000537) lui a0, 0x0
x10 <- 0x0000000000000000
mem[X,0x0000000080026DA0] -> 0x0513
mem[X,0x0000000080026DA2] -> 0x0005
[5409] [M]: 0x0000000080026DA0 (0x00050513) addi a0, a0, 0x0
x10 <- 0x0000000000000000
mem[X,0x0000000080026DA4] -> 0x1513
mem[X,0x0000000080026DA6] -> 0x00B5
[5410] [M]: 0x0000000080026DA4 (0x00B51513) slli a0, a0, 0xb
x10 <- 0x0000000000000000
mem[X,0x0000000080026DA8] -> 0x0513
mem[X,0x0000000080026DAA] -> 0x5A85
[5411] [M]: 0x0000000080026DA8 (0x5A850513) addi a0, a0, 0x5a8
x10 <- 0x00000000000005A8
mem[X,0x0000000080026DAC] -> 0x1513
mem[X,0x0000000080026DAE] -> 0x00B5
[5412] [M]: 0x0000000080026DAC (0x00B51513) slli a0, a0, 0xb
x10 <- 0x00000000002D4000
mem[X,0x0000000080026DB0] -> 0x0513
mem[X,0x0000000080026DB2] -> 0x13C5
[5413] [M]: 0x0000000080026DB0 (0x13C50513) addi a0, a0, 0x13c
x10 <- 0x00000000002D413C
mem[X,0x0000000080026DB4] -> 0x1513
mem[X,0x0000000080026DB6] -> 0x00A5
[5414] [M]: 0x0000000080026DB4 (0x00A51513) slli a0, a0, 0xa
x10 <- 0x00000000B504F000
mem[X,0x0000000080026DB8] -> 0x0513
mem[X,0x0000000080026DBA] -> 0x3335
[5415] [M]: 0x0000000080026DB8 (0x33350513) addi a0, a0, 0x333
x10 <- 0x00000000B504F333
mem[X,0x0000000080026DBC] -> 0xB5B7
mem[X,0x0000000080026DBE] -> 0xAAAA
[5416] [M]: 0x0000000080026DBC (0xAAAAB5B7) lui a1, -0x55555
x11 <- 0xFFFFFFFFAAAAB000
mem[X,0x0000000080026DC0] -> 0x8593
mem[X,0x0000000080026DC2] -> 0xAAA5
[5417] [M]: 0x0000000080026DC0 (0xAAA58593) addi a1, a1, -0x556
x11 <- 0xFFFFFFFFAAAAAAAA
mem[X,0x0000000080026DC4] -> 0x9593
mem[X,0x0000000080026DC6] -> 0x00B5
[5418] [M]: 0x0000000080026DC4 (0x00B59593) slli a1, a1, 0xb
x11 <- 0xFFFFFD5555555000
mem[X,0x0000000080026DC8] -> 0x8593
mem[X,0x0000000080026DCA] -> 0x5555
[5419] [M]: 0x0000000080026DC8 (0x55558593) addi a1, a1, 0x555
x11 <- 0xFFFFFD5555555555
mem[X,0x0000000080026DCC] -> 0x9593
mem[X,0x0000000080026DCE] -> 0x00B5
[5420] [M]: 0x0000000080026DCC (0x00B59593) slli a1, a1, 0xb
x11 <- 0xFFEAAAAAAAAAA800
mem[X,0x0000000080026DD0] -> 0x8593
mem[X,0x0000000080026DD2] -> 0x2AA5
[5421] [M]: 0x0000000080026DD0 (0x2AA58593) addi a1, a1, 0x2aa
x11 <- 0xFFEAAAAAAAAAAAAA
mem[X,0x0000000080026DD4] -> 0x9593
mem[X,0x0000000080026DD6] -> 0x00A5
[5422] [M]: 0x0000000080026DD4 (0x00A59593) slli a1, a1, 0xa
x11 <- 0xAAAAAAAAAAAAA800
mem[X,0x0000000080026DD8] -> 0x8593
mem[X,0x0000000080026DDA] -> 0x2AB5
[5423] [M]: 0x0000000080026DD8 (0x2AB58593) addi a1, a1, 0x2ab
x11 <- 0xAAAAAAAAAAAAAAAB
mem[X,0x0000000080026DDC] -> 0x0113
mem[X,0x0000000080026DDE] -> 0x0000
[5424] [M]: 0x0000000080026DDC (0x00000113) addi sp, zero, 0x0
x2 <- 0x0000000000000000
mem[X,0x0000000080026DE0] -> 0x006F
mem[X,0x0000000080026DE2] -> 0x00C0
[5425] [M]: 0x0000000080026DE0 (0x00C0006F) jal zero, 0xc
mem[X,0x0000000080026DEC] -> 0x1663
mem[X,0x0000000080026DEE] -> 0x00B5
[5426] [M]: 0x0000000080026DEC (0x00B51663) bne a0, a1, 0xc
mem[X,0x0000000080026DF8] -> 0x0113
mem[X,0x0000000080026DFA] -> 0x0031
[5427] [M]: 0x0000000080026DF8 (0x00310113) addi sp, sp, 0x3
x2 <- 0x0000000000000003
mem[X,0x0000000080026DFC] -> 0x006F
mem[X,0x0000000080026DFE] -> 0x0040
[5428] [M]: 0x0000000080026DFC (0x0040006F) jal zero, 0x4
mem[X,0x0000000080026E00] -> 0xB023
mem[X,0x0000000080026E02] -> 0x2A20
[5429] [M]: 0x0000000080026E00 (0x2A20B023) sd sp, 0x2a0(ra)
mem[0x0000000080045C78] <- 0x0000000000000003
mem[X,0x0000000080026E04] -> 0x0537
mem[X,0x0000000080026E06] -> 0x0000
[5430] [M]: 0x0000000080026E04 (0x00000537) lui a0, 0x0
x10 <- 0x0000000000000000
mem[X,0x0000000080026E08] -> 0x0513
mem[X,0x0000000080026E0A] -> 0x0005
[5431] [M]: 0x0000000080026E08 (0x00050513) addi a0, a0, 0x0
x10 <- 0x0000000000000000
mem[X,0x0000000080026E0C] -> 0x1513
mem[X,0x0000000080026E0E] -> 0x00B5
[5432] [M]: 0x0000000080026E0C (0x00B51513) slli a0, a0, 0xb
x10 <- 0x0000000000000000
mem[X,0x0000000080026E10] -> 0x0513
mem[X,0x0000000080026E12] -> 0x5A85
[5433] [M]: 0x0000000080026E10 (0x5A850513) addi a0, a0, 0x5a8
x10 <- 0x00000000000005A8
mem[X,0x0000000080026E14] -> 0x1513
mem[X,0x0000000080026E16] -> 0x00B5
[5434] [M]: 0x0000000080026E14 (0x00B51513) slli a0, a0, 0xb
x10 <- 0x00000000002D4000
mem[X,0x0000000080026E18] -> 0x0513
mem[X,0x0000000080026E1A] -> 0x13C5
[5435] [M]: 0x0000000080026E18 (0x13C50513) addi a0, a0, 0x13c
x10 <- 0x00000000002D413C
mem[X,0x0000000080026E1C] -> 0x1513
mem[X,0x0000000080026E1E] -> 0x00A5
[5436] [M]: 0x0000000080026E1C (0x00A51513) slli a0, a0, 0xa
x10 <- 0x00000000B504F000
mem[X,0x0000000080026E20] -> 0x0513
mem[X,0x0000000080026E22] -> 0x3335
[5437] [M]: 0x0000000080026E20 (0x33350513) addi a0, a0, 0x333
x10 <- 0x00000000B504F333
mem[X,0x0000000080026E24] -> 0x0593
mem[X,0x0000000080026E26] -> 0x0060
[5438] [M]: 0x0000000080026E24 (0x00600593) addi a1, zero, 0x6
x11 <- 0x0000000000000006
mem[X,0x0000000080026E28] -> 0x0113
mem[X,0x0000000080026E2A] -> 0x0000
[5439] [M]: 0x0000000080026E28 (0x00000113) addi sp, zero, 0x0
x2 <- 0x0000000000000000
mem[X,0x0000000080026E2C] -> 0x006F
mem[X,0x0000000080026E2E] -> 0x00C0
[5440] [M]: 0x0000000080026E2C (0x00C0006F) jal zero, 0xc
mem[X,0x0000000080026E38] -> 0x1663
mem[X,0x0000000080026E3A] -> 0x00B5
[5441] [M]: 0x0000000080026E38 (0x00B51663) bne a0, a1, 0xc
mem[X,0x0000000080026E44] -> 0x0113
mem[X,0x0000000080026E46] -> 0x0031
[5442] [M]: 0x0000000080026E44 (0x00310113) addi sp, sp, 0x3
x2 <- 0x0000000000000003
mem[X,0x0000000080026E48] -> 0x006F
mem[X,0x0000000080026E4A] -> 0x0040
[5443] [M]: 0x0000000080026E48 (0x0040006F) jal zero, 0x4
mem[X,0x0000000080026E4C] -> 0xB423
mem[X,0x0000000080026E4E] -> 0x2A20
[5444] [M]: 0x0000000080026E4C (0x2A20B423) sd sp, 0x2a8(ra)
mem[0x0000000080045C80] <- 0x0000000000000003
mem[X,0x0000000080026E50] -> 0x0537
mem[X,0x0000000080026E52] -> 0x0000
[5445] [M]: 0x0000000080026E50 (0x00000537) lui a0, 0x0
x10 <- 0x0000000000000000
mem[X,0x0000000080026E54] -> 0x0513
mem[X,0x0000000080026E56] -> 0x0005
[5446] [M]: 0x0000000080026E54 (0x00050513) addi a0, a0, 0x0
x10 <- 0x0000000000000000
mem[X,0x0000000080026E58] -> 0x1513
mem[X,0x0000000080026E5A] -> 0x00B5
[5447] [M]: 0x0000000080026E58 (0x00B51513) slli a0, a0, 0xb
x10 <- 0x0000000000000000
mem[X,0x0000000080026E5C] -> 0x0513
mem[X,0x0000000080026E5E] -> 0x5A85
[5448] [M]: 0x0000000080026E5C (0x5A850513) addi a0, a0, 0x5a8
x10 <- 0x00000000000005A8
mem[X,0x0000000080026E60] -> 0x1513
mem[X,0x0000000080026E62] -> 0x00B5
[5449] [M]: 0x0000000080026E60 (0x00B51513) slli a0, a0, 0xb
x10 <- 0x00000000002D4000
mem[X,0x0000000080026E64] -> 0x0513
mem[X,0x0000000080026E66] -> 0x13C5
[5450] [M]: 0x0000000080026E64 (0x13C50513) addi a0, a0, 0x13c
x10 <- 0x00000000002D413C
mem[X,0x0000000080026E68] -> 0x1513
mem[X,0x0000000080026E6A] -> 0x00A5
[5451] [M]: 0x0000000080026E68 (0x00A51513) slli a0, a0, 0xa
x10 <- 0x00000000B504F000
mem[X,0x0000000080026E6C] -> 0x0513
mem[X,0x0000000080026E6E] -> 0x3335
[5452] [M]: 0x0000000080026E6C (0x33350513) addi a0, a0, 0x333
x10 <- 0x00000000B504F333
mem[X,0x0000000080026E70] -> 0x35B7
mem[X,0x0000000080026E72] -> 0x3333
[5453] [M]: 0x0000000080026E70 (0x333335B7) lui a1, 0x33333
x11 <- 0x0000000033333000
mem[X,0x0000000080026E74] -> 0x8593
mem[X,0x0000000080026E76] -> 0x3335
[5454] [M]: 0x0000000080026E74 (0x33358593) addi a1, a1, 0x333
x11 <- 0x0000000033333333
mem[X,0x0000000080026E78] -> 0x9593
mem[X,0x0000000080026E7A] -> 0x00B5
[5455] [M]: 0x0000000080026E78 (0x00B59593) slli a1, a1, 0xb
x11 <- 0x0000019999999800
mem[X,0x0000000080026E7C] -> 0x8593
mem[X,0x0000000080026E7E] -> 0x1995
[5456] [M]: 0x0000000080026E7C (0x19958593) addi a1, a1, 0x199
x11 <- 0x0000019999999999
mem[X,0x0000000080026E80] -> 0x9593
mem[X,0x0000000080026E82] -> 0x00B5
[5457] [M]: 0x0000000080026E80 (0x00B59593) slli a1, a1, 0xb
x11 <- 0x000CCCCCCCCCC800
mem[X,0x0000000080026E84] -> 0x8593
mem[X,0x0000000080026E86] -> 0x4CC5
[5458] [M]: 0x0000000080026E84 (0x4CC58593) addi a1, a1, 0x4cc
x11 <- 0x000CCCCCCCCCCCCC
mem[X,0x0000000080026E88] -> 0x9593
mem[X,0x0000000080026E8A] -> 0x00A5
[5459] [M]: 0x0000000080026E88 (0x00A59593) slli a1, a1, 0xa
x11 <- 0x3333333333333000
mem[X,0x0000000080026E8C] -> 0x8593
mem[X,0x0000000080026E8E] -> 0x3345
[5460] [M]: 0x0000000080026E8C (0x33458593) addi a1, a1, 0x334
x11 <- 0x3333333333333334
mem[X,0x0000000080026E90] -> 0x0113
mem[X,0x0000000080026E92] -> 0x0000
[5461] [M]: 0x0000000080026E90 (0x00000113) addi sp, zero, 0x0
x2 <- 0x0000000000000000
mem[X,0x0000000080026E94] -> 0x006F
mem[X,0x0000000080026E96] -> 0x00C0
[5462] [M]: 0x0000000080026E94 (0x00C0006F) jal zero, 0xc
mem[X,0x0000000080026EA0] -> 0x1063
mem[X,0x0000000080026EA2] -> 0x08B5
[5463] [M]: 0x0000000080026EA0 (0x08B51063) bne a0, a1, 0x80
mem[X,0x0000000080026F20] -> 0x0113
mem[X,0x0000000080026F22] -> 0x0031
[5464] [M]: 0x0000000080026F20 (0x00310113) addi sp, sp, 0x3
x2 <- 0x0000000000000003
mem[X,0x0000000080026F24] -> 0x006F
mem[X,0x0000000080026F26] -> 0x0040
[5465] [M]: 0x0000000080026F24 (0x0040006F) jal zero, 0x4
mem[X,0x0000000080026F28] -> 0xB823
mem[X,0x0000000080026F2A] -> 0x2A20
[5466] [M]: 0x0000000080026F28 (0x2A20B823) sd sp, 0x2b0(ra)
mem[0x0000000080045C88] <- 0x0000000000000003
mem[X,0x0000000080026F2C] -> 0x0537
mem[X,0x0000000080026F2E] -> 0x0000
[5467] [M]: 0x0000000080026F2C (0x00000537) lui a0, 0x0
x10 <- 0x0000000000000000
mem[X,0x0000000080026F30] -> 0x0513
mem[X,0x0000000080026F32] -> 0x0005
[5468] [M]: 0x0000000080026F30 (0x00050513) addi a0, a0, 0x0
x10 <- 0x0000000000000000
mem[X,0x0000000080026F34] -> 0x1513
mem[X,0x0000000080026F36] -> 0x00B5
[5469] [M]: 0x0000000080026F34 (0x00B51513) slli a0, a0, 0xb
x10 <- 0x0000000000000000
mem[X,0x0000000080026F38] -> 0x0513
mem[X,0x0000000080026F3A] -> 0x5A85
[5470] [M]: 0x0000000080026F38 (0x5A850513) addi a0, a0, 0x5a8
x10 <- 0x00000000000005A8
mem[X,0x0000000080026F3C] -> 0x1513
mem[X,0x0000000080026F3E] -> 0x00B5
[5471] [M]: 0x0000000080026F3C (0x00B51513) slli a0, a0, 0xb
x10 <- 0x00000000002D4000
mem[X,0x0000000080026F40] -> 0x0513
mem[X,0x0000000080026F42] -> 0x13C5
[5472] [M]: 0x0000000080026F40 (0x13C50513) addi a0, a0, 0x13c
x10 <- 0x00000000002D413C
mem[X,0x0000000080026F44] -> 0x1513
mem[X,0x0000000080026F46] -> 0x00A5
[5473] [M]: 0x0000000080026F44 (0x00A51513) slli a0, a0, 0xa
x10 <- 0x00000000B504F000
mem[X,0x0000000080026F48] -> 0x0513
mem[X,0x0000000080026F4A] -> 0x3335
[5474] [M]: 0x0000000080026F48 (0x33350513) addi a0, a0, 0x333
x10 <- 0x00000000B504F333
mem[X,0x0000000080026F4C] -> 0x65B7
mem[X,0x0000000080026F4E] -> 0x6666
[5475] [M]: 0x0000000080026F4C (0x666665B7) lui a1, 0x66666
x11 <- 0x0000000066666000
mem[X,0x0000000080026F50] -> 0x8593
mem[X,0x0000000080026F52] -> 0x6665
[5476] [M]: 0x0000000080026F50 (0x66658593) addi a1, a1, 0x666
x11 <- 0x0000000066666666
mem[X,0x0000000080026F54] -> 0x9593
mem[X,0x0000000080026F56] -> 0x00B5
[5477] [M]: 0x0000000080026F54 (0x00B59593) slli a1, a1, 0xb
x11 <- 0x0000033333333000
mem[X,0x0000000080026F58] -> 0x8593
mem[X,0x0000000080026F5A] -> 0x3335
[5478] [M]: 0x0000000080026F58 (0x33358593) addi a1, a1, 0x333
x11 <- 0x0000033333333333
mem[X,0x0000000080026F5C] -> 0x9593
mem[X,0x0000000080026F5E] -> 0x00B5
[5479] [M]: 0x0000000080026F5C (0x00B59593) slli a1, a1, 0xb
x11 <- 0x0019999999999800
mem[X,0x0000000080026F60] -> 0x8593
mem[X,0x0000000080026F62] -> 0x1995
[5480] [M]: 0x0000000080026F60 (0x19958593) addi a1, a1, 0x199
x11 <- 0x0019999999999999
mem[X,0x0000000080026F64] -> 0x9593
mem[X,0x0000000080026F66] -> 0x00A5
[5481] [M]: 0x0000000080026F64 (0x00A59593) slli a1, a1, 0xa
x11 <- 0x6666666666666400
mem[X,0x0000000080026F68] -> 0x8593
mem[X,0x0000000080026F6A] -> 0x2675
[5482] [M]: 0x0000000080026F68 (0x26758593) addi a1, a1, 0x267
x11 <- 0x6666666666666667
mem[X,0x0000000080026F6C] -> 0x0113
mem[X,0x0000000080026F6E] -> 0x0000
[5483] [M]: 0x0000000080026F6C (0x00000113) addi sp, zero, 0x0
x2 <- 0x0000000000000000
mem[X,0x0000000080026F70] -> 0x006F
mem[X,0x0000000080026F72] -> 0x00C0
[5484] [M]: 0x0000000080026F70 (0x00C0006F) jal zero, 0xc
mem[X,0x0000000080026F7C] -> 0x1063
mem[X,0x0000000080026F7E] -> 0x08B5
[5485] [M]: 0x0000000080026F7C (0x08B51063) bne a0, a1, 0x80
mem[X,0x0000000080026FFC] -> 0x0113
mem[X,0x0000000080026FFE] -> 0x0031
[5486] [M]: 0x0000000080026FFC (0x00310113) addi sp, sp, 0x3
x2 <- 0x0000000000000003
mem[X,0x0000000080027000] -> 0x006F
mem[X,0x0000000080027002] -> 0x0040
[5487] [M]: 0x0000000080027000 (0x0040006F) jal zero, 0x4
mem[X,0x0000000080027004] -> 0xBC23
mem[X,0x0000000080027006] -> 0x2A20
[5488] [M]: 0x0000000080027004 (0x2A20BC23) sd sp, 0x2b8(ra)
mem[0x0000000080045C90] <- 0x0000000000000003
mem[X,0x0000000080027008] -> 0x0537
mem[X,0x000000008002700A] -> 0x0000
[5489] [M]: 0x0000000080027008 (0x00000537) lui a0, 0x0
x10 <- 0x0000000000000000
mem[X,0x000000008002700C] -> 0x0513
mem[X,0x000000008002700E] -> 0x0005
[5490] [M]: 0x000000008002700C (0x00050513) addi a0, a0, 0x0
x10 <- 0x0000000000000000
mem[X,0x0000000080027010] -> 0x1513
mem[X,0x0000000080027012] -> 0x00B5
[5491] [M]: 0x0000000080027010 (0x00B51513) slli a0, a0, 0xb
x10 <- 0x0000000000000000
mem[X,0x0000000080027014] -> 0x0513
mem[X,0x0000000080027016] -> 0x5A85
[5492] [M]: 0x0000000080027014 (0x5A850513) addi a0, a0, 0x5a8
x10 <- 0x00000000000005A8
mem[X,0x0000000080027018] -> 0x1513
mem[X,0x000000008002701A] -> 0x00B5
[5493] [M]: 0x0000000080027018 (0x00B51513) slli a0, a0, 0xb
x10 <- 0x00000000002D4000
mem[X,0x000000008002701C] -> 0x0513
mem[X,0x000000008002701E] -> 0x13C5
[5494] [M]: 0x000000008002701C (0x13C50513) addi a0, a0, 0x13c
x10 <- 0x00000000002D413C
mem[X,0x0000000080027020] -> 0x1513
mem[X,0x0000000080027022] -> 0x00A5
[5495] [M]: 0x0000000080027020 (0x00A51513) slli a0, a0, 0xa
x10 <- 0x00000000B504F000
mem[X,0x0000000080027024] -> 0x0513
mem[X,0x0000000080027026] -> 0x3335
[5496] [M]: 0x0000000080027024 (0x33350513) addi a0, a0, 0x333
x10 <- 0x00000000B504F333
mem[X,0x0000000080027028] -> 0x05B7
mem[X,0x000000008002702A] -> 0x0000
[5497] [M]: 0x0000000080027028 (0x000005B7) lui a1, 0x0
x11 <- 0x0000000000000000
mem[X,0x000000008002702C] -> 0x8593
mem[X,0x000000008002702E] -> 0xFFF5
[5498] [M]: 0x000000008002702C (0xFFF58593) addi a1, a1, -0x1
x11 <- 0xFFFFFFFFFFFFFFFF
mem[X,0x0000000080027030] -> 0x9593
mem[X,0x0000000080027032] -> 0x00B5
[5499] [M]: 0x0000000080027030 (0x00B59593) slli a1, a1, 0xb
x11 <- 0xFFFFFFFFFFFFF800
clint::tick mtime <- 0x0000000000000037
 clint timer pending at mtime 0x0000000000000037
htif::tick 0x0000000000000000
mem[X,0x0000000080027034] -> 0x8593
mem[X,0x0000000080027036] -> 0x2575
[5500] [M]: 0x0000000080027034 (0x25758593) addi a1, a1, 0x257
x11 <- 0xFFFFFFFFFFFFFA57
mem[X,0x0000000080027038] -> 0x9593
mem[X,0x000000008002703A] -> 0x00B5
[5501] [M]: 0x0000000080027038 (0x00B59593) slli a1, a1, 0xb
x11 <- 0xFFFFFFFFFFD2B800
mem[X,0x000000008002703C] -> 0x8593
mem[X,0x000000008002703E] -> 0x6C35
[5502] [M]: 0x000000008002703C (0x6C358593) addi a1, a1, 0x6c3
x11 <- 0xFFFFFFFFFFD2BEC3
mem[X,0x0000000080027040] -> 0x9593
mem[X,0x0000000080027042] -> 0x00A5
[5503] [M]: 0x0000000080027040 (0x00A59593) slli a1, a1, 0xa
x11 <- 0xFFFFFFFF4AFB0C00
mem[X,0x0000000080027044] -> 0x8593
mem[X,0x0000000080027046] -> 0x0CE5
[5504] [M]: 0x0000000080027044 (0x0CE58593) addi a1, a1, 0xce
x11 <- 0xFFFFFFFF4AFB0CCE
mem[X,0x0000000080027048] -> 0x0113
mem[X,0x000000008002704A] -> 0x0000
[5505] [M]: 0x0000000080027048 (0x00000113) addi sp, zero, 0x0
x2 <- 0x0000000000000000
mem[X,0x000000008002704C] -> 0x006F
mem[X,0x000000008002704E] -> 0x0050
[5506] [M]: 0x000000008002704C (0x0050006F) jal zero, 0x804
mem[X,0x0000000080027850] -> 0x10E3
mem[X,0x0000000080027852] -> 0x80B5
[5507] [M]: 0x0000000080027850 (0x80B510E3) bne a0, a1, -0x800
mem[X,0x0000000080027050] -> 0x0113
mem[X,0x0000000080027052] -> 0x0011
[5508] [M]: 0x0000000080027050 (0x00110113) addi sp, sp, 0x1
x2 <- 0x0000000000000001
mem[X,0x0000000080027054] -> 0x006F
mem[X,0x0000000080027056] -> 0x0110
[5509] [M]: 0x0000000080027054 (0x0110006F) jal zero, 0x810
mem[X,0x0000000080027864] -> 0xB023
mem[X,0x0000000080027866] -> 0x2C20
[5510] [M]: 0x0000000080027864 (0x2C20B023) sd sp, 0x2c0(ra)
mem[0x0000000080045C98] <- 0x0000000000000001
mem[X,0x0000000080027868] -> 0x0537
mem[X,0x000000008002786A] -> 0x0000
[5511] [M]: 0x0000000080027868 (0x00000537) lui a0, 0x0
x10 <- 0x0000000000000000
mem[X,0x000000008002786C] -> 0x0513
mem[X,0x000000008002786E] -> 0x0005
[5512] [M]: 0x000000008002786C (0x00050513) addi a0, a0, 0x0
x10 <- 0x0000000000000000
mem[X,0x0000000080027870] -> 0x1513
mem[X,0x0000000080027872] -> 0x00B5
[5513] [M]: 0x0000000080027870 (0x00B51513) slli a0, a0, 0xb
x10 <- 0x0000000000000000
mem[X,0x0000000080027874] -> 0x0513
mem[X,0x0000000080027876] -> 0x5A85
[5514] [M]: 0x0000000080027874 (0x5A850513) addi a0, a0, 0x5a8
x10 <- 0x00000000000005A8
mem[X,0x0000000080027878] -> 0x1513
mem[X,0x000000008002787A] -> 0x00B5
[5515] [M]: 0x0000000080027878 (0x00B51513) slli a0, a0, 0xb
x10 <- 0x00000000002D4000
mem[X,0x000000008002787C] -> 0x0513
mem[X,0x000000008002787E] -> 0x13C5
[5516] [M]: 0x000000008002787C (0x13C50513) addi a0, a0, 0x13c
x10 <- 0x00000000002D413C
mem[X,0x0000000080027880] -> 0x1513
mem[X,0x0000000080027882] -> 0x00A5
[5517] [M]: 0x0000000080027880 (0x00A51513) slli a0, a0, 0xa
x10 <- 0x00000000B504F000
mem[X,0x0000000080027884] -> 0x0513
mem[X,0x0000000080027886] -> 0x3335
[5518] [M]: 0x0000000080027884 (0x33350513) addi a0, a0, 0x333
x10 <- 0x00000000B504F333
mem[X,0x0000000080027888] -> 0x05B7
mem[X,0x000000008002788A] -> 0x0000
[5519] [M]: 0x0000000080027888 (0x000005B7) lui a1, 0x0
x11 <- 0x0000000000000000
mem[X,0x000000008002788C] -> 0x8593
mem[X,0x000000008002788E] -> 0x0005
[5520] [M]: 0x000000008002788C (0x00058593) addi a1, a1, 0x0
x11 <- 0x0000000000000000
mem[X,0x0000000080027890] -> 0x9593
mem[X,0x0000000080027892] -> 0x00B5
[5521] [M]: 0x0000000080027890 (0x00B59593) slli a1, a1, 0xb
x11 <- 0x0000000000000000
mem[X,0x0000000080027894] -> 0x8593
mem[X,0x0000000080027896] -> 0x5A85
[5522] [M]: 0x0000000080027894 (0x5A858593) addi a1, a1, 0x5a8
x11 <- 0x00000000000005A8
mem[X,0x0000000080027898] -> 0x9593
mem[X,0x000000008002789A] -> 0x00B5
[5523] [M]: 0x0000000080027898 (0x00B59593) slli a1, a1, 0xb
x11 <- 0x00000000002D4000
mem[X,0x000000008002789C] -> 0x8593
mem[X,0x000000008002789E] -> 0x13C5
[5524] [M]: 0x000000008002789C (0x13C58593) addi a1, a1, 0x13c
x11 <- 0x00000000002D413C
mem[X,0x00000000800278A0] -> 0x9593
mem[X,0x00000000800278A2] -> 0x00A5
[5525] [M]: 0x00000000800278A0 (0x00A59593) slli a1, a1, 0xa
x11 <- 0x00000000B504F000
mem[X,0x00000000800278A4] -> 0x8593
mem[X,0x00000000800278A6] -> 0x3345
[5526] [M]: 0x00000000800278A4 (0x33458593) addi a1, a1, 0x334
x11 <- 0x00000000B504F334
mem[X,0x00000000800278A8] -> 0x0113
mem[X,0x00000000800278AA] -> 0x0000
[5527] [M]: 0x00000000800278A8 (0x00000113) addi sp, zero, 0x0
x2 <- 0x0000000000000000
mem[X,0x00000000800278AC] -> 0x006F
mem[X,0x00000000800278AE] -> 0x00C0
[5528] [M]: 0x00000000800278AC (0x00C0006F) jal zero, 0xc
mem[X,0x00000000800278B8] -> 0x1063
mem[X,0x00000000800278BA] -> 0x10B5
[5529] [M]: 0x00000000800278B8 (0x10B51063) bne a0, a1, 0x100
mem[X,0x00000000800279B8] -> 0x0113
mem[X,0x00000000800279BA] -> 0x0031
[5530] [M]: 0x00000000800279B8 (0x00310113) addi sp, sp, 0x3
x2 <- 0x0000000000000003
mem[X,0x00000000800279BC] -> 0x006F
mem[X,0x00000000800279BE] -> 0x0040
[5531] [M]: 0x00000000800279BC (0x0040006F) jal zero, 0x4
mem[X,0x00000000800279C0] -> 0xB423
mem[X,0x00000000800279C2] -> 0x2C20
[5532] [M]: 0x00000000800279C0 (0x2C20B423) sd sp, 0x2c8(ra)
mem[0x0000000080045CA0] <- 0x0000000000000003
mem[X,0x00000000800279C4] -> 0x0513
mem[X,0x00000000800279C6] -> 0x0020
[5533] [M]: 0x00000000800279C4 (0x00200513) addi a0, zero, 0x2
x10 <- 0x0000000000000002
mem[X,0x00000000800279C8] -> 0x0593
mem[X,0x00000000800279CA] -> 0x0030
[5534] [M]: 0x00000000800279C8 (0x00300593) addi a1, zero, 0x3
x11 <- 0x0000000000000003
mem[X,0x00000000800279CC] -> 0x0113
mem[X,0x00000000800279CE] -> 0x0000
[5535] [M]: 0x00000000800279CC (0x00000113) addi sp, zero, 0x0
x2 <- 0x0000000000000000
mem[X,0x00000000800279D0] -> 0x006F
mem[X,0x00000000800279D2] -> 0x00C0
[5536] [M]: 0x00000000800279D0 (0x00C0006F) jal zero, 0xc
mem[X,0x00000000800279DC] -> 0x1663
mem[X,0x00000000800279DE] -> 0x00B5
[5537] [M]: 0x00000000800279DC (0x00B51663) bne a0, a1, 0xc
mem[X,0x00000000800279E8] -> 0x0113
mem[X,0x00000000800279EA] -> 0x0031
[5538] [M]: 0x00000000800279E8 (0x00310113) addi sp, sp, 0x3
x2 <- 0x0000000000000003
mem[X,0x00000000800279EC] -> 0x006F
mem[X,0x00000000800279EE] -> 0x0040
[5539] [M]: 0x00000000800279EC (0x0040006F) jal zero, 0x4
mem[X,0x00000000800279F0] -> 0xB823
mem[X,0x00000000800279F2] -> 0x2C20
[5540] [M]: 0x00000000800279F0 (0x2C20B823) sd sp, 0x2d0(ra)
mem[0x0000000080045CA8] <- 0x0000000000000003
mem[X,0x00000000800279F4] -> 0x0513
mem[X,0x00000000800279F6] -> 0x0020
[5541] [M]: 0x00000000800279F4 (0x00200513) addi a0, zero, 0x2
x10 <- 0x0000000000000002
mem[X,0x00000000800279F8] -> 0x55B7
mem[X,0x00000000800279FA] -> 0x5555
[5542] [M]: 0x00000000800279F8 (0x555555B7) lui a1, 0x55555
x11 <- 0x0000000055555000
mem[X,0x00000000800279FC] -> 0x8593
mem[X,0x00000000800279FE] -> 0x5555
[5543] [M]: 0x00000000800279FC (0x55558593) addi a1, a1, 0x555
x11 <- 0x0000000055555555
mem[X,0x0000000080027A00] -> 0x9593
mem[X,0x0000000080027A02] -> 0x00B5
[5544] [M]: 0x0000000080027A00 (0x00B59593) slli a1, a1, 0xb
x11 <- 0x000002AAAAAAA800
mem[X,0x0000000080027A04] -> 0x8593
mem[X,0x0000000080027A06] -> 0x2AA5
[5545] [M]: 0x0000000080027A04 (0x2AA58593) addi a1, a1, 0x2aa
x11 <- 0x000002AAAAAAAAAA
mem[X,0x0000000080027A08] -> 0x9593
mem[X,0x0000000080027A0A] -> 0x00B5
[5546] [M]: 0x0000000080027A08 (0x00B59593) slli a1, a1, 0xb
x11 <- 0x0015555555555000
mem[X,0x0000000080027A0C] -> 0x8593
mem[X,0x0000000080027A0E] -> 0x5555
[5547] [M]: 0x0000000080027A0C (0x55558593) addi a1, a1, 0x555
x11 <- 0x0015555555555555
mem[X,0x0000000080027A10] -> 0x9593
mem[X,0x0000000080027A12] -> 0x00A5
[5548] [M]: 0x0000000080027A10 (0x00A59593) slli a1, a1, 0xa
x11 <- 0x5555555555555400
mem[X,0x0000000080027A14] -> 0x8593
mem[X,0x0000000080027A16] -> 0x1555
[5549] [M]: 0x0000000080027A14 (0x15558593) addi a1, a1, 0x155
x11 <- 0x5555555555555555
mem[X,0x0000000080027A18] -> 0x0113
mem[X,0x0000000080027A1A] -> 0x0000
[5550] [M]: 0x0000000080027A18 (0x00000113) addi sp, zero, 0x0
x2 <- 0x0000000000000000
mem[X,0x0000000080027A1C] -> 0x006F
mem[X,0x0000000080027A1E] -> 0x00C0
[5551] [M]: 0x0000000080027A1C (0x00C0006F) jal zero, 0xc
mem[X,0x0000000080027A28] -> 0x1663
mem[X,0x0000000080027A2A] -> 0x00B5
[5552] [M]: 0x0000000080027A28 (0x00B51663) bne a0, a1, 0xc
mem[X,0x0000000080027A34] -> 0x0113
mem[X,0x0000000080027A36] -> 0x0031
[5553] [M]: 0x0000000080027A34 (0x00310113) addi sp, sp, 0x3
x2 <- 0x0000000000000003
mem[X,0x0000000080027A38] -> 0x006F
mem[X,0x0000000080027A3A] -> 0x0040
[5554] [M]: 0x0000000080027A38 (0x0040006F) jal zero, 0x4
mem[X,0x0000000080027A3C] -> 0xBC23
mem[X,0x0000000080027A3E] -> 0x2C20
[5555] [M]: 0x0000000080027A3C (0x2C20BC23) sd sp, 0x2d8(ra)
mem[0x0000000080045CB0] <- 0x0000000000000003
mem[X,0x0000000080027A40] -> 0x0513
mem[X,0x0000000080027A42] -> 0x0020
[5556] [M]: 0x0000000080027A40 (0x00200513) addi a0, zero, 0x2
x10 <- 0x0000000000000002
mem[X,0x0000000080027A44] -> 0xB5B7
mem[X,0x0000000080027A46] -> 0xAAAA
[5557] [M]: 0x0000000080027A44 (0xAAAAB5B7) lui a1, -0x55555
x11 <- 0xFFFFFFFFAAAAB000
mem[X,0x0000000080027A48] -> 0x8593
mem[X,0x0000000080027A4A] -> 0xAAA5
[5558] [M]: 0x0000000080027A48 (0xAAA58593) addi a1, a1, -0x556
x11 <- 0xFFFFFFFFAAAAAAAA
mem[X,0x0000000080027A4C] -> 0x9593
mem[X,0x0000000080027A4E] -> 0x00B5
[5559] [M]: 0x0000000080027A4C (0x00B59593) slli a1, a1, 0xb
x11 <- 0xFFFFFD5555555000
mem[X,0x0000000080027A50] -> 0x8593
mem[X,0x0000000080027A52] -> 0x5555
[5560] [M]: 0x0000000080027A50 (0x55558593) addi a1, a1, 0x555
x11 <- 0xFFFFFD5555555555
mem[X,0x0000000080027A54] -> 0x9593
mem[X,0x0000000080027A56] -> 0x00B5
[5561] [M]: 0x0000000080027A54 (0x00B59593) slli a1, a1, 0xb
x11 <- 0xFFEAAAAAAAAAA800
mem[X,0x0000000080027A58] -> 0x8593
mem[X,0x0000000080027A5A] -> 0x2AA5
[5562] [M]: 0x0000000080027A58 (0x2AA58593) addi a1, a1, 0x2aa
x11 <- 0xFFEAAAAAAAAAAAAA
mem[X,0x0000000080027A5C] -> 0x9593
mem[X,0x0000000080027A5E] -> 0x00A5
[5563] [M]: 0x0000000080027A5C (0x00A59593) slli a1, a1, 0xa
x11 <- 0xAAAAAAAAAAAAA800
mem[X,0x0000000080027A60] -> 0x8593
mem[X,0x0000000080027A62] -> 0x2AA5
[5564] [M]: 0x0000000080027A60 (0x2AA58593) addi a1, a1, 0x2aa
x11 <- 0xAAAAAAAAAAAAAAAA
mem[X,0x0000000080027A64] -> 0x0113
mem[X,0x0000000080027A66] -> 0x0000
[5565] [M]: 0x0000000080027A64 (0x00000113) addi sp, zero, 0x0
x2 <- 0x0000000000000000
mem[X,0x0000000080027A68] -> 0x006F
mem[X,0x0000000080027A6A] -> 0x0100
[5566] [M]: 0x0000000080027A68 (0x0100006F) jal zero, 0x10
mem[X,0x0000000080027A78] -> 0x1AE3
mem[X,0x0000000080027A7A] -> 0xFEB5
[5567] [M]: 0x0000000080027A78 (0xFEB51AE3) bne a0, a1, -0xc
mem[X,0x0000000080027A6C] -> 0x0113
mem[X,0x0000000080027A6E] -> 0x0011
[5568] [M]: 0x0000000080027A6C (0x00110113) addi sp, sp, 0x1
x2 <- 0x0000000000000001
mem[X,0x0000000080027A70] -> 0x006F
mem[X,0x0000000080027A72] -> 0x01C0
[5569] [M]: 0x0000000080027A70 (0x01C0006F) jal zero, 0x1c
mem[X,0x0000000080027A8C] -> 0xB023
mem[X,0x0000000080027A8E] -> 0x2E20
[5570] [M]: 0x0000000080027A8C (0x2E20B023) sd sp, 0x2e0(ra)
mem[0x0000000080045CB8] <- 0x0000000000000001
mem[X,0x0000000080027A90] -> 0x0513
mem[X,0x0000000080027A92] -> 0x0020
[5571] [M]: 0x0000000080027A90 (0x00200513) addi a0, zero, 0x2
x10 <- 0x0000000000000002
mem[X,0x0000000080027A94] -> 0x0593
mem[X,0x0000000080027A96] -> 0x0050
[5572] [M]: 0x0000000080027A94 (0x00500593) addi a1, zero, 0x5
x11 <- 0x0000000000000005
mem[X,0x0000000080027A98] -> 0x0113
mem[X,0x0000000080027A9A] -> 0x0000
[5573] [M]: 0x0000000080027A98 (0x00000113) addi sp, zero, 0x0
x2 <- 0x0000000000000000
mem[X,0x0000000080027A9C] -> 0x006F
mem[X,0x0000000080027A9E] -> 0x00C0
[5574] [M]: 0x0000000080027A9C (0x00C0006F) jal zero, 0xc
mem[X,0x0000000080027AA8] -> 0x1663
mem[X,0x0000000080027AAA] -> 0x00B5
[5575] [M]: 0x0000000080027AA8 (0x00B51663) bne a0, a1, 0xc
mem[X,0x0000000080027AB4] -> 0x0113
mem[X,0x0000000080027AB6] -> 0x0031
[5576] [M]: 0x0000000080027AB4 (0x00310113) addi sp, sp, 0x3
x2 <- 0x0000000000000003
mem[X,0x0000000080027AB8] -> 0x006F
mem[X,0x0000000080027ABA] -> 0x0040
[5577] [M]: 0x0000000080027AB8 (0x0040006F) jal zero, 0x4
mem[X,0x0000000080027ABC] -> 0xB423
mem[X,0x0000000080027ABE] -> 0x2E20
[5578] [M]: 0x0000000080027ABC (0x2E20B423) sd sp, 0x2e8(ra)
mem[0x0000000080045CC0] <- 0x0000000000000003
mem[X,0x0000000080027AC0] -> 0x0513
mem[X,0x0000000080027AC2] -> 0x0020
[5579] [M]: 0x0000000080027AC0 (0x00200513) addi a0, zero, 0x2
x10 <- 0x0000000000000002
mem[X,0x0000000080027AC4] -> 0x35B7
mem[X,0x0000000080027AC6] -> 0x3333
[5580] [M]: 0x0000000080027AC4 (0x333335B7) lui a1, 0x33333
x11 <- 0x0000000033333000
mem[X,0x0000000080027AC8] -> 0x8593
mem[X,0x0000000080027ACA] -> 0x3335
[5581] [M]: 0x0000000080027AC8 (0x33358593) addi a1, a1, 0x333
x11 <- 0x0000000033333333
mem[X,0x0000000080027ACC] -> 0x9593
mem[X,0x0000000080027ACE] -> 0x00B5
[5582] [M]: 0x0000000080027ACC (0x00B59593) slli a1, a1, 0xb
x11 <- 0x0000019999999800
mem[X,0x0000000080027AD0] -> 0x8593
mem[X,0x0000000080027AD2] -> 0x1995
[5583] [M]: 0x0000000080027AD0 (0x19958593) addi a1, a1, 0x199
x11 <- 0x0000019999999999
mem[X,0x0000000080027AD4] -> 0x9593
mem[X,0x0000000080027AD6] -> 0x00B5
[5584] [M]: 0x0000000080027AD4 (0x00B59593) slli a1, a1, 0xb
x11 <- 0x000CCCCCCCCCC800
mem[X,0x0000000080027AD8] -> 0x8593
mem[X,0x0000000080027ADA] -> 0x4CC5
[5585] [M]: 0x0000000080027AD8 (0x4CC58593) addi a1, a1, 0x4cc
x11 <- 0x000CCCCCCCCCCCCC
mem[X,0x0000000080027ADC] -> 0x9593
mem[X,0x0000000080027ADE] -> 0x00A5
[5586] [M]: 0x0000000080027ADC (0x00A59593) slli a1, a1, 0xa
x11 <- 0x3333333333333000
mem[X,0x0000000080027AE0] -> 0x8593
mem[X,0x0000000080027AE2] -> 0x3335
[5587] [M]: 0x0000000080027AE0 (0x33358593) addi a1, a1, 0x333
x11 <- 0x3333333333333333
mem[X,0x0000000080027AE4] -> 0x0113
mem[X,0x0000000080027AE6] -> 0x0000
[5588] [M]: 0x0000000080027AE4 (0x00000113) addi sp, zero, 0x0
x2 <- 0x0000000000000000
mem[X,0x0000000080027AE8] -> 0x006F
mem[X,0x0000000080027AEA] -> 0x00C0
[5589] [M]: 0x0000000080027AE8 (0x00C0006F) jal zero, 0xc
mem[X,0x0000000080027AF4] -> 0x1663
mem[X,0x0000000080027AF6] -> 0x00B5
[5590] [M]: 0x0000000080027AF4 (0x00B51663) bne a0, a1, 0xc
mem[X,0x0000000080027B00] -> 0x0113
mem[X,0x0000000080027B02] -> 0x0031
[5591] [M]: 0x0000000080027B00 (0x00310113) addi sp, sp, 0x3
x2 <- 0x0000000000000003
mem[X,0x0000000080027B04] -> 0x006F
mem[X,0x0000000080027B06] -> 0x0040
[5592] [M]: 0x0000000080027B04 (0x0040006F) jal zero, 0x4
mem[X,0x0000000080027B08] -> 0xB823
mem[X,0x0000000080027B0A] -> 0x2E20
[5593] [M]: 0x0000000080027B08 (0x2E20B823) sd sp, 0x2f0(ra)
mem[0x0000000080045CC8] <- 0x0000000000000003
mem[X,0x0000000080027B0C] -> 0x0513
mem[X,0x0000000080027B0E] -> 0x0020
[5594] [M]: 0x0000000080027B0C (0x00200513) addi a0, zero, 0x2
x10 <- 0x0000000000000002
mem[X,0x0000000080027B10] -> 0x65B7
mem[X,0x0000000080027B12] -> 0x6666
[5595] [M]: 0x0000000080027B10 (0x666665B7) lui a1, 0x66666
x11 <- 0x0000000066666000
mem[X,0x0000000080027B14] -> 0x8593
mem[X,0x0000000080027B16] -> 0x6665
[5596] [M]: 0x0000000080027B14 (0x66658593) addi a1, a1, 0x666
x11 <- 0x0000000066666666
mem[X,0x0000000080027B18] -> 0x9593
mem[X,0x0000000080027B1A] -> 0x00B5
[5597] [M]: 0x0000000080027B18 (0x00B59593) slli a1, a1, 0xb
x11 <- 0x0000033333333000
mem[X,0x0000000080027B1C] -> 0x8593
mem[X,0x0000000080027B1E] -> 0x3335
[5598] [M]: 0x0000000080027B1C (0x33358593) addi a1, a1, 0x333
x11 <- 0x0000033333333333
mem[X,0x0000000080027B20] -> 0x9593
mem[X,0x0000000080027B22] -> 0x00B5
[5599] [M]: 0x0000000080027B20 (0x00B59593) slli a1, a1, 0xb
x11 <- 0x0019999999999800
clint::tick mtime <- 0x0000000000000038
 clint timer pending at mtime 0x0000000000000038
htif::tick 0x0000000000000000
mem[X,0x0000000080027B24] -> 0x8593
mem[X,0x0000000080027B26] -> 0x1995
[5600] [M]: 0x0000000080027B24 (0x19958593) addi a1, a1, 0x199
x11 <- 0x0019999999999999
mem[X,0x0000000080027B28] -> 0x9593
mem[X,0x0000000080027B2A] -> 0x00A5
[5601] [M]: 0x0000000080027B28 (0x00A59593) slli a1, a1, 0xa
x11 <- 0x6666666666666400
mem[X,0x0000000080027B2C] -> 0x8593
mem[X,0x0000000080027B2E] -> 0x2665
[5602] [M]: 0x0000000080027B2C (0x26658593) addi a1, a1, 0x266
x11 <- 0x6666666666666666
mem[X,0x0000000080027B30] -> 0x0113
mem[X,0x0000000080027B32] -> 0x0000
[5603] [M]: 0x0000000080027B30 (0x00000113) addi sp, zero, 0x0
x2 <- 0x0000000000000000
mem[X,0x0000000080027B34] -> 0x006F
mem[X,0x0000000080027B36] -> 0x0140
[5604] [M]: 0x0000000080027B34 (0x0140006F) jal zero, 0x14
mem[X,0x0000000080027B48] -> 0x18E3
mem[X,0x0000000080027B4A] -> 0xFEB5
[5605] [M]: 0x0000000080027B48 (0xFEB518E3) bne a0, a1, -0x10
mem[X,0x0000000080027B38] -> 0x0113
mem[X,0x0000000080027B3A] -> 0x0011
[5606] [M]: 0x0000000080027B38 (0x00110113) addi sp, sp, 0x1
x2 <- 0x0000000000000001
mem[X,0x0000000080027B3C] -> 0x006F
mem[X,0x0000000080027B3E] -> 0x0200
[5607] [M]: 0x0000000080027B3C (0x0200006F) jal zero, 0x20
mem[X,0x0000000080027B5C] -> 0xBC23
mem[X,0x0000000080027B5E] -> 0x2E20
[5608] [M]: 0x0000000080027B5C (0x2E20BC23) sd sp, 0x2f8(ra)
mem[0x0000000080045CD0] <- 0x0000000000000001
mem[X,0x0000000080027B60] -> 0x0513
mem[X,0x0000000080027B62] -> 0x0020
[5609] [M]: 0x0000000080027B60 (0x00200513) addi a0, zero, 0x2
x10 <- 0x0000000000000002
mem[X,0x0000000080027B64] -> 0x05B7
mem[X,0x0000000080027B66] -> 0x0000
[5610] [M]: 0x0000000080027B64 (0x000005B7) lui a1, 0x0
x11 <- 0x0000000000000000
mem[X,0x0000000080027B68] -> 0x8593
mem[X,0x0000000080027B6A] -> 0xFFF5
[5611] [M]: 0x0000000080027B68 (0xFFF58593) addi a1, a1, -0x1
x11 <- 0xFFFFFFFFFFFFFFFF
mem[X,0x0000000080027B6C] -> 0x9593
mem[X,0x0000000080027B6E] -> 0x00B5
[5612] [M]: 0x0000000080027B6C (0x00B59593) slli a1, a1, 0xb
x11 <- 0xFFFFFFFFFFFFF800
mem[X,0x0000000080027B70] -> 0x8593
mem[X,0x0000000080027B72] -> 0x2575
[5613] [M]: 0x0000000080027B70 (0x25758593) addi a1, a1, 0x257
x11 <- 0xFFFFFFFFFFFFFA57
mem[X,0x0000000080027B74] -> 0x9593
mem[X,0x0000000080027B76] -> 0x00B5
[5614] [M]: 0x0000000080027B74 (0x00B59593) slli a1, a1, 0xb
x11 <- 0xFFFFFFFFFFD2B800
mem[X,0x0000000080027B78] -> 0x8593
mem[X,0x0000000080027B7A] -> 0x6C35
[5615] [M]: 0x0000000080027B78 (0x6C358593) addi a1, a1, 0x6c3
x11 <- 0xFFFFFFFFFFD2BEC3
mem[X,0x0000000080027B7C] -> 0x9593
mem[X,0x0000000080027B7E] -> 0x00A5
[5616] [M]: 0x0000000080027B7C (0x00A59593) slli a1, a1, 0xa
x11 <- 0xFFFFFFFF4AFB0C00
mem[X,0x0000000080027B80] -> 0x8593
mem[X,0x0000000080027B82] -> 0x0CD5
[5617] [M]: 0x0000000080027B80 (0x0CD58593) addi a1, a1, 0xcd
x11 <- 0xFFFFFFFF4AFB0CCD
mem[X,0x0000000080027B84] -> 0x0113
mem[X,0x0000000080027B86] -> 0x0000
[5618] [M]: 0x0000000080027B84 (0x00000113) addi sp, zero, 0x0
x2 <- 0x0000000000000000
mem[X,0x0000000080027B88] -> 0x006F
mem[X,0x0000000080027B8A] -> 0x00C0
[5619] [M]: 0x0000000080027B88 (0x00C0006F) jal zero, 0xc
mem[X,0x0000000080027B94] -> 0x1063
mem[X,0x0000000080027B96] -> 0x02B5
[5620] [M]: 0x0000000080027B94 (0x02B51063) bne a0, a1, 0x20
mem[X,0x0000000080027BB4] -> 0x0113
mem[X,0x0000000080027BB6] -> 0x0031
[5621] [M]: 0x0000000080027BB4 (0x00310113) addi sp, sp, 0x3
x2 <- 0x0000000000000003
mem[X,0x0000000080027BB8] -> 0x006F
mem[X,0x0000000080027BBA] -> 0x0040
[5622] [M]: 0x0000000080027BB8 (0x0040006F) jal zero, 0x4
mem[X,0x0000000080027BBC] -> 0xB023
mem[X,0x0000000080027BBE] -> 0x3020
[5623] [M]: 0x0000000080027BBC (0x3020B023) sd sp, 0x300(ra)
mem[0x0000000080045CD8] <- 0x0000000000000003
mem[X,0x0000000080027BC0] -> 0x0513
mem[X,0x0000000080027BC2] -> 0x0020
[5624] [M]: 0x0000000080027BC0 (0x00200513) addi a0, zero, 0x2
x10 <- 0x0000000000000002
mem[X,0x0000000080027BC4] -> 0x05B7
mem[X,0x0000000080027BC6] -> 0x0000
[5625] [M]: 0x0000000080027BC4 (0x000005B7) lui a1, 0x0
x11 <- 0x0000000000000000
mem[X,0x0000000080027BC8] -> 0x8593
mem[X,0x0000000080027BCA] -> 0x0005
[5626] [M]: 0x0000000080027BC8 (0x00058593) addi a1, a1, 0x0
x11 <- 0x0000000000000000
mem[X,0x0000000080027BCC] -> 0x9593
mem[X,0x0000000080027BCE] -> 0x00B5
[5627] [M]: 0x0000000080027BCC (0x00B59593) slli a1, a1, 0xb
x11 <- 0x0000000000000000
mem[X,0x0000000080027BD0] -> 0x8593
mem[X,0x0000000080027BD2] -> 0x5A85
[5628] [M]: 0x0000000080027BD0 (0x5A858593) addi a1, a1, 0x5a8
x11 <- 0x00000000000005A8
mem[X,0x0000000080027BD4] -> 0x9593
mem[X,0x0000000080027BD6] -> 0x00B5
[5629] [M]: 0x0000000080027BD4 (0x00B59593) slli a1, a1, 0xb
x11 <- 0x00000000002D4000
mem[X,0x0000000080027BD8] -> 0x8593
mem[X,0x0000000080027BDA] -> 0x13C5
[5630] [M]: 0x0000000080027BD8 (0x13C58593) addi a1, a1, 0x13c
x11 <- 0x00000000002D413C
mem[X,0x0000000080027BDC] -> 0x9593
mem[X,0x0000000080027BDE] -> 0x00A5
[5631] [M]: 0x0000000080027BDC (0x00A59593) slli a1, a1, 0xa
x11 <- 0x00000000B504F000
mem[X,0x0000000080027BE0] -> 0x8593
mem[X,0x0000000080027BE2] -> 0x3335
[5632] [M]: 0x0000000080027BE0 (0x33358593) addi a1, a1, 0x333
x11 <- 0x00000000B504F333
mem[X,0x0000000080027BE4] -> 0x0113
mem[X,0x0000000080027BE6] -> 0x0000
[5633] [M]: 0x0000000080027BE4 (0x00000113) addi sp, zero, 0x0
x2 <- 0x0000000000000000
mem[X,0x0000000080027BE8] -> 0x006F
mem[X,0x0000000080027BEA] -> 0x2B10
[5634] [M]: 0x0000000080027BE8 (0x2B10006F) jal zero, 0xab0
mem[X,0x0000000080028698] -> 0x1A63
mem[X,0x000000008002869A] -> 0xD4B5
[5635] [M]: 0x0000000080028698 (0xD4B51A63) bne a0, a1, -0xaac
mem[X,0x0000000080027BEC] -> 0x0113
mem[X,0x0000000080027BEE] -> 0x0011
[5636] [M]: 0x0000000080027BEC (0x00110113) addi sp, sp, 0x1
x2 <- 0x0000000000000001
mem[X,0x0000000080027BF0] -> 0x006F
mem[X,0x0000000080027BF2] -> 0x2BD0
[5637] [M]: 0x0000000080027BF0 (0x2BD0006F) jal zero, 0xabc
mem[X,0x00000000800286AC] -> 0xB423
mem[X,0x00000000800286AE] -> 0x3020
[5638] [M]: 0x00000000800286AC (0x3020B423) sd sp, 0x308(ra)
mem[0x0000000080045CE0] <- 0x0000000000000001
mem[X,0x00000000800286B0] -> 0x0513
mem[X,0x00000000800286B2] -> 0x0020
[5639] [M]: 0x00000000800286B0 (0x00200513) addi a0, zero, 0x2
x10 <- 0x0000000000000002
mem[X,0x00000000800286B4] -> 0x0593
mem[X,0x00000000800286B6] -> 0x0020
[5640] [M]: 0x00000000800286B4 (0x00200593) addi a1, zero, 0x2
x11 <- 0x0000000000000002
mem[X,0x00000000800286B8] -> 0x0113
mem[X,0x00000000800286BA] -> 0x0000
[5641] [M]: 0x00000000800286B8 (0x00000113) addi sp, zero, 0x0
x2 <- 0x0000000000000000
mem[X,0x00000000800286BC] -> 0x006F
mem[X,0x00000000800286BE] -> 0x00C0
[5642] [M]: 0x00000000800286BC (0x00C0006F) jal zero, 0xc
mem[X,0x00000000800286C8] -> 0x1CE3
mem[X,0x00000000800286CA] -> 0xFEB5
[5643] [M]: 0x00000000800286C8 (0xFEB51CE3) bne a0, a1, -0x8
mem[X,0x00000000800286CC] -> 0x0113
mem[X,0x00000000800286CE] -> 0x0021
[5644] [M]: 0x00000000800286CC (0x00210113) addi sp, sp, 0x2
x2 <- 0x0000000000000002
mem[X,0x00000000800286D0] -> 0x006F
mem[X,0x00000000800286D2] -> 0x00C0
[5645] [M]: 0x00000000800286D0 (0x00C0006F) jal zero, 0xc
mem[X,0x00000000800286DC] -> 0xB823
mem[X,0x00000000800286DE] -> 0x3020
[5646] [M]: 0x00000000800286DC (0x3020B823) sd sp, 0x310(ra)
mem[0x0000000080045CE8] <- 0x0000000000000002
mem[X,0x00000000800286E0] -> 0x0513
mem[X,0x00000000800286E2] -> 0x0020
[5647] [M]: 0x00000000800286E0 (0x00200513) addi a0, zero, 0x2
x10 <- 0x0000000000000002
mem[X,0x00000000800286E4] -> 0x55B7
mem[X,0x00000000800286E6] -> 0x5555
[5648] [M]: 0x00000000800286E4 (0x555555B7) lui a1, 0x55555
x11 <- 0x0000000055555000
mem[X,0x00000000800286E8] -> 0x8593
mem[X,0x00000000800286EA] -> 0x5555
[5649] [M]: 0x00000000800286E8 (0x55558593) addi a1, a1, 0x555
x11 <- 0x0000000055555555
mem[X,0x00000000800286EC] -> 0x9593
mem[X,0x00000000800286EE] -> 0x00B5
[5650] [M]: 0x00000000800286EC (0x00B59593) slli a1, a1, 0xb
x11 <- 0x000002AAAAAAA800
mem[X,0x00000000800286F0] -> 0x8593
mem[X,0x00000000800286F2] -> 0x2AA5
[5651] [M]: 0x00000000800286F0 (0x2AA58593) addi a1, a1, 0x2aa
x11 <- 0x000002AAAAAAAAAA
mem[X,0x00000000800286F4] -> 0x9593
mem[X,0x00000000800286F6] -> 0x00B5
[5652] [M]: 0x00000000800286F4 (0x00B59593) slli a1, a1, 0xb
x11 <- 0x0015555555555000
mem[X,0x00000000800286F8] -> 0x8593
mem[X,0x00000000800286FA] -> 0x5555
[5653] [M]: 0x00000000800286F8 (0x55558593) addi a1, a1, 0x555
x11 <- 0x0015555555555555
mem[X,0x00000000800286FC] -> 0x9593
mem[X,0x00000000800286FE] -> 0x00A5
[5654] [M]: 0x00000000800286FC (0x00A59593) slli a1, a1, 0xa
x11 <- 0x5555555555555400
mem[X,0x0000000080028700] -> 0x8593
mem[X,0x0000000080028702] -> 0x1545
[5655] [M]: 0x0000000080028700 (0x15458593) addi a1, a1, 0x154
x11 <- 0x5555555555555554
mem[X,0x0000000080028704] -> 0x0113
mem[X,0x0000000080028706] -> 0x0000
[5656] [M]: 0x0000000080028704 (0x00000113) addi sp, zero, 0x0
x2 <- 0x0000000000000000
mem[X,0x0000000080028708] -> 0x006F
mem[X,0x000000008002870A] -> 0x00C0
[5657] [M]: 0x0000000080028708 (0x00C0006F) jal zero, 0xc
mem[X,0x0000000080028714] -> 0x1063
mem[X,0x0000000080028716] -> 0x02B5
[5658] [M]: 0x0000000080028714 (0x02B51063) bne a0, a1, 0x20
mem[X,0x0000000080028734] -> 0x0113
mem[X,0x0000000080028736] -> 0x0031
[5659] [M]: 0x0000000080028734 (0x00310113) addi sp, sp, 0x3
x2 <- 0x0000000000000003
mem[X,0x0000000080028738] -> 0x006F
mem[X,0x000000008002873A] -> 0x0040
[5660] [M]: 0x0000000080028738 (0x0040006F) jal zero, 0x4
mem[X,0x000000008002873C] -> 0xBC23
mem[X,0x000000008002873E] -> 0x3020
[5661] [M]: 0x000000008002873C (0x3020BC23) sd sp, 0x318(ra)
mem[0x0000000080045CF0] <- 0x0000000000000003
mem[X,0x0000000080028740] -> 0x0513
mem[X,0x0000000080028742] -> 0x0020
[5662] [M]: 0x0000000080028740 (0x00200513) addi a0, zero, 0x2
x10 <- 0x0000000000000002
mem[X,0x0000000080028744] -> 0x0593
mem[X,0x0000000080028746] -> 0x0000
[5663] [M]: 0x0000000080028744 (0x00000593) addi a1, zero, 0x0
x11 <- 0x0000000000000000
mem[X,0x0000000080028748] -> 0x0113
mem[X,0x000000008002874A] -> 0x0000
[5664] [M]: 0x0000000080028748 (0x00000113) addi sp, zero, 0x0
x2 <- 0x0000000000000000
mem[X,0x000000008002874C] -> 0x006F
mem[X,0x000000008002874E] -> 0x00C0
[5665] [M]: 0x000000008002874C (0x00C0006F) jal zero, 0xc
mem[X,0x0000000080028758] -> 0x1063
mem[X,0x000000008002875A] -> 0x02B5
[5666] [M]: 0x0000000080028758 (0x02B51063) bne a0, a1, 0x20
mem[X,0x0000000080028778] -> 0x0113
mem[X,0x000000008002877A] -> 0x0031
[5667] [M]: 0x0000000080028778 (0x00310113) addi sp, sp, 0x3
x2 <- 0x0000000000000003
mem[X,0x000000008002877C] -> 0x006F
mem[X,0x000000008002877E] -> 0x0040
[5668] [M]: 0x000000008002877C (0x0040006F) jal zero, 0x4
mem[X,0x0000000080028780] -> 0xB023
mem[X,0x0000000080028782] -> 0x3220
[5669] [M]: 0x0000000080028780 (0x3220B023) sd sp, 0x320(ra)
mem[0x0000000080045CF8] <- 0x0000000000000003
mem[X,0x0000000080028784] -> 0x0513
mem[X,0x0000000080028786] -> 0x0020
[5670] [M]: 0x0000000080028784 (0x00200513) addi a0, zero, 0x2
x10 <- 0x0000000000000002
mem[X,0x0000000080028788] -> 0x0593
mem[X,0x000000008002878A] -> 0x0040
[5671] [M]: 0x0000000080028788 (0x00400593) addi a1, zero, 0x4
x11 <- 0x0000000000000004
mem[X,0x000000008002878C] -> 0x0113
mem[X,0x000000008002878E] -> 0x0000
[5672] [M]: 0x000000008002878C (0x00000113) addi sp, zero, 0x0
x2 <- 0x0000000000000000
mem[X,0x0000000080028790] -> 0x006F
mem[X,0x0000000080028792] -> 0x00C0
[5673] [M]: 0x0000000080028790 (0x00C0006F) jal zero, 0xc
mem[X,0x000000008002879C] -> 0x1063
mem[X,0x000000008002879E] -> 0x02B5
[5674] [M]: 0x000000008002879C (0x02B51063) bne a0, a1, 0x20
mem[X,0x00000000800287BC] -> 0x0113
mem[X,0x00000000800287BE] -> 0x0031
[5675] [M]: 0x00000000800287BC (0x00310113) addi sp, sp, 0x3
x2 <- 0x0000000000000003
mem[X,0x00000000800287C0] -> 0x006F
mem[X,0x00000000800287C2] -> 0x0040
[5676] [M]: 0x00000000800287C0 (0x0040006F) jal zero, 0x4
mem[X,0x00000000800287C4] -> 0xB423
mem[X,0x00000000800287C6] -> 0x3220
[5677] [M]: 0x00000000800287C4 (0x3220B423) sd sp, 0x328(ra)
mem[0x0000000080045D00] <- 0x0000000000000003
mem[X,0x00000000800287C8] -> 0x0513
mem[X,0x00000000800287CA] -> 0x0020
[5678] [M]: 0x00000000800287C8 (0x00200513) addi a0, zero, 0x2
x10 <- 0x0000000000000002
mem[X,0x00000000800287CC] -> 0x35B7
mem[X,0x00000000800287CE] -> 0x3333
[5679] [M]: 0x00000000800287CC (0x333335B7) lui a1, 0x33333
x11 <- 0x0000000033333000
mem[X,0x00000000800287D0] -> 0x8593
mem[X,0x00000000800287D2] -> 0x3335
[5680] [M]: 0x00000000800287D0 (0x33358593) addi a1, a1, 0x333
x11 <- 0x0000000033333333
mem[X,0x00000000800287D4] -> 0x9593
mem[X,0x00000000800287D6] -> 0x00B5
[5681] [M]: 0x00000000800287D4 (0x00B59593) slli a1, a1, 0xb
x11 <- 0x0000019999999800
mem[X,0x00000000800287D8] -> 0x8593
mem[X,0x00000000800287DA] -> 0x1995
[5682] [M]: 0x00000000800287D8 (0x19958593) addi a1, a1, 0x199
x11 <- 0x0000019999999999
mem[X,0x00000000800287DC] -> 0x9593
mem[X,0x00000000800287DE] -> 0x00B5
[5683] [M]: 0x00000000800287DC (0x00B59593) slli a1, a1, 0xb
x11 <- 0x000CCCCCCCCCC800
mem[X,0x00000000800287E0] -> 0x8593
mem[X,0x00000000800287E2] -> 0x4CC5
[5684] [M]: 0x00000000800287E0 (0x4CC58593) addi a1, a1, 0x4cc
x11 <- 0x000CCCCCCCCCCCCC
mem[X,0x00000000800287E4] -> 0x9593
mem[X,0x00000000800287E6] -> 0x00A5
[5685] [M]: 0x00000000800287E4 (0x00A59593) slli a1, a1, 0xa
x11 <- 0x3333333333333000
mem[X,0x00000000800287E8] -> 0x8593
mem[X,0x00000000800287EA] -> 0x3325
[5686] [M]: 0x00000000800287E8 (0x33258593) addi a1, a1, 0x332
x11 <- 0x3333333333333332
mem[X,0x00000000800287EC] -> 0x0113
mem[X,0x00000000800287EE] -> 0x0000
[5687] [M]: 0x00000000800287EC (0x00000113) addi sp, zero, 0x0
x2 <- 0x0000000000000000
mem[X,0x00000000800287F0] -> 0x006F
mem[X,0x00000000800287F2] -> 0x00C0
[5688] [M]: 0x00000000800287F0 (0x00C0006F) jal zero, 0xc
mem[X,0x00000000800287FC] -> 0x1663
mem[X,0x00000000800287FE] -> 0x00B5
[5689] [M]: 0x00000000800287FC (0x00B51663) bne a0, a1, 0xc
mem[X,0x0000000080028808] -> 0x0113
mem[X,0x000000008002880A] -> 0x0031
[5690] [M]: 0x0000000080028808 (0x00310113) addi sp, sp, 0x3
x2 <- 0x0000000000000003
mem[X,0x000000008002880C] -> 0x006F
mem[X,0x000000008002880E] -> 0x0040
[5691] [M]: 0x000000008002880C (0x0040006F) jal zero, 0x4
mem[X,0x0000000080028810] -> 0xB823
mem[X,0x0000000080028812] -> 0x3220
[5692] [M]: 0x0000000080028810 (0x3220B823) sd sp, 0x330(ra)
mem[0x0000000080045D08] <- 0x0000000000000003
mem[X,0x0000000080028814] -> 0x0513
mem[X,0x0000000080028816] -> 0x0020
[5693] [M]: 0x0000000080028814 (0x00200513) addi a0, zero, 0x2
x10 <- 0x0000000000000002
mem[X,0x0000000080028818] -> 0x65B7
mem[X,0x000000008002881A] -> 0x6666
[5694] [M]: 0x0000000080028818 (0x666665B7) lui a1, 0x66666
x11 <- 0x0000000066666000
mem[X,0x000000008002881C] -> 0x8593
mem[X,0x000000008002881E] -> 0x6665
[5695] [M]: 0x000000008002881C (0x66658593) addi a1, a1, 0x666
x11 <- 0x0000000066666666
mem[X,0x0000000080028820] -> 0x9593
mem[X,0x0000000080028822] -> 0x00B5
[5696] [M]: 0x0000000080028820 (0x00B59593) slli a1, a1, 0xb
x11 <- 0x0000033333333000
mem[X,0x0000000080028824] -> 0x8593
mem[X,0x0000000080028826] -> 0x3335
[5697] [M]: 0x0000000080028824 (0x33358593) addi a1, a1, 0x333
x11 <- 0x0000033333333333
mem[X,0x0000000080028828] -> 0x9593
mem[X,0x000000008002882A] -> 0x00B5
[5698] [M]: 0x0000000080028828 (0x00B59593) slli a1, a1, 0xb
x11 <- 0x0019999999999800
mem[X,0x000000008002882C] -> 0x8593
mem[X,0x000000008002882E] -> 0x1995
[5699] [M]: 0x000000008002882C (0x19958593) addi a1, a1, 0x199
x11 <- 0x0019999999999999
clint::tick mtime <- 0x0000000000000039
 clint timer pending at mtime 0x0000000000000039
htif::tick 0x0000000000000000
mem[X,0x0000000080028830] -> 0x9593
mem[X,0x0000000080028832] -> 0x00A5
[5700] [M]: 0x0000000080028830 (0x00A59593) slli a1, a1, 0xa
x11 <- 0x6666666666666400
mem[X,0x0000000080028834] -> 0x8593
mem[X,0x0000000080028836] -> 0x2655
[5701] [M]: 0x0000000080028834 (0x26558593) addi a1, a1, 0x265
x11 <- 0x6666666666666665
mem[X,0x0000000080028838] -> 0x0113
mem[X,0x000000008002883A] -> 0x0000
[5702] [M]: 0x0000000080028838 (0x00000113) addi sp, zero, 0x0
x2 <- 0x0000000000000000
mem[X,0x000000008002883C] -> 0x006F
mem[X,0x000000008002883E] -> 0x0100
[5703] [M]: 0x000000008002883C (0x0100006F) jal zero, 0x10
mem[X,0x000000008002884C] -> 0x1AE3
mem[X,0x000000008002884E] -> 0xFEB5
[5704] [M]: 0x000000008002884C (0xFEB51AE3) bne a0, a1, -0xc
mem[X,0x0000000080028840] -> 0x0113
mem[X,0x0000000080028842] -> 0x0011
[5705] [M]: 0x0000000080028840 (0x00110113) addi sp, sp, 0x1
x2 <- 0x0000000000000001
mem[X,0x0000000080028844] -> 0x006F
mem[X,0x0000000080028846] -> 0x01C0
[5706] [M]: 0x0000000080028844 (0x01C0006F) jal zero, 0x1c
mem[X,0x0000000080028860] -> 0xBC23
mem[X,0x0000000080028862] -> 0x3220
[5707] [M]: 0x0000000080028860 (0x3220BC23) sd sp, 0x338(ra)
mem[0x0000000080045D10] <- 0x0000000000000001
mem[X,0x0000000080028864] -> 0x0513
mem[X,0x0000000080028866] -> 0x0020
[5708] [M]: 0x0000000080028864 (0x00200513) addi a0, zero, 0x2
x10 <- 0x0000000000000002
mem[X,0x0000000080028868] -> 0x05B7
mem[X,0x000000008002886A] -> 0x0000
[5709] [M]: 0x0000000080028868 (0x000005B7) lui a1, 0x0
x11 <- 0x0000000000000000
mem[X,0x000000008002886C] -> 0x8593
mem[X,0x000000008002886E] -> 0x0005
[5710] [M]: 0x000000008002886C (0x00058593) addi a1, a1, 0x0
x11 <- 0x0000000000000000
mem[X,0x0000000080028870] -> 0x9593
mem[X,0x0000000080028872] -> 0x00B5
[5711] [M]: 0x0000000080028870 (0x00B59593) slli a1, a1, 0xb
x11 <- 0x0000000000000000
mem[X,0x0000000080028874] -> 0x8593
mem[X,0x0000000080028876] -> 0x5A85
[5712] [M]: 0x0000000080028874 (0x5A858593) addi a1, a1, 0x5a8
x11 <- 0x00000000000005A8
mem[X,0x0000000080028878] -> 0x9593
mem[X,0x000000008002887A] -> 0x00B5
[5713] [M]: 0x0000000080028878 (0x00B59593) slli a1, a1, 0xb
x11 <- 0x00000000002D4000
mem[X,0x000000008002887C] -> 0x8593
mem[X,0x000000008002887E] -> 0x13C5
[5714] [M]: 0x000000008002887C (0x13C58593) addi a1, a1, 0x13c
x11 <- 0x00000000002D413C
mem[X,0x0000000080028880] -> 0x9593
mem[X,0x0000000080028882] -> 0x00A5
[5715] [M]: 0x0000000080028880 (0x00A59593) slli a1, a1, 0xa
x11 <- 0x00000000B504F000
mem[X,0x0000000080028884] -> 0x8593
mem[X,0x0000000080028886] -> 0x3325
[5716] [M]: 0x0000000080028884 (0x33258593) addi a1, a1, 0x332
x11 <- 0x00000000B504F332
mem[X,0x0000000080028888] -> 0x0113
mem[X,0x000000008002888A] -> 0x0000
[5717] [M]: 0x0000000080028888 (0x00000113) addi sp, zero, 0x0
x2 <- 0x0000000000000000
mem[X,0x000000008002888C] -> 0x006F
mem[X,0x000000008002888E] -> 0x0180
[5718] [M]: 0x000000008002888C (0x0180006F) jal zero, 0x18
mem[X,0x00000000800288A4] -> 0x16E3
mem[X,0x00000000800288A6] -> 0xFEB5
[5719] [M]: 0x00000000800288A4 (0xFEB516E3) bne a0, a1, -0x14
mem[X,0x0000000080028890] -> 0x0113
mem[X,0x0000000080028892] -> 0x0011
[5720] [M]: 0x0000000080028890 (0x00110113) addi sp, sp, 0x1
x2 <- 0x0000000000000001
mem[X,0x0000000080028894] -> 0x006F
mem[X,0x0000000080028896] -> 0x0240
[5721] [M]: 0x0000000080028894 (0x0240006F) jal zero, 0x24
mem[X,0x00000000800288B8] -> 0xB023
mem[X,0x00000000800288BA] -> 0x3420
[5722] [M]: 0x00000000800288B8 (0x3420B023) sd sp, 0x340(ra)
mem[0x0000000080045D18] <- 0x0000000000000001
mem[X,0x00000000800288BC] -> 0x0513
mem[X,0x00000000800288BE] -> 0x0020
[5723] [M]: 0x00000000800288BC (0x00200513) addi a0, zero, 0x2
x10 <- 0x0000000000000002
mem[X,0x00000000800288C0] -> 0x55B7
mem[X,0x00000000800288C2] -> 0x5555
[5724] [M]: 0x00000000800288C0 (0x555555B7) lui a1, 0x55555
x11 <- 0x0000000055555000
mem[X,0x00000000800288C4] -> 0x8593
mem[X,0x00000000800288C6] -> 0x5555
[5725] [M]: 0x00000000800288C4 (0x55558593) addi a1, a1, 0x555
x11 <- 0x0000000055555555
mem[X,0x00000000800288C8] -> 0x9593
mem[X,0x00000000800288CA] -> 0x00B5
[5726] [M]: 0x00000000800288C8 (0x00B59593) slli a1, a1, 0xb
x11 <- 0x000002AAAAAAA800
mem[X,0x00000000800288CC] -> 0x8593
mem[X,0x00000000800288CE] -> 0x2AA5
[5727] [M]: 0x00000000800288CC (0x2AA58593) addi a1, a1, 0x2aa
x11 <- 0x000002AAAAAAAAAA
mem[X,0x00000000800288D0] -> 0x9593
mem[X,0x00000000800288D2] -> 0x00B5
[5728] [M]: 0x00000000800288D0 (0x00B59593) slli a1, a1, 0xb
x11 <- 0x0015555555555000
mem[X,0x00000000800288D4] -> 0x8593
mem[X,0x00000000800288D6] -> 0x5555
[5729] [M]: 0x00000000800288D4 (0x55558593) addi a1, a1, 0x555
x11 <- 0x0015555555555555
mem[X,0x00000000800288D8] -> 0x9593
mem[X,0x00000000800288DA] -> 0x00A5
[5730] [M]: 0x00000000800288D8 (0x00A59593) slli a1, a1, 0xa
x11 <- 0x5555555555555400
mem[X,0x00000000800288DC] -> 0x8593
mem[X,0x00000000800288DE] -> 0x1565
[5731] [M]: 0x00000000800288DC (0x15658593) addi a1, a1, 0x156
x11 <- 0x5555555555555556
mem[X,0x00000000800288E0] -> 0x0113
mem[X,0x00000000800288E2] -> 0x0000
[5732] [M]: 0x00000000800288E0 (0x00000113) addi sp, zero, 0x0
x2 <- 0x0000000000000000
mem[X,0x00000000800288E4] -> 0x006F
mem[X,0x00000000800288E6] -> 0x00C0
[5733] [M]: 0x00000000800288E4 (0x00C0006F) jal zero, 0xc
mem[X,0x00000000800288F0] -> 0x1663
mem[X,0x00000000800288F2] -> 0x00B5
[5734] [M]: 0x00000000800288F0 (0x00B51663) bne a0, a1, 0xc
mem[X,0x00000000800288FC] -> 0x0113
mem[X,0x00000000800288FE] -> 0x0031
[5735] [M]: 0x00000000800288FC (0x00310113) addi sp, sp, 0x3
x2 <- 0x0000000000000003
mem[X,0x0000000080028900] -> 0x006F
mem[X,0x0000000080028902] -> 0x0040
[5736] [M]: 0x0000000080028900 (0x0040006F) jal zero, 0x4
mem[X,0x0000000080028904] -> 0xB423
mem[X,0x0000000080028906] -> 0x3420
[5737] [M]: 0x0000000080028904 (0x3420B423) sd sp, 0x348(ra)
mem[0x0000000080045D20] <- 0x0000000000000003
mem[X,0x0000000080028908] -> 0x0513
mem[X,0x000000008002890A] -> 0x0020
[5738] [M]: 0x0000000080028908 (0x00200513) addi a0, zero, 0x2
x10 <- 0x0000000000000002
mem[X,0x000000008002890C] -> 0xB5B7
mem[X,0x000000008002890E] -> 0xAAAA
[5739] [M]: 0x000000008002890C (0xAAAAB5B7) lui a1, -0x55555
x11 <- 0xFFFFFFFFAAAAB000
mem[X,0x0000000080028910] -> 0x8593
mem[X,0x0000000080028912] -> 0xAAA5
[5740] [M]: 0x0000000080028910 (0xAAA58593) addi a1, a1, -0x556
x11 <- 0xFFFFFFFFAAAAAAAA
mem[X,0x0000000080028914] -> 0x9593
mem[X,0x0000000080028916] -> 0x00B5
[5741] [M]: 0x0000000080028914 (0x00B59593) slli a1, a1, 0xb
x11 <- 0xFFFFFD5555555000
mem[X,0x0000000080028918] -> 0x8593
mem[X,0x000000008002891A] -> 0x5555
[5742] [M]: 0x0000000080028918 (0x55558593) addi a1, a1, 0x555
x11 <- 0xFFFFFD5555555555
mem[X,0x000000008002891C] -> 0x9593
mem[X,0x000000008002891E] -> 0x00B5
[5743] [M]: 0x000000008002891C (0x00B59593) slli a1, a1, 0xb
x11 <- 0xFFEAAAAAAAAAA800
mem[X,0x0000000080028920] -> 0x8593
mem[X,0x0000000080028922] -> 0x2AA5
[5744] [M]: 0x0000000080028920 (0x2AA58593) addi a1, a1, 0x2aa
x11 <- 0xFFEAAAAAAAAAAAAA
mem[X,0x0000000080028924] -> 0x9593
mem[X,0x0000000080028926] -> 0x00A5
[5745] [M]: 0x0000000080028924 (0x00A59593) slli a1, a1, 0xa
x11 <- 0xAAAAAAAAAAAAA800
mem[X,0x0000000080028928] -> 0x8593
mem[X,0x000000008002892A] -> 0x2AB5
[5746] [M]: 0x0000000080028928 (0x2AB58593) addi a1, a1, 0x2ab
x11 <- 0xAAAAAAAAAAAAAAAB
mem[X,0x000000008002892C] -> 0x0113
mem[X,0x000000008002892E] -> 0x0000
[5747] [M]: 0x000000008002892C (0x00000113) addi sp, zero, 0x0
x2 <- 0x0000000000000000
mem[X,0x0000000080028930] -> 0x006F
mem[X,0x0000000080028932] -> 0x00C0
[5748] [M]: 0x0000000080028930 (0x00C0006F) jal zero, 0xc
mem[X,0x000000008002893C] -> 0x1663
mem[X,0x000000008002893E] -> 0x00B5
[5749] [M]: 0x000000008002893C (0x00B51663) bne a0, a1, 0xc
mem[X,0x0000000080028948] -> 0x0113
mem[X,0x000000008002894A] -> 0x0031
[5750] [M]: 0x0000000080028948 (0x00310113) addi sp, sp, 0x3
x2 <- 0x0000000000000003
mem[X,0x000000008002894C] -> 0x006F
mem[X,0x000000008002894E] -> 0x0040
[5751] [M]: 0x000000008002894C (0x0040006F) jal zero, 0x4
mem[X,0x0000000080028950] -> 0xB823
mem[X,0x0000000080028952] -> 0x3420
[5752] [M]: 0x0000000080028950 (0x3420B823) sd sp, 0x350(ra)
mem[0x0000000080045D28] <- 0x0000000000000003
mem[X,0x0000000080028954] -> 0x0513
mem[X,0x0000000080028956] -> 0x0020
[5753] [M]: 0x0000000080028954 (0x00200513) addi a0, zero, 0x2
x10 <- 0x0000000000000002
mem[X,0x0000000080028958] -> 0x0593
mem[X,0x000000008002895A] -> 0x0060
[5754] [M]: 0x0000000080028958 (0x00600593) addi a1, zero, 0x6
x11 <- 0x0000000000000006
mem[X,0x000000008002895C] -> 0x0113
mem[X,0x000000008002895E] -> 0x0000
[5755] [M]: 0x000000008002895C (0x00000113) addi sp, zero, 0x0
x2 <- 0x0000000000000000
mem[X,0x0000000080028960] -> 0x006F
mem[X,0x0000000080028962] -> 0x0140
[5756] [M]: 0x0000000080028960 (0x0140006F) jal zero, 0x14
mem[X,0x0000000080028974] -> 0x18E3
mem[X,0x0000000080028976] -> 0xFEB5
[5757] [M]: 0x0000000080028974 (0xFEB518E3) bne a0, a1, -0x10
mem[X,0x0000000080028964] -> 0x0113
mem[X,0x0000000080028966] -> 0x0011
[5758] [M]: 0x0000000080028964 (0x00110113) addi sp, sp, 0x1
x2 <- 0x0000000000000001
mem[X,0x0000000080028968] -> 0x006F
mem[X,0x000000008002896A] -> 0x0200
[5759] [M]: 0x0000000080028968 (0x0200006F) jal zero, 0x20
mem[X,0x0000000080028988] -> 0xBC23
mem[X,0x000000008002898A] -> 0x3420
[5760] [M]: 0x0000000080028988 (0x3420BC23) sd sp, 0x358(ra)
mem[0x0000000080045D30] <- 0x0000000000000001
mem[X,0x000000008002898C] -> 0x0513
mem[X,0x000000008002898E] -> 0x0020
[5761] [M]: 0x000000008002898C (0x00200513) addi a0, zero, 0x2
x10 <- 0x0000000000000002
mem[X,0x0000000080028990] -> 0x35B7
mem[X,0x0000000080028992] -> 0x3333
[5762] [M]: 0x0000000080028990 (0x333335B7) lui a1, 0x33333
x11 <- 0x0000000033333000
mem[X,0x0000000080028994] -> 0x8593
mem[X,0x0000000080028996] -> 0x3335
[5763] [M]: 0x0000000080028994 (0x33358593) addi a1, a1, 0x333
x11 <- 0x0000000033333333
mem[X,0x0000000080028998] -> 0x9593
mem[X,0x000000008002899A] -> 0x00B5
[5764] [M]: 0x0000000080028998 (0x00B59593) slli a1, a1, 0xb
x11 <- 0x0000019999999800
mem[X,0x000000008002899C] -> 0x8593
mem[X,0x000000008002899E] -> 0x1995
[5765] [M]: 0x000000008002899C (0x19958593) addi a1, a1, 0x199
x11 <- 0x0000019999999999
mem[X,0x00000000800289A0] -> 0x9593
mem[X,0x00000000800289A2] -> 0x00B5
[5766] [M]: 0x00000000800289A0 (0x00B59593) slli a1, a1, 0xb
x11 <- 0x000CCCCCCCCCC800
mem[X,0x00000000800289A4] -> 0x8593
mem[X,0x00000000800289A6] -> 0x4CC5
[5767] [M]: 0x00000000800289A4 (0x4CC58593) addi a1, a1, 0x4cc
x11 <- 0x000CCCCCCCCCCCCC
mem[X,0x00000000800289A8] -> 0x9593
mem[X,0x00000000800289AA] -> 0x00A5
[5768] [M]: 0x00000000800289A8 (0x00A59593) slli a1, a1, 0xa
x11 <- 0x3333333333333000
mem[X,0x00000000800289AC] -> 0x8593
mem[X,0x00000000800289AE] -> 0x3345
[5769] [M]: 0x00000000800289AC (0x33458593) addi a1, a1, 0x334
x11 <- 0x3333333333333334
mem[X,0x00000000800289B0] -> 0x0113
mem[X,0x00000000800289B2] -> 0x0000
[5770] [M]: 0x00000000800289B0 (0x00000113) addi sp, zero, 0x0
x2 <- 0x0000000000000000
mem[X,0x00000000800289B4] -> 0x006F
mem[X,0x00000000800289B6] -> 0x00C0
[5771] [M]: 0x00000000800289B4 (0x00C0006F) jal zero, 0xc
mem[X,0x00000000800289C0] -> 0x1663
mem[X,0x00000000800289C2] -> 0x00B5
[5772] [M]: 0x00000000800289C0 (0x00B51663) bne a0, a1, 0xc
mem[X,0x00000000800289CC] -> 0x0113
mem[X,0x00000000800289CE] -> 0x0031
[5773] [M]: 0x00000000800289CC (0x00310113) addi sp, sp, 0x3
x2 <- 0x0000000000000003
mem[X,0x00000000800289D0] -> 0x006F
mem[X,0x00000000800289D2] -> 0x0040
[5774] [M]: 0x00000000800289D0 (0x0040006F) jal zero, 0x4
mem[X,0x00000000800289D4] -> 0xB023
mem[X,0x00000000800289D6] -> 0x3620
[5775] [M]: 0x00000000800289D4 (0x3620B023) sd sp, 0x360(ra)
mem[0x0000000080045D38] <- 0x0000000000000003
mem[X,0x00000000800289D8] -> 0x0513
mem[X,0x00000000800289DA] -> 0x0020
[5776] [M]: 0x00000000800289D8 (0x00200513) addi a0, zero, 0x2
x10 <- 0x0000000000000002
mem[X,0x00000000800289DC] -> 0x65B7
mem[X,0x00000000800289DE] -> 0x6666
[5777] [M]: 0x00000000800289DC (0x666665B7) lui a1, 0x66666
x11 <- 0x0000000066666000
mem[X,0x00000000800289E0] -> 0x8593
mem[X,0x00000000800289E2] -> 0x6665
[5778] [M]: 0x00000000800289E0 (0x66658593) addi a1, a1, 0x666
x11 <- 0x0000000066666666
mem[X,0x00000000800289E4] -> 0x9593
mem[X,0x00000000800289E6] -> 0x00B5
[5779] [M]: 0x00000000800289E4 (0x00B59593) slli a1, a1, 0xb
x11 <- 0x0000033333333000
mem[X,0x00000000800289E8] -> 0x8593
mem[X,0x00000000800289EA] -> 0x3335
[5780] [M]: 0x00000000800289E8 (0x33358593) addi a1, a1, 0x333
x11 <- 0x0000033333333333
mem[X,0x00000000800289EC] -> 0x9593
mem[X,0x00000000800289EE] -> 0x00B5
[5781] [M]: 0x00000000800289EC (0x00B59593) slli a1, a1, 0xb
x11 <- 0x0019999999999800
mem[X,0x00000000800289F0] -> 0x8593
mem[X,0x00000000800289F2] -> 0x1995
[5782] [M]: 0x00000000800289F0 (0x19958593) addi a1, a1, 0x199
x11 <- 0x0019999999999999
mem[X,0x00000000800289F4] -> 0x9593
mem[X,0x00000000800289F6] -> 0x00A5
[5783] [M]: 0x00000000800289F4 (0x00A59593) slli a1, a1, 0xa
x11 <- 0x6666666666666400
mem[X,0x00000000800289F8] -> 0x8593
mem[X,0x00000000800289FA] -> 0x2675
[5784] [M]: 0x00000000800289F8 (0x26758593) addi a1, a1, 0x267
x11 <- 0x6666666666666667
mem[X,0x00000000800289FC] -> 0x0113
mem[X,0x00000000800289FE] -> 0x0000
[5785] [M]: 0x00000000800289FC (0x00000113) addi sp, zero, 0x0
x2 <- 0x0000000000000000
mem[X,0x0000000080028A00] -> 0x006F
mem[X,0x0000000080028A02] -> 0x00C0
[5786] [M]: 0x0000000080028A00 (0x00C0006F) jal zero, 0xc
mem[X,0x0000000080028A0C] -> 0x1CE3
mem[X,0x0000000080028A0E] -> 0xFEB5
[5787] [M]: 0x0000000080028A0C (0xFEB51CE3) bne a0, a1, -0x8
mem[X,0x0000000080028A04] -> 0x0113
mem[X,0x0000000080028A06] -> 0x0011
[5788] [M]: 0x0000000080028A04 (0x00110113) addi sp, sp, 0x1
x2 <- 0x0000000000000001
mem[X,0x0000000080028A08] -> 0x006F
mem[X,0x0000000080028A0A] -> 0x0180
[5789] [M]: 0x0000000080028A08 (0x0180006F) jal zero, 0x18
mem[X,0x0000000080028A20] -> 0xB423
mem[X,0x0000000080028A22] -> 0x3620
[5790] [M]: 0x0000000080028A20 (0x3620B423) sd sp, 0x368(ra)
mem[0x0000000080045D40] <- 0x0000000000000001
mem[X,0x0000000080028A24] -> 0x0513
mem[X,0x0000000080028A26] -> 0x0020
[5791] [M]: 0x0000000080028A24 (0x00200513) addi a0, zero, 0x2
x10 <- 0x0000000000000002
mem[X,0x0000000080028A28] -> 0x05B7
mem[X,0x0000000080028A2A] -> 0x0000
[5792] [M]: 0x0000000080028A28 (0x000005B7) lui a1, 0x0
x11 <- 0x0000000000000000
mem[X,0x0000000080028A2C] -> 0x8593
mem[X,0x0000000080028A2E] -> 0xFFF5
[5793] [M]: 0x0000000080028A2C (0xFFF58593) addi a1, a1, -0x1
x11 <- 0xFFFFFFFFFFFFFFFF
mem[X,0x0000000080028A30] -> 0x9593
mem[X,0x0000000080028A32] -> 0x00B5
[5794] [M]: 0x0000000080028A30 (0x00B59593) slli a1, a1, 0xb
x11 <- 0xFFFFFFFFFFFFF800
mem[X,0x0000000080028A34] -> 0x8593
mem[X,0x0000000080028A36] -> 0x2575
[5795] [M]: 0x0000000080028A34 (0x25758593) addi a1, a1, 0x257
x11 <- 0xFFFFFFFFFFFFFA57
mem[X,0x0000000080028A38] -> 0x9593
mem[X,0x0000000080028A3A] -> 0x00B5
[5796] [M]: 0x0000000080028A38 (0x00B59593) slli a1, a1, 0xb
x11 <- 0xFFFFFFFFFFD2B800
mem[X,0x0000000080028A3C] -> 0x8593
mem[X,0x0000000080028A3E] -> 0x6C35
[5797] [M]: 0x0000000080028A3C (0x6C358593) addi a1, a1, 0x6c3
x11 <- 0xFFFFFFFFFFD2BEC3
mem[X,0x0000000080028A40] -> 0x9593
mem[X,0x0000000080028A42] -> 0x00A5
[5798] [M]: 0x0000000080028A40 (0x00A59593) slli a1, a1, 0xa
x11 <- 0xFFFFFFFF4AFB0C00
mem[X,0x0000000080028A44] -> 0x8593
mem[X,0x0000000080028A46] -> 0x0CE5
[5799] [M]: 0x0000000080028A44 (0x0CE58593) addi a1, a1, 0xce
x11 <- 0xFFFFFFFF4AFB0CCE
clint::tick mtime <- 0x000000000000003A
 clint timer pending at mtime 0x000000000000003A
htif::tick 0x0000000000000000
mem[X,0x0000000080028A48] -> 0x0113
mem[X,0x0000000080028A4A] -> 0x0000
[5800] [M]: 0x0000000080028A48 (0x00000113) addi sp, zero, 0x0
x2 <- 0x0000000000000000
mem[X,0x0000000080028A4C] -> 0x006F
mem[X,0x0000000080028A4E] -> 0x00C0
[5801] [M]: 0x0000000080028A4C (0x00C0006F) jal zero, 0xc
mem[X,0x0000000080028A58] -> 0x1063
mem[X,0x0000000080028A5A] -> 0x40B5
[5802] [M]: 0x0000000080028A58 (0x40B51063) bne a0, a1, 0x400
mem[X,0x0000000080028E58] -> 0x0113
mem[X,0x0000000080028E5A] -> 0x0031
[5803] [M]: 0x0000000080028E58 (0x00310113) addi sp, sp, 0x3
x2 <- 0x0000000000000003
mem[X,0x0000000080028E5C] -> 0x006F
mem[X,0x0000000080028E5E] -> 0x0040
[5804] [M]: 0x0000000080028E5C (0x0040006F) jal zero, 0x4
mem[X,0x0000000080028E60] -> 0xB823
mem[X,0x0000000080028E62] -> 0x3620
[5805] [M]: 0x0000000080028E60 (0x3620B823) sd sp, 0x370(ra)
mem[0x0000000080045D48] <- 0x0000000000000003
mem[X,0x0000000080028E64] -> 0x0513
mem[X,0x0000000080028E66] -> 0x0020
[5806] [M]: 0x0000000080028E64 (0x00200513) addi a0, zero, 0x2
x10 <- 0x0000000000000002
mem[X,0x0000000080028E68] -> 0x05B7
mem[X,0x0000000080028E6A] -> 0x0000
[5807] [M]: 0x0000000080028E68 (0x000005B7) lui a1, 0x0
x11 <- 0x0000000000000000
mem[X,0x0000000080028E6C] -> 0x8593
mem[X,0x0000000080028E6E] -> 0x0005
[5808] [M]: 0x0000000080028E6C (0x00058593) addi a1, a1, 0x0
x11 <- 0x0000000000000000
mem[X,0x0000000080028E70] -> 0x9593
mem[X,0x0000000080028E72] -> 0x00B5
[5809] [M]: 0x0000000080028E70 (0x00B59593) slli a1, a1, 0xb
x11 <- 0x0000000000000000
mem[X,0x0000000080028E74] -> 0x8593
mem[X,0x0000000080028E76] -> 0x5A85
[5810] [M]: 0x0000000080028E74 (0x5A858593) addi a1, a1, 0x5a8
x11 <- 0x00000000000005A8
mem[X,0x0000000080028E78] -> 0x9593
mem[X,0x0000000080028E7A] -> 0x00B5
[5811] [M]: 0x0000000080028E78 (0x00B59593) slli a1, a1, 0xb
x11 <- 0x00000000002D4000
mem[X,0x0000000080028E7C] -> 0x8593
mem[X,0x0000000080028E7E] -> 0x13C5
[5812] [M]: 0x0000000080028E7C (0x13C58593) addi a1, a1, 0x13c
x11 <- 0x00000000002D413C
mem[X,0x0000000080028E80] -> 0x9593
mem[X,0x0000000080028E82] -> 0x00A5
[5813] [M]: 0x0000000080028E80 (0x00A59593) slli a1, a1, 0xa
x11 <- 0x00000000B504F000
mem[X,0x0000000080028E84] -> 0x8593
mem[X,0x0000000080028E86] -> 0x3345
[5814] [M]: 0x0000000080028E84 (0x33458593) addi a1, a1, 0x334
x11 <- 0x00000000B504F334
mem[X,0x0000000080028E88] -> 0x0113
mem[X,0x0000000080028E8A] -> 0x0000
[5815] [M]: 0x0000000080028E88 (0x00000113) addi sp, zero, 0x0
x2 <- 0x0000000000000000
mem[X,0x0000000080028E8C] -> 0x006F
mem[X,0x0000000080028E8E] -> 0x00C0
[5816] [M]: 0x0000000080028E8C (0x00C0006F) jal zero, 0xc
mem[X,0x0000000080028E98] -> 0x1663
mem[X,0x0000000080028E9A] -> 0x00B5
[5817] [M]: 0x0000000080028E98 (0x00B51663) bne a0, a1, 0xc
mem[X,0x0000000080028EA4] -> 0x0113
mem[X,0x0000000080028EA6] -> 0x0031
[5818] [M]: 0x0000000080028EA4 (0x00310113) addi sp, sp, 0x3
x2 <- 0x0000000000000003
mem[X,0x0000000080028EA8] -> 0x006F
mem[X,0x0000000080028EAA] -> 0x0040
[5819] [M]: 0x0000000080028EA8 (0x0040006F) jal zero, 0x4
mem[X,0x0000000080028EAC] -> 0xBC23
mem[X,0x0000000080028EAE] -> 0x3620
[5820] [M]: 0x0000000080028EAC (0x3620BC23) sd sp, 0x378(ra)
mem[0x0000000080045D50] <- 0x0000000000000003
mem[X,0x0000000080028EB0] -> 0x5537
mem[X,0x0000000080028EB2] -> 0x5555
[5821] [M]: 0x0000000080028EB0 (0x55555537) lui a0, 0x55555
x10 <- 0x0000000055555000
mem[X,0x0000000080028EB4] -> 0x0513
mem[X,0x0000000080028EB6] -> 0x5555
[5822] [M]: 0x0000000080028EB4 (0x55550513) addi a0, a0, 0x555
x10 <- 0x0000000055555555
mem[X,0x0000000080028EB8] -> 0x1513
mem[X,0x0000000080028EBA] -> 0x00B5
[5823] [M]: 0x0000000080028EB8 (0x00B51513) slli a0, a0, 0xb
x10 <- 0x000002AAAAAAA800
mem[X,0x0000000080028EBC] -> 0x0513
mem[X,0x0000000080028EBE] -> 0x2AA5
[5824] [M]: 0x0000000080028EBC (0x2AA50513) addi a0, a0, 0x2aa
x10 <- 0x000002AAAAAAAAAA
mem[X,0x0000000080028EC0] -> 0x1513
mem[X,0x0000000080028EC2] -> 0x00B5
[5825] [M]: 0x0000000080028EC0 (0x00B51513) slli a0, a0, 0xb
x10 <- 0x0015555555555000
mem[X,0x0000000080028EC4] -> 0x0513
mem[X,0x0000000080028EC6] -> 0x5555
[5826] [M]: 0x0000000080028EC4 (0x55550513) addi a0, a0, 0x555
x10 <- 0x0015555555555555
mem[X,0x0000000080028EC8] -> 0x1513
mem[X,0x0000000080028ECA] -> 0x00A5
[5827] [M]: 0x0000000080028EC8 (0x00A51513) slli a0, a0, 0xa
x10 <- 0x5555555555555400
mem[X,0x0000000080028ECC] -> 0x0513
mem[X,0x0000000080028ECE] -> 0x1545
[5828] [M]: 0x0000000080028ECC (0x15450513) addi a0, a0, 0x154
x10 <- 0x5555555555555554
mem[X,0x0000000080028ED0] -> 0x0593
mem[X,0x0000000080028ED2] -> 0x0030
[5829] [M]: 0x0000000080028ED0 (0x00300593) addi a1, zero, 0x3
x11 <- 0x0000000000000003
mem[X,0x0000000080028ED4] -> 0x0113
mem[X,0x0000000080028ED6] -> 0x0000
[5830] [M]: 0x0000000080028ED4 (0x00000113) addi sp, zero, 0x0
x2 <- 0x0000000000000000
mem[X,0x0000000080028ED8] -> 0x006F
mem[X,0x0000000080028EDA] -> 0x00C0
[5831] [M]: 0x0000000080028ED8 (0x00C0006F) jal zero, 0xc
mem[X,0x0000000080028EE4] -> 0x1663
mem[X,0x0000000080028EE6] -> 0x00B5
[5832] [M]: 0x0000000080028EE4 (0x00B51663) bne a0, a1, 0xc
mem[X,0x0000000080028EF0] -> 0x0113
mem[X,0x0000000080028EF2] -> 0x0031
[5833] [M]: 0x0000000080028EF0 (0x00310113) addi sp, sp, 0x3
x2 <- 0x0000000000000003
mem[X,0x0000000080028EF4] -> 0x006F
mem[X,0x0000000080028EF6] -> 0x0040
[5834] [M]: 0x0000000080028EF4 (0x0040006F) jal zero, 0x4
mem[X,0x0000000080028EF8] -> 0xB023
mem[X,0x0000000080028EFA] -> 0x3820
[5835] [M]: 0x0000000080028EF8 (0x3820B023) sd sp, 0x380(ra)
mem[0x0000000080045D58] <- 0x0000000000000003
mem[X,0x0000000080028EFC] -> 0x5537
mem[X,0x0000000080028EFE] -> 0x5555
[5836] [M]: 0x0000000080028EFC (0x55555537) lui a0, 0x55555
x10 <- 0x0000000055555000
mem[X,0x0000000080028F00] -> 0x0513
mem[X,0x0000000080028F02] -> 0x5555
[5837] [M]: 0x0000000080028F00 (0x55550513) addi a0, a0, 0x555
x10 <- 0x0000000055555555
mem[X,0x0000000080028F04] -> 0x1513
mem[X,0x0000000080028F06] -> 0x00B5
[5838] [M]: 0x0000000080028F04 (0x00B51513) slli a0, a0, 0xb
x10 <- 0x000002AAAAAAA800
mem[X,0x0000000080028F08] -> 0x0513
mem[X,0x0000000080028F0A] -> 0x2AA5
[5839] [M]: 0x0000000080028F08 (0x2AA50513) addi a0, a0, 0x2aa
x10 <- 0x000002AAAAAAAAAA
mem[X,0x0000000080028F0C] -> 0x1513
mem[X,0x0000000080028F0E] -> 0x00B5
[5840] [M]: 0x0000000080028F0C (0x00B51513) slli a0, a0, 0xb
x10 <- 0x0015555555555000
mem[X,0x0000000080028F10] -> 0x0513
mem[X,0x0000000080028F12] -> 0x5555
[5841] [M]: 0x0000000080028F10 (0x55550513) addi a0, a0, 0x555
x10 <- 0x0015555555555555
mem[X,0x0000000080028F14] -> 0x1513
mem[X,0x0000000080028F16] -> 0x00A5
[5842] [M]: 0x0000000080028F14 (0x00A51513) slli a0, a0, 0xa
x10 <- 0x5555555555555400
mem[X,0x0000000080028F18] -> 0x0513
mem[X,0x0000000080028F1A] -> 0x1545
[5843] [M]: 0x0000000080028F18 (0x15450513) addi a0, a0, 0x154
x10 <- 0x5555555555555554
mem[X,0x0000000080028F1C] -> 0x55B7
mem[X,0x0000000080028F1E] -> 0x5555
[5844] [M]: 0x0000000080028F1C (0x555555B7) lui a1, 0x55555
x11 <- 0x0000000055555000
mem[X,0x0000000080028F20] -> 0x8593
mem[X,0x0000000080028F22] -> 0x5555
[5845] [M]: 0x0000000080028F20 (0x55558593) addi a1, a1, 0x555
x11 <- 0x0000000055555555
mem[X,0x0000000080028F24] -> 0x9593
mem[X,0x0000000080028F26] -> 0x00B5
[5846] [M]: 0x0000000080028F24 (0x00B59593) slli a1, a1, 0xb
x11 <- 0x000002AAAAAAA800
mem[X,0x0000000080028F28] -> 0x8593
mem[X,0x0000000080028F2A] -> 0x2AA5
[5847] [M]: 0x0000000080028F28 (0x2AA58593) addi a1, a1, 0x2aa
x11 <- 0x000002AAAAAAAAAA
mem[X,0x0000000080028F2C] -> 0x9593
mem[X,0x0000000080028F2E] -> 0x00B5
[5848] [M]: 0x0000000080028F2C (0x00B59593) slli a1, a1, 0xb
x11 <- 0x0015555555555000
mem[X,0x0000000080028F30] -> 0x8593
mem[X,0x0000000080028F32] -> 0x5555
[5849] [M]: 0x0000000080028F30 (0x55558593) addi a1, a1, 0x555
x11 <- 0x0015555555555555
mem[X,0x0000000080028F34] -> 0x9593
mem[X,0x0000000080028F36] -> 0x00A5
[5850] [M]: 0x0000000080028F34 (0x00A59593) slli a1, a1, 0xa
x11 <- 0x5555555555555400
mem[X,0x0000000080028F38] -> 0x8593
mem[X,0x0000000080028F3A] -> 0x1555
[5851] [M]: 0x0000000080028F38 (0x15558593) addi a1, a1, 0x155
x11 <- 0x5555555555555555
mem[X,0x0000000080028F3C] -> 0x0113
mem[X,0x0000000080028F3E] -> 0x0000
[5852] [M]: 0x0000000080028F3C (0x00000113) addi sp, zero, 0x0
x2 <- 0x0000000000000000
mem[X,0x0000000080028F40] -> 0x006F
mem[X,0x0000000080028F42] -> 0x00C0
[5853] [M]: 0x0000000080028F40 (0x00C0006F) jal zero, 0xc
mem[X,0x0000000080028F4C] -> 0x1863
mem[X,0x0000000080028F4E] -> 0x00B5
[5854] [M]: 0x0000000080028F4C (0x00B51863) bne a0, a1, 0x10
mem[X,0x0000000080028F5C] -> 0x0113
mem[X,0x0000000080028F5E] -> 0x0031
[5855] [M]: 0x0000000080028F5C (0x00310113) addi sp, sp, 0x3
x2 <- 0x0000000000000003
mem[X,0x0000000080028F60] -> 0x006F
mem[X,0x0000000080028F62] -> 0x0040
[5856] [M]: 0x0000000080028F60 (0x0040006F) jal zero, 0x4
mem[X,0x0000000080028F64] -> 0xB423
mem[X,0x0000000080028F66] -> 0x3820
[5857] [M]: 0x0000000080028F64 (0x3820B423) sd sp, 0x388(ra)
mem[0x0000000080045D60] <- 0x0000000000000003
mem[X,0x0000000080028F68] -> 0x5537
mem[X,0x0000000080028F6A] -> 0x5555
[5858] [M]: 0x0000000080028F68 (0x55555537) lui a0, 0x55555
x10 <- 0x0000000055555000
mem[X,0x0000000080028F6C] -> 0x0513
mem[X,0x0000000080028F6E] -> 0x5555
[5859] [M]: 0x0000000080028F6C (0x55550513) addi a0, a0, 0x555
x10 <- 0x0000000055555555
mem[X,0x0000000080028F70] -> 0x1513
mem[X,0x0000000080028F72] -> 0x00B5
[5860] [M]: 0x0000000080028F70 (0x00B51513) slli a0, a0, 0xb
x10 <- 0x000002AAAAAAA800
mem[X,0x0000000080028F74] -> 0x0513
mem[X,0x0000000080028F76] -> 0x2AA5
[5861] [M]: 0x0000000080028F74 (0x2AA50513) addi a0, a0, 0x2aa
x10 <- 0x000002AAAAAAAAAA
mem[X,0x0000000080028F78] -> 0x1513
mem[X,0x0000000080028F7A] -> 0x00B5
[5862] [M]: 0x0000000080028F78 (0x00B51513) slli a0, a0, 0xb
x10 <- 0x0015555555555000
mem[X,0x0000000080028F7C] -> 0x0513
mem[X,0x0000000080028F7E] -> 0x5555
[5863] [M]: 0x0000000080028F7C (0x55550513) addi a0, a0, 0x555
x10 <- 0x0015555555555555
mem[X,0x0000000080028F80] -> 0x1513
mem[X,0x0000000080028F82] -> 0x00A5
[5864] [M]: 0x0000000080028F80 (0x00A51513) slli a0, a0, 0xa
x10 <- 0x5555555555555400
mem[X,0x0000000080028F84] -> 0x0513
mem[X,0x0000000080028F86] -> 0x1545
[5865] [M]: 0x0000000080028F84 (0x15450513) addi a0, a0, 0x154
x10 <- 0x5555555555555554
mem[X,0x0000000080028F88] -> 0xB5B7
mem[X,0x0000000080028F8A] -> 0xAAAA
[5866] [M]: 0x0000000080028F88 (0xAAAAB5B7) lui a1, -0x55555
x11 <- 0xFFFFFFFFAAAAB000
mem[X,0x0000000080028F8C] -> 0x8593
mem[X,0x0000000080028F8E] -> 0xAAA5
[5867] [M]: 0x0000000080028F8C (0xAAA58593) addi a1, a1, -0x556
x11 <- 0xFFFFFFFFAAAAAAAA
mem[X,0x0000000080028F90] -> 0x9593
mem[X,0x0000000080028F92] -> 0x00B5
[5868] [M]: 0x0000000080028F90 (0x00B59593) slli a1, a1, 0xb
x11 <- 0xFFFFFD5555555000
mem[X,0x0000000080028F94] -> 0x8593
mem[X,0x0000000080028F96] -> 0x5555
[5869] [M]: 0x0000000080028F94 (0x55558593) addi a1, a1, 0x555
x11 <- 0xFFFFFD5555555555
mem[X,0x0000000080028F98] -> 0x9593
mem[X,0x0000000080028F9A] -> 0x00B5
[5870] [M]: 0x0000000080028F98 (0x00B59593) slli a1, a1, 0xb
x11 <- 0xFFEAAAAAAAAAA800
mem[X,0x0000000080028F9C] -> 0x8593
mem[X,0x0000000080028F9E] -> 0x2AA5
[5871] [M]: 0x0000000080028F9C (0x2AA58593) addi a1, a1, 0x2aa
x11 <- 0xFFEAAAAAAAAAAAAA
mem[X,0x0000000080028FA0] -> 0x9593
mem[X,0x0000000080028FA2] -> 0x00A5
[5872] [M]: 0x0000000080028FA0 (0x00A59593) slli a1, a1, 0xa
x11 <- 0xAAAAAAAAAAAAA800
mem[X,0x0000000080028FA4] -> 0x8593
mem[X,0x0000000080028FA6] -> 0x2AA5
[5873] [M]: 0x0000000080028FA4 (0x2AA58593) addi a1, a1, 0x2aa
x11 <- 0xAAAAAAAAAAAAAAAA
mem[X,0x0000000080028FA8] -> 0x0113
mem[X,0x0000000080028FAA] -> 0x0000
[5874] [M]: 0x0000000080028FA8 (0x00000113) addi sp, zero, 0x0
x2 <- 0x0000000000000000
mem[X,0x0000000080028FAC] -> 0x006F
mem[X,0x0000000080028FAE] -> 0x00C0
[5875] [M]: 0x0000000080028FAC (0x00C0006F) jal zero, 0xc
mem[X,0x0000000080028FB8] -> 0x1663
mem[X,0x0000000080028FBA] -> 0x00B5
[5876] [M]: 0x0000000080028FB8 (0x00B51663) bne a0, a1, 0xc
mem[X,0x0000000080028FC4] -> 0x0113
mem[X,0x0000000080028FC6] -> 0x0031
[5877] [M]: 0x0000000080028FC4 (0x00310113) addi sp, sp, 0x3
x2 <- 0x0000000000000003
mem[X,0x0000000080028FC8] -> 0x006F
mem[X,0x0000000080028FCA] -> 0x0040
[5878] [M]: 0x0000000080028FC8 (0x0040006F) jal zero, 0x4
mem[X,0x0000000080028FCC] -> 0xB823
mem[X,0x0000000080028FCE] -> 0x3820
[5879] [M]: 0x0000000080028FCC (0x3820B823) sd sp, 0x390(ra)
mem[0x0000000080045D68] <- 0x0000000000000003
mem[X,0x0000000080028FD0] -> 0x5537
mem[X,0x0000000080028FD2] -> 0x5555
[5880] [M]: 0x0000000080028FD0 (0x55555537) lui a0, 0x55555
x10 <- 0x0000000055555000
mem[X,0x0000000080028FD4] -> 0x0513
mem[X,0x0000000080028FD6] -> 0x5555
[5881] [M]: 0x0000000080028FD4 (0x55550513) addi a0, a0, 0x555
x10 <- 0x0000000055555555
mem[X,0x0000000080028FD8] -> 0x1513
mem[X,0x0000000080028FDA] -> 0x00B5
[5882] [M]: 0x0000000080028FD8 (0x00B51513) slli a0, a0, 0xb
x10 <- 0x000002AAAAAAA800
mem[X,0x0000000080028FDC] -> 0x0513
mem[X,0x0000000080028FDE] -> 0x2AA5
[5883] [M]: 0x0000000080028FDC (0x2AA50513) addi a0, a0, 0x2aa
x10 <- 0x000002AAAAAAAAAA
mem[X,0x0000000080028FE0] -> 0x1513
mem[X,0x0000000080028FE2] -> 0x00B5
[5884] [M]: 0x0000000080028FE0 (0x00B51513) slli a0, a0, 0xb
x10 <- 0x0015555555555000
mem[X,0x0000000080028FE4] -> 0x0513
mem[X,0x0000000080028FE6] -> 0x5555
[5885] [M]: 0x0000000080028FE4 (0x55550513) addi a0, a0, 0x555
x10 <- 0x0015555555555555
mem[X,0x0000000080028FE8] -> 0x1513
mem[X,0x0000000080028FEA] -> 0x00A5
[5886] [M]: 0x0000000080028FE8 (0x00A51513) slli a0, a0, 0xa
x10 <- 0x5555555555555400
mem[X,0x0000000080028FEC] -> 0x0513
mem[X,0x0000000080028FEE] -> 0x1545
[5887] [M]: 0x0000000080028FEC (0x15450513) addi a0, a0, 0x154
x10 <- 0x5555555555555554
mem[X,0x0000000080028FF0] -> 0x0593
mem[X,0x0000000080028FF2] -> 0x0050
[5888] [M]: 0x0000000080028FF0 (0x00500593) addi a1, zero, 0x5
x11 <- 0x0000000000000005
mem[X,0x0000000080028FF4] -> 0x0113
mem[X,0x0000000080028FF6] -> 0x0000
[5889] [M]: 0x0000000080028FF4 (0x00000113) addi sp, zero, 0x0
x2 <- 0x0000000000000000
mem[X,0x0000000080028FF8] -> 0x006F
mem[X,0x0000000080028FFA] -> 0x00C0
[5890] [M]: 0x0000000080028FF8 (0x00C0006F) jal zero, 0xc
mem[X,0x0000000080029004] -> 0x1063
mem[X,0x0000000080029006] -> 0x04B5
[5891] [M]: 0x0000000080029004 (0x04B51063) bne a0, a1, 0x40
mem[X,0x0000000080029044] -> 0x0113
mem[X,0x0000000080029046] -> 0x0031
[5892] [M]: 0x0000000080029044 (0x00310113) addi sp, sp, 0x3
x2 <- 0x0000000000000003
mem[X,0x0000000080029048] -> 0x006F
mem[X,0x000000008002904A] -> 0x0040
[5893] [M]: 0x0000000080029048 (0x0040006F) jal zero, 0x4
mem[X,0x000000008002904C] -> 0xBC23
mem[X,0x000000008002904E] -> 0x3820
[5894] [M]: 0x000000008002904C (0x3820BC23) sd sp, 0x398(ra)
mem[0x0000000080045D70] <- 0x0000000000000003
mem[X,0x0000000080029050] -> 0x5537
mem[X,0x0000000080029052] -> 0x5555
[5895] [M]: 0x0000000080029050 (0x55555537) lui a0, 0x55555
x10 <- 0x0000000055555000
mem[X,0x0000000080029054] -> 0x0513
mem[X,0x0000000080029056] -> 0x5555
[5896] [M]: 0x0000000080029054 (0x55550513) addi a0, a0, 0x555
x10 <- 0x0000000055555555
mem[X,0x0000000080029058] -> 0x1513
mem[X,0x000000008002905A] -> 0x00B5
[5897] [M]: 0x0000000080029058 (0x00B51513) slli a0, a0, 0xb
x10 <- 0x000002AAAAAAA800
mem[X,0x000000008002905C] -> 0x0513
mem[X,0x000000008002905E] -> 0x2AA5
[5898] [M]: 0x000000008002905C (0x2AA50513) addi a0, a0, 0x2aa
x10 <- 0x000002AAAAAAAAAA
mem[X,0x0000000080029060] -> 0x1513
mem[X,0x0000000080029062] -> 0x00B5
[5899] [M]: 0x0000000080029060 (0x00B51513) slli a0, a0, 0xb
x10 <- 0x0015555555555000
clint::tick mtime <- 0x000000000000003B
 clint timer pending at mtime 0x000000000000003B
htif::tick 0x0000000000000000
mem[X,0x0000000080029064] -> 0x0513
mem[X,0x0000000080029066] -> 0x5555
[5900] [M]: 0x0000000080029064 (0x55550513) addi a0, a0, 0x555
x10 <- 0x0015555555555555
mem[X,0x0000000080029068] -> 0x1513
mem[X,0x000000008002906A] -> 0x00A5
[5901] [M]: 0x0000000080029068 (0x00A51513) slli a0, a0, 0xa
x10 <- 0x5555555555555400
mem[X,0x000000008002906C] -> 0x0513
mem[X,0x000000008002906E] -> 0x1545
[5902] [M]: 0x000000008002906C (0x15450513) addi a0, a0, 0x154
x10 <- 0x5555555555555554
mem[X,0x0000000080029070] -> 0x35B7
mem[X,0x0000000080029072] -> 0x3333
[5903] [M]: 0x0000000080029070 (0x333335B7) lui a1, 0x33333
x11 <- 0x0000000033333000
mem[X,0x0000000080029074] -> 0x8593
mem[X,0x0000000080029076] -> 0x3335
[5904] [M]: 0x0000000080029074 (0x33358593) addi a1, a1, 0x333
x11 <- 0x0000000033333333
mem[X,0x0000000080029078] -> 0x9593
mem[X,0x000000008002907A] -> 0x00B5
[5905] [M]: 0x0000000080029078 (0x00B59593) slli a1, a1, 0xb
x11 <- 0x0000019999999800
mem[X,0x000000008002907C] -> 0x8593
mem[X,0x000000008002907E] -> 0x1995
[5906] [M]: 0x000000008002907C (0x19958593) addi a1, a1, 0x199
x11 <- 0x0000019999999999
mem[X,0x0000000080029080] -> 0x9593
mem[X,0x0000000080029082] -> 0x00B5
[5907] [M]: 0x0000000080029080 (0x00B59593) slli a1, a1, 0xb
x11 <- 0x000CCCCCCCCCC800
mem[X,0x0000000080029084] -> 0x8593
mem[X,0x0000000080029086] -> 0x4CC5
[5908] [M]: 0x0000000080029084 (0x4CC58593) addi a1, a1, 0x4cc
x11 <- 0x000CCCCCCCCCCCCC
mem[X,0x0000000080029088] -> 0x9593
mem[X,0x000000008002908A] -> 0x00A5
[5909] [M]: 0x0000000080029088 (0x00A59593) slli a1, a1, 0xa
x11 <- 0x3333333333333000
mem[X,0x000000008002908C] -> 0x8593
mem[X,0x000000008002908E] -> 0x3335
[5910] [M]: 0x000000008002908C (0x33358593) addi a1, a1, 0x333
x11 <- 0x3333333333333333
mem[X,0x0000000080029090] -> 0x0113
mem[X,0x0000000080029092] -> 0x0000
[5911] [M]: 0x0000000080029090 (0x00000113) addi sp, zero, 0x0
x2 <- 0x0000000000000000
mem[X,0x0000000080029094] -> 0x006F
mem[X,0x0000000080029096] -> 0x0050
[5912] [M]: 0x0000000080029094 (0x0050006F) jal zero, 0x804
mem[X,0x0000000080029898] -> 0x10E3
mem[X,0x000000008002989A] -> 0x80B5
[5913] [M]: 0x0000000080029898 (0x80B510E3) bne a0, a1, -0x800
mem[X,0x0000000080029098] -> 0x0113
mem[X,0x000000008002909A] -> 0x0011
[5914] [M]: 0x0000000080029098 (0x00110113) addi sp, sp, 0x1
x2 <- 0x0000000000000001
mem[X,0x000000008002909C] -> 0x006F
mem[X,0x000000008002909E] -> 0x0110
[5915] [M]: 0x000000008002909C (0x0110006F) jal zero, 0x810
mem[X,0x00000000800298AC] -> 0xB023
mem[X,0x00000000800298AE] -> 0x3A20
[5916] [M]: 0x00000000800298AC (0x3A20B023) sd sp, 0x3a0(ra)
mem[0x0000000080045D78] <- 0x0000000000000001
mem[X,0x00000000800298B0] -> 0x5537
mem[X,0x00000000800298B2] -> 0x5555
[5917] [M]: 0x00000000800298B0 (0x55555537) lui a0, 0x55555
x10 <- 0x0000000055555000
mem[X,0x00000000800298B4] -> 0x0513
mem[X,0x00000000800298B6] -> 0x5555
[5918] [M]: 0x00000000800298B4 (0x55550513) addi a0, a0, 0x555
x10 <- 0x0000000055555555
mem[X,0x00000000800298B8] -> 0x1513
mem[X,0x00000000800298BA] -> 0x00B5
[5919] [M]: 0x00000000800298B8 (0x00B51513) slli a0, a0, 0xb
x10 <- 0x000002AAAAAAA800
mem[X,0x00000000800298BC] -> 0x0513
mem[X,0x00000000800298BE] -> 0x2AA5
[5920] [M]: 0x00000000800298BC (0x2AA50513) addi a0, a0, 0x2aa
x10 <- 0x000002AAAAAAAAAA
mem[X,0x00000000800298C0] -> 0x1513
mem[X,0x00000000800298C2] -> 0x00B5
[5921] [M]: 0x00000000800298C0 (0x00B51513) slli a0, a0, 0xb
x10 <- 0x0015555555555000
mem[X,0x00000000800298C4] -> 0x0513
mem[X,0x00000000800298C6] -> 0x5555
[5922] [M]: 0x00000000800298C4 (0x55550513) addi a0, a0, 0x555
x10 <- 0x0015555555555555
mem[X,0x00000000800298C8] -> 0x1513
mem[X,0x00000000800298CA] -> 0x00A5
[5923] [M]: 0x00000000800298C8 (0x00A51513) slli a0, a0, 0xa
x10 <- 0x5555555555555400
mem[X,0x00000000800298CC] -> 0x0513
mem[X,0x00000000800298CE] -> 0x1545
[5924] [M]: 0x00000000800298CC (0x15450513) addi a0, a0, 0x154
x10 <- 0x5555555555555554
mem[X,0x00000000800298D0] -> 0x65B7
mem[X,0x00000000800298D2] -> 0x6666
[5925] [M]: 0x00000000800298D0 (0x666665B7) lui a1, 0x66666
x11 <- 0x0000000066666000
mem[X,0x00000000800298D4] -> 0x8593
mem[X,0x00000000800298D6] -> 0x6665
[5926] [M]: 0x00000000800298D4 (0x66658593) addi a1, a1, 0x666
x11 <- 0x0000000066666666
mem[X,0x00000000800298D8] -> 0x9593
mem[X,0x00000000800298DA] -> 0x00B5
[5927] [M]: 0x00000000800298D8 (0x00B59593) slli a1, a1, 0xb
x11 <- 0x0000033333333000
mem[X,0x00000000800298DC] -> 0x8593
mem[X,0x00000000800298DE] -> 0x3335
[5928] [M]: 0x00000000800298DC (0x33358593) addi a1, a1, 0x333
x11 <- 0x0000033333333333
mem[X,0x00000000800298E0] -> 0x9593
mem[X,0x00000000800298E2] -> 0x00B5
[5929] [M]: 0x00000000800298E0 (0x00B59593) slli a1, a1, 0xb
x11 <- 0x0019999999999800
mem[X,0x00000000800298E4] -> 0x8593
mem[X,0x00000000800298E6] -> 0x1995
[5930] [M]: 0x00000000800298E4 (0x19958593) addi a1, a1, 0x199
x11 <- 0x0019999999999999
mem[X,0x00000000800298E8] -> 0x9593
mem[X,0x00000000800298EA] -> 0x00A5
[5931] [M]: 0x00000000800298E8 (0x00A59593) slli a1, a1, 0xa
x11 <- 0x6666666666666400
mem[X,0x00000000800298EC] -> 0x8593
mem[X,0x00000000800298EE] -> 0x2665
[5932] [M]: 0x00000000800298EC (0x26658593) addi a1, a1, 0x266
x11 <- 0x6666666666666666
mem[X,0x00000000800298F0] -> 0x0113
mem[X,0x00000000800298F2] -> 0x0000
[5933] [M]: 0x00000000800298F0 (0x00000113) addi sp, zero, 0x0
x2 <- 0x0000000000000000
mem[X,0x00000000800298F4] -> 0x006F
mem[X,0x00000000800298F6] -> 0x00C0
[5934] [M]: 0x00000000800298F4 (0x00C0006F) jal zero, 0xc
mem[X,0x0000000080029900] -> 0x1063
mem[X,0x0000000080029902] -> 0x08B5
[5935] [M]: 0x0000000080029900 (0x08B51063) bne a0, a1, 0x80
mem[X,0x0000000080029980] -> 0x0113
mem[X,0x0000000080029982] -> 0x0031
[5936] [M]: 0x0000000080029980 (0x00310113) addi sp, sp, 0x3
x2 <- 0x0000000000000003
mem[X,0x0000000080029984] -> 0x006F
mem[X,0x0000000080029986] -> 0x0040
[5937] [M]: 0x0000000080029984 (0x0040006F) jal zero, 0x4
mem[X,0x0000000080029988] -> 0xB423
mem[X,0x000000008002998A] -> 0x3A20
[5938] [M]: 0x0000000080029988 (0x3A20B423) sd sp, 0x3a8(ra)
mem[0x0000000080045D80] <- 0x0000000000000003
mem[X,0x000000008002998C] -> 0x5537
mem[X,0x000000008002998E] -> 0x5555
[5939] [M]: 0x000000008002998C (0x55555537) lui a0, 0x55555
x10 <- 0x0000000055555000
mem[X,0x0000000080029990] -> 0x0513
mem[X,0x0000000080029992] -> 0x5555
[5940] [M]: 0x0000000080029990 (0x55550513) addi a0, a0, 0x555
x10 <- 0x0000000055555555
mem[X,0x0000000080029994] -> 0x1513
mem[X,0x0000000080029996] -> 0x00B5
[5941] [M]: 0x0000000080029994 (0x00B51513) slli a0, a0, 0xb
x10 <- 0x000002AAAAAAA800
mem[X,0x0000000080029998] -> 0x0513
mem[X,0x000000008002999A] -> 0x2AA5
[5942] [M]: 0x0000000080029998 (0x2AA50513) addi a0, a0, 0x2aa
x10 <- 0x000002AAAAAAAAAA
mem[X,0x000000008002999C] -> 0x1513
mem[X,0x000000008002999E] -> 0x00B5
[5943] [M]: 0x000000008002999C (0x00B51513) slli a0, a0, 0xb
x10 <- 0x0015555555555000
mem[X,0x00000000800299A0] -> 0x0513
mem[X,0x00000000800299A2] -> 0x5555
[5944] [M]: 0x00000000800299A0 (0x55550513) addi a0, a0, 0x555
x10 <- 0x0015555555555555
mem[X,0x00000000800299A4] -> 0x1513
mem[X,0x00000000800299A6] -> 0x00A5
[5945] [M]: 0x00000000800299A4 (0x00A51513) slli a0, a0, 0xa
x10 <- 0x5555555555555400
mem[X,0x00000000800299A8] -> 0x0513
mem[X,0x00000000800299AA] -> 0x1545
[5946] [M]: 0x00000000800299A8 (0x15450513) addi a0, a0, 0x154
x10 <- 0x5555555555555554
mem[X,0x00000000800299AC] -> 0x05B7
mem[X,0x00000000800299AE] -> 0x0000
[5947] [M]: 0x00000000800299AC (0x000005B7) lui a1, 0x0
x11 <- 0x0000000000000000
mem[X,0x00000000800299B0] -> 0x8593
mem[X,0x00000000800299B2] -> 0xFFF5
[5948] [M]: 0x00000000800299B0 (0xFFF58593) addi a1, a1, -0x1
x11 <- 0xFFFFFFFFFFFFFFFF
mem[X,0x00000000800299B4] -> 0x9593
mem[X,0x00000000800299B6] -> 0x00B5
[5949] [M]: 0x00000000800299B4 (0x00B59593) slli a1, a1, 0xb
x11 <- 0xFFFFFFFFFFFFF800
mem[X,0x00000000800299B8] -> 0x8593
mem[X,0x00000000800299BA] -> 0x2575
[5950] [M]: 0x00000000800299B8 (0x25758593) addi a1, a1, 0x257
x11 <- 0xFFFFFFFFFFFFFA57
mem[X,0x00000000800299BC] -> 0x9593
mem[X,0x00000000800299BE] -> 0x00B5
[5951] [M]: 0x00000000800299BC (0x00B59593) slli a1, a1, 0xb
x11 <- 0xFFFFFFFFFFD2B800
mem[X,0x00000000800299C0] -> 0x8593
mem[X,0x00000000800299C2] -> 0x6C35
[5952] [M]: 0x00000000800299C0 (0x6C358593) addi a1, a1, 0x6c3
x11 <- 0xFFFFFFFFFFD2BEC3
mem[X,0x00000000800299C4] -> 0x9593
mem[X,0x00000000800299C6] -> 0x00A5
[5953] [M]: 0x00000000800299C4 (0x00A59593) slli a1, a1, 0xa
x11 <- 0xFFFFFFFF4AFB0C00
mem[X,0x00000000800299C8] -> 0x8593
mem[X,0x00000000800299CA] -> 0x0CD5
[5954] [M]: 0x00000000800299C8 (0x0CD58593) addi a1, a1, 0xcd
x11 <- 0xFFFFFFFF4AFB0CCD
mem[X,0x00000000800299CC] -> 0x0113
mem[X,0x00000000800299CE] -> 0x0000
[5955] [M]: 0x00000000800299CC (0x00000113) addi sp, zero, 0x0
x2 <- 0x0000000000000000
mem[X,0x00000000800299D0] -> 0x006F
mem[X,0x00000000800299D2] -> 0x00C0
[5956] [M]: 0x00000000800299D0 (0x00C0006F) jal zero, 0xc
mem[X,0x00000000800299DC] -> 0x1063
mem[X,0x00000000800299DE] -> 0x08B5
[5957] [M]: 0x00000000800299DC (0x08B51063) bne a0, a1, 0x80
mem[X,0x0000000080029A5C] -> 0x0113
mem[X,0x0000000080029A5E] -> 0x0031
[5958] [M]: 0x0000000080029A5C (0x00310113) addi sp, sp, 0x3
x2 <- 0x0000000000000003
mem[X,0x0000000080029A60] -> 0x006F
mem[X,0x0000000080029A62] -> 0x0040
[5959] [M]: 0x0000000080029A60 (0x0040006F) jal zero, 0x4
mem[X,0x0000000080029A64] -> 0xB823
mem[X,0x0000000080029A66] -> 0x3A20
[5960] [M]: 0x0000000080029A64 (0x3A20B823) sd sp, 0x3b0(ra)
mem[0x0000000080045D88] <- 0x0000000000000003
mem[X,0x0000000080029A68] -> 0x5537
mem[X,0x0000000080029A6A] -> 0x5555
[5961] [M]: 0x0000000080029A68 (0x55555537) lui a0, 0x55555
x10 <- 0x0000000055555000
mem[X,0x0000000080029A6C] -> 0x0513
mem[X,0x0000000080029A6E] -> 0x5555
[5962] [M]: 0x0000000080029A6C (0x55550513) addi a0, a0, 0x555
x10 <- 0x0000000055555555
mem[X,0x0000000080029A70] -> 0x1513
mem[X,0x0000000080029A72] -> 0x00B5
[5963] [M]: 0x0000000080029A70 (0x00B51513) slli a0, a0, 0xb
x10 <- 0x000002AAAAAAA800
mem[X,0x0000000080029A74] -> 0x0513
mem[X,0x0000000080029A76] -> 0x2AA5
[5964] [M]: 0x0000000080029A74 (0x2AA50513) addi a0, a0, 0x2aa
x10 <- 0x000002AAAAAAAAAA
mem[X,0x0000000080029A78] -> 0x1513
mem[X,0x0000000080029A7A] -> 0x00B5
[5965] [M]: 0x0000000080029A78 (0x00B51513) slli a0, a0, 0xb
x10 <- 0x0015555555555000
mem[X,0x0000000080029A7C] -> 0x0513
mem[X,0x0000000080029A7E] -> 0x5555
[5966] [M]: 0x0000000080029A7C (0x55550513) addi a0, a0, 0x555
x10 <- 0x0015555555555555
mem[X,0x0000000080029A80] -> 0x1513
mem[X,0x0000000080029A82] -> 0x00A5
[5967] [M]: 0x0000000080029A80 (0x00A51513) slli a0, a0, 0xa
x10 <- 0x5555555555555400
mem[X,0x0000000080029A84] -> 0x0513
mem[X,0x0000000080029A86] -> 0x1545
[5968] [M]: 0x0000000080029A84 (0x15450513) addi a0, a0, 0x154
x10 <- 0x5555555555555554
mem[X,0x0000000080029A88] -> 0x05B7
mem[X,0x0000000080029A8A] -> 0x0000
[5969] [M]: 0x0000000080029A88 (0x000005B7) lui a1, 0x0
x11 <- 0x0000000000000000
mem[X,0x0000000080029A8C] -> 0x8593
mem[X,0x0000000080029A8E] -> 0x0005
[5970] [M]: 0x0000000080029A8C (0x00058593) addi a1, a1, 0x0
x11 <- 0x0000000000000000
mem[X,0x0000000080029A90] -> 0x9593
mem[X,0x0000000080029A92] -> 0x00B5
[5971] [M]: 0x0000000080029A90 (0x00B59593) slli a1, a1, 0xb
x11 <- 0x0000000000000000
mem[X,0x0000000080029A94] -> 0x8593
mem[X,0x0000000080029A96] -> 0x5A85
[5972] [M]: 0x0000000080029A94 (0x5A858593) addi a1, a1, 0x5a8
x11 <- 0x00000000000005A8
mem[X,0x0000000080029A98] -> 0x9593
mem[X,0x0000000080029A9A] -> 0x00B5
[5973] [M]: 0x0000000080029A98 (0x00B59593) slli a1, a1, 0xb
x11 <- 0x00000000002D4000
mem[X,0x0000000080029A9C] -> 0x8593
mem[X,0x0000000080029A9E] -> 0x13C5
[5974] [M]: 0x0000000080029A9C (0x13C58593) addi a1, a1, 0x13c
x11 <- 0x00000000002D413C
mem[X,0x0000000080029AA0] -> 0x9593
mem[X,0x0000000080029AA2] -> 0x00A5
[5975] [M]: 0x0000000080029AA0 (0x00A59593) slli a1, a1, 0xa
x11 <- 0x00000000B504F000
mem[X,0x0000000080029AA4] -> 0x8593
mem[X,0x0000000080029AA6] -> 0x3335
[5976] [M]: 0x0000000080029AA4 (0x33358593) addi a1, a1, 0x333
x11 <- 0x00000000B504F333
mem[X,0x0000000080029AA8] -> 0x0113
mem[X,0x0000000080029AAA] -> 0x0000
[5977] [M]: 0x0000000080029AA8 (0x00000113) addi sp, zero, 0x0
x2 <- 0x0000000000000000
mem[X,0x0000000080029AAC] -> 0x006F
mem[X,0x0000000080029AAE] -> 0x2B10
[5978] [M]: 0x0000000080029AAC (0x2B10006F) jal zero, 0xab0
mem[X,0x000000008002A55C] -> 0x1A63
mem[X,0x000000008002A55E] -> 0xD4B5
[5979] [M]: 0x000000008002A55C (0xD4B51A63) bne a0, a1, -0xaac
mem[X,0x0000000080029AB0] -> 0x0113
mem[X,0x0000000080029AB2] -> 0x0011
[5980] [M]: 0x0000000080029AB0 (0x00110113) addi sp, sp, 0x1
x2 <- 0x0000000000000001
mem[X,0x0000000080029AB4] -> 0x006F
mem[X,0x0000000080029AB6] -> 0x2BD0
[5981] [M]: 0x0000000080029AB4 (0x2BD0006F) jal zero, 0xabc
mem[X,0x000000008002A570] -> 0xBC23
mem[X,0x000000008002A572] -> 0x3A20
[5982] [M]: 0x000000008002A570 (0x3A20BC23) sd sp, 0x3b8(ra)
mem[0x0000000080045D90] <- 0x0000000000000001
mem[X,0x000000008002A574] -> 0x5537
mem[X,0x000000008002A576] -> 0x5555
[5983] [M]: 0x000000008002A574 (0x55555537) lui a0, 0x55555
x10 <- 0x0000000055555000
mem[X,0x000000008002A578] -> 0x0513
mem[X,0x000000008002A57A] -> 0x5555
[5984] [M]: 0x000000008002A578 (0x55550513) addi a0, a0, 0x555
x10 <- 0x0000000055555555
mem[X,0x000000008002A57C] -> 0x1513
mem[X,0x000000008002A57E] -> 0x00B5
[5985] [M]: 0x000000008002A57C (0x00B51513) slli a0, a0, 0xb
x10 <- 0x000002AAAAAAA800
mem[X,0x000000008002A580] -> 0x0513
mem[X,0x000000008002A582] -> 0x2AA5
[5986] [M]: 0x000000008002A580 (0x2AA50513) addi a0, a0, 0x2aa
x10 <- 0x000002AAAAAAAAAA
mem[X,0x000000008002A584] -> 0x1513
mem[X,0x000000008002A586] -> 0x00B5
[5987] [M]: 0x000000008002A584 (0x00B51513) slli a0, a0, 0xb
x10 <- 0x0015555555555000
mem[X,0x000000008002A588] -> 0x0513
mem[X,0x000000008002A58A] -> 0x5555
[5988] [M]: 0x000000008002A588 (0x55550513) addi a0, a0, 0x555
x10 <- 0x0015555555555555
mem[X,0x000000008002A58C] -> 0x1513
mem[X,0x000000008002A58E] -> 0x00A5
[5989] [M]: 0x000000008002A58C (0x00A51513) slli a0, a0, 0xa
x10 <- 0x5555555555555400
mem[X,0x000000008002A590] -> 0x0513
mem[X,0x000000008002A592] -> 0x1545
[5990] [M]: 0x000000008002A590 (0x15450513) addi a0, a0, 0x154
x10 <- 0x5555555555555554
mem[X,0x000000008002A594] -> 0x0593
mem[X,0x000000008002A596] -> 0x0020
[5991] [M]: 0x000000008002A594 (0x00200593) addi a1, zero, 0x2
x11 <- 0x0000000000000002
mem[X,0x000000008002A598] -> 0x0113
mem[X,0x000000008002A59A] -> 0x0000
[5992] [M]: 0x000000008002A598 (0x00000113) addi sp, zero, 0x0
x2 <- 0x0000000000000000
mem[X,0x000000008002A59C] -> 0x006F
mem[X,0x000000008002A59E] -> 0x00C0
[5993] [M]: 0x000000008002A59C (0x00C0006F) jal zero, 0xc
mem[X,0x000000008002A5A8] -> 0x1863
mem[X,0x000000008002A5AA] -> 0x00B5
[5994] [M]: 0x000000008002A5A8 (0x00B51863) bne a0, a1, 0x10
mem[X,0x000000008002A5B8] -> 0x0113
mem[X,0x000000008002A5BA] -> 0x0031
[5995] [M]: 0x000000008002A5B8 (0x00310113) addi sp, sp, 0x3
x2 <- 0x0000000000000003
mem[X,0x000000008002A5BC] -> 0x006F
mem[X,0x000000008002A5BE] -> 0x0040
[5996] [M]: 0x000000008002A5BC (0x0040006F) jal zero, 0x4
mem[X,0x000000008002A5C0] -> 0xB023
mem[X,0x000000008002A5C2] -> 0x3C20
[5997] [M]: 0x000000008002A5C0 (0x3C20B023) sd sp, 0x3c0(ra)
mem[0x0000000080045D98] <- 0x0000000000000003
mem[X,0x000000008002A5C4] -> 0x5537
mem[X,0x000000008002A5C6] -> 0x5555
[5998] [M]: 0x000000008002A5C4 (0x55555537) lui a0, 0x55555
x10 <- 0x0000000055555000
mem[X,0x000000008002A5C8] -> 0x0513
mem[X,0x000000008002A5CA] -> 0x5555
[5999] [M]: 0x000000008002A5C8 (0x55550513) addi a0, a0, 0x555
x10 <- 0x0000000055555555
clint::tick mtime <- 0x000000000000003C
 clint timer pending at mtime 0x000000000000003C
htif::tick 0x0000000000000000
mem[X,0x000000008002A5CC] -> 0x1513
mem[X,0x000000008002A5CE] -> 0x00B5
[6000] [M]: 0x000000008002A5CC (0x00B51513) slli a0, a0, 0xb
x10 <- 0x000002AAAAAAA800
mem[X,0x000000008002A5D0] -> 0x0513
mem[X,0x000000008002A5D2] -> 0x2AA5
[6001] [M]: 0x000000008002A5D0 (0x2AA50513) addi a0, a0, 0x2aa
x10 <- 0x000002AAAAAAAAAA
mem[X,0x000000008002A5D4] -> 0x1513
mem[X,0x000000008002A5D6] -> 0x00B5
[6002] [M]: 0x000000008002A5D4 (0x00B51513) slli a0, a0, 0xb
x10 <- 0x0015555555555000
mem[X,0x000000008002A5D8] -> 0x0513
mem[X,0x000000008002A5DA] -> 0x5555
[6003] [M]: 0x000000008002A5D8 (0x55550513) addi a0, a0, 0x555
x10 <- 0x0015555555555555
mem[X,0x000000008002A5DC] -> 0x1513
mem[X,0x000000008002A5DE] -> 0x00A5
[6004] [M]: 0x000000008002A5DC (0x00A51513) slli a0, a0, 0xa
x10 <- 0x5555555555555400
mem[X,0x000000008002A5E0] -> 0x0513
mem[X,0x000000008002A5E2] -> 0x1545
[6005] [M]: 0x000000008002A5E0 (0x15450513) addi a0, a0, 0x154
x10 <- 0x5555555555555554
mem[X,0x000000008002A5E4] -> 0x55B7
mem[X,0x000000008002A5E6] -> 0x5555
[6006] [M]: 0x000000008002A5E4 (0x555555B7) lui a1, 0x55555
x11 <- 0x0000000055555000
mem[X,0x000000008002A5E8] -> 0x8593
mem[X,0x000000008002A5EA] -> 0x5555
[6007] [M]: 0x000000008002A5E8 (0x55558593) addi a1, a1, 0x555
x11 <- 0x0000000055555555
mem[X,0x000000008002A5EC] -> 0x9593
mem[X,0x000000008002A5EE] -> 0x00B5
[6008] [M]: 0x000000008002A5EC (0x00B59593) slli a1, a1, 0xb
x11 <- 0x000002AAAAAAA800
mem[X,0x000000008002A5F0] -> 0x8593
mem[X,0x000000008002A5F2] -> 0x2AA5
[6009] [M]: 0x000000008002A5F0 (0x2AA58593) addi a1, a1, 0x2aa
x11 <- 0x000002AAAAAAAAAA
mem[X,0x000000008002A5F4] -> 0x9593
mem[X,0x000000008002A5F6] -> 0x00B5
[6010] [M]: 0x000000008002A5F4 (0x00B59593) slli a1, a1, 0xb
x11 <- 0x0015555555555000
mem[X,0x000000008002A5F8] -> 0x8593
mem[X,0x000000008002A5FA] -> 0x5555
[6011] [M]: 0x000000008002A5F8 (0x55558593) addi a1, a1, 0x555
x11 <- 0x0015555555555555
mem[X,0x000000008002A5FC] -> 0x9593
mem[X,0x000000008002A5FE] -> 0x00A5
[6012] [M]: 0x000000008002A5FC (0x00A59593) slli a1, a1, 0xa
x11 <- 0x5555555555555400
mem[X,0x000000008002A600] -> 0x8593
mem[X,0x000000008002A602] -> 0x1545
[6013] [M]: 0x000000008002A600 (0x15458593) addi a1, a1, 0x154
x11 <- 0x5555555555555554
mem[X,0x000000008002A604] -> 0x0113
mem[X,0x000000008002A606] -> 0x0000
[6014] [M]: 0x000000008002A604 (0x00000113) addi sp, zero, 0x0
x2 <- 0x0000000000000000
mem[X,0x000000008002A608] -> 0x006F
mem[X,0x000000008002A60A] -> 0x00C0
[6015] [M]: 0x000000008002A608 (0x00C0006F) jal zero, 0xc
mem[X,0x000000008002A614] -> 0x1CE3
mem[X,0x000000008002A616] -> 0xFEB5
[6016] [M]: 0x000000008002A614 (0xFEB51CE3) bne a0, a1, -0x8
mem[X,0x000000008002A618] -> 0x0113
mem[X,0x000000008002A61A] -> 0x0021
[6017] [M]: 0x000000008002A618 (0x00210113) addi sp, sp, 0x2
x2 <- 0x0000000000000002
mem[X,0x000000008002A61C] -> 0x006F
mem[X,0x000000008002A61E] -> 0x00C0
[6018] [M]: 0x000000008002A61C (0x00C0006F) jal zero, 0xc
mem[X,0x000000008002A628] -> 0xB423
mem[X,0x000000008002A62A] -> 0x3C20
[6019] [M]: 0x000000008002A628 (0x3C20B423) sd sp, 0x3c8(ra)
mem[0x0000000080045DA0] <- 0x0000000000000002
mem[X,0x000000008002A62C] -> 0x5537
mem[X,0x000000008002A62E] -> 0x5555
[6020] [M]: 0x000000008002A62C (0x55555537) lui a0, 0x55555
x10 <- 0x0000000055555000
mem[X,0x000000008002A630] -> 0x0513
mem[X,0x000000008002A632] -> 0x5555
[6021] [M]: 0x000000008002A630 (0x55550513) addi a0, a0, 0x555
x10 <- 0x0000000055555555
mem[X,0x000000008002A634] -> 0x1513
mem[X,0x000000008002A636] -> 0x00B5
[6022] [M]: 0x000000008002A634 (0x00B51513) slli a0, a0, 0xb
x10 <- 0x000002AAAAAAA800
mem[X,0x000000008002A638] -> 0x0513
mem[X,0x000000008002A63A] -> 0x2AA5
[6023] [M]: 0x000000008002A638 (0x2AA50513) addi a0, a0, 0x2aa
x10 <- 0x000002AAAAAAAAAA
mem[X,0x000000008002A63C] -> 0x1513
mem[X,0x000000008002A63E] -> 0x00B5
[6024] [M]: 0x000000008002A63C (0x00B51513) slli a0, a0, 0xb
x10 <- 0x0015555555555000
mem[X,0x000000008002A640] -> 0x0513
mem[X,0x000000008002A642] -> 0x5555
[6025] [M]: 0x000000008002A640 (0x55550513) addi a0, a0, 0x555
x10 <- 0x0015555555555555
mem[X,0x000000008002A644] -> 0x1513
mem[X,0x000000008002A646] -> 0x00A5
[6026] [M]: 0x000000008002A644 (0x00A51513) slli a0, a0, 0xa
x10 <- 0x5555555555555400
mem[X,0x000000008002A648] -> 0x0513
mem[X,0x000000008002A64A] -> 0x1545
[6027] [M]: 0x000000008002A648 (0x15450513) addi a0, a0, 0x154
x10 <- 0x5555555555555554
mem[X,0x000000008002A64C] -> 0x0593
mem[X,0x000000008002A64E] -> 0x0000
[6028] [M]: 0x000000008002A64C (0x00000593) addi a1, zero, 0x0
x11 <- 0x0000000000000000
mem[X,0x000000008002A650] -> 0x0113
mem[X,0x000000008002A652] -> 0x0000
[6029] [M]: 0x000000008002A650 (0x00000113) addi sp, zero, 0x0
x2 <- 0x0000000000000000
mem[X,0x000000008002A654] -> 0x006F
mem[X,0x000000008002A656] -> 0x00C0
[6030] [M]: 0x000000008002A654 (0x00C0006F) jal zero, 0xc
mem[X,0x000000008002A660] -> 0x1863
mem[X,0x000000008002A662] -> 0x00B5
[6031] [M]: 0x000000008002A660 (0x00B51863) bne a0, a1, 0x10
mem[X,0x000000008002A670] -> 0x0113
mem[X,0x000000008002A672] -> 0x0031
[6032] [M]: 0x000000008002A670 (0x00310113) addi sp, sp, 0x3
x2 <- 0x0000000000000003
mem[X,0x000000008002A674] -> 0x006F
mem[X,0x000000008002A676] -> 0x0040
[6033] [M]: 0x000000008002A674 (0x0040006F) jal zero, 0x4
mem[X,0x000000008002A678] -> 0xB823
mem[X,0x000000008002A67A] -> 0x3C20
[6034] [M]: 0x000000008002A678 (0x3C20B823) sd sp, 0x3d0(ra)
mem[0x0000000080045DA8] <- 0x0000000000000003
mem[X,0x000000008002A67C] -> 0x5537
mem[X,0x000000008002A67E] -> 0x5555
[6035] [M]: 0x000000008002A67C (0x55555537) lui a0, 0x55555
x10 <- 0x0000000055555000
mem[X,0x000000008002A680] -> 0x0513
mem[X,0x000000008002A682] -> 0x5555
[6036] [M]: 0x000000008002A680 (0x55550513) addi a0, a0, 0x555
x10 <- 0x0000000055555555
mem[X,0x000000008002A684] -> 0x1513
mem[X,0x000000008002A686] -> 0x00B5
[6037] [M]: 0x000000008002A684 (0x00B51513) slli a0, a0, 0xb
x10 <- 0x000002AAAAAAA800
mem[X,0x000000008002A688] -> 0x0513
mem[X,0x000000008002A68A] -> 0x2AA5
[6038] [M]: 0x000000008002A688 (0x2AA50513) addi a0, a0, 0x2aa
x10 <- 0x000002AAAAAAAAAA
mem[X,0x000000008002A68C] -> 0x1513
mem[X,0x000000008002A68E] -> 0x00B5
[6039] [M]: 0x000000008002A68C (0x00B51513) slli a0, a0, 0xb
x10 <- 0x0015555555555000
mem[X,0x000000008002A690] -> 0x0513
mem[X,0x000000008002A692] -> 0x5555
[6040] [M]: 0x000000008002A690 (0x55550513) addi a0, a0, 0x555
x10 <- 0x0015555555555555
mem[X,0x000000008002A694] -> 0x1513
mem[X,0x000000008002A696] -> 0x00A5
[6041] [M]: 0x000000008002A694 (0x00A51513) slli a0, a0, 0xa
x10 <- 0x5555555555555400
mem[X,0x000000008002A698] -> 0x0513
mem[X,0x000000008002A69A] -> 0x1545
[6042] [M]: 0x000000008002A698 (0x15450513) addi a0, a0, 0x154
x10 <- 0x5555555555555554
mem[X,0x000000008002A69C] -> 0x0593
mem[X,0x000000008002A69E] -> 0x0040
[6043] [M]: 0x000000008002A69C (0x00400593) addi a1, zero, 0x4
x11 <- 0x0000000000000004
mem[X,0x000000008002A6A0] -> 0x0113
mem[X,0x000000008002A6A2] -> 0x0000
[6044] [M]: 0x000000008002A6A0 (0x00000113) addi sp, zero, 0x0
x2 <- 0x0000000000000000
mem[X,0x000000008002A6A4] -> 0x006F
mem[X,0x000000008002A6A6] -> 0x00C0
[6045] [M]: 0x000000008002A6A4 (0x00C0006F) jal zero, 0xc
mem[X,0x000000008002A6B0] -> 0x1663
mem[X,0x000000008002A6B2] -> 0x00B5
[6046] [M]: 0x000000008002A6B0 (0x00B51663) bne a0, a1, 0xc
mem[X,0x000000008002A6BC] -> 0x0113
mem[X,0x000000008002A6BE] -> 0x0031
[6047] [M]: 0x000000008002A6BC (0x00310113) addi sp, sp, 0x3
x2 <- 0x0000000000000003
mem[X,0x000000008002A6C0] -> 0x006F
mem[X,0x000000008002A6C2] -> 0x0040
[6048] [M]: 0x000000008002A6C0 (0x0040006F) jal zero, 0x4
mem[X,0x000000008002A6C4] -> 0xBC23
mem[X,0x000000008002A6C6] -> 0x3C20
[6049] [M]: 0x000000008002A6C4 (0x3C20BC23) sd sp, 0x3d8(ra)
mem[0x0000000080045DB0] <- 0x0000000000000003
mem[X,0x000000008002A6C8] -> 0x5537
mem[X,0x000000008002A6CA] -> 0x5555
[6050] [M]: 0x000000008002A6C8 (0x55555537) lui a0, 0x55555
x10 <- 0x0000000055555000
mem[X,0x000000008002A6CC] -> 0x0513
mem[X,0x000000008002A6CE] -> 0x5555
[6051] [M]: 0x000000008002A6CC (0x55550513) addi a0, a0, 0x555
x10 <- 0x0000000055555555
mem[X,0x000000008002A6D0] -> 0x1513
mem[X,0x000000008002A6D2] -> 0x00B5
[6052] [M]: 0x000000008002A6D0 (0x00B51513) slli a0, a0, 0xb
x10 <- 0x000002AAAAAAA800
mem[X,0x000000008002A6D4] -> 0x0513
mem[X,0x000000008002A6D6] -> 0x2AA5
[6053] [M]: 0x000000008002A6D4 (0x2AA50513) addi a0, a0, 0x2aa
x10 <- 0x000002AAAAAAAAAA
mem[X,0x000000008002A6D8] -> 0x1513
mem[X,0x000000008002A6DA] -> 0x00B5
[6054] [M]: 0x000000008002A6D8 (0x00B51513) slli a0, a0, 0xb
x10 <- 0x0015555555555000
mem[X,0x000000008002A6DC] -> 0x0513
mem[X,0x000000008002A6DE] -> 0x5555
[6055] [M]: 0x000000008002A6DC (0x55550513) addi a0, a0, 0x555
x10 <- 0x0015555555555555
mem[X,0x000000008002A6E0] -> 0x1513
mem[X,0x000000008002A6E2] -> 0x00A5
[6056] [M]: 0x000000008002A6E0 (0x00A51513) slli a0, a0, 0xa
x10 <- 0x5555555555555400
mem[X,0x000000008002A6E4] -> 0x0513
mem[X,0x000000008002A6E6] -> 0x1545
[6057] [M]: 0x000000008002A6E4 (0x15450513) addi a0, a0, 0x154
x10 <- 0x5555555555555554
mem[X,0x000000008002A6E8] -> 0x35B7
mem[X,0x000000008002A6EA] -> 0x3333
[6058] [M]: 0x000000008002A6E8 (0x333335B7) lui a1, 0x33333
x11 <- 0x0000000033333000
mem[X,0x000000008002A6EC] -> 0x8593
mem[X,0x000000008002A6EE] -> 0x3335
[6059] [M]: 0x000000008002A6EC (0x33358593) addi a1, a1, 0x333
x11 <- 0x0000000033333333
mem[X,0x000000008002A6F0] -> 0x9593
mem[X,0x000000008002A6F2] -> 0x00B5
[6060] [M]: 0x000000008002A6F0 (0x00B59593) slli a1, a1, 0xb
x11 <- 0x0000019999999800
mem[X,0x000000008002A6F4] -> 0x8593
mem[X,0x000000008002A6F6] -> 0x1995
[6061] [M]: 0x000000008002A6F4 (0x19958593) addi a1, a1, 0x199
x11 <- 0x0000019999999999
mem[X,0x000000008002A6F8] -> 0x9593
mem[X,0x000000008002A6FA] -> 0x00B5
[6062] [M]: 0x000000008002A6F8 (0x00B59593) slli a1, a1, 0xb
x11 <- 0x000CCCCCCCCCC800
mem[X,0x000000008002A6FC] -> 0x8593
mem[X,0x000000008002A6FE] -> 0x4CC5
[6063] [M]: 0x000000008002A6FC (0x4CC58593) addi a1, a1, 0x4cc
x11 <- 0x000CCCCCCCCCCCCC
mem[X,0x000000008002A700] -> 0x9593
mem[X,0x000000008002A702] -> 0x00A5
[6064] [M]: 0x000000008002A700 (0x00A59593) slli a1, a1, 0xa
x11 <- 0x3333333333333000
mem[X,0x000000008002A704] -> 0x8593
mem[X,0x000000008002A706] -> 0x3325
[6065] [M]: 0x000000008002A704 (0x33258593) addi a1, a1, 0x332
x11 <- 0x3333333333333332
mem[X,0x000000008002A708] -> 0x0113
mem[X,0x000000008002A70A] -> 0x0000
[6066] [M]: 0x000000008002A708 (0x00000113) addi sp, zero, 0x0
x2 <- 0x0000000000000000
mem[X,0x000000008002A70C] -> 0x006F
mem[X,0x000000008002A70E] -> 0x00C0
[6067] [M]: 0x000000008002A70C (0x00C0006F) jal zero, 0xc
mem[X,0x000000008002A718] -> 0x1063
mem[X,0x000000008002A71A] -> 0x02B5
[6068] [M]: 0x000000008002A718 (0x02B51063) bne a0, a1, 0x20
mem[X,0x000000008002A738] -> 0x0113
mem[X,0x000000008002A73A] -> 0x0031
[6069] [M]: 0x000000008002A738 (0x00310113) addi sp, sp, 0x3
x2 <- 0x0000000000000003
mem[X,0x000000008002A73C] -> 0x006F
mem[X,0x000000008002A73E] -> 0x0040
[6070] [M]: 0x000000008002A73C (0x0040006F) jal zero, 0x4
mem[X,0x000000008002A740] -> 0xB023
mem[X,0x000000008002A742] -> 0x3E20
[6071] [M]: 0x000000008002A740 (0x3E20B023) sd sp, 0x3e0(ra)
mem[0x0000000080045DB8] <- 0x0000000000000003
mem[X,0x000000008002A744] -> 0x5537
mem[X,0x000000008002A746] -> 0x5555
[6072] [M]: 0x000000008002A744 (0x55555537) lui a0, 0x55555
x10 <- 0x0000000055555000
mem[X,0x000000008002A748] -> 0x0513
mem[X,0x000000008002A74A] -> 0x5555
[6073] [M]: 0x000000008002A748 (0x55550513) addi a0, a0, 0x555
x10 <- 0x0000000055555555
mem[X,0x000000008002A74C] -> 0x1513
mem[X,0x000000008002A74E] -> 0x00B5
[6074] [M]: 0x000000008002A74C (0x00B51513) slli a0, a0, 0xb
x10 <- 0x000002AAAAAAA800
mem[X,0x000000008002A750] -> 0x0513
mem[X,0x000000008002A752] -> 0x2AA5
[6075] [M]: 0x000000008002A750 (0x2AA50513) addi a0, a0, 0x2aa
x10 <- 0x000002AAAAAAAAAA
mem[X,0x000000008002A754] -> 0x1513
mem[X,0x000000008002A756] -> 0x00B5
[6076] [M]: 0x000000008002A754 (0x00B51513) slli a0, a0, 0xb
x10 <- 0x0015555555555000
mem[X,0x000000008002A758] -> 0x0513
mem[X,0x000000008002A75A] -> 0x5555
[6077] [M]: 0x000000008002A758 (0x55550513) addi a0, a0, 0x555
x10 <- 0x0015555555555555
mem[X,0x000000008002A75C] -> 0x1513
mem[X,0x000000008002A75E] -> 0x00A5
[6078] [M]: 0x000000008002A75C (0x00A51513) slli a0, a0, 0xa
x10 <- 0x5555555555555400
mem[X,0x000000008002A760] -> 0x0513
mem[X,0x000000008002A762] -> 0x1545
[6079] [M]: 0x000000008002A760 (0x15450513) addi a0, a0, 0x154
x10 <- 0x5555555555555554
mem[X,0x000000008002A764] -> 0x65B7
mem[X,0x000000008002A766] -> 0x6666
[6080] [M]: 0x000000008002A764 (0x666665B7) lui a1, 0x66666
x11 <- 0x0000000066666000
mem[X,0x000000008002A768] -> 0x8593
mem[X,0x000000008002A76A] -> 0x6665
[6081] [M]: 0x000000008002A768 (0x66658593) addi a1, a1, 0x666
x11 <- 0x0000000066666666
mem[X,0x000000008002A76C] -> 0x9593
mem[X,0x000000008002A76E] -> 0x00B5
[6082] [M]: 0x000000008002A76C (0x00B59593) slli a1, a1, 0xb
x11 <- 0x0000033333333000
mem[X,0x000000008002A770] -> 0x8593
mem[X,0x000000008002A772] -> 0x3335
[6083] [M]: 0x000000008002A770 (0x33358593) addi a1, a1, 0x333
x11 <- 0x0000033333333333
mem[X,0x000000008002A774] -> 0x9593
mem[X,0x000000008002A776] -> 0x00B5
[6084] [M]: 0x000000008002A774 (0x00B59593) slli a1, a1, 0xb
x11 <- 0x0019999999999800
mem[X,0x000000008002A778] -> 0x8593
mem[X,0x000000008002A77A] -> 0x1995
[6085] [M]: 0x000000008002A778 (0x19958593) addi a1, a1, 0x199
x11 <- 0x0019999999999999
mem[X,0x000000008002A77C] -> 0x9593
mem[X,0x000000008002A77E] -> 0x00A5
[6086] [M]: 0x000000008002A77C (0x00A59593) slli a1, a1, 0xa
x11 <- 0x6666666666666400
mem[X,0x000000008002A780] -> 0x8593
mem[X,0x000000008002A782] -> 0x2655
[6087] [M]: 0x000000008002A780 (0x26558593) addi a1, a1, 0x265
x11 <- 0x6666666666666665
mem[X,0x000000008002A784] -> 0x0113
mem[X,0x000000008002A786] -> 0x0000
[6088] [M]: 0x000000008002A784 (0x00000113) addi sp, zero, 0x0
x2 <- 0x0000000000000000
mem[X,0x000000008002A788] -> 0x006F
mem[X,0x000000008002A78A] -> 0x00C0
[6089] [M]: 0x000000008002A788 (0x00C0006F) jal zero, 0xc
mem[X,0x000000008002A794] -> 0x1CE3
mem[X,0x000000008002A796] -> 0xFEB5
[6090] [M]: 0x000000008002A794 (0xFEB51CE3) bne a0, a1, -0x8
mem[X,0x000000008002A78C] -> 0x0113
mem[X,0x000000008002A78E] -> 0x0011
[6091] [M]: 0x000000008002A78C (0x00110113) addi sp, sp, 0x1
x2 <- 0x0000000000000001
mem[X,0x000000008002A790] -> 0x006F
mem[X,0x000000008002A792] -> 0x0180
[6092] [M]: 0x000000008002A790 (0x0180006F) jal zero, 0x18
mem[X,0x000000008002A7A8] -> 0xB423
mem[X,0x000000008002A7AA] -> 0x3E20
[6093] [M]: 0x000000008002A7A8 (0x3E20B423) sd sp, 0x3e8(ra)
mem[0x0000000080045DC0] <- 0x0000000000000001
mem[X,0x000000008002A7AC] -> 0x5537
mem[X,0x000000008002A7AE] -> 0x5555
[6094] [M]: 0x000000008002A7AC (0x55555537) lui a0, 0x55555
x10 <- 0x0000000055555000
mem[X,0x000000008002A7B0] -> 0x0513
mem[X,0x000000008002A7B2] -> 0x5555
[6095] [M]: 0x000000008002A7B0 (0x55550513) addi a0, a0, 0x555
x10 <- 0x0000000055555555
mem[X,0x000000008002A7B4] -> 0x1513
mem[X,0x000000008002A7B6] -> 0x00B5
[6096] [M]: 0x000000008002A7B4 (0x00B51513) slli a0, a0, 0xb
x10 <- 0x000002AAAAAAA800
mem[X,0x000000008002A7B8] -> 0x0513
mem[X,0x000000008002A7BA] -> 0x2AA5
[6097] [M]: 0x000000008002A7B8 (0x2AA50513) addi a0, a0, 0x2aa
x10 <- 0x000002AAAAAAAAAA
mem[X,0x000000008002A7BC] -> 0x1513
mem[X,0x000000008002A7BE] -> 0x00B5
[6098] [M]: 0x000000008002A7BC (0x00B51513) slli a0, a0, 0xb
x10 <- 0x0015555555555000
mem[X,0x000000008002A7C0] -> 0x0513
mem[X,0x000000008002A7C2] -> 0x5555
[6099] [M]: 0x000000008002A7C0 (0x55550513) addi a0, a0, 0x555
x10 <- 0x0015555555555555
clint::tick mtime <- 0x000000000000003D
 clint timer pending at mtime 0x000000000000003D
htif::tick 0x0000000000000000
mem[X,0x000000008002A7C4] -> 0x1513
mem[X,0x000000008002A7C6] -> 0x00A5
[6100] [M]: 0x000000008002A7C4 (0x00A51513) slli a0, a0, 0xa
x10 <- 0x5555555555555400
mem[X,0x000000008002A7C8] -> 0x0513
mem[X,0x000000008002A7CA] -> 0x1545
[6101] [M]: 0x000000008002A7C8 (0x15450513) addi a0, a0, 0x154
x10 <- 0x5555555555555554
mem[X,0x000000008002A7CC] -> 0x05B7
mem[X,0x000000008002A7CE] -> 0x0000
[6102] [M]: 0x000000008002A7CC (0x000005B7) lui a1, 0x0
x11 <- 0x0000000000000000
mem[X,0x000000008002A7D0] -> 0x8593
mem[X,0x000000008002A7D2] -> 0x0005
[6103] [M]: 0x000000008002A7D0 (0x00058593) addi a1, a1, 0x0
x11 <- 0x0000000000000000
mem[X,0x000000008002A7D4] -> 0x9593
mem[X,0x000000008002A7D6] -> 0x00B5
[6104] [M]: 0x000000008002A7D4 (0x00B59593) slli a1, a1, 0xb
x11 <- 0x0000000000000000
mem[X,0x000000008002A7D8] -> 0x8593
mem[X,0x000000008002A7DA] -> 0x5A85
[6105] [M]: 0x000000008002A7D8 (0x5A858593) addi a1, a1, 0x5a8
x11 <- 0x00000000000005A8
mem[X,0x000000008002A7DC] -> 0x9593
mem[X,0x000000008002A7DE] -> 0x00B5
[6106] [M]: 0x000000008002A7DC (0x00B59593) slli a1, a1, 0xb
x11 <- 0x00000000002D4000
mem[X,0x000000008002A7E0] -> 0x8593
mem[X,0x000000008002A7E2] -> 0x13C5
[6107] [M]: 0x000000008002A7E0 (0x13C58593) addi a1, a1, 0x13c
x11 <- 0x00000000002D413C
mem[X,0x000000008002A7E4] -> 0x9593
mem[X,0x000000008002A7E6] -> 0x00A5
[6108] [M]: 0x000000008002A7E4 (0x00A59593) slli a1, a1, 0xa
x11 <- 0x00000000B504F000
mem[X,0x000000008002A7E8] -> 0x8593
mem[X,0x000000008002A7EA] -> 0x3325
[6109] [M]: 0x000000008002A7E8 (0x33258593) addi a1, a1, 0x332
x11 <- 0x00000000B504F332
mem[X,0x000000008002A7EC] -> 0x0113
mem[X,0x000000008002A7EE] -> 0x0000
[6110] [M]: 0x000000008002A7EC (0x00000113) addi sp, zero, 0x0
x2 <- 0x0000000000000000
mem[X,0x000000008002A7F0] -> 0x006F
mem[X,0x000000008002A7F2] -> 0x00C0
[6111] [M]: 0x000000008002A7F0 (0x00C0006F) jal zero, 0xc
mem[X,0x000000008002A7FC] -> 0x1063
mem[X,0x000000008002A7FE] -> 0x02B5
[6112] [M]: 0x000000008002A7FC (0x02B51063) bne a0, a1, 0x20
mem[X,0x000000008002A81C] -> 0x0113
mem[X,0x000000008002A81E] -> 0x0031
[6113] [M]: 0x000000008002A81C (0x00310113) addi sp, sp, 0x3
x2 <- 0x0000000000000003
mem[X,0x000000008002A820] -> 0x006F
mem[X,0x000000008002A822] -> 0x0040
[6114] [M]: 0x000000008002A820 (0x0040006F) jal zero, 0x4
mem[X,0x000000008002A824] -> 0xB823
mem[X,0x000000008002A826] -> 0x3E20
[6115] [M]: 0x000000008002A824 (0x3E20B823) sd sp, 0x3f0(ra)
mem[0x0000000080045DC8] <- 0x0000000000000003
mem[X,0x000000008002A828] -> 0x5537
mem[X,0x000000008002A82A] -> 0x5555
[6116] [M]: 0x000000008002A828 (0x55555537) lui a0, 0x55555
x10 <- 0x0000000055555000
mem[X,0x000000008002A82C] -> 0x0513
mem[X,0x000000008002A82E] -> 0x5555
[6117] [M]: 0x000000008002A82C (0x55550513) addi a0, a0, 0x555
x10 <- 0x0000000055555555
mem[X,0x000000008002A830] -> 0x1513
mem[X,0x000000008002A832] -> 0x00B5
[6118] [M]: 0x000000008002A830 (0x00B51513) slli a0, a0, 0xb
x10 <- 0x000002AAAAAAA800
mem[X,0x000000008002A834] -> 0x0513
mem[X,0x000000008002A836] -> 0x2AA5
[6119] [M]: 0x000000008002A834 (0x2AA50513) addi a0, a0, 0x2aa
x10 <- 0x000002AAAAAAAAAA
mem[X,0x000000008002A838] -> 0x1513
mem[X,0x000000008002A83A] -> 0x00B5
[6120] [M]: 0x000000008002A838 (0x00B51513) slli a0, a0, 0xb
x10 <- 0x0015555555555000
mem[X,0x000000008002A83C] -> 0x0513
mem[X,0x000000008002A83E] -> 0x5555
[6121] [M]: 0x000000008002A83C (0x55550513) addi a0, a0, 0x555
x10 <- 0x0015555555555555
mem[X,0x000000008002A840] -> 0x1513
mem[X,0x000000008002A842] -> 0x00A5
[6122] [M]: 0x000000008002A840 (0x00A51513) slli a0, a0, 0xa
x10 <- 0x5555555555555400
mem[X,0x000000008002A844] -> 0x0513
mem[X,0x000000008002A846] -> 0x1545
[6123] [M]: 0x000000008002A844 (0x15450513) addi a0, a0, 0x154
x10 <- 0x5555555555555554
mem[X,0x000000008002A848] -> 0x55B7
mem[X,0x000000008002A84A] -> 0x5555
[6124] [M]: 0x000000008002A848 (0x555555B7) lui a1, 0x55555
x11 <- 0x0000000055555000
mem[X,0x000000008002A84C] -> 0x8593
mem[X,0x000000008002A84E] -> 0x5555
[6125] [M]: 0x000000008002A84C (0x55558593) addi a1, a1, 0x555
x11 <- 0x0000000055555555
mem[X,0x000000008002A850] -> 0x9593
mem[X,0x000000008002A852] -> 0x00B5
[6126] [M]: 0x000000008002A850 (0x00B59593) slli a1, a1, 0xb
x11 <- 0x000002AAAAAAA800
mem[X,0x000000008002A854] -> 0x8593
mem[X,0x000000008002A856] -> 0x2AA5
[6127] [M]: 0x000000008002A854 (0x2AA58593) addi a1, a1, 0x2aa
x11 <- 0x000002AAAAAAAAAA
mem[X,0x000000008002A858] -> 0x9593
mem[X,0x000000008002A85A] -> 0x00B5
[6128] [M]: 0x000000008002A858 (0x00B59593) slli a1, a1, 0xb
x11 <- 0x0015555555555000
mem[X,0x000000008002A85C] -> 0x8593
mem[X,0x000000008002A85E] -> 0x5555
[6129] [M]: 0x000000008002A85C (0x55558593) addi a1, a1, 0x555
x11 <- 0x0015555555555555
mem[X,0x000000008002A860] -> 0x9593
mem[X,0x000000008002A862] -> 0x00A5
[6130] [M]: 0x000000008002A860 (0x00A59593) slli a1, a1, 0xa
x11 <- 0x5555555555555400
mem[X,0x000000008002A864] -> 0x8593
mem[X,0x000000008002A866] -> 0x1565
[6131] [M]: 0x000000008002A864 (0x15658593) addi a1, a1, 0x156
x11 <- 0x5555555555555556
mem[X,0x000000008002A868] -> 0x0113
mem[X,0x000000008002A86A] -> 0x0000
[6132] [M]: 0x000000008002A868 (0x00000113) addi sp, zero, 0x0
x2 <- 0x0000000000000000
mem[X,0x000000008002A86C] -> 0x006F
mem[X,0x000000008002A86E] -> 0x00C0
[6133] [M]: 0x000000008002A86C (0x00C0006F) jal zero, 0xc
mem[X,0x000000008002A878] -> 0x1063
mem[X,0x000000008002A87A] -> 0x02B5
[6134] [M]: 0x000000008002A878 (0x02B51063) bne a0, a1, 0x20
mem[X,0x000000008002A898] -> 0x0113
mem[X,0x000000008002A89A] -> 0x0031
[6135] [M]: 0x000000008002A898 (0x00310113) addi sp, sp, 0x3
x2 <- 0x0000000000000003
mem[X,0x000000008002A89C] -> 0x006F
mem[X,0x000000008002A89E] -> 0x0040
[6136] [M]: 0x000000008002A89C (0x0040006F) jal zero, 0x4
mem[X,0x000000008002A8A0] -> 0xBC23
mem[X,0x000000008002A8A2] -> 0x3E20
[6137] [M]: 0x000000008002A8A0 (0x3E20BC23) sd sp, 0x3f8(ra)
mem[0x0000000080045DD0] <- 0x0000000000000003
mem[X,0x000000008002A8A4] -> 0x5537
mem[X,0x000000008002A8A6] -> 0x5555
[6138] [M]: 0x000000008002A8A4 (0x55555537) lui a0, 0x55555
x10 <- 0x0000000055555000
mem[X,0x000000008002A8A8] -> 0x0513
mem[X,0x000000008002A8AA] -> 0x5555
[6139] [M]: 0x000000008002A8A8 (0x55550513) addi a0, a0, 0x555
x10 <- 0x0000000055555555
mem[X,0x000000008002A8AC] -> 0x1513
mem[X,0x000000008002A8AE] -> 0x00B5
[6140] [M]: 0x000000008002A8AC (0x00B51513) slli a0, a0, 0xb
x10 <- 0x000002AAAAAAA800
mem[X,0x000000008002A8B0] -> 0x0513
mem[X,0x000000008002A8B2] -> 0x2AA5
[6141] [M]: 0x000000008002A8B0 (0x2AA50513) addi a0, a0, 0x2aa
x10 <- 0x000002AAAAAAAAAA
mem[X,0x000000008002A8B4] -> 0x1513
mem[X,0x000000008002A8B6] -> 0x00B5
[6142] [M]: 0x000000008002A8B4 (0x00B51513) slli a0, a0, 0xb
x10 <- 0x0015555555555000
mem[X,0x000000008002A8B8] -> 0x0513
mem[X,0x000000008002A8BA] -> 0x5555
[6143] [M]: 0x000000008002A8B8 (0x55550513) addi a0, a0, 0x555
x10 <- 0x0015555555555555
mem[X,0x000000008002A8BC] -> 0x1513
mem[X,0x000000008002A8BE] -> 0x00A5
[6144] [M]: 0x000000008002A8BC (0x00A51513) slli a0, a0, 0xa
x10 <- 0x5555555555555400
mem[X,0x000000008002A8C0] -> 0x0513
mem[X,0x000000008002A8C2] -> 0x1545
[6145] [M]: 0x000000008002A8C0 (0x15450513) addi a0, a0, 0x154
x10 <- 0x5555555555555554
mem[X,0x000000008002A8C4] -> 0xB5B7
mem[X,0x000000008002A8C6] -> 0xAAAA
[6146] [M]: 0x000000008002A8C4 (0xAAAAB5B7) lui a1, -0x55555
x11 <- 0xFFFFFFFFAAAAB000
mem[X,0x000000008002A8C8] -> 0x8593
mem[X,0x000000008002A8CA] -> 0xAAA5
[6147] [M]: 0x000000008002A8C8 (0xAAA58593) addi a1, a1, -0x556
x11 <- 0xFFFFFFFFAAAAAAAA
mem[X,0x000000008002A8CC] -> 0x9593
mem[X,0x000000008002A8CE] -> 0x00B5
[6148] [M]: 0x000000008002A8CC (0x00B59593) slli a1, a1, 0xb
x11 <- 0xFFFFFD5555555000
mem[X,0x000000008002A8D0] -> 0x8593
mem[X,0x000000008002A8D2] -> 0x5555
[6149] [M]: 0x000000008002A8D0 (0x55558593) addi a1, a1, 0x555
x11 <- 0xFFFFFD5555555555
mem[X,0x000000008002A8D4] -> 0x9593
mem[X,0x000000008002A8D6] -> 0x00B5
[6150] [M]: 0x000000008002A8D4 (0x00B59593) slli a1, a1, 0xb
x11 <- 0xFFEAAAAAAAAAA800
mem[X,0x000000008002A8D8] -> 0x8593
mem[X,0x000000008002A8DA] -> 0x2AA5
[6151] [M]: 0x000000008002A8D8 (0x2AA58593) addi a1, a1, 0x2aa
x11 <- 0xFFEAAAAAAAAAAAAA
mem[X,0x000000008002A8DC] -> 0x9593
mem[X,0x000000008002A8DE] -> 0x00A5
[6152] [M]: 0x000000008002A8DC (0x00A59593) slli a1, a1, 0xa
x11 <- 0xAAAAAAAAAAAAA800
mem[X,0x000000008002A8E0] -> 0x8593
mem[X,0x000000008002A8E2] -> 0x2AB5
[6153] [M]: 0x000000008002A8E0 (0x2AB58593) addi a1, a1, 0x2ab
x11 <- 0xAAAAAAAAAAAAAAAB
mem[X,0x000000008002A8E4] -> 0x0113
mem[X,0x000000008002A8E6] -> 0x0000
[6154] [M]: 0x000000008002A8E4 (0x00000113) addi sp, zero, 0x0
x2 <- 0x0000000000000000
mem[X,0x000000008002A8E8] -> 0x006F
mem[X,0x000000008002A8EA] -> 0x0100
[6155] [M]: 0x000000008002A8E8 (0x0100006F) jal zero, 0x10
mem[X,0x000000008002A8F8] -> 0x1AE3
mem[X,0x000000008002A8FA] -> 0xFEB5
[6156] [M]: 0x000000008002A8F8 (0xFEB51AE3) bne a0, a1, -0xc
mem[X,0x000000008002A8EC] -> 0x0113
mem[X,0x000000008002A8EE] -> 0x0011
[6157] [M]: 0x000000008002A8EC (0x00110113) addi sp, sp, 0x1
x2 <- 0x0000000000000001
mem[X,0x000000008002A8F0] -> 0x006F
mem[X,0x000000008002A8F2] -> 0x01C0
[6158] [M]: 0x000000008002A8F0 (0x01C0006F) jal zero, 0x1c
mem[X,0x000000008002A90C] -> 0xB023
mem[X,0x000000008002A90E] -> 0x4020
[6159] [M]: 0x000000008002A90C (0x4020B023) sd sp, 0x400(ra)
mem[0x0000000080045DD8] <- 0x0000000000000001
mem[X,0x000000008002A910] -> 0x5537
mem[X,0x000000008002A912] -> 0x5555
[6160] [M]: 0x000000008002A910 (0x55555537) lui a0, 0x55555
x10 <- 0x0000000055555000
mem[X,0x000000008002A914] -> 0x0513
mem[X,0x000000008002A916] -> 0x5555
[6161] [M]: 0x000000008002A914 (0x55550513) addi a0, a0, 0x555
x10 <- 0x0000000055555555
mem[X,0x000000008002A918] -> 0x1513
mem[X,0x000000008002A91A] -> 0x00B5
[6162] [M]: 0x000000008002A918 (0x00B51513) slli a0, a0, 0xb
x10 <- 0x000002AAAAAAA800
mem[X,0x000000008002A91C] -> 0x0513
mem[X,0x000000008002A91E] -> 0x2AA5
[6163] [M]: 0x000000008002A91C (0x2AA50513) addi a0, a0, 0x2aa
x10 <- 0x000002AAAAAAAAAA
mem[X,0x000000008002A920] -> 0x1513
mem[X,0x000000008002A922] -> 0x00B5
[6164] [M]: 0x000000008002A920 (0x00B51513) slli a0, a0, 0xb
x10 <- 0x0015555555555000
mem[X,0x000000008002A924] -> 0x0513
mem[X,0x000000008002A926] -> 0x5555
[6165] [M]: 0x000000008002A924 (0x55550513) addi a0, a0, 0x555
x10 <- 0x0015555555555555
mem[X,0x000000008002A928] -> 0x1513
mem[X,0x000000008002A92A] -> 0x00A5
[6166] [M]: 0x000000008002A928 (0x00A51513) slli a0, a0, 0xa
x10 <- 0x5555555555555400
mem[X,0x000000008002A92C] -> 0x0513
mem[X,0x000000008002A92E] -> 0x1545
[6167] [M]: 0x000000008002A92C (0x15450513) addi a0, a0, 0x154
x10 <- 0x5555555555555554
mem[X,0x000000008002A930] -> 0x0593
mem[X,0x000000008002A932] -> 0x0060
[6168] [M]: 0x000000008002A930 (0x00600593) addi a1, zero, 0x6
x11 <- 0x0000000000000006
mem[X,0x000000008002A934] -> 0x0113
mem[X,0x000000008002A936] -> 0x0000
[6169] [M]: 0x000000008002A934 (0x00000113) addi sp, zero, 0x0
x2 <- 0x0000000000000000
mem[X,0x000000008002A938] -> 0x006F
mem[X,0x000000008002A93A] -> 0x00C0
[6170] [M]: 0x000000008002A938 (0x00C0006F) jal zero, 0xc
mem[X,0x000000008002A944] -> 0x1CE3
mem[X,0x000000008002A946] -> 0xFEB5
[6171] [M]: 0x000000008002A944 (0xFEB51CE3) bne a0, a1, -0x8
mem[X,0x000000008002A93C] -> 0x0113
mem[X,0x000000008002A93E] -> 0x0011
[6172] [M]: 0x000000008002A93C (0x00110113) addi sp, sp, 0x1
x2 <- 0x0000000000000001
mem[X,0x000000008002A940] -> 0x006F
mem[X,0x000000008002A942] -> 0x0180
[6173] [M]: 0x000000008002A940 (0x0180006F) jal zero, 0x18
mem[X,0x000000008002A958] -> 0xB423
mem[X,0x000000008002A95A] -> 0x4020
[6174] [M]: 0x000000008002A958 (0x4020B423) sd sp, 0x408(ra)
mem[0x0000000080045DE0] <- 0x0000000000000001
mem[X,0x000000008002A95C] -> 0x5537
mem[X,0x000000008002A95E] -> 0x5555
[6175] [M]: 0x000000008002A95C (0x55555537) lui a0, 0x55555
x10 <- 0x0000000055555000
mem[X,0x000000008002A960] -> 0x0513
mem[X,0x000000008002A962] -> 0x5555
[6176] [M]: 0x000000008002A960 (0x55550513) addi a0, a0, 0x555
x10 <- 0x0000000055555555
mem[X,0x000000008002A964] -> 0x1513
mem[X,0x000000008002A966] -> 0x00B5
[6177] [M]: 0x000000008002A964 (0x00B51513) slli a0, a0, 0xb
x10 <- 0x000002AAAAAAA800
mem[X,0x000000008002A968] -> 0x0513
mem[X,0x000000008002A96A] -> 0x2AA5
[6178] [M]: 0x000000008002A968 (0x2AA50513) addi a0, a0, 0x2aa
x10 <- 0x000002AAAAAAAAAA
mem[X,0x000000008002A96C] -> 0x1513
mem[X,0x000000008002A96E] -> 0x00B5
[6179] [M]: 0x000000008002A96C (0x00B51513) slli a0, a0, 0xb
x10 <- 0x0015555555555000
mem[X,0x000000008002A970] -> 0x0513
mem[X,0x000000008002A972] -> 0x5555
[6180] [M]: 0x000000008002A970 (0x55550513) addi a0, a0, 0x555
x10 <- 0x0015555555555555
mem[X,0x000000008002A974] -> 0x1513
mem[X,0x000000008002A976] -> 0x00A5
[6181] [M]: 0x000000008002A974 (0x00A51513) slli a0, a0, 0xa
x10 <- 0x5555555555555400
mem[X,0x000000008002A978] -> 0x0513
mem[X,0x000000008002A97A] -> 0x1545
[6182] [M]: 0x000000008002A978 (0x15450513) addi a0, a0, 0x154
x10 <- 0x5555555555555554
mem[X,0x000000008002A97C] -> 0x35B7
mem[X,0x000000008002A97E] -> 0x3333
[6183] [M]: 0x000000008002A97C (0x333335B7) lui a1, 0x33333
x11 <- 0x0000000033333000
mem[X,0x000000008002A980] -> 0x8593
mem[X,0x000000008002A982] -> 0x3335
[6184] [M]: 0x000000008002A980 (0x33358593) addi a1, a1, 0x333
x11 <- 0x0000000033333333
mem[X,0x000000008002A984] -> 0x9593
mem[X,0x000000008002A986] -> 0x00B5
[6185] [M]: 0x000000008002A984 (0x00B59593) slli a1, a1, 0xb
x11 <- 0x0000019999999800
mem[X,0x000000008002A988] -> 0x8593
mem[X,0x000000008002A98A] -> 0x1995
[6186] [M]: 0x000000008002A988 (0x19958593) addi a1, a1, 0x199
x11 <- 0x0000019999999999
mem[X,0x000000008002A98C] -> 0x9593
mem[X,0x000000008002A98E] -> 0x00B5
[6187] [M]: 0x000000008002A98C (0x00B59593) slli a1, a1, 0xb
x11 <- 0x000CCCCCCCCCC800
mem[X,0x000000008002A990] -> 0x8593
mem[X,0x000000008002A992] -> 0x4CC5
[6188] [M]: 0x000000008002A990 (0x4CC58593) addi a1, a1, 0x4cc
x11 <- 0x000CCCCCCCCCCCCC
mem[X,0x000000008002A994] -> 0x9593
mem[X,0x000000008002A996] -> 0x00A5
[6189] [M]: 0x000000008002A994 (0x00A59593) slli a1, a1, 0xa
x11 <- 0x3333333333333000
mem[X,0x000000008002A998] -> 0x8593
mem[X,0x000000008002A99A] -> 0x3345
[6190] [M]: 0x000000008002A998 (0x33458593) addi a1, a1, 0x334
x11 <- 0x3333333333333334
mem[X,0x000000008002A99C] -> 0x0113
mem[X,0x000000008002A99E] -> 0x0000
[6191] [M]: 0x000000008002A99C (0x00000113) addi sp, zero, 0x0
x2 <- 0x0000000000000000
mem[X,0x000000008002A9A0] -> 0x006F
mem[X,0x000000008002A9A2] -> 0x00C0
[6192] [M]: 0x000000008002A9A0 (0x00C0006F) jal zero, 0xc
mem[X,0x000000008002A9AC] -> 0x1CE3
mem[X,0x000000008002A9AE] -> 0xFEB5
[6193] [M]: 0x000000008002A9AC (0xFEB51CE3) bne a0, a1, -0x8
mem[X,0x000000008002A9A4] -> 0x0113
mem[X,0x000000008002A9A6] -> 0x0011
[6194] [M]: 0x000000008002A9A4 (0x00110113) addi sp, sp, 0x1
x2 <- 0x0000000000000001
mem[X,0x000000008002A9A8] -> 0x006F
mem[X,0x000000008002A9AA] -> 0x0180
[6195] [M]: 0x000000008002A9A8 (0x0180006F) jal zero, 0x18
mem[X,0x000000008002A9C0] -> 0xB823
mem[X,0x000000008002A9C2] -> 0x4020
[6196] [M]: 0x000000008002A9C0 (0x4020B823) sd sp, 0x410(ra)
mem[0x0000000080045DE8] <- 0x0000000000000001
mem[X,0x000000008002A9C4] -> 0x5537
mem[X,0x000000008002A9C6] -> 0x5555
[6197] [M]: 0x000000008002A9C4 (0x55555537) lui a0, 0x55555
x10 <- 0x0000000055555000
mem[X,0x000000008002A9C8] -> 0x0513
mem[X,0x000000008002A9CA] -> 0x5555
[6198] [M]: 0x000000008002A9C8 (0x55550513) addi a0, a0, 0x555
x10 <- 0x0000000055555555
mem[X,0x000000008002A9CC] -> 0x1513
mem[X,0x000000008002A9CE] -> 0x00B5
[6199] [M]: 0x000000008002A9CC (0x00B51513) slli a0, a0, 0xb
x10 <- 0x000002AAAAAAA800
clint::tick mtime <- 0x000000000000003E
 clint timer pending at mtime 0x000000000000003E
htif::tick 0x0000000000000000
mem[X,0x000000008002A9D0] -> 0x0513
mem[X,0x000000008002A9D2] -> 0x2AA5
[6200] [M]: 0x000000008002A9D0 (0x2AA50513) addi a0, a0, 0x2aa
x10 <- 0x000002AAAAAAAAAA
mem[X,0x000000008002A9D4] -> 0x1513
mem[X,0x000000008002A9D6] -> 0x00B5
[6201] [M]: 0x000000008002A9D4 (0x00B51513) slli a0, a0, 0xb
x10 <- 0x0015555555555000
mem[X,0x000000008002A9D8] -> 0x0513
mem[X,0x000000008002A9DA] -> 0x5555
[6202] [M]: 0x000000008002A9D8 (0x55550513) addi a0, a0, 0x555
x10 <- 0x0015555555555555
mem[X,0x000000008002A9DC] -> 0x1513
mem[X,0x000000008002A9DE] -> 0x00A5
[6203] [M]: 0x000000008002A9DC (0x00A51513) slli a0, a0, 0xa
x10 <- 0x5555555555555400
mem[X,0x000000008002A9E0] -> 0x0513
mem[X,0x000000008002A9E2] -> 0x1545
[6204] [M]: 0x000000008002A9E0 (0x15450513) addi a0, a0, 0x154
x10 <- 0x5555555555555554
mem[X,0x000000008002A9E4] -> 0x65B7
mem[X,0x000000008002A9E6] -> 0x6666
[6205] [M]: 0x000000008002A9E4 (0x666665B7) lui a1, 0x66666
x11 <- 0x0000000066666000
mem[X,0x000000008002A9E8] -> 0x8593
mem[X,0x000000008002A9EA] -> 0x6665
[6206] [M]: 0x000000008002A9E8 (0x66658593) addi a1, a1, 0x666
x11 <- 0x0000000066666666
mem[X,0x000000008002A9EC] -> 0x9593
mem[X,0x000000008002A9EE] -> 0x00B5
[6207] [M]: 0x000000008002A9EC (0x00B59593) slli a1, a1, 0xb
x11 <- 0x0000033333333000
mem[X,0x000000008002A9F0] -> 0x8593
mem[X,0x000000008002A9F2] -> 0x3335
[6208] [M]: 0x000000008002A9F0 (0x33358593) addi a1, a1, 0x333
x11 <- 0x0000033333333333
mem[X,0x000000008002A9F4] -> 0x9593
mem[X,0x000000008002A9F6] -> 0x00B5
[6209] [M]: 0x000000008002A9F4 (0x00B59593) slli a1, a1, 0xb
x11 <- 0x0019999999999800
mem[X,0x000000008002A9F8] -> 0x8593
mem[X,0x000000008002A9FA] -> 0x1995
[6210] [M]: 0x000000008002A9F8 (0x19958593) addi a1, a1, 0x199
x11 <- 0x0019999999999999
mem[X,0x000000008002A9FC] -> 0x9593
mem[X,0x000000008002A9FE] -> 0x00A5
[6211] [M]: 0x000000008002A9FC (0x00A59593) slli a1, a1, 0xa
x11 <- 0x6666666666666400
mem[X,0x000000008002AA00] -> 0x8593
mem[X,0x000000008002AA02] -> 0x2675
[6212] [M]: 0x000000008002AA00 (0x26758593) addi a1, a1, 0x267
x11 <- 0x6666666666666667
mem[X,0x000000008002AA04] -> 0x0113
mem[X,0x000000008002AA06] -> 0x0000
[6213] [M]: 0x000000008002AA04 (0x00000113) addi sp, zero, 0x0
x2 <- 0x0000000000000000
mem[X,0x000000008002AA08] -> 0x006F
mem[X,0x000000008002AA0A] -> 0x0140
[6214] [M]: 0x000000008002AA08 (0x0140006F) jal zero, 0x14
mem[X,0x000000008002AA1C] -> 0x18E3
mem[X,0x000000008002AA1E] -> 0xFEB5
[6215] [M]: 0x000000008002AA1C (0xFEB518E3) bne a0, a1, -0x10
mem[X,0x000000008002AA0C] -> 0x0113
mem[X,0x000000008002AA0E] -> 0x0011
[6216] [M]: 0x000000008002AA0C (0x00110113) addi sp, sp, 0x1
x2 <- 0x0000000000000001
mem[X,0x000000008002AA10] -> 0x006F
mem[X,0x000000008002AA12] -> 0x0200
[6217] [M]: 0x000000008002AA10 (0x0200006F) jal zero, 0x20
mem[X,0x000000008002AA30] -> 0xBC23
mem[X,0x000000008002AA32] -> 0x4020
[6218] [M]: 0x000000008002AA30 (0x4020BC23) sd sp, 0x418(ra)
mem[0x0000000080045DF0] <- 0x0000000000000001
mem[X,0x000000008002AA34] -> 0x5537
mem[X,0x000000008002AA36] -> 0x5555
[6219] [M]: 0x000000008002AA34 (0x55555537) lui a0, 0x55555
x10 <- 0x0000000055555000
mem[X,0x000000008002AA38] -> 0x0513
mem[X,0x000000008002AA3A] -> 0x5555
[6220] [M]: 0x000000008002AA38 (0x55550513) addi a0, a0, 0x555
x10 <- 0x0000000055555555
mem[X,0x000000008002AA3C] -> 0x1513
mem[X,0x000000008002AA3E] -> 0x00B5
[6221] [M]: 0x000000008002AA3C (0x00B51513) slli a0, a0, 0xb
x10 <- 0x000002AAAAAAA800
mem[X,0x000000008002AA40] -> 0x0513
mem[X,0x000000008002AA42] -> 0x2AA5
[6222] [M]: 0x000000008002AA40 (0x2AA50513) addi a0, a0, 0x2aa
x10 <- 0x000002AAAAAAAAAA
mem[X,0x000000008002AA44] -> 0x1513
mem[X,0x000000008002AA46] -> 0x00B5
[6223] [M]: 0x000000008002AA44 (0x00B51513) slli a0, a0, 0xb
x10 <- 0x0015555555555000
mem[X,0x000000008002AA48] -> 0x0513
mem[X,0x000000008002AA4A] -> 0x5555
[6224] [M]: 0x000000008002AA48 (0x55550513) addi a0, a0, 0x555
x10 <- 0x0015555555555555
mem[X,0x000000008002AA4C] -> 0x1513
mem[X,0x000000008002AA4E] -> 0x00A5
[6225] [M]: 0x000000008002AA4C (0x00A51513) slli a0, a0, 0xa
x10 <- 0x5555555555555400
mem[X,0x000000008002AA50] -> 0x0513
mem[X,0x000000008002AA52] -> 0x1545
[6226] [M]: 0x000000008002AA50 (0x15450513) addi a0, a0, 0x154
x10 <- 0x5555555555555554
mem[X,0x000000008002AA54] -> 0x05B7
mem[X,0x000000008002AA56] -> 0x0000
[6227] [M]: 0x000000008002AA54 (0x000005B7) lui a1, 0x0
x11 <- 0x0000000000000000
mem[X,0x000000008002AA58] -> 0x8593
mem[X,0x000000008002AA5A] -> 0xFFF5
[6228] [M]: 0x000000008002AA58 (0xFFF58593) addi a1, a1, -0x1
x11 <- 0xFFFFFFFFFFFFFFFF
mem[X,0x000000008002AA5C] -> 0x9593
mem[X,0x000000008002AA5E] -> 0x00B5
[6229] [M]: 0x000000008002AA5C (0x00B59593) slli a1, a1, 0xb
x11 <- 0xFFFFFFFFFFFFF800
mem[X,0x000000008002AA60] -> 0x8593
mem[X,0x000000008002AA62] -> 0x2575
[6230] [M]: 0x000000008002AA60 (0x25758593) addi a1, a1, 0x257
x11 <- 0xFFFFFFFFFFFFFA57
mem[X,0x000000008002AA64] -> 0x9593
mem[X,0x000000008002AA66] -> 0x00B5
[6231] [M]: 0x000000008002AA64 (0x00B59593) slli a1, a1, 0xb
x11 <- 0xFFFFFFFFFFD2B800
mem[X,0x000000008002AA68] -> 0x8593
mem[X,0x000000008002AA6A] -> 0x6C35
[6232] [M]: 0x000000008002AA68 (0x6C358593) addi a1, a1, 0x6c3
x11 <- 0xFFFFFFFFFFD2BEC3
mem[X,0x000000008002AA6C] -> 0x9593
mem[X,0x000000008002AA6E] -> 0x00A5
[6233] [M]: 0x000000008002AA6C (0x00A59593) slli a1, a1, 0xa
x11 <- 0xFFFFFFFF4AFB0C00
mem[X,0x000000008002AA70] -> 0x8593
mem[X,0x000000008002AA72] -> 0x0CE5
[6234] [M]: 0x000000008002AA70 (0x0CE58593) addi a1, a1, 0xce
x11 <- 0xFFFFFFFF4AFB0CCE
mem[X,0x000000008002AA74] -> 0x0113
mem[X,0x000000008002AA76] -> 0x0000
[6235] [M]: 0x000000008002AA74 (0x00000113) addi sp, zero, 0x0
x2 <- 0x0000000000000000
mem[X,0x000000008002AA78] -> 0x006F
mem[X,0x000000008002AA7A] -> 0x00C0
[6236] [M]: 0x000000008002AA78 (0x00C0006F) jal zero, 0xc
mem[X,0x000000008002AA84] -> 0x1663
mem[X,0x000000008002AA86] -> 0x00B5
[6237] [M]: 0x000000008002AA84 (0x00B51663) bne a0, a1, 0xc
mem[X,0x000000008002AA90] -> 0x0113
mem[X,0x000000008002AA92] -> 0x0031
[6238] [M]: 0x000000008002AA90 (0x00310113) addi sp, sp, 0x3
x2 <- 0x0000000000000003
mem[X,0x000000008002AA94] -> 0x006F
mem[X,0x000000008002AA96] -> 0x0040
[6239] [M]: 0x000000008002AA94 (0x0040006F) jal zero, 0x4
mem[X,0x000000008002AA98] -> 0xB023
mem[X,0x000000008002AA9A] -> 0x4220
[6240] [M]: 0x000000008002AA98 (0x4220B023) sd sp, 0x420(ra)
mem[0x0000000080045DF8] <- 0x0000000000000003
mem[X,0x000000008002AA9C] -> 0x5537
mem[X,0x000000008002AA9E] -> 0x5555
[6241] [M]: 0x000000008002AA9C (0x55555537) lui a0, 0x55555
x10 <- 0x0000000055555000
mem[X,0x000000008002AAA0] -> 0x0513
mem[X,0x000000008002AAA2] -> 0x5555
[6242] [M]: 0x000000008002AAA0 (0x55550513) addi a0, a0, 0x555
x10 <- 0x0000000055555555
mem[X,0x000000008002AAA4] -> 0x1513
mem[X,0x000000008002AAA6] -> 0x00B5
[6243] [M]: 0x000000008002AAA4 (0x00B51513) slli a0, a0, 0xb
x10 <- 0x000002AAAAAAA800
mem[X,0x000000008002AAA8] -> 0x0513
mem[X,0x000000008002AAAA] -> 0x2AA5
[6244] [M]: 0x000000008002AAA8 (0x2AA50513) addi a0, a0, 0x2aa
x10 <- 0x000002AAAAAAAAAA
mem[X,0x000000008002AAAC] -> 0x1513
mem[X,0x000000008002AAAE] -> 0x00B5
[6245] [M]: 0x000000008002AAAC (0x00B51513) slli a0, a0, 0xb
x10 <- 0x0015555555555000
mem[X,0x000000008002AAB0] -> 0x0513
mem[X,0x000000008002AAB2] -> 0x5555
[6246] [M]: 0x000000008002AAB0 (0x55550513) addi a0, a0, 0x555
x10 <- 0x0015555555555555
mem[X,0x000000008002AAB4] -> 0x1513
mem[X,0x000000008002AAB6] -> 0x00A5
[6247] [M]: 0x000000008002AAB4 (0x00A51513) slli a0, a0, 0xa
x10 <- 0x5555555555555400
mem[X,0x000000008002AAB8] -> 0x0513
mem[X,0x000000008002AABA] -> 0x1545
[6248] [M]: 0x000000008002AAB8 (0x15450513) addi a0, a0, 0x154
x10 <- 0x5555555555555554
mem[X,0x000000008002AABC] -> 0x05B7
mem[X,0x000000008002AABE] -> 0x0000
[6249] [M]: 0x000000008002AABC (0x000005B7) lui a1, 0x0
x11 <- 0x0000000000000000
mem[X,0x000000008002AAC0] -> 0x8593
mem[X,0x000000008002AAC2] -> 0x0005
[6250] [M]: 0x000000008002AAC0 (0x00058593) addi a1, a1, 0x0
x11 <- 0x0000000000000000
mem[X,0x000000008002AAC4] -> 0x9593
mem[X,0x000000008002AAC6] -> 0x00B5
[6251] [M]: 0x000000008002AAC4 (0x00B59593) slli a1, a1, 0xb
x11 <- 0x0000000000000000
mem[X,0x000000008002AAC8] -> 0x8593
mem[X,0x000000008002AACA] -> 0x5A85
[6252] [M]: 0x000000008002AAC8 (0x5A858593) addi a1, a1, 0x5a8
x11 <- 0x00000000000005A8
mem[X,0x000000008002AACC] -> 0x9593
mem[X,0x000000008002AACE] -> 0x00B5
[6253] [M]: 0x000000008002AACC (0x00B59593) slli a1, a1, 0xb
x11 <- 0x00000000002D4000
mem[X,0x000000008002AAD0] -> 0x8593
mem[X,0x000000008002AAD2] -> 0x13C5
[6254] [M]: 0x000000008002AAD0 (0x13C58593) addi a1, a1, 0x13c
x11 <- 0x00000000002D413C
mem[X,0x000000008002AAD4] -> 0x9593
mem[X,0x000000008002AAD6] -> 0x00A5
[6255] [M]: 0x000000008002AAD4 (0x00A59593) slli a1, a1, 0xa
x11 <- 0x00000000B504F000
mem[X,0x000000008002AAD8] -> 0x8593
mem[X,0x000000008002AADA] -> 0x3345
[6256] [M]: 0x000000008002AAD8 (0x33458593) addi a1, a1, 0x334
x11 <- 0x00000000B504F334
mem[X,0x000000008002AADC] -> 0x0113
mem[X,0x000000008002AADE] -> 0x0000
[6257] [M]: 0x000000008002AADC (0x00000113) addi sp, zero, 0x0
x2 <- 0x0000000000000000
mem[X,0x000000008002AAE0] -> 0x006F
mem[X,0x000000008002AAE2] -> 0x0180
[6258] [M]: 0x000000008002AAE0 (0x0180006F) jal zero, 0x18
mem[X,0x000000008002AAF8] -> 0x16E3
mem[X,0x000000008002AAFA] -> 0xFEB5
[6259] [M]: 0x000000008002AAF8 (0xFEB516E3) bne a0, a1, -0x14
mem[X,0x000000008002AAE4] -> 0x0113
mem[X,0x000000008002AAE6] -> 0x0011
[6260] [M]: 0x000000008002AAE4 (0x00110113) addi sp, sp, 0x1
x2 <- 0x0000000000000001
mem[X,0x000000008002AAE8] -> 0x006F
mem[X,0x000000008002AAEA] -> 0x0240
[6261] [M]: 0x000000008002AAE8 (0x0240006F) jal zero, 0x24
mem[X,0x000000008002AB0C] -> 0xB423
mem[X,0x000000008002AB0E] -> 0x4220
[6262] [M]: 0x000000008002AB0C (0x4220B423) sd sp, 0x428(ra)
mem[0x0000000080045E00] <- 0x0000000000000001
mem[X,0x000000008002AB10] -> 0x0513
mem[X,0x000000008002AB12] -> 0x0000
[6263] [M]: 0x000000008002AB10 (0x00000513) addi a0, zero, 0x0
x10 <- 0x0000000000000000
mem[X,0x000000008002AB14] -> 0x0593
mem[X,0x000000008002AB16] -> 0x0030
[6264] [M]: 0x000000008002AB14 (0x00300593) addi a1, zero, 0x3
x11 <- 0x0000000000000003
mem[X,0x000000008002AB18] -> 0x0113
mem[X,0x000000008002AB1A] -> 0x0000
[6265] [M]: 0x000000008002AB18 (0x00000113) addi sp, zero, 0x0
x2 <- 0x0000000000000000
mem[X,0x000000008002AB1C] -> 0x006F
mem[X,0x000000008002AB1E] -> 0x00C0
[6266] [M]: 0x000000008002AB1C (0x00C0006F) jal zero, 0xc
mem[X,0x000000008002AB28] -> 0x1CE3
mem[X,0x000000008002AB2A] -> 0xFEB5
[6267] [M]: 0x000000008002AB28 (0xFEB51CE3) bne a0, a1, -0x8
mem[X,0x000000008002AB20] -> 0x0113
mem[X,0x000000008002AB22] -> 0x0011
[6268] [M]: 0x000000008002AB20 (0x00110113) addi sp, sp, 0x1
x2 <- 0x0000000000000001
mem[X,0x000000008002AB24] -> 0x006F
mem[X,0x000000008002AB26] -> 0x0180
[6269] [M]: 0x000000008002AB24 (0x0180006F) jal zero, 0x18
mem[X,0x000000008002AB3C] -> 0xB823
mem[X,0x000000008002AB3E] -> 0x4220
[6270] [M]: 0x000000008002AB3C (0x4220B823) sd sp, 0x430(ra)
mem[0x0000000080045E08] <- 0x0000000000000001
mem[X,0x000000008002AB40] -> 0x0513
mem[X,0x000000008002AB42] -> 0x0000
[6271] [M]: 0x000000008002AB40 (0x00000513) addi a0, zero, 0x0
x10 <- 0x0000000000000000
mem[X,0x000000008002AB44] -> 0x55B7
mem[X,0x000000008002AB46] -> 0x5555
[6272] [M]: 0x000000008002AB44 (0x555555B7) lui a1, 0x55555
x11 <- 0x0000000055555000
mem[X,0x000000008002AB48] -> 0x8593
mem[X,0x000000008002AB4A] -> 0x5555
[6273] [M]: 0x000000008002AB48 (0x55558593) addi a1, a1, 0x555
x11 <- 0x0000000055555555
mem[X,0x000000008002AB4C] -> 0x9593
mem[X,0x000000008002AB4E] -> 0x00B5
[6274] [M]: 0x000000008002AB4C (0x00B59593) slli a1, a1, 0xb
x11 <- 0x000002AAAAAAA800
mem[X,0x000000008002AB50] -> 0x8593
mem[X,0x000000008002AB52] -> 0x2AA5
[6275] [M]: 0x000000008002AB50 (0x2AA58593) addi a1, a1, 0x2aa
x11 <- 0x000002AAAAAAAAAA
mem[X,0x000000008002AB54] -> 0x9593
mem[X,0x000000008002AB56] -> 0x00B5
[6276] [M]: 0x000000008002AB54 (0x00B59593) slli a1, a1, 0xb
x11 <- 0x0015555555555000
mem[X,0x000000008002AB58] -> 0x8593
mem[X,0x000000008002AB5A] -> 0x5555
[6277] [M]: 0x000000008002AB58 (0x55558593) addi a1, a1, 0x555
x11 <- 0x0015555555555555
mem[X,0x000000008002AB5C] -> 0x9593
mem[X,0x000000008002AB5E] -> 0x00A5
[6278] [M]: 0x000000008002AB5C (0x00A59593) slli a1, a1, 0xa
x11 <- 0x5555555555555400
mem[X,0x000000008002AB60] -> 0x8593
mem[X,0x000000008002AB62] -> 0x1555
[6279] [M]: 0x000000008002AB60 (0x15558593) addi a1, a1, 0x155
x11 <- 0x5555555555555555
mem[X,0x000000008002AB64] -> 0x0113
mem[X,0x000000008002AB66] -> 0x0000
[6280] [M]: 0x000000008002AB64 (0x00000113) addi sp, zero, 0x0
x2 <- 0x0000000000000000
mem[X,0x000000008002AB68] -> 0x006F
mem[X,0x000000008002AB6A] -> 0x0180
[6281] [M]: 0x000000008002AB68 (0x0180006F) jal zero, 0x18
mem[X,0x000000008002AB80] -> 0x16E3
mem[X,0x000000008002AB82] -> 0xFEB5
[6282] [M]: 0x000000008002AB80 (0xFEB516E3) bne a0, a1, -0x14
mem[X,0x000000008002AB6C] -> 0x0113
mem[X,0x000000008002AB6E] -> 0x0011
[6283] [M]: 0x000000008002AB6C (0x00110113) addi sp, sp, 0x1
x2 <- 0x0000000000000001
mem[X,0x000000008002AB70] -> 0x006F
mem[X,0x000000008002AB72] -> 0x0240
[6284] [M]: 0x000000008002AB70 (0x0240006F) jal zero, 0x24
mem[X,0x000000008002AB94] -> 0xBC23
mem[X,0x000000008002AB96] -> 0x4220
[6285] [M]: 0x000000008002AB94 (0x4220BC23) sd sp, 0x438(ra)
mem[0x0000000080045E10] <- 0x0000000000000001
mem[X,0x000000008002AB98] -> 0x0513
mem[X,0x000000008002AB9A] -> 0x0000
[6286] [M]: 0x000000008002AB98 (0x00000513) addi a0, zero, 0x0
x10 <- 0x0000000000000000
mem[X,0x000000008002AB9C] -> 0xB5B7
mem[X,0x000000008002AB9E] -> 0xAAAA
[6287] [M]: 0x000000008002AB9C (0xAAAAB5B7) lui a1, -0x55555
x11 <- 0xFFFFFFFFAAAAB000
mem[X,0x000000008002ABA0] -> 0x8593
mem[X,0x000000008002ABA2] -> 0xAAA5
[6288] [M]: 0x000000008002ABA0 (0xAAA58593) addi a1, a1, -0x556
x11 <- 0xFFFFFFFFAAAAAAAA
mem[X,0x000000008002ABA4] -> 0x9593
mem[X,0x000000008002ABA6] -> 0x00B5
[6289] [M]: 0x000000008002ABA4 (0x00B59593) slli a1, a1, 0xb
x11 <- 0xFFFFFD5555555000
mem[X,0x000000008002ABA8] -> 0x8593
mem[X,0x000000008002ABAA] -> 0x5555
[6290] [M]: 0x000000008002ABA8 (0x55558593) addi a1, a1, 0x555
x11 <- 0xFFFFFD5555555555
mem[X,0x000000008002ABAC] -> 0x9593
mem[X,0x000000008002ABAE] -> 0x00B5
[6291] [M]: 0x000000008002ABAC (0x00B59593) slli a1, a1, 0xb
x11 <- 0xFFEAAAAAAAAAA800
mem[X,0x000000008002ABB0] -> 0x8593
mem[X,0x000000008002ABB2] -> 0x2AA5
[6292] [M]: 0x000000008002ABB0 (0x2AA58593) addi a1, a1, 0x2aa
x11 <- 0xFFEAAAAAAAAAAAAA
mem[X,0x000000008002ABB4] -> 0x9593
mem[X,0x000000008002ABB6] -> 0x00A5
[6293] [M]: 0x000000008002ABB4 (0x00A59593) slli a1, a1, 0xa
x11 <- 0xAAAAAAAAAAAAA800
mem[X,0x000000008002ABB8] -> 0x8593
mem[X,0x000000008002ABBA] -> 0x2AA5
[6294] [M]: 0x000000008002ABB8 (0x2AA58593) addi a1, a1, 0x2aa
x11 <- 0xAAAAAAAAAAAAAAAA
mem[X,0x000000008002ABBC] -> 0x0113
mem[X,0x000000008002ABBE] -> 0x0000
[6295] [M]: 0x000000008002ABBC (0x00000113) addi sp, zero, 0x0
x2 <- 0x0000000000000000
mem[X,0x000000008002ABC0] -> 0x006F
mem[X,0x000000008002ABC2] -> 0x00C0
[6296] [M]: 0x000000008002ABC0 (0x00C0006F) jal zero, 0xc
mem[X,0x000000008002ABCC] -> 0x1CE3
mem[X,0x000000008002ABCE] -> 0xFEB5
[6297] [M]: 0x000000008002ABCC (0xFEB51CE3) bne a0, a1, -0x8
mem[X,0x000000008002ABC4] -> 0x0113
mem[X,0x000000008002ABC6] -> 0x0011
[6298] [M]: 0x000000008002ABC4 (0x00110113) addi sp, sp, 0x1
x2 <- 0x0000000000000001
mem[X,0x000000008002ABC8] -> 0x006F
mem[X,0x000000008002ABCA] -> 0x0180
[6299] [M]: 0x000000008002ABC8 (0x0180006F) jal zero, 0x18
clint::tick mtime <- 0x000000000000003F
 clint timer pending at mtime 0x000000000000003F
htif::tick 0x0000000000000000
mem[X,0x000000008002ABE0] -> 0xB023
mem[X,0x000000008002ABE2] -> 0x4420
[6300] [M]: 0x000000008002ABE0 (0x4420B023) sd sp, 0x440(ra)
mem[0x0000000080045E18] <- 0x0000000000000001
mem[X,0x000000008002ABE4] -> 0x0513
mem[X,0x000000008002ABE6] -> 0x0000
[6301] [M]: 0x000000008002ABE4 (0x00000513) addi a0, zero, 0x0
x10 <- 0x0000000000000000
mem[X,0x000000008002ABE8] -> 0x0593
mem[X,0x000000008002ABEA] -> 0x0050
[6302] [M]: 0x000000008002ABE8 (0x00500593) addi a1, zero, 0x5
x11 <- 0x0000000000000005
mem[X,0x000000008002ABEC] -> 0x0113
mem[X,0x000000008002ABEE] -> 0x0000
[6303] [M]: 0x000000008002ABEC (0x00000113) addi sp, zero, 0x0
x2 <- 0x0000000000000000
mem[X,0x000000008002ABF0] -> 0x006F
mem[X,0x000000008002ABF2] -> 0x00C0
[6304] [M]: 0x000000008002ABF0 (0x00C0006F) jal zero, 0xc
mem[X,0x000000008002ABFC] -> 0x1063
mem[X,0x000000008002ABFE] -> 0x02B5
[6305] [M]: 0x000000008002ABFC (0x02B51063) bne a0, a1, 0x20
mem[X,0x000000008002AC1C] -> 0x0113
mem[X,0x000000008002AC1E] -> 0x0031
[6306] [M]: 0x000000008002AC1C (0x00310113) addi sp, sp, 0x3
x2 <- 0x0000000000000003
mem[X,0x000000008002AC20] -> 0x006F
mem[X,0x000000008002AC22] -> 0x0040
[6307] [M]: 0x000000008002AC20 (0x0040006F) jal zero, 0x4
mem[X,0x000000008002AC24] -> 0xB423
mem[X,0x000000008002AC26] -> 0x4420
[6308] [M]: 0x000000008002AC24 (0x4420B423) sd sp, 0x448(ra)
mem[0x0000000080045E20] <- 0x0000000000000003
mem[X,0x000000008002AC28] -> 0x0513
mem[X,0x000000008002AC2A] -> 0x0000
[6309] [M]: 0x000000008002AC28 (0x00000513) addi a0, zero, 0x0
x10 <- 0x0000000000000000
mem[X,0x000000008002AC2C] -> 0x35B7
mem[X,0x000000008002AC2E] -> 0x3333
[6310] [M]: 0x000000008002AC2C (0x333335B7) lui a1, 0x33333
x11 <- 0x0000000033333000
mem[X,0x000000008002AC30] -> 0x8593
mem[X,0x000000008002AC32] -> 0x3335
[6311] [M]: 0x000000008002AC30 (0x33358593) addi a1, a1, 0x333
x11 <- 0x0000000033333333
mem[X,0x000000008002AC34] -> 0x9593
mem[X,0x000000008002AC36] -> 0x00B5
[6312] [M]: 0x000000008002AC34 (0x00B59593) slli a1, a1, 0xb
x11 <- 0x0000019999999800
mem[X,0x000000008002AC38] -> 0x8593
mem[X,0x000000008002AC3A] -> 0x1995
[6313] [M]: 0x000000008002AC38 (0x19958593) addi a1, a1, 0x199
x11 <- 0x0000019999999999
mem[X,0x000000008002AC3C] -> 0x9593
mem[X,0x000000008002AC3E] -> 0x00B5
[6314] [M]: 0x000000008002AC3C (0x00B59593) slli a1, a1, 0xb
x11 <- 0x000CCCCCCCCCC800
mem[X,0x000000008002AC40] -> 0x8593
mem[X,0x000000008002AC42] -> 0x4CC5
[6315] [M]: 0x000000008002AC40 (0x4CC58593) addi a1, a1, 0x4cc
x11 <- 0x000CCCCCCCCCCCCC
mem[X,0x000000008002AC44] -> 0x9593
mem[X,0x000000008002AC46] -> 0x00A5
[6316] [M]: 0x000000008002AC44 (0x00A59593) slli a1, a1, 0xa
x11 <- 0x3333333333333000
mem[X,0x000000008002AC48] -> 0x8593
mem[X,0x000000008002AC4A] -> 0x3335
[6317] [M]: 0x000000008002AC48 (0x33358593) addi a1, a1, 0x333
x11 <- 0x3333333333333333
mem[X,0x000000008002AC4C] -> 0x0113
mem[X,0x000000008002AC4E] -> 0x0000
[6318] [M]: 0x000000008002AC4C (0x00000113) addi sp, zero, 0x0
x2 <- 0x0000000000000000
mem[X,0x000000008002AC50] -> 0x006F
mem[X,0x000000008002AC52] -> 0x0100
[6319] [M]: 0x000000008002AC50 (0x0100006F) jal zero, 0x10
mem[X,0x000000008002AC60] -> 0x1AE3
mem[X,0x000000008002AC62] -> 0xFEB5
[6320] [M]: 0x000000008002AC60 (0xFEB51AE3) bne a0, a1, -0xc
mem[X,0x000000008002AC54] -> 0x0113
mem[X,0x000000008002AC56] -> 0x0011
[6321] [M]: 0x000000008002AC54 (0x00110113) addi sp, sp, 0x1
x2 <- 0x0000000000000001
mem[X,0x000000008002AC58] -> 0x006F
mem[X,0x000000008002AC5A] -> 0x01C0
[6322] [M]: 0x000000008002AC58 (0x01C0006F) jal zero, 0x1c
mem[X,0x000000008002AC74] -> 0xB823
mem[X,0x000000008002AC76] -> 0x4420
[6323] [M]: 0x000000008002AC74 (0x4420B823) sd sp, 0x450(ra)
mem[0x0000000080045E28] <- 0x0000000000000001
mem[X,0x000000008002AC78] -> 0x0513
mem[X,0x000000008002AC7A] -> 0x0000
[6324] [M]: 0x000000008002AC78 (0x00000513) addi a0, zero, 0x0
x10 <- 0x0000000000000000
mem[X,0x000000008002AC7C] -> 0x65B7
mem[X,0x000000008002AC7E] -> 0x6666
[6325] [M]: 0x000000008002AC7C (0x666665B7) lui a1, 0x66666
x11 <- 0x0000000066666000
mem[X,0x000000008002AC80] -> 0x8593
mem[X,0x000000008002AC82] -> 0x6665
[6326] [M]: 0x000000008002AC80 (0x66658593) addi a1, a1, 0x666
x11 <- 0x0000000066666666
mem[X,0x000000008002AC84] -> 0x9593
mem[X,0x000000008002AC86] -> 0x00B5
[6327] [M]: 0x000000008002AC84 (0x00B59593) slli a1, a1, 0xb
x11 <- 0x0000033333333000
mem[X,0x000000008002AC88] -> 0x8593
mem[X,0x000000008002AC8A] -> 0x3335
[6328] [M]: 0x000000008002AC88 (0x33358593) addi a1, a1, 0x333
x11 <- 0x0000033333333333
mem[X,0x000000008002AC8C] -> 0x9593
mem[X,0x000000008002AC8E] -> 0x00B5
[6329] [M]: 0x000000008002AC8C (0x00B59593) slli a1, a1, 0xb
x11 <- 0x0019999999999800
mem[X,0x000000008002AC90] -> 0x8593
mem[X,0x000000008002AC92] -> 0x1995
[6330] [M]: 0x000000008002AC90 (0x19958593) addi a1, a1, 0x199
x11 <- 0x0019999999999999
mem[X,0x000000008002AC94] -> 0x9593
mem[X,0x000000008002AC96] -> 0x00A5
[6331] [M]: 0x000000008002AC94 (0x00A59593) slli a1, a1, 0xa
x11 <- 0x6666666666666400
mem[X,0x000000008002AC98] -> 0x8593
mem[X,0x000000008002AC9A] -> 0x2665
[6332] [M]: 0x000000008002AC98 (0x26658593) addi a1, a1, 0x266
x11 <- 0x6666666666666666
mem[X,0x000000008002AC9C] -> 0x0113
mem[X,0x000000008002AC9E] -> 0x0000
[6333] [M]: 0x000000008002AC9C (0x00000113) addi sp, zero, 0x0
x2 <- 0x0000000000000000
mem[X,0x000000008002ACA0] -> 0x006F
mem[X,0x000000008002ACA2] -> 0x00C0
[6334] [M]: 0x000000008002ACA0 (0x00C0006F) jal zero, 0xc
mem[X,0x000000008002ACAC] -> 0x1863
mem[X,0x000000008002ACAE] -> 0x00B5
[6335] [M]: 0x000000008002ACAC (0x00B51863) bne a0, a1, 0x10
mem[X,0x000000008002ACBC] -> 0x0113
mem[X,0x000000008002ACBE] -> 0x0031
[6336] [M]: 0x000000008002ACBC (0x00310113) addi sp, sp, 0x3
x2 <- 0x0000000000000003
mem[X,0x000000008002ACC0] -> 0x006F
mem[X,0x000000008002ACC2] -> 0x0040
[6337] [M]: 0x000000008002ACC0 (0x0040006F) jal zero, 0x4
mem[X,0x000000008002ACC4] -> 0xBC23
mem[X,0x000000008002ACC6] -> 0x4420
[6338] [M]: 0x000000008002ACC4 (0x4420BC23) sd sp, 0x458(ra)
mem[0x0000000080045E30] <- 0x0000000000000003
mem[X,0x000000008002ACC8] -> 0x0513
mem[X,0x000000008002ACCA] -> 0x0000
[6339] [M]: 0x000000008002ACC8 (0x00000513) addi a0, zero, 0x0
x10 <- 0x0000000000000000
mem[X,0x000000008002ACCC] -> 0x05B7
mem[X,0x000000008002ACCE] -> 0x0000
[6340] [M]: 0x000000008002ACCC (0x000005B7) lui a1, 0x0
x11 <- 0x0000000000000000
mem[X,0x000000008002ACD0] -> 0x8593
mem[X,0x000000008002ACD2] -> 0xFFF5
[6341] [M]: 0x000000008002ACD0 (0xFFF58593) addi a1, a1, -0x1
x11 <- 0xFFFFFFFFFFFFFFFF
mem[X,0x000000008002ACD4] -> 0x9593
mem[X,0x000000008002ACD6] -> 0x00B5
[6342] [M]: 0x000000008002ACD4 (0x00B59593) slli a1, a1, 0xb
x11 <- 0xFFFFFFFFFFFFF800
mem[X,0x000000008002ACD8] -> 0x8593
mem[X,0x000000008002ACDA] -> 0x2575
[6343] [M]: 0x000000008002ACD8 (0x25758593) addi a1, a1, 0x257
x11 <- 0xFFFFFFFFFFFFFA57
mem[X,0x000000008002ACDC] -> 0x9593
mem[X,0x000000008002ACDE] -> 0x00B5
[6344] [M]: 0x000000008002ACDC (0x00B59593) slli a1, a1, 0xb
x11 <- 0xFFFFFFFFFFD2B800
mem[X,0x000000008002ACE0] -> 0x8593
mem[X,0x000000008002ACE2] -> 0x6C35
[6345] [M]: 0x000000008002ACE0 (0x6C358593) addi a1, a1, 0x6c3
x11 <- 0xFFFFFFFFFFD2BEC3
mem[X,0x000000008002ACE4] -> 0x9593
mem[X,0x000000008002ACE6] -> 0x00A5
[6346] [M]: 0x000000008002ACE4 (0x00A59593) slli a1, a1, 0xa
x11 <- 0xFFFFFFFF4AFB0C00
mem[X,0x000000008002ACE8] -> 0x8593
mem[X,0x000000008002ACEA] -> 0x0CD5
[6347] [M]: 0x000000008002ACE8 (0x0CD58593) addi a1, a1, 0xcd
x11 <- 0xFFFFFFFF4AFB0CCD
mem[X,0x000000008002ACEC] -> 0x0113
mem[X,0x000000008002ACEE] -> 0x0000
[6348] [M]: 0x000000008002ACEC (0x00000113) addi sp, zero, 0x0
x2 <- 0x0000000000000000
mem[X,0x000000008002ACF0] -> 0x006F
mem[X,0x000000008002ACF2] -> 0x0140
[6349] [M]: 0x000000008002ACF0 (0x0140006F) jal zero, 0x14
mem[X,0x000000008002AD04] -> 0x18E3
mem[X,0x000000008002AD06] -> 0xFEB5
[6350] [M]: 0x000000008002AD04 (0xFEB518E3) bne a0, a1, -0x10
mem[X,0x000000008002ACF4] -> 0x0113
mem[X,0x000000008002ACF6] -> 0x0011
[6351] [M]: 0x000000008002ACF4 (0x00110113) addi sp, sp, 0x1
x2 <- 0x0000000000000001
mem[X,0x000000008002ACF8] -> 0x006F
mem[X,0x000000008002ACFA] -> 0x0200
[6352] [M]: 0x000000008002ACF8 (0x0200006F) jal zero, 0x20
mem[X,0x000000008002AD18] -> 0xB023
mem[X,0x000000008002AD1A] -> 0x4620
[6353] [M]: 0x000000008002AD18 (0x4620B023) sd sp, 0x460(ra)
mem[0x0000000080045E38] <- 0x0000000000000001
mem[X,0x000000008002AD1C] -> 0x0513
mem[X,0x000000008002AD1E] -> 0x0040
[6354] [M]: 0x000000008002AD1C (0x00400513) addi a0, zero, 0x4
x10 <- 0x0000000000000004
mem[X,0x000000008002AD20] -> 0x0593
mem[X,0x000000008002AD22] -> 0x0030
[6355] [M]: 0x000000008002AD20 (0x00300593) addi a1, zero, 0x3
x11 <- 0x0000000000000003
mem[X,0x000000008002AD24] -> 0x0113
mem[X,0x000000008002AD26] -> 0x0000
[6356] [M]: 0x000000008002AD24 (0x00000113) addi sp, zero, 0x0
x2 <- 0x0000000000000000
mem[X,0x000000008002AD28] -> 0x006F
mem[X,0x000000008002AD2A] -> 0x00C0
[6357] [M]: 0x000000008002AD28 (0x00C0006F) jal zero, 0xc
mem[X,0x000000008002AD34] -> 0x1063
mem[X,0x000000008002AD36] -> 0x04B5
[6358] [M]: 0x000000008002AD34 (0x04B51063) bne a0, a1, 0x40
mem[X,0x000000008002AD74] -> 0x0113
mem[X,0x000000008002AD76] -> 0x0031
[6359] [M]: 0x000000008002AD74 (0x00310113) addi sp, sp, 0x3
x2 <- 0x0000000000000003
mem[X,0x000000008002AD78] -> 0x006F
mem[X,0x000000008002AD7A] -> 0x0040
[6360] [M]: 0x000000008002AD78 (0x0040006F) jal zero, 0x4
mem[X,0x000000008002AD7C] -> 0xB423
mem[X,0x000000008002AD7E] -> 0x4620
[6361] [M]: 0x000000008002AD7C (0x4620B423) sd sp, 0x468(ra)
mem[0x0000000080045E40] <- 0x0000000000000003
mem[X,0x000000008002AD80] -> 0x0513
mem[X,0x000000008002AD82] -> 0x0040
[6362] [M]: 0x000000008002AD80 (0x00400513) addi a0, zero, 0x4
x10 <- 0x0000000000000004
mem[X,0x000000008002AD84] -> 0x55B7
mem[X,0x000000008002AD86] -> 0x5555
[6363] [M]: 0x000000008002AD84 (0x555555B7) lui a1, 0x55555
x11 <- 0x0000000055555000
mem[X,0x000000008002AD88] -> 0x8593
mem[X,0x000000008002AD8A] -> 0x5555
[6364] [M]: 0x000000008002AD88 (0x55558593) addi a1, a1, 0x555
x11 <- 0x0000000055555555
mem[X,0x000000008002AD8C] -> 0x9593
mem[X,0x000000008002AD8E] -> 0x00B5
[6365] [M]: 0x000000008002AD8C (0x00B59593) slli a1, a1, 0xb
x11 <- 0x000002AAAAAAA800
mem[X,0x000000008002AD90] -> 0x8593
mem[X,0x000000008002AD92] -> 0x2AA5
[6366] [M]: 0x000000008002AD90 (0x2AA58593) addi a1, a1, 0x2aa
x11 <- 0x000002AAAAAAAAAA
mem[X,0x000000008002AD94] -> 0x9593
mem[X,0x000000008002AD96] -> 0x00B5
[6367] [M]: 0x000000008002AD94 (0x00B59593) slli a1, a1, 0xb
x11 <- 0x0015555555555000
mem[X,0x000000008002AD98] -> 0x8593
mem[X,0x000000008002AD9A] -> 0x5555
[6368] [M]: 0x000000008002AD98 (0x55558593) addi a1, a1, 0x555
x11 <- 0x0015555555555555
mem[X,0x000000008002AD9C] -> 0x9593
mem[X,0x000000008002AD9E] -> 0x00A5
[6369] [M]: 0x000000008002AD9C (0x00A59593) slli a1, a1, 0xa
x11 <- 0x5555555555555400
mem[X,0x000000008002ADA0] -> 0x8593
mem[X,0x000000008002ADA2] -> 0x1555
[6370] [M]: 0x000000008002ADA0 (0x15558593) addi a1, a1, 0x155
x11 <- 0x5555555555555555
mem[X,0x000000008002ADA4] -> 0x0113
mem[X,0x000000008002ADA6] -> 0x0000
[6371] [M]: 0x000000008002ADA4 (0x00000113) addi sp, zero, 0x0
x2 <- 0x0000000000000000
mem[X,0x000000008002ADA8] -> 0x006F
mem[X,0x000000008002ADAA] -> 0x0140
[6372] [M]: 0x000000008002ADA8 (0x0140006F) jal zero, 0x14
mem[X,0x000000008002ADBC] -> 0x18E3
mem[X,0x000000008002ADBE] -> 0xFEB5
[6373] [M]: 0x000000008002ADBC (0xFEB518E3) bne a0, a1, -0x10
mem[X,0x000000008002ADAC] -> 0x0113
mem[X,0x000000008002ADAE] -> 0x0011
[6374] [M]: 0x000000008002ADAC (0x00110113) addi sp, sp, 0x1
x2 <- 0x0000000000000001
mem[X,0x000000008002ADB0] -> 0x006F
mem[X,0x000000008002ADB2] -> 0x0200
[6375] [M]: 0x000000008002ADB0 (0x0200006F) jal zero, 0x20
mem[X,0x000000008002ADD0] -> 0xB823
mem[X,0x000000008002ADD2] -> 0x4620
[6376] [M]: 0x000000008002ADD0 (0x4620B823) sd sp, 0x470(ra)
mem[0x0000000080045E48] <- 0x0000000000000001
mem[X,0x000000008002ADD4] -> 0x0513
mem[X,0x000000008002ADD6] -> 0x0040
[6377] [M]: 0x000000008002ADD4 (0x00400513) addi a0, zero, 0x4
x10 <- 0x0000000000000004
mem[X,0x000000008002ADD8] -> 0xB5B7
mem[X,0x000000008002ADDA] -> 0xAAAA
[6378] [M]: 0x000000008002ADD8 (0xAAAAB5B7) lui a1, -0x55555
x11 <- 0xFFFFFFFFAAAAB000
mem[X,0x000000008002ADDC] -> 0x8593
mem[X,0x000000008002ADDE] -> 0xAAA5
[6379] [M]: 0x000000008002ADDC (0xAAA58593) addi a1, a1, -0x556
x11 <- 0xFFFFFFFFAAAAAAAA
mem[X,0x000000008002ADE0] -> 0x9593
mem[X,0x000000008002ADE2] -> 0x00B5
[6380] [M]: 0x000000008002ADE0 (0x00B59593) slli a1, a1, 0xb
x11 <- 0xFFFFFD5555555000
mem[X,0x000000008002ADE4] -> 0x8593
mem[X,0x000000008002ADE6] -> 0x5555
[6381] [M]: 0x000000008002ADE4 (0x55558593) addi a1, a1, 0x555
x11 <- 0xFFFFFD5555555555
mem[X,0x000000008002ADE8] -> 0x9593
mem[X,0x000000008002ADEA] -> 0x00B5
[6382] [M]: 0x000000008002ADE8 (0x00B59593) slli a1, a1, 0xb
x11 <- 0xFFEAAAAAAAAAA800
mem[X,0x000000008002ADEC] -> 0x8593
mem[X,0x000000008002ADEE] -> 0x2AA5
[6383] [M]: 0x000000008002ADEC (0x2AA58593) addi a1, a1, 0x2aa
x11 <- 0xFFEAAAAAAAAAAAAA
mem[X,0x000000008002ADF0] -> 0x9593
mem[X,0x000000008002ADF2] -> 0x00A5
[6384] [M]: 0x000000008002ADF0 (0x00A59593) slli a1, a1, 0xa
x11 <- 0xAAAAAAAAAAAAA800
mem[X,0x000000008002ADF4] -> 0x8593
mem[X,0x000000008002ADF6] -> 0x2AA5
[6385] [M]: 0x000000008002ADF4 (0x2AA58593) addi a1, a1, 0x2aa
x11 <- 0xAAAAAAAAAAAAAAAA
mem[X,0x000000008002ADF8] -> 0x0113
mem[X,0x000000008002ADFA] -> 0x0000
[6386] [M]: 0x000000008002ADF8 (0x00000113) addi sp, zero, 0x0
x2 <- 0x0000000000000000
mem[X,0x000000008002ADFC] -> 0x006F
mem[X,0x000000008002ADFE] -> 0x00C0
[6387] [M]: 0x000000008002ADFC (0x00C0006F) jal zero, 0xc
mem[X,0x000000008002AE08] -> 0x1663
mem[X,0x000000008002AE0A] -> 0x00B5
[6388] [M]: 0x000000008002AE08 (0x00B51663) bne a0, a1, 0xc
mem[X,0x000000008002AE14] -> 0x0113
mem[X,0x000000008002AE16] -> 0x0031
[6389] [M]: 0x000000008002AE14 (0x00310113) addi sp, sp, 0x3
x2 <- 0x0000000000000003
mem[X,0x000000008002AE18] -> 0x006F
mem[X,0x000000008002AE1A] -> 0x0040
[6390] [M]: 0x000000008002AE18 (0x0040006F) jal zero, 0x4
mem[X,0x000000008002AE1C] -> 0xBC23
mem[X,0x000000008002AE1E] -> 0x4620
[6391] [M]: 0x000000008002AE1C (0x4620BC23) sd sp, 0x478(ra)
mem[0x0000000080045E50] <- 0x0000000000000003
mem[X,0x000000008002AE20] -> 0x0513
mem[X,0x000000008002AE22] -> 0x0040
[6392] [M]: 0x000000008002AE20 (0x00400513) addi a0, zero, 0x4
x10 <- 0x0000000000000004
mem[X,0x000000008002AE24] -> 0x0593
mem[X,0x000000008002AE26] -> 0x0050
[6393] [M]: 0x000000008002AE24 (0x00500593) addi a1, zero, 0x5
x11 <- 0x0000000000000005
mem[X,0x000000008002AE28] -> 0x0113
mem[X,0x000000008002AE2A] -> 0x0000
[6394] [M]: 0x000000008002AE28 (0x00000113) addi sp, zero, 0x0
x2 <- 0x0000000000000000
mem[X,0x000000008002AE2C] -> 0x006F
mem[X,0x000000008002AE2E] -> 0x00C0
[6395] [M]: 0x000000008002AE2C (0x00C0006F) jal zero, 0xc
mem[X,0x000000008002AE38] -> 0x1663
mem[X,0x000000008002AE3A] -> 0x00B5
[6396] [M]: 0x000000008002AE38 (0x00B51663) bne a0, a1, 0xc
mem[X,0x000000008002AE44] -> 0x0113
mem[X,0x000000008002AE46] -> 0x0031
[6397] [M]: 0x000000008002AE44 (0x00310113) addi sp, sp, 0x3
x2 <- 0x0000000000000003
mem[X,0x000000008002AE48] -> 0x006F
mem[X,0x000000008002AE4A] -> 0x0040
[6398] [M]: 0x000000008002AE48 (0x0040006F) jal zero, 0x4
mem[X,0x000000008002AE4C] -> 0xB023
mem[X,0x000000008002AE4E] -> 0x4820
[6399] [M]: 0x000000008002AE4C (0x4820B023) sd sp, 0x480(ra)
mem[0x0000000080045E58] <- 0x0000000000000003
clint::tick mtime <- 0x0000000000000040
 clint timer pending at mtime 0x0000000000000040
htif::tick 0x0000000000000000
mem[X,0x000000008002AE50] -> 0x0513
mem[X,0x000000008002AE52] -> 0x0040
[6400] [M]: 0x000000008002AE50 (0x00400513) addi a0, zero, 0x4
x10 <- 0x0000000000000004
mem[X,0x000000008002AE54] -> 0x35B7
mem[X,0x000000008002AE56] -> 0x3333
[6401] [M]: 0x000000008002AE54 (0x333335B7) lui a1, 0x33333
x11 <- 0x0000000033333000
mem[X,0x000000008002AE58] -> 0x8593
mem[X,0x000000008002AE5A] -> 0x3335
[6402] [M]: 0x000000008002AE58 (0x33358593) addi a1, a1, 0x333
x11 <- 0x0000000033333333
mem[X,0x000000008002AE5C] -> 0x9593
mem[X,0x000000008002AE5E] -> 0x00B5
[6403] [M]: 0x000000008002AE5C (0x00B59593) slli a1, a1, 0xb
x11 <- 0x0000019999999800
mem[X,0x000000008002AE60] -> 0x8593
mem[X,0x000000008002AE62] -> 0x1995
[6404] [M]: 0x000000008002AE60 (0x19958593) addi a1, a1, 0x199
x11 <- 0x0000019999999999
mem[X,0x000000008002AE64] -> 0x9593
mem[X,0x000000008002AE66] -> 0x00B5
[6405] [M]: 0x000000008002AE64 (0x00B59593) slli a1, a1, 0xb
x11 <- 0x000CCCCCCCCCC800
mem[X,0x000000008002AE68] -> 0x8593
mem[X,0x000000008002AE6A] -> 0x4CC5
[6406] [M]: 0x000000008002AE68 (0x4CC58593) addi a1, a1, 0x4cc
x11 <- 0x000CCCCCCCCCCCCC
mem[X,0x000000008002AE6C] -> 0x9593
mem[X,0x000000008002AE6E] -> 0x00A5
[6407] [M]: 0x000000008002AE6C (0x00A59593) slli a1, a1, 0xa
x11 <- 0x3333333333333000
mem[X,0x000000008002AE70] -> 0x8593
mem[X,0x000000008002AE72] -> 0x3335
[6408] [M]: 0x000000008002AE70 (0x33358593) addi a1, a1, 0x333
x11 <- 0x3333333333333333
mem[X,0x000000008002AE74] -> 0x0113
mem[X,0x000000008002AE76] -> 0x0000
[6409] [M]: 0x000000008002AE74 (0x00000113) addi sp, zero, 0x0
x2 <- 0x0000000000000000
mem[X,0x000000008002AE78] -> 0x006F
mem[X,0x000000008002AE7A] -> 0x0100
[6410] [M]: 0x000000008002AE78 (0x0100006F) jal zero, 0x10
mem[X,0x000000008002AE88] -> 0x1AE3
mem[X,0x000000008002AE8A] -> 0xFEB5
[6411] [M]: 0x000000008002AE88 (0xFEB51AE3) bne a0, a1, -0xc
mem[X,0x000000008002AE7C] -> 0x0113
mem[X,0x000000008002AE7E] -> 0x0011
[6412] [M]: 0x000000008002AE7C (0x00110113) addi sp, sp, 0x1
x2 <- 0x0000000000000001
mem[X,0x000000008002AE80] -> 0x006F
mem[X,0x000000008002AE82] -> 0x01C0
[6413] [M]: 0x000000008002AE80 (0x01C0006F) jal zero, 0x1c
mem[X,0x000000008002AE9C] -> 0xB423
mem[X,0x000000008002AE9E] -> 0x4820
[6414] [M]: 0x000000008002AE9C (0x4820B423) sd sp, 0x488(ra)
mem[0x0000000080045E60] <- 0x0000000000000001
mem[X,0x000000008002AEA0] -> 0x0513
mem[X,0x000000008002AEA2] -> 0x0040
[6415] [M]: 0x000000008002AEA0 (0x00400513) addi a0, zero, 0x4
x10 <- 0x0000000000000004
mem[X,0x000000008002AEA4] -> 0x65B7
mem[X,0x000000008002AEA6] -> 0x6666
[6416] [M]: 0x000000008002AEA4 (0x666665B7) lui a1, 0x66666
x11 <- 0x0000000066666000
mem[X,0x000000008002AEA8] -> 0x8593
mem[X,0x000000008002AEAA] -> 0x6665
[6417] [M]: 0x000000008002AEA8 (0x66658593) addi a1, a1, 0x666
x11 <- 0x0000000066666666
mem[X,0x000000008002AEAC] -> 0x9593
mem[X,0x000000008002AEAE] -> 0x00B5
[6418] [M]: 0x000000008002AEAC (0x00B59593) slli a1, a1, 0xb
x11 <- 0x0000033333333000
mem[X,0x000000008002AEB0] -> 0x8593
mem[X,0x000000008002AEB2] -> 0x3335
[6419] [M]: 0x000000008002AEB0 (0x33358593) addi a1, a1, 0x333
x11 <- 0x0000033333333333
mem[X,0x000000008002AEB4] -> 0x9593
mem[X,0x000000008002AEB6] -> 0x00B5
[6420] [M]: 0x000000008002AEB4 (0x00B59593) slli a1, a1, 0xb
x11 <- 0x0019999999999800
mem[X,0x000000008002AEB8] -> 0x8593
mem[X,0x000000008002AEBA] -> 0x1995
[6421] [M]: 0x000000008002AEB8 (0x19958593) addi a1, a1, 0x199
x11 <- 0x0019999999999999
mem[X,0x000000008002AEBC] -> 0x9593
mem[X,0x000000008002AEBE] -> 0x00A5
[6422] [M]: 0x000000008002AEBC (0x00A59593) slli a1, a1, 0xa
x11 <- 0x6666666666666400
mem[X,0x000000008002AEC0] -> 0x8593
mem[X,0x000000008002AEC2] -> 0x2665
[6423] [M]: 0x000000008002AEC0 (0x26658593) addi a1, a1, 0x266
x11 <- 0x6666666666666666
mem[X,0x000000008002AEC4] -> 0x0113
mem[X,0x000000008002AEC6] -> 0x0000
[6424] [M]: 0x000000008002AEC4 (0x00000113) addi sp, zero, 0x0
x2 <- 0x0000000000000000
mem[X,0x000000008002AEC8] -> 0x006F
mem[X,0x000000008002AECA] -> 0x00C0
[6425] [M]: 0x000000008002AEC8 (0x00C0006F) jal zero, 0xc
mem[X,0x000000008002AED4] -> 0x1063
mem[X,0x000000008002AED6] -> 0x02B5
[6426] [M]: 0x000000008002AED4 (0x02B51063) bne a0, a1, 0x20
mem[X,0x000000008002AEF4] -> 0x0113
mem[X,0x000000008002AEF6] -> 0x0031
[6427] [M]: 0x000000008002AEF4 (0x00310113) addi sp, sp, 0x3
x2 <- 0x0000000000000003
mem[X,0x000000008002AEF8] -> 0x006F
mem[X,0x000000008002AEFA] -> 0x0040
[6428] [M]: 0x000000008002AEF8 (0x0040006F) jal zero, 0x4
mem[X,0x000000008002AEFC] -> 0xB823
mem[X,0x000000008002AEFE] -> 0x4820
[6429] [M]: 0x000000008002AEFC (0x4820B823) sd sp, 0x490(ra)
mem[0x0000000080045E68] <- 0x0000000000000003
mem[X,0x000000008002AF00] -> 0x0513
mem[X,0x000000008002AF02] -> 0x0040
[6430] [M]: 0x000000008002AF00 (0x00400513) addi a0, zero, 0x4
x10 <- 0x0000000000000004
mem[X,0x000000008002AF04] -> 0x05B7
mem[X,0x000000008002AF06] -> 0x0000
[6431] [M]: 0x000000008002AF04 (0x000005B7) lui a1, 0x0
x11 <- 0x0000000000000000
mem[X,0x000000008002AF08] -> 0x8593
mem[X,0x000000008002AF0A] -> 0xFFF5
[6432] [M]: 0x000000008002AF08 (0xFFF58593) addi a1, a1, -0x1
x11 <- 0xFFFFFFFFFFFFFFFF
mem[X,0x000000008002AF0C] -> 0x9593
mem[X,0x000000008002AF0E] -> 0x00B5
[6433] [M]: 0x000000008002AF0C (0x00B59593) slli a1, a1, 0xb
x11 <- 0xFFFFFFFFFFFFF800
mem[X,0x000000008002AF10] -> 0x8593
mem[X,0x000000008002AF12] -> 0x2575
[6434] [M]: 0x000000008002AF10 (0x25758593) addi a1, a1, 0x257
x11 <- 0xFFFFFFFFFFFFFA57
mem[X,0x000000008002AF14] -> 0x9593
mem[X,0x000000008002AF16] -> 0x00B5
[6435] [M]: 0x000000008002AF14 (0x00B59593) slli a1, a1, 0xb
x11 <- 0xFFFFFFFFFFD2B800
mem[X,0x000000008002AF18] -> 0x8593
mem[X,0x000000008002AF1A] -> 0x6C35
[6436] [M]: 0x000000008002AF18 (0x6C358593) addi a1, a1, 0x6c3
x11 <- 0xFFFFFFFFFFD2BEC3
mem[X,0x000000008002AF1C] -> 0x9593
mem[X,0x000000008002AF1E] -> 0x00A5
[6437] [M]: 0x000000008002AF1C (0x00A59593) slli a1, a1, 0xa
x11 <- 0xFFFFFFFF4AFB0C00
mem[X,0x000000008002AF20] -> 0x8593
mem[X,0x000000008002AF22] -> 0x0CD5
[6438] [M]: 0x000000008002AF20 (0x0CD58593) addi a1, a1, 0xcd
x11 <- 0xFFFFFFFF4AFB0CCD
mem[X,0x000000008002AF24] -> 0x0113
mem[X,0x000000008002AF26] -> 0x0000
[6439] [M]: 0x000000008002AF24 (0x00000113) addi sp, zero, 0x0
x2 <- 0x0000000000000000
mem[X,0x000000008002AF28] -> 0x006F
mem[X,0x000000008002AF2A] -> 0x00C0
[6440] [M]: 0x000000008002AF28 (0x00C0006F) jal zero, 0xc
mem[X,0x000000008002AF34] -> 0x1CE3
mem[X,0x000000008002AF36] -> 0xFEB5
[6441] [M]: 0x000000008002AF34 (0xFEB51CE3) bne a0, a1, -0x8
mem[X,0x000000008002AF2C] -> 0x0113
mem[X,0x000000008002AF2E] -> 0x0011
[6442] [M]: 0x000000008002AF2C (0x00110113) addi sp, sp, 0x1
x2 <- 0x0000000000000001
mem[X,0x000000008002AF30] -> 0x006F
mem[X,0x000000008002AF32] -> 0x0180
[6443] [M]: 0x000000008002AF30 (0x0180006F) jal zero, 0x18
mem[X,0x000000008002AF48] -> 0xBC23
mem[X,0x000000008002AF4A] -> 0x4820
[6444] [M]: 0x000000008002AF48 (0x4820BC23) sd sp, 0x498(ra)
mem[0x0000000080045E70] <- 0x0000000000000001
mem[X,0x000000008002AF4C] -> 0x0513
mem[X,0x000000008002AF4E] -> 0x0040
[6445] [M]: 0x000000008002AF4C (0x00400513) addi a0, zero, 0x4
x10 <- 0x0000000000000004
mem[X,0x000000008002AF50] -> 0x05B7
mem[X,0x000000008002AF52] -> 0x0000
[6446] [M]: 0x000000008002AF50 (0x000005B7) lui a1, 0x0
x11 <- 0x0000000000000000
mem[X,0x000000008002AF54] -> 0x8593
mem[X,0x000000008002AF56] -> 0x0005
[6447] [M]: 0x000000008002AF54 (0x00058593) addi a1, a1, 0x0
x11 <- 0x0000000000000000
mem[X,0x000000008002AF58] -> 0x9593
mem[X,0x000000008002AF5A] -> 0x00B5
[6448] [M]: 0x000000008002AF58 (0x00B59593) slli a1, a1, 0xb
x11 <- 0x0000000000000000
mem[X,0x000000008002AF5C] -> 0x8593
mem[X,0x000000008002AF5E] -> 0x5A85
[6449] [M]: 0x000000008002AF5C (0x5A858593) addi a1, a1, 0x5a8
x11 <- 0x00000000000005A8
mem[X,0x000000008002AF60] -> 0x9593
mem[X,0x000000008002AF62] -> 0x00B5
[6450] [M]: 0x000000008002AF60 (0x00B59593) slli a1, a1, 0xb
x11 <- 0x00000000002D4000
mem[X,0x000000008002AF64] -> 0x8593
mem[X,0x000000008002AF66] -> 0x13C5
[6451] [M]: 0x000000008002AF64 (0x13C58593) addi a1, a1, 0x13c
x11 <- 0x00000000002D413C
mem[X,0x000000008002AF68] -> 0x9593
mem[X,0x000000008002AF6A] -> 0x00A5
[6452] [M]: 0x000000008002AF68 (0x00A59593) slli a1, a1, 0xa
x11 <- 0x00000000B504F000
mem[X,0x000000008002AF6C] -> 0x8593
mem[X,0x000000008002AF6E] -> 0x3335
[6453] [M]: 0x000000008002AF6C (0x33358593) addi a1, a1, 0x333
x11 <- 0x00000000B504F333
mem[X,0x000000008002AF70] -> 0x0113
mem[X,0x000000008002AF72] -> 0x0000
[6454] [M]: 0x000000008002AF70 (0x00000113) addi sp, zero, 0x0
x2 <- 0x0000000000000000
mem[X,0x000000008002AF74] -> 0x006F
mem[X,0x000000008002AF76] -> 0x00C0
[6455] [M]: 0x000000008002AF74 (0x00C0006F) jal zero, 0xc
mem[X,0x000000008002AF80] -> 0x1CE3
mem[X,0x000000008002AF82] -> 0xFEB5
[6456] [M]: 0x000000008002AF80 (0xFEB51CE3) bne a0, a1, -0x8
mem[X,0x000000008002AF78] -> 0x0113
mem[X,0x000000008002AF7A] -> 0x0011
[6457] [M]: 0x000000008002AF78 (0x00110113) addi sp, sp, 0x1
x2 <- 0x0000000000000001
mem[X,0x000000008002AF7C] -> 0x006F
mem[X,0x000000008002AF7E] -> 0x0180
[6458] [M]: 0x000000008002AF7C (0x0180006F) jal zero, 0x18
mem[X,0x000000008002AF94] -> 0xB023
mem[X,0x000000008002AF96] -> 0x4A20
[6459] [M]: 0x000000008002AF94 (0x4A20B023) sd sp, 0x4a0(ra)
mem[0x0000000080045E78] <- 0x0000000000000001
mem[X,0x000000008002AF98] -> 0x0513
mem[X,0x000000008002AF9A] -> 0x0040
[6460] [M]: 0x000000008002AF98 (0x00400513) addi a0, zero, 0x4
x10 <- 0x0000000000000004
mem[X,0x000000008002AF9C] -> 0x0593
mem[X,0x000000008002AF9E] -> 0x0020
[6461] [M]: 0x000000008002AF9C (0x00200593) addi a1, zero, 0x2
x11 <- 0x0000000000000002
mem[X,0x000000008002AFA0] -> 0x0113
mem[X,0x000000008002AFA2] -> 0x0000
[6462] [M]: 0x000000008002AFA0 (0x00000113) addi sp, zero, 0x0
x2 <- 0x0000000000000000
mem[X,0x000000008002AFA4] -> 0x006F
mem[X,0x000000008002AFA6] -> 0x00C0
[6463] [M]: 0x000000008002AFA4 (0x00C0006F) jal zero, 0xc
mem[X,0x000000008002AFB0] -> 0x1663
mem[X,0x000000008002AFB2] -> 0x00B5
[6464] [M]: 0x000000008002AFB0 (0x00B51663) bne a0, a1, 0xc
mem[X,0x000000008002AFBC] -> 0x0113
mem[X,0x000000008002AFBE] -> 0x0031
[6465] [M]: 0x000000008002AFBC (0x00310113) addi sp, sp, 0x3
x2 <- 0x0000000000000003
mem[X,0x000000008002AFC0] -> 0x006F
mem[X,0x000000008002AFC2] -> 0x0040
[6466] [M]: 0x000000008002AFC0 (0x0040006F) jal zero, 0x4
mem[X,0x000000008002AFC4] -> 0xB423
mem[X,0x000000008002AFC6] -> 0x4A20
[6467] [M]: 0x000000008002AFC4 (0x4A20B423) sd sp, 0x4a8(ra)
mem[0x0000000080045E80] <- 0x0000000000000003
mem[X,0x000000008002AFC8] -> 0x0513
mem[X,0x000000008002AFCA] -> 0x0040
[6468] [M]: 0x000000008002AFC8 (0x00400513) addi a0, zero, 0x4
x10 <- 0x0000000000000004
mem[X,0x000000008002AFCC] -> 0x55B7
mem[X,0x000000008002AFCE] -> 0x5555
[6469] [M]: 0x000000008002AFCC (0x555555B7) lui a1, 0x55555
x11 <- 0x0000000055555000
mem[X,0x000000008002AFD0] -> 0x8593
mem[X,0x000000008002AFD2] -> 0x5555
[6470] [M]: 0x000000008002AFD0 (0x55558593) addi a1, a1, 0x555
x11 <- 0x0000000055555555
mem[X,0x000000008002AFD4] -> 0x9593
mem[X,0x000000008002AFD6] -> 0x00B5
[6471] [M]: 0x000000008002AFD4 (0x00B59593) slli a1, a1, 0xb
x11 <- 0x000002AAAAAAA800
mem[X,0x000000008002AFD8] -> 0x8593
mem[X,0x000000008002AFDA] -> 0x2AA5
[6472] [M]: 0x000000008002AFD8 (0x2AA58593) addi a1, a1, 0x2aa
x11 <- 0x000002AAAAAAAAAA
mem[X,0x000000008002AFDC] -> 0x9593
mem[X,0x000000008002AFDE] -> 0x00B5
[6473] [M]: 0x000000008002AFDC (0x00B59593) slli a1, a1, 0xb
x11 <- 0x0015555555555000
mem[X,0x000000008002AFE0] -> 0x8593
mem[X,0x000000008002AFE2] -> 0x5555
[6474] [M]: 0x000000008002AFE0 (0x55558593) addi a1, a1, 0x555
x11 <- 0x0015555555555555
mem[X,0x000000008002AFE4] -> 0x9593
mem[X,0x000000008002AFE6] -> 0x00A5
[6475] [M]: 0x000000008002AFE4 (0x00A59593) slli a1, a1, 0xa
x11 <- 0x5555555555555400
mem[X,0x000000008002AFE8] -> 0x8593
mem[X,0x000000008002AFEA] -> 0x1545
[6476] [M]: 0x000000008002AFE8 (0x15458593) addi a1, a1, 0x154
x11 <- 0x5555555555555554
mem[X,0x000000008002AFEC] -> 0x0113
mem[X,0x000000008002AFEE] -> 0x0000
[6477] [M]: 0x000000008002AFEC (0x00000113) addi sp, zero, 0x0
x2 <- 0x0000000000000000
mem[X,0x000000008002AFF0] -> 0x006F
mem[X,0x000000008002AFF2] -> 0x00C0
[6478] [M]: 0x000000008002AFF0 (0x00C0006F) jal zero, 0xc
mem[X,0x000000008002AFFC] -> 0x1063
mem[X,0x000000008002AFFE] -> 0x04B5
[6479] [M]: 0x000000008002AFFC (0x04B51063) bne a0, a1, 0x40
mem[X,0x000000008002B03C] -> 0x0113
mem[X,0x000000008002B03E] -> 0x0031
[6480] [M]: 0x000000008002B03C (0x00310113) addi sp, sp, 0x3
x2 <- 0x0000000000000003
mem[X,0x000000008002B040] -> 0x006F
mem[X,0x000000008002B042] -> 0x0040
[6481] [M]: 0x000000008002B040 (0x0040006F) jal zero, 0x4
mem[X,0x000000008002B044] -> 0xB823
mem[X,0x000000008002B046] -> 0x4A20
[6482] [M]: 0x000000008002B044 (0x4A20B823) sd sp, 0x4b0(ra)
mem[0x0000000080045E88] <- 0x0000000000000003
mem[X,0x000000008002B048] -> 0x0513
mem[X,0x000000008002B04A] -> 0x0040
[6483] [M]: 0x000000008002B048 (0x00400513) addi a0, zero, 0x4
x10 <- 0x0000000000000004
mem[X,0x000000008002B04C] -> 0x0593
mem[X,0x000000008002B04E] -> 0x0000
[6484] [M]: 0x000000008002B04C (0x00000593) addi a1, zero, 0x0
x11 <- 0x0000000000000000
mem[X,0x000000008002B050] -> 0x0113
mem[X,0x000000008002B052] -> 0x0000
[6485] [M]: 0x000000008002B050 (0x00000113) addi sp, zero, 0x0
x2 <- 0x0000000000000000
mem[X,0x000000008002B054] -> 0x006F
mem[X,0x000000008002B056] -> 0x00C0
[6486] [M]: 0x000000008002B054 (0x00C0006F) jal zero, 0xc
mem[X,0x000000008002B060] -> 0x1663
mem[X,0x000000008002B062] -> 0x00B5
[6487] [M]: 0x000000008002B060 (0x00B51663) bne a0, a1, 0xc
mem[X,0x000000008002B06C] -> 0x0113
mem[X,0x000000008002B06E] -> 0x0031
[6488] [M]: 0x000000008002B06C (0x00310113) addi sp, sp, 0x3
x2 <- 0x0000000000000003
mem[X,0x000000008002B070] -> 0x006F
mem[X,0x000000008002B072] -> 0x0040
[6489] [M]: 0x000000008002B070 (0x0040006F) jal zero, 0x4
mem[X,0x000000008002B074] -> 0xBC23
mem[X,0x000000008002B076] -> 0x4A20
[6490] [M]: 0x000000008002B074 (0x4A20BC23) sd sp, 0x4b8(ra)
mem[0x0000000080045E90] <- 0x0000000000000003
mem[X,0x000000008002B078] -> 0x0513
mem[X,0x000000008002B07A] -> 0x0040
[6491] [M]: 0x000000008002B078 (0x00400513) addi a0, zero, 0x4
x10 <- 0x0000000000000004
mem[X,0x000000008002B07C] -> 0x0593
mem[X,0x000000008002B07E] -> 0x0040
[6492] [M]: 0x000000008002B07C (0x00400593) addi a1, zero, 0x4
x11 <- 0x0000000000000004
mem[X,0x000000008002B080] -> 0x0113
mem[X,0x000000008002B082] -> 0x0000
[6493] [M]: 0x000000008002B080 (0x00000113) addi sp, zero, 0x0
x2 <- 0x0000000000000000
mem[X,0x000000008002B084] -> 0x006F
mem[X,0x000000008002B086] -> 0x2B10
[6494] [M]: 0x000000008002B084 (0x2B10006F) jal zero, 0xab0
mem[X,0x000000008002BB34] -> 0x1A63
mem[X,0x000000008002BB36] -> 0xD4B5
[6495] [M]: 0x000000008002BB34 (0xD4B51A63) bne a0, a1, -0xaac
mem[X,0x000000008002BB38] -> 0x0113
mem[X,0x000000008002BB3A] -> 0x0021
[6496] [M]: 0x000000008002BB38 (0x00210113) addi sp, sp, 0x2
x2 <- 0x0000000000000002
mem[X,0x000000008002BB3C] -> 0x006F
mem[X,0x000000008002BB3E] -> 0x00C0
[6497] [M]: 0x000000008002BB3C (0x00C0006F) jal zero, 0xc
mem[X,0x000000008002BB48] -> 0xB023
mem[X,0x000000008002BB4A] -> 0x4C20
[6498] [M]: 0x000000008002BB48 (0x4C20B023) sd sp, 0x4c0(ra)
mem[0x0000000080045E98] <- 0x0000000000000002
mem[X,0x000000008002BB4C] -> 0x0513
mem[X,0x000000008002BB4E] -> 0x0040
[6499] [M]: 0x000000008002BB4C (0x00400513) addi a0, zero, 0x4
x10 <- 0x0000000000000004
clint::tick mtime <- 0x0000000000000041
 clint timer pending at mtime 0x0000000000000041
htif::tick 0x0000000000000000
mem[X,0x000000008002BB50] -> 0x35B7
mem[X,0x000000008002BB52] -> 0x3333
[6500] [M]: 0x000000008002BB50 (0x333335B7) lui a1, 0x33333
x11 <- 0x0000000033333000
mem[X,0x000000008002BB54] -> 0x8593
mem[X,0x000000008002BB56] -> 0x3335
[6501] [M]: 0x000000008002BB54 (0x33358593) addi a1, a1, 0x333
x11 <- 0x0000000033333333
mem[X,0x000000008002BB58] -> 0x9593
mem[X,0x000000008002BB5A] -> 0x00B5
[6502] [M]: 0x000000008002BB58 (0x00B59593) slli a1, a1, 0xb
x11 <- 0x0000019999999800
mem[X,0x000000008002BB5C] -> 0x8593
mem[X,0x000000008002BB5E] -> 0x1995
[6503] [M]: 0x000000008002BB5C (0x19958593) addi a1, a1, 0x199
x11 <- 0x0000019999999999
mem[X,0x000000008002BB60] -> 0x9593
mem[X,0x000000008002BB62] -> 0x00B5
[6504] [M]: 0x000000008002BB60 (0x00B59593) slli a1, a1, 0xb
x11 <- 0x000CCCCCCCCCC800
mem[X,0x000000008002BB64] -> 0x8593
mem[X,0x000000008002BB66] -> 0x4CC5
[6505] [M]: 0x000000008002BB64 (0x4CC58593) addi a1, a1, 0x4cc
x11 <- 0x000CCCCCCCCCCCCC
mem[X,0x000000008002BB68] -> 0x9593
mem[X,0x000000008002BB6A] -> 0x00A5
[6506] [M]: 0x000000008002BB68 (0x00A59593) slli a1, a1, 0xa
x11 <- 0x3333333333333000
mem[X,0x000000008002BB6C] -> 0x8593
mem[X,0x000000008002BB6E] -> 0x3325
[6507] [M]: 0x000000008002BB6C (0x33258593) addi a1, a1, 0x332
x11 <- 0x3333333333333332
mem[X,0x000000008002BB70] -> 0x0113
mem[X,0x000000008002BB72] -> 0x0000
[6508] [M]: 0x000000008002BB70 (0x00000113) addi sp, zero, 0x0
x2 <- 0x0000000000000000
mem[X,0x000000008002BB74] -> 0x006F
mem[X,0x000000008002BB76] -> 0x00C0
[6509] [M]: 0x000000008002BB74 (0x00C0006F) jal zero, 0xc
mem[X,0x000000008002BB80] -> 0x1063
mem[X,0x000000008002BB82] -> 0x08B5
[6510] [M]: 0x000000008002BB80 (0x08B51063) bne a0, a1, 0x80
mem[X,0x000000008002BC00] -> 0x0113
mem[X,0x000000008002BC02] -> 0x0031
[6511] [M]: 0x000000008002BC00 (0x00310113) addi sp, sp, 0x3
x2 <- 0x0000000000000003
mem[X,0x000000008002BC04] -> 0x006F
mem[X,0x000000008002BC06] -> 0x0040
[6512] [M]: 0x000000008002BC04 (0x0040006F) jal zero, 0x4
mem[X,0x000000008002BC08] -> 0xB423
mem[X,0x000000008002BC0A] -> 0x4C20
[6513] [M]: 0x000000008002BC08 (0x4C20B423) sd sp, 0x4c8(ra)
mem[0x0000000080045EA0] <- 0x0000000000000003
mem[X,0x000000008002BC0C] -> 0x0513
mem[X,0x000000008002BC0E] -> 0x0040
[6514] [M]: 0x000000008002BC0C (0x00400513) addi a0, zero, 0x4
x10 <- 0x0000000000000004
mem[X,0x000000008002BC10] -> 0x65B7
mem[X,0x000000008002BC12] -> 0x6666
[6515] [M]: 0x000000008002BC10 (0x666665B7) lui a1, 0x66666
x11 <- 0x0000000066666000
mem[X,0x000000008002BC14] -> 0x8593
mem[X,0x000000008002BC16] -> 0x6665
[6516] [M]: 0x000000008002BC14 (0x66658593) addi a1, a1, 0x666
x11 <- 0x0000000066666666
mem[X,0x000000008002BC18] -> 0x9593
mem[X,0x000000008002BC1A] -> 0x00B5
[6517] [M]: 0x000000008002BC18 (0x00B59593) slli a1, a1, 0xb
x11 <- 0x0000033333333000
mem[X,0x000000008002BC1C] -> 0x8593
mem[X,0x000000008002BC1E] -> 0x3335
[6518] [M]: 0x000000008002BC1C (0x33358593) addi a1, a1, 0x333
x11 <- 0x0000033333333333
mem[X,0x000000008002BC20] -> 0x9593
mem[X,0x000000008002BC22] -> 0x00B5
[6519] [M]: 0x000000008002BC20 (0x00B59593) slli a1, a1, 0xb
x11 <- 0x0019999999999800
mem[X,0x000000008002BC24] -> 0x8593
mem[X,0x000000008002BC26] -> 0x1995
[6520] [M]: 0x000000008002BC24 (0x19958593) addi a1, a1, 0x199
x11 <- 0x0019999999999999
mem[X,0x000000008002BC28] -> 0x9593
mem[X,0x000000008002BC2A] -> 0x00A5
[6521] [M]: 0x000000008002BC28 (0x00A59593) slli a1, a1, 0xa
x11 <- 0x6666666666666400
mem[X,0x000000008002BC2C] -> 0x8593
mem[X,0x000000008002BC2E] -> 0x2655
[6522] [M]: 0x000000008002BC2C (0x26558593) addi a1, a1, 0x265
x11 <- 0x6666666666666665
mem[X,0x000000008002BC30] -> 0x0113
mem[X,0x000000008002BC32] -> 0x0000
[6523] [M]: 0x000000008002BC30 (0x00000113) addi sp, zero, 0x0
x2 <- 0x0000000000000000
mem[X,0x000000008002BC34] -> 0x006F
mem[X,0x000000008002BC36] -> 0x00C0
[6524] [M]: 0x000000008002BC34 (0x00C0006F) jal zero, 0xc
mem[X,0x000000008002BC40] -> 0x1663
mem[X,0x000000008002BC42] -> 0x00B5
[6525] [M]: 0x000000008002BC40 (0x00B51663) bne a0, a1, 0xc
mem[X,0x000000008002BC4C] -> 0x0113
mem[X,0x000000008002BC4E] -> 0x0031
[6526] [M]: 0x000000008002BC4C (0x00310113) addi sp, sp, 0x3
x2 <- 0x0000000000000003
mem[X,0x000000008002BC50] -> 0x006F
mem[X,0x000000008002BC52] -> 0x0040
[6527] [M]: 0x000000008002BC50 (0x0040006F) jal zero, 0x4
mem[X,0x000000008002BC54] -> 0xB823
mem[X,0x000000008002BC56] -> 0x4C20
[6528] [M]: 0x000000008002BC54 (0x4C20B823) sd sp, 0x4d0(ra)
mem[0x0000000080045EA8] <- 0x0000000000000003
mem[X,0x000000008002BC58] -> 0x0513
mem[X,0x000000008002BC5A] -> 0x0040
[6529] [M]: 0x000000008002BC58 (0x00400513) addi a0, zero, 0x4
x10 <- 0x0000000000000004
mem[X,0x000000008002BC5C] -> 0x05B7
mem[X,0x000000008002BC5E] -> 0x0000
[6530] [M]: 0x000000008002BC5C (0x000005B7) lui a1, 0x0
x11 <- 0x0000000000000000
mem[X,0x000000008002BC60] -> 0x8593
mem[X,0x000000008002BC62] -> 0x0005
[6531] [M]: 0x000000008002BC60 (0x00058593) addi a1, a1, 0x0
x11 <- 0x0000000000000000
mem[X,0x000000008002BC64] -> 0x9593
mem[X,0x000000008002BC66] -> 0x00B5
[6532] [M]: 0x000000008002BC64 (0x00B59593) slli a1, a1, 0xb
x11 <- 0x0000000000000000
mem[X,0x000000008002BC68] -> 0x8593
mem[X,0x000000008002BC6A] -> 0x5A85
[6533] [M]: 0x000000008002BC68 (0x5A858593) addi a1, a1, 0x5a8
x11 <- 0x00000000000005A8
mem[X,0x000000008002BC6C] -> 0x9593
mem[X,0x000000008002BC6E] -> 0x00B5
[6534] [M]: 0x000000008002BC6C (0x00B59593) slli a1, a1, 0xb
x11 <- 0x00000000002D4000
mem[X,0x000000008002BC70] -> 0x8593
mem[X,0x000000008002BC72] -> 0x13C5
[6535] [M]: 0x000000008002BC70 (0x13C58593) addi a1, a1, 0x13c
x11 <- 0x00000000002D413C
mem[X,0x000000008002BC74] -> 0x9593
mem[X,0x000000008002BC76] -> 0x00A5
[6536] [M]: 0x000000008002BC74 (0x00A59593) slli a1, a1, 0xa
x11 <- 0x00000000B504F000
mem[X,0x000000008002BC78] -> 0x8593
mem[X,0x000000008002BC7A] -> 0x3325
[6537] [M]: 0x000000008002BC78 (0x33258593) addi a1, a1, 0x332
x11 <- 0x00000000B504F332
mem[X,0x000000008002BC7C] -> 0x0113
mem[X,0x000000008002BC7E] -> 0x0000
[6538] [M]: 0x000000008002BC7C (0x00000113) addi sp, zero, 0x0
x2 <- 0x0000000000000000
mem[X,0x000000008002BC80] -> 0x006F
mem[X,0x000000008002BC82] -> 0x0100
[6539] [M]: 0x000000008002BC80 (0x0100006F) jal zero, 0x10
mem[X,0x000000008002BC90] -> 0x1AE3
mem[X,0x000000008002BC92] -> 0xFEB5
[6540] [M]: 0x000000008002BC90 (0xFEB51AE3) bne a0, a1, -0xc
mem[X,0x000000008002BC84] -> 0x0113
mem[X,0x000000008002BC86] -> 0x0011
[6541] [M]: 0x000000008002BC84 (0x00110113) addi sp, sp, 0x1
x2 <- 0x0000000000000001
mem[X,0x000000008002BC88] -> 0x006F
mem[X,0x000000008002BC8A] -> 0x01C0
[6542] [M]: 0x000000008002BC88 (0x01C0006F) jal zero, 0x1c
mem[X,0x000000008002BCA4] -> 0xBC23
mem[X,0x000000008002BCA6] -> 0x4C20
[6543] [M]: 0x000000008002BCA4 (0x4C20BC23) sd sp, 0x4d8(ra)
mem[0x0000000080045EB0] <- 0x0000000000000001
mem[X,0x000000008002BCA8] -> 0x0513
mem[X,0x000000008002BCAA] -> 0x0040
[6544] [M]: 0x000000008002BCA8 (0x00400513) addi a0, zero, 0x4
x10 <- 0x0000000000000004
mem[X,0x000000008002BCAC] -> 0x55B7
mem[X,0x000000008002BCAE] -> 0x5555
[6545] [M]: 0x000000008002BCAC (0x555555B7) lui a1, 0x55555
x11 <- 0x0000000055555000
mem[X,0x000000008002BCB0] -> 0x8593
mem[X,0x000000008002BCB2] -> 0x5555
[6546] [M]: 0x000000008002BCB0 (0x55558593) addi a1, a1, 0x555
x11 <- 0x0000000055555555
mem[X,0x000000008002BCB4] -> 0x9593
mem[X,0x000000008002BCB6] -> 0x00B5
[6547] [M]: 0x000000008002BCB4 (0x00B59593) slli a1, a1, 0xb
x11 <- 0x000002AAAAAAA800
mem[X,0x000000008002BCB8] -> 0x8593
mem[X,0x000000008002BCBA] -> 0x2AA5
[6548] [M]: 0x000000008002BCB8 (0x2AA58593) addi a1, a1, 0x2aa
x11 <- 0x000002AAAAAAAAAA
mem[X,0x000000008002BCBC] -> 0x9593
mem[X,0x000000008002BCBE] -> 0x00B5
[6549] [M]: 0x000000008002BCBC (0x00B59593) slli a1, a1, 0xb
x11 <- 0x0015555555555000
mem[X,0x000000008002BCC0] -> 0x8593
mem[X,0x000000008002BCC2] -> 0x5555
[6550] [M]: 0x000000008002BCC0 (0x55558593) addi a1, a1, 0x555
x11 <- 0x0015555555555555
mem[X,0x000000008002BCC4] -> 0x9593
mem[X,0x000000008002BCC6] -> 0x00A5
[6551] [M]: 0x000000008002BCC4 (0x00A59593) slli a1, a1, 0xa
x11 <- 0x5555555555555400
mem[X,0x000000008002BCC8] -> 0x8593
mem[X,0x000000008002BCCA] -> 0x1565
[6552] [M]: 0x000000008002BCC8 (0x15658593) addi a1, a1, 0x156
x11 <- 0x5555555555555556
mem[X,0x000000008002BCCC] -> 0x0113
mem[X,0x000000008002BCCE] -> 0x0000
[6553] [M]: 0x000000008002BCCC (0x00000113) addi sp, zero, 0x0
x2 <- 0x0000000000000000
mem[X,0x000000008002BCD0] -> 0x006F
mem[X,0x000000008002BCD2] -> 0x00C0
[6554] [M]: 0x000000008002BCD0 (0x00C0006F) jal zero, 0xc
mem[X,0x000000008002BCDC] -> 0x1CE3
mem[X,0x000000008002BCDE] -> 0xFEB5
[6555] [M]: 0x000000008002BCDC (0xFEB51CE3) bne a0, a1, -0x8
mem[X,0x000000008002BCD4] -> 0x0113
mem[X,0x000000008002BCD6] -> 0x0011
[6556] [M]: 0x000000008002BCD4 (0x00110113) addi sp, sp, 0x1
x2 <- 0x0000000000000001
mem[X,0x000000008002BCD8] -> 0x006F
mem[X,0x000000008002BCDA] -> 0x0180
[6557] [M]: 0x000000008002BCD8 (0x0180006F) jal zero, 0x18
mem[X,0x000000008002BCF0] -> 0xB023
mem[X,0x000000008002BCF2] -> 0x4E20
[6558] [M]: 0x000000008002BCF0 (0x4E20B023) sd sp, 0x4e0(ra)
mem[0x0000000080045EB8] <- 0x0000000000000001
mem[X,0x000000008002BCF4] -> 0x0513
mem[X,0x000000008002BCF6] -> 0x0040
[6559] [M]: 0x000000008002BCF4 (0x00400513) addi a0, zero, 0x4
x10 <- 0x0000000000000004
mem[X,0x000000008002BCF8] -> 0xB5B7
mem[X,0x000000008002BCFA] -> 0xAAAA
[6560] [M]: 0x000000008002BCF8 (0xAAAAB5B7) lui a1, -0x55555
x11 <- 0xFFFFFFFFAAAAB000
mem[X,0x000000008002BCFC] -> 0x8593
mem[X,0x000000008002BCFE] -> 0xAAA5
[6561] [M]: 0x000000008002BCFC (0xAAA58593) addi a1, a1, -0x556
x11 <- 0xFFFFFFFFAAAAAAAA
mem[X,0x000000008002BD00] -> 0x9593
mem[X,0x000000008002BD02] -> 0x00B5
[6562] [M]: 0x000000008002BD00 (0x00B59593) slli a1, a1, 0xb
x11 <- 0xFFFFFD5555555000
mem[X,0x000000008002BD04] -> 0x8593
mem[X,0x000000008002BD06] -> 0x5555
[6563] [M]: 0x000000008002BD04 (0x55558593) addi a1, a1, 0x555
x11 <- 0xFFFFFD5555555555
mem[X,0x000000008002BD08] -> 0x9593
mem[X,0x000000008002BD0A] -> 0x00B5
[6564] [M]: 0x000000008002BD08 (0x00B59593) slli a1, a1, 0xb
x11 <- 0xFFEAAAAAAAAAA800
mem[X,0x000000008002BD0C] -> 0x8593
mem[X,0x000000008002BD0E] -> 0x2AA5
[6565] [M]: 0x000000008002BD0C (0x2AA58593) addi a1, a1, 0x2aa
x11 <- 0xFFEAAAAAAAAAAAAA
mem[X,0x000000008002BD10] -> 0x9593
mem[X,0x000000008002BD12] -> 0x00A5
[6566] [M]: 0x000000008002BD10 (0x00A59593) slli a1, a1, 0xa
x11 <- 0xAAAAAAAAAAAAA800
mem[X,0x000000008002BD14] -> 0x8593
mem[X,0x000000008002BD16] -> 0x2AB5
[6567] [M]: 0x000000008002BD14 (0x2AB58593) addi a1, a1, 0x2ab
x11 <- 0xAAAAAAAAAAAAAAAB
mem[X,0x000000008002BD18] -> 0x0113
mem[X,0x000000008002BD1A] -> 0x0000
[6568] [M]: 0x000000008002BD18 (0x00000113) addi sp, zero, 0x0
x2 <- 0x0000000000000000
mem[X,0x000000008002BD1C] -> 0x006F
mem[X,0x000000008002BD1E] -> 0x0100
[6569] [M]: 0x000000008002BD1C (0x0100006F) jal zero, 0x10
mem[X,0x000000008002BD2C] -> 0x1AE3
mem[X,0x000000008002BD2E] -> 0xFEB5
[6570] [M]: 0x000000008002BD2C (0xFEB51AE3) bne a0, a1, -0xc
mem[X,0x000000008002BD20] -> 0x0113
mem[X,0x000000008002BD22] -> 0x0011
[6571] [M]: 0x000000008002BD20 (0x00110113) addi sp, sp, 0x1
x2 <- 0x0000000000000001
mem[X,0x000000008002BD24] -> 0x006F
mem[X,0x000000008002BD26] -> 0x01C0
[6572] [M]: 0x000000008002BD24 (0x01C0006F) jal zero, 0x1c
mem[X,0x000000008002BD40] -> 0xB423
mem[X,0x000000008002BD42] -> 0x4E20
[6573] [M]: 0x000000008002BD40 (0x4E20B423) sd sp, 0x4e8(ra)
mem[0x0000000080045EC0] <- 0x0000000000000001
mem[X,0x000000008002BD44] -> 0x0513
mem[X,0x000000008002BD46] -> 0x0040
[6574] [M]: 0x000000008002BD44 (0x00400513) addi a0, zero, 0x4
x10 <- 0x0000000000000004
mem[X,0x000000008002BD48] -> 0x0593
mem[X,0x000000008002BD4A] -> 0x0060
[6575] [M]: 0x000000008002BD48 (0x00600593) addi a1, zero, 0x6
x11 <- 0x0000000000000006
mem[X,0x000000008002BD4C] -> 0x0113
mem[X,0x000000008002BD4E] -> 0x0000
[6576] [M]: 0x000000008002BD4C (0x00000113) addi sp, zero, 0x0
x2 <- 0x0000000000000000
mem[X,0x000000008002BD50] -> 0x006F
mem[X,0x000000008002BD52] -> 0x00C0
[6577] [M]: 0x000000008002BD50 (0x00C0006F) jal zero, 0xc
mem[X,0x000000008002BD5C] -> 0x1663
mem[X,0x000000008002BD5E] -> 0x00B5
[6578] [M]: 0x000000008002BD5C (0x00B51663) bne a0, a1, 0xc
mem[X,0x000000008002BD68] -> 0x0113
mem[X,0x000000008002BD6A] -> 0x0031
[6579] [M]: 0x000000008002BD68 (0x00310113) addi sp, sp, 0x3
x2 <- 0x0000000000000003
mem[X,0x000000008002BD6C] -> 0x006F
mem[X,0x000000008002BD6E] -> 0x0040
[6580] [M]: 0x000000008002BD6C (0x0040006F) jal zero, 0x4
mem[X,0x000000008002BD70] -> 0xB823
mem[X,0x000000008002BD72] -> 0x4E20
[6581] [M]: 0x000000008002BD70 (0x4E20B823) sd sp, 0x4f0(ra)
mem[0x0000000080045EC8] <- 0x0000000000000003
mem[X,0x000000008002BD74] -> 0x0513
mem[X,0x000000008002BD76] -> 0x0040
[6582] [M]: 0x000000008002BD74 (0x00400513) addi a0, zero, 0x4
x10 <- 0x0000000000000004
mem[X,0x000000008002BD78] -> 0x35B7
mem[X,0x000000008002BD7A] -> 0x3333
[6583] [M]: 0x000000008002BD78 (0x333335B7) lui a1, 0x33333
x11 <- 0x0000000033333000
mem[X,0x000000008002BD7C] -> 0x8593
mem[X,0x000000008002BD7E] -> 0x3335
[6584] [M]: 0x000000008002BD7C (0x33358593) addi a1, a1, 0x333
x11 <- 0x0000000033333333
mem[X,0x000000008002BD80] -> 0x9593
mem[X,0x000000008002BD82] -> 0x00B5
[6585] [M]: 0x000000008002BD80 (0x00B59593) slli a1, a1, 0xb
x11 <- 0x0000019999999800
mem[X,0x000000008002BD84] -> 0x8593
mem[X,0x000000008002BD86] -> 0x1995
[6586] [M]: 0x000000008002BD84 (0x19958593) addi a1, a1, 0x199
x11 <- 0x0000019999999999
mem[X,0x000000008002BD88] -> 0x9593
mem[X,0x000000008002BD8A] -> 0x00B5
[6587] [M]: 0x000000008002BD88 (0x00B59593) slli a1, a1, 0xb
x11 <- 0x000CCCCCCCCCC800
mem[X,0x000000008002BD8C] -> 0x8593
mem[X,0x000000008002BD8E] -> 0x4CC5
[6588] [M]: 0x000000008002BD8C (0x4CC58593) addi a1, a1, 0x4cc
x11 <- 0x000CCCCCCCCCCCCC
mem[X,0x000000008002BD90] -> 0x9593
mem[X,0x000000008002BD92] -> 0x00A5
[6589] [M]: 0x000000008002BD90 (0x00A59593) slli a1, a1, 0xa
x11 <- 0x3333333333333000
mem[X,0x000000008002BD94] -> 0x8593
mem[X,0x000000008002BD96] -> 0x3345
[6590] [M]: 0x000000008002BD94 (0x33458593) addi a1, a1, 0x334
x11 <- 0x3333333333333334
mem[X,0x000000008002BD98] -> 0x0113
mem[X,0x000000008002BD9A] -> 0x0000
[6591] [M]: 0x000000008002BD98 (0x00000113) addi sp, zero, 0x0
x2 <- 0x0000000000000000
mem[X,0x000000008002BD9C] -> 0x006F
mem[X,0x000000008002BD9E] -> 0x00C0
[6592] [M]: 0x000000008002BD9C (0x00C0006F) jal zero, 0xc
mem[X,0x000000008002BDA8] -> 0x1663
mem[X,0x000000008002BDAA] -> 0x00B5
[6593] [M]: 0x000000008002BDA8 (0x00B51663) bne a0, a1, 0xc
mem[X,0x000000008002BDB4] -> 0x0113
mem[X,0x000000008002BDB6] -> 0x0031
[6594] [M]: 0x000000008002BDB4 (0x00310113) addi sp, sp, 0x3
x2 <- 0x0000000000000003
mem[X,0x000000008002BDB8] -> 0x006F
mem[X,0x000000008002BDBA] -> 0x0040
[6595] [M]: 0x000000008002BDB8 (0x0040006F) jal zero, 0x4
mem[X,0x000000008002BDBC] -> 0xBC23
mem[X,0x000000008002BDBE] -> 0x4E20
[6596] [M]: 0x000000008002BDBC (0x4E20BC23) sd sp, 0x4f8(ra)
mem[0x0000000080045ED0] <- 0x0000000000000003
mem[X,0x000000008002BDC0] -> 0x0513
mem[X,0x000000008002BDC2] -> 0x0040
[6597] [M]: 0x000000008002BDC0 (0x00400513) addi a0, zero, 0x4
x10 <- 0x0000000000000004
mem[X,0x000000008002BDC4] -> 0x65B7
mem[X,0x000000008002BDC6] -> 0x6666
[6598] [M]: 0x000000008002BDC4 (0x666665B7) lui a1, 0x66666
x11 <- 0x0000000066666000
mem[X,0x000000008002BDC8] -> 0x8593
mem[X,0x000000008002BDCA] -> 0x6665
[6599] [M]: 0x000000008002BDC8 (0x66658593) addi a1, a1, 0x666
x11 <- 0x0000000066666666
clint::tick mtime <- 0x0000000000000042
 clint timer pending at mtime 0x0000000000000042
htif::tick 0x0000000000000000
mem[X,0x000000008002BDCC] -> 0x9593
mem[X,0x000000008002BDCE] -> 0x00B5
[6600] [M]: 0x000000008002BDCC (0x00B59593) slli a1, a1, 0xb
x11 <- 0x0000033333333000
mem[X,0x000000008002BDD0] -> 0x8593
mem[X,0x000000008002BDD2] -> 0x3335
[6601] [M]: 0x000000008002BDD0 (0x33358593) addi a1, a1, 0x333
x11 <- 0x0000033333333333
mem[X,0x000000008002BDD4] -> 0x9593
mem[X,0x000000008002BDD6] -> 0x00B5
[6602] [M]: 0x000000008002BDD4 (0x00B59593) slli a1, a1, 0xb
x11 <- 0x0019999999999800
mem[X,0x000000008002BDD8] -> 0x8593
mem[X,0x000000008002BDDA] -> 0x1995
[6603] [M]: 0x000000008002BDD8 (0x19958593) addi a1, a1, 0x199
x11 <- 0x0019999999999999
mem[X,0x000000008002BDDC] -> 0x9593
mem[X,0x000000008002BDDE] -> 0x00A5
[6604] [M]: 0x000000008002BDDC (0x00A59593) slli a1, a1, 0xa
x11 <- 0x6666666666666400
mem[X,0x000000008002BDE0] -> 0x8593
mem[X,0x000000008002BDE2] -> 0x2675
[6605] [M]: 0x000000008002BDE0 (0x26758593) addi a1, a1, 0x267
x11 <- 0x6666666666666667
mem[X,0x000000008002BDE4] -> 0x0113
mem[X,0x000000008002BDE6] -> 0x0000
[6606] [M]: 0x000000008002BDE4 (0x00000113) addi sp, zero, 0x0
x2 <- 0x0000000000000000
mem[X,0x000000008002BDE8] -> 0x006F
mem[X,0x000000008002BDEA] -> 0x2B10
[6607] [M]: 0x000000008002BDE8 (0x2B10006F) jal zero, 0xab0
mem[X,0x000000008002C898] -> 0x1A63
mem[X,0x000000008002C89A] -> 0xD4B5
[6608] [M]: 0x000000008002C898 (0xD4B51A63) bne a0, a1, -0xaac
mem[X,0x000000008002BDEC] -> 0x0113
mem[X,0x000000008002BDEE] -> 0x0011
[6609] [M]: 0x000000008002BDEC (0x00110113) addi sp, sp, 0x1
x2 <- 0x0000000000000001
mem[X,0x000000008002BDF0] -> 0x006F
mem[X,0x000000008002BDF2] -> 0x2BD0
[6610] [M]: 0x000000008002BDF0 (0x2BD0006F) jal zero, 0xabc
mem[X,0x000000008002C8AC] -> 0xB023
mem[X,0x000000008002C8AE] -> 0x5020
[6611] [M]: 0x000000008002C8AC (0x5020B023) sd sp, 0x500(ra)
mem[0x0000000080045ED8] <- 0x0000000000000001
mem[X,0x000000008002C8B0] -> 0x0513
mem[X,0x000000008002C8B2] -> 0x0040
[6612] [M]: 0x000000008002C8B0 (0x00400513) addi a0, zero, 0x4
x10 <- 0x0000000000000004
mem[X,0x000000008002C8B4] -> 0x05B7
mem[X,0x000000008002C8B6] -> 0x0000
[6613] [M]: 0x000000008002C8B4 (0x000005B7) lui a1, 0x0
x11 <- 0x0000000000000000
mem[X,0x000000008002C8B8] -> 0x8593
mem[X,0x000000008002C8BA] -> 0xFFF5
[6614] [M]: 0x000000008002C8B8 (0xFFF58593) addi a1, a1, -0x1
x11 <- 0xFFFFFFFFFFFFFFFF
mem[X,0x000000008002C8BC] -> 0x9593
mem[X,0x000000008002C8BE] -> 0x00B5
[6615] [M]: 0x000000008002C8BC (0x00B59593) slli a1, a1, 0xb
x11 <- 0xFFFFFFFFFFFFF800
mem[X,0x000000008002C8C0] -> 0x8593
mem[X,0x000000008002C8C2] -> 0x2575
[6616] [M]: 0x000000008002C8C0 (0x25758593) addi a1, a1, 0x257
x11 <- 0xFFFFFFFFFFFFFA57
mem[X,0x000000008002C8C4] -> 0x9593
mem[X,0x000000008002C8C6] -> 0x00B5
[6617] [M]: 0x000000008002C8C4 (0x00B59593) slli a1, a1, 0xb
x11 <- 0xFFFFFFFFFFD2B800
mem[X,0x000000008002C8C8] -> 0x8593
mem[X,0x000000008002C8CA] -> 0x6C35
[6618] [M]: 0x000000008002C8C8 (0x6C358593) addi a1, a1, 0x6c3
x11 <- 0xFFFFFFFFFFD2BEC3
mem[X,0x000000008002C8CC] -> 0x9593
mem[X,0x000000008002C8CE] -> 0x00A5
[6619] [M]: 0x000000008002C8CC (0x00A59593) slli a1, a1, 0xa
x11 <- 0xFFFFFFFF4AFB0C00
mem[X,0x000000008002C8D0] -> 0x8593
mem[X,0x000000008002C8D2] -> 0x0CE5
[6620] [M]: 0x000000008002C8D0 (0x0CE58593) addi a1, a1, 0xce
x11 <- 0xFFFFFFFF4AFB0CCE
mem[X,0x000000008002C8D4] -> 0x0113
mem[X,0x000000008002C8D6] -> 0x0000
[6621] [M]: 0x000000008002C8D4 (0x00000113) addi sp, zero, 0x0
x2 <- 0x0000000000000000
mem[X,0x000000008002C8D8] -> 0x006F
mem[X,0x000000008002C8DA] -> 0x00C0
[6622] [M]: 0x000000008002C8D8 (0x00C0006F) jal zero, 0xc
mem[X,0x000000008002C8E4] -> 0x1063
mem[X,0x000000008002C8E6] -> 0x02B5
[6623] [M]: 0x000000008002C8E4 (0x02B51063) bne a0, a1, 0x20
mem[X,0x000000008002C904] -> 0x0113
mem[X,0x000000008002C906] -> 0x0031
[6624] [M]: 0x000000008002C904 (0x00310113) addi sp, sp, 0x3
x2 <- 0x0000000000000003
mem[X,0x000000008002C908] -> 0x006F
mem[X,0x000000008002C90A] -> 0x0040
[6625] [M]: 0x000000008002C908 (0x0040006F) jal zero, 0x4
mem[X,0x000000008002C90C] -> 0xB423
mem[X,0x000000008002C90E] -> 0x5020
[6626] [M]: 0x000000008002C90C (0x5020B423) sd sp, 0x508(ra)
mem[0x0000000080045EE0] <- 0x0000000000000003
mem[X,0x000000008002C910] -> 0x0513
mem[X,0x000000008002C912] -> 0x0040
[6627] [M]: 0x000000008002C910 (0x00400513) addi a0, zero, 0x4
x10 <- 0x0000000000000004
mem[X,0x000000008002C914] -> 0x05B7
mem[X,0x000000008002C916] -> 0x0000
[6628] [M]: 0x000000008002C914 (0x000005B7) lui a1, 0x0
x11 <- 0x0000000000000000
mem[X,0x000000008002C918] -> 0x8593
mem[X,0x000000008002C91A] -> 0x0005
[6629] [M]: 0x000000008002C918 (0x00058593) addi a1, a1, 0x0
x11 <- 0x0000000000000000
mem[X,0x000000008002C91C] -> 0x9593
mem[X,0x000000008002C91E] -> 0x00B5
[6630] [M]: 0x000000008002C91C (0x00B59593) slli a1, a1, 0xb
x11 <- 0x0000000000000000
mem[X,0x000000008002C920] -> 0x8593
mem[X,0x000000008002C922] -> 0x5A85
[6631] [M]: 0x000000008002C920 (0x5A858593) addi a1, a1, 0x5a8
x11 <- 0x00000000000005A8
mem[X,0x000000008002C924] -> 0x9593
mem[X,0x000000008002C926] -> 0x00B5
[6632] [M]: 0x000000008002C924 (0x00B59593) slli a1, a1, 0xb
x11 <- 0x00000000002D4000
mem[X,0x000000008002C928] -> 0x8593
mem[X,0x000000008002C92A] -> 0x13C5
[6633] [M]: 0x000000008002C928 (0x13C58593) addi a1, a1, 0x13c
x11 <- 0x00000000002D413C
mem[X,0x000000008002C92C] -> 0x9593
mem[X,0x000000008002C92E] -> 0x00A5
[6634] [M]: 0x000000008002C92C (0x00A59593) slli a1, a1, 0xa
x11 <- 0x00000000B504F000
mem[X,0x000000008002C930] -> 0x8593
mem[X,0x000000008002C932] -> 0x3345
[6635] [M]: 0x000000008002C930 (0x33458593) addi a1, a1, 0x334
x11 <- 0x00000000B504F334
mem[X,0x000000008002C934] -> 0x0113
mem[X,0x000000008002C936] -> 0x0000
[6636] [M]: 0x000000008002C934 (0x00000113) addi sp, zero, 0x0
x2 <- 0x0000000000000000
mem[X,0x000000008002C938] -> 0x006F
mem[X,0x000000008002C93A] -> 0x00C0
[6637] [M]: 0x000000008002C938 (0x00C0006F) jal zero, 0xc
mem[X,0x000000008002C944] -> 0x1063
mem[X,0x000000008002C946] -> 0x08B5
[6638] [M]: 0x000000008002C944 (0x08B51063) bne a0, a1, 0x80
mem[X,0x000000008002C9C4] -> 0x0113
mem[X,0x000000008002C9C6] -> 0x0031
[6639] [M]: 0x000000008002C9C4 (0x00310113) addi sp, sp, 0x3
x2 <- 0x0000000000000003
mem[X,0x000000008002C9C8] -> 0x006F
mem[X,0x000000008002C9CA] -> 0x0040
[6640] [M]: 0x000000008002C9C8 (0x0040006F) jal zero, 0x4
mem[X,0x000000008002C9CC] -> 0xB823
mem[X,0x000000008002C9CE] -> 0x5020
[6641] [M]: 0x000000008002C9CC (0x5020B823) sd sp, 0x510(ra)
mem[0x0000000080045EE8] <- 0x0000000000000003
mem[X,0x000000008002C9D0] -> 0x3537
mem[X,0x000000008002C9D2] -> 0x3333
[6642] [M]: 0x000000008002C9D0 (0x33333537) lui a0, 0x33333
x10 <- 0x0000000033333000
mem[X,0x000000008002C9D4] -> 0x0513
mem[X,0x000000008002C9D6] -> 0x3335
[6643] [M]: 0x000000008002C9D4 (0x33350513) addi a0, a0, 0x333
x10 <- 0x0000000033333333
mem[X,0x000000008002C9D8] -> 0x1513
mem[X,0x000000008002C9DA] -> 0x00B5
[6644] [M]: 0x000000008002C9D8 (0x00B51513) slli a0, a0, 0xb
x10 <- 0x0000019999999800
mem[X,0x000000008002C9DC] -> 0x0513
mem[X,0x000000008002C9DE] -> 0x1995
[6645] [M]: 0x000000008002C9DC (0x19950513) addi a0, a0, 0x199
x10 <- 0x0000019999999999
mem[X,0x000000008002C9E0] -> 0x1513
mem[X,0x000000008002C9E2] -> 0x00B5
[6646] [M]: 0x000000008002C9E0 (0x00B51513) slli a0, a0, 0xb
x10 <- 0x000CCCCCCCCCC800
mem[X,0x000000008002C9E4] -> 0x0513
mem[X,0x000000008002C9E6] -> 0x4CC5
[6647] [M]: 0x000000008002C9E4 (0x4CC50513) addi a0, a0, 0x4cc
x10 <- 0x000CCCCCCCCCCCCC
mem[X,0x000000008002C9E8] -> 0x1513
mem[X,0x000000008002C9EA] -> 0x00A5
[6648] [M]: 0x000000008002C9E8 (0x00A51513) slli a0, a0, 0xa
x10 <- 0x3333333333333000
mem[X,0x000000008002C9EC] -> 0x0513
mem[X,0x000000008002C9EE] -> 0x3325
[6649] [M]: 0x000000008002C9EC (0x33250513) addi a0, a0, 0x332
x10 <- 0x3333333333333332
mem[X,0x000000008002C9F0] -> 0x0593
mem[X,0x000000008002C9F2] -> 0x0030
[6650] [M]: 0x000000008002C9F0 (0x00300593) addi a1, zero, 0x3
x11 <- 0x0000000000000003
mem[X,0x000000008002C9F4] -> 0x0113
mem[X,0x000000008002C9F6] -> 0x0000
[6651] [M]: 0x000000008002C9F4 (0x00000113) addi sp, zero, 0x0
x2 <- 0x0000000000000000
mem[X,0x000000008002C9F8] -> 0x006F
mem[X,0x000000008002C9FA] -> 0x0050
[6652] [M]: 0x000000008002C9F8 (0x0050006F) jal zero, 0x804
mem[X,0x000000008002D1FC] -> 0x10E3
mem[X,0x000000008002D1FE] -> 0x80B5
[6653] [M]: 0x000000008002D1FC (0x80B510E3) bne a0, a1, -0x800
mem[X,0x000000008002C9FC] -> 0x0113
mem[X,0x000000008002C9FE] -> 0x0011
[6654] [M]: 0x000000008002C9FC (0x00110113) addi sp, sp, 0x1
x2 <- 0x0000000000000001
mem[X,0x000000008002CA00] -> 0x006F
mem[X,0x000000008002CA02] -> 0x0110
[6655] [M]: 0x000000008002CA00 (0x0110006F) jal zero, 0x810
mem[X,0x000000008002D210] -> 0xBC23
mem[X,0x000000008002D212] -> 0x5020
[6656] [M]: 0x000000008002D210 (0x5020BC23) sd sp, 0x518(ra)
mem[0x0000000080045EF0] <- 0x0000000000000001
mem[X,0x000000008002D214] -> 0x3537
mem[X,0x000000008002D216] -> 0x3333
[6657] [M]: 0x000000008002D214 (0x33333537) lui a0, 0x33333
x10 <- 0x0000000033333000
mem[X,0x000000008002D218] -> 0x0513
mem[X,0x000000008002D21A] -> 0x3335
[6658] [M]: 0x000000008002D218 (0x33350513) addi a0, a0, 0x333
x10 <- 0x0000000033333333
mem[X,0x000000008002D21C] -> 0x1513
mem[X,0x000000008002D21E] -> 0x00B5
[6659] [M]: 0x000000008002D21C (0x00B51513) slli a0, a0, 0xb
x10 <- 0x0000019999999800
mem[X,0x000000008002D220] -> 0x0513
mem[X,0x000000008002D222] -> 0x1995
[6660] [M]: 0x000000008002D220 (0x19950513) addi a0, a0, 0x199
x10 <- 0x0000019999999999
mem[X,0x000000008002D224] -> 0x1513
mem[X,0x000000008002D226] -> 0x00B5
[6661] [M]: 0x000000008002D224 (0x00B51513) slli a0, a0, 0xb
x10 <- 0x000CCCCCCCCCC800
mem[X,0x000000008002D228] -> 0x0513
mem[X,0x000000008002D22A] -> 0x4CC5
[6662] [M]: 0x000000008002D228 (0x4CC50513) addi a0, a0, 0x4cc
x10 <- 0x000CCCCCCCCCCCCC
mem[X,0x000000008002D22C] -> 0x1513
mem[X,0x000000008002D22E] -> 0x00A5
[6663] [M]: 0x000000008002D22C (0x00A51513) slli a0, a0, 0xa
x10 <- 0x3333333333333000
mem[X,0x000000008002D230] -> 0x0513
mem[X,0x000000008002D232] -> 0x3325
[6664] [M]: 0x000000008002D230 (0x33250513) addi a0, a0, 0x332
x10 <- 0x3333333333333332
mem[X,0x000000008002D234] -> 0x55B7
mem[X,0x000000008002D236] -> 0x5555
[6665] [M]: 0x000000008002D234 (0x555555B7) lui a1, 0x55555
x11 <- 0x0000000055555000
mem[X,0x000000008002D238] -> 0x8593
mem[X,0x000000008002D23A] -> 0x5555
[6666] [M]: 0x000000008002D238 (0x55558593) addi a1, a1, 0x555
x11 <- 0x0000000055555555
mem[X,0x000000008002D23C] -> 0x9593
mem[X,0x000000008002D23E] -> 0x00B5
[6667] [M]: 0x000000008002D23C (0x00B59593) slli a1, a1, 0xb
x11 <- 0x000002AAAAAAA800
mem[X,0x000000008002D240] -> 0x8593
mem[X,0x000000008002D242] -> 0x2AA5
[6668] [M]: 0x000000008002D240 (0x2AA58593) addi a1, a1, 0x2aa
x11 <- 0x000002AAAAAAAAAA
mem[X,0x000000008002D244] -> 0x9593
mem[X,0x000000008002D246] -> 0x00B5
[6669] [M]: 0x000000008002D244 (0x00B59593) slli a1, a1, 0xb
x11 <- 0x0015555555555000
mem[X,0x000000008002D248] -> 0x8593
mem[X,0x000000008002D24A] -> 0x5555
[6670] [M]: 0x000000008002D248 (0x55558593) addi a1, a1, 0x555
x11 <- 0x0015555555555555
mem[X,0x000000008002D24C] -> 0x9593
mem[X,0x000000008002D24E] -> 0x00A5
[6671] [M]: 0x000000008002D24C (0x00A59593) slli a1, a1, 0xa
x11 <- 0x5555555555555400
mem[X,0x000000008002D250] -> 0x8593
mem[X,0x000000008002D252] -> 0x1555
[6672] [M]: 0x000000008002D250 (0x15558593) addi a1, a1, 0x155
x11 <- 0x5555555555555555
mem[X,0x000000008002D254] -> 0x0113
mem[X,0x000000008002D256] -> 0x0000
[6673] [M]: 0x000000008002D254 (0x00000113) addi sp, zero, 0x0
x2 <- 0x0000000000000000
mem[X,0x000000008002D258] -> 0x006F
mem[X,0x000000008002D25A] -> 0x00C0
[6674] [M]: 0x000000008002D258 (0x00C0006F) jal zero, 0xc
mem[X,0x000000008002D264] -> 0x1663
mem[X,0x000000008002D266] -> 0x00B5
[6675] [M]: 0x000000008002D264 (0x00B51663) bne a0, a1, 0xc
mem[X,0x000000008002D270] -> 0x0113
mem[X,0x000000008002D272] -> 0x0031
[6676] [M]: 0x000000008002D270 (0x00310113) addi sp, sp, 0x3
x2 <- 0x0000000000000003
mem[X,0x000000008002D274] -> 0x006F
mem[X,0x000000008002D276] -> 0x0040
[6677] [M]: 0x000000008002D274 (0x0040006F) jal zero, 0x4
mem[X,0x000000008002D278] -> 0xB023
mem[X,0x000000008002D27A] -> 0x5220
[6678] [M]: 0x000000008002D278 (0x5220B023) sd sp, 0x520(ra)
mem[0x0000000080045EF8] <- 0x0000000000000003
mem[X,0x000000008002D27C] -> 0x3537
mem[X,0x000000008002D27E] -> 0x3333
[6679] [M]: 0x000000008002D27C (0x33333537) lui a0, 0x33333
x10 <- 0x0000000033333000
mem[X,0x000000008002D280] -> 0x0513
mem[X,0x000000008002D282] -> 0x3335
[6680] [M]: 0x000000008002D280 (0x33350513) addi a0, a0, 0x333
x10 <- 0x0000000033333333
mem[X,0x000000008002D284] -> 0x1513
mem[X,0x000000008002D286] -> 0x00B5
[6681] [M]: 0x000000008002D284 (0x00B51513) slli a0, a0, 0xb
x10 <- 0x0000019999999800
mem[X,0x000000008002D288] -> 0x0513
mem[X,0x000000008002D28A] -> 0x1995
[6682] [M]: 0x000000008002D288 (0x19950513) addi a0, a0, 0x199
x10 <- 0x0000019999999999
mem[X,0x000000008002D28C] -> 0x1513
mem[X,0x000000008002D28E] -> 0x00B5
[6683] [M]: 0x000000008002D28C (0x00B51513) slli a0, a0, 0xb
x10 <- 0x000CCCCCCCCCC800
mem[X,0x000000008002D290] -> 0x0513
mem[X,0x000000008002D292] -> 0x4CC5
[6684] [M]: 0x000000008002D290 (0x4CC50513) addi a0, a0, 0x4cc
x10 <- 0x000CCCCCCCCCCCCC
mem[X,0x000000008002D294] -> 0x1513
mem[X,0x000000008002D296] -> 0x00A5
[6685] [M]: 0x000000008002D294 (0x00A51513) slli a0, a0, 0xa
x10 <- 0x3333333333333000
mem[X,0x000000008002D298] -> 0x0513
mem[X,0x000000008002D29A] -> 0x3325
[6686] [M]: 0x000000008002D298 (0x33250513) addi a0, a0, 0x332
x10 <- 0x3333333333333332
mem[X,0x000000008002D29C] -> 0xB5B7
mem[X,0x000000008002D29E] -> 0xAAAA
[6687] [M]: 0x000000008002D29C (0xAAAAB5B7) lui a1, -0x55555
x11 <- 0xFFFFFFFFAAAAB000
mem[X,0x000000008002D2A0] -> 0x8593
mem[X,0x000000008002D2A2] -> 0xAAA5
[6688] [M]: 0x000000008002D2A0 (0xAAA58593) addi a1, a1, -0x556
x11 <- 0xFFFFFFFFAAAAAAAA
mem[X,0x000000008002D2A4] -> 0x9593
mem[X,0x000000008002D2A6] -> 0x00B5
[6689] [M]: 0x000000008002D2A4 (0x00B59593) slli a1, a1, 0xb
x11 <- 0xFFFFFD5555555000
mem[X,0x000000008002D2A8] -> 0x8593
mem[X,0x000000008002D2AA] -> 0x5555
[6690] [M]: 0x000000008002D2A8 (0x55558593) addi a1, a1, 0x555
x11 <- 0xFFFFFD5555555555
mem[X,0x000000008002D2AC] -> 0x9593
mem[X,0x000000008002D2AE] -> 0x00B5
[6691] [M]: 0x000000008002D2AC (0x00B59593) slli a1, a1, 0xb
x11 <- 0xFFEAAAAAAAAAA800
mem[X,0x000000008002D2B0] -> 0x8593
mem[X,0x000000008002D2B2] -> 0x2AA5
[6692] [M]: 0x000000008002D2B0 (0x2AA58593) addi a1, a1, 0x2aa
x11 <- 0xFFEAAAAAAAAAAAAA
mem[X,0x000000008002D2B4] -> 0x9593
mem[X,0x000000008002D2B6] -> 0x00A5
[6693] [M]: 0x000000008002D2B4 (0x00A59593) slli a1, a1, 0xa
x11 <- 0xAAAAAAAAAAAAA800
mem[X,0x000000008002D2B8] -> 0x8593
mem[X,0x000000008002D2BA] -> 0x2AA5
[6694] [M]: 0x000000008002D2B8 (0x2AA58593) addi a1, a1, 0x2aa
x11 <- 0xAAAAAAAAAAAAAAAA
mem[X,0x000000008002D2BC] -> 0x0113
mem[X,0x000000008002D2BE] -> 0x0000
[6695] [M]: 0x000000008002D2BC (0x00000113) addi sp, zero, 0x0
x2 <- 0x0000000000000000
mem[X,0x000000008002D2C0] -> 0x006F
mem[X,0x000000008002D2C2] -> 0x00C0
[6696] [M]: 0x000000008002D2C0 (0x00C0006F) jal zero, 0xc
mem[X,0x000000008002D2CC] -> 0x1663
mem[X,0x000000008002D2CE] -> 0x00B5
[6697] [M]: 0x000000008002D2CC (0x00B51663) bne a0, a1, 0xc
mem[X,0x000000008002D2D8] -> 0x0113
mem[X,0x000000008002D2DA] -> 0x0031
[6698] [M]: 0x000000008002D2D8 (0x00310113) addi sp, sp, 0x3
x2 <- 0x0000000000000003
mem[X,0x000000008002D2DC] -> 0x006F
mem[X,0x000000008002D2DE] -> 0x0040
[6699] [M]: 0x000000008002D2DC (0x0040006F) jal zero, 0x4
clint::tick mtime <- 0x0000000000000043
 clint timer pending at mtime 0x0000000000000043
htif::tick 0x0000000000000000
mem[X,0x000000008002D2E0] -> 0xB423
mem[X,0x000000008002D2E2] -> 0x5220
[6700] [M]: 0x000000008002D2E0 (0x5220B423) sd sp, 0x528(ra)
mem[0x0000000080045F00] <- 0x0000000000000003
mem[X,0x000000008002D2E4] -> 0x3537
mem[X,0x000000008002D2E6] -> 0x3333
[6701] [M]: 0x000000008002D2E4 (0x33333537) lui a0, 0x33333
x10 <- 0x0000000033333000
mem[X,0x000000008002D2E8] -> 0x0513
mem[X,0x000000008002D2EA] -> 0x3335
[6702] [M]: 0x000000008002D2E8 (0x33350513) addi a0, a0, 0x333
x10 <- 0x0000000033333333
mem[X,0x000000008002D2EC] -> 0x1513
mem[X,0x000000008002D2EE] -> 0x00B5
[6703] [M]: 0x000000008002D2EC (0x00B51513) slli a0, a0, 0xb
x10 <- 0x0000019999999800
mem[X,0x000000008002D2F0] -> 0x0513
mem[X,0x000000008002D2F2] -> 0x1995
[6704] [M]: 0x000000008002D2F0 (0x19950513) addi a0, a0, 0x199
x10 <- 0x0000019999999999
mem[X,0x000000008002D2F4] -> 0x1513
mem[X,0x000000008002D2F6] -> 0x00B5
[6705] [M]: 0x000000008002D2F4 (0x00B51513) slli a0, a0, 0xb
x10 <- 0x000CCCCCCCCCC800
mem[X,0x000000008002D2F8] -> 0x0513
mem[X,0x000000008002D2FA] -> 0x4CC5
[6706] [M]: 0x000000008002D2F8 (0x4CC50513) addi a0, a0, 0x4cc
x10 <- 0x000CCCCCCCCCCCCC
mem[X,0x000000008002D2FC] -> 0x1513
mem[X,0x000000008002D2FE] -> 0x00A5
[6707] [M]: 0x000000008002D2FC (0x00A51513) slli a0, a0, 0xa
x10 <- 0x3333333333333000
mem[X,0x000000008002D300] -> 0x0513
mem[X,0x000000008002D302] -> 0x3325
[6708] [M]: 0x000000008002D300 (0x33250513) addi a0, a0, 0x332
x10 <- 0x3333333333333332
mem[X,0x000000008002D304] -> 0x0593
mem[X,0x000000008002D306] -> 0x0050
[6709] [M]: 0x000000008002D304 (0x00500593) addi a1, zero, 0x5
x11 <- 0x0000000000000005
mem[X,0x000000008002D308] -> 0x0113
mem[X,0x000000008002D30A] -> 0x0000
[6710] [M]: 0x000000008002D308 (0x00000113) addi sp, zero, 0x0
x2 <- 0x0000000000000000
mem[X,0x000000008002D30C] -> 0x006F
mem[X,0x000000008002D30E] -> 0x00C0
[6711] [M]: 0x000000008002D30C (0x00C0006F) jal zero, 0xc
mem[X,0x000000008002D318] -> 0x1663
mem[X,0x000000008002D31A] -> 0x00B5
[6712] [M]: 0x000000008002D318 (0x00B51663) bne a0, a1, 0xc
mem[X,0x000000008002D324] -> 0x0113
mem[X,0x000000008002D326] -> 0x0031
[6713] [M]: 0x000000008002D324 (0x00310113) addi sp, sp, 0x3
x2 <- 0x0000000000000003
mem[X,0x000000008002D328] -> 0x006F
mem[X,0x000000008002D32A] -> 0x0040
[6714] [M]: 0x000000008002D328 (0x0040006F) jal zero, 0x4
mem[X,0x000000008002D32C] -> 0xB823
mem[X,0x000000008002D32E] -> 0x5220
[6715] [M]: 0x000000008002D32C (0x5220B823) sd sp, 0x530(ra)
mem[0x0000000080045F08] <- 0x0000000000000003
mem[X,0x000000008002D330] -> 0x3537
mem[X,0x000000008002D332] -> 0x3333
[6716] [M]: 0x000000008002D330 (0x33333537) lui a0, 0x33333
x10 <- 0x0000000033333000
mem[X,0x000000008002D334] -> 0x0513
mem[X,0x000000008002D336] -> 0x3335
[6717] [M]: 0x000000008002D334 (0x33350513) addi a0, a0, 0x333
x10 <- 0x0000000033333333
mem[X,0x000000008002D338] -> 0x1513
mem[X,0x000000008002D33A] -> 0x00B5
[6718] [M]: 0x000000008002D338 (0x00B51513) slli a0, a0, 0xb
x10 <- 0x0000019999999800
mem[X,0x000000008002D33C] -> 0x0513
mem[X,0x000000008002D33E] -> 0x1995
[6719] [M]: 0x000000008002D33C (0x19950513) addi a0, a0, 0x199
x10 <- 0x0000019999999999
mem[X,0x000000008002D340] -> 0x1513
mem[X,0x000000008002D342] -> 0x00B5
[6720] [M]: 0x000000008002D340 (0x00B51513) slli a0, a0, 0xb
x10 <- 0x000CCCCCCCCCC800
mem[X,0x000000008002D344] -> 0x0513
mem[X,0x000000008002D346] -> 0x4CC5
[6721] [M]: 0x000000008002D344 (0x4CC50513) addi a0, a0, 0x4cc
x10 <- 0x000CCCCCCCCCCCCC
mem[X,0x000000008002D348] -> 0x1513
mem[X,0x000000008002D34A] -> 0x00A5
[6722] [M]: 0x000000008002D348 (0x00A51513) slli a0, a0, 0xa
x10 <- 0x3333333333333000
mem[X,0x000000008002D34C] -> 0x0513
mem[X,0x000000008002D34E] -> 0x3325
[6723] [M]: 0x000000008002D34C (0x33250513) addi a0, a0, 0x332
x10 <- 0x3333333333333332
mem[X,0x000000008002D350] -> 0x35B7
mem[X,0x000000008002D352] -> 0x3333
[6724] [M]: 0x000000008002D350 (0x333335B7) lui a1, 0x33333
x11 <- 0x0000000033333000
mem[X,0x000000008002D354] -> 0x8593
mem[X,0x000000008002D356] -> 0x3335
[6725] [M]: 0x000000008002D354 (0x33358593) addi a1, a1, 0x333
x11 <- 0x0000000033333333
mem[X,0x000000008002D358] -> 0x9593
mem[X,0x000000008002D35A] -> 0x00B5
[6726] [M]: 0x000000008002D358 (0x00B59593) slli a1, a1, 0xb
x11 <- 0x0000019999999800
mem[X,0x000000008002D35C] -> 0x8593
mem[X,0x000000008002D35E] -> 0x1995
[6727] [M]: 0x000000008002D35C (0x19958593) addi a1, a1, 0x199
x11 <- 0x0000019999999999
mem[X,0x000000008002D360] -> 0x9593
mem[X,0x000000008002D362] -> 0x00B5
[6728] [M]: 0x000000008002D360 (0x00B59593) slli a1, a1, 0xb
x11 <- 0x000CCCCCCCCCC800
mem[X,0x000000008002D364] -> 0x8593
mem[X,0x000000008002D366] -> 0x4CC5
[6729] [M]: 0x000000008002D364 (0x4CC58593) addi a1, a1, 0x4cc
x11 <- 0x000CCCCCCCCCCCCC
mem[X,0x000000008002D368] -> 0x9593
mem[X,0x000000008002D36A] -> 0x00A5
[6730] [M]: 0x000000008002D368 (0x00A59593) slli a1, a1, 0xa
x11 <- 0x3333333333333000
mem[X,0x000000008002D36C] -> 0x8593
mem[X,0x000000008002D36E] -> 0x3335
[6731] [M]: 0x000000008002D36C (0x33358593) addi a1, a1, 0x333
x11 <- 0x3333333333333333
mem[X,0x000000008002D370] -> 0x0113
mem[X,0x000000008002D372] -> 0x0000
[6732] [M]: 0x000000008002D370 (0x00000113) addi sp, zero, 0x0
x2 <- 0x0000000000000000
mem[X,0x000000008002D374] -> 0x006F
mem[X,0x000000008002D376] -> 0x00C0
[6733] [M]: 0x000000008002D374 (0x00C0006F) jal zero, 0xc
mem[X,0x000000008002D380] -> 0x1663
mem[X,0x000000008002D382] -> 0x00B5
[6734] [M]: 0x000000008002D380 (0x00B51663) bne a0, a1, 0xc
mem[X,0x000000008002D38C] -> 0x0113
mem[X,0x000000008002D38E] -> 0x0031
[6735] [M]: 0x000000008002D38C (0x00310113) addi sp, sp, 0x3
x2 <- 0x0000000000000003
mem[X,0x000000008002D390] -> 0x006F
mem[X,0x000000008002D392] -> 0x0040
[6736] [M]: 0x000000008002D390 (0x0040006F) jal zero, 0x4
mem[X,0x000000008002D394] -> 0xBC23
mem[X,0x000000008002D396] -> 0x5220
[6737] [M]: 0x000000008002D394 (0x5220BC23) sd sp, 0x538(ra)
mem[0x0000000080045F10] <- 0x0000000000000003
mem[X,0x000000008002D398] -> 0x3537
mem[X,0x000000008002D39A] -> 0x3333
[6738] [M]: 0x000000008002D398 (0x33333537) lui a0, 0x33333
x10 <- 0x0000000033333000
mem[X,0x000000008002D39C] -> 0x0513
mem[X,0x000000008002D39E] -> 0x3335
[6739] [M]: 0x000000008002D39C (0x33350513) addi a0, a0, 0x333
x10 <- 0x0000000033333333
mem[X,0x000000008002D3A0] -> 0x1513
mem[X,0x000000008002D3A2] -> 0x00B5
[6740] [M]: 0x000000008002D3A0 (0x00B51513) slli a0, a0, 0xb
x10 <- 0x0000019999999800
mem[X,0x000000008002D3A4] -> 0x0513
mem[X,0x000000008002D3A6] -> 0x1995
[6741] [M]: 0x000000008002D3A4 (0x19950513) addi a0, a0, 0x199
x10 <- 0x0000019999999999
mem[X,0x000000008002D3A8] -> 0x1513
mem[X,0x000000008002D3AA] -> 0x00B5
[6742] [M]: 0x000000008002D3A8 (0x00B51513) slli a0, a0, 0xb
x10 <- 0x000CCCCCCCCCC800
mem[X,0x000000008002D3AC] -> 0x0513
mem[X,0x000000008002D3AE] -> 0x4CC5
[6743] [M]: 0x000000008002D3AC (0x4CC50513) addi a0, a0, 0x4cc
x10 <- 0x000CCCCCCCCCCCCC
mem[X,0x000000008002D3B0] -> 0x1513
mem[X,0x000000008002D3B2] -> 0x00A5
[6744] [M]: 0x000000008002D3B0 (0x00A51513) slli a0, a0, 0xa
x10 <- 0x3333333333333000
mem[X,0x000000008002D3B4] -> 0x0513
mem[X,0x000000008002D3B6] -> 0x3325
[6745] [M]: 0x000000008002D3B4 (0x33250513) addi a0, a0, 0x332
x10 <- 0x3333333333333332
mem[X,0x000000008002D3B8] -> 0x65B7
mem[X,0x000000008002D3BA] -> 0x6666
[6746] [M]: 0x000000008002D3B8 (0x666665B7) lui a1, 0x66666
x11 <- 0x0000000066666000
mem[X,0x000000008002D3BC] -> 0x8593
mem[X,0x000000008002D3BE] -> 0x6665
[6747] [M]: 0x000000008002D3BC (0x66658593) addi a1, a1, 0x666
x11 <- 0x0000000066666666
mem[X,0x000000008002D3C0] -> 0x9593
mem[X,0x000000008002D3C2] -> 0x00B5
[6748] [M]: 0x000000008002D3C0 (0x00B59593) slli a1, a1, 0xb
x11 <- 0x0000033333333000
mem[X,0x000000008002D3C4] -> 0x8593
mem[X,0x000000008002D3C6] -> 0x3335
[6749] [M]: 0x000000008002D3C4 (0x33358593) addi a1, a1, 0x333
x11 <- 0x0000033333333333
mem[X,0x000000008002D3C8] -> 0x9593
mem[X,0x000000008002D3CA] -> 0x00B5
[6750] [M]: 0x000000008002D3C8 (0x00B59593) slli a1, a1, 0xb
x11 <- 0x0019999999999800
mem[X,0x000000008002D3CC] -> 0x8593
mem[X,0x000000008002D3CE] -> 0x1995
[6751] [M]: 0x000000008002D3CC (0x19958593) addi a1, a1, 0x199
x11 <- 0x0019999999999999
mem[X,0x000000008002D3D0] -> 0x9593
mem[X,0x000000008002D3D2] -> 0x00A5
[6752] [M]: 0x000000008002D3D0 (0x00A59593) slli a1, a1, 0xa
x11 <- 0x6666666666666400
mem[X,0x000000008002D3D4] -> 0x8593
mem[X,0x000000008002D3D6] -> 0x2665
[6753] [M]: 0x000000008002D3D4 (0x26658593) addi a1, a1, 0x266
x11 <- 0x6666666666666666
mem[X,0x000000008002D3D8] -> 0x0113
mem[X,0x000000008002D3DA] -> 0x0000
[6754] [M]: 0x000000008002D3D8 (0x00000113) addi sp, zero, 0x0
x2 <- 0x0000000000000000
mem[X,0x000000008002D3DC] -> 0x006F
mem[X,0x000000008002D3DE] -> 0x0100
[6755] [M]: 0x000000008002D3DC (0x0100006F) jal zero, 0x10
mem[X,0x000000008002D3EC] -> 0x1AE3
mem[X,0x000000008002D3EE] -> 0xFEB5
[6756] [M]: 0x000000008002D3EC (0xFEB51AE3) bne a0, a1, -0xc
mem[X,0x000000008002D3E0] -> 0x0113
mem[X,0x000000008002D3E2] -> 0x0011
[6757] [M]: 0x000000008002D3E0 (0x00110113) addi sp, sp, 0x1
x2 <- 0x0000000000000001
mem[X,0x000000008002D3E4] -> 0x006F
mem[X,0x000000008002D3E6] -> 0x01C0
[6758] [M]: 0x000000008002D3E4 (0x01C0006F) jal zero, 0x1c
mem[X,0x000000008002D400] -> 0xB023
mem[X,0x000000008002D402] -> 0x5420
[6759] [M]: 0x000000008002D400 (0x5420B023) sd sp, 0x540(ra)
mem[0x0000000080045F18] <- 0x0000000000000001
mem[X,0x000000008002D404] -> 0x3537
mem[X,0x000000008002D406] -> 0x3333
[6760] [M]: 0x000000008002D404 (0x33333537) lui a0, 0x33333
x10 <- 0x0000000033333000
mem[X,0x000000008002D408] -> 0x0513
mem[X,0x000000008002D40A] -> 0x3335
[6761] [M]: 0x000000008002D408 (0x33350513) addi a0, a0, 0x333
x10 <- 0x0000000033333333
mem[X,0x000000008002D40C] -> 0x1513
mem[X,0x000000008002D40E] -> 0x00B5
[6762] [M]: 0x000000008002D40C (0x00B51513) slli a0, a0, 0xb
x10 <- 0x0000019999999800
mem[X,0x000000008002D410] -> 0x0513
mem[X,0x000000008002D412] -> 0x1995
[6763] [M]: 0x000000008002D410 (0x19950513) addi a0, a0, 0x199
x10 <- 0x0000019999999999
mem[X,0x000000008002D414] -> 0x1513
mem[X,0x000000008002D416] -> 0x00B5
[6764] [M]: 0x000000008002D414 (0x00B51513) slli a0, a0, 0xb
x10 <- 0x000CCCCCCCCCC800
mem[X,0x000000008002D418] -> 0x0513
mem[X,0x000000008002D41A] -> 0x4CC5
[6765] [M]: 0x000000008002D418 (0x4CC50513) addi a0, a0, 0x4cc
x10 <- 0x000CCCCCCCCCCCCC
mem[X,0x000000008002D41C] -> 0x1513
mem[X,0x000000008002D41E] -> 0x00A5
[6766] [M]: 0x000000008002D41C (0x00A51513) slli a0, a0, 0xa
x10 <- 0x3333333333333000
mem[X,0x000000008002D420] -> 0x0513
mem[X,0x000000008002D422] -> 0x3325
[6767] [M]: 0x000000008002D420 (0x33250513) addi a0, a0, 0x332
x10 <- 0x3333333333333332
mem[X,0x000000008002D424] -> 0x05B7
mem[X,0x000000008002D426] -> 0x0000
[6768] [M]: 0x000000008002D424 (0x000005B7) lui a1, 0x0
x11 <- 0x0000000000000000
mem[X,0x000000008002D428] -> 0x8593
mem[X,0x000000008002D42A] -> 0xFFF5
[6769] [M]: 0x000000008002D428 (0xFFF58593) addi a1, a1, -0x1
x11 <- 0xFFFFFFFFFFFFFFFF
mem[X,0x000000008002D42C] -> 0x9593
mem[X,0x000000008002D42E] -> 0x00B5
[6770] [M]: 0x000000008002D42C (0x00B59593) slli a1, a1, 0xb
x11 <- 0xFFFFFFFFFFFFF800
mem[X,0x000000008002D430] -> 0x8593
mem[X,0x000000008002D432] -> 0x2575
[6771] [M]: 0x000000008002D430 (0x25758593) addi a1, a1, 0x257
x11 <- 0xFFFFFFFFFFFFFA57
mem[X,0x000000008002D434] -> 0x9593
mem[X,0x000000008002D436] -> 0x00B5
[6772] [M]: 0x000000008002D434 (0x00B59593) slli a1, a1, 0xb
x11 <- 0xFFFFFFFFFFD2B800
mem[X,0x000000008002D438] -> 0x8593
mem[X,0x000000008002D43A] -> 0x6C35
[6773] [M]: 0x000000008002D438 (0x6C358593) addi a1, a1, 0x6c3
x11 <- 0xFFFFFFFFFFD2BEC3
mem[X,0x000000008002D43C] -> 0x9593
mem[X,0x000000008002D43E] -> 0x00A5
[6774] [M]: 0x000000008002D43C (0x00A59593) slli a1, a1, 0xa
x11 <- 0xFFFFFFFF4AFB0C00
mem[X,0x000000008002D440] -> 0x8593
mem[X,0x000000008002D442] -> 0x0CD5
[6775] [M]: 0x000000008002D440 (0x0CD58593) addi a1, a1, 0xcd
x11 <- 0xFFFFFFFF4AFB0CCD
mem[X,0x000000008002D444] -> 0x0113
mem[X,0x000000008002D446] -> 0x0000
[6776] [M]: 0x000000008002D444 (0x00000113) addi sp, zero, 0x0
x2 <- 0x0000000000000000
mem[X,0x000000008002D448] -> 0x006F
mem[X,0x000000008002D44A] -> 0x00C0
[6777] [M]: 0x000000008002D448 (0x00C0006F) jal zero, 0xc
mem[X,0x000000008002D454] -> 0x1663
mem[X,0x000000008002D456] -> 0x00B5
[6778] [M]: 0x000000008002D454 (0x00B51663) bne a0, a1, 0xc
mem[X,0x000000008002D460] -> 0x0113
mem[X,0x000000008002D462] -> 0x0031
[6779] [M]: 0x000000008002D460 (0x00310113) addi sp, sp, 0x3
x2 <- 0x0000000000000003
mem[X,0x000000008002D464] -> 0x006F
mem[X,0x000000008002D466] -> 0x0040
[6780] [M]: 0x000000008002D464 (0x0040006F) jal zero, 0x4
mem[X,0x000000008002D468] -> 0xB423
mem[X,0x000000008002D46A] -> 0x5420
[6781] [M]: 0x000000008002D468 (0x5420B423) sd sp, 0x548(ra)
mem[0x0000000080045F20] <- 0x0000000000000003
mem[X,0x000000008002D46C] -> 0x3537
mem[X,0x000000008002D46E] -> 0x3333
[6782] [M]: 0x000000008002D46C (0x33333537) lui a0, 0x33333
x10 <- 0x0000000033333000
mem[X,0x000000008002D470] -> 0x0513
mem[X,0x000000008002D472] -> 0x3335
[6783] [M]: 0x000000008002D470 (0x33350513) addi a0, a0, 0x333
x10 <- 0x0000000033333333
mem[X,0x000000008002D474] -> 0x1513
mem[X,0x000000008002D476] -> 0x00B5
[6784] [M]: 0x000000008002D474 (0x00B51513) slli a0, a0, 0xb
x10 <- 0x0000019999999800
mem[X,0x000000008002D478] -> 0x0513
mem[X,0x000000008002D47A] -> 0x1995
[6785] [M]: 0x000000008002D478 (0x19950513) addi a0, a0, 0x199
x10 <- 0x0000019999999999
mem[X,0x000000008002D47C] -> 0x1513
mem[X,0x000000008002D47E] -> 0x00B5
[6786] [M]: 0x000000008002D47C (0x00B51513) slli a0, a0, 0xb
x10 <- 0x000CCCCCCCCCC800
mem[X,0x000000008002D480] -> 0x0513
mem[X,0x000000008002D482] -> 0x4CC5
[6787] [M]: 0x000000008002D480 (0x4CC50513) addi a0, a0, 0x4cc
x10 <- 0x000CCCCCCCCCCCCC
mem[X,0x000000008002D484] -> 0x1513
mem[X,0x000000008002D486] -> 0x00A5
[6788] [M]: 0x000000008002D484 (0x00A51513) slli a0, a0, 0xa
x10 <- 0x3333333333333000
mem[X,0x000000008002D488] -> 0x0513
mem[X,0x000000008002D48A] -> 0x3325
[6789] [M]: 0x000000008002D488 (0x33250513) addi a0, a0, 0x332
x10 <- 0x3333333333333332
mem[X,0x000000008002D48C] -> 0x05B7
mem[X,0x000000008002D48E] -> 0x0000
[6790] [M]: 0x000000008002D48C (0x000005B7) lui a1, 0x0
x11 <- 0x0000000000000000
mem[X,0x000000008002D490] -> 0x8593
mem[X,0x000000008002D492] -> 0x0005
[6791] [M]: 0x000000008002D490 (0x00058593) addi a1, a1, 0x0
x11 <- 0x0000000000000000
mem[X,0x000000008002D494] -> 0x9593
mem[X,0x000000008002D496] -> 0x00B5
[6792] [M]: 0x000000008002D494 (0x00B59593) slli a1, a1, 0xb
x11 <- 0x0000000000000000
mem[X,0x000000008002D498] -> 0x8593
mem[X,0x000000008002D49A] -> 0x5A85
[6793] [M]: 0x000000008002D498 (0x5A858593) addi a1, a1, 0x5a8
x11 <- 0x00000000000005A8
mem[X,0x000000008002D49C] -> 0x9593
mem[X,0x000000008002D49E] -> 0x00B5
[6794] [M]: 0x000000008002D49C (0x00B59593) slli a1, a1, 0xb
x11 <- 0x00000000002D4000
mem[X,0x000000008002D4A0] -> 0x8593
mem[X,0x000000008002D4A2] -> 0x13C5
[6795] [M]: 0x000000008002D4A0 (0x13C58593) addi a1, a1, 0x13c
x11 <- 0x00000000002D413C
mem[X,0x000000008002D4A4] -> 0x9593
mem[X,0x000000008002D4A6] -> 0x00A5
[6796] [M]: 0x000000008002D4A4 (0x00A59593) slli a1, a1, 0xa
x11 <- 0x00000000B504F000
mem[X,0x000000008002D4A8] -> 0x8593
mem[X,0x000000008002D4AA] -> 0x3335
[6797] [M]: 0x000000008002D4A8 (0x33358593) addi a1, a1, 0x333
x11 <- 0x00000000B504F333
mem[X,0x000000008002D4AC] -> 0x0113
mem[X,0x000000008002D4AE] -> 0x0000
[6798] [M]: 0x000000008002D4AC (0x00000113) addi sp, zero, 0x0
x2 <- 0x0000000000000000
mem[X,0x000000008002D4B0] -> 0x006F
mem[X,0x000000008002D4B2] -> 0x0180
[6799] [M]: 0x000000008002D4B0 (0x0180006F) jal zero, 0x18
clint::tick mtime <- 0x0000000000000044
 clint timer pending at mtime 0x0000000000000044
htif::tick 0x0000000000000000
mem[X,0x000000008002D4C8] -> 0x16E3
mem[X,0x000000008002D4CA] -> 0xFEB5
[6800] [M]: 0x000000008002D4C8 (0xFEB516E3) bne a0, a1, -0x14
mem[X,0x000000008002D4B4] -> 0x0113
mem[X,0x000000008002D4B6] -> 0x0011
[6801] [M]: 0x000000008002D4B4 (0x00110113) addi sp, sp, 0x1
x2 <- 0x0000000000000001
mem[X,0x000000008002D4B8] -> 0x006F
mem[X,0x000000008002D4BA] -> 0x0240
[6802] [M]: 0x000000008002D4B8 (0x0240006F) jal zero, 0x24
mem[X,0x000000008002D4DC] -> 0xB823
mem[X,0x000000008002D4DE] -> 0x5420
[6803] [M]: 0x000000008002D4DC (0x5420B823) sd sp, 0x550(ra)
mem[0x0000000080045F28] <- 0x0000000000000001
mem[X,0x000000008002D4E0] -> 0x3537
mem[X,0x000000008002D4E2] -> 0x3333
[6804] [M]: 0x000000008002D4E0 (0x33333537) lui a0, 0x33333
x10 <- 0x0000000033333000
mem[X,0x000000008002D4E4] -> 0x0513
mem[X,0x000000008002D4E6] -> 0x3335
[6805] [M]: 0x000000008002D4E4 (0x33350513) addi a0, a0, 0x333
x10 <- 0x0000000033333333
mem[X,0x000000008002D4E8] -> 0x1513
mem[X,0x000000008002D4EA] -> 0x00B5
[6806] [M]: 0x000000008002D4E8 (0x00B51513) slli a0, a0, 0xb
x10 <- 0x0000019999999800
mem[X,0x000000008002D4EC] -> 0x0513
mem[X,0x000000008002D4EE] -> 0x1995
[6807] [M]: 0x000000008002D4EC (0x19950513) addi a0, a0, 0x199
x10 <- 0x0000019999999999
mem[X,0x000000008002D4F0] -> 0x1513
mem[X,0x000000008002D4F2] -> 0x00B5
[6808] [M]: 0x000000008002D4F0 (0x00B51513) slli a0, a0, 0xb
x10 <- 0x000CCCCCCCCCC800
mem[X,0x000000008002D4F4] -> 0x0513
mem[X,0x000000008002D4F6] -> 0x4CC5
[6809] [M]: 0x000000008002D4F4 (0x4CC50513) addi a0, a0, 0x4cc
x10 <- 0x000CCCCCCCCCCCCC
mem[X,0x000000008002D4F8] -> 0x1513
mem[X,0x000000008002D4FA] -> 0x00A5
[6810] [M]: 0x000000008002D4F8 (0x00A51513) slli a0, a0, 0xa
x10 <- 0x3333333333333000
mem[X,0x000000008002D4FC] -> 0x0513
mem[X,0x000000008002D4FE] -> 0x3325
[6811] [M]: 0x000000008002D4FC (0x33250513) addi a0, a0, 0x332
x10 <- 0x3333333333333332
mem[X,0x000000008002D500] -> 0x0593
mem[X,0x000000008002D502] -> 0x0020
[6812] [M]: 0x000000008002D500 (0x00200593) addi a1, zero, 0x2
x11 <- 0x0000000000000002
mem[X,0x000000008002D504] -> 0x0113
mem[X,0x000000008002D506] -> 0x0000
[6813] [M]: 0x000000008002D504 (0x00000113) addi sp, zero, 0x0
x2 <- 0x0000000000000000
mem[X,0x000000008002D508] -> 0x006F
mem[X,0x000000008002D50A] -> 0x00C0
[6814] [M]: 0x000000008002D508 (0x00C0006F) jal zero, 0xc
mem[X,0x000000008002D514] -> 0x1063
mem[X,0x000000008002D516] -> 0x10B5
[6815] [M]: 0x000000008002D514 (0x10B51063) bne a0, a1, 0x100
mem[X,0x000000008002D614] -> 0x0113
mem[X,0x000000008002D616] -> 0x0031
[6816] [M]: 0x000000008002D614 (0x00310113) addi sp, sp, 0x3
x2 <- 0x0000000000000003
mem[X,0x000000008002D618] -> 0x006F
mem[X,0x000000008002D61A] -> 0x0040
[6817] [M]: 0x000000008002D618 (0x0040006F) jal zero, 0x4
mem[X,0x000000008002D61C] -> 0xBC23
mem[X,0x000000008002D61E] -> 0x5420
[6818] [M]: 0x000000008002D61C (0x5420BC23) sd sp, 0x558(ra)
mem[0x0000000080045F30] <- 0x0000000000000003
mem[X,0x000000008002D620] -> 0x3537
mem[X,0x000000008002D622] -> 0x3333
[6819] [M]: 0x000000008002D620 (0x33333537) lui a0, 0x33333
x10 <- 0x0000000033333000
mem[X,0x000000008002D624] -> 0x0513
mem[X,0x000000008002D626] -> 0x3335
[6820] [M]: 0x000000008002D624 (0x33350513) addi a0, a0, 0x333
x10 <- 0x0000000033333333
mem[X,0x000000008002D628] -> 0x1513
mem[X,0x000000008002D62A] -> 0x00B5
[6821] [M]: 0x000000008002D628 (0x00B51513) slli a0, a0, 0xb
x10 <- 0x0000019999999800
mem[X,0x000000008002D62C] -> 0x0513
mem[X,0x000000008002D62E] -> 0x1995
[6822] [M]: 0x000000008002D62C (0x19950513) addi a0, a0, 0x199
x10 <- 0x0000019999999999
mem[X,0x000000008002D630] -> 0x1513
mem[X,0x000000008002D632] -> 0x00B5
[6823] [M]: 0x000000008002D630 (0x00B51513) slli a0, a0, 0xb
x10 <- 0x000CCCCCCCCCC800
mem[X,0x000000008002D634] -> 0x0513
mem[X,0x000000008002D636] -> 0x4CC5
[6824] [M]: 0x000000008002D634 (0x4CC50513) addi a0, a0, 0x4cc
x10 <- 0x000CCCCCCCCCCCCC
mem[X,0x000000008002D638] -> 0x1513
mem[X,0x000000008002D63A] -> 0x00A5
[6825] [M]: 0x000000008002D638 (0x00A51513) slli a0, a0, 0xa
x10 <- 0x3333333333333000
mem[X,0x000000008002D63C] -> 0x0513
mem[X,0x000000008002D63E] -> 0x3325
[6826] [M]: 0x000000008002D63C (0x33250513) addi a0, a0, 0x332
x10 <- 0x3333333333333332
mem[X,0x000000008002D640] -> 0x55B7
mem[X,0x000000008002D642] -> 0x5555
[6827] [M]: 0x000000008002D640 (0x555555B7) lui a1, 0x55555
x11 <- 0x0000000055555000
mem[X,0x000000008002D644] -> 0x8593
mem[X,0x000000008002D646] -> 0x5555
[6828] [M]: 0x000000008002D644 (0x55558593) addi a1, a1, 0x555
x11 <- 0x0000000055555555
mem[X,0x000000008002D648] -> 0x9593
mem[X,0x000000008002D64A] -> 0x00B5
[6829] [M]: 0x000000008002D648 (0x00B59593) slli a1, a1, 0xb
x11 <- 0x000002AAAAAAA800
mem[X,0x000000008002D64C] -> 0x8593
mem[X,0x000000008002D64E] -> 0x2AA5
[6830] [M]: 0x000000008002D64C (0x2AA58593) addi a1, a1, 0x2aa
x11 <- 0x000002AAAAAAAAAA
mem[X,0x000000008002D650] -> 0x9593
mem[X,0x000000008002D652] -> 0x00B5
[6831] [M]: 0x000000008002D650 (0x00B59593) slli a1, a1, 0xb
x11 <- 0x0015555555555000
mem[X,0x000000008002D654] -> 0x8593
mem[X,0x000000008002D656] -> 0x5555
[6832] [M]: 0x000000008002D654 (0x55558593) addi a1, a1, 0x555
x11 <- 0x0015555555555555
mem[X,0x000000008002D658] -> 0x9593
mem[X,0x000000008002D65A] -> 0x00A5
[6833] [M]: 0x000000008002D658 (0x00A59593) slli a1, a1, 0xa
x11 <- 0x5555555555555400
mem[X,0x000000008002D65C] -> 0x8593
mem[X,0x000000008002D65E] -> 0x1545
[6834] [M]: 0x000000008002D65C (0x15458593) addi a1, a1, 0x154
x11 <- 0x5555555555555554
mem[X,0x000000008002D660] -> 0x0113
mem[X,0x000000008002D662] -> 0x0000
[6835] [M]: 0x000000008002D660 (0x00000113) addi sp, zero, 0x0
x2 <- 0x0000000000000000
mem[X,0x000000008002D664] -> 0x006F
mem[X,0x000000008002D666] -> 0x0180
[6836] [M]: 0x000000008002D664 (0x0180006F) jal zero, 0x18
mem[X,0x000000008002D67C] -> 0x16E3
mem[X,0x000000008002D67E] -> 0xFEB5
[6837] [M]: 0x000000008002D67C (0xFEB516E3) bne a0, a1, -0x14
mem[X,0x000000008002D668] -> 0x0113
mem[X,0x000000008002D66A] -> 0x0011
[6838] [M]: 0x000000008002D668 (0x00110113) addi sp, sp, 0x1
x2 <- 0x0000000000000001
mem[X,0x000000008002D66C] -> 0x006F
mem[X,0x000000008002D66E] -> 0x0240
[6839] [M]: 0x000000008002D66C (0x0240006F) jal zero, 0x24
mem[X,0x000000008002D690] -> 0xB023
mem[X,0x000000008002D692] -> 0x5620
[6840] [M]: 0x000000008002D690 (0x5620B023) sd sp, 0x560(ra)
mem[0x0000000080045F38] <- 0x0000000000000001
mem[X,0x000000008002D694] -> 0x3537
mem[X,0x000000008002D696] -> 0x3333
[6841] [M]: 0x000000008002D694 (0x33333537) lui a0, 0x33333
x10 <- 0x0000000033333000
mem[X,0x000000008002D698] -> 0x0513
mem[X,0x000000008002D69A] -> 0x3335
[6842] [M]: 0x000000008002D698 (0x33350513) addi a0, a0, 0x333
x10 <- 0x0000000033333333
mem[X,0x000000008002D69C] -> 0x1513
mem[X,0x000000008002D69E] -> 0x00B5
[6843] [M]: 0x000000008002D69C (0x00B51513) slli a0, a0, 0xb
x10 <- 0x0000019999999800
mem[X,0x000000008002D6A0] -> 0x0513
mem[X,0x000000008002D6A2] -> 0x1995
[6844] [M]: 0x000000008002D6A0 (0x19950513) addi a0, a0, 0x199
x10 <- 0x0000019999999999
mem[X,0x000000008002D6A4] -> 0x1513
mem[X,0x000000008002D6A6] -> 0x00B5
[6845] [M]: 0x000000008002D6A4 (0x00B51513) slli a0, a0, 0xb
x10 <- 0x000CCCCCCCCCC800
mem[X,0x000000008002D6A8] -> 0x0513
mem[X,0x000000008002D6AA] -> 0x4CC5
[6846] [M]: 0x000000008002D6A8 (0x4CC50513) addi a0, a0, 0x4cc
x10 <- 0x000CCCCCCCCCCCCC
mem[X,0x000000008002D6AC] -> 0x1513
mem[X,0x000000008002D6AE] -> 0x00A5
[6847] [M]: 0x000000008002D6AC (0x00A51513) slli a0, a0, 0xa
x10 <- 0x3333333333333000
mem[X,0x000000008002D6B0] -> 0x0513
mem[X,0x000000008002D6B2] -> 0x3325
[6848] [M]: 0x000000008002D6B0 (0x33250513) addi a0, a0, 0x332
x10 <- 0x3333333333333332
mem[X,0x000000008002D6B4] -> 0x0593
mem[X,0x000000008002D6B6] -> 0x0000
[6849] [M]: 0x000000008002D6B4 (0x00000593) addi a1, zero, 0x0
x11 <- 0x0000000000000000
mem[X,0x000000008002D6B8] -> 0x0113
mem[X,0x000000008002D6BA] -> 0x0000
[6850] [M]: 0x000000008002D6B8 (0x00000113) addi sp, zero, 0x0
x2 <- 0x0000000000000000
mem[X,0x000000008002D6BC] -> 0x006F
mem[X,0x000000008002D6BE] -> 0x00C0
[6851] [M]: 0x000000008002D6BC (0x00C0006F) jal zero, 0xc
mem[X,0x000000008002D6C8] -> 0x1663
mem[X,0x000000008002D6CA] -> 0x00B5
[6852] [M]: 0x000000008002D6C8 (0x00B51663) bne a0, a1, 0xc
mem[X,0x000000008002D6D4] -> 0x0113
mem[X,0x000000008002D6D6] -> 0x0031
[6853] [M]: 0x000000008002D6D4 (0x00310113) addi sp, sp, 0x3
x2 <- 0x0000000000000003
mem[X,0x000000008002D6D8] -> 0x006F
mem[X,0x000000008002D6DA] -> 0x0040
[6854] [M]: 0x000000008002D6D8 (0x0040006F) jal zero, 0x4
mem[X,0x000000008002D6DC] -> 0xB423
mem[X,0x000000008002D6DE] -> 0x5620
[6855] [M]: 0x000000008002D6DC (0x5620B423) sd sp, 0x568(ra)
mem[0x0000000080045F40] <- 0x0000000000000003
mem[X,0x000000008002D6E0] -> 0x3537
mem[X,0x000000008002D6E2] -> 0x3333
[6856] [M]: 0x000000008002D6E0 (0x33333537) lui a0, 0x33333
x10 <- 0x0000000033333000
mem[X,0x000000008002D6E4] -> 0x0513
mem[X,0x000000008002D6E6] -> 0x3335
[6857] [M]: 0x000000008002D6E4 (0x33350513) addi a0, a0, 0x333
x10 <- 0x0000000033333333
mem[X,0x000000008002D6E8] -> 0x1513
mem[X,0x000000008002D6EA] -> 0x00B5
[6858] [M]: 0x000000008002D6E8 (0x00B51513) slli a0, a0, 0xb
x10 <- 0x0000019999999800
mem[X,0x000000008002D6EC] -> 0x0513
mem[X,0x000000008002D6EE] -> 0x1995
[6859] [M]: 0x000000008002D6EC (0x19950513) addi a0, a0, 0x199
x10 <- 0x0000019999999999
mem[X,0x000000008002D6F0] -> 0x1513
mem[X,0x000000008002D6F2] -> 0x00B5
[6860] [M]: 0x000000008002D6F0 (0x00B51513) slli a0, a0, 0xb
x10 <- 0x000CCCCCCCCCC800
mem[X,0x000000008002D6F4] -> 0x0513
mem[X,0x000000008002D6F6] -> 0x4CC5
[6861] [M]: 0x000000008002D6F4 (0x4CC50513) addi a0, a0, 0x4cc
x10 <- 0x000CCCCCCCCCCCCC
mem[X,0x000000008002D6F8] -> 0x1513
mem[X,0x000000008002D6FA] -> 0x00A5
[6862] [M]: 0x000000008002D6F8 (0x00A51513) slli a0, a0, 0xa
x10 <- 0x3333333333333000
mem[X,0x000000008002D6FC] -> 0x0513
mem[X,0x000000008002D6FE] -> 0x3325
[6863] [M]: 0x000000008002D6FC (0x33250513) addi a0, a0, 0x332
x10 <- 0x3333333333333332
mem[X,0x000000008002D700] -> 0x0593
mem[X,0x000000008002D702] -> 0x0040
[6864] [M]: 0x000000008002D700 (0x00400593) addi a1, zero, 0x4
x11 <- 0x0000000000000004
mem[X,0x000000008002D704] -> 0x0113
mem[X,0x000000008002D706] -> 0x0000
[6865] [M]: 0x000000008002D704 (0x00000113) addi sp, zero, 0x0
x2 <- 0x0000000000000000
mem[X,0x000000008002D708] -> 0x006F
mem[X,0x000000008002D70A] -> 0x00C0
[6866] [M]: 0x000000008002D708 (0x00C0006F) jal zero, 0xc
mem[X,0x000000008002D714] -> 0x1863
mem[X,0x000000008002D716] -> 0x00B5
[6867] [M]: 0x000000008002D714 (0x00B51863) bne a0, a1, 0x10
mem[X,0x000000008002D724] -> 0x0113
mem[X,0x000000008002D726] -> 0x0031
[6868] [M]: 0x000000008002D724 (0x00310113) addi sp, sp, 0x3
x2 <- 0x0000000000000003
mem[X,0x000000008002D728] -> 0x006F
mem[X,0x000000008002D72A] -> 0x0040
[6869] [M]: 0x000000008002D728 (0x0040006F) jal zero, 0x4
mem[X,0x000000008002D72C] -> 0xB823
mem[X,0x000000008002D72E] -> 0x5620
[6870] [M]: 0x000000008002D72C (0x5620B823) sd sp, 0x570(ra)
mem[0x0000000080045F48] <- 0x0000000000000003
mem[X,0x000000008002D730] -> 0x3537
mem[X,0x000000008002D732] -> 0x3333
[6871] [M]: 0x000000008002D730 (0x33333537) lui a0, 0x33333
x10 <- 0x0000000033333000
mem[X,0x000000008002D734] -> 0x0513
mem[X,0x000000008002D736] -> 0x3335
[6872] [M]: 0x000000008002D734 (0x33350513) addi a0, a0, 0x333
x10 <- 0x0000000033333333
mem[X,0x000000008002D738] -> 0x1513
mem[X,0x000000008002D73A] -> 0x00B5
[6873] [M]: 0x000000008002D738 (0x00B51513) slli a0, a0, 0xb
x10 <- 0x0000019999999800
mem[X,0x000000008002D73C] -> 0x0513
mem[X,0x000000008002D73E] -> 0x1995
[6874] [M]: 0x000000008002D73C (0x19950513) addi a0, a0, 0x199
x10 <- 0x0000019999999999
mem[X,0x000000008002D740] -> 0x1513
mem[X,0x000000008002D742] -> 0x00B5
[6875] [M]: 0x000000008002D740 (0x00B51513) slli a0, a0, 0xb
x10 <- 0x000CCCCCCCCCC800
mem[X,0x000000008002D744] -> 0x0513
mem[X,0x000000008002D746] -> 0x4CC5
[6876] [M]: 0x000000008002D744 (0x4CC50513) addi a0, a0, 0x4cc
x10 <- 0x000CCCCCCCCCCCCC
mem[X,0x000000008002D748] -> 0x1513
mem[X,0x000000008002D74A] -> 0x00A5
[6877] [M]: 0x000000008002D748 (0x00A51513) slli a0, a0, 0xa
x10 <- 0x3333333333333000
mem[X,0x000000008002D74C] -> 0x0513
mem[X,0x000000008002D74E] -> 0x3325
[6878] [M]: 0x000000008002D74C (0x33250513) addi a0, a0, 0x332
x10 <- 0x3333333333333332
mem[X,0x000000008002D750] -> 0x35B7
mem[X,0x000000008002D752] -> 0x3333
[6879] [M]: 0x000000008002D750 (0x333335B7) lui a1, 0x33333
x11 <- 0x0000000033333000
mem[X,0x000000008002D754] -> 0x8593
mem[X,0x000000008002D756] -> 0x3335
[6880] [M]: 0x000000008002D754 (0x33358593) addi a1, a1, 0x333
x11 <- 0x0000000033333333
mem[X,0x000000008002D758] -> 0x9593
mem[X,0x000000008002D75A] -> 0x00B5
[6881] [M]: 0x000000008002D758 (0x00B59593) slli a1, a1, 0xb
x11 <- 0x0000019999999800
mem[X,0x000000008002D75C] -> 0x8593
mem[X,0x000000008002D75E] -> 0x1995
[6882] [M]: 0x000000008002D75C (0x19958593) addi a1, a1, 0x199
x11 <- 0x0000019999999999
mem[X,0x000000008002D760] -> 0x9593
mem[X,0x000000008002D762] -> 0x00B5
[6883] [M]: 0x000000008002D760 (0x00B59593) slli a1, a1, 0xb
x11 <- 0x000CCCCCCCCCC800
mem[X,0x000000008002D764] -> 0x8593
mem[X,0x000000008002D766] -> 0x4CC5
[6884] [M]: 0x000000008002D764 (0x4CC58593) addi a1, a1, 0x4cc
x11 <- 0x000CCCCCCCCCCCCC
mem[X,0x000000008002D768] -> 0x9593
mem[X,0x000000008002D76A] -> 0x00A5
[6885] [M]: 0x000000008002D768 (0x00A59593) slli a1, a1, 0xa
x11 <- 0x3333333333333000
mem[X,0x000000008002D76C] -> 0x8593
mem[X,0x000000008002D76E] -> 0x3325
[6886] [M]: 0x000000008002D76C (0x33258593) addi a1, a1, 0x332
x11 <- 0x3333333333333332
mem[X,0x000000008002D770] -> 0x0113
mem[X,0x000000008002D772] -> 0x0000
[6887] [M]: 0x000000008002D770 (0x00000113) addi sp, zero, 0x0
x2 <- 0x0000000000000000
mem[X,0x000000008002D774] -> 0x006F
mem[X,0x000000008002D776] -> 0x00C0
[6888] [M]: 0x000000008002D774 (0x00C0006F) jal zero, 0xc
mem[X,0x000000008002D780] -> 0x1063
mem[X,0x000000008002D782] -> 0x20B5
[6889] [M]: 0x000000008002D780 (0x20B51063) bne a0, a1, 0x200
mem[X,0x000000008002D784] -> 0x0113
mem[X,0x000000008002D786] -> 0x0021
[6890] [M]: 0x000000008002D784 (0x00210113) addi sp, sp, 0x2
x2 <- 0x0000000000000002
mem[X,0x000000008002D788] -> 0x006F
mem[X,0x000000008002D78A] -> 0x2000
[6891] [M]: 0x000000008002D788 (0x2000006F) jal zero, 0x200
mem[X,0x000000008002D988] -> 0xBC23
mem[X,0x000000008002D98A] -> 0x5620
[6892] [M]: 0x000000008002D988 (0x5620BC23) sd sp, 0x578(ra)
mem[0x0000000080045F50] <- 0x0000000000000002
mem[X,0x000000008002D98C] -> 0x3537
mem[X,0x000000008002D98E] -> 0x3333
[6893] [M]: 0x000000008002D98C (0x33333537) lui a0, 0x33333
x10 <- 0x0000000033333000
mem[X,0x000000008002D990] -> 0x0513
mem[X,0x000000008002D992] -> 0x3335
[6894] [M]: 0x000000008002D990 (0x33350513) addi a0, a0, 0x333
x10 <- 0x0000000033333333
mem[X,0x000000008002D994] -> 0x1513
mem[X,0x000000008002D996] -> 0x00B5
[6895] [M]: 0x000000008002D994 (0x00B51513) slli a0, a0, 0xb
x10 <- 0x0000019999999800
mem[X,0x000000008002D998] -> 0x0513
mem[X,0x000000008002D99A] -> 0x1995
[6896] [M]: 0x000000008002D998 (0x19950513) addi a0, a0, 0x199
x10 <- 0x0000019999999999
mem[X,0x000000008002D99C] -> 0x1513
mem[X,0x000000008002D99E] -> 0x00B5
[6897] [M]: 0x000000008002D99C (0x00B51513) slli a0, a0, 0xb
x10 <- 0x000CCCCCCCCCC800
mem[X,0x000000008002D9A0] -> 0x0513
mem[X,0x000000008002D9A2] -> 0x4CC5
[6898] [M]: 0x000000008002D9A0 (0x4CC50513) addi a0, a0, 0x4cc
x10 <- 0x000CCCCCCCCCCCCC
mem[X,0x000000008002D9A4] -> 0x1513
mem[X,0x000000008002D9A6] -> 0x00A5
[6899] [M]: 0x000000008002D9A4 (0x00A51513) slli a0, a0, 0xa
x10 <- 0x3333333333333000
clint::tick mtime <- 0x0000000000000045
 clint timer pending at mtime 0x0000000000000045
htif::tick 0x0000000000000000
mem[X,0x000000008002D9A8] -> 0x0513
mem[X,0x000000008002D9AA] -> 0x3325
[6900] [M]: 0x000000008002D9A8 (0x33250513) addi a0, a0, 0x332
x10 <- 0x3333333333333332
mem[X,0x000000008002D9AC] -> 0x65B7
mem[X,0x000000008002D9AE] -> 0x6666
[6901] [M]: 0x000000008002D9AC (0x666665B7) lui a1, 0x66666
x11 <- 0x0000000066666000
mem[X,0x000000008002D9B0] -> 0x8593
mem[X,0x000000008002D9B2] -> 0x6665
[6902] [M]: 0x000000008002D9B0 (0x66658593) addi a1, a1, 0x666
x11 <- 0x0000000066666666
mem[X,0x000000008002D9B4] -> 0x9593
mem[X,0x000000008002D9B6] -> 0x00B5
[6903] [M]: 0x000000008002D9B4 (0x00B59593) slli a1, a1, 0xb
x11 <- 0x0000033333333000
mem[X,0x000000008002D9B8] -> 0x8593
mem[X,0x000000008002D9BA] -> 0x3335
[6904] [M]: 0x000000008002D9B8 (0x33358593) addi a1, a1, 0x333
x11 <- 0x0000033333333333
mem[X,0x000000008002D9BC] -> 0x9593
mem[X,0x000000008002D9BE] -> 0x00B5
[6905] [M]: 0x000000008002D9BC (0x00B59593) slli a1, a1, 0xb
x11 <- 0x0019999999999800
mem[X,0x000000008002D9C0] -> 0x8593
mem[X,0x000000008002D9C2] -> 0x1995
[6906] [M]: 0x000000008002D9C0 (0x19958593) addi a1, a1, 0x199
x11 <- 0x0019999999999999
mem[X,0x000000008002D9C4] -> 0x9593
mem[X,0x000000008002D9C6] -> 0x00A5
[6907] [M]: 0x000000008002D9C4 (0x00A59593) slli a1, a1, 0xa
x11 <- 0x6666666666666400
mem[X,0x000000008002D9C8] -> 0x8593
mem[X,0x000000008002D9CA] -> 0x2655
[6908] [M]: 0x000000008002D9C8 (0x26558593) addi a1, a1, 0x265
x11 <- 0x6666666666666665
mem[X,0x000000008002D9CC] -> 0x0113
mem[X,0x000000008002D9CE] -> 0x0000
[6909] [M]: 0x000000008002D9CC (0x00000113) addi sp, zero, 0x0
x2 <- 0x0000000000000000
mem[X,0x000000008002D9D0] -> 0x006F
mem[X,0x000000008002D9D2] -> 0x0140
[6910] [M]: 0x000000008002D9D0 (0x0140006F) jal zero, 0x14
mem[X,0x000000008002D9E4] -> 0x18E3
mem[X,0x000000008002D9E6] -> 0xFEB5
[6911] [M]: 0x000000008002D9E4 (0xFEB518E3) bne a0, a1, -0x10
mem[X,0x000000008002D9D4] -> 0x0113
mem[X,0x000000008002D9D6] -> 0x0011
[6912] [M]: 0x000000008002D9D4 (0x00110113) addi sp, sp, 0x1
x2 <- 0x0000000000000001
mem[X,0x000000008002D9D8] -> 0x006F
mem[X,0x000000008002D9DA] -> 0x0200
[6913] [M]: 0x000000008002D9D8 (0x0200006F) jal zero, 0x20
mem[X,0x000000008002D9F8] -> 0xB023
mem[X,0x000000008002D9FA] -> 0x5820
[6914] [M]: 0x000000008002D9F8 (0x5820B023) sd sp, 0x580(ra)
mem[0x0000000080045F58] <- 0x0000000000000001
mem[X,0x000000008002D9FC] -> 0x3537
mem[X,0x000000008002D9FE] -> 0x3333
[6915] [M]: 0x000000008002D9FC (0x33333537) lui a0, 0x33333
x10 <- 0x0000000033333000
mem[X,0x000000008002DA00] -> 0x0513
mem[X,0x000000008002DA02] -> 0x3335
[6916] [M]: 0x000000008002DA00 (0x33350513) addi a0, a0, 0x333
x10 <- 0x0000000033333333
mem[X,0x000000008002DA04] -> 0x1513
mem[X,0x000000008002DA06] -> 0x00B5
[6917] [M]: 0x000000008002DA04 (0x00B51513) slli a0, a0, 0xb
x10 <- 0x0000019999999800
mem[X,0x000000008002DA08] -> 0x0513
mem[X,0x000000008002DA0A] -> 0x1995
[6918] [M]: 0x000000008002DA08 (0x19950513) addi a0, a0, 0x199
x10 <- 0x0000019999999999
mem[X,0x000000008002DA0C] -> 0x1513
mem[X,0x000000008002DA0E] -> 0x00B5
[6919] [M]: 0x000000008002DA0C (0x00B51513) slli a0, a0, 0xb
x10 <- 0x000CCCCCCCCCC800
mem[X,0x000000008002DA10] -> 0x0513
mem[X,0x000000008002DA12] -> 0x4CC5
[6920] [M]: 0x000000008002DA10 (0x4CC50513) addi a0, a0, 0x4cc
x10 <- 0x000CCCCCCCCCCCCC
mem[X,0x000000008002DA14] -> 0x1513
mem[X,0x000000008002DA16] -> 0x00A5
[6921] [M]: 0x000000008002DA14 (0x00A51513) slli a0, a0, 0xa
x10 <- 0x3333333333333000
mem[X,0x000000008002DA18] -> 0x0513
mem[X,0x000000008002DA1A] -> 0x3325
[6922] [M]: 0x000000008002DA18 (0x33250513) addi a0, a0, 0x332
x10 <- 0x3333333333333332
mem[X,0x000000008002DA1C] -> 0x05B7
mem[X,0x000000008002DA1E] -> 0x0000
[6923] [M]: 0x000000008002DA1C (0x000005B7) lui a1, 0x0
x11 <- 0x0000000000000000
mem[X,0x000000008002DA20] -> 0x8593
mem[X,0x000000008002DA22] -> 0x0005
[6924] [M]: 0x000000008002DA20 (0x00058593) addi a1, a1, 0x0
x11 <- 0x0000000000000000
mem[X,0x000000008002DA24] -> 0x9593
mem[X,0x000000008002DA26] -> 0x00B5
[6925] [M]: 0x000000008002DA24 (0x00B59593) slli a1, a1, 0xb
x11 <- 0x0000000000000000
mem[X,0x000000008002DA28] -> 0x8593
mem[X,0x000000008002DA2A] -> 0x5A85
[6926] [M]: 0x000000008002DA28 (0x5A858593) addi a1, a1, 0x5a8
x11 <- 0x00000000000005A8
mem[X,0x000000008002DA2C] -> 0x9593
mem[X,0x000000008002DA2E] -> 0x00B5
[6927] [M]: 0x000000008002DA2C (0x00B59593) slli a1, a1, 0xb
x11 <- 0x00000000002D4000
mem[X,0x000000008002DA30] -> 0x8593
mem[X,0x000000008002DA32] -> 0x13C5
[6928] [M]: 0x000000008002DA30 (0x13C58593) addi a1, a1, 0x13c
x11 <- 0x00000000002D413C
mem[X,0x000000008002DA34] -> 0x9593
mem[X,0x000000008002DA36] -> 0x00A5
[6929] [M]: 0x000000008002DA34 (0x00A59593) slli a1, a1, 0xa
x11 <- 0x00000000B504F000
mem[X,0x000000008002DA38] -> 0x8593
mem[X,0x000000008002DA3A] -> 0x3325
[6930] [M]: 0x000000008002DA38 (0x33258593) addi a1, a1, 0x332
x11 <- 0x00000000B504F332
mem[X,0x000000008002DA3C] -> 0x0113
mem[X,0x000000008002DA3E] -> 0x0000
[6931] [M]: 0x000000008002DA3C (0x00000113) addi sp, zero, 0x0
x2 <- 0x0000000000000000
mem[X,0x000000008002DA40] -> 0x006F
mem[X,0x000000008002DA42] -> 0x00C0
[6932] [M]: 0x000000008002DA40 (0x00C0006F) jal zero, 0xc
mem[X,0x000000008002DA4C] -> 0x1663
mem[X,0x000000008002DA4E] -> 0x00B5
[6933] [M]: 0x000000008002DA4C (0x00B51663) bne a0, a1, 0xc
mem[X,0x000000008002DA58] -> 0x0113
mem[X,0x000000008002DA5A] -> 0x0031
[6934] [M]: 0x000000008002DA58 (0x00310113) addi sp, sp, 0x3
x2 <- 0x0000000000000003
mem[X,0x000000008002DA5C] -> 0x006F
mem[X,0x000000008002DA5E] -> 0x0040
[6935] [M]: 0x000000008002DA5C (0x0040006F) jal zero, 0x4
mem[X,0x000000008002DA60] -> 0xB423
mem[X,0x000000008002DA62] -> 0x5820
[6936] [M]: 0x000000008002DA60 (0x5820B423) sd sp, 0x588(ra)
mem[0x0000000080045F60] <- 0x0000000000000003
mem[X,0x000000008002DA64] -> 0x3537
mem[X,0x000000008002DA66] -> 0x3333
[6937] [M]: 0x000000008002DA64 (0x33333537) lui a0, 0x33333
x10 <- 0x0000000033333000
mem[X,0x000000008002DA68] -> 0x0513
mem[X,0x000000008002DA6A] -> 0x3335
[6938] [M]: 0x000000008002DA68 (0x33350513) addi a0, a0, 0x333
x10 <- 0x0000000033333333
mem[X,0x000000008002DA6C] -> 0x1513
mem[X,0x000000008002DA6E] -> 0x00B5
[6939] [M]: 0x000000008002DA6C (0x00B51513) slli a0, a0, 0xb
x10 <- 0x0000019999999800
mem[X,0x000000008002DA70] -> 0x0513
mem[X,0x000000008002DA72] -> 0x1995
[6940] [M]: 0x000000008002DA70 (0x19950513) addi a0, a0, 0x199
x10 <- 0x0000019999999999
mem[X,0x000000008002DA74] -> 0x1513
mem[X,0x000000008002DA76] -> 0x00B5
[6941] [M]: 0x000000008002DA74 (0x00B51513) slli a0, a0, 0xb
x10 <- 0x000CCCCCCCCCC800
mem[X,0x000000008002DA78] -> 0x0513
mem[X,0x000000008002DA7A] -> 0x4CC5
[6942] [M]: 0x000000008002DA78 (0x4CC50513) addi a0, a0, 0x4cc
x10 <- 0x000CCCCCCCCCCCCC
mem[X,0x000000008002DA7C] -> 0x1513
mem[X,0x000000008002DA7E] -> 0x00A5
[6943] [M]: 0x000000008002DA7C (0x00A51513) slli a0, a0, 0xa
x10 <- 0x3333333333333000
mem[X,0x000000008002DA80] -> 0x0513
mem[X,0x000000008002DA82] -> 0x3325
[6944] [M]: 0x000000008002DA80 (0x33250513) addi a0, a0, 0x332
x10 <- 0x3333333333333332
mem[X,0x000000008002DA84] -> 0x55B7
mem[X,0x000000008002DA86] -> 0x5555
[6945] [M]: 0x000000008002DA84 (0x555555B7) lui a1, 0x55555
x11 <- 0x0000000055555000
mem[X,0x000000008002DA88] -> 0x8593
mem[X,0x000000008002DA8A] -> 0x5555
[6946] [M]: 0x000000008002DA88 (0x55558593) addi a1, a1, 0x555
x11 <- 0x0000000055555555
mem[X,0x000000008002DA8C] -> 0x9593
mem[X,0x000000008002DA8E] -> 0x00B5
[6947] [M]: 0x000000008002DA8C (0x00B59593) slli a1, a1, 0xb
x11 <- 0x000002AAAAAAA800
mem[X,0x000000008002DA90] -> 0x8593
mem[X,0x000000008002DA92] -> 0x2AA5
[6948] [M]: 0x000000008002DA90 (0x2AA58593) addi a1, a1, 0x2aa
x11 <- 0x000002AAAAAAAAAA
mem[X,0x000000008002DA94] -> 0x9593
mem[X,0x000000008002DA96] -> 0x00B5
[6949] [M]: 0x000000008002DA94 (0x00B59593) slli a1, a1, 0xb
x11 <- 0x0015555555555000
mem[X,0x000000008002DA98] -> 0x8593
mem[X,0x000000008002DA9A] -> 0x5555
[6950] [M]: 0x000000008002DA98 (0x55558593) addi a1, a1, 0x555
x11 <- 0x0015555555555555
mem[X,0x000000008002DA9C] -> 0x9593
mem[X,0x000000008002DA9E] -> 0x00A5
[6951] [M]: 0x000000008002DA9C (0x00A59593) slli a1, a1, 0xa
x11 <- 0x5555555555555400
mem[X,0x000000008002DAA0] -> 0x8593
mem[X,0x000000008002DAA2] -> 0x1565
[6952] [M]: 0x000000008002DAA0 (0x15658593) addi a1, a1, 0x156
x11 <- 0x5555555555555556
mem[X,0x000000008002DAA4] -> 0x0113
mem[X,0x000000008002DAA6] -> 0x0000
[6953] [M]: 0x000000008002DAA4 (0x00000113) addi sp, zero, 0x0
x2 <- 0x0000000000000000
mem[X,0x000000008002DAA8] -> 0x006F
mem[X,0x000000008002DAAA] -> 0x00C0
[6954] [M]: 0x000000008002DAA8 (0x00C0006F) jal zero, 0xc
mem[X,0x000000008002DAB4] -> 0x1663
mem[X,0x000000008002DAB6] -> 0x00B5
[6955] [M]: 0x000000008002DAB4 (0x00B51663) bne a0, a1, 0xc
mem[X,0x000000008002DAC0] -> 0x0113
mem[X,0x000000008002DAC2] -> 0x0031
[6956] [M]: 0x000000008002DAC0 (0x00310113) addi sp, sp, 0x3
x2 <- 0x0000000000000003
mem[X,0x000000008002DAC4] -> 0x006F
mem[X,0x000000008002DAC6] -> 0x0040
[6957] [M]: 0x000000008002DAC4 (0x0040006F) jal zero, 0x4
mem[X,0x000000008002DAC8] -> 0xB823
mem[X,0x000000008002DACA] -> 0x5820
[6958] [M]: 0x000000008002DAC8 (0x5820B823) sd sp, 0x590(ra)
mem[0x0000000080045F68] <- 0x0000000000000003
mem[X,0x000000008002DACC] -> 0x3537
mem[X,0x000000008002DACE] -> 0x3333
[6959] [M]: 0x000000008002DACC (0x33333537) lui a0, 0x33333
x10 <- 0x0000000033333000
mem[X,0x000000008002DAD0] -> 0x0513
mem[X,0x000000008002DAD2] -> 0x3335
[6960] [M]: 0x000000008002DAD0 (0x33350513) addi a0, a0, 0x333
x10 <- 0x0000000033333333
mem[X,0x000000008002DAD4] -> 0x1513
mem[X,0x000000008002DAD6] -> 0x00B5
[6961] [M]: 0x000000008002DAD4 (0x00B51513) slli a0, a0, 0xb
x10 <- 0x0000019999999800
mem[X,0x000000008002DAD8] -> 0x0513
mem[X,0x000000008002DADA] -> 0x1995
[6962] [M]: 0x000000008002DAD8 (0x19950513) addi a0, a0, 0x199
x10 <- 0x0000019999999999
mem[X,0x000000008002DADC] -> 0x1513
mem[X,0x000000008002DADE] -> 0x00B5
[6963] [M]: 0x000000008002DADC (0x00B51513) slli a0, a0, 0xb
x10 <- 0x000CCCCCCCCCC800
mem[X,0x000000008002DAE0] -> 0x0513
mem[X,0x000000008002DAE2] -> 0x4CC5
[6964] [M]: 0x000000008002DAE0 (0x4CC50513) addi a0, a0, 0x4cc
x10 <- 0x000CCCCCCCCCCCCC
mem[X,0x000000008002DAE4] -> 0x1513
mem[X,0x000000008002DAE6] -> 0x00A5
[6965] [M]: 0x000000008002DAE4 (0x00A51513) slli a0, a0, 0xa
x10 <- 0x3333333333333000
mem[X,0x000000008002DAE8] -> 0x0513
mem[X,0x000000008002DAEA] -> 0x3325
[6966] [M]: 0x000000008002DAE8 (0x33250513) addi a0, a0, 0x332
x10 <- 0x3333333333333332
mem[X,0x000000008002DAEC] -> 0xB5B7
mem[X,0x000000008002DAEE] -> 0xAAAA
[6967] [M]: 0x000000008002DAEC (0xAAAAB5B7) lui a1, -0x55555
x11 <- 0xFFFFFFFFAAAAB000
mem[X,0x000000008002DAF0] -> 0x8593
mem[X,0x000000008002DAF2] -> 0xAAA5
[6968] [M]: 0x000000008002DAF0 (0xAAA58593) addi a1, a1, -0x556
x11 <- 0xFFFFFFFFAAAAAAAA
mem[X,0x000000008002DAF4] -> 0x9593
mem[X,0x000000008002DAF6] -> 0x00B5
[6969] [M]: 0x000000008002DAF4 (0x00B59593) slli a1, a1, 0xb
x11 <- 0xFFFFFD5555555000
mem[X,0x000000008002DAF8] -> 0x8593
mem[X,0x000000008002DAFA] -> 0x5555
[6970] [M]: 0x000000008002DAF8 (0x55558593) addi a1, a1, 0x555
x11 <- 0xFFFFFD5555555555
mem[X,0x000000008002DAFC] -> 0x9593
mem[X,0x000000008002DAFE] -> 0x00B5
[6971] [M]: 0x000000008002DAFC (0x00B59593) slli a1, a1, 0xb
x11 <- 0xFFEAAAAAAAAAA800
mem[X,0x000000008002DB00] -> 0x8593
mem[X,0x000000008002DB02] -> 0x2AA5
[6972] [M]: 0x000000008002DB00 (0x2AA58593) addi a1, a1, 0x2aa
x11 <- 0xFFEAAAAAAAAAAAAA
mem[X,0x000000008002DB04] -> 0x9593
mem[X,0x000000008002DB06] -> 0x00A5
[6973] [M]: 0x000000008002DB04 (0x00A59593) slli a1, a1, 0xa
x11 <- 0xAAAAAAAAAAAAA800
mem[X,0x000000008002DB08] -> 0x8593
mem[X,0x000000008002DB0A] -> 0x2AB5
[6974] [M]: 0x000000008002DB08 (0x2AB58593) addi a1, a1, 0x2ab
x11 <- 0xAAAAAAAAAAAAAAAB
mem[X,0x000000008002DB0C] -> 0x0113
mem[X,0x000000008002DB0E] -> 0x0000
[6975] [M]: 0x000000008002DB0C (0x00000113) addi sp, zero, 0x0
x2 <- 0x0000000000000000
mem[X,0x000000008002DB10] -> 0x006F
mem[X,0x000000008002DB12] -> 0x0050
[6976] [M]: 0x000000008002DB10 (0x0050006F) jal zero, 0x804
mem[X,0x000000008002E314] -> 0x10E3
mem[X,0x000000008002E316] -> 0x80B5
[6977] [M]: 0x000000008002E314 (0x80B510E3) bne a0, a1, -0x800
mem[X,0x000000008002DB14] -> 0x0113
mem[X,0x000000008002DB16] -> 0x0011
[6978] [M]: 0x000000008002DB14 (0x00110113) addi sp, sp, 0x1
x2 <- 0x0000000000000001
mem[X,0x000000008002DB18] -> 0x006F
mem[X,0x000000008002DB1A] -> 0x0110
[6979] [M]: 0x000000008002DB18 (0x0110006F) jal zero, 0x810
mem[X,0x000000008002E328] -> 0xBC23
mem[X,0x000000008002E32A] -> 0x5820
[6980] [M]: 0x000000008002E328 (0x5820BC23) sd sp, 0x598(ra)
mem[0x0000000080045F70] <- 0x0000000000000001
mem[X,0x000000008002E32C] -> 0x3537
mem[X,0x000000008002E32E] -> 0x3333
[6981] [M]: 0x000000008002E32C (0x33333537) lui a0, 0x33333
x10 <- 0x0000000033333000
mem[X,0x000000008002E330] -> 0x0513
mem[X,0x000000008002E332] -> 0x3335
[6982] [M]: 0x000000008002E330 (0x33350513) addi a0, a0, 0x333
x10 <- 0x0000000033333333
mem[X,0x000000008002E334] -> 0x1513
mem[X,0x000000008002E336] -> 0x00B5
[6983] [M]: 0x000000008002E334 (0x00B51513) slli a0, a0, 0xb
x10 <- 0x0000019999999800
mem[X,0x000000008002E338] -> 0x0513
mem[X,0x000000008002E33A] -> 0x1995
[6984] [M]: 0x000000008002E338 (0x19950513) addi a0, a0, 0x199
x10 <- 0x0000019999999999
mem[X,0x000000008002E33C] -> 0x1513
mem[X,0x000000008002E33E] -> 0x00B5
[6985] [M]: 0x000000008002E33C (0x00B51513) slli a0, a0, 0xb
x10 <- 0x000CCCCCCCCCC800
mem[X,0x000000008002E340] -> 0x0513
mem[X,0x000000008002E342] -> 0x4CC5
[6986] [M]: 0x000000008002E340 (0x4CC50513) addi a0, a0, 0x4cc
x10 <- 0x000CCCCCCCCCCCCC
mem[X,0x000000008002E344] -> 0x1513
mem[X,0x000000008002E346] -> 0x00A5
[6987] [M]: 0x000000008002E344 (0x00A51513) slli a0, a0, 0xa
x10 <- 0x3333333333333000
mem[X,0x000000008002E348] -> 0x0513
mem[X,0x000000008002E34A] -> 0x3325
[6988] [M]: 0x000000008002E348 (0x33250513) addi a0, a0, 0x332
x10 <- 0x3333333333333332
mem[X,0x000000008002E34C] -> 0x0593
mem[X,0x000000008002E34E] -> 0x0060
[6989] [M]: 0x000000008002E34C (0x00600593) addi a1, zero, 0x6
x11 <- 0x0000000000000006
mem[X,0x000000008002E350] -> 0x0113
mem[X,0x000000008002E352] -> 0x0000
[6990] [M]: 0x000000008002E350 (0x00000113) addi sp, zero, 0x0
x2 <- 0x0000000000000000
mem[X,0x000000008002E354] -> 0x006F
mem[X,0x000000008002E356] -> 0x00C0
[6991] [M]: 0x000000008002E354 (0x00C0006F) jal zero, 0xc
mem[X,0x000000008002E360] -> 0x1063
mem[X,0x000000008002E362] -> 0x02B5
[6992] [M]: 0x000000008002E360 (0x02B51063) bne a0, a1, 0x20
mem[X,0x000000008002E380] -> 0x0113
mem[X,0x000000008002E382] -> 0x0031
[6993] [M]: 0x000000008002E380 (0x00310113) addi sp, sp, 0x3
x2 <- 0x0000000000000003
mem[X,0x000000008002E384] -> 0x006F
mem[X,0x000000008002E386] -> 0x0040
[6994] [M]: 0x000000008002E384 (0x0040006F) jal zero, 0x4
mem[X,0x000000008002E388] -> 0xB023
mem[X,0x000000008002E38A] -> 0x5A20
[6995] [M]: 0x000000008002E388 (0x5A20B023) sd sp, 0x5a0(ra)
mem[0x0000000080045F78] <- 0x0000000000000003
mem[X,0x000000008002E38C] -> 0x3537
mem[X,0x000000008002E38E] -> 0x3333
[6996] [M]: 0x000000008002E38C (0x33333537) lui a0, 0x33333
x10 <- 0x0000000033333000
mem[X,0x000000008002E390] -> 0x0513
mem[X,0x000000008002E392] -> 0x3335
[6997] [M]: 0x000000008002E390 (0x33350513) addi a0, a0, 0x333
x10 <- 0x0000000033333333
mem[X,0x000000008002E394] -> 0x1513
mem[X,0x000000008002E396] -> 0x00B5
[6998] [M]: 0x000000008002E394 (0x00B51513) slli a0, a0, 0xb
x10 <- 0x0000019999999800
mem[X,0x000000008002E398] -> 0x0513
mem[X,0x000000008002E39A] -> 0x1995
[6999] [M]: 0x000000008002E398 (0x19950513) addi a0, a0, 0x199
x10 <- 0x0000019999999999
clint::tick mtime <- 0x0000000000000046
 clint timer pending at mtime 0x0000000000000046
htif::tick 0x0000000000000000
mem[X,0x000000008002E39C] -> 0x1513
mem[X,0x000000008002E39E] -> 0x00B5
[7000] [M]: 0x000000008002E39C (0x00B51513) slli a0, a0, 0xb
x10 <- 0x000CCCCCCCCCC800
mem[X,0x000000008002E3A0] -> 0x0513
mem[X,0x000000008002E3A2] -> 0x4CC5
[7001] [M]: 0x000000008002E3A0 (0x4CC50513) addi a0, a0, 0x4cc
x10 <- 0x000CCCCCCCCCCCCC
mem[X,0x000000008002E3A4] -> 0x1513
mem[X,0x000000008002E3A6] -> 0x00A5
[7002] [M]: 0x000000008002E3A4 (0x00A51513) slli a0, a0, 0xa
x10 <- 0x3333333333333000
mem[X,0x000000008002E3A8] -> 0x0513
mem[X,0x000000008002E3AA] -> 0x3325
[7003] [M]: 0x000000008002E3A8 (0x33250513) addi a0, a0, 0x332
x10 <- 0x3333333333333332
mem[X,0x000000008002E3AC] -> 0x35B7
mem[X,0x000000008002E3AE] -> 0x3333
[7004] [M]: 0x000000008002E3AC (0x333335B7) lui a1, 0x33333
x11 <- 0x0000000033333000
mem[X,0x000000008002E3B0] -> 0x8593
mem[X,0x000000008002E3B2] -> 0x3335
[7005] [M]: 0x000000008002E3B0 (0x33358593) addi a1, a1, 0x333
x11 <- 0x0000000033333333
mem[X,0x000000008002E3B4] -> 0x9593
mem[X,0x000000008002E3B6] -> 0x00B5
[7006] [M]: 0x000000008002E3B4 (0x00B59593) slli a1, a1, 0xb
x11 <- 0x0000019999999800
mem[X,0x000000008002E3B8] -> 0x8593
mem[X,0x000000008002E3BA] -> 0x1995
[7007] [M]: 0x000000008002E3B8 (0x19958593) addi a1, a1, 0x199
x11 <- 0x0000019999999999
mem[X,0x000000008002E3BC] -> 0x9593
mem[X,0x000000008002E3BE] -> 0x00B5
[7008] [M]: 0x000000008002E3BC (0x00B59593) slli a1, a1, 0xb
x11 <- 0x000CCCCCCCCCC800
mem[X,0x000000008002E3C0] -> 0x8593
mem[X,0x000000008002E3C2] -> 0x4CC5
[7009] [M]: 0x000000008002E3C0 (0x4CC58593) addi a1, a1, 0x4cc
x11 <- 0x000CCCCCCCCCCCCC
mem[X,0x000000008002E3C4] -> 0x9593
mem[X,0x000000008002E3C6] -> 0x00A5
[7010] [M]: 0x000000008002E3C4 (0x00A59593) slli a1, a1, 0xa
x11 <- 0x3333333333333000
mem[X,0x000000008002E3C8] -> 0x8593
mem[X,0x000000008002E3CA] -> 0x3345
[7011] [M]: 0x000000008002E3C8 (0x33458593) addi a1, a1, 0x334
x11 <- 0x3333333333333334
mem[X,0x000000008002E3CC] -> 0x0113
mem[X,0x000000008002E3CE] -> 0x0000
[7012] [M]: 0x000000008002E3CC (0x00000113) addi sp, zero, 0x0
x2 <- 0x0000000000000000
mem[X,0x000000008002E3D0] -> 0x006F
mem[X,0x000000008002E3D2] -> 0x00C0
[7013] [M]: 0x000000008002E3D0 (0x00C0006F) jal zero, 0xc
mem[X,0x000000008002E3DC] -> 0x1663
mem[X,0x000000008002E3DE] -> 0x00B5
[7014] [M]: 0x000000008002E3DC (0x00B51663) bne a0, a1, 0xc
mem[X,0x000000008002E3E8] -> 0x0113
mem[X,0x000000008002E3EA] -> 0x0031
[7015] [M]: 0x000000008002E3E8 (0x00310113) addi sp, sp, 0x3
x2 <- 0x0000000000000003
mem[X,0x000000008002E3EC] -> 0x006F
mem[X,0x000000008002E3EE] -> 0x0040
[7016] [M]: 0x000000008002E3EC (0x0040006F) jal zero, 0x4
mem[X,0x000000008002E3F0] -> 0xB423
mem[X,0x000000008002E3F2] -> 0x5A20
[7017] [M]: 0x000000008002E3F0 (0x5A20B423) sd sp, 0x5a8(ra)
mem[0x0000000080045F80] <- 0x0000000000000003
mem[X,0x000000008002E3F4] -> 0x3537
mem[X,0x000000008002E3F6] -> 0x3333
[7018] [M]: 0x000000008002E3F4 (0x33333537) lui a0, 0x33333
x10 <- 0x0000000033333000
mem[X,0x000000008002E3F8] -> 0x0513
mem[X,0x000000008002E3FA] -> 0x3335
[7019] [M]: 0x000000008002E3F8 (0x33350513) addi a0, a0, 0x333
x10 <- 0x0000000033333333
mem[X,0x000000008002E3FC] -> 0x1513
mem[X,0x000000008002E3FE] -> 0x00B5
[7020] [M]: 0x000000008002E3FC (0x00B51513) slli a0, a0, 0xb
x10 <- 0x0000019999999800
mem[X,0x000000008002E400] -> 0x0513
mem[X,0x000000008002E402] -> 0x1995
[7021] [M]: 0x000000008002E400 (0x19950513) addi a0, a0, 0x199
x10 <- 0x0000019999999999
mem[X,0x000000008002E404] -> 0x1513
mem[X,0x000000008002E406] -> 0x00B5
[7022] [M]: 0x000000008002E404 (0x00B51513) slli a0, a0, 0xb
x10 <- 0x000CCCCCCCCCC800
mem[X,0x000000008002E408] -> 0x0513
mem[X,0x000000008002E40A] -> 0x4CC5
[7023] [M]: 0x000000008002E408 (0x4CC50513) addi a0, a0, 0x4cc
x10 <- 0x000CCCCCCCCCCCCC
mem[X,0x000000008002E40C] -> 0x1513
mem[X,0x000000008002E40E] -> 0x00A5
[7024] [M]: 0x000000008002E40C (0x00A51513) slli a0, a0, 0xa
x10 <- 0x3333333333333000
mem[X,0x000000008002E410] -> 0x0513
mem[X,0x000000008002E412] -> 0x3325
[7025] [M]: 0x000000008002E410 (0x33250513) addi a0, a0, 0x332
x10 <- 0x3333333333333332
mem[X,0x000000008002E414] -> 0x65B7
mem[X,0x000000008002E416] -> 0x6666
[7026] [M]: 0x000000008002E414 (0x666665B7) lui a1, 0x66666
x11 <- 0x0000000066666000
mem[X,0x000000008002E418] -> 0x8593
mem[X,0x000000008002E41A] -> 0x6665
[7027] [M]: 0x000000008002E418 (0x66658593) addi a1, a1, 0x666
x11 <- 0x0000000066666666
mem[X,0x000000008002E41C] -> 0x9593
mem[X,0x000000008002E41E] -> 0x00B5
[7028] [M]: 0x000000008002E41C (0x00B59593) slli a1, a1, 0xb
x11 <- 0x0000033333333000
mem[X,0x000000008002E420] -> 0x8593
mem[X,0x000000008002E422] -> 0x3335
[7029] [M]: 0x000000008002E420 (0x33358593) addi a1, a1, 0x333
x11 <- 0x0000033333333333
mem[X,0x000000008002E424] -> 0x9593
mem[X,0x000000008002E426] -> 0x00B5
[7030] [M]: 0x000000008002E424 (0x00B59593) slli a1, a1, 0xb
x11 <- 0x0019999999999800
mem[X,0x000000008002E428] -> 0x8593
mem[X,0x000000008002E42A] -> 0x1995
[7031] [M]: 0x000000008002E428 (0x19958593) addi a1, a1, 0x199
x11 <- 0x0019999999999999
mem[X,0x000000008002E42C] -> 0x9593
mem[X,0x000000008002E42E] -> 0x00A5
[7032] [M]: 0x000000008002E42C (0x00A59593) slli a1, a1, 0xa
x11 <- 0x6666666666666400
mem[X,0x000000008002E430] -> 0x8593
mem[X,0x000000008002E432] -> 0x2675
[7033] [M]: 0x000000008002E430 (0x26758593) addi a1, a1, 0x267
x11 <- 0x6666666666666667
mem[X,0x000000008002E434] -> 0x0113
mem[X,0x000000008002E436] -> 0x0000
[7034] [M]: 0x000000008002E434 (0x00000113) addi sp, zero, 0x0
x2 <- 0x0000000000000000
mem[X,0x000000008002E438] -> 0x006F
mem[X,0x000000008002E43A] -> 0x2B10
[7035] [M]: 0x000000008002E438 (0x2B10006F) jal zero, 0xab0
mem[X,0x000000008002EEE8] -> 0x1A63
mem[X,0x000000008002EEEA] -> 0xD4B5
[7036] [M]: 0x000000008002EEE8 (0xD4B51A63) bne a0, a1, -0xaac
mem[X,0x000000008002E43C] -> 0x0113
mem[X,0x000000008002E43E] -> 0x0011
[7037] [M]: 0x000000008002E43C (0x00110113) addi sp, sp, 0x1
x2 <- 0x0000000000000001
mem[X,0x000000008002E440] -> 0x006F
mem[X,0x000000008002E442] -> 0x2BD0
[7038] [M]: 0x000000008002E440 (0x2BD0006F) jal zero, 0xabc
mem[X,0x000000008002EEFC] -> 0xB823
mem[X,0x000000008002EEFE] -> 0x5A20
[7039] [M]: 0x000000008002EEFC (0x5A20B823) sd sp, 0x5b0(ra)
mem[0x0000000080045F88] <- 0x0000000000000001
mem[X,0x000000008002EF00] -> 0x3537
mem[X,0x000000008002EF02] -> 0x3333
[7040] [M]: 0x000000008002EF00 (0x33333537) lui a0, 0x33333
x10 <- 0x0000000033333000
mem[X,0x000000008002EF04] -> 0x0513
mem[X,0x000000008002EF06] -> 0x3335
[7041] [M]: 0x000000008002EF04 (0x33350513) addi a0, a0, 0x333
x10 <- 0x0000000033333333
mem[X,0x000000008002EF08] -> 0x1513
mem[X,0x000000008002EF0A] -> 0x00B5
[7042] [M]: 0x000000008002EF08 (0x00B51513) slli a0, a0, 0xb
x10 <- 0x0000019999999800
mem[X,0x000000008002EF0C] -> 0x0513
mem[X,0x000000008002EF0E] -> 0x1995
[7043] [M]: 0x000000008002EF0C (0x19950513) addi a0, a0, 0x199
x10 <- 0x0000019999999999
mem[X,0x000000008002EF10] -> 0x1513
mem[X,0x000000008002EF12] -> 0x00B5
[7044] [M]: 0x000000008002EF10 (0x00B51513) slli a0, a0, 0xb
x10 <- 0x000CCCCCCCCCC800
mem[X,0x000000008002EF14] -> 0x0513
mem[X,0x000000008002EF16] -> 0x4CC5
[7045] [M]: 0x000000008002EF14 (0x4CC50513) addi a0, a0, 0x4cc
x10 <- 0x000CCCCCCCCCCCCC
mem[X,0x000000008002EF18] -> 0x1513
mem[X,0x000000008002EF1A] -> 0x00A5
[7046] [M]: 0x000000008002EF18 (0x00A51513) slli a0, a0, 0xa
x10 <- 0x3333333333333000
mem[X,0x000000008002EF1C] -> 0x0513
mem[X,0x000000008002EF1E] -> 0x3325
[7047] [M]: 0x000000008002EF1C (0x33250513) addi a0, a0, 0x332
x10 <- 0x3333333333333332
mem[X,0x000000008002EF20] -> 0x05B7
mem[X,0x000000008002EF22] -> 0x0000
[7048] [M]: 0x000000008002EF20 (0x000005B7) lui a1, 0x0
x11 <- 0x0000000000000000
mem[X,0x000000008002EF24] -> 0x8593
mem[X,0x000000008002EF26] -> 0xFFF5
[7049] [M]: 0x000000008002EF24 (0xFFF58593) addi a1, a1, -0x1
x11 <- 0xFFFFFFFFFFFFFFFF
mem[X,0x000000008002EF28] -> 0x9593
mem[X,0x000000008002EF2A] -> 0x00B5
[7050] [M]: 0x000000008002EF28 (0x00B59593) slli a1, a1, 0xb
x11 <- 0xFFFFFFFFFFFFF800
mem[X,0x000000008002EF2C] -> 0x8593
mem[X,0x000000008002EF2E] -> 0x2575
[7051] [M]: 0x000000008002EF2C (0x25758593) addi a1, a1, 0x257
x11 <- 0xFFFFFFFFFFFFFA57
mem[X,0x000000008002EF30] -> 0x9593
mem[X,0x000000008002EF32] -> 0x00B5
[7052] [M]: 0x000000008002EF30 (0x00B59593) slli a1, a1, 0xb
x11 <- 0xFFFFFFFFFFD2B800
mem[X,0x000000008002EF34] -> 0x8593
mem[X,0x000000008002EF36] -> 0x6C35
[7053] [M]: 0x000000008002EF34 (0x6C358593) addi a1, a1, 0x6c3
x11 <- 0xFFFFFFFFFFD2BEC3
mem[X,0x000000008002EF38] -> 0x9593
mem[X,0x000000008002EF3A] -> 0x00A5
[7054] [M]: 0x000000008002EF38 (0x00A59593) slli a1, a1, 0xa
x11 <- 0xFFFFFFFF4AFB0C00
mem[X,0x000000008002EF3C] -> 0x8593
mem[X,0x000000008002EF3E] -> 0x0CE5
[7055] [M]: 0x000000008002EF3C (0x0CE58593) addi a1, a1, 0xce
x11 <- 0xFFFFFFFF4AFB0CCE
mem[X,0x000000008002EF40] -> 0x0113
mem[X,0x000000008002EF42] -> 0x0000
[7056] [M]: 0x000000008002EF40 (0x00000113) addi sp, zero, 0x0
x2 <- 0x0000000000000000
mem[X,0x000000008002EF44] -> 0x006F
mem[X,0x000000008002EF46] -> 0x00C0
[7057] [M]: 0x000000008002EF44 (0x00C0006F) jal zero, 0xc
mem[X,0x000000008002EF50] -> 0x1663
mem[X,0x000000008002EF52] -> 0x00B5
[7058] [M]: 0x000000008002EF50 (0x00B51663) bne a0, a1, 0xc
mem[X,0x000000008002EF5C] -> 0x0113
mem[X,0x000000008002EF5E] -> 0x0031
[7059] [M]: 0x000000008002EF5C (0x00310113) addi sp, sp, 0x3
x2 <- 0x0000000000000003
mem[X,0x000000008002EF60] -> 0x006F
mem[X,0x000000008002EF62] -> 0x0040
[7060] [M]: 0x000000008002EF60 (0x0040006F) jal zero, 0x4
mem[X,0x000000008002EF64] -> 0xBC23
mem[X,0x000000008002EF66] -> 0x5A20
[7061] [M]: 0x000000008002EF64 (0x5A20BC23) sd sp, 0x5b8(ra)
mem[0x0000000080045F90] <- 0x0000000000000003
mem[X,0x000000008002EF68] -> 0x3537
mem[X,0x000000008002EF6A] -> 0x3333
[7062] [M]: 0x000000008002EF68 (0x33333537) lui a0, 0x33333
x10 <- 0x0000000033333000
mem[X,0x000000008002EF6C] -> 0x0513
mem[X,0x000000008002EF6E] -> 0x3335
[7063] [M]: 0x000000008002EF6C (0x33350513) addi a0, a0, 0x333
x10 <- 0x0000000033333333
mem[X,0x000000008002EF70] -> 0x1513
mem[X,0x000000008002EF72] -> 0x00B5
[7064] [M]: 0x000000008002EF70 (0x00B51513) slli a0, a0, 0xb
x10 <- 0x0000019999999800
mem[X,0x000000008002EF74] -> 0x0513
mem[X,0x000000008002EF76] -> 0x1995
[7065] [M]: 0x000000008002EF74 (0x19950513) addi a0, a0, 0x199
x10 <- 0x0000019999999999
mem[X,0x000000008002EF78] -> 0x1513
mem[X,0x000000008002EF7A] -> 0x00B5
[7066] [M]: 0x000000008002EF78 (0x00B51513) slli a0, a0, 0xb
x10 <- 0x000CCCCCCCCCC800
mem[X,0x000000008002EF7C] -> 0x0513
mem[X,0x000000008002EF7E] -> 0x4CC5
[7067] [M]: 0x000000008002EF7C (0x4CC50513) addi a0, a0, 0x4cc
x10 <- 0x000CCCCCCCCCCCCC
mem[X,0x000000008002EF80] -> 0x1513
mem[X,0x000000008002EF82] -> 0x00A5
[7068] [M]: 0x000000008002EF80 (0x00A51513) slli a0, a0, 0xa
x10 <- 0x3333333333333000
mem[X,0x000000008002EF84] -> 0x0513
mem[X,0x000000008002EF86] -> 0x3325
[7069] [M]: 0x000000008002EF84 (0x33250513) addi a0, a0, 0x332
x10 <- 0x3333333333333332
mem[X,0x000000008002EF88] -> 0x05B7
mem[X,0x000000008002EF8A] -> 0x0000
[7070] [M]: 0x000000008002EF88 (0x000005B7) lui a1, 0x0
x11 <- 0x0000000000000000
mem[X,0x000000008002EF8C] -> 0x8593
mem[X,0x000000008002EF8E] -> 0x0005
[7071] [M]: 0x000000008002EF8C (0x00058593) addi a1, a1, 0x0
x11 <- 0x0000000000000000
mem[X,0x000000008002EF90] -> 0x9593
mem[X,0x000000008002EF92] -> 0x00B5
[7072] [M]: 0x000000008002EF90 (0x00B59593) slli a1, a1, 0xb
x11 <- 0x0000000000000000
mem[X,0x000000008002EF94] -> 0x8593
mem[X,0x000000008002EF96] -> 0x5A85
[7073] [M]: 0x000000008002EF94 (0x5A858593) addi a1, a1, 0x5a8
x11 <- 0x00000000000005A8
mem[X,0x000000008002EF98] -> 0x9593
mem[X,0x000000008002EF9A] -> 0x00B5
[7074] [M]: 0x000000008002EF98 (0x00B59593) slli a1, a1, 0xb
x11 <- 0x00000000002D4000
mem[X,0x000000008002EF9C] -> 0x8593
mem[X,0x000000008002EF9E] -> 0x13C5
[7075] [M]: 0x000000008002EF9C (0x13C58593) addi a1, a1, 0x13c
x11 <- 0x00000000002D413C
mem[X,0x000000008002EFA0] -> 0x9593
mem[X,0x000000008002EFA2] -> 0x00A5
[7076] [M]: 0x000000008002EFA0 (0x00A59593) slli a1, a1, 0xa
x11 <- 0x00000000B504F000
mem[X,0x000000008002EFA4] -> 0x8593
mem[X,0x000000008002EFA6] -> 0x3345
[7077] [M]: 0x000000008002EFA4 (0x33458593) addi a1, a1, 0x334
x11 <- 0x00000000B504F334
mem[X,0x000000008002EFA8] -> 0x0113
mem[X,0x000000008002EFAA] -> 0x0000
[7078] [M]: 0x000000008002EFA8 (0x00000113) addi sp, zero, 0x0
x2 <- 0x0000000000000000
mem[X,0x000000008002EFAC] -> 0x006F
mem[X,0x000000008002EFAE] -> 0x00C0
[7079] [M]: 0x000000008002EFAC (0x00C0006F) jal zero, 0xc
mem[X,0x000000008002EFB8] -> 0x1CE3
mem[X,0x000000008002EFBA] -> 0xFEB5
[7080] [M]: 0x000000008002EFB8 (0xFEB51CE3) bne a0, a1, -0x8
mem[X,0x000000008002EFB0] -> 0x0113
mem[X,0x000000008002EFB2] -> 0x0011
[7081] [M]: 0x000000008002EFB0 (0x00110113) addi sp, sp, 0x1
x2 <- 0x0000000000000001
mem[X,0x000000008002EFB4] -> 0x006F
mem[X,0x000000008002EFB6] -> 0x0180
[7082] [M]: 0x000000008002EFB4 (0x0180006F) jal zero, 0x18
mem[X,0x000000008002EFCC] -> 0xB023
mem[X,0x000000008002EFCE] -> 0x5C20
[7083] [M]: 0x000000008002EFCC (0x5C20B023) sd sp, 0x5c0(ra)
mem[0x0000000080045F98] <- 0x0000000000000001
mem[X,0x000000008002EFD0] -> 0x6537
mem[X,0x000000008002EFD2] -> 0x6666
[7084] [M]: 0x000000008002EFD0 (0x66666537) lui a0, 0x66666
x10 <- 0x0000000066666000
mem[X,0x000000008002EFD4] -> 0x0513
mem[X,0x000000008002EFD6] -> 0x6665
[7085] [M]: 0x000000008002EFD4 (0x66650513) addi a0, a0, 0x666
x10 <- 0x0000000066666666
mem[X,0x000000008002EFD8] -> 0x1513
mem[X,0x000000008002EFDA] -> 0x00B5
[7086] [M]: 0x000000008002EFD8 (0x00B51513) slli a0, a0, 0xb
x10 <- 0x0000033333333000
mem[X,0x000000008002EFDC] -> 0x0513
mem[X,0x000000008002EFDE] -> 0x3335
[7087] [M]: 0x000000008002EFDC (0x33350513) addi a0, a0, 0x333
x10 <- 0x0000033333333333
mem[X,0x000000008002EFE0] -> 0x1513
mem[X,0x000000008002EFE2] -> 0x00B5
[7088] [M]: 0x000000008002EFE0 (0x00B51513) slli a0, a0, 0xb
x10 <- 0x0019999999999800
mem[X,0x000000008002EFE4] -> 0x0513
mem[X,0x000000008002EFE6] -> 0x1995
[7089] [M]: 0x000000008002EFE4 (0x19950513) addi a0, a0, 0x199
x10 <- 0x0019999999999999
mem[X,0x000000008002EFE8] -> 0x1513
mem[X,0x000000008002EFEA] -> 0x00A5
[7090] [M]: 0x000000008002EFE8 (0x00A51513) slli a0, a0, 0xa
x10 <- 0x6666666666666400
mem[X,0x000000008002EFEC] -> 0x0513
mem[X,0x000000008002EFEE] -> 0x2655
[7091] [M]: 0x000000008002EFEC (0x26550513) addi a0, a0, 0x265
x10 <- 0x6666666666666665
mem[X,0x000000008002EFF0] -> 0x0593
mem[X,0x000000008002EFF2] -> 0x0030
[7092] [M]: 0x000000008002EFF0 (0x00300593) addi a1, zero, 0x3
x11 <- 0x0000000000000003
mem[X,0x000000008002EFF4] -> 0x0113
mem[X,0x000000008002EFF6] -> 0x0000
[7093] [M]: 0x000000008002EFF4 (0x00000113) addi sp, zero, 0x0
x2 <- 0x0000000000000000
mem[X,0x000000008002EFF8] -> 0x006F
mem[X,0x000000008002EFFA] -> 0x0180
[7094] [M]: 0x000000008002EFF8 (0x0180006F) jal zero, 0x18
mem[X,0x000000008002F010] -> 0x16E3
mem[X,0x000000008002F012] -> 0xFEB5
[7095] [M]: 0x000000008002F010 (0xFEB516E3) bne a0, a1, -0x14
mem[X,0x000000008002EFFC] -> 0x0113
mem[X,0x000000008002EFFE] -> 0x0011
[7096] [M]: 0x000000008002EFFC (0x00110113) addi sp, sp, 0x1
x2 <- 0x0000000000000001
mem[X,0x000000008002F000] -> 0x006F
mem[X,0x000000008002F002] -> 0x0240
[7097] [M]: 0x000000008002F000 (0x0240006F) jal zero, 0x24
mem[X,0x000000008002F024] -> 0xB423
mem[X,0x000000008002F026] -> 0x5C20
[7098] [M]: 0x000000008002F024 (0x5C20B423) sd sp, 0x5c8(ra)
mem[0x0000000080045FA0] <- 0x0000000000000001
mem[X,0x000000008002F028] -> 0x6537
mem[X,0x000000008002F02A] -> 0x6666
[7099] [M]: 0x000000008002F028 (0x66666537) lui a0, 0x66666
x10 <- 0x0000000066666000
clint::tick mtime <- 0x0000000000000047
 clint timer pending at mtime 0x0000000000000047
htif::tick 0x0000000000000000
mem[X,0x000000008002F02C] -> 0x0513
mem[X,0x000000008002F02E] -> 0x6665
[7100] [M]: 0x000000008002F02C (0x66650513) addi a0, a0, 0x666
x10 <- 0x0000000066666666
mem[X,0x000000008002F030] -> 0x1513
mem[X,0x000000008002F032] -> 0x00B5
[7101] [M]: 0x000000008002F030 (0x00B51513) slli a0, a0, 0xb
x10 <- 0x0000033333333000
mem[X,0x000000008002F034] -> 0x0513
mem[X,0x000000008002F036] -> 0x3335
[7102] [M]: 0x000000008002F034 (0x33350513) addi a0, a0, 0x333
x10 <- 0x0000033333333333
mem[X,0x000000008002F038] -> 0x1513
mem[X,0x000000008002F03A] -> 0x00B5
[7103] [M]: 0x000000008002F038 (0x00B51513) slli a0, a0, 0xb
x10 <- 0x0019999999999800
mem[X,0x000000008002F03C] -> 0x0513
mem[X,0x000000008002F03E] -> 0x1995
[7104] [M]: 0x000000008002F03C (0x19950513) addi a0, a0, 0x199
x10 <- 0x0019999999999999
mem[X,0x000000008002F040] -> 0x1513
mem[X,0x000000008002F042] -> 0x00A5
[7105] [M]: 0x000000008002F040 (0x00A51513) slli a0, a0, 0xa
x10 <- 0x6666666666666400
mem[X,0x000000008002F044] -> 0x0513
mem[X,0x000000008002F046] -> 0x2655
[7106] [M]: 0x000000008002F044 (0x26550513) addi a0, a0, 0x265
x10 <- 0x6666666666666665
mem[X,0x000000008002F048] -> 0x55B7
mem[X,0x000000008002F04A] -> 0x5555
[7107] [M]: 0x000000008002F048 (0x555555B7) lui a1, 0x55555
x11 <- 0x0000000055555000
mem[X,0x000000008002F04C] -> 0x8593
mem[X,0x000000008002F04E] -> 0x5555
[7108] [M]: 0x000000008002F04C (0x55558593) addi a1, a1, 0x555
x11 <- 0x0000000055555555
mem[X,0x000000008002F050] -> 0x9593
mem[X,0x000000008002F052] -> 0x00B5
[7109] [M]: 0x000000008002F050 (0x00B59593) slli a1, a1, 0xb
x11 <- 0x000002AAAAAAA800
mem[X,0x000000008002F054] -> 0x8593
mem[X,0x000000008002F056] -> 0x2AA5
[7110] [M]: 0x000000008002F054 (0x2AA58593) addi a1, a1, 0x2aa
x11 <- 0x000002AAAAAAAAAA
mem[X,0x000000008002F058] -> 0x9593
mem[X,0x000000008002F05A] -> 0x00B5
[7111] [M]: 0x000000008002F058 (0x00B59593) slli a1, a1, 0xb
x11 <- 0x0015555555555000
mem[X,0x000000008002F05C] -> 0x8593
mem[X,0x000000008002F05E] -> 0x5555
[7112] [M]: 0x000000008002F05C (0x55558593) addi a1, a1, 0x555
x11 <- 0x0015555555555555
mem[X,0x000000008002F060] -> 0x9593
mem[X,0x000000008002F062] -> 0x00A5
[7113] [M]: 0x000000008002F060 (0x00A59593) slli a1, a1, 0xa
x11 <- 0x5555555555555400
mem[X,0x000000008002F064] -> 0x8593
mem[X,0x000000008002F066] -> 0x1555
[7114] [M]: 0x000000008002F064 (0x15558593) addi a1, a1, 0x155
x11 <- 0x5555555555555555
mem[X,0x000000008002F068] -> 0x0113
mem[X,0x000000008002F06A] -> 0x0000
[7115] [M]: 0x000000008002F068 (0x00000113) addi sp, zero, 0x0
x2 <- 0x0000000000000000
mem[X,0x000000008002F06C] -> 0x006F
mem[X,0x000000008002F06E] -> 0x2B10
[7116] [M]: 0x000000008002F06C (0x2B10006F) jal zero, 0xab0
mem[X,0x000000008002FB1C] -> 0x1A63
mem[X,0x000000008002FB1E] -> 0xD4B5
[7117] [M]: 0x000000008002FB1C (0xD4B51A63) bne a0, a1, -0xaac
mem[X,0x000000008002F070] -> 0x0113
mem[X,0x000000008002F072] -> 0x0011
[7118] [M]: 0x000000008002F070 (0x00110113) addi sp, sp, 0x1
x2 <- 0x0000000000000001
mem[X,0x000000008002F074] -> 0x006F
mem[X,0x000000008002F076] -> 0x2BD0
[7119] [M]: 0x000000008002F074 (0x2BD0006F) jal zero, 0xabc
mem[X,0x000000008002FB30] -> 0xB823
mem[X,0x000000008002FB32] -> 0x5C20
[7120] [M]: 0x000000008002FB30 (0x5C20B823) sd sp, 0x5d0(ra)
mem[0x0000000080045FA8] <- 0x0000000000000001
mem[X,0x000000008002FB34] -> 0x6537
mem[X,0x000000008002FB36] -> 0x6666
[7121] [M]: 0x000000008002FB34 (0x66666537) lui a0, 0x66666
x10 <- 0x0000000066666000
mem[X,0x000000008002FB38] -> 0x0513
mem[X,0x000000008002FB3A] -> 0x6665
[7122] [M]: 0x000000008002FB38 (0x66650513) addi a0, a0, 0x666
x10 <- 0x0000000066666666
mem[X,0x000000008002FB3C] -> 0x1513
mem[X,0x000000008002FB3E] -> 0x00B5
[7123] [M]: 0x000000008002FB3C (0x00B51513) slli a0, a0, 0xb
x10 <- 0x0000033333333000
mem[X,0x000000008002FB40] -> 0x0513
mem[X,0x000000008002FB42] -> 0x3335
[7124] [M]: 0x000000008002FB40 (0x33350513) addi a0, a0, 0x333
x10 <- 0x0000033333333333
mem[X,0x000000008002FB44] -> 0x1513
mem[X,0x000000008002FB46] -> 0x00B5
[7125] [M]: 0x000000008002FB44 (0x00B51513) slli a0, a0, 0xb
x10 <- 0x0019999999999800
mem[X,0x000000008002FB48] -> 0x0513
mem[X,0x000000008002FB4A] -> 0x1995
[7126] [M]: 0x000000008002FB48 (0x19950513) addi a0, a0, 0x199
x10 <- 0x0019999999999999
mem[X,0x000000008002FB4C] -> 0x1513
mem[X,0x000000008002FB4E] -> 0x00A5
[7127] [M]: 0x000000008002FB4C (0x00A51513) slli a0, a0, 0xa
x10 <- 0x6666666666666400
mem[X,0x000000008002FB50] -> 0x0513
mem[X,0x000000008002FB52] -> 0x2655
[7128] [M]: 0x000000008002FB50 (0x26550513) addi a0, a0, 0x265
x10 <- 0x6666666666666665
mem[X,0x000000008002FB54] -> 0xB5B7
mem[X,0x000000008002FB56] -> 0xAAAA
[7129] [M]: 0x000000008002FB54 (0xAAAAB5B7) lui a1, -0x55555
x11 <- 0xFFFFFFFFAAAAB000
mem[X,0x000000008002FB58] -> 0x8593
mem[X,0x000000008002FB5A] -> 0xAAA5
[7130] [M]: 0x000000008002FB58 (0xAAA58593) addi a1, a1, -0x556
x11 <- 0xFFFFFFFFAAAAAAAA
mem[X,0x000000008002FB5C] -> 0x9593
mem[X,0x000000008002FB5E] -> 0x00B5
[7131] [M]: 0x000000008002FB5C (0x00B59593) slli a1, a1, 0xb
x11 <- 0xFFFFFD5555555000
mem[X,0x000000008002FB60] -> 0x8593
mem[X,0x000000008002FB62] -> 0x5555
[7132] [M]: 0x000000008002FB60 (0x55558593) addi a1, a1, 0x555
x11 <- 0xFFFFFD5555555555
mem[X,0x000000008002FB64] -> 0x9593
mem[X,0x000000008002FB66] -> 0x00B5
[7133] [M]: 0x000000008002FB64 (0x00B59593) slli a1, a1, 0xb
x11 <- 0xFFEAAAAAAAAAA800
mem[X,0x000000008002FB68] -> 0x8593
mem[X,0x000000008002FB6A] -> 0x2AA5
[7134] [M]: 0x000000008002FB68 (0x2AA58593) addi a1, a1, 0x2aa
x11 <- 0xFFEAAAAAAAAAAAAA
mem[X,0x000000008002FB6C] -> 0x9593
mem[X,0x000000008002FB6E] -> 0x00A5
[7135] [M]: 0x000000008002FB6C (0x00A59593) slli a1, a1, 0xa
x11 <- 0xAAAAAAAAAAAAA800
mem[X,0x000000008002FB70] -> 0x8593
mem[X,0x000000008002FB72] -> 0x2AA5
[7136] [M]: 0x000000008002FB70 (0x2AA58593) addi a1, a1, 0x2aa
x11 <- 0xAAAAAAAAAAAAAAAA
mem[X,0x000000008002FB74] -> 0x0113
mem[X,0x000000008002FB76] -> 0x0000
[7137] [M]: 0x000000008002FB74 (0x00000113) addi sp, zero, 0x0
x2 <- 0x0000000000000000
mem[X,0x000000008002FB78] -> 0x006F
mem[X,0x000000008002FB7A] -> 0x00C0
[7138] [M]: 0x000000008002FB78 (0x00C0006F) jal zero, 0xc
mem[X,0x000000008002FB84] -> 0x1663
mem[X,0x000000008002FB86] -> 0x00B5
[7139] [M]: 0x000000008002FB84 (0x00B51663) bne a0, a1, 0xc
mem[X,0x000000008002FB90] -> 0x0113
mem[X,0x000000008002FB92] -> 0x0031
[7140] [M]: 0x000000008002FB90 (0x00310113) addi sp, sp, 0x3
x2 <- 0x0000000000000003
mem[X,0x000000008002FB94] -> 0x006F
mem[X,0x000000008002FB96] -> 0x0040
[7141] [M]: 0x000000008002FB94 (0x0040006F) jal zero, 0x4
mem[X,0x000000008002FB98] -> 0xBC23
mem[X,0x000000008002FB9A] -> 0x5C20
[7142] [M]: 0x000000008002FB98 (0x5C20BC23) sd sp, 0x5d8(ra)
mem[0x0000000080045FB0] <- 0x0000000000000003
mem[X,0x000000008002FB9C] -> 0x6537
mem[X,0x000000008002FB9E] -> 0x6666
[7143] [M]: 0x000000008002FB9C (0x66666537) lui a0, 0x66666
x10 <- 0x0000000066666000
mem[X,0x000000008002FBA0] -> 0x0513
mem[X,0x000000008002FBA2] -> 0x6665
[7144] [M]: 0x000000008002FBA0 (0x66650513) addi a0, a0, 0x666
x10 <- 0x0000000066666666
mem[X,0x000000008002FBA4] -> 0x1513
mem[X,0x000000008002FBA6] -> 0x00B5
[7145] [M]: 0x000000008002FBA4 (0x00B51513) slli a0, a0, 0xb
x10 <- 0x0000033333333000
mem[X,0x000000008002FBA8] -> 0x0513
mem[X,0x000000008002FBAA] -> 0x3335
[7146] [M]: 0x000000008002FBA8 (0x33350513) addi a0, a0, 0x333
x10 <- 0x0000033333333333
mem[X,0x000000008002FBAC] -> 0x1513
mem[X,0x000000008002FBAE] -> 0x00B5
[7147] [M]: 0x000000008002FBAC (0x00B51513) slli a0, a0, 0xb
x10 <- 0x0019999999999800
mem[X,0x000000008002FBB0] -> 0x0513
mem[X,0x000000008002FBB2] -> 0x1995
[7148] [M]: 0x000000008002FBB0 (0x19950513) addi a0, a0, 0x199
x10 <- 0x0019999999999999
mem[X,0x000000008002FBB4] -> 0x1513
mem[X,0x000000008002FBB6] -> 0x00A5
[7149] [M]: 0x000000008002FBB4 (0x00A51513) slli a0, a0, 0xa
x10 <- 0x6666666666666400
mem[X,0x000000008002FBB8] -> 0x0513
mem[X,0x000000008002FBBA] -> 0x2655
[7150] [M]: 0x000000008002FBB8 (0x26550513) addi a0, a0, 0x265
x10 <- 0x6666666666666665
mem[X,0x000000008002FBBC] -> 0x0593
mem[X,0x000000008002FBBE] -> 0x0050
[7151] [M]: 0x000000008002FBBC (0x00500593) addi a1, zero, 0x5
x11 <- 0x0000000000000005
mem[X,0x000000008002FBC0] -> 0x0113
mem[X,0x000000008002FBC2] -> 0x0000
[7152] [M]: 0x000000008002FBC0 (0x00000113) addi sp, zero, 0x0
x2 <- 0x0000000000000000
mem[X,0x000000008002FBC4] -> 0x006F
mem[X,0x000000008002FBC6] -> 0x00C0
[7153] [M]: 0x000000008002FBC4 (0x00C0006F) jal zero, 0xc
mem[X,0x000000008002FBD0] -> 0x1CE3
mem[X,0x000000008002FBD2] -> 0xFEB5
[7154] [M]: 0x000000008002FBD0 (0xFEB51CE3) bne a0, a1, -0x8
mem[X,0x000000008002FBC8] -> 0x0113
mem[X,0x000000008002FBCA] -> 0x0011
[7155] [M]: 0x000000008002FBC8 (0x00110113) addi sp, sp, 0x1
x2 <- 0x0000000000000001
mem[X,0x000000008002FBCC] -> 0x006F
mem[X,0x000000008002FBCE] -> 0x0180
[7156] [M]: 0x000000008002FBCC (0x0180006F) jal zero, 0x18
mem[X,0x000000008002FBE4] -> 0xB023
mem[X,0x000000008002FBE6] -> 0x5E20
[7157] [M]: 0x000000008002FBE4 (0x5E20B023) sd sp, 0x5e0(ra)
mem[0x0000000080045FB8] <- 0x0000000000000001
mem[X,0x000000008002FBE8] -> 0x6537
mem[X,0x000000008002FBEA] -> 0x6666
[7158] [M]: 0x000000008002FBE8 (0x66666537) lui a0, 0x66666
x10 <- 0x0000000066666000
mem[X,0x000000008002FBEC] -> 0x0513
mem[X,0x000000008002FBEE] -> 0x6665
[7159] [M]: 0x000000008002FBEC (0x66650513) addi a0, a0, 0x666
x10 <- 0x0000000066666666
mem[X,0x000000008002FBF0] -> 0x1513
mem[X,0x000000008002FBF2] -> 0x00B5
[7160] [M]: 0x000000008002FBF0 (0x00B51513) slli a0, a0, 0xb
x10 <- 0x0000033333333000
mem[X,0x000000008002FBF4] -> 0x0513
mem[X,0x000000008002FBF6] -> 0x3335
[7161] [M]: 0x000000008002FBF4 (0x33350513) addi a0, a0, 0x333
x10 <- 0x0000033333333333
mem[X,0x000000008002FBF8] -> 0x1513
mem[X,0x000000008002FBFA] -> 0x00B5
[7162] [M]: 0x000000008002FBF8 (0x00B51513) slli a0, a0, 0xb
x10 <- 0x0019999999999800
mem[X,0x000000008002FBFC] -> 0x0513
mem[X,0x000000008002FBFE] -> 0x1995
[7163] [M]: 0x000000008002FBFC (0x19950513) addi a0, a0, 0x199
x10 <- 0x0019999999999999
mem[X,0x000000008002FC00] -> 0x1513
mem[X,0x000000008002FC02] -> 0x00A5
[7164] [M]: 0x000000008002FC00 (0x00A51513) slli a0, a0, 0xa
x10 <- 0x6666666666666400
mem[X,0x000000008002FC04] -> 0x0513
mem[X,0x000000008002FC06] -> 0x2655
[7165] [M]: 0x000000008002FC04 (0x26550513) addi a0, a0, 0x265
x10 <- 0x6666666666666665
mem[X,0x000000008002FC08] -> 0x35B7
mem[X,0x000000008002FC0A] -> 0x3333
[7166] [M]: 0x000000008002FC08 (0x333335B7) lui a1, 0x33333
x11 <- 0x0000000033333000
mem[X,0x000000008002FC0C] -> 0x8593
mem[X,0x000000008002FC0E] -> 0x3335
[7167] [M]: 0x000000008002FC0C (0x33358593) addi a1, a1, 0x333
x11 <- 0x0000000033333333
mem[X,0x000000008002FC10] -> 0x9593
mem[X,0x000000008002FC12] -> 0x00B5
[7168] [M]: 0x000000008002FC10 (0x00B59593) slli a1, a1, 0xb
x11 <- 0x0000019999999800
mem[X,0x000000008002FC14] -> 0x8593
mem[X,0x000000008002FC16] -> 0x1995
[7169] [M]: 0x000000008002FC14 (0x19958593) addi a1, a1, 0x199
x11 <- 0x0000019999999999
mem[X,0x000000008002FC18] -> 0x9593
mem[X,0x000000008002FC1A] -> 0x00B5
[7170] [M]: 0x000000008002FC18 (0x00B59593) slli a1, a1, 0xb
x11 <- 0x000CCCCCCCCCC800
mem[X,0x000000008002FC1C] -> 0x8593
mem[X,0x000000008002FC1E] -> 0x4CC5
[7171] [M]: 0x000000008002FC1C (0x4CC58593) addi a1, a1, 0x4cc
x11 <- 0x000CCCCCCCCCCCCC
mem[X,0x000000008002FC20] -> 0x9593
mem[X,0x000000008002FC22] -> 0x00A5
[7172] [M]: 0x000000008002FC20 (0x00A59593) slli a1, a1, 0xa
x11 <- 0x3333333333333000
mem[X,0x000000008002FC24] -> 0x8593
mem[X,0x000000008002FC26] -> 0x3335
[7173] [M]: 0x000000008002FC24 (0x33358593) addi a1, a1, 0x333
x11 <- 0x3333333333333333
mem[X,0x000000008002FC28] -> 0x0113
mem[X,0x000000008002FC2A] -> 0x0000
[7174] [M]: 0x000000008002FC28 (0x00000113) addi sp, zero, 0x0
x2 <- 0x0000000000000000
mem[X,0x000000008002FC2C] -> 0x006F
mem[X,0x000000008002FC2E] -> 0x00C0
[7175] [M]: 0x000000008002FC2C (0x00C0006F) jal zero, 0xc
mem[X,0x000000008002FC38] -> 0x1CE3
mem[X,0x000000008002FC3A] -> 0xFEB5
[7176] [M]: 0x000000008002FC38 (0xFEB51CE3) bne a0, a1, -0x8
mem[X,0x000000008002FC30] -> 0x0113
mem[X,0x000000008002FC32] -> 0x0011
[7177] [M]: 0x000000008002FC30 (0x00110113) addi sp, sp, 0x1
x2 <- 0x0000000000000001
mem[X,0x000000008002FC34] -> 0x006F
mem[X,0x000000008002FC36] -> 0x0180
[7178] [M]: 0x000000008002FC34 (0x0180006F) jal zero, 0x18
mem[X,0x000000008002FC4C] -> 0xB423
mem[X,0x000000008002FC4E] -> 0x5E20
[7179] [M]: 0x000000008002FC4C (0x5E20B423) sd sp, 0x5e8(ra)
mem[0x0000000080045FC0] <- 0x0000000000000001
mem[X,0x000000008002FC50] -> 0x6537
mem[X,0x000000008002FC52] -> 0x6666
[7180] [M]: 0x000000008002FC50 (0x66666537) lui a0, 0x66666
x10 <- 0x0000000066666000
mem[X,0x000000008002FC54] -> 0x0513
mem[X,0x000000008002FC56] -> 0x6665
[7181] [M]: 0x000000008002FC54 (0x66650513) addi a0, a0, 0x666
x10 <- 0x0000000066666666
mem[X,0x000000008002FC58] -> 0x1513
mem[X,0x000000008002FC5A] -> 0x00B5
[7182] [M]: 0x000000008002FC58 (0x00B51513) slli a0, a0, 0xb
x10 <- 0x0000033333333000
mem[X,0x000000008002FC5C] -> 0x0513
mem[X,0x000000008002FC5E] -> 0x3335
[7183] [M]: 0x000000008002FC5C (0x33350513) addi a0, a0, 0x333
x10 <- 0x0000033333333333
mem[X,0x000000008002FC60] -> 0x1513
mem[X,0x000000008002FC62] -> 0x00B5
[7184] [M]: 0x000000008002FC60 (0x00B51513) slli a0, a0, 0xb
x10 <- 0x0019999999999800
mem[X,0x000000008002FC64] -> 0x0513
mem[X,0x000000008002FC66] -> 0x1995
[7185] [M]: 0x000000008002FC64 (0x19950513) addi a0, a0, 0x199
x10 <- 0x0019999999999999
mem[X,0x000000008002FC68] -> 0x1513
mem[X,0x000000008002FC6A] -> 0x00A5
[7186] [M]: 0x000000008002FC68 (0x00A51513) slli a0, a0, 0xa
x10 <- 0x6666666666666400
mem[X,0x000000008002FC6C] -> 0x0513
mem[X,0x000000008002FC6E] -> 0x2655
[7187] [M]: 0x000000008002FC6C (0x26550513) addi a0, a0, 0x265
x10 <- 0x6666666666666665
mem[X,0x000000008002FC70] -> 0x65B7
mem[X,0x000000008002FC72] -> 0x6666
[7188] [M]: 0x000000008002FC70 (0x666665B7) lui a1, 0x66666
x11 <- 0x0000000066666000
mem[X,0x000000008002FC74] -> 0x8593
mem[X,0x000000008002FC76] -> 0x6665
[7189] [M]: 0x000000008002FC74 (0x66658593) addi a1, a1, 0x666
x11 <- 0x0000000066666666
mem[X,0x000000008002FC78] -> 0x9593
mem[X,0x000000008002FC7A] -> 0x00B5
[7190] [M]: 0x000000008002FC78 (0x00B59593) slli a1, a1, 0xb
x11 <- 0x0000033333333000
mem[X,0x000000008002FC7C] -> 0x8593
mem[X,0x000000008002FC7E] -> 0x3335
[7191] [M]: 0x000000008002FC7C (0x33358593) addi a1, a1, 0x333
x11 <- 0x0000033333333333
mem[X,0x000000008002FC80] -> 0x9593
mem[X,0x000000008002FC82] -> 0x00B5
[7192] [M]: 0x000000008002FC80 (0x00B59593) slli a1, a1, 0xb
x11 <- 0x0019999999999800
mem[X,0x000000008002FC84] -> 0x8593
mem[X,0x000000008002FC86] -> 0x1995
[7193] [M]: 0x000000008002FC84 (0x19958593) addi a1, a1, 0x199
x11 <- 0x0019999999999999
mem[X,0x000000008002FC88] -> 0x9593
mem[X,0x000000008002FC8A] -> 0x00A5
[7194] [M]: 0x000000008002FC88 (0x00A59593) slli a1, a1, 0xa
x11 <- 0x6666666666666400
mem[X,0x000000008002FC8C] -> 0x8593
mem[X,0x000000008002FC8E] -> 0x2665
[7195] [M]: 0x000000008002FC8C (0x26658593) addi a1, a1, 0x266
x11 <- 0x6666666666666666
mem[X,0x000000008002FC90] -> 0x0113
mem[X,0x000000008002FC92] -> 0x0000
[7196] [M]: 0x000000008002FC90 (0x00000113) addi sp, zero, 0x0
x2 <- 0x0000000000000000
mem[X,0x000000008002FC94] -> 0x006F
mem[X,0x000000008002FC96] -> 0x00C0
[7197] [M]: 0x000000008002FC94 (0x00C0006F) jal zero, 0xc
mem[X,0x000000008002FCA0] -> 0x1063
mem[X,0x000000008002FCA2] -> 0x04B5
[7198] [M]: 0x000000008002FCA0 (0x04B51063) bne a0, a1, 0x40
mem[X,0x000000008002FCE0] -> 0x0113
mem[X,0x000000008002FCE2] -> 0x0031
[7199] [M]: 0x000000008002FCE0 (0x00310113) addi sp, sp, 0x3
x2 <- 0x0000000000000003
clint::tick mtime <- 0x0000000000000048
 clint timer pending at mtime 0x0000000000000048
htif::tick 0x0000000000000000
mem[X,0x000000008002FCE4] -> 0x006F
mem[X,0x000000008002FCE6] -> 0x0040
[7200] [M]: 0x000000008002FCE4 (0x0040006F) jal zero, 0x4
mem[X,0x000000008002FCE8] -> 0xB823
mem[X,0x000000008002FCEA] -> 0x5E20
[7201] [M]: 0x000000008002FCE8 (0x5E20B823) sd sp, 0x5f0(ra)
mem[0x0000000080045FC8] <- 0x0000000000000003
mem[X,0x000000008002FCEC] -> 0x6537
mem[X,0x000000008002FCEE] -> 0x6666
[7202] [M]: 0x000000008002FCEC (0x66666537) lui a0, 0x66666
x10 <- 0x0000000066666000
mem[X,0x000000008002FCF0] -> 0x0513
mem[X,0x000000008002FCF2] -> 0x6665
[7203] [M]: 0x000000008002FCF0 (0x66650513) addi a0, a0, 0x666
x10 <- 0x0000000066666666
mem[X,0x000000008002FCF4] -> 0x1513
mem[X,0x000000008002FCF6] -> 0x00B5
[7204] [M]: 0x000000008002FCF4 (0x00B51513) slli a0, a0, 0xb
x10 <- 0x0000033333333000
mem[X,0x000000008002FCF8] -> 0x0513
mem[X,0x000000008002FCFA] -> 0x3335
[7205] [M]: 0x000000008002FCF8 (0x33350513) addi a0, a0, 0x333
x10 <- 0x0000033333333333
mem[X,0x000000008002FCFC] -> 0x1513
mem[X,0x000000008002FCFE] -> 0x00B5
[7206] [M]: 0x000000008002FCFC (0x00B51513) slli a0, a0, 0xb
x10 <- 0x0019999999999800
mem[X,0x000000008002FD00] -> 0x0513
mem[X,0x000000008002FD02] -> 0x1995
[7207] [M]: 0x000000008002FD00 (0x19950513) addi a0, a0, 0x199
x10 <- 0x0019999999999999
mem[X,0x000000008002FD04] -> 0x1513
mem[X,0x000000008002FD06] -> 0x00A5
[7208] [M]: 0x000000008002FD04 (0x00A51513) slli a0, a0, 0xa
x10 <- 0x6666666666666400
mem[X,0x000000008002FD08] -> 0x0513
mem[X,0x000000008002FD0A] -> 0x2655
[7209] [M]: 0x000000008002FD08 (0x26550513) addi a0, a0, 0x265
x10 <- 0x6666666666666665
mem[X,0x000000008002FD0C] -> 0x05B7
mem[X,0x000000008002FD0E] -> 0x0000
[7210] [M]: 0x000000008002FD0C (0x000005B7) lui a1, 0x0
x11 <- 0x0000000000000000
mem[X,0x000000008002FD10] -> 0x8593
mem[X,0x000000008002FD12] -> 0xFFF5
[7211] [M]: 0x000000008002FD10 (0xFFF58593) addi a1, a1, -0x1
x11 <- 0xFFFFFFFFFFFFFFFF
mem[X,0x000000008002FD14] -> 0x9593
mem[X,0x000000008002FD16] -> 0x00B5
[7212] [M]: 0x000000008002FD14 (0x00B59593) slli a1, a1, 0xb
x11 <- 0xFFFFFFFFFFFFF800
mem[X,0x000000008002FD18] -> 0x8593
mem[X,0x000000008002FD1A] -> 0x2575
[7213] [M]: 0x000000008002FD18 (0x25758593) addi a1, a1, 0x257
x11 <- 0xFFFFFFFFFFFFFA57
mem[X,0x000000008002FD1C] -> 0x9593
mem[X,0x000000008002FD1E] -> 0x00B5
[7214] [M]: 0x000000008002FD1C (0x00B59593) slli a1, a1, 0xb
x11 <- 0xFFFFFFFFFFD2B800
mem[X,0x000000008002FD20] -> 0x8593
mem[X,0x000000008002FD22] -> 0x6C35
[7215] [M]: 0x000000008002FD20 (0x6C358593) addi a1, a1, 0x6c3
x11 <- 0xFFFFFFFFFFD2BEC3
mem[X,0x000000008002FD24] -> 0x9593
mem[X,0x000000008002FD26] -> 0x00A5
[7216] [M]: 0x000000008002FD24 (0x00A59593) slli a1, a1, 0xa
x11 <- 0xFFFFFFFF4AFB0C00
mem[X,0x000000008002FD28] -> 0x8593
mem[X,0x000000008002FD2A] -> 0x0CD5
[7217] [M]: 0x000000008002FD28 (0x0CD58593) addi a1, a1, 0xcd
x11 <- 0xFFFFFFFF4AFB0CCD
mem[X,0x000000008002FD2C] -> 0x0113
mem[X,0x000000008002FD2E] -> 0x0000
[7218] [M]: 0x000000008002FD2C (0x00000113) addi sp, zero, 0x0
x2 <- 0x0000000000000000
mem[X,0x000000008002FD30] -> 0x006F
mem[X,0x000000008002FD32] -> 0x0100
[7219] [M]: 0x000000008002FD30 (0x0100006F) jal zero, 0x10
mem[X,0x000000008002FD40] -> 0x1AE3
mem[X,0x000000008002FD42] -> 0xFEB5
[7220] [M]: 0x000000008002FD40 (0xFEB51AE3) bne a0, a1, -0xc
mem[X,0x000000008002FD34] -> 0x0113
mem[X,0x000000008002FD36] -> 0x0011
[7221] [M]: 0x000000008002FD34 (0x00110113) addi sp, sp, 0x1
x2 <- 0x0000000000000001
mem[X,0x000000008002FD38] -> 0x006F
mem[X,0x000000008002FD3A] -> 0x01C0
[7222] [M]: 0x000000008002FD38 (0x01C0006F) jal zero, 0x1c
mem[X,0x000000008002FD54] -> 0xBC23
mem[X,0x000000008002FD56] -> 0x5E20
[7223] [M]: 0x000000008002FD54 (0x5E20BC23) sd sp, 0x5f8(ra)
mem[0x0000000080045FD0] <- 0x0000000000000001
mem[X,0x000000008002FD58] -> 0x6537
mem[X,0x000000008002FD5A] -> 0x6666
[7224] [M]: 0x000000008002FD58 (0x66666537) lui a0, 0x66666
x10 <- 0x0000000066666000
mem[X,0x000000008002FD5C] -> 0x0513
mem[X,0x000000008002FD5E] -> 0x6665
[7225] [M]: 0x000000008002FD5C (0x66650513) addi a0, a0, 0x666
x10 <- 0x0000000066666666
mem[X,0x000000008002FD60] -> 0x1513
mem[X,0x000000008002FD62] -> 0x00B5
[7226] [M]: 0x000000008002FD60 (0x00B51513) slli a0, a0, 0xb
x10 <- 0x0000033333333000
mem[X,0x000000008002FD64] -> 0x0513
mem[X,0x000000008002FD66] -> 0x3335
[7227] [M]: 0x000000008002FD64 (0x33350513) addi a0, a0, 0x333
x10 <- 0x0000033333333333
mem[X,0x000000008002FD68] -> 0x1513
mem[X,0x000000008002FD6A] -> 0x00B5
[7228] [M]: 0x000000008002FD68 (0x00B51513) slli a0, a0, 0xb
x10 <- 0x0019999999999800
mem[X,0x000000008002FD6C] -> 0x0513
mem[X,0x000000008002FD6E] -> 0x1995
[7229] [M]: 0x000000008002FD6C (0x19950513) addi a0, a0, 0x199
x10 <- 0x0019999999999999
mem[X,0x000000008002FD70] -> 0x1513
mem[X,0x000000008002FD72] -> 0x00A5
[7230] [M]: 0x000000008002FD70 (0x00A51513) slli a0, a0, 0xa
x10 <- 0x6666666666666400
mem[X,0x000000008002FD74] -> 0x0513
mem[X,0x000000008002FD76] -> 0x2655
[7231] [M]: 0x000000008002FD74 (0x26550513) addi a0, a0, 0x265
x10 <- 0x6666666666666665
mem[X,0x000000008002FD78] -> 0x05B7
mem[X,0x000000008002FD7A] -> 0x0000
[7232] [M]: 0x000000008002FD78 (0x000005B7) lui a1, 0x0
x11 <- 0x0000000000000000
mem[X,0x000000008002FD7C] -> 0x8593
mem[X,0x000000008002FD7E] -> 0x0005
[7233] [M]: 0x000000008002FD7C (0x00058593) addi a1, a1, 0x0
x11 <- 0x0000000000000000
mem[X,0x000000008002FD80] -> 0x9593
mem[X,0x000000008002FD82] -> 0x00B5
[7234] [M]: 0x000000008002FD80 (0x00B59593) slli a1, a1, 0xb
x11 <- 0x0000000000000000
mem[X,0x000000008002FD84] -> 0x8593
mem[X,0x000000008002FD86] -> 0x5A85
[7235] [M]: 0x000000008002FD84 (0x5A858593) addi a1, a1, 0x5a8
x11 <- 0x00000000000005A8
mem[X,0x000000008002FD88] -> 0x9593
mem[X,0x000000008002FD8A] -> 0x00B5
[7236] [M]: 0x000000008002FD88 (0x00B59593) slli a1, a1, 0xb
x11 <- 0x00000000002D4000
mem[X,0x000000008002FD8C] -> 0x8593
mem[X,0x000000008002FD8E] -> 0x13C5
[7237] [M]: 0x000000008002FD8C (0x13C58593) addi a1, a1, 0x13c
x11 <- 0x00000000002D413C
mem[X,0x000000008002FD90] -> 0x9593
mem[X,0x000000008002FD92] -> 0x00A5
[7238] [M]: 0x000000008002FD90 (0x00A59593) slli a1, a1, 0xa
x11 <- 0x00000000B504F000
mem[X,0x000000008002FD94] -> 0x8593
mem[X,0x000000008002FD96] -> 0x3335
[7239] [M]: 0x000000008002FD94 (0x33358593) addi a1, a1, 0x333
x11 <- 0x00000000B504F333
mem[X,0x000000008002FD98] -> 0x0113
mem[X,0x000000008002FD9A] -> 0x0000
[7240] [M]: 0x000000008002FD98 (0x00000113) addi sp, zero, 0x0
x2 <- 0x0000000000000000
mem[X,0x000000008002FD9C] -> 0x006F
mem[X,0x000000008002FD9E] -> 0x00C0
[7241] [M]: 0x000000008002FD9C (0x00C0006F) jal zero, 0xc
mem[X,0x000000008002FDA8] -> 0x1CE3
mem[X,0x000000008002FDAA] -> 0xFEB5
[7242] [M]: 0x000000008002FDA8 (0xFEB51CE3) bne a0, a1, -0x8
mem[X,0x000000008002FDA0] -> 0x0113
mem[X,0x000000008002FDA2] -> 0x0011
[7243] [M]: 0x000000008002FDA0 (0x00110113) addi sp, sp, 0x1
x2 <- 0x0000000000000001
mem[X,0x000000008002FDA4] -> 0x006F
mem[X,0x000000008002FDA6] -> 0x0180
[7244] [M]: 0x000000008002FDA4 (0x0180006F) jal zero, 0x18
mem[X,0x000000008002FDBC] -> 0xB023
mem[X,0x000000008002FDBE] -> 0x6020
[7245] [M]: 0x000000008002FDBC (0x6020B023) sd sp, 0x600(ra)
mem[0x0000000080045FD8] <- 0x0000000000000001
mem[X,0x000000008002FDC0] -> 0x6537
mem[X,0x000000008002FDC2] -> 0x6666
[7246] [M]: 0x000000008002FDC0 (0x66666537) lui a0, 0x66666
x10 <- 0x0000000066666000
mem[X,0x000000008002FDC4] -> 0x0513
mem[X,0x000000008002FDC6] -> 0x6665
[7247] [M]: 0x000000008002FDC4 (0x66650513) addi a0, a0, 0x666
x10 <- 0x0000000066666666
mem[X,0x000000008002FDC8] -> 0x1513
mem[X,0x000000008002FDCA] -> 0x00B5
[7248] [M]: 0x000000008002FDC8 (0x00B51513) slli a0, a0, 0xb
x10 <- 0x0000033333333000
mem[X,0x000000008002FDCC] -> 0x0513
mem[X,0x000000008002FDCE] -> 0x3335
[7249] [M]: 0x000000008002FDCC (0x33350513) addi a0, a0, 0x333
x10 <- 0x0000033333333333
mem[X,0x000000008002FDD0] -> 0x1513
mem[X,0x000000008002FDD2] -> 0x00B5
[7250] [M]: 0x000000008002FDD0 (0x00B51513) slli a0, a0, 0xb
x10 <- 0x0019999999999800
mem[X,0x000000008002FDD4] -> 0x0513
mem[X,0x000000008002FDD6] -> 0x1995
[7251] [M]: 0x000000008002FDD4 (0x19950513) addi a0, a0, 0x199
x10 <- 0x0019999999999999
mem[X,0x000000008002FDD8] -> 0x1513
mem[X,0x000000008002FDDA] -> 0x00A5
[7252] [M]: 0x000000008002FDD8 (0x00A51513) slli a0, a0, 0xa
x10 <- 0x6666666666666400
mem[X,0x000000008002FDDC] -> 0x0513
mem[X,0x000000008002FDDE] -> 0x2655
[7253] [M]: 0x000000008002FDDC (0x26550513) addi a0, a0, 0x265
x10 <- 0x6666666666666665
mem[X,0x000000008002FDE0] -> 0x0593
mem[X,0x000000008002FDE2] -> 0x0020
[7254] [M]: 0x000000008002FDE0 (0x00200593) addi a1, zero, 0x2
x11 <- 0x0000000000000002
mem[X,0x000000008002FDE4] -> 0x0113
mem[X,0x000000008002FDE6] -> 0x0000
[7255] [M]: 0x000000008002FDE4 (0x00000113) addi sp, zero, 0x0
x2 <- 0x0000000000000000
mem[X,0x000000008002FDE8] -> 0x006F
mem[X,0x000000008002FDEA] -> 0x00C0
[7256] [M]: 0x000000008002FDE8 (0x00C0006F) jal zero, 0xc
mem[X,0x000000008002FDF4] -> 0x1663
mem[X,0x000000008002FDF6] -> 0x00B5
[7257] [M]: 0x000000008002FDF4 (0x00B51663) bne a0, a1, 0xc
mem[X,0x000000008002FE00] -> 0x0113
mem[X,0x000000008002FE02] -> 0x0031
[7258] [M]: 0x000000008002FE00 (0x00310113) addi sp, sp, 0x3
x2 <- 0x0000000000000003
mem[X,0x000000008002FE04] -> 0x006F
mem[X,0x000000008002FE06] -> 0x0040
[7259] [M]: 0x000000008002FE04 (0x0040006F) jal zero, 0x4
mem[X,0x000000008002FE08] -> 0xB423
mem[X,0x000000008002FE0A] -> 0x6020
[7260] [M]: 0x000000008002FE08 (0x6020B423) sd sp, 0x608(ra)
mem[0x0000000080045FE0] <- 0x0000000000000003
mem[X,0x000000008002FE0C] -> 0x6537
mem[X,0x000000008002FE0E] -> 0x6666
[7261] [M]: 0x000000008002FE0C (0x66666537) lui a0, 0x66666
x10 <- 0x0000000066666000
mem[X,0x000000008002FE10] -> 0x0513
mem[X,0x000000008002FE12] -> 0x6665
[7262] [M]: 0x000000008002FE10 (0x66650513) addi a0, a0, 0x666
x10 <- 0x0000000066666666
mem[X,0x000000008002FE14] -> 0x1513
mem[X,0x000000008002FE16] -> 0x00B5
[7263] [M]: 0x000000008002FE14 (0x00B51513) slli a0, a0, 0xb
x10 <- 0x0000033333333000
mem[X,0x000000008002FE18] -> 0x0513
mem[X,0x000000008002FE1A] -> 0x3335
[7264] [M]: 0x000000008002FE18 (0x33350513) addi a0, a0, 0x333
x10 <- 0x0000033333333333
mem[X,0x000000008002FE1C] -> 0x1513
mem[X,0x000000008002FE1E] -> 0x00B5
[7265] [M]: 0x000000008002FE1C (0x00B51513) slli a0, a0, 0xb
x10 <- 0x0019999999999800
mem[X,0x000000008002FE20] -> 0x0513
mem[X,0x000000008002FE22] -> 0x1995
[7266] [M]: 0x000000008002FE20 (0x19950513) addi a0, a0, 0x199
x10 <- 0x0019999999999999
mem[X,0x000000008002FE24] -> 0x1513
mem[X,0x000000008002FE26] -> 0x00A5
[7267] [M]: 0x000000008002FE24 (0x00A51513) slli a0, a0, 0xa
x10 <- 0x6666666666666400
mem[X,0x000000008002FE28] -> 0x0513
mem[X,0x000000008002FE2A] -> 0x2655
[7268] [M]: 0x000000008002FE28 (0x26550513) addi a0, a0, 0x265
x10 <- 0x6666666666666665
mem[X,0x000000008002FE2C] -> 0x0593
mem[X,0x000000008002FE2E] -> 0x0000
[7269] [M]: 0x000000008002FE2C (0x00000593) addi a1, zero, 0x0
x11 <- 0x0000000000000000
mem[X,0x000000008002FE30] -> 0x0113
mem[X,0x000000008002FE32] -> 0x0000
[7270] [M]: 0x000000008002FE30 (0x00000113) addi sp, zero, 0x0
x2 <- 0x0000000000000000
mem[X,0x000000008002FE34] -> 0x006F
mem[X,0x000000008002FE36] -> 0x00C0
[7271] [M]: 0x000000008002FE34 (0x00C0006F) jal zero, 0xc
mem[X,0x000000008002FE40] -> 0x1063
mem[X,0x000000008002FE42] -> 0x08B5
[7272] [M]: 0x000000008002FE40 (0x08B51063) bne a0, a1, 0x80
mem[X,0x000000008002FEC0] -> 0x0113
mem[X,0x000000008002FEC2] -> 0x0031
[7273] [M]: 0x000000008002FEC0 (0x00310113) addi sp, sp, 0x3
x2 <- 0x0000000000000003
mem[X,0x000000008002FEC4] -> 0x006F
mem[X,0x000000008002FEC6] -> 0x0040
[7274] [M]: 0x000000008002FEC4 (0x0040006F) jal zero, 0x4
mem[X,0x000000008002FEC8] -> 0xB823
mem[X,0x000000008002FECA] -> 0x6020
[7275] [M]: 0x000000008002FEC8 (0x6020B823) sd sp, 0x610(ra)
mem[0x0000000080045FE8] <- 0x0000000000000003
mem[X,0x000000008002FECC] -> 0x6537
mem[X,0x000000008002FECE] -> 0x6666
[7276] [M]: 0x000000008002FECC (0x66666537) lui a0, 0x66666
x10 <- 0x0000000066666000
mem[X,0x000000008002FED0] -> 0x0513
mem[X,0x000000008002FED2] -> 0x6665
[7277] [M]: 0x000000008002FED0 (0x66650513) addi a0, a0, 0x666
x10 <- 0x0000000066666666
mem[X,0x000000008002FED4] -> 0x1513
mem[X,0x000000008002FED6] -> 0x00B5
[7278] [M]: 0x000000008002FED4 (0x00B51513) slli a0, a0, 0xb
x10 <- 0x0000033333333000
mem[X,0x000000008002FED8] -> 0x0513
mem[X,0x000000008002FEDA] -> 0x3335
[7279] [M]: 0x000000008002FED8 (0x33350513) addi a0, a0, 0x333
x10 <- 0x0000033333333333
mem[X,0x000000008002FEDC] -> 0x1513
mem[X,0x000000008002FEDE] -> 0x00B5
[7280] [M]: 0x000000008002FEDC (0x00B51513) slli a0, a0, 0xb
x10 <- 0x0019999999999800
mem[X,0x000000008002FEE0] -> 0x0513
mem[X,0x000000008002FEE2] -> 0x1995
[7281] [M]: 0x000000008002FEE0 (0x19950513) addi a0, a0, 0x199
x10 <- 0x0019999999999999
mem[X,0x000000008002FEE4] -> 0x1513
mem[X,0x000000008002FEE6] -> 0x00A5
[7282] [M]: 0x000000008002FEE4 (0x00A51513) slli a0, a0, 0xa
x10 <- 0x6666666666666400
mem[X,0x000000008002FEE8] -> 0x0513
mem[X,0x000000008002FEEA] -> 0x2655
[7283] [M]: 0x000000008002FEE8 (0x26550513) addi a0, a0, 0x265
x10 <- 0x6666666666666665
mem[X,0x000000008002FEEC] -> 0x0593
mem[X,0x000000008002FEEE] -> 0x0040
[7284] [M]: 0x000000008002FEEC (0x00400593) addi a1, zero, 0x4
x11 <- 0x0000000000000004
mem[X,0x000000008002FEF0] -> 0x0113
mem[X,0x000000008002FEF2] -> 0x0000
[7285] [M]: 0x000000008002FEF0 (0x00000113) addi sp, zero, 0x0
x2 <- 0x0000000000000000
mem[X,0x000000008002FEF4] -> 0x006F
mem[X,0x000000008002FEF6] -> 0x0140
[7286] [M]: 0x000000008002FEF4 (0x0140006F) jal zero, 0x14
mem[X,0x000000008002FF08] -> 0x18E3
mem[X,0x000000008002FF0A] -> 0xFEB5
[7287] [M]: 0x000000008002FF08 (0xFEB518E3) bne a0, a1, -0x10
mem[X,0x000000008002FEF8] -> 0x0113
mem[X,0x000000008002FEFA] -> 0x0011
[7288] [M]: 0x000000008002FEF8 (0x00110113) addi sp, sp, 0x1
x2 <- 0x0000000000000001
mem[X,0x000000008002FEFC] -> 0x006F
mem[X,0x000000008002FEFE] -> 0x0200
[7289] [M]: 0x000000008002FEFC (0x0200006F) jal zero, 0x20
mem[X,0x000000008002FF1C] -> 0xBC23
mem[X,0x000000008002FF1E] -> 0x6020
[7290] [M]: 0x000000008002FF1C (0x6020BC23) sd sp, 0x618(ra)
mem[0x0000000080045FF0] <- 0x0000000000000001
mem[X,0x000000008002FF20] -> 0x6537
mem[X,0x000000008002FF22] -> 0x6666
[7291] [M]: 0x000000008002FF20 (0x66666537) lui a0, 0x66666
x10 <- 0x0000000066666000
mem[X,0x000000008002FF24] -> 0x0513
mem[X,0x000000008002FF26] -> 0x6665
[7292] [M]: 0x000000008002FF24 (0x66650513) addi a0, a0, 0x666
x10 <- 0x0000000066666666
mem[X,0x000000008002FF28] -> 0x1513
mem[X,0x000000008002FF2A] -> 0x00B5
[7293] [M]: 0x000000008002FF28 (0x00B51513) slli a0, a0, 0xb
x10 <- 0x0000033333333000
mem[X,0x000000008002FF2C] -> 0x0513
mem[X,0x000000008002FF2E] -> 0x3335
[7294] [M]: 0x000000008002FF2C (0x33350513) addi a0, a0, 0x333
x10 <- 0x0000033333333333
mem[X,0x000000008002FF30] -> 0x1513
mem[X,0x000000008002FF32] -> 0x00B5
[7295] [M]: 0x000000008002FF30 (0x00B51513) slli a0, a0, 0xb
x10 <- 0x0019999999999800
mem[X,0x000000008002FF34] -> 0x0513
mem[X,0x000000008002FF36] -> 0x1995
[7296] [M]: 0x000000008002FF34 (0x19950513) addi a0, a0, 0x199
x10 <- 0x0019999999999999
mem[X,0x000000008002FF38] -> 0x1513
mem[X,0x000000008002FF3A] -> 0x00A5
[7297] [M]: 0x000000008002FF38 (0x00A51513) slli a0, a0, 0xa
x10 <- 0x6666666666666400
mem[X,0x000000008002FF3C] -> 0x0513
mem[X,0x000000008002FF3E] -> 0x2655
[7298] [M]: 0x000000008002FF3C (0x26550513) addi a0, a0, 0x265
x10 <- 0x6666666666666665
mem[X,0x000000008002FF40] -> 0x35B7
mem[X,0x000000008002FF42] -> 0x3333
[7299] [M]: 0x000000008002FF40 (0x333335B7) lui a1, 0x33333
x11 <- 0x0000000033333000
clint::tick mtime <- 0x0000000000000049
 clint timer pending at mtime 0x0000000000000049
htif::tick 0x0000000000000000
mem[X,0x000000008002FF44] -> 0x8593
mem[X,0x000000008002FF46] -> 0x3335
[7300] [M]: 0x000000008002FF44 (0x33358593) addi a1, a1, 0x333
x11 <- 0x0000000033333333
mem[X,0x000000008002FF48] -> 0x9593
mem[X,0x000000008002FF4A] -> 0x00B5
[7301] [M]: 0x000000008002FF48 (0x00B59593) slli a1, a1, 0xb
x11 <- 0x0000019999999800
mem[X,0x000000008002FF4C] -> 0x8593
mem[X,0x000000008002FF4E] -> 0x1995
[7302] [M]: 0x000000008002FF4C (0x19958593) addi a1, a1, 0x199
x11 <- 0x0000019999999999
mem[X,0x000000008002FF50] -> 0x9593
mem[X,0x000000008002FF52] -> 0x00B5
[7303] [M]: 0x000000008002FF50 (0x00B59593) slli a1, a1, 0xb
x11 <- 0x000CCCCCCCCCC800
mem[X,0x000000008002FF54] -> 0x8593
mem[X,0x000000008002FF56] -> 0x4CC5
[7304] [M]: 0x000000008002FF54 (0x4CC58593) addi a1, a1, 0x4cc
x11 <- 0x000CCCCCCCCCCCCC
mem[X,0x000000008002FF58] -> 0x9593
mem[X,0x000000008002FF5A] -> 0x00A5
[7305] [M]: 0x000000008002FF58 (0x00A59593) slli a1, a1, 0xa
x11 <- 0x3333333333333000
mem[X,0x000000008002FF5C] -> 0x8593
mem[X,0x000000008002FF5E] -> 0x3325
[7306] [M]: 0x000000008002FF5C (0x33258593) addi a1, a1, 0x332
x11 <- 0x3333333333333332
mem[X,0x000000008002FF60] -> 0x0113
mem[X,0x000000008002FF62] -> 0x0000
[7307] [M]: 0x000000008002FF60 (0x00000113) addi sp, zero, 0x0
x2 <- 0x0000000000000000
mem[X,0x000000008002FF64] -> 0x006F
mem[X,0x000000008002FF66] -> 0x00C0
[7308] [M]: 0x000000008002FF64 (0x00C0006F) jal zero, 0xc
mem[X,0x000000008002FF70] -> 0x1663
mem[X,0x000000008002FF72] -> 0x00B5
[7309] [M]: 0x000000008002FF70 (0x00B51663) bne a0, a1, 0xc
mem[X,0x000000008002FF7C] -> 0x0113
mem[X,0x000000008002FF7E] -> 0x0031
[7310] [M]: 0x000000008002FF7C (0x00310113) addi sp, sp, 0x3
x2 <- 0x0000000000000003
mem[X,0x000000008002FF80] -> 0x006F
mem[X,0x000000008002FF82] -> 0x0040
[7311] [M]: 0x000000008002FF80 (0x0040006F) jal zero, 0x4
mem[X,0x000000008002FF84] -> 0xB023
mem[X,0x000000008002FF86] -> 0x6220
[7312] [M]: 0x000000008002FF84 (0x6220B023) sd sp, 0x620(ra)
mem[0x0000000080045FF8] <- 0x0000000000000003
mem[X,0x000000008002FF88] -> 0x6537
mem[X,0x000000008002FF8A] -> 0x6666
[7313] [M]: 0x000000008002FF88 (0x66666537) lui a0, 0x66666
x10 <- 0x0000000066666000
mem[X,0x000000008002FF8C] -> 0x0513
mem[X,0x000000008002FF8E] -> 0x6665
[7314] [M]: 0x000000008002FF8C (0x66650513) addi a0, a0, 0x666
x10 <- 0x0000000066666666
mem[X,0x000000008002FF90] -> 0x1513
mem[X,0x000000008002FF92] -> 0x00B5
[7315] [M]: 0x000000008002FF90 (0x00B51513) slli a0, a0, 0xb
x10 <- 0x0000033333333000
mem[X,0x000000008002FF94] -> 0x0513
mem[X,0x000000008002FF96] -> 0x3335
[7316] [M]: 0x000000008002FF94 (0x33350513) addi a0, a0, 0x333
x10 <- 0x0000033333333333
mem[X,0x000000008002FF98] -> 0x1513
mem[X,0x000000008002FF9A] -> 0x00B5
[7317] [M]: 0x000000008002FF98 (0x00B51513) slli a0, a0, 0xb
x10 <- 0x0019999999999800
mem[X,0x000000008002FF9C] -> 0x0513
mem[X,0x000000008002FF9E] -> 0x1995
[7318] [M]: 0x000000008002FF9C (0x19950513) addi a0, a0, 0x199
x10 <- 0x0019999999999999
mem[X,0x000000008002FFA0] -> 0x1513
mem[X,0x000000008002FFA2] -> 0x00A5
[7319] [M]: 0x000000008002FFA0 (0x00A51513) slli a0, a0, 0xa
x10 <- 0x6666666666666400
mem[X,0x000000008002FFA4] -> 0x0513
mem[X,0x000000008002FFA6] -> 0x2655
[7320] [M]: 0x000000008002FFA4 (0x26550513) addi a0, a0, 0x265
x10 <- 0x6666666666666665
mem[X,0x000000008002FFA8] -> 0x65B7
mem[X,0x000000008002FFAA] -> 0x6666
[7321] [M]: 0x000000008002FFA8 (0x666665B7) lui a1, 0x66666
x11 <- 0x0000000066666000
mem[X,0x000000008002FFAC] -> 0x8593
mem[X,0x000000008002FFAE] -> 0x6665
[7322] [M]: 0x000000008002FFAC (0x66658593) addi a1, a1, 0x666
x11 <- 0x0000000066666666
mem[X,0x000000008002FFB0] -> 0x9593
mem[X,0x000000008002FFB2] -> 0x00B5
[7323] [M]: 0x000000008002FFB0 (0x00B59593) slli a1, a1, 0xb
x11 <- 0x0000033333333000
mem[X,0x000000008002FFB4] -> 0x8593
mem[X,0x000000008002FFB6] -> 0x3335
[7324] [M]: 0x000000008002FFB4 (0x33358593) addi a1, a1, 0x333
x11 <- 0x0000033333333333
mem[X,0x000000008002FFB8] -> 0x9593
mem[X,0x000000008002FFBA] -> 0x00B5
[7325] [M]: 0x000000008002FFB8 (0x00B59593) slli a1, a1, 0xb
x11 <- 0x0019999999999800
mem[X,0x000000008002FFBC] -> 0x8593
mem[X,0x000000008002FFBE] -> 0x1995
[7326] [M]: 0x000000008002FFBC (0x19958593) addi a1, a1, 0x199
x11 <- 0x0019999999999999
mem[X,0x000000008002FFC0] -> 0x9593
mem[X,0x000000008002FFC2] -> 0x00A5
[7327] [M]: 0x000000008002FFC0 (0x00A59593) slli a1, a1, 0xa
x11 <- 0x6666666666666400
mem[X,0x000000008002FFC4] -> 0x8593
mem[X,0x000000008002FFC6] -> 0x2655
[7328] [M]: 0x000000008002FFC4 (0x26558593) addi a1, a1, 0x265
x11 <- 0x6666666666666665
mem[X,0x000000008002FFC8] -> 0x0113
mem[X,0x000000008002FFCA] -> 0x0000
[7329] [M]: 0x000000008002FFC8 (0x00000113) addi sp, zero, 0x0
x2 <- 0x0000000000000000
mem[X,0x000000008002FFCC] -> 0x006F
mem[X,0x000000008002FFCE] -> 0x00C0
[7330] [M]: 0x000000008002FFCC (0x00C0006F) jal zero, 0xc
mem[X,0x000000008002FFD8] -> 0x1CE3
mem[X,0x000000008002FFDA] -> 0xFEB5
[7331] [M]: 0x000000008002FFD8 (0xFEB51CE3) bne a0, a1, -0x8
mem[X,0x000000008002FFDC] -> 0x0113
mem[X,0x000000008002FFDE] -> 0x0021
[7332] [M]: 0x000000008002FFDC (0x00210113) addi sp, sp, 0x2
x2 <- 0x0000000000000002
mem[X,0x000000008002FFE0] -> 0x006F
mem[X,0x000000008002FFE2] -> 0x00C0
[7333] [M]: 0x000000008002FFE0 (0x00C0006F) jal zero, 0xc
mem[X,0x000000008002FFEC] -> 0xB423
mem[X,0x000000008002FFEE] -> 0x6220
[7334] [M]: 0x000000008002FFEC (0x6220B423) sd sp, 0x628(ra)
mem[0x0000000080046000] <- 0x0000000000000002
mem[X,0x000000008002FFF0] -> 0x6537
mem[X,0x000000008002FFF2] -> 0x6666
[7335] [M]: 0x000000008002FFF0 (0x66666537) lui a0, 0x66666
x10 <- 0x0000000066666000
mem[X,0x000000008002FFF4] -> 0x0513
mem[X,0x000000008002FFF6] -> 0x6665
[7336] [M]: 0x000000008002FFF4 (0x66650513) addi a0, a0, 0x666
x10 <- 0x0000000066666666
mem[X,0x000000008002FFF8] -> 0x1513
mem[X,0x000000008002FFFA] -> 0x00B5
[7337] [M]: 0x000000008002FFF8 (0x00B51513) slli a0, a0, 0xb
x10 <- 0x0000033333333000
mem[X,0x000000008002FFFC] -> 0x0513
mem[X,0x000000008002FFFE] -> 0x3335
[7338] [M]: 0x000000008002FFFC (0x33350513) addi a0, a0, 0x333
x10 <- 0x0000033333333333
mem[X,0x0000000080030000] -> 0x1513
mem[X,0x0000000080030002] -> 0x00B5
[7339] [M]: 0x0000000080030000 (0x00B51513) slli a0, a0, 0xb
x10 <- 0x0019999999999800
mem[X,0x0000000080030004] -> 0x0513
mem[X,0x0000000080030006] -> 0x1995
[7340] [M]: 0x0000000080030004 (0x19950513) addi a0, a0, 0x199
x10 <- 0x0019999999999999
mem[X,0x0000000080030008] -> 0x1513
mem[X,0x000000008003000A] -> 0x00A5
[7341] [M]: 0x0000000080030008 (0x00A51513) slli a0, a0, 0xa
x10 <- 0x6666666666666400
mem[X,0x000000008003000C] -> 0x0513
mem[X,0x000000008003000E] -> 0x2655
[7342] [M]: 0x000000008003000C (0x26550513) addi a0, a0, 0x265
x10 <- 0x6666666666666665
mem[X,0x0000000080030010] -> 0x05B7
mem[X,0x0000000080030012] -> 0x0000
[7343] [M]: 0x0000000080030010 (0x000005B7) lui a1, 0x0
x11 <- 0x0000000000000000
mem[X,0x0000000080030014] -> 0x8593
mem[X,0x0000000080030016] -> 0x0005
[7344] [M]: 0x0000000080030014 (0x00058593) addi a1, a1, 0x0
x11 <- 0x0000000000000000
mem[X,0x0000000080030018] -> 0x9593
mem[X,0x000000008003001A] -> 0x00B5
[7345] [M]: 0x0000000080030018 (0x00B59593) slli a1, a1, 0xb
x11 <- 0x0000000000000000
mem[X,0x000000008003001C] -> 0x8593
mem[X,0x000000008003001E] -> 0x5A85
[7346] [M]: 0x000000008003001C (0x5A858593) addi a1, a1, 0x5a8
x11 <- 0x00000000000005A8
mem[X,0x0000000080030020] -> 0x9593
mem[X,0x0000000080030022] -> 0x00B5
[7347] [M]: 0x0000000080030020 (0x00B59593) slli a1, a1, 0xb
x11 <- 0x00000000002D4000
mem[X,0x0000000080030024] -> 0x8593
mem[X,0x0000000080030026] -> 0x13C5
[7348] [M]: 0x0000000080030024 (0x13C58593) addi a1, a1, 0x13c
x11 <- 0x00000000002D413C
mem[X,0x0000000080030028] -> 0x9593
mem[X,0x000000008003002A] -> 0x00A5
[7349] [M]: 0x0000000080030028 (0x00A59593) slli a1, a1, 0xa
x11 <- 0x00000000B504F000
mem[X,0x000000008003002C] -> 0x8593
mem[X,0x000000008003002E] -> 0x3325
[7350] [M]: 0x000000008003002C (0x33258593) addi a1, a1, 0x332
x11 <- 0x00000000B504F332
mem[X,0x0000000080030030] -> 0x0113
mem[X,0x0000000080030032] -> 0x0000
[7351] [M]: 0x0000000080030030 (0x00000113) addi sp, zero, 0x0
x2 <- 0x0000000000000000
mem[X,0x0000000080030034] -> 0x006F
mem[X,0x0000000080030036] -> 0x00C0
[7352] [M]: 0x0000000080030034 (0x00C0006F) jal zero, 0xc
mem[X,0x0000000080030040] -> 0x1CE3
mem[X,0x0000000080030042] -> 0xFEB5
[7353] [M]: 0x0000000080030040 (0xFEB51CE3) bne a0, a1, -0x8
mem[X,0x0000000080030038] -> 0x0113
mem[X,0x000000008003003A] -> 0x0011
[7354] [M]: 0x0000000080030038 (0x00110113) addi sp, sp, 0x1
x2 <- 0x0000000000000001
mem[X,0x000000008003003C] -> 0x006F
mem[X,0x000000008003003E] -> 0x0180
[7355] [M]: 0x000000008003003C (0x0180006F) jal zero, 0x18
mem[X,0x0000000080030054] -> 0xB823
mem[X,0x0000000080030056] -> 0x6220
[7356] [M]: 0x0000000080030054 (0x6220B823) sd sp, 0x630(ra)
mem[0x0000000080046008] <- 0x0000000000000001
mem[X,0x0000000080030058] -> 0x6537
mem[X,0x000000008003005A] -> 0x6666
[7357] [M]: 0x0000000080030058 (0x66666537) lui a0, 0x66666
x10 <- 0x0000000066666000
mem[X,0x000000008003005C] -> 0x0513
mem[X,0x000000008003005E] -> 0x6665
[7358] [M]: 0x000000008003005C (0x66650513) addi a0, a0, 0x666
x10 <- 0x0000000066666666
mem[X,0x0000000080030060] -> 0x1513
mem[X,0x0000000080030062] -> 0x00B5
[7359] [M]: 0x0000000080030060 (0x00B51513) slli a0, a0, 0xb
x10 <- 0x0000033333333000
mem[X,0x0000000080030064] -> 0x0513
mem[X,0x0000000080030066] -> 0x3335
[7360] [M]: 0x0000000080030064 (0x33350513) addi a0, a0, 0x333
x10 <- 0x0000033333333333
mem[X,0x0000000080030068] -> 0x1513
mem[X,0x000000008003006A] -> 0x00B5
[7361] [M]: 0x0000000080030068 (0x00B51513) slli a0, a0, 0xb
x10 <- 0x0019999999999800
mem[X,0x000000008003006C] -> 0x0513
mem[X,0x000000008003006E] -> 0x1995
[7362] [M]: 0x000000008003006C (0x19950513) addi a0, a0, 0x199
x10 <- 0x0019999999999999
mem[X,0x0000000080030070] -> 0x1513
mem[X,0x0000000080030072] -> 0x00A5
[7363] [M]: 0x0000000080030070 (0x00A51513) slli a0, a0, 0xa
x10 <- 0x6666666666666400
mem[X,0x0000000080030074] -> 0x0513
mem[X,0x0000000080030076] -> 0x2655
[7364] [M]: 0x0000000080030074 (0x26550513) addi a0, a0, 0x265
x10 <- 0x6666666666666665
mem[X,0x0000000080030078] -> 0x55B7
mem[X,0x000000008003007A] -> 0x5555
[7365] [M]: 0x0000000080030078 (0x555555B7) lui a1, 0x55555
x11 <- 0x0000000055555000
mem[X,0x000000008003007C] -> 0x8593
mem[X,0x000000008003007E] -> 0x5555
[7366] [M]: 0x000000008003007C (0x55558593) addi a1, a1, 0x555
x11 <- 0x0000000055555555
mem[X,0x0000000080030080] -> 0x9593
mem[X,0x0000000080030082] -> 0x00B5
[7367] [M]: 0x0000000080030080 (0x00B59593) slli a1, a1, 0xb
x11 <- 0x000002AAAAAAA800
mem[X,0x0000000080030084] -> 0x8593
mem[X,0x0000000080030086] -> 0x2AA5
[7368] [M]: 0x0000000080030084 (0x2AA58593) addi a1, a1, 0x2aa
x11 <- 0x000002AAAAAAAAAA
mem[X,0x0000000080030088] -> 0x9593
mem[X,0x000000008003008A] -> 0x00B5
[7369] [M]: 0x0000000080030088 (0x00B59593) slli a1, a1, 0xb
x11 <- 0x0015555555555000
mem[X,0x000000008003008C] -> 0x8593
mem[X,0x000000008003008E] -> 0x5555
[7370] [M]: 0x000000008003008C (0x55558593) addi a1, a1, 0x555
x11 <- 0x0015555555555555
mem[X,0x0000000080030090] -> 0x9593
mem[X,0x0000000080030092] -> 0x00A5
[7371] [M]: 0x0000000080030090 (0x00A59593) slli a1, a1, 0xa
x11 <- 0x5555555555555400
mem[X,0x0000000080030094] -> 0x8593
mem[X,0x0000000080030096] -> 0x1565
[7372] [M]: 0x0000000080030094 (0x15658593) addi a1, a1, 0x156
x11 <- 0x5555555555555556
mem[X,0x0000000080030098] -> 0x0113
mem[X,0x000000008003009A] -> 0x0000
[7373] [M]: 0x0000000080030098 (0x00000113) addi sp, zero, 0x0
x2 <- 0x0000000000000000
mem[X,0x000000008003009C] -> 0x006F
mem[X,0x000000008003009E] -> 0x00C0
[7374] [M]: 0x000000008003009C (0x00C0006F) jal zero, 0xc
mem[X,0x00000000800300A8] -> 0x1663
mem[X,0x00000000800300AA] -> 0x00B5
[7375] [M]: 0x00000000800300A8 (0x00B51663) bne a0, a1, 0xc
mem[X,0x00000000800300B4] -> 0x0113
mem[X,0x00000000800300B6] -> 0x0031
[7376] [M]: 0x00000000800300B4 (0x00310113) addi sp, sp, 0x3
x2 <- 0x0000000000000003
mem[X,0x00000000800300B8] -> 0x006F
mem[X,0x00000000800300BA] -> 0x0040
[7377] [M]: 0x00000000800300B8 (0x0040006F) jal zero, 0x4
mem[X,0x00000000800300BC] -> 0xBC23
mem[X,0x00000000800300BE] -> 0x6220
[7378] [M]: 0x00000000800300BC (0x6220BC23) sd sp, 0x638(ra)
mem[0x0000000080046010] <- 0x0000000000000003
mem[X,0x00000000800300C0] -> 0x6537
mem[X,0x00000000800300C2] -> 0x6666
[7379] [M]: 0x00000000800300C0 (0x66666537) lui a0, 0x66666
x10 <- 0x0000000066666000
mem[X,0x00000000800300C4] -> 0x0513
mem[X,0x00000000800300C6] -> 0x6665
[7380] [M]: 0x00000000800300C4 (0x66650513) addi a0, a0, 0x666
x10 <- 0x0000000066666666
mem[X,0x00000000800300C8] -> 0x1513
mem[X,0x00000000800300CA] -> 0x00B5
[7381] [M]: 0x00000000800300C8 (0x00B51513) slli a0, a0, 0xb
x10 <- 0x0000033333333000
mem[X,0x00000000800300CC] -> 0x0513
mem[X,0x00000000800300CE] -> 0x3335
[7382] [M]: 0x00000000800300CC (0x33350513) addi a0, a0, 0x333
x10 <- 0x0000033333333333
mem[X,0x00000000800300D0] -> 0x1513
mem[X,0x00000000800300D2] -> 0x00B5
[7383] [M]: 0x00000000800300D0 (0x00B51513) slli a0, a0, 0xb
x10 <- 0x0019999999999800
mem[X,0x00000000800300D4] -> 0x0513
mem[X,0x00000000800300D6] -> 0x1995
[7384] [M]: 0x00000000800300D4 (0x19950513) addi a0, a0, 0x199
x10 <- 0x0019999999999999
mem[X,0x00000000800300D8] -> 0x1513
mem[X,0x00000000800300DA] -> 0x00A5
[7385] [M]: 0x00000000800300D8 (0x00A51513) slli a0, a0, 0xa
x10 <- 0x6666666666666400
mem[X,0x00000000800300DC] -> 0x0513
mem[X,0x00000000800300DE] -> 0x2655
[7386] [M]: 0x00000000800300DC (0x26550513) addi a0, a0, 0x265
x10 <- 0x6666666666666665
mem[X,0x00000000800300E0] -> 0xB5B7
mem[X,0x00000000800300E2] -> 0xAAAA
[7387] [M]: 0x00000000800300E0 (0xAAAAB5B7) lui a1, -0x55555
x11 <- 0xFFFFFFFFAAAAB000
mem[X,0x00000000800300E4] -> 0x8593
mem[X,0x00000000800300E6] -> 0xAAA5
[7388] [M]: 0x00000000800300E4 (0xAAA58593) addi a1, a1, -0x556
x11 <- 0xFFFFFFFFAAAAAAAA
mem[X,0x00000000800300E8] -> 0x9593
mem[X,0x00000000800300EA] -> 0x00B5
[7389] [M]: 0x00000000800300E8 (0x00B59593) slli a1, a1, 0xb
x11 <- 0xFFFFFD5555555000
mem[X,0x00000000800300EC] -> 0x8593
mem[X,0x00000000800300EE] -> 0x5555
[7390] [M]: 0x00000000800300EC (0x55558593) addi a1, a1, 0x555
x11 <- 0xFFFFFD5555555555
mem[X,0x00000000800300F0] -> 0x9593
mem[X,0x00000000800300F2] -> 0x00B5
[7391] [M]: 0x00000000800300F0 (0x00B59593) slli a1, a1, 0xb
x11 <- 0xFFEAAAAAAAAAA800
mem[X,0x00000000800300F4] -> 0x8593
mem[X,0x00000000800300F6] -> 0x2AA5
[7392] [M]: 0x00000000800300F4 (0x2AA58593) addi a1, a1, 0x2aa
x11 <- 0xFFEAAAAAAAAAAAAA
mem[X,0x00000000800300F8] -> 0x9593
mem[X,0x00000000800300FA] -> 0x00A5
[7393] [M]: 0x00000000800300F8 (0x00A59593) slli a1, a1, 0xa
x11 <- 0xAAAAAAAAAAAAA800
mem[X,0x00000000800300FC] -> 0x8593
mem[X,0x00000000800300FE] -> 0x2AB5
[7394] [M]: 0x00000000800300FC (0x2AB58593) addi a1, a1, 0x2ab
x11 <- 0xAAAAAAAAAAAAAAAB
mem[X,0x0000000080030100] -> 0x0113
mem[X,0x0000000080030102] -> 0x0000
[7395] [M]: 0x0000000080030100 (0x00000113) addi sp, zero, 0x0
x2 <- 0x0000000000000000
mem[X,0x0000000080030104] -> 0x006F
mem[X,0x0000000080030106] -> 0x00C0
[7396] [M]: 0x0000000080030104 (0x00C0006F) jal zero, 0xc
mem[X,0x0000000080030110] -> 0x1663
mem[X,0x0000000080030112] -> 0x00B5
[7397] [M]: 0x0000000080030110 (0x00B51663) bne a0, a1, 0xc
mem[X,0x000000008003011C] -> 0x0113
mem[X,0x000000008003011E] -> 0x0031
[7398] [M]: 0x000000008003011C (0x00310113) addi sp, sp, 0x3
x2 <- 0x0000000000000003
mem[X,0x0000000080030120] -> 0x006F
mem[X,0x0000000080030122] -> 0x0040
[7399] [M]: 0x0000000080030120 (0x0040006F) jal zero, 0x4
clint::tick mtime <- 0x000000000000004A
 clint timer pending at mtime 0x000000000000004A
htif::tick 0x0000000000000000
mem[X,0x0000000080030124] -> 0xB023
mem[X,0x0000000080030126] -> 0x6420
[7400] [M]: 0x0000000080030124 (0x6420B023) sd sp, 0x640(ra)
mem[0x0000000080046018] <- 0x0000000000000003
mem[X,0x0000000080030128] -> 0x6537
mem[X,0x000000008003012A] -> 0x6666
[7401] [M]: 0x0000000080030128 (0x66666537) lui a0, 0x66666
x10 <- 0x0000000066666000
mem[X,0x000000008003012C] -> 0x0513
mem[X,0x000000008003012E] -> 0x6665
[7402] [M]: 0x000000008003012C (0x66650513) addi a0, a0, 0x666
x10 <- 0x0000000066666666
mem[X,0x0000000080030130] -> 0x1513
mem[X,0x0000000080030132] -> 0x00B5
[7403] [M]: 0x0000000080030130 (0x00B51513) slli a0, a0, 0xb
x10 <- 0x0000033333333000
mem[X,0x0000000080030134] -> 0x0513
mem[X,0x0000000080030136] -> 0x3335
[7404] [M]: 0x0000000080030134 (0x33350513) addi a0, a0, 0x333
x10 <- 0x0000033333333333
mem[X,0x0000000080030138] -> 0x1513
mem[X,0x000000008003013A] -> 0x00B5
[7405] [M]: 0x0000000080030138 (0x00B51513) slli a0, a0, 0xb
x10 <- 0x0019999999999800
mem[X,0x000000008003013C] -> 0x0513
mem[X,0x000000008003013E] -> 0x1995
[7406] [M]: 0x000000008003013C (0x19950513) addi a0, a0, 0x199
x10 <- 0x0019999999999999
mem[X,0x0000000080030140] -> 0x1513
mem[X,0x0000000080030142] -> 0x00A5
[7407] [M]: 0x0000000080030140 (0x00A51513) slli a0, a0, 0xa
x10 <- 0x6666666666666400
mem[X,0x0000000080030144] -> 0x0513
mem[X,0x0000000080030146] -> 0x2655
[7408] [M]: 0x0000000080030144 (0x26550513) addi a0, a0, 0x265
x10 <- 0x6666666666666665
mem[X,0x0000000080030148] -> 0x0593
mem[X,0x000000008003014A] -> 0x0060
[7409] [M]: 0x0000000080030148 (0x00600593) addi a1, zero, 0x6
x11 <- 0x0000000000000006
mem[X,0x000000008003014C] -> 0x0113
mem[X,0x000000008003014E] -> 0x0000
[7410] [M]: 0x000000008003014C (0x00000113) addi sp, zero, 0x0
x2 <- 0x0000000000000000
mem[X,0x0000000080030150] -> 0x006F
mem[X,0x0000000080030152] -> 0x00C0
[7411] [M]: 0x0000000080030150 (0x00C0006F) jal zero, 0xc
mem[X,0x000000008003015C] -> 0x1063
mem[X,0x000000008003015E] -> 0x08B5
[7412] [M]: 0x000000008003015C (0x08B51063) bne a0, a1, 0x80
mem[X,0x00000000800301DC] -> 0x0113
mem[X,0x00000000800301DE] -> 0x0031
[7413] [M]: 0x00000000800301DC (0x00310113) addi sp, sp, 0x3
x2 <- 0x0000000000000003
mem[X,0x00000000800301E0] -> 0x006F
mem[X,0x00000000800301E2] -> 0x0040
[7414] [M]: 0x00000000800301E0 (0x0040006F) jal zero, 0x4
mem[X,0x00000000800301E4] -> 0xB423
mem[X,0x00000000800301E6] -> 0x6420
[7415] [M]: 0x00000000800301E4 (0x6420B423) sd sp, 0x648(ra)
mem[0x0000000080046020] <- 0x0000000000000003
mem[X,0x00000000800301E8] -> 0x6537
mem[X,0x00000000800301EA] -> 0x6666
[7416] [M]: 0x00000000800301E8 (0x66666537) lui a0, 0x66666
x10 <- 0x0000000066666000
mem[X,0x00000000800301EC] -> 0x0513
mem[X,0x00000000800301EE] -> 0x6665
[7417] [M]: 0x00000000800301EC (0x66650513) addi a0, a0, 0x666
x10 <- 0x0000000066666666
mem[X,0x00000000800301F0] -> 0x1513
mem[X,0x00000000800301F2] -> 0x00B5
[7418] [M]: 0x00000000800301F0 (0x00B51513) slli a0, a0, 0xb
x10 <- 0x0000033333333000
mem[X,0x00000000800301F4] -> 0x0513
mem[X,0x00000000800301F6] -> 0x3335
[7419] [M]: 0x00000000800301F4 (0x33350513) addi a0, a0, 0x333
x10 <- 0x0000033333333333
mem[X,0x00000000800301F8] -> 0x1513
mem[X,0x00000000800301FA] -> 0x00B5
[7420] [M]: 0x00000000800301F8 (0x00B51513) slli a0, a0, 0xb
x10 <- 0x0019999999999800
mem[X,0x00000000800301FC] -> 0x0513
mem[X,0x00000000800301FE] -> 0x1995
[7421] [M]: 0x00000000800301FC (0x19950513) addi a0, a0, 0x199
x10 <- 0x0019999999999999
mem[X,0x0000000080030200] -> 0x1513
mem[X,0x0000000080030202] -> 0x00A5
[7422] [M]: 0x0000000080030200 (0x00A51513) slli a0, a0, 0xa
x10 <- 0x6666666666666400
mem[X,0x0000000080030204] -> 0x0513
mem[X,0x0000000080030206] -> 0x2655
[7423] [M]: 0x0000000080030204 (0x26550513) addi a0, a0, 0x265
x10 <- 0x6666666666666665
mem[X,0x0000000080030208] -> 0x35B7
mem[X,0x000000008003020A] -> 0x3333
[7424] [M]: 0x0000000080030208 (0x333335B7) lui a1, 0x33333
x11 <- 0x0000000033333000
mem[X,0x000000008003020C] -> 0x8593
mem[X,0x000000008003020E] -> 0x3335
[7425] [M]: 0x000000008003020C (0x33358593) addi a1, a1, 0x333
x11 <- 0x0000000033333333
mem[X,0x0000000080030210] -> 0x9593
mem[X,0x0000000080030212] -> 0x00B5
[7426] [M]: 0x0000000080030210 (0x00B59593) slli a1, a1, 0xb
x11 <- 0x0000019999999800
mem[X,0x0000000080030214] -> 0x8593
mem[X,0x0000000080030216] -> 0x1995
[7427] [M]: 0x0000000080030214 (0x19958593) addi a1, a1, 0x199
x11 <- 0x0000019999999999
mem[X,0x0000000080030218] -> 0x9593
mem[X,0x000000008003021A] -> 0x00B5
[7428] [M]: 0x0000000080030218 (0x00B59593) slli a1, a1, 0xb
x11 <- 0x000CCCCCCCCCC800
mem[X,0x000000008003021C] -> 0x8593
mem[X,0x000000008003021E] -> 0x4CC5
[7429] [M]: 0x000000008003021C (0x4CC58593) addi a1, a1, 0x4cc
x11 <- 0x000CCCCCCCCCCCCC
mem[X,0x0000000080030220] -> 0x9593
mem[X,0x0000000080030222] -> 0x00A5
[7430] [M]: 0x0000000080030220 (0x00A59593) slli a1, a1, 0xa
x11 <- 0x3333333333333000
mem[X,0x0000000080030224] -> 0x8593
mem[X,0x0000000080030226] -> 0x3345
[7431] [M]: 0x0000000080030224 (0x33458593) addi a1, a1, 0x334
x11 <- 0x3333333333333334
mem[X,0x0000000080030228] -> 0x0113
mem[X,0x000000008003022A] -> 0x0000
[7432] [M]: 0x0000000080030228 (0x00000113) addi sp, zero, 0x0
x2 <- 0x0000000000000000
mem[X,0x000000008003022C] -> 0x006F
mem[X,0x000000008003022E] -> 0x0140
[7433] [M]: 0x000000008003022C (0x0140006F) jal zero, 0x14
mem[X,0x0000000080030240] -> 0x18E3
mem[X,0x0000000080030242] -> 0xFEB5
[7434] [M]: 0x0000000080030240 (0xFEB518E3) bne a0, a1, -0x10
mem[X,0x0000000080030230] -> 0x0113
mem[X,0x0000000080030232] -> 0x0011
[7435] [M]: 0x0000000080030230 (0x00110113) addi sp, sp, 0x1
x2 <- 0x0000000000000001
mem[X,0x0000000080030234] -> 0x006F
mem[X,0x0000000080030236] -> 0x0200
[7436] [M]: 0x0000000080030234 (0x0200006F) jal zero, 0x20
mem[X,0x0000000080030254] -> 0xB823
mem[X,0x0000000080030256] -> 0x6420
[7437] [M]: 0x0000000080030254 (0x6420B823) sd sp, 0x650(ra)
mem[0x0000000080046028] <- 0x0000000000000001
mem[X,0x0000000080030258] -> 0x6537
mem[X,0x000000008003025A] -> 0x6666
[7438] [M]: 0x0000000080030258 (0x66666537) lui a0, 0x66666
x10 <- 0x0000000066666000
mem[X,0x000000008003025C] -> 0x0513
mem[X,0x000000008003025E] -> 0x6665
[7439] [M]: 0x000000008003025C (0x66650513) addi a0, a0, 0x666
x10 <- 0x0000000066666666
mem[X,0x0000000080030260] -> 0x1513
mem[X,0x0000000080030262] -> 0x00B5
[7440] [M]: 0x0000000080030260 (0x00B51513) slli a0, a0, 0xb
x10 <- 0x0000033333333000
mem[X,0x0000000080030264] -> 0x0513
mem[X,0x0000000080030266] -> 0x3335
[7441] [M]: 0x0000000080030264 (0x33350513) addi a0, a0, 0x333
x10 <- 0x0000033333333333
mem[X,0x0000000080030268] -> 0x1513
mem[X,0x000000008003026A] -> 0x00B5
[7442] [M]: 0x0000000080030268 (0x00B51513) slli a0, a0, 0xb
x10 <- 0x0019999999999800
mem[X,0x000000008003026C] -> 0x0513
mem[X,0x000000008003026E] -> 0x1995
[7443] [M]: 0x000000008003026C (0x19950513) addi a0, a0, 0x199
x10 <- 0x0019999999999999
mem[X,0x0000000080030270] -> 0x1513
mem[X,0x0000000080030272] -> 0x00A5
[7444] [M]: 0x0000000080030270 (0x00A51513) slli a0, a0, 0xa
x10 <- 0x6666666666666400
mem[X,0x0000000080030274] -> 0x0513
mem[X,0x0000000080030276] -> 0x2655
[7445] [M]: 0x0000000080030274 (0x26550513) addi a0, a0, 0x265
x10 <- 0x6666666666666665
mem[X,0x0000000080030278] -> 0x65B7
mem[X,0x000000008003027A] -> 0x6666
[7446] [M]: 0x0000000080030278 (0x666665B7) lui a1, 0x66666
x11 <- 0x0000000066666000
mem[X,0x000000008003027C] -> 0x8593
mem[X,0x000000008003027E] -> 0x6665
[7447] [M]: 0x000000008003027C (0x66658593) addi a1, a1, 0x666
x11 <- 0x0000000066666666
mem[X,0x0000000080030280] -> 0x9593
mem[X,0x0000000080030282] -> 0x00B5
[7448] [M]: 0x0000000080030280 (0x00B59593) slli a1, a1, 0xb
x11 <- 0x0000033333333000
mem[X,0x0000000080030284] -> 0x8593
mem[X,0x0000000080030286] -> 0x3335
[7449] [M]: 0x0000000080030284 (0x33358593) addi a1, a1, 0x333
x11 <- 0x0000033333333333
mem[X,0x0000000080030288] -> 0x9593
mem[X,0x000000008003028A] -> 0x00B5
[7450] [M]: 0x0000000080030288 (0x00B59593) slli a1, a1, 0xb
x11 <- 0x0019999999999800
mem[X,0x000000008003028C] -> 0x8593
mem[X,0x000000008003028E] -> 0x1995
[7451] [M]: 0x000000008003028C (0x19958593) addi a1, a1, 0x199
x11 <- 0x0019999999999999
mem[X,0x0000000080030290] -> 0x9593
mem[X,0x0000000080030292] -> 0x00A5
[7452] [M]: 0x0000000080030290 (0x00A59593) slli a1, a1, 0xa
x11 <- 0x6666666666666400
mem[X,0x0000000080030294] -> 0x8593
mem[X,0x0000000080030296] -> 0x2675
[7453] [M]: 0x0000000080030294 (0x26758593) addi a1, a1, 0x267
x11 <- 0x6666666666666667
mem[X,0x0000000080030298] -> 0x0113
mem[X,0x000000008003029A] -> 0x0000
[7454] [M]: 0x0000000080030298 (0x00000113) addi sp, zero, 0x0
x2 <- 0x0000000000000000
mem[X,0x000000008003029C] -> 0x006F
mem[X,0x000000008003029E] -> 0x0100
[7455] [M]: 0x000000008003029C (0x0100006F) jal zero, 0x10
mem[X,0x00000000800302AC] -> 0x1AE3
mem[X,0x00000000800302AE] -> 0xFEB5
[7456] [M]: 0x00000000800302AC (0xFEB51AE3) bne a0, a1, -0xc
mem[X,0x00000000800302A0] -> 0x0113
mem[X,0x00000000800302A2] -> 0x0011
[7457] [M]: 0x00000000800302A0 (0x00110113) addi sp, sp, 0x1
x2 <- 0x0000000000000001
mem[X,0x00000000800302A4] -> 0x006F
mem[X,0x00000000800302A6] -> 0x01C0
[7458] [M]: 0x00000000800302A4 (0x01C0006F) jal zero, 0x1c
mem[X,0x00000000800302C0] -> 0xBC23
mem[X,0x00000000800302C2] -> 0x6420
[7459] [M]: 0x00000000800302C0 (0x6420BC23) sd sp, 0x658(ra)
mem[0x0000000080046030] <- 0x0000000000000001
mem[X,0x00000000800302C4] -> 0x6537
mem[X,0x00000000800302C6] -> 0x6666
[7460] [M]: 0x00000000800302C4 (0x66666537) lui a0, 0x66666
x10 <- 0x0000000066666000
mem[X,0x00000000800302C8] -> 0x0513
mem[X,0x00000000800302CA] -> 0x6665
[7461] [M]: 0x00000000800302C8 (0x66650513) addi a0, a0, 0x666
x10 <- 0x0000000066666666
mem[X,0x00000000800302CC] -> 0x1513
mem[X,0x00000000800302CE] -> 0x00B5
[7462] [M]: 0x00000000800302CC (0x00B51513) slli a0, a0, 0xb
x10 <- 0x0000033333333000
mem[X,0x00000000800302D0] -> 0x0513
mem[X,0x00000000800302D2] -> 0x3335
[7463] [M]: 0x00000000800302D0 (0x33350513) addi a0, a0, 0x333
x10 <- 0x0000033333333333
mem[X,0x00000000800302D4] -> 0x1513
mem[X,0x00000000800302D6] -> 0x00B5
[7464] [M]: 0x00000000800302D4 (0x00B51513) slli a0, a0, 0xb
x10 <- 0x0019999999999800
mem[X,0x00000000800302D8] -> 0x0513
mem[X,0x00000000800302DA] -> 0x1995
[7465] [M]: 0x00000000800302D8 (0x19950513) addi a0, a0, 0x199
x10 <- 0x0019999999999999
mem[X,0x00000000800302DC] -> 0x1513
mem[X,0x00000000800302DE] -> 0x00A5
[7466] [M]: 0x00000000800302DC (0x00A51513) slli a0, a0, 0xa
x10 <- 0x6666666666666400
mem[X,0x00000000800302E0] -> 0x0513
mem[X,0x00000000800302E2] -> 0x2655
[7467] [M]: 0x00000000800302E0 (0x26550513) addi a0, a0, 0x265
x10 <- 0x6666666666666665
mem[X,0x00000000800302E4] -> 0x05B7
mem[X,0x00000000800302E6] -> 0x0000
[7468] [M]: 0x00000000800302E4 (0x000005B7) lui a1, 0x0
x11 <- 0x0000000000000000
mem[X,0x00000000800302E8] -> 0x8593
mem[X,0x00000000800302EA] -> 0xFFF5
[7469] [M]: 0x00000000800302E8 (0xFFF58593) addi a1, a1, -0x1
x11 <- 0xFFFFFFFFFFFFFFFF
mem[X,0x00000000800302EC] -> 0x9593
mem[X,0x00000000800302EE] -> 0x00B5
[7470] [M]: 0x00000000800302EC (0x00B59593) slli a1, a1, 0xb
x11 <- 0xFFFFFFFFFFFFF800
mem[X,0x00000000800302F0] -> 0x8593
mem[X,0x00000000800302F2] -> 0x2575
[7471] [M]: 0x00000000800302F0 (0x25758593) addi a1, a1, 0x257
x11 <- 0xFFFFFFFFFFFFFA57
mem[X,0x00000000800302F4] -> 0x9593
mem[X,0x00000000800302F6] -> 0x00B5
[7472] [M]: 0x00000000800302F4 (0x00B59593) slli a1, a1, 0xb
x11 <- 0xFFFFFFFFFFD2B800
mem[X,0x00000000800302F8] -> 0x8593
mem[X,0x00000000800302FA] -> 0x6C35
[7473] [M]: 0x00000000800302F8 (0x6C358593) addi a1, a1, 0x6c3
x11 <- 0xFFFFFFFFFFD2BEC3
mem[X,0x00000000800302FC] -> 0x9593
mem[X,0x00000000800302FE] -> 0x00A5
[7474] [M]: 0x00000000800302FC (0x00A59593) slli a1, a1, 0xa
x11 <- 0xFFFFFFFF4AFB0C00
mem[X,0x0000000080030300] -> 0x8593
mem[X,0x0000000080030302] -> 0x0CE5
[7475] [M]: 0x0000000080030300 (0x0CE58593) addi a1, a1, 0xce
x11 <- 0xFFFFFFFF4AFB0CCE
mem[X,0x0000000080030304] -> 0x0113
mem[X,0x0000000080030306] -> 0x0000
[7476] [M]: 0x0000000080030304 (0x00000113) addi sp, zero, 0x0
x2 <- 0x0000000000000000
mem[X,0x0000000080030308] -> 0x006F
mem[X,0x000000008003030A] -> 0x00C0
[7477] [M]: 0x0000000080030308 (0x00C0006F) jal zero, 0xc
mem[X,0x0000000080030314] -> 0x1663
mem[X,0x0000000080030316] -> 0x00B5
[7478] [M]: 0x0000000080030314 (0x00B51663) bne a0, a1, 0xc
mem[X,0x0000000080030320] -> 0x0113
mem[X,0x0000000080030322] -> 0x0031
[7479] [M]: 0x0000000080030320 (0x00310113) addi sp, sp, 0x3
x2 <- 0x0000000000000003
mem[X,0x0000000080030324] -> 0x006F
mem[X,0x0000000080030326] -> 0x0040
[7480] [M]: 0x0000000080030324 (0x0040006F) jal zero, 0x4
mem[X,0x0000000080030328] -> 0xB023
mem[X,0x000000008003032A] -> 0x6620
[7481] [M]: 0x0000000080030328 (0x6620B023) sd sp, 0x660(ra)
mem[0x0000000080046038] <- 0x0000000000000003
mem[X,0x000000008003032C] -> 0x6537
mem[X,0x000000008003032E] -> 0x6666
[7482] [M]: 0x000000008003032C (0x66666537) lui a0, 0x66666
x10 <- 0x0000000066666000
mem[X,0x0000000080030330] -> 0x0513
mem[X,0x0000000080030332] -> 0x6665
[7483] [M]: 0x0000000080030330 (0x66650513) addi a0, a0, 0x666
x10 <- 0x0000000066666666
mem[X,0x0000000080030334] -> 0x1513
mem[X,0x0000000080030336] -> 0x00B5
[7484] [M]: 0x0000000080030334 (0x00B51513) slli a0, a0, 0xb
x10 <- 0x0000033333333000
mem[X,0x0000000080030338] -> 0x0513
mem[X,0x000000008003033A] -> 0x3335
[7485] [M]: 0x0000000080030338 (0x33350513) addi a0, a0, 0x333
x10 <- 0x0000033333333333
mem[X,0x000000008003033C] -> 0x1513
mem[X,0x000000008003033E] -> 0x00B5
[7486] [M]: 0x000000008003033C (0x00B51513) slli a0, a0, 0xb
x10 <- 0x0019999999999800
mem[X,0x0000000080030340] -> 0x0513
mem[X,0x0000000080030342] -> 0x1995
[7487] [M]: 0x0000000080030340 (0x19950513) addi a0, a0, 0x199
x10 <- 0x0019999999999999
mem[X,0x0000000080030344] -> 0x1513
mem[X,0x0000000080030346] -> 0x00A5
[7488] [M]: 0x0000000080030344 (0x00A51513) slli a0, a0, 0xa
x10 <- 0x6666666666666400
mem[X,0x0000000080030348] -> 0x0513
mem[X,0x000000008003034A] -> 0x2655
[7489] [M]: 0x0000000080030348 (0x26550513) addi a0, a0, 0x265
x10 <- 0x6666666666666665
mem[X,0x000000008003034C] -> 0x05B7
mem[X,0x000000008003034E] -> 0x0000
[7490] [M]: 0x000000008003034C (0x000005B7) lui a1, 0x0
x11 <- 0x0000000000000000
mem[X,0x0000000080030350] -> 0x8593
mem[X,0x0000000080030352] -> 0x0005
[7491] [M]: 0x0000000080030350 (0x00058593) addi a1, a1, 0x0
x11 <- 0x0000000000000000
mem[X,0x0000000080030354] -> 0x9593
mem[X,0x0000000080030356] -> 0x00B5
[7492] [M]: 0x0000000080030354 (0x00B59593) slli a1, a1, 0xb
x11 <- 0x0000000000000000
mem[X,0x0000000080030358] -> 0x8593
mem[X,0x000000008003035A] -> 0x5A85
[7493] [M]: 0x0000000080030358 (0x5A858593) addi a1, a1, 0x5a8
x11 <- 0x00000000000005A8
mem[X,0x000000008003035C] -> 0x9593
mem[X,0x000000008003035E] -> 0x00B5
[7494] [M]: 0x000000008003035C (0x00B59593) slli a1, a1, 0xb
x11 <- 0x00000000002D4000
mem[X,0x0000000080030360] -> 0x8593
mem[X,0x0000000080030362] -> 0x13C5
[7495] [M]: 0x0000000080030360 (0x13C58593) addi a1, a1, 0x13c
x11 <- 0x00000000002D413C
mem[X,0x0000000080030364] -> 0x9593
mem[X,0x0000000080030366] -> 0x00A5
[7496] [M]: 0x0000000080030364 (0x00A59593) slli a1, a1, 0xa
x11 <- 0x00000000B504F000
mem[X,0x0000000080030368] -> 0x8593
mem[X,0x000000008003036A] -> 0x3345
[7497] [M]: 0x0000000080030368 (0x33458593) addi a1, a1, 0x334
x11 <- 0x00000000B504F334
mem[X,0x000000008003036C] -> 0x0113
mem[X,0x000000008003036E] -> 0x0000
[7498] [M]: 0x000000008003036C (0x00000113) addi sp, zero, 0x0
x2 <- 0x0000000000000000
mem[X,0x0000000080030370] -> 0x006F
mem[X,0x0000000080030372] -> 0x0100
[7499] [M]: 0x0000000080030370 (0x0100006F) jal zero, 0x10
clint::tick mtime <- 0x000000000000004B
 clint timer pending at mtime 0x000000000000004B
htif::tick 0x0000000000000000
mem[X,0x0000000080030380] -> 0x1AE3
mem[X,0x0000000080030382] -> 0xFEB5
[7500] [M]: 0x0000000080030380 (0xFEB51AE3) bne a0, a1, -0xc
mem[X,0x0000000080030374] -> 0x0113
mem[X,0x0000000080030376] -> 0x0011
[7501] [M]: 0x0000000080030374 (0x00110113) addi sp, sp, 0x1
x2 <- 0x0000000000000001
mem[X,0x0000000080030378] -> 0x006F
mem[X,0x000000008003037A] -> 0x01C0
[7502] [M]: 0x0000000080030378 (0x01C0006F) jal zero, 0x1c
mem[X,0x0000000080030394] -> 0xB423
mem[X,0x0000000080030396] -> 0x6620
[7503] [M]: 0x0000000080030394 (0x6620B423) sd sp, 0x668(ra)
mem[0x0000000080046040] <- 0x0000000000000001
mem[X,0x0000000080030398] -> 0x0537
mem[X,0x000000008003039A] -> 0x0000
[7504] [M]: 0x0000000080030398 (0x00000537) lui a0, 0x0
x10 <- 0x0000000000000000
mem[X,0x000000008003039C] -> 0x0513
mem[X,0x000000008003039E] -> 0x0005
[7505] [M]: 0x000000008003039C (0x00050513) addi a0, a0, 0x0
x10 <- 0x0000000000000000
mem[X,0x00000000800303A0] -> 0x1513
mem[X,0x00000000800303A2] -> 0x00B5
[7506] [M]: 0x00000000800303A0 (0x00B51513) slli a0, a0, 0xb
x10 <- 0x0000000000000000
mem[X,0x00000000800303A4] -> 0x0513
mem[X,0x00000000800303A6] -> 0x5A85
[7507] [M]: 0x00000000800303A4 (0x5A850513) addi a0, a0, 0x5a8
x10 <- 0x00000000000005A8
mem[X,0x00000000800303A8] -> 0x1513
mem[X,0x00000000800303AA] -> 0x00B5
[7508] [M]: 0x00000000800303A8 (0x00B51513) slli a0, a0, 0xb
x10 <- 0x00000000002D4000
mem[X,0x00000000800303AC] -> 0x0513
mem[X,0x00000000800303AE] -> 0x13C5
[7509] [M]: 0x00000000800303AC (0x13C50513) addi a0, a0, 0x13c
x10 <- 0x00000000002D413C
mem[X,0x00000000800303B0] -> 0x1513
mem[X,0x00000000800303B2] -> 0x00A5
[7510] [M]: 0x00000000800303B0 (0x00A51513) slli a0, a0, 0xa
x10 <- 0x00000000B504F000
mem[X,0x00000000800303B4] -> 0x0513
mem[X,0x00000000800303B6] -> 0x3325
[7511] [M]: 0x00000000800303B4 (0x33250513) addi a0, a0, 0x332
x10 <- 0x00000000B504F332
mem[X,0x00000000800303B8] -> 0x0593
mem[X,0x00000000800303BA] -> 0x0030
[7512] [M]: 0x00000000800303B8 (0x00300593) addi a1, zero, 0x3
x11 <- 0x0000000000000003
mem[X,0x00000000800303BC] -> 0x0113
mem[X,0x00000000800303BE] -> 0x0000
[7513] [M]: 0x00000000800303BC (0x00000113) addi sp, zero, 0x0
x2 <- 0x0000000000000000
mem[X,0x00000000800303C0] -> 0x006F
mem[X,0x00000000800303C2] -> 0x00C0
[7514] [M]: 0x00000000800303C0 (0x00C0006F) jal zero, 0xc
mem[X,0x00000000800303CC] -> 0x1663
mem[X,0x00000000800303CE] -> 0x00B5
[7515] [M]: 0x00000000800303CC (0x00B51663) bne a0, a1, 0xc
mem[X,0x00000000800303D8] -> 0x0113
mem[X,0x00000000800303DA] -> 0x0031
[7516] [M]: 0x00000000800303D8 (0x00310113) addi sp, sp, 0x3
x2 <- 0x0000000000000003
mem[X,0x00000000800303DC] -> 0x006F
mem[X,0x00000000800303DE] -> 0x0040
[7517] [M]: 0x00000000800303DC (0x0040006F) jal zero, 0x4
mem[X,0x00000000800303E0] -> 0xB823
mem[X,0x00000000800303E2] -> 0x6620
[7518] [M]: 0x00000000800303E0 (0x6620B823) sd sp, 0x670(ra)
mem[0x0000000080046048] <- 0x0000000000000003
mem[X,0x00000000800303E4] -> 0x0537
mem[X,0x00000000800303E6] -> 0x0000
[7519] [M]: 0x00000000800303E4 (0x00000537) lui a0, 0x0
x10 <- 0x0000000000000000
mem[X,0x00000000800303E8] -> 0x0513
mem[X,0x00000000800303EA] -> 0x0005
[7520] [M]: 0x00000000800303E8 (0x00050513) addi a0, a0, 0x0
x10 <- 0x0000000000000000
mem[X,0x00000000800303EC] -> 0x1513
mem[X,0x00000000800303EE] -> 0x00B5
[7521] [M]: 0x00000000800303EC (0x00B51513) slli a0, a0, 0xb
x10 <- 0x0000000000000000
mem[X,0x00000000800303F0] -> 0x0513
mem[X,0x00000000800303F2] -> 0x5A85
[7522] [M]: 0x00000000800303F0 (0x5A850513) addi a0, a0, 0x5a8
x10 <- 0x00000000000005A8
mem[X,0x00000000800303F4] -> 0x1513
mem[X,0x00000000800303F6] -> 0x00B5
[7523] [M]: 0x00000000800303F4 (0x00B51513) slli a0, a0, 0xb
x10 <- 0x00000000002D4000
mem[X,0x00000000800303F8] -> 0x0513
mem[X,0x00000000800303FA] -> 0x13C5
[7524] [M]: 0x00000000800303F8 (0x13C50513) addi a0, a0, 0x13c
x10 <- 0x00000000002D413C
mem[X,0x00000000800303FC] -> 0x1513
mem[X,0x00000000800303FE] -> 0x00A5
[7525] [M]: 0x00000000800303FC (0x00A51513) slli a0, a0, 0xa
x10 <- 0x00000000B504F000
mem[X,0x0000000080030400] -> 0x0513
mem[X,0x0000000080030402] -> 0x3325
[7526] [M]: 0x0000000080030400 (0x33250513) addi a0, a0, 0x332
x10 <- 0x00000000B504F332
mem[X,0x0000000080030404] -> 0x55B7
mem[X,0x0000000080030406] -> 0x5555
[7527] [M]: 0x0000000080030404 (0x555555B7) lui a1, 0x55555
x11 <- 0x0000000055555000
mem[X,0x0000000080030408] -> 0x8593
mem[X,0x000000008003040A] -> 0x5555
[7528] [M]: 0x0000000080030408 (0x55558593) addi a1, a1, 0x555
x11 <- 0x0000000055555555
mem[X,0x000000008003040C] -> 0x9593
mem[X,0x000000008003040E] -> 0x00B5
[7529] [M]: 0x000000008003040C (0x00B59593) slli a1, a1, 0xb
x11 <- 0x000002AAAAAAA800
mem[X,0x0000000080030410] -> 0x8593
mem[X,0x0000000080030412] -> 0x2AA5
[7530] [M]: 0x0000000080030410 (0x2AA58593) addi a1, a1, 0x2aa
x11 <- 0x000002AAAAAAAAAA
mem[X,0x0000000080030414] -> 0x9593
mem[X,0x0000000080030416] -> 0x00B5
[7531] [M]: 0x0000000080030414 (0x00B59593) slli a1, a1, 0xb
x11 <- 0x0015555555555000
mem[X,0x0000000080030418] -> 0x8593
mem[X,0x000000008003041A] -> 0x5555
[7532] [M]: 0x0000000080030418 (0x55558593) addi a1, a1, 0x555
x11 <- 0x0015555555555555
mem[X,0x000000008003041C] -> 0x9593
mem[X,0x000000008003041E] -> 0x00A5
[7533] [M]: 0x000000008003041C (0x00A59593) slli a1, a1, 0xa
x11 <- 0x5555555555555400
mem[X,0x0000000080030420] -> 0x8593
mem[X,0x0000000080030422] -> 0x1555
[7534] [M]: 0x0000000080030420 (0x15558593) addi a1, a1, 0x155
x11 <- 0x5555555555555555
mem[X,0x0000000080030424] -> 0x0113
mem[X,0x0000000080030426] -> 0x0000
[7535] [M]: 0x0000000080030424 (0x00000113) addi sp, zero, 0x0
x2 <- 0x0000000000000000
mem[X,0x0000000080030428] -> 0x006F
mem[X,0x000000008003042A] -> 0x0180
[7536] [M]: 0x0000000080030428 (0x0180006F) jal zero, 0x18
mem[X,0x0000000080030440] -> 0x16E3
mem[X,0x0000000080030442] -> 0xFEB5
[7537] [M]: 0x0000000080030440 (0xFEB516E3) bne a0, a1, -0x14
mem[X,0x000000008003042C] -> 0x0113
mem[X,0x000000008003042E] -> 0x0011
[7538] [M]: 0x000000008003042C (0x00110113) addi sp, sp, 0x1
x2 <- 0x0000000000000001
mem[X,0x0000000080030430] -> 0x006F
mem[X,0x0000000080030432] -> 0x0240
[7539] [M]: 0x0000000080030430 (0x0240006F) jal zero, 0x24
mem[X,0x0000000080030454] -> 0xBC23
mem[X,0x0000000080030456] -> 0x6620
[7540] [M]: 0x0000000080030454 (0x6620BC23) sd sp, 0x678(ra)
mem[0x0000000080046050] <- 0x0000000000000001
mem[X,0x0000000080030458] -> 0x0537
mem[X,0x000000008003045A] -> 0x0000
[7541] [M]: 0x0000000080030458 (0x00000537) lui a0, 0x0
x10 <- 0x0000000000000000
mem[X,0x000000008003045C] -> 0x0513
mem[X,0x000000008003045E] -> 0x0005
[7542] [M]: 0x000000008003045C (0x00050513) addi a0, a0, 0x0
x10 <- 0x0000000000000000
mem[X,0x0000000080030460] -> 0x1513
mem[X,0x0000000080030462] -> 0x00B5
[7543] [M]: 0x0000000080030460 (0x00B51513) slli a0, a0, 0xb
x10 <- 0x0000000000000000
mem[X,0x0000000080030464] -> 0x0513
mem[X,0x0000000080030466] -> 0x5A85
[7544] [M]: 0x0000000080030464 (0x5A850513) addi a0, a0, 0x5a8
x10 <- 0x00000000000005A8
mem[X,0x0000000080030468] -> 0x1513
mem[X,0x000000008003046A] -> 0x00B5
[7545] [M]: 0x0000000080030468 (0x00B51513) slli a0, a0, 0xb
x10 <- 0x00000000002D4000
mem[X,0x000000008003046C] -> 0x0513
mem[X,0x000000008003046E] -> 0x13C5
[7546] [M]: 0x000000008003046C (0x13C50513) addi a0, a0, 0x13c
x10 <- 0x00000000002D413C
mem[X,0x0000000080030470] -> 0x1513
mem[X,0x0000000080030472] -> 0x00A5
[7547] [M]: 0x0000000080030470 (0x00A51513) slli a0, a0, 0xa
x10 <- 0x00000000B504F000
mem[X,0x0000000080030474] -> 0x0513
mem[X,0x0000000080030476] -> 0x3325
[7548] [M]: 0x0000000080030474 (0x33250513) addi a0, a0, 0x332
x10 <- 0x00000000B504F332
mem[X,0x0000000080030478] -> 0xB5B7
mem[X,0x000000008003047A] -> 0xAAAA
[7549] [M]: 0x0000000080030478 (0xAAAAB5B7) lui a1, -0x55555
x11 <- 0xFFFFFFFFAAAAB000
mem[X,0x000000008003047C] -> 0x8593
mem[X,0x000000008003047E] -> 0xAAA5
[7550] [M]: 0x000000008003047C (0xAAA58593) addi a1, a1, -0x556
x11 <- 0xFFFFFFFFAAAAAAAA
mem[X,0x0000000080030480] -> 0x9593
mem[X,0x0000000080030482] -> 0x00B5
[7551] [M]: 0x0000000080030480 (0x00B59593) slli a1, a1, 0xb
x11 <- 0xFFFFFD5555555000
mem[X,0x0000000080030484] -> 0x8593
mem[X,0x0000000080030486] -> 0x5555
[7552] [M]: 0x0000000080030484 (0x55558593) addi a1, a1, 0x555
x11 <- 0xFFFFFD5555555555
mem[X,0x0000000080030488] -> 0x9593
mem[X,0x000000008003048A] -> 0x00B5
[7553] [M]: 0x0000000080030488 (0x00B59593) slli a1, a1, 0xb
x11 <- 0xFFEAAAAAAAAAA800
mem[X,0x000000008003048C] -> 0x8593
mem[X,0x000000008003048E] -> 0x2AA5
[7554] [M]: 0x000000008003048C (0x2AA58593) addi a1, a1, 0x2aa
x11 <- 0xFFEAAAAAAAAAAAAA
mem[X,0x0000000080030490] -> 0x9593
mem[X,0x0000000080030492] -> 0x00A5
[7555] [M]: 0x0000000080030490 (0x00A59593) slli a1, a1, 0xa
x11 <- 0xAAAAAAAAAAAAA800
mem[X,0x0000000080030494] -> 0x8593
mem[X,0x0000000080030496] -> 0x2AA5
[7556] [M]: 0x0000000080030494 (0x2AA58593) addi a1, a1, 0x2aa
x11 <- 0xAAAAAAAAAAAAAAAA
mem[X,0x0000000080030498] -> 0x0113
mem[X,0x000000008003049A] -> 0x0000
[7557] [M]: 0x0000000080030498 (0x00000113) addi sp, zero, 0x0
x2 <- 0x0000000000000000
mem[X,0x000000008003049C] -> 0x006F
mem[X,0x000000008003049E] -> 0x0100
[7558] [M]: 0x000000008003049C (0x0100006F) jal zero, 0x10
mem[X,0x00000000800304AC] -> 0x1AE3
mem[X,0x00000000800304AE] -> 0xFEB5
[7559] [M]: 0x00000000800304AC (0xFEB51AE3) bne a0, a1, -0xc
mem[X,0x00000000800304A0] -> 0x0113
mem[X,0x00000000800304A2] -> 0x0011
[7560] [M]: 0x00000000800304A0 (0x00110113) addi sp, sp, 0x1
x2 <- 0x0000000000000001
mem[X,0x00000000800304A4] -> 0x006F
mem[X,0x00000000800304A6] -> 0x01C0
[7561] [M]: 0x00000000800304A4 (0x01C0006F) jal zero, 0x1c
mem[X,0x00000000800304C0] -> 0xB023
mem[X,0x00000000800304C2] -> 0x6820
[7562] [M]: 0x00000000800304C0 (0x6820B023) sd sp, 0x680(ra)
mem[0x0000000080046058] <- 0x0000000000000001
mem[X,0x00000000800304C4] -> 0x0537
mem[X,0x00000000800304C6] -> 0x0000
[7563] [M]: 0x00000000800304C4 (0x00000537) lui a0, 0x0
x10 <- 0x0000000000000000
mem[X,0x00000000800304C8] -> 0x0513
mem[X,0x00000000800304CA] -> 0x0005
[7564] [M]: 0x00000000800304C8 (0x00050513) addi a0, a0, 0x0
x10 <- 0x0000000000000000
mem[X,0x00000000800304CC] -> 0x1513
mem[X,0x00000000800304CE] -> 0x00B5
[7565] [M]: 0x00000000800304CC (0x00B51513) slli a0, a0, 0xb
x10 <- 0x0000000000000000
mem[X,0x00000000800304D0] -> 0x0513
mem[X,0x00000000800304D2] -> 0x5A85
[7566] [M]: 0x00000000800304D0 (0x5A850513) addi a0, a0, 0x5a8
x10 <- 0x00000000000005A8
mem[X,0x00000000800304D4] -> 0x1513
mem[X,0x00000000800304D6] -> 0x00B5
[7567] [M]: 0x00000000800304D4 (0x00B51513) slli a0, a0, 0xb
x10 <- 0x00000000002D4000
mem[X,0x00000000800304D8] -> 0x0513
mem[X,0x00000000800304DA] -> 0x13C5
[7568] [M]: 0x00000000800304D8 (0x13C50513) addi a0, a0, 0x13c
x10 <- 0x00000000002D413C
mem[X,0x00000000800304DC] -> 0x1513
mem[X,0x00000000800304DE] -> 0x00A5
[7569] [M]: 0x00000000800304DC (0x00A51513) slli a0, a0, 0xa
x10 <- 0x00000000B504F000
mem[X,0x00000000800304E0] -> 0x0513
mem[X,0x00000000800304E2] -> 0x3325
[7570] [M]: 0x00000000800304E0 (0x33250513) addi a0, a0, 0x332
x10 <- 0x00000000B504F332
mem[X,0x00000000800304E4] -> 0x0593
mem[X,0x00000000800304E6] -> 0x0050
[7571] [M]: 0x00000000800304E4 (0x00500593) addi a1, zero, 0x5
x11 <- 0x0000000000000005
mem[X,0x00000000800304E8] -> 0x0113
mem[X,0x00000000800304EA] -> 0x0000
[7572] [M]: 0x00000000800304E8 (0x00000113) addi sp, zero, 0x0
x2 <- 0x0000000000000000
mem[X,0x00000000800304EC] -> 0x006F
mem[X,0x00000000800304EE] -> 0x0140
[7573] [M]: 0x00000000800304EC (0x0140006F) jal zero, 0x14
mem[X,0x0000000080030500] -> 0x18E3
mem[X,0x0000000080030502] -> 0xFEB5
[7574] [M]: 0x0000000080030500 (0xFEB518E3) bne a0, a1, -0x10
mem[X,0x00000000800304F0] -> 0x0113
mem[X,0x00000000800304F2] -> 0x0011
[7575] [M]: 0x00000000800304F0 (0x00110113) addi sp, sp, 0x1
x2 <- 0x0000000000000001
mem[X,0x00000000800304F4] -> 0x006F
mem[X,0x00000000800304F6] -> 0x0200
[7576] [M]: 0x00000000800304F4 (0x0200006F) jal zero, 0x20
mem[X,0x0000000080030514] -> 0xB423
mem[X,0x0000000080030516] -> 0x6820
[7577] [M]: 0x0000000080030514 (0x6820B423) sd sp, 0x688(ra)
mem[0x0000000080046060] <- 0x0000000000000001
mem[X,0x0000000080030518] -> 0x0537
mem[X,0x000000008003051A] -> 0x0000
[7578] [M]: 0x0000000080030518 (0x00000537) lui a0, 0x0
x10 <- 0x0000000000000000
mem[X,0x000000008003051C] -> 0x0513
mem[X,0x000000008003051E] -> 0x0005
[7579] [M]: 0x000000008003051C (0x00050513) addi a0, a0, 0x0
x10 <- 0x0000000000000000
mem[X,0x0000000080030520] -> 0x1513
mem[X,0x0000000080030522] -> 0x00B5
[7580] [M]: 0x0000000080030520 (0x00B51513) slli a0, a0, 0xb
x10 <- 0x0000000000000000
mem[X,0x0000000080030524] -> 0x0513
mem[X,0x0000000080030526] -> 0x5A85
[7581] [M]: 0x0000000080030524 (0x5A850513) addi a0, a0, 0x5a8
x10 <- 0x00000000000005A8
mem[X,0x0000000080030528] -> 0x1513
mem[X,0x000000008003052A] -> 0x00B5
[7582] [M]: 0x0000000080030528 (0x00B51513) slli a0, a0, 0xb
x10 <- 0x00000000002D4000
mem[X,0x000000008003052C] -> 0x0513
mem[X,0x000000008003052E] -> 0x13C5
[7583] [M]: 0x000000008003052C (0x13C50513) addi a0, a0, 0x13c
x10 <- 0x00000000002D413C
mem[X,0x0000000080030530] -> 0x1513
mem[X,0x0000000080030532] -> 0x00A5
[7584] [M]: 0x0000000080030530 (0x00A51513) slli a0, a0, 0xa
x10 <- 0x00000000B504F000
mem[X,0x0000000080030534] -> 0x0513
mem[X,0x0000000080030536] -> 0x3325
[7585] [M]: 0x0000000080030534 (0x33250513) addi a0, a0, 0x332
x10 <- 0x00000000B504F332
mem[X,0x0000000080030538] -> 0x35B7
mem[X,0x000000008003053A] -> 0x3333
[7586] [M]: 0x0000000080030538 (0x333335B7) lui a1, 0x33333
x11 <- 0x0000000033333000
mem[X,0x000000008003053C] -> 0x8593
mem[X,0x000000008003053E] -> 0x3335
[7587] [M]: 0x000000008003053C (0x33358593) addi a1, a1, 0x333
x11 <- 0x0000000033333333
mem[X,0x0000000080030540] -> 0x9593
mem[X,0x0000000080030542] -> 0x00B5
[7588] [M]: 0x0000000080030540 (0x00B59593) slli a1, a1, 0xb
x11 <- 0x0000019999999800
mem[X,0x0000000080030544] -> 0x8593
mem[X,0x0000000080030546] -> 0x1995
[7589] [M]: 0x0000000080030544 (0x19958593) addi a1, a1, 0x199
x11 <- 0x0000019999999999
mem[X,0x0000000080030548] -> 0x9593
mem[X,0x000000008003054A] -> 0x00B5
[7590] [M]: 0x0000000080030548 (0x00B59593) slli a1, a1, 0xb
x11 <- 0x000CCCCCCCCCC800
mem[X,0x000000008003054C] -> 0x8593
mem[X,0x000000008003054E] -> 0x4CC5
[7591] [M]: 0x000000008003054C (0x4CC58593) addi a1, a1, 0x4cc
x11 <- 0x000CCCCCCCCCCCCC
mem[X,0x0000000080030550] -> 0x9593
mem[X,0x0000000080030552] -> 0x00A5
[7592] [M]: 0x0000000080030550 (0x00A59593) slli a1, a1, 0xa
x11 <- 0x3333333333333000
mem[X,0x0000000080030554] -> 0x8593
mem[X,0x0000000080030556] -> 0x3335
[7593] [M]: 0x0000000080030554 (0x33358593) addi a1, a1, 0x333
x11 <- 0x3333333333333333
mem[X,0x0000000080030558] -> 0x0113
mem[X,0x000000008003055A] -> 0x0000
[7594] [M]: 0x0000000080030558 (0x00000113) addi sp, zero, 0x0
x2 <- 0x0000000000000000
mem[X,0x000000008003055C] -> 0x006F
mem[X,0x000000008003055E] -> 0x0100
[7595] [M]: 0x000000008003055C (0x0100006F) jal zero, 0x10
mem[X,0x000000008003056C] -> 0x1AE3
mem[X,0x000000008003056E] -> 0xFEB5
[7596] [M]: 0x000000008003056C (0xFEB51AE3) bne a0, a1, -0xc
mem[X,0x0000000080030560] -> 0x0113
mem[X,0x0000000080030562] -> 0x0011
[7597] [M]: 0x0000000080030560 (0x00110113) addi sp, sp, 0x1
x2 <- 0x0000000000000001
mem[X,0x0000000080030564] -> 0x006F
mem[X,0x0000000080030566] -> 0x01C0
[7598] [M]: 0x0000000080030564 (0x01C0006F) jal zero, 0x1c
mem[X,0x0000000080030580] -> 0xB823
mem[X,0x0000000080030582] -> 0x6820
[7599] [M]: 0x0000000080030580 (0x6820B823) sd sp, 0x690(ra)
mem[0x0000000080046068] <- 0x0000000000000001
clint::tick mtime <- 0x000000000000004C
 clint timer pending at mtime 0x000000000000004C
htif::tick 0x0000000000000000
mem[X,0x0000000080030584] -> 0x0537
mem[X,0x0000000080030586] -> 0x0000
[7600] [M]: 0x0000000080030584 (0x00000537) lui a0, 0x0
x10 <- 0x0000000000000000
mem[X,0x0000000080030588] -> 0x0513
mem[X,0x000000008003058A] -> 0x0005
[7601] [M]: 0x0000000080030588 (0x00050513) addi a0, a0, 0x0
x10 <- 0x0000000000000000
mem[X,0x000000008003058C] -> 0x1513
mem[X,0x000000008003058E] -> 0x00B5
[7602] [M]: 0x000000008003058C (0x00B51513) slli a0, a0, 0xb
x10 <- 0x0000000000000000
mem[X,0x0000000080030590] -> 0x0513
mem[X,0x0000000080030592] -> 0x5A85
[7603] [M]: 0x0000000080030590 (0x5A850513) addi a0, a0, 0x5a8
x10 <- 0x00000000000005A8
mem[X,0x0000000080030594] -> 0x1513
mem[X,0x0000000080030596] -> 0x00B5
[7604] [M]: 0x0000000080030594 (0x00B51513) slli a0, a0, 0xb
x10 <- 0x00000000002D4000
mem[X,0x0000000080030598] -> 0x0513
mem[X,0x000000008003059A] -> 0x13C5
[7605] [M]: 0x0000000080030598 (0x13C50513) addi a0, a0, 0x13c
x10 <- 0x00000000002D413C
mem[X,0x000000008003059C] -> 0x1513
mem[X,0x000000008003059E] -> 0x00A5
[7606] [M]: 0x000000008003059C (0x00A51513) slli a0, a0, 0xa
x10 <- 0x00000000B504F000
mem[X,0x00000000800305A0] -> 0x0513
mem[X,0x00000000800305A2] -> 0x3325
[7607] [M]: 0x00000000800305A0 (0x33250513) addi a0, a0, 0x332
x10 <- 0x00000000B504F332
mem[X,0x00000000800305A4] -> 0x65B7
mem[X,0x00000000800305A6] -> 0x6666
[7608] [M]: 0x00000000800305A4 (0x666665B7) lui a1, 0x66666
x11 <- 0x0000000066666000
mem[X,0x00000000800305A8] -> 0x8593
mem[X,0x00000000800305AA] -> 0x6665
[7609] [M]: 0x00000000800305A8 (0x66658593) addi a1, a1, 0x666
x11 <- 0x0000000066666666
mem[X,0x00000000800305AC] -> 0x9593
mem[X,0x00000000800305AE] -> 0x00B5
[7610] [M]: 0x00000000800305AC (0x00B59593) slli a1, a1, 0xb
x11 <- 0x0000033333333000
mem[X,0x00000000800305B0] -> 0x8593
mem[X,0x00000000800305B2] -> 0x3335
[7611] [M]: 0x00000000800305B0 (0x33358593) addi a1, a1, 0x333
x11 <- 0x0000033333333333
mem[X,0x00000000800305B4] -> 0x9593
mem[X,0x00000000800305B6] -> 0x00B5
[7612] [M]: 0x00000000800305B4 (0x00B59593) slli a1, a1, 0xb
x11 <- 0x0019999999999800
mem[X,0x00000000800305B8] -> 0x8593
mem[X,0x00000000800305BA] -> 0x1995
[7613] [M]: 0x00000000800305B8 (0x19958593) addi a1, a1, 0x199
x11 <- 0x0019999999999999
mem[X,0x00000000800305BC] -> 0x9593
mem[X,0x00000000800305BE] -> 0x00A5
[7614] [M]: 0x00000000800305BC (0x00A59593) slli a1, a1, 0xa
x11 <- 0x6666666666666400
mem[X,0x00000000800305C0] -> 0x8593
mem[X,0x00000000800305C2] -> 0x2665
[7615] [M]: 0x00000000800305C0 (0x26658593) addi a1, a1, 0x266
x11 <- 0x6666666666666666
mem[X,0x00000000800305C4] -> 0x0113
mem[X,0x00000000800305C6] -> 0x0000
[7616] [M]: 0x00000000800305C4 (0x00000113) addi sp, zero, 0x0
x2 <- 0x0000000000000000
mem[X,0x00000000800305C8] -> 0x006F
mem[X,0x00000000800305CA] -> 0x00C0
[7617] [M]: 0x00000000800305C8 (0x00C0006F) jal zero, 0xc
mem[X,0x00000000800305D4] -> 0x1063
mem[X,0x00000000800305D6] -> 0x08B5
[7618] [M]: 0x00000000800305D4 (0x08B51063) bne a0, a1, 0x80
mem[X,0x0000000080030654] -> 0x0113
mem[X,0x0000000080030656] -> 0x0031
[7619] [M]: 0x0000000080030654 (0x00310113) addi sp, sp, 0x3
x2 <- 0x0000000000000003
mem[X,0x0000000080030658] -> 0x006F
mem[X,0x000000008003065A] -> 0x0040
[7620] [M]: 0x0000000080030658 (0x0040006F) jal zero, 0x4
mem[X,0x000000008003065C] -> 0xBC23
mem[X,0x000000008003065E] -> 0x6820
[7621] [M]: 0x000000008003065C (0x6820BC23) sd sp, 0x698(ra)
mem[0x0000000080046070] <- 0x0000000000000003
mem[X,0x0000000080030660] -> 0x0537
mem[X,0x0000000080030662] -> 0x0000
[7622] [M]: 0x0000000080030660 (0x00000537) lui a0, 0x0
x10 <- 0x0000000000000000
mem[X,0x0000000080030664] -> 0x0513
mem[X,0x0000000080030666] -> 0x0005
[7623] [M]: 0x0000000080030664 (0x00050513) addi a0, a0, 0x0
x10 <- 0x0000000000000000
mem[X,0x0000000080030668] -> 0x1513
mem[X,0x000000008003066A] -> 0x00B5
[7624] [M]: 0x0000000080030668 (0x00B51513) slli a0, a0, 0xb
x10 <- 0x0000000000000000
mem[X,0x000000008003066C] -> 0x0513
mem[X,0x000000008003066E] -> 0x5A85
[7625] [M]: 0x000000008003066C (0x5A850513) addi a0, a0, 0x5a8
x10 <- 0x00000000000005A8
mem[X,0x0000000080030670] -> 0x1513
mem[X,0x0000000080030672] -> 0x00B5
[7626] [M]: 0x0000000080030670 (0x00B51513) slli a0, a0, 0xb
x10 <- 0x00000000002D4000
mem[X,0x0000000080030674] -> 0x0513
mem[X,0x0000000080030676] -> 0x13C5
[7627] [M]: 0x0000000080030674 (0x13C50513) addi a0, a0, 0x13c
x10 <- 0x00000000002D413C
mem[X,0x0000000080030678] -> 0x1513
mem[X,0x000000008003067A] -> 0x00A5
[7628] [M]: 0x0000000080030678 (0x00A51513) slli a0, a0, 0xa
x10 <- 0x00000000B504F000
mem[X,0x000000008003067C] -> 0x0513
mem[X,0x000000008003067E] -> 0x3325
[7629] [M]: 0x000000008003067C (0x33250513) addi a0, a0, 0x332
x10 <- 0x00000000B504F332
mem[X,0x0000000080030680] -> 0x05B7
mem[X,0x0000000080030682] -> 0x0000
[7630] [M]: 0x0000000080030680 (0x000005B7) lui a1, 0x0
x11 <- 0x0000000000000000
mem[X,0x0000000080030684] -> 0x8593
mem[X,0x0000000080030686] -> 0xFFF5
[7631] [M]: 0x0000000080030684 (0xFFF58593) addi a1, a1, -0x1
x11 <- 0xFFFFFFFFFFFFFFFF
mem[X,0x0000000080030688] -> 0x9593
mem[X,0x000000008003068A] -> 0x00B5
[7632] [M]: 0x0000000080030688 (0x00B59593) slli a1, a1, 0xb
x11 <- 0xFFFFFFFFFFFFF800
mem[X,0x000000008003068C] -> 0x8593
mem[X,0x000000008003068E] -> 0x2575
[7633] [M]: 0x000000008003068C (0x25758593) addi a1, a1, 0x257
x11 <- 0xFFFFFFFFFFFFFA57
mem[X,0x0000000080030690] -> 0x9593
mem[X,0x0000000080030692] -> 0x00B5
[7634] [M]: 0x0000000080030690 (0x00B59593) slli a1, a1, 0xb
x11 <- 0xFFFFFFFFFFD2B800
mem[X,0x0000000080030694] -> 0x8593
mem[X,0x0000000080030696] -> 0x6C35
[7635] [M]: 0x0000000080030694 (0x6C358593) addi a1, a1, 0x6c3
x11 <- 0xFFFFFFFFFFD2BEC3
mem[X,0x0000000080030698] -> 0x9593
mem[X,0x000000008003069A] -> 0x00A5
[7636] [M]: 0x0000000080030698 (0x00A59593) slli a1, a1, 0xa
x11 <- 0xFFFFFFFF4AFB0C00
mem[X,0x000000008003069C] -> 0x8593
mem[X,0x000000008003069E] -> 0x0CD5
[7637] [M]: 0x000000008003069C (0x0CD58593) addi a1, a1, 0xcd
x11 <- 0xFFFFFFFF4AFB0CCD
mem[X,0x00000000800306A0] -> 0x0113
mem[X,0x00000000800306A2] -> 0x0000
[7638] [M]: 0x00000000800306A0 (0x00000113) addi sp, zero, 0x0
x2 <- 0x0000000000000000
mem[X,0x00000000800306A4] -> 0x006F
mem[X,0x00000000800306A6] -> 0x00C0
[7639] [M]: 0x00000000800306A4 (0x00C0006F) jal zero, 0xc
mem[X,0x00000000800306B0] -> 0x1CE3
mem[X,0x00000000800306B2] -> 0xFEB5
[7640] [M]: 0x00000000800306B0 (0xFEB51CE3) bne a0, a1, -0x8
mem[X,0x00000000800306A8] -> 0x0113
mem[X,0x00000000800306AA] -> 0x0011
[7641] [M]: 0x00000000800306A8 (0x00110113) addi sp, sp, 0x1
x2 <- 0x0000000000000001
mem[X,0x00000000800306AC] -> 0x006F
mem[X,0x00000000800306AE] -> 0x0180
[7642] [M]: 0x00000000800306AC (0x0180006F) jal zero, 0x18
mem[X,0x00000000800306C4] -> 0xB023
mem[X,0x00000000800306C6] -> 0x6A20
[7643] [M]: 0x00000000800306C4 (0x6A20B023) sd sp, 0x6a0(ra)
mem[0x0000000080046078] <- 0x0000000000000001
mem[X,0x00000000800306C8] -> 0x0537
mem[X,0x00000000800306CA] -> 0x0000
[7644] [M]: 0x00000000800306C8 (0x00000537) lui a0, 0x0
x10 <- 0x0000000000000000
mem[X,0x00000000800306CC] -> 0x0513
mem[X,0x00000000800306CE] -> 0x0005
[7645] [M]: 0x00000000800306CC (0x00050513) addi a0, a0, 0x0
x10 <- 0x0000000000000000
mem[X,0x00000000800306D0] -> 0x1513
mem[X,0x00000000800306D2] -> 0x00B5
[7646] [M]: 0x00000000800306D0 (0x00B51513) slli a0, a0, 0xb
x10 <- 0x0000000000000000
mem[X,0x00000000800306D4] -> 0x0513
mem[X,0x00000000800306D6] -> 0x5A85
[7647] [M]: 0x00000000800306D4 (0x5A850513) addi a0, a0, 0x5a8
x10 <- 0x00000000000005A8
mem[X,0x00000000800306D8] -> 0x1513
mem[X,0x00000000800306DA] -> 0x00B5
[7648] [M]: 0x00000000800306D8 (0x00B51513) slli a0, a0, 0xb
x10 <- 0x00000000002D4000
mem[X,0x00000000800306DC] -> 0x0513
mem[X,0x00000000800306DE] -> 0x13C5
[7649] [M]: 0x00000000800306DC (0x13C50513) addi a0, a0, 0x13c
x10 <- 0x00000000002D413C
mem[X,0x00000000800306E0] -> 0x1513
mem[X,0x00000000800306E2] -> 0x00A5
[7650] [M]: 0x00000000800306E0 (0x00A51513) slli a0, a0, 0xa
x10 <- 0x00000000B504F000
mem[X,0x00000000800306E4] -> 0x0513
mem[X,0x00000000800306E6] -> 0x3325
[7651] [M]: 0x00000000800306E4 (0x33250513) addi a0, a0, 0x332
x10 <- 0x00000000B504F332
mem[X,0x00000000800306E8] -> 0x05B7
mem[X,0x00000000800306EA] -> 0x0000
[7652] [M]: 0x00000000800306E8 (0x000005B7) lui a1, 0x0
x11 <- 0x0000000000000000
mem[X,0x00000000800306EC] -> 0x8593
mem[X,0x00000000800306EE] -> 0x0005
[7653] [M]: 0x00000000800306EC (0x00058593) addi a1, a1, 0x0
x11 <- 0x0000000000000000
mem[X,0x00000000800306F0] -> 0x9593
mem[X,0x00000000800306F2] -> 0x00B5
[7654] [M]: 0x00000000800306F0 (0x00B59593) slli a1, a1, 0xb
x11 <- 0x0000000000000000
mem[X,0x00000000800306F4] -> 0x8593
mem[X,0x00000000800306F6] -> 0x5A85
[7655] [M]: 0x00000000800306F4 (0x5A858593) addi a1, a1, 0x5a8
x11 <- 0x00000000000005A8
mem[X,0x00000000800306F8] -> 0x9593
mem[X,0x00000000800306FA] -> 0x00B5
[7656] [M]: 0x00000000800306F8 (0x00B59593) slli a1, a1, 0xb
x11 <- 0x00000000002D4000
mem[X,0x00000000800306FC] -> 0x8593
mem[X,0x00000000800306FE] -> 0x13C5
[7657] [M]: 0x00000000800306FC (0x13C58593) addi a1, a1, 0x13c
x11 <- 0x00000000002D413C
mem[X,0x0000000080030700] -> 0x9593
mem[X,0x0000000080030702] -> 0x00A5
[7658] [M]: 0x0000000080030700 (0x00A59593) slli a1, a1, 0xa
x11 <- 0x00000000B504F000
mem[X,0x0000000080030704] -> 0x8593
mem[X,0x0000000080030706] -> 0x3335
[7659] [M]: 0x0000000080030704 (0x33358593) addi a1, a1, 0x333
x11 <- 0x00000000B504F333
mem[X,0x0000000080030708] -> 0x0113
mem[X,0x000000008003070A] -> 0x0000
[7660] [M]: 0x0000000080030708 (0x00000113) addi sp, zero, 0x0
x2 <- 0x0000000000000000
mem[X,0x000000008003070C] -> 0x006F
mem[X,0x000000008003070E] -> 0x0140
[7661] [M]: 0x000000008003070C (0x0140006F) jal zero, 0x14
mem[X,0x0000000080030720] -> 0x18E3
mem[X,0x0000000080030722] -> 0xFEB5
[7662] [M]: 0x0000000080030720 (0xFEB518E3) bne a0, a1, -0x10
mem[X,0x0000000080030710] -> 0x0113
mem[X,0x0000000080030712] -> 0x0011
[7663] [M]: 0x0000000080030710 (0x00110113) addi sp, sp, 0x1
x2 <- 0x0000000000000001
mem[X,0x0000000080030714] -> 0x006F
mem[X,0x0000000080030716] -> 0x0200
[7664] [M]: 0x0000000080030714 (0x0200006F) jal zero, 0x20
mem[X,0x0000000080030734] -> 0xB423
mem[X,0x0000000080030736] -> 0x6A20
[7665] [M]: 0x0000000080030734 (0x6A20B423) sd sp, 0x6a8(ra)
mem[0x0000000080046080] <- 0x0000000000000001
mem[X,0x0000000080030738] -> 0x0537
mem[X,0x000000008003073A] -> 0x0000
[7666] [M]: 0x0000000080030738 (0x00000537) lui a0, 0x0
x10 <- 0x0000000000000000
mem[X,0x000000008003073C] -> 0x0513
mem[X,0x000000008003073E] -> 0x0005
[7667] [M]: 0x000000008003073C (0x00050513) addi a0, a0, 0x0
x10 <- 0x0000000000000000
mem[X,0x0000000080030740] -> 0x1513
mem[X,0x0000000080030742] -> 0x00B5
[7668] [M]: 0x0000000080030740 (0x00B51513) slli a0, a0, 0xb
x10 <- 0x0000000000000000
mem[X,0x0000000080030744] -> 0x0513
mem[X,0x0000000080030746] -> 0x5A85
[7669] [M]: 0x0000000080030744 (0x5A850513) addi a0, a0, 0x5a8
x10 <- 0x00000000000005A8
mem[X,0x0000000080030748] -> 0x1513
mem[X,0x000000008003074A] -> 0x00B5
[7670] [M]: 0x0000000080030748 (0x00B51513) slli a0, a0, 0xb
x10 <- 0x00000000002D4000
mem[X,0x000000008003074C] -> 0x0513
mem[X,0x000000008003074E] -> 0x13C5
[7671] [M]: 0x000000008003074C (0x13C50513) addi a0, a0, 0x13c
x10 <- 0x00000000002D413C
mem[X,0x0000000080030750] -> 0x1513
mem[X,0x0000000080030752] -> 0x00A5
[7672] [M]: 0x0000000080030750 (0x00A51513) slli a0, a0, 0xa
x10 <- 0x00000000B504F000
mem[X,0x0000000080030754] -> 0x0513
mem[X,0x0000000080030756] -> 0x3325
[7673] [M]: 0x0000000080030754 (0x33250513) addi a0, a0, 0x332
x10 <- 0x00000000B504F332
mem[X,0x0000000080030758] -> 0x0593
mem[X,0x000000008003075A] -> 0x0020
[7674] [M]: 0x0000000080030758 (0x00200593) addi a1, zero, 0x2
x11 <- 0x0000000000000002
mem[X,0x000000008003075C] -> 0x0113
mem[X,0x000000008003075E] -> 0x0000
[7675] [M]: 0x000000008003075C (0x00000113) addi sp, zero, 0x0
x2 <- 0x0000000000000000
mem[X,0x0000000080030760] -> 0x006F
mem[X,0x0000000080030762] -> 0x0140
[7676] [M]: 0x0000000080030760 (0x0140006F) jal zero, 0x14
mem[X,0x0000000080030774] -> 0x18E3
mem[X,0x0000000080030776] -> 0xFEB5
[7677] [M]: 0x0000000080030774 (0xFEB518E3) bne a0, a1, -0x10
mem[X,0x0000000080030764] -> 0x0113
mem[X,0x0000000080030766] -> 0x0011
[7678] [M]: 0x0000000080030764 (0x00110113) addi sp, sp, 0x1
x2 <- 0x0000000000000001
mem[X,0x0000000080030768] -> 0x006F
mem[X,0x000000008003076A] -> 0x0200
[7679] [M]: 0x0000000080030768 (0x0200006F) jal zero, 0x20
mem[X,0x0000000080030788] -> 0xB823
mem[X,0x000000008003078A] -> 0x6A20
[7680] [M]: 0x0000000080030788 (0x6A20B823) sd sp, 0x6b0(ra)
mem[0x0000000080046088] <- 0x0000000000000001
mem[X,0x000000008003078C] -> 0x0537
mem[X,0x000000008003078E] -> 0x0000
[7681] [M]: 0x000000008003078C (0x00000537) lui a0, 0x0
x10 <- 0x0000000000000000
mem[X,0x0000000080030790] -> 0x0513
mem[X,0x0000000080030792] -> 0x0005
[7682] [M]: 0x0000000080030790 (0x00050513) addi a0, a0, 0x0
x10 <- 0x0000000000000000
mem[X,0x0000000080030794] -> 0x1513
mem[X,0x0000000080030796] -> 0x00B5
[7683] [M]: 0x0000000080030794 (0x00B51513) slli a0, a0, 0xb
x10 <- 0x0000000000000000
mem[X,0x0000000080030798] -> 0x0513
mem[X,0x000000008003079A] -> 0x5A85
[7684] [M]: 0x0000000080030798 (0x5A850513) addi a0, a0, 0x5a8
x10 <- 0x00000000000005A8
mem[X,0x000000008003079C] -> 0x1513
mem[X,0x000000008003079E] -> 0x00B5
[7685] [M]: 0x000000008003079C (0x00B51513) slli a0, a0, 0xb
x10 <- 0x00000000002D4000
mem[X,0x00000000800307A0] -> 0x0513
mem[X,0x00000000800307A2] -> 0x13C5
[7686] [M]: 0x00000000800307A0 (0x13C50513) addi a0, a0, 0x13c
x10 <- 0x00000000002D413C
mem[X,0x00000000800307A4] -> 0x1513
mem[X,0x00000000800307A6] -> 0x00A5
[7687] [M]: 0x00000000800307A4 (0x00A51513) slli a0, a0, 0xa
x10 <- 0x00000000B504F000
mem[X,0x00000000800307A8] -> 0x0513
mem[X,0x00000000800307AA] -> 0x3325
[7688] [M]: 0x00000000800307A8 (0x33250513) addi a0, a0, 0x332
x10 <- 0x00000000B504F332
mem[X,0x00000000800307AC] -> 0x55B7
mem[X,0x00000000800307AE] -> 0x5555
[7689] [M]: 0x00000000800307AC (0x555555B7) lui a1, 0x55555
x11 <- 0x0000000055555000
mem[X,0x00000000800307B0] -> 0x8593
mem[X,0x00000000800307B2] -> 0x5555
[7690] [M]: 0x00000000800307B0 (0x55558593) addi a1, a1, 0x555
x11 <- 0x0000000055555555
mem[X,0x00000000800307B4] -> 0x9593
mem[X,0x00000000800307B6] -> 0x00B5
[7691] [M]: 0x00000000800307B4 (0x00B59593) slli a1, a1, 0xb
x11 <- 0x000002AAAAAAA800
mem[X,0x00000000800307B8] -> 0x8593
mem[X,0x00000000800307BA] -> 0x2AA5
[7692] [M]: 0x00000000800307B8 (0x2AA58593) addi a1, a1, 0x2aa
x11 <- 0x000002AAAAAAAAAA
mem[X,0x00000000800307BC] -> 0x9593
mem[X,0x00000000800307BE] -> 0x00B5
[7693] [M]: 0x00000000800307BC (0x00B59593) slli a1, a1, 0xb
x11 <- 0x0015555555555000
mem[X,0x00000000800307C0] -> 0x8593
mem[X,0x00000000800307C2] -> 0x5555
[7694] [M]: 0x00000000800307C0 (0x55558593) addi a1, a1, 0x555
x11 <- 0x0015555555555555
mem[X,0x00000000800307C4] -> 0x9593
mem[X,0x00000000800307C6] -> 0x00A5
[7695] [M]: 0x00000000800307C4 (0x00A59593) slli a1, a1, 0xa
x11 <- 0x5555555555555400
mem[X,0x00000000800307C8] -> 0x8593
mem[X,0x00000000800307CA] -> 0x1545
[7696] [M]: 0x00000000800307C8 (0x15458593) addi a1, a1, 0x154
x11 <- 0x5555555555555554
mem[X,0x00000000800307CC] -> 0x0113
mem[X,0x00000000800307CE] -> 0x0000
[7697] [M]: 0x00000000800307CC (0x00000113) addi sp, zero, 0x0
x2 <- 0x0000000000000000
mem[X,0x00000000800307D0] -> 0x006F
mem[X,0x00000000800307D2] -> 0x00C0
[7698] [M]: 0x00000000800307D0 (0x00C0006F) jal zero, 0xc
mem[X,0x00000000800307DC] -> 0x1063
mem[X,0x00000000800307DE] -> 0x02B5
[7699] [M]: 0x00000000800307DC (0x02B51063) bne a0, a1, 0x20
clint::tick mtime <- 0x000000000000004D
 clint timer pending at mtime 0x000000000000004D
htif::tick 0x0000000000000000
mem[X,0x00000000800307FC] -> 0x0113
mem[X,0x00000000800307FE] -> 0x0031
[7700] [M]: 0x00000000800307FC (0x00310113) addi sp, sp, 0x3
x2 <- 0x0000000000000003
mem[X,0x0000000080030800] -> 0x006F
mem[X,0x0000000080030802] -> 0x0040
[7701] [M]: 0x0000000080030800 (0x0040006F) jal zero, 0x4
mem[X,0x0000000080030804] -> 0xBC23
mem[X,0x0000000080030806] -> 0x6A20
[7702] [M]: 0x0000000080030804 (0x6A20BC23) sd sp, 0x6b8(ra)
mem[0x0000000080046090] <- 0x0000000000000003
mem[X,0x0000000080030808] -> 0x0537
mem[X,0x000000008003080A] -> 0x0000
[7703] [M]: 0x0000000080030808 (0x00000537) lui a0, 0x0
x10 <- 0x0000000000000000
mem[X,0x000000008003080C] -> 0x0513
mem[X,0x000000008003080E] -> 0x0005
[7704] [M]: 0x000000008003080C (0x00050513) addi a0, a0, 0x0
x10 <- 0x0000000000000000
mem[X,0x0000000080030810] -> 0x1513
mem[X,0x0000000080030812] -> 0x00B5
[7705] [M]: 0x0000000080030810 (0x00B51513) slli a0, a0, 0xb
x10 <- 0x0000000000000000
mem[X,0x0000000080030814] -> 0x0513
mem[X,0x0000000080030816] -> 0x5A85
[7706] [M]: 0x0000000080030814 (0x5A850513) addi a0, a0, 0x5a8
x10 <- 0x00000000000005A8
mem[X,0x0000000080030818] -> 0x1513
mem[X,0x000000008003081A] -> 0x00B5
[7707] [M]: 0x0000000080030818 (0x00B51513) slli a0, a0, 0xb
x10 <- 0x00000000002D4000
mem[X,0x000000008003081C] -> 0x0513
mem[X,0x000000008003081E] -> 0x13C5
[7708] [M]: 0x000000008003081C (0x13C50513) addi a0, a0, 0x13c
x10 <- 0x00000000002D413C
mem[X,0x0000000080030820] -> 0x1513
mem[X,0x0000000080030822] -> 0x00A5
[7709] [M]: 0x0000000080030820 (0x00A51513) slli a0, a0, 0xa
x10 <- 0x00000000B504F000
mem[X,0x0000000080030824] -> 0x0513
mem[X,0x0000000080030826] -> 0x3325
[7710] [M]: 0x0000000080030824 (0x33250513) addi a0, a0, 0x332
x10 <- 0x00000000B504F332
mem[X,0x0000000080030828] -> 0x0593
mem[X,0x000000008003082A] -> 0x0000
[7711] [M]: 0x0000000080030828 (0x00000593) addi a1, zero, 0x0
x11 <- 0x0000000000000000
mem[X,0x000000008003082C] -> 0x0113
mem[X,0x000000008003082E] -> 0x0000
[7712] [M]: 0x000000008003082C (0x00000113) addi sp, zero, 0x0
x2 <- 0x0000000000000000
mem[X,0x0000000080030830] -> 0x006F
mem[X,0x0000000080030832] -> 0x2B10
[7713] [M]: 0x0000000080030830 (0x2B10006F) jal zero, 0xab0
mem[X,0x00000000800312E0] -> 0x1A63
mem[X,0x00000000800312E2] -> 0xD4B5
[7714] [M]: 0x00000000800312E0 (0xD4B51A63) bne a0, a1, -0xaac
mem[X,0x0000000080030834] -> 0x0113
mem[X,0x0000000080030836] -> 0x0011
[7715] [M]: 0x0000000080030834 (0x00110113) addi sp, sp, 0x1
x2 <- 0x0000000000000001
mem[X,0x0000000080030838] -> 0x006F
mem[X,0x000000008003083A] -> 0x2BD0
[7716] [M]: 0x0000000080030838 (0x2BD0006F) jal zero, 0xabc
mem[X,0x00000000800312F4] -> 0xB023
mem[X,0x00000000800312F6] -> 0x6C20
[7717] [M]: 0x00000000800312F4 (0x6C20B023) sd sp, 0x6c0(ra)
mem[0x0000000080046098] <- 0x0000000000000001
mem[X,0x00000000800312F8] -> 0x0537
mem[X,0x00000000800312FA] -> 0x0000
[7718] [M]: 0x00000000800312F8 (0x00000537) lui a0, 0x0
x10 <- 0x0000000000000000
mem[X,0x00000000800312FC] -> 0x0513
mem[X,0x00000000800312FE] -> 0x0005
[7719] [M]: 0x00000000800312FC (0x00050513) addi a0, a0, 0x0
x10 <- 0x0000000000000000
mem[X,0x0000000080031300] -> 0x1513
mem[X,0x0000000080031302] -> 0x00B5
[7720] [M]: 0x0000000080031300 (0x00B51513) slli a0, a0, 0xb
x10 <- 0x0000000000000000
mem[X,0x0000000080031304] -> 0x0513
mem[X,0x0000000080031306] -> 0x5A85
[7721] [M]: 0x0000000080031304 (0x5A850513) addi a0, a0, 0x5a8
x10 <- 0x00000000000005A8
mem[X,0x0000000080031308] -> 0x1513
mem[X,0x000000008003130A] -> 0x00B5
[7722] [M]: 0x0000000080031308 (0x00B51513) slli a0, a0, 0xb
x10 <- 0x00000000002D4000
mem[X,0x000000008003130C] -> 0x0513
mem[X,0x000000008003130E] -> 0x13C5
[7723] [M]: 0x000000008003130C (0x13C50513) addi a0, a0, 0x13c
x10 <- 0x00000000002D413C
mem[X,0x0000000080031310] -> 0x1513
mem[X,0x0000000080031312] -> 0x00A5
[7724] [M]: 0x0000000080031310 (0x00A51513) slli a0, a0, 0xa
x10 <- 0x00000000B504F000
mem[X,0x0000000080031314] -> 0x0513
mem[X,0x0000000080031316] -> 0x3325
[7725] [M]: 0x0000000080031314 (0x33250513) addi a0, a0, 0x332
x10 <- 0x00000000B504F332
mem[X,0x0000000080031318] -> 0x0593
mem[X,0x000000008003131A] -> 0x0040
[7726] [M]: 0x0000000080031318 (0x00400593) addi a1, zero, 0x4
x11 <- 0x0000000000000004
mem[X,0x000000008003131C] -> 0x0113
mem[X,0x000000008003131E] -> 0x0000
[7727] [M]: 0x000000008003131C (0x00000113) addi sp, zero, 0x0
x2 <- 0x0000000000000000
mem[X,0x0000000080031320] -> 0x006F
mem[X,0x0000000080031322] -> 0x00C0
[7728] [M]: 0x0000000080031320 (0x00C0006F) jal zero, 0xc
mem[X,0x000000008003132C] -> 0x1663
mem[X,0x000000008003132E] -> 0x00B5
[7729] [M]: 0x000000008003132C (0x00B51663) bne a0, a1, 0xc
mem[X,0x0000000080031338] -> 0x0113
mem[X,0x000000008003133A] -> 0x0031
[7730] [M]: 0x0000000080031338 (0x00310113) addi sp, sp, 0x3
x2 <- 0x0000000000000003
mem[X,0x000000008003133C] -> 0x006F
mem[X,0x000000008003133E] -> 0x0040
[7731] [M]: 0x000000008003133C (0x0040006F) jal zero, 0x4
mem[X,0x0000000080031340] -> 0xB423
mem[X,0x0000000080031342] -> 0x6C20
[7732] [M]: 0x0000000080031340 (0x6C20B423) sd sp, 0x6c8(ra)
mem[0x00000000800460A0] <- 0x0000000000000003
mem[X,0x0000000080031344] -> 0x0537
mem[X,0x0000000080031346] -> 0x0000
[7733] [M]: 0x0000000080031344 (0x00000537) lui a0, 0x0
x10 <- 0x0000000000000000
mem[X,0x0000000080031348] -> 0x0513
mem[X,0x000000008003134A] -> 0x0005
[7734] [M]: 0x0000000080031348 (0x00050513) addi a0, a0, 0x0
x10 <- 0x0000000000000000
mem[X,0x000000008003134C] -> 0x1513
mem[X,0x000000008003134E] -> 0x00B5
[7735] [M]: 0x000000008003134C (0x00B51513) slli a0, a0, 0xb
x10 <- 0x0000000000000000
mem[X,0x0000000080031350] -> 0x0513
mem[X,0x0000000080031352] -> 0x5A85
[7736] [M]: 0x0000000080031350 (0x5A850513) addi a0, a0, 0x5a8
x10 <- 0x00000000000005A8
mem[X,0x0000000080031354] -> 0x1513
mem[X,0x0000000080031356] -> 0x00B5
[7737] [M]: 0x0000000080031354 (0x00B51513) slli a0, a0, 0xb
x10 <- 0x00000000002D4000
mem[X,0x0000000080031358] -> 0x0513
mem[X,0x000000008003135A] -> 0x13C5
[7738] [M]: 0x0000000080031358 (0x13C50513) addi a0, a0, 0x13c
x10 <- 0x00000000002D413C
mem[X,0x000000008003135C] -> 0x1513
mem[X,0x000000008003135E] -> 0x00A5
[7739] [M]: 0x000000008003135C (0x00A51513) slli a0, a0, 0xa
x10 <- 0x00000000B504F000
mem[X,0x0000000080031360] -> 0x0513
mem[X,0x0000000080031362] -> 0x3325
[7740] [M]: 0x0000000080031360 (0x33250513) addi a0, a0, 0x332
x10 <- 0x00000000B504F332
mem[X,0x0000000080031364] -> 0x35B7
mem[X,0x0000000080031366] -> 0x3333
[7741] [M]: 0x0000000080031364 (0x333335B7) lui a1, 0x33333
x11 <- 0x0000000033333000
mem[X,0x0000000080031368] -> 0x8593
mem[X,0x000000008003136A] -> 0x3335
[7742] [M]: 0x0000000080031368 (0x33358593) addi a1, a1, 0x333
x11 <- 0x0000000033333333
mem[X,0x000000008003136C] -> 0x9593
mem[X,0x000000008003136E] -> 0x00B5
[7743] [M]: 0x000000008003136C (0x00B59593) slli a1, a1, 0xb
x11 <- 0x0000019999999800
mem[X,0x0000000080031370] -> 0x8593
mem[X,0x0000000080031372] -> 0x1995
[7744] [M]: 0x0000000080031370 (0x19958593) addi a1, a1, 0x199
x11 <- 0x0000019999999999
mem[X,0x0000000080031374] -> 0x9593
mem[X,0x0000000080031376] -> 0x00B5
[7745] [M]: 0x0000000080031374 (0x00B59593) slli a1, a1, 0xb
x11 <- 0x000CCCCCCCCCC800
mem[X,0x0000000080031378] -> 0x8593
mem[X,0x000000008003137A] -> 0x4CC5
[7746] [M]: 0x0000000080031378 (0x4CC58593) addi a1, a1, 0x4cc
x11 <- 0x000CCCCCCCCCCCCC
mem[X,0x000000008003137C] -> 0x9593
mem[X,0x000000008003137E] -> 0x00A5
[7747] [M]: 0x000000008003137C (0x00A59593) slli a1, a1, 0xa
x11 <- 0x3333333333333000
mem[X,0x0000000080031380] -> 0x8593
mem[X,0x0000000080031382] -> 0x3325
[7748] [M]: 0x0000000080031380 (0x33258593) addi a1, a1, 0x332
x11 <- 0x3333333333333332
mem[X,0x0000000080031384] -> 0x0113
mem[X,0x0000000080031386] -> 0x0000
[7749] [M]: 0x0000000080031384 (0x00000113) addi sp, zero, 0x0
x2 <- 0x0000000000000000
mem[X,0x0000000080031388] -> 0x006F
mem[X,0x000000008003138A] -> 0x00C0
[7750] [M]: 0x0000000080031388 (0x00C0006F) jal zero, 0xc
mem[X,0x0000000080031394] -> 0x1663
mem[X,0x0000000080031396] -> 0x00B5
[7751] [M]: 0x0000000080031394 (0x00B51663) bne a0, a1, 0xc
mem[X,0x00000000800313A0] -> 0x0113
mem[X,0x00000000800313A2] -> 0x0031
[7752] [M]: 0x00000000800313A0 (0x00310113) addi sp, sp, 0x3
x2 <- 0x0000000000000003
mem[X,0x00000000800313A4] -> 0x006F
mem[X,0x00000000800313A6] -> 0x0040
[7753] [M]: 0x00000000800313A4 (0x0040006F) jal zero, 0x4
mem[X,0x00000000800313A8] -> 0xB823
mem[X,0x00000000800313AA] -> 0x6C20
[7754] [M]: 0x00000000800313A8 (0x6C20B823) sd sp, 0x6d0(ra)
mem[0x00000000800460A8] <- 0x0000000000000003
mem[X,0x00000000800313AC] -> 0x0537
mem[X,0x00000000800313AE] -> 0x0000
[7755] [M]: 0x00000000800313AC (0x00000537) lui a0, 0x0
x10 <- 0x0000000000000000
mem[X,0x00000000800313B0] -> 0x0513
mem[X,0x00000000800313B2] -> 0x0005
[7756] [M]: 0x00000000800313B0 (0x00050513) addi a0, a0, 0x0
x10 <- 0x0000000000000000
mem[X,0x00000000800313B4] -> 0x1513
mem[X,0x00000000800313B6] -> 0x00B5
[7757] [M]: 0x00000000800313B4 (0x00B51513) slli a0, a0, 0xb
x10 <- 0x0000000000000000
mem[X,0x00000000800313B8] -> 0x0513
mem[X,0x00000000800313BA] -> 0x5A85
[7758] [M]: 0x00000000800313B8 (0x5A850513) addi a0, a0, 0x5a8
x10 <- 0x00000000000005A8
mem[X,0x00000000800313BC] -> 0x1513
mem[X,0x00000000800313BE] -> 0x00B5
[7759] [M]: 0x00000000800313BC (0x00B51513) slli a0, a0, 0xb
x10 <- 0x00000000002D4000
mem[X,0x00000000800313C0] -> 0x0513
mem[X,0x00000000800313C2] -> 0x13C5
[7760] [M]: 0x00000000800313C0 (0x13C50513) addi a0, a0, 0x13c
x10 <- 0x00000000002D413C
mem[X,0x00000000800313C4] -> 0x1513
mem[X,0x00000000800313C6] -> 0x00A5
[7761] [M]: 0x00000000800313C4 (0x00A51513) slli a0, a0, 0xa
x10 <- 0x00000000B504F000
mem[X,0x00000000800313C8] -> 0x0513
mem[X,0x00000000800313CA] -> 0x3325
[7762] [M]: 0x00000000800313C8 (0x33250513) addi a0, a0, 0x332
x10 <- 0x00000000B504F332
mem[X,0x00000000800313CC] -> 0x65B7
mem[X,0x00000000800313CE] -> 0x6666
[7763] [M]: 0x00000000800313CC (0x666665B7) lui a1, 0x66666
x11 <- 0x0000000066666000
mem[X,0x00000000800313D0] -> 0x8593
mem[X,0x00000000800313D2] -> 0x6665
[7764] [M]: 0x00000000800313D0 (0x66658593) addi a1, a1, 0x666
x11 <- 0x0000000066666666
mem[X,0x00000000800313D4] -> 0x9593
mem[X,0x00000000800313D6] -> 0x00B5
[7765] [M]: 0x00000000800313D4 (0x00B59593) slli a1, a1, 0xb
x11 <- 0x0000033333333000
mem[X,0x00000000800313D8] -> 0x8593
mem[X,0x00000000800313DA] -> 0x3335
[7766] [M]: 0x00000000800313D8 (0x33358593) addi a1, a1, 0x333
x11 <- 0x0000033333333333
mem[X,0x00000000800313DC] -> 0x9593
mem[X,0x00000000800313DE] -> 0x00B5
[7767] [M]: 0x00000000800313DC (0x00B59593) slli a1, a1, 0xb
x11 <- 0x0019999999999800
mem[X,0x00000000800313E0] -> 0x8593
mem[X,0x00000000800313E2] -> 0x1995
[7768] [M]: 0x00000000800313E0 (0x19958593) addi a1, a1, 0x199
x11 <- 0x0019999999999999
mem[X,0x00000000800313E4] -> 0x9593
mem[X,0x00000000800313E6] -> 0x00A5
[7769] [M]: 0x00000000800313E4 (0x00A59593) slli a1, a1, 0xa
x11 <- 0x6666666666666400
mem[X,0x00000000800313E8] -> 0x8593
mem[X,0x00000000800313EA] -> 0x2655
[7770] [M]: 0x00000000800313E8 (0x26558593) addi a1, a1, 0x265
x11 <- 0x6666666666666665
mem[X,0x00000000800313EC] -> 0x0113
mem[X,0x00000000800313EE] -> 0x0000
[7771] [M]: 0x00000000800313EC (0x00000113) addi sp, zero, 0x0
x2 <- 0x0000000000000000
mem[X,0x00000000800313F0] -> 0x006F
mem[X,0x00000000800313F2] -> 0x0180
[7772] [M]: 0x00000000800313F0 (0x0180006F) jal zero, 0x18
mem[X,0x0000000080031408] -> 0x16E3
mem[X,0x000000008003140A] -> 0xFEB5
[7773] [M]: 0x0000000080031408 (0xFEB516E3) bne a0, a1, -0x14
mem[X,0x00000000800313F4] -> 0x0113
mem[X,0x00000000800313F6] -> 0x0011
[7774] [M]: 0x00000000800313F4 (0x00110113) addi sp, sp, 0x1
x2 <- 0x0000000000000001
mem[X,0x00000000800313F8] -> 0x006F
mem[X,0x00000000800313FA] -> 0x0240
[7775] [M]: 0x00000000800313F8 (0x0240006F) jal zero, 0x24
mem[X,0x000000008003141C] -> 0xBC23
mem[X,0x000000008003141E] -> 0x6C20
[7776] [M]: 0x000000008003141C (0x6C20BC23) sd sp, 0x6d8(ra)
mem[0x00000000800460B0] <- 0x0000000000000001
mem[X,0x0000000080031420] -> 0x0537
mem[X,0x0000000080031422] -> 0x0000
[7777] [M]: 0x0000000080031420 (0x00000537) lui a0, 0x0
x10 <- 0x0000000000000000
mem[X,0x0000000080031424] -> 0x0513
mem[X,0x0000000080031426] -> 0x0005
[7778] [M]: 0x0000000080031424 (0x00050513) addi a0, a0, 0x0
x10 <- 0x0000000000000000
mem[X,0x0000000080031428] -> 0x1513
mem[X,0x000000008003142A] -> 0x00B5
[7779] [M]: 0x0000000080031428 (0x00B51513) slli a0, a0, 0xb
x10 <- 0x0000000000000000
mem[X,0x000000008003142C] -> 0x0513
mem[X,0x000000008003142E] -> 0x5A85
[7780] [M]: 0x000000008003142C (0x5A850513) addi a0, a0, 0x5a8
x10 <- 0x00000000000005A8
mem[X,0x0000000080031430] -> 0x1513
mem[X,0x0000000080031432] -> 0x00B5
[7781] [M]: 0x0000000080031430 (0x00B51513) slli a0, a0, 0xb
x10 <- 0x00000000002D4000
mem[X,0x0000000080031434] -> 0x0513
mem[X,0x0000000080031436] -> 0x13C5
[7782] [M]: 0x0000000080031434 (0x13C50513) addi a0, a0, 0x13c
x10 <- 0x00000000002D413C
mem[X,0x0000000080031438] -> 0x1513
mem[X,0x000000008003143A] -> 0x00A5
[7783] [M]: 0x0000000080031438 (0x00A51513) slli a0, a0, 0xa
x10 <- 0x00000000B504F000
mem[X,0x000000008003143C] -> 0x0513
mem[X,0x000000008003143E] -> 0x3325
[7784] [M]: 0x000000008003143C (0x33250513) addi a0, a0, 0x332
x10 <- 0x00000000B504F332
mem[X,0x0000000080031440] -> 0x05B7
mem[X,0x0000000080031442] -> 0x0000
[7785] [M]: 0x0000000080031440 (0x000005B7) lui a1, 0x0
x11 <- 0x0000000000000000
mem[X,0x0000000080031444] -> 0x8593
mem[X,0x0000000080031446] -> 0x0005
[7786] [M]: 0x0000000080031444 (0x00058593) addi a1, a1, 0x0
x11 <- 0x0000000000000000
mem[X,0x0000000080031448] -> 0x9593
mem[X,0x000000008003144A] -> 0x00B5
[7787] [M]: 0x0000000080031448 (0x00B59593) slli a1, a1, 0xb
x11 <- 0x0000000000000000
mem[X,0x000000008003144C] -> 0x8593
mem[X,0x000000008003144E] -> 0x5A85
[7788] [M]: 0x000000008003144C (0x5A858593) addi a1, a1, 0x5a8
x11 <- 0x00000000000005A8
mem[X,0x0000000080031450] -> 0x9593
mem[X,0x0000000080031452] -> 0x00B5
[7789] [M]: 0x0000000080031450 (0x00B59593) slli a1, a1, 0xb
x11 <- 0x00000000002D4000
mem[X,0x0000000080031454] -> 0x8593
mem[X,0x0000000080031456] -> 0x13C5
[7790] [M]: 0x0000000080031454 (0x13C58593) addi a1, a1, 0x13c
x11 <- 0x00000000002D413C
mem[X,0x0000000080031458] -> 0x9593
mem[X,0x000000008003145A] -> 0x00A5
[7791] [M]: 0x0000000080031458 (0x00A59593) slli a1, a1, 0xa
x11 <- 0x00000000B504F000
mem[X,0x000000008003145C] -> 0x8593
mem[X,0x000000008003145E] -> 0x3325
[7792] [M]: 0x000000008003145C (0x33258593) addi a1, a1, 0x332
x11 <- 0x00000000B504F332
mem[X,0x0000000080031460] -> 0x0113
mem[X,0x0000000080031462] -> 0x0000
[7793] [M]: 0x0000000080031460 (0x00000113) addi sp, zero, 0x0
x2 <- 0x0000000000000000
mem[X,0x0000000080031464] -> 0x006F
mem[X,0x0000000080031466] -> 0x2B10
[7794] [M]: 0x0000000080031464 (0x2B10006F) jal zero, 0xab0
mem[X,0x0000000080031F14] -> 0x1A63
mem[X,0x0000000080031F16] -> 0xD4B5
[7795] [M]: 0x0000000080031F14 (0xD4B51A63) bne a0, a1, -0xaac
mem[X,0x0000000080031F18] -> 0x0113
mem[X,0x0000000080031F1A] -> 0x0021
[7796] [M]: 0x0000000080031F18 (0x00210113) addi sp, sp, 0x2
x2 <- 0x0000000000000002
mem[X,0x0000000080031F1C] -> 0x006F
mem[X,0x0000000080031F1E] -> 0x00C0
[7797] [M]: 0x0000000080031F1C (0x00C0006F) jal zero, 0xc
mem[X,0x0000000080031F28] -> 0xB023
mem[X,0x0000000080031F2A] -> 0x6E20
[7798] [M]: 0x0000000080031F28 (0x6E20B023) sd sp, 0x6e0(ra)
mem[0x00000000800460B8] <- 0x0000000000000002
mem[X,0x0000000080031F2C] -> 0x0537
mem[X,0x0000000080031F2E] -> 0x0000
[7799] [M]: 0x0000000080031F2C (0x00000537) lui a0, 0x0
x10 <- 0x0000000000000000
clint::tick mtime <- 0x000000000000004E
 clint timer pending at mtime 0x000000000000004E
htif::tick 0x0000000000000000
mem[X,0x0000000080031F30] -> 0x0513
mem[X,0x0000000080031F32] -> 0x0005
[7800] [M]: 0x0000000080031F30 (0x00050513) addi a0, a0, 0x0
x10 <- 0x0000000000000000
mem[X,0x0000000080031F34] -> 0x1513
mem[X,0x0000000080031F36] -> 0x00B5
[7801] [M]: 0x0000000080031F34 (0x00B51513) slli a0, a0, 0xb
x10 <- 0x0000000000000000
mem[X,0x0000000080031F38] -> 0x0513
mem[X,0x0000000080031F3A] -> 0x5A85
[7802] [M]: 0x0000000080031F38 (0x5A850513) addi a0, a0, 0x5a8
x10 <- 0x00000000000005A8
mem[X,0x0000000080031F3C] -> 0x1513
mem[X,0x0000000080031F3E] -> 0x00B5
[7803] [M]: 0x0000000080031F3C (0x00B51513) slli a0, a0, 0xb
x10 <- 0x00000000002D4000
mem[X,0x0000000080031F40] -> 0x0513
mem[X,0x0000000080031F42] -> 0x13C5
[7804] [M]: 0x0000000080031F40 (0x13C50513) addi a0, a0, 0x13c
x10 <- 0x00000000002D413C
mem[X,0x0000000080031F44] -> 0x1513
mem[X,0x0000000080031F46] -> 0x00A5
[7805] [M]: 0x0000000080031F44 (0x00A51513) slli a0, a0, 0xa
x10 <- 0x00000000B504F000
mem[X,0x0000000080031F48] -> 0x0513
mem[X,0x0000000080031F4A] -> 0x3325
[7806] [M]: 0x0000000080031F48 (0x33250513) addi a0, a0, 0x332
x10 <- 0x00000000B504F332
mem[X,0x0000000080031F4C] -> 0x55B7
mem[X,0x0000000080031F4E] -> 0x5555
[7807] [M]: 0x0000000080031F4C (0x555555B7) lui a1, 0x55555
x11 <- 0x0000000055555000
mem[X,0x0000000080031F50] -> 0x8593
mem[X,0x0000000080031F52] -> 0x5555
[7808] [M]: 0x0000000080031F50 (0x55558593) addi a1, a1, 0x555
x11 <- 0x0000000055555555
mem[X,0x0000000080031F54] -> 0x9593
mem[X,0x0000000080031F56] -> 0x00B5
[7809] [M]: 0x0000000080031F54 (0x00B59593) slli a1, a1, 0xb
x11 <- 0x000002AAAAAAA800
mem[X,0x0000000080031F58] -> 0x8593
mem[X,0x0000000080031F5A] -> 0x2AA5
[7810] [M]: 0x0000000080031F58 (0x2AA58593) addi a1, a1, 0x2aa
x11 <- 0x000002AAAAAAAAAA
mem[X,0x0000000080031F5C] -> 0x9593
mem[X,0x0000000080031F5E] -> 0x00B5
[7811] [M]: 0x0000000080031F5C (0x00B59593) slli a1, a1, 0xb
x11 <- 0x0015555555555000
mem[X,0x0000000080031F60] -> 0x8593
mem[X,0x0000000080031F62] -> 0x5555
[7812] [M]: 0x0000000080031F60 (0x55558593) addi a1, a1, 0x555
x11 <- 0x0015555555555555
mem[X,0x0000000080031F64] -> 0x9593
mem[X,0x0000000080031F66] -> 0x00A5
[7813] [M]: 0x0000000080031F64 (0x00A59593) slli a1, a1, 0xa
x11 <- 0x5555555555555400
mem[X,0x0000000080031F68] -> 0x8593
mem[X,0x0000000080031F6A] -> 0x1565
[7814] [M]: 0x0000000080031F68 (0x15658593) addi a1, a1, 0x156
x11 <- 0x5555555555555556
mem[X,0x0000000080031F6C] -> 0x0113
mem[X,0x0000000080031F6E] -> 0x0000
[7815] [M]: 0x0000000080031F6C (0x00000113) addi sp, zero, 0x0
x2 <- 0x0000000000000000
mem[X,0x0000000080031F70] -> 0x006F
mem[X,0x0000000080031F72] -> 0x00C0
[7816] [M]: 0x0000000080031F70 (0x00C0006F) jal zero, 0xc
mem[X,0x0000000080031F7C] -> 0x1663
mem[X,0x0000000080031F7E] -> 0x00B5
[7817] [M]: 0x0000000080031F7C (0x00B51663) bne a0, a1, 0xc
mem[X,0x0000000080031F88] -> 0x0113
mem[X,0x0000000080031F8A] -> 0x0031
[7818] [M]: 0x0000000080031F88 (0x00310113) addi sp, sp, 0x3
x2 <- 0x0000000000000003
mem[X,0x0000000080031F8C] -> 0x006F
mem[X,0x0000000080031F8E] -> 0x0040
[7819] [M]: 0x0000000080031F8C (0x0040006F) jal zero, 0x4
mem[X,0x0000000080031F90] -> 0xB423
mem[X,0x0000000080031F92] -> 0x6E20
[7820] [M]: 0x0000000080031F90 (0x6E20B423) sd sp, 0x6e8(ra)
mem[0x00000000800460C0] <- 0x0000000000000003
mem[X,0x0000000080031F94] -> 0x0537
mem[X,0x0000000080031F96] -> 0x0000
[7821] [M]: 0x0000000080031F94 (0x00000537) lui a0, 0x0
x10 <- 0x0000000000000000
mem[X,0x0000000080031F98] -> 0x0513
mem[X,0x0000000080031F9A] -> 0x0005
[7822] [M]: 0x0000000080031F98 (0x00050513) addi a0, a0, 0x0
x10 <- 0x0000000000000000
mem[X,0x0000000080031F9C] -> 0x1513
mem[X,0x0000000080031F9E] -> 0x00B5
[7823] [M]: 0x0000000080031F9C (0x00B51513) slli a0, a0, 0xb
x10 <- 0x0000000000000000
mem[X,0x0000000080031FA0] -> 0x0513
mem[X,0x0000000080031FA2] -> 0x5A85
[7824] [M]: 0x0000000080031FA0 (0x5A850513) addi a0, a0, 0x5a8
x10 <- 0x00000000000005A8
mem[X,0x0000000080031FA4] -> 0x1513
mem[X,0x0000000080031FA6] -> 0x00B5
[7825] [M]: 0x0000000080031FA4 (0x00B51513) slli a0, a0, 0xb
x10 <- 0x00000000002D4000
mem[X,0x0000000080031FA8] -> 0x0513
mem[X,0x0000000080031FAA] -> 0x13C5
[7826] [M]: 0x0000000080031FA8 (0x13C50513) addi a0, a0, 0x13c
x10 <- 0x00000000002D413C
mem[X,0x0000000080031FAC] -> 0x1513
mem[X,0x0000000080031FAE] -> 0x00A5
[7827] [M]: 0x0000000080031FAC (0x00A51513) slli a0, a0, 0xa
x10 <- 0x00000000B504F000
mem[X,0x0000000080031FB0] -> 0x0513
mem[X,0x0000000080031FB2] -> 0x3325
[7828] [M]: 0x0000000080031FB0 (0x33250513) addi a0, a0, 0x332
x10 <- 0x00000000B504F332
mem[X,0x0000000080031FB4] -> 0xB5B7
mem[X,0x0000000080031FB6] -> 0xAAAA
[7829] [M]: 0x0000000080031FB4 (0xAAAAB5B7) lui a1, -0x55555
x11 <- 0xFFFFFFFFAAAAB000
mem[X,0x0000000080031FB8] -> 0x8593
mem[X,0x0000000080031FBA] -> 0xAAA5
[7830] [M]: 0x0000000080031FB8 (0xAAA58593) addi a1, a1, -0x556
x11 <- 0xFFFFFFFFAAAAAAAA
mem[X,0x0000000080031FBC] -> 0x9593
mem[X,0x0000000080031FBE] -> 0x00B5
[7831] [M]: 0x0000000080031FBC (0x00B59593) slli a1, a1, 0xb
x11 <- 0xFFFFFD5555555000
mem[X,0x0000000080031FC0] -> 0x8593
mem[X,0x0000000080031FC2] -> 0x5555
[7832] [M]: 0x0000000080031FC0 (0x55558593) addi a1, a1, 0x555
x11 <- 0xFFFFFD5555555555
mem[X,0x0000000080031FC4] -> 0x9593
mem[X,0x0000000080031FC6] -> 0x00B5
[7833] [M]: 0x0000000080031FC4 (0x00B59593) slli a1, a1, 0xb
x11 <- 0xFFEAAAAAAAAAA800
mem[X,0x0000000080031FC8] -> 0x8593
mem[X,0x0000000080031FCA] -> 0x2AA5
[7834] [M]: 0x0000000080031FC8 (0x2AA58593) addi a1, a1, 0x2aa
x11 <- 0xFFEAAAAAAAAAAAAA
mem[X,0x0000000080031FCC] -> 0x9593
mem[X,0x0000000080031FCE] -> 0x00A5
[7835] [M]: 0x0000000080031FCC (0x00A59593) slli a1, a1, 0xa
x11 <- 0xAAAAAAAAAAAAA800
mem[X,0x0000000080031FD0] -> 0x8593
mem[X,0x0000000080031FD2] -> 0x2AB5
[7836] [M]: 0x0000000080031FD0 (0x2AB58593) addi a1, a1, 0x2ab
x11 <- 0xAAAAAAAAAAAAAAAB
mem[X,0x0000000080031FD4] -> 0x0113
mem[X,0x0000000080031FD6] -> 0x0000
[7837] [M]: 0x0000000080031FD4 (0x00000113) addi sp, zero, 0x0
x2 <- 0x0000000000000000
mem[X,0x0000000080031FD8] -> 0x006F
mem[X,0x0000000080031FDA] -> 0x00C0
[7838] [M]: 0x0000000080031FD8 (0x00C0006F) jal zero, 0xc
mem[X,0x0000000080031FE4] -> 0x1063
mem[X,0x0000000080031FE6] -> 0x08B5
[7839] [M]: 0x0000000080031FE4 (0x08B51063) bne a0, a1, 0x80
mem[X,0x0000000080032064] -> 0x0113
mem[X,0x0000000080032066] -> 0x0031
[7840] [M]: 0x0000000080032064 (0x00310113) addi sp, sp, 0x3
x2 <- 0x0000000000000003
mem[X,0x0000000080032068] -> 0x006F
mem[X,0x000000008003206A] -> 0x0040
[7841] [M]: 0x0000000080032068 (0x0040006F) jal zero, 0x4
mem[X,0x000000008003206C] -> 0xB823
mem[X,0x000000008003206E] -> 0x6E20
[7842] [M]: 0x000000008003206C (0x6E20B823) sd sp, 0x6f0(ra)
mem[0x00000000800460C8] <- 0x0000000000000003
mem[X,0x0000000080032070] -> 0x0537
mem[X,0x0000000080032072] -> 0x0000
[7843] [M]: 0x0000000080032070 (0x00000537) lui a0, 0x0
x10 <- 0x0000000000000000
mem[X,0x0000000080032074] -> 0x0513
mem[X,0x0000000080032076] -> 0x0005
[7844] [M]: 0x0000000080032074 (0x00050513) addi a0, a0, 0x0
x10 <- 0x0000000000000000
mem[X,0x0000000080032078] -> 0x1513
mem[X,0x000000008003207A] -> 0x00B5
[7845] [M]: 0x0000000080032078 (0x00B51513) slli a0, a0, 0xb
x10 <- 0x0000000000000000
mem[X,0x000000008003207C] -> 0x0513
mem[X,0x000000008003207E] -> 0x5A85
[7846] [M]: 0x000000008003207C (0x5A850513) addi a0, a0, 0x5a8
x10 <- 0x00000000000005A8
mem[X,0x0000000080032080] -> 0x1513
mem[X,0x0000000080032082] -> 0x00B5
[7847] [M]: 0x0000000080032080 (0x00B51513) slli a0, a0, 0xb
x10 <- 0x00000000002D4000
mem[X,0x0000000080032084] -> 0x0513
mem[X,0x0000000080032086] -> 0x13C5
[7848] [M]: 0x0000000080032084 (0x13C50513) addi a0, a0, 0x13c
x10 <- 0x00000000002D413C
mem[X,0x0000000080032088] -> 0x1513
mem[X,0x000000008003208A] -> 0x00A5
[7849] [M]: 0x0000000080032088 (0x00A51513) slli a0, a0, 0xa
x10 <- 0x00000000B504F000
mem[X,0x000000008003208C] -> 0x0513
mem[X,0x000000008003208E] -> 0x3325
[7850] [M]: 0x000000008003208C (0x33250513) addi a0, a0, 0x332
x10 <- 0x00000000B504F332
mem[X,0x0000000080032090] -> 0x0593
mem[X,0x0000000080032092] -> 0x0060
[7851] [M]: 0x0000000080032090 (0x00600593) addi a1, zero, 0x6
x11 <- 0x0000000000000006
mem[X,0x0000000080032094] -> 0x0113
mem[X,0x0000000080032096] -> 0x0000
[7852] [M]: 0x0000000080032094 (0x00000113) addi sp, zero, 0x0
x2 <- 0x0000000000000000
mem[X,0x0000000080032098] -> 0x006F
mem[X,0x000000008003209A] -> 0x00C0
[7853] [M]: 0x0000000080032098 (0x00C0006F) jal zero, 0xc
mem[X,0x00000000800320A4] -> 0x1863
mem[X,0x00000000800320A6] -> 0x00B5
[7854] [M]: 0x00000000800320A4 (0x00B51863) bne a0, a1, 0x10
mem[X,0x00000000800320B4] -> 0x0113
mem[X,0x00000000800320B6] -> 0x0031
[7855] [M]: 0x00000000800320B4 (0x00310113) addi sp, sp, 0x3
x2 <- 0x0000000000000003
mem[X,0x00000000800320B8] -> 0x006F
mem[X,0x00000000800320BA] -> 0x0040
[7856] [M]: 0x00000000800320B8 (0x0040006F) jal zero, 0x4
mem[X,0x00000000800320BC] -> 0xBC23
mem[X,0x00000000800320BE] -> 0x6E20
[7857] [M]: 0x00000000800320BC (0x6E20BC23) sd sp, 0x6f8(ra)
mem[0x00000000800460D0] <- 0x0000000000000003
mem[X,0x00000000800320C0] -> 0x0537
mem[X,0x00000000800320C2] -> 0x0000
[7858] [M]: 0x00000000800320C0 (0x00000537) lui a0, 0x0
x10 <- 0x0000000000000000
mem[X,0x00000000800320C4] -> 0x0513
mem[X,0x00000000800320C6] -> 0x0005
[7859] [M]: 0x00000000800320C4 (0x00050513) addi a0, a0, 0x0
x10 <- 0x0000000000000000
mem[X,0x00000000800320C8] -> 0x1513
mem[X,0x00000000800320CA] -> 0x00B5
[7860] [M]: 0x00000000800320C8 (0x00B51513) slli a0, a0, 0xb
x10 <- 0x0000000000000000
mem[X,0x00000000800320CC] -> 0x0513
mem[X,0x00000000800320CE] -> 0x5A85
[7861] [M]: 0x00000000800320CC (0x5A850513) addi a0, a0, 0x5a8
x10 <- 0x00000000000005A8
mem[X,0x00000000800320D0] -> 0x1513
mem[X,0x00000000800320D2] -> 0x00B5
[7862] [M]: 0x00000000800320D0 (0x00B51513) slli a0, a0, 0xb
x10 <- 0x00000000002D4000
mem[X,0x00000000800320D4] -> 0x0513
mem[X,0x00000000800320D6] -> 0x13C5
[7863] [M]: 0x00000000800320D4 (0x13C50513) addi a0, a0, 0x13c
x10 <- 0x00000000002D413C
mem[X,0x00000000800320D8] -> 0x1513
mem[X,0x00000000800320DA] -> 0x00A5
[7864] [M]: 0x00000000800320D8 (0x00A51513) slli a0, a0, 0xa
x10 <- 0x00000000B504F000
mem[X,0x00000000800320DC] -> 0x0513
mem[X,0x00000000800320DE] -> 0x3325
[7865] [M]: 0x00000000800320DC (0x33250513) addi a0, a0, 0x332
x10 <- 0x00000000B504F332
mem[X,0x00000000800320E0] -> 0x35B7
mem[X,0x00000000800320E2] -> 0x3333
[7866] [M]: 0x00000000800320E0 (0x333335B7) lui a1, 0x33333
x11 <- 0x0000000033333000
mem[X,0x00000000800320E4] -> 0x8593
mem[X,0x00000000800320E6] -> 0x3335
[7867] [M]: 0x00000000800320E4 (0x33358593) addi a1, a1, 0x333
x11 <- 0x0000000033333333
mem[X,0x00000000800320E8] -> 0x9593
mem[X,0x00000000800320EA] -> 0x00B5
[7868] [M]: 0x00000000800320E8 (0x00B59593) slli a1, a1, 0xb
x11 <- 0x0000019999999800
mem[X,0x00000000800320EC] -> 0x8593
mem[X,0x00000000800320EE] -> 0x1995
[7869] [M]: 0x00000000800320EC (0x19958593) addi a1, a1, 0x199
x11 <- 0x0000019999999999
mem[X,0x00000000800320F0] -> 0x9593
mem[X,0x00000000800320F2] -> 0x00B5
[7870] [M]: 0x00000000800320F0 (0x00B59593) slli a1, a1, 0xb
x11 <- 0x000CCCCCCCCCC800
mem[X,0x00000000800320F4] -> 0x8593
mem[X,0x00000000800320F6] -> 0x4CC5
[7871] [M]: 0x00000000800320F4 (0x4CC58593) addi a1, a1, 0x4cc
x11 <- 0x000CCCCCCCCCCCCC
mem[X,0x00000000800320F8] -> 0x9593
mem[X,0x00000000800320FA] -> 0x00A5
[7872] [M]: 0x00000000800320F8 (0x00A59593) slli a1, a1, 0xa
x11 <- 0x3333333333333000
mem[X,0x00000000800320FC] -> 0x8593
mem[X,0x00000000800320FE] -> 0x3345
[7873] [M]: 0x00000000800320FC (0x33458593) addi a1, a1, 0x334
x11 <- 0x3333333333333334
mem[X,0x0000000080032100] -> 0x0113
mem[X,0x0000000080032102] -> 0x0000
[7874] [M]: 0x0000000080032100 (0x00000113) addi sp, zero, 0x0
x2 <- 0x0000000000000000
mem[X,0x0000000080032104] -> 0x006F
mem[X,0x0000000080032106] -> 0x00C0
[7875] [M]: 0x0000000080032104 (0x00C0006F) jal zero, 0xc
mem[X,0x0000000080032110] -> 0x1063
mem[X,0x0000000080032112] -> 0x10B5
[7876] [M]: 0x0000000080032110 (0x10B51063) bne a0, a1, 0x100
mem[X,0x0000000080032210] -> 0x0113
mem[X,0x0000000080032212] -> 0x0031
[7877] [M]: 0x0000000080032210 (0x00310113) addi sp, sp, 0x3
x2 <- 0x0000000000000003
mem[X,0x0000000080032214] -> 0x006F
mem[X,0x0000000080032216] -> 0x0040
[7878] [M]: 0x0000000080032214 (0x0040006F) jal zero, 0x4
mem[X,0x0000000080032218] -> 0xB023
mem[X,0x000000008003221A] -> 0x7020
[7879] [M]: 0x0000000080032218 (0x7020B023) sd sp, 0x700(ra)
mem[0x00000000800460D8] <- 0x0000000000000003
mem[X,0x000000008003221C] -> 0x0537
mem[X,0x000000008003221E] -> 0x0000
[7880] [M]: 0x000000008003221C (0x00000537) lui a0, 0x0
x10 <- 0x0000000000000000
mem[X,0x0000000080032220] -> 0x0513
mem[X,0x0000000080032222] -> 0x0005
[7881] [M]: 0x0000000080032220 (0x00050513) addi a0, a0, 0x0
x10 <- 0x0000000000000000
mem[X,0x0000000080032224] -> 0x1513
mem[X,0x0000000080032226] -> 0x00B5
[7882] [M]: 0x0000000080032224 (0x00B51513) slli a0, a0, 0xb
x10 <- 0x0000000000000000
mem[X,0x0000000080032228] -> 0x0513
mem[X,0x000000008003222A] -> 0x5A85
[7883] [M]: 0x0000000080032228 (0x5A850513) addi a0, a0, 0x5a8
x10 <- 0x00000000000005A8
mem[X,0x000000008003222C] -> 0x1513
mem[X,0x000000008003222E] -> 0x00B5
[7884] [M]: 0x000000008003222C (0x00B51513) slli a0, a0, 0xb
x10 <- 0x00000000002D4000
mem[X,0x0000000080032230] -> 0x0513
mem[X,0x0000000080032232] -> 0x13C5
[7885] [M]: 0x0000000080032230 (0x13C50513) addi a0, a0, 0x13c
x10 <- 0x00000000002D413C
mem[X,0x0000000080032234] -> 0x1513
mem[X,0x0000000080032236] -> 0x00A5
[7886] [M]: 0x0000000080032234 (0x00A51513) slli a0, a0, 0xa
x10 <- 0x00000000B504F000
mem[X,0x0000000080032238] -> 0x0513
mem[X,0x000000008003223A] -> 0x3325
[7887] [M]: 0x0000000080032238 (0x33250513) addi a0, a0, 0x332
x10 <- 0x00000000B504F332
mem[X,0x000000008003223C] -> 0x65B7
mem[X,0x000000008003223E] -> 0x6666
[7888] [M]: 0x000000008003223C (0x666665B7) lui a1, 0x66666
x11 <- 0x0000000066666000
mem[X,0x0000000080032240] -> 0x8593
mem[X,0x0000000080032242] -> 0x6665
[7889] [M]: 0x0000000080032240 (0x66658593) addi a1, a1, 0x666
x11 <- 0x0000000066666666
mem[X,0x0000000080032244] -> 0x9593
mem[X,0x0000000080032246] -> 0x00B5
[7890] [M]: 0x0000000080032244 (0x00B59593) slli a1, a1, 0xb
x11 <- 0x0000033333333000
mem[X,0x0000000080032248] -> 0x8593
mem[X,0x000000008003224A] -> 0x3335
[7891] [M]: 0x0000000080032248 (0x33358593) addi a1, a1, 0x333
x11 <- 0x0000033333333333
mem[X,0x000000008003224C] -> 0x9593
mem[X,0x000000008003224E] -> 0x00B5
[7892] [M]: 0x000000008003224C (0x00B59593) slli a1, a1, 0xb
x11 <- 0x0019999999999800
mem[X,0x0000000080032250] -> 0x8593
mem[X,0x0000000080032252] -> 0x1995
[7893] [M]: 0x0000000080032250 (0x19958593) addi a1, a1, 0x199
x11 <- 0x0019999999999999
mem[X,0x0000000080032254] -> 0x9593
mem[X,0x0000000080032256] -> 0x00A5
[7894] [M]: 0x0000000080032254 (0x00A59593) slli a1, a1, 0xa
x11 <- 0x6666666666666400
mem[X,0x0000000080032258] -> 0x8593
mem[X,0x000000008003225A] -> 0x2675
[7895] [M]: 0x0000000080032258 (0x26758593) addi a1, a1, 0x267
x11 <- 0x6666666666666667
mem[X,0x000000008003225C] -> 0x0113
mem[X,0x000000008003225E] -> 0x0000
[7896] [M]: 0x000000008003225C (0x00000113) addi sp, zero, 0x0
x2 <- 0x0000000000000000
mem[X,0x0000000080032260] -> 0x006F
mem[X,0x0000000080032262] -> 0x00C0
[7897] [M]: 0x0000000080032260 (0x00C0006F) jal zero, 0xc
mem[X,0x000000008003226C] -> 0x1063
mem[X,0x000000008003226E] -> 0x10B5
[7898] [M]: 0x000000008003226C (0x10B51063) bne a0, a1, 0x100
mem[X,0x000000008003236C] -> 0x0113
mem[X,0x000000008003236E] -> 0x0031
[7899] [M]: 0x000000008003236C (0x00310113) addi sp, sp, 0x3
x2 <- 0x0000000000000003
clint::tick mtime <- 0x000000000000004F
 clint timer pending at mtime 0x000000000000004F
htif::tick 0x0000000000000000
mem[X,0x0000000080032370] -> 0x006F
mem[X,0x0000000080032372] -> 0x0040
[7900] [M]: 0x0000000080032370 (0x0040006F) jal zero, 0x4
mem[X,0x0000000080032374] -> 0xB423
mem[X,0x0000000080032376] -> 0x7020
[7901] [M]: 0x0000000080032374 (0x7020B423) sd sp, 0x708(ra)
mem[0x00000000800460E0] <- 0x0000000000000003
mem[X,0x0000000080032378] -> 0x0537
mem[X,0x000000008003237A] -> 0x0000
[7902] [M]: 0x0000000080032378 (0x00000537) lui a0, 0x0
x10 <- 0x0000000000000000
mem[X,0x000000008003237C] -> 0x0513
mem[X,0x000000008003237E] -> 0x0005
[7903] [M]: 0x000000008003237C (0x00050513) addi a0, a0, 0x0
x10 <- 0x0000000000000000
mem[X,0x0000000080032380] -> 0x1513
mem[X,0x0000000080032382] -> 0x00B5
[7904] [M]: 0x0000000080032380 (0x00B51513) slli a0, a0, 0xb
x10 <- 0x0000000000000000
mem[X,0x0000000080032384] -> 0x0513
mem[X,0x0000000080032386] -> 0x5A85
[7905] [M]: 0x0000000080032384 (0x5A850513) addi a0, a0, 0x5a8
x10 <- 0x00000000000005A8
mem[X,0x0000000080032388] -> 0x1513
mem[X,0x000000008003238A] -> 0x00B5
[7906] [M]: 0x0000000080032388 (0x00B51513) slli a0, a0, 0xb
x10 <- 0x00000000002D4000
mem[X,0x000000008003238C] -> 0x0513
mem[X,0x000000008003238E] -> 0x13C5
[7907] [M]: 0x000000008003238C (0x13C50513) addi a0, a0, 0x13c
x10 <- 0x00000000002D413C
mem[X,0x0000000080032390] -> 0x1513
mem[X,0x0000000080032392] -> 0x00A5
[7908] [M]: 0x0000000080032390 (0x00A51513) slli a0, a0, 0xa
x10 <- 0x00000000B504F000
mem[X,0x0000000080032394] -> 0x0513
mem[X,0x0000000080032396] -> 0x3325
[7909] [M]: 0x0000000080032394 (0x33250513) addi a0, a0, 0x332
x10 <- 0x00000000B504F332
mem[X,0x0000000080032398] -> 0x05B7
mem[X,0x000000008003239A] -> 0x0000
[7910] [M]: 0x0000000080032398 (0x000005B7) lui a1, 0x0
x11 <- 0x0000000000000000
mem[X,0x000000008003239C] -> 0x8593
mem[X,0x000000008003239E] -> 0xFFF5
[7911] [M]: 0x000000008003239C (0xFFF58593) addi a1, a1, -0x1
x11 <- 0xFFFFFFFFFFFFFFFF
mem[X,0x00000000800323A0] -> 0x9593
mem[X,0x00000000800323A2] -> 0x00B5
[7912] [M]: 0x00000000800323A0 (0x00B59593) slli a1, a1, 0xb
x11 <- 0xFFFFFFFFFFFFF800
mem[X,0x00000000800323A4] -> 0x8593
mem[X,0x00000000800323A6] -> 0x2575
[7913] [M]: 0x00000000800323A4 (0x25758593) addi a1, a1, 0x257
x11 <- 0xFFFFFFFFFFFFFA57
mem[X,0x00000000800323A8] -> 0x9593
mem[X,0x00000000800323AA] -> 0x00B5
[7914] [M]: 0x00000000800323A8 (0x00B59593) slli a1, a1, 0xb
x11 <- 0xFFFFFFFFFFD2B800
mem[X,0x00000000800323AC] -> 0x8593
mem[X,0x00000000800323AE] -> 0x6C35
[7915] [M]: 0x00000000800323AC (0x6C358593) addi a1, a1, 0x6c3
x11 <- 0xFFFFFFFFFFD2BEC3
mem[X,0x00000000800323B0] -> 0x9593
mem[X,0x00000000800323B2] -> 0x00A5
[7916] [M]: 0x00000000800323B0 (0x00A59593) slli a1, a1, 0xa
x11 <- 0xFFFFFFFF4AFB0C00
mem[X,0x00000000800323B4] -> 0x8593
mem[X,0x00000000800323B6] -> 0x0CE5
[7917] [M]: 0x00000000800323B4 (0x0CE58593) addi a1, a1, 0xce
x11 <- 0xFFFFFFFF4AFB0CCE
mem[X,0x00000000800323B8] -> 0x0113
mem[X,0x00000000800323BA] -> 0x0000
[7918] [M]: 0x00000000800323B8 (0x00000113) addi sp, zero, 0x0
x2 <- 0x0000000000000000
mem[X,0x00000000800323BC] -> 0x006F
mem[X,0x00000000800323BE] -> 0x0140
[7919] [M]: 0x00000000800323BC (0x0140006F) jal zero, 0x14
mem[X,0x00000000800323D0] -> 0x18E3
mem[X,0x00000000800323D2] -> 0xFEB5
[7920] [M]: 0x00000000800323D0 (0xFEB518E3) bne a0, a1, -0x10
mem[X,0x00000000800323C0] -> 0x0113
mem[X,0x00000000800323C2] -> 0x0011
[7921] [M]: 0x00000000800323C0 (0x00110113) addi sp, sp, 0x1
x2 <- 0x0000000000000001
mem[X,0x00000000800323C4] -> 0x006F
mem[X,0x00000000800323C6] -> 0x0200
[7922] [M]: 0x00000000800323C4 (0x0200006F) jal zero, 0x20
mem[X,0x00000000800323E4] -> 0xB823
mem[X,0x00000000800323E6] -> 0x7020
[7923] [M]: 0x00000000800323E4 (0x7020B823) sd sp, 0x710(ra)
mem[0x00000000800460E8] <- 0x0000000000000001
mem[X,0x00000000800323E8] -> 0x0537
mem[X,0x00000000800323EA] -> 0x0000
[7924] [M]: 0x00000000800323E8 (0x00000537) lui a0, 0x0
x10 <- 0x0000000000000000
mem[X,0x00000000800323EC] -> 0x0513
mem[X,0x00000000800323EE] -> 0x0005
[7925] [M]: 0x00000000800323EC (0x00050513) addi a0, a0, 0x0
x10 <- 0x0000000000000000
mem[X,0x00000000800323F0] -> 0x1513
mem[X,0x00000000800323F2] -> 0x00B5
[7926] [M]: 0x00000000800323F0 (0x00B51513) slli a0, a0, 0xb
x10 <- 0x0000000000000000
mem[X,0x00000000800323F4] -> 0x0513
mem[X,0x00000000800323F6] -> 0x5A85
[7927] [M]: 0x00000000800323F4 (0x5A850513) addi a0, a0, 0x5a8
x10 <- 0x00000000000005A8
mem[X,0x00000000800323F8] -> 0x1513
mem[X,0x00000000800323FA] -> 0x00B5
[7928] [M]: 0x00000000800323F8 (0x00B51513) slli a0, a0, 0xb
x10 <- 0x00000000002D4000
mem[X,0x00000000800323FC] -> 0x0513
mem[X,0x00000000800323FE] -> 0x13C5
[7929] [M]: 0x00000000800323FC (0x13C50513) addi a0, a0, 0x13c
x10 <- 0x00000000002D413C
mem[X,0x0000000080032400] -> 0x1513
mem[X,0x0000000080032402] -> 0x00A5
[7930] [M]: 0x0000000080032400 (0x00A51513) slli a0, a0, 0xa
x10 <- 0x00000000B504F000
mem[X,0x0000000080032404] -> 0x0513
mem[X,0x0000000080032406] -> 0x3325
[7931] [M]: 0x0000000080032404 (0x33250513) addi a0, a0, 0x332
x10 <- 0x00000000B504F332
mem[X,0x0000000080032408] -> 0x05B7
mem[X,0x000000008003240A] -> 0x0000
[7932] [M]: 0x0000000080032408 (0x000005B7) lui a1, 0x0
x11 <- 0x0000000000000000
mem[X,0x000000008003240C] -> 0x8593
mem[X,0x000000008003240E] -> 0x0005
[7933] [M]: 0x000000008003240C (0x00058593) addi a1, a1, 0x0
x11 <- 0x0000000000000000
mem[X,0x0000000080032410] -> 0x9593
mem[X,0x0000000080032412] -> 0x00B5
[7934] [M]: 0x0000000080032410 (0x00B59593) slli a1, a1, 0xb
x11 <- 0x0000000000000000
mem[X,0x0000000080032414] -> 0x8593
mem[X,0x0000000080032416] -> 0x5A85
[7935] [M]: 0x0000000080032414 (0x5A858593) addi a1, a1, 0x5a8
x11 <- 0x00000000000005A8
mem[X,0x0000000080032418] -> 0x9593
mem[X,0x000000008003241A] -> 0x00B5
[7936] [M]: 0x0000000080032418 (0x00B59593) slli a1, a1, 0xb
x11 <- 0x00000000002D4000
mem[X,0x000000008003241C] -> 0x8593
mem[X,0x000000008003241E] -> 0x13C5
[7937] [M]: 0x000000008003241C (0x13C58593) addi a1, a1, 0x13c
x11 <- 0x00000000002D413C
mem[X,0x0000000080032420] -> 0x9593
mem[X,0x0000000080032422] -> 0x00A5
[7938] [M]: 0x0000000080032420 (0x00A59593) slli a1, a1, 0xa
x11 <- 0x00000000B504F000
mem[X,0x0000000080032424] -> 0x8593
mem[X,0x0000000080032426] -> 0x3345
[7939] [M]: 0x0000000080032424 (0x33458593) addi a1, a1, 0x334
x11 <- 0x00000000B504F334
mem[X,0x0000000080032428] -> 0x0113
mem[X,0x000000008003242A] -> 0x0000
[7940] [M]: 0x0000000080032428 (0x00000113) addi sp, zero, 0x0
x2 <- 0x0000000000000000
mem[X,0x000000008003242C] -> 0x006F
mem[X,0x000000008003242E] -> 0x00C0
[7941] [M]: 0x000000008003242C (0x00C0006F) jal zero, 0xc
mem[X,0x0000000080032438] -> 0x1663
mem[X,0x000000008003243A] -> 0x00B5
[7942] [M]: 0x0000000080032438 (0x00B51663) bne a0, a1, 0xc
mem[X,0x0000000080032444] -> 0x0113
mem[X,0x0000000080032446] -> 0x0031
[7943] [M]: 0x0000000080032444 (0x00310113) addi sp, sp, 0x3
x2 <- 0x0000000000000003
mem[X,0x0000000080032448] -> 0x006F
mem[X,0x000000008003244A] -> 0x0040
[7944] [M]: 0x0000000080032448 (0x0040006F) jal zero, 0x4
mem[X,0x000000008003244C] -> 0xBC23
mem[X,0x000000008003244E] -> 0x7020
[7945] [M]: 0x000000008003244C (0x7020BC23) sd sp, 0x718(ra)
mem[0x00000000800460F0] <- 0x0000000000000003
mem[X,0x0000000080032450] -> 0x5537
mem[X,0x0000000080032452] -> 0x5555
[7946] [M]: 0x0000000080032450 (0x55555537) lui a0, 0x55555
x10 <- 0x0000000055555000
mem[X,0x0000000080032454] -> 0x0513
mem[X,0x0000000080032456] -> 0x5555
[7947] [M]: 0x0000000080032454 (0x55550513) addi a0, a0, 0x555
x10 <- 0x0000000055555555
mem[X,0x0000000080032458] -> 0x1513
mem[X,0x000000008003245A] -> 0x00B5
[7948] [M]: 0x0000000080032458 (0x00B51513) slli a0, a0, 0xb
x10 <- 0x000002AAAAAAA800
mem[X,0x000000008003245C] -> 0x0513
mem[X,0x000000008003245E] -> 0x2AA5
[7949] [M]: 0x000000008003245C (0x2AA50513) addi a0, a0, 0x2aa
x10 <- 0x000002AAAAAAAAAA
mem[X,0x0000000080032460] -> 0x1513
mem[X,0x0000000080032462] -> 0x00B5
[7950] [M]: 0x0000000080032460 (0x00B51513) slli a0, a0, 0xb
x10 <- 0x0015555555555000
mem[X,0x0000000080032464] -> 0x0513
mem[X,0x0000000080032466] -> 0x5555
[7951] [M]: 0x0000000080032464 (0x55550513) addi a0, a0, 0x555
x10 <- 0x0015555555555555
mem[X,0x0000000080032468] -> 0x1513
mem[X,0x000000008003246A] -> 0x00A5
[7952] [M]: 0x0000000080032468 (0x00A51513) slli a0, a0, 0xa
x10 <- 0x5555555555555400
mem[X,0x000000008003246C] -> 0x0513
mem[X,0x000000008003246E] -> 0x1565
[7953] [M]: 0x000000008003246C (0x15650513) addi a0, a0, 0x156
x10 <- 0x5555555555555556
mem[X,0x0000000080032470] -> 0x0593
mem[X,0x0000000080032472] -> 0x0030
[7954] [M]: 0x0000000080032470 (0x00300593) addi a1, zero, 0x3
x11 <- 0x0000000000000003
mem[X,0x0000000080032474] -> 0x0113
mem[X,0x0000000080032476] -> 0x0000
[7955] [M]: 0x0000000080032474 (0x00000113) addi sp, zero, 0x0
x2 <- 0x0000000000000000
mem[X,0x0000000080032478] -> 0x006F
mem[X,0x000000008003247A] -> 0x00C0
[7956] [M]: 0x0000000080032478 (0x00C0006F) jal zero, 0xc
mem[X,0x0000000080032484] -> 0x1663
mem[X,0x0000000080032486] -> 0x00B5
[7957] [M]: 0x0000000080032484 (0x00B51663) bne a0, a1, 0xc
mem[X,0x0000000080032490] -> 0x0113
mem[X,0x0000000080032492] -> 0x0031
[7958] [M]: 0x0000000080032490 (0x00310113) addi sp, sp, 0x3
x2 <- 0x0000000000000003
mem[X,0x0000000080032494] -> 0x006F
mem[X,0x0000000080032496] -> 0x0040
[7959] [M]: 0x0000000080032494 (0x0040006F) jal zero, 0x4
mem[X,0x0000000080032498] -> 0xB023
mem[X,0x000000008003249A] -> 0x7220
[7960] [M]: 0x0000000080032498 (0x7220B023) sd sp, 0x720(ra)
mem[0x00000000800460F8] <- 0x0000000000000003
mem[X,0x000000008003249C] -> 0x5537
mem[X,0x000000008003249E] -> 0x5555
[7961] [M]: 0x000000008003249C (0x55555537) lui a0, 0x55555
x10 <- 0x0000000055555000
mem[X,0x00000000800324A0] -> 0x0513
mem[X,0x00000000800324A2] -> 0x5555
[7962] [M]: 0x00000000800324A0 (0x55550513) addi a0, a0, 0x555
x10 <- 0x0000000055555555
mem[X,0x00000000800324A4] -> 0x1513
mem[X,0x00000000800324A6] -> 0x00B5
[7963] [M]: 0x00000000800324A4 (0x00B51513) slli a0, a0, 0xb
x10 <- 0x000002AAAAAAA800
mem[X,0x00000000800324A8] -> 0x0513
mem[X,0x00000000800324AA] -> 0x2AA5
[7964] [M]: 0x00000000800324A8 (0x2AA50513) addi a0, a0, 0x2aa
x10 <- 0x000002AAAAAAAAAA
mem[X,0x00000000800324AC] -> 0x1513
mem[X,0x00000000800324AE] -> 0x00B5
[7965] [M]: 0x00000000800324AC (0x00B51513) slli a0, a0, 0xb
x10 <- 0x0015555555555000
mem[X,0x00000000800324B0] -> 0x0513
mem[X,0x00000000800324B2] -> 0x5555
[7966] [M]: 0x00000000800324B0 (0x55550513) addi a0, a0, 0x555
x10 <- 0x0015555555555555
mem[X,0x00000000800324B4] -> 0x1513
mem[X,0x00000000800324B6] -> 0x00A5
[7967] [M]: 0x00000000800324B4 (0x00A51513) slli a0, a0, 0xa
x10 <- 0x5555555555555400
mem[X,0x00000000800324B8] -> 0x0513
mem[X,0x00000000800324BA] -> 0x1565
[7968] [M]: 0x00000000800324B8 (0x15650513) addi a0, a0, 0x156
x10 <- 0x5555555555555556
mem[X,0x00000000800324BC] -> 0x55B7
mem[X,0x00000000800324BE] -> 0x5555
[7969] [M]: 0x00000000800324BC (0x555555B7) lui a1, 0x55555
x11 <- 0x0000000055555000
mem[X,0x00000000800324C0] -> 0x8593
mem[X,0x00000000800324C2] -> 0x5555
[7970] [M]: 0x00000000800324C0 (0x55558593) addi a1, a1, 0x555
x11 <- 0x0000000055555555
mem[X,0x00000000800324C4] -> 0x9593
mem[X,0x00000000800324C6] -> 0x00B5
[7971] [M]: 0x00000000800324C4 (0x00B59593) slli a1, a1, 0xb
x11 <- 0x000002AAAAAAA800
mem[X,0x00000000800324C8] -> 0x8593
mem[X,0x00000000800324CA] -> 0x2AA5
[7972] [M]: 0x00000000800324C8 (0x2AA58593) addi a1, a1, 0x2aa
x11 <- 0x000002AAAAAAAAAA
mem[X,0x00000000800324CC] -> 0x9593
mem[X,0x00000000800324CE] -> 0x00B5
[7973] [M]: 0x00000000800324CC (0x00B59593) slli a1, a1, 0xb
x11 <- 0x0015555555555000
mem[X,0x00000000800324D0] -> 0x8593
mem[X,0x00000000800324D2] -> 0x5555
[7974] [M]: 0x00000000800324D0 (0x55558593) addi a1, a1, 0x555
x11 <- 0x0015555555555555
mem[X,0x00000000800324D4] -> 0x9593
mem[X,0x00000000800324D6] -> 0x00A5
[7975] [M]: 0x00000000800324D4 (0x00A59593) slli a1, a1, 0xa
x11 <- 0x5555555555555400
mem[X,0x00000000800324D8] -> 0x8593
mem[X,0x00000000800324DA] -> 0x1555
[7976] [M]: 0x00000000800324D8 (0x15558593) addi a1, a1, 0x155
x11 <- 0x5555555555555555
mem[X,0x00000000800324DC] -> 0x0113
mem[X,0x00000000800324DE] -> 0x0000
[7977] [M]: 0x00000000800324DC (0x00000113) addi sp, zero, 0x0
x2 <- 0x0000000000000000
mem[X,0x00000000800324E0] -> 0x006F
mem[X,0x00000000800324E2] -> 0x00C0
[7978] [M]: 0x00000000800324E0 (0x00C0006F) jal zero, 0xc
mem[X,0x00000000800324EC] -> 0x1663
mem[X,0x00000000800324EE] -> 0x00B5
[7979] [M]: 0x00000000800324EC (0x00B51663) bne a0, a1, 0xc
mem[X,0x00000000800324F8] -> 0x0113
mem[X,0x00000000800324FA] -> 0x0031
[7980] [M]: 0x00000000800324F8 (0x00310113) addi sp, sp, 0x3
x2 <- 0x0000000000000003
mem[X,0x00000000800324FC] -> 0x006F
mem[X,0x00000000800324FE] -> 0x0040
[7981] [M]: 0x00000000800324FC (0x0040006F) jal zero, 0x4
mem[X,0x0000000080032500] -> 0xB423
mem[X,0x0000000080032502] -> 0x7220
[7982] [M]: 0x0000000080032500 (0x7220B423) sd sp, 0x728(ra)
mem[0x0000000080046100] <- 0x0000000000000003
mem[X,0x0000000080032504] -> 0x5537
mem[X,0x0000000080032506] -> 0x5555
[7983] [M]: 0x0000000080032504 (0x55555537) lui a0, 0x55555
x10 <- 0x0000000055555000
mem[X,0x0000000080032508] -> 0x0513
mem[X,0x000000008003250A] -> 0x5555
[7984] [M]: 0x0000000080032508 (0x55550513) addi a0, a0, 0x555
x10 <- 0x0000000055555555
mem[X,0x000000008003250C] -> 0x1513
mem[X,0x000000008003250E] -> 0x00B5
[7985] [M]: 0x000000008003250C (0x00B51513) slli a0, a0, 0xb
x10 <- 0x000002AAAAAAA800
mem[X,0x0000000080032510] -> 0x0513
mem[X,0x0000000080032512] -> 0x2AA5
[7986] [M]: 0x0000000080032510 (0x2AA50513) addi a0, a0, 0x2aa
x10 <- 0x000002AAAAAAAAAA
mem[X,0x0000000080032514] -> 0x1513
mem[X,0x0000000080032516] -> 0x00B5
[7987] [M]: 0x0000000080032514 (0x00B51513) slli a0, a0, 0xb
x10 <- 0x0015555555555000
mem[X,0x0000000080032518] -> 0x0513
mem[X,0x000000008003251A] -> 0x5555
[7988] [M]: 0x0000000080032518 (0x55550513) addi a0, a0, 0x555
x10 <- 0x0015555555555555
mem[X,0x000000008003251C] -> 0x1513
mem[X,0x000000008003251E] -> 0x00A5
[7989] [M]: 0x000000008003251C (0x00A51513) slli a0, a0, 0xa
x10 <- 0x5555555555555400
mem[X,0x0000000080032520] -> 0x0513
mem[X,0x0000000080032522] -> 0x1565
[7990] [M]: 0x0000000080032520 (0x15650513) addi a0, a0, 0x156
x10 <- 0x5555555555555556
mem[X,0x0000000080032524] -> 0xB5B7
mem[X,0x0000000080032526] -> 0xAAAA
[7991] [M]: 0x0000000080032524 (0xAAAAB5B7) lui a1, -0x55555
x11 <- 0xFFFFFFFFAAAAB000
mem[X,0x0000000080032528] -> 0x8593
mem[X,0x000000008003252A] -> 0xAAA5
[7992] [M]: 0x0000000080032528 (0xAAA58593) addi a1, a1, -0x556
x11 <- 0xFFFFFFFFAAAAAAAA
mem[X,0x000000008003252C] -> 0x9593
mem[X,0x000000008003252E] -> 0x00B5
[7993] [M]: 0x000000008003252C (0x00B59593) slli a1, a1, 0xb
x11 <- 0xFFFFFD5555555000
mem[X,0x0000000080032530] -> 0x8593
mem[X,0x0000000080032532] -> 0x5555
[7994] [M]: 0x0000000080032530 (0x55558593) addi a1, a1, 0x555
x11 <- 0xFFFFFD5555555555
mem[X,0x0000000080032534] -> 0x9593
mem[X,0x0000000080032536] -> 0x00B5
[7995] [M]: 0x0000000080032534 (0x00B59593) slli a1, a1, 0xb
x11 <- 0xFFEAAAAAAAAAA800
mem[X,0x0000000080032538] -> 0x8593
mem[X,0x000000008003253A] -> 0x2AA5
[7996] [M]: 0x0000000080032538 (0x2AA58593) addi a1, a1, 0x2aa
x11 <- 0xFFEAAAAAAAAAAAAA
mem[X,0x000000008003253C] -> 0x9593
mem[X,0x000000008003253E] -> 0x00A5
[7997] [M]: 0x000000008003253C (0x00A59593) slli a1, a1, 0xa
x11 <- 0xAAAAAAAAAAAAA800
mem[X,0x0000000080032540] -> 0x8593
mem[X,0x0000000080032542] -> 0x2AA5
[7998] [M]: 0x0000000080032540 (0x2AA58593) addi a1, a1, 0x2aa
x11 <- 0xAAAAAAAAAAAAAAAA
mem[X,0x0000000080032544] -> 0x0113
mem[X,0x0000000080032546] -> 0x0000
[7999] [M]: 0x0000000080032544 (0x00000113) addi sp, zero, 0x0
x2 <- 0x0000000000000000
clint::tick mtime <- 0x0000000000000050
 clint timer pending at mtime 0x0000000000000050
htif::tick 0x0000000000000000
mem[X,0x0000000080032548] -> 0x006F
mem[X,0x000000008003254A] -> 0x00C0
[8000] [M]: 0x0000000080032548 (0x00C0006F) jal zero, 0xc
mem[X,0x0000000080032554] -> 0x1063
mem[X,0x0000000080032556] -> 0x10B5
[8001] [M]: 0x0000000080032554 (0x10B51063) bne a0, a1, 0x100
mem[X,0x0000000080032654] -> 0x0113
mem[X,0x0000000080032656] -> 0x0031
[8002] [M]: 0x0000000080032654 (0x00310113) addi sp, sp, 0x3
x2 <- 0x0000000000000003
mem[X,0x0000000080032658] -> 0x006F
mem[X,0x000000008003265A] -> 0x0040
[8003] [M]: 0x0000000080032658 (0x0040006F) jal zero, 0x4
mem[X,0x000000008003265C] -> 0xB823
mem[X,0x000000008003265E] -> 0x7220
[8004] [M]: 0x000000008003265C (0x7220B823) sd sp, 0x730(ra)
mem[0x0000000080046108] <- 0x0000000000000003
mem[X,0x0000000080032660] -> 0x5537
mem[X,0x0000000080032662] -> 0x5555
[8005] [M]: 0x0000000080032660 (0x55555537) lui a0, 0x55555
x10 <- 0x0000000055555000
mem[X,0x0000000080032664] -> 0x0513
mem[X,0x0000000080032666] -> 0x5555
[8006] [M]: 0x0000000080032664 (0x55550513) addi a0, a0, 0x555
x10 <- 0x0000000055555555
mem[X,0x0000000080032668] -> 0x1513
mem[X,0x000000008003266A] -> 0x00B5
[8007] [M]: 0x0000000080032668 (0x00B51513) slli a0, a0, 0xb
x10 <- 0x000002AAAAAAA800
mem[X,0x000000008003266C] -> 0x0513
mem[X,0x000000008003266E] -> 0x2AA5
[8008] [M]: 0x000000008003266C (0x2AA50513) addi a0, a0, 0x2aa
x10 <- 0x000002AAAAAAAAAA
mem[X,0x0000000080032670] -> 0x1513
mem[X,0x0000000080032672] -> 0x00B5
[8009] [M]: 0x0000000080032670 (0x00B51513) slli a0, a0, 0xb
x10 <- 0x0015555555555000
mem[X,0x0000000080032674] -> 0x0513
mem[X,0x0000000080032676] -> 0x5555
[8010] [M]: 0x0000000080032674 (0x55550513) addi a0, a0, 0x555
x10 <- 0x0015555555555555
mem[X,0x0000000080032678] -> 0x1513
mem[X,0x000000008003267A] -> 0x00A5
[8011] [M]: 0x0000000080032678 (0x00A51513) slli a0, a0, 0xa
x10 <- 0x5555555555555400
mem[X,0x000000008003267C] -> 0x0513
mem[X,0x000000008003267E] -> 0x1565
[8012] [M]: 0x000000008003267C (0x15650513) addi a0, a0, 0x156
x10 <- 0x5555555555555556
mem[X,0x0000000080032680] -> 0x0593
mem[X,0x0000000080032682] -> 0x0050
[8013] [M]: 0x0000000080032680 (0x00500593) addi a1, zero, 0x5
x11 <- 0x0000000000000005
mem[X,0x0000000080032684] -> 0x0113
mem[X,0x0000000080032686] -> 0x0000
[8014] [M]: 0x0000000080032684 (0x00000113) addi sp, zero, 0x0
x2 <- 0x0000000000000000
mem[X,0x0000000080032688] -> 0x006F
mem[X,0x000000008003268A] -> 0x00C0
[8015] [M]: 0x0000000080032688 (0x00C0006F) jal zero, 0xc
mem[X,0x0000000080032694] -> 0x1663
mem[X,0x0000000080032696] -> 0x00B5
[8016] [M]: 0x0000000080032694 (0x00B51663) bne a0, a1, 0xc
mem[X,0x00000000800326A0] -> 0x0113
mem[X,0x00000000800326A2] -> 0x0031
[8017] [M]: 0x00000000800326A0 (0x00310113) addi sp, sp, 0x3
x2 <- 0x0000000000000003
mem[X,0x00000000800326A4] -> 0x006F
mem[X,0x00000000800326A6] -> 0x0040
[8018] [M]: 0x00000000800326A4 (0x0040006F) jal zero, 0x4
mem[X,0x00000000800326A8] -> 0xBC23
mem[X,0x00000000800326AA] -> 0x7220
[8019] [M]: 0x00000000800326A8 (0x7220BC23) sd sp, 0x738(ra)
mem[0x0000000080046110] <- 0x0000000000000003
mem[X,0x00000000800326AC] -> 0x5537
mem[X,0x00000000800326AE] -> 0x5555
[8020] [M]: 0x00000000800326AC (0x55555537) lui a0, 0x55555
x10 <- 0x0000000055555000
mem[X,0x00000000800326B0] -> 0x0513
mem[X,0x00000000800326B2] -> 0x5555
[8021] [M]: 0x00000000800326B0 (0x55550513) addi a0, a0, 0x555
x10 <- 0x0000000055555555
mem[X,0x00000000800326B4] -> 0x1513
mem[X,0x00000000800326B6] -> 0x00B5
[8022] [M]: 0x00000000800326B4 (0x00B51513) slli a0, a0, 0xb
x10 <- 0x000002AAAAAAA800
mem[X,0x00000000800326B8] -> 0x0513
mem[X,0x00000000800326BA] -> 0x2AA5
[8023] [M]: 0x00000000800326B8 (0x2AA50513) addi a0, a0, 0x2aa
x10 <- 0x000002AAAAAAAAAA
mem[X,0x00000000800326BC] -> 0x1513
mem[X,0x00000000800326BE] -> 0x00B5
[8024] [M]: 0x00000000800326BC (0x00B51513) slli a0, a0, 0xb
x10 <- 0x0015555555555000
mem[X,0x00000000800326C0] -> 0x0513
mem[X,0x00000000800326C2] -> 0x5555
[8025] [M]: 0x00000000800326C0 (0x55550513) addi a0, a0, 0x555
x10 <- 0x0015555555555555
mem[X,0x00000000800326C4] -> 0x1513
mem[X,0x00000000800326C6] -> 0x00A5
[8026] [M]: 0x00000000800326C4 (0x00A51513) slli a0, a0, 0xa
x10 <- 0x5555555555555400
mem[X,0x00000000800326C8] -> 0x0513
mem[X,0x00000000800326CA] -> 0x1565
[8027] [M]: 0x00000000800326C8 (0x15650513) addi a0, a0, 0x156
x10 <- 0x5555555555555556
mem[X,0x00000000800326CC] -> 0x35B7
mem[X,0x00000000800326CE] -> 0x3333
[8028] [M]: 0x00000000800326CC (0x333335B7) lui a1, 0x33333
x11 <- 0x0000000033333000
mem[X,0x00000000800326D0] -> 0x8593
mem[X,0x00000000800326D2] -> 0x3335
[8029] [M]: 0x00000000800326D0 (0x33358593) addi a1, a1, 0x333
x11 <- 0x0000000033333333
mem[X,0x00000000800326D4] -> 0x9593
mem[X,0x00000000800326D6] -> 0x00B5
[8030] [M]: 0x00000000800326D4 (0x00B59593) slli a1, a1, 0xb
x11 <- 0x0000019999999800
mem[X,0x00000000800326D8] -> 0x8593
mem[X,0x00000000800326DA] -> 0x1995
[8031] [M]: 0x00000000800326D8 (0x19958593) addi a1, a1, 0x199
x11 <- 0x0000019999999999
mem[X,0x00000000800326DC] -> 0x9593
mem[X,0x00000000800326DE] -> 0x00B5
[8032] [M]: 0x00000000800326DC (0x00B59593) slli a1, a1, 0xb
x11 <- 0x000CCCCCCCCCC800
mem[X,0x00000000800326E0] -> 0x8593
mem[X,0x00000000800326E2] -> 0x4CC5
[8033] [M]: 0x00000000800326E0 (0x4CC58593) addi a1, a1, 0x4cc
x11 <- 0x000CCCCCCCCCCCCC
mem[X,0x00000000800326E4] -> 0x9593
mem[X,0x00000000800326E6] -> 0x00A5
[8034] [M]: 0x00000000800326E4 (0x00A59593) slli a1, a1, 0xa
x11 <- 0x3333333333333000
mem[X,0x00000000800326E8] -> 0x8593
mem[X,0x00000000800326EA] -> 0x3335
[8035] [M]: 0x00000000800326E8 (0x33358593) addi a1, a1, 0x333
x11 <- 0x3333333333333333
mem[X,0x00000000800326EC] -> 0x0113
mem[X,0x00000000800326EE] -> 0x0000
[8036] [M]: 0x00000000800326EC (0x00000113) addi sp, zero, 0x0
x2 <- 0x0000000000000000
mem[X,0x00000000800326F0] -> 0x006F
mem[X,0x00000000800326F2] -> 0x00C0
[8037] [M]: 0x00000000800326F0 (0x00C0006F) jal zero, 0xc
mem[X,0x00000000800326FC] -> 0x1663
mem[X,0x00000000800326FE] -> 0x00B5
[8038] [M]: 0x00000000800326FC (0x00B51663) bne a0, a1, 0xc
mem[X,0x0000000080032708] -> 0x0113
mem[X,0x000000008003270A] -> 0x0031
[8039] [M]: 0x0000000080032708 (0x00310113) addi sp, sp, 0x3
x2 <- 0x0000000000000003
mem[X,0x000000008003270C] -> 0x006F
mem[X,0x000000008003270E] -> 0x0040
[8040] [M]: 0x000000008003270C (0x0040006F) jal zero, 0x4
mem[X,0x0000000080032710] -> 0xB023
mem[X,0x0000000080032712] -> 0x7420
[8041] [M]: 0x0000000080032710 (0x7420B023) sd sp, 0x740(ra)
mem[0x0000000080046118] <- 0x0000000000000003
mem[X,0x0000000080032714] -> 0x5537
mem[X,0x0000000080032716] -> 0x5555
[8042] [M]: 0x0000000080032714 (0x55555537) lui a0, 0x55555
x10 <- 0x0000000055555000
mem[X,0x0000000080032718] -> 0x0513
mem[X,0x000000008003271A] -> 0x5555
[8043] [M]: 0x0000000080032718 (0x55550513) addi a0, a0, 0x555
x10 <- 0x0000000055555555
mem[X,0x000000008003271C] -> 0x1513
mem[X,0x000000008003271E] -> 0x00B5
[8044] [M]: 0x000000008003271C (0x00B51513) slli a0, a0, 0xb
x10 <- 0x000002AAAAAAA800
mem[X,0x0000000080032720] -> 0x0513
mem[X,0x0000000080032722] -> 0x2AA5
[8045] [M]: 0x0000000080032720 (0x2AA50513) addi a0, a0, 0x2aa
x10 <- 0x000002AAAAAAAAAA
mem[X,0x0000000080032724] -> 0x1513
mem[X,0x0000000080032726] -> 0x00B5
[8046] [M]: 0x0000000080032724 (0x00B51513) slli a0, a0, 0xb
x10 <- 0x0015555555555000
mem[X,0x0000000080032728] -> 0x0513
mem[X,0x000000008003272A] -> 0x5555
[8047] [M]: 0x0000000080032728 (0x55550513) addi a0, a0, 0x555
x10 <- 0x0015555555555555
mem[X,0x000000008003272C] -> 0x1513
mem[X,0x000000008003272E] -> 0x00A5
[8048] [M]: 0x000000008003272C (0x00A51513) slli a0, a0, 0xa
x10 <- 0x5555555555555400
mem[X,0x0000000080032730] -> 0x0513
mem[X,0x0000000080032732] -> 0x1565
[8049] [M]: 0x0000000080032730 (0x15650513) addi a0, a0, 0x156
x10 <- 0x5555555555555556
mem[X,0x0000000080032734] -> 0x65B7
mem[X,0x0000000080032736] -> 0x6666
[8050] [M]: 0x0000000080032734 (0x666665B7) lui a1, 0x66666
x11 <- 0x0000000066666000
mem[X,0x0000000080032738] -> 0x8593
mem[X,0x000000008003273A] -> 0x6665
[8051] [M]: 0x0000000080032738 (0x66658593) addi a1, a1, 0x666
x11 <- 0x0000000066666666
mem[X,0x000000008003273C] -> 0x9593
mem[X,0x000000008003273E] -> 0x00B5
[8052] [M]: 0x000000008003273C (0x00B59593) slli a1, a1, 0xb
x11 <- 0x0000033333333000
mem[X,0x0000000080032740] -> 0x8593
mem[X,0x0000000080032742] -> 0x3335
[8053] [M]: 0x0000000080032740 (0x33358593) addi a1, a1, 0x333
x11 <- 0x0000033333333333
mem[X,0x0000000080032744] -> 0x9593
mem[X,0x0000000080032746] -> 0x00B5
[8054] [M]: 0x0000000080032744 (0x00B59593) slli a1, a1, 0xb
x11 <- 0x0019999999999800
mem[X,0x0000000080032748] -> 0x8593
mem[X,0x000000008003274A] -> 0x1995
[8055] [M]: 0x0000000080032748 (0x19958593) addi a1, a1, 0x199
x11 <- 0x0019999999999999
mem[X,0x000000008003274C] -> 0x9593
mem[X,0x000000008003274E] -> 0x00A5
[8056] [M]: 0x000000008003274C (0x00A59593) slli a1, a1, 0xa
x11 <- 0x6666666666666400
mem[X,0x0000000080032750] -> 0x8593
mem[X,0x0000000080032752] -> 0x2665
[8057] [M]: 0x0000000080032750 (0x26658593) addi a1, a1, 0x266
x11 <- 0x6666666666666666
mem[X,0x0000000080032754] -> 0x0113
mem[X,0x0000000080032756] -> 0x0000
[8058] [M]: 0x0000000080032754 (0x00000113) addi sp, zero, 0x0
x2 <- 0x0000000000000000
mem[X,0x0000000080032758] -> 0x006F
mem[X,0x000000008003275A] -> 0x00C0
[8059] [M]: 0x0000000080032758 (0x00C0006F) jal zero, 0xc
mem[X,0x0000000080032764] -> 0x1063
mem[X,0x0000000080032766] -> 0x40B5
[8060] [M]: 0x0000000080032764 (0x40B51063) bne a0, a1, 0x400
mem[X,0x0000000080032B64] -> 0x0113
mem[X,0x0000000080032B66] -> 0x0031
[8061] [M]: 0x0000000080032B64 (0x00310113) addi sp, sp, 0x3
x2 <- 0x0000000000000003
mem[X,0x0000000080032B68] -> 0x006F
mem[X,0x0000000080032B6A] -> 0x0040
[8062] [M]: 0x0000000080032B68 (0x0040006F) jal zero, 0x4
mem[X,0x0000000080032B6C] -> 0xB423
mem[X,0x0000000080032B6E] -> 0x7420
[8063] [M]: 0x0000000080032B6C (0x7420B423) sd sp, 0x748(ra)
mem[0x0000000080046120] <- 0x0000000000000003
mem[X,0x0000000080032B70] -> 0x5537
mem[X,0x0000000080032B72] -> 0x5555
[8064] [M]: 0x0000000080032B70 (0x55555537) lui a0, 0x55555
x10 <- 0x0000000055555000
mem[X,0x0000000080032B74] -> 0x0513
mem[X,0x0000000080032B76] -> 0x5555
[8065] [M]: 0x0000000080032B74 (0x55550513) addi a0, a0, 0x555
x10 <- 0x0000000055555555
mem[X,0x0000000080032B78] -> 0x1513
mem[X,0x0000000080032B7A] -> 0x00B5
[8066] [M]: 0x0000000080032B78 (0x00B51513) slli a0, a0, 0xb
x10 <- 0x000002AAAAAAA800
mem[X,0x0000000080032B7C] -> 0x0513
mem[X,0x0000000080032B7E] -> 0x2AA5
[8067] [M]: 0x0000000080032B7C (0x2AA50513) addi a0, a0, 0x2aa
x10 <- 0x000002AAAAAAAAAA
mem[X,0x0000000080032B80] -> 0x1513
mem[X,0x0000000080032B82] -> 0x00B5
[8068] [M]: 0x0000000080032B80 (0x00B51513) slli a0, a0, 0xb
x10 <- 0x0015555555555000
mem[X,0x0000000080032B84] -> 0x0513
mem[X,0x0000000080032B86] -> 0x5555
[8069] [M]: 0x0000000080032B84 (0x55550513) addi a0, a0, 0x555
x10 <- 0x0015555555555555
mem[X,0x0000000080032B88] -> 0x1513
mem[X,0x0000000080032B8A] -> 0x00A5
[8070] [M]: 0x0000000080032B88 (0x00A51513) slli a0, a0, 0xa
x10 <- 0x5555555555555400
mem[X,0x0000000080032B8C] -> 0x0513
mem[X,0x0000000080032B8E] -> 0x1565
[8071] [M]: 0x0000000080032B8C (0x15650513) addi a0, a0, 0x156
x10 <- 0x5555555555555556
mem[X,0x0000000080032B90] -> 0x05B7
mem[X,0x0000000080032B92] -> 0x0000
[8072] [M]: 0x0000000080032B90 (0x000005B7) lui a1, 0x0
x11 <- 0x0000000000000000
mem[X,0x0000000080032B94] -> 0x8593
mem[X,0x0000000080032B96] -> 0xFFF5
[8073] [M]: 0x0000000080032B94 (0xFFF58593) addi a1, a1, -0x1
x11 <- 0xFFFFFFFFFFFFFFFF
mem[X,0x0000000080032B98] -> 0x9593
mem[X,0x0000000080032B9A] -> 0x00B5
[8074] [M]: 0x0000000080032B98 (0x00B59593) slli a1, a1, 0xb
x11 <- 0xFFFFFFFFFFFFF800
mem[X,0x0000000080032B9C] -> 0x8593
mem[X,0x0000000080032B9E] -> 0x2575
[8075] [M]: 0x0000000080032B9C (0x25758593) addi a1, a1, 0x257
x11 <- 0xFFFFFFFFFFFFFA57
mem[X,0x0000000080032BA0] -> 0x9593
mem[X,0x0000000080032BA2] -> 0x00B5
[8076] [M]: 0x0000000080032BA0 (0x00B59593) slli a1, a1, 0xb
x11 <- 0xFFFFFFFFFFD2B800
mem[X,0x0000000080032BA4] -> 0x8593
mem[X,0x0000000080032BA6] -> 0x6C35
[8077] [M]: 0x0000000080032BA4 (0x6C358593) addi a1, a1, 0x6c3
x11 <- 0xFFFFFFFFFFD2BEC3
mem[X,0x0000000080032BA8] -> 0x9593
mem[X,0x0000000080032BAA] -> 0x00A5
[8078] [M]: 0x0000000080032BA8 (0x00A59593) slli a1, a1, 0xa
x11 <- 0xFFFFFFFF4AFB0C00
mem[X,0x0000000080032BAC] -> 0x8593
mem[X,0x0000000080032BAE] -> 0x0CD5
[8079] [M]: 0x0000000080032BAC (0x0CD58593) addi a1, a1, 0xcd
x11 <- 0xFFFFFFFF4AFB0CCD
mem[X,0x0000000080032BB0] -> 0x0113
mem[X,0x0000000080032BB2] -> 0x0000
[8080] [M]: 0x0000000080032BB0 (0x00000113) addi sp, zero, 0x0
x2 <- 0x0000000000000000
mem[X,0x0000000080032BB4] -> 0x006F
mem[X,0x0000000080032BB6] -> 0x00C0
[8081] [M]: 0x0000000080032BB4 (0x00C0006F) jal zero, 0xc
mem[X,0x0000000080032BC0] -> 0x1663
mem[X,0x0000000080032BC2] -> 0x00B5
[8082] [M]: 0x0000000080032BC0 (0x00B51663) bne a0, a1, 0xc
mem[X,0x0000000080032BCC] -> 0x0113
mem[X,0x0000000080032BCE] -> 0x0031
[8083] [M]: 0x0000000080032BCC (0x00310113) addi sp, sp, 0x3
x2 <- 0x0000000000000003
mem[X,0x0000000080032BD0] -> 0x006F
mem[X,0x0000000080032BD2] -> 0x0040
[8084] [M]: 0x0000000080032BD0 (0x0040006F) jal zero, 0x4
mem[X,0x0000000080032BD4] -> 0xB823
mem[X,0x0000000080032BD6] -> 0x7420
[8085] [M]: 0x0000000080032BD4 (0x7420B823) sd sp, 0x750(ra)
mem[0x0000000080046128] <- 0x0000000000000003
mem[X,0x0000000080032BD8] -> 0x5537
mem[X,0x0000000080032BDA] -> 0x5555
[8086] [M]: 0x0000000080032BD8 (0x55555537) lui a0, 0x55555
x10 <- 0x0000000055555000
mem[X,0x0000000080032BDC] -> 0x0513
mem[X,0x0000000080032BDE] -> 0x5555
[8087] [M]: 0x0000000080032BDC (0x55550513) addi a0, a0, 0x555
x10 <- 0x0000000055555555
mem[X,0x0000000080032BE0] -> 0x1513
mem[X,0x0000000080032BE2] -> 0x00B5
[8088] [M]: 0x0000000080032BE0 (0x00B51513) slli a0, a0, 0xb
x10 <- 0x000002AAAAAAA800
mem[X,0x0000000080032BE4] -> 0x0513
mem[X,0x0000000080032BE6] -> 0x2AA5
[8089] [M]: 0x0000000080032BE4 (0x2AA50513) addi a0, a0, 0x2aa
x10 <- 0x000002AAAAAAAAAA
mem[X,0x0000000080032BE8] -> 0x1513
mem[X,0x0000000080032BEA] -> 0x00B5
[8090] [M]: 0x0000000080032BE8 (0x00B51513) slli a0, a0, 0xb
x10 <- 0x0015555555555000
mem[X,0x0000000080032BEC] -> 0x0513
mem[X,0x0000000080032BEE] -> 0x5555
[8091] [M]: 0x0000000080032BEC (0x55550513) addi a0, a0, 0x555
x10 <- 0x0015555555555555
mem[X,0x0000000080032BF0] -> 0x1513
mem[X,0x0000000080032BF2] -> 0x00A5
[8092] [M]: 0x0000000080032BF0 (0x00A51513) slli a0, a0, 0xa
x10 <- 0x5555555555555400
mem[X,0x0000000080032BF4] -> 0x0513
mem[X,0x0000000080032BF6] -> 0x1565
[8093] [M]: 0x0000000080032BF4 (0x15650513) addi a0, a0, 0x156
x10 <- 0x5555555555555556
mem[X,0x0000000080032BF8] -> 0x05B7
mem[X,0x0000000080032BFA] -> 0x0000
[8094] [M]: 0x0000000080032BF8 (0x000005B7) lui a1, 0x0
x11 <- 0x0000000000000000
mem[X,0x0000000080032BFC] -> 0x8593
mem[X,0x0000000080032BFE] -> 0x0005
[8095] [M]: 0x0000000080032BFC (0x00058593) addi a1, a1, 0x0
x11 <- 0x0000000000000000
mem[X,0x0000000080032C00] -> 0x9593
mem[X,0x0000000080032C02] -> 0x00B5
[8096] [M]: 0x0000000080032C00 (0x00B59593) slli a1, a1, 0xb
x11 <- 0x0000000000000000
mem[X,0x0000000080032C04] -> 0x8593
mem[X,0x0000000080032C06] -> 0x5A85
[8097] [M]: 0x0000000080032C04 (0x5A858593) addi a1, a1, 0x5a8
x11 <- 0x00000000000005A8
mem[X,0x0000000080032C08] -> 0x9593
mem[X,0x0000000080032C0A] -> 0x00B5
[8098] [M]: 0x0000000080032C08 (0x00B59593) slli a1, a1, 0xb
x11 <- 0x00000000002D4000
mem[X,0x0000000080032C0C] -> 0x8593
mem[X,0x0000000080032C0E] -> 0x13C5
[8099] [M]: 0x0000000080032C0C (0x13C58593) addi a1, a1, 0x13c
x11 <- 0x00000000002D413C
clint::tick mtime <- 0x0000000000000051
 clint timer pending at mtime 0x0000000000000051
htif::tick 0x0000000000000000
mem[X,0x0000000080032C10] -> 0x9593
mem[X,0x0000000080032C12] -> 0x00A5
[8100] [M]: 0x0000000080032C10 (0x00A59593) slli a1, a1, 0xa
x11 <- 0x00000000B504F000
mem[X,0x0000000080032C14] -> 0x8593
mem[X,0x0000000080032C16] -> 0x3335
[8101] [M]: 0x0000000080032C14 (0x33358593) addi a1, a1, 0x333
x11 <- 0x00000000B504F333
mem[X,0x0000000080032C18] -> 0x0113
mem[X,0x0000000080032C1A] -> 0x0000
[8102] [M]: 0x0000000080032C18 (0x00000113) addi sp, zero, 0x0
x2 <- 0x0000000000000000
mem[X,0x0000000080032C1C] -> 0x006F
mem[X,0x0000000080032C1E] -> 0x0100
[8103] [M]: 0x0000000080032C1C (0x0100006F) jal zero, 0x10
mem[X,0x0000000080032C2C] -> 0x1AE3
mem[X,0x0000000080032C2E] -> 0xFEB5
[8104] [M]: 0x0000000080032C2C (0xFEB51AE3) bne a0, a1, -0xc
mem[X,0x0000000080032C20] -> 0x0113
mem[X,0x0000000080032C22] -> 0x0011
[8105] [M]: 0x0000000080032C20 (0x00110113) addi sp, sp, 0x1
x2 <- 0x0000000000000001
mem[X,0x0000000080032C24] -> 0x006F
mem[X,0x0000000080032C26] -> 0x01C0
[8106] [M]: 0x0000000080032C24 (0x01C0006F) jal zero, 0x1c
mem[X,0x0000000080032C40] -> 0xBC23
mem[X,0x0000000080032C42] -> 0x7420
[8107] [M]: 0x0000000080032C40 (0x7420BC23) sd sp, 0x758(ra)
mem[0x0000000080046130] <- 0x0000000000000001
mem[X,0x0000000080032C44] -> 0x5537
mem[X,0x0000000080032C46] -> 0x5555
[8108] [M]: 0x0000000080032C44 (0x55555537) lui a0, 0x55555
x10 <- 0x0000000055555000
mem[X,0x0000000080032C48] -> 0x0513
mem[X,0x0000000080032C4A] -> 0x5555
[8109] [M]: 0x0000000080032C48 (0x55550513) addi a0, a0, 0x555
x10 <- 0x0000000055555555
mem[X,0x0000000080032C4C] -> 0x1513
mem[X,0x0000000080032C4E] -> 0x00B5
[8110] [M]: 0x0000000080032C4C (0x00B51513) slli a0, a0, 0xb
x10 <- 0x000002AAAAAAA800
mem[X,0x0000000080032C50] -> 0x0513
mem[X,0x0000000080032C52] -> 0x2AA5
[8111] [M]: 0x0000000080032C50 (0x2AA50513) addi a0, a0, 0x2aa
x10 <- 0x000002AAAAAAAAAA
mem[X,0x0000000080032C54] -> 0x1513
mem[X,0x0000000080032C56] -> 0x00B5
[8112] [M]: 0x0000000080032C54 (0x00B51513) slli a0, a0, 0xb
x10 <- 0x0015555555555000
mem[X,0x0000000080032C58] -> 0x0513
mem[X,0x0000000080032C5A] -> 0x5555
[8113] [M]: 0x0000000080032C58 (0x55550513) addi a0, a0, 0x555
x10 <- 0x0015555555555555
mem[X,0x0000000080032C5C] -> 0x1513
mem[X,0x0000000080032C5E] -> 0x00A5
[8114] [M]: 0x0000000080032C5C (0x00A51513) slli a0, a0, 0xa
x10 <- 0x5555555555555400
mem[X,0x0000000080032C60] -> 0x0513
mem[X,0x0000000080032C62] -> 0x1565
[8115] [M]: 0x0000000080032C60 (0x15650513) addi a0, a0, 0x156
x10 <- 0x5555555555555556
mem[X,0x0000000080032C64] -> 0x0593
mem[X,0x0000000080032C66] -> 0x0020
[8116] [M]: 0x0000000080032C64 (0x00200593) addi a1, zero, 0x2
x11 <- 0x0000000000000002
mem[X,0x0000000080032C68] -> 0x0113
mem[X,0x0000000080032C6A] -> 0x0000
[8117] [M]: 0x0000000080032C68 (0x00000113) addi sp, zero, 0x0
x2 <- 0x0000000000000000
mem[X,0x0000000080032C6C] -> 0x006F
mem[X,0x0000000080032C6E] -> 0x00C0
[8118] [M]: 0x0000000080032C6C (0x00C0006F) jal zero, 0xc
mem[X,0x0000000080032C78] -> 0x1663
mem[X,0x0000000080032C7A] -> 0x00B5
[8119] [M]: 0x0000000080032C78 (0x00B51663) bne a0, a1, 0xc
mem[X,0x0000000080032C84] -> 0x0113
mem[X,0x0000000080032C86] -> 0x0031
[8120] [M]: 0x0000000080032C84 (0x00310113) addi sp, sp, 0x3
x2 <- 0x0000000000000003
mem[X,0x0000000080032C88] -> 0x006F
mem[X,0x0000000080032C8A] -> 0x0040
[8121] [M]: 0x0000000080032C88 (0x0040006F) jal zero, 0x4
mem[X,0x0000000080032C8C] -> 0xB023
mem[X,0x0000000080032C8E] -> 0x7620
[8122] [M]: 0x0000000080032C8C (0x7620B023) sd sp, 0x760(ra)
mem[0x0000000080046138] <- 0x0000000000000003
mem[X,0x0000000080032C90] -> 0x5537
mem[X,0x0000000080032C92] -> 0x5555
[8123] [M]: 0x0000000080032C90 (0x55555537) lui a0, 0x55555
x10 <- 0x0000000055555000
mem[X,0x0000000080032C94] -> 0x0513
mem[X,0x0000000080032C96] -> 0x5555
[8124] [M]: 0x0000000080032C94 (0x55550513) addi a0, a0, 0x555
x10 <- 0x0000000055555555
mem[X,0x0000000080032C98] -> 0x1513
mem[X,0x0000000080032C9A] -> 0x00B5
[8125] [M]: 0x0000000080032C98 (0x00B51513) slli a0, a0, 0xb
x10 <- 0x000002AAAAAAA800
mem[X,0x0000000080032C9C] -> 0x0513
mem[X,0x0000000080032C9E] -> 0x2AA5
[8126] [M]: 0x0000000080032C9C (0x2AA50513) addi a0, a0, 0x2aa
x10 <- 0x000002AAAAAAAAAA
mem[X,0x0000000080032CA0] -> 0x1513
mem[X,0x0000000080032CA2] -> 0x00B5
[8127] [M]: 0x0000000080032CA0 (0x00B51513) slli a0, a0, 0xb
x10 <- 0x0015555555555000
mem[X,0x0000000080032CA4] -> 0x0513
mem[X,0x0000000080032CA6] -> 0x5555
[8128] [M]: 0x0000000080032CA4 (0x55550513) addi a0, a0, 0x555
x10 <- 0x0015555555555555
mem[X,0x0000000080032CA8] -> 0x1513
mem[X,0x0000000080032CAA] -> 0x00A5
[8129] [M]: 0x0000000080032CA8 (0x00A51513) slli a0, a0, 0xa
x10 <- 0x5555555555555400
mem[X,0x0000000080032CAC] -> 0x0513
mem[X,0x0000000080032CAE] -> 0x1565
[8130] [M]: 0x0000000080032CAC (0x15650513) addi a0, a0, 0x156
x10 <- 0x5555555555555556
mem[X,0x0000000080032CB0] -> 0x55B7
mem[X,0x0000000080032CB2] -> 0x5555
[8131] [M]: 0x0000000080032CB0 (0x555555B7) lui a1, 0x55555
x11 <- 0x0000000055555000
mem[X,0x0000000080032CB4] -> 0x8593
mem[X,0x0000000080032CB6] -> 0x5555
[8132] [M]: 0x0000000080032CB4 (0x55558593) addi a1, a1, 0x555
x11 <- 0x0000000055555555
mem[X,0x0000000080032CB8] -> 0x9593
mem[X,0x0000000080032CBA] -> 0x00B5
[8133] [M]: 0x0000000080032CB8 (0x00B59593) slli a1, a1, 0xb
x11 <- 0x000002AAAAAAA800
mem[X,0x0000000080032CBC] -> 0x8593
mem[X,0x0000000080032CBE] -> 0x2AA5
[8134] [M]: 0x0000000080032CBC (0x2AA58593) addi a1, a1, 0x2aa
x11 <- 0x000002AAAAAAAAAA
mem[X,0x0000000080032CC0] -> 0x9593
mem[X,0x0000000080032CC2] -> 0x00B5
[8135] [M]: 0x0000000080032CC0 (0x00B59593) slli a1, a1, 0xb
x11 <- 0x0015555555555000
mem[X,0x0000000080032CC4] -> 0x8593
mem[X,0x0000000080032CC6] -> 0x5555
[8136] [M]: 0x0000000080032CC4 (0x55558593) addi a1, a1, 0x555
x11 <- 0x0015555555555555
mem[X,0x0000000080032CC8] -> 0x9593
mem[X,0x0000000080032CCA] -> 0x00A5
[8137] [M]: 0x0000000080032CC8 (0x00A59593) slli a1, a1, 0xa
x11 <- 0x5555555555555400
mem[X,0x0000000080032CCC] -> 0x8593
mem[X,0x0000000080032CCE] -> 0x1545
[8138] [M]: 0x0000000080032CCC (0x15458593) addi a1, a1, 0x154
x11 <- 0x5555555555555554
mem[X,0x0000000080032CD0] -> 0x0113
mem[X,0x0000000080032CD2] -> 0x0000
[8139] [M]: 0x0000000080032CD0 (0x00000113) addi sp, zero, 0x0
x2 <- 0x0000000000000000
mem[X,0x0000000080032CD4] -> 0x006F
mem[X,0x0000000080032CD6] -> 0x00C0
[8140] [M]: 0x0000000080032CD4 (0x00C0006F) jal zero, 0xc
mem[X,0x0000000080032CE0] -> 0x1063
mem[X,0x0000000080032CE2] -> 0x40B5
[8141] [M]: 0x0000000080032CE0 (0x40B51063) bne a0, a1, 0x400
mem[X,0x00000000800330E0] -> 0x0113
mem[X,0x00000000800330E2] -> 0x0031
[8142] [M]: 0x00000000800330E0 (0x00310113) addi sp, sp, 0x3
x2 <- 0x0000000000000003
mem[X,0x00000000800330E4] -> 0x006F
mem[X,0x00000000800330E6] -> 0x0040
[8143] [M]: 0x00000000800330E4 (0x0040006F) jal zero, 0x4
mem[X,0x00000000800330E8] -> 0xB423
mem[X,0x00000000800330EA] -> 0x7620
[8144] [M]: 0x00000000800330E8 (0x7620B423) sd sp, 0x768(ra)
mem[0x0000000080046140] <- 0x0000000000000003
mem[X,0x00000000800330EC] -> 0x5537
mem[X,0x00000000800330EE] -> 0x5555
[8145] [M]: 0x00000000800330EC (0x55555537) lui a0, 0x55555
x10 <- 0x0000000055555000
mem[X,0x00000000800330F0] -> 0x0513
mem[X,0x00000000800330F2] -> 0x5555
[8146] [M]: 0x00000000800330F0 (0x55550513) addi a0, a0, 0x555
x10 <- 0x0000000055555555
mem[X,0x00000000800330F4] -> 0x1513
mem[X,0x00000000800330F6] -> 0x00B5
[8147] [M]: 0x00000000800330F4 (0x00B51513) slli a0, a0, 0xb
x10 <- 0x000002AAAAAAA800
mem[X,0x00000000800330F8] -> 0x0513
mem[X,0x00000000800330FA] -> 0x2AA5
[8148] [M]: 0x00000000800330F8 (0x2AA50513) addi a0, a0, 0x2aa
x10 <- 0x000002AAAAAAAAAA
mem[X,0x00000000800330FC] -> 0x1513
mem[X,0x00000000800330FE] -> 0x00B5
[8149] [M]: 0x00000000800330FC (0x00B51513) slli a0, a0, 0xb
x10 <- 0x0015555555555000
mem[X,0x0000000080033100] -> 0x0513
mem[X,0x0000000080033102] -> 0x5555
[8150] [M]: 0x0000000080033100 (0x55550513) addi a0, a0, 0x555
x10 <- 0x0015555555555555
mem[X,0x0000000080033104] -> 0x1513
mem[X,0x0000000080033106] -> 0x00A5
[8151] [M]: 0x0000000080033104 (0x00A51513) slli a0, a0, 0xa
x10 <- 0x5555555555555400
mem[X,0x0000000080033108] -> 0x0513
mem[X,0x000000008003310A] -> 0x1565
[8152] [M]: 0x0000000080033108 (0x15650513) addi a0, a0, 0x156
x10 <- 0x5555555555555556
mem[X,0x000000008003310C] -> 0x0593
mem[X,0x000000008003310E] -> 0x0000
[8153] [M]: 0x000000008003310C (0x00000593) addi a1, zero, 0x0
x11 <- 0x0000000000000000
mem[X,0x0000000080033110] -> 0x0113
mem[X,0x0000000080033112] -> 0x0000
[8154] [M]: 0x0000000080033110 (0x00000113) addi sp, zero, 0x0
x2 <- 0x0000000000000000
mem[X,0x0000000080033114] -> 0x006F
mem[X,0x0000000080033116] -> 0x00C0
[8155] [M]: 0x0000000080033114 (0x00C0006F) jal zero, 0xc
mem[X,0x0000000080033120] -> 0x1063
mem[X,0x0000000080033122] -> 0x20B5
[8156] [M]: 0x0000000080033120 (0x20B51063) bne a0, a1, 0x200
mem[X,0x0000000080033320] -> 0x0113
mem[X,0x0000000080033322] -> 0x0031
[8157] [M]: 0x0000000080033320 (0x00310113) addi sp, sp, 0x3
x2 <- 0x0000000000000003
mem[X,0x0000000080033324] -> 0x006F
mem[X,0x0000000080033326] -> 0x0040
[8158] [M]: 0x0000000080033324 (0x0040006F) jal zero, 0x4
mem[X,0x0000000080033328] -> 0xB823
mem[X,0x000000008003332A] -> 0x7620
[8159] [M]: 0x0000000080033328 (0x7620B823) sd sp, 0x770(ra)
mem[0x0000000080046148] <- 0x0000000000000003
mem[X,0x000000008003332C] -> 0x5537
mem[X,0x000000008003332E] -> 0x5555
[8160] [M]: 0x000000008003332C (0x55555537) lui a0, 0x55555
x10 <- 0x0000000055555000
mem[X,0x0000000080033330] -> 0x0513
mem[X,0x0000000080033332] -> 0x5555
[8161] [M]: 0x0000000080033330 (0x55550513) addi a0, a0, 0x555
x10 <- 0x0000000055555555
mem[X,0x0000000080033334] -> 0x1513
mem[X,0x0000000080033336] -> 0x00B5
[8162] [M]: 0x0000000080033334 (0x00B51513) slli a0, a0, 0xb
x10 <- 0x000002AAAAAAA800
mem[X,0x0000000080033338] -> 0x0513
mem[X,0x000000008003333A] -> 0x2AA5
[8163] [M]: 0x0000000080033338 (0x2AA50513) addi a0, a0, 0x2aa
x10 <- 0x000002AAAAAAAAAA
mem[X,0x000000008003333C] -> 0x1513
mem[X,0x000000008003333E] -> 0x00B5
[8164] [M]: 0x000000008003333C (0x00B51513) slli a0, a0, 0xb
x10 <- 0x0015555555555000
mem[X,0x0000000080033340] -> 0x0513
mem[X,0x0000000080033342] -> 0x5555
[8165] [M]: 0x0000000080033340 (0x55550513) addi a0, a0, 0x555
x10 <- 0x0015555555555555
mem[X,0x0000000080033344] -> 0x1513
mem[X,0x0000000080033346] -> 0x00A5
[8166] [M]: 0x0000000080033344 (0x00A51513) slli a0, a0, 0xa
x10 <- 0x5555555555555400
mem[X,0x0000000080033348] -> 0x0513
mem[X,0x000000008003334A] -> 0x1565
[8167] [M]: 0x0000000080033348 (0x15650513) addi a0, a0, 0x156
x10 <- 0x5555555555555556
mem[X,0x000000008003334C] -> 0x0593
mem[X,0x000000008003334E] -> 0x0040
[8168] [M]: 0x000000008003334C (0x00400593) addi a1, zero, 0x4
x11 <- 0x0000000000000004
mem[X,0x0000000080033350] -> 0x0113
mem[X,0x0000000080033352] -> 0x0000
[8169] [M]: 0x0000000080033350 (0x00000113) addi sp, zero, 0x0
x2 <- 0x0000000000000000
mem[X,0x0000000080033354] -> 0x006F
mem[X,0x0000000080033356] -> 0x00C0
[8170] [M]: 0x0000000080033354 (0x00C0006F) jal zero, 0xc
mem[X,0x0000000080033360] -> 0x1663
mem[X,0x0000000080033362] -> 0x00B5
[8171] [M]: 0x0000000080033360 (0x00B51663) bne a0, a1, 0xc
mem[X,0x000000008003336C] -> 0x0113
mem[X,0x000000008003336E] -> 0x0031
[8172] [M]: 0x000000008003336C (0x00310113) addi sp, sp, 0x3
x2 <- 0x0000000000000003
mem[X,0x0000000080033370] -> 0x006F
mem[X,0x0000000080033372] -> 0x0040
[8173] [M]: 0x0000000080033370 (0x0040006F) jal zero, 0x4
mem[X,0x0000000080033374] -> 0xBC23
mem[X,0x0000000080033376] -> 0x7620
[8174] [M]: 0x0000000080033374 (0x7620BC23) sd sp, 0x778(ra)
mem[0x0000000080046150] <- 0x0000000000000003
mem[X,0x0000000080033378] -> 0x5537
mem[X,0x000000008003337A] -> 0x5555
[8175] [M]: 0x0000000080033378 (0x55555537) lui a0, 0x55555
x10 <- 0x0000000055555000
mem[X,0x000000008003337C] -> 0x0513
mem[X,0x000000008003337E] -> 0x5555
[8176] [M]: 0x000000008003337C (0x55550513) addi a0, a0, 0x555
x10 <- 0x0000000055555555
mem[X,0x0000000080033380] -> 0x1513
mem[X,0x0000000080033382] -> 0x00B5
[8177] [M]: 0x0000000080033380 (0x00B51513) slli a0, a0, 0xb
x10 <- 0x000002AAAAAAA800
mem[X,0x0000000080033384] -> 0x0513
mem[X,0x0000000080033386] -> 0x2AA5
[8178] [M]: 0x0000000080033384 (0x2AA50513) addi a0, a0, 0x2aa
x10 <- 0x000002AAAAAAAAAA
mem[X,0x0000000080033388] -> 0x1513
mem[X,0x000000008003338A] -> 0x00B5
[8179] [M]: 0x0000000080033388 (0x00B51513) slli a0, a0, 0xb
x10 <- 0x0015555555555000
mem[X,0x000000008003338C] -> 0x0513
mem[X,0x000000008003338E] -> 0x5555
[8180] [M]: 0x000000008003338C (0x55550513) addi a0, a0, 0x555
x10 <- 0x0015555555555555
mem[X,0x0000000080033390] -> 0x1513
mem[X,0x0000000080033392] -> 0x00A5
[8181] [M]: 0x0000000080033390 (0x00A51513) slli a0, a0, 0xa
x10 <- 0x5555555555555400
mem[X,0x0000000080033394] -> 0x0513
mem[X,0x0000000080033396] -> 0x1565
[8182] [M]: 0x0000000080033394 (0x15650513) addi a0, a0, 0x156
x10 <- 0x5555555555555556
mem[X,0x0000000080033398] -> 0x35B7
mem[X,0x000000008003339A] -> 0x3333
[8183] [M]: 0x0000000080033398 (0x333335B7) lui a1, 0x33333
x11 <- 0x0000000033333000
mem[X,0x000000008003339C] -> 0x8593
mem[X,0x000000008003339E] -> 0x3335
[8184] [M]: 0x000000008003339C (0x33358593) addi a1, a1, 0x333
x11 <- 0x0000000033333333
mem[X,0x00000000800333A0] -> 0x9593
mem[X,0x00000000800333A2] -> 0x00B5
[8185] [M]: 0x00000000800333A0 (0x00B59593) slli a1, a1, 0xb
x11 <- 0x0000019999999800
mem[X,0x00000000800333A4] -> 0x8593
mem[X,0x00000000800333A6] -> 0x1995
[8186] [M]: 0x00000000800333A4 (0x19958593) addi a1, a1, 0x199
x11 <- 0x0000019999999999
mem[X,0x00000000800333A8] -> 0x9593
mem[X,0x00000000800333AA] -> 0x00B5
[8187] [M]: 0x00000000800333A8 (0x00B59593) slli a1, a1, 0xb
x11 <- 0x000CCCCCCCCCC800
mem[X,0x00000000800333AC] -> 0x8593
mem[X,0x00000000800333AE] -> 0x4CC5
[8188] [M]: 0x00000000800333AC (0x4CC58593) addi a1, a1, 0x4cc
x11 <- 0x000CCCCCCCCCCCCC
mem[X,0x00000000800333B0] -> 0x9593
mem[X,0x00000000800333B2] -> 0x00A5
[8189] [M]: 0x00000000800333B0 (0x00A59593) slli a1, a1, 0xa
x11 <- 0x3333333333333000
mem[X,0x00000000800333B4] -> 0x8593
mem[X,0x00000000800333B6] -> 0x3325
[8190] [M]: 0x00000000800333B4 (0x33258593) addi a1, a1, 0x332
x11 <- 0x3333333333333332
mem[X,0x00000000800333B8] -> 0x0113
mem[X,0x00000000800333BA] -> 0x0000
[8191] [M]: 0x00000000800333B8 (0x00000113) addi sp, zero, 0x0
x2 <- 0x0000000000000000
mem[X,0x00000000800333BC] -> 0x006F
mem[X,0x00000000800333BE] -> 0x0140
[8192] [M]: 0x00000000800333BC (0x0140006F) jal zero, 0x14
mem[X,0x00000000800333D0] -> 0x18E3
mem[X,0x00000000800333D2] -> 0xFEB5
[8193] [M]: 0x00000000800333D0 (0xFEB518E3) bne a0, a1, -0x10
mem[X,0x00000000800333C0] -> 0x0113
mem[X,0x00000000800333C2] -> 0x0011
[8194] [M]: 0x00000000800333C0 (0x00110113) addi sp, sp, 0x1
x2 <- 0x0000000000000001
mem[X,0x00000000800333C4] -> 0x006F
mem[X,0x00000000800333C6] -> 0x0200
[8195] [M]: 0x00000000800333C4 (0x0200006F) jal zero, 0x20
mem[X,0x00000000800333E4] -> 0xB023
mem[X,0x00000000800333E6] -> 0x7820
[8196] [M]: 0x00000000800333E4 (0x7820B023) sd sp, 0x780(ra)
mem[0x0000000080046158] <- 0x0000000000000001
mem[X,0x00000000800333E8] -> 0x5537
mem[X,0x00000000800333EA] -> 0x5555
[8197] [M]: 0x00000000800333E8 (0x55555537) lui a0, 0x55555
x10 <- 0x0000000055555000
mem[X,0x00000000800333EC] -> 0x0513
mem[X,0x00000000800333EE] -> 0x5555
[8198] [M]: 0x00000000800333EC (0x55550513) addi a0, a0, 0x555
x10 <- 0x0000000055555555
mem[X,0x00000000800333F0] -> 0x1513
mem[X,0x00000000800333F2] -> 0x00B5
[8199] [M]: 0x00000000800333F0 (0x00B51513) slli a0, a0, 0xb
x10 <- 0x000002AAAAAAA800
clint::tick mtime <- 0x0000000000000052
 clint timer pending at mtime 0x0000000000000052
htif::tick 0x0000000000000000
mem[X,0x00000000800333F4] -> 0x0513
mem[X,0x00000000800333F6] -> 0x2AA5
[8200] [M]: 0x00000000800333F4 (0x2AA50513) addi a0, a0, 0x2aa
x10 <- 0x000002AAAAAAAAAA
mem[X,0x00000000800333F8] -> 0x1513
mem[X,0x00000000800333FA] -> 0x00B5
[8201] [M]: 0x00000000800333F8 (0x00B51513) slli a0, a0, 0xb
x10 <- 0x0015555555555000
mem[X,0x00000000800333FC] -> 0x0513
mem[X,0x00000000800333FE] -> 0x5555
[8202] [M]: 0x00000000800333FC (0x55550513) addi a0, a0, 0x555
x10 <- 0x0015555555555555
mem[X,0x0000000080033400] -> 0x1513
mem[X,0x0000000080033402] -> 0x00A5
[8203] [M]: 0x0000000080033400 (0x00A51513) slli a0, a0, 0xa
x10 <- 0x5555555555555400
mem[X,0x0000000080033404] -> 0x0513
mem[X,0x0000000080033406] -> 0x1565
[8204] [M]: 0x0000000080033404 (0x15650513) addi a0, a0, 0x156
x10 <- 0x5555555555555556
mem[X,0x0000000080033408] -> 0x65B7
mem[X,0x000000008003340A] -> 0x6666
[8205] [M]: 0x0000000080033408 (0x666665B7) lui a1, 0x66666
x11 <- 0x0000000066666000
mem[X,0x000000008003340C] -> 0x8593
mem[X,0x000000008003340E] -> 0x6665
[8206] [M]: 0x000000008003340C (0x66658593) addi a1, a1, 0x666
x11 <- 0x0000000066666666
mem[X,0x0000000080033410] -> 0x9593
mem[X,0x0000000080033412] -> 0x00B5
[8207] [M]: 0x0000000080033410 (0x00B59593) slli a1, a1, 0xb
x11 <- 0x0000033333333000
mem[X,0x0000000080033414] -> 0x8593
mem[X,0x0000000080033416] -> 0x3335
[8208] [M]: 0x0000000080033414 (0x33358593) addi a1, a1, 0x333
x11 <- 0x0000033333333333
mem[X,0x0000000080033418] -> 0x9593
mem[X,0x000000008003341A] -> 0x00B5
[8209] [M]: 0x0000000080033418 (0x00B59593) slli a1, a1, 0xb
x11 <- 0x0019999999999800
mem[X,0x000000008003341C] -> 0x8593
mem[X,0x000000008003341E] -> 0x1995
[8210] [M]: 0x000000008003341C (0x19958593) addi a1, a1, 0x199
x11 <- 0x0019999999999999
mem[X,0x0000000080033420] -> 0x9593
mem[X,0x0000000080033422] -> 0x00A5
[8211] [M]: 0x0000000080033420 (0x00A59593) slli a1, a1, 0xa
x11 <- 0x6666666666666400
mem[X,0x0000000080033424] -> 0x8593
mem[X,0x0000000080033426] -> 0x2655
[8212] [M]: 0x0000000080033424 (0x26558593) addi a1, a1, 0x265
x11 <- 0x6666666666666665
mem[X,0x0000000080033428] -> 0x0113
mem[X,0x000000008003342A] -> 0x0000
[8213] [M]: 0x0000000080033428 (0x00000113) addi sp, zero, 0x0
x2 <- 0x0000000000000000
mem[X,0x000000008003342C] -> 0x006F
mem[X,0x000000008003342E] -> 0x00C0
[8214] [M]: 0x000000008003342C (0x00C0006F) jal zero, 0xc
mem[X,0x0000000080033438] -> 0x1663
mem[X,0x000000008003343A] -> 0x00B5
[8215] [M]: 0x0000000080033438 (0x00B51663) bne a0, a1, 0xc
mem[X,0x0000000080033444] -> 0x0113
mem[X,0x0000000080033446] -> 0x0031
[8216] [M]: 0x0000000080033444 (0x00310113) addi sp, sp, 0x3
x2 <- 0x0000000000000003
mem[X,0x0000000080033448] -> 0x006F
mem[X,0x000000008003344A] -> 0x0040
[8217] [M]: 0x0000000080033448 (0x0040006F) jal zero, 0x4
mem[X,0x000000008003344C] -> 0xB423
mem[X,0x000000008003344E] -> 0x7820
[8218] [M]: 0x000000008003344C (0x7820B423) sd sp, 0x788(ra)
mem[0x0000000080046160] <- 0x0000000000000003
mem[X,0x0000000080033450] -> 0x5537
mem[X,0x0000000080033452] -> 0x5555
[8219] [M]: 0x0000000080033450 (0x55555537) lui a0, 0x55555
x10 <- 0x0000000055555000
mem[X,0x0000000080033454] -> 0x0513
mem[X,0x0000000080033456] -> 0x5555
[8220] [M]: 0x0000000080033454 (0x55550513) addi a0, a0, 0x555
x10 <- 0x0000000055555555
mem[X,0x0000000080033458] -> 0x1513
mem[X,0x000000008003345A] -> 0x00B5
[8221] [M]: 0x0000000080033458 (0x00B51513) slli a0, a0, 0xb
x10 <- 0x000002AAAAAAA800
mem[X,0x000000008003345C] -> 0x0513
mem[X,0x000000008003345E] -> 0x2AA5
[8222] [M]: 0x000000008003345C (0x2AA50513) addi a0, a0, 0x2aa
x10 <- 0x000002AAAAAAAAAA
mem[X,0x0000000080033460] -> 0x1513
mem[X,0x0000000080033462] -> 0x00B5
[8223] [M]: 0x0000000080033460 (0x00B51513) slli a0, a0, 0xb
x10 <- 0x0015555555555000
mem[X,0x0000000080033464] -> 0x0513
mem[X,0x0000000080033466] -> 0x5555
[8224] [M]: 0x0000000080033464 (0x55550513) addi a0, a0, 0x555
x10 <- 0x0015555555555555
mem[X,0x0000000080033468] -> 0x1513
mem[X,0x000000008003346A] -> 0x00A5
[8225] [M]: 0x0000000080033468 (0x00A51513) slli a0, a0, 0xa
x10 <- 0x5555555555555400
mem[X,0x000000008003346C] -> 0x0513
mem[X,0x000000008003346E] -> 0x1565
[8226] [M]: 0x000000008003346C (0x15650513) addi a0, a0, 0x156
x10 <- 0x5555555555555556
mem[X,0x0000000080033470] -> 0x05B7
mem[X,0x0000000080033472] -> 0x0000
[8227] [M]: 0x0000000080033470 (0x000005B7) lui a1, 0x0
x11 <- 0x0000000000000000
mem[X,0x0000000080033474] -> 0x8593
mem[X,0x0000000080033476] -> 0x0005
[8228] [M]: 0x0000000080033474 (0x00058593) addi a1, a1, 0x0
x11 <- 0x0000000000000000
mem[X,0x0000000080033478] -> 0x9593
mem[X,0x000000008003347A] -> 0x00B5
[8229] [M]: 0x0000000080033478 (0x00B59593) slli a1, a1, 0xb
x11 <- 0x0000000000000000
mem[X,0x000000008003347C] -> 0x8593
mem[X,0x000000008003347E] -> 0x5A85
[8230] [M]: 0x000000008003347C (0x5A858593) addi a1, a1, 0x5a8
x11 <- 0x00000000000005A8
mem[X,0x0000000080033480] -> 0x9593
mem[X,0x0000000080033482] -> 0x00B5
[8231] [M]: 0x0000000080033480 (0x00B59593) slli a1, a1, 0xb
x11 <- 0x00000000002D4000
mem[X,0x0000000080033484] -> 0x8593
mem[X,0x0000000080033486] -> 0x13C5
[8232] [M]: 0x0000000080033484 (0x13C58593) addi a1, a1, 0x13c
x11 <- 0x00000000002D413C
mem[X,0x0000000080033488] -> 0x9593
mem[X,0x000000008003348A] -> 0x00A5
[8233] [M]: 0x0000000080033488 (0x00A59593) slli a1, a1, 0xa
x11 <- 0x00000000B504F000
mem[X,0x000000008003348C] -> 0x8593
mem[X,0x000000008003348E] -> 0x3325
[8234] [M]: 0x000000008003348C (0x33258593) addi a1, a1, 0x332
x11 <- 0x00000000B504F332
mem[X,0x0000000080033490] -> 0x0113
mem[X,0x0000000080033492] -> 0x0000
[8235] [M]: 0x0000000080033490 (0x00000113) addi sp, zero, 0x0
x2 <- 0x0000000000000000
mem[X,0x0000000080033494] -> 0x006F
mem[X,0x0000000080033496] -> 0x00C0
[8236] [M]: 0x0000000080033494 (0x00C0006F) jal zero, 0xc
mem[X,0x00000000800334A0] -> 0x1063
mem[X,0x00000000800334A2] -> 0x02B5
[8237] [M]: 0x00000000800334A0 (0x02B51063) bne a0, a1, 0x20
mem[X,0x00000000800334C0] -> 0x0113
mem[X,0x00000000800334C2] -> 0x0031
[8238] [M]: 0x00000000800334C0 (0x00310113) addi sp, sp, 0x3
x2 <- 0x0000000000000003
mem[X,0x00000000800334C4] -> 0x006F
mem[X,0x00000000800334C6] -> 0x0040
[8239] [M]: 0x00000000800334C4 (0x0040006F) jal zero, 0x4
mem[X,0x00000000800334C8] -> 0xB823
mem[X,0x00000000800334CA] -> 0x7820
[8240] [M]: 0x00000000800334C8 (0x7820B823) sd sp, 0x790(ra)
mem[0x0000000080046168] <- 0x0000000000000003
mem[X,0x00000000800334CC] -> 0x5537
mem[X,0x00000000800334CE] -> 0x5555
[8241] [M]: 0x00000000800334CC (0x55555537) lui a0, 0x55555
x10 <- 0x0000000055555000
mem[X,0x00000000800334D0] -> 0x0513
mem[X,0x00000000800334D2] -> 0x5555
[8242] [M]: 0x00000000800334D0 (0x55550513) addi a0, a0, 0x555
x10 <- 0x0000000055555555
mem[X,0x00000000800334D4] -> 0x1513
mem[X,0x00000000800334D6] -> 0x00B5
[8243] [M]: 0x00000000800334D4 (0x00B51513) slli a0, a0, 0xb
x10 <- 0x000002AAAAAAA800
mem[X,0x00000000800334D8] -> 0x0513
mem[X,0x00000000800334DA] -> 0x2AA5
[8244] [M]: 0x00000000800334D8 (0x2AA50513) addi a0, a0, 0x2aa
x10 <- 0x000002AAAAAAAAAA
mem[X,0x00000000800334DC] -> 0x1513
mem[X,0x00000000800334DE] -> 0x00B5
[8245] [M]: 0x00000000800334DC (0x00B51513) slli a0, a0, 0xb
x10 <- 0x0015555555555000
mem[X,0x00000000800334E0] -> 0x0513
mem[X,0x00000000800334E2] -> 0x5555
[8246] [M]: 0x00000000800334E0 (0x55550513) addi a0, a0, 0x555
x10 <- 0x0015555555555555
mem[X,0x00000000800334E4] -> 0x1513
mem[X,0x00000000800334E6] -> 0x00A5
[8247] [M]: 0x00000000800334E4 (0x00A51513) slli a0, a0, 0xa
x10 <- 0x5555555555555400
mem[X,0x00000000800334E8] -> 0x0513
mem[X,0x00000000800334EA] -> 0x1565
[8248] [M]: 0x00000000800334E8 (0x15650513) addi a0, a0, 0x156
x10 <- 0x5555555555555556
mem[X,0x00000000800334EC] -> 0x55B7
mem[X,0x00000000800334EE] -> 0x5555
[8249] [M]: 0x00000000800334EC (0x555555B7) lui a1, 0x55555
x11 <- 0x0000000055555000
mem[X,0x00000000800334F0] -> 0x8593
mem[X,0x00000000800334F2] -> 0x5555
[8250] [M]: 0x00000000800334F0 (0x55558593) addi a1, a1, 0x555
x11 <- 0x0000000055555555
mem[X,0x00000000800334F4] -> 0x9593
mem[X,0x00000000800334F6] -> 0x00B5
[8251] [M]: 0x00000000800334F4 (0x00B59593) slli a1, a1, 0xb
x11 <- 0x000002AAAAAAA800
mem[X,0x00000000800334F8] -> 0x8593
mem[X,0x00000000800334FA] -> 0x2AA5
[8252] [M]: 0x00000000800334F8 (0x2AA58593) addi a1, a1, 0x2aa
x11 <- 0x000002AAAAAAAAAA
mem[X,0x00000000800334FC] -> 0x9593
mem[X,0x00000000800334FE] -> 0x00B5
[8253] [M]: 0x00000000800334FC (0x00B59593) slli a1, a1, 0xb
x11 <- 0x0015555555555000
mem[X,0x0000000080033500] -> 0x8593
mem[X,0x0000000080033502] -> 0x5555
[8254] [M]: 0x0000000080033500 (0x55558593) addi a1, a1, 0x555
x11 <- 0x0015555555555555
mem[X,0x0000000080033504] -> 0x9593
mem[X,0x0000000080033506] -> 0x00A5
[8255] [M]: 0x0000000080033504 (0x00A59593) slli a1, a1, 0xa
x11 <- 0x5555555555555400
mem[X,0x0000000080033508] -> 0x8593
mem[X,0x000000008003350A] -> 0x1565
[8256] [M]: 0x0000000080033508 (0x15658593) addi a1, a1, 0x156
x11 <- 0x5555555555555556
mem[X,0x000000008003350C] -> 0x0113
mem[X,0x000000008003350E] -> 0x0000
[8257] [M]: 0x000000008003350C (0x00000113) addi sp, zero, 0x0
x2 <- 0x0000000000000000
mem[X,0x0000000080033510] -> 0x006F
mem[X,0x0000000080033512] -> 0x00C0
[8258] [M]: 0x0000000080033510 (0x00C0006F) jal zero, 0xc
mem[X,0x000000008003351C] -> 0x1CE3
mem[X,0x000000008003351E] -> 0xFEB5
[8259] [M]: 0x000000008003351C (0xFEB51CE3) bne a0, a1, -0x8
mem[X,0x0000000080033520] -> 0x0113
mem[X,0x0000000080033522] -> 0x0021
[8260] [M]: 0x0000000080033520 (0x00210113) addi sp, sp, 0x2
x2 <- 0x0000000000000002
mem[X,0x0000000080033524] -> 0x006F
mem[X,0x0000000080033526] -> 0x00C0
[8261] [M]: 0x0000000080033524 (0x00C0006F) jal zero, 0xc
mem[X,0x0000000080033530] -> 0xBC23
mem[X,0x0000000080033532] -> 0x7820
[8262] [M]: 0x0000000080033530 (0x7820BC23) sd sp, 0x798(ra)
mem[0x0000000080046170] <- 0x0000000000000002
mem[X,0x0000000080033534] -> 0x5537
mem[X,0x0000000080033536] -> 0x5555
[8263] [M]: 0x0000000080033534 (0x55555537) lui a0, 0x55555
x10 <- 0x0000000055555000
mem[X,0x0000000080033538] -> 0x0513
mem[X,0x000000008003353A] -> 0x5555
[8264] [M]: 0x0000000080033538 (0x55550513) addi a0, a0, 0x555
x10 <- 0x0000000055555555
mem[X,0x000000008003353C] -> 0x1513
mem[X,0x000000008003353E] -> 0x00B5
[8265] [M]: 0x000000008003353C (0x00B51513) slli a0, a0, 0xb
x10 <- 0x000002AAAAAAA800
mem[X,0x0000000080033540] -> 0x0513
mem[X,0x0000000080033542] -> 0x2AA5
[8266] [M]: 0x0000000080033540 (0x2AA50513) addi a0, a0, 0x2aa
x10 <- 0x000002AAAAAAAAAA
mem[X,0x0000000080033544] -> 0x1513
mem[X,0x0000000080033546] -> 0x00B5
[8267] [M]: 0x0000000080033544 (0x00B51513) slli a0, a0, 0xb
x10 <- 0x0015555555555000
mem[X,0x0000000080033548] -> 0x0513
mem[X,0x000000008003354A] -> 0x5555
[8268] [M]: 0x0000000080033548 (0x55550513) addi a0, a0, 0x555
x10 <- 0x0015555555555555
mem[X,0x000000008003354C] -> 0x1513
mem[X,0x000000008003354E] -> 0x00A5
[8269] [M]: 0x000000008003354C (0x00A51513) slli a0, a0, 0xa
x10 <- 0x5555555555555400
mem[X,0x0000000080033550] -> 0x0513
mem[X,0x0000000080033552] -> 0x1565
[8270] [M]: 0x0000000080033550 (0x15650513) addi a0, a0, 0x156
x10 <- 0x5555555555555556
mem[X,0x0000000080033554] -> 0xB5B7
mem[X,0x0000000080033556] -> 0xAAAA
[8271] [M]: 0x0000000080033554 (0xAAAAB5B7) lui a1, -0x55555
x11 <- 0xFFFFFFFFAAAAB000
mem[X,0x0000000080033558] -> 0x8593
mem[X,0x000000008003355A] -> 0xAAA5
[8272] [M]: 0x0000000080033558 (0xAAA58593) addi a1, a1, -0x556
x11 <- 0xFFFFFFFFAAAAAAAA
mem[X,0x000000008003355C] -> 0x9593
mem[X,0x000000008003355E] -> 0x00B5
[8273] [M]: 0x000000008003355C (0x00B59593) slli a1, a1, 0xb
x11 <- 0xFFFFFD5555555000
mem[X,0x0000000080033560] -> 0x8593
mem[X,0x0000000080033562] -> 0x5555
[8274] [M]: 0x0000000080033560 (0x55558593) addi a1, a1, 0x555
x11 <- 0xFFFFFD5555555555
mem[X,0x0000000080033564] -> 0x9593
mem[X,0x0000000080033566] -> 0x00B5
[8275] [M]: 0x0000000080033564 (0x00B59593) slli a1, a1, 0xb
x11 <- 0xFFEAAAAAAAAAA800
mem[X,0x0000000080033568] -> 0x8593
mem[X,0x000000008003356A] -> 0x2AA5
[8276] [M]: 0x0000000080033568 (0x2AA58593) addi a1, a1, 0x2aa
x11 <- 0xFFEAAAAAAAAAAAAA
mem[X,0x000000008003356C] -> 0x9593
mem[X,0x000000008003356E] -> 0x00A5
[8277] [M]: 0x000000008003356C (0x00A59593) slli a1, a1, 0xa
x11 <- 0xAAAAAAAAAAAAA800
mem[X,0x0000000080033570] -> 0x8593
mem[X,0x0000000080033572] -> 0x2AB5
[8278] [M]: 0x0000000080033570 (0x2AB58593) addi a1, a1, 0x2ab
x11 <- 0xAAAAAAAAAAAAAAAB
mem[X,0x0000000080033574] -> 0x0113
mem[X,0x0000000080033576] -> 0x0000
[8279] [M]: 0x0000000080033574 (0x00000113) addi sp, zero, 0x0
x2 <- 0x0000000000000000
mem[X,0x0000000080033578] -> 0x006F
mem[X,0x000000008003357A] -> 0x0050
[8280] [M]: 0x0000000080033578 (0x0050006F) jal zero, 0x804
mem[X,0x0000000080033D7C] -> 0x10E3
mem[X,0x0000000080033D7E] -> 0x80B5
[8281] [M]: 0x0000000080033D7C (0x80B510E3) bne a0, a1, -0x800
mem[X,0x000000008003357C] -> 0x0113
mem[X,0x000000008003357E] -> 0x0011
[8282] [M]: 0x000000008003357C (0x00110113) addi sp, sp, 0x1
x2 <- 0x0000000000000001
mem[X,0x0000000080033580] -> 0x006F
mem[X,0x0000000080033582] -> 0x0110
[8283] [M]: 0x0000000080033580 (0x0110006F) jal zero, 0x810
mem[X,0x0000000080033D90] -> 0xB023
mem[X,0x0000000080033D92] -> 0x7A20
[8284] [M]: 0x0000000080033D90 (0x7A20B023) sd sp, 0x7a0(ra)
mem[0x0000000080046178] <- 0x0000000000000001
mem[X,0x0000000080033D94] -> 0x5537
mem[X,0x0000000080033D96] -> 0x5555
[8285] [M]: 0x0000000080033D94 (0x55555537) lui a0, 0x55555
x10 <- 0x0000000055555000
mem[X,0x0000000080033D98] -> 0x0513
mem[X,0x0000000080033D9A] -> 0x5555
[8286] [M]: 0x0000000080033D98 (0x55550513) addi a0, a0, 0x555
x10 <- 0x0000000055555555
mem[X,0x0000000080033D9C] -> 0x1513
mem[X,0x0000000080033D9E] -> 0x00B5
[8287] [M]: 0x0000000080033D9C (0x00B51513) slli a0, a0, 0xb
x10 <- 0x000002AAAAAAA800
mem[X,0x0000000080033DA0] -> 0x0513
mem[X,0x0000000080033DA2] -> 0x2AA5
[8288] [M]: 0x0000000080033DA0 (0x2AA50513) addi a0, a0, 0x2aa
x10 <- 0x000002AAAAAAAAAA
mem[X,0x0000000080033DA4] -> 0x1513
mem[X,0x0000000080033DA6] -> 0x00B5
[8289] [M]: 0x0000000080033DA4 (0x00B51513) slli a0, a0, 0xb
x10 <- 0x0015555555555000
mem[X,0x0000000080033DA8] -> 0x0513
mem[X,0x0000000080033DAA] -> 0x5555
[8290] [M]: 0x0000000080033DA8 (0x55550513) addi a0, a0, 0x555
x10 <- 0x0015555555555555
mem[X,0x0000000080033DAC] -> 0x1513
mem[X,0x0000000080033DAE] -> 0x00A5
[8291] [M]: 0x0000000080033DAC (0x00A51513) slli a0, a0, 0xa
x10 <- 0x5555555555555400
mem[X,0x0000000080033DB0] -> 0x0513
mem[X,0x0000000080033DB2] -> 0x1565
[8292] [M]: 0x0000000080033DB0 (0x15650513) addi a0, a0, 0x156
x10 <- 0x5555555555555556
mem[X,0x0000000080033DB4] -> 0x0593
mem[X,0x0000000080033DB6] -> 0x0060
[8293] [M]: 0x0000000080033DB4 (0x00600593) addi a1, zero, 0x6
x11 <- 0x0000000000000006
mem[X,0x0000000080033DB8] -> 0x0113
mem[X,0x0000000080033DBA] -> 0x0000
[8294] [M]: 0x0000000080033DB8 (0x00000113) addi sp, zero, 0x0
x2 <- 0x0000000000000000
mem[X,0x0000000080033DBC] -> 0x006F
mem[X,0x0000000080033DBE] -> 0x2B10
[8295] [M]: 0x0000000080033DBC (0x2B10006F) jal zero, 0xab0
mem[X,0x000000008003486C] -> 0x1A63
mem[X,0x000000008003486E] -> 0xD4B5
[8296] [M]: 0x000000008003486C (0xD4B51A63) bne a0, a1, -0xaac
mem[X,0x0000000080033DC0] -> 0x0113
mem[X,0x0000000080033DC2] -> 0x0011
[8297] [M]: 0x0000000080033DC0 (0x00110113) addi sp, sp, 0x1
x2 <- 0x0000000000000001
mem[X,0x0000000080033DC4] -> 0x006F
mem[X,0x0000000080033DC6] -> 0x2BD0
[8298] [M]: 0x0000000080033DC4 (0x2BD0006F) jal zero, 0xabc
mem[X,0x0000000080034880] -> 0xB423
mem[X,0x0000000080034882] -> 0x7A20
[8299] [M]: 0x0000000080034880 (0x7A20B423) sd sp, 0x7a8(ra)
mem[0x0000000080046180] <- 0x0000000000000001
clint::tick mtime <- 0x0000000000000053
 clint timer pending at mtime 0x0000000000000053
htif::tick 0x0000000000000000
mem[X,0x0000000080034884] -> 0x5537
mem[X,0x0000000080034886] -> 0x5555
[8300] [M]: 0x0000000080034884 (0x55555537) lui a0, 0x55555
x10 <- 0x0000000055555000
mem[X,0x0000000080034888] -> 0x0513
mem[X,0x000000008003488A] -> 0x5555
[8301] [M]: 0x0000000080034888 (0x55550513) addi a0, a0, 0x555
x10 <- 0x0000000055555555
mem[X,0x000000008003488C] -> 0x1513
mem[X,0x000000008003488E] -> 0x00B5
[8302] [M]: 0x000000008003488C (0x00B51513) slli a0, a0, 0xb
x10 <- 0x000002AAAAAAA800
mem[X,0x0000000080034890] -> 0x0513
mem[X,0x0000000080034892] -> 0x2AA5
[8303] [M]: 0x0000000080034890 (0x2AA50513) addi a0, a0, 0x2aa
x10 <- 0x000002AAAAAAAAAA
mem[X,0x0000000080034894] -> 0x1513
mem[X,0x0000000080034896] -> 0x00B5
[8304] [M]: 0x0000000080034894 (0x00B51513) slli a0, a0, 0xb
x10 <- 0x0015555555555000
mem[X,0x0000000080034898] -> 0x0513
mem[X,0x000000008003489A] -> 0x5555
[8305] [M]: 0x0000000080034898 (0x55550513) addi a0, a0, 0x555
x10 <- 0x0015555555555555
mem[X,0x000000008003489C] -> 0x1513
mem[X,0x000000008003489E] -> 0x00A5
[8306] [M]: 0x000000008003489C (0x00A51513) slli a0, a0, 0xa
x10 <- 0x5555555555555400
mem[X,0x00000000800348A0] -> 0x0513
mem[X,0x00000000800348A2] -> 0x1565
[8307] [M]: 0x00000000800348A0 (0x15650513) addi a0, a0, 0x156
x10 <- 0x5555555555555556
mem[X,0x00000000800348A4] -> 0x35B7
mem[X,0x00000000800348A6] -> 0x3333
[8308] [M]: 0x00000000800348A4 (0x333335B7) lui a1, 0x33333
x11 <- 0x0000000033333000
mem[X,0x00000000800348A8] -> 0x8593
mem[X,0x00000000800348AA] -> 0x3335
[8309] [M]: 0x00000000800348A8 (0x33358593) addi a1, a1, 0x333
x11 <- 0x0000000033333333
mem[X,0x00000000800348AC] -> 0x9593
mem[X,0x00000000800348AE] -> 0x00B5
[8310] [M]: 0x00000000800348AC (0x00B59593) slli a1, a1, 0xb
x11 <- 0x0000019999999800
mem[X,0x00000000800348B0] -> 0x8593
mem[X,0x00000000800348B2] -> 0x1995
[8311] [M]: 0x00000000800348B0 (0x19958593) addi a1, a1, 0x199
x11 <- 0x0000019999999999
mem[X,0x00000000800348B4] -> 0x9593
mem[X,0x00000000800348B6] -> 0x00B5
[8312] [M]: 0x00000000800348B4 (0x00B59593) slli a1, a1, 0xb
x11 <- 0x000CCCCCCCCCC800
mem[X,0x00000000800348B8] -> 0x8593
mem[X,0x00000000800348BA] -> 0x4CC5
[8313] [M]: 0x00000000800348B8 (0x4CC58593) addi a1, a1, 0x4cc
x11 <- 0x000CCCCCCCCCCCCC
mem[X,0x00000000800348BC] -> 0x9593
mem[X,0x00000000800348BE] -> 0x00A5
[8314] [M]: 0x00000000800348BC (0x00A59593) slli a1, a1, 0xa
x11 <- 0x3333333333333000
mem[X,0x00000000800348C0] -> 0x8593
mem[X,0x00000000800348C2] -> 0x3345
[8315] [M]: 0x00000000800348C0 (0x33458593) addi a1, a1, 0x334
x11 <- 0x3333333333333334
mem[X,0x00000000800348C4] -> 0x0113
mem[X,0x00000000800348C6] -> 0x0000
[8316] [M]: 0x00000000800348C4 (0x00000113) addi sp, zero, 0x0
x2 <- 0x0000000000000000
mem[X,0x00000000800348C8] -> 0x006F
mem[X,0x00000000800348CA] -> 0x00C0
[8317] [M]: 0x00000000800348C8 (0x00C0006F) jal zero, 0xc
mem[X,0x00000000800348D4] -> 0x1CE3
mem[X,0x00000000800348D6] -> 0xFEB5
[8318] [M]: 0x00000000800348D4 (0xFEB51CE3) bne a0, a1, -0x8
mem[X,0x00000000800348CC] -> 0x0113
mem[X,0x00000000800348CE] -> 0x0011
[8319] [M]: 0x00000000800348CC (0x00110113) addi sp, sp, 0x1
x2 <- 0x0000000000000001
mem[X,0x00000000800348D0] -> 0x006F
mem[X,0x00000000800348D2] -> 0x0180
[8320] [M]: 0x00000000800348D0 (0x0180006F) jal zero, 0x18
mem[X,0x00000000800348E8] -> 0xB823
mem[X,0x00000000800348EA] -> 0x7A20
[8321] [M]: 0x00000000800348E8 (0x7A20B823) sd sp, 0x7b0(ra)
mem[0x0000000080046188] <- 0x0000000000000001
mem[X,0x00000000800348EC] -> 0x5537
mem[X,0x00000000800348EE] -> 0x5555
[8322] [M]: 0x00000000800348EC (0x55555537) lui a0, 0x55555
x10 <- 0x0000000055555000
mem[X,0x00000000800348F0] -> 0x0513
mem[X,0x00000000800348F2] -> 0x5555
[8323] [M]: 0x00000000800348F0 (0x55550513) addi a0, a0, 0x555
x10 <- 0x0000000055555555
mem[X,0x00000000800348F4] -> 0x1513
mem[X,0x00000000800348F6] -> 0x00B5
[8324] [M]: 0x00000000800348F4 (0x00B51513) slli a0, a0, 0xb
x10 <- 0x000002AAAAAAA800
mem[X,0x00000000800348F8] -> 0x0513
mem[X,0x00000000800348FA] -> 0x2AA5
[8325] [M]: 0x00000000800348F8 (0x2AA50513) addi a0, a0, 0x2aa
x10 <- 0x000002AAAAAAAAAA
mem[X,0x00000000800348FC] -> 0x1513
mem[X,0x00000000800348FE] -> 0x00B5
[8326] [M]: 0x00000000800348FC (0x00B51513) slli a0, a0, 0xb
x10 <- 0x0015555555555000
mem[X,0x0000000080034900] -> 0x0513
mem[X,0x0000000080034902] -> 0x5555
[8327] [M]: 0x0000000080034900 (0x55550513) addi a0, a0, 0x555
x10 <- 0x0015555555555555
mem[X,0x0000000080034904] -> 0x1513
mem[X,0x0000000080034906] -> 0x00A5
[8328] [M]: 0x0000000080034904 (0x00A51513) slli a0, a0, 0xa
x10 <- 0x5555555555555400
mem[X,0x0000000080034908] -> 0x0513
mem[X,0x000000008003490A] -> 0x1565
[8329] [M]: 0x0000000080034908 (0x15650513) addi a0, a0, 0x156
x10 <- 0x5555555555555556
mem[X,0x000000008003490C] -> 0x65B7
mem[X,0x000000008003490E] -> 0x6666
[8330] [M]: 0x000000008003490C (0x666665B7) lui a1, 0x66666
x11 <- 0x0000000066666000
mem[X,0x0000000080034910] -> 0x8593
mem[X,0x0000000080034912] -> 0x6665
[8331] [M]: 0x0000000080034910 (0x66658593) addi a1, a1, 0x666
x11 <- 0x0000000066666666
mem[X,0x0000000080034914] -> 0x9593
mem[X,0x0000000080034916] -> 0x00B5
[8332] [M]: 0x0000000080034914 (0x00B59593) slli a1, a1, 0xb
x11 <- 0x0000033333333000
mem[X,0x0000000080034918] -> 0x8593
mem[X,0x000000008003491A] -> 0x3335
[8333] [M]: 0x0000000080034918 (0x33358593) addi a1, a1, 0x333
x11 <- 0x0000033333333333
mem[X,0x000000008003491C] -> 0x9593
mem[X,0x000000008003491E] -> 0x00B5
[8334] [M]: 0x000000008003491C (0x00B59593) slli a1, a1, 0xb
x11 <- 0x0019999999999800
mem[X,0x0000000080034920] -> 0x8593
mem[X,0x0000000080034922] -> 0x1995
[8335] [M]: 0x0000000080034920 (0x19958593) addi a1, a1, 0x199
x11 <- 0x0019999999999999
mem[X,0x0000000080034924] -> 0x9593
mem[X,0x0000000080034926] -> 0x00A5
[8336] [M]: 0x0000000080034924 (0x00A59593) slli a1, a1, 0xa
x11 <- 0x6666666666666400
mem[X,0x0000000080034928] -> 0x8593
mem[X,0x000000008003492A] -> 0x2675
[8337] [M]: 0x0000000080034928 (0x26758593) addi a1, a1, 0x267
x11 <- 0x6666666666666667
mem[X,0x000000008003492C] -> 0x0113
mem[X,0x000000008003492E] -> 0x0000
[8338] [M]: 0x000000008003492C (0x00000113) addi sp, zero, 0x0
x2 <- 0x0000000000000000
mem[X,0x0000000080034930] -> 0x006F
mem[X,0x0000000080034932] -> 0x00C0
[8339] [M]: 0x0000000080034930 (0x00C0006F) jal zero, 0xc
mem[X,0x000000008003493C] -> 0x1663
mem[X,0x000000008003493E] -> 0x00B5
[8340] [M]: 0x000000008003493C (0x00B51663) bne a0, a1, 0xc
mem[X,0x0000000080034948] -> 0x0113
mem[X,0x000000008003494A] -> 0x0031
[8341] [M]: 0x0000000080034948 (0x00310113) addi sp, sp, 0x3
x2 <- 0x0000000000000003
mem[X,0x000000008003494C] -> 0x006F
mem[X,0x000000008003494E] -> 0x0040
[8342] [M]: 0x000000008003494C (0x0040006F) jal zero, 0x4
mem[X,0x0000000080034950] -> 0xBC23
mem[X,0x0000000080034952] -> 0x7A20
[8343] [M]: 0x0000000080034950 (0x7A20BC23) sd sp, 0x7b8(ra)
mem[0x0000000080046190] <- 0x0000000000000003
mem[X,0x0000000080034954] -> 0x5537
mem[X,0x0000000080034956] -> 0x5555
[8344] [M]: 0x0000000080034954 (0x55555537) lui a0, 0x55555
x10 <- 0x0000000055555000
mem[X,0x0000000080034958] -> 0x0513
mem[X,0x000000008003495A] -> 0x5555
[8345] [M]: 0x0000000080034958 (0x55550513) addi a0, a0, 0x555
x10 <- 0x0000000055555555
mem[X,0x000000008003495C] -> 0x1513
mem[X,0x000000008003495E] -> 0x00B5
[8346] [M]: 0x000000008003495C (0x00B51513) slli a0, a0, 0xb
x10 <- 0x000002AAAAAAA800
mem[X,0x0000000080034960] -> 0x0513
mem[X,0x0000000080034962] -> 0x2AA5
[8347] [M]: 0x0000000080034960 (0x2AA50513) addi a0, a0, 0x2aa
x10 <- 0x000002AAAAAAAAAA
mem[X,0x0000000080034964] -> 0x1513
mem[X,0x0000000080034966] -> 0x00B5
[8348] [M]: 0x0000000080034964 (0x00B51513) slli a0, a0, 0xb
x10 <- 0x0015555555555000
mem[X,0x0000000080034968] -> 0x0513
mem[X,0x000000008003496A] -> 0x5555
[8349] [M]: 0x0000000080034968 (0x55550513) addi a0, a0, 0x555
x10 <- 0x0015555555555555
mem[X,0x000000008003496C] -> 0x1513
mem[X,0x000000008003496E] -> 0x00A5
[8350] [M]: 0x000000008003496C (0x00A51513) slli a0, a0, 0xa
x10 <- 0x5555555555555400
mem[X,0x0000000080034970] -> 0x0513
mem[X,0x0000000080034972] -> 0x1565
[8351] [M]: 0x0000000080034970 (0x15650513) addi a0, a0, 0x156
x10 <- 0x5555555555555556
mem[X,0x0000000080034974] -> 0x05B7
mem[X,0x0000000080034976] -> 0x0000
[8352] [M]: 0x0000000080034974 (0x000005B7) lui a1, 0x0
x11 <- 0x0000000000000000
mem[X,0x0000000080034978] -> 0x8593
mem[X,0x000000008003497A] -> 0xFFF5
[8353] [M]: 0x0000000080034978 (0xFFF58593) addi a1, a1, -0x1
x11 <- 0xFFFFFFFFFFFFFFFF
mem[X,0x000000008003497C] -> 0x9593
mem[X,0x000000008003497E] -> 0x00B5
[8354] [M]: 0x000000008003497C (0x00B59593) slli a1, a1, 0xb
x11 <- 0xFFFFFFFFFFFFF800
mem[X,0x0000000080034980] -> 0x8593
mem[X,0x0000000080034982] -> 0x2575
[8355] [M]: 0x0000000080034980 (0x25758593) addi a1, a1, 0x257
x11 <- 0xFFFFFFFFFFFFFA57
mem[X,0x0000000080034984] -> 0x9593
mem[X,0x0000000080034986] -> 0x00B5
[8356] [M]: 0x0000000080034984 (0x00B59593) slli a1, a1, 0xb
x11 <- 0xFFFFFFFFFFD2B800
mem[X,0x0000000080034988] -> 0x8593
mem[X,0x000000008003498A] -> 0x6C35
[8357] [M]: 0x0000000080034988 (0x6C358593) addi a1, a1, 0x6c3
x11 <- 0xFFFFFFFFFFD2BEC3
mem[X,0x000000008003498C] -> 0x9593
mem[X,0x000000008003498E] -> 0x00A5
[8358] [M]: 0x000000008003498C (0x00A59593) slli a1, a1, 0xa
x11 <- 0xFFFFFFFF4AFB0C00
mem[X,0x0000000080034990] -> 0x8593
mem[X,0x0000000080034992] -> 0x0CE5
[8359] [M]: 0x0000000080034990 (0x0CE58593) addi a1, a1, 0xce
x11 <- 0xFFFFFFFF4AFB0CCE
mem[X,0x0000000080034994] -> 0x0113
mem[X,0x0000000080034996] -> 0x0000
[8360] [M]: 0x0000000080034994 (0x00000113) addi sp, zero, 0x0
x2 <- 0x0000000000000000
mem[X,0x0000000080034998] -> 0x006F
mem[X,0x000000008003499A] -> 0x00C0
[8361] [M]: 0x0000000080034998 (0x00C0006F) jal zero, 0xc
mem[X,0x00000000800349A4] -> 0x1663
mem[X,0x00000000800349A6] -> 0x00B5
[8362] [M]: 0x00000000800349A4 (0x00B51663) bne a0, a1, 0xc
mem[X,0x00000000800349B0] -> 0x0113
mem[X,0x00000000800349B2] -> 0x0031
[8363] [M]: 0x00000000800349B0 (0x00310113) addi sp, sp, 0x3
x2 <- 0x0000000000000003
mem[X,0x00000000800349B4] -> 0x006F
mem[X,0x00000000800349B6] -> 0x0040
[8364] [M]: 0x00000000800349B4 (0x0040006F) jal zero, 0x4
mem[X,0x00000000800349B8] -> 0xB023
mem[X,0x00000000800349BA] -> 0x7C20
[8365] [M]: 0x00000000800349B8 (0x7C20B023) sd sp, 0x7c0(ra)
mem[0x0000000080046198] <- 0x0000000000000003
mem[X,0x00000000800349BC] -> 0x5537
mem[X,0x00000000800349BE] -> 0x5555
[8366] [M]: 0x00000000800349BC (0x55555537) lui a0, 0x55555
x10 <- 0x0000000055555000
mem[X,0x00000000800349C0] -> 0x0513
mem[X,0x00000000800349C2] -> 0x5555
[8367] [M]: 0x00000000800349C0 (0x55550513) addi a0, a0, 0x555
x10 <- 0x0000000055555555
mem[X,0x00000000800349C4] -> 0x1513
mem[X,0x00000000800349C6] -> 0x00B5
[8368] [M]: 0x00000000800349C4 (0x00B51513) slli a0, a0, 0xb
x10 <- 0x000002AAAAAAA800
mem[X,0x00000000800349C8] -> 0x0513
mem[X,0x00000000800349CA] -> 0x2AA5
[8369] [M]: 0x00000000800349C8 (0x2AA50513) addi a0, a0, 0x2aa
x10 <- 0x000002AAAAAAAAAA
mem[X,0x00000000800349CC] -> 0x1513
mem[X,0x00000000800349CE] -> 0x00B5
[8370] [M]: 0x00000000800349CC (0x00B51513) slli a0, a0, 0xb
x10 <- 0x0015555555555000
mem[X,0x00000000800349D0] -> 0x0513
mem[X,0x00000000800349D2] -> 0x5555
[8371] [M]: 0x00000000800349D0 (0x55550513) addi a0, a0, 0x555
x10 <- 0x0015555555555555
mem[X,0x00000000800349D4] -> 0x1513
mem[X,0x00000000800349D6] -> 0x00A5
[8372] [M]: 0x00000000800349D4 (0x00A51513) slli a0, a0, 0xa
x10 <- 0x5555555555555400
mem[X,0x00000000800349D8] -> 0x0513
mem[X,0x00000000800349DA] -> 0x1565
[8373] [M]: 0x00000000800349D8 (0x15650513) addi a0, a0, 0x156
x10 <- 0x5555555555555556
mem[X,0x00000000800349DC] -> 0x05B7
mem[X,0x00000000800349DE] -> 0x0000
[8374] [M]: 0x00000000800349DC (0x000005B7) lui a1, 0x0
x11 <- 0x0000000000000000
mem[X,0x00000000800349E0] -> 0x8593
mem[X,0x00000000800349E2] -> 0x0005
[8375] [M]: 0x00000000800349E0 (0x00058593) addi a1, a1, 0x0
x11 <- 0x0000000000000000
mem[X,0x00000000800349E4] -> 0x9593
mem[X,0x00000000800349E6] -> 0x00B5
[8376] [M]: 0x00000000800349E4 (0x00B59593) slli a1, a1, 0xb
x11 <- 0x0000000000000000
mem[X,0x00000000800349E8] -> 0x8593
mem[X,0x00000000800349EA] -> 0x5A85
[8377] [M]: 0x00000000800349E8 (0x5A858593) addi a1, a1, 0x5a8
x11 <- 0x00000000000005A8
mem[X,0x00000000800349EC] -> 0x9593
mem[X,0x00000000800349EE] -> 0x00B5
[8378] [M]: 0x00000000800349EC (0x00B59593) slli a1, a1, 0xb
x11 <- 0x00000000002D4000
mem[X,0x00000000800349F0] -> 0x8593
mem[X,0x00000000800349F2] -> 0x13C5
[8379] [M]: 0x00000000800349F0 (0x13C58593) addi a1, a1, 0x13c
x11 <- 0x00000000002D413C
mem[X,0x00000000800349F4] -> 0x9593
mem[X,0x00000000800349F6] -> 0x00A5
[8380] [M]: 0x00000000800349F4 (0x00A59593) slli a1, a1, 0xa
x11 <- 0x00000000B504F000
mem[X,0x00000000800349F8] -> 0x8593
mem[X,0x00000000800349FA] -> 0x3345
[8381] [M]: 0x00000000800349F8 (0x33458593) addi a1, a1, 0x334
x11 <- 0x00000000B504F334
mem[X,0x00000000800349FC] -> 0x0113
mem[X,0x00000000800349FE] -> 0x0000
[8382] [M]: 0x00000000800349FC (0x00000113) addi sp, zero, 0x0
x2 <- 0x0000000000000000
mem[X,0x0000000080034A00] -> 0x006F
mem[X,0x0000000080034A02] -> 0x00C0
[8383] [M]: 0x0000000080034A00 (0x00C0006F) jal zero, 0xc
mem[X,0x0000000080034A0C] -> 0x1663
mem[X,0x0000000080034A0E] -> 0x00B5
[8384] [M]: 0x0000000080034A0C (0x00B51663) bne a0, a1, 0xc
mem[X,0x0000000080034A18] -> 0x0113
mem[X,0x0000000080034A1A] -> 0x0031
[8385] [M]: 0x0000000080034A18 (0x00310113) addi sp, sp, 0x3
x2 <- 0x0000000000000003
mem[X,0x0000000080034A1C] -> 0x006F
mem[X,0x0000000080034A1E] -> 0x0040
[8386] [M]: 0x0000000080034A1C (0x0040006F) jal zero, 0x4
mem[X,0x0000000080034A20] -> 0xB423
mem[X,0x0000000080034A22] -> 0x7C20
[8387] [M]: 0x0000000080034A20 (0x7C20B423) sd sp, 0x7c8(ra)
mem[0x00000000800461A0] <- 0x0000000000000003
mem[X,0x0000000080034A24] -> 0xB537
mem[X,0x0000000080034A26] -> 0xAAAA
[8388] [M]: 0x0000000080034A24 (0xAAAAB537) lui a0, -0x55555
x10 <- 0xFFFFFFFFAAAAB000
mem[X,0x0000000080034A28] -> 0x0513
mem[X,0x0000000080034A2A] -> 0xAAA5
[8389] [M]: 0x0000000080034A28 (0xAAA50513) addi a0, a0, -0x556
x10 <- 0xFFFFFFFFAAAAAAAA
mem[X,0x0000000080034A2C] -> 0x1513
mem[X,0x0000000080034A2E] -> 0x00B5
[8390] [M]: 0x0000000080034A2C (0x00B51513) slli a0, a0, 0xb
x10 <- 0xFFFFFD5555555000
mem[X,0x0000000080034A30] -> 0x0513
mem[X,0x0000000080034A32] -> 0x5555
[8391] [M]: 0x0000000080034A30 (0x55550513) addi a0, a0, 0x555
x10 <- 0xFFFFFD5555555555
mem[X,0x0000000080034A34] -> 0x1513
mem[X,0x0000000080034A36] -> 0x00B5
[8392] [M]: 0x0000000080034A34 (0x00B51513) slli a0, a0, 0xb
x10 <- 0xFFEAAAAAAAAAA800
mem[X,0x0000000080034A38] -> 0x0513
mem[X,0x0000000080034A3A] -> 0x2AA5
[8393] [M]: 0x0000000080034A38 (0x2AA50513) addi a0, a0, 0x2aa
x10 <- 0xFFEAAAAAAAAAAAAA
mem[X,0x0000000080034A3C] -> 0x1513
mem[X,0x0000000080034A3E] -> 0x00A5
[8394] [M]: 0x0000000080034A3C (0x00A51513) slli a0, a0, 0xa
x10 <- 0xAAAAAAAAAAAAA800
mem[X,0x0000000080034A40] -> 0x0513
mem[X,0x0000000080034A42] -> 0x2AB5
[8395] [M]: 0x0000000080034A40 (0x2AB50513) addi a0, a0, 0x2ab
x10 <- 0xAAAAAAAAAAAAAAAB
mem[X,0x0000000080034A44] -> 0x0593
mem[X,0x0000000080034A46] -> 0x0030
[8396] [M]: 0x0000000080034A44 (0x00300593) addi a1, zero, 0x3
x11 <- 0x0000000000000003
mem[X,0x0000000080034A48] -> 0x0113
mem[X,0x0000000080034A4A] -> 0x0000
[8397] [M]: 0x0000000080034A48 (0x00000113) addi sp, zero, 0x0
x2 <- 0x0000000000000000
mem[X,0x0000000080034A4C] -> 0x006F
mem[X,0x0000000080034A4E] -> 0x00C0
[8398] [M]: 0x0000000080034A4C (0x00C0006F) jal zero, 0xc
mem[X,0x0000000080034A58] -> 0x1663
mem[X,0x0000000080034A5A] -> 0x00B5
[8399] [M]: 0x0000000080034A58 (0x00B51663) bne a0, a1, 0xc
clint::tick mtime <- 0x0000000000000054
 clint timer pending at mtime 0x0000000000000054
htif::tick 0x0000000000000000
mem[X,0x0000000080034A64] -> 0x0113
mem[X,0x0000000080034A66] -> 0x0031
[8400] [M]: 0x0000000080034A64 (0x00310113) addi sp, sp, 0x3
x2 <- 0x0000000000000003
mem[X,0x0000000080034A68] -> 0x006F
mem[X,0x0000000080034A6A] -> 0x0040
[8401] [M]: 0x0000000080034A68 (0x0040006F) jal zero, 0x4
mem[X,0x0000000080034A6C] -> 0xB823
mem[X,0x0000000080034A6E] -> 0x7C20
[8402] [M]: 0x0000000080034A6C (0x7C20B823) sd sp, 0x7d0(ra)
mem[0x00000000800461A8] <- 0x0000000000000003
mem[X,0x0000000080034A70] -> 0xB537
mem[X,0x0000000080034A72] -> 0xAAAA
[8403] [M]: 0x0000000080034A70 (0xAAAAB537) lui a0, -0x55555
x10 <- 0xFFFFFFFFAAAAB000
mem[X,0x0000000080034A74] -> 0x0513
mem[X,0x0000000080034A76] -> 0xAAA5
[8404] [M]: 0x0000000080034A74 (0xAAA50513) addi a0, a0, -0x556
x10 <- 0xFFFFFFFFAAAAAAAA
mem[X,0x0000000080034A78] -> 0x1513
mem[X,0x0000000080034A7A] -> 0x00B5
[8405] [M]: 0x0000000080034A78 (0x00B51513) slli a0, a0, 0xb
x10 <- 0xFFFFFD5555555000
mem[X,0x0000000080034A7C] -> 0x0513
mem[X,0x0000000080034A7E] -> 0x5555
[8406] [M]: 0x0000000080034A7C (0x55550513) addi a0, a0, 0x555
x10 <- 0xFFFFFD5555555555
mem[X,0x0000000080034A80] -> 0x1513
mem[X,0x0000000080034A82] -> 0x00B5
[8407] [M]: 0x0000000080034A80 (0x00B51513) slli a0, a0, 0xb
x10 <- 0xFFEAAAAAAAAAA800
mem[X,0x0000000080034A84] -> 0x0513
mem[X,0x0000000080034A86] -> 0x2AA5
[8408] [M]: 0x0000000080034A84 (0x2AA50513) addi a0, a0, 0x2aa
x10 <- 0xFFEAAAAAAAAAAAAA
mem[X,0x0000000080034A88] -> 0x1513
mem[X,0x0000000080034A8A] -> 0x00A5
[8409] [M]: 0x0000000080034A88 (0x00A51513) slli a0, a0, 0xa
x10 <- 0xAAAAAAAAAAAAA800
mem[X,0x0000000080034A8C] -> 0x0513
mem[X,0x0000000080034A8E] -> 0x2AB5
[8410] [M]: 0x0000000080034A8C (0x2AB50513) addi a0, a0, 0x2ab
x10 <- 0xAAAAAAAAAAAAAAAB
mem[X,0x0000000080034A90] -> 0x55B7
mem[X,0x0000000080034A92] -> 0x5555
[8411] [M]: 0x0000000080034A90 (0x555555B7) lui a1, 0x55555
x11 <- 0x0000000055555000
mem[X,0x0000000080034A94] -> 0x8593
mem[X,0x0000000080034A96] -> 0x5555
[8412] [M]: 0x0000000080034A94 (0x55558593) addi a1, a1, 0x555
x11 <- 0x0000000055555555
mem[X,0x0000000080034A98] -> 0x9593
mem[X,0x0000000080034A9A] -> 0x00B5
[8413] [M]: 0x0000000080034A98 (0x00B59593) slli a1, a1, 0xb
x11 <- 0x000002AAAAAAA800
mem[X,0x0000000080034A9C] -> 0x8593
mem[X,0x0000000080034A9E] -> 0x2AA5
[8414] [M]: 0x0000000080034A9C (0x2AA58593) addi a1, a1, 0x2aa
x11 <- 0x000002AAAAAAAAAA
mem[X,0x0000000080034AA0] -> 0x9593
mem[X,0x0000000080034AA2] -> 0x00B5
[8415] [M]: 0x0000000080034AA0 (0x00B59593) slli a1, a1, 0xb
x11 <- 0x0015555555555000
mem[X,0x0000000080034AA4] -> 0x8593
mem[X,0x0000000080034AA6] -> 0x5555
[8416] [M]: 0x0000000080034AA4 (0x55558593) addi a1, a1, 0x555
x11 <- 0x0015555555555555
mem[X,0x0000000080034AA8] -> 0x9593
mem[X,0x0000000080034AAA] -> 0x00A5
[8417] [M]: 0x0000000080034AA8 (0x00A59593) slli a1, a1, 0xa
x11 <- 0x5555555555555400
mem[X,0x0000000080034AAC] -> 0x8593
mem[X,0x0000000080034AAE] -> 0x1555
[8418] [M]: 0x0000000080034AAC (0x15558593) addi a1, a1, 0x155
x11 <- 0x5555555555555555
mem[X,0x0000000080034AB0] -> 0x0113
mem[X,0x0000000080034AB2] -> 0x0000
[8419] [M]: 0x0000000080034AB0 (0x00000113) addi sp, zero, 0x0
x2 <- 0x0000000000000000
mem[X,0x0000000080034AB4] -> 0x006F
mem[X,0x0000000080034AB6] -> 0x00C0
[8420] [M]: 0x0000000080034AB4 (0x00C0006F) jal zero, 0xc
mem[X,0x0000000080034AC0] -> 0x1663
mem[X,0x0000000080034AC2] -> 0x00B5
[8421] [M]: 0x0000000080034AC0 (0x00B51663) bne a0, a1, 0xc
mem[X,0x0000000080034ACC] -> 0x0113
mem[X,0x0000000080034ACE] -> 0x0031
[8422] [M]: 0x0000000080034ACC (0x00310113) addi sp, sp, 0x3
x2 <- 0x0000000000000003
mem[X,0x0000000080034AD0] -> 0x006F
mem[X,0x0000000080034AD2] -> 0x0040
[8423] [M]: 0x0000000080034AD0 (0x0040006F) jal zero, 0x4
mem[X,0x0000000080034AD4] -> 0xBC23
mem[X,0x0000000080034AD6] -> 0x7C20
[8424] [M]: 0x0000000080034AD4 (0x7C20BC23) sd sp, 0x7d8(ra)
mem[0x00000000800461B0] <- 0x0000000000000003
mem[X,0x0000000080034AD8] -> 0xB537
mem[X,0x0000000080034ADA] -> 0xAAAA
[8425] [M]: 0x0000000080034AD8 (0xAAAAB537) lui a0, -0x55555
x10 <- 0xFFFFFFFFAAAAB000
mem[X,0x0000000080034ADC] -> 0x0513
mem[X,0x0000000080034ADE] -> 0xAAA5
[8426] [M]: 0x0000000080034ADC (0xAAA50513) addi a0, a0, -0x556
x10 <- 0xFFFFFFFFAAAAAAAA
mem[X,0x0000000080034AE0] -> 0x1513
mem[X,0x0000000080034AE2] -> 0x00B5
[8427] [M]: 0x0000000080034AE0 (0x00B51513) slli a0, a0, 0xb
x10 <- 0xFFFFFD5555555000
mem[X,0x0000000080034AE4] -> 0x0513
mem[X,0x0000000080034AE6] -> 0x5555
[8428] [M]: 0x0000000080034AE4 (0x55550513) addi a0, a0, 0x555
x10 <- 0xFFFFFD5555555555
mem[X,0x0000000080034AE8] -> 0x1513
mem[X,0x0000000080034AEA] -> 0x00B5
[8429] [M]: 0x0000000080034AE8 (0x00B51513) slli a0, a0, 0xb
x10 <- 0xFFEAAAAAAAAAA800
mem[X,0x0000000080034AEC] -> 0x0513
mem[X,0x0000000080034AEE] -> 0x2AA5
[8430] [M]: 0x0000000080034AEC (0x2AA50513) addi a0, a0, 0x2aa
x10 <- 0xFFEAAAAAAAAAAAAA
mem[X,0x0000000080034AF0] -> 0x1513
mem[X,0x0000000080034AF2] -> 0x00A5
[8431] [M]: 0x0000000080034AF0 (0x00A51513) slli a0, a0, 0xa
x10 <- 0xAAAAAAAAAAAAA800
mem[X,0x0000000080034AF4] -> 0x0513
mem[X,0x0000000080034AF6] -> 0x2AB5
[8432] [M]: 0x0000000080034AF4 (0x2AB50513) addi a0, a0, 0x2ab
x10 <- 0xAAAAAAAAAAAAAAAB
mem[X,0x0000000080034AF8] -> 0xB5B7
mem[X,0x0000000080034AFA] -> 0xAAAA
[8433] [M]: 0x0000000080034AF8 (0xAAAAB5B7) lui a1, -0x55555
x11 <- 0xFFFFFFFFAAAAB000
mem[X,0x0000000080034AFC] -> 0x8593
mem[X,0x0000000080034AFE] -> 0xAAA5
[8434] [M]: 0x0000000080034AFC (0xAAA58593) addi a1, a1, -0x556
x11 <- 0xFFFFFFFFAAAAAAAA
mem[X,0x0000000080034B00] -> 0x9593
mem[X,0x0000000080034B02] -> 0x00B5
[8435] [M]: 0x0000000080034B00 (0x00B59593) slli a1, a1, 0xb
x11 <- 0xFFFFFD5555555000
mem[X,0x0000000080034B04] -> 0x8593
mem[X,0x0000000080034B06] -> 0x5555
[8436] [M]: 0x0000000080034B04 (0x55558593) addi a1, a1, 0x555
x11 <- 0xFFFFFD5555555555
mem[X,0x0000000080034B08] -> 0x9593
mem[X,0x0000000080034B0A] -> 0x00B5
[8437] [M]: 0x0000000080034B08 (0x00B59593) slli a1, a1, 0xb
x11 <- 0xFFEAAAAAAAAAA800
mem[X,0x0000000080034B0C] -> 0x8593
mem[X,0x0000000080034B0E] -> 0x2AA5
[8438] [M]: 0x0000000080034B0C (0x2AA58593) addi a1, a1, 0x2aa
x11 <- 0xFFEAAAAAAAAAAAAA
mem[X,0x0000000080034B10] -> 0x9593
mem[X,0x0000000080034B12] -> 0x00A5
[8439] [M]: 0x0000000080034B10 (0x00A59593) slli a1, a1, 0xa
x11 <- 0xAAAAAAAAAAAAA800
mem[X,0x0000000080034B14] -> 0x8593
mem[X,0x0000000080034B16] -> 0x2AA5
[8440] [M]: 0x0000000080034B14 (0x2AA58593) addi a1, a1, 0x2aa
x11 <- 0xAAAAAAAAAAAAAAAA
mem[X,0x0000000080034B18] -> 0x0113
mem[X,0x0000000080034B1A] -> 0x0000
[8441] [M]: 0x0000000080034B18 (0x00000113) addi sp, zero, 0x0
x2 <- 0x0000000000000000
mem[X,0x0000000080034B1C] -> 0x006F
mem[X,0x0000000080034B1E] -> 0x00C0
[8442] [M]: 0x0000000080034B1C (0x00C0006F) jal zero, 0xc
mem[X,0x0000000080034B28] -> 0x1063
mem[X,0x0000000080034B2A] -> 0x08B5
[8443] [M]: 0x0000000080034B28 (0x08B51063) bne a0, a1, 0x80
mem[X,0x0000000080034BA8] -> 0x0113
mem[X,0x0000000080034BAA] -> 0x0031
[8444] [M]: 0x0000000080034BA8 (0x00310113) addi sp, sp, 0x3
x2 <- 0x0000000000000003
mem[X,0x0000000080034BAC] -> 0x006F
mem[X,0x0000000080034BAE] -> 0x0040
[8445] [M]: 0x0000000080034BAC (0x0040006F) jal zero, 0x4
mem[X,0x0000000080034BB0] -> 0xB023
mem[X,0x0000000080034BB2] -> 0x7E20
[8446] [M]: 0x0000000080034BB0 (0x7E20B023) sd sp, 0x7e0(ra)
mem[0x00000000800461B8] <- 0x0000000000000003
mem[X,0x0000000080034BB4] -> 0xB537
mem[X,0x0000000080034BB6] -> 0xAAAA
[8447] [M]: 0x0000000080034BB4 (0xAAAAB537) lui a0, -0x55555
x10 <- 0xFFFFFFFFAAAAB000
mem[X,0x0000000080034BB8] -> 0x0513
mem[X,0x0000000080034BBA] -> 0xAAA5
[8448] [M]: 0x0000000080034BB8 (0xAAA50513) addi a0, a0, -0x556
x10 <- 0xFFFFFFFFAAAAAAAA
mem[X,0x0000000080034BBC] -> 0x1513
mem[X,0x0000000080034BBE] -> 0x00B5
[8449] [M]: 0x0000000080034BBC (0x00B51513) slli a0, a0, 0xb
x10 <- 0xFFFFFD5555555000
mem[X,0x0000000080034BC0] -> 0x0513
mem[X,0x0000000080034BC2] -> 0x5555
[8450] [M]: 0x0000000080034BC0 (0x55550513) addi a0, a0, 0x555
x10 <- 0xFFFFFD5555555555
mem[X,0x0000000080034BC4] -> 0x1513
mem[X,0x0000000080034BC6] -> 0x00B5
[8451] [M]: 0x0000000080034BC4 (0x00B51513) slli a0, a0, 0xb
x10 <- 0xFFEAAAAAAAAAA800
mem[X,0x0000000080034BC8] -> 0x0513
mem[X,0x0000000080034BCA] -> 0x2AA5
[8452] [M]: 0x0000000080034BC8 (0x2AA50513) addi a0, a0, 0x2aa
x10 <- 0xFFEAAAAAAAAAAAAA
mem[X,0x0000000080034BCC] -> 0x1513
mem[X,0x0000000080034BCE] -> 0x00A5
[8453] [M]: 0x0000000080034BCC (0x00A51513) slli a0, a0, 0xa
x10 <- 0xAAAAAAAAAAAAA800
mem[X,0x0000000080034BD0] -> 0x0513
mem[X,0x0000000080034BD2] -> 0x2AB5
[8454] [M]: 0x0000000080034BD0 (0x2AB50513) addi a0, a0, 0x2ab
x10 <- 0xAAAAAAAAAAAAAAAB
mem[X,0x0000000080034BD4] -> 0x0593
mem[X,0x0000000080034BD6] -> 0x0050
[8455] [M]: 0x0000000080034BD4 (0x00500593) addi a1, zero, 0x5
x11 <- 0x0000000000000005
mem[X,0x0000000080034BD8] -> 0x0113
mem[X,0x0000000080034BDA] -> 0x0000
[8456] [M]: 0x0000000080034BD8 (0x00000113) addi sp, zero, 0x0
x2 <- 0x0000000000000000
mem[X,0x0000000080034BDC] -> 0x006F
mem[X,0x0000000080034BDE] -> 0x2B10
[8457] [M]: 0x0000000080034BDC (0x2B10006F) jal zero, 0xab0
mem[X,0x000000008003568C] -> 0x1A63
mem[X,0x000000008003568E] -> 0xD4B5
[8458] [M]: 0x000000008003568C (0xD4B51A63) bne a0, a1, -0xaac
mem[X,0x0000000080034BE0] -> 0x0113
mem[X,0x0000000080034BE2] -> 0x0011
[8459] [M]: 0x0000000080034BE0 (0x00110113) addi sp, sp, 0x1
x2 <- 0x0000000000000001
mem[X,0x0000000080034BE4] -> 0x006F
mem[X,0x0000000080034BE6] -> 0x2BD0
[8460] [M]: 0x0000000080034BE4 (0x2BD0006F) jal zero, 0xabc
mem[X,0x00000000800356A0] -> 0xB423
mem[X,0x00000000800356A2] -> 0x7E20
[8461] [M]: 0x00000000800356A0 (0x7E20B423) sd sp, 0x7e8(ra)
mem[0x00000000800461C0] <- 0x0000000000000001
mem[X,0x00000000800356A4] -> 0xB537
mem[X,0x00000000800356A6] -> 0xAAAA
[8462] [M]: 0x00000000800356A4 (0xAAAAB537) lui a0, -0x55555
x10 <- 0xFFFFFFFFAAAAB000
mem[X,0x00000000800356A8] -> 0x0513
mem[X,0x00000000800356AA] -> 0xAAA5
[8463] [M]: 0x00000000800356A8 (0xAAA50513) addi a0, a0, -0x556
x10 <- 0xFFFFFFFFAAAAAAAA
mem[X,0x00000000800356AC] -> 0x1513
mem[X,0x00000000800356AE] -> 0x00B5
[8464] [M]: 0x00000000800356AC (0x00B51513) slli a0, a0, 0xb
x10 <- 0xFFFFFD5555555000
mem[X,0x00000000800356B0] -> 0x0513
mem[X,0x00000000800356B2] -> 0x5555
[8465] [M]: 0x00000000800356B0 (0x55550513) addi a0, a0, 0x555
x10 <- 0xFFFFFD5555555555
mem[X,0x00000000800356B4] -> 0x1513
mem[X,0x00000000800356B6] -> 0x00B5
[8466] [M]: 0x00000000800356B4 (0x00B51513) slli a0, a0, 0xb
x10 <- 0xFFEAAAAAAAAAA800
mem[X,0x00000000800356B8] -> 0x0513
mem[X,0x00000000800356BA] -> 0x2AA5
[8467] [M]: 0x00000000800356B8 (0x2AA50513) addi a0, a0, 0x2aa
x10 <- 0xFFEAAAAAAAAAAAAA
mem[X,0x00000000800356BC] -> 0x1513
mem[X,0x00000000800356BE] -> 0x00A5
[8468] [M]: 0x00000000800356BC (0x00A51513) slli a0, a0, 0xa
x10 <- 0xAAAAAAAAAAAAA800
mem[X,0x00000000800356C0] -> 0x0513
mem[X,0x00000000800356C2] -> 0x2AB5
[8469] [M]: 0x00000000800356C0 (0x2AB50513) addi a0, a0, 0x2ab
x10 <- 0xAAAAAAAAAAAAAAAB
mem[X,0x00000000800356C4] -> 0x35B7
mem[X,0x00000000800356C6] -> 0x3333
[8470] [M]: 0x00000000800356C4 (0x333335B7) lui a1, 0x33333
x11 <- 0x0000000033333000
mem[X,0x00000000800356C8] -> 0x8593
mem[X,0x00000000800356CA] -> 0x3335
[8471] [M]: 0x00000000800356C8 (0x33358593) addi a1, a1, 0x333
x11 <- 0x0000000033333333
mem[X,0x00000000800356CC] -> 0x9593
mem[X,0x00000000800356CE] -> 0x00B5
[8472] [M]: 0x00000000800356CC (0x00B59593) slli a1, a1, 0xb
x11 <- 0x0000019999999800
mem[X,0x00000000800356D0] -> 0x8593
mem[X,0x00000000800356D2] -> 0x1995
[8473] [M]: 0x00000000800356D0 (0x19958593) addi a1, a1, 0x199
x11 <- 0x0000019999999999
mem[X,0x00000000800356D4] -> 0x9593
mem[X,0x00000000800356D6] -> 0x00B5
[8474] [M]: 0x00000000800356D4 (0x00B59593) slli a1, a1, 0xb
x11 <- 0x000CCCCCCCCCC800
mem[X,0x00000000800356D8] -> 0x8593
mem[X,0x00000000800356DA] -> 0x4CC5
[8475] [M]: 0x00000000800356D8 (0x4CC58593) addi a1, a1, 0x4cc
x11 <- 0x000CCCCCCCCCCCCC
mem[X,0x00000000800356DC] -> 0x9593
mem[X,0x00000000800356DE] -> 0x00A5
[8476] [M]: 0x00000000800356DC (0x00A59593) slli a1, a1, 0xa
x11 <- 0x3333333333333000
mem[X,0x00000000800356E0] -> 0x8593
mem[X,0x00000000800356E2] -> 0x3335
[8477] [M]: 0x00000000800356E0 (0x33358593) addi a1, a1, 0x333
x11 <- 0x3333333333333333
mem[X,0x00000000800356E4] -> 0x0113
mem[X,0x00000000800356E6] -> 0x0000
[8478] [M]: 0x00000000800356E4 (0x00000113) addi sp, zero, 0x0
x2 <- 0x0000000000000000
mem[X,0x00000000800356E8] -> 0x006F
mem[X,0x00000000800356EA] -> 0x00C0
[8479] [M]: 0x00000000800356E8 (0x00C0006F) jal zero, 0xc
mem[X,0x00000000800356F4] -> 0x1063
mem[X,0x00000000800356F6] -> 0x08B5
[8480] [M]: 0x00000000800356F4 (0x08B51063) bne a0, a1, 0x80
mem[X,0x0000000080035774] -> 0x0113
mem[X,0x0000000080035776] -> 0x0031
[8481] [M]: 0x0000000080035774 (0x00310113) addi sp, sp, 0x3
x2 <- 0x0000000000000003
mem[X,0x0000000080035778] -> 0x006F
mem[X,0x000000008003577A] -> 0x0040
[8482] [M]: 0x0000000080035778 (0x0040006F) jal zero, 0x4
mem[X,0x000000008003577C] -> 0xB823
mem[X,0x000000008003577E] -> 0x7E20
[8483] [M]: 0x000000008003577C (0x7E20B823) sd sp, 0x7f0(ra)
mem[0x00000000800461C8] <- 0x0000000000000003
mem[X,0x0000000080035780] -> 0xB537
mem[X,0x0000000080035782] -> 0xAAAA
[8484] [M]: 0x0000000080035780 (0xAAAAB537) lui a0, -0x55555
x10 <- 0xFFFFFFFFAAAAB000
mem[X,0x0000000080035784] -> 0x0513
mem[X,0x0000000080035786] -> 0xAAA5
[8485] [M]: 0x0000000080035784 (0xAAA50513) addi a0, a0, -0x556
x10 <- 0xFFFFFFFFAAAAAAAA
mem[X,0x0000000080035788] -> 0x1513
mem[X,0x000000008003578A] -> 0x00B5
[8486] [M]: 0x0000000080035788 (0x00B51513) slli a0, a0, 0xb
x10 <- 0xFFFFFD5555555000
mem[X,0x000000008003578C] -> 0x0513
mem[X,0x000000008003578E] -> 0x5555
[8487] [M]: 0x000000008003578C (0x55550513) addi a0, a0, 0x555
x10 <- 0xFFFFFD5555555555
mem[X,0x0000000080035790] -> 0x1513
mem[X,0x0000000080035792] -> 0x00B5
[8488] [M]: 0x0000000080035790 (0x00B51513) slli a0, a0, 0xb
x10 <- 0xFFEAAAAAAAAAA800
mem[X,0x0000000080035794] -> 0x0513
mem[X,0x0000000080035796] -> 0x2AA5
[8489] [M]: 0x0000000080035794 (0x2AA50513) addi a0, a0, 0x2aa
x10 <- 0xFFEAAAAAAAAAAAAA
mem[X,0x0000000080035798] -> 0x1513
mem[X,0x000000008003579A] -> 0x00A5
[8490] [M]: 0x0000000080035798 (0x00A51513) slli a0, a0, 0xa
x10 <- 0xAAAAAAAAAAAAA800
mem[X,0x000000008003579C] -> 0x0513
mem[X,0x000000008003579E] -> 0x2AB5
[8491] [M]: 0x000000008003579C (0x2AB50513) addi a0, a0, 0x2ab
x10 <- 0xAAAAAAAAAAAAAAAB
mem[X,0x00000000800357A0] -> 0x65B7
mem[X,0x00000000800357A2] -> 0x6666
[8492] [M]: 0x00000000800357A0 (0x666665B7) lui a1, 0x66666
x11 <- 0x0000000066666000
mem[X,0x00000000800357A4] -> 0x8593
mem[X,0x00000000800357A6] -> 0x6665
[8493] [M]: 0x00000000800357A4 (0x66658593) addi a1, a1, 0x666
x11 <- 0x0000000066666666
mem[X,0x00000000800357A8] -> 0x9593
mem[X,0x00000000800357AA] -> 0x00B5
[8494] [M]: 0x00000000800357A8 (0x00B59593) slli a1, a1, 0xb
x11 <- 0x0000033333333000
mem[X,0x00000000800357AC] -> 0x8593
mem[X,0x00000000800357AE] -> 0x3335
[8495] [M]: 0x00000000800357AC (0x33358593) addi a1, a1, 0x333
x11 <- 0x0000033333333333
mem[X,0x00000000800357B0] -> 0x9593
mem[X,0x00000000800357B2] -> 0x00B5
[8496] [M]: 0x00000000800357B0 (0x00B59593) slli a1, a1, 0xb
x11 <- 0x0019999999999800
mem[X,0x00000000800357B4] -> 0x8593
mem[X,0x00000000800357B6] -> 0x1995
[8497] [M]: 0x00000000800357B4 (0x19958593) addi a1, a1, 0x199
x11 <- 0x0019999999999999
mem[X,0x00000000800357B8] -> 0x9593
mem[X,0x00000000800357BA] -> 0x00A5
[8498] [M]: 0x00000000800357B8 (0x00A59593) slli a1, a1, 0xa
x11 <- 0x6666666666666400
mem[X,0x00000000800357BC] -> 0x8593
mem[X,0x00000000800357BE] -> 0x2665
[8499] [M]: 0x00000000800357BC (0x26658593) addi a1, a1, 0x266
x11 <- 0x6666666666666666
clint::tick mtime <- 0x0000000000000055
 clint timer pending at mtime 0x0000000000000055
htif::tick 0x0000000000000000
mem[X,0x00000000800357C0] -> 0x0113
mem[X,0x00000000800357C2] -> 0x0000
[8500] [M]: 0x00000000800357C0 (0x00000113) addi sp, zero, 0x0
x2 <- 0x0000000000000000
mem[X,0x00000000800357C4] -> 0x006F
mem[X,0x00000000800357C6] -> 0x00C0
[8501] [M]: 0x00000000800357C4 (0x00C0006F) jal zero, 0xc
mem[X,0x00000000800357D0] -> 0x1CE3
mem[X,0x00000000800357D2] -> 0xFEB5
[8502] [M]: 0x00000000800357D0 (0xFEB51CE3) bne a0, a1, -0x8
mem[X,0x00000000800357C8] -> 0x0113
mem[X,0x00000000800357CA] -> 0x0011
[8503] [M]: 0x00000000800357C8 (0x00110113) addi sp, sp, 0x1
x2 <- 0x0000000000000001
mem[X,0x00000000800357CC] -> 0x006F
mem[X,0x00000000800357CE] -> 0x0180
[8504] [M]: 0x00000000800357CC (0x0180006F) jal zero, 0x18
mem[X,0x00000000800357E4] -> 0xBC23
mem[X,0x00000000800357E6] -> 0x7E20
[8505] [M]: 0x00000000800357E4 (0x7E20BC23) sd sp, 0x7f8(ra)
mem[0x00000000800461D0] <- 0x0000000000000001
mem[X,0x00000000800357E8] -> 0x0013
mem[X,0x00000000800357EA] -> 0x0000
[8506] [M]: 0x00000000800357E8 (0x00000013) addi zero, zero, 0x0
mem[X,0x00000000800357EC] -> 0x0013
mem[X,0x00000000800357EE] -> 0x0000
[8507] [M]: 0x00000000800357EC (0x00000013) addi zero, zero, 0x0
mem[X,0x00000000800357F0] -> 0x0013
mem[X,0x00000000800357F2] -> 0x0000
[8508] [M]: 0x00000000800357F0 (0x00000013) addi zero, zero, 0x0
mem[X,0x00000000800357F4] -> 0x0013
mem[X,0x00000000800357F6] -> 0x0000
[8509] [M]: 0x00000000800357F4 (0x00000013) addi zero, zero, 0x0
mem[X,0x00000000800357F8] -> 0x0013
mem[X,0x00000000800357FA] -> 0x0000
[8510] [M]: 0x00000000800357F8 (0x00000013) addi zero, zero, 0x0
mem[X,0x00000000800357FC] -> 0x0013
mem[X,0x00000000800357FE] -> 0x0000
[8511] [M]: 0x00000000800357FC (0x00000013) addi zero, zero, 0x0
mem[X,0x0000000080035800] -> 0x1097
mem[X,0x0000000080035802] -> 0x0001
[8512] [M]: 0x0000000080035800 (0x00011097) auipc ra, 0x11
x1 <- 0x0000000080046800
mem[X,0x0000000080035804] -> 0x8093
mem[X,0x0000000080035806] -> 0x9D80
[8513] [M]: 0x0000000080035804 (0x9D808093) addi ra, ra, -0x628
x1 <- 0x00000000800461D8
mem[X,0x0000000080035808] -> 0x0013
mem[X,0x000000008003580A] -> 0x0000
[8514] [M]: 0x0000000080035808 (0x00000013) addi zero, zero, 0x0
mem[X,0x000000008003580C] -> 0x0013
mem[X,0x000000008003580E] -> 0x0000
[8515] [M]: 0x000000008003580C (0x00000013) addi zero, zero, 0x0
mem[X,0x0000000080035810] -> 0x0013
mem[X,0x0000000080035812] -> 0x0000
[8516] [M]: 0x0000000080035810 (0x00000013) addi zero, zero, 0x0
mem[X,0x0000000080035814] -> 0x0013
mem[X,0x0000000080035816] -> 0x0000
[8517] [M]: 0x0000000080035814 (0x00000013) addi zero, zero, 0x0
mem[X,0x0000000080035818] -> 0x0013
mem[X,0x000000008003581A] -> 0x0000
[8518] [M]: 0x0000000080035818 (0x00000013) addi zero, zero, 0x0
mem[X,0x000000008003581C] -> 0x0013
mem[X,0x000000008003581E] -> 0x0000
[8519] [M]: 0x000000008003581C (0x00000013) addi zero, zero, 0x0
mem[X,0x0000000080035820] -> 0xB537
mem[X,0x0000000080035822] -> 0xAAAA
[8520] [M]: 0x0000000080035820 (0xAAAAB537) lui a0, -0x55555
x10 <- 0xFFFFFFFFAAAAB000
mem[X,0x0000000080035824] -> 0x0513
mem[X,0x0000000080035826] -> 0xAAA5
[8521] [M]: 0x0000000080035824 (0xAAA50513) addi a0, a0, -0x556
x10 <- 0xFFFFFFFFAAAAAAAA
mem[X,0x0000000080035828] -> 0x1513
mem[X,0x000000008003582A] -> 0x00B5
[8522] [M]: 0x0000000080035828 (0x00B51513) slli a0, a0, 0xb
x10 <- 0xFFFFFD5555555000
mem[X,0x000000008003582C] -> 0x0513
mem[X,0x000000008003582E] -> 0x5555
[8523] [M]: 0x000000008003582C (0x55550513) addi a0, a0, 0x555
x10 <- 0xFFFFFD5555555555
mem[X,0x0000000080035830] -> 0x1513
mem[X,0x0000000080035832] -> 0x00B5
[8524] [M]: 0x0000000080035830 (0x00B51513) slli a0, a0, 0xb
x10 <- 0xFFEAAAAAAAAAA800
mem[X,0x0000000080035834] -> 0x0513
mem[X,0x0000000080035836] -> 0x2AA5
[8525] [M]: 0x0000000080035834 (0x2AA50513) addi a0, a0, 0x2aa
x10 <- 0xFFEAAAAAAAAAAAAA
mem[X,0x0000000080035838] -> 0x1513
mem[X,0x000000008003583A] -> 0x00A5
[8526] [M]: 0x0000000080035838 (0x00A51513) slli a0, a0, 0xa
x10 <- 0xAAAAAAAAAAAAA800
mem[X,0x000000008003583C] -> 0x0513
mem[X,0x000000008003583E] -> 0x2AB5
[8527] [M]: 0x000000008003583C (0x2AB50513) addi a0, a0, 0x2ab
x10 <- 0xAAAAAAAAAAAAAAAB
mem[X,0x0000000080035840] -> 0x05B7
mem[X,0x0000000080035842] -> 0x0000
[8528] [M]: 0x0000000080035840 (0x000005B7) lui a1, 0x0
x11 <- 0x0000000000000000
mem[X,0x0000000080035844] -> 0x8593
mem[X,0x0000000080035846] -> 0xFFF5
[8529] [M]: 0x0000000080035844 (0xFFF58593) addi a1, a1, -0x1
x11 <- 0xFFFFFFFFFFFFFFFF
mem[X,0x0000000080035848] -> 0x9593
mem[X,0x000000008003584A] -> 0x00B5
[8530] [M]: 0x0000000080035848 (0x00B59593) slli a1, a1, 0xb
x11 <- 0xFFFFFFFFFFFFF800
mem[X,0x000000008003584C] -> 0x8593
mem[X,0x000000008003584E] -> 0x2575
[8531] [M]: 0x000000008003584C (0x25758593) addi a1, a1, 0x257
x11 <- 0xFFFFFFFFFFFFFA57
mem[X,0x0000000080035850] -> 0x9593
mem[X,0x0000000080035852] -> 0x00B5
[8532] [M]: 0x0000000080035850 (0x00B59593) slli a1, a1, 0xb
x11 <- 0xFFFFFFFFFFD2B800
mem[X,0x0000000080035854] -> 0x8593
mem[X,0x0000000080035856] -> 0x6C35
[8533] [M]: 0x0000000080035854 (0x6C358593) addi a1, a1, 0x6c3
x11 <- 0xFFFFFFFFFFD2BEC3
mem[X,0x0000000080035858] -> 0x9593
mem[X,0x000000008003585A] -> 0x00A5
[8534] [M]: 0x0000000080035858 (0x00A59593) slli a1, a1, 0xa
x11 <- 0xFFFFFFFF4AFB0C00
mem[X,0x000000008003585C] -> 0x8593
mem[X,0x000000008003585E] -> 0x0CD5
[8535] [M]: 0x000000008003585C (0x0CD58593) addi a1, a1, 0xcd
x11 <- 0xFFFFFFFF4AFB0CCD
mem[X,0x0000000080035860] -> 0x0113
mem[X,0x0000000080035862] -> 0x0000
[8536] [M]: 0x0000000080035860 (0x00000113) addi sp, zero, 0x0
x2 <- 0x0000000000000000
mem[X,0x0000000080035864] -> 0x006F
mem[X,0x0000000080035866] -> 0x0100
[8537] [M]: 0x0000000080035864 (0x0100006F) jal zero, 0x10
mem[X,0x0000000080035874] -> 0x1AE3
mem[X,0x0000000080035876] -> 0xFEB5
[8538] [M]: 0x0000000080035874 (0xFEB51AE3) bne a0, a1, -0xc
mem[X,0x0000000080035868] -> 0x0113
mem[X,0x000000008003586A] -> 0x0011
[8539] [M]: 0x0000000080035868 (0x00110113) addi sp, sp, 0x1
x2 <- 0x0000000000000001
mem[X,0x000000008003586C] -> 0x006F
mem[X,0x000000008003586E] -> 0x01C0
[8540] [M]: 0x000000008003586C (0x01C0006F) jal zero, 0x1c
mem[X,0x0000000080035888] -> 0xB023
mem[X,0x000000008003588A] -> 0x0020
[8541] [M]: 0x0000000080035888 (0x0020B023) sd sp, 0x0(ra)
mem[0x00000000800461D8] <- 0x0000000000000001
mem[X,0x000000008003588C] -> 0xB537
mem[X,0x000000008003588E] -> 0xAAAA
[8542] [M]: 0x000000008003588C (0xAAAAB537) lui a0, -0x55555
x10 <- 0xFFFFFFFFAAAAB000
mem[X,0x0000000080035890] -> 0x0513
mem[X,0x0000000080035892] -> 0xAAA5
[8543] [M]: 0x0000000080035890 (0xAAA50513) addi a0, a0, -0x556
x10 <- 0xFFFFFFFFAAAAAAAA
mem[X,0x0000000080035894] -> 0x1513
mem[X,0x0000000080035896] -> 0x00B5
[8544] [M]: 0x0000000080035894 (0x00B51513) slli a0, a0, 0xb
x10 <- 0xFFFFFD5555555000
mem[X,0x0000000080035898] -> 0x0513
mem[X,0x000000008003589A] -> 0x5555
[8545] [M]: 0x0000000080035898 (0x55550513) addi a0, a0, 0x555
x10 <- 0xFFFFFD5555555555
mem[X,0x000000008003589C] -> 0x1513
mem[X,0x000000008003589E] -> 0x00B5
[8546] [M]: 0x000000008003589C (0x00B51513) slli a0, a0, 0xb
x10 <- 0xFFEAAAAAAAAAA800
mem[X,0x00000000800358A0] -> 0x0513
mem[X,0x00000000800358A2] -> 0x2AA5
[8547] [M]: 0x00000000800358A0 (0x2AA50513) addi a0, a0, 0x2aa
x10 <- 0xFFEAAAAAAAAAAAAA
mem[X,0x00000000800358A4] -> 0x1513
mem[X,0x00000000800358A6] -> 0x00A5
[8548] [M]: 0x00000000800358A4 (0x00A51513) slli a0, a0, 0xa
x10 <- 0xAAAAAAAAAAAAA800
mem[X,0x00000000800358A8] -> 0x0513
mem[X,0x00000000800358AA] -> 0x2AB5
[8549] [M]: 0x00000000800358A8 (0x2AB50513) addi a0, a0, 0x2ab
x10 <- 0xAAAAAAAAAAAAAAAB
mem[X,0x00000000800358AC] -> 0x05B7
mem[X,0x00000000800358AE] -> 0x0000
[8550] [M]: 0x00000000800358AC (0x000005B7) lui a1, 0x0
x11 <- 0x0000000000000000
mem[X,0x00000000800358B0] -> 0x8593
mem[X,0x00000000800358B2] -> 0x0005
[8551] [M]: 0x00000000800358B0 (0x00058593) addi a1, a1, 0x0
x11 <- 0x0000000000000000
mem[X,0x00000000800358B4] -> 0x9593
mem[X,0x00000000800358B6] -> 0x00B5
[8552] [M]: 0x00000000800358B4 (0x00B59593) slli a1, a1, 0xb
x11 <- 0x0000000000000000
mem[X,0x00000000800358B8] -> 0x8593
mem[X,0x00000000800358BA] -> 0x5A85
[8553] [M]: 0x00000000800358B8 (0x5A858593) addi a1, a1, 0x5a8
x11 <- 0x00000000000005A8
mem[X,0x00000000800358BC] -> 0x9593
mem[X,0x00000000800358BE] -> 0x00B5
[8554] [M]: 0x00000000800358BC (0x00B59593) slli a1, a1, 0xb
x11 <- 0x00000000002D4000
mem[X,0x00000000800358C0] -> 0x8593
mem[X,0x00000000800358C2] -> 0x13C5
[8555] [M]: 0x00000000800358C0 (0x13C58593) addi a1, a1, 0x13c
x11 <- 0x00000000002D413C
mem[X,0x00000000800358C4] -> 0x9593
mem[X,0x00000000800358C6] -> 0x00A5
[8556] [M]: 0x00000000800358C4 (0x00A59593) slli a1, a1, 0xa
x11 <- 0x00000000B504F000
mem[X,0x00000000800358C8] -> 0x8593
mem[X,0x00000000800358CA] -> 0x3335
[8557] [M]: 0x00000000800358C8 (0x33358593) addi a1, a1, 0x333
x11 <- 0x00000000B504F333
mem[X,0x00000000800358CC] -> 0x0113
mem[X,0x00000000800358CE] -> 0x0000
[8558] [M]: 0x00000000800358CC (0x00000113) addi sp, zero, 0x0
x2 <- 0x0000000000000000
mem[X,0x00000000800358D0] -> 0x006F
mem[X,0x00000000800358D2] -> 0x00C0
[8559] [M]: 0x00000000800358D0 (0x00C0006F) jal zero, 0xc
mem[X,0x00000000800358DC] -> 0x1863
mem[X,0x00000000800358DE] -> 0x00B5
[8560] [M]: 0x00000000800358DC (0x00B51863) bne a0, a1, 0x10
mem[X,0x00000000800358EC] -> 0x0113
mem[X,0x00000000800358EE] -> 0x0031
[8561] [M]: 0x00000000800358EC (0x00310113) addi sp, sp, 0x3
x2 <- 0x0000000000000003
mem[X,0x00000000800358F0] -> 0x006F
mem[X,0x00000000800358F2] -> 0x0040
[8562] [M]: 0x00000000800358F0 (0x0040006F) jal zero, 0x4
mem[X,0x00000000800358F4] -> 0xB423
mem[X,0x00000000800358F6] -> 0x0020
[8563] [M]: 0x00000000800358F4 (0x0020B423) sd sp, 0x8(ra)
mem[0x00000000800461E0] <- 0x0000000000000003
mem[X,0x00000000800358F8] -> 0xB537
mem[X,0x00000000800358FA] -> 0xAAAA
[8564] [M]: 0x00000000800358F8 (0xAAAAB537) lui a0, -0x55555
x10 <- 0xFFFFFFFFAAAAB000
mem[X,0x00000000800358FC] -> 0x0513
mem[X,0x00000000800358FE] -> 0xAAA5
[8565] [M]: 0x00000000800358FC (0xAAA50513) addi a0, a0, -0x556
x10 <- 0xFFFFFFFFAAAAAAAA
mem[X,0x0000000080035900] -> 0x1513
mem[X,0x0000000080035902] -> 0x00B5
[8566] [M]: 0x0000000080035900 (0x00B51513) slli a0, a0, 0xb
x10 <- 0xFFFFFD5555555000
mem[X,0x0000000080035904] -> 0x0513
mem[X,0x0000000080035906] -> 0x5555
[8567] [M]: 0x0000000080035904 (0x55550513) addi a0, a0, 0x555
x10 <- 0xFFFFFD5555555555
mem[X,0x0000000080035908] -> 0x1513
mem[X,0x000000008003590A] -> 0x00B5
[8568] [M]: 0x0000000080035908 (0x00B51513) slli a0, a0, 0xb
x10 <- 0xFFEAAAAAAAAAA800
mem[X,0x000000008003590C] -> 0x0513
mem[X,0x000000008003590E] -> 0x2AA5
[8569] [M]: 0x000000008003590C (0x2AA50513) addi a0, a0, 0x2aa
x10 <- 0xFFEAAAAAAAAAAAAA
mem[X,0x0000000080035910] -> 0x1513
mem[X,0x0000000080035912] -> 0x00A5
[8570] [M]: 0x0000000080035910 (0x00A51513) slli a0, a0, 0xa
x10 <- 0xAAAAAAAAAAAAA800
mem[X,0x0000000080035914] -> 0x0513
mem[X,0x0000000080035916] -> 0x2AB5
[8571] [M]: 0x0000000080035914 (0x2AB50513) addi a0, a0, 0x2ab
x10 <- 0xAAAAAAAAAAAAAAAB
mem[X,0x0000000080035918] -> 0x0593
mem[X,0x000000008003591A] -> 0x0020
[8572] [M]: 0x0000000080035918 (0x00200593) addi a1, zero, 0x2
x11 <- 0x0000000000000002
mem[X,0x000000008003591C] -> 0x0113
mem[X,0x000000008003591E] -> 0x0000
[8573] [M]: 0x000000008003591C (0x00000113) addi sp, zero, 0x0
x2 <- 0x0000000000000000
mem[X,0x0000000080035920] -> 0x006F
mem[X,0x0000000080035922] -> 0x00C0
[8574] [M]: 0x0000000080035920 (0x00C0006F) jal zero, 0xc
mem[X,0x000000008003592C] -> 0x1063
mem[X,0x000000008003592E] -> 0x08B5
[8575] [M]: 0x000000008003592C (0x08B51063) bne a0, a1, 0x80
mem[X,0x00000000800359AC] -> 0x0113
mem[X,0x00000000800359AE] -> 0x0031
[8576] [M]: 0x00000000800359AC (0x00310113) addi sp, sp, 0x3
x2 <- 0x0000000000000003
mem[X,0x00000000800359B0] -> 0x006F
mem[X,0x00000000800359B2] -> 0x0040
[8577] [M]: 0x00000000800359B0 (0x0040006F) jal zero, 0x4
mem[X,0x00000000800359B4] -> 0xB823
mem[X,0x00000000800359B6] -> 0x0020
[8578] [M]: 0x00000000800359B4 (0x0020B823) sd sp, 0x10(ra)
mem[0x00000000800461E8] <- 0x0000000000000003
mem[X,0x00000000800359B8] -> 0xB537
mem[X,0x00000000800359BA] -> 0xAAAA
[8579] [M]: 0x00000000800359B8 (0xAAAAB537) lui a0, -0x55555
x10 <- 0xFFFFFFFFAAAAB000
mem[X,0x00000000800359BC] -> 0x0513
mem[X,0x00000000800359BE] -> 0xAAA5
[8580] [M]: 0x00000000800359BC (0xAAA50513) addi a0, a0, -0x556
x10 <- 0xFFFFFFFFAAAAAAAA
mem[X,0x00000000800359C0] -> 0x1513
mem[X,0x00000000800359C2] -> 0x00B5
[8581] [M]: 0x00000000800359C0 (0x00B51513) slli a0, a0, 0xb
x10 <- 0xFFFFFD5555555000
mem[X,0x00000000800359C4] -> 0x0513
mem[X,0x00000000800359C6] -> 0x5555
[8582] [M]: 0x00000000800359C4 (0x55550513) addi a0, a0, 0x555
x10 <- 0xFFFFFD5555555555
mem[X,0x00000000800359C8] -> 0x1513
mem[X,0x00000000800359CA] -> 0x00B5
[8583] [M]: 0x00000000800359C8 (0x00B51513) slli a0, a0, 0xb
x10 <- 0xFFEAAAAAAAAAA800
mem[X,0x00000000800359CC] -> 0x0513
mem[X,0x00000000800359CE] -> 0x2AA5
[8584] [M]: 0x00000000800359CC (0x2AA50513) addi a0, a0, 0x2aa
x10 <- 0xFFEAAAAAAAAAAAAA
mem[X,0x00000000800359D0] -> 0x1513
mem[X,0x00000000800359D2] -> 0x00A5
[8585] [M]: 0x00000000800359D0 (0x00A51513) slli a0, a0, 0xa
x10 <- 0xAAAAAAAAAAAAA800
mem[X,0x00000000800359D4] -> 0x0513
mem[X,0x00000000800359D6] -> 0x2AB5
[8586] [M]: 0x00000000800359D4 (0x2AB50513) addi a0, a0, 0x2ab
x10 <- 0xAAAAAAAAAAAAAAAB
mem[X,0x00000000800359D8] -> 0x55B7
mem[X,0x00000000800359DA] -> 0x5555
[8587] [M]: 0x00000000800359D8 (0x555555B7) lui a1, 0x55555
x11 <- 0x0000000055555000
mem[X,0x00000000800359DC] -> 0x8593
mem[X,0x00000000800359DE] -> 0x5555
[8588] [M]: 0x00000000800359DC (0x55558593) addi a1, a1, 0x555
x11 <- 0x0000000055555555
mem[X,0x00000000800359E0] -> 0x9593
mem[X,0x00000000800359E2] -> 0x00B5
[8589] [M]: 0x00000000800359E0 (0x00B59593) slli a1, a1, 0xb
x11 <- 0x000002AAAAAAA800
mem[X,0x00000000800359E4] -> 0x8593
mem[X,0x00000000800359E6] -> 0x2AA5
[8590] [M]: 0x00000000800359E4 (0x2AA58593) addi a1, a1, 0x2aa
x11 <- 0x000002AAAAAAAAAA
mem[X,0x00000000800359E8] -> 0x9593
mem[X,0x00000000800359EA] -> 0x00B5
[8591] [M]: 0x00000000800359E8 (0x00B59593) slli a1, a1, 0xb
x11 <- 0x0015555555555000
mem[X,0x00000000800359EC] -> 0x8593
mem[X,0x00000000800359EE] -> 0x5555
[8592] [M]: 0x00000000800359EC (0x55558593) addi a1, a1, 0x555
x11 <- 0x0015555555555555
mem[X,0x00000000800359F0] -> 0x9593
mem[X,0x00000000800359F2] -> 0x00A5
[8593] [M]: 0x00000000800359F0 (0x00A59593) slli a1, a1, 0xa
x11 <- 0x5555555555555400
mem[X,0x00000000800359F4] -> 0x8593
mem[X,0x00000000800359F6] -> 0x1545
[8594] [M]: 0x00000000800359F4 (0x15458593) addi a1, a1, 0x154
x11 <- 0x5555555555555554
mem[X,0x00000000800359F8] -> 0x0113
mem[X,0x00000000800359FA] -> 0x0000
[8595] [M]: 0x00000000800359F8 (0x00000113) addi sp, zero, 0x0
x2 <- 0x0000000000000000
mem[X,0x00000000800359FC] -> 0x006F
mem[X,0x00000000800359FE] -> 0x00C0
[8596] [M]: 0x00000000800359FC (0x00C0006F) jal zero, 0xc
mem[X,0x0000000080035A08] -> 0x1CE3
mem[X,0x0000000080035A0A] -> 0xFEB5
[8597] [M]: 0x0000000080035A08 (0xFEB51CE3) bne a0, a1, -0x8
mem[X,0x0000000080035A00] -> 0x0113
mem[X,0x0000000080035A02] -> 0x0011
[8598] [M]: 0x0000000080035A00 (0x00110113) addi sp, sp, 0x1
x2 <- 0x0000000000000001
mem[X,0x0000000080035A04] -> 0x006F
mem[X,0x0000000080035A06] -> 0x0180
[8599] [M]: 0x0000000080035A04 (0x0180006F) jal zero, 0x18
clint::tick mtime <- 0x0000000000000056
 clint timer pending at mtime 0x0000000000000056
htif::tick 0x0000000000000000
mem[X,0x0000000080035A1C] -> 0xBC23
mem[X,0x0000000080035A1E] -> 0x0020
[8600] [M]: 0x0000000080035A1C (0x0020BC23) sd sp, 0x18(ra)
mem[0x00000000800461F0] <- 0x0000000000000001
mem[X,0x0000000080035A20] -> 0xB537
mem[X,0x0000000080035A22] -> 0xAAAA
[8601] [M]: 0x0000000080035A20 (0xAAAAB537) lui a0, -0x55555
x10 <- 0xFFFFFFFFAAAAB000
mem[X,0x0000000080035A24] -> 0x0513
mem[X,0x0000000080035A26] -> 0xAAA5
[8602] [M]: 0x0000000080035A24 (0xAAA50513) addi a0, a0, -0x556
x10 <- 0xFFFFFFFFAAAAAAAA
mem[X,0x0000000080035A28] -> 0x1513
mem[X,0x0000000080035A2A] -> 0x00B5
[8603] [M]: 0x0000000080035A28 (0x00B51513) slli a0, a0, 0xb
x10 <- 0xFFFFFD5555555000
mem[X,0x0000000080035A2C] -> 0x0513
mem[X,0x0000000080035A2E] -> 0x5555
[8604] [M]: 0x0000000080035A2C (0x55550513) addi a0, a0, 0x555
x10 <- 0xFFFFFD5555555555
mem[X,0x0000000080035A30] -> 0x1513
mem[X,0x0000000080035A32] -> 0x00B5
[8605] [M]: 0x0000000080035A30 (0x00B51513) slli a0, a0, 0xb
x10 <- 0xFFEAAAAAAAAAA800
mem[X,0x0000000080035A34] -> 0x0513
mem[X,0x0000000080035A36] -> 0x2AA5
[8606] [M]: 0x0000000080035A34 (0x2AA50513) addi a0, a0, 0x2aa
x10 <- 0xFFEAAAAAAAAAAAAA
mem[X,0x0000000080035A38] -> 0x1513
mem[X,0x0000000080035A3A] -> 0x00A5
[8607] [M]: 0x0000000080035A38 (0x00A51513) slli a0, a0, 0xa
x10 <- 0xAAAAAAAAAAAAA800
mem[X,0x0000000080035A3C] -> 0x0513
mem[X,0x0000000080035A3E] -> 0x2AB5
[8608] [M]: 0x0000000080035A3C (0x2AB50513) addi a0, a0, 0x2ab
x10 <- 0xAAAAAAAAAAAAAAAB
mem[X,0x0000000080035A40] -> 0x0593
mem[X,0x0000000080035A42] -> 0x0000
[8609] [M]: 0x0000000080035A40 (0x00000593) addi a1, zero, 0x0
x11 <- 0x0000000000000000
mem[X,0x0000000080035A44] -> 0x0113
mem[X,0x0000000080035A46] -> 0x0000
[8610] [M]: 0x0000000080035A44 (0x00000113) addi sp, zero, 0x0
x2 <- 0x0000000000000000
mem[X,0x0000000080035A48] -> 0x006F
mem[X,0x0000000080035A4A] -> 0x0050
[8611] [M]: 0x0000000080035A48 (0x0050006F) jal zero, 0x804
mem[X,0x000000008003624C] -> 0x10E3
mem[X,0x000000008003624E] -> 0x80B5
[8612] [M]: 0x000000008003624C (0x80B510E3) bne a0, a1, -0x800
mem[X,0x0000000080035A4C] -> 0x0113
mem[X,0x0000000080035A4E] -> 0x0011
[8613] [M]: 0x0000000080035A4C (0x00110113) addi sp, sp, 0x1
x2 <- 0x0000000000000001
mem[X,0x0000000080035A50] -> 0x006F
mem[X,0x0000000080035A52] -> 0x0110
[8614] [M]: 0x0000000080035A50 (0x0110006F) jal zero, 0x810
mem[X,0x0000000080036260] -> 0xB023
mem[X,0x0000000080036262] -> 0x0220
[8615] [M]: 0x0000000080036260 (0x0220B023) sd sp, 0x20(ra)
mem[0x00000000800461F8] <- 0x0000000000000001
mem[X,0x0000000080036264] -> 0xB537
mem[X,0x0000000080036266] -> 0xAAAA
[8616] [M]: 0x0000000080036264 (0xAAAAB537) lui a0, -0x55555
x10 <- 0xFFFFFFFFAAAAB000
mem[X,0x0000000080036268] -> 0x0513
mem[X,0x000000008003626A] -> 0xAAA5
[8617] [M]: 0x0000000080036268 (0xAAA50513) addi a0, a0, -0x556
x10 <- 0xFFFFFFFFAAAAAAAA
mem[X,0x000000008003626C] -> 0x1513
mem[X,0x000000008003626E] -> 0x00B5
[8618] [M]: 0x000000008003626C (0x00B51513) slli a0, a0, 0xb
x10 <- 0xFFFFFD5555555000
mem[X,0x0000000080036270] -> 0x0513
mem[X,0x0000000080036272] -> 0x5555
[8619] [M]: 0x0000000080036270 (0x55550513) addi a0, a0, 0x555
x10 <- 0xFFFFFD5555555555
mem[X,0x0000000080036274] -> 0x1513
mem[X,0x0000000080036276] -> 0x00B5
[8620] [M]: 0x0000000080036274 (0x00B51513) slli a0, a0, 0xb
x10 <- 0xFFEAAAAAAAAAA800
mem[X,0x0000000080036278] -> 0x0513
mem[X,0x000000008003627A] -> 0x2AA5
[8621] [M]: 0x0000000080036278 (0x2AA50513) addi a0, a0, 0x2aa
x10 <- 0xFFEAAAAAAAAAAAAA
mem[X,0x000000008003627C] -> 0x1513
mem[X,0x000000008003627E] -> 0x00A5
[8622] [M]: 0x000000008003627C (0x00A51513) slli a0, a0, 0xa
x10 <- 0xAAAAAAAAAAAAA800
mem[X,0x0000000080036280] -> 0x0513
mem[X,0x0000000080036282] -> 0x2AB5
[8623] [M]: 0x0000000080036280 (0x2AB50513) addi a0, a0, 0x2ab
x10 <- 0xAAAAAAAAAAAAAAAB
mem[X,0x0000000080036284] -> 0x0593
mem[X,0x0000000080036286] -> 0x0040
[8624] [M]: 0x0000000080036284 (0x00400593) addi a1, zero, 0x4
x11 <- 0x0000000000000004
mem[X,0x0000000080036288] -> 0x0113
mem[X,0x000000008003628A] -> 0x0000
[8625] [M]: 0x0000000080036288 (0x00000113) addi sp, zero, 0x0
x2 <- 0x0000000000000000
mem[X,0x000000008003628C] -> 0x006F
mem[X,0x000000008003628E] -> 0x00C0
[8626] [M]: 0x000000008003628C (0x00C0006F) jal zero, 0xc
mem[X,0x0000000080036298] -> 0x1063
mem[X,0x000000008003629A] -> 0x08B5
[8627] [M]: 0x0000000080036298 (0x08B51063) bne a0, a1, 0x80
mem[X,0x0000000080036318] -> 0x0113
mem[X,0x000000008003631A] -> 0x0031
[8628] [M]: 0x0000000080036318 (0x00310113) addi sp, sp, 0x3
x2 <- 0x0000000000000003
mem[X,0x000000008003631C] -> 0x006F
mem[X,0x000000008003631E] -> 0x0040
[8629] [M]: 0x000000008003631C (0x0040006F) jal zero, 0x4
mem[X,0x0000000080036320] -> 0xB423
mem[X,0x0000000080036322] -> 0x0220
[8630] [M]: 0x0000000080036320 (0x0220B423) sd sp, 0x28(ra)
mem[0x0000000080046200] <- 0x0000000000000003
mem[X,0x0000000080036324] -> 0xB537
mem[X,0x0000000080036326] -> 0xAAAA
[8631] [M]: 0x0000000080036324 (0xAAAAB537) lui a0, -0x55555
x10 <- 0xFFFFFFFFAAAAB000
mem[X,0x0000000080036328] -> 0x0513
mem[X,0x000000008003632A] -> 0xAAA5
[8632] [M]: 0x0000000080036328 (0xAAA50513) addi a0, a0, -0x556
x10 <- 0xFFFFFFFFAAAAAAAA
mem[X,0x000000008003632C] -> 0x1513
mem[X,0x000000008003632E] -> 0x00B5
[8633] [M]: 0x000000008003632C (0x00B51513) slli a0, a0, 0xb
x10 <- 0xFFFFFD5555555000
mem[X,0x0000000080036330] -> 0x0513
mem[X,0x0000000080036332] -> 0x5555
[8634] [M]: 0x0000000080036330 (0x55550513) addi a0, a0, 0x555
x10 <- 0xFFFFFD5555555555
mem[X,0x0000000080036334] -> 0x1513
mem[X,0x0000000080036336] -> 0x00B5
[8635] [M]: 0x0000000080036334 (0x00B51513) slli a0, a0, 0xb
x10 <- 0xFFEAAAAAAAAAA800
mem[X,0x0000000080036338] -> 0x0513
mem[X,0x000000008003633A] -> 0x2AA5
[8636] [M]: 0x0000000080036338 (0x2AA50513) addi a0, a0, 0x2aa
x10 <- 0xFFEAAAAAAAAAAAAA
mem[X,0x000000008003633C] -> 0x1513
mem[X,0x000000008003633E] -> 0x00A5
[8637] [M]: 0x000000008003633C (0x00A51513) slli a0, a0, 0xa
x10 <- 0xAAAAAAAAAAAAA800
mem[X,0x0000000080036340] -> 0x0513
mem[X,0x0000000080036342] -> 0x2AB5
[8638] [M]: 0x0000000080036340 (0x2AB50513) addi a0, a0, 0x2ab
x10 <- 0xAAAAAAAAAAAAAAAB
mem[X,0x0000000080036344] -> 0x35B7
mem[X,0x0000000080036346] -> 0x3333
[8639] [M]: 0x0000000080036344 (0x333335B7) lui a1, 0x33333
x11 <- 0x0000000033333000
mem[X,0x0000000080036348] -> 0x8593
mem[X,0x000000008003634A] -> 0x3335
[8640] [M]: 0x0000000080036348 (0x33358593) addi a1, a1, 0x333
x11 <- 0x0000000033333333
mem[X,0x000000008003634C] -> 0x9593
mem[X,0x000000008003634E] -> 0x00B5
[8641] [M]: 0x000000008003634C (0x00B59593) slli a1, a1, 0xb
x11 <- 0x0000019999999800
mem[X,0x0000000080036350] -> 0x8593
mem[X,0x0000000080036352] -> 0x1995
[8642] [M]: 0x0000000080036350 (0x19958593) addi a1, a1, 0x199
x11 <- 0x0000019999999999
mem[X,0x0000000080036354] -> 0x9593
mem[X,0x0000000080036356] -> 0x00B5
[8643] [M]: 0x0000000080036354 (0x00B59593) slli a1, a1, 0xb
x11 <- 0x000CCCCCCCCCC800
mem[X,0x0000000080036358] -> 0x8593
mem[X,0x000000008003635A] -> 0x4CC5
[8644] [M]: 0x0000000080036358 (0x4CC58593) addi a1, a1, 0x4cc
x11 <- 0x000CCCCCCCCCCCCC
mem[X,0x000000008003635C] -> 0x9593
mem[X,0x000000008003635E] -> 0x00A5
[8645] [M]: 0x000000008003635C (0x00A59593) slli a1, a1, 0xa
x11 <- 0x3333333333333000
mem[X,0x0000000080036360] -> 0x8593
mem[X,0x0000000080036362] -> 0x3325
[8646] [M]: 0x0000000080036360 (0x33258593) addi a1, a1, 0x332
x11 <- 0x3333333333333332
mem[X,0x0000000080036364] -> 0x0113
mem[X,0x0000000080036366] -> 0x0000
[8647] [M]: 0x0000000080036364 (0x00000113) addi sp, zero, 0x0
x2 <- 0x0000000000000000
mem[X,0x0000000080036368] -> 0x006F
mem[X,0x000000008003636A] -> 0x00C0
[8648] [M]: 0x0000000080036368 (0x00C0006F) jal zero, 0xc
mem[X,0x0000000080036374] -> 0x1663
mem[X,0x0000000080036376] -> 0x00B5
[8649] [M]: 0x0000000080036374 (0x00B51663) bne a0, a1, 0xc
mem[X,0x0000000080036380] -> 0x0113
mem[X,0x0000000080036382] -> 0x0031
[8650] [M]: 0x0000000080036380 (0x00310113) addi sp, sp, 0x3
x2 <- 0x0000000000000003
mem[X,0x0000000080036384] -> 0x006F
mem[X,0x0000000080036386] -> 0x0040
[8651] [M]: 0x0000000080036384 (0x0040006F) jal zero, 0x4
mem[X,0x0000000080036388] -> 0xB823
mem[X,0x000000008003638A] -> 0x0220
[8652] [M]: 0x0000000080036388 (0x0220B823) sd sp, 0x30(ra)
mem[0x0000000080046208] <- 0x0000000000000003
mem[X,0x000000008003638C] -> 0xB537
mem[X,0x000000008003638E] -> 0xAAAA
[8653] [M]: 0x000000008003638C (0xAAAAB537) lui a0, -0x55555
x10 <- 0xFFFFFFFFAAAAB000
mem[X,0x0000000080036390] -> 0x0513
mem[X,0x0000000080036392] -> 0xAAA5
[8654] [M]: 0x0000000080036390 (0xAAA50513) addi a0, a0, -0x556
x10 <- 0xFFFFFFFFAAAAAAAA
mem[X,0x0000000080036394] -> 0x1513
mem[X,0x0000000080036396] -> 0x00B5
[8655] [M]: 0x0000000080036394 (0x00B51513) slli a0, a0, 0xb
x10 <- 0xFFFFFD5555555000
mem[X,0x0000000080036398] -> 0x0513
mem[X,0x000000008003639A] -> 0x5555
[8656] [M]: 0x0000000080036398 (0x55550513) addi a0, a0, 0x555
x10 <- 0xFFFFFD5555555555
mem[X,0x000000008003639C] -> 0x1513
mem[X,0x000000008003639E] -> 0x00B5
[8657] [M]: 0x000000008003639C (0x00B51513) slli a0, a0, 0xb
x10 <- 0xFFEAAAAAAAAAA800
mem[X,0x00000000800363A0] -> 0x0513
mem[X,0x00000000800363A2] -> 0x2AA5
[8658] [M]: 0x00000000800363A0 (0x2AA50513) addi a0, a0, 0x2aa
x10 <- 0xFFEAAAAAAAAAAAAA
mem[X,0x00000000800363A4] -> 0x1513
mem[X,0x00000000800363A6] -> 0x00A5
[8659] [M]: 0x00000000800363A4 (0x00A51513) slli a0, a0, 0xa
x10 <- 0xAAAAAAAAAAAAA800
mem[X,0x00000000800363A8] -> 0x0513
mem[X,0x00000000800363AA] -> 0x2AB5
[8660] [M]: 0x00000000800363A8 (0x2AB50513) addi a0, a0, 0x2ab
x10 <- 0xAAAAAAAAAAAAAAAB
mem[X,0x00000000800363AC] -> 0x65B7
mem[X,0x00000000800363AE] -> 0x6666
[8661] [M]: 0x00000000800363AC (0x666665B7) lui a1, 0x66666
x11 <- 0x0000000066666000
mem[X,0x00000000800363B0] -> 0x8593
mem[X,0x00000000800363B2] -> 0x6665
[8662] [M]: 0x00000000800363B0 (0x66658593) addi a1, a1, 0x666
x11 <- 0x0000000066666666
mem[X,0x00000000800363B4] -> 0x9593
mem[X,0x00000000800363B6] -> 0x00B5
[8663] [M]: 0x00000000800363B4 (0x00B59593) slli a1, a1, 0xb
x11 <- 0x0000033333333000
mem[X,0x00000000800363B8] -> 0x8593
mem[X,0x00000000800363BA] -> 0x3335
[8664] [M]: 0x00000000800363B8 (0x33358593) addi a1, a1, 0x333
x11 <- 0x0000033333333333
mem[X,0x00000000800363BC] -> 0x9593
mem[X,0x00000000800363BE] -> 0x00B5
[8665] [M]: 0x00000000800363BC (0x00B59593) slli a1, a1, 0xb
x11 <- 0x0019999999999800
mem[X,0x00000000800363C0] -> 0x8593
mem[X,0x00000000800363C2] -> 0x1995
[8666] [M]: 0x00000000800363C0 (0x19958593) addi a1, a1, 0x199
x11 <- 0x0019999999999999
mem[X,0x00000000800363C4] -> 0x9593
mem[X,0x00000000800363C6] -> 0x00A5
[8667] [M]: 0x00000000800363C4 (0x00A59593) slli a1, a1, 0xa
x11 <- 0x6666666666666400
mem[X,0x00000000800363C8] -> 0x8593
mem[X,0x00000000800363CA] -> 0x2655
[8668] [M]: 0x00000000800363C8 (0x26558593) addi a1, a1, 0x265
x11 <- 0x6666666666666665
mem[X,0x00000000800363CC] -> 0x0113
mem[X,0x00000000800363CE] -> 0x0000
[8669] [M]: 0x00000000800363CC (0x00000113) addi sp, zero, 0x0
x2 <- 0x0000000000000000
mem[X,0x00000000800363D0] -> 0x006F
mem[X,0x00000000800363D2] -> 0x0140
[8670] [M]: 0x00000000800363D0 (0x0140006F) jal zero, 0x14
mem[X,0x00000000800363E4] -> 0x18E3
mem[X,0x00000000800363E6] -> 0xFEB5
[8671] [M]: 0x00000000800363E4 (0xFEB518E3) bne a0, a1, -0x10
mem[X,0x00000000800363D4] -> 0x0113
mem[X,0x00000000800363D6] -> 0x0011
[8672] [M]: 0x00000000800363D4 (0x00110113) addi sp, sp, 0x1
x2 <- 0x0000000000000001
mem[X,0x00000000800363D8] -> 0x006F
mem[X,0x00000000800363DA] -> 0x0200
[8673] [M]: 0x00000000800363D8 (0x0200006F) jal zero, 0x20
mem[X,0x00000000800363F8] -> 0xBC23
mem[X,0x00000000800363FA] -> 0x0220
[8674] [M]: 0x00000000800363F8 (0x0220BC23) sd sp, 0x38(ra)
mem[0x0000000080046210] <- 0x0000000000000001
mem[X,0x00000000800363FC] -> 0xB537
mem[X,0x00000000800363FE] -> 0xAAAA
[8675] [M]: 0x00000000800363FC (0xAAAAB537) lui a0, -0x55555
x10 <- 0xFFFFFFFFAAAAB000
mem[X,0x0000000080036400] -> 0x0513
mem[X,0x0000000080036402] -> 0xAAA5
[8676] [M]: 0x0000000080036400 (0xAAA50513) addi a0, a0, -0x556
x10 <- 0xFFFFFFFFAAAAAAAA
mem[X,0x0000000080036404] -> 0x1513
mem[X,0x0000000080036406] -> 0x00B5
[8677] [M]: 0x0000000080036404 (0x00B51513) slli a0, a0, 0xb
x10 <- 0xFFFFFD5555555000
mem[X,0x0000000080036408] -> 0x0513
mem[X,0x000000008003640A] -> 0x5555
[8678] [M]: 0x0000000080036408 (0x55550513) addi a0, a0, 0x555
x10 <- 0xFFFFFD5555555555
mem[X,0x000000008003640C] -> 0x1513
mem[X,0x000000008003640E] -> 0x00B5
[8679] [M]: 0x000000008003640C (0x00B51513) slli a0, a0, 0xb
x10 <- 0xFFEAAAAAAAAAA800
mem[X,0x0000000080036410] -> 0x0513
mem[X,0x0000000080036412] -> 0x2AA5
[8680] [M]: 0x0000000080036410 (0x2AA50513) addi a0, a0, 0x2aa
x10 <- 0xFFEAAAAAAAAAAAAA
mem[X,0x0000000080036414] -> 0x1513
mem[X,0x0000000080036416] -> 0x00A5
[8681] [M]: 0x0000000080036414 (0x00A51513) slli a0, a0, 0xa
x10 <- 0xAAAAAAAAAAAAA800
mem[X,0x0000000080036418] -> 0x0513
mem[X,0x000000008003641A] -> 0x2AB5
[8682] [M]: 0x0000000080036418 (0x2AB50513) addi a0, a0, 0x2ab
x10 <- 0xAAAAAAAAAAAAAAAB
mem[X,0x000000008003641C] -> 0x05B7
mem[X,0x000000008003641E] -> 0x0000
[8683] [M]: 0x000000008003641C (0x000005B7) lui a1, 0x0
x11 <- 0x0000000000000000
mem[X,0x0000000080036420] -> 0x8593
mem[X,0x0000000080036422] -> 0x0005
[8684] [M]: 0x0000000080036420 (0x00058593) addi a1, a1, 0x0
x11 <- 0x0000000000000000
mem[X,0x0000000080036424] -> 0x9593
mem[X,0x0000000080036426] -> 0x00B5
[8685] [M]: 0x0000000080036424 (0x00B59593) slli a1, a1, 0xb
x11 <- 0x0000000000000000
mem[X,0x0000000080036428] -> 0x8593
mem[X,0x000000008003642A] -> 0x5A85
[8686] [M]: 0x0000000080036428 (0x5A858593) addi a1, a1, 0x5a8
x11 <- 0x00000000000005A8
mem[X,0x000000008003642C] -> 0x9593
mem[X,0x000000008003642E] -> 0x00B5
[8687] [M]: 0x000000008003642C (0x00B59593) slli a1, a1, 0xb
x11 <- 0x00000000002D4000
mem[X,0x0000000080036430] -> 0x8593
mem[X,0x0000000080036432] -> 0x13C5
[8688] [M]: 0x0000000080036430 (0x13C58593) addi a1, a1, 0x13c
x11 <- 0x00000000002D413C
mem[X,0x0000000080036434] -> 0x9593
mem[X,0x0000000080036436] -> 0x00A5
[8689] [M]: 0x0000000080036434 (0x00A59593) slli a1, a1, 0xa
x11 <- 0x00000000B504F000
mem[X,0x0000000080036438] -> 0x8593
mem[X,0x000000008003643A] -> 0x3325
[8690] [M]: 0x0000000080036438 (0x33258593) addi a1, a1, 0x332
x11 <- 0x00000000B504F332
mem[X,0x000000008003643C] -> 0x0113
mem[X,0x000000008003643E] -> 0x0000
[8691] [M]: 0x000000008003643C (0x00000113) addi sp, zero, 0x0
x2 <- 0x0000000000000000
mem[X,0x0000000080036440] -> 0x006F
mem[X,0x0000000080036442] -> 0x00C0
[8692] [M]: 0x0000000080036440 (0x00C0006F) jal zero, 0xc
mem[X,0x000000008003644C] -> 0x1663
mem[X,0x000000008003644E] -> 0x00B5
[8693] [M]: 0x000000008003644C (0x00B51663) bne a0, a1, 0xc
mem[X,0x0000000080036458] -> 0x0113
mem[X,0x000000008003645A] -> 0x0031
[8694] [M]: 0x0000000080036458 (0x00310113) addi sp, sp, 0x3
x2 <- 0x0000000000000003
mem[X,0x000000008003645C] -> 0x006F
mem[X,0x000000008003645E] -> 0x0040
[8695] [M]: 0x000000008003645C (0x0040006F) jal zero, 0x4
mem[X,0x0000000080036460] -> 0xB023
mem[X,0x0000000080036462] -> 0x0420
[8696] [M]: 0x0000000080036460 (0x0420B023) sd sp, 0x40(ra)
mem[0x0000000080046218] <- 0x0000000000000003
mem[X,0x0000000080036464] -> 0xB537
mem[X,0x0000000080036466] -> 0xAAAA
[8697] [M]: 0x0000000080036464 (0xAAAAB537) lui a0, -0x55555
x10 <- 0xFFFFFFFFAAAAB000
mem[X,0x0000000080036468] -> 0x0513
mem[X,0x000000008003646A] -> 0xAAA5
[8698] [M]: 0x0000000080036468 (0xAAA50513) addi a0, a0, -0x556
x10 <- 0xFFFFFFFFAAAAAAAA
mem[X,0x000000008003646C] -> 0x1513
mem[X,0x000000008003646E] -> 0x00B5
[8699] [M]: 0x000000008003646C (0x00B51513) slli a0, a0, 0xb
x10 <- 0xFFFFFD5555555000
clint::tick mtime <- 0x0000000000000057
 clint timer pending at mtime 0x0000000000000057
htif::tick 0x0000000000000000
mem[X,0x0000000080036470] -> 0x0513
mem[X,0x0000000080036472] -> 0x5555
[8700] [M]: 0x0000000080036470 (0x55550513) addi a0, a0, 0x555
x10 <- 0xFFFFFD5555555555
mem[X,0x0000000080036474] -> 0x1513
mem[X,0x0000000080036476] -> 0x00B5
[8701] [M]: 0x0000000080036474 (0x00B51513) slli a0, a0, 0xb
x10 <- 0xFFEAAAAAAAAAA800
mem[X,0x0000000080036478] -> 0x0513
mem[X,0x000000008003647A] -> 0x2AA5
[8702] [M]: 0x0000000080036478 (0x2AA50513) addi a0, a0, 0x2aa
x10 <- 0xFFEAAAAAAAAAAAAA
mem[X,0x000000008003647C] -> 0x1513
mem[X,0x000000008003647E] -> 0x00A5
[8703] [M]: 0x000000008003647C (0x00A51513) slli a0, a0, 0xa
x10 <- 0xAAAAAAAAAAAAA800
mem[X,0x0000000080036480] -> 0x0513
mem[X,0x0000000080036482] -> 0x2AB5
[8704] [M]: 0x0000000080036480 (0x2AB50513) addi a0, a0, 0x2ab
x10 <- 0xAAAAAAAAAAAAAAAB
mem[X,0x0000000080036484] -> 0x55B7
mem[X,0x0000000080036486] -> 0x5555
[8705] [M]: 0x0000000080036484 (0x555555B7) lui a1, 0x55555
x11 <- 0x0000000055555000
mem[X,0x0000000080036488] -> 0x8593
mem[X,0x000000008003648A] -> 0x5555
[8706] [M]: 0x0000000080036488 (0x55558593) addi a1, a1, 0x555
x11 <- 0x0000000055555555
mem[X,0x000000008003648C] -> 0x9593
mem[X,0x000000008003648E] -> 0x00B5
[8707] [M]: 0x000000008003648C (0x00B59593) slli a1, a1, 0xb
x11 <- 0x000002AAAAAAA800
mem[X,0x0000000080036490] -> 0x8593
mem[X,0x0000000080036492] -> 0x2AA5
[8708] [M]: 0x0000000080036490 (0x2AA58593) addi a1, a1, 0x2aa
x11 <- 0x000002AAAAAAAAAA
mem[X,0x0000000080036494] -> 0x9593
mem[X,0x0000000080036496] -> 0x00B5
[8709] [M]: 0x0000000080036494 (0x00B59593) slli a1, a1, 0xb
x11 <- 0x0015555555555000
mem[X,0x0000000080036498] -> 0x8593
mem[X,0x000000008003649A] -> 0x5555
[8710] [M]: 0x0000000080036498 (0x55558593) addi a1, a1, 0x555
x11 <- 0x0015555555555555
mem[X,0x000000008003649C] -> 0x9593
mem[X,0x000000008003649E] -> 0x00A5
[8711] [M]: 0x000000008003649C (0x00A59593) slli a1, a1, 0xa
x11 <- 0x5555555555555400
mem[X,0x00000000800364A0] -> 0x8593
mem[X,0x00000000800364A2] -> 0x1565
[8712] [M]: 0x00000000800364A0 (0x15658593) addi a1, a1, 0x156
x11 <- 0x5555555555555556
mem[X,0x00000000800364A4] -> 0x0113
mem[X,0x00000000800364A6] -> 0x0000
[8713] [M]: 0x00000000800364A4 (0x00000113) addi sp, zero, 0x0
x2 <- 0x0000000000000000
mem[X,0x00000000800364A8] -> 0x006F
mem[X,0x00000000800364AA] -> 0x00C0
[8714] [M]: 0x00000000800364A8 (0x00C0006F) jal zero, 0xc
mem[X,0x00000000800364B4] -> 0x1663
mem[X,0x00000000800364B6] -> 0x00B5
[8715] [M]: 0x00000000800364B4 (0x00B51663) bne a0, a1, 0xc
mem[X,0x00000000800364C0] -> 0x0113
mem[X,0x00000000800364C2] -> 0x0031
[8716] [M]: 0x00000000800364C0 (0x00310113) addi sp, sp, 0x3
x2 <- 0x0000000000000003
mem[X,0x00000000800364C4] -> 0x006F
mem[X,0x00000000800364C6] -> 0x0040
[8717] [M]: 0x00000000800364C4 (0x0040006F) jal zero, 0x4
mem[X,0x00000000800364C8] -> 0xB423
mem[X,0x00000000800364CA] -> 0x0420
[8718] [M]: 0x00000000800364C8 (0x0420B423) sd sp, 0x48(ra)
mem[0x0000000080046220] <- 0x0000000000000003
mem[X,0x00000000800364CC] -> 0xB537
mem[X,0x00000000800364CE] -> 0xAAAA
[8719] [M]: 0x00000000800364CC (0xAAAAB537) lui a0, -0x55555
x10 <- 0xFFFFFFFFAAAAB000
mem[X,0x00000000800364D0] -> 0x0513
mem[X,0x00000000800364D2] -> 0xAAA5
[8720] [M]: 0x00000000800364D0 (0xAAA50513) addi a0, a0, -0x556
x10 <- 0xFFFFFFFFAAAAAAAA
mem[X,0x00000000800364D4] -> 0x1513
mem[X,0x00000000800364D6] -> 0x00B5
[8721] [M]: 0x00000000800364D4 (0x00B51513) slli a0, a0, 0xb
x10 <- 0xFFFFFD5555555000
mem[X,0x00000000800364D8] -> 0x0513
mem[X,0x00000000800364DA] -> 0x5555
[8722] [M]: 0x00000000800364D8 (0x55550513) addi a0, a0, 0x555
x10 <- 0xFFFFFD5555555555
mem[X,0x00000000800364DC] -> 0x1513
mem[X,0x00000000800364DE] -> 0x00B5
[8723] [M]: 0x00000000800364DC (0x00B51513) slli a0, a0, 0xb
x10 <- 0xFFEAAAAAAAAAA800
mem[X,0x00000000800364E0] -> 0x0513
mem[X,0x00000000800364E2] -> 0x2AA5
[8724] [M]: 0x00000000800364E0 (0x2AA50513) addi a0, a0, 0x2aa
x10 <- 0xFFEAAAAAAAAAAAAA
mem[X,0x00000000800364E4] -> 0x1513
mem[X,0x00000000800364E6] -> 0x00A5
[8725] [M]: 0x00000000800364E4 (0x00A51513) slli a0, a0, 0xa
x10 <- 0xAAAAAAAAAAAAA800
mem[X,0x00000000800364E8] -> 0x0513
mem[X,0x00000000800364EA] -> 0x2AB5
[8726] [M]: 0x00000000800364E8 (0x2AB50513) addi a0, a0, 0x2ab
x10 <- 0xAAAAAAAAAAAAAAAB
mem[X,0x00000000800364EC] -> 0xB5B7
mem[X,0x00000000800364EE] -> 0xAAAA
[8727] [M]: 0x00000000800364EC (0xAAAAB5B7) lui a1, -0x55555
x11 <- 0xFFFFFFFFAAAAB000
mem[X,0x00000000800364F0] -> 0x8593
mem[X,0x00000000800364F2] -> 0xAAA5
[8728] [M]: 0x00000000800364F0 (0xAAA58593) addi a1, a1, -0x556
x11 <- 0xFFFFFFFFAAAAAAAA
mem[X,0x00000000800364F4] -> 0x9593
mem[X,0x00000000800364F6] -> 0x00B5
[8729] [M]: 0x00000000800364F4 (0x00B59593) slli a1, a1, 0xb
x11 <- 0xFFFFFD5555555000
mem[X,0x00000000800364F8] -> 0x8593
mem[X,0x00000000800364FA] -> 0x5555
[8730] [M]: 0x00000000800364F8 (0x55558593) addi a1, a1, 0x555
x11 <- 0xFFFFFD5555555555
mem[X,0x00000000800364FC] -> 0x9593
mem[X,0x00000000800364FE] -> 0x00B5
[8731] [M]: 0x00000000800364FC (0x00B59593) slli a1, a1, 0xb
x11 <- 0xFFEAAAAAAAAAA800
mem[X,0x0000000080036500] -> 0x8593
mem[X,0x0000000080036502] -> 0x2AA5
[8732] [M]: 0x0000000080036500 (0x2AA58593) addi a1, a1, 0x2aa
x11 <- 0xFFEAAAAAAAAAAAAA
mem[X,0x0000000080036504] -> 0x9593
mem[X,0x0000000080036506] -> 0x00A5
[8733] [M]: 0x0000000080036504 (0x00A59593) slli a1, a1, 0xa
x11 <- 0xAAAAAAAAAAAAA800
mem[X,0x0000000080036508] -> 0x8593
mem[X,0x000000008003650A] -> 0x2AB5
[8734] [M]: 0x0000000080036508 (0x2AB58593) addi a1, a1, 0x2ab
x11 <- 0xAAAAAAAAAAAAAAAB
mem[X,0x000000008003650C] -> 0x0113
mem[X,0x000000008003650E] -> 0x0000
[8735] [M]: 0x000000008003650C (0x00000113) addi sp, zero, 0x0
x2 <- 0x0000000000000000
mem[X,0x0000000080036510] -> 0x006F
mem[X,0x0000000080036512] -> 0x00C0
[8736] [M]: 0x0000000080036510 (0x00C0006F) jal zero, 0xc
mem[X,0x000000008003651C] -> 0x1063
mem[X,0x000000008003651E] -> 0x10B5
[8737] [M]: 0x000000008003651C (0x10B51063) bne a0, a1, 0x100
mem[X,0x0000000080036520] -> 0x0113
mem[X,0x0000000080036522] -> 0x0021
[8738] [M]: 0x0000000080036520 (0x00210113) addi sp, sp, 0x2
x2 <- 0x0000000000000002
mem[X,0x0000000080036524] -> 0x006F
mem[X,0x0000000080036526] -> 0x1000
[8739] [M]: 0x0000000080036524 (0x1000006F) jal zero, 0x100
mem[X,0x0000000080036624] -> 0xB823
mem[X,0x0000000080036626] -> 0x0420
[8740] [M]: 0x0000000080036624 (0x0420B823) sd sp, 0x50(ra)
mem[0x0000000080046228] <- 0x0000000000000002
mem[X,0x0000000080036628] -> 0xB537
mem[X,0x000000008003662A] -> 0xAAAA
[8741] [M]: 0x0000000080036628 (0xAAAAB537) lui a0, -0x55555
x10 <- 0xFFFFFFFFAAAAB000
mem[X,0x000000008003662C] -> 0x0513
mem[X,0x000000008003662E] -> 0xAAA5
[8742] [M]: 0x000000008003662C (0xAAA50513) addi a0, a0, -0x556
x10 <- 0xFFFFFFFFAAAAAAAA
mem[X,0x0000000080036630] -> 0x1513
mem[X,0x0000000080036632] -> 0x00B5
[8743] [M]: 0x0000000080036630 (0x00B51513) slli a0, a0, 0xb
x10 <- 0xFFFFFD5555555000
mem[X,0x0000000080036634] -> 0x0513
mem[X,0x0000000080036636] -> 0x5555
[8744] [M]: 0x0000000080036634 (0x55550513) addi a0, a0, 0x555
x10 <- 0xFFFFFD5555555555
mem[X,0x0000000080036638] -> 0x1513
mem[X,0x000000008003663A] -> 0x00B5
[8745] [M]: 0x0000000080036638 (0x00B51513) slli a0, a0, 0xb
x10 <- 0xFFEAAAAAAAAAA800
mem[X,0x000000008003663C] -> 0x0513
mem[X,0x000000008003663E] -> 0x2AA5
[8746] [M]: 0x000000008003663C (0x2AA50513) addi a0, a0, 0x2aa
x10 <- 0xFFEAAAAAAAAAAAAA
mem[X,0x0000000080036640] -> 0x1513
mem[X,0x0000000080036642] -> 0x00A5
[8747] [M]: 0x0000000080036640 (0x00A51513) slli a0, a0, 0xa
x10 <- 0xAAAAAAAAAAAAA800
mem[X,0x0000000080036644] -> 0x0513
mem[X,0x0000000080036646] -> 0x2AB5
[8748] [M]: 0x0000000080036644 (0x2AB50513) addi a0, a0, 0x2ab
x10 <- 0xAAAAAAAAAAAAAAAB
mem[X,0x0000000080036648] -> 0x0593
mem[X,0x000000008003664A] -> 0x0060
[8749] [M]: 0x0000000080036648 (0x00600593) addi a1, zero, 0x6
x11 <- 0x0000000000000006
mem[X,0x000000008003664C] -> 0x0113
mem[X,0x000000008003664E] -> 0x0000
[8750] [M]: 0x000000008003664C (0x00000113) addi sp, zero, 0x0
x2 <- 0x0000000000000000
mem[X,0x0000000080036650] -> 0x006F
mem[X,0x0000000080036652] -> 0x00C0
[8751] [M]: 0x0000000080036650 (0x00C0006F) jal zero, 0xc
mem[X,0x000000008003665C] -> 0x1063
mem[X,0x000000008003665E] -> 0x08B5
[8752] [M]: 0x000000008003665C (0x08B51063) bne a0, a1, 0x80
mem[X,0x00000000800366DC] -> 0x0113
mem[X,0x00000000800366DE] -> 0x0031
[8753] [M]: 0x00000000800366DC (0x00310113) addi sp, sp, 0x3
x2 <- 0x0000000000000003
mem[X,0x00000000800366E0] -> 0x006F
mem[X,0x00000000800366E2] -> 0x0040
[8754] [M]: 0x00000000800366E0 (0x0040006F) jal zero, 0x4
mem[X,0x00000000800366E4] -> 0xBC23
mem[X,0x00000000800366E6] -> 0x0420
[8755] [M]: 0x00000000800366E4 (0x0420BC23) sd sp, 0x58(ra)
mem[0x0000000080046230] <- 0x0000000000000003
mem[X,0x00000000800366E8] -> 0xB537
mem[X,0x00000000800366EA] -> 0xAAAA
[8756] [M]: 0x00000000800366E8 (0xAAAAB537) lui a0, -0x55555
x10 <- 0xFFFFFFFFAAAAB000
mem[X,0x00000000800366EC] -> 0x0513
mem[X,0x00000000800366EE] -> 0xAAA5
[8757] [M]: 0x00000000800366EC (0xAAA50513) addi a0, a0, -0x556
x10 <- 0xFFFFFFFFAAAAAAAA
mem[X,0x00000000800366F0] -> 0x1513
mem[X,0x00000000800366F2] -> 0x00B5
[8758] [M]: 0x00000000800366F0 (0x00B51513) slli a0, a0, 0xb
x10 <- 0xFFFFFD5555555000
mem[X,0x00000000800366F4] -> 0x0513
mem[X,0x00000000800366F6] -> 0x5555
[8759] [M]: 0x00000000800366F4 (0x55550513) addi a0, a0, 0x555
x10 <- 0xFFFFFD5555555555
mem[X,0x00000000800366F8] -> 0x1513
mem[X,0x00000000800366FA] -> 0x00B5
[8760] [M]: 0x00000000800366F8 (0x00B51513) slli a0, a0, 0xb
x10 <- 0xFFEAAAAAAAAAA800
mem[X,0x00000000800366FC] -> 0x0513
mem[X,0x00000000800366FE] -> 0x2AA5
[8761] [M]: 0x00000000800366FC (0x2AA50513) addi a0, a0, 0x2aa
x10 <- 0xFFEAAAAAAAAAAAAA
mem[X,0x0000000080036700] -> 0x1513
mem[X,0x0000000080036702] -> 0x00A5
[8762] [M]: 0x0000000080036700 (0x00A51513) slli a0, a0, 0xa
x10 <- 0xAAAAAAAAAAAAA800
mem[X,0x0000000080036704] -> 0x0513
mem[X,0x0000000080036706] -> 0x2AB5
[8763] [M]: 0x0000000080036704 (0x2AB50513) addi a0, a0, 0x2ab
x10 <- 0xAAAAAAAAAAAAAAAB
mem[X,0x0000000080036708] -> 0x35B7
mem[X,0x000000008003670A] -> 0x3333
[8764] [M]: 0x0000000080036708 (0x333335B7) lui a1, 0x33333
x11 <- 0x0000000033333000
mem[X,0x000000008003670C] -> 0x8593
mem[X,0x000000008003670E] -> 0x3335
[8765] [M]: 0x000000008003670C (0x33358593) addi a1, a1, 0x333
x11 <- 0x0000000033333333
mem[X,0x0000000080036710] -> 0x9593
mem[X,0x0000000080036712] -> 0x00B5
[8766] [M]: 0x0000000080036710 (0x00B59593) slli a1, a1, 0xb
x11 <- 0x0000019999999800
mem[X,0x0000000080036714] -> 0x8593
mem[X,0x0000000080036716] -> 0x1995
[8767] [M]: 0x0000000080036714 (0x19958593) addi a1, a1, 0x199
x11 <- 0x0000019999999999
mem[X,0x0000000080036718] -> 0x9593
mem[X,0x000000008003671A] -> 0x00B5
[8768] [M]: 0x0000000080036718 (0x00B59593) slli a1, a1, 0xb
x11 <- 0x000CCCCCCCCCC800
mem[X,0x000000008003671C] -> 0x8593
mem[X,0x000000008003671E] -> 0x4CC5
[8769] [M]: 0x000000008003671C (0x4CC58593) addi a1, a1, 0x4cc
x11 <- 0x000CCCCCCCCCCCCC
mem[X,0x0000000080036720] -> 0x9593
mem[X,0x0000000080036722] -> 0x00A5
[8770] [M]: 0x0000000080036720 (0x00A59593) slli a1, a1, 0xa
x11 <- 0x3333333333333000
mem[X,0x0000000080036724] -> 0x8593
mem[X,0x0000000080036726] -> 0x3345
[8771] [M]: 0x0000000080036724 (0x33458593) addi a1, a1, 0x334
x11 <- 0x3333333333333334
mem[X,0x0000000080036728] -> 0x0113
mem[X,0x000000008003672A] -> 0x0000
[8772] [M]: 0x0000000080036728 (0x00000113) addi sp, zero, 0x0
x2 <- 0x0000000000000000
mem[X,0x000000008003672C] -> 0x006F
mem[X,0x000000008003672E] -> 0x00C0
[8773] [M]: 0x000000008003672C (0x00C0006F) jal zero, 0xc
mem[X,0x0000000080036738] -> 0x1663
mem[X,0x000000008003673A] -> 0x00B5
[8774] [M]: 0x0000000080036738 (0x00B51663) bne a0, a1, 0xc
mem[X,0x0000000080036744] -> 0x0113
mem[X,0x0000000080036746] -> 0x0031
[8775] [M]: 0x0000000080036744 (0x00310113) addi sp, sp, 0x3
x2 <- 0x0000000000000003
mem[X,0x0000000080036748] -> 0x006F
mem[X,0x000000008003674A] -> 0x0040
[8776] [M]: 0x0000000080036748 (0x0040006F) jal zero, 0x4
mem[X,0x000000008003674C] -> 0xB023
mem[X,0x000000008003674E] -> 0x0620
[8777] [M]: 0x000000008003674C (0x0620B023) sd sp, 0x60(ra)
mem[0x0000000080046238] <- 0x0000000000000003
mem[X,0x0000000080036750] -> 0x0513
mem[X,0x0000000080036752] -> 0x0000
[8778] [M]: 0x0000000080036750 (0x00000513) addi a0, zero, 0x0
x10 <- 0x0000000000000000
mem[X,0x0000000080036754] -> 0x65B7
mem[X,0x0000000080036756] -> 0x6666
[8779] [M]: 0x0000000080036754 (0x666665B7) lui a1, 0x66666
x11 <- 0x0000000066666000
mem[X,0x0000000080036758] -> 0x8593
mem[X,0x000000008003675A] -> 0x6665
[8780] [M]: 0x0000000080036758 (0x66658593) addi a1, a1, 0x666
x11 <- 0x0000000066666666
mem[X,0x000000008003675C] -> 0x9593
mem[X,0x000000008003675E] -> 0x00B5
[8781] [M]: 0x000000008003675C (0x00B59593) slli a1, a1, 0xb
x11 <- 0x0000033333333000
mem[X,0x0000000080036760] -> 0x8593
mem[X,0x0000000080036762] -> 0x3335
[8782] [M]: 0x0000000080036760 (0x33358593) addi a1, a1, 0x333
x11 <- 0x0000033333333333
mem[X,0x0000000080036764] -> 0x9593
mem[X,0x0000000080036766] -> 0x00B5
[8783] [M]: 0x0000000080036764 (0x00B59593) slli a1, a1, 0xb
x11 <- 0x0019999999999800
mem[X,0x0000000080036768] -> 0x8593
mem[X,0x000000008003676A] -> 0x1995
[8784] [M]: 0x0000000080036768 (0x19958593) addi a1, a1, 0x199
x11 <- 0x0019999999999999
mem[X,0x000000008003676C] -> 0x9593
mem[X,0x000000008003676E] -> 0x00A5
[8785] [M]: 0x000000008003676C (0x00A59593) slli a1, a1, 0xa
x11 <- 0x6666666666666400
mem[X,0x0000000080036770] -> 0x8593
mem[X,0x0000000080036772] -> 0x2655
[8786] [M]: 0x0000000080036770 (0x26558593) addi a1, a1, 0x265
x11 <- 0x6666666666666665
mem[X,0x0000000080036774] -> 0x0113
mem[X,0x0000000080036776] -> 0x0000
[8787] [M]: 0x0000000080036774 (0x00000113) addi sp, zero, 0x0
x2 <- 0x0000000000000000
mem[X,0x0000000080036778] -> 0x006F
mem[X,0x000000008003677A] -> 0x0140
[8788] [M]: 0x0000000080036778 (0x0140006F) jal zero, 0x14
mem[X,0x000000008003678C] -> 0x18E3
mem[X,0x000000008003678E] -> 0xFEB5
[8789] [M]: 0x000000008003678C (0xFEB518E3) bne a0, a1, -0x10
mem[X,0x000000008003677C] -> 0x0113
mem[X,0x000000008003677E] -> 0x0011
[8790] [M]: 0x000000008003677C (0x00110113) addi sp, sp, 0x1
x2 <- 0x0000000000000001
mem[X,0x0000000080036780] -> 0x006F
mem[X,0x0000000080036782] -> 0x0200
[8791] [M]: 0x0000000080036780 (0x0200006F) jal zero, 0x20
mem[X,0x00000000800367A0] -> 0xB423
mem[X,0x00000000800367A2] -> 0x0620
[8792] [M]: 0x00000000800367A0 (0x0620B423) sd sp, 0x68(ra)
mem[0x0000000080046240] <- 0x0000000000000001
mem[X,0x00000000800367A4] -> 0xB537
mem[X,0x00000000800367A6] -> 0xAAAA
[8793] [M]: 0x00000000800367A4 (0xAAAAB537) lui a0, -0x55555
x10 <- 0xFFFFFFFFAAAAB000
mem[X,0x00000000800367A8] -> 0x0513
mem[X,0x00000000800367AA] -> 0xAAA5
[8794] [M]: 0x00000000800367A8 (0xAAA50513) addi a0, a0, -0x556
x10 <- 0xFFFFFFFFAAAAAAAA
mem[X,0x00000000800367AC] -> 0x1513
mem[X,0x00000000800367AE] -> 0x00B5
[8795] [M]: 0x00000000800367AC (0x00B51513) slli a0, a0, 0xb
x10 <- 0xFFFFFD5555555000
mem[X,0x00000000800367B0] -> 0x0513
mem[X,0x00000000800367B2] -> 0x5555
[8796] [M]: 0x00000000800367B0 (0x55550513) addi a0, a0, 0x555
x10 <- 0xFFFFFD5555555555
mem[X,0x00000000800367B4] -> 0x1513
mem[X,0x00000000800367B6] -> 0x00B5
[8797] [M]: 0x00000000800367B4 (0x00B51513) slli a0, a0, 0xb
x10 <- 0xFFEAAAAAAAAAA800
mem[X,0x00000000800367B8] -> 0x0513
mem[X,0x00000000800367BA] -> 0x2AA5
[8798] [M]: 0x00000000800367B8 (0x2AA50513) addi a0, a0, 0x2aa
x10 <- 0xFFEAAAAAAAAAAAAA
mem[X,0x00000000800367BC] -> 0x1513
mem[X,0x00000000800367BE] -> 0x00A5
[8799] [M]: 0x00000000800367BC (0x00A51513) slli a0, a0, 0xa
x10 <- 0xAAAAAAAAAAAAA800
clint::tick mtime <- 0x0000000000000058
 clint timer pending at mtime 0x0000000000000058
htif::tick 0x0000000000000000
mem[X,0x00000000800367C0] -> 0x0513
mem[X,0x00000000800367C2] -> 0x2AB5
[8800] [M]: 0x00000000800367C0 (0x2AB50513) addi a0, a0, 0x2ab
x10 <- 0xAAAAAAAAAAAAAAAB
mem[X,0x00000000800367C4] -> 0x65B7
mem[X,0x00000000800367C6] -> 0x6666
[8801] [M]: 0x00000000800367C4 (0x666665B7) lui a1, 0x66666
x11 <- 0x0000000066666000
mem[X,0x00000000800367C8] -> 0x8593
mem[X,0x00000000800367CA] -> 0x6665
[8802] [M]: 0x00000000800367C8 (0x66658593) addi a1, a1, 0x666
x11 <- 0x0000000066666666
mem[X,0x00000000800367CC] -> 0x9593
mem[X,0x00000000800367CE] -> 0x00B5
[8803] [M]: 0x00000000800367CC (0x00B59593) slli a1, a1, 0xb
x11 <- 0x0000033333333000
mem[X,0x00000000800367D0] -> 0x8593
mem[X,0x00000000800367D2] -> 0x3335
[8804] [M]: 0x00000000800367D0 (0x33358593) addi a1, a1, 0x333
x11 <- 0x0000033333333333
mem[X,0x00000000800367D4] -> 0x9593
mem[X,0x00000000800367D6] -> 0x00B5
[8805] [M]: 0x00000000800367D4 (0x00B59593) slli a1, a1, 0xb
x11 <- 0x0019999999999800
mem[X,0x00000000800367D8] -> 0x8593
mem[X,0x00000000800367DA] -> 0x1995
[8806] [M]: 0x00000000800367D8 (0x19958593) addi a1, a1, 0x199
x11 <- 0x0019999999999999
mem[X,0x00000000800367DC] -> 0x9593
mem[X,0x00000000800367DE] -> 0x00A5
[8807] [M]: 0x00000000800367DC (0x00A59593) slli a1, a1, 0xa
x11 <- 0x6666666666666400
mem[X,0x00000000800367E0] -> 0x8593
mem[X,0x00000000800367E2] -> 0x2675
[8808] [M]: 0x00000000800367E0 (0x26758593) addi a1, a1, 0x267
x11 <- 0x6666666666666667
mem[X,0x00000000800367E4] -> 0x0113
mem[X,0x00000000800367E6] -> 0x0000
[8809] [M]: 0x00000000800367E4 (0x00000113) addi sp, zero, 0x0
x2 <- 0x0000000000000000
mem[X,0x00000000800367E8] -> 0x006F
mem[X,0x00000000800367EA] -> 0x00C0
[8810] [M]: 0x00000000800367E8 (0x00C0006F) jal zero, 0xc
mem[X,0x00000000800367F4] -> 0x1863
mem[X,0x00000000800367F6] -> 0x00B5
[8811] [M]: 0x00000000800367F4 (0x00B51863) bne a0, a1, 0x10
mem[X,0x0000000080036804] -> 0x0113
mem[X,0x0000000080036806] -> 0x0031
[8812] [M]: 0x0000000080036804 (0x00310113) addi sp, sp, 0x3
x2 <- 0x0000000000000003
mem[X,0x0000000080036808] -> 0x006F
mem[X,0x000000008003680A] -> 0x0040
[8813] [M]: 0x0000000080036808 (0x0040006F) jal zero, 0x4
mem[X,0x000000008003680C] -> 0xB823
mem[X,0x000000008003680E] -> 0x0620
[8814] [M]: 0x000000008003680C (0x0620B823) sd sp, 0x70(ra)
mem[0x0000000080046248] <- 0x0000000000000003
mem[X,0x0000000080036810] -> 0xB537
mem[X,0x0000000080036812] -> 0xAAAA
[8815] [M]: 0x0000000080036810 (0xAAAAB537) lui a0, -0x55555
x10 <- 0xFFFFFFFFAAAAB000
mem[X,0x0000000080036814] -> 0x0513
mem[X,0x0000000080036816] -> 0xAAA5
[8816] [M]: 0x0000000080036814 (0xAAA50513) addi a0, a0, -0x556
x10 <- 0xFFFFFFFFAAAAAAAA
mem[X,0x0000000080036818] -> 0x1513
mem[X,0x000000008003681A] -> 0x00B5
[8817] [M]: 0x0000000080036818 (0x00B51513) slli a0, a0, 0xb
x10 <- 0xFFFFFD5555555000
mem[X,0x000000008003681C] -> 0x0513
mem[X,0x000000008003681E] -> 0x5555
[8818] [M]: 0x000000008003681C (0x55550513) addi a0, a0, 0x555
x10 <- 0xFFFFFD5555555555
mem[X,0x0000000080036820] -> 0x1513
mem[X,0x0000000080036822] -> 0x00B5
[8819] [M]: 0x0000000080036820 (0x00B51513) slli a0, a0, 0xb
x10 <- 0xFFEAAAAAAAAAA800
mem[X,0x0000000080036824] -> 0x0513
mem[X,0x0000000080036826] -> 0x2AA5
[8820] [M]: 0x0000000080036824 (0x2AA50513) addi a0, a0, 0x2aa
x10 <- 0xFFEAAAAAAAAAAAAA
mem[X,0x0000000080036828] -> 0x1513
mem[X,0x000000008003682A] -> 0x00A5
[8821] [M]: 0x0000000080036828 (0x00A51513) slli a0, a0, 0xa
x10 <- 0xAAAAAAAAAAAAA800
mem[X,0x000000008003682C] -> 0x0513
mem[X,0x000000008003682E] -> 0x2AB5
[8822] [M]: 0x000000008003682C (0x2AB50513) addi a0, a0, 0x2ab
x10 <- 0xAAAAAAAAAAAAAAAB
mem[X,0x0000000080036830] -> 0x05B7
mem[X,0x0000000080036832] -> 0x0000
[8823] [M]: 0x0000000080036830 (0x000005B7) lui a1, 0x0
x11 <- 0x0000000000000000
mem[X,0x0000000080036834] -> 0x8593
mem[X,0x0000000080036836] -> 0xFFF5
[8824] [M]: 0x0000000080036834 (0xFFF58593) addi a1, a1, -0x1
x11 <- 0xFFFFFFFFFFFFFFFF
mem[X,0x0000000080036838] -> 0x9593
mem[X,0x000000008003683A] -> 0x00B5
[8825] [M]: 0x0000000080036838 (0x00B59593) slli a1, a1, 0xb
x11 <- 0xFFFFFFFFFFFFF800
mem[X,0x000000008003683C] -> 0x8593
mem[X,0x000000008003683E] -> 0x2575
[8826] [M]: 0x000000008003683C (0x25758593) addi a1, a1, 0x257
x11 <- 0xFFFFFFFFFFFFFA57
mem[X,0x0000000080036840] -> 0x9593
mem[X,0x0000000080036842] -> 0x00B5
[8827] [M]: 0x0000000080036840 (0x00B59593) slli a1, a1, 0xb
x11 <- 0xFFFFFFFFFFD2B800
mem[X,0x0000000080036844] -> 0x8593
mem[X,0x0000000080036846] -> 0x6C35
[8828] [M]: 0x0000000080036844 (0x6C358593) addi a1, a1, 0x6c3
x11 <- 0xFFFFFFFFFFD2BEC3
mem[X,0x0000000080036848] -> 0x9593
mem[X,0x000000008003684A] -> 0x00A5
[8829] [M]: 0x0000000080036848 (0x00A59593) slli a1, a1, 0xa
x11 <- 0xFFFFFFFF4AFB0C00
mem[X,0x000000008003684C] -> 0x8593
mem[X,0x000000008003684E] -> 0x0CE5
[8830] [M]: 0x000000008003684C (0x0CE58593) addi a1, a1, 0xce
x11 <- 0xFFFFFFFF4AFB0CCE
mem[X,0x0000000080036850] -> 0x0113
mem[X,0x0000000080036852] -> 0x0000
[8831] [M]: 0x0000000080036850 (0x00000113) addi sp, zero, 0x0
x2 <- 0x0000000000000000
mem[X,0x0000000080036854] -> 0x006F
mem[X,0x0000000080036856] -> 0x00C0
[8832] [M]: 0x0000000080036854 (0x00C0006F) jal zero, 0xc
mem[X,0x0000000080036860] -> 0x1663
mem[X,0x0000000080036862] -> 0x00B5
[8833] [M]: 0x0000000080036860 (0x00B51663) bne a0, a1, 0xc
mem[X,0x000000008003686C] -> 0x0113
mem[X,0x000000008003686E] -> 0x0031
[8834] [M]: 0x000000008003686C (0x00310113) addi sp, sp, 0x3
x2 <- 0x0000000000000003
mem[X,0x0000000080036870] -> 0x006F
mem[X,0x0000000080036872] -> 0x0040
[8835] [M]: 0x0000000080036870 (0x0040006F) jal zero, 0x4
mem[X,0x0000000080036874] -> 0xBC23
mem[X,0x0000000080036876] -> 0x0620
[8836] [M]: 0x0000000080036874 (0x0620BC23) sd sp, 0x78(ra)
mem[0x0000000080046250] <- 0x0000000000000003
mem[X,0x0000000080036878] -> 0xB537
mem[X,0x000000008003687A] -> 0xAAAA
[8837] [M]: 0x0000000080036878 (0xAAAAB537) lui a0, -0x55555
x10 <- 0xFFFFFFFFAAAAB000
mem[X,0x000000008003687C] -> 0x0513
mem[X,0x000000008003687E] -> 0xAAA5
[8838] [M]: 0x000000008003687C (0xAAA50513) addi a0, a0, -0x556
x10 <- 0xFFFFFFFFAAAAAAAA
mem[X,0x0000000080036880] -> 0x1513
mem[X,0x0000000080036882] -> 0x00B5
[8839] [M]: 0x0000000080036880 (0x00B51513) slli a0, a0, 0xb
x10 <- 0xFFFFFD5555555000
mem[X,0x0000000080036884] -> 0x0513
mem[X,0x0000000080036886] -> 0x5555
[8840] [M]: 0x0000000080036884 (0x55550513) addi a0, a0, 0x555
x10 <- 0xFFFFFD5555555555
mem[X,0x0000000080036888] -> 0x1513
mem[X,0x000000008003688A] -> 0x00B5
[8841] [M]: 0x0000000080036888 (0x00B51513) slli a0, a0, 0xb
x10 <- 0xFFEAAAAAAAAAA800
mem[X,0x000000008003688C] -> 0x0513
mem[X,0x000000008003688E] -> 0x2AA5
[8842] [M]: 0x000000008003688C (0x2AA50513) addi a0, a0, 0x2aa
x10 <- 0xFFEAAAAAAAAAAAAA
mem[X,0x0000000080036890] -> 0x1513
mem[X,0x0000000080036892] -> 0x00A5
[8843] [M]: 0x0000000080036890 (0x00A51513) slli a0, a0, 0xa
x10 <- 0xAAAAAAAAAAAAA800
mem[X,0x0000000080036894] -> 0x0513
mem[X,0x0000000080036896] -> 0x2AB5
[8844] [M]: 0x0000000080036894 (0x2AB50513) addi a0, a0, 0x2ab
x10 <- 0xAAAAAAAAAAAAAAAB
mem[X,0x0000000080036898] -> 0x05B7
mem[X,0x000000008003689A] -> 0x0000
[8845] [M]: 0x0000000080036898 (0x000005B7) lui a1, 0x0
x11 <- 0x0000000000000000
mem[X,0x000000008003689C] -> 0x8593
mem[X,0x000000008003689E] -> 0x0005
[8846] [M]: 0x000000008003689C (0x00058593) addi a1, a1, 0x0
x11 <- 0x0000000000000000
mem[X,0x00000000800368A0] -> 0x9593
mem[X,0x00000000800368A2] -> 0x00B5
[8847] [M]: 0x00000000800368A0 (0x00B59593) slli a1, a1, 0xb
x11 <- 0x0000000000000000
mem[X,0x00000000800368A4] -> 0x8593
mem[X,0x00000000800368A6] -> 0x5A85
[8848] [M]: 0x00000000800368A4 (0x5A858593) addi a1, a1, 0x5a8
x11 <- 0x00000000000005A8
mem[X,0x00000000800368A8] -> 0x9593
mem[X,0x00000000800368AA] -> 0x00B5
[8849] [M]: 0x00000000800368A8 (0x00B59593) slli a1, a1, 0xb
x11 <- 0x00000000002D4000
mem[X,0x00000000800368AC] -> 0x8593
mem[X,0x00000000800368AE] -> 0x13C5
[8850] [M]: 0x00000000800368AC (0x13C58593) addi a1, a1, 0x13c
x11 <- 0x00000000002D413C
mem[X,0x00000000800368B0] -> 0x9593
mem[X,0x00000000800368B2] -> 0x00A5
[8851] [M]: 0x00000000800368B0 (0x00A59593) slli a1, a1, 0xa
x11 <- 0x00000000B504F000
mem[X,0x00000000800368B4] -> 0x8593
mem[X,0x00000000800368B6] -> 0x3345
[8852] [M]: 0x00000000800368B4 (0x33458593) addi a1, a1, 0x334
x11 <- 0x00000000B504F334
mem[X,0x00000000800368B8] -> 0x0113
mem[X,0x00000000800368BA] -> 0x0000
[8853] [M]: 0x00000000800368B8 (0x00000113) addi sp, zero, 0x0
x2 <- 0x0000000000000000
mem[X,0x00000000800368BC] -> 0x006F
mem[X,0x00000000800368BE] -> 0x00C0
[8854] [M]: 0x00000000800368BC (0x00C0006F) jal zero, 0xc
mem[X,0x00000000800368C8] -> 0x1CE3
mem[X,0x00000000800368CA] -> 0xFEB5
[8855] [M]: 0x00000000800368C8 (0xFEB51CE3) bne a0, a1, -0x8
mem[X,0x00000000800368C0] -> 0x0113
mem[X,0x00000000800368C2] -> 0x0011
[8856] [M]: 0x00000000800368C0 (0x00110113) addi sp, sp, 0x1
x2 <- 0x0000000000000001
mem[X,0x00000000800368C4] -> 0x006F
mem[X,0x00000000800368C6] -> 0x0180
[8857] [M]: 0x00000000800368C4 (0x0180006F) jal zero, 0x18
mem[X,0x00000000800368DC] -> 0xB023
mem[X,0x00000000800368DE] -> 0x0820
[8858] [M]: 0x00000000800368DC (0x0820B023) sd sp, 0x80(ra)
mem[0x0000000080046258] <- 0x0000000000000001
mem[X,0x00000000800368E0] -> 0x0513
mem[X,0x00000000800368E2] -> 0x0060
[8859] [M]: 0x00000000800368E0 (0x00600513) addi a0, zero, 0x6
x10 <- 0x0000000000000006
mem[X,0x00000000800368E4] -> 0x0593
mem[X,0x00000000800368E6] -> 0x0030
[8860] [M]: 0x00000000800368E4 (0x00300593) addi a1, zero, 0x3
x11 <- 0x0000000000000003
mem[X,0x00000000800368E8] -> 0x0113
mem[X,0x00000000800368EA] -> 0x0000
[8861] [M]: 0x00000000800368E8 (0x00000113) addi sp, zero, 0x0
x2 <- 0x0000000000000000
mem[X,0x00000000800368EC] -> 0x006F
mem[X,0x00000000800368EE] -> 0x0140
[8862] [M]: 0x00000000800368EC (0x0140006F) jal zero, 0x14
mem[X,0x0000000080036900] -> 0x18E3
mem[X,0x0000000080036902] -> 0xFEB5
[8863] [M]: 0x0000000080036900 (0xFEB518E3) bne a0, a1, -0x10
mem[X,0x00000000800368F0] -> 0x0113
mem[X,0x00000000800368F2] -> 0x0011
[8864] [M]: 0x00000000800368F0 (0x00110113) addi sp, sp, 0x1
x2 <- 0x0000000000000001
mem[X,0x00000000800368F4] -> 0x006F
mem[X,0x00000000800368F6] -> 0x0200
[8865] [M]: 0x00000000800368F4 (0x0200006F) jal zero, 0x20
mem[X,0x0000000080036914] -> 0xB423
mem[X,0x0000000080036916] -> 0x0820
[8866] [M]: 0x0000000080036914 (0x0820B423) sd sp, 0x88(ra)
mem[0x0000000080046260] <- 0x0000000000000001
mem[X,0x0000000080036918] -> 0x0513
mem[X,0x000000008003691A] -> 0x0060
[8867] [M]: 0x0000000080036918 (0x00600513) addi a0, zero, 0x6
x10 <- 0x0000000000000006
mem[X,0x000000008003691C] -> 0x55B7
mem[X,0x000000008003691E] -> 0x5555
[8868] [M]: 0x000000008003691C (0x555555B7) lui a1, 0x55555
x11 <- 0x0000000055555000
mem[X,0x0000000080036920] -> 0x8593
mem[X,0x0000000080036922] -> 0x5555
[8869] [M]: 0x0000000080036920 (0x55558593) addi a1, a1, 0x555
x11 <- 0x0000000055555555
mem[X,0x0000000080036924] -> 0x9593
mem[X,0x0000000080036926] -> 0x00B5
[8870] [M]: 0x0000000080036924 (0x00B59593) slli a1, a1, 0xb
x11 <- 0x000002AAAAAAA800
mem[X,0x0000000080036928] -> 0x8593
mem[X,0x000000008003692A] -> 0x2AA5
[8871] [M]: 0x0000000080036928 (0x2AA58593) addi a1, a1, 0x2aa
x11 <- 0x000002AAAAAAAAAA
mem[X,0x000000008003692C] -> 0x9593
mem[X,0x000000008003692E] -> 0x00B5
[8872] [M]: 0x000000008003692C (0x00B59593) slli a1, a1, 0xb
x11 <- 0x0015555555555000
mem[X,0x0000000080036930] -> 0x8593
mem[X,0x0000000080036932] -> 0x5555
[8873] [M]: 0x0000000080036930 (0x55558593) addi a1, a1, 0x555
x11 <- 0x0015555555555555
mem[X,0x0000000080036934] -> 0x9593
mem[X,0x0000000080036936] -> 0x00A5
[8874] [M]: 0x0000000080036934 (0x00A59593) slli a1, a1, 0xa
x11 <- 0x5555555555555400
mem[X,0x0000000080036938] -> 0x8593
mem[X,0x000000008003693A] -> 0x1555
[8875] [M]: 0x0000000080036938 (0x15558593) addi a1, a1, 0x155
x11 <- 0x5555555555555555
mem[X,0x000000008003693C] -> 0x0113
mem[X,0x000000008003693E] -> 0x0000
[8876] [M]: 0x000000008003693C (0x00000113) addi sp, zero, 0x0
x2 <- 0x0000000000000000
mem[X,0x0000000080036940] -> 0x006F
mem[X,0x0000000080036942] -> 0x00C0
[8877] [M]: 0x0000000080036940 (0x00C0006F) jal zero, 0xc
mem[X,0x000000008003694C] -> 0x1063
mem[X,0x000000008003694E] -> 0x10B5
[8878] [M]: 0x000000008003694C (0x10B51063) bne a0, a1, 0x100
mem[X,0x0000000080036A4C] -> 0x0113
mem[X,0x0000000080036A4E] -> 0x0031
[8879] [M]: 0x0000000080036A4C (0x00310113) addi sp, sp, 0x3
x2 <- 0x0000000000000003
mem[X,0x0000000080036A50] -> 0x006F
mem[X,0x0000000080036A52] -> 0x0040
[8880] [M]: 0x0000000080036A50 (0x0040006F) jal zero, 0x4
mem[X,0x0000000080036A54] -> 0xB823
mem[X,0x0000000080036A56] -> 0x0820
[8881] [M]: 0x0000000080036A54 (0x0820B823) sd sp, 0x90(ra)
mem[0x0000000080046268] <- 0x0000000000000003
mem[X,0x0000000080036A58] -> 0x0513
mem[X,0x0000000080036A5A] -> 0x0060
[8882] [M]: 0x0000000080036A58 (0x00600513) addi a0, zero, 0x6
x10 <- 0x0000000000000006
mem[X,0x0000000080036A5C] -> 0x0593
mem[X,0x0000000080036A5E] -> 0x0050
[8883] [M]: 0x0000000080036A5C (0x00500593) addi a1, zero, 0x5
x11 <- 0x0000000000000005
mem[X,0x0000000080036A60] -> 0x0113
mem[X,0x0000000080036A62] -> 0x0000
[8884] [M]: 0x0000000080036A60 (0x00000113) addi sp, zero, 0x0
x2 <- 0x0000000000000000
mem[X,0x0000000080036A64] -> 0x006F
mem[X,0x0000000080036A66] -> 0x00C0
[8885] [M]: 0x0000000080036A64 (0x00C0006F) jal zero, 0xc
mem[X,0x0000000080036A70] -> 0x1CE3
mem[X,0x0000000080036A72] -> 0xFEB5
[8886] [M]: 0x0000000080036A70 (0xFEB51CE3) bne a0, a1, -0x8
mem[X,0x0000000080036A68] -> 0x0113
mem[X,0x0000000080036A6A] -> 0x0011
[8887] [M]: 0x0000000080036A68 (0x00110113) addi sp, sp, 0x1
x2 <- 0x0000000000000001
mem[X,0x0000000080036A6C] -> 0x006F
mem[X,0x0000000080036A6E] -> 0x0180
[8888] [M]: 0x0000000080036A6C (0x0180006F) jal zero, 0x18
mem[X,0x0000000080036A84] -> 0xBC23
mem[X,0x0000000080036A86] -> 0x0820
[8889] [M]: 0x0000000080036A84 (0x0820BC23) sd sp, 0x98(ra)
mem[0x0000000080046270] <- 0x0000000000000001
mem[X,0x0000000080036A88] -> 0x0513
mem[X,0x0000000080036A8A] -> 0x0060
[8890] [M]: 0x0000000080036A88 (0x00600513) addi a0, zero, 0x6
x10 <- 0x0000000000000006
mem[X,0x0000000080036A8C] -> 0x35B7
mem[X,0x0000000080036A8E] -> 0x3333
[8891] [M]: 0x0000000080036A8C (0x333335B7) lui a1, 0x33333
x11 <- 0x0000000033333000
mem[X,0x0000000080036A90] -> 0x8593
mem[X,0x0000000080036A92] -> 0x3335
[8892] [M]: 0x0000000080036A90 (0x33358593) addi a1, a1, 0x333
x11 <- 0x0000000033333333
mem[X,0x0000000080036A94] -> 0x9593
mem[X,0x0000000080036A96] -> 0x00B5
[8893] [M]: 0x0000000080036A94 (0x00B59593) slli a1, a1, 0xb
x11 <- 0x0000019999999800
mem[X,0x0000000080036A98] -> 0x8593
mem[X,0x0000000080036A9A] -> 0x1995
[8894] [M]: 0x0000000080036A98 (0x19958593) addi a1, a1, 0x199
x11 <- 0x0000019999999999
mem[X,0x0000000080036A9C] -> 0x9593
mem[X,0x0000000080036A9E] -> 0x00B5
[8895] [M]: 0x0000000080036A9C (0x00B59593) slli a1, a1, 0xb
x11 <- 0x000CCCCCCCCCC800
mem[X,0x0000000080036AA0] -> 0x8593
mem[X,0x0000000080036AA2] -> 0x4CC5
[8896] [M]: 0x0000000080036AA0 (0x4CC58593) addi a1, a1, 0x4cc
x11 <- 0x000CCCCCCCCCCCCC
mem[X,0x0000000080036AA4] -> 0x9593
mem[X,0x0000000080036AA6] -> 0x00A5
[8897] [M]: 0x0000000080036AA4 (0x00A59593) slli a1, a1, 0xa
x11 <- 0x3333333333333000
mem[X,0x0000000080036AA8] -> 0x8593
mem[X,0x0000000080036AAA] -> 0x3335
[8898] [M]: 0x0000000080036AA8 (0x33358593) addi a1, a1, 0x333
x11 <- 0x3333333333333333
mem[X,0x0000000080036AAC] -> 0x0113
mem[X,0x0000000080036AAE] -> 0x0000
[8899] [M]: 0x0000000080036AAC (0x00000113) addi sp, zero, 0x0
x2 <- 0x0000000000000000
clint::tick mtime <- 0x0000000000000059
 clint timer pending at mtime 0x0000000000000059
htif::tick 0x0000000000000000
mem[X,0x0000000080036AB0] -> 0x006F
mem[X,0x0000000080036AB2] -> 0x00C0
[8900] [M]: 0x0000000080036AB0 (0x00C0006F) jal zero, 0xc
mem[X,0x0000000080036ABC] -> 0x1063
mem[X,0x0000000080036ABE] -> 0x04B5
[8901] [M]: 0x0000000080036ABC (0x04B51063) bne a0, a1, 0x40
mem[X,0x0000000080036AFC] -> 0x0113
mem[X,0x0000000080036AFE] -> 0x0031
[8902] [M]: 0x0000000080036AFC (0x00310113) addi sp, sp, 0x3
x2 <- 0x0000000000000003
mem[X,0x0000000080036B00] -> 0x006F
mem[X,0x0000000080036B02] -> 0x0040
[8903] [M]: 0x0000000080036B00 (0x0040006F) jal zero, 0x4
mem[X,0x0000000080036B04] -> 0xB023
mem[X,0x0000000080036B06] -> 0x0A20
[8904] [M]: 0x0000000080036B04 (0x0A20B023) sd sp, 0xa0(ra)
mem[0x0000000080046278] <- 0x0000000000000003
mem[X,0x0000000080036B08] -> 0x0513
mem[X,0x0000000080036B0A] -> 0x0060
[8905] [M]: 0x0000000080036B08 (0x00600513) addi a0, zero, 0x6
x10 <- 0x0000000000000006
mem[X,0x0000000080036B0C] -> 0x65B7
mem[X,0x0000000080036B0E] -> 0x6666
[8906] [M]: 0x0000000080036B0C (0x666665B7) lui a1, 0x66666
x11 <- 0x0000000066666000
mem[X,0x0000000080036B10] -> 0x8593
mem[X,0x0000000080036B12] -> 0x6665
[8907] [M]: 0x0000000080036B10 (0x66658593) addi a1, a1, 0x666
x11 <- 0x0000000066666666
mem[X,0x0000000080036B14] -> 0x9593
mem[X,0x0000000080036B16] -> 0x00B5
[8908] [M]: 0x0000000080036B14 (0x00B59593) slli a1, a1, 0xb
x11 <- 0x0000033333333000
mem[X,0x0000000080036B18] -> 0x8593
mem[X,0x0000000080036B1A] -> 0x3335
[8909] [M]: 0x0000000080036B18 (0x33358593) addi a1, a1, 0x333
x11 <- 0x0000033333333333
mem[X,0x0000000080036B1C] -> 0x9593
mem[X,0x0000000080036B1E] -> 0x00B5
[8910] [M]: 0x0000000080036B1C (0x00B59593) slli a1, a1, 0xb
x11 <- 0x0019999999999800
mem[X,0x0000000080036B20] -> 0x8593
mem[X,0x0000000080036B22] -> 0x1995
[8911] [M]: 0x0000000080036B20 (0x19958593) addi a1, a1, 0x199
x11 <- 0x0019999999999999
mem[X,0x0000000080036B24] -> 0x9593
mem[X,0x0000000080036B26] -> 0x00A5
[8912] [M]: 0x0000000080036B24 (0x00A59593) slli a1, a1, 0xa
x11 <- 0x6666666666666400
mem[X,0x0000000080036B28] -> 0x8593
mem[X,0x0000000080036B2A] -> 0x2665
[8913] [M]: 0x0000000080036B28 (0x26658593) addi a1, a1, 0x266
x11 <- 0x6666666666666666
mem[X,0x0000000080036B2C] -> 0x0113
mem[X,0x0000000080036B2E] -> 0x0000
[8914] [M]: 0x0000000080036B2C (0x00000113) addi sp, zero, 0x0
x2 <- 0x0000000000000000
mem[X,0x0000000080036B30] -> 0x006F
mem[X,0x0000000080036B32] -> 0x0100
[8915] [M]: 0x0000000080036B30 (0x0100006F) jal zero, 0x10
mem[X,0x0000000080036B40] -> 0x1AE3
mem[X,0x0000000080036B42] -> 0xFEB5
[8916] [M]: 0x0000000080036B40 (0xFEB51AE3) bne a0, a1, -0xc
mem[X,0x0000000080036B34] -> 0x0113
mem[X,0x0000000080036B36] -> 0x0011
[8917] [M]: 0x0000000080036B34 (0x00110113) addi sp, sp, 0x1
x2 <- 0x0000000000000001
mem[X,0x0000000080036B38] -> 0x006F
mem[X,0x0000000080036B3A] -> 0x01C0
[8918] [M]: 0x0000000080036B38 (0x01C0006F) jal zero, 0x1c
mem[X,0x0000000080036B54] -> 0xB423
mem[X,0x0000000080036B56] -> 0x0A20
[8919] [M]: 0x0000000080036B54 (0x0A20B423) sd sp, 0xa8(ra)
mem[0x0000000080046280] <- 0x0000000000000001
mem[X,0x0000000080036B58] -> 0x0513
mem[X,0x0000000080036B5A] -> 0x0060
[8920] [M]: 0x0000000080036B58 (0x00600513) addi a0, zero, 0x6
x10 <- 0x0000000000000006
mem[X,0x0000000080036B5C] -> 0x05B7
mem[X,0x0000000080036B5E] -> 0x0000
[8921] [M]: 0x0000000080036B5C (0x000005B7) lui a1, 0x0
x11 <- 0x0000000000000000
mem[X,0x0000000080036B60] -> 0x8593
mem[X,0x0000000080036B62] -> 0xFFF5
[8922] [M]: 0x0000000080036B60 (0xFFF58593) addi a1, a1, -0x1
x11 <- 0xFFFFFFFFFFFFFFFF
mem[X,0x0000000080036B64] -> 0x9593
mem[X,0x0000000080036B66] -> 0x00B5
[8923] [M]: 0x0000000080036B64 (0x00B59593) slli a1, a1, 0xb
x11 <- 0xFFFFFFFFFFFFF800
mem[X,0x0000000080036B68] -> 0x8593
mem[X,0x0000000080036B6A] -> 0x2575
[8924] [M]: 0x0000000080036B68 (0x25758593) addi a1, a1, 0x257
x11 <- 0xFFFFFFFFFFFFFA57
mem[X,0x0000000080036B6C] -> 0x9593
mem[X,0x0000000080036B6E] -> 0x00B5
[8925] [M]: 0x0000000080036B6C (0x00B59593) slli a1, a1, 0xb
x11 <- 0xFFFFFFFFFFD2B800
mem[X,0x0000000080036B70] -> 0x8593
mem[X,0x0000000080036B72] -> 0x6C35
[8926] [M]: 0x0000000080036B70 (0x6C358593) addi a1, a1, 0x6c3
x11 <- 0xFFFFFFFFFFD2BEC3
mem[X,0x0000000080036B74] -> 0x9593
mem[X,0x0000000080036B76] -> 0x00A5
[8927] [M]: 0x0000000080036B74 (0x00A59593) slli a1, a1, 0xa
x11 <- 0xFFFFFFFF4AFB0C00
mem[X,0x0000000080036B78] -> 0x8593
mem[X,0x0000000080036B7A] -> 0x0CD5
[8928] [M]: 0x0000000080036B78 (0x0CD58593) addi a1, a1, 0xcd
x11 <- 0xFFFFFFFF4AFB0CCD
mem[X,0x0000000080036B7C] -> 0x0113
mem[X,0x0000000080036B7E] -> 0x0000
[8929] [M]: 0x0000000080036B7C (0x00000113) addi sp, zero, 0x0
x2 <- 0x0000000000000000
mem[X,0x0000000080036B80] -> 0x006F
mem[X,0x0000000080036B82] -> 0x00C0
[8930] [M]: 0x0000000080036B80 (0x00C0006F) jal zero, 0xc
mem[X,0x0000000080036B8C] -> 0x1663
mem[X,0x0000000080036B8E] -> 0x00B5
[8931] [M]: 0x0000000080036B8C (0x00B51663) bne a0, a1, 0xc
mem[X,0x0000000080036B98] -> 0x0113
mem[X,0x0000000080036B9A] -> 0x0031
[8932] [M]: 0x0000000080036B98 (0x00310113) addi sp, sp, 0x3
x2 <- 0x0000000000000003
mem[X,0x0000000080036B9C] -> 0x006F
mem[X,0x0000000080036B9E] -> 0x0040
[8933] [M]: 0x0000000080036B9C (0x0040006F) jal zero, 0x4
mem[X,0x0000000080036BA0] -> 0xB823
mem[X,0x0000000080036BA2] -> 0x0A20
[8934] [M]: 0x0000000080036BA0 (0x0A20B823) sd sp, 0xb0(ra)
mem[0x0000000080046288] <- 0x0000000000000003
mem[X,0x0000000080036BA4] -> 0x0513
mem[X,0x0000000080036BA6] -> 0x0060
[8935] [M]: 0x0000000080036BA4 (0x00600513) addi a0, zero, 0x6
x10 <- 0x0000000000000006
mem[X,0x0000000080036BA8] -> 0x05B7
mem[X,0x0000000080036BAA] -> 0x0000
[8936] [M]: 0x0000000080036BA8 (0x000005B7) lui a1, 0x0
x11 <- 0x0000000000000000
mem[X,0x0000000080036BAC] -> 0x8593
mem[X,0x0000000080036BAE] -> 0x0005
[8937] [M]: 0x0000000080036BAC (0x00058593) addi a1, a1, 0x0
x11 <- 0x0000000000000000
mem[X,0x0000000080036BB0] -> 0x9593
mem[X,0x0000000080036BB2] -> 0x00B5
[8938] [M]: 0x0000000080036BB0 (0x00B59593) slli a1, a1, 0xb
x11 <- 0x0000000000000000
mem[X,0x0000000080036BB4] -> 0x8593
mem[X,0x0000000080036BB6] -> 0x5A85
[8939] [M]: 0x0000000080036BB4 (0x5A858593) addi a1, a1, 0x5a8
x11 <- 0x00000000000005A8
mem[X,0x0000000080036BB8] -> 0x9593
mem[X,0x0000000080036BBA] -> 0x00B5
[8940] [M]: 0x0000000080036BB8 (0x00B59593) slli a1, a1, 0xb
x11 <- 0x00000000002D4000
mem[X,0x0000000080036BBC] -> 0x8593
mem[X,0x0000000080036BBE] -> 0x13C5
[8941] [M]: 0x0000000080036BBC (0x13C58593) addi a1, a1, 0x13c
x11 <- 0x00000000002D413C
mem[X,0x0000000080036BC0] -> 0x9593
mem[X,0x0000000080036BC2] -> 0x00A5
[8942] [M]: 0x0000000080036BC0 (0x00A59593) slli a1, a1, 0xa
x11 <- 0x00000000B504F000
mem[X,0x0000000080036BC4] -> 0x8593
mem[X,0x0000000080036BC6] -> 0x3335
[8943] [M]: 0x0000000080036BC4 (0x33358593) addi a1, a1, 0x333
x11 <- 0x00000000B504F333
mem[X,0x0000000080036BC8] -> 0x0113
mem[X,0x0000000080036BCA] -> 0x0000
[8944] [M]: 0x0000000080036BC8 (0x00000113) addi sp, zero, 0x0
x2 <- 0x0000000000000000
mem[X,0x0000000080036BCC] -> 0x006F
mem[X,0x0000000080036BCE] -> 0x00C0
[8945] [M]: 0x0000000080036BCC (0x00C0006F) jal zero, 0xc
mem[X,0x0000000080036BD8] -> 0x1063
mem[X,0x0000000080036BDA] -> 0x10B5
[8946] [M]: 0x0000000080036BD8 (0x10B51063) bne a0, a1, 0x100
mem[X,0x0000000080036CD8] -> 0x0113
mem[X,0x0000000080036CDA] -> 0x0031
[8947] [M]: 0x0000000080036CD8 (0x00310113) addi sp, sp, 0x3
x2 <- 0x0000000000000003
mem[X,0x0000000080036CDC] -> 0x006F
mem[X,0x0000000080036CDE] -> 0x0040
[8948] [M]: 0x0000000080036CDC (0x0040006F) jal zero, 0x4
mem[X,0x0000000080036CE0] -> 0xBC23
mem[X,0x0000000080036CE2] -> 0x0A20
[8949] [M]: 0x0000000080036CE0 (0x0A20BC23) sd sp, 0xb8(ra)
mem[0x0000000080046290] <- 0x0000000000000003
mem[X,0x0000000080036CE4] -> 0x0513
mem[X,0x0000000080036CE6] -> 0x0060
[8950] [M]: 0x0000000080036CE4 (0x00600513) addi a0, zero, 0x6
x10 <- 0x0000000000000006
mem[X,0x0000000080036CE8] -> 0x0593
mem[X,0x0000000080036CEA] -> 0x0020
[8951] [M]: 0x0000000080036CE8 (0x00200593) addi a1, zero, 0x2
x11 <- 0x0000000000000002
mem[X,0x0000000080036CEC] -> 0x0113
mem[X,0x0000000080036CEE] -> 0x0000
[8952] [M]: 0x0000000080036CEC (0x00000113) addi sp, zero, 0x0
x2 <- 0x0000000000000000
mem[X,0x0000000080036CF0] -> 0x006F
mem[X,0x0000000080036CF2] -> 0x00C0
[8953] [M]: 0x0000000080036CF0 (0x00C0006F) jal zero, 0xc
mem[X,0x0000000080036CFC] -> 0x1063
mem[X,0x0000000080036CFE] -> 0x10B5
[8954] [M]: 0x0000000080036CFC (0x10B51063) bne a0, a1, 0x100
mem[X,0x0000000080036DFC] -> 0x0113
mem[X,0x0000000080036DFE] -> 0x0031
[8955] [M]: 0x0000000080036DFC (0x00310113) addi sp, sp, 0x3
x2 <- 0x0000000000000003
mem[X,0x0000000080036E00] -> 0x006F
mem[X,0x0000000080036E02] -> 0x0040
[8956] [M]: 0x0000000080036E00 (0x0040006F) jal zero, 0x4
mem[X,0x0000000080036E04] -> 0xB023
mem[X,0x0000000080036E06] -> 0x0C20
[8957] [M]: 0x0000000080036E04 (0x0C20B023) sd sp, 0xc0(ra)
mem[0x0000000080046298] <- 0x0000000000000003
mem[X,0x0000000080036E08] -> 0x0513
mem[X,0x0000000080036E0A] -> 0x0060
[8958] [M]: 0x0000000080036E08 (0x00600513) addi a0, zero, 0x6
x10 <- 0x0000000000000006
mem[X,0x0000000080036E0C] -> 0x55B7
mem[X,0x0000000080036E0E] -> 0x5555
[8959] [M]: 0x0000000080036E0C (0x555555B7) lui a1, 0x55555
x11 <- 0x0000000055555000
mem[X,0x0000000080036E10] -> 0x8593
mem[X,0x0000000080036E12] -> 0x5555
[8960] [M]: 0x0000000080036E10 (0x55558593) addi a1, a1, 0x555
x11 <- 0x0000000055555555
mem[X,0x0000000080036E14] -> 0x9593
mem[X,0x0000000080036E16] -> 0x00B5
[8961] [M]: 0x0000000080036E14 (0x00B59593) slli a1, a1, 0xb
x11 <- 0x000002AAAAAAA800
mem[X,0x0000000080036E18] -> 0x8593
mem[X,0x0000000080036E1A] -> 0x2AA5
[8962] [M]: 0x0000000080036E18 (0x2AA58593) addi a1, a1, 0x2aa
x11 <- 0x000002AAAAAAAAAA
mem[X,0x0000000080036E1C] -> 0x9593
mem[X,0x0000000080036E1E] -> 0x00B5
[8963] [M]: 0x0000000080036E1C (0x00B59593) slli a1, a1, 0xb
x11 <- 0x0015555555555000
mem[X,0x0000000080036E20] -> 0x8593
mem[X,0x0000000080036E22] -> 0x5555
[8964] [M]: 0x0000000080036E20 (0x55558593) addi a1, a1, 0x555
x11 <- 0x0015555555555555
mem[X,0x0000000080036E24] -> 0x9593
mem[X,0x0000000080036E26] -> 0x00A5
[8965] [M]: 0x0000000080036E24 (0x00A59593) slli a1, a1, 0xa
x11 <- 0x5555555555555400
mem[X,0x0000000080036E28] -> 0x8593
mem[X,0x0000000080036E2A] -> 0x1545
[8966] [M]: 0x0000000080036E28 (0x15458593) addi a1, a1, 0x154
x11 <- 0x5555555555555554
mem[X,0x0000000080036E2C] -> 0x0113
mem[X,0x0000000080036E2E] -> 0x0000
[8967] [M]: 0x0000000080036E2C (0x00000113) addi sp, zero, 0x0
x2 <- 0x0000000000000000
mem[X,0x0000000080036E30] -> 0x006F
mem[X,0x0000000080036E32] -> 0x00C0
[8968] [M]: 0x0000000080036E30 (0x00C0006F) jal zero, 0xc
mem[X,0x0000000080036E3C] -> 0x1063
mem[X,0x0000000080036E3E] -> 0x20B5
[8969] [M]: 0x0000000080036E3C (0x20B51063) bne a0, a1, 0x200
mem[X,0x000000008003703C] -> 0x0113
mem[X,0x000000008003703E] -> 0x0031
[8970] [M]: 0x000000008003703C (0x00310113) addi sp, sp, 0x3
x2 <- 0x0000000000000003
mem[X,0x0000000080037040] -> 0x006F
mem[X,0x0000000080037042] -> 0x0040
[8971] [M]: 0x0000000080037040 (0x0040006F) jal zero, 0x4
mem[X,0x0000000080037044] -> 0xB423
mem[X,0x0000000080037046] -> 0x0C20
[8972] [M]: 0x0000000080037044 (0x0C20B423) sd sp, 0xc8(ra)
mem[0x00000000800462A0] <- 0x0000000000000003
mem[X,0x0000000080037048] -> 0x0513
mem[X,0x000000008003704A] -> 0x0060
[8973] [M]: 0x0000000080037048 (0x00600513) addi a0, zero, 0x6
x10 <- 0x0000000000000006
mem[X,0x000000008003704C] -> 0x0593
mem[X,0x000000008003704E] -> 0x0000
[8974] [M]: 0x000000008003704C (0x00000593) addi a1, zero, 0x0
x11 <- 0x0000000000000000
mem[X,0x0000000080037050] -> 0x0113
mem[X,0x0000000080037052] -> 0x0000
[8975] [M]: 0x0000000080037050 (0x00000113) addi sp, zero, 0x0
x2 <- 0x0000000000000000
mem[X,0x0000000080037054] -> 0x006F
mem[X,0x0000000080037056] -> 0x00C0
[8976] [M]: 0x0000000080037054 (0x00C0006F) jal zero, 0xc
mem[X,0x0000000080037060] -> 0x1663
mem[X,0x0000000080037062] -> 0x00B5
[8977] [M]: 0x0000000080037060 (0x00B51663) bne a0, a1, 0xc
mem[X,0x000000008003706C] -> 0x0113
mem[X,0x000000008003706E] -> 0x0031
[8978] [M]: 0x000000008003706C (0x00310113) addi sp, sp, 0x3
x2 <- 0x0000000000000003
mem[X,0x0000000080037070] -> 0x006F
mem[X,0x0000000080037072] -> 0x0040
[8979] [M]: 0x0000000080037070 (0x0040006F) jal zero, 0x4
mem[X,0x0000000080037074] -> 0xB823
mem[X,0x0000000080037076] -> 0x0C20
[8980] [M]: 0x0000000080037074 (0x0C20B823) sd sp, 0xd0(ra)
mem[0x00000000800462A8] <- 0x0000000000000003
mem[X,0x0000000080037078] -> 0x0513
mem[X,0x000000008003707A] -> 0x0060
[8981] [M]: 0x0000000080037078 (0x00600513) addi a0, zero, 0x6
x10 <- 0x0000000000000006
mem[X,0x000000008003707C] -> 0x0593
mem[X,0x000000008003707E] -> 0x0040
[8982] [M]: 0x000000008003707C (0x00400593) addi a1, zero, 0x4
x11 <- 0x0000000000000004
mem[X,0x0000000080037080] -> 0x0113
mem[X,0x0000000080037082] -> 0x0000
[8983] [M]: 0x0000000080037080 (0x00000113) addi sp, zero, 0x0
x2 <- 0x0000000000000000
mem[X,0x0000000080037084] -> 0x006F
mem[X,0x0000000080037086] -> 0x00C0
[8984] [M]: 0x0000000080037084 (0x00C0006F) jal zero, 0xc
mem[X,0x0000000080037090] -> 0x1063
mem[X,0x0000000080037092] -> 0x40B5
[8985] [M]: 0x0000000080037090 (0x40B51063) bne a0, a1, 0x400
mem[X,0x0000000080037490] -> 0x0113
mem[X,0x0000000080037492] -> 0x0031
[8986] [M]: 0x0000000080037490 (0x00310113) addi sp, sp, 0x3
x2 <- 0x0000000000000003
mem[X,0x0000000080037494] -> 0x006F
mem[X,0x0000000080037496] -> 0x0040
[8987] [M]: 0x0000000080037494 (0x0040006F) jal zero, 0x4
mem[X,0x0000000080037498] -> 0xBC23
mem[X,0x000000008003749A] -> 0x0C20
[8988] [M]: 0x0000000080037498 (0x0C20BC23) sd sp, 0xd8(ra)
mem[0x00000000800462B0] <- 0x0000000000000003
mem[X,0x000000008003749C] -> 0x0513
mem[X,0x000000008003749E] -> 0x0060
[8989] [M]: 0x000000008003749C (0x00600513) addi a0, zero, 0x6
x10 <- 0x0000000000000006
mem[X,0x00000000800374A0] -> 0x35B7
mem[X,0x00000000800374A2] -> 0x3333
[8990] [M]: 0x00000000800374A0 (0x333335B7) lui a1, 0x33333
x11 <- 0x0000000033333000
mem[X,0x00000000800374A4] -> 0x8593
mem[X,0x00000000800374A6] -> 0x3335
[8991] [M]: 0x00000000800374A4 (0x33358593) addi a1, a1, 0x333
x11 <- 0x0000000033333333
mem[X,0x00000000800374A8] -> 0x9593
mem[X,0x00000000800374AA] -> 0x00B5
[8992] [M]: 0x00000000800374A8 (0x00B59593) slli a1, a1, 0xb
x11 <- 0x0000019999999800
mem[X,0x00000000800374AC] -> 0x8593
mem[X,0x00000000800374AE] -> 0x1995
[8993] [M]: 0x00000000800374AC (0x19958593) addi a1, a1, 0x199
x11 <- 0x0000019999999999
mem[X,0x00000000800374B0] -> 0x9593
mem[X,0x00000000800374B2] -> 0x00B5
[8994] [M]: 0x00000000800374B0 (0x00B59593) slli a1, a1, 0xb
x11 <- 0x000CCCCCCCCCC800
mem[X,0x00000000800374B4] -> 0x8593
mem[X,0x00000000800374B6] -> 0x4CC5
[8995] [M]: 0x00000000800374B4 (0x4CC58593) addi a1, a1, 0x4cc
x11 <- 0x000CCCCCCCCCCCCC
mem[X,0x00000000800374B8] -> 0x9593
mem[X,0x00000000800374BA] -> 0x00A5
[8996] [M]: 0x00000000800374B8 (0x00A59593) slli a1, a1, 0xa
x11 <- 0x3333333333333000
mem[X,0x00000000800374BC] -> 0x8593
mem[X,0x00000000800374BE] -> 0x3325
[8997] [M]: 0x00000000800374BC (0x33258593) addi a1, a1, 0x332
x11 <- 0x3333333333333332
mem[X,0x00000000800374C0] -> 0x0113
mem[X,0x00000000800374C2] -> 0x0000
[8998] [M]: 0x00000000800374C0 (0x00000113) addi sp, zero, 0x0
x2 <- 0x0000000000000000
mem[X,0x00000000800374C4] -> 0x006F
mem[X,0x00000000800374C6] -> 0x00C0
[8999] [M]: 0x00000000800374C4 (0x00C0006F) jal zero, 0xc
clint::tick mtime <- 0x000000000000005A
 clint timer pending at mtime 0x000000000000005A
htif::tick 0x0000000000000000
mem[X,0x00000000800374D0] -> 0x1663
mem[X,0x00000000800374D2] -> 0x00B5
[9000] [M]: 0x00000000800374D0 (0x00B51663) bne a0, a1, 0xc
mem[X,0x00000000800374DC] -> 0x0113
mem[X,0x00000000800374DE] -> 0x0031
[9001] [M]: 0x00000000800374DC (0x00310113) addi sp, sp, 0x3
x2 <- 0x0000000000000003
mem[X,0x00000000800374E0] -> 0x006F
mem[X,0x00000000800374E2] -> 0x0040
[9002] [M]: 0x00000000800374E0 (0x0040006F) jal zero, 0x4
mem[X,0x00000000800374E4] -> 0xB023
mem[X,0x00000000800374E6] -> 0x0E20
[9003] [M]: 0x00000000800374E4 (0x0E20B023) sd sp, 0xe0(ra)
mem[0x00000000800462B8] <- 0x0000000000000003
mem[X,0x00000000800374E8] -> 0x0513
mem[X,0x00000000800374EA] -> 0x0060
[9004] [M]: 0x00000000800374E8 (0x00600513) addi a0, zero, 0x6
x10 <- 0x0000000000000006
mem[X,0x00000000800374EC] -> 0x65B7
mem[X,0x00000000800374EE] -> 0x6666
[9005] [M]: 0x00000000800374EC (0x666665B7) lui a1, 0x66666
x11 <- 0x0000000066666000
mem[X,0x00000000800374F0] -> 0x8593
mem[X,0x00000000800374F2] -> 0x6665
[9006] [M]: 0x00000000800374F0 (0x66658593) addi a1, a1, 0x666
x11 <- 0x0000000066666666
mem[X,0x00000000800374F4] -> 0x9593
mem[X,0x00000000800374F6] -> 0x00B5
[9007] [M]: 0x00000000800374F4 (0x00B59593) slli a1, a1, 0xb
x11 <- 0x0000033333333000
mem[X,0x00000000800374F8] -> 0x8593
mem[X,0x00000000800374FA] -> 0x3335
[9008] [M]: 0x00000000800374F8 (0x33358593) addi a1, a1, 0x333
x11 <- 0x0000033333333333
mem[X,0x00000000800374FC] -> 0x9593
mem[X,0x00000000800374FE] -> 0x00B5
[9009] [M]: 0x00000000800374FC (0x00B59593) slli a1, a1, 0xb
x11 <- 0x0019999999999800
mem[X,0x0000000080037500] -> 0x8593
mem[X,0x0000000080037502] -> 0x1995
[9010] [M]: 0x0000000080037500 (0x19958593) addi a1, a1, 0x199
x11 <- 0x0019999999999999
mem[X,0x0000000080037504] -> 0x9593
mem[X,0x0000000080037506] -> 0x00A5
[9011] [M]: 0x0000000080037504 (0x00A59593) slli a1, a1, 0xa
x11 <- 0x6666666666666400
mem[X,0x0000000080037508] -> 0x8593
mem[X,0x000000008003750A] -> 0x2655
[9012] [M]: 0x0000000080037508 (0x26558593) addi a1, a1, 0x265
x11 <- 0x6666666666666665
mem[X,0x000000008003750C] -> 0x0113
mem[X,0x000000008003750E] -> 0x0000
[9013] [M]: 0x000000008003750C (0x00000113) addi sp, zero, 0x0
x2 <- 0x0000000000000000
mem[X,0x0000000080037510] -> 0x006F
mem[X,0x0000000080037512] -> 0x00C0
[9014] [M]: 0x0000000080037510 (0x00C0006F) jal zero, 0xc
mem[X,0x000000008003751C] -> 0x1CE3
mem[X,0x000000008003751E] -> 0xFEB5
[9015] [M]: 0x000000008003751C (0xFEB51CE3) bne a0, a1, -0x8
mem[X,0x0000000080037514] -> 0x0113
mem[X,0x0000000080037516] -> 0x0011
[9016] [M]: 0x0000000080037514 (0x00110113) addi sp, sp, 0x1
x2 <- 0x0000000000000001
mem[X,0x0000000080037518] -> 0x006F
mem[X,0x000000008003751A] -> 0x0180
[9017] [M]: 0x0000000080037518 (0x0180006F) jal zero, 0x18
mem[X,0x0000000080037530] -> 0xB423
mem[X,0x0000000080037532] -> 0x0E20
[9018] [M]: 0x0000000080037530 (0x0E20B423) sd sp, 0xe8(ra)
mem[0x00000000800462C0] <- 0x0000000000000001
mem[X,0x0000000080037534] -> 0x0513
mem[X,0x0000000080037536] -> 0x0060
[9019] [M]: 0x0000000080037534 (0x00600513) addi a0, zero, 0x6
x10 <- 0x0000000000000006
mem[X,0x0000000080037538] -> 0x05B7
mem[X,0x000000008003753A] -> 0x0000
[9020] [M]: 0x0000000080037538 (0x000005B7) lui a1, 0x0
x11 <- 0x0000000000000000
mem[X,0x000000008003753C] -> 0x8593
mem[X,0x000000008003753E] -> 0x0005
[9021] [M]: 0x000000008003753C (0x00058593) addi a1, a1, 0x0
x11 <- 0x0000000000000000
mem[X,0x0000000080037540] -> 0x9593
mem[X,0x0000000080037542] -> 0x00B5
[9022] [M]: 0x0000000080037540 (0x00B59593) slli a1, a1, 0xb
x11 <- 0x0000000000000000
mem[X,0x0000000080037544] -> 0x8593
mem[X,0x0000000080037546] -> 0x5A85
[9023] [M]: 0x0000000080037544 (0x5A858593) addi a1, a1, 0x5a8
x11 <- 0x00000000000005A8
mem[X,0x0000000080037548] -> 0x9593
mem[X,0x000000008003754A] -> 0x00B5
[9024] [M]: 0x0000000080037548 (0x00B59593) slli a1, a1, 0xb
x11 <- 0x00000000002D4000
mem[X,0x000000008003754C] -> 0x8593
mem[X,0x000000008003754E] -> 0x13C5
[9025] [M]: 0x000000008003754C (0x13C58593) addi a1, a1, 0x13c
x11 <- 0x00000000002D413C
mem[X,0x0000000080037550] -> 0x9593
mem[X,0x0000000080037552] -> 0x00A5
[9026] [M]: 0x0000000080037550 (0x00A59593) slli a1, a1, 0xa
x11 <- 0x00000000B504F000
mem[X,0x0000000080037554] -> 0x8593
mem[X,0x0000000080037556] -> 0x3325
[9027] [M]: 0x0000000080037554 (0x33258593) addi a1, a1, 0x332
x11 <- 0x00000000B504F332
mem[X,0x0000000080037558] -> 0x0113
mem[X,0x000000008003755A] -> 0x0000
[9028] [M]: 0x0000000080037558 (0x00000113) addi sp, zero, 0x0
x2 <- 0x0000000000000000
mem[X,0x000000008003755C] -> 0x006F
mem[X,0x000000008003755E] -> 0x00C0
[9029] [M]: 0x000000008003755C (0x00C0006F) jal zero, 0xc
mem[X,0x0000000080037568] -> 0x1663
mem[X,0x000000008003756A] -> 0x00B5
[9030] [M]: 0x0000000080037568 (0x00B51663) bne a0, a1, 0xc
mem[X,0x0000000080037574] -> 0x0113
mem[X,0x0000000080037576] -> 0x0031
[9031] [M]: 0x0000000080037574 (0x00310113) addi sp, sp, 0x3
x2 <- 0x0000000000000003
mem[X,0x0000000080037578] -> 0x006F
mem[X,0x000000008003757A] -> 0x0040
[9032] [M]: 0x0000000080037578 (0x0040006F) jal zero, 0x4
mem[X,0x000000008003757C] -> 0xB823
mem[X,0x000000008003757E] -> 0x0E20
[9033] [M]: 0x000000008003757C (0x0E20B823) sd sp, 0xf0(ra)
mem[0x00000000800462C8] <- 0x0000000000000003
mem[X,0x0000000080037580] -> 0x0513
mem[X,0x0000000080037582] -> 0x0060
[9034] [M]: 0x0000000080037580 (0x00600513) addi a0, zero, 0x6
x10 <- 0x0000000000000006
mem[X,0x0000000080037584] -> 0x55B7
mem[X,0x0000000080037586] -> 0x5555
[9035] [M]: 0x0000000080037584 (0x555555B7) lui a1, 0x55555
x11 <- 0x0000000055555000
mem[X,0x0000000080037588] -> 0x8593
mem[X,0x000000008003758A] -> 0x5555
[9036] [M]: 0x0000000080037588 (0x55558593) addi a1, a1, 0x555
x11 <- 0x0000000055555555
mem[X,0x000000008003758C] -> 0x9593
mem[X,0x000000008003758E] -> 0x00B5
[9037] [M]: 0x000000008003758C (0x00B59593) slli a1, a1, 0xb
x11 <- 0x000002AAAAAAA800
mem[X,0x0000000080037590] -> 0x8593
mem[X,0x0000000080037592] -> 0x2AA5
[9038] [M]: 0x0000000080037590 (0x2AA58593) addi a1, a1, 0x2aa
x11 <- 0x000002AAAAAAAAAA
mem[X,0x0000000080037594] -> 0x9593
mem[X,0x0000000080037596] -> 0x00B5
[9039] [M]: 0x0000000080037594 (0x00B59593) slli a1, a1, 0xb
x11 <- 0x0015555555555000
mem[X,0x0000000080037598] -> 0x8593
mem[X,0x000000008003759A] -> 0x5555
[9040] [M]: 0x0000000080037598 (0x55558593) addi a1, a1, 0x555
x11 <- 0x0015555555555555
mem[X,0x000000008003759C] -> 0x9593
mem[X,0x000000008003759E] -> 0x00A5
[9041] [M]: 0x000000008003759C (0x00A59593) slli a1, a1, 0xa
x11 <- 0x5555555555555400
mem[X,0x00000000800375A0] -> 0x8593
mem[X,0x00000000800375A2] -> 0x1565
[9042] [M]: 0x00000000800375A0 (0x15658593) addi a1, a1, 0x156
x11 <- 0x5555555555555556
mem[X,0x00000000800375A4] -> 0x0113
mem[X,0x00000000800375A6] -> 0x0000
[9043] [M]: 0x00000000800375A4 (0x00000113) addi sp, zero, 0x0
x2 <- 0x0000000000000000
mem[X,0x00000000800375A8] -> 0x006F
mem[X,0x00000000800375AA] -> 0x0140
[9044] [M]: 0x00000000800375A8 (0x0140006F) jal zero, 0x14
mem[X,0x00000000800375BC] -> 0x18E3
mem[X,0x00000000800375BE] -> 0xFEB5
[9045] [M]: 0x00000000800375BC (0xFEB518E3) bne a0, a1, -0x10
mem[X,0x00000000800375AC] -> 0x0113
mem[X,0x00000000800375AE] -> 0x0011
[9046] [M]: 0x00000000800375AC (0x00110113) addi sp, sp, 0x1
x2 <- 0x0000000000000001
mem[X,0x00000000800375B0] -> 0x006F
mem[X,0x00000000800375B2] -> 0x0200
[9047] [M]: 0x00000000800375B0 (0x0200006F) jal zero, 0x20
mem[X,0x00000000800375D0] -> 0xBC23
mem[X,0x00000000800375D2] -> 0x0E20
[9048] [M]: 0x00000000800375D0 (0x0E20BC23) sd sp, 0xf8(ra)
mem[0x00000000800462D0] <- 0x0000000000000001
mem[X,0x00000000800375D4] -> 0x0513
mem[X,0x00000000800375D6] -> 0x0060
[9049] [M]: 0x00000000800375D4 (0x00600513) addi a0, zero, 0x6
x10 <- 0x0000000000000006
mem[X,0x00000000800375D8] -> 0xB5B7
mem[X,0x00000000800375DA] -> 0xAAAA
[9050] [M]: 0x00000000800375D8 (0xAAAAB5B7) lui a1, -0x55555
x11 <- 0xFFFFFFFFAAAAB000
mem[X,0x00000000800375DC] -> 0x8593
mem[X,0x00000000800375DE] -> 0xAAA5
[9051] [M]: 0x00000000800375DC (0xAAA58593) addi a1, a1, -0x556
x11 <- 0xFFFFFFFFAAAAAAAA
mem[X,0x00000000800375E0] -> 0x9593
mem[X,0x00000000800375E2] -> 0x00B5
[9052] [M]: 0x00000000800375E0 (0x00B59593) slli a1, a1, 0xb
x11 <- 0xFFFFFD5555555000
mem[X,0x00000000800375E4] -> 0x8593
mem[X,0x00000000800375E6] -> 0x5555
[9053] [M]: 0x00000000800375E4 (0x55558593) addi a1, a1, 0x555
x11 <- 0xFFFFFD5555555555
mem[X,0x00000000800375E8] -> 0x9593
mem[X,0x00000000800375EA] -> 0x00B5
[9054] [M]: 0x00000000800375E8 (0x00B59593) slli a1, a1, 0xb
x11 <- 0xFFEAAAAAAAAAA800
mem[X,0x00000000800375EC] -> 0x8593
mem[X,0x00000000800375EE] -> 0x2AA5
[9055] [M]: 0x00000000800375EC (0x2AA58593) addi a1, a1, 0x2aa
x11 <- 0xFFEAAAAAAAAAAAAA
mem[X,0x00000000800375F0] -> 0x9593
mem[X,0x00000000800375F2] -> 0x00A5
[9056] [M]: 0x00000000800375F0 (0x00A59593) slli a1, a1, 0xa
x11 <- 0xAAAAAAAAAAAAA800
mem[X,0x00000000800375F4] -> 0x8593
mem[X,0x00000000800375F6] -> 0x2AB5
[9057] [M]: 0x00000000800375F4 (0x2AB58593) addi a1, a1, 0x2ab
x11 <- 0xAAAAAAAAAAAAAAAB
mem[X,0x00000000800375F8] -> 0x0113
mem[X,0x00000000800375FA] -> 0x0000
[9058] [M]: 0x00000000800375F8 (0x00000113) addi sp, zero, 0x0
x2 <- 0x0000000000000000
mem[X,0x00000000800375FC] -> 0x006F
mem[X,0x00000000800375FE] -> 0x00C0
[9059] [M]: 0x00000000800375FC (0x00C0006F) jal zero, 0xc
mem[X,0x0000000080037608] -> 0x1663
mem[X,0x000000008003760A] -> 0x00B5
[9060] [M]: 0x0000000080037608 (0x00B51663) bne a0, a1, 0xc
mem[X,0x0000000080037614] -> 0x0113
mem[X,0x0000000080037616] -> 0x0031
[9061] [M]: 0x0000000080037614 (0x00310113) addi sp, sp, 0x3
x2 <- 0x0000000000000003
mem[X,0x0000000080037618] -> 0x006F
mem[X,0x000000008003761A] -> 0x0040
[9062] [M]: 0x0000000080037618 (0x0040006F) jal zero, 0x4
mem[X,0x000000008003761C] -> 0xB023
mem[X,0x000000008003761E] -> 0x1020
[9063] [M]: 0x000000008003761C (0x1020B023) sd sp, 0x100(ra)
mem[0x00000000800462D8] <- 0x0000000000000003
mem[X,0x0000000080037620] -> 0x0513
mem[X,0x0000000080037622] -> 0x0060
[9064] [M]: 0x0000000080037620 (0x00600513) addi a0, zero, 0x6
x10 <- 0x0000000000000006
mem[X,0x0000000080037624] -> 0x0593
mem[X,0x0000000080037626] -> 0x0060
[9065] [M]: 0x0000000080037624 (0x00600593) addi a1, zero, 0x6
x11 <- 0x0000000000000006
mem[X,0x0000000080037628] -> 0x0113
mem[X,0x000000008003762A] -> 0x0000
[9066] [M]: 0x0000000080037628 (0x00000113) addi sp, zero, 0x0
x2 <- 0x0000000000000000
mem[X,0x000000008003762C] -> 0x006F
mem[X,0x000000008003762E] -> 0x00C0
[9067] [M]: 0x000000008003762C (0x00C0006F) jal zero, 0xc
mem[X,0x0000000080037638] -> 0x1063
mem[X,0x000000008003763A] -> 0x08B5
[9068] [M]: 0x0000000080037638 (0x08B51063) bne a0, a1, 0x80
mem[X,0x000000008003763C] -> 0x0113
mem[X,0x000000008003763E] -> 0x0021
[9069] [M]: 0x000000008003763C (0x00210113) addi sp, sp, 0x2
x2 <- 0x0000000000000002
mem[X,0x0000000080037640] -> 0x006F
mem[X,0x0000000080037642] -> 0x0800
[9070] [M]: 0x0000000080037640 (0x0800006F) jal zero, 0x80
mem[X,0x00000000800376C0] -> 0xB423
mem[X,0x00000000800376C2] -> 0x1020
[9071] [M]: 0x00000000800376C0 (0x1020B423) sd sp, 0x108(ra)
mem[0x00000000800462E0] <- 0x0000000000000002
mem[X,0x00000000800376C4] -> 0x0513
mem[X,0x00000000800376C6] -> 0x0060
[9072] [M]: 0x00000000800376C4 (0x00600513) addi a0, zero, 0x6
x10 <- 0x0000000000000006
mem[X,0x00000000800376C8] -> 0x35B7
mem[X,0x00000000800376CA] -> 0x3333
[9073] [M]: 0x00000000800376C8 (0x333335B7) lui a1, 0x33333
x11 <- 0x0000000033333000
mem[X,0x00000000800376CC] -> 0x8593
mem[X,0x00000000800376CE] -> 0x3335
[9074] [M]: 0x00000000800376CC (0x33358593) addi a1, a1, 0x333
x11 <- 0x0000000033333333
mem[X,0x00000000800376D0] -> 0x9593
mem[X,0x00000000800376D2] -> 0x00B5
[9075] [M]: 0x00000000800376D0 (0x00B59593) slli a1, a1, 0xb
x11 <- 0x0000019999999800
mem[X,0x00000000800376D4] -> 0x8593
mem[X,0x00000000800376D6] -> 0x1995
[9076] [M]: 0x00000000800376D4 (0x19958593) addi a1, a1, 0x199
x11 <- 0x0000019999999999
mem[X,0x00000000800376D8] -> 0x9593
mem[X,0x00000000800376DA] -> 0x00B5
[9077] [M]: 0x00000000800376D8 (0x00B59593) slli a1, a1, 0xb
x11 <- 0x000CCCCCCCCCC800
mem[X,0x00000000800376DC] -> 0x8593
mem[X,0x00000000800376DE] -> 0x4CC5
[9078] [M]: 0x00000000800376DC (0x4CC58593) addi a1, a1, 0x4cc
x11 <- 0x000CCCCCCCCCCCCC
mem[X,0x00000000800376E0] -> 0x9593
mem[X,0x00000000800376E2] -> 0x00A5
[9079] [M]: 0x00000000800376E0 (0x00A59593) slli a1, a1, 0xa
x11 <- 0x3333333333333000
mem[X,0x00000000800376E4] -> 0x8593
mem[X,0x00000000800376E6] -> 0x3345
[9080] [M]: 0x00000000800376E4 (0x33458593) addi a1, a1, 0x334
x11 <- 0x3333333333333334
mem[X,0x00000000800376E8] -> 0x0113
mem[X,0x00000000800376EA] -> 0x0000
[9081] [M]: 0x00000000800376E8 (0x00000113) addi sp, zero, 0x0
x2 <- 0x0000000000000000
mem[X,0x00000000800376EC] -> 0x006F
mem[X,0x00000000800376EE] -> 0x00C0
[9082] [M]: 0x00000000800376EC (0x00C0006F) jal zero, 0xc
mem[X,0x00000000800376F8] -> 0x1663
mem[X,0x00000000800376FA] -> 0x00B5
[9083] [M]: 0x00000000800376F8 (0x00B51663) bne a0, a1, 0xc
mem[X,0x0000000080037704] -> 0x0113
mem[X,0x0000000080037706] -> 0x0031
[9084] [M]: 0x0000000080037704 (0x00310113) addi sp, sp, 0x3
x2 <- 0x0000000000000003
mem[X,0x0000000080037708] -> 0x006F
mem[X,0x000000008003770A] -> 0x0040
[9085] [M]: 0x0000000080037708 (0x0040006F) jal zero, 0x4
mem[X,0x000000008003770C] -> 0xB823
mem[X,0x000000008003770E] -> 0x1020
[9086] [M]: 0x000000008003770C (0x1020B823) sd sp, 0x110(ra)
mem[0x00000000800462E8] <- 0x0000000000000003
mem[X,0x0000000080037710] -> 0x0513
mem[X,0x0000000080037712] -> 0x0060
[9087] [M]: 0x0000000080037710 (0x00600513) addi a0, zero, 0x6
x10 <- 0x0000000000000006
mem[X,0x0000000080037714] -> 0x65B7
mem[X,0x0000000080037716] -> 0x6666
[9088] [M]: 0x0000000080037714 (0x666665B7) lui a1, 0x66666
x11 <- 0x0000000066666000
mem[X,0x0000000080037718] -> 0x8593
mem[X,0x000000008003771A] -> 0x6665
[9089] [M]: 0x0000000080037718 (0x66658593) addi a1, a1, 0x666
x11 <- 0x0000000066666666
mem[X,0x000000008003771C] -> 0x9593
mem[X,0x000000008003771E] -> 0x00B5
[9090] [M]: 0x000000008003771C (0x00B59593) slli a1, a1, 0xb
x11 <- 0x0000033333333000
mem[X,0x0000000080037720] -> 0x8593
mem[X,0x0000000080037722] -> 0x3335
[9091] [M]: 0x0000000080037720 (0x33358593) addi a1, a1, 0x333
x11 <- 0x0000033333333333
mem[X,0x0000000080037724] -> 0x9593
mem[X,0x0000000080037726] -> 0x00B5
[9092] [M]: 0x0000000080037724 (0x00B59593) slli a1, a1, 0xb
x11 <- 0x0019999999999800
mem[X,0x0000000080037728] -> 0x8593
mem[X,0x000000008003772A] -> 0x1995
[9093] [M]: 0x0000000080037728 (0x19958593) addi a1, a1, 0x199
x11 <- 0x0019999999999999
mem[X,0x000000008003772C] -> 0x9593
mem[X,0x000000008003772E] -> 0x00A5
[9094] [M]: 0x000000008003772C (0x00A59593) slli a1, a1, 0xa
x11 <- 0x6666666666666400
mem[X,0x0000000080037730] -> 0x8593
mem[X,0x0000000080037732] -> 0x2675
[9095] [M]: 0x0000000080037730 (0x26758593) addi a1, a1, 0x267
x11 <- 0x6666666666666667
mem[X,0x0000000080037734] -> 0x0113
mem[X,0x0000000080037736] -> 0x0000
[9096] [M]: 0x0000000080037734 (0x00000113) addi sp, zero, 0x0
x2 <- 0x0000000000000000
mem[X,0x0000000080037738] -> 0x006F
mem[X,0x000000008003773A] -> 0x0100
[9097] [M]: 0x0000000080037738 (0x0100006F) jal zero, 0x10
mem[X,0x0000000080037748] -> 0x1AE3
mem[X,0x000000008003774A] -> 0xFEB5
[9098] [M]: 0x0000000080037748 (0xFEB51AE3) bne a0, a1, -0xc
mem[X,0x000000008003773C] -> 0x0113
mem[X,0x000000008003773E] -> 0x0011
[9099] [M]: 0x000000008003773C (0x00110113) addi sp, sp, 0x1
x2 <- 0x0000000000000001
clint::tick mtime <- 0x000000000000005B
 clint timer pending at mtime 0x000000000000005B
htif::tick 0x0000000000000000
mem[X,0x0000000080037740] -> 0x006F
mem[X,0x0000000080037742] -> 0x01C0
[9100] [M]: 0x0000000080037740 (0x01C0006F) jal zero, 0x1c
mem[X,0x000000008003775C] -> 0xBC23
mem[X,0x000000008003775E] -> 0x1020
[9101] [M]: 0x000000008003775C (0x1020BC23) sd sp, 0x118(ra)
mem[0x00000000800462F0] <- 0x0000000000000001
mem[X,0x0000000080037760] -> 0x0513
mem[X,0x0000000080037762] -> 0x0060
[9102] [M]: 0x0000000080037760 (0x00600513) addi a0, zero, 0x6
x10 <- 0x0000000000000006
mem[X,0x0000000080037764] -> 0x05B7
mem[X,0x0000000080037766] -> 0x0000
[9103] [M]: 0x0000000080037764 (0x000005B7) lui a1, 0x0
x11 <- 0x0000000000000000
mem[X,0x0000000080037768] -> 0x8593
mem[X,0x000000008003776A] -> 0xFFF5
[9104] [M]: 0x0000000080037768 (0xFFF58593) addi a1, a1, -0x1
x11 <- 0xFFFFFFFFFFFFFFFF
mem[X,0x000000008003776C] -> 0x9593
mem[X,0x000000008003776E] -> 0x00B5
[9105] [M]: 0x000000008003776C (0x00B59593) slli a1, a1, 0xb
x11 <- 0xFFFFFFFFFFFFF800
mem[X,0x0000000080037770] -> 0x8593
mem[X,0x0000000080037772] -> 0x2575
[9106] [M]: 0x0000000080037770 (0x25758593) addi a1, a1, 0x257
x11 <- 0xFFFFFFFFFFFFFA57
mem[X,0x0000000080037774] -> 0x9593
mem[X,0x0000000080037776] -> 0x00B5
[9107] [M]: 0x0000000080037774 (0x00B59593) slli a1, a1, 0xb
x11 <- 0xFFFFFFFFFFD2B800
mem[X,0x0000000080037778] -> 0x8593
mem[X,0x000000008003777A] -> 0x6C35
[9108] [M]: 0x0000000080037778 (0x6C358593) addi a1, a1, 0x6c3
x11 <- 0xFFFFFFFFFFD2BEC3
mem[X,0x000000008003777C] -> 0x9593
mem[X,0x000000008003777E] -> 0x00A5
[9109] [M]: 0x000000008003777C (0x00A59593) slli a1, a1, 0xa
x11 <- 0xFFFFFFFF4AFB0C00
mem[X,0x0000000080037780] -> 0x8593
mem[X,0x0000000080037782] -> 0x0CE5
[9110] [M]: 0x0000000080037780 (0x0CE58593) addi a1, a1, 0xce
x11 <- 0xFFFFFFFF4AFB0CCE
mem[X,0x0000000080037784] -> 0x0113
mem[X,0x0000000080037786] -> 0x0000
[9111] [M]: 0x0000000080037784 (0x00000113) addi sp, zero, 0x0
x2 <- 0x0000000000000000
mem[X,0x0000000080037788] -> 0x006F
mem[X,0x000000008003778A] -> 0x0100
[9112] [M]: 0x0000000080037788 (0x0100006F) jal zero, 0x10
mem[X,0x0000000080037798] -> 0x1AE3
mem[X,0x000000008003779A] -> 0xFEB5
[9113] [M]: 0x0000000080037798 (0xFEB51AE3) bne a0, a1, -0xc
mem[X,0x000000008003778C] -> 0x0113
mem[X,0x000000008003778E] -> 0x0011
[9114] [M]: 0x000000008003778C (0x00110113) addi sp, sp, 0x1
x2 <- 0x0000000000000001
mem[X,0x0000000080037790] -> 0x006F
mem[X,0x0000000080037792] -> 0x01C0
[9115] [M]: 0x0000000080037790 (0x01C0006F) jal zero, 0x1c
mem[X,0x00000000800377AC] -> 0xB023
mem[X,0x00000000800377AE] -> 0x1220
[9116] [M]: 0x00000000800377AC (0x1220B023) sd sp, 0x120(ra)
mem[0x00000000800462F8] <- 0x0000000000000001
mem[X,0x00000000800377B0] -> 0x0513
mem[X,0x00000000800377B2] -> 0x0060
[9117] [M]: 0x00000000800377B0 (0x00600513) addi a0, zero, 0x6
x10 <- 0x0000000000000006
mem[X,0x00000000800377B4] -> 0x05B7
mem[X,0x00000000800377B6] -> 0x0000
[9118] [M]: 0x00000000800377B4 (0x000005B7) lui a1, 0x0
x11 <- 0x0000000000000000
mem[X,0x00000000800377B8] -> 0x8593
mem[X,0x00000000800377BA] -> 0x0005
[9119] [M]: 0x00000000800377B8 (0x00058593) addi a1, a1, 0x0
x11 <- 0x0000000000000000
mem[X,0x00000000800377BC] -> 0x9593
mem[X,0x00000000800377BE] -> 0x00B5
[9120] [M]: 0x00000000800377BC (0x00B59593) slli a1, a1, 0xb
x11 <- 0x0000000000000000
mem[X,0x00000000800377C0] -> 0x8593
mem[X,0x00000000800377C2] -> 0x5A85
[9121] [M]: 0x00000000800377C0 (0x5A858593) addi a1, a1, 0x5a8
x11 <- 0x00000000000005A8
mem[X,0x00000000800377C4] -> 0x9593
mem[X,0x00000000800377C6] -> 0x00B5
[9122] [M]: 0x00000000800377C4 (0x00B59593) slli a1, a1, 0xb
x11 <- 0x00000000002D4000
mem[X,0x00000000800377C8] -> 0x8593
mem[X,0x00000000800377CA] -> 0x13C5
[9123] [M]: 0x00000000800377C8 (0x13C58593) addi a1, a1, 0x13c
x11 <- 0x00000000002D413C
mem[X,0x00000000800377CC] -> 0x9593
mem[X,0x00000000800377CE] -> 0x00A5
[9124] [M]: 0x00000000800377CC (0x00A59593) slli a1, a1, 0xa
x11 <- 0x00000000B504F000
mem[X,0x00000000800377D0] -> 0x8593
mem[X,0x00000000800377D2] -> 0x3345
[9125] [M]: 0x00000000800377D0 (0x33458593) addi a1, a1, 0x334
x11 <- 0x00000000B504F334
mem[X,0x00000000800377D4] -> 0x0113
mem[X,0x00000000800377D6] -> 0x0000
[9126] [M]: 0x00000000800377D4 (0x00000113) addi sp, zero, 0x0
x2 <- 0x0000000000000000
mem[X,0x00000000800377D8] -> 0x006F
mem[X,0x00000000800377DA] -> 0x00C0
[9127] [M]: 0x00000000800377D8 (0x00C0006F) jal zero, 0xc
mem[X,0x00000000800377E4] -> 0x1063
mem[X,0x00000000800377E6] -> 0x04B5
[9128] [M]: 0x00000000800377E4 (0x04B51063) bne a0, a1, 0x40
mem[X,0x0000000080037824] -> 0x0113
mem[X,0x0000000080037826] -> 0x0031
[9129] [M]: 0x0000000080037824 (0x00310113) addi sp, sp, 0x3
x2 <- 0x0000000000000003
mem[X,0x0000000080037828] -> 0x006F
mem[X,0x000000008003782A] -> 0x0040
[9130] [M]: 0x0000000080037828 (0x0040006F) jal zero, 0x4
mem[X,0x000000008003782C] -> 0xB423
mem[X,0x000000008003782E] -> 0x1220
[9131] [M]: 0x000000008003782C (0x1220B423) sd sp, 0x128(ra)
mem[0x0000000080046300] <- 0x0000000000000003
mem[X,0x0000000080037830] -> 0x3537
mem[X,0x0000000080037832] -> 0x3333
[9132] [M]: 0x0000000080037830 (0x33333537) lui a0, 0x33333
x10 <- 0x0000000033333000
mem[X,0x0000000080037834] -> 0x0513
mem[X,0x0000000080037836] -> 0x3335
[9133] [M]: 0x0000000080037834 (0x33350513) addi a0, a0, 0x333
x10 <- 0x0000000033333333
mem[X,0x0000000080037838] -> 0x1513
mem[X,0x000000008003783A] -> 0x00B5
[9134] [M]: 0x0000000080037838 (0x00B51513) slli a0, a0, 0xb
x10 <- 0x0000019999999800
mem[X,0x000000008003783C] -> 0x0513
mem[X,0x000000008003783E] -> 0x1995
[9135] [M]: 0x000000008003783C (0x19950513) addi a0, a0, 0x199
x10 <- 0x0000019999999999
mem[X,0x0000000080037840] -> 0x1513
mem[X,0x0000000080037842] -> 0x00B5
[9136] [M]: 0x0000000080037840 (0x00B51513) slli a0, a0, 0xb
x10 <- 0x000CCCCCCCCCC800
mem[X,0x0000000080037844] -> 0x0513
mem[X,0x0000000080037846] -> 0x4CC5
[9137] [M]: 0x0000000080037844 (0x4CC50513) addi a0, a0, 0x4cc
x10 <- 0x000CCCCCCCCCCCCC
mem[X,0x0000000080037848] -> 0x1513
mem[X,0x000000008003784A] -> 0x00A5
[9138] [M]: 0x0000000080037848 (0x00A51513) slli a0, a0, 0xa
x10 <- 0x3333333333333000
mem[X,0x000000008003784C] -> 0x0513
mem[X,0x000000008003784E] -> 0x3345
[9139] [M]: 0x000000008003784C (0x33450513) addi a0, a0, 0x334
x10 <- 0x3333333333333334
mem[X,0x0000000080037850] -> 0x0593
mem[X,0x0000000080037852] -> 0x0030
[9140] [M]: 0x0000000080037850 (0x00300593) addi a1, zero, 0x3
x11 <- 0x0000000000000003
mem[X,0x0000000080037854] -> 0x0113
mem[X,0x0000000080037856] -> 0x0000
[9141] [M]: 0x0000000080037854 (0x00000113) addi sp, zero, 0x0
x2 <- 0x0000000000000000
mem[X,0x0000000080037858] -> 0x006F
mem[X,0x000000008003785A] -> 0x00C0
[9142] [M]: 0x0000000080037858 (0x00C0006F) jal zero, 0xc
mem[X,0x0000000080037864] -> 0x1663
mem[X,0x0000000080037866] -> 0x00B5
[9143] [M]: 0x0000000080037864 (0x00B51663) bne a0, a1, 0xc
mem[X,0x0000000080037870] -> 0x0113
mem[X,0x0000000080037872] -> 0x0031
[9144] [M]: 0x0000000080037870 (0x00310113) addi sp, sp, 0x3
x2 <- 0x0000000000000003
mem[X,0x0000000080037874] -> 0x006F
mem[X,0x0000000080037876] -> 0x0040
[9145] [M]: 0x0000000080037874 (0x0040006F) jal zero, 0x4
mem[X,0x0000000080037878] -> 0xB823
mem[X,0x000000008003787A] -> 0x1220
[9146] [M]: 0x0000000080037878 (0x1220B823) sd sp, 0x130(ra)
mem[0x0000000080046308] <- 0x0000000000000003
mem[X,0x000000008003787C] -> 0x3537
mem[X,0x000000008003787E] -> 0x3333
[9147] [M]: 0x000000008003787C (0x33333537) lui a0, 0x33333
x10 <- 0x0000000033333000
mem[X,0x0000000080037880] -> 0x0513
mem[X,0x0000000080037882] -> 0x3335
[9148] [M]: 0x0000000080037880 (0x33350513) addi a0, a0, 0x333
x10 <- 0x0000000033333333
mem[X,0x0000000080037884] -> 0x1513
mem[X,0x0000000080037886] -> 0x00B5
[9149] [M]: 0x0000000080037884 (0x00B51513) slli a0, a0, 0xb
x10 <- 0x0000019999999800
mem[X,0x0000000080037888] -> 0x0513
mem[X,0x000000008003788A] -> 0x1995
[9150] [M]: 0x0000000080037888 (0x19950513) addi a0, a0, 0x199
x10 <- 0x0000019999999999
mem[X,0x000000008003788C] -> 0x1513
mem[X,0x000000008003788E] -> 0x00B5
[9151] [M]: 0x000000008003788C (0x00B51513) slli a0, a0, 0xb
x10 <- 0x000CCCCCCCCCC800
mem[X,0x0000000080037890] -> 0x0513
mem[X,0x0000000080037892] -> 0x4CC5
[9152] [M]: 0x0000000080037890 (0x4CC50513) addi a0, a0, 0x4cc
x10 <- 0x000CCCCCCCCCCCCC
mem[X,0x0000000080037894] -> 0x1513
mem[X,0x0000000080037896] -> 0x00A5
[9153] [M]: 0x0000000080037894 (0x00A51513) slli a0, a0, 0xa
x10 <- 0x3333333333333000
mem[X,0x0000000080037898] -> 0x0513
mem[X,0x000000008003789A] -> 0x3345
[9154] [M]: 0x0000000080037898 (0x33450513) addi a0, a0, 0x334
x10 <- 0x3333333333333334
mem[X,0x000000008003789C] -> 0x55B7
mem[X,0x000000008003789E] -> 0x5555
[9155] [M]: 0x000000008003789C (0x555555B7) lui a1, 0x55555
x11 <- 0x0000000055555000
mem[X,0x00000000800378A0] -> 0x8593
mem[X,0x00000000800378A2] -> 0x5555
[9156] [M]: 0x00000000800378A0 (0x55558593) addi a1, a1, 0x555
x11 <- 0x0000000055555555
mem[X,0x00000000800378A4] -> 0x9593
mem[X,0x00000000800378A6] -> 0x00B5
[9157] [M]: 0x00000000800378A4 (0x00B59593) slli a1, a1, 0xb
x11 <- 0x000002AAAAAAA800
mem[X,0x00000000800378A8] -> 0x8593
mem[X,0x00000000800378AA] -> 0x2AA5
[9158] [M]: 0x00000000800378A8 (0x2AA58593) addi a1, a1, 0x2aa
x11 <- 0x000002AAAAAAAAAA
mem[X,0x00000000800378AC] -> 0x9593
mem[X,0x00000000800378AE] -> 0x00B5
[9159] [M]: 0x00000000800378AC (0x00B59593) slli a1, a1, 0xb
x11 <- 0x0015555555555000
mem[X,0x00000000800378B0] -> 0x8593
mem[X,0x00000000800378B2] -> 0x5555
[9160] [M]: 0x00000000800378B0 (0x55558593) addi a1, a1, 0x555
x11 <- 0x0015555555555555
mem[X,0x00000000800378B4] -> 0x9593
mem[X,0x00000000800378B6] -> 0x00A5
[9161] [M]: 0x00000000800378B4 (0x00A59593) slli a1, a1, 0xa
x11 <- 0x5555555555555400
mem[X,0x00000000800378B8] -> 0x8593
mem[X,0x00000000800378BA] -> 0x1555
[9162] [M]: 0x00000000800378B8 (0x15558593) addi a1, a1, 0x155
x11 <- 0x5555555555555555
mem[X,0x00000000800378BC] -> 0x0113
mem[X,0x00000000800378BE] -> 0x0000
[9163] [M]: 0x00000000800378BC (0x00000113) addi sp, zero, 0x0
x2 <- 0x0000000000000000
mem[X,0x00000000800378C0] -> 0x006F
mem[X,0x00000000800378C2] -> 0x00C0
[9164] [M]: 0x00000000800378C0 (0x00C0006F) jal zero, 0xc
mem[X,0x00000000800378CC] -> 0x1063
mem[X,0x00000000800378CE] -> 0x40B5
[9165] [M]: 0x00000000800378CC (0x40B51063) bne a0, a1, 0x400
mem[X,0x0000000080037CCC] -> 0x0113
mem[X,0x0000000080037CCE] -> 0x0031
[9166] [M]: 0x0000000080037CCC (0x00310113) addi sp, sp, 0x3
x2 <- 0x0000000000000003
mem[X,0x0000000080037CD0] -> 0x006F
mem[X,0x0000000080037CD2] -> 0x0040
[9167] [M]: 0x0000000080037CD0 (0x0040006F) jal zero, 0x4
mem[X,0x0000000080037CD4] -> 0xBC23
mem[X,0x0000000080037CD6] -> 0x1220
[9168] [M]: 0x0000000080037CD4 (0x1220BC23) sd sp, 0x138(ra)
mem[0x0000000080046310] <- 0x0000000000000003
mem[X,0x0000000080037CD8] -> 0x3537
mem[X,0x0000000080037CDA] -> 0x3333
[9169] [M]: 0x0000000080037CD8 (0x33333537) lui a0, 0x33333
x10 <- 0x0000000033333000
mem[X,0x0000000080037CDC] -> 0x0513
mem[X,0x0000000080037CDE] -> 0x3335
[9170] [M]: 0x0000000080037CDC (0x33350513) addi a0, a0, 0x333
x10 <- 0x0000000033333333
mem[X,0x0000000080037CE0] -> 0x1513
mem[X,0x0000000080037CE2] -> 0x00B5
[9171] [M]: 0x0000000080037CE0 (0x00B51513) slli a0, a0, 0xb
x10 <- 0x0000019999999800
mem[X,0x0000000080037CE4] -> 0x0513
mem[X,0x0000000080037CE6] -> 0x1995
[9172] [M]: 0x0000000080037CE4 (0x19950513) addi a0, a0, 0x199
x10 <- 0x0000019999999999
mem[X,0x0000000080037CE8] -> 0x1513
mem[X,0x0000000080037CEA] -> 0x00B5
[9173] [M]: 0x0000000080037CE8 (0x00B51513) slli a0, a0, 0xb
x10 <- 0x000CCCCCCCCCC800
mem[X,0x0000000080037CEC] -> 0x0513
mem[X,0x0000000080037CEE] -> 0x4CC5
[9174] [M]: 0x0000000080037CEC (0x4CC50513) addi a0, a0, 0x4cc
x10 <- 0x000CCCCCCCCCCCCC
mem[X,0x0000000080037CF0] -> 0x1513
mem[X,0x0000000080037CF2] -> 0x00A5
[9175] [M]: 0x0000000080037CF0 (0x00A51513) slli a0, a0, 0xa
x10 <- 0x3333333333333000
mem[X,0x0000000080037CF4] -> 0x0513
mem[X,0x0000000080037CF6] -> 0x3345
[9176] [M]: 0x0000000080037CF4 (0x33450513) addi a0, a0, 0x334
x10 <- 0x3333333333333334
mem[X,0x0000000080037CF8] -> 0xB5B7
mem[X,0x0000000080037CFA] -> 0xAAAA
[9177] [M]: 0x0000000080037CF8 (0xAAAAB5B7) lui a1, -0x55555
x11 <- 0xFFFFFFFFAAAAB000
mem[X,0x0000000080037CFC] -> 0x8593
mem[X,0x0000000080037CFE] -> 0xAAA5
[9178] [M]: 0x0000000080037CFC (0xAAA58593) addi a1, a1, -0x556
x11 <- 0xFFFFFFFFAAAAAAAA
mem[X,0x0000000080037D00] -> 0x9593
mem[X,0x0000000080037D02] -> 0x00B5
[9179] [M]: 0x0000000080037D00 (0x00B59593) slli a1, a1, 0xb
x11 <- 0xFFFFFD5555555000
mem[X,0x0000000080037D04] -> 0x8593
mem[X,0x0000000080037D06] -> 0x5555
[9180] [M]: 0x0000000080037D04 (0x55558593) addi a1, a1, 0x555
x11 <- 0xFFFFFD5555555555
mem[X,0x0000000080037D08] -> 0x9593
mem[X,0x0000000080037D0A] -> 0x00B5
[9181] [M]: 0x0000000080037D08 (0x00B59593) slli a1, a1, 0xb
x11 <- 0xFFEAAAAAAAAAA800
mem[X,0x0000000080037D0C] -> 0x8593
mem[X,0x0000000080037D0E] -> 0x2AA5
[9182] [M]: 0x0000000080037D0C (0x2AA58593) addi a1, a1, 0x2aa
x11 <- 0xFFEAAAAAAAAAAAAA
mem[X,0x0000000080037D10] -> 0x9593
mem[X,0x0000000080037D12] -> 0x00A5
[9183] [M]: 0x0000000080037D10 (0x00A59593) slli a1, a1, 0xa
x11 <- 0xAAAAAAAAAAAAA800
mem[X,0x0000000080037D14] -> 0x8593
mem[X,0x0000000080037D16] -> 0x2AA5
[9184] [M]: 0x0000000080037D14 (0x2AA58593) addi a1, a1, 0x2aa
x11 <- 0xAAAAAAAAAAAAAAAA
mem[X,0x0000000080037D18] -> 0x0113
mem[X,0x0000000080037D1A] -> 0x0000
[9185] [M]: 0x0000000080037D18 (0x00000113) addi sp, zero, 0x0
x2 <- 0x0000000000000000
mem[X,0x0000000080037D1C] -> 0x006F
mem[X,0x0000000080037D1E] -> 0x0050
[9186] [M]: 0x0000000080037D1C (0x0050006F) jal zero, 0x804
mem[X,0x0000000080038520] -> 0x10E3
mem[X,0x0000000080038522] -> 0x80B5
[9187] [M]: 0x0000000080038520 (0x80B510E3) bne a0, a1, -0x800
mem[X,0x0000000080037D20] -> 0x0113
mem[X,0x0000000080037D22] -> 0x0011
[9188] [M]: 0x0000000080037D20 (0x00110113) addi sp, sp, 0x1
x2 <- 0x0000000000000001
mem[X,0x0000000080037D24] -> 0x006F
mem[X,0x0000000080037D26] -> 0x0110
[9189] [M]: 0x0000000080037D24 (0x0110006F) jal zero, 0x810
mem[X,0x0000000080038534] -> 0xB023
mem[X,0x0000000080038536] -> 0x1420
[9190] [M]: 0x0000000080038534 (0x1420B023) sd sp, 0x140(ra)
mem[0x0000000080046318] <- 0x0000000000000001
mem[X,0x0000000080038538] -> 0x3537
mem[X,0x000000008003853A] -> 0x3333
[9191] [M]: 0x0000000080038538 (0x33333537) lui a0, 0x33333
x10 <- 0x0000000033333000
mem[X,0x000000008003853C] -> 0x0513
mem[X,0x000000008003853E] -> 0x3335
[9192] [M]: 0x000000008003853C (0x33350513) addi a0, a0, 0x333
x10 <- 0x0000000033333333
mem[X,0x0000000080038540] -> 0x1513
mem[X,0x0000000080038542] -> 0x00B5
[9193] [M]: 0x0000000080038540 (0x00B51513) slli a0, a0, 0xb
x10 <- 0x0000019999999800
mem[X,0x0000000080038544] -> 0x0513
mem[X,0x0000000080038546] -> 0x1995
[9194] [M]: 0x0000000080038544 (0x19950513) addi a0, a0, 0x199
x10 <- 0x0000019999999999
mem[X,0x0000000080038548] -> 0x1513
mem[X,0x000000008003854A] -> 0x00B5
[9195] [M]: 0x0000000080038548 (0x00B51513) slli a0, a0, 0xb
x10 <- 0x000CCCCCCCCCC800
mem[X,0x000000008003854C] -> 0x0513
mem[X,0x000000008003854E] -> 0x4CC5
[9196] [M]: 0x000000008003854C (0x4CC50513) addi a0, a0, 0x4cc
x10 <- 0x000CCCCCCCCCCCCC
mem[X,0x0000000080038550] -> 0x1513
mem[X,0x0000000080038552] -> 0x00A5
[9197] [M]: 0x0000000080038550 (0x00A51513) slli a0, a0, 0xa
x10 <- 0x3333333333333000
mem[X,0x0000000080038554] -> 0x0513
mem[X,0x0000000080038556] -> 0x3345
[9198] [M]: 0x0000000080038554 (0x33450513) addi a0, a0, 0x334
x10 <- 0x3333333333333334
mem[X,0x0000000080038558] -> 0x0593
mem[X,0x000000008003855A] -> 0x0050
[9199] [M]: 0x0000000080038558 (0x00500593) addi a1, zero, 0x5
x11 <- 0x0000000000000005
clint::tick mtime <- 0x000000000000005C
 clint timer pending at mtime 0x000000000000005C
htif::tick 0x0000000000000000
mem[X,0x000000008003855C] -> 0x0113
mem[X,0x000000008003855E] -> 0x0000
[9200] [M]: 0x000000008003855C (0x00000113) addi sp, zero, 0x0
x2 <- 0x0000000000000000
mem[X,0x0000000080038560] -> 0x006F
mem[X,0x0000000080038562] -> 0x00C0
[9201] [M]: 0x0000000080038560 (0x00C0006F) jal zero, 0xc
mem[X,0x000000008003856C] -> 0x1063
mem[X,0x000000008003856E] -> 0x04B5
[9202] [M]: 0x000000008003856C (0x04B51063) bne a0, a1, 0x40
mem[X,0x00000000800385AC] -> 0x0113
mem[X,0x00000000800385AE] -> 0x0031
[9203] [M]: 0x00000000800385AC (0x00310113) addi sp, sp, 0x3
x2 <- 0x0000000000000003
mem[X,0x00000000800385B0] -> 0x006F
mem[X,0x00000000800385B2] -> 0x0040
[9204] [M]: 0x00000000800385B0 (0x0040006F) jal zero, 0x4
mem[X,0x00000000800385B4] -> 0xB423
mem[X,0x00000000800385B6] -> 0x1420
[9205] [M]: 0x00000000800385B4 (0x1420B423) sd sp, 0x148(ra)
mem[0x0000000080046320] <- 0x0000000000000003
mem[X,0x00000000800385B8] -> 0x3537
mem[X,0x00000000800385BA] -> 0x3333
[9206] [M]: 0x00000000800385B8 (0x33333537) lui a0, 0x33333
x10 <- 0x0000000033333000
mem[X,0x00000000800385BC] -> 0x0513
mem[X,0x00000000800385BE] -> 0x3335
[9207] [M]: 0x00000000800385BC (0x33350513) addi a0, a0, 0x333
x10 <- 0x0000000033333333
mem[X,0x00000000800385C0] -> 0x1513
mem[X,0x00000000800385C2] -> 0x00B5
[9208] [M]: 0x00000000800385C0 (0x00B51513) slli a0, a0, 0xb
x10 <- 0x0000019999999800
mem[X,0x00000000800385C4] -> 0x0513
mem[X,0x00000000800385C6] -> 0x1995
[9209] [M]: 0x00000000800385C4 (0x19950513) addi a0, a0, 0x199
x10 <- 0x0000019999999999
mem[X,0x00000000800385C8] -> 0x1513
mem[X,0x00000000800385CA] -> 0x00B5
[9210] [M]: 0x00000000800385C8 (0x00B51513) slli a0, a0, 0xb
x10 <- 0x000CCCCCCCCCC800
mem[X,0x00000000800385CC] -> 0x0513
mem[X,0x00000000800385CE] -> 0x4CC5
[9211] [M]: 0x00000000800385CC (0x4CC50513) addi a0, a0, 0x4cc
x10 <- 0x000CCCCCCCCCCCCC
mem[X,0x00000000800385D0] -> 0x1513
mem[X,0x00000000800385D2] -> 0x00A5
[9212] [M]: 0x00000000800385D0 (0x00A51513) slli a0, a0, 0xa
x10 <- 0x3333333333333000
mem[X,0x00000000800385D4] -> 0x0513
mem[X,0x00000000800385D6] -> 0x3345
[9213] [M]: 0x00000000800385D4 (0x33450513) addi a0, a0, 0x334
x10 <- 0x3333333333333334
mem[X,0x00000000800385D8] -> 0x35B7
mem[X,0x00000000800385DA] -> 0x3333
[9214] [M]: 0x00000000800385D8 (0x333335B7) lui a1, 0x33333
x11 <- 0x0000000033333000
mem[X,0x00000000800385DC] -> 0x8593
mem[X,0x00000000800385DE] -> 0x3335
[9215] [M]: 0x00000000800385DC (0x33358593) addi a1, a1, 0x333
x11 <- 0x0000000033333333
mem[X,0x00000000800385E0] -> 0x9593
mem[X,0x00000000800385E2] -> 0x00B5
[9216] [M]: 0x00000000800385E0 (0x00B59593) slli a1, a1, 0xb
x11 <- 0x0000019999999800
mem[X,0x00000000800385E4] -> 0x8593
mem[X,0x00000000800385E6] -> 0x1995
[9217] [M]: 0x00000000800385E4 (0x19958593) addi a1, a1, 0x199
x11 <- 0x0000019999999999
mem[X,0x00000000800385E8] -> 0x9593
mem[X,0x00000000800385EA] -> 0x00B5
[9218] [M]: 0x00000000800385E8 (0x00B59593) slli a1, a1, 0xb
x11 <- 0x000CCCCCCCCCC800
mem[X,0x00000000800385EC] -> 0x8593
mem[X,0x00000000800385EE] -> 0x4CC5
[9219] [M]: 0x00000000800385EC (0x4CC58593) addi a1, a1, 0x4cc
x11 <- 0x000CCCCCCCCCCCCC
mem[X,0x00000000800385F0] -> 0x9593
mem[X,0x00000000800385F2] -> 0x00A5
[9220] [M]: 0x00000000800385F0 (0x00A59593) slli a1, a1, 0xa
x11 <- 0x3333333333333000
mem[X,0x00000000800385F4] -> 0x8593
mem[X,0x00000000800385F6] -> 0x3335
[9221] [M]: 0x00000000800385F4 (0x33358593) addi a1, a1, 0x333
x11 <- 0x3333333333333333
mem[X,0x00000000800385F8] -> 0x0113
mem[X,0x00000000800385FA] -> 0x0000
[9222] [M]: 0x00000000800385F8 (0x00000113) addi sp, zero, 0x0
x2 <- 0x0000000000000000
mem[X,0x00000000800385FC] -> 0x006F
mem[X,0x00000000800385FE] -> 0x00C0
[9223] [M]: 0x00000000800385FC (0x00C0006F) jal zero, 0xc
mem[X,0x0000000080038608] -> 0x1063
mem[X,0x000000008003860A] -> 0x40B5
[9224] [M]: 0x0000000080038608 (0x40B51063) bne a0, a1, 0x400
mem[X,0x0000000080038A08] -> 0x0113
mem[X,0x0000000080038A0A] -> 0x0031
[9225] [M]: 0x0000000080038A08 (0x00310113) addi sp, sp, 0x3
x2 <- 0x0000000000000003
mem[X,0x0000000080038A0C] -> 0x006F
mem[X,0x0000000080038A0E] -> 0x0040
[9226] [M]: 0x0000000080038A0C (0x0040006F) jal zero, 0x4
mem[X,0x0000000080038A10] -> 0xB823
mem[X,0x0000000080038A12] -> 0x1420
[9227] [M]: 0x0000000080038A10 (0x1420B823) sd sp, 0x150(ra)
mem[0x0000000080046328] <- 0x0000000000000003
mem[X,0x0000000080038A14] -> 0x3537
mem[X,0x0000000080038A16] -> 0x3333
[9228] [M]: 0x0000000080038A14 (0x33333537) lui a0, 0x33333
x10 <- 0x0000000033333000
mem[X,0x0000000080038A18] -> 0x0513
mem[X,0x0000000080038A1A] -> 0x3335
[9229] [M]: 0x0000000080038A18 (0x33350513) addi a0, a0, 0x333
x10 <- 0x0000000033333333
mem[X,0x0000000080038A1C] -> 0x1513
mem[X,0x0000000080038A1E] -> 0x00B5
[9230] [M]: 0x0000000080038A1C (0x00B51513) slli a0, a0, 0xb
x10 <- 0x0000019999999800
mem[X,0x0000000080038A20] -> 0x0513
mem[X,0x0000000080038A22] -> 0x1995
[9231] [M]: 0x0000000080038A20 (0x19950513) addi a0, a0, 0x199
x10 <- 0x0000019999999999
mem[X,0x0000000080038A24] -> 0x1513
mem[X,0x0000000080038A26] -> 0x00B5
[9232] [M]: 0x0000000080038A24 (0x00B51513) slli a0, a0, 0xb
x10 <- 0x000CCCCCCCCCC800
mem[X,0x0000000080038A28] -> 0x0513
mem[X,0x0000000080038A2A] -> 0x4CC5
[9233] [M]: 0x0000000080038A28 (0x4CC50513) addi a0, a0, 0x4cc
x10 <- 0x000CCCCCCCCCCCCC
mem[X,0x0000000080038A2C] -> 0x1513
mem[X,0x0000000080038A2E] -> 0x00A5
[9234] [M]: 0x0000000080038A2C (0x00A51513) slli a0, a0, 0xa
x10 <- 0x3333333333333000
mem[X,0x0000000080038A30] -> 0x0513
mem[X,0x0000000080038A32] -> 0x3345
[9235] [M]: 0x0000000080038A30 (0x33450513) addi a0, a0, 0x334
x10 <- 0x3333333333333334
mem[X,0x0000000080038A34] -> 0x65B7
mem[X,0x0000000080038A36] -> 0x6666
[9236] [M]: 0x0000000080038A34 (0x666665B7) lui a1, 0x66666
x11 <- 0x0000000066666000
mem[X,0x0000000080038A38] -> 0x8593
mem[X,0x0000000080038A3A] -> 0x6665
[9237] [M]: 0x0000000080038A38 (0x66658593) addi a1, a1, 0x666
x11 <- 0x0000000066666666
mem[X,0x0000000080038A3C] -> 0x9593
mem[X,0x0000000080038A3E] -> 0x00B5
[9238] [M]: 0x0000000080038A3C (0x00B59593) slli a1, a1, 0xb
x11 <- 0x0000033333333000
mem[X,0x0000000080038A40] -> 0x8593
mem[X,0x0000000080038A42] -> 0x3335
[9239] [M]: 0x0000000080038A40 (0x33358593) addi a1, a1, 0x333
x11 <- 0x0000033333333333
mem[X,0x0000000080038A44] -> 0x9593
mem[X,0x0000000080038A46] -> 0x00B5
[9240] [M]: 0x0000000080038A44 (0x00B59593) slli a1, a1, 0xb
x11 <- 0x0019999999999800
mem[X,0x0000000080038A48] -> 0x8593
mem[X,0x0000000080038A4A] -> 0x1995
[9241] [M]: 0x0000000080038A48 (0x19958593) addi a1, a1, 0x199
x11 <- 0x0019999999999999
mem[X,0x0000000080038A4C] -> 0x9593
mem[X,0x0000000080038A4E] -> 0x00A5
[9242] [M]: 0x0000000080038A4C (0x00A59593) slli a1, a1, 0xa
x11 <- 0x6666666666666400
mem[X,0x0000000080038A50] -> 0x8593
mem[X,0x0000000080038A52] -> 0x2665
[9243] [M]: 0x0000000080038A50 (0x26658593) addi a1, a1, 0x266
x11 <- 0x6666666666666666
mem[X,0x0000000080038A54] -> 0x0113
mem[X,0x0000000080038A56] -> 0x0000
[9244] [M]: 0x0000000080038A54 (0x00000113) addi sp, zero, 0x0
x2 <- 0x0000000000000000
mem[X,0x0000000080038A58] -> 0x006F
mem[X,0x0000000080038A5A] -> 0x00C0
[9245] [M]: 0x0000000080038A58 (0x00C0006F) jal zero, 0xc
mem[X,0x0000000080038A64] -> 0x1663
mem[X,0x0000000080038A66] -> 0x00B5
[9246] [M]: 0x0000000080038A64 (0x00B51663) bne a0, a1, 0xc
mem[X,0x0000000080038A70] -> 0x0113
mem[X,0x0000000080038A72] -> 0x0031
[9247] [M]: 0x0000000080038A70 (0x00310113) addi sp, sp, 0x3
x2 <- 0x0000000000000003
mem[X,0x0000000080038A74] -> 0x006F
mem[X,0x0000000080038A76] -> 0x0040
[9248] [M]: 0x0000000080038A74 (0x0040006F) jal zero, 0x4
mem[X,0x0000000080038A78] -> 0xBC23
mem[X,0x0000000080038A7A] -> 0x1420
[9249] [M]: 0x0000000080038A78 (0x1420BC23) sd sp, 0x158(ra)
mem[0x0000000080046330] <- 0x0000000000000003
mem[X,0x0000000080038A7C] -> 0x3537
mem[X,0x0000000080038A7E] -> 0x3333
[9250] [M]: 0x0000000080038A7C (0x33333537) lui a0, 0x33333
x10 <- 0x0000000033333000
mem[X,0x0000000080038A80] -> 0x0513
mem[X,0x0000000080038A82] -> 0x3335
[9251] [M]: 0x0000000080038A80 (0x33350513) addi a0, a0, 0x333
x10 <- 0x0000000033333333
mem[X,0x0000000080038A84] -> 0x1513
mem[X,0x0000000080038A86] -> 0x00B5
[9252] [M]: 0x0000000080038A84 (0x00B51513) slli a0, a0, 0xb
x10 <- 0x0000019999999800
mem[X,0x0000000080038A88] -> 0x0513
mem[X,0x0000000080038A8A] -> 0x1995
[9253] [M]: 0x0000000080038A88 (0x19950513) addi a0, a0, 0x199
x10 <- 0x0000019999999999
mem[X,0x0000000080038A8C] -> 0x1513
mem[X,0x0000000080038A8E] -> 0x00B5
[9254] [M]: 0x0000000080038A8C (0x00B51513) slli a0, a0, 0xb
x10 <- 0x000CCCCCCCCCC800
mem[X,0x0000000080038A90] -> 0x0513
mem[X,0x0000000080038A92] -> 0x4CC5
[9255] [M]: 0x0000000080038A90 (0x4CC50513) addi a0, a0, 0x4cc
x10 <- 0x000CCCCCCCCCCCCC
mem[X,0x0000000080038A94] -> 0x1513
mem[X,0x0000000080038A96] -> 0x00A5
[9256] [M]: 0x0000000080038A94 (0x00A51513) slli a0, a0, 0xa
x10 <- 0x3333333333333000
mem[X,0x0000000080038A98] -> 0x0513
mem[X,0x0000000080038A9A] -> 0x3345
[9257] [M]: 0x0000000080038A98 (0x33450513) addi a0, a0, 0x334
x10 <- 0x3333333333333334
mem[X,0x0000000080038A9C] -> 0x05B7
mem[X,0x0000000080038A9E] -> 0x0000
[9258] [M]: 0x0000000080038A9C (0x000005B7) lui a1, 0x0
x11 <- 0x0000000000000000
mem[X,0x0000000080038AA0] -> 0x8593
mem[X,0x0000000080038AA2] -> 0xFFF5
[9259] [M]: 0x0000000080038AA0 (0xFFF58593) addi a1, a1, -0x1
x11 <- 0xFFFFFFFFFFFFFFFF
mem[X,0x0000000080038AA4] -> 0x9593
mem[X,0x0000000080038AA6] -> 0x00B5
[9260] [M]: 0x0000000080038AA4 (0x00B59593) slli a1, a1, 0xb
x11 <- 0xFFFFFFFFFFFFF800
mem[X,0x0000000080038AA8] -> 0x8593
mem[X,0x0000000080038AAA] -> 0x2575
[9261] [M]: 0x0000000080038AA8 (0x25758593) addi a1, a1, 0x257
x11 <- 0xFFFFFFFFFFFFFA57
mem[X,0x0000000080038AAC] -> 0x9593
mem[X,0x0000000080038AAE] -> 0x00B5
[9262] [M]: 0x0000000080038AAC (0x00B59593) slli a1, a1, 0xb
x11 <- 0xFFFFFFFFFFD2B800
mem[X,0x0000000080038AB0] -> 0x8593
mem[X,0x0000000080038AB2] -> 0x6C35
[9263] [M]: 0x0000000080038AB0 (0x6C358593) addi a1, a1, 0x6c3
x11 <- 0xFFFFFFFFFFD2BEC3
mem[X,0x0000000080038AB4] -> 0x9593
mem[X,0x0000000080038AB6] -> 0x00A5
[9264] [M]: 0x0000000080038AB4 (0x00A59593) slli a1, a1, 0xa
x11 <- 0xFFFFFFFF4AFB0C00
mem[X,0x0000000080038AB8] -> 0x8593
mem[X,0x0000000080038ABA] -> 0x0CD5
[9265] [M]: 0x0000000080038AB8 (0x0CD58593) addi a1, a1, 0xcd
x11 <- 0xFFFFFFFF4AFB0CCD
mem[X,0x0000000080038ABC] -> 0x0113
mem[X,0x0000000080038ABE] -> 0x0000
[9266] [M]: 0x0000000080038ABC (0x00000113) addi sp, zero, 0x0
x2 <- 0x0000000000000000
mem[X,0x0000000080038AC0] -> 0x006F
mem[X,0x0000000080038AC2] -> 0x00C0
[9267] [M]: 0x0000000080038AC0 (0x00C0006F) jal zero, 0xc
mem[X,0x0000000080038ACC] -> 0x1663
mem[X,0x0000000080038ACE] -> 0x00B5
[9268] [M]: 0x0000000080038ACC (0x00B51663) bne a0, a1, 0xc
mem[X,0x0000000080038AD8] -> 0x0113
mem[X,0x0000000080038ADA] -> 0x0031
[9269] [M]: 0x0000000080038AD8 (0x00310113) addi sp, sp, 0x3
x2 <- 0x0000000000000003
mem[X,0x0000000080038ADC] -> 0x006F
mem[X,0x0000000080038ADE] -> 0x0040
[9270] [M]: 0x0000000080038ADC (0x0040006F) jal zero, 0x4
mem[X,0x0000000080038AE0] -> 0xB023
mem[X,0x0000000080038AE2] -> 0x1620
[9271] [M]: 0x0000000080038AE0 (0x1620B023) sd sp, 0x160(ra)
mem[0x0000000080046338] <- 0x0000000000000003
mem[X,0x0000000080038AE4] -> 0x3537
mem[X,0x0000000080038AE6] -> 0x3333
[9272] [M]: 0x0000000080038AE4 (0x33333537) lui a0, 0x33333
x10 <- 0x0000000033333000
mem[X,0x0000000080038AE8] -> 0x0513
mem[X,0x0000000080038AEA] -> 0x3335
[9273] [M]: 0x0000000080038AE8 (0x33350513) addi a0, a0, 0x333
x10 <- 0x0000000033333333
mem[X,0x0000000080038AEC] -> 0x1513
mem[X,0x0000000080038AEE] -> 0x00B5
[9274] [M]: 0x0000000080038AEC (0x00B51513) slli a0, a0, 0xb
x10 <- 0x0000019999999800
mem[X,0x0000000080038AF0] -> 0x0513
mem[X,0x0000000080038AF2] -> 0x1995
[9275] [M]: 0x0000000080038AF0 (0x19950513) addi a0, a0, 0x199
x10 <- 0x0000019999999999
mem[X,0x0000000080038AF4] -> 0x1513
mem[X,0x0000000080038AF6] -> 0x00B5
[9276] [M]: 0x0000000080038AF4 (0x00B51513) slli a0, a0, 0xb
x10 <- 0x000CCCCCCCCCC800
mem[X,0x0000000080038AF8] -> 0x0513
mem[X,0x0000000080038AFA] -> 0x4CC5
[9277] [M]: 0x0000000080038AF8 (0x4CC50513) addi a0, a0, 0x4cc
x10 <- 0x000CCCCCCCCCCCCC
mem[X,0x0000000080038AFC] -> 0x1513
mem[X,0x0000000080038AFE] -> 0x00A5
[9278] [M]: 0x0000000080038AFC (0x00A51513) slli a0, a0, 0xa
x10 <- 0x3333333333333000
mem[X,0x0000000080038B00] -> 0x0513
mem[X,0x0000000080038B02] -> 0x3345
[9279] [M]: 0x0000000080038B00 (0x33450513) addi a0, a0, 0x334
x10 <- 0x3333333333333334
mem[X,0x0000000080038B04] -> 0x05B7
mem[X,0x0000000080038B06] -> 0x0000
[9280] [M]: 0x0000000080038B04 (0x000005B7) lui a1, 0x0
x11 <- 0x0000000000000000
mem[X,0x0000000080038B08] -> 0x8593
mem[X,0x0000000080038B0A] -> 0x0005
[9281] [M]: 0x0000000080038B08 (0x00058593) addi a1, a1, 0x0
x11 <- 0x0000000000000000
mem[X,0x0000000080038B0C] -> 0x9593
mem[X,0x0000000080038B0E] -> 0x00B5
[9282] [M]: 0x0000000080038B0C (0x00B59593) slli a1, a1, 0xb
x11 <- 0x0000000000000000
mem[X,0x0000000080038B10] -> 0x8593
mem[X,0x0000000080038B12] -> 0x5A85
[9283] [M]: 0x0000000080038B10 (0x5A858593) addi a1, a1, 0x5a8
x11 <- 0x00000000000005A8
mem[X,0x0000000080038B14] -> 0x9593
mem[X,0x0000000080038B16] -> 0x00B5
[9284] [M]: 0x0000000080038B14 (0x00B59593) slli a1, a1, 0xb
x11 <- 0x00000000002D4000
mem[X,0x0000000080038B18] -> 0x8593
mem[X,0x0000000080038B1A] -> 0x13C5
[9285] [M]: 0x0000000080038B18 (0x13C58593) addi a1, a1, 0x13c
x11 <- 0x00000000002D413C
mem[X,0x0000000080038B1C] -> 0x9593
mem[X,0x0000000080038B1E] -> 0x00A5
[9286] [M]: 0x0000000080038B1C (0x00A59593) slli a1, a1, 0xa
x11 <- 0x00000000B504F000
mem[X,0x0000000080038B20] -> 0x8593
mem[X,0x0000000080038B22] -> 0x3335
[9287] [M]: 0x0000000080038B20 (0x33358593) addi a1, a1, 0x333
x11 <- 0x00000000B504F333
mem[X,0x0000000080038B24] -> 0x0113
mem[X,0x0000000080038B26] -> 0x0000
[9288] [M]: 0x0000000080038B24 (0x00000113) addi sp, zero, 0x0
x2 <- 0x0000000000000000
mem[X,0x0000000080038B28] -> 0x006F
mem[X,0x0000000080038B2A] -> 0x00C0
[9289] [M]: 0x0000000080038B28 (0x00C0006F) jal zero, 0xc
mem[X,0x0000000080038B34] -> 0x1663
mem[X,0x0000000080038B36] -> 0x00B5
[9290] [M]: 0x0000000080038B34 (0x00B51663) bne a0, a1, 0xc
mem[X,0x0000000080038B40] -> 0x0113
mem[X,0x0000000080038B42] -> 0x0031
[9291] [M]: 0x0000000080038B40 (0x00310113) addi sp, sp, 0x3
x2 <- 0x0000000000000003
mem[X,0x0000000080038B44] -> 0x006F
mem[X,0x0000000080038B46] -> 0x0040
[9292] [M]: 0x0000000080038B44 (0x0040006F) jal zero, 0x4
mem[X,0x0000000080038B48] -> 0xB423
mem[X,0x0000000080038B4A] -> 0x1620
[9293] [M]: 0x0000000080038B48 (0x1620B423) sd sp, 0x168(ra)
mem[0x0000000080046340] <- 0x0000000000000003
mem[X,0x0000000080038B4C] -> 0x3537
mem[X,0x0000000080038B4E] -> 0x3333
[9294] [M]: 0x0000000080038B4C (0x33333537) lui a0, 0x33333
x10 <- 0x0000000033333000
mem[X,0x0000000080038B50] -> 0x0513
mem[X,0x0000000080038B52] -> 0x3335
[9295] [M]: 0x0000000080038B50 (0x33350513) addi a0, a0, 0x333
x10 <- 0x0000000033333333
mem[X,0x0000000080038B54] -> 0x1513
mem[X,0x0000000080038B56] -> 0x00B5
[9296] [M]: 0x0000000080038B54 (0x00B51513) slli a0, a0, 0xb
x10 <- 0x0000019999999800
mem[X,0x0000000080038B58] -> 0x0513
mem[X,0x0000000080038B5A] -> 0x1995
[9297] [M]: 0x0000000080038B58 (0x19950513) addi a0, a0, 0x199
x10 <- 0x0000019999999999
mem[X,0x0000000080038B5C] -> 0x1513
mem[X,0x0000000080038B5E] -> 0x00B5
[9298] [M]: 0x0000000080038B5C (0x00B51513) slli a0, a0, 0xb
x10 <- 0x000CCCCCCCCCC800
mem[X,0x0000000080038B60] -> 0x0513
mem[X,0x0000000080038B62] -> 0x4CC5
[9299] [M]: 0x0000000080038B60 (0x4CC50513) addi a0, a0, 0x4cc
x10 <- 0x000CCCCCCCCCCCCC
clint::tick mtime <- 0x000000000000005D
 clint timer pending at mtime 0x000000000000005D
htif::tick 0x0000000000000000
mem[X,0x0000000080038B64] -> 0x1513
mem[X,0x0000000080038B66] -> 0x00A5
[9300] [M]: 0x0000000080038B64 (0x00A51513) slli a0, a0, 0xa
x10 <- 0x3333333333333000
mem[X,0x0000000080038B68] -> 0x0513
mem[X,0x0000000080038B6A] -> 0x3345
[9301] [M]: 0x0000000080038B68 (0x33450513) addi a0, a0, 0x334
x10 <- 0x3333333333333334
mem[X,0x0000000080038B6C] -> 0x0593
mem[X,0x0000000080038B6E] -> 0x0020
[9302] [M]: 0x0000000080038B6C (0x00200593) addi a1, zero, 0x2
x11 <- 0x0000000000000002
mem[X,0x0000000080038B70] -> 0x0113
mem[X,0x0000000080038B72] -> 0x0000
[9303] [M]: 0x0000000080038B70 (0x00000113) addi sp, zero, 0x0
x2 <- 0x0000000000000000
mem[X,0x0000000080038B74] -> 0x006F
mem[X,0x0000000080038B76] -> 0x00C0
[9304] [M]: 0x0000000080038B74 (0x00C0006F) jal zero, 0xc
mem[X,0x0000000080038B80] -> 0x1063
mem[X,0x0000000080038B82] -> 0x10B5
[9305] [M]: 0x0000000080038B80 (0x10B51063) bne a0, a1, 0x100
mem[X,0x0000000080038C80] -> 0x0113
mem[X,0x0000000080038C82] -> 0x0031
[9306] [M]: 0x0000000080038C80 (0x00310113) addi sp, sp, 0x3
x2 <- 0x0000000000000003
mem[X,0x0000000080038C84] -> 0x006F
mem[X,0x0000000080038C86] -> 0x0040
[9307] [M]: 0x0000000080038C84 (0x0040006F) jal zero, 0x4
mem[X,0x0000000080038C88] -> 0xB823
mem[X,0x0000000080038C8A] -> 0x1620
[9308] [M]: 0x0000000080038C88 (0x1620B823) sd sp, 0x170(ra)
mem[0x0000000080046348] <- 0x0000000000000003
mem[X,0x0000000080038C8C] -> 0x3537
mem[X,0x0000000080038C8E] -> 0x3333
[9309] [M]: 0x0000000080038C8C (0x33333537) lui a0, 0x33333
x10 <- 0x0000000033333000
mem[X,0x0000000080038C90] -> 0x0513
mem[X,0x0000000080038C92] -> 0x3335
[9310] [M]: 0x0000000080038C90 (0x33350513) addi a0, a0, 0x333
x10 <- 0x0000000033333333
mem[X,0x0000000080038C94] -> 0x1513
mem[X,0x0000000080038C96] -> 0x00B5
[9311] [M]: 0x0000000080038C94 (0x00B51513) slli a0, a0, 0xb
x10 <- 0x0000019999999800
mem[X,0x0000000080038C98] -> 0x0513
mem[X,0x0000000080038C9A] -> 0x1995
[9312] [M]: 0x0000000080038C98 (0x19950513) addi a0, a0, 0x199
x10 <- 0x0000019999999999
mem[X,0x0000000080038C9C] -> 0x1513
mem[X,0x0000000080038C9E] -> 0x00B5
[9313] [M]: 0x0000000080038C9C (0x00B51513) slli a0, a0, 0xb
x10 <- 0x000CCCCCCCCCC800
mem[X,0x0000000080038CA0] -> 0x0513
mem[X,0x0000000080038CA2] -> 0x4CC5
[9314] [M]: 0x0000000080038CA0 (0x4CC50513) addi a0, a0, 0x4cc
x10 <- 0x000CCCCCCCCCCCCC
mem[X,0x0000000080038CA4] -> 0x1513
mem[X,0x0000000080038CA6] -> 0x00A5
[9315] [M]: 0x0000000080038CA4 (0x00A51513) slli a0, a0, 0xa
x10 <- 0x3333333333333000
mem[X,0x0000000080038CA8] -> 0x0513
mem[X,0x0000000080038CAA] -> 0x3345
[9316] [M]: 0x0000000080038CA8 (0x33450513) addi a0, a0, 0x334
x10 <- 0x3333333333333334
mem[X,0x0000000080038CAC] -> 0x55B7
mem[X,0x0000000080038CAE] -> 0x5555
[9317] [M]: 0x0000000080038CAC (0x555555B7) lui a1, 0x55555
x11 <- 0x0000000055555000
mem[X,0x0000000080038CB0] -> 0x8593
mem[X,0x0000000080038CB2] -> 0x5555
[9318] [M]: 0x0000000080038CB0 (0x55558593) addi a1, a1, 0x555
x11 <- 0x0000000055555555
mem[X,0x0000000080038CB4] -> 0x9593
mem[X,0x0000000080038CB6] -> 0x00B5
[9319] [M]: 0x0000000080038CB4 (0x00B59593) slli a1, a1, 0xb
x11 <- 0x000002AAAAAAA800
mem[X,0x0000000080038CB8] -> 0x8593
mem[X,0x0000000080038CBA] -> 0x2AA5
[9320] [M]: 0x0000000080038CB8 (0x2AA58593) addi a1, a1, 0x2aa
x11 <- 0x000002AAAAAAAAAA
mem[X,0x0000000080038CBC] -> 0x9593
mem[X,0x0000000080038CBE] -> 0x00B5
[9321] [M]: 0x0000000080038CBC (0x00B59593) slli a1, a1, 0xb
x11 <- 0x0015555555555000
mem[X,0x0000000080038CC0] -> 0x8593
mem[X,0x0000000080038CC2] -> 0x5555
[9322] [M]: 0x0000000080038CC0 (0x55558593) addi a1, a1, 0x555
x11 <- 0x0015555555555555
mem[X,0x0000000080038CC4] -> 0x9593
mem[X,0x0000000080038CC6] -> 0x00A5
[9323] [M]: 0x0000000080038CC4 (0x00A59593) slli a1, a1, 0xa
x11 <- 0x5555555555555400
mem[X,0x0000000080038CC8] -> 0x8593
mem[X,0x0000000080038CCA] -> 0x1545
[9324] [M]: 0x0000000080038CC8 (0x15458593) addi a1, a1, 0x154
x11 <- 0x5555555555555554
mem[X,0x0000000080038CCC] -> 0x0113
mem[X,0x0000000080038CCE] -> 0x0000
[9325] [M]: 0x0000000080038CCC (0x00000113) addi sp, zero, 0x0
x2 <- 0x0000000000000000
mem[X,0x0000000080038CD0] -> 0x006F
mem[X,0x0000000080038CD2] -> 0x00C0
[9326] [M]: 0x0000000080038CD0 (0x00C0006F) jal zero, 0xc
mem[X,0x0000000080038CDC] -> 0x1CE3
mem[X,0x0000000080038CDE] -> 0xFEB5
[9327] [M]: 0x0000000080038CDC (0xFEB51CE3) bne a0, a1, -0x8
mem[X,0x0000000080038CD4] -> 0x0113
mem[X,0x0000000080038CD6] -> 0x0011
[9328] [M]: 0x0000000080038CD4 (0x00110113) addi sp, sp, 0x1
x2 <- 0x0000000000000001
mem[X,0x0000000080038CD8] -> 0x006F
mem[X,0x0000000080038CDA] -> 0x0180
[9329] [M]: 0x0000000080038CD8 (0x0180006F) jal zero, 0x18
mem[X,0x0000000080038CF0] -> 0xBC23
mem[X,0x0000000080038CF2] -> 0x1620
[9330] [M]: 0x0000000080038CF0 (0x1620BC23) sd sp, 0x178(ra)
mem[0x0000000080046350] <- 0x0000000000000001
mem[X,0x0000000080038CF4] -> 0x3537
mem[X,0x0000000080038CF6] -> 0x3333
[9331] [M]: 0x0000000080038CF4 (0x33333537) lui a0, 0x33333
x10 <- 0x0000000033333000
mem[X,0x0000000080038CF8] -> 0x0513
mem[X,0x0000000080038CFA] -> 0x3335
[9332] [M]: 0x0000000080038CF8 (0x33350513) addi a0, a0, 0x333
x10 <- 0x0000000033333333
mem[X,0x0000000080038CFC] -> 0x1513
mem[X,0x0000000080038CFE] -> 0x00B5
[9333] [M]: 0x0000000080038CFC (0x00B51513) slli a0, a0, 0xb
x10 <- 0x0000019999999800
mem[X,0x0000000080038D00] -> 0x0513
mem[X,0x0000000080038D02] -> 0x1995
[9334] [M]: 0x0000000080038D00 (0x19950513) addi a0, a0, 0x199
x10 <- 0x0000019999999999
mem[X,0x0000000080038D04] -> 0x1513
mem[X,0x0000000080038D06] -> 0x00B5
[9335] [M]: 0x0000000080038D04 (0x00B51513) slli a0, a0, 0xb
x10 <- 0x000CCCCCCCCCC800
mem[X,0x0000000080038D08] -> 0x0513
mem[X,0x0000000080038D0A] -> 0x4CC5
[9336] [M]: 0x0000000080038D08 (0x4CC50513) addi a0, a0, 0x4cc
x10 <- 0x000CCCCCCCCCCCCC
mem[X,0x0000000080038D0C] -> 0x1513
mem[X,0x0000000080038D0E] -> 0x00A5
[9337] [M]: 0x0000000080038D0C (0x00A51513) slli a0, a0, 0xa
x10 <- 0x3333333333333000
mem[X,0x0000000080038D10] -> 0x0513
mem[X,0x0000000080038D12] -> 0x3345
[9338] [M]: 0x0000000080038D10 (0x33450513) addi a0, a0, 0x334
x10 <- 0x3333333333333334
mem[X,0x0000000080038D14] -> 0x0593
mem[X,0x0000000080038D16] -> 0x0000
[9339] [M]: 0x0000000080038D14 (0x00000593) addi a1, zero, 0x0
x11 <- 0x0000000000000000
mem[X,0x0000000080038D18] -> 0x0113
mem[X,0x0000000080038D1A] -> 0x0000
[9340] [M]: 0x0000000080038D18 (0x00000113) addi sp, zero, 0x0
x2 <- 0x0000000000000000
mem[X,0x0000000080038D1C] -> 0x006F
mem[X,0x0000000080038D1E] -> 0x00C0
[9341] [M]: 0x0000000080038D1C (0x00C0006F) jal zero, 0xc
mem[X,0x0000000080038D28] -> 0x1CE3
mem[X,0x0000000080038D2A] -> 0xFEB5
[9342] [M]: 0x0000000080038D28 (0xFEB51CE3) bne a0, a1, -0x8
mem[X,0x0000000080038D20] -> 0x0113
mem[X,0x0000000080038D22] -> 0x0011
[9343] [M]: 0x0000000080038D20 (0x00110113) addi sp, sp, 0x1
x2 <- 0x0000000000000001
mem[X,0x0000000080038D24] -> 0x006F
mem[X,0x0000000080038D26] -> 0x0180
[9344] [M]: 0x0000000080038D24 (0x0180006F) jal zero, 0x18
mem[X,0x0000000080038D3C] -> 0xB023
mem[X,0x0000000080038D3E] -> 0x1820
[9345] [M]: 0x0000000080038D3C (0x1820B023) sd sp, 0x180(ra)
mem[0x0000000080046358] <- 0x0000000000000001
mem[X,0x0000000080038D40] -> 0x3537
mem[X,0x0000000080038D42] -> 0x3333
[9346] [M]: 0x0000000080038D40 (0x33333537) lui a0, 0x33333
x10 <- 0x0000000033333000
mem[X,0x0000000080038D44] -> 0x0513
mem[X,0x0000000080038D46] -> 0x3335
[9347] [M]: 0x0000000080038D44 (0x33350513) addi a0, a0, 0x333
x10 <- 0x0000000033333333
mem[X,0x0000000080038D48] -> 0x1513
mem[X,0x0000000080038D4A] -> 0x00B5
[9348] [M]: 0x0000000080038D48 (0x00B51513) slli a0, a0, 0xb
x10 <- 0x0000019999999800
mem[X,0x0000000080038D4C] -> 0x0513
mem[X,0x0000000080038D4E] -> 0x1995
[9349] [M]: 0x0000000080038D4C (0x19950513) addi a0, a0, 0x199
x10 <- 0x0000019999999999
mem[X,0x0000000080038D50] -> 0x1513
mem[X,0x0000000080038D52] -> 0x00B5
[9350] [M]: 0x0000000080038D50 (0x00B51513) slli a0, a0, 0xb
x10 <- 0x000CCCCCCCCCC800
mem[X,0x0000000080038D54] -> 0x0513
mem[X,0x0000000080038D56] -> 0x4CC5
[9351] [M]: 0x0000000080038D54 (0x4CC50513) addi a0, a0, 0x4cc
x10 <- 0x000CCCCCCCCCCCCC
mem[X,0x0000000080038D58] -> 0x1513
mem[X,0x0000000080038D5A] -> 0x00A5
[9352] [M]: 0x0000000080038D58 (0x00A51513) slli a0, a0, 0xa
x10 <- 0x3333333333333000
mem[X,0x0000000080038D5C] -> 0x0513
mem[X,0x0000000080038D5E] -> 0x3345
[9353] [M]: 0x0000000080038D5C (0x33450513) addi a0, a0, 0x334
x10 <- 0x3333333333333334
mem[X,0x0000000080038D60] -> 0x0593
mem[X,0x0000000080038D62] -> 0x0040
[9354] [M]: 0x0000000080038D60 (0x00400593) addi a1, zero, 0x4
x11 <- 0x0000000000000004
mem[X,0x0000000080038D64] -> 0x0113
mem[X,0x0000000080038D66] -> 0x0000
[9355] [M]: 0x0000000080038D64 (0x00000113) addi sp, zero, 0x0
x2 <- 0x0000000000000000
mem[X,0x0000000080038D68] -> 0x006F
mem[X,0x0000000080038D6A] -> 0x00C0
[9356] [M]: 0x0000000080038D68 (0x00C0006F) jal zero, 0xc
mem[X,0x0000000080038D74] -> 0x1063
mem[X,0x0000000080038D76] -> 0x02B5
[9357] [M]: 0x0000000080038D74 (0x02B51063) bne a0, a1, 0x20
mem[X,0x0000000080038D94] -> 0x0113
mem[X,0x0000000080038D96] -> 0x0031
[9358] [M]: 0x0000000080038D94 (0x00310113) addi sp, sp, 0x3
x2 <- 0x0000000000000003
mem[X,0x0000000080038D98] -> 0x006F
mem[X,0x0000000080038D9A] -> 0x0040
[9359] [M]: 0x0000000080038D98 (0x0040006F) jal zero, 0x4
mem[X,0x0000000080038D9C] -> 0xB423
mem[X,0x0000000080038D9E] -> 0x1820
[9360] [M]: 0x0000000080038D9C (0x1820B423) sd sp, 0x188(ra)
mem[0x0000000080046360] <- 0x0000000000000003
mem[X,0x0000000080038DA0] -> 0x3537
mem[X,0x0000000080038DA2] -> 0x3333
[9361] [M]: 0x0000000080038DA0 (0x33333537) lui a0, 0x33333
x10 <- 0x0000000033333000
mem[X,0x0000000080038DA4] -> 0x0513
mem[X,0x0000000080038DA6] -> 0x3335
[9362] [M]: 0x0000000080038DA4 (0x33350513) addi a0, a0, 0x333
x10 <- 0x0000000033333333
mem[X,0x0000000080038DA8] -> 0x1513
mem[X,0x0000000080038DAA] -> 0x00B5
[9363] [M]: 0x0000000080038DA8 (0x00B51513) slli a0, a0, 0xb
x10 <- 0x0000019999999800
mem[X,0x0000000080038DAC] -> 0x0513
mem[X,0x0000000080038DAE] -> 0x1995
[9364] [M]: 0x0000000080038DAC (0x19950513) addi a0, a0, 0x199
x10 <- 0x0000019999999999
mem[X,0x0000000080038DB0] -> 0x1513
mem[X,0x0000000080038DB2] -> 0x00B5
[9365] [M]: 0x0000000080038DB0 (0x00B51513) slli a0, a0, 0xb
x10 <- 0x000CCCCCCCCCC800
mem[X,0x0000000080038DB4] -> 0x0513
mem[X,0x0000000080038DB6] -> 0x4CC5
[9366] [M]: 0x0000000080038DB4 (0x4CC50513) addi a0, a0, 0x4cc
x10 <- 0x000CCCCCCCCCCCCC
mem[X,0x0000000080038DB8] -> 0x1513
mem[X,0x0000000080038DBA] -> 0x00A5
[9367] [M]: 0x0000000080038DB8 (0x00A51513) slli a0, a0, 0xa
x10 <- 0x3333333333333000
mem[X,0x0000000080038DBC] -> 0x0513
mem[X,0x0000000080038DBE] -> 0x3345
[9368] [M]: 0x0000000080038DBC (0x33450513) addi a0, a0, 0x334
x10 <- 0x3333333333333334
mem[X,0x0000000080038DC0] -> 0x35B7
mem[X,0x0000000080038DC2] -> 0x3333
[9369] [M]: 0x0000000080038DC0 (0x333335B7) lui a1, 0x33333
x11 <- 0x0000000033333000
mem[X,0x0000000080038DC4] -> 0x8593
mem[X,0x0000000080038DC6] -> 0x3335
[9370] [M]: 0x0000000080038DC4 (0x33358593) addi a1, a1, 0x333
x11 <- 0x0000000033333333
mem[X,0x0000000080038DC8] -> 0x9593
mem[X,0x0000000080038DCA] -> 0x00B5
[9371] [M]: 0x0000000080038DC8 (0x00B59593) slli a1, a1, 0xb
x11 <- 0x0000019999999800
mem[X,0x0000000080038DCC] -> 0x8593
mem[X,0x0000000080038DCE] -> 0x1995
[9372] [M]: 0x0000000080038DCC (0x19958593) addi a1, a1, 0x199
x11 <- 0x0000019999999999
mem[X,0x0000000080038DD0] -> 0x9593
mem[X,0x0000000080038DD2] -> 0x00B5
[9373] [M]: 0x0000000080038DD0 (0x00B59593) slli a1, a1, 0xb
x11 <- 0x000CCCCCCCCCC800
mem[X,0x0000000080038DD4] -> 0x8593
mem[X,0x0000000080038DD6] -> 0x4CC5
[9374] [M]: 0x0000000080038DD4 (0x4CC58593) addi a1, a1, 0x4cc
x11 <- 0x000CCCCCCCCCCCCC
mem[X,0x0000000080038DD8] -> 0x9593
mem[X,0x0000000080038DDA] -> 0x00A5
[9375] [M]: 0x0000000080038DD8 (0x00A59593) slli a1, a1, 0xa
x11 <- 0x3333333333333000
mem[X,0x0000000080038DDC] -> 0x8593
mem[X,0x0000000080038DDE] -> 0x3325
[9376] [M]: 0x0000000080038DDC (0x33258593) addi a1, a1, 0x332
x11 <- 0x3333333333333332
mem[X,0x0000000080038DE0] -> 0x0113
mem[X,0x0000000080038DE2] -> 0x0000
[9377] [M]: 0x0000000080038DE0 (0x00000113) addi sp, zero, 0x0
x2 <- 0x0000000000000000
mem[X,0x0000000080038DE4] -> 0x006F
mem[X,0x0000000080038DE6] -> 0x00C0
[9378] [M]: 0x0000000080038DE4 (0x00C0006F) jal zero, 0xc
mem[X,0x0000000080038DF0] -> 0x1663
mem[X,0x0000000080038DF2] -> 0x00B5
[9379] [M]: 0x0000000080038DF0 (0x00B51663) bne a0, a1, 0xc
mem[X,0x0000000080038DFC] -> 0x0113
mem[X,0x0000000080038DFE] -> 0x0031
[9380] [M]: 0x0000000080038DFC (0x00310113) addi sp, sp, 0x3
x2 <- 0x0000000000000003
mem[X,0x0000000080038E00] -> 0x006F
mem[X,0x0000000080038E02] -> 0x0040
[9381] [M]: 0x0000000080038E00 (0x0040006F) jal zero, 0x4
mem[X,0x0000000080038E04] -> 0xB823
mem[X,0x0000000080038E06] -> 0x1820
[9382] [M]: 0x0000000080038E04 (0x1820B823) sd sp, 0x190(ra)
mem[0x0000000080046368] <- 0x0000000000000003
mem[X,0x0000000080038E08] -> 0x3537
mem[X,0x0000000080038E0A] -> 0x3333
[9383] [M]: 0x0000000080038E08 (0x33333537) lui a0, 0x33333
x10 <- 0x0000000033333000
mem[X,0x0000000080038E0C] -> 0x0513
mem[X,0x0000000080038E0E] -> 0x3335
[9384] [M]: 0x0000000080038E0C (0x33350513) addi a0, a0, 0x333
x10 <- 0x0000000033333333
mem[X,0x0000000080038E10] -> 0x1513
mem[X,0x0000000080038E12] -> 0x00B5
[9385] [M]: 0x0000000080038E10 (0x00B51513) slli a0, a0, 0xb
x10 <- 0x0000019999999800
mem[X,0x0000000080038E14] -> 0x0513
mem[X,0x0000000080038E16] -> 0x1995
[9386] [M]: 0x0000000080038E14 (0x19950513) addi a0, a0, 0x199
x10 <- 0x0000019999999999
mem[X,0x0000000080038E18] -> 0x1513
mem[X,0x0000000080038E1A] -> 0x00B5
[9387] [M]: 0x0000000080038E18 (0x00B51513) slli a0, a0, 0xb
x10 <- 0x000CCCCCCCCCC800
mem[X,0x0000000080038E1C] -> 0x0513
mem[X,0x0000000080038E1E] -> 0x4CC5
[9388] [M]: 0x0000000080038E1C (0x4CC50513) addi a0, a0, 0x4cc
x10 <- 0x000CCCCCCCCCCCCC
mem[X,0x0000000080038E20] -> 0x1513
mem[X,0x0000000080038E22] -> 0x00A5
[9389] [M]: 0x0000000080038E20 (0x00A51513) slli a0, a0, 0xa
x10 <- 0x3333333333333000
mem[X,0x0000000080038E24] -> 0x0513
mem[X,0x0000000080038E26] -> 0x3345
[9390] [M]: 0x0000000080038E24 (0x33450513) addi a0, a0, 0x334
x10 <- 0x3333333333333334
mem[X,0x0000000080038E28] -> 0x65B7
mem[X,0x0000000080038E2A] -> 0x6666
[9391] [M]: 0x0000000080038E28 (0x666665B7) lui a1, 0x66666
x11 <- 0x0000000066666000
mem[X,0x0000000080038E2C] -> 0x8593
mem[X,0x0000000080038E2E] -> 0x6665
[9392] [M]: 0x0000000080038E2C (0x66658593) addi a1, a1, 0x666
x11 <- 0x0000000066666666
mem[X,0x0000000080038E30] -> 0x9593
mem[X,0x0000000080038E32] -> 0x00B5
[9393] [M]: 0x0000000080038E30 (0x00B59593) slli a1, a1, 0xb
x11 <- 0x0000033333333000
mem[X,0x0000000080038E34] -> 0x8593
mem[X,0x0000000080038E36] -> 0x3335
[9394] [M]: 0x0000000080038E34 (0x33358593) addi a1, a1, 0x333
x11 <- 0x0000033333333333
mem[X,0x0000000080038E38] -> 0x9593
mem[X,0x0000000080038E3A] -> 0x00B5
[9395] [M]: 0x0000000080038E38 (0x00B59593) slli a1, a1, 0xb
x11 <- 0x0019999999999800
mem[X,0x0000000080038E3C] -> 0x8593
mem[X,0x0000000080038E3E] -> 0x1995
[9396] [M]: 0x0000000080038E3C (0x19958593) addi a1, a1, 0x199
x11 <- 0x0019999999999999
mem[X,0x0000000080038E40] -> 0x9593
mem[X,0x0000000080038E42] -> 0x00A5
[9397] [M]: 0x0000000080038E40 (0x00A59593) slli a1, a1, 0xa
x11 <- 0x6666666666666400
mem[X,0x0000000080038E44] -> 0x8593
mem[X,0x0000000080038E46] -> 0x2655
[9398] [M]: 0x0000000080038E44 (0x26558593) addi a1, a1, 0x265
x11 <- 0x6666666666666665
mem[X,0x0000000080038E48] -> 0x0113
mem[X,0x0000000080038E4A] -> 0x0000
[9399] [M]: 0x0000000080038E48 (0x00000113) addi sp, zero, 0x0
x2 <- 0x0000000000000000
clint::tick mtime <- 0x000000000000005E
 clint timer pending at mtime 0x000000000000005E
htif::tick 0x0000000000000000
mem[X,0x0000000080038E4C] -> 0x006F
mem[X,0x0000000080038E4E] -> 0x00C0
[9400] [M]: 0x0000000080038E4C (0x00C0006F) jal zero, 0xc
mem[X,0x0000000080038E58] -> 0x1CE3
mem[X,0x0000000080038E5A] -> 0xFEB5
[9401] [M]: 0x0000000080038E58 (0xFEB51CE3) bne a0, a1, -0x8
mem[X,0x0000000080038E50] -> 0x0113
mem[X,0x0000000080038E52] -> 0x0011
[9402] [M]: 0x0000000080038E50 (0x00110113) addi sp, sp, 0x1
x2 <- 0x0000000000000001
mem[X,0x0000000080038E54] -> 0x006F
mem[X,0x0000000080038E56] -> 0x0180
[9403] [M]: 0x0000000080038E54 (0x0180006F) jal zero, 0x18
mem[X,0x0000000080038E6C] -> 0xBC23
mem[X,0x0000000080038E6E] -> 0x1820
[9404] [M]: 0x0000000080038E6C (0x1820BC23) sd sp, 0x198(ra)
mem[0x0000000080046370] <- 0x0000000000000001
mem[X,0x0000000080038E70] -> 0x3537
mem[X,0x0000000080038E72] -> 0x3333
[9405] [M]: 0x0000000080038E70 (0x33333537) lui a0, 0x33333
x10 <- 0x0000000033333000
mem[X,0x0000000080038E74] -> 0x0513
mem[X,0x0000000080038E76] -> 0x3335
[9406] [M]: 0x0000000080038E74 (0x33350513) addi a0, a0, 0x333
x10 <- 0x0000000033333333
mem[X,0x0000000080038E78] -> 0x1513
mem[X,0x0000000080038E7A] -> 0x00B5
[9407] [M]: 0x0000000080038E78 (0x00B51513) slli a0, a0, 0xb
x10 <- 0x0000019999999800
mem[X,0x0000000080038E7C] -> 0x0513
mem[X,0x0000000080038E7E] -> 0x1995
[9408] [M]: 0x0000000080038E7C (0x19950513) addi a0, a0, 0x199
x10 <- 0x0000019999999999
mem[X,0x0000000080038E80] -> 0x1513
mem[X,0x0000000080038E82] -> 0x00B5
[9409] [M]: 0x0000000080038E80 (0x00B51513) slli a0, a0, 0xb
x10 <- 0x000CCCCCCCCCC800
mem[X,0x0000000080038E84] -> 0x0513
mem[X,0x0000000080038E86] -> 0x4CC5
[9410] [M]: 0x0000000080038E84 (0x4CC50513) addi a0, a0, 0x4cc
x10 <- 0x000CCCCCCCCCCCCC
mem[X,0x0000000080038E88] -> 0x1513
mem[X,0x0000000080038E8A] -> 0x00A5
[9411] [M]: 0x0000000080038E88 (0x00A51513) slli a0, a0, 0xa
x10 <- 0x3333333333333000
mem[X,0x0000000080038E8C] -> 0x0513
mem[X,0x0000000080038E8E] -> 0x3345
[9412] [M]: 0x0000000080038E8C (0x33450513) addi a0, a0, 0x334
x10 <- 0x3333333333333334
mem[X,0x0000000080038E90] -> 0x05B7
mem[X,0x0000000080038E92] -> 0x0000
[9413] [M]: 0x0000000080038E90 (0x000005B7) lui a1, 0x0
x11 <- 0x0000000000000000
mem[X,0x0000000080038E94] -> 0x8593
mem[X,0x0000000080038E96] -> 0x0005
[9414] [M]: 0x0000000080038E94 (0x00058593) addi a1, a1, 0x0
x11 <- 0x0000000000000000
mem[X,0x0000000080038E98] -> 0x9593
mem[X,0x0000000080038E9A] -> 0x00B5
[9415] [M]: 0x0000000080038E98 (0x00B59593) slli a1, a1, 0xb
x11 <- 0x0000000000000000
mem[X,0x0000000080038E9C] -> 0x8593
mem[X,0x0000000080038E9E] -> 0x5A85
[9416] [M]: 0x0000000080038E9C (0x5A858593) addi a1, a1, 0x5a8
x11 <- 0x00000000000005A8
mem[X,0x0000000080038EA0] -> 0x9593
mem[X,0x0000000080038EA2] -> 0x00B5
[9417] [M]: 0x0000000080038EA0 (0x00B59593) slli a1, a1, 0xb
x11 <- 0x00000000002D4000
mem[X,0x0000000080038EA4] -> 0x8593
mem[X,0x0000000080038EA6] -> 0x13C5
[9418] [M]: 0x0000000080038EA4 (0x13C58593) addi a1, a1, 0x13c
x11 <- 0x00000000002D413C
mem[X,0x0000000080038EA8] -> 0x9593
mem[X,0x0000000080038EAA] -> 0x00A5
[9419] [M]: 0x0000000080038EA8 (0x00A59593) slli a1, a1, 0xa
x11 <- 0x00000000B504F000
mem[X,0x0000000080038EAC] -> 0x8593
mem[X,0x0000000080038EAE] -> 0x3325
[9420] [M]: 0x0000000080038EAC (0x33258593) addi a1, a1, 0x332
x11 <- 0x00000000B504F332
mem[X,0x0000000080038EB0] -> 0x0113
mem[X,0x0000000080038EB2] -> 0x0000
[9421] [M]: 0x0000000080038EB0 (0x00000113) addi sp, zero, 0x0
x2 <- 0x0000000000000000
mem[X,0x0000000080038EB4] -> 0x006F
mem[X,0x0000000080038EB6] -> 0x00C0
[9422] [M]: 0x0000000080038EB4 (0x00C0006F) jal zero, 0xc
mem[X,0x0000000080038EC0] -> 0x1063
mem[X,0x0000000080038EC2] -> 0x02B5
[9423] [M]: 0x0000000080038EC0 (0x02B51063) bne a0, a1, 0x20
mem[X,0x0000000080038EE0] -> 0x0113
mem[X,0x0000000080038EE2] -> 0x0031
[9424] [M]: 0x0000000080038EE0 (0x00310113) addi sp, sp, 0x3
x2 <- 0x0000000000000003
mem[X,0x0000000080038EE4] -> 0x006F
mem[X,0x0000000080038EE6] -> 0x0040
[9425] [M]: 0x0000000080038EE4 (0x0040006F) jal zero, 0x4
mem[X,0x0000000080038EE8] -> 0xB023
mem[X,0x0000000080038EEA] -> 0x1A20
[9426] [M]: 0x0000000080038EE8 (0x1A20B023) sd sp, 0x1a0(ra)
mem[0x0000000080046378] <- 0x0000000000000003
mem[X,0x0000000080038EEC] -> 0x3537
mem[X,0x0000000080038EEE] -> 0x3333
[9427] [M]: 0x0000000080038EEC (0x33333537) lui a0, 0x33333
x10 <- 0x0000000033333000
mem[X,0x0000000080038EF0] -> 0x0513
mem[X,0x0000000080038EF2] -> 0x3335
[9428] [M]: 0x0000000080038EF0 (0x33350513) addi a0, a0, 0x333
x10 <- 0x0000000033333333
mem[X,0x0000000080038EF4] -> 0x1513
mem[X,0x0000000080038EF6] -> 0x00B5
[9429] [M]: 0x0000000080038EF4 (0x00B51513) slli a0, a0, 0xb
x10 <- 0x0000019999999800
mem[X,0x0000000080038EF8] -> 0x0513
mem[X,0x0000000080038EFA] -> 0x1995
[9430] [M]: 0x0000000080038EF8 (0x19950513) addi a0, a0, 0x199
x10 <- 0x0000019999999999
mem[X,0x0000000080038EFC] -> 0x1513
mem[X,0x0000000080038EFE] -> 0x00B5
[9431] [M]: 0x0000000080038EFC (0x00B51513) slli a0, a0, 0xb
x10 <- 0x000CCCCCCCCCC800
mem[X,0x0000000080038F00] -> 0x0513
mem[X,0x0000000080038F02] -> 0x4CC5
[9432] [M]: 0x0000000080038F00 (0x4CC50513) addi a0, a0, 0x4cc
x10 <- 0x000CCCCCCCCCCCCC
mem[X,0x0000000080038F04] -> 0x1513
mem[X,0x0000000080038F06] -> 0x00A5
[9433] [M]: 0x0000000080038F04 (0x00A51513) slli a0, a0, 0xa
x10 <- 0x3333333333333000
mem[X,0x0000000080038F08] -> 0x0513
mem[X,0x0000000080038F0A] -> 0x3345
[9434] [M]: 0x0000000080038F08 (0x33450513) addi a0, a0, 0x334
x10 <- 0x3333333333333334
mem[X,0x0000000080038F0C] -> 0x55B7
mem[X,0x0000000080038F0E] -> 0x5555
[9435] [M]: 0x0000000080038F0C (0x555555B7) lui a1, 0x55555
x11 <- 0x0000000055555000
mem[X,0x0000000080038F10] -> 0x8593
mem[X,0x0000000080038F12] -> 0x5555
[9436] [M]: 0x0000000080038F10 (0x55558593) addi a1, a1, 0x555
x11 <- 0x0000000055555555
mem[X,0x0000000080038F14] -> 0x9593
mem[X,0x0000000080038F16] -> 0x00B5
[9437] [M]: 0x0000000080038F14 (0x00B59593) slli a1, a1, 0xb
x11 <- 0x000002AAAAAAA800
mem[X,0x0000000080038F18] -> 0x8593
mem[X,0x0000000080038F1A] -> 0x2AA5
[9438] [M]: 0x0000000080038F18 (0x2AA58593) addi a1, a1, 0x2aa
x11 <- 0x000002AAAAAAAAAA
mem[X,0x0000000080038F1C] -> 0x9593
mem[X,0x0000000080038F1E] -> 0x00B5
[9439] [M]: 0x0000000080038F1C (0x00B59593) slli a1, a1, 0xb
x11 <- 0x0015555555555000
mem[X,0x0000000080038F20] -> 0x8593
mem[X,0x0000000080038F22] -> 0x5555
[9440] [M]: 0x0000000080038F20 (0x55558593) addi a1, a1, 0x555
x11 <- 0x0015555555555555
mem[X,0x0000000080038F24] -> 0x9593
mem[X,0x0000000080038F26] -> 0x00A5
[9441] [M]: 0x0000000080038F24 (0x00A59593) slli a1, a1, 0xa
x11 <- 0x5555555555555400
mem[X,0x0000000080038F28] -> 0x8593
mem[X,0x0000000080038F2A] -> 0x1565
[9442] [M]: 0x0000000080038F28 (0x15658593) addi a1, a1, 0x156
x11 <- 0x5555555555555556
mem[X,0x0000000080038F2C] -> 0x0113
mem[X,0x0000000080038F2E] -> 0x0000
[9443] [M]: 0x0000000080038F2C (0x00000113) addi sp, zero, 0x0
x2 <- 0x0000000000000000
mem[X,0x0000000080038F30] -> 0x006F
mem[X,0x0000000080038F32] -> 0x00C0
[9444] [M]: 0x0000000080038F30 (0x00C0006F) jal zero, 0xc
mem[X,0x0000000080038F3C] -> 0x1063
mem[X,0x0000000080038F3E] -> 0x20B5
[9445] [M]: 0x0000000080038F3C (0x20B51063) bne a0, a1, 0x200
mem[X,0x000000008003913C] -> 0x0113
mem[X,0x000000008003913E] -> 0x0031
[9446] [M]: 0x000000008003913C (0x00310113) addi sp, sp, 0x3
x2 <- 0x0000000000000003
mem[X,0x0000000080039140] -> 0x006F
mem[X,0x0000000080039142] -> 0x0040
[9447] [M]: 0x0000000080039140 (0x0040006F) jal zero, 0x4
mem[X,0x0000000080039144] -> 0xB423
mem[X,0x0000000080039146] -> 0x1A20
[9448] [M]: 0x0000000080039144 (0x1A20B423) sd sp, 0x1a8(ra)
mem[0x0000000080046380] <- 0x0000000000000003
mem[X,0x0000000080039148] -> 0x3537
mem[X,0x000000008003914A] -> 0x3333
[9449] [M]: 0x0000000080039148 (0x33333537) lui a0, 0x33333
x10 <- 0x0000000033333000
mem[X,0x000000008003914C] -> 0x0513
mem[X,0x000000008003914E] -> 0x3335
[9450] [M]: 0x000000008003914C (0x33350513) addi a0, a0, 0x333
x10 <- 0x0000000033333333
mem[X,0x0000000080039150] -> 0x1513
mem[X,0x0000000080039152] -> 0x00B5
[9451] [M]: 0x0000000080039150 (0x00B51513) slli a0, a0, 0xb
x10 <- 0x0000019999999800
mem[X,0x0000000080039154] -> 0x0513
mem[X,0x0000000080039156] -> 0x1995
[9452] [M]: 0x0000000080039154 (0x19950513) addi a0, a0, 0x199
x10 <- 0x0000019999999999
mem[X,0x0000000080039158] -> 0x1513
mem[X,0x000000008003915A] -> 0x00B5
[9453] [M]: 0x0000000080039158 (0x00B51513) slli a0, a0, 0xb
x10 <- 0x000CCCCCCCCCC800
mem[X,0x000000008003915C] -> 0x0513
mem[X,0x000000008003915E] -> 0x4CC5
[9454] [M]: 0x000000008003915C (0x4CC50513) addi a0, a0, 0x4cc
x10 <- 0x000CCCCCCCCCCCCC
mem[X,0x0000000080039160] -> 0x1513
mem[X,0x0000000080039162] -> 0x00A5
[9455] [M]: 0x0000000080039160 (0x00A51513) slli a0, a0, 0xa
x10 <- 0x3333333333333000
mem[X,0x0000000080039164] -> 0x0513
mem[X,0x0000000080039166] -> 0x3345
[9456] [M]: 0x0000000080039164 (0x33450513) addi a0, a0, 0x334
x10 <- 0x3333333333333334
mem[X,0x0000000080039168] -> 0xB5B7
mem[X,0x000000008003916A] -> 0xAAAA
[9457] [M]: 0x0000000080039168 (0xAAAAB5B7) lui a1, -0x55555
x11 <- 0xFFFFFFFFAAAAB000
mem[X,0x000000008003916C] -> 0x8593
mem[X,0x000000008003916E] -> 0xAAA5
[9458] [M]: 0x000000008003916C (0xAAA58593) addi a1, a1, -0x556
x11 <- 0xFFFFFFFFAAAAAAAA
mem[X,0x0000000080039170] -> 0x9593
mem[X,0x0000000080039172] -> 0x00B5
[9459] [M]: 0x0000000080039170 (0x00B59593) slli a1, a1, 0xb
x11 <- 0xFFFFFD5555555000
mem[X,0x0000000080039174] -> 0x8593
mem[X,0x0000000080039176] -> 0x5555
[9460] [M]: 0x0000000080039174 (0x55558593) addi a1, a1, 0x555
x11 <- 0xFFFFFD5555555555
mem[X,0x0000000080039178] -> 0x9593
mem[X,0x000000008003917A] -> 0x00B5
[9461] [M]: 0x0000000080039178 (0x00B59593) slli a1, a1, 0xb
x11 <- 0xFFEAAAAAAAAAA800
mem[X,0x000000008003917C] -> 0x8593
mem[X,0x000000008003917E] -> 0x2AA5
[9462] [M]: 0x000000008003917C (0x2AA58593) addi a1, a1, 0x2aa
x11 <- 0xFFEAAAAAAAAAAAAA
mem[X,0x0000000080039180] -> 0x9593
mem[X,0x0000000080039182] -> 0x00A5
[9463] [M]: 0x0000000080039180 (0x00A59593) slli a1, a1, 0xa
x11 <- 0xAAAAAAAAAAAAA800
mem[X,0x0000000080039184] -> 0x8593
mem[X,0x0000000080039186] -> 0x2AB5
[9464] [M]: 0x0000000080039184 (0x2AB58593) addi a1, a1, 0x2ab
x11 <- 0xAAAAAAAAAAAAAAAB
mem[X,0x0000000080039188] -> 0x0113
mem[X,0x000000008003918A] -> 0x0000
[9465] [M]: 0x0000000080039188 (0x00000113) addi sp, zero, 0x0
x2 <- 0x0000000000000000
mem[X,0x000000008003918C] -> 0x006F
mem[X,0x000000008003918E] -> 0x00C0
[9466] [M]: 0x000000008003918C (0x00C0006F) jal zero, 0xc
mem[X,0x0000000080039198] -> 0x1063
mem[X,0x000000008003919A] -> 0x20B5
[9467] [M]: 0x0000000080039198 (0x20B51063) bne a0, a1, 0x200
mem[X,0x0000000080039398] -> 0x0113
mem[X,0x000000008003939A] -> 0x0031
[9468] [M]: 0x0000000080039398 (0x00310113) addi sp, sp, 0x3
x2 <- 0x0000000000000003
mem[X,0x000000008003939C] -> 0x006F
mem[X,0x000000008003939E] -> 0x0040
[9469] [M]: 0x000000008003939C (0x0040006F) jal zero, 0x4
mem[X,0x00000000800393A0] -> 0xB823
mem[X,0x00000000800393A2] -> 0x1A20
[9470] [M]: 0x00000000800393A0 (0x1A20B823) sd sp, 0x1b0(ra)
mem[0x0000000080046388] <- 0x0000000000000003
mem[X,0x00000000800393A4] -> 0x3537
mem[X,0x00000000800393A6] -> 0x3333
[9471] [M]: 0x00000000800393A4 (0x33333537) lui a0, 0x33333
x10 <- 0x0000000033333000
mem[X,0x00000000800393A8] -> 0x0513
mem[X,0x00000000800393AA] -> 0x3335
[9472] [M]: 0x00000000800393A8 (0x33350513) addi a0, a0, 0x333
x10 <- 0x0000000033333333
mem[X,0x00000000800393AC] -> 0x1513
mem[X,0x00000000800393AE] -> 0x00B5
[9473] [M]: 0x00000000800393AC (0x00B51513) slli a0, a0, 0xb
x10 <- 0x0000019999999800
mem[X,0x00000000800393B0] -> 0x0513
mem[X,0x00000000800393B2] -> 0x1995
[9474] [M]: 0x00000000800393B0 (0x19950513) addi a0, a0, 0x199
x10 <- 0x0000019999999999
mem[X,0x00000000800393B4] -> 0x1513
mem[X,0x00000000800393B6] -> 0x00B5
[9475] [M]: 0x00000000800393B4 (0x00B51513) slli a0, a0, 0xb
x10 <- 0x000CCCCCCCCCC800
mem[X,0x00000000800393B8] -> 0x0513
mem[X,0x00000000800393BA] -> 0x4CC5
[9476] [M]: 0x00000000800393B8 (0x4CC50513) addi a0, a0, 0x4cc
x10 <- 0x000CCCCCCCCCCCCC
mem[X,0x00000000800393BC] -> 0x1513
mem[X,0x00000000800393BE] -> 0x00A5
[9477] [M]: 0x00000000800393BC (0x00A51513) slli a0, a0, 0xa
x10 <- 0x3333333333333000
mem[X,0x00000000800393C0] -> 0x0513
mem[X,0x00000000800393C2] -> 0x3345
[9478] [M]: 0x00000000800393C0 (0x33450513) addi a0, a0, 0x334
x10 <- 0x3333333333333334
mem[X,0x00000000800393C4] -> 0x0593
mem[X,0x00000000800393C6] -> 0x0060
[9479] [M]: 0x00000000800393C4 (0x00600593) addi a1, zero, 0x6
x11 <- 0x0000000000000006
mem[X,0x00000000800393C8] -> 0x0113
mem[X,0x00000000800393CA] -> 0x0000
[9480] [M]: 0x00000000800393C8 (0x00000113) addi sp, zero, 0x0
x2 <- 0x0000000000000000
mem[X,0x00000000800393CC] -> 0x006F
mem[X,0x00000000800393CE] -> 0x00C0
[9481] [M]: 0x00000000800393CC (0x00C0006F) jal zero, 0xc
mem[X,0x00000000800393D8] -> 0x1663
mem[X,0x00000000800393DA] -> 0x00B5
[9482] [M]: 0x00000000800393D8 (0x00B51663) bne a0, a1, 0xc
mem[X,0x00000000800393E4] -> 0x0113
mem[X,0x00000000800393E6] -> 0x0031
[9483] [M]: 0x00000000800393E4 (0x00310113) addi sp, sp, 0x3
x2 <- 0x0000000000000003
mem[X,0x00000000800393E8] -> 0x006F
mem[X,0x00000000800393EA] -> 0x0040
[9484] [M]: 0x00000000800393E8 (0x0040006F) jal zero, 0x4
mem[X,0x00000000800393EC] -> 0xBC23
mem[X,0x00000000800393EE] -> 0x1A20
[9485] [M]: 0x00000000800393EC (0x1A20BC23) sd sp, 0x1b8(ra)
mem[0x0000000080046390] <- 0x0000000000000003
mem[X,0x00000000800393F0] -> 0x3537
mem[X,0x00000000800393F2] -> 0x3333
[9486] [M]: 0x00000000800393F0 (0x33333537) lui a0, 0x33333
x10 <- 0x0000000033333000
mem[X,0x00000000800393F4] -> 0x0513
mem[X,0x00000000800393F6] -> 0x3335
[9487] [M]: 0x00000000800393F4 (0x33350513) addi a0, a0, 0x333
x10 <- 0x0000000033333333
mem[X,0x00000000800393F8] -> 0x1513
mem[X,0x00000000800393FA] -> 0x00B5
[9488] [M]: 0x00000000800393F8 (0x00B51513) slli a0, a0, 0xb
x10 <- 0x0000019999999800
mem[X,0x00000000800393FC] -> 0x0513
mem[X,0x00000000800393FE] -> 0x1995
[9489] [M]: 0x00000000800393FC (0x19950513) addi a0, a0, 0x199
x10 <- 0x0000019999999999
mem[X,0x0000000080039400] -> 0x1513
mem[X,0x0000000080039402] -> 0x00B5
[9490] [M]: 0x0000000080039400 (0x00B51513) slli a0, a0, 0xb
x10 <- 0x000CCCCCCCCCC800
mem[X,0x0000000080039404] -> 0x0513
mem[X,0x0000000080039406] -> 0x4CC5
[9491] [M]: 0x0000000080039404 (0x4CC50513) addi a0, a0, 0x4cc
x10 <- 0x000CCCCCCCCCCCCC
mem[X,0x0000000080039408] -> 0x1513
mem[X,0x000000008003940A] -> 0x00A5
[9492] [M]: 0x0000000080039408 (0x00A51513) slli a0, a0, 0xa
x10 <- 0x3333333333333000
mem[X,0x000000008003940C] -> 0x0513
mem[X,0x000000008003940E] -> 0x3345
[9493] [M]: 0x000000008003940C (0x33450513) addi a0, a0, 0x334
x10 <- 0x3333333333333334
mem[X,0x0000000080039410] -> 0x35B7
mem[X,0x0000000080039412] -> 0x3333
[9494] [M]: 0x0000000080039410 (0x333335B7) lui a1, 0x33333
x11 <- 0x0000000033333000
mem[X,0x0000000080039414] -> 0x8593
mem[X,0x0000000080039416] -> 0x3335
[9495] [M]: 0x0000000080039414 (0x33358593) addi a1, a1, 0x333
x11 <- 0x0000000033333333
mem[X,0x0000000080039418] -> 0x9593
mem[X,0x000000008003941A] -> 0x00B5
[9496] [M]: 0x0000000080039418 (0x00B59593) slli a1, a1, 0xb
x11 <- 0x0000019999999800
mem[X,0x000000008003941C] -> 0x8593
mem[X,0x000000008003941E] -> 0x1995
[9497] [M]: 0x000000008003941C (0x19958593) addi a1, a1, 0x199
x11 <- 0x0000019999999999
mem[X,0x0000000080039420] -> 0x9593
mem[X,0x0000000080039422] -> 0x00B5
[9498] [M]: 0x0000000080039420 (0x00B59593) slli a1, a1, 0xb
x11 <- 0x000CCCCCCCCCC800
mem[X,0x0000000080039424] -> 0x8593
mem[X,0x0000000080039426] -> 0x4CC5
[9499] [M]: 0x0000000080039424 (0x4CC58593) addi a1, a1, 0x4cc
x11 <- 0x000CCCCCCCCCCCCC
clint::tick mtime <- 0x000000000000005F
 clint timer pending at mtime 0x000000000000005F
htif::tick 0x0000000000000000
mem[X,0x0000000080039428] -> 0x9593
mem[X,0x000000008003942A] -> 0x00A5
[9500] [M]: 0x0000000080039428 (0x00A59593) slli a1, a1, 0xa
x11 <- 0x3333333333333000
mem[X,0x000000008003942C] -> 0x8593
mem[X,0x000000008003942E] -> 0x3345
[9501] [M]: 0x000000008003942C (0x33458593) addi a1, a1, 0x334
x11 <- 0x3333333333333334
mem[X,0x0000000080039430] -> 0x0113
mem[X,0x0000000080039432] -> 0x0000
[9502] [M]: 0x0000000080039430 (0x00000113) addi sp, zero, 0x0
x2 <- 0x0000000000000000
mem[X,0x0000000080039434] -> 0x006F
mem[X,0x0000000080039436] -> 0x00C0
[9503] [M]: 0x0000000080039434 (0x00C0006F) jal zero, 0xc
mem[X,0x0000000080039440] -> 0x1063
mem[X,0x0000000080039442] -> 0x04B5
[9504] [M]: 0x0000000080039440 (0x04B51063) bne a0, a1, 0x40
mem[X,0x0000000080039444] -> 0x0113
mem[X,0x0000000080039446] -> 0x0021
[9505] [M]: 0x0000000080039444 (0x00210113) addi sp, sp, 0x2
x2 <- 0x0000000000000002
mem[X,0x0000000080039448] -> 0x006F
mem[X,0x000000008003944A] -> 0x0400
[9506] [M]: 0x0000000080039448 (0x0400006F) jal zero, 0x40
mem[X,0x0000000080039488] -> 0xB023
mem[X,0x000000008003948A] -> 0x1C20
[9507] [M]: 0x0000000080039488 (0x1C20B023) sd sp, 0x1c0(ra)
mem[0x0000000080046398] <- 0x0000000000000002
mem[X,0x000000008003948C] -> 0x3537
mem[X,0x000000008003948E] -> 0x3333
[9508] [M]: 0x000000008003948C (0x33333537) lui a0, 0x33333
x10 <- 0x0000000033333000
mem[X,0x0000000080039490] -> 0x0513
mem[X,0x0000000080039492] -> 0x3335
[9509] [M]: 0x0000000080039490 (0x33350513) addi a0, a0, 0x333
x10 <- 0x0000000033333333
mem[X,0x0000000080039494] -> 0x1513
mem[X,0x0000000080039496] -> 0x00B5
[9510] [M]: 0x0000000080039494 (0x00B51513) slli a0, a0, 0xb
x10 <- 0x0000019999999800
mem[X,0x0000000080039498] -> 0x0513
mem[X,0x000000008003949A] -> 0x1995
[9511] [M]: 0x0000000080039498 (0x19950513) addi a0, a0, 0x199
x10 <- 0x0000019999999999
mem[X,0x000000008003949C] -> 0x1513
mem[X,0x000000008003949E] -> 0x00B5
[9512] [M]: 0x000000008003949C (0x00B51513) slli a0, a0, 0xb
x10 <- 0x000CCCCCCCCCC800
mem[X,0x00000000800394A0] -> 0x0513
mem[X,0x00000000800394A2] -> 0x4CC5
[9513] [M]: 0x00000000800394A0 (0x4CC50513) addi a0, a0, 0x4cc
x10 <- 0x000CCCCCCCCCCCCC
mem[X,0x00000000800394A4] -> 0x1513
mem[X,0x00000000800394A6] -> 0x00A5
[9514] [M]: 0x00000000800394A4 (0x00A51513) slli a0, a0, 0xa
x10 <- 0x3333333333333000
mem[X,0x00000000800394A8] -> 0x0513
mem[X,0x00000000800394AA] -> 0x3345
[9515] [M]: 0x00000000800394A8 (0x33450513) addi a0, a0, 0x334
x10 <- 0x3333333333333334
mem[X,0x00000000800394AC] -> 0x65B7
mem[X,0x00000000800394AE] -> 0x6666
[9516] [M]: 0x00000000800394AC (0x666665B7) lui a1, 0x66666
x11 <- 0x0000000066666000
mem[X,0x00000000800394B0] -> 0x8593
mem[X,0x00000000800394B2] -> 0x6665
[9517] [M]: 0x00000000800394B0 (0x66658593) addi a1, a1, 0x666
x11 <- 0x0000000066666666
mem[X,0x00000000800394B4] -> 0x9593
mem[X,0x00000000800394B6] -> 0x00B5
[9518] [M]: 0x00000000800394B4 (0x00B59593) slli a1, a1, 0xb
x11 <- 0x0000033333333000
mem[X,0x00000000800394B8] -> 0x8593
mem[X,0x00000000800394BA] -> 0x3335
[9519] [M]: 0x00000000800394B8 (0x33358593) addi a1, a1, 0x333
x11 <- 0x0000033333333333
mem[X,0x00000000800394BC] -> 0x9593
mem[X,0x00000000800394BE] -> 0x00B5
[9520] [M]: 0x00000000800394BC (0x00B59593) slli a1, a1, 0xb
x11 <- 0x0019999999999800
mem[X,0x00000000800394C0] -> 0x8593
mem[X,0x00000000800394C2] -> 0x1995
[9521] [M]: 0x00000000800394C0 (0x19958593) addi a1, a1, 0x199
x11 <- 0x0019999999999999
mem[X,0x00000000800394C4] -> 0x9593
mem[X,0x00000000800394C6] -> 0x00A5
[9522] [M]: 0x00000000800394C4 (0x00A59593) slli a1, a1, 0xa
x11 <- 0x6666666666666400
mem[X,0x00000000800394C8] -> 0x8593
mem[X,0x00000000800394CA] -> 0x2675
[9523] [M]: 0x00000000800394C8 (0x26758593) addi a1, a1, 0x267
x11 <- 0x6666666666666667
mem[X,0x00000000800394CC] -> 0x0113
mem[X,0x00000000800394CE] -> 0x0000
[9524] [M]: 0x00000000800394CC (0x00000113) addi sp, zero, 0x0
x2 <- 0x0000000000000000
mem[X,0x00000000800394D0] -> 0x006F
mem[X,0x00000000800394D2] -> 0x0180
[9525] [M]: 0x00000000800394D0 (0x0180006F) jal zero, 0x18
mem[X,0x00000000800394E8] -> 0x16E3
mem[X,0x00000000800394EA] -> 0xFEB5
[9526] [M]: 0x00000000800394E8 (0xFEB516E3) bne a0, a1, -0x14
mem[X,0x00000000800394D4] -> 0x0113
mem[X,0x00000000800394D6] -> 0x0011
[9527] [M]: 0x00000000800394D4 (0x00110113) addi sp, sp, 0x1
x2 <- 0x0000000000000001
mem[X,0x00000000800394D8] -> 0x006F
mem[X,0x00000000800394DA] -> 0x0240
[9528] [M]: 0x00000000800394D8 (0x0240006F) jal zero, 0x24
mem[X,0x00000000800394FC] -> 0xB423
mem[X,0x00000000800394FE] -> 0x1C20
[9529] [M]: 0x00000000800394FC (0x1C20B423) sd sp, 0x1c8(ra)
mem[0x00000000800463A0] <- 0x0000000000000001
mem[X,0x0000000080039500] -> 0x3537
mem[X,0x0000000080039502] -> 0x3333
[9530] [M]: 0x0000000080039500 (0x33333537) lui a0, 0x33333
x10 <- 0x0000000033333000
mem[X,0x0000000080039504] -> 0x0513
mem[X,0x0000000080039506] -> 0x3335
[9531] [M]: 0x0000000080039504 (0x33350513) addi a0, a0, 0x333
x10 <- 0x0000000033333333
mem[X,0x0000000080039508] -> 0x1513
mem[X,0x000000008003950A] -> 0x00B5
[9532] [M]: 0x0000000080039508 (0x00B51513) slli a0, a0, 0xb
x10 <- 0x0000019999999800
mem[X,0x000000008003950C] -> 0x0513
mem[X,0x000000008003950E] -> 0x1995
[9533] [M]: 0x000000008003950C (0x19950513) addi a0, a0, 0x199
x10 <- 0x0000019999999999
mem[X,0x0000000080039510] -> 0x1513
mem[X,0x0000000080039512] -> 0x00B5
[9534] [M]: 0x0000000080039510 (0x00B51513) slli a0, a0, 0xb
x10 <- 0x000CCCCCCCCCC800
mem[X,0x0000000080039514] -> 0x0513
mem[X,0x0000000080039516] -> 0x4CC5
[9535] [M]: 0x0000000080039514 (0x4CC50513) addi a0, a0, 0x4cc
x10 <- 0x000CCCCCCCCCCCCC
mem[X,0x0000000080039518] -> 0x1513
mem[X,0x000000008003951A] -> 0x00A5
[9536] [M]: 0x0000000080039518 (0x00A51513) slli a0, a0, 0xa
x10 <- 0x3333333333333000
mem[X,0x000000008003951C] -> 0x0513
mem[X,0x000000008003951E] -> 0x3345
[9537] [M]: 0x000000008003951C (0x33450513) addi a0, a0, 0x334
x10 <- 0x3333333333333334
mem[X,0x0000000080039520] -> 0x05B7
mem[X,0x0000000080039522] -> 0x0000
[9538] [M]: 0x0000000080039520 (0x000005B7) lui a1, 0x0
x11 <- 0x0000000000000000
mem[X,0x0000000080039524] -> 0x8593
mem[X,0x0000000080039526] -> 0xFFF5
[9539] [M]: 0x0000000080039524 (0xFFF58593) addi a1, a1, -0x1
x11 <- 0xFFFFFFFFFFFFFFFF
mem[X,0x0000000080039528] -> 0x9593
mem[X,0x000000008003952A] -> 0x00B5
[9540] [M]: 0x0000000080039528 (0x00B59593) slli a1, a1, 0xb
x11 <- 0xFFFFFFFFFFFFF800
mem[X,0x000000008003952C] -> 0x8593
mem[X,0x000000008003952E] -> 0x2575
[9541] [M]: 0x000000008003952C (0x25758593) addi a1, a1, 0x257
x11 <- 0xFFFFFFFFFFFFFA57
mem[X,0x0000000080039530] -> 0x9593
mem[X,0x0000000080039532] -> 0x00B5
[9542] [M]: 0x0000000080039530 (0x00B59593) slli a1, a1, 0xb
x11 <- 0xFFFFFFFFFFD2B800
mem[X,0x0000000080039534] -> 0x8593
mem[X,0x0000000080039536] -> 0x6C35
[9543] [M]: 0x0000000080039534 (0x6C358593) addi a1, a1, 0x6c3
x11 <- 0xFFFFFFFFFFD2BEC3
mem[X,0x0000000080039538] -> 0x9593
mem[X,0x000000008003953A] -> 0x00A5
[9544] [M]: 0x0000000080039538 (0x00A59593) slli a1, a1, 0xa
x11 <- 0xFFFFFFFF4AFB0C00
mem[X,0x000000008003953C] -> 0x8593
mem[X,0x000000008003953E] -> 0x0CE5
[9545] [M]: 0x000000008003953C (0x0CE58593) addi a1, a1, 0xce
x11 <- 0xFFFFFFFF4AFB0CCE
mem[X,0x0000000080039540] -> 0x0113
mem[X,0x0000000080039542] -> 0x0000
[9546] [M]: 0x0000000080039540 (0x00000113) addi sp, zero, 0x0
x2 <- 0x0000000000000000
mem[X,0x0000000080039544] -> 0x006F
mem[X,0x0000000080039546] -> 0x00C0
[9547] [M]: 0x0000000080039544 (0x00C0006F) jal zero, 0xc
mem[X,0x0000000080039550] -> 0x1663
mem[X,0x0000000080039552] -> 0x00B5
[9548] [M]: 0x0000000080039550 (0x00B51663) bne a0, a1, 0xc
mem[X,0x000000008003955C] -> 0x0113
mem[X,0x000000008003955E] -> 0x0031
[9549] [M]: 0x000000008003955C (0x00310113) addi sp, sp, 0x3
x2 <- 0x0000000000000003
mem[X,0x0000000080039560] -> 0x006F
mem[X,0x0000000080039562] -> 0x0040
[9550] [M]: 0x0000000080039560 (0x0040006F) jal zero, 0x4
mem[X,0x0000000080039564] -> 0xB823
mem[X,0x0000000080039566] -> 0x1C20
[9551] [M]: 0x0000000080039564 (0x1C20B823) sd sp, 0x1d0(ra)
mem[0x00000000800463A8] <- 0x0000000000000003
mem[X,0x0000000080039568] -> 0x3537
mem[X,0x000000008003956A] -> 0x3333
[9552] [M]: 0x0000000080039568 (0x33333537) lui a0, 0x33333
x10 <- 0x0000000033333000
mem[X,0x000000008003956C] -> 0x0513
mem[X,0x000000008003956E] -> 0x3335
[9553] [M]: 0x000000008003956C (0x33350513) addi a0, a0, 0x333
x10 <- 0x0000000033333333
mem[X,0x0000000080039570] -> 0x1513
mem[X,0x0000000080039572] -> 0x00B5
[9554] [M]: 0x0000000080039570 (0x00B51513) slli a0, a0, 0xb
x10 <- 0x0000019999999800
mem[X,0x0000000080039574] -> 0x0513
mem[X,0x0000000080039576] -> 0x1995
[9555] [M]: 0x0000000080039574 (0x19950513) addi a0, a0, 0x199
x10 <- 0x0000019999999999
mem[X,0x0000000080039578] -> 0x1513
mem[X,0x000000008003957A] -> 0x00B5
[9556] [M]: 0x0000000080039578 (0x00B51513) slli a0, a0, 0xb
x10 <- 0x000CCCCCCCCCC800
mem[X,0x000000008003957C] -> 0x0513
mem[X,0x000000008003957E] -> 0x4CC5
[9557] [M]: 0x000000008003957C (0x4CC50513) addi a0, a0, 0x4cc
x10 <- 0x000CCCCCCCCCCCCC
mem[X,0x0000000080039580] -> 0x1513
mem[X,0x0000000080039582] -> 0x00A5
[9558] [M]: 0x0000000080039580 (0x00A51513) slli a0, a0, 0xa
x10 <- 0x3333333333333000
mem[X,0x0000000080039584] -> 0x0513
mem[X,0x0000000080039586] -> 0x3345
[9559] [M]: 0x0000000080039584 (0x33450513) addi a0, a0, 0x334
x10 <- 0x3333333333333334
mem[X,0x0000000080039588] -> 0x05B7
mem[X,0x000000008003958A] -> 0x0000
[9560] [M]: 0x0000000080039588 (0x000005B7) lui a1, 0x0
x11 <- 0x0000000000000000
mem[X,0x000000008003958C] -> 0x8593
mem[X,0x000000008003958E] -> 0x0005
[9561] [M]: 0x000000008003958C (0x00058593) addi a1, a1, 0x0
x11 <- 0x0000000000000000
mem[X,0x0000000080039590] -> 0x9593
mem[X,0x0000000080039592] -> 0x00B5
[9562] [M]: 0x0000000080039590 (0x00B59593) slli a1, a1, 0xb
x11 <- 0x0000000000000000
mem[X,0x0000000080039594] -> 0x8593
mem[X,0x0000000080039596] -> 0x5A85
[9563] [M]: 0x0000000080039594 (0x5A858593) addi a1, a1, 0x5a8
x11 <- 0x00000000000005A8
mem[X,0x0000000080039598] -> 0x9593
mem[X,0x000000008003959A] -> 0x00B5
[9564] [M]: 0x0000000080039598 (0x00B59593) slli a1, a1, 0xb
x11 <- 0x00000000002D4000
mem[X,0x000000008003959C] -> 0x8593
mem[X,0x000000008003959E] -> 0x13C5
[9565] [M]: 0x000000008003959C (0x13C58593) addi a1, a1, 0x13c
x11 <- 0x00000000002D413C
mem[X,0x00000000800395A0] -> 0x9593
mem[X,0x00000000800395A2] -> 0x00A5
[9566] [M]: 0x00000000800395A0 (0x00A59593) slli a1, a1, 0xa
x11 <- 0x00000000B504F000
mem[X,0x00000000800395A4] -> 0x8593
mem[X,0x00000000800395A6] -> 0x3345
[9567] [M]: 0x00000000800395A4 (0x33458593) addi a1, a1, 0x334
x11 <- 0x00000000B504F334
mem[X,0x00000000800395A8] -> 0x0113
mem[X,0x00000000800395AA] -> 0x0000
[9568] [M]: 0x00000000800395A8 (0x00000113) addi sp, zero, 0x0
x2 <- 0x0000000000000000
mem[X,0x00000000800395AC] -> 0x006F
mem[X,0x00000000800395AE] -> 0x00C0
[9569] [M]: 0x00000000800395AC (0x00C0006F) jal zero, 0xc
mem[X,0x00000000800395B8] -> 0x1CE3
mem[X,0x00000000800395BA] -> 0xFEB5
[9570] [M]: 0x00000000800395B8 (0xFEB51CE3) bne a0, a1, -0x8
mem[X,0x00000000800395B0] -> 0x0113
mem[X,0x00000000800395B2] -> 0x0011
[9571] [M]: 0x00000000800395B0 (0x00110113) addi sp, sp, 0x1
x2 <- 0x0000000000000001
mem[X,0x00000000800395B4] -> 0x006F
mem[X,0x00000000800395B6] -> 0x0180
[9572] [M]: 0x00000000800395B4 (0x0180006F) jal zero, 0x18
mem[X,0x00000000800395CC] -> 0xBC23
mem[X,0x00000000800395CE] -> 0x1C20
[9573] [M]: 0x00000000800395CC (0x1C20BC23) sd sp, 0x1d8(ra)
mem[0x00000000800463B0] <- 0x0000000000000001
mem[X,0x00000000800395D0] -> 0x6537
mem[X,0x00000000800395D2] -> 0x6666
[9574] [M]: 0x00000000800395D0 (0x66666537) lui a0, 0x66666
x10 <- 0x0000000066666000
mem[X,0x00000000800395D4] -> 0x0513
mem[X,0x00000000800395D6] -> 0x6665
[9575] [M]: 0x00000000800395D4 (0x66650513) addi a0, a0, 0x666
x10 <- 0x0000000066666666
mem[X,0x00000000800395D8] -> 0x1513
mem[X,0x00000000800395DA] -> 0x00B5
[9576] [M]: 0x00000000800395D8 (0x00B51513) slli a0, a0, 0xb
x10 <- 0x0000033333333000
mem[X,0x00000000800395DC] -> 0x0513
mem[X,0x00000000800395DE] -> 0x3335
[9577] [M]: 0x00000000800395DC (0x33350513) addi a0, a0, 0x333
x10 <- 0x0000033333333333
mem[X,0x00000000800395E0] -> 0x1513
mem[X,0x00000000800395E2] -> 0x00B5
[9578] [M]: 0x00000000800395E0 (0x00B51513) slli a0, a0, 0xb
x10 <- 0x0019999999999800
mem[X,0x00000000800395E4] -> 0x0513
mem[X,0x00000000800395E6] -> 0x1995
[9579] [M]: 0x00000000800395E4 (0x19950513) addi a0, a0, 0x199
x10 <- 0x0019999999999999
mem[X,0x00000000800395E8] -> 0x1513
mem[X,0x00000000800395EA] -> 0x00A5
[9580] [M]: 0x00000000800395E8 (0x00A51513) slli a0, a0, 0xa
x10 <- 0x6666666666666400
mem[X,0x00000000800395EC] -> 0x0513
mem[X,0x00000000800395EE] -> 0x2675
[9581] [M]: 0x00000000800395EC (0x26750513) addi a0, a0, 0x267
x10 <- 0x6666666666666667
mem[X,0x00000000800395F0] -> 0x0593
mem[X,0x00000000800395F2] -> 0x0030
[9582] [M]: 0x00000000800395F0 (0x00300593) addi a1, zero, 0x3
x11 <- 0x0000000000000003
mem[X,0x00000000800395F4] -> 0x0113
mem[X,0x00000000800395F6] -> 0x0000
[9583] [M]: 0x00000000800395F4 (0x00000113) addi sp, zero, 0x0
x2 <- 0x0000000000000000
mem[X,0x00000000800395F8] -> 0x006F
mem[X,0x00000000800395FA] -> 0x00C0
[9584] [M]: 0x00000000800395F8 (0x00C0006F) jal zero, 0xc
mem[X,0x0000000080039604] -> 0x1063
mem[X,0x0000000080039606] -> 0x20B5
[9585] [M]: 0x0000000080039604 (0x20B51063) bne a0, a1, 0x200
mem[X,0x0000000080039804] -> 0x0113
mem[X,0x0000000080039806] -> 0x0031
[9586] [M]: 0x0000000080039804 (0x00310113) addi sp, sp, 0x3
x2 <- 0x0000000000000003
mem[X,0x0000000080039808] -> 0x006F
mem[X,0x000000008003980A] -> 0x0040
[9587] [M]: 0x0000000080039808 (0x0040006F) jal zero, 0x4
mem[X,0x000000008003980C] -> 0xB023
mem[X,0x000000008003980E] -> 0x1E20
[9588] [M]: 0x000000008003980C (0x1E20B023) sd sp, 0x1e0(ra)
mem[0x00000000800463B8] <- 0x0000000000000003
mem[X,0x0000000080039810] -> 0x6537
mem[X,0x0000000080039812] -> 0x6666
[9589] [M]: 0x0000000080039810 (0x66666537) lui a0, 0x66666
x10 <- 0x0000000066666000
mem[X,0x0000000080039814] -> 0x0513
mem[X,0x0000000080039816] -> 0x6665
[9590] [M]: 0x0000000080039814 (0x66650513) addi a0, a0, 0x666
x10 <- 0x0000000066666666
mem[X,0x0000000080039818] -> 0x1513
mem[X,0x000000008003981A] -> 0x00B5
[9591] [M]: 0x0000000080039818 (0x00B51513) slli a0, a0, 0xb
x10 <- 0x0000033333333000
mem[X,0x000000008003981C] -> 0x0513
mem[X,0x000000008003981E] -> 0x3335
[9592] [M]: 0x000000008003981C (0x33350513) addi a0, a0, 0x333
x10 <- 0x0000033333333333
mem[X,0x0000000080039820] -> 0x1513
mem[X,0x0000000080039822] -> 0x00B5
[9593] [M]: 0x0000000080039820 (0x00B51513) slli a0, a0, 0xb
x10 <- 0x0019999999999800
mem[X,0x0000000080039824] -> 0x0513
mem[X,0x0000000080039826] -> 0x1995
[9594] [M]: 0x0000000080039824 (0x19950513) addi a0, a0, 0x199
x10 <- 0x0019999999999999
mem[X,0x0000000080039828] -> 0x1513
mem[X,0x000000008003982A] -> 0x00A5
[9595] [M]: 0x0000000080039828 (0x00A51513) slli a0, a0, 0xa
x10 <- 0x6666666666666400
mem[X,0x000000008003982C] -> 0x0513
mem[X,0x000000008003982E] -> 0x2675
[9596] [M]: 0x000000008003982C (0x26750513) addi a0, a0, 0x267
x10 <- 0x6666666666666667
mem[X,0x0000000080039830] -> 0x55B7
mem[X,0x0000000080039832] -> 0x5555
[9597] [M]: 0x0000000080039830 (0x555555B7) lui a1, 0x55555
x11 <- 0x0000000055555000
mem[X,0x0000000080039834] -> 0x8593
mem[X,0x0000000080039836] -> 0x5555
[9598] [M]: 0x0000000080039834 (0x55558593) addi a1, a1, 0x555
x11 <- 0x0000000055555555
mem[X,0x0000000080039838] -> 0x9593
mem[X,0x000000008003983A] -> 0x00B5
[9599] [M]: 0x0000000080039838 (0x00B59593) slli a1, a1, 0xb
x11 <- 0x000002AAAAAAA800
clint::tick mtime <- 0x0000000000000060
 clint timer pending at mtime 0x0000000000000060
htif::tick 0x0000000000000000
mem[X,0x000000008003983C] -> 0x8593
mem[X,0x000000008003983E] -> 0x2AA5
[9600] [M]: 0x000000008003983C (0x2AA58593) addi a1, a1, 0x2aa
x11 <- 0x000002AAAAAAAAAA
mem[X,0x0000000080039840] -> 0x9593
mem[X,0x0000000080039842] -> 0x00B5
[9601] [M]: 0x0000000080039840 (0x00B59593) slli a1, a1, 0xb
x11 <- 0x0015555555555000
mem[X,0x0000000080039844] -> 0x8593
mem[X,0x0000000080039846] -> 0x5555
[9602] [M]: 0x0000000080039844 (0x55558593) addi a1, a1, 0x555
x11 <- 0x0015555555555555
mem[X,0x0000000080039848] -> 0x9593
mem[X,0x000000008003984A] -> 0x00A5
[9603] [M]: 0x0000000080039848 (0x00A59593) slli a1, a1, 0xa
x11 <- 0x5555555555555400
mem[X,0x000000008003984C] -> 0x8593
mem[X,0x000000008003984E] -> 0x1555
[9604] [M]: 0x000000008003984C (0x15558593) addi a1, a1, 0x155
x11 <- 0x5555555555555555
mem[X,0x0000000080039850] -> 0x0113
mem[X,0x0000000080039852] -> 0x0000
[9605] [M]: 0x0000000080039850 (0x00000113) addi sp, zero, 0x0
x2 <- 0x0000000000000000
mem[X,0x0000000080039854] -> 0x006F
mem[X,0x0000000080039856] -> 0x00C0
[9606] [M]: 0x0000000080039854 (0x00C0006F) jal zero, 0xc
mem[X,0x0000000080039860] -> 0x1CE3
mem[X,0x0000000080039862] -> 0xFEB5
[9607] [M]: 0x0000000080039860 (0xFEB51CE3) bne a0, a1, -0x8
mem[X,0x0000000080039858] -> 0x0113
mem[X,0x000000008003985A] -> 0x0011
[9608] [M]: 0x0000000080039858 (0x00110113) addi sp, sp, 0x1
x2 <- 0x0000000000000001
mem[X,0x000000008003985C] -> 0x006F
mem[X,0x000000008003985E] -> 0x0180
[9609] [M]: 0x000000008003985C (0x0180006F) jal zero, 0x18
mem[X,0x0000000080039874] -> 0xB423
mem[X,0x0000000080039876] -> 0x1E20
[9610] [M]: 0x0000000080039874 (0x1E20B423) sd sp, 0x1e8(ra)
mem[0x00000000800463C0] <- 0x0000000000000001
mem[X,0x0000000080039878] -> 0x6537
mem[X,0x000000008003987A] -> 0x6666
[9611] [M]: 0x0000000080039878 (0x66666537) lui a0, 0x66666
x10 <- 0x0000000066666000
mem[X,0x000000008003987C] -> 0x0513
mem[X,0x000000008003987E] -> 0x6665
[9612] [M]: 0x000000008003987C (0x66650513) addi a0, a0, 0x666
x10 <- 0x0000000066666666
mem[X,0x0000000080039880] -> 0x1513
mem[X,0x0000000080039882] -> 0x00B5
[9613] [M]: 0x0000000080039880 (0x00B51513) slli a0, a0, 0xb
x10 <- 0x0000033333333000
mem[X,0x0000000080039884] -> 0x0513
mem[X,0x0000000080039886] -> 0x3335
[9614] [M]: 0x0000000080039884 (0x33350513) addi a0, a0, 0x333
x10 <- 0x0000033333333333
mem[X,0x0000000080039888] -> 0x1513
mem[X,0x000000008003988A] -> 0x00B5
[9615] [M]: 0x0000000080039888 (0x00B51513) slli a0, a0, 0xb
x10 <- 0x0019999999999800
mem[X,0x000000008003988C] -> 0x0513
mem[X,0x000000008003988E] -> 0x1995
[9616] [M]: 0x000000008003988C (0x19950513) addi a0, a0, 0x199
x10 <- 0x0019999999999999
mem[X,0x0000000080039890] -> 0x1513
mem[X,0x0000000080039892] -> 0x00A5
[9617] [M]: 0x0000000080039890 (0x00A51513) slli a0, a0, 0xa
x10 <- 0x6666666666666400
mem[X,0x0000000080039894] -> 0x0513
mem[X,0x0000000080039896] -> 0x2675
[9618] [M]: 0x0000000080039894 (0x26750513) addi a0, a0, 0x267
x10 <- 0x6666666666666667
mem[X,0x0000000080039898] -> 0xB5B7
mem[X,0x000000008003989A] -> 0xAAAA
[9619] [M]: 0x0000000080039898 (0xAAAAB5B7) lui a1, -0x55555
x11 <- 0xFFFFFFFFAAAAB000
mem[X,0x000000008003989C] -> 0x8593
mem[X,0x000000008003989E] -> 0xAAA5
[9620] [M]: 0x000000008003989C (0xAAA58593) addi a1, a1, -0x556
x11 <- 0xFFFFFFFFAAAAAAAA
mem[X,0x00000000800398A0] -> 0x9593
mem[X,0x00000000800398A2] -> 0x00B5
[9621] [M]: 0x00000000800398A0 (0x00B59593) slli a1, a1, 0xb
x11 <- 0xFFFFFD5555555000
mem[X,0x00000000800398A4] -> 0x8593
mem[X,0x00000000800398A6] -> 0x5555
[9622] [M]: 0x00000000800398A4 (0x55558593) addi a1, a1, 0x555
x11 <- 0xFFFFFD5555555555
mem[X,0x00000000800398A8] -> 0x9593
mem[X,0x00000000800398AA] -> 0x00B5
[9623] [M]: 0x00000000800398A8 (0x00B59593) slli a1, a1, 0xb
x11 <- 0xFFEAAAAAAAAAA800
mem[X,0x00000000800398AC] -> 0x8593
mem[X,0x00000000800398AE] -> 0x2AA5
[9624] [M]: 0x00000000800398AC (0x2AA58593) addi a1, a1, 0x2aa
x11 <- 0xFFEAAAAAAAAAAAAA
mem[X,0x00000000800398B0] -> 0x9593
mem[X,0x00000000800398B2] -> 0x00A5
[9625] [M]: 0x00000000800398B0 (0x00A59593) slli a1, a1, 0xa
x11 <- 0xAAAAAAAAAAAAA800
mem[X,0x00000000800398B4] -> 0x8593
mem[X,0x00000000800398B6] -> 0x2AA5
[9626] [M]: 0x00000000800398B4 (0x2AA58593) addi a1, a1, 0x2aa
x11 <- 0xAAAAAAAAAAAAAAAA
mem[X,0x00000000800398B8] -> 0x0113
mem[X,0x00000000800398BA] -> 0x0000
[9627] [M]: 0x00000000800398B8 (0x00000113) addi sp, zero, 0x0
x2 <- 0x0000000000000000
mem[X,0x00000000800398BC] -> 0x006F
mem[X,0x00000000800398BE] -> 0x00C0
[9628] [M]: 0x00000000800398BC (0x00C0006F) jal zero, 0xc
mem[X,0x00000000800398C8] -> 0x1063
mem[X,0x00000000800398CA] -> 0x04B5
[9629] [M]: 0x00000000800398C8 (0x04B51063) bne a0, a1, 0x40
mem[X,0x0000000080039908] -> 0x0113
mem[X,0x000000008003990A] -> 0x0031
[9630] [M]: 0x0000000080039908 (0x00310113) addi sp, sp, 0x3
x2 <- 0x0000000000000003
mem[X,0x000000008003990C] -> 0x006F
mem[X,0x000000008003990E] -> 0x0040
[9631] [M]: 0x000000008003990C (0x0040006F) jal zero, 0x4
mem[X,0x0000000080039910] -> 0xB823
mem[X,0x0000000080039912] -> 0x1E20
[9632] [M]: 0x0000000080039910 (0x1E20B823) sd sp, 0x1f0(ra)
mem[0x00000000800463C8] <- 0x0000000000000003
mem[X,0x0000000080039914] -> 0x6537
mem[X,0x0000000080039916] -> 0x6666
[9633] [M]: 0x0000000080039914 (0x66666537) lui a0, 0x66666
x10 <- 0x0000000066666000
mem[X,0x0000000080039918] -> 0x0513
mem[X,0x000000008003991A] -> 0x6665
[9634] [M]: 0x0000000080039918 (0x66650513) addi a0, a0, 0x666
x10 <- 0x0000000066666666
mem[X,0x000000008003991C] -> 0x1513
mem[X,0x000000008003991E] -> 0x00B5
[9635] [M]: 0x000000008003991C (0x00B51513) slli a0, a0, 0xb
x10 <- 0x0000033333333000
mem[X,0x0000000080039920] -> 0x0513
mem[X,0x0000000080039922] -> 0x3335
[9636] [M]: 0x0000000080039920 (0x33350513) addi a0, a0, 0x333
x10 <- 0x0000033333333333
mem[X,0x0000000080039924] -> 0x1513
mem[X,0x0000000080039926] -> 0x00B5
[9637] [M]: 0x0000000080039924 (0x00B51513) slli a0, a0, 0xb
x10 <- 0x0019999999999800
mem[X,0x0000000080039928] -> 0x0513
mem[X,0x000000008003992A] -> 0x1995
[9638] [M]: 0x0000000080039928 (0x19950513) addi a0, a0, 0x199
x10 <- 0x0019999999999999
mem[X,0x000000008003992C] -> 0x1513
mem[X,0x000000008003992E] -> 0x00A5
[9639] [M]: 0x000000008003992C (0x00A51513) slli a0, a0, 0xa
x10 <- 0x6666666666666400
mem[X,0x0000000080039930] -> 0x0513
mem[X,0x0000000080039932] -> 0x2675
[9640] [M]: 0x0000000080039930 (0x26750513) addi a0, a0, 0x267
x10 <- 0x6666666666666667
mem[X,0x0000000080039934] -> 0x0593
mem[X,0x0000000080039936] -> 0x0050
[9641] [M]: 0x0000000080039934 (0x00500593) addi a1, zero, 0x5
x11 <- 0x0000000000000005
mem[X,0x0000000080039938] -> 0x0113
mem[X,0x000000008003993A] -> 0x0000
[9642] [M]: 0x0000000080039938 (0x00000113) addi sp, zero, 0x0
x2 <- 0x0000000000000000
mem[X,0x000000008003993C] -> 0x006F
mem[X,0x000000008003993E] -> 0x00C0
[9643] [M]: 0x000000008003993C (0x00C0006F) jal zero, 0xc
mem[X,0x0000000080039948] -> 0x1663
mem[X,0x000000008003994A] -> 0x00B5
[9644] [M]: 0x0000000080039948 (0x00B51663) bne a0, a1, 0xc
mem[X,0x0000000080039954] -> 0x0113
mem[X,0x0000000080039956] -> 0x0031
[9645] [M]: 0x0000000080039954 (0x00310113) addi sp, sp, 0x3
x2 <- 0x0000000000000003
mem[X,0x0000000080039958] -> 0x006F
mem[X,0x000000008003995A] -> 0x0040
[9646] [M]: 0x0000000080039958 (0x0040006F) jal zero, 0x4
mem[X,0x000000008003995C] -> 0xBC23
mem[X,0x000000008003995E] -> 0x1E20
[9647] [M]: 0x000000008003995C (0x1E20BC23) sd sp, 0x1f8(ra)
mem[0x00000000800463D0] <- 0x0000000000000003
mem[X,0x0000000080039960] -> 0x6537
mem[X,0x0000000080039962] -> 0x6666
[9648] [M]: 0x0000000080039960 (0x66666537) lui a0, 0x66666
x10 <- 0x0000000066666000
mem[X,0x0000000080039964] -> 0x0513
mem[X,0x0000000080039966] -> 0x6665
[9649] [M]: 0x0000000080039964 (0x66650513) addi a0, a0, 0x666
x10 <- 0x0000000066666666
mem[X,0x0000000080039968] -> 0x1513
mem[X,0x000000008003996A] -> 0x00B5
[9650] [M]: 0x0000000080039968 (0x00B51513) slli a0, a0, 0xb
x10 <- 0x0000033333333000
mem[X,0x000000008003996C] -> 0x0513
mem[X,0x000000008003996E] -> 0x3335
[9651] [M]: 0x000000008003996C (0x33350513) addi a0, a0, 0x333
x10 <- 0x0000033333333333
mem[X,0x0000000080039970] -> 0x1513
mem[X,0x0000000080039972] -> 0x00B5
[9652] [M]: 0x0000000080039970 (0x00B51513) slli a0, a0, 0xb
x10 <- 0x0019999999999800
mem[X,0x0000000080039974] -> 0x0513
mem[X,0x0000000080039976] -> 0x1995
[9653] [M]: 0x0000000080039974 (0x19950513) addi a0, a0, 0x199
x10 <- 0x0019999999999999
mem[X,0x0000000080039978] -> 0x1513
mem[X,0x000000008003997A] -> 0x00A5
[9654] [M]: 0x0000000080039978 (0x00A51513) slli a0, a0, 0xa
x10 <- 0x6666666666666400
mem[X,0x000000008003997C] -> 0x0513
mem[X,0x000000008003997E] -> 0x2675
[9655] [M]: 0x000000008003997C (0x26750513) addi a0, a0, 0x267
x10 <- 0x6666666666666667
mem[X,0x0000000080039980] -> 0x35B7
mem[X,0x0000000080039982] -> 0x3333
[9656] [M]: 0x0000000080039980 (0x333335B7) lui a1, 0x33333
x11 <- 0x0000000033333000
mem[X,0x0000000080039984] -> 0x8593
mem[X,0x0000000080039986] -> 0x3335
[9657] [M]: 0x0000000080039984 (0x33358593) addi a1, a1, 0x333
x11 <- 0x0000000033333333
mem[X,0x0000000080039988] -> 0x9593
mem[X,0x000000008003998A] -> 0x00B5
[9658] [M]: 0x0000000080039988 (0x00B59593) slli a1, a1, 0xb
x11 <- 0x0000019999999800
mem[X,0x000000008003998C] -> 0x8593
mem[X,0x000000008003998E] -> 0x1995
[9659] [M]: 0x000000008003998C (0x19958593) addi a1, a1, 0x199
x11 <- 0x0000019999999999
mem[X,0x0000000080039990] -> 0x9593
mem[X,0x0000000080039992] -> 0x00B5
[9660] [M]: 0x0000000080039990 (0x00B59593) slli a1, a1, 0xb
x11 <- 0x000CCCCCCCCCC800
mem[X,0x0000000080039994] -> 0x8593
mem[X,0x0000000080039996] -> 0x4CC5
[9661] [M]: 0x0000000080039994 (0x4CC58593) addi a1, a1, 0x4cc
x11 <- 0x000CCCCCCCCCCCCC
mem[X,0x0000000080039998] -> 0x9593
mem[X,0x000000008003999A] -> 0x00A5
[9662] [M]: 0x0000000080039998 (0x00A59593) slli a1, a1, 0xa
x11 <- 0x3333333333333000
mem[X,0x000000008003999C] -> 0x8593
mem[X,0x000000008003999E] -> 0x3335
[9663] [M]: 0x000000008003999C (0x33358593) addi a1, a1, 0x333
x11 <- 0x3333333333333333
mem[X,0x00000000800399A0] -> 0x0113
mem[X,0x00000000800399A2] -> 0x0000
[9664] [M]: 0x00000000800399A0 (0x00000113) addi sp, zero, 0x0
x2 <- 0x0000000000000000
mem[X,0x00000000800399A4] -> 0x006F
mem[X,0x00000000800399A6] -> 0x0100
[9665] [M]: 0x00000000800399A4 (0x0100006F) jal zero, 0x10
mem[X,0x00000000800399B4] -> 0x1AE3
mem[X,0x00000000800399B6] -> 0xFEB5
[9666] [M]: 0x00000000800399B4 (0xFEB51AE3) bne a0, a1, -0xc
mem[X,0x00000000800399A8] -> 0x0113
mem[X,0x00000000800399AA] -> 0x0011
[9667] [M]: 0x00000000800399A8 (0x00110113) addi sp, sp, 0x1
x2 <- 0x0000000000000001
mem[X,0x00000000800399AC] -> 0x006F
mem[X,0x00000000800399AE] -> 0x01C0
[9668] [M]: 0x00000000800399AC (0x01C0006F) jal zero, 0x1c
mem[X,0x00000000800399C8] -> 0xB023
mem[X,0x00000000800399CA] -> 0x2020
[9669] [M]: 0x00000000800399C8 (0x2020B023) sd sp, 0x200(ra)
mem[0x00000000800463D8] <- 0x0000000000000001
mem[X,0x00000000800399CC] -> 0x6537
mem[X,0x00000000800399CE] -> 0x6666
[9670] [M]: 0x00000000800399CC (0x66666537) lui a0, 0x66666
x10 <- 0x0000000066666000
mem[X,0x00000000800399D0] -> 0x0513
mem[X,0x00000000800399D2] -> 0x6665
[9671] [M]: 0x00000000800399D0 (0x66650513) addi a0, a0, 0x666
x10 <- 0x0000000066666666
mem[X,0x00000000800399D4] -> 0x1513
mem[X,0x00000000800399D6] -> 0x00B5
[9672] [M]: 0x00000000800399D4 (0x00B51513) slli a0, a0, 0xb
x10 <- 0x0000033333333000
mem[X,0x00000000800399D8] -> 0x0513
mem[X,0x00000000800399DA] -> 0x3335
[9673] [M]: 0x00000000800399D8 (0x33350513) addi a0, a0, 0x333
x10 <- 0x0000033333333333
mem[X,0x00000000800399DC] -> 0x1513
mem[X,0x00000000800399DE] -> 0x00B5
[9674] [M]: 0x00000000800399DC (0x00B51513) slli a0, a0, 0xb
x10 <- 0x0019999999999800
mem[X,0x00000000800399E0] -> 0x0513
mem[X,0x00000000800399E2] -> 0x1995
[9675] [M]: 0x00000000800399E0 (0x19950513) addi a0, a0, 0x199
x10 <- 0x0019999999999999
mem[X,0x00000000800399E4] -> 0x1513
mem[X,0x00000000800399E6] -> 0x00A5
[9676] [M]: 0x00000000800399E4 (0x00A51513) slli a0, a0, 0xa
x10 <- 0x6666666666666400
mem[X,0x00000000800399E8] -> 0x0513
mem[X,0x00000000800399EA] -> 0x2675
[9677] [M]: 0x00000000800399E8 (0x26750513) addi a0, a0, 0x267
x10 <- 0x6666666666666667
mem[X,0x00000000800399EC] -> 0x65B7
mem[X,0x00000000800399EE] -> 0x6666
[9678] [M]: 0x00000000800399EC (0x666665B7) lui a1, 0x66666
x11 <- 0x0000000066666000
mem[X,0x00000000800399F0] -> 0x8593
mem[X,0x00000000800399F2] -> 0x6665
[9679] [M]: 0x00000000800399F0 (0x66658593) addi a1, a1, 0x666
x11 <- 0x0000000066666666
mem[X,0x00000000800399F4] -> 0x9593
mem[X,0x00000000800399F6] -> 0x00B5
[9680] [M]: 0x00000000800399F4 (0x00B59593) slli a1, a1, 0xb
x11 <- 0x0000033333333000
mem[X,0x00000000800399F8] -> 0x8593
mem[X,0x00000000800399FA] -> 0x3335
[9681] [M]: 0x00000000800399F8 (0x33358593) addi a1, a1, 0x333
x11 <- 0x0000033333333333
mem[X,0x00000000800399FC] -> 0x9593
mem[X,0x00000000800399FE] -> 0x00B5
[9682] [M]: 0x00000000800399FC (0x00B59593) slli a1, a1, 0xb
x11 <- 0x0019999999999800
mem[X,0x0000000080039A00] -> 0x8593
mem[X,0x0000000080039A02] -> 0x1995
[9683] [M]: 0x0000000080039A00 (0x19958593) addi a1, a1, 0x199
x11 <- 0x0019999999999999
mem[X,0x0000000080039A04] -> 0x9593
mem[X,0x0000000080039A06] -> 0x00A5
[9684] [M]: 0x0000000080039A04 (0x00A59593) slli a1, a1, 0xa
x11 <- 0x6666666666666400
mem[X,0x0000000080039A08] -> 0x8593
mem[X,0x0000000080039A0A] -> 0x2665
[9685] [M]: 0x0000000080039A08 (0x26658593) addi a1, a1, 0x266
x11 <- 0x6666666666666666
mem[X,0x0000000080039A0C] -> 0x0113
mem[X,0x0000000080039A0E] -> 0x0000
[9686] [M]: 0x0000000080039A0C (0x00000113) addi sp, zero, 0x0
x2 <- 0x0000000000000000
mem[X,0x0000000080039A10] -> 0x006F
mem[X,0x0000000080039A12] -> 0x0100
[9687] [M]: 0x0000000080039A10 (0x0100006F) jal zero, 0x10
mem[X,0x0000000080039A20] -> 0x1AE3
mem[X,0x0000000080039A22] -> 0xFEB5
[9688] [M]: 0x0000000080039A20 (0xFEB51AE3) bne a0, a1, -0xc
mem[X,0x0000000080039A14] -> 0x0113
mem[X,0x0000000080039A16] -> 0x0011
[9689] [M]: 0x0000000080039A14 (0x00110113) addi sp, sp, 0x1
x2 <- 0x0000000000000001
mem[X,0x0000000080039A18] -> 0x006F
mem[X,0x0000000080039A1A] -> 0x01C0
[9690] [M]: 0x0000000080039A18 (0x01C0006F) jal zero, 0x1c
mem[X,0x0000000080039A34] -> 0xB423
mem[X,0x0000000080039A36] -> 0x2020
[9691] [M]: 0x0000000080039A34 (0x2020B423) sd sp, 0x208(ra)
mem[0x00000000800463E0] <- 0x0000000000000001
mem[X,0x0000000080039A38] -> 0x6537
mem[X,0x0000000080039A3A] -> 0x6666
[9692] [M]: 0x0000000080039A38 (0x66666537) lui a0, 0x66666
x10 <- 0x0000000066666000
mem[X,0x0000000080039A3C] -> 0x0513
mem[X,0x0000000080039A3E] -> 0x6665
[9693] [M]: 0x0000000080039A3C (0x66650513) addi a0, a0, 0x666
x10 <- 0x0000000066666666
mem[X,0x0000000080039A40] -> 0x1513
mem[X,0x0000000080039A42] -> 0x00B5
[9694] [M]: 0x0000000080039A40 (0x00B51513) slli a0, a0, 0xb
x10 <- 0x0000033333333000
mem[X,0x0000000080039A44] -> 0x0513
mem[X,0x0000000080039A46] -> 0x3335
[9695] [M]: 0x0000000080039A44 (0x33350513) addi a0, a0, 0x333
x10 <- 0x0000033333333333
mem[X,0x0000000080039A48] -> 0x1513
mem[X,0x0000000080039A4A] -> 0x00B5
[9696] [M]: 0x0000000080039A48 (0x00B51513) slli a0, a0, 0xb
x10 <- 0x0019999999999800
mem[X,0x0000000080039A4C] -> 0x0513
mem[X,0x0000000080039A4E] -> 0x1995
[9697] [M]: 0x0000000080039A4C (0x19950513) addi a0, a0, 0x199
x10 <- 0x0019999999999999
mem[X,0x0000000080039A50] -> 0x1513
mem[X,0x0000000080039A52] -> 0x00A5
[9698] [M]: 0x0000000080039A50 (0x00A51513) slli a0, a0, 0xa
x10 <- 0x6666666666666400
mem[X,0x0000000080039A54] -> 0x0513
mem[X,0x0000000080039A56] -> 0x2675
[9699] [M]: 0x0000000080039A54 (0x26750513) addi a0, a0, 0x267
x10 <- 0x6666666666666667
clint::tick mtime <- 0x0000000000000061
 clint timer pending at mtime 0x0000000000000061
htif::tick 0x0000000000000000
mem[X,0x0000000080039A58] -> 0x05B7
mem[X,0x0000000080039A5A] -> 0x0000
[9700] [M]: 0x0000000080039A58 (0x000005B7) lui a1, 0x0
x11 <- 0x0000000000000000
mem[X,0x0000000080039A5C] -> 0x8593
mem[X,0x0000000080039A5E] -> 0xFFF5
[9701] [M]: 0x0000000080039A5C (0xFFF58593) addi a1, a1, -0x1
x11 <- 0xFFFFFFFFFFFFFFFF
mem[X,0x0000000080039A60] -> 0x9593
mem[X,0x0000000080039A62] -> 0x00B5
[9702] [M]: 0x0000000080039A60 (0x00B59593) slli a1, a1, 0xb
x11 <- 0xFFFFFFFFFFFFF800
mem[X,0x0000000080039A64] -> 0x8593
mem[X,0x0000000080039A66] -> 0x2575
[9703] [M]: 0x0000000080039A64 (0x25758593) addi a1, a1, 0x257
x11 <- 0xFFFFFFFFFFFFFA57
mem[X,0x0000000080039A68] -> 0x9593
mem[X,0x0000000080039A6A] -> 0x00B5
[9704] [M]: 0x0000000080039A68 (0x00B59593) slli a1, a1, 0xb
x11 <- 0xFFFFFFFFFFD2B800
mem[X,0x0000000080039A6C] -> 0x8593
mem[X,0x0000000080039A6E] -> 0x6C35
[9705] [M]: 0x0000000080039A6C (0x6C358593) addi a1, a1, 0x6c3
x11 <- 0xFFFFFFFFFFD2BEC3
mem[X,0x0000000080039A70] -> 0x9593
mem[X,0x0000000080039A72] -> 0x00A5
[9706] [M]: 0x0000000080039A70 (0x00A59593) slli a1, a1, 0xa
x11 <- 0xFFFFFFFF4AFB0C00
mem[X,0x0000000080039A74] -> 0x8593
mem[X,0x0000000080039A76] -> 0x0CD5
[9707] [M]: 0x0000000080039A74 (0x0CD58593) addi a1, a1, 0xcd
x11 <- 0xFFFFFFFF4AFB0CCD
mem[X,0x0000000080039A78] -> 0x0113
mem[X,0x0000000080039A7A] -> 0x0000
[9708] [M]: 0x0000000080039A78 (0x00000113) addi sp, zero, 0x0
x2 <- 0x0000000000000000
mem[X,0x0000000080039A7C] -> 0x006F
mem[X,0x0000000080039A7E] -> 0x0180
[9709] [M]: 0x0000000080039A7C (0x0180006F) jal zero, 0x18
mem[X,0x0000000080039A94] -> 0x16E3
mem[X,0x0000000080039A96] -> 0xFEB5
[9710] [M]: 0x0000000080039A94 (0xFEB516E3) bne a0, a1, -0x14
mem[X,0x0000000080039A80] -> 0x0113
mem[X,0x0000000080039A82] -> 0x0011
[9711] [M]: 0x0000000080039A80 (0x00110113) addi sp, sp, 0x1
x2 <- 0x0000000000000001
mem[X,0x0000000080039A84] -> 0x006F
mem[X,0x0000000080039A86] -> 0x0240
[9712] [M]: 0x0000000080039A84 (0x0240006F) jal zero, 0x24
mem[X,0x0000000080039AA8] -> 0xB823
mem[X,0x0000000080039AAA] -> 0x2020
[9713] [M]: 0x0000000080039AA8 (0x2020B823) sd sp, 0x210(ra)
mem[0x00000000800463E8] <- 0x0000000000000001
mem[X,0x0000000080039AAC] -> 0x6537
mem[X,0x0000000080039AAE] -> 0x6666
[9714] [M]: 0x0000000080039AAC (0x66666537) lui a0, 0x66666
x10 <- 0x0000000066666000
mem[X,0x0000000080039AB0] -> 0x0513
mem[X,0x0000000080039AB2] -> 0x6665
[9715] [M]: 0x0000000080039AB0 (0x66650513) addi a0, a0, 0x666
x10 <- 0x0000000066666666
mem[X,0x0000000080039AB4] -> 0x1513
mem[X,0x0000000080039AB6] -> 0x00B5
[9716] [M]: 0x0000000080039AB4 (0x00B51513) slli a0, a0, 0xb
x10 <- 0x0000033333333000
mem[X,0x0000000080039AB8] -> 0x0513
mem[X,0x0000000080039ABA] -> 0x3335
[9717] [M]: 0x0000000080039AB8 (0x33350513) addi a0, a0, 0x333
x10 <- 0x0000033333333333
mem[X,0x0000000080039ABC] -> 0x1513
mem[X,0x0000000080039ABE] -> 0x00B5
[9718] [M]: 0x0000000080039ABC (0x00B51513) slli a0, a0, 0xb
x10 <- 0x0019999999999800
mem[X,0x0000000080039AC0] -> 0x0513
mem[X,0x0000000080039AC2] -> 0x1995
[9719] [M]: 0x0000000080039AC0 (0x19950513) addi a0, a0, 0x199
x10 <- 0x0019999999999999
mem[X,0x0000000080039AC4] -> 0x1513
mem[X,0x0000000080039AC6] -> 0x00A5
[9720] [M]: 0x0000000080039AC4 (0x00A51513) slli a0, a0, 0xa
x10 <- 0x6666666666666400
mem[X,0x0000000080039AC8] -> 0x0513
mem[X,0x0000000080039ACA] -> 0x2675
[9721] [M]: 0x0000000080039AC8 (0x26750513) addi a0, a0, 0x267
x10 <- 0x6666666666666667
mem[X,0x0000000080039ACC] -> 0x05B7
mem[X,0x0000000080039ACE] -> 0x0000
[9722] [M]: 0x0000000080039ACC (0x000005B7) lui a1, 0x0
x11 <- 0x0000000000000000
mem[X,0x0000000080039AD0] -> 0x8593
mem[X,0x0000000080039AD2] -> 0x0005
[9723] [M]: 0x0000000080039AD0 (0x00058593) addi a1, a1, 0x0
x11 <- 0x0000000000000000
mem[X,0x0000000080039AD4] -> 0x9593
mem[X,0x0000000080039AD6] -> 0x00B5
[9724] [M]: 0x0000000080039AD4 (0x00B59593) slli a1, a1, 0xb
x11 <- 0x0000000000000000
mem[X,0x0000000080039AD8] -> 0x8593
mem[X,0x0000000080039ADA] -> 0x5A85
[9725] [M]: 0x0000000080039AD8 (0x5A858593) addi a1, a1, 0x5a8
x11 <- 0x00000000000005A8
mem[X,0x0000000080039ADC] -> 0x9593
mem[X,0x0000000080039ADE] -> 0x00B5
[9726] [M]: 0x0000000080039ADC (0x00B59593) slli a1, a1, 0xb
x11 <- 0x00000000002D4000
mem[X,0x0000000080039AE0] -> 0x8593
mem[X,0x0000000080039AE2] -> 0x13C5
[9727] [M]: 0x0000000080039AE0 (0x13C58593) addi a1, a1, 0x13c
x11 <- 0x00000000002D413C
mem[X,0x0000000080039AE4] -> 0x9593
mem[X,0x0000000080039AE6] -> 0x00A5
[9728] [M]: 0x0000000080039AE4 (0x00A59593) slli a1, a1, 0xa
x11 <- 0x00000000B504F000
mem[X,0x0000000080039AE8] -> 0x8593
mem[X,0x0000000080039AEA] -> 0x3335
[9729] [M]: 0x0000000080039AE8 (0x33358593) addi a1, a1, 0x333
x11 <- 0x00000000B504F333
mem[X,0x0000000080039AEC] -> 0x0113
mem[X,0x0000000080039AEE] -> 0x0000
[9730] [M]: 0x0000000080039AEC (0x00000113) addi sp, zero, 0x0
x2 <- 0x0000000000000000
mem[X,0x0000000080039AF0] -> 0x006F
mem[X,0x0000000080039AF2] -> 0x00C0
[9731] [M]: 0x0000000080039AF0 (0x00C0006F) jal zero, 0xc
mem[X,0x0000000080039AFC] -> 0x1CE3
mem[X,0x0000000080039AFE] -> 0xFEB5
[9732] [M]: 0x0000000080039AFC (0xFEB51CE3) bne a0, a1, -0x8
mem[X,0x0000000080039AF4] -> 0x0113
mem[X,0x0000000080039AF6] -> 0x0011
[9733] [M]: 0x0000000080039AF4 (0x00110113) addi sp, sp, 0x1
x2 <- 0x0000000000000001
mem[X,0x0000000080039AF8] -> 0x006F
mem[X,0x0000000080039AFA] -> 0x0180
[9734] [M]: 0x0000000080039AF8 (0x0180006F) jal zero, 0x18
mem[X,0x0000000080039B10] -> 0xBC23
mem[X,0x0000000080039B12] -> 0x2020
[9735] [M]: 0x0000000080039B10 (0x2020BC23) sd sp, 0x218(ra)
mem[0x00000000800463F0] <- 0x0000000000000001
mem[X,0x0000000080039B14] -> 0x6537
mem[X,0x0000000080039B16] -> 0x6666
[9736] [M]: 0x0000000080039B14 (0x66666537) lui a0, 0x66666
x10 <- 0x0000000066666000
mem[X,0x0000000080039B18] -> 0x0513
mem[X,0x0000000080039B1A] -> 0x6665
[9737] [M]: 0x0000000080039B18 (0x66650513) addi a0, a0, 0x666
x10 <- 0x0000000066666666
mem[X,0x0000000080039B1C] -> 0x1513
mem[X,0x0000000080039B1E] -> 0x00B5
[9738] [M]: 0x0000000080039B1C (0x00B51513) slli a0, a0, 0xb
x10 <- 0x0000033333333000
mem[X,0x0000000080039B20] -> 0x0513
mem[X,0x0000000080039B22] -> 0x3335
[9739] [M]: 0x0000000080039B20 (0x33350513) addi a0, a0, 0x333
x10 <- 0x0000033333333333
mem[X,0x0000000080039B24] -> 0x1513
mem[X,0x0000000080039B26] -> 0x00B5
[9740] [M]: 0x0000000080039B24 (0x00B51513) slli a0, a0, 0xb
x10 <- 0x0019999999999800
mem[X,0x0000000080039B28] -> 0x0513
mem[X,0x0000000080039B2A] -> 0x1995
[9741] [M]: 0x0000000080039B28 (0x19950513) addi a0, a0, 0x199
x10 <- 0x0019999999999999
mem[X,0x0000000080039B2C] -> 0x1513
mem[X,0x0000000080039B2E] -> 0x00A5
[9742] [M]: 0x0000000080039B2C (0x00A51513) slli a0, a0, 0xa
x10 <- 0x6666666666666400
mem[X,0x0000000080039B30] -> 0x0513
mem[X,0x0000000080039B32] -> 0x2675
[9743] [M]: 0x0000000080039B30 (0x26750513) addi a0, a0, 0x267
x10 <- 0x6666666666666667
mem[X,0x0000000080039B34] -> 0x0593
mem[X,0x0000000080039B36] -> 0x0020
[9744] [M]: 0x0000000080039B34 (0x00200593) addi a1, zero, 0x2
x11 <- 0x0000000000000002
mem[X,0x0000000080039B38] -> 0x0113
mem[X,0x0000000080039B3A] -> 0x0000
[9745] [M]: 0x0000000080039B38 (0x00000113) addi sp, zero, 0x0
x2 <- 0x0000000000000000
mem[X,0x0000000080039B3C] -> 0x006F
mem[X,0x0000000080039B3E] -> 0x00C0
[9746] [M]: 0x0000000080039B3C (0x00C0006F) jal zero, 0xc
mem[X,0x0000000080039B48] -> 0x1CE3
mem[X,0x0000000080039B4A] -> 0xFEB5
[9747] [M]: 0x0000000080039B48 (0xFEB51CE3) bne a0, a1, -0x8
mem[X,0x0000000080039B40] -> 0x0113
mem[X,0x0000000080039B42] -> 0x0011
[9748] [M]: 0x0000000080039B40 (0x00110113) addi sp, sp, 0x1
x2 <- 0x0000000000000001
mem[X,0x0000000080039B44] -> 0x006F
mem[X,0x0000000080039B46] -> 0x0180
[9749] [M]: 0x0000000080039B44 (0x0180006F) jal zero, 0x18
mem[X,0x0000000080039B5C] -> 0xB023
mem[X,0x0000000080039B5E] -> 0x2220
[9750] [M]: 0x0000000080039B5C (0x2220B023) sd sp, 0x220(ra)
mem[0x00000000800463F8] <- 0x0000000000000001
mem[X,0x0000000080039B60] -> 0x6537
mem[X,0x0000000080039B62] -> 0x6666
[9751] [M]: 0x0000000080039B60 (0x66666537) lui a0, 0x66666
x10 <- 0x0000000066666000
mem[X,0x0000000080039B64] -> 0x0513
mem[X,0x0000000080039B66] -> 0x6665
[9752] [M]: 0x0000000080039B64 (0x66650513) addi a0, a0, 0x666
x10 <- 0x0000000066666666
mem[X,0x0000000080039B68] -> 0x1513
mem[X,0x0000000080039B6A] -> 0x00B5
[9753] [M]: 0x0000000080039B68 (0x00B51513) slli a0, a0, 0xb
x10 <- 0x0000033333333000
mem[X,0x0000000080039B6C] -> 0x0513
mem[X,0x0000000080039B6E] -> 0x3335
[9754] [M]: 0x0000000080039B6C (0x33350513) addi a0, a0, 0x333
x10 <- 0x0000033333333333
mem[X,0x0000000080039B70] -> 0x1513
mem[X,0x0000000080039B72] -> 0x00B5
[9755] [M]: 0x0000000080039B70 (0x00B51513) slli a0, a0, 0xb
x10 <- 0x0019999999999800
mem[X,0x0000000080039B74] -> 0x0513
mem[X,0x0000000080039B76] -> 0x1995
[9756] [M]: 0x0000000080039B74 (0x19950513) addi a0, a0, 0x199
x10 <- 0x0019999999999999
mem[X,0x0000000080039B78] -> 0x1513
mem[X,0x0000000080039B7A] -> 0x00A5
[9757] [M]: 0x0000000080039B78 (0x00A51513) slli a0, a0, 0xa
x10 <- 0x6666666666666400
mem[X,0x0000000080039B7C] -> 0x0513
mem[X,0x0000000080039B7E] -> 0x2675
[9758] [M]: 0x0000000080039B7C (0x26750513) addi a0, a0, 0x267
x10 <- 0x6666666666666667
mem[X,0x0000000080039B80] -> 0x55B7
mem[X,0x0000000080039B82] -> 0x5555
[9759] [M]: 0x0000000080039B80 (0x555555B7) lui a1, 0x55555
x11 <- 0x0000000055555000
mem[X,0x0000000080039B84] -> 0x8593
mem[X,0x0000000080039B86] -> 0x5555
[9760] [M]: 0x0000000080039B84 (0x55558593) addi a1, a1, 0x555
x11 <- 0x0000000055555555
mem[X,0x0000000080039B88] -> 0x9593
mem[X,0x0000000080039B8A] -> 0x00B5
[9761] [M]: 0x0000000080039B88 (0x00B59593) slli a1, a1, 0xb
x11 <- 0x000002AAAAAAA800
mem[X,0x0000000080039B8C] -> 0x8593
mem[X,0x0000000080039B8E] -> 0x2AA5
[9762] [M]: 0x0000000080039B8C (0x2AA58593) addi a1, a1, 0x2aa
x11 <- 0x000002AAAAAAAAAA
mem[X,0x0000000080039B90] -> 0x9593
mem[X,0x0000000080039B92] -> 0x00B5
[9763] [M]: 0x0000000080039B90 (0x00B59593) slli a1, a1, 0xb
x11 <- 0x0015555555555000
mem[X,0x0000000080039B94] -> 0x8593
mem[X,0x0000000080039B96] -> 0x5555
[9764] [M]: 0x0000000080039B94 (0x55558593) addi a1, a1, 0x555
x11 <- 0x0015555555555555
mem[X,0x0000000080039B98] -> 0x9593
mem[X,0x0000000080039B9A] -> 0x00A5
[9765] [M]: 0x0000000080039B98 (0x00A59593) slli a1, a1, 0xa
x11 <- 0x5555555555555400
mem[X,0x0000000080039B9C] -> 0x8593
mem[X,0x0000000080039B9E] -> 0x1545
[9766] [M]: 0x0000000080039B9C (0x15458593) addi a1, a1, 0x154
x11 <- 0x5555555555555554
mem[X,0x0000000080039BA0] -> 0x0113
mem[X,0x0000000080039BA2] -> 0x0000
[9767] [M]: 0x0000000080039BA0 (0x00000113) addi sp, zero, 0x0
x2 <- 0x0000000000000000
mem[X,0x0000000080039BA4] -> 0x006F
mem[X,0x0000000080039BA6] -> 0x00C0
[9768] [M]: 0x0000000080039BA4 (0x00C0006F) jal zero, 0xc
mem[X,0x0000000080039BB0] -> 0x1CE3
mem[X,0x0000000080039BB2] -> 0xFEB5
[9769] [M]: 0x0000000080039BB0 (0xFEB51CE3) bne a0, a1, -0x8
mem[X,0x0000000080039BA8] -> 0x0113
mem[X,0x0000000080039BAA] -> 0x0011
[9770] [M]: 0x0000000080039BA8 (0x00110113) addi sp, sp, 0x1
x2 <- 0x0000000000000001
mem[X,0x0000000080039BAC] -> 0x006F
mem[X,0x0000000080039BAE] -> 0x0180
[9771] [M]: 0x0000000080039BAC (0x0180006F) jal zero, 0x18
mem[X,0x0000000080039BC4] -> 0xB423
mem[X,0x0000000080039BC6] -> 0x2220
[9772] [M]: 0x0000000080039BC4 (0x2220B423) sd sp, 0x228(ra)
mem[0x0000000080046400] <- 0x0000000000000001
mem[X,0x0000000080039BC8] -> 0x6537
mem[X,0x0000000080039BCA] -> 0x6666
[9773] [M]: 0x0000000080039BC8 (0x66666537) lui a0, 0x66666
x10 <- 0x0000000066666000
mem[X,0x0000000080039BCC] -> 0x0513
mem[X,0x0000000080039BCE] -> 0x6665
[9774] [M]: 0x0000000080039BCC (0x66650513) addi a0, a0, 0x666
x10 <- 0x0000000066666666
mem[X,0x0000000080039BD0] -> 0x1513
mem[X,0x0000000080039BD2] -> 0x00B5
[9775] [M]: 0x0000000080039BD0 (0x00B51513) slli a0, a0, 0xb
x10 <- 0x0000033333333000
mem[X,0x0000000080039BD4] -> 0x0513
mem[X,0x0000000080039BD6] -> 0x3335
[9776] [M]: 0x0000000080039BD4 (0x33350513) addi a0, a0, 0x333
x10 <- 0x0000033333333333
mem[X,0x0000000080039BD8] -> 0x1513
mem[X,0x0000000080039BDA] -> 0x00B5
[9777] [M]: 0x0000000080039BD8 (0x00B51513) slli a0, a0, 0xb
x10 <- 0x0019999999999800
mem[X,0x0000000080039BDC] -> 0x0513
mem[X,0x0000000080039BDE] -> 0x1995
[9778] [M]: 0x0000000080039BDC (0x19950513) addi a0, a0, 0x199
x10 <- 0x0019999999999999
mem[X,0x0000000080039BE0] -> 0x1513
mem[X,0x0000000080039BE2] -> 0x00A5
[9779] [M]: 0x0000000080039BE0 (0x00A51513) slli a0, a0, 0xa
x10 <- 0x6666666666666400
mem[X,0x0000000080039BE4] -> 0x0513
mem[X,0x0000000080039BE6] -> 0x2675
[9780] [M]: 0x0000000080039BE4 (0x26750513) addi a0, a0, 0x267
x10 <- 0x6666666666666667
mem[X,0x0000000080039BE8] -> 0x0593
mem[X,0x0000000080039BEA] -> 0x0000
[9781] [M]: 0x0000000080039BE8 (0x00000593) addi a1, zero, 0x0
x11 <- 0x0000000000000000
mem[X,0x0000000080039BEC] -> 0x0113
mem[X,0x0000000080039BEE] -> 0x0000
[9782] [M]: 0x0000000080039BEC (0x00000113) addi sp, zero, 0x0
x2 <- 0x0000000000000000
mem[X,0x0000000080039BF0] -> 0x006F
mem[X,0x0000000080039BF2] -> 0x00C0
[9783] [M]: 0x0000000080039BF0 (0x00C0006F) jal zero, 0xc
mem[X,0x0000000080039BFC] -> 0x1663
mem[X,0x0000000080039BFE] -> 0x00B5
[9784] [M]: 0x0000000080039BFC (0x00B51663) bne a0, a1, 0xc
mem[X,0x0000000080039C08] -> 0x0113
mem[X,0x0000000080039C0A] -> 0x0031
[9785] [M]: 0x0000000080039C08 (0x00310113) addi sp, sp, 0x3
x2 <- 0x0000000000000003
mem[X,0x0000000080039C0C] -> 0x006F
mem[X,0x0000000080039C0E] -> 0x0040
[9786] [M]: 0x0000000080039C0C (0x0040006F) jal zero, 0x4
mem[X,0x0000000080039C10] -> 0xB823
mem[X,0x0000000080039C12] -> 0x2220
[9787] [M]: 0x0000000080039C10 (0x2220B823) sd sp, 0x230(ra)
mem[0x0000000080046408] <- 0x0000000000000003
mem[X,0x0000000080039C14] -> 0x6537
mem[X,0x0000000080039C16] -> 0x6666
[9788] [M]: 0x0000000080039C14 (0x66666537) lui a0, 0x66666
x10 <- 0x0000000066666000
mem[X,0x0000000080039C18] -> 0x0513
mem[X,0x0000000080039C1A] -> 0x6665
[9789] [M]: 0x0000000080039C18 (0x66650513) addi a0, a0, 0x666
x10 <- 0x0000000066666666
mem[X,0x0000000080039C1C] -> 0x1513
mem[X,0x0000000080039C1E] -> 0x00B5
[9790] [M]: 0x0000000080039C1C (0x00B51513) slli a0, a0, 0xb
x10 <- 0x0000033333333000
mem[X,0x0000000080039C20] -> 0x0513
mem[X,0x0000000080039C22] -> 0x3335
[9791] [M]: 0x0000000080039C20 (0x33350513) addi a0, a0, 0x333
x10 <- 0x0000033333333333
mem[X,0x0000000080039C24] -> 0x1513
mem[X,0x0000000080039C26] -> 0x00B5
[9792] [M]: 0x0000000080039C24 (0x00B51513) slli a0, a0, 0xb
x10 <- 0x0019999999999800
mem[X,0x0000000080039C28] -> 0x0513
mem[X,0x0000000080039C2A] -> 0x1995
[9793] [M]: 0x0000000080039C28 (0x19950513) addi a0, a0, 0x199
x10 <- 0x0019999999999999
mem[X,0x0000000080039C2C] -> 0x1513
mem[X,0x0000000080039C2E] -> 0x00A5
[9794] [M]: 0x0000000080039C2C (0x00A51513) slli a0, a0, 0xa
x10 <- 0x6666666666666400
mem[X,0x0000000080039C30] -> 0x0513
mem[X,0x0000000080039C32] -> 0x2675
[9795] [M]: 0x0000000080039C30 (0x26750513) addi a0, a0, 0x267
x10 <- 0x6666666666666667
mem[X,0x0000000080039C34] -> 0x0593
mem[X,0x0000000080039C36] -> 0x0040
[9796] [M]: 0x0000000080039C34 (0x00400593) addi a1, zero, 0x4
x11 <- 0x0000000000000004
mem[X,0x0000000080039C38] -> 0x0113
mem[X,0x0000000080039C3A] -> 0x0000
[9797] [M]: 0x0000000080039C38 (0x00000113) addi sp, zero, 0x0
x2 <- 0x0000000000000000
mem[X,0x0000000080039C3C] -> 0x006F
mem[X,0x0000000080039C3E] -> 0x00C0
[9798] [M]: 0x0000000080039C3C (0x00C0006F) jal zero, 0xc
mem[X,0x0000000080039C48] -> 0x1663
mem[X,0x0000000080039C4A] -> 0x00B5
[9799] [M]: 0x0000000080039C48 (0x00B51663) bne a0, a1, 0xc
clint::tick mtime <- 0x0000000000000062
 clint timer pending at mtime 0x0000000000000062
htif::tick 0x0000000000000000
mem[X,0x0000000080039C54] -> 0x0113
mem[X,0x0000000080039C56] -> 0x0031
[9800] [M]: 0x0000000080039C54 (0x00310113) addi sp, sp, 0x3
x2 <- 0x0000000000000003
mem[X,0x0000000080039C58] -> 0x006F
mem[X,0x0000000080039C5A] -> 0x0040
[9801] [M]: 0x0000000080039C58 (0x0040006F) jal zero, 0x4
mem[X,0x0000000080039C5C] -> 0xBC23
mem[X,0x0000000080039C5E] -> 0x2220
[9802] [M]: 0x0000000080039C5C (0x2220BC23) sd sp, 0x238(ra)
mem[0x0000000080046410] <- 0x0000000000000003
mem[X,0x0000000080039C60] -> 0x6537
mem[X,0x0000000080039C62] -> 0x6666
[9803] [M]: 0x0000000080039C60 (0x66666537) lui a0, 0x66666
x10 <- 0x0000000066666000
mem[X,0x0000000080039C64] -> 0x0513
mem[X,0x0000000080039C66] -> 0x6665
[9804] [M]: 0x0000000080039C64 (0x66650513) addi a0, a0, 0x666
x10 <- 0x0000000066666666
mem[X,0x0000000080039C68] -> 0x1513
mem[X,0x0000000080039C6A] -> 0x00B5
[9805] [M]: 0x0000000080039C68 (0x00B51513) slli a0, a0, 0xb
x10 <- 0x0000033333333000
mem[X,0x0000000080039C6C] -> 0x0513
mem[X,0x0000000080039C6E] -> 0x3335
[9806] [M]: 0x0000000080039C6C (0x33350513) addi a0, a0, 0x333
x10 <- 0x0000033333333333
mem[X,0x0000000080039C70] -> 0x1513
mem[X,0x0000000080039C72] -> 0x00B5
[9807] [M]: 0x0000000080039C70 (0x00B51513) slli a0, a0, 0xb
x10 <- 0x0019999999999800
mem[X,0x0000000080039C74] -> 0x0513
mem[X,0x0000000080039C76] -> 0x1995
[9808] [M]: 0x0000000080039C74 (0x19950513) addi a0, a0, 0x199
x10 <- 0x0019999999999999
mem[X,0x0000000080039C78] -> 0x1513
mem[X,0x0000000080039C7A] -> 0x00A5
[9809] [M]: 0x0000000080039C78 (0x00A51513) slli a0, a0, 0xa
x10 <- 0x6666666666666400
mem[X,0x0000000080039C7C] -> 0x0513
mem[X,0x0000000080039C7E] -> 0x2675
[9810] [M]: 0x0000000080039C7C (0x26750513) addi a0, a0, 0x267
x10 <- 0x6666666666666667
mem[X,0x0000000080039C80] -> 0x35B7
mem[X,0x0000000080039C82] -> 0x3333
[9811] [M]: 0x0000000080039C80 (0x333335B7) lui a1, 0x33333
x11 <- 0x0000000033333000
mem[X,0x0000000080039C84] -> 0x8593
mem[X,0x0000000080039C86] -> 0x3335
[9812] [M]: 0x0000000080039C84 (0x33358593) addi a1, a1, 0x333
x11 <- 0x0000000033333333
mem[X,0x0000000080039C88] -> 0x9593
mem[X,0x0000000080039C8A] -> 0x00B5
[9813] [M]: 0x0000000080039C88 (0x00B59593) slli a1, a1, 0xb
x11 <- 0x0000019999999800
mem[X,0x0000000080039C8C] -> 0x8593
mem[X,0x0000000080039C8E] -> 0x1995
[9814] [M]: 0x0000000080039C8C (0x19958593) addi a1, a1, 0x199
x11 <- 0x0000019999999999
mem[X,0x0000000080039C90] -> 0x9593
mem[X,0x0000000080039C92] -> 0x00B5
[9815] [M]: 0x0000000080039C90 (0x00B59593) slli a1, a1, 0xb
x11 <- 0x000CCCCCCCCCC800
mem[X,0x0000000080039C94] -> 0x8593
mem[X,0x0000000080039C96] -> 0x4CC5
[9816] [M]: 0x0000000080039C94 (0x4CC58593) addi a1, a1, 0x4cc
x11 <- 0x000CCCCCCCCCCCCC
mem[X,0x0000000080039C98] -> 0x9593
mem[X,0x0000000080039C9A] -> 0x00A5
[9817] [M]: 0x0000000080039C98 (0x00A59593) slli a1, a1, 0xa
x11 <- 0x3333333333333000
mem[X,0x0000000080039C9C] -> 0x8593
mem[X,0x0000000080039C9E] -> 0x3325
[9818] [M]: 0x0000000080039C9C (0x33258593) addi a1, a1, 0x332
x11 <- 0x3333333333333332
mem[X,0x0000000080039CA0] -> 0x0113
mem[X,0x0000000080039CA2] -> 0x0000
[9819] [M]: 0x0000000080039CA0 (0x00000113) addi sp, zero, 0x0
x2 <- 0x0000000000000000
mem[X,0x0000000080039CA4] -> 0x006F
mem[X,0x0000000080039CA6] -> 0x00C0
[9820] [M]: 0x0000000080039CA4 (0x00C0006F) jal zero, 0xc
mem[X,0x0000000080039CB0] -> 0x1CE3
mem[X,0x0000000080039CB2] -> 0xFEB5
[9821] [M]: 0x0000000080039CB0 (0xFEB51CE3) bne a0, a1, -0x8
mem[X,0x0000000080039CA8] -> 0x0113
mem[X,0x0000000080039CAA] -> 0x0011
[9822] [M]: 0x0000000080039CA8 (0x00110113) addi sp, sp, 0x1
x2 <- 0x0000000000000001
mem[X,0x0000000080039CAC] -> 0x006F
mem[X,0x0000000080039CAE] -> 0x0180
[9823] [M]: 0x0000000080039CAC (0x0180006F) jal zero, 0x18
mem[X,0x0000000080039CC4] -> 0xB023
mem[X,0x0000000080039CC6] -> 0x2420
[9824] [M]: 0x0000000080039CC4 (0x2420B023) sd sp, 0x240(ra)
mem[0x0000000080046418] <- 0x0000000000000001
mem[X,0x0000000080039CC8] -> 0x6537
mem[X,0x0000000080039CCA] -> 0x6666
[9825] [M]: 0x0000000080039CC8 (0x66666537) lui a0, 0x66666
x10 <- 0x0000000066666000
mem[X,0x0000000080039CCC] -> 0x0513
mem[X,0x0000000080039CCE] -> 0x6665
[9826] [M]: 0x0000000080039CCC (0x66650513) addi a0, a0, 0x666
x10 <- 0x0000000066666666
mem[X,0x0000000080039CD0] -> 0x1513
mem[X,0x0000000080039CD2] -> 0x00B5
[9827] [M]: 0x0000000080039CD0 (0x00B51513) slli a0, a0, 0xb
x10 <- 0x0000033333333000
mem[X,0x0000000080039CD4] -> 0x0513
mem[X,0x0000000080039CD6] -> 0x3335
[9828] [M]: 0x0000000080039CD4 (0x33350513) addi a0, a0, 0x333
x10 <- 0x0000033333333333
mem[X,0x0000000080039CD8] -> 0x1513
mem[X,0x0000000080039CDA] -> 0x00B5
[9829] [M]: 0x0000000080039CD8 (0x00B51513) slli a0, a0, 0xb
x10 <- 0x0019999999999800
mem[X,0x0000000080039CDC] -> 0x0513
mem[X,0x0000000080039CDE] -> 0x1995
[9830] [M]: 0x0000000080039CDC (0x19950513) addi a0, a0, 0x199
x10 <- 0x0019999999999999
mem[X,0x0000000080039CE0] -> 0x1513
mem[X,0x0000000080039CE2] -> 0x00A5
[9831] [M]: 0x0000000080039CE0 (0x00A51513) slli a0, a0, 0xa
x10 <- 0x6666666666666400
mem[X,0x0000000080039CE4] -> 0x0513
mem[X,0x0000000080039CE6] -> 0x2675
[9832] [M]: 0x0000000080039CE4 (0x26750513) addi a0, a0, 0x267
x10 <- 0x6666666666666667
mem[X,0x0000000080039CE8] -> 0x65B7
mem[X,0x0000000080039CEA] -> 0x6666
[9833] [M]: 0x0000000080039CE8 (0x666665B7) lui a1, 0x66666
x11 <- 0x0000000066666000
mem[X,0x0000000080039CEC] -> 0x8593
mem[X,0x0000000080039CEE] -> 0x6665
[9834] [M]: 0x0000000080039CEC (0x66658593) addi a1, a1, 0x666
x11 <- 0x0000000066666666
mem[X,0x0000000080039CF0] -> 0x9593
mem[X,0x0000000080039CF2] -> 0x00B5
[9835] [M]: 0x0000000080039CF0 (0x00B59593) slli a1, a1, 0xb
x11 <- 0x0000033333333000
mem[X,0x0000000080039CF4] -> 0x8593
mem[X,0x0000000080039CF6] -> 0x3335
[9836] [M]: 0x0000000080039CF4 (0x33358593) addi a1, a1, 0x333
x11 <- 0x0000033333333333
mem[X,0x0000000080039CF8] -> 0x9593
mem[X,0x0000000080039CFA] -> 0x00B5
[9837] [M]: 0x0000000080039CF8 (0x00B59593) slli a1, a1, 0xb
x11 <- 0x0019999999999800
mem[X,0x0000000080039CFC] -> 0x8593
mem[X,0x0000000080039CFE] -> 0x1995
[9838] [M]: 0x0000000080039CFC (0x19958593) addi a1, a1, 0x199
x11 <- 0x0019999999999999
mem[X,0x0000000080039D00] -> 0x9593
mem[X,0x0000000080039D02] -> 0x00A5
[9839] [M]: 0x0000000080039D00 (0x00A59593) slli a1, a1, 0xa
x11 <- 0x6666666666666400
mem[X,0x0000000080039D04] -> 0x8593
mem[X,0x0000000080039D06] -> 0x2655
[9840] [M]: 0x0000000080039D04 (0x26558593) addi a1, a1, 0x265
x11 <- 0x6666666666666665
mem[X,0x0000000080039D08] -> 0x0113
mem[X,0x0000000080039D0A] -> 0x0000
[9841] [M]: 0x0000000080039D08 (0x00000113) addi sp, zero, 0x0
x2 <- 0x0000000000000000
mem[X,0x0000000080039D0C] -> 0x006F
mem[X,0x0000000080039D0E] -> 0x00C0
[9842] [M]: 0x0000000080039D0C (0x00C0006F) jal zero, 0xc
mem[X,0x0000000080039D18] -> 0x1063
mem[X,0x0000000080039D1A] -> 0x20B5
[9843] [M]: 0x0000000080039D18 (0x20B51063) bne a0, a1, 0x200
mem[X,0x0000000080039F18] -> 0x0113
mem[X,0x0000000080039F1A] -> 0x0031
[9844] [M]: 0x0000000080039F18 (0x00310113) addi sp, sp, 0x3
x2 <- 0x0000000000000003
mem[X,0x0000000080039F1C] -> 0x006F
mem[X,0x0000000080039F1E] -> 0x0040
[9845] [M]: 0x0000000080039F1C (0x0040006F) jal zero, 0x4
mem[X,0x0000000080039F20] -> 0xB423
mem[X,0x0000000080039F22] -> 0x2420
[9846] [M]: 0x0000000080039F20 (0x2420B423) sd sp, 0x248(ra)
mem[0x0000000080046420] <- 0x0000000000000003
mem[X,0x0000000080039F24] -> 0x6537
mem[X,0x0000000080039F26] -> 0x6666
[9847] [M]: 0x0000000080039F24 (0x66666537) lui a0, 0x66666
x10 <- 0x0000000066666000
mem[X,0x0000000080039F28] -> 0x0513
mem[X,0x0000000080039F2A] -> 0x6665
[9848] [M]: 0x0000000080039F28 (0x66650513) addi a0, a0, 0x666
x10 <- 0x0000000066666666
mem[X,0x0000000080039F2C] -> 0x1513
mem[X,0x0000000080039F2E] -> 0x00B5
[9849] [M]: 0x0000000080039F2C (0x00B51513) slli a0, a0, 0xb
x10 <- 0x0000033333333000
mem[X,0x0000000080039F30] -> 0x0513
mem[X,0x0000000080039F32] -> 0x3335
[9850] [M]: 0x0000000080039F30 (0x33350513) addi a0, a0, 0x333
x10 <- 0x0000033333333333
mem[X,0x0000000080039F34] -> 0x1513
mem[X,0x0000000080039F36] -> 0x00B5
[9851] [M]: 0x0000000080039F34 (0x00B51513) slli a0, a0, 0xb
x10 <- 0x0019999999999800
mem[X,0x0000000080039F38] -> 0x0513
mem[X,0x0000000080039F3A] -> 0x1995
[9852] [M]: 0x0000000080039F38 (0x19950513) addi a0, a0, 0x199
x10 <- 0x0019999999999999
mem[X,0x0000000080039F3C] -> 0x1513
mem[X,0x0000000080039F3E] -> 0x00A5
[9853] [M]: 0x0000000080039F3C (0x00A51513) slli a0, a0, 0xa
x10 <- 0x6666666666666400
mem[X,0x0000000080039F40] -> 0x0513
mem[X,0x0000000080039F42] -> 0x2675
[9854] [M]: 0x0000000080039F40 (0x26750513) addi a0, a0, 0x267
x10 <- 0x6666666666666667
mem[X,0x0000000080039F44] -> 0x05B7
mem[X,0x0000000080039F46] -> 0x0000
[9855] [M]: 0x0000000080039F44 (0x000005B7) lui a1, 0x0
x11 <- 0x0000000000000000
mem[X,0x0000000080039F48] -> 0x8593
mem[X,0x0000000080039F4A] -> 0x0005
[9856] [M]: 0x0000000080039F48 (0x00058593) addi a1, a1, 0x0
x11 <- 0x0000000000000000
mem[X,0x0000000080039F4C] -> 0x9593
mem[X,0x0000000080039F4E] -> 0x00B5
[9857] [M]: 0x0000000080039F4C (0x00B59593) slli a1, a1, 0xb
x11 <- 0x0000000000000000
mem[X,0x0000000080039F50] -> 0x8593
mem[X,0x0000000080039F52] -> 0x5A85
[9858] [M]: 0x0000000080039F50 (0x5A858593) addi a1, a1, 0x5a8
x11 <- 0x00000000000005A8
mem[X,0x0000000080039F54] -> 0x9593
mem[X,0x0000000080039F56] -> 0x00B5
[9859] [M]: 0x0000000080039F54 (0x00B59593) slli a1, a1, 0xb
x11 <- 0x00000000002D4000
mem[X,0x0000000080039F58] -> 0x8593
mem[X,0x0000000080039F5A] -> 0x13C5
[9860] [M]: 0x0000000080039F58 (0x13C58593) addi a1, a1, 0x13c
x11 <- 0x00000000002D413C
mem[X,0x0000000080039F5C] -> 0x9593
mem[X,0x0000000080039F5E] -> 0x00A5
[9861] [M]: 0x0000000080039F5C (0x00A59593) slli a1, a1, 0xa
x11 <- 0x00000000B504F000
mem[X,0x0000000080039F60] -> 0x8593
mem[X,0x0000000080039F62] -> 0x3325
[9862] [M]: 0x0000000080039F60 (0x33258593) addi a1, a1, 0x332
x11 <- 0x00000000B504F332
mem[X,0x0000000080039F64] -> 0x0113
mem[X,0x0000000080039F66] -> 0x0000
[9863] [M]: 0x0000000080039F64 (0x00000113) addi sp, zero, 0x0
x2 <- 0x0000000000000000
mem[X,0x0000000080039F68] -> 0x006F
mem[X,0x0000000080039F6A] -> 0x00C0
[9864] [M]: 0x0000000080039F68 (0x00C0006F) jal zero, 0xc
mem[X,0x0000000080039F74] -> 0x1063
mem[X,0x0000000080039F76] -> 0x40B5
[9865] [M]: 0x0000000080039F74 (0x40B51063) bne a0, a1, 0x400
mem[X,0x000000008003A374] -> 0x0113
mem[X,0x000000008003A376] -> 0x0031
[9866] [M]: 0x000000008003A374 (0x00310113) addi sp, sp, 0x3
x2 <- 0x0000000000000003
mem[X,0x000000008003A378] -> 0x006F
mem[X,0x000000008003A37A] -> 0x0040
[9867] [M]: 0x000000008003A378 (0x0040006F) jal zero, 0x4
mem[X,0x000000008003A37C] -> 0xB823
mem[X,0x000000008003A37E] -> 0x2420
[9868] [M]: 0x000000008003A37C (0x2420B823) sd sp, 0x250(ra)
mem[0x0000000080046428] <- 0x0000000000000003
mem[X,0x000000008003A380] -> 0x6537
mem[X,0x000000008003A382] -> 0x6666
[9869] [M]: 0x000000008003A380 (0x66666537) lui a0, 0x66666
x10 <- 0x0000000066666000
mem[X,0x000000008003A384] -> 0x0513
mem[X,0x000000008003A386] -> 0x6665
[9870] [M]: 0x000000008003A384 (0x66650513) addi a0, a0, 0x666
x10 <- 0x0000000066666666
mem[X,0x000000008003A388] -> 0x1513
mem[X,0x000000008003A38A] -> 0x00B5
[9871] [M]: 0x000000008003A388 (0x00B51513) slli a0, a0, 0xb
x10 <- 0x0000033333333000
mem[X,0x000000008003A38C] -> 0x0513
mem[X,0x000000008003A38E] -> 0x3335
[9872] [M]: 0x000000008003A38C (0x33350513) addi a0, a0, 0x333
x10 <- 0x0000033333333333
mem[X,0x000000008003A390] -> 0x1513
mem[X,0x000000008003A392] -> 0x00B5
[9873] [M]: 0x000000008003A390 (0x00B51513) slli a0, a0, 0xb
x10 <- 0x0019999999999800
mem[X,0x000000008003A394] -> 0x0513
mem[X,0x000000008003A396] -> 0x1995
[9874] [M]: 0x000000008003A394 (0x19950513) addi a0, a0, 0x199
x10 <- 0x0019999999999999
mem[X,0x000000008003A398] -> 0x1513
mem[X,0x000000008003A39A] -> 0x00A5
[9875] [M]: 0x000000008003A398 (0x00A51513) slli a0, a0, 0xa
x10 <- 0x6666666666666400
mem[X,0x000000008003A39C] -> 0x0513
mem[X,0x000000008003A39E] -> 0x2675
[9876] [M]: 0x000000008003A39C (0x26750513) addi a0, a0, 0x267
x10 <- 0x6666666666666667
mem[X,0x000000008003A3A0] -> 0x55B7
mem[X,0x000000008003A3A2] -> 0x5555
[9877] [M]: 0x000000008003A3A0 (0x555555B7) lui a1, 0x55555
x11 <- 0x0000000055555000
mem[X,0x000000008003A3A4] -> 0x8593
mem[X,0x000000008003A3A6] -> 0x5555
[9878] [M]: 0x000000008003A3A4 (0x55558593) addi a1, a1, 0x555
x11 <- 0x0000000055555555
mem[X,0x000000008003A3A8] -> 0x9593
mem[X,0x000000008003A3AA] -> 0x00B5
[9879] [M]: 0x000000008003A3A8 (0x00B59593) slli a1, a1, 0xb
x11 <- 0x000002AAAAAAA800
mem[X,0x000000008003A3AC] -> 0x8593
mem[X,0x000000008003A3AE] -> 0x2AA5
[9880] [M]: 0x000000008003A3AC (0x2AA58593) addi a1, a1, 0x2aa
x11 <- 0x000002AAAAAAAAAA
mem[X,0x000000008003A3B0] -> 0x9593
mem[X,0x000000008003A3B2] -> 0x00B5
[9881] [M]: 0x000000008003A3B0 (0x00B59593) slli a1, a1, 0xb
x11 <- 0x0015555555555000
mem[X,0x000000008003A3B4] -> 0x8593
mem[X,0x000000008003A3B6] -> 0x5555
[9882] [M]: 0x000000008003A3B4 (0x55558593) addi a1, a1, 0x555
x11 <- 0x0015555555555555
mem[X,0x000000008003A3B8] -> 0x9593
mem[X,0x000000008003A3BA] -> 0x00A5
[9883] [M]: 0x000000008003A3B8 (0x00A59593) slli a1, a1, 0xa
x11 <- 0x5555555555555400
mem[X,0x000000008003A3BC] -> 0x8593
mem[X,0x000000008003A3BE] -> 0x1565
[9884] [M]: 0x000000008003A3BC (0x15658593) addi a1, a1, 0x156
x11 <- 0x5555555555555556
mem[X,0x000000008003A3C0] -> 0x0113
mem[X,0x000000008003A3C2] -> 0x0000
[9885] [M]: 0x000000008003A3C0 (0x00000113) addi sp, zero, 0x0
x2 <- 0x0000000000000000
mem[X,0x000000008003A3C4] -> 0x006F
mem[X,0x000000008003A3C6] -> 0x00C0
[9886] [M]: 0x000000008003A3C4 (0x00C0006F) jal zero, 0xc
mem[X,0x000000008003A3D0] -> 0x1CE3
mem[X,0x000000008003A3D2] -> 0xFEB5
[9887] [M]: 0x000000008003A3D0 (0xFEB51CE3) bne a0, a1, -0x8
mem[X,0x000000008003A3C8] -> 0x0113
mem[X,0x000000008003A3CA] -> 0x0011
[9888] [M]: 0x000000008003A3C8 (0x00110113) addi sp, sp, 0x1
x2 <- 0x0000000000000001
mem[X,0x000000008003A3CC] -> 0x006F
mem[X,0x000000008003A3CE] -> 0x0180
[9889] [M]: 0x000000008003A3CC (0x0180006F) jal zero, 0x18
mem[X,0x000000008003A3E4] -> 0xBC23
mem[X,0x000000008003A3E6] -> 0x2420
[9890] [M]: 0x000000008003A3E4 (0x2420BC23) sd sp, 0x258(ra)
mem[0x0000000080046430] <- 0x0000000000000001
mem[X,0x000000008003A3E8] -> 0x6537
mem[X,0x000000008003A3EA] -> 0x6666
[9891] [M]: 0x000000008003A3E8 (0x66666537) lui a0, 0x66666
x10 <- 0x0000000066666000
mem[X,0x000000008003A3EC] -> 0x0513
mem[X,0x000000008003A3EE] -> 0x6665
[9892] [M]: 0x000000008003A3EC (0x66650513) addi a0, a0, 0x666
x10 <- 0x0000000066666666
mem[X,0x000000008003A3F0] -> 0x1513
mem[X,0x000000008003A3F2] -> 0x00B5
[9893] [M]: 0x000000008003A3F0 (0x00B51513) slli a0, a0, 0xb
x10 <- 0x0000033333333000
mem[X,0x000000008003A3F4] -> 0x0513
mem[X,0x000000008003A3F6] -> 0x3335
[9894] [M]: 0x000000008003A3F4 (0x33350513) addi a0, a0, 0x333
x10 <- 0x0000033333333333
mem[X,0x000000008003A3F8] -> 0x1513
mem[X,0x000000008003A3FA] -> 0x00B5
[9895] [M]: 0x000000008003A3F8 (0x00B51513) slli a0, a0, 0xb
x10 <- 0x0019999999999800
mem[X,0x000000008003A3FC] -> 0x0513
mem[X,0x000000008003A3FE] -> 0x1995
[9896] [M]: 0x000000008003A3FC (0x19950513) addi a0, a0, 0x199
x10 <- 0x0019999999999999
mem[X,0x000000008003A400] -> 0x1513
mem[X,0x000000008003A402] -> 0x00A5
[9897] [M]: 0x000000008003A400 (0x00A51513) slli a0, a0, 0xa
x10 <- 0x6666666666666400
mem[X,0x000000008003A404] -> 0x0513
mem[X,0x000000008003A406] -> 0x2675
[9898] [M]: 0x000000008003A404 (0x26750513) addi a0, a0, 0x267
x10 <- 0x6666666666666667
mem[X,0x000000008003A408] -> 0xB5B7
mem[X,0x000000008003A40A] -> 0xAAAA
[9899] [M]: 0x000000008003A408 (0xAAAAB5B7) lui a1, -0x55555
x11 <- 0xFFFFFFFFAAAAB000
clint::tick mtime <- 0x0000000000000063
 clint timer pending at mtime 0x0000000000000063
htif::tick 0x0000000000000000
mem[X,0x000000008003A40C] -> 0x8593
mem[X,0x000000008003A40E] -> 0xAAA5
[9900] [M]: 0x000000008003A40C (0xAAA58593) addi a1, a1, -0x556
x11 <- 0xFFFFFFFFAAAAAAAA
mem[X,0x000000008003A410] -> 0x9593
mem[X,0x000000008003A412] -> 0x00B5
[9901] [M]: 0x000000008003A410 (0x00B59593) slli a1, a1, 0xb
x11 <- 0xFFFFFD5555555000
mem[X,0x000000008003A414] -> 0x8593
mem[X,0x000000008003A416] -> 0x5555
[9902] [M]: 0x000000008003A414 (0x55558593) addi a1, a1, 0x555
x11 <- 0xFFFFFD5555555555
mem[X,0x000000008003A418] -> 0x9593
mem[X,0x000000008003A41A] -> 0x00B5
[9903] [M]: 0x000000008003A418 (0x00B59593) slli a1, a1, 0xb
x11 <- 0xFFEAAAAAAAAAA800
mem[X,0x000000008003A41C] -> 0x8593
mem[X,0x000000008003A41E] -> 0x2AA5
[9904] [M]: 0x000000008003A41C (0x2AA58593) addi a1, a1, 0x2aa
x11 <- 0xFFEAAAAAAAAAAAAA
mem[X,0x000000008003A420] -> 0x9593
mem[X,0x000000008003A422] -> 0x00A5
[9905] [M]: 0x000000008003A420 (0x00A59593) slli a1, a1, 0xa
x11 <- 0xAAAAAAAAAAAAA800
mem[X,0x000000008003A424] -> 0x8593
mem[X,0x000000008003A426] -> 0x2AB5
[9906] [M]: 0x000000008003A424 (0x2AB58593) addi a1, a1, 0x2ab
x11 <- 0xAAAAAAAAAAAAAAAB
mem[X,0x000000008003A428] -> 0x0113
mem[X,0x000000008003A42A] -> 0x0000
[9907] [M]: 0x000000008003A428 (0x00000113) addi sp, zero, 0x0
x2 <- 0x0000000000000000
mem[X,0x000000008003A42C] -> 0x006F
mem[X,0x000000008003A42E] -> 0x00C0
[9908] [M]: 0x000000008003A42C (0x00C0006F) jal zero, 0xc
mem[X,0x000000008003A438] -> 0x1063
mem[X,0x000000008003A43A] -> 0x10B5
[9909] [M]: 0x000000008003A438 (0x10B51063) bne a0, a1, 0x100
mem[X,0x000000008003A538] -> 0x0113
mem[X,0x000000008003A53A] -> 0x0031
[9910] [M]: 0x000000008003A538 (0x00310113) addi sp, sp, 0x3
x2 <- 0x0000000000000003
mem[X,0x000000008003A53C] -> 0x006F
mem[X,0x000000008003A53E] -> 0x0040
[9911] [M]: 0x000000008003A53C (0x0040006F) jal zero, 0x4
mem[X,0x000000008003A540] -> 0xB023
mem[X,0x000000008003A542] -> 0x2620
[9912] [M]: 0x000000008003A540 (0x2620B023) sd sp, 0x260(ra)
mem[0x0000000080046438] <- 0x0000000000000003
mem[X,0x000000008003A544] -> 0x6537
mem[X,0x000000008003A546] -> 0x6666
[9913] [M]: 0x000000008003A544 (0x66666537) lui a0, 0x66666
x10 <- 0x0000000066666000
mem[X,0x000000008003A548] -> 0x0513
mem[X,0x000000008003A54A] -> 0x6665
[9914] [M]: 0x000000008003A548 (0x66650513) addi a0, a0, 0x666
x10 <- 0x0000000066666666
mem[X,0x000000008003A54C] -> 0x1513
mem[X,0x000000008003A54E] -> 0x00B5
[9915] [M]: 0x000000008003A54C (0x00B51513) slli a0, a0, 0xb
x10 <- 0x0000033333333000
mem[X,0x000000008003A550] -> 0x0513
mem[X,0x000000008003A552] -> 0x3335
[9916] [M]: 0x000000008003A550 (0x33350513) addi a0, a0, 0x333
x10 <- 0x0000033333333333
mem[X,0x000000008003A554] -> 0x1513
mem[X,0x000000008003A556] -> 0x00B5
[9917] [M]: 0x000000008003A554 (0x00B51513) slli a0, a0, 0xb
x10 <- 0x0019999999999800
mem[X,0x000000008003A558] -> 0x0513
mem[X,0x000000008003A55A] -> 0x1995
[9918] [M]: 0x000000008003A558 (0x19950513) addi a0, a0, 0x199
x10 <- 0x0019999999999999
mem[X,0x000000008003A55C] -> 0x1513
mem[X,0x000000008003A55E] -> 0x00A5
[9919] [M]: 0x000000008003A55C (0x00A51513) slli a0, a0, 0xa
x10 <- 0x6666666666666400
mem[X,0x000000008003A560] -> 0x0513
mem[X,0x000000008003A562] -> 0x2675
[9920] [M]: 0x000000008003A560 (0x26750513) addi a0, a0, 0x267
x10 <- 0x6666666666666667
mem[X,0x000000008003A564] -> 0x0593
mem[X,0x000000008003A566] -> 0x0060
[9921] [M]: 0x000000008003A564 (0x00600593) addi a1, zero, 0x6
x11 <- 0x0000000000000006
mem[X,0x000000008003A568] -> 0x0113
mem[X,0x000000008003A56A] -> 0x0000
[9922] [M]: 0x000000008003A568 (0x00000113) addi sp, zero, 0x0
x2 <- 0x0000000000000000
mem[X,0x000000008003A56C] -> 0x006F
mem[X,0x000000008003A56E] -> 0x2B10
[9923] [M]: 0x000000008003A56C (0x2B10006F) jal zero, 0xab0
mem[X,0x000000008003B01C] -> 0x1A63
mem[X,0x000000008003B01E] -> 0xD4B5
[9924] [M]: 0x000000008003B01C (0xD4B51A63) bne a0, a1, -0xaac
mem[X,0x000000008003A570] -> 0x0113
mem[X,0x000000008003A572] -> 0x0011
[9925] [M]: 0x000000008003A570 (0x00110113) addi sp, sp, 0x1
x2 <- 0x0000000000000001
mem[X,0x000000008003A574] -> 0x006F
mem[X,0x000000008003A576] -> 0x2BD0
[9926] [M]: 0x000000008003A574 (0x2BD0006F) jal zero, 0xabc
mem[X,0x000000008003B030] -> 0xB423
mem[X,0x000000008003B032] -> 0x2620
[9927] [M]: 0x000000008003B030 (0x2620B423) sd sp, 0x268(ra)
mem[0x0000000080046440] <- 0x0000000000000001
mem[X,0x000000008003B034] -> 0x6537
mem[X,0x000000008003B036] -> 0x6666
[9928] [M]: 0x000000008003B034 (0x66666537) lui a0, 0x66666
x10 <- 0x0000000066666000
mem[X,0x000000008003B038] -> 0x0513
mem[X,0x000000008003B03A] -> 0x6665
[9929] [M]: 0x000000008003B038 (0x66650513) addi a0, a0, 0x666
x10 <- 0x0000000066666666
mem[X,0x000000008003B03C] -> 0x1513
mem[X,0x000000008003B03E] -> 0x00B5
[9930] [M]: 0x000000008003B03C (0x00B51513) slli a0, a0, 0xb
x10 <- 0x0000033333333000
mem[X,0x000000008003B040] -> 0x0513
mem[X,0x000000008003B042] -> 0x3335
[9931] [M]: 0x000000008003B040 (0x33350513) addi a0, a0, 0x333
x10 <- 0x0000033333333333
mem[X,0x000000008003B044] -> 0x1513
mem[X,0x000000008003B046] -> 0x00B5
[9932] [M]: 0x000000008003B044 (0x00B51513) slli a0, a0, 0xb
x10 <- 0x0019999999999800
mem[X,0x000000008003B048] -> 0x0513
mem[X,0x000000008003B04A] -> 0x1995
[9933] [M]: 0x000000008003B048 (0x19950513) addi a0, a0, 0x199
x10 <- 0x0019999999999999
mem[X,0x000000008003B04C] -> 0x1513
mem[X,0x000000008003B04E] -> 0x00A5
[9934] [M]: 0x000000008003B04C (0x00A51513) slli a0, a0, 0xa
x10 <- 0x6666666666666400
mem[X,0x000000008003B050] -> 0x0513
mem[X,0x000000008003B052] -> 0x2675
[9935] [M]: 0x000000008003B050 (0x26750513) addi a0, a0, 0x267
x10 <- 0x6666666666666667
mem[X,0x000000008003B054] -> 0x35B7
mem[X,0x000000008003B056] -> 0x3333
[9936] [M]: 0x000000008003B054 (0x333335B7) lui a1, 0x33333
x11 <- 0x0000000033333000
mem[X,0x000000008003B058] -> 0x8593
mem[X,0x000000008003B05A] -> 0x3335
[9937] [M]: 0x000000008003B058 (0x33358593) addi a1, a1, 0x333
x11 <- 0x0000000033333333
mem[X,0x000000008003B05C] -> 0x9593
mem[X,0x000000008003B05E] -> 0x00B5
[9938] [M]: 0x000000008003B05C (0x00B59593) slli a1, a1, 0xb
x11 <- 0x0000019999999800
mem[X,0x000000008003B060] -> 0x8593
mem[X,0x000000008003B062] -> 0x1995
[9939] [M]: 0x000000008003B060 (0x19958593) addi a1, a1, 0x199
x11 <- 0x0000019999999999
mem[X,0x000000008003B064] -> 0x9593
mem[X,0x000000008003B066] -> 0x00B5
[9940] [M]: 0x000000008003B064 (0x00B59593) slli a1, a1, 0xb
x11 <- 0x000CCCCCCCCCC800
mem[X,0x000000008003B068] -> 0x8593
mem[X,0x000000008003B06A] -> 0x4CC5
[9941] [M]: 0x000000008003B068 (0x4CC58593) addi a1, a1, 0x4cc
x11 <- 0x000CCCCCCCCCCCCC
mem[X,0x000000008003B06C] -> 0x9593
mem[X,0x000000008003B06E] -> 0x00A5
[9942] [M]: 0x000000008003B06C (0x00A59593) slli a1, a1, 0xa
x11 <- 0x3333333333333000
mem[X,0x000000008003B070] -> 0x8593
mem[X,0x000000008003B072] -> 0x3345
[9943] [M]: 0x000000008003B070 (0x33458593) addi a1, a1, 0x334
x11 <- 0x3333333333333334
mem[X,0x000000008003B074] -> 0x0113
mem[X,0x000000008003B076] -> 0x0000
[9944] [M]: 0x000000008003B074 (0x00000113) addi sp, zero, 0x0
x2 <- 0x0000000000000000
mem[X,0x000000008003B078] -> 0x006F
mem[X,0x000000008003B07A] -> 0x00C0
[9945] [M]: 0x000000008003B078 (0x00C0006F) jal zero, 0xc
mem[X,0x000000008003B084] -> 0x1063
mem[X,0x000000008003B086] -> 0x08B5
[9946] [M]: 0x000000008003B084 (0x08B51063) bne a0, a1, 0x80
mem[X,0x000000008003B104] -> 0x0113
mem[X,0x000000008003B106] -> 0x0031
[9947] [M]: 0x000000008003B104 (0x00310113) addi sp, sp, 0x3
x2 <- 0x0000000000000003
mem[X,0x000000008003B108] -> 0x006F
mem[X,0x000000008003B10A] -> 0x0040
[9948] [M]: 0x000000008003B108 (0x0040006F) jal zero, 0x4
mem[X,0x000000008003B10C] -> 0xB823
mem[X,0x000000008003B10E] -> 0x2620
[9949] [M]: 0x000000008003B10C (0x2620B823) sd sp, 0x270(ra)
mem[0x0000000080046448] <- 0x0000000000000003
mem[X,0x000000008003B110] -> 0x6537
mem[X,0x000000008003B112] -> 0x6666
[9950] [M]: 0x000000008003B110 (0x66666537) lui a0, 0x66666
x10 <- 0x0000000066666000
mem[X,0x000000008003B114] -> 0x0513
mem[X,0x000000008003B116] -> 0x6665
[9951] [M]: 0x000000008003B114 (0x66650513) addi a0, a0, 0x666
x10 <- 0x0000000066666666
mem[X,0x000000008003B118] -> 0x1513
mem[X,0x000000008003B11A] -> 0x00B5
[9952] [M]: 0x000000008003B118 (0x00B51513) slli a0, a0, 0xb
x10 <- 0x0000033333333000
mem[X,0x000000008003B11C] -> 0x0513
mem[X,0x000000008003B11E] -> 0x3335
[9953] [M]: 0x000000008003B11C (0x33350513) addi a0, a0, 0x333
x10 <- 0x0000033333333333
mem[X,0x000000008003B120] -> 0x1513
mem[X,0x000000008003B122] -> 0x00B5
[9954] [M]: 0x000000008003B120 (0x00B51513) slli a0, a0, 0xb
x10 <- 0x0019999999999800
mem[X,0x000000008003B124] -> 0x0513
mem[X,0x000000008003B126] -> 0x1995
[9955] [M]: 0x000000008003B124 (0x19950513) addi a0, a0, 0x199
x10 <- 0x0019999999999999
mem[X,0x000000008003B128] -> 0x1513
mem[X,0x000000008003B12A] -> 0x00A5
[9956] [M]: 0x000000008003B128 (0x00A51513) slli a0, a0, 0xa
x10 <- 0x6666666666666400
mem[X,0x000000008003B12C] -> 0x0513
mem[X,0x000000008003B12E] -> 0x2675
[9957] [M]: 0x000000008003B12C (0x26750513) addi a0, a0, 0x267
x10 <- 0x6666666666666667
mem[X,0x000000008003B130] -> 0x65B7
mem[X,0x000000008003B132] -> 0x6666
[9958] [M]: 0x000000008003B130 (0x666665B7) lui a1, 0x66666
x11 <- 0x0000000066666000
mem[X,0x000000008003B134] -> 0x8593
mem[X,0x000000008003B136] -> 0x6665
[9959] [M]: 0x000000008003B134 (0x66658593) addi a1, a1, 0x666
x11 <- 0x0000000066666666
mem[X,0x000000008003B138] -> 0x9593
mem[X,0x000000008003B13A] -> 0x00B5
[9960] [M]: 0x000000008003B138 (0x00B59593) slli a1, a1, 0xb
x11 <- 0x0000033333333000
mem[X,0x000000008003B13C] -> 0x8593
mem[X,0x000000008003B13E] -> 0x3335
[9961] [M]: 0x000000008003B13C (0x33358593) addi a1, a1, 0x333
x11 <- 0x0000033333333333
mem[X,0x000000008003B140] -> 0x9593
mem[X,0x000000008003B142] -> 0x00B5
[9962] [M]: 0x000000008003B140 (0x00B59593) slli a1, a1, 0xb
x11 <- 0x0019999999999800
mem[X,0x000000008003B144] -> 0x8593
mem[X,0x000000008003B146] -> 0x1995
[9963] [M]: 0x000000008003B144 (0x19958593) addi a1, a1, 0x199
x11 <- 0x0019999999999999
mem[X,0x000000008003B148] -> 0x9593
mem[X,0x000000008003B14A] -> 0x00A5
[9964] [M]: 0x000000008003B148 (0x00A59593) slli a1, a1, 0xa
x11 <- 0x6666666666666400
mem[X,0x000000008003B14C] -> 0x8593
mem[X,0x000000008003B14E] -> 0x2675
[9965] [M]: 0x000000008003B14C (0x26758593) addi a1, a1, 0x267
x11 <- 0x6666666666666667
mem[X,0x000000008003B150] -> 0x0113
mem[X,0x000000008003B152] -> 0x0000
[9966] [M]: 0x000000008003B150 (0x00000113) addi sp, zero, 0x0
x2 <- 0x0000000000000000
mem[X,0x000000008003B154] -> 0x006F
mem[X,0x000000008003B156] -> 0x00C0
[9967] [M]: 0x000000008003B154 (0x00C0006F) jal zero, 0xc
mem[X,0x000000008003B160] -> 0x1063
mem[X,0x000000008003B162] -> 0x02B5
[9968] [M]: 0x000000008003B160 (0x02B51063) bne a0, a1, 0x20
mem[X,0x000000008003B164] -> 0x0113
mem[X,0x000000008003B166] -> 0x0021
[9969] [M]: 0x000000008003B164 (0x00210113) addi sp, sp, 0x2
x2 <- 0x0000000000000002
mem[X,0x000000008003B168] -> 0x006F
mem[X,0x000000008003B16A] -> 0x0200
[9970] [M]: 0x000000008003B168 (0x0200006F) jal zero, 0x20
mem[X,0x000000008003B188] -> 0xBC23
mem[X,0x000000008003B18A] -> 0x2620
[9971] [M]: 0x000000008003B188 (0x2620BC23) sd sp, 0x278(ra)
mem[0x0000000080046450] <- 0x0000000000000002
mem[X,0x000000008003B18C] -> 0x6537
mem[X,0x000000008003B18E] -> 0x6666
[9972] [M]: 0x000000008003B18C (0x66666537) lui a0, 0x66666
x10 <- 0x0000000066666000
mem[X,0x000000008003B190] -> 0x0513
mem[X,0x000000008003B192] -> 0x6665
[9973] [M]: 0x000000008003B190 (0x66650513) addi a0, a0, 0x666
x10 <- 0x0000000066666666
mem[X,0x000000008003B194] -> 0x1513
mem[X,0x000000008003B196] -> 0x00B5
[9974] [M]: 0x000000008003B194 (0x00B51513) slli a0, a0, 0xb
x10 <- 0x0000033333333000
mem[X,0x000000008003B198] -> 0x0513
mem[X,0x000000008003B19A] -> 0x3335
[9975] [M]: 0x000000008003B198 (0x33350513) addi a0, a0, 0x333
x10 <- 0x0000033333333333
mem[X,0x000000008003B19C] -> 0x1513
mem[X,0x000000008003B19E] -> 0x00B5
[9976] [M]: 0x000000008003B19C (0x00B51513) slli a0, a0, 0xb
x10 <- 0x0019999999999800
mem[X,0x000000008003B1A0] -> 0x0513
mem[X,0x000000008003B1A2] -> 0x1995
[9977] [M]: 0x000000008003B1A0 (0x19950513) addi a0, a0, 0x199
x10 <- 0x0019999999999999
mem[X,0x000000008003B1A4] -> 0x1513
mem[X,0x000000008003B1A6] -> 0x00A5
[9978] [M]: 0x000000008003B1A4 (0x00A51513) slli a0, a0, 0xa
x10 <- 0x6666666666666400
mem[X,0x000000008003B1A8] -> 0x0513
mem[X,0x000000008003B1AA] -> 0x2675
[9979] [M]: 0x000000008003B1A8 (0x26750513) addi a0, a0, 0x267
x10 <- 0x6666666666666667
mem[X,0x000000008003B1AC] -> 0x05B7
mem[X,0x000000008003B1AE] -> 0x0000
[9980] [M]: 0x000000008003B1AC (0x000005B7) lui a1, 0x0
x11 <- 0x0000000000000000
mem[X,0x000000008003B1B0] -> 0x8593
mem[X,0x000000008003B1B2] -> 0xFFF5
[9981] [M]: 0x000000008003B1B0 (0xFFF58593) addi a1, a1, -0x1
x11 <- 0xFFFFFFFFFFFFFFFF
mem[X,0x000000008003B1B4] -> 0x9593
mem[X,0x000000008003B1B6] -> 0x00B5
[9982] [M]: 0x000000008003B1B4 (0x00B59593) slli a1, a1, 0xb
x11 <- 0xFFFFFFFFFFFFF800
mem[X,0x000000008003B1B8] -> 0x8593
mem[X,0x000000008003B1BA] -> 0x2575
[9983] [M]: 0x000000008003B1B8 (0x25758593) addi a1, a1, 0x257
x11 <- 0xFFFFFFFFFFFFFA57
mem[X,0x000000008003B1BC] -> 0x9593
mem[X,0x000000008003B1BE] -> 0x00B5
[9984] [M]: 0x000000008003B1BC (0x00B59593) slli a1, a1, 0xb
x11 <- 0xFFFFFFFFFFD2B800
mem[X,0x000000008003B1C0] -> 0x8593
mem[X,0x000000008003B1C2] -> 0x6C35
[9985] [M]: 0x000000008003B1C0 (0x6C358593) addi a1, a1, 0x6c3
x11 <- 0xFFFFFFFFFFD2BEC3
mem[X,0x000000008003B1C4] -> 0x9593
mem[X,0x000000008003B1C6] -> 0x00A5
[9986] [M]: 0x000000008003B1C4 (0x00A59593) slli a1, a1, 0xa
x11 <- 0xFFFFFFFF4AFB0C00
mem[X,0x000000008003B1C8] -> 0x8593
mem[X,0x000000008003B1CA] -> 0x0CE5
[9987] [M]: 0x000000008003B1C8 (0x0CE58593) addi a1, a1, 0xce
x11 <- 0xFFFFFFFF4AFB0CCE
mem[X,0x000000008003B1CC] -> 0x0113
mem[X,0x000000008003B1CE] -> 0x0000
[9988] [M]: 0x000000008003B1CC (0x00000113) addi sp, zero, 0x0
x2 <- 0x0000000000000000
mem[X,0x000000008003B1D0] -> 0x006F
mem[X,0x000000008003B1D2] -> 0x0100
[9989] [M]: 0x000000008003B1D0 (0x0100006F) jal zero, 0x10
mem[X,0x000000008003B1E0] -> 0x1AE3
mem[X,0x000000008003B1E2] -> 0xFEB5
[9990] [M]: 0x000000008003B1E0 (0xFEB51AE3) bne a0, a1, -0xc
mem[X,0x000000008003B1D4] -> 0x0113
mem[X,0x000000008003B1D6] -> 0x0011
[9991] [M]: 0x000000008003B1D4 (0x00110113) addi sp, sp, 0x1
x2 <- 0x0000000000000001
mem[X,0x000000008003B1D8] -> 0x006F
mem[X,0x000000008003B1DA] -> 0x01C0
[9992] [M]: 0x000000008003B1D8 (0x01C0006F) jal zero, 0x1c
mem[X,0x000000008003B1F4] -> 0xB023
mem[X,0x000000008003B1F6] -> 0x2820
[9993] [M]: 0x000000008003B1F4 (0x2820B023) sd sp, 0x280(ra)
mem[0x0000000080046458] <- 0x0000000000000001
mem[X,0x000000008003B1F8] -> 0x6537
mem[X,0x000000008003B1FA] -> 0x6666
[9994] [M]: 0x000000008003B1F8 (0x66666537) lui a0, 0x66666
x10 <- 0x0000000066666000
mem[X,0x000000008003B1FC] -> 0x0513
mem[X,0x000000008003B1FE] -> 0x6665
[9995] [M]: 0x000000008003B1FC (0x66650513) addi a0, a0, 0x666
x10 <- 0x0000000066666666
mem[X,0x000000008003B200] -> 0x1513
mem[X,0x000000008003B202] -> 0x00B5
[9996] [M]: 0x000000008003B200 (0x00B51513) slli a0, a0, 0xb
x10 <- 0x0000033333333000
mem[X,0x000000008003B204] -> 0x0513
mem[X,0x000000008003B206] -> 0x3335
[9997] [M]: 0x000000008003B204 (0x33350513) addi a0, a0, 0x333
x10 <- 0x0000033333333333
mem[X,0x000000008003B208] -> 0x1513
mem[X,0x000000008003B20A] -> 0x00B5
[9998] [M]: 0x000000008003B208 (0x00B51513) slli a0, a0, 0xb
x10 <- 0x0019999999999800
mem[X,0x000000008003B20C] -> 0x0513
mem[X,0x000000008003B20E] -> 0x1995
[9999] [M]: 0x000000008003B20C (0x19950513) addi a0, a0, 0x199
x10 <- 0x0019999999999999
clint::tick mtime <- 0x0000000000000064
 clint timer pending at mtime 0x0000000000000064
htif::tick 0x0000000000000000
mem[X,0x000000008003B210] -> 0x1513
mem[X,0x000000008003B212] -> 0x00A5
[10000] [M]: 0x000000008003B210 (0x00A51513) slli a0, a0, 0xa
x10 <- 0x6666666666666400
mem[X,0x000000008003B214] -> 0x0513
mem[X,0x000000008003B216] -> 0x2675
[10001] [M]: 0x000000008003B214 (0x26750513) addi a0, a0, 0x267
x10 <- 0x6666666666666667
mem[X,0x000000008003B218] -> 0x05B7
mem[X,0x000000008003B21A] -> 0x0000
[10002] [M]: 0x000000008003B218 (0x000005B7) lui a1, 0x0
x11 <- 0x0000000000000000
mem[X,0x000000008003B21C] -> 0x8593
mem[X,0x000000008003B21E] -> 0x0005
[10003] [M]: 0x000000008003B21C (0x00058593) addi a1, a1, 0x0
x11 <- 0x0000000000000000
mem[X,0x000000008003B220] -> 0x9593
mem[X,0x000000008003B222] -> 0x00B5
[10004] [M]: 0x000000008003B220 (0x00B59593) slli a1, a1, 0xb
x11 <- 0x0000000000000000
mem[X,0x000000008003B224] -> 0x8593
mem[X,0x000000008003B226] -> 0x5A85
[10005] [M]: 0x000000008003B224 (0x5A858593) addi a1, a1, 0x5a8
x11 <- 0x00000000000005A8
mem[X,0x000000008003B228] -> 0x9593
mem[X,0x000000008003B22A] -> 0x00B5
[10006] [M]: 0x000000008003B228 (0x00B59593) slli a1, a1, 0xb
x11 <- 0x00000000002D4000
mem[X,0x000000008003B22C] -> 0x8593
mem[X,0x000000008003B22E] -> 0x13C5
[10007] [M]: 0x000000008003B22C (0x13C58593) addi a1, a1, 0x13c
x11 <- 0x00000000002D413C
mem[X,0x000000008003B230] -> 0x9593
mem[X,0x000000008003B232] -> 0x00A5
[10008] [M]: 0x000000008003B230 (0x00A59593) slli a1, a1, 0xa
x11 <- 0x00000000B504F000
mem[X,0x000000008003B234] -> 0x8593
mem[X,0x000000008003B236] -> 0x3345
[10009] [M]: 0x000000008003B234 (0x33458593) addi a1, a1, 0x334
x11 <- 0x00000000B504F334
mem[X,0x000000008003B238] -> 0x0113
mem[X,0x000000008003B23A] -> 0x0000
[10010] [M]: 0x000000008003B238 (0x00000113) addi sp, zero, 0x0
x2 <- 0x0000000000000000
mem[X,0x000000008003B23C] -> 0x006F
mem[X,0x000000008003B23E] -> 0x00C0
[10011] [M]: 0x000000008003B23C (0x00C0006F) jal zero, 0xc
mem[X,0x000000008003B248] -> 0x1063
mem[X,0x000000008003B24A] -> 0x20B5
[10012] [M]: 0x000000008003B248 (0x20B51063) bne a0, a1, 0x200
mem[X,0x000000008003B448] -> 0x0113
mem[X,0x000000008003B44A] -> 0x0031
[10013] [M]: 0x000000008003B448 (0x00310113) addi sp, sp, 0x3
x2 <- 0x0000000000000003
mem[X,0x000000008003B44C] -> 0x006F
mem[X,0x000000008003B44E] -> 0x0040
[10014] [M]: 0x000000008003B44C (0x0040006F) jal zero, 0x4
mem[X,0x000000008003B450] -> 0xB423
mem[X,0x000000008003B452] -> 0x2820
[10015] [M]: 0x000000008003B450 (0x2820B423) sd sp, 0x288(ra)
mem[0x0000000080046460] <- 0x0000000000000003
mem[X,0x000000008003B454] -> 0x0537
mem[X,0x000000008003B456] -> 0x0000
[10016] [M]: 0x000000008003B454 (0x00000537) lui a0, 0x0
x10 <- 0x0000000000000000
mem[X,0x000000008003B458] -> 0x0513
mem[X,0x000000008003B45A] -> 0xFFF5
[10017] [M]: 0x000000008003B458 (0xFFF50513) addi a0, a0, -0x1
x10 <- 0xFFFFFFFFFFFFFFFF
mem[X,0x000000008003B45C] -> 0x1513
mem[X,0x000000008003B45E] -> 0x00B5
[10018] [M]: 0x000000008003B45C (0x00B51513) slli a0, a0, 0xb
x10 <- 0xFFFFFFFFFFFFF800
mem[X,0x000000008003B460] -> 0x0513
mem[X,0x000000008003B462] -> 0x2575
[10019] [M]: 0x000000008003B460 (0x25750513) addi a0, a0, 0x257
x10 <- 0xFFFFFFFFFFFFFA57
mem[X,0x000000008003B464] -> 0x1513
mem[X,0x000000008003B466] -> 0x00B5
[10020] [M]: 0x000000008003B464 (0x00B51513) slli a0, a0, 0xb
x10 <- 0xFFFFFFFFFFD2B800
mem[X,0x000000008003B468] -> 0x0513
mem[X,0x000000008003B46A] -> 0x6C35
[10021] [M]: 0x000000008003B468 (0x6C350513) addi a0, a0, 0x6c3
x10 <- 0xFFFFFFFFFFD2BEC3
mem[X,0x000000008003B46C] -> 0x1513
mem[X,0x000000008003B46E] -> 0x00A5
[10022] [M]: 0x000000008003B46C (0x00A51513) slli a0, a0, 0xa
x10 <- 0xFFFFFFFF4AFB0C00
mem[X,0x000000008003B470] -> 0x0513
mem[X,0x000000008003B472] -> 0x0CE5
[10023] [M]: 0x000000008003B470 (0x0CE50513) addi a0, a0, 0xce
x10 <- 0xFFFFFFFF4AFB0CCE
mem[X,0x000000008003B474] -> 0x0593
mem[X,0x000000008003B476] -> 0x0030
[10024] [M]: 0x000000008003B474 (0x00300593) addi a1, zero, 0x3
x11 <- 0x0000000000000003
mem[X,0x000000008003B478] -> 0x0113
mem[X,0x000000008003B47A] -> 0x0000
[10025] [M]: 0x000000008003B478 (0x00000113) addi sp, zero, 0x0
x2 <- 0x0000000000000000
mem[X,0x000000008003B47C] -> 0x006F
mem[X,0x000000008003B47E] -> 0x00C0
[10026] [M]: 0x000000008003B47C (0x00C0006F) jal zero, 0xc
mem[X,0x000000008003B488] -> 0x1063
mem[X,0x000000008003B48A] -> 0x02B5
[10027] [M]: 0x000000008003B488 (0x02B51063) bne a0, a1, 0x20
mem[X,0x000000008003B4A8] -> 0x0113
mem[X,0x000000008003B4AA] -> 0x0031
[10028] [M]: 0x000000008003B4A8 (0x00310113) addi sp, sp, 0x3
x2 <- 0x0000000000000003
mem[X,0x000000008003B4AC] -> 0x006F
mem[X,0x000000008003B4AE] -> 0x0040
[10029] [M]: 0x000000008003B4AC (0x0040006F) jal zero, 0x4
mem[X,0x000000008003B4B0] -> 0xB823
mem[X,0x000000008003B4B2] -> 0x2820
[10030] [M]: 0x000000008003B4B0 (0x2820B823) sd sp, 0x290(ra)
mem[0x0000000080046468] <- 0x0000000000000003
mem[X,0x000000008003B4B4] -> 0x0537
mem[X,0x000000008003B4B6] -> 0x0000
[10031] [M]: 0x000000008003B4B4 (0x00000537) lui a0, 0x0
x10 <- 0x0000000000000000
mem[X,0x000000008003B4B8] -> 0x0513
mem[X,0x000000008003B4BA] -> 0xFFF5
[10032] [M]: 0x000000008003B4B8 (0xFFF50513) addi a0, a0, -0x1
x10 <- 0xFFFFFFFFFFFFFFFF
mem[X,0x000000008003B4BC] -> 0x1513
mem[X,0x000000008003B4BE] -> 0x00B5
[10033] [M]: 0x000000008003B4BC (0x00B51513) slli a0, a0, 0xb
x10 <- 0xFFFFFFFFFFFFF800
mem[X,0x000000008003B4C0] -> 0x0513
mem[X,0x000000008003B4C2] -> 0x2575
[10034] [M]: 0x000000008003B4C0 (0x25750513) addi a0, a0, 0x257
x10 <- 0xFFFFFFFFFFFFFA57
mem[X,0x000000008003B4C4] -> 0x1513
mem[X,0x000000008003B4C6] -> 0x00B5
[10035] [M]: 0x000000008003B4C4 (0x00B51513) slli a0, a0, 0xb
x10 <- 0xFFFFFFFFFFD2B800
mem[X,0x000000008003B4C8] -> 0x0513
mem[X,0x000000008003B4CA] -> 0x6C35
[10036] [M]: 0x000000008003B4C8 (0x6C350513) addi a0, a0, 0x6c3
x10 <- 0xFFFFFFFFFFD2BEC3
mem[X,0x000000008003B4CC] -> 0x1513
mem[X,0x000000008003B4CE] -> 0x00A5
[10037] [M]: 0x000000008003B4CC (0x00A51513) slli a0, a0, 0xa
x10 <- 0xFFFFFFFF4AFB0C00
mem[X,0x000000008003B4D0] -> 0x0513
mem[X,0x000000008003B4D2] -> 0x0CE5
[10038] [M]: 0x000000008003B4D0 (0x0CE50513) addi a0, a0, 0xce
x10 <- 0xFFFFFFFF4AFB0CCE
mem[X,0x000000008003B4D4] -> 0x55B7
mem[X,0x000000008003B4D6] -> 0x5555
[10039] [M]: 0x000000008003B4D4 (0x555555B7) lui a1, 0x55555
x11 <- 0x0000000055555000
mem[X,0x000000008003B4D8] -> 0x8593
mem[X,0x000000008003B4DA] -> 0x5555
[10040] [M]: 0x000000008003B4D8 (0x55558593) addi a1, a1, 0x555
x11 <- 0x0000000055555555
mem[X,0x000000008003B4DC] -> 0x9593
mem[X,0x000000008003B4DE] -> 0x00B5
[10041] [M]: 0x000000008003B4DC (0x00B59593) slli a1, a1, 0xb
x11 <- 0x000002AAAAAAA800
mem[X,0x000000008003B4E0] -> 0x8593
mem[X,0x000000008003B4E2] -> 0x2AA5
[10042] [M]: 0x000000008003B4E0 (0x2AA58593) addi a1, a1, 0x2aa
x11 <- 0x000002AAAAAAAAAA
mem[X,0x000000008003B4E4] -> 0x9593
mem[X,0x000000008003B4E6] -> 0x00B5
[10043] [M]: 0x000000008003B4E4 (0x00B59593) slli a1, a1, 0xb
x11 <- 0x0015555555555000
mem[X,0x000000008003B4E8] -> 0x8593
mem[X,0x000000008003B4EA] -> 0x5555
[10044] [M]: 0x000000008003B4E8 (0x55558593) addi a1, a1, 0x555
x11 <- 0x0015555555555555
mem[X,0x000000008003B4EC] -> 0x9593
mem[X,0x000000008003B4EE] -> 0x00A5
[10045] [M]: 0x000000008003B4EC (0x00A59593) slli a1, a1, 0xa
x11 <- 0x5555555555555400
mem[X,0x000000008003B4F0] -> 0x8593
mem[X,0x000000008003B4F2] -> 0x1555
[10046] [M]: 0x000000008003B4F0 (0x15558593) addi a1, a1, 0x155
x11 <- 0x5555555555555555
mem[X,0x000000008003B4F4] -> 0x0113
mem[X,0x000000008003B4F6] -> 0x0000
[10047] [M]: 0x000000008003B4F4 (0x00000113) addi sp, zero, 0x0
x2 <- 0x0000000000000000
mem[X,0x000000008003B4F8] -> 0x006F
mem[X,0x000000008003B4FA] -> 0x0050
[10048] [M]: 0x000000008003B4F8 (0x0050006F) jal zero, 0x804
mem[X,0x000000008003BCFC] -> 0x10E3
mem[X,0x000000008003BCFE] -> 0x80B5
[10049] [M]: 0x000000008003BCFC (0x80B510E3) bne a0, a1, -0x800
mem[X,0x000000008003B4FC] -> 0x0113
mem[X,0x000000008003B4FE] -> 0x0011
[10050] [M]: 0x000000008003B4FC (0x00110113) addi sp, sp, 0x1
x2 <- 0x0000000000000001
mem[X,0x000000008003B500] -> 0x006F
mem[X,0x000000008003B502] -> 0x0110
[10051] [M]: 0x000000008003B500 (0x0110006F) jal zero, 0x810
mem[X,0x000000008003BD10] -> 0xBC23
mem[X,0x000000008003BD12] -> 0x2820
[10052] [M]: 0x000000008003BD10 (0x2820BC23) sd sp, 0x298(ra)
mem[0x0000000080046470] <- 0x0000000000000001
mem[X,0x000000008003BD14] -> 0x0537
mem[X,0x000000008003BD16] -> 0x0000
[10053] [M]: 0x000000008003BD14 (0x00000537) lui a0, 0x0
x10 <- 0x0000000000000000
mem[X,0x000000008003BD18] -> 0x0513
mem[X,0x000000008003BD1A] -> 0xFFF5
[10054] [M]: 0x000000008003BD18 (0xFFF50513) addi a0, a0, -0x1
x10 <- 0xFFFFFFFFFFFFFFFF
mem[X,0x000000008003BD1C] -> 0x1513
mem[X,0x000000008003BD1E] -> 0x00B5
[10055] [M]: 0x000000008003BD1C (0x00B51513) slli a0, a0, 0xb
x10 <- 0xFFFFFFFFFFFFF800
mem[X,0x000000008003BD20] -> 0x0513
mem[X,0x000000008003BD22] -> 0x2575
[10056] [M]: 0x000000008003BD20 (0x25750513) addi a0, a0, 0x257
x10 <- 0xFFFFFFFFFFFFFA57
mem[X,0x000000008003BD24] -> 0x1513
mem[X,0x000000008003BD26] -> 0x00B5
[10057] [M]: 0x000000008003BD24 (0x00B51513) slli a0, a0, 0xb
x10 <- 0xFFFFFFFFFFD2B800
mem[X,0x000000008003BD28] -> 0x0513
mem[X,0x000000008003BD2A] -> 0x6C35
[10058] [M]: 0x000000008003BD28 (0x6C350513) addi a0, a0, 0x6c3
x10 <- 0xFFFFFFFFFFD2BEC3
mem[X,0x000000008003BD2C] -> 0x1513
mem[X,0x000000008003BD2E] -> 0x00A5
[10059] [M]: 0x000000008003BD2C (0x00A51513) slli a0, a0, 0xa
x10 <- 0xFFFFFFFF4AFB0C00
mem[X,0x000000008003BD30] -> 0x0513
mem[X,0x000000008003BD32] -> 0x0CE5
[10060] [M]: 0x000000008003BD30 (0x0CE50513) addi a0, a0, 0xce
x10 <- 0xFFFFFFFF4AFB0CCE
mem[X,0x000000008003BD34] -> 0xB5B7
mem[X,0x000000008003BD36] -> 0xAAAA
[10061] [M]: 0x000000008003BD34 (0xAAAAB5B7) lui a1, -0x55555
x11 <- 0xFFFFFFFFAAAAB000
mem[X,0x000000008003BD38] -> 0x8593
mem[X,0x000000008003BD3A] -> 0xAAA5
[10062] [M]: 0x000000008003BD38 (0xAAA58593) addi a1, a1, -0x556
x11 <- 0xFFFFFFFFAAAAAAAA
mem[X,0x000000008003BD3C] -> 0x9593
mem[X,0x000000008003BD3E] -> 0x00B5
[10063] [M]: 0x000000008003BD3C (0x00B59593) slli a1, a1, 0xb
x11 <- 0xFFFFFD5555555000
mem[X,0x000000008003BD40] -> 0x8593
mem[X,0x000000008003BD42] -> 0x5555
[10064] [M]: 0x000000008003BD40 (0x55558593) addi a1, a1, 0x555
x11 <- 0xFFFFFD5555555555
mem[X,0x000000008003BD44] -> 0x9593
mem[X,0x000000008003BD46] -> 0x00B5
[10065] [M]: 0x000000008003BD44 (0x00B59593) slli a1, a1, 0xb
x11 <- 0xFFEAAAAAAAAAA800
mem[X,0x000000008003BD48] -> 0x8593
mem[X,0x000000008003BD4A] -> 0x2AA5
[10066] [M]: 0x000000008003BD48 (0x2AA58593) addi a1, a1, 0x2aa
x11 <- 0xFFEAAAAAAAAAAAAA
mem[X,0x000000008003BD4C] -> 0x9593
mem[X,0x000000008003BD4E] -> 0x00A5
[10067] [M]: 0x000000008003BD4C (0x00A59593) slli a1, a1, 0xa
x11 <- 0xAAAAAAAAAAAAA800
mem[X,0x000000008003BD50] -> 0x8593
mem[X,0x000000008003BD52] -> 0x2AA5
[10068] [M]: 0x000000008003BD50 (0x2AA58593) addi a1, a1, 0x2aa
x11 <- 0xAAAAAAAAAAAAAAAA
mem[X,0x000000008003BD54] -> 0x0113
mem[X,0x000000008003BD56] -> 0x0000
[10069] [M]: 0x000000008003BD54 (0x00000113) addi sp, zero, 0x0
x2 <- 0x0000000000000000
mem[X,0x000000008003BD58] -> 0x006F
mem[X,0x000000008003BD5A] -> 0x2B10
[10070] [M]: 0x000000008003BD58 (0x2B10006F) jal zero, 0xab0
mem[X,0x000000008003C808] -> 0x1A63
mem[X,0x000000008003C80A] -> 0xD4B5
[10071] [M]: 0x000000008003C808 (0xD4B51A63) bne a0, a1, -0xaac
mem[X,0x000000008003BD5C] -> 0x0113
mem[X,0x000000008003BD5E] -> 0x0011
[10072] [M]: 0x000000008003BD5C (0x00110113) addi sp, sp, 0x1
x2 <- 0x0000000000000001
mem[X,0x000000008003BD60] -> 0x006F
mem[X,0x000000008003BD62] -> 0x2BD0
[10073] [M]: 0x000000008003BD60 (0x2BD0006F) jal zero, 0xabc
mem[X,0x000000008003C81C] -> 0xB023
mem[X,0x000000008003C81E] -> 0x2A20
[10074] [M]: 0x000000008003C81C (0x2A20B023) sd sp, 0x2a0(ra)
mem[0x0000000080046478] <- 0x0000000000000001
mem[X,0x000000008003C820] -> 0x0537
mem[X,0x000000008003C822] -> 0x0000
[10075] [M]: 0x000000008003C820 (0x00000537) lui a0, 0x0
x10 <- 0x0000000000000000
mem[X,0x000000008003C824] -> 0x0513
mem[X,0x000000008003C826] -> 0xFFF5
[10076] [M]: 0x000000008003C824 (0xFFF50513) addi a0, a0, -0x1
x10 <- 0xFFFFFFFFFFFFFFFF
mem[X,0x000000008003C828] -> 0x1513
mem[X,0x000000008003C82A] -> 0x00B5
[10077] [M]: 0x000000008003C828 (0x00B51513) slli a0, a0, 0xb
x10 <- 0xFFFFFFFFFFFFF800
mem[X,0x000000008003C82C] -> 0x0513
mem[X,0x000000008003C82E] -> 0x2575
[10078] [M]: 0x000000008003C82C (0x25750513) addi a0, a0, 0x257
x10 <- 0xFFFFFFFFFFFFFA57
mem[X,0x000000008003C830] -> 0x1513
mem[X,0x000000008003C832] -> 0x00B5
[10079] [M]: 0x000000008003C830 (0x00B51513) slli a0, a0, 0xb
x10 <- 0xFFFFFFFFFFD2B800
mem[X,0x000000008003C834] -> 0x0513
mem[X,0x000000008003C836] -> 0x6C35
[10080] [M]: 0x000000008003C834 (0x6C350513) addi a0, a0, 0x6c3
x10 <- 0xFFFFFFFFFFD2BEC3
mem[X,0x000000008003C838] -> 0x1513
mem[X,0x000000008003C83A] -> 0x00A5
[10081] [M]: 0x000000008003C838 (0x00A51513) slli a0, a0, 0xa
x10 <- 0xFFFFFFFF4AFB0C00
mem[X,0x000000008003C83C] -> 0x0513
mem[X,0x000000008003C83E] -> 0x0CE5
[10082] [M]: 0x000000008003C83C (0x0CE50513) addi a0, a0, 0xce
x10 <- 0xFFFFFFFF4AFB0CCE
mem[X,0x000000008003C840] -> 0x0593
mem[X,0x000000008003C842] -> 0x0050
[10083] [M]: 0x000000008003C840 (0x00500593) addi a1, zero, 0x5
x11 <- 0x0000000000000005
mem[X,0x000000008003C844] -> 0x0113
mem[X,0x000000008003C846] -> 0x0000
[10084] [M]: 0x000000008003C844 (0x00000113) addi sp, zero, 0x0
x2 <- 0x0000000000000000
mem[X,0x000000008003C848] -> 0x006F
mem[X,0x000000008003C84A] -> 0x00C0
[10085] [M]: 0x000000008003C848 (0x00C0006F) jal zero, 0xc
mem[X,0x000000008003C854] -> 0x1663
mem[X,0x000000008003C856] -> 0x00B5
[10086] [M]: 0x000000008003C854 (0x00B51663) bne a0, a1, 0xc
mem[X,0x000000008003C860] -> 0x0113
mem[X,0x000000008003C862] -> 0x0031
[10087] [M]: 0x000000008003C860 (0x00310113) addi sp, sp, 0x3
x2 <- 0x0000000000000003
mem[X,0x000000008003C864] -> 0x006F
mem[X,0x000000008003C866] -> 0x0040
[10088] [M]: 0x000000008003C864 (0x0040006F) jal zero, 0x4
mem[X,0x000000008003C868] -> 0xB423
mem[X,0x000000008003C86A] -> 0x2A20
[10089] [M]: 0x000000008003C868 (0x2A20B423) sd sp, 0x2a8(ra)
mem[0x0000000080046480] <- 0x0000000000000003
mem[X,0x000000008003C86C] -> 0x0537
mem[X,0x000000008003C86E] -> 0x0000
[10090] [M]: 0x000000008003C86C (0x00000537) lui a0, 0x0
x10 <- 0x0000000000000000
mem[X,0x000000008003C870] -> 0x0513
mem[X,0x000000008003C872] -> 0xFFF5
[10091] [M]: 0x000000008003C870 (0xFFF50513) addi a0, a0, -0x1
x10 <- 0xFFFFFFFFFFFFFFFF
mem[X,0x000000008003C874] -> 0x1513
mem[X,0x000000008003C876] -> 0x00B5
[10092] [M]: 0x000000008003C874 (0x00B51513) slli a0, a0, 0xb
x10 <- 0xFFFFFFFFFFFFF800
mem[X,0x000000008003C878] -> 0x0513
mem[X,0x000000008003C87A] -> 0x2575
[10093] [M]: 0x000000008003C878 (0x25750513) addi a0, a0, 0x257
x10 <- 0xFFFFFFFFFFFFFA57
mem[X,0x000000008003C87C] -> 0x1513
mem[X,0x000000008003C87E] -> 0x00B5
[10094] [M]: 0x000000008003C87C (0x00B51513) slli a0, a0, 0xb
x10 <- 0xFFFFFFFFFFD2B800
mem[X,0x000000008003C880] -> 0x0513
mem[X,0x000000008003C882] -> 0x6C35
[10095] [M]: 0x000000008003C880 (0x6C350513) addi a0, a0, 0x6c3
x10 <- 0xFFFFFFFFFFD2BEC3
mem[X,0x000000008003C884] -> 0x1513
mem[X,0x000000008003C886] -> 0x00A5
[10096] [M]: 0x000000008003C884 (0x00A51513) slli a0, a0, 0xa
x10 <- 0xFFFFFFFF4AFB0C00
mem[X,0x000000008003C888] -> 0x0513
mem[X,0x000000008003C88A] -> 0x0CE5
[10097] [M]: 0x000000008003C888 (0x0CE50513) addi a0, a0, 0xce
x10 <- 0xFFFFFFFF4AFB0CCE
mem[X,0x000000008003C88C] -> 0x35B7
mem[X,0x000000008003C88E] -> 0x3333
[10098] [M]: 0x000000008003C88C (0x333335B7) lui a1, 0x33333
x11 <- 0x0000000033333000
mem[X,0x000000008003C890] -> 0x8593
mem[X,0x000000008003C892] -> 0x3335
[10099] [M]: 0x000000008003C890 (0x33358593) addi a1, a1, 0x333
x11 <- 0x0000000033333333
clint::tick mtime <- 0x0000000000000065
 clint timer pending at mtime 0x0000000000000065
htif::tick 0x0000000000000000
mem[X,0x000000008003C894] -> 0x9593
mem[X,0x000000008003C896] -> 0x00B5
[10100] [M]: 0x000000008003C894 (0x00B59593) slli a1, a1, 0xb
x11 <- 0x0000019999999800
mem[X,0x000000008003C898] -> 0x8593
mem[X,0x000000008003C89A] -> 0x1995
[10101] [M]: 0x000000008003C898 (0x19958593) addi a1, a1, 0x199
x11 <- 0x0000019999999999
mem[X,0x000000008003C89C] -> 0x9593
mem[X,0x000000008003C89E] -> 0x00B5
[10102] [M]: 0x000000008003C89C (0x00B59593) slli a1, a1, 0xb
x11 <- 0x000CCCCCCCCCC800
mem[X,0x000000008003C8A0] -> 0x8593
mem[X,0x000000008003C8A2] -> 0x4CC5
[10103] [M]: 0x000000008003C8A0 (0x4CC58593) addi a1, a1, 0x4cc
x11 <- 0x000CCCCCCCCCCCCC
mem[X,0x000000008003C8A4] -> 0x9593
mem[X,0x000000008003C8A6] -> 0x00A5
[10104] [M]: 0x000000008003C8A4 (0x00A59593) slli a1, a1, 0xa
x11 <- 0x3333333333333000
mem[X,0x000000008003C8A8] -> 0x8593
mem[X,0x000000008003C8AA] -> 0x3335
[10105] [M]: 0x000000008003C8A8 (0x33358593) addi a1, a1, 0x333
x11 <- 0x3333333333333333
mem[X,0x000000008003C8AC] -> 0x0113
mem[X,0x000000008003C8AE] -> 0x0000
[10106] [M]: 0x000000008003C8AC (0x00000113) addi sp, zero, 0x0
x2 <- 0x0000000000000000
mem[X,0x000000008003C8B0] -> 0x006F
mem[X,0x000000008003C8B2] -> 0x2B10
[10107] [M]: 0x000000008003C8B0 (0x2B10006F) jal zero, 0xab0
mem[X,0x000000008003D360] -> 0x1A63
mem[X,0x000000008003D362] -> 0xD4B5
[10108] [M]: 0x000000008003D360 (0xD4B51A63) bne a0, a1, -0xaac
mem[X,0x000000008003C8B4] -> 0x0113
mem[X,0x000000008003C8B6] -> 0x0011
[10109] [M]: 0x000000008003C8B4 (0x00110113) addi sp, sp, 0x1
x2 <- 0x0000000000000001
mem[X,0x000000008003C8B8] -> 0x006F
mem[X,0x000000008003C8BA] -> 0x2BD0
[10110] [M]: 0x000000008003C8B8 (0x2BD0006F) jal zero, 0xabc
mem[X,0x000000008003D374] -> 0xB823
mem[X,0x000000008003D376] -> 0x2A20
[10111] [M]: 0x000000008003D374 (0x2A20B823) sd sp, 0x2b0(ra)
mem[0x0000000080046488] <- 0x0000000000000001
mem[X,0x000000008003D378] -> 0x0537
mem[X,0x000000008003D37A] -> 0x0000
[10112] [M]: 0x000000008003D378 (0x00000537) lui a0, 0x0
x10 <- 0x0000000000000000
mem[X,0x000000008003D37C] -> 0x0513
mem[X,0x000000008003D37E] -> 0xFFF5
[10113] [M]: 0x000000008003D37C (0xFFF50513) addi a0, a0, -0x1
x10 <- 0xFFFFFFFFFFFFFFFF
mem[X,0x000000008003D380] -> 0x1513
mem[X,0x000000008003D382] -> 0x00B5
[10114] [M]: 0x000000008003D380 (0x00B51513) slli a0, a0, 0xb
x10 <- 0xFFFFFFFFFFFFF800
mem[X,0x000000008003D384] -> 0x0513
mem[X,0x000000008003D386] -> 0x2575
[10115] [M]: 0x000000008003D384 (0x25750513) addi a0, a0, 0x257
x10 <- 0xFFFFFFFFFFFFFA57
mem[X,0x000000008003D388] -> 0x1513
mem[X,0x000000008003D38A] -> 0x00B5
[10116] [M]: 0x000000008003D388 (0x00B51513) slli a0, a0, 0xb
x10 <- 0xFFFFFFFFFFD2B800
mem[X,0x000000008003D38C] -> 0x0513
mem[X,0x000000008003D38E] -> 0x6C35
[10117] [M]: 0x000000008003D38C (0x6C350513) addi a0, a0, 0x6c3
x10 <- 0xFFFFFFFFFFD2BEC3
mem[X,0x000000008003D390] -> 0x1513
mem[X,0x000000008003D392] -> 0x00A5
[10118] [M]: 0x000000008003D390 (0x00A51513) slli a0, a0, 0xa
x10 <- 0xFFFFFFFF4AFB0C00
mem[X,0x000000008003D394] -> 0x0513
mem[X,0x000000008003D396] -> 0x0CE5
[10119] [M]: 0x000000008003D394 (0x0CE50513) addi a0, a0, 0xce
x10 <- 0xFFFFFFFF4AFB0CCE
mem[X,0x000000008003D398] -> 0x65B7
mem[X,0x000000008003D39A] -> 0x6666
[10120] [M]: 0x000000008003D398 (0x666665B7) lui a1, 0x66666
x11 <- 0x0000000066666000
mem[X,0x000000008003D39C] -> 0x8593
mem[X,0x000000008003D39E] -> 0x6665
[10121] [M]: 0x000000008003D39C (0x66658593) addi a1, a1, 0x666
x11 <- 0x0000000066666666
mem[X,0x000000008003D3A0] -> 0x9593
mem[X,0x000000008003D3A2] -> 0x00B5
[10122] [M]: 0x000000008003D3A0 (0x00B59593) slli a1, a1, 0xb
x11 <- 0x0000033333333000
mem[X,0x000000008003D3A4] -> 0x8593
mem[X,0x000000008003D3A6] -> 0x3335
[10123] [M]: 0x000000008003D3A4 (0x33358593) addi a1, a1, 0x333
x11 <- 0x0000033333333333
mem[X,0x000000008003D3A8] -> 0x9593
mem[X,0x000000008003D3AA] -> 0x00B5
[10124] [M]: 0x000000008003D3A8 (0x00B59593) slli a1, a1, 0xb
x11 <- 0x0019999999999800
mem[X,0x000000008003D3AC] -> 0x8593
mem[X,0x000000008003D3AE] -> 0x1995
[10125] [M]: 0x000000008003D3AC (0x19958593) addi a1, a1, 0x199
x11 <- 0x0019999999999999
mem[X,0x000000008003D3B0] -> 0x9593
mem[X,0x000000008003D3B2] -> 0x00A5
[10126] [M]: 0x000000008003D3B0 (0x00A59593) slli a1, a1, 0xa
x11 <- 0x6666666666666400
mem[X,0x000000008003D3B4] -> 0x8593
mem[X,0x000000008003D3B6] -> 0x2665
[10127] [M]: 0x000000008003D3B4 (0x26658593) addi a1, a1, 0x266
x11 <- 0x6666666666666666
mem[X,0x000000008003D3B8] -> 0x0113
mem[X,0x000000008003D3BA] -> 0x0000
[10128] [M]: 0x000000008003D3B8 (0x00000113) addi sp, zero, 0x0
x2 <- 0x0000000000000000
mem[X,0x000000008003D3BC] -> 0x006F
mem[X,0x000000008003D3BE] -> 0x2B10
[10129] [M]: 0x000000008003D3BC (0x2B10006F) jal zero, 0xab0
mem[X,0x000000008003DE6C] -> 0x1A63
mem[X,0x000000008003DE6E] -> 0xD4B5
[10130] [M]: 0x000000008003DE6C (0xD4B51A63) bne a0, a1, -0xaac
mem[X,0x000000008003D3C0] -> 0x0113
mem[X,0x000000008003D3C2] -> 0x0011
[10131] [M]: 0x000000008003D3C0 (0x00110113) addi sp, sp, 0x1
x2 <- 0x0000000000000001
mem[X,0x000000008003D3C4] -> 0x006F
mem[X,0x000000008003D3C6] -> 0x2BD0
[10132] [M]: 0x000000008003D3C4 (0x2BD0006F) jal zero, 0xabc
mem[X,0x000000008003DE80] -> 0xBC23
mem[X,0x000000008003DE82] -> 0x2A20
[10133] [M]: 0x000000008003DE80 (0x2A20BC23) sd sp, 0x2b8(ra)
mem[0x0000000080046490] <- 0x0000000000000001
mem[X,0x000000008003DE84] -> 0x0537
mem[X,0x000000008003DE86] -> 0x0000
[10134] [M]: 0x000000008003DE84 (0x00000537) lui a0, 0x0
x10 <- 0x0000000000000000
mem[X,0x000000008003DE88] -> 0x0513
mem[X,0x000000008003DE8A] -> 0xFFF5
[10135] [M]: 0x000000008003DE88 (0xFFF50513) addi a0, a0, -0x1
x10 <- 0xFFFFFFFFFFFFFFFF
mem[X,0x000000008003DE8C] -> 0x1513
mem[X,0x000000008003DE8E] -> 0x00B5
[10136] [M]: 0x000000008003DE8C (0x00B51513) slli a0, a0, 0xb
x10 <- 0xFFFFFFFFFFFFF800
mem[X,0x000000008003DE90] -> 0x0513
mem[X,0x000000008003DE92] -> 0x2575
[10137] [M]: 0x000000008003DE90 (0x25750513) addi a0, a0, 0x257
x10 <- 0xFFFFFFFFFFFFFA57
mem[X,0x000000008003DE94] -> 0x1513
mem[X,0x000000008003DE96] -> 0x00B5
[10138] [M]: 0x000000008003DE94 (0x00B51513) slli a0, a0, 0xb
x10 <- 0xFFFFFFFFFFD2B800
mem[X,0x000000008003DE98] -> 0x0513
mem[X,0x000000008003DE9A] -> 0x6C35
[10139] [M]: 0x000000008003DE98 (0x6C350513) addi a0, a0, 0x6c3
x10 <- 0xFFFFFFFFFFD2BEC3
mem[X,0x000000008003DE9C] -> 0x1513
mem[X,0x000000008003DE9E] -> 0x00A5
[10140] [M]: 0x000000008003DE9C (0x00A51513) slli a0, a0, 0xa
x10 <- 0xFFFFFFFF4AFB0C00
mem[X,0x000000008003DEA0] -> 0x0513
mem[X,0x000000008003DEA2] -> 0x0CE5
[10141] [M]: 0x000000008003DEA0 (0x0CE50513) addi a0, a0, 0xce
x10 <- 0xFFFFFFFF4AFB0CCE
mem[X,0x000000008003DEA4] -> 0x05B7
mem[X,0x000000008003DEA6] -> 0x0000
[10142] [M]: 0x000000008003DEA4 (0x000005B7) lui a1, 0x0
x11 <- 0x0000000000000000
mem[X,0x000000008003DEA8] -> 0x8593
mem[X,0x000000008003DEAA] -> 0xFFF5
[10143] [M]: 0x000000008003DEA8 (0xFFF58593) addi a1, a1, -0x1
x11 <- 0xFFFFFFFFFFFFFFFF
mem[X,0x000000008003DEAC] -> 0x9593
mem[X,0x000000008003DEAE] -> 0x00B5
[10144] [M]: 0x000000008003DEAC (0x00B59593) slli a1, a1, 0xb
x11 <- 0xFFFFFFFFFFFFF800
mem[X,0x000000008003DEB0] -> 0x8593
mem[X,0x000000008003DEB2] -> 0x2575
[10145] [M]: 0x000000008003DEB0 (0x25758593) addi a1, a1, 0x257
x11 <- 0xFFFFFFFFFFFFFA57
mem[X,0x000000008003DEB4] -> 0x9593
mem[X,0x000000008003DEB6] -> 0x00B5
[10146] [M]: 0x000000008003DEB4 (0x00B59593) slli a1, a1, 0xb
x11 <- 0xFFFFFFFFFFD2B800
mem[X,0x000000008003DEB8] -> 0x8593
mem[X,0x000000008003DEBA] -> 0x6C35
[10147] [M]: 0x000000008003DEB8 (0x6C358593) addi a1, a1, 0x6c3
x11 <- 0xFFFFFFFFFFD2BEC3
mem[X,0x000000008003DEBC] -> 0x9593
mem[X,0x000000008003DEBE] -> 0x00A5
[10148] [M]: 0x000000008003DEBC (0x00A59593) slli a1, a1, 0xa
x11 <- 0xFFFFFFFF4AFB0C00
mem[X,0x000000008003DEC0] -> 0x8593
mem[X,0x000000008003DEC2] -> 0x0CD5
[10149] [M]: 0x000000008003DEC0 (0x0CD58593) addi a1, a1, 0xcd
x11 <- 0xFFFFFFFF4AFB0CCD
mem[X,0x000000008003DEC4] -> 0x0113
mem[X,0x000000008003DEC6] -> 0x0000
[10150] [M]: 0x000000008003DEC4 (0x00000113) addi sp, zero, 0x0
x2 <- 0x0000000000000000
mem[X,0x000000008003DEC8] -> 0x006F
mem[X,0x000000008003DECA] -> 0x00C0
[10151] [M]: 0x000000008003DEC8 (0x00C0006F) jal zero, 0xc
mem[X,0x000000008003DED4] -> 0x1663
mem[X,0x000000008003DED6] -> 0x00B5
[10152] [M]: 0x000000008003DED4 (0x00B51663) bne a0, a1, 0xc
mem[X,0x000000008003DEE0] -> 0x0113
mem[X,0x000000008003DEE2] -> 0x0031
[10153] [M]: 0x000000008003DEE0 (0x00310113) addi sp, sp, 0x3
x2 <- 0x0000000000000003
mem[X,0x000000008003DEE4] -> 0x006F
mem[X,0x000000008003DEE6] -> 0x0040
[10154] [M]: 0x000000008003DEE4 (0x0040006F) jal zero, 0x4
mem[X,0x000000008003DEE8] -> 0xB023
mem[X,0x000000008003DEEA] -> 0x2C20
[10155] [M]: 0x000000008003DEE8 (0x2C20B023) sd sp, 0x2c0(ra)
mem[0x0000000080046498] <- 0x0000000000000003
mem[X,0x000000008003DEEC] -> 0x0537
mem[X,0x000000008003DEEE] -> 0x0000
[10156] [M]: 0x000000008003DEEC (0x00000537) lui a0, 0x0
x10 <- 0x0000000000000000
mem[X,0x000000008003DEF0] -> 0x0513
mem[X,0x000000008003DEF2] -> 0xFFF5
[10157] [M]: 0x000000008003DEF0 (0xFFF50513) addi a0, a0, -0x1
x10 <- 0xFFFFFFFFFFFFFFFF
mem[X,0x000000008003DEF4] -> 0x1513
mem[X,0x000000008003DEF6] -> 0x00B5
[10158] [M]: 0x000000008003DEF4 (0x00B51513) slli a0, a0, 0xb
x10 <- 0xFFFFFFFFFFFFF800
mem[X,0x000000008003DEF8] -> 0x0513
mem[X,0x000000008003DEFA] -> 0x2575
[10159] [M]: 0x000000008003DEF8 (0x25750513) addi a0, a0, 0x257
x10 <- 0xFFFFFFFFFFFFFA57
mem[X,0x000000008003DEFC] -> 0x1513
mem[X,0x000000008003DEFE] -> 0x00B5
[10160] [M]: 0x000000008003DEFC (0x00B51513) slli a0, a0, 0xb
x10 <- 0xFFFFFFFFFFD2B800
mem[X,0x000000008003DF00] -> 0x0513
mem[X,0x000000008003DF02] -> 0x6C35
[10161] [M]: 0x000000008003DF00 (0x6C350513) addi a0, a0, 0x6c3
x10 <- 0xFFFFFFFFFFD2BEC3
mem[X,0x000000008003DF04] -> 0x1513
mem[X,0x000000008003DF06] -> 0x00A5
[10162] [M]: 0x000000008003DF04 (0x00A51513) slli a0, a0, 0xa
x10 <- 0xFFFFFFFF4AFB0C00
mem[X,0x000000008003DF08] -> 0x0513
mem[X,0x000000008003DF0A] -> 0x0CE5
[10163] [M]: 0x000000008003DF08 (0x0CE50513) addi a0, a0, 0xce
x10 <- 0xFFFFFFFF4AFB0CCE
mem[X,0x000000008003DF0C] -> 0x05B7
mem[X,0x000000008003DF0E] -> 0x0000
[10164] [M]: 0x000000008003DF0C (0x000005B7) lui a1, 0x0
x11 <- 0x0000000000000000
mem[X,0x000000008003DF10] -> 0x8593
mem[X,0x000000008003DF12] -> 0x0005
[10165] [M]: 0x000000008003DF10 (0x00058593) addi a1, a1, 0x0
x11 <- 0x0000000000000000
mem[X,0x000000008003DF14] -> 0x9593
mem[X,0x000000008003DF16] -> 0x00B5
[10166] [M]: 0x000000008003DF14 (0x00B59593) slli a1, a1, 0xb
x11 <- 0x0000000000000000
mem[X,0x000000008003DF18] -> 0x8593
mem[X,0x000000008003DF1A] -> 0x5A85
[10167] [M]: 0x000000008003DF18 (0x5A858593) addi a1, a1, 0x5a8
x11 <- 0x00000000000005A8
mem[X,0x000000008003DF1C] -> 0x9593
mem[X,0x000000008003DF1E] -> 0x00B5
[10168] [M]: 0x000000008003DF1C (0x00B59593) slli a1, a1, 0xb
x11 <- 0x00000000002D4000
mem[X,0x000000008003DF20] -> 0x8593
mem[X,0x000000008003DF22] -> 0x13C5
[10169] [M]: 0x000000008003DF20 (0x13C58593) addi a1, a1, 0x13c
x11 <- 0x00000000002D413C
mem[X,0x000000008003DF24] -> 0x9593
mem[X,0x000000008003DF26] -> 0x00A5
[10170] [M]: 0x000000008003DF24 (0x00A59593) slli a1, a1, 0xa
x11 <- 0x00000000B504F000
mem[X,0x000000008003DF28] -> 0x8593
mem[X,0x000000008003DF2A] -> 0x3335
[10171] [M]: 0x000000008003DF28 (0x33358593) addi a1, a1, 0x333
x11 <- 0x00000000B504F333
mem[X,0x000000008003DF2C] -> 0x0113
mem[X,0x000000008003DF2E] -> 0x0000
[10172] [M]: 0x000000008003DF2C (0x00000113) addi sp, zero, 0x0
x2 <- 0x0000000000000000
mem[X,0x000000008003DF30] -> 0x006F
mem[X,0x000000008003DF32] -> 0x00C0
[10173] [M]: 0x000000008003DF30 (0x00C0006F) jal zero, 0xc
mem[X,0x000000008003DF3C] -> 0x1CE3
mem[X,0x000000008003DF3E] -> 0xFEB5
[10174] [M]: 0x000000008003DF3C (0xFEB51CE3) bne a0, a1, -0x8
mem[X,0x000000008003DF34] -> 0x0113
mem[X,0x000000008003DF36] -> 0x0011
[10175] [M]: 0x000000008003DF34 (0x00110113) addi sp, sp, 0x1
x2 <- 0x0000000000000001
mem[X,0x000000008003DF38] -> 0x006F
mem[X,0x000000008003DF3A] -> 0x0180
[10176] [M]: 0x000000008003DF38 (0x0180006F) jal zero, 0x18
mem[X,0x000000008003DF50] -> 0xB423
mem[X,0x000000008003DF52] -> 0x2C20
[10177] [M]: 0x000000008003DF50 (0x2C20B423) sd sp, 0x2c8(ra)
mem[0x00000000800464A0] <- 0x0000000000000001
mem[X,0x000000008003DF54] -> 0x0537
mem[X,0x000000008003DF56] -> 0x0000
[10178] [M]: 0x000000008003DF54 (0x00000537) lui a0, 0x0
x10 <- 0x0000000000000000
mem[X,0x000000008003DF58] -> 0x0513
mem[X,0x000000008003DF5A] -> 0xFFF5
[10179] [M]: 0x000000008003DF58 (0xFFF50513) addi a0, a0, -0x1
x10 <- 0xFFFFFFFFFFFFFFFF
mem[X,0x000000008003DF5C] -> 0x1513
mem[X,0x000000008003DF5E] -> 0x00B5
[10180] [M]: 0x000000008003DF5C (0x00B51513) slli a0, a0, 0xb
x10 <- 0xFFFFFFFFFFFFF800
mem[X,0x000000008003DF60] -> 0x0513
mem[X,0x000000008003DF62] -> 0x2575
[10181] [M]: 0x000000008003DF60 (0x25750513) addi a0, a0, 0x257
x10 <- 0xFFFFFFFFFFFFFA57
mem[X,0x000000008003DF64] -> 0x1513
mem[X,0x000000008003DF66] -> 0x00B5
[10182] [M]: 0x000000008003DF64 (0x00B51513) slli a0, a0, 0xb
x10 <- 0xFFFFFFFFFFD2B800
mem[X,0x000000008003DF68] -> 0x0513
mem[X,0x000000008003DF6A] -> 0x6C35
[10183] [M]: 0x000000008003DF68 (0x6C350513) addi a0, a0, 0x6c3
x10 <- 0xFFFFFFFFFFD2BEC3
mem[X,0x000000008003DF6C] -> 0x1513
mem[X,0x000000008003DF6E] -> 0x00A5
[10184] [M]: 0x000000008003DF6C (0x00A51513) slli a0, a0, 0xa
x10 <- 0xFFFFFFFF4AFB0C00
mem[X,0x000000008003DF70] -> 0x0513
mem[X,0x000000008003DF72] -> 0x0CE5
[10185] [M]: 0x000000008003DF70 (0x0CE50513) addi a0, a0, 0xce
x10 <- 0xFFFFFFFF4AFB0CCE
mem[X,0x000000008003DF74] -> 0x0593
mem[X,0x000000008003DF76] -> 0x0020
[10186] [M]: 0x000000008003DF74 (0x00200593) addi a1, zero, 0x2
x11 <- 0x0000000000000002
mem[X,0x000000008003DF78] -> 0x0113
mem[X,0x000000008003DF7A] -> 0x0000
[10187] [M]: 0x000000008003DF78 (0x00000113) addi sp, zero, 0x0
x2 <- 0x0000000000000000
mem[X,0x000000008003DF7C] -> 0x006F
mem[X,0x000000008003DF7E] -> 0x0180
[10188] [M]: 0x000000008003DF7C (0x0180006F) jal zero, 0x18
mem[X,0x000000008003DF94] -> 0x16E3
mem[X,0x000000008003DF96] -> 0xFEB5
[10189] [M]: 0x000000008003DF94 (0xFEB516E3) bne a0, a1, -0x14
mem[X,0x000000008003DF80] -> 0x0113
mem[X,0x000000008003DF82] -> 0x0011
[10190] [M]: 0x000000008003DF80 (0x00110113) addi sp, sp, 0x1
x2 <- 0x0000000000000001
mem[X,0x000000008003DF84] -> 0x006F
mem[X,0x000000008003DF86] -> 0x0240
[10191] [M]: 0x000000008003DF84 (0x0240006F) jal zero, 0x24
mem[X,0x000000008003DFA8] -> 0xB823
mem[X,0x000000008003DFAA] -> 0x2C20
[10192] [M]: 0x000000008003DFA8 (0x2C20B823) sd sp, 0x2d0(ra)
mem[0x00000000800464A8] <- 0x0000000000000001
mem[X,0x000000008003DFAC] -> 0x0537
mem[X,0x000000008003DFAE] -> 0x0000
[10193] [M]: 0x000000008003DFAC (0x00000537) lui a0, 0x0
x10 <- 0x0000000000000000
mem[X,0x000000008003DFB0] -> 0x0513
mem[X,0x000000008003DFB2] -> 0xFFF5
[10194] [M]: 0x000000008003DFB0 (0xFFF50513) addi a0, a0, -0x1
x10 <- 0xFFFFFFFFFFFFFFFF
mem[X,0x000000008003DFB4] -> 0x1513
mem[X,0x000000008003DFB6] -> 0x00B5
[10195] [M]: 0x000000008003DFB4 (0x00B51513) slli a0, a0, 0xb
x10 <- 0xFFFFFFFFFFFFF800
mem[X,0x000000008003DFB8] -> 0x0513
mem[X,0x000000008003DFBA] -> 0x2575
[10196] [M]: 0x000000008003DFB8 (0x25750513) addi a0, a0, 0x257
x10 <- 0xFFFFFFFFFFFFFA57
mem[X,0x000000008003DFBC] -> 0x1513
mem[X,0x000000008003DFBE] -> 0x00B5
[10197] [M]: 0x000000008003DFBC (0x00B51513) slli a0, a0, 0xb
x10 <- 0xFFFFFFFFFFD2B800
mem[X,0x000000008003DFC0] -> 0x0513
mem[X,0x000000008003DFC2] -> 0x6C35
[10198] [M]: 0x000000008003DFC0 (0x6C350513) addi a0, a0, 0x6c3
x10 <- 0xFFFFFFFFFFD2BEC3
mem[X,0x000000008003DFC4] -> 0x1513
mem[X,0x000000008003DFC6] -> 0x00A5
[10199] [M]: 0x000000008003DFC4 (0x00A51513) slli a0, a0, 0xa
x10 <- 0xFFFFFFFF4AFB0C00
clint::tick mtime <- 0x0000000000000066
 clint timer pending at mtime 0x0000000000000066
htif::tick 0x0000000000000000
mem[X,0x000000008003DFC8] -> 0x0513
mem[X,0x000000008003DFCA] -> 0x0CE5
[10200] [M]: 0x000000008003DFC8 (0x0CE50513) addi a0, a0, 0xce
x10 <- 0xFFFFFFFF4AFB0CCE
mem[X,0x000000008003DFCC] -> 0x55B7
mem[X,0x000000008003DFCE] -> 0x5555
[10201] [M]: 0x000000008003DFCC (0x555555B7) lui a1, 0x55555
x11 <- 0x0000000055555000
mem[X,0x000000008003DFD0] -> 0x8593
mem[X,0x000000008003DFD2] -> 0x5555
[10202] [M]: 0x000000008003DFD0 (0x55558593) addi a1, a1, 0x555
x11 <- 0x0000000055555555
mem[X,0x000000008003DFD4] -> 0x9593
mem[X,0x000000008003DFD6] -> 0x00B5
[10203] [M]: 0x000000008003DFD4 (0x00B59593) slli a1, a1, 0xb
x11 <- 0x000002AAAAAAA800
mem[X,0x000000008003DFD8] -> 0x8593
mem[X,0x000000008003DFDA] -> 0x2AA5
[10204] [M]: 0x000000008003DFD8 (0x2AA58593) addi a1, a1, 0x2aa
x11 <- 0x000002AAAAAAAAAA
mem[X,0x000000008003DFDC] -> 0x9593
mem[X,0x000000008003DFDE] -> 0x00B5
[10205] [M]: 0x000000008003DFDC (0x00B59593) slli a1, a1, 0xb
x11 <- 0x0015555555555000
mem[X,0x000000008003DFE0] -> 0x8593
mem[X,0x000000008003DFE2] -> 0x5555
[10206] [M]: 0x000000008003DFE0 (0x55558593) addi a1, a1, 0x555
x11 <- 0x0015555555555555
mem[X,0x000000008003DFE4] -> 0x9593
mem[X,0x000000008003DFE6] -> 0x00A5
[10207] [M]: 0x000000008003DFE4 (0x00A59593) slli a1, a1, 0xa
x11 <- 0x5555555555555400
mem[X,0x000000008003DFE8] -> 0x8593
mem[X,0x000000008003DFEA] -> 0x1545
[10208] [M]: 0x000000008003DFE8 (0x15458593) addi a1, a1, 0x154
x11 <- 0x5555555555555554
mem[X,0x000000008003DFEC] -> 0x0113
mem[X,0x000000008003DFEE] -> 0x0000
[10209] [M]: 0x000000008003DFEC (0x00000113) addi sp, zero, 0x0
x2 <- 0x0000000000000000
mem[X,0x000000008003DFF0] -> 0x006F
mem[X,0x000000008003DFF2] -> 0x00C0
[10210] [M]: 0x000000008003DFF0 (0x00C0006F) jal zero, 0xc
mem[X,0x000000008003DFFC] -> 0x1063
mem[X,0x000000008003DFFE] -> 0x20B5
[10211] [M]: 0x000000008003DFFC (0x20B51063) bne a0, a1, 0x200
mem[X,0x000000008003E1FC] -> 0x0113
mem[X,0x000000008003E1FE] -> 0x0031
[10212] [M]: 0x000000008003E1FC (0x00310113) addi sp, sp, 0x3
x2 <- 0x0000000000000003
mem[X,0x000000008003E200] -> 0x006F
mem[X,0x000000008003E202] -> 0x0040
[10213] [M]: 0x000000008003E200 (0x0040006F) jal zero, 0x4
mem[X,0x000000008003E204] -> 0xBC23
mem[X,0x000000008003E206] -> 0x2C20
[10214] [M]: 0x000000008003E204 (0x2C20BC23) sd sp, 0x2d8(ra)
mem[0x00000000800464B0] <- 0x0000000000000003
mem[X,0x000000008003E208] -> 0x0537
mem[X,0x000000008003E20A] -> 0x0000
[10215] [M]: 0x000000008003E208 (0x00000537) lui a0, 0x0
x10 <- 0x0000000000000000
mem[X,0x000000008003E20C] -> 0x0513
mem[X,0x000000008003E20E] -> 0xFFF5
[10216] [M]: 0x000000008003E20C (0xFFF50513) addi a0, a0, -0x1
x10 <- 0xFFFFFFFFFFFFFFFF
mem[X,0x000000008003E210] -> 0x1513
mem[X,0x000000008003E212] -> 0x00B5
[10217] [M]: 0x000000008003E210 (0x00B51513) slli a0, a0, 0xb
x10 <- 0xFFFFFFFFFFFFF800
mem[X,0x000000008003E214] -> 0x0513
mem[X,0x000000008003E216] -> 0x2575
[10218] [M]: 0x000000008003E214 (0x25750513) addi a0, a0, 0x257
x10 <- 0xFFFFFFFFFFFFFA57
mem[X,0x000000008003E218] -> 0x1513
mem[X,0x000000008003E21A] -> 0x00B5
[10219] [M]: 0x000000008003E218 (0x00B51513) slli a0, a0, 0xb
x10 <- 0xFFFFFFFFFFD2B800
mem[X,0x000000008003E21C] -> 0x0513
mem[X,0x000000008003E21E] -> 0x6C35
[10220] [M]: 0x000000008003E21C (0x6C350513) addi a0, a0, 0x6c3
x10 <- 0xFFFFFFFFFFD2BEC3
mem[X,0x000000008003E220] -> 0x1513
mem[X,0x000000008003E222] -> 0x00A5
[10221] [M]: 0x000000008003E220 (0x00A51513) slli a0, a0, 0xa
x10 <- 0xFFFFFFFF4AFB0C00
mem[X,0x000000008003E224] -> 0x0513
mem[X,0x000000008003E226] -> 0x0CE5
[10222] [M]: 0x000000008003E224 (0x0CE50513) addi a0, a0, 0xce
x10 <- 0xFFFFFFFF4AFB0CCE
mem[X,0x000000008003E228] -> 0x0593
mem[X,0x000000008003E22A] -> 0x0000
[10223] [M]: 0x000000008003E228 (0x00000593) addi a1, zero, 0x0
x11 <- 0x0000000000000000
mem[X,0x000000008003E22C] -> 0x0113
mem[X,0x000000008003E22E] -> 0x0000
[10224] [M]: 0x000000008003E22C (0x00000113) addi sp, zero, 0x0
x2 <- 0x0000000000000000
mem[X,0x000000008003E230] -> 0x006F
mem[X,0x000000008003E232] -> 0x2B10
[10225] [M]: 0x000000008003E230 (0x2B10006F) jal zero, 0xab0
mem[X,0x000000008003ECE0] -> 0x1A63
mem[X,0x000000008003ECE2] -> 0xD4B5
[10226] [M]: 0x000000008003ECE0 (0xD4B51A63) bne a0, a1, -0xaac
mem[X,0x000000008003E234] -> 0x0113
mem[X,0x000000008003E236] -> 0x0011
[10227] [M]: 0x000000008003E234 (0x00110113) addi sp, sp, 0x1
x2 <- 0x0000000000000001
mem[X,0x000000008003E238] -> 0x006F
mem[X,0x000000008003E23A] -> 0x2BD0
[10228] [M]: 0x000000008003E238 (0x2BD0006F) jal zero, 0xabc
mem[X,0x000000008003ECF4] -> 0xB023
mem[X,0x000000008003ECF6] -> 0x2E20
[10229] [M]: 0x000000008003ECF4 (0x2E20B023) sd sp, 0x2e0(ra)
mem[0x00000000800464B8] <- 0x0000000000000001
mem[X,0x000000008003ECF8] -> 0x0537
mem[X,0x000000008003ECFA] -> 0x0000
[10230] [M]: 0x000000008003ECF8 (0x00000537) lui a0, 0x0
x10 <- 0x0000000000000000
mem[X,0x000000008003ECFC] -> 0x0513
mem[X,0x000000008003ECFE] -> 0xFFF5
[10231] [M]: 0x000000008003ECFC (0xFFF50513) addi a0, a0, -0x1
x10 <- 0xFFFFFFFFFFFFFFFF
mem[X,0x000000008003ED00] -> 0x1513
mem[X,0x000000008003ED02] -> 0x00B5
[10232] [M]: 0x000000008003ED00 (0x00B51513) slli a0, a0, 0xb
x10 <- 0xFFFFFFFFFFFFF800
mem[X,0x000000008003ED04] -> 0x0513
mem[X,0x000000008003ED06] -> 0x2575
[10233] [M]: 0x000000008003ED04 (0x25750513) addi a0, a0, 0x257
x10 <- 0xFFFFFFFFFFFFFA57
mem[X,0x000000008003ED08] -> 0x1513
mem[X,0x000000008003ED0A] -> 0x00B5
[10234] [M]: 0x000000008003ED08 (0x00B51513) slli a0, a0, 0xb
x10 <- 0xFFFFFFFFFFD2B800
mem[X,0x000000008003ED0C] -> 0x0513
mem[X,0x000000008003ED0E] -> 0x6C35
[10235] [M]: 0x000000008003ED0C (0x6C350513) addi a0, a0, 0x6c3
x10 <- 0xFFFFFFFFFFD2BEC3
mem[X,0x000000008003ED10] -> 0x1513
mem[X,0x000000008003ED12] -> 0x00A5
[10236] [M]: 0x000000008003ED10 (0x00A51513) slli a0, a0, 0xa
x10 <- 0xFFFFFFFF4AFB0C00
mem[X,0x000000008003ED14] -> 0x0513
mem[X,0x000000008003ED16] -> 0x0CE5
[10237] [M]: 0x000000008003ED14 (0x0CE50513) addi a0, a0, 0xce
x10 <- 0xFFFFFFFF4AFB0CCE
mem[X,0x000000008003ED18] -> 0x0593
mem[X,0x000000008003ED1A] -> 0x0040
[10238] [M]: 0x000000008003ED18 (0x00400593) addi a1, zero, 0x4
x11 <- 0x0000000000000004
mem[X,0x000000008003ED1C] -> 0x0113
mem[X,0x000000008003ED1E] -> 0x0000
[10239] [M]: 0x000000008003ED1C (0x00000113) addi sp, zero, 0x0
x2 <- 0x0000000000000000
mem[X,0x000000008003ED20] -> 0x006F
mem[X,0x000000008003ED22] -> 0x00C0
[10240] [M]: 0x000000008003ED20 (0x00C0006F) jal zero, 0xc
mem[X,0x000000008003ED2C] -> 0x1063
mem[X,0x000000008003ED2E] -> 0x02B5
[10241] [M]: 0x000000008003ED2C (0x02B51063) bne a0, a1, 0x20
mem[X,0x000000008003ED4C] -> 0x0113
mem[X,0x000000008003ED4E] -> 0x0031
[10242] [M]: 0x000000008003ED4C (0x00310113) addi sp, sp, 0x3
x2 <- 0x0000000000000003
mem[X,0x000000008003ED50] -> 0x006F
mem[X,0x000000008003ED52] -> 0x0040
[10243] [M]: 0x000000008003ED50 (0x0040006F) jal zero, 0x4
mem[X,0x000000008003ED54] -> 0xB423
mem[X,0x000000008003ED56] -> 0x2E20
[10244] [M]: 0x000000008003ED54 (0x2E20B423) sd sp, 0x2e8(ra)
mem[0x00000000800464C0] <- 0x0000000000000003
mem[X,0x000000008003ED58] -> 0x0537
mem[X,0x000000008003ED5A] -> 0x0000
[10245] [M]: 0x000000008003ED58 (0x00000537) lui a0, 0x0
x10 <- 0x0000000000000000
mem[X,0x000000008003ED5C] -> 0x0513
mem[X,0x000000008003ED5E] -> 0xFFF5
[10246] [M]: 0x000000008003ED5C (0xFFF50513) addi a0, a0, -0x1
x10 <- 0xFFFFFFFFFFFFFFFF
mem[X,0x000000008003ED60] -> 0x1513
mem[X,0x000000008003ED62] -> 0x00B5
[10247] [M]: 0x000000008003ED60 (0x00B51513) slli a0, a0, 0xb
x10 <- 0xFFFFFFFFFFFFF800
mem[X,0x000000008003ED64] -> 0x0513
mem[X,0x000000008003ED66] -> 0x2575
[10248] [M]: 0x000000008003ED64 (0x25750513) addi a0, a0, 0x257
x10 <- 0xFFFFFFFFFFFFFA57
mem[X,0x000000008003ED68] -> 0x1513
mem[X,0x000000008003ED6A] -> 0x00B5
[10249] [M]: 0x000000008003ED68 (0x00B51513) slli a0, a0, 0xb
x10 <- 0xFFFFFFFFFFD2B800
mem[X,0x000000008003ED6C] -> 0x0513
mem[X,0x000000008003ED6E] -> 0x6C35
[10250] [M]: 0x000000008003ED6C (0x6C350513) addi a0, a0, 0x6c3
x10 <- 0xFFFFFFFFFFD2BEC3
mem[X,0x000000008003ED70] -> 0x1513
mem[X,0x000000008003ED72] -> 0x00A5
[10251] [M]: 0x000000008003ED70 (0x00A51513) slli a0, a0, 0xa
x10 <- 0xFFFFFFFF4AFB0C00
mem[X,0x000000008003ED74] -> 0x0513
mem[X,0x000000008003ED76] -> 0x0CE5
[10252] [M]: 0x000000008003ED74 (0x0CE50513) addi a0, a0, 0xce
x10 <- 0xFFFFFFFF4AFB0CCE
mem[X,0x000000008003ED78] -> 0x35B7
mem[X,0x000000008003ED7A] -> 0x3333
[10253] [M]: 0x000000008003ED78 (0x333335B7) lui a1, 0x33333
x11 <- 0x0000000033333000
mem[X,0x000000008003ED7C] -> 0x8593
mem[X,0x000000008003ED7E] -> 0x3335
[10254] [M]: 0x000000008003ED7C (0x33358593) addi a1, a1, 0x333
x11 <- 0x0000000033333333
mem[X,0x000000008003ED80] -> 0x9593
mem[X,0x000000008003ED82] -> 0x00B5
[10255] [M]: 0x000000008003ED80 (0x00B59593) slli a1, a1, 0xb
x11 <- 0x0000019999999800
mem[X,0x000000008003ED84] -> 0x8593
mem[X,0x000000008003ED86] -> 0x1995
[10256] [M]: 0x000000008003ED84 (0x19958593) addi a1, a1, 0x199
x11 <- 0x0000019999999999
mem[X,0x000000008003ED88] -> 0x9593
mem[X,0x000000008003ED8A] -> 0x00B5
[10257] [M]: 0x000000008003ED88 (0x00B59593) slli a1, a1, 0xb
x11 <- 0x000CCCCCCCCCC800
mem[X,0x000000008003ED8C] -> 0x8593
mem[X,0x000000008003ED8E] -> 0x4CC5
[10258] [M]: 0x000000008003ED8C (0x4CC58593) addi a1, a1, 0x4cc
x11 <- 0x000CCCCCCCCCCCCC
mem[X,0x000000008003ED90] -> 0x9593
mem[X,0x000000008003ED92] -> 0x00A5
[10259] [M]: 0x000000008003ED90 (0x00A59593) slli a1, a1, 0xa
x11 <- 0x3333333333333000
mem[X,0x000000008003ED94] -> 0x8593
mem[X,0x000000008003ED96] -> 0x3325
[10260] [M]: 0x000000008003ED94 (0x33258593) addi a1, a1, 0x332
x11 <- 0x3333333333333332
mem[X,0x000000008003ED98] -> 0x0113
mem[X,0x000000008003ED9A] -> 0x0000
[10261] [M]: 0x000000008003ED98 (0x00000113) addi sp, zero, 0x0
x2 <- 0x0000000000000000
mem[X,0x000000008003ED9C] -> 0x006F
mem[X,0x000000008003ED9E] -> 0x00C0
[10262] [M]: 0x000000008003ED9C (0x00C0006F) jal zero, 0xc
mem[X,0x000000008003EDA8] -> 0x1063
mem[X,0x000000008003EDAA] -> 0x08B5
[10263] [M]: 0x000000008003EDA8 (0x08B51063) bne a0, a1, 0x80
mem[X,0x000000008003EE28] -> 0x0113
mem[X,0x000000008003EE2A] -> 0x0031
[10264] [M]: 0x000000008003EE28 (0x00310113) addi sp, sp, 0x3
x2 <- 0x0000000000000003
mem[X,0x000000008003EE2C] -> 0x006F
mem[X,0x000000008003EE2E] -> 0x0040
[10265] [M]: 0x000000008003EE2C (0x0040006F) jal zero, 0x4
mem[X,0x000000008003EE30] -> 0xB823
mem[X,0x000000008003EE32] -> 0x2E20
[10266] [M]: 0x000000008003EE30 (0x2E20B823) sd sp, 0x2f0(ra)
mem[0x00000000800464C8] <- 0x0000000000000003
mem[X,0x000000008003EE34] -> 0x0537
mem[X,0x000000008003EE36] -> 0x0000
[10267] [M]: 0x000000008003EE34 (0x00000537) lui a0, 0x0
x10 <- 0x0000000000000000
mem[X,0x000000008003EE38] -> 0x0513
mem[X,0x000000008003EE3A] -> 0xFFF5
[10268] [M]: 0x000000008003EE38 (0xFFF50513) addi a0, a0, -0x1
x10 <- 0xFFFFFFFFFFFFFFFF
mem[X,0x000000008003EE3C] -> 0x1513
mem[X,0x000000008003EE3E] -> 0x00B5
[10269] [M]: 0x000000008003EE3C (0x00B51513) slli a0, a0, 0xb
x10 <- 0xFFFFFFFFFFFFF800
mem[X,0x000000008003EE40] -> 0x0513
mem[X,0x000000008003EE42] -> 0x2575
[10270] [M]: 0x000000008003EE40 (0x25750513) addi a0, a0, 0x257
x10 <- 0xFFFFFFFFFFFFFA57
mem[X,0x000000008003EE44] -> 0x1513
mem[X,0x000000008003EE46] -> 0x00B5
[10271] [M]: 0x000000008003EE44 (0x00B51513) slli a0, a0, 0xb
x10 <- 0xFFFFFFFFFFD2B800
mem[X,0x000000008003EE48] -> 0x0513
mem[X,0x000000008003EE4A] -> 0x6C35
[10272] [M]: 0x000000008003EE48 (0x6C350513) addi a0, a0, 0x6c3
x10 <- 0xFFFFFFFFFFD2BEC3
mem[X,0x000000008003EE4C] -> 0x1513
mem[X,0x000000008003EE4E] -> 0x00A5
[10273] [M]: 0x000000008003EE4C (0x00A51513) slli a0, a0, 0xa
x10 <- 0xFFFFFFFF4AFB0C00
mem[X,0x000000008003EE50] -> 0x0513
mem[X,0x000000008003EE52] -> 0x0CE5
[10274] [M]: 0x000000008003EE50 (0x0CE50513) addi a0, a0, 0xce
x10 <- 0xFFFFFFFF4AFB0CCE
mem[X,0x000000008003EE54] -> 0x65B7
mem[X,0x000000008003EE56] -> 0x6666
[10275] [M]: 0x000000008003EE54 (0x666665B7) lui a1, 0x66666
x11 <- 0x0000000066666000
mem[X,0x000000008003EE58] -> 0x8593
mem[X,0x000000008003EE5A] -> 0x6665
[10276] [M]: 0x000000008003EE58 (0x66658593) addi a1, a1, 0x666
x11 <- 0x0000000066666666
mem[X,0x000000008003EE5C] -> 0x9593
mem[X,0x000000008003EE5E] -> 0x00B5
[10277] [M]: 0x000000008003EE5C (0x00B59593) slli a1, a1, 0xb
x11 <- 0x0000033333333000
mem[X,0x000000008003EE60] -> 0x8593
mem[X,0x000000008003EE62] -> 0x3335
[10278] [M]: 0x000000008003EE60 (0x33358593) addi a1, a1, 0x333
x11 <- 0x0000033333333333
mem[X,0x000000008003EE64] -> 0x9593
mem[X,0x000000008003EE66] -> 0x00B5
[10279] [M]: 0x000000008003EE64 (0x00B59593) slli a1, a1, 0xb
x11 <- 0x0019999999999800
mem[X,0x000000008003EE68] -> 0x8593
mem[X,0x000000008003EE6A] -> 0x1995
[10280] [M]: 0x000000008003EE68 (0x19958593) addi a1, a1, 0x199
x11 <- 0x0019999999999999
mem[X,0x000000008003EE6C] -> 0x9593
mem[X,0x000000008003EE6E] -> 0x00A5
[10281] [M]: 0x000000008003EE6C (0x00A59593) slli a1, a1, 0xa
x11 <- 0x6666666666666400
mem[X,0x000000008003EE70] -> 0x8593
mem[X,0x000000008003EE72] -> 0x2655
[10282] [M]: 0x000000008003EE70 (0x26558593) addi a1, a1, 0x265
x11 <- 0x6666666666666665
mem[X,0x000000008003EE74] -> 0x0113
mem[X,0x000000008003EE76] -> 0x0000
[10283] [M]: 0x000000008003EE74 (0x00000113) addi sp, zero, 0x0
x2 <- 0x0000000000000000
mem[X,0x000000008003EE78] -> 0x006F
mem[X,0x000000008003EE7A] -> 0x00C0
[10284] [M]: 0x000000008003EE78 (0x00C0006F) jal zero, 0xc
mem[X,0x000000008003EE84] -> 0x1CE3
mem[X,0x000000008003EE86] -> 0xFEB5
[10285] [M]: 0x000000008003EE84 (0xFEB51CE3) bne a0, a1, -0x8
mem[X,0x000000008003EE7C] -> 0x0113
mem[X,0x000000008003EE7E] -> 0x0011
[10286] [M]: 0x000000008003EE7C (0x00110113) addi sp, sp, 0x1
x2 <- 0x0000000000000001
mem[X,0x000000008003EE80] -> 0x006F
mem[X,0x000000008003EE82] -> 0x0180
[10287] [M]: 0x000000008003EE80 (0x0180006F) jal zero, 0x18
mem[X,0x000000008003EE98] -> 0xBC23
mem[X,0x000000008003EE9A] -> 0x2E20
[10288] [M]: 0x000000008003EE98 (0x2E20BC23) sd sp, 0x2f8(ra)
mem[0x00000000800464D0] <- 0x0000000000000001
mem[X,0x000000008003EE9C] -> 0x0537
mem[X,0x000000008003EE9E] -> 0x0000
[10289] [M]: 0x000000008003EE9C (0x00000537) lui a0, 0x0
x10 <- 0x0000000000000000
mem[X,0x000000008003EEA0] -> 0x0513
mem[X,0x000000008003EEA2] -> 0xFFF5
[10290] [M]: 0x000000008003EEA0 (0xFFF50513) addi a0, a0, -0x1
x10 <- 0xFFFFFFFFFFFFFFFF
mem[X,0x000000008003EEA4] -> 0x1513
mem[X,0x000000008003EEA6] -> 0x00B5
[10291] [M]: 0x000000008003EEA4 (0x00B51513) slli a0, a0, 0xb
x10 <- 0xFFFFFFFFFFFFF800
mem[X,0x000000008003EEA8] -> 0x0513
mem[X,0x000000008003EEAA] -> 0x2575
[10292] [M]: 0x000000008003EEA8 (0x25750513) addi a0, a0, 0x257
x10 <- 0xFFFFFFFFFFFFFA57
mem[X,0x000000008003EEAC] -> 0x1513
mem[X,0x000000008003EEAE] -> 0x00B5
[10293] [M]: 0x000000008003EEAC (0x00B51513) slli a0, a0, 0xb
x10 <- 0xFFFFFFFFFFD2B800
mem[X,0x000000008003EEB0] -> 0x0513
mem[X,0x000000008003EEB2] -> 0x6C35
[10294] [M]: 0x000000008003EEB0 (0x6C350513) addi a0, a0, 0x6c3
x10 <- 0xFFFFFFFFFFD2BEC3
mem[X,0x000000008003EEB4] -> 0x1513
mem[X,0x000000008003EEB6] -> 0x00A5
[10295] [M]: 0x000000008003EEB4 (0x00A51513) slli a0, a0, 0xa
x10 <- 0xFFFFFFFF4AFB0C00
mem[X,0x000000008003EEB8] -> 0x0513
mem[X,0x000000008003EEBA] -> 0x0CE5
[10296] [M]: 0x000000008003EEB8 (0x0CE50513) addi a0, a0, 0xce
x10 <- 0xFFFFFFFF4AFB0CCE
mem[X,0x000000008003EEBC] -> 0x05B7
mem[X,0x000000008003EEBE] -> 0x0000
[10297] [M]: 0x000000008003EEBC (0x000005B7) lui a1, 0x0
x11 <- 0x0000000000000000
mem[X,0x000000008003EEC0] -> 0x8593
mem[X,0x000000008003EEC2] -> 0x0005
[10298] [M]: 0x000000008003EEC0 (0x00058593) addi a1, a1, 0x0
x11 <- 0x0000000000000000
mem[X,0x000000008003EEC4] -> 0x9593
mem[X,0x000000008003EEC6] -> 0x00B5
[10299] [M]: 0x000000008003EEC4 (0x00B59593) slli a1, a1, 0xb
x11 <- 0x0000000000000000
clint::tick mtime <- 0x0000000000000067
 clint timer pending at mtime 0x0000000000000067
htif::tick 0x0000000000000000
mem[X,0x000000008003EEC8] -> 0x8593
mem[X,0x000000008003EECA] -> 0x5A85
[10300] [M]: 0x000000008003EEC8 (0x5A858593) addi a1, a1, 0x5a8
x11 <- 0x00000000000005A8
mem[X,0x000000008003EECC] -> 0x9593
mem[X,0x000000008003EECE] -> 0x00B5
[10301] [M]: 0x000000008003EECC (0x00B59593) slli a1, a1, 0xb
x11 <- 0x00000000002D4000
mem[X,0x000000008003EED0] -> 0x8593
mem[X,0x000000008003EED2] -> 0x13C5
[10302] [M]: 0x000000008003EED0 (0x13C58593) addi a1, a1, 0x13c
x11 <- 0x00000000002D413C
mem[X,0x000000008003EED4] -> 0x9593
mem[X,0x000000008003EED6] -> 0x00A5
[10303] [M]: 0x000000008003EED4 (0x00A59593) slli a1, a1, 0xa
x11 <- 0x00000000B504F000
mem[X,0x000000008003EED8] -> 0x8593
mem[X,0x000000008003EEDA] -> 0x3325
[10304] [M]: 0x000000008003EED8 (0x33258593) addi a1, a1, 0x332
x11 <- 0x00000000B504F332
mem[X,0x000000008003EEDC] -> 0x0113
mem[X,0x000000008003EEDE] -> 0x0000
[10305] [M]: 0x000000008003EEDC (0x00000113) addi sp, zero, 0x0
x2 <- 0x0000000000000000
mem[X,0x000000008003EEE0] -> 0x006F
mem[X,0x000000008003EEE2] -> 0x0050
[10306] [M]: 0x000000008003EEE0 (0x0050006F) jal zero, 0x804
mem[X,0x000000008003F6E4] -> 0x10E3
mem[X,0x000000008003F6E6] -> 0x80B5
[10307] [M]: 0x000000008003F6E4 (0x80B510E3) bne a0, a1, -0x800
mem[X,0x000000008003EEE4] -> 0x0113
mem[X,0x000000008003EEE6] -> 0x0011
[10308] [M]: 0x000000008003EEE4 (0x00110113) addi sp, sp, 0x1
x2 <- 0x0000000000000001
mem[X,0x000000008003EEE8] -> 0x006F
mem[X,0x000000008003EEEA] -> 0x0110
[10309] [M]: 0x000000008003EEE8 (0x0110006F) jal zero, 0x810
mem[X,0x000000008003F6F8] -> 0xB023
mem[X,0x000000008003F6FA] -> 0x3020
[10310] [M]: 0x000000008003F6F8 (0x3020B023) sd sp, 0x300(ra)
mem[0x00000000800464D8] <- 0x0000000000000001
mem[X,0x000000008003F6FC] -> 0x0537
mem[X,0x000000008003F6FE] -> 0x0000
[10311] [M]: 0x000000008003F6FC (0x00000537) lui a0, 0x0
x10 <- 0x0000000000000000
mem[X,0x000000008003F700] -> 0x0513
mem[X,0x000000008003F702] -> 0xFFF5
[10312] [M]: 0x000000008003F700 (0xFFF50513) addi a0, a0, -0x1
x10 <- 0xFFFFFFFFFFFFFFFF
mem[X,0x000000008003F704] -> 0x1513
mem[X,0x000000008003F706] -> 0x00B5
[10313] [M]: 0x000000008003F704 (0x00B51513) slli a0, a0, 0xb
x10 <- 0xFFFFFFFFFFFFF800
mem[X,0x000000008003F708] -> 0x0513
mem[X,0x000000008003F70A] -> 0x2575
[10314] [M]: 0x000000008003F708 (0x25750513) addi a0, a0, 0x257
x10 <- 0xFFFFFFFFFFFFFA57
mem[X,0x000000008003F70C] -> 0x1513
mem[X,0x000000008003F70E] -> 0x00B5
[10315] [M]: 0x000000008003F70C (0x00B51513) slli a0, a0, 0xb
x10 <- 0xFFFFFFFFFFD2B800
mem[X,0x000000008003F710] -> 0x0513
mem[X,0x000000008003F712] -> 0x6C35
[10316] [M]: 0x000000008003F710 (0x6C350513) addi a0, a0, 0x6c3
x10 <- 0xFFFFFFFFFFD2BEC3
mem[X,0x000000008003F714] -> 0x1513
mem[X,0x000000008003F716] -> 0x00A5
[10317] [M]: 0x000000008003F714 (0x00A51513) slli a0, a0, 0xa
x10 <- 0xFFFFFFFF4AFB0C00
mem[X,0x000000008003F718] -> 0x0513
mem[X,0x000000008003F71A] -> 0x0CE5
[10318] [M]: 0x000000008003F718 (0x0CE50513) addi a0, a0, 0xce
x10 <- 0xFFFFFFFF4AFB0CCE
mem[X,0x000000008003F71C] -> 0x55B7
mem[X,0x000000008003F71E] -> 0x5555
[10319] [M]: 0x000000008003F71C (0x555555B7) lui a1, 0x55555
x11 <- 0x0000000055555000
mem[X,0x000000008003F720] -> 0x8593
mem[X,0x000000008003F722] -> 0x5555
[10320] [M]: 0x000000008003F720 (0x55558593) addi a1, a1, 0x555
x11 <- 0x0000000055555555
mem[X,0x000000008003F724] -> 0x9593
mem[X,0x000000008003F726] -> 0x00B5
[10321] [M]: 0x000000008003F724 (0x00B59593) slli a1, a1, 0xb
x11 <- 0x000002AAAAAAA800
mem[X,0x000000008003F728] -> 0x8593
mem[X,0x000000008003F72A] -> 0x2AA5
[10322] [M]: 0x000000008003F728 (0x2AA58593) addi a1, a1, 0x2aa
x11 <- 0x000002AAAAAAAAAA
mem[X,0x000000008003F72C] -> 0x9593
mem[X,0x000000008003F72E] -> 0x00B5
[10323] [M]: 0x000000008003F72C (0x00B59593) slli a1, a1, 0xb
x11 <- 0x0015555555555000
mem[X,0x000000008003F730] -> 0x8593
mem[X,0x000000008003F732] -> 0x5555
[10324] [M]: 0x000000008003F730 (0x55558593) addi a1, a1, 0x555
x11 <- 0x0015555555555555
mem[X,0x000000008003F734] -> 0x9593
mem[X,0x000000008003F736] -> 0x00A5
[10325] [M]: 0x000000008003F734 (0x00A59593) slli a1, a1, 0xa
x11 <- 0x5555555555555400
mem[X,0x000000008003F738] -> 0x8593
mem[X,0x000000008003F73A] -> 0x1565
[10326] [M]: 0x000000008003F738 (0x15658593) addi a1, a1, 0x156
x11 <- 0x5555555555555556
mem[X,0x000000008003F73C] -> 0x0113
mem[X,0x000000008003F73E] -> 0x0000
[10327] [M]: 0x000000008003F73C (0x00000113) addi sp, zero, 0x0
x2 <- 0x0000000000000000
mem[X,0x000000008003F740] -> 0x006F
mem[X,0x000000008003F742] -> 0x00C0
[10328] [M]: 0x000000008003F740 (0x00C0006F) jal zero, 0xc
mem[X,0x000000008003F74C] -> 0x1863
mem[X,0x000000008003F74E] -> 0x00B5
[10329] [M]: 0x000000008003F74C (0x00B51863) bne a0, a1, 0x10
mem[X,0x000000008003F75C] -> 0x0113
mem[X,0x000000008003F75E] -> 0x0031
[10330] [M]: 0x000000008003F75C (0x00310113) addi sp, sp, 0x3
x2 <- 0x0000000000000003
mem[X,0x000000008003F760] -> 0x006F
mem[X,0x000000008003F762] -> 0x0040
[10331] [M]: 0x000000008003F760 (0x0040006F) jal zero, 0x4
mem[X,0x000000008003F764] -> 0xB423
mem[X,0x000000008003F766] -> 0x3020
[10332] [M]: 0x000000008003F764 (0x3020B423) sd sp, 0x308(ra)
mem[0x00000000800464E0] <- 0x0000000000000003
mem[X,0x000000008003F768] -> 0x0537
mem[X,0x000000008003F76A] -> 0x0000
[10333] [M]: 0x000000008003F768 (0x00000537) lui a0, 0x0
x10 <- 0x0000000000000000
mem[X,0x000000008003F76C] -> 0x0513
mem[X,0x000000008003F76E] -> 0xFFF5
[10334] [M]: 0x000000008003F76C (0xFFF50513) addi a0, a0, -0x1
x10 <- 0xFFFFFFFFFFFFFFFF
mem[X,0x000000008003F770] -> 0x1513
mem[X,0x000000008003F772] -> 0x00B5
[10335] [M]: 0x000000008003F770 (0x00B51513) slli a0, a0, 0xb
x10 <- 0xFFFFFFFFFFFFF800
mem[X,0x000000008003F774] -> 0x0513
mem[X,0x000000008003F776] -> 0x2575
[10336] [M]: 0x000000008003F774 (0x25750513) addi a0, a0, 0x257
x10 <- 0xFFFFFFFFFFFFFA57
mem[X,0x000000008003F778] -> 0x1513
mem[X,0x000000008003F77A] -> 0x00B5
[10337] [M]: 0x000000008003F778 (0x00B51513) slli a0, a0, 0xb
x10 <- 0xFFFFFFFFFFD2B800
mem[X,0x000000008003F77C] -> 0x0513
mem[X,0x000000008003F77E] -> 0x6C35
[10338] [M]: 0x000000008003F77C (0x6C350513) addi a0, a0, 0x6c3
x10 <- 0xFFFFFFFFFFD2BEC3
mem[X,0x000000008003F780] -> 0x1513
mem[X,0x000000008003F782] -> 0x00A5
[10339] [M]: 0x000000008003F780 (0x00A51513) slli a0, a0, 0xa
x10 <- 0xFFFFFFFF4AFB0C00
mem[X,0x000000008003F784] -> 0x0513
mem[X,0x000000008003F786] -> 0x0CE5
[10340] [M]: 0x000000008003F784 (0x0CE50513) addi a0, a0, 0xce
x10 <- 0xFFFFFFFF4AFB0CCE
mem[X,0x000000008003F788] -> 0xB5B7
mem[X,0x000000008003F78A] -> 0xAAAA
[10341] [M]: 0x000000008003F788 (0xAAAAB5B7) lui a1, -0x55555
x11 <- 0xFFFFFFFFAAAAB000
mem[X,0x000000008003F78C] -> 0x8593
mem[X,0x000000008003F78E] -> 0xAAA5
[10342] [M]: 0x000000008003F78C (0xAAA58593) addi a1, a1, -0x556
x11 <- 0xFFFFFFFFAAAAAAAA
mem[X,0x000000008003F790] -> 0x9593
mem[X,0x000000008003F792] -> 0x00B5
[10343] [M]: 0x000000008003F790 (0x00B59593) slli a1, a1, 0xb
x11 <- 0xFFFFFD5555555000
mem[X,0x000000008003F794] -> 0x8593
mem[X,0x000000008003F796] -> 0x5555
[10344] [M]: 0x000000008003F794 (0x55558593) addi a1, a1, 0x555
x11 <- 0xFFFFFD5555555555
mem[X,0x000000008003F798] -> 0x9593
mem[X,0x000000008003F79A] -> 0x00B5
[10345] [M]: 0x000000008003F798 (0x00B59593) slli a1, a1, 0xb
x11 <- 0xFFEAAAAAAAAAA800
mem[X,0x000000008003F79C] -> 0x8593
mem[X,0x000000008003F79E] -> 0x2AA5
[10346] [M]: 0x000000008003F79C (0x2AA58593) addi a1, a1, 0x2aa
x11 <- 0xFFEAAAAAAAAAAAAA
mem[X,0x000000008003F7A0] -> 0x9593
mem[X,0x000000008003F7A2] -> 0x00A5
[10347] [M]: 0x000000008003F7A0 (0x00A59593) slli a1, a1, 0xa
x11 <- 0xAAAAAAAAAAAAA800
mem[X,0x000000008003F7A4] -> 0x8593
mem[X,0x000000008003F7A6] -> 0x2AB5
[10348] [M]: 0x000000008003F7A4 (0x2AB58593) addi a1, a1, 0x2ab
x11 <- 0xAAAAAAAAAAAAAAAB
mem[X,0x000000008003F7A8] -> 0x0113
mem[X,0x000000008003F7AA] -> 0x0000
[10349] [M]: 0x000000008003F7A8 (0x00000113) addi sp, zero, 0x0
x2 <- 0x0000000000000000
mem[X,0x000000008003F7AC] -> 0x006F
mem[X,0x000000008003F7AE] -> 0x00C0
[10350] [M]: 0x000000008003F7AC (0x00C0006F) jal zero, 0xc
mem[X,0x000000008003F7B8] -> 0x1063
mem[X,0x000000008003F7BA] -> 0x20B5
[10351] [M]: 0x000000008003F7B8 (0x20B51063) bne a0, a1, 0x200
mem[X,0x000000008003F9B8] -> 0x0113
mem[X,0x000000008003F9BA] -> 0x0031
[10352] [M]: 0x000000008003F9B8 (0x00310113) addi sp, sp, 0x3
x2 <- 0x0000000000000003
mem[X,0x000000008003F9BC] -> 0x006F
mem[X,0x000000008003F9BE] -> 0x0040
[10353] [M]: 0x000000008003F9BC (0x0040006F) jal zero, 0x4
mem[X,0x000000008003F9C0] -> 0xB823
mem[X,0x000000008003F9C2] -> 0x3020
[10354] [M]: 0x000000008003F9C0 (0x3020B823) sd sp, 0x310(ra)
mem[0x00000000800464E8] <- 0x0000000000000003
mem[X,0x000000008003F9C4] -> 0x0537
mem[X,0x000000008003F9C6] -> 0x0000
[10355] [M]: 0x000000008003F9C4 (0x00000537) lui a0, 0x0
x10 <- 0x0000000000000000
mem[X,0x000000008003F9C8] -> 0x0513
mem[X,0x000000008003F9CA] -> 0xFFF5
[10356] [M]: 0x000000008003F9C8 (0xFFF50513) addi a0, a0, -0x1
x10 <- 0xFFFFFFFFFFFFFFFF
mem[X,0x000000008003F9CC] -> 0x1513
mem[X,0x000000008003F9CE] -> 0x00B5
[10357] [M]: 0x000000008003F9CC (0x00B51513) slli a0, a0, 0xb
x10 <- 0xFFFFFFFFFFFFF800
mem[X,0x000000008003F9D0] -> 0x0513
mem[X,0x000000008003F9D2] -> 0x2575
[10358] [M]: 0x000000008003F9D0 (0x25750513) addi a0, a0, 0x257
x10 <- 0xFFFFFFFFFFFFFA57
mem[X,0x000000008003F9D4] -> 0x1513
mem[X,0x000000008003F9D6] -> 0x00B5
[10359] [M]: 0x000000008003F9D4 (0x00B51513) slli a0, a0, 0xb
x10 <- 0xFFFFFFFFFFD2B800
mem[X,0x000000008003F9D8] -> 0x0513
mem[X,0x000000008003F9DA] -> 0x6C35
[10360] [M]: 0x000000008003F9D8 (0x6C350513) addi a0, a0, 0x6c3
x10 <- 0xFFFFFFFFFFD2BEC3
mem[X,0x000000008003F9DC] -> 0x1513
mem[X,0x000000008003F9DE] -> 0x00A5
[10361] [M]: 0x000000008003F9DC (0x00A51513) slli a0, a0, 0xa
x10 <- 0xFFFFFFFF4AFB0C00
mem[X,0x000000008003F9E0] -> 0x0513
mem[X,0x000000008003F9E2] -> 0x0CE5
[10362] [M]: 0x000000008003F9E0 (0x0CE50513) addi a0, a0, 0xce
x10 <- 0xFFFFFFFF4AFB0CCE
mem[X,0x000000008003F9E4] -> 0x0593
mem[X,0x000000008003F9E6] -> 0x0060
[10363] [M]: 0x000000008003F9E4 (0x00600593) addi a1, zero, 0x6
x11 <- 0x0000000000000006
mem[X,0x000000008003F9E8] -> 0x0113
mem[X,0x000000008003F9EA] -> 0x0000
[10364] [M]: 0x000000008003F9E8 (0x00000113) addi sp, zero, 0x0
x2 <- 0x0000000000000000
mem[X,0x000000008003F9EC] -> 0x006F
mem[X,0x000000008003F9EE] -> 0x00C0
[10365] [M]: 0x000000008003F9EC (0x00C0006F) jal zero, 0xc
mem[X,0x000000008003F9F8] -> 0x1663
mem[X,0x000000008003F9FA] -> 0x00B5
[10366] [M]: 0x000000008003F9F8 (0x00B51663) bne a0, a1, 0xc
mem[X,0x000000008003FA04] -> 0x0113
mem[X,0x000000008003FA06] -> 0x0031
[10367] [M]: 0x000000008003FA04 (0x00310113) addi sp, sp, 0x3
x2 <- 0x0000000000000003
mem[X,0x000000008003FA08] -> 0x006F
mem[X,0x000000008003FA0A] -> 0x0040
[10368] [M]: 0x000000008003FA08 (0x0040006F) jal zero, 0x4
mem[X,0x000000008003FA0C] -> 0xBC23
mem[X,0x000000008003FA0E] -> 0x3020
[10369] [M]: 0x000000008003FA0C (0x3020BC23) sd sp, 0x318(ra)
mem[0x00000000800464F0] <- 0x0000000000000003
mem[X,0x000000008003FA10] -> 0x0537
mem[X,0x000000008003FA12] -> 0x0000
[10370] [M]: 0x000000008003FA10 (0x00000537) lui a0, 0x0
x10 <- 0x0000000000000000
mem[X,0x000000008003FA14] -> 0x0513
mem[X,0x000000008003FA16] -> 0xFFF5
[10371] [M]: 0x000000008003FA14 (0xFFF50513) addi a0, a0, -0x1
x10 <- 0xFFFFFFFFFFFFFFFF
mem[X,0x000000008003FA18] -> 0x1513
mem[X,0x000000008003FA1A] -> 0x00B5
[10372] [M]: 0x000000008003FA18 (0x00B51513) slli a0, a0, 0xb
x10 <- 0xFFFFFFFFFFFFF800
mem[X,0x000000008003FA1C] -> 0x0513
mem[X,0x000000008003FA1E] -> 0x2575
[10373] [M]: 0x000000008003FA1C (0x25750513) addi a0, a0, 0x257
x10 <- 0xFFFFFFFFFFFFFA57
mem[X,0x000000008003FA20] -> 0x1513
mem[X,0x000000008003FA22] -> 0x00B5
[10374] [M]: 0x000000008003FA20 (0x00B51513) slli a0, a0, 0xb
x10 <- 0xFFFFFFFFFFD2B800
mem[X,0x000000008003FA24] -> 0x0513
mem[X,0x000000008003FA26] -> 0x6C35
[10375] [M]: 0x000000008003FA24 (0x6C350513) addi a0, a0, 0x6c3
x10 <- 0xFFFFFFFFFFD2BEC3
mem[X,0x000000008003FA28] -> 0x1513
mem[X,0x000000008003FA2A] -> 0x00A5
[10376] [M]: 0x000000008003FA28 (0x00A51513) slli a0, a0, 0xa
x10 <- 0xFFFFFFFF4AFB0C00
mem[X,0x000000008003FA2C] -> 0x0513
mem[X,0x000000008003FA2E] -> 0x0CE5
[10377] [M]: 0x000000008003FA2C (0x0CE50513) addi a0, a0, 0xce
x10 <- 0xFFFFFFFF4AFB0CCE
mem[X,0x000000008003FA30] -> 0x35B7
mem[X,0x000000008003FA32] -> 0x3333
[10378] [M]: 0x000000008003FA30 (0x333335B7) lui a1, 0x33333
x11 <- 0x0000000033333000
mem[X,0x000000008003FA34] -> 0x8593
mem[X,0x000000008003FA36] -> 0x3335
[10379] [M]: 0x000000008003FA34 (0x33358593) addi a1, a1, 0x333
x11 <- 0x0000000033333333
mem[X,0x000000008003FA38] -> 0x9593
mem[X,0x000000008003FA3A] -> 0x00B5
[10380] [M]: 0x000000008003FA38 (0x00B59593) slli a1, a1, 0xb
x11 <- 0x0000019999999800
mem[X,0x000000008003FA3C] -> 0x8593
mem[X,0x000000008003FA3E] -> 0x1995
[10381] [M]: 0x000000008003FA3C (0x19958593) addi a1, a1, 0x199
x11 <- 0x0000019999999999
mem[X,0x000000008003FA40] -> 0x9593
mem[X,0x000000008003FA42] -> 0x00B5
[10382] [M]: 0x000000008003FA40 (0x00B59593) slli a1, a1, 0xb
x11 <- 0x000CCCCCCCCCC800
mem[X,0x000000008003FA44] -> 0x8593
mem[X,0x000000008003FA46] -> 0x4CC5
[10383] [M]: 0x000000008003FA44 (0x4CC58593) addi a1, a1, 0x4cc
x11 <- 0x000CCCCCCCCCCCCC
mem[X,0x000000008003FA48] -> 0x9593
mem[X,0x000000008003FA4A] -> 0x00A5
[10384] [M]: 0x000000008003FA48 (0x00A59593) slli a1, a1, 0xa
x11 <- 0x3333333333333000
mem[X,0x000000008003FA4C] -> 0x8593
mem[X,0x000000008003FA4E] -> 0x3345
[10385] [M]: 0x000000008003FA4C (0x33458593) addi a1, a1, 0x334
x11 <- 0x3333333333333334
mem[X,0x000000008003FA50] -> 0x0113
mem[X,0x000000008003FA52] -> 0x0000
[10386] [M]: 0x000000008003FA50 (0x00000113) addi sp, zero, 0x0
x2 <- 0x0000000000000000
mem[X,0x000000008003FA54] -> 0x006F
mem[X,0x000000008003FA56] -> 0x00C0
[10387] [M]: 0x000000008003FA54 (0x00C0006F) jal zero, 0xc
mem[X,0x000000008003FA60] -> 0x1663
mem[X,0x000000008003FA62] -> 0x00B5
[10388] [M]: 0x000000008003FA60 (0x00B51663) bne a0, a1, 0xc
mem[X,0x000000008003FA6C] -> 0x0113
mem[X,0x000000008003FA6E] -> 0x0031
[10389] [M]: 0x000000008003FA6C (0x00310113) addi sp, sp, 0x3
x2 <- 0x0000000000000003
mem[X,0x000000008003FA70] -> 0x006F
mem[X,0x000000008003FA72] -> 0x0040
[10390] [M]: 0x000000008003FA70 (0x0040006F) jal zero, 0x4
mem[X,0x000000008003FA74] -> 0xB023
mem[X,0x000000008003FA76] -> 0x3220
[10391] [M]: 0x000000008003FA74 (0x3220B023) sd sp, 0x320(ra)
mem[0x00000000800464F8] <- 0x0000000000000003
mem[X,0x000000008003FA78] -> 0x0537
mem[X,0x000000008003FA7A] -> 0x0000
[10392] [M]: 0x000000008003FA78 (0x00000537) lui a0, 0x0
x10 <- 0x0000000000000000
mem[X,0x000000008003FA7C] -> 0x0513
mem[X,0x000000008003FA7E] -> 0xFFF5
[10393] [M]: 0x000000008003FA7C (0xFFF50513) addi a0, a0, -0x1
x10 <- 0xFFFFFFFFFFFFFFFF
mem[X,0x000000008003FA80] -> 0x1513
mem[X,0x000000008003FA82] -> 0x00B5
[10394] [M]: 0x000000008003FA80 (0x00B51513) slli a0, a0, 0xb
x10 <- 0xFFFFFFFFFFFFF800
mem[X,0x000000008003FA84] -> 0x0513
mem[X,0x000000008003FA86] -> 0x2575
[10395] [M]: 0x000000008003FA84 (0x25750513) addi a0, a0, 0x257
x10 <- 0xFFFFFFFFFFFFFA57
mem[X,0x000000008003FA88] -> 0x1513
mem[X,0x000000008003FA8A] -> 0x00B5
[10396] [M]: 0x000000008003FA88 (0x00B51513) slli a0, a0, 0xb
x10 <- 0xFFFFFFFFFFD2B800
mem[X,0x000000008003FA8C] -> 0x0513
mem[X,0x000000008003FA8E] -> 0x6C35
[10397] [M]: 0x000000008003FA8C (0x6C350513) addi a0, a0, 0x6c3
x10 <- 0xFFFFFFFFFFD2BEC3
mem[X,0x000000008003FA90] -> 0x1513
mem[X,0x000000008003FA92] -> 0x00A5
[10398] [M]: 0x000000008003FA90 (0x00A51513) slli a0, a0, 0xa
x10 <- 0xFFFFFFFF4AFB0C00
mem[X,0x000000008003FA94] -> 0x0513
mem[X,0x000000008003FA96] -> 0x0CE5
[10399] [M]: 0x000000008003FA94 (0x0CE50513) addi a0, a0, 0xce
x10 <- 0xFFFFFFFF4AFB0CCE
clint::tick mtime <- 0x0000000000000068
 clint timer pending at mtime 0x0000000000000068
htif::tick 0x0000000000000000
mem[X,0x000000008003FA98] -> 0x65B7
mem[X,0x000000008003FA9A] -> 0x6666
[10400] [M]: 0x000000008003FA98 (0x666665B7) lui a1, 0x66666
x11 <- 0x0000000066666000
mem[X,0x000000008003FA9C] -> 0x8593
mem[X,0x000000008003FA9E] -> 0x6665
[10401] [M]: 0x000000008003FA9C (0x66658593) addi a1, a1, 0x666
x11 <- 0x0000000066666666
mem[X,0x000000008003FAA0] -> 0x9593
mem[X,0x000000008003FAA2] -> 0x00B5
[10402] [M]: 0x000000008003FAA0 (0x00B59593) slli a1, a1, 0xb
x11 <- 0x0000033333333000
mem[X,0x000000008003FAA4] -> 0x8593
mem[X,0x000000008003FAA6] -> 0x3335
[10403] [M]: 0x000000008003FAA4 (0x33358593) addi a1, a1, 0x333
x11 <- 0x0000033333333333
mem[X,0x000000008003FAA8] -> 0x9593
mem[X,0x000000008003FAAA] -> 0x00B5
[10404] [M]: 0x000000008003FAA8 (0x00B59593) slli a1, a1, 0xb
x11 <- 0x0019999999999800
mem[X,0x000000008003FAAC] -> 0x8593
mem[X,0x000000008003FAAE] -> 0x1995
[10405] [M]: 0x000000008003FAAC (0x19958593) addi a1, a1, 0x199
x11 <- 0x0019999999999999
mem[X,0x000000008003FAB0] -> 0x9593
mem[X,0x000000008003FAB2] -> 0x00A5
[10406] [M]: 0x000000008003FAB0 (0x00A59593) slli a1, a1, 0xa
x11 <- 0x6666666666666400
mem[X,0x000000008003FAB4] -> 0x8593
mem[X,0x000000008003FAB6] -> 0x2675
[10407] [M]: 0x000000008003FAB4 (0x26758593) addi a1, a1, 0x267
x11 <- 0x6666666666666667
mem[X,0x000000008003FAB8] -> 0x0113
mem[X,0x000000008003FABA] -> 0x0000
[10408] [M]: 0x000000008003FAB8 (0x00000113) addi sp, zero, 0x0
x2 <- 0x0000000000000000
mem[X,0x000000008003FABC] -> 0x006F
mem[X,0x000000008003FABE] -> 0x00C0
[10409] [M]: 0x000000008003FABC (0x00C0006F) jal zero, 0xc
mem[X,0x000000008003FAC8] -> 0x1663
mem[X,0x000000008003FACA] -> 0x00B5
[10410] [M]: 0x000000008003FAC8 (0x00B51663) bne a0, a1, 0xc
mem[X,0x000000008003FAD4] -> 0x0113
mem[X,0x000000008003FAD6] -> 0x0031
[10411] [M]: 0x000000008003FAD4 (0x00310113) addi sp, sp, 0x3
x2 <- 0x0000000000000003
mem[X,0x000000008003FAD8] -> 0x006F
mem[X,0x000000008003FADA] -> 0x0040
[10412] [M]: 0x000000008003FAD8 (0x0040006F) jal zero, 0x4
mem[X,0x000000008003FADC] -> 0xB423
mem[X,0x000000008003FADE] -> 0x3220
[10413] [M]: 0x000000008003FADC (0x3220B423) sd sp, 0x328(ra)
mem[0x0000000080046500] <- 0x0000000000000003
mem[X,0x000000008003FAE0] -> 0x0537
mem[X,0x000000008003FAE2] -> 0x0000
[10414] [M]: 0x000000008003FAE0 (0x00000537) lui a0, 0x0
x10 <- 0x0000000000000000
mem[X,0x000000008003FAE4] -> 0x0513
mem[X,0x000000008003FAE6] -> 0xFFF5
[10415] [M]: 0x000000008003FAE4 (0xFFF50513) addi a0, a0, -0x1
x10 <- 0xFFFFFFFFFFFFFFFF
mem[X,0x000000008003FAE8] -> 0x1513
mem[X,0x000000008003FAEA] -> 0x00B5
[10416] [M]: 0x000000008003FAE8 (0x00B51513) slli a0, a0, 0xb
x10 <- 0xFFFFFFFFFFFFF800
mem[X,0x000000008003FAEC] -> 0x0513
mem[X,0x000000008003FAEE] -> 0x2575
[10417] [M]: 0x000000008003FAEC (0x25750513) addi a0, a0, 0x257
x10 <- 0xFFFFFFFFFFFFFA57
mem[X,0x000000008003FAF0] -> 0x1513
mem[X,0x000000008003FAF2] -> 0x00B5
[10418] [M]: 0x000000008003FAF0 (0x00B51513) slli a0, a0, 0xb
x10 <- 0xFFFFFFFFFFD2B800
mem[X,0x000000008003FAF4] -> 0x0513
mem[X,0x000000008003FAF6] -> 0x6C35
[10419] [M]: 0x000000008003FAF4 (0x6C350513) addi a0, a0, 0x6c3
x10 <- 0xFFFFFFFFFFD2BEC3
mem[X,0x000000008003FAF8] -> 0x1513
mem[X,0x000000008003FAFA] -> 0x00A5
[10420] [M]: 0x000000008003FAF8 (0x00A51513) slli a0, a0, 0xa
x10 <- 0xFFFFFFFF4AFB0C00
mem[X,0x000000008003FAFC] -> 0x0513
mem[X,0x000000008003FAFE] -> 0x0CE5
[10421] [M]: 0x000000008003FAFC (0x0CE50513) addi a0, a0, 0xce
x10 <- 0xFFFFFFFF4AFB0CCE
mem[X,0x000000008003FB00] -> 0x05B7
mem[X,0x000000008003FB02] -> 0x0000
[10422] [M]: 0x000000008003FB00 (0x000005B7) lui a1, 0x0
x11 <- 0x0000000000000000
mem[X,0x000000008003FB04] -> 0x8593
mem[X,0x000000008003FB06] -> 0xFFF5
[10423] [M]: 0x000000008003FB04 (0xFFF58593) addi a1, a1, -0x1
x11 <- 0xFFFFFFFFFFFFFFFF
mem[X,0x000000008003FB08] -> 0x9593
mem[X,0x000000008003FB0A] -> 0x00B5
[10424] [M]: 0x000000008003FB08 (0x00B59593) slli a1, a1, 0xb
x11 <- 0xFFFFFFFFFFFFF800
mem[X,0x000000008003FB0C] -> 0x8593
mem[X,0x000000008003FB0E] -> 0x2575
[10425] [M]: 0x000000008003FB0C (0x25758593) addi a1, a1, 0x257
x11 <- 0xFFFFFFFFFFFFFA57
mem[X,0x000000008003FB10] -> 0x9593
mem[X,0x000000008003FB12] -> 0x00B5
[10426] [M]: 0x000000008003FB10 (0x00B59593) slli a1, a1, 0xb
x11 <- 0xFFFFFFFFFFD2B800
mem[X,0x000000008003FB14] -> 0x8593
mem[X,0x000000008003FB16] -> 0x6C35
[10427] [M]: 0x000000008003FB14 (0x6C358593) addi a1, a1, 0x6c3
x11 <- 0xFFFFFFFFFFD2BEC3
mem[X,0x000000008003FB18] -> 0x9593
mem[X,0x000000008003FB1A] -> 0x00A5
[10428] [M]: 0x000000008003FB18 (0x00A59593) slli a1, a1, 0xa
x11 <- 0xFFFFFFFF4AFB0C00
mem[X,0x000000008003FB1C] -> 0x8593
mem[X,0x000000008003FB1E] -> 0x0CE5
[10429] [M]: 0x000000008003FB1C (0x0CE58593) addi a1, a1, 0xce
x11 <- 0xFFFFFFFF4AFB0CCE
mem[X,0x000000008003FB20] -> 0x0113
mem[X,0x000000008003FB22] -> 0x0000
[10430] [M]: 0x000000008003FB20 (0x00000113) addi sp, zero, 0x0
x2 <- 0x0000000000000000
mem[X,0x000000008003FB24] -> 0x006F
mem[X,0x000000008003FB26] -> 0x0050
[10431] [M]: 0x000000008003FB24 (0x0050006F) jal zero, 0x804
mem[X,0x0000000080040328] -> 0x10E3
mem[X,0x000000008004032A] -> 0x80B5
[10432] [M]: 0x0000000080040328 (0x80B510E3) bne a0, a1, -0x800
mem[X,0x000000008004032C] -> 0x0113
mem[X,0x000000008004032E] -> 0x0021
[10433] [M]: 0x000000008004032C (0x00210113) addi sp, sp, 0x2
x2 <- 0x0000000000000002
mem[X,0x0000000080040330] -> 0x006F
mem[X,0x0000000080040332] -> 0x00C0
[10434] [M]: 0x0000000080040330 (0x00C0006F) jal zero, 0xc
mem[X,0x000000008004033C] -> 0xB823
mem[X,0x000000008004033E] -> 0x3220
[10435] [M]: 0x000000008004033C (0x3220B823) sd sp, 0x330(ra)
mem[0x0000000080046508] <- 0x0000000000000002
mem[X,0x0000000080040340] -> 0x0537
mem[X,0x0000000080040342] -> 0x0000
[10436] [M]: 0x0000000080040340 (0x00000537) lui a0, 0x0
x10 <- 0x0000000000000000
mem[X,0x0000000080040344] -> 0x0513
mem[X,0x0000000080040346] -> 0xFFF5
[10437] [M]: 0x0000000080040344 (0xFFF50513) addi a0, a0, -0x1
x10 <- 0xFFFFFFFFFFFFFFFF
mem[X,0x0000000080040348] -> 0x1513
mem[X,0x000000008004034A] -> 0x00B5
[10438] [M]: 0x0000000080040348 (0x00B51513) slli a0, a0, 0xb
x10 <- 0xFFFFFFFFFFFFF800
mem[X,0x000000008004034C] -> 0x0513
mem[X,0x000000008004034E] -> 0x2575
[10439] [M]: 0x000000008004034C (0x25750513) addi a0, a0, 0x257
x10 <- 0xFFFFFFFFFFFFFA57
mem[X,0x0000000080040350] -> 0x1513
mem[X,0x0000000080040352] -> 0x00B5
[10440] [M]: 0x0000000080040350 (0x00B51513) slli a0, a0, 0xb
x10 <- 0xFFFFFFFFFFD2B800
mem[X,0x0000000080040354] -> 0x0513
mem[X,0x0000000080040356] -> 0x6C35
[10441] [M]: 0x0000000080040354 (0x6C350513) addi a0, a0, 0x6c3
x10 <- 0xFFFFFFFFFFD2BEC3
mem[X,0x0000000080040358] -> 0x1513
mem[X,0x000000008004035A] -> 0x00A5
[10442] [M]: 0x0000000080040358 (0x00A51513) slli a0, a0, 0xa
x10 <- 0xFFFFFFFF4AFB0C00
mem[X,0x000000008004035C] -> 0x0513
mem[X,0x000000008004035E] -> 0x0CE5
[10443] [M]: 0x000000008004035C (0x0CE50513) addi a0, a0, 0xce
x10 <- 0xFFFFFFFF4AFB0CCE
mem[X,0x0000000080040360] -> 0x05B7
mem[X,0x0000000080040362] -> 0x0000
[10444] [M]: 0x0000000080040360 (0x000005B7) lui a1, 0x0
x11 <- 0x0000000000000000
mem[X,0x0000000080040364] -> 0x8593
mem[X,0x0000000080040366] -> 0x0005
[10445] [M]: 0x0000000080040364 (0x00058593) addi a1, a1, 0x0
x11 <- 0x0000000000000000
mem[X,0x0000000080040368] -> 0x9593
mem[X,0x000000008004036A] -> 0x00B5
[10446] [M]: 0x0000000080040368 (0x00B59593) slli a1, a1, 0xb
x11 <- 0x0000000000000000
mem[X,0x000000008004036C] -> 0x8593
mem[X,0x000000008004036E] -> 0x5A85
[10447] [M]: 0x000000008004036C (0x5A858593) addi a1, a1, 0x5a8
x11 <- 0x00000000000005A8
mem[X,0x0000000080040370] -> 0x9593
mem[X,0x0000000080040372] -> 0x00B5
[10448] [M]: 0x0000000080040370 (0x00B59593) slli a1, a1, 0xb
x11 <- 0x00000000002D4000
mem[X,0x0000000080040374] -> 0x8593
mem[X,0x0000000080040376] -> 0x13C5
[10449] [M]: 0x0000000080040374 (0x13C58593) addi a1, a1, 0x13c
x11 <- 0x00000000002D413C
mem[X,0x0000000080040378] -> 0x9593
mem[X,0x000000008004037A] -> 0x00A5
[10450] [M]: 0x0000000080040378 (0x00A59593) slli a1, a1, 0xa
x11 <- 0x00000000B504F000
mem[X,0x000000008004037C] -> 0x8593
mem[X,0x000000008004037E] -> 0x3345
[10451] [M]: 0x000000008004037C (0x33458593) addi a1, a1, 0x334
x11 <- 0x00000000B504F334
mem[X,0x0000000080040380] -> 0x0113
mem[X,0x0000000080040382] -> 0x0000
[10452] [M]: 0x0000000080040380 (0x00000113) addi sp, zero, 0x0
x2 <- 0x0000000000000000
mem[X,0x0000000080040384] -> 0x006F
mem[X,0x0000000080040386] -> 0x00C0
[10453] [M]: 0x0000000080040384 (0x00C0006F) jal zero, 0xc
mem[X,0x0000000080040390] -> 0x1063
mem[X,0x0000000080040392] -> 0x02B5
[10454] [M]: 0x0000000080040390 (0x02B51063) bne a0, a1, 0x20
mem[X,0x00000000800403B0] -> 0x0113
mem[X,0x00000000800403B2] -> 0x0031
[10455] [M]: 0x00000000800403B0 (0x00310113) addi sp, sp, 0x3
x2 <- 0x0000000000000003
mem[X,0x00000000800403B4] -> 0x006F
mem[X,0x00000000800403B6] -> 0x0040
[10456] [M]: 0x00000000800403B4 (0x0040006F) jal zero, 0x4
mem[X,0x00000000800403B8] -> 0xBC23
mem[X,0x00000000800403BA] -> 0x3220
[10457] [M]: 0x00000000800403B8 (0x3220BC23) sd sp, 0x338(ra)
mem[0x0000000080046510] <- 0x0000000000000003
mem[X,0x00000000800403BC] -> 0x0537
mem[X,0x00000000800403BE] -> 0x0000
[10458] [M]: 0x00000000800403BC (0x00000537) lui a0, 0x0
x10 <- 0x0000000000000000
mem[X,0x00000000800403C0] -> 0x0513
mem[X,0x00000000800403C2] -> 0x0005
[10459] [M]: 0x00000000800403C0 (0x00050513) addi a0, a0, 0x0
x10 <- 0x0000000000000000
mem[X,0x00000000800403C4] -> 0x1513
mem[X,0x00000000800403C6] -> 0x00B5
[10460] [M]: 0x00000000800403C4 (0x00B51513) slli a0, a0, 0xb
x10 <- 0x0000000000000000
mem[X,0x00000000800403C8] -> 0x0513
mem[X,0x00000000800403CA] -> 0x5A85
[10461] [M]: 0x00000000800403C8 (0x5A850513) addi a0, a0, 0x5a8
x10 <- 0x00000000000005A8
mem[X,0x00000000800403CC] -> 0x1513
mem[X,0x00000000800403CE] -> 0x00B5
[10462] [M]: 0x00000000800403CC (0x00B51513) slli a0, a0, 0xb
x10 <- 0x00000000002D4000
mem[X,0x00000000800403D0] -> 0x0513
mem[X,0x00000000800403D2] -> 0x13C5
[10463] [M]: 0x00000000800403D0 (0x13C50513) addi a0, a0, 0x13c
x10 <- 0x00000000002D413C
mem[X,0x00000000800403D4] -> 0x1513
mem[X,0x00000000800403D6] -> 0x00A5
[10464] [M]: 0x00000000800403D4 (0x00A51513) slli a0, a0, 0xa
x10 <- 0x00000000B504F000
mem[X,0x00000000800403D8] -> 0x0513
mem[X,0x00000000800403DA] -> 0x3345
[10465] [M]: 0x00000000800403D8 (0x33450513) addi a0, a0, 0x334
x10 <- 0x00000000B504F334
mem[X,0x00000000800403DC] -> 0x0593
mem[X,0x00000000800403DE] -> 0x0030
[10466] [M]: 0x00000000800403DC (0x00300593) addi a1, zero, 0x3
x11 <- 0x0000000000000003
mem[X,0x00000000800403E0] -> 0x0113
mem[X,0x00000000800403E2] -> 0x0000
[10467] [M]: 0x00000000800403E0 (0x00000113) addi sp, zero, 0x0
x2 <- 0x0000000000000000
mem[X,0x00000000800403E4] -> 0x006F
mem[X,0x00000000800403E6] -> 0x0100
[10468] [M]: 0x00000000800403E4 (0x0100006F) jal zero, 0x10
mem[X,0x00000000800403F4] -> 0x1AE3
mem[X,0x00000000800403F6] -> 0xFEB5
[10469] [M]: 0x00000000800403F4 (0xFEB51AE3) bne a0, a1, -0xc
mem[X,0x00000000800403E8] -> 0x0113
mem[X,0x00000000800403EA] -> 0x0011
[10470] [M]: 0x00000000800403E8 (0x00110113) addi sp, sp, 0x1
x2 <- 0x0000000000000001
mem[X,0x00000000800403EC] -> 0x006F
mem[X,0x00000000800403EE] -> 0x01C0
[10471] [M]: 0x00000000800403EC (0x01C0006F) jal zero, 0x1c
mem[X,0x0000000080040408] -> 0xB023
mem[X,0x000000008004040A] -> 0x3420
[10472] [M]: 0x0000000080040408 (0x3420B023) sd sp, 0x340(ra)
mem[0x0000000080046518] <- 0x0000000000000001
mem[X,0x000000008004040C] -> 0x0537
mem[X,0x000000008004040E] -> 0x0000
[10473] [M]: 0x000000008004040C (0x00000537) lui a0, 0x0
x10 <- 0x0000000000000000
mem[X,0x0000000080040410] -> 0x0513
mem[X,0x0000000080040412] -> 0x0005
[10474] [M]: 0x0000000080040410 (0x00050513) addi a0, a0, 0x0
x10 <- 0x0000000000000000
mem[X,0x0000000080040414] -> 0x1513
mem[X,0x0000000080040416] -> 0x00B5
[10475] [M]: 0x0000000080040414 (0x00B51513) slli a0, a0, 0xb
x10 <- 0x0000000000000000
mem[X,0x0000000080040418] -> 0x0513
mem[X,0x000000008004041A] -> 0x5A85
[10476] [M]: 0x0000000080040418 (0x5A850513) addi a0, a0, 0x5a8
x10 <- 0x00000000000005A8
mem[X,0x000000008004041C] -> 0x1513
mem[X,0x000000008004041E] -> 0x00B5
[10477] [M]: 0x000000008004041C (0x00B51513) slli a0, a0, 0xb
x10 <- 0x00000000002D4000
mem[X,0x0000000080040420] -> 0x0513
mem[X,0x0000000080040422] -> 0x13C5
[10478] [M]: 0x0000000080040420 (0x13C50513) addi a0, a0, 0x13c
x10 <- 0x00000000002D413C
mem[X,0x0000000080040424] -> 0x1513
mem[X,0x0000000080040426] -> 0x00A5
[10479] [M]: 0x0000000080040424 (0x00A51513) slli a0, a0, 0xa
x10 <- 0x00000000B504F000
mem[X,0x0000000080040428] -> 0x0513
mem[X,0x000000008004042A] -> 0x3345
[10480] [M]: 0x0000000080040428 (0x33450513) addi a0, a0, 0x334
x10 <- 0x00000000B504F334
mem[X,0x000000008004042C] -> 0x55B7
mem[X,0x000000008004042E] -> 0x5555
[10481] [M]: 0x000000008004042C (0x555555B7) lui a1, 0x55555
x11 <- 0x0000000055555000
mem[X,0x0000000080040430] -> 0x8593
mem[X,0x0000000080040432] -> 0x5555
[10482] [M]: 0x0000000080040430 (0x55558593) addi a1, a1, 0x555
x11 <- 0x0000000055555555
mem[X,0x0000000080040434] -> 0x9593
mem[X,0x0000000080040436] -> 0x00B5
[10483] [M]: 0x0000000080040434 (0x00B59593) slli a1, a1, 0xb
x11 <- 0x000002AAAAAAA800
mem[X,0x0000000080040438] -> 0x8593
mem[X,0x000000008004043A] -> 0x2AA5
[10484] [M]: 0x0000000080040438 (0x2AA58593) addi a1, a1, 0x2aa
x11 <- 0x000002AAAAAAAAAA
mem[X,0x000000008004043C] -> 0x9593
mem[X,0x000000008004043E] -> 0x00B5
[10485] [M]: 0x000000008004043C (0x00B59593) slli a1, a1, 0xb
x11 <- 0x0015555555555000
mem[X,0x0000000080040440] -> 0x8593
mem[X,0x0000000080040442] -> 0x5555
[10486] [M]: 0x0000000080040440 (0x55558593) addi a1, a1, 0x555
x11 <- 0x0015555555555555
mem[X,0x0000000080040444] -> 0x9593
mem[X,0x0000000080040446] -> 0x00A5
[10487] [M]: 0x0000000080040444 (0x00A59593) slli a1, a1, 0xa
x11 <- 0x5555555555555400
mem[X,0x0000000080040448] -> 0x8593
mem[X,0x000000008004044A] -> 0x1555
[10488] [M]: 0x0000000080040448 (0x15558593) addi a1, a1, 0x155
x11 <- 0x5555555555555555
mem[X,0x000000008004044C] -> 0x0113
mem[X,0x000000008004044E] -> 0x0000
[10489] [M]: 0x000000008004044C (0x00000113) addi sp, zero, 0x0
x2 <- 0x0000000000000000
mem[X,0x0000000080040450] -> 0x006F
mem[X,0x0000000080040452] -> 0x0100
[10490] [M]: 0x0000000080040450 (0x0100006F) jal zero, 0x10
mem[X,0x0000000080040460] -> 0x1AE3
mem[X,0x0000000080040462] -> 0xFEB5
[10491] [M]: 0x0000000080040460 (0xFEB51AE3) bne a0, a1, -0xc
mem[X,0x0000000080040454] -> 0x0113
mem[X,0x0000000080040456] -> 0x0011
[10492] [M]: 0x0000000080040454 (0x00110113) addi sp, sp, 0x1
x2 <- 0x0000000000000001
mem[X,0x0000000080040458] -> 0x006F
mem[X,0x000000008004045A] -> 0x01C0
[10493] [M]: 0x0000000080040458 (0x01C0006F) jal zero, 0x1c
mem[X,0x0000000080040474] -> 0xB423
mem[X,0x0000000080040476] -> 0x3420
[10494] [M]: 0x0000000080040474 (0x3420B423) sd sp, 0x348(ra)
mem[0x0000000080046520] <- 0x0000000000000001
mem[X,0x0000000080040478] -> 0x0537
mem[X,0x000000008004047A] -> 0x0000
[10495] [M]: 0x0000000080040478 (0x00000537) lui a0, 0x0
x10 <- 0x0000000000000000
mem[X,0x000000008004047C] -> 0x0513
mem[X,0x000000008004047E] -> 0x0005
[10496] [M]: 0x000000008004047C (0x00050513) addi a0, a0, 0x0
x10 <- 0x0000000000000000
mem[X,0x0000000080040480] -> 0x1513
mem[X,0x0000000080040482] -> 0x00B5
[10497] [M]: 0x0000000080040480 (0x00B51513) slli a0, a0, 0xb
x10 <- 0x0000000000000000
mem[X,0x0000000080040484] -> 0x0513
mem[X,0x0000000080040486] -> 0x5A85
[10498] [M]: 0x0000000080040484 (0x5A850513) addi a0, a0, 0x5a8
x10 <- 0x00000000000005A8
mem[X,0x0000000080040488] -> 0x1513
mem[X,0x000000008004048A] -> 0x00B5
[10499] [M]: 0x0000000080040488 (0x00B51513) slli a0, a0, 0xb
x10 <- 0x00000000002D4000
clint::tick mtime <- 0x0000000000000069
 clint timer pending at mtime 0x0000000000000069
htif::tick 0x0000000000000000
mem[X,0x000000008004048C] -> 0x0513
mem[X,0x000000008004048E] -> 0x13C5
[10500] [M]: 0x000000008004048C (0x13C50513) addi a0, a0, 0x13c
x10 <- 0x00000000002D413C
mem[X,0x0000000080040490] -> 0x1513
mem[X,0x0000000080040492] -> 0x00A5
[10501] [M]: 0x0000000080040490 (0x00A51513) slli a0, a0, 0xa
x10 <- 0x00000000B504F000
mem[X,0x0000000080040494] -> 0x0513
mem[X,0x0000000080040496] -> 0x3345
[10502] [M]: 0x0000000080040494 (0x33450513) addi a0, a0, 0x334
x10 <- 0x00000000B504F334
mem[X,0x0000000080040498] -> 0xB5B7
mem[X,0x000000008004049A] -> 0xAAAA
[10503] [M]: 0x0000000080040498 (0xAAAAB5B7) lui a1, -0x55555
x11 <- 0xFFFFFFFFAAAAB000
mem[X,0x000000008004049C] -> 0x8593
mem[X,0x000000008004049E] -> 0xAAA5
[10504] [M]: 0x000000008004049C (0xAAA58593) addi a1, a1, -0x556
x11 <- 0xFFFFFFFFAAAAAAAA
mem[X,0x00000000800404A0] -> 0x9593
mem[X,0x00000000800404A2] -> 0x00B5
[10505] [M]: 0x00000000800404A0 (0x00B59593) slli a1, a1, 0xb
x11 <- 0xFFFFFD5555555000
mem[X,0x00000000800404A4] -> 0x8593
mem[X,0x00000000800404A6] -> 0x5555
[10506] [M]: 0x00000000800404A4 (0x55558593) addi a1, a1, 0x555
x11 <- 0xFFFFFD5555555555
mem[X,0x00000000800404A8] -> 0x9593
mem[X,0x00000000800404AA] -> 0x00B5
[10507] [M]: 0x00000000800404A8 (0x00B59593) slli a1, a1, 0xb
x11 <- 0xFFEAAAAAAAAAA800
mem[X,0x00000000800404AC] -> 0x8593
mem[X,0x00000000800404AE] -> 0x2AA5
[10508] [M]: 0x00000000800404AC (0x2AA58593) addi a1, a1, 0x2aa
x11 <- 0xFFEAAAAAAAAAAAAA
mem[X,0x00000000800404B0] -> 0x9593
mem[X,0x00000000800404B2] -> 0x00A5
[10509] [M]: 0x00000000800404B0 (0x00A59593) slli a1, a1, 0xa
x11 <- 0xAAAAAAAAAAAAA800
mem[X,0x00000000800404B4] -> 0x8593
mem[X,0x00000000800404B6] -> 0x2AA5
[10510] [M]: 0x00000000800404B4 (0x2AA58593) addi a1, a1, 0x2aa
x11 <- 0xAAAAAAAAAAAAAAAA
mem[X,0x00000000800404B8] -> 0x0113
mem[X,0x00000000800404BA] -> 0x0000
[10511] [M]: 0x00000000800404B8 (0x00000113) addi sp, zero, 0x0
x2 <- 0x0000000000000000
mem[X,0x00000000800404BC] -> 0x006F
mem[X,0x00000000800404BE] -> 0x00C0
[10512] [M]: 0x00000000800404BC (0x00C0006F) jal zero, 0xc
mem[X,0x00000000800404C8] -> 0x1CE3
mem[X,0x00000000800404CA] -> 0xFEB5
[10513] [M]: 0x00000000800404C8 (0xFEB51CE3) bne a0, a1, -0x8
mem[X,0x00000000800404C0] -> 0x0113
mem[X,0x00000000800404C2] -> 0x0011
[10514] [M]: 0x00000000800404C0 (0x00110113) addi sp, sp, 0x1
x2 <- 0x0000000000000001
mem[X,0x00000000800404C4] -> 0x006F
mem[X,0x00000000800404C6] -> 0x0180
[10515] [M]: 0x00000000800404C4 (0x0180006F) jal zero, 0x18
mem[X,0x00000000800404DC] -> 0xB823
mem[X,0x00000000800404DE] -> 0x3420
[10516] [M]: 0x00000000800404DC (0x3420B823) sd sp, 0x350(ra)
mem[0x0000000080046528] <- 0x0000000000000001
mem[X,0x00000000800404E0] -> 0x0537
mem[X,0x00000000800404E2] -> 0x0000
[10517] [M]: 0x00000000800404E0 (0x00000537) lui a0, 0x0
x10 <- 0x0000000000000000
mem[X,0x00000000800404E4] -> 0x0513
mem[X,0x00000000800404E6] -> 0x0005
[10518] [M]: 0x00000000800404E4 (0x00050513) addi a0, a0, 0x0
x10 <- 0x0000000000000000
mem[X,0x00000000800404E8] -> 0x1513
mem[X,0x00000000800404EA] -> 0x00B5
[10519] [M]: 0x00000000800404E8 (0x00B51513) slli a0, a0, 0xb
x10 <- 0x0000000000000000
mem[X,0x00000000800404EC] -> 0x0513
mem[X,0x00000000800404EE] -> 0x5A85
[10520] [M]: 0x00000000800404EC (0x5A850513) addi a0, a0, 0x5a8
x10 <- 0x00000000000005A8
mem[X,0x00000000800404F0] -> 0x1513
mem[X,0x00000000800404F2] -> 0x00B5
[10521] [M]: 0x00000000800404F0 (0x00B51513) slli a0, a0, 0xb
x10 <- 0x00000000002D4000
mem[X,0x00000000800404F4] -> 0x0513
mem[X,0x00000000800404F6] -> 0x13C5
[10522] [M]: 0x00000000800404F4 (0x13C50513) addi a0, a0, 0x13c
x10 <- 0x00000000002D413C
mem[X,0x00000000800404F8] -> 0x1513
mem[X,0x00000000800404FA] -> 0x00A5
[10523] [M]: 0x00000000800404F8 (0x00A51513) slli a0, a0, 0xa
x10 <- 0x00000000B504F000
mem[X,0x00000000800404FC] -> 0x0513
mem[X,0x00000000800404FE] -> 0x3345
[10524] [M]: 0x00000000800404FC (0x33450513) addi a0, a0, 0x334
x10 <- 0x00000000B504F334
mem[X,0x0000000080040500] -> 0x0593
mem[X,0x0000000080040502] -> 0x0050
[10525] [M]: 0x0000000080040500 (0x00500593) addi a1, zero, 0x5
x11 <- 0x0000000000000005
mem[X,0x0000000080040504] -> 0x0113
mem[X,0x0000000080040506] -> 0x0000
[10526] [M]: 0x0000000080040504 (0x00000113) addi sp, zero, 0x0
x2 <- 0x0000000000000000
mem[X,0x0000000080040508] -> 0x006F
mem[X,0x000000008004050A] -> 0x00C0
[10527] [M]: 0x0000000080040508 (0x00C0006F) jal zero, 0xc
mem[X,0x0000000080040514] -> 0x1063
mem[X,0x0000000080040516] -> 0x10B5
[10528] [M]: 0x0000000080040514 (0x10B51063) bne a0, a1, 0x100
mem[X,0x0000000080040614] -> 0x0113
mem[X,0x0000000080040616] -> 0x0031
[10529] [M]: 0x0000000080040614 (0x00310113) addi sp, sp, 0x3
x2 <- 0x0000000000000003
mem[X,0x0000000080040618] -> 0x006F
mem[X,0x000000008004061A] -> 0x0040
[10530] [M]: 0x0000000080040618 (0x0040006F) jal zero, 0x4
mem[X,0x000000008004061C] -> 0xBC23
mem[X,0x000000008004061E] -> 0x3420
[10531] [M]: 0x000000008004061C (0x3420BC23) sd sp, 0x358(ra)
mem[0x0000000080046530] <- 0x0000000000000003
mem[X,0x0000000080040620] -> 0x0537
mem[X,0x0000000080040622] -> 0x0000
[10532] [M]: 0x0000000080040620 (0x00000537) lui a0, 0x0
x10 <- 0x0000000000000000
mem[X,0x0000000080040624] -> 0x0513
mem[X,0x0000000080040626] -> 0x0005
[10533] [M]: 0x0000000080040624 (0x00050513) addi a0, a0, 0x0
x10 <- 0x0000000000000000
mem[X,0x0000000080040628] -> 0x1513
mem[X,0x000000008004062A] -> 0x00B5
[10534] [M]: 0x0000000080040628 (0x00B51513) slli a0, a0, 0xb
x10 <- 0x0000000000000000
mem[X,0x000000008004062C] -> 0x0513
mem[X,0x000000008004062E] -> 0x5A85
[10535] [M]: 0x000000008004062C (0x5A850513) addi a0, a0, 0x5a8
x10 <- 0x00000000000005A8
mem[X,0x0000000080040630] -> 0x1513
mem[X,0x0000000080040632] -> 0x00B5
[10536] [M]: 0x0000000080040630 (0x00B51513) slli a0, a0, 0xb
x10 <- 0x00000000002D4000
mem[X,0x0000000080040634] -> 0x0513
mem[X,0x0000000080040636] -> 0x13C5
[10537] [M]: 0x0000000080040634 (0x13C50513) addi a0, a0, 0x13c
x10 <- 0x00000000002D413C
mem[X,0x0000000080040638] -> 0x1513
mem[X,0x000000008004063A] -> 0x00A5
[10538] [M]: 0x0000000080040638 (0x00A51513) slli a0, a0, 0xa
x10 <- 0x00000000B504F000
mem[X,0x000000008004063C] -> 0x0513
mem[X,0x000000008004063E] -> 0x3345
[10539] [M]: 0x000000008004063C (0x33450513) addi a0, a0, 0x334
x10 <- 0x00000000B504F334
mem[X,0x0000000080040640] -> 0x35B7
mem[X,0x0000000080040642] -> 0x3333
[10540] [M]: 0x0000000080040640 (0x333335B7) lui a1, 0x33333
x11 <- 0x0000000033333000
mem[X,0x0000000080040644] -> 0x8593
mem[X,0x0000000080040646] -> 0x3335
[10541] [M]: 0x0000000080040644 (0x33358593) addi a1, a1, 0x333
x11 <- 0x0000000033333333
mem[X,0x0000000080040648] -> 0x9593
mem[X,0x000000008004064A] -> 0x00B5
[10542] [M]: 0x0000000080040648 (0x00B59593) slli a1, a1, 0xb
x11 <- 0x0000019999999800
mem[X,0x000000008004064C] -> 0x8593
mem[X,0x000000008004064E] -> 0x1995
[10543] [M]: 0x000000008004064C (0x19958593) addi a1, a1, 0x199
x11 <- 0x0000019999999999
mem[X,0x0000000080040650] -> 0x9593
mem[X,0x0000000080040652] -> 0x00B5
[10544] [M]: 0x0000000080040650 (0x00B59593) slli a1, a1, 0xb
x11 <- 0x000CCCCCCCCCC800
mem[X,0x0000000080040654] -> 0x8593
mem[X,0x0000000080040656] -> 0x4CC5
[10545] [M]: 0x0000000080040654 (0x4CC58593) addi a1, a1, 0x4cc
x11 <- 0x000CCCCCCCCCCCCC
mem[X,0x0000000080040658] -> 0x9593
mem[X,0x000000008004065A] -> 0x00A5
[10546] [M]: 0x0000000080040658 (0x00A59593) slli a1, a1, 0xa
x11 <- 0x3333333333333000
mem[X,0x000000008004065C] -> 0x8593
mem[X,0x000000008004065E] -> 0x3335
[10547] [M]: 0x000000008004065C (0x33358593) addi a1, a1, 0x333
x11 <- 0x3333333333333333
mem[X,0x0000000080040660] -> 0x0113
mem[X,0x0000000080040662] -> 0x0000
[10548] [M]: 0x0000000080040660 (0x00000113) addi sp, zero, 0x0
x2 <- 0x0000000000000000
mem[X,0x0000000080040664] -> 0x006F
mem[X,0x0000000080040666] -> 0x00C0
[10549] [M]: 0x0000000080040664 (0x00C0006F) jal zero, 0xc
mem[X,0x0000000080040670] -> 0x1063
mem[X,0x0000000080040672] -> 0x02B5
[10550] [M]: 0x0000000080040670 (0x02B51063) bne a0, a1, 0x20
mem[X,0x0000000080040690] -> 0x0113
mem[X,0x0000000080040692] -> 0x0031
[10551] [M]: 0x0000000080040690 (0x00310113) addi sp, sp, 0x3
x2 <- 0x0000000000000003
mem[X,0x0000000080040694] -> 0x006F
mem[X,0x0000000080040696] -> 0x0040
[10552] [M]: 0x0000000080040694 (0x0040006F) jal zero, 0x4
mem[X,0x0000000080040698] -> 0xB023
mem[X,0x000000008004069A] -> 0x3620
[10553] [M]: 0x0000000080040698 (0x3620B023) sd sp, 0x360(ra)
mem[0x0000000080046538] <- 0x0000000000000003
mem[X,0x000000008004069C] -> 0x0537
mem[X,0x000000008004069E] -> 0x0000
[10554] [M]: 0x000000008004069C (0x00000537) lui a0, 0x0
x10 <- 0x0000000000000000
mem[X,0x00000000800406A0] -> 0x0513
mem[X,0x00000000800406A2] -> 0x0005
[10555] [M]: 0x00000000800406A0 (0x00050513) addi a0, a0, 0x0
x10 <- 0x0000000000000000
mem[X,0x00000000800406A4] -> 0x1513
mem[X,0x00000000800406A6] -> 0x00B5
[10556] [M]: 0x00000000800406A4 (0x00B51513) slli a0, a0, 0xb
x10 <- 0x0000000000000000
mem[X,0x00000000800406A8] -> 0x0513
mem[X,0x00000000800406AA] -> 0x5A85
[10557] [M]: 0x00000000800406A8 (0x5A850513) addi a0, a0, 0x5a8
x10 <- 0x00000000000005A8
mem[X,0x00000000800406AC] -> 0x1513
mem[X,0x00000000800406AE] -> 0x00B5
[10558] [M]: 0x00000000800406AC (0x00B51513) slli a0, a0, 0xb
x10 <- 0x00000000002D4000
mem[X,0x00000000800406B0] -> 0x0513
mem[X,0x00000000800406B2] -> 0x13C5
[10559] [M]: 0x00000000800406B0 (0x13C50513) addi a0, a0, 0x13c
x10 <- 0x00000000002D413C
mem[X,0x00000000800406B4] -> 0x1513
mem[X,0x00000000800406B6] -> 0x00A5
[10560] [M]: 0x00000000800406B4 (0x00A51513) slli a0, a0, 0xa
x10 <- 0x00000000B504F000
mem[X,0x00000000800406B8] -> 0x0513
mem[X,0x00000000800406BA] -> 0x3345
[10561] [M]: 0x00000000800406B8 (0x33450513) addi a0, a0, 0x334
x10 <- 0x00000000B504F334
mem[X,0x00000000800406BC] -> 0x65B7
mem[X,0x00000000800406BE] -> 0x6666
[10562] [M]: 0x00000000800406BC (0x666665B7) lui a1, 0x66666
x11 <- 0x0000000066666000
mem[X,0x00000000800406C0] -> 0x8593
mem[X,0x00000000800406C2] -> 0x6665
[10563] [M]: 0x00000000800406C0 (0x66658593) addi a1, a1, 0x666
x11 <- 0x0000000066666666
mem[X,0x00000000800406C4] -> 0x9593
mem[X,0x00000000800406C6] -> 0x00B5
[10564] [M]: 0x00000000800406C4 (0x00B59593) slli a1, a1, 0xb
x11 <- 0x0000033333333000
mem[X,0x00000000800406C8] -> 0x8593
mem[X,0x00000000800406CA] -> 0x3335
[10565] [M]: 0x00000000800406C8 (0x33358593) addi a1, a1, 0x333
x11 <- 0x0000033333333333
mem[X,0x00000000800406CC] -> 0x9593
mem[X,0x00000000800406CE] -> 0x00B5
[10566] [M]: 0x00000000800406CC (0x00B59593) slli a1, a1, 0xb
x11 <- 0x0019999999999800
mem[X,0x00000000800406D0] -> 0x8593
mem[X,0x00000000800406D2] -> 0x1995
[10567] [M]: 0x00000000800406D0 (0x19958593) addi a1, a1, 0x199
x11 <- 0x0019999999999999
mem[X,0x00000000800406D4] -> 0x9593
mem[X,0x00000000800406D6] -> 0x00A5
[10568] [M]: 0x00000000800406D4 (0x00A59593) slli a1, a1, 0xa
x11 <- 0x6666666666666400
mem[X,0x00000000800406D8] -> 0x8593
mem[X,0x00000000800406DA] -> 0x2665
[10569] [M]: 0x00000000800406D8 (0x26658593) addi a1, a1, 0x266
x11 <- 0x6666666666666666
mem[X,0x00000000800406DC] -> 0x0113
mem[X,0x00000000800406DE] -> 0x0000
[10570] [M]: 0x00000000800406DC (0x00000113) addi sp, zero, 0x0
x2 <- 0x0000000000000000
mem[X,0x00000000800406E0] -> 0x006F
mem[X,0x00000000800406E2] -> 0x0180
[10571] [M]: 0x00000000800406E0 (0x0180006F) jal zero, 0x18
mem[X,0x00000000800406F8] -> 0x16E3
mem[X,0x00000000800406FA] -> 0xFEB5
[10572] [M]: 0x00000000800406F8 (0xFEB516E3) bne a0, a1, -0x14
mem[X,0x00000000800406E4] -> 0x0113
mem[X,0x00000000800406E6] -> 0x0011
[10573] [M]: 0x00000000800406E4 (0x00110113) addi sp, sp, 0x1
x2 <- 0x0000000000000001
mem[X,0x00000000800406E8] -> 0x006F
mem[X,0x00000000800406EA] -> 0x0240
[10574] [M]: 0x00000000800406E8 (0x0240006F) jal zero, 0x24
mem[X,0x000000008004070C] -> 0xB423
mem[X,0x000000008004070E] -> 0x3620
[10575] [M]: 0x000000008004070C (0x3620B423) sd sp, 0x368(ra)
mem[0x0000000080046540] <- 0x0000000000000001
mem[X,0x0000000080040710] -> 0x0537
mem[X,0x0000000080040712] -> 0x0000
[10576] [M]: 0x0000000080040710 (0x00000537) lui a0, 0x0
x10 <- 0x0000000000000000
mem[X,0x0000000080040714] -> 0x0513
mem[X,0x0000000080040716] -> 0x0005
[10577] [M]: 0x0000000080040714 (0x00050513) addi a0, a0, 0x0
x10 <- 0x0000000000000000
mem[X,0x0000000080040718] -> 0x1513
mem[X,0x000000008004071A] -> 0x00B5
[10578] [M]: 0x0000000080040718 (0x00B51513) slli a0, a0, 0xb
x10 <- 0x0000000000000000
mem[X,0x000000008004071C] -> 0x0513
mem[X,0x000000008004071E] -> 0x5A85
[10579] [M]: 0x000000008004071C (0x5A850513) addi a0, a0, 0x5a8
x10 <- 0x00000000000005A8
mem[X,0x0000000080040720] -> 0x1513
mem[X,0x0000000080040722] -> 0x00B5
[10580] [M]: 0x0000000080040720 (0x00B51513) slli a0, a0, 0xb
x10 <- 0x00000000002D4000
mem[X,0x0000000080040724] -> 0x0513
mem[X,0x0000000080040726] -> 0x13C5
[10581] [M]: 0x0000000080040724 (0x13C50513) addi a0, a0, 0x13c
x10 <- 0x00000000002D413C
mem[X,0x0000000080040728] -> 0x1513
mem[X,0x000000008004072A] -> 0x00A5
[10582] [M]: 0x0000000080040728 (0x00A51513) slli a0, a0, 0xa
x10 <- 0x00000000B504F000
mem[X,0x000000008004072C] -> 0x0513
mem[X,0x000000008004072E] -> 0x3345
[10583] [M]: 0x000000008004072C (0x33450513) addi a0, a0, 0x334
x10 <- 0x00000000B504F334
mem[X,0x0000000080040730] -> 0x05B7
mem[X,0x0000000080040732] -> 0x0000
[10584] [M]: 0x0000000080040730 (0x000005B7) lui a1, 0x0
x11 <- 0x0000000000000000
mem[X,0x0000000080040734] -> 0x8593
mem[X,0x0000000080040736] -> 0xFFF5
[10585] [M]: 0x0000000080040734 (0xFFF58593) addi a1, a1, -0x1
x11 <- 0xFFFFFFFFFFFFFFFF
mem[X,0x0000000080040738] -> 0x9593
mem[X,0x000000008004073A] -> 0x00B5
[10586] [M]: 0x0000000080040738 (0x00B59593) slli a1, a1, 0xb
x11 <- 0xFFFFFFFFFFFFF800
mem[X,0x000000008004073C] -> 0x8593
mem[X,0x000000008004073E] -> 0x2575
[10587] [M]: 0x000000008004073C (0x25758593) addi a1, a1, 0x257
x11 <- 0xFFFFFFFFFFFFFA57
mem[X,0x0000000080040740] -> 0x9593
mem[X,0x0000000080040742] -> 0x00B5
[10588] [M]: 0x0000000080040740 (0x00B59593) slli a1, a1, 0xb
x11 <- 0xFFFFFFFFFFD2B800
mem[X,0x0000000080040744] -> 0x8593
mem[X,0x0000000080040746] -> 0x6C35
[10589] [M]: 0x0000000080040744 (0x6C358593) addi a1, a1, 0x6c3
x11 <- 0xFFFFFFFFFFD2BEC3
mem[X,0x0000000080040748] -> 0x9593
mem[X,0x000000008004074A] -> 0x00A5
[10590] [M]: 0x0000000080040748 (0x00A59593) slli a1, a1, 0xa
x11 <- 0xFFFFFFFF4AFB0C00
mem[X,0x000000008004074C] -> 0x8593
mem[X,0x000000008004074E] -> 0x0CD5
[10591] [M]: 0x000000008004074C (0x0CD58593) addi a1, a1, 0xcd
x11 <- 0xFFFFFFFF4AFB0CCD
mem[X,0x0000000080040750] -> 0x0113
mem[X,0x0000000080040752] -> 0x0000
[10592] [M]: 0x0000000080040750 (0x00000113) addi sp, zero, 0x0
x2 <- 0x0000000000000000
mem[X,0x0000000080040754] -> 0x006F
mem[X,0x0000000080040756] -> 0x00C0
[10593] [M]: 0x0000000080040754 (0x00C0006F) jal zero, 0xc
mem[X,0x0000000080040760] -> 0x1063
mem[X,0x0000000080040762] -> 0x04B5
[10594] [M]: 0x0000000080040760 (0x04B51063) bne a0, a1, 0x40
mem[X,0x00000000800407A0] -> 0x0113
mem[X,0x00000000800407A2] -> 0x0031
[10595] [M]: 0x00000000800407A0 (0x00310113) addi sp, sp, 0x3
x2 <- 0x0000000000000003
mem[X,0x00000000800407A4] -> 0x006F
mem[X,0x00000000800407A6] -> 0x0040
[10596] [M]: 0x00000000800407A4 (0x0040006F) jal zero, 0x4
mem[X,0x00000000800407A8] -> 0xB823
mem[X,0x00000000800407AA] -> 0x3620
[10597] [M]: 0x00000000800407A8 (0x3620B823) sd sp, 0x370(ra)
mem[0x0000000080046548] <- 0x0000000000000003
mem[X,0x00000000800407AC] -> 0x0537
mem[X,0x00000000800407AE] -> 0x0000
[10598] [M]: 0x00000000800407AC (0x00000537) lui a0, 0x0
x10 <- 0x0000000000000000
mem[X,0x00000000800407B0] -> 0x0513
mem[X,0x00000000800407B2] -> 0x0005
[10599] [M]: 0x00000000800407B0 (0x00050513) addi a0, a0, 0x0
x10 <- 0x0000000000000000
clint::tick mtime <- 0x000000000000006A
 clint timer pending at mtime 0x000000000000006A
htif::tick 0x0000000000000000
mem[X,0x00000000800407B4] -> 0x1513
mem[X,0x00000000800407B6] -> 0x00B5
[10600] [M]: 0x00000000800407B4 (0x00B51513) slli a0, a0, 0xb
x10 <- 0x0000000000000000
mem[X,0x00000000800407B8] -> 0x0513
mem[X,0x00000000800407BA] -> 0x5A85
[10601] [M]: 0x00000000800407B8 (0x5A850513) addi a0, a0, 0x5a8
x10 <- 0x00000000000005A8
mem[X,0x00000000800407BC] -> 0x1513
mem[X,0x00000000800407BE] -> 0x00B5
[10602] [M]: 0x00000000800407BC (0x00B51513) slli a0, a0, 0xb
x10 <- 0x00000000002D4000
mem[X,0x00000000800407C0] -> 0x0513
mem[X,0x00000000800407C2] -> 0x13C5
[10603] [M]: 0x00000000800407C0 (0x13C50513) addi a0, a0, 0x13c
x10 <- 0x00000000002D413C
mem[X,0x00000000800407C4] -> 0x1513
mem[X,0x00000000800407C6] -> 0x00A5
[10604] [M]: 0x00000000800407C4 (0x00A51513) slli a0, a0, 0xa
x10 <- 0x00000000B504F000
mem[X,0x00000000800407C8] -> 0x0513
mem[X,0x00000000800407CA] -> 0x3345
[10605] [M]: 0x00000000800407C8 (0x33450513) addi a0, a0, 0x334
x10 <- 0x00000000B504F334
mem[X,0x00000000800407CC] -> 0x05B7
mem[X,0x00000000800407CE] -> 0x0000
[10606] [M]: 0x00000000800407CC (0x000005B7) lui a1, 0x0
x11 <- 0x0000000000000000
mem[X,0x00000000800407D0] -> 0x8593
mem[X,0x00000000800407D2] -> 0x0005
[10607] [M]: 0x00000000800407D0 (0x00058593) addi a1, a1, 0x0
x11 <- 0x0000000000000000
mem[X,0x00000000800407D4] -> 0x9593
mem[X,0x00000000800407D6] -> 0x00B5
[10608] [M]: 0x00000000800407D4 (0x00B59593) slli a1, a1, 0xb
x11 <- 0x0000000000000000
mem[X,0x00000000800407D8] -> 0x8593
mem[X,0x00000000800407DA] -> 0x5A85
[10609] [M]: 0x00000000800407D8 (0x5A858593) addi a1, a1, 0x5a8
x11 <- 0x00000000000005A8
mem[X,0x00000000800407DC] -> 0x9593
mem[X,0x00000000800407DE] -> 0x00B5
[10610] [M]: 0x00000000800407DC (0x00B59593) slli a1, a1, 0xb
x11 <- 0x00000000002D4000
mem[X,0x00000000800407E0] -> 0x8593
mem[X,0x00000000800407E2] -> 0x13C5
[10611] [M]: 0x00000000800407E0 (0x13C58593) addi a1, a1, 0x13c
x11 <- 0x00000000002D413C
mem[X,0x00000000800407E4] -> 0x9593
mem[X,0x00000000800407E6] -> 0x00A5
[10612] [M]: 0x00000000800407E4 (0x00A59593) slli a1, a1, 0xa
x11 <- 0x00000000B504F000
mem[X,0x00000000800407E8] -> 0x8593
mem[X,0x00000000800407EA] -> 0x3335
[10613] [M]: 0x00000000800407E8 (0x33358593) addi a1, a1, 0x333
x11 <- 0x00000000B504F333
mem[X,0x00000000800407EC] -> 0x0113
mem[X,0x00000000800407EE] -> 0x0000
[10614] [M]: 0x00000000800407EC (0x00000113) addi sp, zero, 0x0
x2 <- 0x0000000000000000
mem[X,0x00000000800407F0] -> 0x006F
mem[X,0x00000000800407F2] -> 0x00C0
[10615] [M]: 0x00000000800407F0 (0x00C0006F) jal zero, 0xc
mem[X,0x00000000800407FC] -> 0x1663
mem[X,0x00000000800407FE] -> 0x00B5
[10616] [M]: 0x00000000800407FC (0x00B51663) bne a0, a1, 0xc
mem[X,0x0000000080040808] -> 0x0113
mem[X,0x000000008004080A] -> 0x0031
[10617] [M]: 0x0000000080040808 (0x00310113) addi sp, sp, 0x3
x2 <- 0x0000000000000003
mem[X,0x000000008004080C] -> 0x006F
mem[X,0x000000008004080E] -> 0x0040
[10618] [M]: 0x000000008004080C (0x0040006F) jal zero, 0x4
mem[X,0x0000000080040810] -> 0xBC23
mem[X,0x0000000080040812] -> 0x3620
[10619] [M]: 0x0000000080040810 (0x3620BC23) sd sp, 0x378(ra)
mem[0x0000000080046550] <- 0x0000000000000003
mem[X,0x0000000080040814] -> 0x0537
mem[X,0x0000000080040816] -> 0x0000
[10620] [M]: 0x0000000080040814 (0x00000537) lui a0, 0x0
x10 <- 0x0000000000000000
mem[X,0x0000000080040818] -> 0x0513
mem[X,0x000000008004081A] -> 0x0005
[10621] [M]: 0x0000000080040818 (0x00050513) addi a0, a0, 0x0
x10 <- 0x0000000000000000
mem[X,0x000000008004081C] -> 0x1513
mem[X,0x000000008004081E] -> 0x00B5
[10622] [M]: 0x000000008004081C (0x00B51513) slli a0, a0, 0xb
x10 <- 0x0000000000000000
mem[X,0x0000000080040820] -> 0x0513
mem[X,0x0000000080040822] -> 0x5A85
[10623] [M]: 0x0000000080040820 (0x5A850513) addi a0, a0, 0x5a8
x10 <- 0x00000000000005A8
mem[X,0x0000000080040824] -> 0x1513
mem[X,0x0000000080040826] -> 0x00B5
[10624] [M]: 0x0000000080040824 (0x00B51513) slli a0, a0, 0xb
x10 <- 0x00000000002D4000
mem[X,0x0000000080040828] -> 0x0513
mem[X,0x000000008004082A] -> 0x13C5
[10625] [M]: 0x0000000080040828 (0x13C50513) addi a0, a0, 0x13c
x10 <- 0x00000000002D413C
mem[X,0x000000008004082C] -> 0x1513
mem[X,0x000000008004082E] -> 0x00A5
[10626] [M]: 0x000000008004082C (0x00A51513) slli a0, a0, 0xa
x10 <- 0x00000000B504F000
mem[X,0x0000000080040830] -> 0x0513
mem[X,0x0000000080040832] -> 0x3345
[10627] [M]: 0x0000000080040830 (0x33450513) addi a0, a0, 0x334
x10 <- 0x00000000B504F334
mem[X,0x0000000080040834] -> 0x0593
mem[X,0x0000000080040836] -> 0x0020
[10628] [M]: 0x0000000080040834 (0x00200593) addi a1, zero, 0x2
x11 <- 0x0000000000000002
mem[X,0x0000000080040838] -> 0x0113
mem[X,0x000000008004083A] -> 0x0000
[10629] [M]: 0x0000000080040838 (0x00000113) addi sp, zero, 0x0
x2 <- 0x0000000000000000
mem[X,0x000000008004083C] -> 0x006F
mem[X,0x000000008004083E] -> 0x00C0
[10630] [M]: 0x000000008004083C (0x00C0006F) jal zero, 0xc
mem[X,0x0000000080040848] -> 0x1663
mem[X,0x000000008004084A] -> 0x00B5
[10631] [M]: 0x0000000080040848 (0x00B51663) bne a0, a1, 0xc
mem[X,0x0000000080040854] -> 0x0113
mem[X,0x0000000080040856] -> 0x0031
[10632] [M]: 0x0000000080040854 (0x00310113) addi sp, sp, 0x3
x2 <- 0x0000000000000003
mem[X,0x0000000080040858] -> 0x006F
mem[X,0x000000008004085A] -> 0x0040
[10633] [M]: 0x0000000080040858 (0x0040006F) jal zero, 0x4
mem[X,0x000000008004085C] -> 0xB023
mem[X,0x000000008004085E] -> 0x3820
[10634] [M]: 0x000000008004085C (0x3820B023) sd sp, 0x380(ra)
mem[0x0000000080046558] <- 0x0000000000000003
mem[X,0x0000000080040860] -> 0x0537
mem[X,0x0000000080040862] -> 0x0000
[10635] [M]: 0x0000000080040860 (0x00000537) lui a0, 0x0
x10 <- 0x0000000000000000
mem[X,0x0000000080040864] -> 0x0513
mem[X,0x0000000080040866] -> 0x0005
[10636] [M]: 0x0000000080040864 (0x00050513) addi a0, a0, 0x0
x10 <- 0x0000000000000000
mem[X,0x0000000080040868] -> 0x1513
mem[X,0x000000008004086A] -> 0x00B5
[10637] [M]: 0x0000000080040868 (0x00B51513) slli a0, a0, 0xb
x10 <- 0x0000000000000000
mem[X,0x000000008004086C] -> 0x0513
mem[X,0x000000008004086E] -> 0x5A85
[10638] [M]: 0x000000008004086C (0x5A850513) addi a0, a0, 0x5a8
x10 <- 0x00000000000005A8
mem[X,0x0000000080040870] -> 0x1513
mem[X,0x0000000080040872] -> 0x00B5
[10639] [M]: 0x0000000080040870 (0x00B51513) slli a0, a0, 0xb
x10 <- 0x00000000002D4000
mem[X,0x0000000080040874] -> 0x0513
mem[X,0x0000000080040876] -> 0x13C5
[10640] [M]: 0x0000000080040874 (0x13C50513) addi a0, a0, 0x13c
x10 <- 0x00000000002D413C
mem[X,0x0000000080040878] -> 0x1513
mem[X,0x000000008004087A] -> 0x00A5
[10641] [M]: 0x0000000080040878 (0x00A51513) slli a0, a0, 0xa
x10 <- 0x00000000B504F000
mem[X,0x000000008004087C] -> 0x0513
mem[X,0x000000008004087E] -> 0x3345
[10642] [M]: 0x000000008004087C (0x33450513) addi a0, a0, 0x334
x10 <- 0x00000000B504F334
mem[X,0x0000000080040880] -> 0x55B7
mem[X,0x0000000080040882] -> 0x5555
[10643] [M]: 0x0000000080040880 (0x555555B7) lui a1, 0x55555
x11 <- 0x0000000055555000
mem[X,0x0000000080040884] -> 0x8593
mem[X,0x0000000080040886] -> 0x5555
[10644] [M]: 0x0000000080040884 (0x55558593) addi a1, a1, 0x555
x11 <- 0x0000000055555555
mem[X,0x0000000080040888] -> 0x9593
mem[X,0x000000008004088A] -> 0x00B5
[10645] [M]: 0x0000000080040888 (0x00B59593) slli a1, a1, 0xb
x11 <- 0x000002AAAAAAA800
mem[X,0x000000008004088C] -> 0x8593
mem[X,0x000000008004088E] -> 0x2AA5
[10646] [M]: 0x000000008004088C (0x2AA58593) addi a1, a1, 0x2aa
x11 <- 0x000002AAAAAAAAAA
mem[X,0x0000000080040890] -> 0x9593
mem[X,0x0000000080040892] -> 0x00B5
[10647] [M]: 0x0000000080040890 (0x00B59593) slli a1, a1, 0xb
x11 <- 0x0015555555555000
mem[X,0x0000000080040894] -> 0x8593
mem[X,0x0000000080040896] -> 0x5555
[10648] [M]: 0x0000000080040894 (0x55558593) addi a1, a1, 0x555
x11 <- 0x0015555555555555
mem[X,0x0000000080040898] -> 0x9593
mem[X,0x000000008004089A] -> 0x00A5
[10649] [M]: 0x0000000080040898 (0x00A59593) slli a1, a1, 0xa
x11 <- 0x5555555555555400
mem[X,0x000000008004089C] -> 0x8593
mem[X,0x000000008004089E] -> 0x1545
[10650] [M]: 0x000000008004089C (0x15458593) addi a1, a1, 0x154
x11 <- 0x5555555555555554
mem[X,0x00000000800408A0] -> 0x0113
mem[X,0x00000000800408A2] -> 0x0000
[10651] [M]: 0x00000000800408A0 (0x00000113) addi sp, zero, 0x0
x2 <- 0x0000000000000000
mem[X,0x00000000800408A4] -> 0x006F
mem[X,0x00000000800408A6] -> 0x00C0
[10652] [M]: 0x00000000800408A4 (0x00C0006F) jal zero, 0xc
mem[X,0x00000000800408B0] -> 0x1663
mem[X,0x00000000800408B2] -> 0x00B5
[10653] [M]: 0x00000000800408B0 (0x00B51663) bne a0, a1, 0xc
mem[X,0x00000000800408BC] -> 0x0113
mem[X,0x00000000800408BE] -> 0x0031
[10654] [M]: 0x00000000800408BC (0x00310113) addi sp, sp, 0x3
x2 <- 0x0000000000000003
mem[X,0x00000000800408C0] -> 0x006F
mem[X,0x00000000800408C2] -> 0x0040
[10655] [M]: 0x00000000800408C0 (0x0040006F) jal zero, 0x4
mem[X,0x00000000800408C4] -> 0xB423
mem[X,0x00000000800408C6] -> 0x3820
[10656] [M]: 0x00000000800408C4 (0x3820B423) sd sp, 0x388(ra)
mem[0x0000000080046560] <- 0x0000000000000003
mem[X,0x00000000800408C8] -> 0x0537
mem[X,0x00000000800408CA] -> 0x0000
[10657] [M]: 0x00000000800408C8 (0x00000537) lui a0, 0x0
x10 <- 0x0000000000000000
mem[X,0x00000000800408CC] -> 0x0513
mem[X,0x00000000800408CE] -> 0x0005
[10658] [M]: 0x00000000800408CC (0x00050513) addi a0, a0, 0x0
x10 <- 0x0000000000000000
mem[X,0x00000000800408D0] -> 0x1513
mem[X,0x00000000800408D2] -> 0x00B5
[10659] [M]: 0x00000000800408D0 (0x00B51513) slli a0, a0, 0xb
x10 <- 0x0000000000000000
mem[X,0x00000000800408D4] -> 0x0513
mem[X,0x00000000800408D6] -> 0x5A85
[10660] [M]: 0x00000000800408D4 (0x5A850513) addi a0, a0, 0x5a8
x10 <- 0x00000000000005A8
mem[X,0x00000000800408D8] -> 0x1513
mem[X,0x00000000800408DA] -> 0x00B5
[10661] [M]: 0x00000000800408D8 (0x00B51513) slli a0, a0, 0xb
x10 <- 0x00000000002D4000
mem[X,0x00000000800408DC] -> 0x0513
mem[X,0x00000000800408DE] -> 0x13C5
[10662] [M]: 0x00000000800408DC (0x13C50513) addi a0, a0, 0x13c
x10 <- 0x00000000002D413C
mem[X,0x00000000800408E0] -> 0x1513
mem[X,0x00000000800408E2] -> 0x00A5
[10663] [M]: 0x00000000800408E0 (0x00A51513) slli a0, a0, 0xa
x10 <- 0x00000000B504F000
mem[X,0x00000000800408E4] -> 0x0513
mem[X,0x00000000800408E6] -> 0x3345
[10664] [M]: 0x00000000800408E4 (0x33450513) addi a0, a0, 0x334
x10 <- 0x00000000B504F334
mem[X,0x00000000800408E8] -> 0x0593
mem[X,0x00000000800408EA] -> 0x0000
[10665] [M]: 0x00000000800408E8 (0x00000593) addi a1, zero, 0x0
x11 <- 0x0000000000000000
mem[X,0x00000000800408EC] -> 0x0113
mem[X,0x00000000800408EE] -> 0x0000
[10666] [M]: 0x00000000800408EC (0x00000113) addi sp, zero, 0x0
x2 <- 0x0000000000000000
mem[X,0x00000000800408F0] -> 0x006F
mem[X,0x00000000800408F2] -> 0x00C0
[10667] [M]: 0x00000000800408F0 (0x00C0006F) jal zero, 0xc
mem[X,0x00000000800408FC] -> 0x1063
mem[X,0x00000000800408FE] -> 0x20B5
[10668] [M]: 0x00000000800408FC (0x20B51063) bne a0, a1, 0x200
mem[X,0x0000000080040AFC] -> 0x0113
mem[X,0x0000000080040AFE] -> 0x0031
[10669] [M]: 0x0000000080040AFC (0x00310113) addi sp, sp, 0x3
x2 <- 0x0000000000000003
mem[X,0x0000000080040B00] -> 0x006F
mem[X,0x0000000080040B02] -> 0x0040
[10670] [M]: 0x0000000080040B00 (0x0040006F) jal zero, 0x4
mem[X,0x0000000080040B04] -> 0xB823
mem[X,0x0000000080040B06] -> 0x3820
[10671] [M]: 0x0000000080040B04 (0x3820B823) sd sp, 0x390(ra)
mem[0x0000000080046568] <- 0x0000000000000003
mem[X,0x0000000080040B08] -> 0x0537
mem[X,0x0000000080040B0A] -> 0x0000
[10672] [M]: 0x0000000080040B08 (0x00000537) lui a0, 0x0
x10 <- 0x0000000000000000
mem[X,0x0000000080040B0C] -> 0x0513
mem[X,0x0000000080040B0E] -> 0x0005
[10673] [M]: 0x0000000080040B0C (0x00050513) addi a0, a0, 0x0
x10 <- 0x0000000000000000
mem[X,0x0000000080040B10] -> 0x1513
mem[X,0x0000000080040B12] -> 0x00B5
[10674] [M]: 0x0000000080040B10 (0x00B51513) slli a0, a0, 0xb
x10 <- 0x0000000000000000
mem[X,0x0000000080040B14] -> 0x0513
mem[X,0x0000000080040B16] -> 0x5A85
[10675] [M]: 0x0000000080040B14 (0x5A850513) addi a0, a0, 0x5a8
x10 <- 0x00000000000005A8
mem[X,0x0000000080040B18] -> 0x1513
mem[X,0x0000000080040B1A] -> 0x00B5
[10676] [M]: 0x0000000080040B18 (0x00B51513) slli a0, a0, 0xb
x10 <- 0x00000000002D4000
mem[X,0x0000000080040B1C] -> 0x0513
mem[X,0x0000000080040B1E] -> 0x13C5
[10677] [M]: 0x0000000080040B1C (0x13C50513) addi a0, a0, 0x13c
x10 <- 0x00000000002D413C
mem[X,0x0000000080040B20] -> 0x1513
mem[X,0x0000000080040B22] -> 0x00A5
[10678] [M]: 0x0000000080040B20 (0x00A51513) slli a0, a0, 0xa
x10 <- 0x00000000B504F000
mem[X,0x0000000080040B24] -> 0x0513
mem[X,0x0000000080040B26] -> 0x3345
[10679] [M]: 0x0000000080040B24 (0x33450513) addi a0, a0, 0x334
x10 <- 0x00000000B504F334
mem[X,0x0000000080040B28] -> 0x0593
mem[X,0x0000000080040B2A] -> 0x0040
[10680] [M]: 0x0000000080040B28 (0x00400593) addi a1, zero, 0x4
x11 <- 0x0000000000000004
mem[X,0x0000000080040B2C] -> 0x0113
mem[X,0x0000000080040B2E] -> 0x0000
[10681] [M]: 0x0000000080040B2C (0x00000113) addi sp, zero, 0x0
x2 <- 0x0000000000000000
mem[X,0x0000000080040B30] -> 0x006F
mem[X,0x0000000080040B32] -> 0x0180
[10682] [M]: 0x0000000080040B30 (0x0180006F) jal zero, 0x18
mem[X,0x0000000080040B48] -> 0x16E3
mem[X,0x0000000080040B4A] -> 0xFEB5
[10683] [M]: 0x0000000080040B48 (0xFEB516E3) bne a0, a1, -0x14
mem[X,0x0000000080040B34] -> 0x0113
mem[X,0x0000000080040B36] -> 0x0011
[10684] [M]: 0x0000000080040B34 (0x00110113) addi sp, sp, 0x1
x2 <- 0x0000000000000001
mem[X,0x0000000080040B38] -> 0x006F
mem[X,0x0000000080040B3A] -> 0x0240
[10685] [M]: 0x0000000080040B38 (0x0240006F) jal zero, 0x24
mem[X,0x0000000080040B5C] -> 0xBC23
mem[X,0x0000000080040B5E] -> 0x3820
[10686] [M]: 0x0000000080040B5C (0x3820BC23) sd sp, 0x398(ra)
mem[0x0000000080046570] <- 0x0000000000000001
mem[X,0x0000000080040B60] -> 0x0537
mem[X,0x0000000080040B62] -> 0x0000
[10687] [M]: 0x0000000080040B60 (0x00000537) lui a0, 0x0
x10 <- 0x0000000000000000
mem[X,0x0000000080040B64] -> 0x0513
mem[X,0x0000000080040B66] -> 0x0005
[10688] [M]: 0x0000000080040B64 (0x00050513) addi a0, a0, 0x0
x10 <- 0x0000000000000000
mem[X,0x0000000080040B68] -> 0x1513
mem[X,0x0000000080040B6A] -> 0x00B5
[10689] [M]: 0x0000000080040B68 (0x00B51513) slli a0, a0, 0xb
x10 <- 0x0000000000000000
mem[X,0x0000000080040B6C] -> 0x0513
mem[X,0x0000000080040B6E] -> 0x5A85
[10690] [M]: 0x0000000080040B6C (0x5A850513) addi a0, a0, 0x5a8
x10 <- 0x00000000000005A8
mem[X,0x0000000080040B70] -> 0x1513
mem[X,0x0000000080040B72] -> 0x00B5
[10691] [M]: 0x0000000080040B70 (0x00B51513) slli a0, a0, 0xb
x10 <- 0x00000000002D4000
mem[X,0x0000000080040B74] -> 0x0513
mem[X,0x0000000080040B76] -> 0x13C5
[10692] [M]: 0x0000000080040B74 (0x13C50513) addi a0, a0, 0x13c
x10 <- 0x00000000002D413C
mem[X,0x0000000080040B78] -> 0x1513
mem[X,0x0000000080040B7A] -> 0x00A5
[10693] [M]: 0x0000000080040B78 (0x00A51513) slli a0, a0, 0xa
x10 <- 0x00000000B504F000
mem[X,0x0000000080040B7C] -> 0x0513
mem[X,0x0000000080040B7E] -> 0x3345
[10694] [M]: 0x0000000080040B7C (0x33450513) addi a0, a0, 0x334
x10 <- 0x00000000B504F334
mem[X,0x0000000080040B80] -> 0x35B7
mem[X,0x0000000080040B82] -> 0x3333
[10695] [M]: 0x0000000080040B80 (0x333335B7) lui a1, 0x33333
x11 <- 0x0000000033333000
mem[X,0x0000000080040B84] -> 0x8593
mem[X,0x0000000080040B86] -> 0x3335
[10696] [M]: 0x0000000080040B84 (0x33358593) addi a1, a1, 0x333
x11 <- 0x0000000033333333
mem[X,0x0000000080040B88] -> 0x9593
mem[X,0x0000000080040B8A] -> 0x00B5
[10697] [M]: 0x0000000080040B88 (0x00B59593) slli a1, a1, 0xb
x11 <- 0x0000019999999800
mem[X,0x0000000080040B8C] -> 0x8593
mem[X,0x0000000080040B8E] -> 0x1995
[10698] [M]: 0x0000000080040B8C (0x19958593) addi a1, a1, 0x199
x11 <- 0x0000019999999999
mem[X,0x0000000080040B90] -> 0x9593
mem[X,0x0000000080040B92] -> 0x00B5
[10699] [M]: 0x0000000080040B90 (0x00B59593) slli a1, a1, 0xb
x11 <- 0x000CCCCCCCCCC800
clint::tick mtime <- 0x000000000000006B
 clint timer pending at mtime 0x000000000000006B
htif::tick 0x0000000000000000
mem[X,0x0000000080040B94] -> 0x8593
mem[X,0x0000000080040B96] -> 0x4CC5
[10700] [M]: 0x0000000080040B94 (0x4CC58593) addi a1, a1, 0x4cc
x11 <- 0x000CCCCCCCCCCCCC
mem[X,0x0000000080040B98] -> 0x9593
mem[X,0x0000000080040B9A] -> 0x00A5
[10701] [M]: 0x0000000080040B98 (0x00A59593) slli a1, a1, 0xa
x11 <- 0x3333333333333000
mem[X,0x0000000080040B9C] -> 0x8593
mem[X,0x0000000080040B9E] -> 0x3325
[10702] [M]: 0x0000000080040B9C (0x33258593) addi a1, a1, 0x332
x11 <- 0x3333333333333332
mem[X,0x0000000080040BA0] -> 0x0113
mem[X,0x0000000080040BA2] -> 0x0000
[10703] [M]: 0x0000000080040BA0 (0x00000113) addi sp, zero, 0x0
x2 <- 0x0000000000000000
mem[X,0x0000000080040BA4] -> 0x006F
mem[X,0x0000000080040BA6] -> 0x0180
[10704] [M]: 0x0000000080040BA4 (0x0180006F) jal zero, 0x18
mem[X,0x0000000080040BBC] -> 0x16E3
mem[X,0x0000000080040BBE] -> 0xFEB5
[10705] [M]: 0x0000000080040BBC (0xFEB516E3) bne a0, a1, -0x14
mem[X,0x0000000080040BA8] -> 0x0113
mem[X,0x0000000080040BAA] -> 0x0011
[10706] [M]: 0x0000000080040BA8 (0x00110113) addi sp, sp, 0x1
x2 <- 0x0000000000000001
mem[X,0x0000000080040BAC] -> 0x006F
mem[X,0x0000000080040BAE] -> 0x0240
[10707] [M]: 0x0000000080040BAC (0x0240006F) jal zero, 0x24
mem[X,0x0000000080040BD0] -> 0xB023
mem[X,0x0000000080040BD2] -> 0x3A20
[10708] [M]: 0x0000000080040BD0 (0x3A20B023) sd sp, 0x3a0(ra)
mem[0x0000000080046578] <- 0x0000000000000001
mem[X,0x0000000080040BD4] -> 0x0537
mem[X,0x0000000080040BD6] -> 0x0000
[10709] [M]: 0x0000000080040BD4 (0x00000537) lui a0, 0x0
x10 <- 0x0000000000000000
mem[X,0x0000000080040BD8] -> 0x0513
mem[X,0x0000000080040BDA] -> 0x0005
[10710] [M]: 0x0000000080040BD8 (0x00050513) addi a0, a0, 0x0
x10 <- 0x0000000000000000
mem[X,0x0000000080040BDC] -> 0x1513
mem[X,0x0000000080040BDE] -> 0x00B5
[10711] [M]: 0x0000000080040BDC (0x00B51513) slli a0, a0, 0xb
x10 <- 0x0000000000000000
mem[X,0x0000000080040BE0] -> 0x0513
mem[X,0x0000000080040BE2] -> 0x5A85
[10712] [M]: 0x0000000080040BE0 (0x5A850513) addi a0, a0, 0x5a8
x10 <- 0x00000000000005A8
mem[X,0x0000000080040BE4] -> 0x1513
mem[X,0x0000000080040BE6] -> 0x00B5
[10713] [M]: 0x0000000080040BE4 (0x00B51513) slli a0, a0, 0xb
x10 <- 0x00000000002D4000
mem[X,0x0000000080040BE8] -> 0x0513
mem[X,0x0000000080040BEA] -> 0x13C5
[10714] [M]: 0x0000000080040BE8 (0x13C50513) addi a0, a0, 0x13c
x10 <- 0x00000000002D413C
mem[X,0x0000000080040BEC] -> 0x1513
mem[X,0x0000000080040BEE] -> 0x00A5
[10715] [M]: 0x0000000080040BEC (0x00A51513) slli a0, a0, 0xa
x10 <- 0x00000000B504F000
mem[X,0x0000000080040BF0] -> 0x0513
mem[X,0x0000000080040BF2] -> 0x3345
[10716] [M]: 0x0000000080040BF0 (0x33450513) addi a0, a0, 0x334
x10 <- 0x00000000B504F334
mem[X,0x0000000080040BF4] -> 0x65B7
mem[X,0x0000000080040BF6] -> 0x6666
[10717] [M]: 0x0000000080040BF4 (0x666665B7) lui a1, 0x66666
x11 <- 0x0000000066666000
mem[X,0x0000000080040BF8] -> 0x8593
mem[X,0x0000000080040BFA] -> 0x6665
[10718] [M]: 0x0000000080040BF8 (0x66658593) addi a1, a1, 0x666
x11 <- 0x0000000066666666
mem[X,0x0000000080040BFC] -> 0x9593
mem[X,0x0000000080040BFE] -> 0x00B5
[10719] [M]: 0x0000000080040BFC (0x00B59593) slli a1, a1, 0xb
x11 <- 0x0000033333333000
mem[X,0x0000000080040C00] -> 0x8593
mem[X,0x0000000080040C02] -> 0x3335
[10720] [M]: 0x0000000080040C00 (0x33358593) addi a1, a1, 0x333
x11 <- 0x0000033333333333
mem[X,0x0000000080040C04] -> 0x9593
mem[X,0x0000000080040C06] -> 0x00B5
[10721] [M]: 0x0000000080040C04 (0x00B59593) slli a1, a1, 0xb
x11 <- 0x0019999999999800
mem[X,0x0000000080040C08] -> 0x8593
mem[X,0x0000000080040C0A] -> 0x1995
[10722] [M]: 0x0000000080040C08 (0x19958593) addi a1, a1, 0x199
x11 <- 0x0019999999999999
mem[X,0x0000000080040C0C] -> 0x9593
mem[X,0x0000000080040C0E] -> 0x00A5
[10723] [M]: 0x0000000080040C0C (0x00A59593) slli a1, a1, 0xa
x11 <- 0x6666666666666400
mem[X,0x0000000080040C10] -> 0x8593
mem[X,0x0000000080040C12] -> 0x2655
[10724] [M]: 0x0000000080040C10 (0x26558593) addi a1, a1, 0x265
x11 <- 0x6666666666666665
mem[X,0x0000000080040C14] -> 0x0113
mem[X,0x0000000080040C16] -> 0x0000
[10725] [M]: 0x0000000080040C14 (0x00000113) addi sp, zero, 0x0
x2 <- 0x0000000000000000
mem[X,0x0000000080040C18] -> 0x006F
mem[X,0x0000000080040C1A] -> 0x00C0
[10726] [M]: 0x0000000080040C18 (0x00C0006F) jal zero, 0xc
mem[X,0x0000000080040C24] -> 0x1663
mem[X,0x0000000080040C26] -> 0x00B5
[10727] [M]: 0x0000000080040C24 (0x00B51663) bne a0, a1, 0xc
mem[X,0x0000000080040C30] -> 0x0113
mem[X,0x0000000080040C32] -> 0x0031
[10728] [M]: 0x0000000080040C30 (0x00310113) addi sp, sp, 0x3
x2 <- 0x0000000000000003
mem[X,0x0000000080040C34] -> 0x006F
mem[X,0x0000000080040C36] -> 0x0040
[10729] [M]: 0x0000000080040C34 (0x0040006F) jal zero, 0x4
mem[X,0x0000000080040C38] -> 0xB423
mem[X,0x0000000080040C3A] -> 0x3A20
[10730] [M]: 0x0000000080040C38 (0x3A20B423) sd sp, 0x3a8(ra)
mem[0x0000000080046580] <- 0x0000000000000003
mem[X,0x0000000080040C3C] -> 0x0537
mem[X,0x0000000080040C3E] -> 0x0000
[10731] [M]: 0x0000000080040C3C (0x00000537) lui a0, 0x0
x10 <- 0x0000000000000000
mem[X,0x0000000080040C40] -> 0x0513
mem[X,0x0000000080040C42] -> 0x0005
[10732] [M]: 0x0000000080040C40 (0x00050513) addi a0, a0, 0x0
x10 <- 0x0000000000000000
mem[X,0x0000000080040C44] -> 0x1513
mem[X,0x0000000080040C46] -> 0x00B5
[10733] [M]: 0x0000000080040C44 (0x00B51513) slli a0, a0, 0xb
x10 <- 0x0000000000000000
mem[X,0x0000000080040C48] -> 0x0513
mem[X,0x0000000080040C4A] -> 0x5A85
[10734] [M]: 0x0000000080040C48 (0x5A850513) addi a0, a0, 0x5a8
x10 <- 0x00000000000005A8
mem[X,0x0000000080040C4C] -> 0x1513
mem[X,0x0000000080040C4E] -> 0x00B5
[10735] [M]: 0x0000000080040C4C (0x00B51513) slli a0, a0, 0xb
x10 <- 0x00000000002D4000
mem[X,0x0000000080040C50] -> 0x0513
mem[X,0x0000000080040C52] -> 0x13C5
[10736] [M]: 0x0000000080040C50 (0x13C50513) addi a0, a0, 0x13c
x10 <- 0x00000000002D413C
mem[X,0x0000000080040C54] -> 0x1513
mem[X,0x0000000080040C56] -> 0x00A5
[10737] [M]: 0x0000000080040C54 (0x00A51513) slli a0, a0, 0xa
x10 <- 0x00000000B504F000
mem[X,0x0000000080040C58] -> 0x0513
mem[X,0x0000000080040C5A] -> 0x3345
[10738] [M]: 0x0000000080040C58 (0x33450513) addi a0, a0, 0x334
x10 <- 0x00000000B504F334
mem[X,0x0000000080040C5C] -> 0x05B7
mem[X,0x0000000080040C5E] -> 0x0000
[10739] [M]: 0x0000000080040C5C (0x000005B7) lui a1, 0x0
x11 <- 0x0000000000000000
mem[X,0x0000000080040C60] -> 0x8593
mem[X,0x0000000080040C62] -> 0x0005
[10740] [M]: 0x0000000080040C60 (0x00058593) addi a1, a1, 0x0
x11 <- 0x0000000000000000
mem[X,0x0000000080040C64] -> 0x9593
mem[X,0x0000000080040C66] -> 0x00B5
[10741] [M]: 0x0000000080040C64 (0x00B59593) slli a1, a1, 0xb
x11 <- 0x0000000000000000
mem[X,0x0000000080040C68] -> 0x8593
mem[X,0x0000000080040C6A] -> 0x5A85
[10742] [M]: 0x0000000080040C68 (0x5A858593) addi a1, a1, 0x5a8
x11 <- 0x00000000000005A8
mem[X,0x0000000080040C6C] -> 0x9593
mem[X,0x0000000080040C6E] -> 0x00B5
[10743] [M]: 0x0000000080040C6C (0x00B59593) slli a1, a1, 0xb
x11 <- 0x00000000002D4000
mem[X,0x0000000080040C70] -> 0x8593
mem[X,0x0000000080040C72] -> 0x13C5
[10744] [M]: 0x0000000080040C70 (0x13C58593) addi a1, a1, 0x13c
x11 <- 0x00000000002D413C
mem[X,0x0000000080040C74] -> 0x9593
mem[X,0x0000000080040C76] -> 0x00A5
[10745] [M]: 0x0000000080040C74 (0x00A59593) slli a1, a1, 0xa
x11 <- 0x00000000B504F000
mem[X,0x0000000080040C78] -> 0x8593
mem[X,0x0000000080040C7A] -> 0x3325
[10746] [M]: 0x0000000080040C78 (0x33258593) addi a1, a1, 0x332
x11 <- 0x00000000B504F332
mem[X,0x0000000080040C7C] -> 0x0113
mem[X,0x0000000080040C7E] -> 0x0000
[10747] [M]: 0x0000000080040C7C (0x00000113) addi sp, zero, 0x0
x2 <- 0x0000000000000000
mem[X,0x0000000080040C80] -> 0x006F
mem[X,0x0000000080040C82] -> 0x00C0
[10748] [M]: 0x0000000080040C80 (0x00C0006F) jal zero, 0xc
mem[X,0x0000000080040C8C] -> 0x1863
mem[X,0x0000000080040C8E] -> 0x00B5
[10749] [M]: 0x0000000080040C8C (0x00B51863) bne a0, a1, 0x10
mem[X,0x0000000080040C9C] -> 0x0113
mem[X,0x0000000080040C9E] -> 0x0031
[10750] [M]: 0x0000000080040C9C (0x00310113) addi sp, sp, 0x3
x2 <- 0x0000000000000003
mem[X,0x0000000080040CA0] -> 0x006F
mem[X,0x0000000080040CA2] -> 0x0040
[10751] [M]: 0x0000000080040CA0 (0x0040006F) jal zero, 0x4
mem[X,0x0000000080040CA4] -> 0xB823
mem[X,0x0000000080040CA6] -> 0x3A20
[10752] [M]: 0x0000000080040CA4 (0x3A20B823) sd sp, 0x3b0(ra)
mem[0x0000000080046588] <- 0x0000000000000003
mem[X,0x0000000080040CA8] -> 0x0537
mem[X,0x0000000080040CAA] -> 0x0000
[10753] [M]: 0x0000000080040CA8 (0x00000537) lui a0, 0x0
x10 <- 0x0000000000000000
mem[X,0x0000000080040CAC] -> 0x0513
mem[X,0x0000000080040CAE] -> 0x0005
[10754] [M]: 0x0000000080040CAC (0x00050513) addi a0, a0, 0x0
x10 <- 0x0000000000000000
mem[X,0x0000000080040CB0] -> 0x1513
mem[X,0x0000000080040CB2] -> 0x00B5
[10755] [M]: 0x0000000080040CB0 (0x00B51513) slli a0, a0, 0xb
x10 <- 0x0000000000000000
mem[X,0x0000000080040CB4] -> 0x0513
mem[X,0x0000000080040CB6] -> 0x5A85
[10756] [M]: 0x0000000080040CB4 (0x5A850513) addi a0, a0, 0x5a8
x10 <- 0x00000000000005A8
mem[X,0x0000000080040CB8] -> 0x1513
mem[X,0x0000000080040CBA] -> 0x00B5
[10757] [M]: 0x0000000080040CB8 (0x00B51513) slli a0, a0, 0xb
x10 <- 0x00000000002D4000
mem[X,0x0000000080040CBC] -> 0x0513
mem[X,0x0000000080040CBE] -> 0x13C5
[10758] [M]: 0x0000000080040CBC (0x13C50513) addi a0, a0, 0x13c
x10 <- 0x00000000002D413C
mem[X,0x0000000080040CC0] -> 0x1513
mem[X,0x0000000080040CC2] -> 0x00A5
[10759] [M]: 0x0000000080040CC0 (0x00A51513) slli a0, a0, 0xa
x10 <- 0x00000000B504F000
mem[X,0x0000000080040CC4] -> 0x0513
mem[X,0x0000000080040CC6] -> 0x3345
[10760] [M]: 0x0000000080040CC4 (0x33450513) addi a0, a0, 0x334
x10 <- 0x00000000B504F334
mem[X,0x0000000080040CC8] -> 0x55B7
mem[X,0x0000000080040CCA] -> 0x5555
[10761] [M]: 0x0000000080040CC8 (0x555555B7) lui a1, 0x55555
x11 <- 0x0000000055555000
mem[X,0x0000000080040CCC] -> 0x8593
mem[X,0x0000000080040CCE] -> 0x5555
[10762] [M]: 0x0000000080040CCC (0x55558593) addi a1, a1, 0x555
x11 <- 0x0000000055555555
mem[X,0x0000000080040CD0] -> 0x9593
mem[X,0x0000000080040CD2] -> 0x00B5
[10763] [M]: 0x0000000080040CD0 (0x00B59593) slli a1, a1, 0xb
x11 <- 0x000002AAAAAAA800
mem[X,0x0000000080040CD4] -> 0x8593
mem[X,0x0000000080040CD6] -> 0x2AA5
[10764] [M]: 0x0000000080040CD4 (0x2AA58593) addi a1, a1, 0x2aa
x11 <- 0x000002AAAAAAAAAA
mem[X,0x0000000080040CD8] -> 0x9593
mem[X,0x0000000080040CDA] -> 0x00B5
[10765] [M]: 0x0000000080040CD8 (0x00B59593) slli a1, a1, 0xb
x11 <- 0x0015555555555000
mem[X,0x0000000080040CDC] -> 0x8593
mem[X,0x0000000080040CDE] -> 0x5555
[10766] [M]: 0x0000000080040CDC (0x55558593) addi a1, a1, 0x555
x11 <- 0x0015555555555555
mem[X,0x0000000080040CE0] -> 0x9593
mem[X,0x0000000080040CE2] -> 0x00A5
[10767] [M]: 0x0000000080040CE0 (0x00A59593) slli a1, a1, 0xa
x11 <- 0x5555555555555400
mem[X,0x0000000080040CE4] -> 0x8593
mem[X,0x0000000080040CE6] -> 0x1565
[10768] [M]: 0x0000000080040CE4 (0x15658593) addi a1, a1, 0x156
x11 <- 0x5555555555555556
mem[X,0x0000000080040CE8] -> 0x0113
mem[X,0x0000000080040CEA] -> 0x0000
[10769] [M]: 0x0000000080040CE8 (0x00000113) addi sp, zero, 0x0
x2 <- 0x0000000000000000
mem[X,0x0000000080040CEC] -> 0x006F
mem[X,0x0000000080040CEE] -> 0x0180
[10770] [M]: 0x0000000080040CEC (0x0180006F) jal zero, 0x18
mem[X,0x0000000080040D04] -> 0x16E3
mem[X,0x0000000080040D06] -> 0xFEB5
[10771] [M]: 0x0000000080040D04 (0xFEB516E3) bne a0, a1, -0x14
mem[X,0x0000000080040CF0] -> 0x0113
mem[X,0x0000000080040CF2] -> 0x0011
[10772] [M]: 0x0000000080040CF0 (0x00110113) addi sp, sp, 0x1
x2 <- 0x0000000000000001
mem[X,0x0000000080040CF4] -> 0x006F
mem[X,0x0000000080040CF6] -> 0x0240
[10773] [M]: 0x0000000080040CF4 (0x0240006F) jal zero, 0x24
mem[X,0x0000000080040D18] -> 0xBC23
mem[X,0x0000000080040D1A] -> 0x3A20
[10774] [M]: 0x0000000080040D18 (0x3A20BC23) sd sp, 0x3b8(ra)
mem[0x0000000080046590] <- 0x0000000000000001
mem[X,0x0000000080040D1C] -> 0x0537
mem[X,0x0000000080040D1E] -> 0x0000
[10775] [M]: 0x0000000080040D1C (0x00000537) lui a0, 0x0
x10 <- 0x0000000000000000
mem[X,0x0000000080040D20] -> 0x0513
mem[X,0x0000000080040D22] -> 0x0005
[10776] [M]: 0x0000000080040D20 (0x00050513) addi a0, a0, 0x0
x10 <- 0x0000000000000000
mem[X,0x0000000080040D24] -> 0x1513
mem[X,0x0000000080040D26] -> 0x00B5
[10777] [M]: 0x0000000080040D24 (0x00B51513) slli a0, a0, 0xb
x10 <- 0x0000000000000000
mem[X,0x0000000080040D28] -> 0x0513
mem[X,0x0000000080040D2A] -> 0x5A85
[10778] [M]: 0x0000000080040D28 (0x5A850513) addi a0, a0, 0x5a8
x10 <- 0x00000000000005A8
mem[X,0x0000000080040D2C] -> 0x1513
mem[X,0x0000000080040D2E] -> 0x00B5
[10779] [M]: 0x0000000080040D2C (0x00B51513) slli a0, a0, 0xb
x10 <- 0x00000000002D4000
mem[X,0x0000000080040D30] -> 0x0513
mem[X,0x0000000080040D32] -> 0x13C5
[10780] [M]: 0x0000000080040D30 (0x13C50513) addi a0, a0, 0x13c
x10 <- 0x00000000002D413C
mem[X,0x0000000080040D34] -> 0x1513
mem[X,0x0000000080040D36] -> 0x00A5
[10781] [M]: 0x0000000080040D34 (0x00A51513) slli a0, a0, 0xa
x10 <- 0x00000000B504F000
mem[X,0x0000000080040D38] -> 0x0513
mem[X,0x0000000080040D3A] -> 0x3345
[10782] [M]: 0x0000000080040D38 (0x33450513) addi a0, a0, 0x334
x10 <- 0x00000000B504F334
mem[X,0x0000000080040D3C] -> 0xB5B7
mem[X,0x0000000080040D3E] -> 0xAAAA
[10783] [M]: 0x0000000080040D3C (0xAAAAB5B7) lui a1, -0x55555
x11 <- 0xFFFFFFFFAAAAB000
mem[X,0x0000000080040D40] -> 0x8593
mem[X,0x0000000080040D42] -> 0xAAA5
[10784] [M]: 0x0000000080040D40 (0xAAA58593) addi a1, a1, -0x556
x11 <- 0xFFFFFFFFAAAAAAAA
mem[X,0x0000000080040D44] -> 0x9593
mem[X,0x0000000080040D46] -> 0x00B5
[10785] [M]: 0x0000000080040D44 (0x00B59593) slli a1, a1, 0xb
x11 <- 0xFFFFFD5555555000
mem[X,0x0000000080040D48] -> 0x8593
mem[X,0x0000000080040D4A] -> 0x5555
[10786] [M]: 0x0000000080040D48 (0x55558593) addi a1, a1, 0x555
x11 <- 0xFFFFFD5555555555
mem[X,0x0000000080040D4C] -> 0x9593
mem[X,0x0000000080040D4E] -> 0x00B5
[10787] [M]: 0x0000000080040D4C (0x00B59593) slli a1, a1, 0xb
x11 <- 0xFFEAAAAAAAAAA800
mem[X,0x0000000080040D50] -> 0x8593
mem[X,0x0000000080040D52] -> 0x2AA5
[10788] [M]: 0x0000000080040D50 (0x2AA58593) addi a1, a1, 0x2aa
x11 <- 0xFFEAAAAAAAAAAAAA
mem[X,0x0000000080040D54] -> 0x9593
mem[X,0x0000000080040D56] -> 0x00A5
[10789] [M]: 0x0000000080040D54 (0x00A59593) slli a1, a1, 0xa
x11 <- 0xAAAAAAAAAAAAA800
mem[X,0x0000000080040D58] -> 0x8593
mem[X,0x0000000080040D5A] -> 0x2AB5
[10790] [M]: 0x0000000080040D58 (0x2AB58593) addi a1, a1, 0x2ab
x11 <- 0xAAAAAAAAAAAAAAAB
mem[X,0x0000000080040D5C] -> 0x0113
mem[X,0x0000000080040D5E] -> 0x0000
[10791] [M]: 0x0000000080040D5C (0x00000113) addi sp, zero, 0x0
x2 <- 0x0000000000000000
mem[X,0x0000000080040D60] -> 0x006F
mem[X,0x0000000080040D62] -> 0x00C0
[10792] [M]: 0x0000000080040D60 (0x00C0006F) jal zero, 0xc
mem[X,0x0000000080040D6C] -> 0x1CE3
mem[X,0x0000000080040D6E] -> 0xFEB5
[10793] [M]: 0x0000000080040D6C (0xFEB51CE3) bne a0, a1, -0x8
mem[X,0x0000000080040D64] -> 0x0113
mem[X,0x0000000080040D66] -> 0x0011
[10794] [M]: 0x0000000080040D64 (0x00110113) addi sp, sp, 0x1
x2 <- 0x0000000000000001
mem[X,0x0000000080040D68] -> 0x006F
mem[X,0x0000000080040D6A] -> 0x0180
[10795] [M]: 0x0000000080040D68 (0x0180006F) jal zero, 0x18
mem[X,0x0000000080040D80] -> 0xB023
mem[X,0x0000000080040D82] -> 0x3C20
[10796] [M]: 0x0000000080040D80 (0x3C20B023) sd sp, 0x3c0(ra)
mem[0x0000000080046598] <- 0x0000000000000001
mem[X,0x0000000080040D84] -> 0x0537
mem[X,0x0000000080040D86] -> 0x0000
[10797] [M]: 0x0000000080040D84 (0x00000537) lui a0, 0x0
x10 <- 0x0000000000000000
mem[X,0x0000000080040D88] -> 0x0513
mem[X,0x0000000080040D8A] -> 0x0005
[10798] [M]: 0x0000000080040D88 (0x00050513) addi a0, a0, 0x0
x10 <- 0x0000000000000000
mem[X,0x0000000080040D8C] -> 0x1513
mem[X,0x0000000080040D8E] -> 0x00B5
[10799] [M]: 0x0000000080040D8C (0x00B51513) slli a0, a0, 0xb
x10 <- 0x0000000000000000
clint::tick mtime <- 0x000000000000006C
 clint timer pending at mtime 0x000000000000006C
htif::tick 0x0000000000000000
mem[X,0x0000000080040D90] -> 0x0513
mem[X,0x0000000080040D92] -> 0x5A85
[10800] [M]: 0x0000000080040D90 (0x5A850513) addi a0, a0, 0x5a8
x10 <- 0x00000000000005A8
mem[X,0x0000000080040D94] -> 0x1513
mem[X,0x0000000080040D96] -> 0x00B5
[10801] [M]: 0x0000000080040D94 (0x00B51513) slli a0, a0, 0xb
x10 <- 0x00000000002D4000
mem[X,0x0000000080040D98] -> 0x0513
mem[X,0x0000000080040D9A] -> 0x13C5
[10802] [M]: 0x0000000080040D98 (0x13C50513) addi a0, a0, 0x13c
x10 <- 0x00000000002D413C
mem[X,0x0000000080040D9C] -> 0x1513
mem[X,0x0000000080040D9E] -> 0x00A5
[10803] [M]: 0x0000000080040D9C (0x00A51513) slli a0, a0, 0xa
x10 <- 0x00000000B504F000
mem[X,0x0000000080040DA0] -> 0x0513
mem[X,0x0000000080040DA2] -> 0x3345
[10804] [M]: 0x0000000080040DA0 (0x33450513) addi a0, a0, 0x334
x10 <- 0x00000000B504F334
mem[X,0x0000000080040DA4] -> 0x0593
mem[X,0x0000000080040DA6] -> 0x0060
[10805] [M]: 0x0000000080040DA4 (0x00600593) addi a1, zero, 0x6
x11 <- 0x0000000000000006
mem[X,0x0000000080040DA8] -> 0x0113
mem[X,0x0000000080040DAA] -> 0x0000
[10806] [M]: 0x0000000080040DA8 (0x00000113) addi sp, zero, 0x0
x2 <- 0x0000000000000000
mem[X,0x0000000080040DAC] -> 0x006F
mem[X,0x0000000080040DAE] -> 0x00C0
[10807] [M]: 0x0000000080040DAC (0x00C0006F) jal zero, 0xc
mem[X,0x0000000080040DB8] -> 0x1063
mem[X,0x0000000080040DBA] -> 0x10B5
[10808] [M]: 0x0000000080040DB8 (0x10B51063) bne a0, a1, 0x100
mem[X,0x0000000080040EB8] -> 0x0113
mem[X,0x0000000080040EBA] -> 0x0031
[10809] [M]: 0x0000000080040EB8 (0x00310113) addi sp, sp, 0x3
x2 <- 0x0000000000000003
mem[X,0x0000000080040EBC] -> 0x006F
mem[X,0x0000000080040EBE] -> 0x0040
[10810] [M]: 0x0000000080040EBC (0x0040006F) jal zero, 0x4
mem[X,0x0000000080040EC0] -> 0xB423
mem[X,0x0000000080040EC2] -> 0x3C20
[10811] [M]: 0x0000000080040EC0 (0x3C20B423) sd sp, 0x3c8(ra)
mem[0x00000000800465A0] <- 0x0000000000000003
mem[X,0x0000000080040EC4] -> 0x0537
mem[X,0x0000000080040EC6] -> 0x0000
[10812] [M]: 0x0000000080040EC4 (0x00000537) lui a0, 0x0
x10 <- 0x0000000000000000
mem[X,0x0000000080040EC8] -> 0x0513
mem[X,0x0000000080040ECA] -> 0x0005
[10813] [M]: 0x0000000080040EC8 (0x00050513) addi a0, a0, 0x0
x10 <- 0x0000000000000000
mem[X,0x0000000080040ECC] -> 0x1513
mem[X,0x0000000080040ECE] -> 0x00B5
[10814] [M]: 0x0000000080040ECC (0x00B51513) slli a0, a0, 0xb
x10 <- 0x0000000000000000
mem[X,0x0000000080040ED0] -> 0x0513
mem[X,0x0000000080040ED2] -> 0x5A85
[10815] [M]: 0x0000000080040ED0 (0x5A850513) addi a0, a0, 0x5a8
x10 <- 0x00000000000005A8
mem[X,0x0000000080040ED4] -> 0x1513
mem[X,0x0000000080040ED6] -> 0x00B5
[10816] [M]: 0x0000000080040ED4 (0x00B51513) slli a0, a0, 0xb
x10 <- 0x00000000002D4000
mem[X,0x0000000080040ED8] -> 0x0513
mem[X,0x0000000080040EDA] -> 0x13C5
[10817] [M]: 0x0000000080040ED8 (0x13C50513) addi a0, a0, 0x13c
x10 <- 0x00000000002D413C
mem[X,0x0000000080040EDC] -> 0x1513
mem[X,0x0000000080040EDE] -> 0x00A5
[10818] [M]: 0x0000000080040EDC (0x00A51513) slli a0, a0, 0xa
x10 <- 0x00000000B504F000
mem[X,0x0000000080040EE0] -> 0x0513
mem[X,0x0000000080040EE2] -> 0x3345
[10819] [M]: 0x0000000080040EE0 (0x33450513) addi a0, a0, 0x334
x10 <- 0x00000000B504F334
mem[X,0x0000000080040EE4] -> 0x35B7
mem[X,0x0000000080040EE6] -> 0x3333
[10820] [M]: 0x0000000080040EE4 (0x333335B7) lui a1, 0x33333
x11 <- 0x0000000033333000
mem[X,0x0000000080040EE8] -> 0x8593
mem[X,0x0000000080040EEA] -> 0x3335
[10821] [M]: 0x0000000080040EE8 (0x33358593) addi a1, a1, 0x333
x11 <- 0x0000000033333333
mem[X,0x0000000080040EEC] -> 0x9593
mem[X,0x0000000080040EEE] -> 0x00B5
[10822] [M]: 0x0000000080040EEC (0x00B59593) slli a1, a1, 0xb
x11 <- 0x0000019999999800
mem[X,0x0000000080040EF0] -> 0x8593
mem[X,0x0000000080040EF2] -> 0x1995
[10823] [M]: 0x0000000080040EF0 (0x19958593) addi a1, a1, 0x199
x11 <- 0x0000019999999999
mem[X,0x0000000080040EF4] -> 0x9593
mem[X,0x0000000080040EF6] -> 0x00B5
[10824] [M]: 0x0000000080040EF4 (0x00B59593) slli a1, a1, 0xb
x11 <- 0x000CCCCCCCCCC800
mem[X,0x0000000080040EF8] -> 0x8593
mem[X,0x0000000080040EFA] -> 0x4CC5
[10825] [M]: 0x0000000080040EF8 (0x4CC58593) addi a1, a1, 0x4cc
x11 <- 0x000CCCCCCCCCCCCC
mem[X,0x0000000080040EFC] -> 0x9593
mem[X,0x0000000080040EFE] -> 0x00A5
[10826] [M]: 0x0000000080040EFC (0x00A59593) slli a1, a1, 0xa
x11 <- 0x3333333333333000
mem[X,0x0000000080040F00] -> 0x8593
mem[X,0x0000000080040F02] -> 0x3345
[10827] [M]: 0x0000000080040F00 (0x33458593) addi a1, a1, 0x334
x11 <- 0x3333333333333334
mem[X,0x0000000080040F04] -> 0x0113
mem[X,0x0000000080040F06] -> 0x0000
[10828] [M]: 0x0000000080040F04 (0x00000113) addi sp, zero, 0x0
x2 <- 0x0000000000000000
mem[X,0x0000000080040F08] -> 0x006F
mem[X,0x0000000080040F0A] -> 0x00C0
[10829] [M]: 0x0000000080040F08 (0x00C0006F) jal zero, 0xc
mem[X,0x0000000080040F14] -> 0x1063
mem[X,0x0000000080040F16] -> 0x40B5
[10830] [M]: 0x0000000080040F14 (0x40B51063) bne a0, a1, 0x400
mem[X,0x0000000080041314] -> 0x0113
mem[X,0x0000000080041316] -> 0x0031
[10831] [M]: 0x0000000080041314 (0x00310113) addi sp, sp, 0x3
x2 <- 0x0000000000000003
mem[X,0x0000000080041318] -> 0x006F
mem[X,0x000000008004131A] -> 0x0040
[10832] [M]: 0x0000000080041318 (0x0040006F) jal zero, 0x4
mem[X,0x000000008004131C] -> 0xB823
mem[X,0x000000008004131E] -> 0x3C20
[10833] [M]: 0x000000008004131C (0x3C20B823) sd sp, 0x3d0(ra)
mem[0x00000000800465A8] <- 0x0000000000000003
mem[X,0x0000000080041320] -> 0x0537
mem[X,0x0000000080041322] -> 0x0000
[10834] [M]: 0x0000000080041320 (0x00000537) lui a0, 0x0
x10 <- 0x0000000000000000
mem[X,0x0000000080041324] -> 0x0513
mem[X,0x0000000080041326] -> 0x0005
[10835] [M]: 0x0000000080041324 (0x00050513) addi a0, a0, 0x0
x10 <- 0x0000000000000000
mem[X,0x0000000080041328] -> 0x1513
mem[X,0x000000008004132A] -> 0x00B5
[10836] [M]: 0x0000000080041328 (0x00B51513) slli a0, a0, 0xb
x10 <- 0x0000000000000000
mem[X,0x000000008004132C] -> 0x0513
mem[X,0x000000008004132E] -> 0x5A85
[10837] [M]: 0x000000008004132C (0x5A850513) addi a0, a0, 0x5a8
x10 <- 0x00000000000005A8
mem[X,0x0000000080041330] -> 0x1513
mem[X,0x0000000080041332] -> 0x00B5
[10838] [M]: 0x0000000080041330 (0x00B51513) slli a0, a0, 0xb
x10 <- 0x00000000002D4000
mem[X,0x0000000080041334] -> 0x0513
mem[X,0x0000000080041336] -> 0x13C5
[10839] [M]: 0x0000000080041334 (0x13C50513) addi a0, a0, 0x13c
x10 <- 0x00000000002D413C
mem[X,0x0000000080041338] -> 0x1513
mem[X,0x000000008004133A] -> 0x00A5
[10840] [M]: 0x0000000080041338 (0x00A51513) slli a0, a0, 0xa
x10 <- 0x00000000B504F000
mem[X,0x000000008004133C] -> 0x0513
mem[X,0x000000008004133E] -> 0x3345
[10841] [M]: 0x000000008004133C (0x33450513) addi a0, a0, 0x334
x10 <- 0x00000000B504F334
mem[X,0x0000000080041340] -> 0x65B7
mem[X,0x0000000080041342] -> 0x6666
[10842] [M]: 0x0000000080041340 (0x666665B7) lui a1, 0x66666
x11 <- 0x0000000066666000
mem[X,0x0000000080041344] -> 0x8593
mem[X,0x0000000080041346] -> 0x6665
[10843] [M]: 0x0000000080041344 (0x66658593) addi a1, a1, 0x666
x11 <- 0x0000000066666666
mem[X,0x0000000080041348] -> 0x9593
mem[X,0x000000008004134A] -> 0x00B5
[10844] [M]: 0x0000000080041348 (0x00B59593) slli a1, a1, 0xb
x11 <- 0x0000033333333000
mem[X,0x000000008004134C] -> 0x8593
mem[X,0x000000008004134E] -> 0x3335
[10845] [M]: 0x000000008004134C (0x33358593) addi a1, a1, 0x333
x11 <- 0x0000033333333333
mem[X,0x0000000080041350] -> 0x9593
mem[X,0x0000000080041352] -> 0x00B5
[10846] [M]: 0x0000000080041350 (0x00B59593) slli a1, a1, 0xb
x11 <- 0x0019999999999800
mem[X,0x0000000080041354] -> 0x8593
mem[X,0x0000000080041356] -> 0x1995
[10847] [M]: 0x0000000080041354 (0x19958593) addi a1, a1, 0x199
x11 <- 0x0019999999999999
mem[X,0x0000000080041358] -> 0x9593
mem[X,0x000000008004135A] -> 0x00A5
[10848] [M]: 0x0000000080041358 (0x00A59593) slli a1, a1, 0xa
x11 <- 0x6666666666666400
mem[X,0x000000008004135C] -> 0x8593
mem[X,0x000000008004135E] -> 0x2675
[10849] [M]: 0x000000008004135C (0x26758593) addi a1, a1, 0x267
x11 <- 0x6666666666666667
mem[X,0x0000000080041360] -> 0x0113
mem[X,0x0000000080041362] -> 0x0000
[10850] [M]: 0x0000000080041360 (0x00000113) addi sp, zero, 0x0
x2 <- 0x0000000000000000
mem[X,0x0000000080041364] -> 0x006F
mem[X,0x0000000080041366] -> 0x00C0
[10851] [M]: 0x0000000080041364 (0x00C0006F) jal zero, 0xc
mem[X,0x0000000080041370] -> 0x1063
mem[X,0x0000000080041372] -> 0x10B5
[10852] [M]: 0x0000000080041370 (0x10B51063) bne a0, a1, 0x100
mem[X,0x0000000080041470] -> 0x0113
mem[X,0x0000000080041472] -> 0x0031
[10853] [M]: 0x0000000080041470 (0x00310113) addi sp, sp, 0x3
x2 <- 0x0000000000000003
mem[X,0x0000000080041474] -> 0x006F
mem[X,0x0000000080041476] -> 0x0040
[10854] [M]: 0x0000000080041474 (0x0040006F) jal zero, 0x4
mem[X,0x0000000080041478] -> 0xBC23
mem[X,0x000000008004147A] -> 0x3C20
[10855] [M]: 0x0000000080041478 (0x3C20BC23) sd sp, 0x3d8(ra)
mem[0x00000000800465B0] <- 0x0000000000000003
mem[X,0x000000008004147C] -> 0x0537
mem[X,0x000000008004147E] -> 0x0000
[10856] [M]: 0x000000008004147C (0x00000537) lui a0, 0x0
x10 <- 0x0000000000000000
mem[X,0x0000000080041480] -> 0x0513
mem[X,0x0000000080041482] -> 0x0005
[10857] [M]: 0x0000000080041480 (0x00050513) addi a0, a0, 0x0
x10 <- 0x0000000000000000
mem[X,0x0000000080041484] -> 0x1513
mem[X,0x0000000080041486] -> 0x00B5
[10858] [M]: 0x0000000080041484 (0x00B51513) slli a0, a0, 0xb
x10 <- 0x0000000000000000
mem[X,0x0000000080041488] -> 0x0513
mem[X,0x000000008004148A] -> 0x5A85
[10859] [M]: 0x0000000080041488 (0x5A850513) addi a0, a0, 0x5a8
x10 <- 0x00000000000005A8
mem[X,0x000000008004148C] -> 0x1513
mem[X,0x000000008004148E] -> 0x00B5
[10860] [M]: 0x000000008004148C (0x00B51513) slli a0, a0, 0xb
x10 <- 0x00000000002D4000
mem[X,0x0000000080041490] -> 0x0513
mem[X,0x0000000080041492] -> 0x13C5
[10861] [M]: 0x0000000080041490 (0x13C50513) addi a0, a0, 0x13c
x10 <- 0x00000000002D413C
mem[X,0x0000000080041494] -> 0x1513
mem[X,0x0000000080041496] -> 0x00A5
[10862] [M]: 0x0000000080041494 (0x00A51513) slli a0, a0, 0xa
x10 <- 0x00000000B504F000
mem[X,0x0000000080041498] -> 0x0513
mem[X,0x000000008004149A] -> 0x3345
[10863] [M]: 0x0000000080041498 (0x33450513) addi a0, a0, 0x334
x10 <- 0x00000000B504F334
mem[X,0x000000008004149C] -> 0x05B7
mem[X,0x000000008004149E] -> 0x0000
[10864] [M]: 0x000000008004149C (0x000005B7) lui a1, 0x0
x11 <- 0x0000000000000000
mem[X,0x00000000800414A0] -> 0x8593
mem[X,0x00000000800414A2] -> 0xFFF5
[10865] [M]: 0x00000000800414A0 (0xFFF58593) addi a1, a1, -0x1
x11 <- 0xFFFFFFFFFFFFFFFF
mem[X,0x00000000800414A4] -> 0x9593
mem[X,0x00000000800414A6] -> 0x00B5
[10866] [M]: 0x00000000800414A4 (0x00B59593) slli a1, a1, 0xb
x11 <- 0xFFFFFFFFFFFFF800
mem[X,0x00000000800414A8] -> 0x8593
mem[X,0x00000000800414AA] -> 0x2575
[10867] [M]: 0x00000000800414A8 (0x25758593) addi a1, a1, 0x257
x11 <- 0xFFFFFFFFFFFFFA57
mem[X,0x00000000800414AC] -> 0x9593
mem[X,0x00000000800414AE] -> 0x00B5
[10868] [M]: 0x00000000800414AC (0x00B59593) slli a1, a1, 0xb
x11 <- 0xFFFFFFFFFFD2B800
mem[X,0x00000000800414B0] -> 0x8593
mem[X,0x00000000800414B2] -> 0x6C35
[10869] [M]: 0x00000000800414B0 (0x6C358593) addi a1, a1, 0x6c3
x11 <- 0xFFFFFFFFFFD2BEC3
mem[X,0x00000000800414B4] -> 0x9593
mem[X,0x00000000800414B6] -> 0x00A5
[10870] [M]: 0x00000000800414B4 (0x00A59593) slli a1, a1, 0xa
x11 <- 0xFFFFFFFF4AFB0C00
mem[X,0x00000000800414B8] -> 0x8593
mem[X,0x00000000800414BA] -> 0x0CE5
[10871] [M]: 0x00000000800414B8 (0x0CE58593) addi a1, a1, 0xce
x11 <- 0xFFFFFFFF4AFB0CCE
mem[X,0x00000000800414BC] -> 0x0113
mem[X,0x00000000800414BE] -> 0x0000
[10872] [M]: 0x00000000800414BC (0x00000113) addi sp, zero, 0x0
x2 <- 0x0000000000000000
mem[X,0x00000000800414C0] -> 0x006F
mem[X,0x00000000800414C2] -> 0x00C0
[10873] [M]: 0x00000000800414C0 (0x00C0006F) jal zero, 0xc
mem[X,0x00000000800414CC] -> 0x1063
mem[X,0x00000000800414CE] -> 0x10B5
[10874] [M]: 0x00000000800414CC (0x10B51063) bne a0, a1, 0x100
mem[X,0x00000000800415CC] -> 0x0113
mem[X,0x00000000800415CE] -> 0x0031
[10875] [M]: 0x00000000800415CC (0x00310113) addi sp, sp, 0x3
x2 <- 0x0000000000000003
mem[X,0x00000000800415D0] -> 0x006F
mem[X,0x00000000800415D2] -> 0x0040
[10876] [M]: 0x00000000800415D0 (0x0040006F) jal zero, 0x4
mem[X,0x00000000800415D4] -> 0xB023
mem[X,0x00000000800415D6] -> 0x3E20
[10877] [M]: 0x00000000800415D4 (0x3E20B023) sd sp, 0x3e0(ra)
mem[0x00000000800465B8] <- 0x0000000000000003
mem[X,0x00000000800415D8] -> 0x0537
mem[X,0x00000000800415DA] -> 0x0000
[10878] [M]: 0x00000000800415D8 (0x00000537) lui a0, 0x0
x10 <- 0x0000000000000000
mem[X,0x00000000800415DC] -> 0x0513
mem[X,0x00000000800415DE] -> 0x0005
[10879] [M]: 0x00000000800415DC (0x00050513) addi a0, a0, 0x0
x10 <- 0x0000000000000000
mem[X,0x00000000800415E0] -> 0x1513
mem[X,0x00000000800415E2] -> 0x00B5
[10880] [M]: 0x00000000800415E0 (0x00B51513) slli a0, a0, 0xb
x10 <- 0x0000000000000000
mem[X,0x00000000800415E4] -> 0x0513
mem[X,0x00000000800415E6] -> 0x5A85
[10881] [M]: 0x00000000800415E4 (0x5A850513) addi a0, a0, 0x5a8
x10 <- 0x00000000000005A8
mem[X,0x00000000800415E8] -> 0x1513
mem[X,0x00000000800415EA] -> 0x00B5
[10882] [M]: 0x00000000800415E8 (0x00B51513) slli a0, a0, 0xb
x10 <- 0x00000000002D4000
mem[X,0x00000000800415EC] -> 0x0513
mem[X,0x00000000800415EE] -> 0x13C5
[10883] [M]: 0x00000000800415EC (0x13C50513) addi a0, a0, 0x13c
x10 <- 0x00000000002D413C
mem[X,0x00000000800415F0] -> 0x1513
mem[X,0x00000000800415F2] -> 0x00A5
[10884] [M]: 0x00000000800415F0 (0x00A51513) slli a0, a0, 0xa
x10 <- 0x00000000B504F000
mem[X,0x00000000800415F4] -> 0x0513
mem[X,0x00000000800415F6] -> 0x3345
[10885] [M]: 0x00000000800415F4 (0x33450513) addi a0, a0, 0x334
x10 <- 0x00000000B504F334
mem[X,0x00000000800415F8] -> 0x05B7
mem[X,0x00000000800415FA] -> 0x0000
[10886] [M]: 0x00000000800415F8 (0x000005B7) lui a1, 0x0
x11 <- 0x0000000000000000
mem[X,0x00000000800415FC] -> 0x8593
mem[X,0x00000000800415FE] -> 0x0005
[10887] [M]: 0x00000000800415FC (0x00058593) addi a1, a1, 0x0
x11 <- 0x0000000000000000
mem[X,0x0000000080041600] -> 0x9593
mem[X,0x0000000080041602] -> 0x00B5
[10888] [M]: 0x0000000080041600 (0x00B59593) slli a1, a1, 0xb
x11 <- 0x0000000000000000
mem[X,0x0000000080041604] -> 0x8593
mem[X,0x0000000080041606] -> 0x5A85
[10889] [M]: 0x0000000080041604 (0x5A858593) addi a1, a1, 0x5a8
x11 <- 0x00000000000005A8
mem[X,0x0000000080041608] -> 0x9593
mem[X,0x000000008004160A] -> 0x00B5
[10890] [M]: 0x0000000080041608 (0x00B59593) slli a1, a1, 0xb
x11 <- 0x00000000002D4000
mem[X,0x000000008004160C] -> 0x8593
mem[X,0x000000008004160E] -> 0x13C5
[10891] [M]: 0x000000008004160C (0x13C58593) addi a1, a1, 0x13c
x11 <- 0x00000000002D413C
mem[X,0x0000000080041610] -> 0x9593
mem[X,0x0000000080041612] -> 0x00A5
[10892] [M]: 0x0000000080041610 (0x00A59593) slli a1, a1, 0xa
x11 <- 0x00000000B504F000
mem[X,0x0000000080041614] -> 0x8593
mem[X,0x0000000080041616] -> 0x3345
[10893] [M]: 0x0000000080041614 (0x33458593) addi a1, a1, 0x334
x11 <- 0x00000000B504F334
mem[X,0x0000000080041618] -> 0x0113
mem[X,0x000000008004161A] -> 0x0000
[10894] [M]: 0x0000000080041618 (0x00000113) addi sp, zero, 0x0
x2 <- 0x0000000000000000
mem[X,0x000000008004161C] -> 0x006F
mem[X,0x000000008004161E] -> 0x00C0
[10895] [M]: 0x000000008004161C (0x00C0006F) jal zero, 0xc
mem[X,0x0000000080041628] -> 0x1063
mem[X,0x000000008004162A] -> 0x10B5
[10896] [M]: 0x0000000080041628 (0x10B51063) bne a0, a1, 0x100
mem[X,0x000000008004162C] -> 0x0113
mem[X,0x000000008004162E] -> 0x0021
[10897] [M]: 0x000000008004162C (0x00210113) addi sp, sp, 0x2
x2 <- 0x0000000000000002
mem[X,0x0000000080041630] -> 0x006F
mem[X,0x0000000080041632] -> 0x1000
[10898] [M]: 0x0000000080041630 (0x1000006F) jal zero, 0x100
mem[X,0x0000000080041730] -> 0xB423
mem[X,0x0000000080041732] -> 0x3E20
[10899] [M]: 0x0000000080041730 (0x3E20B423) sd sp, 0x3e8(ra)
mem[0x00000000800465C0] <- 0x0000000000000002
clint::tick mtime <- 0x000000000000006D
 clint timer pending at mtime 0x000000000000006D
htif::tick 0x0000000000000000
mem[X,0x0000000080041734] -> 0x0513
mem[X,0x0000000080041736] -> 0x0000
[10900] [M]: 0x0000000080041734 (0x00000513) addi a0, zero, 0x0
x10 <- 0x0000000000000000
mem[X,0x0000000080041738] -> 0x05B7
mem[X,0x000000008004173A] -> 0x0000
[10901] [M]: 0x0000000080041738 (0x000005B7) lui a1, 0x0
x11 <- 0x0000000000000000
mem[X,0x000000008004173C] -> 0x8593
mem[X,0x000000008004173E] -> 0x0005
[10902] [M]: 0x000000008004173C (0x00058593) addi a1, a1, 0x0
x11 <- 0x0000000000000000
mem[X,0x0000000080041740] -> 0x9593
mem[X,0x0000000080041742] -> 0x00B5
[10903] [M]: 0x0000000080041740 (0x00B59593) slli a1, a1, 0xb
x11 <- 0x0000000000000000
mem[X,0x0000000080041744] -> 0x8593
mem[X,0x0000000080041746] -> 0x5A85
[10904] [M]: 0x0000000080041744 (0x5A858593) addi a1, a1, 0x5a8
x11 <- 0x00000000000005A8
mem[X,0x0000000080041748] -> 0x9593
mem[X,0x000000008004174A] -> 0x00B5
[10905] [M]: 0x0000000080041748 (0x00B59593) slli a1, a1, 0xb
x11 <- 0x00000000002D4000
mem[X,0x000000008004174C] -> 0x8593
mem[X,0x000000008004174E] -> 0x13C5
[10906] [M]: 0x000000008004174C (0x13C58593) addi a1, a1, 0x13c
x11 <- 0x00000000002D413C
mem[X,0x0000000080041750] -> 0x9593
mem[X,0x0000000080041752] -> 0x00A5
[10907] [M]: 0x0000000080041750 (0x00A59593) slli a1, a1, 0xa
x11 <- 0x00000000B504F000
mem[X,0x0000000080041754] -> 0x8593
mem[X,0x0000000080041756] -> 0x3335
[10908] [M]: 0x0000000080041754 (0x33358593) addi a1, a1, 0x333
x11 <- 0x00000000B504F333
mem[X,0x0000000080041758] -> 0x0113
mem[X,0x000000008004175A] -> 0x0000
[10909] [M]: 0x0000000080041758 (0x00000113) addi sp, zero, 0x0
x2 <- 0x0000000000000000
mem[X,0x000000008004175C] -> 0x006F
mem[X,0x000000008004175E] -> 0x0140
[10910] [M]: 0x000000008004175C (0x0140006F) jal zero, 0x14
mem[X,0x0000000080041770] -> 0x18E3
mem[X,0x0000000080041772] -> 0xFEB5
[10911] [M]: 0x0000000080041770 (0xFEB518E3) bne a0, a1, -0x10
mem[X,0x0000000080041760] -> 0x0113
mem[X,0x0000000080041762] -> 0x0011
[10912] [M]: 0x0000000080041760 (0x00110113) addi sp, sp, 0x1
x2 <- 0x0000000000000001
mem[X,0x0000000080041764] -> 0x006F
mem[X,0x0000000080041766] -> 0x0200
[10913] [M]: 0x0000000080041764 (0x0200006F) jal zero, 0x20
mem[X,0x0000000080041784] -> 0xB823
mem[X,0x0000000080041786] -> 0x3E20
[10914] [M]: 0x0000000080041784 (0x3E20B823) sd sp, 0x3f0(ra)
mem[0x00000000800465C8] <- 0x0000000000000001
mem[X,0x0000000080041788] -> 0x0513
mem[X,0x000000008004178A] -> 0x0000
[10915] [M]: 0x0000000080041788 (0x00000513) addi a0, zero, 0x0
x10 <- 0x0000000000000000
mem[X,0x000000008004178C] -> 0x0593
mem[X,0x000000008004178E] -> 0x0020
[10916] [M]: 0x000000008004178C (0x00200593) addi a1, zero, 0x2
x11 <- 0x0000000000000002
mem[X,0x0000000080041790] -> 0x0113
mem[X,0x0000000080041792] -> 0x0000
[10917] [M]: 0x0000000080041790 (0x00000113) addi sp, zero, 0x0
x2 <- 0x0000000000000000
mem[X,0x0000000080041794] -> 0x006F
mem[X,0x0000000080041796] -> 0x00C0
[10918] [M]: 0x0000000080041794 (0x00C0006F) jal zero, 0xc
mem[X,0x00000000800417A0] -> 0x1CE3
mem[X,0x00000000800417A2] -> 0xFEB5
[10919] [M]: 0x00000000800417A0 (0xFEB51CE3) bne a0, a1, -0x8
mem[X,0x0000000080041798] -> 0x0113
mem[X,0x000000008004179A] -> 0x0011
[10920] [M]: 0x0000000080041798 (0x00110113) addi sp, sp, 0x1
x2 <- 0x0000000000000001
mem[X,0x000000008004179C] -> 0x006F
mem[X,0x000000008004179E] -> 0x0180
[10921] [M]: 0x000000008004179C (0x0180006F) jal zero, 0x18
mem[X,0x00000000800417B4] -> 0xBC23
mem[X,0x00000000800417B6] -> 0x3E20
[10922] [M]: 0x00000000800417B4 (0x3E20BC23) sd sp, 0x3f8(ra)
mem[0x00000000800465D0] <- 0x0000000000000001
mem[X,0x00000000800417B8] -> 0x0513
mem[X,0x00000000800417BA] -> 0x0000
[10923] [M]: 0x00000000800417B8 (0x00000513) addi a0, zero, 0x0
x10 <- 0x0000000000000000
mem[X,0x00000000800417BC] -> 0x55B7
mem[X,0x00000000800417BE] -> 0x5555
[10924] [M]: 0x00000000800417BC (0x555555B7) lui a1, 0x55555
x11 <- 0x0000000055555000
mem[X,0x00000000800417C0] -> 0x8593
mem[X,0x00000000800417C2] -> 0x5555
[10925] [M]: 0x00000000800417C0 (0x55558593) addi a1, a1, 0x555
x11 <- 0x0000000055555555
mem[X,0x00000000800417C4] -> 0x9593
mem[X,0x00000000800417C6] -> 0x00B5
[10926] [M]: 0x00000000800417C4 (0x00B59593) slli a1, a1, 0xb
x11 <- 0x000002AAAAAAA800
mem[X,0x00000000800417C8] -> 0x8593
mem[X,0x00000000800417CA] -> 0x2AA5
[10927] [M]: 0x00000000800417C8 (0x2AA58593) addi a1, a1, 0x2aa
x11 <- 0x000002AAAAAAAAAA
mem[X,0x00000000800417CC] -> 0x9593
mem[X,0x00000000800417CE] -> 0x00B5
[10928] [M]: 0x00000000800417CC (0x00B59593) slli a1, a1, 0xb
x11 <- 0x0015555555555000
mem[X,0x00000000800417D0] -> 0x8593
mem[X,0x00000000800417D2] -> 0x5555
[10929] [M]: 0x00000000800417D0 (0x55558593) addi a1, a1, 0x555
x11 <- 0x0015555555555555
mem[X,0x00000000800417D4] -> 0x9593
mem[X,0x00000000800417D6] -> 0x00A5
[10930] [M]: 0x00000000800417D4 (0x00A59593) slli a1, a1, 0xa
x11 <- 0x5555555555555400
mem[X,0x00000000800417D8] -> 0x8593
mem[X,0x00000000800417DA] -> 0x1545
[10931] [M]: 0x00000000800417D8 (0x15458593) addi a1, a1, 0x154
x11 <- 0x5555555555555554
mem[X,0x00000000800417DC] -> 0x0113
mem[X,0x00000000800417DE] -> 0x0000
[10932] [M]: 0x00000000800417DC (0x00000113) addi sp, zero, 0x0
x2 <- 0x0000000000000000
mem[X,0x00000000800417E0] -> 0x006F
mem[X,0x00000000800417E2] -> 0x00C0
[10933] [M]: 0x00000000800417E0 (0x00C0006F) jal zero, 0xc
mem[X,0x00000000800417EC] -> 0x1063
mem[X,0x00000000800417EE] -> 0x10B5
[10934] [M]: 0x00000000800417EC (0x10B51063) bne a0, a1, 0x100
mem[X,0x00000000800418EC] -> 0x0113
mem[X,0x00000000800418EE] -> 0x0031
[10935] [M]: 0x00000000800418EC (0x00310113) addi sp, sp, 0x3
x2 <- 0x0000000000000003
mem[X,0x00000000800418F0] -> 0x006F
mem[X,0x00000000800418F2] -> 0x0040
[10936] [M]: 0x00000000800418F0 (0x0040006F) jal zero, 0x4
mem[X,0x00000000800418F4] -> 0xB023
mem[X,0x00000000800418F6] -> 0x4020
[10937] [M]: 0x00000000800418F4 (0x4020B023) sd sp, 0x400(ra)
mem[0x00000000800465D8] <- 0x0000000000000003
mem[X,0x00000000800418F8] -> 0x0513
mem[X,0x00000000800418FA] -> 0x0000
[10938] [M]: 0x00000000800418F8 (0x00000513) addi a0, zero, 0x0
x10 <- 0x0000000000000000
mem[X,0x00000000800418FC] -> 0x0593
mem[X,0x00000000800418FE] -> 0x0000
[10939] [M]: 0x00000000800418FC (0x00000593) addi a1, zero, 0x0
x11 <- 0x0000000000000000
mem[X,0x0000000080041900] -> 0x0113
mem[X,0x0000000080041902] -> 0x0000
[10940] [M]: 0x0000000080041900 (0x00000113) addi sp, zero, 0x0
x2 <- 0x0000000000000000
mem[X,0x0000000080041904] -> 0x006F
mem[X,0x0000000080041906] -> 0x00C0
[10941] [M]: 0x0000000080041904 (0x00C0006F) jal zero, 0xc
mem[X,0x0000000080041910] -> 0x1063
mem[X,0x0000000080041912] -> 0x04B5
[10942] [M]: 0x0000000080041910 (0x04B51063) bne a0, a1, 0x40
mem[X,0x0000000080041914] -> 0x0113
mem[X,0x0000000080041916] -> 0x0021
[10943] [M]: 0x0000000080041914 (0x00210113) addi sp, sp, 0x2
x2 <- 0x0000000000000002
mem[X,0x0000000080041918] -> 0x006F
mem[X,0x000000008004191A] -> 0x0400
[10944] [M]: 0x0000000080041918 (0x0400006F) jal zero, 0x40
mem[X,0x0000000080041958] -> 0xB423
mem[X,0x000000008004195A] -> 0x4020
[10945] [M]: 0x0000000080041958 (0x4020B423) sd sp, 0x408(ra)
mem[0x00000000800465E0] <- 0x0000000000000002
mem[X,0x000000008004195C] -> 0x0513
mem[X,0x000000008004195E] -> 0x0000
[10946] [M]: 0x000000008004195C (0x00000513) addi a0, zero, 0x0
x10 <- 0x0000000000000000
mem[X,0x0000000080041960] -> 0x0593
mem[X,0x0000000080041962] -> 0x0040
[10947] [M]: 0x0000000080041960 (0x00400593) addi a1, zero, 0x4
x11 <- 0x0000000000000004
mem[X,0x0000000080041964] -> 0x0113
mem[X,0x0000000080041966] -> 0x0000
[10948] [M]: 0x0000000080041964 (0x00000113) addi sp, zero, 0x0
x2 <- 0x0000000000000000
mem[X,0x0000000080041968] -> 0x006F
mem[X,0x000000008004196A] -> 0x00C0
[10949] [M]: 0x0000000080041968 (0x00C0006F) jal zero, 0xc
mem[X,0x0000000080041974] -> 0x1063
mem[X,0x0000000080041976] -> 0x04B5
[10950] [M]: 0x0000000080041974 (0x04B51063) bne a0, a1, 0x40
mem[X,0x00000000800419B4] -> 0x0113
mem[X,0x00000000800419B6] -> 0x0031
[10951] [M]: 0x00000000800419B4 (0x00310113) addi sp, sp, 0x3
x2 <- 0x0000000000000003
mem[X,0x00000000800419B8] -> 0x006F
mem[X,0x00000000800419BA] -> 0x0040
[10952] [M]: 0x00000000800419B8 (0x0040006F) jal zero, 0x4
mem[X,0x00000000800419BC] -> 0xB823
mem[X,0x00000000800419BE] -> 0x4020
[10953] [M]: 0x00000000800419BC (0x4020B823) sd sp, 0x410(ra)
mem[0x00000000800465E8] <- 0x0000000000000003
mem[X,0x00000000800419C0] -> 0x0513
mem[X,0x00000000800419C2] -> 0x0000
[10954] [M]: 0x00000000800419C0 (0x00000513) addi a0, zero, 0x0
x10 <- 0x0000000000000000
mem[X,0x00000000800419C4] -> 0x35B7
mem[X,0x00000000800419C6] -> 0x3333
[10955] [M]: 0x00000000800419C4 (0x333335B7) lui a1, 0x33333
x11 <- 0x0000000033333000
mem[X,0x00000000800419C8] -> 0x8593
mem[X,0x00000000800419CA] -> 0x3335
[10956] [M]: 0x00000000800419C8 (0x33358593) addi a1, a1, 0x333
x11 <- 0x0000000033333333
mem[X,0x00000000800419CC] -> 0x9593
mem[X,0x00000000800419CE] -> 0x00B5
[10957] [M]: 0x00000000800419CC (0x00B59593) slli a1, a1, 0xb
x11 <- 0x0000019999999800
mem[X,0x00000000800419D0] -> 0x8593
mem[X,0x00000000800419D2] -> 0x1995
[10958] [M]: 0x00000000800419D0 (0x19958593) addi a1, a1, 0x199
x11 <- 0x0000019999999999
mem[X,0x00000000800419D4] -> 0x9593
mem[X,0x00000000800419D6] -> 0x00B5
[10959] [M]: 0x00000000800419D4 (0x00B59593) slli a1, a1, 0xb
x11 <- 0x000CCCCCCCCCC800
mem[X,0x00000000800419D8] -> 0x8593
mem[X,0x00000000800419DA] -> 0x4CC5
[10960] [M]: 0x00000000800419D8 (0x4CC58593) addi a1, a1, 0x4cc
x11 <- 0x000CCCCCCCCCCCCC
mem[X,0x00000000800419DC] -> 0x9593
mem[X,0x00000000800419DE] -> 0x00A5
[10961] [M]: 0x00000000800419DC (0x00A59593) slli a1, a1, 0xa
x11 <- 0x3333333333333000
mem[X,0x00000000800419E0] -> 0x8593
mem[X,0x00000000800419E2] -> 0x3325
[10962] [M]: 0x00000000800419E0 (0x33258593) addi a1, a1, 0x332
x11 <- 0x3333333333333332
mem[X,0x00000000800419E4] -> 0x0113
mem[X,0x00000000800419E6] -> 0x0000
[10963] [M]: 0x00000000800419E4 (0x00000113) addi sp, zero, 0x0
x2 <- 0x0000000000000000
mem[X,0x00000000800419E8] -> 0x006F
mem[X,0x00000000800419EA] -> 0x00C0
[10964] [M]: 0x00000000800419E8 (0x00C0006F) jal zero, 0xc
mem[X,0x00000000800419F4] -> 0x1063
mem[X,0x00000000800419F6] -> 0x40B5
[10965] [M]: 0x00000000800419F4 (0x40B51063) bne a0, a1, 0x400
mem[X,0x0000000080041DF4] -> 0x0113
mem[X,0x0000000080041DF6] -> 0x0031
[10966] [M]: 0x0000000080041DF4 (0x00310113) addi sp, sp, 0x3
x2 <- 0x0000000000000003
mem[X,0x0000000080041DF8] -> 0x006F
mem[X,0x0000000080041DFA] -> 0x0040
[10967] [M]: 0x0000000080041DF8 (0x0040006F) jal zero, 0x4
mem[X,0x0000000080041DFC] -> 0xBC23
mem[X,0x0000000080041DFE] -> 0x4020
[10968] [M]: 0x0000000080041DFC (0x4020BC23) sd sp, 0x418(ra)
mem[0x00000000800465F0] <- 0x0000000000000003
mem[X,0x0000000080041E00] -> 0x0513
mem[X,0x0000000080041E02] -> 0x0000
[10969] [M]: 0x0000000080041E00 (0x00000513) addi a0, zero, 0x0
x10 <- 0x0000000000000000
mem[X,0x0000000080041E04] -> 0x05B7
mem[X,0x0000000080041E06] -> 0x0000
[10970] [M]: 0x0000000080041E04 (0x000005B7) lui a1, 0x0
x11 <- 0x0000000000000000
mem[X,0x0000000080041E08] -> 0x8593
mem[X,0x0000000080041E0A] -> 0x0005
[10971] [M]: 0x0000000080041E08 (0x00058593) addi a1, a1, 0x0
x11 <- 0x0000000000000000
mem[X,0x0000000080041E0C] -> 0x9593
mem[X,0x0000000080041E0E] -> 0x00B5
[10972] [M]: 0x0000000080041E0C (0x00B59593) slli a1, a1, 0xb
x11 <- 0x0000000000000000
mem[X,0x0000000080041E10] -> 0x8593
mem[X,0x0000000080041E12] -> 0x5A85
[10973] [M]: 0x0000000080041E10 (0x5A858593) addi a1, a1, 0x5a8
x11 <- 0x00000000000005A8
mem[X,0x0000000080041E14] -> 0x9593
mem[X,0x0000000080041E16] -> 0x00B5
[10974] [M]: 0x0000000080041E14 (0x00B59593) slli a1, a1, 0xb
x11 <- 0x00000000002D4000
mem[X,0x0000000080041E18] -> 0x8593
mem[X,0x0000000080041E1A] -> 0x13C5
[10975] [M]: 0x0000000080041E18 (0x13C58593) addi a1, a1, 0x13c
x11 <- 0x00000000002D413C
mem[X,0x0000000080041E1C] -> 0x9593
mem[X,0x0000000080041E1E] -> 0x00A5
[10976] [M]: 0x0000000080041E1C (0x00A59593) slli a1, a1, 0xa
x11 <- 0x00000000B504F000
mem[X,0x0000000080041E20] -> 0x8593
mem[X,0x0000000080041E22] -> 0x3325
[10977] [M]: 0x0000000080041E20 (0x33258593) addi a1, a1, 0x332
x11 <- 0x00000000B504F332
mem[X,0x0000000080041E24] -> 0x0113
mem[X,0x0000000080041E26] -> 0x0000
[10978] [M]: 0x0000000080041E24 (0x00000113) addi sp, zero, 0x0
x2 <- 0x0000000000000000
mem[X,0x0000000080041E28] -> 0x006F
mem[X,0x0000000080041E2A] -> 0x00C0
[10979] [M]: 0x0000000080041E28 (0x00C0006F) jal zero, 0xc
mem[X,0x0000000080041E34] -> 0x1663
mem[X,0x0000000080041E36] -> 0x00B5
[10980] [M]: 0x0000000080041E34 (0x00B51663) bne a0, a1, 0xc
mem[X,0x0000000080041E40] -> 0x0113
mem[X,0x0000000080041E42] -> 0x0031
[10981] [M]: 0x0000000080041E40 (0x00310113) addi sp, sp, 0x3
x2 <- 0x0000000000000003
mem[X,0x0000000080041E44] -> 0x006F
mem[X,0x0000000080041E46] -> 0x0040
[10982] [M]: 0x0000000080041E44 (0x0040006F) jal zero, 0x4
mem[X,0x0000000080041E48] -> 0xB023
mem[X,0x0000000080041E4A] -> 0x4220
[10983] [M]: 0x0000000080041E48 (0x4220B023) sd sp, 0x420(ra)
mem[0x00000000800465F8] <- 0x0000000000000003
mem[X,0x0000000080041E4C] -> 0x0513
mem[X,0x0000000080041E4E] -> 0x0000
[10984] [M]: 0x0000000080041E4C (0x00000513) addi a0, zero, 0x0
x10 <- 0x0000000000000000
mem[X,0x0000000080041E50] -> 0x55B7
mem[X,0x0000000080041E52] -> 0x5555
[10985] [M]: 0x0000000080041E50 (0x555555B7) lui a1, 0x55555
x11 <- 0x0000000055555000
mem[X,0x0000000080041E54] -> 0x8593
mem[X,0x0000000080041E56] -> 0x5555
[10986] [M]: 0x0000000080041E54 (0x55558593) addi a1, a1, 0x555
x11 <- 0x0000000055555555
mem[X,0x0000000080041E58] -> 0x9593
mem[X,0x0000000080041E5A] -> 0x00B5
[10987] [M]: 0x0000000080041E58 (0x00B59593) slli a1, a1, 0xb
x11 <- 0x000002AAAAAAA800
mem[X,0x0000000080041E5C] -> 0x8593
mem[X,0x0000000080041E5E] -> 0x2AA5
[10988] [M]: 0x0000000080041E5C (0x2AA58593) addi a1, a1, 0x2aa
x11 <- 0x000002AAAAAAAAAA
mem[X,0x0000000080041E60] -> 0x9593
mem[X,0x0000000080041E62] -> 0x00B5
[10989] [M]: 0x0000000080041E60 (0x00B59593) slli a1, a1, 0xb
x11 <- 0x0015555555555000
mem[X,0x0000000080041E64] -> 0x8593
mem[X,0x0000000080041E66] -> 0x5555
[10990] [M]: 0x0000000080041E64 (0x55558593) addi a1, a1, 0x555
x11 <- 0x0015555555555555
mem[X,0x0000000080041E68] -> 0x9593
mem[X,0x0000000080041E6A] -> 0x00A5
[10991] [M]: 0x0000000080041E68 (0x00A59593) slli a1, a1, 0xa
x11 <- 0x5555555555555400
mem[X,0x0000000080041E6C] -> 0x8593
mem[X,0x0000000080041E6E] -> 0x1565
[10992] [M]: 0x0000000080041E6C (0x15658593) addi a1, a1, 0x156
x11 <- 0x5555555555555556
mem[X,0x0000000080041E70] -> 0x0113
mem[X,0x0000000080041E72] -> 0x0000
[10993] [M]: 0x0000000080041E70 (0x00000113) addi sp, zero, 0x0
x2 <- 0x0000000000000000
mem[X,0x0000000080041E74] -> 0x006F
mem[X,0x0000000080041E76] -> 0x0100
[10994] [M]: 0x0000000080041E74 (0x0100006F) jal zero, 0x10
mem[X,0x0000000080041E84] -> 0x1AE3
mem[X,0x0000000080041E86] -> 0xFEB5
[10995] [M]: 0x0000000080041E84 (0xFEB51AE3) bne a0, a1, -0xc
mem[X,0x0000000080041E78] -> 0x0113
mem[X,0x0000000080041E7A] -> 0x0011
[10996] [M]: 0x0000000080041E78 (0x00110113) addi sp, sp, 0x1
x2 <- 0x0000000000000001
mem[X,0x0000000080041E7C] -> 0x006F
mem[X,0x0000000080041E7E] -> 0x01C0
[10997] [M]: 0x0000000080041E7C (0x01C0006F) jal zero, 0x1c
mem[X,0x0000000080041E98] -> 0xB423
mem[X,0x0000000080041E9A] -> 0x4220
[10998] [M]: 0x0000000080041E98 (0x4220B423) sd sp, 0x428(ra)
mem[0x0000000080046600] <- 0x0000000000000001
mem[X,0x0000000080041E9C] -> 0x0513
mem[X,0x0000000080041E9E] -> 0x0000
[10999] [M]: 0x0000000080041E9C (0x00000513) addi a0, zero, 0x0
x10 <- 0x0000000000000000
clint::tick mtime <- 0x000000000000006E
 clint timer pending at mtime 0x000000000000006E
htif::tick 0x0000000000000000
mem[X,0x0000000080041EA0] -> 0xB5B7
mem[X,0x0000000080041EA2] -> 0xAAAA
[11000] [M]: 0x0000000080041EA0 (0xAAAAB5B7) lui a1, -0x55555
x11 <- 0xFFFFFFFFAAAAB000
mem[X,0x0000000080041EA4] -> 0x8593
mem[X,0x0000000080041EA6] -> 0xAAA5
[11001] [M]: 0x0000000080041EA4 (0xAAA58593) addi a1, a1, -0x556
x11 <- 0xFFFFFFFFAAAAAAAA
mem[X,0x0000000080041EA8] -> 0x9593
mem[X,0x0000000080041EAA] -> 0x00B5
[11002] [M]: 0x0000000080041EA8 (0x00B59593) slli a1, a1, 0xb
x11 <- 0xFFFFFD5555555000
mem[X,0x0000000080041EAC] -> 0x8593
mem[X,0x0000000080041EAE] -> 0x5555
[11003] [M]: 0x0000000080041EAC (0x55558593) addi a1, a1, 0x555
x11 <- 0xFFFFFD5555555555
mem[X,0x0000000080041EB0] -> 0x9593
mem[X,0x0000000080041EB2] -> 0x00B5
[11004] [M]: 0x0000000080041EB0 (0x00B59593) slli a1, a1, 0xb
x11 <- 0xFFEAAAAAAAAAA800
mem[X,0x0000000080041EB4] -> 0x8593
mem[X,0x0000000080041EB6] -> 0x2AA5
[11005] [M]: 0x0000000080041EB4 (0x2AA58593) addi a1, a1, 0x2aa
x11 <- 0xFFEAAAAAAAAAAAAA
mem[X,0x0000000080041EB8] -> 0x9593
mem[X,0x0000000080041EBA] -> 0x00A5
[11006] [M]: 0x0000000080041EB8 (0x00A59593) slli a1, a1, 0xa
x11 <- 0xAAAAAAAAAAAAA800
mem[X,0x0000000080041EBC] -> 0x8593
mem[X,0x0000000080041EBE] -> 0x2AB5
[11007] [M]: 0x0000000080041EBC (0x2AB58593) addi a1, a1, 0x2ab
x11 <- 0xAAAAAAAAAAAAAAAB
mem[X,0x0000000080041EC0] -> 0x0113
mem[X,0x0000000080041EC2] -> 0x0000
[11008] [M]: 0x0000000080041EC0 (0x00000113) addi sp, zero, 0x0
x2 <- 0x0000000000000000
mem[X,0x0000000080041EC4] -> 0x006F
mem[X,0x0000000080041EC6] -> 0x00C0
[11009] [M]: 0x0000000080041EC4 (0x00C0006F) jal zero, 0xc
mem[X,0x0000000080041ED0] -> 0x1063
mem[X,0x0000000080041ED2] -> 0x20B5
[11010] [M]: 0x0000000080041ED0 (0x20B51063) bne a0, a1, 0x200
mem[X,0x00000000800420D0] -> 0x0113
mem[X,0x00000000800420D2] -> 0x0031
[11011] [M]: 0x00000000800420D0 (0x00310113) addi sp, sp, 0x3
x2 <- 0x0000000000000003
mem[X,0x00000000800420D4] -> 0x006F
mem[X,0x00000000800420D6] -> 0x0040
[11012] [M]: 0x00000000800420D4 (0x0040006F) jal zero, 0x4
mem[X,0x00000000800420D8] -> 0xB823
mem[X,0x00000000800420DA] -> 0x4220
[11013] [M]: 0x00000000800420D8 (0x4220B823) sd sp, 0x430(ra)
mem[0x0000000080046608] <- 0x0000000000000003
mem[X,0x00000000800420DC] -> 0x0513
mem[X,0x00000000800420DE] -> 0x0000
[11014] [M]: 0x00000000800420DC (0x00000513) addi a0, zero, 0x0
x10 <- 0x0000000000000000
mem[X,0x00000000800420E0] -> 0x0593
mem[X,0x00000000800420E2] -> 0x0060
[11015] [M]: 0x00000000800420E0 (0x00600593) addi a1, zero, 0x6
x11 <- 0x0000000000000006
mem[X,0x00000000800420E4] -> 0x0113
mem[X,0x00000000800420E6] -> 0x0000
[11016] [M]: 0x00000000800420E4 (0x00000113) addi sp, zero, 0x0
x2 <- 0x0000000000000000
mem[X,0x00000000800420E8] -> 0x006F
mem[X,0x00000000800420EA] -> 0x00C0
[11017] [M]: 0x00000000800420E8 (0x00C0006F) jal zero, 0xc
mem[X,0x00000000800420F4] -> 0x1063
mem[X,0x00000000800420F6] -> 0x02B5
[11018] [M]: 0x00000000800420F4 (0x02B51063) bne a0, a1, 0x20
mem[X,0x0000000080042114] -> 0x0113
mem[X,0x0000000080042116] -> 0x0031
[11019] [M]: 0x0000000080042114 (0x00310113) addi sp, sp, 0x3
x2 <- 0x0000000000000003
mem[X,0x0000000080042118] -> 0x006F
mem[X,0x000000008004211A] -> 0x0040
[11020] [M]: 0x0000000080042118 (0x0040006F) jal zero, 0x4
mem[X,0x000000008004211C] -> 0xBC23
mem[X,0x000000008004211E] -> 0x4220
[11021] [M]: 0x000000008004211C (0x4220BC23) sd sp, 0x438(ra)
mem[0x0000000080046610] <- 0x0000000000000003
mem[X,0x0000000080042120] -> 0x0513
mem[X,0x0000000080042122] -> 0x0000
[11022] [M]: 0x0000000080042120 (0x00000513) addi a0, zero, 0x0
x10 <- 0x0000000000000000
mem[X,0x0000000080042124] -> 0x35B7
mem[X,0x0000000080042126] -> 0x3333
[11023] [M]: 0x0000000080042124 (0x333335B7) lui a1, 0x33333
x11 <- 0x0000000033333000
mem[X,0x0000000080042128] -> 0x8593
mem[X,0x000000008004212A] -> 0x3335
[11024] [M]: 0x0000000080042128 (0x33358593) addi a1, a1, 0x333
x11 <- 0x0000000033333333
mem[X,0x000000008004212C] -> 0x9593
mem[X,0x000000008004212E] -> 0x00B5
[11025] [M]: 0x000000008004212C (0x00B59593) slli a1, a1, 0xb
x11 <- 0x0000019999999800
mem[X,0x0000000080042130] -> 0x8593
mem[X,0x0000000080042132] -> 0x1995
[11026] [M]: 0x0000000080042130 (0x19958593) addi a1, a1, 0x199
x11 <- 0x0000019999999999
mem[X,0x0000000080042134] -> 0x9593
mem[X,0x0000000080042136] -> 0x00B5
[11027] [M]: 0x0000000080042134 (0x00B59593) slli a1, a1, 0xb
x11 <- 0x000CCCCCCCCCC800
mem[X,0x0000000080042138] -> 0x8593
mem[X,0x000000008004213A] -> 0x4CC5
[11028] [M]: 0x0000000080042138 (0x4CC58593) addi a1, a1, 0x4cc
x11 <- 0x000CCCCCCCCCCCCC
mem[X,0x000000008004213C] -> 0x9593
mem[X,0x000000008004213E] -> 0x00A5
[11029] [M]: 0x000000008004213C (0x00A59593) slli a1, a1, 0xa
x11 <- 0x3333333333333000
mem[X,0x0000000080042140] -> 0x8593
mem[X,0x0000000080042142] -> 0x3345
[11030] [M]: 0x0000000080042140 (0x33458593) addi a1, a1, 0x334
x11 <- 0x3333333333333334
mem[X,0x0000000080042144] -> 0x0113
mem[X,0x0000000080042146] -> 0x0000
[11031] [M]: 0x0000000080042144 (0x00000113) addi sp, zero, 0x0
x2 <- 0x0000000000000000
mem[X,0x0000000080042148] -> 0x006F
mem[X,0x000000008004214A] -> 0x0140
[11032] [M]: 0x0000000080042148 (0x0140006F) jal zero, 0x14
mem[X,0x000000008004215C] -> 0x18E3
mem[X,0x000000008004215E] -> 0xFEB5
[11033] [M]: 0x000000008004215C (0xFEB518E3) bne a0, a1, -0x10
mem[X,0x000000008004214C] -> 0x0113
mem[X,0x000000008004214E] -> 0x0011
[11034] [M]: 0x000000008004214C (0x00110113) addi sp, sp, 0x1
x2 <- 0x0000000000000001
mem[X,0x0000000080042150] -> 0x006F
mem[X,0x0000000080042152] -> 0x0200
[11035] [M]: 0x0000000080042150 (0x0200006F) jal zero, 0x20
mem[X,0x0000000080042170] -> 0xB023
mem[X,0x0000000080042172] -> 0x4420
[11036] [M]: 0x0000000080042170 (0x4420B023) sd sp, 0x440(ra)
mem[0x0000000080046618] <- 0x0000000000000001
mem[X,0x0000000080042174] -> 0x0513
mem[X,0x0000000080042176] -> 0x0000
[11037] [M]: 0x0000000080042174 (0x00000513) addi a0, zero, 0x0
x10 <- 0x0000000000000000
mem[X,0x0000000080042178] -> 0x65B7
mem[X,0x000000008004217A] -> 0x6666
[11038] [M]: 0x0000000080042178 (0x666665B7) lui a1, 0x66666
x11 <- 0x0000000066666000
mem[X,0x000000008004217C] -> 0x8593
mem[X,0x000000008004217E] -> 0x6665
[11039] [M]: 0x000000008004217C (0x66658593) addi a1, a1, 0x666
x11 <- 0x0000000066666666
mem[X,0x0000000080042180] -> 0x9593
mem[X,0x0000000080042182] -> 0x00B5
[11040] [M]: 0x0000000080042180 (0x00B59593) slli a1, a1, 0xb
x11 <- 0x0000033333333000
mem[X,0x0000000080042184] -> 0x8593
mem[X,0x0000000080042186] -> 0x3335
[11041] [M]: 0x0000000080042184 (0x33358593) addi a1, a1, 0x333
x11 <- 0x0000033333333333
mem[X,0x0000000080042188] -> 0x9593
mem[X,0x000000008004218A] -> 0x00B5
[11042] [M]: 0x0000000080042188 (0x00B59593) slli a1, a1, 0xb
x11 <- 0x0019999999999800
mem[X,0x000000008004218C] -> 0x8593
mem[X,0x000000008004218E] -> 0x1995
[11043] [M]: 0x000000008004218C (0x19958593) addi a1, a1, 0x199
x11 <- 0x0019999999999999
mem[X,0x0000000080042190] -> 0x9593
mem[X,0x0000000080042192] -> 0x00A5
[11044] [M]: 0x0000000080042190 (0x00A59593) slli a1, a1, 0xa
x11 <- 0x6666666666666400
mem[X,0x0000000080042194] -> 0x8593
mem[X,0x0000000080042196] -> 0x2675
[11045] [M]: 0x0000000080042194 (0x26758593) addi a1, a1, 0x267
x11 <- 0x6666666666666667
mem[X,0x0000000080042198] -> 0x0113
mem[X,0x000000008004219A] -> 0x0000
[11046] [M]: 0x0000000080042198 (0x00000113) addi sp, zero, 0x0
x2 <- 0x0000000000000000
mem[X,0x000000008004219C] -> 0x006F
mem[X,0x000000008004219E] -> 0x00C0
[11047] [M]: 0x000000008004219C (0x00C0006F) jal zero, 0xc
mem[X,0x00000000800421A8] -> 0x1663
mem[X,0x00000000800421AA] -> 0x00B5
[11048] [M]: 0x00000000800421A8 (0x00B51663) bne a0, a1, 0xc
mem[X,0x00000000800421B4] -> 0x0113
mem[X,0x00000000800421B6] -> 0x0031
[11049] [M]: 0x00000000800421B4 (0x00310113) addi sp, sp, 0x3
x2 <- 0x0000000000000003
mem[X,0x00000000800421B8] -> 0x006F
mem[X,0x00000000800421BA] -> 0x0040
[11050] [M]: 0x00000000800421B8 (0x0040006F) jal zero, 0x4
mem[X,0x00000000800421BC] -> 0xB423
mem[X,0x00000000800421BE] -> 0x4420
[11051] [M]: 0x00000000800421BC (0x4420B423) sd sp, 0x448(ra)
mem[0x0000000080046620] <- 0x0000000000000003
mem[X,0x00000000800421C0] -> 0x0513
mem[X,0x00000000800421C2] -> 0x0000
[11052] [M]: 0x00000000800421C0 (0x00000513) addi a0, zero, 0x0
x10 <- 0x0000000000000000
mem[X,0x00000000800421C4] -> 0x05B7
mem[X,0x00000000800421C6] -> 0x0000
[11053] [M]: 0x00000000800421C4 (0x000005B7) lui a1, 0x0
x11 <- 0x0000000000000000
mem[X,0x00000000800421C8] -> 0x8593
mem[X,0x00000000800421CA] -> 0xFFF5
[11054] [M]: 0x00000000800421C8 (0xFFF58593) addi a1, a1, -0x1
x11 <- 0xFFFFFFFFFFFFFFFF
mem[X,0x00000000800421CC] -> 0x9593
mem[X,0x00000000800421CE] -> 0x00B5
[11055] [M]: 0x00000000800421CC (0x00B59593) slli a1, a1, 0xb
x11 <- 0xFFFFFFFFFFFFF800
mem[X,0x00000000800421D0] -> 0x8593
mem[X,0x00000000800421D2] -> 0x2575
[11056] [M]: 0x00000000800421D0 (0x25758593) addi a1, a1, 0x257
x11 <- 0xFFFFFFFFFFFFFA57
mem[X,0x00000000800421D4] -> 0x9593
mem[X,0x00000000800421D6] -> 0x00B5
[11057] [M]: 0x00000000800421D4 (0x00B59593) slli a1, a1, 0xb
x11 <- 0xFFFFFFFFFFD2B800
mem[X,0x00000000800421D8] -> 0x8593
mem[X,0x00000000800421DA] -> 0x6C35
[11058] [M]: 0x00000000800421D8 (0x6C358593) addi a1, a1, 0x6c3
x11 <- 0xFFFFFFFFFFD2BEC3
mem[X,0x00000000800421DC] -> 0x9593
mem[X,0x00000000800421DE] -> 0x00A5
[11059] [M]: 0x00000000800421DC (0x00A59593) slli a1, a1, 0xa
x11 <- 0xFFFFFFFF4AFB0C00
mem[X,0x00000000800421E0] -> 0x8593
mem[X,0x00000000800421E2] -> 0x0CE5
[11060] [M]: 0x00000000800421E0 (0x0CE58593) addi a1, a1, 0xce
x11 <- 0xFFFFFFFF4AFB0CCE
mem[X,0x00000000800421E4] -> 0x0113
mem[X,0x00000000800421E6] -> 0x0000
[11061] [M]: 0x00000000800421E4 (0x00000113) addi sp, zero, 0x0
x2 <- 0x0000000000000000
mem[X,0x00000000800421E8] -> 0x006F
mem[X,0x00000000800421EA] -> 0x00C0
[11062] [M]: 0x00000000800421E8 (0x00C0006F) jal zero, 0xc
mem[X,0x00000000800421F4] -> 0x1063
mem[X,0x00000000800421F6] -> 0x04B5
[11063] [M]: 0x00000000800421F4 (0x04B51063) bne a0, a1, 0x40
mem[X,0x0000000080042234] -> 0x0113
mem[X,0x0000000080042236] -> 0x0031
[11064] [M]: 0x0000000080042234 (0x00310113) addi sp, sp, 0x3
x2 <- 0x0000000000000003
mem[X,0x0000000080042238] -> 0x006F
mem[X,0x000000008004223A] -> 0x0040
[11065] [M]: 0x0000000080042238 (0x0040006F) jal zero, 0x4
mem[X,0x000000008004223C] -> 0xB823
mem[X,0x000000008004223E] -> 0x4420
[11066] [M]: 0x000000008004223C (0x4420B823) sd sp, 0x450(ra)
mem[0x0000000080046628] <- 0x0000000000000003
mem[X,0x0000000080042240] -> 0x0513
mem[X,0x0000000080042242] -> 0x0000
[11067] [M]: 0x0000000080042240 (0x00000513) addi a0, zero, 0x0
x10 <- 0x0000000000000000
mem[X,0x0000000080042244] -> 0x05B7
mem[X,0x0000000080042246] -> 0x0000
[11068] [M]: 0x0000000080042244 (0x000005B7) lui a1, 0x0
x11 <- 0x0000000000000000
mem[X,0x0000000080042248] -> 0x8593
mem[X,0x000000008004224A] -> 0x0005
[11069] [M]: 0x0000000080042248 (0x00058593) addi a1, a1, 0x0
x11 <- 0x0000000000000000
mem[X,0x000000008004224C] -> 0x9593
mem[X,0x000000008004224E] -> 0x00B5
[11070] [M]: 0x000000008004224C (0x00B59593) slli a1, a1, 0xb
x11 <- 0x0000000000000000
mem[X,0x0000000080042250] -> 0x8593
mem[X,0x0000000080042252] -> 0x5A85
[11071] [M]: 0x0000000080042250 (0x5A858593) addi a1, a1, 0x5a8
x11 <- 0x00000000000005A8
mem[X,0x0000000080042254] -> 0x9593
mem[X,0x0000000080042256] -> 0x00B5
[11072] [M]: 0x0000000080042254 (0x00B59593) slli a1, a1, 0xb
x11 <- 0x00000000002D4000
mem[X,0x0000000080042258] -> 0x8593
mem[X,0x000000008004225A] -> 0x13C5
[11073] [M]: 0x0000000080042258 (0x13C58593) addi a1, a1, 0x13c
x11 <- 0x00000000002D413C
mem[X,0x000000008004225C] -> 0x9593
mem[X,0x000000008004225E] -> 0x00A5
[11074] [M]: 0x000000008004225C (0x00A59593) slli a1, a1, 0xa
x11 <- 0x00000000B504F000
mem[X,0x0000000080042260] -> 0x8593
mem[X,0x0000000080042262] -> 0x3345
[11075] [M]: 0x0000000080042260 (0x33458593) addi a1, a1, 0x334
x11 <- 0x00000000B504F334
mem[X,0x0000000080042264] -> 0x0113
mem[X,0x0000000080042266] -> 0x0000
[11076] [M]: 0x0000000080042264 (0x00000113) addi sp, zero, 0x0
x2 <- 0x0000000000000000
mem[X,0x0000000080042268] -> 0x006F
mem[X,0x000000008004226A] -> 0x0100
[11077] [M]: 0x0000000080042268 (0x0100006F) jal zero, 0x10
mem[X,0x0000000080042278] -> 0x1AE3
mem[X,0x000000008004227A] -> 0xFEB5
[11078] [M]: 0x0000000080042278 (0xFEB51AE3) bne a0, a1, -0xc
mem[X,0x000000008004226C] -> 0x0113
mem[X,0x000000008004226E] -> 0x0011
[11079] [M]: 0x000000008004226C (0x00110113) addi sp, sp, 0x1
x2 <- 0x0000000000000001
mem[X,0x0000000080042270] -> 0x006F
mem[X,0x0000000080042272] -> 0x01C0
[11080] [M]: 0x0000000080042270 (0x01C0006F) jal zero, 0x1c
mem[X,0x000000008004228C] -> 0xBC23
mem[X,0x000000008004228E] -> 0x4420
[11081] [M]: 0x000000008004228C (0x4420BC23) sd sp, 0x458(ra)
mem[0x0000000080046630] <- 0x0000000000000001
mem[X,0x0000000080042290] -> 0x0513
mem[X,0x0000000080042292] -> 0x0060
[11082] [M]: 0x0000000080042290 (0x00600513) addi a0, zero, 0x6
x10 <- 0x0000000000000006
mem[X,0x0000000080042294] -> 0x0593
mem[X,0x0000000080042296] -> 0x0010
[11083] [M]: 0x0000000080042294 (0x00100593) addi a1, zero, 0x1
x11 <- 0x0000000000000001
mem[X,0x0000000080042298] -> 0x9593
mem[X,0x000000008004229A] -> 0x01E5
[11084] [M]: 0x0000000080042298 (0x01E59593) slli a1, a1, 0x1e
x11 <- 0x0000000040000000
mem[X,0x000000008004229C] -> 0x0113
mem[X,0x000000008004229E] -> 0x0000
[11085] [M]: 0x000000008004229C (0x00000113) addi sp, zero, 0x0
x2 <- 0x0000000000000000
mem[X,0x00000000800422A0] -> 0x006F
mem[X,0x00000000800422A2] -> 0x00C0
[11086] [M]: 0x00000000800422A0 (0x00C0006F) jal zero, 0xc
mem[X,0x00000000800422AC] -> 0x1CE3
mem[X,0x00000000800422AE] -> 0xFEB5
[11087] [M]: 0x00000000800422AC (0xFEB51CE3) bne a0, a1, -0x8
mem[X,0x00000000800422A4] -> 0x0113
mem[X,0x00000000800422A6] -> 0x0011
[11088] [M]: 0x00000000800422A4 (0x00110113) addi sp, sp, 0x1
x2 <- 0x0000000000000001
mem[X,0x00000000800422A8] -> 0x006F
mem[X,0x00000000800422AA] -> 0x0180
[11089] [M]: 0x00000000800422A8 (0x0180006F) jal zero, 0x18
mem[X,0x00000000800422C0] -> 0xB023
mem[X,0x00000000800422C2] -> 0x4620
[11090] [M]: 0x00000000800422C0 (0x4620B023) sd sp, 0x460(ra)
mem[0x0000000080046638] <- 0x0000000000000001
mem[X,0x00000000800422C4] -> 0x0513
mem[X,0x00000000800422C6] -> 0x0010
[11091] [M]: 0x00000000800422C4 (0x00100513) addi a0, zero, 0x1
x10 <- 0x0000000000000001
mem[X,0x00000000800422C8] -> 0x1513
mem[X,0x00000000800422CA] -> 0x02D5
[11092] [M]: 0x00000000800422C8 (0x02D51513) slli a0, a0, 0x2d
x10 <- 0x0000200000000000
mem[X,0x00000000800422CC] -> 0x0593
mem[X,0x00000000800422CE] -> 0x0020
[11093] [M]: 0x00000000800422CC (0x00200593) addi a1, zero, 0x2
x11 <- 0x0000000000000002
mem[X,0x00000000800422D0] -> 0x0113
mem[X,0x00000000800422D2] -> 0x0000
[11094] [M]: 0x00000000800422D0 (0x00000113) addi sp, zero, 0x0
x2 <- 0x0000000000000000
mem[X,0x00000000800422D4] -> 0x006F
mem[X,0x00000000800422D6] -> 0x00C0
[11095] [M]: 0x00000000800422D4 (0x00C0006F) jal zero, 0xc
mem[X,0x00000000800422E0] -> 0x1063
mem[X,0x00000000800422E2] -> 0x02B5
[11096] [M]: 0x00000000800422E0 (0x02B51063) bne a0, a1, 0x20
mem[X,0x0000000080042300] -> 0x0113
mem[X,0x0000000080042302] -> 0x0031
[11097] [M]: 0x0000000080042300 (0x00310113) addi sp, sp, 0x3
x2 <- 0x0000000000000003
mem[X,0x0000000080042304] -> 0x006F
mem[X,0x0000000080042306] -> 0x0040
[11098] [M]: 0x0000000080042304 (0x0040006F) jal zero, 0x4
mem[X,0x0000000080042308] -> 0xB423
mem[X,0x000000008004230A] -> 0x4620
[11099] [M]: 0x0000000080042308 (0x4620B423) sd sp, 0x468(ra)
mem[0x0000000080046640] <- 0x0000000000000003
clint::tick mtime <- 0x000000000000006F
 clint timer pending at mtime 0x000000000000006F
htif::tick 0x0000000000000000
mem[X,0x000000008004230C] -> 0x006F
mem[X,0x000000008004230E] -> 0x0380
[11100] [M]: 0x000000008004230C (0x0380006F) jal zero, 0x38
mem[X,0x0000000080042344] -> 0x0093
mem[X,0x0000000080042346] -> 0x0010
[11101] [M]: 0x0000000080042344 (0x00100093) addi ra, zero, 0x1
x1 <- 0x0000000000000001
mem[X,0x0000000080042348] -> 0x1F17
mem[X,0x000000008004234A] -> 0x0000
[11102] [M]: 0x0000000080042348 (0x00001F17) auipc t5, 0x1
x30 <- 0x0000000080043348
mem[X,0x000000008004234C] -> 0x2C23
mem[X,0x000000008004234E] -> 0xCA1F
[11103] [M]: 0x000000008004234C (0xCA1F2C23) sw ra, -0x348(t5)
htif[0x0000000080043000] <- 0x00000001
mem[X,0x0000000080042350] -> 0xF06F
mem[X,0x0000000080042352] -> 0xFF9F
[11104] [M]: 0x0000000080042350 (0xFF9FF06F) jal zero, -0x8
mem[X,0x0000000080042348] -> 0x1F17
mem[X,0x000000008004234A] -> 0x0000
[11105] [M]: 0x0000000080042348 (0x00001F17) auipc t5, 0x1
x30 <- 0x0000000080043348
mem[X,0x000000008004234C] -> 0x2C23
mem[X,0x000000008004234E] -> 0xCA1F
[11106] [M]: 0x000000008004234C (0xCA1F2C23) sw ra, -0x348(t5)
htif[0x0000000080043000] <- 0x00000001
mem[X,0x0000000080042350] -> 0xF06F
mem[X,0x0000000080042352] -> 0xFF9F
[11107] [M]: 0x0000000080042350 (0xFF9FF06F) jal zero, -0x8
mem[X,0x0000000080042348] -> 0x1F17
mem[X,0x000000008004234A] -> 0x0000
[11108] [M]: 0x0000000080042348 (0x00001F17) auipc t5, 0x1
x30 <- 0x0000000080043348
mem[X,0x000000008004234C] -> 0x2C23
mem[X,0x000000008004234E] -> 0xCA1F
[11109] [M]: 0x000000008004234C (0xCA1F2C23) sw ra, -0x348(t5)
htif[0x0000000080043000] <- 0x00000001
htif-syscall-proxy cmd: 0x000000000001
SUCCESS
