using /home/mamir/tempo/riscof/riscof_work/rv64i_m/I/src/blt-01.S/ref/Reference-sail_c_simulator.signature for test-signature output.
tohost located at 0x8004d000
Running file ref.elf.
ELF Entry @ 0x80000000
begin_signature: 0x8004f110
end_signature: 0x80050630
CSR mstatus <- 0x0000000A00000000 (input: 0x0000000000000000)
mem[X,0x0000000000001000] -> 0x0297
mem[X,0x0000000000001002] -> 0x0000
[0] [M]: 0x0000000000001000 (0x00000297) auipc t0, 0x0
x5 <- 0x0000000000001000
mem[X,0x0000000000001004] -> 0x8593
mem[X,0x0000000000001006] -> 0x0202
[1] [M]: 0x0000000000001004 (0x02028593) addi a1, t0, 0x20
x11 <- 0x0000000000001020
mem[X,0x0000000000001008] -> 0x2573
mem[X,0x000000000000100A] -> 0xF140
[2] [M]: 0x0000000000001008 (0xF1402573) csrrs a0, mhartid, zero
CSR mhartid -> 0x0000000000000000
x10 <- 0x0000000000000000
mem[X,0x000000000000100C] -> 0xB283
mem[X,0x000000000000100E] -> 0x0182
[3] [M]: 0x000000000000100C (0x0182B283) ld t0, 0x18(t0)
mem[R,0x0000000000001018] -> 0x0000000080000000
x5 <- 0x0000000080000000
mem[X,0x0000000000001010] -> 0x8067
mem[X,0x0000000000001012] -> 0x0002
[4] [M]: 0x0000000000001010 (0x00028067) jalr zero, 0x0(t0)
mem[X,0x0000000080000000] -> 0x0837
mem[X,0x0000000080000002] -> 0x7D5C
[5] [M]: 0x0000000080000000 (0x7D5C0837) lui a6, 0x7d5c0
x16 <- 0x000000007D5C0000
mem[X,0x0000000080000004] -> 0x0813
mem[X,0x0000000080000006] -> 0xDDB8
[6] [M]: 0x0000000080000004 (0xDDB80813) addi a6, a6, -0x225
x16 <- 0x000000007D5BFDDB
mem[X,0x0000000080000008] -> 0x1813
mem[X,0x000000008000000A] -> 0x00B8
[7] [M]: 0x0000000080000008 (0x00B81813) slli a6, a6, 0xb
x16 <- 0x000003EADFEED800
mem[X,0x000000008000000C] -> 0x0813
mem[X,0x000000008000000E] -> 0x3EA8
[8] [M]: 0x000000008000000C (0x3EA80813) addi a6, a6, 0x3ea
x16 <- 0x000003EADFEEDBEA
mem[X,0x0000000080000010] -> 0x1813
mem[X,0x0000000080000012] -> 0x00B8
[9] [M]: 0x0000000080000010 (0x00B81813) slli a6, a6, 0xb
x16 <- 0x001F56FF76DF5000
mem[X,0x0000000080000014] -> 0x0813
mem[X,0x0000000080000016] -> 0x6FF8
[10] [M]: 0x0000000080000014 (0x6FF80813) addi a6, a6, 0x6ff
x16 <- 0x001F56FF76DF56FF
mem[X,0x0000000080000018] -> 0x1813
mem[X,0x000000008000001A] -> 0x00A8
[11] [M]: 0x0000000080000018 (0x00A81813) slli a6, a6, 0xa
x16 <- 0x7D5BFDDB7D5BFC00
mem[X,0x000000008000001C] -> 0x0813
mem[X,0x000000008000001E] -> 0x1DB8
[12] [M]: 0x000000008000001C (0x1DB80813) addi a6, a6, 0x1db
x16 <- 0x7D5BFDDB7D5BFDDB
mem[X,0x0000000080000020] -> 0x5893
mem[X,0x0000000080000022] -> 0x0078
[13] [M]: 0x0000000080000020 (0x00785893) srli a7, a6, 0x7
x17 <- 0x00FAB7FBB6FAB7FB
mem[X,0x0000000080000024] -> 0x5793
mem[X,0x0000000080000026] -> 0x0398
[14] [M]: 0x0000000080000024 (0x03985793) srli a5, a6, 0x39
x15 <- 0x000000000000003E
mem[X,0x0000000080000028] -> 0xE8B3
mem[X,0x000000008000002A] -> 0x00F8
[15] [M]: 0x0000000080000028 (0x00F8E8B3) or a7, a7, a5
x17 <- 0x00FAB7FBB6FAB7FF
mem[X,0x000000008000002C] -> 0xD913
mem[X,0x000000008000002E] -> 0x0078
[16] [M]: 0x000000008000002C (0x0078D913) srli s2, a7, 0x7
x18 <- 0x0001F56FF76DF56F
mem[X,0x0000000080000030] -> 0xD793
mem[X,0x0000000080000032] -> 0x0398
[17] [M]: 0x0000000080000030 (0x0398D793) srli a5, a7, 0x39
x15 <- 0x0000000000000000
mem[X,0x0000000080000034] -> 0x6933
mem[X,0x0000000080000036] -> 0x00F9
[18] [M]: 0x0000000080000034 (0x00F96933) or s2, s2, a5
x18 <- 0x0001F56FF76DF56F
mem[X,0x0000000080000038] -> 0x5993
mem[X,0x000000008000003A] -> 0x0079
[19] [M]: 0x0000000080000038 (0x00795993) srli s3, s2, 0x7
x19 <- 0x000003EADFEEDBEA
mem[X,0x000000008000003C] -> 0x5793
mem[X,0x000000008000003E] -> 0x0399
[20] [M]: 0x000000008000003C (0x03995793) srli a5, s2, 0x39
x15 <- 0x0000000000000000
mem[X,0x0000000080000040] -> 0xE9B3
mem[X,0x0000000080000042] -> 0x00F9
[21] [M]: 0x0000000080000040 (0x00F9E9B3) or s3, s3, a5
x19 <- 0x000003EADFEEDBEA
mem[X,0x0000000080000044] -> 0xDA13
mem[X,0x0000000080000046] -> 0x0079
[22] [M]: 0x0000000080000044 (0x0079DA13) srli s4, s3, 0x7
x20 <- 0x00000007D5BFDDB7
mem[X,0x0000000080000048] -> 0xD793
mem[X,0x000000008000004A] -> 0x0399
[23] [M]: 0x0000000080000048 (0x0399D793) srli a5, s3, 0x39
x15 <- 0x0000000000000000
mem[X,0x000000008000004C] -> 0x6A33
mem[X,0x000000008000004E] -> 0x00FA
[24] [M]: 0x000000008000004C (0x00FA6A33) or s4, s4, a5
x20 <- 0x00000007D5BFDDB7
mem[X,0x0000000080000050] -> 0x5A93
mem[X,0x0000000080000052] -> 0x007A
[25] [M]: 0x0000000080000050 (0x007A5A93) srli s5, s4, 0x7
x21 <- 0x000000000FAB7FBB
mem[X,0x0000000080000054] -> 0x5793
mem[X,0x0000000080000056] -> 0x039A
[26] [M]: 0x0000000080000054 (0x039A5793) srli a5, s4, 0x39
x15 <- 0x0000000000000000
mem[X,0x0000000080000058] -> 0xEAB3
mem[X,0x000000008000005A] -> 0x00FA
[27] [M]: 0x0000000080000058 (0x00FAEAB3) or s5, s5, a5
x21 <- 0x000000000FAB7FBB
mem[X,0x000000008000005C] -> 0xDB13
mem[X,0x000000008000005E] -> 0x007A
[28] [M]: 0x000000008000005C (0x007ADB13) srli s6, s5, 0x7
x22 <- 0x00000000001F56FF
mem[X,0x0000000080000060] -> 0xD793
mem[X,0x0000000080000062] -> 0x039A
[29] [M]: 0x0000000080000060 (0x039AD793) srli a5, s5, 0x39
x15 <- 0x0000000000000000
mem[X,0x0000000080000064] -> 0x6B33
mem[X,0x0000000080000066] -> 0x00FB
[30] [M]: 0x0000000080000064 (0x00FB6B33) or s6, s6, a5
x22 <- 0x00000000001F56FF
mem[X,0x0000000080000068] -> 0x5B93
mem[X,0x000000008000006A] -> 0x007B
[31] [M]: 0x0000000080000068 (0x007B5B93) srli s7, s6, 0x7
x23 <- 0x0000000000003EAD
mem[X,0x000000008000006C] -> 0x5793
mem[X,0x000000008000006E] -> 0x039B
[32] [M]: 0x000000008000006C (0x039B5793) srli a5, s6, 0x39
x15 <- 0x0000000000000000
mem[X,0x0000000080000070] -> 0xEBB3
mem[X,0x0000000080000072] -> 0x00FB
[33] [M]: 0x0000000080000070 (0x00FBEBB3) or s7, s7, a5
x23 <- 0x0000000000003EAD
mem[X,0x0000000080000074] -> 0xDC13
mem[X,0x0000000080000076] -> 0x007B
[34] [M]: 0x0000000080000074 (0x007BDC13) srli s8, s7, 0x7
x24 <- 0x000000000000007D
mem[X,0x0000000080000078] -> 0xD793
mem[X,0x000000008000007A] -> 0x039B
[35] [M]: 0x0000000080000078 (0x039BD793) srli a5, s7, 0x39
x15 <- 0x0000000000000000
mem[X,0x000000008000007C] -> 0x6C33
mem[X,0x000000008000007E] -> 0x00FC
[36] [M]: 0x000000008000007C (0x00FC6C33) or s8, s8, a5
x24 <- 0x000000000000007D
mem[X,0x0000000080000080] -> 0x5C93
mem[X,0x0000000080000082] -> 0x007C
[37] [M]: 0x0000000080000080 (0x007C5C93) srli s9, s8, 0x7
x25 <- 0x0000000000000000
mem[X,0x0000000080000084] -> 0x5793
mem[X,0x0000000080000086] -> 0x039C
[38] [M]: 0x0000000080000084 (0x039C5793) srli a5, s8, 0x39
x15 <- 0x0000000000000000
mem[X,0x0000000080000088] -> 0xECB3
mem[X,0x000000008000008A] -> 0x00FC
[39] [M]: 0x0000000080000088 (0x00FCECB3) or s9, s9, a5
x25 <- 0x0000000000000000
mem[X,0x000000008000008C] -> 0xDD13
mem[X,0x000000008000008E] -> 0x007C
[40] [M]: 0x000000008000008C (0x007CDD13) srli s10, s9, 0x7
x26 <- 0x0000000000000000
mem[X,0x0000000080000090] -> 0xD793
mem[X,0x0000000080000092] -> 0x039C
[41] [M]: 0x0000000080000090 (0x039CD793) srli a5, s9, 0x39
x15 <- 0x0000000000000000
mem[X,0x0000000080000094] -> 0x6D33
mem[X,0x0000000080000096] -> 0x00FD
[42] [M]: 0x0000000080000094 (0x00FD6D33) or s10, s10, a5
x26 <- 0x0000000000000000
mem[X,0x0000000080000098] -> 0x5D93
mem[X,0x000000008000009A] -> 0x007D
[43] [M]: 0x0000000080000098 (0x007D5D93) srli s11, s10, 0x7
x27 <- 0x0000000000000000
mem[X,0x000000008000009C] -> 0x5793
mem[X,0x000000008000009E] -> 0x039D
[44] [M]: 0x000000008000009C (0x039D5793) srli a5, s10, 0x39
x15 <- 0x0000000000000000
mem[X,0x00000000800000A0] -> 0xEDB3
mem[X,0x00000000800000A2] -> 0x00FD
[45] [M]: 0x00000000800000A0 (0x00FDEDB3) or s11, s11, a5
x27 <- 0x0000000000000000
mem[X,0x00000000800000A4] -> 0xDE13
mem[X,0x00000000800000A6] -> 0x007D
[46] [M]: 0x00000000800000A4 (0x007DDE13) srli t3, s11, 0x7
x28 <- 0x0000000000000000
mem[X,0x00000000800000A8] -> 0xD793
mem[X,0x00000000800000AA] -> 0x039D
[47] [M]: 0x00000000800000A8 (0x039DD793) srli a5, s11, 0x39
x15 <- 0x0000000000000000
mem[X,0x00000000800000AC] -> 0x6E33
mem[X,0x00000000800000AE] -> 0x00FE
[48] [M]: 0x00000000800000AC (0x00FE6E33) or t3, t3, a5
x28 <- 0x0000000000000000
mem[X,0x00000000800000B0] -> 0x5E93
mem[X,0x00000000800000B2] -> 0x007E
[49] [M]: 0x00000000800000B0 (0x007E5E93) srli t4, t3, 0x7
x29 <- 0x0000000000000000
mem[X,0x00000000800000B4] -> 0x5793
mem[X,0x00000000800000B6] -> 0x039E
[50] [M]: 0x00000000800000B4 (0x039E5793) srli a5, t3, 0x39
x15 <- 0x0000000000000000
mem[X,0x00000000800000B8] -> 0xEEB3
mem[X,0x00000000800000BA] -> 0x00FE
[51] [M]: 0x00000000800000B8 (0x00FEEEB3) or t4, t4, a5
x29 <- 0x0000000000000000
mem[X,0x00000000800000BC] -> 0xDF13
mem[X,0x00000000800000BE] -> 0x007E
[52] [M]: 0x00000000800000BC (0x007EDF13) srli t5, t4, 0x7
x30 <- 0x0000000000000000
mem[X,0x00000000800000C0] -> 0xD793
mem[X,0x00000000800000C2] -> 0x039E
[53] [M]: 0x00000000800000C0 (0x039ED793) srli a5, t4, 0x39
x15 <- 0x0000000000000000
mem[X,0x00000000800000C4] -> 0x6F33
mem[X,0x00000000800000C6] -> 0x00FF
[54] [M]: 0x00000000800000C4 (0x00FF6F33) or t5, t5, a5
x30 <- 0x0000000000000000
mem[X,0x00000000800000C8] -> 0xC0B7
mem[X,0x00000000800000CA] -> 0xFEED
[55] [M]: 0x00000000800000C8 (0xFEEDC0B7) lui ra, -0x1124
x1 <- 0xFFFFFFFFFEEDC000
mem[X,0x00000000800000CC] -> 0x8093
mem[X,0x00000000800000CE] -> 0xEAD0
[56] [M]: 0x00000000800000CC (0xEAD08093) addi ra, ra, -0x153
x1 <- 0xFFFFFFFFFEEDBEAD
mem[X,0x00000000800000D0] -> 0x9093
mem[X,0x00000000800000D2] -> 0x00B0
[57] [M]: 0x00000000800000D0 (0x00B09093) slli ra, ra, 0xb
x1 <- 0xFFFFFFF76DF56800
mem[X,0x00000000800000D4] -> 0x8093
mem[X,0x00000000800000D6] -> 0x7F70
[58] [M]: 0x00000000800000D4 (0x7F708093) addi ra, ra, 0x7f7
x1 <- 0xFFFFFFF76DF56FF7
mem[X,0x00000000800000D8] -> 0x9093
mem[X,0x00000000800000DA] -> 0x00B0
[59] [M]: 0x00000000800000D8 (0x00B09093) slli ra, ra, 0xb
x1 <- 0xFFFFBB6FAB7FB800
mem[X,0x00000000800000DC] -> 0x8093
mem[X,0x00000000800000DE] -> 0x36F0
[60] [M]: 0x00000000800000DC (0x36F08093) addi ra, ra, 0x36f
x1 <- 0xFFFFBB6FAB7FBB6F
mem[X,0x00000000800000E0] -> 0x9093
mem[X,0x00000000800000E2] -> 0x00A0
[61] [M]: 0x00000000800000E0 (0x00A09093) slli ra, ra, 0xa
x1 <- 0xFEEDBEADFEEDBC00
mem[X,0x00000000800000E4] -> 0x8093
mem[X,0x00000000800000E6] -> 0x2AD0
[62] [M]: 0x00000000800000E4 (0x2AD08093) addi ra, ra, 0x2ad
x1 <- 0xFEEDBEADFEEDBEAD
mem[X,0x00000000800000E8] -> 0xD113
mem[X,0x00000000800000EA] -> 0x0070
[63] [M]: 0x00000000800000E8 (0x0070D113) srli sp, ra, 0x7
x2 <- 0x01FDDB7D5BFDDB7D
mem[X,0x00000000800000EC] -> 0xD793
mem[X,0x00000000800000EE] -> 0x0390
[64] [M]: 0x00000000800000EC (0x0390D793) srli a5, ra, 0x39
x15 <- 0x000000000000007F
mem[X,0x00000000800000F0] -> 0x6133
mem[X,0x00000000800000F2] -> 0x00F1
[65] [M]: 0x00000000800000F0 (0x00F16133) or sp, sp, a5
x2 <- 0x01FDDB7D5BFDDB7F
mem[X,0x00000000800000F4] -> 0x5193
mem[X,0x00000000800000F6] -> 0x0071
[66] [M]: 0x00000000800000F4 (0x00715193) srli gp, sp, 0x7
x3 <- 0x0003FBB6FAB7FBB6
mem[X,0x00000000800000F8] -> 0x5793
mem[X,0x00000000800000FA] -> 0x0391
[67] [M]: 0x00000000800000F8 (0x03915793) srli a5, sp, 0x39
x15 <- 0x0000000000000000
mem[X,0x00000000800000FC] -> 0xE1B3
mem[X,0x00000000800000FE] -> 0x00F1
[68] [M]: 0x00000000800000FC (0x00F1E1B3) or gp, gp, a5
x3 <- 0x0003FBB6FAB7FBB6
mem[X,0x0000000080000100] -> 0xD213
mem[X,0x0000000080000102] -> 0x0071
[69] [M]: 0x0000000080000100 (0x0071D213) srli tp, gp, 0x7
x4 <- 0x000007F76DF56FF7
mem[X,0x0000000080000104] -> 0xD793
mem[X,0x0000000080000106] -> 0x0391
[70] [M]: 0x0000000080000104 (0x0391D793) srli a5, gp, 0x39
x15 <- 0x0000000000000000
mem[X,0x0000000080000108] -> 0x6233
mem[X,0x000000008000010A] -> 0x00F2
[71] [M]: 0x0000000080000108 (0x00F26233) or tp, tp, a5
x4 <- 0x000007F76DF56FF7
mem[X,0x000000008000010C] -> 0x5293
mem[X,0x000000008000010E] -> 0x0072
[72] [M]: 0x000000008000010C (0x00725293) srli t0, tp, 0x7
x5 <- 0x0000000FEEDBEADF
mem[X,0x0000000080000110] -> 0x5793
mem[X,0x0000000080000112] -> 0x0392
[73] [M]: 0x0000000080000110 (0x03925793) srli a5, tp, 0x39
x15 <- 0x0000000000000000
mem[X,0x0000000080000114] -> 0xE2B3
mem[X,0x0000000080000116] -> 0x00F2
[74] [M]: 0x0000000080000114 (0x00F2E2B3) or t0, t0, a5
x5 <- 0x0000000FEEDBEADF
mem[X,0x0000000080000118] -> 0xD313
mem[X,0x000000008000011A] -> 0x0072
[75] [M]: 0x0000000080000118 (0x0072D313) srli t1, t0, 0x7
x6 <- 0x000000001FDDB7D5
mem[X,0x000000008000011C] -> 0xD793
mem[X,0x000000008000011E] -> 0x0392
[76] [M]: 0x000000008000011C (0x0392D793) srli a5, t0, 0x39
x15 <- 0x0000000000000000
mem[X,0x0000000080000120] -> 0x6333
mem[X,0x0000000080000122] -> 0x00F3
[77] [M]: 0x0000000080000120 (0x00F36333) or t1, t1, a5
x6 <- 0x000000001FDDB7D5
mem[X,0x0000000080000124] -> 0x5393
mem[X,0x0000000080000126] -> 0x0073
[78] [M]: 0x0000000080000124 (0x00735393) srli t2, t1, 0x7
x7 <- 0x00000000003FBB6F
mem[X,0x0000000080000128] -> 0x5793
mem[X,0x000000008000012A] -> 0x0393
[79] [M]: 0x0000000080000128 (0x03935793) srli a5, t1, 0x39
x15 <- 0x0000000000000000
mem[X,0x000000008000012C] -> 0xE3B3
mem[X,0x000000008000012E] -> 0x00F3
[80] [M]: 0x000000008000012C (0x00F3E3B3) or t2, t2, a5
x7 <- 0x00000000003FBB6F
mem[X,0x0000000080000130] -> 0xD413
mem[X,0x0000000080000132] -> 0x0073
[81] [M]: 0x0000000080000130 (0x0073D413) srli fp, t2, 0x7
x8 <- 0x0000000000007F76
mem[X,0x0000000080000134] -> 0xD793
mem[X,0x0000000080000136] -> 0x0393
[82] [M]: 0x0000000080000134 (0x0393D793) srli a5, t2, 0x39
x15 <- 0x0000000000000000
mem[X,0x0000000080000138] -> 0x6433
mem[X,0x000000008000013A] -> 0x00F4
[83] [M]: 0x0000000080000138 (0x00F46433) or fp, fp, a5
x8 <- 0x0000000000007F76
mem[X,0x000000008000013C] -> 0x5493
mem[X,0x000000008000013E] -> 0x0074
[84] [M]: 0x000000008000013C (0x00745493) srli s1, fp, 0x7
x9 <- 0x00000000000000FE
mem[X,0x0000000080000140] -> 0x5793
mem[X,0x0000000080000142] -> 0x0394
[85] [M]: 0x0000000080000140 (0x03945793) srli a5, fp, 0x39
x15 <- 0x0000000000000000
mem[X,0x0000000080000144] -> 0xE4B3
mem[X,0x0000000080000146] -> 0x00F4
[86] [M]: 0x0000000080000144 (0x00F4E4B3) or s1, s1, a5
x9 <- 0x00000000000000FE
mem[X,0x0000000080000148] -> 0xD513
mem[X,0x000000008000014A] -> 0x0074
[87] [M]: 0x0000000080000148 (0x0074D513) srli a0, s1, 0x7
x10 <- 0x0000000000000001
mem[X,0x000000008000014C] -> 0xD793
mem[X,0x000000008000014E] -> 0x0394
[88] [M]: 0x000000008000014C (0x0394D793) srli a5, s1, 0x39
x15 <- 0x0000000000000000
mem[X,0x0000000080000150] -> 0x6533
mem[X,0x0000000080000152] -> 0x00F5
[89] [M]: 0x0000000080000150 (0x00F56533) or a0, a0, a5
x10 <- 0x0000000000000001
mem[X,0x0000000080000154] -> 0x5593
mem[X,0x0000000080000156] -> 0x0075
[90] [M]: 0x0000000080000154 (0x00755593) srli a1, a0, 0x7
x11 <- 0x0000000000000000
mem[X,0x0000000080000158] -> 0x5793
mem[X,0x000000008000015A] -> 0x0395
[91] [M]: 0x0000000080000158 (0x03955793) srli a5, a0, 0x39
x15 <- 0x0000000000000000
mem[X,0x000000008000015C] -> 0xE5B3
mem[X,0x000000008000015E] -> 0x00F5
[92] [M]: 0x000000008000015C (0x00F5E5B3) or a1, a1, a5
x11 <- 0x0000000000000000
mem[X,0x0000000080000160] -> 0xD613
mem[X,0x0000000080000162] -> 0x0075
[93] [M]: 0x0000000080000160 (0x0075D613) srli a2, a1, 0x7
x12 <- 0x0000000000000000
mem[X,0x0000000080000164] -> 0xD793
mem[X,0x0000000080000166] -> 0x0395
[94] [M]: 0x0000000080000164 (0x0395D793) srli a5, a1, 0x39
x15 <- 0x0000000000000000
mem[X,0x0000000080000168] -> 0x6633
mem[X,0x000000008000016A] -> 0x00F6
[95] [M]: 0x0000000080000168 (0x00F66633) or a2, a2, a5
x12 <- 0x0000000000000000
mem[X,0x000000008000016C] -> 0x5693
mem[X,0x000000008000016E] -> 0x0076
[96] [M]: 0x000000008000016C (0x00765693) srli a3, a2, 0x7
x13 <- 0x0000000000000000
mem[X,0x0000000080000170] -> 0x5793
mem[X,0x0000000080000172] -> 0x0396
[97] [M]: 0x0000000080000170 (0x03965793) srli a5, a2, 0x39
x15 <- 0x0000000000000000
mem[X,0x0000000080000174] -> 0xE6B3
mem[X,0x0000000080000176] -> 0x00F6
[98] [M]: 0x0000000080000174 (0x00F6E6B3) or a3, a3, a5
x13 <- 0x0000000000000000
mem[X,0x0000000080000178] -> 0x0013
mem[X,0x000000008000017A] -> 0x0000
[99] [M]: 0x0000000080000178 (0x00000013) addi zero, zero, 0x0
clint::tick mtime <- 0x0000000000000001
 clint timer pending at mtime 0x0000000000000001
htif::tick 0x0000000000000000
mem[X,0x000000008000017C] -> 0x0013
mem[X,0x000000008000017E] -> 0x0000
[100] [M]: 0x000000008000017C (0x00000013) addi zero, zero, 0x0
mem[X,0x0000000080000180] -> 0xF217
mem[X,0x0000000080000182] -> 0x0004
[101] [M]: 0x0000000080000180 (0x0004F217) auipc tp, 0x4f
x4 <- 0x000000008004F180
mem[X,0x0000000080000184] -> 0x0213
mem[X,0x0000000080000186] -> 0xF982
[102] [M]: 0x0000000080000184 (0xF9820213) addi tp, tp, -0x68
x4 <- 0x000000008004F118
mem[X,0x0000000080000188] -> 0x0013
mem[X,0x000000008000018A] -> 0x0000
[103] [M]: 0x0000000080000188 (0x00000013) addi zero, zero, 0x0
mem[X,0x000000008000018C] -> 0x0013
mem[X,0x000000008000018E] -> 0x0000
[104] [M]: 0x000000008000018C (0x00000013) addi zero, zero, 0x0
mem[X,0x0000000080000190] -> 0x0013
mem[X,0x0000000080000192] -> 0x0000
[105] [M]: 0x0000000080000190 (0x00000013) addi zero, zero, 0x0
mem[X,0x0000000080000194] -> 0x0013
mem[X,0x0000000080000196] -> 0x0000
[106] [M]: 0x0000000080000194 (0x00000013) addi zero, zero, 0x0
mem[X,0x0000000080000198] -> 0x0013
mem[X,0x000000008000019A] -> 0x0000
[107] [M]: 0x0000000080000198 (0x00000013) addi zero, zero, 0x0
mem[X,0x000000008000019C] -> 0x0013
mem[X,0x000000008000019E] -> 0x0000
[108] [M]: 0x000000008000019C (0x00000013) addi zero, zero, 0x0
mem[X,0x00000000800001A0] -> 0x0413
mem[X,0x00000000800001A2] -> 0x0050
[109] [M]: 0x00000000800001A0 (0x00500413) addi fp, zero, 0x5
x8 <- 0x0000000000000005
mem[X,0x00000000800001A4] -> 0x58B7
mem[X,0x00000000800001A6] -> 0x5555
[110] [M]: 0x00000000800001A4 (0x555558B7) lui a7, 0x55555
x17 <- 0x0000000055555000
mem[X,0x00000000800001A8] -> 0x8893
mem[X,0x00000000800001AA] -> 0x5558
[111] [M]: 0x00000000800001A8 (0x55588893) addi a7, a7, 0x555
x17 <- 0x0000000055555555
mem[X,0x00000000800001AC] -> 0x9893
mem[X,0x00000000800001AE] -> 0x00B8
[112] [M]: 0x00000000800001AC (0x00B89893) slli a7, a7, 0xb
x17 <- 0x000002AAAAAAA800
mem[X,0x00000000800001B0] -> 0x8893
mem[X,0x00000000800001B2] -> 0x2AA8
[113] [M]: 0x00000000800001B0 (0x2AA88893) addi a7, a7, 0x2aa
x17 <- 0x000002AAAAAAAAAA
mem[X,0x00000000800001B4] -> 0x9893
mem[X,0x00000000800001B6] -> 0x00B8
[114] [M]: 0x00000000800001B4 (0x00B89893) slli a7, a7, 0xb
x17 <- 0x0015555555555000
mem[X,0x00000000800001B8] -> 0x8893
mem[X,0x00000000800001BA] -> 0x5558
[115] [M]: 0x00000000800001B8 (0x55588893) addi a7, a7, 0x555
x17 <- 0x0015555555555555
mem[X,0x00000000800001BC] -> 0x9893
mem[X,0x00000000800001BE] -> 0x00A8
[116] [M]: 0x00000000800001BC (0x00A89893) slli a7, a7, 0xa
x17 <- 0x5555555555555400
mem[X,0x00000000800001C0] -> 0x8893
mem[X,0x00000000800001C2] -> 0x1558
[117] [M]: 0x00000000800001C0 (0x15588893) addi a7, a7, 0x155
x17 <- 0x5555555555555555
mem[X,0x00000000800001C4] -> 0x0993
mem[X,0x00000000800001C6] -> 0x0000
[118] [M]: 0x00000000800001C4 (0x00000993) addi s3, zero, 0x0
x19 <- 0x0000000000000000
mem[X,0x00000000800001C8] -> 0x006F
mem[X,0x00000000800001CA] -> 0x00C0
[119] [M]: 0x00000000800001C8 (0x00C0006F) jal zero, 0xc
mem[X,0x00000000800001D4] -> 0x4663
mem[X,0x00000000800001D6] -> 0x0114
[120] [M]: 0x00000000800001D4 (0x01144663) blt fp, a7, 0xc
mem[X,0x00000000800001E0] -> 0x8993
mem[X,0x00000000800001E2] -> 0x0039
[121] [M]: 0x00000000800001E0 (0x00398993) addi s3, s3, 0x3
x19 <- 0x0000000000000003
mem[X,0x00000000800001E4] -> 0x006F
mem[X,0x00000000800001E6] -> 0x0040
[122] [M]: 0x00000000800001E4 (0x0040006F) jal zero, 0x4
mem[X,0x00000000800001E8] -> 0x3023
mem[X,0x00000000800001EA] -> 0x0132
[123] [M]: 0x00000000800001E8 (0x01323023) sd s3, 0x0(tp)
mem[0x000000008004F118] <- 0x0000000000000003
mem[X,0x00000000800001EC] -> 0x0393
mem[X,0x00000000800001EE] -> 0x1000
[124] [M]: 0x00000000800001EC (0x10000393) addi t2, zero, 0x100
x7 <- 0x0000000000000100
mem[X,0x00000000800001F0] -> 0x0393
mem[X,0x00000000800001F2] -> 0x1000
[125] [M]: 0x00000000800001F0 (0x10000393) addi t2, zero, 0x100
x7 <- 0x0000000000000100
mem[X,0x00000000800001F4] -> 0x0993
mem[X,0x00000000800001F6] -> 0x0000
[126] [M]: 0x00000000800001F4 (0x00000993) addi s3, zero, 0x0
x19 <- 0x0000000000000000
mem[X,0x00000000800001F8] -> 0x006F
mem[X,0x00000000800001FA] -> 0x00C0
[127] [M]: 0x00000000800001F8 (0x00C0006F) jal zero, 0xc
mem[X,0x0000000080000204] -> 0xC063
mem[X,0x0000000080000206] -> 0x0873
[128] [M]: 0x0000000080000204 (0x0873C063) blt t2, t2, 0x80
mem[X,0x0000000080000208] -> 0x8993
mem[X,0x000000008000020A] -> 0x0029
[129] [M]: 0x0000000080000208 (0x00298993) addi s3, s3, 0x2
x19 <- 0x0000000000000002
mem[X,0x000000008000020C] -> 0x006F
mem[X,0x000000008000020E] -> 0x0800
[130] [M]: 0x000000008000020C (0x0800006F) jal zero, 0x80
mem[X,0x000000008000028C] -> 0x3423
mem[X,0x000000008000028E] -> 0x0132
[131] [M]: 0x000000008000028C (0x01323423) sd s3, 0x8(tp)
mem[0x000000008004F120] <- 0x0000000000000002
mem[X,0x0000000080000290] -> 0x0E13
mem[X,0x0000000080000292] -> 0x0010
[132] [M]: 0x0000000080000290 (0x00100E13) addi t3, zero, 0x1
x28 <- 0x0000000000000001
mem[X,0x0000000080000294] -> 0x1E13
mem[X,0x0000000080000296] -> 0x036E
[133] [M]: 0x0000000080000294 (0x036E1E13) slli t3, t3, 0x36
x28 <- 0x0040000000000000
mem[X,0x0000000080000298] -> 0x4E13
mem[X,0x000000008000029A] -> 0xFFFE
[134] [M]: 0x0000000080000298 (0xFFFE4E13) xori t3, t3, -0x1
x28 <- 0xFFBFFFFFFFFFFFFF
mem[X,0x000000008000029C] -> 0x0913
mem[X,0x000000008000029E] -> 0x0010
[135] [M]: 0x000000008000029C (0x00100913) addi s2, zero, 0x1
x18 <- 0x0000000000000001
mem[X,0x00000000800002A0] -> 0x1913
mem[X,0x00000000800002A2] -> 0x03E9
[136] [M]: 0x00000000800002A0 (0x03E91913) slli s2, s2, 0x3e
x18 <- 0x4000000000000000
mem[X,0x00000000800002A4] -> 0x4913
mem[X,0x00000000800002A6] -> 0xFFF9
[137] [M]: 0x00000000800002A4 (0xFFF94913) xori s2, s2, -0x1
x18 <- 0xBFFFFFFFFFFFFFFF
mem[X,0x00000000800002A8] -> 0x0993
mem[X,0x00000000800002AA] -> 0x0000
[138] [M]: 0x00000000800002A8 (0x00000993) addi s3, zero, 0x0
x19 <- 0x0000000000000000
mem[X,0x00000000800002AC] -> 0x006F
mem[X,0x00000000800002AE] -> 0x00C0
[139] [M]: 0x00000000800002AC (0x00C0006F) jal zero, 0xc
mem[X,0x00000000800002B8] -> 0x4663
mem[X,0x00000000800002BA] -> 0x012E
[140] [M]: 0x00000000800002B8 (0x012E4663) blt t3, s2, 0xc
mem[X,0x00000000800002BC] -> 0x8993
mem[X,0x00000000800002BE] -> 0x0029
[141] [M]: 0x00000000800002BC (0x00298993) addi s3, s3, 0x2
x19 <- 0x0000000000000002
mem[X,0x00000000800002C0] -> 0x006F
mem[X,0x00000000800002C2] -> 0x00C0
[142] [M]: 0x00000000800002C0 (0x00C0006F) jal zero, 0xc
mem[X,0x00000000800002CC] -> 0x3823
mem[X,0x00000000800002CE] -> 0x0132
[143] [M]: 0x00000000800002CC (0x01323823) sd s3, 0x10(tp)
mem[0x000000008004F128] <- 0x0000000000000002
mem[X,0x00000000800002D0] -> 0x0B13
mem[X,0x00000000800002D2] -> 0x0010
[144] [M]: 0x00000000800002D0 (0x00100B13) addi s6, zero, 0x1
x22 <- 0x0000000000000001
mem[X,0x00000000800002D4] -> 0x1B13
mem[X,0x00000000800002D6] -> 0x022B
[145] [M]: 0x00000000800002D4 (0x022B1B13) slli s6, s6, 0x22
x22 <- 0x0000000400000000
mem[X,0x00000000800002D8] -> 0x4B13
mem[X,0x00000000800002DA] -> 0xFFFB
[146] [M]: 0x00000000800002D8 (0xFFFB4B13) xori s6, s6, -0x1
x22 <- 0xFFFFFFFBFFFFFFFF
mem[X,0x00000000800002DC] -> 0x0013
mem[X,0x00000000800002DE] -> 0x0000
[147] [M]: 0x00000000800002DC (0x00000013) addi zero, zero, 0x0
mem[X,0x00000000800002E0] -> 0x0993
mem[X,0x00000000800002E2] -> 0x0000
[148] [M]: 0x00000000800002E0 (0x00000993) addi s3, zero, 0x0
x19 <- 0x0000000000000000
mem[X,0x00000000800002E4] -> 0x006F
mem[X,0x00000000800002E6] -> 0x0050
[149] [M]: 0x00000000800002E4 (0x0050006F) jal zero, 0x804
mem[X,0x0000000080000AE8] -> 0x40E3
mem[X,0x0000000080000AEA] -> 0x800B
[150] [M]: 0x0000000080000AE8 (0x800B40E3) blt s6, zero, -0x800
mem[X,0x00000000800002E8] -> 0x8993
mem[X,0x00000000800002EA] -> 0x0019
[151] [M]: 0x00000000800002E8 (0x00198993) addi s3, s3, 0x1
x19 <- 0x0000000000000001
mem[X,0x00000000800002EC] -> 0x006F
mem[X,0x00000000800002EE] -> 0x0110
[152] [M]: 0x00000000800002EC (0x0110006F) jal zero, 0x810
mem[X,0x0000000080000AFC] -> 0x3C23
mem[X,0x0000000080000AFE] -> 0x0132
[153] [M]: 0x0000000080000AFC (0x01323C23) sd s3, 0x18(tp)
mem[0x000000008004F130] <- 0x0000000000000001
mem[X,0x0000000080000B00] -> 0x0113
mem[X,0x0000000080000B02] -> 0xFFF0
[154] [M]: 0x0000000080000B00 (0xFFF00113) addi sp, zero, -0x1
x2 <- 0xFFFFFFFFFFFFFFFF
mem[X,0x0000000080000B04] -> 0x1113
mem[X,0x0000000080000B06] -> 0x03F1
[155] [M]: 0x0000000080000B04 (0x03F11113) slli sp, sp, 0x3f
x2 <- 0x8000000000000000
mem[X,0x0000000080000B08] -> 0x0D93
mem[X,0x0000000080000B0A] -> 0xFFF0
[156] [M]: 0x0000000080000B08 (0xFFF00D93) addi s11, zero, -0x1
x27 <- 0xFFFFFFFFFFFFFFFF
mem[X,0x0000000080000B0C] -> 0x9D93
mem[X,0x0000000080000B0E] -> 0x03FD
[157] [M]: 0x0000000080000B0C (0x03FD9D93) slli s11, s11, 0x3f
x27 <- 0x8000000000000000
mem[X,0x0000000080000B10] -> 0x0993
mem[X,0x0000000080000B12] -> 0x0000
[158] [M]: 0x0000000080000B10 (0x00000993) addi s3, zero, 0x0
x19 <- 0x0000000000000000
mem[X,0x0000000080000B14] -> 0x006F
mem[X,0x0000000080000B16] -> 0x00C0
[159] [M]: 0x0000000080000B14 (0x00C0006F) jal zero, 0xc
mem[X,0x0000000080000B20] -> 0x4063
mem[X,0x0000000080000B22] -> 0x21B1
[160] [M]: 0x0000000080000B20 (0x21B14063) blt sp, s11, 0x200
mem[X,0x0000000080000B24] -> 0x8993
mem[X,0x0000000080000B26] -> 0x0029
[161] [M]: 0x0000000080000B24 (0x00298993) addi s3, s3, 0x2
x19 <- 0x0000000000000002
mem[X,0x0000000080000B28] -> 0x006F
mem[X,0x0000000080000B2A] -> 0x2000
[162] [M]: 0x0000000080000B28 (0x2000006F) jal zero, 0x200
mem[X,0x0000000080000D28] -> 0x3023
mem[X,0x0000000080000D2A] -> 0x0332
[163] [M]: 0x0000000080000D28 (0x03323023) sd s3, 0x20(tp)
mem[0x000000008004F138] <- 0x0000000000000002
mem[X,0x0000000080000D2C] -> 0x0013
mem[X,0x0000000080000D2E] -> 0x0000
[164] [M]: 0x0000000080000D2C (0x00000013) addi zero, zero, 0x0
mem[X,0x0000000080000D30] -> 0x0293
mem[X,0x0000000080000D32] -> 0x0000
[165] [M]: 0x0000000080000D30 (0x00000293) addi t0, zero, 0x0
x5 <- 0x0000000000000000
mem[X,0x0000000080000D34] -> 0x0993
mem[X,0x0000000080000D36] -> 0x0000
[166] [M]: 0x0000000080000D34 (0x00000993) addi s3, zero, 0x0
x19 <- 0x0000000000000000
mem[X,0x0000000080000D38] -> 0x006F
mem[X,0x0000000080000D3A] -> 0x0140
[167] [M]: 0x0000000080000D38 (0x0140006F) jal zero, 0x14
mem[X,0x0000000080000D4C] -> 0x48E3
mem[X,0x0000000080000D4E] -> 0xFE50
[168] [M]: 0x0000000080000D4C (0xFE5048E3) blt zero, t0, -0x10
mem[X,0x0000000080000D50] -> 0x8993
mem[X,0x0000000080000D52] -> 0x0029
[169] [M]: 0x0000000080000D50 (0x00298993) addi s3, s3, 0x2
x19 <- 0x0000000000000002
mem[X,0x0000000080000D54] -> 0x006F
mem[X,0x0000000080000D56] -> 0x00C0
[170] [M]: 0x0000000080000D54 (0x00C0006F) jal zero, 0xc
mem[X,0x0000000080000D60] -> 0x3423
mem[X,0x0000000080000D62] -> 0x0332
[171] [M]: 0x0000000080000D60 (0x03323423) sd s3, 0x28(tp)
mem[0x000000008004F140] <- 0x0000000000000002
mem[X,0x0000000080000D64] -> 0x0093
mem[X,0x0000000080000D66] -> 0x0200
[172] [M]: 0x0000000080000D64 (0x02000093) addi ra, zero, 0x20
x1 <- 0x0000000000000020
mem[X,0x0000000080000D68] -> 0x0513
mem[X,0x0000000080000D6A] -> 0xDFF0
[173] [M]: 0x0000000080000D68 (0xDFF00513) addi a0, zero, -0x201
x10 <- 0xFFFFFFFFFFFFFDFF
mem[X,0x0000000080000D6C] -> 0x0993
mem[X,0x0000000080000D6E] -> 0x0000
[174] [M]: 0x0000000080000D6C (0x00000993) addi s3, zero, 0x0
x19 <- 0x0000000000000000
mem[X,0x0000000080000D70] -> 0x006F
mem[X,0x0000000080000D72] -> 0x0140
[175] [M]: 0x0000000080000D70 (0x0140006F) jal zero, 0x14
mem[X,0x0000000080000D84] -> 0xC8E3
mem[X,0x0000000080000D86] -> 0xFEA0
[176] [M]: 0x0000000080000D84 (0xFEA0C8E3) blt ra, a0, -0x10
mem[X,0x0000000080000D88] -> 0x8993
mem[X,0x0000000080000D8A] -> 0x0029
[177] [M]: 0x0000000080000D88 (0x00298993) addi s3, s3, 0x2
x19 <- 0x0000000000000002
mem[X,0x0000000080000D8C] -> 0x006F
mem[X,0x0000000080000D8E] -> 0x00C0
[178] [M]: 0x0000000080000D8C (0x00C0006F) jal zero, 0xc
mem[X,0x0000000080000D98] -> 0x3823
mem[X,0x0000000080000D9A] -> 0x0332
[179] [M]: 0x0000000080000D98 (0x03323823) sd s3, 0x30(tp)
mem[0x000000008004F148] <- 0x0000000000000002
mem[X,0x0000000080000D9C] -> 0x0E93
mem[X,0x0000000080000D9E] -> 0x0010
[180] [M]: 0x0000000080000D9C (0x00100E93) addi t4, zero, 0x1
x29 <- 0x0000000000000001
mem[X,0x0000000080000DA0] -> 0x9E93
mem[X,0x0000000080000DA2] -> 0x01FE
[181] [M]: 0x0000000080000DA0 (0x01FE9E93) slli t4, t4, 0x1f
x29 <- 0x0000000080000000
mem[X,0x0000000080000DA4] -> 0xCE93
mem[X,0x0000000080000DA6] -> 0xFFFE
[182] [M]: 0x0000000080000DA4 (0xFFFECE93) xori t4, t4, -0x1
x29 <- 0xFFFFFFFF7FFFFFFF
mem[X,0x0000000080000DA8] -> 0x0313
mem[X,0x0000000080000DAA] -> 0x0000
[183] [M]: 0x0000000080000DA8 (0x00000313) addi t1, zero, 0x0
x6 <- 0x0000000000000000
mem[X,0x0000000080000DAC] -> 0x0993
mem[X,0x0000000080000DAE] -> 0x0000
[184] [M]: 0x0000000080000DAC (0x00000993) addi s3, zero, 0x0
x19 <- 0x0000000000000000
mem[X,0x0000000080000DB0] -> 0x006F
mem[X,0x0000000080000DB2] -> 0x00C0
[185] [M]: 0x0000000080000DB0 (0x00C0006F) jal zero, 0xc
mem[X,0x0000000080000DBC] -> 0xC663
mem[X,0x0000000080000DBE] -> 0x006E
[186] [M]: 0x0000000080000DBC (0x006EC663) blt t4, t1, 0xc
mem[X,0x0000000080000DC8] -> 0x8993
mem[X,0x0000000080000DCA] -> 0x0039
[187] [M]: 0x0000000080000DC8 (0x00398993) addi s3, s3, 0x3
x19 <- 0x0000000000000003
mem[X,0x0000000080000DCC] -> 0x006F
mem[X,0x0000000080000DCE] -> 0x0040
[188] [M]: 0x0000000080000DCC (0x0040006F) jal zero, 0x4
mem[X,0x0000000080000DD0] -> 0x3C23
mem[X,0x0000000080000DD2] -> 0x0332
[189] [M]: 0x0000000080000DD0 (0x03323C23) sd s3, 0x38(tp)
mem[0x000000008004F150] <- 0x0000000000000003
mem[X,0x0000000080000DD4] -> 0x0693
mem[X,0x0000000080000DD6] -> 0x0010
[190] [M]: 0x0000000080000DD4 (0x00100693) addi a3, zero, 0x1
x13 <- 0x0000000000000001
mem[X,0x0000000080000DD8] -> 0x9693
mem[X,0x0000000080000DDA] -> 0x0396
[191] [M]: 0x0000000080000DD8 (0x03969693) slli a3, a3, 0x39
x13 <- 0x0200000000000000
mem[X,0x0000000080000DDC] -> 0xC693
mem[X,0x0000000080000DDE] -> 0xFFF6
[192] [M]: 0x0000000080000DDC (0xFFF6C693) xori a3, a3, -0x1
x13 <- 0xFDFFFFFFFFFFFFFF
mem[X,0x0000000080000DE0] -> 0x0413
mem[X,0x0000000080000DE2] -> 0x0010
[193] [M]: 0x0000000080000DE0 (0x00100413) addi fp, zero, 0x1
x8 <- 0x0000000000000001
mem[X,0x0000000080000DE4] -> 0x0993
mem[X,0x0000000080000DE6] -> 0x0000
[194] [M]: 0x0000000080000DE4 (0x00000993) addi s3, zero, 0x0
x19 <- 0x0000000000000000
mem[X,0x0000000080000DE8] -> 0x006F
mem[X,0x0000000080000DEA] -> 0x00C0
[195] [M]: 0x0000000080000DE8 (0x00C0006F) jal zero, 0xc
mem[X,0x0000000080000DF4] -> 0xCCE3
mem[X,0x0000000080000DF6] -> 0xFE86
[196] [M]: 0x0000000080000DF4 (0xFE86CCE3) blt a3, fp, -0x8
mem[X,0x0000000080000DEC] -> 0x8993
mem[X,0x0000000080000DEE] -> 0x0019
[197] [M]: 0x0000000080000DEC (0x00198993) addi s3, s3, 0x1
x19 <- 0x0000000000000001
mem[X,0x0000000080000DF0] -> 0x006F
mem[X,0x0000000080000DF2] -> 0x0180
[198] [M]: 0x0000000080000DF0 (0x0180006F) jal zero, 0x18
mem[X,0x0000000080000E08] -> 0x3023
mem[X,0x0000000080000E0A] -> 0x0532
[199] [M]: 0x0000000080000E08 (0x05323023) sd s3, 0x40(tp)
mem[0x000000008004F158] <- 0x0000000000000001
clint::tick mtime <- 0x0000000000000002
 clint timer pending at mtime 0x0000000000000002
htif::tick 0x0000000000000000
mem[X,0x0000000080000E0C] -> 0x02B7
mem[X,0x0000000080000E0E] -> 0x0000
[200] [M]: 0x0000000080000E0C (0x000002B7) lui t0, 0x0
x5 <- 0x0000000000000000
mem[X,0x0000000080000E10] -> 0x8293
mem[X,0x0000000080000E12] -> 0xFFF2
[201] [M]: 0x0000000080000E10 (0xFFF28293) addi t0, t0, -0x1
x5 <- 0xFFFFFFFFFFFFFFFF
mem[X,0x0000000080000E14] -> 0x9293
mem[X,0x0000000080000E16] -> 0x00B2
[202] [M]: 0x0000000080000E14 (0x00B29293) slli t0, t0, 0xb
x5 <- 0xFFFFFFFFFFFFF800
mem[X,0x0000000080000E18] -> 0x8293
mem[X,0x0000000080000E1A] -> 0x2572
[203] [M]: 0x0000000080000E18 (0x25728293) addi t0, t0, 0x257
x5 <- 0xFFFFFFFFFFFFFA57
mem[X,0x0000000080000E1C] -> 0x9293
mem[X,0x0000000080000E1E] -> 0x00B2
[204] [M]: 0x0000000080000E1C (0x00B29293) slli t0, t0, 0xb
x5 <- 0xFFFFFFFFFFD2B800
mem[X,0x0000000080000E20] -> 0x8293
mem[X,0x0000000080000E22] -> 0x6C32
[205] [M]: 0x0000000080000E20 (0x6C328293) addi t0, t0, 0x6c3
x5 <- 0xFFFFFFFFFFD2BEC3
mem[X,0x0000000080000E24] -> 0x9293
mem[X,0x0000000080000E26] -> 0x00A2
[206] [M]: 0x0000000080000E24 (0x00A29293) slli t0, t0, 0xa
x5 <- 0xFFFFFFFF4AFB0C00
mem[X,0x0000000080000E28] -> 0x8293
mem[X,0x0000000080000E2A] -> 0x0CD2
[207] [M]: 0x0000000080000E28 (0x0CD28293) addi t0, t0, 0xcd
x5 <- 0xFFFFFFFF4AFB0CCD
mem[X,0x0000000080000E2C] -> 0x0193
mem[X,0x0000000080000E2E] -> 0x0020
[208] [M]: 0x0000000080000E2C (0x00200193) addi gp, zero, 0x2
x3 <- 0x0000000000000002
mem[X,0x0000000080000E30] -> 0x0993
mem[X,0x0000000080000E32] -> 0x0000
[209] [M]: 0x0000000080000E30 (0x00000993) addi s3, zero, 0x0
x19 <- 0x0000000000000000
mem[X,0x0000000080000E34] -> 0x006F
mem[X,0x0000000080000E36] -> 0x2B10
[210] [M]: 0x0000000080000E34 (0x2B10006F) jal zero, 0xab0
mem[X,0x00000000800018E4] -> 0xCA63
mem[X,0x00000000800018E6] -> 0xD432
[211] [M]: 0x00000000800018E4 (0xD432CA63) blt t0, gp, -0xaac
mem[X,0x0000000080000E38] -> 0x8993
mem[X,0x0000000080000E3A] -> 0x0019
[212] [M]: 0x0000000080000E38 (0x00198993) addi s3, s3, 0x1
x19 <- 0x0000000000000001
mem[X,0x0000000080000E3C] -> 0x006F
mem[X,0x0000000080000E3E] -> 0x2BD0
[213] [M]: 0x0000000080000E3C (0x2BD0006F) jal zero, 0xabc
mem[X,0x00000000800018F8] -> 0x3423
mem[X,0x00000000800018FA] -> 0x0532
[214] [M]: 0x00000000800018F8 (0x05323423) sd s3, 0x48(tp)
mem[0x000000008004F160] <- 0x0000000000000001
mem[X,0x00000000800018FC] -> 0x0313
mem[X,0x00000000800018FE] -> 0x0010
[215] [M]: 0x00000000800018FC (0x00100313) addi t1, zero, 0x1
x6 <- 0x0000000000000001
mem[X,0x0000000080001900] -> 0x1313
mem[X,0x0000000080001902] -> 0x01F3
[216] [M]: 0x0000000080001900 (0x01F31313) slli t1, t1, 0x1f
x6 <- 0x0000000080000000
mem[X,0x0000000080001904] -> 0x0713
mem[X,0x0000000080001906] -> 0x0040
[217] [M]: 0x0000000080001904 (0x00400713) addi a4, zero, 0x4
x14 <- 0x0000000000000004
mem[X,0x0000000080001908] -> 0x0993
mem[X,0x000000008000190A] -> 0x0000
[218] [M]: 0x0000000080001908 (0x00000993) addi s3, zero, 0x0
x19 <- 0x0000000000000000
mem[X,0x000000008000190C] -> 0x006F
mem[X,0x000000008000190E] -> 0x00C0
[219] [M]: 0x000000008000190C (0x00C0006F) jal zero, 0xc
mem[X,0x0000000080001918] -> 0x4663
mem[X,0x000000008000191A] -> 0x00E3
[220] [M]: 0x0000000080001918 (0x00E34663) blt t1, a4, 0xc
mem[X,0x000000008000191C] -> 0x8993
mem[X,0x000000008000191E] -> 0x0029
[221] [M]: 0x000000008000191C (0x00298993) addi s3, s3, 0x2
x19 <- 0x0000000000000002
mem[X,0x0000000080001920] -> 0x006F
mem[X,0x0000000080001922] -> 0x00C0
[222] [M]: 0x0000000080001920 (0x00C0006F) jal zero, 0xc
mem[X,0x000000008000192C] -> 0x3823
mem[X,0x000000008000192E] -> 0x0532
[223] [M]: 0x000000008000192C (0x05323823) sd s3, 0x50(tp)
mem[0x000000008004F168] <- 0x0000000000000002
mem[X,0x0000000080001930] -> 0x0C37
mem[X,0x0000000080001932] -> 0x0000
[224] [M]: 0x0000000080001930 (0x00000C37) lui s8, 0x0
x24 <- 0x0000000000000000
mem[X,0x0000000080001934] -> 0x0C13
mem[X,0x0000000080001936] -> 0xFFFC
[225] [M]: 0x0000000080001934 (0xFFFC0C13) addi s8, s8, -0x1
x24 <- 0xFFFFFFFFFFFFFFFF
mem[X,0x0000000080001938] -> 0x1C13
mem[X,0x000000008000193A] -> 0x00BC
[226] [M]: 0x0000000080001938 (0x00BC1C13) slli s8, s8, 0xb
x24 <- 0xFFFFFFFFFFFFF800
mem[X,0x000000008000193C] -> 0x0C13
mem[X,0x000000008000193E] -> 0x257C
[227] [M]: 0x000000008000193C (0x257C0C13) addi s8, s8, 0x257
x24 <- 0xFFFFFFFFFFFFFA57
mem[X,0x0000000080001940] -> 0x1C13
mem[X,0x0000000080001942] -> 0x00BC
[228] [M]: 0x0000000080001940 (0x00BC1C13) slli s8, s8, 0xb
x24 <- 0xFFFFFFFFFFD2B800
mem[X,0x0000000080001944] -> 0x0C13
mem[X,0x0000000080001946] -> 0x6C3C
[229] [M]: 0x0000000080001944 (0x6C3C0C13) addi s8, s8, 0x6c3
x24 <- 0xFFFFFFFFFFD2BEC3
mem[X,0x0000000080001948] -> 0x1C13
mem[X,0x000000008000194A] -> 0x00AC
[230] [M]: 0x0000000080001948 (0x00AC1C13) slli s8, s8, 0xa
x24 <- 0xFFFFFFFF4AFB0C00
mem[X,0x000000008000194C] -> 0x0C13
mem[X,0x000000008000194E] -> 0x0CDC
[231] [M]: 0x000000008000194C (0x0CDC0C13) addi s8, s8, 0xcd
x24 <- 0xFFFFFFFF4AFB0CCD
mem[X,0x0000000080001950] -> 0x0F93
mem[X,0x0000000080001952] -> 0x0080
[232] [M]: 0x0000000080001950 (0x00800F93) addi t6, zero, 0x8
x31 <- 0x0000000000000008
mem[X,0x0000000080001954] -> 0x0993
mem[X,0x0000000080001956] -> 0x0000
[233] [M]: 0x0000000080001954 (0x00000993) addi s3, zero, 0x0
x19 <- 0x0000000000000000
mem[X,0x0000000080001958] -> 0x006F
mem[X,0x000000008000195A] -> 0x2B10
[234] [M]: 0x0000000080001958 (0x2B10006F) jal zero, 0xab0
mem[X,0x0000000080002408] -> 0x4A63
mem[X,0x000000008000240A] -> 0xD5FC
[235] [M]: 0x0000000080002408 (0xD5FC4A63) blt s8, t6, -0xaac
mem[X,0x000000008000195C] -> 0x8993
mem[X,0x000000008000195E] -> 0x0019
[236] [M]: 0x000000008000195C (0x00198993) addi s3, s3, 0x1
x19 <- 0x0000000000000001
mem[X,0x0000000080001960] -> 0x006F
mem[X,0x0000000080001962] -> 0x2BD0
[237] [M]: 0x0000000080001960 (0x2BD0006F) jal zero, 0xabc
mem[X,0x000000008000241C] -> 0x3C23
mem[X,0x000000008000241E] -> 0x0532
[238] [M]: 0x000000008000241C (0x05323C23) sd s3, 0x58(tp)
mem[0x000000008004F170] <- 0x0000000000000001
mem[X,0x0000000080002420] -> 0x0F93
mem[X,0x0000000080002422] -> 0x0010
[239] [M]: 0x0000000080002420 (0x00100F93) addi t6, zero, 0x1
x31 <- 0x0000000000000001
mem[X,0x0000000080002424] -> 0x9F93
mem[X,0x0000000080002426] -> 0x02FF
[240] [M]: 0x0000000080002424 (0x02FF9F93) slli t6, t6, 0x2f
x31 <- 0x0000800000000000
mem[X,0x0000000080002428] -> 0x0F13
mem[X,0x000000008000242A] -> 0x0100
[241] [M]: 0x0000000080002428 (0x01000F13) addi t5, zero, 0x10
x30 <- 0x0000000000000010
mem[X,0x000000008000242C] -> 0x0993
mem[X,0x000000008000242E] -> 0x0000
[242] [M]: 0x000000008000242C (0x00000993) addi s3, zero, 0x0
x19 <- 0x0000000000000000
mem[X,0x0000000080002430] -> 0x006F
mem[X,0x0000000080002432] -> 0x0140
[243] [M]: 0x0000000080002430 (0x0140006F) jal zero, 0x14
mem[X,0x0000000080002444] -> 0xC8E3
mem[X,0x0000000080002446] -> 0xFFEF
[244] [M]: 0x0000000080002444 (0xFFEFC8E3) blt t6, t5, -0x10
mem[X,0x0000000080002448] -> 0x8993
mem[X,0x000000008000244A] -> 0x0029
[245] [M]: 0x0000000080002448 (0x00298993) addi s3, s3, 0x2
x19 <- 0x0000000000000002
mem[X,0x000000008000244C] -> 0x006F
mem[X,0x000000008000244E] -> 0x00C0
[246] [M]: 0x000000008000244C (0x00C0006F) jal zero, 0xc
mem[X,0x0000000080002458] -> 0x3023
mem[X,0x000000008000245A] -> 0x0732
[247] [M]: 0x0000000080002458 (0x07323023) sd s3, 0x60(tp)
mem[0x000000008004F178] <- 0x0000000000000002
mem[X,0x000000008000245C] -> 0x0913
mem[X,0x000000008000245E] -> 0x0010
[248] [M]: 0x000000008000245C (0x00100913) addi s2, zero, 0x1
x18 <- 0x0000000000000001
mem[X,0x0000000080002460] -> 0x1913
mem[X,0x0000000080002462] -> 0x03D9
[249] [M]: 0x0000000080002460 (0x03D91913) slli s2, s2, 0x3d
x18 <- 0x2000000000000000
mem[X,0x0000000080002464] -> 0x0793
mem[X,0x0000000080002466] -> 0x0200
[250] [M]: 0x0000000080002464 (0x02000793) addi a5, zero, 0x20
x15 <- 0x0000000000000020
mem[X,0x0000000080002468] -> 0x0993
mem[X,0x000000008000246A] -> 0x0000
[251] [M]: 0x0000000080002468 (0x00000993) addi s3, zero, 0x0
x19 <- 0x0000000000000000
mem[X,0x000000008000246C] -> 0x006F
mem[X,0x000000008000246E] -> 0x2B10
[252] [M]: 0x000000008000246C (0x2B10006F) jal zero, 0xab0
mem[X,0x0000000080002F1C] -> 0x4A63
mem[X,0x0000000080002F1E] -> 0xD4F9
[253] [M]: 0x0000000080002F1C (0xD4F94A63) blt s2, a5, -0xaac
mem[X,0x0000000080002F20] -> 0x8993
mem[X,0x0000000080002F22] -> 0x0029
[254] [M]: 0x0000000080002F20 (0x00298993) addi s3, s3, 0x2
x19 <- 0x0000000000000002
mem[X,0x0000000080002F24] -> 0x006F
mem[X,0x0000000080002F26] -> 0x00C0
[255] [M]: 0x0000000080002F24 (0x00C0006F) jal zero, 0xc
mem[X,0x0000000080002F30] -> 0x3423
mem[X,0x0000000080002F32] -> 0x0732
[256] [M]: 0x0000000080002F30 (0x07323423) sd s3, 0x68(tp)
mem[0x000000008004F180] <- 0x0000000000000002
mem[X,0x0000000080002F34] -> 0x0D13
mem[X,0x0000000080002F36] -> 0xFF90
[257] [M]: 0x0000000080002F34 (0xFF900D13) addi s10, zero, -0x7
x26 <- 0xFFFFFFFFFFFFFFF9
mem[X,0x0000000080002F38] -> 0x0113
mem[X,0x0000000080002F3A] -> 0x0400
[258] [M]: 0x0000000080002F38 (0x04000113) addi sp, zero, 0x40
x2 <- 0x0000000000000040
mem[X,0x0000000080002F3C] -> 0x0993
mem[X,0x0000000080002F3E] -> 0x0000
[259] [M]: 0x0000000080002F3C (0x00000993) addi s3, zero, 0x0
x19 <- 0x0000000000000000
mem[X,0x0000000080002F40] -> 0x006F
mem[X,0x0000000080002F42] -> 0x00C0
[260] [M]: 0x0000000080002F40 (0x00C0006F) jal zero, 0xc
mem[X,0x0000000080002F4C] -> 0x4063
mem[X,0x0000000080002F4E] -> 0x202D
[261] [M]: 0x0000000080002F4C (0x202D4063) blt s10, sp, 0x200
mem[X,0x000000008000314C] -> 0x8993
mem[X,0x000000008000314E] -> 0x0039
[262] [M]: 0x000000008000314C (0x00398993) addi s3, s3, 0x3
x19 <- 0x0000000000000003
mem[X,0x0000000080003150] -> 0x006F
mem[X,0x0000000080003152] -> 0x0040
[263] [M]: 0x0000000080003150 (0x0040006F) jal zero, 0x4
mem[X,0x0000000080003154] -> 0x3823
mem[X,0x0000000080003156] -> 0x0732
[264] [M]: 0x0000000080003154 (0x07323823) sd s3, 0x70(tp)
mem[0x000000008004F188] <- 0x0000000000000003
mem[X,0x0000000080003158] -> 0x0713
mem[X,0x000000008000315A] -> 0x0010
[265] [M]: 0x0000000080003158 (0x00100713) addi a4, zero, 0x1
x14 <- 0x0000000000000001
mem[X,0x000000008000315C] -> 0x1713
mem[X,0x000000008000315E] -> 0x03A7
[266] [M]: 0x000000008000315C (0x03A71713) slli a4, a4, 0x3a
x14 <- 0x0400000000000000
mem[X,0x0000000080003160] -> 0x0A13
mem[X,0x0000000080003162] -> 0x0800
[267] [M]: 0x0000000080003160 (0x08000A13) addi s4, zero, 0x80
x20 <- 0x0000000000000080
mem[X,0x0000000080003164] -> 0x0993
mem[X,0x0000000080003166] -> 0x0000
[268] [M]: 0x0000000080003164 (0x00000993) addi s3, zero, 0x0
x19 <- 0x0000000000000000
mem[X,0x0000000080003168] -> 0x006F
mem[X,0x000000008000316A] -> 0x0100
[269] [M]: 0x0000000080003168 (0x0100006F) jal zero, 0x10
mem[X,0x0000000080003178] -> 0x4AE3
mem[X,0x000000008000317A] -> 0xFF47
[270] [M]: 0x0000000080003178 (0xFF474AE3) blt a4, s4, -0xc
mem[X,0x000000008000317C] -> 0x8993
mem[X,0x000000008000317E] -> 0x0029
[271] [M]: 0x000000008000317C (0x00298993) addi s3, s3, 0x2
x19 <- 0x0000000000000002
mem[X,0x0000000080003180] -> 0x006F
mem[X,0x0000000080003182] -> 0x00C0
[272] [M]: 0x0000000080003180 (0x00C0006F) jal zero, 0xc
mem[X,0x000000008000318C] -> 0x3C23
mem[X,0x000000008000318E] -> 0x0732
[273] [M]: 0x000000008000318C (0x07323C23) sd s3, 0x78(tp)
mem[0x000000008004F190] <- 0x0000000000000002
mem[X,0x0000000080003190] -> 0x0893
mem[X,0x0000000080003192] -> 0x0010
[274] [M]: 0x0000000080003190 (0x00100893) addi a7, zero, 0x1
x17 <- 0x0000000000000001
mem[X,0x0000000080003194] -> 0x9893
mem[X,0x0000000080003196] -> 0x0148
[275] [M]: 0x0000000080003194 (0x01489893) slli a7, a7, 0x14
x17 <- 0x0000000000100000
mem[X,0x0000000080003198] -> 0xC893
mem[X,0x000000008000319A] -> 0xFFF8
[276] [M]: 0x0000000080003198 (0xFFF8C893) xori a7, a7, -0x1
x17 <- 0xFFFFFFFFFFEFFFFF
mem[X,0x000000008000319C] -> 0x0593
mem[X,0x000000008000319E] -> 0x1000
[277] [M]: 0x000000008000319C (0x10000593) addi a1, zero, 0x100
x11 <- 0x0000000000000100
mem[X,0x00000000800031A0] -> 0x0993
mem[X,0x00000000800031A2] -> 0x0000
[278] [M]: 0x00000000800031A0 (0x00000993) addi s3, zero, 0x0
x19 <- 0x0000000000000000
mem[X,0x00000000800031A4] -> 0x006F
mem[X,0x00000000800031A6] -> 0x00C0
[279] [M]: 0x00000000800031A4 (0x00C0006F) jal zero, 0xc
mem[X,0x00000000800031B0] -> 0xCCE3
mem[X,0x00000000800031B2] -> 0xFEB8
[280] [M]: 0x00000000800031B0 (0xFEB8CCE3) blt a7, a1, -0x8
mem[X,0x00000000800031A8] -> 0x8993
mem[X,0x00000000800031AA] -> 0x0019
[281] [M]: 0x00000000800031A8 (0x00198993) addi s3, s3, 0x1
x19 <- 0x0000000000000001
mem[X,0x00000000800031AC] -> 0x006F
mem[X,0x00000000800031AE] -> 0x0180
[282] [M]: 0x00000000800031AC (0x0180006F) jal zero, 0x18
mem[X,0x00000000800031C4] -> 0x3023
mem[X,0x00000000800031C6] -> 0x0932
[283] [M]: 0x00000000800031C4 (0x09323023) sd s3, 0x80(tp)
mem[0x000000008004F198] <- 0x0000000000000001
mem[X,0x00000000800031C8] -> 0x0D93
mem[X,0x00000000800031CA] -> 0x0010
[284] [M]: 0x00000000800031C8 (0x00100D93) addi s11, zero, 0x1
x27 <- 0x0000000000000001
mem[X,0x00000000800031CC] -> 0x9D93
mem[X,0x00000000800031CE] -> 0x01BD
[285] [M]: 0x00000000800031CC (0x01BD9D93) slli s11, s11, 0x1b
x27 <- 0x0000000008000000
mem[X,0x00000000800031D0] -> 0x0E93
mem[X,0x00000000800031D2] -> 0x2000
[286] [M]: 0x00000000800031D0 (0x20000E93) addi t4, zero, 0x200
x29 <- 0x0000000000000200
mem[X,0x00000000800031D4] -> 0x0993
mem[X,0x00000000800031D6] -> 0x0000
[287] [M]: 0x00000000800031D4 (0x00000993) addi s3, zero, 0x0
x19 <- 0x0000000000000000
mem[X,0x00000000800031D8] -> 0x006F
mem[X,0x00000000800031DA] -> 0x00C0
[288] [M]: 0x00000000800031D8 (0x00C0006F) jal zero, 0xc
mem[X,0x00000000800031E4] -> 0xC663
mem[X,0x00000000800031E6] -> 0x01DD
[289] [M]: 0x00000000800031E4 (0x01DDC663) blt s11, t4, 0xc
mem[X,0x00000000800031E8] -> 0x8993
mem[X,0x00000000800031EA] -> 0x0029
[290] [M]: 0x00000000800031E8 (0x00298993) addi s3, s3, 0x2
x19 <- 0x0000000000000002
mem[X,0x00000000800031EC] -> 0x006F
mem[X,0x00000000800031EE] -> 0x00C0
[291] [M]: 0x00000000800031EC (0x00C0006F) jal zero, 0xc
mem[X,0x00000000800031F8] -> 0x3423
mem[X,0x00000000800031FA] -> 0x0932
[292] [M]: 0x00000000800031F8 (0x09323423) sd s3, 0x88(tp)
mem[0x000000008004F1A0] <- 0x0000000000000002
mem[X,0x00000000800031FC] -> 0x0593
mem[X,0x00000000800031FE] -> 0x0020
[293] [M]: 0x00000000800031FC (0x00200593) addi a1, zero, 0x2
x11 <- 0x0000000000000002
mem[X,0x0000000080003200] -> 0x0093
mem[X,0x0000000080003202] -> 0x4000
[294] [M]: 0x0000000080003200 (0x40000093) addi ra, zero, 0x400
x1 <- 0x0000000000000400
mem[X,0x0000000080003204] -> 0x0993
mem[X,0x0000000080003206] -> 0x0000
[295] [M]: 0x0000000080003204 (0x00000993) addi s3, zero, 0x0
x19 <- 0x0000000000000000
mem[X,0x0000000080003208] -> 0x006F
mem[X,0x000000008000320A] -> 0x00C0
[296] [M]: 0x0000000080003208 (0x00C0006F) jal zero, 0xc
mem[X,0x0000000080003214] -> 0xC063
mem[X,0x0000000080003216] -> 0x0415
[297] [M]: 0x0000000080003214 (0x0415C063) blt a1, ra, 0x40
mem[X,0x0000000080003254] -> 0x8993
mem[X,0x0000000080003256] -> 0x0039
[298] [M]: 0x0000000080003254 (0x00398993) addi s3, s3, 0x3
x19 <- 0x0000000000000003
mem[X,0x0000000080003258] -> 0x006F
mem[X,0x000000008000325A] -> 0x0040
[299] [M]: 0x0000000080003258 (0x0040006F) jal zero, 0x4
clint::tick mtime <- 0x0000000000000003
 clint timer pending at mtime 0x0000000000000003
htif::tick 0x0000000000000000
mem[X,0x000000008000325C] -> 0x3823
mem[X,0x000000008000325E] -> 0x0932
[300] [M]: 0x000000008000325C (0x09323823) sd s3, 0x90(tp)
mem[0x000000008004F1A8] <- 0x0000000000000003
mem[X,0x0000000080003260] -> 0x0513
mem[X,0x0000000080003262] -> 0x0010
[301] [M]: 0x0000000080003260 (0x00100513) addi a0, zero, 0x1
x10 <- 0x0000000000000001
mem[X,0x0000000080003264] -> 0x1513
mem[X,0x0000000080003266] -> 0x0325
[302] [M]: 0x0000000080003264 (0x03251513) slli a0, a0, 0x32
x10 <- 0x0004000000000000
mem[X,0x0000000080003268] -> 0x4513
mem[X,0x000000008000326A] -> 0xFFF5
[303] [M]: 0x0000000080003268 (0xFFF54513) xori a0, a0, -0x1
x10 <- 0xFFFBFFFFFFFFFFFF
mem[X,0x000000008000326C] -> 0x0D13
mem[X,0x000000008000326E] -> 0x0010
[304] [M]: 0x000000008000326C (0x00100D13) addi s10, zero, 0x1
x26 <- 0x0000000000000001
mem[X,0x0000000080003270] -> 0x1D13
mem[X,0x0000000080003272] -> 0x00BD
[305] [M]: 0x0000000080003270 (0x00BD1D13) slli s10, s10, 0xb
x26 <- 0x0000000000000800
mem[X,0x0000000080003274] -> 0x0993
mem[X,0x0000000080003276] -> 0x0000
[306] [M]: 0x0000000080003274 (0x00000993) addi s3, zero, 0x0
x19 <- 0x0000000000000000
mem[X,0x0000000080003278] -> 0x006F
mem[X,0x000000008000327A] -> 0x0180
[307] [M]: 0x0000000080003278 (0x0180006F) jal zero, 0x18
mem[X,0x0000000080003290] -> 0x46E3
mem[X,0x0000000080003292] -> 0xFFA5
[308] [M]: 0x0000000080003290 (0xFFA546E3) blt a0, s10, -0x14
mem[X,0x000000008000327C] -> 0x8993
mem[X,0x000000008000327E] -> 0x0019
[309] [M]: 0x000000008000327C (0x00198993) addi s3, s3, 0x1
x19 <- 0x0000000000000001
mem[X,0x0000000080003280] -> 0x006F
mem[X,0x0000000080003282] -> 0x0240
[310] [M]: 0x0000000080003280 (0x0240006F) jal zero, 0x24
mem[X,0x00000000800032A4] -> 0x3C23
mem[X,0x00000000800032A6] -> 0x0932
[311] [M]: 0x00000000800032A4 (0x09323C23) sd s3, 0x98(tp)
mem[0x000000008004F1B0] <- 0x0000000000000001
mem[X,0x00000000800032A8] -> 0x0B93
mem[X,0x00000000800032AA] -> 0x0010
[312] [M]: 0x00000000800032A8 (0x00100B93) addi s7, zero, 0x1
x23 <- 0x0000000000000001
mem[X,0x00000000800032AC] -> 0x9B93
mem[X,0x00000000800032AE] -> 0x013B
[313] [M]: 0x00000000800032AC (0x013B9B93) slli s7, s7, 0x13
x23 <- 0x0000000000080000
mem[X,0x00000000800032B0] -> 0x0C13
mem[X,0x00000000800032B2] -> 0x0010
[314] [M]: 0x00000000800032B0 (0x00100C13) addi s8, zero, 0x1
x24 <- 0x0000000000000001
mem[X,0x00000000800032B4] -> 0x1C13
mem[X,0x00000000800032B6] -> 0x00CC
[315] [M]: 0x00000000800032B4 (0x00CC1C13) slli s8, s8, 0xc
x24 <- 0x0000000000001000
mem[X,0x00000000800032B8] -> 0x0993
mem[X,0x00000000800032BA] -> 0x0000
[316] [M]: 0x00000000800032B8 (0x00000993) addi s3, zero, 0x0
x19 <- 0x0000000000000000
mem[X,0x00000000800032BC] -> 0x006F
mem[X,0x00000000800032BE] -> 0x00C0
[317] [M]: 0x00000000800032BC (0x00C0006F) jal zero, 0xc
mem[X,0x00000000800032C8] -> 0xC063
mem[X,0x00000000800032CA] -> 0x118B
[318] [M]: 0x00000000800032C8 (0x118BC063) blt s7, s8, 0x100
mem[X,0x00000000800032CC] -> 0x8993
mem[X,0x00000000800032CE] -> 0x0029
[319] [M]: 0x00000000800032CC (0x00298993) addi s3, s3, 0x2
x19 <- 0x0000000000000002
mem[X,0x00000000800032D0] -> 0x006F
mem[X,0x00000000800032D2] -> 0x1000
[320] [M]: 0x00000000800032D0 (0x1000006F) jal zero, 0x100
mem[X,0x00000000800033D0] -> 0x3023
mem[X,0x00000000800033D2] -> 0x0B32
[321] [M]: 0x00000000800033D0 (0x0B323023) sd s3, 0xa0(tp)
mem[0x000000008004F1B8] <- 0x0000000000000002
mem[X,0x00000000800033D4] -> 0x0A13
mem[X,0x00000000800033D6] -> 0x0010
[322] [M]: 0x00000000800033D4 (0x00100A13) addi s4, zero, 0x1
x20 <- 0x0000000000000001
mem[X,0x00000000800033D8] -> 0x1A13
mem[X,0x00000000800033DA] -> 0x038A
[323] [M]: 0x00000000800033D8 (0x038A1A13) slli s4, s4, 0x38
x20 <- 0x0100000000000000
mem[X,0x00000000800033DC] -> 0x0693
mem[X,0x00000000800033DE] -> 0x0010
[324] [M]: 0x00000000800033DC (0x00100693) addi a3, zero, 0x1
x13 <- 0x0000000000000001
mem[X,0x00000000800033E0] -> 0x9693
mem[X,0x00000000800033E2] -> 0x00D6
[325] [M]: 0x00000000800033E0 (0x00D69693) slli a3, a3, 0xd
x13 <- 0x0000000000002000
mem[X,0x00000000800033E4] -> 0x0993
mem[X,0x00000000800033E6] -> 0x0000
[326] [M]: 0x00000000800033E4 (0x00000993) addi s3, zero, 0x0
x19 <- 0x0000000000000000
mem[X,0x00000000800033E8] -> 0x006F
mem[X,0x00000000800033EA] -> 0x00C0
[327] [M]: 0x00000000800033E8 (0x00C0006F) jal zero, 0xc
mem[X,0x00000000800033F4] -> 0x4663
mem[X,0x00000000800033F6] -> 0x00DA
[328] [M]: 0x00000000800033F4 (0x00DA4663) blt s4, a3, 0xc
mem[X,0x00000000800033F8] -> 0x8993
mem[X,0x00000000800033FA] -> 0x0029
[329] [M]: 0x00000000800033F8 (0x00298993) addi s3, s3, 0x2
x19 <- 0x0000000000000002
mem[X,0x00000000800033FC] -> 0x006F
mem[X,0x00000000800033FE] -> 0x00C0
[330] [M]: 0x00000000800033FC (0x00C0006F) jal zero, 0xc
mem[X,0x0000000080003408] -> 0x3423
mem[X,0x000000008000340A] -> 0x0B32
[331] [M]: 0x0000000080003408 (0x0B323423) sd s3, 0xa8(tp)
mem[0x000000008004F1C0] <- 0x0000000000000002
mem[X,0x000000008000340C] -> 0x0613
mem[X,0x000000008000340E] -> 0x0010
[332] [M]: 0x000000008000340C (0x00100613) addi a2, zero, 0x1
x12 <- 0x0000000000000001
mem[X,0x0000000080003410] -> 0x1613
mem[X,0x0000000080003412] -> 0x02D6
[333] [M]: 0x0000000080003410 (0x02D61613) slli a2, a2, 0x2d
x12 <- 0x0000200000000000
mem[X,0x0000000080003414] -> 0x0493
mem[X,0x0000000080003416] -> 0x0010
[334] [M]: 0x0000000080003414 (0x00100493) addi s1, zero, 0x1
x9 <- 0x0000000000000001
mem[X,0x0000000080003418] -> 0x9493
mem[X,0x000000008000341A] -> 0x00E4
[335] [M]: 0x0000000080003418 (0x00E49493) slli s1, s1, 0xe
x9 <- 0x0000000000004000
mem[X,0x000000008000341C] -> 0x0993
mem[X,0x000000008000341E] -> 0x0000
[336] [M]: 0x000000008000341C (0x00000993) addi s3, zero, 0x0
x19 <- 0x0000000000000000
mem[X,0x0000000080003420] -> 0x006F
mem[X,0x0000000080003422] -> 0x00C0
[337] [M]: 0x0000000080003420 (0x00C0006F) jal zero, 0xc
mem[X,0x000000008000342C] -> 0x4663
mem[X,0x000000008000342E] -> 0x0096
[338] [M]: 0x000000008000342C (0x00964663) blt a2, s1, 0xc
mem[X,0x0000000080003430] -> 0x8993
mem[X,0x0000000080003432] -> 0x0029
[339] [M]: 0x0000000080003430 (0x00298993) addi s3, s3, 0x2
x19 <- 0x0000000000000002
mem[X,0x0000000080003434] -> 0x006F
mem[X,0x0000000080003436] -> 0x00C0
[340] [M]: 0x0000000080003434 (0x00C0006F) jal zero, 0xc
mem[X,0x0000000080003440] -> 0x3823
mem[X,0x0000000080003442] -> 0x0B32
[341] [M]: 0x0000000080003440 (0x0B323823) sd s3, 0xb0(tp)
mem[0x000000008004F1C8] <- 0x0000000000000002
mem[X,0x0000000080003444] -> 0x0813
mem[X,0x0000000080003446] -> 0x0020
[342] [M]: 0x0000000080003444 (0x00200813) addi a6, zero, 0x2
x16 <- 0x0000000000000002
mem[X,0x0000000080003448] -> 0x0C93
mem[X,0x000000008000344A] -> 0x0010
[343] [M]: 0x0000000080003448 (0x00100C93) addi s9, zero, 0x1
x25 <- 0x0000000000000001
mem[X,0x000000008000344C] -> 0x9C93
mem[X,0x000000008000344E] -> 0x00FC
[344] [M]: 0x000000008000344C (0x00FC9C93) slli s9, s9, 0xf
x25 <- 0x0000000000008000
mem[X,0x0000000080003450] -> 0x0993
mem[X,0x0000000080003452] -> 0x0000
[345] [M]: 0x0000000080003450 (0x00000993) addi s3, zero, 0x0
x19 <- 0x0000000000000000
mem[X,0x0000000080003454] -> 0x006F
mem[X,0x0000000080003456] -> 0x00C0
[346] [M]: 0x0000000080003454 (0x00C0006F) jal zero, 0xc
mem[X,0x0000000080003460] -> 0x4063
mem[X,0x0000000080003462] -> 0x0398
[347] [M]: 0x0000000080003460 (0x03984063) blt a6, s9, 0x20
mem[X,0x0000000080003480] -> 0x8993
mem[X,0x0000000080003482] -> 0x0039
[348] [M]: 0x0000000080003480 (0x00398993) addi s3, s3, 0x3
x19 <- 0x0000000000000003
mem[X,0x0000000080003484] -> 0x006F
mem[X,0x0000000080003486] -> 0x0040
[349] [M]: 0x0000000080003484 (0x0040006F) jal zero, 0x4
mem[X,0x0000000080003488] -> 0x3C23
mem[X,0x000000008000348A] -> 0x0B32
[350] [M]: 0x0000000080003488 (0x0B323C23) sd s3, 0xb8(tp)
mem[0x000000008004F1D0] <- 0x0000000000000003
mem[X,0x000000008000348C] -> 0x0013
mem[X,0x000000008000348E] -> 0x0000
[351] [M]: 0x000000008000348C (0x00000013) addi zero, zero, 0x0
mem[X,0x0000000080003490] -> 0x0013
mem[X,0x0000000080003492] -> 0x0000
[352] [M]: 0x0000000080003490 (0x00000013) addi zero, zero, 0x0
mem[X,0x0000000080003494] -> 0x0013
mem[X,0x0000000080003496] -> 0x0000
[353] [M]: 0x0000000080003494 (0x00000013) addi zero, zero, 0x0
mem[X,0x0000000080003498] -> 0x0013
mem[X,0x000000008000349A] -> 0x0000
[354] [M]: 0x0000000080003498 (0x00000013) addi zero, zero, 0x0
mem[X,0x000000008000349C] -> 0x0013
mem[X,0x000000008000349E] -> 0x0000
[355] [M]: 0x000000008000349C (0x00000013) addi zero, zero, 0x0
mem[X,0x00000000800034A0] -> 0xC097
mem[X,0x00000000800034A2] -> 0x0004
[356] [M]: 0x00000000800034A0 (0x0004C097) auipc ra, 0x4c
x1 <- 0x000000008004F4A0
mem[X,0x00000000800034A4] -> 0x8093
mem[X,0x00000000800034A6] -> 0xD380
[357] [M]: 0x00000000800034A4 (0xD3808093) addi ra, ra, -0x2c8
x1 <- 0x000000008004F1D8
mem[X,0x00000000800034A8] -> 0x0013
mem[X,0x00000000800034AA] -> 0x0000
[358] [M]: 0x00000000800034A8 (0x00000013) addi zero, zero, 0x0
mem[X,0x00000000800034AC] -> 0x0013
mem[X,0x00000000800034AE] -> 0x0000
[359] [M]: 0x00000000800034AC (0x00000013) addi zero, zero, 0x0
mem[X,0x00000000800034B0] -> 0x0013
mem[X,0x00000000800034B2] -> 0x0000
[360] [M]: 0x00000000800034B0 (0x00000013) addi zero, zero, 0x0
mem[X,0x00000000800034B4] -> 0x0013
mem[X,0x00000000800034B6] -> 0x0000
[361] [M]: 0x00000000800034B4 (0x00000013) addi zero, zero, 0x0
mem[X,0x00000000800034B8] -> 0x0013
mem[X,0x00000000800034BA] -> 0x0000
[362] [M]: 0x00000000800034B8 (0x00000013) addi zero, zero, 0x0
mem[X,0x00000000800034BC] -> 0x0013
mem[X,0x00000000800034BE] -> 0x0000
[363] [M]: 0x00000000800034BC (0x00000013) addi zero, zero, 0x0
mem[X,0x00000000800034C0] -> 0x0193
mem[X,0x00000000800034C2] -> 0x0030
[364] [M]: 0x00000000800034C0 (0x00300193) addi gp, zero, 0x3
x3 <- 0x0000000000000003
mem[X,0x00000000800034C4] -> 0x0813
mem[X,0x00000000800034C6] -> 0x0010
[365] [M]: 0x00000000800034C4 (0x00100813) addi a6, zero, 0x1
x16 <- 0x0000000000000001
mem[X,0x00000000800034C8] -> 0x1813
mem[X,0x00000000800034CA] -> 0x0108
[366] [M]: 0x00000000800034C8 (0x01081813) slli a6, a6, 0x10
x16 <- 0x0000000000010000
mem[X,0x00000000800034CC] -> 0x0113
mem[X,0x00000000800034CE] -> 0x0000
[367] [M]: 0x00000000800034CC (0x00000113) addi sp, zero, 0x0
x2 <- 0x0000000000000000
mem[X,0x00000000800034D0] -> 0x006F
mem[X,0x00000000800034D2] -> 0x00C0
[368] [M]: 0x00000000800034D0 (0x00C0006F) jal zero, 0xc
mem[X,0x00000000800034DC] -> 0xC863
mem[X,0x00000000800034DE] -> 0x0101
[369] [M]: 0x00000000800034DC (0x0101C863) blt gp, a6, 0x10
mem[X,0x00000000800034EC] -> 0x0113
mem[X,0x00000000800034EE] -> 0x0031
[370] [M]: 0x00000000800034EC (0x00310113) addi sp, sp, 0x3
x2 <- 0x0000000000000003
mem[X,0x00000000800034F0] -> 0x006F
mem[X,0x00000000800034F2] -> 0x0040
[371] [M]: 0x00000000800034F0 (0x0040006F) jal zero, 0x4
mem[X,0x00000000800034F4] -> 0xB023
mem[X,0x00000000800034F6] -> 0x0020
[372] [M]: 0x00000000800034F4 (0x0020B023) sd sp, 0x0(ra)
mem[0x000000008004F1D8] <- 0x0000000000000003
mem[X,0x00000000800034F8] -> 0x0213
mem[X,0x00000000800034FA] -> 0x0010
[373] [M]: 0x00000000800034F8 (0x00100213) addi tp, zero, 0x1
x4 <- 0x0000000000000001
mem[X,0x00000000800034FC] -> 0x1213
mem[X,0x00000000800034FE] -> 0x00C2
[374] [M]: 0x00000000800034FC (0x00C21213) slli tp, tp, 0xc
x4 <- 0x0000000000001000
mem[X,0x0000000080003500] -> 0x0613
mem[X,0x0000000080003502] -> 0x0010
[375] [M]: 0x0000000080003500 (0x00100613) addi a2, zero, 0x1
x12 <- 0x0000000000000001
mem[X,0x0000000080003504] -> 0x1613
mem[X,0x0000000080003506] -> 0x0116
[376] [M]: 0x0000000080003504 (0x01161613) slli a2, a2, 0x11
x12 <- 0x0000000000020000
mem[X,0x0000000080003508] -> 0x0113
mem[X,0x000000008000350A] -> 0x0000
[377] [M]: 0x0000000080003508 (0x00000113) addi sp, zero, 0x0
x2 <- 0x0000000000000000
mem[X,0x000000008000350C] -> 0x006F
mem[X,0x000000008000350E] -> 0x0100
[378] [M]: 0x000000008000350C (0x0100006F) jal zero, 0x10
mem[X,0x000000008000351C] -> 0x4AE3
mem[X,0x000000008000351E] -> 0xFEC2
[379] [M]: 0x000000008000351C (0xFEC24AE3) blt tp, a2, -0xc
mem[X,0x0000000080003510] -> 0x0113
mem[X,0x0000000080003512] -> 0x0011
[380] [M]: 0x0000000080003510 (0x00110113) addi sp, sp, 0x1
x2 <- 0x0000000000000001
mem[X,0x0000000080003514] -> 0x006F
mem[X,0x0000000080003516] -> 0x01C0
[381] [M]: 0x0000000080003514 (0x01C0006F) jal zero, 0x1c
mem[X,0x0000000080003530] -> 0xB423
mem[X,0x0000000080003532] -> 0x0020
[382] [M]: 0x0000000080003530 (0x0020B423) sd sp, 0x8(ra)
mem[0x000000008004F1E0] <- 0x0000000000000001
mem[X,0x0000000080003534] -> 0x0993
mem[X,0x0000000080003536] -> 0x0000
[383] [M]: 0x0000000080003534 (0x00000993) addi s3, zero, 0x0
x19 <- 0x0000000000000000
mem[X,0x0000000080003538] -> 0x0213
mem[X,0x000000008000353A] -> 0x0010
[384] [M]: 0x0000000080003538 (0x00100213) addi tp, zero, 0x1
x4 <- 0x0000000000000001
mem[X,0x000000008000353C] -> 0x1213
mem[X,0x000000008000353E] -> 0x0122
[385] [M]: 0x000000008000353C (0x01221213) slli tp, tp, 0x12
x4 <- 0x0000000000040000
mem[X,0x0000000080003540] -> 0x0113
mem[X,0x0000000080003542] -> 0x0000
[386] [M]: 0x0000000080003540 (0x00000113) addi sp, zero, 0x0
x2 <- 0x0000000000000000
mem[X,0x0000000080003544] -> 0x006F
mem[X,0x0000000080003546] -> 0x00C0
[387] [M]: 0x0000000080003544 (0x00C0006F) jal zero, 0xc
mem[X,0x0000000080003550] -> 0xC063
mem[X,0x0000000080003552] -> 0x0449
[388] [M]: 0x0000000080003550 (0x0449C063) blt s3, tp, 0x40
mem[X,0x0000000080003590] -> 0x0113
mem[X,0x0000000080003592] -> 0x0031
[389] [M]: 0x0000000080003590 (0x00310113) addi sp, sp, 0x3
x2 <- 0x0000000000000003
mem[X,0x0000000080003594] -> 0x006F
mem[X,0x0000000080003596] -> 0x0040
[390] [M]: 0x0000000080003594 (0x0040006F) jal zero, 0x4
mem[X,0x0000000080003598] -> 0xB823
mem[X,0x000000008000359A] -> 0x0020
[391] [M]: 0x0000000080003598 (0x0020B823) sd sp, 0x10(ra)
mem[0x000000008004F1E8] <- 0x0000000000000003
mem[X,0x000000008000359C] -> 0x0C93
mem[X,0x000000008000359E] -> 0x0010
[392] [M]: 0x000000008000359C (0x00100C93) addi s9, zero, 0x1
x25 <- 0x0000000000000001
mem[X,0x00000000800035A0] -> 0x9C93
mem[X,0x00000000800035A2] -> 0x023C
[393] [M]: 0x00000000800035A0 (0x023C9C93) slli s9, s9, 0x23
x25 <- 0x0000000800000000
mem[X,0x00000000800035A4] -> 0x0E13
mem[X,0x00000000800035A6] -> 0x0010
[394] [M]: 0x00000000800035A4 (0x00100E13) addi t3, zero, 0x1
x28 <- 0x0000000000000001
mem[X,0x00000000800035A8] -> 0x1E13
mem[X,0x00000000800035AA] -> 0x013E
[395] [M]: 0x00000000800035A8 (0x013E1E13) slli t3, t3, 0x13
x28 <- 0x0000000000080000
mem[X,0x00000000800035AC] -> 0x0113
mem[X,0x00000000800035AE] -> 0x0000
[396] [M]: 0x00000000800035AC (0x00000113) addi sp, zero, 0x0
x2 <- 0x0000000000000000
mem[X,0x00000000800035B0] -> 0x006F
mem[X,0x00000000800035B2] -> 0x0140
[397] [M]: 0x00000000800035B0 (0x0140006F) jal zero, 0x14
mem[X,0x00000000800035C4] -> 0xC8E3
mem[X,0x00000000800035C6] -> 0xFFCC
[398] [M]: 0x00000000800035C4 (0xFFCCC8E3) blt s9, t3, -0x10
mem[X,0x00000000800035C8] -> 0x0113
mem[X,0x00000000800035CA] -> 0x0021
[399] [M]: 0x00000000800035C8 (0x00210113) addi sp, sp, 0x2
x2 <- 0x0000000000000002
clint::tick mtime <- 0x0000000000000004
 clint timer pending at mtime 0x0000000000000004
htif::tick 0x0000000000000000
mem[X,0x00000000800035CC] -> 0x006F
mem[X,0x00000000800035CE] -> 0x00C0
[400] [M]: 0x00000000800035CC (0x00C0006F) jal zero, 0xc
mem[X,0x00000000800035D8] -> 0xBC23
mem[X,0x00000000800035DA] -> 0x0020
[401] [M]: 0x00000000800035D8 (0x0020BC23) sd sp, 0x18(ra)
mem[0x000000008004F1F0] <- 0x0000000000000002
mem[X,0x00000000800035DC] -> 0x0A93
mem[X,0x00000000800035DE] -> 0x0010
[402] [M]: 0x00000000800035DC (0x00100A93) addi s5, zero, 0x1
x21 <- 0x0000000000000001
mem[X,0x00000000800035E0] -> 0x9A93
mem[X,0x00000000800035E2] -> 0x020A
[403] [M]: 0x00000000800035E0 (0x020A9A93) slli s5, s5, 0x20
x21 <- 0x0000000100000000
mem[X,0x00000000800035E4] -> 0xCA93
mem[X,0x00000000800035E6] -> 0xFFFA
[404] [M]: 0x00000000800035E4 (0xFFFACA93) xori s5, s5, -0x1
x21 <- 0xFFFFFFFEFFFFFFFF
mem[X,0x00000000800035E8] -> 0x0B13
mem[X,0x00000000800035EA] -> 0x0010
[405] [M]: 0x00000000800035E8 (0x00100B13) addi s6, zero, 0x1
x22 <- 0x0000000000000001
mem[X,0x00000000800035EC] -> 0x1B13
mem[X,0x00000000800035EE] -> 0x014B
[406] [M]: 0x00000000800035EC (0x014B1B13) slli s6, s6, 0x14
x22 <- 0x0000000000100000
mem[X,0x00000000800035F0] -> 0x0113
mem[X,0x00000000800035F2] -> 0x0000
[407] [M]: 0x00000000800035F0 (0x00000113) addi sp, zero, 0x0
x2 <- 0x0000000000000000
mem[X,0x00000000800035F4] -> 0x006F
mem[X,0x00000000800035F6] -> 0x0180
[408] [M]: 0x00000000800035F4 (0x0180006F) jal zero, 0x18
mem[X,0x000000008000360C] -> 0xC6E3
mem[X,0x000000008000360E] -> 0xFF6A
[409] [M]: 0x000000008000360C (0xFF6AC6E3) blt s5, s6, -0x14
mem[X,0x00000000800035F8] -> 0x0113
mem[X,0x00000000800035FA] -> 0x0011
[410] [M]: 0x00000000800035F8 (0x00110113) addi sp, sp, 0x1
x2 <- 0x0000000000000001
mem[X,0x00000000800035FC] -> 0x006F
mem[X,0x00000000800035FE] -> 0x0240
[411] [M]: 0x00000000800035FC (0x0240006F) jal zero, 0x24
mem[X,0x0000000080003620] -> 0xB023
mem[X,0x0000000080003622] -> 0x0220
[412] [M]: 0x0000000080003620 (0x0220B023) sd sp, 0x20(ra)
mem[0x000000008004F1F8] <- 0x0000000000000001
mem[X,0x0000000080003624] -> 0x34B7
mem[X,0x0000000080003626] -> 0x3333
[413] [M]: 0x0000000080003624 (0x333334B7) lui s1, 0x33333
x9 <- 0x0000000033333000
mem[X,0x0000000080003628] -> 0x8493
mem[X,0x000000008000362A] -> 0x3334
[414] [M]: 0x0000000080003628 (0x33348493) addi s1, s1, 0x333
x9 <- 0x0000000033333333
mem[X,0x000000008000362C] -> 0x9493
mem[X,0x000000008000362E] -> 0x00B4
[415] [M]: 0x000000008000362C (0x00B49493) slli s1, s1, 0xb
x9 <- 0x0000019999999800
mem[X,0x0000000080003630] -> 0x8493
mem[X,0x0000000080003632] -> 0x1994
[416] [M]: 0x0000000080003630 (0x19948493) addi s1, s1, 0x199
x9 <- 0x0000019999999999
mem[X,0x0000000080003634] -> 0x9493
mem[X,0x0000000080003636] -> 0x00B4
[417] [M]: 0x0000000080003634 (0x00B49493) slli s1, s1, 0xb
x9 <- 0x000CCCCCCCCCC800
mem[X,0x0000000080003638] -> 0x8493
mem[X,0x000000008000363A] -> 0x4CC4
[418] [M]: 0x0000000080003638 (0x4CC48493) addi s1, s1, 0x4cc
x9 <- 0x000CCCCCCCCCCCCC
mem[X,0x000000008000363C] -> 0x9493
mem[X,0x000000008000363E] -> 0x00A4
[419] [M]: 0x000000008000363C (0x00A49493) slli s1, s1, 0xa
x9 <- 0x3333333333333000
mem[X,0x0000000080003640] -> 0x8493
mem[X,0x0000000080003642] -> 0x3344
[420] [M]: 0x0000000080003640 (0x33448493) addi s1, s1, 0x334
x9 <- 0x3333333333333334
mem[X,0x0000000080003644] -> 0x0A93
mem[X,0x0000000080003646] -> 0x0010
[421] [M]: 0x0000000080003644 (0x00100A93) addi s5, zero, 0x1
x21 <- 0x0000000000000001
mem[X,0x0000000080003648] -> 0x9A93
mem[X,0x000000008000364A] -> 0x015A
[422] [M]: 0x0000000080003648 (0x015A9A93) slli s5, s5, 0x15
x21 <- 0x0000000000200000
mem[X,0x000000008000364C] -> 0x0113
mem[X,0x000000008000364E] -> 0x0000
[423] [M]: 0x000000008000364C (0x00000113) addi sp, zero, 0x0
x2 <- 0x0000000000000000
mem[X,0x0000000080003650] -> 0x006F
mem[X,0x0000000080003652] -> 0x2B10
[424] [M]: 0x0000000080003650 (0x2B10006F) jal zero, 0xab0
mem[X,0x0000000080004100] -> 0xCA63
mem[X,0x0000000080004102] -> 0xD554
[425] [M]: 0x0000000080004100 (0xD554CA63) blt s1, s5, -0xaac
mem[X,0x0000000080004104] -> 0x0113
mem[X,0x0000000080004106] -> 0x0021
[426] [M]: 0x0000000080004104 (0x00210113) addi sp, sp, 0x2
x2 <- 0x0000000000000002
mem[X,0x0000000080004108] -> 0x006F
mem[X,0x000000008000410A] -> 0x00C0
[427] [M]: 0x0000000080004108 (0x00C0006F) jal zero, 0xc
mem[X,0x0000000080004114] -> 0xB423
mem[X,0x0000000080004116] -> 0x0220
[428] [M]: 0x0000000080004114 (0x0220B423) sd sp, 0x28(ra)
mem[0x000000008004F200] <- 0x0000000000000002
mem[X,0x0000000080004118] -> 0x0F13
mem[X,0x000000008000411A] -> 0x0010
[429] [M]: 0x0000000080004118 (0x00100F13) addi t5, zero, 0x1
x30 <- 0x0000000000000001
mem[X,0x000000008000411C] -> 0x1F13
mem[X,0x000000008000411E] -> 0x01FF
[430] [M]: 0x000000008000411C (0x01FF1F13) slli t5, t5, 0x1f
x30 <- 0x0000000080000000
mem[X,0x0000000080004120] -> 0x4F13
mem[X,0x0000000080004122] -> 0xFFFF
[431] [M]: 0x0000000080004120 (0xFFFF4F13) xori t5, t5, -0x1
x30 <- 0xFFFFFFFF7FFFFFFF
mem[X,0x0000000080004124] -> 0x0993
mem[X,0x0000000080004126] -> 0x0010
[432] [M]: 0x0000000080004124 (0x00100993) addi s3, zero, 0x1
x19 <- 0x0000000000000001
mem[X,0x0000000080004128] -> 0x9993
mem[X,0x000000008000412A] -> 0x0169
[433] [M]: 0x0000000080004128 (0x01699993) slli s3, s3, 0x16
x19 <- 0x0000000000400000
mem[X,0x000000008000412C] -> 0x0113
mem[X,0x000000008000412E] -> 0x0000
[434] [M]: 0x000000008000412C (0x00000113) addi sp, zero, 0x0
x2 <- 0x0000000000000000
mem[X,0x0000000080004130] -> 0x006F
mem[X,0x0000000080004132] -> 0x00C0
[435] [M]: 0x0000000080004130 (0x00C0006F) jal zero, 0xc
mem[X,0x000000008000413C] -> 0x4063
mem[X,0x000000008000413E] -> 0x413F
[436] [M]: 0x000000008000413C (0x413F4063) blt t5, s3, 0x400
mem[X,0x000000008000453C] -> 0x0113
mem[X,0x000000008000453E] -> 0x0031
[437] [M]: 0x000000008000453C (0x00310113) addi sp, sp, 0x3
x2 <- 0x0000000000000003
mem[X,0x0000000080004540] -> 0x006F
mem[X,0x0000000080004542] -> 0x0040
[438] [M]: 0x0000000080004540 (0x0040006F) jal zero, 0x4
mem[X,0x0000000080004544] -> 0xB823
mem[X,0x0000000080004546] -> 0x0220
[439] [M]: 0x0000000080004544 (0x0220B823) sd sp, 0x30(ra)
mem[0x000000008004F208] <- 0x0000000000000003
mem[X,0x0000000080004548] -> 0x0793
mem[X,0x000000008000454A] -> 0x0040
[440] [M]: 0x0000000080004548 (0x00400793) addi a5, zero, 0x4
x15 <- 0x0000000000000004
mem[X,0x000000008000454C] -> 0x0B93
mem[X,0x000000008000454E] -> 0x0010
[441] [M]: 0x000000008000454C (0x00100B93) addi s7, zero, 0x1
x23 <- 0x0000000000000001
mem[X,0x0000000080004550] -> 0x9B93
mem[X,0x0000000080004552] -> 0x017B
[442] [M]: 0x0000000080004550 (0x017B9B93) slli s7, s7, 0x17
x23 <- 0x0000000000800000
mem[X,0x0000000080004554] -> 0x0113
mem[X,0x0000000080004556] -> 0x0000
[443] [M]: 0x0000000080004554 (0x00000113) addi sp, zero, 0x0
x2 <- 0x0000000000000000
mem[X,0x0000000080004558] -> 0x006F
mem[X,0x000000008000455A] -> 0x2B10
[444] [M]: 0x0000000080004558 (0x2B10006F) jal zero, 0xab0
mem[X,0x0000000080005008] -> 0xCA63
mem[X,0x000000008000500A] -> 0xD577
[445] [M]: 0x0000000080005008 (0xD577CA63) blt a5, s7, -0xaac
mem[X,0x000000008000455C] -> 0x0113
mem[X,0x000000008000455E] -> 0x0011
[446] [M]: 0x000000008000455C (0x00110113) addi sp, sp, 0x1
x2 <- 0x0000000000000001
mem[X,0x0000000080004560] -> 0x006F
mem[X,0x0000000080004562] -> 0x2BD0
[447] [M]: 0x0000000080004560 (0x2BD0006F) jal zero, 0xabc
mem[X,0x000000008000501C] -> 0xBC23
mem[X,0x000000008000501E] -> 0x0220
[448] [M]: 0x000000008000501C (0x0220BC23) sd sp, 0x38(ra)
mem[0x000000008004F210] <- 0x0000000000000001
mem[X,0x0000000080005020] -> 0x5537
mem[X,0x0000000080005022] -> 0x5555
[449] [M]: 0x0000000080005020 (0x55555537) lui a0, 0x55555
x10 <- 0x0000000055555000
mem[X,0x0000000080005024] -> 0x0513
mem[X,0x0000000080005026] -> 0x5555
[450] [M]: 0x0000000080005024 (0x55550513) addi a0, a0, 0x555
x10 <- 0x0000000055555555
mem[X,0x0000000080005028] -> 0x1513
mem[X,0x000000008000502A] -> 0x00B5
[451] [M]: 0x0000000080005028 (0x00B51513) slli a0, a0, 0xb
x10 <- 0x000002AAAAAAA800
mem[X,0x000000008000502C] -> 0x0513
mem[X,0x000000008000502E] -> 0x2AA5
[452] [M]: 0x000000008000502C (0x2AA50513) addi a0, a0, 0x2aa
x10 <- 0x000002AAAAAAAAAA
mem[X,0x0000000080005030] -> 0x1513
mem[X,0x0000000080005032] -> 0x00B5
[453] [M]: 0x0000000080005030 (0x00B51513) slli a0, a0, 0xb
x10 <- 0x0015555555555000
mem[X,0x0000000080005034] -> 0x0513
mem[X,0x0000000080005036] -> 0x5555
[454] [M]: 0x0000000080005034 (0x55550513) addi a0, a0, 0x555
x10 <- 0x0015555555555555
mem[X,0x0000000080005038] -> 0x1513
mem[X,0x000000008000503A] -> 0x00A5
[455] [M]: 0x0000000080005038 (0x00A51513) slli a0, a0, 0xa
x10 <- 0x5555555555555400
mem[X,0x000000008000503C] -> 0x0513
mem[X,0x000000008000503E] -> 0x1555
[456] [M]: 0x000000008000503C (0x15550513) addi a0, a0, 0x155
x10 <- 0x5555555555555555
mem[X,0x0000000080005040] -> 0x0593
mem[X,0x0000000080005042] -> 0x0010
[457] [M]: 0x0000000080005040 (0x00100593) addi a1, zero, 0x1
x11 <- 0x0000000000000001
mem[X,0x0000000080005044] -> 0x9593
mem[X,0x0000000080005046] -> 0x0195
[458] [M]: 0x0000000080005044 (0x01959593) slli a1, a1, 0x19
x11 <- 0x0000000002000000
mem[X,0x0000000080005048] -> 0x0113
mem[X,0x000000008000504A] -> 0x0000
[459] [M]: 0x0000000080005048 (0x00000113) addi sp, zero, 0x0
x2 <- 0x0000000000000000
mem[X,0x000000008000504C] -> 0x006F
mem[X,0x000000008000504E] -> 0x0050
[460] [M]: 0x000000008000504C (0x0050006F) jal zero, 0x804
mem[X,0x0000000080005850] -> 0x40E3
mem[X,0x0000000080005852] -> 0x80B5
[461] [M]: 0x0000000080005850 (0x80B540E3) blt a0, a1, -0x800
mem[X,0x0000000080005854] -> 0x0113
mem[X,0x0000000080005856] -> 0x0021
[462] [M]: 0x0000000080005854 (0x00210113) addi sp, sp, 0x2
x2 <- 0x0000000000000002
mem[X,0x0000000080005858] -> 0x006F
mem[X,0x000000008000585A] -> 0x00C0
[463] [M]: 0x0000000080005858 (0x00C0006F) jal zero, 0xc
mem[X,0x0000000080005864] -> 0xB023
mem[X,0x0000000080005866] -> 0x0420
[464] [M]: 0x0000000080005864 (0x0420B023) sd sp, 0x40(ra)
mem[0x000000008004F218] <- 0x0000000000000002
mem[X,0x0000000080005868] -> 0x0513
mem[X,0x000000008000586A] -> 0x0010
[465] [M]: 0x0000000080005868 (0x00100513) addi a0, zero, 0x1
x10 <- 0x0000000000000001
mem[X,0x000000008000586C] -> 0x1513
mem[X,0x000000008000586E] -> 0x0375
[466] [M]: 0x000000008000586C (0x03751513) slli a0, a0, 0x37
x10 <- 0x0080000000000000
mem[X,0x0000000080005870] -> 0x4513
mem[X,0x0000000080005872] -> 0xFFF5
[467] [M]: 0x0000000080005870 (0xFFF54513) xori a0, a0, -0x1
x10 <- 0xFF7FFFFFFFFFFFFF
mem[X,0x0000000080005874] -> 0x0593
mem[X,0x0000000080005876] -> 0x0010
[468] [M]: 0x0000000080005874 (0x00100593) addi a1, zero, 0x1
x11 <- 0x0000000000000001
mem[X,0x0000000080005878] -> 0x9593
mem[X,0x000000008000587A] -> 0x01A5
[469] [M]: 0x0000000080005878 (0x01A59593) slli a1, a1, 0x1a
x11 <- 0x0000000004000000
mem[X,0x000000008000587C] -> 0x0113
mem[X,0x000000008000587E] -> 0x0000
[470] [M]: 0x000000008000587C (0x00000113) addi sp, zero, 0x0
x2 <- 0x0000000000000000
mem[X,0x0000000080005880] -> 0x006F
mem[X,0x0000000080005882] -> 0x00C0
[471] [M]: 0x0000000080005880 (0x00C0006F) jal zero, 0xc
mem[X,0x000000008000588C] -> 0x4663
mem[X,0x000000008000588E] -> 0x00B5
[472] [M]: 0x000000008000588C (0x00B54663) blt a0, a1, 0xc
mem[X,0x0000000080005898] -> 0x0113
mem[X,0x000000008000589A] -> 0x0031
[473] [M]: 0x0000000080005898 (0x00310113) addi sp, sp, 0x3
x2 <- 0x0000000000000003
mem[X,0x000000008000589C] -> 0x006F
mem[X,0x000000008000589E] -> 0x0040
[474] [M]: 0x000000008000589C (0x0040006F) jal zero, 0x4
mem[X,0x00000000800058A0] -> 0xB423
mem[X,0x00000000800058A2] -> 0x0420
[475] [M]: 0x00000000800058A0 (0x0420B423) sd sp, 0x48(ra)
mem[0x000000008004F220] <- 0x0000000000000003
mem[X,0x00000000800058A4] -> 0x0513
mem[X,0x00000000800058A6] -> 0x0010
[476] [M]: 0x00000000800058A4 (0x00100513) addi a0, zero, 0x1
x10 <- 0x0000000000000001
mem[X,0x00000000800058A8] -> 0x1513
mem[X,0x00000000800058AA] -> 0x02C5
[477] [M]: 0x00000000800058A8 (0x02C51513) slli a0, a0, 0x2c
x10 <- 0x0000100000000000
mem[X,0x00000000800058AC] -> 0x0593
mem[X,0x00000000800058AE] -> 0x0010
[478] [M]: 0x00000000800058AC (0x00100593) addi a1, zero, 0x1
x11 <- 0x0000000000000001
mem[X,0x00000000800058B0] -> 0x9593
mem[X,0x00000000800058B2] -> 0x01B5
[479] [M]: 0x00000000800058B0 (0x01B59593) slli a1, a1, 0x1b
x11 <- 0x0000000008000000
mem[X,0x00000000800058B4] -> 0x0113
mem[X,0x00000000800058B6] -> 0x0000
[480] [M]: 0x00000000800058B4 (0x00000113) addi sp, zero, 0x0
x2 <- 0x0000000000000000
mem[X,0x00000000800058B8] -> 0x006F
mem[X,0x00000000800058BA] -> 0x00C0
[481] [M]: 0x00000000800058B8 (0x00C0006F) jal zero, 0xc
mem[X,0x00000000800058C4] -> 0x4663
mem[X,0x00000000800058C6] -> 0x00B5
[482] [M]: 0x00000000800058C4 (0x00B54663) blt a0, a1, 0xc
mem[X,0x00000000800058C8] -> 0x0113
mem[X,0x00000000800058CA] -> 0x0021
[483] [M]: 0x00000000800058C8 (0x00210113) addi sp, sp, 0x2
x2 <- 0x0000000000000002
mem[X,0x00000000800058CC] -> 0x006F
mem[X,0x00000000800058CE] -> 0x00C0
[484] [M]: 0x00000000800058CC (0x00C0006F) jal zero, 0xc
mem[X,0x00000000800058D8] -> 0xB823
mem[X,0x00000000800058DA] -> 0x0420
[485] [M]: 0x00000000800058D8 (0x0420B823) sd sp, 0x50(ra)
mem[0x000000008004F228] <- 0x0000000000000002
mem[X,0x00000000800058DC] -> 0x0513
mem[X,0x00000000800058DE] -> 0x0200
[486] [M]: 0x00000000800058DC (0x02000513) addi a0, zero, 0x20
x10 <- 0x0000000000000020
mem[X,0x00000000800058E0] -> 0x0593
mem[X,0x00000000800058E2] -> 0x0010
[487] [M]: 0x00000000800058E0 (0x00100593) addi a1, zero, 0x1
x11 <- 0x0000000000000001
mem[X,0x00000000800058E4] -> 0x9593
mem[X,0x00000000800058E6] -> 0x01C5
[488] [M]: 0x00000000800058E4 (0x01C59593) slli a1, a1, 0x1c
x11 <- 0x0000000010000000
mem[X,0x00000000800058E8] -> 0x0113
mem[X,0x00000000800058EA] -> 0x0000
[489] [M]: 0x00000000800058E8 (0x00000113) addi sp, zero, 0x0
x2 <- 0x0000000000000000
mem[X,0x00000000800058EC] -> 0x006F
mem[X,0x00000000800058EE] -> 0x00C0
[490] [M]: 0x00000000800058EC (0x00C0006F) jal zero, 0xc
mem[X,0x00000000800058F8] -> 0x4863
mem[X,0x00000000800058FA] -> 0x00B5
[491] [M]: 0x00000000800058F8 (0x00B54863) blt a0, a1, 0x10
mem[X,0x0000000080005908] -> 0x0113
mem[X,0x000000008000590A] -> 0x0031
[492] [M]: 0x0000000080005908 (0x00310113) addi sp, sp, 0x3
x2 <- 0x0000000000000003
mem[X,0x000000008000590C] -> 0x006F
mem[X,0x000000008000590E] -> 0x0040
[493] [M]: 0x000000008000590C (0x0040006F) jal zero, 0x4
mem[X,0x0000000080005910] -> 0xBC23
mem[X,0x0000000080005912] -> 0x0420
[494] [M]: 0x0000000080005910 (0x0420BC23) sd sp, 0x58(ra)
mem[0x000000008004F230] <- 0x0000000000000003
mem[X,0x0000000080005914] -> 0x0513
mem[X,0x0000000080005916] -> 0x0010
[495] [M]: 0x0000000080005914 (0x00100513) addi a0, zero, 0x1
x10 <- 0x0000000000000001
mem[X,0x0000000080005918] -> 0x1513
mem[X,0x000000008000591A] -> 0x0105
[496] [M]: 0x0000000080005918 (0x01051513) slli a0, a0, 0x10
x10 <- 0x0000000000010000
mem[X,0x000000008000591C] -> 0x4513
mem[X,0x000000008000591E] -> 0xFFF5
[497] [M]: 0x000000008000591C (0xFFF54513) xori a0, a0, -0x1
x10 <- 0xFFFFFFFFFFFEFFFF
mem[X,0x0000000080005920] -> 0x0593
mem[X,0x0000000080005922] -> 0x0010
[498] [M]: 0x0000000080005920 (0x00100593) addi a1, zero, 0x1
x11 <- 0x0000000000000001
mem[X,0x0000000080005924] -> 0x9593
mem[X,0x0000000080005926] -> 0x01D5
[499] [M]: 0x0000000080005924 (0x01D59593) slli a1, a1, 0x1d
x11 <- 0x0000000020000000
clint::tick mtime <- 0x0000000000000005
 clint timer pending at mtime 0x0000000000000005
htif::tick 0x0000000000000000
mem[X,0x0000000080005928] -> 0x0113
mem[X,0x000000008000592A] -> 0x0000
[500] [M]: 0x0000000080005928 (0x00000113) addi sp, zero, 0x0
x2 <- 0x0000000000000000
mem[X,0x000000008000592C] -> 0x006F
mem[X,0x000000008000592E] -> 0x00C0
[501] [M]: 0x000000008000592C (0x00C0006F) jal zero, 0xc
mem[X,0x0000000080005938] -> 0x4663
mem[X,0x000000008000593A] -> 0x00B5
[502] [M]: 0x0000000080005938 (0x00B54663) blt a0, a1, 0xc
mem[X,0x0000000080005944] -> 0x0113
mem[X,0x0000000080005946] -> 0x0031
[503] [M]: 0x0000000080005944 (0x00310113) addi sp, sp, 0x3
x2 <- 0x0000000000000003
mem[X,0x0000000080005948] -> 0x006F
mem[X,0x000000008000594A] -> 0x0040
[504] [M]: 0x0000000080005948 (0x0040006F) jal zero, 0x4
mem[X,0x000000008000594C] -> 0xB023
mem[X,0x000000008000594E] -> 0x0620
[505] [M]: 0x000000008000594C (0x0620B023) sd sp, 0x60(ra)
mem[0x000000008004F238] <- 0x0000000000000003
mem[X,0x0000000080005950] -> 0x0513
mem[X,0x0000000080005952] -> 0x0010
[506] [M]: 0x0000000080005950 (0x00100513) addi a0, zero, 0x1
x10 <- 0x0000000000000001
mem[X,0x0000000080005954] -> 0x1513
mem[X,0x0000000080005956] -> 0x01E5
[507] [M]: 0x0000000080005954 (0x01E51513) slli a0, a0, 0x1e
x10 <- 0x0000000040000000
mem[X,0x0000000080005958] -> 0x4513
mem[X,0x000000008000595A] -> 0xFFF5
[508] [M]: 0x0000000080005958 (0xFFF54513) xori a0, a0, -0x1
x10 <- 0xFFFFFFFFBFFFFFFF
mem[X,0x000000008000595C] -> 0x0593
mem[X,0x000000008000595E] -> 0x0010
[509] [M]: 0x000000008000595C (0x00100593) addi a1, zero, 0x1
x11 <- 0x0000000000000001
mem[X,0x0000000080005960] -> 0x9593
mem[X,0x0000000080005962] -> 0x01E5
[510] [M]: 0x0000000080005960 (0x01E59593) slli a1, a1, 0x1e
x11 <- 0x0000000040000000
mem[X,0x0000000080005964] -> 0x0113
mem[X,0x0000000080005966] -> 0x0000
[511] [M]: 0x0000000080005964 (0x00000113) addi sp, zero, 0x0
x2 <- 0x0000000000000000
mem[X,0x0000000080005968] -> 0x006F
mem[X,0x000000008000596A] -> 0x00C0
[512] [M]: 0x0000000080005968 (0x00C0006F) jal zero, 0xc
mem[X,0x0000000080005974] -> 0x4063
mem[X,0x0000000080005976] -> 0x10B5
[513] [M]: 0x0000000080005974 (0x10B54063) blt a0, a1, 0x100
mem[X,0x0000000080005A74] -> 0x0113
mem[X,0x0000000080005A76] -> 0x0031
[514] [M]: 0x0000000080005A74 (0x00310113) addi sp, sp, 0x3
x2 <- 0x0000000000000003
mem[X,0x0000000080005A78] -> 0x006F
mem[X,0x0000000080005A7A] -> 0x0040
[515] [M]: 0x0000000080005A78 (0x0040006F) jal zero, 0x4
mem[X,0x0000000080005A7C] -> 0xB423
mem[X,0x0000000080005A7E] -> 0x0620
[516] [M]: 0x0000000080005A7C (0x0620B423) sd sp, 0x68(ra)
mem[0x000000008004F240] <- 0x0000000000000003
mem[X,0x0000000080005A80] -> 0x0513
mem[X,0x0000000080005A82] -> 0x0010
[517] [M]: 0x0000000080005A80 (0x00100513) addi a0, zero, 0x1
x10 <- 0x0000000000000001
mem[X,0x0000000080005A84] -> 0x1513
mem[X,0x0000000080005A86] -> 0x01D5
[518] [M]: 0x0000000080005A84 (0x01D51513) slli a0, a0, 0x1d
x10 <- 0x0000000020000000
mem[X,0x0000000080005A88] -> 0x0593
mem[X,0x0000000080005A8A] -> 0x0010
[519] [M]: 0x0000000080005A88 (0x00100593) addi a1, zero, 0x1
x11 <- 0x0000000000000001
mem[X,0x0000000080005A8C] -> 0x9593
mem[X,0x0000000080005A8E] -> 0x01F5
[520] [M]: 0x0000000080005A8C (0x01F59593) slli a1, a1, 0x1f
x11 <- 0x0000000080000000
mem[X,0x0000000080005A90] -> 0x0113
mem[X,0x0000000080005A92] -> 0x0000
[521] [M]: 0x0000000080005A90 (0x00000113) addi sp, zero, 0x0
x2 <- 0x0000000000000000
mem[X,0x0000000080005A94] -> 0x006F
mem[X,0x0000000080005A96] -> 0x00C0
[522] [M]: 0x0000000080005A94 (0x00C0006F) jal zero, 0xc
mem[X,0x0000000080005AA0] -> 0x4663
mem[X,0x0000000080005AA2] -> 0x00B5
[523] [M]: 0x0000000080005AA0 (0x00B54663) blt a0, a1, 0xc
mem[X,0x0000000080005AAC] -> 0x0113
mem[X,0x0000000080005AAE] -> 0x0031
[524] [M]: 0x0000000080005AAC (0x00310113) addi sp, sp, 0x3
x2 <- 0x0000000000000003
mem[X,0x0000000080005AB0] -> 0x006F
mem[X,0x0000000080005AB2] -> 0x0040
[525] [M]: 0x0000000080005AB0 (0x0040006F) jal zero, 0x4
mem[X,0x0000000080005AB4] -> 0xB823
mem[X,0x0000000080005AB6] -> 0x0620
[526] [M]: 0x0000000080005AB4 (0x0620B823) sd sp, 0x70(ra)
mem[0x000000008004F248] <- 0x0000000000000003
mem[X,0x0000000080005AB8] -> 0xB537
mem[X,0x0000000080005ABA] -> 0xAAAA
[527] [M]: 0x0000000080005AB8 (0xAAAAB537) lui a0, -0x55555
x10 <- 0xFFFFFFFFAAAAB000
mem[X,0x0000000080005ABC] -> 0x0513
mem[X,0x0000000080005ABE] -> 0xAAA5
[528] [M]: 0x0000000080005ABC (0xAAA50513) addi a0, a0, -0x556
x10 <- 0xFFFFFFFFAAAAAAAA
mem[X,0x0000000080005AC0] -> 0x1513
mem[X,0x0000000080005AC2] -> 0x00B5
[529] [M]: 0x0000000080005AC0 (0x00B51513) slli a0, a0, 0xb
x10 <- 0xFFFFFD5555555000
mem[X,0x0000000080005AC4] -> 0x0513
mem[X,0x0000000080005AC6] -> 0x5555
[530] [M]: 0x0000000080005AC4 (0x55550513) addi a0, a0, 0x555
x10 <- 0xFFFFFD5555555555
mem[X,0x0000000080005AC8] -> 0x1513
mem[X,0x0000000080005ACA] -> 0x00B5
[531] [M]: 0x0000000080005AC8 (0x00B51513) slli a0, a0, 0xb
x10 <- 0xFFEAAAAAAAAAA800
mem[X,0x0000000080005ACC] -> 0x0513
mem[X,0x0000000080005ACE] -> 0x2AA5
[532] [M]: 0x0000000080005ACC (0x2AA50513) addi a0, a0, 0x2aa
x10 <- 0xFFEAAAAAAAAAAAAA
mem[X,0x0000000080005AD0] -> 0x1513
mem[X,0x0000000080005AD2] -> 0x00A5
[533] [M]: 0x0000000080005AD0 (0x00A51513) slli a0, a0, 0xa
x10 <- 0xAAAAAAAAAAAAA800
mem[X,0x0000000080005AD4] -> 0x0513
mem[X,0x0000000080005AD6] -> 0x2AA5
[534] [M]: 0x0000000080005AD4 (0x2AA50513) addi a0, a0, 0x2aa
x10 <- 0xAAAAAAAAAAAAAAAA
mem[X,0x0000000080005AD8] -> 0x0593
mem[X,0x0000000080005ADA] -> 0x0010
[535] [M]: 0x0000000080005AD8 (0x00100593) addi a1, zero, 0x1
x11 <- 0x0000000000000001
mem[X,0x0000000080005ADC] -> 0x9593
mem[X,0x0000000080005ADE] -> 0x0205
[536] [M]: 0x0000000080005ADC (0x02059593) slli a1, a1, 0x20
x11 <- 0x0000000100000000
mem[X,0x0000000080005AE0] -> 0x0113
mem[X,0x0000000080005AE2] -> 0x0000
[537] [M]: 0x0000000080005AE0 (0x00000113) addi sp, zero, 0x0
x2 <- 0x0000000000000000
mem[X,0x0000000080005AE4] -> 0x006F
mem[X,0x0000000080005AE6] -> 0x00C0
[538] [M]: 0x0000000080005AE4 (0x00C0006F) jal zero, 0xc
mem[X,0x0000000080005AF0] -> 0x4CE3
mem[X,0x0000000080005AF2] -> 0xFEB5
[539] [M]: 0x0000000080005AF0 (0xFEB54CE3) blt a0, a1, -0x8
mem[X,0x0000000080005AE8] -> 0x0113
mem[X,0x0000000080005AEA] -> 0x0011
[540] [M]: 0x0000000080005AE8 (0x00110113) addi sp, sp, 0x1
x2 <- 0x0000000000000001
mem[X,0x0000000080005AEC] -> 0x006F
mem[X,0x0000000080005AEE] -> 0x0180
[541] [M]: 0x0000000080005AEC (0x0180006F) jal zero, 0x18
mem[X,0x0000000080005B04] -> 0xBC23
mem[X,0x0000000080005B06] -> 0x0620
[542] [M]: 0x0000000080005B04 (0x0620BC23) sd sp, 0x78(ra)
mem[0x000000008004F250] <- 0x0000000000000001
mem[X,0x0000000080005B08] -> 0xB537
mem[X,0x0000000080005B0A] -> 0xAAAA
[543] [M]: 0x0000000080005B08 (0xAAAAB537) lui a0, -0x55555
x10 <- 0xFFFFFFFFAAAAB000
mem[X,0x0000000080005B0C] -> 0x0513
mem[X,0x0000000080005B0E] -> 0xAAA5
[544] [M]: 0x0000000080005B0C (0xAAA50513) addi a0, a0, -0x556
x10 <- 0xFFFFFFFFAAAAAAAA
mem[X,0x0000000080005B10] -> 0x1513
mem[X,0x0000000080005B12] -> 0x00B5
[545] [M]: 0x0000000080005B10 (0x00B51513) slli a0, a0, 0xb
x10 <- 0xFFFFFD5555555000
mem[X,0x0000000080005B14] -> 0x0513
mem[X,0x0000000080005B16] -> 0x5555
[546] [M]: 0x0000000080005B14 (0x55550513) addi a0, a0, 0x555
x10 <- 0xFFFFFD5555555555
mem[X,0x0000000080005B18] -> 0x1513
mem[X,0x0000000080005B1A] -> 0x00B5
[547] [M]: 0x0000000080005B18 (0x00B51513) slli a0, a0, 0xb
x10 <- 0xFFEAAAAAAAAAA800
mem[X,0x0000000080005B1C] -> 0x0513
mem[X,0x0000000080005B1E] -> 0x2AA5
[548] [M]: 0x0000000080005B1C (0x2AA50513) addi a0, a0, 0x2aa
x10 <- 0xFFEAAAAAAAAAAAAA
mem[X,0x0000000080005B20] -> 0x1513
mem[X,0x0000000080005B22] -> 0x00A5
[549] [M]: 0x0000000080005B20 (0x00A51513) slli a0, a0, 0xa
x10 <- 0xAAAAAAAAAAAAA800
mem[X,0x0000000080005B24] -> 0x0513
mem[X,0x0000000080005B26] -> 0x2AB5
[550] [M]: 0x0000000080005B24 (0x2AB50513) addi a0, a0, 0x2ab
x10 <- 0xAAAAAAAAAAAAAAAB
mem[X,0x0000000080005B28] -> 0x0593
mem[X,0x0000000080005B2A] -> 0x0010
[551] [M]: 0x0000000080005B28 (0x00100593) addi a1, zero, 0x1
x11 <- 0x0000000000000001
mem[X,0x0000000080005B2C] -> 0x9593
mem[X,0x0000000080005B2E] -> 0x0215
[552] [M]: 0x0000000080005B2C (0x02159593) slli a1, a1, 0x21
x11 <- 0x0000000200000000
mem[X,0x0000000080005B30] -> 0x0113
mem[X,0x0000000080005B32] -> 0x0000
[553] [M]: 0x0000000080005B30 (0x00000113) addi sp, zero, 0x0
x2 <- 0x0000000000000000
mem[X,0x0000000080005B34] -> 0x006F
mem[X,0x0000000080005B36] -> 0x00C0
[554] [M]: 0x0000000080005B34 (0x00C0006F) jal zero, 0xc
mem[X,0x0000000080005B40] -> 0x4863
mem[X,0x0000000080005B42] -> 0x00B5
[555] [M]: 0x0000000080005B40 (0x00B54863) blt a0, a1, 0x10
mem[X,0x0000000080005B50] -> 0x0113
mem[X,0x0000000080005B52] -> 0x0031
[556] [M]: 0x0000000080005B50 (0x00310113) addi sp, sp, 0x3
x2 <- 0x0000000000000003
mem[X,0x0000000080005B54] -> 0x006F
mem[X,0x0000000080005B56] -> 0x0040
[557] [M]: 0x0000000080005B54 (0x0040006F) jal zero, 0x4
mem[X,0x0000000080005B58] -> 0xB023
mem[X,0x0000000080005B5A] -> 0x0820
[558] [M]: 0x0000000080005B58 (0x0820B023) sd sp, 0x80(ra)
mem[0x000000008004F258] <- 0x0000000000000003
mem[X,0x0000000080005B5C] -> 0x0513
mem[X,0x0000000080005B5E] -> 0x0010
[559] [M]: 0x0000000080005B5C (0x00100513) addi a0, zero, 0x1
x10 <- 0x0000000000000001
mem[X,0x0000000080005B60] -> 0x1513
mem[X,0x0000000080005B62] -> 0x0355
[560] [M]: 0x0000000080005B60 (0x03551513) slli a0, a0, 0x35
x10 <- 0x0020000000000000
mem[X,0x0000000080005B64] -> 0x4513
mem[X,0x0000000080005B66] -> 0xFFF5
[561] [M]: 0x0000000080005B64 (0xFFF54513) xori a0, a0, -0x1
x10 <- 0xFFDFFFFFFFFFFFFF
mem[X,0x0000000080005B68] -> 0x0593
mem[X,0x0000000080005B6A] -> 0x0010
[562] [M]: 0x0000000080005B68 (0x00100593) addi a1, zero, 0x1
x11 <- 0x0000000000000001
mem[X,0x0000000080005B6C] -> 0x9593
mem[X,0x0000000080005B6E] -> 0x0225
[563] [M]: 0x0000000080005B6C (0x02259593) slli a1, a1, 0x22
x11 <- 0x0000000400000000
mem[X,0x0000000080005B70] -> 0x0113
mem[X,0x0000000080005B72] -> 0x0000
[564] [M]: 0x0000000080005B70 (0x00000113) addi sp, zero, 0x0
x2 <- 0x0000000000000000
mem[X,0x0000000080005B74] -> 0x006F
mem[X,0x0000000080005B76] -> 0x00C0
[565] [M]: 0x0000000080005B74 (0x00C0006F) jal zero, 0xc
mem[X,0x0000000080005B80] -> 0x4663
mem[X,0x0000000080005B82] -> 0x00B5
[566] [M]: 0x0000000080005B80 (0x00B54663) blt a0, a1, 0xc
mem[X,0x0000000080005B8C] -> 0x0113
mem[X,0x0000000080005B8E] -> 0x0031
[567] [M]: 0x0000000080005B8C (0x00310113) addi sp, sp, 0x3
x2 <- 0x0000000000000003
mem[X,0x0000000080005B90] -> 0x006F
mem[X,0x0000000080005B92] -> 0x0040
[568] [M]: 0x0000000080005B90 (0x0040006F) jal zero, 0x4
mem[X,0x0000000080005B94] -> 0xB423
mem[X,0x0000000080005B96] -> 0x0820
[569] [M]: 0x0000000080005B94 (0x0820B423) sd sp, 0x88(ra)
mem[0x000000008004F260] <- 0x0000000000000003
mem[X,0x0000000080005B98] -> 0xB537
mem[X,0x0000000080005B9A] -> 0xAAAA
[570] [M]: 0x0000000080005B98 (0xAAAAB537) lui a0, -0x55555
x10 <- 0xFFFFFFFFAAAAB000
mem[X,0x0000000080005B9C] -> 0x0513
mem[X,0x0000000080005B9E] -> 0xAAA5
[571] [M]: 0x0000000080005B9C (0xAAA50513) addi a0, a0, -0x556
x10 <- 0xFFFFFFFFAAAAAAAA
mem[X,0x0000000080005BA0] -> 0x1513
mem[X,0x0000000080005BA2] -> 0x00B5
[572] [M]: 0x0000000080005BA0 (0x00B51513) slli a0, a0, 0xb
x10 <- 0xFFFFFD5555555000
mem[X,0x0000000080005BA4] -> 0x0513
mem[X,0x0000000080005BA6] -> 0x5555
[573] [M]: 0x0000000080005BA4 (0x55550513) addi a0, a0, 0x555
x10 <- 0xFFFFFD5555555555
mem[X,0x0000000080005BA8] -> 0x1513
mem[X,0x0000000080005BAA] -> 0x00B5
[574] [M]: 0x0000000080005BA8 (0x00B51513) slli a0, a0, 0xb
x10 <- 0xFFEAAAAAAAAAA800
mem[X,0x0000000080005BAC] -> 0x0513
mem[X,0x0000000080005BAE] -> 0x2AA5
[575] [M]: 0x0000000080005BAC (0x2AA50513) addi a0, a0, 0x2aa
x10 <- 0xFFEAAAAAAAAAAAAA
mem[X,0x0000000080005BB0] -> 0x1513
mem[X,0x0000000080005BB2] -> 0x00A5
[576] [M]: 0x0000000080005BB0 (0x00A51513) slli a0, a0, 0xa
x10 <- 0xAAAAAAAAAAAAA800
mem[X,0x0000000080005BB4] -> 0x0513
mem[X,0x0000000080005BB6] -> 0x2AB5
[577] [M]: 0x0000000080005BB4 (0x2AB50513) addi a0, a0, 0x2ab
x10 <- 0xAAAAAAAAAAAAAAAB
mem[X,0x0000000080005BB8] -> 0x0593
mem[X,0x0000000080005BBA] -> 0x0010
[578] [M]: 0x0000000080005BB8 (0x00100593) addi a1, zero, 0x1
x11 <- 0x0000000000000001
mem[X,0x0000000080005BBC] -> 0x9593
mem[X,0x0000000080005BBE] -> 0x0235
[579] [M]: 0x0000000080005BBC (0x02359593) slli a1, a1, 0x23
x11 <- 0x0000000800000000
mem[X,0x0000000080005BC0] -> 0x0113
mem[X,0x0000000080005BC2] -> 0x0000
[580] [M]: 0x0000000080005BC0 (0x00000113) addi sp, zero, 0x0
x2 <- 0x0000000000000000
mem[X,0x0000000080005BC4] -> 0x006F
mem[X,0x0000000080005BC6] -> 0x00C0
[581] [M]: 0x0000000080005BC4 (0x00C0006F) jal zero, 0xc
mem[X,0x0000000080005BD0] -> 0x4063
mem[X,0x0000000080005BD2] -> 0x10B5
[582] [M]: 0x0000000080005BD0 (0x10B54063) blt a0, a1, 0x100
mem[X,0x0000000080005CD0] -> 0x0113
mem[X,0x0000000080005CD2] -> 0x0031
[583] [M]: 0x0000000080005CD0 (0x00310113) addi sp, sp, 0x3
x2 <- 0x0000000000000003
mem[X,0x0000000080005CD4] -> 0x006F
mem[X,0x0000000080005CD6] -> 0x0040
[584] [M]: 0x0000000080005CD4 (0x0040006F) jal zero, 0x4
mem[X,0x0000000080005CD8] -> 0xB823
mem[X,0x0000000080005CDA] -> 0x0820
[585] [M]: 0x0000000080005CD8 (0x0820B823) sd sp, 0x90(ra)
mem[0x000000008004F268] <- 0x0000000000000003
mem[X,0x0000000080005CDC] -> 0x0513
mem[X,0x0000000080005CDE] -> 0x0010
[586] [M]: 0x0000000080005CDC (0x00100513) addi a0, zero, 0x1
x10 <- 0x0000000000000001
mem[X,0x0000000080005CE0] -> 0x1513
mem[X,0x0000000080005CE2] -> 0x02B5
[587] [M]: 0x0000000080005CE0 (0x02B51513) slli a0, a0, 0x2b
x10 <- 0x0000080000000000
mem[X,0x0000000080005CE4] -> 0x4513
mem[X,0x0000000080005CE6] -> 0xFFF5
[588] [M]: 0x0000000080005CE4 (0xFFF54513) xori a0, a0, -0x1
x10 <- 0xFFFFF7FFFFFFFFFF
mem[X,0x0000000080005CE8] -> 0x0593
mem[X,0x0000000080005CEA] -> 0x0010
[589] [M]: 0x0000000080005CE8 (0x00100593) addi a1, zero, 0x1
x11 <- 0x0000000000000001
mem[X,0x0000000080005CEC] -> 0x9593
mem[X,0x0000000080005CEE] -> 0x0245
[590] [M]: 0x0000000080005CEC (0x02459593) slli a1, a1, 0x24
x11 <- 0x0000001000000000
mem[X,0x0000000080005CF0] -> 0x0113
mem[X,0x0000000080005CF2] -> 0x0000
[591] [M]: 0x0000000080005CF0 (0x00000113) addi sp, zero, 0x0
x2 <- 0x0000000000000000
mem[X,0x0000000080005CF4] -> 0x006F
mem[X,0x0000000080005CF6] -> 0x00C0
[592] [M]: 0x0000000080005CF4 (0x00C0006F) jal zero, 0xc
mem[X,0x0000000080005D00] -> 0x4063
mem[X,0x0000000080005D02] -> 0x40B5
[593] [M]: 0x0000000080005D00 (0x40B54063) blt a0, a1, 0x400
mem[X,0x0000000080006100] -> 0x0113
mem[X,0x0000000080006102] -> 0x0031
[594] [M]: 0x0000000080006100 (0x00310113) addi sp, sp, 0x3
x2 <- 0x0000000000000003
mem[X,0x0000000080006104] -> 0x006F
mem[X,0x0000000080006106] -> 0x0040
[595] [M]: 0x0000000080006104 (0x0040006F) jal zero, 0x4
mem[X,0x0000000080006108] -> 0xBC23
mem[X,0x000000008000610A] -> 0x0820
[596] [M]: 0x0000000080006108 (0x0820BC23) sd sp, 0x98(ra)
mem[0x000000008004F270] <- 0x0000000000000003
mem[X,0x000000008000610C] -> 0x0513
mem[X,0x000000008000610E] -> 0x0000
[597] [M]: 0x000000008000610C (0x00000513) addi a0, zero, 0x0
x10 <- 0x0000000000000000
mem[X,0x0000000080006110] -> 0x0593
mem[X,0x0000000080006112] -> 0x0010
[598] [M]: 0x0000000080006110 (0x00100593) addi a1, zero, 0x1
x11 <- 0x0000000000000001
mem[X,0x0000000080006114] -> 0x9593
mem[X,0x0000000080006116] -> 0x0255
[599] [M]: 0x0000000080006114 (0x02559593) slli a1, a1, 0x25
x11 <- 0x0000002000000000
clint::tick mtime <- 0x0000000000000006
 clint timer pending at mtime 0x0000000000000006
htif::tick 0x0000000000000000
mem[X,0x0000000080006118] -> 0x0113
mem[X,0x000000008000611A] -> 0x0000
[600] [M]: 0x0000000080006118 (0x00000113) addi sp, zero, 0x0
x2 <- 0x0000000000000000
mem[X,0x000000008000611C] -> 0x006F
mem[X,0x000000008000611E] -> 0x00C0
[601] [M]: 0x000000008000611C (0x00C0006F) jal zero, 0xc
mem[X,0x0000000080006128] -> 0x4663
mem[X,0x000000008000612A] -> 0x00B5
[602] [M]: 0x0000000080006128 (0x00B54663) blt a0, a1, 0xc
mem[X,0x0000000080006134] -> 0x0113
mem[X,0x0000000080006136] -> 0x0031
[603] [M]: 0x0000000080006134 (0x00310113) addi sp, sp, 0x3
x2 <- 0x0000000000000003
mem[X,0x0000000080006138] -> 0x006F
mem[X,0x000000008000613A] -> 0x0040
[604] [M]: 0x0000000080006138 (0x0040006F) jal zero, 0x4
mem[X,0x000000008000613C] -> 0xB023
mem[X,0x000000008000613E] -> 0x0A20
[605] [M]: 0x000000008000613C (0x0A20B023) sd sp, 0xa0(ra)
mem[0x000000008004F278] <- 0x0000000000000003
mem[X,0x0000000080006140] -> 0x0513
mem[X,0x0000000080006142] -> 0x0010
[606] [M]: 0x0000000080006140 (0x00100513) addi a0, zero, 0x1
x10 <- 0x0000000000000001
mem[X,0x0000000080006144] -> 0x1513
mem[X,0x0000000080006146] -> 0x02E5
[607] [M]: 0x0000000080006144 (0x02E51513) slli a0, a0, 0x2e
x10 <- 0x0000400000000000
mem[X,0x0000000080006148] -> 0x4513
mem[X,0x000000008000614A] -> 0xFFF5
[608] [M]: 0x0000000080006148 (0xFFF54513) xori a0, a0, -0x1
x10 <- 0xFFFFBFFFFFFFFFFF
mem[X,0x000000008000614C] -> 0x0593
mem[X,0x000000008000614E] -> 0x0010
[609] [M]: 0x000000008000614C (0x00100593) addi a1, zero, 0x1
x11 <- 0x0000000000000001
mem[X,0x0000000080006150] -> 0x9593
mem[X,0x0000000080006152] -> 0x0265
[610] [M]: 0x0000000080006150 (0x02659593) slli a1, a1, 0x26
x11 <- 0x0000004000000000
mem[X,0x0000000080006154] -> 0x0113
mem[X,0x0000000080006156] -> 0x0000
[611] [M]: 0x0000000080006154 (0x00000113) addi sp, zero, 0x0
x2 <- 0x0000000000000000
mem[X,0x0000000080006158] -> 0x006F
mem[X,0x000000008000615A] -> 0x2B10
[612] [M]: 0x0000000080006158 (0x2B10006F) jal zero, 0xab0
mem[X,0x0000000080006C08] -> 0x4A63
mem[X,0x0000000080006C0A] -> 0xD4B5
[613] [M]: 0x0000000080006C08 (0xD4B54A63) blt a0, a1, -0xaac
mem[X,0x000000008000615C] -> 0x0113
mem[X,0x000000008000615E] -> 0x0011
[614] [M]: 0x000000008000615C (0x00110113) addi sp, sp, 0x1
x2 <- 0x0000000000000001
mem[X,0x0000000080006160] -> 0x006F
mem[X,0x0000000080006162] -> 0x2BD0
[615] [M]: 0x0000000080006160 (0x2BD0006F) jal zero, 0xabc
mem[X,0x0000000080006C1C] -> 0xB423
mem[X,0x0000000080006C1E] -> 0x0A20
[616] [M]: 0x0000000080006C1C (0x0A20B423) sd sp, 0xa8(ra)
mem[0x000000008004F280] <- 0x0000000000000001
mem[X,0x0000000080006C20] -> 0x0513
mem[X,0x0000000080006C22] -> 0x0010
[617] [M]: 0x0000000080006C20 (0x00100513) addi a0, zero, 0x1
x10 <- 0x0000000000000001
mem[X,0x0000000080006C24] -> 0x1513
mem[X,0x0000000080006C26] -> 0x0155
[618] [M]: 0x0000000080006C24 (0x01551513) slli a0, a0, 0x15
x10 <- 0x0000000000200000
mem[X,0x0000000080006C28] -> 0x0593
mem[X,0x0000000080006C2A] -> 0x0010
[619] [M]: 0x0000000080006C28 (0x00100593) addi a1, zero, 0x1
x11 <- 0x0000000000000001
mem[X,0x0000000080006C2C] -> 0x9593
mem[X,0x0000000080006C2E] -> 0x0275
[620] [M]: 0x0000000080006C2C (0x02759593) slli a1, a1, 0x27
x11 <- 0x0000008000000000
mem[X,0x0000000080006C30] -> 0x0113
mem[X,0x0000000080006C32] -> 0x0000
[621] [M]: 0x0000000080006C30 (0x00000113) addi sp, zero, 0x0
x2 <- 0x0000000000000000
mem[X,0x0000000080006C34] -> 0x006F
mem[X,0x0000000080006C36] -> 0x00C0
[622] [M]: 0x0000000080006C34 (0x00C0006F) jal zero, 0xc
mem[X,0x0000000080006C40] -> 0x4CE3
mem[X,0x0000000080006C42] -> 0xFEB5
[623] [M]: 0x0000000080006C40 (0xFEB54CE3) blt a0, a1, -0x8
mem[X,0x0000000080006C38] -> 0x0113
mem[X,0x0000000080006C3A] -> 0x0011
[624] [M]: 0x0000000080006C38 (0x00110113) addi sp, sp, 0x1
x2 <- 0x0000000000000001
mem[X,0x0000000080006C3C] -> 0x006F
mem[X,0x0000000080006C3E] -> 0x0180
[625] [M]: 0x0000000080006C3C (0x0180006F) jal zero, 0x18
mem[X,0x0000000080006C54] -> 0xB823
mem[X,0x0000000080006C56] -> 0x0A20
[626] [M]: 0x0000000080006C54 (0x0A20B823) sd sp, 0xb0(ra)
mem[0x000000008004F288] <- 0x0000000000000001
mem[X,0x0000000080006C58] -> 0x0513
mem[X,0x0000000080006C5A] -> 0x0400
[627] [M]: 0x0000000080006C58 (0x04000513) addi a0, zero, 0x40
x10 <- 0x0000000000000040
mem[X,0x0000000080006C5C] -> 0x0593
mem[X,0x0000000080006C5E] -> 0x0010
[628] [M]: 0x0000000080006C5C (0x00100593) addi a1, zero, 0x1
x11 <- 0x0000000000000001
mem[X,0x0000000080006C60] -> 0x9593
mem[X,0x0000000080006C62] -> 0x0285
[629] [M]: 0x0000000080006C60 (0x02859593) slli a1, a1, 0x28
x11 <- 0x0000010000000000
mem[X,0x0000000080006C64] -> 0x0113
mem[X,0x0000000080006C66] -> 0x0000
[630] [M]: 0x0000000080006C64 (0x00000113) addi sp, zero, 0x0
x2 <- 0x0000000000000000
mem[X,0x0000000080006C68] -> 0x006F
mem[X,0x0000000080006C6A] -> 0x0100
[631] [M]: 0x0000000080006C68 (0x0100006F) jal zero, 0x10
mem[X,0x0000000080006C78] -> 0x4AE3
mem[X,0x0000000080006C7A] -> 0xFEB5
[632] [M]: 0x0000000080006C78 (0xFEB54AE3) blt a0, a1, -0xc
mem[X,0x0000000080006C6C] -> 0x0113
mem[X,0x0000000080006C6E] -> 0x0011
[633] [M]: 0x0000000080006C6C (0x00110113) addi sp, sp, 0x1
x2 <- 0x0000000000000001
mem[X,0x0000000080006C70] -> 0x006F
mem[X,0x0000000080006C72] -> 0x01C0
[634] [M]: 0x0000000080006C70 (0x01C0006F) jal zero, 0x1c
mem[X,0x0000000080006C8C] -> 0xBC23
mem[X,0x0000000080006C8E] -> 0x0A20
[635] [M]: 0x0000000080006C8C (0x0A20BC23) sd sp, 0xb8(ra)
mem[0x000000008004F290] <- 0x0000000000000001
mem[X,0x0000000080006C90] -> 0x0513
mem[X,0x0000000080006C92] -> 0x0010
[636] [M]: 0x0000000080006C90 (0x00100513) addi a0, zero, 0x1
x10 <- 0x0000000000000001
mem[X,0x0000000080006C94] -> 0x1513
mem[X,0x0000000080006C96] -> 0x0295
[637] [M]: 0x0000000080006C94 (0x02951513) slli a0, a0, 0x29
x10 <- 0x0000020000000000
mem[X,0x0000000080006C98] -> 0x4513
mem[X,0x0000000080006C9A] -> 0xFFF5
[638] [M]: 0x0000000080006C98 (0xFFF54513) xori a0, a0, -0x1
x10 <- 0xFFFFFDFFFFFFFFFF
mem[X,0x0000000080006C9C] -> 0x0593
mem[X,0x0000000080006C9E] -> 0x0010
[639] [M]: 0x0000000080006C9C (0x00100593) addi a1, zero, 0x1
x11 <- 0x0000000000000001
mem[X,0x0000000080006CA0] -> 0x9593
mem[X,0x0000000080006CA2] -> 0x0295
[640] [M]: 0x0000000080006CA0 (0x02959593) slli a1, a1, 0x29
x11 <- 0x0000020000000000
mem[X,0x0000000080006CA4] -> 0x0113
mem[X,0x0000000080006CA6] -> 0x0000
[641] [M]: 0x0000000080006CA4 (0x00000113) addi sp, zero, 0x0
x2 <- 0x0000000000000000
mem[X,0x0000000080006CA8] -> 0x006F
mem[X,0x0000000080006CAA] -> 0x0180
[642] [M]: 0x0000000080006CA8 (0x0180006F) jal zero, 0x18
mem[X,0x0000000080006CC0] -> 0x46E3
mem[X,0x0000000080006CC2] -> 0xFEB5
[643] [M]: 0x0000000080006CC0 (0xFEB546E3) blt a0, a1, -0x14
mem[X,0x0000000080006CAC] -> 0x0113
mem[X,0x0000000080006CAE] -> 0x0011
[644] [M]: 0x0000000080006CAC (0x00110113) addi sp, sp, 0x1
x2 <- 0x0000000000000001
mem[X,0x0000000080006CB0] -> 0x006F
mem[X,0x0000000080006CB2] -> 0x0240
[645] [M]: 0x0000000080006CB0 (0x0240006F) jal zero, 0x24
mem[X,0x0000000080006CD4] -> 0xB023
mem[X,0x0000000080006CD6] -> 0x0C20
[646] [M]: 0x0000000080006CD4 (0x0C20B023) sd sp, 0xc0(ra)
mem[0x000000008004F298] <- 0x0000000000000001
mem[X,0x0000000080006CD8] -> 0x0513
mem[X,0x0000000080006CDA] -> 0x0010
[647] [M]: 0x0000000080006CD8 (0x00100513) addi a0, zero, 0x1
x10 <- 0x0000000000000001
mem[X,0x0000000080006CDC] -> 0x1513
mem[X,0x0000000080006CDE] -> 0x03B5
[648] [M]: 0x0000000080006CDC (0x03B51513) slli a0, a0, 0x3b
x10 <- 0x0800000000000000
mem[X,0x0000000080006CE0] -> 0x0593
mem[X,0x0000000080006CE2] -> 0x0010
[649] [M]: 0x0000000080006CE0 (0x00100593) addi a1, zero, 0x1
x11 <- 0x0000000000000001
mem[X,0x0000000080006CE4] -> 0x9593
mem[X,0x0000000080006CE6] -> 0x02A5
[650] [M]: 0x0000000080006CE4 (0x02A59593) slli a1, a1, 0x2a
x11 <- 0x0000040000000000
mem[X,0x0000000080006CE8] -> 0x0113
mem[X,0x0000000080006CEA] -> 0x0000
[651] [M]: 0x0000000080006CE8 (0x00000113) addi sp, zero, 0x0
x2 <- 0x0000000000000000
mem[X,0x0000000080006CEC] -> 0x006F
mem[X,0x0000000080006CEE] -> 0x00C0
[652] [M]: 0x0000000080006CEC (0x00C0006F) jal zero, 0xc
mem[X,0x0000000080006CF8] -> 0x4063
mem[X,0x0000000080006CFA] -> 0x02B5
[653] [M]: 0x0000000080006CF8 (0x02B54063) blt a0, a1, 0x20
mem[X,0x0000000080006CFC] -> 0x0113
mem[X,0x0000000080006CFE] -> 0x0021
[654] [M]: 0x0000000080006CFC (0x00210113) addi sp, sp, 0x2
x2 <- 0x0000000000000002
mem[X,0x0000000080006D00] -> 0x006F
mem[X,0x0000000080006D02] -> 0x0200
[655] [M]: 0x0000000080006D00 (0x0200006F) jal zero, 0x20
mem[X,0x0000000080006D20] -> 0xB423
mem[X,0x0000000080006D22] -> 0x0C20
[656] [M]: 0x0000000080006D20 (0x0C20B423) sd sp, 0xc8(ra)
mem[0x000000008004F2A0] <- 0x0000000000000002
mem[X,0x0000000080006D24] -> 0x0513
mem[X,0x0000000080006D26] -> 0x0010
[657] [M]: 0x0000000080006D24 (0x00100513) addi a0, zero, 0x1
x10 <- 0x0000000000000001
mem[X,0x0000000080006D28] -> 0x1513
mem[X,0x0000000080006D2A] -> 0x0235
[658] [M]: 0x0000000080006D28 (0x02351513) slli a0, a0, 0x23
x10 <- 0x0000000800000000
mem[X,0x0000000080006D2C] -> 0x4513
mem[X,0x0000000080006D2E] -> 0xFFF5
[659] [M]: 0x0000000080006D2C (0xFFF54513) xori a0, a0, -0x1
x10 <- 0xFFFFFFF7FFFFFFFF
mem[X,0x0000000080006D30] -> 0x0593
mem[X,0x0000000080006D32] -> 0x0010
[660] [M]: 0x0000000080006D30 (0x00100593) addi a1, zero, 0x1
x11 <- 0x0000000000000001
mem[X,0x0000000080006D34] -> 0x9593
mem[X,0x0000000080006D36] -> 0x02B5
[661] [M]: 0x0000000080006D34 (0x02B59593) slli a1, a1, 0x2b
x11 <- 0x0000080000000000
mem[X,0x0000000080006D38] -> 0x0113
mem[X,0x0000000080006D3A] -> 0x0000
[662] [M]: 0x0000000080006D38 (0x00000113) addi sp, zero, 0x0
x2 <- 0x0000000000000000
mem[X,0x0000000080006D3C] -> 0x006F
mem[X,0x0000000080006D3E] -> 0x00C0
[663] [M]: 0x0000000080006D3C (0x00C0006F) jal zero, 0xc
mem[X,0x0000000080006D48] -> 0x4CE3
mem[X,0x0000000080006D4A] -> 0xFEB5
[664] [M]: 0x0000000080006D48 (0xFEB54CE3) blt a0, a1, -0x8
mem[X,0x0000000080006D40] -> 0x0113
mem[X,0x0000000080006D42] -> 0x0011
[665] [M]: 0x0000000080006D40 (0x00110113) addi sp, sp, 0x1
x2 <- 0x0000000000000001
mem[X,0x0000000080006D44] -> 0x006F
mem[X,0x0000000080006D46] -> 0x0180
[666] [M]: 0x0000000080006D44 (0x0180006F) jal zero, 0x18
mem[X,0x0000000080006D5C] -> 0xB823
mem[X,0x0000000080006D5E] -> 0x0C20
[667] [M]: 0x0000000080006D5C (0x0C20B823) sd sp, 0xd0(ra)
mem[0x000000008004F2A8] <- 0x0000000000000001
mem[X,0x0000000080006D60] -> 0x0513
mem[X,0x0000000080006D62] -> 0x0010
[668] [M]: 0x0000000080006D60 (0x00100513) addi a0, zero, 0x1
x10 <- 0x0000000000000001
mem[X,0x0000000080006D64] -> 0x1513
mem[X,0x0000000080006D66] -> 0x0185
[669] [M]: 0x0000000080006D64 (0x01851513) slli a0, a0, 0x18
x10 <- 0x0000000001000000
mem[X,0x0000000080006D68] -> 0x4513
mem[X,0x0000000080006D6A] -> 0xFFF5
[670] [M]: 0x0000000080006D68 (0xFFF54513) xori a0, a0, -0x1
x10 <- 0xFFFFFFFFFEFFFFFF
mem[X,0x0000000080006D6C] -> 0x0593
mem[X,0x0000000080006D6E] -> 0x0010
[671] [M]: 0x0000000080006D6C (0x00100593) addi a1, zero, 0x1
x11 <- 0x0000000000000001
mem[X,0x0000000080006D70] -> 0x9593
mem[X,0x0000000080006D72] -> 0x02C5
[672] [M]: 0x0000000080006D70 (0x02C59593) slli a1, a1, 0x2c
x11 <- 0x0000100000000000
mem[X,0x0000000080006D74] -> 0x0113
mem[X,0x0000000080006D76] -> 0x0000
[673] [M]: 0x0000000080006D74 (0x00000113) addi sp, zero, 0x0
x2 <- 0x0000000000000000
mem[X,0x0000000080006D78] -> 0x006F
mem[X,0x0000000080006D7A] -> 0x0050
[674] [M]: 0x0000000080006D78 (0x0050006F) jal zero, 0x804
mem[X,0x000000008000757C] -> 0x40E3
mem[X,0x000000008000757E] -> 0x80B5
[675] [M]: 0x000000008000757C (0x80B540E3) blt a0, a1, -0x800
mem[X,0x0000000080006D7C] -> 0x0113
mem[X,0x0000000080006D7E] -> 0x0011
[676] [M]: 0x0000000080006D7C (0x00110113) addi sp, sp, 0x1
x2 <- 0x0000000000000001
mem[X,0x0000000080006D80] -> 0x006F
mem[X,0x0000000080006D82] -> 0x0110
[677] [M]: 0x0000000080006D80 (0x0110006F) jal zero, 0x810
mem[X,0x0000000080007590] -> 0xBC23
mem[X,0x0000000080007592] -> 0x0C20
[678] [M]: 0x0000000080007590 (0x0C20BC23) sd sp, 0xd8(ra)
mem[0x000000008004F2B0] <- 0x0000000000000001
mem[X,0x0000000080007594] -> 0x0513
mem[X,0x0000000080007596] -> 0x0010
[679] [M]: 0x0000000080007594 (0x00100513) addi a0, zero, 0x1
x10 <- 0x0000000000000001
mem[X,0x0000000080007598] -> 0x1513
mem[X,0x000000008000759A] -> 0x0305
[680] [M]: 0x0000000080007598 (0x03051513) slli a0, a0, 0x30
x10 <- 0x0001000000000000
mem[X,0x000000008000759C] -> 0x4513
mem[X,0x000000008000759E] -> 0xFFF5
[681] [M]: 0x000000008000759C (0xFFF54513) xori a0, a0, -0x1
x10 <- 0xFFFEFFFFFFFFFFFF
mem[X,0x00000000800075A0] -> 0x0593
mem[X,0x00000000800075A2] -> 0x0010
[682] [M]: 0x00000000800075A0 (0x00100593) addi a1, zero, 0x1
x11 <- 0x0000000000000001
mem[X,0x00000000800075A4] -> 0x9593
mem[X,0x00000000800075A6] -> 0x02D5
[683] [M]: 0x00000000800075A4 (0x02D59593) slli a1, a1, 0x2d
x11 <- 0x0000200000000000
mem[X,0x00000000800075A8] -> 0x0113
mem[X,0x00000000800075AA] -> 0x0000
[684] [M]: 0x00000000800075A8 (0x00000113) addi sp, zero, 0x0
x2 <- 0x0000000000000000
mem[X,0x00000000800075AC] -> 0x006F
mem[X,0x00000000800075AE] -> 0x00C0
[685] [M]: 0x00000000800075AC (0x00C0006F) jal zero, 0xc
mem[X,0x00000000800075B8] -> 0x4063
mem[X,0x00000000800075BA] -> 0x02B5
[686] [M]: 0x00000000800075B8 (0x02B54063) blt a0, a1, 0x20
mem[X,0x00000000800075D8] -> 0x0113
mem[X,0x00000000800075DA] -> 0x0031
[687] [M]: 0x00000000800075D8 (0x00310113) addi sp, sp, 0x3
x2 <- 0x0000000000000003
mem[X,0x00000000800075DC] -> 0x006F
mem[X,0x00000000800075DE] -> 0x0040
[688] [M]: 0x00000000800075DC (0x0040006F) jal zero, 0x4
mem[X,0x00000000800075E0] -> 0xB023
mem[X,0x00000000800075E2] -> 0x0E20
[689] [M]: 0x00000000800075E0 (0x0E20B023) sd sp, 0xe0(ra)
mem[0x000000008004F2B8] <- 0x0000000000000003
mem[X,0x00000000800075E4] -> 0x0513
mem[X,0x00000000800075E6] -> 0x0010
[690] [M]: 0x00000000800075E4 (0x00100513) addi a0, zero, 0x1
x10 <- 0x0000000000000001
mem[X,0x00000000800075E8] -> 0x1513
mem[X,0x00000000800075EA] -> 0x01C5
[691] [M]: 0x00000000800075E8 (0x01C51513) slli a0, a0, 0x1c
x10 <- 0x0000000010000000
mem[X,0x00000000800075EC] -> 0x4513
mem[X,0x00000000800075EE] -> 0xFFF5
[692] [M]: 0x00000000800075EC (0xFFF54513) xori a0, a0, -0x1
x10 <- 0xFFFFFFFFEFFFFFFF
mem[X,0x00000000800075F0] -> 0x0593
mem[X,0x00000000800075F2] -> 0x0010
[693] [M]: 0x00000000800075F0 (0x00100593) addi a1, zero, 0x1
x11 <- 0x0000000000000001
mem[X,0x00000000800075F4] -> 0x9593
mem[X,0x00000000800075F6] -> 0x02E5
[694] [M]: 0x00000000800075F4 (0x02E59593) slli a1, a1, 0x2e
x11 <- 0x0000400000000000
mem[X,0x00000000800075F8] -> 0x0113
mem[X,0x00000000800075FA] -> 0x0000
[695] [M]: 0x00000000800075F8 (0x00000113) addi sp, zero, 0x0
x2 <- 0x0000000000000000
mem[X,0x00000000800075FC] -> 0x006F
mem[X,0x00000000800075FE] -> 0x0100
[696] [M]: 0x00000000800075FC (0x0100006F) jal zero, 0x10
mem[X,0x000000008000760C] -> 0x4AE3
mem[X,0x000000008000760E] -> 0xFEB5
[697] [M]: 0x000000008000760C (0xFEB54AE3) blt a0, a1, -0xc
mem[X,0x0000000080007600] -> 0x0113
mem[X,0x0000000080007602] -> 0x0011
[698] [M]: 0x0000000080007600 (0x00110113) addi sp, sp, 0x1
x2 <- 0x0000000000000001
mem[X,0x0000000080007604] -> 0x006F
mem[X,0x0000000080007606] -> 0x01C0
[699] [M]: 0x0000000080007604 (0x01C0006F) jal zero, 0x1c
clint::tick mtime <- 0x0000000000000007
 clint timer pending at mtime 0x0000000000000007
htif::tick 0x0000000000000000
mem[X,0x0000000080007620] -> 0xB423
mem[X,0x0000000080007622] -> 0x0E20
[700] [M]: 0x0000000080007620 (0x0E20B423) sd sp, 0xe8(ra)
mem[0x000000008004F2C0] <- 0x0000000000000001
mem[X,0x0000000080007624] -> 0x0513
mem[X,0x0000000080007626] -> 0x0010
[701] [M]: 0x0000000080007624 (0x00100513) addi a0, zero, 0x1
x10 <- 0x0000000000000001
mem[X,0x0000000080007628] -> 0x1513
mem[X,0x000000008000762A] -> 0x02E5
[702] [M]: 0x0000000080007628 (0x02E51513) slli a0, a0, 0x2e
x10 <- 0x0000400000000000
mem[X,0x000000008000762C] -> 0x0593
mem[X,0x000000008000762E] -> 0x0010
[703] [M]: 0x000000008000762C (0x00100593) addi a1, zero, 0x1
x11 <- 0x0000000000000001
mem[X,0x0000000080007630] -> 0x9593
mem[X,0x0000000080007632] -> 0x02F5
[704] [M]: 0x0000000080007630 (0x02F59593) slli a1, a1, 0x2f
x11 <- 0x0000800000000000
mem[X,0x0000000080007634] -> 0x0113
mem[X,0x0000000080007636] -> 0x0000
[705] [M]: 0x0000000080007634 (0x00000113) addi sp, zero, 0x0
x2 <- 0x0000000000000000
mem[X,0x0000000080007638] -> 0x006F
mem[X,0x000000008000763A] -> 0x00C0
[706] [M]: 0x0000000080007638 (0x00C0006F) jal zero, 0xc
mem[X,0x0000000080007644] -> 0x4663
mem[X,0x0000000080007646] -> 0x00B5
[707] [M]: 0x0000000080007644 (0x00B54663) blt a0, a1, 0xc
mem[X,0x0000000080007650] -> 0x0113
mem[X,0x0000000080007652] -> 0x0031
[708] [M]: 0x0000000080007650 (0x00310113) addi sp, sp, 0x3
x2 <- 0x0000000000000003
mem[X,0x0000000080007654] -> 0x006F
mem[X,0x0000000080007656] -> 0x0040
[709] [M]: 0x0000000080007654 (0x0040006F) jal zero, 0x4
mem[X,0x0000000080007658] -> 0xB823
mem[X,0x000000008000765A] -> 0x0E20
[710] [M]: 0x0000000080007658 (0x0E20B823) sd sp, 0xf0(ra)
mem[0x000000008004F2C8] <- 0x0000000000000003
mem[X,0x000000008000765C] -> 0x0513
mem[X,0x000000008000765E] -> 0x0010
[711] [M]: 0x000000008000765C (0x00100513) addi a0, zero, 0x1
x10 <- 0x0000000000000001
mem[X,0x0000000080007660] -> 0x1513
mem[X,0x0000000080007662] -> 0x03D5
[712] [M]: 0x0000000080007660 (0x03D51513) slli a0, a0, 0x3d
x10 <- 0x2000000000000000
mem[X,0x0000000080007664] -> 0x0593
mem[X,0x0000000080007666] -> 0x0010
[713] [M]: 0x0000000080007664 (0x00100593) addi a1, zero, 0x1
x11 <- 0x0000000000000001
mem[X,0x0000000080007668] -> 0x9593
mem[X,0x000000008000766A] -> 0x0305
[714] [M]: 0x0000000080007668 (0x03059593) slli a1, a1, 0x30
x11 <- 0x0001000000000000
mem[X,0x000000008000766C] -> 0x0113
mem[X,0x000000008000766E] -> 0x0000
[715] [M]: 0x000000008000766C (0x00000113) addi sp, zero, 0x0
x2 <- 0x0000000000000000
mem[X,0x0000000080007670] -> 0x006F
mem[X,0x0000000080007672] -> 0x00C0
[716] [M]: 0x0000000080007670 (0x00C0006F) jal zero, 0xc
mem[X,0x000000008000767C] -> 0x4CE3
mem[X,0x000000008000767E] -> 0xFEB5
[717] [M]: 0x000000008000767C (0xFEB54CE3) blt a0, a1, -0x8
mem[X,0x0000000080007680] -> 0x0113
mem[X,0x0000000080007682] -> 0x0021
[718] [M]: 0x0000000080007680 (0x00210113) addi sp, sp, 0x2
x2 <- 0x0000000000000002
mem[X,0x0000000080007684] -> 0x006F
mem[X,0x0000000080007686] -> 0x00C0
[719] [M]: 0x0000000080007684 (0x00C0006F) jal zero, 0xc
mem[X,0x0000000080007690] -> 0xBC23
mem[X,0x0000000080007692] -> 0x0E20
[720] [M]: 0x0000000080007690 (0x0E20BC23) sd sp, 0xf8(ra)
mem[0x000000008004F2D0] <- 0x0000000000000002
mem[X,0x0000000080007694] -> 0x0513
mem[X,0x0000000080007696] -> 0x0010
[721] [M]: 0x0000000080007694 (0x00100513) addi a0, zero, 0x1
x10 <- 0x0000000000000001
mem[X,0x0000000080007698] -> 0x1513
mem[X,0x000000008000769A] -> 0x0115
[722] [M]: 0x0000000080007698 (0x01151513) slli a0, a0, 0x11
x10 <- 0x0000000000020000
mem[X,0x000000008000769C] -> 0x4513
mem[X,0x000000008000769E] -> 0xFFF5
[723] [M]: 0x000000008000769C (0xFFF54513) xori a0, a0, -0x1
x10 <- 0xFFFFFFFFFFFDFFFF
mem[X,0x00000000800076A0] -> 0x0593
mem[X,0x00000000800076A2] -> 0x0010
[724] [M]: 0x00000000800076A0 (0x00100593) addi a1, zero, 0x1
x11 <- 0x0000000000000001
mem[X,0x00000000800076A4] -> 0x9593
mem[X,0x00000000800076A6] -> 0x0315
[725] [M]: 0x00000000800076A4 (0x03159593) slli a1, a1, 0x31
x11 <- 0x0002000000000000
mem[X,0x00000000800076A8] -> 0x0113
mem[X,0x00000000800076AA] -> 0x0000
[726] [M]: 0x00000000800076A8 (0x00000113) addi sp, zero, 0x0
x2 <- 0x0000000000000000
mem[X,0x00000000800076AC] -> 0x006F
mem[X,0x00000000800076AE] -> 0x00C0
[727] [M]: 0x00000000800076AC (0x00C0006F) jal zero, 0xc
mem[X,0x00000000800076B8] -> 0x4063
mem[X,0x00000000800076BA] -> 0x10B5
[728] [M]: 0x00000000800076B8 (0x10B54063) blt a0, a1, 0x100
mem[X,0x00000000800077B8] -> 0x0113
mem[X,0x00000000800077BA] -> 0x0031
[729] [M]: 0x00000000800077B8 (0x00310113) addi sp, sp, 0x3
x2 <- 0x0000000000000003
mem[X,0x00000000800077BC] -> 0x006F
mem[X,0x00000000800077BE] -> 0x0040
[730] [M]: 0x00000000800077BC (0x0040006F) jal zero, 0x4
mem[X,0x00000000800077C0] -> 0xB023
mem[X,0x00000000800077C2] -> 0x1020
[731] [M]: 0x00000000800077C0 (0x1020B023) sd sp, 0x100(ra)
mem[0x000000008004F2D8] <- 0x0000000000000003
mem[X,0x00000000800077C4] -> 0x0513
mem[X,0x00000000800077C6] -> 0x0010
[732] [M]: 0x00000000800077C4 (0x00100513) addi a0, zero, 0x1
x10 <- 0x0000000000000001
mem[X,0x00000000800077C8] -> 0x1513
mem[X,0x00000000800077CA] -> 0x0245
[733] [M]: 0x00000000800077C8 (0x02451513) slli a0, a0, 0x24
x10 <- 0x0000001000000000
mem[X,0x00000000800077CC] -> 0x4513
mem[X,0x00000000800077CE] -> 0xFFF5
[734] [M]: 0x00000000800077CC (0xFFF54513) xori a0, a0, -0x1
x10 <- 0xFFFFFFEFFFFFFFFF
mem[X,0x00000000800077D0] -> 0x0593
mem[X,0x00000000800077D2] -> 0x0010
[735] [M]: 0x00000000800077D0 (0x00100593) addi a1, zero, 0x1
x11 <- 0x0000000000000001
mem[X,0x00000000800077D4] -> 0x9593
mem[X,0x00000000800077D6] -> 0x0325
[736] [M]: 0x00000000800077D4 (0x03259593) slli a1, a1, 0x32
x11 <- 0x0004000000000000
mem[X,0x00000000800077D8] -> 0x0113
mem[X,0x00000000800077DA] -> 0x0000
[737] [M]: 0x00000000800077D8 (0x00000113) addi sp, zero, 0x0
x2 <- 0x0000000000000000
mem[X,0x00000000800077DC] -> 0x006F
mem[X,0x00000000800077DE] -> 0x00C0
[738] [M]: 0x00000000800077DC (0x00C0006F) jal zero, 0xc
mem[X,0x00000000800077E8] -> 0x4663
mem[X,0x00000000800077EA] -> 0x00B5
[739] [M]: 0x00000000800077E8 (0x00B54663) blt a0, a1, 0xc
mem[X,0x00000000800077F4] -> 0x0113
mem[X,0x00000000800077F6] -> 0x0031
[740] [M]: 0x00000000800077F4 (0x00310113) addi sp, sp, 0x3
x2 <- 0x0000000000000003
mem[X,0x00000000800077F8] -> 0x006F
mem[X,0x00000000800077FA] -> 0x0040
[741] [M]: 0x00000000800077F8 (0x0040006F) jal zero, 0x4
mem[X,0x00000000800077FC] -> 0xB423
mem[X,0x00000000800077FE] -> 0x1020
[742] [M]: 0x00000000800077FC (0x1020B423) sd sp, 0x108(ra)
mem[0x000000008004F2E0] <- 0x0000000000000003
mem[X,0x0000000080007800] -> 0x0513
mem[X,0x0000000080007802] -> 0x0400
[743] [M]: 0x0000000080007800 (0x04000513) addi a0, zero, 0x40
x10 <- 0x0000000000000040
mem[X,0x0000000080007804] -> 0x0593
mem[X,0x0000000080007806] -> 0x0010
[744] [M]: 0x0000000080007804 (0x00100593) addi a1, zero, 0x1
x11 <- 0x0000000000000001
mem[X,0x0000000080007808] -> 0x9593
mem[X,0x000000008000780A] -> 0x0335
[745] [M]: 0x0000000080007808 (0x03359593) slli a1, a1, 0x33
x11 <- 0x0008000000000000
mem[X,0x000000008000780C] -> 0x0113
mem[X,0x000000008000780E] -> 0x0000
[746] [M]: 0x000000008000780C (0x00000113) addi sp, zero, 0x0
x2 <- 0x0000000000000000
mem[X,0x0000000080007810] -> 0x006F
mem[X,0x0000000080007812] -> 0x00C0
[747] [M]: 0x0000000080007810 (0x00C0006F) jal zero, 0xc
mem[X,0x000000008000781C] -> 0x4663
mem[X,0x000000008000781E] -> 0x00B5
[748] [M]: 0x000000008000781C (0x00B54663) blt a0, a1, 0xc
mem[X,0x0000000080007828] -> 0x0113
mem[X,0x000000008000782A] -> 0x0031
[749] [M]: 0x0000000080007828 (0x00310113) addi sp, sp, 0x3
x2 <- 0x0000000000000003
mem[X,0x000000008000782C] -> 0x006F
mem[X,0x000000008000782E] -> 0x0040
[750] [M]: 0x000000008000782C (0x0040006F) jal zero, 0x4
mem[X,0x0000000080007830] -> 0xB823
mem[X,0x0000000080007832] -> 0x1020
[751] [M]: 0x0000000080007830 (0x1020B823) sd sp, 0x110(ra)
mem[0x000000008004F2E8] <- 0x0000000000000003
mem[X,0x0000000080007834] -> 0x0513
mem[X,0x0000000080007836] -> 0x0010
[752] [M]: 0x0000000080007834 (0x00100513) addi a0, zero, 0x1
x10 <- 0x0000000000000001
mem[X,0x0000000080007838] -> 0x1513
mem[X,0x000000008000783A] -> 0x0275
[753] [M]: 0x0000000080007838 (0x02751513) slli a0, a0, 0x27
x10 <- 0x0000008000000000
mem[X,0x000000008000783C] -> 0x0593
mem[X,0x000000008000783E] -> 0x0010
[754] [M]: 0x000000008000783C (0x00100593) addi a1, zero, 0x1
x11 <- 0x0000000000000001
mem[X,0x0000000080007840] -> 0x9593
mem[X,0x0000000080007842] -> 0x0345
[755] [M]: 0x0000000080007840 (0x03459593) slli a1, a1, 0x34
x11 <- 0x0010000000000000
mem[X,0x0000000080007844] -> 0x0113
mem[X,0x0000000080007846] -> 0x0000
[756] [M]: 0x0000000080007844 (0x00000113) addi sp, zero, 0x0
x2 <- 0x0000000000000000
mem[X,0x0000000080007848] -> 0x006F
mem[X,0x000000008000784A] -> 0x00C0
[757] [M]: 0x0000000080007848 (0x00C0006F) jal zero, 0xc
mem[X,0x0000000080007854] -> 0x4063
mem[X,0x0000000080007856] -> 0x10B5
[758] [M]: 0x0000000080007854 (0x10B54063) blt a0, a1, 0x100
mem[X,0x0000000080007954] -> 0x0113
mem[X,0x0000000080007956] -> 0x0031
[759] [M]: 0x0000000080007954 (0x00310113) addi sp, sp, 0x3
x2 <- 0x0000000000000003
mem[X,0x0000000080007958] -> 0x006F
mem[X,0x000000008000795A] -> 0x0040
[760] [M]: 0x0000000080007958 (0x0040006F) jal zero, 0x4
mem[X,0x000000008000795C] -> 0xBC23
mem[X,0x000000008000795E] -> 0x1020
[761] [M]: 0x000000008000795C (0x1020BC23) sd sp, 0x118(ra)
mem[0x000000008004F2F0] <- 0x0000000000000003
mem[X,0x0000000080007960] -> 0x0513
mem[X,0x0000000080007962] -> 0xFBF0
[762] [M]: 0x0000000080007960 (0xFBF00513) addi a0, zero, -0x41
x10 <- 0xFFFFFFFFFFFFFFBF
mem[X,0x0000000080007964] -> 0x0593
mem[X,0x0000000080007966] -> 0x0010
[763] [M]: 0x0000000080007964 (0x00100593) addi a1, zero, 0x1
x11 <- 0x0000000000000001
mem[X,0x0000000080007968] -> 0x9593
mem[X,0x000000008000796A] -> 0x0355
[764] [M]: 0x0000000080007968 (0x03559593) slli a1, a1, 0x35
x11 <- 0x0020000000000000
mem[X,0x000000008000796C] -> 0x0113
mem[X,0x000000008000796E] -> 0x0000
[765] [M]: 0x000000008000796C (0x00000113) addi sp, zero, 0x0
x2 <- 0x0000000000000000
mem[X,0x0000000080007970] -> 0x006F
mem[X,0x0000000080007972] -> 0x00C0
[766] [M]: 0x0000000080007970 (0x00C0006F) jal zero, 0xc
mem[X,0x000000008000797C] -> 0x4063
mem[X,0x000000008000797E] -> 0x40B5
[767] [M]: 0x000000008000797C (0x40B54063) blt a0, a1, 0x400
mem[X,0x0000000080007D7C] -> 0x0113
mem[X,0x0000000080007D7E] -> 0x0031
[768] [M]: 0x0000000080007D7C (0x00310113) addi sp, sp, 0x3
x2 <- 0x0000000000000003
mem[X,0x0000000080007D80] -> 0x006F
mem[X,0x0000000080007D82] -> 0x0040
[769] [M]: 0x0000000080007D80 (0x0040006F) jal zero, 0x4
mem[X,0x0000000080007D84] -> 0xB023
mem[X,0x0000000080007D86] -> 0x1220
[770] [M]: 0x0000000080007D84 (0x1220B023) sd sp, 0x120(ra)
mem[0x000000008004F2F8] <- 0x0000000000000003
mem[X,0x0000000080007D88] -> 0x3537
mem[X,0x0000000080007D8A] -> 0x3333
[771] [M]: 0x0000000080007D88 (0x33333537) lui a0, 0x33333
x10 <- 0x0000000033333000
mem[X,0x0000000080007D8C] -> 0x0513
mem[X,0x0000000080007D8E] -> 0x3335
[772] [M]: 0x0000000080007D8C (0x33350513) addi a0, a0, 0x333
x10 <- 0x0000000033333333
mem[X,0x0000000080007D90] -> 0x1513
mem[X,0x0000000080007D92] -> 0x00B5
[773] [M]: 0x0000000080007D90 (0x00B51513) slli a0, a0, 0xb
x10 <- 0x0000019999999800
mem[X,0x0000000080007D94] -> 0x0513
mem[X,0x0000000080007D96] -> 0x1995
[774] [M]: 0x0000000080007D94 (0x19950513) addi a0, a0, 0x199
x10 <- 0x0000019999999999
mem[X,0x0000000080007D98] -> 0x1513
mem[X,0x0000000080007D9A] -> 0x00B5
[775] [M]: 0x0000000080007D98 (0x00B51513) slli a0, a0, 0xb
x10 <- 0x000CCCCCCCCCC800
mem[X,0x0000000080007D9C] -> 0x0513
mem[X,0x0000000080007D9E] -> 0x4CC5
[776] [M]: 0x0000000080007D9C (0x4CC50513) addi a0, a0, 0x4cc
x10 <- 0x000CCCCCCCCCCCCC
mem[X,0x0000000080007DA0] -> 0x1513
mem[X,0x0000000080007DA2] -> 0x00A5
[777] [M]: 0x0000000080007DA0 (0x00A51513) slli a0, a0, 0xa
x10 <- 0x3333333333333000
mem[X,0x0000000080007DA4] -> 0x0513
mem[X,0x0000000080007DA6] -> 0x3345
[778] [M]: 0x0000000080007DA4 (0x33450513) addi a0, a0, 0x334
x10 <- 0x3333333333333334
mem[X,0x0000000080007DA8] -> 0x0593
mem[X,0x0000000080007DAA] -> 0x0010
[779] [M]: 0x0000000080007DA8 (0x00100593) addi a1, zero, 0x1
x11 <- 0x0000000000000001
mem[X,0x0000000080007DAC] -> 0x9593
mem[X,0x0000000080007DAE] -> 0x0365
[780] [M]: 0x0000000080007DAC (0x03659593) slli a1, a1, 0x36
x11 <- 0x0040000000000000
mem[X,0x0000000080007DB0] -> 0x0113
mem[X,0x0000000080007DB2] -> 0x0000
[781] [M]: 0x0000000080007DB0 (0x00000113) addi sp, zero, 0x0
x2 <- 0x0000000000000000
mem[X,0x0000000080007DB4] -> 0x006F
mem[X,0x0000000080007DB6] -> 0x0140
[782] [M]: 0x0000000080007DB4 (0x0140006F) jal zero, 0x14
mem[X,0x0000000080007DC8] -> 0x48E3
mem[X,0x0000000080007DCA] -> 0xFEB5
[783] [M]: 0x0000000080007DC8 (0xFEB548E3) blt a0, a1, -0x10
mem[X,0x0000000080007DCC] -> 0x0113
mem[X,0x0000000080007DCE] -> 0x0021
[784] [M]: 0x0000000080007DCC (0x00210113) addi sp, sp, 0x2
x2 <- 0x0000000000000002
mem[X,0x0000000080007DD0] -> 0x006F
mem[X,0x0000000080007DD2] -> 0x00C0
[785] [M]: 0x0000000080007DD0 (0x00C0006F) jal zero, 0xc
mem[X,0x0000000080007DDC] -> 0xB423
mem[X,0x0000000080007DDE] -> 0x1220
[786] [M]: 0x0000000080007DDC (0x1220B423) sd sp, 0x128(ra)
mem[0x000000008004F300] <- 0x0000000000000002
mem[X,0x0000000080007DE0] -> 0x0513
mem[X,0x0000000080007DE2] -> 0x0010
[787] [M]: 0x0000000080007DE0 (0x00100513) addi a0, zero, 0x1
x10 <- 0x0000000000000001
mem[X,0x0000000080007DE4] -> 0x1513
mem[X,0x0000000080007DE6] -> 0x0365
[788] [M]: 0x0000000080007DE4 (0x03651513) slli a0, a0, 0x36
x10 <- 0x0040000000000000
mem[X,0x0000000080007DE8] -> 0x0593
mem[X,0x0000000080007DEA] -> 0x0010
[789] [M]: 0x0000000080007DE8 (0x00100593) addi a1, zero, 0x1
x11 <- 0x0000000000000001
mem[X,0x0000000080007DEC] -> 0x9593
mem[X,0x0000000080007DEE] -> 0x0375
[790] [M]: 0x0000000080007DEC (0x03759593) slli a1, a1, 0x37
x11 <- 0x0080000000000000
mem[X,0x0000000080007DF0] -> 0x0113
mem[X,0x0000000080007DF2] -> 0x0000
[791] [M]: 0x0000000080007DF0 (0x00000113) addi sp, zero, 0x0
x2 <- 0x0000000000000000
mem[X,0x0000000080007DF4] -> 0x006F
mem[X,0x0000000080007DF6] -> 0x00C0
[792] [M]: 0x0000000080007DF4 (0x00C0006F) jal zero, 0xc
mem[X,0x0000000080007E00] -> 0x4863
mem[X,0x0000000080007E02] -> 0x00B5
[793] [M]: 0x0000000080007E00 (0x00B54863) blt a0, a1, 0x10
mem[X,0x0000000080007E10] -> 0x0113
mem[X,0x0000000080007E12] -> 0x0031
[794] [M]: 0x0000000080007E10 (0x00310113) addi sp, sp, 0x3
x2 <- 0x0000000000000003
mem[X,0x0000000080007E14] -> 0x006F
mem[X,0x0000000080007E16] -> 0x0040
[795] [M]: 0x0000000080007E14 (0x0040006F) jal zero, 0x4
mem[X,0x0000000080007E18] -> 0xB823
mem[X,0x0000000080007E1A] -> 0x1220
[796] [M]: 0x0000000080007E18 (0x1220B823) sd sp, 0x130(ra)
mem[0x000000008004F308] <- 0x0000000000000003
mem[X,0x0000000080007E1C] -> 0x0513
mem[X,0x0000000080007E1E] -> 0xF7F0
[797] [M]: 0x0000000080007E1C (0xF7F00513) addi a0, zero, -0x81
x10 <- 0xFFFFFFFFFFFFFF7F
mem[X,0x0000000080007E20] -> 0x0593
mem[X,0x0000000080007E22] -> 0x0010
[798] [M]: 0x0000000080007E20 (0x00100593) addi a1, zero, 0x1
x11 <- 0x0000000000000001
mem[X,0x0000000080007E24] -> 0x9593
mem[X,0x0000000080007E26] -> 0x0385
[799] [M]: 0x0000000080007E24 (0x03859593) slli a1, a1, 0x38
x11 <- 0x0100000000000000
clint::tick mtime <- 0x0000000000000008
 clint timer pending at mtime 0x0000000000000008
htif::tick 0x0000000000000000
mem[X,0x0000000080007E28] -> 0x0113
mem[X,0x0000000080007E2A] -> 0x0000
[800] [M]: 0x0000000080007E28 (0x00000113) addi sp, zero, 0x0
x2 <- 0x0000000000000000
mem[X,0x0000000080007E2C] -> 0x006F
mem[X,0x0000000080007E2E] -> 0x00C0
[801] [M]: 0x0000000080007E2C (0x00C0006F) jal zero, 0xc
mem[X,0x0000000080007E38] -> 0x4663
mem[X,0x0000000080007E3A] -> 0x00B5
[802] [M]: 0x0000000080007E38 (0x00B54663) blt a0, a1, 0xc
mem[X,0x0000000080007E44] -> 0x0113
mem[X,0x0000000080007E46] -> 0x0031
[803] [M]: 0x0000000080007E44 (0x00310113) addi sp, sp, 0x3
x2 <- 0x0000000000000003
mem[X,0x0000000080007E48] -> 0x006F
mem[X,0x0000000080007E4A] -> 0x0040
[804] [M]: 0x0000000080007E48 (0x0040006F) jal zero, 0x4
mem[X,0x0000000080007E4C] -> 0xBC23
mem[X,0x0000000080007E4E] -> 0x1220
[805] [M]: 0x0000000080007E4C (0x1220BC23) sd sp, 0x138(ra)
mem[0x000000008004F310] <- 0x0000000000000003
mem[X,0x0000000080007E50] -> 0x0513
mem[X,0x0000000080007E52] -> 0x0400
[806] [M]: 0x0000000080007E50 (0x04000513) addi a0, zero, 0x40
x10 <- 0x0000000000000040
mem[X,0x0000000080007E54] -> 0x0593
mem[X,0x0000000080007E56] -> 0x0010
[807] [M]: 0x0000000080007E54 (0x00100593) addi a1, zero, 0x1
x11 <- 0x0000000000000001
mem[X,0x0000000080007E58] -> 0x9593
mem[X,0x0000000080007E5A] -> 0x0395
[808] [M]: 0x0000000080007E58 (0x03959593) slli a1, a1, 0x39
x11 <- 0x0200000000000000
mem[X,0x0000000080007E5C] -> 0x0113
mem[X,0x0000000080007E5E] -> 0x0000
[809] [M]: 0x0000000080007E5C (0x00000113) addi sp, zero, 0x0
x2 <- 0x0000000000000000
mem[X,0x0000000080007E60] -> 0x006F
mem[X,0x0000000080007E62] -> 0x0140
[810] [M]: 0x0000000080007E60 (0x0140006F) jal zero, 0x14
mem[X,0x0000000080007E74] -> 0x48E3
mem[X,0x0000000080007E76] -> 0xFEB5
[811] [M]: 0x0000000080007E74 (0xFEB548E3) blt a0, a1, -0x10
mem[X,0x0000000080007E64] -> 0x0113
mem[X,0x0000000080007E66] -> 0x0011
[812] [M]: 0x0000000080007E64 (0x00110113) addi sp, sp, 0x1
x2 <- 0x0000000000000001
mem[X,0x0000000080007E68] -> 0x006F
mem[X,0x0000000080007E6A] -> 0x0200
[813] [M]: 0x0000000080007E68 (0x0200006F) jal zero, 0x20
mem[X,0x0000000080007E88] -> 0xB023
mem[X,0x0000000080007E8A] -> 0x1420
[814] [M]: 0x0000000080007E88 (0x1420B023) sd sp, 0x140(ra)
mem[0x000000008004F318] <- 0x0000000000000001
mem[X,0x0000000080007E8C] -> 0x0513
mem[X,0x0000000080007E8E] -> 0x0010
[815] [M]: 0x0000000080007E8C (0x00100513) addi a0, zero, 0x1
x10 <- 0x0000000000000001
mem[X,0x0000000080007E90] -> 0x1513
mem[X,0x0000000080007E92] -> 0x03D5
[816] [M]: 0x0000000080007E90 (0x03D51513) slli a0, a0, 0x3d
x10 <- 0x2000000000000000
mem[X,0x0000000080007E94] -> 0x4513
mem[X,0x0000000080007E96] -> 0xFFF5
[817] [M]: 0x0000000080007E94 (0xFFF54513) xori a0, a0, -0x1
x10 <- 0xDFFFFFFFFFFFFFFF
mem[X,0x0000000080007E98] -> 0x0593
mem[X,0x0000000080007E9A] -> 0x0010
[818] [M]: 0x0000000080007E98 (0x00100593) addi a1, zero, 0x1
x11 <- 0x0000000000000001
mem[X,0x0000000080007E9C] -> 0x9593
mem[X,0x0000000080007E9E] -> 0x03A5
[819] [M]: 0x0000000080007E9C (0x03A59593) slli a1, a1, 0x3a
x11 <- 0x0400000000000000
mem[X,0x0000000080007EA0] -> 0x0113
mem[X,0x0000000080007EA2] -> 0x0000
[820] [M]: 0x0000000080007EA0 (0x00000113) addi sp, zero, 0x0
x2 <- 0x0000000000000000
mem[X,0x0000000080007EA4] -> 0x006F
mem[X,0x0000000080007EA6] -> 0x00C0
[821] [M]: 0x0000000080007EA4 (0x00C0006F) jal zero, 0xc
mem[X,0x0000000080007EB0] -> 0x4863
mem[X,0x0000000080007EB2] -> 0x00B5
[822] [M]: 0x0000000080007EB0 (0x00B54863) blt a0, a1, 0x10
mem[X,0x0000000080007EC0] -> 0x0113
mem[X,0x0000000080007EC2] -> 0x0031
[823] [M]: 0x0000000080007EC0 (0x00310113) addi sp, sp, 0x3
x2 <- 0x0000000000000003
mem[X,0x0000000080007EC4] -> 0x006F
mem[X,0x0000000080007EC6] -> 0x0040
[824] [M]: 0x0000000080007EC4 (0x0040006F) jal zero, 0x4
mem[X,0x0000000080007EC8] -> 0xB423
mem[X,0x0000000080007ECA] -> 0x1420
[825] [M]: 0x0000000080007EC8 (0x1420B423) sd sp, 0x148(ra)
mem[0x000000008004F320] <- 0x0000000000000003
mem[X,0x0000000080007ECC] -> 0x0513
mem[X,0x0000000080007ECE] -> 0x0010
[826] [M]: 0x0000000080007ECC (0x00100513) addi a0, zero, 0x1
x10 <- 0x0000000000000001
mem[X,0x0000000080007ED0] -> 0x1513
mem[X,0x0000000080007ED2] -> 0x0235
[827] [M]: 0x0000000080007ED0 (0x02351513) slli a0, a0, 0x23
x10 <- 0x0000000800000000
mem[X,0x0000000080007ED4] -> 0x4513
mem[X,0x0000000080007ED6] -> 0xFFF5
[828] [M]: 0x0000000080007ED4 (0xFFF54513) xori a0, a0, -0x1
x10 <- 0xFFFFFFF7FFFFFFFF
mem[X,0x0000000080007ED8] -> 0x0593
mem[X,0x0000000080007EDA] -> 0x0010
[829] [M]: 0x0000000080007ED8 (0x00100593) addi a1, zero, 0x1
x11 <- 0x0000000000000001
mem[X,0x0000000080007EDC] -> 0x9593
mem[X,0x0000000080007EDE] -> 0x03B5
[830] [M]: 0x0000000080007EDC (0x03B59593) slli a1, a1, 0x3b
x11 <- 0x0800000000000000
mem[X,0x0000000080007EE0] -> 0x0113
mem[X,0x0000000080007EE2] -> 0x0000
[831] [M]: 0x0000000080007EE0 (0x00000113) addi sp, zero, 0x0
x2 <- 0x0000000000000000
mem[X,0x0000000080007EE4] -> 0x006F
mem[X,0x0000000080007EE6] -> 0x00C0
[832] [M]: 0x0000000080007EE4 (0x00C0006F) jal zero, 0xc
mem[X,0x0000000080007EF0] -> 0x4CE3
mem[X,0x0000000080007EF2] -> 0xFEB5
[833] [M]: 0x0000000080007EF0 (0xFEB54CE3) blt a0, a1, -0x8
mem[X,0x0000000080007EE8] -> 0x0113
mem[X,0x0000000080007EEA] -> 0x0011
[834] [M]: 0x0000000080007EE8 (0x00110113) addi sp, sp, 0x1
x2 <- 0x0000000000000001
mem[X,0x0000000080007EEC] -> 0x006F
mem[X,0x0000000080007EEE] -> 0x0180
[835] [M]: 0x0000000080007EEC (0x0180006F) jal zero, 0x18
mem[X,0x0000000080007F04] -> 0xB823
mem[X,0x0000000080007F06] -> 0x1420
[836] [M]: 0x0000000080007F04 (0x1420B823) sd sp, 0x150(ra)
mem[0x000000008004F328] <- 0x0000000000000001
mem[X,0x0000000080007F08] -> 0x0513
mem[X,0x0000000080007F0A] -> 0x0010
[837] [M]: 0x0000000080007F08 (0x00100513) addi a0, zero, 0x1
x10 <- 0x0000000000000001
mem[X,0x0000000080007F0C] -> 0x1513
mem[X,0x0000000080007F0E] -> 0x01D5
[838] [M]: 0x0000000080007F0C (0x01D51513) slli a0, a0, 0x1d
x10 <- 0x0000000020000000
mem[X,0x0000000080007F10] -> 0x4513
mem[X,0x0000000080007F12] -> 0xFFF5
[839] [M]: 0x0000000080007F10 (0xFFF54513) xori a0, a0, -0x1
x10 <- 0xFFFFFFFFDFFFFFFF
mem[X,0x0000000080007F14] -> 0x0593
mem[X,0x0000000080007F16] -> 0x0010
[840] [M]: 0x0000000080007F14 (0x00100593) addi a1, zero, 0x1
x11 <- 0x0000000000000001
mem[X,0x0000000080007F18] -> 0x9593
mem[X,0x0000000080007F1A] -> 0x03C5
[841] [M]: 0x0000000080007F18 (0x03C59593) slli a1, a1, 0x3c
x11 <- 0x1000000000000000
mem[X,0x0000000080007F1C] -> 0x0113
mem[X,0x0000000080007F1E] -> 0x0000
[842] [M]: 0x0000000080007F1C (0x00000113) addi sp, zero, 0x0
x2 <- 0x0000000000000000
mem[X,0x0000000080007F20] -> 0x006F
mem[X,0x0000000080007F22] -> 0x00C0
[843] [M]: 0x0000000080007F20 (0x00C0006F) jal zero, 0xc
mem[X,0x0000000080007F2C] -> 0x4063
mem[X,0x0000000080007F2E] -> 0x04B5
[844] [M]: 0x0000000080007F2C (0x04B54063) blt a0, a1, 0x40
mem[X,0x0000000080007F6C] -> 0x0113
mem[X,0x0000000080007F6E] -> 0x0031
[845] [M]: 0x0000000080007F6C (0x00310113) addi sp, sp, 0x3
x2 <- 0x0000000000000003
mem[X,0x0000000080007F70] -> 0x006F
mem[X,0x0000000080007F72] -> 0x0040
[846] [M]: 0x0000000080007F70 (0x0040006F) jal zero, 0x4
mem[X,0x0000000080007F74] -> 0xBC23
mem[X,0x0000000080007F76] -> 0x1420
[847] [M]: 0x0000000080007F74 (0x1420BC23) sd sp, 0x158(ra)
mem[0x000000008004F330] <- 0x0000000000000003
mem[X,0x0000000080007F78] -> 0x0513
mem[X,0x0000000080007F7A] -> 0x0010
[848] [M]: 0x0000000080007F78 (0x00100513) addi a0, zero, 0x1
x10 <- 0x0000000000000001
mem[X,0x0000000080007F7C] -> 0x1513
mem[X,0x0000000080007F7E] -> 0x01D5
[849] [M]: 0x0000000080007F7C (0x01D51513) slli a0, a0, 0x1d
x10 <- 0x0000000020000000
mem[X,0x0000000080007F80] -> 0x4513
mem[X,0x0000000080007F82] -> 0xFFF5
[850] [M]: 0x0000000080007F80 (0xFFF54513) xori a0, a0, -0x1
x10 <- 0xFFFFFFFFDFFFFFFF
mem[X,0x0000000080007F84] -> 0x0593
mem[X,0x0000000080007F86] -> 0x0010
[851] [M]: 0x0000000080007F84 (0x00100593) addi a1, zero, 0x1
x11 <- 0x0000000000000001
mem[X,0x0000000080007F88] -> 0x9593
mem[X,0x0000000080007F8A] -> 0x03D5
[852] [M]: 0x0000000080007F88 (0x03D59593) slli a1, a1, 0x3d
x11 <- 0x2000000000000000
mem[X,0x0000000080007F8C] -> 0x0113
mem[X,0x0000000080007F8E] -> 0x0000
[853] [M]: 0x0000000080007F8C (0x00000113) addi sp, zero, 0x0
x2 <- 0x0000000000000000
mem[X,0x0000000080007F90] -> 0x006F
mem[X,0x0000000080007F92] -> 0x00C0
[854] [M]: 0x0000000080007F90 (0x00C0006F) jal zero, 0xc
mem[X,0x0000000080007F9C] -> 0x4063
mem[X,0x0000000080007F9E] -> 0x04B5
[855] [M]: 0x0000000080007F9C (0x04B54063) blt a0, a1, 0x40
mem[X,0x0000000080007FDC] -> 0x0113
mem[X,0x0000000080007FDE] -> 0x0031
[856] [M]: 0x0000000080007FDC (0x00310113) addi sp, sp, 0x3
x2 <- 0x0000000000000003
mem[X,0x0000000080007FE0] -> 0x006F
mem[X,0x0000000080007FE2] -> 0x0040
[857] [M]: 0x0000000080007FE0 (0x0040006F) jal zero, 0x4
mem[X,0x0000000080007FE4] -> 0xB023
mem[X,0x0000000080007FE6] -> 0x1620
[858] [M]: 0x0000000080007FE4 (0x1620B023) sd sp, 0x160(ra)
mem[0x000000008004F338] <- 0x0000000000000003
mem[X,0x0000000080007FE8] -> 0x0513
mem[X,0x0000000080007FEA] -> 0x0010
[859] [M]: 0x0000000080007FE8 (0x00100513) addi a0, zero, 0x1
x10 <- 0x0000000000000001
mem[X,0x0000000080007FEC] -> 0x1513
mem[X,0x0000000080007FEE] -> 0x0315
[860] [M]: 0x0000000080007FEC (0x03151513) slli a0, a0, 0x31
x10 <- 0x0002000000000000
mem[X,0x0000000080007FF0] -> 0x4513
mem[X,0x0000000080007FF2] -> 0xFFF5
[861] [M]: 0x0000000080007FF0 (0xFFF54513) xori a0, a0, -0x1
x10 <- 0xFFFDFFFFFFFFFFFF
mem[X,0x0000000080007FF4] -> 0x0593
mem[X,0x0000000080007FF6] -> 0x0010
[862] [M]: 0x0000000080007FF4 (0x00100593) addi a1, zero, 0x1
x11 <- 0x0000000000000001
mem[X,0x0000000080007FF8] -> 0x9593
mem[X,0x0000000080007FFA] -> 0x03E5
[863] [M]: 0x0000000080007FF8 (0x03E59593) slli a1, a1, 0x3e
x11 <- 0x4000000000000000
mem[X,0x0000000080007FFC] -> 0x0113
mem[X,0x0000000080007FFE] -> 0x0000
[864] [M]: 0x0000000080007FFC (0x00000113) addi sp, zero, 0x0
x2 <- 0x0000000000000000
mem[X,0x0000000080008000] -> 0x006F
mem[X,0x0000000080008002] -> 0x00C0
[865] [M]: 0x0000000080008000 (0x00C0006F) jal zero, 0xc
mem[X,0x000000008000800C] -> 0x4663
mem[X,0x000000008000800E] -> 0x00B5
[866] [M]: 0x000000008000800C (0x00B54663) blt a0, a1, 0xc
mem[X,0x0000000080008018] -> 0x0113
mem[X,0x000000008000801A] -> 0x0031
[867] [M]: 0x0000000080008018 (0x00310113) addi sp, sp, 0x3
x2 <- 0x0000000000000003
mem[X,0x000000008000801C] -> 0x006F
mem[X,0x000000008000801E] -> 0x0040
[868] [M]: 0x000000008000801C (0x0040006F) jal zero, 0x4
mem[X,0x0000000080008020] -> 0xB423
mem[X,0x0000000080008022] -> 0x1620
[869] [M]: 0x0000000080008020 (0x1620B423) sd sp, 0x168(ra)
mem[0x000000008004F340] <- 0x0000000000000003
mem[X,0x0000000080008024] -> 0x0513
mem[X,0x0000000080008026] -> 0x0010
[870] [M]: 0x0000000080008024 (0x00100513) addi a0, zero, 0x1
x10 <- 0x0000000000000001
mem[X,0x0000000080008028] -> 0x1513
mem[X,0x000000008000802A] -> 0x02F5
[871] [M]: 0x0000000080008028 (0x02F51513) slli a0, a0, 0x2f
x10 <- 0x0000800000000000
mem[X,0x000000008000802C] -> 0x0593
mem[X,0x000000008000802E] -> 0xFFE0
[872] [M]: 0x000000008000802C (0xFFE00593) addi a1, zero, -0x2
x11 <- 0xFFFFFFFFFFFFFFFE
mem[X,0x0000000080008030] -> 0x0113
mem[X,0x0000000080008032] -> 0x0000
[873] [M]: 0x0000000080008030 (0x00000113) addi sp, zero, 0x0
x2 <- 0x0000000000000000
mem[X,0x0000000080008034] -> 0x006F
mem[X,0x0000000080008036] -> 0x0140
[874] [M]: 0x0000000080008034 (0x0140006F) jal zero, 0x14
mem[X,0x0000000080008048] -> 0x48E3
mem[X,0x000000008000804A] -> 0xFEB5
[875] [M]: 0x0000000080008048 (0xFEB548E3) blt a0, a1, -0x10
mem[X,0x000000008000804C] -> 0x0113
mem[X,0x000000008000804E] -> 0x0021
[876] [M]: 0x000000008000804C (0x00210113) addi sp, sp, 0x2
x2 <- 0x0000000000000002
mem[X,0x0000000080008050] -> 0x006F
mem[X,0x0000000080008052] -> 0x00C0
[877] [M]: 0x0000000080008050 (0x00C0006F) jal zero, 0xc
mem[X,0x000000008000805C] -> 0xB823
mem[X,0x000000008000805E] -> 0x1620
[878] [M]: 0x000000008000805C (0x1620B823) sd sp, 0x170(ra)
mem[0x000000008004F348] <- 0x0000000000000002
mem[X,0x0000000080008060] -> 0x0513
mem[X,0x0000000080008062] -> 0x0010
[879] [M]: 0x0000000080008060 (0x00100513) addi a0, zero, 0x1
x10 <- 0x0000000000000001
mem[X,0x0000000080008064] -> 0x1513
mem[X,0x0000000080008066] -> 0x0325
[880] [M]: 0x0000000080008064 (0x03251513) slli a0, a0, 0x32
x10 <- 0x0004000000000000
mem[X,0x0000000080008068] -> 0x0593
mem[X,0x000000008000806A] -> 0xFFD0
[881] [M]: 0x0000000080008068 (0xFFD00593) addi a1, zero, -0x3
x11 <- 0xFFFFFFFFFFFFFFFD
mem[X,0x000000008000806C] -> 0x0113
mem[X,0x000000008000806E] -> 0x0000
[882] [M]: 0x000000008000806C (0x00000113) addi sp, zero, 0x0
x2 <- 0x0000000000000000
mem[X,0x0000000080008070] -> 0x006F
mem[X,0x0000000080008072] -> 0x0050
[883] [M]: 0x0000000080008070 (0x0050006F) jal zero, 0x804
mem[X,0x0000000080008874] -> 0x40E3
mem[X,0x0000000080008876] -> 0x80B5
[884] [M]: 0x0000000080008874 (0x80B540E3) blt a0, a1, -0x800
mem[X,0x0000000080008878] -> 0x0113
mem[X,0x000000008000887A] -> 0x0021
[885] [M]: 0x0000000080008878 (0x00210113) addi sp, sp, 0x2
x2 <- 0x0000000000000002
mem[X,0x000000008000887C] -> 0x006F
mem[X,0x000000008000887E] -> 0x00C0
[886] [M]: 0x000000008000887C (0x00C0006F) jal zero, 0xc
mem[X,0x0000000080008888] -> 0xBC23
mem[X,0x000000008000888A] -> 0x1620
[887] [M]: 0x0000000080008888 (0x1620BC23) sd sp, 0x178(ra)
mem[0x000000008004F350] <- 0x0000000000000002
mem[X,0x000000008000888C] -> 0x0513
mem[X,0x000000008000888E] -> 0x0010
[888] [M]: 0x000000008000888C (0x00100513) addi a0, zero, 0x1
x10 <- 0x0000000000000001
mem[X,0x0000000080008890] -> 0x1513
mem[X,0x0000000080008892] -> 0x0125
[889] [M]: 0x0000000080008890 (0x01251513) slli a0, a0, 0x12
x10 <- 0x0000000000040000
mem[X,0x0000000080008894] -> 0x0593
mem[X,0x0000000080008896] -> 0xFFB0
[890] [M]: 0x0000000080008894 (0xFFB00593) addi a1, zero, -0x5
x11 <- 0xFFFFFFFFFFFFFFFB
mem[X,0x0000000080008898] -> 0x0113
mem[X,0x000000008000889A] -> 0x0000
[891] [M]: 0x0000000080008898 (0x00000113) addi sp, zero, 0x0
x2 <- 0x0000000000000000
mem[X,0x000000008000889C] -> 0x006F
mem[X,0x000000008000889E] -> 0x00C0
[892] [M]: 0x000000008000889C (0x00C0006F) jal zero, 0xc
mem[X,0x00000000800088A8] -> 0x4663
mem[X,0x00000000800088AA] -> 0x00B5
[893] [M]: 0x00000000800088A8 (0x00B54663) blt a0, a1, 0xc
mem[X,0x00000000800088AC] -> 0x0113
mem[X,0x00000000800088AE] -> 0x0021
[894] [M]: 0x00000000800088AC (0x00210113) addi sp, sp, 0x2
x2 <- 0x0000000000000002
mem[X,0x00000000800088B0] -> 0x006F
mem[X,0x00000000800088B2] -> 0x00C0
[895] [M]: 0x00000000800088B0 (0x00C0006F) jal zero, 0xc
mem[X,0x00000000800088BC] -> 0xB023
mem[X,0x00000000800088BE] -> 0x1820
[896] [M]: 0x00000000800088BC (0x1820B023) sd sp, 0x180(ra)
mem[0x000000008004F358] <- 0x0000000000000002
mem[X,0x00000000800088C0] -> 0x0513
mem[X,0x00000000800088C2] -> 0x0010
[897] [M]: 0x00000000800088C0 (0x00100513) addi a0, zero, 0x1
x10 <- 0x0000000000000001
mem[X,0x00000000800088C4] -> 0x1513
mem[X,0x00000000800088C6] -> 0x02E5
[898] [M]: 0x00000000800088C4 (0x02E51513) slli a0, a0, 0x2e
x10 <- 0x0000400000000000
mem[X,0x00000000800088C8] -> 0x0593
mem[X,0x00000000800088CA] -> 0xFF70
[899] [M]: 0x00000000800088C8 (0xFF700593) addi a1, zero, -0x9
x11 <- 0xFFFFFFFFFFFFFFF7
clint::tick mtime <- 0x0000000000000009
 clint timer pending at mtime 0x0000000000000009
htif::tick 0x0000000000000000
mem[X,0x00000000800088CC] -> 0x0113
mem[X,0x00000000800088CE] -> 0x0000
[900] [M]: 0x00000000800088CC (0x00000113) addi sp, zero, 0x0
x2 <- 0x0000000000000000
mem[X,0x00000000800088D0] -> 0x006F
mem[X,0x00000000800088D2] -> 0x0100
[901] [M]: 0x00000000800088D0 (0x0100006F) jal zero, 0x10
mem[X,0x00000000800088E0] -> 0x4AE3
mem[X,0x00000000800088E2] -> 0xFEB5
[902] [M]: 0x00000000800088E0 (0xFEB54AE3) blt a0, a1, -0xc
mem[X,0x00000000800088E4] -> 0x0113
mem[X,0x00000000800088E6] -> 0x0021
[903] [M]: 0x00000000800088E4 (0x00210113) addi sp, sp, 0x2
x2 <- 0x0000000000000002
mem[X,0x00000000800088E8] -> 0x006F
mem[X,0x00000000800088EA] -> 0x00C0
[904] [M]: 0x00000000800088E8 (0x00C0006F) jal zero, 0xc
mem[X,0x00000000800088F4] -> 0xB423
mem[X,0x00000000800088F6] -> 0x1820
[905] [M]: 0x00000000800088F4 (0x1820B423) sd sp, 0x188(ra)
mem[0x000000008004F360] <- 0x0000000000000002
mem[X,0x00000000800088F8] -> 0x0513
mem[X,0x00000000800088FA] -> 0x0000
[906] [M]: 0x00000000800088F8 (0x00000513) addi a0, zero, 0x0
x10 <- 0x0000000000000000
mem[X,0x00000000800088FC] -> 0x0593
mem[X,0x00000000800088FE] -> 0xFEF0
[907] [M]: 0x00000000800088FC (0xFEF00593) addi a1, zero, -0x11
x11 <- 0xFFFFFFFFFFFFFFEF
mem[X,0x0000000080008900] -> 0x0113
mem[X,0x0000000080008902] -> 0x0000
[908] [M]: 0x0000000080008900 (0x00000113) addi sp, zero, 0x0
x2 <- 0x0000000000000000
mem[X,0x0000000080008904] -> 0x006F
mem[X,0x0000000080008906] -> 0x00C0
[909] [M]: 0x0000000080008904 (0x00C0006F) jal zero, 0xc
mem[X,0x0000000080008910] -> 0x4063
mem[X,0x0000000080008912] -> 0x20B5
[910] [M]: 0x0000000080008910 (0x20B54063) blt a0, a1, 0x200
mem[X,0x0000000080008914] -> 0x0113
mem[X,0x0000000080008916] -> 0x0021
[911] [M]: 0x0000000080008914 (0x00210113) addi sp, sp, 0x2
x2 <- 0x0000000000000002
mem[X,0x0000000080008918] -> 0x006F
mem[X,0x000000008000891A] -> 0x2000
[912] [M]: 0x0000000080008918 (0x2000006F) jal zero, 0x200
mem[X,0x0000000080008B18] -> 0xB823
mem[X,0x0000000080008B1A] -> 0x1820
[913] [M]: 0x0000000080008B18 (0x1820B823) sd sp, 0x190(ra)
mem[0x000000008004F368] <- 0x0000000000000002
mem[X,0x0000000080008B1C] -> 0x0513
mem[X,0x0000000080008B1E] -> 0x0000
[914] [M]: 0x0000000080008B1C (0x00000513) addi a0, zero, 0x0
x10 <- 0x0000000000000000
mem[X,0x0000000080008B20] -> 0x0593
mem[X,0x0000000080008B22] -> 0xFDF0
[915] [M]: 0x0000000080008B20 (0xFDF00593) addi a1, zero, -0x21
x11 <- 0xFFFFFFFFFFFFFFDF
mem[X,0x0000000080008B24] -> 0x0113
mem[X,0x0000000080008B26] -> 0x0000
[916] [M]: 0x0000000080008B24 (0x00000113) addi sp, zero, 0x0
x2 <- 0x0000000000000000
mem[X,0x0000000080008B28] -> 0x006F
mem[X,0x0000000080008B2A] -> 0x00C0
[917] [M]: 0x0000000080008B28 (0x00C0006F) jal zero, 0xc
mem[X,0x0000000080008B34] -> 0x4063
mem[X,0x0000000080008B36] -> 0x08B5
[918] [M]: 0x0000000080008B34 (0x08B54063) blt a0, a1, 0x80
mem[X,0x0000000080008B38] -> 0x0113
mem[X,0x0000000080008B3A] -> 0x0021
[919] [M]: 0x0000000080008B38 (0x00210113) addi sp, sp, 0x2
x2 <- 0x0000000000000002
mem[X,0x0000000080008B3C] -> 0x006F
mem[X,0x0000000080008B3E] -> 0x0800
[920] [M]: 0x0000000080008B3C (0x0800006F) jal zero, 0x80
mem[X,0x0000000080008BBC] -> 0xBC23
mem[X,0x0000000080008BBE] -> 0x1820
[921] [M]: 0x0000000080008BBC (0x1820BC23) sd sp, 0x198(ra)
mem[0x000000008004F370] <- 0x0000000000000002
mem[X,0x0000000080008BC0] -> 0x0513
mem[X,0x0000000080008BC2] -> 0x2000
[922] [M]: 0x0000000080008BC0 (0x20000513) addi a0, zero, 0x200
x10 <- 0x0000000000000200
mem[X,0x0000000080008BC4] -> 0x0593
mem[X,0x0000000080008BC6] -> 0xFBF0
[923] [M]: 0x0000000080008BC4 (0xFBF00593) addi a1, zero, -0x41
x11 <- 0xFFFFFFFFFFFFFFBF
mem[X,0x0000000080008BC8] -> 0x0113
mem[X,0x0000000080008BCA] -> 0x0000
[924] [M]: 0x0000000080008BC8 (0x00000113) addi sp, zero, 0x0
x2 <- 0x0000000000000000
mem[X,0x0000000080008BCC] -> 0x006F
mem[X,0x0000000080008BCE] -> 0x00C0
[925] [M]: 0x0000000080008BCC (0x00C0006F) jal zero, 0xc
mem[X,0x0000000080008BD8] -> 0x4CE3
mem[X,0x0000000080008BDA] -> 0xFEB5
[926] [M]: 0x0000000080008BD8 (0xFEB54CE3) blt a0, a1, -0x8
mem[X,0x0000000080008BDC] -> 0x0113
mem[X,0x0000000080008BDE] -> 0x0021
[927] [M]: 0x0000000080008BDC (0x00210113) addi sp, sp, 0x2
x2 <- 0x0000000000000002
mem[X,0x0000000080008BE0] -> 0x006F
mem[X,0x0000000080008BE2] -> 0x00C0
[928] [M]: 0x0000000080008BE0 (0x00C0006F) jal zero, 0xc
mem[X,0x0000000080008BEC] -> 0xB023
mem[X,0x0000000080008BEE] -> 0x1A20
[929] [M]: 0x0000000080008BEC (0x1A20B023) sd sp, 0x1a0(ra)
mem[0x000000008004F378] <- 0x0000000000000002
mem[X,0x0000000080008BF0] -> 0x0513
mem[X,0x0000000080008BF2] -> 0x0010
[930] [M]: 0x0000000080008BF0 (0x00100513) addi a0, zero, 0x1
x10 <- 0x0000000000000001
mem[X,0x0000000080008BF4] -> 0x1513
mem[X,0x0000000080008BF6] -> 0x02F5
[931] [M]: 0x0000000080008BF4 (0x02F51513) slli a0, a0, 0x2f
x10 <- 0x0000800000000000
mem[X,0x0000000080008BF8] -> 0x4513
mem[X,0x0000000080008BFA] -> 0xFFF5
[932] [M]: 0x0000000080008BF8 (0xFFF54513) xori a0, a0, -0x1
x10 <- 0xFFFF7FFFFFFFFFFF
mem[X,0x0000000080008BFC] -> 0x0593
mem[X,0x0000000080008BFE] -> 0xF7F0
[933] [M]: 0x0000000080008BFC (0xF7F00593) addi a1, zero, -0x81
x11 <- 0xFFFFFFFFFFFFFF7F
mem[X,0x0000000080008C00] -> 0x0113
mem[X,0x0000000080008C02] -> 0x0000
[934] [M]: 0x0000000080008C00 (0x00000113) addi sp, zero, 0x0
x2 <- 0x0000000000000000
mem[X,0x0000000080008C04] -> 0x006F
mem[X,0x0000000080008C06] -> 0x0100
[935] [M]: 0x0000000080008C04 (0x0100006F) jal zero, 0x10
mem[X,0x0000000080008C14] -> 0x4AE3
mem[X,0x0000000080008C16] -> 0xFEB5
[936] [M]: 0x0000000080008C14 (0xFEB54AE3) blt a0, a1, -0xc
mem[X,0x0000000080008C08] -> 0x0113
mem[X,0x0000000080008C0A] -> 0x0011
[937] [M]: 0x0000000080008C08 (0x00110113) addi sp, sp, 0x1
x2 <- 0x0000000000000001
mem[X,0x0000000080008C0C] -> 0x006F
mem[X,0x0000000080008C0E] -> 0x01C0
[938] [M]: 0x0000000080008C0C (0x01C0006F) jal zero, 0x1c
mem[X,0x0000000080008C28] -> 0xB423
mem[X,0x0000000080008C2A] -> 0x1A20
[939] [M]: 0x0000000080008C28 (0x1A20B423) sd sp, 0x1a8(ra)
mem[0x000000008004F380] <- 0x0000000000000001
mem[X,0x0000000080008C2C] -> 0x0513
mem[X,0x0000000080008C2E] -> 0x0010
[940] [M]: 0x0000000080008C2C (0x00100513) addi a0, zero, 0x1
x10 <- 0x0000000000000001
mem[X,0x0000000080008C30] -> 0x1513
mem[X,0x0000000080008C32] -> 0x0375
[941] [M]: 0x0000000080008C30 (0x03751513) slli a0, a0, 0x37
x10 <- 0x0080000000000000
mem[X,0x0000000080008C34] -> 0x0593
mem[X,0x0000000080008C36] -> 0xEFF0
[942] [M]: 0x0000000080008C34 (0xEFF00593) addi a1, zero, -0x101
x11 <- 0xFFFFFFFFFFFFFEFF
mem[X,0x0000000080008C38] -> 0x0113
mem[X,0x0000000080008C3A] -> 0x0000
[943] [M]: 0x0000000080008C38 (0x00000113) addi sp, zero, 0x0
x2 <- 0x0000000000000000
mem[X,0x0000000080008C3C] -> 0x006F
mem[X,0x0000000080008C3E] -> 0x0100
[944] [M]: 0x0000000080008C3C (0x0100006F) jal zero, 0x10
mem[X,0x0000000080008C4C] -> 0x4AE3
mem[X,0x0000000080008C4E] -> 0xFEB5
[945] [M]: 0x0000000080008C4C (0xFEB54AE3) blt a0, a1, -0xc
mem[X,0x0000000080008C50] -> 0x0113
mem[X,0x0000000080008C52] -> 0x0021
[946] [M]: 0x0000000080008C50 (0x00210113) addi sp, sp, 0x2
x2 <- 0x0000000000000002
mem[X,0x0000000080008C54] -> 0x006F
mem[X,0x0000000080008C56] -> 0x00C0
[947] [M]: 0x0000000080008C54 (0x00C0006F) jal zero, 0xc
mem[X,0x0000000080008C60] -> 0xB823
mem[X,0x0000000080008C62] -> 0x1A20
[948] [M]: 0x0000000080008C60 (0x1A20B823) sd sp, 0x1b0(ra)
mem[0x000000008004F388] <- 0x0000000000000002
mem[X,0x0000000080008C64] -> 0x0513
mem[X,0x0000000080008C66] -> 0x0010
[949] [M]: 0x0000000080008C64 (0x00100513) addi a0, zero, 0x1
x10 <- 0x0000000000000001
mem[X,0x0000000080008C68] -> 0x1513
mem[X,0x0000000080008C6A] -> 0x01A5
[950] [M]: 0x0000000080008C68 (0x01A51513) slli a0, a0, 0x1a
x10 <- 0x0000000004000000
mem[X,0x0000000080008C6C] -> 0x0593
mem[X,0x0000000080008C6E] -> 0xBFF0
[951] [M]: 0x0000000080008C6C (0xBFF00593) addi a1, zero, -0x401
x11 <- 0xFFFFFFFFFFFFFBFF
mem[X,0x0000000080008C70] -> 0x0113
mem[X,0x0000000080008C72] -> 0x0000
[952] [M]: 0x0000000080008C70 (0x00000113) addi sp, zero, 0x0
x2 <- 0x0000000000000000
mem[X,0x0000000080008C74] -> 0x006F
mem[X,0x0000000080008C76] -> 0x0100
[953] [M]: 0x0000000080008C74 (0x0100006F) jal zero, 0x10
mem[X,0x0000000080008C84] -> 0x4AE3
mem[X,0x0000000080008C86] -> 0xFEB5
[954] [M]: 0x0000000080008C84 (0xFEB54AE3) blt a0, a1, -0xc
mem[X,0x0000000080008C88] -> 0x0113
mem[X,0x0000000080008C8A] -> 0x0021
[955] [M]: 0x0000000080008C88 (0x00210113) addi sp, sp, 0x2
x2 <- 0x0000000000000002
mem[X,0x0000000080008C8C] -> 0x006F
mem[X,0x0000000080008C8E] -> 0x00C0
[956] [M]: 0x0000000080008C8C (0x00C0006F) jal zero, 0xc
mem[X,0x0000000080008C98] -> 0xBC23
mem[X,0x0000000080008C9A] -> 0x1A20
[957] [M]: 0x0000000080008C98 (0x1A20BC23) sd sp, 0x1b8(ra)
mem[0x000000008004F390] <- 0x0000000000000002
mem[X,0x0000000080008C9C] -> 0x0513
mem[X,0x0000000080008C9E] -> 0x0010
[958] [M]: 0x0000000080008C9C (0x00100513) addi a0, zero, 0x1
x10 <- 0x0000000000000001
mem[X,0x0000000080008CA0] -> 0x1513
mem[X,0x0000000080008CA2] -> 0x0375
[959] [M]: 0x0000000080008CA0 (0x03751513) slli a0, a0, 0x37
x10 <- 0x0080000000000000
mem[X,0x0000000080008CA4] -> 0x0593
mem[X,0x0000000080008CA6] -> 0x0010
[960] [M]: 0x0000000080008CA4 (0x00100593) addi a1, zero, 0x1
x11 <- 0x0000000000000001
mem[X,0x0000000080008CA8] -> 0x9593
mem[X,0x0000000080008CAA] -> 0x00B5
[961] [M]: 0x0000000080008CA8 (0x00B59593) slli a1, a1, 0xb
x11 <- 0x0000000000000800
mem[X,0x0000000080008CAC] -> 0xC593
mem[X,0x0000000080008CAE] -> 0xFFF5
[962] [M]: 0x0000000080008CAC (0xFFF5C593) xori a1, a1, -0x1
x11 <- 0xFFFFFFFFFFFFF7FF
mem[X,0x0000000080008CB0] -> 0x0113
mem[X,0x0000000080008CB2] -> 0x0000
[963] [M]: 0x0000000080008CB0 (0x00000113) addi sp, zero, 0x0
x2 <- 0x0000000000000000
mem[X,0x0000000080008CB4] -> 0x006F
mem[X,0x0000000080008CB6] -> 0x00C0
[964] [M]: 0x0000000080008CB4 (0x00C0006F) jal zero, 0xc
mem[X,0x0000000080008CC0] -> 0x4063
mem[X,0x0000000080008CC2] -> 0x04B5
[965] [M]: 0x0000000080008CC0 (0x04B54063) blt a0, a1, 0x40
mem[X,0x0000000080008CC4] -> 0x0113
mem[X,0x0000000080008CC6] -> 0x0021
[966] [M]: 0x0000000080008CC4 (0x00210113) addi sp, sp, 0x2
x2 <- 0x0000000000000002
mem[X,0x0000000080008CC8] -> 0x006F
mem[X,0x0000000080008CCA] -> 0x0400
[967] [M]: 0x0000000080008CC8 (0x0400006F) jal zero, 0x40
mem[X,0x0000000080008D08] -> 0xB023
mem[X,0x0000000080008D0A] -> 0x1C20
[968] [M]: 0x0000000080008D08 (0x1C20B023) sd sp, 0x1c0(ra)
mem[0x000000008004F398] <- 0x0000000000000002
mem[X,0x0000000080008D0C] -> 0x0513
mem[X,0x0000000080008D0E] -> 0x0010
[969] [M]: 0x0000000080008D0C (0x00100513) addi a0, zero, 0x1
x10 <- 0x0000000000000001
mem[X,0x0000000080008D10] -> 0x1513
mem[X,0x0000000080008D12] -> 0x0295
[970] [M]: 0x0000000080008D10 (0x02951513) slli a0, a0, 0x29
x10 <- 0x0000020000000000
mem[X,0x0000000080008D14] -> 0x4513
mem[X,0x0000000080008D16] -> 0xFFF5
[971] [M]: 0x0000000080008D14 (0xFFF54513) xori a0, a0, -0x1
x10 <- 0xFFFFFDFFFFFFFFFF
mem[X,0x0000000080008D18] -> 0x0593
mem[X,0x0000000080008D1A] -> 0x0010
[972] [M]: 0x0000000080008D18 (0x00100593) addi a1, zero, 0x1
x11 <- 0x0000000000000001
mem[X,0x0000000080008D1C] -> 0x9593
mem[X,0x0000000080008D1E] -> 0x00C5
[973] [M]: 0x0000000080008D1C (0x00C59593) slli a1, a1, 0xc
x11 <- 0x0000000000001000
mem[X,0x0000000080008D20] -> 0xC593
mem[X,0x0000000080008D22] -> 0xFFF5
[974] [M]: 0x0000000080008D20 (0xFFF5C593) xori a1, a1, -0x1
x11 <- 0xFFFFFFFFFFFFEFFF
mem[X,0x0000000080008D24] -> 0x0113
mem[X,0x0000000080008D26] -> 0x0000
[975] [M]: 0x0000000080008D24 (0x00000113) addi sp, zero, 0x0
x2 <- 0x0000000000000000
mem[X,0x0000000080008D28] -> 0x006F
mem[X,0x0000000080008D2A] -> 0x00C0
[976] [M]: 0x0000000080008D28 (0x00C0006F) jal zero, 0xc
mem[X,0x0000000080008D34] -> 0x4863
mem[X,0x0000000080008D36] -> 0x00B5
[977] [M]: 0x0000000080008D34 (0x00B54863) blt a0, a1, 0x10
mem[X,0x0000000080008D44] -> 0x0113
mem[X,0x0000000080008D46] -> 0x0031
[978] [M]: 0x0000000080008D44 (0x00310113) addi sp, sp, 0x3
x2 <- 0x0000000000000003
mem[X,0x0000000080008D48] -> 0x006F
mem[X,0x0000000080008D4A] -> 0x0040
[979] [M]: 0x0000000080008D48 (0x0040006F) jal zero, 0x4
mem[X,0x0000000080008D4C] -> 0xB423
mem[X,0x0000000080008D4E] -> 0x1C20
[980] [M]: 0x0000000080008D4C (0x1C20B423) sd sp, 0x1c8(ra)
mem[0x000000008004F3A0] <- 0x0000000000000003
mem[X,0x0000000080008D50] -> 0x0513
mem[X,0x0000000080008D52] -> 0x0000
[981] [M]: 0x0000000080008D50 (0x00000513) addi a0, zero, 0x0
x10 <- 0x0000000000000000
mem[X,0x0000000080008D54] -> 0x0593
mem[X,0x0000000080008D56] -> 0x0010
[982] [M]: 0x0000000080008D54 (0x00100593) addi a1, zero, 0x1
x11 <- 0x0000000000000001
mem[X,0x0000000080008D58] -> 0x9593
mem[X,0x0000000080008D5A] -> 0x00D5
[983] [M]: 0x0000000080008D58 (0x00D59593) slli a1, a1, 0xd
x11 <- 0x0000000000002000
mem[X,0x0000000080008D5C] -> 0xC593
mem[X,0x0000000080008D5E] -> 0xFFF5
[984] [M]: 0x0000000080008D5C (0xFFF5C593) xori a1, a1, -0x1
x11 <- 0xFFFFFFFFFFFFDFFF
mem[X,0x0000000080008D60] -> 0x0113
mem[X,0x0000000080008D62] -> 0x0000
[985] [M]: 0x0000000080008D60 (0x00000113) addi sp, zero, 0x0
x2 <- 0x0000000000000000
mem[X,0x0000000080008D64] -> 0x006F
mem[X,0x0000000080008D66] -> 0x00C0
[986] [M]: 0x0000000080008D64 (0x00C0006F) jal zero, 0xc
mem[X,0x0000000080008D70] -> 0x4063
mem[X,0x0000000080008D72] -> 0x08B5
[987] [M]: 0x0000000080008D70 (0x08B54063) blt a0, a1, 0x80
mem[X,0x0000000080008D74] -> 0x0113
mem[X,0x0000000080008D76] -> 0x0021
[988] [M]: 0x0000000080008D74 (0x00210113) addi sp, sp, 0x2
x2 <- 0x0000000000000002
mem[X,0x0000000080008D78] -> 0x006F
mem[X,0x0000000080008D7A] -> 0x0800
[989] [M]: 0x0000000080008D78 (0x0800006F) jal zero, 0x80
mem[X,0x0000000080008DF8] -> 0xB823
mem[X,0x0000000080008DFA] -> 0x1C20
[990] [M]: 0x0000000080008DF8 (0x1C20B823) sd sp, 0x1d0(ra)
mem[0x000000008004F3A8] <- 0x0000000000000002
mem[X,0x0000000080008DFC] -> 0x0513
mem[X,0x0000000080008DFE] -> 0x0010
[991] [M]: 0x0000000080008DFC (0x00100513) addi a0, zero, 0x1
x10 <- 0x0000000000000001
mem[X,0x0000000080008E00] -> 0x1513
mem[X,0x0000000080008E02] -> 0x02C5
[992] [M]: 0x0000000080008E00 (0x02C51513) slli a0, a0, 0x2c
x10 <- 0x0000100000000000
mem[X,0x0000000080008E04] -> 0x4513
mem[X,0x0000000080008E06] -> 0xFFF5
[993] [M]: 0x0000000080008E04 (0xFFF54513) xori a0, a0, -0x1
x10 <- 0xFFFFEFFFFFFFFFFF
mem[X,0x0000000080008E08] -> 0x0593
mem[X,0x0000000080008E0A] -> 0x0010
[994] [M]: 0x0000000080008E08 (0x00100593) addi a1, zero, 0x1
x11 <- 0x0000000000000001
mem[X,0x0000000080008E0C] -> 0x9593
mem[X,0x0000000080008E0E] -> 0x00E5
[995] [M]: 0x0000000080008E0C (0x00E59593) slli a1, a1, 0xe
x11 <- 0x0000000000004000
mem[X,0x0000000080008E10] -> 0xC593
mem[X,0x0000000080008E12] -> 0xFFF5
[996] [M]: 0x0000000080008E10 (0xFFF5C593) xori a1, a1, -0x1
x11 <- 0xFFFFFFFFFFFFBFFF
mem[X,0x0000000080008E14] -> 0x0113
mem[X,0x0000000080008E16] -> 0x0000
[997] [M]: 0x0000000080008E14 (0x00000113) addi sp, zero, 0x0
x2 <- 0x0000000000000000
mem[X,0x0000000080008E18] -> 0x006F
mem[X,0x0000000080008E1A] -> 0x00C0
[998] [M]: 0x0000000080008E18 (0x00C0006F) jal zero, 0xc
mem[X,0x0000000080008E24] -> 0x4063
mem[X,0x0000000080008E26] -> 0x02B5
[999] [M]: 0x0000000080008E24 (0x02B54063) blt a0, a1, 0x20
clint::tick mtime <- 0x000000000000000A
 clint timer pending at mtime 0x000000000000000A
htif::tick 0x0000000000000000
mem[X,0x0000000080008E44] -> 0x0113
mem[X,0x0000000080008E46] -> 0x0031
[1000] [M]: 0x0000000080008E44 (0x00310113) addi sp, sp, 0x3
x2 <- 0x0000000000000003
mem[X,0x0000000080008E48] -> 0x006F
mem[X,0x0000000080008E4A] -> 0x0040
[1001] [M]: 0x0000000080008E48 (0x0040006F) jal zero, 0x4
mem[X,0x0000000080008E4C] -> 0xBC23
mem[X,0x0000000080008E4E] -> 0x1C20
[1002] [M]: 0x0000000080008E4C (0x1C20BC23) sd sp, 0x1d8(ra)
mem[0x000000008004F3B0] <- 0x0000000000000003
mem[X,0x0000000080008E50] -> 0x0513
mem[X,0x0000000080008E52] -> 0x0010
[1003] [M]: 0x0000000080008E50 (0x00100513) addi a0, zero, 0x1
x10 <- 0x0000000000000001
mem[X,0x0000000080008E54] -> 0x1513
mem[X,0x0000000080008E56] -> 0x0395
[1004] [M]: 0x0000000080008E54 (0x03951513) slli a0, a0, 0x39
x10 <- 0x0200000000000000
mem[X,0x0000000080008E58] -> 0x0593
mem[X,0x0000000080008E5A] -> 0x0010
[1005] [M]: 0x0000000080008E58 (0x00100593) addi a1, zero, 0x1
x11 <- 0x0000000000000001
mem[X,0x0000000080008E5C] -> 0x9593
mem[X,0x0000000080008E5E] -> 0x00F5
[1006] [M]: 0x0000000080008E5C (0x00F59593) slli a1, a1, 0xf
x11 <- 0x0000000000008000
mem[X,0x0000000080008E60] -> 0xC593
mem[X,0x0000000080008E62] -> 0xFFF5
[1007] [M]: 0x0000000080008E60 (0xFFF5C593) xori a1, a1, -0x1
x11 <- 0xFFFFFFFFFFFF7FFF
mem[X,0x0000000080008E64] -> 0x0113
mem[X,0x0000000080008E66] -> 0x0000
[1008] [M]: 0x0000000080008E64 (0x00000113) addi sp, zero, 0x0
x2 <- 0x0000000000000000
mem[X,0x0000000080008E68] -> 0x006F
mem[X,0x0000000080008E6A] -> 0x00C0
[1009] [M]: 0x0000000080008E68 (0x00C0006F) jal zero, 0xc
mem[X,0x0000000080008E74] -> 0x4863
mem[X,0x0000000080008E76] -> 0x00B5
[1010] [M]: 0x0000000080008E74 (0x00B54863) blt a0, a1, 0x10
mem[X,0x0000000080008E78] -> 0x0113
mem[X,0x0000000080008E7A] -> 0x0021
[1011] [M]: 0x0000000080008E78 (0x00210113) addi sp, sp, 0x2
x2 <- 0x0000000000000002
mem[X,0x0000000080008E7C] -> 0x006F
mem[X,0x0000000080008E7E] -> 0x0100
[1012] [M]: 0x0000000080008E7C (0x0100006F) jal zero, 0x10
mem[X,0x0000000080008E8C] -> 0xB023
mem[X,0x0000000080008E8E] -> 0x1E20
[1013] [M]: 0x0000000080008E8C (0x1E20B023) sd sp, 0x1e0(ra)
mem[0x000000008004F3B8] <- 0x0000000000000002
mem[X,0x0000000080008E90] -> 0x0513
mem[X,0x0000000080008E92] -> 0x0010
[1014] [M]: 0x0000000080008E90 (0x00100513) addi a0, zero, 0x1
x10 <- 0x0000000000000001
mem[X,0x0000000080008E94] -> 0x1513
mem[X,0x0000000080008E96] -> 0x03B5
[1015] [M]: 0x0000000080008E94 (0x03B51513) slli a0, a0, 0x3b
x10 <- 0x0800000000000000
mem[X,0x0000000080008E98] -> 0x4513
mem[X,0x0000000080008E9A] -> 0xFFF5
[1016] [M]: 0x0000000080008E98 (0xFFF54513) xori a0, a0, -0x1
x10 <- 0xF7FFFFFFFFFFFFFF
mem[X,0x0000000080008E9C] -> 0x0593
mem[X,0x0000000080008E9E] -> 0x0010
[1017] [M]: 0x0000000080008E9C (0x00100593) addi a1, zero, 0x1
x11 <- 0x0000000000000001
mem[X,0x0000000080008EA0] -> 0x9593
mem[X,0x0000000080008EA2] -> 0x0105
[1018] [M]: 0x0000000080008EA0 (0x01059593) slli a1, a1, 0x10
x11 <- 0x0000000000010000
mem[X,0x0000000080008EA4] -> 0xC593
mem[X,0x0000000080008EA6] -> 0xFFF5
[1019] [M]: 0x0000000080008EA4 (0xFFF5C593) xori a1, a1, -0x1
x11 <- 0xFFFFFFFFFFFEFFFF
mem[X,0x0000000080008EA8] -> 0x0113
mem[X,0x0000000080008EAA] -> 0x0000
[1020] [M]: 0x0000000080008EA8 (0x00000113) addi sp, zero, 0x0
x2 <- 0x0000000000000000
mem[X,0x0000000080008EAC] -> 0x006F
mem[X,0x0000000080008EAE] -> 0x2B10
[1021] [M]: 0x0000000080008EAC (0x2B10006F) jal zero, 0xab0
mem[X,0x000000008000995C] -> 0x4A63
mem[X,0x000000008000995E] -> 0xD4B5
[1022] [M]: 0x000000008000995C (0xD4B54A63) blt a0, a1, -0xaac
mem[X,0x0000000080008EB0] -> 0x0113
mem[X,0x0000000080008EB2] -> 0x0011
[1023] [M]: 0x0000000080008EB0 (0x00110113) addi sp, sp, 0x1
x2 <- 0x0000000000000001
mem[X,0x0000000080008EB4] -> 0x006F
mem[X,0x0000000080008EB6] -> 0x2BD0
[1024] [M]: 0x0000000080008EB4 (0x2BD0006F) jal zero, 0xabc
mem[X,0x0000000080009970] -> 0xB423
mem[X,0x0000000080009972] -> 0x1E20
[1025] [M]: 0x0000000080009970 (0x1E20B423) sd sp, 0x1e8(ra)
mem[0x000000008004F3C0] <- 0x0000000000000001
mem[X,0x0000000080009974] -> 0x0513
mem[X,0x0000000080009976] -> 0x0010
[1026] [M]: 0x0000000080009974 (0x00100513) addi a0, zero, 0x1
x10 <- 0x0000000000000001
mem[X,0x0000000080009978] -> 0x1513
mem[X,0x000000008000997A] -> 0x01D5
[1027] [M]: 0x0000000080009978 (0x01D51513) slli a0, a0, 0x1d
x10 <- 0x0000000020000000
mem[X,0x000000008000997C] -> 0x4513
mem[X,0x000000008000997E] -> 0xFFF5
[1028] [M]: 0x000000008000997C (0xFFF54513) xori a0, a0, -0x1
x10 <- 0xFFFFFFFFDFFFFFFF
mem[X,0x0000000080009980] -> 0x0593
mem[X,0x0000000080009982] -> 0x0010
[1029] [M]: 0x0000000080009980 (0x00100593) addi a1, zero, 0x1
x11 <- 0x0000000000000001
mem[X,0x0000000080009984] -> 0x9593
mem[X,0x0000000080009986] -> 0x0115
[1030] [M]: 0x0000000080009984 (0x01159593) slli a1, a1, 0x11
x11 <- 0x0000000000020000
mem[X,0x0000000080009988] -> 0xC593
mem[X,0x000000008000998A] -> 0xFFF5
[1031] [M]: 0x0000000080009988 (0xFFF5C593) xori a1, a1, -0x1
x11 <- 0xFFFFFFFFFFFDFFFF
mem[X,0x000000008000998C] -> 0x0113
mem[X,0x000000008000998E] -> 0x0000
[1032] [M]: 0x000000008000998C (0x00000113) addi sp, zero, 0x0
x2 <- 0x0000000000000000
mem[X,0x0000000080009990] -> 0x006F
mem[X,0x0000000080009992] -> 0x00C0
[1033] [M]: 0x0000000080009990 (0x00C0006F) jal zero, 0xc
mem[X,0x000000008000999C] -> 0x4663
mem[X,0x000000008000999E] -> 0x00B5
[1034] [M]: 0x000000008000999C (0x00B54663) blt a0, a1, 0xc
mem[X,0x00000000800099A8] -> 0x0113
mem[X,0x00000000800099AA] -> 0x0031
[1035] [M]: 0x00000000800099A8 (0x00310113) addi sp, sp, 0x3
x2 <- 0x0000000000000003
mem[X,0x00000000800099AC] -> 0x006F
mem[X,0x00000000800099AE] -> 0x0040
[1036] [M]: 0x00000000800099AC (0x0040006F) jal zero, 0x4
mem[X,0x00000000800099B0] -> 0xB823
mem[X,0x00000000800099B2] -> 0x1E20
[1037] [M]: 0x00000000800099B0 (0x1E20B823) sd sp, 0x1f0(ra)
mem[0x000000008004F3C8] <- 0x0000000000000003
mem[X,0x00000000800099B4] -> 0x0513
mem[X,0x00000000800099B6] -> 0x0010
[1038] [M]: 0x00000000800099B4 (0x00100513) addi a0, zero, 0x1
x10 <- 0x0000000000000001
mem[X,0x00000000800099B8] -> 0x1513
mem[X,0x00000000800099BA] -> 0x0305
[1039] [M]: 0x00000000800099B8 (0x03051513) slli a0, a0, 0x30
x10 <- 0x0001000000000000
mem[X,0x00000000800099BC] -> 0x4513
mem[X,0x00000000800099BE] -> 0xFFF5
[1040] [M]: 0x00000000800099BC (0xFFF54513) xori a0, a0, -0x1
x10 <- 0xFFFEFFFFFFFFFFFF
mem[X,0x00000000800099C0] -> 0x0593
mem[X,0x00000000800099C2] -> 0x0010
[1041] [M]: 0x00000000800099C0 (0x00100593) addi a1, zero, 0x1
x11 <- 0x0000000000000001
mem[X,0x00000000800099C4] -> 0x9593
mem[X,0x00000000800099C6] -> 0x0125
[1042] [M]: 0x00000000800099C4 (0x01259593) slli a1, a1, 0x12
x11 <- 0x0000000000040000
mem[X,0x00000000800099C8] -> 0xC593
mem[X,0x00000000800099CA] -> 0xFFF5
[1043] [M]: 0x00000000800099C8 (0xFFF5C593) xori a1, a1, -0x1
x11 <- 0xFFFFFFFFFFFBFFFF
mem[X,0x00000000800099CC] -> 0x0113
mem[X,0x00000000800099CE] -> 0x0000
[1044] [M]: 0x00000000800099CC (0x00000113) addi sp, zero, 0x0
x2 <- 0x0000000000000000
mem[X,0x00000000800099D0] -> 0x006F
mem[X,0x00000000800099D2] -> 0x0100
[1045] [M]: 0x00000000800099D0 (0x0100006F) jal zero, 0x10
mem[X,0x00000000800099E0] -> 0x4AE3
mem[X,0x00000000800099E2] -> 0xFEB5
[1046] [M]: 0x00000000800099E0 (0xFEB54AE3) blt a0, a1, -0xc
mem[X,0x00000000800099D4] -> 0x0113
mem[X,0x00000000800099D6] -> 0x0011
[1047] [M]: 0x00000000800099D4 (0x00110113) addi sp, sp, 0x1
x2 <- 0x0000000000000001
mem[X,0x00000000800099D8] -> 0x006F
mem[X,0x00000000800099DA] -> 0x01C0
[1048] [M]: 0x00000000800099D8 (0x01C0006F) jal zero, 0x1c
mem[X,0x00000000800099F4] -> 0xBC23
mem[X,0x00000000800099F6] -> 0x1E20
[1049] [M]: 0x00000000800099F4 (0x1E20BC23) sd sp, 0x1f8(ra)
mem[0x000000008004F3D0] <- 0x0000000000000001
mem[X,0x00000000800099F8] -> 0x0513
mem[X,0x00000000800099FA] -> 0x0010
[1050] [M]: 0x00000000800099F8 (0x00100513) addi a0, zero, 0x1
x10 <- 0x0000000000000001
mem[X,0x00000000800099FC] -> 0x1513
mem[X,0x00000000800099FE] -> 0x0275
[1051] [M]: 0x00000000800099FC (0x02751513) slli a0, a0, 0x27
x10 <- 0x0000008000000000
mem[X,0x0000000080009A00] -> 0x0593
mem[X,0x0000000080009A02] -> 0x0010
[1052] [M]: 0x0000000080009A00 (0x00100593) addi a1, zero, 0x1
x11 <- 0x0000000000000001
mem[X,0x0000000080009A04] -> 0x9593
mem[X,0x0000000080009A06] -> 0x0135
[1053] [M]: 0x0000000080009A04 (0x01359593) slli a1, a1, 0x13
x11 <- 0x0000000000080000
mem[X,0x0000000080009A08] -> 0xC593
mem[X,0x0000000080009A0A] -> 0xFFF5
[1054] [M]: 0x0000000080009A08 (0xFFF5C593) xori a1, a1, -0x1
x11 <- 0xFFFFFFFFFFF7FFFF
mem[X,0x0000000080009A0C] -> 0x0113
mem[X,0x0000000080009A0E] -> 0x0000
[1055] [M]: 0x0000000080009A0C (0x00000113) addi sp, zero, 0x0
x2 <- 0x0000000000000000
mem[X,0x0000000080009A10] -> 0x006F
mem[X,0x0000000080009A12] -> 0x00C0
[1056] [M]: 0x0000000080009A10 (0x00C0006F) jal zero, 0xc
mem[X,0x0000000080009A1C] -> 0x4CE3
mem[X,0x0000000080009A1E] -> 0xFEB5
[1057] [M]: 0x0000000080009A1C (0xFEB54CE3) blt a0, a1, -0x8
mem[X,0x0000000080009A20] -> 0x0113
mem[X,0x0000000080009A22] -> 0x0021
[1058] [M]: 0x0000000080009A20 (0x00210113) addi sp, sp, 0x2
x2 <- 0x0000000000000002
mem[X,0x0000000080009A24] -> 0x006F
mem[X,0x0000000080009A26] -> 0x00C0
[1059] [M]: 0x0000000080009A24 (0x00C0006F) jal zero, 0xc
mem[X,0x0000000080009A30] -> 0xB023
mem[X,0x0000000080009A32] -> 0x2020
[1060] [M]: 0x0000000080009A30 (0x2020B023) sd sp, 0x200(ra)
mem[0x000000008004F3D8] <- 0x0000000000000002
mem[X,0x0000000080009A34] -> 0x0513
mem[X,0x0000000080009A36] -> 0xFFF0
[1061] [M]: 0x0000000080009A34 (0xFFF00513) addi a0, zero, -0x1
x10 <- 0xFFFFFFFFFFFFFFFF
mem[X,0x0000000080009A38] -> 0x1513
mem[X,0x0000000080009A3A] -> 0x03E5
[1062] [M]: 0x0000000080009A38 (0x03E51513) slli a0, a0, 0x3e
x10 <- 0xC000000000000000
mem[X,0x0000000080009A3C] -> 0x0593
mem[X,0x0000000080009A3E] -> 0x0010
[1063] [M]: 0x0000000080009A3C (0x00100593) addi a1, zero, 0x1
x11 <- 0x0000000000000001
mem[X,0x0000000080009A40] -> 0x9593
mem[X,0x0000000080009A42] -> 0x0145
[1064] [M]: 0x0000000080009A40 (0x01459593) slli a1, a1, 0x14
x11 <- 0x0000000000100000
mem[X,0x0000000080009A44] -> 0xC593
mem[X,0x0000000080009A46] -> 0xFFF5
[1065] [M]: 0x0000000080009A44 (0xFFF5C593) xori a1, a1, -0x1
x11 <- 0xFFFFFFFFFFEFFFFF
mem[X,0x0000000080009A48] -> 0x0113
mem[X,0x0000000080009A4A] -> 0x0000
[1066] [M]: 0x0000000080009A48 (0x00000113) addi sp, zero, 0x0
x2 <- 0x0000000000000000
mem[X,0x0000000080009A4C] -> 0x006F
mem[X,0x0000000080009A4E] -> 0x00C0
[1067] [M]: 0x0000000080009A4C (0x00C0006F) jal zero, 0xc
mem[X,0x0000000080009A58] -> 0x4CE3
mem[X,0x0000000080009A5A] -> 0xFEB5
[1068] [M]: 0x0000000080009A58 (0xFEB54CE3) blt a0, a1, -0x8
mem[X,0x0000000080009A50] -> 0x0113
mem[X,0x0000000080009A52] -> 0x0011
[1069] [M]: 0x0000000080009A50 (0x00110113) addi sp, sp, 0x1
x2 <- 0x0000000000000001
mem[X,0x0000000080009A54] -> 0x006F
mem[X,0x0000000080009A56] -> 0x0180
[1070] [M]: 0x0000000080009A54 (0x0180006F) jal zero, 0x18
mem[X,0x0000000080009A6C] -> 0xB423
mem[X,0x0000000080009A6E] -> 0x2020
[1071] [M]: 0x0000000080009A6C (0x2020B423) sd sp, 0x208(ra)
mem[0x000000008004F3E0] <- 0x0000000000000001
mem[X,0x0000000080009A70] -> 0x0513
mem[X,0x0000000080009A72] -> 0x0010
[1072] [M]: 0x0000000080009A70 (0x00100513) addi a0, zero, 0x1
x10 <- 0x0000000000000001
mem[X,0x0000000080009A74] -> 0x1513
mem[X,0x0000000080009A76] -> 0x0105
[1073] [M]: 0x0000000080009A74 (0x01051513) slli a0, a0, 0x10
x10 <- 0x0000000000010000
mem[X,0x0000000080009A78] -> 0x4513
mem[X,0x0000000080009A7A] -> 0xFFF5
[1074] [M]: 0x0000000080009A78 (0xFFF54513) xori a0, a0, -0x1
x10 <- 0xFFFFFFFFFFFEFFFF
mem[X,0x0000000080009A7C] -> 0x0593
mem[X,0x0000000080009A7E] -> 0x0010
[1075] [M]: 0x0000000080009A7C (0x00100593) addi a1, zero, 0x1
x11 <- 0x0000000000000001
mem[X,0x0000000080009A80] -> 0x9593
mem[X,0x0000000080009A82] -> 0x0155
[1076] [M]: 0x0000000080009A80 (0x01559593) slli a1, a1, 0x15
x11 <- 0x0000000000200000
mem[X,0x0000000080009A84] -> 0xC593
mem[X,0x0000000080009A86] -> 0xFFF5
[1077] [M]: 0x0000000080009A84 (0xFFF5C593) xori a1, a1, -0x1
x11 <- 0xFFFFFFFFFFDFFFFF
mem[X,0x0000000080009A88] -> 0x0113
mem[X,0x0000000080009A8A] -> 0x0000
[1078] [M]: 0x0000000080009A88 (0x00000113) addi sp, zero, 0x0
x2 <- 0x0000000000000000
mem[X,0x0000000080009A8C] -> 0x006F
mem[X,0x0000000080009A8E] -> 0x00C0
[1079] [M]: 0x0000000080009A8C (0x00C0006F) jal zero, 0xc
mem[X,0x0000000080009A98] -> 0x4063
mem[X,0x0000000080009A9A] -> 0x10B5
[1080] [M]: 0x0000000080009A98 (0x10B54063) blt a0, a1, 0x100
mem[X,0x0000000080009A9C] -> 0x0113
mem[X,0x0000000080009A9E] -> 0x0021
[1081] [M]: 0x0000000080009A9C (0x00210113) addi sp, sp, 0x2
x2 <- 0x0000000000000002
mem[X,0x0000000080009AA0] -> 0x006F
mem[X,0x0000000080009AA2] -> 0x1000
[1082] [M]: 0x0000000080009AA0 (0x1000006F) jal zero, 0x100
mem[X,0x0000000080009BA0] -> 0xB823
mem[X,0x0000000080009BA2] -> 0x2020
[1083] [M]: 0x0000000080009BA0 (0x2020B823) sd sp, 0x210(ra)
mem[0x000000008004F3E8] <- 0x0000000000000002
mem[X,0x0000000080009BA4] -> 0x0513
mem[X,0x0000000080009BA6] -> 0x0010
[1084] [M]: 0x0000000080009BA4 (0x00100513) addi a0, zero, 0x1
x10 <- 0x0000000000000001
mem[X,0x0000000080009BA8] -> 0x1513
mem[X,0x0000000080009BAA] -> 0x00D5
[1085] [M]: 0x0000000080009BA8 (0x00D51513) slli a0, a0, 0xd
x10 <- 0x0000000000002000
mem[X,0x0000000080009BAC] -> 0x4513
mem[X,0x0000000080009BAE] -> 0xFFF5
[1086] [M]: 0x0000000080009BAC (0xFFF54513) xori a0, a0, -0x1
x10 <- 0xFFFFFFFFFFFFDFFF
mem[X,0x0000000080009BB0] -> 0x0593
mem[X,0x0000000080009BB2] -> 0x0010
[1087] [M]: 0x0000000080009BB0 (0x00100593) addi a1, zero, 0x1
x11 <- 0x0000000000000001
mem[X,0x0000000080009BB4] -> 0x9593
mem[X,0x0000000080009BB6] -> 0x0165
[1088] [M]: 0x0000000080009BB4 (0x01659593) slli a1, a1, 0x16
x11 <- 0x0000000000400000
mem[X,0x0000000080009BB8] -> 0xC593
mem[X,0x0000000080009BBA] -> 0xFFF5
[1089] [M]: 0x0000000080009BB8 (0xFFF5C593) xori a1, a1, -0x1
x11 <- 0xFFFFFFFFFFBFFFFF
mem[X,0x0000000080009BBC] -> 0x0113
mem[X,0x0000000080009BBE] -> 0x0000
[1090] [M]: 0x0000000080009BBC (0x00000113) addi sp, zero, 0x0
x2 <- 0x0000000000000000
mem[X,0x0000000080009BC0] -> 0x006F
mem[X,0x0000000080009BC2] -> 0x00C0
[1091] [M]: 0x0000000080009BC0 (0x00C0006F) jal zero, 0xc
mem[X,0x0000000080009BCC] -> 0x4663
mem[X,0x0000000080009BCE] -> 0x00B5
[1092] [M]: 0x0000000080009BCC (0x00B54663) blt a0, a1, 0xc
mem[X,0x0000000080009BD0] -> 0x0113
mem[X,0x0000000080009BD2] -> 0x0021
[1093] [M]: 0x0000000080009BD0 (0x00210113) addi sp, sp, 0x2
x2 <- 0x0000000000000002
mem[X,0x0000000080009BD4] -> 0x006F
mem[X,0x0000000080009BD6] -> 0x00C0
[1094] [M]: 0x0000000080009BD4 (0x00C0006F) jal zero, 0xc
mem[X,0x0000000080009BE0] -> 0xBC23
mem[X,0x0000000080009BE2] -> 0x2020
[1095] [M]: 0x0000000080009BE0 (0x2020BC23) sd sp, 0x218(ra)
mem[0x000000008004F3F0] <- 0x0000000000000002
mem[X,0x0000000080009BE4] -> 0x0513
mem[X,0x0000000080009BE6] -> 0x0020
[1096] [M]: 0x0000000080009BE4 (0x00200513) addi a0, zero, 0x2
x10 <- 0x0000000000000002
mem[X,0x0000000080009BE8] -> 0x0593
mem[X,0x0000000080009BEA] -> 0x0010
[1097] [M]: 0x0000000080009BE8 (0x00100593) addi a1, zero, 0x1
x11 <- 0x0000000000000001
mem[X,0x0000000080009BEC] -> 0x9593
mem[X,0x0000000080009BEE] -> 0x0175
[1098] [M]: 0x0000000080009BEC (0x01759593) slli a1, a1, 0x17
x11 <- 0x0000000000800000
mem[X,0x0000000080009BF0] -> 0xC593
mem[X,0x0000000080009BF2] -> 0xFFF5
[1099] [M]: 0x0000000080009BF0 (0xFFF5C593) xori a1, a1, -0x1
x11 <- 0xFFFFFFFFFF7FFFFF
clint::tick mtime <- 0x000000000000000B
 clint timer pending at mtime 0x000000000000000B
htif::tick 0x0000000000000000
mem[X,0x0000000080009BF4] -> 0x0113
mem[X,0x0000000080009BF6] -> 0x0000
[1100] [M]: 0x0000000080009BF4 (0x00000113) addi sp, zero, 0x0
x2 <- 0x0000000000000000
mem[X,0x0000000080009BF8] -> 0x006F
mem[X,0x0000000080009BFA] -> 0x00C0
[1101] [M]: 0x0000000080009BF8 (0x00C0006F) jal zero, 0xc
mem[X,0x0000000080009C04] -> 0x4063
mem[X,0x0000000080009C06] -> 0x40B5
[1102] [M]: 0x0000000080009C04 (0x40B54063) blt a0, a1, 0x400
mem[X,0x0000000080009C08] -> 0x0113
mem[X,0x0000000080009C0A] -> 0x0021
[1103] [M]: 0x0000000080009C08 (0x00210113) addi sp, sp, 0x2
x2 <- 0x0000000000000002
mem[X,0x0000000080009C0C] -> 0x006F
mem[X,0x0000000080009C0E] -> 0x4000
[1104] [M]: 0x0000000080009C0C (0x4000006F) jal zero, 0x400
mem[X,0x000000008000A00C] -> 0xB023
mem[X,0x000000008000A00E] -> 0x2220
[1105] [M]: 0x000000008000A00C (0x2220B023) sd sp, 0x220(ra)
mem[0x000000008004F3F8] <- 0x0000000000000002
mem[X,0x000000008000A010] -> 0x0513
mem[X,0x000000008000A012] -> 0xFFA0
[1106] [M]: 0x000000008000A010 (0xFFA00513) addi a0, zero, -0x6
x10 <- 0xFFFFFFFFFFFFFFFA
mem[X,0x000000008000A014] -> 0x0593
mem[X,0x000000008000A016] -> 0x0010
[1107] [M]: 0x000000008000A014 (0x00100593) addi a1, zero, 0x1
x11 <- 0x0000000000000001
mem[X,0x000000008000A018] -> 0x9593
mem[X,0x000000008000A01A] -> 0x0185
[1108] [M]: 0x000000008000A018 (0x01859593) slli a1, a1, 0x18
x11 <- 0x0000000001000000
mem[X,0x000000008000A01C] -> 0xC593
mem[X,0x000000008000A01E] -> 0xFFF5
[1109] [M]: 0x000000008000A01C (0xFFF5C593) xori a1, a1, -0x1
x11 <- 0xFFFFFFFFFEFFFFFF
mem[X,0x000000008000A020] -> 0x0113
mem[X,0x000000008000A022] -> 0x0000
[1110] [M]: 0x000000008000A020 (0x00000113) addi sp, zero, 0x0
x2 <- 0x0000000000000000
mem[X,0x000000008000A024] -> 0x006F
mem[X,0x000000008000A026] -> 0x00C0
[1111] [M]: 0x000000008000A024 (0x00C0006F) jal zero, 0xc
mem[X,0x000000008000A030] -> 0x4063
mem[X,0x000000008000A032] -> 0x02B5
[1112] [M]: 0x000000008000A030 (0x02B54063) blt a0, a1, 0x20
mem[X,0x000000008000A034] -> 0x0113
mem[X,0x000000008000A036] -> 0x0021
[1113] [M]: 0x000000008000A034 (0x00210113) addi sp, sp, 0x2
x2 <- 0x0000000000000002
mem[X,0x000000008000A038] -> 0x006F
mem[X,0x000000008000A03A] -> 0x0200
[1114] [M]: 0x000000008000A038 (0x0200006F) jal zero, 0x20
mem[X,0x000000008000A058] -> 0xB423
mem[X,0x000000008000A05A] -> 0x2220
[1115] [M]: 0x000000008000A058 (0x2220B423) sd sp, 0x228(ra)
mem[0x000000008004F400] <- 0x0000000000000002
mem[X,0x000000008000A05C] -> 0x0513
mem[X,0x000000008000A05E] -> 0x0010
[1116] [M]: 0x000000008000A05C (0x00100513) addi a0, zero, 0x1
x10 <- 0x0000000000000001
mem[X,0x000000008000A060] -> 0x1513
mem[X,0x000000008000A062] -> 0x02B5
[1117] [M]: 0x000000008000A060 (0x02B51513) slli a0, a0, 0x2b
x10 <- 0x0000080000000000
mem[X,0x000000008000A064] -> 0x0593
mem[X,0x000000008000A066] -> 0x0010
[1118] [M]: 0x000000008000A064 (0x00100593) addi a1, zero, 0x1
x11 <- 0x0000000000000001
mem[X,0x000000008000A068] -> 0x9593
mem[X,0x000000008000A06A] -> 0x0195
[1119] [M]: 0x000000008000A068 (0x01959593) slli a1, a1, 0x19
x11 <- 0x0000000002000000
mem[X,0x000000008000A06C] -> 0xC593
mem[X,0x000000008000A06E] -> 0xFFF5
[1120] [M]: 0x000000008000A06C (0xFFF5C593) xori a1, a1, -0x1
x11 <- 0xFFFFFFFFFDFFFFFF
mem[X,0x000000008000A070] -> 0x0113
mem[X,0x000000008000A072] -> 0x0000
[1121] [M]: 0x000000008000A070 (0x00000113) addi sp, zero, 0x0
x2 <- 0x0000000000000000
mem[X,0x000000008000A074] -> 0x006F
mem[X,0x000000008000A076] -> 0x0180
[1122] [M]: 0x000000008000A074 (0x0180006F) jal zero, 0x18
mem[X,0x000000008000A08C] -> 0x46E3
mem[X,0x000000008000A08E] -> 0xFEB5
[1123] [M]: 0x000000008000A08C (0xFEB546E3) blt a0, a1, -0x14
mem[X,0x000000008000A090] -> 0x0113
mem[X,0x000000008000A092] -> 0x0021
[1124] [M]: 0x000000008000A090 (0x00210113) addi sp, sp, 0x2
x2 <- 0x0000000000000002
mem[X,0x000000008000A094] -> 0x006F
mem[X,0x000000008000A096] -> 0x00C0
[1125] [M]: 0x000000008000A094 (0x00C0006F) jal zero, 0xc
mem[X,0x000000008000A0A0] -> 0xB823
mem[X,0x000000008000A0A2] -> 0x2220
[1126] [M]: 0x000000008000A0A0 (0x2220B823) sd sp, 0x230(ra)
mem[0x000000008004F408] <- 0x0000000000000002
mem[X,0x000000008000A0A4] -> 0x0513
mem[X,0x000000008000A0A6] -> 0x0200
[1127] [M]: 0x000000008000A0A4 (0x02000513) addi a0, zero, 0x20
x10 <- 0x0000000000000020
mem[X,0x000000008000A0A8] -> 0x0593
mem[X,0x000000008000A0AA] -> 0x0010
[1128] [M]: 0x000000008000A0A8 (0x00100593) addi a1, zero, 0x1
x11 <- 0x0000000000000001
mem[X,0x000000008000A0AC] -> 0x9593
mem[X,0x000000008000A0AE] -> 0x01A5
[1129] [M]: 0x000000008000A0AC (0x01A59593) slli a1, a1, 0x1a
x11 <- 0x0000000004000000
mem[X,0x000000008000A0B0] -> 0xC593
mem[X,0x000000008000A0B2] -> 0xFFF5
[1130] [M]: 0x000000008000A0B0 (0xFFF5C593) xori a1, a1, -0x1
x11 <- 0xFFFFFFFFFBFFFFFF
mem[X,0x000000008000A0B4] -> 0x0113
mem[X,0x000000008000A0B6] -> 0x0000
[1131] [M]: 0x000000008000A0B4 (0x00000113) addi sp, zero, 0x0
x2 <- 0x0000000000000000
mem[X,0x000000008000A0B8] -> 0x006F
mem[X,0x000000008000A0BA] -> 0x0180
[1132] [M]: 0x000000008000A0B8 (0x0180006F) jal zero, 0x18
mem[X,0x000000008000A0D0] -> 0x46E3
mem[X,0x000000008000A0D2] -> 0xFEB5
[1133] [M]: 0x000000008000A0D0 (0xFEB546E3) blt a0, a1, -0x14
mem[X,0x000000008000A0D4] -> 0x0113
mem[X,0x000000008000A0D6] -> 0x0021
[1134] [M]: 0x000000008000A0D4 (0x00210113) addi sp, sp, 0x2
x2 <- 0x0000000000000002
mem[X,0x000000008000A0D8] -> 0x006F
mem[X,0x000000008000A0DA] -> 0x00C0
[1135] [M]: 0x000000008000A0D8 (0x00C0006F) jal zero, 0xc
mem[X,0x000000008000A0E4] -> 0xBC23
mem[X,0x000000008000A0E6] -> 0x2220
[1136] [M]: 0x000000008000A0E4 (0x2220BC23) sd sp, 0x238(ra)
mem[0x000000008004F410] <- 0x0000000000000002
mem[X,0x000000008000A0E8] -> 0x0513
mem[X,0x000000008000A0EA] -> 0x0010
[1137] [M]: 0x000000008000A0E8 (0x00100513) addi a0, zero, 0x1
x10 <- 0x0000000000000001
mem[X,0x000000008000A0EC] -> 0x1513
mem[X,0x000000008000A0EE] -> 0x0265
[1138] [M]: 0x000000008000A0EC (0x02651513) slli a0, a0, 0x26
x10 <- 0x0000004000000000
mem[X,0x000000008000A0F0] -> 0x4513
mem[X,0x000000008000A0F2] -> 0xFFF5
[1139] [M]: 0x000000008000A0F0 (0xFFF54513) xori a0, a0, -0x1
x10 <- 0xFFFFFFBFFFFFFFFF
mem[X,0x000000008000A0F4] -> 0x0593
mem[X,0x000000008000A0F6] -> 0x0010
[1140] [M]: 0x000000008000A0F4 (0x00100593) addi a1, zero, 0x1
x11 <- 0x0000000000000001
mem[X,0x000000008000A0F8] -> 0x9593
mem[X,0x000000008000A0FA] -> 0x01B5
[1141] [M]: 0x000000008000A0F8 (0x01B59593) slli a1, a1, 0x1b
x11 <- 0x0000000008000000
mem[X,0x000000008000A0FC] -> 0xC593
mem[X,0x000000008000A0FE] -> 0xFFF5
[1142] [M]: 0x000000008000A0FC (0xFFF5C593) xori a1, a1, -0x1
x11 <- 0xFFFFFFFFF7FFFFFF
mem[X,0x000000008000A100] -> 0x0113
mem[X,0x000000008000A102] -> 0x0000
[1143] [M]: 0x000000008000A100 (0x00000113) addi sp, zero, 0x0
x2 <- 0x0000000000000000
mem[X,0x000000008000A104] -> 0x006F
mem[X,0x000000008000A106] -> 0x00C0
[1144] [M]: 0x000000008000A104 (0x00C0006F) jal zero, 0xc
mem[X,0x000000008000A110] -> 0x4063
mem[X,0x000000008000A112] -> 0x20B5
[1145] [M]: 0x000000008000A110 (0x20B54063) blt a0, a1, 0x200
mem[X,0x000000008000A310] -> 0x0113
mem[X,0x000000008000A312] -> 0x0031
[1146] [M]: 0x000000008000A310 (0x00310113) addi sp, sp, 0x3
x2 <- 0x0000000000000003
mem[X,0x000000008000A314] -> 0x006F
mem[X,0x000000008000A316] -> 0x0040
[1147] [M]: 0x000000008000A314 (0x0040006F) jal zero, 0x4
mem[X,0x000000008000A318] -> 0xB023
mem[X,0x000000008000A31A] -> 0x2420
[1148] [M]: 0x000000008000A318 (0x2420B023) sd sp, 0x240(ra)
mem[0x000000008004F418] <- 0x0000000000000003
mem[X,0x000000008000A31C] -> 0x0513
mem[X,0x000000008000A31E] -> 0x0010
[1149] [M]: 0x000000008000A31C (0x00100513) addi a0, zero, 0x1
x10 <- 0x0000000000000001
mem[X,0x000000008000A320] -> 0x1513
mem[X,0x000000008000A322] -> 0x0245
[1150] [M]: 0x000000008000A320 (0x02451513) slli a0, a0, 0x24
x10 <- 0x0000001000000000
mem[X,0x000000008000A324] -> 0x0593
mem[X,0x000000008000A326] -> 0x0010
[1151] [M]: 0x000000008000A324 (0x00100593) addi a1, zero, 0x1
x11 <- 0x0000000000000001
mem[X,0x000000008000A328] -> 0x9593
mem[X,0x000000008000A32A] -> 0x01C5
[1152] [M]: 0x000000008000A328 (0x01C59593) slli a1, a1, 0x1c
x11 <- 0x0000000010000000
mem[X,0x000000008000A32C] -> 0xC593
mem[X,0x000000008000A32E] -> 0xFFF5
[1153] [M]: 0x000000008000A32C (0xFFF5C593) xori a1, a1, -0x1
x11 <- 0xFFFFFFFFEFFFFFFF
mem[X,0x000000008000A330] -> 0x0113
mem[X,0x000000008000A332] -> 0x0000
[1154] [M]: 0x000000008000A330 (0x00000113) addi sp, zero, 0x0
x2 <- 0x0000000000000000
mem[X,0x000000008000A334] -> 0x006F
mem[X,0x000000008000A336] -> 0x00C0
[1155] [M]: 0x000000008000A334 (0x00C0006F) jal zero, 0xc
mem[X,0x000000008000A340] -> 0x4CE3
mem[X,0x000000008000A342] -> 0xFEB5
[1156] [M]: 0x000000008000A340 (0xFEB54CE3) blt a0, a1, -0x8
mem[X,0x000000008000A344] -> 0x0113
mem[X,0x000000008000A346] -> 0x0021
[1157] [M]: 0x000000008000A344 (0x00210113) addi sp, sp, 0x2
x2 <- 0x0000000000000002
mem[X,0x000000008000A348] -> 0x006F
mem[X,0x000000008000A34A] -> 0x00C0
[1158] [M]: 0x000000008000A348 (0x00C0006F) jal zero, 0xc
mem[X,0x000000008000A354] -> 0xB423
mem[X,0x000000008000A356] -> 0x2420
[1159] [M]: 0x000000008000A354 (0x2420B423) sd sp, 0x248(ra)
mem[0x000000008004F420] <- 0x0000000000000002
mem[X,0x000000008000A358] -> 0x0513
mem[X,0x000000008000A35A] -> 0x0040
[1160] [M]: 0x000000008000A358 (0x00400513) addi a0, zero, 0x4
x10 <- 0x0000000000000004
mem[X,0x000000008000A35C] -> 0x0593
mem[X,0x000000008000A35E] -> 0x0010
[1161] [M]: 0x000000008000A35C (0x00100593) addi a1, zero, 0x1
x11 <- 0x0000000000000001
mem[X,0x000000008000A360] -> 0x9593
mem[X,0x000000008000A362] -> 0x01D5
[1162] [M]: 0x000000008000A360 (0x01D59593) slli a1, a1, 0x1d
x11 <- 0x0000000020000000
mem[X,0x000000008000A364] -> 0xC593
mem[X,0x000000008000A366] -> 0xFFF5
[1163] [M]: 0x000000008000A364 (0xFFF5C593) xori a1, a1, -0x1
x11 <- 0xFFFFFFFFDFFFFFFF
mem[X,0x000000008000A368] -> 0x0113
mem[X,0x000000008000A36A] -> 0x0000
[1164] [M]: 0x000000008000A368 (0x00000113) addi sp, zero, 0x0
x2 <- 0x0000000000000000
mem[X,0x000000008000A36C] -> 0x006F
mem[X,0x000000008000A36E] -> 0x0140
[1165] [M]: 0x000000008000A36C (0x0140006F) jal zero, 0x14
mem[X,0x000000008000A380] -> 0x48E3
mem[X,0x000000008000A382] -> 0xFEB5
[1166] [M]: 0x000000008000A380 (0xFEB548E3) blt a0, a1, -0x10
mem[X,0x000000008000A384] -> 0x0113
mem[X,0x000000008000A386] -> 0x0021
[1167] [M]: 0x000000008000A384 (0x00210113) addi sp, sp, 0x2
x2 <- 0x0000000000000002
mem[X,0x000000008000A388] -> 0x006F
mem[X,0x000000008000A38A] -> 0x00C0
[1168] [M]: 0x000000008000A388 (0x00C0006F) jal zero, 0xc
mem[X,0x000000008000A394] -> 0xB823
mem[X,0x000000008000A396] -> 0x2420
[1169] [M]: 0x000000008000A394 (0x2420B823) sd sp, 0x250(ra)
mem[0x000000008004F428] <- 0x0000000000000002
mem[X,0x000000008000A398] -> 0x0513
mem[X,0x000000008000A39A] -> 0x0010
[1170] [M]: 0x000000008000A398 (0x00100513) addi a0, zero, 0x1
x10 <- 0x0000000000000001
mem[X,0x000000008000A39C] -> 0x1513
mem[X,0x000000008000A39E] -> 0x0145
[1171] [M]: 0x000000008000A39C (0x01451513) slli a0, a0, 0x14
x10 <- 0x0000000000100000
mem[X,0x000000008000A3A0] -> 0x0593
mem[X,0x000000008000A3A2] -> 0x0010
[1172] [M]: 0x000000008000A3A0 (0x00100593) addi a1, zero, 0x1
x11 <- 0x0000000000000001
mem[X,0x000000008000A3A4] -> 0x9593
mem[X,0x000000008000A3A6] -> 0x01E5
[1173] [M]: 0x000000008000A3A4 (0x01E59593) slli a1, a1, 0x1e
x11 <- 0x0000000040000000
mem[X,0x000000008000A3A8] -> 0xC593
mem[X,0x000000008000A3AA] -> 0xFFF5
[1174] [M]: 0x000000008000A3A8 (0xFFF5C593) xori a1, a1, -0x1
x11 <- 0xFFFFFFFFBFFFFFFF
mem[X,0x000000008000A3AC] -> 0x0113
mem[X,0x000000008000A3AE] -> 0x0000
[1175] [M]: 0x000000008000A3AC (0x00000113) addi sp, zero, 0x0
x2 <- 0x0000000000000000
mem[X,0x000000008000A3B0] -> 0x006F
mem[X,0x000000008000A3B2] -> 0x00C0
[1176] [M]: 0x000000008000A3B0 (0x00C0006F) jal zero, 0xc
mem[X,0x000000008000A3BC] -> 0x4063
mem[X,0x000000008000A3BE] -> 0x04B5
[1177] [M]: 0x000000008000A3BC (0x04B54063) blt a0, a1, 0x40
mem[X,0x000000008000A3C0] -> 0x0113
mem[X,0x000000008000A3C2] -> 0x0021
[1178] [M]: 0x000000008000A3C0 (0x00210113) addi sp, sp, 0x2
x2 <- 0x0000000000000002
mem[X,0x000000008000A3C4] -> 0x006F
mem[X,0x000000008000A3C6] -> 0x0400
[1179] [M]: 0x000000008000A3C4 (0x0400006F) jal zero, 0x40
mem[X,0x000000008000A404] -> 0xBC23
mem[X,0x000000008000A406] -> 0x2420
[1180] [M]: 0x000000008000A404 (0x2420BC23) sd sp, 0x258(ra)
mem[0x000000008004F430] <- 0x0000000000000002
mem[X,0x000000008000A408] -> 0x0513
mem[X,0x000000008000A40A] -> 0x0050
[1181] [M]: 0x000000008000A408 (0x00500513) addi a0, zero, 0x5
x10 <- 0x0000000000000005
mem[X,0x000000008000A40C] -> 0x0593
mem[X,0x000000008000A40E] -> 0x0010
[1182] [M]: 0x000000008000A40C (0x00100593) addi a1, zero, 0x1
x11 <- 0x0000000000000001
mem[X,0x000000008000A410] -> 0x9593
mem[X,0x000000008000A412] -> 0x01F5
[1183] [M]: 0x000000008000A410 (0x01F59593) slli a1, a1, 0x1f
x11 <- 0x0000000080000000
mem[X,0x000000008000A414] -> 0xC593
mem[X,0x000000008000A416] -> 0xFFF5
[1184] [M]: 0x000000008000A414 (0xFFF5C593) xori a1, a1, -0x1
x11 <- 0xFFFFFFFF7FFFFFFF
mem[X,0x000000008000A418] -> 0x0113
mem[X,0x000000008000A41A] -> 0x0000
[1185] [M]: 0x000000008000A418 (0x00000113) addi sp, zero, 0x0
x2 <- 0x0000000000000000
mem[X,0x000000008000A41C] -> 0x006F
mem[X,0x000000008000A41E] -> 0x2B10
[1186] [M]: 0x000000008000A41C (0x2B10006F) jal zero, 0xab0
mem[X,0x000000008000AECC] -> 0x4A63
mem[X,0x000000008000AECE] -> 0xD4B5
[1187] [M]: 0x000000008000AECC (0xD4B54A63) blt a0, a1, -0xaac
mem[X,0x000000008000AED0] -> 0x0113
mem[X,0x000000008000AED2] -> 0x0021
[1188] [M]: 0x000000008000AED0 (0x00210113) addi sp, sp, 0x2
x2 <- 0x0000000000000002
mem[X,0x000000008000AED4] -> 0x006F
mem[X,0x000000008000AED6] -> 0x00C0
[1189] [M]: 0x000000008000AED4 (0x00C0006F) jal zero, 0xc
mem[X,0x000000008000AEE0] -> 0xB023
mem[X,0x000000008000AEE2] -> 0x2620
[1190] [M]: 0x000000008000AEE0 (0x2620B023) sd sp, 0x260(ra)
mem[0x000000008004F438] <- 0x0000000000000002
mem[X,0x000000008000AEE4] -> 0x0513
mem[X,0x000000008000AEE6] -> 0x0010
[1191] [M]: 0x000000008000AEE4 (0x00100513) addi a0, zero, 0x1
x10 <- 0x0000000000000001
mem[X,0x000000008000AEE8] -> 0x1513
mem[X,0x000000008000AEEA] -> 0x0125
[1192] [M]: 0x000000008000AEE8 (0x01251513) slli a0, a0, 0x12
x10 <- 0x0000000000040000
mem[X,0x000000008000AEEC] -> 0x0593
mem[X,0x000000008000AEEE] -> 0x0010
[1193] [M]: 0x000000008000AEEC (0x00100593) addi a1, zero, 0x1
x11 <- 0x0000000000000001
mem[X,0x000000008000AEF0] -> 0x9593
mem[X,0x000000008000AEF2] -> 0x0205
[1194] [M]: 0x000000008000AEF0 (0x02059593) slli a1, a1, 0x20
x11 <- 0x0000000100000000
mem[X,0x000000008000AEF4] -> 0xC593
mem[X,0x000000008000AEF6] -> 0xFFF5
[1195] [M]: 0x000000008000AEF4 (0xFFF5C593) xori a1, a1, -0x1
x11 <- 0xFFFFFFFEFFFFFFFF
mem[X,0x000000008000AEF8] -> 0x0113
mem[X,0x000000008000AEFA] -> 0x0000
[1196] [M]: 0x000000008000AEF8 (0x00000113) addi sp, zero, 0x0
x2 <- 0x0000000000000000
mem[X,0x000000008000AEFC] -> 0x006F
mem[X,0x000000008000AEFE] -> 0x00C0
[1197] [M]: 0x000000008000AEFC (0x00C0006F) jal zero, 0xc
mem[X,0x000000008000AF08] -> 0x4063
mem[X,0x000000008000AF0A] -> 0x20B5
[1198] [M]: 0x000000008000AF08 (0x20B54063) blt a0, a1, 0x200
mem[X,0x000000008000AF0C] -> 0x0113
mem[X,0x000000008000AF0E] -> 0x0021
[1199] [M]: 0x000000008000AF0C (0x00210113) addi sp, sp, 0x2
x2 <- 0x0000000000000002
clint::tick mtime <- 0x000000000000000C
 clint timer pending at mtime 0x000000000000000C
htif::tick 0x0000000000000000
mem[X,0x000000008000AF10] -> 0x006F
mem[X,0x000000008000AF12] -> 0x2000
[1200] [M]: 0x000000008000AF10 (0x2000006F) jal zero, 0x200
mem[X,0x000000008000B110] -> 0xB423
mem[X,0x000000008000B112] -> 0x2620
[1201] [M]: 0x000000008000B110 (0x2620B423) sd sp, 0x268(ra)
mem[0x000000008004F440] <- 0x0000000000000002
mem[X,0x000000008000B114] -> 0x0513
mem[X,0x000000008000B116] -> 0xFF60
[1202] [M]: 0x000000008000B114 (0xFF600513) addi a0, zero, -0xa
x10 <- 0xFFFFFFFFFFFFFFF6
mem[X,0x000000008000B118] -> 0x0593
mem[X,0x000000008000B11A] -> 0x0010
[1203] [M]: 0x000000008000B118 (0x00100593) addi a1, zero, 0x1
x11 <- 0x0000000000000001
mem[X,0x000000008000B11C] -> 0x9593
mem[X,0x000000008000B11E] -> 0x0215
[1204] [M]: 0x000000008000B11C (0x02159593) slli a1, a1, 0x21
x11 <- 0x0000000200000000
mem[X,0x000000008000B120] -> 0xC593
mem[X,0x000000008000B122] -> 0xFFF5
[1205] [M]: 0x000000008000B120 (0xFFF5C593) xori a1, a1, -0x1
x11 <- 0xFFFFFFFDFFFFFFFF
mem[X,0x000000008000B124] -> 0x0113
mem[X,0x000000008000B126] -> 0x0000
[1206] [M]: 0x000000008000B124 (0x00000113) addi sp, zero, 0x0
x2 <- 0x0000000000000000
mem[X,0x000000008000B128] -> 0x006F
mem[X,0x000000008000B12A] -> 0x00C0
[1207] [M]: 0x000000008000B128 (0x00C0006F) jal zero, 0xc
mem[X,0x000000008000B134] -> 0x4863
mem[X,0x000000008000B136] -> 0x00B5
[1208] [M]: 0x000000008000B134 (0x00B54863) blt a0, a1, 0x10
mem[X,0x000000008000B138] -> 0x0113
mem[X,0x000000008000B13A] -> 0x0021
[1209] [M]: 0x000000008000B138 (0x00210113) addi sp, sp, 0x2
x2 <- 0x0000000000000002
mem[X,0x000000008000B13C] -> 0x006F
mem[X,0x000000008000B13E] -> 0x0100
[1210] [M]: 0x000000008000B13C (0x0100006F) jal zero, 0x10
mem[X,0x000000008000B14C] -> 0xB823
mem[X,0x000000008000B14E] -> 0x2620
[1211] [M]: 0x000000008000B14C (0x2620B823) sd sp, 0x270(ra)
mem[0x000000008004F448] <- 0x0000000000000002
mem[X,0x000000008000B150] -> 0x0513
mem[X,0x000000008000B152] -> 0xFF70
[1212] [M]: 0x000000008000B150 (0xFF700513) addi a0, zero, -0x9
x10 <- 0xFFFFFFFFFFFFFFF7
mem[X,0x000000008000B154] -> 0x0593
mem[X,0x000000008000B156] -> 0x0010
[1213] [M]: 0x000000008000B154 (0x00100593) addi a1, zero, 0x1
x11 <- 0x0000000000000001
mem[X,0x000000008000B158] -> 0x9593
mem[X,0x000000008000B15A] -> 0x0225
[1214] [M]: 0x000000008000B158 (0x02259593) slli a1, a1, 0x22
x11 <- 0x0000000400000000
mem[X,0x000000008000B15C] -> 0xC593
mem[X,0x000000008000B15E] -> 0xFFF5
[1215] [M]: 0x000000008000B15C (0xFFF5C593) xori a1, a1, -0x1
x11 <- 0xFFFFFFFBFFFFFFFF
mem[X,0x000000008000B160] -> 0x0113
mem[X,0x000000008000B162] -> 0x0000
[1216] [M]: 0x000000008000B160 (0x00000113) addi sp, zero, 0x0
x2 <- 0x0000000000000000
mem[X,0x000000008000B164] -> 0x006F
mem[X,0x000000008000B166] -> 0x00C0
[1217] [M]: 0x000000008000B164 (0x00C0006F) jal zero, 0xc
mem[X,0x000000008000B170] -> 0x4663
mem[X,0x000000008000B172] -> 0x00B5
[1218] [M]: 0x000000008000B170 (0x00B54663) blt a0, a1, 0xc
mem[X,0x000000008000B174] -> 0x0113
mem[X,0x000000008000B176] -> 0x0021
[1219] [M]: 0x000000008000B174 (0x00210113) addi sp, sp, 0x2
x2 <- 0x0000000000000002
mem[X,0x000000008000B178] -> 0x006F
mem[X,0x000000008000B17A] -> 0x00C0
[1220] [M]: 0x000000008000B178 (0x00C0006F) jal zero, 0xc
mem[X,0x000000008000B184] -> 0xBC23
mem[X,0x000000008000B186] -> 0x2620
[1221] [M]: 0x000000008000B184 (0x2620BC23) sd sp, 0x278(ra)
mem[0x000000008004F450] <- 0x0000000000000002
mem[X,0x000000008000B188] -> 0x0513
mem[X,0x000000008000B18A] -> 0x0010
[1222] [M]: 0x000000008000B188 (0x00100513) addi a0, zero, 0x1
x10 <- 0x0000000000000001
mem[X,0x000000008000B18C] -> 0x1513
mem[X,0x000000008000B18E] -> 0x00D5
[1223] [M]: 0x000000008000B18C (0x00D51513) slli a0, a0, 0xd
x10 <- 0x0000000000002000
mem[X,0x000000008000B190] -> 0x4513
mem[X,0x000000008000B192] -> 0xFFF5
[1224] [M]: 0x000000008000B190 (0xFFF54513) xori a0, a0, -0x1
x10 <- 0xFFFFFFFFFFFFDFFF
mem[X,0x000000008000B194] -> 0x0593
mem[X,0x000000008000B196] -> 0x0010
[1225] [M]: 0x000000008000B194 (0x00100593) addi a1, zero, 0x1
x11 <- 0x0000000000000001
mem[X,0x000000008000B198] -> 0x9593
mem[X,0x000000008000B19A] -> 0x0235
[1226] [M]: 0x000000008000B198 (0x02359593) slli a1, a1, 0x23
x11 <- 0x0000000800000000
mem[X,0x000000008000B19C] -> 0xC593
mem[X,0x000000008000B19E] -> 0xFFF5
[1227] [M]: 0x000000008000B19C (0xFFF5C593) xori a1, a1, -0x1
x11 <- 0xFFFFFFF7FFFFFFFF
mem[X,0x000000008000B1A0] -> 0x0113
mem[X,0x000000008000B1A2] -> 0x0000
[1228] [M]: 0x000000008000B1A0 (0x00000113) addi sp, zero, 0x0
x2 <- 0x0000000000000000
mem[X,0x000000008000B1A4] -> 0x006F
mem[X,0x000000008000B1A6] -> 0x00C0
[1229] [M]: 0x000000008000B1A4 (0x00C0006F) jal zero, 0xc
mem[X,0x000000008000B1B0] -> 0x4CE3
mem[X,0x000000008000B1B2] -> 0xFEB5
[1230] [M]: 0x000000008000B1B0 (0xFEB54CE3) blt a0, a1, -0x8
mem[X,0x000000008000B1B4] -> 0x0113
mem[X,0x000000008000B1B6] -> 0x0021
[1231] [M]: 0x000000008000B1B4 (0x00210113) addi sp, sp, 0x2
x2 <- 0x0000000000000002
mem[X,0x000000008000B1B8] -> 0x006F
mem[X,0x000000008000B1BA] -> 0x00C0
[1232] [M]: 0x000000008000B1B8 (0x00C0006F) jal zero, 0xc
mem[X,0x000000008000B1C4] -> 0xB023
mem[X,0x000000008000B1C6] -> 0x2820
[1233] [M]: 0x000000008000B1C4 (0x2820B023) sd sp, 0x280(ra)
mem[0x000000008004F458] <- 0x0000000000000002
mem[X,0x000000008000B1C8] -> 0x5537
mem[X,0x000000008000B1CA] -> 0x5555
[1234] [M]: 0x000000008000B1C8 (0x55555537) lui a0, 0x55555
x10 <- 0x0000000055555000
mem[X,0x000000008000B1CC] -> 0x0513
mem[X,0x000000008000B1CE] -> 0x5555
[1235] [M]: 0x000000008000B1CC (0x55550513) addi a0, a0, 0x555
x10 <- 0x0000000055555555
mem[X,0x000000008000B1D0] -> 0x1513
mem[X,0x000000008000B1D2] -> 0x00B5
[1236] [M]: 0x000000008000B1D0 (0x00B51513) slli a0, a0, 0xb
x10 <- 0x000002AAAAAAA800
mem[X,0x000000008000B1D4] -> 0x0513
mem[X,0x000000008000B1D6] -> 0x2AA5
[1237] [M]: 0x000000008000B1D4 (0x2AA50513) addi a0, a0, 0x2aa
x10 <- 0x000002AAAAAAAAAA
mem[X,0x000000008000B1D8] -> 0x1513
mem[X,0x000000008000B1DA] -> 0x00B5
[1238] [M]: 0x000000008000B1D8 (0x00B51513) slli a0, a0, 0xb
x10 <- 0x0015555555555000
mem[X,0x000000008000B1DC] -> 0x0513
mem[X,0x000000008000B1DE] -> 0x5555
[1239] [M]: 0x000000008000B1DC (0x55550513) addi a0, a0, 0x555
x10 <- 0x0015555555555555
mem[X,0x000000008000B1E0] -> 0x1513
mem[X,0x000000008000B1E2] -> 0x00A5
[1240] [M]: 0x000000008000B1E0 (0x00A51513) slli a0, a0, 0xa
x10 <- 0x5555555555555400
mem[X,0x000000008000B1E4] -> 0x0513
mem[X,0x000000008000B1E6] -> 0x1555
[1241] [M]: 0x000000008000B1E4 (0x15550513) addi a0, a0, 0x155
x10 <- 0x5555555555555555
mem[X,0x000000008000B1E8] -> 0x0593
mem[X,0x000000008000B1EA] -> 0x0010
[1242] [M]: 0x000000008000B1E8 (0x00100593) addi a1, zero, 0x1
x11 <- 0x0000000000000001
mem[X,0x000000008000B1EC] -> 0x9593
mem[X,0x000000008000B1EE] -> 0x0245
[1243] [M]: 0x000000008000B1EC (0x02459593) slli a1, a1, 0x24
x11 <- 0x0000001000000000
mem[X,0x000000008000B1F0] -> 0xC593
mem[X,0x000000008000B1F2] -> 0xFFF5
[1244] [M]: 0x000000008000B1F0 (0xFFF5C593) xori a1, a1, -0x1
x11 <- 0xFFFFFFEFFFFFFFFF
mem[X,0x000000008000B1F4] -> 0x0113
mem[X,0x000000008000B1F6] -> 0x0000
[1245] [M]: 0x000000008000B1F4 (0x00000113) addi sp, zero, 0x0
x2 <- 0x0000000000000000
mem[X,0x000000008000B1F8] -> 0x006F
mem[X,0x000000008000B1FA] -> 0x0180
[1246] [M]: 0x000000008000B1F8 (0x0180006F) jal zero, 0x18
mem[X,0x000000008000B210] -> 0x46E3
mem[X,0x000000008000B212] -> 0xFEB5
[1247] [M]: 0x000000008000B210 (0xFEB546E3) blt a0, a1, -0x14
mem[X,0x000000008000B214] -> 0x0113
mem[X,0x000000008000B216] -> 0x0021
[1248] [M]: 0x000000008000B214 (0x00210113) addi sp, sp, 0x2
x2 <- 0x0000000000000002
mem[X,0x000000008000B218] -> 0x006F
mem[X,0x000000008000B21A] -> 0x00C0
[1249] [M]: 0x000000008000B218 (0x00C0006F) jal zero, 0xc
mem[X,0x000000008000B224] -> 0xB423
mem[X,0x000000008000B226] -> 0x2820
[1250] [M]: 0x000000008000B224 (0x2820B423) sd sp, 0x288(ra)
mem[0x000000008004F460] <- 0x0000000000000002
mem[X,0x000000008000B228] -> 0x0513
mem[X,0x000000008000B22A] -> 0x0010
[1251] [M]: 0x000000008000B228 (0x00100513) addi a0, zero, 0x1
x10 <- 0x0000000000000001
mem[X,0x000000008000B22C] -> 0x1513
mem[X,0x000000008000B22E] -> 0x01A5
[1252] [M]: 0x000000008000B22C (0x01A51513) slli a0, a0, 0x1a
x10 <- 0x0000000004000000
mem[X,0x000000008000B230] -> 0x0593
mem[X,0x000000008000B232] -> 0x0010
[1253] [M]: 0x000000008000B230 (0x00100593) addi a1, zero, 0x1
x11 <- 0x0000000000000001
mem[X,0x000000008000B234] -> 0x9593
mem[X,0x000000008000B236] -> 0x0255
[1254] [M]: 0x000000008000B234 (0x02559593) slli a1, a1, 0x25
x11 <- 0x0000002000000000
mem[X,0x000000008000B238] -> 0xC593
mem[X,0x000000008000B23A] -> 0xFFF5
[1255] [M]: 0x000000008000B238 (0xFFF5C593) xori a1, a1, -0x1
x11 <- 0xFFFFFFDFFFFFFFFF
mem[X,0x000000008000B23C] -> 0x0113
mem[X,0x000000008000B23E] -> 0x0000
[1256] [M]: 0x000000008000B23C (0x00000113) addi sp, zero, 0x0
x2 <- 0x0000000000000000
mem[X,0x000000008000B240] -> 0x006F
mem[X,0x000000008000B242] -> 0x00C0
[1257] [M]: 0x000000008000B240 (0x00C0006F) jal zero, 0xc
mem[X,0x000000008000B24C] -> 0x4CE3
mem[X,0x000000008000B24E] -> 0xFEB5
[1258] [M]: 0x000000008000B24C (0xFEB54CE3) blt a0, a1, -0x8
mem[X,0x000000008000B250] -> 0x0113
mem[X,0x000000008000B252] -> 0x0021
[1259] [M]: 0x000000008000B250 (0x00210113) addi sp, sp, 0x2
x2 <- 0x0000000000000002
mem[X,0x000000008000B254] -> 0x006F
mem[X,0x000000008000B256] -> 0x00C0
[1260] [M]: 0x000000008000B254 (0x00C0006F) jal zero, 0xc
mem[X,0x000000008000B260] -> 0xB823
mem[X,0x000000008000B262] -> 0x2820
[1261] [M]: 0x000000008000B260 (0x2820B823) sd sp, 0x290(ra)
mem[0x000000008004F468] <- 0x0000000000000002
mem[X,0x000000008000B264] -> 0x0513
mem[X,0x000000008000B266] -> 0x0010
[1262] [M]: 0x000000008000B264 (0x00100513) addi a0, zero, 0x1
x10 <- 0x0000000000000001
mem[X,0x000000008000B268] -> 0x1513
mem[X,0x000000008000B26A] -> 0x0145
[1263] [M]: 0x000000008000B268 (0x01451513) slli a0, a0, 0x14
x10 <- 0x0000000000100000
mem[X,0x000000008000B26C] -> 0x4513
mem[X,0x000000008000B26E] -> 0xFFF5
[1264] [M]: 0x000000008000B26C (0xFFF54513) xori a0, a0, -0x1
x10 <- 0xFFFFFFFFFFEFFFFF
mem[X,0x000000008000B270] -> 0x0593
mem[X,0x000000008000B272] -> 0x0010
[1265] [M]: 0x000000008000B270 (0x00100593) addi a1, zero, 0x1
x11 <- 0x0000000000000001
mem[X,0x000000008000B274] -> 0x9593
mem[X,0x000000008000B276] -> 0x0275
[1266] [M]: 0x000000008000B274 (0x02759593) slli a1, a1, 0x27
x11 <- 0x0000008000000000
mem[X,0x000000008000B278] -> 0xC593
mem[X,0x000000008000B27A] -> 0xFFF5
[1267] [M]: 0x000000008000B278 (0xFFF5C593) xori a1, a1, -0x1
x11 <- 0xFFFFFF7FFFFFFFFF
mem[X,0x000000008000B27C] -> 0x0113
mem[X,0x000000008000B27E] -> 0x0000
[1268] [M]: 0x000000008000B27C (0x00000113) addi sp, zero, 0x0
x2 <- 0x0000000000000000
mem[X,0x000000008000B280] -> 0x006F
mem[X,0x000000008000B282] -> 0x00C0
[1269] [M]: 0x000000008000B280 (0x00C0006F) jal zero, 0xc
mem[X,0x000000008000B28C] -> 0x4063
mem[X,0x000000008000B28E] -> 0x20B5
[1270] [M]: 0x000000008000B28C (0x20B54063) blt a0, a1, 0x200
mem[X,0x000000008000B290] -> 0x0113
mem[X,0x000000008000B292] -> 0x0021
[1271] [M]: 0x000000008000B290 (0x00210113) addi sp, sp, 0x2
x2 <- 0x0000000000000002
mem[X,0x000000008000B294] -> 0x006F
mem[X,0x000000008000B296] -> 0x2000
[1272] [M]: 0x000000008000B294 (0x2000006F) jal zero, 0x200
mem[X,0x000000008000B494] -> 0xBC23
mem[X,0x000000008000B496] -> 0x2820
[1273] [M]: 0x000000008000B494 (0x2820BC23) sd sp, 0x298(ra)
mem[0x000000008004F470] <- 0x0000000000000002
mem[X,0x000000008000B498] -> 0x0513
mem[X,0x000000008000B49A] -> 0x0010
[1274] [M]: 0x000000008000B498 (0x00100513) addi a0, zero, 0x1
x10 <- 0x0000000000000001
mem[X,0x000000008000B49C] -> 0x1513
mem[X,0x000000008000B49E] -> 0x0395
[1275] [M]: 0x000000008000B49C (0x03951513) slli a0, a0, 0x39
x10 <- 0x0200000000000000
mem[X,0x000000008000B4A0] -> 0x0593
mem[X,0x000000008000B4A2] -> 0x0010
[1276] [M]: 0x000000008000B4A0 (0x00100593) addi a1, zero, 0x1
x11 <- 0x0000000000000001
mem[X,0x000000008000B4A4] -> 0x9593
mem[X,0x000000008000B4A6] -> 0x0285
[1277] [M]: 0x000000008000B4A4 (0x02859593) slli a1, a1, 0x28
x11 <- 0x0000010000000000
mem[X,0x000000008000B4A8] -> 0xC593
mem[X,0x000000008000B4AA] -> 0xFFF5
[1278] [M]: 0x000000008000B4A8 (0xFFF5C593) xori a1, a1, -0x1
x11 <- 0xFFFFFEFFFFFFFFFF
mem[X,0x000000008000B4AC] -> 0x0113
mem[X,0x000000008000B4AE] -> 0x0000
[1279] [M]: 0x000000008000B4AC (0x00000113) addi sp, zero, 0x0
x2 <- 0x0000000000000000
mem[X,0x000000008000B4B0] -> 0x006F
mem[X,0x000000008000B4B2] -> 0x00C0
[1280] [M]: 0x000000008000B4B0 (0x00C0006F) jal zero, 0xc
mem[X,0x000000008000B4BC] -> 0x4063
mem[X,0x000000008000B4BE] -> 0x20B5
[1281] [M]: 0x000000008000B4BC (0x20B54063) blt a0, a1, 0x200
mem[X,0x000000008000B4C0] -> 0x0113
mem[X,0x000000008000B4C2] -> 0x0021
[1282] [M]: 0x000000008000B4C0 (0x00210113) addi sp, sp, 0x2
x2 <- 0x0000000000000002
mem[X,0x000000008000B4C4] -> 0x006F
mem[X,0x000000008000B4C6] -> 0x2000
[1283] [M]: 0x000000008000B4C4 (0x2000006F) jal zero, 0x200
mem[X,0x000000008000B6C4] -> 0xB023
mem[X,0x000000008000B6C6] -> 0x2A20
[1284] [M]: 0x000000008000B6C4 (0x2A20B023) sd sp, 0x2a0(ra)
mem[0x000000008004F478] <- 0x0000000000000002
mem[X,0x000000008000B6C8] -> 0x0513
mem[X,0x000000008000B6CA] -> 0x0010
[1285] [M]: 0x000000008000B6C8 (0x00100513) addi a0, zero, 0x1
x10 <- 0x0000000000000001
mem[X,0x000000008000B6CC] -> 0x1513
mem[X,0x000000008000B6CE] -> 0x0295
[1286] [M]: 0x000000008000B6CC (0x02951513) slli a0, a0, 0x29
x10 <- 0x0000020000000000
mem[X,0x000000008000B6D0] -> 0x4513
mem[X,0x000000008000B6D2] -> 0xFFF5
[1287] [M]: 0x000000008000B6D0 (0xFFF54513) xori a0, a0, -0x1
x10 <- 0xFFFFFDFFFFFFFFFF
mem[X,0x000000008000B6D4] -> 0x0593
mem[X,0x000000008000B6D6] -> 0x0010
[1288] [M]: 0x000000008000B6D4 (0x00100593) addi a1, zero, 0x1
x11 <- 0x0000000000000001
mem[X,0x000000008000B6D8] -> 0x9593
mem[X,0x000000008000B6DA] -> 0x0295
[1289] [M]: 0x000000008000B6D8 (0x02959593) slli a1, a1, 0x29
x11 <- 0x0000020000000000
mem[X,0x000000008000B6DC] -> 0xC593
mem[X,0x000000008000B6DE] -> 0xFFF5
[1290] [M]: 0x000000008000B6DC (0xFFF5C593) xori a1, a1, -0x1
x11 <- 0xFFFFFDFFFFFFFFFF
mem[X,0x000000008000B6E0] -> 0x0113
mem[X,0x000000008000B6E2] -> 0x0000
[1291] [M]: 0x000000008000B6E0 (0x00000113) addi sp, zero, 0x0
x2 <- 0x0000000000000000
mem[X,0x000000008000B6E4] -> 0x006F
mem[X,0x000000008000B6E6] -> 0x00C0
[1292] [M]: 0x000000008000B6E4 (0x00C0006F) jal zero, 0xc
mem[X,0x000000008000B6F0] -> 0x4CE3
mem[X,0x000000008000B6F2] -> 0xFEB5
[1293] [M]: 0x000000008000B6F0 (0xFEB54CE3) blt a0, a1, -0x8
mem[X,0x000000008000B6F4] -> 0x0113
mem[X,0x000000008000B6F6] -> 0x0021
[1294] [M]: 0x000000008000B6F4 (0x00210113) addi sp, sp, 0x2
x2 <- 0x0000000000000002
mem[X,0x000000008000B6F8] -> 0x006F
mem[X,0x000000008000B6FA] -> 0x00C0
[1295] [M]: 0x000000008000B6F8 (0x00C0006F) jal zero, 0xc
mem[X,0x000000008000B704] -> 0xB423
mem[X,0x000000008000B706] -> 0x2A20
[1296] [M]: 0x000000008000B704 (0x2A20B423) sd sp, 0x2a8(ra)
mem[0x000000008004F480] <- 0x0000000000000002
mem[X,0x000000008000B708] -> 0x0537
mem[X,0x000000008000B70A] -> 0x0000
[1297] [M]: 0x000000008000B708 (0x00000537) lui a0, 0x0
x10 <- 0x0000000000000000
mem[X,0x000000008000B70C] -> 0x0513
mem[X,0x000000008000B70E] -> 0xFFF5
[1298] [M]: 0x000000008000B70C (0xFFF50513) addi a0, a0, -0x1
x10 <- 0xFFFFFFFFFFFFFFFF
mem[X,0x000000008000B710] -> 0x1513
mem[X,0x000000008000B712] -> 0x00B5
[1299] [M]: 0x000000008000B710 (0x00B51513) slli a0, a0, 0xb
x10 <- 0xFFFFFFFFFFFFF800
clint::tick mtime <- 0x000000000000000D
 clint timer pending at mtime 0x000000000000000D
htif::tick 0x0000000000000000
mem[X,0x000000008000B714] -> 0x0513
mem[X,0x000000008000B716] -> 0x2575
[1300] [M]: 0x000000008000B714 (0x25750513) addi a0, a0, 0x257
x10 <- 0xFFFFFFFFFFFFFA57
mem[X,0x000000008000B718] -> 0x1513
mem[X,0x000000008000B71A] -> 0x00B5
[1301] [M]: 0x000000008000B718 (0x00B51513) slli a0, a0, 0xb
x10 <- 0xFFFFFFFFFFD2B800
mem[X,0x000000008000B71C] -> 0x0513
mem[X,0x000000008000B71E] -> 0x6C35
[1302] [M]: 0x000000008000B71C (0x6C350513) addi a0, a0, 0x6c3
x10 <- 0xFFFFFFFFFFD2BEC3
mem[X,0x000000008000B720] -> 0x1513
mem[X,0x000000008000B722] -> 0x00A5
[1303] [M]: 0x000000008000B720 (0x00A51513) slli a0, a0, 0xa
x10 <- 0xFFFFFFFF4AFB0C00
mem[X,0x000000008000B724] -> 0x0513
mem[X,0x000000008000B726] -> 0x0CE5
[1304] [M]: 0x000000008000B724 (0x0CE50513) addi a0, a0, 0xce
x10 <- 0xFFFFFFFF4AFB0CCE
mem[X,0x000000008000B728] -> 0x0593
mem[X,0x000000008000B72A] -> 0x0010
[1305] [M]: 0x000000008000B728 (0x00100593) addi a1, zero, 0x1
x11 <- 0x0000000000000001
mem[X,0x000000008000B72C] -> 0x9593
mem[X,0x000000008000B72E] -> 0x02A5
[1306] [M]: 0x000000008000B72C (0x02A59593) slli a1, a1, 0x2a
x11 <- 0x0000040000000000
mem[X,0x000000008000B730] -> 0xC593
mem[X,0x000000008000B732] -> 0xFFF5
[1307] [M]: 0x000000008000B730 (0xFFF5C593) xori a1, a1, -0x1
x11 <- 0xFFFFFBFFFFFFFFFF
mem[X,0x000000008000B734] -> 0x0113
mem[X,0x000000008000B736] -> 0x0000
[1308] [M]: 0x000000008000B734 (0x00000113) addi sp, zero, 0x0
x2 <- 0x0000000000000000
mem[X,0x000000008000B738] -> 0x006F
mem[X,0x000000008000B73A] -> 0x00C0
[1309] [M]: 0x000000008000B738 (0x00C0006F) jal zero, 0xc
mem[X,0x000000008000B744] -> 0x4063
mem[X,0x000000008000B746] -> 0x02B5
[1310] [M]: 0x000000008000B744 (0x02B54063) blt a0, a1, 0x20
mem[X,0x000000008000B748] -> 0x0113
mem[X,0x000000008000B74A] -> 0x0021
[1311] [M]: 0x000000008000B748 (0x00210113) addi sp, sp, 0x2
x2 <- 0x0000000000000002
mem[X,0x000000008000B74C] -> 0x006F
mem[X,0x000000008000B74E] -> 0x0200
[1312] [M]: 0x000000008000B74C (0x0200006F) jal zero, 0x20
mem[X,0x000000008000B76C] -> 0xB823
mem[X,0x000000008000B76E] -> 0x2A20
[1313] [M]: 0x000000008000B76C (0x2A20B823) sd sp, 0x2b0(ra)
mem[0x000000008004F488] <- 0x0000000000000002
mem[X,0x000000008000B770] -> 0x0513
mem[X,0x000000008000B772] -> 0x0010
[1314] [M]: 0x000000008000B770 (0x00100513) addi a0, zero, 0x1
x10 <- 0x0000000000000001
mem[X,0x000000008000B774] -> 0x1513
mem[X,0x000000008000B776] -> 0x0235
[1315] [M]: 0x000000008000B774 (0x02351513) slli a0, a0, 0x23
x10 <- 0x0000000800000000
mem[X,0x000000008000B778] -> 0x4513
mem[X,0x000000008000B77A] -> 0xFFF5
[1316] [M]: 0x000000008000B778 (0xFFF54513) xori a0, a0, -0x1
x10 <- 0xFFFFFFF7FFFFFFFF
mem[X,0x000000008000B77C] -> 0x0593
mem[X,0x000000008000B77E] -> 0x0010
[1317] [M]: 0x000000008000B77C (0x00100593) addi a1, zero, 0x1
x11 <- 0x0000000000000001
mem[X,0x000000008000B780] -> 0x9593
mem[X,0x000000008000B782] -> 0x02B5
[1318] [M]: 0x000000008000B780 (0x02B59593) slli a1, a1, 0x2b
x11 <- 0x0000080000000000
mem[X,0x000000008000B784] -> 0xC593
mem[X,0x000000008000B786] -> 0xFFF5
[1319] [M]: 0x000000008000B784 (0xFFF5C593) xori a1, a1, -0x1
x11 <- 0xFFFFF7FFFFFFFFFF
mem[X,0x000000008000B788] -> 0x0113
mem[X,0x000000008000B78A] -> 0x0000
[1320] [M]: 0x000000008000B788 (0x00000113) addi sp, zero, 0x0
x2 <- 0x0000000000000000
mem[X,0x000000008000B78C] -> 0x006F
mem[X,0x000000008000B78E] -> 0x00C0
[1321] [M]: 0x000000008000B78C (0x00C0006F) jal zero, 0xc
mem[X,0x000000008000B798] -> 0x4CE3
mem[X,0x000000008000B79A] -> 0xFEB5
[1322] [M]: 0x000000008000B798 (0xFEB54CE3) blt a0, a1, -0x8
mem[X,0x000000008000B79C] -> 0x0113
mem[X,0x000000008000B79E] -> 0x0021
[1323] [M]: 0x000000008000B79C (0x00210113) addi sp, sp, 0x2
x2 <- 0x0000000000000002
mem[X,0x000000008000B7A0] -> 0x006F
mem[X,0x000000008000B7A2] -> 0x00C0
[1324] [M]: 0x000000008000B7A0 (0x00C0006F) jal zero, 0xc
mem[X,0x000000008000B7AC] -> 0xBC23
mem[X,0x000000008000B7AE] -> 0x2A20
[1325] [M]: 0x000000008000B7AC (0x2A20BC23) sd sp, 0x2b8(ra)
mem[0x000000008004F490] <- 0x0000000000000002
mem[X,0x000000008000B7B0] -> 0x6537
mem[X,0x000000008000B7B2] -> 0x6666
[1326] [M]: 0x000000008000B7B0 (0x66666537) lui a0, 0x66666
x10 <- 0x0000000066666000
mem[X,0x000000008000B7B4] -> 0x0513
mem[X,0x000000008000B7B6] -> 0x6665
[1327] [M]: 0x000000008000B7B4 (0x66650513) addi a0, a0, 0x666
x10 <- 0x0000000066666666
mem[X,0x000000008000B7B8] -> 0x1513
mem[X,0x000000008000B7BA] -> 0x00B5
[1328] [M]: 0x000000008000B7B8 (0x00B51513) slli a0, a0, 0xb
x10 <- 0x0000033333333000
mem[X,0x000000008000B7BC] -> 0x0513
mem[X,0x000000008000B7BE] -> 0x3335
[1329] [M]: 0x000000008000B7BC (0x33350513) addi a0, a0, 0x333
x10 <- 0x0000033333333333
mem[X,0x000000008000B7C0] -> 0x1513
mem[X,0x000000008000B7C2] -> 0x00B5
[1330] [M]: 0x000000008000B7C0 (0x00B51513) slli a0, a0, 0xb
x10 <- 0x0019999999999800
mem[X,0x000000008000B7C4] -> 0x0513
mem[X,0x000000008000B7C6] -> 0x1995
[1331] [M]: 0x000000008000B7C4 (0x19950513) addi a0, a0, 0x199
x10 <- 0x0019999999999999
mem[X,0x000000008000B7C8] -> 0x1513
mem[X,0x000000008000B7CA] -> 0x00A5
[1332] [M]: 0x000000008000B7C8 (0x00A51513) slli a0, a0, 0xa
x10 <- 0x6666666666666400
mem[X,0x000000008000B7CC] -> 0x0513
mem[X,0x000000008000B7CE] -> 0x2665
[1333] [M]: 0x000000008000B7CC (0x26650513) addi a0, a0, 0x266
x10 <- 0x6666666666666666
mem[X,0x000000008000B7D0] -> 0x0593
mem[X,0x000000008000B7D2] -> 0x0010
[1334] [M]: 0x000000008000B7D0 (0x00100593) addi a1, zero, 0x1
x11 <- 0x0000000000000001
mem[X,0x000000008000B7D4] -> 0x9593
mem[X,0x000000008000B7D6] -> 0x02C5
[1335] [M]: 0x000000008000B7D4 (0x02C59593) slli a1, a1, 0x2c
x11 <- 0x0000100000000000
mem[X,0x000000008000B7D8] -> 0xC593
mem[X,0x000000008000B7DA] -> 0xFFF5
[1336] [M]: 0x000000008000B7D8 (0xFFF5C593) xori a1, a1, -0x1
x11 <- 0xFFFFEFFFFFFFFFFF
mem[X,0x000000008000B7DC] -> 0x0113
mem[X,0x000000008000B7DE] -> 0x0000
[1337] [M]: 0x000000008000B7DC (0x00000113) addi sp, zero, 0x0
x2 <- 0x0000000000000000
mem[X,0x000000008000B7E0] -> 0x006F
mem[X,0x000000008000B7E2] -> 0x00C0
[1338] [M]: 0x000000008000B7E0 (0x00C0006F) jal zero, 0xc
mem[X,0x000000008000B7EC] -> 0x4863
mem[X,0x000000008000B7EE] -> 0x00B5
[1339] [M]: 0x000000008000B7EC (0x00B54863) blt a0, a1, 0x10
mem[X,0x000000008000B7F0] -> 0x0113
mem[X,0x000000008000B7F2] -> 0x0021
[1340] [M]: 0x000000008000B7F0 (0x00210113) addi sp, sp, 0x2
x2 <- 0x0000000000000002
mem[X,0x000000008000B7F4] -> 0x006F
mem[X,0x000000008000B7F6] -> 0x0100
[1341] [M]: 0x000000008000B7F4 (0x0100006F) jal zero, 0x10
mem[X,0x000000008000B804] -> 0xB023
mem[X,0x000000008000B806] -> 0x2C20
[1342] [M]: 0x000000008000B804 (0x2C20B023) sd sp, 0x2c0(ra)
mem[0x000000008004F498] <- 0x0000000000000002
mem[X,0x000000008000B808] -> 0x0513
mem[X,0x000000008000B80A] -> 0x0010
[1343] [M]: 0x000000008000B808 (0x00100513) addi a0, zero, 0x1
x10 <- 0x0000000000000001
mem[X,0x000000008000B80C] -> 0x1513
mem[X,0x000000008000B80E] -> 0x0235
[1344] [M]: 0x000000008000B80C (0x02351513) slli a0, a0, 0x23
x10 <- 0x0000000800000000
mem[X,0x000000008000B810] -> 0x4513
mem[X,0x000000008000B812] -> 0xFFF5
[1345] [M]: 0x000000008000B810 (0xFFF54513) xori a0, a0, -0x1
x10 <- 0xFFFFFFF7FFFFFFFF
mem[X,0x000000008000B814] -> 0x0593
mem[X,0x000000008000B816] -> 0x0010
[1346] [M]: 0x000000008000B814 (0x00100593) addi a1, zero, 0x1
x11 <- 0x0000000000000001
mem[X,0x000000008000B818] -> 0x9593
mem[X,0x000000008000B81A] -> 0x02D5
[1347] [M]: 0x000000008000B818 (0x02D59593) slli a1, a1, 0x2d
x11 <- 0x0000200000000000
mem[X,0x000000008000B81C] -> 0xC593
mem[X,0x000000008000B81E] -> 0xFFF5
[1348] [M]: 0x000000008000B81C (0xFFF5C593) xori a1, a1, -0x1
x11 <- 0xFFFFDFFFFFFFFFFF
mem[X,0x000000008000B820] -> 0x0113
mem[X,0x000000008000B822] -> 0x0000
[1349] [M]: 0x000000008000B820 (0x00000113) addi sp, zero, 0x0
x2 <- 0x0000000000000000
mem[X,0x000000008000B824] -> 0x006F
mem[X,0x000000008000B826] -> 0x00C0
[1350] [M]: 0x000000008000B824 (0x00C0006F) jal zero, 0xc
mem[X,0x000000008000B830] -> 0x4CE3
mem[X,0x000000008000B832] -> 0xFEB5
[1351] [M]: 0x000000008000B830 (0xFEB54CE3) blt a0, a1, -0x8
mem[X,0x000000008000B834] -> 0x0113
mem[X,0x000000008000B836] -> 0x0021
[1352] [M]: 0x000000008000B834 (0x00210113) addi sp, sp, 0x2
x2 <- 0x0000000000000002
mem[X,0x000000008000B838] -> 0x006F
mem[X,0x000000008000B83A] -> 0x00C0
[1353] [M]: 0x000000008000B838 (0x00C0006F) jal zero, 0xc
mem[X,0x000000008000B844] -> 0xB423
mem[X,0x000000008000B846] -> 0x2C20
[1354] [M]: 0x000000008000B844 (0x2C20B423) sd sp, 0x2c8(ra)
mem[0x000000008004F4A0] <- 0x0000000000000002
mem[X,0x000000008000B848] -> 0x0537
mem[X,0x000000008000B84A] -> 0x0000
[1355] [M]: 0x000000008000B848 (0x00000537) lui a0, 0x0
x10 <- 0x0000000000000000
mem[X,0x000000008000B84C] -> 0x0513
mem[X,0x000000008000B84E] -> 0x0005
[1356] [M]: 0x000000008000B84C (0x00050513) addi a0, a0, 0x0
x10 <- 0x0000000000000000
mem[X,0x000000008000B850] -> 0x1513
mem[X,0x000000008000B852] -> 0x00B5
[1357] [M]: 0x000000008000B850 (0x00B51513) slli a0, a0, 0xb
x10 <- 0x0000000000000000
mem[X,0x000000008000B854] -> 0x0513
mem[X,0x000000008000B856] -> 0x5A85
[1358] [M]: 0x000000008000B854 (0x5A850513) addi a0, a0, 0x5a8
x10 <- 0x00000000000005A8
mem[X,0x000000008000B858] -> 0x1513
mem[X,0x000000008000B85A] -> 0x00B5
[1359] [M]: 0x000000008000B858 (0x00B51513) slli a0, a0, 0xb
x10 <- 0x00000000002D4000
mem[X,0x000000008000B85C] -> 0x0513
mem[X,0x000000008000B85E] -> 0x13C5
[1360] [M]: 0x000000008000B85C (0x13C50513) addi a0, a0, 0x13c
x10 <- 0x00000000002D413C
mem[X,0x000000008000B860] -> 0x1513
mem[X,0x000000008000B862] -> 0x00A5
[1361] [M]: 0x000000008000B860 (0x00A51513) slli a0, a0, 0xa
x10 <- 0x00000000B504F000
mem[X,0x000000008000B864] -> 0x0513
mem[X,0x000000008000B866] -> 0x3335
[1362] [M]: 0x000000008000B864 (0x33350513) addi a0, a0, 0x333
x10 <- 0x00000000B504F333
mem[X,0x000000008000B868] -> 0x0593
mem[X,0x000000008000B86A] -> 0x0010
[1363] [M]: 0x000000008000B868 (0x00100593) addi a1, zero, 0x1
x11 <- 0x0000000000000001
mem[X,0x000000008000B86C] -> 0x9593
mem[X,0x000000008000B86E] -> 0x02E5
[1364] [M]: 0x000000008000B86C (0x02E59593) slli a1, a1, 0x2e
x11 <- 0x0000400000000000
mem[X,0x000000008000B870] -> 0xC593
mem[X,0x000000008000B872] -> 0xFFF5
[1365] [M]: 0x000000008000B870 (0xFFF5C593) xori a1, a1, -0x1
x11 <- 0xFFFFBFFFFFFFFFFF
mem[X,0x000000008000B874] -> 0x0113
mem[X,0x000000008000B876] -> 0x0000
[1366] [M]: 0x000000008000B874 (0x00000113) addi sp, zero, 0x0
x2 <- 0x0000000000000000
mem[X,0x000000008000B878] -> 0x006F
mem[X,0x000000008000B87A] -> 0x00C0
[1367] [M]: 0x000000008000B878 (0x00C0006F) jal zero, 0xc
mem[X,0x000000008000B884] -> 0x4063
mem[X,0x000000008000B886] -> 0x40B5
[1368] [M]: 0x000000008000B884 (0x40B54063) blt a0, a1, 0x400
mem[X,0x000000008000B888] -> 0x0113
mem[X,0x000000008000B88A] -> 0x0021
[1369] [M]: 0x000000008000B888 (0x00210113) addi sp, sp, 0x2
x2 <- 0x0000000000000002
mem[X,0x000000008000B88C] -> 0x006F
mem[X,0x000000008000B88E] -> 0x4000
[1370] [M]: 0x000000008000B88C (0x4000006F) jal zero, 0x400
mem[X,0x000000008000BC8C] -> 0xB823
mem[X,0x000000008000BC8E] -> 0x2C20
[1371] [M]: 0x000000008000BC8C (0x2C20B823) sd sp, 0x2d0(ra)
mem[0x000000008004F4A8] <- 0x0000000000000002
mem[X,0x000000008000BC90] -> 0x0513
mem[X,0x000000008000BC92] -> 0x0010
[1372] [M]: 0x000000008000BC90 (0x00100513) addi a0, zero, 0x1
x10 <- 0x0000000000000001
mem[X,0x000000008000BC94] -> 0x0593
mem[X,0x000000008000BC96] -> 0x0010
[1373] [M]: 0x000000008000BC94 (0x00100593) addi a1, zero, 0x1
x11 <- 0x0000000000000001
mem[X,0x000000008000BC98] -> 0x9593
mem[X,0x000000008000BC9A] -> 0x02F5
[1374] [M]: 0x000000008000BC98 (0x02F59593) slli a1, a1, 0x2f
x11 <- 0x0000800000000000
mem[X,0x000000008000BC9C] -> 0xC593
mem[X,0x000000008000BC9E] -> 0xFFF5
[1375] [M]: 0x000000008000BC9C (0xFFF5C593) xori a1, a1, -0x1
x11 <- 0xFFFF7FFFFFFFFFFF
mem[X,0x000000008000BCA0] -> 0x0113
mem[X,0x000000008000BCA2] -> 0x0000
[1376] [M]: 0x000000008000BCA0 (0x00000113) addi sp, zero, 0x0
x2 <- 0x0000000000000000
mem[X,0x000000008000BCA4] -> 0x006F
mem[X,0x000000008000BCA6] -> 0x0050
[1377] [M]: 0x000000008000BCA4 (0x0050006F) jal zero, 0x804
mem[X,0x000000008000C4A8] -> 0x40E3
mem[X,0x000000008000C4AA] -> 0x80B5
[1378] [M]: 0x000000008000C4A8 (0x80B540E3) blt a0, a1, -0x800
mem[X,0x000000008000C4AC] -> 0x0113
mem[X,0x000000008000C4AE] -> 0x0021
[1379] [M]: 0x000000008000C4AC (0x00210113) addi sp, sp, 0x2
x2 <- 0x0000000000000002
mem[X,0x000000008000C4B0] -> 0x006F
mem[X,0x000000008000C4B2] -> 0x00C0
[1380] [M]: 0x000000008000C4B0 (0x00C0006F) jal zero, 0xc
mem[X,0x000000008000C4BC] -> 0xBC23
mem[X,0x000000008000C4BE] -> 0x2C20
[1381] [M]: 0x000000008000C4BC (0x2C20BC23) sd sp, 0x2d8(ra)
mem[0x000000008004F4B0] <- 0x0000000000000002
mem[X,0x000000008000C4C0] -> 0x0513
mem[X,0x000000008000C4C2] -> 0x0010
[1382] [M]: 0x000000008000C4C0 (0x00100513) addi a0, zero, 0x1
x10 <- 0x0000000000000001
mem[X,0x000000008000C4C4] -> 0x1513
mem[X,0x000000008000C4C6] -> 0x02B5
[1383] [M]: 0x000000008000C4C4 (0x02B51513) slli a0, a0, 0x2b
x10 <- 0x0000080000000000
mem[X,0x000000008000C4C8] -> 0x0593
mem[X,0x000000008000C4CA] -> 0x0010
[1384] [M]: 0x000000008000C4C8 (0x00100593) addi a1, zero, 0x1
x11 <- 0x0000000000000001
mem[X,0x000000008000C4CC] -> 0x9593
mem[X,0x000000008000C4CE] -> 0x0305
[1385] [M]: 0x000000008000C4CC (0x03059593) slli a1, a1, 0x30
x11 <- 0x0001000000000000
mem[X,0x000000008000C4D0] -> 0xC593
mem[X,0x000000008000C4D2] -> 0xFFF5
[1386] [M]: 0x000000008000C4D0 (0xFFF5C593) xori a1, a1, -0x1
x11 <- 0xFFFEFFFFFFFFFFFF
mem[X,0x000000008000C4D4] -> 0x0113
mem[X,0x000000008000C4D6] -> 0x0000
[1387] [M]: 0x000000008000C4D4 (0x00000113) addi sp, zero, 0x0
x2 <- 0x0000000000000000
mem[X,0x000000008000C4D8] -> 0x006F
mem[X,0x000000008000C4DA] -> 0x00C0
[1388] [M]: 0x000000008000C4D8 (0x00C0006F) jal zero, 0xc
mem[X,0x000000008000C4E4] -> 0x4663
mem[X,0x000000008000C4E6] -> 0x00B5
[1389] [M]: 0x000000008000C4E4 (0x00B54663) blt a0, a1, 0xc
mem[X,0x000000008000C4E8] -> 0x0113
mem[X,0x000000008000C4EA] -> 0x0021
[1390] [M]: 0x000000008000C4E8 (0x00210113) addi sp, sp, 0x2
x2 <- 0x0000000000000002
mem[X,0x000000008000C4EC] -> 0x006F
mem[X,0x000000008000C4EE] -> 0x00C0
[1391] [M]: 0x000000008000C4EC (0x00C0006F) jal zero, 0xc
mem[X,0x000000008000C4F8] -> 0xB023
mem[X,0x000000008000C4FA] -> 0x2E20
[1392] [M]: 0x000000008000C4F8 (0x2E20B023) sd sp, 0x2e0(ra)
mem[0x000000008004F4B8] <- 0x0000000000000002
mem[X,0x000000008000C4FC] -> 0x0513
mem[X,0x000000008000C4FE] -> 0x0010
[1393] [M]: 0x000000008000C4FC (0x00100513) addi a0, zero, 0x1
x10 <- 0x0000000000000001
mem[X,0x000000008000C500] -> 0x1513
mem[X,0x000000008000C502] -> 0x0235
[1394] [M]: 0x000000008000C500 (0x02351513) slli a0, a0, 0x23
x10 <- 0x0000000800000000
mem[X,0x000000008000C504] -> 0x0593
mem[X,0x000000008000C506] -> 0x0010
[1395] [M]: 0x000000008000C504 (0x00100593) addi a1, zero, 0x1
x11 <- 0x0000000000000001
mem[X,0x000000008000C508] -> 0x9593
mem[X,0x000000008000C50A] -> 0x0315
[1396] [M]: 0x000000008000C508 (0x03159593) slli a1, a1, 0x31
x11 <- 0x0002000000000000
mem[X,0x000000008000C50C] -> 0xC593
mem[X,0x000000008000C50E] -> 0xFFF5
[1397] [M]: 0x000000008000C50C (0xFFF5C593) xori a1, a1, -0x1
x11 <- 0xFFFDFFFFFFFFFFFF
mem[X,0x000000008000C510] -> 0x0113
mem[X,0x000000008000C512] -> 0x0000
[1398] [M]: 0x000000008000C510 (0x00000113) addi sp, zero, 0x0
x2 <- 0x0000000000000000
mem[X,0x000000008000C514] -> 0x006F
mem[X,0x000000008000C516] -> 0x00C0
[1399] [M]: 0x000000008000C514 (0x00C0006F) jal zero, 0xc
clint::tick mtime <- 0x000000000000000E
 clint timer pending at mtime 0x000000000000000E
htif::tick 0x0000000000000000
mem[X,0x000000008000C520] -> 0x4CE3
mem[X,0x000000008000C522] -> 0xFEB5
[1400] [M]: 0x000000008000C520 (0xFEB54CE3) blt a0, a1, -0x8
mem[X,0x000000008000C524] -> 0x0113
mem[X,0x000000008000C526] -> 0x0021
[1401] [M]: 0x000000008000C524 (0x00210113) addi sp, sp, 0x2
x2 <- 0x0000000000000002
mem[X,0x000000008000C528] -> 0x006F
mem[X,0x000000008000C52A] -> 0x00C0
[1402] [M]: 0x000000008000C528 (0x00C0006F) jal zero, 0xc
mem[X,0x000000008000C534] -> 0xB423
mem[X,0x000000008000C536] -> 0x2E20
[1403] [M]: 0x000000008000C534 (0x2E20B423) sd sp, 0x2e8(ra)
mem[0x000000008004F4C0] <- 0x0000000000000002
mem[X,0x000000008000C538] -> 0x0513
mem[X,0x000000008000C53A] -> 0x0010
[1404] [M]: 0x000000008000C538 (0x00100513) addi a0, zero, 0x1
x10 <- 0x0000000000000001
mem[X,0x000000008000C53C] -> 0x1513
mem[X,0x000000008000C53E] -> 0x0315
[1405] [M]: 0x000000008000C53C (0x03151513) slli a0, a0, 0x31
x10 <- 0x0002000000000000
mem[X,0x000000008000C540] -> 0x0593
mem[X,0x000000008000C542] -> 0x0010
[1406] [M]: 0x000000008000C540 (0x00100593) addi a1, zero, 0x1
x11 <- 0x0000000000000001
mem[X,0x000000008000C544] -> 0x9593
mem[X,0x000000008000C546] -> 0x0325
[1407] [M]: 0x000000008000C544 (0x03259593) slli a1, a1, 0x32
x11 <- 0x0004000000000000
mem[X,0x000000008000C548] -> 0xC593
mem[X,0x000000008000C54A] -> 0xFFF5
[1408] [M]: 0x000000008000C548 (0xFFF5C593) xori a1, a1, -0x1
x11 <- 0xFFFBFFFFFFFFFFFF
mem[X,0x000000008000C54C] -> 0x0113
mem[X,0x000000008000C54E] -> 0x0000
[1409] [M]: 0x000000008000C54C (0x00000113) addi sp, zero, 0x0
x2 <- 0x0000000000000000
mem[X,0x000000008000C550] -> 0x006F
mem[X,0x000000008000C552] -> 0x00C0
[1410] [M]: 0x000000008000C550 (0x00C0006F) jal zero, 0xc
mem[X,0x000000008000C55C] -> 0x4663
mem[X,0x000000008000C55E] -> 0x00B5
[1411] [M]: 0x000000008000C55C (0x00B54663) blt a0, a1, 0xc
mem[X,0x000000008000C560] -> 0x0113
mem[X,0x000000008000C562] -> 0x0021
[1412] [M]: 0x000000008000C560 (0x00210113) addi sp, sp, 0x2
x2 <- 0x0000000000000002
mem[X,0x000000008000C564] -> 0x006F
mem[X,0x000000008000C566] -> 0x00C0
[1413] [M]: 0x000000008000C564 (0x00C0006F) jal zero, 0xc
mem[X,0x000000008000C570] -> 0xB823
mem[X,0x000000008000C572] -> 0x2E20
[1414] [M]: 0x000000008000C570 (0x2E20B823) sd sp, 0x2f0(ra)
mem[0x000000008004F4C8] <- 0x0000000000000002
mem[X,0x000000008000C574] -> 0x0513
mem[X,0x000000008000C576] -> 0x0010
[1415] [M]: 0x000000008000C574 (0x00100513) addi a0, zero, 0x1
x10 <- 0x0000000000000001
mem[X,0x000000008000C578] -> 0x1513
mem[X,0x000000008000C57A] -> 0x0145
[1416] [M]: 0x000000008000C578 (0x01451513) slli a0, a0, 0x14
x10 <- 0x0000000000100000
mem[X,0x000000008000C57C] -> 0x4513
mem[X,0x000000008000C57E] -> 0xFFF5
[1417] [M]: 0x000000008000C57C (0xFFF54513) xori a0, a0, -0x1
x10 <- 0xFFFFFFFFFFEFFFFF
mem[X,0x000000008000C580] -> 0x0593
mem[X,0x000000008000C582] -> 0x0010
[1418] [M]: 0x000000008000C580 (0x00100593) addi a1, zero, 0x1
x11 <- 0x0000000000000001
mem[X,0x000000008000C584] -> 0x9593
mem[X,0x000000008000C586] -> 0x0335
[1419] [M]: 0x000000008000C584 (0x03359593) slli a1, a1, 0x33
x11 <- 0x0008000000000000
mem[X,0x000000008000C588] -> 0xC593
mem[X,0x000000008000C58A] -> 0xFFF5
[1420] [M]: 0x000000008000C588 (0xFFF5C593) xori a1, a1, -0x1
x11 <- 0xFFF7FFFFFFFFFFFF
mem[X,0x000000008000C58C] -> 0x0113
mem[X,0x000000008000C58E] -> 0x0000
[1421] [M]: 0x000000008000C58C (0x00000113) addi sp, zero, 0x0
x2 <- 0x0000000000000000
mem[X,0x000000008000C590] -> 0x006F
mem[X,0x000000008000C592] -> 0x00C0
[1422] [M]: 0x000000008000C590 (0x00C0006F) jal zero, 0xc
mem[X,0x000000008000C59C] -> 0x4663
mem[X,0x000000008000C59E] -> 0x00B5
[1423] [M]: 0x000000008000C59C (0x00B54663) blt a0, a1, 0xc
mem[X,0x000000008000C5A0] -> 0x0113
mem[X,0x000000008000C5A2] -> 0x0021
[1424] [M]: 0x000000008000C5A0 (0x00210113) addi sp, sp, 0x2
x2 <- 0x0000000000000002
mem[X,0x000000008000C5A4] -> 0x006F
mem[X,0x000000008000C5A6] -> 0x00C0
[1425] [M]: 0x000000008000C5A4 (0x00C0006F) jal zero, 0xc
mem[X,0x000000008000C5B0] -> 0xBC23
mem[X,0x000000008000C5B2] -> 0x2E20
[1426] [M]: 0x000000008000C5B0 (0x2E20BC23) sd sp, 0x2f8(ra)
mem[0x000000008004F4D0] <- 0x0000000000000002
mem[X,0x000000008000C5B4] -> 0x0513
mem[X,0x000000008000C5B6] -> 0x0010
[1427] [M]: 0x000000008000C5B4 (0x00100513) addi a0, zero, 0x1
x10 <- 0x0000000000000001
mem[X,0x000000008000C5B8] -> 0x1513
mem[X,0x000000008000C5BA] -> 0x0135
[1428] [M]: 0x000000008000C5B8 (0x01351513) slli a0, a0, 0x13
x10 <- 0x0000000000080000
mem[X,0x000000008000C5BC] -> 0x4513
mem[X,0x000000008000C5BE] -> 0xFFF5
[1429] [M]: 0x000000008000C5BC (0xFFF54513) xori a0, a0, -0x1
x10 <- 0xFFFFFFFFFFF7FFFF
mem[X,0x000000008000C5C0] -> 0x0593
mem[X,0x000000008000C5C2] -> 0x0010
[1430] [M]: 0x000000008000C5C0 (0x00100593) addi a1, zero, 0x1
x11 <- 0x0000000000000001
mem[X,0x000000008000C5C4] -> 0x9593
mem[X,0x000000008000C5C6] -> 0x0345
[1431] [M]: 0x000000008000C5C4 (0x03459593) slli a1, a1, 0x34
x11 <- 0x0010000000000000
mem[X,0x000000008000C5C8] -> 0xC593
mem[X,0x000000008000C5CA] -> 0xFFF5
[1432] [M]: 0x000000008000C5C8 (0xFFF5C593) xori a1, a1, -0x1
x11 <- 0xFFEFFFFFFFFFFFFF
mem[X,0x000000008000C5CC] -> 0x0113
mem[X,0x000000008000C5CE] -> 0x0000
[1433] [M]: 0x000000008000C5CC (0x00000113) addi sp, zero, 0x0
x2 <- 0x0000000000000000
mem[X,0x000000008000C5D0] -> 0x006F
mem[X,0x000000008000C5D2] -> 0x00C0
[1434] [M]: 0x000000008000C5D0 (0x00C0006F) jal zero, 0xc
mem[X,0x000000008000C5DC] -> 0x4663
mem[X,0x000000008000C5DE] -> 0x00B5
[1435] [M]: 0x000000008000C5DC (0x00B54663) blt a0, a1, 0xc
mem[X,0x000000008000C5E0] -> 0x0113
mem[X,0x000000008000C5E2] -> 0x0021
[1436] [M]: 0x000000008000C5E0 (0x00210113) addi sp, sp, 0x2
x2 <- 0x0000000000000002
mem[X,0x000000008000C5E4] -> 0x006F
mem[X,0x000000008000C5E6] -> 0x00C0
[1437] [M]: 0x000000008000C5E4 (0x00C0006F) jal zero, 0xc
mem[X,0x000000008000C5F0] -> 0xB023
mem[X,0x000000008000C5F2] -> 0x3020
[1438] [M]: 0x000000008000C5F0 (0x3020B023) sd sp, 0x300(ra)
mem[0x000000008004F4D8] <- 0x0000000000000002
mem[X,0x000000008000C5F4] -> 0x0513
mem[X,0x000000008000C5F6] -> 0x0010
[1439] [M]: 0x000000008000C5F4 (0x00100513) addi a0, zero, 0x1
x10 <- 0x0000000000000001
mem[X,0x000000008000C5F8] -> 0x1513
mem[X,0x000000008000C5FA] -> 0x02B5
[1440] [M]: 0x000000008000C5F8 (0x02B51513) slli a0, a0, 0x2b
x10 <- 0x0000080000000000
mem[X,0x000000008000C5FC] -> 0x0593
mem[X,0x000000008000C5FE] -> 0x0010
[1441] [M]: 0x000000008000C5FC (0x00100593) addi a1, zero, 0x1
x11 <- 0x0000000000000001
mem[X,0x000000008000C600] -> 0x9593
mem[X,0x000000008000C602] -> 0x0355
[1442] [M]: 0x000000008000C600 (0x03559593) slli a1, a1, 0x35
x11 <- 0x0020000000000000
mem[X,0x000000008000C604] -> 0xC593
mem[X,0x000000008000C606] -> 0xFFF5
[1443] [M]: 0x000000008000C604 (0xFFF5C593) xori a1, a1, -0x1
x11 <- 0xFFDFFFFFFFFFFFFF
mem[X,0x000000008000C608] -> 0x0113
mem[X,0x000000008000C60A] -> 0x0000
[1444] [M]: 0x000000008000C608 (0x00000113) addi sp, zero, 0x0
x2 <- 0x0000000000000000
mem[X,0x000000008000C60C] -> 0x006F
mem[X,0x000000008000C60E] -> 0x00C0
[1445] [M]: 0x000000008000C60C (0x00C0006F) jal zero, 0xc
mem[X,0x000000008000C618] -> 0x4663
mem[X,0x000000008000C61A] -> 0x00B5
[1446] [M]: 0x000000008000C618 (0x00B54663) blt a0, a1, 0xc
mem[X,0x000000008000C61C] -> 0x0113
mem[X,0x000000008000C61E] -> 0x0021
[1447] [M]: 0x000000008000C61C (0x00210113) addi sp, sp, 0x2
x2 <- 0x0000000000000002
mem[X,0x000000008000C620] -> 0x006F
mem[X,0x000000008000C622] -> 0x00C0
[1448] [M]: 0x000000008000C620 (0x00C0006F) jal zero, 0xc
mem[X,0x000000008000C62C] -> 0xB423
mem[X,0x000000008000C62E] -> 0x3020
[1449] [M]: 0x000000008000C62C (0x3020B423) sd sp, 0x308(ra)
mem[0x000000008004F4E0] <- 0x0000000000000002
mem[X,0x000000008000C630] -> 0x0513
mem[X,0x000000008000C632] -> 0x0060
[1450] [M]: 0x000000008000C630 (0x00600513) addi a0, zero, 0x6
x10 <- 0x0000000000000006
mem[X,0x000000008000C634] -> 0x0593
mem[X,0x000000008000C636] -> 0x0010
[1451] [M]: 0x000000008000C634 (0x00100593) addi a1, zero, 0x1
x11 <- 0x0000000000000001
mem[X,0x000000008000C638] -> 0x9593
mem[X,0x000000008000C63A] -> 0x0365
[1452] [M]: 0x000000008000C638 (0x03659593) slli a1, a1, 0x36
x11 <- 0x0040000000000000
mem[X,0x000000008000C63C] -> 0xC593
mem[X,0x000000008000C63E] -> 0xFFF5
[1453] [M]: 0x000000008000C63C (0xFFF5C593) xori a1, a1, -0x1
x11 <- 0xFFBFFFFFFFFFFFFF
mem[X,0x000000008000C640] -> 0x0113
mem[X,0x000000008000C642] -> 0x0000
[1454] [M]: 0x000000008000C640 (0x00000113) addi sp, zero, 0x0
x2 <- 0x0000000000000000
mem[X,0x000000008000C644] -> 0x006F
mem[X,0x000000008000C646] -> 0x00C0
[1455] [M]: 0x000000008000C644 (0x00C0006F) jal zero, 0xc
mem[X,0x000000008000C650] -> 0x4CE3
mem[X,0x000000008000C652] -> 0xFEB5
[1456] [M]: 0x000000008000C650 (0xFEB54CE3) blt a0, a1, -0x8
mem[X,0x000000008000C654] -> 0x0113
mem[X,0x000000008000C656] -> 0x0021
[1457] [M]: 0x000000008000C654 (0x00210113) addi sp, sp, 0x2
x2 <- 0x0000000000000002
mem[X,0x000000008000C658] -> 0x006F
mem[X,0x000000008000C65A] -> 0x00C0
[1458] [M]: 0x000000008000C658 (0x00C0006F) jal zero, 0xc
mem[X,0x000000008000C664] -> 0xB823
mem[X,0x000000008000C666] -> 0x3020
[1459] [M]: 0x000000008000C664 (0x3020B823) sd sp, 0x310(ra)
mem[0x000000008004F4E8] <- 0x0000000000000002
mem[X,0x000000008000C668] -> 0x0513
mem[X,0x000000008000C66A] -> 0x0010
[1460] [M]: 0x000000008000C668 (0x00100513) addi a0, zero, 0x1
x10 <- 0x0000000000000001
mem[X,0x000000008000C66C] -> 0x1513
mem[X,0x000000008000C66E] -> 0x0335
[1461] [M]: 0x000000008000C66C (0x03351513) slli a0, a0, 0x33
x10 <- 0x0008000000000000
mem[X,0x000000008000C670] -> 0x0593
mem[X,0x000000008000C672] -> 0x0010
[1462] [M]: 0x000000008000C670 (0x00100593) addi a1, zero, 0x1
x11 <- 0x0000000000000001
mem[X,0x000000008000C674] -> 0x9593
mem[X,0x000000008000C676] -> 0x0375
[1463] [M]: 0x000000008000C674 (0x03759593) slli a1, a1, 0x37
x11 <- 0x0080000000000000
mem[X,0x000000008000C678] -> 0xC593
mem[X,0x000000008000C67A] -> 0xFFF5
[1464] [M]: 0x000000008000C678 (0xFFF5C593) xori a1, a1, -0x1
x11 <- 0xFF7FFFFFFFFFFFFF
mem[X,0x000000008000C67C] -> 0x0113
mem[X,0x000000008000C67E] -> 0x0000
[1465] [M]: 0x000000008000C67C (0x00000113) addi sp, zero, 0x0
x2 <- 0x0000000000000000
mem[X,0x000000008000C680] -> 0x006F
mem[X,0x000000008000C682] -> 0x2B10
[1466] [M]: 0x000000008000C680 (0x2B10006F) jal zero, 0xab0
mem[X,0x000000008000D130] -> 0x4A63
mem[X,0x000000008000D132] -> 0xD4B5
[1467] [M]: 0x000000008000D130 (0xD4B54A63) blt a0, a1, -0xaac
mem[X,0x000000008000D134] -> 0x0113
mem[X,0x000000008000D136] -> 0x0021
[1468] [M]: 0x000000008000D134 (0x00210113) addi sp, sp, 0x2
x2 <- 0x0000000000000002
mem[X,0x000000008000D138] -> 0x006F
mem[X,0x000000008000D13A] -> 0x00C0
[1469] [M]: 0x000000008000D138 (0x00C0006F) jal zero, 0xc
mem[X,0x000000008000D144] -> 0xBC23
mem[X,0x000000008000D146] -> 0x3020
[1470] [M]: 0x000000008000D144 (0x3020BC23) sd sp, 0x318(ra)
mem[0x000000008004F4F0] <- 0x0000000000000002
mem[X,0x000000008000D148] -> 0x3537
mem[X,0x000000008000D14A] -> 0x3333
[1471] [M]: 0x000000008000D148 (0x33333537) lui a0, 0x33333
x10 <- 0x0000000033333000
mem[X,0x000000008000D14C] -> 0x0513
mem[X,0x000000008000D14E] -> 0x3335
[1472] [M]: 0x000000008000D14C (0x33350513) addi a0, a0, 0x333
x10 <- 0x0000000033333333
mem[X,0x000000008000D150] -> 0x1513
mem[X,0x000000008000D152] -> 0x00B5
[1473] [M]: 0x000000008000D150 (0x00B51513) slli a0, a0, 0xb
x10 <- 0x0000019999999800
mem[X,0x000000008000D154] -> 0x0513
mem[X,0x000000008000D156] -> 0x1995
[1474] [M]: 0x000000008000D154 (0x19950513) addi a0, a0, 0x199
x10 <- 0x0000019999999999
mem[X,0x000000008000D158] -> 0x1513
mem[X,0x000000008000D15A] -> 0x00B5
[1475] [M]: 0x000000008000D158 (0x00B51513) slli a0, a0, 0xb
x10 <- 0x000CCCCCCCCCC800
mem[X,0x000000008000D15C] -> 0x0513
mem[X,0x000000008000D15E] -> 0x4CC5
[1476] [M]: 0x000000008000D15C (0x4CC50513) addi a0, a0, 0x4cc
x10 <- 0x000CCCCCCCCCCCCC
mem[X,0x000000008000D160] -> 0x1513
mem[X,0x000000008000D162] -> 0x00A5
[1477] [M]: 0x000000008000D160 (0x00A51513) slli a0, a0, 0xa
x10 <- 0x3333333333333000
mem[X,0x000000008000D164] -> 0x0513
mem[X,0x000000008000D166] -> 0x3345
[1478] [M]: 0x000000008000D164 (0x33450513) addi a0, a0, 0x334
x10 <- 0x3333333333333334
mem[X,0x000000008000D168] -> 0x0593
mem[X,0x000000008000D16A] -> 0x0010
[1479] [M]: 0x000000008000D168 (0x00100593) addi a1, zero, 0x1
x11 <- 0x0000000000000001
mem[X,0x000000008000D16C] -> 0x9593
mem[X,0x000000008000D16E] -> 0x0385
[1480] [M]: 0x000000008000D16C (0x03859593) slli a1, a1, 0x38
x11 <- 0x0100000000000000
mem[X,0x000000008000D170] -> 0xC593
mem[X,0x000000008000D172] -> 0xFFF5
[1481] [M]: 0x000000008000D170 (0xFFF5C593) xori a1, a1, -0x1
x11 <- 0xFEFFFFFFFFFFFFFF
mem[X,0x000000008000D174] -> 0x0113
mem[X,0x000000008000D176] -> 0x0000
[1482] [M]: 0x000000008000D174 (0x00000113) addi sp, zero, 0x0
x2 <- 0x0000000000000000
mem[X,0x000000008000D178] -> 0x006F
mem[X,0x000000008000D17A] -> 0x2B10
[1483] [M]: 0x000000008000D178 (0x2B10006F) jal zero, 0xab0
mem[X,0x000000008000DC28] -> 0x4A63
mem[X,0x000000008000DC2A] -> 0xD4B5
[1484] [M]: 0x000000008000DC28 (0xD4B54A63) blt a0, a1, -0xaac
mem[X,0x000000008000DC2C] -> 0x0113
mem[X,0x000000008000DC2E] -> 0x0021
[1485] [M]: 0x000000008000DC2C (0x00210113) addi sp, sp, 0x2
x2 <- 0x0000000000000002
mem[X,0x000000008000DC30] -> 0x006F
mem[X,0x000000008000DC32] -> 0x00C0
[1486] [M]: 0x000000008000DC30 (0x00C0006F) jal zero, 0xc
mem[X,0x000000008000DC3C] -> 0xB023
mem[X,0x000000008000DC3E] -> 0x3220
[1487] [M]: 0x000000008000DC3C (0x3220B023) sd sp, 0x320(ra)
mem[0x000000008004F4F8] <- 0x0000000000000002
mem[X,0x000000008000DC40] -> 0x0513
mem[X,0x000000008000DC42] -> 0x0010
[1488] [M]: 0x000000008000DC40 (0x00100513) addi a0, zero, 0x1
x10 <- 0x0000000000000001
mem[X,0x000000008000DC44] -> 0x1513
mem[X,0x000000008000DC46] -> 0x01B5
[1489] [M]: 0x000000008000DC44 (0x01B51513) slli a0, a0, 0x1b
x10 <- 0x0000000008000000
mem[X,0x000000008000DC48] -> 0x4513
mem[X,0x000000008000DC4A] -> 0xFFF5
[1490] [M]: 0x000000008000DC48 (0xFFF54513) xori a0, a0, -0x1
x10 <- 0xFFFFFFFFF7FFFFFF
mem[X,0x000000008000DC4C] -> 0x0593
mem[X,0x000000008000DC4E] -> 0x0010
[1491] [M]: 0x000000008000DC4C (0x00100593) addi a1, zero, 0x1
x11 <- 0x0000000000000001
mem[X,0x000000008000DC50] -> 0x9593
mem[X,0x000000008000DC52] -> 0x0395
[1492] [M]: 0x000000008000DC50 (0x03959593) slli a1, a1, 0x39
x11 <- 0x0200000000000000
mem[X,0x000000008000DC54] -> 0xC593
mem[X,0x000000008000DC56] -> 0xFFF5
[1493] [M]: 0x000000008000DC54 (0xFFF5C593) xori a1, a1, -0x1
x11 <- 0xFDFFFFFFFFFFFFFF
mem[X,0x000000008000DC58] -> 0x0113
mem[X,0x000000008000DC5A] -> 0x0000
[1494] [M]: 0x000000008000DC58 (0x00000113) addi sp, zero, 0x0
x2 <- 0x0000000000000000
mem[X,0x000000008000DC5C] -> 0x006F
mem[X,0x000000008000DC5E] -> 0x00C0
[1495] [M]: 0x000000008000DC5C (0x00C0006F) jal zero, 0xc
mem[X,0x000000008000DC68] -> 0x4663
mem[X,0x000000008000DC6A] -> 0x00B5
[1496] [M]: 0x000000008000DC68 (0x00B54663) blt a0, a1, 0xc
mem[X,0x000000008000DC6C] -> 0x0113
mem[X,0x000000008000DC6E] -> 0x0021
[1497] [M]: 0x000000008000DC6C (0x00210113) addi sp, sp, 0x2
x2 <- 0x0000000000000002
mem[X,0x000000008000DC70] -> 0x006F
mem[X,0x000000008000DC72] -> 0x00C0
[1498] [M]: 0x000000008000DC70 (0x00C0006F) jal zero, 0xc
mem[X,0x000000008000DC7C] -> 0xB423
mem[X,0x000000008000DC7E] -> 0x3220
[1499] [M]: 0x000000008000DC7C (0x3220B423) sd sp, 0x328(ra)
mem[0x000000008004F500] <- 0x0000000000000002
clint::tick mtime <- 0x000000000000000F
 clint timer pending at mtime 0x000000000000000F
htif::tick 0x0000000000000000
mem[X,0x000000008000DC80] -> 0x0513
mem[X,0x000000008000DC82] -> 0x0010
[1500] [M]: 0x000000008000DC80 (0x00100513) addi a0, zero, 0x1
x10 <- 0x0000000000000001
mem[X,0x000000008000DC84] -> 0x1513
mem[X,0x000000008000DC86] -> 0x0245
[1501] [M]: 0x000000008000DC84 (0x02451513) slli a0, a0, 0x24
x10 <- 0x0000001000000000
mem[X,0x000000008000DC88] -> 0x4513
mem[X,0x000000008000DC8A] -> 0xFFF5
[1502] [M]: 0x000000008000DC88 (0xFFF54513) xori a0, a0, -0x1
x10 <- 0xFFFFFFEFFFFFFFFF
mem[X,0x000000008000DC8C] -> 0x0593
mem[X,0x000000008000DC8E] -> 0x0010
[1503] [M]: 0x000000008000DC8C (0x00100593) addi a1, zero, 0x1
x11 <- 0x0000000000000001
mem[X,0x000000008000DC90] -> 0x9593
mem[X,0x000000008000DC92] -> 0x03A5
[1504] [M]: 0x000000008000DC90 (0x03A59593) slli a1, a1, 0x3a
x11 <- 0x0400000000000000
mem[X,0x000000008000DC94] -> 0xC593
mem[X,0x000000008000DC96] -> 0xFFF5
[1505] [M]: 0x000000008000DC94 (0xFFF5C593) xori a1, a1, -0x1
x11 <- 0xFBFFFFFFFFFFFFFF
mem[X,0x000000008000DC98] -> 0x0113
mem[X,0x000000008000DC9A] -> 0x0000
[1506] [M]: 0x000000008000DC98 (0x00000113) addi sp, zero, 0x0
x2 <- 0x0000000000000000
mem[X,0x000000008000DC9C] -> 0x006F
mem[X,0x000000008000DC9E] -> 0x00C0
[1507] [M]: 0x000000008000DC9C (0x00C0006F) jal zero, 0xc
mem[X,0x000000008000DCA8] -> 0x4663
mem[X,0x000000008000DCAA] -> 0x00B5
[1508] [M]: 0x000000008000DCA8 (0x00B54663) blt a0, a1, 0xc
mem[X,0x000000008000DCAC] -> 0x0113
mem[X,0x000000008000DCAE] -> 0x0021
[1509] [M]: 0x000000008000DCAC (0x00210113) addi sp, sp, 0x2
x2 <- 0x0000000000000002
mem[X,0x000000008000DCB0] -> 0x006F
mem[X,0x000000008000DCB2] -> 0x00C0
[1510] [M]: 0x000000008000DCB0 (0x00C0006F) jal zero, 0xc
mem[X,0x000000008000DCBC] -> 0xB823
mem[X,0x000000008000DCBE] -> 0x3220
[1511] [M]: 0x000000008000DCBC (0x3220B823) sd sp, 0x330(ra)
mem[0x000000008004F508] <- 0x0000000000000002
mem[X,0x000000008000DCC0] -> 0x0513
mem[X,0x000000008000DCC2] -> 0x0010
[1512] [M]: 0x000000008000DCC0 (0x00100513) addi a0, zero, 0x1
x10 <- 0x0000000000000001
mem[X,0x000000008000DCC4] -> 0x1513
mem[X,0x000000008000DCC6] -> 0x0285
[1513] [M]: 0x000000008000DCC4 (0x02851513) slli a0, a0, 0x28
x10 <- 0x0000010000000000
mem[X,0x000000008000DCC8] -> 0x0593
mem[X,0x000000008000DCCA] -> 0x0010
[1514] [M]: 0x000000008000DCC8 (0x00100593) addi a1, zero, 0x1
x11 <- 0x0000000000000001
mem[X,0x000000008000DCCC] -> 0x9593
mem[X,0x000000008000DCCE] -> 0x03B5
[1515] [M]: 0x000000008000DCCC (0x03B59593) slli a1, a1, 0x3b
x11 <- 0x0800000000000000
mem[X,0x000000008000DCD0] -> 0xC593
mem[X,0x000000008000DCD2] -> 0xFFF5
[1516] [M]: 0x000000008000DCD0 (0xFFF5C593) xori a1, a1, -0x1
x11 <- 0xF7FFFFFFFFFFFFFF
mem[X,0x000000008000DCD4] -> 0x0113
mem[X,0x000000008000DCD6] -> 0x0000
[1517] [M]: 0x000000008000DCD4 (0x00000113) addi sp, zero, 0x0
x2 <- 0x0000000000000000
mem[X,0x000000008000DCD8] -> 0x006F
mem[X,0x000000008000DCDA] -> 0x0180
[1518] [M]: 0x000000008000DCD8 (0x0180006F) jal zero, 0x18
mem[X,0x000000008000DCF0] -> 0x46E3
mem[X,0x000000008000DCF2] -> 0xFEB5
[1519] [M]: 0x000000008000DCF0 (0xFEB546E3) blt a0, a1, -0x14
mem[X,0x000000008000DCF4] -> 0x0113
mem[X,0x000000008000DCF6] -> 0x0021
[1520] [M]: 0x000000008000DCF4 (0x00210113) addi sp, sp, 0x2
x2 <- 0x0000000000000002
mem[X,0x000000008000DCF8] -> 0x006F
mem[X,0x000000008000DCFA] -> 0x00C0
[1521] [M]: 0x000000008000DCF8 (0x00C0006F) jal zero, 0xc
mem[X,0x000000008000DD04] -> 0xBC23
mem[X,0x000000008000DD06] -> 0x3220
[1522] [M]: 0x000000008000DD04 (0x3220BC23) sd sp, 0x338(ra)
mem[0x000000008004F510] <- 0x0000000000000002
mem[X,0x000000008000DD08] -> 0x0513
mem[X,0x000000008000DD0A] -> 0x0010
[1523] [M]: 0x000000008000DD08 (0x00100513) addi a0, zero, 0x1
x10 <- 0x0000000000000001
mem[X,0x000000008000DD0C] -> 0x1513
mem[X,0x000000008000DD0E] -> 0x0145
[1524] [M]: 0x000000008000DD0C (0x01451513) slli a0, a0, 0x14
x10 <- 0x0000000000100000
mem[X,0x000000008000DD10] -> 0x0593
mem[X,0x000000008000DD12] -> 0x0010
[1525] [M]: 0x000000008000DD10 (0x00100593) addi a1, zero, 0x1
x11 <- 0x0000000000000001
mem[X,0x000000008000DD14] -> 0x9593
mem[X,0x000000008000DD16] -> 0x03C5
[1526] [M]: 0x000000008000DD14 (0x03C59593) slli a1, a1, 0x3c
x11 <- 0x1000000000000000
mem[X,0x000000008000DD18] -> 0xC593
mem[X,0x000000008000DD1A] -> 0xFFF5
[1527] [M]: 0x000000008000DD18 (0xFFF5C593) xori a1, a1, -0x1
x11 <- 0xEFFFFFFFFFFFFFFF
mem[X,0x000000008000DD1C] -> 0x0113
mem[X,0x000000008000DD1E] -> 0x0000
[1528] [M]: 0x000000008000DD1C (0x00000113) addi sp, zero, 0x0
x2 <- 0x0000000000000000
mem[X,0x000000008000DD20] -> 0x006F
mem[X,0x000000008000DD22] -> 0x00C0
[1529] [M]: 0x000000008000DD20 (0x00C0006F) jal zero, 0xc
mem[X,0x000000008000DD2C] -> 0x4CE3
mem[X,0x000000008000DD2E] -> 0xFEB5
[1530] [M]: 0x000000008000DD2C (0xFEB54CE3) blt a0, a1, -0x8
mem[X,0x000000008000DD30] -> 0x0113
mem[X,0x000000008000DD32] -> 0x0021
[1531] [M]: 0x000000008000DD30 (0x00210113) addi sp, sp, 0x2
x2 <- 0x0000000000000002
mem[X,0x000000008000DD34] -> 0x006F
mem[X,0x000000008000DD36] -> 0x00C0
[1532] [M]: 0x000000008000DD34 (0x00C0006F) jal zero, 0xc
mem[X,0x000000008000DD40] -> 0xB023
mem[X,0x000000008000DD42] -> 0x3420
[1533] [M]: 0x000000008000DD40 (0x3420B023) sd sp, 0x340(ra)
mem[0x000000008004F518] <- 0x0000000000000002
mem[X,0x000000008000DD44] -> 0x0513
mem[X,0x000000008000DD46] -> 0x0010
[1534] [M]: 0x000000008000DD44 (0x00100513) addi a0, zero, 0x1
x10 <- 0x0000000000000001
mem[X,0x000000008000DD48] -> 0x1513
mem[X,0x000000008000DD4A] -> 0x03C5
[1535] [M]: 0x000000008000DD48 (0x03C51513) slli a0, a0, 0x3c
x10 <- 0x1000000000000000
mem[X,0x000000008000DD4C] -> 0x0593
mem[X,0x000000008000DD4E] -> 0x0010
[1536] [M]: 0x000000008000DD4C (0x00100593) addi a1, zero, 0x1
x11 <- 0x0000000000000001
mem[X,0x000000008000DD50] -> 0x9593
mem[X,0x000000008000DD52] -> 0x03D5
[1537] [M]: 0x000000008000DD50 (0x03D59593) slli a1, a1, 0x3d
x11 <- 0x2000000000000000
mem[X,0x000000008000DD54] -> 0xC593
mem[X,0x000000008000DD56] -> 0xFFF5
[1538] [M]: 0x000000008000DD54 (0xFFF5C593) xori a1, a1, -0x1
x11 <- 0xDFFFFFFFFFFFFFFF
mem[X,0x000000008000DD58] -> 0x0113
mem[X,0x000000008000DD5A] -> 0x0000
[1539] [M]: 0x000000008000DD58 (0x00000113) addi sp, zero, 0x0
x2 <- 0x0000000000000000
mem[X,0x000000008000DD5C] -> 0x006F
mem[X,0x000000008000DD5E] -> 0x00C0
[1540] [M]: 0x000000008000DD5C (0x00C0006F) jal zero, 0xc
mem[X,0x000000008000DD68] -> 0x4663
mem[X,0x000000008000DD6A] -> 0x00B5
[1541] [M]: 0x000000008000DD68 (0x00B54663) blt a0, a1, 0xc
mem[X,0x000000008000DD6C] -> 0x0113
mem[X,0x000000008000DD6E] -> 0x0021
[1542] [M]: 0x000000008000DD6C (0x00210113) addi sp, sp, 0x2
x2 <- 0x0000000000000002
mem[X,0x000000008000DD70] -> 0x006F
mem[X,0x000000008000DD72] -> 0x00C0
[1543] [M]: 0x000000008000DD70 (0x00C0006F) jal zero, 0xc
mem[X,0x000000008000DD7C] -> 0xB423
mem[X,0x000000008000DD7E] -> 0x3420
[1544] [M]: 0x000000008000DD7C (0x3420B423) sd sp, 0x348(ra)
mem[0x000000008004F520] <- 0x0000000000000002
mem[X,0x000000008000DD80] -> 0x0513
mem[X,0x000000008000DD82] -> 0x0010
[1545] [M]: 0x000000008000DD80 (0x00100513) addi a0, zero, 0x1
x10 <- 0x0000000000000001
mem[X,0x000000008000DD84] -> 0x1513
mem[X,0x000000008000DD86] -> 0x0125
[1546] [M]: 0x000000008000DD84 (0x01251513) slli a0, a0, 0x12
x10 <- 0x0000000000040000
mem[X,0x000000008000DD88] -> 0x0593
mem[X,0x000000008000DD8A] -> 0xFFF0
[1547] [M]: 0x000000008000DD88 (0xFFF00593) addi a1, zero, -0x1
x11 <- 0xFFFFFFFFFFFFFFFF
mem[X,0x000000008000DD8C] -> 0xD593
mem[X,0x000000008000DD8E] -> 0x0015
[1548] [M]: 0x000000008000DD8C (0x0015D593) srli a1, a1, 0x1
x11 <- 0x7FFFFFFFFFFFFFFF
mem[X,0x000000008000DD90] -> 0x0113
mem[X,0x000000008000DD92] -> 0x0000
[1549] [M]: 0x000000008000DD90 (0x00000113) addi sp, zero, 0x0
x2 <- 0x0000000000000000
mem[X,0x000000008000DD94] -> 0x006F
mem[X,0x000000008000DD96] -> 0x00C0
[1550] [M]: 0x000000008000DD94 (0x00C0006F) jal zero, 0xc
mem[X,0x000000008000DDA0] -> 0x4063
mem[X,0x000000008000DDA2] -> 0x04B5
[1551] [M]: 0x000000008000DDA0 (0x04B54063) blt a0, a1, 0x40
mem[X,0x000000008000DDE0] -> 0x0113
mem[X,0x000000008000DDE2] -> 0x0031
[1552] [M]: 0x000000008000DDE0 (0x00310113) addi sp, sp, 0x3
x2 <- 0x0000000000000003
mem[X,0x000000008000DDE4] -> 0x006F
mem[X,0x000000008000DDE6] -> 0x0040
[1553] [M]: 0x000000008000DDE4 (0x0040006F) jal zero, 0x4
mem[X,0x000000008000DDE8] -> 0xB823
mem[X,0x000000008000DDEA] -> 0x3420
[1554] [M]: 0x000000008000DDE8 (0x3420B823) sd sp, 0x350(ra)
mem[0x000000008004F528] <- 0x0000000000000003
mem[X,0x000000008000DDEC] -> 0x0513
mem[X,0x000000008000DDEE] -> 0x0010
[1555] [M]: 0x000000008000DDEC (0x00100513) addi a0, zero, 0x1
x10 <- 0x0000000000000001
mem[X,0x000000008000DDF0] -> 0x1513
mem[X,0x000000008000DDF2] -> 0x0135
[1556] [M]: 0x000000008000DDF0 (0x01351513) slli a0, a0, 0x13
x10 <- 0x0000000000080000
mem[X,0x000000008000DDF4] -> 0x4513
mem[X,0x000000008000DDF6] -> 0xFFF5
[1557] [M]: 0x000000008000DDF4 (0xFFF54513) xori a0, a0, -0x1
x10 <- 0xFFFFFFFFFFF7FFFF
mem[X,0x000000008000DDF8] -> 0xB5B7
mem[X,0x000000008000DDFA] -> 0xAAAA
[1558] [M]: 0x000000008000DDF8 (0xAAAAB5B7) lui a1, -0x55555
x11 <- 0xFFFFFFFFAAAAB000
mem[X,0x000000008000DDFC] -> 0x8593
mem[X,0x000000008000DDFE] -> 0xAAA5
[1559] [M]: 0x000000008000DDFC (0xAAA58593) addi a1, a1, -0x556
x11 <- 0xFFFFFFFFAAAAAAAA
mem[X,0x000000008000DE00] -> 0x9593
mem[X,0x000000008000DE02] -> 0x00B5
[1560] [M]: 0x000000008000DE00 (0x00B59593) slli a1, a1, 0xb
x11 <- 0xFFFFFD5555555000
mem[X,0x000000008000DE04] -> 0x8593
mem[X,0x000000008000DE06] -> 0x5555
[1561] [M]: 0x000000008000DE04 (0x55558593) addi a1, a1, 0x555
x11 <- 0xFFFFFD5555555555
mem[X,0x000000008000DE08] -> 0x9593
mem[X,0x000000008000DE0A] -> 0x00B5
[1562] [M]: 0x000000008000DE08 (0x00B59593) slli a1, a1, 0xb
x11 <- 0xFFEAAAAAAAAAA800
mem[X,0x000000008000DE0C] -> 0x8593
mem[X,0x000000008000DE0E] -> 0x2AA5
[1563] [M]: 0x000000008000DE0C (0x2AA58593) addi a1, a1, 0x2aa
x11 <- 0xFFEAAAAAAAAAAAAA
mem[X,0x000000008000DE10] -> 0x9593
mem[X,0x000000008000DE12] -> 0x00A5
[1564] [M]: 0x000000008000DE10 (0x00A59593) slli a1, a1, 0xa
x11 <- 0xAAAAAAAAAAAAA800
mem[X,0x000000008000DE14] -> 0x8593
mem[X,0x000000008000DE16] -> 0x2AA5
[1565] [M]: 0x000000008000DE14 (0x2AA58593) addi a1, a1, 0x2aa
x11 <- 0xAAAAAAAAAAAAAAAA
mem[X,0x000000008000DE18] -> 0x0113
mem[X,0x000000008000DE1A] -> 0x0000
[1566] [M]: 0x000000008000DE18 (0x00000113) addi sp, zero, 0x0
x2 <- 0x0000000000000000
mem[X,0x000000008000DE1C] -> 0x006F
mem[X,0x000000008000DE1E] -> 0x0050
[1567] [M]: 0x000000008000DE1C (0x0050006F) jal zero, 0x804
mem[X,0x000000008000E620] -> 0x40E3
mem[X,0x000000008000E622] -> 0x80B5
[1568] [M]: 0x000000008000E620 (0x80B540E3) blt a0, a1, -0x800
mem[X,0x000000008000E624] -> 0x0113
mem[X,0x000000008000E626] -> 0x0021
[1569] [M]: 0x000000008000E624 (0x00210113) addi sp, sp, 0x2
x2 <- 0x0000000000000002
mem[X,0x000000008000E628] -> 0x006F
mem[X,0x000000008000E62A] -> 0x00C0
[1570] [M]: 0x000000008000E628 (0x00C0006F) jal zero, 0xc
mem[X,0x000000008000E634] -> 0xBC23
mem[X,0x000000008000E636] -> 0x3420
[1571] [M]: 0x000000008000E634 (0x3420BC23) sd sp, 0x358(ra)
mem[0x000000008004F530] <- 0x0000000000000002
mem[X,0x000000008000E638] -> 0x0513
mem[X,0x000000008000E63A] -> 0x0080
[1572] [M]: 0x000000008000E638 (0x00800513) addi a0, zero, 0x8
x10 <- 0x0000000000000008
mem[X,0x000000008000E63C] -> 0x0593
mem[X,0x000000008000E63E] -> 0x0010
[1573] [M]: 0x000000008000E63C (0x00100593) addi a1, zero, 0x1
x11 <- 0x0000000000000001
mem[X,0x000000008000E640] -> 0x9593
mem[X,0x000000008000E642] -> 0x0325
[1574] [M]: 0x000000008000E640 (0x03259593) slli a1, a1, 0x32
x11 <- 0x0004000000000000
mem[X,0x000000008000E644] -> 0xC593
mem[X,0x000000008000E646] -> 0xFFF5
[1575] [M]: 0x000000008000E644 (0xFFF5C593) xori a1, a1, -0x1
x11 <- 0xFFFBFFFFFFFFFFFF
mem[X,0x000000008000E648] -> 0x0113
mem[X,0x000000008000E64A] -> 0x0000
[1576] [M]: 0x000000008000E648 (0x00000113) addi sp, zero, 0x0
x2 <- 0x0000000000000000
mem[X,0x000000008000E64C] -> 0x006F
mem[X,0x000000008000E64E] -> 0x00C0
[1577] [M]: 0x000000008000E64C (0x00C0006F) jal zero, 0xc
mem[X,0x000000008000E658] -> 0x4663
mem[X,0x000000008000E65A] -> 0x00B5
[1578] [M]: 0x000000008000E658 (0x00B54663) blt a0, a1, 0xc
mem[X,0x000000008000E65C] -> 0x0113
mem[X,0x000000008000E65E] -> 0x0021
[1579] [M]: 0x000000008000E65C (0x00210113) addi sp, sp, 0x2
x2 <- 0x0000000000000002
mem[X,0x000000008000E660] -> 0x006F
mem[X,0x000000008000E662] -> 0x00C0
[1580] [M]: 0x000000008000E660 (0x00C0006F) jal zero, 0xc
mem[X,0x000000008000E66C] -> 0xB023
mem[X,0x000000008000E66E] -> 0x3620
[1581] [M]: 0x000000008000E66C (0x3620B023) sd sp, 0x360(ra)
mem[0x000000008004F538] <- 0x0000000000000002
mem[X,0x000000008000E670] -> 0x0513
mem[X,0x000000008000E672] -> 0x0100
[1582] [M]: 0x000000008000E670 (0x01000513) addi a0, zero, 0x10
x10 <- 0x0000000000000010
mem[X,0x000000008000E674] -> 0x0593
mem[X,0x000000008000E676] -> 0x0010
[1583] [M]: 0x000000008000E674 (0x00100593) addi a1, zero, 0x1
x11 <- 0x0000000000000001
mem[X,0x000000008000E678] -> 0x9593
mem[X,0x000000008000E67A] -> 0x03B5
[1584] [M]: 0x000000008000E678 (0x03B59593) slli a1, a1, 0x3b
x11 <- 0x0800000000000000
mem[X,0x000000008000E67C] -> 0x0113
mem[X,0x000000008000E67E] -> 0x0000
[1585] [M]: 0x000000008000E67C (0x00000113) addi sp, zero, 0x0
x2 <- 0x0000000000000000
mem[X,0x000000008000E680] -> 0x006F
mem[X,0x000000008000E682] -> 0x0100
[1586] [M]: 0x000000008000E680 (0x0100006F) jal zero, 0x10
mem[X,0x000000008000E690] -> 0x4AE3
mem[X,0x000000008000E692] -> 0xFEB5
[1587] [M]: 0x000000008000E690 (0xFEB54AE3) blt a0, a1, -0xc
mem[X,0x000000008000E684] -> 0x0113
mem[X,0x000000008000E686] -> 0x0011
[1588] [M]: 0x000000008000E684 (0x00110113) addi sp, sp, 0x1
x2 <- 0x0000000000000001
mem[X,0x000000008000E688] -> 0x006F
mem[X,0x000000008000E68A] -> 0x01C0
[1589] [M]: 0x000000008000E688 (0x01C0006F) jal zero, 0x1c
mem[X,0x000000008000E6A4] -> 0xB423
mem[X,0x000000008000E6A6] -> 0x3620
[1590] [M]: 0x000000008000E6A4 (0x3620B423) sd sp, 0x368(ra)
mem[0x000000008004F540] <- 0x0000000000000001
mem[X,0x000000008000E6A8] -> 0x0513
mem[X,0x000000008000E6AA] -> 0x0800
[1591] [M]: 0x000000008000E6A8 (0x08000513) addi a0, zero, 0x80
x10 <- 0x0000000000000080
mem[X,0x000000008000E6AC] -> 0x0593
mem[X,0x000000008000E6AE] -> 0x0010
[1592] [M]: 0x000000008000E6AC (0x00100593) addi a1, zero, 0x1
x11 <- 0x0000000000000001
mem[X,0x000000008000E6B0] -> 0x9593
mem[X,0x000000008000E6B2] -> 0x0205
[1593] [M]: 0x000000008000E6B0 (0x02059593) slli a1, a1, 0x20
x11 <- 0x0000000100000000
mem[X,0x000000008000E6B4] -> 0x0113
mem[X,0x000000008000E6B6] -> 0x0000
[1594] [M]: 0x000000008000E6B4 (0x00000113) addi sp, zero, 0x0
x2 <- 0x0000000000000000
mem[X,0x000000008000E6B8] -> 0x006F
mem[X,0x000000008000E6BA] -> 0x00C0
[1595] [M]: 0x000000008000E6B8 (0x00C0006F) jal zero, 0xc
mem[X,0x000000008000E6C4] -> 0x4863
mem[X,0x000000008000E6C6] -> 0x00B5
[1596] [M]: 0x000000008000E6C4 (0x00B54863) blt a0, a1, 0x10
mem[X,0x000000008000E6D4] -> 0x0113
mem[X,0x000000008000E6D6] -> 0x0031
[1597] [M]: 0x000000008000E6D4 (0x00310113) addi sp, sp, 0x3
x2 <- 0x0000000000000003
mem[X,0x000000008000E6D8] -> 0x006F
mem[X,0x000000008000E6DA] -> 0x0040
[1598] [M]: 0x000000008000E6D8 (0x0040006F) jal zero, 0x4
mem[X,0x000000008000E6DC] -> 0xB823
mem[X,0x000000008000E6DE] -> 0x3620
[1599] [M]: 0x000000008000E6DC (0x3620B823) sd sp, 0x370(ra)
mem[0x000000008004F548] <- 0x0000000000000003
clint::tick mtime <- 0x0000000000000010
 clint timer pending at mtime 0x0000000000000010
htif::tick 0x0000000000000000
mem[X,0x000000008000E6E0] -> 0x0513
mem[X,0x000000008000E6E2] -> 0x4000
[1600] [M]: 0x000000008000E6E0 (0x40000513) addi a0, zero, 0x400
x10 <- 0x0000000000000400
mem[X,0x000000008000E6E4] -> 0x0593
mem[X,0x000000008000E6E6] -> 0x0010
[1601] [M]: 0x000000008000E6E4 (0x00100593) addi a1, zero, 0x1
x11 <- 0x0000000000000001
mem[X,0x000000008000E6E8] -> 0x9593
mem[X,0x000000008000E6EA] -> 0x0315
[1602] [M]: 0x000000008000E6E8 (0x03159593) slli a1, a1, 0x31
x11 <- 0x0002000000000000
mem[X,0x000000008000E6EC] -> 0x0113
mem[X,0x000000008000E6EE] -> 0x0000
[1603] [M]: 0x000000008000E6EC (0x00000113) addi sp, zero, 0x0
x2 <- 0x0000000000000000
mem[X,0x000000008000E6F0] -> 0x006F
mem[X,0x000000008000E6F2] -> 0x0180
[1604] [M]: 0x000000008000E6F0 (0x0180006F) jal zero, 0x18
mem[X,0x000000008000E708] -> 0x46E3
mem[X,0x000000008000E70A] -> 0xFEB5
[1605] [M]: 0x000000008000E708 (0xFEB546E3) blt a0, a1, -0x14
mem[X,0x000000008000E6F4] -> 0x0113
mem[X,0x000000008000E6F6] -> 0x0011
[1606] [M]: 0x000000008000E6F4 (0x00110113) addi sp, sp, 0x1
x2 <- 0x0000000000000001
mem[X,0x000000008000E6F8] -> 0x006F
mem[X,0x000000008000E6FA] -> 0x0240
[1607] [M]: 0x000000008000E6F8 (0x0240006F) jal zero, 0x24
mem[X,0x000000008000E71C] -> 0xBC23
mem[X,0x000000008000E71E] -> 0x3620
[1608] [M]: 0x000000008000E71C (0x3620BC23) sd sp, 0x378(ra)
mem[0x000000008004F550] <- 0x0000000000000001
mem[X,0x000000008000E720] -> 0x0513
mem[X,0x000000008000E722] -> 0x0010
[1609] [M]: 0x000000008000E720 (0x00100513) addi a0, zero, 0x1
x10 <- 0x0000000000000001
mem[X,0x000000008000E724] -> 0x1513
mem[X,0x000000008000E726] -> 0x00B5
[1610] [M]: 0x000000008000E724 (0x00B51513) slli a0, a0, 0xb
x10 <- 0x0000000000000800
mem[X,0x000000008000E728] -> 0x0593
mem[X,0x000000008000E72A] -> 0x0010
[1611] [M]: 0x000000008000E728 (0x00100593) addi a1, zero, 0x1
x11 <- 0x0000000000000001
mem[X,0x000000008000E72C] -> 0x9593
mem[X,0x000000008000E72E] -> 0x03C5
[1612] [M]: 0x000000008000E72C (0x03C59593) slli a1, a1, 0x3c
x11 <- 0x1000000000000000
mem[X,0x000000008000E730] -> 0x0113
mem[X,0x000000008000E732] -> 0x0000
[1613] [M]: 0x000000008000E730 (0x00000113) addi sp, zero, 0x0
x2 <- 0x0000000000000000
mem[X,0x000000008000E734] -> 0x006F
mem[X,0x000000008000E736] -> 0x00C0
[1614] [M]: 0x000000008000E734 (0x00C0006F) jal zero, 0xc
mem[X,0x000000008000E740] -> 0x4863
mem[X,0x000000008000E742] -> 0x00B5
[1615] [M]: 0x000000008000E740 (0x00B54863) blt a0, a1, 0x10
mem[X,0x000000008000E750] -> 0x0113
mem[X,0x000000008000E752] -> 0x0031
[1616] [M]: 0x000000008000E750 (0x00310113) addi sp, sp, 0x3
x2 <- 0x0000000000000003
mem[X,0x000000008000E754] -> 0x006F
mem[X,0x000000008000E756] -> 0x0040
[1617] [M]: 0x000000008000E754 (0x0040006F) jal zero, 0x4
mem[X,0x000000008000E758] -> 0xB023
mem[X,0x000000008000E75A] -> 0x3820
[1618] [M]: 0x000000008000E758 (0x3820B023) sd sp, 0x380(ra)
mem[0x000000008004F558] <- 0x0000000000000003
mem[X,0x000000008000E75C] -> 0x0513
mem[X,0x000000008000E75E] -> 0x0010
[1619] [M]: 0x000000008000E75C (0x00100513) addi a0, zero, 0x1
x10 <- 0x0000000000000001
mem[X,0x000000008000E760] -> 0x1513
mem[X,0x000000008000E762] -> 0x00D5
[1620] [M]: 0x000000008000E760 (0x00D51513) slli a0, a0, 0xd
x10 <- 0x0000000000002000
mem[X,0x000000008000E764] -> 0x0593
mem[X,0x000000008000E766] -> 0x0400
[1621] [M]: 0x000000008000E764 (0x04000593) addi a1, zero, 0x40
x11 <- 0x0000000000000040
mem[X,0x000000008000E768] -> 0x0113
mem[X,0x000000008000E76A] -> 0x0000
[1622] [M]: 0x000000008000E768 (0x00000113) addi sp, zero, 0x0
x2 <- 0x0000000000000000
mem[X,0x000000008000E76C] -> 0x006F
mem[X,0x000000008000E76E] -> 0x00C0
[1623] [M]: 0x000000008000E76C (0x00C0006F) jal zero, 0xc
mem[X,0x000000008000E778] -> 0x4063
mem[X,0x000000008000E77A] -> 0x02B5
[1624] [M]: 0x000000008000E778 (0x02B54063) blt a0, a1, 0x20
mem[X,0x000000008000E77C] -> 0x0113
mem[X,0x000000008000E77E] -> 0x0021
[1625] [M]: 0x000000008000E77C (0x00210113) addi sp, sp, 0x2
x2 <- 0x0000000000000002
mem[X,0x000000008000E780] -> 0x006F
mem[X,0x000000008000E782] -> 0x0200
[1626] [M]: 0x000000008000E780 (0x0200006F) jal zero, 0x20
mem[X,0x000000008000E7A0] -> 0xB423
mem[X,0x000000008000E7A2] -> 0x3820
[1627] [M]: 0x000000008000E7A0 (0x3820B423) sd sp, 0x388(ra)
mem[0x000000008004F560] <- 0x0000000000000002
mem[X,0x000000008000E7A4] -> 0x0513
mem[X,0x000000008000E7A6] -> 0x0010
[1628] [M]: 0x000000008000E7A4 (0x00100513) addi a0, zero, 0x1
x10 <- 0x0000000000000001
mem[X,0x000000008000E7A8] -> 0x1513
mem[X,0x000000008000E7AA] -> 0x00E5
[1629] [M]: 0x000000008000E7A8 (0x00E51513) slli a0, a0, 0xe
x10 <- 0x0000000000004000
mem[X,0x000000008000E7AC] -> 0x0593
mem[X,0x000000008000E7AE] -> 0xFDF0
[1630] [M]: 0x000000008000E7AC (0xFDF00593) addi a1, zero, -0x21
x11 <- 0xFFFFFFFFFFFFFFDF
mem[X,0x000000008000E7B0] -> 0x0113
mem[X,0x000000008000E7B2] -> 0x0000
[1631] [M]: 0x000000008000E7B0 (0x00000113) addi sp, zero, 0x0
x2 <- 0x0000000000000000
mem[X,0x000000008000E7B4] -> 0x006F
mem[X,0x000000008000E7B6] -> 0x00C0
[1632] [M]: 0x000000008000E7B4 (0x00C0006F) jal zero, 0xc
mem[X,0x000000008000E7C0] -> 0x4063
mem[X,0x000000008000E7C2] -> 0x04B5
[1633] [M]: 0x000000008000E7C0 (0x04B54063) blt a0, a1, 0x40
mem[X,0x000000008000E7C4] -> 0x0113
mem[X,0x000000008000E7C6] -> 0x0021
[1634] [M]: 0x000000008000E7C4 (0x00210113) addi sp, sp, 0x2
x2 <- 0x0000000000000002
mem[X,0x000000008000E7C8] -> 0x006F
mem[X,0x000000008000E7CA] -> 0x0400
[1635] [M]: 0x000000008000E7C8 (0x0400006F) jal zero, 0x40
mem[X,0x000000008000E808] -> 0xB823
mem[X,0x000000008000E80A] -> 0x3820
[1636] [M]: 0x000000008000E808 (0x3820B823) sd sp, 0x390(ra)
mem[0x000000008004F568] <- 0x0000000000000002
mem[X,0x000000008000E80C] -> 0x0513
mem[X,0x000000008000E80E] -> 0x0010
[1637] [M]: 0x000000008000E80C (0x00100513) addi a0, zero, 0x1
x10 <- 0x0000000000000001
mem[X,0x000000008000E810] -> 0x1513
mem[X,0x000000008000E812] -> 0x00F5
[1638] [M]: 0x000000008000E810 (0x00F51513) slli a0, a0, 0xf
x10 <- 0x0000000000008000
mem[X,0x000000008000E814] -> 0x0593
mem[X,0x000000008000E816] -> 0x0010
[1639] [M]: 0x000000008000E814 (0x00100593) addi a1, zero, 0x1
x11 <- 0x0000000000000001
mem[X,0x000000008000E818] -> 0x9593
mem[X,0x000000008000E81A] -> 0x03C5
[1640] [M]: 0x000000008000E818 (0x03C59593) slli a1, a1, 0x3c
x11 <- 0x1000000000000000
mem[X,0x000000008000E81C] -> 0x0113
mem[X,0x000000008000E81E] -> 0x0000
[1641] [M]: 0x000000008000E81C (0x00000113) addi sp, zero, 0x0
x2 <- 0x0000000000000000
mem[X,0x000000008000E820] -> 0x006F
mem[X,0x000000008000E822] -> 0x00C0
[1642] [M]: 0x000000008000E820 (0x00C0006F) jal zero, 0xc
mem[X,0x000000008000E82C] -> 0x4863
mem[X,0x000000008000E82E] -> 0x00B5
[1643] [M]: 0x000000008000E82C (0x00B54863) blt a0, a1, 0x10
mem[X,0x000000008000E83C] -> 0x0113
mem[X,0x000000008000E83E] -> 0x0031
[1644] [M]: 0x000000008000E83C (0x00310113) addi sp, sp, 0x3
x2 <- 0x0000000000000003
mem[X,0x000000008000E840] -> 0x006F
mem[X,0x000000008000E842] -> 0x0040
[1645] [M]: 0x000000008000E840 (0x0040006F) jal zero, 0x4
mem[X,0x000000008000E844] -> 0xBC23
mem[X,0x000000008000E846] -> 0x3820
[1646] [M]: 0x000000008000E844 (0x3820BC23) sd sp, 0x398(ra)
mem[0x000000008004F570] <- 0x0000000000000003
mem[X,0x000000008000E848] -> 0x0513
mem[X,0x000000008000E84A] -> 0x0010
[1647] [M]: 0x000000008000E848 (0x00100513) addi a0, zero, 0x1
x10 <- 0x0000000000000001
mem[X,0x000000008000E84C] -> 0x1513
mem[X,0x000000008000E84E] -> 0x0105
[1648] [M]: 0x000000008000E84C (0x01051513) slli a0, a0, 0x10
x10 <- 0x0000000000010000
mem[X,0x000000008000E850] -> 0x0593
mem[X,0x000000008000E852] -> 0xFF90
[1649] [M]: 0x000000008000E850 (0xFF900593) addi a1, zero, -0x7
x11 <- 0xFFFFFFFFFFFFFFF9
mem[X,0x000000008000E854] -> 0x0113
mem[X,0x000000008000E856] -> 0x0000
[1650] [M]: 0x000000008000E854 (0x00000113) addi sp, zero, 0x0
x2 <- 0x0000000000000000
mem[X,0x000000008000E858] -> 0x006F
mem[X,0x000000008000E85A] -> 0x00C0
[1651] [M]: 0x000000008000E858 (0x00C0006F) jal zero, 0xc
mem[X,0x000000008000E864] -> 0x4663
mem[X,0x000000008000E866] -> 0x00B5
[1652] [M]: 0x000000008000E864 (0x00B54663) blt a0, a1, 0xc
mem[X,0x000000008000E868] -> 0x0113
mem[X,0x000000008000E86A] -> 0x0021
[1653] [M]: 0x000000008000E868 (0x00210113) addi sp, sp, 0x2
x2 <- 0x0000000000000002
mem[X,0x000000008000E86C] -> 0x006F
mem[X,0x000000008000E86E] -> 0x00C0
[1654] [M]: 0x000000008000E86C (0x00C0006F) jal zero, 0xc
mem[X,0x000000008000E878] -> 0xB023
mem[X,0x000000008000E87A] -> 0x3A20
[1655] [M]: 0x000000008000E878 (0x3A20B023) sd sp, 0x3a0(ra)
mem[0x000000008004F578] <- 0x0000000000000002
mem[X,0x000000008000E87C] -> 0x0513
mem[X,0x000000008000E87E] -> 0x0010
[1656] [M]: 0x000000008000E87C (0x00100513) addi a0, zero, 0x1
x10 <- 0x0000000000000001
mem[X,0x000000008000E880] -> 0x1513
mem[X,0x000000008000E882] -> 0x0115
[1657] [M]: 0x000000008000E880 (0x01151513) slli a0, a0, 0x11
x10 <- 0x0000000000020000
mem[X,0x000000008000E884] -> 0x0593
mem[X,0x000000008000E886] -> 0x0010
[1658] [M]: 0x000000008000E884 (0x00100593) addi a1, zero, 0x1
x11 <- 0x0000000000000001
mem[X,0x000000008000E888] -> 0x9593
mem[X,0x000000008000E88A] -> 0x0395
[1659] [M]: 0x000000008000E888 (0x03959593) slli a1, a1, 0x39
x11 <- 0x0200000000000000
mem[X,0x000000008000E88C] -> 0x0113
mem[X,0x000000008000E88E] -> 0x0000
[1660] [M]: 0x000000008000E88C (0x00000113) addi sp, zero, 0x0
x2 <- 0x0000000000000000
mem[X,0x000000008000E890] -> 0x006F
mem[X,0x000000008000E892] -> 0x00C0
[1661] [M]: 0x000000008000E890 (0x00C0006F) jal zero, 0xc
mem[X,0x000000008000E89C] -> 0x4063
mem[X,0x000000008000E89E] -> 0x10B5
[1662] [M]: 0x000000008000E89C (0x10B54063) blt a0, a1, 0x100
mem[X,0x000000008000E99C] -> 0x0113
mem[X,0x000000008000E99E] -> 0x0031
[1663] [M]: 0x000000008000E99C (0x00310113) addi sp, sp, 0x3
x2 <- 0x0000000000000003
mem[X,0x000000008000E9A0] -> 0x006F
mem[X,0x000000008000E9A2] -> 0x0040
[1664] [M]: 0x000000008000E9A0 (0x0040006F) jal zero, 0x4
mem[X,0x000000008000E9A4] -> 0xB423
mem[X,0x000000008000E9A6] -> 0x3A20
[1665] [M]: 0x000000008000E9A4 (0x3A20B423) sd sp, 0x3a8(ra)
mem[0x000000008004F580] <- 0x0000000000000003
mem[X,0x000000008000E9A8] -> 0x0513
mem[X,0x000000008000E9AA] -> 0x0010
[1666] [M]: 0x000000008000E9A8 (0x00100513) addi a0, zero, 0x1
x10 <- 0x0000000000000001
mem[X,0x000000008000E9AC] -> 0x1513
mem[X,0x000000008000E9AE] -> 0x0165
[1667] [M]: 0x000000008000E9AC (0x01651513) slli a0, a0, 0x16
x10 <- 0x0000000000400000
mem[X,0x000000008000E9B0] -> 0x0593
mem[X,0x000000008000E9B2] -> 0x0010
[1668] [M]: 0x000000008000E9B0 (0x00100593) addi a1, zero, 0x1
x11 <- 0x0000000000000001
mem[X,0x000000008000E9B4] -> 0x9593
mem[X,0x000000008000E9B6] -> 0x00B5
[1669] [M]: 0x000000008000E9B4 (0x00B59593) slli a1, a1, 0xb
x11 <- 0x0000000000000800
mem[X,0x000000008000E9B8] -> 0x0113
mem[X,0x000000008000E9BA] -> 0x0000
[1670] [M]: 0x000000008000E9B8 (0x00000113) addi sp, zero, 0x0
x2 <- 0x0000000000000000
mem[X,0x000000008000E9BC] -> 0x006F
mem[X,0x000000008000E9BE] -> 0x00C0
[1671] [M]: 0x000000008000E9BC (0x00C0006F) jal zero, 0xc
mem[X,0x000000008000E9C8] -> 0x4CE3
mem[X,0x000000008000E9CA] -> 0xFEB5
[1672] [M]: 0x000000008000E9C8 (0xFEB54CE3) blt a0, a1, -0x8
mem[X,0x000000008000E9CC] -> 0x0113
mem[X,0x000000008000E9CE] -> 0x0021
[1673] [M]: 0x000000008000E9CC (0x00210113) addi sp, sp, 0x2
x2 <- 0x0000000000000002
mem[X,0x000000008000E9D0] -> 0x006F
mem[X,0x000000008000E9D2] -> 0x00C0
[1674] [M]: 0x000000008000E9D0 (0x00C0006F) jal zero, 0xc
mem[X,0x000000008000E9DC] -> 0xB823
mem[X,0x000000008000E9DE] -> 0x3A20
[1675] [M]: 0x000000008000E9DC (0x3A20B823) sd sp, 0x3b0(ra)
mem[0x000000008004F588] <- 0x0000000000000002
mem[X,0x000000008000E9E0] -> 0x0513
mem[X,0x000000008000E9E2] -> 0x0010
[1676] [M]: 0x000000008000E9E0 (0x00100513) addi a0, zero, 0x1
x10 <- 0x0000000000000001
mem[X,0x000000008000E9E4] -> 0x1513
mem[X,0x000000008000E9E6] -> 0x0175
[1677] [M]: 0x000000008000E9E4 (0x01751513) slli a0, a0, 0x17
x10 <- 0x0000000000800000
mem[X,0x000000008000E9E8] -> 0x0593
mem[X,0x000000008000E9EA] -> 0x0100
[1678] [M]: 0x000000008000E9E8 (0x01000593) addi a1, zero, 0x10
x11 <- 0x0000000000000010
mem[X,0x000000008000E9EC] -> 0x0113
mem[X,0x000000008000E9EE] -> 0x0000
[1679] [M]: 0x000000008000E9EC (0x00000113) addi sp, zero, 0x0
x2 <- 0x0000000000000000
mem[X,0x000000008000E9F0] -> 0x006F
mem[X,0x000000008000E9F2] -> 0x00C0
[1680] [M]: 0x000000008000E9F0 (0x00C0006F) jal zero, 0xc
mem[X,0x000000008000E9FC] -> 0x4063
mem[X,0x000000008000E9FE] -> 0x04B5
[1681] [M]: 0x000000008000E9FC (0x04B54063) blt a0, a1, 0x40
mem[X,0x000000008000EA00] -> 0x0113
mem[X,0x000000008000EA02] -> 0x0021
[1682] [M]: 0x000000008000EA00 (0x00210113) addi sp, sp, 0x2
x2 <- 0x0000000000000002
mem[X,0x000000008000EA04] -> 0x006F
mem[X,0x000000008000EA06] -> 0x0400
[1683] [M]: 0x000000008000EA04 (0x0400006F) jal zero, 0x40
mem[X,0x000000008000EA44] -> 0xBC23
mem[X,0x000000008000EA46] -> 0x3A20
[1684] [M]: 0x000000008000EA44 (0x3A20BC23) sd sp, 0x3b8(ra)
mem[0x000000008004F590] <- 0x0000000000000002
mem[X,0x000000008000EA48] -> 0x0513
mem[X,0x000000008000EA4A] -> 0x0010
[1685] [M]: 0x000000008000EA48 (0x00100513) addi a0, zero, 0x1
x10 <- 0x0000000000000001
mem[X,0x000000008000EA4C] -> 0x1513
mem[X,0x000000008000EA4E] -> 0x0185
[1686] [M]: 0x000000008000EA4C (0x01851513) slli a0, a0, 0x18
x10 <- 0x0000000001000000
mem[X,0x000000008000EA50] -> 0x0593
mem[X,0x000000008000EA52] -> 0x0010
[1687] [M]: 0x000000008000EA50 (0x00100593) addi a1, zero, 0x1
x11 <- 0x0000000000000001
mem[X,0x000000008000EA54] -> 0x9593
mem[X,0x000000008000EA56] -> 0x0195
[1688] [M]: 0x000000008000EA54 (0x01959593) slli a1, a1, 0x19
x11 <- 0x0000000002000000
mem[X,0x000000008000EA58] -> 0x0113
mem[X,0x000000008000EA5A] -> 0x0000
[1689] [M]: 0x000000008000EA58 (0x00000113) addi sp, zero, 0x0
x2 <- 0x0000000000000000
mem[X,0x000000008000EA5C] -> 0x006F
mem[X,0x000000008000EA5E] -> 0x2B10
[1690] [M]: 0x000000008000EA5C (0x2B10006F) jal zero, 0xab0
mem[X,0x000000008000F50C] -> 0x4A63
mem[X,0x000000008000F50E] -> 0xD4B5
[1691] [M]: 0x000000008000F50C (0xD4B54A63) blt a0, a1, -0xaac
mem[X,0x000000008000EA60] -> 0x0113
mem[X,0x000000008000EA62] -> 0x0011
[1692] [M]: 0x000000008000EA60 (0x00110113) addi sp, sp, 0x1
x2 <- 0x0000000000000001
mem[X,0x000000008000EA64] -> 0x006F
mem[X,0x000000008000EA66] -> 0x2BD0
[1693] [M]: 0x000000008000EA64 (0x2BD0006F) jal zero, 0xabc
mem[X,0x000000008000F520] -> 0xB023
mem[X,0x000000008000F522] -> 0x3C20
[1694] [M]: 0x000000008000F520 (0x3C20B023) sd sp, 0x3c0(ra)
mem[0x000000008004F598] <- 0x0000000000000001
mem[X,0x000000008000F524] -> 0x0513
mem[X,0x000000008000F526] -> 0x0010
[1695] [M]: 0x000000008000F524 (0x00100513) addi a0, zero, 0x1
x10 <- 0x0000000000000001
mem[X,0x000000008000F528] -> 0x1513
mem[X,0x000000008000F52A] -> 0x0195
[1696] [M]: 0x000000008000F528 (0x01951513) slli a0, a0, 0x19
x10 <- 0x0000000002000000
mem[X,0x000000008000F52C] -> 0x0593
mem[X,0x000000008000F52E] -> 0x0010
[1697] [M]: 0x000000008000F52C (0x00100593) addi a1, zero, 0x1
x11 <- 0x0000000000000001
mem[X,0x000000008000F530] -> 0x9593
mem[X,0x000000008000F532] -> 0x0315
[1698] [M]: 0x000000008000F530 (0x03159593) slli a1, a1, 0x31
x11 <- 0x0002000000000000
mem[X,0x000000008000F534] -> 0x0113
mem[X,0x000000008000F536] -> 0x0000
[1699] [M]: 0x000000008000F534 (0x00000113) addi sp, zero, 0x0
x2 <- 0x0000000000000000
clint::tick mtime <- 0x0000000000000011
 clint timer pending at mtime 0x0000000000000011
htif::tick 0x0000000000000000
mem[X,0x000000008000F538] -> 0x006F
mem[X,0x000000008000F53A] -> 0x00C0
[1700] [M]: 0x000000008000F538 (0x00C0006F) jal zero, 0xc
mem[X,0x000000008000F544] -> 0x4663
mem[X,0x000000008000F546] -> 0x00B5
[1701] [M]: 0x000000008000F544 (0x00B54663) blt a0, a1, 0xc
mem[X,0x000000008000F550] -> 0x0113
mem[X,0x000000008000F552] -> 0x0031
[1702] [M]: 0x000000008000F550 (0x00310113) addi sp, sp, 0x3
x2 <- 0x0000000000000003
mem[X,0x000000008000F554] -> 0x006F
mem[X,0x000000008000F556] -> 0x0040
[1703] [M]: 0x000000008000F554 (0x0040006F) jal zero, 0x4
mem[X,0x000000008000F558] -> 0xB423
mem[X,0x000000008000F55A] -> 0x3C20
[1704] [M]: 0x000000008000F558 (0x3C20B423) sd sp, 0x3c8(ra)
mem[0x000000008004F5A0] <- 0x0000000000000003
mem[X,0x000000008000F55C] -> 0x0513
mem[X,0x000000008000F55E] -> 0x0010
[1705] [M]: 0x000000008000F55C (0x00100513) addi a0, zero, 0x1
x10 <- 0x0000000000000001
mem[X,0x000000008000F560] -> 0x1513
mem[X,0x000000008000F562] -> 0x01C5
[1706] [M]: 0x000000008000F560 (0x01C51513) slli a0, a0, 0x1c
x10 <- 0x0000000010000000
mem[X,0x000000008000F564] -> 0x0593
mem[X,0x000000008000F566] -> 0x0010
[1707] [M]: 0x000000008000F564 (0x00100593) addi a1, zero, 0x1
x11 <- 0x0000000000000001
mem[X,0x000000008000F568] -> 0x9593
mem[X,0x000000008000F56A] -> 0x01D5
[1708] [M]: 0x000000008000F568 (0x01D59593) slli a1, a1, 0x1d
x11 <- 0x0000000020000000
mem[X,0x000000008000F56C] -> 0xC593
mem[X,0x000000008000F56E] -> 0xFFF5
[1709] [M]: 0x000000008000F56C (0xFFF5C593) xori a1, a1, -0x1
x11 <- 0xFFFFFFFFDFFFFFFF
mem[X,0x000000008000F570] -> 0x0113
mem[X,0x000000008000F572] -> 0x0000
[1710] [M]: 0x000000008000F570 (0x00000113) addi sp, zero, 0x0
x2 <- 0x0000000000000000
mem[X,0x000000008000F574] -> 0x006F
mem[X,0x000000008000F576] -> 0x00C0
[1711] [M]: 0x000000008000F574 (0x00C0006F) jal zero, 0xc
mem[X,0x000000008000F580] -> 0x4663
mem[X,0x000000008000F582] -> 0x00B5
[1712] [M]: 0x000000008000F580 (0x00B54663) blt a0, a1, 0xc
mem[X,0x000000008000F584] -> 0x0113
mem[X,0x000000008000F586] -> 0x0021
[1713] [M]: 0x000000008000F584 (0x00210113) addi sp, sp, 0x2
x2 <- 0x0000000000000002
mem[X,0x000000008000F588] -> 0x006F
mem[X,0x000000008000F58A] -> 0x00C0
[1714] [M]: 0x000000008000F588 (0x00C0006F) jal zero, 0xc
mem[X,0x000000008000F594] -> 0xB823
mem[X,0x000000008000F596] -> 0x3C20
[1715] [M]: 0x000000008000F594 (0x3C20B823) sd sp, 0x3d0(ra)
mem[0x000000008004F5A8] <- 0x0000000000000002
mem[X,0x000000008000F598] -> 0x0513
mem[X,0x000000008000F59A] -> 0x0010
[1716] [M]: 0x000000008000F598 (0x00100513) addi a0, zero, 0x1
x10 <- 0x0000000000000001
mem[X,0x000000008000F59C] -> 0x1513
mem[X,0x000000008000F59E] -> 0x01E5
[1717] [M]: 0x000000008000F59C (0x01E51513) slli a0, a0, 0x1e
x10 <- 0x0000000040000000
mem[X,0x000000008000F5A0] -> 0x0593
mem[X,0x000000008000F5A2] -> 0x0010
[1718] [M]: 0x000000008000F5A0 (0x00100593) addi a1, zero, 0x1
x11 <- 0x0000000000000001
mem[X,0x000000008000F5A4] -> 0x9593
mem[X,0x000000008000F5A6] -> 0x0145
[1719] [M]: 0x000000008000F5A4 (0x01459593) slli a1, a1, 0x14
x11 <- 0x0000000000100000
mem[X,0x000000008000F5A8] -> 0xC593
mem[X,0x000000008000F5AA] -> 0xFFF5
[1720] [M]: 0x000000008000F5A8 (0xFFF5C593) xori a1, a1, -0x1
x11 <- 0xFFFFFFFFFFEFFFFF
mem[X,0x000000008000F5AC] -> 0x0113
mem[X,0x000000008000F5AE] -> 0x0000
[1721] [M]: 0x000000008000F5AC (0x00000113) addi sp, zero, 0x0
x2 <- 0x0000000000000000
mem[X,0x000000008000F5B0] -> 0x006F
mem[X,0x000000008000F5B2] -> 0x00C0
[1722] [M]: 0x000000008000F5B0 (0x00C0006F) jal zero, 0xc
mem[X,0x000000008000F5BC] -> 0x4CE3
mem[X,0x000000008000F5BE] -> 0xFEB5
[1723] [M]: 0x000000008000F5BC (0xFEB54CE3) blt a0, a1, -0x8
mem[X,0x000000008000F5C0] -> 0x0113
mem[X,0x000000008000F5C2] -> 0x0021
[1724] [M]: 0x000000008000F5C0 (0x00210113) addi sp, sp, 0x2
x2 <- 0x0000000000000002
mem[X,0x000000008000F5C4] -> 0x006F
mem[X,0x000000008000F5C6] -> 0x00C0
[1725] [M]: 0x000000008000F5C4 (0x00C0006F) jal zero, 0xc
mem[X,0x000000008000F5D0] -> 0xBC23
mem[X,0x000000008000F5D2] -> 0x3C20
[1726] [M]: 0x000000008000F5D0 (0x3C20BC23) sd sp, 0x3d8(ra)
mem[0x000000008004F5B0] <- 0x0000000000000002
mem[X,0x000000008000F5D4] -> 0x0513
mem[X,0x000000008000F5D6] -> 0x0010
[1727] [M]: 0x000000008000F5D4 (0x00100513) addi a0, zero, 0x1
x10 <- 0x0000000000000001
mem[X,0x000000008000F5D8] -> 0x1513
mem[X,0x000000008000F5DA] -> 0x0205
[1728] [M]: 0x000000008000F5D8 (0x02051513) slli a0, a0, 0x20
x10 <- 0x0000000100000000
mem[X,0x000000008000F5DC] -> 0x0593
mem[X,0x000000008000F5DE] -> 0x0020
[1729] [M]: 0x000000008000F5DC (0x00200593) addi a1, zero, 0x2
x11 <- 0x0000000000000002
mem[X,0x000000008000F5E0] -> 0x0113
mem[X,0x000000008000F5E2] -> 0x0000
[1730] [M]: 0x000000008000F5E0 (0x00000113) addi sp, zero, 0x0
x2 <- 0x0000000000000000
mem[X,0x000000008000F5E4] -> 0x006F
mem[X,0x000000008000F5E6] -> 0x0100
[1731] [M]: 0x000000008000F5E4 (0x0100006F) jal zero, 0x10
mem[X,0x000000008000F5F4] -> 0x4AE3
mem[X,0x000000008000F5F6] -> 0xFEB5
[1732] [M]: 0x000000008000F5F4 (0xFEB54AE3) blt a0, a1, -0xc
mem[X,0x000000008000F5F8] -> 0x0113
mem[X,0x000000008000F5FA] -> 0x0021
[1733] [M]: 0x000000008000F5F8 (0x00210113) addi sp, sp, 0x2
x2 <- 0x0000000000000002
mem[X,0x000000008000F5FC] -> 0x006F
mem[X,0x000000008000F5FE] -> 0x00C0
[1734] [M]: 0x000000008000F5FC (0x00C0006F) jal zero, 0xc
mem[X,0x000000008000F608] -> 0xB023
mem[X,0x000000008000F60A] -> 0x3E20
[1735] [M]: 0x000000008000F608 (0x3E20B023) sd sp, 0x3e0(ra)
mem[0x000000008004F5B8] <- 0x0000000000000002
mem[X,0x000000008000F60C] -> 0x0513
mem[X,0x000000008000F60E] -> 0x0010
[1736] [M]: 0x000000008000F60C (0x00100513) addi a0, zero, 0x1
x10 <- 0x0000000000000001
mem[X,0x000000008000F610] -> 0x1513
mem[X,0x000000008000F612] -> 0x0215
[1737] [M]: 0x000000008000F610 (0x02151513) slli a0, a0, 0x21
x10 <- 0x0000000200000000
mem[X,0x000000008000F614] -> 0x0593
mem[X,0x000000008000F616] -> 0x0000
[1738] [M]: 0x000000008000F614 (0x00000593) addi a1, zero, 0x0
x11 <- 0x0000000000000000
mem[X,0x000000008000F618] -> 0x0113
mem[X,0x000000008000F61A] -> 0x0000
[1739] [M]: 0x000000008000F618 (0x00000113) addi sp, zero, 0x0
x2 <- 0x0000000000000000
mem[X,0x000000008000F61C] -> 0x006F
mem[X,0x000000008000F61E] -> 0x2B10
[1740] [M]: 0x000000008000F61C (0x2B10006F) jal zero, 0xab0
mem[X,0x00000000800100CC] -> 0x4A63
mem[X,0x00000000800100CE] -> 0xD4B5
[1741] [M]: 0x00000000800100CC (0xD4B54A63) blt a0, a1, -0xaac
mem[X,0x00000000800100D0] -> 0x0113
mem[X,0x00000000800100D2] -> 0x0021
[1742] [M]: 0x00000000800100D0 (0x00210113) addi sp, sp, 0x2
x2 <- 0x0000000000000002
mem[X,0x00000000800100D4] -> 0x006F
mem[X,0x00000000800100D6] -> 0x00C0
[1743] [M]: 0x00000000800100D4 (0x00C0006F) jal zero, 0xc
mem[X,0x00000000800100E0] -> 0xB423
mem[X,0x00000000800100E2] -> 0x3E20
[1744] [M]: 0x00000000800100E0 (0x3E20B423) sd sp, 0x3e8(ra)
mem[0x000000008004F5C0] <- 0x0000000000000002
mem[X,0x00000000800100E4] -> 0x0513
mem[X,0x00000000800100E6] -> 0x0010
[1745] [M]: 0x00000000800100E4 (0x00100513) addi a0, zero, 0x1
x10 <- 0x0000000000000001
mem[X,0x00000000800100E8] -> 0x1513
mem[X,0x00000000800100EA] -> 0x0225
[1746] [M]: 0x00000000800100E8 (0x02251513) slli a0, a0, 0x22
x10 <- 0x0000000400000000
mem[X,0x00000000800100EC] -> 0x0593
mem[X,0x00000000800100EE] -> 0x0010
[1747] [M]: 0x00000000800100EC (0x00100593) addi a1, zero, 0x1
x11 <- 0x0000000000000001
mem[X,0x00000000800100F0] -> 0x9593
mem[X,0x00000000800100F2] -> 0x0335
[1748] [M]: 0x00000000800100F0 (0x03359593) slli a1, a1, 0x33
x11 <- 0x0008000000000000
mem[X,0x00000000800100F4] -> 0xC593
mem[X,0x00000000800100F6] -> 0xFFF5
[1749] [M]: 0x00000000800100F4 (0xFFF5C593) xori a1, a1, -0x1
x11 <- 0xFFF7FFFFFFFFFFFF
mem[X,0x00000000800100F8] -> 0x0113
mem[X,0x00000000800100FA] -> 0x0000
[1750] [M]: 0x00000000800100F8 (0x00000113) addi sp, zero, 0x0
x2 <- 0x0000000000000000
mem[X,0x00000000800100FC] -> 0x006F
mem[X,0x00000000800100FE] -> 0x0100
[1751] [M]: 0x00000000800100FC (0x0100006F) jal zero, 0x10
mem[X,0x000000008001010C] -> 0x4AE3
mem[X,0x000000008001010E] -> 0xFEB5
[1752] [M]: 0x000000008001010C (0xFEB54AE3) blt a0, a1, -0xc
mem[X,0x0000000080010110] -> 0x0113
mem[X,0x0000000080010112] -> 0x0021
[1753] [M]: 0x0000000080010110 (0x00210113) addi sp, sp, 0x2
x2 <- 0x0000000000000002
mem[X,0x0000000080010114] -> 0x006F
mem[X,0x0000000080010116] -> 0x00C0
[1754] [M]: 0x0000000080010114 (0x00C0006F) jal zero, 0xc
mem[X,0x0000000080010120] -> 0xB823
mem[X,0x0000000080010122] -> 0x3E20
[1755] [M]: 0x0000000080010120 (0x3E20B823) sd sp, 0x3f0(ra)
mem[0x000000008004F5C8] <- 0x0000000000000002
mem[X,0x0000000080010124] -> 0x0513
mem[X,0x0000000080010126] -> 0x0010
[1756] [M]: 0x0000000080010124 (0x00100513) addi a0, zero, 0x1
x10 <- 0x0000000000000001
mem[X,0x0000000080010128] -> 0x1513
mem[X,0x000000008001012A] -> 0x0255
[1757] [M]: 0x0000000080010128 (0x02551513) slli a0, a0, 0x25
x10 <- 0x0000002000000000
mem[X,0x000000008001012C] -> 0x0593
mem[X,0x000000008001012E] -> 0x0010
[1758] [M]: 0x000000008001012C (0x00100593) addi a1, zero, 0x1
x11 <- 0x0000000000000001
mem[X,0x0000000080010130] -> 0x9593
mem[X,0x0000000080010132] -> 0x0115
[1759] [M]: 0x0000000080010130 (0x01159593) slli a1, a1, 0x11
x11 <- 0x0000000000020000
mem[X,0x0000000080010134] -> 0x0113
mem[X,0x0000000080010136] -> 0x0000
[1760] [M]: 0x0000000080010134 (0x00000113) addi sp, zero, 0x0
x2 <- 0x0000000000000000
mem[X,0x0000000080010138] -> 0x006F
mem[X,0x000000008001013A] -> 0x00C0
[1761] [M]: 0x0000000080010138 (0x00C0006F) jal zero, 0xc
mem[X,0x0000000080010144] -> 0x4063
mem[X,0x0000000080010146] -> 0x40B5
[1762] [M]: 0x0000000080010144 (0x40B54063) blt a0, a1, 0x400
mem[X,0x0000000080010148] -> 0x0113
mem[X,0x000000008001014A] -> 0x0021
[1763] [M]: 0x0000000080010148 (0x00210113) addi sp, sp, 0x2
x2 <- 0x0000000000000002
mem[X,0x000000008001014C] -> 0x006F
mem[X,0x000000008001014E] -> 0x4000
[1764] [M]: 0x000000008001014C (0x4000006F) jal zero, 0x400
mem[X,0x000000008001054C] -> 0xBC23
mem[X,0x000000008001054E] -> 0x3E20
[1765] [M]: 0x000000008001054C (0x3E20BC23) sd sp, 0x3f8(ra)
mem[0x000000008004F5D0] <- 0x0000000000000002
mem[X,0x0000000080010550] -> 0x0513
mem[X,0x0000000080010552] -> 0x0010
[1766] [M]: 0x0000000080010550 (0x00100513) addi a0, zero, 0x1
x10 <- 0x0000000000000001
mem[X,0x0000000080010554] -> 0x1513
mem[X,0x0000000080010556] -> 0x0265
[1767] [M]: 0x0000000080010554 (0x02651513) slli a0, a0, 0x26
x10 <- 0x0000004000000000
mem[X,0x0000000080010558] -> 0x0593
mem[X,0x000000008001055A] -> 0xEFF0
[1768] [M]: 0x0000000080010558 (0xEFF00593) addi a1, zero, -0x101
x11 <- 0xFFFFFFFFFFFFFEFF
mem[X,0x000000008001055C] -> 0x0113
mem[X,0x000000008001055E] -> 0x0000
[1769] [M]: 0x000000008001055C (0x00000113) addi sp, zero, 0x0
x2 <- 0x0000000000000000
mem[X,0x0000000080010560] -> 0x006F
mem[X,0x0000000080010562] -> 0x00C0
[1770] [M]: 0x0000000080010560 (0x00C0006F) jal zero, 0xc
mem[X,0x000000008001056C] -> 0x4CE3
mem[X,0x000000008001056E] -> 0xFEB5
[1771] [M]: 0x000000008001056C (0xFEB54CE3) blt a0, a1, -0x8
mem[X,0x0000000080010570] -> 0x0113
mem[X,0x0000000080010572] -> 0x0021
[1772] [M]: 0x0000000080010570 (0x00210113) addi sp, sp, 0x2
x2 <- 0x0000000000000002
mem[X,0x0000000080010574] -> 0x006F
mem[X,0x0000000080010576] -> 0x00C0
[1773] [M]: 0x0000000080010574 (0x00C0006F) jal zero, 0xc
mem[X,0x0000000080010580] -> 0xB023
mem[X,0x0000000080010582] -> 0x4020
[1774] [M]: 0x0000000080010580 (0x4020B023) sd sp, 0x400(ra)
mem[0x000000008004F5D8] <- 0x0000000000000002
mem[X,0x0000000080010584] -> 0x0513
mem[X,0x0000000080010586] -> 0x0010
[1775] [M]: 0x0000000080010584 (0x00100513) addi a0, zero, 0x1
x10 <- 0x0000000000000001
mem[X,0x0000000080010588] -> 0x1513
mem[X,0x000000008001058A] -> 0x0295
[1776] [M]: 0x0000000080010588 (0x02951513) slli a0, a0, 0x29
x10 <- 0x0000020000000000
mem[X,0x000000008001058C] -> 0x0593
mem[X,0x000000008001058E] -> 0x0010
[1777] [M]: 0x000000008001058C (0x00100593) addi a1, zero, 0x1
x11 <- 0x0000000000000001
mem[X,0x0000000080010590] -> 0x9593
mem[X,0x0000000080010592] -> 0x0275
[1778] [M]: 0x0000000080010590 (0x02759593) slli a1, a1, 0x27
x11 <- 0x0000008000000000
mem[X,0x0000000080010594] -> 0xC593
mem[X,0x0000000080010596] -> 0xFFF5
[1779] [M]: 0x0000000080010594 (0xFFF5C593) xori a1, a1, -0x1
x11 <- 0xFFFFFF7FFFFFFFFF
mem[X,0x0000000080010598] -> 0x0113
mem[X,0x000000008001059A] -> 0x0000
[1780] [M]: 0x0000000080010598 (0x00000113) addi sp, zero, 0x0
x2 <- 0x0000000000000000
mem[X,0x000000008001059C] -> 0x006F
mem[X,0x000000008001059E] -> 0x00C0
[1781] [M]: 0x000000008001059C (0x00C0006F) jal zero, 0xc
mem[X,0x00000000800105A8] -> 0x4063
mem[X,0x00000000800105AA] -> 0x08B5
[1782] [M]: 0x00000000800105A8 (0x08B54063) blt a0, a1, 0x80
mem[X,0x00000000800105AC] -> 0x0113
mem[X,0x00000000800105AE] -> 0x0021
[1783] [M]: 0x00000000800105AC (0x00210113) addi sp, sp, 0x2
x2 <- 0x0000000000000002
mem[X,0x00000000800105B0] -> 0x006F
mem[X,0x00000000800105B2] -> 0x0800
[1784] [M]: 0x00000000800105B0 (0x0800006F) jal zero, 0x80
mem[X,0x0000000080010630] -> 0xB423
mem[X,0x0000000080010632] -> 0x4020
[1785] [M]: 0x0000000080010630 (0x4020B423) sd sp, 0x408(ra)
mem[0x000000008004F5E0] <- 0x0000000000000002
mem[X,0x0000000080010634] -> 0x0513
mem[X,0x0000000080010636] -> 0x0010
[1786] [M]: 0x0000000080010634 (0x00100513) addi a0, zero, 0x1
x10 <- 0x0000000000000001
mem[X,0x0000000080010638] -> 0x1513
mem[X,0x000000008001063A] -> 0x02A5
[1787] [M]: 0x0000000080010638 (0x02A51513) slli a0, a0, 0x2a
x10 <- 0x0000040000000000
mem[X,0x000000008001063C] -> 0x0593
mem[X,0x000000008001063E] -> 0x0010
[1788] [M]: 0x000000008001063C (0x00100593) addi a1, zero, 0x1
x11 <- 0x0000000000000001
mem[X,0x0000000080010640] -> 0x9593
mem[X,0x0000000080010642] -> 0x02F5
[1789] [M]: 0x0000000080010640 (0x02F59593) slli a1, a1, 0x2f
x11 <- 0x0000800000000000
mem[X,0x0000000080010644] -> 0xC593
mem[X,0x0000000080010646] -> 0xFFF5
[1790] [M]: 0x0000000080010644 (0xFFF5C593) xori a1, a1, -0x1
x11 <- 0xFFFF7FFFFFFFFFFF
mem[X,0x0000000080010648] -> 0x0113
mem[X,0x000000008001064A] -> 0x0000
[1791] [M]: 0x0000000080010648 (0x00000113) addi sp, zero, 0x0
x2 <- 0x0000000000000000
mem[X,0x000000008001064C] -> 0x006F
mem[X,0x000000008001064E] -> 0x00C0
[1792] [M]: 0x000000008001064C (0x00C0006F) jal zero, 0xc
mem[X,0x0000000080010658] -> 0x4663
mem[X,0x000000008001065A] -> 0x00B5
[1793] [M]: 0x0000000080010658 (0x00B54663) blt a0, a1, 0xc
mem[X,0x000000008001065C] -> 0x0113
mem[X,0x000000008001065E] -> 0x0021
[1794] [M]: 0x000000008001065C (0x00210113) addi sp, sp, 0x2
x2 <- 0x0000000000000002
mem[X,0x0000000080010660] -> 0x006F
mem[X,0x0000000080010662] -> 0x00C0
[1795] [M]: 0x0000000080010660 (0x00C0006F) jal zero, 0xc
mem[X,0x000000008001066C] -> 0xB823
mem[X,0x000000008001066E] -> 0x4020
[1796] [M]: 0x000000008001066C (0x4020B823) sd sp, 0x410(ra)
mem[0x000000008004F5E8] <- 0x0000000000000002
mem[X,0x0000000080010670] -> 0x0513
mem[X,0x0000000080010672] -> 0x0010
[1797] [M]: 0x0000000080010670 (0x00100513) addi a0, zero, 0x1
x10 <- 0x0000000000000001
mem[X,0x0000000080010674] -> 0x1513
mem[X,0x0000000080010676] -> 0x0305
[1798] [M]: 0x0000000080010674 (0x03051513) slli a0, a0, 0x30
x10 <- 0x0001000000000000
mem[X,0x0000000080010678] -> 0x0593
mem[X,0x000000008001067A] -> 0x0010
[1799] [M]: 0x0000000080010678 (0x00100593) addi a1, zero, 0x1
x11 <- 0x0000000000000001
clint::tick mtime <- 0x0000000000000012
 clint timer pending at mtime 0x0000000000000012
htif::tick 0x0000000000000000
mem[X,0x000000008001067C] -> 0x9593
mem[X,0x000000008001067E] -> 0x0115
[1800] [M]: 0x000000008001067C (0x01159593) slli a1, a1, 0x11
x11 <- 0x0000000000020000
mem[X,0x0000000080010680] -> 0x0113
mem[X,0x0000000080010682] -> 0x0000
[1801] [M]: 0x0000000080010680 (0x00000113) addi sp, zero, 0x0
x2 <- 0x0000000000000000
mem[X,0x0000000080010684] -> 0x006F
mem[X,0x0000000080010686] -> 0x00C0
[1802] [M]: 0x0000000080010684 (0x00C0006F) jal zero, 0xc
mem[X,0x0000000080010690] -> 0x4663
mem[X,0x0000000080010692] -> 0x00B5
[1803] [M]: 0x0000000080010690 (0x00B54663) blt a0, a1, 0xc
mem[X,0x0000000080010694] -> 0x0113
mem[X,0x0000000080010696] -> 0x0021
[1804] [M]: 0x0000000080010694 (0x00210113) addi sp, sp, 0x2
x2 <- 0x0000000000000002
mem[X,0x0000000080010698] -> 0x006F
mem[X,0x000000008001069A] -> 0x00C0
[1805] [M]: 0x0000000080010698 (0x00C0006F) jal zero, 0xc
mem[X,0x00000000800106A4] -> 0xBC23
mem[X,0x00000000800106A6] -> 0x4020
[1806] [M]: 0x00000000800106A4 (0x4020BC23) sd sp, 0x418(ra)
mem[0x000000008004F5F0] <- 0x0000000000000002
mem[X,0x00000000800106A8] -> 0x0513
mem[X,0x00000000800106AA] -> 0x0010
[1807] [M]: 0x00000000800106A8 (0x00100513) addi a0, zero, 0x1
x10 <- 0x0000000000000001
mem[X,0x00000000800106AC] -> 0x1513
mem[X,0x00000000800106AE] -> 0x0345
[1808] [M]: 0x00000000800106AC (0x03451513) slli a0, a0, 0x34
x10 <- 0x0010000000000000
mem[X,0x00000000800106B0] -> 0x0593
mem[X,0x00000000800106B2] -> 0x0010
[1809] [M]: 0x00000000800106B0 (0x00100593) addi a1, zero, 0x1
x11 <- 0x0000000000000001
mem[X,0x00000000800106B4] -> 0x9593
mem[X,0x00000000800106B6] -> 0x0365
[1810] [M]: 0x00000000800106B4 (0x03659593) slli a1, a1, 0x36
x11 <- 0x0040000000000000
mem[X,0x00000000800106B8] -> 0xC593
mem[X,0x00000000800106BA] -> 0xFFF5
[1811] [M]: 0x00000000800106B8 (0xFFF5C593) xori a1, a1, -0x1
x11 <- 0xFFBFFFFFFFFFFFFF
mem[X,0x00000000800106BC] -> 0x0113
mem[X,0x00000000800106BE] -> 0x0000
[1812] [M]: 0x00000000800106BC (0x00000113) addi sp, zero, 0x0
x2 <- 0x0000000000000000
mem[X,0x00000000800106C0] -> 0x006F
mem[X,0x00000000800106C2] -> 0x0140
[1813] [M]: 0x00000000800106C0 (0x0140006F) jal zero, 0x14
mem[X,0x00000000800106D4] -> 0x48E3
mem[X,0x00000000800106D6] -> 0xFEB5
[1814] [M]: 0x00000000800106D4 (0xFEB548E3) blt a0, a1, -0x10
mem[X,0x00000000800106D8] -> 0x0113
mem[X,0x00000000800106DA] -> 0x0021
[1815] [M]: 0x00000000800106D8 (0x00210113) addi sp, sp, 0x2
x2 <- 0x0000000000000002
mem[X,0x00000000800106DC] -> 0x006F
mem[X,0x00000000800106DE] -> 0x00C0
[1816] [M]: 0x00000000800106DC (0x00C0006F) jal zero, 0xc
mem[X,0x00000000800106E8] -> 0xB023
mem[X,0x00000000800106EA] -> 0x4220
[1817] [M]: 0x00000000800106E8 (0x4220B023) sd sp, 0x420(ra)
mem[0x000000008004F5F8] <- 0x0000000000000002
mem[X,0x00000000800106EC] -> 0x0513
mem[X,0x00000000800106EE] -> 0x0010
[1818] [M]: 0x00000000800106EC (0x00100513) addi a0, zero, 0x1
x10 <- 0x0000000000000001
mem[X,0x00000000800106F0] -> 0x1513
mem[X,0x00000000800106F2] -> 0x0355
[1819] [M]: 0x00000000800106F0 (0x03551513) slli a0, a0, 0x35
x10 <- 0x0020000000000000
mem[X,0x00000000800106F4] -> 0x0593
mem[X,0x00000000800106F6] -> 0x0010
[1820] [M]: 0x00000000800106F4 (0x00100593) addi a1, zero, 0x1
x11 <- 0x0000000000000001
mem[X,0x00000000800106F8] -> 0x9593
mem[X,0x00000000800106FA] -> 0x0185
[1821] [M]: 0x00000000800106F8 (0x01859593) slli a1, a1, 0x18
x11 <- 0x0000000001000000
mem[X,0x00000000800106FC] -> 0x0113
mem[X,0x00000000800106FE] -> 0x0000
[1822] [M]: 0x00000000800106FC (0x00000113) addi sp, zero, 0x0
x2 <- 0x0000000000000000
mem[X,0x0000000080010700] -> 0x006F
mem[X,0x0000000080010702] -> 0x00C0
[1823] [M]: 0x0000000080010700 (0x00C0006F) jal zero, 0xc
mem[X,0x000000008001070C] -> 0x4CE3
mem[X,0x000000008001070E] -> 0xFEB5
[1824] [M]: 0x000000008001070C (0xFEB54CE3) blt a0, a1, -0x8
mem[X,0x0000000080010710] -> 0x0113
mem[X,0x0000000080010712] -> 0x0021
[1825] [M]: 0x0000000080010710 (0x00210113) addi sp, sp, 0x2
x2 <- 0x0000000000000002
mem[X,0x0000000080010714] -> 0x006F
mem[X,0x0000000080010716] -> 0x00C0
[1826] [M]: 0x0000000080010714 (0x00C0006F) jal zero, 0xc
mem[X,0x0000000080010720] -> 0xB423
mem[X,0x0000000080010722] -> 0x4220
[1827] [M]: 0x0000000080010720 (0x4220B423) sd sp, 0x428(ra)
mem[0x000000008004F600] <- 0x0000000000000002
mem[X,0x0000000080010724] -> 0x0513
mem[X,0x0000000080010726] -> 0x0010
[1828] [M]: 0x0000000080010724 (0x00100513) addi a0, zero, 0x1
x10 <- 0x0000000000000001
mem[X,0x0000000080010728] -> 0x1513
mem[X,0x000000008001072A] -> 0x03E5
[1829] [M]: 0x0000000080010728 (0x03E51513) slli a0, a0, 0x3e
x10 <- 0x4000000000000000
mem[X,0x000000008001072C] -> 0x0593
mem[X,0x000000008001072E] -> 0x0010
[1830] [M]: 0x000000008001072C (0x00100593) addi a1, zero, 0x1
x11 <- 0x0000000000000001
mem[X,0x0000000080010730] -> 0x9593
mem[X,0x0000000080010732] -> 0x0235
[1831] [M]: 0x0000000080010730 (0x02359593) slli a1, a1, 0x23
x11 <- 0x0000000800000000
mem[X,0x0000000080010734] -> 0xC593
mem[X,0x0000000080010736] -> 0xFFF5
[1832] [M]: 0x0000000080010734 (0xFFF5C593) xori a1, a1, -0x1
x11 <- 0xFFFFFFF7FFFFFFFF
mem[X,0x0000000080010738] -> 0x0113
mem[X,0x000000008001073A] -> 0x0000
[1833] [M]: 0x0000000080010738 (0x00000113) addi sp, zero, 0x0
x2 <- 0x0000000000000000
mem[X,0x000000008001073C] -> 0x006F
mem[X,0x000000008001073E] -> 0x00C0
[1834] [M]: 0x000000008001073C (0x00C0006F) jal zero, 0xc
mem[X,0x0000000080010748] -> 0x4063
mem[X,0x000000008001074A] -> 0x20B5
[1835] [M]: 0x0000000080010748 (0x20B54063) blt a0, a1, 0x200
mem[X,0x000000008001074C] -> 0x0113
mem[X,0x000000008001074E] -> 0x0021
[1836] [M]: 0x000000008001074C (0x00210113) addi sp, sp, 0x2
x2 <- 0x0000000000000002
mem[X,0x0000000080010750] -> 0x006F
mem[X,0x0000000080010752] -> 0x2000
[1837] [M]: 0x0000000080010750 (0x2000006F) jal zero, 0x200
mem[X,0x0000000080010950] -> 0xB823
mem[X,0x0000000080010952] -> 0x4220
[1838] [M]: 0x0000000080010950 (0x4220B823) sd sp, 0x430(ra)
mem[0x000000008004F608] <- 0x0000000000000002
mem[X,0x0000000080010954] -> 0x0513
mem[X,0x0000000080010956] -> 0xFFE0
[1839] [M]: 0x0000000080010954 (0xFFE00513) addi a0, zero, -0x2
x10 <- 0xFFFFFFFFFFFFFFFE
mem[X,0x0000000080010958] -> 0x0593
mem[X,0x000000008001095A] -> 0x0010
[1840] [M]: 0x0000000080010958 (0x00100593) addi a1, zero, 0x1
x11 <- 0x0000000000000001
mem[X,0x000000008001095C] -> 0x9593
mem[X,0x000000008001095E] -> 0x0305
[1841] [M]: 0x000000008001095C (0x03059593) slli a1, a1, 0x30
x11 <- 0x0001000000000000
mem[X,0x0000000080010960] -> 0xC593
mem[X,0x0000000080010962] -> 0xFFF5
[1842] [M]: 0x0000000080010960 (0xFFF5C593) xori a1, a1, -0x1
x11 <- 0xFFFEFFFFFFFFFFFF
mem[X,0x0000000080010964] -> 0x0113
mem[X,0x0000000080010966] -> 0x0000
[1843] [M]: 0x0000000080010964 (0x00000113) addi sp, zero, 0x0
x2 <- 0x0000000000000000
mem[X,0x0000000080010968] -> 0x006F
mem[X,0x000000008001096A] -> 0x00C0
[1844] [M]: 0x0000000080010968 (0x00C0006F) jal zero, 0xc
mem[X,0x0000000080010974] -> 0x4CE3
mem[X,0x0000000080010976] -> 0xFEB5
[1845] [M]: 0x0000000080010974 (0xFEB54CE3) blt a0, a1, -0x8
mem[X,0x0000000080010978] -> 0x0113
mem[X,0x000000008001097A] -> 0x0021
[1846] [M]: 0x0000000080010978 (0x00210113) addi sp, sp, 0x2
x2 <- 0x0000000000000002
mem[X,0x000000008001097C] -> 0x006F
mem[X,0x000000008001097E] -> 0x00C0
[1847] [M]: 0x000000008001097C (0x00C0006F) jal zero, 0xc
mem[X,0x0000000080010988] -> 0xBC23
mem[X,0x000000008001098A] -> 0x4220
[1848] [M]: 0x0000000080010988 (0x4220BC23) sd sp, 0x438(ra)
mem[0x000000008004F610] <- 0x0000000000000002
mem[X,0x000000008001098C] -> 0x0513
mem[X,0x000000008001098E] -> 0xFFD0
[1849] [M]: 0x000000008001098C (0xFFD00513) addi a0, zero, -0x3
x10 <- 0xFFFFFFFFFFFFFFFD
mem[X,0x0000000080010990] -> 0x55B7
mem[X,0x0000000080010992] -> 0x5555
[1850] [M]: 0x0000000080010990 (0x555555B7) lui a1, 0x55555
x11 <- 0x0000000055555000
mem[X,0x0000000080010994] -> 0x8593
mem[X,0x0000000080010996] -> 0x5555
[1851] [M]: 0x0000000080010994 (0x55558593) addi a1, a1, 0x555
x11 <- 0x0000000055555555
mem[X,0x0000000080010998] -> 0x9593
mem[X,0x000000008001099A] -> 0x00B5
[1852] [M]: 0x0000000080010998 (0x00B59593) slli a1, a1, 0xb
x11 <- 0x000002AAAAAAA800
mem[X,0x000000008001099C] -> 0x8593
mem[X,0x000000008001099E] -> 0x2AA5
[1853] [M]: 0x000000008001099C (0x2AA58593) addi a1, a1, 0x2aa
x11 <- 0x000002AAAAAAAAAA
mem[X,0x00000000800109A0] -> 0x9593
mem[X,0x00000000800109A2] -> 0x00B5
[1854] [M]: 0x00000000800109A0 (0x00B59593) slli a1, a1, 0xb
x11 <- 0x0015555555555000
mem[X,0x00000000800109A4] -> 0x8593
mem[X,0x00000000800109A6] -> 0x5555
[1855] [M]: 0x00000000800109A4 (0x55558593) addi a1, a1, 0x555
x11 <- 0x0015555555555555
mem[X,0x00000000800109A8] -> 0x9593
mem[X,0x00000000800109AA] -> 0x00A5
[1856] [M]: 0x00000000800109A8 (0x00A59593) slli a1, a1, 0xa
x11 <- 0x5555555555555400
mem[X,0x00000000800109AC] -> 0x8593
mem[X,0x00000000800109AE] -> 0x1565
[1857] [M]: 0x00000000800109AC (0x15658593) addi a1, a1, 0x156
x11 <- 0x5555555555555556
mem[X,0x00000000800109B0] -> 0x0113
mem[X,0x00000000800109B2] -> 0x0000
[1858] [M]: 0x00000000800109B0 (0x00000113) addi sp, zero, 0x0
x2 <- 0x0000000000000000
mem[X,0x00000000800109B4] -> 0x006F
mem[X,0x00000000800109B6] -> 0x00C0
[1859] [M]: 0x00000000800109B4 (0x00C0006F) jal zero, 0xc
mem[X,0x00000000800109C0] -> 0x4063
mem[X,0x00000000800109C2] -> 0x08B5
[1860] [M]: 0x00000000800109C0 (0x08B54063) blt a0, a1, 0x80
mem[X,0x0000000080010A40] -> 0x0113
mem[X,0x0000000080010A42] -> 0x0031
[1861] [M]: 0x0000000080010A40 (0x00310113) addi sp, sp, 0x3
x2 <- 0x0000000000000003
mem[X,0x0000000080010A44] -> 0x006F
mem[X,0x0000000080010A46] -> 0x0040
[1862] [M]: 0x0000000080010A44 (0x0040006F) jal zero, 0x4
mem[X,0x0000000080010A48] -> 0xB023
mem[X,0x0000000080010A4A] -> 0x4420
[1863] [M]: 0x0000000080010A48 (0x4420B023) sd sp, 0x440(ra)
mem[0x000000008004F618] <- 0x0000000000000003
mem[X,0x0000000080010A4C] -> 0x0513
mem[X,0x0000000080010A4E] -> 0xFFB0
[1864] [M]: 0x0000000080010A4C (0xFFB00513) addi a0, zero, -0x5
x10 <- 0xFFFFFFFFFFFFFFFB
mem[X,0x0000000080010A50] -> 0x0593
mem[X,0x0000000080010A52] -> 0x0010
[1865] [M]: 0x0000000080010A50 (0x00100593) addi a1, zero, 0x1
x11 <- 0x0000000000000001
mem[X,0x0000000080010A54] -> 0x9593
mem[X,0x0000000080010A56] -> 0x01F5
[1866] [M]: 0x0000000080010A54 (0x01F59593) slli a1, a1, 0x1f
x11 <- 0x0000000080000000
mem[X,0x0000000080010A58] -> 0x0113
mem[X,0x0000000080010A5A] -> 0x0000
[1867] [M]: 0x0000000080010A58 (0x00000113) addi sp, zero, 0x0
x2 <- 0x0000000000000000
mem[X,0x0000000080010A5C] -> 0x006F
mem[X,0x0000000080010A5E] -> 0x00C0
[1868] [M]: 0x0000000080010A5C (0x00C0006F) jal zero, 0xc
mem[X,0x0000000080010A68] -> 0x4663
mem[X,0x0000000080010A6A] -> 0x00B5
[1869] [M]: 0x0000000080010A68 (0x00B54663) blt a0, a1, 0xc
mem[X,0x0000000080010A74] -> 0x0113
mem[X,0x0000000080010A76] -> 0x0031
[1870] [M]: 0x0000000080010A74 (0x00310113) addi sp, sp, 0x3
x2 <- 0x0000000000000003
mem[X,0x0000000080010A78] -> 0x006F
mem[X,0x0000000080010A7A] -> 0x0040
[1871] [M]: 0x0000000080010A78 (0x0040006F) jal zero, 0x4
mem[X,0x0000000080010A7C] -> 0xB423
mem[X,0x0000000080010A7E] -> 0x4420
[1872] [M]: 0x0000000080010A7C (0x4420B423) sd sp, 0x448(ra)
mem[0x000000008004F620] <- 0x0000000000000003
mem[X,0x0000000080010A80] -> 0x0513
mem[X,0x0000000080010A82] -> 0xFEF0
[1873] [M]: 0x0000000080010A80 (0xFEF00513) addi a0, zero, -0x11
x10 <- 0xFFFFFFFFFFFFFFEF
mem[X,0x0000000080010A84] -> 0x0593
mem[X,0x0000000080010A86] -> 0x0010
[1874] [M]: 0x0000000080010A84 (0x00100593) addi a1, zero, 0x1
x11 <- 0x0000000000000001
mem[X,0x0000000080010A88] -> 0x9593
mem[X,0x0000000080010A8A] -> 0x0235
[1875] [M]: 0x0000000080010A88 (0x02359593) slli a1, a1, 0x23
x11 <- 0x0000000800000000
mem[X,0x0000000080010A8C] -> 0xC593
mem[X,0x0000000080010A8E] -> 0xFFF5
[1876] [M]: 0x0000000080010A8C (0xFFF5C593) xori a1, a1, -0x1
x11 <- 0xFFFFFFF7FFFFFFFF
mem[X,0x0000000080010A90] -> 0x0113
mem[X,0x0000000080010A92] -> 0x0000
[1877] [M]: 0x0000000080010A90 (0x00000113) addi sp, zero, 0x0
x2 <- 0x0000000000000000
mem[X,0x0000000080010A94] -> 0x006F
mem[X,0x0000000080010A96] -> 0x00C0
[1878] [M]: 0x0000000080010A94 (0x00C0006F) jal zero, 0xc
mem[X,0x0000000080010AA0] -> 0x4CE3
mem[X,0x0000000080010AA2] -> 0xFEB5
[1879] [M]: 0x0000000080010AA0 (0xFEB54CE3) blt a0, a1, -0x8
mem[X,0x0000000080010AA4] -> 0x0113
mem[X,0x0000000080010AA6] -> 0x0021
[1880] [M]: 0x0000000080010AA4 (0x00210113) addi sp, sp, 0x2
x2 <- 0x0000000000000002
mem[X,0x0000000080010AA8] -> 0x006F
mem[X,0x0000000080010AAA] -> 0x00C0
[1881] [M]: 0x0000000080010AA8 (0x00C0006F) jal zero, 0xc
mem[X,0x0000000080010AB4] -> 0xB823
mem[X,0x0000000080010AB6] -> 0x4420
[1882] [M]: 0x0000000080010AB4 (0x4420B823) sd sp, 0x450(ra)
mem[0x000000008004F628] <- 0x0000000000000002
mem[X,0x0000000080010AB8] -> 0x0513
mem[X,0x0000000080010ABA] -> 0xFDF0
[1883] [M]: 0x0000000080010AB8 (0xFDF00513) addi a0, zero, -0x21
x10 <- 0xFFFFFFFFFFFFFFDF
mem[X,0x0000000080010ABC] -> 0x0593
mem[X,0x0000000080010ABE] -> 0x0010
[1884] [M]: 0x0000000080010ABC (0x00100593) addi a1, zero, 0x1
x11 <- 0x0000000000000001
mem[X,0x0000000080010AC0] -> 0x9593
mem[X,0x0000000080010AC2] -> 0x00D5
[1885] [M]: 0x0000000080010AC0 (0x00D59593) slli a1, a1, 0xd
x11 <- 0x0000000000002000
mem[X,0x0000000080010AC4] -> 0x0113
mem[X,0x0000000080010AC6] -> 0x0000
[1886] [M]: 0x0000000080010AC4 (0x00000113) addi sp, zero, 0x0
x2 <- 0x0000000000000000
mem[X,0x0000000080010AC8] -> 0x006F
mem[X,0x0000000080010ACA] -> 0x00C0
[1887] [M]: 0x0000000080010AC8 (0x00C0006F) jal zero, 0xc
mem[X,0x0000000080010AD4] -> 0x4063
mem[X,0x0000000080010AD6] -> 0x10B5
[1888] [M]: 0x0000000080010AD4 (0x10B54063) blt a0, a1, 0x100
mem[X,0x0000000080010BD4] -> 0x0113
mem[X,0x0000000080010BD6] -> 0x0031
[1889] [M]: 0x0000000080010BD4 (0x00310113) addi sp, sp, 0x3
x2 <- 0x0000000000000003
mem[X,0x0000000080010BD8] -> 0x006F
mem[X,0x0000000080010BDA] -> 0x0040
[1890] [M]: 0x0000000080010BD8 (0x0040006F) jal zero, 0x4
mem[X,0x0000000080010BDC] -> 0xBC23
mem[X,0x0000000080010BDE] -> 0x4420
[1891] [M]: 0x0000000080010BDC (0x4420BC23) sd sp, 0x458(ra)
mem[0x000000008004F630] <- 0x0000000000000003
mem[X,0x0000000080010BE0] -> 0x0513
mem[X,0x0000000080010BE2] -> 0xEFF0
[1892] [M]: 0x0000000080010BE0 (0xEFF00513) addi a0, zero, -0x101
x10 <- 0xFFFFFFFFFFFFFEFF
mem[X,0x0000000080010BE4] -> 0x0593
mem[X,0x0000000080010BE6] -> 0xFF80
[1893] [M]: 0x0000000080010BE4 (0xFF800593) addi a1, zero, -0x8
x11 <- 0xFFFFFFFFFFFFFFF8
mem[X,0x0000000080010BE8] -> 0x0113
mem[X,0x0000000080010BEA] -> 0x0000
[1894] [M]: 0x0000000080010BE8 (0x00000113) addi sp, zero, 0x0
x2 <- 0x0000000000000000
mem[X,0x0000000080010BEC] -> 0x006F
mem[X,0x0000000080010BEE] -> 0x00C0
[1895] [M]: 0x0000000080010BEC (0x00C0006F) jal zero, 0xc
mem[X,0x0000000080010BF8] -> 0x4063
mem[X,0x0000000080010BFA] -> 0x20B5
[1896] [M]: 0x0000000080010BF8 (0x20B54063) blt a0, a1, 0x200
mem[X,0x0000000080010DF8] -> 0x0113
mem[X,0x0000000080010DFA] -> 0x0031
[1897] [M]: 0x0000000080010DF8 (0x00310113) addi sp, sp, 0x3
x2 <- 0x0000000000000003
mem[X,0x0000000080010DFC] -> 0x006F
mem[X,0x0000000080010DFE] -> 0x0040
[1898] [M]: 0x0000000080010DFC (0x0040006F) jal zero, 0x4
mem[X,0x0000000080010E00] -> 0xB023
mem[X,0x0000000080010E02] -> 0x4620
[1899] [M]: 0x0000000080010E00 (0x4620B023) sd sp, 0x460(ra)
mem[0x000000008004F638] <- 0x0000000000000003
clint::tick mtime <- 0x0000000000000013
 clint timer pending at mtime 0x0000000000000013
htif::tick 0x0000000000000000
mem[X,0x0000000080010E04] -> 0x0513
mem[X,0x0000000080010E06] -> 0xDFF0
[1900] [M]: 0x0000000080010E04 (0xDFF00513) addi a0, zero, -0x201
x10 <- 0xFFFFFFFFFFFFFDFF
mem[X,0x0000000080010E08] -> 0x0593
mem[X,0x0000000080010E0A] -> 0x0010
[1901] [M]: 0x0000000080010E08 (0x00100593) addi a1, zero, 0x1
x11 <- 0x0000000000000001
mem[X,0x0000000080010E0C] -> 0x9593
mem[X,0x0000000080010E0E] -> 0x0175
[1902] [M]: 0x0000000080010E0C (0x01759593) slli a1, a1, 0x17
x11 <- 0x0000000000800000
mem[X,0x0000000080010E10] -> 0xC593
mem[X,0x0000000080010E12] -> 0xFFF5
[1903] [M]: 0x0000000080010E10 (0xFFF5C593) xori a1, a1, -0x1
x11 <- 0xFFFFFFFFFF7FFFFF
mem[X,0x0000000080010E14] -> 0x0113
mem[X,0x0000000080010E16] -> 0x0000
[1904] [M]: 0x0000000080010E14 (0x00000113) addi sp, zero, 0x0
x2 <- 0x0000000000000000
mem[X,0x0000000080010E18] -> 0x006F
mem[X,0x0000000080010E1A] -> 0x00C0
[1905] [M]: 0x0000000080010E18 (0x00C0006F) jal zero, 0xc
mem[X,0x0000000080010E24] -> 0x4CE3
mem[X,0x0000000080010E26] -> 0xFEB5
[1906] [M]: 0x0000000080010E24 (0xFEB54CE3) blt a0, a1, -0x8
mem[X,0x0000000080010E28] -> 0x0113
mem[X,0x0000000080010E2A] -> 0x0021
[1907] [M]: 0x0000000080010E28 (0x00210113) addi sp, sp, 0x2
x2 <- 0x0000000000000002
mem[X,0x0000000080010E2C] -> 0x006F
mem[X,0x0000000080010E2E] -> 0x00C0
[1908] [M]: 0x0000000080010E2C (0x00C0006F) jal zero, 0xc
mem[X,0x0000000080010E38] -> 0xB423
mem[X,0x0000000080010E3A] -> 0x4620
[1909] [M]: 0x0000000080010E38 (0x4620B423) sd sp, 0x468(ra)
mem[0x000000008004F640] <- 0x0000000000000002
mem[X,0x0000000080010E3C] -> 0x0513
mem[X,0x0000000080010E3E] -> 0xBFF0
[1910] [M]: 0x0000000080010E3C (0xBFF00513) addi a0, zero, -0x401
x10 <- 0xFFFFFFFFFFFFFBFF
mem[X,0x0000000080010E40] -> 0x0593
mem[X,0x0000000080010E42] -> 0x0010
[1911] [M]: 0x0000000080010E40 (0x00100593) addi a1, zero, 0x1
x11 <- 0x0000000000000001
mem[X,0x0000000080010E44] -> 0x9593
mem[X,0x0000000080010E46] -> 0x0315
[1912] [M]: 0x0000000080010E44 (0x03159593) slli a1, a1, 0x31
x11 <- 0x0002000000000000
mem[X,0x0000000080010E48] -> 0x0113
mem[X,0x0000000080010E4A] -> 0x0000
[1913] [M]: 0x0000000080010E48 (0x00000113) addi sp, zero, 0x0
x2 <- 0x0000000000000000
mem[X,0x0000000080010E4C] -> 0x006F
mem[X,0x0000000080010E4E] -> 0x00C0
[1914] [M]: 0x0000000080010E4C (0x00C0006F) jal zero, 0xc
mem[X,0x0000000080010E58] -> 0x4063
mem[X,0x0000000080010E5A] -> 0x02B5
[1915] [M]: 0x0000000080010E58 (0x02B54063) blt a0, a1, 0x20
mem[X,0x0000000080010E78] -> 0x0113
mem[X,0x0000000080010E7A] -> 0x0031
[1916] [M]: 0x0000000080010E78 (0x00310113) addi sp, sp, 0x3
x2 <- 0x0000000000000003
mem[X,0x0000000080010E7C] -> 0x006F
mem[X,0x0000000080010E7E] -> 0x0040
[1917] [M]: 0x0000000080010E7C (0x0040006F) jal zero, 0x4
mem[X,0x0000000080010E80] -> 0xB823
mem[X,0x0000000080010E82] -> 0x4620
[1918] [M]: 0x0000000080010E80 (0x4620B823) sd sp, 0x470(ra)
mem[0x000000008004F648] <- 0x0000000000000003
mem[X,0x0000000080010E84] -> 0x0513
mem[X,0x0000000080010E86] -> 0x0010
[1919] [M]: 0x0000000080010E84 (0x00100513) addi a0, zero, 0x1
x10 <- 0x0000000000000001
mem[X,0x0000000080010E88] -> 0x1513
mem[X,0x0000000080010E8A] -> 0x00B5
[1920] [M]: 0x0000000080010E88 (0x00B51513) slli a0, a0, 0xb
x10 <- 0x0000000000000800
mem[X,0x0000000080010E8C] -> 0x4513
mem[X,0x0000000080010E8E] -> 0xFFF5
[1921] [M]: 0x0000000080010E8C (0xFFF54513) xori a0, a0, -0x1
x10 <- 0xFFFFFFFFFFFFF7FF
mem[X,0x0000000080010E90] -> 0x0593
mem[X,0x0000000080010E92] -> 0x0200
[1922] [M]: 0x0000000080010E90 (0x02000593) addi a1, zero, 0x20
x11 <- 0x0000000000000020
mem[X,0x0000000080010E94] -> 0x0113
mem[X,0x0000000080010E96] -> 0x0000
[1923] [M]: 0x0000000080010E94 (0x00000113) addi sp, zero, 0x0
x2 <- 0x0000000000000000
mem[X,0x0000000080010E98] -> 0x006F
mem[X,0x0000000080010E9A] -> 0x0100
[1924] [M]: 0x0000000080010E98 (0x0100006F) jal zero, 0x10
mem[X,0x0000000080010EA8] -> 0x4AE3
mem[X,0x0000000080010EAA] -> 0xFEB5
[1925] [M]: 0x0000000080010EA8 (0xFEB54AE3) blt a0, a1, -0xc
mem[X,0x0000000080010E9C] -> 0x0113
mem[X,0x0000000080010E9E] -> 0x0011
[1926] [M]: 0x0000000080010E9C (0x00110113) addi sp, sp, 0x1
x2 <- 0x0000000000000001
mem[X,0x0000000080010EA0] -> 0x006F
mem[X,0x0000000080010EA2] -> 0x01C0
[1927] [M]: 0x0000000080010EA0 (0x01C0006F) jal zero, 0x1c
mem[X,0x0000000080010EBC] -> 0xBC23
mem[X,0x0000000080010EBE] -> 0x4620
[1928] [M]: 0x0000000080010EBC (0x4620BC23) sd sp, 0x478(ra)
mem[0x000000008004F650] <- 0x0000000000000001
mem[X,0x0000000080010EC0] -> 0x0513
mem[X,0x0000000080010EC2] -> 0x0010
[1929] [M]: 0x0000000080010EC0 (0x00100513) addi a0, zero, 0x1
x10 <- 0x0000000000000001
mem[X,0x0000000080010EC4] -> 0x1513
mem[X,0x0000000080010EC6] -> 0x00C5
[1930] [M]: 0x0000000080010EC4 (0x00C51513) slli a0, a0, 0xc
x10 <- 0x0000000000001000
mem[X,0x0000000080010EC8] -> 0x4513
mem[X,0x0000000080010ECA] -> 0xFFF5
[1931] [M]: 0x0000000080010EC8 (0xFFF54513) xori a0, a0, -0x1
x10 <- 0xFFFFFFFFFFFFEFFF
mem[X,0x0000000080010ECC] -> 0x0593
mem[X,0x0000000080010ECE] -> 0x0010
[1932] [M]: 0x0000000080010ECC (0x00100593) addi a1, zero, 0x1
x11 <- 0x0000000000000001
mem[X,0x0000000080010ED0] -> 0x9593
mem[X,0x0000000080010ED2] -> 0x0175
[1933] [M]: 0x0000000080010ED0 (0x01759593) slli a1, a1, 0x17
x11 <- 0x0000000000800000
mem[X,0x0000000080010ED4] -> 0x0113
mem[X,0x0000000080010ED6] -> 0x0000
[1934] [M]: 0x0000000080010ED4 (0x00000113) addi sp, zero, 0x0
x2 <- 0x0000000000000000
mem[X,0x0000000080010ED8] -> 0x006F
mem[X,0x0000000080010EDA] -> 0x0180
[1935] [M]: 0x0000000080010ED8 (0x0180006F) jal zero, 0x18
mem[X,0x0000000080010EF0] -> 0x46E3
mem[X,0x0000000080010EF2] -> 0xFEB5
[1936] [M]: 0x0000000080010EF0 (0xFEB546E3) blt a0, a1, -0x14
mem[X,0x0000000080010EDC] -> 0x0113
mem[X,0x0000000080010EDE] -> 0x0011
[1937] [M]: 0x0000000080010EDC (0x00110113) addi sp, sp, 0x1
x2 <- 0x0000000000000001
mem[X,0x0000000080010EE0] -> 0x006F
mem[X,0x0000000080010EE2] -> 0x0240
[1938] [M]: 0x0000000080010EE0 (0x0240006F) jal zero, 0x24
mem[X,0x0000000080010F04] -> 0xB023
mem[X,0x0000000080010F06] -> 0x4820
[1939] [M]: 0x0000000080010F04 (0x4820B023) sd sp, 0x480(ra)
mem[0x000000008004F658] <- 0x0000000000000001
mem[X,0x0000000080010F08] -> 0x0513
mem[X,0x0000000080010F0A] -> 0x0010
[1940] [M]: 0x0000000080010F08 (0x00100513) addi a0, zero, 0x1
x10 <- 0x0000000000000001
mem[X,0x0000000080010F0C] -> 0x1513
mem[X,0x0000000080010F0E] -> 0x00E5
[1941] [M]: 0x0000000080010F0C (0x00E51513) slli a0, a0, 0xe
x10 <- 0x0000000000004000
mem[X,0x0000000080010F10] -> 0x4513
mem[X,0x0000000080010F12] -> 0xFFF5
[1942] [M]: 0x0000000080010F10 (0xFFF54513) xori a0, a0, -0x1
x10 <- 0xFFFFFFFFFFFFBFFF
mem[X,0x0000000080010F14] -> 0x0593
mem[X,0x0000000080010F16] -> 0x0010
[1943] [M]: 0x0000000080010F14 (0x00100593) addi a1, zero, 0x1
x11 <- 0x0000000000000001
mem[X,0x0000000080010F18] -> 0x9593
mem[X,0x0000000080010F1A] -> 0x0395
[1944] [M]: 0x0000000080010F18 (0x03959593) slli a1, a1, 0x39
x11 <- 0x0200000000000000
mem[X,0x0000000080010F1C] -> 0x0113
mem[X,0x0000000080010F1E] -> 0x0000
[1945] [M]: 0x0000000080010F1C (0x00000113) addi sp, zero, 0x0
x2 <- 0x0000000000000000
mem[X,0x0000000080010F20] -> 0x006F
mem[X,0x0000000080010F22] -> 0x0100
[1946] [M]: 0x0000000080010F20 (0x0100006F) jal zero, 0x10
mem[X,0x0000000080010F30] -> 0x4AE3
mem[X,0x0000000080010F32] -> 0xFEB5
[1947] [M]: 0x0000000080010F30 (0xFEB54AE3) blt a0, a1, -0xc
mem[X,0x0000000080010F24] -> 0x0113
mem[X,0x0000000080010F26] -> 0x0011
[1948] [M]: 0x0000000080010F24 (0x00110113) addi sp, sp, 0x1
x2 <- 0x0000000000000001
mem[X,0x0000000080010F28] -> 0x006F
mem[X,0x0000000080010F2A] -> 0x01C0
[1949] [M]: 0x0000000080010F28 (0x01C0006F) jal zero, 0x1c
mem[X,0x0000000080010F44] -> 0xB423
mem[X,0x0000000080010F46] -> 0x4820
[1950] [M]: 0x0000000080010F44 (0x4820B423) sd sp, 0x488(ra)
mem[0x000000008004F660] <- 0x0000000000000001
mem[X,0x0000000080010F48] -> 0x0513
mem[X,0x0000000080010F4A] -> 0x0010
[1951] [M]: 0x0000000080010F48 (0x00100513) addi a0, zero, 0x1
x10 <- 0x0000000000000001
mem[X,0x0000000080010F4C] -> 0x1513
mem[X,0x0000000080010F4E] -> 0x00F5
[1952] [M]: 0x0000000080010F4C (0x00F51513) slli a0, a0, 0xf
x10 <- 0x0000000000008000
mem[X,0x0000000080010F50] -> 0x4513
mem[X,0x0000000080010F52] -> 0xFFF5
[1953] [M]: 0x0000000080010F50 (0xFFF54513) xori a0, a0, -0x1
x10 <- 0xFFFFFFFFFFFF7FFF
mem[X,0x0000000080010F54] -> 0x0593
mem[X,0x0000000080010F56] -> 0x0010
[1954] [M]: 0x0000000080010F54 (0x00100593) addi a1, zero, 0x1
x11 <- 0x0000000000000001
mem[X,0x0000000080010F58] -> 0x9593
mem[X,0x0000000080010F5A] -> 0x02B5
[1955] [M]: 0x0000000080010F58 (0x02B59593) slli a1, a1, 0x2b
x11 <- 0x0000080000000000
mem[X,0x0000000080010F5C] -> 0xC593
mem[X,0x0000000080010F5E] -> 0xFFF5
[1956] [M]: 0x0000000080010F5C (0xFFF5C593) xori a1, a1, -0x1
x11 <- 0xFFFFF7FFFFFFFFFF
mem[X,0x0000000080010F60] -> 0x0113
mem[X,0x0000000080010F62] -> 0x0000
[1957] [M]: 0x0000000080010F60 (0x00000113) addi sp, zero, 0x0
x2 <- 0x0000000000000000
mem[X,0x0000000080010F64] -> 0x006F
mem[X,0x0000000080010F66] -> 0x00C0
[1958] [M]: 0x0000000080010F64 (0x00C0006F) jal zero, 0xc
mem[X,0x0000000080010F70] -> 0x4063
mem[X,0x0000000080010F72] -> 0x10B5
[1959] [M]: 0x0000000080010F70 (0x10B54063) blt a0, a1, 0x100
mem[X,0x0000000080010F74] -> 0x0113
mem[X,0x0000000080010F76] -> 0x0021
[1960] [M]: 0x0000000080010F74 (0x00210113) addi sp, sp, 0x2
x2 <- 0x0000000000000002
mem[X,0x0000000080010F78] -> 0x006F
mem[X,0x0000000080010F7A] -> 0x1000
[1961] [M]: 0x0000000080010F78 (0x1000006F) jal zero, 0x100
mem[X,0x0000000080011078] -> 0xB823
mem[X,0x000000008001107A] -> 0x4820
[1962] [M]: 0x0000000080011078 (0x4820B823) sd sp, 0x490(ra)
mem[0x000000008004F668] <- 0x0000000000000002
mem[X,0x000000008001107C] -> 0x0513
mem[X,0x000000008001107E] -> 0x0010
[1963] [M]: 0x000000008001107C (0x00100513) addi a0, zero, 0x1
x10 <- 0x0000000000000001
mem[X,0x0000000080011080] -> 0x1513
mem[X,0x0000000080011082] -> 0x0125
[1964] [M]: 0x0000000080011080 (0x01251513) slli a0, a0, 0x12
x10 <- 0x0000000000040000
mem[X,0x0000000080011084] -> 0x4513
mem[X,0x0000000080011086] -> 0xFFF5
[1965] [M]: 0x0000000080011084 (0xFFF54513) xori a0, a0, -0x1
x10 <- 0xFFFFFFFFFFFBFFFF
mem[X,0x0000000080011088] -> 0x0593
mem[X,0x000000008001108A] -> 0x0010
[1966] [M]: 0x0000000080011088 (0x00100593) addi a1, zero, 0x1
x11 <- 0x0000000000000001
mem[X,0x000000008001108C] -> 0x9593
mem[X,0x000000008001108E] -> 0x0115
[1967] [M]: 0x000000008001108C (0x01159593) slli a1, a1, 0x11
x11 <- 0x0000000000020000
mem[X,0x0000000080011090] -> 0x0113
mem[X,0x0000000080011092] -> 0x0000
[1968] [M]: 0x0000000080011090 (0x00000113) addi sp, zero, 0x0
x2 <- 0x0000000000000000
mem[X,0x0000000080011094] -> 0x006F
mem[X,0x0000000080011096] -> 0x00C0
[1969] [M]: 0x0000000080011094 (0x00C0006F) jal zero, 0xc
mem[X,0x00000000800110A0] -> 0x4063
mem[X,0x00000000800110A2] -> 0x04B5
[1970] [M]: 0x00000000800110A0 (0x04B54063) blt a0, a1, 0x40
mem[X,0x00000000800110E0] -> 0x0113
mem[X,0x00000000800110E2] -> 0x0031
[1971] [M]: 0x00000000800110E0 (0x00310113) addi sp, sp, 0x3
x2 <- 0x0000000000000003
mem[X,0x00000000800110E4] -> 0x006F
mem[X,0x00000000800110E6] -> 0x0040
[1972] [M]: 0x00000000800110E4 (0x0040006F) jal zero, 0x4
mem[X,0x00000000800110E8] -> 0xBC23
mem[X,0x00000000800110EA] -> 0x4820
[1973] [M]: 0x00000000800110E8 (0x4820BC23) sd sp, 0x498(ra)
mem[0x000000008004F670] <- 0x0000000000000003
mem[X,0x00000000800110EC] -> 0x0513
mem[X,0x00000000800110EE] -> 0x0010
[1974] [M]: 0x00000000800110EC (0x00100513) addi a0, zero, 0x1
x10 <- 0x0000000000000001
mem[X,0x00000000800110F0] -> 0x1513
mem[X,0x00000000800110F2] -> 0x0155
[1975] [M]: 0x00000000800110F0 (0x01551513) slli a0, a0, 0x15
x10 <- 0x0000000000200000
mem[X,0x00000000800110F4] -> 0x4513
mem[X,0x00000000800110F6] -> 0xFFF5
[1976] [M]: 0x00000000800110F4 (0xFFF54513) xori a0, a0, -0x1
x10 <- 0xFFFFFFFFFFDFFFFF
mem[X,0x00000000800110F8] -> 0x0593
mem[X,0x00000000800110FA] -> 0x0010
[1977] [M]: 0x00000000800110F8 (0x00100593) addi a1, zero, 0x1
x11 <- 0x0000000000000001
mem[X,0x00000000800110FC] -> 0x9593
mem[X,0x00000000800110FE] -> 0x0125
[1978] [M]: 0x00000000800110FC (0x01259593) slli a1, a1, 0x12
x11 <- 0x0000000000040000
mem[X,0x0000000080011100] -> 0x0113
mem[X,0x0000000080011102] -> 0x0000
[1979] [M]: 0x0000000080011100 (0x00000113) addi sp, zero, 0x0
x2 <- 0x0000000000000000
mem[X,0x0000000080011104] -> 0x006F
mem[X,0x0000000080011106] -> 0x0050
[1980] [M]: 0x0000000080011104 (0x0050006F) jal zero, 0x804
mem[X,0x0000000080011908] -> 0x40E3
mem[X,0x000000008001190A] -> 0x80B5
[1981] [M]: 0x0000000080011908 (0x80B540E3) blt a0, a1, -0x800
mem[X,0x0000000080011108] -> 0x0113
mem[X,0x000000008001110A] -> 0x0011
[1982] [M]: 0x0000000080011108 (0x00110113) addi sp, sp, 0x1
x2 <- 0x0000000000000001
mem[X,0x000000008001110C] -> 0x006F
mem[X,0x000000008001110E] -> 0x0110
[1983] [M]: 0x000000008001110C (0x0110006F) jal zero, 0x810
mem[X,0x000000008001191C] -> 0xB023
mem[X,0x000000008001191E] -> 0x4A20
[1984] [M]: 0x000000008001191C (0x4A20B023) sd sp, 0x4a0(ra)
mem[0x000000008004F678] <- 0x0000000000000001
mem[X,0x0000000080011920] -> 0x0513
mem[X,0x0000000080011922] -> 0x0010
[1985] [M]: 0x0000000080011920 (0x00100513) addi a0, zero, 0x1
x10 <- 0x0000000000000001
mem[X,0x0000000080011924] -> 0x1513
mem[X,0x0000000080011926] -> 0x0165
[1986] [M]: 0x0000000080011924 (0x01651513) slli a0, a0, 0x16
x10 <- 0x0000000000400000
mem[X,0x0000000080011928] -> 0x4513
mem[X,0x000000008001192A] -> 0xFFF5
[1987] [M]: 0x0000000080011928 (0xFFF54513) xori a0, a0, -0x1
x10 <- 0xFFFFFFFFFFBFFFFF
mem[X,0x000000008001192C] -> 0x0593
mem[X,0x000000008001192E] -> 0x0010
[1988] [M]: 0x000000008001192C (0x00100593) addi a1, zero, 0x1
x11 <- 0x0000000000000001
mem[X,0x0000000080011930] -> 0x9593
mem[X,0x0000000080011932] -> 0x0105
[1989] [M]: 0x0000000080011930 (0x01059593) slli a1, a1, 0x10
x11 <- 0x0000000000010000
mem[X,0x0000000080011934] -> 0x0113
mem[X,0x0000000080011936] -> 0x0000
[1990] [M]: 0x0000000080011934 (0x00000113) addi sp, zero, 0x0
x2 <- 0x0000000000000000
mem[X,0x0000000080011938] -> 0x006F
mem[X,0x000000008001193A] -> 0x00C0
[1991] [M]: 0x0000000080011938 (0x00C0006F) jal zero, 0xc
mem[X,0x0000000080011944] -> 0x4063
mem[X,0x0000000080011946] -> 0x40B5
[1992] [M]: 0x0000000080011944 (0x40B54063) blt a0, a1, 0x400
mem[X,0x0000000080011D44] -> 0x0113
mem[X,0x0000000080011D46] -> 0x0031
[1993] [M]: 0x0000000080011D44 (0x00310113) addi sp, sp, 0x3
x2 <- 0x0000000000000003
mem[X,0x0000000080011D48] -> 0x006F
mem[X,0x0000000080011D4A] -> 0x0040
[1994] [M]: 0x0000000080011D48 (0x0040006F) jal zero, 0x4
mem[X,0x0000000080011D4C] -> 0xB423
mem[X,0x0000000080011D4E] -> 0x4A20
[1995] [M]: 0x0000000080011D4C (0x4A20B423) sd sp, 0x4a8(ra)
mem[0x000000008004F680] <- 0x0000000000000003
mem[X,0x0000000080011D50] -> 0x0513
mem[X,0x0000000080011D52] -> 0x0010
[1996] [M]: 0x0000000080011D50 (0x00100513) addi a0, zero, 0x1
x10 <- 0x0000000000000001
mem[X,0x0000000080011D54] -> 0x1513
mem[X,0x0000000080011D56] -> 0x0175
[1997] [M]: 0x0000000080011D54 (0x01751513) slli a0, a0, 0x17
x10 <- 0x0000000000800000
mem[X,0x0000000080011D58] -> 0x4513
mem[X,0x0000000080011D5A] -> 0xFFF5
[1998] [M]: 0x0000000080011D58 (0xFFF54513) xori a0, a0, -0x1
x10 <- 0xFFFFFFFFFF7FFFFF
mem[X,0x0000000080011D5C] -> 0x0593
mem[X,0x0000000080011D5E] -> 0x0100
[1999] [M]: 0x0000000080011D5C (0x01000593) addi a1, zero, 0x10
x11 <- 0x0000000000000010
clint::tick mtime <- 0x0000000000000014
 clint timer pending at mtime 0x0000000000000014
htif::tick 0x0000000000000000
mem[X,0x0000000080011D60] -> 0x0113
mem[X,0x0000000080011D62] -> 0x0000
[2000] [M]: 0x0000000080011D60 (0x00000113) addi sp, zero, 0x0
x2 <- 0x0000000000000000
mem[X,0x0000000080011D64] -> 0x006F
mem[X,0x0000000080011D66] -> 0x2B10
[2001] [M]: 0x0000000080011D64 (0x2B10006F) jal zero, 0xab0
mem[X,0x0000000080012814] -> 0x4A63
mem[X,0x0000000080012816] -> 0xD4B5
[2002] [M]: 0x0000000080012814 (0xD4B54A63) blt a0, a1, -0xaac
mem[X,0x0000000080011D68] -> 0x0113
mem[X,0x0000000080011D6A] -> 0x0011
[2003] [M]: 0x0000000080011D68 (0x00110113) addi sp, sp, 0x1
x2 <- 0x0000000000000001
mem[X,0x0000000080011D6C] -> 0x006F
mem[X,0x0000000080011D6E] -> 0x2BD0
[2004] [M]: 0x0000000080011D6C (0x2BD0006F) jal zero, 0xabc
mem[X,0x0000000080012828] -> 0xB823
mem[X,0x000000008001282A] -> 0x4A20
[2005] [M]: 0x0000000080012828 (0x4A20B823) sd sp, 0x4b0(ra)
mem[0x000000008004F688] <- 0x0000000000000001
mem[X,0x000000008001282C] -> 0x0513
mem[X,0x000000008001282E] -> 0x0010
[2006] [M]: 0x000000008001282C (0x00100513) addi a0, zero, 0x1
x10 <- 0x0000000000000001
mem[X,0x0000000080012830] -> 0x1513
mem[X,0x0000000080012832] -> 0x0195
[2007] [M]: 0x0000000080012830 (0x01951513) slli a0, a0, 0x19
x10 <- 0x0000000002000000
mem[X,0x0000000080012834] -> 0x4513
mem[X,0x0000000080012836] -> 0xFFF5
[2008] [M]: 0x0000000080012834 (0xFFF54513) xori a0, a0, -0x1
x10 <- 0xFFFFFFFFFDFFFFFF
mem[X,0x0000000080012838] -> 0x0593
mem[X,0x000000008001283A] -> 0xBFF0
[2009] [M]: 0x0000000080012838 (0xBFF00593) addi a1, zero, -0x401
x11 <- 0xFFFFFFFFFFFFFBFF
mem[X,0x000000008001283C] -> 0x0113
mem[X,0x000000008001283E] -> 0x0000
[2010] [M]: 0x000000008001283C (0x00000113) addi sp, zero, 0x0
x2 <- 0x0000000000000000
mem[X,0x0000000080012840] -> 0x006F
mem[X,0x0000000080012842] -> 0x00C0
[2011] [M]: 0x0000000080012840 (0x00C0006F) jal zero, 0xc
mem[X,0x000000008001284C] -> 0x4063
mem[X,0x000000008001284E] -> 0x40B5
[2012] [M]: 0x000000008001284C (0x40B54063) blt a0, a1, 0x400
mem[X,0x0000000080012C4C] -> 0x0113
mem[X,0x0000000080012C4E] -> 0x0031
[2013] [M]: 0x0000000080012C4C (0x00310113) addi sp, sp, 0x3
x2 <- 0x0000000000000003
mem[X,0x0000000080012C50] -> 0x006F
mem[X,0x0000000080012C52] -> 0x0040
[2014] [M]: 0x0000000080012C50 (0x0040006F) jal zero, 0x4
mem[X,0x0000000080012C54] -> 0xBC23
mem[X,0x0000000080012C56] -> 0x4A20
[2015] [M]: 0x0000000080012C54 (0x4A20BC23) sd sp, 0x4b8(ra)
mem[0x000000008004F690] <- 0x0000000000000003
mem[X,0x0000000080012C58] -> 0x0513
mem[X,0x0000000080012C5A] -> 0x0010
[2016] [M]: 0x0000000080012C58 (0x00100513) addi a0, zero, 0x1
x10 <- 0x0000000000000001
mem[X,0x0000000080012C5C] -> 0x1513
mem[X,0x0000000080012C5E] -> 0x01A5
[2017] [M]: 0x0000000080012C5C (0x01A51513) slli a0, a0, 0x1a
x10 <- 0x0000000004000000
mem[X,0x0000000080012C60] -> 0x4513
mem[X,0x0000000080012C62] -> 0xFFF5
[2018] [M]: 0x0000000080012C60 (0xFFF54513) xori a0, a0, -0x1
x10 <- 0xFFFFFFFFFBFFFFFF
mem[X,0x0000000080012C64] -> 0x0593
mem[X,0x0000000080012C66] -> 0x0040
[2019] [M]: 0x0000000080012C64 (0x00400593) addi a1, zero, 0x4
x11 <- 0x0000000000000004
mem[X,0x0000000080012C68] -> 0x0113
mem[X,0x0000000080012C6A] -> 0x0000
[2020] [M]: 0x0000000080012C68 (0x00000113) addi sp, zero, 0x0
x2 <- 0x0000000000000000
mem[X,0x0000000080012C6C] -> 0x006F
mem[X,0x0000000080012C6E] -> 0x0100
[2021] [M]: 0x0000000080012C6C (0x0100006F) jal zero, 0x10
mem[X,0x0000000080012C7C] -> 0x4AE3
mem[X,0x0000000080012C7E] -> 0xFEB5
[2022] [M]: 0x0000000080012C7C (0xFEB54AE3) blt a0, a1, -0xc
mem[X,0x0000000080012C70] -> 0x0113
mem[X,0x0000000080012C72] -> 0x0011
[2023] [M]: 0x0000000080012C70 (0x00110113) addi sp, sp, 0x1
x2 <- 0x0000000000000001
mem[X,0x0000000080012C74] -> 0x006F
mem[X,0x0000000080012C76] -> 0x01C0
[2024] [M]: 0x0000000080012C74 (0x01C0006F) jal zero, 0x1c
mem[X,0x0000000080012C90] -> 0xB023
mem[X,0x0000000080012C92] -> 0x4C20
[2025] [M]: 0x0000000080012C90 (0x4C20B023) sd sp, 0x4c0(ra)
mem[0x000000008004F698] <- 0x0000000000000001
mem[X,0x0000000080012C94] -> 0x0513
mem[X,0x0000000080012C96] -> 0x0010
[2026] [M]: 0x0000000080012C94 (0x00100513) addi a0, zero, 0x1
x10 <- 0x0000000000000001
mem[X,0x0000000080012C98] -> 0x1513
mem[X,0x0000000080012C9A] -> 0x0215
[2027] [M]: 0x0000000080012C98 (0x02151513) slli a0, a0, 0x21
x10 <- 0x0000000200000000
mem[X,0x0000000080012C9C] -> 0x4513
mem[X,0x0000000080012C9E] -> 0xFFF5
[2028] [M]: 0x0000000080012C9C (0xFFF54513) xori a0, a0, -0x1
x10 <- 0xFFFFFFFDFFFFFFFF
mem[X,0x0000000080012CA0] -> 0x0593
mem[X,0x0000000080012CA2] -> 0x0010
[2029] [M]: 0x0000000080012CA0 (0x00100593) addi a1, zero, 0x1
x11 <- 0x0000000000000001
mem[X,0x0000000080012CA4] -> 0x9593
mem[X,0x0000000080012CA6] -> 0x0165
[2030] [M]: 0x0000000080012CA4 (0x01659593) slli a1, a1, 0x16
x11 <- 0x0000000000400000
mem[X,0x0000000080012CA8] -> 0x0113
mem[X,0x0000000080012CAA] -> 0x0000
[2031] [M]: 0x0000000080012CA8 (0x00000113) addi sp, zero, 0x0
x2 <- 0x0000000000000000
mem[X,0x0000000080012CAC] -> 0x006F
mem[X,0x0000000080012CAE] -> 0x00C0
[2032] [M]: 0x0000000080012CAC (0x00C0006F) jal zero, 0xc
mem[X,0x0000000080012CB8] -> 0x4063
mem[X,0x0000000080012CBA] -> 0x08B5
[2033] [M]: 0x0000000080012CB8 (0x08B54063) blt a0, a1, 0x80
mem[X,0x0000000080012D38] -> 0x0113
mem[X,0x0000000080012D3A] -> 0x0031
[2034] [M]: 0x0000000080012D38 (0x00310113) addi sp, sp, 0x3
x2 <- 0x0000000000000003
mem[X,0x0000000080012D3C] -> 0x006F
mem[X,0x0000000080012D3E] -> 0x0040
[2035] [M]: 0x0000000080012D3C (0x0040006F) jal zero, 0x4
mem[X,0x0000000080012D40] -> 0xB423
mem[X,0x0000000080012D42] -> 0x4C20
[2036] [M]: 0x0000000080012D40 (0x4C20B423) sd sp, 0x4c8(ra)
mem[0x000000008004F6A0] <- 0x0000000000000003
mem[X,0x0000000080012D44] -> 0x0513
mem[X,0x0000000080012D46] -> 0x0010
[2037] [M]: 0x0000000080012D44 (0x00100513) addi a0, zero, 0x1
x10 <- 0x0000000000000001
mem[X,0x0000000080012D48] -> 0x1513
mem[X,0x0000000080012D4A] -> 0x0255
[2038] [M]: 0x0000000080012D48 (0x02551513) slli a0, a0, 0x25
x10 <- 0x0000002000000000
mem[X,0x0000000080012D4C] -> 0x4513
mem[X,0x0000000080012D4E] -> 0xFFF5
[2039] [M]: 0x0000000080012D4C (0xFFF54513) xori a0, a0, -0x1
x10 <- 0xFFFFFFDFFFFFFFFF
mem[X,0x0000000080012D50] -> 0x0593
mem[X,0x0000000080012D52] -> 0x0010
[2040] [M]: 0x0000000080012D50 (0x00100593) addi a1, zero, 0x1
x11 <- 0x0000000000000001
mem[X,0x0000000080012D54] -> 0x9593
mem[X,0x0000000080012D56] -> 0x01A5
[2041] [M]: 0x0000000080012D54 (0x01A59593) slli a1, a1, 0x1a
x11 <- 0x0000000004000000
mem[X,0x0000000080012D58] -> 0x0113
mem[X,0x0000000080012D5A] -> 0x0000
[2042] [M]: 0x0000000080012D58 (0x00000113) addi sp, zero, 0x0
x2 <- 0x0000000000000000
mem[X,0x0000000080012D5C] -> 0x006F
mem[X,0x0000000080012D5E] -> 0x00C0
[2043] [M]: 0x0000000080012D5C (0x00C0006F) jal zero, 0xc
mem[X,0x0000000080012D68] -> 0x4063
mem[X,0x0000000080012D6A] -> 0x04B5
[2044] [M]: 0x0000000080012D68 (0x04B54063) blt a0, a1, 0x40
mem[X,0x0000000080012DA8] -> 0x0113
mem[X,0x0000000080012DAA] -> 0x0031
[2045] [M]: 0x0000000080012DA8 (0x00310113) addi sp, sp, 0x3
x2 <- 0x0000000000000003
mem[X,0x0000000080012DAC] -> 0x006F
mem[X,0x0000000080012DAE] -> 0x0040
[2046] [M]: 0x0000000080012DAC (0x0040006F) jal zero, 0x4
mem[X,0x0000000080012DB0] -> 0xB823
mem[X,0x0000000080012DB2] -> 0x4C20
[2047] [M]: 0x0000000080012DB0 (0x4C20B823) sd sp, 0x4d0(ra)
mem[0x000000008004F6A8] <- 0x0000000000000003
mem[X,0x0000000080012DB4] -> 0x0513
mem[X,0x0000000080012DB6] -> 0x0010
[2048] [M]: 0x0000000080012DB4 (0x00100513) addi a0, zero, 0x1
x10 <- 0x0000000000000001
mem[X,0x0000000080012DB8] -> 0x1513
mem[X,0x0000000080012DBA] -> 0x0275
[2049] [M]: 0x0000000080012DB8 (0x02751513) slli a0, a0, 0x27
x10 <- 0x0000008000000000
mem[X,0x0000000080012DBC] -> 0x4513
mem[X,0x0000000080012DBE] -> 0xFFF5
[2050] [M]: 0x0000000080012DBC (0xFFF54513) xori a0, a0, -0x1
x10 <- 0xFFFFFF7FFFFFFFFF
mem[X,0x0000000080012DC0] -> 0x0593
mem[X,0x0000000080012DC2] -> 0x0010
[2051] [M]: 0x0000000080012DC0 (0x00100593) addi a1, zero, 0x1
x11 <- 0x0000000000000001
mem[X,0x0000000080012DC4] -> 0x9593
mem[X,0x0000000080012DC6] -> 0x0385
[2052] [M]: 0x0000000080012DC4 (0x03859593) slli a1, a1, 0x38
x11 <- 0x0100000000000000
mem[X,0x0000000080012DC8] -> 0x0113
mem[X,0x0000000080012DCA] -> 0x0000
[2053] [M]: 0x0000000080012DC8 (0x00000113) addi sp, zero, 0x0
x2 <- 0x0000000000000000
mem[X,0x0000000080012DCC] -> 0x006F
mem[X,0x0000000080012DCE] -> 0x00C0
[2054] [M]: 0x0000000080012DCC (0x00C0006F) jal zero, 0xc
mem[X,0x0000000080012DD8] -> 0x4063
mem[X,0x0000000080012DDA] -> 0x02B5
[2055] [M]: 0x0000000080012DD8 (0x02B54063) blt a0, a1, 0x20
mem[X,0x0000000080012DF8] -> 0x0113
mem[X,0x0000000080012DFA] -> 0x0031
[2056] [M]: 0x0000000080012DF8 (0x00310113) addi sp, sp, 0x3
x2 <- 0x0000000000000003
mem[X,0x0000000080012DFC] -> 0x006F
mem[X,0x0000000080012DFE] -> 0x0040
[2057] [M]: 0x0000000080012DFC (0x0040006F) jal zero, 0x4
mem[X,0x0000000080012E00] -> 0xBC23
mem[X,0x0000000080012E02] -> 0x4C20
[2058] [M]: 0x0000000080012E00 (0x4C20BC23) sd sp, 0x4d8(ra)
mem[0x000000008004F6B0] <- 0x0000000000000003
mem[X,0x0000000080012E04] -> 0x0513
mem[X,0x0000000080012E06] -> 0x0010
[2059] [M]: 0x0000000080012E04 (0x00100513) addi a0, zero, 0x1
x10 <- 0x0000000000000001
mem[X,0x0000000080012E08] -> 0x1513
mem[X,0x0000000080012E0A] -> 0x0285
[2060] [M]: 0x0000000080012E08 (0x02851513) slli a0, a0, 0x28
x10 <- 0x0000010000000000
mem[X,0x0000000080012E0C] -> 0x4513
mem[X,0x0000000080012E0E] -> 0xFFF5
[2061] [M]: 0x0000000080012E0C (0xFFF54513) xori a0, a0, -0x1
x10 <- 0xFFFFFEFFFFFFFFFF
mem[X,0x0000000080012E10] -> 0x0593
mem[X,0x0000000080012E12] -> 0x0010
[2062] [M]: 0x0000000080012E10 (0x00100593) addi a1, zero, 0x1
x11 <- 0x0000000000000001
mem[X,0x0000000080012E14] -> 0x9593
mem[X,0x0000000080012E16] -> 0x00C5
[2063] [M]: 0x0000000080012E14 (0x00C59593) slli a1, a1, 0xc
x11 <- 0x0000000000001000
mem[X,0x0000000080012E18] -> 0xC593
mem[X,0x0000000080012E1A] -> 0xFFF5
[2064] [M]: 0x0000000080012E18 (0xFFF5C593) xori a1, a1, -0x1
x11 <- 0xFFFFFFFFFFFFEFFF
mem[X,0x0000000080012E1C] -> 0x0113
mem[X,0x0000000080012E1E] -> 0x0000
[2065] [M]: 0x0000000080012E1C (0x00000113) addi sp, zero, 0x0
x2 <- 0x0000000000000000
mem[X,0x0000000080012E20] -> 0x006F
mem[X,0x0000000080012E22] -> 0x00C0
[2066] [M]: 0x0000000080012E20 (0x00C0006F) jal zero, 0xc
mem[X,0x0000000080012E2C] -> 0x4663
mem[X,0x0000000080012E2E] -> 0x00B5
[2067] [M]: 0x0000000080012E2C (0x00B54663) blt a0, a1, 0xc
mem[X,0x0000000080012E38] -> 0x0113
mem[X,0x0000000080012E3A] -> 0x0031
[2068] [M]: 0x0000000080012E38 (0x00310113) addi sp, sp, 0x3
x2 <- 0x0000000000000003
mem[X,0x0000000080012E3C] -> 0x006F
mem[X,0x0000000080012E3E] -> 0x0040
[2069] [M]: 0x0000000080012E3C (0x0040006F) jal zero, 0x4
mem[X,0x0000000080012E40] -> 0xB023
mem[X,0x0000000080012E42] -> 0x4E20
[2070] [M]: 0x0000000080012E40 (0x4E20B023) sd sp, 0x4e0(ra)
mem[0x000000008004F6B8] <- 0x0000000000000003
mem[X,0x0000000080012E44] -> 0x0513
mem[X,0x0000000080012E46] -> 0x0010
[2071] [M]: 0x0000000080012E44 (0x00100513) addi a0, zero, 0x1
x10 <- 0x0000000000000001
mem[X,0x0000000080012E48] -> 0x1513
mem[X,0x0000000080012E4A] -> 0x02A5
[2072] [M]: 0x0000000080012E48 (0x02A51513) slli a0, a0, 0x2a
x10 <- 0x0000040000000000
mem[X,0x0000000080012E4C] -> 0x4513
mem[X,0x0000000080012E4E] -> 0xFFF5
[2073] [M]: 0x0000000080012E4C (0xFFF54513) xori a0, a0, -0x1
x10 <- 0xFFFFFBFFFFFFFFFF
mem[X,0x0000000080012E50] -> 0x55B7
mem[X,0x0000000080012E52] -> 0x5555
[2074] [M]: 0x0000000080012E50 (0x555555B7) lui a1, 0x55555
x11 <- 0x0000000055555000
mem[X,0x0000000080012E54] -> 0x8593
mem[X,0x0000000080012E56] -> 0x5555
[2075] [M]: 0x0000000080012E54 (0x55558593) addi a1, a1, 0x555
x11 <- 0x0000000055555555
mem[X,0x0000000080012E58] -> 0x9593
mem[X,0x0000000080012E5A] -> 0x00B5
[2076] [M]: 0x0000000080012E58 (0x00B59593) slli a1, a1, 0xb
x11 <- 0x000002AAAAAAA800
mem[X,0x0000000080012E5C] -> 0x8593
mem[X,0x0000000080012E5E] -> 0x2AA5
[2077] [M]: 0x0000000080012E5C (0x2AA58593) addi a1, a1, 0x2aa
x11 <- 0x000002AAAAAAAAAA
mem[X,0x0000000080012E60] -> 0x9593
mem[X,0x0000000080012E62] -> 0x00B5
[2078] [M]: 0x0000000080012E60 (0x00B59593) slli a1, a1, 0xb
x11 <- 0x0015555555555000
mem[X,0x0000000080012E64] -> 0x8593
mem[X,0x0000000080012E66] -> 0x5555
[2079] [M]: 0x0000000080012E64 (0x55558593) addi a1, a1, 0x555
x11 <- 0x0015555555555555
mem[X,0x0000000080012E68] -> 0x9593
mem[X,0x0000000080012E6A] -> 0x00A5
[2080] [M]: 0x0000000080012E68 (0x00A59593) slli a1, a1, 0xa
x11 <- 0x5555555555555400
mem[X,0x0000000080012E6C] -> 0x8593
mem[X,0x0000000080012E6E] -> 0x1545
[2081] [M]: 0x0000000080012E6C (0x15458593) addi a1, a1, 0x154
x11 <- 0x5555555555555554
mem[X,0x0000000080012E70] -> 0x0113
mem[X,0x0000000080012E72] -> 0x0000
[2082] [M]: 0x0000000080012E70 (0x00000113) addi sp, zero, 0x0
x2 <- 0x0000000000000000
mem[X,0x0000000080012E74] -> 0x006F
mem[X,0x0000000080012E76] -> 0x0180
[2083] [M]: 0x0000000080012E74 (0x0180006F) jal zero, 0x18
mem[X,0x0000000080012E8C] -> 0x46E3
mem[X,0x0000000080012E8E] -> 0xFEB5
[2084] [M]: 0x0000000080012E8C (0xFEB546E3) blt a0, a1, -0x14
mem[X,0x0000000080012E78] -> 0x0113
mem[X,0x0000000080012E7A] -> 0x0011
[2085] [M]: 0x0000000080012E78 (0x00110113) addi sp, sp, 0x1
x2 <- 0x0000000000000001
mem[X,0x0000000080012E7C] -> 0x006F
mem[X,0x0000000080012E7E] -> 0x0240
[2086] [M]: 0x0000000080012E7C (0x0240006F) jal zero, 0x24
mem[X,0x0000000080012EA0] -> 0xB423
mem[X,0x0000000080012EA2] -> 0x4E20
[2087] [M]: 0x0000000080012EA0 (0x4E20B423) sd sp, 0x4e8(ra)
mem[0x000000008004F6C0] <- 0x0000000000000001
mem[X,0x0000000080012EA4] -> 0x0513
mem[X,0x0000000080012EA6] -> 0x0010
[2088] [M]: 0x0000000080012EA4 (0x00100513) addi a0, zero, 0x1
x10 <- 0x0000000000000001
mem[X,0x0000000080012EA8] -> 0x1513
mem[X,0x0000000080012EAA] -> 0x02D5
[2089] [M]: 0x0000000080012EA8 (0x02D51513) slli a0, a0, 0x2d
x10 <- 0x0000200000000000
mem[X,0x0000000080012EAC] -> 0x4513
mem[X,0x0000000080012EAE] -> 0xFFF5
[2090] [M]: 0x0000000080012EAC (0xFFF54513) xori a0, a0, -0x1
x10 <- 0xFFFFDFFFFFFFFFFF
mem[X,0x0000000080012EB0] -> 0x0593
mem[X,0x0000000080012EB2] -> 0x0050
[2091] [M]: 0x0000000080012EB0 (0x00500593) addi a1, zero, 0x5
x11 <- 0x0000000000000005
mem[X,0x0000000080012EB4] -> 0x0113
mem[X,0x0000000080012EB6] -> 0x0000
[2092] [M]: 0x0000000080012EB4 (0x00000113) addi sp, zero, 0x0
x2 <- 0x0000000000000000
mem[X,0x0000000080012EB8] -> 0x006F
mem[X,0x0000000080012EBA] -> 0x00C0
[2093] [M]: 0x0000000080012EB8 (0x00C0006F) jal zero, 0xc
mem[X,0x0000000080012EC4] -> 0x4663
mem[X,0x0000000080012EC6] -> 0x00B5
[2094] [M]: 0x0000000080012EC4 (0x00B54663) blt a0, a1, 0xc
mem[X,0x0000000080012ED0] -> 0x0113
mem[X,0x0000000080012ED2] -> 0x0031
[2095] [M]: 0x0000000080012ED0 (0x00310113) addi sp, sp, 0x3
x2 <- 0x0000000000000003
mem[X,0x0000000080012ED4] -> 0x006F
mem[X,0x0000000080012ED6] -> 0x0040
[2096] [M]: 0x0000000080012ED4 (0x0040006F) jal zero, 0x4
mem[X,0x0000000080012ED8] -> 0xB823
mem[X,0x0000000080012EDA] -> 0x4E20
[2097] [M]: 0x0000000080012ED8 (0x4E20B823) sd sp, 0x4f0(ra)
mem[0x000000008004F6C8] <- 0x0000000000000003
mem[X,0x0000000080012EDC] -> 0x0513
mem[X,0x0000000080012EDE] -> 0x0010
[2098] [M]: 0x0000000080012EDC (0x00100513) addi a0, zero, 0x1
x10 <- 0x0000000000000001
mem[X,0x0000000080012EE0] -> 0x1513
mem[X,0x0000000080012EE2] -> 0x0335
[2099] [M]: 0x0000000080012EE0 (0x03351513) slli a0, a0, 0x33
x10 <- 0x0008000000000000
clint::tick mtime <- 0x0000000000000015
 clint timer pending at mtime 0x0000000000000015
htif::tick 0x0000000000000000
mem[X,0x0000000080012EE4] -> 0x4513
mem[X,0x0000000080012EE6] -> 0xFFF5
[2100] [M]: 0x0000000080012EE4 (0xFFF54513) xori a0, a0, -0x1
x10 <- 0xFFF7FFFFFFFFFFFF
mem[X,0x0000000080012EE8] -> 0x0593
mem[X,0x0000000080012EEA] -> 0x0010
[2101] [M]: 0x0000000080012EE8 (0x00100593) addi a1, zero, 0x1
x11 <- 0x0000000000000001
mem[X,0x0000000080012EEC] -> 0x9593
mem[X,0x0000000080012EEE] -> 0x02E5
[2102] [M]: 0x0000000080012EEC (0x02E59593) slli a1, a1, 0x2e
x11 <- 0x0000400000000000
mem[X,0x0000000080012EF0] -> 0xC593
mem[X,0x0000000080012EF2] -> 0xFFF5
[2103] [M]: 0x0000000080012EF0 (0xFFF5C593) xori a1, a1, -0x1
x11 <- 0xFFFFBFFFFFFFFFFF
mem[X,0x0000000080012EF4] -> 0x0113
mem[X,0x0000000080012EF6] -> 0x0000
[2104] [M]: 0x0000000080012EF4 (0x00000113) addi sp, zero, 0x0
x2 <- 0x0000000000000000
mem[X,0x0000000080012EF8] -> 0x006F
mem[X,0x0000000080012EFA] -> 0x00C0
[2105] [M]: 0x0000000080012EF8 (0x00C0006F) jal zero, 0xc
mem[X,0x0000000080012F04] -> 0x4663
mem[X,0x0000000080012F06] -> 0x00B5
[2106] [M]: 0x0000000080012F04 (0x00B54663) blt a0, a1, 0xc
mem[X,0x0000000080012F10] -> 0x0113
mem[X,0x0000000080012F12] -> 0x0031
[2107] [M]: 0x0000000080012F10 (0x00310113) addi sp, sp, 0x3
x2 <- 0x0000000000000003
mem[X,0x0000000080012F14] -> 0x006F
mem[X,0x0000000080012F16] -> 0x0040
[2108] [M]: 0x0000000080012F14 (0x0040006F) jal zero, 0x4
mem[X,0x0000000080012F18] -> 0xBC23
mem[X,0x0000000080012F1A] -> 0x4E20
[2109] [M]: 0x0000000080012F18 (0x4E20BC23) sd sp, 0x4f8(ra)
mem[0x000000008004F6D0] <- 0x0000000000000003
mem[X,0x0000000080012F1C] -> 0x0513
mem[X,0x0000000080012F1E] -> 0x0010
[2110] [M]: 0x0000000080012F1C (0x00100513) addi a0, zero, 0x1
x10 <- 0x0000000000000001
mem[X,0x0000000080012F20] -> 0x1513
mem[X,0x0000000080012F22] -> 0x0345
[2111] [M]: 0x0000000080012F20 (0x03451513) slli a0, a0, 0x34
x10 <- 0x0010000000000000
mem[X,0x0000000080012F24] -> 0x4513
mem[X,0x0000000080012F26] -> 0xFFF5
[2112] [M]: 0x0000000080012F24 (0xFFF54513) xori a0, a0, -0x1
x10 <- 0xFFEFFFFFFFFFFFFF
mem[X,0x0000000080012F28] -> 0x65B7
mem[X,0x0000000080012F2A] -> 0x6666
[2113] [M]: 0x0000000080012F28 (0x666665B7) lui a1, 0x66666
x11 <- 0x0000000066666000
mem[X,0x0000000080012F2C] -> 0x8593
mem[X,0x0000000080012F2E] -> 0x6665
[2114] [M]: 0x0000000080012F2C (0x66658593) addi a1, a1, 0x666
x11 <- 0x0000000066666666
mem[X,0x0000000080012F30] -> 0x9593
mem[X,0x0000000080012F32] -> 0x00B5
[2115] [M]: 0x0000000080012F30 (0x00B59593) slli a1, a1, 0xb
x11 <- 0x0000033333333000
mem[X,0x0000000080012F34] -> 0x8593
mem[X,0x0000000080012F36] -> 0x3335
[2116] [M]: 0x0000000080012F34 (0x33358593) addi a1, a1, 0x333
x11 <- 0x0000033333333333
mem[X,0x0000000080012F38] -> 0x9593
mem[X,0x0000000080012F3A] -> 0x00B5
[2117] [M]: 0x0000000080012F38 (0x00B59593) slli a1, a1, 0xb
x11 <- 0x0019999999999800
mem[X,0x0000000080012F3C] -> 0x8593
mem[X,0x0000000080012F3E] -> 0x1995
[2118] [M]: 0x0000000080012F3C (0x19958593) addi a1, a1, 0x199
x11 <- 0x0019999999999999
mem[X,0x0000000080012F40] -> 0x9593
mem[X,0x0000000080012F42] -> 0x00A5
[2119] [M]: 0x0000000080012F40 (0x00A59593) slli a1, a1, 0xa
x11 <- 0x6666666666666400
mem[X,0x0000000080012F44] -> 0x8593
mem[X,0x0000000080012F46] -> 0x2675
[2120] [M]: 0x0000000080012F44 (0x26758593) addi a1, a1, 0x267
x11 <- 0x6666666666666667
mem[X,0x0000000080012F48] -> 0x0113
mem[X,0x0000000080012F4A] -> 0x0000
[2121] [M]: 0x0000000080012F48 (0x00000113) addi sp, zero, 0x0
x2 <- 0x0000000000000000
mem[X,0x0000000080012F4C] -> 0x006F
mem[X,0x0000000080012F4E] -> 0x2B10
[2122] [M]: 0x0000000080012F4C (0x2B10006F) jal zero, 0xab0
mem[X,0x00000000800139FC] -> 0x4A63
mem[X,0x00000000800139FE] -> 0xD4B5
[2123] [M]: 0x00000000800139FC (0xD4B54A63) blt a0, a1, -0xaac
mem[X,0x0000000080012F50] -> 0x0113
mem[X,0x0000000080012F52] -> 0x0011
[2124] [M]: 0x0000000080012F50 (0x00110113) addi sp, sp, 0x1
x2 <- 0x0000000000000001
mem[X,0x0000000080012F54] -> 0x006F
mem[X,0x0000000080012F56] -> 0x2BD0
[2125] [M]: 0x0000000080012F54 (0x2BD0006F) jal zero, 0xabc
mem[X,0x0000000080013A10] -> 0xB023
mem[X,0x0000000080013A12] -> 0x5020
[2126] [M]: 0x0000000080013A10 (0x5020B023) sd sp, 0x500(ra)
mem[0x000000008004F6D8] <- 0x0000000000000001
mem[X,0x0000000080013A14] -> 0x0513
mem[X,0x0000000080013A16] -> 0x0010
[2127] [M]: 0x0000000080013A14 (0x00100513) addi a0, zero, 0x1
x10 <- 0x0000000000000001
mem[X,0x0000000080013A18] -> 0x1513
mem[X,0x0000000080013A1A] -> 0x0385
[2128] [M]: 0x0000000080013A18 (0x03851513) slli a0, a0, 0x38
x10 <- 0x0100000000000000
mem[X,0x0000000080013A1C] -> 0x4513
mem[X,0x0000000080013A1E] -> 0xFFF5
[2129] [M]: 0x0000000080013A1C (0xFFF54513) xori a0, a0, -0x1
x10 <- 0xFEFFFFFFFFFFFFFF
mem[X,0x0000000080013A20] -> 0x0593
mem[X,0x0000000080013A22] -> 0x0010
[2130] [M]: 0x0000000080013A20 (0x00100593) addi a1, zero, 0x1
x11 <- 0x0000000000000001
mem[X,0x0000000080013A24] -> 0x9593
mem[X,0x0000000080013A26] -> 0x0355
[2131] [M]: 0x0000000080013A24 (0x03559593) slli a1, a1, 0x35
x11 <- 0x0020000000000000
mem[X,0x0000000080013A28] -> 0xC593
mem[X,0x0000000080013A2A] -> 0xFFF5
[2132] [M]: 0x0000000080013A28 (0xFFF5C593) xori a1, a1, -0x1
x11 <- 0xFFDFFFFFFFFFFFFF
mem[X,0x0000000080013A2C] -> 0x0113
mem[X,0x0000000080013A2E] -> 0x0000
[2133] [M]: 0x0000000080013A2C (0x00000113) addi sp, zero, 0x0
x2 <- 0x0000000000000000
mem[X,0x0000000080013A30] -> 0x006F
mem[X,0x0000000080013A32] -> 0x00C0
[2134] [M]: 0x0000000080013A30 (0x00C0006F) jal zero, 0xc
mem[X,0x0000000080013A3C] -> 0x4663
mem[X,0x0000000080013A3E] -> 0x00B5
[2135] [M]: 0x0000000080013A3C (0x00B54663) blt a0, a1, 0xc
mem[X,0x0000000080013A48] -> 0x0113
mem[X,0x0000000080013A4A] -> 0x0031
[2136] [M]: 0x0000000080013A48 (0x00310113) addi sp, sp, 0x3
x2 <- 0x0000000000000003
mem[X,0x0000000080013A4C] -> 0x006F
mem[X,0x0000000080013A4E] -> 0x0040
[2137] [M]: 0x0000000080013A4C (0x0040006F) jal zero, 0x4
mem[X,0x0000000080013A50] -> 0xB423
mem[X,0x0000000080013A52] -> 0x5020
[2138] [M]: 0x0000000080013A50 (0x5020B423) sd sp, 0x508(ra)
mem[0x000000008004F6E0] <- 0x0000000000000003
mem[X,0x0000000080013A54] -> 0x0513
mem[X,0x0000000080013A56] -> 0x0010
[2139] [M]: 0x0000000080013A54 (0x00100513) addi a0, zero, 0x1
x10 <- 0x0000000000000001
mem[X,0x0000000080013A58] -> 0x1513
mem[X,0x0000000080013A5A] -> 0x03A5
[2140] [M]: 0x0000000080013A58 (0x03A51513) slli a0, a0, 0x3a
x10 <- 0x0400000000000000
mem[X,0x0000000080013A5C] -> 0x4513
mem[X,0x0000000080013A5E] -> 0xFFF5
[2141] [M]: 0x0000000080013A5C (0xFFF54513) xori a0, a0, -0x1
x10 <- 0xFBFFFFFFFFFFFFFF
mem[X,0x0000000080013A60] -> 0xB5B7
mem[X,0x0000000080013A62] -> 0xAAAA
[2142] [M]: 0x0000000080013A60 (0xAAAAB5B7) lui a1, -0x55555
x11 <- 0xFFFFFFFFAAAAB000
mem[X,0x0000000080013A64] -> 0x8593
mem[X,0x0000000080013A66] -> 0xAAA5
[2143] [M]: 0x0000000080013A64 (0xAAA58593) addi a1, a1, -0x556
x11 <- 0xFFFFFFFFAAAAAAAA
mem[X,0x0000000080013A68] -> 0x9593
mem[X,0x0000000080013A6A] -> 0x00B5
[2144] [M]: 0x0000000080013A68 (0x00B59593) slli a1, a1, 0xb
x11 <- 0xFFFFFD5555555000
mem[X,0x0000000080013A6C] -> 0x8593
mem[X,0x0000000080013A6E] -> 0x5555
[2145] [M]: 0x0000000080013A6C (0x55558593) addi a1, a1, 0x555
x11 <- 0xFFFFFD5555555555
mem[X,0x0000000080013A70] -> 0x9593
mem[X,0x0000000080013A72] -> 0x00B5
[2146] [M]: 0x0000000080013A70 (0x00B59593) slli a1, a1, 0xb
x11 <- 0xFFEAAAAAAAAAA800
mem[X,0x0000000080013A74] -> 0x8593
mem[X,0x0000000080013A76] -> 0x2AA5
[2147] [M]: 0x0000000080013A74 (0x2AA58593) addi a1, a1, 0x2aa
x11 <- 0xFFEAAAAAAAAAAAAA
mem[X,0x0000000080013A78] -> 0x9593
mem[X,0x0000000080013A7A] -> 0x00A5
[2148] [M]: 0x0000000080013A78 (0x00A59593) slli a1, a1, 0xa
x11 <- 0xAAAAAAAAAAAAA800
mem[X,0x0000000080013A7C] -> 0x8593
mem[X,0x0000000080013A7E] -> 0x2AB5
[2149] [M]: 0x0000000080013A7C (0x2AB58593) addi a1, a1, 0x2ab
x11 <- 0xAAAAAAAAAAAAAAAB
mem[X,0x0000000080013A80] -> 0x0113
mem[X,0x0000000080013A82] -> 0x0000
[2150] [M]: 0x0000000080013A80 (0x00000113) addi sp, zero, 0x0
x2 <- 0x0000000000000000
mem[X,0x0000000080013A84] -> 0x006F
mem[X,0x0000000080013A86] -> 0x00C0
[2151] [M]: 0x0000000080013A84 (0x00C0006F) jal zero, 0xc
mem[X,0x0000000080013A90] -> 0x4CE3
mem[X,0x0000000080013A92] -> 0xFEB5
[2152] [M]: 0x0000000080013A90 (0xFEB54CE3) blt a0, a1, -0x8
mem[X,0x0000000080013A94] -> 0x0113
mem[X,0x0000000080013A96] -> 0x0021
[2153] [M]: 0x0000000080013A94 (0x00210113) addi sp, sp, 0x2
x2 <- 0x0000000000000002
mem[X,0x0000000080013A98] -> 0x006F
mem[X,0x0000000080013A9A] -> 0x00C0
[2154] [M]: 0x0000000080013A98 (0x00C0006F) jal zero, 0xc
mem[X,0x0000000080013AA4] -> 0xB823
mem[X,0x0000000080013AA6] -> 0x5020
[2155] [M]: 0x0000000080013AA4 (0x5020B823) sd sp, 0x510(ra)
mem[0x000000008004F6E8] <- 0x0000000000000002
mem[X,0x0000000080013AA8] -> 0x0513
mem[X,0x0000000080013AAA] -> 0x0010
[2156] [M]: 0x0000000080013AA8 (0x00100513) addi a0, zero, 0x1
x10 <- 0x0000000000000001
mem[X,0x0000000080013AAC] -> 0x1513
mem[X,0x0000000080013AAE] -> 0x03C5
[2157] [M]: 0x0000000080013AAC (0x03C51513) slli a0, a0, 0x3c
x10 <- 0x1000000000000000
mem[X,0x0000000080013AB0] -> 0x4513
mem[X,0x0000000080013AB2] -> 0xFFF5
[2158] [M]: 0x0000000080013AB0 (0xFFF54513) xori a0, a0, -0x1
x10 <- 0xEFFFFFFFFFFFFFFF
mem[X,0x0000000080013AB4] -> 0x0593
mem[X,0x0000000080013AB6] -> 0x0010
[2159] [M]: 0x0000000080013AB4 (0x00100593) addi a1, zero, 0x1
x11 <- 0x0000000000000001
mem[X,0x0000000080013AB8] -> 0x9593
mem[X,0x0000000080013ABA] -> 0x0215
[2160] [M]: 0x0000000080013AB8 (0x02159593) slli a1, a1, 0x21
x11 <- 0x0000000200000000
mem[X,0x0000000080013ABC] -> 0xC593
mem[X,0x0000000080013ABE] -> 0xFFF5
[2161] [M]: 0x0000000080013ABC (0xFFF5C593) xori a1, a1, -0x1
x11 <- 0xFFFFFFFDFFFFFFFF
mem[X,0x0000000080013AC0] -> 0x0113
mem[X,0x0000000080013AC2] -> 0x0000
[2162] [M]: 0x0000000080013AC0 (0x00000113) addi sp, zero, 0x0
x2 <- 0x0000000000000000
mem[X,0x0000000080013AC4] -> 0x006F
mem[X,0x0000000080013AC6] -> 0x00C0
[2163] [M]: 0x0000000080013AC4 (0x00C0006F) jal zero, 0xc
mem[X,0x0000000080013AD0] -> 0x4063
mem[X,0x0000000080013AD2] -> 0x02B5
[2164] [M]: 0x0000000080013AD0 (0x02B54063) blt a0, a1, 0x20
mem[X,0x0000000080013AF0] -> 0x0113
mem[X,0x0000000080013AF2] -> 0x0031
[2165] [M]: 0x0000000080013AF0 (0x00310113) addi sp, sp, 0x3
x2 <- 0x0000000000000003
mem[X,0x0000000080013AF4] -> 0x006F
mem[X,0x0000000080013AF6] -> 0x0040
[2166] [M]: 0x0000000080013AF4 (0x0040006F) jal zero, 0x4
mem[X,0x0000000080013AF8] -> 0xBC23
mem[X,0x0000000080013AFA] -> 0x5020
[2167] [M]: 0x0000000080013AF8 (0x5020BC23) sd sp, 0x518(ra)
mem[0x000000008004F6F0] <- 0x0000000000000003
mem[X,0x0000000080013AFC] -> 0x0513
mem[X,0x0000000080013AFE] -> 0x0010
[2168] [M]: 0x0000000080013AFC (0x00100513) addi a0, zero, 0x1
x10 <- 0x0000000000000001
mem[X,0x0000000080013B00] -> 0x1513
mem[X,0x0000000080013B02] -> 0x03E5
[2169] [M]: 0x0000000080013B00 (0x03E51513) slli a0, a0, 0x3e
x10 <- 0x4000000000000000
mem[X,0x0000000080013B04] -> 0x4513
mem[X,0x0000000080013B06] -> 0xFFF5
[2170] [M]: 0x0000000080013B04 (0xFFF54513) xori a0, a0, -0x1
x10 <- 0xBFFFFFFFFFFFFFFF
mem[X,0x0000000080013B08] -> 0x55B7
mem[X,0x0000000080013B0A] -> 0x5555
[2171] [M]: 0x0000000080013B08 (0x555555B7) lui a1, 0x55555
x11 <- 0x0000000055555000
mem[X,0x0000000080013B0C] -> 0x8593
mem[X,0x0000000080013B0E] -> 0x5555
[2172] [M]: 0x0000000080013B0C (0x55558593) addi a1, a1, 0x555
x11 <- 0x0000000055555555
mem[X,0x0000000080013B10] -> 0x9593
mem[X,0x0000000080013B12] -> 0x00B5
[2173] [M]: 0x0000000080013B10 (0x00B59593) slli a1, a1, 0xb
x11 <- 0x000002AAAAAAA800
mem[X,0x0000000080013B14] -> 0x8593
mem[X,0x0000000080013B16] -> 0x2AA5
[2174] [M]: 0x0000000080013B14 (0x2AA58593) addi a1, a1, 0x2aa
x11 <- 0x000002AAAAAAAAAA
mem[X,0x0000000080013B18] -> 0x9593
mem[X,0x0000000080013B1A] -> 0x00B5
[2175] [M]: 0x0000000080013B18 (0x00B59593) slli a1, a1, 0xb
x11 <- 0x0015555555555000
mem[X,0x0000000080013B1C] -> 0x8593
mem[X,0x0000000080013B1E] -> 0x5555
[2176] [M]: 0x0000000080013B1C (0x55558593) addi a1, a1, 0x555
x11 <- 0x0015555555555555
mem[X,0x0000000080013B20] -> 0x9593
mem[X,0x0000000080013B22] -> 0x00A5
[2177] [M]: 0x0000000080013B20 (0x00A59593) slli a1, a1, 0xa
x11 <- 0x5555555555555400
mem[X,0x0000000080013B24] -> 0x8593
mem[X,0x0000000080013B26] -> 0x1555
[2178] [M]: 0x0000000080013B24 (0x15558593) addi a1, a1, 0x155
x11 <- 0x5555555555555555
mem[X,0x0000000080013B28] -> 0x0113
mem[X,0x0000000080013B2A] -> 0x0000
[2179] [M]: 0x0000000080013B28 (0x00000113) addi sp, zero, 0x0
x2 <- 0x0000000000000000
mem[X,0x0000000080013B2C] -> 0x006F
mem[X,0x0000000080013B2E] -> 0x0180
[2180] [M]: 0x0000000080013B2C (0x0180006F) jal zero, 0x18
mem[X,0x0000000080013B44] -> 0x46E3
mem[X,0x0000000080013B46] -> 0xFEB5
[2181] [M]: 0x0000000080013B44 (0xFEB546E3) blt a0, a1, -0x14
mem[X,0x0000000080013B30] -> 0x0113
mem[X,0x0000000080013B32] -> 0x0011
[2182] [M]: 0x0000000080013B30 (0x00110113) addi sp, sp, 0x1
x2 <- 0x0000000000000001
mem[X,0x0000000080013B34] -> 0x006F
mem[X,0x0000000080013B36] -> 0x0240
[2183] [M]: 0x0000000080013B34 (0x0240006F) jal zero, 0x24
mem[X,0x0000000080013B58] -> 0xB023
mem[X,0x0000000080013B5A] -> 0x5220
[2184] [M]: 0x0000000080013B58 (0x5220B023) sd sp, 0x520(ra)
mem[0x000000008004F6F8] <- 0x0000000000000001
mem[X,0x0000000080013B5C] -> 0x0513
mem[X,0x0000000080013B5E] -> 0xFFF0
[2185] [M]: 0x0000000080013B5C (0xFFF00513) addi a0, zero, -0x1
x10 <- 0xFFFFFFFFFFFFFFFF
mem[X,0x0000000080013B60] -> 0x5513
mem[X,0x0000000080013B62] -> 0x0015
[2186] [M]: 0x0000000080013B60 (0x00155513) srli a0, a0, 0x1
x10 <- 0x7FFFFFFFFFFFFFFF
mem[X,0x0000000080013B64] -> 0x0593
mem[X,0x0000000080013B66] -> 0x0050
[2187] [M]: 0x0000000080013B64 (0x00500593) addi a1, zero, 0x5
x11 <- 0x0000000000000005
mem[X,0x0000000080013B68] -> 0x0113
mem[X,0x0000000080013B6A] -> 0x0000
[2188] [M]: 0x0000000080013B68 (0x00000113) addi sp, zero, 0x0
x2 <- 0x0000000000000000
mem[X,0x0000000080013B6C] -> 0x006F
mem[X,0x0000000080013B6E] -> 0x00C0
[2189] [M]: 0x0000000080013B6C (0x00C0006F) jal zero, 0xc
mem[X,0x0000000080013B78] -> 0x4663
mem[X,0x0000000080013B7A] -> 0x00B5
[2190] [M]: 0x0000000080013B78 (0x00B54663) blt a0, a1, 0xc
mem[X,0x0000000080013B7C] -> 0x0113
mem[X,0x0000000080013B7E] -> 0x0021
[2191] [M]: 0x0000000080013B7C (0x00210113) addi sp, sp, 0x2
x2 <- 0x0000000000000002
mem[X,0x0000000080013B80] -> 0x006F
mem[X,0x0000000080013B82] -> 0x00C0
[2192] [M]: 0x0000000080013B80 (0x00C0006F) jal zero, 0xc
mem[X,0x0000000080013B8C] -> 0xB423
mem[X,0x0000000080013B8E] -> 0x5220
[2193] [M]: 0x0000000080013B8C (0x5220B423) sd sp, 0x528(ra)
mem[0x000000008004F700] <- 0x0000000000000002
mem[X,0x0000000080013B90] -> 0x0513
mem[X,0x0000000080013B92] -> 0x0030
[2194] [M]: 0x0000000080013B90 (0x00300513) addi a0, zero, 0x3
x10 <- 0x0000000000000003
mem[X,0x0000000080013B94] -> 0x0593
mem[X,0x0000000080013B96] -> 0x0030
[2195] [M]: 0x0000000080013B94 (0x00300593) addi a1, zero, 0x3
x11 <- 0x0000000000000003
mem[X,0x0000000080013B98] -> 0x0113
mem[X,0x0000000080013B9A] -> 0x0000
[2196] [M]: 0x0000000080013B98 (0x00000113) addi sp, zero, 0x0
x2 <- 0x0000000000000000
mem[X,0x0000000080013B9C] -> 0x006F
mem[X,0x0000000080013B9E] -> 0x00C0
[2197] [M]: 0x0000000080013B9C (0x00C0006F) jal zero, 0xc
mem[X,0x0000000080013BA8] -> 0x4CE3
mem[X,0x0000000080013BAA] -> 0xFEB5
[2198] [M]: 0x0000000080013BA8 (0xFEB54CE3) blt a0, a1, -0x8
mem[X,0x0000000080013BAC] -> 0x0113
mem[X,0x0000000080013BAE] -> 0x0021
[2199] [M]: 0x0000000080013BAC (0x00210113) addi sp, sp, 0x2
x2 <- 0x0000000000000002
clint::tick mtime <- 0x0000000000000016
 clint timer pending at mtime 0x0000000000000016
htif::tick 0x0000000000000000
mem[X,0x0000000080013BB0] -> 0x006F
mem[X,0x0000000080013BB2] -> 0x00C0
[2200] [M]: 0x0000000080013BB0 (0x00C0006F) jal zero, 0xc
mem[X,0x0000000080013BBC] -> 0xB823
mem[X,0x0000000080013BBE] -> 0x5220
[2201] [M]: 0x0000000080013BBC (0x5220B823) sd sp, 0x530(ra)
mem[0x000000008004F708] <- 0x0000000000000002
mem[X,0x0000000080013BC0] -> 0x0513
mem[X,0x0000000080013BC2] -> 0x0030
[2202] [M]: 0x0000000080013BC0 (0x00300513) addi a0, zero, 0x3
x10 <- 0x0000000000000003
mem[X,0x0000000080013BC4] -> 0x55B7
mem[X,0x0000000080013BC6] -> 0x5555
[2203] [M]: 0x0000000080013BC4 (0x555555B7) lui a1, 0x55555
x11 <- 0x0000000055555000
mem[X,0x0000000080013BC8] -> 0x8593
mem[X,0x0000000080013BCA] -> 0x5555
[2204] [M]: 0x0000000080013BC8 (0x55558593) addi a1, a1, 0x555
x11 <- 0x0000000055555555
mem[X,0x0000000080013BCC] -> 0x9593
mem[X,0x0000000080013BCE] -> 0x00B5
[2205] [M]: 0x0000000080013BCC (0x00B59593) slli a1, a1, 0xb
x11 <- 0x000002AAAAAAA800
mem[X,0x0000000080013BD0] -> 0x8593
mem[X,0x0000000080013BD2] -> 0x2AA5
[2206] [M]: 0x0000000080013BD0 (0x2AA58593) addi a1, a1, 0x2aa
x11 <- 0x000002AAAAAAAAAA
mem[X,0x0000000080013BD4] -> 0x9593
mem[X,0x0000000080013BD6] -> 0x00B5
[2207] [M]: 0x0000000080013BD4 (0x00B59593) slli a1, a1, 0xb
x11 <- 0x0015555555555000
mem[X,0x0000000080013BD8] -> 0x8593
mem[X,0x0000000080013BDA] -> 0x5555
[2208] [M]: 0x0000000080013BD8 (0x55558593) addi a1, a1, 0x555
x11 <- 0x0015555555555555
mem[X,0x0000000080013BDC] -> 0x9593
mem[X,0x0000000080013BDE] -> 0x00A5
[2209] [M]: 0x0000000080013BDC (0x00A59593) slli a1, a1, 0xa
x11 <- 0x5555555555555400
mem[X,0x0000000080013BE0] -> 0x8593
mem[X,0x0000000080013BE2] -> 0x1555
[2210] [M]: 0x0000000080013BE0 (0x15558593) addi a1, a1, 0x155
x11 <- 0x5555555555555555
mem[X,0x0000000080013BE4] -> 0x0113
mem[X,0x0000000080013BE6] -> 0x0000
[2211] [M]: 0x0000000080013BE4 (0x00000113) addi sp, zero, 0x0
x2 <- 0x0000000000000000
mem[X,0x0000000080013BE8] -> 0x006F
mem[X,0x0000000080013BEA] -> 0x00C0
[2212] [M]: 0x0000000080013BE8 (0x00C0006F) jal zero, 0xc
mem[X,0x0000000080013BF4] -> 0x4663
mem[X,0x0000000080013BF6] -> 0x00B5
[2213] [M]: 0x0000000080013BF4 (0x00B54663) blt a0, a1, 0xc
mem[X,0x0000000080013C00] -> 0x0113
mem[X,0x0000000080013C02] -> 0x0031
[2214] [M]: 0x0000000080013C00 (0x00310113) addi sp, sp, 0x3
x2 <- 0x0000000000000003
mem[X,0x0000000080013C04] -> 0x006F
mem[X,0x0000000080013C06] -> 0x0040
[2215] [M]: 0x0000000080013C04 (0x0040006F) jal zero, 0x4
mem[X,0x0000000080013C08] -> 0xBC23
mem[X,0x0000000080013C0A] -> 0x5220
[2216] [M]: 0x0000000080013C08 (0x5220BC23) sd sp, 0x538(ra)
mem[0x000000008004F710] <- 0x0000000000000003
mem[X,0x0000000080013C0C] -> 0x0513
mem[X,0x0000000080013C0E] -> 0x0030
[2217] [M]: 0x0000000080013C0C (0x00300513) addi a0, zero, 0x3
x10 <- 0x0000000000000003
mem[X,0x0000000080013C10] -> 0xB5B7
mem[X,0x0000000080013C12] -> 0xAAAA
[2218] [M]: 0x0000000080013C10 (0xAAAAB5B7) lui a1, -0x55555
x11 <- 0xFFFFFFFFAAAAB000
mem[X,0x0000000080013C14] -> 0x8593
mem[X,0x0000000080013C16] -> 0xAAA5
[2219] [M]: 0x0000000080013C14 (0xAAA58593) addi a1, a1, -0x556
x11 <- 0xFFFFFFFFAAAAAAAA
mem[X,0x0000000080013C18] -> 0x9593
mem[X,0x0000000080013C1A] -> 0x00B5
[2220] [M]: 0x0000000080013C18 (0x00B59593) slli a1, a1, 0xb
x11 <- 0xFFFFFD5555555000
mem[X,0x0000000080013C1C] -> 0x8593
mem[X,0x0000000080013C1E] -> 0x5555
[2221] [M]: 0x0000000080013C1C (0x55558593) addi a1, a1, 0x555
x11 <- 0xFFFFFD5555555555
mem[X,0x0000000080013C20] -> 0x9593
mem[X,0x0000000080013C22] -> 0x00B5
[2222] [M]: 0x0000000080013C20 (0x00B59593) slli a1, a1, 0xb
x11 <- 0xFFEAAAAAAAAAA800
mem[X,0x0000000080013C24] -> 0x8593
mem[X,0x0000000080013C26] -> 0x2AA5
[2223] [M]: 0x0000000080013C24 (0x2AA58593) addi a1, a1, 0x2aa
x11 <- 0xFFEAAAAAAAAAAAAA
mem[X,0x0000000080013C28] -> 0x9593
mem[X,0x0000000080013C2A] -> 0x00A5
[2224] [M]: 0x0000000080013C28 (0x00A59593) slli a1, a1, 0xa
x11 <- 0xAAAAAAAAAAAAA800
mem[X,0x0000000080013C2C] -> 0x8593
mem[X,0x0000000080013C2E] -> 0x2AA5
[2225] [M]: 0x0000000080013C2C (0x2AA58593) addi a1, a1, 0x2aa
x11 <- 0xAAAAAAAAAAAAAAAA
mem[X,0x0000000080013C30] -> 0x0113
mem[X,0x0000000080013C32] -> 0x0000
[2226] [M]: 0x0000000080013C30 (0x00000113) addi sp, zero, 0x0
x2 <- 0x0000000000000000
mem[X,0x0000000080013C34] -> 0x006F
mem[X,0x0000000080013C36] -> 0x00C0
[2227] [M]: 0x0000000080013C34 (0x00C0006F) jal zero, 0xc
mem[X,0x0000000080013C40] -> 0x4CE3
mem[X,0x0000000080013C42] -> 0xFEB5
[2228] [M]: 0x0000000080013C40 (0xFEB54CE3) blt a0, a1, -0x8
mem[X,0x0000000080013C44] -> 0x0113
mem[X,0x0000000080013C46] -> 0x0021
[2229] [M]: 0x0000000080013C44 (0x00210113) addi sp, sp, 0x2
x2 <- 0x0000000000000002
mem[X,0x0000000080013C48] -> 0x006F
mem[X,0x0000000080013C4A] -> 0x00C0
[2230] [M]: 0x0000000080013C48 (0x00C0006F) jal zero, 0xc
mem[X,0x0000000080013C54] -> 0xB023
mem[X,0x0000000080013C56] -> 0x5420
[2231] [M]: 0x0000000080013C54 (0x5420B023) sd sp, 0x540(ra)
mem[0x000000008004F718] <- 0x0000000000000002
mem[X,0x0000000080013C58] -> 0x0513
mem[X,0x0000000080013C5A] -> 0x0030
[2232] [M]: 0x0000000080013C58 (0x00300513) addi a0, zero, 0x3
x10 <- 0x0000000000000003
mem[X,0x0000000080013C5C] -> 0x0593
mem[X,0x0000000080013C5E] -> 0x0050
[2233] [M]: 0x0000000080013C5C (0x00500593) addi a1, zero, 0x5
x11 <- 0x0000000000000005
mem[X,0x0000000080013C60] -> 0x0113
mem[X,0x0000000080013C62] -> 0x0000
[2234] [M]: 0x0000000080013C60 (0x00000113) addi sp, zero, 0x0
x2 <- 0x0000000000000000
mem[X,0x0000000080013C64] -> 0x006F
mem[X,0x0000000080013C66] -> 0x00C0
[2235] [M]: 0x0000000080013C64 (0x00C0006F) jal zero, 0xc
mem[X,0x0000000080013C70] -> 0x4063
mem[X,0x0000000080013C72] -> 0x08B5
[2236] [M]: 0x0000000080013C70 (0x08B54063) blt a0, a1, 0x80
mem[X,0x0000000080013CF0] -> 0x0113
mem[X,0x0000000080013CF2] -> 0x0031
[2237] [M]: 0x0000000080013CF0 (0x00310113) addi sp, sp, 0x3
x2 <- 0x0000000000000003
mem[X,0x0000000080013CF4] -> 0x006F
mem[X,0x0000000080013CF6] -> 0x0040
[2238] [M]: 0x0000000080013CF4 (0x0040006F) jal zero, 0x4
mem[X,0x0000000080013CF8] -> 0xB423
mem[X,0x0000000080013CFA] -> 0x5420
[2239] [M]: 0x0000000080013CF8 (0x5420B423) sd sp, 0x548(ra)
mem[0x000000008004F720] <- 0x0000000000000003
mem[X,0x0000000080013CFC] -> 0x0513
mem[X,0x0000000080013CFE] -> 0x0030
[2240] [M]: 0x0000000080013CFC (0x00300513) addi a0, zero, 0x3
x10 <- 0x0000000000000003
mem[X,0x0000000080013D00] -> 0x35B7
mem[X,0x0000000080013D02] -> 0x3333
[2241] [M]: 0x0000000080013D00 (0x333335B7) lui a1, 0x33333
x11 <- 0x0000000033333000
mem[X,0x0000000080013D04] -> 0x8593
mem[X,0x0000000080013D06] -> 0x3335
[2242] [M]: 0x0000000080013D04 (0x33358593) addi a1, a1, 0x333
x11 <- 0x0000000033333333
mem[X,0x0000000080013D08] -> 0x9593
mem[X,0x0000000080013D0A] -> 0x00B5
[2243] [M]: 0x0000000080013D08 (0x00B59593) slli a1, a1, 0xb
x11 <- 0x0000019999999800
mem[X,0x0000000080013D0C] -> 0x8593
mem[X,0x0000000080013D0E] -> 0x1995
[2244] [M]: 0x0000000080013D0C (0x19958593) addi a1, a1, 0x199
x11 <- 0x0000019999999999
mem[X,0x0000000080013D10] -> 0x9593
mem[X,0x0000000080013D12] -> 0x00B5
[2245] [M]: 0x0000000080013D10 (0x00B59593) slli a1, a1, 0xb
x11 <- 0x000CCCCCCCCCC800
mem[X,0x0000000080013D14] -> 0x8593
mem[X,0x0000000080013D16] -> 0x4CC5
[2246] [M]: 0x0000000080013D14 (0x4CC58593) addi a1, a1, 0x4cc
x11 <- 0x000CCCCCCCCCCCCC
mem[X,0x0000000080013D18] -> 0x9593
mem[X,0x0000000080013D1A] -> 0x00A5
[2247] [M]: 0x0000000080013D18 (0x00A59593) slli a1, a1, 0xa
x11 <- 0x3333333333333000
mem[X,0x0000000080013D1C] -> 0x8593
mem[X,0x0000000080013D1E] -> 0x3335
[2248] [M]: 0x0000000080013D1C (0x33358593) addi a1, a1, 0x333
x11 <- 0x3333333333333333
mem[X,0x0000000080013D20] -> 0x0113
mem[X,0x0000000080013D22] -> 0x0000
[2249] [M]: 0x0000000080013D20 (0x00000113) addi sp, zero, 0x0
x2 <- 0x0000000000000000
mem[X,0x0000000080013D24] -> 0x006F
mem[X,0x0000000080013D26] -> 0x00C0
[2250] [M]: 0x0000000080013D24 (0x00C0006F) jal zero, 0xc
mem[X,0x0000000080013D30] -> 0x4063
mem[X,0x0000000080013D32] -> 0x40B5
[2251] [M]: 0x0000000080013D30 (0x40B54063) blt a0, a1, 0x400
mem[X,0x0000000080014130] -> 0x0113
mem[X,0x0000000080014132] -> 0x0031
[2252] [M]: 0x0000000080014130 (0x00310113) addi sp, sp, 0x3
x2 <- 0x0000000000000003
mem[X,0x0000000080014134] -> 0x006F
mem[X,0x0000000080014136] -> 0x0040
[2253] [M]: 0x0000000080014134 (0x0040006F) jal zero, 0x4
mem[X,0x0000000080014138] -> 0xB823
mem[X,0x000000008001413A] -> 0x5420
[2254] [M]: 0x0000000080014138 (0x5420B823) sd sp, 0x550(ra)
mem[0x000000008004F728] <- 0x0000000000000003
mem[X,0x000000008001413C] -> 0x0513
mem[X,0x000000008001413E] -> 0x0030
[2255] [M]: 0x000000008001413C (0x00300513) addi a0, zero, 0x3
x10 <- 0x0000000000000003
mem[X,0x0000000080014140] -> 0x65B7
mem[X,0x0000000080014142] -> 0x6666
[2256] [M]: 0x0000000080014140 (0x666665B7) lui a1, 0x66666
x11 <- 0x0000000066666000
mem[X,0x0000000080014144] -> 0x8593
mem[X,0x0000000080014146] -> 0x6665
[2257] [M]: 0x0000000080014144 (0x66658593) addi a1, a1, 0x666
x11 <- 0x0000000066666666
mem[X,0x0000000080014148] -> 0x9593
mem[X,0x000000008001414A] -> 0x00B5
[2258] [M]: 0x0000000080014148 (0x00B59593) slli a1, a1, 0xb
x11 <- 0x0000033333333000
mem[X,0x000000008001414C] -> 0x8593
mem[X,0x000000008001414E] -> 0x3335
[2259] [M]: 0x000000008001414C (0x33358593) addi a1, a1, 0x333
x11 <- 0x0000033333333333
mem[X,0x0000000080014150] -> 0x9593
mem[X,0x0000000080014152] -> 0x00B5
[2260] [M]: 0x0000000080014150 (0x00B59593) slli a1, a1, 0xb
x11 <- 0x0019999999999800
mem[X,0x0000000080014154] -> 0x8593
mem[X,0x0000000080014156] -> 0x1995
[2261] [M]: 0x0000000080014154 (0x19958593) addi a1, a1, 0x199
x11 <- 0x0019999999999999
mem[X,0x0000000080014158] -> 0x9593
mem[X,0x000000008001415A] -> 0x00A5
[2262] [M]: 0x0000000080014158 (0x00A59593) slli a1, a1, 0xa
x11 <- 0x6666666666666400
mem[X,0x000000008001415C] -> 0x8593
mem[X,0x000000008001415E] -> 0x2665
[2263] [M]: 0x000000008001415C (0x26658593) addi a1, a1, 0x266
x11 <- 0x6666666666666666
mem[X,0x0000000080014160] -> 0x0113
mem[X,0x0000000080014162] -> 0x0000
[2264] [M]: 0x0000000080014160 (0x00000113) addi sp, zero, 0x0
x2 <- 0x0000000000000000
mem[X,0x0000000080014164] -> 0x006F
mem[X,0x0000000080014166] -> 0x00C0
[2265] [M]: 0x0000000080014164 (0x00C0006F) jal zero, 0xc
mem[X,0x0000000080014170] -> 0x4663
mem[X,0x0000000080014172] -> 0x00B5
[2266] [M]: 0x0000000080014170 (0x00B54663) blt a0, a1, 0xc
mem[X,0x000000008001417C] -> 0x0113
mem[X,0x000000008001417E] -> 0x0031
[2267] [M]: 0x000000008001417C (0x00310113) addi sp, sp, 0x3
x2 <- 0x0000000000000003
mem[X,0x0000000080014180] -> 0x006F
mem[X,0x0000000080014182] -> 0x0040
[2268] [M]: 0x0000000080014180 (0x0040006F) jal zero, 0x4
mem[X,0x0000000080014184] -> 0xBC23
mem[X,0x0000000080014186] -> 0x5420
[2269] [M]: 0x0000000080014184 (0x5420BC23) sd sp, 0x558(ra)
mem[0x000000008004F730] <- 0x0000000000000003
mem[X,0x0000000080014188] -> 0x0513
mem[X,0x000000008001418A] -> 0x0030
[2270] [M]: 0x0000000080014188 (0x00300513) addi a0, zero, 0x3
x10 <- 0x0000000000000003
mem[X,0x000000008001418C] -> 0x05B7
mem[X,0x000000008001418E] -> 0x0000
[2271] [M]: 0x000000008001418C (0x000005B7) lui a1, 0x0
x11 <- 0x0000000000000000
mem[X,0x0000000080014190] -> 0x8593
mem[X,0x0000000080014192] -> 0xFFF5
[2272] [M]: 0x0000000080014190 (0xFFF58593) addi a1, a1, -0x1
x11 <- 0xFFFFFFFFFFFFFFFF
mem[X,0x0000000080014194] -> 0x9593
mem[X,0x0000000080014196] -> 0x00B5
[2273] [M]: 0x0000000080014194 (0x00B59593) slli a1, a1, 0xb
x11 <- 0xFFFFFFFFFFFFF800
mem[X,0x0000000080014198] -> 0x8593
mem[X,0x000000008001419A] -> 0x2575
[2274] [M]: 0x0000000080014198 (0x25758593) addi a1, a1, 0x257
x11 <- 0xFFFFFFFFFFFFFA57
mem[X,0x000000008001419C] -> 0x9593
mem[X,0x000000008001419E] -> 0x00B5
[2275] [M]: 0x000000008001419C (0x00B59593) slli a1, a1, 0xb
x11 <- 0xFFFFFFFFFFD2B800
mem[X,0x00000000800141A0] -> 0x8593
mem[X,0x00000000800141A2] -> 0x6C35
[2276] [M]: 0x00000000800141A0 (0x6C358593) addi a1, a1, 0x6c3
x11 <- 0xFFFFFFFFFFD2BEC3
mem[X,0x00000000800141A4] -> 0x9593
mem[X,0x00000000800141A6] -> 0x00A5
[2277] [M]: 0x00000000800141A4 (0x00A59593) slli a1, a1, 0xa
x11 <- 0xFFFFFFFF4AFB0C00
mem[X,0x00000000800141A8] -> 0x8593
mem[X,0x00000000800141AA] -> 0x0CD5
[2278] [M]: 0x00000000800141A8 (0x0CD58593) addi a1, a1, 0xcd
x11 <- 0xFFFFFFFF4AFB0CCD
mem[X,0x00000000800141AC] -> 0x0113
mem[X,0x00000000800141AE] -> 0x0000
[2279] [M]: 0x00000000800141AC (0x00000113) addi sp, zero, 0x0
x2 <- 0x0000000000000000
mem[X,0x00000000800141B0] -> 0x006F
mem[X,0x00000000800141B2] -> 0x00C0
[2280] [M]: 0x00000000800141B0 (0x00C0006F) jal zero, 0xc
mem[X,0x00000000800141BC] -> 0x4663
mem[X,0x00000000800141BE] -> 0x00B5
[2281] [M]: 0x00000000800141BC (0x00B54663) blt a0, a1, 0xc
mem[X,0x00000000800141C0] -> 0x0113
mem[X,0x00000000800141C2] -> 0x0021
[2282] [M]: 0x00000000800141C0 (0x00210113) addi sp, sp, 0x2
x2 <- 0x0000000000000002
mem[X,0x00000000800141C4] -> 0x006F
mem[X,0x00000000800141C6] -> 0x00C0
[2283] [M]: 0x00000000800141C4 (0x00C0006F) jal zero, 0xc
mem[X,0x00000000800141D0] -> 0xB023
mem[X,0x00000000800141D2] -> 0x5620
[2284] [M]: 0x00000000800141D0 (0x5620B023) sd sp, 0x560(ra)
mem[0x000000008004F738] <- 0x0000000000000002
mem[X,0x00000000800141D4] -> 0x0513
mem[X,0x00000000800141D6] -> 0x0030
[2285] [M]: 0x00000000800141D4 (0x00300513) addi a0, zero, 0x3
x10 <- 0x0000000000000003
mem[X,0x00000000800141D8] -> 0x05B7
mem[X,0x00000000800141DA] -> 0x0000
[2286] [M]: 0x00000000800141D8 (0x000005B7) lui a1, 0x0
x11 <- 0x0000000000000000
mem[X,0x00000000800141DC] -> 0x8593
mem[X,0x00000000800141DE] -> 0x0005
[2287] [M]: 0x00000000800141DC (0x00058593) addi a1, a1, 0x0
x11 <- 0x0000000000000000
mem[X,0x00000000800141E0] -> 0x9593
mem[X,0x00000000800141E2] -> 0x00B5
[2288] [M]: 0x00000000800141E0 (0x00B59593) slli a1, a1, 0xb
x11 <- 0x0000000000000000
mem[X,0x00000000800141E4] -> 0x8593
mem[X,0x00000000800141E6] -> 0x5A85
[2289] [M]: 0x00000000800141E4 (0x5A858593) addi a1, a1, 0x5a8
x11 <- 0x00000000000005A8
mem[X,0x00000000800141E8] -> 0x9593
mem[X,0x00000000800141EA] -> 0x00B5
[2290] [M]: 0x00000000800141E8 (0x00B59593) slli a1, a1, 0xb
x11 <- 0x00000000002D4000
mem[X,0x00000000800141EC] -> 0x8593
mem[X,0x00000000800141EE] -> 0x13C5
[2291] [M]: 0x00000000800141EC (0x13C58593) addi a1, a1, 0x13c
x11 <- 0x00000000002D413C
mem[X,0x00000000800141F0] -> 0x9593
mem[X,0x00000000800141F2] -> 0x00A5
[2292] [M]: 0x00000000800141F0 (0x00A59593) slli a1, a1, 0xa
x11 <- 0x00000000B504F000
mem[X,0x00000000800141F4] -> 0x8593
mem[X,0x00000000800141F6] -> 0x3335
[2293] [M]: 0x00000000800141F4 (0x33358593) addi a1, a1, 0x333
x11 <- 0x00000000B504F333
mem[X,0x00000000800141F8] -> 0x0113
mem[X,0x00000000800141FA] -> 0x0000
[2294] [M]: 0x00000000800141F8 (0x00000113) addi sp, zero, 0x0
x2 <- 0x0000000000000000
mem[X,0x00000000800141FC] -> 0x006F
mem[X,0x00000000800141FE] -> 0x00C0
[2295] [M]: 0x00000000800141FC (0x00C0006F) jal zero, 0xc
mem[X,0x0000000080014208] -> 0x4663
mem[X,0x000000008001420A] -> 0x00B5
[2296] [M]: 0x0000000080014208 (0x00B54663) blt a0, a1, 0xc
mem[X,0x0000000080014214] -> 0x0113
mem[X,0x0000000080014216] -> 0x0031
[2297] [M]: 0x0000000080014214 (0x00310113) addi sp, sp, 0x3
x2 <- 0x0000000000000003
mem[X,0x0000000080014218] -> 0x006F
mem[X,0x000000008001421A] -> 0x0040
[2298] [M]: 0x0000000080014218 (0x0040006F) jal zero, 0x4
mem[X,0x000000008001421C] -> 0xB423
mem[X,0x000000008001421E] -> 0x5620
[2299] [M]: 0x000000008001421C (0x5620B423) sd sp, 0x568(ra)
mem[0x000000008004F740] <- 0x0000000000000003
clint::tick mtime <- 0x0000000000000017
 clint timer pending at mtime 0x0000000000000017
htif::tick 0x0000000000000000
mem[X,0x0000000080014220] -> 0x0513
mem[X,0x0000000080014222] -> 0x0030
[2300] [M]: 0x0000000080014220 (0x00300513) addi a0, zero, 0x3
x10 <- 0x0000000000000003
mem[X,0x0000000080014224] -> 0x0593
mem[X,0x0000000080014226] -> 0x0020
[2301] [M]: 0x0000000080014224 (0x00200593) addi a1, zero, 0x2
x11 <- 0x0000000000000002
mem[X,0x0000000080014228] -> 0x0113
mem[X,0x000000008001422A] -> 0x0000
[2302] [M]: 0x0000000080014228 (0x00000113) addi sp, zero, 0x0
x2 <- 0x0000000000000000
mem[X,0x000000008001422C] -> 0x006F
mem[X,0x000000008001422E] -> 0x00C0
[2303] [M]: 0x000000008001422C (0x00C0006F) jal zero, 0xc
mem[X,0x0000000080014238] -> 0x4063
mem[X,0x000000008001423A] -> 0x20B5
[2304] [M]: 0x0000000080014238 (0x20B54063) blt a0, a1, 0x200
mem[X,0x000000008001423C] -> 0x0113
mem[X,0x000000008001423E] -> 0x0021
[2305] [M]: 0x000000008001423C (0x00210113) addi sp, sp, 0x2
x2 <- 0x0000000000000002
mem[X,0x0000000080014240] -> 0x006F
mem[X,0x0000000080014242] -> 0x2000
[2306] [M]: 0x0000000080014240 (0x2000006F) jal zero, 0x200
mem[X,0x0000000080014440] -> 0xB823
mem[X,0x0000000080014442] -> 0x5620
[2307] [M]: 0x0000000080014440 (0x5620B823) sd sp, 0x570(ra)
mem[0x000000008004F748] <- 0x0000000000000002
mem[X,0x0000000080014444] -> 0x0513
mem[X,0x0000000080014446] -> 0x0030
[2308] [M]: 0x0000000080014444 (0x00300513) addi a0, zero, 0x3
x10 <- 0x0000000000000003
mem[X,0x0000000080014448] -> 0x55B7
mem[X,0x000000008001444A] -> 0x5555
[2309] [M]: 0x0000000080014448 (0x555555B7) lui a1, 0x55555
x11 <- 0x0000000055555000
mem[X,0x000000008001444C] -> 0x8593
mem[X,0x000000008001444E] -> 0x5555
[2310] [M]: 0x000000008001444C (0x55558593) addi a1, a1, 0x555
x11 <- 0x0000000055555555
mem[X,0x0000000080014450] -> 0x9593
mem[X,0x0000000080014452] -> 0x00B5
[2311] [M]: 0x0000000080014450 (0x00B59593) slli a1, a1, 0xb
x11 <- 0x000002AAAAAAA800
mem[X,0x0000000080014454] -> 0x8593
mem[X,0x0000000080014456] -> 0x2AA5
[2312] [M]: 0x0000000080014454 (0x2AA58593) addi a1, a1, 0x2aa
x11 <- 0x000002AAAAAAAAAA
mem[X,0x0000000080014458] -> 0x9593
mem[X,0x000000008001445A] -> 0x00B5
[2313] [M]: 0x0000000080014458 (0x00B59593) slli a1, a1, 0xb
x11 <- 0x0015555555555000
mem[X,0x000000008001445C] -> 0x8593
mem[X,0x000000008001445E] -> 0x5555
[2314] [M]: 0x000000008001445C (0x55558593) addi a1, a1, 0x555
x11 <- 0x0015555555555555
mem[X,0x0000000080014460] -> 0x9593
mem[X,0x0000000080014462] -> 0x00A5
[2315] [M]: 0x0000000080014460 (0x00A59593) slli a1, a1, 0xa
x11 <- 0x5555555555555400
mem[X,0x0000000080014464] -> 0x8593
mem[X,0x0000000080014466] -> 0x1545
[2316] [M]: 0x0000000080014464 (0x15458593) addi a1, a1, 0x154
x11 <- 0x5555555555555554
mem[X,0x0000000080014468] -> 0x0113
mem[X,0x000000008001446A] -> 0x0000
[2317] [M]: 0x0000000080014468 (0x00000113) addi sp, zero, 0x0
x2 <- 0x0000000000000000
mem[X,0x000000008001446C] -> 0x006F
mem[X,0x000000008001446E] -> 0x00C0
[2318] [M]: 0x000000008001446C (0x00C0006F) jal zero, 0xc
mem[X,0x0000000080014478] -> 0x4CE3
mem[X,0x000000008001447A] -> 0xFEB5
[2319] [M]: 0x0000000080014478 (0xFEB54CE3) blt a0, a1, -0x8
mem[X,0x0000000080014470] -> 0x0113
mem[X,0x0000000080014472] -> 0x0011
[2320] [M]: 0x0000000080014470 (0x00110113) addi sp, sp, 0x1
x2 <- 0x0000000000000001
mem[X,0x0000000080014474] -> 0x006F
mem[X,0x0000000080014476] -> 0x0180
[2321] [M]: 0x0000000080014474 (0x0180006F) jal zero, 0x18
mem[X,0x000000008001448C] -> 0xBC23
mem[X,0x000000008001448E] -> 0x5620
[2322] [M]: 0x000000008001448C (0x5620BC23) sd sp, 0x578(ra)
mem[0x000000008004F750] <- 0x0000000000000001
mem[X,0x0000000080014490] -> 0x0513
mem[X,0x0000000080014492] -> 0x0030
[2323] [M]: 0x0000000080014490 (0x00300513) addi a0, zero, 0x3
x10 <- 0x0000000000000003
mem[X,0x0000000080014494] -> 0x0593
mem[X,0x0000000080014496] -> 0x0000
[2324] [M]: 0x0000000080014494 (0x00000593) addi a1, zero, 0x0
x11 <- 0x0000000000000000
mem[X,0x0000000080014498] -> 0x0113
mem[X,0x000000008001449A] -> 0x0000
[2325] [M]: 0x0000000080014498 (0x00000113) addi sp, zero, 0x0
x2 <- 0x0000000000000000
mem[X,0x000000008001449C] -> 0x006F
mem[X,0x000000008001449E] -> 0x0050
[2326] [M]: 0x000000008001449C (0x0050006F) jal zero, 0x804
mem[X,0x0000000080014CA0] -> 0x40E3
mem[X,0x0000000080014CA2] -> 0x80B5
[2327] [M]: 0x0000000080014CA0 (0x80B540E3) blt a0, a1, -0x800
mem[X,0x0000000080014CA4] -> 0x0113
mem[X,0x0000000080014CA6] -> 0x0021
[2328] [M]: 0x0000000080014CA4 (0x00210113) addi sp, sp, 0x2
x2 <- 0x0000000000000002
mem[X,0x0000000080014CA8] -> 0x006F
mem[X,0x0000000080014CAA] -> 0x00C0
[2329] [M]: 0x0000000080014CA8 (0x00C0006F) jal zero, 0xc
mem[X,0x0000000080014CB4] -> 0xB023
mem[X,0x0000000080014CB6] -> 0x5820
[2330] [M]: 0x0000000080014CB4 (0x5820B023) sd sp, 0x580(ra)
mem[0x000000008004F758] <- 0x0000000000000002
mem[X,0x0000000080014CB8] -> 0x0513
mem[X,0x0000000080014CBA] -> 0x0030
[2331] [M]: 0x0000000080014CB8 (0x00300513) addi a0, zero, 0x3
x10 <- 0x0000000000000003
mem[X,0x0000000080014CBC] -> 0x0593
mem[X,0x0000000080014CBE] -> 0x0040
[2332] [M]: 0x0000000080014CBC (0x00400593) addi a1, zero, 0x4
x11 <- 0x0000000000000004
mem[X,0x0000000080014CC0] -> 0x0113
mem[X,0x0000000080014CC2] -> 0x0000
[2333] [M]: 0x0000000080014CC0 (0x00000113) addi sp, zero, 0x0
x2 <- 0x0000000000000000
mem[X,0x0000000080014CC4] -> 0x006F
mem[X,0x0000000080014CC6] -> 0x0140
[2334] [M]: 0x0000000080014CC4 (0x0140006F) jal zero, 0x14
mem[X,0x0000000080014CD8] -> 0x48E3
mem[X,0x0000000080014CDA] -> 0xFEB5
[2335] [M]: 0x0000000080014CD8 (0xFEB548E3) blt a0, a1, -0x10
mem[X,0x0000000080014CC8] -> 0x0113
mem[X,0x0000000080014CCA] -> 0x0011
[2336] [M]: 0x0000000080014CC8 (0x00110113) addi sp, sp, 0x1
x2 <- 0x0000000000000001
mem[X,0x0000000080014CCC] -> 0x006F
mem[X,0x0000000080014CCE] -> 0x0200
[2337] [M]: 0x0000000080014CCC (0x0200006F) jal zero, 0x20
mem[X,0x0000000080014CEC] -> 0xB423
mem[X,0x0000000080014CEE] -> 0x5820
[2338] [M]: 0x0000000080014CEC (0x5820B423) sd sp, 0x588(ra)
mem[0x000000008004F760] <- 0x0000000000000001
mem[X,0x0000000080014CF0] -> 0x0513
mem[X,0x0000000080014CF2] -> 0x0030
[2339] [M]: 0x0000000080014CF0 (0x00300513) addi a0, zero, 0x3
x10 <- 0x0000000000000003
mem[X,0x0000000080014CF4] -> 0x35B7
mem[X,0x0000000080014CF6] -> 0x3333
[2340] [M]: 0x0000000080014CF4 (0x333335B7) lui a1, 0x33333
x11 <- 0x0000000033333000
mem[X,0x0000000080014CF8] -> 0x8593
mem[X,0x0000000080014CFA] -> 0x3335
[2341] [M]: 0x0000000080014CF8 (0x33358593) addi a1, a1, 0x333
x11 <- 0x0000000033333333
mem[X,0x0000000080014CFC] -> 0x9593
mem[X,0x0000000080014CFE] -> 0x00B5
[2342] [M]: 0x0000000080014CFC (0x00B59593) slli a1, a1, 0xb
x11 <- 0x0000019999999800
mem[X,0x0000000080014D00] -> 0x8593
mem[X,0x0000000080014D02] -> 0x1995
[2343] [M]: 0x0000000080014D00 (0x19958593) addi a1, a1, 0x199
x11 <- 0x0000019999999999
mem[X,0x0000000080014D04] -> 0x9593
mem[X,0x0000000080014D06] -> 0x00B5
[2344] [M]: 0x0000000080014D04 (0x00B59593) slli a1, a1, 0xb
x11 <- 0x000CCCCCCCCCC800
mem[X,0x0000000080014D08] -> 0x8593
mem[X,0x0000000080014D0A] -> 0x4CC5
[2345] [M]: 0x0000000080014D08 (0x4CC58593) addi a1, a1, 0x4cc
x11 <- 0x000CCCCCCCCCCCCC
mem[X,0x0000000080014D0C] -> 0x9593
mem[X,0x0000000080014D0E] -> 0x00A5
[2346] [M]: 0x0000000080014D0C (0x00A59593) slli a1, a1, 0xa
x11 <- 0x3333333333333000
mem[X,0x0000000080014D10] -> 0x8593
mem[X,0x0000000080014D12] -> 0x3325
[2347] [M]: 0x0000000080014D10 (0x33258593) addi a1, a1, 0x332
x11 <- 0x3333333333333332
mem[X,0x0000000080014D14] -> 0x0113
mem[X,0x0000000080014D16] -> 0x0000
[2348] [M]: 0x0000000080014D14 (0x00000113) addi sp, zero, 0x0
x2 <- 0x0000000000000000
mem[X,0x0000000080014D18] -> 0x006F
mem[X,0x0000000080014D1A] -> 0x00C0
[2349] [M]: 0x0000000080014D18 (0x00C0006F) jal zero, 0xc
mem[X,0x0000000080014D24] -> 0x4063
mem[X,0x0000000080014D26] -> 0x02B5
[2350] [M]: 0x0000000080014D24 (0x02B54063) blt a0, a1, 0x20
mem[X,0x0000000080014D44] -> 0x0113
mem[X,0x0000000080014D46] -> 0x0031
[2351] [M]: 0x0000000080014D44 (0x00310113) addi sp, sp, 0x3
x2 <- 0x0000000000000003
mem[X,0x0000000080014D48] -> 0x006F
mem[X,0x0000000080014D4A] -> 0x0040
[2352] [M]: 0x0000000080014D48 (0x0040006F) jal zero, 0x4
mem[X,0x0000000080014D4C] -> 0xB823
mem[X,0x0000000080014D4E] -> 0x5820
[2353] [M]: 0x0000000080014D4C (0x5820B823) sd sp, 0x590(ra)
mem[0x000000008004F768] <- 0x0000000000000003
mem[X,0x0000000080014D50] -> 0x0513
mem[X,0x0000000080014D52] -> 0x0030
[2354] [M]: 0x0000000080014D50 (0x00300513) addi a0, zero, 0x3
x10 <- 0x0000000000000003
mem[X,0x0000000080014D54] -> 0x65B7
mem[X,0x0000000080014D56] -> 0x6666
[2355] [M]: 0x0000000080014D54 (0x666665B7) lui a1, 0x66666
x11 <- 0x0000000066666000
mem[X,0x0000000080014D58] -> 0x8593
mem[X,0x0000000080014D5A] -> 0x6665
[2356] [M]: 0x0000000080014D58 (0x66658593) addi a1, a1, 0x666
x11 <- 0x0000000066666666
mem[X,0x0000000080014D5C] -> 0x9593
mem[X,0x0000000080014D5E] -> 0x00B5
[2357] [M]: 0x0000000080014D5C (0x00B59593) slli a1, a1, 0xb
x11 <- 0x0000033333333000
mem[X,0x0000000080014D60] -> 0x8593
mem[X,0x0000000080014D62] -> 0x3335
[2358] [M]: 0x0000000080014D60 (0x33358593) addi a1, a1, 0x333
x11 <- 0x0000033333333333
mem[X,0x0000000080014D64] -> 0x9593
mem[X,0x0000000080014D66] -> 0x00B5
[2359] [M]: 0x0000000080014D64 (0x00B59593) slli a1, a1, 0xb
x11 <- 0x0019999999999800
mem[X,0x0000000080014D68] -> 0x8593
mem[X,0x0000000080014D6A] -> 0x1995
[2360] [M]: 0x0000000080014D68 (0x19958593) addi a1, a1, 0x199
x11 <- 0x0019999999999999
mem[X,0x0000000080014D6C] -> 0x9593
mem[X,0x0000000080014D6E] -> 0x00A5
[2361] [M]: 0x0000000080014D6C (0x00A59593) slli a1, a1, 0xa
x11 <- 0x6666666666666400
mem[X,0x0000000080014D70] -> 0x8593
mem[X,0x0000000080014D72] -> 0x2655
[2362] [M]: 0x0000000080014D70 (0x26558593) addi a1, a1, 0x265
x11 <- 0x6666666666666665
mem[X,0x0000000080014D74] -> 0x0113
mem[X,0x0000000080014D76] -> 0x0000
[2363] [M]: 0x0000000080014D74 (0x00000113) addi sp, zero, 0x0
x2 <- 0x0000000000000000
mem[X,0x0000000080014D78] -> 0x006F
mem[X,0x0000000080014D7A] -> 0x00C0
[2364] [M]: 0x0000000080014D78 (0x00C0006F) jal zero, 0xc
mem[X,0x0000000080014D84] -> 0x4063
mem[X,0x0000000080014D86] -> 0x04B5
[2365] [M]: 0x0000000080014D84 (0x04B54063) blt a0, a1, 0x40
mem[X,0x0000000080014DC4] -> 0x0113
mem[X,0x0000000080014DC6] -> 0x0031
[2366] [M]: 0x0000000080014DC4 (0x00310113) addi sp, sp, 0x3
x2 <- 0x0000000000000003
mem[X,0x0000000080014DC8] -> 0x006F
mem[X,0x0000000080014DCA] -> 0x0040
[2367] [M]: 0x0000000080014DC8 (0x0040006F) jal zero, 0x4
mem[X,0x0000000080014DCC] -> 0xBC23
mem[X,0x0000000080014DCE] -> 0x5820
[2368] [M]: 0x0000000080014DCC (0x5820BC23) sd sp, 0x598(ra)
mem[0x000000008004F770] <- 0x0000000000000003
mem[X,0x0000000080014DD0] -> 0x0513
mem[X,0x0000000080014DD2] -> 0x0030
[2369] [M]: 0x0000000080014DD0 (0x00300513) addi a0, zero, 0x3
x10 <- 0x0000000000000003
mem[X,0x0000000080014DD4] -> 0x05B7
mem[X,0x0000000080014DD6] -> 0x0000
[2370] [M]: 0x0000000080014DD4 (0x000005B7) lui a1, 0x0
x11 <- 0x0000000000000000
mem[X,0x0000000080014DD8] -> 0x8593
mem[X,0x0000000080014DDA] -> 0x0005
[2371] [M]: 0x0000000080014DD8 (0x00058593) addi a1, a1, 0x0
x11 <- 0x0000000000000000
mem[X,0x0000000080014DDC] -> 0x9593
mem[X,0x0000000080014DDE] -> 0x00B5
[2372] [M]: 0x0000000080014DDC (0x00B59593) slli a1, a1, 0xb
x11 <- 0x0000000000000000
mem[X,0x0000000080014DE0] -> 0x8593
mem[X,0x0000000080014DE2] -> 0x5A85
[2373] [M]: 0x0000000080014DE0 (0x5A858593) addi a1, a1, 0x5a8
x11 <- 0x00000000000005A8
mem[X,0x0000000080014DE4] -> 0x9593
mem[X,0x0000000080014DE6] -> 0x00B5
[2374] [M]: 0x0000000080014DE4 (0x00B59593) slli a1, a1, 0xb
x11 <- 0x00000000002D4000
mem[X,0x0000000080014DE8] -> 0x8593
mem[X,0x0000000080014DEA] -> 0x13C5
[2375] [M]: 0x0000000080014DE8 (0x13C58593) addi a1, a1, 0x13c
x11 <- 0x00000000002D413C
mem[X,0x0000000080014DEC] -> 0x9593
mem[X,0x0000000080014DEE] -> 0x00A5
[2376] [M]: 0x0000000080014DEC (0x00A59593) slli a1, a1, 0xa
x11 <- 0x00000000B504F000
mem[X,0x0000000080014DF0] -> 0x8593
mem[X,0x0000000080014DF2] -> 0x3325
[2377] [M]: 0x0000000080014DF0 (0x33258593) addi a1, a1, 0x332
x11 <- 0x00000000B504F332
mem[X,0x0000000080014DF4] -> 0x0113
mem[X,0x0000000080014DF6] -> 0x0000
[2378] [M]: 0x0000000080014DF4 (0x00000113) addi sp, zero, 0x0
x2 <- 0x0000000000000000
mem[X,0x0000000080014DF8] -> 0x006F
mem[X,0x0000000080014DFA] -> 0x2B10
[2379] [M]: 0x0000000080014DF8 (0x2B10006F) jal zero, 0xab0
mem[X,0x00000000800158A8] -> 0x4A63
mem[X,0x00000000800158AA] -> 0xD4B5
[2380] [M]: 0x00000000800158A8 (0xD4B54A63) blt a0, a1, -0xaac
mem[X,0x0000000080014DFC] -> 0x0113
mem[X,0x0000000080014DFE] -> 0x0011
[2381] [M]: 0x0000000080014DFC (0x00110113) addi sp, sp, 0x1
x2 <- 0x0000000000000001
mem[X,0x0000000080014E00] -> 0x006F
mem[X,0x0000000080014E02] -> 0x2BD0
[2382] [M]: 0x0000000080014E00 (0x2BD0006F) jal zero, 0xabc
mem[X,0x00000000800158BC] -> 0xB023
mem[X,0x00000000800158BE] -> 0x5A20
[2383] [M]: 0x00000000800158BC (0x5A20B023) sd sp, 0x5a0(ra)
mem[0x000000008004F778] <- 0x0000000000000001
mem[X,0x00000000800158C0] -> 0x0513
mem[X,0x00000000800158C2] -> 0x0030
[2384] [M]: 0x00000000800158C0 (0x00300513) addi a0, zero, 0x3
x10 <- 0x0000000000000003
mem[X,0x00000000800158C4] -> 0x55B7
mem[X,0x00000000800158C6] -> 0x5555
[2385] [M]: 0x00000000800158C4 (0x555555B7) lui a1, 0x55555
x11 <- 0x0000000055555000
mem[X,0x00000000800158C8] -> 0x8593
mem[X,0x00000000800158CA] -> 0x5555
[2386] [M]: 0x00000000800158C8 (0x55558593) addi a1, a1, 0x555
x11 <- 0x0000000055555555
mem[X,0x00000000800158CC] -> 0x9593
mem[X,0x00000000800158CE] -> 0x00B5
[2387] [M]: 0x00000000800158CC (0x00B59593) slli a1, a1, 0xb
x11 <- 0x000002AAAAAAA800
mem[X,0x00000000800158D0] -> 0x8593
mem[X,0x00000000800158D2] -> 0x2AA5
[2388] [M]: 0x00000000800158D0 (0x2AA58593) addi a1, a1, 0x2aa
x11 <- 0x000002AAAAAAAAAA
mem[X,0x00000000800158D4] -> 0x9593
mem[X,0x00000000800158D6] -> 0x00B5
[2389] [M]: 0x00000000800158D4 (0x00B59593) slli a1, a1, 0xb
x11 <- 0x0015555555555000
mem[X,0x00000000800158D8] -> 0x8593
mem[X,0x00000000800158DA] -> 0x5555
[2390] [M]: 0x00000000800158D8 (0x55558593) addi a1, a1, 0x555
x11 <- 0x0015555555555555
mem[X,0x00000000800158DC] -> 0x9593
mem[X,0x00000000800158DE] -> 0x00A5
[2391] [M]: 0x00000000800158DC (0x00A59593) slli a1, a1, 0xa
x11 <- 0x5555555555555400
mem[X,0x00000000800158E0] -> 0x8593
mem[X,0x00000000800158E2] -> 0x1565
[2392] [M]: 0x00000000800158E0 (0x15658593) addi a1, a1, 0x156
x11 <- 0x5555555555555556
mem[X,0x00000000800158E4] -> 0x0113
mem[X,0x00000000800158E6] -> 0x0000
[2393] [M]: 0x00000000800158E4 (0x00000113) addi sp, zero, 0x0
x2 <- 0x0000000000000000
mem[X,0x00000000800158E8] -> 0x006F
mem[X,0x00000000800158EA] -> 0x00C0
[2394] [M]: 0x00000000800158E8 (0x00C0006F) jal zero, 0xc
mem[X,0x00000000800158F4] -> 0x4063
mem[X,0x00000000800158F6] -> 0x04B5
[2395] [M]: 0x00000000800158F4 (0x04B54063) blt a0, a1, 0x40
mem[X,0x0000000080015934] -> 0x0113
mem[X,0x0000000080015936] -> 0x0031
[2396] [M]: 0x0000000080015934 (0x00310113) addi sp, sp, 0x3
x2 <- 0x0000000000000003
mem[X,0x0000000080015938] -> 0x006F
mem[X,0x000000008001593A] -> 0x0040
[2397] [M]: 0x0000000080015938 (0x0040006F) jal zero, 0x4
mem[X,0x000000008001593C] -> 0xB423
mem[X,0x000000008001593E] -> 0x5A20
[2398] [M]: 0x000000008001593C (0x5A20B423) sd sp, 0x5a8(ra)
mem[0x000000008004F780] <- 0x0000000000000003
mem[X,0x0000000080015940] -> 0x0513
mem[X,0x0000000080015942] -> 0x0030
[2399] [M]: 0x0000000080015940 (0x00300513) addi a0, zero, 0x3
x10 <- 0x0000000000000003
clint::tick mtime <- 0x0000000000000018
 clint timer pending at mtime 0x0000000000000018
htif::tick 0x0000000000000000
mem[X,0x0000000080015944] -> 0xB5B7
mem[X,0x0000000080015946] -> 0xAAAA
[2400] [M]: 0x0000000080015944 (0xAAAAB5B7) lui a1, -0x55555
x11 <- 0xFFFFFFFFAAAAB000
mem[X,0x0000000080015948] -> 0x8593
mem[X,0x000000008001594A] -> 0xAAA5
[2401] [M]: 0x0000000080015948 (0xAAA58593) addi a1, a1, -0x556
x11 <- 0xFFFFFFFFAAAAAAAA
mem[X,0x000000008001594C] -> 0x9593
mem[X,0x000000008001594E] -> 0x00B5
[2402] [M]: 0x000000008001594C (0x00B59593) slli a1, a1, 0xb
x11 <- 0xFFFFFD5555555000
mem[X,0x0000000080015950] -> 0x8593
mem[X,0x0000000080015952] -> 0x5555
[2403] [M]: 0x0000000080015950 (0x55558593) addi a1, a1, 0x555
x11 <- 0xFFFFFD5555555555
mem[X,0x0000000080015954] -> 0x9593
mem[X,0x0000000080015956] -> 0x00B5
[2404] [M]: 0x0000000080015954 (0x00B59593) slli a1, a1, 0xb
x11 <- 0xFFEAAAAAAAAAA800
mem[X,0x0000000080015958] -> 0x8593
mem[X,0x000000008001595A] -> 0x2AA5
[2405] [M]: 0x0000000080015958 (0x2AA58593) addi a1, a1, 0x2aa
x11 <- 0xFFEAAAAAAAAAAAAA
mem[X,0x000000008001595C] -> 0x9593
mem[X,0x000000008001595E] -> 0x00A5
[2406] [M]: 0x000000008001595C (0x00A59593) slli a1, a1, 0xa
x11 <- 0xAAAAAAAAAAAAA800
mem[X,0x0000000080015960] -> 0x8593
mem[X,0x0000000080015962] -> 0x2AB5
[2407] [M]: 0x0000000080015960 (0x2AB58593) addi a1, a1, 0x2ab
x11 <- 0xAAAAAAAAAAAAAAAB
mem[X,0x0000000080015964] -> 0x0113
mem[X,0x0000000080015966] -> 0x0000
[2408] [M]: 0x0000000080015964 (0x00000113) addi sp, zero, 0x0
x2 <- 0x0000000000000000
mem[X,0x0000000080015968] -> 0x006F
mem[X,0x000000008001596A] -> 0x2B10
[2409] [M]: 0x0000000080015968 (0x2B10006F) jal zero, 0xab0
mem[X,0x0000000080016418] -> 0x4A63
mem[X,0x000000008001641A] -> 0xD4B5
[2410] [M]: 0x0000000080016418 (0xD4B54A63) blt a0, a1, -0xaac
mem[X,0x000000008001641C] -> 0x0113
mem[X,0x000000008001641E] -> 0x0021
[2411] [M]: 0x000000008001641C (0x00210113) addi sp, sp, 0x2
x2 <- 0x0000000000000002
mem[X,0x0000000080016420] -> 0x006F
mem[X,0x0000000080016422] -> 0x00C0
[2412] [M]: 0x0000000080016420 (0x00C0006F) jal zero, 0xc
mem[X,0x000000008001642C] -> 0xB823
mem[X,0x000000008001642E] -> 0x5A20
[2413] [M]: 0x000000008001642C (0x5A20B823) sd sp, 0x5b0(ra)
mem[0x000000008004F788] <- 0x0000000000000002
mem[X,0x0000000080016430] -> 0x0513
mem[X,0x0000000080016432] -> 0x0030
[2414] [M]: 0x0000000080016430 (0x00300513) addi a0, zero, 0x3
x10 <- 0x0000000000000003
mem[X,0x0000000080016434] -> 0x0593
mem[X,0x0000000080016436] -> 0x0060
[2415] [M]: 0x0000000080016434 (0x00600593) addi a1, zero, 0x6
x11 <- 0x0000000000000006
mem[X,0x0000000080016438] -> 0x0113
mem[X,0x000000008001643A] -> 0x0000
[2416] [M]: 0x0000000080016438 (0x00000113) addi sp, zero, 0x0
x2 <- 0x0000000000000000
mem[X,0x000000008001643C] -> 0x006F
mem[X,0x000000008001643E] -> 0x00C0
[2417] [M]: 0x000000008001643C (0x00C0006F) jal zero, 0xc
mem[X,0x0000000080016448] -> 0x4063
mem[X,0x000000008001644A] -> 0x08B5
[2418] [M]: 0x0000000080016448 (0x08B54063) blt a0, a1, 0x80
mem[X,0x00000000800164C8] -> 0x0113
mem[X,0x00000000800164CA] -> 0x0031
[2419] [M]: 0x00000000800164C8 (0x00310113) addi sp, sp, 0x3
x2 <- 0x0000000000000003
mem[X,0x00000000800164CC] -> 0x006F
mem[X,0x00000000800164CE] -> 0x0040
[2420] [M]: 0x00000000800164CC (0x0040006F) jal zero, 0x4
mem[X,0x00000000800164D0] -> 0xBC23
mem[X,0x00000000800164D2] -> 0x5A20
[2421] [M]: 0x00000000800164D0 (0x5A20BC23) sd sp, 0x5b8(ra)
mem[0x000000008004F790] <- 0x0000000000000003
mem[X,0x00000000800164D4] -> 0x0513
mem[X,0x00000000800164D6] -> 0x0030
[2422] [M]: 0x00000000800164D4 (0x00300513) addi a0, zero, 0x3
x10 <- 0x0000000000000003
mem[X,0x00000000800164D8] -> 0x35B7
mem[X,0x00000000800164DA] -> 0x3333
[2423] [M]: 0x00000000800164D8 (0x333335B7) lui a1, 0x33333
x11 <- 0x0000000033333000
mem[X,0x00000000800164DC] -> 0x8593
mem[X,0x00000000800164DE] -> 0x3335
[2424] [M]: 0x00000000800164DC (0x33358593) addi a1, a1, 0x333
x11 <- 0x0000000033333333
mem[X,0x00000000800164E0] -> 0x9593
mem[X,0x00000000800164E2] -> 0x00B5
[2425] [M]: 0x00000000800164E0 (0x00B59593) slli a1, a1, 0xb
x11 <- 0x0000019999999800
mem[X,0x00000000800164E4] -> 0x8593
mem[X,0x00000000800164E6] -> 0x1995
[2426] [M]: 0x00000000800164E4 (0x19958593) addi a1, a1, 0x199
x11 <- 0x0000019999999999
mem[X,0x00000000800164E8] -> 0x9593
mem[X,0x00000000800164EA] -> 0x00B5
[2427] [M]: 0x00000000800164E8 (0x00B59593) slli a1, a1, 0xb
x11 <- 0x000CCCCCCCCCC800
mem[X,0x00000000800164EC] -> 0x8593
mem[X,0x00000000800164EE] -> 0x4CC5
[2428] [M]: 0x00000000800164EC (0x4CC58593) addi a1, a1, 0x4cc
x11 <- 0x000CCCCCCCCCCCCC
mem[X,0x00000000800164F0] -> 0x9593
mem[X,0x00000000800164F2] -> 0x00A5
[2429] [M]: 0x00000000800164F0 (0x00A59593) slli a1, a1, 0xa
x11 <- 0x3333333333333000
mem[X,0x00000000800164F4] -> 0x8593
mem[X,0x00000000800164F6] -> 0x3345
[2430] [M]: 0x00000000800164F4 (0x33458593) addi a1, a1, 0x334
x11 <- 0x3333333333333334
mem[X,0x00000000800164F8] -> 0x0113
mem[X,0x00000000800164FA] -> 0x0000
[2431] [M]: 0x00000000800164F8 (0x00000113) addi sp, zero, 0x0
x2 <- 0x0000000000000000
mem[X,0x00000000800164FC] -> 0x006F
mem[X,0x00000000800164FE] -> 0x00C0
[2432] [M]: 0x00000000800164FC (0x00C0006F) jal zero, 0xc
mem[X,0x0000000080016508] -> 0x4CE3
mem[X,0x000000008001650A] -> 0xFEB5
[2433] [M]: 0x0000000080016508 (0xFEB54CE3) blt a0, a1, -0x8
mem[X,0x0000000080016500] -> 0x0113
mem[X,0x0000000080016502] -> 0x0011
[2434] [M]: 0x0000000080016500 (0x00110113) addi sp, sp, 0x1
x2 <- 0x0000000000000001
mem[X,0x0000000080016504] -> 0x006F
mem[X,0x0000000080016506] -> 0x0180
[2435] [M]: 0x0000000080016504 (0x0180006F) jal zero, 0x18
mem[X,0x000000008001651C] -> 0xB023
mem[X,0x000000008001651E] -> 0x5C20
[2436] [M]: 0x000000008001651C (0x5C20B023) sd sp, 0x5c0(ra)
mem[0x000000008004F798] <- 0x0000000000000001
mem[X,0x0000000080016520] -> 0x0513
mem[X,0x0000000080016522] -> 0x0030
[2437] [M]: 0x0000000080016520 (0x00300513) addi a0, zero, 0x3
x10 <- 0x0000000000000003
mem[X,0x0000000080016524] -> 0x65B7
mem[X,0x0000000080016526] -> 0x6666
[2438] [M]: 0x0000000080016524 (0x666665B7) lui a1, 0x66666
x11 <- 0x0000000066666000
mem[X,0x0000000080016528] -> 0x8593
mem[X,0x000000008001652A] -> 0x6665
[2439] [M]: 0x0000000080016528 (0x66658593) addi a1, a1, 0x666
x11 <- 0x0000000066666666
mem[X,0x000000008001652C] -> 0x9593
mem[X,0x000000008001652E] -> 0x00B5
[2440] [M]: 0x000000008001652C (0x00B59593) slli a1, a1, 0xb
x11 <- 0x0000033333333000
mem[X,0x0000000080016530] -> 0x8593
mem[X,0x0000000080016532] -> 0x3335
[2441] [M]: 0x0000000080016530 (0x33358593) addi a1, a1, 0x333
x11 <- 0x0000033333333333
mem[X,0x0000000080016534] -> 0x9593
mem[X,0x0000000080016536] -> 0x00B5
[2442] [M]: 0x0000000080016534 (0x00B59593) slli a1, a1, 0xb
x11 <- 0x0019999999999800
mem[X,0x0000000080016538] -> 0x8593
mem[X,0x000000008001653A] -> 0x1995
[2443] [M]: 0x0000000080016538 (0x19958593) addi a1, a1, 0x199
x11 <- 0x0019999999999999
mem[X,0x000000008001653C] -> 0x9593
mem[X,0x000000008001653E] -> 0x00A5
[2444] [M]: 0x000000008001653C (0x00A59593) slli a1, a1, 0xa
x11 <- 0x6666666666666400
mem[X,0x0000000080016540] -> 0x8593
mem[X,0x0000000080016542] -> 0x2675
[2445] [M]: 0x0000000080016540 (0x26758593) addi a1, a1, 0x267
x11 <- 0x6666666666666667
mem[X,0x0000000080016544] -> 0x0113
mem[X,0x0000000080016546] -> 0x0000
[2446] [M]: 0x0000000080016544 (0x00000113) addi sp, zero, 0x0
x2 <- 0x0000000000000000
mem[X,0x0000000080016548] -> 0x006F
mem[X,0x000000008001654A] -> 0x00C0
[2447] [M]: 0x0000000080016548 (0x00C0006F) jal zero, 0xc
mem[X,0x0000000080016554] -> 0x4CE3
mem[X,0x0000000080016556] -> 0xFEB5
[2448] [M]: 0x0000000080016554 (0xFEB54CE3) blt a0, a1, -0x8
mem[X,0x000000008001654C] -> 0x0113
mem[X,0x000000008001654E] -> 0x0011
[2449] [M]: 0x000000008001654C (0x00110113) addi sp, sp, 0x1
x2 <- 0x0000000000000001
mem[X,0x0000000080016550] -> 0x006F
mem[X,0x0000000080016552] -> 0x0180
[2450] [M]: 0x0000000080016550 (0x0180006F) jal zero, 0x18
mem[X,0x0000000080016568] -> 0xB423
mem[X,0x000000008001656A] -> 0x5C20
[2451] [M]: 0x0000000080016568 (0x5C20B423) sd sp, 0x5c8(ra)
mem[0x000000008004F7A0] <- 0x0000000000000001
mem[X,0x000000008001656C] -> 0x0513
mem[X,0x000000008001656E] -> 0x0030
[2452] [M]: 0x000000008001656C (0x00300513) addi a0, zero, 0x3
x10 <- 0x0000000000000003
mem[X,0x0000000080016570] -> 0x05B7
mem[X,0x0000000080016572] -> 0x0000
[2453] [M]: 0x0000000080016570 (0x000005B7) lui a1, 0x0
x11 <- 0x0000000000000000
mem[X,0x0000000080016574] -> 0x8593
mem[X,0x0000000080016576] -> 0xFFF5
[2454] [M]: 0x0000000080016574 (0xFFF58593) addi a1, a1, -0x1
x11 <- 0xFFFFFFFFFFFFFFFF
mem[X,0x0000000080016578] -> 0x9593
mem[X,0x000000008001657A] -> 0x00B5
[2455] [M]: 0x0000000080016578 (0x00B59593) slli a1, a1, 0xb
x11 <- 0xFFFFFFFFFFFFF800
mem[X,0x000000008001657C] -> 0x8593
mem[X,0x000000008001657E] -> 0x2575
[2456] [M]: 0x000000008001657C (0x25758593) addi a1, a1, 0x257
x11 <- 0xFFFFFFFFFFFFFA57
mem[X,0x0000000080016580] -> 0x9593
mem[X,0x0000000080016582] -> 0x00B5
[2457] [M]: 0x0000000080016580 (0x00B59593) slli a1, a1, 0xb
x11 <- 0xFFFFFFFFFFD2B800
mem[X,0x0000000080016584] -> 0x8593
mem[X,0x0000000080016586] -> 0x6C35
[2458] [M]: 0x0000000080016584 (0x6C358593) addi a1, a1, 0x6c3
x11 <- 0xFFFFFFFFFFD2BEC3
mem[X,0x0000000080016588] -> 0x9593
mem[X,0x000000008001658A] -> 0x00A5
[2459] [M]: 0x0000000080016588 (0x00A59593) slli a1, a1, 0xa
x11 <- 0xFFFFFFFF4AFB0C00
mem[X,0x000000008001658C] -> 0x8593
mem[X,0x000000008001658E] -> 0x0CE5
[2460] [M]: 0x000000008001658C (0x0CE58593) addi a1, a1, 0xce
x11 <- 0xFFFFFFFF4AFB0CCE
mem[X,0x0000000080016590] -> 0x0113
mem[X,0x0000000080016592] -> 0x0000
[2461] [M]: 0x0000000080016590 (0x00000113) addi sp, zero, 0x0
x2 <- 0x0000000000000000
mem[X,0x0000000080016594] -> 0x006F
mem[X,0x0000000080016596] -> 0x00C0
[2462] [M]: 0x0000000080016594 (0x00C0006F) jal zero, 0xc
mem[X,0x00000000800165A0] -> 0x4CE3
mem[X,0x00000000800165A2] -> 0xFEB5
[2463] [M]: 0x00000000800165A0 (0xFEB54CE3) blt a0, a1, -0x8
mem[X,0x00000000800165A4] -> 0x0113
mem[X,0x00000000800165A6] -> 0x0021
[2464] [M]: 0x00000000800165A4 (0x00210113) addi sp, sp, 0x2
x2 <- 0x0000000000000002
mem[X,0x00000000800165A8] -> 0x006F
mem[X,0x00000000800165AA] -> 0x00C0
[2465] [M]: 0x00000000800165A8 (0x00C0006F) jal zero, 0xc
mem[X,0x00000000800165B4] -> 0xB823
mem[X,0x00000000800165B6] -> 0x5C20
[2466] [M]: 0x00000000800165B4 (0x5C20B823) sd sp, 0x5d0(ra)
mem[0x000000008004F7A8] <- 0x0000000000000002
mem[X,0x00000000800165B8] -> 0x0513
mem[X,0x00000000800165BA] -> 0x0030
[2467] [M]: 0x00000000800165B8 (0x00300513) addi a0, zero, 0x3
x10 <- 0x0000000000000003
mem[X,0x00000000800165BC] -> 0x05B7
mem[X,0x00000000800165BE] -> 0x0000
[2468] [M]: 0x00000000800165BC (0x000005B7) lui a1, 0x0
x11 <- 0x0000000000000000
mem[X,0x00000000800165C0] -> 0x8593
mem[X,0x00000000800165C2] -> 0x0005
[2469] [M]: 0x00000000800165C0 (0x00058593) addi a1, a1, 0x0
x11 <- 0x0000000000000000
mem[X,0x00000000800165C4] -> 0x9593
mem[X,0x00000000800165C6] -> 0x00B5
[2470] [M]: 0x00000000800165C4 (0x00B59593) slli a1, a1, 0xb
x11 <- 0x0000000000000000
mem[X,0x00000000800165C8] -> 0x8593
mem[X,0x00000000800165CA] -> 0x5A85
[2471] [M]: 0x00000000800165C8 (0x5A858593) addi a1, a1, 0x5a8
x11 <- 0x00000000000005A8
mem[X,0x00000000800165CC] -> 0x9593
mem[X,0x00000000800165CE] -> 0x00B5
[2472] [M]: 0x00000000800165CC (0x00B59593) slli a1, a1, 0xb
x11 <- 0x00000000002D4000
mem[X,0x00000000800165D0] -> 0x8593
mem[X,0x00000000800165D2] -> 0x13C5
[2473] [M]: 0x00000000800165D0 (0x13C58593) addi a1, a1, 0x13c
x11 <- 0x00000000002D413C
mem[X,0x00000000800165D4] -> 0x9593
mem[X,0x00000000800165D6] -> 0x00A5
[2474] [M]: 0x00000000800165D4 (0x00A59593) slli a1, a1, 0xa
x11 <- 0x00000000B504F000
mem[X,0x00000000800165D8] -> 0x8593
mem[X,0x00000000800165DA] -> 0x3345
[2475] [M]: 0x00000000800165D8 (0x33458593) addi a1, a1, 0x334
x11 <- 0x00000000B504F334
mem[X,0x00000000800165DC] -> 0x0113
mem[X,0x00000000800165DE] -> 0x0000
[2476] [M]: 0x00000000800165DC (0x00000113) addi sp, zero, 0x0
x2 <- 0x0000000000000000
mem[X,0x00000000800165E0] -> 0x006F
mem[X,0x00000000800165E2] -> 0x0180
[2477] [M]: 0x00000000800165E0 (0x0180006F) jal zero, 0x18
mem[X,0x00000000800165F8] -> 0x46E3
mem[X,0x00000000800165FA] -> 0xFEB5
[2478] [M]: 0x00000000800165F8 (0xFEB546E3) blt a0, a1, -0x14
mem[X,0x00000000800165E4] -> 0x0113
mem[X,0x00000000800165E6] -> 0x0011
[2479] [M]: 0x00000000800165E4 (0x00110113) addi sp, sp, 0x1
x2 <- 0x0000000000000001
mem[X,0x00000000800165E8] -> 0x006F
mem[X,0x00000000800165EA] -> 0x0240
[2480] [M]: 0x00000000800165E8 (0x0240006F) jal zero, 0x24
mem[X,0x000000008001660C] -> 0xBC23
mem[X,0x000000008001660E] -> 0x5C20
[2481] [M]: 0x000000008001660C (0x5C20BC23) sd sp, 0x5d8(ra)
mem[0x000000008004F7B0] <- 0x0000000000000001
mem[X,0x0000000080016610] -> 0x5537
mem[X,0x0000000080016612] -> 0x5555
[2482] [M]: 0x0000000080016610 (0x55555537) lui a0, 0x55555
x10 <- 0x0000000055555000
mem[X,0x0000000080016614] -> 0x0513
mem[X,0x0000000080016616] -> 0x5555
[2483] [M]: 0x0000000080016614 (0x55550513) addi a0, a0, 0x555
x10 <- 0x0000000055555555
mem[X,0x0000000080016618] -> 0x1513
mem[X,0x000000008001661A] -> 0x00B5
[2484] [M]: 0x0000000080016618 (0x00B51513) slli a0, a0, 0xb
x10 <- 0x000002AAAAAAA800
mem[X,0x000000008001661C] -> 0x0513
mem[X,0x000000008001661E] -> 0x2AA5
[2485] [M]: 0x000000008001661C (0x2AA50513) addi a0, a0, 0x2aa
x10 <- 0x000002AAAAAAAAAA
mem[X,0x0000000080016620] -> 0x1513
mem[X,0x0000000080016622] -> 0x00B5
[2486] [M]: 0x0000000080016620 (0x00B51513) slli a0, a0, 0xb
x10 <- 0x0015555555555000
mem[X,0x0000000080016624] -> 0x0513
mem[X,0x0000000080016626] -> 0x5555
[2487] [M]: 0x0000000080016624 (0x55550513) addi a0, a0, 0x555
x10 <- 0x0015555555555555
mem[X,0x0000000080016628] -> 0x1513
mem[X,0x000000008001662A] -> 0x00A5
[2488] [M]: 0x0000000080016628 (0x00A51513) slli a0, a0, 0xa
x10 <- 0x5555555555555400
mem[X,0x000000008001662C] -> 0x0513
mem[X,0x000000008001662E] -> 0x1555
[2489] [M]: 0x000000008001662C (0x15550513) addi a0, a0, 0x155
x10 <- 0x5555555555555555
mem[X,0x0000000080016630] -> 0x0593
mem[X,0x0000000080016632] -> 0x0030
[2490] [M]: 0x0000000080016630 (0x00300593) addi a1, zero, 0x3
x11 <- 0x0000000000000003
mem[X,0x0000000080016634] -> 0x0113
mem[X,0x0000000080016636] -> 0x0000
[2491] [M]: 0x0000000080016634 (0x00000113) addi sp, zero, 0x0
x2 <- 0x0000000000000000
mem[X,0x0000000080016638] -> 0x006F
mem[X,0x000000008001663A] -> 0x00C0
[2492] [M]: 0x0000000080016638 (0x00C0006F) jal zero, 0xc
mem[X,0x0000000080016644] -> 0x4CE3
mem[X,0x0000000080016646] -> 0xFEB5
[2493] [M]: 0x0000000080016644 (0xFEB54CE3) blt a0, a1, -0x8
mem[X,0x0000000080016648] -> 0x0113
mem[X,0x000000008001664A] -> 0x0021
[2494] [M]: 0x0000000080016648 (0x00210113) addi sp, sp, 0x2
x2 <- 0x0000000000000002
mem[X,0x000000008001664C] -> 0x006F
mem[X,0x000000008001664E] -> 0x00C0
[2495] [M]: 0x000000008001664C (0x00C0006F) jal zero, 0xc
mem[X,0x0000000080016658] -> 0xB023
mem[X,0x000000008001665A] -> 0x5E20
[2496] [M]: 0x0000000080016658 (0x5E20B023) sd sp, 0x5e0(ra)
mem[0x000000008004F7B8] <- 0x0000000000000002
mem[X,0x000000008001665C] -> 0x5537
mem[X,0x000000008001665E] -> 0x5555
[2497] [M]: 0x000000008001665C (0x55555537) lui a0, 0x55555
x10 <- 0x0000000055555000
mem[X,0x0000000080016660] -> 0x0513
mem[X,0x0000000080016662] -> 0x5555
[2498] [M]: 0x0000000080016660 (0x55550513) addi a0, a0, 0x555
x10 <- 0x0000000055555555
mem[X,0x0000000080016664] -> 0x1513
mem[X,0x0000000080016666] -> 0x00B5
[2499] [M]: 0x0000000080016664 (0x00B51513) slli a0, a0, 0xb
x10 <- 0x000002AAAAAAA800
clint::tick mtime <- 0x0000000000000019
 clint timer pending at mtime 0x0000000000000019
htif::tick 0x0000000000000000
mem[X,0x0000000080016668] -> 0x0513
mem[X,0x000000008001666A] -> 0x2AA5
[2500] [M]: 0x0000000080016668 (0x2AA50513) addi a0, a0, 0x2aa
x10 <- 0x000002AAAAAAAAAA
mem[X,0x000000008001666C] -> 0x1513
mem[X,0x000000008001666E] -> 0x00B5
[2501] [M]: 0x000000008001666C (0x00B51513) slli a0, a0, 0xb
x10 <- 0x0015555555555000
mem[X,0x0000000080016670] -> 0x0513
mem[X,0x0000000080016672] -> 0x5555
[2502] [M]: 0x0000000080016670 (0x55550513) addi a0, a0, 0x555
x10 <- 0x0015555555555555
mem[X,0x0000000080016674] -> 0x1513
mem[X,0x0000000080016676] -> 0x00A5
[2503] [M]: 0x0000000080016674 (0x00A51513) slli a0, a0, 0xa
x10 <- 0x5555555555555400
mem[X,0x0000000080016678] -> 0x0513
mem[X,0x000000008001667A] -> 0x1555
[2504] [M]: 0x0000000080016678 (0x15550513) addi a0, a0, 0x155
x10 <- 0x5555555555555555
mem[X,0x000000008001667C] -> 0x55B7
mem[X,0x000000008001667E] -> 0x5555
[2505] [M]: 0x000000008001667C (0x555555B7) lui a1, 0x55555
x11 <- 0x0000000055555000
mem[X,0x0000000080016680] -> 0x8593
mem[X,0x0000000080016682] -> 0x5555
[2506] [M]: 0x0000000080016680 (0x55558593) addi a1, a1, 0x555
x11 <- 0x0000000055555555
mem[X,0x0000000080016684] -> 0x9593
mem[X,0x0000000080016686] -> 0x00B5
[2507] [M]: 0x0000000080016684 (0x00B59593) slli a1, a1, 0xb
x11 <- 0x000002AAAAAAA800
mem[X,0x0000000080016688] -> 0x8593
mem[X,0x000000008001668A] -> 0x2AA5
[2508] [M]: 0x0000000080016688 (0x2AA58593) addi a1, a1, 0x2aa
x11 <- 0x000002AAAAAAAAAA
mem[X,0x000000008001668C] -> 0x9593
mem[X,0x000000008001668E] -> 0x00B5
[2509] [M]: 0x000000008001668C (0x00B59593) slli a1, a1, 0xb
x11 <- 0x0015555555555000
mem[X,0x0000000080016690] -> 0x8593
mem[X,0x0000000080016692] -> 0x5555
[2510] [M]: 0x0000000080016690 (0x55558593) addi a1, a1, 0x555
x11 <- 0x0015555555555555
mem[X,0x0000000080016694] -> 0x9593
mem[X,0x0000000080016696] -> 0x00A5
[2511] [M]: 0x0000000080016694 (0x00A59593) slli a1, a1, 0xa
x11 <- 0x5555555555555400
mem[X,0x0000000080016698] -> 0x8593
mem[X,0x000000008001669A] -> 0x1555
[2512] [M]: 0x0000000080016698 (0x15558593) addi a1, a1, 0x155
x11 <- 0x5555555555555555
mem[X,0x000000008001669C] -> 0x0113
mem[X,0x000000008001669E] -> 0x0000
[2513] [M]: 0x000000008001669C (0x00000113) addi sp, zero, 0x0
x2 <- 0x0000000000000000
mem[X,0x00000000800166A0] -> 0x006F
mem[X,0x00000000800166A2] -> 0x00C0
[2514] [M]: 0x00000000800166A0 (0x00C0006F) jal zero, 0xc
mem[X,0x00000000800166AC] -> 0x4663
mem[X,0x00000000800166AE] -> 0x00B5
[2515] [M]: 0x00000000800166AC (0x00B54663) blt a0, a1, 0xc
mem[X,0x00000000800166B0] -> 0x0113
mem[X,0x00000000800166B2] -> 0x0021
[2516] [M]: 0x00000000800166B0 (0x00210113) addi sp, sp, 0x2
x2 <- 0x0000000000000002
mem[X,0x00000000800166B4] -> 0x006F
mem[X,0x00000000800166B6] -> 0x00C0
[2517] [M]: 0x00000000800166B4 (0x00C0006F) jal zero, 0xc
mem[X,0x00000000800166C0] -> 0xB423
mem[X,0x00000000800166C2] -> 0x5E20
[2518] [M]: 0x00000000800166C0 (0x5E20B423) sd sp, 0x5e8(ra)
mem[0x000000008004F7C0] <- 0x0000000000000002
mem[X,0x00000000800166C4] -> 0x5537
mem[X,0x00000000800166C6] -> 0x5555
[2519] [M]: 0x00000000800166C4 (0x55555537) lui a0, 0x55555
x10 <- 0x0000000055555000
mem[X,0x00000000800166C8] -> 0x0513
mem[X,0x00000000800166CA] -> 0x5555
[2520] [M]: 0x00000000800166C8 (0x55550513) addi a0, a0, 0x555
x10 <- 0x0000000055555555
mem[X,0x00000000800166CC] -> 0x1513
mem[X,0x00000000800166CE] -> 0x00B5
[2521] [M]: 0x00000000800166CC (0x00B51513) slli a0, a0, 0xb
x10 <- 0x000002AAAAAAA800
mem[X,0x00000000800166D0] -> 0x0513
mem[X,0x00000000800166D2] -> 0x2AA5
[2522] [M]: 0x00000000800166D0 (0x2AA50513) addi a0, a0, 0x2aa
x10 <- 0x000002AAAAAAAAAA
mem[X,0x00000000800166D4] -> 0x1513
mem[X,0x00000000800166D6] -> 0x00B5
[2523] [M]: 0x00000000800166D4 (0x00B51513) slli a0, a0, 0xb
x10 <- 0x0015555555555000
mem[X,0x00000000800166D8] -> 0x0513
mem[X,0x00000000800166DA] -> 0x5555
[2524] [M]: 0x00000000800166D8 (0x55550513) addi a0, a0, 0x555
x10 <- 0x0015555555555555
mem[X,0x00000000800166DC] -> 0x1513
mem[X,0x00000000800166DE] -> 0x00A5
[2525] [M]: 0x00000000800166DC (0x00A51513) slli a0, a0, 0xa
x10 <- 0x5555555555555400
mem[X,0x00000000800166E0] -> 0x0513
mem[X,0x00000000800166E2] -> 0x1555
[2526] [M]: 0x00000000800166E0 (0x15550513) addi a0, a0, 0x155
x10 <- 0x5555555555555555
mem[X,0x00000000800166E4] -> 0xB5B7
mem[X,0x00000000800166E6] -> 0xAAAA
[2527] [M]: 0x00000000800166E4 (0xAAAAB5B7) lui a1, -0x55555
x11 <- 0xFFFFFFFFAAAAB000
mem[X,0x00000000800166E8] -> 0x8593
mem[X,0x00000000800166EA] -> 0xAAA5
[2528] [M]: 0x00000000800166E8 (0xAAA58593) addi a1, a1, -0x556
x11 <- 0xFFFFFFFFAAAAAAAA
mem[X,0x00000000800166EC] -> 0x9593
mem[X,0x00000000800166EE] -> 0x00B5
[2529] [M]: 0x00000000800166EC (0x00B59593) slli a1, a1, 0xb
x11 <- 0xFFFFFD5555555000
mem[X,0x00000000800166F0] -> 0x8593
mem[X,0x00000000800166F2] -> 0x5555
[2530] [M]: 0x00000000800166F0 (0x55558593) addi a1, a1, 0x555
x11 <- 0xFFFFFD5555555555
mem[X,0x00000000800166F4] -> 0x9593
mem[X,0x00000000800166F6] -> 0x00B5
[2531] [M]: 0x00000000800166F4 (0x00B59593) slli a1, a1, 0xb
x11 <- 0xFFEAAAAAAAAAA800
mem[X,0x00000000800166F8] -> 0x8593
mem[X,0x00000000800166FA] -> 0x2AA5
[2532] [M]: 0x00000000800166F8 (0x2AA58593) addi a1, a1, 0x2aa
x11 <- 0xFFEAAAAAAAAAAAAA
mem[X,0x00000000800166FC] -> 0x9593
mem[X,0x00000000800166FE] -> 0x00A5
[2533] [M]: 0x00000000800166FC (0x00A59593) slli a1, a1, 0xa
x11 <- 0xAAAAAAAAAAAAA800
mem[X,0x0000000080016700] -> 0x8593
mem[X,0x0000000080016702] -> 0x2AA5
[2534] [M]: 0x0000000080016700 (0x2AA58593) addi a1, a1, 0x2aa
x11 <- 0xAAAAAAAAAAAAAAAA
mem[X,0x0000000080016704] -> 0x0113
mem[X,0x0000000080016706] -> 0x0000
[2535] [M]: 0x0000000080016704 (0x00000113) addi sp, zero, 0x0
x2 <- 0x0000000000000000
mem[X,0x0000000080016708] -> 0x006F
mem[X,0x000000008001670A] -> 0x00C0
[2536] [M]: 0x0000000080016708 (0x00C0006F) jal zero, 0xc
mem[X,0x0000000080016714] -> 0x4663
mem[X,0x0000000080016716] -> 0x00B5
[2537] [M]: 0x0000000080016714 (0x00B54663) blt a0, a1, 0xc
mem[X,0x0000000080016718] -> 0x0113
mem[X,0x000000008001671A] -> 0x0021
[2538] [M]: 0x0000000080016718 (0x00210113) addi sp, sp, 0x2
x2 <- 0x0000000000000002
mem[X,0x000000008001671C] -> 0x006F
mem[X,0x000000008001671E] -> 0x00C0
[2539] [M]: 0x000000008001671C (0x00C0006F) jal zero, 0xc
mem[X,0x0000000080016728] -> 0xB823
mem[X,0x000000008001672A] -> 0x5E20
[2540] [M]: 0x0000000080016728 (0x5E20B823) sd sp, 0x5f0(ra)
mem[0x000000008004F7C8] <- 0x0000000000000002
mem[X,0x000000008001672C] -> 0x5537
mem[X,0x000000008001672E] -> 0x5555
[2541] [M]: 0x000000008001672C (0x55555537) lui a0, 0x55555
x10 <- 0x0000000055555000
mem[X,0x0000000080016730] -> 0x0513
mem[X,0x0000000080016732] -> 0x5555
[2542] [M]: 0x0000000080016730 (0x55550513) addi a0, a0, 0x555
x10 <- 0x0000000055555555
mem[X,0x0000000080016734] -> 0x1513
mem[X,0x0000000080016736] -> 0x00B5
[2543] [M]: 0x0000000080016734 (0x00B51513) slli a0, a0, 0xb
x10 <- 0x000002AAAAAAA800
mem[X,0x0000000080016738] -> 0x0513
mem[X,0x000000008001673A] -> 0x2AA5
[2544] [M]: 0x0000000080016738 (0x2AA50513) addi a0, a0, 0x2aa
x10 <- 0x000002AAAAAAAAAA
mem[X,0x000000008001673C] -> 0x1513
mem[X,0x000000008001673E] -> 0x00B5
[2545] [M]: 0x000000008001673C (0x00B51513) slli a0, a0, 0xb
x10 <- 0x0015555555555000
mem[X,0x0000000080016740] -> 0x0513
mem[X,0x0000000080016742] -> 0x5555
[2546] [M]: 0x0000000080016740 (0x55550513) addi a0, a0, 0x555
x10 <- 0x0015555555555555
mem[X,0x0000000080016744] -> 0x1513
mem[X,0x0000000080016746] -> 0x00A5
[2547] [M]: 0x0000000080016744 (0x00A51513) slli a0, a0, 0xa
x10 <- 0x5555555555555400
mem[X,0x0000000080016748] -> 0x0513
mem[X,0x000000008001674A] -> 0x1555
[2548] [M]: 0x0000000080016748 (0x15550513) addi a0, a0, 0x155
x10 <- 0x5555555555555555
mem[X,0x000000008001674C] -> 0x0593
mem[X,0x000000008001674E] -> 0x0050
[2549] [M]: 0x000000008001674C (0x00500593) addi a1, zero, 0x5
x11 <- 0x0000000000000005
mem[X,0x0000000080016750] -> 0x0113
mem[X,0x0000000080016752] -> 0x0000
[2550] [M]: 0x0000000080016750 (0x00000113) addi sp, zero, 0x0
x2 <- 0x0000000000000000
mem[X,0x0000000080016754] -> 0x006F
mem[X,0x0000000080016756] -> 0x00C0
[2551] [M]: 0x0000000080016754 (0x00C0006F) jal zero, 0xc
mem[X,0x0000000080016760] -> 0x4063
mem[X,0x0000000080016762] -> 0x10B5
[2552] [M]: 0x0000000080016760 (0x10B54063) blt a0, a1, 0x100
mem[X,0x0000000080016764] -> 0x0113
mem[X,0x0000000080016766] -> 0x0021
[2553] [M]: 0x0000000080016764 (0x00210113) addi sp, sp, 0x2
x2 <- 0x0000000000000002
mem[X,0x0000000080016768] -> 0x006F
mem[X,0x000000008001676A] -> 0x1000
[2554] [M]: 0x0000000080016768 (0x1000006F) jal zero, 0x100
mem[X,0x0000000080016868] -> 0xBC23
mem[X,0x000000008001686A] -> 0x5E20
[2555] [M]: 0x0000000080016868 (0x5E20BC23) sd sp, 0x5f8(ra)
mem[0x000000008004F7D0] <- 0x0000000000000002
mem[X,0x000000008001686C] -> 0x5537
mem[X,0x000000008001686E] -> 0x5555
[2556] [M]: 0x000000008001686C (0x55555537) lui a0, 0x55555
x10 <- 0x0000000055555000
mem[X,0x0000000080016870] -> 0x0513
mem[X,0x0000000080016872] -> 0x5555
[2557] [M]: 0x0000000080016870 (0x55550513) addi a0, a0, 0x555
x10 <- 0x0000000055555555
mem[X,0x0000000080016874] -> 0x1513
mem[X,0x0000000080016876] -> 0x00B5
[2558] [M]: 0x0000000080016874 (0x00B51513) slli a0, a0, 0xb
x10 <- 0x000002AAAAAAA800
mem[X,0x0000000080016878] -> 0x0513
mem[X,0x000000008001687A] -> 0x2AA5
[2559] [M]: 0x0000000080016878 (0x2AA50513) addi a0, a0, 0x2aa
x10 <- 0x000002AAAAAAAAAA
mem[X,0x000000008001687C] -> 0x1513
mem[X,0x000000008001687E] -> 0x00B5
[2560] [M]: 0x000000008001687C (0x00B51513) slli a0, a0, 0xb
x10 <- 0x0015555555555000
mem[X,0x0000000080016880] -> 0x0513
mem[X,0x0000000080016882] -> 0x5555
[2561] [M]: 0x0000000080016880 (0x55550513) addi a0, a0, 0x555
x10 <- 0x0015555555555555
mem[X,0x0000000080016884] -> 0x1513
mem[X,0x0000000080016886] -> 0x00A5
[2562] [M]: 0x0000000080016884 (0x00A51513) slli a0, a0, 0xa
x10 <- 0x5555555555555400
mem[X,0x0000000080016888] -> 0x0513
mem[X,0x000000008001688A] -> 0x1555
[2563] [M]: 0x0000000080016888 (0x15550513) addi a0, a0, 0x155
x10 <- 0x5555555555555555
mem[X,0x000000008001688C] -> 0x35B7
mem[X,0x000000008001688E] -> 0x3333
[2564] [M]: 0x000000008001688C (0x333335B7) lui a1, 0x33333
x11 <- 0x0000000033333000
mem[X,0x0000000080016890] -> 0x8593
mem[X,0x0000000080016892] -> 0x3335
[2565] [M]: 0x0000000080016890 (0x33358593) addi a1, a1, 0x333
x11 <- 0x0000000033333333
mem[X,0x0000000080016894] -> 0x9593
mem[X,0x0000000080016896] -> 0x00B5
[2566] [M]: 0x0000000080016894 (0x00B59593) slli a1, a1, 0xb
x11 <- 0x0000019999999800
mem[X,0x0000000080016898] -> 0x8593
mem[X,0x000000008001689A] -> 0x1995
[2567] [M]: 0x0000000080016898 (0x19958593) addi a1, a1, 0x199
x11 <- 0x0000019999999999
mem[X,0x000000008001689C] -> 0x9593
mem[X,0x000000008001689E] -> 0x00B5
[2568] [M]: 0x000000008001689C (0x00B59593) slli a1, a1, 0xb
x11 <- 0x000CCCCCCCCCC800
mem[X,0x00000000800168A0] -> 0x8593
mem[X,0x00000000800168A2] -> 0x4CC5
[2569] [M]: 0x00000000800168A0 (0x4CC58593) addi a1, a1, 0x4cc
x11 <- 0x000CCCCCCCCCCCCC
mem[X,0x00000000800168A4] -> 0x9593
mem[X,0x00000000800168A6] -> 0x00A5
[2570] [M]: 0x00000000800168A4 (0x00A59593) slli a1, a1, 0xa
x11 <- 0x3333333333333000
mem[X,0x00000000800168A8] -> 0x8593
mem[X,0x00000000800168AA] -> 0x3335
[2571] [M]: 0x00000000800168A8 (0x33358593) addi a1, a1, 0x333
x11 <- 0x3333333333333333
mem[X,0x00000000800168AC] -> 0x0113
mem[X,0x00000000800168AE] -> 0x0000
[2572] [M]: 0x00000000800168AC (0x00000113) addi sp, zero, 0x0
x2 <- 0x0000000000000000
mem[X,0x00000000800168B0] -> 0x006F
mem[X,0x00000000800168B2] -> 0x00C0
[2573] [M]: 0x00000000800168B0 (0x00C0006F) jal zero, 0xc
mem[X,0x00000000800168BC] -> 0x4CE3
mem[X,0x00000000800168BE] -> 0xFEB5
[2574] [M]: 0x00000000800168BC (0xFEB54CE3) blt a0, a1, -0x8
mem[X,0x00000000800168C0] -> 0x0113
mem[X,0x00000000800168C2] -> 0x0021
[2575] [M]: 0x00000000800168C0 (0x00210113) addi sp, sp, 0x2
x2 <- 0x0000000000000002
mem[X,0x00000000800168C4] -> 0x006F
mem[X,0x00000000800168C6] -> 0x00C0
[2576] [M]: 0x00000000800168C4 (0x00C0006F) jal zero, 0xc
mem[X,0x00000000800168D0] -> 0xB023
mem[X,0x00000000800168D2] -> 0x6020
[2577] [M]: 0x00000000800168D0 (0x6020B023) sd sp, 0x600(ra)
mem[0x000000008004F7D8] <- 0x0000000000000002
mem[X,0x00000000800168D4] -> 0x5537
mem[X,0x00000000800168D6] -> 0x5555
[2578] [M]: 0x00000000800168D4 (0x55555537) lui a0, 0x55555
x10 <- 0x0000000055555000
mem[X,0x00000000800168D8] -> 0x0513
mem[X,0x00000000800168DA] -> 0x5555
[2579] [M]: 0x00000000800168D8 (0x55550513) addi a0, a0, 0x555
x10 <- 0x0000000055555555
mem[X,0x00000000800168DC] -> 0x1513
mem[X,0x00000000800168DE] -> 0x00B5
[2580] [M]: 0x00000000800168DC (0x00B51513) slli a0, a0, 0xb
x10 <- 0x000002AAAAAAA800
mem[X,0x00000000800168E0] -> 0x0513
mem[X,0x00000000800168E2] -> 0x2AA5
[2581] [M]: 0x00000000800168E0 (0x2AA50513) addi a0, a0, 0x2aa
x10 <- 0x000002AAAAAAAAAA
mem[X,0x00000000800168E4] -> 0x1513
mem[X,0x00000000800168E6] -> 0x00B5
[2582] [M]: 0x00000000800168E4 (0x00B51513) slli a0, a0, 0xb
x10 <- 0x0015555555555000
mem[X,0x00000000800168E8] -> 0x0513
mem[X,0x00000000800168EA] -> 0x5555
[2583] [M]: 0x00000000800168E8 (0x55550513) addi a0, a0, 0x555
x10 <- 0x0015555555555555
mem[X,0x00000000800168EC] -> 0x1513
mem[X,0x00000000800168EE] -> 0x00A5
[2584] [M]: 0x00000000800168EC (0x00A51513) slli a0, a0, 0xa
x10 <- 0x5555555555555400
mem[X,0x00000000800168F0] -> 0x0513
mem[X,0x00000000800168F2] -> 0x1555
[2585] [M]: 0x00000000800168F0 (0x15550513) addi a0, a0, 0x155
x10 <- 0x5555555555555555
mem[X,0x00000000800168F4] -> 0x65B7
mem[X,0x00000000800168F6] -> 0x6666
[2586] [M]: 0x00000000800168F4 (0x666665B7) lui a1, 0x66666
x11 <- 0x0000000066666000
mem[X,0x00000000800168F8] -> 0x8593
mem[X,0x00000000800168FA] -> 0x6665
[2587] [M]: 0x00000000800168F8 (0x66658593) addi a1, a1, 0x666
x11 <- 0x0000000066666666
mem[X,0x00000000800168FC] -> 0x9593
mem[X,0x00000000800168FE] -> 0x00B5
[2588] [M]: 0x00000000800168FC (0x00B59593) slli a1, a1, 0xb
x11 <- 0x0000033333333000
mem[X,0x0000000080016900] -> 0x8593
mem[X,0x0000000080016902] -> 0x3335
[2589] [M]: 0x0000000080016900 (0x33358593) addi a1, a1, 0x333
x11 <- 0x0000033333333333
mem[X,0x0000000080016904] -> 0x9593
mem[X,0x0000000080016906] -> 0x00B5
[2590] [M]: 0x0000000080016904 (0x00B59593) slli a1, a1, 0xb
x11 <- 0x0019999999999800
mem[X,0x0000000080016908] -> 0x8593
mem[X,0x000000008001690A] -> 0x1995
[2591] [M]: 0x0000000080016908 (0x19958593) addi a1, a1, 0x199
x11 <- 0x0019999999999999
mem[X,0x000000008001690C] -> 0x9593
mem[X,0x000000008001690E] -> 0x00A5
[2592] [M]: 0x000000008001690C (0x00A59593) slli a1, a1, 0xa
x11 <- 0x6666666666666400
mem[X,0x0000000080016910] -> 0x8593
mem[X,0x0000000080016912] -> 0x2665
[2593] [M]: 0x0000000080016910 (0x26658593) addi a1, a1, 0x266
x11 <- 0x6666666666666666
mem[X,0x0000000080016914] -> 0x0113
mem[X,0x0000000080016916] -> 0x0000
[2594] [M]: 0x0000000080016914 (0x00000113) addi sp, zero, 0x0
x2 <- 0x0000000000000000
mem[X,0x0000000080016918] -> 0x006F
mem[X,0x000000008001691A] -> 0x00C0
[2595] [M]: 0x0000000080016918 (0x00C0006F) jal zero, 0xc
mem[X,0x0000000080016924] -> 0x4063
mem[X,0x0000000080016926] -> 0x40B5
[2596] [M]: 0x0000000080016924 (0x40B54063) blt a0, a1, 0x400
mem[X,0x0000000080016D24] -> 0x0113
mem[X,0x0000000080016D26] -> 0x0031
[2597] [M]: 0x0000000080016D24 (0x00310113) addi sp, sp, 0x3
x2 <- 0x0000000000000003
mem[X,0x0000000080016D28] -> 0x006F
mem[X,0x0000000080016D2A] -> 0x0040
[2598] [M]: 0x0000000080016D28 (0x0040006F) jal zero, 0x4
mem[X,0x0000000080016D2C] -> 0xB423
mem[X,0x0000000080016D2E] -> 0x6020
[2599] [M]: 0x0000000080016D2C (0x6020B423) sd sp, 0x608(ra)
mem[0x000000008004F7E0] <- 0x0000000000000003
clint::tick mtime <- 0x000000000000001A
 clint timer pending at mtime 0x000000000000001A
htif::tick 0x0000000000000000
mem[X,0x0000000080016D30] -> 0x5537
mem[X,0x0000000080016D32] -> 0x5555
[2600] [M]: 0x0000000080016D30 (0x55555537) lui a0, 0x55555
x10 <- 0x0000000055555000
mem[X,0x0000000080016D34] -> 0x0513
mem[X,0x0000000080016D36] -> 0x5555
[2601] [M]: 0x0000000080016D34 (0x55550513) addi a0, a0, 0x555
x10 <- 0x0000000055555555
mem[X,0x0000000080016D38] -> 0x1513
mem[X,0x0000000080016D3A] -> 0x00B5
[2602] [M]: 0x0000000080016D38 (0x00B51513) slli a0, a0, 0xb
x10 <- 0x000002AAAAAAA800
mem[X,0x0000000080016D3C] -> 0x0513
mem[X,0x0000000080016D3E] -> 0x2AA5
[2603] [M]: 0x0000000080016D3C (0x2AA50513) addi a0, a0, 0x2aa
x10 <- 0x000002AAAAAAAAAA
mem[X,0x0000000080016D40] -> 0x1513
mem[X,0x0000000080016D42] -> 0x00B5
[2604] [M]: 0x0000000080016D40 (0x00B51513) slli a0, a0, 0xb
x10 <- 0x0015555555555000
mem[X,0x0000000080016D44] -> 0x0513
mem[X,0x0000000080016D46] -> 0x5555
[2605] [M]: 0x0000000080016D44 (0x55550513) addi a0, a0, 0x555
x10 <- 0x0015555555555555
mem[X,0x0000000080016D48] -> 0x1513
mem[X,0x0000000080016D4A] -> 0x00A5
[2606] [M]: 0x0000000080016D48 (0x00A51513) slli a0, a0, 0xa
x10 <- 0x5555555555555400
mem[X,0x0000000080016D4C] -> 0x0513
mem[X,0x0000000080016D4E] -> 0x1555
[2607] [M]: 0x0000000080016D4C (0x15550513) addi a0, a0, 0x155
x10 <- 0x5555555555555555
mem[X,0x0000000080016D50] -> 0x05B7
mem[X,0x0000000080016D52] -> 0x0000
[2608] [M]: 0x0000000080016D50 (0x000005B7) lui a1, 0x0
x11 <- 0x0000000000000000
mem[X,0x0000000080016D54] -> 0x8593
mem[X,0x0000000080016D56] -> 0xFFF5
[2609] [M]: 0x0000000080016D54 (0xFFF58593) addi a1, a1, -0x1
x11 <- 0xFFFFFFFFFFFFFFFF
mem[X,0x0000000080016D58] -> 0x9593
mem[X,0x0000000080016D5A] -> 0x00B5
[2610] [M]: 0x0000000080016D58 (0x00B59593) slli a1, a1, 0xb
x11 <- 0xFFFFFFFFFFFFF800
mem[X,0x0000000080016D5C] -> 0x8593
mem[X,0x0000000080016D5E] -> 0x2575
[2611] [M]: 0x0000000080016D5C (0x25758593) addi a1, a1, 0x257
x11 <- 0xFFFFFFFFFFFFFA57
mem[X,0x0000000080016D60] -> 0x9593
mem[X,0x0000000080016D62] -> 0x00B5
[2612] [M]: 0x0000000080016D60 (0x00B59593) slli a1, a1, 0xb
x11 <- 0xFFFFFFFFFFD2B800
mem[X,0x0000000080016D64] -> 0x8593
mem[X,0x0000000080016D66] -> 0x6C35
[2613] [M]: 0x0000000080016D64 (0x6C358593) addi a1, a1, 0x6c3
x11 <- 0xFFFFFFFFFFD2BEC3
mem[X,0x0000000080016D68] -> 0x9593
mem[X,0x0000000080016D6A] -> 0x00A5
[2614] [M]: 0x0000000080016D68 (0x00A59593) slli a1, a1, 0xa
x11 <- 0xFFFFFFFF4AFB0C00
mem[X,0x0000000080016D6C] -> 0x8593
mem[X,0x0000000080016D6E] -> 0x0CD5
[2615] [M]: 0x0000000080016D6C (0x0CD58593) addi a1, a1, 0xcd
x11 <- 0xFFFFFFFF4AFB0CCD
mem[X,0x0000000080016D70] -> 0x0113
mem[X,0x0000000080016D72] -> 0x0000
[2616] [M]: 0x0000000080016D70 (0x00000113) addi sp, zero, 0x0
x2 <- 0x0000000000000000
mem[X,0x0000000080016D74] -> 0x006F
mem[X,0x0000000080016D76] -> 0x00C0
[2617] [M]: 0x0000000080016D74 (0x00C0006F) jal zero, 0xc
mem[X,0x0000000080016D80] -> 0x4063
mem[X,0x0000000080016D82] -> 0x08B5
[2618] [M]: 0x0000000080016D80 (0x08B54063) blt a0, a1, 0x80
mem[X,0x0000000080016D84] -> 0x0113
mem[X,0x0000000080016D86] -> 0x0021
[2619] [M]: 0x0000000080016D84 (0x00210113) addi sp, sp, 0x2
x2 <- 0x0000000000000002
mem[X,0x0000000080016D88] -> 0x006F
mem[X,0x0000000080016D8A] -> 0x0800
[2620] [M]: 0x0000000080016D88 (0x0800006F) jal zero, 0x80
mem[X,0x0000000080016E08] -> 0xB823
mem[X,0x0000000080016E0A] -> 0x6020
[2621] [M]: 0x0000000080016E08 (0x6020B823) sd sp, 0x610(ra)
mem[0x000000008004F7E8] <- 0x0000000000000002
mem[X,0x0000000080016E0C] -> 0x5537
mem[X,0x0000000080016E0E] -> 0x5555
[2622] [M]: 0x0000000080016E0C (0x55555537) lui a0, 0x55555
x10 <- 0x0000000055555000
mem[X,0x0000000080016E10] -> 0x0513
mem[X,0x0000000080016E12] -> 0x5555
[2623] [M]: 0x0000000080016E10 (0x55550513) addi a0, a0, 0x555
x10 <- 0x0000000055555555
mem[X,0x0000000080016E14] -> 0x1513
mem[X,0x0000000080016E16] -> 0x00B5
[2624] [M]: 0x0000000080016E14 (0x00B51513) slli a0, a0, 0xb
x10 <- 0x000002AAAAAAA800
mem[X,0x0000000080016E18] -> 0x0513
mem[X,0x0000000080016E1A] -> 0x2AA5
[2625] [M]: 0x0000000080016E18 (0x2AA50513) addi a0, a0, 0x2aa
x10 <- 0x000002AAAAAAAAAA
mem[X,0x0000000080016E1C] -> 0x1513
mem[X,0x0000000080016E1E] -> 0x00B5
[2626] [M]: 0x0000000080016E1C (0x00B51513) slli a0, a0, 0xb
x10 <- 0x0015555555555000
mem[X,0x0000000080016E20] -> 0x0513
mem[X,0x0000000080016E22] -> 0x5555
[2627] [M]: 0x0000000080016E20 (0x55550513) addi a0, a0, 0x555
x10 <- 0x0015555555555555
mem[X,0x0000000080016E24] -> 0x1513
mem[X,0x0000000080016E26] -> 0x00A5
[2628] [M]: 0x0000000080016E24 (0x00A51513) slli a0, a0, 0xa
x10 <- 0x5555555555555400
mem[X,0x0000000080016E28] -> 0x0513
mem[X,0x0000000080016E2A] -> 0x1555
[2629] [M]: 0x0000000080016E28 (0x15550513) addi a0, a0, 0x155
x10 <- 0x5555555555555555
mem[X,0x0000000080016E2C] -> 0x05B7
mem[X,0x0000000080016E2E] -> 0x0000
[2630] [M]: 0x0000000080016E2C (0x000005B7) lui a1, 0x0
x11 <- 0x0000000000000000
mem[X,0x0000000080016E30] -> 0x8593
mem[X,0x0000000080016E32] -> 0x0005
[2631] [M]: 0x0000000080016E30 (0x00058593) addi a1, a1, 0x0
x11 <- 0x0000000000000000
mem[X,0x0000000080016E34] -> 0x9593
mem[X,0x0000000080016E36] -> 0x00B5
[2632] [M]: 0x0000000080016E34 (0x00B59593) slli a1, a1, 0xb
x11 <- 0x0000000000000000
mem[X,0x0000000080016E38] -> 0x8593
mem[X,0x0000000080016E3A] -> 0x5A85
[2633] [M]: 0x0000000080016E38 (0x5A858593) addi a1, a1, 0x5a8
x11 <- 0x00000000000005A8
mem[X,0x0000000080016E3C] -> 0x9593
mem[X,0x0000000080016E3E] -> 0x00B5
[2634] [M]: 0x0000000080016E3C (0x00B59593) slli a1, a1, 0xb
x11 <- 0x00000000002D4000
mem[X,0x0000000080016E40] -> 0x8593
mem[X,0x0000000080016E42] -> 0x13C5
[2635] [M]: 0x0000000080016E40 (0x13C58593) addi a1, a1, 0x13c
x11 <- 0x00000000002D413C
mem[X,0x0000000080016E44] -> 0x9593
mem[X,0x0000000080016E46] -> 0x00A5
[2636] [M]: 0x0000000080016E44 (0x00A59593) slli a1, a1, 0xa
x11 <- 0x00000000B504F000
mem[X,0x0000000080016E48] -> 0x8593
mem[X,0x0000000080016E4A] -> 0x3335
[2637] [M]: 0x0000000080016E48 (0x33358593) addi a1, a1, 0x333
x11 <- 0x00000000B504F333
mem[X,0x0000000080016E4C] -> 0x0113
mem[X,0x0000000080016E4E] -> 0x0000
[2638] [M]: 0x0000000080016E4C (0x00000113) addi sp, zero, 0x0
x2 <- 0x0000000000000000
mem[X,0x0000000080016E50] -> 0x006F
mem[X,0x0000000080016E52] -> 0x00C0
[2639] [M]: 0x0000000080016E50 (0x00C0006F) jal zero, 0xc
mem[X,0x0000000080016E5C] -> 0x4CE3
mem[X,0x0000000080016E5E] -> 0xFEB5
[2640] [M]: 0x0000000080016E5C (0xFEB54CE3) blt a0, a1, -0x8
mem[X,0x0000000080016E60] -> 0x0113
mem[X,0x0000000080016E62] -> 0x0021
[2641] [M]: 0x0000000080016E60 (0x00210113) addi sp, sp, 0x2
x2 <- 0x0000000000000002
mem[X,0x0000000080016E64] -> 0x006F
mem[X,0x0000000080016E66] -> 0x00C0
[2642] [M]: 0x0000000080016E64 (0x00C0006F) jal zero, 0xc
mem[X,0x0000000080016E70] -> 0xBC23
mem[X,0x0000000080016E72] -> 0x6020
[2643] [M]: 0x0000000080016E70 (0x6020BC23) sd sp, 0x618(ra)
mem[0x000000008004F7F0] <- 0x0000000000000002
mem[X,0x0000000080016E74] -> 0x5537
mem[X,0x0000000080016E76] -> 0x5555
[2644] [M]: 0x0000000080016E74 (0x55555537) lui a0, 0x55555
x10 <- 0x0000000055555000
mem[X,0x0000000080016E78] -> 0x0513
mem[X,0x0000000080016E7A] -> 0x5555
[2645] [M]: 0x0000000080016E78 (0x55550513) addi a0, a0, 0x555
x10 <- 0x0000000055555555
mem[X,0x0000000080016E7C] -> 0x1513
mem[X,0x0000000080016E7E] -> 0x00B5
[2646] [M]: 0x0000000080016E7C (0x00B51513) slli a0, a0, 0xb
x10 <- 0x000002AAAAAAA800
mem[X,0x0000000080016E80] -> 0x0513
mem[X,0x0000000080016E82] -> 0x2AA5
[2647] [M]: 0x0000000080016E80 (0x2AA50513) addi a0, a0, 0x2aa
x10 <- 0x000002AAAAAAAAAA
mem[X,0x0000000080016E84] -> 0x1513
mem[X,0x0000000080016E86] -> 0x00B5
[2648] [M]: 0x0000000080016E84 (0x00B51513) slli a0, a0, 0xb
x10 <- 0x0015555555555000
mem[X,0x0000000080016E88] -> 0x0513
mem[X,0x0000000080016E8A] -> 0x5555
[2649] [M]: 0x0000000080016E88 (0x55550513) addi a0, a0, 0x555
x10 <- 0x0015555555555555
mem[X,0x0000000080016E8C] -> 0x1513
mem[X,0x0000000080016E8E] -> 0x00A5
[2650] [M]: 0x0000000080016E8C (0x00A51513) slli a0, a0, 0xa
x10 <- 0x5555555555555400
mem[X,0x0000000080016E90] -> 0x0513
mem[X,0x0000000080016E92] -> 0x1555
[2651] [M]: 0x0000000080016E90 (0x15550513) addi a0, a0, 0x155
x10 <- 0x5555555555555555
mem[X,0x0000000080016E94] -> 0x0593
mem[X,0x0000000080016E96] -> 0x0020
[2652] [M]: 0x0000000080016E94 (0x00200593) addi a1, zero, 0x2
x11 <- 0x0000000000000002
mem[X,0x0000000080016E98] -> 0x0113
mem[X,0x0000000080016E9A] -> 0x0000
[2653] [M]: 0x0000000080016E98 (0x00000113) addi sp, zero, 0x0
x2 <- 0x0000000000000000
mem[X,0x0000000080016E9C] -> 0x006F
mem[X,0x0000000080016E9E] -> 0x0100
[2654] [M]: 0x0000000080016E9C (0x0100006F) jal zero, 0x10
mem[X,0x0000000080016EAC] -> 0x4AE3
mem[X,0x0000000080016EAE] -> 0xFEB5
[2655] [M]: 0x0000000080016EAC (0xFEB54AE3) blt a0, a1, -0xc
mem[X,0x0000000080016EB0] -> 0x0113
mem[X,0x0000000080016EB2] -> 0x0021
[2656] [M]: 0x0000000080016EB0 (0x00210113) addi sp, sp, 0x2
x2 <- 0x0000000000000002
mem[X,0x0000000080016EB4] -> 0x006F
mem[X,0x0000000080016EB6] -> 0x00C0
[2657] [M]: 0x0000000080016EB4 (0x00C0006F) jal zero, 0xc
mem[X,0x0000000080016EC0] -> 0xB023
mem[X,0x0000000080016EC2] -> 0x6220
[2658] [M]: 0x0000000080016EC0 (0x6220B023) sd sp, 0x620(ra)
mem[0x000000008004F7F8] <- 0x0000000000000002
mem[X,0x0000000080016EC4] -> 0x5537
mem[X,0x0000000080016EC6] -> 0x5555
[2659] [M]: 0x0000000080016EC4 (0x55555537) lui a0, 0x55555
x10 <- 0x0000000055555000
mem[X,0x0000000080016EC8] -> 0x0513
mem[X,0x0000000080016ECA] -> 0x5555
[2660] [M]: 0x0000000080016EC8 (0x55550513) addi a0, a0, 0x555
x10 <- 0x0000000055555555
mem[X,0x0000000080016ECC] -> 0x1513
mem[X,0x0000000080016ECE] -> 0x00B5
[2661] [M]: 0x0000000080016ECC (0x00B51513) slli a0, a0, 0xb
x10 <- 0x000002AAAAAAA800
mem[X,0x0000000080016ED0] -> 0x0513
mem[X,0x0000000080016ED2] -> 0x2AA5
[2662] [M]: 0x0000000080016ED0 (0x2AA50513) addi a0, a0, 0x2aa
x10 <- 0x000002AAAAAAAAAA
mem[X,0x0000000080016ED4] -> 0x1513
mem[X,0x0000000080016ED6] -> 0x00B5
[2663] [M]: 0x0000000080016ED4 (0x00B51513) slli a0, a0, 0xb
x10 <- 0x0015555555555000
mem[X,0x0000000080016ED8] -> 0x0513
mem[X,0x0000000080016EDA] -> 0x5555
[2664] [M]: 0x0000000080016ED8 (0x55550513) addi a0, a0, 0x555
x10 <- 0x0015555555555555
mem[X,0x0000000080016EDC] -> 0x1513
mem[X,0x0000000080016EDE] -> 0x00A5
[2665] [M]: 0x0000000080016EDC (0x00A51513) slli a0, a0, 0xa
x10 <- 0x5555555555555400
mem[X,0x0000000080016EE0] -> 0x0513
mem[X,0x0000000080016EE2] -> 0x1555
[2666] [M]: 0x0000000080016EE0 (0x15550513) addi a0, a0, 0x155
x10 <- 0x5555555555555555
mem[X,0x0000000080016EE4] -> 0x55B7
mem[X,0x0000000080016EE6] -> 0x5555
[2667] [M]: 0x0000000080016EE4 (0x555555B7) lui a1, 0x55555
x11 <- 0x0000000055555000
mem[X,0x0000000080016EE8] -> 0x8593
mem[X,0x0000000080016EEA] -> 0x5555
[2668] [M]: 0x0000000080016EE8 (0x55558593) addi a1, a1, 0x555
x11 <- 0x0000000055555555
mem[X,0x0000000080016EEC] -> 0x9593
mem[X,0x0000000080016EEE] -> 0x00B5
[2669] [M]: 0x0000000080016EEC (0x00B59593) slli a1, a1, 0xb
x11 <- 0x000002AAAAAAA800
mem[X,0x0000000080016EF0] -> 0x8593
mem[X,0x0000000080016EF2] -> 0x2AA5
[2670] [M]: 0x0000000080016EF0 (0x2AA58593) addi a1, a1, 0x2aa
x11 <- 0x000002AAAAAAAAAA
mem[X,0x0000000080016EF4] -> 0x9593
mem[X,0x0000000080016EF6] -> 0x00B5
[2671] [M]: 0x0000000080016EF4 (0x00B59593) slli a1, a1, 0xb
x11 <- 0x0015555555555000
mem[X,0x0000000080016EF8] -> 0x8593
mem[X,0x0000000080016EFA] -> 0x5555
[2672] [M]: 0x0000000080016EF8 (0x55558593) addi a1, a1, 0x555
x11 <- 0x0015555555555555
mem[X,0x0000000080016EFC] -> 0x9593
mem[X,0x0000000080016EFE] -> 0x00A5
[2673] [M]: 0x0000000080016EFC (0x00A59593) slli a1, a1, 0xa
x11 <- 0x5555555555555400
mem[X,0x0000000080016F00] -> 0x8593
mem[X,0x0000000080016F02] -> 0x1545
[2674] [M]: 0x0000000080016F00 (0x15458593) addi a1, a1, 0x154
x11 <- 0x5555555555555554
mem[X,0x0000000080016F04] -> 0x0113
mem[X,0x0000000080016F06] -> 0x0000
[2675] [M]: 0x0000000080016F04 (0x00000113) addi sp, zero, 0x0
x2 <- 0x0000000000000000
mem[X,0x0000000080016F08] -> 0x006F
mem[X,0x0000000080016F0A] -> 0x00C0
[2676] [M]: 0x0000000080016F08 (0x00C0006F) jal zero, 0xc
mem[X,0x0000000080016F14] -> 0x4063
mem[X,0x0000000080016F16] -> 0x10B5
[2677] [M]: 0x0000000080016F14 (0x10B54063) blt a0, a1, 0x100
mem[X,0x0000000080016F18] -> 0x0113
mem[X,0x0000000080016F1A] -> 0x0021
[2678] [M]: 0x0000000080016F18 (0x00210113) addi sp, sp, 0x2
x2 <- 0x0000000000000002
mem[X,0x0000000080016F1C] -> 0x006F
mem[X,0x0000000080016F1E] -> 0x1000
[2679] [M]: 0x0000000080016F1C (0x1000006F) jal zero, 0x100
mem[X,0x000000008001701C] -> 0xB423
mem[X,0x000000008001701E] -> 0x6220
[2680] [M]: 0x000000008001701C (0x6220B423) sd sp, 0x628(ra)
mem[0x000000008004F800] <- 0x0000000000000002
mem[X,0x0000000080017020] -> 0x5537
mem[X,0x0000000080017022] -> 0x5555
[2681] [M]: 0x0000000080017020 (0x55555537) lui a0, 0x55555
x10 <- 0x0000000055555000
mem[X,0x0000000080017024] -> 0x0513
mem[X,0x0000000080017026] -> 0x5555
[2682] [M]: 0x0000000080017024 (0x55550513) addi a0, a0, 0x555
x10 <- 0x0000000055555555
mem[X,0x0000000080017028] -> 0x1513
mem[X,0x000000008001702A] -> 0x00B5
[2683] [M]: 0x0000000080017028 (0x00B51513) slli a0, a0, 0xb
x10 <- 0x000002AAAAAAA800
mem[X,0x000000008001702C] -> 0x0513
mem[X,0x000000008001702E] -> 0x2AA5
[2684] [M]: 0x000000008001702C (0x2AA50513) addi a0, a0, 0x2aa
x10 <- 0x000002AAAAAAAAAA
mem[X,0x0000000080017030] -> 0x1513
mem[X,0x0000000080017032] -> 0x00B5
[2685] [M]: 0x0000000080017030 (0x00B51513) slli a0, a0, 0xb
x10 <- 0x0015555555555000
mem[X,0x0000000080017034] -> 0x0513
mem[X,0x0000000080017036] -> 0x5555
[2686] [M]: 0x0000000080017034 (0x55550513) addi a0, a0, 0x555
x10 <- 0x0015555555555555
mem[X,0x0000000080017038] -> 0x1513
mem[X,0x000000008001703A] -> 0x00A5
[2687] [M]: 0x0000000080017038 (0x00A51513) slli a0, a0, 0xa
x10 <- 0x5555555555555400
mem[X,0x000000008001703C] -> 0x0513
mem[X,0x000000008001703E] -> 0x1555
[2688] [M]: 0x000000008001703C (0x15550513) addi a0, a0, 0x155
x10 <- 0x5555555555555555
mem[X,0x0000000080017040] -> 0x0593
mem[X,0x0000000080017042] -> 0x0000
[2689] [M]: 0x0000000080017040 (0x00000593) addi a1, zero, 0x0
x11 <- 0x0000000000000000
mem[X,0x0000000080017044] -> 0x0113
mem[X,0x0000000080017046] -> 0x0000
[2690] [M]: 0x0000000080017044 (0x00000113) addi sp, zero, 0x0
x2 <- 0x0000000000000000
mem[X,0x0000000080017048] -> 0x006F
mem[X,0x000000008001704A] -> 0x00C0
[2691] [M]: 0x0000000080017048 (0x00C0006F) jal zero, 0xc
mem[X,0x0000000080017054] -> 0x4063
mem[X,0x0000000080017056] -> 0x20B5
[2692] [M]: 0x0000000080017054 (0x20B54063) blt a0, a1, 0x200
mem[X,0x0000000080017058] -> 0x0113
mem[X,0x000000008001705A] -> 0x0021
[2693] [M]: 0x0000000080017058 (0x00210113) addi sp, sp, 0x2
x2 <- 0x0000000000000002
mem[X,0x000000008001705C] -> 0x006F
mem[X,0x000000008001705E] -> 0x2000
[2694] [M]: 0x000000008001705C (0x2000006F) jal zero, 0x200
mem[X,0x000000008001725C] -> 0xB823
mem[X,0x000000008001725E] -> 0x6220
[2695] [M]: 0x000000008001725C (0x6220B823) sd sp, 0x630(ra)
mem[0x000000008004F808] <- 0x0000000000000002
mem[X,0x0000000080017260] -> 0x5537
mem[X,0x0000000080017262] -> 0x5555
[2696] [M]: 0x0000000080017260 (0x55555537) lui a0, 0x55555
x10 <- 0x0000000055555000
mem[X,0x0000000080017264] -> 0x0513
mem[X,0x0000000080017266] -> 0x5555
[2697] [M]: 0x0000000080017264 (0x55550513) addi a0, a0, 0x555
x10 <- 0x0000000055555555
mem[X,0x0000000080017268] -> 0x1513
mem[X,0x000000008001726A] -> 0x00B5
[2698] [M]: 0x0000000080017268 (0x00B51513) slli a0, a0, 0xb
x10 <- 0x000002AAAAAAA800
mem[X,0x000000008001726C] -> 0x0513
mem[X,0x000000008001726E] -> 0x2AA5
[2699] [M]: 0x000000008001726C (0x2AA50513) addi a0, a0, 0x2aa
x10 <- 0x000002AAAAAAAAAA
clint::tick mtime <- 0x000000000000001B
 clint timer pending at mtime 0x000000000000001B
htif::tick 0x0000000000000000
mem[X,0x0000000080017270] -> 0x1513
mem[X,0x0000000080017272] -> 0x00B5
[2700] [M]: 0x0000000080017270 (0x00B51513) slli a0, a0, 0xb
x10 <- 0x0015555555555000
mem[X,0x0000000080017274] -> 0x0513
mem[X,0x0000000080017276] -> 0x5555
[2701] [M]: 0x0000000080017274 (0x55550513) addi a0, a0, 0x555
x10 <- 0x0015555555555555
mem[X,0x0000000080017278] -> 0x1513
mem[X,0x000000008001727A] -> 0x00A5
[2702] [M]: 0x0000000080017278 (0x00A51513) slli a0, a0, 0xa
x10 <- 0x5555555555555400
mem[X,0x000000008001727C] -> 0x0513
mem[X,0x000000008001727E] -> 0x1555
[2703] [M]: 0x000000008001727C (0x15550513) addi a0, a0, 0x155
x10 <- 0x5555555555555555
mem[X,0x0000000080017280] -> 0x0593
mem[X,0x0000000080017282] -> 0x0040
[2704] [M]: 0x0000000080017280 (0x00400593) addi a1, zero, 0x4
x11 <- 0x0000000000000004
mem[X,0x0000000080017284] -> 0x0113
mem[X,0x0000000080017286] -> 0x0000
[2705] [M]: 0x0000000080017284 (0x00000113) addi sp, zero, 0x0
x2 <- 0x0000000000000000
mem[X,0x0000000080017288] -> 0x006F
mem[X,0x000000008001728A] -> 0x0100
[2706] [M]: 0x0000000080017288 (0x0100006F) jal zero, 0x10
mem[X,0x0000000080017298] -> 0x4AE3
mem[X,0x000000008001729A] -> 0xFEB5
[2707] [M]: 0x0000000080017298 (0xFEB54AE3) blt a0, a1, -0xc
mem[X,0x000000008001729C] -> 0x0113
mem[X,0x000000008001729E] -> 0x0021
[2708] [M]: 0x000000008001729C (0x00210113) addi sp, sp, 0x2
x2 <- 0x0000000000000002
mem[X,0x00000000800172A0] -> 0x006F
mem[X,0x00000000800172A2] -> 0x00C0
[2709] [M]: 0x00000000800172A0 (0x00C0006F) jal zero, 0xc
mem[X,0x00000000800172AC] -> 0xBC23
mem[X,0x00000000800172AE] -> 0x6220
[2710] [M]: 0x00000000800172AC (0x6220BC23) sd sp, 0x638(ra)
mem[0x000000008004F810] <- 0x0000000000000002
mem[X,0x00000000800172B0] -> 0x5537
mem[X,0x00000000800172B2] -> 0x5555
[2711] [M]: 0x00000000800172B0 (0x55555537) lui a0, 0x55555
x10 <- 0x0000000055555000
mem[X,0x00000000800172B4] -> 0x0513
mem[X,0x00000000800172B6] -> 0x5555
[2712] [M]: 0x00000000800172B4 (0x55550513) addi a0, a0, 0x555
x10 <- 0x0000000055555555
mem[X,0x00000000800172B8] -> 0x1513
mem[X,0x00000000800172BA] -> 0x00B5
[2713] [M]: 0x00000000800172B8 (0x00B51513) slli a0, a0, 0xb
x10 <- 0x000002AAAAAAA800
mem[X,0x00000000800172BC] -> 0x0513
mem[X,0x00000000800172BE] -> 0x2AA5
[2714] [M]: 0x00000000800172BC (0x2AA50513) addi a0, a0, 0x2aa
x10 <- 0x000002AAAAAAAAAA
mem[X,0x00000000800172C0] -> 0x1513
mem[X,0x00000000800172C2] -> 0x00B5
[2715] [M]: 0x00000000800172C0 (0x00B51513) slli a0, a0, 0xb
x10 <- 0x0015555555555000
mem[X,0x00000000800172C4] -> 0x0513
mem[X,0x00000000800172C6] -> 0x5555
[2716] [M]: 0x00000000800172C4 (0x55550513) addi a0, a0, 0x555
x10 <- 0x0015555555555555
mem[X,0x00000000800172C8] -> 0x1513
mem[X,0x00000000800172CA] -> 0x00A5
[2717] [M]: 0x00000000800172C8 (0x00A51513) slli a0, a0, 0xa
x10 <- 0x5555555555555400
mem[X,0x00000000800172CC] -> 0x0513
mem[X,0x00000000800172CE] -> 0x1555
[2718] [M]: 0x00000000800172CC (0x15550513) addi a0, a0, 0x155
x10 <- 0x5555555555555555
mem[X,0x00000000800172D0] -> 0x35B7
mem[X,0x00000000800172D2] -> 0x3333
[2719] [M]: 0x00000000800172D0 (0x333335B7) lui a1, 0x33333
x11 <- 0x0000000033333000
mem[X,0x00000000800172D4] -> 0x8593
mem[X,0x00000000800172D6] -> 0x3335
[2720] [M]: 0x00000000800172D4 (0x33358593) addi a1, a1, 0x333
x11 <- 0x0000000033333333
mem[X,0x00000000800172D8] -> 0x9593
mem[X,0x00000000800172DA] -> 0x00B5
[2721] [M]: 0x00000000800172D8 (0x00B59593) slli a1, a1, 0xb
x11 <- 0x0000019999999800
mem[X,0x00000000800172DC] -> 0x8593
mem[X,0x00000000800172DE] -> 0x1995
[2722] [M]: 0x00000000800172DC (0x19958593) addi a1, a1, 0x199
x11 <- 0x0000019999999999
mem[X,0x00000000800172E0] -> 0x9593
mem[X,0x00000000800172E2] -> 0x00B5
[2723] [M]: 0x00000000800172E0 (0x00B59593) slli a1, a1, 0xb
x11 <- 0x000CCCCCCCCCC800
mem[X,0x00000000800172E4] -> 0x8593
mem[X,0x00000000800172E6] -> 0x4CC5
[2724] [M]: 0x00000000800172E4 (0x4CC58593) addi a1, a1, 0x4cc
x11 <- 0x000CCCCCCCCCCCCC
mem[X,0x00000000800172E8] -> 0x9593
mem[X,0x00000000800172EA] -> 0x00A5
[2725] [M]: 0x00000000800172E8 (0x00A59593) slli a1, a1, 0xa
x11 <- 0x3333333333333000
mem[X,0x00000000800172EC] -> 0x8593
mem[X,0x00000000800172EE] -> 0x3325
[2726] [M]: 0x00000000800172EC (0x33258593) addi a1, a1, 0x332
x11 <- 0x3333333333333332
mem[X,0x00000000800172F0] -> 0x0113
mem[X,0x00000000800172F2] -> 0x0000
[2727] [M]: 0x00000000800172F0 (0x00000113) addi sp, zero, 0x0
x2 <- 0x0000000000000000
mem[X,0x00000000800172F4] -> 0x006F
mem[X,0x00000000800172F6] -> 0x00C0
[2728] [M]: 0x00000000800172F4 (0x00C0006F) jal zero, 0xc
mem[X,0x0000000080017300] -> 0x4063
mem[X,0x0000000080017302] -> 0x08B5
[2729] [M]: 0x0000000080017300 (0x08B54063) blt a0, a1, 0x80
mem[X,0x0000000080017304] -> 0x0113
mem[X,0x0000000080017306] -> 0x0021
[2730] [M]: 0x0000000080017304 (0x00210113) addi sp, sp, 0x2
x2 <- 0x0000000000000002
mem[X,0x0000000080017308] -> 0x006F
mem[X,0x000000008001730A] -> 0x0800
[2731] [M]: 0x0000000080017308 (0x0800006F) jal zero, 0x80
mem[X,0x0000000080017388] -> 0xB023
mem[X,0x000000008001738A] -> 0x6420
[2732] [M]: 0x0000000080017388 (0x6420B023) sd sp, 0x640(ra)
mem[0x000000008004F818] <- 0x0000000000000002
mem[X,0x000000008001738C] -> 0x5537
mem[X,0x000000008001738E] -> 0x5555
[2733] [M]: 0x000000008001738C (0x55555537) lui a0, 0x55555
x10 <- 0x0000000055555000
mem[X,0x0000000080017390] -> 0x0513
mem[X,0x0000000080017392] -> 0x5555
[2734] [M]: 0x0000000080017390 (0x55550513) addi a0, a0, 0x555
x10 <- 0x0000000055555555
mem[X,0x0000000080017394] -> 0x1513
mem[X,0x0000000080017396] -> 0x00B5
[2735] [M]: 0x0000000080017394 (0x00B51513) slli a0, a0, 0xb
x10 <- 0x000002AAAAAAA800
mem[X,0x0000000080017398] -> 0x0513
mem[X,0x000000008001739A] -> 0x2AA5
[2736] [M]: 0x0000000080017398 (0x2AA50513) addi a0, a0, 0x2aa
x10 <- 0x000002AAAAAAAAAA
mem[X,0x000000008001739C] -> 0x1513
mem[X,0x000000008001739E] -> 0x00B5
[2737] [M]: 0x000000008001739C (0x00B51513) slli a0, a0, 0xb
x10 <- 0x0015555555555000
mem[X,0x00000000800173A0] -> 0x0513
mem[X,0x00000000800173A2] -> 0x5555
[2738] [M]: 0x00000000800173A0 (0x55550513) addi a0, a0, 0x555
x10 <- 0x0015555555555555
mem[X,0x00000000800173A4] -> 0x1513
mem[X,0x00000000800173A6] -> 0x00A5
[2739] [M]: 0x00000000800173A4 (0x00A51513) slli a0, a0, 0xa
x10 <- 0x5555555555555400
mem[X,0x00000000800173A8] -> 0x0513
mem[X,0x00000000800173AA] -> 0x1555
[2740] [M]: 0x00000000800173A8 (0x15550513) addi a0, a0, 0x155
x10 <- 0x5555555555555555
mem[X,0x00000000800173AC] -> 0x65B7
mem[X,0x00000000800173AE] -> 0x6666
[2741] [M]: 0x00000000800173AC (0x666665B7) lui a1, 0x66666
x11 <- 0x0000000066666000
mem[X,0x00000000800173B0] -> 0x8593
mem[X,0x00000000800173B2] -> 0x6665
[2742] [M]: 0x00000000800173B0 (0x66658593) addi a1, a1, 0x666
x11 <- 0x0000000066666666
mem[X,0x00000000800173B4] -> 0x9593
mem[X,0x00000000800173B6] -> 0x00B5
[2743] [M]: 0x00000000800173B4 (0x00B59593) slli a1, a1, 0xb
x11 <- 0x0000033333333000
mem[X,0x00000000800173B8] -> 0x8593
mem[X,0x00000000800173BA] -> 0x3335
[2744] [M]: 0x00000000800173B8 (0x33358593) addi a1, a1, 0x333
x11 <- 0x0000033333333333
mem[X,0x00000000800173BC] -> 0x9593
mem[X,0x00000000800173BE] -> 0x00B5
[2745] [M]: 0x00000000800173BC (0x00B59593) slli a1, a1, 0xb
x11 <- 0x0019999999999800
mem[X,0x00000000800173C0] -> 0x8593
mem[X,0x00000000800173C2] -> 0x1995
[2746] [M]: 0x00000000800173C0 (0x19958593) addi a1, a1, 0x199
x11 <- 0x0019999999999999
mem[X,0x00000000800173C4] -> 0x9593
mem[X,0x00000000800173C6] -> 0x00A5
[2747] [M]: 0x00000000800173C4 (0x00A59593) slli a1, a1, 0xa
x11 <- 0x6666666666666400
mem[X,0x00000000800173C8] -> 0x8593
mem[X,0x00000000800173CA] -> 0x2655
[2748] [M]: 0x00000000800173C8 (0x26558593) addi a1, a1, 0x265
x11 <- 0x6666666666666665
mem[X,0x00000000800173CC] -> 0x0113
mem[X,0x00000000800173CE] -> 0x0000
[2749] [M]: 0x00000000800173CC (0x00000113) addi sp, zero, 0x0
x2 <- 0x0000000000000000
mem[X,0x00000000800173D0] -> 0x006F
mem[X,0x00000000800173D2] -> 0x00C0
[2750] [M]: 0x00000000800173D0 (0x00C0006F) jal zero, 0xc
mem[X,0x00000000800173DC] -> 0x4863
mem[X,0x00000000800173DE] -> 0x00B5
[2751] [M]: 0x00000000800173DC (0x00B54863) blt a0, a1, 0x10
mem[X,0x00000000800173EC] -> 0x0113
mem[X,0x00000000800173EE] -> 0x0031
[2752] [M]: 0x00000000800173EC (0x00310113) addi sp, sp, 0x3
x2 <- 0x0000000000000003
mem[X,0x00000000800173F0] -> 0x006F
mem[X,0x00000000800173F2] -> 0x0040
[2753] [M]: 0x00000000800173F0 (0x0040006F) jal zero, 0x4
mem[X,0x00000000800173F4] -> 0xB423
mem[X,0x00000000800173F6] -> 0x6420
[2754] [M]: 0x00000000800173F4 (0x6420B423) sd sp, 0x648(ra)
mem[0x000000008004F820] <- 0x0000000000000003
mem[X,0x00000000800173F8] -> 0x5537
mem[X,0x00000000800173FA] -> 0x5555
[2755] [M]: 0x00000000800173F8 (0x55555537) lui a0, 0x55555
x10 <- 0x0000000055555000
mem[X,0x00000000800173FC] -> 0x0513
mem[X,0x00000000800173FE] -> 0x5555
[2756] [M]: 0x00000000800173FC (0x55550513) addi a0, a0, 0x555
x10 <- 0x0000000055555555
mem[X,0x0000000080017400] -> 0x1513
mem[X,0x0000000080017402] -> 0x00B5
[2757] [M]: 0x0000000080017400 (0x00B51513) slli a0, a0, 0xb
x10 <- 0x000002AAAAAAA800
mem[X,0x0000000080017404] -> 0x0513
mem[X,0x0000000080017406] -> 0x2AA5
[2758] [M]: 0x0000000080017404 (0x2AA50513) addi a0, a0, 0x2aa
x10 <- 0x000002AAAAAAAAAA
mem[X,0x0000000080017408] -> 0x1513
mem[X,0x000000008001740A] -> 0x00B5
[2759] [M]: 0x0000000080017408 (0x00B51513) slli a0, a0, 0xb
x10 <- 0x0015555555555000
mem[X,0x000000008001740C] -> 0x0513
mem[X,0x000000008001740E] -> 0x5555
[2760] [M]: 0x000000008001740C (0x55550513) addi a0, a0, 0x555
x10 <- 0x0015555555555555
mem[X,0x0000000080017410] -> 0x1513
mem[X,0x0000000080017412] -> 0x00A5
[2761] [M]: 0x0000000080017410 (0x00A51513) slli a0, a0, 0xa
x10 <- 0x5555555555555400
mem[X,0x0000000080017414] -> 0x0513
mem[X,0x0000000080017416] -> 0x1555
[2762] [M]: 0x0000000080017414 (0x15550513) addi a0, a0, 0x155
x10 <- 0x5555555555555555
mem[X,0x0000000080017418] -> 0x05B7
mem[X,0x000000008001741A] -> 0x0000
[2763] [M]: 0x0000000080017418 (0x000005B7) lui a1, 0x0
x11 <- 0x0000000000000000
mem[X,0x000000008001741C] -> 0x8593
mem[X,0x000000008001741E] -> 0x0005
[2764] [M]: 0x000000008001741C (0x00058593) addi a1, a1, 0x0
x11 <- 0x0000000000000000
mem[X,0x0000000080017420] -> 0x9593
mem[X,0x0000000080017422] -> 0x00B5
[2765] [M]: 0x0000000080017420 (0x00B59593) slli a1, a1, 0xb
x11 <- 0x0000000000000000
mem[X,0x0000000080017424] -> 0x8593
mem[X,0x0000000080017426] -> 0x5A85
[2766] [M]: 0x0000000080017424 (0x5A858593) addi a1, a1, 0x5a8
x11 <- 0x00000000000005A8
mem[X,0x0000000080017428] -> 0x9593
mem[X,0x000000008001742A] -> 0x00B5
[2767] [M]: 0x0000000080017428 (0x00B59593) slli a1, a1, 0xb
x11 <- 0x00000000002D4000
mem[X,0x000000008001742C] -> 0x8593
mem[X,0x000000008001742E] -> 0x13C5
[2768] [M]: 0x000000008001742C (0x13C58593) addi a1, a1, 0x13c
x11 <- 0x00000000002D413C
mem[X,0x0000000080017430] -> 0x9593
mem[X,0x0000000080017432] -> 0x00A5
[2769] [M]: 0x0000000080017430 (0x00A59593) slli a1, a1, 0xa
x11 <- 0x00000000B504F000
mem[X,0x0000000080017434] -> 0x8593
mem[X,0x0000000080017436] -> 0x3325
[2770] [M]: 0x0000000080017434 (0x33258593) addi a1, a1, 0x332
x11 <- 0x00000000B504F332
mem[X,0x0000000080017438] -> 0x0113
mem[X,0x000000008001743A] -> 0x0000
[2771] [M]: 0x0000000080017438 (0x00000113) addi sp, zero, 0x0
x2 <- 0x0000000000000000
mem[X,0x000000008001743C] -> 0x006F
mem[X,0x000000008001743E] -> 0x0050
[2772] [M]: 0x000000008001743C (0x0050006F) jal zero, 0x804
mem[X,0x0000000080017C40] -> 0x40E3
mem[X,0x0000000080017C42] -> 0x80B5
[2773] [M]: 0x0000000080017C40 (0x80B540E3) blt a0, a1, -0x800
mem[X,0x0000000080017C44] -> 0x0113
mem[X,0x0000000080017C46] -> 0x0021
[2774] [M]: 0x0000000080017C44 (0x00210113) addi sp, sp, 0x2
x2 <- 0x0000000000000002
mem[X,0x0000000080017C48] -> 0x006F
mem[X,0x0000000080017C4A] -> 0x00C0
[2775] [M]: 0x0000000080017C48 (0x00C0006F) jal zero, 0xc
mem[X,0x0000000080017C54] -> 0xB823
mem[X,0x0000000080017C56] -> 0x6420
[2776] [M]: 0x0000000080017C54 (0x6420B823) sd sp, 0x650(ra)
mem[0x000000008004F828] <- 0x0000000000000002
mem[X,0x0000000080017C58] -> 0x5537
mem[X,0x0000000080017C5A] -> 0x5555
[2777] [M]: 0x0000000080017C58 (0x55555537) lui a0, 0x55555
x10 <- 0x0000000055555000
mem[X,0x0000000080017C5C] -> 0x0513
mem[X,0x0000000080017C5E] -> 0x5555
[2778] [M]: 0x0000000080017C5C (0x55550513) addi a0, a0, 0x555
x10 <- 0x0000000055555555
mem[X,0x0000000080017C60] -> 0x1513
mem[X,0x0000000080017C62] -> 0x00B5
[2779] [M]: 0x0000000080017C60 (0x00B51513) slli a0, a0, 0xb
x10 <- 0x000002AAAAAAA800
mem[X,0x0000000080017C64] -> 0x0513
mem[X,0x0000000080017C66] -> 0x2AA5
[2780] [M]: 0x0000000080017C64 (0x2AA50513) addi a0, a0, 0x2aa
x10 <- 0x000002AAAAAAAAAA
mem[X,0x0000000080017C68] -> 0x1513
mem[X,0x0000000080017C6A] -> 0x00B5
[2781] [M]: 0x0000000080017C68 (0x00B51513) slli a0, a0, 0xb
x10 <- 0x0015555555555000
mem[X,0x0000000080017C6C] -> 0x0513
mem[X,0x0000000080017C6E] -> 0x5555
[2782] [M]: 0x0000000080017C6C (0x55550513) addi a0, a0, 0x555
x10 <- 0x0015555555555555
mem[X,0x0000000080017C70] -> 0x1513
mem[X,0x0000000080017C72] -> 0x00A5
[2783] [M]: 0x0000000080017C70 (0x00A51513) slli a0, a0, 0xa
x10 <- 0x5555555555555400
mem[X,0x0000000080017C74] -> 0x0513
mem[X,0x0000000080017C76] -> 0x1555
[2784] [M]: 0x0000000080017C74 (0x15550513) addi a0, a0, 0x155
x10 <- 0x5555555555555555
mem[X,0x0000000080017C78] -> 0x55B7
mem[X,0x0000000080017C7A] -> 0x5555
[2785] [M]: 0x0000000080017C78 (0x555555B7) lui a1, 0x55555
x11 <- 0x0000000055555000
mem[X,0x0000000080017C7C] -> 0x8593
mem[X,0x0000000080017C7E] -> 0x5555
[2786] [M]: 0x0000000080017C7C (0x55558593) addi a1, a1, 0x555
x11 <- 0x0000000055555555
mem[X,0x0000000080017C80] -> 0x9593
mem[X,0x0000000080017C82] -> 0x00B5
[2787] [M]: 0x0000000080017C80 (0x00B59593) slli a1, a1, 0xb
x11 <- 0x000002AAAAAAA800
mem[X,0x0000000080017C84] -> 0x8593
mem[X,0x0000000080017C86] -> 0x2AA5
[2788] [M]: 0x0000000080017C84 (0x2AA58593) addi a1, a1, 0x2aa
x11 <- 0x000002AAAAAAAAAA
mem[X,0x0000000080017C88] -> 0x9593
mem[X,0x0000000080017C8A] -> 0x00B5
[2789] [M]: 0x0000000080017C88 (0x00B59593) slli a1, a1, 0xb
x11 <- 0x0015555555555000
mem[X,0x0000000080017C8C] -> 0x8593
mem[X,0x0000000080017C8E] -> 0x5555
[2790] [M]: 0x0000000080017C8C (0x55558593) addi a1, a1, 0x555
x11 <- 0x0015555555555555
mem[X,0x0000000080017C90] -> 0x9593
mem[X,0x0000000080017C92] -> 0x00A5
[2791] [M]: 0x0000000080017C90 (0x00A59593) slli a1, a1, 0xa
x11 <- 0x5555555555555400
mem[X,0x0000000080017C94] -> 0x8593
mem[X,0x0000000080017C96] -> 0x1565
[2792] [M]: 0x0000000080017C94 (0x15658593) addi a1, a1, 0x156
x11 <- 0x5555555555555556
mem[X,0x0000000080017C98] -> 0x0113
mem[X,0x0000000080017C9A] -> 0x0000
[2793] [M]: 0x0000000080017C98 (0x00000113) addi sp, zero, 0x0
x2 <- 0x0000000000000000
mem[X,0x0000000080017C9C] -> 0x006F
mem[X,0x0000000080017C9E] -> 0x0050
[2794] [M]: 0x0000000080017C9C (0x0050006F) jal zero, 0x804
mem[X,0x00000000800184A0] -> 0x40E3
mem[X,0x00000000800184A2] -> 0x80B5
[2795] [M]: 0x00000000800184A0 (0x80B540E3) blt a0, a1, -0x800
mem[X,0x0000000080017CA0] -> 0x0113
mem[X,0x0000000080017CA2] -> 0x0011
[2796] [M]: 0x0000000080017CA0 (0x00110113) addi sp, sp, 0x1
x2 <- 0x0000000000000001
mem[X,0x0000000080017CA4] -> 0x006F
mem[X,0x0000000080017CA6] -> 0x0110
[2797] [M]: 0x0000000080017CA4 (0x0110006F) jal zero, 0x810
mem[X,0x00000000800184B4] -> 0xBC23
mem[X,0x00000000800184B6] -> 0x6420
[2798] [M]: 0x00000000800184B4 (0x6420BC23) sd sp, 0x658(ra)
mem[0x000000008004F830] <- 0x0000000000000001
mem[X,0x00000000800184B8] -> 0x5537
mem[X,0x00000000800184BA] -> 0x5555
[2799] [M]: 0x00000000800184B8 (0x55555537) lui a0, 0x55555
x10 <- 0x0000000055555000
clint::tick mtime <- 0x000000000000001C
 clint timer pending at mtime 0x000000000000001C
htif::tick 0x0000000000000000
mem[X,0x00000000800184BC] -> 0x0513
mem[X,0x00000000800184BE] -> 0x5555
[2800] [M]: 0x00000000800184BC (0x55550513) addi a0, a0, 0x555
x10 <- 0x0000000055555555
mem[X,0x00000000800184C0] -> 0x1513
mem[X,0x00000000800184C2] -> 0x00B5
[2801] [M]: 0x00000000800184C0 (0x00B51513) slli a0, a0, 0xb
x10 <- 0x000002AAAAAAA800
mem[X,0x00000000800184C4] -> 0x0513
mem[X,0x00000000800184C6] -> 0x2AA5
[2802] [M]: 0x00000000800184C4 (0x2AA50513) addi a0, a0, 0x2aa
x10 <- 0x000002AAAAAAAAAA
mem[X,0x00000000800184C8] -> 0x1513
mem[X,0x00000000800184CA] -> 0x00B5
[2803] [M]: 0x00000000800184C8 (0x00B51513) slli a0, a0, 0xb
x10 <- 0x0015555555555000
mem[X,0x00000000800184CC] -> 0x0513
mem[X,0x00000000800184CE] -> 0x5555
[2804] [M]: 0x00000000800184CC (0x55550513) addi a0, a0, 0x555
x10 <- 0x0015555555555555
mem[X,0x00000000800184D0] -> 0x1513
mem[X,0x00000000800184D2] -> 0x00A5
[2805] [M]: 0x00000000800184D0 (0x00A51513) slli a0, a0, 0xa
x10 <- 0x5555555555555400
mem[X,0x00000000800184D4] -> 0x0513
mem[X,0x00000000800184D6] -> 0x1555
[2806] [M]: 0x00000000800184D4 (0x15550513) addi a0, a0, 0x155
x10 <- 0x5555555555555555
mem[X,0x00000000800184D8] -> 0xB5B7
mem[X,0x00000000800184DA] -> 0xAAAA
[2807] [M]: 0x00000000800184D8 (0xAAAAB5B7) lui a1, -0x55555
x11 <- 0xFFFFFFFFAAAAB000
mem[X,0x00000000800184DC] -> 0x8593
mem[X,0x00000000800184DE] -> 0xAAA5
[2808] [M]: 0x00000000800184DC (0xAAA58593) addi a1, a1, -0x556
x11 <- 0xFFFFFFFFAAAAAAAA
mem[X,0x00000000800184E0] -> 0x9593
mem[X,0x00000000800184E2] -> 0x00B5
[2809] [M]: 0x00000000800184E0 (0x00B59593) slli a1, a1, 0xb
x11 <- 0xFFFFFD5555555000
mem[X,0x00000000800184E4] -> 0x8593
mem[X,0x00000000800184E6] -> 0x5555
[2810] [M]: 0x00000000800184E4 (0x55558593) addi a1, a1, 0x555
x11 <- 0xFFFFFD5555555555
mem[X,0x00000000800184E8] -> 0x9593
mem[X,0x00000000800184EA] -> 0x00B5
[2811] [M]: 0x00000000800184E8 (0x00B59593) slli a1, a1, 0xb
x11 <- 0xFFEAAAAAAAAAA800
mem[X,0x00000000800184EC] -> 0x8593
mem[X,0x00000000800184EE] -> 0x2AA5
[2812] [M]: 0x00000000800184EC (0x2AA58593) addi a1, a1, 0x2aa
x11 <- 0xFFEAAAAAAAAAAAAA
mem[X,0x00000000800184F0] -> 0x9593
mem[X,0x00000000800184F2] -> 0x00A5
[2813] [M]: 0x00000000800184F0 (0x00A59593) slli a1, a1, 0xa
x11 <- 0xAAAAAAAAAAAAA800
mem[X,0x00000000800184F4] -> 0x8593
mem[X,0x00000000800184F6] -> 0x2AB5
[2814] [M]: 0x00000000800184F4 (0x2AB58593) addi a1, a1, 0x2ab
x11 <- 0xAAAAAAAAAAAAAAAB
mem[X,0x00000000800184F8] -> 0x0113
mem[X,0x00000000800184FA] -> 0x0000
[2815] [M]: 0x00000000800184F8 (0x00000113) addi sp, zero, 0x0
x2 <- 0x0000000000000000
mem[X,0x00000000800184FC] -> 0x006F
mem[X,0x00000000800184FE] -> 0x00C0
[2816] [M]: 0x00000000800184FC (0x00C0006F) jal zero, 0xc
mem[X,0x0000000080018508] -> 0x4863
mem[X,0x000000008001850A] -> 0x00B5
[2817] [M]: 0x0000000080018508 (0x00B54863) blt a0, a1, 0x10
mem[X,0x000000008001850C] -> 0x0113
mem[X,0x000000008001850E] -> 0x0021
[2818] [M]: 0x000000008001850C (0x00210113) addi sp, sp, 0x2
x2 <- 0x0000000000000002
mem[X,0x0000000080018510] -> 0x006F
mem[X,0x0000000080018512] -> 0x0100
[2819] [M]: 0x0000000080018510 (0x0100006F) jal zero, 0x10
mem[X,0x0000000080018520] -> 0xB023
mem[X,0x0000000080018522] -> 0x6620
[2820] [M]: 0x0000000080018520 (0x6620B023) sd sp, 0x660(ra)
mem[0x000000008004F838] <- 0x0000000000000002
mem[X,0x0000000080018524] -> 0x5537
mem[X,0x0000000080018526] -> 0x5555
[2821] [M]: 0x0000000080018524 (0x55555537) lui a0, 0x55555
x10 <- 0x0000000055555000
mem[X,0x0000000080018528] -> 0x0513
mem[X,0x000000008001852A] -> 0x5555
[2822] [M]: 0x0000000080018528 (0x55550513) addi a0, a0, 0x555
x10 <- 0x0000000055555555
mem[X,0x000000008001852C] -> 0x1513
mem[X,0x000000008001852E] -> 0x00B5
[2823] [M]: 0x000000008001852C (0x00B51513) slli a0, a0, 0xb
x10 <- 0x000002AAAAAAA800
mem[X,0x0000000080018530] -> 0x0513
mem[X,0x0000000080018532] -> 0x2AA5
[2824] [M]: 0x0000000080018530 (0x2AA50513) addi a0, a0, 0x2aa
x10 <- 0x000002AAAAAAAAAA
mem[X,0x0000000080018534] -> 0x1513
mem[X,0x0000000080018536] -> 0x00B5
[2825] [M]: 0x0000000080018534 (0x00B51513) slli a0, a0, 0xb
x10 <- 0x0015555555555000
mem[X,0x0000000080018538] -> 0x0513
mem[X,0x000000008001853A] -> 0x5555
[2826] [M]: 0x0000000080018538 (0x55550513) addi a0, a0, 0x555
x10 <- 0x0015555555555555
mem[X,0x000000008001853C] -> 0x1513
mem[X,0x000000008001853E] -> 0x00A5
[2827] [M]: 0x000000008001853C (0x00A51513) slli a0, a0, 0xa
x10 <- 0x5555555555555400
mem[X,0x0000000080018540] -> 0x0513
mem[X,0x0000000080018542] -> 0x1555
[2828] [M]: 0x0000000080018540 (0x15550513) addi a0, a0, 0x155
x10 <- 0x5555555555555555
mem[X,0x0000000080018544] -> 0x0593
mem[X,0x0000000080018546] -> 0x0060
[2829] [M]: 0x0000000080018544 (0x00600593) addi a1, zero, 0x6
x11 <- 0x0000000000000006
mem[X,0x0000000080018548] -> 0x0113
mem[X,0x000000008001854A] -> 0x0000
[2830] [M]: 0x0000000080018548 (0x00000113) addi sp, zero, 0x0
x2 <- 0x0000000000000000
mem[X,0x000000008001854C] -> 0x006F
mem[X,0x000000008001854E] -> 0x00C0
[2831] [M]: 0x000000008001854C (0x00C0006F) jal zero, 0xc
mem[X,0x0000000080018558] -> 0x4063
mem[X,0x000000008001855A] -> 0x20B5
[2832] [M]: 0x0000000080018558 (0x20B54063) blt a0, a1, 0x200
mem[X,0x000000008001855C] -> 0x0113
mem[X,0x000000008001855E] -> 0x0021
[2833] [M]: 0x000000008001855C (0x00210113) addi sp, sp, 0x2
x2 <- 0x0000000000000002
mem[X,0x0000000080018560] -> 0x006F
mem[X,0x0000000080018562] -> 0x2000
[2834] [M]: 0x0000000080018560 (0x2000006F) jal zero, 0x200
mem[X,0x0000000080018760] -> 0xB423
mem[X,0x0000000080018762] -> 0x6620
[2835] [M]: 0x0000000080018760 (0x6620B423) sd sp, 0x668(ra)
mem[0x000000008004F840] <- 0x0000000000000002
mem[X,0x0000000080018764] -> 0x5537
mem[X,0x0000000080018766] -> 0x5555
[2836] [M]: 0x0000000080018764 (0x55555537) lui a0, 0x55555
x10 <- 0x0000000055555000
mem[X,0x0000000080018768] -> 0x0513
mem[X,0x000000008001876A] -> 0x5555
[2837] [M]: 0x0000000080018768 (0x55550513) addi a0, a0, 0x555
x10 <- 0x0000000055555555
mem[X,0x000000008001876C] -> 0x1513
mem[X,0x000000008001876E] -> 0x00B5
[2838] [M]: 0x000000008001876C (0x00B51513) slli a0, a0, 0xb
x10 <- 0x000002AAAAAAA800
mem[X,0x0000000080018770] -> 0x0513
mem[X,0x0000000080018772] -> 0x2AA5
[2839] [M]: 0x0000000080018770 (0x2AA50513) addi a0, a0, 0x2aa
x10 <- 0x000002AAAAAAAAAA
mem[X,0x0000000080018774] -> 0x1513
mem[X,0x0000000080018776] -> 0x00B5
[2840] [M]: 0x0000000080018774 (0x00B51513) slli a0, a0, 0xb
x10 <- 0x0015555555555000
mem[X,0x0000000080018778] -> 0x0513
mem[X,0x000000008001877A] -> 0x5555
[2841] [M]: 0x0000000080018778 (0x55550513) addi a0, a0, 0x555
x10 <- 0x0015555555555555
mem[X,0x000000008001877C] -> 0x1513
mem[X,0x000000008001877E] -> 0x00A5
[2842] [M]: 0x000000008001877C (0x00A51513) slli a0, a0, 0xa
x10 <- 0x5555555555555400
mem[X,0x0000000080018780] -> 0x0513
mem[X,0x0000000080018782] -> 0x1555
[2843] [M]: 0x0000000080018780 (0x15550513) addi a0, a0, 0x155
x10 <- 0x5555555555555555
mem[X,0x0000000080018784] -> 0x35B7
mem[X,0x0000000080018786] -> 0x3333
[2844] [M]: 0x0000000080018784 (0x333335B7) lui a1, 0x33333
x11 <- 0x0000000033333000
mem[X,0x0000000080018788] -> 0x8593
mem[X,0x000000008001878A] -> 0x3335
[2845] [M]: 0x0000000080018788 (0x33358593) addi a1, a1, 0x333
x11 <- 0x0000000033333333
mem[X,0x000000008001878C] -> 0x9593
mem[X,0x000000008001878E] -> 0x00B5
[2846] [M]: 0x000000008001878C (0x00B59593) slli a1, a1, 0xb
x11 <- 0x0000019999999800
mem[X,0x0000000080018790] -> 0x8593
mem[X,0x0000000080018792] -> 0x1995
[2847] [M]: 0x0000000080018790 (0x19958593) addi a1, a1, 0x199
x11 <- 0x0000019999999999
mem[X,0x0000000080018794] -> 0x9593
mem[X,0x0000000080018796] -> 0x00B5
[2848] [M]: 0x0000000080018794 (0x00B59593) slli a1, a1, 0xb
x11 <- 0x000CCCCCCCCCC800
mem[X,0x0000000080018798] -> 0x8593
mem[X,0x000000008001879A] -> 0x4CC5
[2849] [M]: 0x0000000080018798 (0x4CC58593) addi a1, a1, 0x4cc
x11 <- 0x000CCCCCCCCCCCCC
mem[X,0x000000008001879C] -> 0x9593
mem[X,0x000000008001879E] -> 0x00A5
[2850] [M]: 0x000000008001879C (0x00A59593) slli a1, a1, 0xa
x11 <- 0x3333333333333000
mem[X,0x00000000800187A0] -> 0x8593
mem[X,0x00000000800187A2] -> 0x3345
[2851] [M]: 0x00000000800187A0 (0x33458593) addi a1, a1, 0x334
x11 <- 0x3333333333333334
mem[X,0x00000000800187A4] -> 0x0113
mem[X,0x00000000800187A6] -> 0x0000
[2852] [M]: 0x00000000800187A4 (0x00000113) addi sp, zero, 0x0
x2 <- 0x0000000000000000
mem[X,0x00000000800187A8] -> 0x006F
mem[X,0x00000000800187AA] -> 0x00C0
[2853] [M]: 0x00000000800187A8 (0x00C0006F) jal zero, 0xc
mem[X,0x00000000800187B4] -> 0x4063
mem[X,0x00000000800187B6] -> 0x04B5
[2854] [M]: 0x00000000800187B4 (0x04B54063) blt a0, a1, 0x40
mem[X,0x00000000800187B8] -> 0x0113
mem[X,0x00000000800187BA] -> 0x0021
[2855] [M]: 0x00000000800187B8 (0x00210113) addi sp, sp, 0x2
x2 <- 0x0000000000000002
mem[X,0x00000000800187BC] -> 0x006F
mem[X,0x00000000800187BE] -> 0x0400
[2856] [M]: 0x00000000800187BC (0x0400006F) jal zero, 0x40
mem[X,0x00000000800187FC] -> 0xB823
mem[X,0x00000000800187FE] -> 0x6620
[2857] [M]: 0x00000000800187FC (0x6620B823) sd sp, 0x670(ra)
mem[0x000000008004F848] <- 0x0000000000000002
mem[X,0x0000000080018800] -> 0x5537
mem[X,0x0000000080018802] -> 0x5555
[2858] [M]: 0x0000000080018800 (0x55555537) lui a0, 0x55555
x10 <- 0x0000000055555000
mem[X,0x0000000080018804] -> 0x0513
mem[X,0x0000000080018806] -> 0x5555
[2859] [M]: 0x0000000080018804 (0x55550513) addi a0, a0, 0x555
x10 <- 0x0000000055555555
mem[X,0x0000000080018808] -> 0x1513
mem[X,0x000000008001880A] -> 0x00B5
[2860] [M]: 0x0000000080018808 (0x00B51513) slli a0, a0, 0xb
x10 <- 0x000002AAAAAAA800
mem[X,0x000000008001880C] -> 0x0513
mem[X,0x000000008001880E] -> 0x2AA5
[2861] [M]: 0x000000008001880C (0x2AA50513) addi a0, a0, 0x2aa
x10 <- 0x000002AAAAAAAAAA
mem[X,0x0000000080018810] -> 0x1513
mem[X,0x0000000080018812] -> 0x00B5
[2862] [M]: 0x0000000080018810 (0x00B51513) slli a0, a0, 0xb
x10 <- 0x0015555555555000
mem[X,0x0000000080018814] -> 0x0513
mem[X,0x0000000080018816] -> 0x5555
[2863] [M]: 0x0000000080018814 (0x55550513) addi a0, a0, 0x555
x10 <- 0x0015555555555555
mem[X,0x0000000080018818] -> 0x1513
mem[X,0x000000008001881A] -> 0x00A5
[2864] [M]: 0x0000000080018818 (0x00A51513) slli a0, a0, 0xa
x10 <- 0x5555555555555400
mem[X,0x000000008001881C] -> 0x0513
mem[X,0x000000008001881E] -> 0x1555
[2865] [M]: 0x000000008001881C (0x15550513) addi a0, a0, 0x155
x10 <- 0x5555555555555555
mem[X,0x0000000080018820] -> 0x65B7
mem[X,0x0000000080018822] -> 0x6666
[2866] [M]: 0x0000000080018820 (0x666665B7) lui a1, 0x66666
x11 <- 0x0000000066666000
mem[X,0x0000000080018824] -> 0x8593
mem[X,0x0000000080018826] -> 0x6665
[2867] [M]: 0x0000000080018824 (0x66658593) addi a1, a1, 0x666
x11 <- 0x0000000066666666
mem[X,0x0000000080018828] -> 0x9593
mem[X,0x000000008001882A] -> 0x00B5
[2868] [M]: 0x0000000080018828 (0x00B59593) slli a1, a1, 0xb
x11 <- 0x0000033333333000
mem[X,0x000000008001882C] -> 0x8593
mem[X,0x000000008001882E] -> 0x3335
[2869] [M]: 0x000000008001882C (0x33358593) addi a1, a1, 0x333
x11 <- 0x0000033333333333
mem[X,0x0000000080018830] -> 0x9593
mem[X,0x0000000080018832] -> 0x00B5
[2870] [M]: 0x0000000080018830 (0x00B59593) slli a1, a1, 0xb
x11 <- 0x0019999999999800
mem[X,0x0000000080018834] -> 0x8593
mem[X,0x0000000080018836] -> 0x1995
[2871] [M]: 0x0000000080018834 (0x19958593) addi a1, a1, 0x199
x11 <- 0x0019999999999999
mem[X,0x0000000080018838] -> 0x9593
mem[X,0x000000008001883A] -> 0x00A5
[2872] [M]: 0x0000000080018838 (0x00A59593) slli a1, a1, 0xa
x11 <- 0x6666666666666400
mem[X,0x000000008001883C] -> 0x8593
mem[X,0x000000008001883E] -> 0x2675
[2873] [M]: 0x000000008001883C (0x26758593) addi a1, a1, 0x267
x11 <- 0x6666666666666667
mem[X,0x0000000080018840] -> 0x0113
mem[X,0x0000000080018842] -> 0x0000
[2874] [M]: 0x0000000080018840 (0x00000113) addi sp, zero, 0x0
x2 <- 0x0000000000000000
mem[X,0x0000000080018844] -> 0x006F
mem[X,0x0000000080018846] -> 0x0100
[2875] [M]: 0x0000000080018844 (0x0100006F) jal zero, 0x10
mem[X,0x0000000080018854] -> 0x4AE3
mem[X,0x0000000080018856] -> 0xFEB5
[2876] [M]: 0x0000000080018854 (0xFEB54AE3) blt a0, a1, -0xc
mem[X,0x0000000080018848] -> 0x0113
mem[X,0x000000008001884A] -> 0x0011
[2877] [M]: 0x0000000080018848 (0x00110113) addi sp, sp, 0x1
x2 <- 0x0000000000000001
mem[X,0x000000008001884C] -> 0x006F
mem[X,0x000000008001884E] -> 0x01C0
[2878] [M]: 0x000000008001884C (0x01C0006F) jal zero, 0x1c
mem[X,0x0000000080018868] -> 0xBC23
mem[X,0x000000008001886A] -> 0x6620
[2879] [M]: 0x0000000080018868 (0x6620BC23) sd sp, 0x678(ra)
mem[0x000000008004F850] <- 0x0000000000000001
mem[X,0x000000008001886C] -> 0x5537
mem[X,0x000000008001886E] -> 0x5555
[2880] [M]: 0x000000008001886C (0x55555537) lui a0, 0x55555
x10 <- 0x0000000055555000
mem[X,0x0000000080018870] -> 0x0513
mem[X,0x0000000080018872] -> 0x5555
[2881] [M]: 0x0000000080018870 (0x55550513) addi a0, a0, 0x555
x10 <- 0x0000000055555555
mem[X,0x0000000080018874] -> 0x1513
mem[X,0x0000000080018876] -> 0x00B5
[2882] [M]: 0x0000000080018874 (0x00B51513) slli a0, a0, 0xb
x10 <- 0x000002AAAAAAA800
mem[X,0x0000000080018878] -> 0x0513
mem[X,0x000000008001887A] -> 0x2AA5
[2883] [M]: 0x0000000080018878 (0x2AA50513) addi a0, a0, 0x2aa
x10 <- 0x000002AAAAAAAAAA
mem[X,0x000000008001887C] -> 0x1513
mem[X,0x000000008001887E] -> 0x00B5
[2884] [M]: 0x000000008001887C (0x00B51513) slli a0, a0, 0xb
x10 <- 0x0015555555555000
mem[X,0x0000000080018880] -> 0x0513
mem[X,0x0000000080018882] -> 0x5555
[2885] [M]: 0x0000000080018880 (0x55550513) addi a0, a0, 0x555
x10 <- 0x0015555555555555
mem[X,0x0000000080018884] -> 0x1513
mem[X,0x0000000080018886] -> 0x00A5
[2886] [M]: 0x0000000080018884 (0x00A51513) slli a0, a0, 0xa
x10 <- 0x5555555555555400
mem[X,0x0000000080018888] -> 0x0513
mem[X,0x000000008001888A] -> 0x1555
[2887] [M]: 0x0000000080018888 (0x15550513) addi a0, a0, 0x155
x10 <- 0x5555555555555555
mem[X,0x000000008001888C] -> 0x05B7
mem[X,0x000000008001888E] -> 0x0000
[2888] [M]: 0x000000008001888C (0x000005B7) lui a1, 0x0
x11 <- 0x0000000000000000
mem[X,0x0000000080018890] -> 0x8593
mem[X,0x0000000080018892] -> 0xFFF5
[2889] [M]: 0x0000000080018890 (0xFFF58593) addi a1, a1, -0x1
x11 <- 0xFFFFFFFFFFFFFFFF
mem[X,0x0000000080018894] -> 0x9593
mem[X,0x0000000080018896] -> 0x00B5
[2890] [M]: 0x0000000080018894 (0x00B59593) slli a1, a1, 0xb
x11 <- 0xFFFFFFFFFFFFF800
mem[X,0x0000000080018898] -> 0x8593
mem[X,0x000000008001889A] -> 0x2575
[2891] [M]: 0x0000000080018898 (0x25758593) addi a1, a1, 0x257
x11 <- 0xFFFFFFFFFFFFFA57
mem[X,0x000000008001889C] -> 0x9593
mem[X,0x000000008001889E] -> 0x00B5
[2892] [M]: 0x000000008001889C (0x00B59593) slli a1, a1, 0xb
x11 <- 0xFFFFFFFFFFD2B800
mem[X,0x00000000800188A0] -> 0x8593
mem[X,0x00000000800188A2] -> 0x6C35
[2893] [M]: 0x00000000800188A0 (0x6C358593) addi a1, a1, 0x6c3
x11 <- 0xFFFFFFFFFFD2BEC3
mem[X,0x00000000800188A4] -> 0x9593
mem[X,0x00000000800188A6] -> 0x00A5
[2894] [M]: 0x00000000800188A4 (0x00A59593) slli a1, a1, 0xa
x11 <- 0xFFFFFFFF4AFB0C00
mem[X,0x00000000800188A8] -> 0x8593
mem[X,0x00000000800188AA] -> 0x0CE5
[2895] [M]: 0x00000000800188A8 (0x0CE58593) addi a1, a1, 0xce
x11 <- 0xFFFFFFFF4AFB0CCE
mem[X,0x00000000800188AC] -> 0x0113
mem[X,0x00000000800188AE] -> 0x0000
[2896] [M]: 0x00000000800188AC (0x00000113) addi sp, zero, 0x0
x2 <- 0x0000000000000000
mem[X,0x00000000800188B0] -> 0x006F
mem[X,0x00000000800188B2] -> 0x0050
[2897] [M]: 0x00000000800188B0 (0x0050006F) jal zero, 0x804
mem[X,0x00000000800190B4] -> 0x40E3
mem[X,0x00000000800190B6] -> 0x80B5
[2898] [M]: 0x00000000800190B4 (0x80B540E3) blt a0, a1, -0x800
mem[X,0x00000000800190B8] -> 0x0113
mem[X,0x00000000800190BA] -> 0x0021
[2899] [M]: 0x00000000800190B8 (0x00210113) addi sp, sp, 0x2
x2 <- 0x0000000000000002
clint::tick mtime <- 0x000000000000001D
 clint timer pending at mtime 0x000000000000001D
htif::tick 0x0000000000000000
mem[X,0x00000000800190BC] -> 0x006F
mem[X,0x00000000800190BE] -> 0x00C0
[2900] [M]: 0x00000000800190BC (0x00C0006F) jal zero, 0xc
mem[X,0x00000000800190C8] -> 0xB023
mem[X,0x00000000800190CA] -> 0x6820
[2901] [M]: 0x00000000800190C8 (0x6820B023) sd sp, 0x680(ra)
mem[0x000000008004F858] <- 0x0000000000000002
mem[X,0x00000000800190CC] -> 0x5537
mem[X,0x00000000800190CE] -> 0x5555
[2902] [M]: 0x00000000800190CC (0x55555537) lui a0, 0x55555
x10 <- 0x0000000055555000
mem[X,0x00000000800190D0] -> 0x0513
mem[X,0x00000000800190D2] -> 0x5555
[2903] [M]: 0x00000000800190D0 (0x55550513) addi a0, a0, 0x555
x10 <- 0x0000000055555555
mem[X,0x00000000800190D4] -> 0x1513
mem[X,0x00000000800190D6] -> 0x00B5
[2904] [M]: 0x00000000800190D4 (0x00B51513) slli a0, a0, 0xb
x10 <- 0x000002AAAAAAA800
mem[X,0x00000000800190D8] -> 0x0513
mem[X,0x00000000800190DA] -> 0x2AA5
[2905] [M]: 0x00000000800190D8 (0x2AA50513) addi a0, a0, 0x2aa
x10 <- 0x000002AAAAAAAAAA
mem[X,0x00000000800190DC] -> 0x1513
mem[X,0x00000000800190DE] -> 0x00B5
[2906] [M]: 0x00000000800190DC (0x00B51513) slli a0, a0, 0xb
x10 <- 0x0015555555555000
mem[X,0x00000000800190E0] -> 0x0513
mem[X,0x00000000800190E2] -> 0x5555
[2907] [M]: 0x00000000800190E0 (0x55550513) addi a0, a0, 0x555
x10 <- 0x0015555555555555
mem[X,0x00000000800190E4] -> 0x1513
mem[X,0x00000000800190E6] -> 0x00A5
[2908] [M]: 0x00000000800190E4 (0x00A51513) slli a0, a0, 0xa
x10 <- 0x5555555555555400
mem[X,0x00000000800190E8] -> 0x0513
mem[X,0x00000000800190EA] -> 0x1555
[2909] [M]: 0x00000000800190E8 (0x15550513) addi a0, a0, 0x155
x10 <- 0x5555555555555555
mem[X,0x00000000800190EC] -> 0x05B7
mem[X,0x00000000800190EE] -> 0x0000
[2910] [M]: 0x00000000800190EC (0x000005B7) lui a1, 0x0
x11 <- 0x0000000000000000
mem[X,0x00000000800190F0] -> 0x8593
mem[X,0x00000000800190F2] -> 0x0005
[2911] [M]: 0x00000000800190F0 (0x00058593) addi a1, a1, 0x0
x11 <- 0x0000000000000000
mem[X,0x00000000800190F4] -> 0x9593
mem[X,0x00000000800190F6] -> 0x00B5
[2912] [M]: 0x00000000800190F4 (0x00B59593) slli a1, a1, 0xb
x11 <- 0x0000000000000000
mem[X,0x00000000800190F8] -> 0x8593
mem[X,0x00000000800190FA] -> 0x5A85
[2913] [M]: 0x00000000800190F8 (0x5A858593) addi a1, a1, 0x5a8
x11 <- 0x00000000000005A8
mem[X,0x00000000800190FC] -> 0x9593
mem[X,0x00000000800190FE] -> 0x00B5
[2914] [M]: 0x00000000800190FC (0x00B59593) slli a1, a1, 0xb
x11 <- 0x00000000002D4000
mem[X,0x0000000080019100] -> 0x8593
mem[X,0x0000000080019102] -> 0x13C5
[2915] [M]: 0x0000000080019100 (0x13C58593) addi a1, a1, 0x13c
x11 <- 0x00000000002D413C
mem[X,0x0000000080019104] -> 0x9593
mem[X,0x0000000080019106] -> 0x00A5
[2916] [M]: 0x0000000080019104 (0x00A59593) slli a1, a1, 0xa
x11 <- 0x00000000B504F000
mem[X,0x0000000080019108] -> 0x8593
mem[X,0x000000008001910A] -> 0x3345
[2917] [M]: 0x0000000080019108 (0x33458593) addi a1, a1, 0x334
x11 <- 0x00000000B504F334
mem[X,0x000000008001910C] -> 0x0113
mem[X,0x000000008001910E] -> 0x0000
[2918] [M]: 0x000000008001910C (0x00000113) addi sp, zero, 0x0
x2 <- 0x0000000000000000
mem[X,0x0000000080019110] -> 0x006F
mem[X,0x0000000080019112] -> 0x00C0
[2919] [M]: 0x0000000080019110 (0x00C0006F) jal zero, 0xc
mem[X,0x000000008001911C] -> 0x4063
mem[X,0x000000008001911E] -> 0x08B5
[2920] [M]: 0x000000008001911C (0x08B54063) blt a0, a1, 0x80
mem[X,0x0000000080019120] -> 0x0113
mem[X,0x0000000080019122] -> 0x0021
[2921] [M]: 0x0000000080019120 (0x00210113) addi sp, sp, 0x2
x2 <- 0x0000000000000002
mem[X,0x0000000080019124] -> 0x006F
mem[X,0x0000000080019126] -> 0x0800
[2922] [M]: 0x0000000080019124 (0x0800006F) jal zero, 0x80
mem[X,0x00000000800191A4] -> 0xB423
mem[X,0x00000000800191A6] -> 0x6820
[2923] [M]: 0x00000000800191A4 (0x6820B423) sd sp, 0x688(ra)
mem[0x000000008004F860] <- 0x0000000000000002
mem[X,0x00000000800191A8] -> 0xB537
mem[X,0x00000000800191AA] -> 0xAAAA
[2924] [M]: 0x00000000800191A8 (0xAAAAB537) lui a0, -0x55555
x10 <- 0xFFFFFFFFAAAAB000
mem[X,0x00000000800191AC] -> 0x0513
mem[X,0x00000000800191AE] -> 0xAAA5
[2925] [M]: 0x00000000800191AC (0xAAA50513) addi a0, a0, -0x556
x10 <- 0xFFFFFFFFAAAAAAAA
mem[X,0x00000000800191B0] -> 0x1513
mem[X,0x00000000800191B2] -> 0x00B5
[2926] [M]: 0x00000000800191B0 (0x00B51513) slli a0, a0, 0xb
x10 <- 0xFFFFFD5555555000
mem[X,0x00000000800191B4] -> 0x0513
mem[X,0x00000000800191B6] -> 0x5555
[2927] [M]: 0x00000000800191B4 (0x55550513) addi a0, a0, 0x555
x10 <- 0xFFFFFD5555555555
mem[X,0x00000000800191B8] -> 0x1513
mem[X,0x00000000800191BA] -> 0x00B5
[2928] [M]: 0x00000000800191B8 (0x00B51513) slli a0, a0, 0xb
x10 <- 0xFFEAAAAAAAAAA800
mem[X,0x00000000800191BC] -> 0x0513
mem[X,0x00000000800191BE] -> 0x2AA5
[2929] [M]: 0x00000000800191BC (0x2AA50513) addi a0, a0, 0x2aa
x10 <- 0xFFEAAAAAAAAAAAAA
mem[X,0x00000000800191C0] -> 0x1513
mem[X,0x00000000800191C2] -> 0x00A5
[2930] [M]: 0x00000000800191C0 (0x00A51513) slli a0, a0, 0xa
x10 <- 0xAAAAAAAAAAAAA800
mem[X,0x00000000800191C4] -> 0x0513
mem[X,0x00000000800191C6] -> 0x2AA5
[2931] [M]: 0x00000000800191C4 (0x2AA50513) addi a0, a0, 0x2aa
x10 <- 0xAAAAAAAAAAAAAAAA
mem[X,0x00000000800191C8] -> 0x0593
mem[X,0x00000000800191CA] -> 0x0030
[2932] [M]: 0x00000000800191C8 (0x00300593) addi a1, zero, 0x3
x11 <- 0x0000000000000003
mem[X,0x00000000800191CC] -> 0x0113
mem[X,0x00000000800191CE] -> 0x0000
[2933] [M]: 0x00000000800191CC (0x00000113) addi sp, zero, 0x0
x2 <- 0x0000000000000000
mem[X,0x00000000800191D0] -> 0x006F
mem[X,0x00000000800191D2] -> 0x00C0
[2934] [M]: 0x00000000800191D0 (0x00C0006F) jal zero, 0xc
mem[X,0x00000000800191DC] -> 0x4663
mem[X,0x00000000800191DE] -> 0x00B5
[2935] [M]: 0x00000000800191DC (0x00B54663) blt a0, a1, 0xc
mem[X,0x00000000800191E8] -> 0x0113
mem[X,0x00000000800191EA] -> 0x0031
[2936] [M]: 0x00000000800191E8 (0x00310113) addi sp, sp, 0x3
x2 <- 0x0000000000000003
mem[X,0x00000000800191EC] -> 0x006F
mem[X,0x00000000800191EE] -> 0x0040
[2937] [M]: 0x00000000800191EC (0x0040006F) jal zero, 0x4
mem[X,0x00000000800191F0] -> 0xB823
mem[X,0x00000000800191F2] -> 0x6820
[2938] [M]: 0x00000000800191F0 (0x6820B823) sd sp, 0x690(ra)
mem[0x000000008004F868] <- 0x0000000000000003
mem[X,0x00000000800191F4] -> 0xB537
mem[X,0x00000000800191F6] -> 0xAAAA
[2939] [M]: 0x00000000800191F4 (0xAAAAB537) lui a0, -0x55555
x10 <- 0xFFFFFFFFAAAAB000
mem[X,0x00000000800191F8] -> 0x0513
mem[X,0x00000000800191FA] -> 0xAAA5
[2940] [M]: 0x00000000800191F8 (0xAAA50513) addi a0, a0, -0x556
x10 <- 0xFFFFFFFFAAAAAAAA
mem[X,0x00000000800191FC] -> 0x1513
mem[X,0x00000000800191FE] -> 0x00B5
[2941] [M]: 0x00000000800191FC (0x00B51513) slli a0, a0, 0xb
x10 <- 0xFFFFFD5555555000
mem[X,0x0000000080019200] -> 0x0513
mem[X,0x0000000080019202] -> 0x5555
[2942] [M]: 0x0000000080019200 (0x55550513) addi a0, a0, 0x555
x10 <- 0xFFFFFD5555555555
mem[X,0x0000000080019204] -> 0x1513
mem[X,0x0000000080019206] -> 0x00B5
[2943] [M]: 0x0000000080019204 (0x00B51513) slli a0, a0, 0xb
x10 <- 0xFFEAAAAAAAAAA800
mem[X,0x0000000080019208] -> 0x0513
mem[X,0x000000008001920A] -> 0x2AA5
[2944] [M]: 0x0000000080019208 (0x2AA50513) addi a0, a0, 0x2aa
x10 <- 0xFFEAAAAAAAAAAAAA
mem[X,0x000000008001920C] -> 0x1513
mem[X,0x000000008001920E] -> 0x00A5
[2945] [M]: 0x000000008001920C (0x00A51513) slli a0, a0, 0xa
x10 <- 0xAAAAAAAAAAAAA800
mem[X,0x0000000080019210] -> 0x0513
mem[X,0x0000000080019212] -> 0x2AA5
[2946] [M]: 0x0000000080019210 (0x2AA50513) addi a0, a0, 0x2aa
x10 <- 0xAAAAAAAAAAAAAAAA
mem[X,0x0000000080019214] -> 0x55B7
mem[X,0x0000000080019216] -> 0x5555
[2947] [M]: 0x0000000080019214 (0x555555B7) lui a1, 0x55555
x11 <- 0x0000000055555000
mem[X,0x0000000080019218] -> 0x8593
mem[X,0x000000008001921A] -> 0x5555
[2948] [M]: 0x0000000080019218 (0x55558593) addi a1, a1, 0x555
x11 <- 0x0000000055555555
mem[X,0x000000008001921C] -> 0x9593
mem[X,0x000000008001921E] -> 0x00B5
[2949] [M]: 0x000000008001921C (0x00B59593) slli a1, a1, 0xb
x11 <- 0x000002AAAAAAA800
mem[X,0x0000000080019220] -> 0x8593
mem[X,0x0000000080019222] -> 0x2AA5
[2950] [M]: 0x0000000080019220 (0x2AA58593) addi a1, a1, 0x2aa
x11 <- 0x000002AAAAAAAAAA
mem[X,0x0000000080019224] -> 0x9593
mem[X,0x0000000080019226] -> 0x00B5
[2951] [M]: 0x0000000080019224 (0x00B59593) slli a1, a1, 0xb
x11 <- 0x0015555555555000
mem[X,0x0000000080019228] -> 0x8593
mem[X,0x000000008001922A] -> 0x5555
[2952] [M]: 0x0000000080019228 (0x55558593) addi a1, a1, 0x555
x11 <- 0x0015555555555555
mem[X,0x000000008001922C] -> 0x9593
mem[X,0x000000008001922E] -> 0x00A5
[2953] [M]: 0x000000008001922C (0x00A59593) slli a1, a1, 0xa
x11 <- 0x5555555555555400
mem[X,0x0000000080019230] -> 0x8593
mem[X,0x0000000080019232] -> 0x1555
[2954] [M]: 0x0000000080019230 (0x15558593) addi a1, a1, 0x155
x11 <- 0x5555555555555555
mem[X,0x0000000080019234] -> 0x0113
mem[X,0x0000000080019236] -> 0x0000
[2955] [M]: 0x0000000080019234 (0x00000113) addi sp, zero, 0x0
x2 <- 0x0000000000000000
mem[X,0x0000000080019238] -> 0x006F
mem[X,0x000000008001923A] -> 0x0100
[2956] [M]: 0x0000000080019238 (0x0100006F) jal zero, 0x10
mem[X,0x0000000080019248] -> 0x4AE3
mem[X,0x000000008001924A] -> 0xFEB5
[2957] [M]: 0x0000000080019248 (0xFEB54AE3) blt a0, a1, -0xc
mem[X,0x000000008001923C] -> 0x0113
mem[X,0x000000008001923E] -> 0x0011
[2958] [M]: 0x000000008001923C (0x00110113) addi sp, sp, 0x1
x2 <- 0x0000000000000001
mem[X,0x0000000080019240] -> 0x006F
mem[X,0x0000000080019242] -> 0x01C0
[2959] [M]: 0x0000000080019240 (0x01C0006F) jal zero, 0x1c
mem[X,0x000000008001925C] -> 0xBC23
mem[X,0x000000008001925E] -> 0x6820
[2960] [M]: 0x000000008001925C (0x6820BC23) sd sp, 0x698(ra)
mem[0x000000008004F870] <- 0x0000000000000001
mem[X,0x0000000080019260] -> 0xB537
mem[X,0x0000000080019262] -> 0xAAAA
[2961] [M]: 0x0000000080019260 (0xAAAAB537) lui a0, -0x55555
x10 <- 0xFFFFFFFFAAAAB000
mem[X,0x0000000080019264] -> 0x0513
mem[X,0x0000000080019266] -> 0xAAA5
[2962] [M]: 0x0000000080019264 (0xAAA50513) addi a0, a0, -0x556
x10 <- 0xFFFFFFFFAAAAAAAA
mem[X,0x0000000080019268] -> 0x1513
mem[X,0x000000008001926A] -> 0x00B5
[2963] [M]: 0x0000000080019268 (0x00B51513) slli a0, a0, 0xb
x10 <- 0xFFFFFD5555555000
mem[X,0x000000008001926C] -> 0x0513
mem[X,0x000000008001926E] -> 0x5555
[2964] [M]: 0x000000008001926C (0x55550513) addi a0, a0, 0x555
x10 <- 0xFFFFFD5555555555
mem[X,0x0000000080019270] -> 0x1513
mem[X,0x0000000080019272] -> 0x00B5
[2965] [M]: 0x0000000080019270 (0x00B51513) slli a0, a0, 0xb
x10 <- 0xFFEAAAAAAAAAA800
mem[X,0x0000000080019274] -> 0x0513
mem[X,0x0000000080019276] -> 0x2AA5
[2966] [M]: 0x0000000080019274 (0x2AA50513) addi a0, a0, 0x2aa
x10 <- 0xFFEAAAAAAAAAAAAA
mem[X,0x0000000080019278] -> 0x1513
mem[X,0x000000008001927A] -> 0x00A5
[2967] [M]: 0x0000000080019278 (0x00A51513) slli a0, a0, 0xa
x10 <- 0xAAAAAAAAAAAAA800
mem[X,0x000000008001927C] -> 0x0513
mem[X,0x000000008001927E] -> 0x2AA5
[2968] [M]: 0x000000008001927C (0x2AA50513) addi a0, a0, 0x2aa
x10 <- 0xAAAAAAAAAAAAAAAA
mem[X,0x0000000080019280] -> 0xB5B7
mem[X,0x0000000080019282] -> 0xAAAA
[2969] [M]: 0x0000000080019280 (0xAAAAB5B7) lui a1, -0x55555
x11 <- 0xFFFFFFFFAAAAB000
mem[X,0x0000000080019284] -> 0x8593
mem[X,0x0000000080019286] -> 0xAAA5
[2970] [M]: 0x0000000080019284 (0xAAA58593) addi a1, a1, -0x556
x11 <- 0xFFFFFFFFAAAAAAAA
mem[X,0x0000000080019288] -> 0x9593
mem[X,0x000000008001928A] -> 0x00B5
[2971] [M]: 0x0000000080019288 (0x00B59593) slli a1, a1, 0xb
x11 <- 0xFFFFFD5555555000
mem[X,0x000000008001928C] -> 0x8593
mem[X,0x000000008001928E] -> 0x5555
[2972] [M]: 0x000000008001928C (0x55558593) addi a1, a1, 0x555
x11 <- 0xFFFFFD5555555555
mem[X,0x0000000080019290] -> 0x9593
mem[X,0x0000000080019292] -> 0x00B5
[2973] [M]: 0x0000000080019290 (0x00B59593) slli a1, a1, 0xb
x11 <- 0xFFEAAAAAAAAAA800
mem[X,0x0000000080019294] -> 0x8593
mem[X,0x0000000080019296] -> 0x2AA5
[2974] [M]: 0x0000000080019294 (0x2AA58593) addi a1, a1, 0x2aa
x11 <- 0xFFEAAAAAAAAAAAAA
mem[X,0x0000000080019298] -> 0x9593
mem[X,0x000000008001929A] -> 0x00A5
[2975] [M]: 0x0000000080019298 (0x00A59593) slli a1, a1, 0xa
x11 <- 0xAAAAAAAAAAAAA800
mem[X,0x000000008001929C] -> 0x8593
mem[X,0x000000008001929E] -> 0x2AA5
[2976] [M]: 0x000000008001929C (0x2AA58593) addi a1, a1, 0x2aa
x11 <- 0xAAAAAAAAAAAAAAAA
mem[X,0x00000000800192A0] -> 0x0113
mem[X,0x00000000800192A2] -> 0x0000
[2977] [M]: 0x00000000800192A0 (0x00000113) addi sp, zero, 0x0
x2 <- 0x0000000000000000
mem[X,0x00000000800192A4] -> 0x006F
mem[X,0x00000000800192A6] -> 0x00C0
[2978] [M]: 0x00000000800192A4 (0x00C0006F) jal zero, 0xc
mem[X,0x00000000800192B0] -> 0x4063
mem[X,0x00000000800192B2] -> 0x08B5
[2979] [M]: 0x00000000800192B0 (0x08B54063) blt a0, a1, 0x80
mem[X,0x00000000800192B4] -> 0x0113
mem[X,0x00000000800192B6] -> 0x0021
[2980] [M]: 0x00000000800192B4 (0x00210113) addi sp, sp, 0x2
x2 <- 0x0000000000000002
mem[X,0x00000000800192B8] -> 0x006F
mem[X,0x00000000800192BA] -> 0x0800
[2981] [M]: 0x00000000800192B8 (0x0800006F) jal zero, 0x80
mem[X,0x0000000080019338] -> 0xB023
mem[X,0x000000008001933A] -> 0x6A20
[2982] [M]: 0x0000000080019338 (0x6A20B023) sd sp, 0x6a0(ra)
mem[0x000000008004F878] <- 0x0000000000000002
mem[X,0x000000008001933C] -> 0xB537
mem[X,0x000000008001933E] -> 0xAAAA
[2983] [M]: 0x000000008001933C (0xAAAAB537) lui a0, -0x55555
x10 <- 0xFFFFFFFFAAAAB000
mem[X,0x0000000080019340] -> 0x0513
mem[X,0x0000000080019342] -> 0xAAA5
[2984] [M]: 0x0000000080019340 (0xAAA50513) addi a0, a0, -0x556
x10 <- 0xFFFFFFFFAAAAAAAA
mem[X,0x0000000080019344] -> 0x1513
mem[X,0x0000000080019346] -> 0x00B5
[2985] [M]: 0x0000000080019344 (0x00B51513) slli a0, a0, 0xb
x10 <- 0xFFFFFD5555555000
mem[X,0x0000000080019348] -> 0x0513
mem[X,0x000000008001934A] -> 0x5555
[2986] [M]: 0x0000000080019348 (0x55550513) addi a0, a0, 0x555
x10 <- 0xFFFFFD5555555555
mem[X,0x000000008001934C] -> 0x1513
mem[X,0x000000008001934E] -> 0x00B5
[2987] [M]: 0x000000008001934C (0x00B51513) slli a0, a0, 0xb
x10 <- 0xFFEAAAAAAAAAA800
mem[X,0x0000000080019350] -> 0x0513
mem[X,0x0000000080019352] -> 0x2AA5
[2988] [M]: 0x0000000080019350 (0x2AA50513) addi a0, a0, 0x2aa
x10 <- 0xFFEAAAAAAAAAAAAA
mem[X,0x0000000080019354] -> 0x1513
mem[X,0x0000000080019356] -> 0x00A5
[2989] [M]: 0x0000000080019354 (0x00A51513) slli a0, a0, 0xa
x10 <- 0xAAAAAAAAAAAAA800
mem[X,0x0000000080019358] -> 0x0513
mem[X,0x000000008001935A] -> 0x2AA5
[2990] [M]: 0x0000000080019358 (0x2AA50513) addi a0, a0, 0x2aa
x10 <- 0xAAAAAAAAAAAAAAAA
mem[X,0x000000008001935C] -> 0x0593
mem[X,0x000000008001935E] -> 0x0050
[2991] [M]: 0x000000008001935C (0x00500593) addi a1, zero, 0x5
x11 <- 0x0000000000000005
mem[X,0x0000000080019360] -> 0x0113
mem[X,0x0000000080019362] -> 0x0000
[2992] [M]: 0x0000000080019360 (0x00000113) addi sp, zero, 0x0
x2 <- 0x0000000000000000
mem[X,0x0000000080019364] -> 0x006F
mem[X,0x0000000080019366] -> 0x00C0
[2993] [M]: 0x0000000080019364 (0x00C0006F) jal zero, 0xc
mem[X,0x0000000080019370] -> 0x4663
mem[X,0x0000000080019372] -> 0x00B5
[2994] [M]: 0x0000000080019370 (0x00B54663) blt a0, a1, 0xc
mem[X,0x000000008001937C] -> 0x0113
mem[X,0x000000008001937E] -> 0x0031
[2995] [M]: 0x000000008001937C (0x00310113) addi sp, sp, 0x3
x2 <- 0x0000000000000003
mem[X,0x0000000080019380] -> 0x006F
mem[X,0x0000000080019382] -> 0x0040
[2996] [M]: 0x0000000080019380 (0x0040006F) jal zero, 0x4
mem[X,0x0000000080019384] -> 0xB423
mem[X,0x0000000080019386] -> 0x6A20
[2997] [M]: 0x0000000080019384 (0x6A20B423) sd sp, 0x6a8(ra)
mem[0x000000008004F880] <- 0x0000000000000003
mem[X,0x0000000080019388] -> 0xB537
mem[X,0x000000008001938A] -> 0xAAAA
[2998] [M]: 0x0000000080019388 (0xAAAAB537) lui a0, -0x55555
x10 <- 0xFFFFFFFFAAAAB000
mem[X,0x000000008001938C] -> 0x0513
mem[X,0x000000008001938E] -> 0xAAA5
[2999] [M]: 0x000000008001938C (0xAAA50513) addi a0, a0, -0x556
x10 <- 0xFFFFFFFFAAAAAAAA
clint::tick mtime <- 0x000000000000001E
 clint timer pending at mtime 0x000000000000001E
htif::tick 0x0000000000000000
mem[X,0x0000000080019390] -> 0x1513
mem[X,0x0000000080019392] -> 0x00B5
[3000] [M]: 0x0000000080019390 (0x00B51513) slli a0, a0, 0xb
x10 <- 0xFFFFFD5555555000
mem[X,0x0000000080019394] -> 0x0513
mem[X,0x0000000080019396] -> 0x5555
[3001] [M]: 0x0000000080019394 (0x55550513) addi a0, a0, 0x555
x10 <- 0xFFFFFD5555555555
mem[X,0x0000000080019398] -> 0x1513
mem[X,0x000000008001939A] -> 0x00B5
[3002] [M]: 0x0000000080019398 (0x00B51513) slli a0, a0, 0xb
x10 <- 0xFFEAAAAAAAAAA800
mem[X,0x000000008001939C] -> 0x0513
mem[X,0x000000008001939E] -> 0x2AA5
[3003] [M]: 0x000000008001939C (0x2AA50513) addi a0, a0, 0x2aa
x10 <- 0xFFEAAAAAAAAAAAAA
mem[X,0x00000000800193A0] -> 0x1513
mem[X,0x00000000800193A2] -> 0x00A5
[3004] [M]: 0x00000000800193A0 (0x00A51513) slli a0, a0, 0xa
x10 <- 0xAAAAAAAAAAAAA800
mem[X,0x00000000800193A4] -> 0x0513
mem[X,0x00000000800193A6] -> 0x2AA5
[3005] [M]: 0x00000000800193A4 (0x2AA50513) addi a0, a0, 0x2aa
x10 <- 0xAAAAAAAAAAAAAAAA
mem[X,0x00000000800193A8] -> 0x35B7
mem[X,0x00000000800193AA] -> 0x3333
[3006] [M]: 0x00000000800193A8 (0x333335B7) lui a1, 0x33333
x11 <- 0x0000000033333000
mem[X,0x00000000800193AC] -> 0x8593
mem[X,0x00000000800193AE] -> 0x3335
[3007] [M]: 0x00000000800193AC (0x33358593) addi a1, a1, 0x333
x11 <- 0x0000000033333333
mem[X,0x00000000800193B0] -> 0x9593
mem[X,0x00000000800193B2] -> 0x00B5
[3008] [M]: 0x00000000800193B0 (0x00B59593) slli a1, a1, 0xb
x11 <- 0x0000019999999800
mem[X,0x00000000800193B4] -> 0x8593
mem[X,0x00000000800193B6] -> 0x1995
[3009] [M]: 0x00000000800193B4 (0x19958593) addi a1, a1, 0x199
x11 <- 0x0000019999999999
mem[X,0x00000000800193B8] -> 0x9593
mem[X,0x00000000800193BA] -> 0x00B5
[3010] [M]: 0x00000000800193B8 (0x00B59593) slli a1, a1, 0xb
x11 <- 0x000CCCCCCCCCC800
mem[X,0x00000000800193BC] -> 0x8593
mem[X,0x00000000800193BE] -> 0x4CC5
[3011] [M]: 0x00000000800193BC (0x4CC58593) addi a1, a1, 0x4cc
x11 <- 0x000CCCCCCCCCCCCC
mem[X,0x00000000800193C0] -> 0x9593
mem[X,0x00000000800193C2] -> 0x00A5
[3012] [M]: 0x00000000800193C0 (0x00A59593) slli a1, a1, 0xa
x11 <- 0x3333333333333000
mem[X,0x00000000800193C4] -> 0x8593
mem[X,0x00000000800193C6] -> 0x3335
[3013] [M]: 0x00000000800193C4 (0x33358593) addi a1, a1, 0x333
x11 <- 0x3333333333333333
mem[X,0x00000000800193C8] -> 0x0113
mem[X,0x00000000800193CA] -> 0x0000
[3014] [M]: 0x00000000800193C8 (0x00000113) addi sp, zero, 0x0
x2 <- 0x0000000000000000
mem[X,0x00000000800193CC] -> 0x006F
mem[X,0x00000000800193CE] -> 0x0050
[3015] [M]: 0x00000000800193CC (0x0050006F) jal zero, 0x804
mem[X,0x0000000080019BD0] -> 0x40E3
mem[X,0x0000000080019BD2] -> 0x80B5
[3016] [M]: 0x0000000080019BD0 (0x80B540E3) blt a0, a1, -0x800
mem[X,0x00000000800193D0] -> 0x0113
mem[X,0x00000000800193D2] -> 0x0011
[3017] [M]: 0x00000000800193D0 (0x00110113) addi sp, sp, 0x1
x2 <- 0x0000000000000001
mem[X,0x00000000800193D4] -> 0x006F
mem[X,0x00000000800193D6] -> 0x0110
[3018] [M]: 0x00000000800193D4 (0x0110006F) jal zero, 0x810
mem[X,0x0000000080019BE4] -> 0xB823
mem[X,0x0000000080019BE6] -> 0x6A20
[3019] [M]: 0x0000000080019BE4 (0x6A20B823) sd sp, 0x6b0(ra)
mem[0x000000008004F888] <- 0x0000000000000001
mem[X,0x0000000080019BE8] -> 0xB537
mem[X,0x0000000080019BEA] -> 0xAAAA
[3020] [M]: 0x0000000080019BE8 (0xAAAAB537) lui a0, -0x55555
x10 <- 0xFFFFFFFFAAAAB000
mem[X,0x0000000080019BEC] -> 0x0513
mem[X,0x0000000080019BEE] -> 0xAAA5
[3021] [M]: 0x0000000080019BEC (0xAAA50513) addi a0, a0, -0x556
x10 <- 0xFFFFFFFFAAAAAAAA
mem[X,0x0000000080019BF0] -> 0x1513
mem[X,0x0000000080019BF2] -> 0x00B5
[3022] [M]: 0x0000000080019BF0 (0x00B51513) slli a0, a0, 0xb
x10 <- 0xFFFFFD5555555000
mem[X,0x0000000080019BF4] -> 0x0513
mem[X,0x0000000080019BF6] -> 0x5555
[3023] [M]: 0x0000000080019BF4 (0x55550513) addi a0, a0, 0x555
x10 <- 0xFFFFFD5555555555
mem[X,0x0000000080019BF8] -> 0x1513
mem[X,0x0000000080019BFA] -> 0x00B5
[3024] [M]: 0x0000000080019BF8 (0x00B51513) slli a0, a0, 0xb
x10 <- 0xFFEAAAAAAAAAA800
mem[X,0x0000000080019BFC] -> 0x0513
mem[X,0x0000000080019BFE] -> 0x2AA5
[3025] [M]: 0x0000000080019BFC (0x2AA50513) addi a0, a0, 0x2aa
x10 <- 0xFFEAAAAAAAAAAAAA
mem[X,0x0000000080019C00] -> 0x1513
mem[X,0x0000000080019C02] -> 0x00A5
[3026] [M]: 0x0000000080019C00 (0x00A51513) slli a0, a0, 0xa
x10 <- 0xAAAAAAAAAAAAA800
mem[X,0x0000000080019C04] -> 0x0513
mem[X,0x0000000080019C06] -> 0x2AA5
[3027] [M]: 0x0000000080019C04 (0x2AA50513) addi a0, a0, 0x2aa
x10 <- 0xAAAAAAAAAAAAAAAA
mem[X,0x0000000080019C08] -> 0x65B7
mem[X,0x0000000080019C0A] -> 0x6666
[3028] [M]: 0x0000000080019C08 (0x666665B7) lui a1, 0x66666
x11 <- 0x0000000066666000
mem[X,0x0000000080019C0C] -> 0x8593
mem[X,0x0000000080019C0E] -> 0x6665
[3029] [M]: 0x0000000080019C0C (0x66658593) addi a1, a1, 0x666
x11 <- 0x0000000066666666
mem[X,0x0000000080019C10] -> 0x9593
mem[X,0x0000000080019C12] -> 0x00B5
[3030] [M]: 0x0000000080019C10 (0x00B59593) slli a1, a1, 0xb
x11 <- 0x0000033333333000
mem[X,0x0000000080019C14] -> 0x8593
mem[X,0x0000000080019C16] -> 0x3335
[3031] [M]: 0x0000000080019C14 (0x33358593) addi a1, a1, 0x333
x11 <- 0x0000033333333333
mem[X,0x0000000080019C18] -> 0x9593
mem[X,0x0000000080019C1A] -> 0x00B5
[3032] [M]: 0x0000000080019C18 (0x00B59593) slli a1, a1, 0xb
x11 <- 0x0019999999999800
mem[X,0x0000000080019C1C] -> 0x8593
mem[X,0x0000000080019C1E] -> 0x1995
[3033] [M]: 0x0000000080019C1C (0x19958593) addi a1, a1, 0x199
x11 <- 0x0019999999999999
mem[X,0x0000000080019C20] -> 0x9593
mem[X,0x0000000080019C22] -> 0x00A5
[3034] [M]: 0x0000000080019C20 (0x00A59593) slli a1, a1, 0xa
x11 <- 0x6666666666666400
mem[X,0x0000000080019C24] -> 0x8593
mem[X,0x0000000080019C26] -> 0x2665
[3035] [M]: 0x0000000080019C24 (0x26658593) addi a1, a1, 0x266
x11 <- 0x6666666666666666
mem[X,0x0000000080019C28] -> 0x0113
mem[X,0x0000000080019C2A] -> 0x0000
[3036] [M]: 0x0000000080019C28 (0x00000113) addi sp, zero, 0x0
x2 <- 0x0000000000000000
mem[X,0x0000000080019C2C] -> 0x006F
mem[X,0x0000000080019C2E] -> 0x0050
[3037] [M]: 0x0000000080019C2C (0x0050006F) jal zero, 0x804
mem[X,0x000000008001A430] -> 0x40E3
mem[X,0x000000008001A432] -> 0x80B5
[3038] [M]: 0x000000008001A430 (0x80B540E3) blt a0, a1, -0x800
mem[X,0x0000000080019C30] -> 0x0113
mem[X,0x0000000080019C32] -> 0x0011
[3039] [M]: 0x0000000080019C30 (0x00110113) addi sp, sp, 0x1
x2 <- 0x0000000000000001
mem[X,0x0000000080019C34] -> 0x006F
mem[X,0x0000000080019C36] -> 0x0110
[3040] [M]: 0x0000000080019C34 (0x0110006F) jal zero, 0x810
mem[X,0x000000008001A444] -> 0xBC23
mem[X,0x000000008001A446] -> 0x6A20
[3041] [M]: 0x000000008001A444 (0x6A20BC23) sd sp, 0x6b8(ra)
mem[0x000000008004F890] <- 0x0000000000000001
mem[X,0x000000008001A448] -> 0xB537
mem[X,0x000000008001A44A] -> 0xAAAA
[3042] [M]: 0x000000008001A448 (0xAAAAB537) lui a0, -0x55555
x10 <- 0xFFFFFFFFAAAAB000
mem[X,0x000000008001A44C] -> 0x0513
mem[X,0x000000008001A44E] -> 0xAAA5
[3043] [M]: 0x000000008001A44C (0xAAA50513) addi a0, a0, -0x556
x10 <- 0xFFFFFFFFAAAAAAAA
mem[X,0x000000008001A450] -> 0x1513
mem[X,0x000000008001A452] -> 0x00B5
[3044] [M]: 0x000000008001A450 (0x00B51513) slli a0, a0, 0xb
x10 <- 0xFFFFFD5555555000
mem[X,0x000000008001A454] -> 0x0513
mem[X,0x000000008001A456] -> 0x5555
[3045] [M]: 0x000000008001A454 (0x55550513) addi a0, a0, 0x555
x10 <- 0xFFFFFD5555555555
mem[X,0x000000008001A458] -> 0x1513
mem[X,0x000000008001A45A] -> 0x00B5
[3046] [M]: 0x000000008001A458 (0x00B51513) slli a0, a0, 0xb
x10 <- 0xFFEAAAAAAAAAA800
mem[X,0x000000008001A45C] -> 0x0513
mem[X,0x000000008001A45E] -> 0x2AA5
[3047] [M]: 0x000000008001A45C (0x2AA50513) addi a0, a0, 0x2aa
x10 <- 0xFFEAAAAAAAAAAAAA
mem[X,0x000000008001A460] -> 0x1513
mem[X,0x000000008001A462] -> 0x00A5
[3048] [M]: 0x000000008001A460 (0x00A51513) slli a0, a0, 0xa
x10 <- 0xAAAAAAAAAAAAA800
mem[X,0x000000008001A464] -> 0x0513
mem[X,0x000000008001A466] -> 0x2AA5
[3049] [M]: 0x000000008001A464 (0x2AA50513) addi a0, a0, 0x2aa
x10 <- 0xAAAAAAAAAAAAAAAA
mem[X,0x000000008001A468] -> 0x05B7
mem[X,0x000000008001A46A] -> 0x0000
[3050] [M]: 0x000000008001A468 (0x000005B7) lui a1, 0x0
x11 <- 0x0000000000000000
mem[X,0x000000008001A46C] -> 0x8593
mem[X,0x000000008001A46E] -> 0xFFF5
[3051] [M]: 0x000000008001A46C (0xFFF58593) addi a1, a1, -0x1
x11 <- 0xFFFFFFFFFFFFFFFF
mem[X,0x000000008001A470] -> 0x9593
mem[X,0x000000008001A472] -> 0x00B5
[3052] [M]: 0x000000008001A470 (0x00B59593) slli a1, a1, 0xb
x11 <- 0xFFFFFFFFFFFFF800
mem[X,0x000000008001A474] -> 0x8593
mem[X,0x000000008001A476] -> 0x2575
[3053] [M]: 0x000000008001A474 (0x25758593) addi a1, a1, 0x257
x11 <- 0xFFFFFFFFFFFFFA57
mem[X,0x000000008001A478] -> 0x9593
mem[X,0x000000008001A47A] -> 0x00B5
[3054] [M]: 0x000000008001A478 (0x00B59593) slli a1, a1, 0xb
x11 <- 0xFFFFFFFFFFD2B800
mem[X,0x000000008001A47C] -> 0x8593
mem[X,0x000000008001A47E] -> 0x6C35
[3055] [M]: 0x000000008001A47C (0x6C358593) addi a1, a1, 0x6c3
x11 <- 0xFFFFFFFFFFD2BEC3
mem[X,0x000000008001A480] -> 0x9593
mem[X,0x000000008001A482] -> 0x00A5
[3056] [M]: 0x000000008001A480 (0x00A59593) slli a1, a1, 0xa
x11 <- 0xFFFFFFFF4AFB0C00
mem[X,0x000000008001A484] -> 0x8593
mem[X,0x000000008001A486] -> 0x0CD5
[3057] [M]: 0x000000008001A484 (0x0CD58593) addi a1, a1, 0xcd
x11 <- 0xFFFFFFFF4AFB0CCD
mem[X,0x000000008001A488] -> 0x0113
mem[X,0x000000008001A48A] -> 0x0000
[3058] [M]: 0x000000008001A488 (0x00000113) addi sp, zero, 0x0
x2 <- 0x0000000000000000
mem[X,0x000000008001A48C] -> 0x006F
mem[X,0x000000008001A48E] -> 0x00C0
[3059] [M]: 0x000000008001A48C (0x00C0006F) jal zero, 0xc
mem[X,0x000000008001A498] -> 0x4063
mem[X,0x000000008001A49A] -> 0x40B5
[3060] [M]: 0x000000008001A498 (0x40B54063) blt a0, a1, 0x400
mem[X,0x000000008001A898] -> 0x0113
mem[X,0x000000008001A89A] -> 0x0031
[3061] [M]: 0x000000008001A898 (0x00310113) addi sp, sp, 0x3
x2 <- 0x0000000000000003
mem[X,0x000000008001A89C] -> 0x006F
mem[X,0x000000008001A89E] -> 0x0040
[3062] [M]: 0x000000008001A89C (0x0040006F) jal zero, 0x4
mem[X,0x000000008001A8A0] -> 0xB023
mem[X,0x000000008001A8A2] -> 0x6C20
[3063] [M]: 0x000000008001A8A0 (0x6C20B023) sd sp, 0x6c0(ra)
mem[0x000000008004F898] <- 0x0000000000000003
mem[X,0x000000008001A8A4] -> 0xB537
mem[X,0x000000008001A8A6] -> 0xAAAA
[3064] [M]: 0x000000008001A8A4 (0xAAAAB537) lui a0, -0x55555
x10 <- 0xFFFFFFFFAAAAB000
mem[X,0x000000008001A8A8] -> 0x0513
mem[X,0x000000008001A8AA] -> 0xAAA5
[3065] [M]: 0x000000008001A8A8 (0xAAA50513) addi a0, a0, -0x556
x10 <- 0xFFFFFFFFAAAAAAAA
mem[X,0x000000008001A8AC] -> 0x1513
mem[X,0x000000008001A8AE] -> 0x00B5
[3066] [M]: 0x000000008001A8AC (0x00B51513) slli a0, a0, 0xb
x10 <- 0xFFFFFD5555555000
mem[X,0x000000008001A8B0] -> 0x0513
mem[X,0x000000008001A8B2] -> 0x5555
[3067] [M]: 0x000000008001A8B0 (0x55550513) addi a0, a0, 0x555
x10 <- 0xFFFFFD5555555555
mem[X,0x000000008001A8B4] -> 0x1513
mem[X,0x000000008001A8B6] -> 0x00B5
[3068] [M]: 0x000000008001A8B4 (0x00B51513) slli a0, a0, 0xb
x10 <- 0xFFEAAAAAAAAAA800
mem[X,0x000000008001A8B8] -> 0x0513
mem[X,0x000000008001A8BA] -> 0x2AA5
[3069] [M]: 0x000000008001A8B8 (0x2AA50513) addi a0, a0, 0x2aa
x10 <- 0xFFEAAAAAAAAAAAAA
mem[X,0x000000008001A8BC] -> 0x1513
mem[X,0x000000008001A8BE] -> 0x00A5
[3070] [M]: 0x000000008001A8BC (0x00A51513) slli a0, a0, 0xa
x10 <- 0xAAAAAAAAAAAAA800
mem[X,0x000000008001A8C0] -> 0x0513
mem[X,0x000000008001A8C2] -> 0x2AA5
[3071] [M]: 0x000000008001A8C0 (0x2AA50513) addi a0, a0, 0x2aa
x10 <- 0xAAAAAAAAAAAAAAAA
mem[X,0x000000008001A8C4] -> 0x05B7
mem[X,0x000000008001A8C6] -> 0x0000
[3072] [M]: 0x000000008001A8C4 (0x000005B7) lui a1, 0x0
x11 <- 0x0000000000000000
mem[X,0x000000008001A8C8] -> 0x8593
mem[X,0x000000008001A8CA] -> 0x0005
[3073] [M]: 0x000000008001A8C8 (0x00058593) addi a1, a1, 0x0
x11 <- 0x0000000000000000
mem[X,0x000000008001A8CC] -> 0x9593
mem[X,0x000000008001A8CE] -> 0x00B5
[3074] [M]: 0x000000008001A8CC (0x00B59593) slli a1, a1, 0xb
x11 <- 0x0000000000000000
mem[X,0x000000008001A8D0] -> 0x8593
mem[X,0x000000008001A8D2] -> 0x5A85
[3075] [M]: 0x000000008001A8D0 (0x5A858593) addi a1, a1, 0x5a8
x11 <- 0x00000000000005A8
mem[X,0x000000008001A8D4] -> 0x9593
mem[X,0x000000008001A8D6] -> 0x00B5
[3076] [M]: 0x000000008001A8D4 (0x00B59593) slli a1, a1, 0xb
x11 <- 0x00000000002D4000
mem[X,0x000000008001A8D8] -> 0x8593
mem[X,0x000000008001A8DA] -> 0x13C5
[3077] [M]: 0x000000008001A8D8 (0x13C58593) addi a1, a1, 0x13c
x11 <- 0x00000000002D413C
mem[X,0x000000008001A8DC] -> 0x9593
mem[X,0x000000008001A8DE] -> 0x00A5
[3078] [M]: 0x000000008001A8DC (0x00A59593) slli a1, a1, 0xa
x11 <- 0x00000000B504F000
mem[X,0x000000008001A8E0] -> 0x8593
mem[X,0x000000008001A8E2] -> 0x3335
[3079] [M]: 0x000000008001A8E0 (0x33358593) addi a1, a1, 0x333
x11 <- 0x00000000B504F333
mem[X,0x000000008001A8E4] -> 0x0113
mem[X,0x000000008001A8E6] -> 0x0000
[3080] [M]: 0x000000008001A8E4 (0x00000113) addi sp, zero, 0x0
x2 <- 0x0000000000000000
mem[X,0x000000008001A8E8] -> 0x006F
mem[X,0x000000008001A8EA] -> 0x0180
[3081] [M]: 0x000000008001A8E8 (0x0180006F) jal zero, 0x18
mem[X,0x000000008001A900] -> 0x46E3
mem[X,0x000000008001A902] -> 0xFEB5
[3082] [M]: 0x000000008001A900 (0xFEB546E3) blt a0, a1, -0x14
mem[X,0x000000008001A8EC] -> 0x0113
mem[X,0x000000008001A8EE] -> 0x0011
[3083] [M]: 0x000000008001A8EC (0x00110113) addi sp, sp, 0x1
x2 <- 0x0000000000000001
mem[X,0x000000008001A8F0] -> 0x006F
mem[X,0x000000008001A8F2] -> 0x0240
[3084] [M]: 0x000000008001A8F0 (0x0240006F) jal zero, 0x24
mem[X,0x000000008001A914] -> 0xB423
mem[X,0x000000008001A916] -> 0x6C20
[3085] [M]: 0x000000008001A914 (0x6C20B423) sd sp, 0x6c8(ra)
mem[0x000000008004F8A0] <- 0x0000000000000001
mem[X,0x000000008001A918] -> 0xB537
mem[X,0x000000008001A91A] -> 0xAAAA
[3086] [M]: 0x000000008001A918 (0xAAAAB537) lui a0, -0x55555
x10 <- 0xFFFFFFFFAAAAB000
mem[X,0x000000008001A91C] -> 0x0513
mem[X,0x000000008001A91E] -> 0xAAA5
[3087] [M]: 0x000000008001A91C (0xAAA50513) addi a0, a0, -0x556
x10 <- 0xFFFFFFFFAAAAAAAA
mem[X,0x000000008001A920] -> 0x1513
mem[X,0x000000008001A922] -> 0x00B5
[3088] [M]: 0x000000008001A920 (0x00B51513) slli a0, a0, 0xb
x10 <- 0xFFFFFD5555555000
mem[X,0x000000008001A924] -> 0x0513
mem[X,0x000000008001A926] -> 0x5555
[3089] [M]: 0x000000008001A924 (0x55550513) addi a0, a0, 0x555
x10 <- 0xFFFFFD5555555555
mem[X,0x000000008001A928] -> 0x1513
mem[X,0x000000008001A92A] -> 0x00B5
[3090] [M]: 0x000000008001A928 (0x00B51513) slli a0, a0, 0xb
x10 <- 0xFFEAAAAAAAAAA800
mem[X,0x000000008001A92C] -> 0x0513
mem[X,0x000000008001A92E] -> 0x2AA5
[3091] [M]: 0x000000008001A92C (0x2AA50513) addi a0, a0, 0x2aa
x10 <- 0xFFEAAAAAAAAAAAAA
mem[X,0x000000008001A930] -> 0x1513
mem[X,0x000000008001A932] -> 0x00A5
[3092] [M]: 0x000000008001A930 (0x00A51513) slli a0, a0, 0xa
x10 <- 0xAAAAAAAAAAAAA800
mem[X,0x000000008001A934] -> 0x0513
mem[X,0x000000008001A936] -> 0x2AA5
[3093] [M]: 0x000000008001A934 (0x2AA50513) addi a0, a0, 0x2aa
x10 <- 0xAAAAAAAAAAAAAAAA
mem[X,0x000000008001A938] -> 0x0593
mem[X,0x000000008001A93A] -> 0x0020
[3094] [M]: 0x000000008001A938 (0x00200593) addi a1, zero, 0x2
x11 <- 0x0000000000000002
mem[X,0x000000008001A93C] -> 0x0113
mem[X,0x000000008001A93E] -> 0x0000
[3095] [M]: 0x000000008001A93C (0x00000113) addi sp, zero, 0x0
x2 <- 0x0000000000000000
mem[X,0x000000008001A940] -> 0x006F
mem[X,0x000000008001A942] -> 0x0140
[3096] [M]: 0x000000008001A940 (0x0140006F) jal zero, 0x14
mem[X,0x000000008001A954] -> 0x48E3
mem[X,0x000000008001A956] -> 0xFEB5
[3097] [M]: 0x000000008001A954 (0xFEB548E3) blt a0, a1, -0x10
mem[X,0x000000008001A944] -> 0x0113
mem[X,0x000000008001A946] -> 0x0011
[3098] [M]: 0x000000008001A944 (0x00110113) addi sp, sp, 0x1
x2 <- 0x0000000000000001
mem[X,0x000000008001A948] -> 0x006F
mem[X,0x000000008001A94A] -> 0x0200
[3099] [M]: 0x000000008001A948 (0x0200006F) jal zero, 0x20
clint::tick mtime <- 0x000000000000001F
 clint timer pending at mtime 0x000000000000001F
htif::tick 0x0000000000000000
mem[X,0x000000008001A968] -> 0xB823
mem[X,0x000000008001A96A] -> 0x6C20
[3100] [M]: 0x000000008001A968 (0x6C20B823) sd sp, 0x6d0(ra)
mem[0x000000008004F8A8] <- 0x0000000000000001
mem[X,0x000000008001A96C] -> 0xB537
mem[X,0x000000008001A96E] -> 0xAAAA
[3101] [M]: 0x000000008001A96C (0xAAAAB537) lui a0, -0x55555
x10 <- 0xFFFFFFFFAAAAB000
mem[X,0x000000008001A970] -> 0x0513
mem[X,0x000000008001A972] -> 0xAAA5
[3102] [M]: 0x000000008001A970 (0xAAA50513) addi a0, a0, -0x556
x10 <- 0xFFFFFFFFAAAAAAAA
mem[X,0x000000008001A974] -> 0x1513
mem[X,0x000000008001A976] -> 0x00B5
[3103] [M]: 0x000000008001A974 (0x00B51513) slli a0, a0, 0xb
x10 <- 0xFFFFFD5555555000
mem[X,0x000000008001A978] -> 0x0513
mem[X,0x000000008001A97A] -> 0x5555
[3104] [M]: 0x000000008001A978 (0x55550513) addi a0, a0, 0x555
x10 <- 0xFFFFFD5555555555
mem[X,0x000000008001A97C] -> 0x1513
mem[X,0x000000008001A97E] -> 0x00B5
[3105] [M]: 0x000000008001A97C (0x00B51513) slli a0, a0, 0xb
x10 <- 0xFFEAAAAAAAAAA800
mem[X,0x000000008001A980] -> 0x0513
mem[X,0x000000008001A982] -> 0x2AA5
[3106] [M]: 0x000000008001A980 (0x2AA50513) addi a0, a0, 0x2aa
x10 <- 0xFFEAAAAAAAAAAAAA
mem[X,0x000000008001A984] -> 0x1513
mem[X,0x000000008001A986] -> 0x00A5
[3107] [M]: 0x000000008001A984 (0x00A51513) slli a0, a0, 0xa
x10 <- 0xAAAAAAAAAAAAA800
mem[X,0x000000008001A988] -> 0x0513
mem[X,0x000000008001A98A] -> 0x2AA5
[3108] [M]: 0x000000008001A988 (0x2AA50513) addi a0, a0, 0x2aa
x10 <- 0xAAAAAAAAAAAAAAAA
mem[X,0x000000008001A98C] -> 0x55B7
mem[X,0x000000008001A98E] -> 0x5555
[3109] [M]: 0x000000008001A98C (0x555555B7) lui a1, 0x55555
x11 <- 0x0000000055555000
mem[X,0x000000008001A990] -> 0x8593
mem[X,0x000000008001A992] -> 0x5555
[3110] [M]: 0x000000008001A990 (0x55558593) addi a1, a1, 0x555
x11 <- 0x0000000055555555
mem[X,0x000000008001A994] -> 0x9593
mem[X,0x000000008001A996] -> 0x00B5
[3111] [M]: 0x000000008001A994 (0x00B59593) slli a1, a1, 0xb
x11 <- 0x000002AAAAAAA800
mem[X,0x000000008001A998] -> 0x8593
mem[X,0x000000008001A99A] -> 0x2AA5
[3112] [M]: 0x000000008001A998 (0x2AA58593) addi a1, a1, 0x2aa
x11 <- 0x000002AAAAAAAAAA
mem[X,0x000000008001A99C] -> 0x9593
mem[X,0x000000008001A99E] -> 0x00B5
[3113] [M]: 0x000000008001A99C (0x00B59593) slli a1, a1, 0xb
x11 <- 0x0015555555555000
mem[X,0x000000008001A9A0] -> 0x8593
mem[X,0x000000008001A9A2] -> 0x5555
[3114] [M]: 0x000000008001A9A0 (0x55558593) addi a1, a1, 0x555
x11 <- 0x0015555555555555
mem[X,0x000000008001A9A4] -> 0x9593
mem[X,0x000000008001A9A6] -> 0x00A5
[3115] [M]: 0x000000008001A9A4 (0x00A59593) slli a1, a1, 0xa
x11 <- 0x5555555555555400
mem[X,0x000000008001A9A8] -> 0x8593
mem[X,0x000000008001A9AA] -> 0x1545
[3116] [M]: 0x000000008001A9A8 (0x15458593) addi a1, a1, 0x154
x11 <- 0x5555555555555554
mem[X,0x000000008001A9AC] -> 0x0113
mem[X,0x000000008001A9AE] -> 0x0000
[3117] [M]: 0x000000008001A9AC (0x00000113) addi sp, zero, 0x0
x2 <- 0x0000000000000000
mem[X,0x000000008001A9B0] -> 0x006F
mem[X,0x000000008001A9B2] -> 0x2B10
[3118] [M]: 0x000000008001A9B0 (0x2B10006F) jal zero, 0xab0
mem[X,0x000000008001B460] -> 0x4A63
mem[X,0x000000008001B462] -> 0xD4B5
[3119] [M]: 0x000000008001B460 (0xD4B54A63) blt a0, a1, -0xaac
mem[X,0x000000008001A9B4] -> 0x0113
mem[X,0x000000008001A9B6] -> 0x0011
[3120] [M]: 0x000000008001A9B4 (0x00110113) addi sp, sp, 0x1
x2 <- 0x0000000000000001
mem[X,0x000000008001A9B8] -> 0x006F
mem[X,0x000000008001A9BA] -> 0x2BD0
[3121] [M]: 0x000000008001A9B8 (0x2BD0006F) jal zero, 0xabc
mem[X,0x000000008001B474] -> 0xBC23
mem[X,0x000000008001B476] -> 0x6C20
[3122] [M]: 0x000000008001B474 (0x6C20BC23) sd sp, 0x6d8(ra)
mem[0x000000008004F8B0] <- 0x0000000000000001
mem[X,0x000000008001B478] -> 0xB537
mem[X,0x000000008001B47A] -> 0xAAAA
[3123] [M]: 0x000000008001B478 (0xAAAAB537) lui a0, -0x55555
x10 <- 0xFFFFFFFFAAAAB000
mem[X,0x000000008001B47C] -> 0x0513
mem[X,0x000000008001B47E] -> 0xAAA5
[3124] [M]: 0x000000008001B47C (0xAAA50513) addi a0, a0, -0x556
x10 <- 0xFFFFFFFFAAAAAAAA
mem[X,0x000000008001B480] -> 0x1513
mem[X,0x000000008001B482] -> 0x00B5
[3125] [M]: 0x000000008001B480 (0x00B51513) slli a0, a0, 0xb
x10 <- 0xFFFFFD5555555000
mem[X,0x000000008001B484] -> 0x0513
mem[X,0x000000008001B486] -> 0x5555
[3126] [M]: 0x000000008001B484 (0x55550513) addi a0, a0, 0x555
x10 <- 0xFFFFFD5555555555
mem[X,0x000000008001B488] -> 0x1513
mem[X,0x000000008001B48A] -> 0x00B5
[3127] [M]: 0x000000008001B488 (0x00B51513) slli a0, a0, 0xb
x10 <- 0xFFEAAAAAAAAAA800
mem[X,0x000000008001B48C] -> 0x0513
mem[X,0x000000008001B48E] -> 0x2AA5
[3128] [M]: 0x000000008001B48C (0x2AA50513) addi a0, a0, 0x2aa
x10 <- 0xFFEAAAAAAAAAAAAA
mem[X,0x000000008001B490] -> 0x1513
mem[X,0x000000008001B492] -> 0x00A5
[3129] [M]: 0x000000008001B490 (0x00A51513) slli a0, a0, 0xa
x10 <- 0xAAAAAAAAAAAAA800
mem[X,0x000000008001B494] -> 0x0513
mem[X,0x000000008001B496] -> 0x2AA5
[3130] [M]: 0x000000008001B494 (0x2AA50513) addi a0, a0, 0x2aa
x10 <- 0xAAAAAAAAAAAAAAAA
mem[X,0x000000008001B498] -> 0x0593
mem[X,0x000000008001B49A] -> 0x0000
[3131] [M]: 0x000000008001B498 (0x00000593) addi a1, zero, 0x0
x11 <- 0x0000000000000000
mem[X,0x000000008001B49C] -> 0x0113
mem[X,0x000000008001B49E] -> 0x0000
[3132] [M]: 0x000000008001B49C (0x00000113) addi sp, zero, 0x0
x2 <- 0x0000000000000000
mem[X,0x000000008001B4A0] -> 0x006F
mem[X,0x000000008001B4A2] -> 0x00C0
[3133] [M]: 0x000000008001B4A0 (0x00C0006F) jal zero, 0xc
mem[X,0x000000008001B4AC] -> 0x4863
mem[X,0x000000008001B4AE] -> 0x00B5
[3134] [M]: 0x000000008001B4AC (0x00B54863) blt a0, a1, 0x10
mem[X,0x000000008001B4BC] -> 0x0113
mem[X,0x000000008001B4BE] -> 0x0031
[3135] [M]: 0x000000008001B4BC (0x00310113) addi sp, sp, 0x3
x2 <- 0x0000000000000003
mem[X,0x000000008001B4C0] -> 0x006F
mem[X,0x000000008001B4C2] -> 0x0040
[3136] [M]: 0x000000008001B4C0 (0x0040006F) jal zero, 0x4
mem[X,0x000000008001B4C4] -> 0xB023
mem[X,0x000000008001B4C6] -> 0x6E20
[3137] [M]: 0x000000008001B4C4 (0x6E20B023) sd sp, 0x6e0(ra)
mem[0x000000008004F8B8] <- 0x0000000000000003
mem[X,0x000000008001B4C8] -> 0xB537
mem[X,0x000000008001B4CA] -> 0xAAAA
[3138] [M]: 0x000000008001B4C8 (0xAAAAB537) lui a0, -0x55555
x10 <- 0xFFFFFFFFAAAAB000
mem[X,0x000000008001B4CC] -> 0x0513
mem[X,0x000000008001B4CE] -> 0xAAA5
[3139] [M]: 0x000000008001B4CC (0xAAA50513) addi a0, a0, -0x556
x10 <- 0xFFFFFFFFAAAAAAAA
mem[X,0x000000008001B4D0] -> 0x1513
mem[X,0x000000008001B4D2] -> 0x00B5
[3140] [M]: 0x000000008001B4D0 (0x00B51513) slli a0, a0, 0xb
x10 <- 0xFFFFFD5555555000
mem[X,0x000000008001B4D4] -> 0x0513
mem[X,0x000000008001B4D6] -> 0x5555
[3141] [M]: 0x000000008001B4D4 (0x55550513) addi a0, a0, 0x555
x10 <- 0xFFFFFD5555555555
mem[X,0x000000008001B4D8] -> 0x1513
mem[X,0x000000008001B4DA] -> 0x00B5
[3142] [M]: 0x000000008001B4D8 (0x00B51513) slli a0, a0, 0xb
x10 <- 0xFFEAAAAAAAAAA800
mem[X,0x000000008001B4DC] -> 0x0513
mem[X,0x000000008001B4DE] -> 0x2AA5
[3143] [M]: 0x000000008001B4DC (0x2AA50513) addi a0, a0, 0x2aa
x10 <- 0xFFEAAAAAAAAAAAAA
mem[X,0x000000008001B4E0] -> 0x1513
mem[X,0x000000008001B4E2] -> 0x00A5
[3144] [M]: 0x000000008001B4E0 (0x00A51513) slli a0, a0, 0xa
x10 <- 0xAAAAAAAAAAAAA800
mem[X,0x000000008001B4E4] -> 0x0513
mem[X,0x000000008001B4E6] -> 0x2AA5
[3145] [M]: 0x000000008001B4E4 (0x2AA50513) addi a0, a0, 0x2aa
x10 <- 0xAAAAAAAAAAAAAAAA
mem[X,0x000000008001B4E8] -> 0x0593
mem[X,0x000000008001B4EA] -> 0x0040
[3146] [M]: 0x000000008001B4E8 (0x00400593) addi a1, zero, 0x4
x11 <- 0x0000000000000004
mem[X,0x000000008001B4EC] -> 0x0113
mem[X,0x000000008001B4EE] -> 0x0000
[3147] [M]: 0x000000008001B4EC (0x00000113) addi sp, zero, 0x0
x2 <- 0x0000000000000000
mem[X,0x000000008001B4F0] -> 0x006F
mem[X,0x000000008001B4F2] -> 0x2B10
[3148] [M]: 0x000000008001B4F0 (0x2B10006F) jal zero, 0xab0
mem[X,0x000000008001BFA0] -> 0x4A63
mem[X,0x000000008001BFA2] -> 0xD4B5
[3149] [M]: 0x000000008001BFA0 (0xD4B54A63) blt a0, a1, -0xaac
mem[X,0x000000008001B4F4] -> 0x0113
mem[X,0x000000008001B4F6] -> 0x0011
[3150] [M]: 0x000000008001B4F4 (0x00110113) addi sp, sp, 0x1
x2 <- 0x0000000000000001
mem[X,0x000000008001B4F8] -> 0x006F
mem[X,0x000000008001B4FA] -> 0x2BD0
[3151] [M]: 0x000000008001B4F8 (0x2BD0006F) jal zero, 0xabc
mem[X,0x000000008001BFB4] -> 0xB423
mem[X,0x000000008001BFB6] -> 0x6E20
[3152] [M]: 0x000000008001BFB4 (0x6E20B423) sd sp, 0x6e8(ra)
mem[0x000000008004F8C0] <- 0x0000000000000001
mem[X,0x000000008001BFB8] -> 0xB537
mem[X,0x000000008001BFBA] -> 0xAAAA
[3153] [M]: 0x000000008001BFB8 (0xAAAAB537) lui a0, -0x55555
x10 <- 0xFFFFFFFFAAAAB000
mem[X,0x000000008001BFBC] -> 0x0513
mem[X,0x000000008001BFBE] -> 0xAAA5
[3154] [M]: 0x000000008001BFBC (0xAAA50513) addi a0, a0, -0x556
x10 <- 0xFFFFFFFFAAAAAAAA
mem[X,0x000000008001BFC0] -> 0x1513
mem[X,0x000000008001BFC2] -> 0x00B5
[3155] [M]: 0x000000008001BFC0 (0x00B51513) slli a0, a0, 0xb
x10 <- 0xFFFFFD5555555000
mem[X,0x000000008001BFC4] -> 0x0513
mem[X,0x000000008001BFC6] -> 0x5555
[3156] [M]: 0x000000008001BFC4 (0x55550513) addi a0, a0, 0x555
x10 <- 0xFFFFFD5555555555
mem[X,0x000000008001BFC8] -> 0x1513
mem[X,0x000000008001BFCA] -> 0x00B5
[3157] [M]: 0x000000008001BFC8 (0x00B51513) slli a0, a0, 0xb
x10 <- 0xFFEAAAAAAAAAA800
mem[X,0x000000008001BFCC] -> 0x0513
mem[X,0x000000008001BFCE] -> 0x2AA5
[3158] [M]: 0x000000008001BFCC (0x2AA50513) addi a0, a0, 0x2aa
x10 <- 0xFFEAAAAAAAAAAAAA
mem[X,0x000000008001BFD0] -> 0x1513
mem[X,0x000000008001BFD2] -> 0x00A5
[3159] [M]: 0x000000008001BFD0 (0x00A51513) slli a0, a0, 0xa
x10 <- 0xAAAAAAAAAAAAA800
mem[X,0x000000008001BFD4] -> 0x0513
mem[X,0x000000008001BFD6] -> 0x2AA5
[3160] [M]: 0x000000008001BFD4 (0x2AA50513) addi a0, a0, 0x2aa
x10 <- 0xAAAAAAAAAAAAAAAA
mem[X,0x000000008001BFD8] -> 0x35B7
mem[X,0x000000008001BFDA] -> 0x3333
[3161] [M]: 0x000000008001BFD8 (0x333335B7) lui a1, 0x33333
x11 <- 0x0000000033333000
mem[X,0x000000008001BFDC] -> 0x8593
mem[X,0x000000008001BFDE] -> 0x3335
[3162] [M]: 0x000000008001BFDC (0x33358593) addi a1, a1, 0x333
x11 <- 0x0000000033333333
mem[X,0x000000008001BFE0] -> 0x9593
mem[X,0x000000008001BFE2] -> 0x00B5
[3163] [M]: 0x000000008001BFE0 (0x00B59593) slli a1, a1, 0xb
x11 <- 0x0000019999999800
mem[X,0x000000008001BFE4] -> 0x8593
mem[X,0x000000008001BFE6] -> 0x1995
[3164] [M]: 0x000000008001BFE4 (0x19958593) addi a1, a1, 0x199
x11 <- 0x0000019999999999
mem[X,0x000000008001BFE8] -> 0x9593
mem[X,0x000000008001BFEA] -> 0x00B5
[3165] [M]: 0x000000008001BFE8 (0x00B59593) slli a1, a1, 0xb
x11 <- 0x000CCCCCCCCCC800
mem[X,0x000000008001BFEC] -> 0x8593
mem[X,0x000000008001BFEE] -> 0x4CC5
[3166] [M]: 0x000000008001BFEC (0x4CC58593) addi a1, a1, 0x4cc
x11 <- 0x000CCCCCCCCCCCCC
mem[X,0x000000008001BFF0] -> 0x9593
mem[X,0x000000008001BFF2] -> 0x00A5
[3167] [M]: 0x000000008001BFF0 (0x00A59593) slli a1, a1, 0xa
x11 <- 0x3333333333333000
mem[X,0x000000008001BFF4] -> 0x8593
mem[X,0x000000008001BFF6] -> 0x3325
[3168] [M]: 0x000000008001BFF4 (0x33258593) addi a1, a1, 0x332
x11 <- 0x3333333333333332
mem[X,0x000000008001BFF8] -> 0x0113
mem[X,0x000000008001BFFA] -> 0x0000
[3169] [M]: 0x000000008001BFF8 (0x00000113) addi sp, zero, 0x0
x2 <- 0x0000000000000000
mem[X,0x000000008001BFFC] -> 0x006F
mem[X,0x000000008001BFFE] -> 0x00C0
[3170] [M]: 0x000000008001BFFC (0x00C0006F) jal zero, 0xc
mem[X,0x000000008001C008] -> 0x4063
mem[X,0x000000008001C00A] -> 0x08B5
[3171] [M]: 0x000000008001C008 (0x08B54063) blt a0, a1, 0x80
mem[X,0x000000008001C088] -> 0x0113
mem[X,0x000000008001C08A] -> 0x0031
[3172] [M]: 0x000000008001C088 (0x00310113) addi sp, sp, 0x3
x2 <- 0x0000000000000003
mem[X,0x000000008001C08C] -> 0x006F
mem[X,0x000000008001C08E] -> 0x0040
[3173] [M]: 0x000000008001C08C (0x0040006F) jal zero, 0x4
mem[X,0x000000008001C090] -> 0xB823
mem[X,0x000000008001C092] -> 0x6E20
[3174] [M]: 0x000000008001C090 (0x6E20B823) sd sp, 0x6f0(ra)
mem[0x000000008004F8C8] <- 0x0000000000000003
mem[X,0x000000008001C094] -> 0xB537
mem[X,0x000000008001C096] -> 0xAAAA
[3175] [M]: 0x000000008001C094 (0xAAAAB537) lui a0, -0x55555
x10 <- 0xFFFFFFFFAAAAB000
mem[X,0x000000008001C098] -> 0x0513
mem[X,0x000000008001C09A] -> 0xAAA5
[3176] [M]: 0x000000008001C098 (0xAAA50513) addi a0, a0, -0x556
x10 <- 0xFFFFFFFFAAAAAAAA
mem[X,0x000000008001C09C] -> 0x1513
mem[X,0x000000008001C09E] -> 0x00B5
[3177] [M]: 0x000000008001C09C (0x00B51513) slli a0, a0, 0xb
x10 <- 0xFFFFFD5555555000
mem[X,0x000000008001C0A0] -> 0x0513
mem[X,0x000000008001C0A2] -> 0x5555
[3178] [M]: 0x000000008001C0A0 (0x55550513) addi a0, a0, 0x555
x10 <- 0xFFFFFD5555555555
mem[X,0x000000008001C0A4] -> 0x1513
mem[X,0x000000008001C0A6] -> 0x00B5
[3179] [M]: 0x000000008001C0A4 (0x00B51513) slli a0, a0, 0xb
x10 <- 0xFFEAAAAAAAAAA800
mem[X,0x000000008001C0A8] -> 0x0513
mem[X,0x000000008001C0AA] -> 0x2AA5
[3180] [M]: 0x000000008001C0A8 (0x2AA50513) addi a0, a0, 0x2aa
x10 <- 0xFFEAAAAAAAAAAAAA
mem[X,0x000000008001C0AC] -> 0x1513
mem[X,0x000000008001C0AE] -> 0x00A5
[3181] [M]: 0x000000008001C0AC (0x00A51513) slli a0, a0, 0xa
x10 <- 0xAAAAAAAAAAAAA800
mem[X,0x000000008001C0B0] -> 0x0513
mem[X,0x000000008001C0B2] -> 0x2AA5
[3182] [M]: 0x000000008001C0B0 (0x2AA50513) addi a0, a0, 0x2aa
x10 <- 0xAAAAAAAAAAAAAAAA
mem[X,0x000000008001C0B4] -> 0x65B7
mem[X,0x000000008001C0B6] -> 0x6666
[3183] [M]: 0x000000008001C0B4 (0x666665B7) lui a1, 0x66666
x11 <- 0x0000000066666000
mem[X,0x000000008001C0B8] -> 0x8593
mem[X,0x000000008001C0BA] -> 0x6665
[3184] [M]: 0x000000008001C0B8 (0x66658593) addi a1, a1, 0x666
x11 <- 0x0000000066666666
mem[X,0x000000008001C0BC] -> 0x9593
mem[X,0x000000008001C0BE] -> 0x00B5
[3185] [M]: 0x000000008001C0BC (0x00B59593) slli a1, a1, 0xb
x11 <- 0x0000033333333000
mem[X,0x000000008001C0C0] -> 0x8593
mem[X,0x000000008001C0C2] -> 0x3335
[3186] [M]: 0x000000008001C0C0 (0x33358593) addi a1, a1, 0x333
x11 <- 0x0000033333333333
mem[X,0x000000008001C0C4] -> 0x9593
mem[X,0x000000008001C0C6] -> 0x00B5
[3187] [M]: 0x000000008001C0C4 (0x00B59593) slli a1, a1, 0xb
x11 <- 0x0019999999999800
mem[X,0x000000008001C0C8] -> 0x8593
mem[X,0x000000008001C0CA] -> 0x1995
[3188] [M]: 0x000000008001C0C8 (0x19958593) addi a1, a1, 0x199
x11 <- 0x0019999999999999
mem[X,0x000000008001C0CC] -> 0x9593
mem[X,0x000000008001C0CE] -> 0x00A5
[3189] [M]: 0x000000008001C0CC (0x00A59593) slli a1, a1, 0xa
x11 <- 0x6666666666666400
mem[X,0x000000008001C0D0] -> 0x8593
mem[X,0x000000008001C0D2] -> 0x2655
[3190] [M]: 0x000000008001C0D0 (0x26558593) addi a1, a1, 0x265
x11 <- 0x6666666666666665
mem[X,0x000000008001C0D4] -> 0x0113
mem[X,0x000000008001C0D6] -> 0x0000
[3191] [M]: 0x000000008001C0D4 (0x00000113) addi sp, zero, 0x0
x2 <- 0x0000000000000000
mem[X,0x000000008001C0D8] -> 0x006F
mem[X,0x000000008001C0DA] -> 0x00C0
[3192] [M]: 0x000000008001C0D8 (0x00C0006F) jal zero, 0xc
mem[X,0x000000008001C0E4] -> 0x4CE3
mem[X,0x000000008001C0E6] -> 0xFEB5
[3193] [M]: 0x000000008001C0E4 (0xFEB54CE3) blt a0, a1, -0x8
mem[X,0x000000008001C0DC] -> 0x0113
mem[X,0x000000008001C0DE] -> 0x0011
[3194] [M]: 0x000000008001C0DC (0x00110113) addi sp, sp, 0x1
x2 <- 0x0000000000000001
mem[X,0x000000008001C0E0] -> 0x006F
mem[X,0x000000008001C0E2] -> 0x0180
[3195] [M]: 0x000000008001C0E0 (0x0180006F) jal zero, 0x18
mem[X,0x000000008001C0F8] -> 0xBC23
mem[X,0x000000008001C0FA] -> 0x6E20
[3196] [M]: 0x000000008001C0F8 (0x6E20BC23) sd sp, 0x6f8(ra)
mem[0x000000008004F8D0] <- 0x0000000000000001
mem[X,0x000000008001C0FC] -> 0xB537
mem[X,0x000000008001C0FE] -> 0xAAAA
[3197] [M]: 0x000000008001C0FC (0xAAAAB537) lui a0, -0x55555
x10 <- 0xFFFFFFFFAAAAB000
mem[X,0x000000008001C100] -> 0x0513
mem[X,0x000000008001C102] -> 0xAAA5
[3198] [M]: 0x000000008001C100 (0xAAA50513) addi a0, a0, -0x556
x10 <- 0xFFFFFFFFAAAAAAAA
mem[X,0x000000008001C104] -> 0x1513
mem[X,0x000000008001C106] -> 0x00B5
[3199] [M]: 0x000000008001C104 (0x00B51513) slli a0, a0, 0xb
x10 <- 0xFFFFFD5555555000
clint::tick mtime <- 0x0000000000000020
 clint timer pending at mtime 0x0000000000000020
htif::tick 0x0000000000000000
mem[X,0x000000008001C108] -> 0x0513
mem[X,0x000000008001C10A] -> 0x5555
[3200] [M]: 0x000000008001C108 (0x55550513) addi a0, a0, 0x555
x10 <- 0xFFFFFD5555555555
mem[X,0x000000008001C10C] -> 0x1513
mem[X,0x000000008001C10E] -> 0x00B5
[3201] [M]: 0x000000008001C10C (0x00B51513) slli a0, a0, 0xb
x10 <- 0xFFEAAAAAAAAAA800
mem[X,0x000000008001C110] -> 0x0513
mem[X,0x000000008001C112] -> 0x2AA5
[3202] [M]: 0x000000008001C110 (0x2AA50513) addi a0, a0, 0x2aa
x10 <- 0xFFEAAAAAAAAAAAAA
mem[X,0x000000008001C114] -> 0x1513
mem[X,0x000000008001C116] -> 0x00A5
[3203] [M]: 0x000000008001C114 (0x00A51513) slli a0, a0, 0xa
x10 <- 0xAAAAAAAAAAAAA800
mem[X,0x000000008001C118] -> 0x0513
mem[X,0x000000008001C11A] -> 0x2AA5
[3204] [M]: 0x000000008001C118 (0x2AA50513) addi a0, a0, 0x2aa
x10 <- 0xAAAAAAAAAAAAAAAA
mem[X,0x000000008001C11C] -> 0x05B7
mem[X,0x000000008001C11E] -> 0x0000
[3205] [M]: 0x000000008001C11C (0x000005B7) lui a1, 0x0
x11 <- 0x0000000000000000
mem[X,0x000000008001C120] -> 0x8593
mem[X,0x000000008001C122] -> 0x0005
[3206] [M]: 0x000000008001C120 (0x00058593) addi a1, a1, 0x0
x11 <- 0x0000000000000000
mem[X,0x000000008001C124] -> 0x9593
mem[X,0x000000008001C126] -> 0x00B5
[3207] [M]: 0x000000008001C124 (0x00B59593) slli a1, a1, 0xb
x11 <- 0x0000000000000000
mem[X,0x000000008001C128] -> 0x8593
mem[X,0x000000008001C12A] -> 0x5A85
[3208] [M]: 0x000000008001C128 (0x5A858593) addi a1, a1, 0x5a8
x11 <- 0x00000000000005A8
mem[X,0x000000008001C12C] -> 0x9593
mem[X,0x000000008001C12E] -> 0x00B5
[3209] [M]: 0x000000008001C12C (0x00B59593) slli a1, a1, 0xb
x11 <- 0x00000000002D4000
mem[X,0x000000008001C130] -> 0x8593
mem[X,0x000000008001C132] -> 0x13C5
[3210] [M]: 0x000000008001C130 (0x13C58593) addi a1, a1, 0x13c
x11 <- 0x00000000002D413C
mem[X,0x000000008001C134] -> 0x9593
mem[X,0x000000008001C136] -> 0x00A5
[3211] [M]: 0x000000008001C134 (0x00A59593) slli a1, a1, 0xa
x11 <- 0x00000000B504F000
mem[X,0x000000008001C138] -> 0x8593
mem[X,0x000000008001C13A] -> 0x3325
[3212] [M]: 0x000000008001C138 (0x33258593) addi a1, a1, 0x332
x11 <- 0x00000000B504F332
mem[X,0x000000008001C13C] -> 0x0113
mem[X,0x000000008001C13E] -> 0x0000
[3213] [M]: 0x000000008001C13C (0x00000113) addi sp, zero, 0x0
x2 <- 0x0000000000000000
mem[X,0x000000008001C140] -> 0x006F
mem[X,0x000000008001C142] -> 0x00C0
[3214] [M]: 0x000000008001C140 (0x00C0006F) jal zero, 0xc
mem[X,0x000000008001C14C] -> 0x4863
mem[X,0x000000008001C14E] -> 0x00B5
[3215] [M]: 0x000000008001C14C (0x00B54863) blt a0, a1, 0x10
mem[X,0x000000008001C15C] -> 0x0113
mem[X,0x000000008001C15E] -> 0x0031
[3216] [M]: 0x000000008001C15C (0x00310113) addi sp, sp, 0x3
x2 <- 0x0000000000000003
mem[X,0x000000008001C160] -> 0x006F
mem[X,0x000000008001C162] -> 0x0040
[3217] [M]: 0x000000008001C160 (0x0040006F) jal zero, 0x4
mem[X,0x000000008001C164] -> 0xB023
mem[X,0x000000008001C166] -> 0x7020
[3218] [M]: 0x000000008001C164 (0x7020B023) sd sp, 0x700(ra)
mem[0x000000008004F8D8] <- 0x0000000000000003
mem[X,0x000000008001C168] -> 0xB537
mem[X,0x000000008001C16A] -> 0xAAAA
[3219] [M]: 0x000000008001C168 (0xAAAAB537) lui a0, -0x55555
x10 <- 0xFFFFFFFFAAAAB000
mem[X,0x000000008001C16C] -> 0x0513
mem[X,0x000000008001C16E] -> 0xAAA5
[3220] [M]: 0x000000008001C16C (0xAAA50513) addi a0, a0, -0x556
x10 <- 0xFFFFFFFFAAAAAAAA
mem[X,0x000000008001C170] -> 0x1513
mem[X,0x000000008001C172] -> 0x00B5
[3221] [M]: 0x000000008001C170 (0x00B51513) slli a0, a0, 0xb
x10 <- 0xFFFFFD5555555000
mem[X,0x000000008001C174] -> 0x0513
mem[X,0x000000008001C176] -> 0x5555
[3222] [M]: 0x000000008001C174 (0x55550513) addi a0, a0, 0x555
x10 <- 0xFFFFFD5555555555
mem[X,0x000000008001C178] -> 0x1513
mem[X,0x000000008001C17A] -> 0x00B5
[3223] [M]: 0x000000008001C178 (0x00B51513) slli a0, a0, 0xb
x10 <- 0xFFEAAAAAAAAAA800
mem[X,0x000000008001C17C] -> 0x0513
mem[X,0x000000008001C17E] -> 0x2AA5
[3224] [M]: 0x000000008001C17C (0x2AA50513) addi a0, a0, 0x2aa
x10 <- 0xFFEAAAAAAAAAAAAA
mem[X,0x000000008001C180] -> 0x1513
mem[X,0x000000008001C182] -> 0x00A5
[3225] [M]: 0x000000008001C180 (0x00A51513) slli a0, a0, 0xa
x10 <- 0xAAAAAAAAAAAAA800
mem[X,0x000000008001C184] -> 0x0513
mem[X,0x000000008001C186] -> 0x2AA5
[3226] [M]: 0x000000008001C184 (0x2AA50513) addi a0, a0, 0x2aa
x10 <- 0xAAAAAAAAAAAAAAAA
mem[X,0x000000008001C188] -> 0x55B7
mem[X,0x000000008001C18A] -> 0x5555
[3227] [M]: 0x000000008001C188 (0x555555B7) lui a1, 0x55555
x11 <- 0x0000000055555000
mem[X,0x000000008001C18C] -> 0x8593
mem[X,0x000000008001C18E] -> 0x5555
[3228] [M]: 0x000000008001C18C (0x55558593) addi a1, a1, 0x555
x11 <- 0x0000000055555555
mem[X,0x000000008001C190] -> 0x9593
mem[X,0x000000008001C192] -> 0x00B5
[3229] [M]: 0x000000008001C190 (0x00B59593) slli a1, a1, 0xb
x11 <- 0x000002AAAAAAA800
mem[X,0x000000008001C194] -> 0x8593
mem[X,0x000000008001C196] -> 0x2AA5
[3230] [M]: 0x000000008001C194 (0x2AA58593) addi a1, a1, 0x2aa
x11 <- 0x000002AAAAAAAAAA
mem[X,0x000000008001C198] -> 0x9593
mem[X,0x000000008001C19A] -> 0x00B5
[3231] [M]: 0x000000008001C198 (0x00B59593) slli a1, a1, 0xb
x11 <- 0x0015555555555000
mem[X,0x000000008001C19C] -> 0x8593
mem[X,0x000000008001C19E] -> 0x5555
[3232] [M]: 0x000000008001C19C (0x55558593) addi a1, a1, 0x555
x11 <- 0x0015555555555555
mem[X,0x000000008001C1A0] -> 0x9593
mem[X,0x000000008001C1A2] -> 0x00A5
[3233] [M]: 0x000000008001C1A0 (0x00A59593) slli a1, a1, 0xa
x11 <- 0x5555555555555400
mem[X,0x000000008001C1A4] -> 0x8593
mem[X,0x000000008001C1A6] -> 0x1565
[3234] [M]: 0x000000008001C1A4 (0x15658593) addi a1, a1, 0x156
x11 <- 0x5555555555555556
mem[X,0x000000008001C1A8] -> 0x0113
mem[X,0x000000008001C1AA] -> 0x0000
[3235] [M]: 0x000000008001C1A8 (0x00000113) addi sp, zero, 0x0
x2 <- 0x0000000000000000
mem[X,0x000000008001C1AC] -> 0x006F
mem[X,0x000000008001C1AE] -> 0x0050
[3236] [M]: 0x000000008001C1AC (0x0050006F) jal zero, 0x804
mem[X,0x000000008001C9B0] -> 0x40E3
mem[X,0x000000008001C9B2] -> 0x80B5
[3237] [M]: 0x000000008001C9B0 (0x80B540E3) blt a0, a1, -0x800
mem[X,0x000000008001C1B0] -> 0x0113
mem[X,0x000000008001C1B2] -> 0x0011
[3238] [M]: 0x000000008001C1B0 (0x00110113) addi sp, sp, 0x1
x2 <- 0x0000000000000001
mem[X,0x000000008001C1B4] -> 0x006F
mem[X,0x000000008001C1B6] -> 0x0110
[3239] [M]: 0x000000008001C1B4 (0x0110006F) jal zero, 0x810
mem[X,0x000000008001C9C4] -> 0xB423
mem[X,0x000000008001C9C6] -> 0x7020
[3240] [M]: 0x000000008001C9C4 (0x7020B423) sd sp, 0x708(ra)
mem[0x000000008004F8E0] <- 0x0000000000000001
mem[X,0x000000008001C9C8] -> 0xB537
mem[X,0x000000008001C9CA] -> 0xAAAA
[3241] [M]: 0x000000008001C9C8 (0xAAAAB537) lui a0, -0x55555
x10 <- 0xFFFFFFFFAAAAB000
mem[X,0x000000008001C9CC] -> 0x0513
mem[X,0x000000008001C9CE] -> 0xAAA5
[3242] [M]: 0x000000008001C9CC (0xAAA50513) addi a0, a0, -0x556
x10 <- 0xFFFFFFFFAAAAAAAA
mem[X,0x000000008001C9D0] -> 0x1513
mem[X,0x000000008001C9D2] -> 0x00B5
[3243] [M]: 0x000000008001C9D0 (0x00B51513) slli a0, a0, 0xb
x10 <- 0xFFFFFD5555555000
mem[X,0x000000008001C9D4] -> 0x0513
mem[X,0x000000008001C9D6] -> 0x5555
[3244] [M]: 0x000000008001C9D4 (0x55550513) addi a0, a0, 0x555
x10 <- 0xFFFFFD5555555555
mem[X,0x000000008001C9D8] -> 0x1513
mem[X,0x000000008001C9DA] -> 0x00B5
[3245] [M]: 0x000000008001C9D8 (0x00B51513) slli a0, a0, 0xb
x10 <- 0xFFEAAAAAAAAAA800
mem[X,0x000000008001C9DC] -> 0x0513
mem[X,0x000000008001C9DE] -> 0x2AA5
[3246] [M]: 0x000000008001C9DC (0x2AA50513) addi a0, a0, 0x2aa
x10 <- 0xFFEAAAAAAAAAAAAA
mem[X,0x000000008001C9E0] -> 0x1513
mem[X,0x000000008001C9E2] -> 0x00A5
[3247] [M]: 0x000000008001C9E0 (0x00A51513) slli a0, a0, 0xa
x10 <- 0xAAAAAAAAAAAAA800
mem[X,0x000000008001C9E4] -> 0x0513
mem[X,0x000000008001C9E6] -> 0x2AA5
[3248] [M]: 0x000000008001C9E4 (0x2AA50513) addi a0, a0, 0x2aa
x10 <- 0xAAAAAAAAAAAAAAAA
mem[X,0x000000008001C9E8] -> 0xB5B7
mem[X,0x000000008001C9EA] -> 0xAAAA
[3249] [M]: 0x000000008001C9E8 (0xAAAAB5B7) lui a1, -0x55555
x11 <- 0xFFFFFFFFAAAAB000
mem[X,0x000000008001C9EC] -> 0x8593
mem[X,0x000000008001C9EE] -> 0xAAA5
[3250] [M]: 0x000000008001C9EC (0xAAA58593) addi a1, a1, -0x556
x11 <- 0xFFFFFFFFAAAAAAAA
mem[X,0x000000008001C9F0] -> 0x9593
mem[X,0x000000008001C9F2] -> 0x00B5
[3251] [M]: 0x000000008001C9F0 (0x00B59593) slli a1, a1, 0xb
x11 <- 0xFFFFFD5555555000
mem[X,0x000000008001C9F4] -> 0x8593
mem[X,0x000000008001C9F6] -> 0x5555
[3252] [M]: 0x000000008001C9F4 (0x55558593) addi a1, a1, 0x555
x11 <- 0xFFFFFD5555555555
mem[X,0x000000008001C9F8] -> 0x9593
mem[X,0x000000008001C9FA] -> 0x00B5
[3253] [M]: 0x000000008001C9F8 (0x00B59593) slli a1, a1, 0xb
x11 <- 0xFFEAAAAAAAAAA800
mem[X,0x000000008001C9FC] -> 0x8593
mem[X,0x000000008001C9FE] -> 0x2AA5
[3254] [M]: 0x000000008001C9FC (0x2AA58593) addi a1, a1, 0x2aa
x11 <- 0xFFEAAAAAAAAAAAAA
mem[X,0x000000008001CA00] -> 0x9593
mem[X,0x000000008001CA02] -> 0x00A5
[3255] [M]: 0x000000008001CA00 (0x00A59593) slli a1, a1, 0xa
x11 <- 0xAAAAAAAAAAAAA800
mem[X,0x000000008001CA04] -> 0x8593
mem[X,0x000000008001CA06] -> 0x2AB5
[3256] [M]: 0x000000008001CA04 (0x2AB58593) addi a1, a1, 0x2ab
x11 <- 0xAAAAAAAAAAAAAAAB
mem[X,0x000000008001CA08] -> 0x0113
mem[X,0x000000008001CA0A] -> 0x0000
[3257] [M]: 0x000000008001CA08 (0x00000113) addi sp, zero, 0x0
x2 <- 0x0000000000000000
mem[X,0x000000008001CA0C] -> 0x006F
mem[X,0x000000008001CA0E] -> 0x00C0
[3258] [M]: 0x000000008001CA0C (0x00C0006F) jal zero, 0xc
mem[X,0x000000008001CA18] -> 0x4063
mem[X,0x000000008001CA1A] -> 0x04B5
[3259] [M]: 0x000000008001CA18 (0x04B54063) blt a0, a1, 0x40
mem[X,0x000000008001CA58] -> 0x0113
mem[X,0x000000008001CA5A] -> 0x0031
[3260] [M]: 0x000000008001CA58 (0x00310113) addi sp, sp, 0x3
x2 <- 0x0000000000000003
mem[X,0x000000008001CA5C] -> 0x006F
mem[X,0x000000008001CA5E] -> 0x0040
[3261] [M]: 0x000000008001CA5C (0x0040006F) jal zero, 0x4
mem[X,0x000000008001CA60] -> 0xB823
mem[X,0x000000008001CA62] -> 0x7020
[3262] [M]: 0x000000008001CA60 (0x7020B823) sd sp, 0x710(ra)
mem[0x000000008004F8E8] <- 0x0000000000000003
mem[X,0x000000008001CA64] -> 0xB537
mem[X,0x000000008001CA66] -> 0xAAAA
[3263] [M]: 0x000000008001CA64 (0xAAAAB537) lui a0, -0x55555
x10 <- 0xFFFFFFFFAAAAB000
mem[X,0x000000008001CA68] -> 0x0513
mem[X,0x000000008001CA6A] -> 0xAAA5
[3264] [M]: 0x000000008001CA68 (0xAAA50513) addi a0, a0, -0x556
x10 <- 0xFFFFFFFFAAAAAAAA
mem[X,0x000000008001CA6C] -> 0x1513
mem[X,0x000000008001CA6E] -> 0x00B5
[3265] [M]: 0x000000008001CA6C (0x00B51513) slli a0, a0, 0xb
x10 <- 0xFFFFFD5555555000
mem[X,0x000000008001CA70] -> 0x0513
mem[X,0x000000008001CA72] -> 0x5555
[3266] [M]: 0x000000008001CA70 (0x55550513) addi a0, a0, 0x555
x10 <- 0xFFFFFD5555555555
mem[X,0x000000008001CA74] -> 0x1513
mem[X,0x000000008001CA76] -> 0x00B5
[3267] [M]: 0x000000008001CA74 (0x00B51513) slli a0, a0, 0xb
x10 <- 0xFFEAAAAAAAAAA800
mem[X,0x000000008001CA78] -> 0x0513
mem[X,0x000000008001CA7A] -> 0x2AA5
[3268] [M]: 0x000000008001CA78 (0x2AA50513) addi a0, a0, 0x2aa
x10 <- 0xFFEAAAAAAAAAAAAA
mem[X,0x000000008001CA7C] -> 0x1513
mem[X,0x000000008001CA7E] -> 0x00A5
[3269] [M]: 0x000000008001CA7C (0x00A51513) slli a0, a0, 0xa
x10 <- 0xAAAAAAAAAAAAA800
mem[X,0x000000008001CA80] -> 0x0513
mem[X,0x000000008001CA82] -> 0x2AA5
[3270] [M]: 0x000000008001CA80 (0x2AA50513) addi a0, a0, 0x2aa
x10 <- 0xAAAAAAAAAAAAAAAA
mem[X,0x000000008001CA84] -> 0x0593
mem[X,0x000000008001CA86] -> 0x0060
[3271] [M]: 0x000000008001CA84 (0x00600593) addi a1, zero, 0x6
x11 <- 0x0000000000000006
mem[X,0x000000008001CA88] -> 0x0113
mem[X,0x000000008001CA8A] -> 0x0000
[3272] [M]: 0x000000008001CA88 (0x00000113) addi sp, zero, 0x0
x2 <- 0x0000000000000000
mem[X,0x000000008001CA8C] -> 0x006F
mem[X,0x000000008001CA8E] -> 0x00C0
[3273] [M]: 0x000000008001CA8C (0x00C0006F) jal zero, 0xc
mem[X,0x000000008001CA98] -> 0x4863
mem[X,0x000000008001CA9A] -> 0x00B5
[3274] [M]: 0x000000008001CA98 (0x00B54863) blt a0, a1, 0x10
mem[X,0x000000008001CAA8] -> 0x0113
mem[X,0x000000008001CAAA] -> 0x0031
[3275] [M]: 0x000000008001CAA8 (0x00310113) addi sp, sp, 0x3
x2 <- 0x0000000000000003
mem[X,0x000000008001CAAC] -> 0x006F
mem[X,0x000000008001CAAE] -> 0x0040
[3276] [M]: 0x000000008001CAAC (0x0040006F) jal zero, 0x4
mem[X,0x000000008001CAB0] -> 0xBC23
mem[X,0x000000008001CAB2] -> 0x7020
[3277] [M]: 0x000000008001CAB0 (0x7020BC23) sd sp, 0x718(ra)
mem[0x000000008004F8F0] <- 0x0000000000000003
mem[X,0x000000008001CAB4] -> 0xB537
mem[X,0x000000008001CAB6] -> 0xAAAA
[3278] [M]: 0x000000008001CAB4 (0xAAAAB537) lui a0, -0x55555
x10 <- 0xFFFFFFFFAAAAB000
mem[X,0x000000008001CAB8] -> 0x0513
mem[X,0x000000008001CABA] -> 0xAAA5
[3279] [M]: 0x000000008001CAB8 (0xAAA50513) addi a0, a0, -0x556
x10 <- 0xFFFFFFFFAAAAAAAA
mem[X,0x000000008001CABC] -> 0x1513
mem[X,0x000000008001CABE] -> 0x00B5
[3280] [M]: 0x000000008001CABC (0x00B51513) slli a0, a0, 0xb
x10 <- 0xFFFFFD5555555000
mem[X,0x000000008001CAC0] -> 0x0513
mem[X,0x000000008001CAC2] -> 0x5555
[3281] [M]: 0x000000008001CAC0 (0x55550513) addi a0, a0, 0x555
x10 <- 0xFFFFFD5555555555
mem[X,0x000000008001CAC4] -> 0x1513
mem[X,0x000000008001CAC6] -> 0x00B5
[3282] [M]: 0x000000008001CAC4 (0x00B51513) slli a0, a0, 0xb
x10 <- 0xFFEAAAAAAAAAA800
mem[X,0x000000008001CAC8] -> 0x0513
mem[X,0x000000008001CACA] -> 0x2AA5
[3283] [M]: 0x000000008001CAC8 (0x2AA50513) addi a0, a0, 0x2aa
x10 <- 0xFFEAAAAAAAAAAAAA
mem[X,0x000000008001CACC] -> 0x1513
mem[X,0x000000008001CACE] -> 0x00A5
[3284] [M]: 0x000000008001CACC (0x00A51513) slli a0, a0, 0xa
x10 <- 0xAAAAAAAAAAAAA800
mem[X,0x000000008001CAD0] -> 0x0513
mem[X,0x000000008001CAD2] -> 0x2AA5
[3285] [M]: 0x000000008001CAD0 (0x2AA50513) addi a0, a0, 0x2aa
x10 <- 0xAAAAAAAAAAAAAAAA
mem[X,0x000000008001CAD4] -> 0x35B7
mem[X,0x000000008001CAD6] -> 0x3333
[3286] [M]: 0x000000008001CAD4 (0x333335B7) lui a1, 0x33333
x11 <- 0x0000000033333000
mem[X,0x000000008001CAD8] -> 0x8593
mem[X,0x000000008001CADA] -> 0x3335
[3287] [M]: 0x000000008001CAD8 (0x33358593) addi a1, a1, 0x333
x11 <- 0x0000000033333333
mem[X,0x000000008001CADC] -> 0x9593
mem[X,0x000000008001CADE] -> 0x00B5
[3288] [M]: 0x000000008001CADC (0x00B59593) slli a1, a1, 0xb
x11 <- 0x0000019999999800
mem[X,0x000000008001CAE0] -> 0x8593
mem[X,0x000000008001CAE2] -> 0x1995
[3289] [M]: 0x000000008001CAE0 (0x19958593) addi a1, a1, 0x199
x11 <- 0x0000019999999999
mem[X,0x000000008001CAE4] -> 0x9593
mem[X,0x000000008001CAE6] -> 0x00B5
[3290] [M]: 0x000000008001CAE4 (0x00B59593) slli a1, a1, 0xb
x11 <- 0x000CCCCCCCCCC800
mem[X,0x000000008001CAE8] -> 0x8593
mem[X,0x000000008001CAEA] -> 0x4CC5
[3291] [M]: 0x000000008001CAE8 (0x4CC58593) addi a1, a1, 0x4cc
x11 <- 0x000CCCCCCCCCCCCC
mem[X,0x000000008001CAEC] -> 0x9593
mem[X,0x000000008001CAEE] -> 0x00A5
[3292] [M]: 0x000000008001CAEC (0x00A59593) slli a1, a1, 0xa
x11 <- 0x3333333333333000
mem[X,0x000000008001CAF0] -> 0x8593
mem[X,0x000000008001CAF2] -> 0x3345
[3293] [M]: 0x000000008001CAF0 (0x33458593) addi a1, a1, 0x334
x11 <- 0x3333333333333334
mem[X,0x000000008001CAF4] -> 0x0113
mem[X,0x000000008001CAF6] -> 0x0000
[3294] [M]: 0x000000008001CAF4 (0x00000113) addi sp, zero, 0x0
x2 <- 0x0000000000000000
mem[X,0x000000008001CAF8] -> 0x006F
mem[X,0x000000008001CAFA] -> 0x00C0
[3295] [M]: 0x000000008001CAF8 (0x00C0006F) jal zero, 0xc
mem[X,0x000000008001CB04] -> 0x4863
mem[X,0x000000008001CB06] -> 0x00B5
[3296] [M]: 0x000000008001CB04 (0x00B54863) blt a0, a1, 0x10
mem[X,0x000000008001CB14] -> 0x0113
mem[X,0x000000008001CB16] -> 0x0031
[3297] [M]: 0x000000008001CB14 (0x00310113) addi sp, sp, 0x3
x2 <- 0x0000000000000003
mem[X,0x000000008001CB18] -> 0x006F
mem[X,0x000000008001CB1A] -> 0x0040
[3298] [M]: 0x000000008001CB18 (0x0040006F) jal zero, 0x4
mem[X,0x000000008001CB1C] -> 0xB023
mem[X,0x000000008001CB1E] -> 0x7220
[3299] [M]: 0x000000008001CB1C (0x7220B023) sd sp, 0x720(ra)
mem[0x000000008004F8F8] <- 0x0000000000000003
clint::tick mtime <- 0x0000000000000021
 clint timer pending at mtime 0x0000000000000021
htif::tick 0x0000000000000000
mem[X,0x000000008001CB20] -> 0xB537
mem[X,0x000000008001CB22] -> 0xAAAA
[3300] [M]: 0x000000008001CB20 (0xAAAAB537) lui a0, -0x55555
x10 <- 0xFFFFFFFFAAAAB000
mem[X,0x000000008001CB24] -> 0x0513
mem[X,0x000000008001CB26] -> 0xAAA5
[3301] [M]: 0x000000008001CB24 (0xAAA50513) addi a0, a0, -0x556
x10 <- 0xFFFFFFFFAAAAAAAA
mem[X,0x000000008001CB28] -> 0x1513
mem[X,0x000000008001CB2A] -> 0x00B5
[3302] [M]: 0x000000008001CB28 (0x00B51513) slli a0, a0, 0xb
x10 <- 0xFFFFFD5555555000
mem[X,0x000000008001CB2C] -> 0x0513
mem[X,0x000000008001CB2E] -> 0x5555
[3303] [M]: 0x000000008001CB2C (0x55550513) addi a0, a0, 0x555
x10 <- 0xFFFFFD5555555555
mem[X,0x000000008001CB30] -> 0x1513
mem[X,0x000000008001CB32] -> 0x00B5
[3304] [M]: 0x000000008001CB30 (0x00B51513) slli a0, a0, 0xb
x10 <- 0xFFEAAAAAAAAAA800
mem[X,0x000000008001CB34] -> 0x0513
mem[X,0x000000008001CB36] -> 0x2AA5
[3305] [M]: 0x000000008001CB34 (0x2AA50513) addi a0, a0, 0x2aa
x10 <- 0xFFEAAAAAAAAAAAAA
mem[X,0x000000008001CB38] -> 0x1513
mem[X,0x000000008001CB3A] -> 0x00A5
[3306] [M]: 0x000000008001CB38 (0x00A51513) slli a0, a0, 0xa
x10 <- 0xAAAAAAAAAAAAA800
mem[X,0x000000008001CB3C] -> 0x0513
mem[X,0x000000008001CB3E] -> 0x2AA5
[3307] [M]: 0x000000008001CB3C (0x2AA50513) addi a0, a0, 0x2aa
x10 <- 0xAAAAAAAAAAAAAAAA
mem[X,0x000000008001CB40] -> 0x65B7
mem[X,0x000000008001CB42] -> 0x6666
[3308] [M]: 0x000000008001CB40 (0x666665B7) lui a1, 0x66666
x11 <- 0x0000000066666000
mem[X,0x000000008001CB44] -> 0x8593
mem[X,0x000000008001CB46] -> 0x6665
[3309] [M]: 0x000000008001CB44 (0x66658593) addi a1, a1, 0x666
x11 <- 0x0000000066666666
mem[X,0x000000008001CB48] -> 0x9593
mem[X,0x000000008001CB4A] -> 0x00B5
[3310] [M]: 0x000000008001CB48 (0x00B59593) slli a1, a1, 0xb
x11 <- 0x0000033333333000
mem[X,0x000000008001CB4C] -> 0x8593
mem[X,0x000000008001CB4E] -> 0x3335
[3311] [M]: 0x000000008001CB4C (0x33358593) addi a1, a1, 0x333
x11 <- 0x0000033333333333
mem[X,0x000000008001CB50] -> 0x9593
mem[X,0x000000008001CB52] -> 0x00B5
[3312] [M]: 0x000000008001CB50 (0x00B59593) slli a1, a1, 0xb
x11 <- 0x0019999999999800
mem[X,0x000000008001CB54] -> 0x8593
mem[X,0x000000008001CB56] -> 0x1995
[3313] [M]: 0x000000008001CB54 (0x19958593) addi a1, a1, 0x199
x11 <- 0x0019999999999999
mem[X,0x000000008001CB58] -> 0x9593
mem[X,0x000000008001CB5A] -> 0x00A5
[3314] [M]: 0x000000008001CB58 (0x00A59593) slli a1, a1, 0xa
x11 <- 0x6666666666666400
mem[X,0x000000008001CB5C] -> 0x8593
mem[X,0x000000008001CB5E] -> 0x2675
[3315] [M]: 0x000000008001CB5C (0x26758593) addi a1, a1, 0x267
x11 <- 0x6666666666666667
mem[X,0x000000008001CB60] -> 0x0113
mem[X,0x000000008001CB62] -> 0x0000
[3316] [M]: 0x000000008001CB60 (0x00000113) addi sp, zero, 0x0
x2 <- 0x0000000000000000
mem[X,0x000000008001CB64] -> 0x006F
mem[X,0x000000008001CB66] -> 0x00C0
[3317] [M]: 0x000000008001CB64 (0x00C0006F) jal zero, 0xc
mem[X,0x000000008001CB70] -> 0x4663
mem[X,0x000000008001CB72] -> 0x00B5
[3318] [M]: 0x000000008001CB70 (0x00B54663) blt a0, a1, 0xc
mem[X,0x000000008001CB7C] -> 0x0113
mem[X,0x000000008001CB7E] -> 0x0031
[3319] [M]: 0x000000008001CB7C (0x00310113) addi sp, sp, 0x3
x2 <- 0x0000000000000003
mem[X,0x000000008001CB80] -> 0x006F
mem[X,0x000000008001CB82] -> 0x0040
[3320] [M]: 0x000000008001CB80 (0x0040006F) jal zero, 0x4
mem[X,0x000000008001CB84] -> 0xB423
mem[X,0x000000008001CB86] -> 0x7220
[3321] [M]: 0x000000008001CB84 (0x7220B423) sd sp, 0x728(ra)
mem[0x000000008004F900] <- 0x0000000000000003
mem[X,0x000000008001CB88] -> 0xB537
mem[X,0x000000008001CB8A] -> 0xAAAA
[3322] [M]: 0x000000008001CB88 (0xAAAAB537) lui a0, -0x55555
x10 <- 0xFFFFFFFFAAAAB000
mem[X,0x000000008001CB8C] -> 0x0513
mem[X,0x000000008001CB8E] -> 0xAAA5
[3323] [M]: 0x000000008001CB8C (0xAAA50513) addi a0, a0, -0x556
x10 <- 0xFFFFFFFFAAAAAAAA
mem[X,0x000000008001CB90] -> 0x1513
mem[X,0x000000008001CB92] -> 0x00B5
[3324] [M]: 0x000000008001CB90 (0x00B51513) slli a0, a0, 0xb
x10 <- 0xFFFFFD5555555000
mem[X,0x000000008001CB94] -> 0x0513
mem[X,0x000000008001CB96] -> 0x5555
[3325] [M]: 0x000000008001CB94 (0x55550513) addi a0, a0, 0x555
x10 <- 0xFFFFFD5555555555
mem[X,0x000000008001CB98] -> 0x1513
mem[X,0x000000008001CB9A] -> 0x00B5
[3326] [M]: 0x000000008001CB98 (0x00B51513) slli a0, a0, 0xb
x10 <- 0xFFEAAAAAAAAAA800
mem[X,0x000000008001CB9C] -> 0x0513
mem[X,0x000000008001CB9E] -> 0x2AA5
[3327] [M]: 0x000000008001CB9C (0x2AA50513) addi a0, a0, 0x2aa
x10 <- 0xFFEAAAAAAAAAAAAA
mem[X,0x000000008001CBA0] -> 0x1513
mem[X,0x000000008001CBA2] -> 0x00A5
[3328] [M]: 0x000000008001CBA0 (0x00A51513) slli a0, a0, 0xa
x10 <- 0xAAAAAAAAAAAAA800
mem[X,0x000000008001CBA4] -> 0x0513
mem[X,0x000000008001CBA6] -> 0x2AA5
[3329] [M]: 0x000000008001CBA4 (0x2AA50513) addi a0, a0, 0x2aa
x10 <- 0xAAAAAAAAAAAAAAAA
mem[X,0x000000008001CBA8] -> 0x05B7
mem[X,0x000000008001CBAA] -> 0x0000
[3330] [M]: 0x000000008001CBA8 (0x000005B7) lui a1, 0x0
x11 <- 0x0000000000000000
mem[X,0x000000008001CBAC] -> 0x8593
mem[X,0x000000008001CBAE] -> 0xFFF5
[3331] [M]: 0x000000008001CBAC (0xFFF58593) addi a1, a1, -0x1
x11 <- 0xFFFFFFFFFFFFFFFF
mem[X,0x000000008001CBB0] -> 0x9593
mem[X,0x000000008001CBB2] -> 0x00B5
[3332] [M]: 0x000000008001CBB0 (0x00B59593) slli a1, a1, 0xb
x11 <- 0xFFFFFFFFFFFFF800
mem[X,0x000000008001CBB4] -> 0x8593
mem[X,0x000000008001CBB6] -> 0x2575
[3333] [M]: 0x000000008001CBB4 (0x25758593) addi a1, a1, 0x257
x11 <- 0xFFFFFFFFFFFFFA57
mem[X,0x000000008001CBB8] -> 0x9593
mem[X,0x000000008001CBBA] -> 0x00B5
[3334] [M]: 0x000000008001CBB8 (0x00B59593) slli a1, a1, 0xb
x11 <- 0xFFFFFFFFFFD2B800
mem[X,0x000000008001CBBC] -> 0x8593
mem[X,0x000000008001CBBE] -> 0x6C35
[3335] [M]: 0x000000008001CBBC (0x6C358593) addi a1, a1, 0x6c3
x11 <- 0xFFFFFFFFFFD2BEC3
mem[X,0x000000008001CBC0] -> 0x9593
mem[X,0x000000008001CBC2] -> 0x00A5
[3336] [M]: 0x000000008001CBC0 (0x00A59593) slli a1, a1, 0xa
x11 <- 0xFFFFFFFF4AFB0C00
mem[X,0x000000008001CBC4] -> 0x8593
mem[X,0x000000008001CBC6] -> 0x0CE5
[3337] [M]: 0x000000008001CBC4 (0x0CE58593) addi a1, a1, 0xce
x11 <- 0xFFFFFFFF4AFB0CCE
mem[X,0x000000008001CBC8] -> 0x0113
mem[X,0x000000008001CBCA] -> 0x0000
[3338] [M]: 0x000000008001CBC8 (0x00000113) addi sp, zero, 0x0
x2 <- 0x0000000000000000
mem[X,0x000000008001CBCC] -> 0x006F
mem[X,0x000000008001CBCE] -> 0x2B10
[3339] [M]: 0x000000008001CBCC (0x2B10006F) jal zero, 0xab0
mem[X,0x000000008001D67C] -> 0x4A63
mem[X,0x000000008001D67E] -> 0xD4B5
[3340] [M]: 0x000000008001D67C (0xD4B54A63) blt a0, a1, -0xaac
mem[X,0x000000008001CBD0] -> 0x0113
mem[X,0x000000008001CBD2] -> 0x0011
[3341] [M]: 0x000000008001CBD0 (0x00110113) addi sp, sp, 0x1
x2 <- 0x0000000000000001
mem[X,0x000000008001CBD4] -> 0x006F
mem[X,0x000000008001CBD6] -> 0x2BD0
[3342] [M]: 0x000000008001CBD4 (0x2BD0006F) jal zero, 0xabc
mem[X,0x000000008001D690] -> 0xB823
mem[X,0x000000008001D692] -> 0x7220
[3343] [M]: 0x000000008001D690 (0x7220B823) sd sp, 0x730(ra)
mem[0x000000008004F908] <- 0x0000000000000001
mem[X,0x000000008001D694] -> 0xB537
mem[X,0x000000008001D696] -> 0xAAAA
[3344] [M]: 0x000000008001D694 (0xAAAAB537) lui a0, -0x55555
x10 <- 0xFFFFFFFFAAAAB000
mem[X,0x000000008001D698] -> 0x0513
mem[X,0x000000008001D69A] -> 0xAAA5
[3345] [M]: 0x000000008001D698 (0xAAA50513) addi a0, a0, -0x556
x10 <- 0xFFFFFFFFAAAAAAAA
mem[X,0x000000008001D69C] -> 0x1513
mem[X,0x000000008001D69E] -> 0x00B5
[3346] [M]: 0x000000008001D69C (0x00B51513) slli a0, a0, 0xb
x10 <- 0xFFFFFD5555555000
mem[X,0x000000008001D6A0] -> 0x0513
mem[X,0x000000008001D6A2] -> 0x5555
[3347] [M]: 0x000000008001D6A0 (0x55550513) addi a0, a0, 0x555
x10 <- 0xFFFFFD5555555555
mem[X,0x000000008001D6A4] -> 0x1513
mem[X,0x000000008001D6A6] -> 0x00B5
[3348] [M]: 0x000000008001D6A4 (0x00B51513) slli a0, a0, 0xb
x10 <- 0xFFEAAAAAAAAAA800
mem[X,0x000000008001D6A8] -> 0x0513
mem[X,0x000000008001D6AA] -> 0x2AA5
[3349] [M]: 0x000000008001D6A8 (0x2AA50513) addi a0, a0, 0x2aa
x10 <- 0xFFEAAAAAAAAAAAAA
mem[X,0x000000008001D6AC] -> 0x1513
mem[X,0x000000008001D6AE] -> 0x00A5
[3350] [M]: 0x000000008001D6AC (0x00A51513) slli a0, a0, 0xa
x10 <- 0xAAAAAAAAAAAAA800
mem[X,0x000000008001D6B0] -> 0x0513
mem[X,0x000000008001D6B2] -> 0x2AA5
[3351] [M]: 0x000000008001D6B0 (0x2AA50513) addi a0, a0, 0x2aa
x10 <- 0xAAAAAAAAAAAAAAAA
mem[X,0x000000008001D6B4] -> 0x05B7
mem[X,0x000000008001D6B6] -> 0x0000
[3352] [M]: 0x000000008001D6B4 (0x000005B7) lui a1, 0x0
x11 <- 0x0000000000000000
mem[X,0x000000008001D6B8] -> 0x8593
mem[X,0x000000008001D6BA] -> 0x0005
[3353] [M]: 0x000000008001D6B8 (0x00058593) addi a1, a1, 0x0
x11 <- 0x0000000000000000
mem[X,0x000000008001D6BC] -> 0x9593
mem[X,0x000000008001D6BE] -> 0x00B5
[3354] [M]: 0x000000008001D6BC (0x00B59593) slli a1, a1, 0xb
x11 <- 0x0000000000000000
mem[X,0x000000008001D6C0] -> 0x8593
mem[X,0x000000008001D6C2] -> 0x5A85
[3355] [M]: 0x000000008001D6C0 (0x5A858593) addi a1, a1, 0x5a8
x11 <- 0x00000000000005A8
mem[X,0x000000008001D6C4] -> 0x9593
mem[X,0x000000008001D6C6] -> 0x00B5
[3356] [M]: 0x000000008001D6C4 (0x00B59593) slli a1, a1, 0xb
x11 <- 0x00000000002D4000
mem[X,0x000000008001D6C8] -> 0x8593
mem[X,0x000000008001D6CA] -> 0x13C5
[3357] [M]: 0x000000008001D6C8 (0x13C58593) addi a1, a1, 0x13c
x11 <- 0x00000000002D413C
mem[X,0x000000008001D6CC] -> 0x9593
mem[X,0x000000008001D6CE] -> 0x00A5
[3358] [M]: 0x000000008001D6CC (0x00A59593) slli a1, a1, 0xa
x11 <- 0x00000000B504F000
mem[X,0x000000008001D6D0] -> 0x8593
mem[X,0x000000008001D6D2] -> 0x3345
[3359] [M]: 0x000000008001D6D0 (0x33458593) addi a1, a1, 0x334
x11 <- 0x00000000B504F334
mem[X,0x000000008001D6D4] -> 0x0113
mem[X,0x000000008001D6D6] -> 0x0000
[3360] [M]: 0x000000008001D6D4 (0x00000113) addi sp, zero, 0x0
x2 <- 0x0000000000000000
mem[X,0x000000008001D6D8] -> 0x006F
mem[X,0x000000008001D6DA] -> 0x00C0
[3361] [M]: 0x000000008001D6D8 (0x00C0006F) jal zero, 0xc
mem[X,0x000000008001D6E4] -> 0x4CE3
mem[X,0x000000008001D6E6] -> 0xFEB5
[3362] [M]: 0x000000008001D6E4 (0xFEB54CE3) blt a0, a1, -0x8
mem[X,0x000000008001D6DC] -> 0x0113
mem[X,0x000000008001D6DE] -> 0x0011
[3363] [M]: 0x000000008001D6DC (0x00110113) addi sp, sp, 0x1
x2 <- 0x0000000000000001
mem[X,0x000000008001D6E0] -> 0x006F
mem[X,0x000000008001D6E2] -> 0x0180
[3364] [M]: 0x000000008001D6E0 (0x0180006F) jal zero, 0x18
mem[X,0x000000008001D6F8] -> 0xBC23
mem[X,0x000000008001D6FA] -> 0x7220
[3365] [M]: 0x000000008001D6F8 (0x7220BC23) sd sp, 0x738(ra)
mem[0x000000008004F910] <- 0x0000000000000001
mem[X,0x000000008001D6FC] -> 0x0513
mem[X,0x000000008001D6FE] -> 0x0050
[3366] [M]: 0x000000008001D6FC (0x00500513) addi a0, zero, 0x5
x10 <- 0x0000000000000005
mem[X,0x000000008001D700] -> 0x0593
mem[X,0x000000008001D702] -> 0x0030
[3367] [M]: 0x000000008001D700 (0x00300593) addi a1, zero, 0x3
x11 <- 0x0000000000000003
mem[X,0x000000008001D704] -> 0x0113
mem[X,0x000000008001D706] -> 0x0000
[3368] [M]: 0x000000008001D704 (0x00000113) addi sp, zero, 0x0
x2 <- 0x0000000000000000
mem[X,0x000000008001D708] -> 0x006F
mem[X,0x000000008001D70A] -> 0x00C0
[3369] [M]: 0x000000008001D708 (0x00C0006F) jal zero, 0xc
mem[X,0x000000008001D714] -> 0x4063
mem[X,0x000000008001D716] -> 0x40B5
[3370] [M]: 0x000000008001D714 (0x40B54063) blt a0, a1, 0x400
mem[X,0x000000008001D718] -> 0x0113
mem[X,0x000000008001D71A] -> 0x0021
[3371] [M]: 0x000000008001D718 (0x00210113) addi sp, sp, 0x2
x2 <- 0x0000000000000002
mem[X,0x000000008001D71C] -> 0x006F
mem[X,0x000000008001D71E] -> 0x4000
[3372] [M]: 0x000000008001D71C (0x4000006F) jal zero, 0x400
mem[X,0x000000008001DB1C] -> 0xB023
mem[X,0x000000008001DB1E] -> 0x7420
[3373] [M]: 0x000000008001DB1C (0x7420B023) sd sp, 0x740(ra)
mem[0x000000008004F918] <- 0x0000000000000002
mem[X,0x000000008001DB20] -> 0x0513
mem[X,0x000000008001DB22] -> 0x0050
[3374] [M]: 0x000000008001DB20 (0x00500513) addi a0, zero, 0x5
x10 <- 0x0000000000000005
mem[X,0x000000008001DB24] -> 0xB5B7
mem[X,0x000000008001DB26] -> 0xAAAA
[3375] [M]: 0x000000008001DB24 (0xAAAAB5B7) lui a1, -0x55555
x11 <- 0xFFFFFFFFAAAAB000
mem[X,0x000000008001DB28] -> 0x8593
mem[X,0x000000008001DB2A] -> 0xAAA5
[3376] [M]: 0x000000008001DB28 (0xAAA58593) addi a1, a1, -0x556
x11 <- 0xFFFFFFFFAAAAAAAA
mem[X,0x000000008001DB2C] -> 0x9593
mem[X,0x000000008001DB2E] -> 0x00B5
[3377] [M]: 0x000000008001DB2C (0x00B59593) slli a1, a1, 0xb
x11 <- 0xFFFFFD5555555000
mem[X,0x000000008001DB30] -> 0x8593
mem[X,0x000000008001DB32] -> 0x5555
[3378] [M]: 0x000000008001DB30 (0x55558593) addi a1, a1, 0x555
x11 <- 0xFFFFFD5555555555
mem[X,0x000000008001DB34] -> 0x9593
mem[X,0x000000008001DB36] -> 0x00B5
[3379] [M]: 0x000000008001DB34 (0x00B59593) slli a1, a1, 0xb
x11 <- 0xFFEAAAAAAAAAA800
mem[X,0x000000008001DB38] -> 0x8593
mem[X,0x000000008001DB3A] -> 0x2AA5
[3380] [M]: 0x000000008001DB38 (0x2AA58593) addi a1, a1, 0x2aa
x11 <- 0xFFEAAAAAAAAAAAAA
mem[X,0x000000008001DB3C] -> 0x9593
mem[X,0x000000008001DB3E] -> 0x00A5
[3381] [M]: 0x000000008001DB3C (0x00A59593) slli a1, a1, 0xa
x11 <- 0xAAAAAAAAAAAAA800
mem[X,0x000000008001DB40] -> 0x8593
mem[X,0x000000008001DB42] -> 0x2AA5
[3382] [M]: 0x000000008001DB40 (0x2AA58593) addi a1, a1, 0x2aa
x11 <- 0xAAAAAAAAAAAAAAAA
mem[X,0x000000008001DB44] -> 0x0113
mem[X,0x000000008001DB46] -> 0x0000
[3383] [M]: 0x000000008001DB44 (0x00000113) addi sp, zero, 0x0
x2 <- 0x0000000000000000
mem[X,0x000000008001DB48] -> 0x006F
mem[X,0x000000008001DB4A] -> 0x00C0
[3384] [M]: 0x000000008001DB48 (0x00C0006F) jal zero, 0xc
mem[X,0x000000008001DB54] -> 0x4663
mem[X,0x000000008001DB56] -> 0x00B5
[3385] [M]: 0x000000008001DB54 (0x00B54663) blt a0, a1, 0xc
mem[X,0x000000008001DB58] -> 0x0113
mem[X,0x000000008001DB5A] -> 0x0021
[3386] [M]: 0x000000008001DB58 (0x00210113) addi sp, sp, 0x2
x2 <- 0x0000000000000002
mem[X,0x000000008001DB5C] -> 0x006F
mem[X,0x000000008001DB5E] -> 0x00C0
[3387] [M]: 0x000000008001DB5C (0x00C0006F) jal zero, 0xc
mem[X,0x000000008001DB68] -> 0xB423
mem[X,0x000000008001DB6A] -> 0x7420
[3388] [M]: 0x000000008001DB68 (0x7420B423) sd sp, 0x748(ra)
mem[0x000000008004F920] <- 0x0000000000000002
mem[X,0x000000008001DB6C] -> 0x0513
mem[X,0x000000008001DB6E] -> 0x0050
[3389] [M]: 0x000000008001DB6C (0x00500513) addi a0, zero, 0x5
x10 <- 0x0000000000000005
mem[X,0x000000008001DB70] -> 0x0593
mem[X,0x000000008001DB72] -> 0x0050
[3390] [M]: 0x000000008001DB70 (0x00500593) addi a1, zero, 0x5
x11 <- 0x0000000000000005
mem[X,0x000000008001DB74] -> 0x0113
mem[X,0x000000008001DB76] -> 0x0000
[3391] [M]: 0x000000008001DB74 (0x00000113) addi sp, zero, 0x0
x2 <- 0x0000000000000000
mem[X,0x000000008001DB78] -> 0x006F
mem[X,0x000000008001DB7A] -> 0x00C0
[3392] [M]: 0x000000008001DB78 (0x00C0006F) jal zero, 0xc
mem[X,0x000000008001DB84] -> 0x4663
mem[X,0x000000008001DB86] -> 0x00B5
[3393] [M]: 0x000000008001DB84 (0x00B54663) blt a0, a1, 0xc
mem[X,0x000000008001DB88] -> 0x0113
mem[X,0x000000008001DB8A] -> 0x0021
[3394] [M]: 0x000000008001DB88 (0x00210113) addi sp, sp, 0x2
x2 <- 0x0000000000000002
mem[X,0x000000008001DB8C] -> 0x006F
mem[X,0x000000008001DB8E] -> 0x00C0
[3395] [M]: 0x000000008001DB8C (0x00C0006F) jal zero, 0xc
mem[X,0x000000008001DB98] -> 0xB823
mem[X,0x000000008001DB9A] -> 0x7420
[3396] [M]: 0x000000008001DB98 (0x7420B823) sd sp, 0x750(ra)
mem[0x000000008004F928] <- 0x0000000000000002
mem[X,0x000000008001DB9C] -> 0x0513
mem[X,0x000000008001DB9E] -> 0x0050
[3397] [M]: 0x000000008001DB9C (0x00500513) addi a0, zero, 0x5
x10 <- 0x0000000000000005
mem[X,0x000000008001DBA0] -> 0x35B7
mem[X,0x000000008001DBA2] -> 0x3333
[3398] [M]: 0x000000008001DBA0 (0x333335B7) lui a1, 0x33333
x11 <- 0x0000000033333000
mem[X,0x000000008001DBA4] -> 0x8593
mem[X,0x000000008001DBA6] -> 0x3335
[3399] [M]: 0x000000008001DBA4 (0x33358593) addi a1, a1, 0x333
x11 <- 0x0000000033333333
clint::tick mtime <- 0x0000000000000022
 clint timer pending at mtime 0x0000000000000022
htif::tick 0x0000000000000000
mem[X,0x000000008001DBA8] -> 0x9593
mem[X,0x000000008001DBAA] -> 0x00B5
[3400] [M]: 0x000000008001DBA8 (0x00B59593) slli a1, a1, 0xb
x11 <- 0x0000019999999800
mem[X,0x000000008001DBAC] -> 0x8593
mem[X,0x000000008001DBAE] -> 0x1995
[3401] [M]: 0x000000008001DBAC (0x19958593) addi a1, a1, 0x199
x11 <- 0x0000019999999999
mem[X,0x000000008001DBB0] -> 0x9593
mem[X,0x000000008001DBB2] -> 0x00B5
[3402] [M]: 0x000000008001DBB0 (0x00B59593) slli a1, a1, 0xb
x11 <- 0x000CCCCCCCCCC800
mem[X,0x000000008001DBB4] -> 0x8593
mem[X,0x000000008001DBB6] -> 0x4CC5
[3403] [M]: 0x000000008001DBB4 (0x4CC58593) addi a1, a1, 0x4cc
x11 <- 0x000CCCCCCCCCCCCC
mem[X,0x000000008001DBB8] -> 0x9593
mem[X,0x000000008001DBBA] -> 0x00A5
[3404] [M]: 0x000000008001DBB8 (0x00A59593) slli a1, a1, 0xa
x11 <- 0x3333333333333000
mem[X,0x000000008001DBBC] -> 0x8593
mem[X,0x000000008001DBBE] -> 0x3335
[3405] [M]: 0x000000008001DBBC (0x33358593) addi a1, a1, 0x333
x11 <- 0x3333333333333333
mem[X,0x000000008001DBC0] -> 0x0113
mem[X,0x000000008001DBC2] -> 0x0000
[3406] [M]: 0x000000008001DBC0 (0x00000113) addi sp, zero, 0x0
x2 <- 0x0000000000000000
mem[X,0x000000008001DBC4] -> 0x006F
mem[X,0x000000008001DBC6] -> 0x00C0
[3407] [M]: 0x000000008001DBC4 (0x00C0006F) jal zero, 0xc
mem[X,0x000000008001DBD0] -> 0x4CE3
mem[X,0x000000008001DBD2] -> 0xFEB5
[3408] [M]: 0x000000008001DBD0 (0xFEB54CE3) blt a0, a1, -0x8
mem[X,0x000000008001DBC8] -> 0x0113
mem[X,0x000000008001DBCA] -> 0x0011
[3409] [M]: 0x000000008001DBC8 (0x00110113) addi sp, sp, 0x1
x2 <- 0x0000000000000001
mem[X,0x000000008001DBCC] -> 0x006F
mem[X,0x000000008001DBCE] -> 0x0180
[3410] [M]: 0x000000008001DBCC (0x0180006F) jal zero, 0x18
mem[X,0x000000008001DBE4] -> 0xBC23
mem[X,0x000000008001DBE6] -> 0x7420
[3411] [M]: 0x000000008001DBE4 (0x7420BC23) sd sp, 0x758(ra)
mem[0x000000008004F930] <- 0x0000000000000001
mem[X,0x000000008001DBE8] -> 0x0513
mem[X,0x000000008001DBEA] -> 0x0050
[3412] [M]: 0x000000008001DBE8 (0x00500513) addi a0, zero, 0x5
x10 <- 0x0000000000000005
mem[X,0x000000008001DBEC] -> 0x65B7
mem[X,0x000000008001DBEE] -> 0x6666
[3413] [M]: 0x000000008001DBEC (0x666665B7) lui a1, 0x66666
x11 <- 0x0000000066666000
mem[X,0x000000008001DBF0] -> 0x8593
mem[X,0x000000008001DBF2] -> 0x6665
[3414] [M]: 0x000000008001DBF0 (0x66658593) addi a1, a1, 0x666
x11 <- 0x0000000066666666
mem[X,0x000000008001DBF4] -> 0x9593
mem[X,0x000000008001DBF6] -> 0x00B5
[3415] [M]: 0x000000008001DBF4 (0x00B59593) slli a1, a1, 0xb
x11 <- 0x0000033333333000
mem[X,0x000000008001DBF8] -> 0x8593
mem[X,0x000000008001DBFA] -> 0x3335
[3416] [M]: 0x000000008001DBF8 (0x33358593) addi a1, a1, 0x333
x11 <- 0x0000033333333333
mem[X,0x000000008001DBFC] -> 0x9593
mem[X,0x000000008001DBFE] -> 0x00B5
[3417] [M]: 0x000000008001DBFC (0x00B59593) slli a1, a1, 0xb
x11 <- 0x0019999999999800
mem[X,0x000000008001DC00] -> 0x8593
mem[X,0x000000008001DC02] -> 0x1995
[3418] [M]: 0x000000008001DC00 (0x19958593) addi a1, a1, 0x199
x11 <- 0x0019999999999999
mem[X,0x000000008001DC04] -> 0x9593
mem[X,0x000000008001DC06] -> 0x00A5
[3419] [M]: 0x000000008001DC04 (0x00A59593) slli a1, a1, 0xa
x11 <- 0x6666666666666400
mem[X,0x000000008001DC08] -> 0x8593
mem[X,0x000000008001DC0A] -> 0x2665
[3420] [M]: 0x000000008001DC08 (0x26658593) addi a1, a1, 0x266
x11 <- 0x6666666666666666
mem[X,0x000000008001DC0C] -> 0x0113
mem[X,0x000000008001DC0E] -> 0x0000
[3421] [M]: 0x000000008001DC0C (0x00000113) addi sp, zero, 0x0
x2 <- 0x0000000000000000
mem[X,0x000000008001DC10] -> 0x006F
mem[X,0x000000008001DC12] -> 0x00C0
[3422] [M]: 0x000000008001DC10 (0x00C0006F) jal zero, 0xc
mem[X,0x000000008001DC1C] -> 0x4663
mem[X,0x000000008001DC1E] -> 0x00B5
[3423] [M]: 0x000000008001DC1C (0x00B54663) blt a0, a1, 0xc
mem[X,0x000000008001DC28] -> 0x0113
mem[X,0x000000008001DC2A] -> 0x0031
[3424] [M]: 0x000000008001DC28 (0x00310113) addi sp, sp, 0x3
x2 <- 0x0000000000000003
mem[X,0x000000008001DC2C] -> 0x006F
mem[X,0x000000008001DC2E] -> 0x0040
[3425] [M]: 0x000000008001DC2C (0x0040006F) jal zero, 0x4
mem[X,0x000000008001DC30] -> 0xB023
mem[X,0x000000008001DC32] -> 0x7620
[3426] [M]: 0x000000008001DC30 (0x7620B023) sd sp, 0x760(ra)
mem[0x000000008004F938] <- 0x0000000000000003
mem[X,0x000000008001DC34] -> 0x0513
mem[X,0x000000008001DC36] -> 0x0050
[3427] [M]: 0x000000008001DC34 (0x00500513) addi a0, zero, 0x5
x10 <- 0x0000000000000005
mem[X,0x000000008001DC38] -> 0x05B7
mem[X,0x000000008001DC3A] -> 0x0000
[3428] [M]: 0x000000008001DC38 (0x000005B7) lui a1, 0x0
x11 <- 0x0000000000000000
mem[X,0x000000008001DC3C] -> 0x8593
mem[X,0x000000008001DC3E] -> 0xFFF5
[3429] [M]: 0x000000008001DC3C (0xFFF58593) addi a1, a1, -0x1
x11 <- 0xFFFFFFFFFFFFFFFF
mem[X,0x000000008001DC40] -> 0x9593
mem[X,0x000000008001DC42] -> 0x00B5
[3430] [M]: 0x000000008001DC40 (0x00B59593) slli a1, a1, 0xb
x11 <- 0xFFFFFFFFFFFFF800
mem[X,0x000000008001DC44] -> 0x8593
mem[X,0x000000008001DC46] -> 0x2575
[3431] [M]: 0x000000008001DC44 (0x25758593) addi a1, a1, 0x257
x11 <- 0xFFFFFFFFFFFFFA57
mem[X,0x000000008001DC48] -> 0x9593
mem[X,0x000000008001DC4A] -> 0x00B5
[3432] [M]: 0x000000008001DC48 (0x00B59593) slli a1, a1, 0xb
x11 <- 0xFFFFFFFFFFD2B800
mem[X,0x000000008001DC4C] -> 0x8593
mem[X,0x000000008001DC4E] -> 0x6C35
[3433] [M]: 0x000000008001DC4C (0x6C358593) addi a1, a1, 0x6c3
x11 <- 0xFFFFFFFFFFD2BEC3
mem[X,0x000000008001DC50] -> 0x9593
mem[X,0x000000008001DC52] -> 0x00A5
[3434] [M]: 0x000000008001DC50 (0x00A59593) slli a1, a1, 0xa
x11 <- 0xFFFFFFFF4AFB0C00
mem[X,0x000000008001DC54] -> 0x8593
mem[X,0x000000008001DC56] -> 0x0CD5
[3435] [M]: 0x000000008001DC54 (0x0CD58593) addi a1, a1, 0xcd
x11 <- 0xFFFFFFFF4AFB0CCD
mem[X,0x000000008001DC58] -> 0x0113
mem[X,0x000000008001DC5A] -> 0x0000
[3436] [M]: 0x000000008001DC58 (0x00000113) addi sp, zero, 0x0
x2 <- 0x0000000000000000
mem[X,0x000000008001DC5C] -> 0x006F
mem[X,0x000000008001DC5E] -> 0x00C0
[3437] [M]: 0x000000008001DC5C (0x00C0006F) jal zero, 0xc
mem[X,0x000000008001DC68] -> 0x4663
mem[X,0x000000008001DC6A] -> 0x00B5
[3438] [M]: 0x000000008001DC68 (0x00B54663) blt a0, a1, 0xc
mem[X,0x000000008001DC6C] -> 0x0113
mem[X,0x000000008001DC6E] -> 0x0021
[3439] [M]: 0x000000008001DC6C (0x00210113) addi sp, sp, 0x2
x2 <- 0x0000000000000002
mem[X,0x000000008001DC70] -> 0x006F
mem[X,0x000000008001DC72] -> 0x00C0
[3440] [M]: 0x000000008001DC70 (0x00C0006F) jal zero, 0xc
mem[X,0x000000008001DC7C] -> 0xB423
mem[X,0x000000008001DC7E] -> 0x7620
[3441] [M]: 0x000000008001DC7C (0x7620B423) sd sp, 0x768(ra)
mem[0x000000008004F940] <- 0x0000000000000002
mem[X,0x000000008001DC80] -> 0x0513
mem[X,0x000000008001DC82] -> 0x0050
[3442] [M]: 0x000000008001DC80 (0x00500513) addi a0, zero, 0x5
x10 <- 0x0000000000000005
mem[X,0x000000008001DC84] -> 0x05B7
mem[X,0x000000008001DC86] -> 0x0000
[3443] [M]: 0x000000008001DC84 (0x000005B7) lui a1, 0x0
x11 <- 0x0000000000000000
mem[X,0x000000008001DC88] -> 0x8593
mem[X,0x000000008001DC8A] -> 0x0005
[3444] [M]: 0x000000008001DC88 (0x00058593) addi a1, a1, 0x0
x11 <- 0x0000000000000000
mem[X,0x000000008001DC8C] -> 0x9593
mem[X,0x000000008001DC8E] -> 0x00B5
[3445] [M]: 0x000000008001DC8C (0x00B59593) slli a1, a1, 0xb
x11 <- 0x0000000000000000
mem[X,0x000000008001DC90] -> 0x8593
mem[X,0x000000008001DC92] -> 0x5A85
[3446] [M]: 0x000000008001DC90 (0x5A858593) addi a1, a1, 0x5a8
x11 <- 0x00000000000005A8
mem[X,0x000000008001DC94] -> 0x9593
mem[X,0x000000008001DC96] -> 0x00B5
[3447] [M]: 0x000000008001DC94 (0x00B59593) slli a1, a1, 0xb
x11 <- 0x00000000002D4000
mem[X,0x000000008001DC98] -> 0x8593
mem[X,0x000000008001DC9A] -> 0x13C5
[3448] [M]: 0x000000008001DC98 (0x13C58593) addi a1, a1, 0x13c
x11 <- 0x00000000002D413C
mem[X,0x000000008001DC9C] -> 0x9593
mem[X,0x000000008001DC9E] -> 0x00A5
[3449] [M]: 0x000000008001DC9C (0x00A59593) slli a1, a1, 0xa
x11 <- 0x00000000B504F000
mem[X,0x000000008001DCA0] -> 0x8593
mem[X,0x000000008001DCA2] -> 0x3335
[3450] [M]: 0x000000008001DCA0 (0x33358593) addi a1, a1, 0x333
x11 <- 0x00000000B504F333
mem[X,0x000000008001DCA4] -> 0x0113
mem[X,0x000000008001DCA6] -> 0x0000
[3451] [M]: 0x000000008001DCA4 (0x00000113) addi sp, zero, 0x0
x2 <- 0x0000000000000000
mem[X,0x000000008001DCA8] -> 0x006F
mem[X,0x000000008001DCAA] -> 0x00C0
[3452] [M]: 0x000000008001DCA8 (0x00C0006F) jal zero, 0xc
mem[X,0x000000008001DCB4] -> 0x4CE3
mem[X,0x000000008001DCB6] -> 0xFEB5
[3453] [M]: 0x000000008001DCB4 (0xFEB54CE3) blt a0, a1, -0x8
mem[X,0x000000008001DCAC] -> 0x0113
mem[X,0x000000008001DCAE] -> 0x0011
[3454] [M]: 0x000000008001DCAC (0x00110113) addi sp, sp, 0x1
x2 <- 0x0000000000000001
mem[X,0x000000008001DCB0] -> 0x006F
mem[X,0x000000008001DCB2] -> 0x0180
[3455] [M]: 0x000000008001DCB0 (0x0180006F) jal zero, 0x18
mem[X,0x000000008001DCC8] -> 0xB823
mem[X,0x000000008001DCCA] -> 0x7620
[3456] [M]: 0x000000008001DCC8 (0x7620B823) sd sp, 0x770(ra)
mem[0x000000008004F948] <- 0x0000000000000001
mem[X,0x000000008001DCCC] -> 0x0513
mem[X,0x000000008001DCCE] -> 0x0050
[3457] [M]: 0x000000008001DCCC (0x00500513) addi a0, zero, 0x5
x10 <- 0x0000000000000005
mem[X,0x000000008001DCD0] -> 0x0593
mem[X,0x000000008001DCD2] -> 0x0020
[3458] [M]: 0x000000008001DCD0 (0x00200593) addi a1, zero, 0x2
x11 <- 0x0000000000000002
mem[X,0x000000008001DCD4] -> 0x0113
mem[X,0x000000008001DCD6] -> 0x0000
[3459] [M]: 0x000000008001DCD4 (0x00000113) addi sp, zero, 0x0
x2 <- 0x0000000000000000
mem[X,0x000000008001DCD8] -> 0x006F
mem[X,0x000000008001DCDA] -> 0x0140
[3460] [M]: 0x000000008001DCD8 (0x0140006F) jal zero, 0x14
mem[X,0x000000008001DCEC] -> 0x48E3
mem[X,0x000000008001DCEE] -> 0xFEB5
[3461] [M]: 0x000000008001DCEC (0xFEB548E3) blt a0, a1, -0x10
mem[X,0x000000008001DCF0] -> 0x0113
mem[X,0x000000008001DCF2] -> 0x0021
[3462] [M]: 0x000000008001DCF0 (0x00210113) addi sp, sp, 0x2
x2 <- 0x0000000000000002
mem[X,0x000000008001DCF4] -> 0x006F
mem[X,0x000000008001DCF6] -> 0x00C0
[3463] [M]: 0x000000008001DCF4 (0x00C0006F) jal zero, 0xc
mem[X,0x000000008001DD00] -> 0xBC23
mem[X,0x000000008001DD02] -> 0x7620
[3464] [M]: 0x000000008001DD00 (0x7620BC23) sd sp, 0x778(ra)
mem[0x000000008004F950] <- 0x0000000000000002
mem[X,0x000000008001DD04] -> 0x0513
mem[X,0x000000008001DD06] -> 0x0050
[3465] [M]: 0x000000008001DD04 (0x00500513) addi a0, zero, 0x5
x10 <- 0x0000000000000005
mem[X,0x000000008001DD08] -> 0x55B7
mem[X,0x000000008001DD0A] -> 0x5555
[3466] [M]: 0x000000008001DD08 (0x555555B7) lui a1, 0x55555
x11 <- 0x0000000055555000
mem[X,0x000000008001DD0C] -> 0x8593
mem[X,0x000000008001DD0E] -> 0x5555
[3467] [M]: 0x000000008001DD0C (0x55558593) addi a1, a1, 0x555
x11 <- 0x0000000055555555
mem[X,0x000000008001DD10] -> 0x9593
mem[X,0x000000008001DD12] -> 0x00B5
[3468] [M]: 0x000000008001DD10 (0x00B59593) slli a1, a1, 0xb
x11 <- 0x000002AAAAAAA800
mem[X,0x000000008001DD14] -> 0x8593
mem[X,0x000000008001DD16] -> 0x2AA5
[3469] [M]: 0x000000008001DD14 (0x2AA58593) addi a1, a1, 0x2aa
x11 <- 0x000002AAAAAAAAAA
mem[X,0x000000008001DD18] -> 0x9593
mem[X,0x000000008001DD1A] -> 0x00B5
[3470] [M]: 0x000000008001DD18 (0x00B59593) slli a1, a1, 0xb
x11 <- 0x0015555555555000
mem[X,0x000000008001DD1C] -> 0x8593
mem[X,0x000000008001DD1E] -> 0x5555
[3471] [M]: 0x000000008001DD1C (0x55558593) addi a1, a1, 0x555
x11 <- 0x0015555555555555
mem[X,0x000000008001DD20] -> 0x9593
mem[X,0x000000008001DD22] -> 0x00A5
[3472] [M]: 0x000000008001DD20 (0x00A59593) slli a1, a1, 0xa
x11 <- 0x5555555555555400
mem[X,0x000000008001DD24] -> 0x8593
mem[X,0x000000008001DD26] -> 0x1545
[3473] [M]: 0x000000008001DD24 (0x15458593) addi a1, a1, 0x154
x11 <- 0x5555555555555554
mem[X,0x000000008001DD28] -> 0x0113
mem[X,0x000000008001DD2A] -> 0x0000
[3474] [M]: 0x000000008001DD28 (0x00000113) addi sp, zero, 0x0
x2 <- 0x0000000000000000
mem[X,0x000000008001DD2C] -> 0x006F
mem[X,0x000000008001DD2E] -> 0x00C0
[3475] [M]: 0x000000008001DD2C (0x00C0006F) jal zero, 0xc
mem[X,0x000000008001DD38] -> 0x4663
mem[X,0x000000008001DD3A] -> 0x00B5
[3476] [M]: 0x000000008001DD38 (0x00B54663) blt a0, a1, 0xc
mem[X,0x000000008001DD44] -> 0x0113
mem[X,0x000000008001DD46] -> 0x0031
[3477] [M]: 0x000000008001DD44 (0x00310113) addi sp, sp, 0x3
x2 <- 0x0000000000000003
mem[X,0x000000008001DD48] -> 0x006F
mem[X,0x000000008001DD4A] -> 0x0040
[3478] [M]: 0x000000008001DD48 (0x0040006F) jal zero, 0x4
mem[X,0x000000008001DD4C] -> 0xB023
mem[X,0x000000008001DD4E] -> 0x7820
[3479] [M]: 0x000000008001DD4C (0x7820B023) sd sp, 0x780(ra)
mem[0x000000008004F958] <- 0x0000000000000003
mem[X,0x000000008001DD50] -> 0x0513
mem[X,0x000000008001DD52] -> 0x0050
[3480] [M]: 0x000000008001DD50 (0x00500513) addi a0, zero, 0x5
x10 <- 0x0000000000000005
mem[X,0x000000008001DD54] -> 0x0593
mem[X,0x000000008001DD56] -> 0x0000
[3481] [M]: 0x000000008001DD54 (0x00000593) addi a1, zero, 0x0
x11 <- 0x0000000000000000
mem[X,0x000000008001DD58] -> 0x0113
mem[X,0x000000008001DD5A] -> 0x0000
[3482] [M]: 0x000000008001DD58 (0x00000113) addi sp, zero, 0x0
x2 <- 0x0000000000000000
mem[X,0x000000008001DD5C] -> 0x006F
mem[X,0x000000008001DD5E] -> 0x2B10
[3483] [M]: 0x000000008001DD5C (0x2B10006F) jal zero, 0xab0
mem[X,0x000000008001E80C] -> 0x4A63
mem[X,0x000000008001E80E] -> 0xD4B5
[3484] [M]: 0x000000008001E80C (0xD4B54A63) blt a0, a1, -0xaac
mem[X,0x000000008001E810] -> 0x0113
mem[X,0x000000008001E812] -> 0x0021
[3485] [M]: 0x000000008001E810 (0x00210113) addi sp, sp, 0x2
x2 <- 0x0000000000000002
mem[X,0x000000008001E814] -> 0x006F
mem[X,0x000000008001E816] -> 0x00C0
[3486] [M]: 0x000000008001E814 (0x00C0006F) jal zero, 0xc
mem[X,0x000000008001E820] -> 0xB423
mem[X,0x000000008001E822] -> 0x7820
[3487] [M]: 0x000000008001E820 (0x7820B423) sd sp, 0x788(ra)
mem[0x000000008004F960] <- 0x0000000000000002
mem[X,0x000000008001E824] -> 0x0513
mem[X,0x000000008001E826] -> 0x0050
[3488] [M]: 0x000000008001E824 (0x00500513) addi a0, zero, 0x5
x10 <- 0x0000000000000005
mem[X,0x000000008001E828] -> 0x0593
mem[X,0x000000008001E82A] -> 0x0040
[3489] [M]: 0x000000008001E828 (0x00400593) addi a1, zero, 0x4
x11 <- 0x0000000000000004
mem[X,0x000000008001E82C] -> 0x0113
mem[X,0x000000008001E82E] -> 0x0000
[3490] [M]: 0x000000008001E82C (0x00000113) addi sp, zero, 0x0
x2 <- 0x0000000000000000
mem[X,0x000000008001E830] -> 0x006F
mem[X,0x000000008001E832] -> 0x00C0
[3491] [M]: 0x000000008001E830 (0x00C0006F) jal zero, 0xc
mem[X,0x000000008001E83C] -> 0x4CE3
mem[X,0x000000008001E83E] -> 0xFEB5
[3492] [M]: 0x000000008001E83C (0xFEB54CE3) blt a0, a1, -0x8
mem[X,0x000000008001E840] -> 0x0113
mem[X,0x000000008001E842] -> 0x0021
[3493] [M]: 0x000000008001E840 (0x00210113) addi sp, sp, 0x2
x2 <- 0x0000000000000002
mem[X,0x000000008001E844] -> 0x006F
mem[X,0x000000008001E846] -> 0x00C0
[3494] [M]: 0x000000008001E844 (0x00C0006F) jal zero, 0xc
mem[X,0x000000008001E850] -> 0xB823
mem[X,0x000000008001E852] -> 0x7820
[3495] [M]: 0x000000008001E850 (0x7820B823) sd sp, 0x790(ra)
mem[0x000000008004F968] <- 0x0000000000000002
mem[X,0x000000008001E854] -> 0x0513
mem[X,0x000000008001E856] -> 0x0050
[3496] [M]: 0x000000008001E854 (0x00500513) addi a0, zero, 0x5
x10 <- 0x0000000000000005
mem[X,0x000000008001E858] -> 0x35B7
mem[X,0x000000008001E85A] -> 0x3333
[3497] [M]: 0x000000008001E858 (0x333335B7) lui a1, 0x33333
x11 <- 0x0000000033333000
mem[X,0x000000008001E85C] -> 0x8593
mem[X,0x000000008001E85E] -> 0x3335
[3498] [M]: 0x000000008001E85C (0x33358593) addi a1, a1, 0x333
x11 <- 0x0000000033333333
mem[X,0x000000008001E860] -> 0x9593
mem[X,0x000000008001E862] -> 0x00B5
[3499] [M]: 0x000000008001E860 (0x00B59593) slli a1, a1, 0xb
x11 <- 0x0000019999999800
clint::tick mtime <- 0x0000000000000023
 clint timer pending at mtime 0x0000000000000023
htif::tick 0x0000000000000000
mem[X,0x000000008001E864] -> 0x8593
mem[X,0x000000008001E866] -> 0x1995
[3500] [M]: 0x000000008001E864 (0x19958593) addi a1, a1, 0x199
x11 <- 0x0000019999999999
mem[X,0x000000008001E868] -> 0x9593
mem[X,0x000000008001E86A] -> 0x00B5
[3501] [M]: 0x000000008001E868 (0x00B59593) slli a1, a1, 0xb
x11 <- 0x000CCCCCCCCCC800
mem[X,0x000000008001E86C] -> 0x8593
mem[X,0x000000008001E86E] -> 0x4CC5
[3502] [M]: 0x000000008001E86C (0x4CC58593) addi a1, a1, 0x4cc
x11 <- 0x000CCCCCCCCCCCCC
mem[X,0x000000008001E870] -> 0x9593
mem[X,0x000000008001E872] -> 0x00A5
[3503] [M]: 0x000000008001E870 (0x00A59593) slli a1, a1, 0xa
x11 <- 0x3333333333333000
mem[X,0x000000008001E874] -> 0x8593
mem[X,0x000000008001E876] -> 0x3325
[3504] [M]: 0x000000008001E874 (0x33258593) addi a1, a1, 0x332
x11 <- 0x3333333333333332
mem[X,0x000000008001E878] -> 0x0113
mem[X,0x000000008001E87A] -> 0x0000
[3505] [M]: 0x000000008001E878 (0x00000113) addi sp, zero, 0x0
x2 <- 0x0000000000000000
mem[X,0x000000008001E87C] -> 0x006F
mem[X,0x000000008001E87E] -> 0x00C0
[3506] [M]: 0x000000008001E87C (0x00C0006F) jal zero, 0xc
mem[X,0x000000008001E888] -> 0x4063
mem[X,0x000000008001E88A] -> 0x08B5
[3507] [M]: 0x000000008001E888 (0x08B54063) blt a0, a1, 0x80
mem[X,0x000000008001E908] -> 0x0113
mem[X,0x000000008001E90A] -> 0x0031
[3508] [M]: 0x000000008001E908 (0x00310113) addi sp, sp, 0x3
x2 <- 0x0000000000000003
mem[X,0x000000008001E90C] -> 0x006F
mem[X,0x000000008001E90E] -> 0x0040
[3509] [M]: 0x000000008001E90C (0x0040006F) jal zero, 0x4
mem[X,0x000000008001E910] -> 0xBC23
mem[X,0x000000008001E912] -> 0x7820
[3510] [M]: 0x000000008001E910 (0x7820BC23) sd sp, 0x798(ra)
mem[0x000000008004F970] <- 0x0000000000000003
mem[X,0x000000008001E914] -> 0x0513
mem[X,0x000000008001E916] -> 0x0050
[3511] [M]: 0x000000008001E914 (0x00500513) addi a0, zero, 0x5
x10 <- 0x0000000000000005
mem[X,0x000000008001E918] -> 0x65B7
mem[X,0x000000008001E91A] -> 0x6666
[3512] [M]: 0x000000008001E918 (0x666665B7) lui a1, 0x66666
x11 <- 0x0000000066666000
mem[X,0x000000008001E91C] -> 0x8593
mem[X,0x000000008001E91E] -> 0x6665
[3513] [M]: 0x000000008001E91C (0x66658593) addi a1, a1, 0x666
x11 <- 0x0000000066666666
mem[X,0x000000008001E920] -> 0x9593
mem[X,0x000000008001E922] -> 0x00B5
[3514] [M]: 0x000000008001E920 (0x00B59593) slli a1, a1, 0xb
x11 <- 0x0000033333333000
mem[X,0x000000008001E924] -> 0x8593
mem[X,0x000000008001E926] -> 0x3335
[3515] [M]: 0x000000008001E924 (0x33358593) addi a1, a1, 0x333
x11 <- 0x0000033333333333
mem[X,0x000000008001E928] -> 0x9593
mem[X,0x000000008001E92A] -> 0x00B5
[3516] [M]: 0x000000008001E928 (0x00B59593) slli a1, a1, 0xb
x11 <- 0x0019999999999800
mem[X,0x000000008001E92C] -> 0x8593
mem[X,0x000000008001E92E] -> 0x1995
[3517] [M]: 0x000000008001E92C (0x19958593) addi a1, a1, 0x199
x11 <- 0x0019999999999999
mem[X,0x000000008001E930] -> 0x9593
mem[X,0x000000008001E932] -> 0x00A5
[3518] [M]: 0x000000008001E930 (0x00A59593) slli a1, a1, 0xa
x11 <- 0x6666666666666400
mem[X,0x000000008001E934] -> 0x8593
mem[X,0x000000008001E936] -> 0x2655
[3519] [M]: 0x000000008001E934 (0x26558593) addi a1, a1, 0x265
x11 <- 0x6666666666666665
mem[X,0x000000008001E938] -> 0x0113
mem[X,0x000000008001E93A] -> 0x0000
[3520] [M]: 0x000000008001E938 (0x00000113) addi sp, zero, 0x0
x2 <- 0x0000000000000000
mem[X,0x000000008001E93C] -> 0x006F
mem[X,0x000000008001E93E] -> 0x00C0
[3521] [M]: 0x000000008001E93C (0x00C0006F) jal zero, 0xc
mem[X,0x000000008001E948] -> 0x4663
mem[X,0x000000008001E94A] -> 0x00B5
[3522] [M]: 0x000000008001E948 (0x00B54663) blt a0, a1, 0xc
mem[X,0x000000008001E954] -> 0x0113
mem[X,0x000000008001E956] -> 0x0031
[3523] [M]: 0x000000008001E954 (0x00310113) addi sp, sp, 0x3
x2 <- 0x0000000000000003
mem[X,0x000000008001E958] -> 0x006F
mem[X,0x000000008001E95A] -> 0x0040
[3524] [M]: 0x000000008001E958 (0x0040006F) jal zero, 0x4
mem[X,0x000000008001E95C] -> 0xB023
mem[X,0x000000008001E95E] -> 0x7A20
[3525] [M]: 0x000000008001E95C (0x7A20B023) sd sp, 0x7a0(ra)
mem[0x000000008004F978] <- 0x0000000000000003
mem[X,0x000000008001E960] -> 0x0513
mem[X,0x000000008001E962] -> 0x0050
[3526] [M]: 0x000000008001E960 (0x00500513) addi a0, zero, 0x5
x10 <- 0x0000000000000005
mem[X,0x000000008001E964] -> 0x05B7
mem[X,0x000000008001E966] -> 0x0000
[3527] [M]: 0x000000008001E964 (0x000005B7) lui a1, 0x0
x11 <- 0x0000000000000000
mem[X,0x000000008001E968] -> 0x8593
mem[X,0x000000008001E96A] -> 0x0005
[3528] [M]: 0x000000008001E968 (0x00058593) addi a1, a1, 0x0
x11 <- 0x0000000000000000
mem[X,0x000000008001E96C] -> 0x9593
mem[X,0x000000008001E96E] -> 0x00B5
[3529] [M]: 0x000000008001E96C (0x00B59593) slli a1, a1, 0xb
x11 <- 0x0000000000000000
mem[X,0x000000008001E970] -> 0x8593
mem[X,0x000000008001E972] -> 0x5A85
[3530] [M]: 0x000000008001E970 (0x5A858593) addi a1, a1, 0x5a8
x11 <- 0x00000000000005A8
mem[X,0x000000008001E974] -> 0x9593
mem[X,0x000000008001E976] -> 0x00B5
[3531] [M]: 0x000000008001E974 (0x00B59593) slli a1, a1, 0xb
x11 <- 0x00000000002D4000
mem[X,0x000000008001E978] -> 0x8593
mem[X,0x000000008001E97A] -> 0x13C5
[3532] [M]: 0x000000008001E978 (0x13C58593) addi a1, a1, 0x13c
x11 <- 0x00000000002D413C
mem[X,0x000000008001E97C] -> 0x9593
mem[X,0x000000008001E97E] -> 0x00A5
[3533] [M]: 0x000000008001E97C (0x00A59593) slli a1, a1, 0xa
x11 <- 0x00000000B504F000
mem[X,0x000000008001E980] -> 0x8593
mem[X,0x000000008001E982] -> 0x3325
[3534] [M]: 0x000000008001E980 (0x33258593) addi a1, a1, 0x332
x11 <- 0x00000000B504F332
mem[X,0x000000008001E984] -> 0x0113
mem[X,0x000000008001E986] -> 0x0000
[3535] [M]: 0x000000008001E984 (0x00000113) addi sp, zero, 0x0
x2 <- 0x0000000000000000
mem[X,0x000000008001E988] -> 0x006F
mem[X,0x000000008001E98A] -> 0x2B10
[3536] [M]: 0x000000008001E988 (0x2B10006F) jal zero, 0xab0
mem[X,0x000000008001F438] -> 0x4A63
mem[X,0x000000008001F43A] -> 0xD4B5
[3537] [M]: 0x000000008001F438 (0xD4B54A63) blt a0, a1, -0xaac
mem[X,0x000000008001E98C] -> 0x0113
mem[X,0x000000008001E98E] -> 0x0011
[3538] [M]: 0x000000008001E98C (0x00110113) addi sp, sp, 0x1
x2 <- 0x0000000000000001
mem[X,0x000000008001E990] -> 0x006F
mem[X,0x000000008001E992] -> 0x2BD0
[3539] [M]: 0x000000008001E990 (0x2BD0006F) jal zero, 0xabc
mem[X,0x000000008001F44C] -> 0xB423
mem[X,0x000000008001F44E] -> 0x7A20
[3540] [M]: 0x000000008001F44C (0x7A20B423) sd sp, 0x7a8(ra)
mem[0x000000008004F980] <- 0x0000000000000001
mem[X,0x000000008001F450] -> 0x0513
mem[X,0x000000008001F452] -> 0x0050
[3541] [M]: 0x000000008001F450 (0x00500513) addi a0, zero, 0x5
x10 <- 0x0000000000000005
mem[X,0x000000008001F454] -> 0x55B7
mem[X,0x000000008001F456] -> 0x5555
[3542] [M]: 0x000000008001F454 (0x555555B7) lui a1, 0x55555
x11 <- 0x0000000055555000
mem[X,0x000000008001F458] -> 0x8593
mem[X,0x000000008001F45A] -> 0x5555
[3543] [M]: 0x000000008001F458 (0x55558593) addi a1, a1, 0x555
x11 <- 0x0000000055555555
mem[X,0x000000008001F45C] -> 0x9593
mem[X,0x000000008001F45E] -> 0x00B5
[3544] [M]: 0x000000008001F45C (0x00B59593) slli a1, a1, 0xb
x11 <- 0x000002AAAAAAA800
mem[X,0x000000008001F460] -> 0x8593
mem[X,0x000000008001F462] -> 0x2AA5
[3545] [M]: 0x000000008001F460 (0x2AA58593) addi a1, a1, 0x2aa
x11 <- 0x000002AAAAAAAAAA
mem[X,0x000000008001F464] -> 0x9593
mem[X,0x000000008001F466] -> 0x00B5
[3546] [M]: 0x000000008001F464 (0x00B59593) slli a1, a1, 0xb
x11 <- 0x0015555555555000
mem[X,0x000000008001F468] -> 0x8593
mem[X,0x000000008001F46A] -> 0x5555
[3547] [M]: 0x000000008001F468 (0x55558593) addi a1, a1, 0x555
x11 <- 0x0015555555555555
mem[X,0x000000008001F46C] -> 0x9593
mem[X,0x000000008001F46E] -> 0x00A5
[3548] [M]: 0x000000008001F46C (0x00A59593) slli a1, a1, 0xa
x11 <- 0x5555555555555400
mem[X,0x000000008001F470] -> 0x8593
mem[X,0x000000008001F472] -> 0x1565
[3549] [M]: 0x000000008001F470 (0x15658593) addi a1, a1, 0x156
x11 <- 0x5555555555555556
mem[X,0x000000008001F474] -> 0x0113
mem[X,0x000000008001F476] -> 0x0000
[3550] [M]: 0x000000008001F474 (0x00000113) addi sp, zero, 0x0
x2 <- 0x0000000000000000
mem[X,0x000000008001F478] -> 0x006F
mem[X,0x000000008001F47A] -> 0x00C0
[3551] [M]: 0x000000008001F478 (0x00C0006F) jal zero, 0xc
mem[X,0x000000008001F484] -> 0x4063
mem[X,0x000000008001F486] -> 0x10B5
[3552] [M]: 0x000000008001F484 (0x10B54063) blt a0, a1, 0x100
mem[X,0x000000008001F584] -> 0x0113
mem[X,0x000000008001F586] -> 0x0031
[3553] [M]: 0x000000008001F584 (0x00310113) addi sp, sp, 0x3
x2 <- 0x0000000000000003
mem[X,0x000000008001F588] -> 0x006F
mem[X,0x000000008001F58A] -> 0x0040
[3554] [M]: 0x000000008001F588 (0x0040006F) jal zero, 0x4
mem[X,0x000000008001F58C] -> 0xB823
mem[X,0x000000008001F58E] -> 0x7A20
[3555] [M]: 0x000000008001F58C (0x7A20B823) sd sp, 0x7b0(ra)
mem[0x000000008004F988] <- 0x0000000000000003
mem[X,0x000000008001F590] -> 0x0513
mem[X,0x000000008001F592] -> 0x0050
[3556] [M]: 0x000000008001F590 (0x00500513) addi a0, zero, 0x5
x10 <- 0x0000000000000005
mem[X,0x000000008001F594] -> 0xB5B7
mem[X,0x000000008001F596] -> 0xAAAA
[3557] [M]: 0x000000008001F594 (0xAAAAB5B7) lui a1, -0x55555
x11 <- 0xFFFFFFFFAAAAB000
mem[X,0x000000008001F598] -> 0x8593
mem[X,0x000000008001F59A] -> 0xAAA5
[3558] [M]: 0x000000008001F598 (0xAAA58593) addi a1, a1, -0x556
x11 <- 0xFFFFFFFFAAAAAAAA
mem[X,0x000000008001F59C] -> 0x9593
mem[X,0x000000008001F59E] -> 0x00B5
[3559] [M]: 0x000000008001F59C (0x00B59593) slli a1, a1, 0xb
x11 <- 0xFFFFFD5555555000
mem[X,0x000000008001F5A0] -> 0x8593
mem[X,0x000000008001F5A2] -> 0x5555
[3560] [M]: 0x000000008001F5A0 (0x55558593) addi a1, a1, 0x555
x11 <- 0xFFFFFD5555555555
mem[X,0x000000008001F5A4] -> 0x9593
mem[X,0x000000008001F5A6] -> 0x00B5
[3561] [M]: 0x000000008001F5A4 (0x00B59593) slli a1, a1, 0xb
x11 <- 0xFFEAAAAAAAAAA800
mem[X,0x000000008001F5A8] -> 0x8593
mem[X,0x000000008001F5AA] -> 0x2AA5
[3562] [M]: 0x000000008001F5A8 (0x2AA58593) addi a1, a1, 0x2aa
x11 <- 0xFFEAAAAAAAAAAAAA
mem[X,0x000000008001F5AC] -> 0x9593
mem[X,0x000000008001F5AE] -> 0x00A5
[3563] [M]: 0x000000008001F5AC (0x00A59593) slli a1, a1, 0xa
x11 <- 0xAAAAAAAAAAAAA800
mem[X,0x000000008001F5B0] -> 0x8593
mem[X,0x000000008001F5B2] -> 0x2AB5
[3564] [M]: 0x000000008001F5B0 (0x2AB58593) addi a1, a1, 0x2ab
x11 <- 0xAAAAAAAAAAAAAAAB
mem[X,0x000000008001F5B4] -> 0x0113
mem[X,0x000000008001F5B6] -> 0x0000
[3565] [M]: 0x000000008001F5B4 (0x00000113) addi sp, zero, 0x0
x2 <- 0x0000000000000000
mem[X,0x000000008001F5B8] -> 0x006F
mem[X,0x000000008001F5BA] -> 0x00C0
[3566] [M]: 0x000000008001F5B8 (0x00C0006F) jal zero, 0xc
mem[X,0x000000008001F5C4] -> 0x4CE3
mem[X,0x000000008001F5C6] -> 0xFEB5
[3567] [M]: 0x000000008001F5C4 (0xFEB54CE3) blt a0, a1, -0x8
mem[X,0x000000008001F5C8] -> 0x0113
mem[X,0x000000008001F5CA] -> 0x0021
[3568] [M]: 0x000000008001F5C8 (0x00210113) addi sp, sp, 0x2
x2 <- 0x0000000000000002
mem[X,0x000000008001F5CC] -> 0x006F
mem[X,0x000000008001F5CE] -> 0x00C0
[3569] [M]: 0x000000008001F5CC (0x00C0006F) jal zero, 0xc
mem[X,0x000000008001F5D8] -> 0xBC23
mem[X,0x000000008001F5DA] -> 0x7A20
[3570] [M]: 0x000000008001F5D8 (0x7A20BC23) sd sp, 0x7b8(ra)
mem[0x000000008004F990] <- 0x0000000000000002
mem[X,0x000000008001F5DC] -> 0x0513
mem[X,0x000000008001F5DE] -> 0x0050
[3571] [M]: 0x000000008001F5DC (0x00500513) addi a0, zero, 0x5
x10 <- 0x0000000000000005
mem[X,0x000000008001F5E0] -> 0x0593
mem[X,0x000000008001F5E2] -> 0x0060
[3572] [M]: 0x000000008001F5E0 (0x00600593) addi a1, zero, 0x6
x11 <- 0x0000000000000006
mem[X,0x000000008001F5E4] -> 0x0113
mem[X,0x000000008001F5E6] -> 0x0000
[3573] [M]: 0x000000008001F5E4 (0x00000113) addi sp, zero, 0x0
x2 <- 0x0000000000000000
mem[X,0x000000008001F5E8] -> 0x006F
mem[X,0x000000008001F5EA] -> 0x00C0
[3574] [M]: 0x000000008001F5E8 (0x00C0006F) jal zero, 0xc
mem[X,0x000000008001F5F4] -> 0x4063
mem[X,0x000000008001F5F6] -> 0x20B5
[3575] [M]: 0x000000008001F5F4 (0x20B54063) blt a0, a1, 0x200
mem[X,0x000000008001F7F4] -> 0x0113
mem[X,0x000000008001F7F6] -> 0x0031
[3576] [M]: 0x000000008001F7F4 (0x00310113) addi sp, sp, 0x3
x2 <- 0x0000000000000003
mem[X,0x000000008001F7F8] -> 0x006F
mem[X,0x000000008001F7FA] -> 0x0040
[3577] [M]: 0x000000008001F7F8 (0x0040006F) jal zero, 0x4
mem[X,0x000000008001F7FC] -> 0xB023
mem[X,0x000000008001F7FE] -> 0x7C20
[3578] [M]: 0x000000008001F7FC (0x7C20B023) sd sp, 0x7c0(ra)
mem[0x000000008004F998] <- 0x0000000000000003
mem[X,0x000000008001F800] -> 0x0513
mem[X,0x000000008001F802] -> 0x0050
[3579] [M]: 0x000000008001F800 (0x00500513) addi a0, zero, 0x5
x10 <- 0x0000000000000005
mem[X,0x000000008001F804] -> 0x35B7
mem[X,0x000000008001F806] -> 0x3333
[3580] [M]: 0x000000008001F804 (0x333335B7) lui a1, 0x33333
x11 <- 0x0000000033333000
mem[X,0x000000008001F808] -> 0x8593
mem[X,0x000000008001F80A] -> 0x3335
[3581] [M]: 0x000000008001F808 (0x33358593) addi a1, a1, 0x333
x11 <- 0x0000000033333333
mem[X,0x000000008001F80C] -> 0x9593
mem[X,0x000000008001F80E] -> 0x00B5
[3582] [M]: 0x000000008001F80C (0x00B59593) slli a1, a1, 0xb
x11 <- 0x0000019999999800
mem[X,0x000000008001F810] -> 0x8593
mem[X,0x000000008001F812] -> 0x1995
[3583] [M]: 0x000000008001F810 (0x19958593) addi a1, a1, 0x199
x11 <- 0x0000019999999999
mem[X,0x000000008001F814] -> 0x9593
mem[X,0x000000008001F816] -> 0x00B5
[3584] [M]: 0x000000008001F814 (0x00B59593) slli a1, a1, 0xb
x11 <- 0x000CCCCCCCCCC800
mem[X,0x000000008001F818] -> 0x8593
mem[X,0x000000008001F81A] -> 0x4CC5
[3585] [M]: 0x000000008001F818 (0x4CC58593) addi a1, a1, 0x4cc
x11 <- 0x000CCCCCCCCCCCCC
mem[X,0x000000008001F81C] -> 0x9593
mem[X,0x000000008001F81E] -> 0x00A5
[3586] [M]: 0x000000008001F81C (0x00A59593) slli a1, a1, 0xa
x11 <- 0x3333333333333000
mem[X,0x000000008001F820] -> 0x8593
mem[X,0x000000008001F822] -> 0x3345
[3587] [M]: 0x000000008001F820 (0x33458593) addi a1, a1, 0x334
x11 <- 0x3333333333333334
mem[X,0x000000008001F824] -> 0x0113
mem[X,0x000000008001F826] -> 0x0000
[3588] [M]: 0x000000008001F824 (0x00000113) addi sp, zero, 0x0
x2 <- 0x0000000000000000
mem[X,0x000000008001F828] -> 0x006F
mem[X,0x000000008001F82A] -> 0x0180
[3589] [M]: 0x000000008001F828 (0x0180006F) jal zero, 0x18
mem[X,0x000000008001F840] -> 0x46E3
mem[X,0x000000008001F842] -> 0xFEB5
[3590] [M]: 0x000000008001F840 (0xFEB546E3) blt a0, a1, -0x14
mem[X,0x000000008001F82C] -> 0x0113
mem[X,0x000000008001F82E] -> 0x0011
[3591] [M]: 0x000000008001F82C (0x00110113) addi sp, sp, 0x1
x2 <- 0x0000000000000001
mem[X,0x000000008001F830] -> 0x006F
mem[X,0x000000008001F832] -> 0x0240
[3592] [M]: 0x000000008001F830 (0x0240006F) jal zero, 0x24
mem[X,0x000000008001F854] -> 0xB423
mem[X,0x000000008001F856] -> 0x7C20
[3593] [M]: 0x000000008001F854 (0x7C20B423) sd sp, 0x7c8(ra)
mem[0x000000008004F9A0] <- 0x0000000000000001
mem[X,0x000000008001F858] -> 0x0513
mem[X,0x000000008001F85A] -> 0x0050
[3594] [M]: 0x000000008001F858 (0x00500513) addi a0, zero, 0x5
x10 <- 0x0000000000000005
mem[X,0x000000008001F85C] -> 0x65B7
mem[X,0x000000008001F85E] -> 0x6666
[3595] [M]: 0x000000008001F85C (0x666665B7) lui a1, 0x66666
x11 <- 0x0000000066666000
mem[X,0x000000008001F860] -> 0x8593
mem[X,0x000000008001F862] -> 0x6665
[3596] [M]: 0x000000008001F860 (0x66658593) addi a1, a1, 0x666
x11 <- 0x0000000066666666
mem[X,0x000000008001F864] -> 0x9593
mem[X,0x000000008001F866] -> 0x00B5
[3597] [M]: 0x000000008001F864 (0x00B59593) slli a1, a1, 0xb
x11 <- 0x0000033333333000
mem[X,0x000000008001F868] -> 0x8593
mem[X,0x000000008001F86A] -> 0x3335
[3598] [M]: 0x000000008001F868 (0x33358593) addi a1, a1, 0x333
x11 <- 0x0000033333333333
mem[X,0x000000008001F86C] -> 0x9593
mem[X,0x000000008001F86E] -> 0x00B5
[3599] [M]: 0x000000008001F86C (0x00B59593) slli a1, a1, 0xb
x11 <- 0x0019999999999800
clint::tick mtime <- 0x0000000000000024
 clint timer pending at mtime 0x0000000000000024
htif::tick 0x0000000000000000
mem[X,0x000000008001F870] -> 0x8593
mem[X,0x000000008001F872] -> 0x1995
[3600] [M]: 0x000000008001F870 (0x19958593) addi a1, a1, 0x199
x11 <- 0x0019999999999999
mem[X,0x000000008001F874] -> 0x9593
mem[X,0x000000008001F876] -> 0x00A5
[3601] [M]: 0x000000008001F874 (0x00A59593) slli a1, a1, 0xa
x11 <- 0x6666666666666400
mem[X,0x000000008001F878] -> 0x8593
mem[X,0x000000008001F87A] -> 0x2675
[3602] [M]: 0x000000008001F878 (0x26758593) addi a1, a1, 0x267
x11 <- 0x6666666666666667
mem[X,0x000000008001F87C] -> 0x0113
mem[X,0x000000008001F87E] -> 0x0000
[3603] [M]: 0x000000008001F87C (0x00000113) addi sp, zero, 0x0
x2 <- 0x0000000000000000
mem[X,0x000000008001F880] -> 0x006F
mem[X,0x000000008001F882] -> 0x00C0
[3604] [M]: 0x000000008001F880 (0x00C0006F) jal zero, 0xc
mem[X,0x000000008001F88C] -> 0x4CE3
mem[X,0x000000008001F88E] -> 0xFEB5
[3605] [M]: 0x000000008001F88C (0xFEB54CE3) blt a0, a1, -0x8
mem[X,0x000000008001F884] -> 0x0113
mem[X,0x000000008001F886] -> 0x0011
[3606] [M]: 0x000000008001F884 (0x00110113) addi sp, sp, 0x1
x2 <- 0x0000000000000001
mem[X,0x000000008001F888] -> 0x006F
mem[X,0x000000008001F88A] -> 0x0180
[3607] [M]: 0x000000008001F888 (0x0180006F) jal zero, 0x18
mem[X,0x000000008001F8A0] -> 0xB823
mem[X,0x000000008001F8A2] -> 0x7C20
[3608] [M]: 0x000000008001F8A0 (0x7C20B823) sd sp, 0x7d0(ra)
mem[0x000000008004F9A8] <- 0x0000000000000001
mem[X,0x000000008001F8A4] -> 0x0513
mem[X,0x000000008001F8A6] -> 0x0050
[3609] [M]: 0x000000008001F8A4 (0x00500513) addi a0, zero, 0x5
x10 <- 0x0000000000000005
mem[X,0x000000008001F8A8] -> 0x05B7
mem[X,0x000000008001F8AA] -> 0x0000
[3610] [M]: 0x000000008001F8A8 (0x000005B7) lui a1, 0x0
x11 <- 0x0000000000000000
mem[X,0x000000008001F8AC] -> 0x8593
mem[X,0x000000008001F8AE] -> 0xFFF5
[3611] [M]: 0x000000008001F8AC (0xFFF58593) addi a1, a1, -0x1
x11 <- 0xFFFFFFFFFFFFFFFF
mem[X,0x000000008001F8B0] -> 0x9593
mem[X,0x000000008001F8B2] -> 0x00B5
[3612] [M]: 0x000000008001F8B0 (0x00B59593) slli a1, a1, 0xb
x11 <- 0xFFFFFFFFFFFFF800
mem[X,0x000000008001F8B4] -> 0x8593
mem[X,0x000000008001F8B6] -> 0x2575
[3613] [M]: 0x000000008001F8B4 (0x25758593) addi a1, a1, 0x257
x11 <- 0xFFFFFFFFFFFFFA57
mem[X,0x000000008001F8B8] -> 0x9593
mem[X,0x000000008001F8BA] -> 0x00B5
[3614] [M]: 0x000000008001F8B8 (0x00B59593) slli a1, a1, 0xb
x11 <- 0xFFFFFFFFFFD2B800
mem[X,0x000000008001F8BC] -> 0x8593
mem[X,0x000000008001F8BE] -> 0x6C35
[3615] [M]: 0x000000008001F8BC (0x6C358593) addi a1, a1, 0x6c3
x11 <- 0xFFFFFFFFFFD2BEC3
mem[X,0x000000008001F8C0] -> 0x9593
mem[X,0x000000008001F8C2] -> 0x00A5
[3616] [M]: 0x000000008001F8C0 (0x00A59593) slli a1, a1, 0xa
x11 <- 0xFFFFFFFF4AFB0C00
mem[X,0x000000008001F8C4] -> 0x8593
mem[X,0x000000008001F8C6] -> 0x0CE5
[3617] [M]: 0x000000008001F8C4 (0x0CE58593) addi a1, a1, 0xce
x11 <- 0xFFFFFFFF4AFB0CCE
mem[X,0x000000008001F8C8] -> 0x0113
mem[X,0x000000008001F8CA] -> 0x0000
[3618] [M]: 0x000000008001F8C8 (0x00000113) addi sp, zero, 0x0
x2 <- 0x0000000000000000
mem[X,0x000000008001F8CC] -> 0x006F
mem[X,0x000000008001F8CE] -> 0x00C0
[3619] [M]: 0x000000008001F8CC (0x00C0006F) jal zero, 0xc
mem[X,0x000000008001F8D8] -> 0x4CE3
mem[X,0x000000008001F8DA] -> 0xFEB5
[3620] [M]: 0x000000008001F8D8 (0xFEB54CE3) blt a0, a1, -0x8
mem[X,0x000000008001F8DC] -> 0x0113
mem[X,0x000000008001F8DE] -> 0x0021
[3621] [M]: 0x000000008001F8DC (0x00210113) addi sp, sp, 0x2
x2 <- 0x0000000000000002
mem[X,0x000000008001F8E0] -> 0x006F
mem[X,0x000000008001F8E2] -> 0x00C0
[3622] [M]: 0x000000008001F8E0 (0x00C0006F) jal zero, 0xc
mem[X,0x000000008001F8EC] -> 0xBC23
mem[X,0x000000008001F8EE] -> 0x7C20
[3623] [M]: 0x000000008001F8EC (0x7C20BC23) sd sp, 0x7d8(ra)
mem[0x000000008004F9B0] <- 0x0000000000000002
mem[X,0x000000008001F8F0] -> 0x0513
mem[X,0x000000008001F8F2] -> 0x0050
[3624] [M]: 0x000000008001F8F0 (0x00500513) addi a0, zero, 0x5
x10 <- 0x0000000000000005
mem[X,0x000000008001F8F4] -> 0x05B7
mem[X,0x000000008001F8F6] -> 0x0000
[3625] [M]: 0x000000008001F8F4 (0x000005B7) lui a1, 0x0
x11 <- 0x0000000000000000
mem[X,0x000000008001F8F8] -> 0x8593
mem[X,0x000000008001F8FA] -> 0x0005
[3626] [M]: 0x000000008001F8F8 (0x00058593) addi a1, a1, 0x0
x11 <- 0x0000000000000000
mem[X,0x000000008001F8FC] -> 0x9593
mem[X,0x000000008001F8FE] -> 0x00B5
[3627] [M]: 0x000000008001F8FC (0x00B59593) slli a1, a1, 0xb
x11 <- 0x0000000000000000
mem[X,0x000000008001F900] -> 0x8593
mem[X,0x000000008001F902] -> 0x5A85
[3628] [M]: 0x000000008001F900 (0x5A858593) addi a1, a1, 0x5a8
x11 <- 0x00000000000005A8
mem[X,0x000000008001F904] -> 0x9593
mem[X,0x000000008001F906] -> 0x00B5
[3629] [M]: 0x000000008001F904 (0x00B59593) slli a1, a1, 0xb
x11 <- 0x00000000002D4000
mem[X,0x000000008001F908] -> 0x8593
mem[X,0x000000008001F90A] -> 0x13C5
[3630] [M]: 0x000000008001F908 (0x13C58593) addi a1, a1, 0x13c
x11 <- 0x00000000002D413C
mem[X,0x000000008001F90C] -> 0x9593
mem[X,0x000000008001F90E] -> 0x00A5
[3631] [M]: 0x000000008001F90C (0x00A59593) slli a1, a1, 0xa
x11 <- 0x00000000B504F000
mem[X,0x000000008001F910] -> 0x8593
mem[X,0x000000008001F912] -> 0x3345
[3632] [M]: 0x000000008001F910 (0x33458593) addi a1, a1, 0x334
x11 <- 0x00000000B504F334
mem[X,0x000000008001F914] -> 0x0113
mem[X,0x000000008001F916] -> 0x0000
[3633] [M]: 0x000000008001F914 (0x00000113) addi sp, zero, 0x0
x2 <- 0x0000000000000000
mem[X,0x000000008001F918] -> 0x006F
mem[X,0x000000008001F91A] -> 0x00C0
[3634] [M]: 0x000000008001F918 (0x00C0006F) jal zero, 0xc
mem[X,0x000000008001F924] -> 0x4663
mem[X,0x000000008001F926] -> 0x00B5
[3635] [M]: 0x000000008001F924 (0x00B54663) blt a0, a1, 0xc
mem[X,0x000000008001F930] -> 0x0113
mem[X,0x000000008001F932] -> 0x0031
[3636] [M]: 0x000000008001F930 (0x00310113) addi sp, sp, 0x3
x2 <- 0x0000000000000003
mem[X,0x000000008001F934] -> 0x006F
mem[X,0x000000008001F936] -> 0x0040
[3637] [M]: 0x000000008001F934 (0x0040006F) jal zero, 0x4
mem[X,0x000000008001F938] -> 0xB023
mem[X,0x000000008001F93A] -> 0x7E20
[3638] [M]: 0x000000008001F938 (0x7E20B023) sd sp, 0x7e0(ra)
mem[0x000000008004F9B8] <- 0x0000000000000003
mem[X,0x000000008001F93C] -> 0x3537
mem[X,0x000000008001F93E] -> 0x3333
[3639] [M]: 0x000000008001F93C (0x33333537) lui a0, 0x33333
x10 <- 0x0000000033333000
mem[X,0x000000008001F940] -> 0x0513
mem[X,0x000000008001F942] -> 0x3335
[3640] [M]: 0x000000008001F940 (0x33350513) addi a0, a0, 0x333
x10 <- 0x0000000033333333
mem[X,0x000000008001F944] -> 0x1513
mem[X,0x000000008001F946] -> 0x00B5
[3641] [M]: 0x000000008001F944 (0x00B51513) slli a0, a0, 0xb
x10 <- 0x0000019999999800
mem[X,0x000000008001F948] -> 0x0513
mem[X,0x000000008001F94A] -> 0x1995
[3642] [M]: 0x000000008001F948 (0x19950513) addi a0, a0, 0x199
x10 <- 0x0000019999999999
mem[X,0x000000008001F94C] -> 0x1513
mem[X,0x000000008001F94E] -> 0x00B5
[3643] [M]: 0x000000008001F94C (0x00B51513) slli a0, a0, 0xb
x10 <- 0x000CCCCCCCCCC800
mem[X,0x000000008001F950] -> 0x0513
mem[X,0x000000008001F952] -> 0x4CC5
[3644] [M]: 0x000000008001F950 (0x4CC50513) addi a0, a0, 0x4cc
x10 <- 0x000CCCCCCCCCCCCC
mem[X,0x000000008001F954] -> 0x1513
mem[X,0x000000008001F956] -> 0x00A5
[3645] [M]: 0x000000008001F954 (0x00A51513) slli a0, a0, 0xa
x10 <- 0x3333333333333000
mem[X,0x000000008001F958] -> 0x0513
mem[X,0x000000008001F95A] -> 0x3335
[3646] [M]: 0x000000008001F958 (0x33350513) addi a0, a0, 0x333
x10 <- 0x3333333333333333
mem[X,0x000000008001F95C] -> 0x0593
mem[X,0x000000008001F95E] -> 0x0030
[3647] [M]: 0x000000008001F95C (0x00300593) addi a1, zero, 0x3
x11 <- 0x0000000000000003
mem[X,0x000000008001F960] -> 0x0113
mem[X,0x000000008001F962] -> 0x0000
[3648] [M]: 0x000000008001F960 (0x00000113) addi sp, zero, 0x0
x2 <- 0x0000000000000000
mem[X,0x000000008001F964] -> 0x006F
mem[X,0x000000008001F966] -> 0x0180
[3649] [M]: 0x000000008001F964 (0x0180006F) jal zero, 0x18
mem[X,0x000000008001F97C] -> 0x46E3
mem[X,0x000000008001F97E] -> 0xFEB5
[3650] [M]: 0x000000008001F97C (0xFEB546E3) blt a0, a1, -0x14
mem[X,0x000000008001F980] -> 0x0113
mem[X,0x000000008001F982] -> 0x0021
[3651] [M]: 0x000000008001F980 (0x00210113) addi sp, sp, 0x2
x2 <- 0x0000000000000002
mem[X,0x000000008001F984] -> 0x006F
mem[X,0x000000008001F986] -> 0x00C0
[3652] [M]: 0x000000008001F984 (0x00C0006F) jal zero, 0xc
mem[X,0x000000008001F990] -> 0xB423
mem[X,0x000000008001F992] -> 0x7E20
[3653] [M]: 0x000000008001F990 (0x7E20B423) sd sp, 0x7e8(ra)
mem[0x000000008004F9C0] <- 0x0000000000000002
mem[X,0x000000008001F994] -> 0x3537
mem[X,0x000000008001F996] -> 0x3333
[3654] [M]: 0x000000008001F994 (0x33333537) lui a0, 0x33333
x10 <- 0x0000000033333000
mem[X,0x000000008001F998] -> 0x0513
mem[X,0x000000008001F99A] -> 0x3335
[3655] [M]: 0x000000008001F998 (0x33350513) addi a0, a0, 0x333
x10 <- 0x0000000033333333
mem[X,0x000000008001F99C] -> 0x1513
mem[X,0x000000008001F99E] -> 0x00B5
[3656] [M]: 0x000000008001F99C (0x00B51513) slli a0, a0, 0xb
x10 <- 0x0000019999999800
mem[X,0x000000008001F9A0] -> 0x0513
mem[X,0x000000008001F9A2] -> 0x1995
[3657] [M]: 0x000000008001F9A0 (0x19950513) addi a0, a0, 0x199
x10 <- 0x0000019999999999
mem[X,0x000000008001F9A4] -> 0x1513
mem[X,0x000000008001F9A6] -> 0x00B5
[3658] [M]: 0x000000008001F9A4 (0x00B51513) slli a0, a0, 0xb
x10 <- 0x000CCCCCCCCCC800
mem[X,0x000000008001F9A8] -> 0x0513
mem[X,0x000000008001F9AA] -> 0x4CC5
[3659] [M]: 0x000000008001F9A8 (0x4CC50513) addi a0, a0, 0x4cc
x10 <- 0x000CCCCCCCCCCCCC
mem[X,0x000000008001F9AC] -> 0x1513
mem[X,0x000000008001F9AE] -> 0x00A5
[3660] [M]: 0x000000008001F9AC (0x00A51513) slli a0, a0, 0xa
x10 <- 0x3333333333333000
mem[X,0x000000008001F9B0] -> 0x0513
mem[X,0x000000008001F9B2] -> 0x3335
[3661] [M]: 0x000000008001F9B0 (0x33350513) addi a0, a0, 0x333
x10 <- 0x3333333333333333
mem[X,0x000000008001F9B4] -> 0x55B7
mem[X,0x000000008001F9B6] -> 0x5555
[3662] [M]: 0x000000008001F9B4 (0x555555B7) lui a1, 0x55555
x11 <- 0x0000000055555000
mem[X,0x000000008001F9B8] -> 0x8593
mem[X,0x000000008001F9BA] -> 0x5555
[3663] [M]: 0x000000008001F9B8 (0x55558593) addi a1, a1, 0x555
x11 <- 0x0000000055555555
mem[X,0x000000008001F9BC] -> 0x9593
mem[X,0x000000008001F9BE] -> 0x00B5
[3664] [M]: 0x000000008001F9BC (0x00B59593) slli a1, a1, 0xb
x11 <- 0x000002AAAAAAA800
mem[X,0x000000008001F9C0] -> 0x8593
mem[X,0x000000008001F9C2] -> 0x2AA5
[3665] [M]: 0x000000008001F9C0 (0x2AA58593) addi a1, a1, 0x2aa
x11 <- 0x000002AAAAAAAAAA
mem[X,0x000000008001F9C4] -> 0x9593
mem[X,0x000000008001F9C6] -> 0x00B5
[3666] [M]: 0x000000008001F9C4 (0x00B59593) slli a1, a1, 0xb
x11 <- 0x0015555555555000
mem[X,0x000000008001F9C8] -> 0x8593
mem[X,0x000000008001F9CA] -> 0x5555
[3667] [M]: 0x000000008001F9C8 (0x55558593) addi a1, a1, 0x555
x11 <- 0x0015555555555555
mem[X,0x000000008001F9CC] -> 0x9593
mem[X,0x000000008001F9CE] -> 0x00A5
[3668] [M]: 0x000000008001F9CC (0x00A59593) slli a1, a1, 0xa
x11 <- 0x5555555555555400
mem[X,0x000000008001F9D0] -> 0x8593
mem[X,0x000000008001F9D2] -> 0x1555
[3669] [M]: 0x000000008001F9D0 (0x15558593) addi a1, a1, 0x155
x11 <- 0x5555555555555555
mem[X,0x000000008001F9D4] -> 0x0113
mem[X,0x000000008001F9D6] -> 0x0000
[3670] [M]: 0x000000008001F9D4 (0x00000113) addi sp, zero, 0x0
x2 <- 0x0000000000000000
mem[X,0x000000008001F9D8] -> 0x006F
mem[X,0x000000008001F9DA] -> 0x00C0
[3671] [M]: 0x000000008001F9D8 (0x00C0006F) jal zero, 0xc
mem[X,0x000000008001F9E4] -> 0x4863
mem[X,0x000000008001F9E6] -> 0x00B5
[3672] [M]: 0x000000008001F9E4 (0x00B54863) blt a0, a1, 0x10
mem[X,0x000000008001F9F4] -> 0x0113
mem[X,0x000000008001F9F6] -> 0x0031
[3673] [M]: 0x000000008001F9F4 (0x00310113) addi sp, sp, 0x3
x2 <- 0x0000000000000003
mem[X,0x000000008001F9F8] -> 0x006F
mem[X,0x000000008001F9FA] -> 0x0040
[3674] [M]: 0x000000008001F9F8 (0x0040006F) jal zero, 0x4
mem[X,0x000000008001F9FC] -> 0xB823
mem[X,0x000000008001F9FE] -> 0x7E20
[3675] [M]: 0x000000008001F9FC (0x7E20B823) sd sp, 0x7f0(ra)
mem[0x000000008004F9C8] <- 0x0000000000000003
mem[X,0x000000008001FA00] -> 0x3537
mem[X,0x000000008001FA02] -> 0x3333
[3676] [M]: 0x000000008001FA00 (0x33333537) lui a0, 0x33333
x10 <- 0x0000000033333000
mem[X,0x000000008001FA04] -> 0x0513
mem[X,0x000000008001FA06] -> 0x3335
[3677] [M]: 0x000000008001FA04 (0x33350513) addi a0, a0, 0x333
x10 <- 0x0000000033333333
mem[X,0x000000008001FA08] -> 0x1513
mem[X,0x000000008001FA0A] -> 0x00B5
[3678] [M]: 0x000000008001FA08 (0x00B51513) slli a0, a0, 0xb
x10 <- 0x0000019999999800
mem[X,0x000000008001FA0C] -> 0x0513
mem[X,0x000000008001FA0E] -> 0x1995
[3679] [M]: 0x000000008001FA0C (0x19950513) addi a0, a0, 0x199
x10 <- 0x0000019999999999
mem[X,0x000000008001FA10] -> 0x1513
mem[X,0x000000008001FA12] -> 0x00B5
[3680] [M]: 0x000000008001FA10 (0x00B51513) slli a0, a0, 0xb
x10 <- 0x000CCCCCCCCCC800
mem[X,0x000000008001FA14] -> 0x0513
mem[X,0x000000008001FA16] -> 0x4CC5
[3681] [M]: 0x000000008001FA14 (0x4CC50513) addi a0, a0, 0x4cc
x10 <- 0x000CCCCCCCCCCCCC
mem[X,0x000000008001FA18] -> 0x1513
mem[X,0x000000008001FA1A] -> 0x00A5
[3682] [M]: 0x000000008001FA18 (0x00A51513) slli a0, a0, 0xa
x10 <- 0x3333333333333000
mem[X,0x000000008001FA1C] -> 0x0513
mem[X,0x000000008001FA1E] -> 0x3335
[3683] [M]: 0x000000008001FA1C (0x33350513) addi a0, a0, 0x333
x10 <- 0x3333333333333333
mem[X,0x000000008001FA20] -> 0xB5B7
mem[X,0x000000008001FA22] -> 0xAAAA
[3684] [M]: 0x000000008001FA20 (0xAAAAB5B7) lui a1, -0x55555
x11 <- 0xFFFFFFFFAAAAB000
mem[X,0x000000008001FA24] -> 0x8593
mem[X,0x000000008001FA26] -> 0xAAA5
[3685] [M]: 0x000000008001FA24 (0xAAA58593) addi a1, a1, -0x556
x11 <- 0xFFFFFFFFAAAAAAAA
mem[X,0x000000008001FA28] -> 0x9593
mem[X,0x000000008001FA2A] -> 0x00B5
[3686] [M]: 0x000000008001FA28 (0x00B59593) slli a1, a1, 0xb
x11 <- 0xFFFFFD5555555000
mem[X,0x000000008001FA2C] -> 0x8593
mem[X,0x000000008001FA2E] -> 0x5555
[3687] [M]: 0x000000008001FA2C (0x55558593) addi a1, a1, 0x555
x11 <- 0xFFFFFD5555555555
mem[X,0x000000008001FA30] -> 0x9593
mem[X,0x000000008001FA32] -> 0x00B5
[3688] [M]: 0x000000008001FA30 (0x00B59593) slli a1, a1, 0xb
x11 <- 0xFFEAAAAAAAAAA800
mem[X,0x000000008001FA34] -> 0x8593
mem[X,0x000000008001FA36] -> 0x2AA5
[3689] [M]: 0x000000008001FA34 (0x2AA58593) addi a1, a1, 0x2aa
x11 <- 0xFFEAAAAAAAAAAAAA
mem[X,0x000000008001FA38] -> 0x9593
mem[X,0x000000008001FA3A] -> 0x00A5
[3690] [M]: 0x000000008001FA38 (0x00A59593) slli a1, a1, 0xa
x11 <- 0xAAAAAAAAAAAAA800
mem[X,0x000000008001FA3C] -> 0x8593
mem[X,0x000000008001FA3E] -> 0x2AA5
[3691] [M]: 0x000000008001FA3C (0x2AA58593) addi a1, a1, 0x2aa
x11 <- 0xAAAAAAAAAAAAAAAA
mem[X,0x000000008001FA40] -> 0x0113
mem[X,0x000000008001FA42] -> 0x0000
[3692] [M]: 0x000000008001FA40 (0x00000113) addi sp, zero, 0x0
x2 <- 0x0000000000000000
mem[X,0x000000008001FA44] -> 0x006F
mem[X,0x000000008001FA46] -> 0x0100
[3693] [M]: 0x000000008001FA44 (0x0100006F) jal zero, 0x10
mem[X,0x000000008001FA54] -> 0x4AE3
mem[X,0x000000008001FA56] -> 0xFEB5
[3694] [M]: 0x000000008001FA54 (0xFEB54AE3) blt a0, a1, -0xc
mem[X,0x000000008001FA58] -> 0x0113
mem[X,0x000000008001FA5A] -> 0x0021
[3695] [M]: 0x000000008001FA58 (0x00210113) addi sp, sp, 0x2
x2 <- 0x0000000000000002
mem[X,0x000000008001FA5C] -> 0x006F
mem[X,0x000000008001FA5E] -> 0x00C0
[3696] [M]: 0x000000008001FA5C (0x00C0006F) jal zero, 0xc
mem[X,0x000000008001FA68] -> 0xBC23
mem[X,0x000000008001FA6A] -> 0x7E20
[3697] [M]: 0x000000008001FA68 (0x7E20BC23) sd sp, 0x7f8(ra)
mem[0x000000008004F9D0] <- 0x0000000000000002
mem[X,0x000000008001FA6C] -> 0x0013
mem[X,0x000000008001FA6E] -> 0x0000
[3698] [M]: 0x000000008001FA6C (0x00000013) addi zero, zero, 0x0
mem[X,0x000000008001FA70] -> 0x0013
mem[X,0x000000008001FA72] -> 0x0000
[3699] [M]: 0x000000008001FA70 (0x00000013) addi zero, zero, 0x0
clint::tick mtime <- 0x0000000000000025
 clint timer pending at mtime 0x0000000000000025
htif::tick 0x0000000000000000
mem[X,0x000000008001FA74] -> 0x0013
mem[X,0x000000008001FA76] -> 0x0000
[3700] [M]: 0x000000008001FA74 (0x00000013) addi zero, zero, 0x0
mem[X,0x000000008001FA78] -> 0x0013
mem[X,0x000000008001FA7A] -> 0x0000
[3701] [M]: 0x000000008001FA78 (0x00000013) addi zero, zero, 0x0
mem[X,0x000000008001FA7C] -> 0x0013
mem[X,0x000000008001FA7E] -> 0x0000
[3702] [M]: 0x000000008001FA7C (0x00000013) addi zero, zero, 0x0
mem[X,0x000000008001FA80] -> 0x0097
mem[X,0x000000008001FA82] -> 0x0003
[3703] [M]: 0x000000008001FA80 (0x00030097) auipc ra, 0x30
x1 <- 0x000000008004FA80
mem[X,0x000000008001FA84] -> 0x8093
mem[X,0x000000008001FA86] -> 0xF580
[3704] [M]: 0x000000008001FA84 (0xF5808093) addi ra, ra, -0xa8
x1 <- 0x000000008004F9D8
mem[X,0x000000008001FA88] -> 0x0013
mem[X,0x000000008001FA8A] -> 0x0000
[3705] [M]: 0x000000008001FA88 (0x00000013) addi zero, zero, 0x0
mem[X,0x000000008001FA8C] -> 0x0013
mem[X,0x000000008001FA8E] -> 0x0000
[3706] [M]: 0x000000008001FA8C (0x00000013) addi zero, zero, 0x0
mem[X,0x000000008001FA90] -> 0x0013
mem[X,0x000000008001FA92] -> 0x0000
[3707] [M]: 0x000000008001FA90 (0x00000013) addi zero, zero, 0x0
mem[X,0x000000008001FA94] -> 0x0013
mem[X,0x000000008001FA96] -> 0x0000
[3708] [M]: 0x000000008001FA94 (0x00000013) addi zero, zero, 0x0
mem[X,0x000000008001FA98] -> 0x0013
mem[X,0x000000008001FA9A] -> 0x0000
[3709] [M]: 0x000000008001FA98 (0x00000013) addi zero, zero, 0x0
mem[X,0x000000008001FA9C] -> 0x0013
mem[X,0x000000008001FA9E] -> 0x0000
[3710] [M]: 0x000000008001FA9C (0x00000013) addi zero, zero, 0x0
mem[X,0x000000008001FAA0] -> 0x3537
mem[X,0x000000008001FAA2] -> 0x3333
[3711] [M]: 0x000000008001FAA0 (0x33333537) lui a0, 0x33333
x10 <- 0x0000000033333000
mem[X,0x000000008001FAA4] -> 0x0513
mem[X,0x000000008001FAA6] -> 0x3335
[3712] [M]: 0x000000008001FAA4 (0x33350513) addi a0, a0, 0x333
x10 <- 0x0000000033333333
mem[X,0x000000008001FAA8] -> 0x1513
mem[X,0x000000008001FAAA] -> 0x00B5
[3713] [M]: 0x000000008001FAA8 (0x00B51513) slli a0, a0, 0xb
x10 <- 0x0000019999999800
mem[X,0x000000008001FAAC] -> 0x0513
mem[X,0x000000008001FAAE] -> 0x1995
[3714] [M]: 0x000000008001FAAC (0x19950513) addi a0, a0, 0x199
x10 <- 0x0000019999999999
mem[X,0x000000008001FAB0] -> 0x1513
mem[X,0x000000008001FAB2] -> 0x00B5
[3715] [M]: 0x000000008001FAB0 (0x00B51513) slli a0, a0, 0xb
x10 <- 0x000CCCCCCCCCC800
mem[X,0x000000008001FAB4] -> 0x0513
mem[X,0x000000008001FAB6] -> 0x4CC5
[3716] [M]: 0x000000008001FAB4 (0x4CC50513) addi a0, a0, 0x4cc
x10 <- 0x000CCCCCCCCCCCCC
mem[X,0x000000008001FAB8] -> 0x1513
mem[X,0x000000008001FABA] -> 0x00A5
[3717] [M]: 0x000000008001FAB8 (0x00A51513) slli a0, a0, 0xa
x10 <- 0x3333333333333000
mem[X,0x000000008001FABC] -> 0x0513
mem[X,0x000000008001FABE] -> 0x3335
[3718] [M]: 0x000000008001FABC (0x33350513) addi a0, a0, 0x333
x10 <- 0x3333333333333333
mem[X,0x000000008001FAC0] -> 0x0593
mem[X,0x000000008001FAC2] -> 0x0050
[3719] [M]: 0x000000008001FAC0 (0x00500593) addi a1, zero, 0x5
x11 <- 0x0000000000000005
mem[X,0x000000008001FAC4] -> 0x0113
mem[X,0x000000008001FAC6] -> 0x0000
[3720] [M]: 0x000000008001FAC4 (0x00000113) addi sp, zero, 0x0
x2 <- 0x0000000000000000
mem[X,0x000000008001FAC8] -> 0x006F
mem[X,0x000000008001FACA] -> 0x00C0
[3721] [M]: 0x000000008001FAC8 (0x00C0006F) jal zero, 0xc
mem[X,0x000000008001FAD4] -> 0x4663
mem[X,0x000000008001FAD6] -> 0x00B5
[3722] [M]: 0x000000008001FAD4 (0x00B54663) blt a0, a1, 0xc
mem[X,0x000000008001FAD8] -> 0x0113
mem[X,0x000000008001FADA] -> 0x0021
[3723] [M]: 0x000000008001FAD8 (0x00210113) addi sp, sp, 0x2
x2 <- 0x0000000000000002
mem[X,0x000000008001FADC] -> 0x006F
mem[X,0x000000008001FADE] -> 0x00C0
[3724] [M]: 0x000000008001FADC (0x00C0006F) jal zero, 0xc
mem[X,0x000000008001FAE8] -> 0xB023
mem[X,0x000000008001FAEA] -> 0x0020
[3725] [M]: 0x000000008001FAE8 (0x0020B023) sd sp, 0x0(ra)
mem[0x000000008004F9D8] <- 0x0000000000000002
mem[X,0x000000008001FAEC] -> 0x3537
mem[X,0x000000008001FAEE] -> 0x3333
[3726] [M]: 0x000000008001FAEC (0x33333537) lui a0, 0x33333
x10 <- 0x0000000033333000
mem[X,0x000000008001FAF0] -> 0x0513
mem[X,0x000000008001FAF2] -> 0x3335
[3727] [M]: 0x000000008001FAF0 (0x33350513) addi a0, a0, 0x333
x10 <- 0x0000000033333333
mem[X,0x000000008001FAF4] -> 0x1513
mem[X,0x000000008001FAF6] -> 0x00B5
[3728] [M]: 0x000000008001FAF4 (0x00B51513) slli a0, a0, 0xb
x10 <- 0x0000019999999800
mem[X,0x000000008001FAF8] -> 0x0513
mem[X,0x000000008001FAFA] -> 0x1995
[3729] [M]: 0x000000008001FAF8 (0x19950513) addi a0, a0, 0x199
x10 <- 0x0000019999999999
mem[X,0x000000008001FAFC] -> 0x1513
mem[X,0x000000008001FAFE] -> 0x00B5
[3730] [M]: 0x000000008001FAFC (0x00B51513) slli a0, a0, 0xb
x10 <- 0x000CCCCCCCCCC800
mem[X,0x000000008001FB00] -> 0x0513
mem[X,0x000000008001FB02] -> 0x4CC5
[3731] [M]: 0x000000008001FB00 (0x4CC50513) addi a0, a0, 0x4cc
x10 <- 0x000CCCCCCCCCCCCC
mem[X,0x000000008001FB04] -> 0x1513
mem[X,0x000000008001FB06] -> 0x00A5
[3732] [M]: 0x000000008001FB04 (0x00A51513) slli a0, a0, 0xa
x10 <- 0x3333333333333000
mem[X,0x000000008001FB08] -> 0x0513
mem[X,0x000000008001FB0A] -> 0x3335
[3733] [M]: 0x000000008001FB08 (0x33350513) addi a0, a0, 0x333
x10 <- 0x3333333333333333
mem[X,0x000000008001FB0C] -> 0x35B7
mem[X,0x000000008001FB0E] -> 0x3333
[3734] [M]: 0x000000008001FB0C (0x333335B7) lui a1, 0x33333
x11 <- 0x0000000033333000
mem[X,0x000000008001FB10] -> 0x8593
mem[X,0x000000008001FB12] -> 0x3335
[3735] [M]: 0x000000008001FB10 (0x33358593) addi a1, a1, 0x333
x11 <- 0x0000000033333333
mem[X,0x000000008001FB14] -> 0x9593
mem[X,0x000000008001FB16] -> 0x00B5
[3736] [M]: 0x000000008001FB14 (0x00B59593) slli a1, a1, 0xb
x11 <- 0x0000019999999800
mem[X,0x000000008001FB18] -> 0x8593
mem[X,0x000000008001FB1A] -> 0x1995
[3737] [M]: 0x000000008001FB18 (0x19958593) addi a1, a1, 0x199
x11 <- 0x0000019999999999
mem[X,0x000000008001FB1C] -> 0x9593
mem[X,0x000000008001FB1E] -> 0x00B5
[3738] [M]: 0x000000008001FB1C (0x00B59593) slli a1, a1, 0xb
x11 <- 0x000CCCCCCCCCC800
mem[X,0x000000008001FB20] -> 0x8593
mem[X,0x000000008001FB22] -> 0x4CC5
[3739] [M]: 0x000000008001FB20 (0x4CC58593) addi a1, a1, 0x4cc
x11 <- 0x000CCCCCCCCCCCCC
mem[X,0x000000008001FB24] -> 0x9593
mem[X,0x000000008001FB26] -> 0x00A5
[3740] [M]: 0x000000008001FB24 (0x00A59593) slli a1, a1, 0xa
x11 <- 0x3333333333333000
mem[X,0x000000008001FB28] -> 0x8593
mem[X,0x000000008001FB2A] -> 0x3335
[3741] [M]: 0x000000008001FB28 (0x33358593) addi a1, a1, 0x333
x11 <- 0x3333333333333333
mem[X,0x000000008001FB2C] -> 0x0113
mem[X,0x000000008001FB2E] -> 0x0000
[3742] [M]: 0x000000008001FB2C (0x00000113) addi sp, zero, 0x0
x2 <- 0x0000000000000000
mem[X,0x000000008001FB30] -> 0x006F
mem[X,0x000000008001FB32] -> 0x00C0
[3743] [M]: 0x000000008001FB30 (0x00C0006F) jal zero, 0xc
mem[X,0x000000008001FB3C] -> 0x4863
mem[X,0x000000008001FB3E] -> 0x00B5
[3744] [M]: 0x000000008001FB3C (0x00B54863) blt a0, a1, 0x10
mem[X,0x000000008001FB40] -> 0x0113
mem[X,0x000000008001FB42] -> 0x0021
[3745] [M]: 0x000000008001FB40 (0x00210113) addi sp, sp, 0x2
x2 <- 0x0000000000000002
mem[X,0x000000008001FB44] -> 0x006F
mem[X,0x000000008001FB46] -> 0x0100
[3746] [M]: 0x000000008001FB44 (0x0100006F) jal zero, 0x10
mem[X,0x000000008001FB54] -> 0xB423
mem[X,0x000000008001FB56] -> 0x0020
[3747] [M]: 0x000000008001FB54 (0x0020B423) sd sp, 0x8(ra)
mem[0x000000008004F9E0] <- 0x0000000000000002
mem[X,0x000000008001FB58] -> 0x3537
mem[X,0x000000008001FB5A] -> 0x3333
[3748] [M]: 0x000000008001FB58 (0x33333537) lui a0, 0x33333
x10 <- 0x0000000033333000
mem[X,0x000000008001FB5C] -> 0x0513
mem[X,0x000000008001FB5E] -> 0x3335
[3749] [M]: 0x000000008001FB5C (0x33350513) addi a0, a0, 0x333
x10 <- 0x0000000033333333
mem[X,0x000000008001FB60] -> 0x1513
mem[X,0x000000008001FB62] -> 0x00B5
[3750] [M]: 0x000000008001FB60 (0x00B51513) slli a0, a0, 0xb
x10 <- 0x0000019999999800
mem[X,0x000000008001FB64] -> 0x0513
mem[X,0x000000008001FB66] -> 0x1995
[3751] [M]: 0x000000008001FB64 (0x19950513) addi a0, a0, 0x199
x10 <- 0x0000019999999999
mem[X,0x000000008001FB68] -> 0x1513
mem[X,0x000000008001FB6A] -> 0x00B5
[3752] [M]: 0x000000008001FB68 (0x00B51513) slli a0, a0, 0xb
x10 <- 0x000CCCCCCCCCC800
mem[X,0x000000008001FB6C] -> 0x0513
mem[X,0x000000008001FB6E] -> 0x4CC5
[3753] [M]: 0x000000008001FB6C (0x4CC50513) addi a0, a0, 0x4cc
x10 <- 0x000CCCCCCCCCCCCC
mem[X,0x000000008001FB70] -> 0x1513
mem[X,0x000000008001FB72] -> 0x00A5
[3754] [M]: 0x000000008001FB70 (0x00A51513) slli a0, a0, 0xa
x10 <- 0x3333333333333000
mem[X,0x000000008001FB74] -> 0x0513
mem[X,0x000000008001FB76] -> 0x3335
[3755] [M]: 0x000000008001FB74 (0x33350513) addi a0, a0, 0x333
x10 <- 0x3333333333333333
mem[X,0x000000008001FB78] -> 0x65B7
mem[X,0x000000008001FB7A] -> 0x6666
[3756] [M]: 0x000000008001FB78 (0x666665B7) lui a1, 0x66666
x11 <- 0x0000000066666000
mem[X,0x000000008001FB7C] -> 0x8593
mem[X,0x000000008001FB7E] -> 0x6665
[3757] [M]: 0x000000008001FB7C (0x66658593) addi a1, a1, 0x666
x11 <- 0x0000000066666666
mem[X,0x000000008001FB80] -> 0x9593
mem[X,0x000000008001FB82] -> 0x00B5
[3758] [M]: 0x000000008001FB80 (0x00B59593) slli a1, a1, 0xb
x11 <- 0x0000033333333000
mem[X,0x000000008001FB84] -> 0x8593
mem[X,0x000000008001FB86] -> 0x3335
[3759] [M]: 0x000000008001FB84 (0x33358593) addi a1, a1, 0x333
x11 <- 0x0000033333333333
mem[X,0x000000008001FB88] -> 0x9593
mem[X,0x000000008001FB8A] -> 0x00B5
[3760] [M]: 0x000000008001FB88 (0x00B59593) slli a1, a1, 0xb
x11 <- 0x0019999999999800
mem[X,0x000000008001FB8C] -> 0x8593
mem[X,0x000000008001FB8E] -> 0x1995
[3761] [M]: 0x000000008001FB8C (0x19958593) addi a1, a1, 0x199
x11 <- 0x0019999999999999
mem[X,0x000000008001FB90] -> 0x9593
mem[X,0x000000008001FB92] -> 0x00A5
[3762] [M]: 0x000000008001FB90 (0x00A59593) slli a1, a1, 0xa
x11 <- 0x6666666666666400
mem[X,0x000000008001FB94] -> 0x8593
mem[X,0x000000008001FB96] -> 0x2665
[3763] [M]: 0x000000008001FB94 (0x26658593) addi a1, a1, 0x266
x11 <- 0x6666666666666666
mem[X,0x000000008001FB98] -> 0x0113
mem[X,0x000000008001FB9A] -> 0x0000
[3764] [M]: 0x000000008001FB98 (0x00000113) addi sp, zero, 0x0
x2 <- 0x0000000000000000
mem[X,0x000000008001FB9C] -> 0x006F
mem[X,0x000000008001FB9E] -> 0x0100
[3765] [M]: 0x000000008001FB9C (0x0100006F) jal zero, 0x10
mem[X,0x000000008001FBAC] -> 0x4AE3
mem[X,0x000000008001FBAE] -> 0xFEB5
[3766] [M]: 0x000000008001FBAC (0xFEB54AE3) blt a0, a1, -0xc
mem[X,0x000000008001FBA0] -> 0x0113
mem[X,0x000000008001FBA2] -> 0x0011
[3767] [M]: 0x000000008001FBA0 (0x00110113) addi sp, sp, 0x1
x2 <- 0x0000000000000001
mem[X,0x000000008001FBA4] -> 0x006F
mem[X,0x000000008001FBA6] -> 0x01C0
[3768] [M]: 0x000000008001FBA4 (0x01C0006F) jal zero, 0x1c
mem[X,0x000000008001FBC0] -> 0xB823
mem[X,0x000000008001FBC2] -> 0x0020
[3769] [M]: 0x000000008001FBC0 (0x0020B823) sd sp, 0x10(ra)
mem[0x000000008004F9E8] <- 0x0000000000000001
mem[X,0x000000008001FBC4] -> 0x3537
mem[X,0x000000008001FBC6] -> 0x3333
[3770] [M]: 0x000000008001FBC4 (0x33333537) lui a0, 0x33333
x10 <- 0x0000000033333000
mem[X,0x000000008001FBC8] -> 0x0513
mem[X,0x000000008001FBCA] -> 0x3335
[3771] [M]: 0x000000008001FBC8 (0x33350513) addi a0, a0, 0x333
x10 <- 0x0000000033333333
mem[X,0x000000008001FBCC] -> 0x1513
mem[X,0x000000008001FBCE] -> 0x00B5
[3772] [M]: 0x000000008001FBCC (0x00B51513) slli a0, a0, 0xb
x10 <- 0x0000019999999800
mem[X,0x000000008001FBD0] -> 0x0513
mem[X,0x000000008001FBD2] -> 0x1995
[3773] [M]: 0x000000008001FBD0 (0x19950513) addi a0, a0, 0x199
x10 <- 0x0000019999999999
mem[X,0x000000008001FBD4] -> 0x1513
mem[X,0x000000008001FBD6] -> 0x00B5
[3774] [M]: 0x000000008001FBD4 (0x00B51513) slli a0, a0, 0xb
x10 <- 0x000CCCCCCCCCC800
mem[X,0x000000008001FBD8] -> 0x0513
mem[X,0x000000008001FBDA] -> 0x4CC5
[3775] [M]: 0x000000008001FBD8 (0x4CC50513) addi a0, a0, 0x4cc
x10 <- 0x000CCCCCCCCCCCCC
mem[X,0x000000008001FBDC] -> 0x1513
mem[X,0x000000008001FBDE] -> 0x00A5
[3776] [M]: 0x000000008001FBDC (0x00A51513) slli a0, a0, 0xa
x10 <- 0x3333333333333000
mem[X,0x000000008001FBE0] -> 0x0513
mem[X,0x000000008001FBE2] -> 0x3335
[3777] [M]: 0x000000008001FBE0 (0x33350513) addi a0, a0, 0x333
x10 <- 0x3333333333333333
mem[X,0x000000008001FBE4] -> 0x05B7
mem[X,0x000000008001FBE6] -> 0x0000
[3778] [M]: 0x000000008001FBE4 (0x000005B7) lui a1, 0x0
x11 <- 0x0000000000000000
mem[X,0x000000008001FBE8] -> 0x8593
mem[X,0x000000008001FBEA] -> 0xFFF5
[3779] [M]: 0x000000008001FBE8 (0xFFF58593) addi a1, a1, -0x1
x11 <- 0xFFFFFFFFFFFFFFFF
mem[X,0x000000008001FBEC] -> 0x9593
mem[X,0x000000008001FBEE] -> 0x00B5
[3780] [M]: 0x000000008001FBEC (0x00B59593) slli a1, a1, 0xb
x11 <- 0xFFFFFFFFFFFFF800
mem[X,0x000000008001FBF0] -> 0x8593
mem[X,0x000000008001FBF2] -> 0x2575
[3781] [M]: 0x000000008001FBF0 (0x25758593) addi a1, a1, 0x257
x11 <- 0xFFFFFFFFFFFFFA57
mem[X,0x000000008001FBF4] -> 0x9593
mem[X,0x000000008001FBF6] -> 0x00B5
[3782] [M]: 0x000000008001FBF4 (0x00B59593) slli a1, a1, 0xb
x11 <- 0xFFFFFFFFFFD2B800
mem[X,0x000000008001FBF8] -> 0x8593
mem[X,0x000000008001FBFA] -> 0x6C35
[3783] [M]: 0x000000008001FBF8 (0x6C358593) addi a1, a1, 0x6c3
x11 <- 0xFFFFFFFFFFD2BEC3
mem[X,0x000000008001FBFC] -> 0x9593
mem[X,0x000000008001FBFE] -> 0x00A5
[3784] [M]: 0x000000008001FBFC (0x00A59593) slli a1, a1, 0xa
x11 <- 0xFFFFFFFF4AFB0C00
mem[X,0x000000008001FC00] -> 0x8593
mem[X,0x000000008001FC02] -> 0x0CD5
[3785] [M]: 0x000000008001FC00 (0x0CD58593) addi a1, a1, 0xcd
x11 <- 0xFFFFFFFF4AFB0CCD
mem[X,0x000000008001FC04] -> 0x0113
mem[X,0x000000008001FC06] -> 0x0000
[3786] [M]: 0x000000008001FC04 (0x00000113) addi sp, zero, 0x0
x2 <- 0x0000000000000000
mem[X,0x000000008001FC08] -> 0x006F
mem[X,0x000000008001FC0A] -> 0x0100
[3787] [M]: 0x000000008001FC08 (0x0100006F) jal zero, 0x10
mem[X,0x000000008001FC18] -> 0x4AE3
mem[X,0x000000008001FC1A] -> 0xFEB5
[3788] [M]: 0x000000008001FC18 (0xFEB54AE3) blt a0, a1, -0xc
mem[X,0x000000008001FC1C] -> 0x0113
mem[X,0x000000008001FC1E] -> 0x0021
[3789] [M]: 0x000000008001FC1C (0x00210113) addi sp, sp, 0x2
x2 <- 0x0000000000000002
mem[X,0x000000008001FC20] -> 0x006F
mem[X,0x000000008001FC22] -> 0x00C0
[3790] [M]: 0x000000008001FC20 (0x00C0006F) jal zero, 0xc
mem[X,0x000000008001FC2C] -> 0xBC23
mem[X,0x000000008001FC2E] -> 0x0020
[3791] [M]: 0x000000008001FC2C (0x0020BC23) sd sp, 0x18(ra)
mem[0x000000008004F9F0] <- 0x0000000000000002
mem[X,0x000000008001FC30] -> 0x3537
mem[X,0x000000008001FC32] -> 0x3333
[3792] [M]: 0x000000008001FC30 (0x33333537) lui a0, 0x33333
x10 <- 0x0000000033333000
mem[X,0x000000008001FC34] -> 0x0513
mem[X,0x000000008001FC36] -> 0x3335
[3793] [M]: 0x000000008001FC34 (0x33350513) addi a0, a0, 0x333
x10 <- 0x0000000033333333
mem[X,0x000000008001FC38] -> 0x1513
mem[X,0x000000008001FC3A] -> 0x00B5
[3794] [M]: 0x000000008001FC38 (0x00B51513) slli a0, a0, 0xb
x10 <- 0x0000019999999800
mem[X,0x000000008001FC3C] -> 0x0513
mem[X,0x000000008001FC3E] -> 0x1995
[3795] [M]: 0x000000008001FC3C (0x19950513) addi a0, a0, 0x199
x10 <- 0x0000019999999999
mem[X,0x000000008001FC40] -> 0x1513
mem[X,0x000000008001FC42] -> 0x00B5
[3796] [M]: 0x000000008001FC40 (0x00B51513) slli a0, a0, 0xb
x10 <- 0x000CCCCCCCCCC800
mem[X,0x000000008001FC44] -> 0x0513
mem[X,0x000000008001FC46] -> 0x4CC5
[3797] [M]: 0x000000008001FC44 (0x4CC50513) addi a0, a0, 0x4cc
x10 <- 0x000CCCCCCCCCCCCC
mem[X,0x000000008001FC48] -> 0x1513
mem[X,0x000000008001FC4A] -> 0x00A5
[3798] [M]: 0x000000008001FC48 (0x00A51513) slli a0, a0, 0xa
x10 <- 0x3333333333333000
mem[X,0x000000008001FC4C] -> 0x0513
mem[X,0x000000008001FC4E] -> 0x3335
[3799] [M]: 0x000000008001FC4C (0x33350513) addi a0, a0, 0x333
x10 <- 0x3333333333333333
clint::tick mtime <- 0x0000000000000026
 clint timer pending at mtime 0x0000000000000026
htif::tick 0x0000000000000000
mem[X,0x000000008001FC50] -> 0x05B7
mem[X,0x000000008001FC52] -> 0x0000
[3800] [M]: 0x000000008001FC50 (0x000005B7) lui a1, 0x0
x11 <- 0x0000000000000000
mem[X,0x000000008001FC54] -> 0x8593
mem[X,0x000000008001FC56] -> 0x0005
[3801] [M]: 0x000000008001FC54 (0x00058593) addi a1, a1, 0x0
x11 <- 0x0000000000000000
mem[X,0x000000008001FC58] -> 0x9593
mem[X,0x000000008001FC5A] -> 0x00B5
[3802] [M]: 0x000000008001FC58 (0x00B59593) slli a1, a1, 0xb
x11 <- 0x0000000000000000
mem[X,0x000000008001FC5C] -> 0x8593
mem[X,0x000000008001FC5E] -> 0x5A85
[3803] [M]: 0x000000008001FC5C (0x5A858593) addi a1, a1, 0x5a8
x11 <- 0x00000000000005A8
mem[X,0x000000008001FC60] -> 0x9593
mem[X,0x000000008001FC62] -> 0x00B5
[3804] [M]: 0x000000008001FC60 (0x00B59593) slli a1, a1, 0xb
x11 <- 0x00000000002D4000
mem[X,0x000000008001FC64] -> 0x8593
mem[X,0x000000008001FC66] -> 0x13C5
[3805] [M]: 0x000000008001FC64 (0x13C58593) addi a1, a1, 0x13c
x11 <- 0x00000000002D413C
mem[X,0x000000008001FC68] -> 0x9593
mem[X,0x000000008001FC6A] -> 0x00A5
[3806] [M]: 0x000000008001FC68 (0x00A59593) slli a1, a1, 0xa
x11 <- 0x00000000B504F000
mem[X,0x000000008001FC6C] -> 0x8593
mem[X,0x000000008001FC6E] -> 0x3335
[3807] [M]: 0x000000008001FC6C (0x33358593) addi a1, a1, 0x333
x11 <- 0x00000000B504F333
mem[X,0x000000008001FC70] -> 0x0113
mem[X,0x000000008001FC72] -> 0x0000
[3808] [M]: 0x000000008001FC70 (0x00000113) addi sp, zero, 0x0
x2 <- 0x0000000000000000
mem[X,0x000000008001FC74] -> 0x006F
mem[X,0x000000008001FC76] -> 0x00C0
[3809] [M]: 0x000000008001FC74 (0x00C0006F) jal zero, 0xc
mem[X,0x000000008001FC80] -> 0x4663
mem[X,0x000000008001FC82] -> 0x00B5
[3810] [M]: 0x000000008001FC80 (0x00B54663) blt a0, a1, 0xc
mem[X,0x000000008001FC84] -> 0x0113
mem[X,0x000000008001FC86] -> 0x0021
[3811] [M]: 0x000000008001FC84 (0x00210113) addi sp, sp, 0x2
x2 <- 0x0000000000000002
mem[X,0x000000008001FC88] -> 0x006F
mem[X,0x000000008001FC8A] -> 0x00C0
[3812] [M]: 0x000000008001FC88 (0x00C0006F) jal zero, 0xc
mem[X,0x000000008001FC94] -> 0xB023
mem[X,0x000000008001FC96] -> 0x0220
[3813] [M]: 0x000000008001FC94 (0x0220B023) sd sp, 0x20(ra)
mem[0x000000008004F9F8] <- 0x0000000000000002
mem[X,0x000000008001FC98] -> 0x3537
mem[X,0x000000008001FC9A] -> 0x3333
[3814] [M]: 0x000000008001FC98 (0x33333537) lui a0, 0x33333
x10 <- 0x0000000033333000
mem[X,0x000000008001FC9C] -> 0x0513
mem[X,0x000000008001FC9E] -> 0x3335
[3815] [M]: 0x000000008001FC9C (0x33350513) addi a0, a0, 0x333
x10 <- 0x0000000033333333
mem[X,0x000000008001FCA0] -> 0x1513
mem[X,0x000000008001FCA2] -> 0x00B5
[3816] [M]: 0x000000008001FCA0 (0x00B51513) slli a0, a0, 0xb
x10 <- 0x0000019999999800
mem[X,0x000000008001FCA4] -> 0x0513
mem[X,0x000000008001FCA6] -> 0x1995
[3817] [M]: 0x000000008001FCA4 (0x19950513) addi a0, a0, 0x199
x10 <- 0x0000019999999999
mem[X,0x000000008001FCA8] -> 0x1513
mem[X,0x000000008001FCAA] -> 0x00B5
[3818] [M]: 0x000000008001FCA8 (0x00B51513) slli a0, a0, 0xb
x10 <- 0x000CCCCCCCCCC800
mem[X,0x000000008001FCAC] -> 0x0513
mem[X,0x000000008001FCAE] -> 0x4CC5
[3819] [M]: 0x000000008001FCAC (0x4CC50513) addi a0, a0, 0x4cc
x10 <- 0x000CCCCCCCCCCCCC
mem[X,0x000000008001FCB0] -> 0x1513
mem[X,0x000000008001FCB2] -> 0x00A5
[3820] [M]: 0x000000008001FCB0 (0x00A51513) slli a0, a0, 0xa
x10 <- 0x3333333333333000
mem[X,0x000000008001FCB4] -> 0x0513
mem[X,0x000000008001FCB6] -> 0x3335
[3821] [M]: 0x000000008001FCB4 (0x33350513) addi a0, a0, 0x333
x10 <- 0x3333333333333333
mem[X,0x000000008001FCB8] -> 0x0593
mem[X,0x000000008001FCBA] -> 0x0020
[3822] [M]: 0x000000008001FCB8 (0x00200593) addi a1, zero, 0x2
x11 <- 0x0000000000000002
mem[X,0x000000008001FCBC] -> 0x0113
mem[X,0x000000008001FCBE] -> 0x0000
[3823] [M]: 0x000000008001FCBC (0x00000113) addi sp, zero, 0x0
x2 <- 0x0000000000000000
mem[X,0x000000008001FCC0] -> 0x006F
mem[X,0x000000008001FCC2] -> 0x2B10
[3824] [M]: 0x000000008001FCC0 (0x2B10006F) jal zero, 0xab0
mem[X,0x0000000080020770] -> 0x4A63
mem[X,0x0000000080020772] -> 0xD4B5
[3825] [M]: 0x0000000080020770 (0xD4B54A63) blt a0, a1, -0xaac
mem[X,0x0000000080020774] -> 0x0113
mem[X,0x0000000080020776] -> 0x0021
[3826] [M]: 0x0000000080020774 (0x00210113) addi sp, sp, 0x2
x2 <- 0x0000000000000002
mem[X,0x0000000080020778] -> 0x006F
mem[X,0x000000008002077A] -> 0x00C0
[3827] [M]: 0x0000000080020778 (0x00C0006F) jal zero, 0xc
mem[X,0x0000000080020784] -> 0xB423
mem[X,0x0000000080020786] -> 0x0220
[3828] [M]: 0x0000000080020784 (0x0220B423) sd sp, 0x28(ra)
mem[0x000000008004FA00] <- 0x0000000000000002
mem[X,0x0000000080020788] -> 0x3537
mem[X,0x000000008002078A] -> 0x3333
[3829] [M]: 0x0000000080020788 (0x33333537) lui a0, 0x33333
x10 <- 0x0000000033333000
mem[X,0x000000008002078C] -> 0x0513
mem[X,0x000000008002078E] -> 0x3335
[3830] [M]: 0x000000008002078C (0x33350513) addi a0, a0, 0x333
x10 <- 0x0000000033333333
mem[X,0x0000000080020790] -> 0x1513
mem[X,0x0000000080020792] -> 0x00B5
[3831] [M]: 0x0000000080020790 (0x00B51513) slli a0, a0, 0xb
x10 <- 0x0000019999999800
mem[X,0x0000000080020794] -> 0x0513
mem[X,0x0000000080020796] -> 0x1995
[3832] [M]: 0x0000000080020794 (0x19950513) addi a0, a0, 0x199
x10 <- 0x0000019999999999
mem[X,0x0000000080020798] -> 0x1513
mem[X,0x000000008002079A] -> 0x00B5
[3833] [M]: 0x0000000080020798 (0x00B51513) slli a0, a0, 0xb
x10 <- 0x000CCCCCCCCCC800
mem[X,0x000000008002079C] -> 0x0513
mem[X,0x000000008002079E] -> 0x4CC5
[3834] [M]: 0x000000008002079C (0x4CC50513) addi a0, a0, 0x4cc
x10 <- 0x000CCCCCCCCCCCCC
mem[X,0x00000000800207A0] -> 0x1513
mem[X,0x00000000800207A2] -> 0x00A5
[3835] [M]: 0x00000000800207A0 (0x00A51513) slli a0, a0, 0xa
x10 <- 0x3333333333333000
mem[X,0x00000000800207A4] -> 0x0513
mem[X,0x00000000800207A6] -> 0x3335
[3836] [M]: 0x00000000800207A4 (0x33350513) addi a0, a0, 0x333
x10 <- 0x3333333333333333
mem[X,0x00000000800207A8] -> 0x55B7
mem[X,0x00000000800207AA] -> 0x5555
[3837] [M]: 0x00000000800207A8 (0x555555B7) lui a1, 0x55555
x11 <- 0x0000000055555000
mem[X,0x00000000800207AC] -> 0x8593
mem[X,0x00000000800207AE] -> 0x5555
[3838] [M]: 0x00000000800207AC (0x55558593) addi a1, a1, 0x555
x11 <- 0x0000000055555555
mem[X,0x00000000800207B0] -> 0x9593
mem[X,0x00000000800207B2] -> 0x00B5
[3839] [M]: 0x00000000800207B0 (0x00B59593) slli a1, a1, 0xb
x11 <- 0x000002AAAAAAA800
mem[X,0x00000000800207B4] -> 0x8593
mem[X,0x00000000800207B6] -> 0x2AA5
[3840] [M]: 0x00000000800207B4 (0x2AA58593) addi a1, a1, 0x2aa
x11 <- 0x000002AAAAAAAAAA
mem[X,0x00000000800207B8] -> 0x9593
mem[X,0x00000000800207BA] -> 0x00B5
[3841] [M]: 0x00000000800207B8 (0x00B59593) slli a1, a1, 0xb
x11 <- 0x0015555555555000
mem[X,0x00000000800207BC] -> 0x8593
mem[X,0x00000000800207BE] -> 0x5555
[3842] [M]: 0x00000000800207BC (0x55558593) addi a1, a1, 0x555
x11 <- 0x0015555555555555
mem[X,0x00000000800207C0] -> 0x9593
mem[X,0x00000000800207C2] -> 0x00A5
[3843] [M]: 0x00000000800207C0 (0x00A59593) slli a1, a1, 0xa
x11 <- 0x5555555555555400
mem[X,0x00000000800207C4] -> 0x8593
mem[X,0x00000000800207C6] -> 0x1545
[3844] [M]: 0x00000000800207C4 (0x15458593) addi a1, a1, 0x154
x11 <- 0x5555555555555554
mem[X,0x00000000800207C8] -> 0x0113
mem[X,0x00000000800207CA] -> 0x0000
[3845] [M]: 0x00000000800207C8 (0x00000113) addi sp, zero, 0x0
x2 <- 0x0000000000000000
mem[X,0x00000000800207CC] -> 0x006F
mem[X,0x00000000800207CE] -> 0x00C0
[3846] [M]: 0x00000000800207CC (0x00C0006F) jal zero, 0xc
mem[X,0x00000000800207D8] -> 0x4063
mem[X,0x00000000800207DA] -> 0x40B5
[3847] [M]: 0x00000000800207D8 (0x40B54063) blt a0, a1, 0x400
mem[X,0x0000000080020BD8] -> 0x0113
mem[X,0x0000000080020BDA] -> 0x0031
[3848] [M]: 0x0000000080020BD8 (0x00310113) addi sp, sp, 0x3
x2 <- 0x0000000000000003
mem[X,0x0000000080020BDC] -> 0x006F
mem[X,0x0000000080020BDE] -> 0x0040
[3849] [M]: 0x0000000080020BDC (0x0040006F) jal zero, 0x4
mem[X,0x0000000080020BE0] -> 0xB823
mem[X,0x0000000080020BE2] -> 0x0220
[3850] [M]: 0x0000000080020BE0 (0x0220B823) sd sp, 0x30(ra)
mem[0x000000008004FA08] <- 0x0000000000000003
mem[X,0x0000000080020BE4] -> 0x3537
mem[X,0x0000000080020BE6] -> 0x3333
[3851] [M]: 0x0000000080020BE4 (0x33333537) lui a0, 0x33333
x10 <- 0x0000000033333000
mem[X,0x0000000080020BE8] -> 0x0513
mem[X,0x0000000080020BEA] -> 0x3335
[3852] [M]: 0x0000000080020BE8 (0x33350513) addi a0, a0, 0x333
x10 <- 0x0000000033333333
mem[X,0x0000000080020BEC] -> 0x1513
mem[X,0x0000000080020BEE] -> 0x00B5
[3853] [M]: 0x0000000080020BEC (0x00B51513) slli a0, a0, 0xb
x10 <- 0x0000019999999800
mem[X,0x0000000080020BF0] -> 0x0513
mem[X,0x0000000080020BF2] -> 0x1995
[3854] [M]: 0x0000000080020BF0 (0x19950513) addi a0, a0, 0x199
x10 <- 0x0000019999999999
mem[X,0x0000000080020BF4] -> 0x1513
mem[X,0x0000000080020BF6] -> 0x00B5
[3855] [M]: 0x0000000080020BF4 (0x00B51513) slli a0, a0, 0xb
x10 <- 0x000CCCCCCCCCC800
mem[X,0x0000000080020BF8] -> 0x0513
mem[X,0x0000000080020BFA] -> 0x4CC5
[3856] [M]: 0x0000000080020BF8 (0x4CC50513) addi a0, a0, 0x4cc
x10 <- 0x000CCCCCCCCCCCCC
mem[X,0x0000000080020BFC] -> 0x1513
mem[X,0x0000000080020BFE] -> 0x00A5
[3857] [M]: 0x0000000080020BFC (0x00A51513) slli a0, a0, 0xa
x10 <- 0x3333333333333000
mem[X,0x0000000080020C00] -> 0x0513
mem[X,0x0000000080020C02] -> 0x3335
[3858] [M]: 0x0000000080020C00 (0x33350513) addi a0, a0, 0x333
x10 <- 0x3333333333333333
mem[X,0x0000000080020C04] -> 0x0593
mem[X,0x0000000080020C06] -> 0x0000
[3859] [M]: 0x0000000080020C04 (0x00000593) addi a1, zero, 0x0
x11 <- 0x0000000000000000
mem[X,0x0000000080020C08] -> 0x0113
mem[X,0x0000000080020C0A] -> 0x0000
[3860] [M]: 0x0000000080020C08 (0x00000113) addi sp, zero, 0x0
x2 <- 0x0000000000000000
mem[X,0x0000000080020C0C] -> 0x006F
mem[X,0x0000000080020C0E] -> 0x2B10
[3861] [M]: 0x0000000080020C0C (0x2B10006F) jal zero, 0xab0
mem[X,0x00000000800216BC] -> 0x4A63
mem[X,0x00000000800216BE] -> 0xD4B5
[3862] [M]: 0x00000000800216BC (0xD4B54A63) blt a0, a1, -0xaac
mem[X,0x00000000800216C0] -> 0x0113
mem[X,0x00000000800216C2] -> 0x0021
[3863] [M]: 0x00000000800216C0 (0x00210113) addi sp, sp, 0x2
x2 <- 0x0000000000000002
mem[X,0x00000000800216C4] -> 0x006F
mem[X,0x00000000800216C6] -> 0x00C0
[3864] [M]: 0x00000000800216C4 (0x00C0006F) jal zero, 0xc
mem[X,0x00000000800216D0] -> 0xBC23
mem[X,0x00000000800216D2] -> 0x0220
[3865] [M]: 0x00000000800216D0 (0x0220BC23) sd sp, 0x38(ra)
mem[0x000000008004FA10] <- 0x0000000000000002
mem[X,0x00000000800216D4] -> 0x3537
mem[X,0x00000000800216D6] -> 0x3333
[3866] [M]: 0x00000000800216D4 (0x33333537) lui a0, 0x33333
x10 <- 0x0000000033333000
mem[X,0x00000000800216D8] -> 0x0513
mem[X,0x00000000800216DA] -> 0x3335
[3867] [M]: 0x00000000800216D8 (0x33350513) addi a0, a0, 0x333
x10 <- 0x0000000033333333
mem[X,0x00000000800216DC] -> 0x1513
mem[X,0x00000000800216DE] -> 0x00B5
[3868] [M]: 0x00000000800216DC (0x00B51513) slli a0, a0, 0xb
x10 <- 0x0000019999999800
mem[X,0x00000000800216E0] -> 0x0513
mem[X,0x00000000800216E2] -> 0x1995
[3869] [M]: 0x00000000800216E0 (0x19950513) addi a0, a0, 0x199
x10 <- 0x0000019999999999
mem[X,0x00000000800216E4] -> 0x1513
mem[X,0x00000000800216E6] -> 0x00B5
[3870] [M]: 0x00000000800216E4 (0x00B51513) slli a0, a0, 0xb
x10 <- 0x000CCCCCCCCCC800
mem[X,0x00000000800216E8] -> 0x0513
mem[X,0x00000000800216EA] -> 0x4CC5
[3871] [M]: 0x00000000800216E8 (0x4CC50513) addi a0, a0, 0x4cc
x10 <- 0x000CCCCCCCCCCCCC
mem[X,0x00000000800216EC] -> 0x1513
mem[X,0x00000000800216EE] -> 0x00A5
[3872] [M]: 0x00000000800216EC (0x00A51513) slli a0, a0, 0xa
x10 <- 0x3333333333333000
mem[X,0x00000000800216F0] -> 0x0513
mem[X,0x00000000800216F2] -> 0x3335
[3873] [M]: 0x00000000800216F0 (0x33350513) addi a0, a0, 0x333
x10 <- 0x3333333333333333
mem[X,0x00000000800216F4] -> 0x0593
mem[X,0x00000000800216F6] -> 0x0040
[3874] [M]: 0x00000000800216F4 (0x00400593) addi a1, zero, 0x4
x11 <- 0x0000000000000004
mem[X,0x00000000800216F8] -> 0x0113
mem[X,0x00000000800216FA] -> 0x0000
[3875] [M]: 0x00000000800216F8 (0x00000113) addi sp, zero, 0x0
x2 <- 0x0000000000000000
mem[X,0x00000000800216FC] -> 0x006F
mem[X,0x00000000800216FE] -> 0x00C0
[3876] [M]: 0x00000000800216FC (0x00C0006F) jal zero, 0xc
mem[X,0x0000000080021708] -> 0x4863
mem[X,0x000000008002170A] -> 0x00B5
[3877] [M]: 0x0000000080021708 (0x00B54863) blt a0, a1, 0x10
mem[X,0x000000008002170C] -> 0x0113
mem[X,0x000000008002170E] -> 0x0021
[3878] [M]: 0x000000008002170C (0x00210113) addi sp, sp, 0x2
x2 <- 0x0000000000000002
mem[X,0x0000000080021710] -> 0x006F
mem[X,0x0000000080021712] -> 0x0100
[3879] [M]: 0x0000000080021710 (0x0100006F) jal zero, 0x10
mem[X,0x0000000080021720] -> 0xB023
mem[X,0x0000000080021722] -> 0x0420
[3880] [M]: 0x0000000080021720 (0x0420B023) sd sp, 0x40(ra)
mem[0x000000008004FA18] <- 0x0000000000000002
mem[X,0x0000000080021724] -> 0x3537
mem[X,0x0000000080021726] -> 0x3333
[3881] [M]: 0x0000000080021724 (0x33333537) lui a0, 0x33333
x10 <- 0x0000000033333000
mem[X,0x0000000080021728] -> 0x0513
mem[X,0x000000008002172A] -> 0x3335
[3882] [M]: 0x0000000080021728 (0x33350513) addi a0, a0, 0x333
x10 <- 0x0000000033333333
mem[X,0x000000008002172C] -> 0x1513
mem[X,0x000000008002172E] -> 0x00B5
[3883] [M]: 0x000000008002172C (0x00B51513) slli a0, a0, 0xb
x10 <- 0x0000019999999800
mem[X,0x0000000080021730] -> 0x0513
mem[X,0x0000000080021732] -> 0x1995
[3884] [M]: 0x0000000080021730 (0x19950513) addi a0, a0, 0x199
x10 <- 0x0000019999999999
mem[X,0x0000000080021734] -> 0x1513
mem[X,0x0000000080021736] -> 0x00B5
[3885] [M]: 0x0000000080021734 (0x00B51513) slli a0, a0, 0xb
x10 <- 0x000CCCCCCCCCC800
mem[X,0x0000000080021738] -> 0x0513
mem[X,0x000000008002173A] -> 0x4CC5
[3886] [M]: 0x0000000080021738 (0x4CC50513) addi a0, a0, 0x4cc
x10 <- 0x000CCCCCCCCCCCCC
mem[X,0x000000008002173C] -> 0x1513
mem[X,0x000000008002173E] -> 0x00A5
[3887] [M]: 0x000000008002173C (0x00A51513) slli a0, a0, 0xa
x10 <- 0x3333333333333000
mem[X,0x0000000080021740] -> 0x0513
mem[X,0x0000000080021742] -> 0x3335
[3888] [M]: 0x0000000080021740 (0x33350513) addi a0, a0, 0x333
x10 <- 0x3333333333333333
mem[X,0x0000000080021744] -> 0x35B7
mem[X,0x0000000080021746] -> 0x3333
[3889] [M]: 0x0000000080021744 (0x333335B7) lui a1, 0x33333
x11 <- 0x0000000033333000
mem[X,0x0000000080021748] -> 0x8593
mem[X,0x000000008002174A] -> 0x3335
[3890] [M]: 0x0000000080021748 (0x33358593) addi a1, a1, 0x333
x11 <- 0x0000000033333333
mem[X,0x000000008002174C] -> 0x9593
mem[X,0x000000008002174E] -> 0x00B5
[3891] [M]: 0x000000008002174C (0x00B59593) slli a1, a1, 0xb
x11 <- 0x0000019999999800
mem[X,0x0000000080021750] -> 0x8593
mem[X,0x0000000080021752] -> 0x1995
[3892] [M]: 0x0000000080021750 (0x19958593) addi a1, a1, 0x199
x11 <- 0x0000019999999999
mem[X,0x0000000080021754] -> 0x9593
mem[X,0x0000000080021756] -> 0x00B5
[3893] [M]: 0x0000000080021754 (0x00B59593) slli a1, a1, 0xb
x11 <- 0x000CCCCCCCCCC800
mem[X,0x0000000080021758] -> 0x8593
mem[X,0x000000008002175A] -> 0x4CC5
[3894] [M]: 0x0000000080021758 (0x4CC58593) addi a1, a1, 0x4cc
x11 <- 0x000CCCCCCCCCCCCC
mem[X,0x000000008002175C] -> 0x9593
mem[X,0x000000008002175E] -> 0x00A5
[3895] [M]: 0x000000008002175C (0x00A59593) slli a1, a1, 0xa
x11 <- 0x3333333333333000
mem[X,0x0000000080021760] -> 0x8593
mem[X,0x0000000080021762] -> 0x3325
[3896] [M]: 0x0000000080021760 (0x33258593) addi a1, a1, 0x332
x11 <- 0x3333333333333332
mem[X,0x0000000080021764] -> 0x0113
mem[X,0x0000000080021766] -> 0x0000
[3897] [M]: 0x0000000080021764 (0x00000113) addi sp, zero, 0x0
x2 <- 0x0000000000000000
mem[X,0x0000000080021768] -> 0x006F
mem[X,0x000000008002176A] -> 0x0180
[3898] [M]: 0x0000000080021768 (0x0180006F) jal zero, 0x18
mem[X,0x0000000080021780] -> 0x46E3
mem[X,0x0000000080021782] -> 0xFEB5
[3899] [M]: 0x0000000080021780 (0xFEB546E3) blt a0, a1, -0x14
clint::tick mtime <- 0x0000000000000027
 clint timer pending at mtime 0x0000000000000027
htif::tick 0x0000000000000000
mem[X,0x0000000080021784] -> 0x0113
mem[X,0x0000000080021786] -> 0x0021
[3900] [M]: 0x0000000080021784 (0x00210113) addi sp, sp, 0x2
x2 <- 0x0000000000000002
mem[X,0x0000000080021788] -> 0x006F
mem[X,0x000000008002178A] -> 0x00C0
[3901] [M]: 0x0000000080021788 (0x00C0006F) jal zero, 0xc
mem[X,0x0000000080021794] -> 0xB423
mem[X,0x0000000080021796] -> 0x0420
[3902] [M]: 0x0000000080021794 (0x0420B423) sd sp, 0x48(ra)
mem[0x000000008004FA20] <- 0x0000000000000002
mem[X,0x0000000080021798] -> 0x3537
mem[X,0x000000008002179A] -> 0x3333
[3903] [M]: 0x0000000080021798 (0x33333537) lui a0, 0x33333
x10 <- 0x0000000033333000
mem[X,0x000000008002179C] -> 0x0513
mem[X,0x000000008002179E] -> 0x3335
[3904] [M]: 0x000000008002179C (0x33350513) addi a0, a0, 0x333
x10 <- 0x0000000033333333
mem[X,0x00000000800217A0] -> 0x1513
mem[X,0x00000000800217A2] -> 0x00B5
[3905] [M]: 0x00000000800217A0 (0x00B51513) slli a0, a0, 0xb
x10 <- 0x0000019999999800
mem[X,0x00000000800217A4] -> 0x0513
mem[X,0x00000000800217A6] -> 0x1995
[3906] [M]: 0x00000000800217A4 (0x19950513) addi a0, a0, 0x199
x10 <- 0x0000019999999999
mem[X,0x00000000800217A8] -> 0x1513
mem[X,0x00000000800217AA] -> 0x00B5
[3907] [M]: 0x00000000800217A8 (0x00B51513) slli a0, a0, 0xb
x10 <- 0x000CCCCCCCCCC800
mem[X,0x00000000800217AC] -> 0x0513
mem[X,0x00000000800217AE] -> 0x4CC5
[3908] [M]: 0x00000000800217AC (0x4CC50513) addi a0, a0, 0x4cc
x10 <- 0x000CCCCCCCCCCCCC
mem[X,0x00000000800217B0] -> 0x1513
mem[X,0x00000000800217B2] -> 0x00A5
[3909] [M]: 0x00000000800217B0 (0x00A51513) slli a0, a0, 0xa
x10 <- 0x3333333333333000
mem[X,0x00000000800217B4] -> 0x0513
mem[X,0x00000000800217B6] -> 0x3335
[3910] [M]: 0x00000000800217B4 (0x33350513) addi a0, a0, 0x333
x10 <- 0x3333333333333333
mem[X,0x00000000800217B8] -> 0x65B7
mem[X,0x00000000800217BA] -> 0x6666
[3911] [M]: 0x00000000800217B8 (0x666665B7) lui a1, 0x66666
x11 <- 0x0000000066666000
mem[X,0x00000000800217BC] -> 0x8593
mem[X,0x00000000800217BE] -> 0x6665
[3912] [M]: 0x00000000800217BC (0x66658593) addi a1, a1, 0x666
x11 <- 0x0000000066666666
mem[X,0x00000000800217C0] -> 0x9593
mem[X,0x00000000800217C2] -> 0x00B5
[3913] [M]: 0x00000000800217C0 (0x00B59593) slli a1, a1, 0xb
x11 <- 0x0000033333333000
mem[X,0x00000000800217C4] -> 0x8593
mem[X,0x00000000800217C6] -> 0x3335
[3914] [M]: 0x00000000800217C4 (0x33358593) addi a1, a1, 0x333
x11 <- 0x0000033333333333
mem[X,0x00000000800217C8] -> 0x9593
mem[X,0x00000000800217CA] -> 0x00B5
[3915] [M]: 0x00000000800217C8 (0x00B59593) slli a1, a1, 0xb
x11 <- 0x0019999999999800
mem[X,0x00000000800217CC] -> 0x8593
mem[X,0x00000000800217CE] -> 0x1995
[3916] [M]: 0x00000000800217CC (0x19958593) addi a1, a1, 0x199
x11 <- 0x0019999999999999
mem[X,0x00000000800217D0] -> 0x9593
mem[X,0x00000000800217D2] -> 0x00A5
[3917] [M]: 0x00000000800217D0 (0x00A59593) slli a1, a1, 0xa
x11 <- 0x6666666666666400
mem[X,0x00000000800217D4] -> 0x8593
mem[X,0x00000000800217D6] -> 0x2655
[3918] [M]: 0x00000000800217D4 (0x26558593) addi a1, a1, 0x265
x11 <- 0x6666666666666665
mem[X,0x00000000800217D8] -> 0x0113
mem[X,0x00000000800217DA] -> 0x0000
[3919] [M]: 0x00000000800217D8 (0x00000113) addi sp, zero, 0x0
x2 <- 0x0000000000000000
mem[X,0x00000000800217DC] -> 0x006F
mem[X,0x00000000800217DE] -> 0x00C0
[3920] [M]: 0x00000000800217DC (0x00C0006F) jal zero, 0xc
mem[X,0x00000000800217E8] -> 0x4CE3
mem[X,0x00000000800217EA] -> 0xFEB5
[3921] [M]: 0x00000000800217E8 (0xFEB54CE3) blt a0, a1, -0x8
mem[X,0x00000000800217E0] -> 0x0113
mem[X,0x00000000800217E2] -> 0x0011
[3922] [M]: 0x00000000800217E0 (0x00110113) addi sp, sp, 0x1
x2 <- 0x0000000000000001
mem[X,0x00000000800217E4] -> 0x006F
mem[X,0x00000000800217E6] -> 0x0180
[3923] [M]: 0x00000000800217E4 (0x0180006F) jal zero, 0x18
mem[X,0x00000000800217FC] -> 0xB823
mem[X,0x00000000800217FE] -> 0x0420
[3924] [M]: 0x00000000800217FC (0x0420B823) sd sp, 0x50(ra)
mem[0x000000008004FA28] <- 0x0000000000000001
mem[X,0x0000000080021800] -> 0x3537
mem[X,0x0000000080021802] -> 0x3333
[3925] [M]: 0x0000000080021800 (0x33333537) lui a0, 0x33333
x10 <- 0x0000000033333000
mem[X,0x0000000080021804] -> 0x0513
mem[X,0x0000000080021806] -> 0x3335
[3926] [M]: 0x0000000080021804 (0x33350513) addi a0, a0, 0x333
x10 <- 0x0000000033333333
mem[X,0x0000000080021808] -> 0x1513
mem[X,0x000000008002180A] -> 0x00B5
[3927] [M]: 0x0000000080021808 (0x00B51513) slli a0, a0, 0xb
x10 <- 0x0000019999999800
mem[X,0x000000008002180C] -> 0x0513
mem[X,0x000000008002180E] -> 0x1995
[3928] [M]: 0x000000008002180C (0x19950513) addi a0, a0, 0x199
x10 <- 0x0000019999999999
mem[X,0x0000000080021810] -> 0x1513
mem[X,0x0000000080021812] -> 0x00B5
[3929] [M]: 0x0000000080021810 (0x00B51513) slli a0, a0, 0xb
x10 <- 0x000CCCCCCCCCC800
mem[X,0x0000000080021814] -> 0x0513
mem[X,0x0000000080021816] -> 0x4CC5
[3930] [M]: 0x0000000080021814 (0x4CC50513) addi a0, a0, 0x4cc
x10 <- 0x000CCCCCCCCCCCCC
mem[X,0x0000000080021818] -> 0x1513
mem[X,0x000000008002181A] -> 0x00A5
[3931] [M]: 0x0000000080021818 (0x00A51513) slli a0, a0, 0xa
x10 <- 0x3333333333333000
mem[X,0x000000008002181C] -> 0x0513
mem[X,0x000000008002181E] -> 0x3335
[3932] [M]: 0x000000008002181C (0x33350513) addi a0, a0, 0x333
x10 <- 0x3333333333333333
mem[X,0x0000000080021820] -> 0x05B7
mem[X,0x0000000080021822] -> 0x0000
[3933] [M]: 0x0000000080021820 (0x000005B7) lui a1, 0x0
x11 <- 0x0000000000000000
mem[X,0x0000000080021824] -> 0x8593
mem[X,0x0000000080021826] -> 0x0005
[3934] [M]: 0x0000000080021824 (0x00058593) addi a1, a1, 0x0
x11 <- 0x0000000000000000
mem[X,0x0000000080021828] -> 0x9593
mem[X,0x000000008002182A] -> 0x00B5
[3935] [M]: 0x0000000080021828 (0x00B59593) slli a1, a1, 0xb
x11 <- 0x0000000000000000
mem[X,0x000000008002182C] -> 0x8593
mem[X,0x000000008002182E] -> 0x5A85
[3936] [M]: 0x000000008002182C (0x5A858593) addi a1, a1, 0x5a8
x11 <- 0x00000000000005A8
mem[X,0x0000000080021830] -> 0x9593
mem[X,0x0000000080021832] -> 0x00B5
[3937] [M]: 0x0000000080021830 (0x00B59593) slli a1, a1, 0xb
x11 <- 0x00000000002D4000
mem[X,0x0000000080021834] -> 0x8593
mem[X,0x0000000080021836] -> 0x13C5
[3938] [M]: 0x0000000080021834 (0x13C58593) addi a1, a1, 0x13c
x11 <- 0x00000000002D413C
mem[X,0x0000000080021838] -> 0x9593
mem[X,0x000000008002183A] -> 0x00A5
[3939] [M]: 0x0000000080021838 (0x00A59593) slli a1, a1, 0xa
x11 <- 0x00000000B504F000
mem[X,0x000000008002183C] -> 0x8593
mem[X,0x000000008002183E] -> 0x3325
[3940] [M]: 0x000000008002183C (0x33258593) addi a1, a1, 0x332
x11 <- 0x00000000B504F332
mem[X,0x0000000080021840] -> 0x0113
mem[X,0x0000000080021842] -> 0x0000
[3941] [M]: 0x0000000080021840 (0x00000113) addi sp, zero, 0x0
x2 <- 0x0000000000000000
mem[X,0x0000000080021844] -> 0x006F
mem[X,0x0000000080021846] -> 0x0050
[3942] [M]: 0x0000000080021844 (0x0050006F) jal zero, 0x804
mem[X,0x0000000080022048] -> 0x40E3
mem[X,0x000000008002204A] -> 0x80B5
[3943] [M]: 0x0000000080022048 (0x80B540E3) blt a0, a1, -0x800
mem[X,0x000000008002204C] -> 0x0113
mem[X,0x000000008002204E] -> 0x0021
[3944] [M]: 0x000000008002204C (0x00210113) addi sp, sp, 0x2
x2 <- 0x0000000000000002
mem[X,0x0000000080022050] -> 0x006F
mem[X,0x0000000080022052] -> 0x00C0
[3945] [M]: 0x0000000080022050 (0x00C0006F) jal zero, 0xc
mem[X,0x000000008002205C] -> 0xBC23
mem[X,0x000000008002205E] -> 0x0420
[3946] [M]: 0x000000008002205C (0x0420BC23) sd sp, 0x58(ra)
mem[0x000000008004FA30] <- 0x0000000000000002
mem[X,0x0000000080022060] -> 0x3537
mem[X,0x0000000080022062] -> 0x3333
[3947] [M]: 0x0000000080022060 (0x33333537) lui a0, 0x33333
x10 <- 0x0000000033333000
mem[X,0x0000000080022064] -> 0x0513
mem[X,0x0000000080022066] -> 0x3335
[3948] [M]: 0x0000000080022064 (0x33350513) addi a0, a0, 0x333
x10 <- 0x0000000033333333
mem[X,0x0000000080022068] -> 0x1513
mem[X,0x000000008002206A] -> 0x00B5
[3949] [M]: 0x0000000080022068 (0x00B51513) slli a0, a0, 0xb
x10 <- 0x0000019999999800
mem[X,0x000000008002206C] -> 0x0513
mem[X,0x000000008002206E] -> 0x1995
[3950] [M]: 0x000000008002206C (0x19950513) addi a0, a0, 0x199
x10 <- 0x0000019999999999
mem[X,0x0000000080022070] -> 0x1513
mem[X,0x0000000080022072] -> 0x00B5
[3951] [M]: 0x0000000080022070 (0x00B51513) slli a0, a0, 0xb
x10 <- 0x000CCCCCCCCCC800
mem[X,0x0000000080022074] -> 0x0513
mem[X,0x0000000080022076] -> 0x4CC5
[3952] [M]: 0x0000000080022074 (0x4CC50513) addi a0, a0, 0x4cc
x10 <- 0x000CCCCCCCCCCCCC
mem[X,0x0000000080022078] -> 0x1513
mem[X,0x000000008002207A] -> 0x00A5
[3953] [M]: 0x0000000080022078 (0x00A51513) slli a0, a0, 0xa
x10 <- 0x3333333333333000
mem[X,0x000000008002207C] -> 0x0513
mem[X,0x000000008002207E] -> 0x3335
[3954] [M]: 0x000000008002207C (0x33350513) addi a0, a0, 0x333
x10 <- 0x3333333333333333
mem[X,0x0000000080022080] -> 0x55B7
mem[X,0x0000000080022082] -> 0x5555
[3955] [M]: 0x0000000080022080 (0x555555B7) lui a1, 0x55555
x11 <- 0x0000000055555000
mem[X,0x0000000080022084] -> 0x8593
mem[X,0x0000000080022086] -> 0x5555
[3956] [M]: 0x0000000080022084 (0x55558593) addi a1, a1, 0x555
x11 <- 0x0000000055555555
mem[X,0x0000000080022088] -> 0x9593
mem[X,0x000000008002208A] -> 0x00B5
[3957] [M]: 0x0000000080022088 (0x00B59593) slli a1, a1, 0xb
x11 <- 0x000002AAAAAAA800
mem[X,0x000000008002208C] -> 0x8593
mem[X,0x000000008002208E] -> 0x2AA5
[3958] [M]: 0x000000008002208C (0x2AA58593) addi a1, a1, 0x2aa
x11 <- 0x000002AAAAAAAAAA
mem[X,0x0000000080022090] -> 0x9593
mem[X,0x0000000080022092] -> 0x00B5
[3959] [M]: 0x0000000080022090 (0x00B59593) slli a1, a1, 0xb
x11 <- 0x0015555555555000
mem[X,0x0000000080022094] -> 0x8593
mem[X,0x0000000080022096] -> 0x5555
[3960] [M]: 0x0000000080022094 (0x55558593) addi a1, a1, 0x555
x11 <- 0x0015555555555555
mem[X,0x0000000080022098] -> 0x9593
mem[X,0x000000008002209A] -> 0x00A5
[3961] [M]: 0x0000000080022098 (0x00A59593) slli a1, a1, 0xa
x11 <- 0x5555555555555400
mem[X,0x000000008002209C] -> 0x8593
mem[X,0x000000008002209E] -> 0x1565
[3962] [M]: 0x000000008002209C (0x15658593) addi a1, a1, 0x156
x11 <- 0x5555555555555556
mem[X,0x00000000800220A0] -> 0x0113
mem[X,0x00000000800220A2] -> 0x0000
[3963] [M]: 0x00000000800220A0 (0x00000113) addi sp, zero, 0x0
x2 <- 0x0000000000000000
mem[X,0x00000000800220A4] -> 0x006F
mem[X,0x00000000800220A6] -> 0x0180
[3964] [M]: 0x00000000800220A4 (0x0180006F) jal zero, 0x18
mem[X,0x00000000800220BC] -> 0x46E3
mem[X,0x00000000800220BE] -> 0xFEB5
[3965] [M]: 0x00000000800220BC (0xFEB546E3) blt a0, a1, -0x14
mem[X,0x00000000800220A8] -> 0x0113
mem[X,0x00000000800220AA] -> 0x0011
[3966] [M]: 0x00000000800220A8 (0x00110113) addi sp, sp, 0x1
x2 <- 0x0000000000000001
mem[X,0x00000000800220AC] -> 0x006F
mem[X,0x00000000800220AE] -> 0x0240
[3967] [M]: 0x00000000800220AC (0x0240006F) jal zero, 0x24
mem[X,0x00000000800220D0] -> 0xB023
mem[X,0x00000000800220D2] -> 0x0620
[3968] [M]: 0x00000000800220D0 (0x0620B023) sd sp, 0x60(ra)
mem[0x000000008004FA38] <- 0x0000000000000001
mem[X,0x00000000800220D4] -> 0x3537
mem[X,0x00000000800220D6] -> 0x3333
[3969] [M]: 0x00000000800220D4 (0x33333537) lui a0, 0x33333
x10 <- 0x0000000033333000
mem[X,0x00000000800220D8] -> 0x0513
mem[X,0x00000000800220DA] -> 0x3335
[3970] [M]: 0x00000000800220D8 (0x33350513) addi a0, a0, 0x333
x10 <- 0x0000000033333333
mem[X,0x00000000800220DC] -> 0x1513
mem[X,0x00000000800220DE] -> 0x00B5
[3971] [M]: 0x00000000800220DC (0x00B51513) slli a0, a0, 0xb
x10 <- 0x0000019999999800
mem[X,0x00000000800220E0] -> 0x0513
mem[X,0x00000000800220E2] -> 0x1995
[3972] [M]: 0x00000000800220E0 (0x19950513) addi a0, a0, 0x199
x10 <- 0x0000019999999999
mem[X,0x00000000800220E4] -> 0x1513
mem[X,0x00000000800220E6] -> 0x00B5
[3973] [M]: 0x00000000800220E4 (0x00B51513) slli a0, a0, 0xb
x10 <- 0x000CCCCCCCCCC800
mem[X,0x00000000800220E8] -> 0x0513
mem[X,0x00000000800220EA] -> 0x4CC5
[3974] [M]: 0x00000000800220E8 (0x4CC50513) addi a0, a0, 0x4cc
x10 <- 0x000CCCCCCCCCCCCC
mem[X,0x00000000800220EC] -> 0x1513
mem[X,0x00000000800220EE] -> 0x00A5
[3975] [M]: 0x00000000800220EC (0x00A51513) slli a0, a0, 0xa
x10 <- 0x3333333333333000
mem[X,0x00000000800220F0] -> 0x0513
mem[X,0x00000000800220F2] -> 0x3335
[3976] [M]: 0x00000000800220F0 (0x33350513) addi a0, a0, 0x333
x10 <- 0x3333333333333333
mem[X,0x00000000800220F4] -> 0xB5B7
mem[X,0x00000000800220F6] -> 0xAAAA
[3977] [M]: 0x00000000800220F4 (0xAAAAB5B7) lui a1, -0x55555
x11 <- 0xFFFFFFFFAAAAB000
mem[X,0x00000000800220F8] -> 0x8593
mem[X,0x00000000800220FA] -> 0xAAA5
[3978] [M]: 0x00000000800220F8 (0xAAA58593) addi a1, a1, -0x556
x11 <- 0xFFFFFFFFAAAAAAAA
mem[X,0x00000000800220FC] -> 0x9593
mem[X,0x00000000800220FE] -> 0x00B5
[3979] [M]: 0x00000000800220FC (0x00B59593) slli a1, a1, 0xb
x11 <- 0xFFFFFD5555555000
mem[X,0x0000000080022100] -> 0x8593
mem[X,0x0000000080022102] -> 0x5555
[3980] [M]: 0x0000000080022100 (0x55558593) addi a1, a1, 0x555
x11 <- 0xFFFFFD5555555555
mem[X,0x0000000080022104] -> 0x9593
mem[X,0x0000000080022106] -> 0x00B5
[3981] [M]: 0x0000000080022104 (0x00B59593) slli a1, a1, 0xb
x11 <- 0xFFEAAAAAAAAAA800
mem[X,0x0000000080022108] -> 0x8593
mem[X,0x000000008002210A] -> 0x2AA5
[3982] [M]: 0x0000000080022108 (0x2AA58593) addi a1, a1, 0x2aa
x11 <- 0xFFEAAAAAAAAAAAAA
mem[X,0x000000008002210C] -> 0x9593
mem[X,0x000000008002210E] -> 0x00A5
[3983] [M]: 0x000000008002210C (0x00A59593) slli a1, a1, 0xa
x11 <- 0xAAAAAAAAAAAAA800
mem[X,0x0000000080022110] -> 0x8593
mem[X,0x0000000080022112] -> 0x2AB5
[3984] [M]: 0x0000000080022110 (0x2AB58593) addi a1, a1, 0x2ab
x11 <- 0xAAAAAAAAAAAAAAAB
mem[X,0x0000000080022114] -> 0x0113
mem[X,0x0000000080022116] -> 0x0000
[3985] [M]: 0x0000000080022114 (0x00000113) addi sp, zero, 0x0
x2 <- 0x0000000000000000
mem[X,0x0000000080022118] -> 0x006F
mem[X,0x000000008002211A] -> 0x00C0
[3986] [M]: 0x0000000080022118 (0x00C0006F) jal zero, 0xc
mem[X,0x0000000080022124] -> 0x4063
mem[X,0x0000000080022126] -> 0x40B5
[3987] [M]: 0x0000000080022124 (0x40B54063) blt a0, a1, 0x400
mem[X,0x0000000080022128] -> 0x0113
mem[X,0x000000008002212A] -> 0x0021
[3988] [M]: 0x0000000080022128 (0x00210113) addi sp, sp, 0x2
x2 <- 0x0000000000000002
mem[X,0x000000008002212C] -> 0x006F
mem[X,0x000000008002212E] -> 0x4000
[3989] [M]: 0x000000008002212C (0x4000006F) jal zero, 0x400
mem[X,0x000000008002252C] -> 0xB423
mem[X,0x000000008002252E] -> 0x0620
[3990] [M]: 0x000000008002252C (0x0620B423) sd sp, 0x68(ra)
mem[0x000000008004FA40] <- 0x0000000000000002
mem[X,0x0000000080022530] -> 0x3537
mem[X,0x0000000080022532] -> 0x3333
[3991] [M]: 0x0000000080022530 (0x33333537) lui a0, 0x33333
x10 <- 0x0000000033333000
mem[X,0x0000000080022534] -> 0x0513
mem[X,0x0000000080022536] -> 0x3335
[3992] [M]: 0x0000000080022534 (0x33350513) addi a0, a0, 0x333
x10 <- 0x0000000033333333
mem[X,0x0000000080022538] -> 0x1513
mem[X,0x000000008002253A] -> 0x00B5
[3993] [M]: 0x0000000080022538 (0x00B51513) slli a0, a0, 0xb
x10 <- 0x0000019999999800
mem[X,0x000000008002253C] -> 0x0513
mem[X,0x000000008002253E] -> 0x1995
[3994] [M]: 0x000000008002253C (0x19950513) addi a0, a0, 0x199
x10 <- 0x0000019999999999
mem[X,0x0000000080022540] -> 0x1513
mem[X,0x0000000080022542] -> 0x00B5
[3995] [M]: 0x0000000080022540 (0x00B51513) slli a0, a0, 0xb
x10 <- 0x000CCCCCCCCCC800
mem[X,0x0000000080022544] -> 0x0513
mem[X,0x0000000080022546] -> 0x4CC5
[3996] [M]: 0x0000000080022544 (0x4CC50513) addi a0, a0, 0x4cc
x10 <- 0x000CCCCCCCCCCCCC
mem[X,0x0000000080022548] -> 0x1513
mem[X,0x000000008002254A] -> 0x00A5
[3997] [M]: 0x0000000080022548 (0x00A51513) slli a0, a0, 0xa
x10 <- 0x3333333333333000
mem[X,0x000000008002254C] -> 0x0513
mem[X,0x000000008002254E] -> 0x3335
[3998] [M]: 0x000000008002254C (0x33350513) addi a0, a0, 0x333
x10 <- 0x3333333333333333
mem[X,0x0000000080022550] -> 0x0593
mem[X,0x0000000080022552] -> 0x0060
[3999] [M]: 0x0000000080022550 (0x00600593) addi a1, zero, 0x6
x11 <- 0x0000000000000006
clint::tick mtime <- 0x0000000000000028
 clint timer pending at mtime 0x0000000000000028
htif::tick 0x0000000000000000
mem[X,0x0000000080022554] -> 0x0113
mem[X,0x0000000080022556] -> 0x0000
[4000] [M]: 0x0000000080022554 (0x00000113) addi sp, zero, 0x0
x2 <- 0x0000000000000000
mem[X,0x0000000080022558] -> 0x006F
mem[X,0x000000008002255A] -> 0x00C0
[4001] [M]: 0x0000000080022558 (0x00C0006F) jal zero, 0xc
mem[X,0x0000000080022564] -> 0x4CE3
mem[X,0x0000000080022566] -> 0xFEB5
[4002] [M]: 0x0000000080022564 (0xFEB54CE3) blt a0, a1, -0x8
mem[X,0x0000000080022568] -> 0x0113
mem[X,0x000000008002256A] -> 0x0021
[4003] [M]: 0x0000000080022568 (0x00210113) addi sp, sp, 0x2
x2 <- 0x0000000000000002
mem[X,0x000000008002256C] -> 0x006F
mem[X,0x000000008002256E] -> 0x00C0
[4004] [M]: 0x000000008002256C (0x00C0006F) jal zero, 0xc
mem[X,0x0000000080022578] -> 0xB823
mem[X,0x000000008002257A] -> 0x0620
[4005] [M]: 0x0000000080022578 (0x0620B823) sd sp, 0x70(ra)
mem[0x000000008004FA48] <- 0x0000000000000002
mem[X,0x000000008002257C] -> 0x3537
mem[X,0x000000008002257E] -> 0x3333
[4006] [M]: 0x000000008002257C (0x33333537) lui a0, 0x33333
x10 <- 0x0000000033333000
mem[X,0x0000000080022580] -> 0x0513
mem[X,0x0000000080022582] -> 0x3335
[4007] [M]: 0x0000000080022580 (0x33350513) addi a0, a0, 0x333
x10 <- 0x0000000033333333
mem[X,0x0000000080022584] -> 0x1513
mem[X,0x0000000080022586] -> 0x00B5
[4008] [M]: 0x0000000080022584 (0x00B51513) slli a0, a0, 0xb
x10 <- 0x0000019999999800
mem[X,0x0000000080022588] -> 0x0513
mem[X,0x000000008002258A] -> 0x1995
[4009] [M]: 0x0000000080022588 (0x19950513) addi a0, a0, 0x199
x10 <- 0x0000019999999999
mem[X,0x000000008002258C] -> 0x1513
mem[X,0x000000008002258E] -> 0x00B5
[4010] [M]: 0x000000008002258C (0x00B51513) slli a0, a0, 0xb
x10 <- 0x000CCCCCCCCCC800
mem[X,0x0000000080022590] -> 0x0513
mem[X,0x0000000080022592] -> 0x4CC5
[4011] [M]: 0x0000000080022590 (0x4CC50513) addi a0, a0, 0x4cc
x10 <- 0x000CCCCCCCCCCCCC
mem[X,0x0000000080022594] -> 0x1513
mem[X,0x0000000080022596] -> 0x00A5
[4012] [M]: 0x0000000080022594 (0x00A51513) slli a0, a0, 0xa
x10 <- 0x3333333333333000
mem[X,0x0000000080022598] -> 0x0513
mem[X,0x000000008002259A] -> 0x3335
[4013] [M]: 0x0000000080022598 (0x33350513) addi a0, a0, 0x333
x10 <- 0x3333333333333333
mem[X,0x000000008002259C] -> 0x35B7
mem[X,0x000000008002259E] -> 0x3333
[4014] [M]: 0x000000008002259C (0x333335B7) lui a1, 0x33333
x11 <- 0x0000000033333000
mem[X,0x00000000800225A0] -> 0x8593
mem[X,0x00000000800225A2] -> 0x3335
[4015] [M]: 0x00000000800225A0 (0x33358593) addi a1, a1, 0x333
x11 <- 0x0000000033333333
mem[X,0x00000000800225A4] -> 0x9593
mem[X,0x00000000800225A6] -> 0x00B5
[4016] [M]: 0x00000000800225A4 (0x00B59593) slli a1, a1, 0xb
x11 <- 0x0000019999999800
mem[X,0x00000000800225A8] -> 0x8593
mem[X,0x00000000800225AA] -> 0x1995
[4017] [M]: 0x00000000800225A8 (0x19958593) addi a1, a1, 0x199
x11 <- 0x0000019999999999
mem[X,0x00000000800225AC] -> 0x9593
mem[X,0x00000000800225AE] -> 0x00B5
[4018] [M]: 0x00000000800225AC (0x00B59593) slli a1, a1, 0xb
x11 <- 0x000CCCCCCCCCC800
mem[X,0x00000000800225B0] -> 0x8593
mem[X,0x00000000800225B2] -> 0x4CC5
[4019] [M]: 0x00000000800225B0 (0x4CC58593) addi a1, a1, 0x4cc
x11 <- 0x000CCCCCCCCCCCCC
mem[X,0x00000000800225B4] -> 0x9593
mem[X,0x00000000800225B6] -> 0x00A5
[4020] [M]: 0x00000000800225B4 (0x00A59593) slli a1, a1, 0xa
x11 <- 0x3333333333333000
mem[X,0x00000000800225B8] -> 0x8593
mem[X,0x00000000800225BA] -> 0x3345
[4021] [M]: 0x00000000800225B8 (0x33458593) addi a1, a1, 0x334
x11 <- 0x3333333333333334
mem[X,0x00000000800225BC] -> 0x0113
mem[X,0x00000000800225BE] -> 0x0000
[4022] [M]: 0x00000000800225BC (0x00000113) addi sp, zero, 0x0
x2 <- 0x0000000000000000
mem[X,0x00000000800225C0] -> 0x006F
mem[X,0x00000000800225C2] -> 0x00C0
[4023] [M]: 0x00000000800225C0 (0x00C0006F) jal zero, 0xc
mem[X,0x00000000800225CC] -> 0x4063
mem[X,0x00000000800225CE] -> 0x08B5
[4024] [M]: 0x00000000800225CC (0x08B54063) blt a0, a1, 0x80
mem[X,0x000000008002264C] -> 0x0113
mem[X,0x000000008002264E] -> 0x0031
[4025] [M]: 0x000000008002264C (0x00310113) addi sp, sp, 0x3
x2 <- 0x0000000000000003
mem[X,0x0000000080022650] -> 0x006F
mem[X,0x0000000080022652] -> 0x0040
[4026] [M]: 0x0000000080022650 (0x0040006F) jal zero, 0x4
mem[X,0x0000000080022654] -> 0xBC23
mem[X,0x0000000080022656] -> 0x0620
[4027] [M]: 0x0000000080022654 (0x0620BC23) sd sp, 0x78(ra)
mem[0x000000008004FA50] <- 0x0000000000000003
mem[X,0x0000000080022658] -> 0x3537
mem[X,0x000000008002265A] -> 0x3333
[4028] [M]: 0x0000000080022658 (0x33333537) lui a0, 0x33333
x10 <- 0x0000000033333000
mem[X,0x000000008002265C] -> 0x0513
mem[X,0x000000008002265E] -> 0x3335
[4029] [M]: 0x000000008002265C (0x33350513) addi a0, a0, 0x333
x10 <- 0x0000000033333333
mem[X,0x0000000080022660] -> 0x1513
mem[X,0x0000000080022662] -> 0x00B5
[4030] [M]: 0x0000000080022660 (0x00B51513) slli a0, a0, 0xb
x10 <- 0x0000019999999800
mem[X,0x0000000080022664] -> 0x0513
mem[X,0x0000000080022666] -> 0x1995
[4031] [M]: 0x0000000080022664 (0x19950513) addi a0, a0, 0x199
x10 <- 0x0000019999999999
mem[X,0x0000000080022668] -> 0x1513
mem[X,0x000000008002266A] -> 0x00B5
[4032] [M]: 0x0000000080022668 (0x00B51513) slli a0, a0, 0xb
x10 <- 0x000CCCCCCCCCC800
mem[X,0x000000008002266C] -> 0x0513
mem[X,0x000000008002266E] -> 0x4CC5
[4033] [M]: 0x000000008002266C (0x4CC50513) addi a0, a0, 0x4cc
x10 <- 0x000CCCCCCCCCCCCC
mem[X,0x0000000080022670] -> 0x1513
mem[X,0x0000000080022672] -> 0x00A5
[4034] [M]: 0x0000000080022670 (0x00A51513) slli a0, a0, 0xa
x10 <- 0x3333333333333000
mem[X,0x0000000080022674] -> 0x0513
mem[X,0x0000000080022676] -> 0x3335
[4035] [M]: 0x0000000080022674 (0x33350513) addi a0, a0, 0x333
x10 <- 0x3333333333333333
mem[X,0x0000000080022678] -> 0x65B7
mem[X,0x000000008002267A] -> 0x6666
[4036] [M]: 0x0000000080022678 (0x666665B7) lui a1, 0x66666
x11 <- 0x0000000066666000
mem[X,0x000000008002267C] -> 0x8593
mem[X,0x000000008002267E] -> 0x6665
[4037] [M]: 0x000000008002267C (0x66658593) addi a1, a1, 0x666
x11 <- 0x0000000066666666
mem[X,0x0000000080022680] -> 0x9593
mem[X,0x0000000080022682] -> 0x00B5
[4038] [M]: 0x0000000080022680 (0x00B59593) slli a1, a1, 0xb
x11 <- 0x0000033333333000
mem[X,0x0000000080022684] -> 0x8593
mem[X,0x0000000080022686] -> 0x3335
[4039] [M]: 0x0000000080022684 (0x33358593) addi a1, a1, 0x333
x11 <- 0x0000033333333333
mem[X,0x0000000080022688] -> 0x9593
mem[X,0x000000008002268A] -> 0x00B5
[4040] [M]: 0x0000000080022688 (0x00B59593) slli a1, a1, 0xb
x11 <- 0x0019999999999800
mem[X,0x000000008002268C] -> 0x8593
mem[X,0x000000008002268E] -> 0x1995
[4041] [M]: 0x000000008002268C (0x19958593) addi a1, a1, 0x199
x11 <- 0x0019999999999999
mem[X,0x0000000080022690] -> 0x9593
mem[X,0x0000000080022692] -> 0x00A5
[4042] [M]: 0x0000000080022690 (0x00A59593) slli a1, a1, 0xa
x11 <- 0x6666666666666400
mem[X,0x0000000080022694] -> 0x8593
mem[X,0x0000000080022696] -> 0x2675
[4043] [M]: 0x0000000080022694 (0x26758593) addi a1, a1, 0x267
x11 <- 0x6666666666666667
mem[X,0x0000000080022698] -> 0x0113
mem[X,0x000000008002269A] -> 0x0000
[4044] [M]: 0x0000000080022698 (0x00000113) addi sp, zero, 0x0
x2 <- 0x0000000000000000
mem[X,0x000000008002269C] -> 0x006F
mem[X,0x000000008002269E] -> 0x00C0
[4045] [M]: 0x000000008002269C (0x00C0006F) jal zero, 0xc
mem[X,0x00000000800226A8] -> 0x4663
mem[X,0x00000000800226AA] -> 0x00B5
[4046] [M]: 0x00000000800226A8 (0x00B54663) blt a0, a1, 0xc
mem[X,0x00000000800226B4] -> 0x0113
mem[X,0x00000000800226B6] -> 0x0031
[4047] [M]: 0x00000000800226B4 (0x00310113) addi sp, sp, 0x3
x2 <- 0x0000000000000003
mem[X,0x00000000800226B8] -> 0x006F
mem[X,0x00000000800226BA] -> 0x0040
[4048] [M]: 0x00000000800226B8 (0x0040006F) jal zero, 0x4
mem[X,0x00000000800226BC] -> 0xB023
mem[X,0x00000000800226BE] -> 0x0820
[4049] [M]: 0x00000000800226BC (0x0820B023) sd sp, 0x80(ra)
mem[0x000000008004FA58] <- 0x0000000000000003
mem[X,0x00000000800226C0] -> 0x3537
mem[X,0x00000000800226C2] -> 0x3333
[4050] [M]: 0x00000000800226C0 (0x33333537) lui a0, 0x33333
x10 <- 0x0000000033333000
mem[X,0x00000000800226C4] -> 0x0513
mem[X,0x00000000800226C6] -> 0x3335
[4051] [M]: 0x00000000800226C4 (0x33350513) addi a0, a0, 0x333
x10 <- 0x0000000033333333
mem[X,0x00000000800226C8] -> 0x1513
mem[X,0x00000000800226CA] -> 0x00B5
[4052] [M]: 0x00000000800226C8 (0x00B51513) slli a0, a0, 0xb
x10 <- 0x0000019999999800
mem[X,0x00000000800226CC] -> 0x0513
mem[X,0x00000000800226CE] -> 0x1995
[4053] [M]: 0x00000000800226CC (0x19950513) addi a0, a0, 0x199
x10 <- 0x0000019999999999
mem[X,0x00000000800226D0] -> 0x1513
mem[X,0x00000000800226D2] -> 0x00B5
[4054] [M]: 0x00000000800226D0 (0x00B51513) slli a0, a0, 0xb
x10 <- 0x000CCCCCCCCCC800
mem[X,0x00000000800226D4] -> 0x0513
mem[X,0x00000000800226D6] -> 0x4CC5
[4055] [M]: 0x00000000800226D4 (0x4CC50513) addi a0, a0, 0x4cc
x10 <- 0x000CCCCCCCCCCCCC
mem[X,0x00000000800226D8] -> 0x1513
mem[X,0x00000000800226DA] -> 0x00A5
[4056] [M]: 0x00000000800226D8 (0x00A51513) slli a0, a0, 0xa
x10 <- 0x3333333333333000
mem[X,0x00000000800226DC] -> 0x0513
mem[X,0x00000000800226DE] -> 0x3335
[4057] [M]: 0x00000000800226DC (0x33350513) addi a0, a0, 0x333
x10 <- 0x3333333333333333
mem[X,0x00000000800226E0] -> 0x05B7
mem[X,0x00000000800226E2] -> 0x0000
[4058] [M]: 0x00000000800226E0 (0x000005B7) lui a1, 0x0
x11 <- 0x0000000000000000
mem[X,0x00000000800226E4] -> 0x8593
mem[X,0x00000000800226E6] -> 0xFFF5
[4059] [M]: 0x00000000800226E4 (0xFFF58593) addi a1, a1, -0x1
x11 <- 0xFFFFFFFFFFFFFFFF
mem[X,0x00000000800226E8] -> 0x9593
mem[X,0x00000000800226EA] -> 0x00B5
[4060] [M]: 0x00000000800226E8 (0x00B59593) slli a1, a1, 0xb
x11 <- 0xFFFFFFFFFFFFF800
mem[X,0x00000000800226EC] -> 0x8593
mem[X,0x00000000800226EE] -> 0x2575
[4061] [M]: 0x00000000800226EC (0x25758593) addi a1, a1, 0x257
x11 <- 0xFFFFFFFFFFFFFA57
mem[X,0x00000000800226F0] -> 0x9593
mem[X,0x00000000800226F2] -> 0x00B5
[4062] [M]: 0x00000000800226F0 (0x00B59593) slli a1, a1, 0xb
x11 <- 0xFFFFFFFFFFD2B800
mem[X,0x00000000800226F4] -> 0x8593
mem[X,0x00000000800226F6] -> 0x6C35
[4063] [M]: 0x00000000800226F4 (0x6C358593) addi a1, a1, 0x6c3
x11 <- 0xFFFFFFFFFFD2BEC3
mem[X,0x00000000800226F8] -> 0x9593
mem[X,0x00000000800226FA] -> 0x00A5
[4064] [M]: 0x00000000800226F8 (0x00A59593) slli a1, a1, 0xa
x11 <- 0xFFFFFFFF4AFB0C00
mem[X,0x00000000800226FC] -> 0x8593
mem[X,0x00000000800226FE] -> 0x0CE5
[4065] [M]: 0x00000000800226FC (0x0CE58593) addi a1, a1, 0xce
x11 <- 0xFFFFFFFF4AFB0CCE
mem[X,0x0000000080022700] -> 0x0113
mem[X,0x0000000080022702] -> 0x0000
[4066] [M]: 0x0000000080022700 (0x00000113) addi sp, zero, 0x0
x2 <- 0x0000000000000000
mem[X,0x0000000080022704] -> 0x006F
mem[X,0x0000000080022706] -> 0x00C0
[4067] [M]: 0x0000000080022704 (0x00C0006F) jal zero, 0xc
mem[X,0x0000000080022710] -> 0x4863
mem[X,0x0000000080022712] -> 0x00B5
[4068] [M]: 0x0000000080022710 (0x00B54863) blt a0, a1, 0x10
mem[X,0x0000000080022714] -> 0x0113
mem[X,0x0000000080022716] -> 0x0021
[4069] [M]: 0x0000000080022714 (0x00210113) addi sp, sp, 0x2
x2 <- 0x0000000000000002
mem[X,0x0000000080022718] -> 0x006F
mem[X,0x000000008002271A] -> 0x0100
[4070] [M]: 0x0000000080022718 (0x0100006F) jal zero, 0x10
mem[X,0x0000000080022728] -> 0xB423
mem[X,0x000000008002272A] -> 0x0820
[4071] [M]: 0x0000000080022728 (0x0820B423) sd sp, 0x88(ra)
mem[0x000000008004FA60] <- 0x0000000000000002
mem[X,0x000000008002272C] -> 0x3537
mem[X,0x000000008002272E] -> 0x3333
[4072] [M]: 0x000000008002272C (0x33333537) lui a0, 0x33333
x10 <- 0x0000000033333000
mem[X,0x0000000080022730] -> 0x0513
mem[X,0x0000000080022732] -> 0x3335
[4073] [M]: 0x0000000080022730 (0x33350513) addi a0, a0, 0x333
x10 <- 0x0000000033333333
mem[X,0x0000000080022734] -> 0x1513
mem[X,0x0000000080022736] -> 0x00B5
[4074] [M]: 0x0000000080022734 (0x00B51513) slli a0, a0, 0xb
x10 <- 0x0000019999999800
mem[X,0x0000000080022738] -> 0x0513
mem[X,0x000000008002273A] -> 0x1995
[4075] [M]: 0x0000000080022738 (0x19950513) addi a0, a0, 0x199
x10 <- 0x0000019999999999
mem[X,0x000000008002273C] -> 0x1513
mem[X,0x000000008002273E] -> 0x00B5
[4076] [M]: 0x000000008002273C (0x00B51513) slli a0, a0, 0xb
x10 <- 0x000CCCCCCCCCC800
mem[X,0x0000000080022740] -> 0x0513
mem[X,0x0000000080022742] -> 0x4CC5
[4077] [M]: 0x0000000080022740 (0x4CC50513) addi a0, a0, 0x4cc
x10 <- 0x000CCCCCCCCCCCCC
mem[X,0x0000000080022744] -> 0x1513
mem[X,0x0000000080022746] -> 0x00A5
[4078] [M]: 0x0000000080022744 (0x00A51513) slli a0, a0, 0xa
x10 <- 0x3333333333333000
mem[X,0x0000000080022748] -> 0x0513
mem[X,0x000000008002274A] -> 0x3335
[4079] [M]: 0x0000000080022748 (0x33350513) addi a0, a0, 0x333
x10 <- 0x3333333333333333
mem[X,0x000000008002274C] -> 0x05B7
mem[X,0x000000008002274E] -> 0x0000
[4080] [M]: 0x000000008002274C (0x000005B7) lui a1, 0x0
x11 <- 0x0000000000000000
mem[X,0x0000000080022750] -> 0x8593
mem[X,0x0000000080022752] -> 0x0005
[4081] [M]: 0x0000000080022750 (0x00058593) addi a1, a1, 0x0
x11 <- 0x0000000000000000
mem[X,0x0000000080022754] -> 0x9593
mem[X,0x0000000080022756] -> 0x00B5
[4082] [M]: 0x0000000080022754 (0x00B59593) slli a1, a1, 0xb
x11 <- 0x0000000000000000
mem[X,0x0000000080022758] -> 0x8593
mem[X,0x000000008002275A] -> 0x5A85
[4083] [M]: 0x0000000080022758 (0x5A858593) addi a1, a1, 0x5a8
x11 <- 0x00000000000005A8
mem[X,0x000000008002275C] -> 0x9593
mem[X,0x000000008002275E] -> 0x00B5
[4084] [M]: 0x000000008002275C (0x00B59593) slli a1, a1, 0xb
x11 <- 0x00000000002D4000
mem[X,0x0000000080022760] -> 0x8593
mem[X,0x0000000080022762] -> 0x13C5
[4085] [M]: 0x0000000080022760 (0x13C58593) addi a1, a1, 0x13c
x11 <- 0x00000000002D413C
mem[X,0x0000000080022764] -> 0x9593
mem[X,0x0000000080022766] -> 0x00A5
[4086] [M]: 0x0000000080022764 (0x00A59593) slli a1, a1, 0xa
x11 <- 0x00000000B504F000
mem[X,0x0000000080022768] -> 0x8593
mem[X,0x000000008002276A] -> 0x3345
[4087] [M]: 0x0000000080022768 (0x33458593) addi a1, a1, 0x334
x11 <- 0x00000000B504F334
mem[X,0x000000008002276C] -> 0x0113
mem[X,0x000000008002276E] -> 0x0000
[4088] [M]: 0x000000008002276C (0x00000113) addi sp, zero, 0x0
x2 <- 0x0000000000000000
mem[X,0x0000000080022770] -> 0x006F
mem[X,0x0000000080022772] -> 0x00C0
[4089] [M]: 0x0000000080022770 (0x00C0006F) jal zero, 0xc
mem[X,0x000000008002277C] -> 0x4CE3
mem[X,0x000000008002277E] -> 0xFEB5
[4090] [M]: 0x000000008002277C (0xFEB54CE3) blt a0, a1, -0x8
mem[X,0x0000000080022780] -> 0x0113
mem[X,0x0000000080022782] -> 0x0021
[4091] [M]: 0x0000000080022780 (0x00210113) addi sp, sp, 0x2
x2 <- 0x0000000000000002
mem[X,0x0000000080022784] -> 0x006F
mem[X,0x0000000080022786] -> 0x00C0
[4092] [M]: 0x0000000080022784 (0x00C0006F) jal zero, 0xc
mem[X,0x0000000080022790] -> 0xB823
mem[X,0x0000000080022792] -> 0x0820
[4093] [M]: 0x0000000080022790 (0x0820B823) sd sp, 0x90(ra)
mem[0x000000008004FA68] <- 0x0000000000000002
mem[X,0x0000000080022794] -> 0x6537
mem[X,0x0000000080022796] -> 0x6666
[4094] [M]: 0x0000000080022794 (0x66666537) lui a0, 0x66666
x10 <- 0x0000000066666000
mem[X,0x0000000080022798] -> 0x0513
mem[X,0x000000008002279A] -> 0x6665
[4095] [M]: 0x0000000080022798 (0x66650513) addi a0, a0, 0x666
x10 <- 0x0000000066666666
mem[X,0x000000008002279C] -> 0x1513
mem[X,0x000000008002279E] -> 0x00B5
[4096] [M]: 0x000000008002279C (0x00B51513) slli a0, a0, 0xb
x10 <- 0x0000033333333000
mem[X,0x00000000800227A0] -> 0x0513
mem[X,0x00000000800227A2] -> 0x3335
[4097] [M]: 0x00000000800227A0 (0x33350513) addi a0, a0, 0x333
x10 <- 0x0000033333333333
mem[X,0x00000000800227A4] -> 0x1513
mem[X,0x00000000800227A6] -> 0x00B5
[4098] [M]: 0x00000000800227A4 (0x00B51513) slli a0, a0, 0xb
x10 <- 0x0019999999999800
mem[X,0x00000000800227A8] -> 0x0513
mem[X,0x00000000800227AA] -> 0x1995
[4099] [M]: 0x00000000800227A8 (0x19950513) addi a0, a0, 0x199
x10 <- 0x0019999999999999
clint::tick mtime <- 0x0000000000000029
 clint timer pending at mtime 0x0000000000000029
htif::tick 0x0000000000000000
mem[X,0x00000000800227AC] -> 0x1513
mem[X,0x00000000800227AE] -> 0x00A5
[4100] [M]: 0x00000000800227AC (0x00A51513) slli a0, a0, 0xa
x10 <- 0x6666666666666400
mem[X,0x00000000800227B0] -> 0x0513
mem[X,0x00000000800227B2] -> 0x2665
[4101] [M]: 0x00000000800227B0 (0x26650513) addi a0, a0, 0x266
x10 <- 0x6666666666666666
mem[X,0x00000000800227B4] -> 0x0593
mem[X,0x00000000800227B6] -> 0x0030
[4102] [M]: 0x00000000800227B4 (0x00300593) addi a1, zero, 0x3
x11 <- 0x0000000000000003
mem[X,0x00000000800227B8] -> 0x0113
mem[X,0x00000000800227BA] -> 0x0000
[4103] [M]: 0x00000000800227B8 (0x00000113) addi sp, zero, 0x0
x2 <- 0x0000000000000000
mem[X,0x00000000800227BC] -> 0x006F
mem[X,0x00000000800227BE] -> 0x00C0
[4104] [M]: 0x00000000800227BC (0x00C0006F) jal zero, 0xc
mem[X,0x00000000800227C8] -> 0x4CE3
mem[X,0x00000000800227CA] -> 0xFEB5
[4105] [M]: 0x00000000800227C8 (0xFEB54CE3) blt a0, a1, -0x8
mem[X,0x00000000800227CC] -> 0x0113
mem[X,0x00000000800227CE] -> 0x0021
[4106] [M]: 0x00000000800227CC (0x00210113) addi sp, sp, 0x2
x2 <- 0x0000000000000002
mem[X,0x00000000800227D0] -> 0x006F
mem[X,0x00000000800227D2] -> 0x00C0
[4107] [M]: 0x00000000800227D0 (0x00C0006F) jal zero, 0xc
mem[X,0x00000000800227DC] -> 0xBC23
mem[X,0x00000000800227DE] -> 0x0820
[4108] [M]: 0x00000000800227DC (0x0820BC23) sd sp, 0x98(ra)
mem[0x000000008004FA70] <- 0x0000000000000002
mem[X,0x00000000800227E0] -> 0x6537
mem[X,0x00000000800227E2] -> 0x6666
[4109] [M]: 0x00000000800227E0 (0x66666537) lui a0, 0x66666
x10 <- 0x0000000066666000
mem[X,0x00000000800227E4] -> 0x0513
mem[X,0x00000000800227E6] -> 0x6665
[4110] [M]: 0x00000000800227E4 (0x66650513) addi a0, a0, 0x666
x10 <- 0x0000000066666666
mem[X,0x00000000800227E8] -> 0x1513
mem[X,0x00000000800227EA] -> 0x00B5
[4111] [M]: 0x00000000800227E8 (0x00B51513) slli a0, a0, 0xb
x10 <- 0x0000033333333000
mem[X,0x00000000800227EC] -> 0x0513
mem[X,0x00000000800227EE] -> 0x3335
[4112] [M]: 0x00000000800227EC (0x33350513) addi a0, a0, 0x333
x10 <- 0x0000033333333333
mem[X,0x00000000800227F0] -> 0x1513
mem[X,0x00000000800227F2] -> 0x00B5
[4113] [M]: 0x00000000800227F0 (0x00B51513) slli a0, a0, 0xb
x10 <- 0x0019999999999800
mem[X,0x00000000800227F4] -> 0x0513
mem[X,0x00000000800227F6] -> 0x1995
[4114] [M]: 0x00000000800227F4 (0x19950513) addi a0, a0, 0x199
x10 <- 0x0019999999999999
mem[X,0x00000000800227F8] -> 0x1513
mem[X,0x00000000800227FA] -> 0x00A5
[4115] [M]: 0x00000000800227F8 (0x00A51513) slli a0, a0, 0xa
x10 <- 0x6666666666666400
mem[X,0x00000000800227FC] -> 0x0513
mem[X,0x00000000800227FE] -> 0x2665
[4116] [M]: 0x00000000800227FC (0x26650513) addi a0, a0, 0x266
x10 <- 0x6666666666666666
mem[X,0x0000000080022800] -> 0x55B7
mem[X,0x0000000080022802] -> 0x5555
[4117] [M]: 0x0000000080022800 (0x555555B7) lui a1, 0x55555
x11 <- 0x0000000055555000
mem[X,0x0000000080022804] -> 0x8593
mem[X,0x0000000080022806] -> 0x5555
[4118] [M]: 0x0000000080022804 (0x55558593) addi a1, a1, 0x555
x11 <- 0x0000000055555555
mem[X,0x0000000080022808] -> 0x9593
mem[X,0x000000008002280A] -> 0x00B5
[4119] [M]: 0x0000000080022808 (0x00B59593) slli a1, a1, 0xb
x11 <- 0x000002AAAAAAA800
mem[X,0x000000008002280C] -> 0x8593
mem[X,0x000000008002280E] -> 0x2AA5
[4120] [M]: 0x000000008002280C (0x2AA58593) addi a1, a1, 0x2aa
x11 <- 0x000002AAAAAAAAAA
mem[X,0x0000000080022810] -> 0x9593
mem[X,0x0000000080022812] -> 0x00B5
[4121] [M]: 0x0000000080022810 (0x00B59593) slli a1, a1, 0xb
x11 <- 0x0015555555555000
mem[X,0x0000000080022814] -> 0x8593
mem[X,0x0000000080022816] -> 0x5555
[4122] [M]: 0x0000000080022814 (0x55558593) addi a1, a1, 0x555
x11 <- 0x0015555555555555
mem[X,0x0000000080022818] -> 0x9593
mem[X,0x000000008002281A] -> 0x00A5
[4123] [M]: 0x0000000080022818 (0x00A59593) slli a1, a1, 0xa
x11 <- 0x5555555555555400
mem[X,0x000000008002281C] -> 0x8593
mem[X,0x000000008002281E] -> 0x1555
[4124] [M]: 0x000000008002281C (0x15558593) addi a1, a1, 0x155
x11 <- 0x5555555555555555
mem[X,0x0000000080022820] -> 0x0113
mem[X,0x0000000080022822] -> 0x0000
[4125] [M]: 0x0000000080022820 (0x00000113) addi sp, zero, 0x0
x2 <- 0x0000000000000000
mem[X,0x0000000080022824] -> 0x006F
mem[X,0x0000000080022826] -> 0x00C0
[4126] [M]: 0x0000000080022824 (0x00C0006F) jal zero, 0xc
mem[X,0x0000000080022830] -> 0x4663
mem[X,0x0000000080022832] -> 0x00B5
[4127] [M]: 0x0000000080022830 (0x00B54663) blt a0, a1, 0xc
mem[X,0x0000000080022834] -> 0x0113
mem[X,0x0000000080022836] -> 0x0021
[4128] [M]: 0x0000000080022834 (0x00210113) addi sp, sp, 0x2
x2 <- 0x0000000000000002
mem[X,0x0000000080022838] -> 0x006F
mem[X,0x000000008002283A] -> 0x00C0
[4129] [M]: 0x0000000080022838 (0x00C0006F) jal zero, 0xc
mem[X,0x0000000080022844] -> 0xB023
mem[X,0x0000000080022846] -> 0x0A20
[4130] [M]: 0x0000000080022844 (0x0A20B023) sd sp, 0xa0(ra)
mem[0x000000008004FA78] <- 0x0000000000000002
mem[X,0x0000000080022848] -> 0x6537
mem[X,0x000000008002284A] -> 0x6666
[4131] [M]: 0x0000000080022848 (0x66666537) lui a0, 0x66666
x10 <- 0x0000000066666000
mem[X,0x000000008002284C] -> 0x0513
mem[X,0x000000008002284E] -> 0x6665
[4132] [M]: 0x000000008002284C (0x66650513) addi a0, a0, 0x666
x10 <- 0x0000000066666666
mem[X,0x0000000080022850] -> 0x1513
mem[X,0x0000000080022852] -> 0x00B5
[4133] [M]: 0x0000000080022850 (0x00B51513) slli a0, a0, 0xb
x10 <- 0x0000033333333000
mem[X,0x0000000080022854] -> 0x0513
mem[X,0x0000000080022856] -> 0x3335
[4134] [M]: 0x0000000080022854 (0x33350513) addi a0, a0, 0x333
x10 <- 0x0000033333333333
mem[X,0x0000000080022858] -> 0x1513
mem[X,0x000000008002285A] -> 0x00B5
[4135] [M]: 0x0000000080022858 (0x00B51513) slli a0, a0, 0xb
x10 <- 0x0019999999999800
mem[X,0x000000008002285C] -> 0x0513
mem[X,0x000000008002285E] -> 0x1995
[4136] [M]: 0x000000008002285C (0x19950513) addi a0, a0, 0x199
x10 <- 0x0019999999999999
mem[X,0x0000000080022860] -> 0x1513
mem[X,0x0000000080022862] -> 0x00A5
[4137] [M]: 0x0000000080022860 (0x00A51513) slli a0, a0, 0xa
x10 <- 0x6666666666666400
mem[X,0x0000000080022864] -> 0x0513
mem[X,0x0000000080022866] -> 0x2665
[4138] [M]: 0x0000000080022864 (0x26650513) addi a0, a0, 0x266
x10 <- 0x6666666666666666
mem[X,0x0000000080022868] -> 0xB5B7
mem[X,0x000000008002286A] -> 0xAAAA
[4139] [M]: 0x0000000080022868 (0xAAAAB5B7) lui a1, -0x55555
x11 <- 0xFFFFFFFFAAAAB000
mem[X,0x000000008002286C] -> 0x8593
mem[X,0x000000008002286E] -> 0xAAA5
[4140] [M]: 0x000000008002286C (0xAAA58593) addi a1, a1, -0x556
x11 <- 0xFFFFFFFFAAAAAAAA
mem[X,0x0000000080022870] -> 0x9593
mem[X,0x0000000080022872] -> 0x00B5
[4141] [M]: 0x0000000080022870 (0x00B59593) slli a1, a1, 0xb
x11 <- 0xFFFFFD5555555000
mem[X,0x0000000080022874] -> 0x8593
mem[X,0x0000000080022876] -> 0x5555
[4142] [M]: 0x0000000080022874 (0x55558593) addi a1, a1, 0x555
x11 <- 0xFFFFFD5555555555
mem[X,0x0000000080022878] -> 0x9593
mem[X,0x000000008002287A] -> 0x00B5
[4143] [M]: 0x0000000080022878 (0x00B59593) slli a1, a1, 0xb
x11 <- 0xFFEAAAAAAAAAA800
mem[X,0x000000008002287C] -> 0x8593
mem[X,0x000000008002287E] -> 0x2AA5
[4144] [M]: 0x000000008002287C (0x2AA58593) addi a1, a1, 0x2aa
x11 <- 0xFFEAAAAAAAAAAAAA
mem[X,0x0000000080022880] -> 0x9593
mem[X,0x0000000080022882] -> 0x00A5
[4145] [M]: 0x0000000080022880 (0x00A59593) slli a1, a1, 0xa
x11 <- 0xAAAAAAAAAAAAA800
mem[X,0x0000000080022884] -> 0x8593
mem[X,0x0000000080022886] -> 0x2AA5
[4146] [M]: 0x0000000080022884 (0x2AA58593) addi a1, a1, 0x2aa
x11 <- 0xAAAAAAAAAAAAAAAA
mem[X,0x0000000080022888] -> 0x0113
mem[X,0x000000008002288A] -> 0x0000
[4147] [M]: 0x0000000080022888 (0x00000113) addi sp, zero, 0x0
x2 <- 0x0000000000000000
mem[X,0x000000008002288C] -> 0x006F
mem[X,0x000000008002288E] -> 0x2B10
[4148] [M]: 0x000000008002288C (0x2B10006F) jal zero, 0xab0
mem[X,0x000000008002333C] -> 0x4A63
mem[X,0x000000008002333E] -> 0xD4B5
[4149] [M]: 0x000000008002333C (0xD4B54A63) blt a0, a1, -0xaac
mem[X,0x0000000080023340] -> 0x0113
mem[X,0x0000000080023342] -> 0x0021
[4150] [M]: 0x0000000080023340 (0x00210113) addi sp, sp, 0x2
x2 <- 0x0000000000000002
mem[X,0x0000000080023344] -> 0x006F
mem[X,0x0000000080023346] -> 0x00C0
[4151] [M]: 0x0000000080023344 (0x00C0006F) jal zero, 0xc
mem[X,0x0000000080023350] -> 0xB423
mem[X,0x0000000080023352] -> 0x0A20
[4152] [M]: 0x0000000080023350 (0x0A20B423) sd sp, 0xa8(ra)
mem[0x000000008004FA80] <- 0x0000000000000002
mem[X,0x0000000080023354] -> 0x6537
mem[X,0x0000000080023356] -> 0x6666
[4153] [M]: 0x0000000080023354 (0x66666537) lui a0, 0x66666
x10 <- 0x0000000066666000
mem[X,0x0000000080023358] -> 0x0513
mem[X,0x000000008002335A] -> 0x6665
[4154] [M]: 0x0000000080023358 (0x66650513) addi a0, a0, 0x666
x10 <- 0x0000000066666666
mem[X,0x000000008002335C] -> 0x1513
mem[X,0x000000008002335E] -> 0x00B5
[4155] [M]: 0x000000008002335C (0x00B51513) slli a0, a0, 0xb
x10 <- 0x0000033333333000
mem[X,0x0000000080023360] -> 0x0513
mem[X,0x0000000080023362] -> 0x3335
[4156] [M]: 0x0000000080023360 (0x33350513) addi a0, a0, 0x333
x10 <- 0x0000033333333333
mem[X,0x0000000080023364] -> 0x1513
mem[X,0x0000000080023366] -> 0x00B5
[4157] [M]: 0x0000000080023364 (0x00B51513) slli a0, a0, 0xb
x10 <- 0x0019999999999800
mem[X,0x0000000080023368] -> 0x0513
mem[X,0x000000008002336A] -> 0x1995
[4158] [M]: 0x0000000080023368 (0x19950513) addi a0, a0, 0x199
x10 <- 0x0019999999999999
mem[X,0x000000008002336C] -> 0x1513
mem[X,0x000000008002336E] -> 0x00A5
[4159] [M]: 0x000000008002336C (0x00A51513) slli a0, a0, 0xa
x10 <- 0x6666666666666400
mem[X,0x0000000080023370] -> 0x0513
mem[X,0x0000000080023372] -> 0x2665
[4160] [M]: 0x0000000080023370 (0x26650513) addi a0, a0, 0x266
x10 <- 0x6666666666666666
mem[X,0x0000000080023374] -> 0x0593
mem[X,0x0000000080023376] -> 0x0050
[4161] [M]: 0x0000000080023374 (0x00500593) addi a1, zero, 0x5
x11 <- 0x0000000000000005
mem[X,0x0000000080023378] -> 0x0113
mem[X,0x000000008002337A] -> 0x0000
[4162] [M]: 0x0000000080023378 (0x00000113) addi sp, zero, 0x0
x2 <- 0x0000000000000000
mem[X,0x000000008002337C] -> 0x006F
mem[X,0x000000008002337E] -> 0x0180
[4163] [M]: 0x000000008002337C (0x0180006F) jal zero, 0x18
mem[X,0x0000000080023394] -> 0x46E3
mem[X,0x0000000080023396] -> 0xFEB5
[4164] [M]: 0x0000000080023394 (0xFEB546E3) blt a0, a1, -0x14
mem[X,0x0000000080023398] -> 0x0113
mem[X,0x000000008002339A] -> 0x0021
[4165] [M]: 0x0000000080023398 (0x00210113) addi sp, sp, 0x2
x2 <- 0x0000000000000002
mem[X,0x000000008002339C] -> 0x006F
mem[X,0x000000008002339E] -> 0x00C0
[4166] [M]: 0x000000008002339C (0x00C0006F) jal zero, 0xc
mem[X,0x00000000800233A8] -> 0xB823
mem[X,0x00000000800233AA] -> 0x0A20
[4167] [M]: 0x00000000800233A8 (0x0A20B823) sd sp, 0xb0(ra)
mem[0x000000008004FA88] <- 0x0000000000000002
mem[X,0x00000000800233AC] -> 0x6537
mem[X,0x00000000800233AE] -> 0x6666
[4168] [M]: 0x00000000800233AC (0x66666537) lui a0, 0x66666
x10 <- 0x0000000066666000
mem[X,0x00000000800233B0] -> 0x0513
mem[X,0x00000000800233B2] -> 0x6665
[4169] [M]: 0x00000000800233B0 (0x66650513) addi a0, a0, 0x666
x10 <- 0x0000000066666666
mem[X,0x00000000800233B4] -> 0x1513
mem[X,0x00000000800233B6] -> 0x00B5
[4170] [M]: 0x00000000800233B4 (0x00B51513) slli a0, a0, 0xb
x10 <- 0x0000033333333000
mem[X,0x00000000800233B8] -> 0x0513
mem[X,0x00000000800233BA] -> 0x3335
[4171] [M]: 0x00000000800233B8 (0x33350513) addi a0, a0, 0x333
x10 <- 0x0000033333333333
mem[X,0x00000000800233BC] -> 0x1513
mem[X,0x00000000800233BE] -> 0x00B5
[4172] [M]: 0x00000000800233BC (0x00B51513) slli a0, a0, 0xb
x10 <- 0x0019999999999800
mem[X,0x00000000800233C0] -> 0x0513
mem[X,0x00000000800233C2] -> 0x1995
[4173] [M]: 0x00000000800233C0 (0x19950513) addi a0, a0, 0x199
x10 <- 0x0019999999999999
mem[X,0x00000000800233C4] -> 0x1513
mem[X,0x00000000800233C6] -> 0x00A5
[4174] [M]: 0x00000000800233C4 (0x00A51513) slli a0, a0, 0xa
x10 <- 0x6666666666666400
mem[X,0x00000000800233C8] -> 0x0513
mem[X,0x00000000800233CA] -> 0x2665
[4175] [M]: 0x00000000800233C8 (0x26650513) addi a0, a0, 0x266
x10 <- 0x6666666666666666
mem[X,0x00000000800233CC] -> 0x35B7
mem[X,0x00000000800233CE] -> 0x3333
[4176] [M]: 0x00000000800233CC (0x333335B7) lui a1, 0x33333
x11 <- 0x0000000033333000
mem[X,0x00000000800233D0] -> 0x8593
mem[X,0x00000000800233D2] -> 0x3335
[4177] [M]: 0x00000000800233D0 (0x33358593) addi a1, a1, 0x333
x11 <- 0x0000000033333333
mem[X,0x00000000800233D4] -> 0x9593
mem[X,0x00000000800233D6] -> 0x00B5
[4178] [M]: 0x00000000800233D4 (0x00B59593) slli a1, a1, 0xb
x11 <- 0x0000019999999800
mem[X,0x00000000800233D8] -> 0x8593
mem[X,0x00000000800233DA] -> 0x1995
[4179] [M]: 0x00000000800233D8 (0x19958593) addi a1, a1, 0x199
x11 <- 0x0000019999999999
mem[X,0x00000000800233DC] -> 0x9593
mem[X,0x00000000800233DE] -> 0x00B5
[4180] [M]: 0x00000000800233DC (0x00B59593) slli a1, a1, 0xb
x11 <- 0x000CCCCCCCCCC800
mem[X,0x00000000800233E0] -> 0x8593
mem[X,0x00000000800233E2] -> 0x4CC5
[4181] [M]: 0x00000000800233E0 (0x4CC58593) addi a1, a1, 0x4cc
x11 <- 0x000CCCCCCCCCCCCC
mem[X,0x00000000800233E4] -> 0x9593
mem[X,0x00000000800233E6] -> 0x00A5
[4182] [M]: 0x00000000800233E4 (0x00A59593) slli a1, a1, 0xa
x11 <- 0x3333333333333000
mem[X,0x00000000800233E8] -> 0x8593
mem[X,0x00000000800233EA] -> 0x3335
[4183] [M]: 0x00000000800233E8 (0x33358593) addi a1, a1, 0x333
x11 <- 0x3333333333333333
mem[X,0x00000000800233EC] -> 0x0113
mem[X,0x00000000800233EE] -> 0x0000
[4184] [M]: 0x00000000800233EC (0x00000113) addi sp, zero, 0x0
x2 <- 0x0000000000000000
mem[X,0x00000000800233F0] -> 0x006F
mem[X,0x00000000800233F2] -> 0x00C0
[4185] [M]: 0x00000000800233F0 (0x00C0006F) jal zero, 0xc
mem[X,0x00000000800233FC] -> 0x4663
mem[X,0x00000000800233FE] -> 0x00B5
[4186] [M]: 0x00000000800233FC (0x00B54663) blt a0, a1, 0xc
mem[X,0x0000000080023400] -> 0x0113
mem[X,0x0000000080023402] -> 0x0021
[4187] [M]: 0x0000000080023400 (0x00210113) addi sp, sp, 0x2
x2 <- 0x0000000000000002
mem[X,0x0000000080023404] -> 0x006F
mem[X,0x0000000080023406] -> 0x00C0
[4188] [M]: 0x0000000080023404 (0x00C0006F) jal zero, 0xc
mem[X,0x0000000080023410] -> 0xBC23
mem[X,0x0000000080023412] -> 0x0A20
[4189] [M]: 0x0000000080023410 (0x0A20BC23) sd sp, 0xb8(ra)
mem[0x000000008004FA90] <- 0x0000000000000002
mem[X,0x0000000080023414] -> 0x6537
mem[X,0x0000000080023416] -> 0x6666
[4190] [M]: 0x0000000080023414 (0x66666537) lui a0, 0x66666
x10 <- 0x0000000066666000
mem[X,0x0000000080023418] -> 0x0513
mem[X,0x000000008002341A] -> 0x6665
[4191] [M]: 0x0000000080023418 (0x66650513) addi a0, a0, 0x666
x10 <- 0x0000000066666666
mem[X,0x000000008002341C] -> 0x1513
mem[X,0x000000008002341E] -> 0x00B5
[4192] [M]: 0x000000008002341C (0x00B51513) slli a0, a0, 0xb
x10 <- 0x0000033333333000
mem[X,0x0000000080023420] -> 0x0513
mem[X,0x0000000080023422] -> 0x3335
[4193] [M]: 0x0000000080023420 (0x33350513) addi a0, a0, 0x333
x10 <- 0x0000033333333333
mem[X,0x0000000080023424] -> 0x1513
mem[X,0x0000000080023426] -> 0x00B5
[4194] [M]: 0x0000000080023424 (0x00B51513) slli a0, a0, 0xb
x10 <- 0x0019999999999800
mem[X,0x0000000080023428] -> 0x0513
mem[X,0x000000008002342A] -> 0x1995
[4195] [M]: 0x0000000080023428 (0x19950513) addi a0, a0, 0x199
x10 <- 0x0019999999999999
mem[X,0x000000008002342C] -> 0x1513
mem[X,0x000000008002342E] -> 0x00A5
[4196] [M]: 0x000000008002342C (0x00A51513) slli a0, a0, 0xa
x10 <- 0x6666666666666400
mem[X,0x0000000080023430] -> 0x0513
mem[X,0x0000000080023432] -> 0x2665
[4197] [M]: 0x0000000080023430 (0x26650513) addi a0, a0, 0x266
x10 <- 0x6666666666666666
mem[X,0x0000000080023434] -> 0x65B7
mem[X,0x0000000080023436] -> 0x6666
[4198] [M]: 0x0000000080023434 (0x666665B7) lui a1, 0x66666
x11 <- 0x0000000066666000
mem[X,0x0000000080023438] -> 0x8593
mem[X,0x000000008002343A] -> 0x6665
[4199] [M]: 0x0000000080023438 (0x66658593) addi a1, a1, 0x666
x11 <- 0x0000000066666666
clint::tick mtime <- 0x000000000000002A
 clint timer pending at mtime 0x000000000000002A
htif::tick 0x0000000000000000
mem[X,0x000000008002343C] -> 0x9593
mem[X,0x000000008002343E] -> 0x00B5
[4200] [M]: 0x000000008002343C (0x00B59593) slli a1, a1, 0xb
x11 <- 0x0000033333333000
mem[X,0x0000000080023440] -> 0x8593
mem[X,0x0000000080023442] -> 0x3335
[4201] [M]: 0x0000000080023440 (0x33358593) addi a1, a1, 0x333
x11 <- 0x0000033333333333
mem[X,0x0000000080023444] -> 0x9593
mem[X,0x0000000080023446] -> 0x00B5
[4202] [M]: 0x0000000080023444 (0x00B59593) slli a1, a1, 0xb
x11 <- 0x0019999999999800
mem[X,0x0000000080023448] -> 0x8593
mem[X,0x000000008002344A] -> 0x1995
[4203] [M]: 0x0000000080023448 (0x19958593) addi a1, a1, 0x199
x11 <- 0x0019999999999999
mem[X,0x000000008002344C] -> 0x9593
mem[X,0x000000008002344E] -> 0x00A5
[4204] [M]: 0x000000008002344C (0x00A59593) slli a1, a1, 0xa
x11 <- 0x6666666666666400
mem[X,0x0000000080023450] -> 0x8593
mem[X,0x0000000080023452] -> 0x2665
[4205] [M]: 0x0000000080023450 (0x26658593) addi a1, a1, 0x266
x11 <- 0x6666666666666666
mem[X,0x0000000080023454] -> 0x0113
mem[X,0x0000000080023456] -> 0x0000
[4206] [M]: 0x0000000080023454 (0x00000113) addi sp, zero, 0x0
x2 <- 0x0000000000000000
mem[X,0x0000000080023458] -> 0x006F
mem[X,0x000000008002345A] -> 0x00C0
[4207] [M]: 0x0000000080023458 (0x00C0006F) jal zero, 0xc
mem[X,0x0000000080023464] -> 0x4663
mem[X,0x0000000080023466] -> 0x00B5
[4208] [M]: 0x0000000080023464 (0x00B54663) blt a0, a1, 0xc
mem[X,0x0000000080023468] -> 0x0113
mem[X,0x000000008002346A] -> 0x0021
[4209] [M]: 0x0000000080023468 (0x00210113) addi sp, sp, 0x2
x2 <- 0x0000000000000002
mem[X,0x000000008002346C] -> 0x006F
mem[X,0x000000008002346E] -> 0x00C0
[4210] [M]: 0x000000008002346C (0x00C0006F) jal zero, 0xc
mem[X,0x0000000080023478] -> 0xB023
mem[X,0x000000008002347A] -> 0x0C20
[4211] [M]: 0x0000000080023478 (0x0C20B023) sd sp, 0xc0(ra)
mem[0x000000008004FA98] <- 0x0000000000000002
mem[X,0x000000008002347C] -> 0x6537
mem[X,0x000000008002347E] -> 0x6666
[4212] [M]: 0x000000008002347C (0x66666537) lui a0, 0x66666
x10 <- 0x0000000066666000
mem[X,0x0000000080023480] -> 0x0513
mem[X,0x0000000080023482] -> 0x6665
[4213] [M]: 0x0000000080023480 (0x66650513) addi a0, a0, 0x666
x10 <- 0x0000000066666666
mem[X,0x0000000080023484] -> 0x1513
mem[X,0x0000000080023486] -> 0x00B5
[4214] [M]: 0x0000000080023484 (0x00B51513) slli a0, a0, 0xb
x10 <- 0x0000033333333000
mem[X,0x0000000080023488] -> 0x0513
mem[X,0x000000008002348A] -> 0x3335
[4215] [M]: 0x0000000080023488 (0x33350513) addi a0, a0, 0x333
x10 <- 0x0000033333333333
mem[X,0x000000008002348C] -> 0x1513
mem[X,0x000000008002348E] -> 0x00B5
[4216] [M]: 0x000000008002348C (0x00B51513) slli a0, a0, 0xb
x10 <- 0x0019999999999800
mem[X,0x0000000080023490] -> 0x0513
mem[X,0x0000000080023492] -> 0x1995
[4217] [M]: 0x0000000080023490 (0x19950513) addi a0, a0, 0x199
x10 <- 0x0019999999999999
mem[X,0x0000000080023494] -> 0x1513
mem[X,0x0000000080023496] -> 0x00A5
[4218] [M]: 0x0000000080023494 (0x00A51513) slli a0, a0, 0xa
x10 <- 0x6666666666666400
mem[X,0x0000000080023498] -> 0x0513
mem[X,0x000000008002349A] -> 0x2665
[4219] [M]: 0x0000000080023498 (0x26650513) addi a0, a0, 0x266
x10 <- 0x6666666666666666
mem[X,0x000000008002349C] -> 0x05B7
mem[X,0x000000008002349E] -> 0x0000
[4220] [M]: 0x000000008002349C (0x000005B7) lui a1, 0x0
x11 <- 0x0000000000000000
mem[X,0x00000000800234A0] -> 0x8593
mem[X,0x00000000800234A2] -> 0xFFF5
[4221] [M]: 0x00000000800234A0 (0xFFF58593) addi a1, a1, -0x1
x11 <- 0xFFFFFFFFFFFFFFFF
mem[X,0x00000000800234A4] -> 0x9593
mem[X,0x00000000800234A6] -> 0x00B5
[4222] [M]: 0x00000000800234A4 (0x00B59593) slli a1, a1, 0xb
x11 <- 0xFFFFFFFFFFFFF800
mem[X,0x00000000800234A8] -> 0x8593
mem[X,0x00000000800234AA] -> 0x2575
[4223] [M]: 0x00000000800234A8 (0x25758593) addi a1, a1, 0x257
x11 <- 0xFFFFFFFFFFFFFA57
mem[X,0x00000000800234AC] -> 0x9593
mem[X,0x00000000800234AE] -> 0x00B5
[4224] [M]: 0x00000000800234AC (0x00B59593) slli a1, a1, 0xb
x11 <- 0xFFFFFFFFFFD2B800
mem[X,0x00000000800234B0] -> 0x8593
mem[X,0x00000000800234B2] -> 0x6C35
[4225] [M]: 0x00000000800234B0 (0x6C358593) addi a1, a1, 0x6c3
x11 <- 0xFFFFFFFFFFD2BEC3
mem[X,0x00000000800234B4] -> 0x9593
mem[X,0x00000000800234B6] -> 0x00A5
[4226] [M]: 0x00000000800234B4 (0x00A59593) slli a1, a1, 0xa
x11 <- 0xFFFFFFFF4AFB0C00
mem[X,0x00000000800234B8] -> 0x8593
mem[X,0x00000000800234BA] -> 0x0CD5
[4227] [M]: 0x00000000800234B8 (0x0CD58593) addi a1, a1, 0xcd
x11 <- 0xFFFFFFFF4AFB0CCD
mem[X,0x00000000800234BC] -> 0x0113
mem[X,0x00000000800234BE] -> 0x0000
[4228] [M]: 0x00000000800234BC (0x00000113) addi sp, zero, 0x0
x2 <- 0x0000000000000000
mem[X,0x00000000800234C0] -> 0x006F
mem[X,0x00000000800234C2] -> 0x00C0
[4229] [M]: 0x00000000800234C0 (0x00C0006F) jal zero, 0xc
mem[X,0x00000000800234CC] -> 0x4663
mem[X,0x00000000800234CE] -> 0x00B5
[4230] [M]: 0x00000000800234CC (0x00B54663) blt a0, a1, 0xc
mem[X,0x00000000800234D0] -> 0x0113
mem[X,0x00000000800234D2] -> 0x0021
[4231] [M]: 0x00000000800234D0 (0x00210113) addi sp, sp, 0x2
x2 <- 0x0000000000000002
mem[X,0x00000000800234D4] -> 0x006F
mem[X,0x00000000800234D6] -> 0x00C0
[4232] [M]: 0x00000000800234D4 (0x00C0006F) jal zero, 0xc
mem[X,0x00000000800234E0] -> 0xB423
mem[X,0x00000000800234E2] -> 0x0C20
[4233] [M]: 0x00000000800234E0 (0x0C20B423) sd sp, 0xc8(ra)
mem[0x000000008004FAA0] <- 0x0000000000000002
mem[X,0x00000000800234E4] -> 0x6537
mem[X,0x00000000800234E6] -> 0x6666
[4234] [M]: 0x00000000800234E4 (0x66666537) lui a0, 0x66666
x10 <- 0x0000000066666000
mem[X,0x00000000800234E8] -> 0x0513
mem[X,0x00000000800234EA] -> 0x6665
[4235] [M]: 0x00000000800234E8 (0x66650513) addi a0, a0, 0x666
x10 <- 0x0000000066666666
mem[X,0x00000000800234EC] -> 0x1513
mem[X,0x00000000800234EE] -> 0x00B5
[4236] [M]: 0x00000000800234EC (0x00B51513) slli a0, a0, 0xb
x10 <- 0x0000033333333000
mem[X,0x00000000800234F0] -> 0x0513
mem[X,0x00000000800234F2] -> 0x3335
[4237] [M]: 0x00000000800234F0 (0x33350513) addi a0, a0, 0x333
x10 <- 0x0000033333333333
mem[X,0x00000000800234F4] -> 0x1513
mem[X,0x00000000800234F6] -> 0x00B5
[4238] [M]: 0x00000000800234F4 (0x00B51513) slli a0, a0, 0xb
x10 <- 0x0019999999999800
mem[X,0x00000000800234F8] -> 0x0513
mem[X,0x00000000800234FA] -> 0x1995
[4239] [M]: 0x00000000800234F8 (0x19950513) addi a0, a0, 0x199
x10 <- 0x0019999999999999
mem[X,0x00000000800234FC] -> 0x1513
mem[X,0x00000000800234FE] -> 0x00A5
[4240] [M]: 0x00000000800234FC (0x00A51513) slli a0, a0, 0xa
x10 <- 0x6666666666666400
mem[X,0x0000000080023500] -> 0x0513
mem[X,0x0000000080023502] -> 0x2665
[4241] [M]: 0x0000000080023500 (0x26650513) addi a0, a0, 0x266
x10 <- 0x6666666666666666
mem[X,0x0000000080023504] -> 0x05B7
mem[X,0x0000000080023506] -> 0x0000
[4242] [M]: 0x0000000080023504 (0x000005B7) lui a1, 0x0
x11 <- 0x0000000000000000
mem[X,0x0000000080023508] -> 0x8593
mem[X,0x000000008002350A] -> 0x0005
[4243] [M]: 0x0000000080023508 (0x00058593) addi a1, a1, 0x0
x11 <- 0x0000000000000000
mem[X,0x000000008002350C] -> 0x9593
mem[X,0x000000008002350E] -> 0x00B5
[4244] [M]: 0x000000008002350C (0x00B59593) slli a1, a1, 0xb
x11 <- 0x0000000000000000
mem[X,0x0000000080023510] -> 0x8593
mem[X,0x0000000080023512] -> 0x5A85
[4245] [M]: 0x0000000080023510 (0x5A858593) addi a1, a1, 0x5a8
x11 <- 0x00000000000005A8
mem[X,0x0000000080023514] -> 0x9593
mem[X,0x0000000080023516] -> 0x00B5
[4246] [M]: 0x0000000080023514 (0x00B59593) slli a1, a1, 0xb
x11 <- 0x00000000002D4000
mem[X,0x0000000080023518] -> 0x8593
mem[X,0x000000008002351A] -> 0x13C5
[4247] [M]: 0x0000000080023518 (0x13C58593) addi a1, a1, 0x13c
x11 <- 0x00000000002D413C
mem[X,0x000000008002351C] -> 0x9593
mem[X,0x000000008002351E] -> 0x00A5
[4248] [M]: 0x000000008002351C (0x00A59593) slli a1, a1, 0xa
x11 <- 0x00000000B504F000
mem[X,0x0000000080023520] -> 0x8593
mem[X,0x0000000080023522] -> 0x3335
[4249] [M]: 0x0000000080023520 (0x33358593) addi a1, a1, 0x333
x11 <- 0x00000000B504F333
mem[X,0x0000000080023524] -> 0x0113
mem[X,0x0000000080023526] -> 0x0000
[4250] [M]: 0x0000000080023524 (0x00000113) addi sp, zero, 0x0
x2 <- 0x0000000000000000
mem[X,0x0000000080023528] -> 0x006F
mem[X,0x000000008002352A] -> 0x00C0
[4251] [M]: 0x0000000080023528 (0x00C0006F) jal zero, 0xc
mem[X,0x0000000080023534] -> 0x4063
mem[X,0x0000000080023536] -> 0x10B5
[4252] [M]: 0x0000000080023534 (0x10B54063) blt a0, a1, 0x100
mem[X,0x0000000080023538] -> 0x0113
mem[X,0x000000008002353A] -> 0x0021
[4253] [M]: 0x0000000080023538 (0x00210113) addi sp, sp, 0x2
x2 <- 0x0000000000000002
mem[X,0x000000008002353C] -> 0x006F
mem[X,0x000000008002353E] -> 0x1000
[4254] [M]: 0x000000008002353C (0x1000006F) jal zero, 0x100
mem[X,0x000000008002363C] -> 0xB823
mem[X,0x000000008002363E] -> 0x0C20
[4255] [M]: 0x000000008002363C (0x0C20B823) sd sp, 0xd0(ra)
mem[0x000000008004FAA8] <- 0x0000000000000002
mem[X,0x0000000080023640] -> 0x6537
mem[X,0x0000000080023642] -> 0x6666
[4256] [M]: 0x0000000080023640 (0x66666537) lui a0, 0x66666
x10 <- 0x0000000066666000
mem[X,0x0000000080023644] -> 0x0513
mem[X,0x0000000080023646] -> 0x6665
[4257] [M]: 0x0000000080023644 (0x66650513) addi a0, a0, 0x666
x10 <- 0x0000000066666666
mem[X,0x0000000080023648] -> 0x1513
mem[X,0x000000008002364A] -> 0x00B5
[4258] [M]: 0x0000000080023648 (0x00B51513) slli a0, a0, 0xb
x10 <- 0x0000033333333000
mem[X,0x000000008002364C] -> 0x0513
mem[X,0x000000008002364E] -> 0x3335
[4259] [M]: 0x000000008002364C (0x33350513) addi a0, a0, 0x333
x10 <- 0x0000033333333333
mem[X,0x0000000080023650] -> 0x1513
mem[X,0x0000000080023652] -> 0x00B5
[4260] [M]: 0x0000000080023650 (0x00B51513) slli a0, a0, 0xb
x10 <- 0x0019999999999800
mem[X,0x0000000080023654] -> 0x0513
mem[X,0x0000000080023656] -> 0x1995
[4261] [M]: 0x0000000080023654 (0x19950513) addi a0, a0, 0x199
x10 <- 0x0019999999999999
mem[X,0x0000000080023658] -> 0x1513
mem[X,0x000000008002365A] -> 0x00A5
[4262] [M]: 0x0000000080023658 (0x00A51513) slli a0, a0, 0xa
x10 <- 0x6666666666666400
mem[X,0x000000008002365C] -> 0x0513
mem[X,0x000000008002365E] -> 0x2665
[4263] [M]: 0x000000008002365C (0x26650513) addi a0, a0, 0x266
x10 <- 0x6666666666666666
mem[X,0x0000000080023660] -> 0x0593
mem[X,0x0000000080023662] -> 0x0020
[4264] [M]: 0x0000000080023660 (0x00200593) addi a1, zero, 0x2
x11 <- 0x0000000000000002
mem[X,0x0000000080023664] -> 0x0113
mem[X,0x0000000080023666] -> 0x0000
[4265] [M]: 0x0000000080023664 (0x00000113) addi sp, zero, 0x0
x2 <- 0x0000000000000000
mem[X,0x0000000080023668] -> 0x006F
mem[X,0x000000008002366A] -> 0x0050
[4266] [M]: 0x0000000080023668 (0x0050006F) jal zero, 0x804
mem[X,0x0000000080023E6C] -> 0x40E3
mem[X,0x0000000080023E6E] -> 0x80B5
[4267] [M]: 0x0000000080023E6C (0x80B540E3) blt a0, a1, -0x800
mem[X,0x0000000080023E70] -> 0x0113
mem[X,0x0000000080023E72] -> 0x0021
[4268] [M]: 0x0000000080023E70 (0x00210113) addi sp, sp, 0x2
x2 <- 0x0000000000000002
mem[X,0x0000000080023E74] -> 0x006F
mem[X,0x0000000080023E76] -> 0x00C0
[4269] [M]: 0x0000000080023E74 (0x00C0006F) jal zero, 0xc
mem[X,0x0000000080023E80] -> 0xBC23
mem[X,0x0000000080023E82] -> 0x0C20
[4270] [M]: 0x0000000080023E80 (0x0C20BC23) sd sp, 0xd8(ra)
mem[0x000000008004FAB0] <- 0x0000000000000002
mem[X,0x0000000080023E84] -> 0x6537
mem[X,0x0000000080023E86] -> 0x6666
[4271] [M]: 0x0000000080023E84 (0x66666537) lui a0, 0x66666
x10 <- 0x0000000066666000
mem[X,0x0000000080023E88] -> 0x0513
mem[X,0x0000000080023E8A] -> 0x6665
[4272] [M]: 0x0000000080023E88 (0x66650513) addi a0, a0, 0x666
x10 <- 0x0000000066666666
mem[X,0x0000000080023E8C] -> 0x1513
mem[X,0x0000000080023E8E] -> 0x00B5
[4273] [M]: 0x0000000080023E8C (0x00B51513) slli a0, a0, 0xb
x10 <- 0x0000033333333000
mem[X,0x0000000080023E90] -> 0x0513
mem[X,0x0000000080023E92] -> 0x3335
[4274] [M]: 0x0000000080023E90 (0x33350513) addi a0, a0, 0x333
x10 <- 0x0000033333333333
mem[X,0x0000000080023E94] -> 0x1513
mem[X,0x0000000080023E96] -> 0x00B5
[4275] [M]: 0x0000000080023E94 (0x00B51513) slli a0, a0, 0xb
x10 <- 0x0019999999999800
mem[X,0x0000000080023E98] -> 0x0513
mem[X,0x0000000080023E9A] -> 0x1995
[4276] [M]: 0x0000000080023E98 (0x19950513) addi a0, a0, 0x199
x10 <- 0x0019999999999999
mem[X,0x0000000080023E9C] -> 0x1513
mem[X,0x0000000080023E9E] -> 0x00A5
[4277] [M]: 0x0000000080023E9C (0x00A51513) slli a0, a0, 0xa
x10 <- 0x6666666666666400
mem[X,0x0000000080023EA0] -> 0x0513
mem[X,0x0000000080023EA2] -> 0x2665
[4278] [M]: 0x0000000080023EA0 (0x26650513) addi a0, a0, 0x266
x10 <- 0x6666666666666666
mem[X,0x0000000080023EA4] -> 0x55B7
mem[X,0x0000000080023EA6] -> 0x5555
[4279] [M]: 0x0000000080023EA4 (0x555555B7) lui a1, 0x55555
x11 <- 0x0000000055555000
mem[X,0x0000000080023EA8] -> 0x8593
mem[X,0x0000000080023EAA] -> 0x5555
[4280] [M]: 0x0000000080023EA8 (0x55558593) addi a1, a1, 0x555
x11 <- 0x0000000055555555
mem[X,0x0000000080023EAC] -> 0x9593
mem[X,0x0000000080023EAE] -> 0x00B5
[4281] [M]: 0x0000000080023EAC (0x00B59593) slli a1, a1, 0xb
x11 <- 0x000002AAAAAAA800
mem[X,0x0000000080023EB0] -> 0x8593
mem[X,0x0000000080023EB2] -> 0x2AA5
[4282] [M]: 0x0000000080023EB0 (0x2AA58593) addi a1, a1, 0x2aa
x11 <- 0x000002AAAAAAAAAA
mem[X,0x0000000080023EB4] -> 0x9593
mem[X,0x0000000080023EB6] -> 0x00B5
[4283] [M]: 0x0000000080023EB4 (0x00B59593) slli a1, a1, 0xb
x11 <- 0x0015555555555000
mem[X,0x0000000080023EB8] -> 0x8593
mem[X,0x0000000080023EBA] -> 0x5555
[4284] [M]: 0x0000000080023EB8 (0x55558593) addi a1, a1, 0x555
x11 <- 0x0015555555555555
mem[X,0x0000000080023EBC] -> 0x9593
mem[X,0x0000000080023EBE] -> 0x00A5
[4285] [M]: 0x0000000080023EBC (0x00A59593) slli a1, a1, 0xa
x11 <- 0x5555555555555400
mem[X,0x0000000080023EC0] -> 0x8593
mem[X,0x0000000080023EC2] -> 0x1545
[4286] [M]: 0x0000000080023EC0 (0x15458593) addi a1, a1, 0x154
x11 <- 0x5555555555555554
mem[X,0x0000000080023EC4] -> 0x0113
mem[X,0x0000000080023EC6] -> 0x0000
[4287] [M]: 0x0000000080023EC4 (0x00000113) addi sp, zero, 0x0
x2 <- 0x0000000000000000
mem[X,0x0000000080023EC8] -> 0x006F
mem[X,0x0000000080023ECA] -> 0x00C0
[4288] [M]: 0x0000000080023EC8 (0x00C0006F) jal zero, 0xc
mem[X,0x0000000080023ED4] -> 0x4863
mem[X,0x0000000080023ED6] -> 0x00B5
[4289] [M]: 0x0000000080023ED4 (0x00B54863) blt a0, a1, 0x10
mem[X,0x0000000080023ED8] -> 0x0113
mem[X,0x0000000080023EDA] -> 0x0021
[4290] [M]: 0x0000000080023ED8 (0x00210113) addi sp, sp, 0x2
x2 <- 0x0000000000000002
mem[X,0x0000000080023EDC] -> 0x006F
mem[X,0x0000000080023EDE] -> 0x0100
[4291] [M]: 0x0000000080023EDC (0x0100006F) jal zero, 0x10
mem[X,0x0000000080023EEC] -> 0xB023
mem[X,0x0000000080023EEE] -> 0x0E20
[4292] [M]: 0x0000000080023EEC (0x0E20B023) sd sp, 0xe0(ra)
mem[0x000000008004FAB8] <- 0x0000000000000002
mem[X,0x0000000080023EF0] -> 0x6537
mem[X,0x0000000080023EF2] -> 0x6666
[4293] [M]: 0x0000000080023EF0 (0x66666537) lui a0, 0x66666
x10 <- 0x0000000066666000
mem[X,0x0000000080023EF4] -> 0x0513
mem[X,0x0000000080023EF6] -> 0x6665
[4294] [M]: 0x0000000080023EF4 (0x66650513) addi a0, a0, 0x666
x10 <- 0x0000000066666666
mem[X,0x0000000080023EF8] -> 0x1513
mem[X,0x0000000080023EFA] -> 0x00B5
[4295] [M]: 0x0000000080023EF8 (0x00B51513) slli a0, a0, 0xb
x10 <- 0x0000033333333000
mem[X,0x0000000080023EFC] -> 0x0513
mem[X,0x0000000080023EFE] -> 0x3335
[4296] [M]: 0x0000000080023EFC (0x33350513) addi a0, a0, 0x333
x10 <- 0x0000033333333333
mem[X,0x0000000080023F00] -> 0x1513
mem[X,0x0000000080023F02] -> 0x00B5
[4297] [M]: 0x0000000080023F00 (0x00B51513) slli a0, a0, 0xb
x10 <- 0x0019999999999800
mem[X,0x0000000080023F04] -> 0x0513
mem[X,0x0000000080023F06] -> 0x1995
[4298] [M]: 0x0000000080023F04 (0x19950513) addi a0, a0, 0x199
x10 <- 0x0019999999999999
mem[X,0x0000000080023F08] -> 0x1513
mem[X,0x0000000080023F0A] -> 0x00A5
[4299] [M]: 0x0000000080023F08 (0x00A51513) slli a0, a0, 0xa
x10 <- 0x6666666666666400
clint::tick mtime <- 0x000000000000002B
 clint timer pending at mtime 0x000000000000002B
htif::tick 0x0000000000000000
mem[X,0x0000000080023F0C] -> 0x0513
mem[X,0x0000000080023F0E] -> 0x2665
[4300] [M]: 0x0000000080023F0C (0x26650513) addi a0, a0, 0x266
x10 <- 0x6666666666666666
mem[X,0x0000000080023F10] -> 0x0593
mem[X,0x0000000080023F12] -> 0x0000
[4301] [M]: 0x0000000080023F10 (0x00000593) addi a1, zero, 0x0
x11 <- 0x0000000000000000
mem[X,0x0000000080023F14] -> 0x0113
mem[X,0x0000000080023F16] -> 0x0000
[4302] [M]: 0x0000000080023F14 (0x00000113) addi sp, zero, 0x0
x2 <- 0x0000000000000000
mem[X,0x0000000080023F18] -> 0x006F
mem[X,0x0000000080023F1A] -> 0x00C0
[4303] [M]: 0x0000000080023F18 (0x00C0006F) jal zero, 0xc
mem[X,0x0000000080023F24] -> 0x4CE3
mem[X,0x0000000080023F26] -> 0xFEB5
[4304] [M]: 0x0000000080023F24 (0xFEB54CE3) blt a0, a1, -0x8
mem[X,0x0000000080023F28] -> 0x0113
mem[X,0x0000000080023F2A] -> 0x0021
[4305] [M]: 0x0000000080023F28 (0x00210113) addi sp, sp, 0x2
x2 <- 0x0000000000000002
mem[X,0x0000000080023F2C] -> 0x006F
mem[X,0x0000000080023F2E] -> 0x00C0
[4306] [M]: 0x0000000080023F2C (0x00C0006F) jal zero, 0xc
mem[X,0x0000000080023F38] -> 0xB423
mem[X,0x0000000080023F3A] -> 0x0E20
[4307] [M]: 0x0000000080023F38 (0x0E20B423) sd sp, 0xe8(ra)
mem[0x000000008004FAC0] <- 0x0000000000000002
mem[X,0x0000000080023F3C] -> 0x6537
mem[X,0x0000000080023F3E] -> 0x6666
[4308] [M]: 0x0000000080023F3C (0x66666537) lui a0, 0x66666
x10 <- 0x0000000066666000
mem[X,0x0000000080023F40] -> 0x0513
mem[X,0x0000000080023F42] -> 0x6665
[4309] [M]: 0x0000000080023F40 (0x66650513) addi a0, a0, 0x666
x10 <- 0x0000000066666666
mem[X,0x0000000080023F44] -> 0x1513
mem[X,0x0000000080023F46] -> 0x00B5
[4310] [M]: 0x0000000080023F44 (0x00B51513) slli a0, a0, 0xb
x10 <- 0x0000033333333000
mem[X,0x0000000080023F48] -> 0x0513
mem[X,0x0000000080023F4A] -> 0x3335
[4311] [M]: 0x0000000080023F48 (0x33350513) addi a0, a0, 0x333
x10 <- 0x0000033333333333
mem[X,0x0000000080023F4C] -> 0x1513
mem[X,0x0000000080023F4E] -> 0x00B5
[4312] [M]: 0x0000000080023F4C (0x00B51513) slli a0, a0, 0xb
x10 <- 0x0019999999999800
mem[X,0x0000000080023F50] -> 0x0513
mem[X,0x0000000080023F52] -> 0x1995
[4313] [M]: 0x0000000080023F50 (0x19950513) addi a0, a0, 0x199
x10 <- 0x0019999999999999
mem[X,0x0000000080023F54] -> 0x1513
mem[X,0x0000000080023F56] -> 0x00A5
[4314] [M]: 0x0000000080023F54 (0x00A51513) slli a0, a0, 0xa
x10 <- 0x6666666666666400
mem[X,0x0000000080023F58] -> 0x0513
mem[X,0x0000000080023F5A] -> 0x2665
[4315] [M]: 0x0000000080023F58 (0x26650513) addi a0, a0, 0x266
x10 <- 0x6666666666666666
mem[X,0x0000000080023F5C] -> 0x0593
mem[X,0x0000000080023F5E] -> 0x0040
[4316] [M]: 0x0000000080023F5C (0x00400593) addi a1, zero, 0x4
x11 <- 0x0000000000000004
mem[X,0x0000000080023F60] -> 0x0113
mem[X,0x0000000080023F62] -> 0x0000
[4317] [M]: 0x0000000080023F60 (0x00000113) addi sp, zero, 0x0
x2 <- 0x0000000000000000
mem[X,0x0000000080023F64] -> 0x006F
mem[X,0x0000000080023F66] -> 0x00C0
[4318] [M]: 0x0000000080023F64 (0x00C0006F) jal zero, 0xc
mem[X,0x0000000080023F70] -> 0x4663
mem[X,0x0000000080023F72] -> 0x00B5
[4319] [M]: 0x0000000080023F70 (0x00B54663) blt a0, a1, 0xc
mem[X,0x0000000080023F74] -> 0x0113
mem[X,0x0000000080023F76] -> 0x0021
[4320] [M]: 0x0000000080023F74 (0x00210113) addi sp, sp, 0x2
x2 <- 0x0000000000000002
mem[X,0x0000000080023F78] -> 0x006F
mem[X,0x0000000080023F7A] -> 0x00C0
[4321] [M]: 0x0000000080023F78 (0x00C0006F) jal zero, 0xc
mem[X,0x0000000080023F84] -> 0xB823
mem[X,0x0000000080023F86] -> 0x0E20
[4322] [M]: 0x0000000080023F84 (0x0E20B823) sd sp, 0xf0(ra)
mem[0x000000008004FAC8] <- 0x0000000000000002
mem[X,0x0000000080023F88] -> 0x6537
mem[X,0x0000000080023F8A] -> 0x6666
[4323] [M]: 0x0000000080023F88 (0x66666537) lui a0, 0x66666
x10 <- 0x0000000066666000
mem[X,0x0000000080023F8C] -> 0x0513
mem[X,0x0000000080023F8E] -> 0x6665
[4324] [M]: 0x0000000080023F8C (0x66650513) addi a0, a0, 0x666
x10 <- 0x0000000066666666
mem[X,0x0000000080023F90] -> 0x1513
mem[X,0x0000000080023F92] -> 0x00B5
[4325] [M]: 0x0000000080023F90 (0x00B51513) slli a0, a0, 0xb
x10 <- 0x0000033333333000
mem[X,0x0000000080023F94] -> 0x0513
mem[X,0x0000000080023F96] -> 0x3335
[4326] [M]: 0x0000000080023F94 (0x33350513) addi a0, a0, 0x333
x10 <- 0x0000033333333333
mem[X,0x0000000080023F98] -> 0x1513
mem[X,0x0000000080023F9A] -> 0x00B5
[4327] [M]: 0x0000000080023F98 (0x00B51513) slli a0, a0, 0xb
x10 <- 0x0019999999999800
mem[X,0x0000000080023F9C] -> 0x0513
mem[X,0x0000000080023F9E] -> 0x1995
[4328] [M]: 0x0000000080023F9C (0x19950513) addi a0, a0, 0x199
x10 <- 0x0019999999999999
mem[X,0x0000000080023FA0] -> 0x1513
mem[X,0x0000000080023FA2] -> 0x00A5
[4329] [M]: 0x0000000080023FA0 (0x00A51513) slli a0, a0, 0xa
x10 <- 0x6666666666666400
mem[X,0x0000000080023FA4] -> 0x0513
mem[X,0x0000000080023FA6] -> 0x2665
[4330] [M]: 0x0000000080023FA4 (0x26650513) addi a0, a0, 0x266
x10 <- 0x6666666666666666
mem[X,0x0000000080023FA8] -> 0x35B7
mem[X,0x0000000080023FAA] -> 0x3333
[4331] [M]: 0x0000000080023FA8 (0x333335B7) lui a1, 0x33333
x11 <- 0x0000000033333000
mem[X,0x0000000080023FAC] -> 0x8593
mem[X,0x0000000080023FAE] -> 0x3335
[4332] [M]: 0x0000000080023FAC (0x33358593) addi a1, a1, 0x333
x11 <- 0x0000000033333333
mem[X,0x0000000080023FB0] -> 0x9593
mem[X,0x0000000080023FB2] -> 0x00B5
[4333] [M]: 0x0000000080023FB0 (0x00B59593) slli a1, a1, 0xb
x11 <- 0x0000019999999800
mem[X,0x0000000080023FB4] -> 0x8593
mem[X,0x0000000080023FB6] -> 0x1995
[4334] [M]: 0x0000000080023FB4 (0x19958593) addi a1, a1, 0x199
x11 <- 0x0000019999999999
mem[X,0x0000000080023FB8] -> 0x9593
mem[X,0x0000000080023FBA] -> 0x00B5
[4335] [M]: 0x0000000080023FB8 (0x00B59593) slli a1, a1, 0xb
x11 <- 0x000CCCCCCCCCC800
mem[X,0x0000000080023FBC] -> 0x8593
mem[X,0x0000000080023FBE] -> 0x4CC5
[4336] [M]: 0x0000000080023FBC (0x4CC58593) addi a1, a1, 0x4cc
x11 <- 0x000CCCCCCCCCCCCC
mem[X,0x0000000080023FC0] -> 0x9593
mem[X,0x0000000080023FC2] -> 0x00A5
[4337] [M]: 0x0000000080023FC0 (0x00A59593) slli a1, a1, 0xa
x11 <- 0x3333333333333000
mem[X,0x0000000080023FC4] -> 0x8593
mem[X,0x0000000080023FC6] -> 0x3325
[4338] [M]: 0x0000000080023FC4 (0x33258593) addi a1, a1, 0x332
x11 <- 0x3333333333333332
mem[X,0x0000000080023FC8] -> 0x0113
mem[X,0x0000000080023FCA] -> 0x0000
[4339] [M]: 0x0000000080023FC8 (0x00000113) addi sp, zero, 0x0
x2 <- 0x0000000000000000
mem[X,0x0000000080023FCC] -> 0x006F
mem[X,0x0000000080023FCE] -> 0x00C0
[4340] [M]: 0x0000000080023FCC (0x00C0006F) jal zero, 0xc
mem[X,0x0000000080023FD8] -> 0x4663
mem[X,0x0000000080023FDA] -> 0x00B5
[4341] [M]: 0x0000000080023FD8 (0x00B54663) blt a0, a1, 0xc
mem[X,0x0000000080023FDC] -> 0x0113
mem[X,0x0000000080023FDE] -> 0x0021
[4342] [M]: 0x0000000080023FDC (0x00210113) addi sp, sp, 0x2
x2 <- 0x0000000000000002
mem[X,0x0000000080023FE0] -> 0x006F
mem[X,0x0000000080023FE2] -> 0x00C0
[4343] [M]: 0x0000000080023FE0 (0x00C0006F) jal zero, 0xc
mem[X,0x0000000080023FEC] -> 0xBC23
mem[X,0x0000000080023FEE] -> 0x0E20
[4344] [M]: 0x0000000080023FEC (0x0E20BC23) sd sp, 0xf8(ra)
mem[0x000000008004FAD0] <- 0x0000000000000002
mem[X,0x0000000080023FF0] -> 0x6537
mem[X,0x0000000080023FF2] -> 0x6666
[4345] [M]: 0x0000000080023FF0 (0x66666537) lui a0, 0x66666
x10 <- 0x0000000066666000
mem[X,0x0000000080023FF4] -> 0x0513
mem[X,0x0000000080023FF6] -> 0x6665
[4346] [M]: 0x0000000080023FF4 (0x66650513) addi a0, a0, 0x666
x10 <- 0x0000000066666666
mem[X,0x0000000080023FF8] -> 0x1513
mem[X,0x0000000080023FFA] -> 0x00B5
[4347] [M]: 0x0000000080023FF8 (0x00B51513) slli a0, a0, 0xb
x10 <- 0x0000033333333000
mem[X,0x0000000080023FFC] -> 0x0513
mem[X,0x0000000080023FFE] -> 0x3335
[4348] [M]: 0x0000000080023FFC (0x33350513) addi a0, a0, 0x333
x10 <- 0x0000033333333333
mem[X,0x0000000080024000] -> 0x1513
mem[X,0x0000000080024002] -> 0x00B5
[4349] [M]: 0x0000000080024000 (0x00B51513) slli a0, a0, 0xb
x10 <- 0x0019999999999800
mem[X,0x0000000080024004] -> 0x0513
mem[X,0x0000000080024006] -> 0x1995
[4350] [M]: 0x0000000080024004 (0x19950513) addi a0, a0, 0x199
x10 <- 0x0019999999999999
mem[X,0x0000000080024008] -> 0x1513
mem[X,0x000000008002400A] -> 0x00A5
[4351] [M]: 0x0000000080024008 (0x00A51513) slli a0, a0, 0xa
x10 <- 0x6666666666666400
mem[X,0x000000008002400C] -> 0x0513
mem[X,0x000000008002400E] -> 0x2665
[4352] [M]: 0x000000008002400C (0x26650513) addi a0, a0, 0x266
x10 <- 0x6666666666666666
mem[X,0x0000000080024010] -> 0x65B7
mem[X,0x0000000080024012] -> 0x6666
[4353] [M]: 0x0000000080024010 (0x666665B7) lui a1, 0x66666
x11 <- 0x0000000066666000
mem[X,0x0000000080024014] -> 0x8593
mem[X,0x0000000080024016] -> 0x6665
[4354] [M]: 0x0000000080024014 (0x66658593) addi a1, a1, 0x666
x11 <- 0x0000000066666666
mem[X,0x0000000080024018] -> 0x9593
mem[X,0x000000008002401A] -> 0x00B5
[4355] [M]: 0x0000000080024018 (0x00B59593) slli a1, a1, 0xb
x11 <- 0x0000033333333000
mem[X,0x000000008002401C] -> 0x8593
mem[X,0x000000008002401E] -> 0x3335
[4356] [M]: 0x000000008002401C (0x33358593) addi a1, a1, 0x333
x11 <- 0x0000033333333333
mem[X,0x0000000080024020] -> 0x9593
mem[X,0x0000000080024022] -> 0x00B5
[4357] [M]: 0x0000000080024020 (0x00B59593) slli a1, a1, 0xb
x11 <- 0x0019999999999800
mem[X,0x0000000080024024] -> 0x8593
mem[X,0x0000000080024026] -> 0x1995
[4358] [M]: 0x0000000080024024 (0x19958593) addi a1, a1, 0x199
x11 <- 0x0019999999999999
mem[X,0x0000000080024028] -> 0x9593
mem[X,0x000000008002402A] -> 0x00A5
[4359] [M]: 0x0000000080024028 (0x00A59593) slli a1, a1, 0xa
x11 <- 0x6666666666666400
mem[X,0x000000008002402C] -> 0x8593
mem[X,0x000000008002402E] -> 0x2655
[4360] [M]: 0x000000008002402C (0x26558593) addi a1, a1, 0x265
x11 <- 0x6666666666666665
mem[X,0x0000000080024030] -> 0x0113
mem[X,0x0000000080024032] -> 0x0000
[4361] [M]: 0x0000000080024030 (0x00000113) addi sp, zero, 0x0
x2 <- 0x0000000000000000
mem[X,0x0000000080024034] -> 0x006F
mem[X,0x0000000080024036] -> 0x0050
[4362] [M]: 0x0000000080024034 (0x0050006F) jal zero, 0x804
mem[X,0x0000000080024838] -> 0x40E3
mem[X,0x000000008002483A] -> 0x80B5
[4363] [M]: 0x0000000080024838 (0x80B540E3) blt a0, a1, -0x800
mem[X,0x000000008002483C] -> 0x0113
mem[X,0x000000008002483E] -> 0x0021
[4364] [M]: 0x000000008002483C (0x00210113) addi sp, sp, 0x2
x2 <- 0x0000000000000002
mem[X,0x0000000080024840] -> 0x006F
mem[X,0x0000000080024842] -> 0x00C0
[4365] [M]: 0x0000000080024840 (0x00C0006F) jal zero, 0xc
mem[X,0x000000008002484C] -> 0xB023
mem[X,0x000000008002484E] -> 0x1020
[4366] [M]: 0x000000008002484C (0x1020B023) sd sp, 0x100(ra)
mem[0x000000008004FAD8] <- 0x0000000000000002
mem[X,0x0000000080024850] -> 0x6537
mem[X,0x0000000080024852] -> 0x6666
[4367] [M]: 0x0000000080024850 (0x66666537) lui a0, 0x66666
x10 <- 0x0000000066666000
mem[X,0x0000000080024854] -> 0x0513
mem[X,0x0000000080024856] -> 0x6665
[4368] [M]: 0x0000000080024854 (0x66650513) addi a0, a0, 0x666
x10 <- 0x0000000066666666
mem[X,0x0000000080024858] -> 0x1513
mem[X,0x000000008002485A] -> 0x00B5
[4369] [M]: 0x0000000080024858 (0x00B51513) slli a0, a0, 0xb
x10 <- 0x0000033333333000
mem[X,0x000000008002485C] -> 0x0513
mem[X,0x000000008002485E] -> 0x3335
[4370] [M]: 0x000000008002485C (0x33350513) addi a0, a0, 0x333
x10 <- 0x0000033333333333
mem[X,0x0000000080024860] -> 0x1513
mem[X,0x0000000080024862] -> 0x00B5
[4371] [M]: 0x0000000080024860 (0x00B51513) slli a0, a0, 0xb
x10 <- 0x0019999999999800
mem[X,0x0000000080024864] -> 0x0513
mem[X,0x0000000080024866] -> 0x1995
[4372] [M]: 0x0000000080024864 (0x19950513) addi a0, a0, 0x199
x10 <- 0x0019999999999999
mem[X,0x0000000080024868] -> 0x1513
mem[X,0x000000008002486A] -> 0x00A5
[4373] [M]: 0x0000000080024868 (0x00A51513) slli a0, a0, 0xa
x10 <- 0x6666666666666400
mem[X,0x000000008002486C] -> 0x0513
mem[X,0x000000008002486E] -> 0x2665
[4374] [M]: 0x000000008002486C (0x26650513) addi a0, a0, 0x266
x10 <- 0x6666666666666666
mem[X,0x0000000080024870] -> 0x05B7
mem[X,0x0000000080024872] -> 0x0000
[4375] [M]: 0x0000000080024870 (0x000005B7) lui a1, 0x0
x11 <- 0x0000000000000000
mem[X,0x0000000080024874] -> 0x8593
mem[X,0x0000000080024876] -> 0x0005
[4376] [M]: 0x0000000080024874 (0x00058593) addi a1, a1, 0x0
x11 <- 0x0000000000000000
mem[X,0x0000000080024878] -> 0x9593
mem[X,0x000000008002487A] -> 0x00B5
[4377] [M]: 0x0000000080024878 (0x00B59593) slli a1, a1, 0xb
x11 <- 0x0000000000000000
mem[X,0x000000008002487C] -> 0x8593
mem[X,0x000000008002487E] -> 0x5A85
[4378] [M]: 0x000000008002487C (0x5A858593) addi a1, a1, 0x5a8
x11 <- 0x00000000000005A8
mem[X,0x0000000080024880] -> 0x9593
mem[X,0x0000000080024882] -> 0x00B5
[4379] [M]: 0x0000000080024880 (0x00B59593) slli a1, a1, 0xb
x11 <- 0x00000000002D4000
mem[X,0x0000000080024884] -> 0x8593
mem[X,0x0000000080024886] -> 0x13C5
[4380] [M]: 0x0000000080024884 (0x13C58593) addi a1, a1, 0x13c
x11 <- 0x00000000002D413C
mem[X,0x0000000080024888] -> 0x9593
mem[X,0x000000008002488A] -> 0x00A5
[4381] [M]: 0x0000000080024888 (0x00A59593) slli a1, a1, 0xa
x11 <- 0x00000000B504F000
mem[X,0x000000008002488C] -> 0x8593
mem[X,0x000000008002488E] -> 0x3325
[4382] [M]: 0x000000008002488C (0x33258593) addi a1, a1, 0x332
x11 <- 0x00000000B504F332
mem[X,0x0000000080024890] -> 0x0113
mem[X,0x0000000080024892] -> 0x0000
[4383] [M]: 0x0000000080024890 (0x00000113) addi sp, zero, 0x0
x2 <- 0x0000000000000000
mem[X,0x0000000080024894] -> 0x006F
mem[X,0x0000000080024896] -> 0x00C0
[4384] [M]: 0x0000000080024894 (0x00C0006F) jal zero, 0xc
mem[X,0x00000000800248A0] -> 0x4063
mem[X,0x00000000800248A2] -> 0x04B5
[4385] [M]: 0x00000000800248A0 (0x04B54063) blt a0, a1, 0x40
mem[X,0x00000000800248A4] -> 0x0113
mem[X,0x00000000800248A6] -> 0x0021
[4386] [M]: 0x00000000800248A4 (0x00210113) addi sp, sp, 0x2
x2 <- 0x0000000000000002
mem[X,0x00000000800248A8] -> 0x006F
mem[X,0x00000000800248AA] -> 0x0400
[4387] [M]: 0x00000000800248A8 (0x0400006F) jal zero, 0x40
mem[X,0x00000000800248E8] -> 0xB423
mem[X,0x00000000800248EA] -> 0x1020
[4388] [M]: 0x00000000800248E8 (0x1020B423) sd sp, 0x108(ra)
mem[0x000000008004FAE0] <- 0x0000000000000002
mem[X,0x00000000800248EC] -> 0x6537
mem[X,0x00000000800248EE] -> 0x6666
[4389] [M]: 0x00000000800248EC (0x66666537) lui a0, 0x66666
x10 <- 0x0000000066666000
mem[X,0x00000000800248F0] -> 0x0513
mem[X,0x00000000800248F2] -> 0x6665
[4390] [M]: 0x00000000800248F0 (0x66650513) addi a0, a0, 0x666
x10 <- 0x0000000066666666
mem[X,0x00000000800248F4] -> 0x1513
mem[X,0x00000000800248F6] -> 0x00B5
[4391] [M]: 0x00000000800248F4 (0x00B51513) slli a0, a0, 0xb
x10 <- 0x0000033333333000
mem[X,0x00000000800248F8] -> 0x0513
mem[X,0x00000000800248FA] -> 0x3335
[4392] [M]: 0x00000000800248F8 (0x33350513) addi a0, a0, 0x333
x10 <- 0x0000033333333333
mem[X,0x00000000800248FC] -> 0x1513
mem[X,0x00000000800248FE] -> 0x00B5
[4393] [M]: 0x00000000800248FC (0x00B51513) slli a0, a0, 0xb
x10 <- 0x0019999999999800
mem[X,0x0000000080024900] -> 0x0513
mem[X,0x0000000080024902] -> 0x1995
[4394] [M]: 0x0000000080024900 (0x19950513) addi a0, a0, 0x199
x10 <- 0x0019999999999999
mem[X,0x0000000080024904] -> 0x1513
mem[X,0x0000000080024906] -> 0x00A5
[4395] [M]: 0x0000000080024904 (0x00A51513) slli a0, a0, 0xa
x10 <- 0x6666666666666400
mem[X,0x0000000080024908] -> 0x0513
mem[X,0x000000008002490A] -> 0x2665
[4396] [M]: 0x0000000080024908 (0x26650513) addi a0, a0, 0x266
x10 <- 0x6666666666666666
mem[X,0x000000008002490C] -> 0x55B7
mem[X,0x000000008002490E] -> 0x5555
[4397] [M]: 0x000000008002490C (0x555555B7) lui a1, 0x55555
x11 <- 0x0000000055555000
mem[X,0x0000000080024910] -> 0x8593
mem[X,0x0000000080024912] -> 0x5555
[4398] [M]: 0x0000000080024910 (0x55558593) addi a1, a1, 0x555
x11 <- 0x0000000055555555
mem[X,0x0000000080024914] -> 0x9593
mem[X,0x0000000080024916] -> 0x00B5
[4399] [M]: 0x0000000080024914 (0x00B59593) slli a1, a1, 0xb
x11 <- 0x000002AAAAAAA800
clint::tick mtime <- 0x000000000000002C
 clint timer pending at mtime 0x000000000000002C
htif::tick 0x0000000000000000
mem[X,0x0000000080024918] -> 0x8593
mem[X,0x000000008002491A] -> 0x2AA5
[4400] [M]: 0x0000000080024918 (0x2AA58593) addi a1, a1, 0x2aa
x11 <- 0x000002AAAAAAAAAA
mem[X,0x000000008002491C] -> 0x9593
mem[X,0x000000008002491E] -> 0x00B5
[4401] [M]: 0x000000008002491C (0x00B59593) slli a1, a1, 0xb
x11 <- 0x0015555555555000
mem[X,0x0000000080024920] -> 0x8593
mem[X,0x0000000080024922] -> 0x5555
[4402] [M]: 0x0000000080024920 (0x55558593) addi a1, a1, 0x555
x11 <- 0x0015555555555555
mem[X,0x0000000080024924] -> 0x9593
mem[X,0x0000000080024926] -> 0x00A5
[4403] [M]: 0x0000000080024924 (0x00A59593) slli a1, a1, 0xa
x11 <- 0x5555555555555400
mem[X,0x0000000080024928] -> 0x8593
mem[X,0x000000008002492A] -> 0x1565
[4404] [M]: 0x0000000080024928 (0x15658593) addi a1, a1, 0x156
x11 <- 0x5555555555555556
mem[X,0x000000008002492C] -> 0x0113
mem[X,0x000000008002492E] -> 0x0000
[4405] [M]: 0x000000008002492C (0x00000113) addi sp, zero, 0x0
x2 <- 0x0000000000000000
mem[X,0x0000000080024930] -> 0x006F
mem[X,0x0000000080024932] -> 0x00C0
[4406] [M]: 0x0000000080024930 (0x00C0006F) jal zero, 0xc
mem[X,0x000000008002493C] -> 0x4063
mem[X,0x000000008002493E] -> 0x20B5
[4407] [M]: 0x000000008002493C (0x20B54063) blt a0, a1, 0x200
mem[X,0x0000000080024940] -> 0x0113
mem[X,0x0000000080024942] -> 0x0021
[4408] [M]: 0x0000000080024940 (0x00210113) addi sp, sp, 0x2
x2 <- 0x0000000000000002
mem[X,0x0000000080024944] -> 0x006F
mem[X,0x0000000080024946] -> 0x2000
[4409] [M]: 0x0000000080024944 (0x2000006F) jal zero, 0x200
mem[X,0x0000000080024B44] -> 0xB823
mem[X,0x0000000080024B46] -> 0x1020
[4410] [M]: 0x0000000080024B44 (0x1020B823) sd sp, 0x110(ra)
mem[0x000000008004FAE8] <- 0x0000000000000002
mem[X,0x0000000080024B48] -> 0x6537
mem[X,0x0000000080024B4A] -> 0x6666
[4411] [M]: 0x0000000080024B48 (0x66666537) lui a0, 0x66666
x10 <- 0x0000000066666000
mem[X,0x0000000080024B4C] -> 0x0513
mem[X,0x0000000080024B4E] -> 0x6665
[4412] [M]: 0x0000000080024B4C (0x66650513) addi a0, a0, 0x666
x10 <- 0x0000000066666666
mem[X,0x0000000080024B50] -> 0x1513
mem[X,0x0000000080024B52] -> 0x00B5
[4413] [M]: 0x0000000080024B50 (0x00B51513) slli a0, a0, 0xb
x10 <- 0x0000033333333000
mem[X,0x0000000080024B54] -> 0x0513
mem[X,0x0000000080024B56] -> 0x3335
[4414] [M]: 0x0000000080024B54 (0x33350513) addi a0, a0, 0x333
x10 <- 0x0000033333333333
mem[X,0x0000000080024B58] -> 0x1513
mem[X,0x0000000080024B5A] -> 0x00B5
[4415] [M]: 0x0000000080024B58 (0x00B51513) slli a0, a0, 0xb
x10 <- 0x0019999999999800
mem[X,0x0000000080024B5C] -> 0x0513
mem[X,0x0000000080024B5E] -> 0x1995
[4416] [M]: 0x0000000080024B5C (0x19950513) addi a0, a0, 0x199
x10 <- 0x0019999999999999
mem[X,0x0000000080024B60] -> 0x1513
mem[X,0x0000000080024B62] -> 0x00A5
[4417] [M]: 0x0000000080024B60 (0x00A51513) slli a0, a0, 0xa
x10 <- 0x6666666666666400
mem[X,0x0000000080024B64] -> 0x0513
mem[X,0x0000000080024B66] -> 0x2665
[4418] [M]: 0x0000000080024B64 (0x26650513) addi a0, a0, 0x266
x10 <- 0x6666666666666666
mem[X,0x0000000080024B68] -> 0xB5B7
mem[X,0x0000000080024B6A] -> 0xAAAA
[4419] [M]: 0x0000000080024B68 (0xAAAAB5B7) lui a1, -0x55555
x11 <- 0xFFFFFFFFAAAAB000
mem[X,0x0000000080024B6C] -> 0x8593
mem[X,0x0000000080024B6E] -> 0xAAA5
[4420] [M]: 0x0000000080024B6C (0xAAA58593) addi a1, a1, -0x556
x11 <- 0xFFFFFFFFAAAAAAAA
mem[X,0x0000000080024B70] -> 0x9593
mem[X,0x0000000080024B72] -> 0x00B5
[4421] [M]: 0x0000000080024B70 (0x00B59593) slli a1, a1, 0xb
x11 <- 0xFFFFFD5555555000
mem[X,0x0000000080024B74] -> 0x8593
mem[X,0x0000000080024B76] -> 0x5555
[4422] [M]: 0x0000000080024B74 (0x55558593) addi a1, a1, 0x555
x11 <- 0xFFFFFD5555555555
mem[X,0x0000000080024B78] -> 0x9593
mem[X,0x0000000080024B7A] -> 0x00B5
[4423] [M]: 0x0000000080024B78 (0x00B59593) slli a1, a1, 0xb
x11 <- 0xFFEAAAAAAAAAA800
mem[X,0x0000000080024B7C] -> 0x8593
mem[X,0x0000000080024B7E] -> 0x2AA5
[4424] [M]: 0x0000000080024B7C (0x2AA58593) addi a1, a1, 0x2aa
x11 <- 0xFFEAAAAAAAAAAAAA
mem[X,0x0000000080024B80] -> 0x9593
mem[X,0x0000000080024B82] -> 0x00A5
[4425] [M]: 0x0000000080024B80 (0x00A59593) slli a1, a1, 0xa
x11 <- 0xAAAAAAAAAAAAA800
mem[X,0x0000000080024B84] -> 0x8593
mem[X,0x0000000080024B86] -> 0x2AB5
[4426] [M]: 0x0000000080024B84 (0x2AB58593) addi a1, a1, 0x2ab
x11 <- 0xAAAAAAAAAAAAAAAB
mem[X,0x0000000080024B88] -> 0x0113
mem[X,0x0000000080024B8A] -> 0x0000
[4427] [M]: 0x0000000080024B88 (0x00000113) addi sp, zero, 0x0
x2 <- 0x0000000000000000
mem[X,0x0000000080024B8C] -> 0x006F
mem[X,0x0000000080024B8E] -> 0x2B10
[4428] [M]: 0x0000000080024B8C (0x2B10006F) jal zero, 0xab0
mem[X,0x000000008002563C] -> 0x4A63
mem[X,0x000000008002563E] -> 0xD4B5
[4429] [M]: 0x000000008002563C (0xD4B54A63) blt a0, a1, -0xaac
mem[X,0x0000000080025640] -> 0x0113
mem[X,0x0000000080025642] -> 0x0021
[4430] [M]: 0x0000000080025640 (0x00210113) addi sp, sp, 0x2
x2 <- 0x0000000000000002
mem[X,0x0000000080025644] -> 0x006F
mem[X,0x0000000080025646] -> 0x00C0
[4431] [M]: 0x0000000080025644 (0x00C0006F) jal zero, 0xc
mem[X,0x0000000080025650] -> 0xBC23
mem[X,0x0000000080025652] -> 0x1020
[4432] [M]: 0x0000000080025650 (0x1020BC23) sd sp, 0x118(ra)
mem[0x000000008004FAF0] <- 0x0000000000000002
mem[X,0x0000000080025654] -> 0x6537
mem[X,0x0000000080025656] -> 0x6666
[4433] [M]: 0x0000000080025654 (0x66666537) lui a0, 0x66666
x10 <- 0x0000000066666000
mem[X,0x0000000080025658] -> 0x0513
mem[X,0x000000008002565A] -> 0x6665
[4434] [M]: 0x0000000080025658 (0x66650513) addi a0, a0, 0x666
x10 <- 0x0000000066666666
mem[X,0x000000008002565C] -> 0x1513
mem[X,0x000000008002565E] -> 0x00B5
[4435] [M]: 0x000000008002565C (0x00B51513) slli a0, a0, 0xb
x10 <- 0x0000033333333000
mem[X,0x0000000080025660] -> 0x0513
mem[X,0x0000000080025662] -> 0x3335
[4436] [M]: 0x0000000080025660 (0x33350513) addi a0, a0, 0x333
x10 <- 0x0000033333333333
mem[X,0x0000000080025664] -> 0x1513
mem[X,0x0000000080025666] -> 0x00B5
[4437] [M]: 0x0000000080025664 (0x00B51513) slli a0, a0, 0xb
x10 <- 0x0019999999999800
mem[X,0x0000000080025668] -> 0x0513
mem[X,0x000000008002566A] -> 0x1995
[4438] [M]: 0x0000000080025668 (0x19950513) addi a0, a0, 0x199
x10 <- 0x0019999999999999
mem[X,0x000000008002566C] -> 0x1513
mem[X,0x000000008002566E] -> 0x00A5
[4439] [M]: 0x000000008002566C (0x00A51513) slli a0, a0, 0xa
x10 <- 0x6666666666666400
mem[X,0x0000000080025670] -> 0x0513
mem[X,0x0000000080025672] -> 0x2665
[4440] [M]: 0x0000000080025670 (0x26650513) addi a0, a0, 0x266
x10 <- 0x6666666666666666
mem[X,0x0000000080025674] -> 0x0593
mem[X,0x0000000080025676] -> 0x0060
[4441] [M]: 0x0000000080025674 (0x00600593) addi a1, zero, 0x6
x11 <- 0x0000000000000006
mem[X,0x0000000080025678] -> 0x0113
mem[X,0x000000008002567A] -> 0x0000
[4442] [M]: 0x0000000080025678 (0x00000113) addi sp, zero, 0x0
x2 <- 0x0000000000000000
mem[X,0x000000008002567C] -> 0x006F
mem[X,0x000000008002567E] -> 0x0050
[4443] [M]: 0x000000008002567C (0x0050006F) jal zero, 0x804
mem[X,0x0000000080025E80] -> 0x40E3
mem[X,0x0000000080025E82] -> 0x80B5
[4444] [M]: 0x0000000080025E80 (0x80B540E3) blt a0, a1, -0x800
mem[X,0x0000000080025E84] -> 0x0113
mem[X,0x0000000080025E86] -> 0x0021
[4445] [M]: 0x0000000080025E84 (0x00210113) addi sp, sp, 0x2
x2 <- 0x0000000000000002
mem[X,0x0000000080025E88] -> 0x006F
mem[X,0x0000000080025E8A] -> 0x00C0
[4446] [M]: 0x0000000080025E88 (0x00C0006F) jal zero, 0xc
mem[X,0x0000000080025E94] -> 0xB023
mem[X,0x0000000080025E96] -> 0x1220
[4447] [M]: 0x0000000080025E94 (0x1220B023) sd sp, 0x120(ra)
mem[0x000000008004FAF8] <- 0x0000000000000002
mem[X,0x0000000080025E98] -> 0x6537
mem[X,0x0000000080025E9A] -> 0x6666
[4448] [M]: 0x0000000080025E98 (0x66666537) lui a0, 0x66666
x10 <- 0x0000000066666000
mem[X,0x0000000080025E9C] -> 0x0513
mem[X,0x0000000080025E9E] -> 0x6665
[4449] [M]: 0x0000000080025E9C (0x66650513) addi a0, a0, 0x666
x10 <- 0x0000000066666666
mem[X,0x0000000080025EA0] -> 0x1513
mem[X,0x0000000080025EA2] -> 0x00B5
[4450] [M]: 0x0000000080025EA0 (0x00B51513) slli a0, a0, 0xb
x10 <- 0x0000033333333000
mem[X,0x0000000080025EA4] -> 0x0513
mem[X,0x0000000080025EA6] -> 0x3335
[4451] [M]: 0x0000000080025EA4 (0x33350513) addi a0, a0, 0x333
x10 <- 0x0000033333333333
mem[X,0x0000000080025EA8] -> 0x1513
mem[X,0x0000000080025EAA] -> 0x00B5
[4452] [M]: 0x0000000080025EA8 (0x00B51513) slli a0, a0, 0xb
x10 <- 0x0019999999999800
mem[X,0x0000000080025EAC] -> 0x0513
mem[X,0x0000000080025EAE] -> 0x1995
[4453] [M]: 0x0000000080025EAC (0x19950513) addi a0, a0, 0x199
x10 <- 0x0019999999999999
mem[X,0x0000000080025EB0] -> 0x1513
mem[X,0x0000000080025EB2] -> 0x00A5
[4454] [M]: 0x0000000080025EB0 (0x00A51513) slli a0, a0, 0xa
x10 <- 0x6666666666666400
mem[X,0x0000000080025EB4] -> 0x0513
mem[X,0x0000000080025EB6] -> 0x2665
[4455] [M]: 0x0000000080025EB4 (0x26650513) addi a0, a0, 0x266
x10 <- 0x6666666666666666
mem[X,0x0000000080025EB8] -> 0x35B7
mem[X,0x0000000080025EBA] -> 0x3333
[4456] [M]: 0x0000000080025EB8 (0x333335B7) lui a1, 0x33333
x11 <- 0x0000000033333000
mem[X,0x0000000080025EBC] -> 0x8593
mem[X,0x0000000080025EBE] -> 0x3335
[4457] [M]: 0x0000000080025EBC (0x33358593) addi a1, a1, 0x333
x11 <- 0x0000000033333333
mem[X,0x0000000080025EC0] -> 0x9593
mem[X,0x0000000080025EC2] -> 0x00B5
[4458] [M]: 0x0000000080025EC0 (0x00B59593) slli a1, a1, 0xb
x11 <- 0x0000019999999800
mem[X,0x0000000080025EC4] -> 0x8593
mem[X,0x0000000080025EC6] -> 0x1995
[4459] [M]: 0x0000000080025EC4 (0x19958593) addi a1, a1, 0x199
x11 <- 0x0000019999999999
mem[X,0x0000000080025EC8] -> 0x9593
mem[X,0x0000000080025ECA] -> 0x00B5
[4460] [M]: 0x0000000080025EC8 (0x00B59593) slli a1, a1, 0xb
x11 <- 0x000CCCCCCCCCC800
mem[X,0x0000000080025ECC] -> 0x8593
mem[X,0x0000000080025ECE] -> 0x4CC5
[4461] [M]: 0x0000000080025ECC (0x4CC58593) addi a1, a1, 0x4cc
x11 <- 0x000CCCCCCCCCCCCC
mem[X,0x0000000080025ED0] -> 0x9593
mem[X,0x0000000080025ED2] -> 0x00A5
[4462] [M]: 0x0000000080025ED0 (0x00A59593) slli a1, a1, 0xa
x11 <- 0x3333333333333000
mem[X,0x0000000080025ED4] -> 0x8593
mem[X,0x0000000080025ED6] -> 0x3345
[4463] [M]: 0x0000000080025ED4 (0x33458593) addi a1, a1, 0x334
x11 <- 0x3333333333333334
mem[X,0x0000000080025ED8] -> 0x0113
mem[X,0x0000000080025EDA] -> 0x0000
[4464] [M]: 0x0000000080025ED8 (0x00000113) addi sp, zero, 0x0
x2 <- 0x0000000000000000
mem[X,0x0000000080025EDC] -> 0x006F
mem[X,0x0000000080025EDE] -> 0x00C0
[4465] [M]: 0x0000000080025EDC (0x00C0006F) jal zero, 0xc
mem[X,0x0000000080025EE8] -> 0x4CE3
mem[X,0x0000000080025EEA] -> 0xFEB5
[4466] [M]: 0x0000000080025EE8 (0xFEB54CE3) blt a0, a1, -0x8
mem[X,0x0000000080025EEC] -> 0x0113
mem[X,0x0000000080025EEE] -> 0x0021
[4467] [M]: 0x0000000080025EEC (0x00210113) addi sp, sp, 0x2
x2 <- 0x0000000000000002
mem[X,0x0000000080025EF0] -> 0x006F
mem[X,0x0000000080025EF2] -> 0x00C0
[4468] [M]: 0x0000000080025EF0 (0x00C0006F) jal zero, 0xc
mem[X,0x0000000080025EFC] -> 0xB423
mem[X,0x0000000080025EFE] -> 0x1220
[4469] [M]: 0x0000000080025EFC (0x1220B423) sd sp, 0x128(ra)
mem[0x000000008004FB00] <- 0x0000000000000002
mem[X,0x0000000080025F00] -> 0x6537
mem[X,0x0000000080025F02] -> 0x6666
[4470] [M]: 0x0000000080025F00 (0x66666537) lui a0, 0x66666
x10 <- 0x0000000066666000
mem[X,0x0000000080025F04] -> 0x0513
mem[X,0x0000000080025F06] -> 0x6665
[4471] [M]: 0x0000000080025F04 (0x66650513) addi a0, a0, 0x666
x10 <- 0x0000000066666666
mem[X,0x0000000080025F08] -> 0x1513
mem[X,0x0000000080025F0A] -> 0x00B5
[4472] [M]: 0x0000000080025F08 (0x00B51513) slli a0, a0, 0xb
x10 <- 0x0000033333333000
mem[X,0x0000000080025F0C] -> 0x0513
mem[X,0x0000000080025F0E] -> 0x3335
[4473] [M]: 0x0000000080025F0C (0x33350513) addi a0, a0, 0x333
x10 <- 0x0000033333333333
mem[X,0x0000000080025F10] -> 0x1513
mem[X,0x0000000080025F12] -> 0x00B5
[4474] [M]: 0x0000000080025F10 (0x00B51513) slli a0, a0, 0xb
x10 <- 0x0019999999999800
mem[X,0x0000000080025F14] -> 0x0513
mem[X,0x0000000080025F16] -> 0x1995
[4475] [M]: 0x0000000080025F14 (0x19950513) addi a0, a0, 0x199
x10 <- 0x0019999999999999
mem[X,0x0000000080025F18] -> 0x1513
mem[X,0x0000000080025F1A] -> 0x00A5
[4476] [M]: 0x0000000080025F18 (0x00A51513) slli a0, a0, 0xa
x10 <- 0x6666666666666400
mem[X,0x0000000080025F1C] -> 0x0513
mem[X,0x0000000080025F1E] -> 0x2665
[4477] [M]: 0x0000000080025F1C (0x26650513) addi a0, a0, 0x266
x10 <- 0x6666666666666666
mem[X,0x0000000080025F20] -> 0x65B7
mem[X,0x0000000080025F22] -> 0x6666
[4478] [M]: 0x0000000080025F20 (0x666665B7) lui a1, 0x66666
x11 <- 0x0000000066666000
mem[X,0x0000000080025F24] -> 0x8593
mem[X,0x0000000080025F26] -> 0x6665
[4479] [M]: 0x0000000080025F24 (0x66658593) addi a1, a1, 0x666
x11 <- 0x0000000066666666
mem[X,0x0000000080025F28] -> 0x9593
mem[X,0x0000000080025F2A] -> 0x00B5
[4480] [M]: 0x0000000080025F28 (0x00B59593) slli a1, a1, 0xb
x11 <- 0x0000033333333000
mem[X,0x0000000080025F2C] -> 0x8593
mem[X,0x0000000080025F2E] -> 0x3335
[4481] [M]: 0x0000000080025F2C (0x33358593) addi a1, a1, 0x333
x11 <- 0x0000033333333333
mem[X,0x0000000080025F30] -> 0x9593
mem[X,0x0000000080025F32] -> 0x00B5
[4482] [M]: 0x0000000080025F30 (0x00B59593) slli a1, a1, 0xb
x11 <- 0x0019999999999800
mem[X,0x0000000080025F34] -> 0x8593
mem[X,0x0000000080025F36] -> 0x1995
[4483] [M]: 0x0000000080025F34 (0x19958593) addi a1, a1, 0x199
x11 <- 0x0019999999999999
mem[X,0x0000000080025F38] -> 0x9593
mem[X,0x0000000080025F3A] -> 0x00A5
[4484] [M]: 0x0000000080025F38 (0x00A59593) slli a1, a1, 0xa
x11 <- 0x6666666666666400
mem[X,0x0000000080025F3C] -> 0x8593
mem[X,0x0000000080025F3E] -> 0x2675
[4485] [M]: 0x0000000080025F3C (0x26758593) addi a1, a1, 0x267
x11 <- 0x6666666666666667
mem[X,0x0000000080025F40] -> 0x0113
mem[X,0x0000000080025F42] -> 0x0000
[4486] [M]: 0x0000000080025F40 (0x00000113) addi sp, zero, 0x0
x2 <- 0x0000000000000000
mem[X,0x0000000080025F44] -> 0x006F
mem[X,0x0000000080025F46] -> 0x0100
[4487] [M]: 0x0000000080025F44 (0x0100006F) jal zero, 0x10
mem[X,0x0000000080025F54] -> 0x4AE3
mem[X,0x0000000080025F56] -> 0xFEB5
[4488] [M]: 0x0000000080025F54 (0xFEB54AE3) blt a0, a1, -0xc
mem[X,0x0000000080025F48] -> 0x0113
mem[X,0x0000000080025F4A] -> 0x0011
[4489] [M]: 0x0000000080025F48 (0x00110113) addi sp, sp, 0x1
x2 <- 0x0000000000000001
mem[X,0x0000000080025F4C] -> 0x006F
mem[X,0x0000000080025F4E] -> 0x01C0
[4490] [M]: 0x0000000080025F4C (0x01C0006F) jal zero, 0x1c
mem[X,0x0000000080025F68] -> 0xB823
mem[X,0x0000000080025F6A] -> 0x1220
[4491] [M]: 0x0000000080025F68 (0x1220B823) sd sp, 0x130(ra)
mem[0x000000008004FB08] <- 0x0000000000000001
mem[X,0x0000000080025F6C] -> 0x6537
mem[X,0x0000000080025F6E] -> 0x6666
[4492] [M]: 0x0000000080025F6C (0x66666537) lui a0, 0x66666
x10 <- 0x0000000066666000
mem[X,0x0000000080025F70] -> 0x0513
mem[X,0x0000000080025F72] -> 0x6665
[4493] [M]: 0x0000000080025F70 (0x66650513) addi a0, a0, 0x666
x10 <- 0x0000000066666666
mem[X,0x0000000080025F74] -> 0x1513
mem[X,0x0000000080025F76] -> 0x00B5
[4494] [M]: 0x0000000080025F74 (0x00B51513) slli a0, a0, 0xb
x10 <- 0x0000033333333000
mem[X,0x0000000080025F78] -> 0x0513
mem[X,0x0000000080025F7A] -> 0x3335
[4495] [M]: 0x0000000080025F78 (0x33350513) addi a0, a0, 0x333
x10 <- 0x0000033333333333
mem[X,0x0000000080025F7C] -> 0x1513
mem[X,0x0000000080025F7E] -> 0x00B5
[4496] [M]: 0x0000000080025F7C (0x00B51513) slli a0, a0, 0xb
x10 <- 0x0019999999999800
mem[X,0x0000000080025F80] -> 0x0513
mem[X,0x0000000080025F82] -> 0x1995
[4497] [M]: 0x0000000080025F80 (0x19950513) addi a0, a0, 0x199
x10 <- 0x0019999999999999
mem[X,0x0000000080025F84] -> 0x1513
mem[X,0x0000000080025F86] -> 0x00A5
[4498] [M]: 0x0000000080025F84 (0x00A51513) slli a0, a0, 0xa
x10 <- 0x6666666666666400
mem[X,0x0000000080025F88] -> 0x0513
mem[X,0x0000000080025F8A] -> 0x2665
[4499] [M]: 0x0000000080025F88 (0x26650513) addi a0, a0, 0x266
x10 <- 0x6666666666666666
clint::tick mtime <- 0x000000000000002D
 clint timer pending at mtime 0x000000000000002D
htif::tick 0x0000000000000000
mem[X,0x0000000080025F8C] -> 0x05B7
mem[X,0x0000000080025F8E] -> 0x0000
[4500] [M]: 0x0000000080025F8C (0x000005B7) lui a1, 0x0
x11 <- 0x0000000000000000
mem[X,0x0000000080025F90] -> 0x8593
mem[X,0x0000000080025F92] -> 0xFFF5
[4501] [M]: 0x0000000080025F90 (0xFFF58593) addi a1, a1, -0x1
x11 <- 0xFFFFFFFFFFFFFFFF
mem[X,0x0000000080025F94] -> 0x9593
mem[X,0x0000000080025F96] -> 0x00B5
[4502] [M]: 0x0000000080025F94 (0x00B59593) slli a1, a1, 0xb
x11 <- 0xFFFFFFFFFFFFF800
mem[X,0x0000000080025F98] -> 0x8593
mem[X,0x0000000080025F9A] -> 0x2575
[4503] [M]: 0x0000000080025F98 (0x25758593) addi a1, a1, 0x257
x11 <- 0xFFFFFFFFFFFFFA57
mem[X,0x0000000080025F9C] -> 0x9593
mem[X,0x0000000080025F9E] -> 0x00B5
[4504] [M]: 0x0000000080025F9C (0x00B59593) slli a1, a1, 0xb
x11 <- 0xFFFFFFFFFFD2B800
mem[X,0x0000000080025FA0] -> 0x8593
mem[X,0x0000000080025FA2] -> 0x6C35
[4505] [M]: 0x0000000080025FA0 (0x6C358593) addi a1, a1, 0x6c3
x11 <- 0xFFFFFFFFFFD2BEC3
mem[X,0x0000000080025FA4] -> 0x9593
mem[X,0x0000000080025FA6] -> 0x00A5
[4506] [M]: 0x0000000080025FA4 (0x00A59593) slli a1, a1, 0xa
x11 <- 0xFFFFFFFF4AFB0C00
mem[X,0x0000000080025FA8] -> 0x8593
mem[X,0x0000000080025FAA] -> 0x0CE5
[4507] [M]: 0x0000000080025FA8 (0x0CE58593) addi a1, a1, 0xce
x11 <- 0xFFFFFFFF4AFB0CCE
mem[X,0x0000000080025FAC] -> 0x0113
mem[X,0x0000000080025FAE] -> 0x0000
[4508] [M]: 0x0000000080025FAC (0x00000113) addi sp, zero, 0x0
x2 <- 0x0000000000000000
mem[X,0x0000000080025FB0] -> 0x006F
mem[X,0x0000000080025FB2] -> 0x0100
[4509] [M]: 0x0000000080025FB0 (0x0100006F) jal zero, 0x10
mem[X,0x0000000080025FC0] -> 0x4AE3
mem[X,0x0000000080025FC2] -> 0xFEB5
[4510] [M]: 0x0000000080025FC0 (0xFEB54AE3) blt a0, a1, -0xc
mem[X,0x0000000080025FC4] -> 0x0113
mem[X,0x0000000080025FC6] -> 0x0021
[4511] [M]: 0x0000000080025FC4 (0x00210113) addi sp, sp, 0x2
x2 <- 0x0000000000000002
mem[X,0x0000000080025FC8] -> 0x006F
mem[X,0x0000000080025FCA] -> 0x00C0
[4512] [M]: 0x0000000080025FC8 (0x00C0006F) jal zero, 0xc
mem[X,0x0000000080025FD4] -> 0xBC23
mem[X,0x0000000080025FD6] -> 0x1220
[4513] [M]: 0x0000000080025FD4 (0x1220BC23) sd sp, 0x138(ra)
mem[0x000000008004FB10] <- 0x0000000000000002
mem[X,0x0000000080025FD8] -> 0x6537
mem[X,0x0000000080025FDA] -> 0x6666
[4514] [M]: 0x0000000080025FD8 (0x66666537) lui a0, 0x66666
x10 <- 0x0000000066666000
mem[X,0x0000000080025FDC] -> 0x0513
mem[X,0x0000000080025FDE] -> 0x6665
[4515] [M]: 0x0000000080025FDC (0x66650513) addi a0, a0, 0x666
x10 <- 0x0000000066666666
mem[X,0x0000000080025FE0] -> 0x1513
mem[X,0x0000000080025FE2] -> 0x00B5
[4516] [M]: 0x0000000080025FE0 (0x00B51513) slli a0, a0, 0xb
x10 <- 0x0000033333333000
mem[X,0x0000000080025FE4] -> 0x0513
mem[X,0x0000000080025FE6] -> 0x3335
[4517] [M]: 0x0000000080025FE4 (0x33350513) addi a0, a0, 0x333
x10 <- 0x0000033333333333
mem[X,0x0000000080025FE8] -> 0x1513
mem[X,0x0000000080025FEA] -> 0x00B5
[4518] [M]: 0x0000000080025FE8 (0x00B51513) slli a0, a0, 0xb
x10 <- 0x0019999999999800
mem[X,0x0000000080025FEC] -> 0x0513
mem[X,0x0000000080025FEE] -> 0x1995
[4519] [M]: 0x0000000080025FEC (0x19950513) addi a0, a0, 0x199
x10 <- 0x0019999999999999
mem[X,0x0000000080025FF0] -> 0x1513
mem[X,0x0000000080025FF2] -> 0x00A5
[4520] [M]: 0x0000000080025FF0 (0x00A51513) slli a0, a0, 0xa
x10 <- 0x6666666666666400
mem[X,0x0000000080025FF4] -> 0x0513
mem[X,0x0000000080025FF6] -> 0x2665
[4521] [M]: 0x0000000080025FF4 (0x26650513) addi a0, a0, 0x266
x10 <- 0x6666666666666666
mem[X,0x0000000080025FF8] -> 0x05B7
mem[X,0x0000000080025FFA] -> 0x0000
[4522] [M]: 0x0000000080025FF8 (0x000005B7) lui a1, 0x0
x11 <- 0x0000000000000000
mem[X,0x0000000080025FFC] -> 0x8593
mem[X,0x0000000080025FFE] -> 0x0005
[4523] [M]: 0x0000000080025FFC (0x00058593) addi a1, a1, 0x0
x11 <- 0x0000000000000000
mem[X,0x0000000080026000] -> 0x9593
mem[X,0x0000000080026002] -> 0x00B5
[4524] [M]: 0x0000000080026000 (0x00B59593) slli a1, a1, 0xb
x11 <- 0x0000000000000000
mem[X,0x0000000080026004] -> 0x8593
mem[X,0x0000000080026006] -> 0x5A85
[4525] [M]: 0x0000000080026004 (0x5A858593) addi a1, a1, 0x5a8
x11 <- 0x00000000000005A8
mem[X,0x0000000080026008] -> 0x9593
mem[X,0x000000008002600A] -> 0x00B5
[4526] [M]: 0x0000000080026008 (0x00B59593) slli a1, a1, 0xb
x11 <- 0x00000000002D4000
mem[X,0x000000008002600C] -> 0x8593
mem[X,0x000000008002600E] -> 0x13C5
[4527] [M]: 0x000000008002600C (0x13C58593) addi a1, a1, 0x13c
x11 <- 0x00000000002D413C
mem[X,0x0000000080026010] -> 0x9593
mem[X,0x0000000080026012] -> 0x00A5
[4528] [M]: 0x0000000080026010 (0x00A59593) slli a1, a1, 0xa
x11 <- 0x00000000B504F000
mem[X,0x0000000080026014] -> 0x8593
mem[X,0x0000000080026016] -> 0x3345
[4529] [M]: 0x0000000080026014 (0x33458593) addi a1, a1, 0x334
x11 <- 0x00000000B504F334
mem[X,0x0000000080026018] -> 0x0113
mem[X,0x000000008002601A] -> 0x0000
[4530] [M]: 0x0000000080026018 (0x00000113) addi sp, zero, 0x0
x2 <- 0x0000000000000000
mem[X,0x000000008002601C] -> 0x006F
mem[X,0x000000008002601E] -> 0x00C0
[4531] [M]: 0x000000008002601C (0x00C0006F) jal zero, 0xc
mem[X,0x0000000080026028] -> 0x4663
mem[X,0x000000008002602A] -> 0x00B5
[4532] [M]: 0x0000000080026028 (0x00B54663) blt a0, a1, 0xc
mem[X,0x000000008002602C] -> 0x0113
mem[X,0x000000008002602E] -> 0x0021
[4533] [M]: 0x000000008002602C (0x00210113) addi sp, sp, 0x2
x2 <- 0x0000000000000002
mem[X,0x0000000080026030] -> 0x006F
mem[X,0x0000000080026032] -> 0x00C0
[4534] [M]: 0x0000000080026030 (0x00C0006F) jal zero, 0xc
mem[X,0x000000008002603C] -> 0xB023
mem[X,0x000000008002603E] -> 0x1420
[4535] [M]: 0x000000008002603C (0x1420B023) sd sp, 0x140(ra)
mem[0x000000008004FB18] <- 0x0000000000000002
mem[X,0x0000000080026040] -> 0x0537
mem[X,0x0000000080026042] -> 0x0000
[4536] [M]: 0x0000000080026040 (0x00000537) lui a0, 0x0
x10 <- 0x0000000000000000
mem[X,0x0000000080026044] -> 0x0513
mem[X,0x0000000080026046] -> 0xFFF5
[4537] [M]: 0x0000000080026044 (0xFFF50513) addi a0, a0, -0x1
x10 <- 0xFFFFFFFFFFFFFFFF
mem[X,0x0000000080026048] -> 0x1513
mem[X,0x000000008002604A] -> 0x00B5
[4538] [M]: 0x0000000080026048 (0x00B51513) slli a0, a0, 0xb
x10 <- 0xFFFFFFFFFFFFF800
mem[X,0x000000008002604C] -> 0x0513
mem[X,0x000000008002604E] -> 0x2575
[4539] [M]: 0x000000008002604C (0x25750513) addi a0, a0, 0x257
x10 <- 0xFFFFFFFFFFFFFA57
mem[X,0x0000000080026050] -> 0x1513
mem[X,0x0000000080026052] -> 0x00B5
[4540] [M]: 0x0000000080026050 (0x00B51513) slli a0, a0, 0xb
x10 <- 0xFFFFFFFFFFD2B800
mem[X,0x0000000080026054] -> 0x0513
mem[X,0x0000000080026056] -> 0x6C35
[4541] [M]: 0x0000000080026054 (0x6C350513) addi a0, a0, 0x6c3
x10 <- 0xFFFFFFFFFFD2BEC3
mem[X,0x0000000080026058] -> 0x1513
mem[X,0x000000008002605A] -> 0x00A5
[4542] [M]: 0x0000000080026058 (0x00A51513) slli a0, a0, 0xa
x10 <- 0xFFFFFFFF4AFB0C00
mem[X,0x000000008002605C] -> 0x0513
mem[X,0x000000008002605E] -> 0x0CD5
[4543] [M]: 0x000000008002605C (0x0CD50513) addi a0, a0, 0xcd
x10 <- 0xFFFFFFFF4AFB0CCD
mem[X,0x0000000080026060] -> 0x0593
mem[X,0x0000000080026062] -> 0x0030
[4544] [M]: 0x0000000080026060 (0x00300593) addi a1, zero, 0x3
x11 <- 0x0000000000000003
mem[X,0x0000000080026064] -> 0x0113
mem[X,0x0000000080026066] -> 0x0000
[4545] [M]: 0x0000000080026064 (0x00000113) addi sp, zero, 0x0
x2 <- 0x0000000000000000
mem[X,0x0000000080026068] -> 0x006F
mem[X,0x000000008002606A] -> 0x00C0
[4546] [M]: 0x0000000080026068 (0x00C0006F) jal zero, 0xc
mem[X,0x0000000080026074] -> 0x4063
mem[X,0x0000000080026076] -> 0x20B5
[4547] [M]: 0x0000000080026074 (0x20B54063) blt a0, a1, 0x200
mem[X,0x0000000080026274] -> 0x0113
mem[X,0x0000000080026276] -> 0x0031
[4548] [M]: 0x0000000080026274 (0x00310113) addi sp, sp, 0x3
x2 <- 0x0000000000000003
mem[X,0x0000000080026278] -> 0x006F
mem[X,0x000000008002627A] -> 0x0040
[4549] [M]: 0x0000000080026278 (0x0040006F) jal zero, 0x4
mem[X,0x000000008002627C] -> 0xB423
mem[X,0x000000008002627E] -> 0x1420
[4550] [M]: 0x000000008002627C (0x1420B423) sd sp, 0x148(ra)
mem[0x000000008004FB20] <- 0x0000000000000003
mem[X,0x0000000080026280] -> 0x0537
mem[X,0x0000000080026282] -> 0x0000
[4551] [M]: 0x0000000080026280 (0x00000537) lui a0, 0x0
x10 <- 0x0000000000000000
mem[X,0x0000000080026284] -> 0x0513
mem[X,0x0000000080026286] -> 0xFFF5
[4552] [M]: 0x0000000080026284 (0xFFF50513) addi a0, a0, -0x1
x10 <- 0xFFFFFFFFFFFFFFFF
mem[X,0x0000000080026288] -> 0x1513
mem[X,0x000000008002628A] -> 0x00B5
[4553] [M]: 0x0000000080026288 (0x00B51513) slli a0, a0, 0xb
x10 <- 0xFFFFFFFFFFFFF800
mem[X,0x000000008002628C] -> 0x0513
mem[X,0x000000008002628E] -> 0x2575
[4554] [M]: 0x000000008002628C (0x25750513) addi a0, a0, 0x257
x10 <- 0xFFFFFFFFFFFFFA57
mem[X,0x0000000080026290] -> 0x1513
mem[X,0x0000000080026292] -> 0x00B5
[4555] [M]: 0x0000000080026290 (0x00B51513) slli a0, a0, 0xb
x10 <- 0xFFFFFFFFFFD2B800
mem[X,0x0000000080026294] -> 0x0513
mem[X,0x0000000080026296] -> 0x6C35
[4556] [M]: 0x0000000080026294 (0x6C350513) addi a0, a0, 0x6c3
x10 <- 0xFFFFFFFFFFD2BEC3
mem[X,0x0000000080026298] -> 0x1513
mem[X,0x000000008002629A] -> 0x00A5
[4557] [M]: 0x0000000080026298 (0x00A51513) slli a0, a0, 0xa
x10 <- 0xFFFFFFFF4AFB0C00
mem[X,0x000000008002629C] -> 0x0513
mem[X,0x000000008002629E] -> 0x0CD5
[4558] [M]: 0x000000008002629C (0x0CD50513) addi a0, a0, 0xcd
x10 <- 0xFFFFFFFF4AFB0CCD
mem[X,0x00000000800262A0] -> 0x55B7
mem[X,0x00000000800262A2] -> 0x5555
[4559] [M]: 0x00000000800262A0 (0x555555B7) lui a1, 0x55555
x11 <- 0x0000000055555000
mem[X,0x00000000800262A4] -> 0x8593
mem[X,0x00000000800262A6] -> 0x5555
[4560] [M]: 0x00000000800262A4 (0x55558593) addi a1, a1, 0x555
x11 <- 0x0000000055555555
mem[X,0x00000000800262A8] -> 0x9593
mem[X,0x00000000800262AA] -> 0x00B5
[4561] [M]: 0x00000000800262A8 (0x00B59593) slli a1, a1, 0xb
x11 <- 0x000002AAAAAAA800
mem[X,0x00000000800262AC] -> 0x8593
mem[X,0x00000000800262AE] -> 0x2AA5
[4562] [M]: 0x00000000800262AC (0x2AA58593) addi a1, a1, 0x2aa
x11 <- 0x000002AAAAAAAAAA
mem[X,0x00000000800262B0] -> 0x9593
mem[X,0x00000000800262B2] -> 0x00B5
[4563] [M]: 0x00000000800262B0 (0x00B59593) slli a1, a1, 0xb
x11 <- 0x0015555555555000
mem[X,0x00000000800262B4] -> 0x8593
mem[X,0x00000000800262B6] -> 0x5555
[4564] [M]: 0x00000000800262B4 (0x55558593) addi a1, a1, 0x555
x11 <- 0x0015555555555555
mem[X,0x00000000800262B8] -> 0x9593
mem[X,0x00000000800262BA] -> 0x00A5
[4565] [M]: 0x00000000800262B8 (0x00A59593) slli a1, a1, 0xa
x11 <- 0x5555555555555400
mem[X,0x00000000800262BC] -> 0x8593
mem[X,0x00000000800262BE] -> 0x1555
[4566] [M]: 0x00000000800262BC (0x15558593) addi a1, a1, 0x155
x11 <- 0x5555555555555555
mem[X,0x00000000800262C0] -> 0x0113
mem[X,0x00000000800262C2] -> 0x0000
[4567] [M]: 0x00000000800262C0 (0x00000113) addi sp, zero, 0x0
x2 <- 0x0000000000000000
mem[X,0x00000000800262C4] -> 0x006F
mem[X,0x00000000800262C6] -> 0x00C0
[4568] [M]: 0x00000000800262C4 (0x00C0006F) jal zero, 0xc
mem[X,0x00000000800262D0] -> 0x4663
mem[X,0x00000000800262D2] -> 0x00B5
[4569] [M]: 0x00000000800262D0 (0x00B54663) blt a0, a1, 0xc
mem[X,0x00000000800262DC] -> 0x0113
mem[X,0x00000000800262DE] -> 0x0031
[4570] [M]: 0x00000000800262DC (0x00310113) addi sp, sp, 0x3
x2 <- 0x0000000000000003
mem[X,0x00000000800262E0] -> 0x006F
mem[X,0x00000000800262E2] -> 0x0040
[4571] [M]: 0x00000000800262E0 (0x0040006F) jal zero, 0x4
mem[X,0x00000000800262E4] -> 0xB823
mem[X,0x00000000800262E6] -> 0x1420
[4572] [M]: 0x00000000800262E4 (0x1420B823) sd sp, 0x150(ra)
mem[0x000000008004FB28] <- 0x0000000000000003
mem[X,0x00000000800262E8] -> 0x0537
mem[X,0x00000000800262EA] -> 0x0000
[4573] [M]: 0x00000000800262E8 (0x00000537) lui a0, 0x0
x10 <- 0x0000000000000000
mem[X,0x00000000800262EC] -> 0x0513
mem[X,0x00000000800262EE] -> 0xFFF5
[4574] [M]: 0x00000000800262EC (0xFFF50513) addi a0, a0, -0x1
x10 <- 0xFFFFFFFFFFFFFFFF
mem[X,0x00000000800262F0] -> 0x1513
mem[X,0x00000000800262F2] -> 0x00B5
[4575] [M]: 0x00000000800262F0 (0x00B51513) slli a0, a0, 0xb
x10 <- 0xFFFFFFFFFFFFF800
mem[X,0x00000000800262F4] -> 0x0513
mem[X,0x00000000800262F6] -> 0x2575
[4576] [M]: 0x00000000800262F4 (0x25750513) addi a0, a0, 0x257
x10 <- 0xFFFFFFFFFFFFFA57
mem[X,0x00000000800262F8] -> 0x1513
mem[X,0x00000000800262FA] -> 0x00B5
[4577] [M]: 0x00000000800262F8 (0x00B51513) slli a0, a0, 0xb
x10 <- 0xFFFFFFFFFFD2B800
mem[X,0x00000000800262FC] -> 0x0513
mem[X,0x00000000800262FE] -> 0x6C35
[4578] [M]: 0x00000000800262FC (0x6C350513) addi a0, a0, 0x6c3
x10 <- 0xFFFFFFFFFFD2BEC3
mem[X,0x0000000080026300] -> 0x1513
mem[X,0x0000000080026302] -> 0x00A5
[4579] [M]: 0x0000000080026300 (0x00A51513) slli a0, a0, 0xa
x10 <- 0xFFFFFFFF4AFB0C00
mem[X,0x0000000080026304] -> 0x0513
mem[X,0x0000000080026306] -> 0x0CD5
[4580] [M]: 0x0000000080026304 (0x0CD50513) addi a0, a0, 0xcd
x10 <- 0xFFFFFFFF4AFB0CCD
mem[X,0x0000000080026308] -> 0xB5B7
mem[X,0x000000008002630A] -> 0xAAAA
[4581] [M]: 0x0000000080026308 (0xAAAAB5B7) lui a1, -0x55555
x11 <- 0xFFFFFFFFAAAAB000
mem[X,0x000000008002630C] -> 0x8593
mem[X,0x000000008002630E] -> 0xAAA5
[4582] [M]: 0x000000008002630C (0xAAA58593) addi a1, a1, -0x556
x11 <- 0xFFFFFFFFAAAAAAAA
mem[X,0x0000000080026310] -> 0x9593
mem[X,0x0000000080026312] -> 0x00B5
[4583] [M]: 0x0000000080026310 (0x00B59593) slli a1, a1, 0xb
x11 <- 0xFFFFFD5555555000
mem[X,0x0000000080026314] -> 0x8593
mem[X,0x0000000080026316] -> 0x5555
[4584] [M]: 0x0000000080026314 (0x55558593) addi a1, a1, 0x555
x11 <- 0xFFFFFD5555555555
mem[X,0x0000000080026318] -> 0x9593
mem[X,0x000000008002631A] -> 0x00B5
[4585] [M]: 0x0000000080026318 (0x00B59593) slli a1, a1, 0xb
x11 <- 0xFFEAAAAAAAAAA800
mem[X,0x000000008002631C] -> 0x8593
mem[X,0x000000008002631E] -> 0x2AA5
[4586] [M]: 0x000000008002631C (0x2AA58593) addi a1, a1, 0x2aa
x11 <- 0xFFEAAAAAAAAAAAAA
mem[X,0x0000000080026320] -> 0x9593
mem[X,0x0000000080026322] -> 0x00A5
[4587] [M]: 0x0000000080026320 (0x00A59593) slli a1, a1, 0xa
x11 <- 0xAAAAAAAAAAAAA800
mem[X,0x0000000080026324] -> 0x8593
mem[X,0x0000000080026326] -> 0x2AA5
[4588] [M]: 0x0000000080026324 (0x2AA58593) addi a1, a1, 0x2aa
x11 <- 0xAAAAAAAAAAAAAAAA
mem[X,0x0000000080026328] -> 0x0113
mem[X,0x000000008002632A] -> 0x0000
[4589] [M]: 0x0000000080026328 (0x00000113) addi sp, zero, 0x0
x2 <- 0x0000000000000000
mem[X,0x000000008002632C] -> 0x006F
mem[X,0x000000008002632E] -> 0x00C0
[4590] [M]: 0x000000008002632C (0x00C0006F) jal zero, 0xc
mem[X,0x0000000080026338] -> 0x4663
mem[X,0x000000008002633A] -> 0x00B5
[4591] [M]: 0x0000000080026338 (0x00B54663) blt a0, a1, 0xc
mem[X,0x000000008002633C] -> 0x0113
mem[X,0x000000008002633E] -> 0x0021
[4592] [M]: 0x000000008002633C (0x00210113) addi sp, sp, 0x2
x2 <- 0x0000000000000002
mem[X,0x0000000080026340] -> 0x006F
mem[X,0x0000000080026342] -> 0x00C0
[4593] [M]: 0x0000000080026340 (0x00C0006F) jal zero, 0xc
mem[X,0x000000008002634C] -> 0xBC23
mem[X,0x000000008002634E] -> 0x1420
[4594] [M]: 0x000000008002634C (0x1420BC23) sd sp, 0x158(ra)
mem[0x000000008004FB30] <- 0x0000000000000002
mem[X,0x0000000080026350] -> 0x0537
mem[X,0x0000000080026352] -> 0x0000
[4595] [M]: 0x0000000080026350 (0x00000537) lui a0, 0x0
x10 <- 0x0000000000000000
mem[X,0x0000000080026354] -> 0x0513
mem[X,0x0000000080026356] -> 0xFFF5
[4596] [M]: 0x0000000080026354 (0xFFF50513) addi a0, a0, -0x1
x10 <- 0xFFFFFFFFFFFFFFFF
mem[X,0x0000000080026358] -> 0x1513
mem[X,0x000000008002635A] -> 0x00B5
[4597] [M]: 0x0000000080026358 (0x00B51513) slli a0, a0, 0xb
x10 <- 0xFFFFFFFFFFFFF800
mem[X,0x000000008002635C] -> 0x0513
mem[X,0x000000008002635E] -> 0x2575
[4598] [M]: 0x000000008002635C (0x25750513) addi a0, a0, 0x257
x10 <- 0xFFFFFFFFFFFFFA57
mem[X,0x0000000080026360] -> 0x1513
mem[X,0x0000000080026362] -> 0x00B5
[4599] [M]: 0x0000000080026360 (0x00B51513) slli a0, a0, 0xb
x10 <- 0xFFFFFFFFFFD2B800
clint::tick mtime <- 0x000000000000002E
 clint timer pending at mtime 0x000000000000002E
htif::tick 0x0000000000000000
mem[X,0x0000000080026364] -> 0x0513
mem[X,0x0000000080026366] -> 0x6C35
[4600] [M]: 0x0000000080026364 (0x6C350513) addi a0, a0, 0x6c3
x10 <- 0xFFFFFFFFFFD2BEC3
mem[X,0x0000000080026368] -> 0x1513
mem[X,0x000000008002636A] -> 0x00A5
[4601] [M]: 0x0000000080026368 (0x00A51513) slli a0, a0, 0xa
x10 <- 0xFFFFFFFF4AFB0C00
mem[X,0x000000008002636C] -> 0x0513
mem[X,0x000000008002636E] -> 0x0CD5
[4602] [M]: 0x000000008002636C (0x0CD50513) addi a0, a0, 0xcd
x10 <- 0xFFFFFFFF4AFB0CCD
mem[X,0x0000000080026370] -> 0x0593
mem[X,0x0000000080026372] -> 0x0050
[4603] [M]: 0x0000000080026370 (0x00500593) addi a1, zero, 0x5
x11 <- 0x0000000000000005
mem[X,0x0000000080026374] -> 0x0113
mem[X,0x0000000080026376] -> 0x0000
[4604] [M]: 0x0000000080026374 (0x00000113) addi sp, zero, 0x0
x2 <- 0x0000000000000000
mem[X,0x0000000080026378] -> 0x006F
mem[X,0x000000008002637A] -> 0x00C0
[4605] [M]: 0x0000000080026378 (0x00C0006F) jal zero, 0xc
mem[X,0x0000000080026384] -> 0x4063
mem[X,0x0000000080026386] -> 0x04B5
[4606] [M]: 0x0000000080026384 (0x04B54063) blt a0, a1, 0x40
mem[X,0x00000000800263C4] -> 0x0113
mem[X,0x00000000800263C6] -> 0x0031
[4607] [M]: 0x00000000800263C4 (0x00310113) addi sp, sp, 0x3
x2 <- 0x0000000000000003
mem[X,0x00000000800263C8] -> 0x006F
mem[X,0x00000000800263CA] -> 0x0040
[4608] [M]: 0x00000000800263C8 (0x0040006F) jal zero, 0x4
mem[X,0x00000000800263CC] -> 0xB023
mem[X,0x00000000800263CE] -> 0x1620
[4609] [M]: 0x00000000800263CC (0x1620B023) sd sp, 0x160(ra)
mem[0x000000008004FB38] <- 0x0000000000000003
mem[X,0x00000000800263D0] -> 0x0537
mem[X,0x00000000800263D2] -> 0x0000
[4610] [M]: 0x00000000800263D0 (0x00000537) lui a0, 0x0
x10 <- 0x0000000000000000
mem[X,0x00000000800263D4] -> 0x0513
mem[X,0x00000000800263D6] -> 0xFFF5
[4611] [M]: 0x00000000800263D4 (0xFFF50513) addi a0, a0, -0x1
x10 <- 0xFFFFFFFFFFFFFFFF
mem[X,0x00000000800263D8] -> 0x1513
mem[X,0x00000000800263DA] -> 0x00B5
[4612] [M]: 0x00000000800263D8 (0x00B51513) slli a0, a0, 0xb
x10 <- 0xFFFFFFFFFFFFF800
mem[X,0x00000000800263DC] -> 0x0513
mem[X,0x00000000800263DE] -> 0x2575
[4613] [M]: 0x00000000800263DC (0x25750513) addi a0, a0, 0x257
x10 <- 0xFFFFFFFFFFFFFA57
mem[X,0x00000000800263E0] -> 0x1513
mem[X,0x00000000800263E2] -> 0x00B5
[4614] [M]: 0x00000000800263E0 (0x00B51513) slli a0, a0, 0xb
x10 <- 0xFFFFFFFFFFD2B800
mem[X,0x00000000800263E4] -> 0x0513
mem[X,0x00000000800263E6] -> 0x6C35
[4615] [M]: 0x00000000800263E4 (0x6C350513) addi a0, a0, 0x6c3
x10 <- 0xFFFFFFFFFFD2BEC3
mem[X,0x00000000800263E8] -> 0x1513
mem[X,0x00000000800263EA] -> 0x00A5
[4616] [M]: 0x00000000800263E8 (0x00A51513) slli a0, a0, 0xa
x10 <- 0xFFFFFFFF4AFB0C00
mem[X,0x00000000800263EC] -> 0x0513
mem[X,0x00000000800263EE] -> 0x0CD5
[4617] [M]: 0x00000000800263EC (0x0CD50513) addi a0, a0, 0xcd
x10 <- 0xFFFFFFFF4AFB0CCD
mem[X,0x00000000800263F0] -> 0x35B7
mem[X,0x00000000800263F2] -> 0x3333
[4618] [M]: 0x00000000800263F0 (0x333335B7) lui a1, 0x33333
x11 <- 0x0000000033333000
mem[X,0x00000000800263F4] -> 0x8593
mem[X,0x00000000800263F6] -> 0x3335
[4619] [M]: 0x00000000800263F4 (0x33358593) addi a1, a1, 0x333
x11 <- 0x0000000033333333
mem[X,0x00000000800263F8] -> 0x9593
mem[X,0x00000000800263FA] -> 0x00B5
[4620] [M]: 0x00000000800263F8 (0x00B59593) slli a1, a1, 0xb
x11 <- 0x0000019999999800
mem[X,0x00000000800263FC] -> 0x8593
mem[X,0x00000000800263FE] -> 0x1995
[4621] [M]: 0x00000000800263FC (0x19958593) addi a1, a1, 0x199
x11 <- 0x0000019999999999
mem[X,0x0000000080026400] -> 0x9593
mem[X,0x0000000080026402] -> 0x00B5
[4622] [M]: 0x0000000080026400 (0x00B59593) slli a1, a1, 0xb
x11 <- 0x000CCCCCCCCCC800
mem[X,0x0000000080026404] -> 0x8593
mem[X,0x0000000080026406] -> 0x4CC5
[4623] [M]: 0x0000000080026404 (0x4CC58593) addi a1, a1, 0x4cc
x11 <- 0x000CCCCCCCCCCCCC
mem[X,0x0000000080026408] -> 0x9593
mem[X,0x000000008002640A] -> 0x00A5
[4624] [M]: 0x0000000080026408 (0x00A59593) slli a1, a1, 0xa
x11 <- 0x3333333333333000
mem[X,0x000000008002640C] -> 0x8593
mem[X,0x000000008002640E] -> 0x3335
[4625] [M]: 0x000000008002640C (0x33358593) addi a1, a1, 0x333
x11 <- 0x3333333333333333
mem[X,0x0000000080026410] -> 0x0113
mem[X,0x0000000080026412] -> 0x0000
[4626] [M]: 0x0000000080026410 (0x00000113) addi sp, zero, 0x0
x2 <- 0x0000000000000000
mem[X,0x0000000080026414] -> 0x006F
mem[X,0x0000000080026416] -> 0x2B10
[4627] [M]: 0x0000000080026414 (0x2B10006F) jal zero, 0xab0
mem[X,0x0000000080026EC4] -> 0x4A63
mem[X,0x0000000080026EC6] -> 0xD4B5
[4628] [M]: 0x0000000080026EC4 (0xD4B54A63) blt a0, a1, -0xaac
mem[X,0x0000000080026418] -> 0x0113
mem[X,0x000000008002641A] -> 0x0011
[4629] [M]: 0x0000000080026418 (0x00110113) addi sp, sp, 0x1
x2 <- 0x0000000000000001
mem[X,0x000000008002641C] -> 0x006F
mem[X,0x000000008002641E] -> 0x2BD0
[4630] [M]: 0x000000008002641C (0x2BD0006F) jal zero, 0xabc
mem[X,0x0000000080026ED8] -> 0xB423
mem[X,0x0000000080026EDA] -> 0x1620
[4631] [M]: 0x0000000080026ED8 (0x1620B423) sd sp, 0x168(ra)
mem[0x000000008004FB40] <- 0x0000000000000001
mem[X,0x0000000080026EDC] -> 0x0537
mem[X,0x0000000080026EDE] -> 0x0000
[4632] [M]: 0x0000000080026EDC (0x00000537) lui a0, 0x0
x10 <- 0x0000000000000000
mem[X,0x0000000080026EE0] -> 0x0513
mem[X,0x0000000080026EE2] -> 0xFFF5
[4633] [M]: 0x0000000080026EE0 (0xFFF50513) addi a0, a0, -0x1
x10 <- 0xFFFFFFFFFFFFFFFF
mem[X,0x0000000080026EE4] -> 0x1513
mem[X,0x0000000080026EE6] -> 0x00B5
[4634] [M]: 0x0000000080026EE4 (0x00B51513) slli a0, a0, 0xb
x10 <- 0xFFFFFFFFFFFFF800
mem[X,0x0000000080026EE8] -> 0x0513
mem[X,0x0000000080026EEA] -> 0x2575
[4635] [M]: 0x0000000080026EE8 (0x25750513) addi a0, a0, 0x257
x10 <- 0xFFFFFFFFFFFFFA57
mem[X,0x0000000080026EEC] -> 0x1513
mem[X,0x0000000080026EEE] -> 0x00B5
[4636] [M]: 0x0000000080026EEC (0x00B51513) slli a0, a0, 0xb
x10 <- 0xFFFFFFFFFFD2B800
mem[X,0x0000000080026EF0] -> 0x0513
mem[X,0x0000000080026EF2] -> 0x6C35
[4637] [M]: 0x0000000080026EF0 (0x6C350513) addi a0, a0, 0x6c3
x10 <- 0xFFFFFFFFFFD2BEC3
mem[X,0x0000000080026EF4] -> 0x1513
mem[X,0x0000000080026EF6] -> 0x00A5
[4638] [M]: 0x0000000080026EF4 (0x00A51513) slli a0, a0, 0xa
x10 <- 0xFFFFFFFF4AFB0C00
mem[X,0x0000000080026EF8] -> 0x0513
mem[X,0x0000000080026EFA] -> 0x0CD5
[4639] [M]: 0x0000000080026EF8 (0x0CD50513) addi a0, a0, 0xcd
x10 <- 0xFFFFFFFF4AFB0CCD
mem[X,0x0000000080026EFC] -> 0x65B7
mem[X,0x0000000080026EFE] -> 0x6666
[4640] [M]: 0x0000000080026EFC (0x666665B7) lui a1, 0x66666
x11 <- 0x0000000066666000
mem[X,0x0000000080026F00] -> 0x8593
mem[X,0x0000000080026F02] -> 0x6665
[4641] [M]: 0x0000000080026F00 (0x66658593) addi a1, a1, 0x666
x11 <- 0x0000000066666666
mem[X,0x0000000080026F04] -> 0x9593
mem[X,0x0000000080026F06] -> 0x00B5
[4642] [M]: 0x0000000080026F04 (0x00B59593) slli a1, a1, 0xb
x11 <- 0x0000033333333000
mem[X,0x0000000080026F08] -> 0x8593
mem[X,0x0000000080026F0A] -> 0x3335
[4643] [M]: 0x0000000080026F08 (0x33358593) addi a1, a1, 0x333
x11 <- 0x0000033333333333
mem[X,0x0000000080026F0C] -> 0x9593
mem[X,0x0000000080026F0E] -> 0x00B5
[4644] [M]: 0x0000000080026F0C (0x00B59593) slli a1, a1, 0xb
x11 <- 0x0019999999999800
mem[X,0x0000000080026F10] -> 0x8593
mem[X,0x0000000080026F12] -> 0x1995
[4645] [M]: 0x0000000080026F10 (0x19958593) addi a1, a1, 0x199
x11 <- 0x0019999999999999
mem[X,0x0000000080026F14] -> 0x9593
mem[X,0x0000000080026F16] -> 0x00A5
[4646] [M]: 0x0000000080026F14 (0x00A59593) slli a1, a1, 0xa
x11 <- 0x6666666666666400
mem[X,0x0000000080026F18] -> 0x8593
mem[X,0x0000000080026F1A] -> 0x2665
[4647] [M]: 0x0000000080026F18 (0x26658593) addi a1, a1, 0x266
x11 <- 0x6666666666666666
mem[X,0x0000000080026F1C] -> 0x0113
mem[X,0x0000000080026F1E] -> 0x0000
[4648] [M]: 0x0000000080026F1C (0x00000113) addi sp, zero, 0x0
x2 <- 0x0000000000000000
mem[X,0x0000000080026F20] -> 0x006F
mem[X,0x0000000080026F22] -> 0x0140
[4649] [M]: 0x0000000080026F20 (0x0140006F) jal zero, 0x14
mem[X,0x0000000080026F34] -> 0x48E3
mem[X,0x0000000080026F36] -> 0xFEB5
[4650] [M]: 0x0000000080026F34 (0xFEB548E3) blt a0, a1, -0x10
mem[X,0x0000000080026F24] -> 0x0113
mem[X,0x0000000080026F26] -> 0x0011
[4651] [M]: 0x0000000080026F24 (0x00110113) addi sp, sp, 0x1
x2 <- 0x0000000000000001
mem[X,0x0000000080026F28] -> 0x006F
mem[X,0x0000000080026F2A] -> 0x0200
[4652] [M]: 0x0000000080026F28 (0x0200006F) jal zero, 0x20
mem[X,0x0000000080026F48] -> 0xB823
mem[X,0x0000000080026F4A] -> 0x1620
[4653] [M]: 0x0000000080026F48 (0x1620B823) sd sp, 0x170(ra)
mem[0x000000008004FB48] <- 0x0000000000000001
mem[X,0x0000000080026F4C] -> 0x0537
mem[X,0x0000000080026F4E] -> 0x0000
[4654] [M]: 0x0000000080026F4C (0x00000537) lui a0, 0x0
x10 <- 0x0000000000000000
mem[X,0x0000000080026F50] -> 0x0513
mem[X,0x0000000080026F52] -> 0xFFF5
[4655] [M]: 0x0000000080026F50 (0xFFF50513) addi a0, a0, -0x1
x10 <- 0xFFFFFFFFFFFFFFFF
mem[X,0x0000000080026F54] -> 0x1513
mem[X,0x0000000080026F56] -> 0x00B5
[4656] [M]: 0x0000000080026F54 (0x00B51513) slli a0, a0, 0xb
x10 <- 0xFFFFFFFFFFFFF800
mem[X,0x0000000080026F58] -> 0x0513
mem[X,0x0000000080026F5A] -> 0x2575
[4657] [M]: 0x0000000080026F58 (0x25750513) addi a0, a0, 0x257
x10 <- 0xFFFFFFFFFFFFFA57
mem[X,0x0000000080026F5C] -> 0x1513
mem[X,0x0000000080026F5E] -> 0x00B5
[4658] [M]: 0x0000000080026F5C (0x00B51513) slli a0, a0, 0xb
x10 <- 0xFFFFFFFFFFD2B800
mem[X,0x0000000080026F60] -> 0x0513
mem[X,0x0000000080026F62] -> 0x6C35
[4659] [M]: 0x0000000080026F60 (0x6C350513) addi a0, a0, 0x6c3
x10 <- 0xFFFFFFFFFFD2BEC3
mem[X,0x0000000080026F64] -> 0x1513
mem[X,0x0000000080026F66] -> 0x00A5
[4660] [M]: 0x0000000080026F64 (0x00A51513) slli a0, a0, 0xa
x10 <- 0xFFFFFFFF4AFB0C00
mem[X,0x0000000080026F68] -> 0x0513
mem[X,0x0000000080026F6A] -> 0x0CD5
[4661] [M]: 0x0000000080026F68 (0x0CD50513) addi a0, a0, 0xcd
x10 <- 0xFFFFFFFF4AFB0CCD
mem[X,0x0000000080026F6C] -> 0x05B7
mem[X,0x0000000080026F6E] -> 0x0000
[4662] [M]: 0x0000000080026F6C (0x000005B7) lui a1, 0x0
x11 <- 0x0000000000000000
mem[X,0x0000000080026F70] -> 0x8593
mem[X,0x0000000080026F72] -> 0xFFF5
[4663] [M]: 0x0000000080026F70 (0xFFF58593) addi a1, a1, -0x1
x11 <- 0xFFFFFFFFFFFFFFFF
mem[X,0x0000000080026F74] -> 0x9593
mem[X,0x0000000080026F76] -> 0x00B5
[4664] [M]: 0x0000000080026F74 (0x00B59593) slli a1, a1, 0xb
x11 <- 0xFFFFFFFFFFFFF800
mem[X,0x0000000080026F78] -> 0x8593
mem[X,0x0000000080026F7A] -> 0x2575
[4665] [M]: 0x0000000080026F78 (0x25758593) addi a1, a1, 0x257
x11 <- 0xFFFFFFFFFFFFFA57
mem[X,0x0000000080026F7C] -> 0x9593
mem[X,0x0000000080026F7E] -> 0x00B5
[4666] [M]: 0x0000000080026F7C (0x00B59593) slli a1, a1, 0xb
x11 <- 0xFFFFFFFFFFD2B800
mem[X,0x0000000080026F80] -> 0x8593
mem[X,0x0000000080026F82] -> 0x6C35
[4667] [M]: 0x0000000080026F80 (0x6C358593) addi a1, a1, 0x6c3
x11 <- 0xFFFFFFFFFFD2BEC3
mem[X,0x0000000080026F84] -> 0x9593
mem[X,0x0000000080026F86] -> 0x00A5
[4668] [M]: 0x0000000080026F84 (0x00A59593) slli a1, a1, 0xa
x11 <- 0xFFFFFFFF4AFB0C00
mem[X,0x0000000080026F88] -> 0x8593
mem[X,0x0000000080026F8A] -> 0x0CD5
[4669] [M]: 0x0000000080026F88 (0x0CD58593) addi a1, a1, 0xcd
x11 <- 0xFFFFFFFF4AFB0CCD
mem[X,0x0000000080026F8C] -> 0x0113
mem[X,0x0000000080026F8E] -> 0x0000
[4670] [M]: 0x0000000080026F8C (0x00000113) addi sp, zero, 0x0
x2 <- 0x0000000000000000
mem[X,0x0000000080026F90] -> 0x006F
mem[X,0x0000000080026F92] -> 0x00C0
[4671] [M]: 0x0000000080026F90 (0x00C0006F) jal zero, 0xc
mem[X,0x0000000080026F9C] -> 0x4CE3
mem[X,0x0000000080026F9E] -> 0xFEB5
[4672] [M]: 0x0000000080026F9C (0xFEB54CE3) blt a0, a1, -0x8
mem[X,0x0000000080026FA0] -> 0x0113
mem[X,0x0000000080026FA2] -> 0x0021
[4673] [M]: 0x0000000080026FA0 (0x00210113) addi sp, sp, 0x2
x2 <- 0x0000000000000002
mem[X,0x0000000080026FA4] -> 0x006F
mem[X,0x0000000080026FA6] -> 0x00C0
[4674] [M]: 0x0000000080026FA4 (0x00C0006F) jal zero, 0xc
mem[X,0x0000000080026FB0] -> 0xBC23
mem[X,0x0000000080026FB2] -> 0x1620
[4675] [M]: 0x0000000080026FB0 (0x1620BC23) sd sp, 0x178(ra)
mem[0x000000008004FB50] <- 0x0000000000000002
mem[X,0x0000000080026FB4] -> 0x0537
mem[X,0x0000000080026FB6] -> 0x0000
[4676] [M]: 0x0000000080026FB4 (0x00000537) lui a0, 0x0
x10 <- 0x0000000000000000
mem[X,0x0000000080026FB8] -> 0x0513
mem[X,0x0000000080026FBA] -> 0xFFF5
[4677] [M]: 0x0000000080026FB8 (0xFFF50513) addi a0, a0, -0x1
x10 <- 0xFFFFFFFFFFFFFFFF
mem[X,0x0000000080026FBC] -> 0x1513
mem[X,0x0000000080026FBE] -> 0x00B5
[4678] [M]: 0x0000000080026FBC (0x00B51513) slli a0, a0, 0xb
x10 <- 0xFFFFFFFFFFFFF800
mem[X,0x0000000080026FC0] -> 0x0513
mem[X,0x0000000080026FC2] -> 0x2575
[4679] [M]: 0x0000000080026FC0 (0x25750513) addi a0, a0, 0x257
x10 <- 0xFFFFFFFFFFFFFA57
mem[X,0x0000000080026FC4] -> 0x1513
mem[X,0x0000000080026FC6] -> 0x00B5
[4680] [M]: 0x0000000080026FC4 (0x00B51513) slli a0, a0, 0xb
x10 <- 0xFFFFFFFFFFD2B800
mem[X,0x0000000080026FC8] -> 0x0513
mem[X,0x0000000080026FCA] -> 0x6C35
[4681] [M]: 0x0000000080026FC8 (0x6C350513) addi a0, a0, 0x6c3
x10 <- 0xFFFFFFFFFFD2BEC3
mem[X,0x0000000080026FCC] -> 0x1513
mem[X,0x0000000080026FCE] -> 0x00A5
[4682] [M]: 0x0000000080026FCC (0x00A51513) slli a0, a0, 0xa
x10 <- 0xFFFFFFFF4AFB0C00
mem[X,0x0000000080026FD0] -> 0x0513
mem[X,0x0000000080026FD2] -> 0x0CD5
[4683] [M]: 0x0000000080026FD0 (0x0CD50513) addi a0, a0, 0xcd
x10 <- 0xFFFFFFFF4AFB0CCD
mem[X,0x0000000080026FD4] -> 0x05B7
mem[X,0x0000000080026FD6] -> 0x0000
[4684] [M]: 0x0000000080026FD4 (0x000005B7) lui a1, 0x0
x11 <- 0x0000000000000000
mem[X,0x0000000080026FD8] -> 0x8593
mem[X,0x0000000080026FDA] -> 0x0005
[4685] [M]: 0x0000000080026FD8 (0x00058593) addi a1, a1, 0x0
x11 <- 0x0000000000000000
mem[X,0x0000000080026FDC] -> 0x9593
mem[X,0x0000000080026FDE] -> 0x00B5
[4686] [M]: 0x0000000080026FDC (0x00B59593) slli a1, a1, 0xb
x11 <- 0x0000000000000000
mem[X,0x0000000080026FE0] -> 0x8593
mem[X,0x0000000080026FE2] -> 0x5A85
[4687] [M]: 0x0000000080026FE0 (0x5A858593) addi a1, a1, 0x5a8
x11 <- 0x00000000000005A8
mem[X,0x0000000080026FE4] -> 0x9593
mem[X,0x0000000080026FE6] -> 0x00B5
[4688] [M]: 0x0000000080026FE4 (0x00B59593) slli a1, a1, 0xb
x11 <- 0x00000000002D4000
mem[X,0x0000000080026FE8] -> 0x8593
mem[X,0x0000000080026FEA] -> 0x13C5
[4689] [M]: 0x0000000080026FE8 (0x13C58593) addi a1, a1, 0x13c
x11 <- 0x00000000002D413C
mem[X,0x0000000080026FEC] -> 0x9593
mem[X,0x0000000080026FEE] -> 0x00A5
[4690] [M]: 0x0000000080026FEC (0x00A59593) slli a1, a1, 0xa
x11 <- 0x00000000B504F000
mem[X,0x0000000080026FF0] -> 0x8593
mem[X,0x0000000080026FF2] -> 0x3335
[4691] [M]: 0x0000000080026FF0 (0x33358593) addi a1, a1, 0x333
x11 <- 0x00000000B504F333
mem[X,0x0000000080026FF4] -> 0x0113
mem[X,0x0000000080026FF6] -> 0x0000
[4692] [M]: 0x0000000080026FF4 (0x00000113) addi sp, zero, 0x0
x2 <- 0x0000000000000000
mem[X,0x0000000080026FF8] -> 0x006F
mem[X,0x0000000080026FFA] -> 0x0180
[4693] [M]: 0x0000000080026FF8 (0x0180006F) jal zero, 0x18
mem[X,0x0000000080027010] -> 0x46E3
mem[X,0x0000000080027012] -> 0xFEB5
[4694] [M]: 0x0000000080027010 (0xFEB546E3) blt a0, a1, -0x14
mem[X,0x0000000080026FFC] -> 0x0113
mem[X,0x0000000080026FFE] -> 0x0011
[4695] [M]: 0x0000000080026FFC (0x00110113) addi sp, sp, 0x1
x2 <- 0x0000000000000001
mem[X,0x0000000080027000] -> 0x006F
mem[X,0x0000000080027002] -> 0x0240
[4696] [M]: 0x0000000080027000 (0x0240006F) jal zero, 0x24
mem[X,0x0000000080027024] -> 0xB023
mem[X,0x0000000080027026] -> 0x1820
[4697] [M]: 0x0000000080027024 (0x1820B023) sd sp, 0x180(ra)
mem[0x000000008004FB58] <- 0x0000000000000001
mem[X,0x0000000080027028] -> 0x0537
mem[X,0x000000008002702A] -> 0x0000
[4698] [M]: 0x0000000080027028 (0x00000537) lui a0, 0x0
x10 <- 0x0000000000000000
mem[X,0x000000008002702C] -> 0x0513
mem[X,0x000000008002702E] -> 0xFFF5
[4699] [M]: 0x000000008002702C (0xFFF50513) addi a0, a0, -0x1
x10 <- 0xFFFFFFFFFFFFFFFF
clint::tick mtime <- 0x000000000000002F
 clint timer pending at mtime 0x000000000000002F
htif::tick 0x0000000000000000
mem[X,0x0000000080027030] -> 0x1513
mem[X,0x0000000080027032] -> 0x00B5
[4700] [M]: 0x0000000080027030 (0x00B51513) slli a0, a0, 0xb
x10 <- 0xFFFFFFFFFFFFF800
mem[X,0x0000000080027034] -> 0x0513
mem[X,0x0000000080027036] -> 0x2575
[4701] [M]: 0x0000000080027034 (0x25750513) addi a0, a0, 0x257
x10 <- 0xFFFFFFFFFFFFFA57
mem[X,0x0000000080027038] -> 0x1513
mem[X,0x000000008002703A] -> 0x00B5
[4702] [M]: 0x0000000080027038 (0x00B51513) slli a0, a0, 0xb
x10 <- 0xFFFFFFFFFFD2B800
mem[X,0x000000008002703C] -> 0x0513
mem[X,0x000000008002703E] -> 0x6C35
[4703] [M]: 0x000000008002703C (0x6C350513) addi a0, a0, 0x6c3
x10 <- 0xFFFFFFFFFFD2BEC3
mem[X,0x0000000080027040] -> 0x1513
mem[X,0x0000000080027042] -> 0x00A5
[4704] [M]: 0x0000000080027040 (0x00A51513) slli a0, a0, 0xa
x10 <- 0xFFFFFFFF4AFB0C00
mem[X,0x0000000080027044] -> 0x0513
mem[X,0x0000000080027046] -> 0x0CD5
[4705] [M]: 0x0000000080027044 (0x0CD50513) addi a0, a0, 0xcd
x10 <- 0xFFFFFFFF4AFB0CCD
mem[X,0x0000000080027048] -> 0x55B7
mem[X,0x000000008002704A] -> 0x5555
[4706] [M]: 0x0000000080027048 (0x555555B7) lui a1, 0x55555
x11 <- 0x0000000055555000
mem[X,0x000000008002704C] -> 0x8593
mem[X,0x000000008002704E] -> 0x5555
[4707] [M]: 0x000000008002704C (0x55558593) addi a1, a1, 0x555
x11 <- 0x0000000055555555
mem[X,0x0000000080027050] -> 0x9593
mem[X,0x0000000080027052] -> 0x00B5
[4708] [M]: 0x0000000080027050 (0x00B59593) slli a1, a1, 0xb
x11 <- 0x000002AAAAAAA800
mem[X,0x0000000080027054] -> 0x8593
mem[X,0x0000000080027056] -> 0x2AA5
[4709] [M]: 0x0000000080027054 (0x2AA58593) addi a1, a1, 0x2aa
x11 <- 0x000002AAAAAAAAAA
mem[X,0x0000000080027058] -> 0x9593
mem[X,0x000000008002705A] -> 0x00B5
[4710] [M]: 0x0000000080027058 (0x00B59593) slli a1, a1, 0xb
x11 <- 0x0015555555555000
mem[X,0x000000008002705C] -> 0x8593
mem[X,0x000000008002705E] -> 0x5555
[4711] [M]: 0x000000008002705C (0x55558593) addi a1, a1, 0x555
x11 <- 0x0015555555555555
mem[X,0x0000000080027060] -> 0x9593
mem[X,0x0000000080027062] -> 0x00A5
[4712] [M]: 0x0000000080027060 (0x00A59593) slli a1, a1, 0xa
x11 <- 0x5555555555555400
mem[X,0x0000000080027064] -> 0x8593
mem[X,0x0000000080027066] -> 0x1545
[4713] [M]: 0x0000000080027064 (0x15458593) addi a1, a1, 0x154
x11 <- 0x5555555555555554
mem[X,0x0000000080027068] -> 0x0113
mem[X,0x000000008002706A] -> 0x0000
[4714] [M]: 0x0000000080027068 (0x00000113) addi sp, zero, 0x0
x2 <- 0x0000000000000000
mem[X,0x000000008002706C] -> 0x006F
mem[X,0x000000008002706E] -> 0x0100
[4715] [M]: 0x000000008002706C (0x0100006F) jal zero, 0x10
mem[X,0x000000008002707C] -> 0x4AE3
mem[X,0x000000008002707E] -> 0xFEB5
[4716] [M]: 0x000000008002707C (0xFEB54AE3) blt a0, a1, -0xc
mem[X,0x0000000080027070] -> 0x0113
mem[X,0x0000000080027072] -> 0x0011
[4717] [M]: 0x0000000080027070 (0x00110113) addi sp, sp, 0x1
x2 <- 0x0000000000000001
mem[X,0x0000000080027074] -> 0x006F
mem[X,0x0000000080027076] -> 0x01C0
[4718] [M]: 0x0000000080027074 (0x01C0006F) jal zero, 0x1c
mem[X,0x0000000080027090] -> 0xB423
mem[X,0x0000000080027092] -> 0x1820
[4719] [M]: 0x0000000080027090 (0x1820B423) sd sp, 0x188(ra)
mem[0x000000008004FB60] <- 0x0000000000000001
mem[X,0x0000000080027094] -> 0x0537
mem[X,0x0000000080027096] -> 0x0000
[4720] [M]: 0x0000000080027094 (0x00000537) lui a0, 0x0
x10 <- 0x0000000000000000
mem[X,0x0000000080027098] -> 0x0513
mem[X,0x000000008002709A] -> 0xFFF5
[4721] [M]: 0x0000000080027098 (0xFFF50513) addi a0, a0, -0x1
x10 <- 0xFFFFFFFFFFFFFFFF
mem[X,0x000000008002709C] -> 0x1513
mem[X,0x000000008002709E] -> 0x00B5
[4722] [M]: 0x000000008002709C (0x00B51513) slli a0, a0, 0xb
x10 <- 0xFFFFFFFFFFFFF800
mem[X,0x00000000800270A0] -> 0x0513
mem[X,0x00000000800270A2] -> 0x2575
[4723] [M]: 0x00000000800270A0 (0x25750513) addi a0, a0, 0x257
x10 <- 0xFFFFFFFFFFFFFA57
mem[X,0x00000000800270A4] -> 0x1513
mem[X,0x00000000800270A6] -> 0x00B5
[4724] [M]: 0x00000000800270A4 (0x00B51513) slli a0, a0, 0xb
x10 <- 0xFFFFFFFFFFD2B800
mem[X,0x00000000800270A8] -> 0x0513
mem[X,0x00000000800270AA] -> 0x6C35
[4725] [M]: 0x00000000800270A8 (0x6C350513) addi a0, a0, 0x6c3
x10 <- 0xFFFFFFFFFFD2BEC3
mem[X,0x00000000800270AC] -> 0x1513
mem[X,0x00000000800270AE] -> 0x00A5
[4726] [M]: 0x00000000800270AC (0x00A51513) slli a0, a0, 0xa
x10 <- 0xFFFFFFFF4AFB0C00
mem[X,0x00000000800270B0] -> 0x0513
mem[X,0x00000000800270B2] -> 0x0CD5
[4727] [M]: 0x00000000800270B0 (0x0CD50513) addi a0, a0, 0xcd
x10 <- 0xFFFFFFFF4AFB0CCD
mem[X,0x00000000800270B4] -> 0x0593
mem[X,0x00000000800270B6] -> 0x0000
[4728] [M]: 0x00000000800270B4 (0x00000593) addi a1, zero, 0x0
x11 <- 0x0000000000000000
mem[X,0x00000000800270B8] -> 0x0113
mem[X,0x00000000800270BA] -> 0x0000
[4729] [M]: 0x00000000800270B8 (0x00000113) addi sp, zero, 0x0
x2 <- 0x0000000000000000
mem[X,0x00000000800270BC] -> 0x006F
mem[X,0x00000000800270BE] -> 0x0180
[4730] [M]: 0x00000000800270BC (0x0180006F) jal zero, 0x18
mem[X,0x00000000800270D4] -> 0x46E3
mem[X,0x00000000800270D6] -> 0xFEB5
[4731] [M]: 0x00000000800270D4 (0xFEB546E3) blt a0, a1, -0x14
mem[X,0x00000000800270C0] -> 0x0113
mem[X,0x00000000800270C2] -> 0x0011
[4732] [M]: 0x00000000800270C0 (0x00110113) addi sp, sp, 0x1
x2 <- 0x0000000000000001
mem[X,0x00000000800270C4] -> 0x006F
mem[X,0x00000000800270C6] -> 0x0240
[4733] [M]: 0x00000000800270C4 (0x0240006F) jal zero, 0x24
mem[X,0x00000000800270E8] -> 0xB823
mem[X,0x00000000800270EA] -> 0x1820
[4734] [M]: 0x00000000800270E8 (0x1820B823) sd sp, 0x190(ra)
mem[0x000000008004FB68] <- 0x0000000000000001
mem[X,0x00000000800270EC] -> 0x0537
mem[X,0x00000000800270EE] -> 0x0000
[4735] [M]: 0x00000000800270EC (0x00000537) lui a0, 0x0
x10 <- 0x0000000000000000
mem[X,0x00000000800270F0] -> 0x0513
mem[X,0x00000000800270F2] -> 0xFFF5
[4736] [M]: 0x00000000800270F0 (0xFFF50513) addi a0, a0, -0x1
x10 <- 0xFFFFFFFFFFFFFFFF
mem[X,0x00000000800270F4] -> 0x1513
mem[X,0x00000000800270F6] -> 0x00B5
[4737] [M]: 0x00000000800270F4 (0x00B51513) slli a0, a0, 0xb
x10 <- 0xFFFFFFFFFFFFF800
mem[X,0x00000000800270F8] -> 0x0513
mem[X,0x00000000800270FA] -> 0x2575
[4738] [M]: 0x00000000800270F8 (0x25750513) addi a0, a0, 0x257
x10 <- 0xFFFFFFFFFFFFFA57
mem[X,0x00000000800270FC] -> 0x1513
mem[X,0x00000000800270FE] -> 0x00B5
[4739] [M]: 0x00000000800270FC (0x00B51513) slli a0, a0, 0xb
x10 <- 0xFFFFFFFFFFD2B800
mem[X,0x0000000080027100] -> 0x0513
mem[X,0x0000000080027102] -> 0x6C35
[4740] [M]: 0x0000000080027100 (0x6C350513) addi a0, a0, 0x6c3
x10 <- 0xFFFFFFFFFFD2BEC3
mem[X,0x0000000080027104] -> 0x1513
mem[X,0x0000000080027106] -> 0x00A5
[4741] [M]: 0x0000000080027104 (0x00A51513) slli a0, a0, 0xa
x10 <- 0xFFFFFFFF4AFB0C00
mem[X,0x0000000080027108] -> 0x0513
mem[X,0x000000008002710A] -> 0x0CD5
[4742] [M]: 0x0000000080027108 (0x0CD50513) addi a0, a0, 0xcd
x10 <- 0xFFFFFFFF4AFB0CCD
mem[X,0x000000008002710C] -> 0x0593
mem[X,0x000000008002710E] -> 0x0040
[4743] [M]: 0x000000008002710C (0x00400593) addi a1, zero, 0x4
x11 <- 0x0000000000000004
mem[X,0x0000000080027110] -> 0x0113
mem[X,0x0000000080027112] -> 0x0000
[4744] [M]: 0x0000000080027110 (0x00000113) addi sp, zero, 0x0
x2 <- 0x0000000000000000
mem[X,0x0000000080027114] -> 0x006F
mem[X,0x0000000080027116] -> 0x00C0
[4745] [M]: 0x0000000080027114 (0x00C0006F) jal zero, 0xc
mem[X,0x0000000080027120] -> 0x4CE3
mem[X,0x0000000080027122] -> 0xFEB5
[4746] [M]: 0x0000000080027120 (0xFEB54CE3) blt a0, a1, -0x8
mem[X,0x0000000080027118] -> 0x0113
mem[X,0x000000008002711A] -> 0x0011
[4747] [M]: 0x0000000080027118 (0x00110113) addi sp, sp, 0x1
x2 <- 0x0000000000000001
mem[X,0x000000008002711C] -> 0x006F
mem[X,0x000000008002711E] -> 0x0180
[4748] [M]: 0x000000008002711C (0x0180006F) jal zero, 0x18
mem[X,0x0000000080027134] -> 0xBC23
mem[X,0x0000000080027136] -> 0x1820
[4749] [M]: 0x0000000080027134 (0x1820BC23) sd sp, 0x198(ra)
mem[0x000000008004FB70] <- 0x0000000000000001
mem[X,0x0000000080027138] -> 0x0537
mem[X,0x000000008002713A] -> 0x0000
[4750] [M]: 0x0000000080027138 (0x00000537) lui a0, 0x0
x10 <- 0x0000000000000000
mem[X,0x000000008002713C] -> 0x0513
mem[X,0x000000008002713E] -> 0xFFF5
[4751] [M]: 0x000000008002713C (0xFFF50513) addi a0, a0, -0x1
x10 <- 0xFFFFFFFFFFFFFFFF
mem[X,0x0000000080027140] -> 0x1513
mem[X,0x0000000080027142] -> 0x00B5
[4752] [M]: 0x0000000080027140 (0x00B51513) slli a0, a0, 0xb
x10 <- 0xFFFFFFFFFFFFF800
mem[X,0x0000000080027144] -> 0x0513
mem[X,0x0000000080027146] -> 0x2575
[4753] [M]: 0x0000000080027144 (0x25750513) addi a0, a0, 0x257
x10 <- 0xFFFFFFFFFFFFFA57
mem[X,0x0000000080027148] -> 0x1513
mem[X,0x000000008002714A] -> 0x00B5
[4754] [M]: 0x0000000080027148 (0x00B51513) slli a0, a0, 0xb
x10 <- 0xFFFFFFFFFFD2B800
mem[X,0x000000008002714C] -> 0x0513
mem[X,0x000000008002714E] -> 0x6C35
[4755] [M]: 0x000000008002714C (0x6C350513) addi a0, a0, 0x6c3
x10 <- 0xFFFFFFFFFFD2BEC3
mem[X,0x0000000080027150] -> 0x1513
mem[X,0x0000000080027152] -> 0x00A5
[4756] [M]: 0x0000000080027150 (0x00A51513) slli a0, a0, 0xa
x10 <- 0xFFFFFFFF4AFB0C00
mem[X,0x0000000080027154] -> 0x0513
mem[X,0x0000000080027156] -> 0x0CD5
[4757] [M]: 0x0000000080027154 (0x0CD50513) addi a0, a0, 0xcd
x10 <- 0xFFFFFFFF4AFB0CCD
mem[X,0x0000000080027158] -> 0x35B7
mem[X,0x000000008002715A] -> 0x3333
[4758] [M]: 0x0000000080027158 (0x333335B7) lui a1, 0x33333
x11 <- 0x0000000033333000
mem[X,0x000000008002715C] -> 0x8593
mem[X,0x000000008002715E] -> 0x3335
[4759] [M]: 0x000000008002715C (0x33358593) addi a1, a1, 0x333
x11 <- 0x0000000033333333
mem[X,0x0000000080027160] -> 0x9593
mem[X,0x0000000080027162] -> 0x00B5
[4760] [M]: 0x0000000080027160 (0x00B59593) slli a1, a1, 0xb
x11 <- 0x0000019999999800
mem[X,0x0000000080027164] -> 0x8593
mem[X,0x0000000080027166] -> 0x1995
[4761] [M]: 0x0000000080027164 (0x19958593) addi a1, a1, 0x199
x11 <- 0x0000019999999999
mem[X,0x0000000080027168] -> 0x9593
mem[X,0x000000008002716A] -> 0x00B5
[4762] [M]: 0x0000000080027168 (0x00B59593) slli a1, a1, 0xb
x11 <- 0x000CCCCCCCCCC800
mem[X,0x000000008002716C] -> 0x8593
mem[X,0x000000008002716E] -> 0x4CC5
[4763] [M]: 0x000000008002716C (0x4CC58593) addi a1, a1, 0x4cc
x11 <- 0x000CCCCCCCCCCCCC
mem[X,0x0000000080027170] -> 0x9593
mem[X,0x0000000080027172] -> 0x00A5
[4764] [M]: 0x0000000080027170 (0x00A59593) slli a1, a1, 0xa
x11 <- 0x3333333333333000
mem[X,0x0000000080027174] -> 0x8593
mem[X,0x0000000080027176] -> 0x3325
[4765] [M]: 0x0000000080027174 (0x33258593) addi a1, a1, 0x332
x11 <- 0x3333333333333332
mem[X,0x0000000080027178] -> 0x0113
mem[X,0x000000008002717A] -> 0x0000
[4766] [M]: 0x0000000080027178 (0x00000113) addi sp, zero, 0x0
x2 <- 0x0000000000000000
mem[X,0x000000008002717C] -> 0x006F
mem[X,0x000000008002717E] -> 0x00C0
[4767] [M]: 0x000000008002717C (0x00C0006F) jal zero, 0xc
mem[X,0x0000000080027188] -> 0x4063
mem[X,0x000000008002718A] -> 0x10B5
[4768] [M]: 0x0000000080027188 (0x10B54063) blt a0, a1, 0x100
mem[X,0x0000000080027288] -> 0x0113
mem[X,0x000000008002728A] -> 0x0031
[4769] [M]: 0x0000000080027288 (0x00310113) addi sp, sp, 0x3
x2 <- 0x0000000000000003
mem[X,0x000000008002728C] -> 0x006F
mem[X,0x000000008002728E] -> 0x0040
[4770] [M]: 0x000000008002728C (0x0040006F) jal zero, 0x4
mem[X,0x0000000080027290] -> 0xB023
mem[X,0x0000000080027292] -> 0x1A20
[4771] [M]: 0x0000000080027290 (0x1A20B023) sd sp, 0x1a0(ra)
mem[0x000000008004FB78] <- 0x0000000000000003
mem[X,0x0000000080027294] -> 0x0537
mem[X,0x0000000080027296] -> 0x0000
[4772] [M]: 0x0000000080027294 (0x00000537) lui a0, 0x0
x10 <- 0x0000000000000000
mem[X,0x0000000080027298] -> 0x0513
mem[X,0x000000008002729A] -> 0xFFF5
[4773] [M]: 0x0000000080027298 (0xFFF50513) addi a0, a0, -0x1
x10 <- 0xFFFFFFFFFFFFFFFF
mem[X,0x000000008002729C] -> 0x1513
mem[X,0x000000008002729E] -> 0x00B5
[4774] [M]: 0x000000008002729C (0x00B51513) slli a0, a0, 0xb
x10 <- 0xFFFFFFFFFFFFF800
mem[X,0x00000000800272A0] -> 0x0513
mem[X,0x00000000800272A2] -> 0x2575
[4775] [M]: 0x00000000800272A0 (0x25750513) addi a0, a0, 0x257
x10 <- 0xFFFFFFFFFFFFFA57
mem[X,0x00000000800272A4] -> 0x1513
mem[X,0x00000000800272A6] -> 0x00B5
[4776] [M]: 0x00000000800272A4 (0x00B51513) slli a0, a0, 0xb
x10 <- 0xFFFFFFFFFFD2B800
mem[X,0x00000000800272A8] -> 0x0513
mem[X,0x00000000800272AA] -> 0x6C35
[4777] [M]: 0x00000000800272A8 (0x6C350513) addi a0, a0, 0x6c3
x10 <- 0xFFFFFFFFFFD2BEC3
mem[X,0x00000000800272AC] -> 0x1513
mem[X,0x00000000800272AE] -> 0x00A5
[4778] [M]: 0x00000000800272AC (0x00A51513) slli a0, a0, 0xa
x10 <- 0xFFFFFFFF4AFB0C00
mem[X,0x00000000800272B0] -> 0x0513
mem[X,0x00000000800272B2] -> 0x0CD5
[4779] [M]: 0x00000000800272B0 (0x0CD50513) addi a0, a0, 0xcd
x10 <- 0xFFFFFFFF4AFB0CCD
mem[X,0x00000000800272B4] -> 0x65B7
mem[X,0x00000000800272B6] -> 0x6666
[4780] [M]: 0x00000000800272B4 (0x666665B7) lui a1, 0x66666
x11 <- 0x0000000066666000
mem[X,0x00000000800272B8] -> 0x8593
mem[X,0x00000000800272BA] -> 0x6665
[4781] [M]: 0x00000000800272B8 (0x66658593) addi a1, a1, 0x666
x11 <- 0x0000000066666666
mem[X,0x00000000800272BC] -> 0x9593
mem[X,0x00000000800272BE] -> 0x00B5
[4782] [M]: 0x00000000800272BC (0x00B59593) slli a1, a1, 0xb
x11 <- 0x0000033333333000
mem[X,0x00000000800272C0] -> 0x8593
mem[X,0x00000000800272C2] -> 0x3335
[4783] [M]: 0x00000000800272C0 (0x33358593) addi a1, a1, 0x333
x11 <- 0x0000033333333333
mem[X,0x00000000800272C4] -> 0x9593
mem[X,0x00000000800272C6] -> 0x00B5
[4784] [M]: 0x00000000800272C4 (0x00B59593) slli a1, a1, 0xb
x11 <- 0x0019999999999800
mem[X,0x00000000800272C8] -> 0x8593
mem[X,0x00000000800272CA] -> 0x1995
[4785] [M]: 0x00000000800272C8 (0x19958593) addi a1, a1, 0x199
x11 <- 0x0019999999999999
mem[X,0x00000000800272CC] -> 0x9593
mem[X,0x00000000800272CE] -> 0x00A5
[4786] [M]: 0x00000000800272CC (0x00A59593) slli a1, a1, 0xa
x11 <- 0x6666666666666400
mem[X,0x00000000800272D0] -> 0x8593
mem[X,0x00000000800272D2] -> 0x2655
[4787] [M]: 0x00000000800272D0 (0x26558593) addi a1, a1, 0x265
x11 <- 0x6666666666666665
mem[X,0x00000000800272D4] -> 0x0113
mem[X,0x00000000800272D6] -> 0x0000
[4788] [M]: 0x00000000800272D4 (0x00000113) addi sp, zero, 0x0
x2 <- 0x0000000000000000
mem[X,0x00000000800272D8] -> 0x006F
mem[X,0x00000000800272DA] -> 0x00C0
[4789] [M]: 0x00000000800272D8 (0x00C0006F) jal zero, 0xc
mem[X,0x00000000800272E4] -> 0x4CE3
mem[X,0x00000000800272E6] -> 0xFEB5
[4790] [M]: 0x00000000800272E4 (0xFEB54CE3) blt a0, a1, -0x8
mem[X,0x00000000800272DC] -> 0x0113
mem[X,0x00000000800272DE] -> 0x0011
[4791] [M]: 0x00000000800272DC (0x00110113) addi sp, sp, 0x1
x2 <- 0x0000000000000001
mem[X,0x00000000800272E0] -> 0x006F
mem[X,0x00000000800272E2] -> 0x0180
[4792] [M]: 0x00000000800272E0 (0x0180006F) jal zero, 0x18
mem[X,0x00000000800272F8] -> 0xB423
mem[X,0x00000000800272FA] -> 0x1A20
[4793] [M]: 0x00000000800272F8 (0x1A20B423) sd sp, 0x1a8(ra)
mem[0x000000008004FB80] <- 0x0000000000000001
mem[X,0x00000000800272FC] -> 0x0537
mem[X,0x00000000800272FE] -> 0x0000
[4794] [M]: 0x00000000800272FC (0x00000537) lui a0, 0x0
x10 <- 0x0000000000000000
mem[X,0x0000000080027300] -> 0x0513
mem[X,0x0000000080027302] -> 0xFFF5
[4795] [M]: 0x0000000080027300 (0xFFF50513) addi a0, a0, -0x1
x10 <- 0xFFFFFFFFFFFFFFFF
mem[X,0x0000000080027304] -> 0x1513
mem[X,0x0000000080027306] -> 0x00B5
[4796] [M]: 0x0000000080027304 (0x00B51513) slli a0, a0, 0xb
x10 <- 0xFFFFFFFFFFFFF800
mem[X,0x0000000080027308] -> 0x0513
mem[X,0x000000008002730A] -> 0x2575
[4797] [M]: 0x0000000080027308 (0x25750513) addi a0, a0, 0x257
x10 <- 0xFFFFFFFFFFFFFA57
mem[X,0x000000008002730C] -> 0x1513
mem[X,0x000000008002730E] -> 0x00B5
[4798] [M]: 0x000000008002730C (0x00B51513) slli a0, a0, 0xb
x10 <- 0xFFFFFFFFFFD2B800
mem[X,0x0000000080027310] -> 0x0513
mem[X,0x0000000080027312] -> 0x6C35
[4799] [M]: 0x0000000080027310 (0x6C350513) addi a0, a0, 0x6c3
x10 <- 0xFFFFFFFFFFD2BEC3
clint::tick mtime <- 0x0000000000000030
 clint timer pending at mtime 0x0000000000000030
htif::tick 0x0000000000000000
mem[X,0x0000000080027314] -> 0x1513
mem[X,0x0000000080027316] -> 0x00A5
[4800] [M]: 0x0000000080027314 (0x00A51513) slli a0, a0, 0xa
x10 <- 0xFFFFFFFF4AFB0C00
mem[X,0x0000000080027318] -> 0x0513
mem[X,0x000000008002731A] -> 0x0CD5
[4801] [M]: 0x0000000080027318 (0x0CD50513) addi a0, a0, 0xcd
x10 <- 0xFFFFFFFF4AFB0CCD
mem[X,0x000000008002731C] -> 0x05B7
mem[X,0x000000008002731E] -> 0x0000
[4802] [M]: 0x000000008002731C (0x000005B7) lui a1, 0x0
x11 <- 0x0000000000000000
mem[X,0x0000000080027320] -> 0x8593
mem[X,0x0000000080027322] -> 0x0005
[4803] [M]: 0x0000000080027320 (0x00058593) addi a1, a1, 0x0
x11 <- 0x0000000000000000
mem[X,0x0000000080027324] -> 0x9593
mem[X,0x0000000080027326] -> 0x00B5
[4804] [M]: 0x0000000080027324 (0x00B59593) slli a1, a1, 0xb
x11 <- 0x0000000000000000
mem[X,0x0000000080027328] -> 0x8593
mem[X,0x000000008002732A] -> 0x5A85
[4805] [M]: 0x0000000080027328 (0x5A858593) addi a1, a1, 0x5a8
x11 <- 0x00000000000005A8
mem[X,0x000000008002732C] -> 0x9593
mem[X,0x000000008002732E] -> 0x00B5
[4806] [M]: 0x000000008002732C (0x00B59593) slli a1, a1, 0xb
x11 <- 0x00000000002D4000
mem[X,0x0000000080027330] -> 0x8593
mem[X,0x0000000080027332] -> 0x13C5
[4807] [M]: 0x0000000080027330 (0x13C58593) addi a1, a1, 0x13c
x11 <- 0x00000000002D413C
mem[X,0x0000000080027334] -> 0x9593
mem[X,0x0000000080027336] -> 0x00A5
[4808] [M]: 0x0000000080027334 (0x00A59593) slli a1, a1, 0xa
x11 <- 0x00000000B504F000
mem[X,0x0000000080027338] -> 0x8593
mem[X,0x000000008002733A] -> 0x3325
[4809] [M]: 0x0000000080027338 (0x33258593) addi a1, a1, 0x332
x11 <- 0x00000000B504F332
mem[X,0x000000008002733C] -> 0x0113
mem[X,0x000000008002733E] -> 0x0000
[4810] [M]: 0x000000008002733C (0x00000113) addi sp, zero, 0x0
x2 <- 0x0000000000000000
mem[X,0x0000000080027340] -> 0x006F
mem[X,0x0000000080027342] -> 0x00C0
[4811] [M]: 0x0000000080027340 (0x00C0006F) jal zero, 0xc
mem[X,0x000000008002734C] -> 0x4063
mem[X,0x000000008002734E] -> 0x08B5
[4812] [M]: 0x000000008002734C (0x08B54063) blt a0, a1, 0x80
mem[X,0x00000000800273CC] -> 0x0113
mem[X,0x00000000800273CE] -> 0x0031
[4813] [M]: 0x00000000800273CC (0x00310113) addi sp, sp, 0x3
x2 <- 0x0000000000000003
mem[X,0x00000000800273D0] -> 0x006F
mem[X,0x00000000800273D2] -> 0x0040
[4814] [M]: 0x00000000800273D0 (0x0040006F) jal zero, 0x4
mem[X,0x00000000800273D4] -> 0xB823
mem[X,0x00000000800273D6] -> 0x1A20
[4815] [M]: 0x00000000800273D4 (0x1A20B823) sd sp, 0x1b0(ra)
mem[0x000000008004FB88] <- 0x0000000000000003
mem[X,0x00000000800273D8] -> 0x0537
mem[X,0x00000000800273DA] -> 0x0000
[4816] [M]: 0x00000000800273D8 (0x00000537) lui a0, 0x0
x10 <- 0x0000000000000000
mem[X,0x00000000800273DC] -> 0x0513
mem[X,0x00000000800273DE] -> 0xFFF5
[4817] [M]: 0x00000000800273DC (0xFFF50513) addi a0, a0, -0x1
x10 <- 0xFFFFFFFFFFFFFFFF
mem[X,0x00000000800273E0] -> 0x1513
mem[X,0x00000000800273E2] -> 0x00B5
[4818] [M]: 0x00000000800273E0 (0x00B51513) slli a0, a0, 0xb
x10 <- 0xFFFFFFFFFFFFF800
mem[X,0x00000000800273E4] -> 0x0513
mem[X,0x00000000800273E6] -> 0x2575
[4819] [M]: 0x00000000800273E4 (0x25750513) addi a0, a0, 0x257
x10 <- 0xFFFFFFFFFFFFFA57
mem[X,0x00000000800273E8] -> 0x1513
mem[X,0x00000000800273EA] -> 0x00B5
[4820] [M]: 0x00000000800273E8 (0x00B51513) slli a0, a0, 0xb
x10 <- 0xFFFFFFFFFFD2B800
mem[X,0x00000000800273EC] -> 0x0513
mem[X,0x00000000800273EE] -> 0x6C35
[4821] [M]: 0x00000000800273EC (0x6C350513) addi a0, a0, 0x6c3
x10 <- 0xFFFFFFFFFFD2BEC3
mem[X,0x00000000800273F0] -> 0x1513
mem[X,0x00000000800273F2] -> 0x00A5
[4822] [M]: 0x00000000800273F0 (0x00A51513) slli a0, a0, 0xa
x10 <- 0xFFFFFFFF4AFB0C00
mem[X,0x00000000800273F4] -> 0x0513
mem[X,0x00000000800273F6] -> 0x0CD5
[4823] [M]: 0x00000000800273F4 (0x0CD50513) addi a0, a0, 0xcd
x10 <- 0xFFFFFFFF4AFB0CCD
mem[X,0x00000000800273F8] -> 0x55B7
mem[X,0x00000000800273FA] -> 0x5555
[4824] [M]: 0x00000000800273F8 (0x555555B7) lui a1, 0x55555
x11 <- 0x0000000055555000
mem[X,0x00000000800273FC] -> 0x8593
mem[X,0x00000000800273FE] -> 0x5555
[4825] [M]: 0x00000000800273FC (0x55558593) addi a1, a1, 0x555
x11 <- 0x0000000055555555
mem[X,0x0000000080027400] -> 0x9593
mem[X,0x0000000080027402] -> 0x00B5
[4826] [M]: 0x0000000080027400 (0x00B59593) slli a1, a1, 0xb
x11 <- 0x000002AAAAAAA800
mem[X,0x0000000080027404] -> 0x8593
mem[X,0x0000000080027406] -> 0x2AA5
[4827] [M]: 0x0000000080027404 (0x2AA58593) addi a1, a1, 0x2aa
x11 <- 0x000002AAAAAAAAAA
mem[X,0x0000000080027408] -> 0x9593
mem[X,0x000000008002740A] -> 0x00B5
[4828] [M]: 0x0000000080027408 (0x00B59593) slli a1, a1, 0xb
x11 <- 0x0015555555555000
mem[X,0x000000008002740C] -> 0x8593
mem[X,0x000000008002740E] -> 0x5555
[4829] [M]: 0x000000008002740C (0x55558593) addi a1, a1, 0x555
x11 <- 0x0015555555555555
mem[X,0x0000000080027410] -> 0x9593
mem[X,0x0000000080027412] -> 0x00A5
[4830] [M]: 0x0000000080027410 (0x00A59593) slli a1, a1, 0xa
x11 <- 0x5555555555555400
mem[X,0x0000000080027414] -> 0x8593
mem[X,0x0000000080027416] -> 0x1565
[4831] [M]: 0x0000000080027414 (0x15658593) addi a1, a1, 0x156
x11 <- 0x5555555555555556
mem[X,0x0000000080027418] -> 0x0113
mem[X,0x000000008002741A] -> 0x0000
[4832] [M]: 0x0000000080027418 (0x00000113) addi sp, zero, 0x0
x2 <- 0x0000000000000000
mem[X,0x000000008002741C] -> 0x006F
mem[X,0x000000008002741E] -> 0x2B10
[4833] [M]: 0x000000008002741C (0x2B10006F) jal zero, 0xab0
mem[X,0x0000000080027ECC] -> 0x4A63
mem[X,0x0000000080027ECE] -> 0xD4B5
[4834] [M]: 0x0000000080027ECC (0xD4B54A63) blt a0, a1, -0xaac
mem[X,0x0000000080027420] -> 0x0113
mem[X,0x0000000080027422] -> 0x0011
[4835] [M]: 0x0000000080027420 (0x00110113) addi sp, sp, 0x1
x2 <- 0x0000000000000001
mem[X,0x0000000080027424] -> 0x006F
mem[X,0x0000000080027426] -> 0x2BD0
[4836] [M]: 0x0000000080027424 (0x2BD0006F) jal zero, 0xabc
mem[X,0x0000000080027EE0] -> 0xBC23
mem[X,0x0000000080027EE2] -> 0x1A20
[4837] [M]: 0x0000000080027EE0 (0x1A20BC23) sd sp, 0x1b8(ra)
mem[0x000000008004FB90] <- 0x0000000000000001
mem[X,0x0000000080027EE4] -> 0x0537
mem[X,0x0000000080027EE6] -> 0x0000
[4838] [M]: 0x0000000080027EE4 (0x00000537) lui a0, 0x0
x10 <- 0x0000000000000000
mem[X,0x0000000080027EE8] -> 0x0513
mem[X,0x0000000080027EEA] -> 0xFFF5
[4839] [M]: 0x0000000080027EE8 (0xFFF50513) addi a0, a0, -0x1
x10 <- 0xFFFFFFFFFFFFFFFF
mem[X,0x0000000080027EEC] -> 0x1513
mem[X,0x0000000080027EEE] -> 0x00B5
[4840] [M]: 0x0000000080027EEC (0x00B51513) slli a0, a0, 0xb
x10 <- 0xFFFFFFFFFFFFF800
mem[X,0x0000000080027EF0] -> 0x0513
mem[X,0x0000000080027EF2] -> 0x2575
[4841] [M]: 0x0000000080027EF0 (0x25750513) addi a0, a0, 0x257
x10 <- 0xFFFFFFFFFFFFFA57
mem[X,0x0000000080027EF4] -> 0x1513
mem[X,0x0000000080027EF6] -> 0x00B5
[4842] [M]: 0x0000000080027EF4 (0x00B51513) slli a0, a0, 0xb
x10 <- 0xFFFFFFFFFFD2B800
mem[X,0x0000000080027EF8] -> 0x0513
mem[X,0x0000000080027EFA] -> 0x6C35
[4843] [M]: 0x0000000080027EF8 (0x6C350513) addi a0, a0, 0x6c3
x10 <- 0xFFFFFFFFFFD2BEC3
mem[X,0x0000000080027EFC] -> 0x1513
mem[X,0x0000000080027EFE] -> 0x00A5
[4844] [M]: 0x0000000080027EFC (0x00A51513) slli a0, a0, 0xa
x10 <- 0xFFFFFFFF4AFB0C00
mem[X,0x0000000080027F00] -> 0x0513
mem[X,0x0000000080027F02] -> 0x0CD5
[4845] [M]: 0x0000000080027F00 (0x0CD50513) addi a0, a0, 0xcd
x10 <- 0xFFFFFFFF4AFB0CCD
mem[X,0x0000000080027F04] -> 0xB5B7
mem[X,0x0000000080027F06] -> 0xAAAA
[4846] [M]: 0x0000000080027F04 (0xAAAAB5B7) lui a1, -0x55555
x11 <- 0xFFFFFFFFAAAAB000
mem[X,0x0000000080027F08] -> 0x8593
mem[X,0x0000000080027F0A] -> 0xAAA5
[4847] [M]: 0x0000000080027F08 (0xAAA58593) addi a1, a1, -0x556
x11 <- 0xFFFFFFFFAAAAAAAA
mem[X,0x0000000080027F0C] -> 0x9593
mem[X,0x0000000080027F0E] -> 0x00B5
[4848] [M]: 0x0000000080027F0C (0x00B59593) slli a1, a1, 0xb
x11 <- 0xFFFFFD5555555000
mem[X,0x0000000080027F10] -> 0x8593
mem[X,0x0000000080027F12] -> 0x5555
[4849] [M]: 0x0000000080027F10 (0x55558593) addi a1, a1, 0x555
x11 <- 0xFFFFFD5555555555
mem[X,0x0000000080027F14] -> 0x9593
mem[X,0x0000000080027F16] -> 0x00B5
[4850] [M]: 0x0000000080027F14 (0x00B59593) slli a1, a1, 0xb
x11 <- 0xFFEAAAAAAAAAA800
mem[X,0x0000000080027F18] -> 0x8593
mem[X,0x0000000080027F1A] -> 0x2AA5
[4851] [M]: 0x0000000080027F18 (0x2AA58593) addi a1, a1, 0x2aa
x11 <- 0xFFEAAAAAAAAAAAAA
mem[X,0x0000000080027F1C] -> 0x9593
mem[X,0x0000000080027F1E] -> 0x00A5
[4852] [M]: 0x0000000080027F1C (0x00A59593) slli a1, a1, 0xa
x11 <- 0xAAAAAAAAAAAAA800
mem[X,0x0000000080027F20] -> 0x8593
mem[X,0x0000000080027F22] -> 0x2AB5
[4853] [M]: 0x0000000080027F20 (0x2AB58593) addi a1, a1, 0x2ab
x11 <- 0xAAAAAAAAAAAAAAAB
mem[X,0x0000000080027F24] -> 0x0113
mem[X,0x0000000080027F26] -> 0x0000
[4854] [M]: 0x0000000080027F24 (0x00000113) addi sp, zero, 0x0
x2 <- 0x0000000000000000
mem[X,0x0000000080027F28] -> 0x006F
mem[X,0x0000000080027F2A] -> 0x0180
[4855] [M]: 0x0000000080027F28 (0x0180006F) jal zero, 0x18
mem[X,0x0000000080027F40] -> 0x46E3
mem[X,0x0000000080027F42] -> 0xFEB5
[4856] [M]: 0x0000000080027F40 (0xFEB546E3) blt a0, a1, -0x14
mem[X,0x0000000080027F44] -> 0x0113
mem[X,0x0000000080027F46] -> 0x0021
[4857] [M]: 0x0000000080027F44 (0x00210113) addi sp, sp, 0x2
x2 <- 0x0000000000000002
mem[X,0x0000000080027F48] -> 0x006F
mem[X,0x0000000080027F4A] -> 0x00C0
[4858] [M]: 0x0000000080027F48 (0x00C0006F) jal zero, 0xc
mem[X,0x0000000080027F54] -> 0xB023
mem[X,0x0000000080027F56] -> 0x1C20
[4859] [M]: 0x0000000080027F54 (0x1C20B023) sd sp, 0x1c0(ra)
mem[0x000000008004FB98] <- 0x0000000000000002
mem[X,0x0000000080027F58] -> 0x0537
mem[X,0x0000000080027F5A] -> 0x0000
[4860] [M]: 0x0000000080027F58 (0x00000537) lui a0, 0x0
x10 <- 0x0000000000000000
mem[X,0x0000000080027F5C] -> 0x0513
mem[X,0x0000000080027F5E] -> 0xFFF5
[4861] [M]: 0x0000000080027F5C (0xFFF50513) addi a0, a0, -0x1
x10 <- 0xFFFFFFFFFFFFFFFF
mem[X,0x0000000080027F60] -> 0x1513
mem[X,0x0000000080027F62] -> 0x00B5
[4862] [M]: 0x0000000080027F60 (0x00B51513) slli a0, a0, 0xb
x10 <- 0xFFFFFFFFFFFFF800
mem[X,0x0000000080027F64] -> 0x0513
mem[X,0x0000000080027F66] -> 0x2575
[4863] [M]: 0x0000000080027F64 (0x25750513) addi a0, a0, 0x257
x10 <- 0xFFFFFFFFFFFFFA57
mem[X,0x0000000080027F68] -> 0x1513
mem[X,0x0000000080027F6A] -> 0x00B5
[4864] [M]: 0x0000000080027F68 (0x00B51513) slli a0, a0, 0xb
x10 <- 0xFFFFFFFFFFD2B800
mem[X,0x0000000080027F6C] -> 0x0513
mem[X,0x0000000080027F6E] -> 0x6C35
[4865] [M]: 0x0000000080027F6C (0x6C350513) addi a0, a0, 0x6c3
x10 <- 0xFFFFFFFFFFD2BEC3
mem[X,0x0000000080027F70] -> 0x1513
mem[X,0x0000000080027F72] -> 0x00A5
[4866] [M]: 0x0000000080027F70 (0x00A51513) slli a0, a0, 0xa
x10 <- 0xFFFFFFFF4AFB0C00
mem[X,0x0000000080027F74] -> 0x0513
mem[X,0x0000000080027F76] -> 0x0CD5
[4867] [M]: 0x0000000080027F74 (0x0CD50513) addi a0, a0, 0xcd
x10 <- 0xFFFFFFFF4AFB0CCD
mem[X,0x0000000080027F78] -> 0x0593
mem[X,0x0000000080027F7A] -> 0x0060
[4868] [M]: 0x0000000080027F78 (0x00600593) addi a1, zero, 0x6
x11 <- 0x0000000000000006
mem[X,0x0000000080027F7C] -> 0x0113
mem[X,0x0000000080027F7E] -> 0x0000
[4869] [M]: 0x0000000080027F7C (0x00000113) addi sp, zero, 0x0
x2 <- 0x0000000000000000
mem[X,0x0000000080027F80] -> 0x006F
mem[X,0x0000000080027F82] -> 0x00C0
[4870] [M]: 0x0000000080027F80 (0x00C0006F) jal zero, 0xc
mem[X,0x0000000080027F8C] -> 0x4663
mem[X,0x0000000080027F8E] -> 0x00B5
[4871] [M]: 0x0000000080027F8C (0x00B54663) blt a0, a1, 0xc
mem[X,0x0000000080027F98] -> 0x0113
mem[X,0x0000000080027F9A] -> 0x0031
[4872] [M]: 0x0000000080027F98 (0x00310113) addi sp, sp, 0x3
x2 <- 0x0000000000000003
mem[X,0x0000000080027F9C] -> 0x006F
mem[X,0x0000000080027F9E] -> 0x0040
[4873] [M]: 0x0000000080027F9C (0x0040006F) jal zero, 0x4
mem[X,0x0000000080027FA0] -> 0xB423
mem[X,0x0000000080027FA2] -> 0x1C20
[4874] [M]: 0x0000000080027FA0 (0x1C20B423) sd sp, 0x1c8(ra)
mem[0x000000008004FBA0] <- 0x0000000000000003
mem[X,0x0000000080027FA4] -> 0x0537
mem[X,0x0000000080027FA6] -> 0x0000
[4875] [M]: 0x0000000080027FA4 (0x00000537) lui a0, 0x0
x10 <- 0x0000000000000000
mem[X,0x0000000080027FA8] -> 0x0513
mem[X,0x0000000080027FAA] -> 0xFFF5
[4876] [M]: 0x0000000080027FA8 (0xFFF50513) addi a0, a0, -0x1
x10 <- 0xFFFFFFFFFFFFFFFF
mem[X,0x0000000080027FAC] -> 0x1513
mem[X,0x0000000080027FAE] -> 0x00B5
[4877] [M]: 0x0000000080027FAC (0x00B51513) slli a0, a0, 0xb
x10 <- 0xFFFFFFFFFFFFF800
mem[X,0x0000000080027FB0] -> 0x0513
mem[X,0x0000000080027FB2] -> 0x2575
[4878] [M]: 0x0000000080027FB0 (0x25750513) addi a0, a0, 0x257
x10 <- 0xFFFFFFFFFFFFFA57
mem[X,0x0000000080027FB4] -> 0x1513
mem[X,0x0000000080027FB6] -> 0x00B5
[4879] [M]: 0x0000000080027FB4 (0x00B51513) slli a0, a0, 0xb
x10 <- 0xFFFFFFFFFFD2B800
mem[X,0x0000000080027FB8] -> 0x0513
mem[X,0x0000000080027FBA] -> 0x6C35
[4880] [M]: 0x0000000080027FB8 (0x6C350513) addi a0, a0, 0x6c3
x10 <- 0xFFFFFFFFFFD2BEC3
mem[X,0x0000000080027FBC] -> 0x1513
mem[X,0x0000000080027FBE] -> 0x00A5
[4881] [M]: 0x0000000080027FBC (0x00A51513) slli a0, a0, 0xa
x10 <- 0xFFFFFFFF4AFB0C00
mem[X,0x0000000080027FC0] -> 0x0513
mem[X,0x0000000080027FC2] -> 0x0CD5
[4882] [M]: 0x0000000080027FC0 (0x0CD50513) addi a0, a0, 0xcd
x10 <- 0xFFFFFFFF4AFB0CCD
mem[X,0x0000000080027FC4] -> 0x35B7
mem[X,0x0000000080027FC6] -> 0x3333
[4883] [M]: 0x0000000080027FC4 (0x333335B7) lui a1, 0x33333
x11 <- 0x0000000033333000
mem[X,0x0000000080027FC8] -> 0x8593
mem[X,0x0000000080027FCA] -> 0x3335
[4884] [M]: 0x0000000080027FC8 (0x33358593) addi a1, a1, 0x333
x11 <- 0x0000000033333333
mem[X,0x0000000080027FCC] -> 0x9593
mem[X,0x0000000080027FCE] -> 0x00B5
[4885] [M]: 0x0000000080027FCC (0x00B59593) slli a1, a1, 0xb
x11 <- 0x0000019999999800
mem[X,0x0000000080027FD0] -> 0x8593
mem[X,0x0000000080027FD2] -> 0x1995
[4886] [M]: 0x0000000080027FD0 (0x19958593) addi a1, a1, 0x199
x11 <- 0x0000019999999999
mem[X,0x0000000080027FD4] -> 0x9593
mem[X,0x0000000080027FD6] -> 0x00B5
[4887] [M]: 0x0000000080027FD4 (0x00B59593) slli a1, a1, 0xb
x11 <- 0x000CCCCCCCCCC800
mem[X,0x0000000080027FD8] -> 0x8593
mem[X,0x0000000080027FDA] -> 0x4CC5
[4888] [M]: 0x0000000080027FD8 (0x4CC58593) addi a1, a1, 0x4cc
x11 <- 0x000CCCCCCCCCCCCC
mem[X,0x0000000080027FDC] -> 0x9593
mem[X,0x0000000080027FDE] -> 0x00A5
[4889] [M]: 0x0000000080027FDC (0x00A59593) slli a1, a1, 0xa
x11 <- 0x3333333333333000
mem[X,0x0000000080027FE0] -> 0x8593
mem[X,0x0000000080027FE2] -> 0x3345
[4890] [M]: 0x0000000080027FE0 (0x33458593) addi a1, a1, 0x334
x11 <- 0x3333333333333334
mem[X,0x0000000080027FE4] -> 0x0113
mem[X,0x0000000080027FE6] -> 0x0000
[4891] [M]: 0x0000000080027FE4 (0x00000113) addi sp, zero, 0x0
x2 <- 0x0000000000000000
mem[X,0x0000000080027FE8] -> 0x006F
mem[X,0x0000000080027FEA] -> 0x00C0
[4892] [M]: 0x0000000080027FE8 (0x00C0006F) jal zero, 0xc
mem[X,0x0000000080027FF4] -> 0x4663
mem[X,0x0000000080027FF6] -> 0x00B5
[4893] [M]: 0x0000000080027FF4 (0x00B54663) blt a0, a1, 0xc
mem[X,0x0000000080028000] -> 0x0113
mem[X,0x0000000080028002] -> 0x0031
[4894] [M]: 0x0000000080028000 (0x00310113) addi sp, sp, 0x3
x2 <- 0x0000000000000003
mem[X,0x0000000080028004] -> 0x006F
mem[X,0x0000000080028006] -> 0x0040
[4895] [M]: 0x0000000080028004 (0x0040006F) jal zero, 0x4
mem[X,0x0000000080028008] -> 0xB823
mem[X,0x000000008002800A] -> 0x1C20
[4896] [M]: 0x0000000080028008 (0x1C20B823) sd sp, 0x1d0(ra)
mem[0x000000008004FBA8] <- 0x0000000000000003
mem[X,0x000000008002800C] -> 0x0537
mem[X,0x000000008002800E] -> 0x0000
[4897] [M]: 0x000000008002800C (0x00000537) lui a0, 0x0
x10 <- 0x0000000000000000
mem[X,0x0000000080028010] -> 0x0513
mem[X,0x0000000080028012] -> 0xFFF5
[4898] [M]: 0x0000000080028010 (0xFFF50513) addi a0, a0, -0x1
x10 <- 0xFFFFFFFFFFFFFFFF
mem[X,0x0000000080028014] -> 0x1513
mem[X,0x0000000080028016] -> 0x00B5
[4899] [M]: 0x0000000080028014 (0x00B51513) slli a0, a0, 0xb
x10 <- 0xFFFFFFFFFFFFF800
clint::tick mtime <- 0x0000000000000031
 clint timer pending at mtime 0x0000000000000031
htif::tick 0x0000000000000000
mem[X,0x0000000080028018] -> 0x0513
mem[X,0x000000008002801A] -> 0x2575
[4900] [M]: 0x0000000080028018 (0x25750513) addi a0, a0, 0x257
x10 <- 0xFFFFFFFFFFFFFA57
mem[X,0x000000008002801C] -> 0x1513
mem[X,0x000000008002801E] -> 0x00B5
[4901] [M]: 0x000000008002801C (0x00B51513) slli a0, a0, 0xb
x10 <- 0xFFFFFFFFFFD2B800
mem[X,0x0000000080028020] -> 0x0513
mem[X,0x0000000080028022] -> 0x6C35
[4902] [M]: 0x0000000080028020 (0x6C350513) addi a0, a0, 0x6c3
x10 <- 0xFFFFFFFFFFD2BEC3
mem[X,0x0000000080028024] -> 0x1513
mem[X,0x0000000080028026] -> 0x00A5
[4903] [M]: 0x0000000080028024 (0x00A51513) slli a0, a0, 0xa
x10 <- 0xFFFFFFFF4AFB0C00
mem[X,0x0000000080028028] -> 0x0513
mem[X,0x000000008002802A] -> 0x0CD5
[4904] [M]: 0x0000000080028028 (0x0CD50513) addi a0, a0, 0xcd
x10 <- 0xFFFFFFFF4AFB0CCD
mem[X,0x000000008002802C] -> 0x65B7
mem[X,0x000000008002802E] -> 0x6666
[4905] [M]: 0x000000008002802C (0x666665B7) lui a1, 0x66666
x11 <- 0x0000000066666000
mem[X,0x0000000080028030] -> 0x8593
mem[X,0x0000000080028032] -> 0x6665
[4906] [M]: 0x0000000080028030 (0x66658593) addi a1, a1, 0x666
x11 <- 0x0000000066666666
mem[X,0x0000000080028034] -> 0x9593
mem[X,0x0000000080028036] -> 0x00B5
[4907] [M]: 0x0000000080028034 (0x00B59593) slli a1, a1, 0xb
x11 <- 0x0000033333333000
mem[X,0x0000000080028038] -> 0x8593
mem[X,0x000000008002803A] -> 0x3335
[4908] [M]: 0x0000000080028038 (0x33358593) addi a1, a1, 0x333
x11 <- 0x0000033333333333
mem[X,0x000000008002803C] -> 0x9593
mem[X,0x000000008002803E] -> 0x00B5
[4909] [M]: 0x000000008002803C (0x00B59593) slli a1, a1, 0xb
x11 <- 0x0019999999999800
mem[X,0x0000000080028040] -> 0x8593
mem[X,0x0000000080028042] -> 0x1995
[4910] [M]: 0x0000000080028040 (0x19958593) addi a1, a1, 0x199
x11 <- 0x0019999999999999
mem[X,0x0000000080028044] -> 0x9593
mem[X,0x0000000080028046] -> 0x00A5
[4911] [M]: 0x0000000080028044 (0x00A59593) slli a1, a1, 0xa
x11 <- 0x6666666666666400
mem[X,0x0000000080028048] -> 0x8593
mem[X,0x000000008002804A] -> 0x2675
[4912] [M]: 0x0000000080028048 (0x26758593) addi a1, a1, 0x267
x11 <- 0x6666666666666667
mem[X,0x000000008002804C] -> 0x0113
mem[X,0x000000008002804E] -> 0x0000
[4913] [M]: 0x000000008002804C (0x00000113) addi sp, zero, 0x0
x2 <- 0x0000000000000000
mem[X,0x0000000080028050] -> 0x006F
mem[X,0x0000000080028052] -> 0x2B10
[4914] [M]: 0x0000000080028050 (0x2B10006F) jal zero, 0xab0
mem[X,0x0000000080028B00] -> 0x4A63
mem[X,0x0000000080028B02] -> 0xD4B5
[4915] [M]: 0x0000000080028B00 (0xD4B54A63) blt a0, a1, -0xaac
mem[X,0x0000000080028054] -> 0x0113
mem[X,0x0000000080028056] -> 0x0011
[4916] [M]: 0x0000000080028054 (0x00110113) addi sp, sp, 0x1
x2 <- 0x0000000000000001
mem[X,0x0000000080028058] -> 0x006F
mem[X,0x000000008002805A] -> 0x2BD0
[4917] [M]: 0x0000000080028058 (0x2BD0006F) jal zero, 0xabc
mem[X,0x0000000080028B14] -> 0xBC23
mem[X,0x0000000080028B16] -> 0x1C20
[4918] [M]: 0x0000000080028B14 (0x1C20BC23) sd sp, 0x1d8(ra)
mem[0x000000008004FBB0] <- 0x0000000000000001
mem[X,0x0000000080028B18] -> 0x0537
mem[X,0x0000000080028B1A] -> 0x0000
[4919] [M]: 0x0000000080028B18 (0x00000537) lui a0, 0x0
x10 <- 0x0000000000000000
mem[X,0x0000000080028B1C] -> 0x0513
mem[X,0x0000000080028B1E] -> 0xFFF5
[4920] [M]: 0x0000000080028B1C (0xFFF50513) addi a0, a0, -0x1
x10 <- 0xFFFFFFFFFFFFFFFF
mem[X,0x0000000080028B20] -> 0x1513
mem[X,0x0000000080028B22] -> 0x00B5
[4921] [M]: 0x0000000080028B20 (0x00B51513) slli a0, a0, 0xb
x10 <- 0xFFFFFFFFFFFFF800
mem[X,0x0000000080028B24] -> 0x0513
mem[X,0x0000000080028B26] -> 0x2575
[4922] [M]: 0x0000000080028B24 (0x25750513) addi a0, a0, 0x257
x10 <- 0xFFFFFFFFFFFFFA57
mem[X,0x0000000080028B28] -> 0x1513
mem[X,0x0000000080028B2A] -> 0x00B5
[4923] [M]: 0x0000000080028B28 (0x00B51513) slli a0, a0, 0xb
x10 <- 0xFFFFFFFFFFD2B800
mem[X,0x0000000080028B2C] -> 0x0513
mem[X,0x0000000080028B2E] -> 0x6C35
[4924] [M]: 0x0000000080028B2C (0x6C350513) addi a0, a0, 0x6c3
x10 <- 0xFFFFFFFFFFD2BEC3
mem[X,0x0000000080028B30] -> 0x1513
mem[X,0x0000000080028B32] -> 0x00A5
[4925] [M]: 0x0000000080028B30 (0x00A51513) slli a0, a0, 0xa
x10 <- 0xFFFFFFFF4AFB0C00
mem[X,0x0000000080028B34] -> 0x0513
mem[X,0x0000000080028B36] -> 0x0CD5
[4926] [M]: 0x0000000080028B34 (0x0CD50513) addi a0, a0, 0xcd
x10 <- 0xFFFFFFFF4AFB0CCD
mem[X,0x0000000080028B38] -> 0x05B7
mem[X,0x0000000080028B3A] -> 0x0000
[4927] [M]: 0x0000000080028B38 (0x000005B7) lui a1, 0x0
x11 <- 0x0000000000000000
mem[X,0x0000000080028B3C] -> 0x8593
mem[X,0x0000000080028B3E] -> 0xFFF5
[4928] [M]: 0x0000000080028B3C (0xFFF58593) addi a1, a1, -0x1
x11 <- 0xFFFFFFFFFFFFFFFF
mem[X,0x0000000080028B40] -> 0x9593
mem[X,0x0000000080028B42] -> 0x00B5
[4929] [M]: 0x0000000080028B40 (0x00B59593) slli a1, a1, 0xb
x11 <- 0xFFFFFFFFFFFFF800
mem[X,0x0000000080028B44] -> 0x8593
mem[X,0x0000000080028B46] -> 0x2575
[4930] [M]: 0x0000000080028B44 (0x25758593) addi a1, a1, 0x257
x11 <- 0xFFFFFFFFFFFFFA57
mem[X,0x0000000080028B48] -> 0x9593
mem[X,0x0000000080028B4A] -> 0x00B5
[4931] [M]: 0x0000000080028B48 (0x00B59593) slli a1, a1, 0xb
x11 <- 0xFFFFFFFFFFD2B800
mem[X,0x0000000080028B4C] -> 0x8593
mem[X,0x0000000080028B4E] -> 0x6C35
[4932] [M]: 0x0000000080028B4C (0x6C358593) addi a1, a1, 0x6c3
x11 <- 0xFFFFFFFFFFD2BEC3
mem[X,0x0000000080028B50] -> 0x9593
mem[X,0x0000000080028B52] -> 0x00A5
[4933] [M]: 0x0000000080028B50 (0x00A59593) slli a1, a1, 0xa
x11 <- 0xFFFFFFFF4AFB0C00
mem[X,0x0000000080028B54] -> 0x8593
mem[X,0x0000000080028B56] -> 0x0CE5
[4934] [M]: 0x0000000080028B54 (0x0CE58593) addi a1, a1, 0xce
x11 <- 0xFFFFFFFF4AFB0CCE
mem[X,0x0000000080028B58] -> 0x0113
mem[X,0x0000000080028B5A] -> 0x0000
[4935] [M]: 0x0000000080028B58 (0x00000113) addi sp, zero, 0x0
x2 <- 0x0000000000000000
mem[X,0x0000000080028B5C] -> 0x006F
mem[X,0x0000000080028B5E] -> 0x00C0
[4936] [M]: 0x0000000080028B5C (0x00C0006F) jal zero, 0xc
mem[X,0x0000000080028B68] -> 0x4063
mem[X,0x0000000080028B6A] -> 0x08B5
[4937] [M]: 0x0000000080028B68 (0x08B54063) blt a0, a1, 0x80
mem[X,0x0000000080028BE8] -> 0x0113
mem[X,0x0000000080028BEA] -> 0x0031
[4938] [M]: 0x0000000080028BE8 (0x00310113) addi sp, sp, 0x3
x2 <- 0x0000000000000003
mem[X,0x0000000080028BEC] -> 0x006F
mem[X,0x0000000080028BEE] -> 0x0040
[4939] [M]: 0x0000000080028BEC (0x0040006F) jal zero, 0x4
mem[X,0x0000000080028BF0] -> 0xB023
mem[X,0x0000000080028BF2] -> 0x1E20
[4940] [M]: 0x0000000080028BF0 (0x1E20B023) sd sp, 0x1e0(ra)
mem[0x000000008004FBB8] <- 0x0000000000000003
mem[X,0x0000000080028BF4] -> 0x0537
mem[X,0x0000000080028BF6] -> 0x0000
[4941] [M]: 0x0000000080028BF4 (0x00000537) lui a0, 0x0
x10 <- 0x0000000000000000
mem[X,0x0000000080028BF8] -> 0x0513
mem[X,0x0000000080028BFA] -> 0xFFF5
[4942] [M]: 0x0000000080028BF8 (0xFFF50513) addi a0, a0, -0x1
x10 <- 0xFFFFFFFFFFFFFFFF
mem[X,0x0000000080028BFC] -> 0x1513
mem[X,0x0000000080028BFE] -> 0x00B5
[4943] [M]: 0x0000000080028BFC (0x00B51513) slli a0, a0, 0xb
x10 <- 0xFFFFFFFFFFFFF800
mem[X,0x0000000080028C00] -> 0x0513
mem[X,0x0000000080028C02] -> 0x2575
[4944] [M]: 0x0000000080028C00 (0x25750513) addi a0, a0, 0x257
x10 <- 0xFFFFFFFFFFFFFA57
mem[X,0x0000000080028C04] -> 0x1513
mem[X,0x0000000080028C06] -> 0x00B5
[4945] [M]: 0x0000000080028C04 (0x00B51513) slli a0, a0, 0xb
x10 <- 0xFFFFFFFFFFD2B800
mem[X,0x0000000080028C08] -> 0x0513
mem[X,0x0000000080028C0A] -> 0x6C35
[4946] [M]: 0x0000000080028C08 (0x6C350513) addi a0, a0, 0x6c3
x10 <- 0xFFFFFFFFFFD2BEC3
mem[X,0x0000000080028C0C] -> 0x1513
mem[X,0x0000000080028C0E] -> 0x00A5
[4947] [M]: 0x0000000080028C0C (0x00A51513) slli a0, a0, 0xa
x10 <- 0xFFFFFFFF4AFB0C00
mem[X,0x0000000080028C10] -> 0x0513
mem[X,0x0000000080028C12] -> 0x0CD5
[4948] [M]: 0x0000000080028C10 (0x0CD50513) addi a0, a0, 0xcd
x10 <- 0xFFFFFFFF4AFB0CCD
mem[X,0x0000000080028C14] -> 0x05B7
mem[X,0x0000000080028C16] -> 0x0000
[4949] [M]: 0x0000000080028C14 (0x000005B7) lui a1, 0x0
x11 <- 0x0000000000000000
mem[X,0x0000000080028C18] -> 0x8593
mem[X,0x0000000080028C1A] -> 0x0005
[4950] [M]: 0x0000000080028C18 (0x00058593) addi a1, a1, 0x0
x11 <- 0x0000000000000000
mem[X,0x0000000080028C1C] -> 0x9593
mem[X,0x0000000080028C1E] -> 0x00B5
[4951] [M]: 0x0000000080028C1C (0x00B59593) slli a1, a1, 0xb
x11 <- 0x0000000000000000
mem[X,0x0000000080028C20] -> 0x8593
mem[X,0x0000000080028C22] -> 0x5A85
[4952] [M]: 0x0000000080028C20 (0x5A858593) addi a1, a1, 0x5a8
x11 <- 0x00000000000005A8
mem[X,0x0000000080028C24] -> 0x9593
mem[X,0x0000000080028C26] -> 0x00B5
[4953] [M]: 0x0000000080028C24 (0x00B59593) slli a1, a1, 0xb
x11 <- 0x00000000002D4000
mem[X,0x0000000080028C28] -> 0x8593
mem[X,0x0000000080028C2A] -> 0x13C5
[4954] [M]: 0x0000000080028C28 (0x13C58593) addi a1, a1, 0x13c
x11 <- 0x00000000002D413C
mem[X,0x0000000080028C2C] -> 0x9593
mem[X,0x0000000080028C2E] -> 0x00A5
[4955] [M]: 0x0000000080028C2C (0x00A59593) slli a1, a1, 0xa
x11 <- 0x00000000B504F000
mem[X,0x0000000080028C30] -> 0x8593
mem[X,0x0000000080028C32] -> 0x3345
[4956] [M]: 0x0000000080028C30 (0x33458593) addi a1, a1, 0x334
x11 <- 0x00000000B504F334
mem[X,0x0000000080028C34] -> 0x0113
mem[X,0x0000000080028C36] -> 0x0000
[4957] [M]: 0x0000000080028C34 (0x00000113) addi sp, zero, 0x0
x2 <- 0x0000000000000000
mem[X,0x0000000080028C38] -> 0x006F
mem[X,0x0000000080028C3A] -> 0x00C0
[4958] [M]: 0x0000000080028C38 (0x00C0006F) jal zero, 0xc
mem[X,0x0000000080028C44] -> 0x4063
mem[X,0x0000000080028C46] -> 0x04B5
[4959] [M]: 0x0000000080028C44 (0x04B54063) blt a0, a1, 0x40
mem[X,0x0000000080028C84] -> 0x0113
mem[X,0x0000000080028C86] -> 0x0031
[4960] [M]: 0x0000000080028C84 (0x00310113) addi sp, sp, 0x3
x2 <- 0x0000000000000003
mem[X,0x0000000080028C88] -> 0x006F
mem[X,0x0000000080028C8A] -> 0x0040
[4961] [M]: 0x0000000080028C88 (0x0040006F) jal zero, 0x4
mem[X,0x0000000080028C8C] -> 0xB423
mem[X,0x0000000080028C8E] -> 0x1E20
[4962] [M]: 0x0000000080028C8C (0x1E20B423) sd sp, 0x1e8(ra)
mem[0x000000008004FBC0] <- 0x0000000000000003
mem[X,0x0000000080028C90] -> 0x0537
mem[X,0x0000000080028C92] -> 0x0000
[4963] [M]: 0x0000000080028C90 (0x00000537) lui a0, 0x0
x10 <- 0x0000000000000000
mem[X,0x0000000080028C94] -> 0x0513
mem[X,0x0000000080028C96] -> 0x0005
[4964] [M]: 0x0000000080028C94 (0x00050513) addi a0, a0, 0x0
x10 <- 0x0000000000000000
mem[X,0x0000000080028C98] -> 0x1513
mem[X,0x0000000080028C9A] -> 0x00B5
[4965] [M]: 0x0000000080028C98 (0x00B51513) slli a0, a0, 0xb
x10 <- 0x0000000000000000
mem[X,0x0000000080028C9C] -> 0x0513
mem[X,0x0000000080028C9E] -> 0x5A85
[4966] [M]: 0x0000000080028C9C (0x5A850513) addi a0, a0, 0x5a8
x10 <- 0x00000000000005A8
mem[X,0x0000000080028CA0] -> 0x1513
mem[X,0x0000000080028CA2] -> 0x00B5
[4967] [M]: 0x0000000080028CA0 (0x00B51513) slli a0, a0, 0xb
x10 <- 0x00000000002D4000
mem[X,0x0000000080028CA4] -> 0x0513
mem[X,0x0000000080028CA6] -> 0x13C5
[4968] [M]: 0x0000000080028CA4 (0x13C50513) addi a0, a0, 0x13c
x10 <- 0x00000000002D413C
mem[X,0x0000000080028CA8] -> 0x1513
mem[X,0x0000000080028CAA] -> 0x00A5
[4969] [M]: 0x0000000080028CA8 (0x00A51513) slli a0, a0, 0xa
x10 <- 0x00000000B504F000
mem[X,0x0000000080028CAC] -> 0x0513
mem[X,0x0000000080028CAE] -> 0x3335
[4970] [M]: 0x0000000080028CAC (0x33350513) addi a0, a0, 0x333
x10 <- 0x00000000B504F333
mem[X,0x0000000080028CB0] -> 0x0593
mem[X,0x0000000080028CB2] -> 0x0030
[4971] [M]: 0x0000000080028CB0 (0x00300593) addi a1, zero, 0x3
x11 <- 0x0000000000000003
mem[X,0x0000000080028CB4] -> 0x0113
mem[X,0x0000000080028CB6] -> 0x0000
[4972] [M]: 0x0000000080028CB4 (0x00000113) addi sp, zero, 0x0
x2 <- 0x0000000000000000
mem[X,0x0000000080028CB8] -> 0x006F
mem[X,0x0000000080028CBA] -> 0x2B10
[4973] [M]: 0x0000000080028CB8 (0x2B10006F) jal zero, 0xab0
mem[X,0x0000000080029768] -> 0x4A63
mem[X,0x000000008002976A] -> 0xD4B5
[4974] [M]: 0x0000000080029768 (0xD4B54A63) blt a0, a1, -0xaac
mem[X,0x000000008002976C] -> 0x0113
mem[X,0x000000008002976E] -> 0x0021
[4975] [M]: 0x000000008002976C (0x00210113) addi sp, sp, 0x2
x2 <- 0x0000000000000002
mem[X,0x0000000080029770] -> 0x006F
mem[X,0x0000000080029772] -> 0x00C0
[4976] [M]: 0x0000000080029770 (0x00C0006F) jal zero, 0xc
mem[X,0x000000008002977C] -> 0xB823
mem[X,0x000000008002977E] -> 0x1E20
[4977] [M]: 0x000000008002977C (0x1E20B823) sd sp, 0x1f0(ra)
mem[0x000000008004FBC8] <- 0x0000000000000002
mem[X,0x0000000080029780] -> 0x0537
mem[X,0x0000000080029782] -> 0x0000
[4978] [M]: 0x0000000080029780 (0x00000537) lui a0, 0x0
x10 <- 0x0000000000000000
mem[X,0x0000000080029784] -> 0x0513
mem[X,0x0000000080029786] -> 0x0005
[4979] [M]: 0x0000000080029784 (0x00050513) addi a0, a0, 0x0
x10 <- 0x0000000000000000
mem[X,0x0000000080029788] -> 0x1513
mem[X,0x000000008002978A] -> 0x00B5
[4980] [M]: 0x0000000080029788 (0x00B51513) slli a0, a0, 0xb
x10 <- 0x0000000000000000
mem[X,0x000000008002978C] -> 0x0513
mem[X,0x000000008002978E] -> 0x5A85
[4981] [M]: 0x000000008002978C (0x5A850513) addi a0, a0, 0x5a8
x10 <- 0x00000000000005A8
mem[X,0x0000000080029790] -> 0x1513
mem[X,0x0000000080029792] -> 0x00B5
[4982] [M]: 0x0000000080029790 (0x00B51513) slli a0, a0, 0xb
x10 <- 0x00000000002D4000
mem[X,0x0000000080029794] -> 0x0513
mem[X,0x0000000080029796] -> 0x13C5
[4983] [M]: 0x0000000080029794 (0x13C50513) addi a0, a0, 0x13c
x10 <- 0x00000000002D413C
mem[X,0x0000000080029798] -> 0x1513
mem[X,0x000000008002979A] -> 0x00A5
[4984] [M]: 0x0000000080029798 (0x00A51513) slli a0, a0, 0xa
x10 <- 0x00000000B504F000
mem[X,0x000000008002979C] -> 0x0513
mem[X,0x000000008002979E] -> 0x3335
[4985] [M]: 0x000000008002979C (0x33350513) addi a0, a0, 0x333
x10 <- 0x00000000B504F333
mem[X,0x00000000800297A0] -> 0x55B7
mem[X,0x00000000800297A2] -> 0x5555
[4986] [M]: 0x00000000800297A0 (0x555555B7) lui a1, 0x55555
x11 <- 0x0000000055555000
mem[X,0x00000000800297A4] -> 0x8593
mem[X,0x00000000800297A6] -> 0x5555
[4987] [M]: 0x00000000800297A4 (0x55558593) addi a1, a1, 0x555
x11 <- 0x0000000055555555
mem[X,0x00000000800297A8] -> 0x9593
mem[X,0x00000000800297AA] -> 0x00B5
[4988] [M]: 0x00000000800297A8 (0x00B59593) slli a1, a1, 0xb
x11 <- 0x000002AAAAAAA800
mem[X,0x00000000800297AC] -> 0x8593
mem[X,0x00000000800297AE] -> 0x2AA5
[4989] [M]: 0x00000000800297AC (0x2AA58593) addi a1, a1, 0x2aa
x11 <- 0x000002AAAAAAAAAA
mem[X,0x00000000800297B0] -> 0x9593
mem[X,0x00000000800297B2] -> 0x00B5
[4990] [M]: 0x00000000800297B0 (0x00B59593) slli a1, a1, 0xb
x11 <- 0x0015555555555000
mem[X,0x00000000800297B4] -> 0x8593
mem[X,0x00000000800297B6] -> 0x5555
[4991] [M]: 0x00000000800297B4 (0x55558593) addi a1, a1, 0x555
x11 <- 0x0015555555555555
mem[X,0x00000000800297B8] -> 0x9593
mem[X,0x00000000800297BA] -> 0x00A5
[4992] [M]: 0x00000000800297B8 (0x00A59593) slli a1, a1, 0xa
x11 <- 0x5555555555555400
mem[X,0x00000000800297BC] -> 0x8593
mem[X,0x00000000800297BE] -> 0x1555
[4993] [M]: 0x00000000800297BC (0x15558593) addi a1, a1, 0x155
x11 <- 0x5555555555555555
mem[X,0x00000000800297C0] -> 0x0113
mem[X,0x00000000800297C2] -> 0x0000
[4994] [M]: 0x00000000800297C0 (0x00000113) addi sp, zero, 0x0
x2 <- 0x0000000000000000
mem[X,0x00000000800297C4] -> 0x006F
mem[X,0x00000000800297C6] -> 0x00C0
[4995] [M]: 0x00000000800297C4 (0x00C0006F) jal zero, 0xc
mem[X,0x00000000800297D0] -> 0x4663
mem[X,0x00000000800297D2] -> 0x00B5
[4996] [M]: 0x00000000800297D0 (0x00B54663) blt a0, a1, 0xc
mem[X,0x00000000800297DC] -> 0x0113
mem[X,0x00000000800297DE] -> 0x0031
[4997] [M]: 0x00000000800297DC (0x00310113) addi sp, sp, 0x3
x2 <- 0x0000000000000003
mem[X,0x00000000800297E0] -> 0x006F
mem[X,0x00000000800297E2] -> 0x0040
[4998] [M]: 0x00000000800297E0 (0x0040006F) jal zero, 0x4
mem[X,0x00000000800297E4] -> 0xBC23
mem[X,0x00000000800297E6] -> 0x1E20
[4999] [M]: 0x00000000800297E4 (0x1E20BC23) sd sp, 0x1f8(ra)
mem[0x000000008004FBD0] <- 0x0000000000000003
clint::tick mtime <- 0x0000000000000032
 clint timer pending at mtime 0x0000000000000032
htif::tick 0x0000000000000000
mem[X,0x00000000800297E8] -> 0x0537
mem[X,0x00000000800297EA] -> 0x0000
[5000] [M]: 0x00000000800297E8 (0x00000537) lui a0, 0x0
x10 <- 0x0000000000000000
mem[X,0x00000000800297EC] -> 0x0513
mem[X,0x00000000800297EE] -> 0x0005
[5001] [M]: 0x00000000800297EC (0x00050513) addi a0, a0, 0x0
x10 <- 0x0000000000000000
mem[X,0x00000000800297F0] -> 0x1513
mem[X,0x00000000800297F2] -> 0x00B5
[5002] [M]: 0x00000000800297F0 (0x00B51513) slli a0, a0, 0xb
x10 <- 0x0000000000000000
mem[X,0x00000000800297F4] -> 0x0513
mem[X,0x00000000800297F6] -> 0x5A85
[5003] [M]: 0x00000000800297F4 (0x5A850513) addi a0, a0, 0x5a8
x10 <- 0x00000000000005A8
mem[X,0x00000000800297F8] -> 0x1513
mem[X,0x00000000800297FA] -> 0x00B5
[5004] [M]: 0x00000000800297F8 (0x00B51513) slli a0, a0, 0xb
x10 <- 0x00000000002D4000
mem[X,0x00000000800297FC] -> 0x0513
mem[X,0x00000000800297FE] -> 0x13C5
[5005] [M]: 0x00000000800297FC (0x13C50513) addi a0, a0, 0x13c
x10 <- 0x00000000002D413C
mem[X,0x0000000080029800] -> 0x1513
mem[X,0x0000000080029802] -> 0x00A5
[5006] [M]: 0x0000000080029800 (0x00A51513) slli a0, a0, 0xa
x10 <- 0x00000000B504F000
mem[X,0x0000000080029804] -> 0x0513
mem[X,0x0000000080029806] -> 0x3335
[5007] [M]: 0x0000000080029804 (0x33350513) addi a0, a0, 0x333
x10 <- 0x00000000B504F333
mem[X,0x0000000080029808] -> 0xB5B7
mem[X,0x000000008002980A] -> 0xAAAA
[5008] [M]: 0x0000000080029808 (0xAAAAB5B7) lui a1, -0x55555
x11 <- 0xFFFFFFFFAAAAB000
mem[X,0x000000008002980C] -> 0x8593
mem[X,0x000000008002980E] -> 0xAAA5
[5009] [M]: 0x000000008002980C (0xAAA58593) addi a1, a1, -0x556
x11 <- 0xFFFFFFFFAAAAAAAA
mem[X,0x0000000080029810] -> 0x9593
mem[X,0x0000000080029812] -> 0x00B5
[5010] [M]: 0x0000000080029810 (0x00B59593) slli a1, a1, 0xb
x11 <- 0xFFFFFD5555555000
mem[X,0x0000000080029814] -> 0x8593
mem[X,0x0000000080029816] -> 0x5555
[5011] [M]: 0x0000000080029814 (0x55558593) addi a1, a1, 0x555
x11 <- 0xFFFFFD5555555555
mem[X,0x0000000080029818] -> 0x9593
mem[X,0x000000008002981A] -> 0x00B5
[5012] [M]: 0x0000000080029818 (0x00B59593) slli a1, a1, 0xb
x11 <- 0xFFEAAAAAAAAAA800
mem[X,0x000000008002981C] -> 0x8593
mem[X,0x000000008002981E] -> 0x2AA5
[5013] [M]: 0x000000008002981C (0x2AA58593) addi a1, a1, 0x2aa
x11 <- 0xFFEAAAAAAAAAAAAA
mem[X,0x0000000080029820] -> 0x9593
mem[X,0x0000000080029822] -> 0x00A5
[5014] [M]: 0x0000000080029820 (0x00A59593) slli a1, a1, 0xa
x11 <- 0xAAAAAAAAAAAAA800
mem[X,0x0000000080029824] -> 0x8593
mem[X,0x0000000080029826] -> 0x2AA5
[5015] [M]: 0x0000000080029824 (0x2AA58593) addi a1, a1, 0x2aa
x11 <- 0xAAAAAAAAAAAAAAAA
mem[X,0x0000000080029828] -> 0x0113
mem[X,0x000000008002982A] -> 0x0000
[5016] [M]: 0x0000000080029828 (0x00000113) addi sp, zero, 0x0
x2 <- 0x0000000000000000
mem[X,0x000000008002982C] -> 0x006F
mem[X,0x000000008002982E] -> 0x00C0
[5017] [M]: 0x000000008002982C (0x00C0006F) jal zero, 0xc
mem[X,0x0000000080029838] -> 0x4663
mem[X,0x000000008002983A] -> 0x00B5
[5018] [M]: 0x0000000080029838 (0x00B54663) blt a0, a1, 0xc
mem[X,0x000000008002983C] -> 0x0113
mem[X,0x000000008002983E] -> 0x0021
[5019] [M]: 0x000000008002983C (0x00210113) addi sp, sp, 0x2
x2 <- 0x0000000000000002
mem[X,0x0000000080029840] -> 0x006F
mem[X,0x0000000080029842] -> 0x00C0
[5020] [M]: 0x0000000080029840 (0x00C0006F) jal zero, 0xc
mem[X,0x000000008002984C] -> 0xB023
mem[X,0x000000008002984E] -> 0x2020
[5021] [M]: 0x000000008002984C (0x2020B023) sd sp, 0x200(ra)
mem[0x000000008004FBD8] <- 0x0000000000000002
mem[X,0x0000000080029850] -> 0x0537
mem[X,0x0000000080029852] -> 0x0000
[5022] [M]: 0x0000000080029850 (0x00000537) lui a0, 0x0
x10 <- 0x0000000000000000
mem[X,0x0000000080029854] -> 0x0513
mem[X,0x0000000080029856] -> 0x0005
[5023] [M]: 0x0000000080029854 (0x00050513) addi a0, a0, 0x0
x10 <- 0x0000000000000000
mem[X,0x0000000080029858] -> 0x1513
mem[X,0x000000008002985A] -> 0x00B5
[5024] [M]: 0x0000000080029858 (0x00B51513) slli a0, a0, 0xb
x10 <- 0x0000000000000000
mem[X,0x000000008002985C] -> 0x0513
mem[X,0x000000008002985E] -> 0x5A85
[5025] [M]: 0x000000008002985C (0x5A850513) addi a0, a0, 0x5a8
x10 <- 0x00000000000005A8
mem[X,0x0000000080029860] -> 0x1513
mem[X,0x0000000080029862] -> 0x00B5
[5026] [M]: 0x0000000080029860 (0x00B51513) slli a0, a0, 0xb
x10 <- 0x00000000002D4000
mem[X,0x0000000080029864] -> 0x0513
mem[X,0x0000000080029866] -> 0x13C5
[5027] [M]: 0x0000000080029864 (0x13C50513) addi a0, a0, 0x13c
x10 <- 0x00000000002D413C
mem[X,0x0000000080029868] -> 0x1513
mem[X,0x000000008002986A] -> 0x00A5
[5028] [M]: 0x0000000080029868 (0x00A51513) slli a0, a0, 0xa
x10 <- 0x00000000B504F000
mem[X,0x000000008002986C] -> 0x0513
mem[X,0x000000008002986E] -> 0x3335
[5029] [M]: 0x000000008002986C (0x33350513) addi a0, a0, 0x333
x10 <- 0x00000000B504F333
mem[X,0x0000000080029870] -> 0x0593
mem[X,0x0000000080029872] -> 0x0050
[5030] [M]: 0x0000000080029870 (0x00500593) addi a1, zero, 0x5
x11 <- 0x0000000000000005
mem[X,0x0000000080029874] -> 0x0113
mem[X,0x0000000080029876] -> 0x0000
[5031] [M]: 0x0000000080029874 (0x00000113) addi sp, zero, 0x0
x2 <- 0x0000000000000000
mem[X,0x0000000080029878] -> 0x006F
mem[X,0x000000008002987A] -> 0x00C0
[5032] [M]: 0x0000000080029878 (0x00C0006F) jal zero, 0xc
mem[X,0x0000000080029884] -> 0x4063
mem[X,0x0000000080029886] -> 0x40B5
[5033] [M]: 0x0000000080029884 (0x40B54063) blt a0, a1, 0x400
mem[X,0x0000000080029888] -> 0x0113
mem[X,0x000000008002988A] -> 0x0021
[5034] [M]: 0x0000000080029888 (0x00210113) addi sp, sp, 0x2
x2 <- 0x0000000000000002
mem[X,0x000000008002988C] -> 0x006F
mem[X,0x000000008002988E] -> 0x4000
[5035] [M]: 0x000000008002988C (0x4000006F) jal zero, 0x400
mem[X,0x0000000080029C8C] -> 0xB423
mem[X,0x0000000080029C8E] -> 0x2020
[5036] [M]: 0x0000000080029C8C (0x2020B423) sd sp, 0x208(ra)
mem[0x000000008004FBE0] <- 0x0000000000000002
mem[X,0x0000000080029C90] -> 0x0537
mem[X,0x0000000080029C92] -> 0x0000
[5037] [M]: 0x0000000080029C90 (0x00000537) lui a0, 0x0
x10 <- 0x0000000000000000
mem[X,0x0000000080029C94] -> 0x0513
mem[X,0x0000000080029C96] -> 0x0005
[5038] [M]: 0x0000000080029C94 (0x00050513) addi a0, a0, 0x0
x10 <- 0x0000000000000000
mem[X,0x0000000080029C98] -> 0x1513
mem[X,0x0000000080029C9A] -> 0x00B5
[5039] [M]: 0x0000000080029C98 (0x00B51513) slli a0, a0, 0xb
x10 <- 0x0000000000000000
mem[X,0x0000000080029C9C] -> 0x0513
mem[X,0x0000000080029C9E] -> 0x5A85
[5040] [M]: 0x0000000080029C9C (0x5A850513) addi a0, a0, 0x5a8
x10 <- 0x00000000000005A8
mem[X,0x0000000080029CA0] -> 0x1513
mem[X,0x0000000080029CA2] -> 0x00B5
[5041] [M]: 0x0000000080029CA0 (0x00B51513) slli a0, a0, 0xb
x10 <- 0x00000000002D4000
mem[X,0x0000000080029CA4] -> 0x0513
mem[X,0x0000000080029CA6] -> 0x13C5
[5042] [M]: 0x0000000080029CA4 (0x13C50513) addi a0, a0, 0x13c
x10 <- 0x00000000002D413C
mem[X,0x0000000080029CA8] -> 0x1513
mem[X,0x0000000080029CAA] -> 0x00A5
[5043] [M]: 0x0000000080029CA8 (0x00A51513) slli a0, a0, 0xa
x10 <- 0x00000000B504F000
mem[X,0x0000000080029CAC] -> 0x0513
mem[X,0x0000000080029CAE] -> 0x3335
[5044] [M]: 0x0000000080029CAC (0x33350513) addi a0, a0, 0x333
x10 <- 0x00000000B504F333
mem[X,0x0000000080029CB0] -> 0x35B7
mem[X,0x0000000080029CB2] -> 0x3333
[5045] [M]: 0x0000000080029CB0 (0x333335B7) lui a1, 0x33333
x11 <- 0x0000000033333000
mem[X,0x0000000080029CB4] -> 0x8593
mem[X,0x0000000080029CB6] -> 0x3335
[5046] [M]: 0x0000000080029CB4 (0x33358593) addi a1, a1, 0x333
x11 <- 0x0000000033333333
mem[X,0x0000000080029CB8] -> 0x9593
mem[X,0x0000000080029CBA] -> 0x00B5
[5047] [M]: 0x0000000080029CB8 (0x00B59593) slli a1, a1, 0xb
x11 <- 0x0000019999999800
mem[X,0x0000000080029CBC] -> 0x8593
mem[X,0x0000000080029CBE] -> 0x1995
[5048] [M]: 0x0000000080029CBC (0x19958593) addi a1, a1, 0x199
x11 <- 0x0000019999999999
mem[X,0x0000000080029CC0] -> 0x9593
mem[X,0x0000000080029CC2] -> 0x00B5
[5049] [M]: 0x0000000080029CC0 (0x00B59593) slli a1, a1, 0xb
x11 <- 0x000CCCCCCCCCC800
mem[X,0x0000000080029CC4] -> 0x8593
mem[X,0x0000000080029CC6] -> 0x4CC5
[5050] [M]: 0x0000000080029CC4 (0x4CC58593) addi a1, a1, 0x4cc
x11 <- 0x000CCCCCCCCCCCCC
mem[X,0x0000000080029CC8] -> 0x9593
mem[X,0x0000000080029CCA] -> 0x00A5
[5051] [M]: 0x0000000080029CC8 (0x00A59593) slli a1, a1, 0xa
x11 <- 0x3333333333333000
mem[X,0x0000000080029CCC] -> 0x8593
mem[X,0x0000000080029CCE] -> 0x3335
[5052] [M]: 0x0000000080029CCC (0x33358593) addi a1, a1, 0x333
x11 <- 0x3333333333333333
mem[X,0x0000000080029CD0] -> 0x0113
mem[X,0x0000000080029CD2] -> 0x0000
[5053] [M]: 0x0000000080029CD0 (0x00000113) addi sp, zero, 0x0
x2 <- 0x0000000000000000
mem[X,0x0000000080029CD4] -> 0x006F
mem[X,0x0000000080029CD6] -> 0x00C0
[5054] [M]: 0x0000000080029CD4 (0x00C0006F) jal zero, 0xc
mem[X,0x0000000080029CE0] -> 0x4CE3
mem[X,0x0000000080029CE2] -> 0xFEB5
[5055] [M]: 0x0000000080029CE0 (0xFEB54CE3) blt a0, a1, -0x8
mem[X,0x0000000080029CD8] -> 0x0113
mem[X,0x0000000080029CDA] -> 0x0011
[5056] [M]: 0x0000000080029CD8 (0x00110113) addi sp, sp, 0x1
x2 <- 0x0000000000000001
mem[X,0x0000000080029CDC] -> 0x006F
mem[X,0x0000000080029CDE] -> 0x0180
[5057] [M]: 0x0000000080029CDC (0x0180006F) jal zero, 0x18
mem[X,0x0000000080029CF4] -> 0xB823
mem[X,0x0000000080029CF6] -> 0x2020
[5058] [M]: 0x0000000080029CF4 (0x2020B823) sd sp, 0x210(ra)
mem[0x000000008004FBE8] <- 0x0000000000000001
mem[X,0x0000000080029CF8] -> 0x0537
mem[X,0x0000000080029CFA] -> 0x0000
[5059] [M]: 0x0000000080029CF8 (0x00000537) lui a0, 0x0
x10 <- 0x0000000000000000
mem[X,0x0000000080029CFC] -> 0x0513
mem[X,0x0000000080029CFE] -> 0x0005
[5060] [M]: 0x0000000080029CFC (0x00050513) addi a0, a0, 0x0
x10 <- 0x0000000000000000
mem[X,0x0000000080029D00] -> 0x1513
mem[X,0x0000000080029D02] -> 0x00B5
[5061] [M]: 0x0000000080029D00 (0x00B51513) slli a0, a0, 0xb
x10 <- 0x0000000000000000
mem[X,0x0000000080029D04] -> 0x0513
mem[X,0x0000000080029D06] -> 0x5A85
[5062] [M]: 0x0000000080029D04 (0x5A850513) addi a0, a0, 0x5a8
x10 <- 0x00000000000005A8
mem[X,0x0000000080029D08] -> 0x1513
mem[X,0x0000000080029D0A] -> 0x00B5
[5063] [M]: 0x0000000080029D08 (0x00B51513) slli a0, a0, 0xb
x10 <- 0x00000000002D4000
mem[X,0x0000000080029D0C] -> 0x0513
mem[X,0x0000000080029D0E] -> 0x13C5
[5064] [M]: 0x0000000080029D0C (0x13C50513) addi a0, a0, 0x13c
x10 <- 0x00000000002D413C
mem[X,0x0000000080029D10] -> 0x1513
mem[X,0x0000000080029D12] -> 0x00A5
[5065] [M]: 0x0000000080029D10 (0x00A51513) slli a0, a0, 0xa
x10 <- 0x00000000B504F000
mem[X,0x0000000080029D14] -> 0x0513
mem[X,0x0000000080029D16] -> 0x3335
[5066] [M]: 0x0000000080029D14 (0x33350513) addi a0, a0, 0x333
x10 <- 0x00000000B504F333
mem[X,0x0000000080029D18] -> 0x65B7
mem[X,0x0000000080029D1A] -> 0x6666
[5067] [M]: 0x0000000080029D18 (0x666665B7) lui a1, 0x66666
x11 <- 0x0000000066666000
mem[X,0x0000000080029D1C] -> 0x8593
mem[X,0x0000000080029D1E] -> 0x6665
[5068] [M]: 0x0000000080029D1C (0x66658593) addi a1, a1, 0x666
x11 <- 0x0000000066666666
mem[X,0x0000000080029D20] -> 0x9593
mem[X,0x0000000080029D22] -> 0x00B5
[5069] [M]: 0x0000000080029D20 (0x00B59593) slli a1, a1, 0xb
x11 <- 0x0000033333333000
mem[X,0x0000000080029D24] -> 0x8593
mem[X,0x0000000080029D26] -> 0x3335
[5070] [M]: 0x0000000080029D24 (0x33358593) addi a1, a1, 0x333
x11 <- 0x0000033333333333
mem[X,0x0000000080029D28] -> 0x9593
mem[X,0x0000000080029D2A] -> 0x00B5
[5071] [M]: 0x0000000080029D28 (0x00B59593) slli a1, a1, 0xb
x11 <- 0x0019999999999800
mem[X,0x0000000080029D2C] -> 0x8593
mem[X,0x0000000080029D2E] -> 0x1995
[5072] [M]: 0x0000000080029D2C (0x19958593) addi a1, a1, 0x199
x11 <- 0x0019999999999999
mem[X,0x0000000080029D30] -> 0x9593
mem[X,0x0000000080029D32] -> 0x00A5
[5073] [M]: 0x0000000080029D30 (0x00A59593) slli a1, a1, 0xa
x11 <- 0x6666666666666400
mem[X,0x0000000080029D34] -> 0x8593
mem[X,0x0000000080029D36] -> 0x2665
[5074] [M]: 0x0000000080029D34 (0x26658593) addi a1, a1, 0x266
x11 <- 0x6666666666666666
mem[X,0x0000000080029D38] -> 0x0113
mem[X,0x0000000080029D3A] -> 0x0000
[5075] [M]: 0x0000000080029D38 (0x00000113) addi sp, zero, 0x0
x2 <- 0x0000000000000000
mem[X,0x0000000080029D3C] -> 0x006F
mem[X,0x0000000080029D3E] -> 0x00C0
[5076] [M]: 0x0000000080029D3C (0x00C0006F) jal zero, 0xc
mem[X,0x0000000080029D48] -> 0x4CE3
mem[X,0x0000000080029D4A] -> 0xFEB5
[5077] [M]: 0x0000000080029D48 (0xFEB54CE3) blt a0, a1, -0x8
mem[X,0x0000000080029D40] -> 0x0113
mem[X,0x0000000080029D42] -> 0x0011
[5078] [M]: 0x0000000080029D40 (0x00110113) addi sp, sp, 0x1
x2 <- 0x0000000000000001
mem[X,0x0000000080029D44] -> 0x006F
mem[X,0x0000000080029D46] -> 0x0180
[5079] [M]: 0x0000000080029D44 (0x0180006F) jal zero, 0x18
mem[X,0x0000000080029D5C] -> 0xBC23
mem[X,0x0000000080029D5E] -> 0x2020
[5080] [M]: 0x0000000080029D5C (0x2020BC23) sd sp, 0x218(ra)
mem[0x000000008004FBF0] <- 0x0000000000000001
mem[X,0x0000000080029D60] -> 0x0537
mem[X,0x0000000080029D62] -> 0x0000
[5081] [M]: 0x0000000080029D60 (0x00000537) lui a0, 0x0
x10 <- 0x0000000000000000
mem[X,0x0000000080029D64] -> 0x0513
mem[X,0x0000000080029D66] -> 0x0005
[5082] [M]: 0x0000000080029D64 (0x00050513) addi a0, a0, 0x0
x10 <- 0x0000000000000000
mem[X,0x0000000080029D68] -> 0x1513
mem[X,0x0000000080029D6A] -> 0x00B5
[5083] [M]: 0x0000000080029D68 (0x00B51513) slli a0, a0, 0xb
x10 <- 0x0000000000000000
mem[X,0x0000000080029D6C] -> 0x0513
mem[X,0x0000000080029D6E] -> 0x5A85
[5084] [M]: 0x0000000080029D6C (0x5A850513) addi a0, a0, 0x5a8
x10 <- 0x00000000000005A8
mem[X,0x0000000080029D70] -> 0x1513
mem[X,0x0000000080029D72] -> 0x00B5
[5085] [M]: 0x0000000080029D70 (0x00B51513) slli a0, a0, 0xb
x10 <- 0x00000000002D4000
mem[X,0x0000000080029D74] -> 0x0513
mem[X,0x0000000080029D76] -> 0x13C5
[5086] [M]: 0x0000000080029D74 (0x13C50513) addi a0, a0, 0x13c
x10 <- 0x00000000002D413C
mem[X,0x0000000080029D78] -> 0x1513
mem[X,0x0000000080029D7A] -> 0x00A5
[5087] [M]: 0x0000000080029D78 (0x00A51513) slli a0, a0, 0xa
x10 <- 0x00000000B504F000
mem[X,0x0000000080029D7C] -> 0x0513
mem[X,0x0000000080029D7E] -> 0x3335
[5088] [M]: 0x0000000080029D7C (0x33350513) addi a0, a0, 0x333
x10 <- 0x00000000B504F333
mem[X,0x0000000080029D80] -> 0x05B7
mem[X,0x0000000080029D82] -> 0x0000
[5089] [M]: 0x0000000080029D80 (0x000005B7) lui a1, 0x0
x11 <- 0x0000000000000000
mem[X,0x0000000080029D84] -> 0x8593
mem[X,0x0000000080029D86] -> 0xFFF5
[5090] [M]: 0x0000000080029D84 (0xFFF58593) addi a1, a1, -0x1
x11 <- 0xFFFFFFFFFFFFFFFF
mem[X,0x0000000080029D88] -> 0x9593
mem[X,0x0000000080029D8A] -> 0x00B5
[5091] [M]: 0x0000000080029D88 (0x00B59593) slli a1, a1, 0xb
x11 <- 0xFFFFFFFFFFFFF800
mem[X,0x0000000080029D8C] -> 0x8593
mem[X,0x0000000080029D8E] -> 0x2575
[5092] [M]: 0x0000000080029D8C (0x25758593) addi a1, a1, 0x257
x11 <- 0xFFFFFFFFFFFFFA57
mem[X,0x0000000080029D90] -> 0x9593
mem[X,0x0000000080029D92] -> 0x00B5
[5093] [M]: 0x0000000080029D90 (0x00B59593) slli a1, a1, 0xb
x11 <- 0xFFFFFFFFFFD2B800
mem[X,0x0000000080029D94] -> 0x8593
mem[X,0x0000000080029D96] -> 0x6C35
[5094] [M]: 0x0000000080029D94 (0x6C358593) addi a1, a1, 0x6c3
x11 <- 0xFFFFFFFFFFD2BEC3
mem[X,0x0000000080029D98] -> 0x9593
mem[X,0x0000000080029D9A] -> 0x00A5
[5095] [M]: 0x0000000080029D98 (0x00A59593) slli a1, a1, 0xa
x11 <- 0xFFFFFFFF4AFB0C00
mem[X,0x0000000080029D9C] -> 0x8593
mem[X,0x0000000080029D9E] -> 0x0CD5
[5096] [M]: 0x0000000080029D9C (0x0CD58593) addi a1, a1, 0xcd
x11 <- 0xFFFFFFFF4AFB0CCD
mem[X,0x0000000080029DA0] -> 0x0113
mem[X,0x0000000080029DA2] -> 0x0000
[5097] [M]: 0x0000000080029DA0 (0x00000113) addi sp, zero, 0x0
x2 <- 0x0000000000000000
mem[X,0x0000000080029DA4] -> 0x006F
mem[X,0x0000000080029DA6] -> 0x00C0
[5098] [M]: 0x0000000080029DA4 (0x00C0006F) jal zero, 0xc
mem[X,0x0000000080029DB0] -> 0x4663
mem[X,0x0000000080029DB2] -> 0x00B5
[5099] [M]: 0x0000000080029DB0 (0x00B54663) blt a0, a1, 0xc
clint::tick mtime <- 0x0000000000000033
 clint timer pending at mtime 0x0000000000000033
htif::tick 0x0000000000000000
mem[X,0x0000000080029DB4] -> 0x0113
mem[X,0x0000000080029DB6] -> 0x0021
[5100] [M]: 0x0000000080029DB4 (0x00210113) addi sp, sp, 0x2
x2 <- 0x0000000000000002
mem[X,0x0000000080029DB8] -> 0x006F
mem[X,0x0000000080029DBA] -> 0x00C0
[5101] [M]: 0x0000000080029DB8 (0x00C0006F) jal zero, 0xc
mem[X,0x0000000080029DC4] -> 0xB023
mem[X,0x0000000080029DC6] -> 0x2220
[5102] [M]: 0x0000000080029DC4 (0x2220B023) sd sp, 0x220(ra)
mem[0x000000008004FBF8] <- 0x0000000000000002
mem[X,0x0000000080029DC8] -> 0x0537
mem[X,0x0000000080029DCA] -> 0x0000
[5103] [M]: 0x0000000080029DC8 (0x00000537) lui a0, 0x0
x10 <- 0x0000000000000000
mem[X,0x0000000080029DCC] -> 0x0513
mem[X,0x0000000080029DCE] -> 0x0005
[5104] [M]: 0x0000000080029DCC (0x00050513) addi a0, a0, 0x0
x10 <- 0x0000000000000000
mem[X,0x0000000080029DD0] -> 0x1513
mem[X,0x0000000080029DD2] -> 0x00B5
[5105] [M]: 0x0000000080029DD0 (0x00B51513) slli a0, a0, 0xb
x10 <- 0x0000000000000000
mem[X,0x0000000080029DD4] -> 0x0513
mem[X,0x0000000080029DD6] -> 0x5A85
[5106] [M]: 0x0000000080029DD4 (0x5A850513) addi a0, a0, 0x5a8
x10 <- 0x00000000000005A8
mem[X,0x0000000080029DD8] -> 0x1513
mem[X,0x0000000080029DDA] -> 0x00B5
[5107] [M]: 0x0000000080029DD8 (0x00B51513) slli a0, a0, 0xb
x10 <- 0x00000000002D4000
mem[X,0x0000000080029DDC] -> 0x0513
mem[X,0x0000000080029DDE] -> 0x13C5
[5108] [M]: 0x0000000080029DDC (0x13C50513) addi a0, a0, 0x13c
x10 <- 0x00000000002D413C
mem[X,0x0000000080029DE0] -> 0x1513
mem[X,0x0000000080029DE2] -> 0x00A5
[5109] [M]: 0x0000000080029DE0 (0x00A51513) slli a0, a0, 0xa
x10 <- 0x00000000B504F000
mem[X,0x0000000080029DE4] -> 0x0513
mem[X,0x0000000080029DE6] -> 0x3335
[5110] [M]: 0x0000000080029DE4 (0x33350513) addi a0, a0, 0x333
x10 <- 0x00000000B504F333
mem[X,0x0000000080029DE8] -> 0x05B7
mem[X,0x0000000080029DEA] -> 0x0000
[5111] [M]: 0x0000000080029DE8 (0x000005B7) lui a1, 0x0
x11 <- 0x0000000000000000
mem[X,0x0000000080029DEC] -> 0x8593
mem[X,0x0000000080029DEE] -> 0x0005
[5112] [M]: 0x0000000080029DEC (0x00058593) addi a1, a1, 0x0
x11 <- 0x0000000000000000
mem[X,0x0000000080029DF0] -> 0x9593
mem[X,0x0000000080029DF2] -> 0x00B5
[5113] [M]: 0x0000000080029DF0 (0x00B59593) slli a1, a1, 0xb
x11 <- 0x0000000000000000
mem[X,0x0000000080029DF4] -> 0x8593
mem[X,0x0000000080029DF6] -> 0x5A85
[5114] [M]: 0x0000000080029DF4 (0x5A858593) addi a1, a1, 0x5a8
x11 <- 0x00000000000005A8
mem[X,0x0000000080029DF8] -> 0x9593
mem[X,0x0000000080029DFA] -> 0x00B5
[5115] [M]: 0x0000000080029DF8 (0x00B59593) slli a1, a1, 0xb
x11 <- 0x00000000002D4000
mem[X,0x0000000080029DFC] -> 0x8593
mem[X,0x0000000080029DFE] -> 0x13C5
[5116] [M]: 0x0000000080029DFC (0x13C58593) addi a1, a1, 0x13c
x11 <- 0x00000000002D413C
mem[X,0x0000000080029E00] -> 0x9593
mem[X,0x0000000080029E02] -> 0x00A5
[5117] [M]: 0x0000000080029E00 (0x00A59593) slli a1, a1, 0xa
x11 <- 0x00000000B504F000
mem[X,0x0000000080029E04] -> 0x8593
mem[X,0x0000000080029E06] -> 0x3335
[5118] [M]: 0x0000000080029E04 (0x33358593) addi a1, a1, 0x333
x11 <- 0x00000000B504F333
mem[X,0x0000000080029E08] -> 0x0113
mem[X,0x0000000080029E0A] -> 0x0000
[5119] [M]: 0x0000000080029E08 (0x00000113) addi sp, zero, 0x0
x2 <- 0x0000000000000000
mem[X,0x0000000080029E0C] -> 0x006F
mem[X,0x0000000080029E0E] -> 0x00C0
[5120] [M]: 0x0000000080029E0C (0x00C0006F) jal zero, 0xc
mem[X,0x0000000080029E18] -> 0x4063
mem[X,0x0000000080029E1A] -> 0x20B5
[5121] [M]: 0x0000000080029E18 (0x20B54063) blt a0, a1, 0x200
mem[X,0x0000000080029E1C] -> 0x0113
mem[X,0x0000000080029E1E] -> 0x0021
[5122] [M]: 0x0000000080029E1C (0x00210113) addi sp, sp, 0x2
x2 <- 0x0000000000000002
mem[X,0x0000000080029E20] -> 0x006F
mem[X,0x0000000080029E22] -> 0x2000
[5123] [M]: 0x0000000080029E20 (0x2000006F) jal zero, 0x200
mem[X,0x000000008002A020] -> 0xB423
mem[X,0x000000008002A022] -> 0x2220
[5124] [M]: 0x000000008002A020 (0x2220B423) sd sp, 0x228(ra)
mem[0x000000008004FC00] <- 0x0000000000000002
mem[X,0x000000008002A024] -> 0x0537
mem[X,0x000000008002A026] -> 0x0000
[5125] [M]: 0x000000008002A024 (0x00000537) lui a0, 0x0
x10 <- 0x0000000000000000
mem[X,0x000000008002A028] -> 0x0513
mem[X,0x000000008002A02A] -> 0x0005
[5126] [M]: 0x000000008002A028 (0x00050513) addi a0, a0, 0x0
x10 <- 0x0000000000000000
mem[X,0x000000008002A02C] -> 0x1513
mem[X,0x000000008002A02E] -> 0x00B5
[5127] [M]: 0x000000008002A02C (0x00B51513) slli a0, a0, 0xb
x10 <- 0x0000000000000000
mem[X,0x000000008002A030] -> 0x0513
mem[X,0x000000008002A032] -> 0x5A85
[5128] [M]: 0x000000008002A030 (0x5A850513) addi a0, a0, 0x5a8
x10 <- 0x00000000000005A8
mem[X,0x000000008002A034] -> 0x1513
mem[X,0x000000008002A036] -> 0x00B5
[5129] [M]: 0x000000008002A034 (0x00B51513) slli a0, a0, 0xb
x10 <- 0x00000000002D4000
mem[X,0x000000008002A038] -> 0x0513
mem[X,0x000000008002A03A] -> 0x13C5
[5130] [M]: 0x000000008002A038 (0x13C50513) addi a0, a0, 0x13c
x10 <- 0x00000000002D413C
mem[X,0x000000008002A03C] -> 0x1513
mem[X,0x000000008002A03E] -> 0x00A5
[5131] [M]: 0x000000008002A03C (0x00A51513) slli a0, a0, 0xa
x10 <- 0x00000000B504F000
mem[X,0x000000008002A040] -> 0x0513
mem[X,0x000000008002A042] -> 0x3335
[5132] [M]: 0x000000008002A040 (0x33350513) addi a0, a0, 0x333
x10 <- 0x00000000B504F333
mem[X,0x000000008002A044] -> 0x0593
mem[X,0x000000008002A046] -> 0x0020
[5133] [M]: 0x000000008002A044 (0x00200593) addi a1, zero, 0x2
x11 <- 0x0000000000000002
mem[X,0x000000008002A048] -> 0x0113
mem[X,0x000000008002A04A] -> 0x0000
[5134] [M]: 0x000000008002A048 (0x00000113) addi sp, zero, 0x0
x2 <- 0x0000000000000000
mem[X,0x000000008002A04C] -> 0x006F
mem[X,0x000000008002A04E] -> 0x0050
[5135] [M]: 0x000000008002A04C (0x0050006F) jal zero, 0x804
mem[X,0x000000008002A850] -> 0x40E3
mem[X,0x000000008002A852] -> 0x80B5
[5136] [M]: 0x000000008002A850 (0x80B540E3) blt a0, a1, -0x800
mem[X,0x000000008002A854] -> 0x0113
mem[X,0x000000008002A856] -> 0x0021
[5137] [M]: 0x000000008002A854 (0x00210113) addi sp, sp, 0x2
x2 <- 0x0000000000000002
mem[X,0x000000008002A858] -> 0x006F
mem[X,0x000000008002A85A] -> 0x00C0
[5138] [M]: 0x000000008002A858 (0x00C0006F) jal zero, 0xc
mem[X,0x000000008002A864] -> 0xB823
mem[X,0x000000008002A866] -> 0x2220
[5139] [M]: 0x000000008002A864 (0x2220B823) sd sp, 0x230(ra)
mem[0x000000008004FC08] <- 0x0000000000000002
mem[X,0x000000008002A868] -> 0x0537
mem[X,0x000000008002A86A] -> 0x0000
[5140] [M]: 0x000000008002A868 (0x00000537) lui a0, 0x0
x10 <- 0x0000000000000000
mem[X,0x000000008002A86C] -> 0x0513
mem[X,0x000000008002A86E] -> 0x0005
[5141] [M]: 0x000000008002A86C (0x00050513) addi a0, a0, 0x0
x10 <- 0x0000000000000000
mem[X,0x000000008002A870] -> 0x1513
mem[X,0x000000008002A872] -> 0x00B5
[5142] [M]: 0x000000008002A870 (0x00B51513) slli a0, a0, 0xb
x10 <- 0x0000000000000000
mem[X,0x000000008002A874] -> 0x0513
mem[X,0x000000008002A876] -> 0x5A85
[5143] [M]: 0x000000008002A874 (0x5A850513) addi a0, a0, 0x5a8
x10 <- 0x00000000000005A8
mem[X,0x000000008002A878] -> 0x1513
mem[X,0x000000008002A87A] -> 0x00B5
[5144] [M]: 0x000000008002A878 (0x00B51513) slli a0, a0, 0xb
x10 <- 0x00000000002D4000
mem[X,0x000000008002A87C] -> 0x0513
mem[X,0x000000008002A87E] -> 0x13C5
[5145] [M]: 0x000000008002A87C (0x13C50513) addi a0, a0, 0x13c
x10 <- 0x00000000002D413C
mem[X,0x000000008002A880] -> 0x1513
mem[X,0x000000008002A882] -> 0x00A5
[5146] [M]: 0x000000008002A880 (0x00A51513) slli a0, a0, 0xa
x10 <- 0x00000000B504F000
mem[X,0x000000008002A884] -> 0x0513
mem[X,0x000000008002A886] -> 0x3335
[5147] [M]: 0x000000008002A884 (0x33350513) addi a0, a0, 0x333
x10 <- 0x00000000B504F333
mem[X,0x000000008002A888] -> 0x55B7
mem[X,0x000000008002A88A] -> 0x5555
[5148] [M]: 0x000000008002A888 (0x555555B7) lui a1, 0x55555
x11 <- 0x0000000055555000
mem[X,0x000000008002A88C] -> 0x8593
mem[X,0x000000008002A88E] -> 0x5555
[5149] [M]: 0x000000008002A88C (0x55558593) addi a1, a1, 0x555
x11 <- 0x0000000055555555
mem[X,0x000000008002A890] -> 0x9593
mem[X,0x000000008002A892] -> 0x00B5
[5150] [M]: 0x000000008002A890 (0x00B59593) slli a1, a1, 0xb
x11 <- 0x000002AAAAAAA800
mem[X,0x000000008002A894] -> 0x8593
mem[X,0x000000008002A896] -> 0x2AA5
[5151] [M]: 0x000000008002A894 (0x2AA58593) addi a1, a1, 0x2aa
x11 <- 0x000002AAAAAAAAAA
mem[X,0x000000008002A898] -> 0x9593
mem[X,0x000000008002A89A] -> 0x00B5
[5152] [M]: 0x000000008002A898 (0x00B59593) slli a1, a1, 0xb
x11 <- 0x0015555555555000
mem[X,0x000000008002A89C] -> 0x8593
mem[X,0x000000008002A89E] -> 0x5555
[5153] [M]: 0x000000008002A89C (0x55558593) addi a1, a1, 0x555
x11 <- 0x0015555555555555
mem[X,0x000000008002A8A0] -> 0x9593
mem[X,0x000000008002A8A2] -> 0x00A5
[5154] [M]: 0x000000008002A8A0 (0x00A59593) slli a1, a1, 0xa
x11 <- 0x5555555555555400
mem[X,0x000000008002A8A4] -> 0x8593
mem[X,0x000000008002A8A6] -> 0x1545
[5155] [M]: 0x000000008002A8A4 (0x15458593) addi a1, a1, 0x154
x11 <- 0x5555555555555554
mem[X,0x000000008002A8A8] -> 0x0113
mem[X,0x000000008002A8AA] -> 0x0000
[5156] [M]: 0x000000008002A8A8 (0x00000113) addi sp, zero, 0x0
x2 <- 0x0000000000000000
mem[X,0x000000008002A8AC] -> 0x006F
mem[X,0x000000008002A8AE] -> 0x0100
[5157] [M]: 0x000000008002A8AC (0x0100006F) jal zero, 0x10
mem[X,0x000000008002A8BC] -> 0x4AE3
mem[X,0x000000008002A8BE] -> 0xFEB5
[5158] [M]: 0x000000008002A8BC (0xFEB54AE3) blt a0, a1, -0xc
mem[X,0x000000008002A8B0] -> 0x0113
mem[X,0x000000008002A8B2] -> 0x0011
[5159] [M]: 0x000000008002A8B0 (0x00110113) addi sp, sp, 0x1
x2 <- 0x0000000000000001
mem[X,0x000000008002A8B4] -> 0x006F
mem[X,0x000000008002A8B6] -> 0x01C0
[5160] [M]: 0x000000008002A8B4 (0x01C0006F) jal zero, 0x1c
mem[X,0x000000008002A8D0] -> 0xBC23
mem[X,0x000000008002A8D2] -> 0x2220
[5161] [M]: 0x000000008002A8D0 (0x2220BC23) sd sp, 0x238(ra)
mem[0x000000008004FC10] <- 0x0000000000000001
mem[X,0x000000008002A8D4] -> 0x0537
mem[X,0x000000008002A8D6] -> 0x0000
[5162] [M]: 0x000000008002A8D4 (0x00000537) lui a0, 0x0
x10 <- 0x0000000000000000
mem[X,0x000000008002A8D8] -> 0x0513
mem[X,0x000000008002A8DA] -> 0x0005
[5163] [M]: 0x000000008002A8D8 (0x00050513) addi a0, a0, 0x0
x10 <- 0x0000000000000000
mem[X,0x000000008002A8DC] -> 0x1513
mem[X,0x000000008002A8DE] -> 0x00B5
[5164] [M]: 0x000000008002A8DC (0x00B51513) slli a0, a0, 0xb
x10 <- 0x0000000000000000
mem[X,0x000000008002A8E0] -> 0x0513
mem[X,0x000000008002A8E2] -> 0x5A85
[5165] [M]: 0x000000008002A8E0 (0x5A850513) addi a0, a0, 0x5a8
x10 <- 0x00000000000005A8
mem[X,0x000000008002A8E4] -> 0x1513
mem[X,0x000000008002A8E6] -> 0x00B5
[5166] [M]: 0x000000008002A8E4 (0x00B51513) slli a0, a0, 0xb
x10 <- 0x00000000002D4000
mem[X,0x000000008002A8E8] -> 0x0513
mem[X,0x000000008002A8EA] -> 0x13C5
[5167] [M]: 0x000000008002A8E8 (0x13C50513) addi a0, a0, 0x13c
x10 <- 0x00000000002D413C
mem[X,0x000000008002A8EC] -> 0x1513
mem[X,0x000000008002A8EE] -> 0x00A5
[5168] [M]: 0x000000008002A8EC (0x00A51513) slli a0, a0, 0xa
x10 <- 0x00000000B504F000
mem[X,0x000000008002A8F0] -> 0x0513
mem[X,0x000000008002A8F2] -> 0x3335
[5169] [M]: 0x000000008002A8F0 (0x33350513) addi a0, a0, 0x333
x10 <- 0x00000000B504F333
mem[X,0x000000008002A8F4] -> 0x0593
mem[X,0x000000008002A8F6] -> 0x0000
[5170] [M]: 0x000000008002A8F4 (0x00000593) addi a1, zero, 0x0
x11 <- 0x0000000000000000
mem[X,0x000000008002A8F8] -> 0x0113
mem[X,0x000000008002A8FA] -> 0x0000
[5171] [M]: 0x000000008002A8F8 (0x00000113) addi sp, zero, 0x0
x2 <- 0x0000000000000000
mem[X,0x000000008002A8FC] -> 0x006F
mem[X,0x000000008002A8FE] -> 0x00C0
[5172] [M]: 0x000000008002A8FC (0x00C0006F) jal zero, 0xc
mem[X,0x000000008002A908] -> 0x4CE3
mem[X,0x000000008002A90A] -> 0xFEB5
[5173] [M]: 0x000000008002A908 (0xFEB54CE3) blt a0, a1, -0x8
mem[X,0x000000008002A90C] -> 0x0113
mem[X,0x000000008002A90E] -> 0x0021
[5174] [M]: 0x000000008002A90C (0x00210113) addi sp, sp, 0x2
x2 <- 0x0000000000000002
mem[X,0x000000008002A910] -> 0x006F
mem[X,0x000000008002A912] -> 0x00C0
[5175] [M]: 0x000000008002A910 (0x00C0006F) jal zero, 0xc
mem[X,0x000000008002A91C] -> 0xB023
mem[X,0x000000008002A91E] -> 0x2420
[5176] [M]: 0x000000008002A91C (0x2420B023) sd sp, 0x240(ra)
mem[0x000000008004FC18] <- 0x0000000000000002
mem[X,0x000000008002A920] -> 0x0537
mem[X,0x000000008002A922] -> 0x0000
[5177] [M]: 0x000000008002A920 (0x00000537) lui a0, 0x0
x10 <- 0x0000000000000000
mem[X,0x000000008002A924] -> 0x0513
mem[X,0x000000008002A926] -> 0x0005
[5178] [M]: 0x000000008002A924 (0x00050513) addi a0, a0, 0x0
x10 <- 0x0000000000000000
mem[X,0x000000008002A928] -> 0x1513
mem[X,0x000000008002A92A] -> 0x00B5
[5179] [M]: 0x000000008002A928 (0x00B51513) slli a0, a0, 0xb
x10 <- 0x0000000000000000
mem[X,0x000000008002A92C] -> 0x0513
mem[X,0x000000008002A92E] -> 0x5A85
[5180] [M]: 0x000000008002A92C (0x5A850513) addi a0, a0, 0x5a8
x10 <- 0x00000000000005A8
mem[X,0x000000008002A930] -> 0x1513
mem[X,0x000000008002A932] -> 0x00B5
[5181] [M]: 0x000000008002A930 (0x00B51513) slli a0, a0, 0xb
x10 <- 0x00000000002D4000
mem[X,0x000000008002A934] -> 0x0513
mem[X,0x000000008002A936] -> 0x13C5
[5182] [M]: 0x000000008002A934 (0x13C50513) addi a0, a0, 0x13c
x10 <- 0x00000000002D413C
mem[X,0x000000008002A938] -> 0x1513
mem[X,0x000000008002A93A] -> 0x00A5
[5183] [M]: 0x000000008002A938 (0x00A51513) slli a0, a0, 0xa
x10 <- 0x00000000B504F000
mem[X,0x000000008002A93C] -> 0x0513
mem[X,0x000000008002A93E] -> 0x3335
[5184] [M]: 0x000000008002A93C (0x33350513) addi a0, a0, 0x333
x10 <- 0x00000000B504F333
mem[X,0x000000008002A940] -> 0x0593
mem[X,0x000000008002A942] -> 0x0040
[5185] [M]: 0x000000008002A940 (0x00400593) addi a1, zero, 0x4
x11 <- 0x0000000000000004
mem[X,0x000000008002A944] -> 0x0113
mem[X,0x000000008002A946] -> 0x0000
[5186] [M]: 0x000000008002A944 (0x00000113) addi sp, zero, 0x0
x2 <- 0x0000000000000000
mem[X,0x000000008002A948] -> 0x006F
mem[X,0x000000008002A94A] -> 0x00C0
[5187] [M]: 0x000000008002A948 (0x00C0006F) jal zero, 0xc
mem[X,0x000000008002A954] -> 0x4663
mem[X,0x000000008002A956] -> 0x00B5
[5188] [M]: 0x000000008002A954 (0x00B54663) blt a0, a1, 0xc
mem[X,0x000000008002A958] -> 0x0113
mem[X,0x000000008002A95A] -> 0x0021
[5189] [M]: 0x000000008002A958 (0x00210113) addi sp, sp, 0x2
x2 <- 0x0000000000000002
mem[X,0x000000008002A95C] -> 0x006F
mem[X,0x000000008002A95E] -> 0x00C0
[5190] [M]: 0x000000008002A95C (0x00C0006F) jal zero, 0xc
mem[X,0x000000008002A968] -> 0xB423
mem[X,0x000000008002A96A] -> 0x2420
[5191] [M]: 0x000000008002A968 (0x2420B423) sd sp, 0x248(ra)
mem[0x000000008004FC20] <- 0x0000000000000002
mem[X,0x000000008002A96C] -> 0x0537
mem[X,0x000000008002A96E] -> 0x0000
[5192] [M]: 0x000000008002A96C (0x00000537) lui a0, 0x0
x10 <- 0x0000000000000000
mem[X,0x000000008002A970] -> 0x0513
mem[X,0x000000008002A972] -> 0x0005
[5193] [M]: 0x000000008002A970 (0x00050513) addi a0, a0, 0x0
x10 <- 0x0000000000000000
mem[X,0x000000008002A974] -> 0x1513
mem[X,0x000000008002A976] -> 0x00B5
[5194] [M]: 0x000000008002A974 (0x00B51513) slli a0, a0, 0xb
x10 <- 0x0000000000000000
mem[X,0x000000008002A978] -> 0x0513
mem[X,0x000000008002A97A] -> 0x5A85
[5195] [M]: 0x000000008002A978 (0x5A850513) addi a0, a0, 0x5a8
x10 <- 0x00000000000005A8
mem[X,0x000000008002A97C] -> 0x1513
mem[X,0x000000008002A97E] -> 0x00B5
[5196] [M]: 0x000000008002A97C (0x00B51513) slli a0, a0, 0xb
x10 <- 0x00000000002D4000
mem[X,0x000000008002A980] -> 0x0513
mem[X,0x000000008002A982] -> 0x13C5
[5197] [M]: 0x000000008002A980 (0x13C50513) addi a0, a0, 0x13c
x10 <- 0x00000000002D413C
mem[X,0x000000008002A984] -> 0x1513
mem[X,0x000000008002A986] -> 0x00A5
[5198] [M]: 0x000000008002A984 (0x00A51513) slli a0, a0, 0xa
x10 <- 0x00000000B504F000
mem[X,0x000000008002A988] -> 0x0513
mem[X,0x000000008002A98A] -> 0x3335
[5199] [M]: 0x000000008002A988 (0x33350513) addi a0, a0, 0x333
x10 <- 0x00000000B504F333
clint::tick mtime <- 0x0000000000000034
 clint timer pending at mtime 0x0000000000000034
htif::tick 0x0000000000000000
mem[X,0x000000008002A98C] -> 0x35B7
mem[X,0x000000008002A98E] -> 0x3333
[5200] [M]: 0x000000008002A98C (0x333335B7) lui a1, 0x33333
x11 <- 0x0000000033333000
mem[X,0x000000008002A990] -> 0x8593
mem[X,0x000000008002A992] -> 0x3335
[5201] [M]: 0x000000008002A990 (0x33358593) addi a1, a1, 0x333
x11 <- 0x0000000033333333
mem[X,0x000000008002A994] -> 0x9593
mem[X,0x000000008002A996] -> 0x00B5
[5202] [M]: 0x000000008002A994 (0x00B59593) slli a1, a1, 0xb
x11 <- 0x0000019999999800
mem[X,0x000000008002A998] -> 0x8593
mem[X,0x000000008002A99A] -> 0x1995
[5203] [M]: 0x000000008002A998 (0x19958593) addi a1, a1, 0x199
x11 <- 0x0000019999999999
mem[X,0x000000008002A99C] -> 0x9593
mem[X,0x000000008002A99E] -> 0x00B5
[5204] [M]: 0x000000008002A99C (0x00B59593) slli a1, a1, 0xb
x11 <- 0x000CCCCCCCCCC800
mem[X,0x000000008002A9A0] -> 0x8593
mem[X,0x000000008002A9A2] -> 0x4CC5
[5205] [M]: 0x000000008002A9A0 (0x4CC58593) addi a1, a1, 0x4cc
x11 <- 0x000CCCCCCCCCCCCC
mem[X,0x000000008002A9A4] -> 0x9593
mem[X,0x000000008002A9A6] -> 0x00A5
[5206] [M]: 0x000000008002A9A4 (0x00A59593) slli a1, a1, 0xa
x11 <- 0x3333333333333000
mem[X,0x000000008002A9A8] -> 0x8593
mem[X,0x000000008002A9AA] -> 0x3325
[5207] [M]: 0x000000008002A9A8 (0x33258593) addi a1, a1, 0x332
x11 <- 0x3333333333333332
mem[X,0x000000008002A9AC] -> 0x0113
mem[X,0x000000008002A9AE] -> 0x0000
[5208] [M]: 0x000000008002A9AC (0x00000113) addi sp, zero, 0x0
x2 <- 0x0000000000000000
mem[X,0x000000008002A9B0] -> 0x006F
mem[X,0x000000008002A9B2] -> 0x00C0
[5209] [M]: 0x000000008002A9B0 (0x00C0006F) jal zero, 0xc
mem[X,0x000000008002A9BC] -> 0x4663
mem[X,0x000000008002A9BE] -> 0x00B5
[5210] [M]: 0x000000008002A9BC (0x00B54663) blt a0, a1, 0xc
mem[X,0x000000008002A9C8] -> 0x0113
mem[X,0x000000008002A9CA] -> 0x0031
[5211] [M]: 0x000000008002A9C8 (0x00310113) addi sp, sp, 0x3
x2 <- 0x0000000000000003
mem[X,0x000000008002A9CC] -> 0x006F
mem[X,0x000000008002A9CE] -> 0x0040
[5212] [M]: 0x000000008002A9CC (0x0040006F) jal zero, 0x4
mem[X,0x000000008002A9D0] -> 0xB823
mem[X,0x000000008002A9D2] -> 0x2420
[5213] [M]: 0x000000008002A9D0 (0x2420B823) sd sp, 0x250(ra)
mem[0x000000008004FC28] <- 0x0000000000000003
mem[X,0x000000008002A9D4] -> 0x0537
mem[X,0x000000008002A9D6] -> 0x0000
[5214] [M]: 0x000000008002A9D4 (0x00000537) lui a0, 0x0
x10 <- 0x0000000000000000
mem[X,0x000000008002A9D8] -> 0x0513
mem[X,0x000000008002A9DA] -> 0x0005
[5215] [M]: 0x000000008002A9D8 (0x00050513) addi a0, a0, 0x0
x10 <- 0x0000000000000000
mem[X,0x000000008002A9DC] -> 0x1513
mem[X,0x000000008002A9DE] -> 0x00B5
[5216] [M]: 0x000000008002A9DC (0x00B51513) slli a0, a0, 0xb
x10 <- 0x0000000000000000
mem[X,0x000000008002A9E0] -> 0x0513
mem[X,0x000000008002A9E2] -> 0x5A85
[5217] [M]: 0x000000008002A9E0 (0x5A850513) addi a0, a0, 0x5a8
x10 <- 0x00000000000005A8
mem[X,0x000000008002A9E4] -> 0x1513
mem[X,0x000000008002A9E6] -> 0x00B5
[5218] [M]: 0x000000008002A9E4 (0x00B51513) slli a0, a0, 0xb
x10 <- 0x00000000002D4000
mem[X,0x000000008002A9E8] -> 0x0513
mem[X,0x000000008002A9EA] -> 0x13C5
[5219] [M]: 0x000000008002A9E8 (0x13C50513) addi a0, a0, 0x13c
x10 <- 0x00000000002D413C
mem[X,0x000000008002A9EC] -> 0x1513
mem[X,0x000000008002A9EE] -> 0x00A5
[5220] [M]: 0x000000008002A9EC (0x00A51513) slli a0, a0, 0xa
x10 <- 0x00000000B504F000
mem[X,0x000000008002A9F0] -> 0x0513
mem[X,0x000000008002A9F2] -> 0x3335
[5221] [M]: 0x000000008002A9F0 (0x33350513) addi a0, a0, 0x333
x10 <- 0x00000000B504F333
mem[X,0x000000008002A9F4] -> 0x65B7
mem[X,0x000000008002A9F6] -> 0x6666
[5222] [M]: 0x000000008002A9F4 (0x666665B7) lui a1, 0x66666
x11 <- 0x0000000066666000
mem[X,0x000000008002A9F8] -> 0x8593
mem[X,0x000000008002A9FA] -> 0x6665
[5223] [M]: 0x000000008002A9F8 (0x66658593) addi a1, a1, 0x666
x11 <- 0x0000000066666666
mem[X,0x000000008002A9FC] -> 0x9593
mem[X,0x000000008002A9FE] -> 0x00B5
[5224] [M]: 0x000000008002A9FC (0x00B59593) slli a1, a1, 0xb
x11 <- 0x0000033333333000
mem[X,0x000000008002AA00] -> 0x8593
mem[X,0x000000008002AA02] -> 0x3335
[5225] [M]: 0x000000008002AA00 (0x33358593) addi a1, a1, 0x333
x11 <- 0x0000033333333333
mem[X,0x000000008002AA04] -> 0x9593
mem[X,0x000000008002AA06] -> 0x00B5
[5226] [M]: 0x000000008002AA04 (0x00B59593) slli a1, a1, 0xb
x11 <- 0x0019999999999800
mem[X,0x000000008002AA08] -> 0x8593
mem[X,0x000000008002AA0A] -> 0x1995
[5227] [M]: 0x000000008002AA08 (0x19958593) addi a1, a1, 0x199
x11 <- 0x0019999999999999
mem[X,0x000000008002AA0C] -> 0x9593
mem[X,0x000000008002AA0E] -> 0x00A5
[5228] [M]: 0x000000008002AA0C (0x00A59593) slli a1, a1, 0xa
x11 <- 0x6666666666666400
mem[X,0x000000008002AA10] -> 0x8593
mem[X,0x000000008002AA12] -> 0x2655
[5229] [M]: 0x000000008002AA10 (0x26558593) addi a1, a1, 0x265
x11 <- 0x6666666666666665
mem[X,0x000000008002AA14] -> 0x0113
mem[X,0x000000008002AA16] -> 0x0000
[5230] [M]: 0x000000008002AA14 (0x00000113) addi sp, zero, 0x0
x2 <- 0x0000000000000000
mem[X,0x000000008002AA18] -> 0x006F
mem[X,0x000000008002AA1A] -> 0x00C0
[5231] [M]: 0x000000008002AA18 (0x00C0006F) jal zero, 0xc
mem[X,0x000000008002AA24] -> 0x4063
mem[X,0x000000008002AA26] -> 0x20B5
[5232] [M]: 0x000000008002AA24 (0x20B54063) blt a0, a1, 0x200
mem[X,0x000000008002AC24] -> 0x0113
mem[X,0x000000008002AC26] -> 0x0031
[5233] [M]: 0x000000008002AC24 (0x00310113) addi sp, sp, 0x3
x2 <- 0x0000000000000003
mem[X,0x000000008002AC28] -> 0x006F
mem[X,0x000000008002AC2A] -> 0x0040
[5234] [M]: 0x000000008002AC28 (0x0040006F) jal zero, 0x4
mem[X,0x000000008002AC2C] -> 0xBC23
mem[X,0x000000008002AC2E] -> 0x2420
[5235] [M]: 0x000000008002AC2C (0x2420BC23) sd sp, 0x258(ra)
mem[0x000000008004FC30] <- 0x0000000000000003
mem[X,0x000000008002AC30] -> 0x0537
mem[X,0x000000008002AC32] -> 0x0000
[5236] [M]: 0x000000008002AC30 (0x00000537) lui a0, 0x0
x10 <- 0x0000000000000000
mem[X,0x000000008002AC34] -> 0x0513
mem[X,0x000000008002AC36] -> 0x0005
[5237] [M]: 0x000000008002AC34 (0x00050513) addi a0, a0, 0x0
x10 <- 0x0000000000000000
mem[X,0x000000008002AC38] -> 0x1513
mem[X,0x000000008002AC3A] -> 0x00B5
[5238] [M]: 0x000000008002AC38 (0x00B51513) slli a0, a0, 0xb
x10 <- 0x0000000000000000
mem[X,0x000000008002AC3C] -> 0x0513
mem[X,0x000000008002AC3E] -> 0x5A85
[5239] [M]: 0x000000008002AC3C (0x5A850513) addi a0, a0, 0x5a8
x10 <- 0x00000000000005A8
mem[X,0x000000008002AC40] -> 0x1513
mem[X,0x000000008002AC42] -> 0x00B5
[5240] [M]: 0x000000008002AC40 (0x00B51513) slli a0, a0, 0xb
x10 <- 0x00000000002D4000
mem[X,0x000000008002AC44] -> 0x0513
mem[X,0x000000008002AC46] -> 0x13C5
[5241] [M]: 0x000000008002AC44 (0x13C50513) addi a0, a0, 0x13c
x10 <- 0x00000000002D413C
mem[X,0x000000008002AC48] -> 0x1513
mem[X,0x000000008002AC4A] -> 0x00A5
[5242] [M]: 0x000000008002AC48 (0x00A51513) slli a0, a0, 0xa
x10 <- 0x00000000B504F000
mem[X,0x000000008002AC4C] -> 0x0513
mem[X,0x000000008002AC4E] -> 0x3335
[5243] [M]: 0x000000008002AC4C (0x33350513) addi a0, a0, 0x333
x10 <- 0x00000000B504F333
mem[X,0x000000008002AC50] -> 0x05B7
mem[X,0x000000008002AC52] -> 0x0000
[5244] [M]: 0x000000008002AC50 (0x000005B7) lui a1, 0x0
x11 <- 0x0000000000000000
mem[X,0x000000008002AC54] -> 0x8593
mem[X,0x000000008002AC56] -> 0x0005
[5245] [M]: 0x000000008002AC54 (0x00058593) addi a1, a1, 0x0
x11 <- 0x0000000000000000
mem[X,0x000000008002AC58] -> 0x9593
mem[X,0x000000008002AC5A] -> 0x00B5
[5246] [M]: 0x000000008002AC58 (0x00B59593) slli a1, a1, 0xb
x11 <- 0x0000000000000000
mem[X,0x000000008002AC5C] -> 0x8593
mem[X,0x000000008002AC5E] -> 0x5A85
[5247] [M]: 0x000000008002AC5C (0x5A858593) addi a1, a1, 0x5a8
x11 <- 0x00000000000005A8
mem[X,0x000000008002AC60] -> 0x9593
mem[X,0x000000008002AC62] -> 0x00B5
[5248] [M]: 0x000000008002AC60 (0x00B59593) slli a1, a1, 0xb
x11 <- 0x00000000002D4000
mem[X,0x000000008002AC64] -> 0x8593
mem[X,0x000000008002AC66] -> 0x13C5
[5249] [M]: 0x000000008002AC64 (0x13C58593) addi a1, a1, 0x13c
x11 <- 0x00000000002D413C
mem[X,0x000000008002AC68] -> 0x9593
mem[X,0x000000008002AC6A] -> 0x00A5
[5250] [M]: 0x000000008002AC68 (0x00A59593) slli a1, a1, 0xa
x11 <- 0x00000000B504F000
mem[X,0x000000008002AC6C] -> 0x8593
mem[X,0x000000008002AC6E] -> 0x3325
[5251] [M]: 0x000000008002AC6C (0x33258593) addi a1, a1, 0x332
x11 <- 0x00000000B504F332
mem[X,0x000000008002AC70] -> 0x0113
mem[X,0x000000008002AC72] -> 0x0000
[5252] [M]: 0x000000008002AC70 (0x00000113) addi sp, zero, 0x0
x2 <- 0x0000000000000000
mem[X,0x000000008002AC74] -> 0x006F
mem[X,0x000000008002AC76] -> 0x00C0
[5253] [M]: 0x000000008002AC74 (0x00C0006F) jal zero, 0xc
mem[X,0x000000008002AC80] -> 0x4663
mem[X,0x000000008002AC82] -> 0x00B5
[5254] [M]: 0x000000008002AC80 (0x00B54663) blt a0, a1, 0xc
mem[X,0x000000008002AC84] -> 0x0113
mem[X,0x000000008002AC86] -> 0x0021
[5255] [M]: 0x000000008002AC84 (0x00210113) addi sp, sp, 0x2
x2 <- 0x0000000000000002
mem[X,0x000000008002AC88] -> 0x006F
mem[X,0x000000008002AC8A] -> 0x00C0
[5256] [M]: 0x000000008002AC88 (0x00C0006F) jal zero, 0xc
mem[X,0x000000008002AC94] -> 0xB023
mem[X,0x000000008002AC96] -> 0x2620
[5257] [M]: 0x000000008002AC94 (0x2620B023) sd sp, 0x260(ra)
mem[0x000000008004FC38] <- 0x0000000000000002
mem[X,0x000000008002AC98] -> 0x0537
mem[X,0x000000008002AC9A] -> 0x0000
[5258] [M]: 0x000000008002AC98 (0x00000537) lui a0, 0x0
x10 <- 0x0000000000000000
mem[X,0x000000008002AC9C] -> 0x0513
mem[X,0x000000008002AC9E] -> 0x0005
[5259] [M]: 0x000000008002AC9C (0x00050513) addi a0, a0, 0x0
x10 <- 0x0000000000000000
mem[X,0x000000008002ACA0] -> 0x1513
mem[X,0x000000008002ACA2] -> 0x00B5
[5260] [M]: 0x000000008002ACA0 (0x00B51513) slli a0, a0, 0xb
x10 <- 0x0000000000000000
mem[X,0x000000008002ACA4] -> 0x0513
mem[X,0x000000008002ACA6] -> 0x5A85
[5261] [M]: 0x000000008002ACA4 (0x5A850513) addi a0, a0, 0x5a8
x10 <- 0x00000000000005A8
mem[X,0x000000008002ACA8] -> 0x1513
mem[X,0x000000008002ACAA] -> 0x00B5
[5262] [M]: 0x000000008002ACA8 (0x00B51513) slli a0, a0, 0xb
x10 <- 0x00000000002D4000
mem[X,0x000000008002ACAC] -> 0x0513
mem[X,0x000000008002ACAE] -> 0x13C5
[5263] [M]: 0x000000008002ACAC (0x13C50513) addi a0, a0, 0x13c
x10 <- 0x00000000002D413C
mem[X,0x000000008002ACB0] -> 0x1513
mem[X,0x000000008002ACB2] -> 0x00A5
[5264] [M]: 0x000000008002ACB0 (0x00A51513) slli a0, a0, 0xa
x10 <- 0x00000000B504F000
mem[X,0x000000008002ACB4] -> 0x0513
mem[X,0x000000008002ACB6] -> 0x3335
[5265] [M]: 0x000000008002ACB4 (0x33350513) addi a0, a0, 0x333
x10 <- 0x00000000B504F333
mem[X,0x000000008002ACB8] -> 0x55B7
mem[X,0x000000008002ACBA] -> 0x5555
[5266] [M]: 0x000000008002ACB8 (0x555555B7) lui a1, 0x55555
x11 <- 0x0000000055555000
mem[X,0x000000008002ACBC] -> 0x8593
mem[X,0x000000008002ACBE] -> 0x5555
[5267] [M]: 0x000000008002ACBC (0x55558593) addi a1, a1, 0x555
x11 <- 0x0000000055555555
mem[X,0x000000008002ACC0] -> 0x9593
mem[X,0x000000008002ACC2] -> 0x00B5
[5268] [M]: 0x000000008002ACC0 (0x00B59593) slli a1, a1, 0xb
x11 <- 0x000002AAAAAAA800
mem[X,0x000000008002ACC4] -> 0x8593
mem[X,0x000000008002ACC6] -> 0x2AA5
[5269] [M]: 0x000000008002ACC4 (0x2AA58593) addi a1, a1, 0x2aa
x11 <- 0x000002AAAAAAAAAA
mem[X,0x000000008002ACC8] -> 0x9593
mem[X,0x000000008002ACCA] -> 0x00B5
[5270] [M]: 0x000000008002ACC8 (0x00B59593) slli a1, a1, 0xb
x11 <- 0x0015555555555000
mem[X,0x000000008002ACCC] -> 0x8593
mem[X,0x000000008002ACCE] -> 0x5555
[5271] [M]: 0x000000008002ACCC (0x55558593) addi a1, a1, 0x555
x11 <- 0x0015555555555555
mem[X,0x000000008002ACD0] -> 0x9593
mem[X,0x000000008002ACD2] -> 0x00A5
[5272] [M]: 0x000000008002ACD0 (0x00A59593) slli a1, a1, 0xa
x11 <- 0x5555555555555400
mem[X,0x000000008002ACD4] -> 0x8593
mem[X,0x000000008002ACD6] -> 0x1565
[5273] [M]: 0x000000008002ACD4 (0x15658593) addi a1, a1, 0x156
x11 <- 0x5555555555555556
mem[X,0x000000008002ACD8] -> 0x0113
mem[X,0x000000008002ACDA] -> 0x0000
[5274] [M]: 0x000000008002ACD8 (0x00000113) addi sp, zero, 0x0
x2 <- 0x0000000000000000
mem[X,0x000000008002ACDC] -> 0x006F
mem[X,0x000000008002ACDE] -> 0x00C0
[5275] [M]: 0x000000008002ACDC (0x00C0006F) jal zero, 0xc
mem[X,0x000000008002ACE8] -> 0x4063
mem[X,0x000000008002ACEA] -> 0x08B5
[5276] [M]: 0x000000008002ACE8 (0x08B54063) blt a0, a1, 0x80
mem[X,0x000000008002AD68] -> 0x0113
mem[X,0x000000008002AD6A] -> 0x0031
[5277] [M]: 0x000000008002AD68 (0x00310113) addi sp, sp, 0x3
x2 <- 0x0000000000000003
mem[X,0x000000008002AD6C] -> 0x006F
mem[X,0x000000008002AD6E] -> 0x0040
[5278] [M]: 0x000000008002AD6C (0x0040006F) jal zero, 0x4
mem[X,0x000000008002AD70] -> 0xB423
mem[X,0x000000008002AD72] -> 0x2620
[5279] [M]: 0x000000008002AD70 (0x2620B423) sd sp, 0x268(ra)
mem[0x000000008004FC40] <- 0x0000000000000003
mem[X,0x000000008002AD74] -> 0x0537
mem[X,0x000000008002AD76] -> 0x0000
[5280] [M]: 0x000000008002AD74 (0x00000537) lui a0, 0x0
x10 <- 0x0000000000000000
mem[X,0x000000008002AD78] -> 0x0513
mem[X,0x000000008002AD7A] -> 0x0005
[5281] [M]: 0x000000008002AD78 (0x00050513) addi a0, a0, 0x0
x10 <- 0x0000000000000000
mem[X,0x000000008002AD7C] -> 0x1513
mem[X,0x000000008002AD7E] -> 0x00B5
[5282] [M]: 0x000000008002AD7C (0x00B51513) slli a0, a0, 0xb
x10 <- 0x0000000000000000
mem[X,0x000000008002AD80] -> 0x0513
mem[X,0x000000008002AD82] -> 0x5A85
[5283] [M]: 0x000000008002AD80 (0x5A850513) addi a0, a0, 0x5a8
x10 <- 0x00000000000005A8
mem[X,0x000000008002AD84] -> 0x1513
mem[X,0x000000008002AD86] -> 0x00B5
[5284] [M]: 0x000000008002AD84 (0x00B51513) slli a0, a0, 0xb
x10 <- 0x00000000002D4000
mem[X,0x000000008002AD88] -> 0x0513
mem[X,0x000000008002AD8A] -> 0x13C5
[5285] [M]: 0x000000008002AD88 (0x13C50513) addi a0, a0, 0x13c
x10 <- 0x00000000002D413C
mem[X,0x000000008002AD8C] -> 0x1513
mem[X,0x000000008002AD8E] -> 0x00A5
[5286] [M]: 0x000000008002AD8C (0x00A51513) slli a0, a0, 0xa
x10 <- 0x00000000B504F000
mem[X,0x000000008002AD90] -> 0x0513
mem[X,0x000000008002AD92] -> 0x3335
[5287] [M]: 0x000000008002AD90 (0x33350513) addi a0, a0, 0x333
x10 <- 0x00000000B504F333
mem[X,0x000000008002AD94] -> 0xB5B7
mem[X,0x000000008002AD96] -> 0xAAAA
[5288] [M]: 0x000000008002AD94 (0xAAAAB5B7) lui a1, -0x55555
x11 <- 0xFFFFFFFFAAAAB000
mem[X,0x000000008002AD98] -> 0x8593
mem[X,0x000000008002AD9A] -> 0xAAA5
[5289] [M]: 0x000000008002AD98 (0xAAA58593) addi a1, a1, -0x556
x11 <- 0xFFFFFFFFAAAAAAAA
mem[X,0x000000008002AD9C] -> 0x9593
mem[X,0x000000008002AD9E] -> 0x00B5
[5290] [M]: 0x000000008002AD9C (0x00B59593) slli a1, a1, 0xb
x11 <- 0xFFFFFD5555555000
mem[X,0x000000008002ADA0] -> 0x8593
mem[X,0x000000008002ADA2] -> 0x5555
[5291] [M]: 0x000000008002ADA0 (0x55558593) addi a1, a1, 0x555
x11 <- 0xFFFFFD5555555555
mem[X,0x000000008002ADA4] -> 0x9593
mem[X,0x000000008002ADA6] -> 0x00B5
[5292] [M]: 0x000000008002ADA4 (0x00B59593) slli a1, a1, 0xb
x11 <- 0xFFEAAAAAAAAAA800
mem[X,0x000000008002ADA8] -> 0x8593
mem[X,0x000000008002ADAA] -> 0x2AA5
[5293] [M]: 0x000000008002ADA8 (0x2AA58593) addi a1, a1, 0x2aa
x11 <- 0xFFEAAAAAAAAAAAAA
mem[X,0x000000008002ADAC] -> 0x9593
mem[X,0x000000008002ADAE] -> 0x00A5
[5294] [M]: 0x000000008002ADAC (0x00A59593) slli a1, a1, 0xa
x11 <- 0xAAAAAAAAAAAAA800
mem[X,0x000000008002ADB0] -> 0x8593
mem[X,0x000000008002ADB2] -> 0x2AB5
[5295] [M]: 0x000000008002ADB0 (0x2AB58593) addi a1, a1, 0x2ab
x11 <- 0xAAAAAAAAAAAAAAAB
mem[X,0x000000008002ADB4] -> 0x0113
mem[X,0x000000008002ADB6] -> 0x0000
[5296] [M]: 0x000000008002ADB4 (0x00000113) addi sp, zero, 0x0
x2 <- 0x0000000000000000
mem[X,0x000000008002ADB8] -> 0x006F
mem[X,0x000000008002ADBA] -> 0x00C0
[5297] [M]: 0x000000008002ADB8 (0x00C0006F) jal zero, 0xc
mem[X,0x000000008002ADC4] -> 0x4663
mem[X,0x000000008002ADC6] -> 0x00B5
[5298] [M]: 0x000000008002ADC4 (0x00B54663) blt a0, a1, 0xc
mem[X,0x000000008002ADC8] -> 0x0113
mem[X,0x000000008002ADCA] -> 0x0021
[5299] [M]: 0x000000008002ADC8 (0x00210113) addi sp, sp, 0x2
x2 <- 0x0000000000000002
clint::tick mtime <- 0x0000000000000035
 clint timer pending at mtime 0x0000000000000035
htif::tick 0x0000000000000000
mem[X,0x000000008002ADCC] -> 0x006F
mem[X,0x000000008002ADCE] -> 0x00C0
[5300] [M]: 0x000000008002ADCC (0x00C0006F) jal zero, 0xc
mem[X,0x000000008002ADD8] -> 0xB823
mem[X,0x000000008002ADDA] -> 0x2620
[5301] [M]: 0x000000008002ADD8 (0x2620B823) sd sp, 0x270(ra)
mem[0x000000008004FC48] <- 0x0000000000000002
mem[X,0x000000008002ADDC] -> 0x0537
mem[X,0x000000008002ADDE] -> 0x0000
[5302] [M]: 0x000000008002ADDC (0x00000537) lui a0, 0x0
x10 <- 0x0000000000000000
mem[X,0x000000008002ADE0] -> 0x0513
mem[X,0x000000008002ADE2] -> 0x0005
[5303] [M]: 0x000000008002ADE0 (0x00050513) addi a0, a0, 0x0
x10 <- 0x0000000000000000
mem[X,0x000000008002ADE4] -> 0x1513
mem[X,0x000000008002ADE6] -> 0x00B5
[5304] [M]: 0x000000008002ADE4 (0x00B51513) slli a0, a0, 0xb
x10 <- 0x0000000000000000
mem[X,0x000000008002ADE8] -> 0x0513
mem[X,0x000000008002ADEA] -> 0x5A85
[5305] [M]: 0x000000008002ADE8 (0x5A850513) addi a0, a0, 0x5a8
x10 <- 0x00000000000005A8
mem[X,0x000000008002ADEC] -> 0x1513
mem[X,0x000000008002ADEE] -> 0x00B5
[5306] [M]: 0x000000008002ADEC (0x00B51513) slli a0, a0, 0xb
x10 <- 0x00000000002D4000
mem[X,0x000000008002ADF0] -> 0x0513
mem[X,0x000000008002ADF2] -> 0x13C5
[5307] [M]: 0x000000008002ADF0 (0x13C50513) addi a0, a0, 0x13c
x10 <- 0x00000000002D413C
mem[X,0x000000008002ADF4] -> 0x1513
mem[X,0x000000008002ADF6] -> 0x00A5
[5308] [M]: 0x000000008002ADF4 (0x00A51513) slli a0, a0, 0xa
x10 <- 0x00000000B504F000
mem[X,0x000000008002ADF8] -> 0x0513
mem[X,0x000000008002ADFA] -> 0x3335
[5309] [M]: 0x000000008002ADF8 (0x33350513) addi a0, a0, 0x333
x10 <- 0x00000000B504F333
mem[X,0x000000008002ADFC] -> 0x0593
mem[X,0x000000008002ADFE] -> 0x0060
[5310] [M]: 0x000000008002ADFC (0x00600593) addi a1, zero, 0x6
x11 <- 0x0000000000000006
mem[X,0x000000008002AE00] -> 0x0113
mem[X,0x000000008002AE02] -> 0x0000
[5311] [M]: 0x000000008002AE00 (0x00000113) addi sp, zero, 0x0
x2 <- 0x0000000000000000
mem[X,0x000000008002AE04] -> 0x006F
mem[X,0x000000008002AE06] -> 0x00C0
[5312] [M]: 0x000000008002AE04 (0x00C0006F) jal zero, 0xc
mem[X,0x000000008002AE10] -> 0x4063
mem[X,0x000000008002AE12] -> 0x02B5
[5313] [M]: 0x000000008002AE10 (0x02B54063) blt a0, a1, 0x20
mem[X,0x000000008002AE14] -> 0x0113
mem[X,0x000000008002AE16] -> 0x0021
[5314] [M]: 0x000000008002AE14 (0x00210113) addi sp, sp, 0x2
x2 <- 0x0000000000000002
mem[X,0x000000008002AE18] -> 0x006F
mem[X,0x000000008002AE1A] -> 0x0200
[5315] [M]: 0x000000008002AE18 (0x0200006F) jal zero, 0x20
mem[X,0x000000008002AE38] -> 0xBC23
mem[X,0x000000008002AE3A] -> 0x2620
[5316] [M]: 0x000000008002AE38 (0x2620BC23) sd sp, 0x278(ra)
mem[0x000000008004FC50] <- 0x0000000000000002
mem[X,0x000000008002AE3C] -> 0x0537
mem[X,0x000000008002AE3E] -> 0x0000
[5317] [M]: 0x000000008002AE3C (0x00000537) lui a0, 0x0
x10 <- 0x0000000000000000
mem[X,0x000000008002AE40] -> 0x0513
mem[X,0x000000008002AE42] -> 0x0005
[5318] [M]: 0x000000008002AE40 (0x00050513) addi a0, a0, 0x0
x10 <- 0x0000000000000000
mem[X,0x000000008002AE44] -> 0x1513
mem[X,0x000000008002AE46] -> 0x00B5
[5319] [M]: 0x000000008002AE44 (0x00B51513) slli a0, a0, 0xb
x10 <- 0x0000000000000000
mem[X,0x000000008002AE48] -> 0x0513
mem[X,0x000000008002AE4A] -> 0x5A85
[5320] [M]: 0x000000008002AE48 (0x5A850513) addi a0, a0, 0x5a8
x10 <- 0x00000000000005A8
mem[X,0x000000008002AE4C] -> 0x1513
mem[X,0x000000008002AE4E] -> 0x00B5
[5321] [M]: 0x000000008002AE4C (0x00B51513) slli a0, a0, 0xb
x10 <- 0x00000000002D4000
mem[X,0x000000008002AE50] -> 0x0513
mem[X,0x000000008002AE52] -> 0x13C5
[5322] [M]: 0x000000008002AE50 (0x13C50513) addi a0, a0, 0x13c
x10 <- 0x00000000002D413C
mem[X,0x000000008002AE54] -> 0x1513
mem[X,0x000000008002AE56] -> 0x00A5
[5323] [M]: 0x000000008002AE54 (0x00A51513) slli a0, a0, 0xa
x10 <- 0x00000000B504F000
mem[X,0x000000008002AE58] -> 0x0513
mem[X,0x000000008002AE5A] -> 0x3335
[5324] [M]: 0x000000008002AE58 (0x33350513) addi a0, a0, 0x333
x10 <- 0x00000000B504F333
mem[X,0x000000008002AE5C] -> 0x35B7
mem[X,0x000000008002AE5E] -> 0x3333
[5325] [M]: 0x000000008002AE5C (0x333335B7) lui a1, 0x33333
x11 <- 0x0000000033333000
mem[X,0x000000008002AE60] -> 0x8593
mem[X,0x000000008002AE62] -> 0x3335
[5326] [M]: 0x000000008002AE60 (0x33358593) addi a1, a1, 0x333
x11 <- 0x0000000033333333
mem[X,0x000000008002AE64] -> 0x9593
mem[X,0x000000008002AE66] -> 0x00B5
[5327] [M]: 0x000000008002AE64 (0x00B59593) slli a1, a1, 0xb
x11 <- 0x0000019999999800
mem[X,0x000000008002AE68] -> 0x8593
mem[X,0x000000008002AE6A] -> 0x1995
[5328] [M]: 0x000000008002AE68 (0x19958593) addi a1, a1, 0x199
x11 <- 0x0000019999999999
mem[X,0x000000008002AE6C] -> 0x9593
mem[X,0x000000008002AE6E] -> 0x00B5
[5329] [M]: 0x000000008002AE6C (0x00B59593) slli a1, a1, 0xb
x11 <- 0x000CCCCCCCCCC800
mem[X,0x000000008002AE70] -> 0x8593
mem[X,0x000000008002AE72] -> 0x4CC5
[5330] [M]: 0x000000008002AE70 (0x4CC58593) addi a1, a1, 0x4cc
x11 <- 0x000CCCCCCCCCCCCC
mem[X,0x000000008002AE74] -> 0x9593
mem[X,0x000000008002AE76] -> 0x00A5
[5331] [M]: 0x000000008002AE74 (0x00A59593) slli a1, a1, 0xa
x11 <- 0x3333333333333000
mem[X,0x000000008002AE78] -> 0x8593
mem[X,0x000000008002AE7A] -> 0x3345
[5332] [M]: 0x000000008002AE78 (0x33458593) addi a1, a1, 0x334
x11 <- 0x3333333333333334
mem[X,0x000000008002AE7C] -> 0x0113
mem[X,0x000000008002AE7E] -> 0x0000
[5333] [M]: 0x000000008002AE7C (0x00000113) addi sp, zero, 0x0
x2 <- 0x0000000000000000
mem[X,0x000000008002AE80] -> 0x006F
mem[X,0x000000008002AE82] -> 0x00C0
[5334] [M]: 0x000000008002AE80 (0x00C0006F) jal zero, 0xc
mem[X,0x000000008002AE8C] -> 0x4063
mem[X,0x000000008002AE8E] -> 0x08B5
[5335] [M]: 0x000000008002AE8C (0x08B54063) blt a0, a1, 0x80
mem[X,0x000000008002AF0C] -> 0x0113
mem[X,0x000000008002AF0E] -> 0x0031
[5336] [M]: 0x000000008002AF0C (0x00310113) addi sp, sp, 0x3
x2 <- 0x0000000000000003
mem[X,0x000000008002AF10] -> 0x006F
mem[X,0x000000008002AF12] -> 0x0040
[5337] [M]: 0x000000008002AF10 (0x0040006F) jal zero, 0x4
mem[X,0x000000008002AF14] -> 0xB023
mem[X,0x000000008002AF16] -> 0x2820
[5338] [M]: 0x000000008002AF14 (0x2820B023) sd sp, 0x280(ra)
mem[0x000000008004FC58] <- 0x0000000000000003
mem[X,0x000000008002AF18] -> 0x0537
mem[X,0x000000008002AF1A] -> 0x0000
[5339] [M]: 0x000000008002AF18 (0x00000537) lui a0, 0x0
x10 <- 0x0000000000000000
mem[X,0x000000008002AF1C] -> 0x0513
mem[X,0x000000008002AF1E] -> 0x0005
[5340] [M]: 0x000000008002AF1C (0x00050513) addi a0, a0, 0x0
x10 <- 0x0000000000000000
mem[X,0x000000008002AF20] -> 0x1513
mem[X,0x000000008002AF22] -> 0x00B5
[5341] [M]: 0x000000008002AF20 (0x00B51513) slli a0, a0, 0xb
x10 <- 0x0000000000000000
mem[X,0x000000008002AF24] -> 0x0513
mem[X,0x000000008002AF26] -> 0x5A85
[5342] [M]: 0x000000008002AF24 (0x5A850513) addi a0, a0, 0x5a8
x10 <- 0x00000000000005A8
mem[X,0x000000008002AF28] -> 0x1513
mem[X,0x000000008002AF2A] -> 0x00B5
[5343] [M]: 0x000000008002AF28 (0x00B51513) slli a0, a0, 0xb
x10 <- 0x00000000002D4000
mem[X,0x000000008002AF2C] -> 0x0513
mem[X,0x000000008002AF2E] -> 0x13C5
[5344] [M]: 0x000000008002AF2C (0x13C50513) addi a0, a0, 0x13c
x10 <- 0x00000000002D413C
mem[X,0x000000008002AF30] -> 0x1513
mem[X,0x000000008002AF32] -> 0x00A5
[5345] [M]: 0x000000008002AF30 (0x00A51513) slli a0, a0, 0xa
x10 <- 0x00000000B504F000
mem[X,0x000000008002AF34] -> 0x0513
mem[X,0x000000008002AF36] -> 0x3335
[5346] [M]: 0x000000008002AF34 (0x33350513) addi a0, a0, 0x333
x10 <- 0x00000000B504F333
mem[X,0x000000008002AF38] -> 0x65B7
mem[X,0x000000008002AF3A] -> 0x6666
[5347] [M]: 0x000000008002AF38 (0x666665B7) lui a1, 0x66666
x11 <- 0x0000000066666000
mem[X,0x000000008002AF3C] -> 0x8593
mem[X,0x000000008002AF3E] -> 0x6665
[5348] [M]: 0x000000008002AF3C (0x66658593) addi a1, a1, 0x666
x11 <- 0x0000000066666666
mem[X,0x000000008002AF40] -> 0x9593
mem[X,0x000000008002AF42] -> 0x00B5
[5349] [M]: 0x000000008002AF40 (0x00B59593) slli a1, a1, 0xb
x11 <- 0x0000033333333000
mem[X,0x000000008002AF44] -> 0x8593
mem[X,0x000000008002AF46] -> 0x3335
[5350] [M]: 0x000000008002AF44 (0x33358593) addi a1, a1, 0x333
x11 <- 0x0000033333333333
mem[X,0x000000008002AF48] -> 0x9593
mem[X,0x000000008002AF4A] -> 0x00B5
[5351] [M]: 0x000000008002AF48 (0x00B59593) slli a1, a1, 0xb
x11 <- 0x0019999999999800
mem[X,0x000000008002AF4C] -> 0x8593
mem[X,0x000000008002AF4E] -> 0x1995
[5352] [M]: 0x000000008002AF4C (0x19958593) addi a1, a1, 0x199
x11 <- 0x0019999999999999
mem[X,0x000000008002AF50] -> 0x9593
mem[X,0x000000008002AF52] -> 0x00A5
[5353] [M]: 0x000000008002AF50 (0x00A59593) slli a1, a1, 0xa
x11 <- 0x6666666666666400
mem[X,0x000000008002AF54] -> 0x8593
mem[X,0x000000008002AF56] -> 0x2675
[5354] [M]: 0x000000008002AF54 (0x26758593) addi a1, a1, 0x267
x11 <- 0x6666666666666667
mem[X,0x000000008002AF58] -> 0x0113
mem[X,0x000000008002AF5A] -> 0x0000
[5355] [M]: 0x000000008002AF58 (0x00000113) addi sp, zero, 0x0
x2 <- 0x0000000000000000
mem[X,0x000000008002AF5C] -> 0x006F
mem[X,0x000000008002AF5E] -> 0x0100
[5356] [M]: 0x000000008002AF5C (0x0100006F) jal zero, 0x10
mem[X,0x000000008002AF6C] -> 0x4AE3
mem[X,0x000000008002AF6E] -> 0xFEB5
[5357] [M]: 0x000000008002AF6C (0xFEB54AE3) blt a0, a1, -0xc
mem[X,0x000000008002AF60] -> 0x0113
mem[X,0x000000008002AF62] -> 0x0011
[5358] [M]: 0x000000008002AF60 (0x00110113) addi sp, sp, 0x1
x2 <- 0x0000000000000001
mem[X,0x000000008002AF64] -> 0x006F
mem[X,0x000000008002AF66] -> 0x01C0
[5359] [M]: 0x000000008002AF64 (0x01C0006F) jal zero, 0x1c
mem[X,0x000000008002AF80] -> 0xB423
mem[X,0x000000008002AF82] -> 0x2820
[5360] [M]: 0x000000008002AF80 (0x2820B423) sd sp, 0x288(ra)
mem[0x000000008004FC60] <- 0x0000000000000001
mem[X,0x000000008002AF84] -> 0x0537
mem[X,0x000000008002AF86] -> 0x0000
[5361] [M]: 0x000000008002AF84 (0x00000537) lui a0, 0x0
x10 <- 0x0000000000000000
mem[X,0x000000008002AF88] -> 0x0513
mem[X,0x000000008002AF8A] -> 0x0005
[5362] [M]: 0x000000008002AF88 (0x00050513) addi a0, a0, 0x0
x10 <- 0x0000000000000000
mem[X,0x000000008002AF8C] -> 0x1513
mem[X,0x000000008002AF8E] -> 0x00B5
[5363] [M]: 0x000000008002AF8C (0x00B51513) slli a0, a0, 0xb
x10 <- 0x0000000000000000
mem[X,0x000000008002AF90] -> 0x0513
mem[X,0x000000008002AF92] -> 0x5A85
[5364] [M]: 0x000000008002AF90 (0x5A850513) addi a0, a0, 0x5a8
x10 <- 0x00000000000005A8
mem[X,0x000000008002AF94] -> 0x1513
mem[X,0x000000008002AF96] -> 0x00B5
[5365] [M]: 0x000000008002AF94 (0x00B51513) slli a0, a0, 0xb
x10 <- 0x00000000002D4000
mem[X,0x000000008002AF98] -> 0x0513
mem[X,0x000000008002AF9A] -> 0x13C5
[5366] [M]: 0x000000008002AF98 (0x13C50513) addi a0, a0, 0x13c
x10 <- 0x00000000002D413C
mem[X,0x000000008002AF9C] -> 0x1513
mem[X,0x000000008002AF9E] -> 0x00A5
[5367] [M]: 0x000000008002AF9C (0x00A51513) slli a0, a0, 0xa
x10 <- 0x00000000B504F000
mem[X,0x000000008002AFA0] -> 0x0513
mem[X,0x000000008002AFA2] -> 0x3335
[5368] [M]: 0x000000008002AFA0 (0x33350513) addi a0, a0, 0x333
x10 <- 0x00000000B504F333
mem[X,0x000000008002AFA4] -> 0x05B7
mem[X,0x000000008002AFA6] -> 0x0000
[5369] [M]: 0x000000008002AFA4 (0x000005B7) lui a1, 0x0
x11 <- 0x0000000000000000
mem[X,0x000000008002AFA8] -> 0x8593
mem[X,0x000000008002AFAA] -> 0xFFF5
[5370] [M]: 0x000000008002AFA8 (0xFFF58593) addi a1, a1, -0x1
x11 <- 0xFFFFFFFFFFFFFFFF
mem[X,0x000000008002AFAC] -> 0x9593
mem[X,0x000000008002AFAE] -> 0x00B5
[5371] [M]: 0x000000008002AFAC (0x00B59593) slli a1, a1, 0xb
x11 <- 0xFFFFFFFFFFFFF800
mem[X,0x000000008002AFB0] -> 0x8593
mem[X,0x000000008002AFB2] -> 0x2575
[5372] [M]: 0x000000008002AFB0 (0x25758593) addi a1, a1, 0x257
x11 <- 0xFFFFFFFFFFFFFA57
mem[X,0x000000008002AFB4] -> 0x9593
mem[X,0x000000008002AFB6] -> 0x00B5
[5373] [M]: 0x000000008002AFB4 (0x00B59593) slli a1, a1, 0xb
x11 <- 0xFFFFFFFFFFD2B800
mem[X,0x000000008002AFB8] -> 0x8593
mem[X,0x000000008002AFBA] -> 0x6C35
[5374] [M]: 0x000000008002AFB8 (0x6C358593) addi a1, a1, 0x6c3
x11 <- 0xFFFFFFFFFFD2BEC3
mem[X,0x000000008002AFBC] -> 0x9593
mem[X,0x000000008002AFBE] -> 0x00A5
[5375] [M]: 0x000000008002AFBC (0x00A59593) slli a1, a1, 0xa
x11 <- 0xFFFFFFFF4AFB0C00
mem[X,0x000000008002AFC0] -> 0x8593
mem[X,0x000000008002AFC2] -> 0x0CE5
[5376] [M]: 0x000000008002AFC0 (0x0CE58593) addi a1, a1, 0xce
x11 <- 0xFFFFFFFF4AFB0CCE
mem[X,0x000000008002AFC4] -> 0x0113
mem[X,0x000000008002AFC6] -> 0x0000
[5377] [M]: 0x000000008002AFC4 (0x00000113) addi sp, zero, 0x0
x2 <- 0x0000000000000000
mem[X,0x000000008002AFC8] -> 0x006F
mem[X,0x000000008002AFCA] -> 0x00C0
[5378] [M]: 0x000000008002AFC8 (0x00C0006F) jal zero, 0xc
mem[X,0x000000008002AFD4] -> 0x4063
mem[X,0x000000008002AFD6] -> 0x02B5
[5379] [M]: 0x000000008002AFD4 (0x02B54063) blt a0, a1, 0x20
mem[X,0x000000008002AFD8] -> 0x0113
mem[X,0x000000008002AFDA] -> 0x0021
[5380] [M]: 0x000000008002AFD8 (0x00210113) addi sp, sp, 0x2
x2 <- 0x0000000000000002
mem[X,0x000000008002AFDC] -> 0x006F
mem[X,0x000000008002AFDE] -> 0x0200
[5381] [M]: 0x000000008002AFDC (0x0200006F) jal zero, 0x20
mem[X,0x000000008002AFFC] -> 0xB823
mem[X,0x000000008002AFFE] -> 0x2820
[5382] [M]: 0x000000008002AFFC (0x2820B823) sd sp, 0x290(ra)
mem[0x000000008004FC68] <- 0x0000000000000002
mem[X,0x000000008002B000] -> 0x0537
mem[X,0x000000008002B002] -> 0x0000
[5383] [M]: 0x000000008002B000 (0x00000537) lui a0, 0x0
x10 <- 0x0000000000000000
mem[X,0x000000008002B004] -> 0x0513
mem[X,0x000000008002B006] -> 0x0005
[5384] [M]: 0x000000008002B004 (0x00050513) addi a0, a0, 0x0
x10 <- 0x0000000000000000
mem[X,0x000000008002B008] -> 0x1513
mem[X,0x000000008002B00A] -> 0x00B5
[5385] [M]: 0x000000008002B008 (0x00B51513) slli a0, a0, 0xb
x10 <- 0x0000000000000000
mem[X,0x000000008002B00C] -> 0x0513
mem[X,0x000000008002B00E] -> 0x5A85
[5386] [M]: 0x000000008002B00C (0x5A850513) addi a0, a0, 0x5a8
x10 <- 0x00000000000005A8
mem[X,0x000000008002B010] -> 0x1513
mem[X,0x000000008002B012] -> 0x00B5
[5387] [M]: 0x000000008002B010 (0x00B51513) slli a0, a0, 0xb
x10 <- 0x00000000002D4000
mem[X,0x000000008002B014] -> 0x0513
mem[X,0x000000008002B016] -> 0x13C5
[5388] [M]: 0x000000008002B014 (0x13C50513) addi a0, a0, 0x13c
x10 <- 0x00000000002D413C
mem[X,0x000000008002B018] -> 0x1513
mem[X,0x000000008002B01A] -> 0x00A5
[5389] [M]: 0x000000008002B018 (0x00A51513) slli a0, a0, 0xa
x10 <- 0x00000000B504F000
mem[X,0x000000008002B01C] -> 0x0513
mem[X,0x000000008002B01E] -> 0x3335
[5390] [M]: 0x000000008002B01C (0x33350513) addi a0, a0, 0x333
x10 <- 0x00000000B504F333
mem[X,0x000000008002B020] -> 0x05B7
mem[X,0x000000008002B022] -> 0x0000
[5391] [M]: 0x000000008002B020 (0x000005B7) lui a1, 0x0
x11 <- 0x0000000000000000
mem[X,0x000000008002B024] -> 0x8593
mem[X,0x000000008002B026] -> 0x0005
[5392] [M]: 0x000000008002B024 (0x00058593) addi a1, a1, 0x0
x11 <- 0x0000000000000000
mem[X,0x000000008002B028] -> 0x9593
mem[X,0x000000008002B02A] -> 0x00B5
[5393] [M]: 0x000000008002B028 (0x00B59593) slli a1, a1, 0xb
x11 <- 0x0000000000000000
mem[X,0x000000008002B02C] -> 0x8593
mem[X,0x000000008002B02E] -> 0x5A85
[5394] [M]: 0x000000008002B02C (0x5A858593) addi a1, a1, 0x5a8
x11 <- 0x00000000000005A8
mem[X,0x000000008002B030] -> 0x9593
mem[X,0x000000008002B032] -> 0x00B5
[5395] [M]: 0x000000008002B030 (0x00B59593) slli a1, a1, 0xb
x11 <- 0x00000000002D4000
mem[X,0x000000008002B034] -> 0x8593
mem[X,0x000000008002B036] -> 0x13C5
[5396] [M]: 0x000000008002B034 (0x13C58593) addi a1, a1, 0x13c
x11 <- 0x00000000002D413C
mem[X,0x000000008002B038] -> 0x9593
mem[X,0x000000008002B03A] -> 0x00A5
[5397] [M]: 0x000000008002B038 (0x00A59593) slli a1, a1, 0xa
x11 <- 0x00000000B504F000
mem[X,0x000000008002B03C] -> 0x8593
mem[X,0x000000008002B03E] -> 0x3345
[5398] [M]: 0x000000008002B03C (0x33458593) addi a1, a1, 0x334
x11 <- 0x00000000B504F334
mem[X,0x000000008002B040] -> 0x0113
mem[X,0x000000008002B042] -> 0x0000
[5399] [M]: 0x000000008002B040 (0x00000113) addi sp, zero, 0x0
x2 <- 0x0000000000000000
clint::tick mtime <- 0x0000000000000036
 clint timer pending at mtime 0x0000000000000036
htif::tick 0x0000000000000000
mem[X,0x000000008002B044] -> 0x006F
mem[X,0x000000008002B046] -> 0x0050
[5400] [M]: 0x000000008002B044 (0x0050006F) jal zero, 0x804
mem[X,0x000000008002B848] -> 0x40E3
mem[X,0x000000008002B84A] -> 0x80B5
[5401] [M]: 0x000000008002B848 (0x80B540E3) blt a0, a1, -0x800
mem[X,0x000000008002B048] -> 0x0113
mem[X,0x000000008002B04A] -> 0x0011
[5402] [M]: 0x000000008002B048 (0x00110113) addi sp, sp, 0x1
x2 <- 0x0000000000000001
mem[X,0x000000008002B04C] -> 0x006F
mem[X,0x000000008002B04E] -> 0x0110
[5403] [M]: 0x000000008002B04C (0x0110006F) jal zero, 0x810
mem[X,0x000000008002B85C] -> 0xBC23
mem[X,0x000000008002B85E] -> 0x2820
[5404] [M]: 0x000000008002B85C (0x2820BC23) sd sp, 0x298(ra)
mem[0x000000008004FC70] <- 0x0000000000000001
mem[X,0x000000008002B860] -> 0x0513
mem[X,0x000000008002B862] -> 0x0020
[5405] [M]: 0x000000008002B860 (0x00200513) addi a0, zero, 0x2
x10 <- 0x0000000000000002
mem[X,0x000000008002B864] -> 0x0593
mem[X,0x000000008002B866] -> 0x0030
[5406] [M]: 0x000000008002B864 (0x00300593) addi a1, zero, 0x3
x11 <- 0x0000000000000003
mem[X,0x000000008002B868] -> 0x0113
mem[X,0x000000008002B86A] -> 0x0000
[5407] [M]: 0x000000008002B868 (0x00000113) addi sp, zero, 0x0
x2 <- 0x0000000000000000
mem[X,0x000000008002B86C] -> 0x006F
mem[X,0x000000008002B86E] -> 0x00C0
[5408] [M]: 0x000000008002B86C (0x00C0006F) jal zero, 0xc
mem[X,0x000000008002B878] -> 0x4CE3
mem[X,0x000000008002B87A] -> 0xFEB5
[5409] [M]: 0x000000008002B878 (0xFEB54CE3) blt a0, a1, -0x8
mem[X,0x000000008002B870] -> 0x0113
mem[X,0x000000008002B872] -> 0x0011
[5410] [M]: 0x000000008002B870 (0x00110113) addi sp, sp, 0x1
x2 <- 0x0000000000000001
mem[X,0x000000008002B874] -> 0x006F
mem[X,0x000000008002B876] -> 0x0180
[5411] [M]: 0x000000008002B874 (0x0180006F) jal zero, 0x18
mem[X,0x000000008002B88C] -> 0xB023
mem[X,0x000000008002B88E] -> 0x2A20
[5412] [M]: 0x000000008002B88C (0x2A20B023) sd sp, 0x2a0(ra)
mem[0x000000008004FC78] <- 0x0000000000000001
mem[X,0x000000008002B890] -> 0x0513
mem[X,0x000000008002B892] -> 0x0020
[5413] [M]: 0x000000008002B890 (0x00200513) addi a0, zero, 0x2
x10 <- 0x0000000000000002
mem[X,0x000000008002B894] -> 0x55B7
mem[X,0x000000008002B896] -> 0x5555
[5414] [M]: 0x000000008002B894 (0x555555B7) lui a1, 0x55555
x11 <- 0x0000000055555000
mem[X,0x000000008002B898] -> 0x8593
mem[X,0x000000008002B89A] -> 0x5555
[5415] [M]: 0x000000008002B898 (0x55558593) addi a1, a1, 0x555
x11 <- 0x0000000055555555
mem[X,0x000000008002B89C] -> 0x9593
mem[X,0x000000008002B89E] -> 0x00B5
[5416] [M]: 0x000000008002B89C (0x00B59593) slli a1, a1, 0xb
x11 <- 0x000002AAAAAAA800
mem[X,0x000000008002B8A0] -> 0x8593
mem[X,0x000000008002B8A2] -> 0x2AA5
[5417] [M]: 0x000000008002B8A0 (0x2AA58593) addi a1, a1, 0x2aa
x11 <- 0x000002AAAAAAAAAA
mem[X,0x000000008002B8A4] -> 0x9593
mem[X,0x000000008002B8A6] -> 0x00B5
[5418] [M]: 0x000000008002B8A4 (0x00B59593) slli a1, a1, 0xb
x11 <- 0x0015555555555000
mem[X,0x000000008002B8A8] -> 0x8593
mem[X,0x000000008002B8AA] -> 0x5555
[5419] [M]: 0x000000008002B8A8 (0x55558593) addi a1, a1, 0x555
x11 <- 0x0015555555555555
mem[X,0x000000008002B8AC] -> 0x9593
mem[X,0x000000008002B8AE] -> 0x00A5
[5420] [M]: 0x000000008002B8AC (0x00A59593) slli a1, a1, 0xa
x11 <- 0x5555555555555400
mem[X,0x000000008002B8B0] -> 0x8593
mem[X,0x000000008002B8B2] -> 0x1555
[5421] [M]: 0x000000008002B8B0 (0x15558593) addi a1, a1, 0x155
x11 <- 0x5555555555555555
mem[X,0x000000008002B8B4] -> 0x0113
mem[X,0x000000008002B8B6] -> 0x0000
[5422] [M]: 0x000000008002B8B4 (0x00000113) addi sp, zero, 0x0
x2 <- 0x0000000000000000
mem[X,0x000000008002B8B8] -> 0x006F
mem[X,0x000000008002B8BA] -> 0x00C0
[5423] [M]: 0x000000008002B8B8 (0x00C0006F) jal zero, 0xc
mem[X,0x000000008002B8C4] -> 0x4663
mem[X,0x000000008002B8C6] -> 0x00B5
[5424] [M]: 0x000000008002B8C4 (0x00B54663) blt a0, a1, 0xc
mem[X,0x000000008002B8D0] -> 0x0113
mem[X,0x000000008002B8D2] -> 0x0031
[5425] [M]: 0x000000008002B8D0 (0x00310113) addi sp, sp, 0x3
x2 <- 0x0000000000000003
mem[X,0x000000008002B8D4] -> 0x006F
mem[X,0x000000008002B8D6] -> 0x0040
[5426] [M]: 0x000000008002B8D4 (0x0040006F) jal zero, 0x4
mem[X,0x000000008002B8D8] -> 0xB423
mem[X,0x000000008002B8DA] -> 0x2A20
[5427] [M]: 0x000000008002B8D8 (0x2A20B423) sd sp, 0x2a8(ra)
mem[0x000000008004FC80] <- 0x0000000000000003
mem[X,0x000000008002B8DC] -> 0x0513
mem[X,0x000000008002B8DE] -> 0x0020
[5428] [M]: 0x000000008002B8DC (0x00200513) addi a0, zero, 0x2
x10 <- 0x0000000000000002
mem[X,0x000000008002B8E0] -> 0xB5B7
mem[X,0x000000008002B8E2] -> 0xAAAA
[5429] [M]: 0x000000008002B8E0 (0xAAAAB5B7) lui a1, -0x55555
x11 <- 0xFFFFFFFFAAAAB000
mem[X,0x000000008002B8E4] -> 0x8593
mem[X,0x000000008002B8E6] -> 0xAAA5
[5430] [M]: 0x000000008002B8E4 (0xAAA58593) addi a1, a1, -0x556
x11 <- 0xFFFFFFFFAAAAAAAA
mem[X,0x000000008002B8E8] -> 0x9593
mem[X,0x000000008002B8EA] -> 0x00B5
[5431] [M]: 0x000000008002B8E8 (0x00B59593) slli a1, a1, 0xb
x11 <- 0xFFFFFD5555555000
mem[X,0x000000008002B8EC] -> 0x8593
mem[X,0x000000008002B8EE] -> 0x5555
[5432] [M]: 0x000000008002B8EC (0x55558593) addi a1, a1, 0x555
x11 <- 0xFFFFFD5555555555
mem[X,0x000000008002B8F0] -> 0x9593
mem[X,0x000000008002B8F2] -> 0x00B5
[5433] [M]: 0x000000008002B8F0 (0x00B59593) slli a1, a1, 0xb
x11 <- 0xFFEAAAAAAAAAA800
mem[X,0x000000008002B8F4] -> 0x8593
mem[X,0x000000008002B8F6] -> 0x2AA5
[5434] [M]: 0x000000008002B8F4 (0x2AA58593) addi a1, a1, 0x2aa
x11 <- 0xFFEAAAAAAAAAAAAA
mem[X,0x000000008002B8F8] -> 0x9593
mem[X,0x000000008002B8FA] -> 0x00A5
[5435] [M]: 0x000000008002B8F8 (0x00A59593) slli a1, a1, 0xa
x11 <- 0xAAAAAAAAAAAAA800
mem[X,0x000000008002B8FC] -> 0x8593
mem[X,0x000000008002B8FE] -> 0x2AA5
[5436] [M]: 0x000000008002B8FC (0x2AA58593) addi a1, a1, 0x2aa
x11 <- 0xAAAAAAAAAAAAAAAA
mem[X,0x000000008002B900] -> 0x0113
mem[X,0x000000008002B902] -> 0x0000
[5437] [M]: 0x000000008002B900 (0x00000113) addi sp, zero, 0x0
x2 <- 0x0000000000000000
mem[X,0x000000008002B904] -> 0x006F
mem[X,0x000000008002B906] -> 0x00C0
[5438] [M]: 0x000000008002B904 (0x00C0006F) jal zero, 0xc
mem[X,0x000000008002B910] -> 0x4CE3
mem[X,0x000000008002B912] -> 0xFEB5
[5439] [M]: 0x000000008002B910 (0xFEB54CE3) blt a0, a1, -0x8
mem[X,0x000000008002B914] -> 0x0113
mem[X,0x000000008002B916] -> 0x0021
[5440] [M]: 0x000000008002B914 (0x00210113) addi sp, sp, 0x2
x2 <- 0x0000000000000002
mem[X,0x000000008002B918] -> 0x006F
mem[X,0x000000008002B91A] -> 0x00C0
[5441] [M]: 0x000000008002B918 (0x00C0006F) jal zero, 0xc
mem[X,0x000000008002B924] -> 0xB823
mem[X,0x000000008002B926] -> 0x2A20
[5442] [M]: 0x000000008002B924 (0x2A20B823) sd sp, 0x2b0(ra)
mem[0x000000008004FC88] <- 0x0000000000000002
mem[X,0x000000008002B928] -> 0x0513
mem[X,0x000000008002B92A] -> 0x0020
[5443] [M]: 0x000000008002B928 (0x00200513) addi a0, zero, 0x2
x10 <- 0x0000000000000002
mem[X,0x000000008002B92C] -> 0x0593
mem[X,0x000000008002B92E] -> 0x0050
[5444] [M]: 0x000000008002B92C (0x00500593) addi a1, zero, 0x5
x11 <- 0x0000000000000005
mem[X,0x000000008002B930] -> 0x0113
mem[X,0x000000008002B932] -> 0x0000
[5445] [M]: 0x000000008002B930 (0x00000113) addi sp, zero, 0x0
x2 <- 0x0000000000000000
mem[X,0x000000008002B934] -> 0x006F
mem[X,0x000000008002B936] -> 0x00C0
[5446] [M]: 0x000000008002B934 (0x00C0006F) jal zero, 0xc
mem[X,0x000000008002B940] -> 0x4063
mem[X,0x000000008002B942] -> 0x02B5
[5447] [M]: 0x000000008002B940 (0x02B54063) blt a0, a1, 0x20
mem[X,0x000000008002B960] -> 0x0113
mem[X,0x000000008002B962] -> 0x0031
[5448] [M]: 0x000000008002B960 (0x00310113) addi sp, sp, 0x3
x2 <- 0x0000000000000003
mem[X,0x000000008002B964] -> 0x006F
mem[X,0x000000008002B966] -> 0x0040
[5449] [M]: 0x000000008002B964 (0x0040006F) jal zero, 0x4
mem[X,0x000000008002B968] -> 0xBC23
mem[X,0x000000008002B96A] -> 0x2A20
[5450] [M]: 0x000000008002B968 (0x2A20BC23) sd sp, 0x2b8(ra)
mem[0x000000008004FC90] <- 0x0000000000000003
mem[X,0x000000008002B96C] -> 0x0513
mem[X,0x000000008002B96E] -> 0x0020
[5451] [M]: 0x000000008002B96C (0x00200513) addi a0, zero, 0x2
x10 <- 0x0000000000000002
mem[X,0x000000008002B970] -> 0x35B7
mem[X,0x000000008002B972] -> 0x3333
[5452] [M]: 0x000000008002B970 (0x333335B7) lui a1, 0x33333
x11 <- 0x0000000033333000
mem[X,0x000000008002B974] -> 0x8593
mem[X,0x000000008002B976] -> 0x3335
[5453] [M]: 0x000000008002B974 (0x33358593) addi a1, a1, 0x333
x11 <- 0x0000000033333333
mem[X,0x000000008002B978] -> 0x9593
mem[X,0x000000008002B97A] -> 0x00B5
[5454] [M]: 0x000000008002B978 (0x00B59593) slli a1, a1, 0xb
x11 <- 0x0000019999999800
mem[X,0x000000008002B97C] -> 0x8593
mem[X,0x000000008002B97E] -> 0x1995
[5455] [M]: 0x000000008002B97C (0x19958593) addi a1, a1, 0x199
x11 <- 0x0000019999999999
mem[X,0x000000008002B980] -> 0x9593
mem[X,0x000000008002B982] -> 0x00B5
[5456] [M]: 0x000000008002B980 (0x00B59593) slli a1, a1, 0xb
x11 <- 0x000CCCCCCCCCC800
mem[X,0x000000008002B984] -> 0x8593
mem[X,0x000000008002B986] -> 0x4CC5
[5457] [M]: 0x000000008002B984 (0x4CC58593) addi a1, a1, 0x4cc
x11 <- 0x000CCCCCCCCCCCCC
mem[X,0x000000008002B988] -> 0x9593
mem[X,0x000000008002B98A] -> 0x00A5
[5458] [M]: 0x000000008002B988 (0x00A59593) slli a1, a1, 0xa
x11 <- 0x3333333333333000
mem[X,0x000000008002B98C] -> 0x8593
mem[X,0x000000008002B98E] -> 0x3335
[5459] [M]: 0x000000008002B98C (0x33358593) addi a1, a1, 0x333
x11 <- 0x3333333333333333
mem[X,0x000000008002B990] -> 0x0113
mem[X,0x000000008002B992] -> 0x0000
[5460] [M]: 0x000000008002B990 (0x00000113) addi sp, zero, 0x0
x2 <- 0x0000000000000000
mem[X,0x000000008002B994] -> 0x006F
mem[X,0x000000008002B996] -> 0x0100
[5461] [M]: 0x000000008002B994 (0x0100006F) jal zero, 0x10
mem[X,0x000000008002B9A4] -> 0x4AE3
mem[X,0x000000008002B9A6] -> 0xFEB5
[5462] [M]: 0x000000008002B9A4 (0xFEB54AE3) blt a0, a1, -0xc
mem[X,0x000000008002B998] -> 0x0113
mem[X,0x000000008002B99A] -> 0x0011
[5463] [M]: 0x000000008002B998 (0x00110113) addi sp, sp, 0x1
x2 <- 0x0000000000000001
mem[X,0x000000008002B99C] -> 0x006F
mem[X,0x000000008002B99E] -> 0x01C0
[5464] [M]: 0x000000008002B99C (0x01C0006F) jal zero, 0x1c
mem[X,0x000000008002B9B8] -> 0xB023
mem[X,0x000000008002B9BA] -> 0x2C20
[5465] [M]: 0x000000008002B9B8 (0x2C20B023) sd sp, 0x2c0(ra)
mem[0x000000008004FC98] <- 0x0000000000000001
mem[X,0x000000008002B9BC] -> 0x0513
mem[X,0x000000008002B9BE] -> 0x0020
[5466] [M]: 0x000000008002B9BC (0x00200513) addi a0, zero, 0x2
x10 <- 0x0000000000000002
mem[X,0x000000008002B9C0] -> 0x65B7
mem[X,0x000000008002B9C2] -> 0x6666
[5467] [M]: 0x000000008002B9C0 (0x666665B7) lui a1, 0x66666
x11 <- 0x0000000066666000
mem[X,0x000000008002B9C4] -> 0x8593
mem[X,0x000000008002B9C6] -> 0x6665
[5468] [M]: 0x000000008002B9C4 (0x66658593) addi a1, a1, 0x666
x11 <- 0x0000000066666666
mem[X,0x000000008002B9C8] -> 0x9593
mem[X,0x000000008002B9CA] -> 0x00B5
[5469] [M]: 0x000000008002B9C8 (0x00B59593) slli a1, a1, 0xb
x11 <- 0x0000033333333000
mem[X,0x000000008002B9CC] -> 0x8593
mem[X,0x000000008002B9CE] -> 0x3335
[5470] [M]: 0x000000008002B9CC (0x33358593) addi a1, a1, 0x333
x11 <- 0x0000033333333333
mem[X,0x000000008002B9D0] -> 0x9593
mem[X,0x000000008002B9D2] -> 0x00B5
[5471] [M]: 0x000000008002B9D0 (0x00B59593) slli a1, a1, 0xb
x11 <- 0x0019999999999800
mem[X,0x000000008002B9D4] -> 0x8593
mem[X,0x000000008002B9D6] -> 0x1995
[5472] [M]: 0x000000008002B9D4 (0x19958593) addi a1, a1, 0x199
x11 <- 0x0019999999999999
mem[X,0x000000008002B9D8] -> 0x9593
mem[X,0x000000008002B9DA] -> 0x00A5
[5473] [M]: 0x000000008002B9D8 (0x00A59593) slli a1, a1, 0xa
x11 <- 0x6666666666666400
mem[X,0x000000008002B9DC] -> 0x8593
mem[X,0x000000008002B9DE] -> 0x2665
[5474] [M]: 0x000000008002B9DC (0x26658593) addi a1, a1, 0x266
x11 <- 0x6666666666666666
mem[X,0x000000008002B9E0] -> 0x0113
mem[X,0x000000008002B9E2] -> 0x0000
[5475] [M]: 0x000000008002B9E0 (0x00000113) addi sp, zero, 0x0
x2 <- 0x0000000000000000
mem[X,0x000000008002B9E4] -> 0x006F
mem[X,0x000000008002B9E6] -> 0x00C0
[5476] [M]: 0x000000008002B9E4 (0x00C0006F) jal zero, 0xc
mem[X,0x000000008002B9F0] -> 0x4CE3
mem[X,0x000000008002B9F2] -> 0xFEB5
[5477] [M]: 0x000000008002B9F0 (0xFEB54CE3) blt a0, a1, -0x8
mem[X,0x000000008002B9E8] -> 0x0113
mem[X,0x000000008002B9EA] -> 0x0011
[5478] [M]: 0x000000008002B9E8 (0x00110113) addi sp, sp, 0x1
x2 <- 0x0000000000000001
mem[X,0x000000008002B9EC] -> 0x006F
mem[X,0x000000008002B9EE] -> 0x0180
[5479] [M]: 0x000000008002B9EC (0x0180006F) jal zero, 0x18
mem[X,0x000000008002BA04] -> 0xB423
mem[X,0x000000008002BA06] -> 0x2C20
[5480] [M]: 0x000000008002BA04 (0x2C20B423) sd sp, 0x2c8(ra)
mem[0x000000008004FCA0] <- 0x0000000000000001
mem[X,0x000000008002BA08] -> 0x0513
mem[X,0x000000008002BA0A] -> 0x0020
[5481] [M]: 0x000000008002BA08 (0x00200513) addi a0, zero, 0x2
x10 <- 0x0000000000000002
mem[X,0x000000008002BA0C] -> 0x05B7
mem[X,0x000000008002BA0E] -> 0x0000
[5482] [M]: 0x000000008002BA0C (0x000005B7) lui a1, 0x0
x11 <- 0x0000000000000000
mem[X,0x000000008002BA10] -> 0x8593
mem[X,0x000000008002BA12] -> 0xFFF5
[5483] [M]: 0x000000008002BA10 (0xFFF58593) addi a1, a1, -0x1
x11 <- 0xFFFFFFFFFFFFFFFF
mem[X,0x000000008002BA14] -> 0x9593
mem[X,0x000000008002BA16] -> 0x00B5
[5484] [M]: 0x000000008002BA14 (0x00B59593) slli a1, a1, 0xb
x11 <- 0xFFFFFFFFFFFFF800
mem[X,0x000000008002BA18] -> 0x8593
mem[X,0x000000008002BA1A] -> 0x2575
[5485] [M]: 0x000000008002BA18 (0x25758593) addi a1, a1, 0x257
x11 <- 0xFFFFFFFFFFFFFA57
mem[X,0x000000008002BA1C] -> 0x9593
mem[X,0x000000008002BA1E] -> 0x00B5
[5486] [M]: 0x000000008002BA1C (0x00B59593) slli a1, a1, 0xb
x11 <- 0xFFFFFFFFFFD2B800
mem[X,0x000000008002BA20] -> 0x8593
mem[X,0x000000008002BA22] -> 0x6C35
[5487] [M]: 0x000000008002BA20 (0x6C358593) addi a1, a1, 0x6c3
x11 <- 0xFFFFFFFFFFD2BEC3
mem[X,0x000000008002BA24] -> 0x9593
mem[X,0x000000008002BA26] -> 0x00A5
[5488] [M]: 0x000000008002BA24 (0x00A59593) slli a1, a1, 0xa
x11 <- 0xFFFFFFFF4AFB0C00
mem[X,0x000000008002BA28] -> 0x8593
mem[X,0x000000008002BA2A] -> 0x0CD5
[5489] [M]: 0x000000008002BA28 (0x0CD58593) addi a1, a1, 0xcd
x11 <- 0xFFFFFFFF4AFB0CCD
mem[X,0x000000008002BA2C] -> 0x0113
mem[X,0x000000008002BA2E] -> 0x0000
[5490] [M]: 0x000000008002BA2C (0x00000113) addi sp, zero, 0x0
x2 <- 0x0000000000000000
mem[X,0x000000008002BA30] -> 0x006F
mem[X,0x000000008002BA32] -> 0x2B10
[5491] [M]: 0x000000008002BA30 (0x2B10006F) jal zero, 0xab0
mem[X,0x000000008002C4E0] -> 0x4A63
mem[X,0x000000008002C4E2] -> 0xD4B5
[5492] [M]: 0x000000008002C4E0 (0xD4B54A63) blt a0, a1, -0xaac
mem[X,0x000000008002C4E4] -> 0x0113
mem[X,0x000000008002C4E6] -> 0x0021
[5493] [M]: 0x000000008002C4E4 (0x00210113) addi sp, sp, 0x2
x2 <- 0x0000000000000002
mem[X,0x000000008002C4E8] -> 0x006F
mem[X,0x000000008002C4EA] -> 0x00C0
[5494] [M]: 0x000000008002C4E8 (0x00C0006F) jal zero, 0xc
mem[X,0x000000008002C4F4] -> 0xB823
mem[X,0x000000008002C4F6] -> 0x2C20
[5495] [M]: 0x000000008002C4F4 (0x2C20B823) sd sp, 0x2d0(ra)
mem[0x000000008004FCA8] <- 0x0000000000000002
mem[X,0x000000008002C4F8] -> 0x0513
mem[X,0x000000008002C4FA] -> 0x0020
[5496] [M]: 0x000000008002C4F8 (0x00200513) addi a0, zero, 0x2
x10 <- 0x0000000000000002
mem[X,0x000000008002C4FC] -> 0x05B7
mem[X,0x000000008002C4FE] -> 0x0000
[5497] [M]: 0x000000008002C4FC (0x000005B7) lui a1, 0x0
x11 <- 0x0000000000000000
mem[X,0x000000008002C500] -> 0x8593
mem[X,0x000000008002C502] -> 0x0005
[5498] [M]: 0x000000008002C500 (0x00058593) addi a1, a1, 0x0
x11 <- 0x0000000000000000
mem[X,0x000000008002C504] -> 0x9593
mem[X,0x000000008002C506] -> 0x00B5
[5499] [M]: 0x000000008002C504 (0x00B59593) slli a1, a1, 0xb
x11 <- 0x0000000000000000
clint::tick mtime <- 0x0000000000000037
 clint timer pending at mtime 0x0000000000000037
htif::tick 0x0000000000000000
mem[X,0x000000008002C508] -> 0x8593
mem[X,0x000000008002C50A] -> 0x5A85
[5500] [M]: 0x000000008002C508 (0x5A858593) addi a1, a1, 0x5a8
x11 <- 0x00000000000005A8
mem[X,0x000000008002C50C] -> 0x9593
mem[X,0x000000008002C50E] -> 0x00B5
[5501] [M]: 0x000000008002C50C (0x00B59593) slli a1, a1, 0xb
x11 <- 0x00000000002D4000
mem[X,0x000000008002C510] -> 0x8593
mem[X,0x000000008002C512] -> 0x13C5
[5502] [M]: 0x000000008002C510 (0x13C58593) addi a1, a1, 0x13c
x11 <- 0x00000000002D413C
mem[X,0x000000008002C514] -> 0x9593
mem[X,0x000000008002C516] -> 0x00A5
[5503] [M]: 0x000000008002C514 (0x00A59593) slli a1, a1, 0xa
x11 <- 0x00000000B504F000
mem[X,0x000000008002C518] -> 0x8593
mem[X,0x000000008002C51A] -> 0x3335
[5504] [M]: 0x000000008002C518 (0x33358593) addi a1, a1, 0x333
x11 <- 0x00000000B504F333
mem[X,0x000000008002C51C] -> 0x0113
mem[X,0x000000008002C51E] -> 0x0000
[5505] [M]: 0x000000008002C51C (0x00000113) addi sp, zero, 0x0
x2 <- 0x0000000000000000
mem[X,0x000000008002C520] -> 0x006F
mem[X,0x000000008002C522] -> 0x0050
[5506] [M]: 0x000000008002C520 (0x0050006F) jal zero, 0x804
mem[X,0x000000008002CD24] -> 0x40E3
mem[X,0x000000008002CD26] -> 0x80B5
[5507] [M]: 0x000000008002CD24 (0x80B540E3) blt a0, a1, -0x800
mem[X,0x000000008002C524] -> 0x0113
mem[X,0x000000008002C526] -> 0x0011
[5508] [M]: 0x000000008002C524 (0x00110113) addi sp, sp, 0x1
x2 <- 0x0000000000000001
mem[X,0x000000008002C528] -> 0x006F
mem[X,0x000000008002C52A] -> 0x0110
[5509] [M]: 0x000000008002C528 (0x0110006F) jal zero, 0x810
mem[X,0x000000008002CD38] -> 0xBC23
mem[X,0x000000008002CD3A] -> 0x2C20
[5510] [M]: 0x000000008002CD38 (0x2C20BC23) sd sp, 0x2d8(ra)
mem[0x000000008004FCB0] <- 0x0000000000000001
mem[X,0x000000008002CD3C] -> 0x0513
mem[X,0x000000008002CD3E] -> 0x0020
[5511] [M]: 0x000000008002CD3C (0x00200513) addi a0, zero, 0x2
x10 <- 0x0000000000000002
mem[X,0x000000008002CD40] -> 0x0593
mem[X,0x000000008002CD42] -> 0x0020
[5512] [M]: 0x000000008002CD40 (0x00200593) addi a1, zero, 0x2
x11 <- 0x0000000000000002
mem[X,0x000000008002CD44] -> 0x0113
mem[X,0x000000008002CD46] -> 0x0000
[5513] [M]: 0x000000008002CD44 (0x00000113) addi sp, zero, 0x0
x2 <- 0x0000000000000000
mem[X,0x000000008002CD48] -> 0x006F
mem[X,0x000000008002CD4A] -> 0x00C0
[5514] [M]: 0x000000008002CD48 (0x00C0006F) jal zero, 0xc
mem[X,0x000000008002CD54] -> 0x4063
mem[X,0x000000008002CD56] -> 0x40B5
[5515] [M]: 0x000000008002CD54 (0x40B54063) blt a0, a1, 0x400
mem[X,0x000000008002CD58] -> 0x0113
mem[X,0x000000008002CD5A] -> 0x0021
[5516] [M]: 0x000000008002CD58 (0x00210113) addi sp, sp, 0x2
x2 <- 0x0000000000000002
mem[X,0x000000008002CD5C] -> 0x006F
mem[X,0x000000008002CD5E] -> 0x4000
[5517] [M]: 0x000000008002CD5C (0x4000006F) jal zero, 0x400
mem[X,0x000000008002D15C] -> 0xB023
mem[X,0x000000008002D15E] -> 0x2E20
[5518] [M]: 0x000000008002D15C (0x2E20B023) sd sp, 0x2e0(ra)
mem[0x000000008004FCB8] <- 0x0000000000000002
mem[X,0x000000008002D160] -> 0x0513
mem[X,0x000000008002D162] -> 0x0020
[5519] [M]: 0x000000008002D160 (0x00200513) addi a0, zero, 0x2
x10 <- 0x0000000000000002
mem[X,0x000000008002D164] -> 0x55B7
mem[X,0x000000008002D166] -> 0x5555
[5520] [M]: 0x000000008002D164 (0x555555B7) lui a1, 0x55555
x11 <- 0x0000000055555000
mem[X,0x000000008002D168] -> 0x8593
mem[X,0x000000008002D16A] -> 0x5555
[5521] [M]: 0x000000008002D168 (0x55558593) addi a1, a1, 0x555
x11 <- 0x0000000055555555
mem[X,0x000000008002D16C] -> 0x9593
mem[X,0x000000008002D16E] -> 0x00B5
[5522] [M]: 0x000000008002D16C (0x00B59593) slli a1, a1, 0xb
x11 <- 0x000002AAAAAAA800
mem[X,0x000000008002D170] -> 0x8593
mem[X,0x000000008002D172] -> 0x2AA5
[5523] [M]: 0x000000008002D170 (0x2AA58593) addi a1, a1, 0x2aa
x11 <- 0x000002AAAAAAAAAA
mem[X,0x000000008002D174] -> 0x9593
mem[X,0x000000008002D176] -> 0x00B5
[5524] [M]: 0x000000008002D174 (0x00B59593) slli a1, a1, 0xb
x11 <- 0x0015555555555000
mem[X,0x000000008002D178] -> 0x8593
mem[X,0x000000008002D17A] -> 0x5555
[5525] [M]: 0x000000008002D178 (0x55558593) addi a1, a1, 0x555
x11 <- 0x0015555555555555
mem[X,0x000000008002D17C] -> 0x9593
mem[X,0x000000008002D17E] -> 0x00A5
[5526] [M]: 0x000000008002D17C (0x00A59593) slli a1, a1, 0xa
x11 <- 0x5555555555555400
mem[X,0x000000008002D180] -> 0x8593
mem[X,0x000000008002D182] -> 0x1545
[5527] [M]: 0x000000008002D180 (0x15458593) addi a1, a1, 0x154
x11 <- 0x5555555555555554
mem[X,0x000000008002D184] -> 0x0113
mem[X,0x000000008002D186] -> 0x0000
[5528] [M]: 0x000000008002D184 (0x00000113) addi sp, zero, 0x0
x2 <- 0x0000000000000000
mem[X,0x000000008002D188] -> 0x006F
mem[X,0x000000008002D18A] -> 0x00C0
[5529] [M]: 0x000000008002D188 (0x00C0006F) jal zero, 0xc
mem[X,0x000000008002D194] -> 0x4663
mem[X,0x000000008002D196] -> 0x00B5
[5530] [M]: 0x000000008002D194 (0x00B54663) blt a0, a1, 0xc
mem[X,0x000000008002D1A0] -> 0x0113
mem[X,0x000000008002D1A2] -> 0x0031
[5531] [M]: 0x000000008002D1A0 (0x00310113) addi sp, sp, 0x3
x2 <- 0x0000000000000003
mem[X,0x000000008002D1A4] -> 0x006F
mem[X,0x000000008002D1A6] -> 0x0040
[5532] [M]: 0x000000008002D1A4 (0x0040006F) jal zero, 0x4
mem[X,0x000000008002D1A8] -> 0xB423
mem[X,0x000000008002D1AA] -> 0x2E20
[5533] [M]: 0x000000008002D1A8 (0x2E20B423) sd sp, 0x2e8(ra)
mem[0x000000008004FCC0] <- 0x0000000000000003
mem[X,0x000000008002D1AC] -> 0x0513
mem[X,0x000000008002D1AE] -> 0x0020
[5534] [M]: 0x000000008002D1AC (0x00200513) addi a0, zero, 0x2
x10 <- 0x0000000000000002
mem[X,0x000000008002D1B0] -> 0x0593
mem[X,0x000000008002D1B2] -> 0x0000
[5535] [M]: 0x000000008002D1B0 (0x00000593) addi a1, zero, 0x0
x11 <- 0x0000000000000000
mem[X,0x000000008002D1B4] -> 0x0113
mem[X,0x000000008002D1B6] -> 0x0000
[5536] [M]: 0x000000008002D1B4 (0x00000113) addi sp, zero, 0x0
x2 <- 0x0000000000000000
mem[X,0x000000008002D1B8] -> 0x006F
mem[X,0x000000008002D1BA] -> 0x00C0
[5537] [M]: 0x000000008002D1B8 (0x00C0006F) jal zero, 0xc
mem[X,0x000000008002D1C4] -> 0x4CE3
mem[X,0x000000008002D1C6] -> 0xFEB5
[5538] [M]: 0x000000008002D1C4 (0xFEB54CE3) blt a0, a1, -0x8
mem[X,0x000000008002D1C8] -> 0x0113
mem[X,0x000000008002D1CA] -> 0x0021
[5539] [M]: 0x000000008002D1C8 (0x00210113) addi sp, sp, 0x2
x2 <- 0x0000000000000002
mem[X,0x000000008002D1CC] -> 0x006F
mem[X,0x000000008002D1CE] -> 0x00C0
[5540] [M]: 0x000000008002D1CC (0x00C0006F) jal zero, 0xc
mem[X,0x000000008002D1D8] -> 0xB823
mem[X,0x000000008002D1DA] -> 0x2E20
[5541] [M]: 0x000000008002D1D8 (0x2E20B823) sd sp, 0x2f0(ra)
mem[0x000000008004FCC8] <- 0x0000000000000002
mem[X,0x000000008002D1DC] -> 0x0513
mem[X,0x000000008002D1DE] -> 0x0020
[5542] [M]: 0x000000008002D1DC (0x00200513) addi a0, zero, 0x2
x10 <- 0x0000000000000002
mem[X,0x000000008002D1E0] -> 0x0593
mem[X,0x000000008002D1E2] -> 0x0040
[5543] [M]: 0x000000008002D1E0 (0x00400593) addi a1, zero, 0x4
x11 <- 0x0000000000000004
mem[X,0x000000008002D1E4] -> 0x0113
mem[X,0x000000008002D1E6] -> 0x0000
[5544] [M]: 0x000000008002D1E4 (0x00000113) addi sp, zero, 0x0
x2 <- 0x0000000000000000
mem[X,0x000000008002D1E8] -> 0x006F
mem[X,0x000000008002D1EA] -> 0x00C0
[5545] [M]: 0x000000008002D1E8 (0x00C0006F) jal zero, 0xc
mem[X,0x000000008002D1F4] -> 0x4663
mem[X,0x000000008002D1F6] -> 0x00B5
[5546] [M]: 0x000000008002D1F4 (0x00B54663) blt a0, a1, 0xc
mem[X,0x000000008002D200] -> 0x0113
mem[X,0x000000008002D202] -> 0x0031
[5547] [M]: 0x000000008002D200 (0x00310113) addi sp, sp, 0x3
x2 <- 0x0000000000000003
mem[X,0x000000008002D204] -> 0x006F
mem[X,0x000000008002D206] -> 0x0040
[5548] [M]: 0x000000008002D204 (0x0040006F) jal zero, 0x4
mem[X,0x000000008002D208] -> 0xBC23
mem[X,0x000000008002D20A] -> 0x2E20
[5549] [M]: 0x000000008002D208 (0x2E20BC23) sd sp, 0x2f8(ra)
mem[0x000000008004FCD0] <- 0x0000000000000003
mem[X,0x000000008002D20C] -> 0x0513
mem[X,0x000000008002D20E] -> 0x0020
[5550] [M]: 0x000000008002D20C (0x00200513) addi a0, zero, 0x2
x10 <- 0x0000000000000002
mem[X,0x000000008002D210] -> 0x35B7
mem[X,0x000000008002D212] -> 0x3333
[5551] [M]: 0x000000008002D210 (0x333335B7) lui a1, 0x33333
x11 <- 0x0000000033333000
mem[X,0x000000008002D214] -> 0x8593
mem[X,0x000000008002D216] -> 0x3335
[5552] [M]: 0x000000008002D214 (0x33358593) addi a1, a1, 0x333
x11 <- 0x0000000033333333
mem[X,0x000000008002D218] -> 0x9593
mem[X,0x000000008002D21A] -> 0x00B5
[5553] [M]: 0x000000008002D218 (0x00B59593) slli a1, a1, 0xb
x11 <- 0x0000019999999800
mem[X,0x000000008002D21C] -> 0x8593
mem[X,0x000000008002D21E] -> 0x1995
[5554] [M]: 0x000000008002D21C (0x19958593) addi a1, a1, 0x199
x11 <- 0x0000019999999999
mem[X,0x000000008002D220] -> 0x9593
mem[X,0x000000008002D222] -> 0x00B5
[5555] [M]: 0x000000008002D220 (0x00B59593) slli a1, a1, 0xb
x11 <- 0x000CCCCCCCCCC800
mem[X,0x000000008002D224] -> 0x8593
mem[X,0x000000008002D226] -> 0x4CC5
[5556] [M]: 0x000000008002D224 (0x4CC58593) addi a1, a1, 0x4cc
x11 <- 0x000CCCCCCCCCCCCC
mem[X,0x000000008002D228] -> 0x9593
mem[X,0x000000008002D22A] -> 0x00A5
[5557] [M]: 0x000000008002D228 (0x00A59593) slli a1, a1, 0xa
x11 <- 0x3333333333333000
mem[X,0x000000008002D22C] -> 0x8593
mem[X,0x000000008002D22E] -> 0x3325
[5558] [M]: 0x000000008002D22C (0x33258593) addi a1, a1, 0x332
x11 <- 0x3333333333333332
mem[X,0x000000008002D230] -> 0x0113
mem[X,0x000000008002D232] -> 0x0000
[5559] [M]: 0x000000008002D230 (0x00000113) addi sp, zero, 0x0
x2 <- 0x0000000000000000
mem[X,0x000000008002D234] -> 0x006F
mem[X,0x000000008002D236] -> 0x00C0
[5560] [M]: 0x000000008002D234 (0x00C0006F) jal zero, 0xc
mem[X,0x000000008002D240] -> 0x4063
mem[X,0x000000008002D242] -> 0x02B5
[5561] [M]: 0x000000008002D240 (0x02B54063) blt a0, a1, 0x20
mem[X,0x000000008002D260] -> 0x0113
mem[X,0x000000008002D262] -> 0x0031
[5562] [M]: 0x000000008002D260 (0x00310113) addi sp, sp, 0x3
x2 <- 0x0000000000000003
mem[X,0x000000008002D264] -> 0x006F
mem[X,0x000000008002D266] -> 0x0040
[5563] [M]: 0x000000008002D264 (0x0040006F) jal zero, 0x4
mem[X,0x000000008002D268] -> 0xB023
mem[X,0x000000008002D26A] -> 0x3020
[5564] [M]: 0x000000008002D268 (0x3020B023) sd sp, 0x300(ra)
mem[0x000000008004FCD8] <- 0x0000000000000003
mem[X,0x000000008002D26C] -> 0x0513
mem[X,0x000000008002D26E] -> 0x0020
[5565] [M]: 0x000000008002D26C (0x00200513) addi a0, zero, 0x2
x10 <- 0x0000000000000002
mem[X,0x000000008002D270] -> 0x65B7
mem[X,0x000000008002D272] -> 0x6666
[5566] [M]: 0x000000008002D270 (0x666665B7) lui a1, 0x66666
x11 <- 0x0000000066666000
mem[X,0x000000008002D274] -> 0x8593
mem[X,0x000000008002D276] -> 0x6665
[5567] [M]: 0x000000008002D274 (0x66658593) addi a1, a1, 0x666
x11 <- 0x0000000066666666
mem[X,0x000000008002D278] -> 0x9593
mem[X,0x000000008002D27A] -> 0x00B5
[5568] [M]: 0x000000008002D278 (0x00B59593) slli a1, a1, 0xb
x11 <- 0x0000033333333000
mem[X,0x000000008002D27C] -> 0x8593
mem[X,0x000000008002D27E] -> 0x3335
[5569] [M]: 0x000000008002D27C (0x33358593) addi a1, a1, 0x333
x11 <- 0x0000033333333333
mem[X,0x000000008002D280] -> 0x9593
mem[X,0x000000008002D282] -> 0x00B5
[5570] [M]: 0x000000008002D280 (0x00B59593) slli a1, a1, 0xb
x11 <- 0x0019999999999800
mem[X,0x000000008002D284] -> 0x8593
mem[X,0x000000008002D286] -> 0x1995
[5571] [M]: 0x000000008002D284 (0x19958593) addi a1, a1, 0x199
x11 <- 0x0019999999999999
mem[X,0x000000008002D288] -> 0x9593
mem[X,0x000000008002D28A] -> 0x00A5
[5572] [M]: 0x000000008002D288 (0x00A59593) slli a1, a1, 0xa
x11 <- 0x6666666666666400
mem[X,0x000000008002D28C] -> 0x8593
mem[X,0x000000008002D28E] -> 0x2655
[5573] [M]: 0x000000008002D28C (0x26558593) addi a1, a1, 0x265
x11 <- 0x6666666666666665
mem[X,0x000000008002D290] -> 0x0113
mem[X,0x000000008002D292] -> 0x0000
[5574] [M]: 0x000000008002D290 (0x00000113) addi sp, zero, 0x0
x2 <- 0x0000000000000000
mem[X,0x000000008002D294] -> 0x006F
mem[X,0x000000008002D296] -> 0x00C0
[5575] [M]: 0x000000008002D294 (0x00C0006F) jal zero, 0xc
mem[X,0x000000008002D2A0] -> 0x4663
mem[X,0x000000008002D2A2] -> 0x00B5
[5576] [M]: 0x000000008002D2A0 (0x00B54663) blt a0, a1, 0xc
mem[X,0x000000008002D2AC] -> 0x0113
mem[X,0x000000008002D2AE] -> 0x0031
[5577] [M]: 0x000000008002D2AC (0x00310113) addi sp, sp, 0x3
x2 <- 0x0000000000000003
mem[X,0x000000008002D2B0] -> 0x006F
mem[X,0x000000008002D2B2] -> 0x0040
[5578] [M]: 0x000000008002D2B0 (0x0040006F) jal zero, 0x4
mem[X,0x000000008002D2B4] -> 0xB423
mem[X,0x000000008002D2B6] -> 0x3020
[5579] [M]: 0x000000008002D2B4 (0x3020B423) sd sp, 0x308(ra)
mem[0x000000008004FCE0] <- 0x0000000000000003
mem[X,0x000000008002D2B8] -> 0x0513
mem[X,0x000000008002D2BA] -> 0x0020
[5580] [M]: 0x000000008002D2B8 (0x00200513) addi a0, zero, 0x2
x10 <- 0x0000000000000002
mem[X,0x000000008002D2BC] -> 0x05B7
mem[X,0x000000008002D2BE] -> 0x0000
[5581] [M]: 0x000000008002D2BC (0x000005B7) lui a1, 0x0
x11 <- 0x0000000000000000
mem[X,0x000000008002D2C0] -> 0x8593
mem[X,0x000000008002D2C2] -> 0x0005
[5582] [M]: 0x000000008002D2C0 (0x00058593) addi a1, a1, 0x0
x11 <- 0x0000000000000000
mem[X,0x000000008002D2C4] -> 0x9593
mem[X,0x000000008002D2C6] -> 0x00B5
[5583] [M]: 0x000000008002D2C4 (0x00B59593) slli a1, a1, 0xb
x11 <- 0x0000000000000000
mem[X,0x000000008002D2C8] -> 0x8593
mem[X,0x000000008002D2CA] -> 0x5A85
[5584] [M]: 0x000000008002D2C8 (0x5A858593) addi a1, a1, 0x5a8
x11 <- 0x00000000000005A8
mem[X,0x000000008002D2CC] -> 0x9593
mem[X,0x000000008002D2CE] -> 0x00B5
[5585] [M]: 0x000000008002D2CC (0x00B59593) slli a1, a1, 0xb
x11 <- 0x00000000002D4000
mem[X,0x000000008002D2D0] -> 0x8593
mem[X,0x000000008002D2D2] -> 0x13C5
[5586] [M]: 0x000000008002D2D0 (0x13C58593) addi a1, a1, 0x13c
x11 <- 0x00000000002D413C
mem[X,0x000000008002D2D4] -> 0x9593
mem[X,0x000000008002D2D6] -> 0x00A5
[5587] [M]: 0x000000008002D2D4 (0x00A59593) slli a1, a1, 0xa
x11 <- 0x00000000B504F000
mem[X,0x000000008002D2D8] -> 0x8593
mem[X,0x000000008002D2DA] -> 0x3325
[5588] [M]: 0x000000008002D2D8 (0x33258593) addi a1, a1, 0x332
x11 <- 0x00000000B504F332
mem[X,0x000000008002D2DC] -> 0x0113
mem[X,0x000000008002D2DE] -> 0x0000
[5589] [M]: 0x000000008002D2DC (0x00000113) addi sp, zero, 0x0
x2 <- 0x0000000000000000
mem[X,0x000000008002D2E0] -> 0x006F
mem[X,0x000000008002D2E2] -> 0x0100
[5590] [M]: 0x000000008002D2E0 (0x0100006F) jal zero, 0x10
mem[X,0x000000008002D2F0] -> 0x4AE3
mem[X,0x000000008002D2F2] -> 0xFEB5
[5591] [M]: 0x000000008002D2F0 (0xFEB54AE3) blt a0, a1, -0xc
mem[X,0x000000008002D2E4] -> 0x0113
mem[X,0x000000008002D2E6] -> 0x0011
[5592] [M]: 0x000000008002D2E4 (0x00110113) addi sp, sp, 0x1
x2 <- 0x0000000000000001
mem[X,0x000000008002D2E8] -> 0x006F
mem[X,0x000000008002D2EA] -> 0x01C0
[5593] [M]: 0x000000008002D2E8 (0x01C0006F) jal zero, 0x1c
mem[X,0x000000008002D304] -> 0xB823
mem[X,0x000000008002D306] -> 0x3020
[5594] [M]: 0x000000008002D304 (0x3020B823) sd sp, 0x310(ra)
mem[0x000000008004FCE8] <- 0x0000000000000001
mem[X,0x000000008002D308] -> 0x0513
mem[X,0x000000008002D30A] -> 0x0020
[5595] [M]: 0x000000008002D308 (0x00200513) addi a0, zero, 0x2
x10 <- 0x0000000000000002
mem[X,0x000000008002D30C] -> 0x55B7
mem[X,0x000000008002D30E] -> 0x5555
[5596] [M]: 0x000000008002D30C (0x555555B7) lui a1, 0x55555
x11 <- 0x0000000055555000
mem[X,0x000000008002D310] -> 0x8593
mem[X,0x000000008002D312] -> 0x5555
[5597] [M]: 0x000000008002D310 (0x55558593) addi a1, a1, 0x555
x11 <- 0x0000000055555555
mem[X,0x000000008002D314] -> 0x9593
mem[X,0x000000008002D316] -> 0x00B5
[5598] [M]: 0x000000008002D314 (0x00B59593) slli a1, a1, 0xb
x11 <- 0x000002AAAAAAA800
mem[X,0x000000008002D318] -> 0x8593
mem[X,0x000000008002D31A] -> 0x2AA5
[5599] [M]: 0x000000008002D318 (0x2AA58593) addi a1, a1, 0x2aa
x11 <- 0x000002AAAAAAAAAA
clint::tick mtime <- 0x0000000000000038
 clint timer pending at mtime 0x0000000000000038
htif::tick 0x0000000000000000
mem[X,0x000000008002D31C] -> 0x9593
mem[X,0x000000008002D31E] -> 0x00B5
[5600] [M]: 0x000000008002D31C (0x00B59593) slli a1, a1, 0xb
x11 <- 0x0015555555555000
mem[X,0x000000008002D320] -> 0x8593
mem[X,0x000000008002D322] -> 0x5555
[5601] [M]: 0x000000008002D320 (0x55558593) addi a1, a1, 0x555
x11 <- 0x0015555555555555
mem[X,0x000000008002D324] -> 0x9593
mem[X,0x000000008002D326] -> 0x00A5
[5602] [M]: 0x000000008002D324 (0x00A59593) slli a1, a1, 0xa
x11 <- 0x5555555555555400
mem[X,0x000000008002D328] -> 0x8593
mem[X,0x000000008002D32A] -> 0x1565
[5603] [M]: 0x000000008002D328 (0x15658593) addi a1, a1, 0x156
x11 <- 0x5555555555555556
mem[X,0x000000008002D32C] -> 0x0113
mem[X,0x000000008002D32E] -> 0x0000
[5604] [M]: 0x000000008002D32C (0x00000113) addi sp, zero, 0x0
x2 <- 0x0000000000000000
mem[X,0x000000008002D330] -> 0x006F
mem[X,0x000000008002D332] -> 0x0180
[5605] [M]: 0x000000008002D330 (0x0180006F) jal zero, 0x18
mem[X,0x000000008002D348] -> 0x46E3
mem[X,0x000000008002D34A] -> 0xFEB5
[5606] [M]: 0x000000008002D348 (0xFEB546E3) blt a0, a1, -0x14
mem[X,0x000000008002D334] -> 0x0113
mem[X,0x000000008002D336] -> 0x0011
[5607] [M]: 0x000000008002D334 (0x00110113) addi sp, sp, 0x1
x2 <- 0x0000000000000001
mem[X,0x000000008002D338] -> 0x006F
mem[X,0x000000008002D33A] -> 0x0240
[5608] [M]: 0x000000008002D338 (0x0240006F) jal zero, 0x24
mem[X,0x000000008002D35C] -> 0xBC23
mem[X,0x000000008002D35E] -> 0x3020
[5609] [M]: 0x000000008002D35C (0x3020BC23) sd sp, 0x318(ra)
mem[0x000000008004FCF0] <- 0x0000000000000001
mem[X,0x000000008002D360] -> 0x0513
mem[X,0x000000008002D362] -> 0x0020
[5610] [M]: 0x000000008002D360 (0x00200513) addi a0, zero, 0x2
x10 <- 0x0000000000000002
mem[X,0x000000008002D364] -> 0xB5B7
mem[X,0x000000008002D366] -> 0xAAAA
[5611] [M]: 0x000000008002D364 (0xAAAAB5B7) lui a1, -0x55555
x11 <- 0xFFFFFFFFAAAAB000
mem[X,0x000000008002D368] -> 0x8593
mem[X,0x000000008002D36A] -> 0xAAA5
[5612] [M]: 0x000000008002D368 (0xAAA58593) addi a1, a1, -0x556
x11 <- 0xFFFFFFFFAAAAAAAA
mem[X,0x000000008002D36C] -> 0x9593
mem[X,0x000000008002D36E] -> 0x00B5
[5613] [M]: 0x000000008002D36C (0x00B59593) slli a1, a1, 0xb
x11 <- 0xFFFFFD5555555000
mem[X,0x000000008002D370] -> 0x8593
mem[X,0x000000008002D372] -> 0x5555
[5614] [M]: 0x000000008002D370 (0x55558593) addi a1, a1, 0x555
x11 <- 0xFFFFFD5555555555
mem[X,0x000000008002D374] -> 0x9593
mem[X,0x000000008002D376] -> 0x00B5
[5615] [M]: 0x000000008002D374 (0x00B59593) slli a1, a1, 0xb
x11 <- 0xFFEAAAAAAAAAA800
mem[X,0x000000008002D378] -> 0x8593
mem[X,0x000000008002D37A] -> 0x2AA5
[5616] [M]: 0x000000008002D378 (0x2AA58593) addi a1, a1, 0x2aa
x11 <- 0xFFEAAAAAAAAAAAAA
mem[X,0x000000008002D37C] -> 0x9593
mem[X,0x000000008002D37E] -> 0x00A5
[5617] [M]: 0x000000008002D37C (0x00A59593) slli a1, a1, 0xa
x11 <- 0xAAAAAAAAAAAAA800
mem[X,0x000000008002D380] -> 0x8593
mem[X,0x000000008002D382] -> 0x2AB5
[5618] [M]: 0x000000008002D380 (0x2AB58593) addi a1, a1, 0x2ab
x11 <- 0xAAAAAAAAAAAAAAAB
mem[X,0x000000008002D384] -> 0x0113
mem[X,0x000000008002D386] -> 0x0000
[5619] [M]: 0x000000008002D384 (0x00000113) addi sp, zero, 0x0
x2 <- 0x0000000000000000
mem[X,0x000000008002D388] -> 0x006F
mem[X,0x000000008002D38A] -> 0x00C0
[5620] [M]: 0x000000008002D388 (0x00C0006F) jal zero, 0xc
mem[X,0x000000008002D394] -> 0x4063
mem[X,0x000000008002D396] -> 0x40B5
[5621] [M]: 0x000000008002D394 (0x40B54063) blt a0, a1, 0x400
mem[X,0x000000008002D398] -> 0x0113
mem[X,0x000000008002D39A] -> 0x0021
[5622] [M]: 0x000000008002D398 (0x00210113) addi sp, sp, 0x2
x2 <- 0x0000000000000002
mem[X,0x000000008002D39C] -> 0x006F
mem[X,0x000000008002D39E] -> 0x4000
[5623] [M]: 0x000000008002D39C (0x4000006F) jal zero, 0x400
mem[X,0x000000008002D79C] -> 0xB023
mem[X,0x000000008002D79E] -> 0x3220
[5624] [M]: 0x000000008002D79C (0x3220B023) sd sp, 0x320(ra)
mem[0x000000008004FCF8] <- 0x0000000000000002
mem[X,0x000000008002D7A0] -> 0x0513
mem[X,0x000000008002D7A2] -> 0x0020
[5625] [M]: 0x000000008002D7A0 (0x00200513) addi a0, zero, 0x2
x10 <- 0x0000000000000002
mem[X,0x000000008002D7A4] -> 0x0593
mem[X,0x000000008002D7A6] -> 0x0060
[5626] [M]: 0x000000008002D7A4 (0x00600593) addi a1, zero, 0x6
x11 <- 0x0000000000000006
mem[X,0x000000008002D7A8] -> 0x0113
mem[X,0x000000008002D7AA] -> 0x0000
[5627] [M]: 0x000000008002D7A8 (0x00000113) addi sp, zero, 0x0
x2 <- 0x0000000000000000
mem[X,0x000000008002D7AC] -> 0x006F
mem[X,0x000000008002D7AE] -> 0x00C0
[5628] [M]: 0x000000008002D7AC (0x00C0006F) jal zero, 0xc
mem[X,0x000000008002D7B8] -> 0x4663
mem[X,0x000000008002D7BA] -> 0x00B5
[5629] [M]: 0x000000008002D7B8 (0x00B54663) blt a0, a1, 0xc
mem[X,0x000000008002D7C4] -> 0x0113
mem[X,0x000000008002D7C6] -> 0x0031
[5630] [M]: 0x000000008002D7C4 (0x00310113) addi sp, sp, 0x3
x2 <- 0x0000000000000003
mem[X,0x000000008002D7C8] -> 0x006F
mem[X,0x000000008002D7CA] -> 0x0040
[5631] [M]: 0x000000008002D7C8 (0x0040006F) jal zero, 0x4
mem[X,0x000000008002D7CC] -> 0xB423
mem[X,0x000000008002D7CE] -> 0x3220
[5632] [M]: 0x000000008002D7CC (0x3220B423) sd sp, 0x328(ra)
mem[0x000000008004FD00] <- 0x0000000000000003
mem[X,0x000000008002D7D0] -> 0x0513
mem[X,0x000000008002D7D2] -> 0x0020
[5633] [M]: 0x000000008002D7D0 (0x00200513) addi a0, zero, 0x2
x10 <- 0x0000000000000002
mem[X,0x000000008002D7D4] -> 0x35B7
mem[X,0x000000008002D7D6] -> 0x3333
[5634] [M]: 0x000000008002D7D4 (0x333335B7) lui a1, 0x33333
x11 <- 0x0000000033333000
mem[X,0x000000008002D7D8] -> 0x8593
mem[X,0x000000008002D7DA] -> 0x3335
[5635] [M]: 0x000000008002D7D8 (0x33358593) addi a1, a1, 0x333
x11 <- 0x0000000033333333
mem[X,0x000000008002D7DC] -> 0x9593
mem[X,0x000000008002D7DE] -> 0x00B5
[5636] [M]: 0x000000008002D7DC (0x00B59593) slli a1, a1, 0xb
x11 <- 0x0000019999999800
mem[X,0x000000008002D7E0] -> 0x8593
mem[X,0x000000008002D7E2] -> 0x1995
[5637] [M]: 0x000000008002D7E0 (0x19958593) addi a1, a1, 0x199
x11 <- 0x0000019999999999
mem[X,0x000000008002D7E4] -> 0x9593
mem[X,0x000000008002D7E6] -> 0x00B5
[5638] [M]: 0x000000008002D7E4 (0x00B59593) slli a1, a1, 0xb
x11 <- 0x000CCCCCCCCCC800
mem[X,0x000000008002D7E8] -> 0x8593
mem[X,0x000000008002D7EA] -> 0x4CC5
[5639] [M]: 0x000000008002D7E8 (0x4CC58593) addi a1, a1, 0x4cc
x11 <- 0x000CCCCCCCCCCCCC
mem[X,0x000000008002D7EC] -> 0x9593
mem[X,0x000000008002D7EE] -> 0x00A5
[5640] [M]: 0x000000008002D7EC (0x00A59593) slli a1, a1, 0xa
x11 <- 0x3333333333333000
mem[X,0x000000008002D7F0] -> 0x8593
mem[X,0x000000008002D7F2] -> 0x3345
[5641] [M]: 0x000000008002D7F0 (0x33458593) addi a1, a1, 0x334
x11 <- 0x3333333333333334
mem[X,0x000000008002D7F4] -> 0x0113
mem[X,0x000000008002D7F6] -> 0x0000
[5642] [M]: 0x000000008002D7F4 (0x00000113) addi sp, zero, 0x0
x2 <- 0x0000000000000000
mem[X,0x000000008002D7F8] -> 0x006F
mem[X,0x000000008002D7FA] -> 0x00C0
[5643] [M]: 0x000000008002D7F8 (0x00C0006F) jal zero, 0xc
mem[X,0x000000008002D804] -> 0x4663
mem[X,0x000000008002D806] -> 0x00B5
[5644] [M]: 0x000000008002D804 (0x00B54663) blt a0, a1, 0xc
mem[X,0x000000008002D810] -> 0x0113
mem[X,0x000000008002D812] -> 0x0031
[5645] [M]: 0x000000008002D810 (0x00310113) addi sp, sp, 0x3
x2 <- 0x0000000000000003
mem[X,0x000000008002D814] -> 0x006F
mem[X,0x000000008002D816] -> 0x0040
[5646] [M]: 0x000000008002D814 (0x0040006F) jal zero, 0x4
mem[X,0x000000008002D818] -> 0xB823
mem[X,0x000000008002D81A] -> 0x3220
[5647] [M]: 0x000000008002D818 (0x3220B823) sd sp, 0x330(ra)
mem[0x000000008004FD08] <- 0x0000000000000003
mem[X,0x000000008002D81C] -> 0x0513
mem[X,0x000000008002D81E] -> 0x0020
[5648] [M]: 0x000000008002D81C (0x00200513) addi a0, zero, 0x2
x10 <- 0x0000000000000002
mem[X,0x000000008002D820] -> 0x65B7
mem[X,0x000000008002D822] -> 0x6666
[5649] [M]: 0x000000008002D820 (0x666665B7) lui a1, 0x66666
x11 <- 0x0000000066666000
mem[X,0x000000008002D824] -> 0x8593
mem[X,0x000000008002D826] -> 0x6665
[5650] [M]: 0x000000008002D824 (0x66658593) addi a1, a1, 0x666
x11 <- 0x0000000066666666
mem[X,0x000000008002D828] -> 0x9593
mem[X,0x000000008002D82A] -> 0x00B5
[5651] [M]: 0x000000008002D828 (0x00B59593) slli a1, a1, 0xb
x11 <- 0x0000033333333000
mem[X,0x000000008002D82C] -> 0x8593
mem[X,0x000000008002D82E] -> 0x3335
[5652] [M]: 0x000000008002D82C (0x33358593) addi a1, a1, 0x333
x11 <- 0x0000033333333333
mem[X,0x000000008002D830] -> 0x9593
mem[X,0x000000008002D832] -> 0x00B5
[5653] [M]: 0x000000008002D830 (0x00B59593) slli a1, a1, 0xb
x11 <- 0x0019999999999800
mem[X,0x000000008002D834] -> 0x8593
mem[X,0x000000008002D836] -> 0x1995
[5654] [M]: 0x000000008002D834 (0x19958593) addi a1, a1, 0x199
x11 <- 0x0019999999999999
mem[X,0x000000008002D838] -> 0x9593
mem[X,0x000000008002D83A] -> 0x00A5
[5655] [M]: 0x000000008002D838 (0x00A59593) slli a1, a1, 0xa
x11 <- 0x6666666666666400
mem[X,0x000000008002D83C] -> 0x8593
mem[X,0x000000008002D83E] -> 0x2675
[5656] [M]: 0x000000008002D83C (0x26758593) addi a1, a1, 0x267
x11 <- 0x6666666666666667
mem[X,0x000000008002D840] -> 0x0113
mem[X,0x000000008002D842] -> 0x0000
[5657] [M]: 0x000000008002D840 (0x00000113) addi sp, zero, 0x0
x2 <- 0x0000000000000000
mem[X,0x000000008002D844] -> 0x006F
mem[X,0x000000008002D846] -> 0x00C0
[5658] [M]: 0x000000008002D844 (0x00C0006F) jal zero, 0xc
mem[X,0x000000008002D850] -> 0x4063
mem[X,0x000000008002D852] -> 0x40B5
[5659] [M]: 0x000000008002D850 (0x40B54063) blt a0, a1, 0x400
mem[X,0x000000008002DC50] -> 0x0113
mem[X,0x000000008002DC52] -> 0x0031
[5660] [M]: 0x000000008002DC50 (0x00310113) addi sp, sp, 0x3
x2 <- 0x0000000000000003
mem[X,0x000000008002DC54] -> 0x006F
mem[X,0x000000008002DC56] -> 0x0040
[5661] [M]: 0x000000008002DC54 (0x0040006F) jal zero, 0x4
mem[X,0x000000008002DC58] -> 0xBC23
mem[X,0x000000008002DC5A] -> 0x3220
[5662] [M]: 0x000000008002DC58 (0x3220BC23) sd sp, 0x338(ra)
mem[0x000000008004FD10] <- 0x0000000000000003
mem[X,0x000000008002DC5C] -> 0x0513
mem[X,0x000000008002DC5E] -> 0x0020
[5663] [M]: 0x000000008002DC5C (0x00200513) addi a0, zero, 0x2
x10 <- 0x0000000000000002
mem[X,0x000000008002DC60] -> 0x05B7
mem[X,0x000000008002DC62] -> 0x0000
[5664] [M]: 0x000000008002DC60 (0x000005B7) lui a1, 0x0
x11 <- 0x0000000000000000
mem[X,0x000000008002DC64] -> 0x8593
mem[X,0x000000008002DC66] -> 0xFFF5
[5665] [M]: 0x000000008002DC64 (0xFFF58593) addi a1, a1, -0x1
x11 <- 0xFFFFFFFFFFFFFFFF
mem[X,0x000000008002DC68] -> 0x9593
mem[X,0x000000008002DC6A] -> 0x00B5
[5666] [M]: 0x000000008002DC68 (0x00B59593) slli a1, a1, 0xb
x11 <- 0xFFFFFFFFFFFFF800
mem[X,0x000000008002DC6C] -> 0x8593
mem[X,0x000000008002DC6E] -> 0x2575
[5667] [M]: 0x000000008002DC6C (0x25758593) addi a1, a1, 0x257
x11 <- 0xFFFFFFFFFFFFFA57
mem[X,0x000000008002DC70] -> 0x9593
mem[X,0x000000008002DC72] -> 0x00B5
[5668] [M]: 0x000000008002DC70 (0x00B59593) slli a1, a1, 0xb
x11 <- 0xFFFFFFFFFFD2B800
mem[X,0x000000008002DC74] -> 0x8593
mem[X,0x000000008002DC76] -> 0x6C35
[5669] [M]: 0x000000008002DC74 (0x6C358593) addi a1, a1, 0x6c3
x11 <- 0xFFFFFFFFFFD2BEC3
mem[X,0x000000008002DC78] -> 0x9593
mem[X,0x000000008002DC7A] -> 0x00A5
[5670] [M]: 0x000000008002DC78 (0x00A59593) slli a1, a1, 0xa
x11 <- 0xFFFFFFFF4AFB0C00
mem[X,0x000000008002DC7C] -> 0x8593
mem[X,0x000000008002DC7E] -> 0x0CE5
[5671] [M]: 0x000000008002DC7C (0x0CE58593) addi a1, a1, 0xce
x11 <- 0xFFFFFFFF4AFB0CCE
mem[X,0x000000008002DC80] -> 0x0113
mem[X,0x000000008002DC82] -> 0x0000
[5672] [M]: 0x000000008002DC80 (0x00000113) addi sp, zero, 0x0
x2 <- 0x0000000000000000
mem[X,0x000000008002DC84] -> 0x006F
mem[X,0x000000008002DC86] -> 0x0050
[5673] [M]: 0x000000008002DC84 (0x0050006F) jal zero, 0x804
mem[X,0x000000008002E488] -> 0x40E3
mem[X,0x000000008002E48A] -> 0x80B5
[5674] [M]: 0x000000008002E488 (0x80B540E3) blt a0, a1, -0x800
mem[X,0x000000008002E48C] -> 0x0113
mem[X,0x000000008002E48E] -> 0x0021
[5675] [M]: 0x000000008002E48C (0x00210113) addi sp, sp, 0x2
x2 <- 0x0000000000000002
mem[X,0x000000008002E490] -> 0x006F
mem[X,0x000000008002E492] -> 0x00C0
[5676] [M]: 0x000000008002E490 (0x00C0006F) jal zero, 0xc
mem[X,0x000000008002E49C] -> 0xB023
mem[X,0x000000008002E49E] -> 0x3420
[5677] [M]: 0x000000008002E49C (0x3420B023) sd sp, 0x340(ra)
mem[0x000000008004FD18] <- 0x0000000000000002
mem[X,0x000000008002E4A0] -> 0x0513
mem[X,0x000000008002E4A2] -> 0x0020
[5678] [M]: 0x000000008002E4A0 (0x00200513) addi a0, zero, 0x2
x10 <- 0x0000000000000002
mem[X,0x000000008002E4A4] -> 0x05B7
mem[X,0x000000008002E4A6] -> 0x0000
[5679] [M]: 0x000000008002E4A4 (0x000005B7) lui a1, 0x0
x11 <- 0x0000000000000000
mem[X,0x000000008002E4A8] -> 0x8593
mem[X,0x000000008002E4AA] -> 0x0005
[5680] [M]: 0x000000008002E4A8 (0x00058593) addi a1, a1, 0x0
x11 <- 0x0000000000000000
mem[X,0x000000008002E4AC] -> 0x9593
mem[X,0x000000008002E4AE] -> 0x00B5
[5681] [M]: 0x000000008002E4AC (0x00B59593) slli a1, a1, 0xb
x11 <- 0x0000000000000000
mem[X,0x000000008002E4B0] -> 0x8593
mem[X,0x000000008002E4B2] -> 0x5A85
[5682] [M]: 0x000000008002E4B0 (0x5A858593) addi a1, a1, 0x5a8
x11 <- 0x00000000000005A8
mem[X,0x000000008002E4B4] -> 0x9593
mem[X,0x000000008002E4B6] -> 0x00B5
[5683] [M]: 0x000000008002E4B4 (0x00B59593) slli a1, a1, 0xb
x11 <- 0x00000000002D4000
mem[X,0x000000008002E4B8] -> 0x8593
mem[X,0x000000008002E4BA] -> 0x13C5
[5684] [M]: 0x000000008002E4B8 (0x13C58593) addi a1, a1, 0x13c
x11 <- 0x00000000002D413C
mem[X,0x000000008002E4BC] -> 0x9593
mem[X,0x000000008002E4BE] -> 0x00A5
[5685] [M]: 0x000000008002E4BC (0x00A59593) slli a1, a1, 0xa
x11 <- 0x00000000B504F000
mem[X,0x000000008002E4C0] -> 0x8593
mem[X,0x000000008002E4C2] -> 0x3345
[5686] [M]: 0x000000008002E4C0 (0x33458593) addi a1, a1, 0x334
x11 <- 0x00000000B504F334
mem[X,0x000000008002E4C4] -> 0x0113
mem[X,0x000000008002E4C6] -> 0x0000
[5687] [M]: 0x000000008002E4C4 (0x00000113) addi sp, zero, 0x0
x2 <- 0x0000000000000000
mem[X,0x000000008002E4C8] -> 0x006F
mem[X,0x000000008002E4CA] -> 0x0050
[5688] [M]: 0x000000008002E4C8 (0x0050006F) jal zero, 0x804
mem[X,0x000000008002ECCC] -> 0x40E3
mem[X,0x000000008002ECCE] -> 0x80B5
[5689] [M]: 0x000000008002ECCC (0x80B540E3) blt a0, a1, -0x800
mem[X,0x000000008002E4CC] -> 0x0113
mem[X,0x000000008002E4CE] -> 0x0011
[5690] [M]: 0x000000008002E4CC (0x00110113) addi sp, sp, 0x1
x2 <- 0x0000000000000001
mem[X,0x000000008002E4D0] -> 0x006F
mem[X,0x000000008002E4D2] -> 0x0110
[5691] [M]: 0x000000008002E4D0 (0x0110006F) jal zero, 0x810
mem[X,0x000000008002ECE0] -> 0xB423
mem[X,0x000000008002ECE2] -> 0x3420
[5692] [M]: 0x000000008002ECE0 (0x3420B423) sd sp, 0x348(ra)
mem[0x000000008004FD20] <- 0x0000000000000001
mem[X,0x000000008002ECE4] -> 0x5537
mem[X,0x000000008002ECE6] -> 0x5555
[5693] [M]: 0x000000008002ECE4 (0x55555537) lui a0, 0x55555
x10 <- 0x0000000055555000
mem[X,0x000000008002ECE8] -> 0x0513
mem[X,0x000000008002ECEA] -> 0x5555
[5694] [M]: 0x000000008002ECE8 (0x55550513) addi a0, a0, 0x555
x10 <- 0x0000000055555555
mem[X,0x000000008002ECEC] -> 0x1513
mem[X,0x000000008002ECEE] -> 0x00B5
[5695] [M]: 0x000000008002ECEC (0x00B51513) slli a0, a0, 0xb
x10 <- 0x000002AAAAAAA800
mem[X,0x000000008002ECF0] -> 0x0513
mem[X,0x000000008002ECF2] -> 0x2AA5
[5696] [M]: 0x000000008002ECF0 (0x2AA50513) addi a0, a0, 0x2aa
x10 <- 0x000002AAAAAAAAAA
mem[X,0x000000008002ECF4] -> 0x1513
mem[X,0x000000008002ECF6] -> 0x00B5
[5697] [M]: 0x000000008002ECF4 (0x00B51513) slli a0, a0, 0xb
x10 <- 0x0015555555555000
mem[X,0x000000008002ECF8] -> 0x0513
mem[X,0x000000008002ECFA] -> 0x5555
[5698] [M]: 0x000000008002ECF8 (0x55550513) addi a0, a0, 0x555
x10 <- 0x0015555555555555
mem[X,0x000000008002ECFC] -> 0x1513
mem[X,0x000000008002ECFE] -> 0x00A5
[5699] [M]: 0x000000008002ECFC (0x00A51513) slli a0, a0, 0xa
x10 <- 0x5555555555555400
clint::tick mtime <- 0x0000000000000039
 clint timer pending at mtime 0x0000000000000039
htif::tick 0x0000000000000000
mem[X,0x000000008002ED00] -> 0x0513
mem[X,0x000000008002ED02] -> 0x1545
[5700] [M]: 0x000000008002ED00 (0x15450513) addi a0, a0, 0x154
x10 <- 0x5555555555555554
mem[X,0x000000008002ED04] -> 0x0593
mem[X,0x000000008002ED06] -> 0x0030
[5701] [M]: 0x000000008002ED04 (0x00300593) addi a1, zero, 0x3
x11 <- 0x0000000000000003
mem[X,0x000000008002ED08] -> 0x0113
mem[X,0x000000008002ED0A] -> 0x0000
[5702] [M]: 0x000000008002ED08 (0x00000113) addi sp, zero, 0x0
x2 <- 0x0000000000000000
mem[X,0x000000008002ED0C] -> 0x006F
mem[X,0x000000008002ED0E] -> 0x00C0
[5703] [M]: 0x000000008002ED0C (0x00C0006F) jal zero, 0xc
mem[X,0x000000008002ED18] -> 0x4063
mem[X,0x000000008002ED1A] -> 0x08B5
[5704] [M]: 0x000000008002ED18 (0x08B54063) blt a0, a1, 0x80
mem[X,0x000000008002ED1C] -> 0x0113
mem[X,0x000000008002ED1E] -> 0x0021
[5705] [M]: 0x000000008002ED1C (0x00210113) addi sp, sp, 0x2
x2 <- 0x0000000000000002
mem[X,0x000000008002ED20] -> 0x006F
mem[X,0x000000008002ED22] -> 0x0800
[5706] [M]: 0x000000008002ED20 (0x0800006F) jal zero, 0x80
mem[X,0x000000008002EDA0] -> 0xB823
mem[X,0x000000008002EDA2] -> 0x3420
[5707] [M]: 0x000000008002EDA0 (0x3420B823) sd sp, 0x350(ra)
mem[0x000000008004FD28] <- 0x0000000000000002
mem[X,0x000000008002EDA4] -> 0x5537
mem[X,0x000000008002EDA6] -> 0x5555
[5708] [M]: 0x000000008002EDA4 (0x55555537) lui a0, 0x55555
x10 <- 0x0000000055555000
mem[X,0x000000008002EDA8] -> 0x0513
mem[X,0x000000008002EDAA] -> 0x5555
[5709] [M]: 0x000000008002EDA8 (0x55550513) addi a0, a0, 0x555
x10 <- 0x0000000055555555
mem[X,0x000000008002EDAC] -> 0x1513
mem[X,0x000000008002EDAE] -> 0x00B5
[5710] [M]: 0x000000008002EDAC (0x00B51513) slli a0, a0, 0xb
x10 <- 0x000002AAAAAAA800
mem[X,0x000000008002EDB0] -> 0x0513
mem[X,0x000000008002EDB2] -> 0x2AA5
[5711] [M]: 0x000000008002EDB0 (0x2AA50513) addi a0, a0, 0x2aa
x10 <- 0x000002AAAAAAAAAA
mem[X,0x000000008002EDB4] -> 0x1513
mem[X,0x000000008002EDB6] -> 0x00B5
[5712] [M]: 0x000000008002EDB4 (0x00B51513) slli a0, a0, 0xb
x10 <- 0x0015555555555000
mem[X,0x000000008002EDB8] -> 0x0513
mem[X,0x000000008002EDBA] -> 0x5555
[5713] [M]: 0x000000008002EDB8 (0x55550513) addi a0, a0, 0x555
x10 <- 0x0015555555555555
mem[X,0x000000008002EDBC] -> 0x1513
mem[X,0x000000008002EDBE] -> 0x00A5
[5714] [M]: 0x000000008002EDBC (0x00A51513) slli a0, a0, 0xa
x10 <- 0x5555555555555400
mem[X,0x000000008002EDC0] -> 0x0513
mem[X,0x000000008002EDC2] -> 0x1545
[5715] [M]: 0x000000008002EDC0 (0x15450513) addi a0, a0, 0x154
x10 <- 0x5555555555555554
mem[X,0x000000008002EDC4] -> 0x55B7
mem[X,0x000000008002EDC6] -> 0x5555
[5716] [M]: 0x000000008002EDC4 (0x555555B7) lui a1, 0x55555
x11 <- 0x0000000055555000
mem[X,0x000000008002EDC8] -> 0x8593
mem[X,0x000000008002EDCA] -> 0x5555
[5717] [M]: 0x000000008002EDC8 (0x55558593) addi a1, a1, 0x555
x11 <- 0x0000000055555555
mem[X,0x000000008002EDCC] -> 0x9593
mem[X,0x000000008002EDCE] -> 0x00B5
[5718] [M]: 0x000000008002EDCC (0x00B59593) slli a1, a1, 0xb
x11 <- 0x000002AAAAAAA800
mem[X,0x000000008002EDD0] -> 0x8593
mem[X,0x000000008002EDD2] -> 0x2AA5
[5719] [M]: 0x000000008002EDD0 (0x2AA58593) addi a1, a1, 0x2aa
x11 <- 0x000002AAAAAAAAAA
mem[X,0x000000008002EDD4] -> 0x9593
mem[X,0x000000008002EDD6] -> 0x00B5
[5720] [M]: 0x000000008002EDD4 (0x00B59593) slli a1, a1, 0xb
x11 <- 0x0015555555555000
mem[X,0x000000008002EDD8] -> 0x8593
mem[X,0x000000008002EDDA] -> 0x5555
[5721] [M]: 0x000000008002EDD8 (0x55558593) addi a1, a1, 0x555
x11 <- 0x0015555555555555
mem[X,0x000000008002EDDC] -> 0x9593
mem[X,0x000000008002EDDE] -> 0x00A5
[5722] [M]: 0x000000008002EDDC (0x00A59593) slli a1, a1, 0xa
x11 <- 0x5555555555555400
mem[X,0x000000008002EDE0] -> 0x8593
mem[X,0x000000008002EDE2] -> 0x1555
[5723] [M]: 0x000000008002EDE0 (0x15558593) addi a1, a1, 0x155
x11 <- 0x5555555555555555
mem[X,0x000000008002EDE4] -> 0x0113
mem[X,0x000000008002EDE6] -> 0x0000
[5724] [M]: 0x000000008002EDE4 (0x00000113) addi sp, zero, 0x0
x2 <- 0x0000000000000000
mem[X,0x000000008002EDE8] -> 0x006F
mem[X,0x000000008002EDEA] -> 0x00C0
[5725] [M]: 0x000000008002EDE8 (0x00C0006F) jal zero, 0xc
mem[X,0x000000008002EDF4] -> 0x4063
mem[X,0x000000008002EDF6] -> 0x02B5
[5726] [M]: 0x000000008002EDF4 (0x02B54063) blt a0, a1, 0x20
mem[X,0x000000008002EE14] -> 0x0113
mem[X,0x000000008002EE16] -> 0x0031
[5727] [M]: 0x000000008002EE14 (0x00310113) addi sp, sp, 0x3
x2 <- 0x0000000000000003
mem[X,0x000000008002EE18] -> 0x006F
mem[X,0x000000008002EE1A] -> 0x0040
[5728] [M]: 0x000000008002EE18 (0x0040006F) jal zero, 0x4
mem[X,0x000000008002EE1C] -> 0xBC23
mem[X,0x000000008002EE1E] -> 0x3420
[5729] [M]: 0x000000008002EE1C (0x3420BC23) sd sp, 0x358(ra)
mem[0x000000008004FD30] <- 0x0000000000000003
mem[X,0x000000008002EE20] -> 0x5537
mem[X,0x000000008002EE22] -> 0x5555
[5730] [M]: 0x000000008002EE20 (0x55555537) lui a0, 0x55555
x10 <- 0x0000000055555000
mem[X,0x000000008002EE24] -> 0x0513
mem[X,0x000000008002EE26] -> 0x5555
[5731] [M]: 0x000000008002EE24 (0x55550513) addi a0, a0, 0x555
x10 <- 0x0000000055555555
mem[X,0x000000008002EE28] -> 0x1513
mem[X,0x000000008002EE2A] -> 0x00B5
[5732] [M]: 0x000000008002EE28 (0x00B51513) slli a0, a0, 0xb
x10 <- 0x000002AAAAAAA800
mem[X,0x000000008002EE2C] -> 0x0513
mem[X,0x000000008002EE2E] -> 0x2AA5
[5733] [M]: 0x000000008002EE2C (0x2AA50513) addi a0, a0, 0x2aa
x10 <- 0x000002AAAAAAAAAA
mem[X,0x000000008002EE30] -> 0x1513
mem[X,0x000000008002EE32] -> 0x00B5
[5734] [M]: 0x000000008002EE30 (0x00B51513) slli a0, a0, 0xb
x10 <- 0x0015555555555000
mem[X,0x000000008002EE34] -> 0x0513
mem[X,0x000000008002EE36] -> 0x5555
[5735] [M]: 0x000000008002EE34 (0x55550513) addi a0, a0, 0x555
x10 <- 0x0015555555555555
mem[X,0x000000008002EE38] -> 0x1513
mem[X,0x000000008002EE3A] -> 0x00A5
[5736] [M]: 0x000000008002EE38 (0x00A51513) slli a0, a0, 0xa
x10 <- 0x5555555555555400
mem[X,0x000000008002EE3C] -> 0x0513
mem[X,0x000000008002EE3E] -> 0x1545
[5737] [M]: 0x000000008002EE3C (0x15450513) addi a0, a0, 0x154
x10 <- 0x5555555555555554
mem[X,0x000000008002EE40] -> 0xB5B7
mem[X,0x000000008002EE42] -> 0xAAAA
[5738] [M]: 0x000000008002EE40 (0xAAAAB5B7) lui a1, -0x55555
x11 <- 0xFFFFFFFFAAAAB000
mem[X,0x000000008002EE44] -> 0x8593
mem[X,0x000000008002EE46] -> 0xAAA5
[5739] [M]: 0x000000008002EE44 (0xAAA58593) addi a1, a1, -0x556
x11 <- 0xFFFFFFFFAAAAAAAA
mem[X,0x000000008002EE48] -> 0x9593
mem[X,0x000000008002EE4A] -> 0x00B5
[5740] [M]: 0x000000008002EE48 (0x00B59593) slli a1, a1, 0xb
x11 <- 0xFFFFFD5555555000
mem[X,0x000000008002EE4C] -> 0x8593
mem[X,0x000000008002EE4E] -> 0x5555
[5741] [M]: 0x000000008002EE4C (0x55558593) addi a1, a1, 0x555
x11 <- 0xFFFFFD5555555555
mem[X,0x000000008002EE50] -> 0x9593
mem[X,0x000000008002EE52] -> 0x00B5
[5742] [M]: 0x000000008002EE50 (0x00B59593) slli a1, a1, 0xb
x11 <- 0xFFEAAAAAAAAAA800
mem[X,0x000000008002EE54] -> 0x8593
mem[X,0x000000008002EE56] -> 0x2AA5
[5743] [M]: 0x000000008002EE54 (0x2AA58593) addi a1, a1, 0x2aa
x11 <- 0xFFEAAAAAAAAAAAAA
mem[X,0x000000008002EE58] -> 0x9593
mem[X,0x000000008002EE5A] -> 0x00A5
[5744] [M]: 0x000000008002EE58 (0x00A59593) slli a1, a1, 0xa
x11 <- 0xAAAAAAAAAAAAA800
mem[X,0x000000008002EE5C] -> 0x8593
mem[X,0x000000008002EE5E] -> 0x2AA5
[5745] [M]: 0x000000008002EE5C (0x2AA58593) addi a1, a1, 0x2aa
x11 <- 0xAAAAAAAAAAAAAAAA
mem[X,0x000000008002EE60] -> 0x0113
mem[X,0x000000008002EE62] -> 0x0000
[5746] [M]: 0x000000008002EE60 (0x00000113) addi sp, zero, 0x0
x2 <- 0x0000000000000000
mem[X,0x000000008002EE64] -> 0x006F
mem[X,0x000000008002EE66] -> 0x00C0
[5747] [M]: 0x000000008002EE64 (0x00C0006F) jal zero, 0xc
mem[X,0x000000008002EE70] -> 0x4663
mem[X,0x000000008002EE72] -> 0x00B5
[5748] [M]: 0x000000008002EE70 (0x00B54663) blt a0, a1, 0xc
mem[X,0x000000008002EE74] -> 0x0113
mem[X,0x000000008002EE76] -> 0x0021
[5749] [M]: 0x000000008002EE74 (0x00210113) addi sp, sp, 0x2
x2 <- 0x0000000000000002
mem[X,0x000000008002EE78] -> 0x006F
mem[X,0x000000008002EE7A] -> 0x00C0
[5750] [M]: 0x000000008002EE78 (0x00C0006F) jal zero, 0xc
mem[X,0x000000008002EE84] -> 0xB023
mem[X,0x000000008002EE86] -> 0x3620
[5751] [M]: 0x000000008002EE84 (0x3620B023) sd sp, 0x360(ra)
mem[0x000000008004FD38] <- 0x0000000000000002
mem[X,0x000000008002EE88] -> 0x5537
mem[X,0x000000008002EE8A] -> 0x5555
[5752] [M]: 0x000000008002EE88 (0x55555537) lui a0, 0x55555
x10 <- 0x0000000055555000
mem[X,0x000000008002EE8C] -> 0x0513
mem[X,0x000000008002EE8E] -> 0x5555
[5753] [M]: 0x000000008002EE8C (0x55550513) addi a0, a0, 0x555
x10 <- 0x0000000055555555
mem[X,0x000000008002EE90] -> 0x1513
mem[X,0x000000008002EE92] -> 0x00B5
[5754] [M]: 0x000000008002EE90 (0x00B51513) slli a0, a0, 0xb
x10 <- 0x000002AAAAAAA800
mem[X,0x000000008002EE94] -> 0x0513
mem[X,0x000000008002EE96] -> 0x2AA5
[5755] [M]: 0x000000008002EE94 (0x2AA50513) addi a0, a0, 0x2aa
x10 <- 0x000002AAAAAAAAAA
mem[X,0x000000008002EE98] -> 0x1513
mem[X,0x000000008002EE9A] -> 0x00B5
[5756] [M]: 0x000000008002EE98 (0x00B51513) slli a0, a0, 0xb
x10 <- 0x0015555555555000
mem[X,0x000000008002EE9C] -> 0x0513
mem[X,0x000000008002EE9E] -> 0x5555
[5757] [M]: 0x000000008002EE9C (0x55550513) addi a0, a0, 0x555
x10 <- 0x0015555555555555
mem[X,0x000000008002EEA0] -> 0x1513
mem[X,0x000000008002EEA2] -> 0x00A5
[5758] [M]: 0x000000008002EEA0 (0x00A51513) slli a0, a0, 0xa
x10 <- 0x5555555555555400
mem[X,0x000000008002EEA4] -> 0x0513
mem[X,0x000000008002EEA6] -> 0x1545
[5759] [M]: 0x000000008002EEA4 (0x15450513) addi a0, a0, 0x154
x10 <- 0x5555555555555554
mem[X,0x000000008002EEA8] -> 0x0593
mem[X,0x000000008002EEAA] -> 0x0050
[5760] [M]: 0x000000008002EEA8 (0x00500593) addi a1, zero, 0x5
x11 <- 0x0000000000000005
mem[X,0x000000008002EEAC] -> 0x0113
mem[X,0x000000008002EEAE] -> 0x0000
[5761] [M]: 0x000000008002EEAC (0x00000113) addi sp, zero, 0x0
x2 <- 0x0000000000000000
mem[X,0x000000008002EEB0] -> 0x006F
mem[X,0x000000008002EEB2] -> 0x0140
[5762] [M]: 0x000000008002EEB0 (0x0140006F) jal zero, 0x14
mem[X,0x000000008002EEC4] -> 0x48E3
mem[X,0x000000008002EEC6] -> 0xFEB5
[5763] [M]: 0x000000008002EEC4 (0xFEB548E3) blt a0, a1, -0x10
mem[X,0x000000008002EEC8] -> 0x0113
mem[X,0x000000008002EECA] -> 0x0021
[5764] [M]: 0x000000008002EEC8 (0x00210113) addi sp, sp, 0x2
x2 <- 0x0000000000000002
mem[X,0x000000008002EECC] -> 0x006F
mem[X,0x000000008002EECE] -> 0x00C0
[5765] [M]: 0x000000008002EECC (0x00C0006F) jal zero, 0xc
mem[X,0x000000008002EED8] -> 0xB423
mem[X,0x000000008002EEDA] -> 0x3620
[5766] [M]: 0x000000008002EED8 (0x3620B423) sd sp, 0x368(ra)
mem[0x000000008004FD40] <- 0x0000000000000002
mem[X,0x000000008002EEDC] -> 0x5537
mem[X,0x000000008002EEDE] -> 0x5555
[5767] [M]: 0x000000008002EEDC (0x55555537) lui a0, 0x55555
x10 <- 0x0000000055555000
mem[X,0x000000008002EEE0] -> 0x0513
mem[X,0x000000008002EEE2] -> 0x5555
[5768] [M]: 0x000000008002EEE0 (0x55550513) addi a0, a0, 0x555
x10 <- 0x0000000055555555
mem[X,0x000000008002EEE4] -> 0x1513
mem[X,0x000000008002EEE6] -> 0x00B5
[5769] [M]: 0x000000008002EEE4 (0x00B51513) slli a0, a0, 0xb
x10 <- 0x000002AAAAAAA800
mem[X,0x000000008002EEE8] -> 0x0513
mem[X,0x000000008002EEEA] -> 0x2AA5
[5770] [M]: 0x000000008002EEE8 (0x2AA50513) addi a0, a0, 0x2aa
x10 <- 0x000002AAAAAAAAAA
mem[X,0x000000008002EEEC] -> 0x1513
mem[X,0x000000008002EEEE] -> 0x00B5
[5771] [M]: 0x000000008002EEEC (0x00B51513) slli a0, a0, 0xb
x10 <- 0x0015555555555000
mem[X,0x000000008002EEF0] -> 0x0513
mem[X,0x000000008002EEF2] -> 0x5555
[5772] [M]: 0x000000008002EEF0 (0x55550513) addi a0, a0, 0x555
x10 <- 0x0015555555555555
mem[X,0x000000008002EEF4] -> 0x1513
mem[X,0x000000008002EEF6] -> 0x00A5
[5773] [M]: 0x000000008002EEF4 (0x00A51513) slli a0, a0, 0xa
x10 <- 0x5555555555555400
mem[X,0x000000008002EEF8] -> 0x0513
mem[X,0x000000008002EEFA] -> 0x1545
[5774] [M]: 0x000000008002EEF8 (0x15450513) addi a0, a0, 0x154
x10 <- 0x5555555555555554
mem[X,0x000000008002EEFC] -> 0x35B7
mem[X,0x000000008002EEFE] -> 0x3333
[5775] [M]: 0x000000008002EEFC (0x333335B7) lui a1, 0x33333
x11 <- 0x0000000033333000
mem[X,0x000000008002EF00] -> 0x8593
mem[X,0x000000008002EF02] -> 0x3335
[5776] [M]: 0x000000008002EF00 (0x33358593) addi a1, a1, 0x333
x11 <- 0x0000000033333333
mem[X,0x000000008002EF04] -> 0x9593
mem[X,0x000000008002EF06] -> 0x00B5
[5777] [M]: 0x000000008002EF04 (0x00B59593) slli a1, a1, 0xb
x11 <- 0x0000019999999800
mem[X,0x000000008002EF08] -> 0x8593
mem[X,0x000000008002EF0A] -> 0x1995
[5778] [M]: 0x000000008002EF08 (0x19958593) addi a1, a1, 0x199
x11 <- 0x0000019999999999
mem[X,0x000000008002EF0C] -> 0x9593
mem[X,0x000000008002EF0E] -> 0x00B5
[5779] [M]: 0x000000008002EF0C (0x00B59593) slli a1, a1, 0xb
x11 <- 0x000CCCCCCCCCC800
mem[X,0x000000008002EF10] -> 0x8593
mem[X,0x000000008002EF12] -> 0x4CC5
[5780] [M]: 0x000000008002EF10 (0x4CC58593) addi a1, a1, 0x4cc
x11 <- 0x000CCCCCCCCCCCCC
mem[X,0x000000008002EF14] -> 0x9593
mem[X,0x000000008002EF16] -> 0x00A5
[5781] [M]: 0x000000008002EF14 (0x00A59593) slli a1, a1, 0xa
x11 <- 0x3333333333333000
mem[X,0x000000008002EF18] -> 0x8593
mem[X,0x000000008002EF1A] -> 0x3335
[5782] [M]: 0x000000008002EF18 (0x33358593) addi a1, a1, 0x333
x11 <- 0x3333333333333333
mem[X,0x000000008002EF1C] -> 0x0113
mem[X,0x000000008002EF1E] -> 0x0000
[5783] [M]: 0x000000008002EF1C (0x00000113) addi sp, zero, 0x0
x2 <- 0x0000000000000000
mem[X,0x000000008002EF20] -> 0x006F
mem[X,0x000000008002EF22] -> 0x2B10
[5784] [M]: 0x000000008002EF20 (0x2B10006F) jal zero, 0xab0
mem[X,0x000000008002F9D0] -> 0x4A63
mem[X,0x000000008002F9D2] -> 0xD4B5
[5785] [M]: 0x000000008002F9D0 (0xD4B54A63) blt a0, a1, -0xaac
mem[X,0x000000008002F9D4] -> 0x0113
mem[X,0x000000008002F9D6] -> 0x0021
[5786] [M]: 0x000000008002F9D4 (0x00210113) addi sp, sp, 0x2
x2 <- 0x0000000000000002
mem[X,0x000000008002F9D8] -> 0x006F
mem[X,0x000000008002F9DA] -> 0x00C0
[5787] [M]: 0x000000008002F9D8 (0x00C0006F) jal zero, 0xc
mem[X,0x000000008002F9E4] -> 0xB823
mem[X,0x000000008002F9E6] -> 0x3620
[5788] [M]: 0x000000008002F9E4 (0x3620B823) sd sp, 0x370(ra)
mem[0x000000008004FD48] <- 0x0000000000000002
mem[X,0x000000008002F9E8] -> 0x5537
mem[X,0x000000008002F9EA] -> 0x5555
[5789] [M]: 0x000000008002F9E8 (0x55555537) lui a0, 0x55555
x10 <- 0x0000000055555000
mem[X,0x000000008002F9EC] -> 0x0513
mem[X,0x000000008002F9EE] -> 0x5555
[5790] [M]: 0x000000008002F9EC (0x55550513) addi a0, a0, 0x555
x10 <- 0x0000000055555555
mem[X,0x000000008002F9F0] -> 0x1513
mem[X,0x000000008002F9F2] -> 0x00B5
[5791] [M]: 0x000000008002F9F0 (0x00B51513) slli a0, a0, 0xb
x10 <- 0x000002AAAAAAA800
mem[X,0x000000008002F9F4] -> 0x0513
mem[X,0x000000008002F9F6] -> 0x2AA5
[5792] [M]: 0x000000008002F9F4 (0x2AA50513) addi a0, a0, 0x2aa
x10 <- 0x000002AAAAAAAAAA
mem[X,0x000000008002F9F8] -> 0x1513
mem[X,0x000000008002F9FA] -> 0x00B5
[5793] [M]: 0x000000008002F9F8 (0x00B51513) slli a0, a0, 0xb
x10 <- 0x0015555555555000
mem[X,0x000000008002F9FC] -> 0x0513
mem[X,0x000000008002F9FE] -> 0x5555
[5794] [M]: 0x000000008002F9FC (0x55550513) addi a0, a0, 0x555
x10 <- 0x0015555555555555
mem[X,0x000000008002FA00] -> 0x1513
mem[X,0x000000008002FA02] -> 0x00A5
[5795] [M]: 0x000000008002FA00 (0x00A51513) slli a0, a0, 0xa
x10 <- 0x5555555555555400
mem[X,0x000000008002FA04] -> 0x0513
mem[X,0x000000008002FA06] -> 0x1545
[5796] [M]: 0x000000008002FA04 (0x15450513) addi a0, a0, 0x154
x10 <- 0x5555555555555554
mem[X,0x000000008002FA08] -> 0x65B7
mem[X,0x000000008002FA0A] -> 0x6666
[5797] [M]: 0x000000008002FA08 (0x666665B7) lui a1, 0x66666
x11 <- 0x0000000066666000
mem[X,0x000000008002FA0C] -> 0x8593
mem[X,0x000000008002FA0E] -> 0x6665
[5798] [M]: 0x000000008002FA0C (0x66658593) addi a1, a1, 0x666
x11 <- 0x0000000066666666
mem[X,0x000000008002FA10] -> 0x9593
mem[X,0x000000008002FA12] -> 0x00B5
[5799] [M]: 0x000000008002FA10 (0x00B59593) slli a1, a1, 0xb
x11 <- 0x0000033333333000
clint::tick mtime <- 0x000000000000003A
 clint timer pending at mtime 0x000000000000003A
htif::tick 0x0000000000000000
mem[X,0x000000008002FA14] -> 0x8593
mem[X,0x000000008002FA16] -> 0x3335
[5800] [M]: 0x000000008002FA14 (0x33358593) addi a1, a1, 0x333
x11 <- 0x0000033333333333
mem[X,0x000000008002FA18] -> 0x9593
mem[X,0x000000008002FA1A] -> 0x00B5
[5801] [M]: 0x000000008002FA18 (0x00B59593) slli a1, a1, 0xb
x11 <- 0x0019999999999800
mem[X,0x000000008002FA1C] -> 0x8593
mem[X,0x000000008002FA1E] -> 0x1995
[5802] [M]: 0x000000008002FA1C (0x19958593) addi a1, a1, 0x199
x11 <- 0x0019999999999999
mem[X,0x000000008002FA20] -> 0x9593
mem[X,0x000000008002FA22] -> 0x00A5
[5803] [M]: 0x000000008002FA20 (0x00A59593) slli a1, a1, 0xa
x11 <- 0x6666666666666400
mem[X,0x000000008002FA24] -> 0x8593
mem[X,0x000000008002FA26] -> 0x2665
[5804] [M]: 0x000000008002FA24 (0x26658593) addi a1, a1, 0x266
x11 <- 0x6666666666666666
mem[X,0x000000008002FA28] -> 0x0113
mem[X,0x000000008002FA2A] -> 0x0000
[5805] [M]: 0x000000008002FA28 (0x00000113) addi sp, zero, 0x0
x2 <- 0x0000000000000000
mem[X,0x000000008002FA2C] -> 0x006F
mem[X,0x000000008002FA2E] -> 0x00C0
[5806] [M]: 0x000000008002FA2C (0x00C0006F) jal zero, 0xc
mem[X,0x000000008002FA38] -> 0x4663
mem[X,0x000000008002FA3A] -> 0x00B5
[5807] [M]: 0x000000008002FA38 (0x00B54663) blt a0, a1, 0xc
mem[X,0x000000008002FA44] -> 0x0113
mem[X,0x000000008002FA46] -> 0x0031
[5808] [M]: 0x000000008002FA44 (0x00310113) addi sp, sp, 0x3
x2 <- 0x0000000000000003
mem[X,0x000000008002FA48] -> 0x006F
mem[X,0x000000008002FA4A] -> 0x0040
[5809] [M]: 0x000000008002FA48 (0x0040006F) jal zero, 0x4
mem[X,0x000000008002FA4C] -> 0xBC23
mem[X,0x000000008002FA4E] -> 0x3620
[5810] [M]: 0x000000008002FA4C (0x3620BC23) sd sp, 0x378(ra)
mem[0x000000008004FD50] <- 0x0000000000000003
mem[X,0x000000008002FA50] -> 0x5537
mem[X,0x000000008002FA52] -> 0x5555
[5811] [M]: 0x000000008002FA50 (0x55555537) lui a0, 0x55555
x10 <- 0x0000000055555000
mem[X,0x000000008002FA54] -> 0x0513
mem[X,0x000000008002FA56] -> 0x5555
[5812] [M]: 0x000000008002FA54 (0x55550513) addi a0, a0, 0x555
x10 <- 0x0000000055555555
mem[X,0x000000008002FA58] -> 0x1513
mem[X,0x000000008002FA5A] -> 0x00B5
[5813] [M]: 0x000000008002FA58 (0x00B51513) slli a0, a0, 0xb
x10 <- 0x000002AAAAAAA800
mem[X,0x000000008002FA5C] -> 0x0513
mem[X,0x000000008002FA5E] -> 0x2AA5
[5814] [M]: 0x000000008002FA5C (0x2AA50513) addi a0, a0, 0x2aa
x10 <- 0x000002AAAAAAAAAA
mem[X,0x000000008002FA60] -> 0x1513
mem[X,0x000000008002FA62] -> 0x00B5
[5815] [M]: 0x000000008002FA60 (0x00B51513) slli a0, a0, 0xb
x10 <- 0x0015555555555000
mem[X,0x000000008002FA64] -> 0x0513
mem[X,0x000000008002FA66] -> 0x5555
[5816] [M]: 0x000000008002FA64 (0x55550513) addi a0, a0, 0x555
x10 <- 0x0015555555555555
mem[X,0x000000008002FA68] -> 0x1513
mem[X,0x000000008002FA6A] -> 0x00A5
[5817] [M]: 0x000000008002FA68 (0x00A51513) slli a0, a0, 0xa
x10 <- 0x5555555555555400
mem[X,0x000000008002FA6C] -> 0x0513
mem[X,0x000000008002FA6E] -> 0x1545
[5818] [M]: 0x000000008002FA6C (0x15450513) addi a0, a0, 0x154
x10 <- 0x5555555555555554
mem[X,0x000000008002FA70] -> 0x05B7
mem[X,0x000000008002FA72] -> 0x0000
[5819] [M]: 0x000000008002FA70 (0x000005B7) lui a1, 0x0
x11 <- 0x0000000000000000
mem[X,0x000000008002FA74] -> 0x8593
mem[X,0x000000008002FA76] -> 0xFFF5
[5820] [M]: 0x000000008002FA74 (0xFFF58593) addi a1, a1, -0x1
x11 <- 0xFFFFFFFFFFFFFFFF
mem[X,0x000000008002FA78] -> 0x9593
mem[X,0x000000008002FA7A] -> 0x00B5
[5821] [M]: 0x000000008002FA78 (0x00B59593) slli a1, a1, 0xb
x11 <- 0xFFFFFFFFFFFFF800
mem[X,0x000000008002FA7C] -> 0x8593
mem[X,0x000000008002FA7E] -> 0x2575
[5822] [M]: 0x000000008002FA7C (0x25758593) addi a1, a1, 0x257
x11 <- 0xFFFFFFFFFFFFFA57
mem[X,0x000000008002FA80] -> 0x9593
mem[X,0x000000008002FA82] -> 0x00B5
[5823] [M]: 0x000000008002FA80 (0x00B59593) slli a1, a1, 0xb
x11 <- 0xFFFFFFFFFFD2B800
mem[X,0x000000008002FA84] -> 0x8593
mem[X,0x000000008002FA86] -> 0x6C35
[5824] [M]: 0x000000008002FA84 (0x6C358593) addi a1, a1, 0x6c3
x11 <- 0xFFFFFFFFFFD2BEC3
mem[X,0x000000008002FA88] -> 0x9593
mem[X,0x000000008002FA8A] -> 0x00A5
[5825] [M]: 0x000000008002FA88 (0x00A59593) slli a1, a1, 0xa
x11 <- 0xFFFFFFFF4AFB0C00
mem[X,0x000000008002FA8C] -> 0x8593
mem[X,0x000000008002FA8E] -> 0x0CD5
[5826] [M]: 0x000000008002FA8C (0x0CD58593) addi a1, a1, 0xcd
x11 <- 0xFFFFFFFF4AFB0CCD
mem[X,0x000000008002FA90] -> 0x0113
mem[X,0x000000008002FA92] -> 0x0000
[5827] [M]: 0x000000008002FA90 (0x00000113) addi sp, zero, 0x0
x2 <- 0x0000000000000000
mem[X,0x000000008002FA94] -> 0x006F
mem[X,0x000000008002FA96] -> 0x2B10
[5828] [M]: 0x000000008002FA94 (0x2B10006F) jal zero, 0xab0
mem[X,0x0000000080030544] -> 0x4A63
mem[X,0x0000000080030546] -> 0xD4B5
[5829] [M]: 0x0000000080030544 (0xD4B54A63) blt a0, a1, -0xaac
mem[X,0x0000000080030548] -> 0x0113
mem[X,0x000000008003054A] -> 0x0021
[5830] [M]: 0x0000000080030548 (0x00210113) addi sp, sp, 0x2
x2 <- 0x0000000000000002
mem[X,0x000000008003054C] -> 0x006F
mem[X,0x000000008003054E] -> 0x00C0
[5831] [M]: 0x000000008003054C (0x00C0006F) jal zero, 0xc
mem[X,0x0000000080030558] -> 0xB023
mem[X,0x000000008003055A] -> 0x3820
[5832] [M]: 0x0000000080030558 (0x3820B023) sd sp, 0x380(ra)
mem[0x000000008004FD58] <- 0x0000000000000002
mem[X,0x000000008003055C] -> 0x5537
mem[X,0x000000008003055E] -> 0x5555
[5833] [M]: 0x000000008003055C (0x55555537) lui a0, 0x55555
x10 <- 0x0000000055555000
mem[X,0x0000000080030560] -> 0x0513
mem[X,0x0000000080030562] -> 0x5555
[5834] [M]: 0x0000000080030560 (0x55550513) addi a0, a0, 0x555
x10 <- 0x0000000055555555
mem[X,0x0000000080030564] -> 0x1513
mem[X,0x0000000080030566] -> 0x00B5
[5835] [M]: 0x0000000080030564 (0x00B51513) slli a0, a0, 0xb
x10 <- 0x000002AAAAAAA800
mem[X,0x0000000080030568] -> 0x0513
mem[X,0x000000008003056A] -> 0x2AA5
[5836] [M]: 0x0000000080030568 (0x2AA50513) addi a0, a0, 0x2aa
x10 <- 0x000002AAAAAAAAAA
mem[X,0x000000008003056C] -> 0x1513
mem[X,0x000000008003056E] -> 0x00B5
[5837] [M]: 0x000000008003056C (0x00B51513) slli a0, a0, 0xb
x10 <- 0x0015555555555000
mem[X,0x0000000080030570] -> 0x0513
mem[X,0x0000000080030572] -> 0x5555
[5838] [M]: 0x0000000080030570 (0x55550513) addi a0, a0, 0x555
x10 <- 0x0015555555555555
mem[X,0x0000000080030574] -> 0x1513
mem[X,0x0000000080030576] -> 0x00A5
[5839] [M]: 0x0000000080030574 (0x00A51513) slli a0, a0, 0xa
x10 <- 0x5555555555555400
mem[X,0x0000000080030578] -> 0x0513
mem[X,0x000000008003057A] -> 0x1545
[5840] [M]: 0x0000000080030578 (0x15450513) addi a0, a0, 0x154
x10 <- 0x5555555555555554
mem[X,0x000000008003057C] -> 0x05B7
mem[X,0x000000008003057E] -> 0x0000
[5841] [M]: 0x000000008003057C (0x000005B7) lui a1, 0x0
x11 <- 0x0000000000000000
mem[X,0x0000000080030580] -> 0x8593
mem[X,0x0000000080030582] -> 0x0005
[5842] [M]: 0x0000000080030580 (0x00058593) addi a1, a1, 0x0
x11 <- 0x0000000000000000
mem[X,0x0000000080030584] -> 0x9593
mem[X,0x0000000080030586] -> 0x00B5
[5843] [M]: 0x0000000080030584 (0x00B59593) slli a1, a1, 0xb
x11 <- 0x0000000000000000
mem[X,0x0000000080030588] -> 0x8593
mem[X,0x000000008003058A] -> 0x5A85
[5844] [M]: 0x0000000080030588 (0x5A858593) addi a1, a1, 0x5a8
x11 <- 0x00000000000005A8
mem[X,0x000000008003058C] -> 0x9593
mem[X,0x000000008003058E] -> 0x00B5
[5845] [M]: 0x000000008003058C (0x00B59593) slli a1, a1, 0xb
x11 <- 0x00000000002D4000
mem[X,0x0000000080030590] -> 0x8593
mem[X,0x0000000080030592] -> 0x13C5
[5846] [M]: 0x0000000080030590 (0x13C58593) addi a1, a1, 0x13c
x11 <- 0x00000000002D413C
mem[X,0x0000000080030594] -> 0x9593
mem[X,0x0000000080030596] -> 0x00A5
[5847] [M]: 0x0000000080030594 (0x00A59593) slli a1, a1, 0xa
x11 <- 0x00000000B504F000
mem[X,0x0000000080030598] -> 0x8593
mem[X,0x000000008003059A] -> 0x3335
[5848] [M]: 0x0000000080030598 (0x33358593) addi a1, a1, 0x333
x11 <- 0x00000000B504F333
mem[X,0x000000008003059C] -> 0x0113
mem[X,0x000000008003059E] -> 0x0000
[5849] [M]: 0x000000008003059C (0x00000113) addi sp, zero, 0x0
x2 <- 0x0000000000000000
mem[X,0x00000000800305A0] -> 0x006F
mem[X,0x00000000800305A2] -> 0x00C0
[5850] [M]: 0x00000000800305A0 (0x00C0006F) jal zero, 0xc
mem[X,0x00000000800305AC] -> 0x4663
mem[X,0x00000000800305AE] -> 0x00B5
[5851] [M]: 0x00000000800305AC (0x00B54663) blt a0, a1, 0xc
mem[X,0x00000000800305B0] -> 0x0113
mem[X,0x00000000800305B2] -> 0x0021
[5852] [M]: 0x00000000800305B0 (0x00210113) addi sp, sp, 0x2
x2 <- 0x0000000000000002
mem[X,0x00000000800305B4] -> 0x006F
mem[X,0x00000000800305B6] -> 0x00C0
[5853] [M]: 0x00000000800305B4 (0x00C0006F) jal zero, 0xc
mem[X,0x00000000800305C0] -> 0xB423
mem[X,0x00000000800305C2] -> 0x3820
[5854] [M]: 0x00000000800305C0 (0x3820B423) sd sp, 0x388(ra)
mem[0x000000008004FD60] <- 0x0000000000000002
mem[X,0x00000000800305C4] -> 0x5537
mem[X,0x00000000800305C6] -> 0x5555
[5855] [M]: 0x00000000800305C4 (0x55555537) lui a0, 0x55555
x10 <- 0x0000000055555000
mem[X,0x00000000800305C8] -> 0x0513
mem[X,0x00000000800305CA] -> 0x5555
[5856] [M]: 0x00000000800305C8 (0x55550513) addi a0, a0, 0x555
x10 <- 0x0000000055555555
mem[X,0x00000000800305CC] -> 0x1513
mem[X,0x00000000800305CE] -> 0x00B5
[5857] [M]: 0x00000000800305CC (0x00B51513) slli a0, a0, 0xb
x10 <- 0x000002AAAAAAA800
mem[X,0x00000000800305D0] -> 0x0513
mem[X,0x00000000800305D2] -> 0x2AA5
[5858] [M]: 0x00000000800305D0 (0x2AA50513) addi a0, a0, 0x2aa
x10 <- 0x000002AAAAAAAAAA
mem[X,0x00000000800305D4] -> 0x1513
mem[X,0x00000000800305D6] -> 0x00B5
[5859] [M]: 0x00000000800305D4 (0x00B51513) slli a0, a0, 0xb
x10 <- 0x0015555555555000
mem[X,0x00000000800305D8] -> 0x0513
mem[X,0x00000000800305DA] -> 0x5555
[5860] [M]: 0x00000000800305D8 (0x55550513) addi a0, a0, 0x555
x10 <- 0x0015555555555555
mem[X,0x00000000800305DC] -> 0x1513
mem[X,0x00000000800305DE] -> 0x00A5
[5861] [M]: 0x00000000800305DC (0x00A51513) slli a0, a0, 0xa
x10 <- 0x5555555555555400
mem[X,0x00000000800305E0] -> 0x0513
mem[X,0x00000000800305E2] -> 0x1545
[5862] [M]: 0x00000000800305E0 (0x15450513) addi a0, a0, 0x154
x10 <- 0x5555555555555554
mem[X,0x00000000800305E4] -> 0x0593
mem[X,0x00000000800305E6] -> 0x0020
[5863] [M]: 0x00000000800305E4 (0x00200593) addi a1, zero, 0x2
x11 <- 0x0000000000000002
mem[X,0x00000000800305E8] -> 0x0113
mem[X,0x00000000800305EA] -> 0x0000
[5864] [M]: 0x00000000800305E8 (0x00000113) addi sp, zero, 0x0
x2 <- 0x0000000000000000
mem[X,0x00000000800305EC] -> 0x006F
mem[X,0x00000000800305EE] -> 0x00C0
[5865] [M]: 0x00000000800305EC (0x00C0006F) jal zero, 0xc
mem[X,0x00000000800305F8] -> 0x4663
mem[X,0x00000000800305FA] -> 0x00B5
[5866] [M]: 0x00000000800305F8 (0x00B54663) blt a0, a1, 0xc
mem[X,0x00000000800305FC] -> 0x0113
mem[X,0x00000000800305FE] -> 0x0021
[5867] [M]: 0x00000000800305FC (0x00210113) addi sp, sp, 0x2
x2 <- 0x0000000000000002
mem[X,0x0000000080030600] -> 0x006F
mem[X,0x0000000080030602] -> 0x00C0
[5868] [M]: 0x0000000080030600 (0x00C0006F) jal zero, 0xc
mem[X,0x000000008003060C] -> 0xB823
mem[X,0x000000008003060E] -> 0x3820
[5869] [M]: 0x000000008003060C (0x3820B823) sd sp, 0x390(ra)
mem[0x000000008004FD68] <- 0x0000000000000002
mem[X,0x0000000080030610] -> 0x5537
mem[X,0x0000000080030612] -> 0x5555
[5870] [M]: 0x0000000080030610 (0x55555537) lui a0, 0x55555
x10 <- 0x0000000055555000
mem[X,0x0000000080030614] -> 0x0513
mem[X,0x0000000080030616] -> 0x5555
[5871] [M]: 0x0000000080030614 (0x55550513) addi a0, a0, 0x555
x10 <- 0x0000000055555555
mem[X,0x0000000080030618] -> 0x1513
mem[X,0x000000008003061A] -> 0x00B5
[5872] [M]: 0x0000000080030618 (0x00B51513) slli a0, a0, 0xb
x10 <- 0x000002AAAAAAA800
mem[X,0x000000008003061C] -> 0x0513
mem[X,0x000000008003061E] -> 0x2AA5
[5873] [M]: 0x000000008003061C (0x2AA50513) addi a0, a0, 0x2aa
x10 <- 0x000002AAAAAAAAAA
mem[X,0x0000000080030620] -> 0x1513
mem[X,0x0000000080030622] -> 0x00B5
[5874] [M]: 0x0000000080030620 (0x00B51513) slli a0, a0, 0xb
x10 <- 0x0015555555555000
mem[X,0x0000000080030624] -> 0x0513
mem[X,0x0000000080030626] -> 0x5555
[5875] [M]: 0x0000000080030624 (0x55550513) addi a0, a0, 0x555
x10 <- 0x0015555555555555
mem[X,0x0000000080030628] -> 0x1513
mem[X,0x000000008003062A] -> 0x00A5
[5876] [M]: 0x0000000080030628 (0x00A51513) slli a0, a0, 0xa
x10 <- 0x5555555555555400
mem[X,0x000000008003062C] -> 0x0513
mem[X,0x000000008003062E] -> 0x1545
[5877] [M]: 0x000000008003062C (0x15450513) addi a0, a0, 0x154
x10 <- 0x5555555555555554
mem[X,0x0000000080030630] -> 0x55B7
mem[X,0x0000000080030632] -> 0x5555
[5878] [M]: 0x0000000080030630 (0x555555B7) lui a1, 0x55555
x11 <- 0x0000000055555000
mem[X,0x0000000080030634] -> 0x8593
mem[X,0x0000000080030636] -> 0x5555
[5879] [M]: 0x0000000080030634 (0x55558593) addi a1, a1, 0x555
x11 <- 0x0000000055555555
mem[X,0x0000000080030638] -> 0x9593
mem[X,0x000000008003063A] -> 0x00B5
[5880] [M]: 0x0000000080030638 (0x00B59593) slli a1, a1, 0xb
x11 <- 0x000002AAAAAAA800
mem[X,0x000000008003063C] -> 0x8593
mem[X,0x000000008003063E] -> 0x2AA5
[5881] [M]: 0x000000008003063C (0x2AA58593) addi a1, a1, 0x2aa
x11 <- 0x000002AAAAAAAAAA
mem[X,0x0000000080030640] -> 0x9593
mem[X,0x0000000080030642] -> 0x00B5
[5882] [M]: 0x0000000080030640 (0x00B59593) slli a1, a1, 0xb
x11 <- 0x0015555555555000
mem[X,0x0000000080030644] -> 0x8593
mem[X,0x0000000080030646] -> 0x5555
[5883] [M]: 0x0000000080030644 (0x55558593) addi a1, a1, 0x555
x11 <- 0x0015555555555555
mem[X,0x0000000080030648] -> 0x9593
mem[X,0x000000008003064A] -> 0x00A5
[5884] [M]: 0x0000000080030648 (0x00A59593) slli a1, a1, 0xa
x11 <- 0x5555555555555400
mem[X,0x000000008003064C] -> 0x8593
mem[X,0x000000008003064E] -> 0x1545
[5885] [M]: 0x000000008003064C (0x15458593) addi a1, a1, 0x154
x11 <- 0x5555555555555554
mem[X,0x0000000080030650] -> 0x0113
mem[X,0x0000000080030652] -> 0x0000
[5886] [M]: 0x0000000080030650 (0x00000113) addi sp, zero, 0x0
x2 <- 0x0000000000000000
mem[X,0x0000000080030654] -> 0x006F
mem[X,0x0000000080030656] -> 0x00C0
[5887] [M]: 0x0000000080030654 (0x00C0006F) jal zero, 0xc
mem[X,0x0000000080030660] -> 0x4663
mem[X,0x0000000080030662] -> 0x00B5
[5888] [M]: 0x0000000080030660 (0x00B54663) blt a0, a1, 0xc
mem[X,0x0000000080030664] -> 0x0113
mem[X,0x0000000080030666] -> 0x0021
[5889] [M]: 0x0000000080030664 (0x00210113) addi sp, sp, 0x2
x2 <- 0x0000000000000002
mem[X,0x0000000080030668] -> 0x006F
mem[X,0x000000008003066A] -> 0x00C0
[5890] [M]: 0x0000000080030668 (0x00C0006F) jal zero, 0xc
mem[X,0x0000000080030674] -> 0xBC23
mem[X,0x0000000080030676] -> 0x3820
[5891] [M]: 0x0000000080030674 (0x3820BC23) sd sp, 0x398(ra)
mem[0x000000008004FD70] <- 0x0000000000000002
mem[X,0x0000000080030678] -> 0x5537
mem[X,0x000000008003067A] -> 0x5555
[5892] [M]: 0x0000000080030678 (0x55555537) lui a0, 0x55555
x10 <- 0x0000000055555000
mem[X,0x000000008003067C] -> 0x0513
mem[X,0x000000008003067E] -> 0x5555
[5893] [M]: 0x000000008003067C (0x55550513) addi a0, a0, 0x555
x10 <- 0x0000000055555555
mem[X,0x0000000080030680] -> 0x1513
mem[X,0x0000000080030682] -> 0x00B5
[5894] [M]: 0x0000000080030680 (0x00B51513) slli a0, a0, 0xb
x10 <- 0x000002AAAAAAA800
mem[X,0x0000000080030684] -> 0x0513
mem[X,0x0000000080030686] -> 0x2AA5
[5895] [M]: 0x0000000080030684 (0x2AA50513) addi a0, a0, 0x2aa
x10 <- 0x000002AAAAAAAAAA
mem[X,0x0000000080030688] -> 0x1513
mem[X,0x000000008003068A] -> 0x00B5
[5896] [M]: 0x0000000080030688 (0x00B51513) slli a0, a0, 0xb
x10 <- 0x0015555555555000
mem[X,0x000000008003068C] -> 0x0513
mem[X,0x000000008003068E] -> 0x5555
[5897] [M]: 0x000000008003068C (0x55550513) addi a0, a0, 0x555
x10 <- 0x0015555555555555
mem[X,0x0000000080030690] -> 0x1513
mem[X,0x0000000080030692] -> 0x00A5
[5898] [M]: 0x0000000080030690 (0x00A51513) slli a0, a0, 0xa
x10 <- 0x5555555555555400
mem[X,0x0000000080030694] -> 0x0513
mem[X,0x0000000080030696] -> 0x1545
[5899] [M]: 0x0000000080030694 (0x15450513) addi a0, a0, 0x154
x10 <- 0x5555555555555554
clint::tick mtime <- 0x000000000000003B
 clint timer pending at mtime 0x000000000000003B
htif::tick 0x0000000000000000
mem[X,0x0000000080030698] -> 0x0593
mem[X,0x000000008003069A] -> 0x0000
[5900] [M]: 0x0000000080030698 (0x00000593) addi a1, zero, 0x0
x11 <- 0x0000000000000000
mem[X,0x000000008003069C] -> 0x0113
mem[X,0x000000008003069E] -> 0x0000
[5901] [M]: 0x000000008003069C (0x00000113) addi sp, zero, 0x0
x2 <- 0x0000000000000000
mem[X,0x00000000800306A0] -> 0x006F
mem[X,0x00000000800306A2] -> 0x00C0
[5902] [M]: 0x00000000800306A0 (0x00C0006F) jal zero, 0xc
mem[X,0x00000000800306AC] -> 0x4063
mem[X,0x00000000800306AE] -> 0x10B5
[5903] [M]: 0x00000000800306AC (0x10B54063) blt a0, a1, 0x100
mem[X,0x00000000800306B0] -> 0x0113
mem[X,0x00000000800306B2] -> 0x0021
[5904] [M]: 0x00000000800306B0 (0x00210113) addi sp, sp, 0x2
x2 <- 0x0000000000000002
mem[X,0x00000000800306B4] -> 0x006F
mem[X,0x00000000800306B6] -> 0x1000
[5905] [M]: 0x00000000800306B4 (0x1000006F) jal zero, 0x100
mem[X,0x00000000800307B4] -> 0xB023
mem[X,0x00000000800307B6] -> 0x3A20
[5906] [M]: 0x00000000800307B4 (0x3A20B023) sd sp, 0x3a0(ra)
mem[0x000000008004FD78] <- 0x0000000000000002
mem[X,0x00000000800307B8] -> 0x5537
mem[X,0x00000000800307BA] -> 0x5555
[5907] [M]: 0x00000000800307B8 (0x55555537) lui a0, 0x55555
x10 <- 0x0000000055555000
mem[X,0x00000000800307BC] -> 0x0513
mem[X,0x00000000800307BE] -> 0x5555
[5908] [M]: 0x00000000800307BC (0x55550513) addi a0, a0, 0x555
x10 <- 0x0000000055555555
mem[X,0x00000000800307C0] -> 0x1513
mem[X,0x00000000800307C2] -> 0x00B5
[5909] [M]: 0x00000000800307C0 (0x00B51513) slli a0, a0, 0xb
x10 <- 0x000002AAAAAAA800
mem[X,0x00000000800307C4] -> 0x0513
mem[X,0x00000000800307C6] -> 0x2AA5
[5910] [M]: 0x00000000800307C4 (0x2AA50513) addi a0, a0, 0x2aa
x10 <- 0x000002AAAAAAAAAA
mem[X,0x00000000800307C8] -> 0x1513
mem[X,0x00000000800307CA] -> 0x00B5
[5911] [M]: 0x00000000800307C8 (0x00B51513) slli a0, a0, 0xb
x10 <- 0x0015555555555000
mem[X,0x00000000800307CC] -> 0x0513
mem[X,0x00000000800307CE] -> 0x5555
[5912] [M]: 0x00000000800307CC (0x55550513) addi a0, a0, 0x555
x10 <- 0x0015555555555555
mem[X,0x00000000800307D0] -> 0x1513
mem[X,0x00000000800307D2] -> 0x00A5
[5913] [M]: 0x00000000800307D0 (0x00A51513) slli a0, a0, 0xa
x10 <- 0x5555555555555400
mem[X,0x00000000800307D4] -> 0x0513
mem[X,0x00000000800307D6] -> 0x1545
[5914] [M]: 0x00000000800307D4 (0x15450513) addi a0, a0, 0x154
x10 <- 0x5555555555555554
mem[X,0x00000000800307D8] -> 0x0593
mem[X,0x00000000800307DA] -> 0x0040
[5915] [M]: 0x00000000800307D8 (0x00400593) addi a1, zero, 0x4
x11 <- 0x0000000000000004
mem[X,0x00000000800307DC] -> 0x0113
mem[X,0x00000000800307DE] -> 0x0000
[5916] [M]: 0x00000000800307DC (0x00000113) addi sp, zero, 0x0
x2 <- 0x0000000000000000
mem[X,0x00000000800307E0] -> 0x006F
mem[X,0x00000000800307E2] -> 0x0180
[5917] [M]: 0x00000000800307E0 (0x0180006F) jal zero, 0x18
mem[X,0x00000000800307F8] -> 0x46E3
mem[X,0x00000000800307FA] -> 0xFEB5
[5918] [M]: 0x00000000800307F8 (0xFEB546E3) blt a0, a1, -0x14
mem[X,0x00000000800307FC] -> 0x0113
mem[X,0x00000000800307FE] -> 0x0021
[5919] [M]: 0x00000000800307FC (0x00210113) addi sp, sp, 0x2
x2 <- 0x0000000000000002
mem[X,0x0000000080030800] -> 0x006F
mem[X,0x0000000080030802] -> 0x00C0
[5920] [M]: 0x0000000080030800 (0x00C0006F) jal zero, 0xc
mem[X,0x000000008003080C] -> 0xB423
mem[X,0x000000008003080E] -> 0x3A20
[5921] [M]: 0x000000008003080C (0x3A20B423) sd sp, 0x3a8(ra)
mem[0x000000008004FD80] <- 0x0000000000000002
mem[X,0x0000000080030810] -> 0x5537
mem[X,0x0000000080030812] -> 0x5555
[5922] [M]: 0x0000000080030810 (0x55555537) lui a0, 0x55555
x10 <- 0x0000000055555000
mem[X,0x0000000080030814] -> 0x0513
mem[X,0x0000000080030816] -> 0x5555
[5923] [M]: 0x0000000080030814 (0x55550513) addi a0, a0, 0x555
x10 <- 0x0000000055555555
mem[X,0x0000000080030818] -> 0x1513
mem[X,0x000000008003081A] -> 0x00B5
[5924] [M]: 0x0000000080030818 (0x00B51513) slli a0, a0, 0xb
x10 <- 0x000002AAAAAAA800
mem[X,0x000000008003081C] -> 0x0513
mem[X,0x000000008003081E] -> 0x2AA5
[5925] [M]: 0x000000008003081C (0x2AA50513) addi a0, a0, 0x2aa
x10 <- 0x000002AAAAAAAAAA
mem[X,0x0000000080030820] -> 0x1513
mem[X,0x0000000080030822] -> 0x00B5
[5926] [M]: 0x0000000080030820 (0x00B51513) slli a0, a0, 0xb
x10 <- 0x0015555555555000
mem[X,0x0000000080030824] -> 0x0513
mem[X,0x0000000080030826] -> 0x5555
[5927] [M]: 0x0000000080030824 (0x55550513) addi a0, a0, 0x555
x10 <- 0x0015555555555555
mem[X,0x0000000080030828] -> 0x1513
mem[X,0x000000008003082A] -> 0x00A5
[5928] [M]: 0x0000000080030828 (0x00A51513) slli a0, a0, 0xa
x10 <- 0x5555555555555400
mem[X,0x000000008003082C] -> 0x0513
mem[X,0x000000008003082E] -> 0x1545
[5929] [M]: 0x000000008003082C (0x15450513) addi a0, a0, 0x154
x10 <- 0x5555555555555554
mem[X,0x0000000080030830] -> 0x35B7
mem[X,0x0000000080030832] -> 0x3333
[5930] [M]: 0x0000000080030830 (0x333335B7) lui a1, 0x33333
x11 <- 0x0000000033333000
mem[X,0x0000000080030834] -> 0x8593
mem[X,0x0000000080030836] -> 0x3335
[5931] [M]: 0x0000000080030834 (0x33358593) addi a1, a1, 0x333
x11 <- 0x0000000033333333
mem[X,0x0000000080030838] -> 0x9593
mem[X,0x000000008003083A] -> 0x00B5
[5932] [M]: 0x0000000080030838 (0x00B59593) slli a1, a1, 0xb
x11 <- 0x0000019999999800
mem[X,0x000000008003083C] -> 0x8593
mem[X,0x000000008003083E] -> 0x1995
[5933] [M]: 0x000000008003083C (0x19958593) addi a1, a1, 0x199
x11 <- 0x0000019999999999
mem[X,0x0000000080030840] -> 0x9593
mem[X,0x0000000080030842] -> 0x00B5
[5934] [M]: 0x0000000080030840 (0x00B59593) slli a1, a1, 0xb
x11 <- 0x000CCCCCCCCCC800
mem[X,0x0000000080030844] -> 0x8593
mem[X,0x0000000080030846] -> 0x4CC5
[5935] [M]: 0x0000000080030844 (0x4CC58593) addi a1, a1, 0x4cc
x11 <- 0x000CCCCCCCCCCCCC
mem[X,0x0000000080030848] -> 0x9593
mem[X,0x000000008003084A] -> 0x00A5
[5936] [M]: 0x0000000080030848 (0x00A59593) slli a1, a1, 0xa
x11 <- 0x3333333333333000
mem[X,0x000000008003084C] -> 0x8593
mem[X,0x000000008003084E] -> 0x3325
[5937] [M]: 0x000000008003084C (0x33258593) addi a1, a1, 0x332
x11 <- 0x3333333333333332
mem[X,0x0000000080030850] -> 0x0113
mem[X,0x0000000080030852] -> 0x0000
[5938] [M]: 0x0000000080030850 (0x00000113) addi sp, zero, 0x0
x2 <- 0x0000000000000000
mem[X,0x0000000080030854] -> 0x006F
mem[X,0x0000000080030856] -> 0x00C0
[5939] [M]: 0x0000000080030854 (0x00C0006F) jal zero, 0xc
mem[X,0x0000000080030860] -> 0x4CE3
mem[X,0x0000000080030862] -> 0xFEB5
[5940] [M]: 0x0000000080030860 (0xFEB54CE3) blt a0, a1, -0x8
mem[X,0x0000000080030864] -> 0x0113
mem[X,0x0000000080030866] -> 0x0021
[5941] [M]: 0x0000000080030864 (0x00210113) addi sp, sp, 0x2
x2 <- 0x0000000000000002
mem[X,0x0000000080030868] -> 0x006F
mem[X,0x000000008003086A] -> 0x00C0
[5942] [M]: 0x0000000080030868 (0x00C0006F) jal zero, 0xc
mem[X,0x0000000080030874] -> 0xB823
mem[X,0x0000000080030876] -> 0x3A20
[5943] [M]: 0x0000000080030874 (0x3A20B823) sd sp, 0x3b0(ra)
mem[0x000000008004FD88] <- 0x0000000000000002
mem[X,0x0000000080030878] -> 0x5537
mem[X,0x000000008003087A] -> 0x5555
[5944] [M]: 0x0000000080030878 (0x55555537) lui a0, 0x55555
x10 <- 0x0000000055555000
mem[X,0x000000008003087C] -> 0x0513
mem[X,0x000000008003087E] -> 0x5555
[5945] [M]: 0x000000008003087C (0x55550513) addi a0, a0, 0x555
x10 <- 0x0000000055555555
mem[X,0x0000000080030880] -> 0x1513
mem[X,0x0000000080030882] -> 0x00B5
[5946] [M]: 0x0000000080030880 (0x00B51513) slli a0, a0, 0xb
x10 <- 0x000002AAAAAAA800
mem[X,0x0000000080030884] -> 0x0513
mem[X,0x0000000080030886] -> 0x2AA5
[5947] [M]: 0x0000000080030884 (0x2AA50513) addi a0, a0, 0x2aa
x10 <- 0x000002AAAAAAAAAA
mem[X,0x0000000080030888] -> 0x1513
mem[X,0x000000008003088A] -> 0x00B5
[5948] [M]: 0x0000000080030888 (0x00B51513) slli a0, a0, 0xb
x10 <- 0x0015555555555000
mem[X,0x000000008003088C] -> 0x0513
mem[X,0x000000008003088E] -> 0x5555
[5949] [M]: 0x000000008003088C (0x55550513) addi a0, a0, 0x555
x10 <- 0x0015555555555555
mem[X,0x0000000080030890] -> 0x1513
mem[X,0x0000000080030892] -> 0x00A5
[5950] [M]: 0x0000000080030890 (0x00A51513) slli a0, a0, 0xa
x10 <- 0x5555555555555400
mem[X,0x0000000080030894] -> 0x0513
mem[X,0x0000000080030896] -> 0x1545
[5951] [M]: 0x0000000080030894 (0x15450513) addi a0, a0, 0x154
x10 <- 0x5555555555555554
mem[X,0x0000000080030898] -> 0x65B7
mem[X,0x000000008003089A] -> 0x6666
[5952] [M]: 0x0000000080030898 (0x666665B7) lui a1, 0x66666
x11 <- 0x0000000066666000
mem[X,0x000000008003089C] -> 0x8593
mem[X,0x000000008003089E] -> 0x6665
[5953] [M]: 0x000000008003089C (0x66658593) addi a1, a1, 0x666
x11 <- 0x0000000066666666
mem[X,0x00000000800308A0] -> 0x9593
mem[X,0x00000000800308A2] -> 0x00B5
[5954] [M]: 0x00000000800308A0 (0x00B59593) slli a1, a1, 0xb
x11 <- 0x0000033333333000
mem[X,0x00000000800308A4] -> 0x8593
mem[X,0x00000000800308A6] -> 0x3335
[5955] [M]: 0x00000000800308A4 (0x33358593) addi a1, a1, 0x333
x11 <- 0x0000033333333333
mem[X,0x00000000800308A8] -> 0x9593
mem[X,0x00000000800308AA] -> 0x00B5
[5956] [M]: 0x00000000800308A8 (0x00B59593) slli a1, a1, 0xb
x11 <- 0x0019999999999800
mem[X,0x00000000800308AC] -> 0x8593
mem[X,0x00000000800308AE] -> 0x1995
[5957] [M]: 0x00000000800308AC (0x19958593) addi a1, a1, 0x199
x11 <- 0x0019999999999999
mem[X,0x00000000800308B0] -> 0x9593
mem[X,0x00000000800308B2] -> 0x00A5
[5958] [M]: 0x00000000800308B0 (0x00A59593) slli a1, a1, 0xa
x11 <- 0x6666666666666400
mem[X,0x00000000800308B4] -> 0x8593
mem[X,0x00000000800308B6] -> 0x2655
[5959] [M]: 0x00000000800308B4 (0x26558593) addi a1, a1, 0x265
x11 <- 0x6666666666666665
mem[X,0x00000000800308B8] -> 0x0113
mem[X,0x00000000800308BA] -> 0x0000
[5960] [M]: 0x00000000800308B8 (0x00000113) addi sp, zero, 0x0
x2 <- 0x0000000000000000
mem[X,0x00000000800308BC] -> 0x006F
mem[X,0x00000000800308BE] -> 0x0180
[5961] [M]: 0x00000000800308BC (0x0180006F) jal zero, 0x18
mem[X,0x00000000800308D4] -> 0x46E3
mem[X,0x00000000800308D6] -> 0xFEB5
[5962] [M]: 0x00000000800308D4 (0xFEB546E3) blt a0, a1, -0x14
mem[X,0x00000000800308C0] -> 0x0113
mem[X,0x00000000800308C2] -> 0x0011
[5963] [M]: 0x00000000800308C0 (0x00110113) addi sp, sp, 0x1
x2 <- 0x0000000000000001
mem[X,0x00000000800308C4] -> 0x006F
mem[X,0x00000000800308C6] -> 0x0240
[5964] [M]: 0x00000000800308C4 (0x0240006F) jal zero, 0x24
mem[X,0x00000000800308E8] -> 0xBC23
mem[X,0x00000000800308EA] -> 0x3A20
[5965] [M]: 0x00000000800308E8 (0x3A20BC23) sd sp, 0x3b8(ra)
mem[0x000000008004FD90] <- 0x0000000000000001
mem[X,0x00000000800308EC] -> 0x5537
mem[X,0x00000000800308EE] -> 0x5555
[5966] [M]: 0x00000000800308EC (0x55555537) lui a0, 0x55555
x10 <- 0x0000000055555000
mem[X,0x00000000800308F0] -> 0x0513
mem[X,0x00000000800308F2] -> 0x5555
[5967] [M]: 0x00000000800308F0 (0x55550513) addi a0, a0, 0x555
x10 <- 0x0000000055555555
mem[X,0x00000000800308F4] -> 0x1513
mem[X,0x00000000800308F6] -> 0x00B5
[5968] [M]: 0x00000000800308F4 (0x00B51513) slli a0, a0, 0xb
x10 <- 0x000002AAAAAAA800
mem[X,0x00000000800308F8] -> 0x0513
mem[X,0x00000000800308FA] -> 0x2AA5
[5969] [M]: 0x00000000800308F8 (0x2AA50513) addi a0, a0, 0x2aa
x10 <- 0x000002AAAAAAAAAA
mem[X,0x00000000800308FC] -> 0x1513
mem[X,0x00000000800308FE] -> 0x00B5
[5970] [M]: 0x00000000800308FC (0x00B51513) slli a0, a0, 0xb
x10 <- 0x0015555555555000
mem[X,0x0000000080030900] -> 0x0513
mem[X,0x0000000080030902] -> 0x5555
[5971] [M]: 0x0000000080030900 (0x55550513) addi a0, a0, 0x555
x10 <- 0x0015555555555555
mem[X,0x0000000080030904] -> 0x1513
mem[X,0x0000000080030906] -> 0x00A5
[5972] [M]: 0x0000000080030904 (0x00A51513) slli a0, a0, 0xa
x10 <- 0x5555555555555400
mem[X,0x0000000080030908] -> 0x0513
mem[X,0x000000008003090A] -> 0x1545
[5973] [M]: 0x0000000080030908 (0x15450513) addi a0, a0, 0x154
x10 <- 0x5555555555555554
mem[X,0x000000008003090C] -> 0x05B7
mem[X,0x000000008003090E] -> 0x0000
[5974] [M]: 0x000000008003090C (0x000005B7) lui a1, 0x0
x11 <- 0x0000000000000000
mem[X,0x0000000080030910] -> 0x8593
mem[X,0x0000000080030912] -> 0x0005
[5975] [M]: 0x0000000080030910 (0x00058593) addi a1, a1, 0x0
x11 <- 0x0000000000000000
mem[X,0x0000000080030914] -> 0x9593
mem[X,0x0000000080030916] -> 0x00B5
[5976] [M]: 0x0000000080030914 (0x00B59593) slli a1, a1, 0xb
x11 <- 0x0000000000000000
mem[X,0x0000000080030918] -> 0x8593
mem[X,0x000000008003091A] -> 0x5A85
[5977] [M]: 0x0000000080030918 (0x5A858593) addi a1, a1, 0x5a8
x11 <- 0x00000000000005A8
mem[X,0x000000008003091C] -> 0x9593
mem[X,0x000000008003091E] -> 0x00B5
[5978] [M]: 0x000000008003091C (0x00B59593) slli a1, a1, 0xb
x11 <- 0x00000000002D4000
mem[X,0x0000000080030920] -> 0x8593
mem[X,0x0000000080030922] -> 0x13C5
[5979] [M]: 0x0000000080030920 (0x13C58593) addi a1, a1, 0x13c
x11 <- 0x00000000002D413C
mem[X,0x0000000080030924] -> 0x9593
mem[X,0x0000000080030926] -> 0x00A5
[5980] [M]: 0x0000000080030924 (0x00A59593) slli a1, a1, 0xa
x11 <- 0x00000000B504F000
mem[X,0x0000000080030928] -> 0x8593
mem[X,0x000000008003092A] -> 0x3325
[5981] [M]: 0x0000000080030928 (0x33258593) addi a1, a1, 0x332
x11 <- 0x00000000B504F332
mem[X,0x000000008003092C] -> 0x0113
mem[X,0x000000008003092E] -> 0x0000
[5982] [M]: 0x000000008003092C (0x00000113) addi sp, zero, 0x0
x2 <- 0x0000000000000000
mem[X,0x0000000080030930] -> 0x006F
mem[X,0x0000000080030932] -> 0x00C0
[5983] [M]: 0x0000000080030930 (0x00C0006F) jal zero, 0xc
mem[X,0x000000008003093C] -> 0x4663
mem[X,0x000000008003093E] -> 0x00B5
[5984] [M]: 0x000000008003093C (0x00B54663) blt a0, a1, 0xc
mem[X,0x0000000080030940] -> 0x0113
mem[X,0x0000000080030942] -> 0x0021
[5985] [M]: 0x0000000080030940 (0x00210113) addi sp, sp, 0x2
x2 <- 0x0000000000000002
mem[X,0x0000000080030944] -> 0x006F
mem[X,0x0000000080030946] -> 0x00C0
[5986] [M]: 0x0000000080030944 (0x00C0006F) jal zero, 0xc
mem[X,0x0000000080030950] -> 0xB023
mem[X,0x0000000080030952] -> 0x3C20
[5987] [M]: 0x0000000080030950 (0x3C20B023) sd sp, 0x3c0(ra)
mem[0x000000008004FD98] <- 0x0000000000000002
mem[X,0x0000000080030954] -> 0x5537
mem[X,0x0000000080030956] -> 0x5555
[5988] [M]: 0x0000000080030954 (0x55555537) lui a0, 0x55555
x10 <- 0x0000000055555000
mem[X,0x0000000080030958] -> 0x0513
mem[X,0x000000008003095A] -> 0x5555
[5989] [M]: 0x0000000080030958 (0x55550513) addi a0, a0, 0x555
x10 <- 0x0000000055555555
mem[X,0x000000008003095C] -> 0x1513
mem[X,0x000000008003095E] -> 0x00B5
[5990] [M]: 0x000000008003095C (0x00B51513) slli a0, a0, 0xb
x10 <- 0x000002AAAAAAA800
mem[X,0x0000000080030960] -> 0x0513
mem[X,0x0000000080030962] -> 0x2AA5
[5991] [M]: 0x0000000080030960 (0x2AA50513) addi a0, a0, 0x2aa
x10 <- 0x000002AAAAAAAAAA
mem[X,0x0000000080030964] -> 0x1513
mem[X,0x0000000080030966] -> 0x00B5
[5992] [M]: 0x0000000080030964 (0x00B51513) slli a0, a0, 0xb
x10 <- 0x0015555555555000
mem[X,0x0000000080030968] -> 0x0513
mem[X,0x000000008003096A] -> 0x5555
[5993] [M]: 0x0000000080030968 (0x55550513) addi a0, a0, 0x555
x10 <- 0x0015555555555555
mem[X,0x000000008003096C] -> 0x1513
mem[X,0x000000008003096E] -> 0x00A5
[5994] [M]: 0x000000008003096C (0x00A51513) slli a0, a0, 0xa
x10 <- 0x5555555555555400
mem[X,0x0000000080030970] -> 0x0513
mem[X,0x0000000080030972] -> 0x1545
[5995] [M]: 0x0000000080030970 (0x15450513) addi a0, a0, 0x154
x10 <- 0x5555555555555554
mem[X,0x0000000080030974] -> 0x55B7
mem[X,0x0000000080030976] -> 0x5555
[5996] [M]: 0x0000000080030974 (0x555555B7) lui a1, 0x55555
x11 <- 0x0000000055555000
mem[X,0x0000000080030978] -> 0x8593
mem[X,0x000000008003097A] -> 0x5555
[5997] [M]: 0x0000000080030978 (0x55558593) addi a1, a1, 0x555
x11 <- 0x0000000055555555
mem[X,0x000000008003097C] -> 0x9593
mem[X,0x000000008003097E] -> 0x00B5
[5998] [M]: 0x000000008003097C (0x00B59593) slli a1, a1, 0xb
x11 <- 0x000002AAAAAAA800
mem[X,0x0000000080030980] -> 0x8593
mem[X,0x0000000080030982] -> 0x2AA5
[5999] [M]: 0x0000000080030980 (0x2AA58593) addi a1, a1, 0x2aa
x11 <- 0x000002AAAAAAAAAA
clint::tick mtime <- 0x000000000000003C
 clint timer pending at mtime 0x000000000000003C
htif::tick 0x0000000000000000
mem[X,0x0000000080030984] -> 0x9593
mem[X,0x0000000080030986] -> 0x00B5
[6000] [M]: 0x0000000080030984 (0x00B59593) slli a1, a1, 0xb
x11 <- 0x0015555555555000
mem[X,0x0000000080030988] -> 0x8593
mem[X,0x000000008003098A] -> 0x5555
[6001] [M]: 0x0000000080030988 (0x55558593) addi a1, a1, 0x555
x11 <- 0x0015555555555555
mem[X,0x000000008003098C] -> 0x9593
mem[X,0x000000008003098E] -> 0x00A5
[6002] [M]: 0x000000008003098C (0x00A59593) slli a1, a1, 0xa
x11 <- 0x5555555555555400
mem[X,0x0000000080030990] -> 0x8593
mem[X,0x0000000080030992] -> 0x1565
[6003] [M]: 0x0000000080030990 (0x15658593) addi a1, a1, 0x156
x11 <- 0x5555555555555556
mem[X,0x0000000080030994] -> 0x0113
mem[X,0x0000000080030996] -> 0x0000
[6004] [M]: 0x0000000080030994 (0x00000113) addi sp, zero, 0x0
x2 <- 0x0000000000000000
mem[X,0x0000000080030998] -> 0x006F
mem[X,0x000000008003099A] -> 0x00C0
[6005] [M]: 0x0000000080030998 (0x00C0006F) jal zero, 0xc
mem[X,0x00000000800309A4] -> 0x4063
mem[X,0x00000000800309A6] -> 0x40B5
[6006] [M]: 0x00000000800309A4 (0x40B54063) blt a0, a1, 0x400
mem[X,0x0000000080030DA4] -> 0x0113
mem[X,0x0000000080030DA6] -> 0x0031
[6007] [M]: 0x0000000080030DA4 (0x00310113) addi sp, sp, 0x3
x2 <- 0x0000000000000003
mem[X,0x0000000080030DA8] -> 0x006F
mem[X,0x0000000080030DAA] -> 0x0040
[6008] [M]: 0x0000000080030DA8 (0x0040006F) jal zero, 0x4
mem[X,0x0000000080030DAC] -> 0xB423
mem[X,0x0000000080030DAE] -> 0x3C20
[6009] [M]: 0x0000000080030DAC (0x3C20B423) sd sp, 0x3c8(ra)
mem[0x000000008004FDA0] <- 0x0000000000000003
mem[X,0x0000000080030DB0] -> 0x5537
mem[X,0x0000000080030DB2] -> 0x5555
[6010] [M]: 0x0000000080030DB0 (0x55555537) lui a0, 0x55555
x10 <- 0x0000000055555000
mem[X,0x0000000080030DB4] -> 0x0513
mem[X,0x0000000080030DB6] -> 0x5555
[6011] [M]: 0x0000000080030DB4 (0x55550513) addi a0, a0, 0x555
x10 <- 0x0000000055555555
mem[X,0x0000000080030DB8] -> 0x1513
mem[X,0x0000000080030DBA] -> 0x00B5
[6012] [M]: 0x0000000080030DB8 (0x00B51513) slli a0, a0, 0xb
x10 <- 0x000002AAAAAAA800
mem[X,0x0000000080030DBC] -> 0x0513
mem[X,0x0000000080030DBE] -> 0x2AA5
[6013] [M]: 0x0000000080030DBC (0x2AA50513) addi a0, a0, 0x2aa
x10 <- 0x000002AAAAAAAAAA
mem[X,0x0000000080030DC0] -> 0x1513
mem[X,0x0000000080030DC2] -> 0x00B5
[6014] [M]: 0x0000000080030DC0 (0x00B51513) slli a0, a0, 0xb
x10 <- 0x0015555555555000
mem[X,0x0000000080030DC4] -> 0x0513
mem[X,0x0000000080030DC6] -> 0x5555
[6015] [M]: 0x0000000080030DC4 (0x55550513) addi a0, a0, 0x555
x10 <- 0x0015555555555555
mem[X,0x0000000080030DC8] -> 0x1513
mem[X,0x0000000080030DCA] -> 0x00A5
[6016] [M]: 0x0000000080030DC8 (0x00A51513) slli a0, a0, 0xa
x10 <- 0x5555555555555400
mem[X,0x0000000080030DCC] -> 0x0513
mem[X,0x0000000080030DCE] -> 0x1545
[6017] [M]: 0x0000000080030DCC (0x15450513) addi a0, a0, 0x154
x10 <- 0x5555555555555554
mem[X,0x0000000080030DD0] -> 0xB5B7
mem[X,0x0000000080030DD2] -> 0xAAAA
[6018] [M]: 0x0000000080030DD0 (0xAAAAB5B7) lui a1, -0x55555
x11 <- 0xFFFFFFFFAAAAB000
mem[X,0x0000000080030DD4] -> 0x8593
mem[X,0x0000000080030DD6] -> 0xAAA5
[6019] [M]: 0x0000000080030DD4 (0xAAA58593) addi a1, a1, -0x556
x11 <- 0xFFFFFFFFAAAAAAAA
mem[X,0x0000000080030DD8] -> 0x9593
mem[X,0x0000000080030DDA] -> 0x00B5
[6020] [M]: 0x0000000080030DD8 (0x00B59593) slli a1, a1, 0xb
x11 <- 0xFFFFFD5555555000
mem[X,0x0000000080030DDC] -> 0x8593
mem[X,0x0000000080030DDE] -> 0x5555
[6021] [M]: 0x0000000080030DDC (0x55558593) addi a1, a1, 0x555
x11 <- 0xFFFFFD5555555555
mem[X,0x0000000080030DE0] -> 0x9593
mem[X,0x0000000080030DE2] -> 0x00B5
[6022] [M]: 0x0000000080030DE0 (0x00B59593) slli a1, a1, 0xb
x11 <- 0xFFEAAAAAAAAAA800
mem[X,0x0000000080030DE4] -> 0x8593
mem[X,0x0000000080030DE6] -> 0x2AA5
[6023] [M]: 0x0000000080030DE4 (0x2AA58593) addi a1, a1, 0x2aa
x11 <- 0xFFEAAAAAAAAAAAAA
mem[X,0x0000000080030DE8] -> 0x9593
mem[X,0x0000000080030DEA] -> 0x00A5
[6024] [M]: 0x0000000080030DE8 (0x00A59593) slli a1, a1, 0xa
x11 <- 0xAAAAAAAAAAAAA800
mem[X,0x0000000080030DEC] -> 0x8593
mem[X,0x0000000080030DEE] -> 0x2AB5
[6025] [M]: 0x0000000080030DEC (0x2AB58593) addi a1, a1, 0x2ab
x11 <- 0xAAAAAAAAAAAAAAAB
mem[X,0x0000000080030DF0] -> 0x0113
mem[X,0x0000000080030DF2] -> 0x0000
[6026] [M]: 0x0000000080030DF0 (0x00000113) addi sp, zero, 0x0
x2 <- 0x0000000000000000
mem[X,0x0000000080030DF4] -> 0x006F
mem[X,0x0000000080030DF6] -> 0x0050
[6027] [M]: 0x0000000080030DF4 (0x0050006F) jal zero, 0x804
mem[X,0x00000000800315F8] -> 0x40E3
mem[X,0x00000000800315FA] -> 0x80B5
[6028] [M]: 0x00000000800315F8 (0x80B540E3) blt a0, a1, -0x800
mem[X,0x00000000800315FC] -> 0x0113
mem[X,0x00000000800315FE] -> 0x0021
[6029] [M]: 0x00000000800315FC (0x00210113) addi sp, sp, 0x2
x2 <- 0x0000000000000002
mem[X,0x0000000080031600] -> 0x006F
mem[X,0x0000000080031602] -> 0x00C0
[6030] [M]: 0x0000000080031600 (0x00C0006F) jal zero, 0xc
mem[X,0x000000008003160C] -> 0xB823
mem[X,0x000000008003160E] -> 0x3C20
[6031] [M]: 0x000000008003160C (0x3C20B823) sd sp, 0x3d0(ra)
mem[0x000000008004FDA8] <- 0x0000000000000002
mem[X,0x0000000080031610] -> 0x5537
mem[X,0x0000000080031612] -> 0x5555
[6032] [M]: 0x0000000080031610 (0x55555537) lui a0, 0x55555
x10 <- 0x0000000055555000
mem[X,0x0000000080031614] -> 0x0513
mem[X,0x0000000080031616] -> 0x5555
[6033] [M]: 0x0000000080031614 (0x55550513) addi a0, a0, 0x555
x10 <- 0x0000000055555555
mem[X,0x0000000080031618] -> 0x1513
mem[X,0x000000008003161A] -> 0x00B5
[6034] [M]: 0x0000000080031618 (0x00B51513) slli a0, a0, 0xb
x10 <- 0x000002AAAAAAA800
mem[X,0x000000008003161C] -> 0x0513
mem[X,0x000000008003161E] -> 0x2AA5
[6035] [M]: 0x000000008003161C (0x2AA50513) addi a0, a0, 0x2aa
x10 <- 0x000002AAAAAAAAAA
mem[X,0x0000000080031620] -> 0x1513
mem[X,0x0000000080031622] -> 0x00B5
[6036] [M]: 0x0000000080031620 (0x00B51513) slli a0, a0, 0xb
x10 <- 0x0015555555555000
mem[X,0x0000000080031624] -> 0x0513
mem[X,0x0000000080031626] -> 0x5555
[6037] [M]: 0x0000000080031624 (0x55550513) addi a0, a0, 0x555
x10 <- 0x0015555555555555
mem[X,0x0000000080031628] -> 0x1513
mem[X,0x000000008003162A] -> 0x00A5
[6038] [M]: 0x0000000080031628 (0x00A51513) slli a0, a0, 0xa
x10 <- 0x5555555555555400
mem[X,0x000000008003162C] -> 0x0513
mem[X,0x000000008003162E] -> 0x1545
[6039] [M]: 0x000000008003162C (0x15450513) addi a0, a0, 0x154
x10 <- 0x5555555555555554
mem[X,0x0000000080031630] -> 0x0593
mem[X,0x0000000080031632] -> 0x0060
[6040] [M]: 0x0000000080031630 (0x00600593) addi a1, zero, 0x6
x11 <- 0x0000000000000006
mem[X,0x0000000080031634] -> 0x0113
mem[X,0x0000000080031636] -> 0x0000
[6041] [M]: 0x0000000080031634 (0x00000113) addi sp, zero, 0x0
x2 <- 0x0000000000000000
mem[X,0x0000000080031638] -> 0x006F
mem[X,0x000000008003163A] -> 0x00C0
[6042] [M]: 0x0000000080031638 (0x00C0006F) jal zero, 0xc
mem[X,0x0000000080031644] -> 0x4063
mem[X,0x0000000080031646] -> 0x20B5
[6043] [M]: 0x0000000080031644 (0x20B54063) blt a0, a1, 0x200
mem[X,0x0000000080031648] -> 0x0113
mem[X,0x000000008003164A] -> 0x0021
[6044] [M]: 0x0000000080031648 (0x00210113) addi sp, sp, 0x2
x2 <- 0x0000000000000002
mem[X,0x000000008003164C] -> 0x006F
mem[X,0x000000008003164E] -> 0x2000
[6045] [M]: 0x000000008003164C (0x2000006F) jal zero, 0x200
mem[X,0x000000008003184C] -> 0xBC23
mem[X,0x000000008003184E] -> 0x3C20
[6046] [M]: 0x000000008003184C (0x3C20BC23) sd sp, 0x3d8(ra)
mem[0x000000008004FDB0] <- 0x0000000000000002
mem[X,0x0000000080031850] -> 0x5537
mem[X,0x0000000080031852] -> 0x5555
[6047] [M]: 0x0000000080031850 (0x55555537) lui a0, 0x55555
x10 <- 0x0000000055555000
mem[X,0x0000000080031854] -> 0x0513
mem[X,0x0000000080031856] -> 0x5555
[6048] [M]: 0x0000000080031854 (0x55550513) addi a0, a0, 0x555
x10 <- 0x0000000055555555
mem[X,0x0000000080031858] -> 0x1513
mem[X,0x000000008003185A] -> 0x00B5
[6049] [M]: 0x0000000080031858 (0x00B51513) slli a0, a0, 0xb
x10 <- 0x000002AAAAAAA800
mem[X,0x000000008003185C] -> 0x0513
mem[X,0x000000008003185E] -> 0x2AA5
[6050] [M]: 0x000000008003185C (0x2AA50513) addi a0, a0, 0x2aa
x10 <- 0x000002AAAAAAAAAA
mem[X,0x0000000080031860] -> 0x1513
mem[X,0x0000000080031862] -> 0x00B5
[6051] [M]: 0x0000000080031860 (0x00B51513) slli a0, a0, 0xb
x10 <- 0x0015555555555000
mem[X,0x0000000080031864] -> 0x0513
mem[X,0x0000000080031866] -> 0x5555
[6052] [M]: 0x0000000080031864 (0x55550513) addi a0, a0, 0x555
x10 <- 0x0015555555555555
mem[X,0x0000000080031868] -> 0x1513
mem[X,0x000000008003186A] -> 0x00A5
[6053] [M]: 0x0000000080031868 (0x00A51513) slli a0, a0, 0xa
x10 <- 0x5555555555555400
mem[X,0x000000008003186C] -> 0x0513
mem[X,0x000000008003186E] -> 0x1545
[6054] [M]: 0x000000008003186C (0x15450513) addi a0, a0, 0x154
x10 <- 0x5555555555555554
mem[X,0x0000000080031870] -> 0x35B7
mem[X,0x0000000080031872] -> 0x3333
[6055] [M]: 0x0000000080031870 (0x333335B7) lui a1, 0x33333
x11 <- 0x0000000033333000
mem[X,0x0000000080031874] -> 0x8593
mem[X,0x0000000080031876] -> 0x3335
[6056] [M]: 0x0000000080031874 (0x33358593) addi a1, a1, 0x333
x11 <- 0x0000000033333333
mem[X,0x0000000080031878] -> 0x9593
mem[X,0x000000008003187A] -> 0x00B5
[6057] [M]: 0x0000000080031878 (0x00B59593) slli a1, a1, 0xb
x11 <- 0x0000019999999800
mem[X,0x000000008003187C] -> 0x8593
mem[X,0x000000008003187E] -> 0x1995
[6058] [M]: 0x000000008003187C (0x19958593) addi a1, a1, 0x199
x11 <- 0x0000019999999999
mem[X,0x0000000080031880] -> 0x9593
mem[X,0x0000000080031882] -> 0x00B5
[6059] [M]: 0x0000000080031880 (0x00B59593) slli a1, a1, 0xb
x11 <- 0x000CCCCCCCCCC800
mem[X,0x0000000080031884] -> 0x8593
mem[X,0x0000000080031886] -> 0x4CC5
[6060] [M]: 0x0000000080031884 (0x4CC58593) addi a1, a1, 0x4cc
x11 <- 0x000CCCCCCCCCCCCC
mem[X,0x0000000080031888] -> 0x9593
mem[X,0x000000008003188A] -> 0x00A5
[6061] [M]: 0x0000000080031888 (0x00A59593) slli a1, a1, 0xa
x11 <- 0x3333333333333000
mem[X,0x000000008003188C] -> 0x8593
mem[X,0x000000008003188E] -> 0x3345
[6062] [M]: 0x000000008003188C (0x33458593) addi a1, a1, 0x334
x11 <- 0x3333333333333334
mem[X,0x0000000080031890] -> 0x0113
mem[X,0x0000000080031892] -> 0x0000
[6063] [M]: 0x0000000080031890 (0x00000113) addi sp, zero, 0x0
x2 <- 0x0000000000000000
mem[X,0x0000000080031894] -> 0x006F
mem[X,0x0000000080031896] -> 0x00C0
[6064] [M]: 0x0000000080031894 (0x00C0006F) jal zero, 0xc
mem[X,0x00000000800318A0] -> 0x4063
mem[X,0x00000000800318A2] -> 0x10B5
[6065] [M]: 0x00000000800318A0 (0x10B54063) blt a0, a1, 0x100
mem[X,0x00000000800318A4] -> 0x0113
mem[X,0x00000000800318A6] -> 0x0021
[6066] [M]: 0x00000000800318A4 (0x00210113) addi sp, sp, 0x2
x2 <- 0x0000000000000002
mem[X,0x00000000800318A8] -> 0x006F
mem[X,0x00000000800318AA] -> 0x1000
[6067] [M]: 0x00000000800318A8 (0x1000006F) jal zero, 0x100
mem[X,0x00000000800319A8] -> 0xB023
mem[X,0x00000000800319AA] -> 0x3E20
[6068] [M]: 0x00000000800319A8 (0x3E20B023) sd sp, 0x3e0(ra)
mem[0x000000008004FDB8] <- 0x0000000000000002
mem[X,0x00000000800319AC] -> 0x5537
mem[X,0x00000000800319AE] -> 0x5555
[6069] [M]: 0x00000000800319AC (0x55555537) lui a0, 0x55555
x10 <- 0x0000000055555000
mem[X,0x00000000800319B0] -> 0x0513
mem[X,0x00000000800319B2] -> 0x5555
[6070] [M]: 0x00000000800319B0 (0x55550513) addi a0, a0, 0x555
x10 <- 0x0000000055555555
mem[X,0x00000000800319B4] -> 0x1513
mem[X,0x00000000800319B6] -> 0x00B5
[6071] [M]: 0x00000000800319B4 (0x00B51513) slli a0, a0, 0xb
x10 <- 0x000002AAAAAAA800
mem[X,0x00000000800319B8] -> 0x0513
mem[X,0x00000000800319BA] -> 0x2AA5
[6072] [M]: 0x00000000800319B8 (0x2AA50513) addi a0, a0, 0x2aa
x10 <- 0x000002AAAAAAAAAA
mem[X,0x00000000800319BC] -> 0x1513
mem[X,0x00000000800319BE] -> 0x00B5
[6073] [M]: 0x00000000800319BC (0x00B51513) slli a0, a0, 0xb
x10 <- 0x0015555555555000
mem[X,0x00000000800319C0] -> 0x0513
mem[X,0x00000000800319C2] -> 0x5555
[6074] [M]: 0x00000000800319C0 (0x55550513) addi a0, a0, 0x555
x10 <- 0x0015555555555555
mem[X,0x00000000800319C4] -> 0x1513
mem[X,0x00000000800319C6] -> 0x00A5
[6075] [M]: 0x00000000800319C4 (0x00A51513) slli a0, a0, 0xa
x10 <- 0x5555555555555400
mem[X,0x00000000800319C8] -> 0x0513
mem[X,0x00000000800319CA] -> 0x1545
[6076] [M]: 0x00000000800319C8 (0x15450513) addi a0, a0, 0x154
x10 <- 0x5555555555555554
mem[X,0x00000000800319CC] -> 0x65B7
mem[X,0x00000000800319CE] -> 0x6666
[6077] [M]: 0x00000000800319CC (0x666665B7) lui a1, 0x66666
x11 <- 0x0000000066666000
mem[X,0x00000000800319D0] -> 0x8593
mem[X,0x00000000800319D2] -> 0x6665
[6078] [M]: 0x00000000800319D0 (0x66658593) addi a1, a1, 0x666
x11 <- 0x0000000066666666
mem[X,0x00000000800319D4] -> 0x9593
mem[X,0x00000000800319D6] -> 0x00B5
[6079] [M]: 0x00000000800319D4 (0x00B59593) slli a1, a1, 0xb
x11 <- 0x0000033333333000
mem[X,0x00000000800319D8] -> 0x8593
mem[X,0x00000000800319DA] -> 0x3335
[6080] [M]: 0x00000000800319D8 (0x33358593) addi a1, a1, 0x333
x11 <- 0x0000033333333333
mem[X,0x00000000800319DC] -> 0x9593
mem[X,0x00000000800319DE] -> 0x00B5
[6081] [M]: 0x00000000800319DC (0x00B59593) slli a1, a1, 0xb
x11 <- 0x0019999999999800
mem[X,0x00000000800319E0] -> 0x8593
mem[X,0x00000000800319E2] -> 0x1995
[6082] [M]: 0x00000000800319E0 (0x19958593) addi a1, a1, 0x199
x11 <- 0x0019999999999999
mem[X,0x00000000800319E4] -> 0x9593
mem[X,0x00000000800319E6] -> 0x00A5
[6083] [M]: 0x00000000800319E4 (0x00A59593) slli a1, a1, 0xa
x11 <- 0x6666666666666400
mem[X,0x00000000800319E8] -> 0x8593
mem[X,0x00000000800319EA] -> 0x2675
[6084] [M]: 0x00000000800319E8 (0x26758593) addi a1, a1, 0x267
x11 <- 0x6666666666666667
mem[X,0x00000000800319EC] -> 0x0113
mem[X,0x00000000800319EE] -> 0x0000
[6085] [M]: 0x00000000800319EC (0x00000113) addi sp, zero, 0x0
x2 <- 0x0000000000000000
mem[X,0x00000000800319F0] -> 0x006F
mem[X,0x00000000800319F2] -> 0x00C0
[6086] [M]: 0x00000000800319F0 (0x00C0006F) jal zero, 0xc
mem[X,0x00000000800319FC] -> 0x4663
mem[X,0x00000000800319FE] -> 0x00B5
[6087] [M]: 0x00000000800319FC (0x00B54663) blt a0, a1, 0xc
mem[X,0x0000000080031A08] -> 0x0113
mem[X,0x0000000080031A0A] -> 0x0031
[6088] [M]: 0x0000000080031A08 (0x00310113) addi sp, sp, 0x3
x2 <- 0x0000000000000003
mem[X,0x0000000080031A0C] -> 0x006F
mem[X,0x0000000080031A0E] -> 0x0040
[6089] [M]: 0x0000000080031A0C (0x0040006F) jal zero, 0x4
mem[X,0x0000000080031A10] -> 0xB423
mem[X,0x0000000080031A12] -> 0x3E20
[6090] [M]: 0x0000000080031A10 (0x3E20B423) sd sp, 0x3e8(ra)
mem[0x000000008004FDC0] <- 0x0000000000000003
mem[X,0x0000000080031A14] -> 0x5537
mem[X,0x0000000080031A16] -> 0x5555
[6091] [M]: 0x0000000080031A14 (0x55555537) lui a0, 0x55555
x10 <- 0x0000000055555000
mem[X,0x0000000080031A18] -> 0x0513
mem[X,0x0000000080031A1A] -> 0x5555
[6092] [M]: 0x0000000080031A18 (0x55550513) addi a0, a0, 0x555
x10 <- 0x0000000055555555
mem[X,0x0000000080031A1C] -> 0x1513
mem[X,0x0000000080031A1E] -> 0x00B5
[6093] [M]: 0x0000000080031A1C (0x00B51513) slli a0, a0, 0xb
x10 <- 0x000002AAAAAAA800
mem[X,0x0000000080031A20] -> 0x0513
mem[X,0x0000000080031A22] -> 0x2AA5
[6094] [M]: 0x0000000080031A20 (0x2AA50513) addi a0, a0, 0x2aa
x10 <- 0x000002AAAAAAAAAA
mem[X,0x0000000080031A24] -> 0x1513
mem[X,0x0000000080031A26] -> 0x00B5
[6095] [M]: 0x0000000080031A24 (0x00B51513) slli a0, a0, 0xb
x10 <- 0x0015555555555000
mem[X,0x0000000080031A28] -> 0x0513
mem[X,0x0000000080031A2A] -> 0x5555
[6096] [M]: 0x0000000080031A28 (0x55550513) addi a0, a0, 0x555
x10 <- 0x0015555555555555
mem[X,0x0000000080031A2C] -> 0x1513
mem[X,0x0000000080031A2E] -> 0x00A5
[6097] [M]: 0x0000000080031A2C (0x00A51513) slli a0, a0, 0xa
x10 <- 0x5555555555555400
mem[X,0x0000000080031A30] -> 0x0513
mem[X,0x0000000080031A32] -> 0x1545
[6098] [M]: 0x0000000080031A30 (0x15450513) addi a0, a0, 0x154
x10 <- 0x5555555555555554
mem[X,0x0000000080031A34] -> 0x05B7
mem[X,0x0000000080031A36] -> 0x0000
[6099] [M]: 0x0000000080031A34 (0x000005B7) lui a1, 0x0
x11 <- 0x0000000000000000
clint::tick mtime <- 0x000000000000003D
 clint timer pending at mtime 0x000000000000003D
htif::tick 0x0000000000000000
mem[X,0x0000000080031A38] -> 0x8593
mem[X,0x0000000080031A3A] -> 0xFFF5
[6100] [M]: 0x0000000080031A38 (0xFFF58593) addi a1, a1, -0x1
x11 <- 0xFFFFFFFFFFFFFFFF
mem[X,0x0000000080031A3C] -> 0x9593
mem[X,0x0000000080031A3E] -> 0x00B5
[6101] [M]: 0x0000000080031A3C (0x00B59593) slli a1, a1, 0xb
x11 <- 0xFFFFFFFFFFFFF800
mem[X,0x0000000080031A40] -> 0x8593
mem[X,0x0000000080031A42] -> 0x2575
[6102] [M]: 0x0000000080031A40 (0x25758593) addi a1, a1, 0x257
x11 <- 0xFFFFFFFFFFFFFA57
mem[X,0x0000000080031A44] -> 0x9593
mem[X,0x0000000080031A46] -> 0x00B5
[6103] [M]: 0x0000000080031A44 (0x00B59593) slli a1, a1, 0xb
x11 <- 0xFFFFFFFFFFD2B800
mem[X,0x0000000080031A48] -> 0x8593
mem[X,0x0000000080031A4A] -> 0x6C35
[6104] [M]: 0x0000000080031A48 (0x6C358593) addi a1, a1, 0x6c3
x11 <- 0xFFFFFFFFFFD2BEC3
mem[X,0x0000000080031A4C] -> 0x9593
mem[X,0x0000000080031A4E] -> 0x00A5
[6105] [M]: 0x0000000080031A4C (0x00A59593) slli a1, a1, 0xa
x11 <- 0xFFFFFFFF4AFB0C00
mem[X,0x0000000080031A50] -> 0x8593
mem[X,0x0000000080031A52] -> 0x0CE5
[6106] [M]: 0x0000000080031A50 (0x0CE58593) addi a1, a1, 0xce
x11 <- 0xFFFFFFFF4AFB0CCE
mem[X,0x0000000080031A54] -> 0x0113
mem[X,0x0000000080031A56] -> 0x0000
[6107] [M]: 0x0000000080031A54 (0x00000113) addi sp, zero, 0x0
x2 <- 0x0000000000000000
mem[X,0x0000000080031A58] -> 0x006F
mem[X,0x0000000080031A5A] -> 0x00C0
[6108] [M]: 0x0000000080031A58 (0x00C0006F) jal zero, 0xc
mem[X,0x0000000080031A64] -> 0x4CE3
mem[X,0x0000000080031A66] -> 0xFEB5
[6109] [M]: 0x0000000080031A64 (0xFEB54CE3) blt a0, a1, -0x8
mem[X,0x0000000080031A68] -> 0x0113
mem[X,0x0000000080031A6A] -> 0x0021
[6110] [M]: 0x0000000080031A68 (0x00210113) addi sp, sp, 0x2
x2 <- 0x0000000000000002
mem[X,0x0000000080031A6C] -> 0x006F
mem[X,0x0000000080031A6E] -> 0x00C0
[6111] [M]: 0x0000000080031A6C (0x00C0006F) jal zero, 0xc
mem[X,0x0000000080031A78] -> 0xB823
mem[X,0x0000000080031A7A] -> 0x3E20
[6112] [M]: 0x0000000080031A78 (0x3E20B823) sd sp, 0x3f0(ra)
mem[0x000000008004FDC8] <- 0x0000000000000002
mem[X,0x0000000080031A7C] -> 0x5537
mem[X,0x0000000080031A7E] -> 0x5555
[6113] [M]: 0x0000000080031A7C (0x55555537) lui a0, 0x55555
x10 <- 0x0000000055555000
mem[X,0x0000000080031A80] -> 0x0513
mem[X,0x0000000080031A82] -> 0x5555
[6114] [M]: 0x0000000080031A80 (0x55550513) addi a0, a0, 0x555
x10 <- 0x0000000055555555
mem[X,0x0000000080031A84] -> 0x1513
mem[X,0x0000000080031A86] -> 0x00B5
[6115] [M]: 0x0000000080031A84 (0x00B51513) slli a0, a0, 0xb
x10 <- 0x000002AAAAAAA800
mem[X,0x0000000080031A88] -> 0x0513
mem[X,0x0000000080031A8A] -> 0x2AA5
[6116] [M]: 0x0000000080031A88 (0x2AA50513) addi a0, a0, 0x2aa
x10 <- 0x000002AAAAAAAAAA
mem[X,0x0000000080031A8C] -> 0x1513
mem[X,0x0000000080031A8E] -> 0x00B5
[6117] [M]: 0x0000000080031A8C (0x00B51513) slli a0, a0, 0xb
x10 <- 0x0015555555555000
mem[X,0x0000000080031A90] -> 0x0513
mem[X,0x0000000080031A92] -> 0x5555
[6118] [M]: 0x0000000080031A90 (0x55550513) addi a0, a0, 0x555
x10 <- 0x0015555555555555
mem[X,0x0000000080031A94] -> 0x1513
mem[X,0x0000000080031A96] -> 0x00A5
[6119] [M]: 0x0000000080031A94 (0x00A51513) slli a0, a0, 0xa
x10 <- 0x5555555555555400
mem[X,0x0000000080031A98] -> 0x0513
mem[X,0x0000000080031A9A] -> 0x1545
[6120] [M]: 0x0000000080031A98 (0x15450513) addi a0, a0, 0x154
x10 <- 0x5555555555555554
mem[X,0x0000000080031A9C] -> 0x05B7
mem[X,0x0000000080031A9E] -> 0x0000
[6121] [M]: 0x0000000080031A9C (0x000005B7) lui a1, 0x0
x11 <- 0x0000000000000000
mem[X,0x0000000080031AA0] -> 0x8593
mem[X,0x0000000080031AA2] -> 0x0005
[6122] [M]: 0x0000000080031AA0 (0x00058593) addi a1, a1, 0x0
x11 <- 0x0000000000000000
mem[X,0x0000000080031AA4] -> 0x9593
mem[X,0x0000000080031AA6] -> 0x00B5
[6123] [M]: 0x0000000080031AA4 (0x00B59593) slli a1, a1, 0xb
x11 <- 0x0000000000000000
mem[X,0x0000000080031AA8] -> 0x8593
mem[X,0x0000000080031AAA] -> 0x5A85
[6124] [M]: 0x0000000080031AA8 (0x5A858593) addi a1, a1, 0x5a8
x11 <- 0x00000000000005A8
mem[X,0x0000000080031AAC] -> 0x9593
mem[X,0x0000000080031AAE] -> 0x00B5
[6125] [M]: 0x0000000080031AAC (0x00B59593) slli a1, a1, 0xb
x11 <- 0x00000000002D4000
mem[X,0x0000000080031AB0] -> 0x8593
mem[X,0x0000000080031AB2] -> 0x13C5
[6126] [M]: 0x0000000080031AB0 (0x13C58593) addi a1, a1, 0x13c
x11 <- 0x00000000002D413C
mem[X,0x0000000080031AB4] -> 0x9593
mem[X,0x0000000080031AB6] -> 0x00A5
[6127] [M]: 0x0000000080031AB4 (0x00A59593) slli a1, a1, 0xa
x11 <- 0x00000000B504F000
mem[X,0x0000000080031AB8] -> 0x8593
mem[X,0x0000000080031ABA] -> 0x3345
[6128] [M]: 0x0000000080031AB8 (0x33458593) addi a1, a1, 0x334
x11 <- 0x00000000B504F334
mem[X,0x0000000080031ABC] -> 0x0113
mem[X,0x0000000080031ABE] -> 0x0000
[6129] [M]: 0x0000000080031ABC (0x00000113) addi sp, zero, 0x0
x2 <- 0x0000000000000000
mem[X,0x0000000080031AC0] -> 0x006F
mem[X,0x0000000080031AC2] -> 0x00C0
[6130] [M]: 0x0000000080031AC0 (0x00C0006F) jal zero, 0xc
mem[X,0x0000000080031ACC] -> 0x4863
mem[X,0x0000000080031ACE] -> 0x00B5
[6131] [M]: 0x0000000080031ACC (0x00B54863) blt a0, a1, 0x10
mem[X,0x0000000080031AD0] -> 0x0113
mem[X,0x0000000080031AD2] -> 0x0021
[6132] [M]: 0x0000000080031AD0 (0x00210113) addi sp, sp, 0x2
x2 <- 0x0000000000000002
mem[X,0x0000000080031AD4] -> 0x006F
mem[X,0x0000000080031AD6] -> 0x0100
[6133] [M]: 0x0000000080031AD4 (0x0100006F) jal zero, 0x10
mem[X,0x0000000080031AE4] -> 0xBC23
mem[X,0x0000000080031AE6] -> 0x3E20
[6134] [M]: 0x0000000080031AE4 (0x3E20BC23) sd sp, 0x3f8(ra)
mem[0x000000008004FDD0] <- 0x0000000000000002
mem[X,0x0000000080031AE8] -> 0x0513
mem[X,0x0000000080031AEA] -> 0x0000
[6135] [M]: 0x0000000080031AE8 (0x00000513) addi a0, zero, 0x0
x10 <- 0x0000000000000000
mem[X,0x0000000080031AEC] -> 0x0593
mem[X,0x0000000080031AEE] -> 0x0030
[6136] [M]: 0x0000000080031AEC (0x00300593) addi a1, zero, 0x3
x11 <- 0x0000000000000003
mem[X,0x0000000080031AF0] -> 0x0113
mem[X,0x0000000080031AF2] -> 0x0000
[6137] [M]: 0x0000000080031AF0 (0x00000113) addi sp, zero, 0x0
x2 <- 0x0000000000000000
mem[X,0x0000000080031AF4] -> 0x006F
mem[X,0x0000000080031AF6] -> 0x00C0
[6138] [M]: 0x0000000080031AF4 (0x00C0006F) jal zero, 0xc
mem[X,0x0000000080031B00] -> 0x4063
mem[X,0x0000000080031B02] -> 0x20B5
[6139] [M]: 0x0000000080031B00 (0x20B54063) blt a0, a1, 0x200
mem[X,0x0000000080031D00] -> 0x0113
mem[X,0x0000000080031D02] -> 0x0031
[6140] [M]: 0x0000000080031D00 (0x00310113) addi sp, sp, 0x3
x2 <- 0x0000000000000003
mem[X,0x0000000080031D04] -> 0x006F
mem[X,0x0000000080031D06] -> 0x0040
[6141] [M]: 0x0000000080031D04 (0x0040006F) jal zero, 0x4
mem[X,0x0000000080031D08] -> 0xB023
mem[X,0x0000000080031D0A] -> 0x4020
[6142] [M]: 0x0000000080031D08 (0x4020B023) sd sp, 0x400(ra)
mem[0x000000008004FDD8] <- 0x0000000000000003
mem[X,0x0000000080031D0C] -> 0x0513
mem[X,0x0000000080031D0E] -> 0x0000
[6143] [M]: 0x0000000080031D0C (0x00000513) addi a0, zero, 0x0
x10 <- 0x0000000000000000
mem[X,0x0000000080031D10] -> 0x55B7
mem[X,0x0000000080031D12] -> 0x5555
[6144] [M]: 0x0000000080031D10 (0x555555B7) lui a1, 0x55555
x11 <- 0x0000000055555000
mem[X,0x0000000080031D14] -> 0x8593
mem[X,0x0000000080031D16] -> 0x5555
[6145] [M]: 0x0000000080031D14 (0x55558593) addi a1, a1, 0x555
x11 <- 0x0000000055555555
mem[X,0x0000000080031D18] -> 0x9593
mem[X,0x0000000080031D1A] -> 0x00B5
[6146] [M]: 0x0000000080031D18 (0x00B59593) slli a1, a1, 0xb
x11 <- 0x000002AAAAAAA800
mem[X,0x0000000080031D1C] -> 0x8593
mem[X,0x0000000080031D1E] -> 0x2AA5
[6147] [M]: 0x0000000080031D1C (0x2AA58593) addi a1, a1, 0x2aa
x11 <- 0x000002AAAAAAAAAA
mem[X,0x0000000080031D20] -> 0x9593
mem[X,0x0000000080031D22] -> 0x00B5
[6148] [M]: 0x0000000080031D20 (0x00B59593) slli a1, a1, 0xb
x11 <- 0x0015555555555000
mem[X,0x0000000080031D24] -> 0x8593
mem[X,0x0000000080031D26] -> 0x5555
[6149] [M]: 0x0000000080031D24 (0x55558593) addi a1, a1, 0x555
x11 <- 0x0015555555555555
mem[X,0x0000000080031D28] -> 0x9593
mem[X,0x0000000080031D2A] -> 0x00A5
[6150] [M]: 0x0000000080031D28 (0x00A59593) slli a1, a1, 0xa
x11 <- 0x5555555555555400
mem[X,0x0000000080031D2C] -> 0x8593
mem[X,0x0000000080031D2E] -> 0x1555
[6151] [M]: 0x0000000080031D2C (0x15558593) addi a1, a1, 0x155
x11 <- 0x5555555555555555
mem[X,0x0000000080031D30] -> 0x0113
mem[X,0x0000000080031D32] -> 0x0000
[6152] [M]: 0x0000000080031D30 (0x00000113) addi sp, zero, 0x0
x2 <- 0x0000000000000000
mem[X,0x0000000080031D34] -> 0x006F
mem[X,0x0000000080031D36] -> 0x00C0
[6153] [M]: 0x0000000080031D34 (0x00C0006F) jal zero, 0xc
mem[X,0x0000000080031D40] -> 0x4063
mem[X,0x0000000080031D42] -> 0x04B5
[6154] [M]: 0x0000000080031D40 (0x04B54063) blt a0, a1, 0x40
mem[X,0x0000000080031D80] -> 0x0113
mem[X,0x0000000080031D82] -> 0x0031
[6155] [M]: 0x0000000080031D80 (0x00310113) addi sp, sp, 0x3
x2 <- 0x0000000000000003
mem[X,0x0000000080031D84] -> 0x006F
mem[X,0x0000000080031D86] -> 0x0040
[6156] [M]: 0x0000000080031D84 (0x0040006F) jal zero, 0x4
mem[X,0x0000000080031D88] -> 0xB423
mem[X,0x0000000080031D8A] -> 0x4020
[6157] [M]: 0x0000000080031D88 (0x4020B423) sd sp, 0x408(ra)
mem[0x000000008004FDE0] <- 0x0000000000000003
mem[X,0x0000000080031D8C] -> 0x0513
mem[X,0x0000000080031D8E] -> 0x0000
[6158] [M]: 0x0000000080031D8C (0x00000513) addi a0, zero, 0x0
x10 <- 0x0000000000000000
mem[X,0x0000000080031D90] -> 0xB5B7
mem[X,0x0000000080031D92] -> 0xAAAA
[6159] [M]: 0x0000000080031D90 (0xAAAAB5B7) lui a1, -0x55555
x11 <- 0xFFFFFFFFAAAAB000
mem[X,0x0000000080031D94] -> 0x8593
mem[X,0x0000000080031D96] -> 0xAAA5
[6160] [M]: 0x0000000080031D94 (0xAAA58593) addi a1, a1, -0x556
x11 <- 0xFFFFFFFFAAAAAAAA
mem[X,0x0000000080031D98] -> 0x9593
mem[X,0x0000000080031D9A] -> 0x00B5
[6161] [M]: 0x0000000080031D98 (0x00B59593) slli a1, a1, 0xb
x11 <- 0xFFFFFD5555555000
mem[X,0x0000000080031D9C] -> 0x8593
mem[X,0x0000000080031D9E] -> 0x5555
[6162] [M]: 0x0000000080031D9C (0x55558593) addi a1, a1, 0x555
x11 <- 0xFFFFFD5555555555
mem[X,0x0000000080031DA0] -> 0x9593
mem[X,0x0000000080031DA2] -> 0x00B5
[6163] [M]: 0x0000000080031DA0 (0x00B59593) slli a1, a1, 0xb
x11 <- 0xFFEAAAAAAAAAA800
mem[X,0x0000000080031DA4] -> 0x8593
mem[X,0x0000000080031DA6] -> 0x2AA5
[6164] [M]: 0x0000000080031DA4 (0x2AA58593) addi a1, a1, 0x2aa
x11 <- 0xFFEAAAAAAAAAAAAA
mem[X,0x0000000080031DA8] -> 0x9593
mem[X,0x0000000080031DAA] -> 0x00A5
[6165] [M]: 0x0000000080031DA8 (0x00A59593) slli a1, a1, 0xa
x11 <- 0xAAAAAAAAAAAAA800
mem[X,0x0000000080031DAC] -> 0x8593
mem[X,0x0000000080031DAE] -> 0x2AA5
[6166] [M]: 0x0000000080031DAC (0x2AA58593) addi a1, a1, 0x2aa
x11 <- 0xAAAAAAAAAAAAAAAA
mem[X,0x0000000080031DB0] -> 0x0113
mem[X,0x0000000080031DB2] -> 0x0000
[6167] [M]: 0x0000000080031DB0 (0x00000113) addi sp, zero, 0x0
x2 <- 0x0000000000000000
mem[X,0x0000000080031DB4] -> 0x006F
mem[X,0x0000000080031DB6] -> 0x00C0
[6168] [M]: 0x0000000080031DB4 (0x00C0006F) jal zero, 0xc
mem[X,0x0000000080031DC0] -> 0x4663
mem[X,0x0000000080031DC2] -> 0x00B5
[6169] [M]: 0x0000000080031DC0 (0x00B54663) blt a0, a1, 0xc
mem[X,0x0000000080031DC4] -> 0x0113
mem[X,0x0000000080031DC6] -> 0x0021
[6170] [M]: 0x0000000080031DC4 (0x00210113) addi sp, sp, 0x2
x2 <- 0x0000000000000002
mem[X,0x0000000080031DC8] -> 0x006F
mem[X,0x0000000080031DCA] -> 0x00C0
[6171] [M]: 0x0000000080031DC8 (0x00C0006F) jal zero, 0xc
mem[X,0x0000000080031DD4] -> 0xB823
mem[X,0x0000000080031DD6] -> 0x4020
[6172] [M]: 0x0000000080031DD4 (0x4020B823) sd sp, 0x410(ra)
mem[0x000000008004FDE8] <- 0x0000000000000002
mem[X,0x0000000080031DD8] -> 0x0513
mem[X,0x0000000080031DDA] -> 0x0000
[6173] [M]: 0x0000000080031DD8 (0x00000513) addi a0, zero, 0x0
x10 <- 0x0000000000000000
mem[X,0x0000000080031DDC] -> 0x0593
mem[X,0x0000000080031DDE] -> 0x0050
[6174] [M]: 0x0000000080031DDC (0x00500593) addi a1, zero, 0x5
x11 <- 0x0000000000000005
mem[X,0x0000000080031DE0] -> 0x0113
mem[X,0x0000000080031DE2] -> 0x0000
[6175] [M]: 0x0000000080031DE0 (0x00000113) addi sp, zero, 0x0
x2 <- 0x0000000000000000
mem[X,0x0000000080031DE4] -> 0x006F
mem[X,0x0000000080031DE6] -> 0x00C0
[6176] [M]: 0x0000000080031DE4 (0x00C0006F) jal zero, 0xc
mem[X,0x0000000080031DF0] -> 0x4CE3
mem[X,0x0000000080031DF2] -> 0xFEB5
[6177] [M]: 0x0000000080031DF0 (0xFEB54CE3) blt a0, a1, -0x8
mem[X,0x0000000080031DE8] -> 0x0113
mem[X,0x0000000080031DEA] -> 0x0011
[6178] [M]: 0x0000000080031DE8 (0x00110113) addi sp, sp, 0x1
x2 <- 0x0000000000000001
mem[X,0x0000000080031DEC] -> 0x006F
mem[X,0x0000000080031DEE] -> 0x0180
[6179] [M]: 0x0000000080031DEC (0x0180006F) jal zero, 0x18
mem[X,0x0000000080031E04] -> 0xBC23
mem[X,0x0000000080031E06] -> 0x4020
[6180] [M]: 0x0000000080031E04 (0x4020BC23) sd sp, 0x418(ra)
mem[0x000000008004FDF0] <- 0x0000000000000001
mem[X,0x0000000080031E08] -> 0x0513
mem[X,0x0000000080031E0A] -> 0x0000
[6181] [M]: 0x0000000080031E08 (0x00000513) addi a0, zero, 0x0
x10 <- 0x0000000000000000
mem[X,0x0000000080031E0C] -> 0x35B7
mem[X,0x0000000080031E0E] -> 0x3333
[6182] [M]: 0x0000000080031E0C (0x333335B7) lui a1, 0x33333
x11 <- 0x0000000033333000
mem[X,0x0000000080031E10] -> 0x8593
mem[X,0x0000000080031E12] -> 0x3335
[6183] [M]: 0x0000000080031E10 (0x33358593) addi a1, a1, 0x333
x11 <- 0x0000000033333333
mem[X,0x0000000080031E14] -> 0x9593
mem[X,0x0000000080031E16] -> 0x00B5
[6184] [M]: 0x0000000080031E14 (0x00B59593) slli a1, a1, 0xb
x11 <- 0x0000019999999800
mem[X,0x0000000080031E18] -> 0x8593
mem[X,0x0000000080031E1A] -> 0x1995
[6185] [M]: 0x0000000080031E18 (0x19958593) addi a1, a1, 0x199
x11 <- 0x0000019999999999
mem[X,0x0000000080031E1C] -> 0x9593
mem[X,0x0000000080031E1E] -> 0x00B5
[6186] [M]: 0x0000000080031E1C (0x00B59593) slli a1, a1, 0xb
x11 <- 0x000CCCCCCCCCC800
mem[X,0x0000000080031E20] -> 0x8593
mem[X,0x0000000080031E22] -> 0x4CC5
[6187] [M]: 0x0000000080031E20 (0x4CC58593) addi a1, a1, 0x4cc
x11 <- 0x000CCCCCCCCCCCCC
mem[X,0x0000000080031E24] -> 0x9593
mem[X,0x0000000080031E26] -> 0x00A5
[6188] [M]: 0x0000000080031E24 (0x00A59593) slli a1, a1, 0xa
x11 <- 0x3333333333333000
mem[X,0x0000000080031E28] -> 0x8593
mem[X,0x0000000080031E2A] -> 0x3335
[6189] [M]: 0x0000000080031E28 (0x33358593) addi a1, a1, 0x333
x11 <- 0x3333333333333333
mem[X,0x0000000080031E2C] -> 0x0113
mem[X,0x0000000080031E2E] -> 0x0000
[6190] [M]: 0x0000000080031E2C (0x00000113) addi sp, zero, 0x0
x2 <- 0x0000000000000000
mem[X,0x0000000080031E30] -> 0x006F
mem[X,0x0000000080031E32] -> 0x00C0
[6191] [M]: 0x0000000080031E30 (0x00C0006F) jal zero, 0xc
mem[X,0x0000000080031E3C] -> 0x4063
mem[X,0x0000000080031E3E] -> 0x40B5
[6192] [M]: 0x0000000080031E3C (0x40B54063) blt a0, a1, 0x400
mem[X,0x000000008003223C] -> 0x0113
mem[X,0x000000008003223E] -> 0x0031
[6193] [M]: 0x000000008003223C (0x00310113) addi sp, sp, 0x3
x2 <- 0x0000000000000003
mem[X,0x0000000080032240] -> 0x006F
mem[X,0x0000000080032242] -> 0x0040
[6194] [M]: 0x0000000080032240 (0x0040006F) jal zero, 0x4
mem[X,0x0000000080032244] -> 0xB023
mem[X,0x0000000080032246] -> 0x4220
[6195] [M]: 0x0000000080032244 (0x4220B023) sd sp, 0x420(ra)
mem[0x000000008004FDF8] <- 0x0000000000000003
mem[X,0x0000000080032248] -> 0x0513
mem[X,0x000000008003224A] -> 0x0000
[6196] [M]: 0x0000000080032248 (0x00000513) addi a0, zero, 0x0
x10 <- 0x0000000000000000
mem[X,0x000000008003224C] -> 0x65B7
mem[X,0x000000008003224E] -> 0x6666
[6197] [M]: 0x000000008003224C (0x666665B7) lui a1, 0x66666
x11 <- 0x0000000066666000
mem[X,0x0000000080032250] -> 0x8593
mem[X,0x0000000080032252] -> 0x6665
[6198] [M]: 0x0000000080032250 (0x66658593) addi a1, a1, 0x666
x11 <- 0x0000000066666666
mem[X,0x0000000080032254] -> 0x9593
mem[X,0x0000000080032256] -> 0x00B5
[6199] [M]: 0x0000000080032254 (0x00B59593) slli a1, a1, 0xb
x11 <- 0x0000033333333000
clint::tick mtime <- 0x000000000000003E
 clint timer pending at mtime 0x000000000000003E
htif::tick 0x0000000000000000
mem[X,0x0000000080032258] -> 0x8593
mem[X,0x000000008003225A] -> 0x3335
[6200] [M]: 0x0000000080032258 (0x33358593) addi a1, a1, 0x333
x11 <- 0x0000033333333333
mem[X,0x000000008003225C] -> 0x9593
mem[X,0x000000008003225E] -> 0x00B5
[6201] [M]: 0x000000008003225C (0x00B59593) slli a1, a1, 0xb
x11 <- 0x0019999999999800
mem[X,0x0000000080032260] -> 0x8593
mem[X,0x0000000080032262] -> 0x1995
[6202] [M]: 0x0000000080032260 (0x19958593) addi a1, a1, 0x199
x11 <- 0x0019999999999999
mem[X,0x0000000080032264] -> 0x9593
mem[X,0x0000000080032266] -> 0x00A5
[6203] [M]: 0x0000000080032264 (0x00A59593) slli a1, a1, 0xa
x11 <- 0x6666666666666400
mem[X,0x0000000080032268] -> 0x8593
mem[X,0x000000008003226A] -> 0x2665
[6204] [M]: 0x0000000080032268 (0x26658593) addi a1, a1, 0x266
x11 <- 0x6666666666666666
mem[X,0x000000008003226C] -> 0x0113
mem[X,0x000000008003226E] -> 0x0000
[6205] [M]: 0x000000008003226C (0x00000113) addi sp, zero, 0x0
x2 <- 0x0000000000000000
mem[X,0x0000000080032270] -> 0x006F
mem[X,0x0000000080032272] -> 0x00C0
[6206] [M]: 0x0000000080032270 (0x00C0006F) jal zero, 0xc
mem[X,0x000000008003227C] -> 0x4663
mem[X,0x000000008003227E] -> 0x00B5
[6207] [M]: 0x000000008003227C (0x00B54663) blt a0, a1, 0xc
mem[X,0x0000000080032288] -> 0x0113
mem[X,0x000000008003228A] -> 0x0031
[6208] [M]: 0x0000000080032288 (0x00310113) addi sp, sp, 0x3
x2 <- 0x0000000000000003
mem[X,0x000000008003228C] -> 0x006F
mem[X,0x000000008003228E] -> 0x0040
[6209] [M]: 0x000000008003228C (0x0040006F) jal zero, 0x4
mem[X,0x0000000080032290] -> 0xB423
mem[X,0x0000000080032292] -> 0x4220
[6210] [M]: 0x0000000080032290 (0x4220B423) sd sp, 0x428(ra)
mem[0x000000008004FE00] <- 0x0000000000000003
mem[X,0x0000000080032294] -> 0x0513
mem[X,0x0000000080032296] -> 0x0000
[6211] [M]: 0x0000000080032294 (0x00000513) addi a0, zero, 0x0
x10 <- 0x0000000000000000
mem[X,0x0000000080032298] -> 0x05B7
mem[X,0x000000008003229A] -> 0x0000
[6212] [M]: 0x0000000080032298 (0x000005B7) lui a1, 0x0
x11 <- 0x0000000000000000
mem[X,0x000000008003229C] -> 0x8593
mem[X,0x000000008003229E] -> 0xFFF5
[6213] [M]: 0x000000008003229C (0xFFF58593) addi a1, a1, -0x1
x11 <- 0xFFFFFFFFFFFFFFFF
mem[X,0x00000000800322A0] -> 0x9593
mem[X,0x00000000800322A2] -> 0x00B5
[6214] [M]: 0x00000000800322A0 (0x00B59593) slli a1, a1, 0xb
x11 <- 0xFFFFFFFFFFFFF800
mem[X,0x00000000800322A4] -> 0x8593
mem[X,0x00000000800322A6] -> 0x2575
[6215] [M]: 0x00000000800322A4 (0x25758593) addi a1, a1, 0x257
x11 <- 0xFFFFFFFFFFFFFA57
mem[X,0x00000000800322A8] -> 0x9593
mem[X,0x00000000800322AA] -> 0x00B5
[6216] [M]: 0x00000000800322A8 (0x00B59593) slli a1, a1, 0xb
x11 <- 0xFFFFFFFFFFD2B800
mem[X,0x00000000800322AC] -> 0x8593
mem[X,0x00000000800322AE] -> 0x6C35
[6217] [M]: 0x00000000800322AC (0x6C358593) addi a1, a1, 0x6c3
x11 <- 0xFFFFFFFFFFD2BEC3
mem[X,0x00000000800322B0] -> 0x9593
mem[X,0x00000000800322B2] -> 0x00A5
[6218] [M]: 0x00000000800322B0 (0x00A59593) slli a1, a1, 0xa
x11 <- 0xFFFFFFFF4AFB0C00
mem[X,0x00000000800322B4] -> 0x8593
mem[X,0x00000000800322B6] -> 0x0CD5
[6219] [M]: 0x00000000800322B4 (0x0CD58593) addi a1, a1, 0xcd
x11 <- 0xFFFFFFFF4AFB0CCD
mem[X,0x00000000800322B8] -> 0x0113
mem[X,0x00000000800322BA] -> 0x0000
[6220] [M]: 0x00000000800322B8 (0x00000113) addi sp, zero, 0x0
x2 <- 0x0000000000000000
mem[X,0x00000000800322BC] -> 0x006F
mem[X,0x00000000800322BE] -> 0x00C0
[6221] [M]: 0x00000000800322BC (0x00C0006F) jal zero, 0xc
mem[X,0x00000000800322C8] -> 0x4063
mem[X,0x00000000800322CA] -> 0x40B5
[6222] [M]: 0x00000000800322C8 (0x40B54063) blt a0, a1, 0x400
mem[X,0x00000000800322CC] -> 0x0113
mem[X,0x00000000800322CE] -> 0x0021
[6223] [M]: 0x00000000800322CC (0x00210113) addi sp, sp, 0x2
x2 <- 0x0000000000000002
mem[X,0x00000000800322D0] -> 0x006F
mem[X,0x00000000800322D2] -> 0x4000
[6224] [M]: 0x00000000800322D0 (0x4000006F) jal zero, 0x400
mem[X,0x00000000800326D0] -> 0xB823
mem[X,0x00000000800326D2] -> 0x4220
[6225] [M]: 0x00000000800326D0 (0x4220B823) sd sp, 0x430(ra)
mem[0x000000008004FE08] <- 0x0000000000000002
mem[X,0x00000000800326D4] -> 0x0513
mem[X,0x00000000800326D6] -> 0x0000
[6226] [M]: 0x00000000800326D4 (0x00000513) addi a0, zero, 0x0
x10 <- 0x0000000000000000
mem[X,0x00000000800326D8] -> 0x05B7
mem[X,0x00000000800326DA] -> 0x0000
[6227] [M]: 0x00000000800326D8 (0x000005B7) lui a1, 0x0
x11 <- 0x0000000000000000
mem[X,0x00000000800326DC] -> 0x8593
mem[X,0x00000000800326DE] -> 0x0005
[6228] [M]: 0x00000000800326DC (0x00058593) addi a1, a1, 0x0
x11 <- 0x0000000000000000
mem[X,0x00000000800326E0] -> 0x9593
mem[X,0x00000000800326E2] -> 0x00B5
[6229] [M]: 0x00000000800326E0 (0x00B59593) slli a1, a1, 0xb
x11 <- 0x0000000000000000
mem[X,0x00000000800326E4] -> 0x8593
mem[X,0x00000000800326E6] -> 0x5A85
[6230] [M]: 0x00000000800326E4 (0x5A858593) addi a1, a1, 0x5a8
x11 <- 0x00000000000005A8
mem[X,0x00000000800326E8] -> 0x9593
mem[X,0x00000000800326EA] -> 0x00B5
[6231] [M]: 0x00000000800326E8 (0x00B59593) slli a1, a1, 0xb
x11 <- 0x00000000002D4000
mem[X,0x00000000800326EC] -> 0x8593
mem[X,0x00000000800326EE] -> 0x13C5
[6232] [M]: 0x00000000800326EC (0x13C58593) addi a1, a1, 0x13c
x11 <- 0x00000000002D413C
mem[X,0x00000000800326F0] -> 0x9593
mem[X,0x00000000800326F2] -> 0x00A5
[6233] [M]: 0x00000000800326F0 (0x00A59593) slli a1, a1, 0xa
x11 <- 0x00000000B504F000
mem[X,0x00000000800326F4] -> 0x8593
mem[X,0x00000000800326F6] -> 0x3335
[6234] [M]: 0x00000000800326F4 (0x33358593) addi a1, a1, 0x333
x11 <- 0x00000000B504F333
mem[X,0x00000000800326F8] -> 0x0113
mem[X,0x00000000800326FA] -> 0x0000
[6235] [M]: 0x00000000800326F8 (0x00000113) addi sp, zero, 0x0
x2 <- 0x0000000000000000
mem[X,0x00000000800326FC] -> 0x006F
mem[X,0x00000000800326FE] -> 0x00C0
[6236] [M]: 0x00000000800326FC (0x00C0006F) jal zero, 0xc
mem[X,0x0000000080032708] -> 0x4CE3
mem[X,0x000000008003270A] -> 0xFEB5
[6237] [M]: 0x0000000080032708 (0xFEB54CE3) blt a0, a1, -0x8
mem[X,0x0000000080032700] -> 0x0113
mem[X,0x0000000080032702] -> 0x0011
[6238] [M]: 0x0000000080032700 (0x00110113) addi sp, sp, 0x1
x2 <- 0x0000000000000001
mem[X,0x0000000080032704] -> 0x006F
mem[X,0x0000000080032706] -> 0x0180
[6239] [M]: 0x0000000080032704 (0x0180006F) jal zero, 0x18
mem[X,0x000000008003271C] -> 0xBC23
mem[X,0x000000008003271E] -> 0x4220
[6240] [M]: 0x000000008003271C (0x4220BC23) sd sp, 0x438(ra)
mem[0x000000008004FE10] <- 0x0000000000000001
mem[X,0x0000000080032720] -> 0x0513
mem[X,0x0000000080032722] -> 0x0040
[6241] [M]: 0x0000000080032720 (0x00400513) addi a0, zero, 0x4
x10 <- 0x0000000000000004
mem[X,0x0000000080032724] -> 0x0593
mem[X,0x0000000080032726] -> 0x0030
[6242] [M]: 0x0000000080032724 (0x00300593) addi a1, zero, 0x3
x11 <- 0x0000000000000003
mem[X,0x0000000080032728] -> 0x0113
mem[X,0x000000008003272A] -> 0x0000
[6243] [M]: 0x0000000080032728 (0x00000113) addi sp, zero, 0x0
x2 <- 0x0000000000000000
mem[X,0x000000008003272C] -> 0x006F
mem[X,0x000000008003272E] -> 0x00C0
[6244] [M]: 0x000000008003272C (0x00C0006F) jal zero, 0xc
mem[X,0x0000000080032738] -> 0x4063
mem[X,0x000000008003273A] -> 0x08B5
[6245] [M]: 0x0000000080032738 (0x08B54063) blt a0, a1, 0x80
mem[X,0x000000008003273C] -> 0x0113
mem[X,0x000000008003273E] -> 0x0021
[6246] [M]: 0x000000008003273C (0x00210113) addi sp, sp, 0x2
x2 <- 0x0000000000000002
mem[X,0x0000000080032740] -> 0x006F
mem[X,0x0000000080032742] -> 0x0800
[6247] [M]: 0x0000000080032740 (0x0800006F) jal zero, 0x80
mem[X,0x00000000800327C0] -> 0xB023
mem[X,0x00000000800327C2] -> 0x4420
[6248] [M]: 0x00000000800327C0 (0x4420B023) sd sp, 0x440(ra)
mem[0x000000008004FE18] <- 0x0000000000000002
mem[X,0x00000000800327C4] -> 0x0513
mem[X,0x00000000800327C6] -> 0x0040
[6249] [M]: 0x00000000800327C4 (0x00400513) addi a0, zero, 0x4
x10 <- 0x0000000000000004
mem[X,0x00000000800327C8] -> 0x55B7
mem[X,0x00000000800327CA] -> 0x5555
[6250] [M]: 0x00000000800327C8 (0x555555B7) lui a1, 0x55555
x11 <- 0x0000000055555000
mem[X,0x00000000800327CC] -> 0x8593
mem[X,0x00000000800327CE] -> 0x5555
[6251] [M]: 0x00000000800327CC (0x55558593) addi a1, a1, 0x555
x11 <- 0x0000000055555555
mem[X,0x00000000800327D0] -> 0x9593
mem[X,0x00000000800327D2] -> 0x00B5
[6252] [M]: 0x00000000800327D0 (0x00B59593) slli a1, a1, 0xb
x11 <- 0x000002AAAAAAA800
mem[X,0x00000000800327D4] -> 0x8593
mem[X,0x00000000800327D6] -> 0x2AA5
[6253] [M]: 0x00000000800327D4 (0x2AA58593) addi a1, a1, 0x2aa
x11 <- 0x000002AAAAAAAAAA
mem[X,0x00000000800327D8] -> 0x9593
mem[X,0x00000000800327DA] -> 0x00B5
[6254] [M]: 0x00000000800327D8 (0x00B59593) slli a1, a1, 0xb
x11 <- 0x0015555555555000
mem[X,0x00000000800327DC] -> 0x8593
mem[X,0x00000000800327DE] -> 0x5555
[6255] [M]: 0x00000000800327DC (0x55558593) addi a1, a1, 0x555
x11 <- 0x0015555555555555
mem[X,0x00000000800327E0] -> 0x9593
mem[X,0x00000000800327E2] -> 0x00A5
[6256] [M]: 0x00000000800327E0 (0x00A59593) slli a1, a1, 0xa
x11 <- 0x5555555555555400
mem[X,0x00000000800327E4] -> 0x8593
mem[X,0x00000000800327E6] -> 0x1555
[6257] [M]: 0x00000000800327E4 (0x15558593) addi a1, a1, 0x155
x11 <- 0x5555555555555555
mem[X,0x00000000800327E8] -> 0x0113
mem[X,0x00000000800327EA] -> 0x0000
[6258] [M]: 0x00000000800327E8 (0x00000113) addi sp, zero, 0x0
x2 <- 0x0000000000000000
mem[X,0x00000000800327EC] -> 0x006F
mem[X,0x00000000800327EE] -> 0x00C0
[6259] [M]: 0x00000000800327EC (0x00C0006F) jal zero, 0xc
mem[X,0x00000000800327F8] -> 0x4CE3
mem[X,0x00000000800327FA] -> 0xFEB5
[6260] [M]: 0x00000000800327F8 (0xFEB54CE3) blt a0, a1, -0x8
mem[X,0x00000000800327F0] -> 0x0113
mem[X,0x00000000800327F2] -> 0x0011
[6261] [M]: 0x00000000800327F0 (0x00110113) addi sp, sp, 0x1
x2 <- 0x0000000000000001
mem[X,0x00000000800327F4] -> 0x006F
mem[X,0x00000000800327F6] -> 0x0180
[6262] [M]: 0x00000000800327F4 (0x0180006F) jal zero, 0x18
mem[X,0x000000008003280C] -> 0xB423
mem[X,0x000000008003280E] -> 0x4420
[6263] [M]: 0x000000008003280C (0x4420B423) sd sp, 0x448(ra)
mem[0x000000008004FE20] <- 0x0000000000000001
mem[X,0x0000000080032810] -> 0x0513
mem[X,0x0000000080032812] -> 0x0040
[6264] [M]: 0x0000000080032810 (0x00400513) addi a0, zero, 0x4
x10 <- 0x0000000000000004
mem[X,0x0000000080032814] -> 0xB5B7
mem[X,0x0000000080032816] -> 0xAAAA
[6265] [M]: 0x0000000080032814 (0xAAAAB5B7) lui a1, -0x55555
x11 <- 0xFFFFFFFFAAAAB000
mem[X,0x0000000080032818] -> 0x8593
mem[X,0x000000008003281A] -> 0xAAA5
[6266] [M]: 0x0000000080032818 (0xAAA58593) addi a1, a1, -0x556
x11 <- 0xFFFFFFFFAAAAAAAA
mem[X,0x000000008003281C] -> 0x9593
mem[X,0x000000008003281E] -> 0x00B5
[6267] [M]: 0x000000008003281C (0x00B59593) slli a1, a1, 0xb
x11 <- 0xFFFFFD5555555000
mem[X,0x0000000080032820] -> 0x8593
mem[X,0x0000000080032822] -> 0x5555
[6268] [M]: 0x0000000080032820 (0x55558593) addi a1, a1, 0x555
x11 <- 0xFFFFFD5555555555
mem[X,0x0000000080032824] -> 0x9593
mem[X,0x0000000080032826] -> 0x00B5
[6269] [M]: 0x0000000080032824 (0x00B59593) slli a1, a1, 0xb
x11 <- 0xFFEAAAAAAAAAA800
mem[X,0x0000000080032828] -> 0x8593
mem[X,0x000000008003282A] -> 0x2AA5
[6270] [M]: 0x0000000080032828 (0x2AA58593) addi a1, a1, 0x2aa
x11 <- 0xFFEAAAAAAAAAAAAA
mem[X,0x000000008003282C] -> 0x9593
mem[X,0x000000008003282E] -> 0x00A5
[6271] [M]: 0x000000008003282C (0x00A59593) slli a1, a1, 0xa
x11 <- 0xAAAAAAAAAAAAA800
mem[X,0x0000000080032830] -> 0x8593
mem[X,0x0000000080032832] -> 0x2AA5
[6272] [M]: 0x0000000080032830 (0x2AA58593) addi a1, a1, 0x2aa
x11 <- 0xAAAAAAAAAAAAAAAA
mem[X,0x0000000080032834] -> 0x0113
mem[X,0x0000000080032836] -> 0x0000
[6273] [M]: 0x0000000080032834 (0x00000113) addi sp, zero, 0x0
x2 <- 0x0000000000000000
mem[X,0x0000000080032838] -> 0x006F
mem[X,0x000000008003283A] -> 0x00C0
[6274] [M]: 0x0000000080032838 (0x00C0006F) jal zero, 0xc
mem[X,0x0000000080032844] -> 0x4063
mem[X,0x0000000080032846] -> 0x04B5
[6275] [M]: 0x0000000080032844 (0x04B54063) blt a0, a1, 0x40
mem[X,0x0000000080032848] -> 0x0113
mem[X,0x000000008003284A] -> 0x0021
[6276] [M]: 0x0000000080032848 (0x00210113) addi sp, sp, 0x2
x2 <- 0x0000000000000002
mem[X,0x000000008003284C] -> 0x006F
mem[X,0x000000008003284E] -> 0x0400
[6277] [M]: 0x000000008003284C (0x0400006F) jal zero, 0x40
mem[X,0x000000008003288C] -> 0xB823
mem[X,0x000000008003288E] -> 0x4420
[6278] [M]: 0x000000008003288C (0x4420B823) sd sp, 0x450(ra)
mem[0x000000008004FE28] <- 0x0000000000000002
mem[X,0x0000000080032890] -> 0x0513
mem[X,0x0000000080032892] -> 0x0040
[6279] [M]: 0x0000000080032890 (0x00400513) addi a0, zero, 0x4
x10 <- 0x0000000000000004
mem[X,0x0000000080032894] -> 0x0593
mem[X,0x0000000080032896] -> 0x0050
[6280] [M]: 0x0000000080032894 (0x00500593) addi a1, zero, 0x5
x11 <- 0x0000000000000005
mem[X,0x0000000080032898] -> 0x0113
mem[X,0x000000008003289A] -> 0x0000
[6281] [M]: 0x0000000080032898 (0x00000113) addi sp, zero, 0x0
x2 <- 0x0000000000000000
mem[X,0x000000008003289C] -> 0x006F
mem[X,0x000000008003289E] -> 0x0180
[6282] [M]: 0x000000008003289C (0x0180006F) jal zero, 0x18
mem[X,0x00000000800328B4] -> 0x46E3
mem[X,0x00000000800328B6] -> 0xFEB5
[6283] [M]: 0x00000000800328B4 (0xFEB546E3) blt a0, a1, -0x14
mem[X,0x00000000800328A0] -> 0x0113
mem[X,0x00000000800328A2] -> 0x0011
[6284] [M]: 0x00000000800328A0 (0x00110113) addi sp, sp, 0x1
x2 <- 0x0000000000000001
mem[X,0x00000000800328A4] -> 0x006F
mem[X,0x00000000800328A6] -> 0x0240
[6285] [M]: 0x00000000800328A4 (0x0240006F) jal zero, 0x24
mem[X,0x00000000800328C8] -> 0xBC23
mem[X,0x00000000800328CA] -> 0x4420
[6286] [M]: 0x00000000800328C8 (0x4420BC23) sd sp, 0x458(ra)
mem[0x000000008004FE30] <- 0x0000000000000001
mem[X,0x00000000800328CC] -> 0x0513
mem[X,0x00000000800328CE] -> 0x0040
[6287] [M]: 0x00000000800328CC (0x00400513) addi a0, zero, 0x4
x10 <- 0x0000000000000004
mem[X,0x00000000800328D0] -> 0x35B7
mem[X,0x00000000800328D2] -> 0x3333
[6288] [M]: 0x00000000800328D0 (0x333335B7) lui a1, 0x33333
x11 <- 0x0000000033333000
mem[X,0x00000000800328D4] -> 0x8593
mem[X,0x00000000800328D6] -> 0x3335
[6289] [M]: 0x00000000800328D4 (0x33358593) addi a1, a1, 0x333
x11 <- 0x0000000033333333
mem[X,0x00000000800328D8] -> 0x9593
mem[X,0x00000000800328DA] -> 0x00B5
[6290] [M]: 0x00000000800328D8 (0x00B59593) slli a1, a1, 0xb
x11 <- 0x0000019999999800
mem[X,0x00000000800328DC] -> 0x8593
mem[X,0x00000000800328DE] -> 0x1995
[6291] [M]: 0x00000000800328DC (0x19958593) addi a1, a1, 0x199
x11 <- 0x0000019999999999
mem[X,0x00000000800328E0] -> 0x9593
mem[X,0x00000000800328E2] -> 0x00B5
[6292] [M]: 0x00000000800328E0 (0x00B59593) slli a1, a1, 0xb
x11 <- 0x000CCCCCCCCCC800
mem[X,0x00000000800328E4] -> 0x8593
mem[X,0x00000000800328E6] -> 0x4CC5
[6293] [M]: 0x00000000800328E4 (0x4CC58593) addi a1, a1, 0x4cc
x11 <- 0x000CCCCCCCCCCCCC
mem[X,0x00000000800328E8] -> 0x9593
mem[X,0x00000000800328EA] -> 0x00A5
[6294] [M]: 0x00000000800328E8 (0x00A59593) slli a1, a1, 0xa
x11 <- 0x3333333333333000
mem[X,0x00000000800328EC] -> 0x8593
mem[X,0x00000000800328EE] -> 0x3335
[6295] [M]: 0x00000000800328EC (0x33358593) addi a1, a1, 0x333
x11 <- 0x3333333333333333
mem[X,0x00000000800328F0] -> 0x0113
mem[X,0x00000000800328F2] -> 0x0000
[6296] [M]: 0x00000000800328F0 (0x00000113) addi sp, zero, 0x0
x2 <- 0x0000000000000000
mem[X,0x00000000800328F4] -> 0x006F
mem[X,0x00000000800328F6] -> 0x00C0
[6297] [M]: 0x00000000800328F4 (0x00C0006F) jal zero, 0xc
mem[X,0x0000000080032900] -> 0x4663
mem[X,0x0000000080032902] -> 0x00B5
[6298] [M]: 0x0000000080032900 (0x00B54663) blt a0, a1, 0xc
mem[X,0x000000008003290C] -> 0x0113
mem[X,0x000000008003290E] -> 0x0031
[6299] [M]: 0x000000008003290C (0x00310113) addi sp, sp, 0x3
x2 <- 0x0000000000000003
clint::tick mtime <- 0x000000000000003F
 clint timer pending at mtime 0x000000000000003F
htif::tick 0x0000000000000000
mem[X,0x0000000080032910] -> 0x006F
mem[X,0x0000000080032912] -> 0x0040
[6300] [M]: 0x0000000080032910 (0x0040006F) jal zero, 0x4
mem[X,0x0000000080032914] -> 0xB023
mem[X,0x0000000080032916] -> 0x4620
[6301] [M]: 0x0000000080032914 (0x4620B023) sd sp, 0x460(ra)
mem[0x000000008004FE38] <- 0x0000000000000003
mem[X,0x0000000080032918] -> 0x0513
mem[X,0x000000008003291A] -> 0x0040
[6302] [M]: 0x0000000080032918 (0x00400513) addi a0, zero, 0x4
x10 <- 0x0000000000000004
mem[X,0x000000008003291C] -> 0x65B7
mem[X,0x000000008003291E] -> 0x6666
[6303] [M]: 0x000000008003291C (0x666665B7) lui a1, 0x66666
x11 <- 0x0000000066666000
mem[X,0x0000000080032920] -> 0x8593
mem[X,0x0000000080032922] -> 0x6665
[6304] [M]: 0x0000000080032920 (0x66658593) addi a1, a1, 0x666
x11 <- 0x0000000066666666
mem[X,0x0000000080032924] -> 0x9593
mem[X,0x0000000080032926] -> 0x00B5
[6305] [M]: 0x0000000080032924 (0x00B59593) slli a1, a1, 0xb
x11 <- 0x0000033333333000
mem[X,0x0000000080032928] -> 0x8593
mem[X,0x000000008003292A] -> 0x3335
[6306] [M]: 0x0000000080032928 (0x33358593) addi a1, a1, 0x333
x11 <- 0x0000033333333333
mem[X,0x000000008003292C] -> 0x9593
mem[X,0x000000008003292E] -> 0x00B5
[6307] [M]: 0x000000008003292C (0x00B59593) slli a1, a1, 0xb
x11 <- 0x0019999999999800
mem[X,0x0000000080032930] -> 0x8593
mem[X,0x0000000080032932] -> 0x1995
[6308] [M]: 0x0000000080032930 (0x19958593) addi a1, a1, 0x199
x11 <- 0x0019999999999999
mem[X,0x0000000080032934] -> 0x9593
mem[X,0x0000000080032936] -> 0x00A5
[6309] [M]: 0x0000000080032934 (0x00A59593) slli a1, a1, 0xa
x11 <- 0x6666666666666400
mem[X,0x0000000080032938] -> 0x8593
mem[X,0x000000008003293A] -> 0x2665
[6310] [M]: 0x0000000080032938 (0x26658593) addi a1, a1, 0x266
x11 <- 0x6666666666666666
mem[X,0x000000008003293C] -> 0x0113
mem[X,0x000000008003293E] -> 0x0000
[6311] [M]: 0x000000008003293C (0x00000113) addi sp, zero, 0x0
x2 <- 0x0000000000000000
mem[X,0x0000000080032940] -> 0x006F
mem[X,0x0000000080032942] -> 0x00C0
[6312] [M]: 0x0000000080032940 (0x00C0006F) jal zero, 0xc
mem[X,0x000000008003294C] -> 0x4663
mem[X,0x000000008003294E] -> 0x00B5
[6313] [M]: 0x000000008003294C (0x00B54663) blt a0, a1, 0xc
mem[X,0x0000000080032958] -> 0x0113
mem[X,0x000000008003295A] -> 0x0031
[6314] [M]: 0x0000000080032958 (0x00310113) addi sp, sp, 0x3
x2 <- 0x0000000000000003
mem[X,0x000000008003295C] -> 0x006F
mem[X,0x000000008003295E] -> 0x0040
[6315] [M]: 0x000000008003295C (0x0040006F) jal zero, 0x4
mem[X,0x0000000080032960] -> 0xB423
mem[X,0x0000000080032962] -> 0x4620
[6316] [M]: 0x0000000080032960 (0x4620B423) sd sp, 0x468(ra)
mem[0x000000008004FE40] <- 0x0000000000000003
mem[X,0x0000000080032964] -> 0x0513
mem[X,0x0000000080032966] -> 0x0040
[6317] [M]: 0x0000000080032964 (0x00400513) addi a0, zero, 0x4
x10 <- 0x0000000000000004
mem[X,0x0000000080032968] -> 0x05B7
mem[X,0x000000008003296A] -> 0x0000
[6318] [M]: 0x0000000080032968 (0x000005B7) lui a1, 0x0
x11 <- 0x0000000000000000
mem[X,0x000000008003296C] -> 0x8593
mem[X,0x000000008003296E] -> 0xFFF5
[6319] [M]: 0x000000008003296C (0xFFF58593) addi a1, a1, -0x1
x11 <- 0xFFFFFFFFFFFFFFFF
mem[X,0x0000000080032970] -> 0x9593
mem[X,0x0000000080032972] -> 0x00B5
[6320] [M]: 0x0000000080032970 (0x00B59593) slli a1, a1, 0xb
x11 <- 0xFFFFFFFFFFFFF800
mem[X,0x0000000080032974] -> 0x8593
mem[X,0x0000000080032976] -> 0x2575
[6321] [M]: 0x0000000080032974 (0x25758593) addi a1, a1, 0x257
x11 <- 0xFFFFFFFFFFFFFA57
mem[X,0x0000000080032978] -> 0x9593
mem[X,0x000000008003297A] -> 0x00B5
[6322] [M]: 0x0000000080032978 (0x00B59593) slli a1, a1, 0xb
x11 <- 0xFFFFFFFFFFD2B800
mem[X,0x000000008003297C] -> 0x8593
mem[X,0x000000008003297E] -> 0x6C35
[6323] [M]: 0x000000008003297C (0x6C358593) addi a1, a1, 0x6c3
x11 <- 0xFFFFFFFFFFD2BEC3
mem[X,0x0000000080032980] -> 0x9593
mem[X,0x0000000080032982] -> 0x00A5
[6324] [M]: 0x0000000080032980 (0x00A59593) slli a1, a1, 0xa
x11 <- 0xFFFFFFFF4AFB0C00
mem[X,0x0000000080032984] -> 0x8593
mem[X,0x0000000080032986] -> 0x0CD5
[6325] [M]: 0x0000000080032984 (0x0CD58593) addi a1, a1, 0xcd
x11 <- 0xFFFFFFFF4AFB0CCD
mem[X,0x0000000080032988] -> 0x0113
mem[X,0x000000008003298A] -> 0x0000
[6326] [M]: 0x0000000080032988 (0x00000113) addi sp, zero, 0x0
x2 <- 0x0000000000000000
mem[X,0x000000008003298C] -> 0x006F
mem[X,0x000000008003298E] -> 0x00C0
[6327] [M]: 0x000000008003298C (0x00C0006F) jal zero, 0xc
mem[X,0x0000000080032998] -> 0x4CE3
mem[X,0x000000008003299A] -> 0xFEB5
[6328] [M]: 0x0000000080032998 (0xFEB54CE3) blt a0, a1, -0x8
mem[X,0x000000008003299C] -> 0x0113
mem[X,0x000000008003299E] -> 0x0021
[6329] [M]: 0x000000008003299C (0x00210113) addi sp, sp, 0x2
x2 <- 0x0000000000000002
mem[X,0x00000000800329A0] -> 0x006F
mem[X,0x00000000800329A2] -> 0x00C0
[6330] [M]: 0x00000000800329A0 (0x00C0006F) jal zero, 0xc
mem[X,0x00000000800329AC] -> 0xB823
mem[X,0x00000000800329AE] -> 0x4620
[6331] [M]: 0x00000000800329AC (0x4620B823) sd sp, 0x470(ra)
mem[0x000000008004FE48] <- 0x0000000000000002
mem[X,0x00000000800329B0] -> 0x0513
mem[X,0x00000000800329B2] -> 0x0040
[6332] [M]: 0x00000000800329B0 (0x00400513) addi a0, zero, 0x4
x10 <- 0x0000000000000004
mem[X,0x00000000800329B4] -> 0x05B7
mem[X,0x00000000800329B6] -> 0x0000
[6333] [M]: 0x00000000800329B4 (0x000005B7) lui a1, 0x0
x11 <- 0x0000000000000000
mem[X,0x00000000800329B8] -> 0x8593
mem[X,0x00000000800329BA] -> 0x0005
[6334] [M]: 0x00000000800329B8 (0x00058593) addi a1, a1, 0x0
x11 <- 0x0000000000000000
mem[X,0x00000000800329BC] -> 0x9593
mem[X,0x00000000800329BE] -> 0x00B5
[6335] [M]: 0x00000000800329BC (0x00B59593) slli a1, a1, 0xb
x11 <- 0x0000000000000000
mem[X,0x00000000800329C0] -> 0x8593
mem[X,0x00000000800329C2] -> 0x5A85
[6336] [M]: 0x00000000800329C0 (0x5A858593) addi a1, a1, 0x5a8
x11 <- 0x00000000000005A8
mem[X,0x00000000800329C4] -> 0x9593
mem[X,0x00000000800329C6] -> 0x00B5
[6337] [M]: 0x00000000800329C4 (0x00B59593) slli a1, a1, 0xb
x11 <- 0x00000000002D4000
mem[X,0x00000000800329C8] -> 0x8593
mem[X,0x00000000800329CA] -> 0x13C5
[6338] [M]: 0x00000000800329C8 (0x13C58593) addi a1, a1, 0x13c
x11 <- 0x00000000002D413C
mem[X,0x00000000800329CC] -> 0x9593
mem[X,0x00000000800329CE] -> 0x00A5
[6339] [M]: 0x00000000800329CC (0x00A59593) slli a1, a1, 0xa
x11 <- 0x00000000B504F000
mem[X,0x00000000800329D0] -> 0x8593
mem[X,0x00000000800329D2] -> 0x3335
[6340] [M]: 0x00000000800329D0 (0x33358593) addi a1, a1, 0x333
x11 <- 0x00000000B504F333
mem[X,0x00000000800329D4] -> 0x0113
mem[X,0x00000000800329D6] -> 0x0000
[6341] [M]: 0x00000000800329D4 (0x00000113) addi sp, zero, 0x0
x2 <- 0x0000000000000000
mem[X,0x00000000800329D8] -> 0x006F
mem[X,0x00000000800329DA] -> 0x00C0
[6342] [M]: 0x00000000800329D8 (0x00C0006F) jal zero, 0xc
mem[X,0x00000000800329E4] -> 0x4663
mem[X,0x00000000800329E6] -> 0x00B5
[6343] [M]: 0x00000000800329E4 (0x00B54663) blt a0, a1, 0xc
mem[X,0x00000000800329F0] -> 0x0113
mem[X,0x00000000800329F2] -> 0x0031
[6344] [M]: 0x00000000800329F0 (0x00310113) addi sp, sp, 0x3
x2 <- 0x0000000000000003
mem[X,0x00000000800329F4] -> 0x006F
mem[X,0x00000000800329F6] -> 0x0040
[6345] [M]: 0x00000000800329F4 (0x0040006F) jal zero, 0x4
mem[X,0x00000000800329F8] -> 0xBC23
mem[X,0x00000000800329FA] -> 0x4620
[6346] [M]: 0x00000000800329F8 (0x4620BC23) sd sp, 0x478(ra)
mem[0x000000008004FE50] <- 0x0000000000000003
mem[X,0x00000000800329FC] -> 0x0513
mem[X,0x00000000800329FE] -> 0x0040
[6347] [M]: 0x00000000800329FC (0x00400513) addi a0, zero, 0x4
x10 <- 0x0000000000000004
mem[X,0x0000000080032A00] -> 0x0593
mem[X,0x0000000080032A02] -> 0x0020
[6348] [M]: 0x0000000080032A00 (0x00200593) addi a1, zero, 0x2
x11 <- 0x0000000000000002
mem[X,0x0000000080032A04] -> 0x0113
mem[X,0x0000000080032A06] -> 0x0000
[6349] [M]: 0x0000000080032A04 (0x00000113) addi sp, zero, 0x0
x2 <- 0x0000000000000000
mem[X,0x0000000080032A08] -> 0x006F
mem[X,0x0000000080032A0A] -> 0x2B10
[6350] [M]: 0x0000000080032A08 (0x2B10006F) jal zero, 0xab0
mem[X,0x00000000800334B8] -> 0x4A63
mem[X,0x00000000800334BA] -> 0xD4B5
[6351] [M]: 0x00000000800334B8 (0xD4B54A63) blt a0, a1, -0xaac
mem[X,0x00000000800334BC] -> 0x0113
mem[X,0x00000000800334BE] -> 0x0021
[6352] [M]: 0x00000000800334BC (0x00210113) addi sp, sp, 0x2
x2 <- 0x0000000000000002
mem[X,0x00000000800334C0] -> 0x006F
mem[X,0x00000000800334C2] -> 0x00C0
[6353] [M]: 0x00000000800334C0 (0x00C0006F) jal zero, 0xc
mem[X,0x00000000800334CC] -> 0xB023
mem[X,0x00000000800334CE] -> 0x4820
[6354] [M]: 0x00000000800334CC (0x4820B023) sd sp, 0x480(ra)
mem[0x000000008004FE58] <- 0x0000000000000002
mem[X,0x00000000800334D0] -> 0x0513
mem[X,0x00000000800334D2] -> 0x0040
[6355] [M]: 0x00000000800334D0 (0x00400513) addi a0, zero, 0x4
x10 <- 0x0000000000000004
mem[X,0x00000000800334D4] -> 0x55B7
mem[X,0x00000000800334D6] -> 0x5555
[6356] [M]: 0x00000000800334D4 (0x555555B7) lui a1, 0x55555
x11 <- 0x0000000055555000
mem[X,0x00000000800334D8] -> 0x8593
mem[X,0x00000000800334DA] -> 0x5555
[6357] [M]: 0x00000000800334D8 (0x55558593) addi a1, a1, 0x555
x11 <- 0x0000000055555555
mem[X,0x00000000800334DC] -> 0x9593
mem[X,0x00000000800334DE] -> 0x00B5
[6358] [M]: 0x00000000800334DC (0x00B59593) slli a1, a1, 0xb
x11 <- 0x000002AAAAAAA800
mem[X,0x00000000800334E0] -> 0x8593
mem[X,0x00000000800334E2] -> 0x2AA5
[6359] [M]: 0x00000000800334E0 (0x2AA58593) addi a1, a1, 0x2aa
x11 <- 0x000002AAAAAAAAAA
mem[X,0x00000000800334E4] -> 0x9593
mem[X,0x00000000800334E6] -> 0x00B5
[6360] [M]: 0x00000000800334E4 (0x00B59593) slli a1, a1, 0xb
x11 <- 0x0015555555555000
mem[X,0x00000000800334E8] -> 0x8593
mem[X,0x00000000800334EA] -> 0x5555
[6361] [M]: 0x00000000800334E8 (0x55558593) addi a1, a1, 0x555
x11 <- 0x0015555555555555
mem[X,0x00000000800334EC] -> 0x9593
mem[X,0x00000000800334EE] -> 0x00A5
[6362] [M]: 0x00000000800334EC (0x00A59593) slli a1, a1, 0xa
x11 <- 0x5555555555555400
mem[X,0x00000000800334F0] -> 0x8593
mem[X,0x00000000800334F2] -> 0x1545
[6363] [M]: 0x00000000800334F0 (0x15458593) addi a1, a1, 0x154
x11 <- 0x5555555555555554
mem[X,0x00000000800334F4] -> 0x0113
mem[X,0x00000000800334F6] -> 0x0000
[6364] [M]: 0x00000000800334F4 (0x00000113) addi sp, zero, 0x0
x2 <- 0x0000000000000000
mem[X,0x00000000800334F8] -> 0x006F
mem[X,0x00000000800334FA] -> 0x00C0
[6365] [M]: 0x00000000800334F8 (0x00C0006F) jal zero, 0xc
mem[X,0x0000000080033504] -> 0x4663
mem[X,0x0000000080033506] -> 0x00B5
[6366] [M]: 0x0000000080033504 (0x00B54663) blt a0, a1, 0xc
mem[X,0x0000000080033510] -> 0x0113
mem[X,0x0000000080033512] -> 0x0031
[6367] [M]: 0x0000000080033510 (0x00310113) addi sp, sp, 0x3
x2 <- 0x0000000000000003
mem[X,0x0000000080033514] -> 0x006F
mem[X,0x0000000080033516] -> 0x0040
[6368] [M]: 0x0000000080033514 (0x0040006F) jal zero, 0x4
mem[X,0x0000000080033518] -> 0xB423
mem[X,0x000000008003351A] -> 0x4820
[6369] [M]: 0x0000000080033518 (0x4820B423) sd sp, 0x488(ra)
mem[0x000000008004FE60] <- 0x0000000000000003
mem[X,0x000000008003351C] -> 0x0513
mem[X,0x000000008003351E] -> 0x0040
[6370] [M]: 0x000000008003351C (0x00400513) addi a0, zero, 0x4
x10 <- 0x0000000000000004
mem[X,0x0000000080033520] -> 0x0593
mem[X,0x0000000080033522] -> 0x0000
[6371] [M]: 0x0000000080033520 (0x00000593) addi a1, zero, 0x0
x11 <- 0x0000000000000000
mem[X,0x0000000080033524] -> 0x0113
mem[X,0x0000000080033526] -> 0x0000
[6372] [M]: 0x0000000080033524 (0x00000113) addi sp, zero, 0x0
x2 <- 0x0000000000000000
mem[X,0x0000000080033528] -> 0x006F
mem[X,0x000000008003352A] -> 0x0140
[6373] [M]: 0x0000000080033528 (0x0140006F) jal zero, 0x14
mem[X,0x000000008003353C] -> 0x48E3
mem[X,0x000000008003353E] -> 0xFEB5
[6374] [M]: 0x000000008003353C (0xFEB548E3) blt a0, a1, -0x10
mem[X,0x0000000080033540] -> 0x0113
mem[X,0x0000000080033542] -> 0x0021
[6375] [M]: 0x0000000080033540 (0x00210113) addi sp, sp, 0x2
x2 <- 0x0000000000000002
mem[X,0x0000000080033544] -> 0x006F
mem[X,0x0000000080033546] -> 0x00C0
[6376] [M]: 0x0000000080033544 (0x00C0006F) jal zero, 0xc
mem[X,0x0000000080033550] -> 0xB823
mem[X,0x0000000080033552] -> 0x4820
[6377] [M]: 0x0000000080033550 (0x4820B823) sd sp, 0x490(ra)
mem[0x000000008004FE68] <- 0x0000000000000002
mem[X,0x0000000080033554] -> 0x0513
mem[X,0x0000000080033556] -> 0x0040
[6378] [M]: 0x0000000080033554 (0x00400513) addi a0, zero, 0x4
x10 <- 0x0000000000000004
mem[X,0x0000000080033558] -> 0x0593
mem[X,0x000000008003355A] -> 0x0040
[6379] [M]: 0x0000000080033558 (0x00400593) addi a1, zero, 0x4
x11 <- 0x0000000000000004
mem[X,0x000000008003355C] -> 0x0113
mem[X,0x000000008003355E] -> 0x0000
[6380] [M]: 0x000000008003355C (0x00000113) addi sp, zero, 0x0
x2 <- 0x0000000000000000
mem[X,0x0000000080033560] -> 0x006F
mem[X,0x0000000080033562] -> 0x00C0
[6381] [M]: 0x0000000080033560 (0x00C0006F) jal zero, 0xc
mem[X,0x000000008003356C] -> 0x4CE3
mem[X,0x000000008003356E] -> 0xFEB5
[6382] [M]: 0x000000008003356C (0xFEB54CE3) blt a0, a1, -0x8
mem[X,0x0000000080033570] -> 0x0113
mem[X,0x0000000080033572] -> 0x0021
[6383] [M]: 0x0000000080033570 (0x00210113) addi sp, sp, 0x2
x2 <- 0x0000000000000002
mem[X,0x0000000080033574] -> 0x006F
mem[X,0x0000000080033576] -> 0x00C0
[6384] [M]: 0x0000000080033574 (0x00C0006F) jal zero, 0xc
mem[X,0x0000000080033580] -> 0xBC23
mem[X,0x0000000080033582] -> 0x4820
[6385] [M]: 0x0000000080033580 (0x4820BC23) sd sp, 0x498(ra)
mem[0x000000008004FE70] <- 0x0000000000000002
mem[X,0x0000000080033584] -> 0x0513
mem[X,0x0000000080033586] -> 0x0040
[6386] [M]: 0x0000000080033584 (0x00400513) addi a0, zero, 0x4
x10 <- 0x0000000000000004
mem[X,0x0000000080033588] -> 0x35B7
mem[X,0x000000008003358A] -> 0x3333
[6387] [M]: 0x0000000080033588 (0x333335B7) lui a1, 0x33333
x11 <- 0x0000000033333000
mem[X,0x000000008003358C] -> 0x8593
mem[X,0x000000008003358E] -> 0x3335
[6388] [M]: 0x000000008003358C (0x33358593) addi a1, a1, 0x333
x11 <- 0x0000000033333333
mem[X,0x0000000080033590] -> 0x9593
mem[X,0x0000000080033592] -> 0x00B5
[6389] [M]: 0x0000000080033590 (0x00B59593) slli a1, a1, 0xb
x11 <- 0x0000019999999800
mem[X,0x0000000080033594] -> 0x8593
mem[X,0x0000000080033596] -> 0x1995
[6390] [M]: 0x0000000080033594 (0x19958593) addi a1, a1, 0x199
x11 <- 0x0000019999999999
mem[X,0x0000000080033598] -> 0x9593
mem[X,0x000000008003359A] -> 0x00B5
[6391] [M]: 0x0000000080033598 (0x00B59593) slli a1, a1, 0xb
x11 <- 0x000CCCCCCCCCC800
mem[X,0x000000008003359C] -> 0x8593
mem[X,0x000000008003359E] -> 0x4CC5
[6392] [M]: 0x000000008003359C (0x4CC58593) addi a1, a1, 0x4cc
x11 <- 0x000CCCCCCCCCCCCC
mem[X,0x00000000800335A0] -> 0x9593
mem[X,0x00000000800335A2] -> 0x00A5
[6393] [M]: 0x00000000800335A0 (0x00A59593) slli a1, a1, 0xa
x11 <- 0x3333333333333000
mem[X,0x00000000800335A4] -> 0x8593
mem[X,0x00000000800335A6] -> 0x3325
[6394] [M]: 0x00000000800335A4 (0x33258593) addi a1, a1, 0x332
x11 <- 0x3333333333333332
mem[X,0x00000000800335A8] -> 0x0113
mem[X,0x00000000800335AA] -> 0x0000
[6395] [M]: 0x00000000800335A8 (0x00000113) addi sp, zero, 0x0
x2 <- 0x0000000000000000
mem[X,0x00000000800335AC] -> 0x006F
mem[X,0x00000000800335AE] -> 0x0100
[6396] [M]: 0x00000000800335AC (0x0100006F) jal zero, 0x10
mem[X,0x00000000800335BC] -> 0x4AE3
mem[X,0x00000000800335BE] -> 0xFEB5
[6397] [M]: 0x00000000800335BC (0xFEB54AE3) blt a0, a1, -0xc
mem[X,0x00000000800335B0] -> 0x0113
mem[X,0x00000000800335B2] -> 0x0011
[6398] [M]: 0x00000000800335B0 (0x00110113) addi sp, sp, 0x1
x2 <- 0x0000000000000001
mem[X,0x00000000800335B4] -> 0x006F
mem[X,0x00000000800335B6] -> 0x01C0
[6399] [M]: 0x00000000800335B4 (0x01C0006F) jal zero, 0x1c
clint::tick mtime <- 0x0000000000000040
 clint timer pending at mtime 0x0000000000000040
htif::tick 0x0000000000000000
mem[X,0x00000000800335D0] -> 0xB023
mem[X,0x00000000800335D2] -> 0x4A20
[6400] [M]: 0x00000000800335D0 (0x4A20B023) sd sp, 0x4a0(ra)
mem[0x000000008004FE78] <- 0x0000000000000001
mem[X,0x00000000800335D4] -> 0x0513
mem[X,0x00000000800335D6] -> 0x0040
[6401] [M]: 0x00000000800335D4 (0x00400513) addi a0, zero, 0x4
x10 <- 0x0000000000000004
mem[X,0x00000000800335D8] -> 0x65B7
mem[X,0x00000000800335DA] -> 0x6666
[6402] [M]: 0x00000000800335D8 (0x666665B7) lui a1, 0x66666
x11 <- 0x0000000066666000
mem[X,0x00000000800335DC] -> 0x8593
mem[X,0x00000000800335DE] -> 0x6665
[6403] [M]: 0x00000000800335DC (0x66658593) addi a1, a1, 0x666
x11 <- 0x0000000066666666
mem[X,0x00000000800335E0] -> 0x9593
mem[X,0x00000000800335E2] -> 0x00B5
[6404] [M]: 0x00000000800335E0 (0x00B59593) slli a1, a1, 0xb
x11 <- 0x0000033333333000
mem[X,0x00000000800335E4] -> 0x8593
mem[X,0x00000000800335E6] -> 0x3335
[6405] [M]: 0x00000000800335E4 (0x33358593) addi a1, a1, 0x333
x11 <- 0x0000033333333333
mem[X,0x00000000800335E8] -> 0x9593
mem[X,0x00000000800335EA] -> 0x00B5
[6406] [M]: 0x00000000800335E8 (0x00B59593) slli a1, a1, 0xb
x11 <- 0x0019999999999800
mem[X,0x00000000800335EC] -> 0x8593
mem[X,0x00000000800335EE] -> 0x1995
[6407] [M]: 0x00000000800335EC (0x19958593) addi a1, a1, 0x199
x11 <- 0x0019999999999999
mem[X,0x00000000800335F0] -> 0x9593
mem[X,0x00000000800335F2] -> 0x00A5
[6408] [M]: 0x00000000800335F0 (0x00A59593) slli a1, a1, 0xa
x11 <- 0x6666666666666400
mem[X,0x00000000800335F4] -> 0x8593
mem[X,0x00000000800335F6] -> 0x2655
[6409] [M]: 0x00000000800335F4 (0x26558593) addi a1, a1, 0x265
x11 <- 0x6666666666666665
mem[X,0x00000000800335F8] -> 0x0113
mem[X,0x00000000800335FA] -> 0x0000
[6410] [M]: 0x00000000800335F8 (0x00000113) addi sp, zero, 0x0
x2 <- 0x0000000000000000
mem[X,0x00000000800335FC] -> 0x006F
mem[X,0x00000000800335FE] -> 0x0050
[6411] [M]: 0x00000000800335FC (0x0050006F) jal zero, 0x804
mem[X,0x0000000080033E00] -> 0x40E3
mem[X,0x0000000080033E02] -> 0x80B5
[6412] [M]: 0x0000000080033E00 (0x80B540E3) blt a0, a1, -0x800
mem[X,0x0000000080033600] -> 0x0113
mem[X,0x0000000080033602] -> 0x0011
[6413] [M]: 0x0000000080033600 (0x00110113) addi sp, sp, 0x1
x2 <- 0x0000000000000001
mem[X,0x0000000080033604] -> 0x006F
mem[X,0x0000000080033606] -> 0x0110
[6414] [M]: 0x0000000080033604 (0x0110006F) jal zero, 0x810
mem[X,0x0000000080033E14] -> 0xB423
mem[X,0x0000000080033E16] -> 0x4A20
[6415] [M]: 0x0000000080033E14 (0x4A20B423) sd sp, 0x4a8(ra)
mem[0x000000008004FE80] <- 0x0000000000000001
mem[X,0x0000000080033E18] -> 0x0513
mem[X,0x0000000080033E1A] -> 0x0040
[6416] [M]: 0x0000000080033E18 (0x00400513) addi a0, zero, 0x4
x10 <- 0x0000000000000004
mem[X,0x0000000080033E1C] -> 0x05B7
mem[X,0x0000000080033E1E] -> 0x0000
[6417] [M]: 0x0000000080033E1C (0x000005B7) lui a1, 0x0
x11 <- 0x0000000000000000
mem[X,0x0000000080033E20] -> 0x8593
mem[X,0x0000000080033E22] -> 0x0005
[6418] [M]: 0x0000000080033E20 (0x00058593) addi a1, a1, 0x0
x11 <- 0x0000000000000000
mem[X,0x0000000080033E24] -> 0x9593
mem[X,0x0000000080033E26] -> 0x00B5
[6419] [M]: 0x0000000080033E24 (0x00B59593) slli a1, a1, 0xb
x11 <- 0x0000000000000000
mem[X,0x0000000080033E28] -> 0x8593
mem[X,0x0000000080033E2A] -> 0x5A85
[6420] [M]: 0x0000000080033E28 (0x5A858593) addi a1, a1, 0x5a8
x11 <- 0x00000000000005A8
mem[X,0x0000000080033E2C] -> 0x9593
mem[X,0x0000000080033E2E] -> 0x00B5
[6421] [M]: 0x0000000080033E2C (0x00B59593) slli a1, a1, 0xb
x11 <- 0x00000000002D4000
mem[X,0x0000000080033E30] -> 0x8593
mem[X,0x0000000080033E32] -> 0x13C5
[6422] [M]: 0x0000000080033E30 (0x13C58593) addi a1, a1, 0x13c
x11 <- 0x00000000002D413C
mem[X,0x0000000080033E34] -> 0x9593
mem[X,0x0000000080033E36] -> 0x00A5
[6423] [M]: 0x0000000080033E34 (0x00A59593) slli a1, a1, 0xa
x11 <- 0x00000000B504F000
mem[X,0x0000000080033E38] -> 0x8593
mem[X,0x0000000080033E3A] -> 0x3325
[6424] [M]: 0x0000000080033E38 (0x33258593) addi a1, a1, 0x332
x11 <- 0x00000000B504F332
mem[X,0x0000000080033E3C] -> 0x0113
mem[X,0x0000000080033E3E] -> 0x0000
[6425] [M]: 0x0000000080033E3C (0x00000113) addi sp, zero, 0x0
x2 <- 0x0000000000000000
mem[X,0x0000000080033E40] -> 0x006F
mem[X,0x0000000080033E42] -> 0x00C0
[6426] [M]: 0x0000000080033E40 (0x00C0006F) jal zero, 0xc
mem[X,0x0000000080033E4C] -> 0x4063
mem[X,0x0000000080033E4E] -> 0x40B5
[6427] [M]: 0x0000000080033E4C (0x40B54063) blt a0, a1, 0x400
mem[X,0x000000008003424C] -> 0x0113
mem[X,0x000000008003424E] -> 0x0031
[6428] [M]: 0x000000008003424C (0x00310113) addi sp, sp, 0x3
x2 <- 0x0000000000000003
mem[X,0x0000000080034250] -> 0x006F
mem[X,0x0000000080034252] -> 0x0040
[6429] [M]: 0x0000000080034250 (0x0040006F) jal zero, 0x4
mem[X,0x0000000080034254] -> 0xB823
mem[X,0x0000000080034256] -> 0x4A20
[6430] [M]: 0x0000000080034254 (0x4A20B823) sd sp, 0x4b0(ra)
mem[0x000000008004FE88] <- 0x0000000000000003
mem[X,0x0000000080034258] -> 0x0513
mem[X,0x000000008003425A] -> 0x0040
[6431] [M]: 0x0000000080034258 (0x00400513) addi a0, zero, 0x4
x10 <- 0x0000000000000004
mem[X,0x000000008003425C] -> 0x55B7
mem[X,0x000000008003425E] -> 0x5555
[6432] [M]: 0x000000008003425C (0x555555B7) lui a1, 0x55555
x11 <- 0x0000000055555000
mem[X,0x0000000080034260] -> 0x8593
mem[X,0x0000000080034262] -> 0x5555
[6433] [M]: 0x0000000080034260 (0x55558593) addi a1, a1, 0x555
x11 <- 0x0000000055555555
mem[X,0x0000000080034264] -> 0x9593
mem[X,0x0000000080034266] -> 0x00B5
[6434] [M]: 0x0000000080034264 (0x00B59593) slli a1, a1, 0xb
x11 <- 0x000002AAAAAAA800
mem[X,0x0000000080034268] -> 0x8593
mem[X,0x000000008003426A] -> 0x2AA5
[6435] [M]: 0x0000000080034268 (0x2AA58593) addi a1, a1, 0x2aa
x11 <- 0x000002AAAAAAAAAA
mem[X,0x000000008003426C] -> 0x9593
mem[X,0x000000008003426E] -> 0x00B5
[6436] [M]: 0x000000008003426C (0x00B59593) slli a1, a1, 0xb
x11 <- 0x0015555555555000
mem[X,0x0000000080034270] -> 0x8593
mem[X,0x0000000080034272] -> 0x5555
[6437] [M]: 0x0000000080034270 (0x55558593) addi a1, a1, 0x555
x11 <- 0x0015555555555555
mem[X,0x0000000080034274] -> 0x9593
mem[X,0x0000000080034276] -> 0x00A5
[6438] [M]: 0x0000000080034274 (0x00A59593) slli a1, a1, 0xa
x11 <- 0x5555555555555400
mem[X,0x0000000080034278] -> 0x8593
mem[X,0x000000008003427A] -> 0x1565
[6439] [M]: 0x0000000080034278 (0x15658593) addi a1, a1, 0x156
x11 <- 0x5555555555555556
mem[X,0x000000008003427C] -> 0x0113
mem[X,0x000000008003427E] -> 0x0000
[6440] [M]: 0x000000008003427C (0x00000113) addi sp, zero, 0x0
x2 <- 0x0000000000000000
mem[X,0x0000000080034280] -> 0x006F
mem[X,0x0000000080034282] -> 0x00C0
[6441] [M]: 0x0000000080034280 (0x00C0006F) jal zero, 0xc
mem[X,0x000000008003428C] -> 0x4063
mem[X,0x000000008003428E] -> 0x02B5
[6442] [M]: 0x000000008003428C (0x02B54063) blt a0, a1, 0x20
mem[X,0x00000000800342AC] -> 0x0113
mem[X,0x00000000800342AE] -> 0x0031
[6443] [M]: 0x00000000800342AC (0x00310113) addi sp, sp, 0x3
x2 <- 0x0000000000000003
mem[X,0x00000000800342B0] -> 0x006F
mem[X,0x00000000800342B2] -> 0x0040
[6444] [M]: 0x00000000800342B0 (0x0040006F) jal zero, 0x4
mem[X,0x00000000800342B4] -> 0xBC23
mem[X,0x00000000800342B6] -> 0x4A20
[6445] [M]: 0x00000000800342B4 (0x4A20BC23) sd sp, 0x4b8(ra)
mem[0x000000008004FE90] <- 0x0000000000000003
mem[X,0x00000000800342B8] -> 0x0513
mem[X,0x00000000800342BA] -> 0x0040
[6446] [M]: 0x00000000800342B8 (0x00400513) addi a0, zero, 0x4
x10 <- 0x0000000000000004
mem[X,0x00000000800342BC] -> 0xB5B7
mem[X,0x00000000800342BE] -> 0xAAAA
[6447] [M]: 0x00000000800342BC (0xAAAAB5B7) lui a1, -0x55555
x11 <- 0xFFFFFFFFAAAAB000
mem[X,0x00000000800342C0] -> 0x8593
mem[X,0x00000000800342C2] -> 0xAAA5
[6448] [M]: 0x00000000800342C0 (0xAAA58593) addi a1, a1, -0x556
x11 <- 0xFFFFFFFFAAAAAAAA
mem[X,0x00000000800342C4] -> 0x9593
mem[X,0x00000000800342C6] -> 0x00B5
[6449] [M]: 0x00000000800342C4 (0x00B59593) slli a1, a1, 0xb
x11 <- 0xFFFFFD5555555000
mem[X,0x00000000800342C8] -> 0x8593
mem[X,0x00000000800342CA] -> 0x5555
[6450] [M]: 0x00000000800342C8 (0x55558593) addi a1, a1, 0x555
x11 <- 0xFFFFFD5555555555
mem[X,0x00000000800342CC] -> 0x9593
mem[X,0x00000000800342CE] -> 0x00B5
[6451] [M]: 0x00000000800342CC (0x00B59593) slli a1, a1, 0xb
x11 <- 0xFFEAAAAAAAAAA800
mem[X,0x00000000800342D0] -> 0x8593
mem[X,0x00000000800342D2] -> 0x2AA5
[6452] [M]: 0x00000000800342D0 (0x2AA58593) addi a1, a1, 0x2aa
x11 <- 0xFFEAAAAAAAAAAAAA
mem[X,0x00000000800342D4] -> 0x9593
mem[X,0x00000000800342D6] -> 0x00A5
[6453] [M]: 0x00000000800342D4 (0x00A59593) slli a1, a1, 0xa
x11 <- 0xAAAAAAAAAAAAA800
mem[X,0x00000000800342D8] -> 0x8593
mem[X,0x00000000800342DA] -> 0x2AB5
[6454] [M]: 0x00000000800342D8 (0x2AB58593) addi a1, a1, 0x2ab
x11 <- 0xAAAAAAAAAAAAAAAB
mem[X,0x00000000800342DC] -> 0x0113
mem[X,0x00000000800342DE] -> 0x0000
[6455] [M]: 0x00000000800342DC (0x00000113) addi sp, zero, 0x0
x2 <- 0x0000000000000000
mem[X,0x00000000800342E0] -> 0x006F
mem[X,0x00000000800342E2] -> 0x00C0
[6456] [M]: 0x00000000800342E0 (0x00C0006F) jal zero, 0xc
mem[X,0x00000000800342EC] -> 0x4063
mem[X,0x00000000800342EE] -> 0x04B5
[6457] [M]: 0x00000000800342EC (0x04B54063) blt a0, a1, 0x40
mem[X,0x00000000800342F0] -> 0x0113
mem[X,0x00000000800342F2] -> 0x0021
[6458] [M]: 0x00000000800342F0 (0x00210113) addi sp, sp, 0x2
x2 <- 0x0000000000000002
mem[X,0x00000000800342F4] -> 0x006F
mem[X,0x00000000800342F6] -> 0x0400
[6459] [M]: 0x00000000800342F4 (0x0400006F) jal zero, 0x40
mem[X,0x0000000080034334] -> 0xB023
mem[X,0x0000000080034336] -> 0x4C20
[6460] [M]: 0x0000000080034334 (0x4C20B023) sd sp, 0x4c0(ra)
mem[0x000000008004FE98] <- 0x0000000000000002
mem[X,0x0000000080034338] -> 0x0513
mem[X,0x000000008003433A] -> 0x0040
[6461] [M]: 0x0000000080034338 (0x00400513) addi a0, zero, 0x4
x10 <- 0x0000000000000004
mem[X,0x000000008003433C] -> 0x0593
mem[X,0x000000008003433E] -> 0x0060
[6462] [M]: 0x000000008003433C (0x00600593) addi a1, zero, 0x6
x11 <- 0x0000000000000006
mem[X,0x0000000080034340] -> 0x0113
mem[X,0x0000000080034342] -> 0x0000
[6463] [M]: 0x0000000080034340 (0x00000113) addi sp, zero, 0x0
x2 <- 0x0000000000000000
mem[X,0x0000000080034344] -> 0x006F
mem[X,0x0000000080034346] -> 0x00C0
[6464] [M]: 0x0000000080034344 (0x00C0006F) jal zero, 0xc
mem[X,0x0000000080034350] -> 0x4063
mem[X,0x0000000080034352] -> 0x10B5
[6465] [M]: 0x0000000080034350 (0x10B54063) blt a0, a1, 0x100
mem[X,0x0000000080034450] -> 0x0113
mem[X,0x0000000080034452] -> 0x0031
[6466] [M]: 0x0000000080034450 (0x00310113) addi sp, sp, 0x3
x2 <- 0x0000000000000003
mem[X,0x0000000080034454] -> 0x006F
mem[X,0x0000000080034456] -> 0x0040
[6467] [M]: 0x0000000080034454 (0x0040006F) jal zero, 0x4
mem[X,0x0000000080034458] -> 0xB423
mem[X,0x000000008003445A] -> 0x4C20
[6468] [M]: 0x0000000080034458 (0x4C20B423) sd sp, 0x4c8(ra)
mem[0x000000008004FEA0] <- 0x0000000000000003
mem[X,0x000000008003445C] -> 0x0513
mem[X,0x000000008003445E] -> 0x0040
[6469] [M]: 0x000000008003445C (0x00400513) addi a0, zero, 0x4
x10 <- 0x0000000000000004
mem[X,0x0000000080034460] -> 0x35B7
mem[X,0x0000000080034462] -> 0x3333
[6470] [M]: 0x0000000080034460 (0x333335B7) lui a1, 0x33333
x11 <- 0x0000000033333000
mem[X,0x0000000080034464] -> 0x8593
mem[X,0x0000000080034466] -> 0x3335
[6471] [M]: 0x0000000080034464 (0x33358593) addi a1, a1, 0x333
x11 <- 0x0000000033333333
mem[X,0x0000000080034468] -> 0x9593
mem[X,0x000000008003446A] -> 0x00B5
[6472] [M]: 0x0000000080034468 (0x00B59593) slli a1, a1, 0xb
x11 <- 0x0000019999999800
mem[X,0x000000008003446C] -> 0x8593
mem[X,0x000000008003446E] -> 0x1995
[6473] [M]: 0x000000008003446C (0x19958593) addi a1, a1, 0x199
x11 <- 0x0000019999999999
mem[X,0x0000000080034470] -> 0x9593
mem[X,0x0000000080034472] -> 0x00B5
[6474] [M]: 0x0000000080034470 (0x00B59593) slli a1, a1, 0xb
x11 <- 0x000CCCCCCCCCC800
mem[X,0x0000000080034474] -> 0x8593
mem[X,0x0000000080034476] -> 0x4CC5
[6475] [M]: 0x0000000080034474 (0x4CC58593) addi a1, a1, 0x4cc
x11 <- 0x000CCCCCCCCCCCCC
mem[X,0x0000000080034478] -> 0x9593
mem[X,0x000000008003447A] -> 0x00A5
[6476] [M]: 0x0000000080034478 (0x00A59593) slli a1, a1, 0xa
x11 <- 0x3333333333333000
mem[X,0x000000008003447C] -> 0x8593
mem[X,0x000000008003447E] -> 0x3345
[6477] [M]: 0x000000008003447C (0x33458593) addi a1, a1, 0x334
x11 <- 0x3333333333333334
mem[X,0x0000000080034480] -> 0x0113
mem[X,0x0000000080034482] -> 0x0000
[6478] [M]: 0x0000000080034480 (0x00000113) addi sp, zero, 0x0
x2 <- 0x0000000000000000
mem[X,0x0000000080034484] -> 0x006F
mem[X,0x0000000080034486] -> 0x2B10
[6479] [M]: 0x0000000080034484 (0x2B10006F) jal zero, 0xab0
mem[X,0x0000000080034F34] -> 0x4A63
mem[X,0x0000000080034F36] -> 0xD4B5
[6480] [M]: 0x0000000080034F34 (0xD4B54A63) blt a0, a1, -0xaac
mem[X,0x0000000080034488] -> 0x0113
mem[X,0x000000008003448A] -> 0x0011
[6481] [M]: 0x0000000080034488 (0x00110113) addi sp, sp, 0x1
x2 <- 0x0000000000000001
mem[X,0x000000008003448C] -> 0x006F
mem[X,0x000000008003448E] -> 0x2BD0
[6482] [M]: 0x000000008003448C (0x2BD0006F) jal zero, 0xabc
mem[X,0x0000000080034F48] -> 0xB823
mem[X,0x0000000080034F4A] -> 0x4C20
[6483] [M]: 0x0000000080034F48 (0x4C20B823) sd sp, 0x4d0(ra)
mem[0x000000008004FEA8] <- 0x0000000000000001
mem[X,0x0000000080034F4C] -> 0x0513
mem[X,0x0000000080034F4E] -> 0x0040
[6484] [M]: 0x0000000080034F4C (0x00400513) addi a0, zero, 0x4
x10 <- 0x0000000000000004
mem[X,0x0000000080034F50] -> 0x65B7
mem[X,0x0000000080034F52] -> 0x6666
[6485] [M]: 0x0000000080034F50 (0x666665B7) lui a1, 0x66666
x11 <- 0x0000000066666000
mem[X,0x0000000080034F54] -> 0x8593
mem[X,0x0000000080034F56] -> 0x6665
[6486] [M]: 0x0000000080034F54 (0x66658593) addi a1, a1, 0x666
x11 <- 0x0000000066666666
mem[X,0x0000000080034F58] -> 0x9593
mem[X,0x0000000080034F5A] -> 0x00B5
[6487] [M]: 0x0000000080034F58 (0x00B59593) slli a1, a1, 0xb
x11 <- 0x0000033333333000
mem[X,0x0000000080034F5C] -> 0x8593
mem[X,0x0000000080034F5E] -> 0x3335
[6488] [M]: 0x0000000080034F5C (0x33358593) addi a1, a1, 0x333
x11 <- 0x0000033333333333
mem[X,0x0000000080034F60] -> 0x9593
mem[X,0x0000000080034F62] -> 0x00B5
[6489] [M]: 0x0000000080034F60 (0x00B59593) slli a1, a1, 0xb
x11 <- 0x0019999999999800
mem[X,0x0000000080034F64] -> 0x8593
mem[X,0x0000000080034F66] -> 0x1995
[6490] [M]: 0x0000000080034F64 (0x19958593) addi a1, a1, 0x199
x11 <- 0x0019999999999999
mem[X,0x0000000080034F68] -> 0x9593
mem[X,0x0000000080034F6A] -> 0x00A5
[6491] [M]: 0x0000000080034F68 (0x00A59593) slli a1, a1, 0xa
x11 <- 0x6666666666666400
mem[X,0x0000000080034F6C] -> 0x8593
mem[X,0x0000000080034F6E] -> 0x2675
[6492] [M]: 0x0000000080034F6C (0x26758593) addi a1, a1, 0x267
x11 <- 0x6666666666666667
mem[X,0x0000000080034F70] -> 0x0113
mem[X,0x0000000080034F72] -> 0x0000
[6493] [M]: 0x0000000080034F70 (0x00000113) addi sp, zero, 0x0
x2 <- 0x0000000000000000
mem[X,0x0000000080034F74] -> 0x006F
mem[X,0x0000000080034F76] -> 0x00C0
[6494] [M]: 0x0000000080034F74 (0x00C0006F) jal zero, 0xc
mem[X,0x0000000080034F80] -> 0x4663
mem[X,0x0000000080034F82] -> 0x00B5
[6495] [M]: 0x0000000080034F80 (0x00B54663) blt a0, a1, 0xc
mem[X,0x0000000080034F8C] -> 0x0113
mem[X,0x0000000080034F8E] -> 0x0031
[6496] [M]: 0x0000000080034F8C (0x00310113) addi sp, sp, 0x3
x2 <- 0x0000000000000003
mem[X,0x0000000080034F90] -> 0x006F
mem[X,0x0000000080034F92] -> 0x0040
[6497] [M]: 0x0000000080034F90 (0x0040006F) jal zero, 0x4
mem[X,0x0000000080034F94] -> 0xBC23
mem[X,0x0000000080034F96] -> 0x4C20
[6498] [M]: 0x0000000080034F94 (0x4C20BC23) sd sp, 0x4d8(ra)
mem[0x000000008004FEB0] <- 0x0000000000000003
mem[X,0x0000000080034F98] -> 0x0513
mem[X,0x0000000080034F9A] -> 0x0040
[6499] [M]: 0x0000000080034F98 (0x00400513) addi a0, zero, 0x4
x10 <- 0x0000000000000004
clint::tick mtime <- 0x0000000000000041
 clint timer pending at mtime 0x0000000000000041
htif::tick 0x0000000000000000
mem[X,0x0000000080034F9C] -> 0x05B7
mem[X,0x0000000080034F9E] -> 0x0000
[6500] [M]: 0x0000000080034F9C (0x000005B7) lui a1, 0x0
x11 <- 0x0000000000000000
mem[X,0x0000000080034FA0] -> 0x8593
mem[X,0x0000000080034FA2] -> 0xFFF5
[6501] [M]: 0x0000000080034FA0 (0xFFF58593) addi a1, a1, -0x1
x11 <- 0xFFFFFFFFFFFFFFFF
mem[X,0x0000000080034FA4] -> 0x9593
mem[X,0x0000000080034FA6] -> 0x00B5
[6502] [M]: 0x0000000080034FA4 (0x00B59593) slli a1, a1, 0xb
x11 <- 0xFFFFFFFFFFFFF800
mem[X,0x0000000080034FA8] -> 0x8593
mem[X,0x0000000080034FAA] -> 0x2575
[6503] [M]: 0x0000000080034FA8 (0x25758593) addi a1, a1, 0x257
x11 <- 0xFFFFFFFFFFFFFA57
mem[X,0x0000000080034FAC] -> 0x9593
mem[X,0x0000000080034FAE] -> 0x00B5
[6504] [M]: 0x0000000080034FAC (0x00B59593) slli a1, a1, 0xb
x11 <- 0xFFFFFFFFFFD2B800
mem[X,0x0000000080034FB0] -> 0x8593
mem[X,0x0000000080034FB2] -> 0x6C35
[6505] [M]: 0x0000000080034FB0 (0x6C358593) addi a1, a1, 0x6c3
x11 <- 0xFFFFFFFFFFD2BEC3
mem[X,0x0000000080034FB4] -> 0x9593
mem[X,0x0000000080034FB6] -> 0x00A5
[6506] [M]: 0x0000000080034FB4 (0x00A59593) slli a1, a1, 0xa
x11 <- 0xFFFFFFFF4AFB0C00
mem[X,0x0000000080034FB8] -> 0x8593
mem[X,0x0000000080034FBA] -> 0x0CE5
[6507] [M]: 0x0000000080034FB8 (0x0CE58593) addi a1, a1, 0xce
x11 <- 0xFFFFFFFF4AFB0CCE
mem[X,0x0000000080034FBC] -> 0x0113
mem[X,0x0000000080034FBE] -> 0x0000
[6508] [M]: 0x0000000080034FBC (0x00000113) addi sp, zero, 0x0
x2 <- 0x0000000000000000
mem[X,0x0000000080034FC0] -> 0x006F
mem[X,0x0000000080034FC2] -> 0x00C0
[6509] [M]: 0x0000000080034FC0 (0x00C0006F) jal zero, 0xc
mem[X,0x0000000080034FCC] -> 0x4663
mem[X,0x0000000080034FCE] -> 0x00B5
[6510] [M]: 0x0000000080034FCC (0x00B54663) blt a0, a1, 0xc
mem[X,0x0000000080034FD0] -> 0x0113
mem[X,0x0000000080034FD2] -> 0x0021
[6511] [M]: 0x0000000080034FD0 (0x00210113) addi sp, sp, 0x2
x2 <- 0x0000000000000002
mem[X,0x0000000080034FD4] -> 0x006F
mem[X,0x0000000080034FD6] -> 0x00C0
[6512] [M]: 0x0000000080034FD4 (0x00C0006F) jal zero, 0xc
mem[X,0x0000000080034FE0] -> 0xB023
mem[X,0x0000000080034FE2] -> 0x4E20
[6513] [M]: 0x0000000080034FE0 (0x4E20B023) sd sp, 0x4e0(ra)
mem[0x000000008004FEB8] <- 0x0000000000000002
mem[X,0x0000000080034FE4] -> 0x0513
mem[X,0x0000000080034FE6] -> 0x0040
[6514] [M]: 0x0000000080034FE4 (0x00400513) addi a0, zero, 0x4
x10 <- 0x0000000000000004
mem[X,0x0000000080034FE8] -> 0x05B7
mem[X,0x0000000080034FEA] -> 0x0000
[6515] [M]: 0x0000000080034FE8 (0x000005B7) lui a1, 0x0
x11 <- 0x0000000000000000
mem[X,0x0000000080034FEC] -> 0x8593
mem[X,0x0000000080034FEE] -> 0x0005
[6516] [M]: 0x0000000080034FEC (0x00058593) addi a1, a1, 0x0
x11 <- 0x0000000000000000
mem[X,0x0000000080034FF0] -> 0x9593
mem[X,0x0000000080034FF2] -> 0x00B5
[6517] [M]: 0x0000000080034FF0 (0x00B59593) slli a1, a1, 0xb
x11 <- 0x0000000000000000
mem[X,0x0000000080034FF4] -> 0x8593
mem[X,0x0000000080034FF6] -> 0x5A85
[6518] [M]: 0x0000000080034FF4 (0x5A858593) addi a1, a1, 0x5a8
x11 <- 0x00000000000005A8
mem[X,0x0000000080034FF8] -> 0x9593
mem[X,0x0000000080034FFA] -> 0x00B5
[6519] [M]: 0x0000000080034FF8 (0x00B59593) slli a1, a1, 0xb
x11 <- 0x00000000002D4000
mem[X,0x0000000080034FFC] -> 0x8593
mem[X,0x0000000080034FFE] -> 0x13C5
[6520] [M]: 0x0000000080034FFC (0x13C58593) addi a1, a1, 0x13c
x11 <- 0x00000000002D413C
mem[X,0x0000000080035000] -> 0x9593
mem[X,0x0000000080035002] -> 0x00A5
[6521] [M]: 0x0000000080035000 (0x00A59593) slli a1, a1, 0xa
x11 <- 0x00000000B504F000
mem[X,0x0000000080035004] -> 0x8593
mem[X,0x0000000080035006] -> 0x3345
[6522] [M]: 0x0000000080035004 (0x33458593) addi a1, a1, 0x334
x11 <- 0x00000000B504F334
mem[X,0x0000000080035008] -> 0x0113
mem[X,0x000000008003500A] -> 0x0000
[6523] [M]: 0x0000000080035008 (0x00000113) addi sp, zero, 0x0
x2 <- 0x0000000000000000
mem[X,0x000000008003500C] -> 0x006F
mem[X,0x000000008003500E] -> 0x00C0
[6524] [M]: 0x000000008003500C (0x00C0006F) jal zero, 0xc
mem[X,0x0000000080035018] -> 0x4063
mem[X,0x000000008003501A] -> 0x08B5
[6525] [M]: 0x0000000080035018 (0x08B54063) blt a0, a1, 0x80
mem[X,0x0000000080035098] -> 0x0113
mem[X,0x000000008003509A] -> 0x0031
[6526] [M]: 0x0000000080035098 (0x00310113) addi sp, sp, 0x3
x2 <- 0x0000000000000003
mem[X,0x000000008003509C] -> 0x006F
mem[X,0x000000008003509E] -> 0x0040
[6527] [M]: 0x000000008003509C (0x0040006F) jal zero, 0x4
mem[X,0x00000000800350A0] -> 0xB423
mem[X,0x00000000800350A2] -> 0x4E20
[6528] [M]: 0x00000000800350A0 (0x4E20B423) sd sp, 0x4e8(ra)
mem[0x000000008004FEC0] <- 0x0000000000000003
mem[X,0x00000000800350A4] -> 0x3537
mem[X,0x00000000800350A6] -> 0x3333
[6529] [M]: 0x00000000800350A4 (0x33333537) lui a0, 0x33333
x10 <- 0x0000000033333000
mem[X,0x00000000800350A8] -> 0x0513
mem[X,0x00000000800350AA] -> 0x3335
[6530] [M]: 0x00000000800350A8 (0x33350513) addi a0, a0, 0x333
x10 <- 0x0000000033333333
mem[X,0x00000000800350AC] -> 0x1513
mem[X,0x00000000800350AE] -> 0x00B5
[6531] [M]: 0x00000000800350AC (0x00B51513) slli a0, a0, 0xb
x10 <- 0x0000019999999800
mem[X,0x00000000800350B0] -> 0x0513
mem[X,0x00000000800350B2] -> 0x1995
[6532] [M]: 0x00000000800350B0 (0x19950513) addi a0, a0, 0x199
x10 <- 0x0000019999999999
mem[X,0x00000000800350B4] -> 0x1513
mem[X,0x00000000800350B6] -> 0x00B5
[6533] [M]: 0x00000000800350B4 (0x00B51513) slli a0, a0, 0xb
x10 <- 0x000CCCCCCCCCC800
mem[X,0x00000000800350B8] -> 0x0513
mem[X,0x00000000800350BA] -> 0x4CC5
[6534] [M]: 0x00000000800350B8 (0x4CC50513) addi a0, a0, 0x4cc
x10 <- 0x000CCCCCCCCCCCCC
mem[X,0x00000000800350BC] -> 0x1513
mem[X,0x00000000800350BE] -> 0x00A5
[6535] [M]: 0x00000000800350BC (0x00A51513) slli a0, a0, 0xa
x10 <- 0x3333333333333000
mem[X,0x00000000800350C0] -> 0x0513
mem[X,0x00000000800350C2] -> 0x3325
[6536] [M]: 0x00000000800350C0 (0x33250513) addi a0, a0, 0x332
x10 <- 0x3333333333333332
mem[X,0x00000000800350C4] -> 0x0593
mem[X,0x00000000800350C6] -> 0x0030
[6537] [M]: 0x00000000800350C4 (0x00300593) addi a1, zero, 0x3
x11 <- 0x0000000000000003
mem[X,0x00000000800350C8] -> 0x0113
mem[X,0x00000000800350CA] -> 0x0000
[6538] [M]: 0x00000000800350C8 (0x00000113) addi sp, zero, 0x0
x2 <- 0x0000000000000000
mem[X,0x00000000800350CC] -> 0x006F
mem[X,0x00000000800350CE] -> 0x00C0
[6539] [M]: 0x00000000800350CC (0x00C0006F) jal zero, 0xc
mem[X,0x00000000800350D8] -> 0x4663
mem[X,0x00000000800350DA] -> 0x00B5
[6540] [M]: 0x00000000800350D8 (0x00B54663) blt a0, a1, 0xc
mem[X,0x00000000800350DC] -> 0x0113
mem[X,0x00000000800350DE] -> 0x0021
[6541] [M]: 0x00000000800350DC (0x00210113) addi sp, sp, 0x2
x2 <- 0x0000000000000002
mem[X,0x00000000800350E0] -> 0x006F
mem[X,0x00000000800350E2] -> 0x00C0
[6542] [M]: 0x00000000800350E0 (0x00C0006F) jal zero, 0xc
mem[X,0x00000000800350EC] -> 0xB823
mem[X,0x00000000800350EE] -> 0x4E20
[6543] [M]: 0x00000000800350EC (0x4E20B823) sd sp, 0x4f0(ra)
mem[0x000000008004FEC8] <- 0x0000000000000002
mem[X,0x00000000800350F0] -> 0x3537
mem[X,0x00000000800350F2] -> 0x3333
[6544] [M]: 0x00000000800350F0 (0x33333537) lui a0, 0x33333
x10 <- 0x0000000033333000
mem[X,0x00000000800350F4] -> 0x0513
mem[X,0x00000000800350F6] -> 0x3335
[6545] [M]: 0x00000000800350F4 (0x33350513) addi a0, a0, 0x333
x10 <- 0x0000000033333333
mem[X,0x00000000800350F8] -> 0x1513
mem[X,0x00000000800350FA] -> 0x00B5
[6546] [M]: 0x00000000800350F8 (0x00B51513) slli a0, a0, 0xb
x10 <- 0x0000019999999800
mem[X,0x00000000800350FC] -> 0x0513
mem[X,0x00000000800350FE] -> 0x1995
[6547] [M]: 0x00000000800350FC (0x19950513) addi a0, a0, 0x199
x10 <- 0x0000019999999999
mem[X,0x0000000080035100] -> 0x1513
mem[X,0x0000000080035102] -> 0x00B5
[6548] [M]: 0x0000000080035100 (0x00B51513) slli a0, a0, 0xb
x10 <- 0x000CCCCCCCCCC800
mem[X,0x0000000080035104] -> 0x0513
mem[X,0x0000000080035106] -> 0x4CC5
[6549] [M]: 0x0000000080035104 (0x4CC50513) addi a0, a0, 0x4cc
x10 <- 0x000CCCCCCCCCCCCC
mem[X,0x0000000080035108] -> 0x1513
mem[X,0x000000008003510A] -> 0x00A5
[6550] [M]: 0x0000000080035108 (0x00A51513) slli a0, a0, 0xa
x10 <- 0x3333333333333000
mem[X,0x000000008003510C] -> 0x0513
mem[X,0x000000008003510E] -> 0x3325
[6551] [M]: 0x000000008003510C (0x33250513) addi a0, a0, 0x332
x10 <- 0x3333333333333332
mem[X,0x0000000080035110] -> 0x55B7
mem[X,0x0000000080035112] -> 0x5555
[6552] [M]: 0x0000000080035110 (0x555555B7) lui a1, 0x55555
x11 <- 0x0000000055555000
mem[X,0x0000000080035114] -> 0x8593
mem[X,0x0000000080035116] -> 0x5555
[6553] [M]: 0x0000000080035114 (0x55558593) addi a1, a1, 0x555
x11 <- 0x0000000055555555
mem[X,0x0000000080035118] -> 0x9593
mem[X,0x000000008003511A] -> 0x00B5
[6554] [M]: 0x0000000080035118 (0x00B59593) slli a1, a1, 0xb
x11 <- 0x000002AAAAAAA800
mem[X,0x000000008003511C] -> 0x8593
mem[X,0x000000008003511E] -> 0x2AA5
[6555] [M]: 0x000000008003511C (0x2AA58593) addi a1, a1, 0x2aa
x11 <- 0x000002AAAAAAAAAA
mem[X,0x0000000080035120] -> 0x9593
mem[X,0x0000000080035122] -> 0x00B5
[6556] [M]: 0x0000000080035120 (0x00B59593) slli a1, a1, 0xb
x11 <- 0x0015555555555000
mem[X,0x0000000080035124] -> 0x8593
mem[X,0x0000000080035126] -> 0x5555
[6557] [M]: 0x0000000080035124 (0x55558593) addi a1, a1, 0x555
x11 <- 0x0015555555555555
mem[X,0x0000000080035128] -> 0x9593
mem[X,0x000000008003512A] -> 0x00A5
[6558] [M]: 0x0000000080035128 (0x00A59593) slli a1, a1, 0xa
x11 <- 0x5555555555555400
mem[X,0x000000008003512C] -> 0x8593
mem[X,0x000000008003512E] -> 0x1555
[6559] [M]: 0x000000008003512C (0x15558593) addi a1, a1, 0x155
x11 <- 0x5555555555555555
mem[X,0x0000000080035130] -> 0x0113
mem[X,0x0000000080035132] -> 0x0000
[6560] [M]: 0x0000000080035130 (0x00000113) addi sp, zero, 0x0
x2 <- 0x0000000000000000
mem[X,0x0000000080035134] -> 0x006F
mem[X,0x0000000080035136] -> 0x00C0
[6561] [M]: 0x0000000080035134 (0x00C0006F) jal zero, 0xc
mem[X,0x0000000080035140] -> 0x4863
mem[X,0x0000000080035142] -> 0x00B5
[6562] [M]: 0x0000000080035140 (0x00B54863) blt a0, a1, 0x10
mem[X,0x0000000080035150] -> 0x0113
mem[X,0x0000000080035152] -> 0x0031
[6563] [M]: 0x0000000080035150 (0x00310113) addi sp, sp, 0x3
x2 <- 0x0000000000000003
mem[X,0x0000000080035154] -> 0x006F
mem[X,0x0000000080035156] -> 0x0040
[6564] [M]: 0x0000000080035154 (0x0040006F) jal zero, 0x4
mem[X,0x0000000080035158] -> 0xBC23
mem[X,0x000000008003515A] -> 0x4E20
[6565] [M]: 0x0000000080035158 (0x4E20BC23) sd sp, 0x4f8(ra)
mem[0x000000008004FED0] <- 0x0000000000000003
mem[X,0x000000008003515C] -> 0x3537
mem[X,0x000000008003515E] -> 0x3333
[6566] [M]: 0x000000008003515C (0x33333537) lui a0, 0x33333
x10 <- 0x0000000033333000
mem[X,0x0000000080035160] -> 0x0513
mem[X,0x0000000080035162] -> 0x3335
[6567] [M]: 0x0000000080035160 (0x33350513) addi a0, a0, 0x333
x10 <- 0x0000000033333333
mem[X,0x0000000080035164] -> 0x1513
mem[X,0x0000000080035166] -> 0x00B5
[6568] [M]: 0x0000000080035164 (0x00B51513) slli a0, a0, 0xb
x10 <- 0x0000019999999800
mem[X,0x0000000080035168] -> 0x0513
mem[X,0x000000008003516A] -> 0x1995
[6569] [M]: 0x0000000080035168 (0x19950513) addi a0, a0, 0x199
x10 <- 0x0000019999999999
mem[X,0x000000008003516C] -> 0x1513
mem[X,0x000000008003516E] -> 0x00B5
[6570] [M]: 0x000000008003516C (0x00B51513) slli a0, a0, 0xb
x10 <- 0x000CCCCCCCCCC800
mem[X,0x0000000080035170] -> 0x0513
mem[X,0x0000000080035172] -> 0x4CC5
[6571] [M]: 0x0000000080035170 (0x4CC50513) addi a0, a0, 0x4cc
x10 <- 0x000CCCCCCCCCCCCC
mem[X,0x0000000080035174] -> 0x1513
mem[X,0x0000000080035176] -> 0x00A5
[6572] [M]: 0x0000000080035174 (0x00A51513) slli a0, a0, 0xa
x10 <- 0x3333333333333000
mem[X,0x0000000080035178] -> 0x0513
mem[X,0x000000008003517A] -> 0x3325
[6573] [M]: 0x0000000080035178 (0x33250513) addi a0, a0, 0x332
x10 <- 0x3333333333333332
mem[X,0x000000008003517C] -> 0xB5B7
mem[X,0x000000008003517E] -> 0xAAAA
[6574] [M]: 0x000000008003517C (0xAAAAB5B7) lui a1, -0x55555
x11 <- 0xFFFFFFFFAAAAB000
mem[X,0x0000000080035180] -> 0x8593
mem[X,0x0000000080035182] -> 0xAAA5
[6575] [M]: 0x0000000080035180 (0xAAA58593) addi a1, a1, -0x556
x11 <- 0xFFFFFFFFAAAAAAAA
mem[X,0x0000000080035184] -> 0x9593
mem[X,0x0000000080035186] -> 0x00B5
[6576] [M]: 0x0000000080035184 (0x00B59593) slli a1, a1, 0xb
x11 <- 0xFFFFFD5555555000
mem[X,0x0000000080035188] -> 0x8593
mem[X,0x000000008003518A] -> 0x5555
[6577] [M]: 0x0000000080035188 (0x55558593) addi a1, a1, 0x555
x11 <- 0xFFFFFD5555555555
mem[X,0x000000008003518C] -> 0x9593
mem[X,0x000000008003518E] -> 0x00B5
[6578] [M]: 0x000000008003518C (0x00B59593) slli a1, a1, 0xb
x11 <- 0xFFEAAAAAAAAAA800
mem[X,0x0000000080035190] -> 0x8593
mem[X,0x0000000080035192] -> 0x2AA5
[6579] [M]: 0x0000000080035190 (0x2AA58593) addi a1, a1, 0x2aa
x11 <- 0xFFEAAAAAAAAAAAAA
mem[X,0x0000000080035194] -> 0x9593
mem[X,0x0000000080035196] -> 0x00A5
[6580] [M]: 0x0000000080035194 (0x00A59593) slli a1, a1, 0xa
x11 <- 0xAAAAAAAAAAAAA800
mem[X,0x0000000080035198] -> 0x8593
mem[X,0x000000008003519A] -> 0x2AA5
[6581] [M]: 0x0000000080035198 (0x2AA58593) addi a1, a1, 0x2aa
x11 <- 0xAAAAAAAAAAAAAAAA
mem[X,0x000000008003519C] -> 0x0113
mem[X,0x000000008003519E] -> 0x0000
[6582] [M]: 0x000000008003519C (0x00000113) addi sp, zero, 0x0
x2 <- 0x0000000000000000
mem[X,0x00000000800351A0] -> 0x006F
mem[X,0x00000000800351A2] -> 0x00C0
[6583] [M]: 0x00000000800351A0 (0x00C0006F) jal zero, 0xc
mem[X,0x00000000800351AC] -> 0x4063
mem[X,0x00000000800351AE] -> 0x10B5
[6584] [M]: 0x00000000800351AC (0x10B54063) blt a0, a1, 0x100
mem[X,0x00000000800351B0] -> 0x0113
mem[X,0x00000000800351B2] -> 0x0021
[6585] [M]: 0x00000000800351B0 (0x00210113) addi sp, sp, 0x2
x2 <- 0x0000000000000002
mem[X,0x00000000800351B4] -> 0x006F
mem[X,0x00000000800351B6] -> 0x1000
[6586] [M]: 0x00000000800351B4 (0x1000006F) jal zero, 0x100
mem[X,0x00000000800352B4] -> 0xB023
mem[X,0x00000000800352B6] -> 0x5020
[6587] [M]: 0x00000000800352B4 (0x5020B023) sd sp, 0x500(ra)
mem[0x000000008004FED8] <- 0x0000000000000002
mem[X,0x00000000800352B8] -> 0x3537
mem[X,0x00000000800352BA] -> 0x3333
[6588] [M]: 0x00000000800352B8 (0x33333537) lui a0, 0x33333
x10 <- 0x0000000033333000
mem[X,0x00000000800352BC] -> 0x0513
mem[X,0x00000000800352BE] -> 0x3335
[6589] [M]: 0x00000000800352BC (0x33350513) addi a0, a0, 0x333
x10 <- 0x0000000033333333
mem[X,0x00000000800352C0] -> 0x1513
mem[X,0x00000000800352C2] -> 0x00B5
[6590] [M]: 0x00000000800352C0 (0x00B51513) slli a0, a0, 0xb
x10 <- 0x0000019999999800
mem[X,0x00000000800352C4] -> 0x0513
mem[X,0x00000000800352C6] -> 0x1995
[6591] [M]: 0x00000000800352C4 (0x19950513) addi a0, a0, 0x199
x10 <- 0x0000019999999999
mem[X,0x00000000800352C8] -> 0x1513
mem[X,0x00000000800352CA] -> 0x00B5
[6592] [M]: 0x00000000800352C8 (0x00B51513) slli a0, a0, 0xb
x10 <- 0x000CCCCCCCCCC800
mem[X,0x00000000800352CC] -> 0x0513
mem[X,0x00000000800352CE] -> 0x4CC5
[6593] [M]: 0x00000000800352CC (0x4CC50513) addi a0, a0, 0x4cc
x10 <- 0x000CCCCCCCCCCCCC
mem[X,0x00000000800352D0] -> 0x1513
mem[X,0x00000000800352D2] -> 0x00A5
[6594] [M]: 0x00000000800352D0 (0x00A51513) slli a0, a0, 0xa
x10 <- 0x3333333333333000
mem[X,0x00000000800352D4] -> 0x0513
mem[X,0x00000000800352D6] -> 0x3325
[6595] [M]: 0x00000000800352D4 (0x33250513) addi a0, a0, 0x332
x10 <- 0x3333333333333332
mem[X,0x00000000800352D8] -> 0x0593
mem[X,0x00000000800352DA] -> 0x0050
[6596] [M]: 0x00000000800352D8 (0x00500593) addi a1, zero, 0x5
x11 <- 0x0000000000000005
mem[X,0x00000000800352DC] -> 0x0113
mem[X,0x00000000800352DE] -> 0x0000
[6597] [M]: 0x00000000800352DC (0x00000113) addi sp, zero, 0x0
x2 <- 0x0000000000000000
mem[X,0x00000000800352E0] -> 0x006F
mem[X,0x00000000800352E2] -> 0x00C0
[6598] [M]: 0x00000000800352E0 (0x00C0006F) jal zero, 0xc
mem[X,0x00000000800352EC] -> 0x4CE3
mem[X,0x00000000800352EE] -> 0xFEB5
[6599] [M]: 0x00000000800352EC (0xFEB54CE3) blt a0, a1, -0x8
clint::tick mtime <- 0x0000000000000042
 clint timer pending at mtime 0x0000000000000042
htif::tick 0x0000000000000000
mem[X,0x00000000800352F0] -> 0x0113
mem[X,0x00000000800352F2] -> 0x0021
[6600] [M]: 0x00000000800352F0 (0x00210113) addi sp, sp, 0x2
x2 <- 0x0000000000000002
mem[X,0x00000000800352F4] -> 0x006F
mem[X,0x00000000800352F6] -> 0x00C0
[6601] [M]: 0x00000000800352F4 (0x00C0006F) jal zero, 0xc
mem[X,0x0000000080035300] -> 0xB423
mem[X,0x0000000080035302] -> 0x5020
[6602] [M]: 0x0000000080035300 (0x5020B423) sd sp, 0x508(ra)
mem[0x000000008004FEE0] <- 0x0000000000000002
mem[X,0x0000000080035304] -> 0x3537
mem[X,0x0000000080035306] -> 0x3333
[6603] [M]: 0x0000000080035304 (0x33333537) lui a0, 0x33333
x10 <- 0x0000000033333000
mem[X,0x0000000080035308] -> 0x0513
mem[X,0x000000008003530A] -> 0x3335
[6604] [M]: 0x0000000080035308 (0x33350513) addi a0, a0, 0x333
x10 <- 0x0000000033333333
mem[X,0x000000008003530C] -> 0x1513
mem[X,0x000000008003530E] -> 0x00B5
[6605] [M]: 0x000000008003530C (0x00B51513) slli a0, a0, 0xb
x10 <- 0x0000019999999800
mem[X,0x0000000080035310] -> 0x0513
mem[X,0x0000000080035312] -> 0x1995
[6606] [M]: 0x0000000080035310 (0x19950513) addi a0, a0, 0x199
x10 <- 0x0000019999999999
mem[X,0x0000000080035314] -> 0x1513
mem[X,0x0000000080035316] -> 0x00B5
[6607] [M]: 0x0000000080035314 (0x00B51513) slli a0, a0, 0xb
x10 <- 0x000CCCCCCCCCC800
mem[X,0x0000000080035318] -> 0x0513
mem[X,0x000000008003531A] -> 0x4CC5
[6608] [M]: 0x0000000080035318 (0x4CC50513) addi a0, a0, 0x4cc
x10 <- 0x000CCCCCCCCCCCCC
mem[X,0x000000008003531C] -> 0x1513
mem[X,0x000000008003531E] -> 0x00A5
[6609] [M]: 0x000000008003531C (0x00A51513) slli a0, a0, 0xa
x10 <- 0x3333333333333000
mem[X,0x0000000080035320] -> 0x0513
mem[X,0x0000000080035322] -> 0x3325
[6610] [M]: 0x0000000080035320 (0x33250513) addi a0, a0, 0x332
x10 <- 0x3333333333333332
mem[X,0x0000000080035324] -> 0x35B7
mem[X,0x0000000080035326] -> 0x3333
[6611] [M]: 0x0000000080035324 (0x333335B7) lui a1, 0x33333
x11 <- 0x0000000033333000
mem[X,0x0000000080035328] -> 0x8593
mem[X,0x000000008003532A] -> 0x3335
[6612] [M]: 0x0000000080035328 (0x33358593) addi a1, a1, 0x333
x11 <- 0x0000000033333333
mem[X,0x000000008003532C] -> 0x9593
mem[X,0x000000008003532E] -> 0x00B5
[6613] [M]: 0x000000008003532C (0x00B59593) slli a1, a1, 0xb
x11 <- 0x0000019999999800
mem[X,0x0000000080035330] -> 0x8593
mem[X,0x0000000080035332] -> 0x1995
[6614] [M]: 0x0000000080035330 (0x19958593) addi a1, a1, 0x199
x11 <- 0x0000019999999999
mem[X,0x0000000080035334] -> 0x9593
mem[X,0x0000000080035336] -> 0x00B5
[6615] [M]: 0x0000000080035334 (0x00B59593) slli a1, a1, 0xb
x11 <- 0x000CCCCCCCCCC800
mem[X,0x0000000080035338] -> 0x8593
mem[X,0x000000008003533A] -> 0x4CC5
[6616] [M]: 0x0000000080035338 (0x4CC58593) addi a1, a1, 0x4cc
x11 <- 0x000CCCCCCCCCCCCC
mem[X,0x000000008003533C] -> 0x9593
mem[X,0x000000008003533E] -> 0x00A5
[6617] [M]: 0x000000008003533C (0x00A59593) slli a1, a1, 0xa
x11 <- 0x3333333333333000
mem[X,0x0000000080035340] -> 0x8593
mem[X,0x0000000080035342] -> 0x3335
[6618] [M]: 0x0000000080035340 (0x33358593) addi a1, a1, 0x333
x11 <- 0x3333333333333333
mem[X,0x0000000080035344] -> 0x0113
mem[X,0x0000000080035346] -> 0x0000
[6619] [M]: 0x0000000080035344 (0x00000113) addi sp, zero, 0x0
x2 <- 0x0000000000000000
mem[X,0x0000000080035348] -> 0x006F
mem[X,0x000000008003534A] -> 0x0180
[6620] [M]: 0x0000000080035348 (0x0180006F) jal zero, 0x18
mem[X,0x0000000080035360] -> 0x46E3
mem[X,0x0000000080035362] -> 0xFEB5
[6621] [M]: 0x0000000080035360 (0xFEB546E3) blt a0, a1, -0x14
mem[X,0x000000008003534C] -> 0x0113
mem[X,0x000000008003534E] -> 0x0011
[6622] [M]: 0x000000008003534C (0x00110113) addi sp, sp, 0x1
x2 <- 0x0000000000000001
mem[X,0x0000000080035350] -> 0x006F
mem[X,0x0000000080035352] -> 0x0240
[6623] [M]: 0x0000000080035350 (0x0240006F) jal zero, 0x24
mem[X,0x0000000080035374] -> 0xB823
mem[X,0x0000000080035376] -> 0x5020
[6624] [M]: 0x0000000080035374 (0x5020B823) sd sp, 0x510(ra)
mem[0x000000008004FEE8] <- 0x0000000000000001
mem[X,0x0000000080035378] -> 0x3537
mem[X,0x000000008003537A] -> 0x3333
[6625] [M]: 0x0000000080035378 (0x33333537) lui a0, 0x33333
x10 <- 0x0000000033333000
mem[X,0x000000008003537C] -> 0x0513
mem[X,0x000000008003537E] -> 0x3335
[6626] [M]: 0x000000008003537C (0x33350513) addi a0, a0, 0x333
x10 <- 0x0000000033333333
mem[X,0x0000000080035380] -> 0x1513
mem[X,0x0000000080035382] -> 0x00B5
[6627] [M]: 0x0000000080035380 (0x00B51513) slli a0, a0, 0xb
x10 <- 0x0000019999999800
mem[X,0x0000000080035384] -> 0x0513
mem[X,0x0000000080035386] -> 0x1995
[6628] [M]: 0x0000000080035384 (0x19950513) addi a0, a0, 0x199
x10 <- 0x0000019999999999
mem[X,0x0000000080035388] -> 0x1513
mem[X,0x000000008003538A] -> 0x00B5
[6629] [M]: 0x0000000080035388 (0x00B51513) slli a0, a0, 0xb
x10 <- 0x000CCCCCCCCCC800
mem[X,0x000000008003538C] -> 0x0513
mem[X,0x000000008003538E] -> 0x4CC5
[6630] [M]: 0x000000008003538C (0x4CC50513) addi a0, a0, 0x4cc
x10 <- 0x000CCCCCCCCCCCCC
mem[X,0x0000000080035390] -> 0x1513
mem[X,0x0000000080035392] -> 0x00A5
[6631] [M]: 0x0000000080035390 (0x00A51513) slli a0, a0, 0xa
x10 <- 0x3333333333333000
mem[X,0x0000000080035394] -> 0x0513
mem[X,0x0000000080035396] -> 0x3325
[6632] [M]: 0x0000000080035394 (0x33250513) addi a0, a0, 0x332
x10 <- 0x3333333333333332
mem[X,0x0000000080035398] -> 0x65B7
mem[X,0x000000008003539A] -> 0x6666
[6633] [M]: 0x0000000080035398 (0x666665B7) lui a1, 0x66666
x11 <- 0x0000000066666000
mem[X,0x000000008003539C] -> 0x8593
mem[X,0x000000008003539E] -> 0x6665
[6634] [M]: 0x000000008003539C (0x66658593) addi a1, a1, 0x666
x11 <- 0x0000000066666666
mem[X,0x00000000800353A0] -> 0x9593
mem[X,0x00000000800353A2] -> 0x00B5
[6635] [M]: 0x00000000800353A0 (0x00B59593) slli a1, a1, 0xb
x11 <- 0x0000033333333000
mem[X,0x00000000800353A4] -> 0x8593
mem[X,0x00000000800353A6] -> 0x3335
[6636] [M]: 0x00000000800353A4 (0x33358593) addi a1, a1, 0x333
x11 <- 0x0000033333333333
mem[X,0x00000000800353A8] -> 0x9593
mem[X,0x00000000800353AA] -> 0x00B5
[6637] [M]: 0x00000000800353A8 (0x00B59593) slli a1, a1, 0xb
x11 <- 0x0019999999999800
mem[X,0x00000000800353AC] -> 0x8593
mem[X,0x00000000800353AE] -> 0x1995
[6638] [M]: 0x00000000800353AC (0x19958593) addi a1, a1, 0x199
x11 <- 0x0019999999999999
mem[X,0x00000000800353B0] -> 0x9593
mem[X,0x00000000800353B2] -> 0x00A5
[6639] [M]: 0x00000000800353B0 (0x00A59593) slli a1, a1, 0xa
x11 <- 0x6666666666666400
mem[X,0x00000000800353B4] -> 0x8593
mem[X,0x00000000800353B6] -> 0x2665
[6640] [M]: 0x00000000800353B4 (0x26658593) addi a1, a1, 0x266
x11 <- 0x6666666666666666
mem[X,0x00000000800353B8] -> 0x0113
mem[X,0x00000000800353BA] -> 0x0000
[6641] [M]: 0x00000000800353B8 (0x00000113) addi sp, zero, 0x0
x2 <- 0x0000000000000000
mem[X,0x00000000800353BC] -> 0x006F
mem[X,0x00000000800353BE] -> 0x00C0
[6642] [M]: 0x00000000800353BC (0x00C0006F) jal zero, 0xc
mem[X,0x00000000800353C8] -> 0x4063
mem[X,0x00000000800353CA] -> 0x10B5
[6643] [M]: 0x00000000800353C8 (0x10B54063) blt a0, a1, 0x100
mem[X,0x00000000800354C8] -> 0x0113
mem[X,0x00000000800354CA] -> 0x0031
[6644] [M]: 0x00000000800354C8 (0x00310113) addi sp, sp, 0x3
x2 <- 0x0000000000000003
mem[X,0x00000000800354CC] -> 0x006F
mem[X,0x00000000800354CE] -> 0x0040
[6645] [M]: 0x00000000800354CC (0x0040006F) jal zero, 0x4
mem[X,0x00000000800354D0] -> 0xBC23
mem[X,0x00000000800354D2] -> 0x5020
[6646] [M]: 0x00000000800354D0 (0x5020BC23) sd sp, 0x518(ra)
mem[0x000000008004FEF0] <- 0x0000000000000003
mem[X,0x00000000800354D4] -> 0x3537
mem[X,0x00000000800354D6] -> 0x3333
[6647] [M]: 0x00000000800354D4 (0x33333537) lui a0, 0x33333
x10 <- 0x0000000033333000
mem[X,0x00000000800354D8] -> 0x0513
mem[X,0x00000000800354DA] -> 0x3335
[6648] [M]: 0x00000000800354D8 (0x33350513) addi a0, a0, 0x333
x10 <- 0x0000000033333333
mem[X,0x00000000800354DC] -> 0x1513
mem[X,0x00000000800354DE] -> 0x00B5
[6649] [M]: 0x00000000800354DC (0x00B51513) slli a0, a0, 0xb
x10 <- 0x0000019999999800
mem[X,0x00000000800354E0] -> 0x0513
mem[X,0x00000000800354E2] -> 0x1995
[6650] [M]: 0x00000000800354E0 (0x19950513) addi a0, a0, 0x199
x10 <- 0x0000019999999999
mem[X,0x00000000800354E4] -> 0x1513
mem[X,0x00000000800354E6] -> 0x00B5
[6651] [M]: 0x00000000800354E4 (0x00B51513) slli a0, a0, 0xb
x10 <- 0x000CCCCCCCCCC800
mem[X,0x00000000800354E8] -> 0x0513
mem[X,0x00000000800354EA] -> 0x4CC5
[6652] [M]: 0x00000000800354E8 (0x4CC50513) addi a0, a0, 0x4cc
x10 <- 0x000CCCCCCCCCCCCC
mem[X,0x00000000800354EC] -> 0x1513
mem[X,0x00000000800354EE] -> 0x00A5
[6653] [M]: 0x00000000800354EC (0x00A51513) slli a0, a0, 0xa
x10 <- 0x3333333333333000
mem[X,0x00000000800354F0] -> 0x0513
mem[X,0x00000000800354F2] -> 0x3325
[6654] [M]: 0x00000000800354F0 (0x33250513) addi a0, a0, 0x332
x10 <- 0x3333333333333332
mem[X,0x00000000800354F4] -> 0x05B7
mem[X,0x00000000800354F6] -> 0x0000
[6655] [M]: 0x00000000800354F4 (0x000005B7) lui a1, 0x0
x11 <- 0x0000000000000000
mem[X,0x00000000800354F8] -> 0x8593
mem[X,0x00000000800354FA] -> 0xFFF5
[6656] [M]: 0x00000000800354F8 (0xFFF58593) addi a1, a1, -0x1
x11 <- 0xFFFFFFFFFFFFFFFF
mem[X,0x00000000800354FC] -> 0x9593
mem[X,0x00000000800354FE] -> 0x00B5
[6657] [M]: 0x00000000800354FC (0x00B59593) slli a1, a1, 0xb
x11 <- 0xFFFFFFFFFFFFF800
mem[X,0x0000000080035500] -> 0x8593
mem[X,0x0000000080035502] -> 0x2575
[6658] [M]: 0x0000000080035500 (0x25758593) addi a1, a1, 0x257
x11 <- 0xFFFFFFFFFFFFFA57
mem[X,0x0000000080035504] -> 0x9593
mem[X,0x0000000080035506] -> 0x00B5
[6659] [M]: 0x0000000080035504 (0x00B59593) slli a1, a1, 0xb
x11 <- 0xFFFFFFFFFFD2B800
mem[X,0x0000000080035508] -> 0x8593
mem[X,0x000000008003550A] -> 0x6C35
[6660] [M]: 0x0000000080035508 (0x6C358593) addi a1, a1, 0x6c3
x11 <- 0xFFFFFFFFFFD2BEC3
mem[X,0x000000008003550C] -> 0x9593
mem[X,0x000000008003550E] -> 0x00A5
[6661] [M]: 0x000000008003550C (0x00A59593) slli a1, a1, 0xa
x11 <- 0xFFFFFFFF4AFB0C00
mem[X,0x0000000080035510] -> 0x8593
mem[X,0x0000000080035512] -> 0x0CD5
[6662] [M]: 0x0000000080035510 (0x0CD58593) addi a1, a1, 0xcd
x11 <- 0xFFFFFFFF4AFB0CCD
mem[X,0x0000000080035514] -> 0x0113
mem[X,0x0000000080035516] -> 0x0000
[6663] [M]: 0x0000000080035514 (0x00000113) addi sp, zero, 0x0
x2 <- 0x0000000000000000
mem[X,0x0000000080035518] -> 0x006F
mem[X,0x000000008003551A] -> 0x00C0
[6664] [M]: 0x0000000080035518 (0x00C0006F) jal zero, 0xc
mem[X,0x0000000080035524] -> 0x4663
mem[X,0x0000000080035526] -> 0x00B5
[6665] [M]: 0x0000000080035524 (0x00B54663) blt a0, a1, 0xc
mem[X,0x0000000080035528] -> 0x0113
mem[X,0x000000008003552A] -> 0x0021
[6666] [M]: 0x0000000080035528 (0x00210113) addi sp, sp, 0x2
x2 <- 0x0000000000000002
mem[X,0x000000008003552C] -> 0x006F
mem[X,0x000000008003552E] -> 0x00C0
[6667] [M]: 0x000000008003552C (0x00C0006F) jal zero, 0xc
mem[X,0x0000000080035538] -> 0xB023
mem[X,0x000000008003553A] -> 0x5220
[6668] [M]: 0x0000000080035538 (0x5220B023) sd sp, 0x520(ra)
mem[0x000000008004FEF8] <- 0x0000000000000002
mem[X,0x000000008003553C] -> 0x3537
mem[X,0x000000008003553E] -> 0x3333
[6669] [M]: 0x000000008003553C (0x33333537) lui a0, 0x33333
x10 <- 0x0000000033333000
mem[X,0x0000000080035540] -> 0x0513
mem[X,0x0000000080035542] -> 0x3335
[6670] [M]: 0x0000000080035540 (0x33350513) addi a0, a0, 0x333
x10 <- 0x0000000033333333
mem[X,0x0000000080035544] -> 0x1513
mem[X,0x0000000080035546] -> 0x00B5
[6671] [M]: 0x0000000080035544 (0x00B51513) slli a0, a0, 0xb
x10 <- 0x0000019999999800
mem[X,0x0000000080035548] -> 0x0513
mem[X,0x000000008003554A] -> 0x1995
[6672] [M]: 0x0000000080035548 (0x19950513) addi a0, a0, 0x199
x10 <- 0x0000019999999999
mem[X,0x000000008003554C] -> 0x1513
mem[X,0x000000008003554E] -> 0x00B5
[6673] [M]: 0x000000008003554C (0x00B51513) slli a0, a0, 0xb
x10 <- 0x000CCCCCCCCCC800
mem[X,0x0000000080035550] -> 0x0513
mem[X,0x0000000080035552] -> 0x4CC5
[6674] [M]: 0x0000000080035550 (0x4CC50513) addi a0, a0, 0x4cc
x10 <- 0x000CCCCCCCCCCCCC
mem[X,0x0000000080035554] -> 0x1513
mem[X,0x0000000080035556] -> 0x00A5
[6675] [M]: 0x0000000080035554 (0x00A51513) slli a0, a0, 0xa
x10 <- 0x3333333333333000
mem[X,0x0000000080035558] -> 0x0513
mem[X,0x000000008003555A] -> 0x3325
[6676] [M]: 0x0000000080035558 (0x33250513) addi a0, a0, 0x332
x10 <- 0x3333333333333332
mem[X,0x000000008003555C] -> 0x05B7
mem[X,0x000000008003555E] -> 0x0000
[6677] [M]: 0x000000008003555C (0x000005B7) lui a1, 0x0
x11 <- 0x0000000000000000
mem[X,0x0000000080035560] -> 0x8593
mem[X,0x0000000080035562] -> 0x0005
[6678] [M]: 0x0000000080035560 (0x00058593) addi a1, a1, 0x0
x11 <- 0x0000000000000000
mem[X,0x0000000080035564] -> 0x9593
mem[X,0x0000000080035566] -> 0x00B5
[6679] [M]: 0x0000000080035564 (0x00B59593) slli a1, a1, 0xb
x11 <- 0x0000000000000000
mem[X,0x0000000080035568] -> 0x8593
mem[X,0x000000008003556A] -> 0x5A85
[6680] [M]: 0x0000000080035568 (0x5A858593) addi a1, a1, 0x5a8
x11 <- 0x00000000000005A8
mem[X,0x000000008003556C] -> 0x9593
mem[X,0x000000008003556E] -> 0x00B5
[6681] [M]: 0x000000008003556C (0x00B59593) slli a1, a1, 0xb
x11 <- 0x00000000002D4000
mem[X,0x0000000080035570] -> 0x8593
mem[X,0x0000000080035572] -> 0x13C5
[6682] [M]: 0x0000000080035570 (0x13C58593) addi a1, a1, 0x13c
x11 <- 0x00000000002D413C
mem[X,0x0000000080035574] -> 0x9593
mem[X,0x0000000080035576] -> 0x00A5
[6683] [M]: 0x0000000080035574 (0x00A59593) slli a1, a1, 0xa
x11 <- 0x00000000B504F000
mem[X,0x0000000080035578] -> 0x8593
mem[X,0x000000008003557A] -> 0x3335
[6684] [M]: 0x0000000080035578 (0x33358593) addi a1, a1, 0x333
x11 <- 0x00000000B504F333
mem[X,0x000000008003557C] -> 0x0113
mem[X,0x000000008003557E] -> 0x0000
[6685] [M]: 0x000000008003557C (0x00000113) addi sp, zero, 0x0
x2 <- 0x0000000000000000
mem[X,0x0000000080035580] -> 0x006F
mem[X,0x0000000080035582] -> 0x00C0
[6686] [M]: 0x0000000080035580 (0x00C0006F) jal zero, 0xc
mem[X,0x000000008003558C] -> 0x4063
mem[X,0x000000008003558E] -> 0x08B5
[6687] [M]: 0x000000008003558C (0x08B54063) blt a0, a1, 0x80
mem[X,0x0000000080035590] -> 0x0113
mem[X,0x0000000080035592] -> 0x0021
[6688] [M]: 0x0000000080035590 (0x00210113) addi sp, sp, 0x2
x2 <- 0x0000000000000002
mem[X,0x0000000080035594] -> 0x006F
mem[X,0x0000000080035596] -> 0x0800
[6689] [M]: 0x0000000080035594 (0x0800006F) jal zero, 0x80
mem[X,0x0000000080035614] -> 0xB423
mem[X,0x0000000080035616] -> 0x5220
[6690] [M]: 0x0000000080035614 (0x5220B423) sd sp, 0x528(ra)
mem[0x000000008004FF00] <- 0x0000000000000002
mem[X,0x0000000080035618] -> 0x3537
mem[X,0x000000008003561A] -> 0x3333
[6691] [M]: 0x0000000080035618 (0x33333537) lui a0, 0x33333
x10 <- 0x0000000033333000
mem[X,0x000000008003561C] -> 0x0513
mem[X,0x000000008003561E] -> 0x3335
[6692] [M]: 0x000000008003561C (0x33350513) addi a0, a0, 0x333
x10 <- 0x0000000033333333
mem[X,0x0000000080035620] -> 0x1513
mem[X,0x0000000080035622] -> 0x00B5
[6693] [M]: 0x0000000080035620 (0x00B51513) slli a0, a0, 0xb
x10 <- 0x0000019999999800
mem[X,0x0000000080035624] -> 0x0513
mem[X,0x0000000080035626] -> 0x1995
[6694] [M]: 0x0000000080035624 (0x19950513) addi a0, a0, 0x199
x10 <- 0x0000019999999999
mem[X,0x0000000080035628] -> 0x1513
mem[X,0x000000008003562A] -> 0x00B5
[6695] [M]: 0x0000000080035628 (0x00B51513) slli a0, a0, 0xb
x10 <- 0x000CCCCCCCCCC800
mem[X,0x000000008003562C] -> 0x0513
mem[X,0x000000008003562E] -> 0x4CC5
[6696] [M]: 0x000000008003562C (0x4CC50513) addi a0, a0, 0x4cc
x10 <- 0x000CCCCCCCCCCCCC
mem[X,0x0000000080035630] -> 0x1513
mem[X,0x0000000080035632] -> 0x00A5
[6697] [M]: 0x0000000080035630 (0x00A51513) slli a0, a0, 0xa
x10 <- 0x3333333333333000
mem[X,0x0000000080035634] -> 0x0513
mem[X,0x0000000080035636] -> 0x3325
[6698] [M]: 0x0000000080035634 (0x33250513) addi a0, a0, 0x332
x10 <- 0x3333333333333332
mem[X,0x0000000080035638] -> 0x0593
mem[X,0x000000008003563A] -> 0x0020
[6699] [M]: 0x0000000080035638 (0x00200593) addi a1, zero, 0x2
x11 <- 0x0000000000000002
clint::tick mtime <- 0x0000000000000043
 clint timer pending at mtime 0x0000000000000043
htif::tick 0x0000000000000000
mem[X,0x000000008003563C] -> 0x0113
mem[X,0x000000008003563E] -> 0x0000
[6700] [M]: 0x000000008003563C (0x00000113) addi sp, zero, 0x0
x2 <- 0x0000000000000000
mem[X,0x0000000080035640] -> 0x006F
mem[X,0x0000000080035642] -> 0x00C0
[6701] [M]: 0x0000000080035640 (0x00C0006F) jal zero, 0xc
mem[X,0x000000008003564C] -> 0x4663
mem[X,0x000000008003564E] -> 0x00B5
[6702] [M]: 0x000000008003564C (0x00B54663) blt a0, a1, 0xc
mem[X,0x0000000080035650] -> 0x0113
mem[X,0x0000000080035652] -> 0x0021
[6703] [M]: 0x0000000080035650 (0x00210113) addi sp, sp, 0x2
x2 <- 0x0000000000000002
mem[X,0x0000000080035654] -> 0x006F
mem[X,0x0000000080035656] -> 0x00C0
[6704] [M]: 0x0000000080035654 (0x00C0006F) jal zero, 0xc
mem[X,0x0000000080035660] -> 0xB823
mem[X,0x0000000080035662] -> 0x5220
[6705] [M]: 0x0000000080035660 (0x5220B823) sd sp, 0x530(ra)
mem[0x000000008004FF08] <- 0x0000000000000002
mem[X,0x0000000080035664] -> 0x3537
mem[X,0x0000000080035666] -> 0x3333
[6706] [M]: 0x0000000080035664 (0x33333537) lui a0, 0x33333
x10 <- 0x0000000033333000
mem[X,0x0000000080035668] -> 0x0513
mem[X,0x000000008003566A] -> 0x3335
[6707] [M]: 0x0000000080035668 (0x33350513) addi a0, a0, 0x333
x10 <- 0x0000000033333333
mem[X,0x000000008003566C] -> 0x1513
mem[X,0x000000008003566E] -> 0x00B5
[6708] [M]: 0x000000008003566C (0x00B51513) slli a0, a0, 0xb
x10 <- 0x0000019999999800
mem[X,0x0000000080035670] -> 0x0513
mem[X,0x0000000080035672] -> 0x1995
[6709] [M]: 0x0000000080035670 (0x19950513) addi a0, a0, 0x199
x10 <- 0x0000019999999999
mem[X,0x0000000080035674] -> 0x1513
mem[X,0x0000000080035676] -> 0x00B5
[6710] [M]: 0x0000000080035674 (0x00B51513) slli a0, a0, 0xb
x10 <- 0x000CCCCCCCCCC800
mem[X,0x0000000080035678] -> 0x0513
mem[X,0x000000008003567A] -> 0x4CC5
[6711] [M]: 0x0000000080035678 (0x4CC50513) addi a0, a0, 0x4cc
x10 <- 0x000CCCCCCCCCCCCC
mem[X,0x000000008003567C] -> 0x1513
mem[X,0x000000008003567E] -> 0x00A5
[6712] [M]: 0x000000008003567C (0x00A51513) slli a0, a0, 0xa
x10 <- 0x3333333333333000
mem[X,0x0000000080035680] -> 0x0513
mem[X,0x0000000080035682] -> 0x3325
[6713] [M]: 0x0000000080035680 (0x33250513) addi a0, a0, 0x332
x10 <- 0x3333333333333332
mem[X,0x0000000080035684] -> 0x55B7
mem[X,0x0000000080035686] -> 0x5555
[6714] [M]: 0x0000000080035684 (0x555555B7) lui a1, 0x55555
x11 <- 0x0000000055555000
mem[X,0x0000000080035688] -> 0x8593
mem[X,0x000000008003568A] -> 0x5555
[6715] [M]: 0x0000000080035688 (0x55558593) addi a1, a1, 0x555
x11 <- 0x0000000055555555
mem[X,0x000000008003568C] -> 0x9593
mem[X,0x000000008003568E] -> 0x00B5
[6716] [M]: 0x000000008003568C (0x00B59593) slli a1, a1, 0xb
x11 <- 0x000002AAAAAAA800
mem[X,0x0000000080035690] -> 0x8593
mem[X,0x0000000080035692] -> 0x2AA5
[6717] [M]: 0x0000000080035690 (0x2AA58593) addi a1, a1, 0x2aa
x11 <- 0x000002AAAAAAAAAA
mem[X,0x0000000080035694] -> 0x9593
mem[X,0x0000000080035696] -> 0x00B5
[6718] [M]: 0x0000000080035694 (0x00B59593) slli a1, a1, 0xb
x11 <- 0x0015555555555000
mem[X,0x0000000080035698] -> 0x8593
mem[X,0x000000008003569A] -> 0x5555
[6719] [M]: 0x0000000080035698 (0x55558593) addi a1, a1, 0x555
x11 <- 0x0015555555555555
mem[X,0x000000008003569C] -> 0x9593
mem[X,0x000000008003569E] -> 0x00A5
[6720] [M]: 0x000000008003569C (0x00A59593) slli a1, a1, 0xa
x11 <- 0x5555555555555400
mem[X,0x00000000800356A0] -> 0x8593
mem[X,0x00000000800356A2] -> 0x1545
[6721] [M]: 0x00000000800356A0 (0x15458593) addi a1, a1, 0x154
x11 <- 0x5555555555555554
mem[X,0x00000000800356A4] -> 0x0113
mem[X,0x00000000800356A6] -> 0x0000
[6722] [M]: 0x00000000800356A4 (0x00000113) addi sp, zero, 0x0
x2 <- 0x0000000000000000
mem[X,0x00000000800356A8] -> 0x006F
mem[X,0x00000000800356AA] -> 0x0100
[6723] [M]: 0x00000000800356A8 (0x0100006F) jal zero, 0x10
mem[X,0x00000000800356B8] -> 0x4AE3
mem[X,0x00000000800356BA] -> 0xFEB5
[6724] [M]: 0x00000000800356B8 (0xFEB54AE3) blt a0, a1, -0xc
mem[X,0x00000000800356AC] -> 0x0113
mem[X,0x00000000800356AE] -> 0x0011
[6725] [M]: 0x00000000800356AC (0x00110113) addi sp, sp, 0x1
x2 <- 0x0000000000000001
mem[X,0x00000000800356B0] -> 0x006F
mem[X,0x00000000800356B2] -> 0x01C0
[6726] [M]: 0x00000000800356B0 (0x01C0006F) jal zero, 0x1c
mem[X,0x00000000800356CC] -> 0xBC23
mem[X,0x00000000800356CE] -> 0x5220
[6727] [M]: 0x00000000800356CC (0x5220BC23) sd sp, 0x538(ra)
mem[0x000000008004FF10] <- 0x0000000000000001
mem[X,0x00000000800356D0] -> 0x3537
mem[X,0x00000000800356D2] -> 0x3333
[6728] [M]: 0x00000000800356D0 (0x33333537) lui a0, 0x33333
x10 <- 0x0000000033333000
mem[X,0x00000000800356D4] -> 0x0513
mem[X,0x00000000800356D6] -> 0x3335
[6729] [M]: 0x00000000800356D4 (0x33350513) addi a0, a0, 0x333
x10 <- 0x0000000033333333
mem[X,0x00000000800356D8] -> 0x1513
mem[X,0x00000000800356DA] -> 0x00B5
[6730] [M]: 0x00000000800356D8 (0x00B51513) slli a0, a0, 0xb
x10 <- 0x0000019999999800
mem[X,0x00000000800356DC] -> 0x0513
mem[X,0x00000000800356DE] -> 0x1995
[6731] [M]: 0x00000000800356DC (0x19950513) addi a0, a0, 0x199
x10 <- 0x0000019999999999
mem[X,0x00000000800356E0] -> 0x1513
mem[X,0x00000000800356E2] -> 0x00B5
[6732] [M]: 0x00000000800356E0 (0x00B51513) slli a0, a0, 0xb
x10 <- 0x000CCCCCCCCCC800
mem[X,0x00000000800356E4] -> 0x0513
mem[X,0x00000000800356E6] -> 0x4CC5
[6733] [M]: 0x00000000800356E4 (0x4CC50513) addi a0, a0, 0x4cc
x10 <- 0x000CCCCCCCCCCCCC
mem[X,0x00000000800356E8] -> 0x1513
mem[X,0x00000000800356EA] -> 0x00A5
[6734] [M]: 0x00000000800356E8 (0x00A51513) slli a0, a0, 0xa
x10 <- 0x3333333333333000
mem[X,0x00000000800356EC] -> 0x0513
mem[X,0x00000000800356EE] -> 0x3325
[6735] [M]: 0x00000000800356EC (0x33250513) addi a0, a0, 0x332
x10 <- 0x3333333333333332
mem[X,0x00000000800356F0] -> 0x0593
mem[X,0x00000000800356F2] -> 0x0000
[6736] [M]: 0x00000000800356F0 (0x00000593) addi a1, zero, 0x0
x11 <- 0x0000000000000000
mem[X,0x00000000800356F4] -> 0x0113
mem[X,0x00000000800356F6] -> 0x0000
[6737] [M]: 0x00000000800356F4 (0x00000113) addi sp, zero, 0x0
x2 <- 0x0000000000000000
mem[X,0x00000000800356F8] -> 0x006F
mem[X,0x00000000800356FA] -> 0x00C0
[6738] [M]: 0x00000000800356F8 (0x00C0006F) jal zero, 0xc
mem[X,0x0000000080035704] -> 0x4663
mem[X,0x0000000080035706] -> 0x00B5
[6739] [M]: 0x0000000080035704 (0x00B54663) blt a0, a1, 0xc
mem[X,0x0000000080035708] -> 0x0113
mem[X,0x000000008003570A] -> 0x0021
[6740] [M]: 0x0000000080035708 (0x00210113) addi sp, sp, 0x2
x2 <- 0x0000000000000002
mem[X,0x000000008003570C] -> 0x006F
mem[X,0x000000008003570E] -> 0x00C0
[6741] [M]: 0x000000008003570C (0x00C0006F) jal zero, 0xc
mem[X,0x0000000080035718] -> 0xB023
mem[X,0x000000008003571A] -> 0x5420
[6742] [M]: 0x0000000080035718 (0x5420B023) sd sp, 0x540(ra)
mem[0x000000008004FF18] <- 0x0000000000000002
mem[X,0x000000008003571C] -> 0x3537
mem[X,0x000000008003571E] -> 0x3333
[6743] [M]: 0x000000008003571C (0x33333537) lui a0, 0x33333
x10 <- 0x0000000033333000
mem[X,0x0000000080035720] -> 0x0513
mem[X,0x0000000080035722] -> 0x3335
[6744] [M]: 0x0000000080035720 (0x33350513) addi a0, a0, 0x333
x10 <- 0x0000000033333333
mem[X,0x0000000080035724] -> 0x1513
mem[X,0x0000000080035726] -> 0x00B5
[6745] [M]: 0x0000000080035724 (0x00B51513) slli a0, a0, 0xb
x10 <- 0x0000019999999800
mem[X,0x0000000080035728] -> 0x0513
mem[X,0x000000008003572A] -> 0x1995
[6746] [M]: 0x0000000080035728 (0x19950513) addi a0, a0, 0x199
x10 <- 0x0000019999999999
mem[X,0x000000008003572C] -> 0x1513
mem[X,0x000000008003572E] -> 0x00B5
[6747] [M]: 0x000000008003572C (0x00B51513) slli a0, a0, 0xb
x10 <- 0x000CCCCCCCCCC800
mem[X,0x0000000080035730] -> 0x0513
mem[X,0x0000000080035732] -> 0x4CC5
[6748] [M]: 0x0000000080035730 (0x4CC50513) addi a0, a0, 0x4cc
x10 <- 0x000CCCCCCCCCCCCC
mem[X,0x0000000080035734] -> 0x1513
mem[X,0x0000000080035736] -> 0x00A5
[6749] [M]: 0x0000000080035734 (0x00A51513) slli a0, a0, 0xa
x10 <- 0x3333333333333000
mem[X,0x0000000080035738] -> 0x0513
mem[X,0x000000008003573A] -> 0x3325
[6750] [M]: 0x0000000080035738 (0x33250513) addi a0, a0, 0x332
x10 <- 0x3333333333333332
mem[X,0x000000008003573C] -> 0x0593
mem[X,0x000000008003573E] -> 0x0040
[6751] [M]: 0x000000008003573C (0x00400593) addi a1, zero, 0x4
x11 <- 0x0000000000000004
mem[X,0x0000000080035740] -> 0x0113
mem[X,0x0000000080035742] -> 0x0000
[6752] [M]: 0x0000000080035740 (0x00000113) addi sp, zero, 0x0
x2 <- 0x0000000000000000
mem[X,0x0000000080035744] -> 0x006F
mem[X,0x0000000080035746] -> 0x00C0
[6753] [M]: 0x0000000080035744 (0x00C0006F) jal zero, 0xc
mem[X,0x0000000080035750] -> 0x4CE3
mem[X,0x0000000080035752] -> 0xFEB5
[6754] [M]: 0x0000000080035750 (0xFEB54CE3) blt a0, a1, -0x8
mem[X,0x0000000080035754] -> 0x0113
mem[X,0x0000000080035756] -> 0x0021
[6755] [M]: 0x0000000080035754 (0x00210113) addi sp, sp, 0x2
x2 <- 0x0000000000000002
mem[X,0x0000000080035758] -> 0x006F
mem[X,0x000000008003575A] -> 0x00C0
[6756] [M]: 0x0000000080035758 (0x00C0006F) jal zero, 0xc
mem[X,0x0000000080035764] -> 0xB423
mem[X,0x0000000080035766] -> 0x5420
[6757] [M]: 0x0000000080035764 (0x5420B423) sd sp, 0x548(ra)
mem[0x000000008004FF20] <- 0x0000000000000002
mem[X,0x0000000080035768] -> 0x3537
mem[X,0x000000008003576A] -> 0x3333
[6758] [M]: 0x0000000080035768 (0x33333537) lui a0, 0x33333
x10 <- 0x0000000033333000
mem[X,0x000000008003576C] -> 0x0513
mem[X,0x000000008003576E] -> 0x3335
[6759] [M]: 0x000000008003576C (0x33350513) addi a0, a0, 0x333
x10 <- 0x0000000033333333
mem[X,0x0000000080035770] -> 0x1513
mem[X,0x0000000080035772] -> 0x00B5
[6760] [M]: 0x0000000080035770 (0x00B51513) slli a0, a0, 0xb
x10 <- 0x0000019999999800
mem[X,0x0000000080035774] -> 0x0513
mem[X,0x0000000080035776] -> 0x1995
[6761] [M]: 0x0000000080035774 (0x19950513) addi a0, a0, 0x199
x10 <- 0x0000019999999999
mem[X,0x0000000080035778] -> 0x1513
mem[X,0x000000008003577A] -> 0x00B5
[6762] [M]: 0x0000000080035778 (0x00B51513) slli a0, a0, 0xb
x10 <- 0x000CCCCCCCCCC800
mem[X,0x000000008003577C] -> 0x0513
mem[X,0x000000008003577E] -> 0x4CC5
[6763] [M]: 0x000000008003577C (0x4CC50513) addi a0, a0, 0x4cc
x10 <- 0x000CCCCCCCCCCCCC
mem[X,0x0000000080035780] -> 0x1513
mem[X,0x0000000080035782] -> 0x00A5
[6764] [M]: 0x0000000080035780 (0x00A51513) slli a0, a0, 0xa
x10 <- 0x3333333333333000
mem[X,0x0000000080035784] -> 0x0513
mem[X,0x0000000080035786] -> 0x3325
[6765] [M]: 0x0000000080035784 (0x33250513) addi a0, a0, 0x332
x10 <- 0x3333333333333332
mem[X,0x0000000080035788] -> 0x35B7
mem[X,0x000000008003578A] -> 0x3333
[6766] [M]: 0x0000000080035788 (0x333335B7) lui a1, 0x33333
x11 <- 0x0000000033333000
mem[X,0x000000008003578C] -> 0x8593
mem[X,0x000000008003578E] -> 0x3335
[6767] [M]: 0x000000008003578C (0x33358593) addi a1, a1, 0x333
x11 <- 0x0000000033333333
mem[X,0x0000000080035790] -> 0x9593
mem[X,0x0000000080035792] -> 0x00B5
[6768] [M]: 0x0000000080035790 (0x00B59593) slli a1, a1, 0xb
x11 <- 0x0000019999999800
mem[X,0x0000000080035794] -> 0x8593
mem[X,0x0000000080035796] -> 0x1995
[6769] [M]: 0x0000000080035794 (0x19958593) addi a1, a1, 0x199
x11 <- 0x0000019999999999
mem[X,0x0000000080035798] -> 0x9593
mem[X,0x000000008003579A] -> 0x00B5
[6770] [M]: 0x0000000080035798 (0x00B59593) slli a1, a1, 0xb
x11 <- 0x000CCCCCCCCCC800
mem[X,0x000000008003579C] -> 0x8593
mem[X,0x000000008003579E] -> 0x4CC5
[6771] [M]: 0x000000008003579C (0x4CC58593) addi a1, a1, 0x4cc
x11 <- 0x000CCCCCCCCCCCCC
mem[X,0x00000000800357A0] -> 0x9593
mem[X,0x00000000800357A2] -> 0x00A5
[6772] [M]: 0x00000000800357A0 (0x00A59593) slli a1, a1, 0xa
x11 <- 0x3333333333333000
mem[X,0x00000000800357A4] -> 0x8593
mem[X,0x00000000800357A6] -> 0x3325
[6773] [M]: 0x00000000800357A4 (0x33258593) addi a1, a1, 0x332
x11 <- 0x3333333333333332
mem[X,0x00000000800357A8] -> 0x0113
mem[X,0x00000000800357AA] -> 0x0000
[6774] [M]: 0x00000000800357A8 (0x00000113) addi sp, zero, 0x0
x2 <- 0x0000000000000000
mem[X,0x00000000800357AC] -> 0x006F
mem[X,0x00000000800357AE] -> 0x00C0
[6775] [M]: 0x00000000800357AC (0x00C0006F) jal zero, 0xc
mem[X,0x00000000800357B8] -> 0x4863
mem[X,0x00000000800357BA] -> 0x00B5
[6776] [M]: 0x00000000800357B8 (0x00B54863) blt a0, a1, 0x10
mem[X,0x00000000800357BC] -> 0x0113
mem[X,0x00000000800357BE] -> 0x0021
[6777] [M]: 0x00000000800357BC (0x00210113) addi sp, sp, 0x2
x2 <- 0x0000000000000002
mem[X,0x00000000800357C0] -> 0x006F
mem[X,0x00000000800357C2] -> 0x0100
[6778] [M]: 0x00000000800357C0 (0x0100006F) jal zero, 0x10
mem[X,0x00000000800357D0] -> 0xB823
mem[X,0x00000000800357D2] -> 0x5420
[6779] [M]: 0x00000000800357D0 (0x5420B823) sd sp, 0x550(ra)
mem[0x000000008004FF28] <- 0x0000000000000002
mem[X,0x00000000800357D4] -> 0x3537
mem[X,0x00000000800357D6] -> 0x3333
[6780] [M]: 0x00000000800357D4 (0x33333537) lui a0, 0x33333
x10 <- 0x0000000033333000
mem[X,0x00000000800357D8] -> 0x0513
mem[X,0x00000000800357DA] -> 0x3335
[6781] [M]: 0x00000000800357D8 (0x33350513) addi a0, a0, 0x333
x10 <- 0x0000000033333333
mem[X,0x00000000800357DC] -> 0x1513
mem[X,0x00000000800357DE] -> 0x00B5
[6782] [M]: 0x00000000800357DC (0x00B51513) slli a0, a0, 0xb
x10 <- 0x0000019999999800
mem[X,0x00000000800357E0] -> 0x0513
mem[X,0x00000000800357E2] -> 0x1995
[6783] [M]: 0x00000000800357E0 (0x19950513) addi a0, a0, 0x199
x10 <- 0x0000019999999999
mem[X,0x00000000800357E4] -> 0x1513
mem[X,0x00000000800357E6] -> 0x00B5
[6784] [M]: 0x00000000800357E4 (0x00B51513) slli a0, a0, 0xb
x10 <- 0x000CCCCCCCCCC800
mem[X,0x00000000800357E8] -> 0x0513
mem[X,0x00000000800357EA] -> 0x4CC5
[6785] [M]: 0x00000000800357E8 (0x4CC50513) addi a0, a0, 0x4cc
x10 <- 0x000CCCCCCCCCCCCC
mem[X,0x00000000800357EC] -> 0x1513
mem[X,0x00000000800357EE] -> 0x00A5
[6786] [M]: 0x00000000800357EC (0x00A51513) slli a0, a0, 0xa
x10 <- 0x3333333333333000
mem[X,0x00000000800357F0] -> 0x0513
mem[X,0x00000000800357F2] -> 0x3325
[6787] [M]: 0x00000000800357F0 (0x33250513) addi a0, a0, 0x332
x10 <- 0x3333333333333332
mem[X,0x00000000800357F4] -> 0x65B7
mem[X,0x00000000800357F6] -> 0x6666
[6788] [M]: 0x00000000800357F4 (0x666665B7) lui a1, 0x66666
x11 <- 0x0000000066666000
mem[X,0x00000000800357F8] -> 0x8593
mem[X,0x00000000800357FA] -> 0x6665
[6789] [M]: 0x00000000800357F8 (0x66658593) addi a1, a1, 0x666
x11 <- 0x0000000066666666
mem[X,0x00000000800357FC] -> 0x9593
mem[X,0x00000000800357FE] -> 0x00B5
[6790] [M]: 0x00000000800357FC (0x00B59593) slli a1, a1, 0xb
x11 <- 0x0000033333333000
mem[X,0x0000000080035800] -> 0x8593
mem[X,0x0000000080035802] -> 0x3335
[6791] [M]: 0x0000000080035800 (0x33358593) addi a1, a1, 0x333
x11 <- 0x0000033333333333
mem[X,0x0000000080035804] -> 0x9593
mem[X,0x0000000080035806] -> 0x00B5
[6792] [M]: 0x0000000080035804 (0x00B59593) slli a1, a1, 0xb
x11 <- 0x0019999999999800
mem[X,0x0000000080035808] -> 0x8593
mem[X,0x000000008003580A] -> 0x1995
[6793] [M]: 0x0000000080035808 (0x19958593) addi a1, a1, 0x199
x11 <- 0x0019999999999999
mem[X,0x000000008003580C] -> 0x9593
mem[X,0x000000008003580E] -> 0x00A5
[6794] [M]: 0x000000008003580C (0x00A59593) slli a1, a1, 0xa
x11 <- 0x6666666666666400
mem[X,0x0000000080035810] -> 0x8593
mem[X,0x0000000080035812] -> 0x2655
[6795] [M]: 0x0000000080035810 (0x26558593) addi a1, a1, 0x265
x11 <- 0x6666666666666665
mem[X,0x0000000080035814] -> 0x0113
mem[X,0x0000000080035816] -> 0x0000
[6796] [M]: 0x0000000080035814 (0x00000113) addi sp, zero, 0x0
x2 <- 0x0000000000000000
mem[X,0x0000000080035818] -> 0x006F
mem[X,0x000000008003581A] -> 0x00C0
[6797] [M]: 0x0000000080035818 (0x00C0006F) jal zero, 0xc
mem[X,0x0000000080035824] -> 0x4663
mem[X,0x0000000080035826] -> 0x00B5
[6798] [M]: 0x0000000080035824 (0x00B54663) blt a0, a1, 0xc
mem[X,0x0000000080035830] -> 0x0113
mem[X,0x0000000080035832] -> 0x0031
[6799] [M]: 0x0000000080035830 (0x00310113) addi sp, sp, 0x3
x2 <- 0x0000000000000003
clint::tick mtime <- 0x0000000000000044
 clint timer pending at mtime 0x0000000000000044
htif::tick 0x0000000000000000
mem[X,0x0000000080035834] -> 0x006F
mem[X,0x0000000080035836] -> 0x0040
[6800] [M]: 0x0000000080035834 (0x0040006F) jal zero, 0x4
mem[X,0x0000000080035838] -> 0xBC23
mem[X,0x000000008003583A] -> 0x5420
[6801] [M]: 0x0000000080035838 (0x5420BC23) sd sp, 0x558(ra)
mem[0x000000008004FF30] <- 0x0000000000000003
mem[X,0x000000008003583C] -> 0x3537
mem[X,0x000000008003583E] -> 0x3333
[6802] [M]: 0x000000008003583C (0x33333537) lui a0, 0x33333
x10 <- 0x0000000033333000
mem[X,0x0000000080035840] -> 0x0513
mem[X,0x0000000080035842] -> 0x3335
[6803] [M]: 0x0000000080035840 (0x33350513) addi a0, a0, 0x333
x10 <- 0x0000000033333333
mem[X,0x0000000080035844] -> 0x1513
mem[X,0x0000000080035846] -> 0x00B5
[6804] [M]: 0x0000000080035844 (0x00B51513) slli a0, a0, 0xb
x10 <- 0x0000019999999800
mem[X,0x0000000080035848] -> 0x0513
mem[X,0x000000008003584A] -> 0x1995
[6805] [M]: 0x0000000080035848 (0x19950513) addi a0, a0, 0x199
x10 <- 0x0000019999999999
mem[X,0x000000008003584C] -> 0x1513
mem[X,0x000000008003584E] -> 0x00B5
[6806] [M]: 0x000000008003584C (0x00B51513) slli a0, a0, 0xb
x10 <- 0x000CCCCCCCCCC800
mem[X,0x0000000080035850] -> 0x0513
mem[X,0x0000000080035852] -> 0x4CC5
[6807] [M]: 0x0000000080035850 (0x4CC50513) addi a0, a0, 0x4cc
x10 <- 0x000CCCCCCCCCCCCC
mem[X,0x0000000080035854] -> 0x1513
mem[X,0x0000000080035856] -> 0x00A5
[6808] [M]: 0x0000000080035854 (0x00A51513) slli a0, a0, 0xa
x10 <- 0x3333333333333000
mem[X,0x0000000080035858] -> 0x0513
mem[X,0x000000008003585A] -> 0x3325
[6809] [M]: 0x0000000080035858 (0x33250513) addi a0, a0, 0x332
x10 <- 0x3333333333333332
mem[X,0x000000008003585C] -> 0x05B7
mem[X,0x000000008003585E] -> 0x0000
[6810] [M]: 0x000000008003585C (0x000005B7) lui a1, 0x0
x11 <- 0x0000000000000000
mem[X,0x0000000080035860] -> 0x8593
mem[X,0x0000000080035862] -> 0x0005
[6811] [M]: 0x0000000080035860 (0x00058593) addi a1, a1, 0x0
x11 <- 0x0000000000000000
mem[X,0x0000000080035864] -> 0x9593
mem[X,0x0000000080035866] -> 0x00B5
[6812] [M]: 0x0000000080035864 (0x00B59593) slli a1, a1, 0xb
x11 <- 0x0000000000000000
mem[X,0x0000000080035868] -> 0x8593
mem[X,0x000000008003586A] -> 0x5A85
[6813] [M]: 0x0000000080035868 (0x5A858593) addi a1, a1, 0x5a8
x11 <- 0x00000000000005A8
mem[X,0x000000008003586C] -> 0x9593
mem[X,0x000000008003586E] -> 0x00B5
[6814] [M]: 0x000000008003586C (0x00B59593) slli a1, a1, 0xb
x11 <- 0x00000000002D4000
mem[X,0x0000000080035870] -> 0x8593
mem[X,0x0000000080035872] -> 0x13C5
[6815] [M]: 0x0000000080035870 (0x13C58593) addi a1, a1, 0x13c
x11 <- 0x00000000002D413C
mem[X,0x0000000080035874] -> 0x9593
mem[X,0x0000000080035876] -> 0x00A5
[6816] [M]: 0x0000000080035874 (0x00A59593) slli a1, a1, 0xa
x11 <- 0x00000000B504F000
mem[X,0x0000000080035878] -> 0x8593
mem[X,0x000000008003587A] -> 0x3325
[6817] [M]: 0x0000000080035878 (0x33258593) addi a1, a1, 0x332
x11 <- 0x00000000B504F332
mem[X,0x000000008003587C] -> 0x0113
mem[X,0x000000008003587E] -> 0x0000
[6818] [M]: 0x000000008003587C (0x00000113) addi sp, zero, 0x0
x2 <- 0x0000000000000000
mem[X,0x0000000080035880] -> 0x006F
mem[X,0x0000000080035882] -> 0x00C0
[6819] [M]: 0x0000000080035880 (0x00C0006F) jal zero, 0xc
mem[X,0x000000008003588C] -> 0x4663
mem[X,0x000000008003588E] -> 0x00B5
[6820] [M]: 0x000000008003588C (0x00B54663) blt a0, a1, 0xc
mem[X,0x0000000080035890] -> 0x0113
mem[X,0x0000000080035892] -> 0x0021
[6821] [M]: 0x0000000080035890 (0x00210113) addi sp, sp, 0x2
x2 <- 0x0000000000000002
mem[X,0x0000000080035894] -> 0x006F
mem[X,0x0000000080035896] -> 0x00C0
[6822] [M]: 0x0000000080035894 (0x00C0006F) jal zero, 0xc
mem[X,0x00000000800358A0] -> 0xB023
mem[X,0x00000000800358A2] -> 0x5620
[6823] [M]: 0x00000000800358A0 (0x5620B023) sd sp, 0x560(ra)
mem[0x000000008004FF38] <- 0x0000000000000002
mem[X,0x00000000800358A4] -> 0x3537
mem[X,0x00000000800358A6] -> 0x3333
[6824] [M]: 0x00000000800358A4 (0x33333537) lui a0, 0x33333
x10 <- 0x0000000033333000
mem[X,0x00000000800358A8] -> 0x0513
mem[X,0x00000000800358AA] -> 0x3335
[6825] [M]: 0x00000000800358A8 (0x33350513) addi a0, a0, 0x333
x10 <- 0x0000000033333333
mem[X,0x00000000800358AC] -> 0x1513
mem[X,0x00000000800358AE] -> 0x00B5
[6826] [M]: 0x00000000800358AC (0x00B51513) slli a0, a0, 0xb
x10 <- 0x0000019999999800
mem[X,0x00000000800358B0] -> 0x0513
mem[X,0x00000000800358B2] -> 0x1995
[6827] [M]: 0x00000000800358B0 (0x19950513) addi a0, a0, 0x199
x10 <- 0x0000019999999999
mem[X,0x00000000800358B4] -> 0x1513
mem[X,0x00000000800358B6] -> 0x00B5
[6828] [M]: 0x00000000800358B4 (0x00B51513) slli a0, a0, 0xb
x10 <- 0x000CCCCCCCCCC800
mem[X,0x00000000800358B8] -> 0x0513
mem[X,0x00000000800358BA] -> 0x4CC5
[6829] [M]: 0x00000000800358B8 (0x4CC50513) addi a0, a0, 0x4cc
x10 <- 0x000CCCCCCCCCCCCC
mem[X,0x00000000800358BC] -> 0x1513
mem[X,0x00000000800358BE] -> 0x00A5
[6830] [M]: 0x00000000800358BC (0x00A51513) slli a0, a0, 0xa
x10 <- 0x3333333333333000
mem[X,0x00000000800358C0] -> 0x0513
mem[X,0x00000000800358C2] -> 0x3325
[6831] [M]: 0x00000000800358C0 (0x33250513) addi a0, a0, 0x332
x10 <- 0x3333333333333332
mem[X,0x00000000800358C4] -> 0x55B7
mem[X,0x00000000800358C6] -> 0x5555
[6832] [M]: 0x00000000800358C4 (0x555555B7) lui a1, 0x55555
x11 <- 0x0000000055555000
mem[X,0x00000000800358C8] -> 0x8593
mem[X,0x00000000800358CA] -> 0x5555
[6833] [M]: 0x00000000800358C8 (0x55558593) addi a1, a1, 0x555
x11 <- 0x0000000055555555
mem[X,0x00000000800358CC] -> 0x9593
mem[X,0x00000000800358CE] -> 0x00B5
[6834] [M]: 0x00000000800358CC (0x00B59593) slli a1, a1, 0xb
x11 <- 0x000002AAAAAAA800
mem[X,0x00000000800358D0] -> 0x8593
mem[X,0x00000000800358D2] -> 0x2AA5
[6835] [M]: 0x00000000800358D0 (0x2AA58593) addi a1, a1, 0x2aa
x11 <- 0x000002AAAAAAAAAA
mem[X,0x00000000800358D4] -> 0x9593
mem[X,0x00000000800358D6] -> 0x00B5
[6836] [M]: 0x00000000800358D4 (0x00B59593) slli a1, a1, 0xb
x11 <- 0x0015555555555000
mem[X,0x00000000800358D8] -> 0x8593
mem[X,0x00000000800358DA] -> 0x5555
[6837] [M]: 0x00000000800358D8 (0x55558593) addi a1, a1, 0x555
x11 <- 0x0015555555555555
mem[X,0x00000000800358DC] -> 0x9593
mem[X,0x00000000800358DE] -> 0x00A5
[6838] [M]: 0x00000000800358DC (0x00A59593) slli a1, a1, 0xa
x11 <- 0x5555555555555400
mem[X,0x00000000800358E0] -> 0x8593
mem[X,0x00000000800358E2] -> 0x1565
[6839] [M]: 0x00000000800358E0 (0x15658593) addi a1, a1, 0x156
x11 <- 0x5555555555555556
mem[X,0x00000000800358E4] -> 0x0113
mem[X,0x00000000800358E6] -> 0x0000
[6840] [M]: 0x00000000800358E4 (0x00000113) addi sp, zero, 0x0
x2 <- 0x0000000000000000
mem[X,0x00000000800358E8] -> 0x006F
mem[X,0x00000000800358EA] -> 0x00C0
[6841] [M]: 0x00000000800358E8 (0x00C0006F) jal zero, 0xc
mem[X,0x00000000800358F4] -> 0x4663
mem[X,0x00000000800358F6] -> 0x00B5
[6842] [M]: 0x00000000800358F4 (0x00B54663) blt a0, a1, 0xc
mem[X,0x0000000080035900] -> 0x0113
mem[X,0x0000000080035902] -> 0x0031
[6843] [M]: 0x0000000080035900 (0x00310113) addi sp, sp, 0x3
x2 <- 0x0000000000000003
mem[X,0x0000000080035904] -> 0x006F
mem[X,0x0000000080035906] -> 0x0040
[6844] [M]: 0x0000000080035904 (0x0040006F) jal zero, 0x4
mem[X,0x0000000080035908] -> 0xB423
mem[X,0x000000008003590A] -> 0x5620
[6845] [M]: 0x0000000080035908 (0x5620B423) sd sp, 0x568(ra)
mem[0x000000008004FF40] <- 0x0000000000000003
mem[X,0x000000008003590C] -> 0x3537
mem[X,0x000000008003590E] -> 0x3333
[6846] [M]: 0x000000008003590C (0x33333537) lui a0, 0x33333
x10 <- 0x0000000033333000
mem[X,0x0000000080035910] -> 0x0513
mem[X,0x0000000080035912] -> 0x3335
[6847] [M]: 0x0000000080035910 (0x33350513) addi a0, a0, 0x333
x10 <- 0x0000000033333333
mem[X,0x0000000080035914] -> 0x1513
mem[X,0x0000000080035916] -> 0x00B5
[6848] [M]: 0x0000000080035914 (0x00B51513) slli a0, a0, 0xb
x10 <- 0x0000019999999800
mem[X,0x0000000080035918] -> 0x0513
mem[X,0x000000008003591A] -> 0x1995
[6849] [M]: 0x0000000080035918 (0x19950513) addi a0, a0, 0x199
x10 <- 0x0000019999999999
mem[X,0x000000008003591C] -> 0x1513
mem[X,0x000000008003591E] -> 0x00B5
[6850] [M]: 0x000000008003591C (0x00B51513) slli a0, a0, 0xb
x10 <- 0x000CCCCCCCCCC800
mem[X,0x0000000080035920] -> 0x0513
mem[X,0x0000000080035922] -> 0x4CC5
[6851] [M]: 0x0000000080035920 (0x4CC50513) addi a0, a0, 0x4cc
x10 <- 0x000CCCCCCCCCCCCC
mem[X,0x0000000080035924] -> 0x1513
mem[X,0x0000000080035926] -> 0x00A5
[6852] [M]: 0x0000000080035924 (0x00A51513) slli a0, a0, 0xa
x10 <- 0x3333333333333000
mem[X,0x0000000080035928] -> 0x0513
mem[X,0x000000008003592A] -> 0x3325
[6853] [M]: 0x0000000080035928 (0x33250513) addi a0, a0, 0x332
x10 <- 0x3333333333333332
mem[X,0x000000008003592C] -> 0xB5B7
mem[X,0x000000008003592E] -> 0xAAAA
[6854] [M]: 0x000000008003592C (0xAAAAB5B7) lui a1, -0x55555
x11 <- 0xFFFFFFFFAAAAB000
mem[X,0x0000000080035930] -> 0x8593
mem[X,0x0000000080035932] -> 0xAAA5
[6855] [M]: 0x0000000080035930 (0xAAA58593) addi a1, a1, -0x556
x11 <- 0xFFFFFFFFAAAAAAAA
mem[X,0x0000000080035934] -> 0x9593
mem[X,0x0000000080035936] -> 0x00B5
[6856] [M]: 0x0000000080035934 (0x00B59593) slli a1, a1, 0xb
x11 <- 0xFFFFFD5555555000
mem[X,0x0000000080035938] -> 0x8593
mem[X,0x000000008003593A] -> 0x5555
[6857] [M]: 0x0000000080035938 (0x55558593) addi a1, a1, 0x555
x11 <- 0xFFFFFD5555555555
mem[X,0x000000008003593C] -> 0x9593
mem[X,0x000000008003593E] -> 0x00B5
[6858] [M]: 0x000000008003593C (0x00B59593) slli a1, a1, 0xb
x11 <- 0xFFEAAAAAAAAAA800
mem[X,0x0000000080035940] -> 0x8593
mem[X,0x0000000080035942] -> 0x2AA5
[6859] [M]: 0x0000000080035940 (0x2AA58593) addi a1, a1, 0x2aa
x11 <- 0xFFEAAAAAAAAAAAAA
mem[X,0x0000000080035944] -> 0x9593
mem[X,0x0000000080035946] -> 0x00A5
[6860] [M]: 0x0000000080035944 (0x00A59593) slli a1, a1, 0xa
x11 <- 0xAAAAAAAAAAAAA800
mem[X,0x0000000080035948] -> 0x8593
mem[X,0x000000008003594A] -> 0x2AB5
[6861] [M]: 0x0000000080035948 (0x2AB58593) addi a1, a1, 0x2ab
x11 <- 0xAAAAAAAAAAAAAAAB
mem[X,0x000000008003594C] -> 0x0113
mem[X,0x000000008003594E] -> 0x0000
[6862] [M]: 0x000000008003594C (0x00000113) addi sp, zero, 0x0
x2 <- 0x0000000000000000
mem[X,0x0000000080035950] -> 0x006F
mem[X,0x0000000080035952] -> 0x00C0
[6863] [M]: 0x0000000080035950 (0x00C0006F) jal zero, 0xc
mem[X,0x000000008003595C] -> 0x4663
mem[X,0x000000008003595E] -> 0x00B5
[6864] [M]: 0x000000008003595C (0x00B54663) blt a0, a1, 0xc
mem[X,0x0000000080035960] -> 0x0113
mem[X,0x0000000080035962] -> 0x0021
[6865] [M]: 0x0000000080035960 (0x00210113) addi sp, sp, 0x2
x2 <- 0x0000000000000002
mem[X,0x0000000080035964] -> 0x006F
mem[X,0x0000000080035966] -> 0x00C0
[6866] [M]: 0x0000000080035964 (0x00C0006F) jal zero, 0xc
mem[X,0x0000000080035970] -> 0xB823
mem[X,0x0000000080035972] -> 0x5620
[6867] [M]: 0x0000000080035970 (0x5620B823) sd sp, 0x570(ra)
mem[0x000000008004FF48] <- 0x0000000000000002
mem[X,0x0000000080035974] -> 0x3537
mem[X,0x0000000080035976] -> 0x3333
[6868] [M]: 0x0000000080035974 (0x33333537) lui a0, 0x33333
x10 <- 0x0000000033333000
mem[X,0x0000000080035978] -> 0x0513
mem[X,0x000000008003597A] -> 0x3335
[6869] [M]: 0x0000000080035978 (0x33350513) addi a0, a0, 0x333
x10 <- 0x0000000033333333
mem[X,0x000000008003597C] -> 0x1513
mem[X,0x000000008003597E] -> 0x00B5
[6870] [M]: 0x000000008003597C (0x00B51513) slli a0, a0, 0xb
x10 <- 0x0000019999999800
mem[X,0x0000000080035980] -> 0x0513
mem[X,0x0000000080035982] -> 0x1995
[6871] [M]: 0x0000000080035980 (0x19950513) addi a0, a0, 0x199
x10 <- 0x0000019999999999
mem[X,0x0000000080035984] -> 0x1513
mem[X,0x0000000080035986] -> 0x00B5
[6872] [M]: 0x0000000080035984 (0x00B51513) slli a0, a0, 0xb
x10 <- 0x000CCCCCCCCCC800
mem[X,0x0000000080035988] -> 0x0513
mem[X,0x000000008003598A] -> 0x4CC5
[6873] [M]: 0x0000000080035988 (0x4CC50513) addi a0, a0, 0x4cc
x10 <- 0x000CCCCCCCCCCCCC
mem[X,0x000000008003598C] -> 0x1513
mem[X,0x000000008003598E] -> 0x00A5
[6874] [M]: 0x000000008003598C (0x00A51513) slli a0, a0, 0xa
x10 <- 0x3333333333333000
mem[X,0x0000000080035990] -> 0x0513
mem[X,0x0000000080035992] -> 0x3325
[6875] [M]: 0x0000000080035990 (0x33250513) addi a0, a0, 0x332
x10 <- 0x3333333333333332
mem[X,0x0000000080035994] -> 0x0593
mem[X,0x0000000080035996] -> 0x0060
[6876] [M]: 0x0000000080035994 (0x00600593) addi a1, zero, 0x6
x11 <- 0x0000000000000006
mem[X,0x0000000080035998] -> 0x0113
mem[X,0x000000008003599A] -> 0x0000
[6877] [M]: 0x0000000080035998 (0x00000113) addi sp, zero, 0x0
x2 <- 0x0000000000000000
mem[X,0x000000008003599C] -> 0x006F
mem[X,0x000000008003599E] -> 0x00C0
[6878] [M]: 0x000000008003599C (0x00C0006F) jal zero, 0xc
mem[X,0x00000000800359A8] -> 0x4CE3
mem[X,0x00000000800359AA] -> 0xFEB5
[6879] [M]: 0x00000000800359A8 (0xFEB54CE3) blt a0, a1, -0x8
mem[X,0x00000000800359AC] -> 0x0113
mem[X,0x00000000800359AE] -> 0x0021
[6880] [M]: 0x00000000800359AC (0x00210113) addi sp, sp, 0x2
x2 <- 0x0000000000000002
mem[X,0x00000000800359B0] -> 0x006F
mem[X,0x00000000800359B2] -> 0x00C0
[6881] [M]: 0x00000000800359B0 (0x00C0006F) jal zero, 0xc
mem[X,0x00000000800359BC] -> 0xBC23
mem[X,0x00000000800359BE] -> 0x5620
[6882] [M]: 0x00000000800359BC (0x5620BC23) sd sp, 0x578(ra)
mem[0x000000008004FF50] <- 0x0000000000000002
mem[X,0x00000000800359C0] -> 0x3537
mem[X,0x00000000800359C2] -> 0x3333
[6883] [M]: 0x00000000800359C0 (0x33333537) lui a0, 0x33333
x10 <- 0x0000000033333000
mem[X,0x00000000800359C4] -> 0x0513
mem[X,0x00000000800359C6] -> 0x3335
[6884] [M]: 0x00000000800359C4 (0x33350513) addi a0, a0, 0x333
x10 <- 0x0000000033333333
mem[X,0x00000000800359C8] -> 0x1513
mem[X,0x00000000800359CA] -> 0x00B5
[6885] [M]: 0x00000000800359C8 (0x00B51513) slli a0, a0, 0xb
x10 <- 0x0000019999999800
mem[X,0x00000000800359CC] -> 0x0513
mem[X,0x00000000800359CE] -> 0x1995
[6886] [M]: 0x00000000800359CC (0x19950513) addi a0, a0, 0x199
x10 <- 0x0000019999999999
mem[X,0x00000000800359D0] -> 0x1513
mem[X,0x00000000800359D2] -> 0x00B5
[6887] [M]: 0x00000000800359D0 (0x00B51513) slli a0, a0, 0xb
x10 <- 0x000CCCCCCCCCC800
mem[X,0x00000000800359D4] -> 0x0513
mem[X,0x00000000800359D6] -> 0x4CC5
[6888] [M]: 0x00000000800359D4 (0x4CC50513) addi a0, a0, 0x4cc
x10 <- 0x000CCCCCCCCCCCCC
mem[X,0x00000000800359D8] -> 0x1513
mem[X,0x00000000800359DA] -> 0x00A5
[6889] [M]: 0x00000000800359D8 (0x00A51513) slli a0, a0, 0xa
x10 <- 0x3333333333333000
mem[X,0x00000000800359DC] -> 0x0513
mem[X,0x00000000800359DE] -> 0x3325
[6890] [M]: 0x00000000800359DC (0x33250513) addi a0, a0, 0x332
x10 <- 0x3333333333333332
mem[X,0x00000000800359E0] -> 0x35B7
mem[X,0x00000000800359E2] -> 0x3333
[6891] [M]: 0x00000000800359E0 (0x333335B7) lui a1, 0x33333
x11 <- 0x0000000033333000
mem[X,0x00000000800359E4] -> 0x8593
mem[X,0x00000000800359E6] -> 0x3335
[6892] [M]: 0x00000000800359E4 (0x33358593) addi a1, a1, 0x333
x11 <- 0x0000000033333333
mem[X,0x00000000800359E8] -> 0x9593
mem[X,0x00000000800359EA] -> 0x00B5
[6893] [M]: 0x00000000800359E8 (0x00B59593) slli a1, a1, 0xb
x11 <- 0x0000019999999800
mem[X,0x00000000800359EC] -> 0x8593
mem[X,0x00000000800359EE] -> 0x1995
[6894] [M]: 0x00000000800359EC (0x19958593) addi a1, a1, 0x199
x11 <- 0x0000019999999999
mem[X,0x00000000800359F0] -> 0x9593
mem[X,0x00000000800359F2] -> 0x00B5
[6895] [M]: 0x00000000800359F0 (0x00B59593) slli a1, a1, 0xb
x11 <- 0x000CCCCCCCCCC800
mem[X,0x00000000800359F4] -> 0x8593
mem[X,0x00000000800359F6] -> 0x4CC5
[6896] [M]: 0x00000000800359F4 (0x4CC58593) addi a1, a1, 0x4cc
x11 <- 0x000CCCCCCCCCCCCC
mem[X,0x00000000800359F8] -> 0x9593
mem[X,0x00000000800359FA] -> 0x00A5
[6897] [M]: 0x00000000800359F8 (0x00A59593) slli a1, a1, 0xa
x11 <- 0x3333333333333000
mem[X,0x00000000800359FC] -> 0x8593
mem[X,0x00000000800359FE] -> 0x3345
[6898] [M]: 0x00000000800359FC (0x33458593) addi a1, a1, 0x334
x11 <- 0x3333333333333334
mem[X,0x0000000080035A00] -> 0x0113
mem[X,0x0000000080035A02] -> 0x0000
[6899] [M]: 0x0000000080035A00 (0x00000113) addi sp, zero, 0x0
x2 <- 0x0000000000000000
clint::tick mtime <- 0x0000000000000045
 clint timer pending at mtime 0x0000000000000045
htif::tick 0x0000000000000000
mem[X,0x0000000080035A04] -> 0x006F
mem[X,0x0000000080035A06] -> 0x00C0
[6900] [M]: 0x0000000080035A04 (0x00C0006F) jal zero, 0xc
mem[X,0x0000000080035A10] -> 0x4663
mem[X,0x0000000080035A12] -> 0x00B5
[6901] [M]: 0x0000000080035A10 (0x00B54663) blt a0, a1, 0xc
mem[X,0x0000000080035A1C] -> 0x0113
mem[X,0x0000000080035A1E] -> 0x0031
[6902] [M]: 0x0000000080035A1C (0x00310113) addi sp, sp, 0x3
x2 <- 0x0000000000000003
mem[X,0x0000000080035A20] -> 0x006F
mem[X,0x0000000080035A22] -> 0x0040
[6903] [M]: 0x0000000080035A20 (0x0040006F) jal zero, 0x4
mem[X,0x0000000080035A24] -> 0xB023
mem[X,0x0000000080035A26] -> 0x5820
[6904] [M]: 0x0000000080035A24 (0x5820B023) sd sp, 0x580(ra)
mem[0x000000008004FF58] <- 0x0000000000000003
mem[X,0x0000000080035A28] -> 0x3537
mem[X,0x0000000080035A2A] -> 0x3333
[6905] [M]: 0x0000000080035A28 (0x33333537) lui a0, 0x33333
x10 <- 0x0000000033333000
mem[X,0x0000000080035A2C] -> 0x0513
mem[X,0x0000000080035A2E] -> 0x3335
[6906] [M]: 0x0000000080035A2C (0x33350513) addi a0, a0, 0x333
x10 <- 0x0000000033333333
mem[X,0x0000000080035A30] -> 0x1513
mem[X,0x0000000080035A32] -> 0x00B5
[6907] [M]: 0x0000000080035A30 (0x00B51513) slli a0, a0, 0xb
x10 <- 0x0000019999999800
mem[X,0x0000000080035A34] -> 0x0513
mem[X,0x0000000080035A36] -> 0x1995
[6908] [M]: 0x0000000080035A34 (0x19950513) addi a0, a0, 0x199
x10 <- 0x0000019999999999
mem[X,0x0000000080035A38] -> 0x1513
mem[X,0x0000000080035A3A] -> 0x00B5
[6909] [M]: 0x0000000080035A38 (0x00B51513) slli a0, a0, 0xb
x10 <- 0x000CCCCCCCCCC800
mem[X,0x0000000080035A3C] -> 0x0513
mem[X,0x0000000080035A3E] -> 0x4CC5
[6910] [M]: 0x0000000080035A3C (0x4CC50513) addi a0, a0, 0x4cc
x10 <- 0x000CCCCCCCCCCCCC
mem[X,0x0000000080035A40] -> 0x1513
mem[X,0x0000000080035A42] -> 0x00A5
[6911] [M]: 0x0000000080035A40 (0x00A51513) slli a0, a0, 0xa
x10 <- 0x3333333333333000
mem[X,0x0000000080035A44] -> 0x0513
mem[X,0x0000000080035A46] -> 0x3325
[6912] [M]: 0x0000000080035A44 (0x33250513) addi a0, a0, 0x332
x10 <- 0x3333333333333332
mem[X,0x0000000080035A48] -> 0x65B7
mem[X,0x0000000080035A4A] -> 0x6666
[6913] [M]: 0x0000000080035A48 (0x666665B7) lui a1, 0x66666
x11 <- 0x0000000066666000
mem[X,0x0000000080035A4C] -> 0x8593
mem[X,0x0000000080035A4E] -> 0x6665
[6914] [M]: 0x0000000080035A4C (0x66658593) addi a1, a1, 0x666
x11 <- 0x0000000066666666
mem[X,0x0000000080035A50] -> 0x9593
mem[X,0x0000000080035A52] -> 0x00B5
[6915] [M]: 0x0000000080035A50 (0x00B59593) slli a1, a1, 0xb
x11 <- 0x0000033333333000
mem[X,0x0000000080035A54] -> 0x8593
mem[X,0x0000000080035A56] -> 0x3335
[6916] [M]: 0x0000000080035A54 (0x33358593) addi a1, a1, 0x333
x11 <- 0x0000033333333333
mem[X,0x0000000080035A58] -> 0x9593
mem[X,0x0000000080035A5A] -> 0x00B5
[6917] [M]: 0x0000000080035A58 (0x00B59593) slli a1, a1, 0xb
x11 <- 0x0019999999999800
mem[X,0x0000000080035A5C] -> 0x8593
mem[X,0x0000000080035A5E] -> 0x1995
[6918] [M]: 0x0000000080035A5C (0x19958593) addi a1, a1, 0x199
x11 <- 0x0019999999999999
mem[X,0x0000000080035A60] -> 0x9593
mem[X,0x0000000080035A62] -> 0x00A5
[6919] [M]: 0x0000000080035A60 (0x00A59593) slli a1, a1, 0xa
x11 <- 0x6666666666666400
mem[X,0x0000000080035A64] -> 0x8593
mem[X,0x0000000080035A66] -> 0x2675
[6920] [M]: 0x0000000080035A64 (0x26758593) addi a1, a1, 0x267
x11 <- 0x6666666666666667
mem[X,0x0000000080035A68] -> 0x0113
mem[X,0x0000000080035A6A] -> 0x0000
[6921] [M]: 0x0000000080035A68 (0x00000113) addi sp, zero, 0x0
x2 <- 0x0000000000000000
mem[X,0x0000000080035A6C] -> 0x006F
mem[X,0x0000000080035A6E] -> 0x00C0
[6922] [M]: 0x0000000080035A6C (0x00C0006F) jal zero, 0xc
mem[X,0x0000000080035A78] -> 0x4063
mem[X,0x0000000080035A7A] -> 0x20B5
[6923] [M]: 0x0000000080035A78 (0x20B54063) blt a0, a1, 0x200
mem[X,0x0000000080035C78] -> 0x0113
mem[X,0x0000000080035C7A] -> 0x0031
[6924] [M]: 0x0000000080035C78 (0x00310113) addi sp, sp, 0x3
x2 <- 0x0000000000000003
mem[X,0x0000000080035C7C] -> 0x006F
mem[X,0x0000000080035C7E] -> 0x0040
[6925] [M]: 0x0000000080035C7C (0x0040006F) jal zero, 0x4
mem[X,0x0000000080035C80] -> 0xB423
mem[X,0x0000000080035C82] -> 0x5820
[6926] [M]: 0x0000000080035C80 (0x5820B423) sd sp, 0x588(ra)
mem[0x000000008004FF60] <- 0x0000000000000003
mem[X,0x0000000080035C84] -> 0x3537
mem[X,0x0000000080035C86] -> 0x3333
[6927] [M]: 0x0000000080035C84 (0x33333537) lui a0, 0x33333
x10 <- 0x0000000033333000
mem[X,0x0000000080035C88] -> 0x0513
mem[X,0x0000000080035C8A] -> 0x3335
[6928] [M]: 0x0000000080035C88 (0x33350513) addi a0, a0, 0x333
x10 <- 0x0000000033333333
mem[X,0x0000000080035C8C] -> 0x1513
mem[X,0x0000000080035C8E] -> 0x00B5
[6929] [M]: 0x0000000080035C8C (0x00B51513) slli a0, a0, 0xb
x10 <- 0x0000019999999800
mem[X,0x0000000080035C90] -> 0x0513
mem[X,0x0000000080035C92] -> 0x1995
[6930] [M]: 0x0000000080035C90 (0x19950513) addi a0, a0, 0x199
x10 <- 0x0000019999999999
mem[X,0x0000000080035C94] -> 0x1513
mem[X,0x0000000080035C96] -> 0x00B5
[6931] [M]: 0x0000000080035C94 (0x00B51513) slli a0, a0, 0xb
x10 <- 0x000CCCCCCCCCC800
mem[X,0x0000000080035C98] -> 0x0513
mem[X,0x0000000080035C9A] -> 0x4CC5
[6932] [M]: 0x0000000080035C98 (0x4CC50513) addi a0, a0, 0x4cc
x10 <- 0x000CCCCCCCCCCCCC
mem[X,0x0000000080035C9C] -> 0x1513
mem[X,0x0000000080035C9E] -> 0x00A5
[6933] [M]: 0x0000000080035C9C (0x00A51513) slli a0, a0, 0xa
x10 <- 0x3333333333333000
mem[X,0x0000000080035CA0] -> 0x0513
mem[X,0x0000000080035CA2] -> 0x3325
[6934] [M]: 0x0000000080035CA0 (0x33250513) addi a0, a0, 0x332
x10 <- 0x3333333333333332
mem[X,0x0000000080035CA4] -> 0x05B7
mem[X,0x0000000080035CA6] -> 0x0000
[6935] [M]: 0x0000000080035CA4 (0x000005B7) lui a1, 0x0
x11 <- 0x0000000000000000
mem[X,0x0000000080035CA8] -> 0x8593
mem[X,0x0000000080035CAA] -> 0xFFF5
[6936] [M]: 0x0000000080035CA8 (0xFFF58593) addi a1, a1, -0x1
x11 <- 0xFFFFFFFFFFFFFFFF
mem[X,0x0000000080035CAC] -> 0x9593
mem[X,0x0000000080035CAE] -> 0x00B5
[6937] [M]: 0x0000000080035CAC (0x00B59593) slli a1, a1, 0xb
x11 <- 0xFFFFFFFFFFFFF800
mem[X,0x0000000080035CB0] -> 0x8593
mem[X,0x0000000080035CB2] -> 0x2575
[6938] [M]: 0x0000000080035CB0 (0x25758593) addi a1, a1, 0x257
x11 <- 0xFFFFFFFFFFFFFA57
mem[X,0x0000000080035CB4] -> 0x9593
mem[X,0x0000000080035CB6] -> 0x00B5
[6939] [M]: 0x0000000080035CB4 (0x00B59593) slli a1, a1, 0xb
x11 <- 0xFFFFFFFFFFD2B800
mem[X,0x0000000080035CB8] -> 0x8593
mem[X,0x0000000080035CBA] -> 0x6C35
[6940] [M]: 0x0000000080035CB8 (0x6C358593) addi a1, a1, 0x6c3
x11 <- 0xFFFFFFFFFFD2BEC3
mem[X,0x0000000080035CBC] -> 0x9593
mem[X,0x0000000080035CBE] -> 0x00A5
[6941] [M]: 0x0000000080035CBC (0x00A59593) slli a1, a1, 0xa
x11 <- 0xFFFFFFFF4AFB0C00
mem[X,0x0000000080035CC0] -> 0x8593
mem[X,0x0000000080035CC2] -> 0x0CE5
[6942] [M]: 0x0000000080035CC0 (0x0CE58593) addi a1, a1, 0xce
x11 <- 0xFFFFFFFF4AFB0CCE
mem[X,0x0000000080035CC4] -> 0x0113
mem[X,0x0000000080035CC6] -> 0x0000
[6943] [M]: 0x0000000080035CC4 (0x00000113) addi sp, zero, 0x0
x2 <- 0x0000000000000000
mem[X,0x0000000080035CC8] -> 0x006F
mem[X,0x0000000080035CCA] -> 0x00C0
[6944] [M]: 0x0000000080035CC8 (0x00C0006F) jal zero, 0xc
mem[X,0x0000000080035CD4] -> 0x4063
mem[X,0x0000000080035CD6] -> 0x40B5
[6945] [M]: 0x0000000080035CD4 (0x40B54063) blt a0, a1, 0x400
mem[X,0x0000000080035CD8] -> 0x0113
mem[X,0x0000000080035CDA] -> 0x0021
[6946] [M]: 0x0000000080035CD8 (0x00210113) addi sp, sp, 0x2
x2 <- 0x0000000000000002
mem[X,0x0000000080035CDC] -> 0x006F
mem[X,0x0000000080035CDE] -> 0x4000
[6947] [M]: 0x0000000080035CDC (0x4000006F) jal zero, 0x400
mem[X,0x00000000800360DC] -> 0xB823
mem[X,0x00000000800360DE] -> 0x5820
[6948] [M]: 0x00000000800360DC (0x5820B823) sd sp, 0x590(ra)
mem[0x000000008004FF68] <- 0x0000000000000002
mem[X,0x00000000800360E0] -> 0x3537
mem[X,0x00000000800360E2] -> 0x3333
[6949] [M]: 0x00000000800360E0 (0x33333537) lui a0, 0x33333
x10 <- 0x0000000033333000
mem[X,0x00000000800360E4] -> 0x0513
mem[X,0x00000000800360E6] -> 0x3335
[6950] [M]: 0x00000000800360E4 (0x33350513) addi a0, a0, 0x333
x10 <- 0x0000000033333333
mem[X,0x00000000800360E8] -> 0x1513
mem[X,0x00000000800360EA] -> 0x00B5
[6951] [M]: 0x00000000800360E8 (0x00B51513) slli a0, a0, 0xb
x10 <- 0x0000019999999800
mem[X,0x00000000800360EC] -> 0x0513
mem[X,0x00000000800360EE] -> 0x1995
[6952] [M]: 0x00000000800360EC (0x19950513) addi a0, a0, 0x199
x10 <- 0x0000019999999999
mem[X,0x00000000800360F0] -> 0x1513
mem[X,0x00000000800360F2] -> 0x00B5
[6953] [M]: 0x00000000800360F0 (0x00B51513) slli a0, a0, 0xb
x10 <- 0x000CCCCCCCCCC800
mem[X,0x00000000800360F4] -> 0x0513
mem[X,0x00000000800360F6] -> 0x4CC5
[6954] [M]: 0x00000000800360F4 (0x4CC50513) addi a0, a0, 0x4cc
x10 <- 0x000CCCCCCCCCCCCC
mem[X,0x00000000800360F8] -> 0x1513
mem[X,0x00000000800360FA] -> 0x00A5
[6955] [M]: 0x00000000800360F8 (0x00A51513) slli a0, a0, 0xa
x10 <- 0x3333333333333000
mem[X,0x00000000800360FC] -> 0x0513
mem[X,0x00000000800360FE] -> 0x3325
[6956] [M]: 0x00000000800360FC (0x33250513) addi a0, a0, 0x332
x10 <- 0x3333333333333332
mem[X,0x0000000080036100] -> 0x05B7
mem[X,0x0000000080036102] -> 0x0000
[6957] [M]: 0x0000000080036100 (0x000005B7) lui a1, 0x0
x11 <- 0x0000000000000000
mem[X,0x0000000080036104] -> 0x8593
mem[X,0x0000000080036106] -> 0x0005
[6958] [M]: 0x0000000080036104 (0x00058593) addi a1, a1, 0x0
x11 <- 0x0000000000000000
mem[X,0x0000000080036108] -> 0x9593
mem[X,0x000000008003610A] -> 0x00B5
[6959] [M]: 0x0000000080036108 (0x00B59593) slli a1, a1, 0xb
x11 <- 0x0000000000000000
mem[X,0x000000008003610C] -> 0x8593
mem[X,0x000000008003610E] -> 0x5A85
[6960] [M]: 0x000000008003610C (0x5A858593) addi a1, a1, 0x5a8
x11 <- 0x00000000000005A8
mem[X,0x0000000080036110] -> 0x9593
mem[X,0x0000000080036112] -> 0x00B5
[6961] [M]: 0x0000000080036110 (0x00B59593) slli a1, a1, 0xb
x11 <- 0x00000000002D4000
mem[X,0x0000000080036114] -> 0x8593
mem[X,0x0000000080036116] -> 0x13C5
[6962] [M]: 0x0000000080036114 (0x13C58593) addi a1, a1, 0x13c
x11 <- 0x00000000002D413C
mem[X,0x0000000080036118] -> 0x9593
mem[X,0x000000008003611A] -> 0x00A5
[6963] [M]: 0x0000000080036118 (0x00A59593) slli a1, a1, 0xa
x11 <- 0x00000000B504F000
mem[X,0x000000008003611C] -> 0x8593
mem[X,0x000000008003611E] -> 0x3345
[6964] [M]: 0x000000008003611C (0x33458593) addi a1, a1, 0x334
x11 <- 0x00000000B504F334
mem[X,0x0000000080036120] -> 0x0113
mem[X,0x0000000080036122] -> 0x0000
[6965] [M]: 0x0000000080036120 (0x00000113) addi sp, zero, 0x0
x2 <- 0x0000000000000000
mem[X,0x0000000080036124] -> 0x006F
mem[X,0x0000000080036126] -> 0x00C0
[6966] [M]: 0x0000000080036124 (0x00C0006F) jal zero, 0xc
mem[X,0x0000000080036130] -> 0x4663
mem[X,0x0000000080036132] -> 0x00B5
[6967] [M]: 0x0000000080036130 (0x00B54663) blt a0, a1, 0xc
mem[X,0x0000000080036134] -> 0x0113
mem[X,0x0000000080036136] -> 0x0021
[6968] [M]: 0x0000000080036134 (0x00210113) addi sp, sp, 0x2
x2 <- 0x0000000000000002
mem[X,0x0000000080036138] -> 0x006F
mem[X,0x000000008003613A] -> 0x00C0
[6969] [M]: 0x0000000080036138 (0x00C0006F) jal zero, 0xc
mem[X,0x0000000080036144] -> 0xBC23
mem[X,0x0000000080036146] -> 0x5820
[6970] [M]: 0x0000000080036144 (0x5820BC23) sd sp, 0x598(ra)
mem[0x000000008004FF70] <- 0x0000000000000002
mem[X,0x0000000080036148] -> 0x6537
mem[X,0x000000008003614A] -> 0x6666
[6971] [M]: 0x0000000080036148 (0x66666537) lui a0, 0x66666
x10 <- 0x0000000066666000
mem[X,0x000000008003614C] -> 0x0513
mem[X,0x000000008003614E] -> 0x6665
[6972] [M]: 0x000000008003614C (0x66650513) addi a0, a0, 0x666
x10 <- 0x0000000066666666
mem[X,0x0000000080036150] -> 0x1513
mem[X,0x0000000080036152] -> 0x00B5
[6973] [M]: 0x0000000080036150 (0x00B51513) slli a0, a0, 0xb
x10 <- 0x0000033333333000
mem[X,0x0000000080036154] -> 0x0513
mem[X,0x0000000080036156] -> 0x3335
[6974] [M]: 0x0000000080036154 (0x33350513) addi a0, a0, 0x333
x10 <- 0x0000033333333333
mem[X,0x0000000080036158] -> 0x1513
mem[X,0x000000008003615A] -> 0x00B5
[6975] [M]: 0x0000000080036158 (0x00B51513) slli a0, a0, 0xb
x10 <- 0x0019999999999800
mem[X,0x000000008003615C] -> 0x0513
mem[X,0x000000008003615E] -> 0x1995
[6976] [M]: 0x000000008003615C (0x19950513) addi a0, a0, 0x199
x10 <- 0x0019999999999999
mem[X,0x0000000080036160] -> 0x1513
mem[X,0x0000000080036162] -> 0x00A5
[6977] [M]: 0x0000000080036160 (0x00A51513) slli a0, a0, 0xa
x10 <- 0x6666666666666400
mem[X,0x0000000080036164] -> 0x0513
mem[X,0x0000000080036166] -> 0x2655
[6978] [M]: 0x0000000080036164 (0x26550513) addi a0, a0, 0x265
x10 <- 0x6666666666666665
mem[X,0x0000000080036168] -> 0x0593
mem[X,0x000000008003616A] -> 0x0030
[6979] [M]: 0x0000000080036168 (0x00300593) addi a1, zero, 0x3
x11 <- 0x0000000000000003
mem[X,0x000000008003616C] -> 0x0113
mem[X,0x000000008003616E] -> 0x0000
[6980] [M]: 0x000000008003616C (0x00000113) addi sp, zero, 0x0
x2 <- 0x0000000000000000
mem[X,0x0000000080036170] -> 0x006F
mem[X,0x0000000080036172] -> 0x0050
[6981] [M]: 0x0000000080036170 (0x0050006F) jal zero, 0x804
mem[X,0x0000000080036974] -> 0x40E3
mem[X,0x0000000080036976] -> 0x80B5
[6982] [M]: 0x0000000080036974 (0x80B540E3) blt a0, a1, -0x800
mem[X,0x0000000080036978] -> 0x0113
mem[X,0x000000008003697A] -> 0x0021
[6983] [M]: 0x0000000080036978 (0x00210113) addi sp, sp, 0x2
x2 <- 0x0000000000000002
mem[X,0x000000008003697C] -> 0x006F
mem[X,0x000000008003697E] -> 0x00C0
[6984] [M]: 0x000000008003697C (0x00C0006F) jal zero, 0xc
mem[X,0x0000000080036988] -> 0xB023
mem[X,0x000000008003698A] -> 0x5A20
[6985] [M]: 0x0000000080036988 (0x5A20B023) sd sp, 0x5a0(ra)
mem[0x000000008004FF78] <- 0x0000000000000002
mem[X,0x000000008003698C] -> 0x6537
mem[X,0x000000008003698E] -> 0x6666
[6986] [M]: 0x000000008003698C (0x66666537) lui a0, 0x66666
x10 <- 0x0000000066666000
mem[X,0x0000000080036990] -> 0x0513
mem[X,0x0000000080036992] -> 0x6665
[6987] [M]: 0x0000000080036990 (0x66650513) addi a0, a0, 0x666
x10 <- 0x0000000066666666
mem[X,0x0000000080036994] -> 0x1513
mem[X,0x0000000080036996] -> 0x00B5
[6988] [M]: 0x0000000080036994 (0x00B51513) slli a0, a0, 0xb
x10 <- 0x0000033333333000
mem[X,0x0000000080036998] -> 0x0513
mem[X,0x000000008003699A] -> 0x3335
[6989] [M]: 0x0000000080036998 (0x33350513) addi a0, a0, 0x333
x10 <- 0x0000033333333333
mem[X,0x000000008003699C] -> 0x1513
mem[X,0x000000008003699E] -> 0x00B5
[6990] [M]: 0x000000008003699C (0x00B51513) slli a0, a0, 0xb
x10 <- 0x0019999999999800
mem[X,0x00000000800369A0] -> 0x0513
mem[X,0x00000000800369A2] -> 0x1995
[6991] [M]: 0x00000000800369A0 (0x19950513) addi a0, a0, 0x199
x10 <- 0x0019999999999999
mem[X,0x00000000800369A4] -> 0x1513
mem[X,0x00000000800369A6] -> 0x00A5
[6992] [M]: 0x00000000800369A4 (0x00A51513) slli a0, a0, 0xa
x10 <- 0x6666666666666400
mem[X,0x00000000800369A8] -> 0x0513
mem[X,0x00000000800369AA] -> 0x2655
[6993] [M]: 0x00000000800369A8 (0x26550513) addi a0, a0, 0x265
x10 <- 0x6666666666666665
mem[X,0x00000000800369AC] -> 0x55B7
mem[X,0x00000000800369AE] -> 0x5555
[6994] [M]: 0x00000000800369AC (0x555555B7) lui a1, 0x55555
x11 <- 0x0000000055555000
mem[X,0x00000000800369B0] -> 0x8593
mem[X,0x00000000800369B2] -> 0x5555
[6995] [M]: 0x00000000800369B0 (0x55558593) addi a1, a1, 0x555
x11 <- 0x0000000055555555
mem[X,0x00000000800369B4] -> 0x9593
mem[X,0x00000000800369B6] -> 0x00B5
[6996] [M]: 0x00000000800369B4 (0x00B59593) slli a1, a1, 0xb
x11 <- 0x000002AAAAAAA800
mem[X,0x00000000800369B8] -> 0x8593
mem[X,0x00000000800369BA] -> 0x2AA5
[6997] [M]: 0x00000000800369B8 (0x2AA58593) addi a1, a1, 0x2aa
x11 <- 0x000002AAAAAAAAAA
mem[X,0x00000000800369BC] -> 0x9593
mem[X,0x00000000800369BE] -> 0x00B5
[6998] [M]: 0x00000000800369BC (0x00B59593) slli a1, a1, 0xb
x11 <- 0x0015555555555000
mem[X,0x00000000800369C0] -> 0x8593
mem[X,0x00000000800369C2] -> 0x5555
[6999] [M]: 0x00000000800369C0 (0x55558593) addi a1, a1, 0x555
x11 <- 0x0015555555555555
clint::tick mtime <- 0x0000000000000046
 clint timer pending at mtime 0x0000000000000046
htif::tick 0x0000000000000000
mem[X,0x00000000800369C4] -> 0x9593
mem[X,0x00000000800369C6] -> 0x00A5
[7000] [M]: 0x00000000800369C4 (0x00A59593) slli a1, a1, 0xa
x11 <- 0x5555555555555400
mem[X,0x00000000800369C8] -> 0x8593
mem[X,0x00000000800369CA] -> 0x1555
[7001] [M]: 0x00000000800369C8 (0x15558593) addi a1, a1, 0x155
x11 <- 0x5555555555555555
mem[X,0x00000000800369CC] -> 0x0113
mem[X,0x00000000800369CE] -> 0x0000
[7002] [M]: 0x00000000800369CC (0x00000113) addi sp, zero, 0x0
x2 <- 0x0000000000000000
mem[X,0x00000000800369D0] -> 0x006F
mem[X,0x00000000800369D2] -> 0x0140
[7003] [M]: 0x00000000800369D0 (0x0140006F) jal zero, 0x14
mem[X,0x00000000800369E4] -> 0x48E3
mem[X,0x00000000800369E6] -> 0xFEB5
[7004] [M]: 0x00000000800369E4 (0xFEB548E3) blt a0, a1, -0x10
mem[X,0x00000000800369E8] -> 0x0113
mem[X,0x00000000800369EA] -> 0x0021
[7005] [M]: 0x00000000800369E8 (0x00210113) addi sp, sp, 0x2
x2 <- 0x0000000000000002
mem[X,0x00000000800369EC] -> 0x006F
mem[X,0x00000000800369EE] -> 0x00C0
[7006] [M]: 0x00000000800369EC (0x00C0006F) jal zero, 0xc
mem[X,0x00000000800369F8] -> 0xB423
mem[X,0x00000000800369FA] -> 0x5A20
[7007] [M]: 0x00000000800369F8 (0x5A20B423) sd sp, 0x5a8(ra)
mem[0x000000008004FF80] <- 0x0000000000000002
mem[X,0x00000000800369FC] -> 0x6537
mem[X,0x00000000800369FE] -> 0x6666
[7008] [M]: 0x00000000800369FC (0x66666537) lui a0, 0x66666
x10 <- 0x0000000066666000
mem[X,0x0000000080036A00] -> 0x0513
mem[X,0x0000000080036A02] -> 0x6665
[7009] [M]: 0x0000000080036A00 (0x66650513) addi a0, a0, 0x666
x10 <- 0x0000000066666666
mem[X,0x0000000080036A04] -> 0x1513
mem[X,0x0000000080036A06] -> 0x00B5
[7010] [M]: 0x0000000080036A04 (0x00B51513) slli a0, a0, 0xb
x10 <- 0x0000033333333000
mem[X,0x0000000080036A08] -> 0x0513
mem[X,0x0000000080036A0A] -> 0x3335
[7011] [M]: 0x0000000080036A08 (0x33350513) addi a0, a0, 0x333
x10 <- 0x0000033333333333
mem[X,0x0000000080036A0C] -> 0x1513
mem[X,0x0000000080036A0E] -> 0x00B5
[7012] [M]: 0x0000000080036A0C (0x00B51513) slli a0, a0, 0xb
x10 <- 0x0019999999999800
mem[X,0x0000000080036A10] -> 0x0513
mem[X,0x0000000080036A12] -> 0x1995
[7013] [M]: 0x0000000080036A10 (0x19950513) addi a0, a0, 0x199
x10 <- 0x0019999999999999
mem[X,0x0000000080036A14] -> 0x1513
mem[X,0x0000000080036A16] -> 0x00A5
[7014] [M]: 0x0000000080036A14 (0x00A51513) slli a0, a0, 0xa
x10 <- 0x6666666666666400
mem[X,0x0000000080036A18] -> 0x0513
mem[X,0x0000000080036A1A] -> 0x2655
[7015] [M]: 0x0000000080036A18 (0x26550513) addi a0, a0, 0x265
x10 <- 0x6666666666666665
mem[X,0x0000000080036A1C] -> 0xB5B7
mem[X,0x0000000080036A1E] -> 0xAAAA
[7016] [M]: 0x0000000080036A1C (0xAAAAB5B7) lui a1, -0x55555
x11 <- 0xFFFFFFFFAAAAB000
mem[X,0x0000000080036A20] -> 0x8593
mem[X,0x0000000080036A22] -> 0xAAA5
[7017] [M]: 0x0000000080036A20 (0xAAA58593) addi a1, a1, -0x556
x11 <- 0xFFFFFFFFAAAAAAAA
mem[X,0x0000000080036A24] -> 0x9593
mem[X,0x0000000080036A26] -> 0x00B5
[7018] [M]: 0x0000000080036A24 (0x00B59593) slli a1, a1, 0xb
x11 <- 0xFFFFFD5555555000
mem[X,0x0000000080036A28] -> 0x8593
mem[X,0x0000000080036A2A] -> 0x5555
[7019] [M]: 0x0000000080036A28 (0x55558593) addi a1, a1, 0x555
x11 <- 0xFFFFFD5555555555
mem[X,0x0000000080036A2C] -> 0x9593
mem[X,0x0000000080036A2E] -> 0x00B5
[7020] [M]: 0x0000000080036A2C (0x00B59593) slli a1, a1, 0xb
x11 <- 0xFFEAAAAAAAAAA800
mem[X,0x0000000080036A30] -> 0x8593
mem[X,0x0000000080036A32] -> 0x2AA5
[7021] [M]: 0x0000000080036A30 (0x2AA58593) addi a1, a1, 0x2aa
x11 <- 0xFFEAAAAAAAAAAAAA
mem[X,0x0000000080036A34] -> 0x9593
mem[X,0x0000000080036A36] -> 0x00A5
[7022] [M]: 0x0000000080036A34 (0x00A59593) slli a1, a1, 0xa
x11 <- 0xAAAAAAAAAAAAA800
mem[X,0x0000000080036A38] -> 0x8593
mem[X,0x0000000080036A3A] -> 0x2AA5
[7023] [M]: 0x0000000080036A38 (0x2AA58593) addi a1, a1, 0x2aa
x11 <- 0xAAAAAAAAAAAAAAAA
mem[X,0x0000000080036A3C] -> 0x0113
mem[X,0x0000000080036A3E] -> 0x0000
[7024] [M]: 0x0000000080036A3C (0x00000113) addi sp, zero, 0x0
x2 <- 0x0000000000000000
mem[X,0x0000000080036A40] -> 0x006F
mem[X,0x0000000080036A42] -> 0x2B10
[7025] [M]: 0x0000000080036A40 (0x2B10006F) jal zero, 0xab0
mem[X,0x00000000800374F0] -> 0x4A63
mem[X,0x00000000800374F2] -> 0xD4B5
[7026] [M]: 0x00000000800374F0 (0xD4B54A63) blt a0, a1, -0xaac
mem[X,0x00000000800374F4] -> 0x0113
mem[X,0x00000000800374F6] -> 0x0021
[7027] [M]: 0x00000000800374F4 (0x00210113) addi sp, sp, 0x2
x2 <- 0x0000000000000002
mem[X,0x00000000800374F8] -> 0x006F
mem[X,0x00000000800374FA] -> 0x00C0
[7028] [M]: 0x00000000800374F8 (0x00C0006F) jal zero, 0xc
mem[X,0x0000000080037504] -> 0xB823
mem[X,0x0000000080037506] -> 0x5A20
[7029] [M]: 0x0000000080037504 (0x5A20B823) sd sp, 0x5b0(ra)
mem[0x000000008004FF88] <- 0x0000000000000002
mem[X,0x0000000080037508] -> 0x6537
mem[X,0x000000008003750A] -> 0x6666
[7030] [M]: 0x0000000080037508 (0x66666537) lui a0, 0x66666
x10 <- 0x0000000066666000
mem[X,0x000000008003750C] -> 0x0513
mem[X,0x000000008003750E] -> 0x6665
[7031] [M]: 0x000000008003750C (0x66650513) addi a0, a0, 0x666
x10 <- 0x0000000066666666
mem[X,0x0000000080037510] -> 0x1513
mem[X,0x0000000080037512] -> 0x00B5
[7032] [M]: 0x0000000080037510 (0x00B51513) slli a0, a0, 0xb
x10 <- 0x0000033333333000
mem[X,0x0000000080037514] -> 0x0513
mem[X,0x0000000080037516] -> 0x3335
[7033] [M]: 0x0000000080037514 (0x33350513) addi a0, a0, 0x333
x10 <- 0x0000033333333333
mem[X,0x0000000080037518] -> 0x1513
mem[X,0x000000008003751A] -> 0x00B5
[7034] [M]: 0x0000000080037518 (0x00B51513) slli a0, a0, 0xb
x10 <- 0x0019999999999800
mem[X,0x000000008003751C] -> 0x0513
mem[X,0x000000008003751E] -> 0x1995
[7035] [M]: 0x000000008003751C (0x19950513) addi a0, a0, 0x199
x10 <- 0x0019999999999999
mem[X,0x0000000080037520] -> 0x1513
mem[X,0x0000000080037522] -> 0x00A5
[7036] [M]: 0x0000000080037520 (0x00A51513) slli a0, a0, 0xa
x10 <- 0x6666666666666400
mem[X,0x0000000080037524] -> 0x0513
mem[X,0x0000000080037526] -> 0x2655
[7037] [M]: 0x0000000080037524 (0x26550513) addi a0, a0, 0x265
x10 <- 0x6666666666666665
mem[X,0x0000000080037528] -> 0x0593
mem[X,0x000000008003752A] -> 0x0050
[7038] [M]: 0x0000000080037528 (0x00500593) addi a1, zero, 0x5
x11 <- 0x0000000000000005
mem[X,0x000000008003752C] -> 0x0113
mem[X,0x000000008003752E] -> 0x0000
[7039] [M]: 0x000000008003752C (0x00000113) addi sp, zero, 0x0
x2 <- 0x0000000000000000
mem[X,0x0000000080037530] -> 0x006F
mem[X,0x0000000080037532] -> 0x2B10
[7040] [M]: 0x0000000080037530 (0x2B10006F) jal zero, 0xab0
mem[X,0x0000000080037FE0] -> 0x4A63
mem[X,0x0000000080037FE2] -> 0xD4B5
[7041] [M]: 0x0000000080037FE0 (0xD4B54A63) blt a0, a1, -0xaac
mem[X,0x0000000080037FE4] -> 0x0113
mem[X,0x0000000080037FE6] -> 0x0021
[7042] [M]: 0x0000000080037FE4 (0x00210113) addi sp, sp, 0x2
x2 <- 0x0000000000000002
mem[X,0x0000000080037FE8] -> 0x006F
mem[X,0x0000000080037FEA] -> 0x00C0
[7043] [M]: 0x0000000080037FE8 (0x00C0006F) jal zero, 0xc
mem[X,0x0000000080037FF4] -> 0xBC23
mem[X,0x0000000080037FF6] -> 0x5A20
[7044] [M]: 0x0000000080037FF4 (0x5A20BC23) sd sp, 0x5b8(ra)
mem[0x000000008004FF90] <- 0x0000000000000002
mem[X,0x0000000080037FF8] -> 0x6537
mem[X,0x0000000080037FFA] -> 0x6666
[7045] [M]: 0x0000000080037FF8 (0x66666537) lui a0, 0x66666
x10 <- 0x0000000066666000
mem[X,0x0000000080037FFC] -> 0x0513
mem[X,0x0000000080037FFE] -> 0x6665
[7046] [M]: 0x0000000080037FFC (0x66650513) addi a0, a0, 0x666
x10 <- 0x0000000066666666
mem[X,0x0000000080038000] -> 0x1513
mem[X,0x0000000080038002] -> 0x00B5
[7047] [M]: 0x0000000080038000 (0x00B51513) slli a0, a0, 0xb
x10 <- 0x0000033333333000
mem[X,0x0000000080038004] -> 0x0513
mem[X,0x0000000080038006] -> 0x3335
[7048] [M]: 0x0000000080038004 (0x33350513) addi a0, a0, 0x333
x10 <- 0x0000033333333333
mem[X,0x0000000080038008] -> 0x1513
mem[X,0x000000008003800A] -> 0x00B5
[7049] [M]: 0x0000000080038008 (0x00B51513) slli a0, a0, 0xb
x10 <- 0x0019999999999800
mem[X,0x000000008003800C] -> 0x0513
mem[X,0x000000008003800E] -> 0x1995
[7050] [M]: 0x000000008003800C (0x19950513) addi a0, a0, 0x199
x10 <- 0x0019999999999999
mem[X,0x0000000080038010] -> 0x1513
mem[X,0x0000000080038012] -> 0x00A5
[7051] [M]: 0x0000000080038010 (0x00A51513) slli a0, a0, 0xa
x10 <- 0x6666666666666400
mem[X,0x0000000080038014] -> 0x0513
mem[X,0x0000000080038016] -> 0x2655
[7052] [M]: 0x0000000080038014 (0x26550513) addi a0, a0, 0x265
x10 <- 0x6666666666666665
mem[X,0x0000000080038018] -> 0x35B7
mem[X,0x000000008003801A] -> 0x3333
[7053] [M]: 0x0000000080038018 (0x333335B7) lui a1, 0x33333
x11 <- 0x0000000033333000
mem[X,0x000000008003801C] -> 0x8593
mem[X,0x000000008003801E] -> 0x3335
[7054] [M]: 0x000000008003801C (0x33358593) addi a1, a1, 0x333
x11 <- 0x0000000033333333
mem[X,0x0000000080038020] -> 0x9593
mem[X,0x0000000080038022] -> 0x00B5
[7055] [M]: 0x0000000080038020 (0x00B59593) slli a1, a1, 0xb
x11 <- 0x0000019999999800
mem[X,0x0000000080038024] -> 0x8593
mem[X,0x0000000080038026] -> 0x1995
[7056] [M]: 0x0000000080038024 (0x19958593) addi a1, a1, 0x199
x11 <- 0x0000019999999999
mem[X,0x0000000080038028] -> 0x9593
mem[X,0x000000008003802A] -> 0x00B5
[7057] [M]: 0x0000000080038028 (0x00B59593) slli a1, a1, 0xb
x11 <- 0x000CCCCCCCCCC800
mem[X,0x000000008003802C] -> 0x8593
mem[X,0x000000008003802E] -> 0x4CC5
[7058] [M]: 0x000000008003802C (0x4CC58593) addi a1, a1, 0x4cc
x11 <- 0x000CCCCCCCCCCCCC
mem[X,0x0000000080038030] -> 0x9593
mem[X,0x0000000080038032] -> 0x00A5
[7059] [M]: 0x0000000080038030 (0x00A59593) slli a1, a1, 0xa
x11 <- 0x3333333333333000
mem[X,0x0000000080038034] -> 0x8593
mem[X,0x0000000080038036] -> 0x3335
[7060] [M]: 0x0000000080038034 (0x33358593) addi a1, a1, 0x333
x11 <- 0x3333333333333333
mem[X,0x0000000080038038] -> 0x0113
mem[X,0x000000008003803A] -> 0x0000
[7061] [M]: 0x0000000080038038 (0x00000113) addi sp, zero, 0x0
x2 <- 0x0000000000000000
mem[X,0x000000008003803C] -> 0x006F
mem[X,0x000000008003803E] -> 0x00C0
[7062] [M]: 0x000000008003803C (0x00C0006F) jal zero, 0xc
mem[X,0x0000000080038048] -> 0x4CE3
mem[X,0x000000008003804A] -> 0xFEB5
[7063] [M]: 0x0000000080038048 (0xFEB54CE3) blt a0, a1, -0x8
mem[X,0x000000008003804C] -> 0x0113
mem[X,0x000000008003804E] -> 0x0021
[7064] [M]: 0x000000008003804C (0x00210113) addi sp, sp, 0x2
x2 <- 0x0000000000000002
mem[X,0x0000000080038050] -> 0x006F
mem[X,0x0000000080038052] -> 0x00C0
[7065] [M]: 0x0000000080038050 (0x00C0006F) jal zero, 0xc
mem[X,0x000000008003805C] -> 0xB023
mem[X,0x000000008003805E] -> 0x5C20
[7066] [M]: 0x000000008003805C (0x5C20B023) sd sp, 0x5c0(ra)
mem[0x000000008004FF98] <- 0x0000000000000002
mem[X,0x0000000080038060] -> 0x6537
mem[X,0x0000000080038062] -> 0x6666
[7067] [M]: 0x0000000080038060 (0x66666537) lui a0, 0x66666
x10 <- 0x0000000066666000
mem[X,0x0000000080038064] -> 0x0513
mem[X,0x0000000080038066] -> 0x6665
[7068] [M]: 0x0000000080038064 (0x66650513) addi a0, a0, 0x666
x10 <- 0x0000000066666666
mem[X,0x0000000080038068] -> 0x1513
mem[X,0x000000008003806A] -> 0x00B5
[7069] [M]: 0x0000000080038068 (0x00B51513) slli a0, a0, 0xb
x10 <- 0x0000033333333000
mem[X,0x000000008003806C] -> 0x0513
mem[X,0x000000008003806E] -> 0x3335
[7070] [M]: 0x000000008003806C (0x33350513) addi a0, a0, 0x333
x10 <- 0x0000033333333333
mem[X,0x0000000080038070] -> 0x1513
mem[X,0x0000000080038072] -> 0x00B5
[7071] [M]: 0x0000000080038070 (0x00B51513) slli a0, a0, 0xb
x10 <- 0x0019999999999800
mem[X,0x0000000080038074] -> 0x0513
mem[X,0x0000000080038076] -> 0x1995
[7072] [M]: 0x0000000080038074 (0x19950513) addi a0, a0, 0x199
x10 <- 0x0019999999999999
mem[X,0x0000000080038078] -> 0x1513
mem[X,0x000000008003807A] -> 0x00A5
[7073] [M]: 0x0000000080038078 (0x00A51513) slli a0, a0, 0xa
x10 <- 0x6666666666666400
mem[X,0x000000008003807C] -> 0x0513
mem[X,0x000000008003807E] -> 0x2655
[7074] [M]: 0x000000008003807C (0x26550513) addi a0, a0, 0x265
x10 <- 0x6666666666666665
mem[X,0x0000000080038080] -> 0x65B7
mem[X,0x0000000080038082] -> 0x6666
[7075] [M]: 0x0000000080038080 (0x666665B7) lui a1, 0x66666
x11 <- 0x0000000066666000
mem[X,0x0000000080038084] -> 0x8593
mem[X,0x0000000080038086] -> 0x6665
[7076] [M]: 0x0000000080038084 (0x66658593) addi a1, a1, 0x666
x11 <- 0x0000000066666666
mem[X,0x0000000080038088] -> 0x9593
mem[X,0x000000008003808A] -> 0x00B5
[7077] [M]: 0x0000000080038088 (0x00B59593) slli a1, a1, 0xb
x11 <- 0x0000033333333000
mem[X,0x000000008003808C] -> 0x8593
mem[X,0x000000008003808E] -> 0x3335
[7078] [M]: 0x000000008003808C (0x33358593) addi a1, a1, 0x333
x11 <- 0x0000033333333333
mem[X,0x0000000080038090] -> 0x9593
mem[X,0x0000000080038092] -> 0x00B5
[7079] [M]: 0x0000000080038090 (0x00B59593) slli a1, a1, 0xb
x11 <- 0x0019999999999800
mem[X,0x0000000080038094] -> 0x8593
mem[X,0x0000000080038096] -> 0x1995
[7080] [M]: 0x0000000080038094 (0x19958593) addi a1, a1, 0x199
x11 <- 0x0019999999999999
mem[X,0x0000000080038098] -> 0x9593
mem[X,0x000000008003809A] -> 0x00A5
[7081] [M]: 0x0000000080038098 (0x00A59593) slli a1, a1, 0xa
x11 <- 0x6666666666666400
mem[X,0x000000008003809C] -> 0x8593
mem[X,0x000000008003809E] -> 0x2665
[7082] [M]: 0x000000008003809C (0x26658593) addi a1, a1, 0x266
x11 <- 0x6666666666666666
mem[X,0x00000000800380A0] -> 0x0113
mem[X,0x00000000800380A2] -> 0x0000
[7083] [M]: 0x00000000800380A0 (0x00000113) addi sp, zero, 0x0
x2 <- 0x0000000000000000
mem[X,0x00000000800380A4] -> 0x006F
mem[X,0x00000000800380A6] -> 0x00C0
[7084] [M]: 0x00000000800380A4 (0x00C0006F) jal zero, 0xc
mem[X,0x00000000800380B0] -> 0x4063
mem[X,0x00000000800380B2] -> 0x10B5
[7085] [M]: 0x00000000800380B0 (0x10B54063) blt a0, a1, 0x100
mem[X,0x00000000800381B0] -> 0x0113
mem[X,0x00000000800381B2] -> 0x0031
[7086] [M]: 0x00000000800381B0 (0x00310113) addi sp, sp, 0x3
x2 <- 0x0000000000000003
mem[X,0x00000000800381B4] -> 0x006F
mem[X,0x00000000800381B6] -> 0x0040
[7087] [M]: 0x00000000800381B4 (0x0040006F) jal zero, 0x4
mem[X,0x00000000800381B8] -> 0xB423
mem[X,0x00000000800381BA] -> 0x5C20
[7088] [M]: 0x00000000800381B8 (0x5C20B423) sd sp, 0x5c8(ra)
mem[0x000000008004FFA0] <- 0x0000000000000003
mem[X,0x00000000800381BC] -> 0x6537
mem[X,0x00000000800381BE] -> 0x6666
[7089] [M]: 0x00000000800381BC (0x66666537) lui a0, 0x66666
x10 <- 0x0000000066666000
mem[X,0x00000000800381C0] -> 0x0513
mem[X,0x00000000800381C2] -> 0x6665
[7090] [M]: 0x00000000800381C0 (0x66650513) addi a0, a0, 0x666
x10 <- 0x0000000066666666
mem[X,0x00000000800381C4] -> 0x1513
mem[X,0x00000000800381C6] -> 0x00B5
[7091] [M]: 0x00000000800381C4 (0x00B51513) slli a0, a0, 0xb
x10 <- 0x0000033333333000
mem[X,0x00000000800381C8] -> 0x0513
mem[X,0x00000000800381CA] -> 0x3335
[7092] [M]: 0x00000000800381C8 (0x33350513) addi a0, a0, 0x333
x10 <- 0x0000033333333333
mem[X,0x00000000800381CC] -> 0x1513
mem[X,0x00000000800381CE] -> 0x00B5
[7093] [M]: 0x00000000800381CC (0x00B51513) slli a0, a0, 0xb
x10 <- 0x0019999999999800
mem[X,0x00000000800381D0] -> 0x0513
mem[X,0x00000000800381D2] -> 0x1995
[7094] [M]: 0x00000000800381D0 (0x19950513) addi a0, a0, 0x199
x10 <- 0x0019999999999999
mem[X,0x00000000800381D4] -> 0x1513
mem[X,0x00000000800381D6] -> 0x00A5
[7095] [M]: 0x00000000800381D4 (0x00A51513) slli a0, a0, 0xa
x10 <- 0x6666666666666400
mem[X,0x00000000800381D8] -> 0x0513
mem[X,0x00000000800381DA] -> 0x2655
[7096] [M]: 0x00000000800381D8 (0x26550513) addi a0, a0, 0x265
x10 <- 0x6666666666666665
mem[X,0x00000000800381DC] -> 0x05B7
mem[X,0x00000000800381DE] -> 0x0000
[7097] [M]: 0x00000000800381DC (0x000005B7) lui a1, 0x0
x11 <- 0x0000000000000000
mem[X,0x00000000800381E0] -> 0x8593
mem[X,0x00000000800381E2] -> 0xFFF5
[7098] [M]: 0x00000000800381E0 (0xFFF58593) addi a1, a1, -0x1
x11 <- 0xFFFFFFFFFFFFFFFF
mem[X,0x00000000800381E4] -> 0x9593
mem[X,0x00000000800381E6] -> 0x00B5
[7099] [M]: 0x00000000800381E4 (0x00B59593) slli a1, a1, 0xb
x11 <- 0xFFFFFFFFFFFFF800
clint::tick mtime <- 0x0000000000000047
 clint timer pending at mtime 0x0000000000000047
htif::tick 0x0000000000000000
mem[X,0x00000000800381E8] -> 0x8593
mem[X,0x00000000800381EA] -> 0x2575
[7100] [M]: 0x00000000800381E8 (0x25758593) addi a1, a1, 0x257
x11 <- 0xFFFFFFFFFFFFFA57
mem[X,0x00000000800381EC] -> 0x9593
mem[X,0x00000000800381EE] -> 0x00B5
[7101] [M]: 0x00000000800381EC (0x00B59593) slli a1, a1, 0xb
x11 <- 0xFFFFFFFFFFD2B800
mem[X,0x00000000800381F0] -> 0x8593
mem[X,0x00000000800381F2] -> 0x6C35
[7102] [M]: 0x00000000800381F0 (0x6C358593) addi a1, a1, 0x6c3
x11 <- 0xFFFFFFFFFFD2BEC3
mem[X,0x00000000800381F4] -> 0x9593
mem[X,0x00000000800381F6] -> 0x00A5
[7103] [M]: 0x00000000800381F4 (0x00A59593) slli a1, a1, 0xa
x11 <- 0xFFFFFFFF4AFB0C00
mem[X,0x00000000800381F8] -> 0x8593
mem[X,0x00000000800381FA] -> 0x0CD5
[7104] [M]: 0x00000000800381F8 (0x0CD58593) addi a1, a1, 0xcd
x11 <- 0xFFFFFFFF4AFB0CCD
mem[X,0x00000000800381FC] -> 0x0113
mem[X,0x00000000800381FE] -> 0x0000
[7105] [M]: 0x00000000800381FC (0x00000113) addi sp, zero, 0x0
x2 <- 0x0000000000000000
mem[X,0x0000000080038200] -> 0x006F
mem[X,0x0000000080038202] -> 0x00C0
[7106] [M]: 0x0000000080038200 (0x00C0006F) jal zero, 0xc
mem[X,0x000000008003820C] -> 0x4663
mem[X,0x000000008003820E] -> 0x00B5
[7107] [M]: 0x000000008003820C (0x00B54663) blt a0, a1, 0xc
mem[X,0x0000000080038210] -> 0x0113
mem[X,0x0000000080038212] -> 0x0021
[7108] [M]: 0x0000000080038210 (0x00210113) addi sp, sp, 0x2
x2 <- 0x0000000000000002
mem[X,0x0000000080038214] -> 0x006F
mem[X,0x0000000080038216] -> 0x00C0
[7109] [M]: 0x0000000080038214 (0x00C0006F) jal zero, 0xc
mem[X,0x0000000080038220] -> 0xB823
mem[X,0x0000000080038222] -> 0x5C20
[7110] [M]: 0x0000000080038220 (0x5C20B823) sd sp, 0x5d0(ra)
mem[0x000000008004FFA8] <- 0x0000000000000002
mem[X,0x0000000080038224] -> 0x6537
mem[X,0x0000000080038226] -> 0x6666
[7111] [M]: 0x0000000080038224 (0x66666537) lui a0, 0x66666
x10 <- 0x0000000066666000
mem[X,0x0000000080038228] -> 0x0513
mem[X,0x000000008003822A] -> 0x6665
[7112] [M]: 0x0000000080038228 (0x66650513) addi a0, a0, 0x666
x10 <- 0x0000000066666666
mem[X,0x000000008003822C] -> 0x1513
mem[X,0x000000008003822E] -> 0x00B5
[7113] [M]: 0x000000008003822C (0x00B51513) slli a0, a0, 0xb
x10 <- 0x0000033333333000
mem[X,0x0000000080038230] -> 0x0513
mem[X,0x0000000080038232] -> 0x3335
[7114] [M]: 0x0000000080038230 (0x33350513) addi a0, a0, 0x333
x10 <- 0x0000033333333333
mem[X,0x0000000080038234] -> 0x1513
mem[X,0x0000000080038236] -> 0x00B5
[7115] [M]: 0x0000000080038234 (0x00B51513) slli a0, a0, 0xb
x10 <- 0x0019999999999800
mem[X,0x0000000080038238] -> 0x0513
mem[X,0x000000008003823A] -> 0x1995
[7116] [M]: 0x0000000080038238 (0x19950513) addi a0, a0, 0x199
x10 <- 0x0019999999999999
mem[X,0x000000008003823C] -> 0x1513
mem[X,0x000000008003823E] -> 0x00A5
[7117] [M]: 0x000000008003823C (0x00A51513) slli a0, a0, 0xa
x10 <- 0x6666666666666400
mem[X,0x0000000080038240] -> 0x0513
mem[X,0x0000000080038242] -> 0x2655
[7118] [M]: 0x0000000080038240 (0x26550513) addi a0, a0, 0x265
x10 <- 0x6666666666666665
mem[X,0x0000000080038244] -> 0x05B7
mem[X,0x0000000080038246] -> 0x0000
[7119] [M]: 0x0000000080038244 (0x000005B7) lui a1, 0x0
x11 <- 0x0000000000000000
mem[X,0x0000000080038248] -> 0x8593
mem[X,0x000000008003824A] -> 0x0005
[7120] [M]: 0x0000000080038248 (0x00058593) addi a1, a1, 0x0
x11 <- 0x0000000000000000
mem[X,0x000000008003824C] -> 0x9593
mem[X,0x000000008003824E] -> 0x00B5
[7121] [M]: 0x000000008003824C (0x00B59593) slli a1, a1, 0xb
x11 <- 0x0000000000000000
mem[X,0x0000000080038250] -> 0x8593
mem[X,0x0000000080038252] -> 0x5A85
[7122] [M]: 0x0000000080038250 (0x5A858593) addi a1, a1, 0x5a8
x11 <- 0x00000000000005A8
mem[X,0x0000000080038254] -> 0x9593
mem[X,0x0000000080038256] -> 0x00B5
[7123] [M]: 0x0000000080038254 (0x00B59593) slli a1, a1, 0xb
x11 <- 0x00000000002D4000
mem[X,0x0000000080038258] -> 0x8593
mem[X,0x000000008003825A] -> 0x13C5
[7124] [M]: 0x0000000080038258 (0x13C58593) addi a1, a1, 0x13c
x11 <- 0x00000000002D413C
mem[X,0x000000008003825C] -> 0x9593
mem[X,0x000000008003825E] -> 0x00A5
[7125] [M]: 0x000000008003825C (0x00A59593) slli a1, a1, 0xa
x11 <- 0x00000000B504F000
mem[X,0x0000000080038260] -> 0x8593
mem[X,0x0000000080038262] -> 0x3335
[7126] [M]: 0x0000000080038260 (0x33358593) addi a1, a1, 0x333
x11 <- 0x00000000B504F333
mem[X,0x0000000080038264] -> 0x0113
mem[X,0x0000000080038266] -> 0x0000
[7127] [M]: 0x0000000080038264 (0x00000113) addi sp, zero, 0x0
x2 <- 0x0000000000000000
mem[X,0x0000000080038268] -> 0x006F
mem[X,0x000000008003826A] -> 0x00C0
[7128] [M]: 0x0000000080038268 (0x00C0006F) jal zero, 0xc
mem[X,0x0000000080038274] -> 0x4663
mem[X,0x0000000080038276] -> 0x00B5
[7129] [M]: 0x0000000080038274 (0x00B54663) blt a0, a1, 0xc
mem[X,0x0000000080038278] -> 0x0113
mem[X,0x000000008003827A] -> 0x0021
[7130] [M]: 0x0000000080038278 (0x00210113) addi sp, sp, 0x2
x2 <- 0x0000000000000002
mem[X,0x000000008003827C] -> 0x006F
mem[X,0x000000008003827E] -> 0x00C0
[7131] [M]: 0x000000008003827C (0x00C0006F) jal zero, 0xc
mem[X,0x0000000080038288] -> 0xBC23
mem[X,0x000000008003828A] -> 0x5C20
[7132] [M]: 0x0000000080038288 (0x5C20BC23) sd sp, 0x5d8(ra)
mem[0x000000008004FFB0] <- 0x0000000000000002
mem[X,0x000000008003828C] -> 0x6537
mem[X,0x000000008003828E] -> 0x6666
[7133] [M]: 0x000000008003828C (0x66666537) lui a0, 0x66666
x10 <- 0x0000000066666000
mem[X,0x0000000080038290] -> 0x0513
mem[X,0x0000000080038292] -> 0x6665
[7134] [M]: 0x0000000080038290 (0x66650513) addi a0, a0, 0x666
x10 <- 0x0000000066666666
mem[X,0x0000000080038294] -> 0x1513
mem[X,0x0000000080038296] -> 0x00B5
[7135] [M]: 0x0000000080038294 (0x00B51513) slli a0, a0, 0xb
x10 <- 0x0000033333333000
mem[X,0x0000000080038298] -> 0x0513
mem[X,0x000000008003829A] -> 0x3335
[7136] [M]: 0x0000000080038298 (0x33350513) addi a0, a0, 0x333
x10 <- 0x0000033333333333
mem[X,0x000000008003829C] -> 0x1513
mem[X,0x000000008003829E] -> 0x00B5
[7137] [M]: 0x000000008003829C (0x00B51513) slli a0, a0, 0xb
x10 <- 0x0019999999999800
mem[X,0x00000000800382A0] -> 0x0513
mem[X,0x00000000800382A2] -> 0x1995
[7138] [M]: 0x00000000800382A0 (0x19950513) addi a0, a0, 0x199
x10 <- 0x0019999999999999
mem[X,0x00000000800382A4] -> 0x1513
mem[X,0x00000000800382A6] -> 0x00A5
[7139] [M]: 0x00000000800382A4 (0x00A51513) slli a0, a0, 0xa
x10 <- 0x6666666666666400
mem[X,0x00000000800382A8] -> 0x0513
mem[X,0x00000000800382AA] -> 0x2655
[7140] [M]: 0x00000000800382A8 (0x26550513) addi a0, a0, 0x265
x10 <- 0x6666666666666665
mem[X,0x00000000800382AC] -> 0x0593
mem[X,0x00000000800382AE] -> 0x0020
[7141] [M]: 0x00000000800382AC (0x00200593) addi a1, zero, 0x2
x11 <- 0x0000000000000002
mem[X,0x00000000800382B0] -> 0x0113
mem[X,0x00000000800382B2] -> 0x0000
[7142] [M]: 0x00000000800382B0 (0x00000113) addi sp, zero, 0x0
x2 <- 0x0000000000000000
mem[X,0x00000000800382B4] -> 0x006F
mem[X,0x00000000800382B6] -> 0x00C0
[7143] [M]: 0x00000000800382B4 (0x00C0006F) jal zero, 0xc
mem[X,0x00000000800382C0] -> 0x4CE3
mem[X,0x00000000800382C2] -> 0xFEB5
[7144] [M]: 0x00000000800382C0 (0xFEB54CE3) blt a0, a1, -0x8
mem[X,0x00000000800382C4] -> 0x0113
mem[X,0x00000000800382C6] -> 0x0021
[7145] [M]: 0x00000000800382C4 (0x00210113) addi sp, sp, 0x2
x2 <- 0x0000000000000002
mem[X,0x00000000800382C8] -> 0x006F
mem[X,0x00000000800382CA] -> 0x00C0
[7146] [M]: 0x00000000800382C8 (0x00C0006F) jal zero, 0xc
mem[X,0x00000000800382D4] -> 0xB023
mem[X,0x00000000800382D6] -> 0x5E20
[7147] [M]: 0x00000000800382D4 (0x5E20B023) sd sp, 0x5e0(ra)
mem[0x000000008004FFB8] <- 0x0000000000000002
mem[X,0x00000000800382D8] -> 0x6537
mem[X,0x00000000800382DA] -> 0x6666
[7148] [M]: 0x00000000800382D8 (0x66666537) lui a0, 0x66666
x10 <- 0x0000000066666000
mem[X,0x00000000800382DC] -> 0x0513
mem[X,0x00000000800382DE] -> 0x6665
[7149] [M]: 0x00000000800382DC (0x66650513) addi a0, a0, 0x666
x10 <- 0x0000000066666666
mem[X,0x00000000800382E0] -> 0x1513
mem[X,0x00000000800382E2] -> 0x00B5
[7150] [M]: 0x00000000800382E0 (0x00B51513) slli a0, a0, 0xb
x10 <- 0x0000033333333000
mem[X,0x00000000800382E4] -> 0x0513
mem[X,0x00000000800382E6] -> 0x3335
[7151] [M]: 0x00000000800382E4 (0x33350513) addi a0, a0, 0x333
x10 <- 0x0000033333333333
mem[X,0x00000000800382E8] -> 0x1513
mem[X,0x00000000800382EA] -> 0x00B5
[7152] [M]: 0x00000000800382E8 (0x00B51513) slli a0, a0, 0xb
x10 <- 0x0019999999999800
mem[X,0x00000000800382EC] -> 0x0513
mem[X,0x00000000800382EE] -> 0x1995
[7153] [M]: 0x00000000800382EC (0x19950513) addi a0, a0, 0x199
x10 <- 0x0019999999999999
mem[X,0x00000000800382F0] -> 0x1513
mem[X,0x00000000800382F2] -> 0x00A5
[7154] [M]: 0x00000000800382F0 (0x00A51513) slli a0, a0, 0xa
x10 <- 0x6666666666666400
mem[X,0x00000000800382F4] -> 0x0513
mem[X,0x00000000800382F6] -> 0x2655
[7155] [M]: 0x00000000800382F4 (0x26550513) addi a0, a0, 0x265
x10 <- 0x6666666666666665
mem[X,0x00000000800382F8] -> 0x55B7
mem[X,0x00000000800382FA] -> 0x5555
[7156] [M]: 0x00000000800382F8 (0x555555B7) lui a1, 0x55555
x11 <- 0x0000000055555000
mem[X,0x00000000800382FC] -> 0x8593
mem[X,0x00000000800382FE] -> 0x5555
[7157] [M]: 0x00000000800382FC (0x55558593) addi a1, a1, 0x555
x11 <- 0x0000000055555555
mem[X,0x0000000080038300] -> 0x9593
mem[X,0x0000000080038302] -> 0x00B5
[7158] [M]: 0x0000000080038300 (0x00B59593) slli a1, a1, 0xb
x11 <- 0x000002AAAAAAA800
mem[X,0x0000000080038304] -> 0x8593
mem[X,0x0000000080038306] -> 0x2AA5
[7159] [M]: 0x0000000080038304 (0x2AA58593) addi a1, a1, 0x2aa
x11 <- 0x000002AAAAAAAAAA
mem[X,0x0000000080038308] -> 0x9593
mem[X,0x000000008003830A] -> 0x00B5
[7160] [M]: 0x0000000080038308 (0x00B59593) slli a1, a1, 0xb
x11 <- 0x0015555555555000
mem[X,0x000000008003830C] -> 0x8593
mem[X,0x000000008003830E] -> 0x5555
[7161] [M]: 0x000000008003830C (0x55558593) addi a1, a1, 0x555
x11 <- 0x0015555555555555
mem[X,0x0000000080038310] -> 0x9593
mem[X,0x0000000080038312] -> 0x00A5
[7162] [M]: 0x0000000080038310 (0x00A59593) slli a1, a1, 0xa
x11 <- 0x5555555555555400
mem[X,0x0000000080038314] -> 0x8593
mem[X,0x0000000080038316] -> 0x1545
[7163] [M]: 0x0000000080038314 (0x15458593) addi a1, a1, 0x154
x11 <- 0x5555555555555554
mem[X,0x0000000080038318] -> 0x0113
mem[X,0x000000008003831A] -> 0x0000
[7164] [M]: 0x0000000080038318 (0x00000113) addi sp, zero, 0x0
x2 <- 0x0000000000000000
mem[X,0x000000008003831C] -> 0x006F
mem[X,0x000000008003831E] -> 0x00C0
[7165] [M]: 0x000000008003831C (0x00C0006F) jal zero, 0xc
mem[X,0x0000000080038328] -> 0x4663
mem[X,0x000000008003832A] -> 0x00B5
[7166] [M]: 0x0000000080038328 (0x00B54663) blt a0, a1, 0xc
mem[X,0x000000008003832C] -> 0x0113
mem[X,0x000000008003832E] -> 0x0021
[7167] [M]: 0x000000008003832C (0x00210113) addi sp, sp, 0x2
x2 <- 0x0000000000000002
mem[X,0x0000000080038330] -> 0x006F
mem[X,0x0000000080038332] -> 0x00C0
[7168] [M]: 0x0000000080038330 (0x00C0006F) jal zero, 0xc
mem[X,0x000000008003833C] -> 0xB423
mem[X,0x000000008003833E] -> 0x5E20
[7169] [M]: 0x000000008003833C (0x5E20B423) sd sp, 0x5e8(ra)
mem[0x000000008004FFC0] <- 0x0000000000000002
mem[X,0x0000000080038340] -> 0x6537
mem[X,0x0000000080038342] -> 0x6666
[7170] [M]: 0x0000000080038340 (0x66666537) lui a0, 0x66666
x10 <- 0x0000000066666000
mem[X,0x0000000080038344] -> 0x0513
mem[X,0x0000000080038346] -> 0x6665
[7171] [M]: 0x0000000080038344 (0x66650513) addi a0, a0, 0x666
x10 <- 0x0000000066666666
mem[X,0x0000000080038348] -> 0x1513
mem[X,0x000000008003834A] -> 0x00B5
[7172] [M]: 0x0000000080038348 (0x00B51513) slli a0, a0, 0xb
x10 <- 0x0000033333333000
mem[X,0x000000008003834C] -> 0x0513
mem[X,0x000000008003834E] -> 0x3335
[7173] [M]: 0x000000008003834C (0x33350513) addi a0, a0, 0x333
x10 <- 0x0000033333333333
mem[X,0x0000000080038350] -> 0x1513
mem[X,0x0000000080038352] -> 0x00B5
[7174] [M]: 0x0000000080038350 (0x00B51513) slli a0, a0, 0xb
x10 <- 0x0019999999999800
mem[X,0x0000000080038354] -> 0x0513
mem[X,0x0000000080038356] -> 0x1995
[7175] [M]: 0x0000000080038354 (0x19950513) addi a0, a0, 0x199
x10 <- 0x0019999999999999
mem[X,0x0000000080038358] -> 0x1513
mem[X,0x000000008003835A] -> 0x00A5
[7176] [M]: 0x0000000080038358 (0x00A51513) slli a0, a0, 0xa
x10 <- 0x6666666666666400
mem[X,0x000000008003835C] -> 0x0513
mem[X,0x000000008003835E] -> 0x2655
[7177] [M]: 0x000000008003835C (0x26550513) addi a0, a0, 0x265
x10 <- 0x6666666666666665
mem[X,0x0000000080038360] -> 0x0593
mem[X,0x0000000080038362] -> 0x0000
[7178] [M]: 0x0000000080038360 (0x00000593) addi a1, zero, 0x0
x11 <- 0x0000000000000000
mem[X,0x0000000080038364] -> 0x0113
mem[X,0x0000000080038366] -> 0x0000
[7179] [M]: 0x0000000080038364 (0x00000113) addi sp, zero, 0x0
x2 <- 0x0000000000000000
mem[X,0x0000000080038368] -> 0x006F
mem[X,0x000000008003836A] -> 0x2B10
[7180] [M]: 0x0000000080038368 (0x2B10006F) jal zero, 0xab0
mem[X,0x0000000080038E18] -> 0x4A63
mem[X,0x0000000080038E1A] -> 0xD4B5
[7181] [M]: 0x0000000080038E18 (0xD4B54A63) blt a0, a1, -0xaac
mem[X,0x0000000080038E1C] -> 0x0113
mem[X,0x0000000080038E1E] -> 0x0021
[7182] [M]: 0x0000000080038E1C (0x00210113) addi sp, sp, 0x2
x2 <- 0x0000000000000002
mem[X,0x0000000080038E20] -> 0x006F
mem[X,0x0000000080038E22] -> 0x00C0
[7183] [M]: 0x0000000080038E20 (0x00C0006F) jal zero, 0xc
mem[X,0x0000000080038E2C] -> 0xB823
mem[X,0x0000000080038E2E] -> 0x5E20
[7184] [M]: 0x0000000080038E2C (0x5E20B823) sd sp, 0x5f0(ra)
mem[0x000000008004FFC8] <- 0x0000000000000002
mem[X,0x0000000080038E30] -> 0x6537
mem[X,0x0000000080038E32] -> 0x6666
[7185] [M]: 0x0000000080038E30 (0x66666537) lui a0, 0x66666
x10 <- 0x0000000066666000
mem[X,0x0000000080038E34] -> 0x0513
mem[X,0x0000000080038E36] -> 0x6665
[7186] [M]: 0x0000000080038E34 (0x66650513) addi a0, a0, 0x666
x10 <- 0x0000000066666666
mem[X,0x0000000080038E38] -> 0x1513
mem[X,0x0000000080038E3A] -> 0x00B5
[7187] [M]: 0x0000000080038E38 (0x00B51513) slli a0, a0, 0xb
x10 <- 0x0000033333333000
mem[X,0x0000000080038E3C] -> 0x0513
mem[X,0x0000000080038E3E] -> 0x3335
[7188] [M]: 0x0000000080038E3C (0x33350513) addi a0, a0, 0x333
x10 <- 0x0000033333333333
mem[X,0x0000000080038E40] -> 0x1513
mem[X,0x0000000080038E42] -> 0x00B5
[7189] [M]: 0x0000000080038E40 (0x00B51513) slli a0, a0, 0xb
x10 <- 0x0019999999999800
mem[X,0x0000000080038E44] -> 0x0513
mem[X,0x0000000080038E46] -> 0x1995
[7190] [M]: 0x0000000080038E44 (0x19950513) addi a0, a0, 0x199
x10 <- 0x0019999999999999
mem[X,0x0000000080038E48] -> 0x1513
mem[X,0x0000000080038E4A] -> 0x00A5
[7191] [M]: 0x0000000080038E48 (0x00A51513) slli a0, a0, 0xa
x10 <- 0x6666666666666400
mem[X,0x0000000080038E4C] -> 0x0513
mem[X,0x0000000080038E4E] -> 0x2655
[7192] [M]: 0x0000000080038E4C (0x26550513) addi a0, a0, 0x265
x10 <- 0x6666666666666665
mem[X,0x0000000080038E50] -> 0x0593
mem[X,0x0000000080038E52] -> 0x0040
[7193] [M]: 0x0000000080038E50 (0x00400593) addi a1, zero, 0x4
x11 <- 0x0000000000000004
mem[X,0x0000000080038E54] -> 0x0113
mem[X,0x0000000080038E56] -> 0x0000
[7194] [M]: 0x0000000080038E54 (0x00000113) addi sp, zero, 0x0
x2 <- 0x0000000000000000
mem[X,0x0000000080038E58] -> 0x006F
mem[X,0x0000000080038E5A] -> 0x00C0
[7195] [M]: 0x0000000080038E58 (0x00C0006F) jal zero, 0xc
mem[X,0x0000000080038E64] -> 0x4CE3
mem[X,0x0000000080038E66] -> 0xFEB5
[7196] [M]: 0x0000000080038E64 (0xFEB54CE3) blt a0, a1, -0x8
mem[X,0x0000000080038E68] -> 0x0113
mem[X,0x0000000080038E6A] -> 0x0021
[7197] [M]: 0x0000000080038E68 (0x00210113) addi sp, sp, 0x2
x2 <- 0x0000000000000002
mem[X,0x0000000080038E6C] -> 0x006F
mem[X,0x0000000080038E6E] -> 0x00C0
[7198] [M]: 0x0000000080038E6C (0x00C0006F) jal zero, 0xc
mem[X,0x0000000080038E78] -> 0xBC23
mem[X,0x0000000080038E7A] -> 0x5E20
[7199] [M]: 0x0000000080038E78 (0x5E20BC23) sd sp, 0x5f8(ra)
mem[0x000000008004FFD0] <- 0x0000000000000002
clint::tick mtime <- 0x0000000000000048
 clint timer pending at mtime 0x0000000000000048
htif::tick 0x0000000000000000
mem[X,0x0000000080038E7C] -> 0x6537
mem[X,0x0000000080038E7E] -> 0x6666
[7200] [M]: 0x0000000080038E7C (0x66666537) lui a0, 0x66666
x10 <- 0x0000000066666000
mem[X,0x0000000080038E80] -> 0x0513
mem[X,0x0000000080038E82] -> 0x6665
[7201] [M]: 0x0000000080038E80 (0x66650513) addi a0, a0, 0x666
x10 <- 0x0000000066666666
mem[X,0x0000000080038E84] -> 0x1513
mem[X,0x0000000080038E86] -> 0x00B5
[7202] [M]: 0x0000000080038E84 (0x00B51513) slli a0, a0, 0xb
x10 <- 0x0000033333333000
mem[X,0x0000000080038E88] -> 0x0513
mem[X,0x0000000080038E8A] -> 0x3335
[7203] [M]: 0x0000000080038E88 (0x33350513) addi a0, a0, 0x333
x10 <- 0x0000033333333333
mem[X,0x0000000080038E8C] -> 0x1513
mem[X,0x0000000080038E8E] -> 0x00B5
[7204] [M]: 0x0000000080038E8C (0x00B51513) slli a0, a0, 0xb
x10 <- 0x0019999999999800
mem[X,0x0000000080038E90] -> 0x0513
mem[X,0x0000000080038E92] -> 0x1995
[7205] [M]: 0x0000000080038E90 (0x19950513) addi a0, a0, 0x199
x10 <- 0x0019999999999999
mem[X,0x0000000080038E94] -> 0x1513
mem[X,0x0000000080038E96] -> 0x00A5
[7206] [M]: 0x0000000080038E94 (0x00A51513) slli a0, a0, 0xa
x10 <- 0x6666666666666400
mem[X,0x0000000080038E98] -> 0x0513
mem[X,0x0000000080038E9A] -> 0x2655
[7207] [M]: 0x0000000080038E98 (0x26550513) addi a0, a0, 0x265
x10 <- 0x6666666666666665
mem[X,0x0000000080038E9C] -> 0x35B7
mem[X,0x0000000080038E9E] -> 0x3333
[7208] [M]: 0x0000000080038E9C (0x333335B7) lui a1, 0x33333
x11 <- 0x0000000033333000
mem[X,0x0000000080038EA0] -> 0x8593
mem[X,0x0000000080038EA2] -> 0x3335
[7209] [M]: 0x0000000080038EA0 (0x33358593) addi a1, a1, 0x333
x11 <- 0x0000000033333333
mem[X,0x0000000080038EA4] -> 0x9593
mem[X,0x0000000080038EA6] -> 0x00B5
[7210] [M]: 0x0000000080038EA4 (0x00B59593) slli a1, a1, 0xb
x11 <- 0x0000019999999800
mem[X,0x0000000080038EA8] -> 0x8593
mem[X,0x0000000080038EAA] -> 0x1995
[7211] [M]: 0x0000000080038EA8 (0x19958593) addi a1, a1, 0x199
x11 <- 0x0000019999999999
mem[X,0x0000000080038EAC] -> 0x9593
mem[X,0x0000000080038EAE] -> 0x00B5
[7212] [M]: 0x0000000080038EAC (0x00B59593) slli a1, a1, 0xb
x11 <- 0x000CCCCCCCCCC800
mem[X,0x0000000080038EB0] -> 0x8593
mem[X,0x0000000080038EB2] -> 0x4CC5
[7213] [M]: 0x0000000080038EB0 (0x4CC58593) addi a1, a1, 0x4cc
x11 <- 0x000CCCCCCCCCCCCC
mem[X,0x0000000080038EB4] -> 0x9593
mem[X,0x0000000080038EB6] -> 0x00A5
[7214] [M]: 0x0000000080038EB4 (0x00A59593) slli a1, a1, 0xa
x11 <- 0x3333333333333000
mem[X,0x0000000080038EB8] -> 0x8593
mem[X,0x0000000080038EBA] -> 0x3325
[7215] [M]: 0x0000000080038EB8 (0x33258593) addi a1, a1, 0x332
x11 <- 0x3333333333333332
mem[X,0x0000000080038EBC] -> 0x0113
mem[X,0x0000000080038EBE] -> 0x0000
[7216] [M]: 0x0000000080038EBC (0x00000113) addi sp, zero, 0x0
x2 <- 0x0000000000000000
mem[X,0x0000000080038EC0] -> 0x006F
mem[X,0x0000000080038EC2] -> 0x00C0
[7217] [M]: 0x0000000080038EC0 (0x00C0006F) jal zero, 0xc
mem[X,0x0000000080038ECC] -> 0x4CE3
mem[X,0x0000000080038ECE] -> 0xFEB5
[7218] [M]: 0x0000000080038ECC (0xFEB54CE3) blt a0, a1, -0x8
mem[X,0x0000000080038ED0] -> 0x0113
mem[X,0x0000000080038ED2] -> 0x0021
[7219] [M]: 0x0000000080038ED0 (0x00210113) addi sp, sp, 0x2
x2 <- 0x0000000000000002
mem[X,0x0000000080038ED4] -> 0x006F
mem[X,0x0000000080038ED6] -> 0x00C0
[7220] [M]: 0x0000000080038ED4 (0x00C0006F) jal zero, 0xc
mem[X,0x0000000080038EE0] -> 0xB023
mem[X,0x0000000080038EE2] -> 0x6020
[7221] [M]: 0x0000000080038EE0 (0x6020B023) sd sp, 0x600(ra)
mem[0x000000008004FFD8] <- 0x0000000000000002
mem[X,0x0000000080038EE4] -> 0x6537
mem[X,0x0000000080038EE6] -> 0x6666
[7222] [M]: 0x0000000080038EE4 (0x66666537) lui a0, 0x66666
x10 <- 0x0000000066666000
mem[X,0x0000000080038EE8] -> 0x0513
mem[X,0x0000000080038EEA] -> 0x6665
[7223] [M]: 0x0000000080038EE8 (0x66650513) addi a0, a0, 0x666
x10 <- 0x0000000066666666
mem[X,0x0000000080038EEC] -> 0x1513
mem[X,0x0000000080038EEE] -> 0x00B5
[7224] [M]: 0x0000000080038EEC (0x00B51513) slli a0, a0, 0xb
x10 <- 0x0000033333333000
mem[X,0x0000000080038EF0] -> 0x0513
mem[X,0x0000000080038EF2] -> 0x3335
[7225] [M]: 0x0000000080038EF0 (0x33350513) addi a0, a0, 0x333
x10 <- 0x0000033333333333
mem[X,0x0000000080038EF4] -> 0x1513
mem[X,0x0000000080038EF6] -> 0x00B5
[7226] [M]: 0x0000000080038EF4 (0x00B51513) slli a0, a0, 0xb
x10 <- 0x0019999999999800
mem[X,0x0000000080038EF8] -> 0x0513
mem[X,0x0000000080038EFA] -> 0x1995
[7227] [M]: 0x0000000080038EF8 (0x19950513) addi a0, a0, 0x199
x10 <- 0x0019999999999999
mem[X,0x0000000080038EFC] -> 0x1513
mem[X,0x0000000080038EFE] -> 0x00A5
[7228] [M]: 0x0000000080038EFC (0x00A51513) slli a0, a0, 0xa
x10 <- 0x6666666666666400
mem[X,0x0000000080038F00] -> 0x0513
mem[X,0x0000000080038F02] -> 0x2655
[7229] [M]: 0x0000000080038F00 (0x26550513) addi a0, a0, 0x265
x10 <- 0x6666666666666665
mem[X,0x0000000080038F04] -> 0x65B7
mem[X,0x0000000080038F06] -> 0x6666
[7230] [M]: 0x0000000080038F04 (0x666665B7) lui a1, 0x66666
x11 <- 0x0000000066666000
mem[X,0x0000000080038F08] -> 0x8593
mem[X,0x0000000080038F0A] -> 0x6665
[7231] [M]: 0x0000000080038F08 (0x66658593) addi a1, a1, 0x666
x11 <- 0x0000000066666666
mem[X,0x0000000080038F0C] -> 0x9593
mem[X,0x0000000080038F0E] -> 0x00B5
[7232] [M]: 0x0000000080038F0C (0x00B59593) slli a1, a1, 0xb
x11 <- 0x0000033333333000
mem[X,0x0000000080038F10] -> 0x8593
mem[X,0x0000000080038F12] -> 0x3335
[7233] [M]: 0x0000000080038F10 (0x33358593) addi a1, a1, 0x333
x11 <- 0x0000033333333333
mem[X,0x0000000080038F14] -> 0x9593
mem[X,0x0000000080038F16] -> 0x00B5
[7234] [M]: 0x0000000080038F14 (0x00B59593) slli a1, a1, 0xb
x11 <- 0x0019999999999800
mem[X,0x0000000080038F18] -> 0x8593
mem[X,0x0000000080038F1A] -> 0x1995
[7235] [M]: 0x0000000080038F18 (0x19958593) addi a1, a1, 0x199
x11 <- 0x0019999999999999
mem[X,0x0000000080038F1C] -> 0x9593
mem[X,0x0000000080038F1E] -> 0x00A5
[7236] [M]: 0x0000000080038F1C (0x00A59593) slli a1, a1, 0xa
x11 <- 0x6666666666666400
mem[X,0x0000000080038F20] -> 0x8593
mem[X,0x0000000080038F22] -> 0x2655
[7237] [M]: 0x0000000080038F20 (0x26558593) addi a1, a1, 0x265
x11 <- 0x6666666666666665
mem[X,0x0000000080038F24] -> 0x0113
mem[X,0x0000000080038F26] -> 0x0000
[7238] [M]: 0x0000000080038F24 (0x00000113) addi sp, zero, 0x0
x2 <- 0x0000000000000000
mem[X,0x0000000080038F28] -> 0x006F
mem[X,0x0000000080038F2A] -> 0x00C0
[7239] [M]: 0x0000000080038F28 (0x00C0006F) jal zero, 0xc
mem[X,0x0000000080038F34] -> 0x4663
mem[X,0x0000000080038F36] -> 0x00B5
[7240] [M]: 0x0000000080038F34 (0x00B54663) blt a0, a1, 0xc
mem[X,0x0000000080038F38] -> 0x0113
mem[X,0x0000000080038F3A] -> 0x0021
[7241] [M]: 0x0000000080038F38 (0x00210113) addi sp, sp, 0x2
x2 <- 0x0000000000000002
mem[X,0x0000000080038F3C] -> 0x006F
mem[X,0x0000000080038F3E] -> 0x00C0
[7242] [M]: 0x0000000080038F3C (0x00C0006F) jal zero, 0xc
mem[X,0x0000000080038F48] -> 0xB423
mem[X,0x0000000080038F4A] -> 0x6020
[7243] [M]: 0x0000000080038F48 (0x6020B423) sd sp, 0x608(ra)
mem[0x000000008004FFE0] <- 0x0000000000000002
mem[X,0x0000000080038F4C] -> 0x6537
mem[X,0x0000000080038F4E] -> 0x6666
[7244] [M]: 0x0000000080038F4C (0x66666537) lui a0, 0x66666
x10 <- 0x0000000066666000
mem[X,0x0000000080038F50] -> 0x0513
mem[X,0x0000000080038F52] -> 0x6665
[7245] [M]: 0x0000000080038F50 (0x66650513) addi a0, a0, 0x666
x10 <- 0x0000000066666666
mem[X,0x0000000080038F54] -> 0x1513
mem[X,0x0000000080038F56] -> 0x00B5
[7246] [M]: 0x0000000080038F54 (0x00B51513) slli a0, a0, 0xb
x10 <- 0x0000033333333000
mem[X,0x0000000080038F58] -> 0x0513
mem[X,0x0000000080038F5A] -> 0x3335
[7247] [M]: 0x0000000080038F58 (0x33350513) addi a0, a0, 0x333
x10 <- 0x0000033333333333
mem[X,0x0000000080038F5C] -> 0x1513
mem[X,0x0000000080038F5E] -> 0x00B5
[7248] [M]: 0x0000000080038F5C (0x00B51513) slli a0, a0, 0xb
x10 <- 0x0019999999999800
mem[X,0x0000000080038F60] -> 0x0513
mem[X,0x0000000080038F62] -> 0x1995
[7249] [M]: 0x0000000080038F60 (0x19950513) addi a0, a0, 0x199
x10 <- 0x0019999999999999
mem[X,0x0000000080038F64] -> 0x1513
mem[X,0x0000000080038F66] -> 0x00A5
[7250] [M]: 0x0000000080038F64 (0x00A51513) slli a0, a0, 0xa
x10 <- 0x6666666666666400
mem[X,0x0000000080038F68] -> 0x0513
mem[X,0x0000000080038F6A] -> 0x2655
[7251] [M]: 0x0000000080038F68 (0x26550513) addi a0, a0, 0x265
x10 <- 0x6666666666666665
mem[X,0x0000000080038F6C] -> 0x05B7
mem[X,0x0000000080038F6E] -> 0x0000
[7252] [M]: 0x0000000080038F6C (0x000005B7) lui a1, 0x0
x11 <- 0x0000000000000000
mem[X,0x0000000080038F70] -> 0x8593
mem[X,0x0000000080038F72] -> 0x0005
[7253] [M]: 0x0000000080038F70 (0x00058593) addi a1, a1, 0x0
x11 <- 0x0000000000000000
mem[X,0x0000000080038F74] -> 0x9593
mem[X,0x0000000080038F76] -> 0x00B5
[7254] [M]: 0x0000000080038F74 (0x00B59593) slli a1, a1, 0xb
x11 <- 0x0000000000000000
mem[X,0x0000000080038F78] -> 0x8593
mem[X,0x0000000080038F7A] -> 0x5A85
[7255] [M]: 0x0000000080038F78 (0x5A858593) addi a1, a1, 0x5a8
x11 <- 0x00000000000005A8
mem[X,0x0000000080038F7C] -> 0x9593
mem[X,0x0000000080038F7E] -> 0x00B5
[7256] [M]: 0x0000000080038F7C (0x00B59593) slli a1, a1, 0xb
x11 <- 0x00000000002D4000
mem[X,0x0000000080038F80] -> 0x8593
mem[X,0x0000000080038F82] -> 0x13C5
[7257] [M]: 0x0000000080038F80 (0x13C58593) addi a1, a1, 0x13c
x11 <- 0x00000000002D413C
mem[X,0x0000000080038F84] -> 0x9593
mem[X,0x0000000080038F86] -> 0x00A5
[7258] [M]: 0x0000000080038F84 (0x00A59593) slli a1, a1, 0xa
x11 <- 0x00000000B504F000
mem[X,0x0000000080038F88] -> 0x8593
mem[X,0x0000000080038F8A] -> 0x3325
[7259] [M]: 0x0000000080038F88 (0x33258593) addi a1, a1, 0x332
x11 <- 0x00000000B504F332
mem[X,0x0000000080038F8C] -> 0x0113
mem[X,0x0000000080038F8E] -> 0x0000
[7260] [M]: 0x0000000080038F8C (0x00000113) addi sp, zero, 0x0
x2 <- 0x0000000000000000
mem[X,0x0000000080038F90] -> 0x006F
mem[X,0x0000000080038F92] -> 0x0140
[7261] [M]: 0x0000000080038F90 (0x0140006F) jal zero, 0x14
mem[X,0x0000000080038FA4] -> 0x48E3
mem[X,0x0000000080038FA6] -> 0xFEB5
[7262] [M]: 0x0000000080038FA4 (0xFEB548E3) blt a0, a1, -0x10
mem[X,0x0000000080038FA8] -> 0x0113
mem[X,0x0000000080038FAA] -> 0x0021
[7263] [M]: 0x0000000080038FA8 (0x00210113) addi sp, sp, 0x2
x2 <- 0x0000000000000002
mem[X,0x0000000080038FAC] -> 0x006F
mem[X,0x0000000080038FAE] -> 0x00C0
[7264] [M]: 0x0000000080038FAC (0x00C0006F) jal zero, 0xc
mem[X,0x0000000080038FB8] -> 0xB823
mem[X,0x0000000080038FBA] -> 0x6020
[7265] [M]: 0x0000000080038FB8 (0x6020B823) sd sp, 0x610(ra)
mem[0x000000008004FFE8] <- 0x0000000000000002
mem[X,0x0000000080038FBC] -> 0x6537
mem[X,0x0000000080038FBE] -> 0x6666
[7266] [M]: 0x0000000080038FBC (0x66666537) lui a0, 0x66666
x10 <- 0x0000000066666000
mem[X,0x0000000080038FC0] -> 0x0513
mem[X,0x0000000080038FC2] -> 0x6665
[7267] [M]: 0x0000000080038FC0 (0x66650513) addi a0, a0, 0x666
x10 <- 0x0000000066666666
mem[X,0x0000000080038FC4] -> 0x1513
mem[X,0x0000000080038FC6] -> 0x00B5
[7268] [M]: 0x0000000080038FC4 (0x00B51513) slli a0, a0, 0xb
x10 <- 0x0000033333333000
mem[X,0x0000000080038FC8] -> 0x0513
mem[X,0x0000000080038FCA] -> 0x3335
[7269] [M]: 0x0000000080038FC8 (0x33350513) addi a0, a0, 0x333
x10 <- 0x0000033333333333
mem[X,0x0000000080038FCC] -> 0x1513
mem[X,0x0000000080038FCE] -> 0x00B5
[7270] [M]: 0x0000000080038FCC (0x00B51513) slli a0, a0, 0xb
x10 <- 0x0019999999999800
mem[X,0x0000000080038FD0] -> 0x0513
mem[X,0x0000000080038FD2] -> 0x1995
[7271] [M]: 0x0000000080038FD0 (0x19950513) addi a0, a0, 0x199
x10 <- 0x0019999999999999
mem[X,0x0000000080038FD4] -> 0x1513
mem[X,0x0000000080038FD6] -> 0x00A5
[7272] [M]: 0x0000000080038FD4 (0x00A51513) slli a0, a0, 0xa
x10 <- 0x6666666666666400
mem[X,0x0000000080038FD8] -> 0x0513
mem[X,0x0000000080038FDA] -> 0x2655
[7273] [M]: 0x0000000080038FD8 (0x26550513) addi a0, a0, 0x265
x10 <- 0x6666666666666665
mem[X,0x0000000080038FDC] -> 0x55B7
mem[X,0x0000000080038FDE] -> 0x5555
[7274] [M]: 0x0000000080038FDC (0x555555B7) lui a1, 0x55555
x11 <- 0x0000000055555000
mem[X,0x0000000080038FE0] -> 0x8593
mem[X,0x0000000080038FE2] -> 0x5555
[7275] [M]: 0x0000000080038FE0 (0x55558593) addi a1, a1, 0x555
x11 <- 0x0000000055555555
mem[X,0x0000000080038FE4] -> 0x9593
mem[X,0x0000000080038FE6] -> 0x00B5
[7276] [M]: 0x0000000080038FE4 (0x00B59593) slli a1, a1, 0xb
x11 <- 0x000002AAAAAAA800
mem[X,0x0000000080038FE8] -> 0x8593
mem[X,0x0000000080038FEA] -> 0x2AA5
[7277] [M]: 0x0000000080038FE8 (0x2AA58593) addi a1, a1, 0x2aa
x11 <- 0x000002AAAAAAAAAA
mem[X,0x0000000080038FEC] -> 0x9593
mem[X,0x0000000080038FEE] -> 0x00B5
[7278] [M]: 0x0000000080038FEC (0x00B59593) slli a1, a1, 0xb
x11 <- 0x0015555555555000
mem[X,0x0000000080038FF0] -> 0x8593
mem[X,0x0000000080038FF2] -> 0x5555
[7279] [M]: 0x0000000080038FF0 (0x55558593) addi a1, a1, 0x555
x11 <- 0x0015555555555555
mem[X,0x0000000080038FF4] -> 0x9593
mem[X,0x0000000080038FF6] -> 0x00A5
[7280] [M]: 0x0000000080038FF4 (0x00A59593) slli a1, a1, 0xa
x11 <- 0x5555555555555400
mem[X,0x0000000080038FF8] -> 0x8593
mem[X,0x0000000080038FFA] -> 0x1565
[7281] [M]: 0x0000000080038FF8 (0x15658593) addi a1, a1, 0x156
x11 <- 0x5555555555555556
mem[X,0x0000000080038FFC] -> 0x0113
mem[X,0x0000000080038FFE] -> 0x0000
[7282] [M]: 0x0000000080038FFC (0x00000113) addi sp, zero, 0x0
x2 <- 0x0000000000000000
mem[X,0x0000000080039000] -> 0x006F
mem[X,0x0000000080039002] -> 0x00C0
[7283] [M]: 0x0000000080039000 (0x00C0006F) jal zero, 0xc
mem[X,0x000000008003900C] -> 0x4663
mem[X,0x000000008003900E] -> 0x00B5
[7284] [M]: 0x000000008003900C (0x00B54663) blt a0, a1, 0xc
mem[X,0x0000000080039010] -> 0x0113
mem[X,0x0000000080039012] -> 0x0021
[7285] [M]: 0x0000000080039010 (0x00210113) addi sp, sp, 0x2
x2 <- 0x0000000000000002
mem[X,0x0000000080039014] -> 0x006F
mem[X,0x0000000080039016] -> 0x00C0
[7286] [M]: 0x0000000080039014 (0x00C0006F) jal zero, 0xc
mem[X,0x0000000080039020] -> 0xBC23
mem[X,0x0000000080039022] -> 0x6020
[7287] [M]: 0x0000000080039020 (0x6020BC23) sd sp, 0x618(ra)
mem[0x000000008004FFF0] <- 0x0000000000000002
mem[X,0x0000000080039024] -> 0x6537
mem[X,0x0000000080039026] -> 0x6666
[7288] [M]: 0x0000000080039024 (0x66666537) lui a0, 0x66666
x10 <- 0x0000000066666000
mem[X,0x0000000080039028] -> 0x0513
mem[X,0x000000008003902A] -> 0x6665
[7289] [M]: 0x0000000080039028 (0x66650513) addi a0, a0, 0x666
x10 <- 0x0000000066666666
mem[X,0x000000008003902C] -> 0x1513
mem[X,0x000000008003902E] -> 0x00B5
[7290] [M]: 0x000000008003902C (0x00B51513) slli a0, a0, 0xb
x10 <- 0x0000033333333000
mem[X,0x0000000080039030] -> 0x0513
mem[X,0x0000000080039032] -> 0x3335
[7291] [M]: 0x0000000080039030 (0x33350513) addi a0, a0, 0x333
x10 <- 0x0000033333333333
mem[X,0x0000000080039034] -> 0x1513
mem[X,0x0000000080039036] -> 0x00B5
[7292] [M]: 0x0000000080039034 (0x00B51513) slli a0, a0, 0xb
x10 <- 0x0019999999999800
mem[X,0x0000000080039038] -> 0x0513
mem[X,0x000000008003903A] -> 0x1995
[7293] [M]: 0x0000000080039038 (0x19950513) addi a0, a0, 0x199
x10 <- 0x0019999999999999
mem[X,0x000000008003903C] -> 0x1513
mem[X,0x000000008003903E] -> 0x00A5
[7294] [M]: 0x000000008003903C (0x00A51513) slli a0, a0, 0xa
x10 <- 0x6666666666666400
mem[X,0x0000000080039040] -> 0x0513
mem[X,0x0000000080039042] -> 0x2655
[7295] [M]: 0x0000000080039040 (0x26550513) addi a0, a0, 0x265
x10 <- 0x6666666666666665
mem[X,0x0000000080039044] -> 0xB5B7
mem[X,0x0000000080039046] -> 0xAAAA
[7296] [M]: 0x0000000080039044 (0xAAAAB5B7) lui a1, -0x55555
x11 <- 0xFFFFFFFFAAAAB000
mem[X,0x0000000080039048] -> 0x8593
mem[X,0x000000008003904A] -> 0xAAA5
[7297] [M]: 0x0000000080039048 (0xAAA58593) addi a1, a1, -0x556
x11 <- 0xFFFFFFFFAAAAAAAA
mem[X,0x000000008003904C] -> 0x9593
mem[X,0x000000008003904E] -> 0x00B5
[7298] [M]: 0x000000008003904C (0x00B59593) slli a1, a1, 0xb
x11 <- 0xFFFFFD5555555000
mem[X,0x0000000080039050] -> 0x8593
mem[X,0x0000000080039052] -> 0x5555
[7299] [M]: 0x0000000080039050 (0x55558593) addi a1, a1, 0x555
x11 <- 0xFFFFFD5555555555
clint::tick mtime <- 0x0000000000000049
 clint timer pending at mtime 0x0000000000000049
htif::tick 0x0000000000000000
mem[X,0x0000000080039054] -> 0x9593
mem[X,0x0000000080039056] -> 0x00B5
[7300] [M]: 0x0000000080039054 (0x00B59593) slli a1, a1, 0xb
x11 <- 0xFFEAAAAAAAAAA800
mem[X,0x0000000080039058] -> 0x8593
mem[X,0x000000008003905A] -> 0x2AA5
[7301] [M]: 0x0000000080039058 (0x2AA58593) addi a1, a1, 0x2aa
x11 <- 0xFFEAAAAAAAAAAAAA
mem[X,0x000000008003905C] -> 0x9593
mem[X,0x000000008003905E] -> 0x00A5
[7302] [M]: 0x000000008003905C (0x00A59593) slli a1, a1, 0xa
x11 <- 0xAAAAAAAAAAAAA800
mem[X,0x0000000080039060] -> 0x8593
mem[X,0x0000000080039062] -> 0x2AB5
[7303] [M]: 0x0000000080039060 (0x2AB58593) addi a1, a1, 0x2ab
x11 <- 0xAAAAAAAAAAAAAAAB
mem[X,0x0000000080039064] -> 0x0113
mem[X,0x0000000080039066] -> 0x0000
[7304] [M]: 0x0000000080039064 (0x00000113) addi sp, zero, 0x0
x2 <- 0x0000000000000000
mem[X,0x0000000080039068] -> 0x006F
mem[X,0x000000008003906A] -> 0x00C0
[7305] [M]: 0x0000000080039068 (0x00C0006F) jal zero, 0xc
mem[X,0x0000000080039074] -> 0x4CE3
mem[X,0x0000000080039076] -> 0xFEB5
[7306] [M]: 0x0000000080039074 (0xFEB54CE3) blt a0, a1, -0x8
mem[X,0x0000000080039078] -> 0x0113
mem[X,0x000000008003907A] -> 0x0021
[7307] [M]: 0x0000000080039078 (0x00210113) addi sp, sp, 0x2
x2 <- 0x0000000000000002
mem[X,0x000000008003907C] -> 0x006F
mem[X,0x000000008003907E] -> 0x00C0
[7308] [M]: 0x000000008003907C (0x00C0006F) jal zero, 0xc
mem[X,0x0000000080039088] -> 0xB023
mem[X,0x000000008003908A] -> 0x6220
[7309] [M]: 0x0000000080039088 (0x6220B023) sd sp, 0x620(ra)
mem[0x000000008004FFF8] <- 0x0000000000000002
mem[X,0x000000008003908C] -> 0x6537
mem[X,0x000000008003908E] -> 0x6666
[7310] [M]: 0x000000008003908C (0x66666537) lui a0, 0x66666
x10 <- 0x0000000066666000
mem[X,0x0000000080039090] -> 0x0513
mem[X,0x0000000080039092] -> 0x6665
[7311] [M]: 0x0000000080039090 (0x66650513) addi a0, a0, 0x666
x10 <- 0x0000000066666666
mem[X,0x0000000080039094] -> 0x1513
mem[X,0x0000000080039096] -> 0x00B5
[7312] [M]: 0x0000000080039094 (0x00B51513) slli a0, a0, 0xb
x10 <- 0x0000033333333000
mem[X,0x0000000080039098] -> 0x0513
mem[X,0x000000008003909A] -> 0x3335
[7313] [M]: 0x0000000080039098 (0x33350513) addi a0, a0, 0x333
x10 <- 0x0000033333333333
mem[X,0x000000008003909C] -> 0x1513
mem[X,0x000000008003909E] -> 0x00B5
[7314] [M]: 0x000000008003909C (0x00B51513) slli a0, a0, 0xb
x10 <- 0x0019999999999800
mem[X,0x00000000800390A0] -> 0x0513
mem[X,0x00000000800390A2] -> 0x1995
[7315] [M]: 0x00000000800390A0 (0x19950513) addi a0, a0, 0x199
x10 <- 0x0019999999999999
mem[X,0x00000000800390A4] -> 0x1513
mem[X,0x00000000800390A6] -> 0x00A5
[7316] [M]: 0x00000000800390A4 (0x00A51513) slli a0, a0, 0xa
x10 <- 0x6666666666666400
mem[X,0x00000000800390A8] -> 0x0513
mem[X,0x00000000800390AA] -> 0x2655
[7317] [M]: 0x00000000800390A8 (0x26550513) addi a0, a0, 0x265
x10 <- 0x6666666666666665
mem[X,0x00000000800390AC] -> 0x0593
mem[X,0x00000000800390AE] -> 0x0060
[7318] [M]: 0x00000000800390AC (0x00600593) addi a1, zero, 0x6
x11 <- 0x0000000000000006
mem[X,0x00000000800390B0] -> 0x0113
mem[X,0x00000000800390B2] -> 0x0000
[7319] [M]: 0x00000000800390B0 (0x00000113) addi sp, zero, 0x0
x2 <- 0x0000000000000000
mem[X,0x00000000800390B4] -> 0x006F
mem[X,0x00000000800390B6] -> 0x00C0
[7320] [M]: 0x00000000800390B4 (0x00C0006F) jal zero, 0xc
mem[X,0x00000000800390C0] -> 0x4863
mem[X,0x00000000800390C2] -> 0x00B5
[7321] [M]: 0x00000000800390C0 (0x00B54863) blt a0, a1, 0x10
mem[X,0x00000000800390C4] -> 0x0113
mem[X,0x00000000800390C6] -> 0x0021
[7322] [M]: 0x00000000800390C4 (0x00210113) addi sp, sp, 0x2
x2 <- 0x0000000000000002
mem[X,0x00000000800390C8] -> 0x006F
mem[X,0x00000000800390CA] -> 0x0100
[7323] [M]: 0x00000000800390C8 (0x0100006F) jal zero, 0x10
mem[X,0x00000000800390D8] -> 0xB423
mem[X,0x00000000800390DA] -> 0x6220
[7324] [M]: 0x00000000800390D8 (0x6220B423) sd sp, 0x628(ra)
mem[0x0000000080050000] <- 0x0000000000000002
mem[X,0x00000000800390DC] -> 0x6537
mem[X,0x00000000800390DE] -> 0x6666
[7325] [M]: 0x00000000800390DC (0x66666537) lui a0, 0x66666
x10 <- 0x0000000066666000
mem[X,0x00000000800390E0] -> 0x0513
mem[X,0x00000000800390E2] -> 0x6665
[7326] [M]: 0x00000000800390E0 (0x66650513) addi a0, a0, 0x666
x10 <- 0x0000000066666666
mem[X,0x00000000800390E4] -> 0x1513
mem[X,0x00000000800390E6] -> 0x00B5
[7327] [M]: 0x00000000800390E4 (0x00B51513) slli a0, a0, 0xb
x10 <- 0x0000033333333000
mem[X,0x00000000800390E8] -> 0x0513
mem[X,0x00000000800390EA] -> 0x3335
[7328] [M]: 0x00000000800390E8 (0x33350513) addi a0, a0, 0x333
x10 <- 0x0000033333333333
mem[X,0x00000000800390EC] -> 0x1513
mem[X,0x00000000800390EE] -> 0x00B5
[7329] [M]: 0x00000000800390EC (0x00B51513) slli a0, a0, 0xb
x10 <- 0x0019999999999800
mem[X,0x00000000800390F0] -> 0x0513
mem[X,0x00000000800390F2] -> 0x1995
[7330] [M]: 0x00000000800390F0 (0x19950513) addi a0, a0, 0x199
x10 <- 0x0019999999999999
mem[X,0x00000000800390F4] -> 0x1513
mem[X,0x00000000800390F6] -> 0x00A5
[7331] [M]: 0x00000000800390F4 (0x00A51513) slli a0, a0, 0xa
x10 <- 0x6666666666666400
mem[X,0x00000000800390F8] -> 0x0513
mem[X,0x00000000800390FA] -> 0x2655
[7332] [M]: 0x00000000800390F8 (0x26550513) addi a0, a0, 0x265
x10 <- 0x6666666666666665
mem[X,0x00000000800390FC] -> 0x35B7
mem[X,0x00000000800390FE] -> 0x3333
[7333] [M]: 0x00000000800390FC (0x333335B7) lui a1, 0x33333
x11 <- 0x0000000033333000
mem[X,0x0000000080039100] -> 0x8593
mem[X,0x0000000080039102] -> 0x3335
[7334] [M]: 0x0000000080039100 (0x33358593) addi a1, a1, 0x333
x11 <- 0x0000000033333333
mem[X,0x0000000080039104] -> 0x9593
mem[X,0x0000000080039106] -> 0x00B5
[7335] [M]: 0x0000000080039104 (0x00B59593) slli a1, a1, 0xb
x11 <- 0x0000019999999800
mem[X,0x0000000080039108] -> 0x8593
mem[X,0x000000008003910A] -> 0x1995
[7336] [M]: 0x0000000080039108 (0x19958593) addi a1, a1, 0x199
x11 <- 0x0000019999999999
mem[X,0x000000008003910C] -> 0x9593
mem[X,0x000000008003910E] -> 0x00B5
[7337] [M]: 0x000000008003910C (0x00B59593) slli a1, a1, 0xb
x11 <- 0x000CCCCCCCCCC800
mem[X,0x0000000080039110] -> 0x8593
mem[X,0x0000000080039112] -> 0x4CC5
[7338] [M]: 0x0000000080039110 (0x4CC58593) addi a1, a1, 0x4cc
x11 <- 0x000CCCCCCCCCCCCC
mem[X,0x0000000080039114] -> 0x9593
mem[X,0x0000000080039116] -> 0x00A5
[7339] [M]: 0x0000000080039114 (0x00A59593) slli a1, a1, 0xa
x11 <- 0x3333333333333000
mem[X,0x0000000080039118] -> 0x8593
mem[X,0x000000008003911A] -> 0x3345
[7340] [M]: 0x0000000080039118 (0x33458593) addi a1, a1, 0x334
x11 <- 0x3333333333333334
mem[X,0x000000008003911C] -> 0x0113
mem[X,0x000000008003911E] -> 0x0000
[7341] [M]: 0x000000008003911C (0x00000113) addi sp, zero, 0x0
x2 <- 0x0000000000000000
mem[X,0x0000000080039120] -> 0x006F
mem[X,0x0000000080039122] -> 0x00C0
[7342] [M]: 0x0000000080039120 (0x00C0006F) jal zero, 0xc
mem[X,0x000000008003912C] -> 0x4063
mem[X,0x000000008003912E] -> 0x02B5
[7343] [M]: 0x000000008003912C (0x02B54063) blt a0, a1, 0x20
mem[X,0x0000000080039130] -> 0x0113
mem[X,0x0000000080039132] -> 0x0021
[7344] [M]: 0x0000000080039130 (0x00210113) addi sp, sp, 0x2
x2 <- 0x0000000000000002
mem[X,0x0000000080039134] -> 0x006F
mem[X,0x0000000080039136] -> 0x0200
[7345] [M]: 0x0000000080039134 (0x0200006F) jal zero, 0x20
mem[X,0x0000000080039154] -> 0xB823
mem[X,0x0000000080039156] -> 0x6220
[7346] [M]: 0x0000000080039154 (0x6220B823) sd sp, 0x630(ra)
mem[0x0000000080050008] <- 0x0000000000000002
mem[X,0x0000000080039158] -> 0x6537
mem[X,0x000000008003915A] -> 0x6666
[7347] [M]: 0x0000000080039158 (0x66666537) lui a0, 0x66666
x10 <- 0x0000000066666000
mem[X,0x000000008003915C] -> 0x0513
mem[X,0x000000008003915E] -> 0x6665
[7348] [M]: 0x000000008003915C (0x66650513) addi a0, a0, 0x666
x10 <- 0x0000000066666666
mem[X,0x0000000080039160] -> 0x1513
mem[X,0x0000000080039162] -> 0x00B5
[7349] [M]: 0x0000000080039160 (0x00B51513) slli a0, a0, 0xb
x10 <- 0x0000033333333000
mem[X,0x0000000080039164] -> 0x0513
mem[X,0x0000000080039166] -> 0x3335
[7350] [M]: 0x0000000080039164 (0x33350513) addi a0, a0, 0x333
x10 <- 0x0000033333333333
mem[X,0x0000000080039168] -> 0x1513
mem[X,0x000000008003916A] -> 0x00B5
[7351] [M]: 0x0000000080039168 (0x00B51513) slli a0, a0, 0xb
x10 <- 0x0019999999999800
mem[X,0x000000008003916C] -> 0x0513
mem[X,0x000000008003916E] -> 0x1995
[7352] [M]: 0x000000008003916C (0x19950513) addi a0, a0, 0x199
x10 <- 0x0019999999999999
mem[X,0x0000000080039170] -> 0x1513
mem[X,0x0000000080039172] -> 0x00A5
[7353] [M]: 0x0000000080039170 (0x00A51513) slli a0, a0, 0xa
x10 <- 0x6666666666666400
mem[X,0x0000000080039174] -> 0x0513
mem[X,0x0000000080039176] -> 0x2655
[7354] [M]: 0x0000000080039174 (0x26550513) addi a0, a0, 0x265
x10 <- 0x6666666666666665
mem[X,0x0000000080039178] -> 0x65B7
mem[X,0x000000008003917A] -> 0x6666
[7355] [M]: 0x0000000080039178 (0x666665B7) lui a1, 0x66666
x11 <- 0x0000000066666000
mem[X,0x000000008003917C] -> 0x8593
mem[X,0x000000008003917E] -> 0x6665
[7356] [M]: 0x000000008003917C (0x66658593) addi a1, a1, 0x666
x11 <- 0x0000000066666666
mem[X,0x0000000080039180] -> 0x9593
mem[X,0x0000000080039182] -> 0x00B5
[7357] [M]: 0x0000000080039180 (0x00B59593) slli a1, a1, 0xb
x11 <- 0x0000033333333000
mem[X,0x0000000080039184] -> 0x8593
mem[X,0x0000000080039186] -> 0x3335
[7358] [M]: 0x0000000080039184 (0x33358593) addi a1, a1, 0x333
x11 <- 0x0000033333333333
mem[X,0x0000000080039188] -> 0x9593
mem[X,0x000000008003918A] -> 0x00B5
[7359] [M]: 0x0000000080039188 (0x00B59593) slli a1, a1, 0xb
x11 <- 0x0019999999999800
mem[X,0x000000008003918C] -> 0x8593
mem[X,0x000000008003918E] -> 0x1995
[7360] [M]: 0x000000008003918C (0x19958593) addi a1, a1, 0x199
x11 <- 0x0019999999999999
mem[X,0x0000000080039190] -> 0x9593
mem[X,0x0000000080039192] -> 0x00A5
[7361] [M]: 0x0000000080039190 (0x00A59593) slli a1, a1, 0xa
x11 <- 0x6666666666666400
mem[X,0x0000000080039194] -> 0x8593
mem[X,0x0000000080039196] -> 0x2675
[7362] [M]: 0x0000000080039194 (0x26758593) addi a1, a1, 0x267
x11 <- 0x6666666666666667
mem[X,0x0000000080039198] -> 0x0113
mem[X,0x000000008003919A] -> 0x0000
[7363] [M]: 0x0000000080039198 (0x00000113) addi sp, zero, 0x0
x2 <- 0x0000000000000000
mem[X,0x000000008003919C] -> 0x006F
mem[X,0x000000008003919E] -> 0x0100
[7364] [M]: 0x000000008003919C (0x0100006F) jal zero, 0x10
mem[X,0x00000000800391AC] -> 0x4AE3
mem[X,0x00000000800391AE] -> 0xFEB5
[7365] [M]: 0x00000000800391AC (0xFEB54AE3) blt a0, a1, -0xc
mem[X,0x00000000800391A0] -> 0x0113
mem[X,0x00000000800391A2] -> 0x0011
[7366] [M]: 0x00000000800391A0 (0x00110113) addi sp, sp, 0x1
x2 <- 0x0000000000000001
mem[X,0x00000000800391A4] -> 0x006F
mem[X,0x00000000800391A6] -> 0x01C0
[7367] [M]: 0x00000000800391A4 (0x01C0006F) jal zero, 0x1c
mem[X,0x00000000800391C0] -> 0xBC23
mem[X,0x00000000800391C2] -> 0x6220
[7368] [M]: 0x00000000800391C0 (0x6220BC23) sd sp, 0x638(ra)
mem[0x0000000080050010] <- 0x0000000000000001
mem[X,0x00000000800391C4] -> 0x6537
mem[X,0x00000000800391C6] -> 0x6666
[7369] [M]: 0x00000000800391C4 (0x66666537) lui a0, 0x66666
x10 <- 0x0000000066666000
mem[X,0x00000000800391C8] -> 0x0513
mem[X,0x00000000800391CA] -> 0x6665
[7370] [M]: 0x00000000800391C8 (0x66650513) addi a0, a0, 0x666
x10 <- 0x0000000066666666
mem[X,0x00000000800391CC] -> 0x1513
mem[X,0x00000000800391CE] -> 0x00B5
[7371] [M]: 0x00000000800391CC (0x00B51513) slli a0, a0, 0xb
x10 <- 0x0000033333333000
mem[X,0x00000000800391D0] -> 0x0513
mem[X,0x00000000800391D2] -> 0x3335
[7372] [M]: 0x00000000800391D0 (0x33350513) addi a0, a0, 0x333
x10 <- 0x0000033333333333
mem[X,0x00000000800391D4] -> 0x1513
mem[X,0x00000000800391D6] -> 0x00B5
[7373] [M]: 0x00000000800391D4 (0x00B51513) slli a0, a0, 0xb
x10 <- 0x0019999999999800
mem[X,0x00000000800391D8] -> 0x0513
mem[X,0x00000000800391DA] -> 0x1995
[7374] [M]: 0x00000000800391D8 (0x19950513) addi a0, a0, 0x199
x10 <- 0x0019999999999999
mem[X,0x00000000800391DC] -> 0x1513
mem[X,0x00000000800391DE] -> 0x00A5
[7375] [M]: 0x00000000800391DC (0x00A51513) slli a0, a0, 0xa
x10 <- 0x6666666666666400
mem[X,0x00000000800391E0] -> 0x0513
mem[X,0x00000000800391E2] -> 0x2655
[7376] [M]: 0x00000000800391E0 (0x26550513) addi a0, a0, 0x265
x10 <- 0x6666666666666665
mem[X,0x00000000800391E4] -> 0x05B7
mem[X,0x00000000800391E6] -> 0x0000
[7377] [M]: 0x00000000800391E4 (0x000005B7) lui a1, 0x0
x11 <- 0x0000000000000000
mem[X,0x00000000800391E8] -> 0x8593
mem[X,0x00000000800391EA] -> 0xFFF5
[7378] [M]: 0x00000000800391E8 (0xFFF58593) addi a1, a1, -0x1
x11 <- 0xFFFFFFFFFFFFFFFF
mem[X,0x00000000800391EC] -> 0x9593
mem[X,0x00000000800391EE] -> 0x00B5
[7379] [M]: 0x00000000800391EC (0x00B59593) slli a1, a1, 0xb
x11 <- 0xFFFFFFFFFFFFF800
mem[X,0x00000000800391F0] -> 0x8593
mem[X,0x00000000800391F2] -> 0x2575
[7380] [M]: 0x00000000800391F0 (0x25758593) addi a1, a1, 0x257
x11 <- 0xFFFFFFFFFFFFFA57
mem[X,0x00000000800391F4] -> 0x9593
mem[X,0x00000000800391F6] -> 0x00B5
[7381] [M]: 0x00000000800391F4 (0x00B59593) slli a1, a1, 0xb
x11 <- 0xFFFFFFFFFFD2B800
mem[X,0x00000000800391F8] -> 0x8593
mem[X,0x00000000800391FA] -> 0x6C35
[7382] [M]: 0x00000000800391F8 (0x6C358593) addi a1, a1, 0x6c3
x11 <- 0xFFFFFFFFFFD2BEC3
mem[X,0x00000000800391FC] -> 0x9593
mem[X,0x00000000800391FE] -> 0x00A5
[7383] [M]: 0x00000000800391FC (0x00A59593) slli a1, a1, 0xa
x11 <- 0xFFFFFFFF4AFB0C00
mem[X,0x0000000080039200] -> 0x8593
mem[X,0x0000000080039202] -> 0x0CE5
[7384] [M]: 0x0000000080039200 (0x0CE58593) addi a1, a1, 0xce
x11 <- 0xFFFFFFFF4AFB0CCE
mem[X,0x0000000080039204] -> 0x0113
mem[X,0x0000000080039206] -> 0x0000
[7385] [M]: 0x0000000080039204 (0x00000113) addi sp, zero, 0x0
x2 <- 0x0000000000000000
mem[X,0x0000000080039208] -> 0x006F
mem[X,0x000000008003920A] -> 0x00C0
[7386] [M]: 0x0000000080039208 (0x00C0006F) jal zero, 0xc
mem[X,0x0000000080039214] -> 0x4CE3
mem[X,0x0000000080039216] -> 0xFEB5
[7387] [M]: 0x0000000080039214 (0xFEB54CE3) blt a0, a1, -0x8
mem[X,0x0000000080039218] -> 0x0113
mem[X,0x000000008003921A] -> 0x0021
[7388] [M]: 0x0000000080039218 (0x00210113) addi sp, sp, 0x2
x2 <- 0x0000000000000002
mem[X,0x000000008003921C] -> 0x006F
mem[X,0x000000008003921E] -> 0x00C0
[7389] [M]: 0x000000008003921C (0x00C0006F) jal zero, 0xc
mem[X,0x0000000080039228] -> 0xB023
mem[X,0x000000008003922A] -> 0x6420
[7390] [M]: 0x0000000080039228 (0x6420B023) sd sp, 0x640(ra)
mem[0x0000000080050018] <- 0x0000000000000002
mem[X,0x000000008003922C] -> 0x6537
mem[X,0x000000008003922E] -> 0x6666
[7391] [M]: 0x000000008003922C (0x66666537) lui a0, 0x66666
x10 <- 0x0000000066666000
mem[X,0x0000000080039230] -> 0x0513
mem[X,0x0000000080039232] -> 0x6665
[7392] [M]: 0x0000000080039230 (0x66650513) addi a0, a0, 0x666
x10 <- 0x0000000066666666
mem[X,0x0000000080039234] -> 0x1513
mem[X,0x0000000080039236] -> 0x00B5
[7393] [M]: 0x0000000080039234 (0x00B51513) slli a0, a0, 0xb
x10 <- 0x0000033333333000
mem[X,0x0000000080039238] -> 0x0513
mem[X,0x000000008003923A] -> 0x3335
[7394] [M]: 0x0000000080039238 (0x33350513) addi a0, a0, 0x333
x10 <- 0x0000033333333333
mem[X,0x000000008003923C] -> 0x1513
mem[X,0x000000008003923E] -> 0x00B5
[7395] [M]: 0x000000008003923C (0x00B51513) slli a0, a0, 0xb
x10 <- 0x0019999999999800
mem[X,0x0000000080039240] -> 0x0513
mem[X,0x0000000080039242] -> 0x1995
[7396] [M]: 0x0000000080039240 (0x19950513) addi a0, a0, 0x199
x10 <- 0x0019999999999999
mem[X,0x0000000080039244] -> 0x1513
mem[X,0x0000000080039246] -> 0x00A5
[7397] [M]: 0x0000000080039244 (0x00A51513) slli a0, a0, 0xa
x10 <- 0x6666666666666400
mem[X,0x0000000080039248] -> 0x0513
mem[X,0x000000008003924A] -> 0x2655
[7398] [M]: 0x0000000080039248 (0x26550513) addi a0, a0, 0x265
x10 <- 0x6666666666666665
mem[X,0x000000008003924C] -> 0x05B7
mem[X,0x000000008003924E] -> 0x0000
[7399] [M]: 0x000000008003924C (0x000005B7) lui a1, 0x0
x11 <- 0x0000000000000000
clint::tick mtime <- 0x000000000000004A
 clint timer pending at mtime 0x000000000000004A
htif::tick 0x0000000000000000
mem[X,0x0000000080039250] -> 0x8593
mem[X,0x0000000080039252] -> 0x0005
[7400] [M]: 0x0000000080039250 (0x00058593) addi a1, a1, 0x0
x11 <- 0x0000000000000000
mem[X,0x0000000080039254] -> 0x9593
mem[X,0x0000000080039256] -> 0x00B5
[7401] [M]: 0x0000000080039254 (0x00B59593) slli a1, a1, 0xb
x11 <- 0x0000000000000000
mem[X,0x0000000080039258] -> 0x8593
mem[X,0x000000008003925A] -> 0x5A85
[7402] [M]: 0x0000000080039258 (0x5A858593) addi a1, a1, 0x5a8
x11 <- 0x00000000000005A8
mem[X,0x000000008003925C] -> 0x9593
mem[X,0x000000008003925E] -> 0x00B5
[7403] [M]: 0x000000008003925C (0x00B59593) slli a1, a1, 0xb
x11 <- 0x00000000002D4000
mem[X,0x0000000080039260] -> 0x8593
mem[X,0x0000000080039262] -> 0x13C5
[7404] [M]: 0x0000000080039260 (0x13C58593) addi a1, a1, 0x13c
x11 <- 0x00000000002D413C
mem[X,0x0000000080039264] -> 0x9593
mem[X,0x0000000080039266] -> 0x00A5
[7405] [M]: 0x0000000080039264 (0x00A59593) slli a1, a1, 0xa
x11 <- 0x00000000B504F000
mem[X,0x0000000080039268] -> 0x8593
mem[X,0x000000008003926A] -> 0x3345
[7406] [M]: 0x0000000080039268 (0x33458593) addi a1, a1, 0x334
x11 <- 0x00000000B504F334
mem[X,0x000000008003926C] -> 0x0113
mem[X,0x000000008003926E] -> 0x0000
[7407] [M]: 0x000000008003926C (0x00000113) addi sp, zero, 0x0
x2 <- 0x0000000000000000
mem[X,0x0000000080039270] -> 0x006F
mem[X,0x0000000080039272] -> 0x0140
[7408] [M]: 0x0000000080039270 (0x0140006F) jal zero, 0x14
mem[X,0x0000000080039284] -> 0x48E3
mem[X,0x0000000080039286] -> 0xFEB5
[7409] [M]: 0x0000000080039284 (0xFEB548E3) blt a0, a1, -0x10
mem[X,0x0000000080039288] -> 0x0113
mem[X,0x000000008003928A] -> 0x0021
[7410] [M]: 0x0000000080039288 (0x00210113) addi sp, sp, 0x2
x2 <- 0x0000000000000002
mem[X,0x000000008003928C] -> 0x006F
mem[X,0x000000008003928E] -> 0x00C0
[7411] [M]: 0x000000008003928C (0x00C0006F) jal zero, 0xc
mem[X,0x0000000080039298] -> 0xB423
mem[X,0x000000008003929A] -> 0x6420
[7412] [M]: 0x0000000080039298 (0x6420B423) sd sp, 0x648(ra)
mem[0x0000000080050020] <- 0x0000000000000002
mem[X,0x000000008003929C] -> 0x0537
mem[X,0x000000008003929E] -> 0x0000
[7413] [M]: 0x000000008003929C (0x00000537) lui a0, 0x0
x10 <- 0x0000000000000000
mem[X,0x00000000800392A0] -> 0x0513
mem[X,0x00000000800392A2] -> 0x0005
[7414] [M]: 0x00000000800392A0 (0x00050513) addi a0, a0, 0x0
x10 <- 0x0000000000000000
mem[X,0x00000000800392A4] -> 0x1513
mem[X,0x00000000800392A6] -> 0x00B5
[7415] [M]: 0x00000000800392A4 (0x00B51513) slli a0, a0, 0xb
x10 <- 0x0000000000000000
mem[X,0x00000000800392A8] -> 0x0513
mem[X,0x00000000800392AA] -> 0x5A85
[7416] [M]: 0x00000000800392A8 (0x5A850513) addi a0, a0, 0x5a8
x10 <- 0x00000000000005A8
mem[X,0x00000000800392AC] -> 0x1513
mem[X,0x00000000800392AE] -> 0x00B5
[7417] [M]: 0x00000000800392AC (0x00B51513) slli a0, a0, 0xb
x10 <- 0x00000000002D4000
mem[X,0x00000000800392B0] -> 0x0513
mem[X,0x00000000800392B2] -> 0x13C5
[7418] [M]: 0x00000000800392B0 (0x13C50513) addi a0, a0, 0x13c
x10 <- 0x00000000002D413C
mem[X,0x00000000800392B4] -> 0x1513
mem[X,0x00000000800392B6] -> 0x00A5
[7419] [M]: 0x00000000800392B4 (0x00A51513) slli a0, a0, 0xa
x10 <- 0x00000000B504F000
mem[X,0x00000000800392B8] -> 0x0513
mem[X,0x00000000800392BA] -> 0x3325
[7420] [M]: 0x00000000800392B8 (0x33250513) addi a0, a0, 0x332
x10 <- 0x00000000B504F332
mem[X,0x00000000800392BC] -> 0x0593
mem[X,0x00000000800392BE] -> 0x0030
[7421] [M]: 0x00000000800392BC (0x00300593) addi a1, zero, 0x3
x11 <- 0x0000000000000003
mem[X,0x00000000800392C0] -> 0x0113
mem[X,0x00000000800392C2] -> 0x0000
[7422] [M]: 0x00000000800392C0 (0x00000113) addi sp, zero, 0x0
x2 <- 0x0000000000000000
mem[X,0x00000000800392C4] -> 0x006F
mem[X,0x00000000800392C6] -> 0x00C0
[7423] [M]: 0x00000000800392C4 (0x00C0006F) jal zero, 0xc
mem[X,0x00000000800392D0] -> 0x4063
mem[X,0x00000000800392D2] -> 0x40B5
[7424] [M]: 0x00000000800392D0 (0x40B54063) blt a0, a1, 0x400
mem[X,0x00000000800392D4] -> 0x0113
mem[X,0x00000000800392D6] -> 0x0021
[7425] [M]: 0x00000000800392D4 (0x00210113) addi sp, sp, 0x2
x2 <- 0x0000000000000002
mem[X,0x00000000800392D8] -> 0x006F
mem[X,0x00000000800392DA] -> 0x4000
[7426] [M]: 0x00000000800392D8 (0x4000006F) jal zero, 0x400
mem[X,0x00000000800396D8] -> 0xB823
mem[X,0x00000000800396DA] -> 0x6420
[7427] [M]: 0x00000000800396D8 (0x6420B823) sd sp, 0x650(ra)
mem[0x0000000080050028] <- 0x0000000000000002
mem[X,0x00000000800396DC] -> 0x0537
mem[X,0x00000000800396DE] -> 0x0000
[7428] [M]: 0x00000000800396DC (0x00000537) lui a0, 0x0
x10 <- 0x0000000000000000
mem[X,0x00000000800396E0] -> 0x0513
mem[X,0x00000000800396E2] -> 0x0005
[7429] [M]: 0x00000000800396E0 (0x00050513) addi a0, a0, 0x0
x10 <- 0x0000000000000000
mem[X,0x00000000800396E4] -> 0x1513
mem[X,0x00000000800396E6] -> 0x00B5
[7430] [M]: 0x00000000800396E4 (0x00B51513) slli a0, a0, 0xb
x10 <- 0x0000000000000000
mem[X,0x00000000800396E8] -> 0x0513
mem[X,0x00000000800396EA] -> 0x5A85
[7431] [M]: 0x00000000800396E8 (0x5A850513) addi a0, a0, 0x5a8
x10 <- 0x00000000000005A8
mem[X,0x00000000800396EC] -> 0x1513
mem[X,0x00000000800396EE] -> 0x00B5
[7432] [M]: 0x00000000800396EC (0x00B51513) slli a0, a0, 0xb
x10 <- 0x00000000002D4000
mem[X,0x00000000800396F0] -> 0x0513
mem[X,0x00000000800396F2] -> 0x13C5
[7433] [M]: 0x00000000800396F0 (0x13C50513) addi a0, a0, 0x13c
x10 <- 0x00000000002D413C
mem[X,0x00000000800396F4] -> 0x1513
mem[X,0x00000000800396F6] -> 0x00A5
[7434] [M]: 0x00000000800396F4 (0x00A51513) slli a0, a0, 0xa
x10 <- 0x00000000B504F000
mem[X,0x00000000800396F8] -> 0x0513
mem[X,0x00000000800396FA] -> 0x3325
[7435] [M]: 0x00000000800396F8 (0x33250513) addi a0, a0, 0x332
x10 <- 0x00000000B504F332
mem[X,0x00000000800396FC] -> 0x55B7
mem[X,0x00000000800396FE] -> 0x5555
[7436] [M]: 0x00000000800396FC (0x555555B7) lui a1, 0x55555
x11 <- 0x0000000055555000
mem[X,0x0000000080039700] -> 0x8593
mem[X,0x0000000080039702] -> 0x5555
[7437] [M]: 0x0000000080039700 (0x55558593) addi a1, a1, 0x555
x11 <- 0x0000000055555555
mem[X,0x0000000080039704] -> 0x9593
mem[X,0x0000000080039706] -> 0x00B5
[7438] [M]: 0x0000000080039704 (0x00B59593) slli a1, a1, 0xb
x11 <- 0x000002AAAAAAA800
mem[X,0x0000000080039708] -> 0x8593
mem[X,0x000000008003970A] -> 0x2AA5
[7439] [M]: 0x0000000080039708 (0x2AA58593) addi a1, a1, 0x2aa
x11 <- 0x000002AAAAAAAAAA
mem[X,0x000000008003970C] -> 0x9593
mem[X,0x000000008003970E] -> 0x00B5
[7440] [M]: 0x000000008003970C (0x00B59593) slli a1, a1, 0xb
x11 <- 0x0015555555555000
mem[X,0x0000000080039710] -> 0x8593
mem[X,0x0000000080039712] -> 0x5555
[7441] [M]: 0x0000000080039710 (0x55558593) addi a1, a1, 0x555
x11 <- 0x0015555555555555
mem[X,0x0000000080039714] -> 0x9593
mem[X,0x0000000080039716] -> 0x00A5
[7442] [M]: 0x0000000080039714 (0x00A59593) slli a1, a1, 0xa
x11 <- 0x5555555555555400
mem[X,0x0000000080039718] -> 0x8593
mem[X,0x000000008003971A] -> 0x1555
[7443] [M]: 0x0000000080039718 (0x15558593) addi a1, a1, 0x155
x11 <- 0x5555555555555555
mem[X,0x000000008003971C] -> 0x0113
mem[X,0x000000008003971E] -> 0x0000
[7444] [M]: 0x000000008003971C (0x00000113) addi sp, zero, 0x0
x2 <- 0x0000000000000000
mem[X,0x0000000080039720] -> 0x006F
mem[X,0x0000000080039722] -> 0x00C0
[7445] [M]: 0x0000000080039720 (0x00C0006F) jal zero, 0xc
mem[X,0x000000008003972C] -> 0x4063
mem[X,0x000000008003972E] -> 0x02B5
[7446] [M]: 0x000000008003972C (0x02B54063) blt a0, a1, 0x20
mem[X,0x000000008003974C] -> 0x0113
mem[X,0x000000008003974E] -> 0x0031
[7447] [M]: 0x000000008003974C (0x00310113) addi sp, sp, 0x3
x2 <- 0x0000000000000003
mem[X,0x0000000080039750] -> 0x006F
mem[X,0x0000000080039752] -> 0x0040
[7448] [M]: 0x0000000080039750 (0x0040006F) jal zero, 0x4
mem[X,0x0000000080039754] -> 0xBC23
mem[X,0x0000000080039756] -> 0x6420
[7449] [M]: 0x0000000080039754 (0x6420BC23) sd sp, 0x658(ra)
mem[0x0000000080050030] <- 0x0000000000000003
mem[X,0x0000000080039758] -> 0x0537
mem[X,0x000000008003975A] -> 0x0000
[7450] [M]: 0x0000000080039758 (0x00000537) lui a0, 0x0
x10 <- 0x0000000000000000
mem[X,0x000000008003975C] -> 0x0513
mem[X,0x000000008003975E] -> 0x0005
[7451] [M]: 0x000000008003975C (0x00050513) addi a0, a0, 0x0
x10 <- 0x0000000000000000
mem[X,0x0000000080039760] -> 0x1513
mem[X,0x0000000080039762] -> 0x00B5
[7452] [M]: 0x0000000080039760 (0x00B51513) slli a0, a0, 0xb
x10 <- 0x0000000000000000
mem[X,0x0000000080039764] -> 0x0513
mem[X,0x0000000080039766] -> 0x5A85
[7453] [M]: 0x0000000080039764 (0x5A850513) addi a0, a0, 0x5a8
x10 <- 0x00000000000005A8
mem[X,0x0000000080039768] -> 0x1513
mem[X,0x000000008003976A] -> 0x00B5
[7454] [M]: 0x0000000080039768 (0x00B51513) slli a0, a0, 0xb
x10 <- 0x00000000002D4000
mem[X,0x000000008003976C] -> 0x0513
mem[X,0x000000008003976E] -> 0x13C5
[7455] [M]: 0x000000008003976C (0x13C50513) addi a0, a0, 0x13c
x10 <- 0x00000000002D413C
mem[X,0x0000000080039770] -> 0x1513
mem[X,0x0000000080039772] -> 0x00A5
[7456] [M]: 0x0000000080039770 (0x00A51513) slli a0, a0, 0xa
x10 <- 0x00000000B504F000
mem[X,0x0000000080039774] -> 0x0513
mem[X,0x0000000080039776] -> 0x3325
[7457] [M]: 0x0000000080039774 (0x33250513) addi a0, a0, 0x332
x10 <- 0x00000000B504F332
mem[X,0x0000000080039778] -> 0xB5B7
mem[X,0x000000008003977A] -> 0xAAAA
[7458] [M]: 0x0000000080039778 (0xAAAAB5B7) lui a1, -0x55555
x11 <- 0xFFFFFFFFAAAAB000
mem[X,0x000000008003977C] -> 0x8593
mem[X,0x000000008003977E] -> 0xAAA5
[7459] [M]: 0x000000008003977C (0xAAA58593) addi a1, a1, -0x556
x11 <- 0xFFFFFFFFAAAAAAAA
mem[X,0x0000000080039780] -> 0x9593
mem[X,0x0000000080039782] -> 0x00B5
[7460] [M]: 0x0000000080039780 (0x00B59593) slli a1, a1, 0xb
x11 <- 0xFFFFFD5555555000
mem[X,0x0000000080039784] -> 0x8593
mem[X,0x0000000080039786] -> 0x5555
[7461] [M]: 0x0000000080039784 (0x55558593) addi a1, a1, 0x555
x11 <- 0xFFFFFD5555555555
mem[X,0x0000000080039788] -> 0x9593
mem[X,0x000000008003978A] -> 0x00B5
[7462] [M]: 0x0000000080039788 (0x00B59593) slli a1, a1, 0xb
x11 <- 0xFFEAAAAAAAAAA800
mem[X,0x000000008003978C] -> 0x8593
mem[X,0x000000008003978E] -> 0x2AA5
[7463] [M]: 0x000000008003978C (0x2AA58593) addi a1, a1, 0x2aa
x11 <- 0xFFEAAAAAAAAAAAAA
mem[X,0x0000000080039790] -> 0x9593
mem[X,0x0000000080039792] -> 0x00A5
[7464] [M]: 0x0000000080039790 (0x00A59593) slli a1, a1, 0xa
x11 <- 0xAAAAAAAAAAAAA800
mem[X,0x0000000080039794] -> 0x8593
mem[X,0x0000000080039796] -> 0x2AA5
[7465] [M]: 0x0000000080039794 (0x2AA58593) addi a1, a1, 0x2aa
x11 <- 0xAAAAAAAAAAAAAAAA
mem[X,0x0000000080039798] -> 0x0113
mem[X,0x000000008003979A] -> 0x0000
[7466] [M]: 0x0000000080039798 (0x00000113) addi sp, zero, 0x0
x2 <- 0x0000000000000000
mem[X,0x000000008003979C] -> 0x006F
mem[X,0x000000008003979E] -> 0x00C0
[7467] [M]: 0x000000008003979C (0x00C0006F) jal zero, 0xc
mem[X,0x00000000800397A8] -> 0x4063
mem[X,0x00000000800397AA] -> 0x04B5
[7468] [M]: 0x00000000800397A8 (0x04B54063) blt a0, a1, 0x40
mem[X,0x00000000800397AC] -> 0x0113
mem[X,0x00000000800397AE] -> 0x0021
[7469] [M]: 0x00000000800397AC (0x00210113) addi sp, sp, 0x2
x2 <- 0x0000000000000002
mem[X,0x00000000800397B0] -> 0x006F
mem[X,0x00000000800397B2] -> 0x0400
[7470] [M]: 0x00000000800397B0 (0x0400006F) jal zero, 0x40
mem[X,0x00000000800397F0] -> 0xB023
mem[X,0x00000000800397F2] -> 0x6620
[7471] [M]: 0x00000000800397F0 (0x6620B023) sd sp, 0x660(ra)
mem[0x0000000080050038] <- 0x0000000000000002
mem[X,0x00000000800397F4] -> 0x0537
mem[X,0x00000000800397F6] -> 0x0000
[7472] [M]: 0x00000000800397F4 (0x00000537) lui a0, 0x0
x10 <- 0x0000000000000000
mem[X,0x00000000800397F8] -> 0x0513
mem[X,0x00000000800397FA] -> 0x0005
[7473] [M]: 0x00000000800397F8 (0x00050513) addi a0, a0, 0x0
x10 <- 0x0000000000000000
mem[X,0x00000000800397FC] -> 0x1513
mem[X,0x00000000800397FE] -> 0x00B5
[7474] [M]: 0x00000000800397FC (0x00B51513) slli a0, a0, 0xb
x10 <- 0x0000000000000000
mem[X,0x0000000080039800] -> 0x0513
mem[X,0x0000000080039802] -> 0x5A85
[7475] [M]: 0x0000000080039800 (0x5A850513) addi a0, a0, 0x5a8
x10 <- 0x00000000000005A8
mem[X,0x0000000080039804] -> 0x1513
mem[X,0x0000000080039806] -> 0x00B5
[7476] [M]: 0x0000000080039804 (0x00B51513) slli a0, a0, 0xb
x10 <- 0x00000000002D4000
mem[X,0x0000000080039808] -> 0x0513
mem[X,0x000000008003980A] -> 0x13C5
[7477] [M]: 0x0000000080039808 (0x13C50513) addi a0, a0, 0x13c
x10 <- 0x00000000002D413C
mem[X,0x000000008003980C] -> 0x1513
mem[X,0x000000008003980E] -> 0x00A5
[7478] [M]: 0x000000008003980C (0x00A51513) slli a0, a0, 0xa
x10 <- 0x00000000B504F000
mem[X,0x0000000080039810] -> 0x0513
mem[X,0x0000000080039812] -> 0x3325
[7479] [M]: 0x0000000080039810 (0x33250513) addi a0, a0, 0x332
x10 <- 0x00000000B504F332
mem[X,0x0000000080039814] -> 0x0593
mem[X,0x0000000080039816] -> 0x0050
[7480] [M]: 0x0000000080039814 (0x00500593) addi a1, zero, 0x5
x11 <- 0x0000000000000005
mem[X,0x0000000080039818] -> 0x0113
mem[X,0x000000008003981A] -> 0x0000
[7481] [M]: 0x0000000080039818 (0x00000113) addi sp, zero, 0x0
x2 <- 0x0000000000000000
mem[X,0x000000008003981C] -> 0x006F
mem[X,0x000000008003981E] -> 0x0100
[7482] [M]: 0x000000008003981C (0x0100006F) jal zero, 0x10
mem[X,0x000000008003982C] -> 0x4AE3
mem[X,0x000000008003982E] -> 0xFEB5
[7483] [M]: 0x000000008003982C (0xFEB54AE3) blt a0, a1, -0xc
mem[X,0x0000000080039830] -> 0x0113
mem[X,0x0000000080039832] -> 0x0021
[7484] [M]: 0x0000000080039830 (0x00210113) addi sp, sp, 0x2
x2 <- 0x0000000000000002
mem[X,0x0000000080039834] -> 0x006F
mem[X,0x0000000080039836] -> 0x00C0
[7485] [M]: 0x0000000080039834 (0x00C0006F) jal zero, 0xc
mem[X,0x0000000080039840] -> 0xB423
mem[X,0x0000000080039842] -> 0x6620
[7486] [M]: 0x0000000080039840 (0x6620B423) sd sp, 0x668(ra)
mem[0x0000000080050040] <- 0x0000000000000002
mem[X,0x0000000080039844] -> 0x0537
mem[X,0x0000000080039846] -> 0x0000
[7487] [M]: 0x0000000080039844 (0x00000537) lui a0, 0x0
x10 <- 0x0000000000000000
mem[X,0x0000000080039848] -> 0x0513
mem[X,0x000000008003984A] -> 0x0005
[7488] [M]: 0x0000000080039848 (0x00050513) addi a0, a0, 0x0
x10 <- 0x0000000000000000
mem[X,0x000000008003984C] -> 0x1513
mem[X,0x000000008003984E] -> 0x00B5
[7489] [M]: 0x000000008003984C (0x00B51513) slli a0, a0, 0xb
x10 <- 0x0000000000000000
mem[X,0x0000000080039850] -> 0x0513
mem[X,0x0000000080039852] -> 0x5A85
[7490] [M]: 0x0000000080039850 (0x5A850513) addi a0, a0, 0x5a8
x10 <- 0x00000000000005A8
mem[X,0x0000000080039854] -> 0x1513
mem[X,0x0000000080039856] -> 0x00B5
[7491] [M]: 0x0000000080039854 (0x00B51513) slli a0, a0, 0xb
x10 <- 0x00000000002D4000
mem[X,0x0000000080039858] -> 0x0513
mem[X,0x000000008003985A] -> 0x13C5
[7492] [M]: 0x0000000080039858 (0x13C50513) addi a0, a0, 0x13c
x10 <- 0x00000000002D413C
mem[X,0x000000008003985C] -> 0x1513
mem[X,0x000000008003985E] -> 0x00A5
[7493] [M]: 0x000000008003985C (0x00A51513) slli a0, a0, 0xa
x10 <- 0x00000000B504F000
mem[X,0x0000000080039860] -> 0x0513
mem[X,0x0000000080039862] -> 0x3325
[7494] [M]: 0x0000000080039860 (0x33250513) addi a0, a0, 0x332
x10 <- 0x00000000B504F332
mem[X,0x0000000080039864] -> 0x35B7
mem[X,0x0000000080039866] -> 0x3333
[7495] [M]: 0x0000000080039864 (0x333335B7) lui a1, 0x33333
x11 <- 0x0000000033333000
mem[X,0x0000000080039868] -> 0x8593
mem[X,0x000000008003986A] -> 0x3335
[7496] [M]: 0x0000000080039868 (0x33358593) addi a1, a1, 0x333
x11 <- 0x0000000033333333
mem[X,0x000000008003986C] -> 0x9593
mem[X,0x000000008003986E] -> 0x00B5
[7497] [M]: 0x000000008003986C (0x00B59593) slli a1, a1, 0xb
x11 <- 0x0000019999999800
mem[X,0x0000000080039870] -> 0x8593
mem[X,0x0000000080039872] -> 0x1995
[7498] [M]: 0x0000000080039870 (0x19958593) addi a1, a1, 0x199
x11 <- 0x0000019999999999
mem[X,0x0000000080039874] -> 0x9593
mem[X,0x0000000080039876] -> 0x00B5
[7499] [M]: 0x0000000080039874 (0x00B59593) slli a1, a1, 0xb
x11 <- 0x000CCCCCCCCCC800
clint::tick mtime <- 0x000000000000004B
 clint timer pending at mtime 0x000000000000004B
htif::tick 0x0000000000000000
mem[X,0x0000000080039878] -> 0x8593
mem[X,0x000000008003987A] -> 0x4CC5
[7500] [M]: 0x0000000080039878 (0x4CC58593) addi a1, a1, 0x4cc
x11 <- 0x000CCCCCCCCCCCCC
mem[X,0x000000008003987C] -> 0x9593
mem[X,0x000000008003987E] -> 0x00A5
[7501] [M]: 0x000000008003987C (0x00A59593) slli a1, a1, 0xa
x11 <- 0x3333333333333000
mem[X,0x0000000080039880] -> 0x8593
mem[X,0x0000000080039882] -> 0x3335
[7502] [M]: 0x0000000080039880 (0x33358593) addi a1, a1, 0x333
x11 <- 0x3333333333333333
mem[X,0x0000000080039884] -> 0x0113
mem[X,0x0000000080039886] -> 0x0000
[7503] [M]: 0x0000000080039884 (0x00000113) addi sp, zero, 0x0
x2 <- 0x0000000000000000
mem[X,0x0000000080039888] -> 0x006F
mem[X,0x000000008003988A] -> 0x00C0
[7504] [M]: 0x0000000080039888 (0x00C0006F) jal zero, 0xc
mem[X,0x0000000080039894] -> 0x4663
mem[X,0x0000000080039896] -> 0x00B5
[7505] [M]: 0x0000000080039894 (0x00B54663) blt a0, a1, 0xc
mem[X,0x00000000800398A0] -> 0x0113
mem[X,0x00000000800398A2] -> 0x0031
[7506] [M]: 0x00000000800398A0 (0x00310113) addi sp, sp, 0x3
x2 <- 0x0000000000000003
mem[X,0x00000000800398A4] -> 0x006F
mem[X,0x00000000800398A6] -> 0x0040
[7507] [M]: 0x00000000800398A4 (0x0040006F) jal zero, 0x4
mem[X,0x00000000800398A8] -> 0xB823
mem[X,0x00000000800398AA] -> 0x6620
[7508] [M]: 0x00000000800398A8 (0x6620B823) sd sp, 0x670(ra)
mem[0x0000000080050048] <- 0x0000000000000003
mem[X,0x00000000800398AC] -> 0x0537
mem[X,0x00000000800398AE] -> 0x0000
[7509] [M]: 0x00000000800398AC (0x00000537) lui a0, 0x0
x10 <- 0x0000000000000000
mem[X,0x00000000800398B0] -> 0x0513
mem[X,0x00000000800398B2] -> 0x0005
[7510] [M]: 0x00000000800398B0 (0x00050513) addi a0, a0, 0x0
x10 <- 0x0000000000000000
mem[X,0x00000000800398B4] -> 0x1513
mem[X,0x00000000800398B6] -> 0x00B5
[7511] [M]: 0x00000000800398B4 (0x00B51513) slli a0, a0, 0xb
x10 <- 0x0000000000000000
mem[X,0x00000000800398B8] -> 0x0513
mem[X,0x00000000800398BA] -> 0x5A85
[7512] [M]: 0x00000000800398B8 (0x5A850513) addi a0, a0, 0x5a8
x10 <- 0x00000000000005A8
mem[X,0x00000000800398BC] -> 0x1513
mem[X,0x00000000800398BE] -> 0x00B5
[7513] [M]: 0x00000000800398BC (0x00B51513) slli a0, a0, 0xb
x10 <- 0x00000000002D4000
mem[X,0x00000000800398C0] -> 0x0513
mem[X,0x00000000800398C2] -> 0x13C5
[7514] [M]: 0x00000000800398C0 (0x13C50513) addi a0, a0, 0x13c
x10 <- 0x00000000002D413C
mem[X,0x00000000800398C4] -> 0x1513
mem[X,0x00000000800398C6] -> 0x00A5
[7515] [M]: 0x00000000800398C4 (0x00A51513) slli a0, a0, 0xa
x10 <- 0x00000000B504F000
mem[X,0x00000000800398C8] -> 0x0513
mem[X,0x00000000800398CA] -> 0x3325
[7516] [M]: 0x00000000800398C8 (0x33250513) addi a0, a0, 0x332
x10 <- 0x00000000B504F332
mem[X,0x00000000800398CC] -> 0x65B7
mem[X,0x00000000800398CE] -> 0x6666
[7517] [M]: 0x00000000800398CC (0x666665B7) lui a1, 0x66666
x11 <- 0x0000000066666000
mem[X,0x00000000800398D0] -> 0x8593
mem[X,0x00000000800398D2] -> 0x6665
[7518] [M]: 0x00000000800398D0 (0x66658593) addi a1, a1, 0x666
x11 <- 0x0000000066666666
mem[X,0x00000000800398D4] -> 0x9593
mem[X,0x00000000800398D6] -> 0x00B5
[7519] [M]: 0x00000000800398D4 (0x00B59593) slli a1, a1, 0xb
x11 <- 0x0000033333333000
mem[X,0x00000000800398D8] -> 0x8593
mem[X,0x00000000800398DA] -> 0x3335
[7520] [M]: 0x00000000800398D8 (0x33358593) addi a1, a1, 0x333
x11 <- 0x0000033333333333
mem[X,0x00000000800398DC] -> 0x9593
mem[X,0x00000000800398DE] -> 0x00B5
[7521] [M]: 0x00000000800398DC (0x00B59593) slli a1, a1, 0xb
x11 <- 0x0019999999999800
mem[X,0x00000000800398E0] -> 0x8593
mem[X,0x00000000800398E2] -> 0x1995
[7522] [M]: 0x00000000800398E0 (0x19958593) addi a1, a1, 0x199
x11 <- 0x0019999999999999
mem[X,0x00000000800398E4] -> 0x9593
mem[X,0x00000000800398E6] -> 0x00A5
[7523] [M]: 0x00000000800398E4 (0x00A59593) slli a1, a1, 0xa
x11 <- 0x6666666666666400
mem[X,0x00000000800398E8] -> 0x8593
mem[X,0x00000000800398EA] -> 0x2665
[7524] [M]: 0x00000000800398E8 (0x26658593) addi a1, a1, 0x266
x11 <- 0x6666666666666666
mem[X,0x00000000800398EC] -> 0x0113
mem[X,0x00000000800398EE] -> 0x0000
[7525] [M]: 0x00000000800398EC (0x00000113) addi sp, zero, 0x0
x2 <- 0x0000000000000000
mem[X,0x00000000800398F0] -> 0x006F
mem[X,0x00000000800398F2] -> 0x00C0
[7526] [M]: 0x00000000800398F0 (0x00C0006F) jal zero, 0xc
mem[X,0x00000000800398FC] -> 0x4663
mem[X,0x00000000800398FE] -> 0x00B5
[7527] [M]: 0x00000000800398FC (0x00B54663) blt a0, a1, 0xc
mem[X,0x0000000080039908] -> 0x0113
mem[X,0x000000008003990A] -> 0x0031
[7528] [M]: 0x0000000080039908 (0x00310113) addi sp, sp, 0x3
x2 <- 0x0000000000000003
mem[X,0x000000008003990C] -> 0x006F
mem[X,0x000000008003990E] -> 0x0040
[7529] [M]: 0x000000008003990C (0x0040006F) jal zero, 0x4
mem[X,0x0000000080039910] -> 0xBC23
mem[X,0x0000000080039912] -> 0x6620
[7530] [M]: 0x0000000080039910 (0x6620BC23) sd sp, 0x678(ra)
mem[0x0000000080050050] <- 0x0000000000000003
mem[X,0x0000000080039914] -> 0x0537
mem[X,0x0000000080039916] -> 0x0000
[7531] [M]: 0x0000000080039914 (0x00000537) lui a0, 0x0
x10 <- 0x0000000000000000
mem[X,0x0000000080039918] -> 0x0513
mem[X,0x000000008003991A] -> 0x0005
[7532] [M]: 0x0000000080039918 (0x00050513) addi a0, a0, 0x0
x10 <- 0x0000000000000000
mem[X,0x000000008003991C] -> 0x1513
mem[X,0x000000008003991E] -> 0x00B5
[7533] [M]: 0x000000008003991C (0x00B51513) slli a0, a0, 0xb
x10 <- 0x0000000000000000
mem[X,0x0000000080039920] -> 0x0513
mem[X,0x0000000080039922] -> 0x5A85
[7534] [M]: 0x0000000080039920 (0x5A850513) addi a0, a0, 0x5a8
x10 <- 0x00000000000005A8
mem[X,0x0000000080039924] -> 0x1513
mem[X,0x0000000080039926] -> 0x00B5
[7535] [M]: 0x0000000080039924 (0x00B51513) slli a0, a0, 0xb
x10 <- 0x00000000002D4000
mem[X,0x0000000080039928] -> 0x0513
mem[X,0x000000008003992A] -> 0x13C5
[7536] [M]: 0x0000000080039928 (0x13C50513) addi a0, a0, 0x13c
x10 <- 0x00000000002D413C
mem[X,0x000000008003992C] -> 0x1513
mem[X,0x000000008003992E] -> 0x00A5
[7537] [M]: 0x000000008003992C (0x00A51513) slli a0, a0, 0xa
x10 <- 0x00000000B504F000
mem[X,0x0000000080039930] -> 0x0513
mem[X,0x0000000080039932] -> 0x3325
[7538] [M]: 0x0000000080039930 (0x33250513) addi a0, a0, 0x332
x10 <- 0x00000000B504F332
mem[X,0x0000000080039934] -> 0x05B7
mem[X,0x0000000080039936] -> 0x0000
[7539] [M]: 0x0000000080039934 (0x000005B7) lui a1, 0x0
x11 <- 0x0000000000000000
mem[X,0x0000000080039938] -> 0x8593
mem[X,0x000000008003993A] -> 0xFFF5
[7540] [M]: 0x0000000080039938 (0xFFF58593) addi a1, a1, -0x1
x11 <- 0xFFFFFFFFFFFFFFFF
mem[X,0x000000008003993C] -> 0x9593
mem[X,0x000000008003993E] -> 0x00B5
[7541] [M]: 0x000000008003993C (0x00B59593) slli a1, a1, 0xb
x11 <- 0xFFFFFFFFFFFFF800
mem[X,0x0000000080039940] -> 0x8593
mem[X,0x0000000080039942] -> 0x2575
[7542] [M]: 0x0000000080039940 (0x25758593) addi a1, a1, 0x257
x11 <- 0xFFFFFFFFFFFFFA57
mem[X,0x0000000080039944] -> 0x9593
mem[X,0x0000000080039946] -> 0x00B5
[7543] [M]: 0x0000000080039944 (0x00B59593) slli a1, a1, 0xb
x11 <- 0xFFFFFFFFFFD2B800
mem[X,0x0000000080039948] -> 0x8593
mem[X,0x000000008003994A] -> 0x6C35
[7544] [M]: 0x0000000080039948 (0x6C358593) addi a1, a1, 0x6c3
x11 <- 0xFFFFFFFFFFD2BEC3
mem[X,0x000000008003994C] -> 0x9593
mem[X,0x000000008003994E] -> 0x00A5
[7545] [M]: 0x000000008003994C (0x00A59593) slli a1, a1, 0xa
x11 <- 0xFFFFFFFF4AFB0C00
mem[X,0x0000000080039950] -> 0x8593
mem[X,0x0000000080039952] -> 0x0CD5
[7546] [M]: 0x0000000080039950 (0x0CD58593) addi a1, a1, 0xcd
x11 <- 0xFFFFFFFF4AFB0CCD
mem[X,0x0000000080039954] -> 0x0113
mem[X,0x0000000080039956] -> 0x0000
[7547] [M]: 0x0000000080039954 (0x00000113) addi sp, zero, 0x0
x2 <- 0x0000000000000000
mem[X,0x0000000080039958] -> 0x006F
mem[X,0x000000008003995A] -> 0x0050
[7548] [M]: 0x0000000080039958 (0x0050006F) jal zero, 0x804
mem[X,0x000000008003A15C] -> 0x40E3
mem[X,0x000000008003A15E] -> 0x80B5
[7549] [M]: 0x000000008003A15C (0x80B540E3) blt a0, a1, -0x800
mem[X,0x000000008003A160] -> 0x0113
mem[X,0x000000008003A162] -> 0x0021
[7550] [M]: 0x000000008003A160 (0x00210113) addi sp, sp, 0x2
x2 <- 0x0000000000000002
mem[X,0x000000008003A164] -> 0x006F
mem[X,0x000000008003A166] -> 0x00C0
[7551] [M]: 0x000000008003A164 (0x00C0006F) jal zero, 0xc
mem[X,0x000000008003A170] -> 0xB023
mem[X,0x000000008003A172] -> 0x6820
[7552] [M]: 0x000000008003A170 (0x6820B023) sd sp, 0x680(ra)
mem[0x0000000080050058] <- 0x0000000000000002
mem[X,0x000000008003A174] -> 0x0537
mem[X,0x000000008003A176] -> 0x0000
[7553] [M]: 0x000000008003A174 (0x00000537) lui a0, 0x0
x10 <- 0x0000000000000000
mem[X,0x000000008003A178] -> 0x0513
mem[X,0x000000008003A17A] -> 0x0005
[7554] [M]: 0x000000008003A178 (0x00050513) addi a0, a0, 0x0
x10 <- 0x0000000000000000
mem[X,0x000000008003A17C] -> 0x1513
mem[X,0x000000008003A17E] -> 0x00B5
[7555] [M]: 0x000000008003A17C (0x00B51513) slli a0, a0, 0xb
x10 <- 0x0000000000000000
mem[X,0x000000008003A180] -> 0x0513
mem[X,0x000000008003A182] -> 0x5A85
[7556] [M]: 0x000000008003A180 (0x5A850513) addi a0, a0, 0x5a8
x10 <- 0x00000000000005A8
mem[X,0x000000008003A184] -> 0x1513
mem[X,0x000000008003A186] -> 0x00B5
[7557] [M]: 0x000000008003A184 (0x00B51513) slli a0, a0, 0xb
x10 <- 0x00000000002D4000
mem[X,0x000000008003A188] -> 0x0513
mem[X,0x000000008003A18A] -> 0x13C5
[7558] [M]: 0x000000008003A188 (0x13C50513) addi a0, a0, 0x13c
x10 <- 0x00000000002D413C
mem[X,0x000000008003A18C] -> 0x1513
mem[X,0x000000008003A18E] -> 0x00A5
[7559] [M]: 0x000000008003A18C (0x00A51513) slli a0, a0, 0xa
x10 <- 0x00000000B504F000
mem[X,0x000000008003A190] -> 0x0513
mem[X,0x000000008003A192] -> 0x3325
[7560] [M]: 0x000000008003A190 (0x33250513) addi a0, a0, 0x332
x10 <- 0x00000000B504F332
mem[X,0x000000008003A194] -> 0x05B7
mem[X,0x000000008003A196] -> 0x0000
[7561] [M]: 0x000000008003A194 (0x000005B7) lui a1, 0x0
x11 <- 0x0000000000000000
mem[X,0x000000008003A198] -> 0x8593
mem[X,0x000000008003A19A] -> 0x0005
[7562] [M]: 0x000000008003A198 (0x00058593) addi a1, a1, 0x0
x11 <- 0x0000000000000000
mem[X,0x000000008003A19C] -> 0x9593
mem[X,0x000000008003A19E] -> 0x00B5
[7563] [M]: 0x000000008003A19C (0x00B59593) slli a1, a1, 0xb
x11 <- 0x0000000000000000
mem[X,0x000000008003A1A0] -> 0x8593
mem[X,0x000000008003A1A2] -> 0x5A85
[7564] [M]: 0x000000008003A1A0 (0x5A858593) addi a1, a1, 0x5a8
x11 <- 0x00000000000005A8
mem[X,0x000000008003A1A4] -> 0x9593
mem[X,0x000000008003A1A6] -> 0x00B5
[7565] [M]: 0x000000008003A1A4 (0x00B59593) slli a1, a1, 0xb
x11 <- 0x00000000002D4000
mem[X,0x000000008003A1A8] -> 0x8593
mem[X,0x000000008003A1AA] -> 0x13C5
[7566] [M]: 0x000000008003A1A8 (0x13C58593) addi a1, a1, 0x13c
x11 <- 0x00000000002D413C
mem[X,0x000000008003A1AC] -> 0x9593
mem[X,0x000000008003A1AE] -> 0x00A5
[7567] [M]: 0x000000008003A1AC (0x00A59593) slli a1, a1, 0xa
x11 <- 0x00000000B504F000
mem[X,0x000000008003A1B0] -> 0x8593
mem[X,0x000000008003A1B2] -> 0x3335
[7568] [M]: 0x000000008003A1B0 (0x33358593) addi a1, a1, 0x333
x11 <- 0x00000000B504F333
mem[X,0x000000008003A1B4] -> 0x0113
mem[X,0x000000008003A1B6] -> 0x0000
[7569] [M]: 0x000000008003A1B4 (0x00000113) addi sp, zero, 0x0
x2 <- 0x0000000000000000
mem[X,0x000000008003A1B8] -> 0x006F
mem[X,0x000000008003A1BA] -> 0x00C0
[7570] [M]: 0x000000008003A1B8 (0x00C0006F) jal zero, 0xc
mem[X,0x000000008003A1C4] -> 0x4663
mem[X,0x000000008003A1C6] -> 0x00B5
[7571] [M]: 0x000000008003A1C4 (0x00B54663) blt a0, a1, 0xc
mem[X,0x000000008003A1D0] -> 0x0113
mem[X,0x000000008003A1D2] -> 0x0031
[7572] [M]: 0x000000008003A1D0 (0x00310113) addi sp, sp, 0x3
x2 <- 0x0000000000000003
mem[X,0x000000008003A1D4] -> 0x006F
mem[X,0x000000008003A1D6] -> 0x0040
[7573] [M]: 0x000000008003A1D4 (0x0040006F) jal zero, 0x4
mem[X,0x000000008003A1D8] -> 0xB423
mem[X,0x000000008003A1DA] -> 0x6820
[7574] [M]: 0x000000008003A1D8 (0x6820B423) sd sp, 0x688(ra)
mem[0x0000000080050060] <- 0x0000000000000003
mem[X,0x000000008003A1DC] -> 0x0537
mem[X,0x000000008003A1DE] -> 0x0000
[7575] [M]: 0x000000008003A1DC (0x00000537) lui a0, 0x0
x10 <- 0x0000000000000000
mem[X,0x000000008003A1E0] -> 0x0513
mem[X,0x000000008003A1E2] -> 0x0005
[7576] [M]: 0x000000008003A1E0 (0x00050513) addi a0, a0, 0x0
x10 <- 0x0000000000000000
mem[X,0x000000008003A1E4] -> 0x1513
mem[X,0x000000008003A1E6] -> 0x00B5
[7577] [M]: 0x000000008003A1E4 (0x00B51513) slli a0, a0, 0xb
x10 <- 0x0000000000000000
mem[X,0x000000008003A1E8] -> 0x0513
mem[X,0x000000008003A1EA] -> 0x5A85
[7578] [M]: 0x000000008003A1E8 (0x5A850513) addi a0, a0, 0x5a8
x10 <- 0x00000000000005A8
mem[X,0x000000008003A1EC] -> 0x1513
mem[X,0x000000008003A1EE] -> 0x00B5
[7579] [M]: 0x000000008003A1EC (0x00B51513) slli a0, a0, 0xb
x10 <- 0x00000000002D4000
mem[X,0x000000008003A1F0] -> 0x0513
mem[X,0x000000008003A1F2] -> 0x13C5
[7580] [M]: 0x000000008003A1F0 (0x13C50513) addi a0, a0, 0x13c
x10 <- 0x00000000002D413C
mem[X,0x000000008003A1F4] -> 0x1513
mem[X,0x000000008003A1F6] -> 0x00A5
[7581] [M]: 0x000000008003A1F4 (0x00A51513) slli a0, a0, 0xa
x10 <- 0x00000000B504F000
mem[X,0x000000008003A1F8] -> 0x0513
mem[X,0x000000008003A1FA] -> 0x3325
[7582] [M]: 0x000000008003A1F8 (0x33250513) addi a0, a0, 0x332
x10 <- 0x00000000B504F332
mem[X,0x000000008003A1FC] -> 0x0593
mem[X,0x000000008003A1FE] -> 0x0020
[7583] [M]: 0x000000008003A1FC (0x00200593) addi a1, zero, 0x2
x11 <- 0x0000000000000002
mem[X,0x000000008003A200] -> 0x0113
mem[X,0x000000008003A202] -> 0x0000
[7584] [M]: 0x000000008003A200 (0x00000113) addi sp, zero, 0x0
x2 <- 0x0000000000000000
mem[X,0x000000008003A204] -> 0x006F
mem[X,0x000000008003A206] -> 0x0050
[7585] [M]: 0x000000008003A204 (0x0050006F) jal zero, 0x804
mem[X,0x000000008003AA08] -> 0x40E3
mem[X,0x000000008003AA0A] -> 0x80B5
[7586] [M]: 0x000000008003AA08 (0x80B540E3) blt a0, a1, -0x800
mem[X,0x000000008003AA0C] -> 0x0113
mem[X,0x000000008003AA0E] -> 0x0021
[7587] [M]: 0x000000008003AA0C (0x00210113) addi sp, sp, 0x2
x2 <- 0x0000000000000002
mem[X,0x000000008003AA10] -> 0x006F
mem[X,0x000000008003AA12] -> 0x00C0
[7588] [M]: 0x000000008003AA10 (0x00C0006F) jal zero, 0xc
mem[X,0x000000008003AA1C] -> 0xB823
mem[X,0x000000008003AA1E] -> 0x6820
[7589] [M]: 0x000000008003AA1C (0x6820B823) sd sp, 0x690(ra)
mem[0x0000000080050068] <- 0x0000000000000002
mem[X,0x000000008003AA20] -> 0x0537
mem[X,0x000000008003AA22] -> 0x0000
[7590] [M]: 0x000000008003AA20 (0x00000537) lui a0, 0x0
x10 <- 0x0000000000000000
mem[X,0x000000008003AA24] -> 0x0513
mem[X,0x000000008003AA26] -> 0x0005
[7591] [M]: 0x000000008003AA24 (0x00050513) addi a0, a0, 0x0
x10 <- 0x0000000000000000
mem[X,0x000000008003AA28] -> 0x1513
mem[X,0x000000008003AA2A] -> 0x00B5
[7592] [M]: 0x000000008003AA28 (0x00B51513) slli a0, a0, 0xb
x10 <- 0x0000000000000000
mem[X,0x000000008003AA2C] -> 0x0513
mem[X,0x000000008003AA2E] -> 0x5A85
[7593] [M]: 0x000000008003AA2C (0x5A850513) addi a0, a0, 0x5a8
x10 <- 0x00000000000005A8
mem[X,0x000000008003AA30] -> 0x1513
mem[X,0x000000008003AA32] -> 0x00B5
[7594] [M]: 0x000000008003AA30 (0x00B51513) slli a0, a0, 0xb
x10 <- 0x00000000002D4000
mem[X,0x000000008003AA34] -> 0x0513
mem[X,0x000000008003AA36] -> 0x13C5
[7595] [M]: 0x000000008003AA34 (0x13C50513) addi a0, a0, 0x13c
x10 <- 0x00000000002D413C
mem[X,0x000000008003AA38] -> 0x1513
mem[X,0x000000008003AA3A] -> 0x00A5
[7596] [M]: 0x000000008003AA38 (0x00A51513) slli a0, a0, 0xa
x10 <- 0x00000000B504F000
mem[X,0x000000008003AA3C] -> 0x0513
mem[X,0x000000008003AA3E] -> 0x3325
[7597] [M]: 0x000000008003AA3C (0x33250513) addi a0, a0, 0x332
x10 <- 0x00000000B504F332
mem[X,0x000000008003AA40] -> 0x55B7
mem[X,0x000000008003AA42] -> 0x5555
[7598] [M]: 0x000000008003AA40 (0x555555B7) lui a1, 0x55555
x11 <- 0x0000000055555000
mem[X,0x000000008003AA44] -> 0x8593
mem[X,0x000000008003AA46] -> 0x5555
[7599] [M]: 0x000000008003AA44 (0x55558593) addi a1, a1, 0x555
x11 <- 0x0000000055555555
clint::tick mtime <- 0x000000000000004C
 clint timer pending at mtime 0x000000000000004C
htif::tick 0x0000000000000000
mem[X,0x000000008003AA48] -> 0x9593
mem[X,0x000000008003AA4A] -> 0x00B5
[7600] [M]: 0x000000008003AA48 (0x00B59593) slli a1, a1, 0xb
x11 <- 0x000002AAAAAAA800
mem[X,0x000000008003AA4C] -> 0x8593
mem[X,0x000000008003AA4E] -> 0x2AA5
[7601] [M]: 0x000000008003AA4C (0x2AA58593) addi a1, a1, 0x2aa
x11 <- 0x000002AAAAAAAAAA
mem[X,0x000000008003AA50] -> 0x9593
mem[X,0x000000008003AA52] -> 0x00B5
[7602] [M]: 0x000000008003AA50 (0x00B59593) slli a1, a1, 0xb
x11 <- 0x0015555555555000
mem[X,0x000000008003AA54] -> 0x8593
mem[X,0x000000008003AA56] -> 0x5555
[7603] [M]: 0x000000008003AA54 (0x55558593) addi a1, a1, 0x555
x11 <- 0x0015555555555555
mem[X,0x000000008003AA58] -> 0x9593
mem[X,0x000000008003AA5A] -> 0x00A5
[7604] [M]: 0x000000008003AA58 (0x00A59593) slli a1, a1, 0xa
x11 <- 0x5555555555555400
mem[X,0x000000008003AA5C] -> 0x8593
mem[X,0x000000008003AA5E] -> 0x1545
[7605] [M]: 0x000000008003AA5C (0x15458593) addi a1, a1, 0x154
x11 <- 0x5555555555555554
mem[X,0x000000008003AA60] -> 0x0113
mem[X,0x000000008003AA62] -> 0x0000
[7606] [M]: 0x000000008003AA60 (0x00000113) addi sp, zero, 0x0
x2 <- 0x0000000000000000
mem[X,0x000000008003AA64] -> 0x006F
mem[X,0x000000008003AA66] -> 0x2B10
[7607] [M]: 0x000000008003AA64 (0x2B10006F) jal zero, 0xab0
mem[X,0x000000008003B514] -> 0x4A63
mem[X,0x000000008003B516] -> 0xD4B5
[7608] [M]: 0x000000008003B514 (0xD4B54A63) blt a0, a1, -0xaac
mem[X,0x000000008003AA68] -> 0x0113
mem[X,0x000000008003AA6A] -> 0x0011
[7609] [M]: 0x000000008003AA68 (0x00110113) addi sp, sp, 0x1
x2 <- 0x0000000000000001
mem[X,0x000000008003AA6C] -> 0x006F
mem[X,0x000000008003AA6E] -> 0x2BD0
[7610] [M]: 0x000000008003AA6C (0x2BD0006F) jal zero, 0xabc
mem[X,0x000000008003B528] -> 0xBC23
mem[X,0x000000008003B52A] -> 0x6820
[7611] [M]: 0x000000008003B528 (0x6820BC23) sd sp, 0x698(ra)
mem[0x0000000080050070] <- 0x0000000000000001
mem[X,0x000000008003B52C] -> 0x0537
mem[X,0x000000008003B52E] -> 0x0000
[7612] [M]: 0x000000008003B52C (0x00000537) lui a0, 0x0
x10 <- 0x0000000000000000
mem[X,0x000000008003B530] -> 0x0513
mem[X,0x000000008003B532] -> 0x0005
[7613] [M]: 0x000000008003B530 (0x00050513) addi a0, a0, 0x0
x10 <- 0x0000000000000000
mem[X,0x000000008003B534] -> 0x1513
mem[X,0x000000008003B536] -> 0x00B5
[7614] [M]: 0x000000008003B534 (0x00B51513) slli a0, a0, 0xb
x10 <- 0x0000000000000000
mem[X,0x000000008003B538] -> 0x0513
mem[X,0x000000008003B53A] -> 0x5A85
[7615] [M]: 0x000000008003B538 (0x5A850513) addi a0, a0, 0x5a8
x10 <- 0x00000000000005A8
mem[X,0x000000008003B53C] -> 0x1513
mem[X,0x000000008003B53E] -> 0x00B5
[7616] [M]: 0x000000008003B53C (0x00B51513) slli a0, a0, 0xb
x10 <- 0x00000000002D4000
mem[X,0x000000008003B540] -> 0x0513
mem[X,0x000000008003B542] -> 0x13C5
[7617] [M]: 0x000000008003B540 (0x13C50513) addi a0, a0, 0x13c
x10 <- 0x00000000002D413C
mem[X,0x000000008003B544] -> 0x1513
mem[X,0x000000008003B546] -> 0x00A5
[7618] [M]: 0x000000008003B544 (0x00A51513) slli a0, a0, 0xa
x10 <- 0x00000000B504F000
mem[X,0x000000008003B548] -> 0x0513
mem[X,0x000000008003B54A] -> 0x3325
[7619] [M]: 0x000000008003B548 (0x33250513) addi a0, a0, 0x332
x10 <- 0x00000000B504F332
mem[X,0x000000008003B54C] -> 0x0593
mem[X,0x000000008003B54E] -> 0x0000
[7620] [M]: 0x000000008003B54C (0x00000593) addi a1, zero, 0x0
x11 <- 0x0000000000000000
mem[X,0x000000008003B550] -> 0x0113
mem[X,0x000000008003B552] -> 0x0000
[7621] [M]: 0x000000008003B550 (0x00000113) addi sp, zero, 0x0
x2 <- 0x0000000000000000
mem[X,0x000000008003B554] -> 0x006F
mem[X,0x000000008003B556] -> 0x00C0
[7622] [M]: 0x000000008003B554 (0x00C0006F) jal zero, 0xc
mem[X,0x000000008003B560] -> 0x4063
mem[X,0x000000008003B562] -> 0x40B5
[7623] [M]: 0x000000008003B560 (0x40B54063) blt a0, a1, 0x400
mem[X,0x000000008003B564] -> 0x0113
mem[X,0x000000008003B566] -> 0x0021
[7624] [M]: 0x000000008003B564 (0x00210113) addi sp, sp, 0x2
x2 <- 0x0000000000000002
mem[X,0x000000008003B568] -> 0x006F
mem[X,0x000000008003B56A] -> 0x4000
[7625] [M]: 0x000000008003B568 (0x4000006F) jal zero, 0x400
mem[X,0x000000008003B968] -> 0xB023
mem[X,0x000000008003B96A] -> 0x6A20
[7626] [M]: 0x000000008003B968 (0x6A20B023) sd sp, 0x6a0(ra)
mem[0x0000000080050078] <- 0x0000000000000002
mem[X,0x000000008003B96C] -> 0x0537
mem[X,0x000000008003B96E] -> 0x0000
[7627] [M]: 0x000000008003B96C (0x00000537) lui a0, 0x0
x10 <- 0x0000000000000000
mem[X,0x000000008003B970] -> 0x0513
mem[X,0x000000008003B972] -> 0x0005
[7628] [M]: 0x000000008003B970 (0x00050513) addi a0, a0, 0x0
x10 <- 0x0000000000000000
mem[X,0x000000008003B974] -> 0x1513
mem[X,0x000000008003B976] -> 0x00B5
[7629] [M]: 0x000000008003B974 (0x00B51513) slli a0, a0, 0xb
x10 <- 0x0000000000000000
mem[X,0x000000008003B978] -> 0x0513
mem[X,0x000000008003B97A] -> 0x5A85
[7630] [M]: 0x000000008003B978 (0x5A850513) addi a0, a0, 0x5a8
x10 <- 0x00000000000005A8
mem[X,0x000000008003B97C] -> 0x1513
mem[X,0x000000008003B97E] -> 0x00B5
[7631] [M]: 0x000000008003B97C (0x00B51513) slli a0, a0, 0xb
x10 <- 0x00000000002D4000
mem[X,0x000000008003B980] -> 0x0513
mem[X,0x000000008003B982] -> 0x13C5
[7632] [M]: 0x000000008003B980 (0x13C50513) addi a0, a0, 0x13c
x10 <- 0x00000000002D413C
mem[X,0x000000008003B984] -> 0x1513
mem[X,0x000000008003B986] -> 0x00A5
[7633] [M]: 0x000000008003B984 (0x00A51513) slli a0, a0, 0xa
x10 <- 0x00000000B504F000
mem[X,0x000000008003B988] -> 0x0513
mem[X,0x000000008003B98A] -> 0x3325
[7634] [M]: 0x000000008003B988 (0x33250513) addi a0, a0, 0x332
x10 <- 0x00000000B504F332
mem[X,0x000000008003B98C] -> 0x0593
mem[X,0x000000008003B98E] -> 0x0040
[7635] [M]: 0x000000008003B98C (0x00400593) addi a1, zero, 0x4
x11 <- 0x0000000000000004
mem[X,0x000000008003B990] -> 0x0113
mem[X,0x000000008003B992] -> 0x0000
[7636] [M]: 0x000000008003B990 (0x00000113) addi sp, zero, 0x0
x2 <- 0x0000000000000000
mem[X,0x000000008003B994] -> 0x006F
mem[X,0x000000008003B996] -> 0x00C0
[7637] [M]: 0x000000008003B994 (0x00C0006F) jal zero, 0xc
mem[X,0x000000008003B9A0] -> 0x4663
mem[X,0x000000008003B9A2] -> 0x00B5
[7638] [M]: 0x000000008003B9A0 (0x00B54663) blt a0, a1, 0xc
mem[X,0x000000008003B9A4] -> 0x0113
mem[X,0x000000008003B9A6] -> 0x0021
[7639] [M]: 0x000000008003B9A4 (0x00210113) addi sp, sp, 0x2
x2 <- 0x0000000000000002
mem[X,0x000000008003B9A8] -> 0x006F
mem[X,0x000000008003B9AA] -> 0x00C0
[7640] [M]: 0x000000008003B9A8 (0x00C0006F) jal zero, 0xc
mem[X,0x000000008003B9B4] -> 0xB423
mem[X,0x000000008003B9B6] -> 0x6A20
[7641] [M]: 0x000000008003B9B4 (0x6A20B423) sd sp, 0x6a8(ra)
mem[0x0000000080050080] <- 0x0000000000000002
mem[X,0x000000008003B9B8] -> 0x0537
mem[X,0x000000008003B9BA] -> 0x0000
[7642] [M]: 0x000000008003B9B8 (0x00000537) lui a0, 0x0
x10 <- 0x0000000000000000
mem[X,0x000000008003B9BC] -> 0x0513
mem[X,0x000000008003B9BE] -> 0x0005
[7643] [M]: 0x000000008003B9BC (0x00050513) addi a0, a0, 0x0
x10 <- 0x0000000000000000
mem[X,0x000000008003B9C0] -> 0x1513
mem[X,0x000000008003B9C2] -> 0x00B5
[7644] [M]: 0x000000008003B9C0 (0x00B51513) slli a0, a0, 0xb
x10 <- 0x0000000000000000
mem[X,0x000000008003B9C4] -> 0x0513
mem[X,0x000000008003B9C6] -> 0x5A85
[7645] [M]: 0x000000008003B9C4 (0x5A850513) addi a0, a0, 0x5a8
x10 <- 0x00000000000005A8
mem[X,0x000000008003B9C8] -> 0x1513
mem[X,0x000000008003B9CA] -> 0x00B5
[7646] [M]: 0x000000008003B9C8 (0x00B51513) slli a0, a0, 0xb
x10 <- 0x00000000002D4000
mem[X,0x000000008003B9CC] -> 0x0513
mem[X,0x000000008003B9CE] -> 0x13C5
[7647] [M]: 0x000000008003B9CC (0x13C50513) addi a0, a0, 0x13c
x10 <- 0x00000000002D413C
mem[X,0x000000008003B9D0] -> 0x1513
mem[X,0x000000008003B9D2] -> 0x00A5
[7648] [M]: 0x000000008003B9D0 (0x00A51513) slli a0, a0, 0xa
x10 <- 0x00000000B504F000
mem[X,0x000000008003B9D4] -> 0x0513
mem[X,0x000000008003B9D6] -> 0x3325
[7649] [M]: 0x000000008003B9D4 (0x33250513) addi a0, a0, 0x332
x10 <- 0x00000000B504F332
mem[X,0x000000008003B9D8] -> 0x35B7
mem[X,0x000000008003B9DA] -> 0x3333
[7650] [M]: 0x000000008003B9D8 (0x333335B7) lui a1, 0x33333
x11 <- 0x0000000033333000
mem[X,0x000000008003B9DC] -> 0x8593
mem[X,0x000000008003B9DE] -> 0x3335
[7651] [M]: 0x000000008003B9DC (0x33358593) addi a1, a1, 0x333
x11 <- 0x0000000033333333
mem[X,0x000000008003B9E0] -> 0x9593
mem[X,0x000000008003B9E2] -> 0x00B5
[7652] [M]: 0x000000008003B9E0 (0x00B59593) slli a1, a1, 0xb
x11 <- 0x0000019999999800
mem[X,0x000000008003B9E4] -> 0x8593
mem[X,0x000000008003B9E6] -> 0x1995
[7653] [M]: 0x000000008003B9E4 (0x19958593) addi a1, a1, 0x199
x11 <- 0x0000019999999999
mem[X,0x000000008003B9E8] -> 0x9593
mem[X,0x000000008003B9EA] -> 0x00B5
[7654] [M]: 0x000000008003B9E8 (0x00B59593) slli a1, a1, 0xb
x11 <- 0x000CCCCCCCCCC800
mem[X,0x000000008003B9EC] -> 0x8593
mem[X,0x000000008003B9EE] -> 0x4CC5
[7655] [M]: 0x000000008003B9EC (0x4CC58593) addi a1, a1, 0x4cc
x11 <- 0x000CCCCCCCCCCCCC
mem[X,0x000000008003B9F0] -> 0x9593
mem[X,0x000000008003B9F2] -> 0x00A5
[7656] [M]: 0x000000008003B9F0 (0x00A59593) slli a1, a1, 0xa
x11 <- 0x3333333333333000
mem[X,0x000000008003B9F4] -> 0x8593
mem[X,0x000000008003B9F6] -> 0x3325
[7657] [M]: 0x000000008003B9F4 (0x33258593) addi a1, a1, 0x332
x11 <- 0x3333333333333332
mem[X,0x000000008003B9F8] -> 0x0113
mem[X,0x000000008003B9FA] -> 0x0000
[7658] [M]: 0x000000008003B9F8 (0x00000113) addi sp, zero, 0x0
x2 <- 0x0000000000000000
mem[X,0x000000008003B9FC] -> 0x006F
mem[X,0x000000008003B9FE] -> 0x00C0
[7659] [M]: 0x000000008003B9FC (0x00C0006F) jal zero, 0xc
mem[X,0x000000008003BA08] -> 0x4663
mem[X,0x000000008003BA0A] -> 0x00B5
[7660] [M]: 0x000000008003BA08 (0x00B54663) blt a0, a1, 0xc
mem[X,0x000000008003BA14] -> 0x0113
mem[X,0x000000008003BA16] -> 0x0031
[7661] [M]: 0x000000008003BA14 (0x00310113) addi sp, sp, 0x3
x2 <- 0x0000000000000003
mem[X,0x000000008003BA18] -> 0x006F
mem[X,0x000000008003BA1A] -> 0x0040
[7662] [M]: 0x000000008003BA18 (0x0040006F) jal zero, 0x4
mem[X,0x000000008003BA1C] -> 0xB823
mem[X,0x000000008003BA1E] -> 0x6A20
[7663] [M]: 0x000000008003BA1C (0x6A20B823) sd sp, 0x6b0(ra)
mem[0x0000000080050088] <- 0x0000000000000003
mem[X,0x000000008003BA20] -> 0x0537
mem[X,0x000000008003BA22] -> 0x0000
[7664] [M]: 0x000000008003BA20 (0x00000537) lui a0, 0x0
x10 <- 0x0000000000000000
mem[X,0x000000008003BA24] -> 0x0513
mem[X,0x000000008003BA26] -> 0x0005
[7665] [M]: 0x000000008003BA24 (0x00050513) addi a0, a0, 0x0
x10 <- 0x0000000000000000
mem[X,0x000000008003BA28] -> 0x1513
mem[X,0x000000008003BA2A] -> 0x00B5
[7666] [M]: 0x000000008003BA28 (0x00B51513) slli a0, a0, 0xb
x10 <- 0x0000000000000000
mem[X,0x000000008003BA2C] -> 0x0513
mem[X,0x000000008003BA2E] -> 0x5A85
[7667] [M]: 0x000000008003BA2C (0x5A850513) addi a0, a0, 0x5a8
x10 <- 0x00000000000005A8
mem[X,0x000000008003BA30] -> 0x1513
mem[X,0x000000008003BA32] -> 0x00B5
[7668] [M]: 0x000000008003BA30 (0x00B51513) slli a0, a0, 0xb
x10 <- 0x00000000002D4000
mem[X,0x000000008003BA34] -> 0x0513
mem[X,0x000000008003BA36] -> 0x13C5
[7669] [M]: 0x000000008003BA34 (0x13C50513) addi a0, a0, 0x13c
x10 <- 0x00000000002D413C
mem[X,0x000000008003BA38] -> 0x1513
mem[X,0x000000008003BA3A] -> 0x00A5
[7670] [M]: 0x000000008003BA38 (0x00A51513) slli a0, a0, 0xa
x10 <- 0x00000000B504F000
mem[X,0x000000008003BA3C] -> 0x0513
mem[X,0x000000008003BA3E] -> 0x3325
[7671] [M]: 0x000000008003BA3C (0x33250513) addi a0, a0, 0x332
x10 <- 0x00000000B504F332
mem[X,0x000000008003BA40] -> 0x65B7
mem[X,0x000000008003BA42] -> 0x6666
[7672] [M]: 0x000000008003BA40 (0x666665B7) lui a1, 0x66666
x11 <- 0x0000000066666000
mem[X,0x000000008003BA44] -> 0x8593
mem[X,0x000000008003BA46] -> 0x6665
[7673] [M]: 0x000000008003BA44 (0x66658593) addi a1, a1, 0x666
x11 <- 0x0000000066666666
mem[X,0x000000008003BA48] -> 0x9593
mem[X,0x000000008003BA4A] -> 0x00B5
[7674] [M]: 0x000000008003BA48 (0x00B59593) slli a1, a1, 0xb
x11 <- 0x0000033333333000
mem[X,0x000000008003BA4C] -> 0x8593
mem[X,0x000000008003BA4E] -> 0x3335
[7675] [M]: 0x000000008003BA4C (0x33358593) addi a1, a1, 0x333
x11 <- 0x0000033333333333
mem[X,0x000000008003BA50] -> 0x9593
mem[X,0x000000008003BA52] -> 0x00B5
[7676] [M]: 0x000000008003BA50 (0x00B59593) slli a1, a1, 0xb
x11 <- 0x0019999999999800
mem[X,0x000000008003BA54] -> 0x8593
mem[X,0x000000008003BA56] -> 0x1995
[7677] [M]: 0x000000008003BA54 (0x19958593) addi a1, a1, 0x199
x11 <- 0x0019999999999999
mem[X,0x000000008003BA58] -> 0x9593
mem[X,0x000000008003BA5A] -> 0x00A5
[7678] [M]: 0x000000008003BA58 (0x00A59593) slli a1, a1, 0xa
x11 <- 0x6666666666666400
mem[X,0x000000008003BA5C] -> 0x8593
mem[X,0x000000008003BA5E] -> 0x2655
[7679] [M]: 0x000000008003BA5C (0x26558593) addi a1, a1, 0x265
x11 <- 0x6666666666666665
mem[X,0x000000008003BA60] -> 0x0113
mem[X,0x000000008003BA62] -> 0x0000
[7680] [M]: 0x000000008003BA60 (0x00000113) addi sp, zero, 0x0
x2 <- 0x0000000000000000
mem[X,0x000000008003BA64] -> 0x006F
mem[X,0x000000008003BA66] -> 0x00C0
[7681] [M]: 0x000000008003BA64 (0x00C0006F) jal zero, 0xc
mem[X,0x000000008003BA70] -> 0x4CE3
mem[X,0x000000008003BA72] -> 0xFEB5
[7682] [M]: 0x000000008003BA70 (0xFEB54CE3) blt a0, a1, -0x8
mem[X,0x000000008003BA68] -> 0x0113
mem[X,0x000000008003BA6A] -> 0x0011
[7683] [M]: 0x000000008003BA68 (0x00110113) addi sp, sp, 0x1
x2 <- 0x0000000000000001
mem[X,0x000000008003BA6C] -> 0x006F
mem[X,0x000000008003BA6E] -> 0x0180
[7684] [M]: 0x000000008003BA6C (0x0180006F) jal zero, 0x18
mem[X,0x000000008003BA84] -> 0xBC23
mem[X,0x000000008003BA86] -> 0x6A20
[7685] [M]: 0x000000008003BA84 (0x6A20BC23) sd sp, 0x6b8(ra)
mem[0x0000000080050090] <- 0x0000000000000001
mem[X,0x000000008003BA88] -> 0x0537
mem[X,0x000000008003BA8A] -> 0x0000
[7686] [M]: 0x000000008003BA88 (0x00000537) lui a0, 0x0
x10 <- 0x0000000000000000
mem[X,0x000000008003BA8C] -> 0x0513
mem[X,0x000000008003BA8E] -> 0x0005
[7687] [M]: 0x000000008003BA8C (0x00050513) addi a0, a0, 0x0
x10 <- 0x0000000000000000
mem[X,0x000000008003BA90] -> 0x1513
mem[X,0x000000008003BA92] -> 0x00B5
[7688] [M]: 0x000000008003BA90 (0x00B51513) slli a0, a0, 0xb
x10 <- 0x0000000000000000
mem[X,0x000000008003BA94] -> 0x0513
mem[X,0x000000008003BA96] -> 0x5A85
[7689] [M]: 0x000000008003BA94 (0x5A850513) addi a0, a0, 0x5a8
x10 <- 0x00000000000005A8
mem[X,0x000000008003BA98] -> 0x1513
mem[X,0x000000008003BA9A] -> 0x00B5
[7690] [M]: 0x000000008003BA98 (0x00B51513) slli a0, a0, 0xb
x10 <- 0x00000000002D4000
mem[X,0x000000008003BA9C] -> 0x0513
mem[X,0x000000008003BA9E] -> 0x13C5
[7691] [M]: 0x000000008003BA9C (0x13C50513) addi a0, a0, 0x13c
x10 <- 0x00000000002D413C
mem[X,0x000000008003BAA0] -> 0x1513
mem[X,0x000000008003BAA2] -> 0x00A5
[7692] [M]: 0x000000008003BAA0 (0x00A51513) slli a0, a0, 0xa
x10 <- 0x00000000B504F000
mem[X,0x000000008003BAA4] -> 0x0513
mem[X,0x000000008003BAA6] -> 0x3325
[7693] [M]: 0x000000008003BAA4 (0x33250513) addi a0, a0, 0x332
x10 <- 0x00000000B504F332
mem[X,0x000000008003BAA8] -> 0x05B7
mem[X,0x000000008003BAAA] -> 0x0000
[7694] [M]: 0x000000008003BAA8 (0x000005B7) lui a1, 0x0
x11 <- 0x0000000000000000
mem[X,0x000000008003BAAC] -> 0x8593
mem[X,0x000000008003BAAE] -> 0x0005
[7695] [M]: 0x000000008003BAAC (0x00058593) addi a1, a1, 0x0
x11 <- 0x0000000000000000
mem[X,0x000000008003BAB0] -> 0x9593
mem[X,0x000000008003BAB2] -> 0x00B5
[7696] [M]: 0x000000008003BAB0 (0x00B59593) slli a1, a1, 0xb
x11 <- 0x0000000000000000
mem[X,0x000000008003BAB4] -> 0x8593
mem[X,0x000000008003BAB6] -> 0x5A85
[7697] [M]: 0x000000008003BAB4 (0x5A858593) addi a1, a1, 0x5a8
x11 <- 0x00000000000005A8
mem[X,0x000000008003BAB8] -> 0x9593
mem[X,0x000000008003BABA] -> 0x00B5
[7698] [M]: 0x000000008003BAB8 (0x00B59593) slli a1, a1, 0xb
x11 <- 0x00000000002D4000
mem[X,0x000000008003BABC] -> 0x8593
mem[X,0x000000008003BABE] -> 0x13C5
[7699] [M]: 0x000000008003BABC (0x13C58593) addi a1, a1, 0x13c
x11 <- 0x00000000002D413C
clint::tick mtime <- 0x000000000000004D
 clint timer pending at mtime 0x000000000000004D
htif::tick 0x0000000000000000
mem[X,0x000000008003BAC0] -> 0x9593
mem[X,0x000000008003BAC2] -> 0x00A5
[7700] [M]: 0x000000008003BAC0 (0x00A59593) slli a1, a1, 0xa
x11 <- 0x00000000B504F000
mem[X,0x000000008003BAC4] -> 0x8593
mem[X,0x000000008003BAC6] -> 0x3325
[7701] [M]: 0x000000008003BAC4 (0x33258593) addi a1, a1, 0x332
x11 <- 0x00000000B504F332
mem[X,0x000000008003BAC8] -> 0x0113
mem[X,0x000000008003BACA] -> 0x0000
[7702] [M]: 0x000000008003BAC8 (0x00000113) addi sp, zero, 0x0
x2 <- 0x0000000000000000
mem[X,0x000000008003BACC] -> 0x006F
mem[X,0x000000008003BACE] -> 0x0180
[7703] [M]: 0x000000008003BACC (0x0180006F) jal zero, 0x18
mem[X,0x000000008003BAE4] -> 0x46E3
mem[X,0x000000008003BAE6] -> 0xFEB5
[7704] [M]: 0x000000008003BAE4 (0xFEB546E3) blt a0, a1, -0x14
mem[X,0x000000008003BAE8] -> 0x0113
mem[X,0x000000008003BAEA] -> 0x0021
[7705] [M]: 0x000000008003BAE8 (0x00210113) addi sp, sp, 0x2
x2 <- 0x0000000000000002
mem[X,0x000000008003BAEC] -> 0x006F
mem[X,0x000000008003BAEE] -> 0x00C0
[7706] [M]: 0x000000008003BAEC (0x00C0006F) jal zero, 0xc
mem[X,0x000000008003BAF8] -> 0xB023
mem[X,0x000000008003BAFA] -> 0x6C20
[7707] [M]: 0x000000008003BAF8 (0x6C20B023) sd sp, 0x6c0(ra)
mem[0x0000000080050098] <- 0x0000000000000002
mem[X,0x000000008003BAFC] -> 0x0537
mem[X,0x000000008003BAFE] -> 0x0000
[7708] [M]: 0x000000008003BAFC (0x00000537) lui a0, 0x0
x10 <- 0x0000000000000000
mem[X,0x000000008003BB00] -> 0x0513
mem[X,0x000000008003BB02] -> 0x0005
[7709] [M]: 0x000000008003BB00 (0x00050513) addi a0, a0, 0x0
x10 <- 0x0000000000000000
mem[X,0x000000008003BB04] -> 0x1513
mem[X,0x000000008003BB06] -> 0x00B5
[7710] [M]: 0x000000008003BB04 (0x00B51513) slli a0, a0, 0xb
x10 <- 0x0000000000000000
mem[X,0x000000008003BB08] -> 0x0513
mem[X,0x000000008003BB0A] -> 0x5A85
[7711] [M]: 0x000000008003BB08 (0x5A850513) addi a0, a0, 0x5a8
x10 <- 0x00000000000005A8
mem[X,0x000000008003BB0C] -> 0x1513
mem[X,0x000000008003BB0E] -> 0x00B5
[7712] [M]: 0x000000008003BB0C (0x00B51513) slli a0, a0, 0xb
x10 <- 0x00000000002D4000
mem[X,0x000000008003BB10] -> 0x0513
mem[X,0x000000008003BB12] -> 0x13C5
[7713] [M]: 0x000000008003BB10 (0x13C50513) addi a0, a0, 0x13c
x10 <- 0x00000000002D413C
mem[X,0x000000008003BB14] -> 0x1513
mem[X,0x000000008003BB16] -> 0x00A5
[7714] [M]: 0x000000008003BB14 (0x00A51513) slli a0, a0, 0xa
x10 <- 0x00000000B504F000
mem[X,0x000000008003BB18] -> 0x0513
mem[X,0x000000008003BB1A] -> 0x3325
[7715] [M]: 0x000000008003BB18 (0x33250513) addi a0, a0, 0x332
x10 <- 0x00000000B504F332
mem[X,0x000000008003BB1C] -> 0x55B7
mem[X,0x000000008003BB1E] -> 0x5555
[7716] [M]: 0x000000008003BB1C (0x555555B7) lui a1, 0x55555
x11 <- 0x0000000055555000
mem[X,0x000000008003BB20] -> 0x8593
mem[X,0x000000008003BB22] -> 0x5555
[7717] [M]: 0x000000008003BB20 (0x55558593) addi a1, a1, 0x555
x11 <- 0x0000000055555555
mem[X,0x000000008003BB24] -> 0x9593
mem[X,0x000000008003BB26] -> 0x00B5
[7718] [M]: 0x000000008003BB24 (0x00B59593) slli a1, a1, 0xb
x11 <- 0x000002AAAAAAA800
mem[X,0x000000008003BB28] -> 0x8593
mem[X,0x000000008003BB2A] -> 0x2AA5
[7719] [M]: 0x000000008003BB28 (0x2AA58593) addi a1, a1, 0x2aa
x11 <- 0x000002AAAAAAAAAA
mem[X,0x000000008003BB2C] -> 0x9593
mem[X,0x000000008003BB2E] -> 0x00B5
[7720] [M]: 0x000000008003BB2C (0x00B59593) slli a1, a1, 0xb
x11 <- 0x0015555555555000
mem[X,0x000000008003BB30] -> 0x8593
mem[X,0x000000008003BB32] -> 0x5555
[7721] [M]: 0x000000008003BB30 (0x55558593) addi a1, a1, 0x555
x11 <- 0x0015555555555555
mem[X,0x000000008003BB34] -> 0x9593
mem[X,0x000000008003BB36] -> 0x00A5
[7722] [M]: 0x000000008003BB34 (0x00A59593) slli a1, a1, 0xa
x11 <- 0x5555555555555400
mem[X,0x000000008003BB38] -> 0x8593
mem[X,0x000000008003BB3A] -> 0x1565
[7723] [M]: 0x000000008003BB38 (0x15658593) addi a1, a1, 0x156
x11 <- 0x5555555555555556
mem[X,0x000000008003BB3C] -> 0x0113
mem[X,0x000000008003BB3E] -> 0x0000
[7724] [M]: 0x000000008003BB3C (0x00000113) addi sp, zero, 0x0
x2 <- 0x0000000000000000
mem[X,0x000000008003BB40] -> 0x006F
mem[X,0x000000008003BB42] -> 0x00C0
[7725] [M]: 0x000000008003BB40 (0x00C0006F) jal zero, 0xc
mem[X,0x000000008003BB4C] -> 0x4063
mem[X,0x000000008003BB4E] -> 0x04B5
[7726] [M]: 0x000000008003BB4C (0x04B54063) blt a0, a1, 0x40
mem[X,0x000000008003BB8C] -> 0x0113
mem[X,0x000000008003BB8E] -> 0x0031
[7727] [M]: 0x000000008003BB8C (0x00310113) addi sp, sp, 0x3
x2 <- 0x0000000000000003
mem[X,0x000000008003BB90] -> 0x006F
mem[X,0x000000008003BB92] -> 0x0040
[7728] [M]: 0x000000008003BB90 (0x0040006F) jal zero, 0x4
mem[X,0x000000008003BB94] -> 0xB423
mem[X,0x000000008003BB96] -> 0x6C20
[7729] [M]: 0x000000008003BB94 (0x6C20B423) sd sp, 0x6c8(ra)
mem[0x00000000800500A0] <- 0x0000000000000003
mem[X,0x000000008003BB98] -> 0x0537
mem[X,0x000000008003BB9A] -> 0x0000
[7730] [M]: 0x000000008003BB98 (0x00000537) lui a0, 0x0
x10 <- 0x0000000000000000
mem[X,0x000000008003BB9C] -> 0x0513
mem[X,0x000000008003BB9E] -> 0x0005
[7731] [M]: 0x000000008003BB9C (0x00050513) addi a0, a0, 0x0
x10 <- 0x0000000000000000
mem[X,0x000000008003BBA0] -> 0x1513
mem[X,0x000000008003BBA2] -> 0x00B5
[7732] [M]: 0x000000008003BBA0 (0x00B51513) slli a0, a0, 0xb
x10 <- 0x0000000000000000
mem[X,0x000000008003BBA4] -> 0x0513
mem[X,0x000000008003BBA6] -> 0x5A85
[7733] [M]: 0x000000008003BBA4 (0x5A850513) addi a0, a0, 0x5a8
x10 <- 0x00000000000005A8
mem[X,0x000000008003BBA8] -> 0x1513
mem[X,0x000000008003BBAA] -> 0x00B5
[7734] [M]: 0x000000008003BBA8 (0x00B51513) slli a0, a0, 0xb
x10 <- 0x00000000002D4000
mem[X,0x000000008003BBAC] -> 0x0513
mem[X,0x000000008003BBAE] -> 0x13C5
[7735] [M]: 0x000000008003BBAC (0x13C50513) addi a0, a0, 0x13c
x10 <- 0x00000000002D413C
mem[X,0x000000008003BBB0] -> 0x1513
mem[X,0x000000008003BBB2] -> 0x00A5
[7736] [M]: 0x000000008003BBB0 (0x00A51513) slli a0, a0, 0xa
x10 <- 0x00000000B504F000
mem[X,0x000000008003BBB4] -> 0x0513
mem[X,0x000000008003BBB6] -> 0x3325
[7737] [M]: 0x000000008003BBB4 (0x33250513) addi a0, a0, 0x332
x10 <- 0x00000000B504F332
mem[X,0x000000008003BBB8] -> 0xB5B7
mem[X,0x000000008003BBBA] -> 0xAAAA
[7738] [M]: 0x000000008003BBB8 (0xAAAAB5B7) lui a1, -0x55555
x11 <- 0xFFFFFFFFAAAAB000
mem[X,0x000000008003BBBC] -> 0x8593
mem[X,0x000000008003BBBE] -> 0xAAA5
[7739] [M]: 0x000000008003BBBC (0xAAA58593) addi a1, a1, -0x556
x11 <- 0xFFFFFFFFAAAAAAAA
mem[X,0x000000008003BBC0] -> 0x9593
mem[X,0x000000008003BBC2] -> 0x00B5
[7740] [M]: 0x000000008003BBC0 (0x00B59593) slli a1, a1, 0xb
x11 <- 0xFFFFFD5555555000
mem[X,0x000000008003BBC4] -> 0x8593
mem[X,0x000000008003BBC6] -> 0x5555
[7741] [M]: 0x000000008003BBC4 (0x55558593) addi a1, a1, 0x555
x11 <- 0xFFFFFD5555555555
mem[X,0x000000008003BBC8] -> 0x9593
mem[X,0x000000008003BBCA] -> 0x00B5
[7742] [M]: 0x000000008003BBC8 (0x00B59593) slli a1, a1, 0xb
x11 <- 0xFFEAAAAAAAAAA800
mem[X,0x000000008003BBCC] -> 0x8593
mem[X,0x000000008003BBCE] -> 0x2AA5
[7743] [M]: 0x000000008003BBCC (0x2AA58593) addi a1, a1, 0x2aa
x11 <- 0xFFEAAAAAAAAAAAAA
mem[X,0x000000008003BBD0] -> 0x9593
mem[X,0x000000008003BBD2] -> 0x00A5
[7744] [M]: 0x000000008003BBD0 (0x00A59593) slli a1, a1, 0xa
x11 <- 0xAAAAAAAAAAAAA800
mem[X,0x000000008003BBD4] -> 0x8593
mem[X,0x000000008003BBD6] -> 0x2AB5
[7745] [M]: 0x000000008003BBD4 (0x2AB58593) addi a1, a1, 0x2ab
x11 <- 0xAAAAAAAAAAAAAAAB
mem[X,0x000000008003BBD8] -> 0x0113
mem[X,0x000000008003BBDA] -> 0x0000
[7746] [M]: 0x000000008003BBD8 (0x00000113) addi sp, zero, 0x0
x2 <- 0x0000000000000000
mem[X,0x000000008003BBDC] -> 0x006F
mem[X,0x000000008003BBDE] -> 0x00C0
[7747] [M]: 0x000000008003BBDC (0x00C0006F) jal zero, 0xc
mem[X,0x000000008003BBE8] -> 0x4063
mem[X,0x000000008003BBEA] -> 0x20B5
[7748] [M]: 0x000000008003BBE8 (0x20B54063) blt a0, a1, 0x200
mem[X,0x000000008003BBEC] -> 0x0113
mem[X,0x000000008003BBEE] -> 0x0021
[7749] [M]: 0x000000008003BBEC (0x00210113) addi sp, sp, 0x2
x2 <- 0x0000000000000002
mem[X,0x000000008003BBF0] -> 0x006F
mem[X,0x000000008003BBF2] -> 0x2000
[7750] [M]: 0x000000008003BBF0 (0x2000006F) jal zero, 0x200
mem[X,0x000000008003BDF0] -> 0xB823
mem[X,0x000000008003BDF2] -> 0x6C20
[7751] [M]: 0x000000008003BDF0 (0x6C20B823) sd sp, 0x6d0(ra)
mem[0x00000000800500A8] <- 0x0000000000000002
mem[X,0x000000008003BDF4] -> 0x0537
mem[X,0x000000008003BDF6] -> 0x0000
[7752] [M]: 0x000000008003BDF4 (0x00000537) lui a0, 0x0
x10 <- 0x0000000000000000
mem[X,0x000000008003BDF8] -> 0x0513
mem[X,0x000000008003BDFA] -> 0x0005
[7753] [M]: 0x000000008003BDF8 (0x00050513) addi a0, a0, 0x0
x10 <- 0x0000000000000000
mem[X,0x000000008003BDFC] -> 0x1513
mem[X,0x000000008003BDFE] -> 0x00B5
[7754] [M]: 0x000000008003BDFC (0x00B51513) slli a0, a0, 0xb
x10 <- 0x0000000000000000
mem[X,0x000000008003BE00] -> 0x0513
mem[X,0x000000008003BE02] -> 0x5A85
[7755] [M]: 0x000000008003BE00 (0x5A850513) addi a0, a0, 0x5a8
x10 <- 0x00000000000005A8
mem[X,0x000000008003BE04] -> 0x1513
mem[X,0x000000008003BE06] -> 0x00B5
[7756] [M]: 0x000000008003BE04 (0x00B51513) slli a0, a0, 0xb
x10 <- 0x00000000002D4000
mem[X,0x000000008003BE08] -> 0x0513
mem[X,0x000000008003BE0A] -> 0x13C5
[7757] [M]: 0x000000008003BE08 (0x13C50513) addi a0, a0, 0x13c
x10 <- 0x00000000002D413C
mem[X,0x000000008003BE0C] -> 0x1513
mem[X,0x000000008003BE0E] -> 0x00A5
[7758] [M]: 0x000000008003BE0C (0x00A51513) slli a0, a0, 0xa
x10 <- 0x00000000B504F000
mem[X,0x000000008003BE10] -> 0x0513
mem[X,0x000000008003BE12] -> 0x3325
[7759] [M]: 0x000000008003BE10 (0x33250513) addi a0, a0, 0x332
x10 <- 0x00000000B504F332
mem[X,0x000000008003BE14] -> 0x0593
mem[X,0x000000008003BE16] -> 0x0060
[7760] [M]: 0x000000008003BE14 (0x00600593) addi a1, zero, 0x6
x11 <- 0x0000000000000006
mem[X,0x000000008003BE18] -> 0x0113
mem[X,0x000000008003BE1A] -> 0x0000
[7761] [M]: 0x000000008003BE18 (0x00000113) addi sp, zero, 0x0
x2 <- 0x0000000000000000
mem[X,0x000000008003BE1C] -> 0x006F
mem[X,0x000000008003BE1E] -> 0x0050
[7762] [M]: 0x000000008003BE1C (0x0050006F) jal zero, 0x804
mem[X,0x000000008003C620] -> 0x40E3
mem[X,0x000000008003C622] -> 0x80B5
[7763] [M]: 0x000000008003C620 (0x80B540E3) blt a0, a1, -0x800
mem[X,0x000000008003C624] -> 0x0113
mem[X,0x000000008003C626] -> 0x0021
[7764] [M]: 0x000000008003C624 (0x00210113) addi sp, sp, 0x2
x2 <- 0x0000000000000002
mem[X,0x000000008003C628] -> 0x006F
mem[X,0x000000008003C62A] -> 0x00C0
[7765] [M]: 0x000000008003C628 (0x00C0006F) jal zero, 0xc
mem[X,0x000000008003C634] -> 0xBC23
mem[X,0x000000008003C636] -> 0x6C20
[7766] [M]: 0x000000008003C634 (0x6C20BC23) sd sp, 0x6d8(ra)
mem[0x00000000800500B0] <- 0x0000000000000002
mem[X,0x000000008003C638] -> 0x0537
mem[X,0x000000008003C63A] -> 0x0000
[7767] [M]: 0x000000008003C638 (0x00000537) lui a0, 0x0
x10 <- 0x0000000000000000
mem[X,0x000000008003C63C] -> 0x0513
mem[X,0x000000008003C63E] -> 0x0005
[7768] [M]: 0x000000008003C63C (0x00050513) addi a0, a0, 0x0
x10 <- 0x0000000000000000
mem[X,0x000000008003C640] -> 0x1513
mem[X,0x000000008003C642] -> 0x00B5
[7769] [M]: 0x000000008003C640 (0x00B51513) slli a0, a0, 0xb
x10 <- 0x0000000000000000
mem[X,0x000000008003C644] -> 0x0513
mem[X,0x000000008003C646] -> 0x5A85
[7770] [M]: 0x000000008003C644 (0x5A850513) addi a0, a0, 0x5a8
x10 <- 0x00000000000005A8
mem[X,0x000000008003C648] -> 0x1513
mem[X,0x000000008003C64A] -> 0x00B5
[7771] [M]: 0x000000008003C648 (0x00B51513) slli a0, a0, 0xb
x10 <- 0x00000000002D4000
mem[X,0x000000008003C64C] -> 0x0513
mem[X,0x000000008003C64E] -> 0x13C5
[7772] [M]: 0x000000008003C64C (0x13C50513) addi a0, a0, 0x13c
x10 <- 0x00000000002D413C
mem[X,0x000000008003C650] -> 0x1513
mem[X,0x000000008003C652] -> 0x00A5
[7773] [M]: 0x000000008003C650 (0x00A51513) slli a0, a0, 0xa
x10 <- 0x00000000B504F000
mem[X,0x000000008003C654] -> 0x0513
mem[X,0x000000008003C656] -> 0x3325
[7774] [M]: 0x000000008003C654 (0x33250513) addi a0, a0, 0x332
x10 <- 0x00000000B504F332
mem[X,0x000000008003C658] -> 0x35B7
mem[X,0x000000008003C65A] -> 0x3333
[7775] [M]: 0x000000008003C658 (0x333335B7) lui a1, 0x33333
x11 <- 0x0000000033333000
mem[X,0x000000008003C65C] -> 0x8593
mem[X,0x000000008003C65E] -> 0x3335
[7776] [M]: 0x000000008003C65C (0x33358593) addi a1, a1, 0x333
x11 <- 0x0000000033333333
mem[X,0x000000008003C660] -> 0x9593
mem[X,0x000000008003C662] -> 0x00B5
[7777] [M]: 0x000000008003C660 (0x00B59593) slli a1, a1, 0xb
x11 <- 0x0000019999999800
mem[X,0x000000008003C664] -> 0x8593
mem[X,0x000000008003C666] -> 0x1995
[7778] [M]: 0x000000008003C664 (0x19958593) addi a1, a1, 0x199
x11 <- 0x0000019999999999
mem[X,0x000000008003C668] -> 0x9593
mem[X,0x000000008003C66A] -> 0x00B5
[7779] [M]: 0x000000008003C668 (0x00B59593) slli a1, a1, 0xb
x11 <- 0x000CCCCCCCCCC800
mem[X,0x000000008003C66C] -> 0x8593
mem[X,0x000000008003C66E] -> 0x4CC5
[7780] [M]: 0x000000008003C66C (0x4CC58593) addi a1, a1, 0x4cc
x11 <- 0x000CCCCCCCCCCCCC
mem[X,0x000000008003C670] -> 0x9593
mem[X,0x000000008003C672] -> 0x00A5
[7781] [M]: 0x000000008003C670 (0x00A59593) slli a1, a1, 0xa
x11 <- 0x3333333333333000
mem[X,0x000000008003C674] -> 0x8593
mem[X,0x000000008003C676] -> 0x3345
[7782] [M]: 0x000000008003C674 (0x33458593) addi a1, a1, 0x334
x11 <- 0x3333333333333334
mem[X,0x000000008003C678] -> 0x0113
mem[X,0x000000008003C67A] -> 0x0000
[7783] [M]: 0x000000008003C678 (0x00000113) addi sp, zero, 0x0
x2 <- 0x0000000000000000
mem[X,0x000000008003C67C] -> 0x006F
mem[X,0x000000008003C67E] -> 0x00C0
[7784] [M]: 0x000000008003C67C (0x00C0006F) jal zero, 0xc
mem[X,0x000000008003C688] -> 0x4CE3
mem[X,0x000000008003C68A] -> 0xFEB5
[7785] [M]: 0x000000008003C688 (0xFEB54CE3) blt a0, a1, -0x8
mem[X,0x000000008003C680] -> 0x0113
mem[X,0x000000008003C682] -> 0x0011
[7786] [M]: 0x000000008003C680 (0x00110113) addi sp, sp, 0x1
x2 <- 0x0000000000000001
mem[X,0x000000008003C684] -> 0x006F
mem[X,0x000000008003C686] -> 0x0180
[7787] [M]: 0x000000008003C684 (0x0180006F) jal zero, 0x18
mem[X,0x000000008003C69C] -> 0xB023
mem[X,0x000000008003C69E] -> 0x6E20
[7788] [M]: 0x000000008003C69C (0x6E20B023) sd sp, 0x6e0(ra)
mem[0x00000000800500B8] <- 0x0000000000000001
mem[X,0x000000008003C6A0] -> 0x0537
mem[X,0x000000008003C6A2] -> 0x0000
[7789] [M]: 0x000000008003C6A0 (0x00000537) lui a0, 0x0
x10 <- 0x0000000000000000
mem[X,0x000000008003C6A4] -> 0x0513
mem[X,0x000000008003C6A6] -> 0x0005
[7790] [M]: 0x000000008003C6A4 (0x00050513) addi a0, a0, 0x0
x10 <- 0x0000000000000000
mem[X,0x000000008003C6A8] -> 0x1513
mem[X,0x000000008003C6AA] -> 0x00B5
[7791] [M]: 0x000000008003C6A8 (0x00B51513) slli a0, a0, 0xb
x10 <- 0x0000000000000000
mem[X,0x000000008003C6AC] -> 0x0513
mem[X,0x000000008003C6AE] -> 0x5A85
[7792] [M]: 0x000000008003C6AC (0x5A850513) addi a0, a0, 0x5a8
x10 <- 0x00000000000005A8
mem[X,0x000000008003C6B0] -> 0x1513
mem[X,0x000000008003C6B2] -> 0x00B5
[7793] [M]: 0x000000008003C6B0 (0x00B51513) slli a0, a0, 0xb
x10 <- 0x00000000002D4000
mem[X,0x000000008003C6B4] -> 0x0513
mem[X,0x000000008003C6B6] -> 0x13C5
[7794] [M]: 0x000000008003C6B4 (0x13C50513) addi a0, a0, 0x13c
x10 <- 0x00000000002D413C
mem[X,0x000000008003C6B8] -> 0x1513
mem[X,0x000000008003C6BA] -> 0x00A5
[7795] [M]: 0x000000008003C6B8 (0x00A51513) slli a0, a0, 0xa
x10 <- 0x00000000B504F000
mem[X,0x000000008003C6BC] -> 0x0513
mem[X,0x000000008003C6BE] -> 0x3325
[7796] [M]: 0x000000008003C6BC (0x33250513) addi a0, a0, 0x332
x10 <- 0x00000000B504F332
mem[X,0x000000008003C6C0] -> 0x65B7
mem[X,0x000000008003C6C2] -> 0x6666
[7797] [M]: 0x000000008003C6C0 (0x666665B7) lui a1, 0x66666
x11 <- 0x0000000066666000
mem[X,0x000000008003C6C4] -> 0x8593
mem[X,0x000000008003C6C6] -> 0x6665
[7798] [M]: 0x000000008003C6C4 (0x66658593) addi a1, a1, 0x666
x11 <- 0x0000000066666666
mem[X,0x000000008003C6C8] -> 0x9593
mem[X,0x000000008003C6CA] -> 0x00B5
[7799] [M]: 0x000000008003C6C8 (0x00B59593) slli a1, a1, 0xb
x11 <- 0x0000033333333000
clint::tick mtime <- 0x000000000000004E
 clint timer pending at mtime 0x000000000000004E
htif::tick 0x0000000000000000
mem[X,0x000000008003C6CC] -> 0x8593
mem[X,0x000000008003C6CE] -> 0x3335
[7800] [M]: 0x000000008003C6CC (0x33358593) addi a1, a1, 0x333
x11 <- 0x0000033333333333
mem[X,0x000000008003C6D0] -> 0x9593
mem[X,0x000000008003C6D2] -> 0x00B5
[7801] [M]: 0x000000008003C6D0 (0x00B59593) slli a1, a1, 0xb
x11 <- 0x0019999999999800
mem[X,0x000000008003C6D4] -> 0x8593
mem[X,0x000000008003C6D6] -> 0x1995
[7802] [M]: 0x000000008003C6D4 (0x19958593) addi a1, a1, 0x199
x11 <- 0x0019999999999999
mem[X,0x000000008003C6D8] -> 0x9593
mem[X,0x000000008003C6DA] -> 0x00A5
[7803] [M]: 0x000000008003C6D8 (0x00A59593) slli a1, a1, 0xa
x11 <- 0x6666666666666400
mem[X,0x000000008003C6DC] -> 0x8593
mem[X,0x000000008003C6DE] -> 0x2675
[7804] [M]: 0x000000008003C6DC (0x26758593) addi a1, a1, 0x267
x11 <- 0x6666666666666667
mem[X,0x000000008003C6E0] -> 0x0113
mem[X,0x000000008003C6E2] -> 0x0000
[7805] [M]: 0x000000008003C6E0 (0x00000113) addi sp, zero, 0x0
x2 <- 0x0000000000000000
mem[X,0x000000008003C6E4] -> 0x006F
mem[X,0x000000008003C6E6] -> 0x00C0
[7806] [M]: 0x000000008003C6E4 (0x00C0006F) jal zero, 0xc
mem[X,0x000000008003C6F0] -> 0x4663
mem[X,0x000000008003C6F2] -> 0x00B5
[7807] [M]: 0x000000008003C6F0 (0x00B54663) blt a0, a1, 0xc
mem[X,0x000000008003C6FC] -> 0x0113
mem[X,0x000000008003C6FE] -> 0x0031
[7808] [M]: 0x000000008003C6FC (0x00310113) addi sp, sp, 0x3
x2 <- 0x0000000000000003
mem[X,0x000000008003C700] -> 0x006F
mem[X,0x000000008003C702] -> 0x0040
[7809] [M]: 0x000000008003C700 (0x0040006F) jal zero, 0x4
mem[X,0x000000008003C704] -> 0xB423
mem[X,0x000000008003C706] -> 0x6E20
[7810] [M]: 0x000000008003C704 (0x6E20B423) sd sp, 0x6e8(ra)
mem[0x00000000800500C0] <- 0x0000000000000003
mem[X,0x000000008003C708] -> 0x0537
mem[X,0x000000008003C70A] -> 0x0000
[7811] [M]: 0x000000008003C708 (0x00000537) lui a0, 0x0
x10 <- 0x0000000000000000
mem[X,0x000000008003C70C] -> 0x0513
mem[X,0x000000008003C70E] -> 0x0005
[7812] [M]: 0x000000008003C70C (0x00050513) addi a0, a0, 0x0
x10 <- 0x0000000000000000
mem[X,0x000000008003C710] -> 0x1513
mem[X,0x000000008003C712] -> 0x00B5
[7813] [M]: 0x000000008003C710 (0x00B51513) slli a0, a0, 0xb
x10 <- 0x0000000000000000
mem[X,0x000000008003C714] -> 0x0513
mem[X,0x000000008003C716] -> 0x5A85
[7814] [M]: 0x000000008003C714 (0x5A850513) addi a0, a0, 0x5a8
x10 <- 0x00000000000005A8
mem[X,0x000000008003C718] -> 0x1513
mem[X,0x000000008003C71A] -> 0x00B5
[7815] [M]: 0x000000008003C718 (0x00B51513) slli a0, a0, 0xb
x10 <- 0x00000000002D4000
mem[X,0x000000008003C71C] -> 0x0513
mem[X,0x000000008003C71E] -> 0x13C5
[7816] [M]: 0x000000008003C71C (0x13C50513) addi a0, a0, 0x13c
x10 <- 0x00000000002D413C
mem[X,0x000000008003C720] -> 0x1513
mem[X,0x000000008003C722] -> 0x00A5
[7817] [M]: 0x000000008003C720 (0x00A51513) slli a0, a0, 0xa
x10 <- 0x00000000B504F000
mem[X,0x000000008003C724] -> 0x0513
mem[X,0x000000008003C726] -> 0x3325
[7818] [M]: 0x000000008003C724 (0x33250513) addi a0, a0, 0x332
x10 <- 0x00000000B504F332
mem[X,0x000000008003C728] -> 0x05B7
mem[X,0x000000008003C72A] -> 0x0000
[7819] [M]: 0x000000008003C728 (0x000005B7) lui a1, 0x0
x11 <- 0x0000000000000000
mem[X,0x000000008003C72C] -> 0x8593
mem[X,0x000000008003C72E] -> 0xFFF5
[7820] [M]: 0x000000008003C72C (0xFFF58593) addi a1, a1, -0x1
x11 <- 0xFFFFFFFFFFFFFFFF
mem[X,0x000000008003C730] -> 0x9593
mem[X,0x000000008003C732] -> 0x00B5
[7821] [M]: 0x000000008003C730 (0x00B59593) slli a1, a1, 0xb
x11 <- 0xFFFFFFFFFFFFF800
mem[X,0x000000008003C734] -> 0x8593
mem[X,0x000000008003C736] -> 0x2575
[7822] [M]: 0x000000008003C734 (0x25758593) addi a1, a1, 0x257
x11 <- 0xFFFFFFFFFFFFFA57
mem[X,0x000000008003C738] -> 0x9593
mem[X,0x000000008003C73A] -> 0x00B5
[7823] [M]: 0x000000008003C738 (0x00B59593) slli a1, a1, 0xb
x11 <- 0xFFFFFFFFFFD2B800
mem[X,0x000000008003C73C] -> 0x8593
mem[X,0x000000008003C73E] -> 0x6C35
[7824] [M]: 0x000000008003C73C (0x6C358593) addi a1, a1, 0x6c3
x11 <- 0xFFFFFFFFFFD2BEC3
mem[X,0x000000008003C740] -> 0x9593
mem[X,0x000000008003C742] -> 0x00A5
[7825] [M]: 0x000000008003C740 (0x00A59593) slli a1, a1, 0xa
x11 <- 0xFFFFFFFF4AFB0C00
mem[X,0x000000008003C744] -> 0x8593
mem[X,0x000000008003C746] -> 0x0CE5
[7826] [M]: 0x000000008003C744 (0x0CE58593) addi a1, a1, 0xce
x11 <- 0xFFFFFFFF4AFB0CCE
mem[X,0x000000008003C748] -> 0x0113
mem[X,0x000000008003C74A] -> 0x0000
[7827] [M]: 0x000000008003C748 (0x00000113) addi sp, zero, 0x0
x2 <- 0x0000000000000000
mem[X,0x000000008003C74C] -> 0x006F
mem[X,0x000000008003C74E] -> 0x00C0
[7828] [M]: 0x000000008003C74C (0x00C0006F) jal zero, 0xc
mem[X,0x000000008003C758] -> 0x4CE3
mem[X,0x000000008003C75A] -> 0xFEB5
[7829] [M]: 0x000000008003C758 (0xFEB54CE3) blt a0, a1, -0x8
mem[X,0x000000008003C75C] -> 0x0113
mem[X,0x000000008003C75E] -> 0x0021
[7830] [M]: 0x000000008003C75C (0x00210113) addi sp, sp, 0x2
x2 <- 0x0000000000000002
mem[X,0x000000008003C760] -> 0x006F
mem[X,0x000000008003C762] -> 0x00C0
[7831] [M]: 0x000000008003C760 (0x00C0006F) jal zero, 0xc
mem[X,0x000000008003C76C] -> 0xB823
mem[X,0x000000008003C76E] -> 0x6E20
[7832] [M]: 0x000000008003C76C (0x6E20B823) sd sp, 0x6f0(ra)
mem[0x00000000800500C8] <- 0x0000000000000002
mem[X,0x000000008003C770] -> 0x0537
mem[X,0x000000008003C772] -> 0x0000
[7833] [M]: 0x000000008003C770 (0x00000537) lui a0, 0x0
x10 <- 0x0000000000000000
mem[X,0x000000008003C774] -> 0x0513
mem[X,0x000000008003C776] -> 0x0005
[7834] [M]: 0x000000008003C774 (0x00050513) addi a0, a0, 0x0
x10 <- 0x0000000000000000
mem[X,0x000000008003C778] -> 0x1513
mem[X,0x000000008003C77A] -> 0x00B5
[7835] [M]: 0x000000008003C778 (0x00B51513) slli a0, a0, 0xb
x10 <- 0x0000000000000000
mem[X,0x000000008003C77C] -> 0x0513
mem[X,0x000000008003C77E] -> 0x5A85
[7836] [M]: 0x000000008003C77C (0x5A850513) addi a0, a0, 0x5a8
x10 <- 0x00000000000005A8
mem[X,0x000000008003C780] -> 0x1513
mem[X,0x000000008003C782] -> 0x00B5
[7837] [M]: 0x000000008003C780 (0x00B51513) slli a0, a0, 0xb
x10 <- 0x00000000002D4000
mem[X,0x000000008003C784] -> 0x0513
mem[X,0x000000008003C786] -> 0x13C5
[7838] [M]: 0x000000008003C784 (0x13C50513) addi a0, a0, 0x13c
x10 <- 0x00000000002D413C
mem[X,0x000000008003C788] -> 0x1513
mem[X,0x000000008003C78A] -> 0x00A5
[7839] [M]: 0x000000008003C788 (0x00A51513) slli a0, a0, 0xa
x10 <- 0x00000000B504F000
mem[X,0x000000008003C78C] -> 0x0513
mem[X,0x000000008003C78E] -> 0x3325
[7840] [M]: 0x000000008003C78C (0x33250513) addi a0, a0, 0x332
x10 <- 0x00000000B504F332
mem[X,0x000000008003C790] -> 0x05B7
mem[X,0x000000008003C792] -> 0x0000
[7841] [M]: 0x000000008003C790 (0x000005B7) lui a1, 0x0
x11 <- 0x0000000000000000
mem[X,0x000000008003C794] -> 0x8593
mem[X,0x000000008003C796] -> 0x0005
[7842] [M]: 0x000000008003C794 (0x00058593) addi a1, a1, 0x0
x11 <- 0x0000000000000000
mem[X,0x000000008003C798] -> 0x9593
mem[X,0x000000008003C79A] -> 0x00B5
[7843] [M]: 0x000000008003C798 (0x00B59593) slli a1, a1, 0xb
x11 <- 0x0000000000000000
mem[X,0x000000008003C79C] -> 0x8593
mem[X,0x000000008003C79E] -> 0x5A85
[7844] [M]: 0x000000008003C79C (0x5A858593) addi a1, a1, 0x5a8
x11 <- 0x00000000000005A8
mem[X,0x000000008003C7A0] -> 0x9593
mem[X,0x000000008003C7A2] -> 0x00B5
[7845] [M]: 0x000000008003C7A0 (0x00B59593) slli a1, a1, 0xb
x11 <- 0x00000000002D4000
mem[X,0x000000008003C7A4] -> 0x8593
mem[X,0x000000008003C7A6] -> 0x13C5
[7846] [M]: 0x000000008003C7A4 (0x13C58593) addi a1, a1, 0x13c
x11 <- 0x00000000002D413C
mem[X,0x000000008003C7A8] -> 0x9593
mem[X,0x000000008003C7AA] -> 0x00A5
[7847] [M]: 0x000000008003C7A8 (0x00A59593) slli a1, a1, 0xa
x11 <- 0x00000000B504F000
mem[X,0x000000008003C7AC] -> 0x8593
mem[X,0x000000008003C7AE] -> 0x3345
[7848] [M]: 0x000000008003C7AC (0x33458593) addi a1, a1, 0x334
x11 <- 0x00000000B504F334
mem[X,0x000000008003C7B0] -> 0x0113
mem[X,0x000000008003C7B2] -> 0x0000
[7849] [M]: 0x000000008003C7B0 (0x00000113) addi sp, zero, 0x0
x2 <- 0x0000000000000000
mem[X,0x000000008003C7B4] -> 0x006F
mem[X,0x000000008003C7B6] -> 0x00C0
[7850] [M]: 0x000000008003C7B4 (0x00C0006F) jal zero, 0xc
mem[X,0x000000008003C7C0] -> 0x4063
mem[X,0x000000008003C7C2] -> 0x40B5
[7851] [M]: 0x000000008003C7C0 (0x40B54063) blt a0, a1, 0x400
mem[X,0x000000008003CBC0] -> 0x0113
mem[X,0x000000008003CBC2] -> 0x0031
[7852] [M]: 0x000000008003CBC0 (0x00310113) addi sp, sp, 0x3
x2 <- 0x0000000000000003
mem[X,0x000000008003CBC4] -> 0x006F
mem[X,0x000000008003CBC6] -> 0x0040
[7853] [M]: 0x000000008003CBC4 (0x0040006F) jal zero, 0x4
mem[X,0x000000008003CBC8] -> 0xBC23
mem[X,0x000000008003CBCA] -> 0x6E20
[7854] [M]: 0x000000008003CBC8 (0x6E20BC23) sd sp, 0x6f8(ra)
mem[0x00000000800500D0] <- 0x0000000000000003
mem[X,0x000000008003CBCC] -> 0x5537
mem[X,0x000000008003CBCE] -> 0x5555
[7855] [M]: 0x000000008003CBCC (0x55555537) lui a0, 0x55555
x10 <- 0x0000000055555000
mem[X,0x000000008003CBD0] -> 0x0513
mem[X,0x000000008003CBD2] -> 0x5555
[7856] [M]: 0x000000008003CBD0 (0x55550513) addi a0, a0, 0x555
x10 <- 0x0000000055555555
mem[X,0x000000008003CBD4] -> 0x1513
mem[X,0x000000008003CBD6] -> 0x00B5
[7857] [M]: 0x000000008003CBD4 (0x00B51513) slli a0, a0, 0xb
x10 <- 0x000002AAAAAAA800
mem[X,0x000000008003CBD8] -> 0x0513
mem[X,0x000000008003CBDA] -> 0x2AA5
[7858] [M]: 0x000000008003CBD8 (0x2AA50513) addi a0, a0, 0x2aa
x10 <- 0x000002AAAAAAAAAA
mem[X,0x000000008003CBDC] -> 0x1513
mem[X,0x000000008003CBDE] -> 0x00B5
[7859] [M]: 0x000000008003CBDC (0x00B51513) slli a0, a0, 0xb
x10 <- 0x0015555555555000
mem[X,0x000000008003CBE0] -> 0x0513
mem[X,0x000000008003CBE2] -> 0x5555
[7860] [M]: 0x000000008003CBE0 (0x55550513) addi a0, a0, 0x555
x10 <- 0x0015555555555555
mem[X,0x000000008003CBE4] -> 0x1513
mem[X,0x000000008003CBE6] -> 0x00A5
[7861] [M]: 0x000000008003CBE4 (0x00A51513) slli a0, a0, 0xa
x10 <- 0x5555555555555400
mem[X,0x000000008003CBE8] -> 0x0513
mem[X,0x000000008003CBEA] -> 0x1565
[7862] [M]: 0x000000008003CBE8 (0x15650513) addi a0, a0, 0x156
x10 <- 0x5555555555555556
mem[X,0x000000008003CBEC] -> 0x0593
mem[X,0x000000008003CBEE] -> 0x0030
[7863] [M]: 0x000000008003CBEC (0x00300593) addi a1, zero, 0x3
x11 <- 0x0000000000000003
mem[X,0x000000008003CBF0] -> 0x0113
mem[X,0x000000008003CBF2] -> 0x0000
[7864] [M]: 0x000000008003CBF0 (0x00000113) addi sp, zero, 0x0
x2 <- 0x0000000000000000
mem[X,0x000000008003CBF4] -> 0x006F
mem[X,0x000000008003CBF6] -> 0x00C0
[7865] [M]: 0x000000008003CBF4 (0x00C0006F) jal zero, 0xc
mem[X,0x000000008003CC00] -> 0x4063
mem[X,0x000000008003CC02] -> 0x08B5
[7866] [M]: 0x000000008003CC00 (0x08B54063) blt a0, a1, 0x80
mem[X,0x000000008003CC04] -> 0x0113
mem[X,0x000000008003CC06] -> 0x0021
[7867] [M]: 0x000000008003CC04 (0x00210113) addi sp, sp, 0x2
x2 <- 0x0000000000000002
mem[X,0x000000008003CC08] -> 0x006F
mem[X,0x000000008003CC0A] -> 0x0800
[7868] [M]: 0x000000008003CC08 (0x0800006F) jal zero, 0x80
mem[X,0x000000008003CC88] -> 0xB023
mem[X,0x000000008003CC8A] -> 0x7020
[7869] [M]: 0x000000008003CC88 (0x7020B023) sd sp, 0x700(ra)
mem[0x00000000800500D8] <- 0x0000000000000002
mem[X,0x000000008003CC8C] -> 0x5537
mem[X,0x000000008003CC8E] -> 0x5555
[7870] [M]: 0x000000008003CC8C (0x55555537) lui a0, 0x55555
x10 <- 0x0000000055555000
mem[X,0x000000008003CC90] -> 0x0513
mem[X,0x000000008003CC92] -> 0x5555
[7871] [M]: 0x000000008003CC90 (0x55550513) addi a0, a0, 0x555
x10 <- 0x0000000055555555
mem[X,0x000000008003CC94] -> 0x1513
mem[X,0x000000008003CC96] -> 0x00B5
[7872] [M]: 0x000000008003CC94 (0x00B51513) slli a0, a0, 0xb
x10 <- 0x000002AAAAAAA800
mem[X,0x000000008003CC98] -> 0x0513
mem[X,0x000000008003CC9A] -> 0x2AA5
[7873] [M]: 0x000000008003CC98 (0x2AA50513) addi a0, a0, 0x2aa
x10 <- 0x000002AAAAAAAAAA
mem[X,0x000000008003CC9C] -> 0x1513
mem[X,0x000000008003CC9E] -> 0x00B5
[7874] [M]: 0x000000008003CC9C (0x00B51513) slli a0, a0, 0xb
x10 <- 0x0015555555555000
mem[X,0x000000008003CCA0] -> 0x0513
mem[X,0x000000008003CCA2] -> 0x5555
[7875] [M]: 0x000000008003CCA0 (0x55550513) addi a0, a0, 0x555
x10 <- 0x0015555555555555
mem[X,0x000000008003CCA4] -> 0x1513
mem[X,0x000000008003CCA6] -> 0x00A5
[7876] [M]: 0x000000008003CCA4 (0x00A51513) slli a0, a0, 0xa
x10 <- 0x5555555555555400
mem[X,0x000000008003CCA8] -> 0x0513
mem[X,0x000000008003CCAA] -> 0x1565
[7877] [M]: 0x000000008003CCA8 (0x15650513) addi a0, a0, 0x156
x10 <- 0x5555555555555556
mem[X,0x000000008003CCAC] -> 0x55B7
mem[X,0x000000008003CCAE] -> 0x5555
[7878] [M]: 0x000000008003CCAC (0x555555B7) lui a1, 0x55555
x11 <- 0x0000000055555000
mem[X,0x000000008003CCB0] -> 0x8593
mem[X,0x000000008003CCB2] -> 0x5555
[7879] [M]: 0x000000008003CCB0 (0x55558593) addi a1, a1, 0x555
x11 <- 0x0000000055555555
mem[X,0x000000008003CCB4] -> 0x9593
mem[X,0x000000008003CCB6] -> 0x00B5
[7880] [M]: 0x000000008003CCB4 (0x00B59593) slli a1, a1, 0xb
x11 <- 0x000002AAAAAAA800
mem[X,0x000000008003CCB8] -> 0x8593
mem[X,0x000000008003CCBA] -> 0x2AA5
[7881] [M]: 0x000000008003CCB8 (0x2AA58593) addi a1, a1, 0x2aa
x11 <- 0x000002AAAAAAAAAA
mem[X,0x000000008003CCBC] -> 0x9593
mem[X,0x000000008003CCBE] -> 0x00B5
[7882] [M]: 0x000000008003CCBC (0x00B59593) slli a1, a1, 0xb
x11 <- 0x0015555555555000
mem[X,0x000000008003CCC0] -> 0x8593
mem[X,0x000000008003CCC2] -> 0x5555
[7883] [M]: 0x000000008003CCC0 (0x55558593) addi a1, a1, 0x555
x11 <- 0x0015555555555555
mem[X,0x000000008003CCC4] -> 0x9593
mem[X,0x000000008003CCC6] -> 0x00A5
[7884] [M]: 0x000000008003CCC4 (0x00A59593) slli a1, a1, 0xa
x11 <- 0x5555555555555400
mem[X,0x000000008003CCC8] -> 0x8593
mem[X,0x000000008003CCCA] -> 0x1555
[7885] [M]: 0x000000008003CCC8 (0x15558593) addi a1, a1, 0x155
x11 <- 0x5555555555555555
mem[X,0x000000008003CCCC] -> 0x0113
mem[X,0x000000008003CCCE] -> 0x0000
[7886] [M]: 0x000000008003CCCC (0x00000113) addi sp, zero, 0x0
x2 <- 0x0000000000000000
mem[X,0x000000008003CCD0] -> 0x006F
mem[X,0x000000008003CCD2] -> 0x00C0
[7887] [M]: 0x000000008003CCD0 (0x00C0006F) jal zero, 0xc
mem[X,0x000000008003CCDC] -> 0x4063
mem[X,0x000000008003CCDE] -> 0x04B5
[7888] [M]: 0x000000008003CCDC (0x04B54063) blt a0, a1, 0x40
mem[X,0x000000008003CCE0] -> 0x0113
mem[X,0x000000008003CCE2] -> 0x0021
[7889] [M]: 0x000000008003CCE0 (0x00210113) addi sp, sp, 0x2
x2 <- 0x0000000000000002
mem[X,0x000000008003CCE4] -> 0x006F
mem[X,0x000000008003CCE6] -> 0x0400
[7890] [M]: 0x000000008003CCE4 (0x0400006F) jal zero, 0x40
mem[X,0x000000008003CD24] -> 0xB423
mem[X,0x000000008003CD26] -> 0x7020
[7891] [M]: 0x000000008003CD24 (0x7020B423) sd sp, 0x708(ra)
mem[0x00000000800500E0] <- 0x0000000000000002
mem[X,0x000000008003CD28] -> 0x5537
mem[X,0x000000008003CD2A] -> 0x5555
[7892] [M]: 0x000000008003CD28 (0x55555537) lui a0, 0x55555
x10 <- 0x0000000055555000
mem[X,0x000000008003CD2C] -> 0x0513
mem[X,0x000000008003CD2E] -> 0x5555
[7893] [M]: 0x000000008003CD2C (0x55550513) addi a0, a0, 0x555
x10 <- 0x0000000055555555
mem[X,0x000000008003CD30] -> 0x1513
mem[X,0x000000008003CD32] -> 0x00B5
[7894] [M]: 0x000000008003CD30 (0x00B51513) slli a0, a0, 0xb
x10 <- 0x000002AAAAAAA800
mem[X,0x000000008003CD34] -> 0x0513
mem[X,0x000000008003CD36] -> 0x2AA5
[7895] [M]: 0x000000008003CD34 (0x2AA50513) addi a0, a0, 0x2aa
x10 <- 0x000002AAAAAAAAAA
mem[X,0x000000008003CD38] -> 0x1513
mem[X,0x000000008003CD3A] -> 0x00B5
[7896] [M]: 0x000000008003CD38 (0x00B51513) slli a0, a0, 0xb
x10 <- 0x0015555555555000
mem[X,0x000000008003CD3C] -> 0x0513
mem[X,0x000000008003CD3E] -> 0x5555
[7897] [M]: 0x000000008003CD3C (0x55550513) addi a0, a0, 0x555
x10 <- 0x0015555555555555
mem[X,0x000000008003CD40] -> 0x1513
mem[X,0x000000008003CD42] -> 0x00A5
[7898] [M]: 0x000000008003CD40 (0x00A51513) slli a0, a0, 0xa
x10 <- 0x5555555555555400
mem[X,0x000000008003CD44] -> 0x0513
mem[X,0x000000008003CD46] -> 0x1565
[7899] [M]: 0x000000008003CD44 (0x15650513) addi a0, a0, 0x156
x10 <- 0x5555555555555556
clint::tick mtime <- 0x000000000000004F
 clint timer pending at mtime 0x000000000000004F
htif::tick 0x0000000000000000
mem[X,0x000000008003CD48] -> 0xB5B7
mem[X,0x000000008003CD4A] -> 0xAAAA
[7900] [M]: 0x000000008003CD48 (0xAAAAB5B7) lui a1, -0x55555
x11 <- 0xFFFFFFFFAAAAB000
mem[X,0x000000008003CD4C] -> 0x8593
mem[X,0x000000008003CD4E] -> 0xAAA5
[7901] [M]: 0x000000008003CD4C (0xAAA58593) addi a1, a1, -0x556
x11 <- 0xFFFFFFFFAAAAAAAA
mem[X,0x000000008003CD50] -> 0x9593
mem[X,0x000000008003CD52] -> 0x00B5
[7902] [M]: 0x000000008003CD50 (0x00B59593) slli a1, a1, 0xb
x11 <- 0xFFFFFD5555555000
mem[X,0x000000008003CD54] -> 0x8593
mem[X,0x000000008003CD56] -> 0x5555
[7903] [M]: 0x000000008003CD54 (0x55558593) addi a1, a1, 0x555
x11 <- 0xFFFFFD5555555555
mem[X,0x000000008003CD58] -> 0x9593
mem[X,0x000000008003CD5A] -> 0x00B5
[7904] [M]: 0x000000008003CD58 (0x00B59593) slli a1, a1, 0xb
x11 <- 0xFFEAAAAAAAAAA800
mem[X,0x000000008003CD5C] -> 0x8593
mem[X,0x000000008003CD5E] -> 0x2AA5
[7905] [M]: 0x000000008003CD5C (0x2AA58593) addi a1, a1, 0x2aa
x11 <- 0xFFEAAAAAAAAAAAAA
mem[X,0x000000008003CD60] -> 0x9593
mem[X,0x000000008003CD62] -> 0x00A5
[7906] [M]: 0x000000008003CD60 (0x00A59593) slli a1, a1, 0xa
x11 <- 0xAAAAAAAAAAAAA800
mem[X,0x000000008003CD64] -> 0x8593
mem[X,0x000000008003CD66] -> 0x2AA5
[7907] [M]: 0x000000008003CD64 (0x2AA58593) addi a1, a1, 0x2aa
x11 <- 0xAAAAAAAAAAAAAAAA
mem[X,0x000000008003CD68] -> 0x0113
mem[X,0x000000008003CD6A] -> 0x0000
[7908] [M]: 0x000000008003CD68 (0x00000113) addi sp, zero, 0x0
x2 <- 0x0000000000000000
mem[X,0x000000008003CD6C] -> 0x006F
mem[X,0x000000008003CD6E] -> 0x0050
[7909] [M]: 0x000000008003CD6C (0x0050006F) jal zero, 0x804
mem[X,0x000000008003D570] -> 0x40E3
mem[X,0x000000008003D572] -> 0x80B5
[7910] [M]: 0x000000008003D570 (0x80B540E3) blt a0, a1, -0x800
mem[X,0x000000008003D574] -> 0x0113
mem[X,0x000000008003D576] -> 0x0021
[7911] [M]: 0x000000008003D574 (0x00210113) addi sp, sp, 0x2
x2 <- 0x0000000000000002
mem[X,0x000000008003D578] -> 0x006F
mem[X,0x000000008003D57A] -> 0x00C0
[7912] [M]: 0x000000008003D578 (0x00C0006F) jal zero, 0xc
mem[X,0x000000008003D584] -> 0xB823
mem[X,0x000000008003D586] -> 0x7020
[7913] [M]: 0x000000008003D584 (0x7020B823) sd sp, 0x710(ra)
mem[0x00000000800500E8] <- 0x0000000000000002
mem[X,0x000000008003D588] -> 0x5537
mem[X,0x000000008003D58A] -> 0x5555
[7914] [M]: 0x000000008003D588 (0x55555537) lui a0, 0x55555
x10 <- 0x0000000055555000
mem[X,0x000000008003D58C] -> 0x0513
mem[X,0x000000008003D58E] -> 0x5555
[7915] [M]: 0x000000008003D58C (0x55550513) addi a0, a0, 0x555
x10 <- 0x0000000055555555
mem[X,0x000000008003D590] -> 0x1513
mem[X,0x000000008003D592] -> 0x00B5
[7916] [M]: 0x000000008003D590 (0x00B51513) slli a0, a0, 0xb
x10 <- 0x000002AAAAAAA800
mem[X,0x000000008003D594] -> 0x0513
mem[X,0x000000008003D596] -> 0x2AA5
[7917] [M]: 0x000000008003D594 (0x2AA50513) addi a0, a0, 0x2aa
x10 <- 0x000002AAAAAAAAAA
mem[X,0x000000008003D598] -> 0x1513
mem[X,0x000000008003D59A] -> 0x00B5
[7918] [M]: 0x000000008003D598 (0x00B51513) slli a0, a0, 0xb
x10 <- 0x0015555555555000
mem[X,0x000000008003D59C] -> 0x0513
mem[X,0x000000008003D59E] -> 0x5555
[7919] [M]: 0x000000008003D59C (0x55550513) addi a0, a0, 0x555
x10 <- 0x0015555555555555
mem[X,0x000000008003D5A0] -> 0x1513
mem[X,0x000000008003D5A2] -> 0x00A5
[7920] [M]: 0x000000008003D5A0 (0x00A51513) slli a0, a0, 0xa
x10 <- 0x5555555555555400
mem[X,0x000000008003D5A4] -> 0x0513
mem[X,0x000000008003D5A6] -> 0x1565
[7921] [M]: 0x000000008003D5A4 (0x15650513) addi a0, a0, 0x156
x10 <- 0x5555555555555556
mem[X,0x000000008003D5A8] -> 0x0593
mem[X,0x000000008003D5AA] -> 0x0050
[7922] [M]: 0x000000008003D5A8 (0x00500593) addi a1, zero, 0x5
x11 <- 0x0000000000000005
mem[X,0x000000008003D5AC] -> 0x0113
mem[X,0x000000008003D5AE] -> 0x0000
[7923] [M]: 0x000000008003D5AC (0x00000113) addi sp, zero, 0x0
x2 <- 0x0000000000000000
mem[X,0x000000008003D5B0] -> 0x006F
mem[X,0x000000008003D5B2] -> 0x00C0
[7924] [M]: 0x000000008003D5B0 (0x00C0006F) jal zero, 0xc
mem[X,0x000000008003D5BC] -> 0x4663
mem[X,0x000000008003D5BE] -> 0x00B5
[7925] [M]: 0x000000008003D5BC (0x00B54663) blt a0, a1, 0xc
mem[X,0x000000008003D5C0] -> 0x0113
mem[X,0x000000008003D5C2] -> 0x0021
[7926] [M]: 0x000000008003D5C0 (0x00210113) addi sp, sp, 0x2
x2 <- 0x0000000000000002
mem[X,0x000000008003D5C4] -> 0x006F
mem[X,0x000000008003D5C6] -> 0x00C0
[7927] [M]: 0x000000008003D5C4 (0x00C0006F) jal zero, 0xc
mem[X,0x000000008003D5D0] -> 0xBC23
mem[X,0x000000008003D5D2] -> 0x7020
[7928] [M]: 0x000000008003D5D0 (0x7020BC23) sd sp, 0x718(ra)
mem[0x00000000800500F0] <- 0x0000000000000002
mem[X,0x000000008003D5D4] -> 0x5537
mem[X,0x000000008003D5D6] -> 0x5555
[7929] [M]: 0x000000008003D5D4 (0x55555537) lui a0, 0x55555
x10 <- 0x0000000055555000
mem[X,0x000000008003D5D8] -> 0x0513
mem[X,0x000000008003D5DA] -> 0x5555
[7930] [M]: 0x000000008003D5D8 (0x55550513) addi a0, a0, 0x555
x10 <- 0x0000000055555555
mem[X,0x000000008003D5DC] -> 0x1513
mem[X,0x000000008003D5DE] -> 0x00B5
[7931] [M]: 0x000000008003D5DC (0x00B51513) slli a0, a0, 0xb
x10 <- 0x000002AAAAAAA800
mem[X,0x000000008003D5E0] -> 0x0513
mem[X,0x000000008003D5E2] -> 0x2AA5
[7932] [M]: 0x000000008003D5E0 (0x2AA50513) addi a0, a0, 0x2aa
x10 <- 0x000002AAAAAAAAAA
mem[X,0x000000008003D5E4] -> 0x1513
mem[X,0x000000008003D5E6] -> 0x00B5
[7933] [M]: 0x000000008003D5E4 (0x00B51513) slli a0, a0, 0xb
x10 <- 0x0015555555555000
mem[X,0x000000008003D5E8] -> 0x0513
mem[X,0x000000008003D5EA] -> 0x5555
[7934] [M]: 0x000000008003D5E8 (0x55550513) addi a0, a0, 0x555
x10 <- 0x0015555555555555
mem[X,0x000000008003D5EC] -> 0x1513
mem[X,0x000000008003D5EE] -> 0x00A5
[7935] [M]: 0x000000008003D5EC (0x00A51513) slli a0, a0, 0xa
x10 <- 0x5555555555555400
mem[X,0x000000008003D5F0] -> 0x0513
mem[X,0x000000008003D5F2] -> 0x1565
[7936] [M]: 0x000000008003D5F0 (0x15650513) addi a0, a0, 0x156
x10 <- 0x5555555555555556
mem[X,0x000000008003D5F4] -> 0x35B7
mem[X,0x000000008003D5F6] -> 0x3333
[7937] [M]: 0x000000008003D5F4 (0x333335B7) lui a1, 0x33333
x11 <- 0x0000000033333000
mem[X,0x000000008003D5F8] -> 0x8593
mem[X,0x000000008003D5FA] -> 0x3335
[7938] [M]: 0x000000008003D5F8 (0x33358593) addi a1, a1, 0x333
x11 <- 0x0000000033333333
mem[X,0x000000008003D5FC] -> 0x9593
mem[X,0x000000008003D5FE] -> 0x00B5
[7939] [M]: 0x000000008003D5FC (0x00B59593) slli a1, a1, 0xb
x11 <- 0x0000019999999800
mem[X,0x000000008003D600] -> 0x8593
mem[X,0x000000008003D602] -> 0x1995
[7940] [M]: 0x000000008003D600 (0x19958593) addi a1, a1, 0x199
x11 <- 0x0000019999999999
mem[X,0x000000008003D604] -> 0x9593
mem[X,0x000000008003D606] -> 0x00B5
[7941] [M]: 0x000000008003D604 (0x00B59593) slli a1, a1, 0xb
x11 <- 0x000CCCCCCCCCC800
mem[X,0x000000008003D608] -> 0x8593
mem[X,0x000000008003D60A] -> 0x4CC5
[7942] [M]: 0x000000008003D608 (0x4CC58593) addi a1, a1, 0x4cc
x11 <- 0x000CCCCCCCCCCCCC
mem[X,0x000000008003D60C] -> 0x9593
mem[X,0x000000008003D60E] -> 0x00A5
[7943] [M]: 0x000000008003D60C (0x00A59593) slli a1, a1, 0xa
x11 <- 0x3333333333333000
mem[X,0x000000008003D610] -> 0x8593
mem[X,0x000000008003D612] -> 0x3335
[7944] [M]: 0x000000008003D610 (0x33358593) addi a1, a1, 0x333
x11 <- 0x3333333333333333
mem[X,0x000000008003D614] -> 0x0113
mem[X,0x000000008003D616] -> 0x0000
[7945] [M]: 0x000000008003D614 (0x00000113) addi sp, zero, 0x0
x2 <- 0x0000000000000000
mem[X,0x000000008003D618] -> 0x006F
mem[X,0x000000008003D61A] -> 0x00C0
[7946] [M]: 0x000000008003D618 (0x00C0006F) jal zero, 0xc
mem[X,0x000000008003D624] -> 0x4CE3
mem[X,0x000000008003D626] -> 0xFEB5
[7947] [M]: 0x000000008003D624 (0xFEB54CE3) blt a0, a1, -0x8
mem[X,0x000000008003D628] -> 0x0113
mem[X,0x000000008003D62A] -> 0x0021
[7948] [M]: 0x000000008003D628 (0x00210113) addi sp, sp, 0x2
x2 <- 0x0000000000000002
mem[X,0x000000008003D62C] -> 0x006F
mem[X,0x000000008003D62E] -> 0x00C0
[7949] [M]: 0x000000008003D62C (0x00C0006F) jal zero, 0xc
mem[X,0x000000008003D638] -> 0xB023
mem[X,0x000000008003D63A] -> 0x7220
[7950] [M]: 0x000000008003D638 (0x7220B023) sd sp, 0x720(ra)
mem[0x00000000800500F8] <- 0x0000000000000002
mem[X,0x000000008003D63C] -> 0x5537
mem[X,0x000000008003D63E] -> 0x5555
[7951] [M]: 0x000000008003D63C (0x55555537) lui a0, 0x55555
x10 <- 0x0000000055555000
mem[X,0x000000008003D640] -> 0x0513
mem[X,0x000000008003D642] -> 0x5555
[7952] [M]: 0x000000008003D640 (0x55550513) addi a0, a0, 0x555
x10 <- 0x0000000055555555
mem[X,0x000000008003D644] -> 0x1513
mem[X,0x000000008003D646] -> 0x00B5
[7953] [M]: 0x000000008003D644 (0x00B51513) slli a0, a0, 0xb
x10 <- 0x000002AAAAAAA800
mem[X,0x000000008003D648] -> 0x0513
mem[X,0x000000008003D64A] -> 0x2AA5
[7954] [M]: 0x000000008003D648 (0x2AA50513) addi a0, a0, 0x2aa
x10 <- 0x000002AAAAAAAAAA
mem[X,0x000000008003D64C] -> 0x1513
mem[X,0x000000008003D64E] -> 0x00B5
[7955] [M]: 0x000000008003D64C (0x00B51513) slli a0, a0, 0xb
x10 <- 0x0015555555555000
mem[X,0x000000008003D650] -> 0x0513
mem[X,0x000000008003D652] -> 0x5555
[7956] [M]: 0x000000008003D650 (0x55550513) addi a0, a0, 0x555
x10 <- 0x0015555555555555
mem[X,0x000000008003D654] -> 0x1513
mem[X,0x000000008003D656] -> 0x00A5
[7957] [M]: 0x000000008003D654 (0x00A51513) slli a0, a0, 0xa
x10 <- 0x5555555555555400
mem[X,0x000000008003D658] -> 0x0513
mem[X,0x000000008003D65A] -> 0x1565
[7958] [M]: 0x000000008003D658 (0x15650513) addi a0, a0, 0x156
x10 <- 0x5555555555555556
mem[X,0x000000008003D65C] -> 0x65B7
mem[X,0x000000008003D65E] -> 0x6666
[7959] [M]: 0x000000008003D65C (0x666665B7) lui a1, 0x66666
x11 <- 0x0000000066666000
mem[X,0x000000008003D660] -> 0x8593
mem[X,0x000000008003D662] -> 0x6665
[7960] [M]: 0x000000008003D660 (0x66658593) addi a1, a1, 0x666
x11 <- 0x0000000066666666
mem[X,0x000000008003D664] -> 0x9593
mem[X,0x000000008003D666] -> 0x00B5
[7961] [M]: 0x000000008003D664 (0x00B59593) slli a1, a1, 0xb
x11 <- 0x0000033333333000
mem[X,0x000000008003D668] -> 0x8593
mem[X,0x000000008003D66A] -> 0x3335
[7962] [M]: 0x000000008003D668 (0x33358593) addi a1, a1, 0x333
x11 <- 0x0000033333333333
mem[X,0x000000008003D66C] -> 0x9593
mem[X,0x000000008003D66E] -> 0x00B5
[7963] [M]: 0x000000008003D66C (0x00B59593) slli a1, a1, 0xb
x11 <- 0x0019999999999800
mem[X,0x000000008003D670] -> 0x8593
mem[X,0x000000008003D672] -> 0x1995
[7964] [M]: 0x000000008003D670 (0x19958593) addi a1, a1, 0x199
x11 <- 0x0019999999999999
mem[X,0x000000008003D674] -> 0x9593
mem[X,0x000000008003D676] -> 0x00A5
[7965] [M]: 0x000000008003D674 (0x00A59593) slli a1, a1, 0xa
x11 <- 0x6666666666666400
mem[X,0x000000008003D678] -> 0x8593
mem[X,0x000000008003D67A] -> 0x2665
[7966] [M]: 0x000000008003D678 (0x26658593) addi a1, a1, 0x266
x11 <- 0x6666666666666666
mem[X,0x000000008003D67C] -> 0x0113
mem[X,0x000000008003D67E] -> 0x0000
[7967] [M]: 0x000000008003D67C (0x00000113) addi sp, zero, 0x0
x2 <- 0x0000000000000000
mem[X,0x000000008003D680] -> 0x006F
mem[X,0x000000008003D682] -> 0x00C0
[7968] [M]: 0x000000008003D680 (0x00C0006F) jal zero, 0xc
mem[X,0x000000008003D68C] -> 0x4CE3
mem[X,0x000000008003D68E] -> 0xFEB5
[7969] [M]: 0x000000008003D68C (0xFEB54CE3) blt a0, a1, -0x8
mem[X,0x000000008003D684] -> 0x0113
mem[X,0x000000008003D686] -> 0x0011
[7970] [M]: 0x000000008003D684 (0x00110113) addi sp, sp, 0x1
x2 <- 0x0000000000000001
mem[X,0x000000008003D688] -> 0x006F
mem[X,0x000000008003D68A] -> 0x0180
[7971] [M]: 0x000000008003D688 (0x0180006F) jal zero, 0x18
mem[X,0x000000008003D6A0] -> 0xB423
mem[X,0x000000008003D6A2] -> 0x7220
[7972] [M]: 0x000000008003D6A0 (0x7220B423) sd sp, 0x728(ra)
mem[0x0000000080050100] <- 0x0000000000000001
mem[X,0x000000008003D6A4] -> 0x5537
mem[X,0x000000008003D6A6] -> 0x5555
[7973] [M]: 0x000000008003D6A4 (0x55555537) lui a0, 0x55555
x10 <- 0x0000000055555000
mem[X,0x000000008003D6A8] -> 0x0513
mem[X,0x000000008003D6AA] -> 0x5555
[7974] [M]: 0x000000008003D6A8 (0x55550513) addi a0, a0, 0x555
x10 <- 0x0000000055555555
mem[X,0x000000008003D6AC] -> 0x1513
mem[X,0x000000008003D6AE] -> 0x00B5
[7975] [M]: 0x000000008003D6AC (0x00B51513) slli a0, a0, 0xb
x10 <- 0x000002AAAAAAA800
mem[X,0x000000008003D6B0] -> 0x0513
mem[X,0x000000008003D6B2] -> 0x2AA5
[7976] [M]: 0x000000008003D6B0 (0x2AA50513) addi a0, a0, 0x2aa
x10 <- 0x000002AAAAAAAAAA
mem[X,0x000000008003D6B4] -> 0x1513
mem[X,0x000000008003D6B6] -> 0x00B5
[7977] [M]: 0x000000008003D6B4 (0x00B51513) slli a0, a0, 0xb
x10 <- 0x0015555555555000
mem[X,0x000000008003D6B8] -> 0x0513
mem[X,0x000000008003D6BA] -> 0x5555
[7978] [M]: 0x000000008003D6B8 (0x55550513) addi a0, a0, 0x555
x10 <- 0x0015555555555555
mem[X,0x000000008003D6BC] -> 0x1513
mem[X,0x000000008003D6BE] -> 0x00A5
[7979] [M]: 0x000000008003D6BC (0x00A51513) slli a0, a0, 0xa
x10 <- 0x5555555555555400
mem[X,0x000000008003D6C0] -> 0x0513
mem[X,0x000000008003D6C2] -> 0x1565
[7980] [M]: 0x000000008003D6C0 (0x15650513) addi a0, a0, 0x156
x10 <- 0x5555555555555556
mem[X,0x000000008003D6C4] -> 0x05B7
mem[X,0x000000008003D6C6] -> 0x0000
[7981] [M]: 0x000000008003D6C4 (0x000005B7) lui a1, 0x0
x11 <- 0x0000000000000000
mem[X,0x000000008003D6C8] -> 0x8593
mem[X,0x000000008003D6CA] -> 0xFFF5
[7982] [M]: 0x000000008003D6C8 (0xFFF58593) addi a1, a1, -0x1
x11 <- 0xFFFFFFFFFFFFFFFF
mem[X,0x000000008003D6CC] -> 0x9593
mem[X,0x000000008003D6CE] -> 0x00B5
[7983] [M]: 0x000000008003D6CC (0x00B59593) slli a1, a1, 0xb
x11 <- 0xFFFFFFFFFFFFF800
mem[X,0x000000008003D6D0] -> 0x8593
mem[X,0x000000008003D6D2] -> 0x2575
[7984] [M]: 0x000000008003D6D0 (0x25758593) addi a1, a1, 0x257
x11 <- 0xFFFFFFFFFFFFFA57
mem[X,0x000000008003D6D4] -> 0x9593
mem[X,0x000000008003D6D6] -> 0x00B5
[7985] [M]: 0x000000008003D6D4 (0x00B59593) slli a1, a1, 0xb
x11 <- 0xFFFFFFFFFFD2B800
mem[X,0x000000008003D6D8] -> 0x8593
mem[X,0x000000008003D6DA] -> 0x6C35
[7986] [M]: 0x000000008003D6D8 (0x6C358593) addi a1, a1, 0x6c3
x11 <- 0xFFFFFFFFFFD2BEC3
mem[X,0x000000008003D6DC] -> 0x9593
mem[X,0x000000008003D6DE] -> 0x00A5
[7987] [M]: 0x000000008003D6DC (0x00A59593) slli a1, a1, 0xa
x11 <- 0xFFFFFFFF4AFB0C00
mem[X,0x000000008003D6E0] -> 0x8593
mem[X,0x000000008003D6E2] -> 0x0CD5
[7988] [M]: 0x000000008003D6E0 (0x0CD58593) addi a1, a1, 0xcd
x11 <- 0xFFFFFFFF4AFB0CCD
mem[X,0x000000008003D6E4] -> 0x0113
mem[X,0x000000008003D6E6] -> 0x0000
[7989] [M]: 0x000000008003D6E4 (0x00000113) addi sp, zero, 0x0
x2 <- 0x0000000000000000
mem[X,0x000000008003D6E8] -> 0x006F
mem[X,0x000000008003D6EA] -> 0x00C0
[7990] [M]: 0x000000008003D6E8 (0x00C0006F) jal zero, 0xc
mem[X,0x000000008003D6F4] -> 0x4063
mem[X,0x000000008003D6F6] -> 0x10B5
[7991] [M]: 0x000000008003D6F4 (0x10B54063) blt a0, a1, 0x100
mem[X,0x000000008003D6F8] -> 0x0113
mem[X,0x000000008003D6FA] -> 0x0021
[7992] [M]: 0x000000008003D6F8 (0x00210113) addi sp, sp, 0x2
x2 <- 0x0000000000000002
mem[X,0x000000008003D6FC] -> 0x006F
mem[X,0x000000008003D6FE] -> 0x1000
[7993] [M]: 0x000000008003D6FC (0x1000006F) jal zero, 0x100
mem[X,0x000000008003D7FC] -> 0xB823
mem[X,0x000000008003D7FE] -> 0x7220
[7994] [M]: 0x000000008003D7FC (0x7220B823) sd sp, 0x730(ra)
mem[0x0000000080050108] <- 0x0000000000000002
mem[X,0x000000008003D800] -> 0x5537
mem[X,0x000000008003D802] -> 0x5555
[7995] [M]: 0x000000008003D800 (0x55555537) lui a0, 0x55555
x10 <- 0x0000000055555000
mem[X,0x000000008003D804] -> 0x0513
mem[X,0x000000008003D806] -> 0x5555
[7996] [M]: 0x000000008003D804 (0x55550513) addi a0, a0, 0x555
x10 <- 0x0000000055555555
mem[X,0x000000008003D808] -> 0x1513
mem[X,0x000000008003D80A] -> 0x00B5
[7997] [M]: 0x000000008003D808 (0x00B51513) slli a0, a0, 0xb
x10 <- 0x000002AAAAAAA800
mem[X,0x000000008003D80C] -> 0x0513
mem[X,0x000000008003D80E] -> 0x2AA5
[7998] [M]: 0x000000008003D80C (0x2AA50513) addi a0, a0, 0x2aa
x10 <- 0x000002AAAAAAAAAA
mem[X,0x000000008003D810] -> 0x1513
mem[X,0x000000008003D812] -> 0x00B5
[7999] [M]: 0x000000008003D810 (0x00B51513) slli a0, a0, 0xb
x10 <- 0x0015555555555000
clint::tick mtime <- 0x0000000000000050
 clint timer pending at mtime 0x0000000000000050
htif::tick 0x0000000000000000
mem[X,0x000000008003D814] -> 0x0513
mem[X,0x000000008003D816] -> 0x5555
[8000] [M]: 0x000000008003D814 (0x55550513) addi a0, a0, 0x555
x10 <- 0x0015555555555555
mem[X,0x000000008003D818] -> 0x1513
mem[X,0x000000008003D81A] -> 0x00A5
[8001] [M]: 0x000000008003D818 (0x00A51513) slli a0, a0, 0xa
x10 <- 0x5555555555555400
mem[X,0x000000008003D81C] -> 0x0513
mem[X,0x000000008003D81E] -> 0x1565
[8002] [M]: 0x000000008003D81C (0x15650513) addi a0, a0, 0x156
x10 <- 0x5555555555555556
mem[X,0x000000008003D820] -> 0x05B7
mem[X,0x000000008003D822] -> 0x0000
[8003] [M]: 0x000000008003D820 (0x000005B7) lui a1, 0x0
x11 <- 0x0000000000000000
mem[X,0x000000008003D824] -> 0x8593
mem[X,0x000000008003D826] -> 0x0005
[8004] [M]: 0x000000008003D824 (0x00058593) addi a1, a1, 0x0
x11 <- 0x0000000000000000
mem[X,0x000000008003D828] -> 0x9593
mem[X,0x000000008003D82A] -> 0x00B5
[8005] [M]: 0x000000008003D828 (0x00B59593) slli a1, a1, 0xb
x11 <- 0x0000000000000000
mem[X,0x000000008003D82C] -> 0x8593
mem[X,0x000000008003D82E] -> 0x5A85
[8006] [M]: 0x000000008003D82C (0x5A858593) addi a1, a1, 0x5a8
x11 <- 0x00000000000005A8
mem[X,0x000000008003D830] -> 0x9593
mem[X,0x000000008003D832] -> 0x00B5
[8007] [M]: 0x000000008003D830 (0x00B59593) slli a1, a1, 0xb
x11 <- 0x00000000002D4000
mem[X,0x000000008003D834] -> 0x8593
mem[X,0x000000008003D836] -> 0x13C5
[8008] [M]: 0x000000008003D834 (0x13C58593) addi a1, a1, 0x13c
x11 <- 0x00000000002D413C
mem[X,0x000000008003D838] -> 0x9593
mem[X,0x000000008003D83A] -> 0x00A5
[8009] [M]: 0x000000008003D838 (0x00A59593) slli a1, a1, 0xa
x11 <- 0x00000000B504F000
mem[X,0x000000008003D83C] -> 0x8593
mem[X,0x000000008003D83E] -> 0x3335
[8010] [M]: 0x000000008003D83C (0x33358593) addi a1, a1, 0x333
x11 <- 0x00000000B504F333
mem[X,0x000000008003D840] -> 0x0113
mem[X,0x000000008003D842] -> 0x0000
[8011] [M]: 0x000000008003D840 (0x00000113) addi sp, zero, 0x0
x2 <- 0x0000000000000000
mem[X,0x000000008003D844] -> 0x006F
mem[X,0x000000008003D846] -> 0x00C0
[8012] [M]: 0x000000008003D844 (0x00C0006F) jal zero, 0xc
mem[X,0x000000008003D850] -> 0x4063
mem[X,0x000000008003D852] -> 0x10B5
[8013] [M]: 0x000000008003D850 (0x10B54063) blt a0, a1, 0x100
mem[X,0x000000008003D854] -> 0x0113
mem[X,0x000000008003D856] -> 0x0021
[8014] [M]: 0x000000008003D854 (0x00210113) addi sp, sp, 0x2
x2 <- 0x0000000000000002
mem[X,0x000000008003D858] -> 0x006F
mem[X,0x000000008003D85A] -> 0x1000
[8015] [M]: 0x000000008003D858 (0x1000006F) jal zero, 0x100
mem[X,0x000000008003D958] -> 0xBC23
mem[X,0x000000008003D95A] -> 0x7220
[8016] [M]: 0x000000008003D958 (0x7220BC23) sd sp, 0x738(ra)
mem[0x0000000080050110] <- 0x0000000000000002
mem[X,0x000000008003D95C] -> 0x5537
mem[X,0x000000008003D95E] -> 0x5555
[8017] [M]: 0x000000008003D95C (0x55555537) lui a0, 0x55555
x10 <- 0x0000000055555000
mem[X,0x000000008003D960] -> 0x0513
mem[X,0x000000008003D962] -> 0x5555
[8018] [M]: 0x000000008003D960 (0x55550513) addi a0, a0, 0x555
x10 <- 0x0000000055555555
mem[X,0x000000008003D964] -> 0x1513
mem[X,0x000000008003D966] -> 0x00B5
[8019] [M]: 0x000000008003D964 (0x00B51513) slli a0, a0, 0xb
x10 <- 0x000002AAAAAAA800
mem[X,0x000000008003D968] -> 0x0513
mem[X,0x000000008003D96A] -> 0x2AA5
[8020] [M]: 0x000000008003D968 (0x2AA50513) addi a0, a0, 0x2aa
x10 <- 0x000002AAAAAAAAAA
mem[X,0x000000008003D96C] -> 0x1513
mem[X,0x000000008003D96E] -> 0x00B5
[8021] [M]: 0x000000008003D96C (0x00B51513) slli a0, a0, 0xb
x10 <- 0x0015555555555000
mem[X,0x000000008003D970] -> 0x0513
mem[X,0x000000008003D972] -> 0x5555
[8022] [M]: 0x000000008003D970 (0x55550513) addi a0, a0, 0x555
x10 <- 0x0015555555555555
mem[X,0x000000008003D974] -> 0x1513
mem[X,0x000000008003D976] -> 0x00A5
[8023] [M]: 0x000000008003D974 (0x00A51513) slli a0, a0, 0xa
x10 <- 0x5555555555555400
mem[X,0x000000008003D978] -> 0x0513
mem[X,0x000000008003D97A] -> 0x1565
[8024] [M]: 0x000000008003D978 (0x15650513) addi a0, a0, 0x156
x10 <- 0x5555555555555556
mem[X,0x000000008003D97C] -> 0x0593
mem[X,0x000000008003D97E] -> 0x0020
[8025] [M]: 0x000000008003D97C (0x00200593) addi a1, zero, 0x2
x11 <- 0x0000000000000002
mem[X,0x000000008003D980] -> 0x0113
mem[X,0x000000008003D982] -> 0x0000
[8026] [M]: 0x000000008003D980 (0x00000113) addi sp, zero, 0x0
x2 <- 0x0000000000000000
mem[X,0x000000008003D984] -> 0x006F
mem[X,0x000000008003D986] -> 0x0140
[8027] [M]: 0x000000008003D984 (0x0140006F) jal zero, 0x14
mem[X,0x000000008003D998] -> 0x48E3
mem[X,0x000000008003D99A] -> 0xFEB5
[8028] [M]: 0x000000008003D998 (0xFEB548E3) blt a0, a1, -0x10
mem[X,0x000000008003D99C] -> 0x0113
mem[X,0x000000008003D99E] -> 0x0021
[8029] [M]: 0x000000008003D99C (0x00210113) addi sp, sp, 0x2
x2 <- 0x0000000000000002
mem[X,0x000000008003D9A0] -> 0x006F
mem[X,0x000000008003D9A2] -> 0x00C0
[8030] [M]: 0x000000008003D9A0 (0x00C0006F) jal zero, 0xc
mem[X,0x000000008003D9AC] -> 0xB023
mem[X,0x000000008003D9AE] -> 0x7420
[8031] [M]: 0x000000008003D9AC (0x7420B023) sd sp, 0x740(ra)
mem[0x0000000080050118] <- 0x0000000000000002
mem[X,0x000000008003D9B0] -> 0x5537
mem[X,0x000000008003D9B2] -> 0x5555
[8032] [M]: 0x000000008003D9B0 (0x55555537) lui a0, 0x55555
x10 <- 0x0000000055555000
mem[X,0x000000008003D9B4] -> 0x0513
mem[X,0x000000008003D9B6] -> 0x5555
[8033] [M]: 0x000000008003D9B4 (0x55550513) addi a0, a0, 0x555
x10 <- 0x0000000055555555
mem[X,0x000000008003D9B8] -> 0x1513
mem[X,0x000000008003D9BA] -> 0x00B5
[8034] [M]: 0x000000008003D9B8 (0x00B51513) slli a0, a0, 0xb
x10 <- 0x000002AAAAAAA800
mem[X,0x000000008003D9BC] -> 0x0513
mem[X,0x000000008003D9BE] -> 0x2AA5
[8035] [M]: 0x000000008003D9BC (0x2AA50513) addi a0, a0, 0x2aa
x10 <- 0x000002AAAAAAAAAA
mem[X,0x000000008003D9C0] -> 0x1513
mem[X,0x000000008003D9C2] -> 0x00B5
[8036] [M]: 0x000000008003D9C0 (0x00B51513) slli a0, a0, 0xb
x10 <- 0x0015555555555000
mem[X,0x000000008003D9C4] -> 0x0513
mem[X,0x000000008003D9C6] -> 0x5555
[8037] [M]: 0x000000008003D9C4 (0x55550513) addi a0, a0, 0x555
x10 <- 0x0015555555555555
mem[X,0x000000008003D9C8] -> 0x1513
mem[X,0x000000008003D9CA] -> 0x00A5
[8038] [M]: 0x000000008003D9C8 (0x00A51513) slli a0, a0, 0xa
x10 <- 0x5555555555555400
mem[X,0x000000008003D9CC] -> 0x0513
mem[X,0x000000008003D9CE] -> 0x1565
[8039] [M]: 0x000000008003D9CC (0x15650513) addi a0, a0, 0x156
x10 <- 0x5555555555555556
mem[X,0x000000008003D9D0] -> 0x55B7
mem[X,0x000000008003D9D2] -> 0x5555
[8040] [M]: 0x000000008003D9D0 (0x555555B7) lui a1, 0x55555
x11 <- 0x0000000055555000
mem[X,0x000000008003D9D4] -> 0x8593
mem[X,0x000000008003D9D6] -> 0x5555
[8041] [M]: 0x000000008003D9D4 (0x55558593) addi a1, a1, 0x555
x11 <- 0x0000000055555555
mem[X,0x000000008003D9D8] -> 0x9593
mem[X,0x000000008003D9DA] -> 0x00B5
[8042] [M]: 0x000000008003D9D8 (0x00B59593) slli a1, a1, 0xb
x11 <- 0x000002AAAAAAA800
mem[X,0x000000008003D9DC] -> 0x8593
mem[X,0x000000008003D9DE] -> 0x2AA5
[8043] [M]: 0x000000008003D9DC (0x2AA58593) addi a1, a1, 0x2aa
x11 <- 0x000002AAAAAAAAAA
mem[X,0x000000008003D9E0] -> 0x9593
mem[X,0x000000008003D9E2] -> 0x00B5
[8044] [M]: 0x000000008003D9E0 (0x00B59593) slli a1, a1, 0xb
x11 <- 0x0015555555555000
mem[X,0x000000008003D9E4] -> 0x8593
mem[X,0x000000008003D9E6] -> 0x5555
[8045] [M]: 0x000000008003D9E4 (0x55558593) addi a1, a1, 0x555
x11 <- 0x0015555555555555
mem[X,0x000000008003D9E8] -> 0x9593
mem[X,0x000000008003D9EA] -> 0x00A5
[8046] [M]: 0x000000008003D9E8 (0x00A59593) slli a1, a1, 0xa
x11 <- 0x5555555555555400
mem[X,0x000000008003D9EC] -> 0x8593
mem[X,0x000000008003D9EE] -> 0x1545
[8047] [M]: 0x000000008003D9EC (0x15458593) addi a1, a1, 0x154
x11 <- 0x5555555555555554
mem[X,0x000000008003D9F0] -> 0x0113
mem[X,0x000000008003D9F2] -> 0x0000
[8048] [M]: 0x000000008003D9F0 (0x00000113) addi sp, zero, 0x0
x2 <- 0x0000000000000000
mem[X,0x000000008003D9F4] -> 0x006F
mem[X,0x000000008003D9F6] -> 0x00C0
[8049] [M]: 0x000000008003D9F4 (0x00C0006F) jal zero, 0xc
mem[X,0x000000008003DA00] -> 0x4063
mem[X,0x000000008003DA02] -> 0x10B5
[8050] [M]: 0x000000008003DA00 (0x10B54063) blt a0, a1, 0x100
mem[X,0x000000008003DA04] -> 0x0113
mem[X,0x000000008003DA06] -> 0x0021
[8051] [M]: 0x000000008003DA04 (0x00210113) addi sp, sp, 0x2
x2 <- 0x0000000000000002
mem[X,0x000000008003DA08] -> 0x006F
mem[X,0x000000008003DA0A] -> 0x1000
[8052] [M]: 0x000000008003DA08 (0x1000006F) jal zero, 0x100
mem[X,0x000000008003DB08] -> 0xB423
mem[X,0x000000008003DB0A] -> 0x7420
[8053] [M]: 0x000000008003DB08 (0x7420B423) sd sp, 0x748(ra)
mem[0x0000000080050120] <- 0x0000000000000002
mem[X,0x000000008003DB0C] -> 0x5537
mem[X,0x000000008003DB0E] -> 0x5555
[8054] [M]: 0x000000008003DB0C (0x55555537) lui a0, 0x55555
x10 <- 0x0000000055555000
mem[X,0x000000008003DB10] -> 0x0513
mem[X,0x000000008003DB12] -> 0x5555
[8055] [M]: 0x000000008003DB10 (0x55550513) addi a0, a0, 0x555
x10 <- 0x0000000055555555
mem[X,0x000000008003DB14] -> 0x1513
mem[X,0x000000008003DB16] -> 0x00B5
[8056] [M]: 0x000000008003DB14 (0x00B51513) slli a0, a0, 0xb
x10 <- 0x000002AAAAAAA800
mem[X,0x000000008003DB18] -> 0x0513
mem[X,0x000000008003DB1A] -> 0x2AA5
[8057] [M]: 0x000000008003DB18 (0x2AA50513) addi a0, a0, 0x2aa
x10 <- 0x000002AAAAAAAAAA
mem[X,0x000000008003DB1C] -> 0x1513
mem[X,0x000000008003DB1E] -> 0x00B5
[8058] [M]: 0x000000008003DB1C (0x00B51513) slli a0, a0, 0xb
x10 <- 0x0015555555555000
mem[X,0x000000008003DB20] -> 0x0513
mem[X,0x000000008003DB22] -> 0x5555
[8059] [M]: 0x000000008003DB20 (0x55550513) addi a0, a0, 0x555
x10 <- 0x0015555555555555
mem[X,0x000000008003DB24] -> 0x1513
mem[X,0x000000008003DB26] -> 0x00A5
[8060] [M]: 0x000000008003DB24 (0x00A51513) slli a0, a0, 0xa
x10 <- 0x5555555555555400
mem[X,0x000000008003DB28] -> 0x0513
mem[X,0x000000008003DB2A] -> 0x1565
[8061] [M]: 0x000000008003DB28 (0x15650513) addi a0, a0, 0x156
x10 <- 0x5555555555555556
mem[X,0x000000008003DB2C] -> 0x0593
mem[X,0x000000008003DB2E] -> 0x0000
[8062] [M]: 0x000000008003DB2C (0x00000593) addi a1, zero, 0x0
x11 <- 0x0000000000000000
mem[X,0x000000008003DB30] -> 0x0113
mem[X,0x000000008003DB32] -> 0x0000
[8063] [M]: 0x000000008003DB30 (0x00000113) addi sp, zero, 0x0
x2 <- 0x0000000000000000
mem[X,0x000000008003DB34] -> 0x006F
mem[X,0x000000008003DB36] -> 0x00C0
[8064] [M]: 0x000000008003DB34 (0x00C0006F) jal zero, 0xc
mem[X,0x000000008003DB40] -> 0x4063
mem[X,0x000000008003DB42] -> 0x02B5
[8065] [M]: 0x000000008003DB40 (0x02B54063) blt a0, a1, 0x20
mem[X,0x000000008003DB44] -> 0x0113
mem[X,0x000000008003DB46] -> 0x0021
[8066] [M]: 0x000000008003DB44 (0x00210113) addi sp, sp, 0x2
x2 <- 0x0000000000000002
mem[X,0x000000008003DB48] -> 0x006F
mem[X,0x000000008003DB4A] -> 0x0200
[8067] [M]: 0x000000008003DB48 (0x0200006F) jal zero, 0x20
mem[X,0x000000008003DB68] -> 0xB823
mem[X,0x000000008003DB6A] -> 0x7420
[8068] [M]: 0x000000008003DB68 (0x7420B823) sd sp, 0x750(ra)
mem[0x0000000080050128] <- 0x0000000000000002
mem[X,0x000000008003DB6C] -> 0x5537
mem[X,0x000000008003DB6E] -> 0x5555
[8069] [M]: 0x000000008003DB6C (0x55555537) lui a0, 0x55555
x10 <- 0x0000000055555000
mem[X,0x000000008003DB70] -> 0x0513
mem[X,0x000000008003DB72] -> 0x5555
[8070] [M]: 0x000000008003DB70 (0x55550513) addi a0, a0, 0x555
x10 <- 0x0000000055555555
mem[X,0x000000008003DB74] -> 0x1513
mem[X,0x000000008003DB76] -> 0x00B5
[8071] [M]: 0x000000008003DB74 (0x00B51513) slli a0, a0, 0xb
x10 <- 0x000002AAAAAAA800
mem[X,0x000000008003DB78] -> 0x0513
mem[X,0x000000008003DB7A] -> 0x2AA5
[8072] [M]: 0x000000008003DB78 (0x2AA50513) addi a0, a0, 0x2aa
x10 <- 0x000002AAAAAAAAAA
mem[X,0x000000008003DB7C] -> 0x1513
mem[X,0x000000008003DB7E] -> 0x00B5
[8073] [M]: 0x000000008003DB7C (0x00B51513) slli a0, a0, 0xb
x10 <- 0x0015555555555000
mem[X,0x000000008003DB80] -> 0x0513
mem[X,0x000000008003DB82] -> 0x5555
[8074] [M]: 0x000000008003DB80 (0x55550513) addi a0, a0, 0x555
x10 <- 0x0015555555555555
mem[X,0x000000008003DB84] -> 0x1513
mem[X,0x000000008003DB86] -> 0x00A5
[8075] [M]: 0x000000008003DB84 (0x00A51513) slli a0, a0, 0xa
x10 <- 0x5555555555555400
mem[X,0x000000008003DB88] -> 0x0513
mem[X,0x000000008003DB8A] -> 0x1565
[8076] [M]: 0x000000008003DB88 (0x15650513) addi a0, a0, 0x156
x10 <- 0x5555555555555556
mem[X,0x000000008003DB8C] -> 0x0593
mem[X,0x000000008003DB8E] -> 0x0040
[8077] [M]: 0x000000008003DB8C (0x00400593) addi a1, zero, 0x4
x11 <- 0x0000000000000004
mem[X,0x000000008003DB90] -> 0x0113
mem[X,0x000000008003DB92] -> 0x0000
[8078] [M]: 0x000000008003DB90 (0x00000113) addi sp, zero, 0x0
x2 <- 0x0000000000000000
mem[X,0x000000008003DB94] -> 0x006F
mem[X,0x000000008003DB96] -> 0x00C0
[8079] [M]: 0x000000008003DB94 (0x00C0006F) jal zero, 0xc
mem[X,0x000000008003DBA0] -> 0x4063
mem[X,0x000000008003DBA2] -> 0x02B5
[8080] [M]: 0x000000008003DBA0 (0x02B54063) blt a0, a1, 0x20
mem[X,0x000000008003DBA4] -> 0x0113
mem[X,0x000000008003DBA6] -> 0x0021
[8081] [M]: 0x000000008003DBA4 (0x00210113) addi sp, sp, 0x2
x2 <- 0x0000000000000002
mem[X,0x000000008003DBA8] -> 0x006F
mem[X,0x000000008003DBAA] -> 0x0200
[8082] [M]: 0x000000008003DBA8 (0x0200006F) jal zero, 0x20
mem[X,0x000000008003DBC8] -> 0xBC23
mem[X,0x000000008003DBCA] -> 0x7420
[8083] [M]: 0x000000008003DBC8 (0x7420BC23) sd sp, 0x758(ra)
mem[0x0000000080050130] <- 0x0000000000000002
mem[X,0x000000008003DBCC] -> 0x5537
mem[X,0x000000008003DBCE] -> 0x5555
[8084] [M]: 0x000000008003DBCC (0x55555537) lui a0, 0x55555
x10 <- 0x0000000055555000
mem[X,0x000000008003DBD0] -> 0x0513
mem[X,0x000000008003DBD2] -> 0x5555
[8085] [M]: 0x000000008003DBD0 (0x55550513) addi a0, a0, 0x555
x10 <- 0x0000000055555555
mem[X,0x000000008003DBD4] -> 0x1513
mem[X,0x000000008003DBD6] -> 0x00B5
[8086] [M]: 0x000000008003DBD4 (0x00B51513) slli a0, a0, 0xb
x10 <- 0x000002AAAAAAA800
mem[X,0x000000008003DBD8] -> 0x0513
mem[X,0x000000008003DBDA] -> 0x2AA5
[8087] [M]: 0x000000008003DBD8 (0x2AA50513) addi a0, a0, 0x2aa
x10 <- 0x000002AAAAAAAAAA
mem[X,0x000000008003DBDC] -> 0x1513
mem[X,0x000000008003DBDE] -> 0x00B5
[8088] [M]: 0x000000008003DBDC (0x00B51513) slli a0, a0, 0xb
x10 <- 0x0015555555555000
mem[X,0x000000008003DBE0] -> 0x0513
mem[X,0x000000008003DBE2] -> 0x5555
[8089] [M]: 0x000000008003DBE0 (0x55550513) addi a0, a0, 0x555
x10 <- 0x0015555555555555
mem[X,0x000000008003DBE4] -> 0x1513
mem[X,0x000000008003DBE6] -> 0x00A5
[8090] [M]: 0x000000008003DBE4 (0x00A51513) slli a0, a0, 0xa
x10 <- 0x5555555555555400
mem[X,0x000000008003DBE8] -> 0x0513
mem[X,0x000000008003DBEA] -> 0x1565
[8091] [M]: 0x000000008003DBE8 (0x15650513) addi a0, a0, 0x156
x10 <- 0x5555555555555556
mem[X,0x000000008003DBEC] -> 0x35B7
mem[X,0x000000008003DBEE] -> 0x3333
[8092] [M]: 0x000000008003DBEC (0x333335B7) lui a1, 0x33333
x11 <- 0x0000000033333000
mem[X,0x000000008003DBF0] -> 0x8593
mem[X,0x000000008003DBF2] -> 0x3335
[8093] [M]: 0x000000008003DBF0 (0x33358593) addi a1, a1, 0x333
x11 <- 0x0000000033333333
mem[X,0x000000008003DBF4] -> 0x9593
mem[X,0x000000008003DBF6] -> 0x00B5
[8094] [M]: 0x000000008003DBF4 (0x00B59593) slli a1, a1, 0xb
x11 <- 0x0000019999999800
mem[X,0x000000008003DBF8] -> 0x8593
mem[X,0x000000008003DBFA] -> 0x1995
[8095] [M]: 0x000000008003DBF8 (0x19958593) addi a1, a1, 0x199
x11 <- 0x0000019999999999
mem[X,0x000000008003DBFC] -> 0x9593
mem[X,0x000000008003DBFE] -> 0x00B5
[8096] [M]: 0x000000008003DBFC (0x00B59593) slli a1, a1, 0xb
x11 <- 0x000CCCCCCCCCC800
mem[X,0x000000008003DC00] -> 0x8593
mem[X,0x000000008003DC02] -> 0x4CC5
[8097] [M]: 0x000000008003DC00 (0x4CC58593) addi a1, a1, 0x4cc
x11 <- 0x000CCCCCCCCCCCCC
mem[X,0x000000008003DC04] -> 0x9593
mem[X,0x000000008003DC06] -> 0x00A5
[8098] [M]: 0x000000008003DC04 (0x00A59593) slli a1, a1, 0xa
x11 <- 0x3333333333333000
mem[X,0x000000008003DC08] -> 0x8593
mem[X,0x000000008003DC0A] -> 0x3325
[8099] [M]: 0x000000008003DC08 (0x33258593) addi a1, a1, 0x332
x11 <- 0x3333333333333332
clint::tick mtime <- 0x0000000000000051
 clint timer pending at mtime 0x0000000000000051
htif::tick 0x0000000000000000
mem[X,0x000000008003DC0C] -> 0x0113
mem[X,0x000000008003DC0E] -> 0x0000
[8100] [M]: 0x000000008003DC0C (0x00000113) addi sp, zero, 0x0
x2 <- 0x0000000000000000
mem[X,0x000000008003DC10] -> 0x006F
mem[X,0x000000008003DC12] -> 0x0180
[8101] [M]: 0x000000008003DC10 (0x0180006F) jal zero, 0x18
mem[X,0x000000008003DC28] -> 0x46E3
mem[X,0x000000008003DC2A] -> 0xFEB5
[8102] [M]: 0x000000008003DC28 (0xFEB546E3) blt a0, a1, -0x14
mem[X,0x000000008003DC2C] -> 0x0113
mem[X,0x000000008003DC2E] -> 0x0021
[8103] [M]: 0x000000008003DC2C (0x00210113) addi sp, sp, 0x2
x2 <- 0x0000000000000002
mem[X,0x000000008003DC30] -> 0x006F
mem[X,0x000000008003DC32] -> 0x00C0
[8104] [M]: 0x000000008003DC30 (0x00C0006F) jal zero, 0xc
mem[X,0x000000008003DC3C] -> 0xB023
mem[X,0x000000008003DC3E] -> 0x7620
[8105] [M]: 0x000000008003DC3C (0x7620B023) sd sp, 0x760(ra)
mem[0x0000000080050138] <- 0x0000000000000002
mem[X,0x000000008003DC40] -> 0x5537
mem[X,0x000000008003DC42] -> 0x5555
[8106] [M]: 0x000000008003DC40 (0x55555537) lui a0, 0x55555
x10 <- 0x0000000055555000
mem[X,0x000000008003DC44] -> 0x0513
mem[X,0x000000008003DC46] -> 0x5555
[8107] [M]: 0x000000008003DC44 (0x55550513) addi a0, a0, 0x555
x10 <- 0x0000000055555555
mem[X,0x000000008003DC48] -> 0x1513
mem[X,0x000000008003DC4A] -> 0x00B5
[8108] [M]: 0x000000008003DC48 (0x00B51513) slli a0, a0, 0xb
x10 <- 0x000002AAAAAAA800
mem[X,0x000000008003DC4C] -> 0x0513
mem[X,0x000000008003DC4E] -> 0x2AA5
[8109] [M]: 0x000000008003DC4C (0x2AA50513) addi a0, a0, 0x2aa
x10 <- 0x000002AAAAAAAAAA
mem[X,0x000000008003DC50] -> 0x1513
mem[X,0x000000008003DC52] -> 0x00B5
[8110] [M]: 0x000000008003DC50 (0x00B51513) slli a0, a0, 0xb
x10 <- 0x0015555555555000
mem[X,0x000000008003DC54] -> 0x0513
mem[X,0x000000008003DC56] -> 0x5555
[8111] [M]: 0x000000008003DC54 (0x55550513) addi a0, a0, 0x555
x10 <- 0x0015555555555555
mem[X,0x000000008003DC58] -> 0x1513
mem[X,0x000000008003DC5A] -> 0x00A5
[8112] [M]: 0x000000008003DC58 (0x00A51513) slli a0, a0, 0xa
x10 <- 0x5555555555555400
mem[X,0x000000008003DC5C] -> 0x0513
mem[X,0x000000008003DC5E] -> 0x1565
[8113] [M]: 0x000000008003DC5C (0x15650513) addi a0, a0, 0x156
x10 <- 0x5555555555555556
mem[X,0x000000008003DC60] -> 0x65B7
mem[X,0x000000008003DC62] -> 0x6666
[8114] [M]: 0x000000008003DC60 (0x666665B7) lui a1, 0x66666
x11 <- 0x0000000066666000
mem[X,0x000000008003DC64] -> 0x8593
mem[X,0x000000008003DC66] -> 0x6665
[8115] [M]: 0x000000008003DC64 (0x66658593) addi a1, a1, 0x666
x11 <- 0x0000000066666666
mem[X,0x000000008003DC68] -> 0x9593
mem[X,0x000000008003DC6A] -> 0x00B5
[8116] [M]: 0x000000008003DC68 (0x00B59593) slli a1, a1, 0xb
x11 <- 0x0000033333333000
mem[X,0x000000008003DC6C] -> 0x8593
mem[X,0x000000008003DC6E] -> 0x3335
[8117] [M]: 0x000000008003DC6C (0x33358593) addi a1, a1, 0x333
x11 <- 0x0000033333333333
mem[X,0x000000008003DC70] -> 0x9593
mem[X,0x000000008003DC72] -> 0x00B5
[8118] [M]: 0x000000008003DC70 (0x00B59593) slli a1, a1, 0xb
x11 <- 0x0019999999999800
mem[X,0x000000008003DC74] -> 0x8593
mem[X,0x000000008003DC76] -> 0x1995
[8119] [M]: 0x000000008003DC74 (0x19958593) addi a1, a1, 0x199
x11 <- 0x0019999999999999
mem[X,0x000000008003DC78] -> 0x9593
mem[X,0x000000008003DC7A] -> 0x00A5
[8120] [M]: 0x000000008003DC78 (0x00A59593) slli a1, a1, 0xa
x11 <- 0x6666666666666400
mem[X,0x000000008003DC7C] -> 0x8593
mem[X,0x000000008003DC7E] -> 0x2655
[8121] [M]: 0x000000008003DC7C (0x26558593) addi a1, a1, 0x265
x11 <- 0x6666666666666665
mem[X,0x000000008003DC80] -> 0x0113
mem[X,0x000000008003DC82] -> 0x0000
[8122] [M]: 0x000000008003DC80 (0x00000113) addi sp, zero, 0x0
x2 <- 0x0000000000000000
mem[X,0x000000008003DC84] -> 0x006F
mem[X,0x000000008003DC86] -> 0x00C0
[8123] [M]: 0x000000008003DC84 (0x00C0006F) jal zero, 0xc
mem[X,0x000000008003DC90] -> 0x4CE3
mem[X,0x000000008003DC92] -> 0xFEB5
[8124] [M]: 0x000000008003DC90 (0xFEB54CE3) blt a0, a1, -0x8
mem[X,0x000000008003DC88] -> 0x0113
mem[X,0x000000008003DC8A] -> 0x0011
[8125] [M]: 0x000000008003DC88 (0x00110113) addi sp, sp, 0x1
x2 <- 0x0000000000000001
mem[X,0x000000008003DC8C] -> 0x006F
mem[X,0x000000008003DC8E] -> 0x0180
[8126] [M]: 0x000000008003DC8C (0x0180006F) jal zero, 0x18
mem[X,0x000000008003DCA4] -> 0xB423
mem[X,0x000000008003DCA6] -> 0x7620
[8127] [M]: 0x000000008003DCA4 (0x7620B423) sd sp, 0x768(ra)
mem[0x0000000080050140] <- 0x0000000000000001
mem[X,0x000000008003DCA8] -> 0x5537
mem[X,0x000000008003DCAA] -> 0x5555
[8128] [M]: 0x000000008003DCA8 (0x55555537) lui a0, 0x55555
x10 <- 0x0000000055555000
mem[X,0x000000008003DCAC] -> 0x0513
mem[X,0x000000008003DCAE] -> 0x5555
[8129] [M]: 0x000000008003DCAC (0x55550513) addi a0, a0, 0x555
x10 <- 0x0000000055555555
mem[X,0x000000008003DCB0] -> 0x1513
mem[X,0x000000008003DCB2] -> 0x00B5
[8130] [M]: 0x000000008003DCB0 (0x00B51513) slli a0, a0, 0xb
x10 <- 0x000002AAAAAAA800
mem[X,0x000000008003DCB4] -> 0x0513
mem[X,0x000000008003DCB6] -> 0x2AA5
[8131] [M]: 0x000000008003DCB4 (0x2AA50513) addi a0, a0, 0x2aa
x10 <- 0x000002AAAAAAAAAA
mem[X,0x000000008003DCB8] -> 0x1513
mem[X,0x000000008003DCBA] -> 0x00B5
[8132] [M]: 0x000000008003DCB8 (0x00B51513) slli a0, a0, 0xb
x10 <- 0x0015555555555000
mem[X,0x000000008003DCBC] -> 0x0513
mem[X,0x000000008003DCBE] -> 0x5555
[8133] [M]: 0x000000008003DCBC (0x55550513) addi a0, a0, 0x555
x10 <- 0x0015555555555555
mem[X,0x000000008003DCC0] -> 0x1513
mem[X,0x000000008003DCC2] -> 0x00A5
[8134] [M]: 0x000000008003DCC0 (0x00A51513) slli a0, a0, 0xa
x10 <- 0x5555555555555400
mem[X,0x000000008003DCC4] -> 0x0513
mem[X,0x000000008003DCC6] -> 0x1565
[8135] [M]: 0x000000008003DCC4 (0x15650513) addi a0, a0, 0x156
x10 <- 0x5555555555555556
mem[X,0x000000008003DCC8] -> 0x05B7
mem[X,0x000000008003DCCA] -> 0x0000
[8136] [M]: 0x000000008003DCC8 (0x000005B7) lui a1, 0x0
x11 <- 0x0000000000000000
mem[X,0x000000008003DCCC] -> 0x8593
mem[X,0x000000008003DCCE] -> 0x0005
[8137] [M]: 0x000000008003DCCC (0x00058593) addi a1, a1, 0x0
x11 <- 0x0000000000000000
mem[X,0x000000008003DCD0] -> 0x9593
mem[X,0x000000008003DCD2] -> 0x00B5
[8138] [M]: 0x000000008003DCD0 (0x00B59593) slli a1, a1, 0xb
x11 <- 0x0000000000000000
mem[X,0x000000008003DCD4] -> 0x8593
mem[X,0x000000008003DCD6] -> 0x5A85
[8139] [M]: 0x000000008003DCD4 (0x5A858593) addi a1, a1, 0x5a8
x11 <- 0x00000000000005A8
mem[X,0x000000008003DCD8] -> 0x9593
mem[X,0x000000008003DCDA] -> 0x00B5
[8140] [M]: 0x000000008003DCD8 (0x00B59593) slli a1, a1, 0xb
x11 <- 0x00000000002D4000
mem[X,0x000000008003DCDC] -> 0x8593
mem[X,0x000000008003DCDE] -> 0x13C5
[8141] [M]: 0x000000008003DCDC (0x13C58593) addi a1, a1, 0x13c
x11 <- 0x00000000002D413C
mem[X,0x000000008003DCE0] -> 0x9593
mem[X,0x000000008003DCE2] -> 0x00A5
[8142] [M]: 0x000000008003DCE0 (0x00A59593) slli a1, a1, 0xa
x11 <- 0x00000000B504F000
mem[X,0x000000008003DCE4] -> 0x8593
mem[X,0x000000008003DCE6] -> 0x3325
[8143] [M]: 0x000000008003DCE4 (0x33258593) addi a1, a1, 0x332
x11 <- 0x00000000B504F332
mem[X,0x000000008003DCE8] -> 0x0113
mem[X,0x000000008003DCEA] -> 0x0000
[8144] [M]: 0x000000008003DCE8 (0x00000113) addi sp, zero, 0x0
x2 <- 0x0000000000000000
mem[X,0x000000008003DCEC] -> 0x006F
mem[X,0x000000008003DCEE] -> 0x00C0
[8145] [M]: 0x000000008003DCEC (0x00C0006F) jal zero, 0xc
mem[X,0x000000008003DCF8] -> 0x4CE3
mem[X,0x000000008003DCFA] -> 0xFEB5
[8146] [M]: 0x000000008003DCF8 (0xFEB54CE3) blt a0, a1, -0x8
mem[X,0x000000008003DCFC] -> 0x0113
mem[X,0x000000008003DCFE] -> 0x0021
[8147] [M]: 0x000000008003DCFC (0x00210113) addi sp, sp, 0x2
x2 <- 0x0000000000000002
mem[X,0x000000008003DD00] -> 0x006F
mem[X,0x000000008003DD02] -> 0x00C0
[8148] [M]: 0x000000008003DD00 (0x00C0006F) jal zero, 0xc
mem[X,0x000000008003DD0C] -> 0xB823
mem[X,0x000000008003DD0E] -> 0x7620
[8149] [M]: 0x000000008003DD0C (0x7620B823) sd sp, 0x770(ra)
mem[0x0000000080050148] <- 0x0000000000000002
mem[X,0x000000008003DD10] -> 0x5537
mem[X,0x000000008003DD12] -> 0x5555
[8150] [M]: 0x000000008003DD10 (0x55555537) lui a0, 0x55555
x10 <- 0x0000000055555000
mem[X,0x000000008003DD14] -> 0x0513
mem[X,0x000000008003DD16] -> 0x5555
[8151] [M]: 0x000000008003DD14 (0x55550513) addi a0, a0, 0x555
x10 <- 0x0000000055555555
mem[X,0x000000008003DD18] -> 0x1513
mem[X,0x000000008003DD1A] -> 0x00B5
[8152] [M]: 0x000000008003DD18 (0x00B51513) slli a0, a0, 0xb
x10 <- 0x000002AAAAAAA800
mem[X,0x000000008003DD1C] -> 0x0513
mem[X,0x000000008003DD1E] -> 0x2AA5
[8153] [M]: 0x000000008003DD1C (0x2AA50513) addi a0, a0, 0x2aa
x10 <- 0x000002AAAAAAAAAA
mem[X,0x000000008003DD20] -> 0x1513
mem[X,0x000000008003DD22] -> 0x00B5
[8154] [M]: 0x000000008003DD20 (0x00B51513) slli a0, a0, 0xb
x10 <- 0x0015555555555000
mem[X,0x000000008003DD24] -> 0x0513
mem[X,0x000000008003DD26] -> 0x5555
[8155] [M]: 0x000000008003DD24 (0x55550513) addi a0, a0, 0x555
x10 <- 0x0015555555555555
mem[X,0x000000008003DD28] -> 0x1513
mem[X,0x000000008003DD2A] -> 0x00A5
[8156] [M]: 0x000000008003DD28 (0x00A51513) slli a0, a0, 0xa
x10 <- 0x5555555555555400
mem[X,0x000000008003DD2C] -> 0x0513
mem[X,0x000000008003DD2E] -> 0x1565
[8157] [M]: 0x000000008003DD2C (0x15650513) addi a0, a0, 0x156
x10 <- 0x5555555555555556
mem[X,0x000000008003DD30] -> 0x55B7
mem[X,0x000000008003DD32] -> 0x5555
[8158] [M]: 0x000000008003DD30 (0x555555B7) lui a1, 0x55555
x11 <- 0x0000000055555000
mem[X,0x000000008003DD34] -> 0x8593
mem[X,0x000000008003DD36] -> 0x5555
[8159] [M]: 0x000000008003DD34 (0x55558593) addi a1, a1, 0x555
x11 <- 0x0000000055555555
mem[X,0x000000008003DD38] -> 0x9593
mem[X,0x000000008003DD3A] -> 0x00B5
[8160] [M]: 0x000000008003DD38 (0x00B59593) slli a1, a1, 0xb
x11 <- 0x000002AAAAAAA800
mem[X,0x000000008003DD3C] -> 0x8593
mem[X,0x000000008003DD3E] -> 0x2AA5
[8161] [M]: 0x000000008003DD3C (0x2AA58593) addi a1, a1, 0x2aa
x11 <- 0x000002AAAAAAAAAA
mem[X,0x000000008003DD40] -> 0x9593
mem[X,0x000000008003DD42] -> 0x00B5
[8162] [M]: 0x000000008003DD40 (0x00B59593) slli a1, a1, 0xb
x11 <- 0x0015555555555000
mem[X,0x000000008003DD44] -> 0x8593
mem[X,0x000000008003DD46] -> 0x5555
[8163] [M]: 0x000000008003DD44 (0x55558593) addi a1, a1, 0x555
x11 <- 0x0015555555555555
mem[X,0x000000008003DD48] -> 0x9593
mem[X,0x000000008003DD4A] -> 0x00A5
[8164] [M]: 0x000000008003DD48 (0x00A59593) slli a1, a1, 0xa
x11 <- 0x5555555555555400
mem[X,0x000000008003DD4C] -> 0x8593
mem[X,0x000000008003DD4E] -> 0x1565
[8165] [M]: 0x000000008003DD4C (0x15658593) addi a1, a1, 0x156
x11 <- 0x5555555555555556
mem[X,0x000000008003DD50] -> 0x0113
mem[X,0x000000008003DD52] -> 0x0000
[8166] [M]: 0x000000008003DD50 (0x00000113) addi sp, zero, 0x0
x2 <- 0x0000000000000000
mem[X,0x000000008003DD54] -> 0x006F
mem[X,0x000000008003DD56] -> 0x0100
[8167] [M]: 0x000000008003DD54 (0x0100006F) jal zero, 0x10
mem[X,0x000000008003DD64] -> 0x4AE3
mem[X,0x000000008003DD66] -> 0xFEB5
[8168] [M]: 0x000000008003DD64 (0xFEB54AE3) blt a0, a1, -0xc
mem[X,0x000000008003DD68] -> 0x0113
mem[X,0x000000008003DD6A] -> 0x0021
[8169] [M]: 0x000000008003DD68 (0x00210113) addi sp, sp, 0x2
x2 <- 0x0000000000000002
mem[X,0x000000008003DD6C] -> 0x006F
mem[X,0x000000008003DD6E] -> 0x00C0
[8170] [M]: 0x000000008003DD6C (0x00C0006F) jal zero, 0xc
mem[X,0x000000008003DD78] -> 0xBC23
mem[X,0x000000008003DD7A] -> 0x7620
[8171] [M]: 0x000000008003DD78 (0x7620BC23) sd sp, 0x778(ra)
mem[0x0000000080050150] <- 0x0000000000000002
mem[X,0x000000008003DD7C] -> 0x5537
mem[X,0x000000008003DD7E] -> 0x5555
[8172] [M]: 0x000000008003DD7C (0x55555537) lui a0, 0x55555
x10 <- 0x0000000055555000
mem[X,0x000000008003DD80] -> 0x0513
mem[X,0x000000008003DD82] -> 0x5555
[8173] [M]: 0x000000008003DD80 (0x55550513) addi a0, a0, 0x555
x10 <- 0x0000000055555555
mem[X,0x000000008003DD84] -> 0x1513
mem[X,0x000000008003DD86] -> 0x00B5
[8174] [M]: 0x000000008003DD84 (0x00B51513) slli a0, a0, 0xb
x10 <- 0x000002AAAAAAA800
mem[X,0x000000008003DD88] -> 0x0513
mem[X,0x000000008003DD8A] -> 0x2AA5
[8175] [M]: 0x000000008003DD88 (0x2AA50513) addi a0, a0, 0x2aa
x10 <- 0x000002AAAAAAAAAA
mem[X,0x000000008003DD8C] -> 0x1513
mem[X,0x000000008003DD8E] -> 0x00B5
[8176] [M]: 0x000000008003DD8C (0x00B51513) slli a0, a0, 0xb
x10 <- 0x0015555555555000
mem[X,0x000000008003DD90] -> 0x0513
mem[X,0x000000008003DD92] -> 0x5555
[8177] [M]: 0x000000008003DD90 (0x55550513) addi a0, a0, 0x555
x10 <- 0x0015555555555555
mem[X,0x000000008003DD94] -> 0x1513
mem[X,0x000000008003DD96] -> 0x00A5
[8178] [M]: 0x000000008003DD94 (0x00A51513) slli a0, a0, 0xa
x10 <- 0x5555555555555400
mem[X,0x000000008003DD98] -> 0x0513
mem[X,0x000000008003DD9A] -> 0x1565
[8179] [M]: 0x000000008003DD98 (0x15650513) addi a0, a0, 0x156
x10 <- 0x5555555555555556
mem[X,0x000000008003DD9C] -> 0xB5B7
mem[X,0x000000008003DD9E] -> 0xAAAA
[8180] [M]: 0x000000008003DD9C (0xAAAAB5B7) lui a1, -0x55555
x11 <- 0xFFFFFFFFAAAAB000
mem[X,0x000000008003DDA0] -> 0x8593
mem[X,0x000000008003DDA2] -> 0xAAA5
[8181] [M]: 0x000000008003DDA0 (0xAAA58593) addi a1, a1, -0x556
x11 <- 0xFFFFFFFFAAAAAAAA
mem[X,0x000000008003DDA4] -> 0x9593
mem[X,0x000000008003DDA6] -> 0x00B5
[8182] [M]: 0x000000008003DDA4 (0x00B59593) slli a1, a1, 0xb
x11 <- 0xFFFFFD5555555000
mem[X,0x000000008003DDA8] -> 0x8593
mem[X,0x000000008003DDAA] -> 0x5555
[8183] [M]: 0x000000008003DDA8 (0x55558593) addi a1, a1, 0x555
x11 <- 0xFFFFFD5555555555
mem[X,0x000000008003DDAC] -> 0x9593
mem[X,0x000000008003DDAE] -> 0x00B5
[8184] [M]: 0x000000008003DDAC (0x00B59593) slli a1, a1, 0xb
x11 <- 0xFFEAAAAAAAAAA800
mem[X,0x000000008003DDB0] -> 0x8593
mem[X,0x000000008003DDB2] -> 0x2AA5
[8185] [M]: 0x000000008003DDB0 (0x2AA58593) addi a1, a1, 0x2aa
x11 <- 0xFFEAAAAAAAAAAAAA
mem[X,0x000000008003DDB4] -> 0x9593
mem[X,0x000000008003DDB6] -> 0x00A5
[8186] [M]: 0x000000008003DDB4 (0x00A59593) slli a1, a1, 0xa
x11 <- 0xAAAAAAAAAAAAA800
mem[X,0x000000008003DDB8] -> 0x8593
mem[X,0x000000008003DDBA] -> 0x2AB5
[8187] [M]: 0x000000008003DDB8 (0x2AB58593) addi a1, a1, 0x2ab
x11 <- 0xAAAAAAAAAAAAAAAB
mem[X,0x000000008003DDBC] -> 0x0113
mem[X,0x000000008003DDBE] -> 0x0000
[8188] [M]: 0x000000008003DDBC (0x00000113) addi sp, zero, 0x0
x2 <- 0x0000000000000000
mem[X,0x000000008003DDC0] -> 0x006F
mem[X,0x000000008003DDC2] -> 0x0100
[8189] [M]: 0x000000008003DDC0 (0x0100006F) jal zero, 0x10
mem[X,0x000000008003DDD0] -> 0x4AE3
mem[X,0x000000008003DDD2] -> 0xFEB5
[8190] [M]: 0x000000008003DDD0 (0xFEB54AE3) blt a0, a1, -0xc
mem[X,0x000000008003DDD4] -> 0x0113
mem[X,0x000000008003DDD6] -> 0x0021
[8191] [M]: 0x000000008003DDD4 (0x00210113) addi sp, sp, 0x2
x2 <- 0x0000000000000002
mem[X,0x000000008003DDD8] -> 0x006F
mem[X,0x000000008003DDDA] -> 0x00C0
[8192] [M]: 0x000000008003DDD8 (0x00C0006F) jal zero, 0xc
mem[X,0x000000008003DDE4] -> 0xB023
mem[X,0x000000008003DDE6] -> 0x7820
[8193] [M]: 0x000000008003DDE4 (0x7820B023) sd sp, 0x780(ra)
mem[0x0000000080050158] <- 0x0000000000000002
mem[X,0x000000008003DDE8] -> 0x5537
mem[X,0x000000008003DDEA] -> 0x5555
[8194] [M]: 0x000000008003DDE8 (0x55555537) lui a0, 0x55555
x10 <- 0x0000000055555000
mem[X,0x000000008003DDEC] -> 0x0513
mem[X,0x000000008003DDEE] -> 0x5555
[8195] [M]: 0x000000008003DDEC (0x55550513) addi a0, a0, 0x555
x10 <- 0x0000000055555555
mem[X,0x000000008003DDF0] -> 0x1513
mem[X,0x000000008003DDF2] -> 0x00B5
[8196] [M]: 0x000000008003DDF0 (0x00B51513) slli a0, a0, 0xb
x10 <- 0x000002AAAAAAA800
mem[X,0x000000008003DDF4] -> 0x0513
mem[X,0x000000008003DDF6] -> 0x2AA5
[8197] [M]: 0x000000008003DDF4 (0x2AA50513) addi a0, a0, 0x2aa
x10 <- 0x000002AAAAAAAAAA
mem[X,0x000000008003DDF8] -> 0x1513
mem[X,0x000000008003DDFA] -> 0x00B5
[8198] [M]: 0x000000008003DDF8 (0x00B51513) slli a0, a0, 0xb
x10 <- 0x0015555555555000
mem[X,0x000000008003DDFC] -> 0x0513
mem[X,0x000000008003DDFE] -> 0x5555
[8199] [M]: 0x000000008003DDFC (0x55550513) addi a0, a0, 0x555
x10 <- 0x0015555555555555
clint::tick mtime <- 0x0000000000000052
 clint timer pending at mtime 0x0000000000000052
htif::tick 0x0000000000000000
mem[X,0x000000008003DE00] -> 0x1513
mem[X,0x000000008003DE02] -> 0x00A5
[8200] [M]: 0x000000008003DE00 (0x00A51513) slli a0, a0, 0xa
x10 <- 0x5555555555555400
mem[X,0x000000008003DE04] -> 0x0513
mem[X,0x000000008003DE06] -> 0x1565
[8201] [M]: 0x000000008003DE04 (0x15650513) addi a0, a0, 0x156
x10 <- 0x5555555555555556
mem[X,0x000000008003DE08] -> 0x0593
mem[X,0x000000008003DE0A] -> 0x0060
[8202] [M]: 0x000000008003DE08 (0x00600593) addi a1, zero, 0x6
x11 <- 0x0000000000000006
mem[X,0x000000008003DE0C] -> 0x0113
mem[X,0x000000008003DE0E] -> 0x0000
[8203] [M]: 0x000000008003DE0C (0x00000113) addi sp, zero, 0x0
x2 <- 0x0000000000000000
mem[X,0x000000008003DE10] -> 0x006F
mem[X,0x000000008003DE12] -> 0x00C0
[8204] [M]: 0x000000008003DE10 (0x00C0006F) jal zero, 0xc
mem[X,0x000000008003DE1C] -> 0x4CE3
mem[X,0x000000008003DE1E] -> 0xFEB5
[8205] [M]: 0x000000008003DE1C (0xFEB54CE3) blt a0, a1, -0x8
mem[X,0x000000008003DE20] -> 0x0113
mem[X,0x000000008003DE22] -> 0x0021
[8206] [M]: 0x000000008003DE20 (0x00210113) addi sp, sp, 0x2
x2 <- 0x0000000000000002
mem[X,0x000000008003DE24] -> 0x006F
mem[X,0x000000008003DE26] -> 0x00C0
[8207] [M]: 0x000000008003DE24 (0x00C0006F) jal zero, 0xc
mem[X,0x000000008003DE30] -> 0xB423
mem[X,0x000000008003DE32] -> 0x7820
[8208] [M]: 0x000000008003DE30 (0x7820B423) sd sp, 0x788(ra)
mem[0x0000000080050160] <- 0x0000000000000002
mem[X,0x000000008003DE34] -> 0x5537
mem[X,0x000000008003DE36] -> 0x5555
[8209] [M]: 0x000000008003DE34 (0x55555537) lui a0, 0x55555
x10 <- 0x0000000055555000
mem[X,0x000000008003DE38] -> 0x0513
mem[X,0x000000008003DE3A] -> 0x5555
[8210] [M]: 0x000000008003DE38 (0x55550513) addi a0, a0, 0x555
x10 <- 0x0000000055555555
mem[X,0x000000008003DE3C] -> 0x1513
mem[X,0x000000008003DE3E] -> 0x00B5
[8211] [M]: 0x000000008003DE3C (0x00B51513) slli a0, a0, 0xb
x10 <- 0x000002AAAAAAA800
mem[X,0x000000008003DE40] -> 0x0513
mem[X,0x000000008003DE42] -> 0x2AA5
[8212] [M]: 0x000000008003DE40 (0x2AA50513) addi a0, a0, 0x2aa
x10 <- 0x000002AAAAAAAAAA
mem[X,0x000000008003DE44] -> 0x1513
mem[X,0x000000008003DE46] -> 0x00B5
[8213] [M]: 0x000000008003DE44 (0x00B51513) slli a0, a0, 0xb
x10 <- 0x0015555555555000
mem[X,0x000000008003DE48] -> 0x0513
mem[X,0x000000008003DE4A] -> 0x5555
[8214] [M]: 0x000000008003DE48 (0x55550513) addi a0, a0, 0x555
x10 <- 0x0015555555555555
mem[X,0x000000008003DE4C] -> 0x1513
mem[X,0x000000008003DE4E] -> 0x00A5
[8215] [M]: 0x000000008003DE4C (0x00A51513) slli a0, a0, 0xa
x10 <- 0x5555555555555400
mem[X,0x000000008003DE50] -> 0x0513
mem[X,0x000000008003DE52] -> 0x1565
[8216] [M]: 0x000000008003DE50 (0x15650513) addi a0, a0, 0x156
x10 <- 0x5555555555555556
mem[X,0x000000008003DE54] -> 0x35B7
mem[X,0x000000008003DE56] -> 0x3333
[8217] [M]: 0x000000008003DE54 (0x333335B7) lui a1, 0x33333
x11 <- 0x0000000033333000
mem[X,0x000000008003DE58] -> 0x8593
mem[X,0x000000008003DE5A] -> 0x3335
[8218] [M]: 0x000000008003DE58 (0x33358593) addi a1, a1, 0x333
x11 <- 0x0000000033333333
mem[X,0x000000008003DE5C] -> 0x9593
mem[X,0x000000008003DE5E] -> 0x00B5
[8219] [M]: 0x000000008003DE5C (0x00B59593) slli a1, a1, 0xb
x11 <- 0x0000019999999800
mem[X,0x000000008003DE60] -> 0x8593
mem[X,0x000000008003DE62] -> 0x1995
[8220] [M]: 0x000000008003DE60 (0x19958593) addi a1, a1, 0x199
x11 <- 0x0000019999999999
mem[X,0x000000008003DE64] -> 0x9593
mem[X,0x000000008003DE66] -> 0x00B5
[8221] [M]: 0x000000008003DE64 (0x00B59593) slli a1, a1, 0xb
x11 <- 0x000CCCCCCCCCC800
mem[X,0x000000008003DE68] -> 0x8593
mem[X,0x000000008003DE6A] -> 0x4CC5
[8222] [M]: 0x000000008003DE68 (0x4CC58593) addi a1, a1, 0x4cc
x11 <- 0x000CCCCCCCCCCCCC
mem[X,0x000000008003DE6C] -> 0x9593
mem[X,0x000000008003DE6E] -> 0x00A5
[8223] [M]: 0x000000008003DE6C (0x00A59593) slli a1, a1, 0xa
x11 <- 0x3333333333333000
mem[X,0x000000008003DE70] -> 0x8593
mem[X,0x000000008003DE72] -> 0x3345
[8224] [M]: 0x000000008003DE70 (0x33458593) addi a1, a1, 0x334
x11 <- 0x3333333333333334
mem[X,0x000000008003DE74] -> 0x0113
mem[X,0x000000008003DE76] -> 0x0000
[8225] [M]: 0x000000008003DE74 (0x00000113) addi sp, zero, 0x0
x2 <- 0x0000000000000000
mem[X,0x000000008003DE78] -> 0x006F
mem[X,0x000000008003DE7A] -> 0x00C0
[8226] [M]: 0x000000008003DE78 (0x00C0006F) jal zero, 0xc
mem[X,0x000000008003DE84] -> 0x4063
mem[X,0x000000008003DE86] -> 0x08B5
[8227] [M]: 0x000000008003DE84 (0x08B54063) blt a0, a1, 0x80
mem[X,0x000000008003DE88] -> 0x0113
mem[X,0x000000008003DE8A] -> 0x0021
[8228] [M]: 0x000000008003DE88 (0x00210113) addi sp, sp, 0x2
x2 <- 0x0000000000000002
mem[X,0x000000008003DE8C] -> 0x006F
mem[X,0x000000008003DE8E] -> 0x0800
[8229] [M]: 0x000000008003DE8C (0x0800006F) jal zero, 0x80
mem[X,0x000000008003DF0C] -> 0xB823
mem[X,0x000000008003DF0E] -> 0x7820
[8230] [M]: 0x000000008003DF0C (0x7820B823) sd sp, 0x790(ra)
mem[0x0000000080050168] <- 0x0000000000000002
mem[X,0x000000008003DF10] -> 0x5537
mem[X,0x000000008003DF12] -> 0x5555
[8231] [M]: 0x000000008003DF10 (0x55555537) lui a0, 0x55555
x10 <- 0x0000000055555000
mem[X,0x000000008003DF14] -> 0x0513
mem[X,0x000000008003DF16] -> 0x5555
[8232] [M]: 0x000000008003DF14 (0x55550513) addi a0, a0, 0x555
x10 <- 0x0000000055555555
mem[X,0x000000008003DF18] -> 0x1513
mem[X,0x000000008003DF1A] -> 0x00B5
[8233] [M]: 0x000000008003DF18 (0x00B51513) slli a0, a0, 0xb
x10 <- 0x000002AAAAAAA800
mem[X,0x000000008003DF1C] -> 0x0513
mem[X,0x000000008003DF1E] -> 0x2AA5
[8234] [M]: 0x000000008003DF1C (0x2AA50513) addi a0, a0, 0x2aa
x10 <- 0x000002AAAAAAAAAA
mem[X,0x000000008003DF20] -> 0x1513
mem[X,0x000000008003DF22] -> 0x00B5
[8235] [M]: 0x000000008003DF20 (0x00B51513) slli a0, a0, 0xb
x10 <- 0x0015555555555000
mem[X,0x000000008003DF24] -> 0x0513
mem[X,0x000000008003DF26] -> 0x5555
[8236] [M]: 0x000000008003DF24 (0x55550513) addi a0, a0, 0x555
x10 <- 0x0015555555555555
mem[X,0x000000008003DF28] -> 0x1513
mem[X,0x000000008003DF2A] -> 0x00A5
[8237] [M]: 0x000000008003DF28 (0x00A51513) slli a0, a0, 0xa
x10 <- 0x5555555555555400
mem[X,0x000000008003DF2C] -> 0x0513
mem[X,0x000000008003DF2E] -> 0x1565
[8238] [M]: 0x000000008003DF2C (0x15650513) addi a0, a0, 0x156
x10 <- 0x5555555555555556
mem[X,0x000000008003DF30] -> 0x65B7
mem[X,0x000000008003DF32] -> 0x6666
[8239] [M]: 0x000000008003DF30 (0x666665B7) lui a1, 0x66666
x11 <- 0x0000000066666000
mem[X,0x000000008003DF34] -> 0x8593
mem[X,0x000000008003DF36] -> 0x6665
[8240] [M]: 0x000000008003DF34 (0x66658593) addi a1, a1, 0x666
x11 <- 0x0000000066666666
mem[X,0x000000008003DF38] -> 0x9593
mem[X,0x000000008003DF3A] -> 0x00B5
[8241] [M]: 0x000000008003DF38 (0x00B59593) slli a1, a1, 0xb
x11 <- 0x0000033333333000
mem[X,0x000000008003DF3C] -> 0x8593
mem[X,0x000000008003DF3E] -> 0x3335
[8242] [M]: 0x000000008003DF3C (0x33358593) addi a1, a1, 0x333
x11 <- 0x0000033333333333
mem[X,0x000000008003DF40] -> 0x9593
mem[X,0x000000008003DF42] -> 0x00B5
[8243] [M]: 0x000000008003DF40 (0x00B59593) slli a1, a1, 0xb
x11 <- 0x0019999999999800
mem[X,0x000000008003DF44] -> 0x8593
mem[X,0x000000008003DF46] -> 0x1995
[8244] [M]: 0x000000008003DF44 (0x19958593) addi a1, a1, 0x199
x11 <- 0x0019999999999999
mem[X,0x000000008003DF48] -> 0x9593
mem[X,0x000000008003DF4A] -> 0x00A5
[8245] [M]: 0x000000008003DF48 (0x00A59593) slli a1, a1, 0xa
x11 <- 0x6666666666666400
mem[X,0x000000008003DF4C] -> 0x8593
mem[X,0x000000008003DF4E] -> 0x2675
[8246] [M]: 0x000000008003DF4C (0x26758593) addi a1, a1, 0x267
x11 <- 0x6666666666666667
mem[X,0x000000008003DF50] -> 0x0113
mem[X,0x000000008003DF52] -> 0x0000
[8247] [M]: 0x000000008003DF50 (0x00000113) addi sp, zero, 0x0
x2 <- 0x0000000000000000
mem[X,0x000000008003DF54] -> 0x006F
mem[X,0x000000008003DF56] -> 0x0100
[8248] [M]: 0x000000008003DF54 (0x0100006F) jal zero, 0x10
mem[X,0x000000008003DF64] -> 0x4AE3
mem[X,0x000000008003DF66] -> 0xFEB5
[8249] [M]: 0x000000008003DF64 (0xFEB54AE3) blt a0, a1, -0xc
mem[X,0x000000008003DF58] -> 0x0113
mem[X,0x000000008003DF5A] -> 0x0011
[8250] [M]: 0x000000008003DF58 (0x00110113) addi sp, sp, 0x1
x2 <- 0x0000000000000001
mem[X,0x000000008003DF5C] -> 0x006F
mem[X,0x000000008003DF5E] -> 0x01C0
[8251] [M]: 0x000000008003DF5C (0x01C0006F) jal zero, 0x1c
mem[X,0x000000008003DF78] -> 0xBC23
mem[X,0x000000008003DF7A] -> 0x7820
[8252] [M]: 0x000000008003DF78 (0x7820BC23) sd sp, 0x798(ra)
mem[0x0000000080050170] <- 0x0000000000000001
mem[X,0x000000008003DF7C] -> 0x5537
mem[X,0x000000008003DF7E] -> 0x5555
[8253] [M]: 0x000000008003DF7C (0x55555537) lui a0, 0x55555
x10 <- 0x0000000055555000
mem[X,0x000000008003DF80] -> 0x0513
mem[X,0x000000008003DF82] -> 0x5555
[8254] [M]: 0x000000008003DF80 (0x55550513) addi a0, a0, 0x555
x10 <- 0x0000000055555555
mem[X,0x000000008003DF84] -> 0x1513
mem[X,0x000000008003DF86] -> 0x00B5
[8255] [M]: 0x000000008003DF84 (0x00B51513) slli a0, a0, 0xb
x10 <- 0x000002AAAAAAA800
mem[X,0x000000008003DF88] -> 0x0513
mem[X,0x000000008003DF8A] -> 0x2AA5
[8256] [M]: 0x000000008003DF88 (0x2AA50513) addi a0, a0, 0x2aa
x10 <- 0x000002AAAAAAAAAA
mem[X,0x000000008003DF8C] -> 0x1513
mem[X,0x000000008003DF8E] -> 0x00B5
[8257] [M]: 0x000000008003DF8C (0x00B51513) slli a0, a0, 0xb
x10 <- 0x0015555555555000
mem[X,0x000000008003DF90] -> 0x0513
mem[X,0x000000008003DF92] -> 0x5555
[8258] [M]: 0x000000008003DF90 (0x55550513) addi a0, a0, 0x555
x10 <- 0x0015555555555555
mem[X,0x000000008003DF94] -> 0x1513
mem[X,0x000000008003DF96] -> 0x00A5
[8259] [M]: 0x000000008003DF94 (0x00A51513) slli a0, a0, 0xa
x10 <- 0x5555555555555400
mem[X,0x000000008003DF98] -> 0x0513
mem[X,0x000000008003DF9A] -> 0x1565
[8260] [M]: 0x000000008003DF98 (0x15650513) addi a0, a0, 0x156
x10 <- 0x5555555555555556
mem[X,0x000000008003DF9C] -> 0x05B7
mem[X,0x000000008003DF9E] -> 0x0000
[8261] [M]: 0x000000008003DF9C (0x000005B7) lui a1, 0x0
x11 <- 0x0000000000000000
mem[X,0x000000008003DFA0] -> 0x8593
mem[X,0x000000008003DFA2] -> 0xFFF5
[8262] [M]: 0x000000008003DFA0 (0xFFF58593) addi a1, a1, -0x1
x11 <- 0xFFFFFFFFFFFFFFFF
mem[X,0x000000008003DFA4] -> 0x9593
mem[X,0x000000008003DFA6] -> 0x00B5
[8263] [M]: 0x000000008003DFA4 (0x00B59593) slli a1, a1, 0xb
x11 <- 0xFFFFFFFFFFFFF800
mem[X,0x000000008003DFA8] -> 0x8593
mem[X,0x000000008003DFAA] -> 0x2575
[8264] [M]: 0x000000008003DFA8 (0x25758593) addi a1, a1, 0x257
x11 <- 0xFFFFFFFFFFFFFA57
mem[X,0x000000008003DFAC] -> 0x9593
mem[X,0x000000008003DFAE] -> 0x00B5
[8265] [M]: 0x000000008003DFAC (0x00B59593) slli a1, a1, 0xb
x11 <- 0xFFFFFFFFFFD2B800
mem[X,0x000000008003DFB0] -> 0x8593
mem[X,0x000000008003DFB2] -> 0x6C35
[8266] [M]: 0x000000008003DFB0 (0x6C358593) addi a1, a1, 0x6c3
x11 <- 0xFFFFFFFFFFD2BEC3
mem[X,0x000000008003DFB4] -> 0x9593
mem[X,0x000000008003DFB6] -> 0x00A5
[8267] [M]: 0x000000008003DFB4 (0x00A59593) slli a1, a1, 0xa
x11 <- 0xFFFFFFFF4AFB0C00
mem[X,0x000000008003DFB8] -> 0x8593
mem[X,0x000000008003DFBA] -> 0x0CE5
[8268] [M]: 0x000000008003DFB8 (0x0CE58593) addi a1, a1, 0xce
x11 <- 0xFFFFFFFF4AFB0CCE
mem[X,0x000000008003DFBC] -> 0x0113
mem[X,0x000000008003DFBE] -> 0x0000
[8269] [M]: 0x000000008003DFBC (0x00000113) addi sp, zero, 0x0
x2 <- 0x0000000000000000
mem[X,0x000000008003DFC0] -> 0x006F
mem[X,0x000000008003DFC2] -> 0x00C0
[8270] [M]: 0x000000008003DFC0 (0x00C0006F) jal zero, 0xc
mem[X,0x000000008003DFCC] -> 0x4663
mem[X,0x000000008003DFCE] -> 0x00B5
[8271] [M]: 0x000000008003DFCC (0x00B54663) blt a0, a1, 0xc
mem[X,0x000000008003DFD0] -> 0x0113
mem[X,0x000000008003DFD2] -> 0x0021
[8272] [M]: 0x000000008003DFD0 (0x00210113) addi sp, sp, 0x2
x2 <- 0x0000000000000002
mem[X,0x000000008003DFD4] -> 0x006F
mem[X,0x000000008003DFD6] -> 0x00C0
[8273] [M]: 0x000000008003DFD4 (0x00C0006F) jal zero, 0xc
mem[X,0x000000008003DFE0] -> 0xB023
mem[X,0x000000008003DFE2] -> 0x7A20
[8274] [M]: 0x000000008003DFE0 (0x7A20B023) sd sp, 0x7a0(ra)
mem[0x0000000080050178] <- 0x0000000000000002
mem[X,0x000000008003DFE4] -> 0x5537
mem[X,0x000000008003DFE6] -> 0x5555
[8275] [M]: 0x000000008003DFE4 (0x55555537) lui a0, 0x55555
x10 <- 0x0000000055555000
mem[X,0x000000008003DFE8] -> 0x0513
mem[X,0x000000008003DFEA] -> 0x5555
[8276] [M]: 0x000000008003DFE8 (0x55550513) addi a0, a0, 0x555
x10 <- 0x0000000055555555
mem[X,0x000000008003DFEC] -> 0x1513
mem[X,0x000000008003DFEE] -> 0x00B5
[8277] [M]: 0x000000008003DFEC (0x00B51513) slli a0, a0, 0xb
x10 <- 0x000002AAAAAAA800
mem[X,0x000000008003DFF0] -> 0x0513
mem[X,0x000000008003DFF2] -> 0x2AA5
[8278] [M]: 0x000000008003DFF0 (0x2AA50513) addi a0, a0, 0x2aa
x10 <- 0x000002AAAAAAAAAA
mem[X,0x000000008003DFF4] -> 0x1513
mem[X,0x000000008003DFF6] -> 0x00B5
[8279] [M]: 0x000000008003DFF4 (0x00B51513) slli a0, a0, 0xb
x10 <- 0x0015555555555000
mem[X,0x000000008003DFF8] -> 0x0513
mem[X,0x000000008003DFFA] -> 0x5555
[8280] [M]: 0x000000008003DFF8 (0x55550513) addi a0, a0, 0x555
x10 <- 0x0015555555555555
mem[X,0x000000008003DFFC] -> 0x1513
mem[X,0x000000008003DFFE] -> 0x00A5
[8281] [M]: 0x000000008003DFFC (0x00A51513) slli a0, a0, 0xa
x10 <- 0x5555555555555400
mem[X,0x000000008003E000] -> 0x0513
mem[X,0x000000008003E002] -> 0x1565
[8282] [M]: 0x000000008003E000 (0x15650513) addi a0, a0, 0x156
x10 <- 0x5555555555555556
mem[X,0x000000008003E004] -> 0x05B7
mem[X,0x000000008003E006] -> 0x0000
[8283] [M]: 0x000000008003E004 (0x000005B7) lui a1, 0x0
x11 <- 0x0000000000000000
mem[X,0x000000008003E008] -> 0x8593
mem[X,0x000000008003E00A] -> 0x0005
[8284] [M]: 0x000000008003E008 (0x00058593) addi a1, a1, 0x0
x11 <- 0x0000000000000000
mem[X,0x000000008003E00C] -> 0x9593
mem[X,0x000000008003E00E] -> 0x00B5
[8285] [M]: 0x000000008003E00C (0x00B59593) slli a1, a1, 0xb
x11 <- 0x0000000000000000
mem[X,0x000000008003E010] -> 0x8593
mem[X,0x000000008003E012] -> 0x5A85
[8286] [M]: 0x000000008003E010 (0x5A858593) addi a1, a1, 0x5a8
x11 <- 0x00000000000005A8
mem[X,0x000000008003E014] -> 0x9593
mem[X,0x000000008003E016] -> 0x00B5
[8287] [M]: 0x000000008003E014 (0x00B59593) slli a1, a1, 0xb
x11 <- 0x00000000002D4000
mem[X,0x000000008003E018] -> 0x8593
mem[X,0x000000008003E01A] -> 0x13C5
[8288] [M]: 0x000000008003E018 (0x13C58593) addi a1, a1, 0x13c
x11 <- 0x00000000002D413C
mem[X,0x000000008003E01C] -> 0x9593
mem[X,0x000000008003E01E] -> 0x00A5
[8289] [M]: 0x000000008003E01C (0x00A59593) slli a1, a1, 0xa
x11 <- 0x00000000B504F000
mem[X,0x000000008003E020] -> 0x8593
mem[X,0x000000008003E022] -> 0x3345
[8290] [M]: 0x000000008003E020 (0x33458593) addi a1, a1, 0x334
x11 <- 0x00000000B504F334
mem[X,0x000000008003E024] -> 0x0113
mem[X,0x000000008003E026] -> 0x0000
[8291] [M]: 0x000000008003E024 (0x00000113) addi sp, zero, 0x0
x2 <- 0x0000000000000000
mem[X,0x000000008003E028] -> 0x006F
mem[X,0x000000008003E02A] -> 0x2B10
[8292] [M]: 0x000000008003E028 (0x2B10006F) jal zero, 0xab0
mem[X,0x000000008003EAD8] -> 0x4A63
mem[X,0x000000008003EADA] -> 0xD4B5
[8293] [M]: 0x000000008003EAD8 (0xD4B54A63) blt a0, a1, -0xaac
mem[X,0x000000008003EADC] -> 0x0113
mem[X,0x000000008003EADE] -> 0x0021
[8294] [M]: 0x000000008003EADC (0x00210113) addi sp, sp, 0x2
x2 <- 0x0000000000000002
mem[X,0x000000008003EAE0] -> 0x006F
mem[X,0x000000008003EAE2] -> 0x00C0
[8295] [M]: 0x000000008003EAE0 (0x00C0006F) jal zero, 0xc
mem[X,0x000000008003EAEC] -> 0xB423
mem[X,0x000000008003EAEE] -> 0x7A20
[8296] [M]: 0x000000008003EAEC (0x7A20B423) sd sp, 0x7a8(ra)
mem[0x0000000080050180] <- 0x0000000000000002
mem[X,0x000000008003EAF0] -> 0xB537
mem[X,0x000000008003EAF2] -> 0xAAAA
[8297] [M]: 0x000000008003EAF0 (0xAAAAB537) lui a0, -0x55555
x10 <- 0xFFFFFFFFAAAAB000
mem[X,0x000000008003EAF4] -> 0x0513
mem[X,0x000000008003EAF6] -> 0xAAA5
[8298] [M]: 0x000000008003EAF4 (0xAAA50513) addi a0, a0, -0x556
x10 <- 0xFFFFFFFFAAAAAAAA
mem[X,0x000000008003EAF8] -> 0x1513
mem[X,0x000000008003EAFA] -> 0x00B5
[8299] [M]: 0x000000008003EAF8 (0x00B51513) slli a0, a0, 0xb
x10 <- 0xFFFFFD5555555000
clint::tick mtime <- 0x0000000000000053
 clint timer pending at mtime 0x0000000000000053
htif::tick 0x0000000000000000
mem[X,0x000000008003EAFC] -> 0x0513
mem[X,0x000000008003EAFE] -> 0x5555
[8300] [M]: 0x000000008003EAFC (0x55550513) addi a0, a0, 0x555
x10 <- 0xFFFFFD5555555555
mem[X,0x000000008003EB00] -> 0x1513
mem[X,0x000000008003EB02] -> 0x00B5
[8301] [M]: 0x000000008003EB00 (0x00B51513) slli a0, a0, 0xb
x10 <- 0xFFEAAAAAAAAAA800
mem[X,0x000000008003EB04] -> 0x0513
mem[X,0x000000008003EB06] -> 0x2AA5
[8302] [M]: 0x000000008003EB04 (0x2AA50513) addi a0, a0, 0x2aa
x10 <- 0xFFEAAAAAAAAAAAAA
mem[X,0x000000008003EB08] -> 0x1513
mem[X,0x000000008003EB0A] -> 0x00A5
[8303] [M]: 0x000000008003EB08 (0x00A51513) slli a0, a0, 0xa
x10 <- 0xAAAAAAAAAAAAA800
mem[X,0x000000008003EB0C] -> 0x0513
mem[X,0x000000008003EB0E] -> 0x2AB5
[8304] [M]: 0x000000008003EB0C (0x2AB50513) addi a0, a0, 0x2ab
x10 <- 0xAAAAAAAAAAAAAAAB
mem[X,0x000000008003EB10] -> 0x0593
mem[X,0x000000008003EB12] -> 0x0030
[8305] [M]: 0x000000008003EB10 (0x00300593) addi a1, zero, 0x3
x11 <- 0x0000000000000003
mem[X,0x000000008003EB14] -> 0x0113
mem[X,0x000000008003EB16] -> 0x0000
[8306] [M]: 0x000000008003EB14 (0x00000113) addi sp, zero, 0x0
x2 <- 0x0000000000000000
mem[X,0x000000008003EB18] -> 0x006F
mem[X,0x000000008003EB1A] -> 0x0140
[8307] [M]: 0x000000008003EB18 (0x0140006F) jal zero, 0x14
mem[X,0x000000008003EB2C] -> 0x48E3
mem[X,0x000000008003EB2E] -> 0xFEB5
[8308] [M]: 0x000000008003EB2C (0xFEB548E3) blt a0, a1, -0x10
mem[X,0x000000008003EB1C] -> 0x0113
mem[X,0x000000008003EB1E] -> 0x0011
[8309] [M]: 0x000000008003EB1C (0x00110113) addi sp, sp, 0x1
x2 <- 0x0000000000000001
mem[X,0x000000008003EB20] -> 0x006F
mem[X,0x000000008003EB22] -> 0x0200
[8310] [M]: 0x000000008003EB20 (0x0200006F) jal zero, 0x20
mem[X,0x000000008003EB40] -> 0xB823
mem[X,0x000000008003EB42] -> 0x7A20
[8311] [M]: 0x000000008003EB40 (0x7A20B823) sd sp, 0x7b0(ra)
mem[0x0000000080050188] <- 0x0000000000000001
mem[X,0x000000008003EB44] -> 0xB537
mem[X,0x000000008003EB46] -> 0xAAAA
[8312] [M]: 0x000000008003EB44 (0xAAAAB537) lui a0, -0x55555
x10 <- 0xFFFFFFFFAAAAB000
mem[X,0x000000008003EB48] -> 0x0513
mem[X,0x000000008003EB4A] -> 0xAAA5
[8313] [M]: 0x000000008003EB48 (0xAAA50513) addi a0, a0, -0x556
x10 <- 0xFFFFFFFFAAAAAAAA
mem[X,0x000000008003EB4C] -> 0x1513
mem[X,0x000000008003EB4E] -> 0x00B5
[8314] [M]: 0x000000008003EB4C (0x00B51513) slli a0, a0, 0xb
x10 <- 0xFFFFFD5555555000
mem[X,0x000000008003EB50] -> 0x0513
mem[X,0x000000008003EB52] -> 0x5555
[8315] [M]: 0x000000008003EB50 (0x55550513) addi a0, a0, 0x555
x10 <- 0xFFFFFD5555555555
mem[X,0x000000008003EB54] -> 0x1513
mem[X,0x000000008003EB56] -> 0x00B5
[8316] [M]: 0x000000008003EB54 (0x00B51513) slli a0, a0, 0xb
x10 <- 0xFFEAAAAAAAAAA800
mem[X,0x000000008003EB58] -> 0x0513
mem[X,0x000000008003EB5A] -> 0x2AA5
[8317] [M]: 0x000000008003EB58 (0x2AA50513) addi a0, a0, 0x2aa
x10 <- 0xFFEAAAAAAAAAAAAA
mem[X,0x000000008003EB5C] -> 0x1513
mem[X,0x000000008003EB5E] -> 0x00A5
[8318] [M]: 0x000000008003EB5C (0x00A51513) slli a0, a0, 0xa
x10 <- 0xAAAAAAAAAAAAA800
mem[X,0x000000008003EB60] -> 0x0513
mem[X,0x000000008003EB62] -> 0x2AB5
[8319] [M]: 0x000000008003EB60 (0x2AB50513) addi a0, a0, 0x2ab
x10 <- 0xAAAAAAAAAAAAAAAB
mem[X,0x000000008003EB64] -> 0x55B7
mem[X,0x000000008003EB66] -> 0x5555
[8320] [M]: 0x000000008003EB64 (0x555555B7) lui a1, 0x55555
x11 <- 0x0000000055555000
mem[X,0x000000008003EB68] -> 0x8593
mem[X,0x000000008003EB6A] -> 0x5555
[8321] [M]: 0x000000008003EB68 (0x55558593) addi a1, a1, 0x555
x11 <- 0x0000000055555555
mem[X,0x000000008003EB6C] -> 0x9593
mem[X,0x000000008003EB6E] -> 0x00B5
[8322] [M]: 0x000000008003EB6C (0x00B59593) slli a1, a1, 0xb
x11 <- 0x000002AAAAAAA800
mem[X,0x000000008003EB70] -> 0x8593
mem[X,0x000000008003EB72] -> 0x2AA5
[8323] [M]: 0x000000008003EB70 (0x2AA58593) addi a1, a1, 0x2aa
x11 <- 0x000002AAAAAAAAAA
mem[X,0x000000008003EB74] -> 0x9593
mem[X,0x000000008003EB76] -> 0x00B5
[8324] [M]: 0x000000008003EB74 (0x00B59593) slli a1, a1, 0xb
x11 <- 0x0015555555555000
mem[X,0x000000008003EB78] -> 0x8593
mem[X,0x000000008003EB7A] -> 0x5555
[8325] [M]: 0x000000008003EB78 (0x55558593) addi a1, a1, 0x555
x11 <- 0x0015555555555555
mem[X,0x000000008003EB7C] -> 0x9593
mem[X,0x000000008003EB7E] -> 0x00A5
[8326] [M]: 0x000000008003EB7C (0x00A59593) slli a1, a1, 0xa
x11 <- 0x5555555555555400
mem[X,0x000000008003EB80] -> 0x8593
mem[X,0x000000008003EB82] -> 0x1555
[8327] [M]: 0x000000008003EB80 (0x15558593) addi a1, a1, 0x155
x11 <- 0x5555555555555555
mem[X,0x000000008003EB84] -> 0x0113
mem[X,0x000000008003EB86] -> 0x0000
[8328] [M]: 0x000000008003EB84 (0x00000113) addi sp, zero, 0x0
x2 <- 0x0000000000000000
mem[X,0x000000008003EB88] -> 0x006F
mem[X,0x000000008003EB8A] -> 0x0050
[8329] [M]: 0x000000008003EB88 (0x0050006F) jal zero, 0x804
mem[X,0x000000008003F38C] -> 0x40E3
mem[X,0x000000008003F38E] -> 0x80B5
[8330] [M]: 0x000000008003F38C (0x80B540E3) blt a0, a1, -0x800
mem[X,0x000000008003EB8C] -> 0x0113
mem[X,0x000000008003EB8E] -> 0x0011
[8331] [M]: 0x000000008003EB8C (0x00110113) addi sp, sp, 0x1
x2 <- 0x0000000000000001
mem[X,0x000000008003EB90] -> 0x006F
mem[X,0x000000008003EB92] -> 0x0110
[8332] [M]: 0x000000008003EB90 (0x0110006F) jal zero, 0x810
mem[X,0x000000008003F3A0] -> 0xBC23
mem[X,0x000000008003F3A2] -> 0x7A20
[8333] [M]: 0x000000008003F3A0 (0x7A20BC23) sd sp, 0x7b8(ra)
mem[0x0000000080050190] <- 0x0000000000000001
mem[X,0x000000008003F3A4] -> 0xB537
mem[X,0x000000008003F3A6] -> 0xAAAA
[8334] [M]: 0x000000008003F3A4 (0xAAAAB537) lui a0, -0x55555
x10 <- 0xFFFFFFFFAAAAB000
mem[X,0x000000008003F3A8] -> 0x0513
mem[X,0x000000008003F3AA] -> 0xAAA5
[8335] [M]: 0x000000008003F3A8 (0xAAA50513) addi a0, a0, -0x556
x10 <- 0xFFFFFFFFAAAAAAAA
mem[X,0x000000008003F3AC] -> 0x1513
mem[X,0x000000008003F3AE] -> 0x00B5
[8336] [M]: 0x000000008003F3AC (0x00B51513) slli a0, a0, 0xb
x10 <- 0xFFFFFD5555555000
mem[X,0x000000008003F3B0] -> 0x0513
mem[X,0x000000008003F3B2] -> 0x5555
[8337] [M]: 0x000000008003F3B0 (0x55550513) addi a0, a0, 0x555
x10 <- 0xFFFFFD5555555555
mem[X,0x000000008003F3B4] -> 0x1513
mem[X,0x000000008003F3B6] -> 0x00B5
[8338] [M]: 0x000000008003F3B4 (0x00B51513) slli a0, a0, 0xb
x10 <- 0xFFEAAAAAAAAAA800
mem[X,0x000000008003F3B8] -> 0x0513
mem[X,0x000000008003F3BA] -> 0x2AA5
[8339] [M]: 0x000000008003F3B8 (0x2AA50513) addi a0, a0, 0x2aa
x10 <- 0xFFEAAAAAAAAAAAAA
mem[X,0x000000008003F3BC] -> 0x1513
mem[X,0x000000008003F3BE] -> 0x00A5
[8340] [M]: 0x000000008003F3BC (0x00A51513) slli a0, a0, 0xa
x10 <- 0xAAAAAAAAAAAAA800
mem[X,0x000000008003F3C0] -> 0x0513
mem[X,0x000000008003F3C2] -> 0x2AB5
[8341] [M]: 0x000000008003F3C0 (0x2AB50513) addi a0, a0, 0x2ab
x10 <- 0xAAAAAAAAAAAAAAAB
mem[X,0x000000008003F3C4] -> 0xB5B7
mem[X,0x000000008003F3C6] -> 0xAAAA
[8342] [M]: 0x000000008003F3C4 (0xAAAAB5B7) lui a1, -0x55555
x11 <- 0xFFFFFFFFAAAAB000
mem[X,0x000000008003F3C8] -> 0x8593
mem[X,0x000000008003F3CA] -> 0xAAA5
[8343] [M]: 0x000000008003F3C8 (0xAAA58593) addi a1, a1, -0x556
x11 <- 0xFFFFFFFFAAAAAAAA
mem[X,0x000000008003F3CC] -> 0x9593
mem[X,0x000000008003F3CE] -> 0x00B5
[8344] [M]: 0x000000008003F3CC (0x00B59593) slli a1, a1, 0xb
x11 <- 0xFFFFFD5555555000
mem[X,0x000000008003F3D0] -> 0x8593
mem[X,0x000000008003F3D2] -> 0x5555
[8345] [M]: 0x000000008003F3D0 (0x55558593) addi a1, a1, 0x555
x11 <- 0xFFFFFD5555555555
mem[X,0x000000008003F3D4] -> 0x9593
mem[X,0x000000008003F3D6] -> 0x00B5
[8346] [M]: 0x000000008003F3D4 (0x00B59593) slli a1, a1, 0xb
x11 <- 0xFFEAAAAAAAAAA800
mem[X,0x000000008003F3D8] -> 0x8593
mem[X,0x000000008003F3DA] -> 0x2AA5
[8347] [M]: 0x000000008003F3D8 (0x2AA58593) addi a1, a1, 0x2aa
x11 <- 0xFFEAAAAAAAAAAAAA
mem[X,0x000000008003F3DC] -> 0x9593
mem[X,0x000000008003F3DE] -> 0x00A5
[8348] [M]: 0x000000008003F3DC (0x00A59593) slli a1, a1, 0xa
x11 <- 0xAAAAAAAAAAAAA800
mem[X,0x000000008003F3E0] -> 0x8593
mem[X,0x000000008003F3E2] -> 0x2AA5
[8349] [M]: 0x000000008003F3E0 (0x2AA58593) addi a1, a1, 0x2aa
x11 <- 0xAAAAAAAAAAAAAAAA
mem[X,0x000000008003F3E4] -> 0x0113
mem[X,0x000000008003F3E6] -> 0x0000
[8350] [M]: 0x000000008003F3E4 (0x00000113) addi sp, zero, 0x0
x2 <- 0x0000000000000000
mem[X,0x000000008003F3E8] -> 0x006F
mem[X,0x000000008003F3EA] -> 0x00C0
[8351] [M]: 0x000000008003F3E8 (0x00C0006F) jal zero, 0xc
mem[X,0x000000008003F3F4] -> 0x4CE3
mem[X,0x000000008003F3F6] -> 0xFEB5
[8352] [M]: 0x000000008003F3F4 (0xFEB54CE3) blt a0, a1, -0x8
mem[X,0x000000008003F3F8] -> 0x0113
mem[X,0x000000008003F3FA] -> 0x0021
[8353] [M]: 0x000000008003F3F8 (0x00210113) addi sp, sp, 0x2
x2 <- 0x0000000000000002
mem[X,0x000000008003F3FC] -> 0x006F
mem[X,0x000000008003F3FE] -> 0x00C0
[8354] [M]: 0x000000008003F3FC (0x00C0006F) jal zero, 0xc
mem[X,0x000000008003F408] -> 0xB023
mem[X,0x000000008003F40A] -> 0x7C20
[8355] [M]: 0x000000008003F408 (0x7C20B023) sd sp, 0x7c0(ra)
mem[0x0000000080050198] <- 0x0000000000000002
mem[X,0x000000008003F40C] -> 0xB537
mem[X,0x000000008003F40E] -> 0xAAAA
[8356] [M]: 0x000000008003F40C (0xAAAAB537) lui a0, -0x55555
x10 <- 0xFFFFFFFFAAAAB000
mem[X,0x000000008003F410] -> 0x0513
mem[X,0x000000008003F412] -> 0xAAA5
[8357] [M]: 0x000000008003F410 (0xAAA50513) addi a0, a0, -0x556
x10 <- 0xFFFFFFFFAAAAAAAA
mem[X,0x000000008003F414] -> 0x1513
mem[X,0x000000008003F416] -> 0x00B5
[8358] [M]: 0x000000008003F414 (0x00B51513) slli a0, a0, 0xb
x10 <- 0xFFFFFD5555555000
mem[X,0x000000008003F418] -> 0x0513
mem[X,0x000000008003F41A] -> 0x5555
[8359] [M]: 0x000000008003F418 (0x55550513) addi a0, a0, 0x555
x10 <- 0xFFFFFD5555555555
mem[X,0x000000008003F41C] -> 0x1513
mem[X,0x000000008003F41E] -> 0x00B5
[8360] [M]: 0x000000008003F41C (0x00B51513) slli a0, a0, 0xb
x10 <- 0xFFEAAAAAAAAAA800
mem[X,0x000000008003F420] -> 0x0513
mem[X,0x000000008003F422] -> 0x2AA5
[8361] [M]: 0x000000008003F420 (0x2AA50513) addi a0, a0, 0x2aa
x10 <- 0xFFEAAAAAAAAAAAAA
mem[X,0x000000008003F424] -> 0x1513
mem[X,0x000000008003F426] -> 0x00A5
[8362] [M]: 0x000000008003F424 (0x00A51513) slli a0, a0, 0xa
x10 <- 0xAAAAAAAAAAAAA800
mem[X,0x000000008003F428] -> 0x0513
mem[X,0x000000008003F42A] -> 0x2AB5
[8363] [M]: 0x000000008003F428 (0x2AB50513) addi a0, a0, 0x2ab
x10 <- 0xAAAAAAAAAAAAAAAB
mem[X,0x000000008003F42C] -> 0x0593
mem[X,0x000000008003F42E] -> 0x0050
[8364] [M]: 0x000000008003F42C (0x00500593) addi a1, zero, 0x5
x11 <- 0x0000000000000005
mem[X,0x000000008003F430] -> 0x0113
mem[X,0x000000008003F432] -> 0x0000
[8365] [M]: 0x000000008003F430 (0x00000113) addi sp, zero, 0x0
x2 <- 0x0000000000000000
mem[X,0x000000008003F434] -> 0x006F
mem[X,0x000000008003F436] -> 0x00C0
[8366] [M]: 0x000000008003F434 (0x00C0006F) jal zero, 0xc
mem[X,0x000000008003F440] -> 0x4CE3
mem[X,0x000000008003F442] -> 0xFEB5
[8367] [M]: 0x000000008003F440 (0xFEB54CE3) blt a0, a1, -0x8
mem[X,0x000000008003F438] -> 0x0113
mem[X,0x000000008003F43A] -> 0x0011
[8368] [M]: 0x000000008003F438 (0x00110113) addi sp, sp, 0x1
x2 <- 0x0000000000000001
mem[X,0x000000008003F43C] -> 0x006F
mem[X,0x000000008003F43E] -> 0x0180
[8369] [M]: 0x000000008003F43C (0x0180006F) jal zero, 0x18
mem[X,0x000000008003F454] -> 0xB423
mem[X,0x000000008003F456] -> 0x7C20
[8370] [M]: 0x000000008003F454 (0x7C20B423) sd sp, 0x7c8(ra)
mem[0x00000000800501A0] <- 0x0000000000000001
mem[X,0x000000008003F458] -> 0xB537
mem[X,0x000000008003F45A] -> 0xAAAA
[8371] [M]: 0x000000008003F458 (0xAAAAB537) lui a0, -0x55555
x10 <- 0xFFFFFFFFAAAAB000
mem[X,0x000000008003F45C] -> 0x0513
mem[X,0x000000008003F45E] -> 0xAAA5
[8372] [M]: 0x000000008003F45C (0xAAA50513) addi a0, a0, -0x556
x10 <- 0xFFFFFFFFAAAAAAAA
mem[X,0x000000008003F460] -> 0x1513
mem[X,0x000000008003F462] -> 0x00B5
[8373] [M]: 0x000000008003F460 (0x00B51513) slli a0, a0, 0xb
x10 <- 0xFFFFFD5555555000
mem[X,0x000000008003F464] -> 0x0513
mem[X,0x000000008003F466] -> 0x5555
[8374] [M]: 0x000000008003F464 (0x55550513) addi a0, a0, 0x555
x10 <- 0xFFFFFD5555555555
mem[X,0x000000008003F468] -> 0x1513
mem[X,0x000000008003F46A] -> 0x00B5
[8375] [M]: 0x000000008003F468 (0x00B51513) slli a0, a0, 0xb
x10 <- 0xFFEAAAAAAAAAA800
mem[X,0x000000008003F46C] -> 0x0513
mem[X,0x000000008003F46E] -> 0x2AA5
[8376] [M]: 0x000000008003F46C (0x2AA50513) addi a0, a0, 0x2aa
x10 <- 0xFFEAAAAAAAAAAAAA
mem[X,0x000000008003F470] -> 0x1513
mem[X,0x000000008003F472] -> 0x00A5
[8377] [M]: 0x000000008003F470 (0x00A51513) slli a0, a0, 0xa
x10 <- 0xAAAAAAAAAAAAA800
mem[X,0x000000008003F474] -> 0x0513
mem[X,0x000000008003F476] -> 0x2AB5
[8378] [M]: 0x000000008003F474 (0x2AB50513) addi a0, a0, 0x2ab
x10 <- 0xAAAAAAAAAAAAAAAB
mem[X,0x000000008003F478] -> 0x35B7
mem[X,0x000000008003F47A] -> 0x3333
[8379] [M]: 0x000000008003F478 (0x333335B7) lui a1, 0x33333
x11 <- 0x0000000033333000
mem[X,0x000000008003F47C] -> 0x8593
mem[X,0x000000008003F47E] -> 0x3335
[8380] [M]: 0x000000008003F47C (0x33358593) addi a1, a1, 0x333
x11 <- 0x0000000033333333
mem[X,0x000000008003F480] -> 0x9593
mem[X,0x000000008003F482] -> 0x00B5
[8381] [M]: 0x000000008003F480 (0x00B59593) slli a1, a1, 0xb
x11 <- 0x0000019999999800
mem[X,0x000000008003F484] -> 0x8593
mem[X,0x000000008003F486] -> 0x1995
[8382] [M]: 0x000000008003F484 (0x19958593) addi a1, a1, 0x199
x11 <- 0x0000019999999999
mem[X,0x000000008003F488] -> 0x9593
mem[X,0x000000008003F48A] -> 0x00B5
[8383] [M]: 0x000000008003F488 (0x00B59593) slli a1, a1, 0xb
x11 <- 0x000CCCCCCCCCC800
mem[X,0x000000008003F48C] -> 0x8593
mem[X,0x000000008003F48E] -> 0x4CC5
[8384] [M]: 0x000000008003F48C (0x4CC58593) addi a1, a1, 0x4cc
x11 <- 0x000CCCCCCCCCCCCC
mem[X,0x000000008003F490] -> 0x9593
mem[X,0x000000008003F492] -> 0x00A5
[8385] [M]: 0x000000008003F490 (0x00A59593) slli a1, a1, 0xa
x11 <- 0x3333333333333000
mem[X,0x000000008003F494] -> 0x8593
mem[X,0x000000008003F496] -> 0x3335
[8386] [M]: 0x000000008003F494 (0x33358593) addi a1, a1, 0x333
x11 <- 0x3333333333333333
mem[X,0x000000008003F498] -> 0x0113
mem[X,0x000000008003F49A] -> 0x0000
[8387] [M]: 0x000000008003F498 (0x00000113) addi sp, zero, 0x0
x2 <- 0x0000000000000000
mem[X,0x000000008003F49C] -> 0x006F
mem[X,0x000000008003F49E] -> 0x00C0
[8388] [M]: 0x000000008003F49C (0x00C0006F) jal zero, 0xc
mem[X,0x000000008003F4A8] -> 0x4063
mem[X,0x000000008003F4AA] -> 0x20B5
[8389] [M]: 0x000000008003F4A8 (0x20B54063) blt a0, a1, 0x200
mem[X,0x000000008003F6A8] -> 0x0113
mem[X,0x000000008003F6AA] -> 0x0031
[8390] [M]: 0x000000008003F6A8 (0x00310113) addi sp, sp, 0x3
x2 <- 0x0000000000000003
mem[X,0x000000008003F6AC] -> 0x006F
mem[X,0x000000008003F6AE] -> 0x0040
[8391] [M]: 0x000000008003F6AC (0x0040006F) jal zero, 0x4
mem[X,0x000000008003F6B0] -> 0xB823
mem[X,0x000000008003F6B2] -> 0x7C20
[8392] [M]: 0x000000008003F6B0 (0x7C20B823) sd sp, 0x7d0(ra)
mem[0x00000000800501A8] <- 0x0000000000000003
mem[X,0x000000008003F6B4] -> 0xB537
mem[X,0x000000008003F6B6] -> 0xAAAA
[8393] [M]: 0x000000008003F6B4 (0xAAAAB537) lui a0, -0x55555
x10 <- 0xFFFFFFFFAAAAB000
mem[X,0x000000008003F6B8] -> 0x0513
mem[X,0x000000008003F6BA] -> 0xAAA5
[8394] [M]: 0x000000008003F6B8 (0xAAA50513) addi a0, a0, -0x556
x10 <- 0xFFFFFFFFAAAAAAAA
mem[X,0x000000008003F6BC] -> 0x1513
mem[X,0x000000008003F6BE] -> 0x00B5
[8395] [M]: 0x000000008003F6BC (0x00B51513) slli a0, a0, 0xb
x10 <- 0xFFFFFD5555555000
mem[X,0x000000008003F6C0] -> 0x0513
mem[X,0x000000008003F6C2] -> 0x5555
[8396] [M]: 0x000000008003F6C0 (0x55550513) addi a0, a0, 0x555
x10 <- 0xFFFFFD5555555555
mem[X,0x000000008003F6C4] -> 0x1513
mem[X,0x000000008003F6C6] -> 0x00B5
[8397] [M]: 0x000000008003F6C4 (0x00B51513) slli a0, a0, 0xb
x10 <- 0xFFEAAAAAAAAAA800
mem[X,0x000000008003F6C8] -> 0x0513
mem[X,0x000000008003F6CA] -> 0x2AA5
[8398] [M]: 0x000000008003F6C8 (0x2AA50513) addi a0, a0, 0x2aa
x10 <- 0xFFEAAAAAAAAAAAAA
mem[X,0x000000008003F6CC] -> 0x1513
mem[X,0x000000008003F6CE] -> 0x00A5
[8399] [M]: 0x000000008003F6CC (0x00A51513) slli a0, a0, 0xa
x10 <- 0xAAAAAAAAAAAAA800
clint::tick mtime <- 0x0000000000000054
 clint timer pending at mtime 0x0000000000000054
htif::tick 0x0000000000000000
mem[X,0x000000008003F6D0] -> 0x0513
mem[X,0x000000008003F6D2] -> 0x2AB5
[8400] [M]: 0x000000008003F6D0 (0x2AB50513) addi a0, a0, 0x2ab
x10 <- 0xAAAAAAAAAAAAAAAB
mem[X,0x000000008003F6D4] -> 0x65B7
mem[X,0x000000008003F6D6] -> 0x6666
[8401] [M]: 0x000000008003F6D4 (0x666665B7) lui a1, 0x66666
x11 <- 0x0000000066666000
mem[X,0x000000008003F6D8] -> 0x8593
mem[X,0x000000008003F6DA] -> 0x6665
[8402] [M]: 0x000000008003F6D8 (0x66658593) addi a1, a1, 0x666
x11 <- 0x0000000066666666
mem[X,0x000000008003F6DC] -> 0x9593
mem[X,0x000000008003F6DE] -> 0x00B5
[8403] [M]: 0x000000008003F6DC (0x00B59593) slli a1, a1, 0xb
x11 <- 0x0000033333333000
mem[X,0x000000008003F6E0] -> 0x8593
mem[X,0x000000008003F6E2] -> 0x3335
[8404] [M]: 0x000000008003F6E0 (0x33358593) addi a1, a1, 0x333
x11 <- 0x0000033333333333
mem[X,0x000000008003F6E4] -> 0x9593
mem[X,0x000000008003F6E6] -> 0x00B5
[8405] [M]: 0x000000008003F6E4 (0x00B59593) slli a1, a1, 0xb
x11 <- 0x0019999999999800
mem[X,0x000000008003F6E8] -> 0x8593
mem[X,0x000000008003F6EA] -> 0x1995
[8406] [M]: 0x000000008003F6E8 (0x19958593) addi a1, a1, 0x199
x11 <- 0x0019999999999999
mem[X,0x000000008003F6EC] -> 0x9593
mem[X,0x000000008003F6EE] -> 0x00A5
[8407] [M]: 0x000000008003F6EC (0x00A59593) slli a1, a1, 0xa
x11 <- 0x6666666666666400
mem[X,0x000000008003F6F0] -> 0x8593
mem[X,0x000000008003F6F2] -> 0x2665
[8408] [M]: 0x000000008003F6F0 (0x26658593) addi a1, a1, 0x266
x11 <- 0x6666666666666666
mem[X,0x000000008003F6F4] -> 0x0113
mem[X,0x000000008003F6F6] -> 0x0000
[8409] [M]: 0x000000008003F6F4 (0x00000113) addi sp, zero, 0x0
x2 <- 0x0000000000000000
mem[X,0x000000008003F6F8] -> 0x006F
mem[X,0x000000008003F6FA] -> 0x0180
[8410] [M]: 0x000000008003F6F8 (0x0180006F) jal zero, 0x18
mem[X,0x000000008003F710] -> 0x46E3
mem[X,0x000000008003F712] -> 0xFEB5
[8411] [M]: 0x000000008003F710 (0xFEB546E3) blt a0, a1, -0x14
mem[X,0x000000008003F6FC] -> 0x0113
mem[X,0x000000008003F6FE] -> 0x0011
[8412] [M]: 0x000000008003F6FC (0x00110113) addi sp, sp, 0x1
x2 <- 0x0000000000000001
mem[X,0x000000008003F700] -> 0x006F
mem[X,0x000000008003F702] -> 0x0240
[8413] [M]: 0x000000008003F700 (0x0240006F) jal zero, 0x24
mem[X,0x000000008003F724] -> 0xBC23
mem[X,0x000000008003F726] -> 0x7C20
[8414] [M]: 0x000000008003F724 (0x7C20BC23) sd sp, 0x7d8(ra)
mem[0x00000000800501B0] <- 0x0000000000000001
mem[X,0x000000008003F728] -> 0xB537
mem[X,0x000000008003F72A] -> 0xAAAA
[8415] [M]: 0x000000008003F728 (0xAAAAB537) lui a0, -0x55555
x10 <- 0xFFFFFFFFAAAAB000
mem[X,0x000000008003F72C] -> 0x0513
mem[X,0x000000008003F72E] -> 0xAAA5
[8416] [M]: 0x000000008003F72C (0xAAA50513) addi a0, a0, -0x556
x10 <- 0xFFFFFFFFAAAAAAAA
mem[X,0x000000008003F730] -> 0x1513
mem[X,0x000000008003F732] -> 0x00B5
[8417] [M]: 0x000000008003F730 (0x00B51513) slli a0, a0, 0xb
x10 <- 0xFFFFFD5555555000
mem[X,0x000000008003F734] -> 0x0513
mem[X,0x000000008003F736] -> 0x5555
[8418] [M]: 0x000000008003F734 (0x55550513) addi a0, a0, 0x555
x10 <- 0xFFFFFD5555555555
mem[X,0x000000008003F738] -> 0x1513
mem[X,0x000000008003F73A] -> 0x00B5
[8419] [M]: 0x000000008003F738 (0x00B51513) slli a0, a0, 0xb
x10 <- 0xFFEAAAAAAAAAA800
mem[X,0x000000008003F73C] -> 0x0513
mem[X,0x000000008003F73E] -> 0x2AA5
[8420] [M]: 0x000000008003F73C (0x2AA50513) addi a0, a0, 0x2aa
x10 <- 0xFFEAAAAAAAAAAAAA
mem[X,0x000000008003F740] -> 0x1513
mem[X,0x000000008003F742] -> 0x00A5
[8421] [M]: 0x000000008003F740 (0x00A51513) slli a0, a0, 0xa
x10 <- 0xAAAAAAAAAAAAA800
mem[X,0x000000008003F744] -> 0x0513
mem[X,0x000000008003F746] -> 0x2AB5
[8422] [M]: 0x000000008003F744 (0x2AB50513) addi a0, a0, 0x2ab
x10 <- 0xAAAAAAAAAAAAAAAB
mem[X,0x000000008003F748] -> 0x05B7
mem[X,0x000000008003F74A] -> 0x0000
[8423] [M]: 0x000000008003F748 (0x000005B7) lui a1, 0x0
x11 <- 0x0000000000000000
mem[X,0x000000008003F74C] -> 0x8593
mem[X,0x000000008003F74E] -> 0xFFF5
[8424] [M]: 0x000000008003F74C (0xFFF58593) addi a1, a1, -0x1
x11 <- 0xFFFFFFFFFFFFFFFF
mem[X,0x000000008003F750] -> 0x9593
mem[X,0x000000008003F752] -> 0x00B5
[8425] [M]: 0x000000008003F750 (0x00B59593) slli a1, a1, 0xb
x11 <- 0xFFFFFFFFFFFFF800
mem[X,0x000000008003F754] -> 0x8593
mem[X,0x000000008003F756] -> 0x2575
[8426] [M]: 0x000000008003F754 (0x25758593) addi a1, a1, 0x257
x11 <- 0xFFFFFFFFFFFFFA57
mem[X,0x000000008003F758] -> 0x9593
mem[X,0x000000008003F75A] -> 0x00B5
[8427] [M]: 0x000000008003F758 (0x00B59593) slli a1, a1, 0xb
x11 <- 0xFFFFFFFFFFD2B800
mem[X,0x000000008003F75C] -> 0x8593
mem[X,0x000000008003F75E] -> 0x6C35
[8428] [M]: 0x000000008003F75C (0x6C358593) addi a1, a1, 0x6c3
x11 <- 0xFFFFFFFFFFD2BEC3
mem[X,0x000000008003F760] -> 0x9593
mem[X,0x000000008003F762] -> 0x00A5
[8429] [M]: 0x000000008003F760 (0x00A59593) slli a1, a1, 0xa
x11 <- 0xFFFFFFFF4AFB0C00
mem[X,0x000000008003F764] -> 0x8593
mem[X,0x000000008003F766] -> 0x0CD5
[8430] [M]: 0x000000008003F764 (0x0CD58593) addi a1, a1, 0xcd
x11 <- 0xFFFFFFFF4AFB0CCD
mem[X,0x000000008003F768] -> 0x0113
mem[X,0x000000008003F76A] -> 0x0000
[8431] [M]: 0x000000008003F768 (0x00000113) addi sp, zero, 0x0
x2 <- 0x0000000000000000
mem[X,0x000000008003F76C] -> 0x006F
mem[X,0x000000008003F76E] -> 0x00C0
[8432] [M]: 0x000000008003F76C (0x00C0006F) jal zero, 0xc
mem[X,0x000000008003F778] -> 0x4CE3
mem[X,0x000000008003F77A] -> 0xFEB5
[8433] [M]: 0x000000008003F778 (0xFEB54CE3) blt a0, a1, -0x8
mem[X,0x000000008003F770] -> 0x0113
mem[X,0x000000008003F772] -> 0x0011
[8434] [M]: 0x000000008003F770 (0x00110113) addi sp, sp, 0x1
x2 <- 0x0000000000000001
mem[X,0x000000008003F774] -> 0x006F
mem[X,0x000000008003F776] -> 0x0180
[8435] [M]: 0x000000008003F774 (0x0180006F) jal zero, 0x18
mem[X,0x000000008003F78C] -> 0xB023
mem[X,0x000000008003F78E] -> 0x7E20
[8436] [M]: 0x000000008003F78C (0x7E20B023) sd sp, 0x7e0(ra)
mem[0x00000000800501B8] <- 0x0000000000000001
mem[X,0x000000008003F790] -> 0xB537
mem[X,0x000000008003F792] -> 0xAAAA
[8437] [M]: 0x000000008003F790 (0xAAAAB537) lui a0, -0x55555
x10 <- 0xFFFFFFFFAAAAB000
mem[X,0x000000008003F794] -> 0x0513
mem[X,0x000000008003F796] -> 0xAAA5
[8438] [M]: 0x000000008003F794 (0xAAA50513) addi a0, a0, -0x556
x10 <- 0xFFFFFFFFAAAAAAAA
mem[X,0x000000008003F798] -> 0x1513
mem[X,0x000000008003F79A] -> 0x00B5
[8439] [M]: 0x000000008003F798 (0x00B51513) slli a0, a0, 0xb
x10 <- 0xFFFFFD5555555000
mem[X,0x000000008003F79C] -> 0x0513
mem[X,0x000000008003F79E] -> 0x5555
[8440] [M]: 0x000000008003F79C (0x55550513) addi a0, a0, 0x555
x10 <- 0xFFFFFD5555555555
mem[X,0x000000008003F7A0] -> 0x1513
mem[X,0x000000008003F7A2] -> 0x00B5
[8441] [M]: 0x000000008003F7A0 (0x00B51513) slli a0, a0, 0xb
x10 <- 0xFFEAAAAAAAAAA800
mem[X,0x000000008003F7A4] -> 0x0513
mem[X,0x000000008003F7A6] -> 0x2AA5
[8442] [M]: 0x000000008003F7A4 (0x2AA50513) addi a0, a0, 0x2aa
x10 <- 0xFFEAAAAAAAAAAAAA
mem[X,0x000000008003F7A8] -> 0x1513
mem[X,0x000000008003F7AA] -> 0x00A5
[8443] [M]: 0x000000008003F7A8 (0x00A51513) slli a0, a0, 0xa
x10 <- 0xAAAAAAAAAAAAA800
mem[X,0x000000008003F7AC] -> 0x0513
mem[X,0x000000008003F7AE] -> 0x2AB5
[8444] [M]: 0x000000008003F7AC (0x2AB50513) addi a0, a0, 0x2ab
x10 <- 0xAAAAAAAAAAAAAAAB
mem[X,0x000000008003F7B0] -> 0x05B7
mem[X,0x000000008003F7B2] -> 0x0000
[8445] [M]: 0x000000008003F7B0 (0x000005B7) lui a1, 0x0
x11 <- 0x0000000000000000
mem[X,0x000000008003F7B4] -> 0x8593
mem[X,0x000000008003F7B6] -> 0x0005
[8446] [M]: 0x000000008003F7B4 (0x00058593) addi a1, a1, 0x0
x11 <- 0x0000000000000000
mem[X,0x000000008003F7B8] -> 0x9593
mem[X,0x000000008003F7BA] -> 0x00B5
[8447] [M]: 0x000000008003F7B8 (0x00B59593) slli a1, a1, 0xb
x11 <- 0x0000000000000000
mem[X,0x000000008003F7BC] -> 0x8593
mem[X,0x000000008003F7BE] -> 0x5A85
[8448] [M]: 0x000000008003F7BC (0x5A858593) addi a1, a1, 0x5a8
x11 <- 0x00000000000005A8
mem[X,0x000000008003F7C0] -> 0x9593
mem[X,0x000000008003F7C2] -> 0x00B5
[8449] [M]: 0x000000008003F7C0 (0x00B59593) slli a1, a1, 0xb
x11 <- 0x00000000002D4000
mem[X,0x000000008003F7C4] -> 0x8593
mem[X,0x000000008003F7C6] -> 0x13C5
[8450] [M]: 0x000000008003F7C4 (0x13C58593) addi a1, a1, 0x13c
x11 <- 0x00000000002D413C
mem[X,0x000000008003F7C8] -> 0x9593
mem[X,0x000000008003F7CA] -> 0x00A5
[8451] [M]: 0x000000008003F7C8 (0x00A59593) slli a1, a1, 0xa
x11 <- 0x00000000B504F000
mem[X,0x000000008003F7CC] -> 0x8593
mem[X,0x000000008003F7CE] -> 0x3335
[8452] [M]: 0x000000008003F7CC (0x33358593) addi a1, a1, 0x333
x11 <- 0x00000000B504F333
mem[X,0x000000008003F7D0] -> 0x0113
mem[X,0x000000008003F7D2] -> 0x0000
[8453] [M]: 0x000000008003F7D0 (0x00000113) addi sp, zero, 0x0
x2 <- 0x0000000000000000
mem[X,0x000000008003F7D4] -> 0x006F
mem[X,0x000000008003F7D6] -> 0x00C0
[8454] [M]: 0x000000008003F7D4 (0x00C0006F) jal zero, 0xc
mem[X,0x000000008003F7E0] -> 0x4863
mem[X,0x000000008003F7E2] -> 0x00B5
[8455] [M]: 0x000000008003F7E0 (0x00B54863) blt a0, a1, 0x10
mem[X,0x000000008003F7F0] -> 0x0113
mem[X,0x000000008003F7F2] -> 0x0031
[8456] [M]: 0x000000008003F7F0 (0x00310113) addi sp, sp, 0x3
x2 <- 0x0000000000000003
mem[X,0x000000008003F7F4] -> 0x006F
mem[X,0x000000008003F7F6] -> 0x0040
[8457] [M]: 0x000000008003F7F4 (0x0040006F) jal zero, 0x4
mem[X,0x000000008003F7F8] -> 0xB423
mem[X,0x000000008003F7FA] -> 0x7E20
[8458] [M]: 0x000000008003F7F8 (0x7E20B423) sd sp, 0x7e8(ra)
mem[0x00000000800501C0] <- 0x0000000000000003
mem[X,0x000000008003F7FC] -> 0xB537
mem[X,0x000000008003F7FE] -> 0xAAAA
[8459] [M]: 0x000000008003F7FC (0xAAAAB537) lui a0, -0x55555
x10 <- 0xFFFFFFFFAAAAB000
mem[X,0x000000008003F800] -> 0x0513
mem[X,0x000000008003F802] -> 0xAAA5
[8460] [M]: 0x000000008003F800 (0xAAA50513) addi a0, a0, -0x556
x10 <- 0xFFFFFFFFAAAAAAAA
mem[X,0x000000008003F804] -> 0x1513
mem[X,0x000000008003F806] -> 0x00B5
[8461] [M]: 0x000000008003F804 (0x00B51513) slli a0, a0, 0xb
x10 <- 0xFFFFFD5555555000
mem[X,0x000000008003F808] -> 0x0513
mem[X,0x000000008003F80A] -> 0x5555
[8462] [M]: 0x000000008003F808 (0x55550513) addi a0, a0, 0x555
x10 <- 0xFFFFFD5555555555
mem[X,0x000000008003F80C] -> 0x1513
mem[X,0x000000008003F80E] -> 0x00B5
[8463] [M]: 0x000000008003F80C (0x00B51513) slli a0, a0, 0xb
x10 <- 0xFFEAAAAAAAAAA800
mem[X,0x000000008003F810] -> 0x0513
mem[X,0x000000008003F812] -> 0x2AA5
[8464] [M]: 0x000000008003F810 (0x2AA50513) addi a0, a0, 0x2aa
x10 <- 0xFFEAAAAAAAAAAAAA
mem[X,0x000000008003F814] -> 0x1513
mem[X,0x000000008003F816] -> 0x00A5
[8465] [M]: 0x000000008003F814 (0x00A51513) slli a0, a0, 0xa
x10 <- 0xAAAAAAAAAAAAA800
mem[X,0x000000008003F818] -> 0x0513
mem[X,0x000000008003F81A] -> 0x2AB5
[8466] [M]: 0x000000008003F818 (0x2AB50513) addi a0, a0, 0x2ab
x10 <- 0xAAAAAAAAAAAAAAAB
mem[X,0x000000008003F81C] -> 0x0593
mem[X,0x000000008003F81E] -> 0x0020
[8467] [M]: 0x000000008003F81C (0x00200593) addi a1, zero, 0x2
x11 <- 0x0000000000000002
mem[X,0x000000008003F820] -> 0x0113
mem[X,0x000000008003F822] -> 0x0000
[8468] [M]: 0x000000008003F820 (0x00000113) addi sp, zero, 0x0
x2 <- 0x0000000000000000
mem[X,0x000000008003F824] -> 0x006F
mem[X,0x000000008003F826] -> 0x00C0
[8469] [M]: 0x000000008003F824 (0x00C0006F) jal zero, 0xc
mem[X,0x000000008003F830] -> 0x4663
mem[X,0x000000008003F832] -> 0x00B5
[8470] [M]: 0x000000008003F830 (0x00B54663) blt a0, a1, 0xc
mem[X,0x000000008003F83C] -> 0x0113
mem[X,0x000000008003F83E] -> 0x0031
[8471] [M]: 0x000000008003F83C (0x00310113) addi sp, sp, 0x3
x2 <- 0x0000000000000003
mem[X,0x000000008003F840] -> 0x006F
mem[X,0x000000008003F842] -> 0x0040
[8472] [M]: 0x000000008003F840 (0x0040006F) jal zero, 0x4
mem[X,0x000000008003F844] -> 0xB823
mem[X,0x000000008003F846] -> 0x7E20
[8473] [M]: 0x000000008003F844 (0x7E20B823) sd sp, 0x7f0(ra)
mem[0x00000000800501C8] <- 0x0000000000000003
mem[X,0x000000008003F848] -> 0xB537
mem[X,0x000000008003F84A] -> 0xAAAA
[8474] [M]: 0x000000008003F848 (0xAAAAB537) lui a0, -0x55555
x10 <- 0xFFFFFFFFAAAAB000
mem[X,0x000000008003F84C] -> 0x0513
mem[X,0x000000008003F84E] -> 0xAAA5
[8475] [M]: 0x000000008003F84C (0xAAA50513) addi a0, a0, -0x556
x10 <- 0xFFFFFFFFAAAAAAAA
mem[X,0x000000008003F850] -> 0x1513
mem[X,0x000000008003F852] -> 0x00B5
[8476] [M]: 0x000000008003F850 (0x00B51513) slli a0, a0, 0xb
x10 <- 0xFFFFFD5555555000
mem[X,0x000000008003F854] -> 0x0513
mem[X,0x000000008003F856] -> 0x5555
[8477] [M]: 0x000000008003F854 (0x55550513) addi a0, a0, 0x555
x10 <- 0xFFFFFD5555555555
mem[X,0x000000008003F858] -> 0x1513
mem[X,0x000000008003F85A] -> 0x00B5
[8478] [M]: 0x000000008003F858 (0x00B51513) slli a0, a0, 0xb
x10 <- 0xFFEAAAAAAAAAA800
mem[X,0x000000008003F85C] -> 0x0513
mem[X,0x000000008003F85E] -> 0x2AA5
[8479] [M]: 0x000000008003F85C (0x2AA50513) addi a0, a0, 0x2aa
x10 <- 0xFFEAAAAAAAAAAAAA
mem[X,0x000000008003F860] -> 0x1513
mem[X,0x000000008003F862] -> 0x00A5
[8480] [M]: 0x000000008003F860 (0x00A51513) slli a0, a0, 0xa
x10 <- 0xAAAAAAAAAAAAA800
mem[X,0x000000008003F864] -> 0x0513
mem[X,0x000000008003F866] -> 0x2AB5
[8481] [M]: 0x000000008003F864 (0x2AB50513) addi a0, a0, 0x2ab
x10 <- 0xAAAAAAAAAAAAAAAB
mem[X,0x000000008003F868] -> 0x55B7
mem[X,0x000000008003F86A] -> 0x5555
[8482] [M]: 0x000000008003F868 (0x555555B7) lui a1, 0x55555
x11 <- 0x0000000055555000
mem[X,0x000000008003F86C] -> 0x8593
mem[X,0x000000008003F86E] -> 0x5555
[8483] [M]: 0x000000008003F86C (0x55558593) addi a1, a1, 0x555
x11 <- 0x0000000055555555
mem[X,0x000000008003F870] -> 0x9593
mem[X,0x000000008003F872] -> 0x00B5
[8484] [M]: 0x000000008003F870 (0x00B59593) slli a1, a1, 0xb
x11 <- 0x000002AAAAAAA800
mem[X,0x000000008003F874] -> 0x8593
mem[X,0x000000008003F876] -> 0x2AA5
[8485] [M]: 0x000000008003F874 (0x2AA58593) addi a1, a1, 0x2aa
x11 <- 0x000002AAAAAAAAAA
mem[X,0x000000008003F878] -> 0x9593
mem[X,0x000000008003F87A] -> 0x00B5
[8486] [M]: 0x000000008003F878 (0x00B59593) slli a1, a1, 0xb
x11 <- 0x0015555555555000
mem[X,0x000000008003F87C] -> 0x8593
mem[X,0x000000008003F87E] -> 0x5555
[8487] [M]: 0x000000008003F87C (0x55558593) addi a1, a1, 0x555
x11 <- 0x0015555555555555
mem[X,0x000000008003F880] -> 0x9593
mem[X,0x000000008003F882] -> 0x00A5
[8488] [M]: 0x000000008003F880 (0x00A59593) slli a1, a1, 0xa
x11 <- 0x5555555555555400
mem[X,0x000000008003F884] -> 0x8593
mem[X,0x000000008003F886] -> 0x1545
[8489] [M]: 0x000000008003F884 (0x15458593) addi a1, a1, 0x154
x11 <- 0x5555555555555554
mem[X,0x000000008003F888] -> 0x0113
mem[X,0x000000008003F88A] -> 0x0000
[8490] [M]: 0x000000008003F888 (0x00000113) addi sp, zero, 0x0
x2 <- 0x0000000000000000
mem[X,0x000000008003F88C] -> 0x006F
mem[X,0x000000008003F88E] -> 0x00C0
[8491] [M]: 0x000000008003F88C (0x00C0006F) jal zero, 0xc
mem[X,0x000000008003F898] -> 0x4063
mem[X,0x000000008003F89A] -> 0x04B5
[8492] [M]: 0x000000008003F898 (0x04B54063) blt a0, a1, 0x40
mem[X,0x000000008003F8D8] -> 0x0113
mem[X,0x000000008003F8DA] -> 0x0031
[8493] [M]: 0x000000008003F8D8 (0x00310113) addi sp, sp, 0x3
x2 <- 0x0000000000000003
mem[X,0x000000008003F8DC] -> 0x006F
mem[X,0x000000008003F8DE] -> 0x0040
[8494] [M]: 0x000000008003F8DC (0x0040006F) jal zero, 0x4
mem[X,0x000000008003F8E0] -> 0xBC23
mem[X,0x000000008003F8E2] -> 0x7E20
[8495] [M]: 0x000000008003F8E0 (0x7E20BC23) sd sp, 0x7f8(ra)
mem[0x00000000800501D0] <- 0x0000000000000003
mem[X,0x000000008003F8E4] -> 0x0013
mem[X,0x000000008003F8E6] -> 0x0000
[8496] [M]: 0x000000008003F8E4 (0x00000013) addi zero, zero, 0x0
mem[X,0x000000008003F8E8] -> 0x0013
mem[X,0x000000008003F8EA] -> 0x0000
[8497] [M]: 0x000000008003F8E8 (0x00000013) addi zero, zero, 0x0
mem[X,0x000000008003F8EC] -> 0x0013
mem[X,0x000000008003F8EE] -> 0x0000
[8498] [M]: 0x000000008003F8EC (0x00000013) addi zero, zero, 0x0
mem[X,0x000000008003F8F0] -> 0x0013
mem[X,0x000000008003F8F2] -> 0x0000
[8499] [M]: 0x000000008003F8F0 (0x00000013) addi zero, zero, 0x0
clint::tick mtime <- 0x0000000000000055
 clint timer pending at mtime 0x0000000000000055
htif::tick 0x0000000000000000
mem[X,0x000000008003F8F4] -> 0x0013
mem[X,0x000000008003F8F6] -> 0x0000
[8500] [M]: 0x000000008003F8F4 (0x00000013) addi zero, zero, 0x0
mem[X,0x000000008003F8F8] -> 0x0013
mem[X,0x000000008003F8FA] -> 0x0000
[8501] [M]: 0x000000008003F8F8 (0x00000013) addi zero, zero, 0x0
mem[X,0x000000008003F8FC] -> 0x0013
mem[X,0x000000008003F8FE] -> 0x0000
[8502] [M]: 0x000000008003F8FC (0x00000013) addi zero, zero, 0x0
mem[X,0x000000008003F900] -> 0x1097
mem[X,0x000000008003F902] -> 0x0001
[8503] [M]: 0x000000008003F900 (0x00011097) auipc ra, 0x11
x1 <- 0x0000000080050900
mem[X,0x000000008003F904] -> 0x8093
mem[X,0x000000008003F906] -> 0x8D80
[8504] [M]: 0x000000008003F904 (0x8D808093) addi ra, ra, -0x728
x1 <- 0x00000000800501D8
mem[X,0x000000008003F908] -> 0x0013
mem[X,0x000000008003F90A] -> 0x0000
[8505] [M]: 0x000000008003F908 (0x00000013) addi zero, zero, 0x0
mem[X,0x000000008003F90C] -> 0x0013
mem[X,0x000000008003F90E] -> 0x0000
[8506] [M]: 0x000000008003F90C (0x00000013) addi zero, zero, 0x0
mem[X,0x000000008003F910] -> 0x0013
mem[X,0x000000008003F912] -> 0x0000
[8507] [M]: 0x000000008003F910 (0x00000013) addi zero, zero, 0x0
mem[X,0x000000008003F914] -> 0x0013
mem[X,0x000000008003F916] -> 0x0000
[8508] [M]: 0x000000008003F914 (0x00000013) addi zero, zero, 0x0
mem[X,0x000000008003F918] -> 0x0013
mem[X,0x000000008003F91A] -> 0x0000
[8509] [M]: 0x000000008003F918 (0x00000013) addi zero, zero, 0x0
mem[X,0x000000008003F91C] -> 0x0013
mem[X,0x000000008003F91E] -> 0x0000
[8510] [M]: 0x000000008003F91C (0x00000013) addi zero, zero, 0x0
mem[X,0x000000008003F920] -> 0xB537
mem[X,0x000000008003F922] -> 0xAAAA
[8511] [M]: 0x000000008003F920 (0xAAAAB537) lui a0, -0x55555
x10 <- 0xFFFFFFFFAAAAB000
mem[X,0x000000008003F924] -> 0x0513
mem[X,0x000000008003F926] -> 0xAAA5
[8512] [M]: 0x000000008003F924 (0xAAA50513) addi a0, a0, -0x556
x10 <- 0xFFFFFFFFAAAAAAAA
mem[X,0x000000008003F928] -> 0x1513
mem[X,0x000000008003F92A] -> 0x00B5
[8513] [M]: 0x000000008003F928 (0x00B51513) slli a0, a0, 0xb
x10 <- 0xFFFFFD5555555000
mem[X,0x000000008003F92C] -> 0x0513
mem[X,0x000000008003F92E] -> 0x5555
[8514] [M]: 0x000000008003F92C (0x55550513) addi a0, a0, 0x555
x10 <- 0xFFFFFD5555555555
mem[X,0x000000008003F930] -> 0x1513
mem[X,0x000000008003F932] -> 0x00B5
[8515] [M]: 0x000000008003F930 (0x00B51513) slli a0, a0, 0xb
x10 <- 0xFFEAAAAAAAAAA800
mem[X,0x000000008003F934] -> 0x0513
mem[X,0x000000008003F936] -> 0x2AA5
[8516] [M]: 0x000000008003F934 (0x2AA50513) addi a0, a0, 0x2aa
x10 <- 0xFFEAAAAAAAAAAAAA
mem[X,0x000000008003F938] -> 0x1513
mem[X,0x000000008003F93A] -> 0x00A5
[8517] [M]: 0x000000008003F938 (0x00A51513) slli a0, a0, 0xa
x10 <- 0xAAAAAAAAAAAAA800
mem[X,0x000000008003F93C] -> 0x0513
mem[X,0x000000008003F93E] -> 0x2AB5
[8518] [M]: 0x000000008003F93C (0x2AB50513) addi a0, a0, 0x2ab
x10 <- 0xAAAAAAAAAAAAAAAB
mem[X,0x000000008003F940] -> 0x0593
mem[X,0x000000008003F942] -> 0x0000
[8519] [M]: 0x000000008003F940 (0x00000593) addi a1, zero, 0x0
x11 <- 0x0000000000000000
mem[X,0x000000008003F944] -> 0x0113
mem[X,0x000000008003F946] -> 0x0000
[8520] [M]: 0x000000008003F944 (0x00000113) addi sp, zero, 0x0
x2 <- 0x0000000000000000
mem[X,0x000000008003F948] -> 0x006F
mem[X,0x000000008003F94A] -> 0x00C0
[8521] [M]: 0x000000008003F948 (0x00C0006F) jal zero, 0xc
mem[X,0x000000008003F954] -> 0x4063
mem[X,0x000000008003F956] -> 0x10B5
[8522] [M]: 0x000000008003F954 (0x10B54063) blt a0, a1, 0x100
mem[X,0x000000008003FA54] -> 0x0113
mem[X,0x000000008003FA56] -> 0x0031
[8523] [M]: 0x000000008003FA54 (0x00310113) addi sp, sp, 0x3
x2 <- 0x0000000000000003
mem[X,0x000000008003FA58] -> 0x006F
mem[X,0x000000008003FA5A] -> 0x0040
[8524] [M]: 0x000000008003FA58 (0x0040006F) jal zero, 0x4
mem[X,0x000000008003FA5C] -> 0xB023
mem[X,0x000000008003FA5E] -> 0x0020
[8525] [M]: 0x000000008003FA5C (0x0020B023) sd sp, 0x0(ra)
mem[0x00000000800501D8] <- 0x0000000000000003
mem[X,0x000000008003FA60] -> 0xB537
mem[X,0x000000008003FA62] -> 0xAAAA
[8526] [M]: 0x000000008003FA60 (0xAAAAB537) lui a0, -0x55555
x10 <- 0xFFFFFFFFAAAAB000
mem[X,0x000000008003FA64] -> 0x0513
mem[X,0x000000008003FA66] -> 0xAAA5
[8527] [M]: 0x000000008003FA64 (0xAAA50513) addi a0, a0, -0x556
x10 <- 0xFFFFFFFFAAAAAAAA
mem[X,0x000000008003FA68] -> 0x1513
mem[X,0x000000008003FA6A] -> 0x00B5
[8528] [M]: 0x000000008003FA68 (0x00B51513) slli a0, a0, 0xb
x10 <- 0xFFFFFD5555555000
mem[X,0x000000008003FA6C] -> 0x0513
mem[X,0x000000008003FA6E] -> 0x5555
[8529] [M]: 0x000000008003FA6C (0x55550513) addi a0, a0, 0x555
x10 <- 0xFFFFFD5555555555
mem[X,0x000000008003FA70] -> 0x1513
mem[X,0x000000008003FA72] -> 0x00B5
[8530] [M]: 0x000000008003FA70 (0x00B51513) slli a0, a0, 0xb
x10 <- 0xFFEAAAAAAAAAA800
mem[X,0x000000008003FA74] -> 0x0513
mem[X,0x000000008003FA76] -> 0x2AA5
[8531] [M]: 0x000000008003FA74 (0x2AA50513) addi a0, a0, 0x2aa
x10 <- 0xFFEAAAAAAAAAAAAA
mem[X,0x000000008003FA78] -> 0x1513
mem[X,0x000000008003FA7A] -> 0x00A5
[8532] [M]: 0x000000008003FA78 (0x00A51513) slli a0, a0, 0xa
x10 <- 0xAAAAAAAAAAAAA800
mem[X,0x000000008003FA7C] -> 0x0513
mem[X,0x000000008003FA7E] -> 0x2AB5
[8533] [M]: 0x000000008003FA7C (0x2AB50513) addi a0, a0, 0x2ab
x10 <- 0xAAAAAAAAAAAAAAAB
mem[X,0x000000008003FA80] -> 0x0593
mem[X,0x000000008003FA82] -> 0x0040
[8534] [M]: 0x000000008003FA80 (0x00400593) addi a1, zero, 0x4
x11 <- 0x0000000000000004
mem[X,0x000000008003FA84] -> 0x0113
mem[X,0x000000008003FA86] -> 0x0000
[8535] [M]: 0x000000008003FA84 (0x00000113) addi sp, zero, 0x0
x2 <- 0x0000000000000000
mem[X,0x000000008003FA88] -> 0x006F
mem[X,0x000000008003FA8A] -> 0x00C0
[8536] [M]: 0x000000008003FA88 (0x00C0006F) jal zero, 0xc
mem[X,0x000000008003FA94] -> 0x4663
mem[X,0x000000008003FA96] -> 0x00B5
[8537] [M]: 0x000000008003FA94 (0x00B54663) blt a0, a1, 0xc
mem[X,0x000000008003FAA0] -> 0x0113
mem[X,0x000000008003FAA2] -> 0x0031
[8538] [M]: 0x000000008003FAA0 (0x00310113) addi sp, sp, 0x3
x2 <- 0x0000000000000003
mem[X,0x000000008003FAA4] -> 0x006F
mem[X,0x000000008003FAA6] -> 0x0040
[8539] [M]: 0x000000008003FAA4 (0x0040006F) jal zero, 0x4
mem[X,0x000000008003FAA8] -> 0xB423
mem[X,0x000000008003FAAA] -> 0x0020
[8540] [M]: 0x000000008003FAA8 (0x0020B423) sd sp, 0x8(ra)
mem[0x00000000800501E0] <- 0x0000000000000003
mem[X,0x000000008003FAAC] -> 0xB537
mem[X,0x000000008003FAAE] -> 0xAAAA
[8541] [M]: 0x000000008003FAAC (0xAAAAB537) lui a0, -0x55555
x10 <- 0xFFFFFFFFAAAAB000
mem[X,0x000000008003FAB0] -> 0x0513
mem[X,0x000000008003FAB2] -> 0xAAA5
[8542] [M]: 0x000000008003FAB0 (0xAAA50513) addi a0, a0, -0x556
x10 <- 0xFFFFFFFFAAAAAAAA
mem[X,0x000000008003FAB4] -> 0x1513
mem[X,0x000000008003FAB6] -> 0x00B5
[8543] [M]: 0x000000008003FAB4 (0x00B51513) slli a0, a0, 0xb
x10 <- 0xFFFFFD5555555000
mem[X,0x000000008003FAB8] -> 0x0513
mem[X,0x000000008003FABA] -> 0x5555
[8544] [M]: 0x000000008003FAB8 (0x55550513) addi a0, a0, 0x555
x10 <- 0xFFFFFD5555555555
mem[X,0x000000008003FABC] -> 0x1513
mem[X,0x000000008003FABE] -> 0x00B5
[8545] [M]: 0x000000008003FABC (0x00B51513) slli a0, a0, 0xb
x10 <- 0xFFEAAAAAAAAAA800
mem[X,0x000000008003FAC0] -> 0x0513
mem[X,0x000000008003FAC2] -> 0x2AA5
[8546] [M]: 0x000000008003FAC0 (0x2AA50513) addi a0, a0, 0x2aa
x10 <- 0xFFEAAAAAAAAAAAAA
mem[X,0x000000008003FAC4] -> 0x1513
mem[X,0x000000008003FAC6] -> 0x00A5
[8547] [M]: 0x000000008003FAC4 (0x00A51513) slli a0, a0, 0xa
x10 <- 0xAAAAAAAAAAAAA800
mem[X,0x000000008003FAC8] -> 0x0513
mem[X,0x000000008003FACA] -> 0x2AB5
[8548] [M]: 0x000000008003FAC8 (0x2AB50513) addi a0, a0, 0x2ab
x10 <- 0xAAAAAAAAAAAAAAAB
mem[X,0x000000008003FACC] -> 0x35B7
mem[X,0x000000008003FACE] -> 0x3333
[8549] [M]: 0x000000008003FACC (0x333335B7) lui a1, 0x33333
x11 <- 0x0000000033333000
mem[X,0x000000008003FAD0] -> 0x8593
mem[X,0x000000008003FAD2] -> 0x3335
[8550] [M]: 0x000000008003FAD0 (0x33358593) addi a1, a1, 0x333
x11 <- 0x0000000033333333
mem[X,0x000000008003FAD4] -> 0x9593
mem[X,0x000000008003FAD6] -> 0x00B5
[8551] [M]: 0x000000008003FAD4 (0x00B59593) slli a1, a1, 0xb
x11 <- 0x0000019999999800
mem[X,0x000000008003FAD8] -> 0x8593
mem[X,0x000000008003FADA] -> 0x1995
[8552] [M]: 0x000000008003FAD8 (0x19958593) addi a1, a1, 0x199
x11 <- 0x0000019999999999
mem[X,0x000000008003FADC] -> 0x9593
mem[X,0x000000008003FADE] -> 0x00B5
[8553] [M]: 0x000000008003FADC (0x00B59593) slli a1, a1, 0xb
x11 <- 0x000CCCCCCCCCC800
mem[X,0x000000008003FAE0] -> 0x8593
mem[X,0x000000008003FAE2] -> 0x4CC5
[8554] [M]: 0x000000008003FAE0 (0x4CC58593) addi a1, a1, 0x4cc
x11 <- 0x000CCCCCCCCCCCCC
mem[X,0x000000008003FAE4] -> 0x9593
mem[X,0x000000008003FAE6] -> 0x00A5
[8555] [M]: 0x000000008003FAE4 (0x00A59593) slli a1, a1, 0xa
x11 <- 0x3333333333333000
mem[X,0x000000008003FAE8] -> 0x8593
mem[X,0x000000008003FAEA] -> 0x3325
[8556] [M]: 0x000000008003FAE8 (0x33258593) addi a1, a1, 0x332
x11 <- 0x3333333333333332
mem[X,0x000000008003FAEC] -> 0x0113
mem[X,0x000000008003FAEE] -> 0x0000
[8557] [M]: 0x000000008003FAEC (0x00000113) addi sp, zero, 0x0
x2 <- 0x0000000000000000
mem[X,0x000000008003FAF0] -> 0x006F
mem[X,0x000000008003FAF2] -> 0x00C0
[8558] [M]: 0x000000008003FAF0 (0x00C0006F) jal zero, 0xc
mem[X,0x000000008003FAFC] -> 0x4063
mem[X,0x000000008003FAFE] -> 0x04B5
[8559] [M]: 0x000000008003FAFC (0x04B54063) blt a0, a1, 0x40
mem[X,0x000000008003FB3C] -> 0x0113
mem[X,0x000000008003FB3E] -> 0x0031
[8560] [M]: 0x000000008003FB3C (0x00310113) addi sp, sp, 0x3
x2 <- 0x0000000000000003
mem[X,0x000000008003FB40] -> 0x006F
mem[X,0x000000008003FB42] -> 0x0040
[8561] [M]: 0x000000008003FB40 (0x0040006F) jal zero, 0x4
mem[X,0x000000008003FB44] -> 0xB823
mem[X,0x000000008003FB46] -> 0x0020
[8562] [M]: 0x000000008003FB44 (0x0020B823) sd sp, 0x10(ra)
mem[0x00000000800501E8] <- 0x0000000000000003
mem[X,0x000000008003FB48] -> 0xB537
mem[X,0x000000008003FB4A] -> 0xAAAA
[8563] [M]: 0x000000008003FB48 (0xAAAAB537) lui a0, -0x55555
x10 <- 0xFFFFFFFFAAAAB000
mem[X,0x000000008003FB4C] -> 0x0513
mem[X,0x000000008003FB4E] -> 0xAAA5
[8564] [M]: 0x000000008003FB4C (0xAAA50513) addi a0, a0, -0x556
x10 <- 0xFFFFFFFFAAAAAAAA
mem[X,0x000000008003FB50] -> 0x1513
mem[X,0x000000008003FB52] -> 0x00B5
[8565] [M]: 0x000000008003FB50 (0x00B51513) slli a0, a0, 0xb
x10 <- 0xFFFFFD5555555000
mem[X,0x000000008003FB54] -> 0x0513
mem[X,0x000000008003FB56] -> 0x5555
[8566] [M]: 0x000000008003FB54 (0x55550513) addi a0, a0, 0x555
x10 <- 0xFFFFFD5555555555
mem[X,0x000000008003FB58] -> 0x1513
mem[X,0x000000008003FB5A] -> 0x00B5
[8567] [M]: 0x000000008003FB58 (0x00B51513) slli a0, a0, 0xb
x10 <- 0xFFEAAAAAAAAAA800
mem[X,0x000000008003FB5C] -> 0x0513
mem[X,0x000000008003FB5E] -> 0x2AA5
[8568] [M]: 0x000000008003FB5C (0x2AA50513) addi a0, a0, 0x2aa
x10 <- 0xFFEAAAAAAAAAAAAA
mem[X,0x000000008003FB60] -> 0x1513
mem[X,0x000000008003FB62] -> 0x00A5
[8569] [M]: 0x000000008003FB60 (0x00A51513) slli a0, a0, 0xa
x10 <- 0xAAAAAAAAAAAAA800
mem[X,0x000000008003FB64] -> 0x0513
mem[X,0x000000008003FB66] -> 0x2AB5
[8570] [M]: 0x000000008003FB64 (0x2AB50513) addi a0, a0, 0x2ab
x10 <- 0xAAAAAAAAAAAAAAAB
mem[X,0x000000008003FB68] -> 0x65B7
mem[X,0x000000008003FB6A] -> 0x6666
[8571] [M]: 0x000000008003FB68 (0x666665B7) lui a1, 0x66666
x11 <- 0x0000000066666000
mem[X,0x000000008003FB6C] -> 0x8593
mem[X,0x000000008003FB6E] -> 0x6665
[8572] [M]: 0x000000008003FB6C (0x66658593) addi a1, a1, 0x666
x11 <- 0x0000000066666666
mem[X,0x000000008003FB70] -> 0x9593
mem[X,0x000000008003FB72] -> 0x00B5
[8573] [M]: 0x000000008003FB70 (0x00B59593) slli a1, a1, 0xb
x11 <- 0x0000033333333000
mem[X,0x000000008003FB74] -> 0x8593
mem[X,0x000000008003FB76] -> 0x3335
[8574] [M]: 0x000000008003FB74 (0x33358593) addi a1, a1, 0x333
x11 <- 0x0000033333333333
mem[X,0x000000008003FB78] -> 0x9593
mem[X,0x000000008003FB7A] -> 0x00B5
[8575] [M]: 0x000000008003FB78 (0x00B59593) slli a1, a1, 0xb
x11 <- 0x0019999999999800
mem[X,0x000000008003FB7C] -> 0x8593
mem[X,0x000000008003FB7E] -> 0x1995
[8576] [M]: 0x000000008003FB7C (0x19958593) addi a1, a1, 0x199
x11 <- 0x0019999999999999
mem[X,0x000000008003FB80] -> 0x9593
mem[X,0x000000008003FB82] -> 0x00A5
[8577] [M]: 0x000000008003FB80 (0x00A59593) slli a1, a1, 0xa
x11 <- 0x6666666666666400
mem[X,0x000000008003FB84] -> 0x8593
mem[X,0x000000008003FB86] -> 0x2655
[8578] [M]: 0x000000008003FB84 (0x26558593) addi a1, a1, 0x265
x11 <- 0x6666666666666665
mem[X,0x000000008003FB88] -> 0x0113
mem[X,0x000000008003FB8A] -> 0x0000
[8579] [M]: 0x000000008003FB88 (0x00000113) addi sp, zero, 0x0
x2 <- 0x0000000000000000
mem[X,0x000000008003FB8C] -> 0x006F
mem[X,0x000000008003FB8E] -> 0x00C0
[8580] [M]: 0x000000008003FB8C (0x00C0006F) jal zero, 0xc
mem[X,0x000000008003FB98] -> 0x4CE3
mem[X,0x000000008003FB9A] -> 0xFEB5
[8581] [M]: 0x000000008003FB98 (0xFEB54CE3) blt a0, a1, -0x8
mem[X,0x000000008003FB90] -> 0x0113
mem[X,0x000000008003FB92] -> 0x0011
[8582] [M]: 0x000000008003FB90 (0x00110113) addi sp, sp, 0x1
x2 <- 0x0000000000000001
mem[X,0x000000008003FB94] -> 0x006F
mem[X,0x000000008003FB96] -> 0x0180
[8583] [M]: 0x000000008003FB94 (0x0180006F) jal zero, 0x18
mem[X,0x000000008003FBAC] -> 0xBC23
mem[X,0x000000008003FBAE] -> 0x0020
[8584] [M]: 0x000000008003FBAC (0x0020BC23) sd sp, 0x18(ra)
mem[0x00000000800501F0] <- 0x0000000000000001
mem[X,0x000000008003FBB0] -> 0xB537
mem[X,0x000000008003FBB2] -> 0xAAAA
[8585] [M]: 0x000000008003FBB0 (0xAAAAB537) lui a0, -0x55555
x10 <- 0xFFFFFFFFAAAAB000
mem[X,0x000000008003FBB4] -> 0x0513
mem[X,0x000000008003FBB6] -> 0xAAA5
[8586] [M]: 0x000000008003FBB4 (0xAAA50513) addi a0, a0, -0x556
x10 <- 0xFFFFFFFFAAAAAAAA
mem[X,0x000000008003FBB8] -> 0x1513
mem[X,0x000000008003FBBA] -> 0x00B5
[8587] [M]: 0x000000008003FBB8 (0x00B51513) slli a0, a0, 0xb
x10 <- 0xFFFFFD5555555000
mem[X,0x000000008003FBBC] -> 0x0513
mem[X,0x000000008003FBBE] -> 0x5555
[8588] [M]: 0x000000008003FBBC (0x55550513) addi a0, a0, 0x555
x10 <- 0xFFFFFD5555555555
mem[X,0x000000008003FBC0] -> 0x1513
mem[X,0x000000008003FBC2] -> 0x00B5
[8589] [M]: 0x000000008003FBC0 (0x00B51513) slli a0, a0, 0xb
x10 <- 0xFFEAAAAAAAAAA800
mem[X,0x000000008003FBC4] -> 0x0513
mem[X,0x000000008003FBC6] -> 0x2AA5
[8590] [M]: 0x000000008003FBC4 (0x2AA50513) addi a0, a0, 0x2aa
x10 <- 0xFFEAAAAAAAAAAAAA
mem[X,0x000000008003FBC8] -> 0x1513
mem[X,0x000000008003FBCA] -> 0x00A5
[8591] [M]: 0x000000008003FBC8 (0x00A51513) slli a0, a0, 0xa
x10 <- 0xAAAAAAAAAAAAA800
mem[X,0x000000008003FBCC] -> 0x0513
mem[X,0x000000008003FBCE] -> 0x2AB5
[8592] [M]: 0x000000008003FBCC (0x2AB50513) addi a0, a0, 0x2ab
x10 <- 0xAAAAAAAAAAAAAAAB
mem[X,0x000000008003FBD0] -> 0x05B7
mem[X,0x000000008003FBD2] -> 0x0000
[8593] [M]: 0x000000008003FBD0 (0x000005B7) lui a1, 0x0
x11 <- 0x0000000000000000
mem[X,0x000000008003FBD4] -> 0x8593
mem[X,0x000000008003FBD6] -> 0x0005
[8594] [M]: 0x000000008003FBD4 (0x00058593) addi a1, a1, 0x0
x11 <- 0x0000000000000000
mem[X,0x000000008003FBD8] -> 0x9593
mem[X,0x000000008003FBDA] -> 0x00B5
[8595] [M]: 0x000000008003FBD8 (0x00B59593) slli a1, a1, 0xb
x11 <- 0x0000000000000000
mem[X,0x000000008003FBDC] -> 0x8593
mem[X,0x000000008003FBDE] -> 0x5A85
[8596] [M]: 0x000000008003FBDC (0x5A858593) addi a1, a1, 0x5a8
x11 <- 0x00000000000005A8
mem[X,0x000000008003FBE0] -> 0x9593
mem[X,0x000000008003FBE2] -> 0x00B5
[8597] [M]: 0x000000008003FBE0 (0x00B59593) slli a1, a1, 0xb
x11 <- 0x00000000002D4000
mem[X,0x000000008003FBE4] -> 0x8593
mem[X,0x000000008003FBE6] -> 0x13C5
[8598] [M]: 0x000000008003FBE4 (0x13C58593) addi a1, a1, 0x13c
x11 <- 0x00000000002D413C
mem[X,0x000000008003FBE8] -> 0x9593
mem[X,0x000000008003FBEA] -> 0x00A5
[8599] [M]: 0x000000008003FBE8 (0x00A59593) slli a1, a1, 0xa
x11 <- 0x00000000B504F000
clint::tick mtime <- 0x0000000000000056
 clint timer pending at mtime 0x0000000000000056
htif::tick 0x0000000000000000
mem[X,0x000000008003FBEC] -> 0x8593
mem[X,0x000000008003FBEE] -> 0x3325
[8600] [M]: 0x000000008003FBEC (0x33258593) addi a1, a1, 0x332
x11 <- 0x00000000B504F332
mem[X,0x000000008003FBF0] -> 0x0113
mem[X,0x000000008003FBF2] -> 0x0000
[8601] [M]: 0x000000008003FBF0 (0x00000113) addi sp, zero, 0x0
x2 <- 0x0000000000000000
mem[X,0x000000008003FBF4] -> 0x006F
mem[X,0x000000008003FBF6] -> 0x00C0
[8602] [M]: 0x000000008003FBF4 (0x00C0006F) jal zero, 0xc
mem[X,0x000000008003FC00] -> 0x4063
mem[X,0x000000008003FC02] -> 0x04B5
[8603] [M]: 0x000000008003FC00 (0x04B54063) blt a0, a1, 0x40
mem[X,0x000000008003FC40] -> 0x0113
mem[X,0x000000008003FC42] -> 0x0031
[8604] [M]: 0x000000008003FC40 (0x00310113) addi sp, sp, 0x3
x2 <- 0x0000000000000003
mem[X,0x000000008003FC44] -> 0x006F
mem[X,0x000000008003FC46] -> 0x0040
[8605] [M]: 0x000000008003FC44 (0x0040006F) jal zero, 0x4
mem[X,0x000000008003FC48] -> 0xB023
mem[X,0x000000008003FC4A] -> 0x0220
[8606] [M]: 0x000000008003FC48 (0x0220B023) sd sp, 0x20(ra)
mem[0x00000000800501F8] <- 0x0000000000000003
mem[X,0x000000008003FC4C] -> 0xB537
mem[X,0x000000008003FC4E] -> 0xAAAA
[8607] [M]: 0x000000008003FC4C (0xAAAAB537) lui a0, -0x55555
x10 <- 0xFFFFFFFFAAAAB000
mem[X,0x000000008003FC50] -> 0x0513
mem[X,0x000000008003FC52] -> 0xAAA5
[8608] [M]: 0x000000008003FC50 (0xAAA50513) addi a0, a0, -0x556
x10 <- 0xFFFFFFFFAAAAAAAA
mem[X,0x000000008003FC54] -> 0x1513
mem[X,0x000000008003FC56] -> 0x00B5
[8609] [M]: 0x000000008003FC54 (0x00B51513) slli a0, a0, 0xb
x10 <- 0xFFFFFD5555555000
mem[X,0x000000008003FC58] -> 0x0513
mem[X,0x000000008003FC5A] -> 0x5555
[8610] [M]: 0x000000008003FC58 (0x55550513) addi a0, a0, 0x555
x10 <- 0xFFFFFD5555555555
mem[X,0x000000008003FC5C] -> 0x1513
mem[X,0x000000008003FC5E] -> 0x00B5
[8611] [M]: 0x000000008003FC5C (0x00B51513) slli a0, a0, 0xb
x10 <- 0xFFEAAAAAAAAAA800
mem[X,0x000000008003FC60] -> 0x0513
mem[X,0x000000008003FC62] -> 0x2AA5
[8612] [M]: 0x000000008003FC60 (0x2AA50513) addi a0, a0, 0x2aa
x10 <- 0xFFEAAAAAAAAAAAAA
mem[X,0x000000008003FC64] -> 0x1513
mem[X,0x000000008003FC66] -> 0x00A5
[8613] [M]: 0x000000008003FC64 (0x00A51513) slli a0, a0, 0xa
x10 <- 0xAAAAAAAAAAAAA800
mem[X,0x000000008003FC68] -> 0x0513
mem[X,0x000000008003FC6A] -> 0x2AB5
[8614] [M]: 0x000000008003FC68 (0x2AB50513) addi a0, a0, 0x2ab
x10 <- 0xAAAAAAAAAAAAAAAB
mem[X,0x000000008003FC6C] -> 0x55B7
mem[X,0x000000008003FC6E] -> 0x5555
[8615] [M]: 0x000000008003FC6C (0x555555B7) lui a1, 0x55555
x11 <- 0x0000000055555000
mem[X,0x000000008003FC70] -> 0x8593
mem[X,0x000000008003FC72] -> 0x5555
[8616] [M]: 0x000000008003FC70 (0x55558593) addi a1, a1, 0x555
x11 <- 0x0000000055555555
mem[X,0x000000008003FC74] -> 0x9593
mem[X,0x000000008003FC76] -> 0x00B5
[8617] [M]: 0x000000008003FC74 (0x00B59593) slli a1, a1, 0xb
x11 <- 0x000002AAAAAAA800
mem[X,0x000000008003FC78] -> 0x8593
mem[X,0x000000008003FC7A] -> 0x2AA5
[8618] [M]: 0x000000008003FC78 (0x2AA58593) addi a1, a1, 0x2aa
x11 <- 0x000002AAAAAAAAAA
mem[X,0x000000008003FC7C] -> 0x9593
mem[X,0x000000008003FC7E] -> 0x00B5
[8619] [M]: 0x000000008003FC7C (0x00B59593) slli a1, a1, 0xb
x11 <- 0x0015555555555000
mem[X,0x000000008003FC80] -> 0x8593
mem[X,0x000000008003FC82] -> 0x5555
[8620] [M]: 0x000000008003FC80 (0x55558593) addi a1, a1, 0x555
x11 <- 0x0015555555555555
mem[X,0x000000008003FC84] -> 0x9593
mem[X,0x000000008003FC86] -> 0x00A5
[8621] [M]: 0x000000008003FC84 (0x00A59593) slli a1, a1, 0xa
x11 <- 0x5555555555555400
mem[X,0x000000008003FC88] -> 0x8593
mem[X,0x000000008003FC8A] -> 0x1565
[8622] [M]: 0x000000008003FC88 (0x15658593) addi a1, a1, 0x156
x11 <- 0x5555555555555556
mem[X,0x000000008003FC8C] -> 0x0113
mem[X,0x000000008003FC8E] -> 0x0000
[8623] [M]: 0x000000008003FC8C (0x00000113) addi sp, zero, 0x0
x2 <- 0x0000000000000000
mem[X,0x000000008003FC90] -> 0x006F
mem[X,0x000000008003FC92] -> 0x00C0
[8624] [M]: 0x000000008003FC90 (0x00C0006F) jal zero, 0xc
mem[X,0x000000008003FC9C] -> 0x4063
mem[X,0x000000008003FC9E] -> 0x04B5
[8625] [M]: 0x000000008003FC9C (0x04B54063) blt a0, a1, 0x40
mem[X,0x000000008003FCDC] -> 0x0113
mem[X,0x000000008003FCDE] -> 0x0031
[8626] [M]: 0x000000008003FCDC (0x00310113) addi sp, sp, 0x3
x2 <- 0x0000000000000003
mem[X,0x000000008003FCE0] -> 0x006F
mem[X,0x000000008003FCE2] -> 0x0040
[8627] [M]: 0x000000008003FCE0 (0x0040006F) jal zero, 0x4
mem[X,0x000000008003FCE4] -> 0xB423
mem[X,0x000000008003FCE6] -> 0x0220
[8628] [M]: 0x000000008003FCE4 (0x0220B423) sd sp, 0x28(ra)
mem[0x0000000080050200] <- 0x0000000000000003
mem[X,0x000000008003FCE8] -> 0xB537
mem[X,0x000000008003FCEA] -> 0xAAAA
[8629] [M]: 0x000000008003FCE8 (0xAAAAB537) lui a0, -0x55555
x10 <- 0xFFFFFFFFAAAAB000
mem[X,0x000000008003FCEC] -> 0x0513
mem[X,0x000000008003FCEE] -> 0xAAA5
[8630] [M]: 0x000000008003FCEC (0xAAA50513) addi a0, a0, -0x556
x10 <- 0xFFFFFFFFAAAAAAAA
mem[X,0x000000008003FCF0] -> 0x1513
mem[X,0x000000008003FCF2] -> 0x00B5
[8631] [M]: 0x000000008003FCF0 (0x00B51513) slli a0, a0, 0xb
x10 <- 0xFFFFFD5555555000
mem[X,0x000000008003FCF4] -> 0x0513
mem[X,0x000000008003FCF6] -> 0x5555
[8632] [M]: 0x000000008003FCF4 (0x55550513) addi a0, a0, 0x555
x10 <- 0xFFFFFD5555555555
mem[X,0x000000008003FCF8] -> 0x1513
mem[X,0x000000008003FCFA] -> 0x00B5
[8633] [M]: 0x000000008003FCF8 (0x00B51513) slli a0, a0, 0xb
x10 <- 0xFFEAAAAAAAAAA800
mem[X,0x000000008003FCFC] -> 0x0513
mem[X,0x000000008003FCFE] -> 0x2AA5
[8634] [M]: 0x000000008003FCFC (0x2AA50513) addi a0, a0, 0x2aa
x10 <- 0xFFEAAAAAAAAAAAAA
mem[X,0x000000008003FD00] -> 0x1513
mem[X,0x000000008003FD02] -> 0x00A5
[8635] [M]: 0x000000008003FD00 (0x00A51513) slli a0, a0, 0xa
x10 <- 0xAAAAAAAAAAAAA800
mem[X,0x000000008003FD04] -> 0x0513
mem[X,0x000000008003FD06] -> 0x2AB5
[8636] [M]: 0x000000008003FD04 (0x2AB50513) addi a0, a0, 0x2ab
x10 <- 0xAAAAAAAAAAAAAAAB
mem[X,0x000000008003FD08] -> 0xB5B7
mem[X,0x000000008003FD0A] -> 0xAAAA
[8637] [M]: 0x000000008003FD08 (0xAAAAB5B7) lui a1, -0x55555
x11 <- 0xFFFFFFFFAAAAB000
mem[X,0x000000008003FD0C] -> 0x8593
mem[X,0x000000008003FD0E] -> 0xAAA5
[8638] [M]: 0x000000008003FD0C (0xAAA58593) addi a1, a1, -0x556
x11 <- 0xFFFFFFFFAAAAAAAA
mem[X,0x000000008003FD10] -> 0x9593
mem[X,0x000000008003FD12] -> 0x00B5
[8639] [M]: 0x000000008003FD10 (0x00B59593) slli a1, a1, 0xb
x11 <- 0xFFFFFD5555555000
mem[X,0x000000008003FD14] -> 0x8593
mem[X,0x000000008003FD16] -> 0x5555
[8640] [M]: 0x000000008003FD14 (0x55558593) addi a1, a1, 0x555
x11 <- 0xFFFFFD5555555555
mem[X,0x000000008003FD18] -> 0x9593
mem[X,0x000000008003FD1A] -> 0x00B5
[8641] [M]: 0x000000008003FD18 (0x00B59593) slli a1, a1, 0xb
x11 <- 0xFFEAAAAAAAAAA800
mem[X,0x000000008003FD1C] -> 0x8593
mem[X,0x000000008003FD1E] -> 0x2AA5
[8642] [M]: 0x000000008003FD1C (0x2AA58593) addi a1, a1, 0x2aa
x11 <- 0xFFEAAAAAAAAAAAAA
mem[X,0x000000008003FD20] -> 0x9593
mem[X,0x000000008003FD22] -> 0x00A5
[8643] [M]: 0x000000008003FD20 (0x00A59593) slli a1, a1, 0xa
x11 <- 0xAAAAAAAAAAAAA800
mem[X,0x000000008003FD24] -> 0x8593
mem[X,0x000000008003FD26] -> 0x2AB5
[8644] [M]: 0x000000008003FD24 (0x2AB58593) addi a1, a1, 0x2ab
x11 <- 0xAAAAAAAAAAAAAAAB
mem[X,0x000000008003FD28] -> 0x0113
mem[X,0x000000008003FD2A] -> 0x0000
[8645] [M]: 0x000000008003FD28 (0x00000113) addi sp, zero, 0x0
x2 <- 0x0000000000000000
mem[X,0x000000008003FD2C] -> 0x006F
mem[X,0x000000008003FD2E] -> 0x00C0
[8646] [M]: 0x000000008003FD2C (0x00C0006F) jal zero, 0xc
mem[X,0x000000008003FD38] -> 0x4063
mem[X,0x000000008003FD3A] -> 0x10B5
[8647] [M]: 0x000000008003FD38 (0x10B54063) blt a0, a1, 0x100
mem[X,0x000000008003FD3C] -> 0x0113
mem[X,0x000000008003FD3E] -> 0x0021
[8648] [M]: 0x000000008003FD3C (0x00210113) addi sp, sp, 0x2
x2 <- 0x0000000000000002
mem[X,0x000000008003FD40] -> 0x006F
mem[X,0x000000008003FD42] -> 0x1000
[8649] [M]: 0x000000008003FD40 (0x1000006F) jal zero, 0x100
mem[X,0x000000008003FE40] -> 0xB823
mem[X,0x000000008003FE42] -> 0x0220
[8650] [M]: 0x000000008003FE40 (0x0220B823) sd sp, 0x30(ra)
mem[0x0000000080050208] <- 0x0000000000000002
mem[X,0x000000008003FE44] -> 0xB537
mem[X,0x000000008003FE46] -> 0xAAAA
[8651] [M]: 0x000000008003FE44 (0xAAAAB537) lui a0, -0x55555
x10 <- 0xFFFFFFFFAAAAB000
mem[X,0x000000008003FE48] -> 0x0513
mem[X,0x000000008003FE4A] -> 0xAAA5
[8652] [M]: 0x000000008003FE48 (0xAAA50513) addi a0, a0, -0x556
x10 <- 0xFFFFFFFFAAAAAAAA
mem[X,0x000000008003FE4C] -> 0x1513
mem[X,0x000000008003FE4E] -> 0x00B5
[8653] [M]: 0x000000008003FE4C (0x00B51513) slli a0, a0, 0xb
x10 <- 0xFFFFFD5555555000
mem[X,0x000000008003FE50] -> 0x0513
mem[X,0x000000008003FE52] -> 0x5555
[8654] [M]: 0x000000008003FE50 (0x55550513) addi a0, a0, 0x555
x10 <- 0xFFFFFD5555555555
mem[X,0x000000008003FE54] -> 0x1513
mem[X,0x000000008003FE56] -> 0x00B5
[8655] [M]: 0x000000008003FE54 (0x00B51513) slli a0, a0, 0xb
x10 <- 0xFFEAAAAAAAAAA800
mem[X,0x000000008003FE58] -> 0x0513
mem[X,0x000000008003FE5A] -> 0x2AA5
[8656] [M]: 0x000000008003FE58 (0x2AA50513) addi a0, a0, 0x2aa
x10 <- 0xFFEAAAAAAAAAAAAA
mem[X,0x000000008003FE5C] -> 0x1513
mem[X,0x000000008003FE5E] -> 0x00A5
[8657] [M]: 0x000000008003FE5C (0x00A51513) slli a0, a0, 0xa
x10 <- 0xAAAAAAAAAAAAA800
mem[X,0x000000008003FE60] -> 0x0513
mem[X,0x000000008003FE62] -> 0x2AB5
[8658] [M]: 0x000000008003FE60 (0x2AB50513) addi a0, a0, 0x2ab
x10 <- 0xAAAAAAAAAAAAAAAB
mem[X,0x000000008003FE64] -> 0x0593
mem[X,0x000000008003FE66] -> 0x0060
[8659] [M]: 0x000000008003FE64 (0x00600593) addi a1, zero, 0x6
x11 <- 0x0000000000000006
mem[X,0x000000008003FE68] -> 0x0113
mem[X,0x000000008003FE6A] -> 0x0000
[8660] [M]: 0x000000008003FE68 (0x00000113) addi sp, zero, 0x0
x2 <- 0x0000000000000000
mem[X,0x000000008003FE6C] -> 0x006F
mem[X,0x000000008003FE6E] -> 0x0180
[8661] [M]: 0x000000008003FE6C (0x0180006F) jal zero, 0x18
mem[X,0x000000008003FE84] -> 0x46E3
mem[X,0x000000008003FE86] -> 0xFEB5
[8662] [M]: 0x000000008003FE84 (0xFEB546E3) blt a0, a1, -0x14
mem[X,0x000000008003FE70] -> 0x0113
mem[X,0x000000008003FE72] -> 0x0011
[8663] [M]: 0x000000008003FE70 (0x00110113) addi sp, sp, 0x1
x2 <- 0x0000000000000001
mem[X,0x000000008003FE74] -> 0x006F
mem[X,0x000000008003FE76] -> 0x0240
[8664] [M]: 0x000000008003FE74 (0x0240006F) jal zero, 0x24
mem[X,0x000000008003FE98] -> 0xBC23
mem[X,0x000000008003FE9A] -> 0x0220
[8665] [M]: 0x000000008003FE98 (0x0220BC23) sd sp, 0x38(ra)
mem[0x0000000080050210] <- 0x0000000000000001
mem[X,0x000000008003FE9C] -> 0xB537
mem[X,0x000000008003FE9E] -> 0xAAAA
[8666] [M]: 0x000000008003FE9C (0xAAAAB537) lui a0, -0x55555
x10 <- 0xFFFFFFFFAAAAB000
mem[X,0x000000008003FEA0] -> 0x0513
mem[X,0x000000008003FEA2] -> 0xAAA5
[8667] [M]: 0x000000008003FEA0 (0xAAA50513) addi a0, a0, -0x556
x10 <- 0xFFFFFFFFAAAAAAAA
mem[X,0x000000008003FEA4] -> 0x1513
mem[X,0x000000008003FEA6] -> 0x00B5
[8668] [M]: 0x000000008003FEA4 (0x00B51513) slli a0, a0, 0xb
x10 <- 0xFFFFFD5555555000
mem[X,0x000000008003FEA8] -> 0x0513
mem[X,0x000000008003FEAA] -> 0x5555
[8669] [M]: 0x000000008003FEA8 (0x55550513) addi a0, a0, 0x555
x10 <- 0xFFFFFD5555555555
mem[X,0x000000008003FEAC] -> 0x1513
mem[X,0x000000008003FEAE] -> 0x00B5
[8670] [M]: 0x000000008003FEAC (0x00B51513) slli a0, a0, 0xb
x10 <- 0xFFEAAAAAAAAAA800
mem[X,0x000000008003FEB0] -> 0x0513
mem[X,0x000000008003FEB2] -> 0x2AA5
[8671] [M]: 0x000000008003FEB0 (0x2AA50513) addi a0, a0, 0x2aa
x10 <- 0xFFEAAAAAAAAAAAAA
mem[X,0x000000008003FEB4] -> 0x1513
mem[X,0x000000008003FEB6] -> 0x00A5
[8672] [M]: 0x000000008003FEB4 (0x00A51513) slli a0, a0, 0xa
x10 <- 0xAAAAAAAAAAAAA800
mem[X,0x000000008003FEB8] -> 0x0513
mem[X,0x000000008003FEBA] -> 0x2AB5
[8673] [M]: 0x000000008003FEB8 (0x2AB50513) addi a0, a0, 0x2ab
x10 <- 0xAAAAAAAAAAAAAAAB
mem[X,0x000000008003FEBC] -> 0x35B7
mem[X,0x000000008003FEBE] -> 0x3333
[8674] [M]: 0x000000008003FEBC (0x333335B7) lui a1, 0x33333
x11 <- 0x0000000033333000
mem[X,0x000000008003FEC0] -> 0x8593
mem[X,0x000000008003FEC2] -> 0x3335
[8675] [M]: 0x000000008003FEC0 (0x33358593) addi a1, a1, 0x333
x11 <- 0x0000000033333333
mem[X,0x000000008003FEC4] -> 0x9593
mem[X,0x000000008003FEC6] -> 0x00B5
[8676] [M]: 0x000000008003FEC4 (0x00B59593) slli a1, a1, 0xb
x11 <- 0x0000019999999800
mem[X,0x000000008003FEC8] -> 0x8593
mem[X,0x000000008003FECA] -> 0x1995
[8677] [M]: 0x000000008003FEC8 (0x19958593) addi a1, a1, 0x199
x11 <- 0x0000019999999999
mem[X,0x000000008003FECC] -> 0x9593
mem[X,0x000000008003FECE] -> 0x00B5
[8678] [M]: 0x000000008003FECC (0x00B59593) slli a1, a1, 0xb
x11 <- 0x000CCCCCCCCCC800
mem[X,0x000000008003FED0] -> 0x8593
mem[X,0x000000008003FED2] -> 0x4CC5
[8679] [M]: 0x000000008003FED0 (0x4CC58593) addi a1, a1, 0x4cc
x11 <- 0x000CCCCCCCCCCCCC
mem[X,0x000000008003FED4] -> 0x9593
mem[X,0x000000008003FED6] -> 0x00A5
[8680] [M]: 0x000000008003FED4 (0x00A59593) slli a1, a1, 0xa
x11 <- 0x3333333333333000
mem[X,0x000000008003FED8] -> 0x8593
mem[X,0x000000008003FEDA] -> 0x3345
[8681] [M]: 0x000000008003FED8 (0x33458593) addi a1, a1, 0x334
x11 <- 0x3333333333333334
mem[X,0x000000008003FEDC] -> 0x0113
mem[X,0x000000008003FEDE] -> 0x0000
[8682] [M]: 0x000000008003FEDC (0x00000113) addi sp, zero, 0x0
x2 <- 0x0000000000000000
mem[X,0x000000008003FEE0] -> 0x006F
mem[X,0x000000008003FEE2] -> 0x00C0
[8683] [M]: 0x000000008003FEE0 (0x00C0006F) jal zero, 0xc
mem[X,0x000000008003FEEC] -> 0x4063
mem[X,0x000000008003FEEE] -> 0x08B5
[8684] [M]: 0x000000008003FEEC (0x08B54063) blt a0, a1, 0x80
mem[X,0x000000008003FF6C] -> 0x0113
mem[X,0x000000008003FF6E] -> 0x0031
[8685] [M]: 0x000000008003FF6C (0x00310113) addi sp, sp, 0x3
x2 <- 0x0000000000000003
mem[X,0x000000008003FF70] -> 0x006F
mem[X,0x000000008003FF72] -> 0x0040
[8686] [M]: 0x000000008003FF70 (0x0040006F) jal zero, 0x4
mem[X,0x000000008003FF74] -> 0xB023
mem[X,0x000000008003FF76] -> 0x0420
[8687] [M]: 0x000000008003FF74 (0x0420B023) sd sp, 0x40(ra)
mem[0x0000000080050218] <- 0x0000000000000003
mem[X,0x000000008003FF78] -> 0xB537
mem[X,0x000000008003FF7A] -> 0xAAAA
[8688] [M]: 0x000000008003FF78 (0xAAAAB537) lui a0, -0x55555
x10 <- 0xFFFFFFFFAAAAB000
mem[X,0x000000008003FF7C] -> 0x0513
mem[X,0x000000008003FF7E] -> 0xAAA5
[8689] [M]: 0x000000008003FF7C (0xAAA50513) addi a0, a0, -0x556
x10 <- 0xFFFFFFFFAAAAAAAA
mem[X,0x000000008003FF80] -> 0x1513
mem[X,0x000000008003FF82] -> 0x00B5
[8690] [M]: 0x000000008003FF80 (0x00B51513) slli a0, a0, 0xb
x10 <- 0xFFFFFD5555555000
mem[X,0x000000008003FF84] -> 0x0513
mem[X,0x000000008003FF86] -> 0x5555
[8691] [M]: 0x000000008003FF84 (0x55550513) addi a0, a0, 0x555
x10 <- 0xFFFFFD5555555555
mem[X,0x000000008003FF88] -> 0x1513
mem[X,0x000000008003FF8A] -> 0x00B5
[8692] [M]: 0x000000008003FF88 (0x00B51513) slli a0, a0, 0xb
x10 <- 0xFFEAAAAAAAAAA800
mem[X,0x000000008003FF8C] -> 0x0513
mem[X,0x000000008003FF8E] -> 0x2AA5
[8693] [M]: 0x000000008003FF8C (0x2AA50513) addi a0, a0, 0x2aa
x10 <- 0xFFEAAAAAAAAAAAAA
mem[X,0x000000008003FF90] -> 0x1513
mem[X,0x000000008003FF92] -> 0x00A5
[8694] [M]: 0x000000008003FF90 (0x00A51513) slli a0, a0, 0xa
x10 <- 0xAAAAAAAAAAAAA800
mem[X,0x000000008003FF94] -> 0x0513
mem[X,0x000000008003FF96] -> 0x2AB5
[8695] [M]: 0x000000008003FF94 (0x2AB50513) addi a0, a0, 0x2ab
x10 <- 0xAAAAAAAAAAAAAAAB
mem[X,0x000000008003FF98] -> 0x65B7
mem[X,0x000000008003FF9A] -> 0x6666
[8696] [M]: 0x000000008003FF98 (0x666665B7) lui a1, 0x66666
x11 <- 0x0000000066666000
mem[X,0x000000008003FF9C] -> 0x8593
mem[X,0x000000008003FF9E] -> 0x6665
[8697] [M]: 0x000000008003FF9C (0x66658593) addi a1, a1, 0x666
x11 <- 0x0000000066666666
mem[X,0x000000008003FFA0] -> 0x9593
mem[X,0x000000008003FFA2] -> 0x00B5
[8698] [M]: 0x000000008003FFA0 (0x00B59593) slli a1, a1, 0xb
x11 <- 0x0000033333333000
mem[X,0x000000008003FFA4] -> 0x8593
mem[X,0x000000008003FFA6] -> 0x3335
[8699] [M]: 0x000000008003FFA4 (0x33358593) addi a1, a1, 0x333
x11 <- 0x0000033333333333
clint::tick mtime <- 0x0000000000000057
 clint timer pending at mtime 0x0000000000000057
htif::tick 0x0000000000000000
mem[X,0x000000008003FFA8] -> 0x9593
mem[X,0x000000008003FFAA] -> 0x00B5
[8700] [M]: 0x000000008003FFA8 (0x00B59593) slli a1, a1, 0xb
x11 <- 0x0019999999999800
mem[X,0x000000008003FFAC] -> 0x8593
mem[X,0x000000008003FFAE] -> 0x1995
[8701] [M]: 0x000000008003FFAC (0x19958593) addi a1, a1, 0x199
x11 <- 0x0019999999999999
mem[X,0x000000008003FFB0] -> 0x9593
mem[X,0x000000008003FFB2] -> 0x00A5
[8702] [M]: 0x000000008003FFB0 (0x00A59593) slli a1, a1, 0xa
x11 <- 0x6666666666666400
mem[X,0x000000008003FFB4] -> 0x8593
mem[X,0x000000008003FFB6] -> 0x2675
[8703] [M]: 0x000000008003FFB4 (0x26758593) addi a1, a1, 0x267
x11 <- 0x6666666666666667
mem[X,0x000000008003FFB8] -> 0x0113
mem[X,0x000000008003FFBA] -> 0x0000
[8704] [M]: 0x000000008003FFB8 (0x00000113) addi sp, zero, 0x0
x2 <- 0x0000000000000000
mem[X,0x000000008003FFBC] -> 0x006F
mem[X,0x000000008003FFBE] -> 0x00C0
[8705] [M]: 0x000000008003FFBC (0x00C0006F) jal zero, 0xc
mem[X,0x000000008003FFC8] -> 0x4063
mem[X,0x000000008003FFCA] -> 0x08B5
[8706] [M]: 0x000000008003FFC8 (0x08B54063) blt a0, a1, 0x80
mem[X,0x0000000080040048] -> 0x0113
mem[X,0x000000008004004A] -> 0x0031
[8707] [M]: 0x0000000080040048 (0x00310113) addi sp, sp, 0x3
x2 <- 0x0000000000000003
mem[X,0x000000008004004C] -> 0x006F
mem[X,0x000000008004004E] -> 0x0040
[8708] [M]: 0x000000008004004C (0x0040006F) jal zero, 0x4
mem[X,0x0000000080040050] -> 0xB423
mem[X,0x0000000080040052] -> 0x0420
[8709] [M]: 0x0000000080040050 (0x0420B423) sd sp, 0x48(ra)
mem[0x0000000080050220] <- 0x0000000000000003
mem[X,0x0000000080040054] -> 0xB537
mem[X,0x0000000080040056] -> 0xAAAA
[8710] [M]: 0x0000000080040054 (0xAAAAB537) lui a0, -0x55555
x10 <- 0xFFFFFFFFAAAAB000
mem[X,0x0000000080040058] -> 0x0513
mem[X,0x000000008004005A] -> 0xAAA5
[8711] [M]: 0x0000000080040058 (0xAAA50513) addi a0, a0, -0x556
x10 <- 0xFFFFFFFFAAAAAAAA
mem[X,0x000000008004005C] -> 0x1513
mem[X,0x000000008004005E] -> 0x00B5
[8712] [M]: 0x000000008004005C (0x00B51513) slli a0, a0, 0xb
x10 <- 0xFFFFFD5555555000
mem[X,0x0000000080040060] -> 0x0513
mem[X,0x0000000080040062] -> 0x5555
[8713] [M]: 0x0000000080040060 (0x55550513) addi a0, a0, 0x555
x10 <- 0xFFFFFD5555555555
mem[X,0x0000000080040064] -> 0x1513
mem[X,0x0000000080040066] -> 0x00B5
[8714] [M]: 0x0000000080040064 (0x00B51513) slli a0, a0, 0xb
x10 <- 0xFFEAAAAAAAAAA800
mem[X,0x0000000080040068] -> 0x0513
mem[X,0x000000008004006A] -> 0x2AA5
[8715] [M]: 0x0000000080040068 (0x2AA50513) addi a0, a0, 0x2aa
x10 <- 0xFFEAAAAAAAAAAAAA
mem[X,0x000000008004006C] -> 0x1513
mem[X,0x000000008004006E] -> 0x00A5
[8716] [M]: 0x000000008004006C (0x00A51513) slli a0, a0, 0xa
x10 <- 0xAAAAAAAAAAAAA800
mem[X,0x0000000080040070] -> 0x0513
mem[X,0x0000000080040072] -> 0x2AB5
[8717] [M]: 0x0000000080040070 (0x2AB50513) addi a0, a0, 0x2ab
x10 <- 0xAAAAAAAAAAAAAAAB
mem[X,0x0000000080040074] -> 0x05B7
mem[X,0x0000000080040076] -> 0x0000
[8718] [M]: 0x0000000080040074 (0x000005B7) lui a1, 0x0
x11 <- 0x0000000000000000
mem[X,0x0000000080040078] -> 0x8593
mem[X,0x000000008004007A] -> 0xFFF5
[8719] [M]: 0x0000000080040078 (0xFFF58593) addi a1, a1, -0x1
x11 <- 0xFFFFFFFFFFFFFFFF
mem[X,0x000000008004007C] -> 0x9593
mem[X,0x000000008004007E] -> 0x00B5
[8720] [M]: 0x000000008004007C (0x00B59593) slli a1, a1, 0xb
x11 <- 0xFFFFFFFFFFFFF800
mem[X,0x0000000080040080] -> 0x8593
mem[X,0x0000000080040082] -> 0x2575
[8721] [M]: 0x0000000080040080 (0x25758593) addi a1, a1, 0x257
x11 <- 0xFFFFFFFFFFFFFA57
mem[X,0x0000000080040084] -> 0x9593
mem[X,0x0000000080040086] -> 0x00B5
[8722] [M]: 0x0000000080040084 (0x00B59593) slli a1, a1, 0xb
x11 <- 0xFFFFFFFFFFD2B800
mem[X,0x0000000080040088] -> 0x8593
mem[X,0x000000008004008A] -> 0x6C35
[8723] [M]: 0x0000000080040088 (0x6C358593) addi a1, a1, 0x6c3
x11 <- 0xFFFFFFFFFFD2BEC3
mem[X,0x000000008004008C] -> 0x9593
mem[X,0x000000008004008E] -> 0x00A5
[8724] [M]: 0x000000008004008C (0x00A59593) slli a1, a1, 0xa
x11 <- 0xFFFFFFFF4AFB0C00
mem[X,0x0000000080040090] -> 0x8593
mem[X,0x0000000080040092] -> 0x0CE5
[8725] [M]: 0x0000000080040090 (0x0CE58593) addi a1, a1, 0xce
x11 <- 0xFFFFFFFF4AFB0CCE
mem[X,0x0000000080040094] -> 0x0113
mem[X,0x0000000080040096] -> 0x0000
[8726] [M]: 0x0000000080040094 (0x00000113) addi sp, zero, 0x0
x2 <- 0x0000000000000000
mem[X,0x0000000080040098] -> 0x006F
mem[X,0x000000008004009A] -> 0x2B10
[8727] [M]: 0x0000000080040098 (0x2B10006F) jal zero, 0xab0
mem[X,0x0000000080040B48] -> 0x4A63
mem[X,0x0000000080040B4A] -> 0xD4B5
[8728] [M]: 0x0000000080040B48 (0xD4B54A63) blt a0, a1, -0xaac
mem[X,0x000000008004009C] -> 0x0113
mem[X,0x000000008004009E] -> 0x0011
[8729] [M]: 0x000000008004009C (0x00110113) addi sp, sp, 0x1
x2 <- 0x0000000000000001
mem[X,0x00000000800400A0] -> 0x006F
mem[X,0x00000000800400A2] -> 0x2BD0
[8730] [M]: 0x00000000800400A0 (0x2BD0006F) jal zero, 0xabc
mem[X,0x0000000080040B5C] -> 0xB823
mem[X,0x0000000080040B5E] -> 0x0420
[8731] [M]: 0x0000000080040B5C (0x0420B823) sd sp, 0x50(ra)
mem[0x0000000080050228] <- 0x0000000000000001
mem[X,0x0000000080040B60] -> 0xB537
mem[X,0x0000000080040B62] -> 0xAAAA
[8732] [M]: 0x0000000080040B60 (0xAAAAB537) lui a0, -0x55555
x10 <- 0xFFFFFFFFAAAAB000
mem[X,0x0000000080040B64] -> 0x0513
mem[X,0x0000000080040B66] -> 0xAAA5
[8733] [M]: 0x0000000080040B64 (0xAAA50513) addi a0, a0, -0x556
x10 <- 0xFFFFFFFFAAAAAAAA
mem[X,0x0000000080040B68] -> 0x1513
mem[X,0x0000000080040B6A] -> 0x00B5
[8734] [M]: 0x0000000080040B68 (0x00B51513) slli a0, a0, 0xb
x10 <- 0xFFFFFD5555555000
mem[X,0x0000000080040B6C] -> 0x0513
mem[X,0x0000000080040B6E] -> 0x5555
[8735] [M]: 0x0000000080040B6C (0x55550513) addi a0, a0, 0x555
x10 <- 0xFFFFFD5555555555
mem[X,0x0000000080040B70] -> 0x1513
mem[X,0x0000000080040B72] -> 0x00B5
[8736] [M]: 0x0000000080040B70 (0x00B51513) slli a0, a0, 0xb
x10 <- 0xFFEAAAAAAAAAA800
mem[X,0x0000000080040B74] -> 0x0513
mem[X,0x0000000080040B76] -> 0x2AA5
[8737] [M]: 0x0000000080040B74 (0x2AA50513) addi a0, a0, 0x2aa
x10 <- 0xFFEAAAAAAAAAAAAA
mem[X,0x0000000080040B78] -> 0x1513
mem[X,0x0000000080040B7A] -> 0x00A5
[8738] [M]: 0x0000000080040B78 (0x00A51513) slli a0, a0, 0xa
x10 <- 0xAAAAAAAAAAAAA800
mem[X,0x0000000080040B7C] -> 0x0513
mem[X,0x0000000080040B7E] -> 0x2AB5
[8739] [M]: 0x0000000080040B7C (0x2AB50513) addi a0, a0, 0x2ab
x10 <- 0xAAAAAAAAAAAAAAAB
mem[X,0x0000000080040B80] -> 0x05B7
mem[X,0x0000000080040B82] -> 0x0000
[8740] [M]: 0x0000000080040B80 (0x000005B7) lui a1, 0x0
x11 <- 0x0000000000000000
mem[X,0x0000000080040B84] -> 0x8593
mem[X,0x0000000080040B86] -> 0x0005
[8741] [M]: 0x0000000080040B84 (0x00058593) addi a1, a1, 0x0
x11 <- 0x0000000000000000
mem[X,0x0000000080040B88] -> 0x9593
mem[X,0x0000000080040B8A] -> 0x00B5
[8742] [M]: 0x0000000080040B88 (0x00B59593) slli a1, a1, 0xb
x11 <- 0x0000000000000000
mem[X,0x0000000080040B8C] -> 0x8593
mem[X,0x0000000080040B8E] -> 0x5A85
[8743] [M]: 0x0000000080040B8C (0x5A858593) addi a1, a1, 0x5a8
x11 <- 0x00000000000005A8
mem[X,0x0000000080040B90] -> 0x9593
mem[X,0x0000000080040B92] -> 0x00B5
[8744] [M]: 0x0000000080040B90 (0x00B59593) slli a1, a1, 0xb
x11 <- 0x00000000002D4000
mem[X,0x0000000080040B94] -> 0x8593
mem[X,0x0000000080040B96] -> 0x13C5
[8745] [M]: 0x0000000080040B94 (0x13C58593) addi a1, a1, 0x13c
x11 <- 0x00000000002D413C
mem[X,0x0000000080040B98] -> 0x9593
mem[X,0x0000000080040B9A] -> 0x00A5
[8746] [M]: 0x0000000080040B98 (0x00A59593) slli a1, a1, 0xa
x11 <- 0x00000000B504F000
mem[X,0x0000000080040B9C] -> 0x8593
mem[X,0x0000000080040B9E] -> 0x3345
[8747] [M]: 0x0000000080040B9C (0x33458593) addi a1, a1, 0x334
x11 <- 0x00000000B504F334
mem[X,0x0000000080040BA0] -> 0x0113
mem[X,0x0000000080040BA2] -> 0x0000
[8748] [M]: 0x0000000080040BA0 (0x00000113) addi sp, zero, 0x0
x2 <- 0x0000000000000000
mem[X,0x0000000080040BA4] -> 0x006F
mem[X,0x0000000080040BA6] -> 0x0140
[8749] [M]: 0x0000000080040BA4 (0x0140006F) jal zero, 0x14
mem[X,0x0000000080040BB8] -> 0x48E3
mem[X,0x0000000080040BBA] -> 0xFEB5
[8750] [M]: 0x0000000080040BB8 (0xFEB548E3) blt a0, a1, -0x10
mem[X,0x0000000080040BA8] -> 0x0113
mem[X,0x0000000080040BAA] -> 0x0011
[8751] [M]: 0x0000000080040BA8 (0x00110113) addi sp, sp, 0x1
x2 <- 0x0000000000000001
mem[X,0x0000000080040BAC] -> 0x006F
mem[X,0x0000000080040BAE] -> 0x0200
[8752] [M]: 0x0000000080040BAC (0x0200006F) jal zero, 0x20
mem[X,0x0000000080040BCC] -> 0xBC23
mem[X,0x0000000080040BCE] -> 0x0420
[8753] [M]: 0x0000000080040BCC (0x0420BC23) sd sp, 0x58(ra)
mem[0x0000000080050230] <- 0x0000000000000001
mem[X,0x0000000080040BD0] -> 0x0513
mem[X,0x0000000080040BD2] -> 0x0060
[8754] [M]: 0x0000000080040BD0 (0x00600513) addi a0, zero, 0x6
x10 <- 0x0000000000000006
mem[X,0x0000000080040BD4] -> 0x0593
mem[X,0x0000000080040BD6] -> 0x0030
[8755] [M]: 0x0000000080040BD4 (0x00300593) addi a1, zero, 0x3
x11 <- 0x0000000000000003
mem[X,0x0000000080040BD8] -> 0x0113
mem[X,0x0000000080040BDA] -> 0x0000
[8756] [M]: 0x0000000080040BD8 (0x00000113) addi sp, zero, 0x0
x2 <- 0x0000000000000000
mem[X,0x0000000080040BDC] -> 0x006F
mem[X,0x0000000080040BDE] -> 0x00C0
[8757] [M]: 0x0000000080040BDC (0x00C0006F) jal zero, 0xc
mem[X,0x0000000080040BE8] -> 0x4663
mem[X,0x0000000080040BEA] -> 0x00B5
[8758] [M]: 0x0000000080040BE8 (0x00B54663) blt a0, a1, 0xc
mem[X,0x0000000080040BEC] -> 0x0113
mem[X,0x0000000080040BEE] -> 0x0021
[8759] [M]: 0x0000000080040BEC (0x00210113) addi sp, sp, 0x2
x2 <- 0x0000000000000002
mem[X,0x0000000080040BF0] -> 0x006F
mem[X,0x0000000080040BF2] -> 0x00C0
[8760] [M]: 0x0000000080040BF0 (0x00C0006F) jal zero, 0xc
mem[X,0x0000000080040BFC] -> 0xB023
mem[X,0x0000000080040BFE] -> 0x0620
[8761] [M]: 0x0000000080040BFC (0x0620B023) sd sp, 0x60(ra)
mem[0x0000000080050238] <- 0x0000000000000002
mem[X,0x0000000080040C00] -> 0x0513
mem[X,0x0000000080040C02] -> 0x0060
[8762] [M]: 0x0000000080040C00 (0x00600513) addi a0, zero, 0x6
x10 <- 0x0000000000000006
mem[X,0x0000000080040C04] -> 0x55B7
mem[X,0x0000000080040C06] -> 0x5555
[8763] [M]: 0x0000000080040C04 (0x555555B7) lui a1, 0x55555
x11 <- 0x0000000055555000
mem[X,0x0000000080040C08] -> 0x8593
mem[X,0x0000000080040C0A] -> 0x5555
[8764] [M]: 0x0000000080040C08 (0x55558593) addi a1, a1, 0x555
x11 <- 0x0000000055555555
mem[X,0x0000000080040C0C] -> 0x9593
mem[X,0x0000000080040C0E] -> 0x00B5
[8765] [M]: 0x0000000080040C0C (0x00B59593) slli a1, a1, 0xb
x11 <- 0x000002AAAAAAA800
mem[X,0x0000000080040C10] -> 0x8593
mem[X,0x0000000080040C12] -> 0x2AA5
[8766] [M]: 0x0000000080040C10 (0x2AA58593) addi a1, a1, 0x2aa
x11 <- 0x000002AAAAAAAAAA
mem[X,0x0000000080040C14] -> 0x9593
mem[X,0x0000000080040C16] -> 0x00B5
[8767] [M]: 0x0000000080040C14 (0x00B59593) slli a1, a1, 0xb
x11 <- 0x0015555555555000
mem[X,0x0000000080040C18] -> 0x8593
mem[X,0x0000000080040C1A] -> 0x5555
[8768] [M]: 0x0000000080040C18 (0x55558593) addi a1, a1, 0x555
x11 <- 0x0015555555555555
mem[X,0x0000000080040C1C] -> 0x9593
mem[X,0x0000000080040C1E] -> 0x00A5
[8769] [M]: 0x0000000080040C1C (0x00A59593) slli a1, a1, 0xa
x11 <- 0x5555555555555400
mem[X,0x0000000080040C20] -> 0x8593
mem[X,0x0000000080040C22] -> 0x1555
[8770] [M]: 0x0000000080040C20 (0x15558593) addi a1, a1, 0x155
x11 <- 0x5555555555555555
mem[X,0x0000000080040C24] -> 0x0113
mem[X,0x0000000080040C26] -> 0x0000
[8771] [M]: 0x0000000080040C24 (0x00000113) addi sp, zero, 0x0
x2 <- 0x0000000000000000
mem[X,0x0000000080040C28] -> 0x006F
mem[X,0x0000000080040C2A] -> 0x0140
[8772] [M]: 0x0000000080040C28 (0x0140006F) jal zero, 0x14
mem[X,0x0000000080040C3C] -> 0x48E3
mem[X,0x0000000080040C3E] -> 0xFEB5
[8773] [M]: 0x0000000080040C3C (0xFEB548E3) blt a0, a1, -0x10
mem[X,0x0000000080040C2C] -> 0x0113
mem[X,0x0000000080040C2E] -> 0x0011
[8774] [M]: 0x0000000080040C2C (0x00110113) addi sp, sp, 0x1
x2 <- 0x0000000000000001
mem[X,0x0000000080040C30] -> 0x006F
mem[X,0x0000000080040C32] -> 0x0200
[8775] [M]: 0x0000000080040C30 (0x0200006F) jal zero, 0x20
mem[X,0x0000000080040C50] -> 0xB423
mem[X,0x0000000080040C52] -> 0x0620
[8776] [M]: 0x0000000080040C50 (0x0620B423) sd sp, 0x68(ra)
mem[0x0000000080050240] <- 0x0000000000000001
mem[X,0x0000000080040C54] -> 0x0513
mem[X,0x0000000080040C56] -> 0x0060
[8777] [M]: 0x0000000080040C54 (0x00600513) addi a0, zero, 0x6
x10 <- 0x0000000000000006
mem[X,0x0000000080040C58] -> 0xB5B7
mem[X,0x0000000080040C5A] -> 0xAAAA
[8778] [M]: 0x0000000080040C58 (0xAAAAB5B7) lui a1, -0x55555
x11 <- 0xFFFFFFFFAAAAB000
mem[X,0x0000000080040C5C] -> 0x8593
mem[X,0x0000000080040C5E] -> 0xAAA5
[8779] [M]: 0x0000000080040C5C (0xAAA58593) addi a1, a1, -0x556
x11 <- 0xFFFFFFFFAAAAAAAA
mem[X,0x0000000080040C60] -> 0x9593
mem[X,0x0000000080040C62] -> 0x00B5
[8780] [M]: 0x0000000080040C60 (0x00B59593) slli a1, a1, 0xb
x11 <- 0xFFFFFD5555555000
mem[X,0x0000000080040C64] -> 0x8593
mem[X,0x0000000080040C66] -> 0x5555
[8781] [M]: 0x0000000080040C64 (0x55558593) addi a1, a1, 0x555
x11 <- 0xFFFFFD5555555555
mem[X,0x0000000080040C68] -> 0x9593
mem[X,0x0000000080040C6A] -> 0x00B5
[8782] [M]: 0x0000000080040C68 (0x00B59593) slli a1, a1, 0xb
x11 <- 0xFFEAAAAAAAAAA800
mem[X,0x0000000080040C6C] -> 0x8593
mem[X,0x0000000080040C6E] -> 0x2AA5
[8783] [M]: 0x0000000080040C6C (0x2AA58593) addi a1, a1, 0x2aa
x11 <- 0xFFEAAAAAAAAAAAAA
mem[X,0x0000000080040C70] -> 0x9593
mem[X,0x0000000080040C72] -> 0x00A5
[8784] [M]: 0x0000000080040C70 (0x00A59593) slli a1, a1, 0xa
x11 <- 0xAAAAAAAAAAAAA800
mem[X,0x0000000080040C74] -> 0x8593
mem[X,0x0000000080040C76] -> 0x2AA5
[8785] [M]: 0x0000000080040C74 (0x2AA58593) addi a1, a1, 0x2aa
x11 <- 0xAAAAAAAAAAAAAAAA
mem[X,0x0000000080040C78] -> 0x0113
mem[X,0x0000000080040C7A] -> 0x0000
[8786] [M]: 0x0000000080040C78 (0x00000113) addi sp, zero, 0x0
x2 <- 0x0000000000000000
mem[X,0x0000000080040C7C] -> 0x006F
mem[X,0x0000000080040C7E] -> 0x00C0
[8787] [M]: 0x0000000080040C7C (0x00C0006F) jal zero, 0xc
mem[X,0x0000000080040C88] -> 0x4063
mem[X,0x0000000080040C8A] -> 0x08B5
[8788] [M]: 0x0000000080040C88 (0x08B54063) blt a0, a1, 0x80
mem[X,0x0000000080040C8C] -> 0x0113
mem[X,0x0000000080040C8E] -> 0x0021
[8789] [M]: 0x0000000080040C8C (0x00210113) addi sp, sp, 0x2
x2 <- 0x0000000000000002
mem[X,0x0000000080040C90] -> 0x006F
mem[X,0x0000000080040C92] -> 0x0800
[8790] [M]: 0x0000000080040C90 (0x0800006F) jal zero, 0x80
mem[X,0x0000000080040D10] -> 0xB823
mem[X,0x0000000080040D12] -> 0x0620
[8791] [M]: 0x0000000080040D10 (0x0620B823) sd sp, 0x70(ra)
mem[0x0000000080050248] <- 0x0000000000000002
mem[X,0x0000000080040D14] -> 0x0513
mem[X,0x0000000080040D16] -> 0x0060
[8792] [M]: 0x0000000080040D14 (0x00600513) addi a0, zero, 0x6
x10 <- 0x0000000000000006
mem[X,0x0000000080040D18] -> 0x0593
mem[X,0x0000000080040D1A] -> 0x0050
[8793] [M]: 0x0000000080040D18 (0x00500593) addi a1, zero, 0x5
x11 <- 0x0000000000000005
mem[X,0x0000000080040D1C] -> 0x0113
mem[X,0x0000000080040D1E] -> 0x0000
[8794] [M]: 0x0000000080040D1C (0x00000113) addi sp, zero, 0x0
x2 <- 0x0000000000000000
mem[X,0x0000000080040D20] -> 0x006F
mem[X,0x0000000080040D22] -> 0x0180
[8795] [M]: 0x0000000080040D20 (0x0180006F) jal zero, 0x18
mem[X,0x0000000080040D38] -> 0x46E3
mem[X,0x0000000080040D3A] -> 0xFEB5
[8796] [M]: 0x0000000080040D38 (0xFEB546E3) blt a0, a1, -0x14
mem[X,0x0000000080040D3C] -> 0x0113
mem[X,0x0000000080040D3E] -> 0x0021
[8797] [M]: 0x0000000080040D3C (0x00210113) addi sp, sp, 0x2
x2 <- 0x0000000000000002
mem[X,0x0000000080040D40] -> 0x006F
mem[X,0x0000000080040D42] -> 0x00C0
[8798] [M]: 0x0000000080040D40 (0x00C0006F) jal zero, 0xc
mem[X,0x0000000080040D4C] -> 0xBC23
mem[X,0x0000000080040D4E] -> 0x0620
[8799] [M]: 0x0000000080040D4C (0x0620BC23) sd sp, 0x78(ra)
mem[0x0000000080050250] <- 0x0000000000000002
clint::tick mtime <- 0x0000000000000058
 clint timer pending at mtime 0x0000000000000058
htif::tick 0x0000000000000000
mem[X,0x0000000080040D50] -> 0x0513
mem[X,0x0000000080040D52] -> 0x0060
[8800] [M]: 0x0000000080040D50 (0x00600513) addi a0, zero, 0x6
x10 <- 0x0000000000000006
mem[X,0x0000000080040D54] -> 0x35B7
mem[X,0x0000000080040D56] -> 0x3333
[8801] [M]: 0x0000000080040D54 (0x333335B7) lui a1, 0x33333
x11 <- 0x0000000033333000
mem[X,0x0000000080040D58] -> 0x8593
mem[X,0x0000000080040D5A] -> 0x3335
[8802] [M]: 0x0000000080040D58 (0x33358593) addi a1, a1, 0x333
x11 <- 0x0000000033333333
mem[X,0x0000000080040D5C] -> 0x9593
mem[X,0x0000000080040D5E] -> 0x00B5
[8803] [M]: 0x0000000080040D5C (0x00B59593) slli a1, a1, 0xb
x11 <- 0x0000019999999800
mem[X,0x0000000080040D60] -> 0x8593
mem[X,0x0000000080040D62] -> 0x1995
[8804] [M]: 0x0000000080040D60 (0x19958593) addi a1, a1, 0x199
x11 <- 0x0000019999999999
mem[X,0x0000000080040D64] -> 0x9593
mem[X,0x0000000080040D66] -> 0x00B5
[8805] [M]: 0x0000000080040D64 (0x00B59593) slli a1, a1, 0xb
x11 <- 0x000CCCCCCCCCC800
mem[X,0x0000000080040D68] -> 0x8593
mem[X,0x0000000080040D6A] -> 0x4CC5
[8806] [M]: 0x0000000080040D68 (0x4CC58593) addi a1, a1, 0x4cc
x11 <- 0x000CCCCCCCCCCCCC
mem[X,0x0000000080040D6C] -> 0x9593
mem[X,0x0000000080040D6E] -> 0x00A5
[8807] [M]: 0x0000000080040D6C (0x00A59593) slli a1, a1, 0xa
x11 <- 0x3333333333333000
mem[X,0x0000000080040D70] -> 0x8593
mem[X,0x0000000080040D72] -> 0x3335
[8808] [M]: 0x0000000080040D70 (0x33358593) addi a1, a1, 0x333
x11 <- 0x3333333333333333
mem[X,0x0000000080040D74] -> 0x0113
mem[X,0x0000000080040D76] -> 0x0000
[8809] [M]: 0x0000000080040D74 (0x00000113) addi sp, zero, 0x0
x2 <- 0x0000000000000000
mem[X,0x0000000080040D78] -> 0x006F
mem[X,0x0000000080040D7A] -> 0x00C0
[8810] [M]: 0x0000000080040D78 (0x00C0006F) jal zero, 0xc
mem[X,0x0000000080040D84] -> 0x4663
mem[X,0x0000000080040D86] -> 0x00B5
[8811] [M]: 0x0000000080040D84 (0x00B54663) blt a0, a1, 0xc
mem[X,0x0000000080040D90] -> 0x0113
mem[X,0x0000000080040D92] -> 0x0031
[8812] [M]: 0x0000000080040D90 (0x00310113) addi sp, sp, 0x3
x2 <- 0x0000000000000003
mem[X,0x0000000080040D94] -> 0x006F
mem[X,0x0000000080040D96] -> 0x0040
[8813] [M]: 0x0000000080040D94 (0x0040006F) jal zero, 0x4
mem[X,0x0000000080040D98] -> 0xB023
mem[X,0x0000000080040D9A] -> 0x0820
[8814] [M]: 0x0000000080040D98 (0x0820B023) sd sp, 0x80(ra)
mem[0x0000000080050258] <- 0x0000000000000003
mem[X,0x0000000080040D9C] -> 0x0513
mem[X,0x0000000080040D9E] -> 0x0060
[8815] [M]: 0x0000000080040D9C (0x00600513) addi a0, zero, 0x6
x10 <- 0x0000000000000006
mem[X,0x0000000080040DA0] -> 0x65B7
mem[X,0x0000000080040DA2] -> 0x6666
[8816] [M]: 0x0000000080040DA0 (0x666665B7) lui a1, 0x66666
x11 <- 0x0000000066666000
mem[X,0x0000000080040DA4] -> 0x8593
mem[X,0x0000000080040DA6] -> 0x6665
[8817] [M]: 0x0000000080040DA4 (0x66658593) addi a1, a1, 0x666
x11 <- 0x0000000066666666
mem[X,0x0000000080040DA8] -> 0x9593
mem[X,0x0000000080040DAA] -> 0x00B5
[8818] [M]: 0x0000000080040DA8 (0x00B59593) slli a1, a1, 0xb
x11 <- 0x0000033333333000
mem[X,0x0000000080040DAC] -> 0x8593
mem[X,0x0000000080040DAE] -> 0x3335
[8819] [M]: 0x0000000080040DAC (0x33358593) addi a1, a1, 0x333
x11 <- 0x0000033333333333
mem[X,0x0000000080040DB0] -> 0x9593
mem[X,0x0000000080040DB2] -> 0x00B5
[8820] [M]: 0x0000000080040DB0 (0x00B59593) slli a1, a1, 0xb
x11 <- 0x0019999999999800
mem[X,0x0000000080040DB4] -> 0x8593
mem[X,0x0000000080040DB6] -> 0x1995
[8821] [M]: 0x0000000080040DB4 (0x19958593) addi a1, a1, 0x199
x11 <- 0x0019999999999999
mem[X,0x0000000080040DB8] -> 0x9593
mem[X,0x0000000080040DBA] -> 0x00A5
[8822] [M]: 0x0000000080040DB8 (0x00A59593) slli a1, a1, 0xa
x11 <- 0x6666666666666400
mem[X,0x0000000080040DBC] -> 0x8593
mem[X,0x0000000080040DBE] -> 0x2665
[8823] [M]: 0x0000000080040DBC (0x26658593) addi a1, a1, 0x266
x11 <- 0x6666666666666666
mem[X,0x0000000080040DC0] -> 0x0113
mem[X,0x0000000080040DC2] -> 0x0000
[8824] [M]: 0x0000000080040DC0 (0x00000113) addi sp, zero, 0x0
x2 <- 0x0000000000000000
mem[X,0x0000000080040DC4] -> 0x006F
mem[X,0x0000000080040DC6] -> 0x00C0
[8825] [M]: 0x0000000080040DC4 (0x00C0006F) jal zero, 0xc
mem[X,0x0000000080040DD0] -> 0x4063
mem[X,0x0000000080040DD2] -> 0x04B5
[8826] [M]: 0x0000000080040DD0 (0x04B54063) blt a0, a1, 0x40
mem[X,0x0000000080040E10] -> 0x0113
mem[X,0x0000000080040E12] -> 0x0031
[8827] [M]: 0x0000000080040E10 (0x00310113) addi sp, sp, 0x3
x2 <- 0x0000000000000003
mem[X,0x0000000080040E14] -> 0x006F
mem[X,0x0000000080040E16] -> 0x0040
[8828] [M]: 0x0000000080040E14 (0x0040006F) jal zero, 0x4
mem[X,0x0000000080040E18] -> 0xB423
mem[X,0x0000000080040E1A] -> 0x0820
[8829] [M]: 0x0000000080040E18 (0x0820B423) sd sp, 0x88(ra)
mem[0x0000000080050260] <- 0x0000000000000003
mem[X,0x0000000080040E1C] -> 0x0513
mem[X,0x0000000080040E1E] -> 0x0060
[8830] [M]: 0x0000000080040E1C (0x00600513) addi a0, zero, 0x6
x10 <- 0x0000000000000006
mem[X,0x0000000080040E20] -> 0x05B7
mem[X,0x0000000080040E22] -> 0x0000
[8831] [M]: 0x0000000080040E20 (0x000005B7) lui a1, 0x0
x11 <- 0x0000000000000000
mem[X,0x0000000080040E24] -> 0x8593
mem[X,0x0000000080040E26] -> 0xFFF5
[8832] [M]: 0x0000000080040E24 (0xFFF58593) addi a1, a1, -0x1
x11 <- 0xFFFFFFFFFFFFFFFF
mem[X,0x0000000080040E28] -> 0x9593
mem[X,0x0000000080040E2A] -> 0x00B5
[8833] [M]: 0x0000000080040E28 (0x00B59593) slli a1, a1, 0xb
x11 <- 0xFFFFFFFFFFFFF800
mem[X,0x0000000080040E2C] -> 0x8593
mem[X,0x0000000080040E2E] -> 0x2575
[8834] [M]: 0x0000000080040E2C (0x25758593) addi a1, a1, 0x257
x11 <- 0xFFFFFFFFFFFFFA57
mem[X,0x0000000080040E30] -> 0x9593
mem[X,0x0000000080040E32] -> 0x00B5
[8835] [M]: 0x0000000080040E30 (0x00B59593) slli a1, a1, 0xb
x11 <- 0xFFFFFFFFFFD2B800
mem[X,0x0000000080040E34] -> 0x8593
mem[X,0x0000000080040E36] -> 0x6C35
[8836] [M]: 0x0000000080040E34 (0x6C358593) addi a1, a1, 0x6c3
x11 <- 0xFFFFFFFFFFD2BEC3
mem[X,0x0000000080040E38] -> 0x9593
mem[X,0x0000000080040E3A] -> 0x00A5
[8837] [M]: 0x0000000080040E38 (0x00A59593) slli a1, a1, 0xa
x11 <- 0xFFFFFFFF4AFB0C00
mem[X,0x0000000080040E3C] -> 0x8593
mem[X,0x0000000080040E3E] -> 0x0CD5
[8838] [M]: 0x0000000080040E3C (0x0CD58593) addi a1, a1, 0xcd
x11 <- 0xFFFFFFFF4AFB0CCD
mem[X,0x0000000080040E40] -> 0x0113
mem[X,0x0000000080040E42] -> 0x0000
[8839] [M]: 0x0000000080040E40 (0x00000113) addi sp, zero, 0x0
x2 <- 0x0000000000000000
mem[X,0x0000000080040E44] -> 0x006F
mem[X,0x0000000080040E46] -> 0x0050
[8840] [M]: 0x0000000080040E44 (0x0050006F) jal zero, 0x804
mem[X,0x0000000080041648] -> 0x40E3
mem[X,0x000000008004164A] -> 0x80B5
[8841] [M]: 0x0000000080041648 (0x80B540E3) blt a0, a1, -0x800
mem[X,0x000000008004164C] -> 0x0113
mem[X,0x000000008004164E] -> 0x0021
[8842] [M]: 0x000000008004164C (0x00210113) addi sp, sp, 0x2
x2 <- 0x0000000000000002
mem[X,0x0000000080041650] -> 0x006F
mem[X,0x0000000080041652] -> 0x00C0
[8843] [M]: 0x0000000080041650 (0x00C0006F) jal zero, 0xc
mem[X,0x000000008004165C] -> 0xB823
mem[X,0x000000008004165E] -> 0x0820
[8844] [M]: 0x000000008004165C (0x0820B823) sd sp, 0x90(ra)
mem[0x0000000080050268] <- 0x0000000000000002
mem[X,0x0000000080041660] -> 0x0513
mem[X,0x0000000080041662] -> 0x0060
[8845] [M]: 0x0000000080041660 (0x00600513) addi a0, zero, 0x6
x10 <- 0x0000000000000006
mem[X,0x0000000080041664] -> 0x05B7
mem[X,0x0000000080041666] -> 0x0000
[8846] [M]: 0x0000000080041664 (0x000005B7) lui a1, 0x0
x11 <- 0x0000000000000000
mem[X,0x0000000080041668] -> 0x8593
mem[X,0x000000008004166A] -> 0x0005
[8847] [M]: 0x0000000080041668 (0x00058593) addi a1, a1, 0x0
x11 <- 0x0000000000000000
mem[X,0x000000008004166C] -> 0x9593
mem[X,0x000000008004166E] -> 0x00B5
[8848] [M]: 0x000000008004166C (0x00B59593) slli a1, a1, 0xb
x11 <- 0x0000000000000000
mem[X,0x0000000080041670] -> 0x8593
mem[X,0x0000000080041672] -> 0x5A85
[8849] [M]: 0x0000000080041670 (0x5A858593) addi a1, a1, 0x5a8
x11 <- 0x00000000000005A8
mem[X,0x0000000080041674] -> 0x9593
mem[X,0x0000000080041676] -> 0x00B5
[8850] [M]: 0x0000000080041674 (0x00B59593) slli a1, a1, 0xb
x11 <- 0x00000000002D4000
mem[X,0x0000000080041678] -> 0x8593
mem[X,0x000000008004167A] -> 0x13C5
[8851] [M]: 0x0000000080041678 (0x13C58593) addi a1, a1, 0x13c
x11 <- 0x00000000002D413C
mem[X,0x000000008004167C] -> 0x9593
mem[X,0x000000008004167E] -> 0x00A5
[8852] [M]: 0x000000008004167C (0x00A59593) slli a1, a1, 0xa
x11 <- 0x00000000B504F000
mem[X,0x0000000080041680] -> 0x8593
mem[X,0x0000000080041682] -> 0x3335
[8853] [M]: 0x0000000080041680 (0x33358593) addi a1, a1, 0x333
x11 <- 0x00000000B504F333
mem[X,0x0000000080041684] -> 0x0113
mem[X,0x0000000080041686] -> 0x0000
[8854] [M]: 0x0000000080041684 (0x00000113) addi sp, zero, 0x0
x2 <- 0x0000000000000000
mem[X,0x0000000080041688] -> 0x006F
mem[X,0x000000008004168A] -> 0x00C0
[8855] [M]: 0x0000000080041688 (0x00C0006F) jal zero, 0xc
mem[X,0x0000000080041694] -> 0x4063
mem[X,0x0000000080041696] -> 0x08B5
[8856] [M]: 0x0000000080041694 (0x08B54063) blt a0, a1, 0x80
mem[X,0x0000000080041714] -> 0x0113
mem[X,0x0000000080041716] -> 0x0031
[8857] [M]: 0x0000000080041714 (0x00310113) addi sp, sp, 0x3
x2 <- 0x0000000000000003
mem[X,0x0000000080041718] -> 0x006F
mem[X,0x000000008004171A] -> 0x0040
[8858] [M]: 0x0000000080041718 (0x0040006F) jal zero, 0x4
mem[X,0x000000008004171C] -> 0xBC23
mem[X,0x000000008004171E] -> 0x0820
[8859] [M]: 0x000000008004171C (0x0820BC23) sd sp, 0x98(ra)
mem[0x0000000080050270] <- 0x0000000000000003
mem[X,0x0000000080041720] -> 0x0513
mem[X,0x0000000080041722] -> 0x0060
[8860] [M]: 0x0000000080041720 (0x00600513) addi a0, zero, 0x6
x10 <- 0x0000000000000006
mem[X,0x0000000080041724] -> 0x0593
mem[X,0x0000000080041726] -> 0x0020
[8861] [M]: 0x0000000080041724 (0x00200593) addi a1, zero, 0x2
x11 <- 0x0000000000000002
mem[X,0x0000000080041728] -> 0x0113
mem[X,0x000000008004172A] -> 0x0000
[8862] [M]: 0x0000000080041728 (0x00000113) addi sp, zero, 0x0
x2 <- 0x0000000000000000
mem[X,0x000000008004172C] -> 0x006F
mem[X,0x000000008004172E] -> 0x00C0
[8863] [M]: 0x000000008004172C (0x00C0006F) jal zero, 0xc
mem[X,0x0000000080041738] -> 0x4863
mem[X,0x000000008004173A] -> 0x00B5
[8864] [M]: 0x0000000080041738 (0x00B54863) blt a0, a1, 0x10
mem[X,0x000000008004173C] -> 0x0113
mem[X,0x000000008004173E] -> 0x0021
[8865] [M]: 0x000000008004173C (0x00210113) addi sp, sp, 0x2
x2 <- 0x0000000000000002
mem[X,0x0000000080041740] -> 0x006F
mem[X,0x0000000080041742] -> 0x0100
[8866] [M]: 0x0000000080041740 (0x0100006F) jal zero, 0x10
mem[X,0x0000000080041750] -> 0xB023
mem[X,0x0000000080041752] -> 0x0A20
[8867] [M]: 0x0000000080041750 (0x0A20B023) sd sp, 0xa0(ra)
mem[0x0000000080050278] <- 0x0000000000000002
mem[X,0x0000000080041754] -> 0x0513
mem[X,0x0000000080041756] -> 0x0060
[8868] [M]: 0x0000000080041754 (0x00600513) addi a0, zero, 0x6
x10 <- 0x0000000000000006
mem[X,0x0000000080041758] -> 0x55B7
mem[X,0x000000008004175A] -> 0x5555
[8869] [M]: 0x0000000080041758 (0x555555B7) lui a1, 0x55555
x11 <- 0x0000000055555000
mem[X,0x000000008004175C] -> 0x8593
mem[X,0x000000008004175E] -> 0x5555
[8870] [M]: 0x000000008004175C (0x55558593) addi a1, a1, 0x555
x11 <- 0x0000000055555555
mem[X,0x0000000080041760] -> 0x9593
mem[X,0x0000000080041762] -> 0x00B5
[8871] [M]: 0x0000000080041760 (0x00B59593) slli a1, a1, 0xb
x11 <- 0x000002AAAAAAA800
mem[X,0x0000000080041764] -> 0x8593
mem[X,0x0000000080041766] -> 0x2AA5
[8872] [M]: 0x0000000080041764 (0x2AA58593) addi a1, a1, 0x2aa
x11 <- 0x000002AAAAAAAAAA
mem[X,0x0000000080041768] -> 0x9593
mem[X,0x000000008004176A] -> 0x00B5
[8873] [M]: 0x0000000080041768 (0x00B59593) slli a1, a1, 0xb
x11 <- 0x0015555555555000
mem[X,0x000000008004176C] -> 0x8593
mem[X,0x000000008004176E] -> 0x5555
[8874] [M]: 0x000000008004176C (0x55558593) addi a1, a1, 0x555
x11 <- 0x0015555555555555
mem[X,0x0000000080041770] -> 0x9593
mem[X,0x0000000080041772] -> 0x00A5
[8875] [M]: 0x0000000080041770 (0x00A59593) slli a1, a1, 0xa
x11 <- 0x5555555555555400
mem[X,0x0000000080041774] -> 0x8593
mem[X,0x0000000080041776] -> 0x1545
[8876] [M]: 0x0000000080041774 (0x15458593) addi a1, a1, 0x154
x11 <- 0x5555555555555554
mem[X,0x0000000080041778] -> 0x0113
mem[X,0x000000008004177A] -> 0x0000
[8877] [M]: 0x0000000080041778 (0x00000113) addi sp, zero, 0x0
x2 <- 0x0000000000000000
mem[X,0x000000008004177C] -> 0x006F
mem[X,0x000000008004177E] -> 0x00C0
[8878] [M]: 0x000000008004177C (0x00C0006F) jal zero, 0xc
mem[X,0x0000000080041788] -> 0x4063
mem[X,0x000000008004178A] -> 0x10B5
[8879] [M]: 0x0000000080041788 (0x10B54063) blt a0, a1, 0x100
mem[X,0x0000000080041888] -> 0x0113
mem[X,0x000000008004188A] -> 0x0031
[8880] [M]: 0x0000000080041888 (0x00310113) addi sp, sp, 0x3
x2 <- 0x0000000000000003
mem[X,0x000000008004188C] -> 0x006F
mem[X,0x000000008004188E] -> 0x0040
[8881] [M]: 0x000000008004188C (0x0040006F) jal zero, 0x4
mem[X,0x0000000080041890] -> 0xB423
mem[X,0x0000000080041892] -> 0x0A20
[8882] [M]: 0x0000000080041890 (0x0A20B423) sd sp, 0xa8(ra)
mem[0x0000000080050280] <- 0x0000000000000003
mem[X,0x0000000080041894] -> 0x0513
mem[X,0x0000000080041896] -> 0x0060
[8883] [M]: 0x0000000080041894 (0x00600513) addi a0, zero, 0x6
x10 <- 0x0000000000000006
mem[X,0x0000000080041898] -> 0x0593
mem[X,0x000000008004189A] -> 0x0000
[8884] [M]: 0x0000000080041898 (0x00000593) addi a1, zero, 0x0
x11 <- 0x0000000000000000
mem[X,0x000000008004189C] -> 0x0113
mem[X,0x000000008004189E] -> 0x0000
[8885] [M]: 0x000000008004189C (0x00000113) addi sp, zero, 0x0
x2 <- 0x0000000000000000
mem[X,0x00000000800418A0] -> 0x006F
mem[X,0x00000000800418A2] -> 0x00C0
[8886] [M]: 0x00000000800418A0 (0x00C0006F) jal zero, 0xc
mem[X,0x00000000800418AC] -> 0x4663
mem[X,0x00000000800418AE] -> 0x00B5
[8887] [M]: 0x00000000800418AC (0x00B54663) blt a0, a1, 0xc
mem[X,0x00000000800418B0] -> 0x0113
mem[X,0x00000000800418B2] -> 0x0021
[8888] [M]: 0x00000000800418B0 (0x00210113) addi sp, sp, 0x2
x2 <- 0x0000000000000002
mem[X,0x00000000800418B4] -> 0x006F
mem[X,0x00000000800418B6] -> 0x00C0
[8889] [M]: 0x00000000800418B4 (0x00C0006F) jal zero, 0xc
mem[X,0x00000000800418C0] -> 0xB823
mem[X,0x00000000800418C2] -> 0x0A20
[8890] [M]: 0x00000000800418C0 (0x0A20B823) sd sp, 0xb0(ra)
mem[0x0000000080050288] <- 0x0000000000000002
mem[X,0x00000000800418C4] -> 0x0513
mem[X,0x00000000800418C6] -> 0x0060
[8891] [M]: 0x00000000800418C4 (0x00600513) addi a0, zero, 0x6
x10 <- 0x0000000000000006
mem[X,0x00000000800418C8] -> 0x0593
mem[X,0x00000000800418CA] -> 0x0040
[8892] [M]: 0x00000000800418C8 (0x00400593) addi a1, zero, 0x4
x11 <- 0x0000000000000004
mem[X,0x00000000800418CC] -> 0x0113
mem[X,0x00000000800418CE] -> 0x0000
[8893] [M]: 0x00000000800418CC (0x00000113) addi sp, zero, 0x0
x2 <- 0x0000000000000000
mem[X,0x00000000800418D0] -> 0x006F
mem[X,0x00000000800418D2] -> 0x00C0
[8894] [M]: 0x00000000800418D0 (0x00C0006F) jal zero, 0xc
mem[X,0x00000000800418DC] -> 0x4063
mem[X,0x00000000800418DE] -> 0x02B5
[8895] [M]: 0x00000000800418DC (0x02B54063) blt a0, a1, 0x20
mem[X,0x00000000800418E0] -> 0x0113
mem[X,0x00000000800418E2] -> 0x0021
[8896] [M]: 0x00000000800418E0 (0x00210113) addi sp, sp, 0x2
x2 <- 0x0000000000000002
mem[X,0x00000000800418E4] -> 0x006F
mem[X,0x00000000800418E6] -> 0x0200
[8897] [M]: 0x00000000800418E4 (0x0200006F) jal zero, 0x20
mem[X,0x0000000080041904] -> 0xBC23
mem[X,0x0000000080041906] -> 0x0A20
[8898] [M]: 0x0000000080041904 (0x0A20BC23) sd sp, 0xb8(ra)
mem[0x0000000080050290] <- 0x0000000000000002
mem[X,0x0000000080041908] -> 0x0513
mem[X,0x000000008004190A] -> 0x0060
[8899] [M]: 0x0000000080041908 (0x00600513) addi a0, zero, 0x6
x10 <- 0x0000000000000006
clint::tick mtime <- 0x0000000000000059
 clint timer pending at mtime 0x0000000000000059
htif::tick 0x0000000000000000
mem[X,0x000000008004190C] -> 0x35B7
mem[X,0x000000008004190E] -> 0x3333
[8900] [M]: 0x000000008004190C (0x333335B7) lui a1, 0x33333
x11 <- 0x0000000033333000
mem[X,0x0000000080041910] -> 0x8593
mem[X,0x0000000080041912] -> 0x3335
[8901] [M]: 0x0000000080041910 (0x33358593) addi a1, a1, 0x333
x11 <- 0x0000000033333333
mem[X,0x0000000080041914] -> 0x9593
mem[X,0x0000000080041916] -> 0x00B5
[8902] [M]: 0x0000000080041914 (0x00B59593) slli a1, a1, 0xb
x11 <- 0x0000019999999800
mem[X,0x0000000080041918] -> 0x8593
mem[X,0x000000008004191A] -> 0x1995
[8903] [M]: 0x0000000080041918 (0x19958593) addi a1, a1, 0x199
x11 <- 0x0000019999999999
mem[X,0x000000008004191C] -> 0x9593
mem[X,0x000000008004191E] -> 0x00B5
[8904] [M]: 0x000000008004191C (0x00B59593) slli a1, a1, 0xb
x11 <- 0x000CCCCCCCCCC800
mem[X,0x0000000080041920] -> 0x8593
mem[X,0x0000000080041922] -> 0x4CC5
[8905] [M]: 0x0000000080041920 (0x4CC58593) addi a1, a1, 0x4cc
x11 <- 0x000CCCCCCCCCCCCC
mem[X,0x0000000080041924] -> 0x9593
mem[X,0x0000000080041926] -> 0x00A5
[8906] [M]: 0x0000000080041924 (0x00A59593) slli a1, a1, 0xa
x11 <- 0x3333333333333000
mem[X,0x0000000080041928] -> 0x8593
mem[X,0x000000008004192A] -> 0x3325
[8907] [M]: 0x0000000080041928 (0x33258593) addi a1, a1, 0x332
x11 <- 0x3333333333333332
mem[X,0x000000008004192C] -> 0x0113
mem[X,0x000000008004192E] -> 0x0000
[8908] [M]: 0x000000008004192C (0x00000113) addi sp, zero, 0x0
x2 <- 0x0000000000000000
mem[X,0x0000000080041930] -> 0x006F
mem[X,0x0000000080041932] -> 0x00C0
[8909] [M]: 0x0000000080041930 (0x00C0006F) jal zero, 0xc
mem[X,0x000000008004193C] -> 0x4663
mem[X,0x000000008004193E] -> 0x00B5
[8910] [M]: 0x000000008004193C (0x00B54663) blt a0, a1, 0xc
mem[X,0x0000000080041948] -> 0x0113
mem[X,0x000000008004194A] -> 0x0031
[8911] [M]: 0x0000000080041948 (0x00310113) addi sp, sp, 0x3
x2 <- 0x0000000000000003
mem[X,0x000000008004194C] -> 0x006F
mem[X,0x000000008004194E] -> 0x0040
[8912] [M]: 0x000000008004194C (0x0040006F) jal zero, 0x4
mem[X,0x0000000080041950] -> 0xB023
mem[X,0x0000000080041952] -> 0x0C20
[8913] [M]: 0x0000000080041950 (0x0C20B023) sd sp, 0xc0(ra)
mem[0x0000000080050298] <- 0x0000000000000003
mem[X,0x0000000080041954] -> 0x0513
mem[X,0x0000000080041956] -> 0x0060
[8914] [M]: 0x0000000080041954 (0x00600513) addi a0, zero, 0x6
x10 <- 0x0000000000000006
mem[X,0x0000000080041958] -> 0x65B7
mem[X,0x000000008004195A] -> 0x6666
[8915] [M]: 0x0000000080041958 (0x666665B7) lui a1, 0x66666
x11 <- 0x0000000066666000
mem[X,0x000000008004195C] -> 0x8593
mem[X,0x000000008004195E] -> 0x6665
[8916] [M]: 0x000000008004195C (0x66658593) addi a1, a1, 0x666
x11 <- 0x0000000066666666
mem[X,0x0000000080041960] -> 0x9593
mem[X,0x0000000080041962] -> 0x00B5
[8917] [M]: 0x0000000080041960 (0x00B59593) slli a1, a1, 0xb
x11 <- 0x0000033333333000
mem[X,0x0000000080041964] -> 0x8593
mem[X,0x0000000080041966] -> 0x3335
[8918] [M]: 0x0000000080041964 (0x33358593) addi a1, a1, 0x333
x11 <- 0x0000033333333333
mem[X,0x0000000080041968] -> 0x9593
mem[X,0x000000008004196A] -> 0x00B5
[8919] [M]: 0x0000000080041968 (0x00B59593) slli a1, a1, 0xb
x11 <- 0x0019999999999800
mem[X,0x000000008004196C] -> 0x8593
mem[X,0x000000008004196E] -> 0x1995
[8920] [M]: 0x000000008004196C (0x19958593) addi a1, a1, 0x199
x11 <- 0x0019999999999999
mem[X,0x0000000080041970] -> 0x9593
mem[X,0x0000000080041972] -> 0x00A5
[8921] [M]: 0x0000000080041970 (0x00A59593) slli a1, a1, 0xa
x11 <- 0x6666666666666400
mem[X,0x0000000080041974] -> 0x8593
mem[X,0x0000000080041976] -> 0x2655
[8922] [M]: 0x0000000080041974 (0x26558593) addi a1, a1, 0x265
x11 <- 0x6666666666666665
mem[X,0x0000000080041978] -> 0x0113
mem[X,0x000000008004197A] -> 0x0000
[8923] [M]: 0x0000000080041978 (0x00000113) addi sp, zero, 0x0
x2 <- 0x0000000000000000
mem[X,0x000000008004197C] -> 0x006F
mem[X,0x000000008004197E] -> 0x00C0
[8924] [M]: 0x000000008004197C (0x00C0006F) jal zero, 0xc
mem[X,0x0000000080041988] -> 0x4CE3
mem[X,0x000000008004198A] -> 0xFEB5
[8925] [M]: 0x0000000080041988 (0xFEB54CE3) blt a0, a1, -0x8
mem[X,0x0000000080041980] -> 0x0113
mem[X,0x0000000080041982] -> 0x0011
[8926] [M]: 0x0000000080041980 (0x00110113) addi sp, sp, 0x1
x2 <- 0x0000000000000001
mem[X,0x0000000080041984] -> 0x006F
mem[X,0x0000000080041986] -> 0x0180
[8927] [M]: 0x0000000080041984 (0x0180006F) jal zero, 0x18
mem[X,0x000000008004199C] -> 0xB423
mem[X,0x000000008004199E] -> 0x0C20
[8928] [M]: 0x000000008004199C (0x0C20B423) sd sp, 0xc8(ra)
mem[0x00000000800502A0] <- 0x0000000000000001
mem[X,0x00000000800419A0] -> 0x0513
mem[X,0x00000000800419A2] -> 0x0060
[8929] [M]: 0x00000000800419A0 (0x00600513) addi a0, zero, 0x6
x10 <- 0x0000000000000006
mem[X,0x00000000800419A4] -> 0x05B7
mem[X,0x00000000800419A6] -> 0x0000
[8930] [M]: 0x00000000800419A4 (0x000005B7) lui a1, 0x0
x11 <- 0x0000000000000000
mem[X,0x00000000800419A8] -> 0x8593
mem[X,0x00000000800419AA] -> 0x0005
[8931] [M]: 0x00000000800419A8 (0x00058593) addi a1, a1, 0x0
x11 <- 0x0000000000000000
mem[X,0x00000000800419AC] -> 0x9593
mem[X,0x00000000800419AE] -> 0x00B5
[8932] [M]: 0x00000000800419AC (0x00B59593) slli a1, a1, 0xb
x11 <- 0x0000000000000000
mem[X,0x00000000800419B0] -> 0x8593
mem[X,0x00000000800419B2] -> 0x5A85
[8933] [M]: 0x00000000800419B0 (0x5A858593) addi a1, a1, 0x5a8
x11 <- 0x00000000000005A8
mem[X,0x00000000800419B4] -> 0x9593
mem[X,0x00000000800419B6] -> 0x00B5
[8934] [M]: 0x00000000800419B4 (0x00B59593) slli a1, a1, 0xb
x11 <- 0x00000000002D4000
mem[X,0x00000000800419B8] -> 0x8593
mem[X,0x00000000800419BA] -> 0x13C5
[8935] [M]: 0x00000000800419B8 (0x13C58593) addi a1, a1, 0x13c
x11 <- 0x00000000002D413C
mem[X,0x00000000800419BC] -> 0x9593
mem[X,0x00000000800419BE] -> 0x00A5
[8936] [M]: 0x00000000800419BC (0x00A59593) slli a1, a1, 0xa
x11 <- 0x00000000B504F000
mem[X,0x00000000800419C0] -> 0x8593
mem[X,0x00000000800419C2] -> 0x3325
[8937] [M]: 0x00000000800419C0 (0x33258593) addi a1, a1, 0x332
x11 <- 0x00000000B504F332
mem[X,0x00000000800419C4] -> 0x0113
mem[X,0x00000000800419C6] -> 0x0000
[8938] [M]: 0x00000000800419C4 (0x00000113) addi sp, zero, 0x0
x2 <- 0x0000000000000000
mem[X,0x00000000800419C8] -> 0x006F
mem[X,0x00000000800419CA] -> 0x00C0
[8939] [M]: 0x00000000800419C8 (0x00C0006F) jal zero, 0xc
mem[X,0x00000000800419D4] -> 0x4063
mem[X,0x00000000800419D6] -> 0x08B5
[8940] [M]: 0x00000000800419D4 (0x08B54063) blt a0, a1, 0x80
mem[X,0x0000000080041A54] -> 0x0113
mem[X,0x0000000080041A56] -> 0x0031
[8941] [M]: 0x0000000080041A54 (0x00310113) addi sp, sp, 0x3
x2 <- 0x0000000000000003
mem[X,0x0000000080041A58] -> 0x006F
mem[X,0x0000000080041A5A] -> 0x0040
[8942] [M]: 0x0000000080041A58 (0x0040006F) jal zero, 0x4
mem[X,0x0000000080041A5C] -> 0xB823
mem[X,0x0000000080041A5E] -> 0x0C20
[8943] [M]: 0x0000000080041A5C (0x0C20B823) sd sp, 0xd0(ra)
mem[0x00000000800502A8] <- 0x0000000000000003
mem[X,0x0000000080041A60] -> 0x0513
mem[X,0x0000000080041A62] -> 0x0060
[8944] [M]: 0x0000000080041A60 (0x00600513) addi a0, zero, 0x6
x10 <- 0x0000000000000006
mem[X,0x0000000080041A64] -> 0x55B7
mem[X,0x0000000080041A66] -> 0x5555
[8945] [M]: 0x0000000080041A64 (0x555555B7) lui a1, 0x55555
x11 <- 0x0000000055555000
mem[X,0x0000000080041A68] -> 0x8593
mem[X,0x0000000080041A6A] -> 0x5555
[8946] [M]: 0x0000000080041A68 (0x55558593) addi a1, a1, 0x555
x11 <- 0x0000000055555555
mem[X,0x0000000080041A6C] -> 0x9593
mem[X,0x0000000080041A6E] -> 0x00B5
[8947] [M]: 0x0000000080041A6C (0x00B59593) slli a1, a1, 0xb
x11 <- 0x000002AAAAAAA800
mem[X,0x0000000080041A70] -> 0x8593
mem[X,0x0000000080041A72] -> 0x2AA5
[8948] [M]: 0x0000000080041A70 (0x2AA58593) addi a1, a1, 0x2aa
x11 <- 0x000002AAAAAAAAAA
mem[X,0x0000000080041A74] -> 0x9593
mem[X,0x0000000080041A76] -> 0x00B5
[8949] [M]: 0x0000000080041A74 (0x00B59593) slli a1, a1, 0xb
x11 <- 0x0015555555555000
mem[X,0x0000000080041A78] -> 0x8593
mem[X,0x0000000080041A7A] -> 0x5555
[8950] [M]: 0x0000000080041A78 (0x55558593) addi a1, a1, 0x555
x11 <- 0x0015555555555555
mem[X,0x0000000080041A7C] -> 0x9593
mem[X,0x0000000080041A7E] -> 0x00A5
[8951] [M]: 0x0000000080041A7C (0x00A59593) slli a1, a1, 0xa
x11 <- 0x5555555555555400
mem[X,0x0000000080041A80] -> 0x8593
mem[X,0x0000000080041A82] -> 0x1565
[8952] [M]: 0x0000000080041A80 (0x15658593) addi a1, a1, 0x156
x11 <- 0x5555555555555556
mem[X,0x0000000080041A84] -> 0x0113
mem[X,0x0000000080041A86] -> 0x0000
[8953] [M]: 0x0000000080041A84 (0x00000113) addi sp, zero, 0x0
x2 <- 0x0000000000000000
mem[X,0x0000000080041A88] -> 0x006F
mem[X,0x0000000080041A8A] -> 0x00C0
[8954] [M]: 0x0000000080041A88 (0x00C0006F) jal zero, 0xc
mem[X,0x0000000080041A94] -> 0x4063
mem[X,0x0000000080041A96] -> 0x02B5
[8955] [M]: 0x0000000080041A94 (0x02B54063) blt a0, a1, 0x20
mem[X,0x0000000080041AB4] -> 0x0113
mem[X,0x0000000080041AB6] -> 0x0031
[8956] [M]: 0x0000000080041AB4 (0x00310113) addi sp, sp, 0x3
x2 <- 0x0000000000000003
mem[X,0x0000000080041AB8] -> 0x006F
mem[X,0x0000000080041ABA] -> 0x0040
[8957] [M]: 0x0000000080041AB8 (0x0040006F) jal zero, 0x4
mem[X,0x0000000080041ABC] -> 0xBC23
mem[X,0x0000000080041ABE] -> 0x0C20
[8958] [M]: 0x0000000080041ABC (0x0C20BC23) sd sp, 0xd8(ra)
mem[0x00000000800502B0] <- 0x0000000000000003
mem[X,0x0000000080041AC0] -> 0x0513
mem[X,0x0000000080041AC2] -> 0x0060
[8959] [M]: 0x0000000080041AC0 (0x00600513) addi a0, zero, 0x6
x10 <- 0x0000000000000006
mem[X,0x0000000080041AC4] -> 0xB5B7
mem[X,0x0000000080041AC6] -> 0xAAAA
[8960] [M]: 0x0000000080041AC4 (0xAAAAB5B7) lui a1, -0x55555
x11 <- 0xFFFFFFFFAAAAB000
mem[X,0x0000000080041AC8] -> 0x8593
mem[X,0x0000000080041ACA] -> 0xAAA5
[8961] [M]: 0x0000000080041AC8 (0xAAA58593) addi a1, a1, -0x556
x11 <- 0xFFFFFFFFAAAAAAAA
mem[X,0x0000000080041ACC] -> 0x9593
mem[X,0x0000000080041ACE] -> 0x00B5
[8962] [M]: 0x0000000080041ACC (0x00B59593) slli a1, a1, 0xb
x11 <- 0xFFFFFD5555555000
mem[X,0x0000000080041AD0] -> 0x8593
mem[X,0x0000000080041AD2] -> 0x5555
[8963] [M]: 0x0000000080041AD0 (0x55558593) addi a1, a1, 0x555
x11 <- 0xFFFFFD5555555555
mem[X,0x0000000080041AD4] -> 0x9593
mem[X,0x0000000080041AD6] -> 0x00B5
[8964] [M]: 0x0000000080041AD4 (0x00B59593) slli a1, a1, 0xb
x11 <- 0xFFEAAAAAAAAAA800
mem[X,0x0000000080041AD8] -> 0x8593
mem[X,0x0000000080041ADA] -> 0x2AA5
[8965] [M]: 0x0000000080041AD8 (0x2AA58593) addi a1, a1, 0x2aa
x11 <- 0xFFEAAAAAAAAAAAAA
mem[X,0x0000000080041ADC] -> 0x9593
mem[X,0x0000000080041ADE] -> 0x00A5
[8966] [M]: 0x0000000080041ADC (0x00A59593) slli a1, a1, 0xa
x11 <- 0xAAAAAAAAAAAAA800
mem[X,0x0000000080041AE0] -> 0x8593
mem[X,0x0000000080041AE2] -> 0x2AB5
[8967] [M]: 0x0000000080041AE0 (0x2AB58593) addi a1, a1, 0x2ab
x11 <- 0xAAAAAAAAAAAAAAAB
mem[X,0x0000000080041AE4] -> 0x0113
mem[X,0x0000000080041AE6] -> 0x0000
[8968] [M]: 0x0000000080041AE4 (0x00000113) addi sp, zero, 0x0
x2 <- 0x0000000000000000
mem[X,0x0000000080041AE8] -> 0x006F
mem[X,0x0000000080041AEA] -> 0x0100
[8969] [M]: 0x0000000080041AE8 (0x0100006F) jal zero, 0x10
mem[X,0x0000000080041AF8] -> 0x4AE3
mem[X,0x0000000080041AFA] -> 0xFEB5
[8970] [M]: 0x0000000080041AF8 (0xFEB54AE3) blt a0, a1, -0xc
mem[X,0x0000000080041AFC] -> 0x0113
mem[X,0x0000000080041AFE] -> 0x0021
[8971] [M]: 0x0000000080041AFC (0x00210113) addi sp, sp, 0x2
x2 <- 0x0000000000000002
mem[X,0x0000000080041B00] -> 0x006F
mem[X,0x0000000080041B02] -> 0x00C0
[8972] [M]: 0x0000000080041B00 (0x00C0006F) jal zero, 0xc
mem[X,0x0000000080041B0C] -> 0xB023
mem[X,0x0000000080041B0E] -> 0x0E20
[8973] [M]: 0x0000000080041B0C (0x0E20B023) sd sp, 0xe0(ra)
mem[0x00000000800502B8] <- 0x0000000000000002
mem[X,0x0000000080041B10] -> 0x0513
mem[X,0x0000000080041B12] -> 0x0060
[8974] [M]: 0x0000000080041B10 (0x00600513) addi a0, zero, 0x6
x10 <- 0x0000000000000006
mem[X,0x0000000080041B14] -> 0x0593
mem[X,0x0000000080041B16] -> 0x0060
[8975] [M]: 0x0000000080041B14 (0x00600593) addi a1, zero, 0x6
x11 <- 0x0000000000000006
mem[X,0x0000000080041B18] -> 0x0113
mem[X,0x0000000080041B1A] -> 0x0000
[8976] [M]: 0x0000000080041B18 (0x00000113) addi sp, zero, 0x0
x2 <- 0x0000000000000000
mem[X,0x0000000080041B1C] -> 0x006F
mem[X,0x0000000080041B1E] -> 0x00C0
[8977] [M]: 0x0000000080041B1C (0x00C0006F) jal zero, 0xc
mem[X,0x0000000080041B28] -> 0x4663
mem[X,0x0000000080041B2A] -> 0x00B5
[8978] [M]: 0x0000000080041B28 (0x00B54663) blt a0, a1, 0xc
mem[X,0x0000000080041B2C] -> 0x0113
mem[X,0x0000000080041B2E] -> 0x0021
[8979] [M]: 0x0000000080041B2C (0x00210113) addi sp, sp, 0x2
x2 <- 0x0000000000000002
mem[X,0x0000000080041B30] -> 0x006F
mem[X,0x0000000080041B32] -> 0x00C0
[8980] [M]: 0x0000000080041B30 (0x00C0006F) jal zero, 0xc
mem[X,0x0000000080041B3C] -> 0xB423
mem[X,0x0000000080041B3E] -> 0x0E20
[8981] [M]: 0x0000000080041B3C (0x0E20B423) sd sp, 0xe8(ra)
mem[0x00000000800502C0] <- 0x0000000000000002
mem[X,0x0000000080041B40] -> 0x0513
mem[X,0x0000000080041B42] -> 0x0060
[8982] [M]: 0x0000000080041B40 (0x00600513) addi a0, zero, 0x6
x10 <- 0x0000000000000006
mem[X,0x0000000080041B44] -> 0x35B7
mem[X,0x0000000080041B46] -> 0x3333
[8983] [M]: 0x0000000080041B44 (0x333335B7) lui a1, 0x33333
x11 <- 0x0000000033333000
mem[X,0x0000000080041B48] -> 0x8593
mem[X,0x0000000080041B4A] -> 0x3335
[8984] [M]: 0x0000000080041B48 (0x33358593) addi a1, a1, 0x333
x11 <- 0x0000000033333333
mem[X,0x0000000080041B4C] -> 0x9593
mem[X,0x0000000080041B4E] -> 0x00B5
[8985] [M]: 0x0000000080041B4C (0x00B59593) slli a1, a1, 0xb
x11 <- 0x0000019999999800
mem[X,0x0000000080041B50] -> 0x8593
mem[X,0x0000000080041B52] -> 0x1995
[8986] [M]: 0x0000000080041B50 (0x19958593) addi a1, a1, 0x199
x11 <- 0x0000019999999999
mem[X,0x0000000080041B54] -> 0x9593
mem[X,0x0000000080041B56] -> 0x00B5
[8987] [M]: 0x0000000080041B54 (0x00B59593) slli a1, a1, 0xb
x11 <- 0x000CCCCCCCCCC800
mem[X,0x0000000080041B58] -> 0x8593
mem[X,0x0000000080041B5A] -> 0x4CC5
[8988] [M]: 0x0000000080041B58 (0x4CC58593) addi a1, a1, 0x4cc
x11 <- 0x000CCCCCCCCCCCCC
mem[X,0x0000000080041B5C] -> 0x9593
mem[X,0x0000000080041B5E] -> 0x00A5
[8989] [M]: 0x0000000080041B5C (0x00A59593) slli a1, a1, 0xa
x11 <- 0x3333333333333000
mem[X,0x0000000080041B60] -> 0x8593
mem[X,0x0000000080041B62] -> 0x3345
[8990] [M]: 0x0000000080041B60 (0x33458593) addi a1, a1, 0x334
x11 <- 0x3333333333333334
mem[X,0x0000000080041B64] -> 0x0113
mem[X,0x0000000080041B66] -> 0x0000
[8991] [M]: 0x0000000080041B64 (0x00000113) addi sp, zero, 0x0
x2 <- 0x0000000000000000
mem[X,0x0000000080041B68] -> 0x006F
mem[X,0x0000000080041B6A] -> 0x0140
[8992] [M]: 0x0000000080041B68 (0x0140006F) jal zero, 0x14
mem[X,0x0000000080041B7C] -> 0x48E3
mem[X,0x0000000080041B7E] -> 0xFEB5
[8993] [M]: 0x0000000080041B7C (0xFEB548E3) blt a0, a1, -0x10
mem[X,0x0000000080041B6C] -> 0x0113
mem[X,0x0000000080041B6E] -> 0x0011
[8994] [M]: 0x0000000080041B6C (0x00110113) addi sp, sp, 0x1
x2 <- 0x0000000000000001
mem[X,0x0000000080041B70] -> 0x006F
mem[X,0x0000000080041B72] -> 0x0200
[8995] [M]: 0x0000000080041B70 (0x0200006F) jal zero, 0x20
mem[X,0x0000000080041B90] -> 0xB823
mem[X,0x0000000080041B92] -> 0x0E20
[8996] [M]: 0x0000000080041B90 (0x0E20B823) sd sp, 0xf0(ra)
mem[0x00000000800502C8] <- 0x0000000000000001
mem[X,0x0000000080041B94] -> 0x0513
mem[X,0x0000000080041B96] -> 0x0060
[8997] [M]: 0x0000000080041B94 (0x00600513) addi a0, zero, 0x6
x10 <- 0x0000000000000006
mem[X,0x0000000080041B98] -> 0x65B7
mem[X,0x0000000080041B9A] -> 0x6666
[8998] [M]: 0x0000000080041B98 (0x666665B7) lui a1, 0x66666
x11 <- 0x0000000066666000
mem[X,0x0000000080041B9C] -> 0x8593
mem[X,0x0000000080041B9E] -> 0x6665
[8999] [M]: 0x0000000080041B9C (0x66658593) addi a1, a1, 0x666
x11 <- 0x0000000066666666
clint::tick mtime <- 0x000000000000005A
 clint timer pending at mtime 0x000000000000005A
htif::tick 0x0000000000000000
mem[X,0x0000000080041BA0] -> 0x9593
mem[X,0x0000000080041BA2] -> 0x00B5
[9000] [M]: 0x0000000080041BA0 (0x00B59593) slli a1, a1, 0xb
x11 <- 0x0000033333333000
mem[X,0x0000000080041BA4] -> 0x8593
mem[X,0x0000000080041BA6] -> 0x3335
[9001] [M]: 0x0000000080041BA4 (0x33358593) addi a1, a1, 0x333
x11 <- 0x0000033333333333
mem[X,0x0000000080041BA8] -> 0x9593
mem[X,0x0000000080041BAA] -> 0x00B5
[9002] [M]: 0x0000000080041BA8 (0x00B59593) slli a1, a1, 0xb
x11 <- 0x0019999999999800
mem[X,0x0000000080041BAC] -> 0x8593
mem[X,0x0000000080041BAE] -> 0x1995
[9003] [M]: 0x0000000080041BAC (0x19958593) addi a1, a1, 0x199
x11 <- 0x0019999999999999
mem[X,0x0000000080041BB0] -> 0x9593
mem[X,0x0000000080041BB2] -> 0x00A5
[9004] [M]: 0x0000000080041BB0 (0x00A59593) slli a1, a1, 0xa
x11 <- 0x6666666666666400
mem[X,0x0000000080041BB4] -> 0x8593
mem[X,0x0000000080041BB6] -> 0x2675
[9005] [M]: 0x0000000080041BB4 (0x26758593) addi a1, a1, 0x267
x11 <- 0x6666666666666667
mem[X,0x0000000080041BB8] -> 0x0113
mem[X,0x0000000080041BBA] -> 0x0000
[9006] [M]: 0x0000000080041BB8 (0x00000113) addi sp, zero, 0x0
x2 <- 0x0000000000000000
mem[X,0x0000000080041BBC] -> 0x006F
mem[X,0x0000000080041BBE] -> 0x0180
[9007] [M]: 0x0000000080041BBC (0x0180006F) jal zero, 0x18
mem[X,0x0000000080041BD4] -> 0x46E3
mem[X,0x0000000080041BD6] -> 0xFEB5
[9008] [M]: 0x0000000080041BD4 (0xFEB546E3) blt a0, a1, -0x14
mem[X,0x0000000080041BC0] -> 0x0113
mem[X,0x0000000080041BC2] -> 0x0011
[9009] [M]: 0x0000000080041BC0 (0x00110113) addi sp, sp, 0x1
x2 <- 0x0000000000000001
mem[X,0x0000000080041BC4] -> 0x006F
mem[X,0x0000000080041BC6] -> 0x0240
[9010] [M]: 0x0000000080041BC4 (0x0240006F) jal zero, 0x24
mem[X,0x0000000080041BE8] -> 0xBC23
mem[X,0x0000000080041BEA] -> 0x0E20
[9011] [M]: 0x0000000080041BE8 (0x0E20BC23) sd sp, 0xf8(ra)
mem[0x00000000800502D0] <- 0x0000000000000001
mem[X,0x0000000080041BEC] -> 0x0513
mem[X,0x0000000080041BEE] -> 0x0060
[9012] [M]: 0x0000000080041BEC (0x00600513) addi a0, zero, 0x6
x10 <- 0x0000000000000006
mem[X,0x0000000080041BF0] -> 0x05B7
mem[X,0x0000000080041BF2] -> 0x0000
[9013] [M]: 0x0000000080041BF0 (0x000005B7) lui a1, 0x0
x11 <- 0x0000000000000000
mem[X,0x0000000080041BF4] -> 0x8593
mem[X,0x0000000080041BF6] -> 0xFFF5
[9014] [M]: 0x0000000080041BF4 (0xFFF58593) addi a1, a1, -0x1
x11 <- 0xFFFFFFFFFFFFFFFF
mem[X,0x0000000080041BF8] -> 0x9593
mem[X,0x0000000080041BFA] -> 0x00B5
[9015] [M]: 0x0000000080041BF8 (0x00B59593) slli a1, a1, 0xb
x11 <- 0xFFFFFFFFFFFFF800
mem[X,0x0000000080041BFC] -> 0x8593
mem[X,0x0000000080041BFE] -> 0x2575
[9016] [M]: 0x0000000080041BFC (0x25758593) addi a1, a1, 0x257
x11 <- 0xFFFFFFFFFFFFFA57
mem[X,0x0000000080041C00] -> 0x9593
mem[X,0x0000000080041C02] -> 0x00B5
[9017] [M]: 0x0000000080041C00 (0x00B59593) slli a1, a1, 0xb
x11 <- 0xFFFFFFFFFFD2B800
mem[X,0x0000000080041C04] -> 0x8593
mem[X,0x0000000080041C06] -> 0x6C35
[9018] [M]: 0x0000000080041C04 (0x6C358593) addi a1, a1, 0x6c3
x11 <- 0xFFFFFFFFFFD2BEC3
mem[X,0x0000000080041C08] -> 0x9593
mem[X,0x0000000080041C0A] -> 0x00A5
[9019] [M]: 0x0000000080041C08 (0x00A59593) slli a1, a1, 0xa
x11 <- 0xFFFFFFFF4AFB0C00
mem[X,0x0000000080041C0C] -> 0x8593
mem[X,0x0000000080041C0E] -> 0x0CE5
[9020] [M]: 0x0000000080041C0C (0x0CE58593) addi a1, a1, 0xce
x11 <- 0xFFFFFFFF4AFB0CCE
mem[X,0x0000000080041C10] -> 0x0113
mem[X,0x0000000080041C12] -> 0x0000
[9021] [M]: 0x0000000080041C10 (0x00000113) addi sp, zero, 0x0
x2 <- 0x0000000000000000
mem[X,0x0000000080041C14] -> 0x006F
mem[X,0x0000000080041C16] -> 0x00C0
[9022] [M]: 0x0000000080041C14 (0x00C0006F) jal zero, 0xc
mem[X,0x0000000080041C20] -> 0x4CE3
mem[X,0x0000000080041C22] -> 0xFEB5
[9023] [M]: 0x0000000080041C20 (0xFEB54CE3) blt a0, a1, -0x8
mem[X,0x0000000080041C24] -> 0x0113
mem[X,0x0000000080041C26] -> 0x0021
[9024] [M]: 0x0000000080041C24 (0x00210113) addi sp, sp, 0x2
x2 <- 0x0000000000000002
mem[X,0x0000000080041C28] -> 0x006F
mem[X,0x0000000080041C2A] -> 0x00C0
[9025] [M]: 0x0000000080041C28 (0x00C0006F) jal zero, 0xc
mem[X,0x0000000080041C34] -> 0xB023
mem[X,0x0000000080041C36] -> 0x1020
[9026] [M]: 0x0000000080041C34 (0x1020B023) sd sp, 0x100(ra)
mem[0x00000000800502D8] <- 0x0000000000000002
mem[X,0x0000000080041C38] -> 0x0513
mem[X,0x0000000080041C3A] -> 0x0060
[9027] [M]: 0x0000000080041C38 (0x00600513) addi a0, zero, 0x6
x10 <- 0x0000000000000006
mem[X,0x0000000080041C3C] -> 0x05B7
mem[X,0x0000000080041C3E] -> 0x0000
[9028] [M]: 0x0000000080041C3C (0x000005B7) lui a1, 0x0
x11 <- 0x0000000000000000
mem[X,0x0000000080041C40] -> 0x8593
mem[X,0x0000000080041C42] -> 0x0005
[9029] [M]: 0x0000000080041C40 (0x00058593) addi a1, a1, 0x0
x11 <- 0x0000000000000000
mem[X,0x0000000080041C44] -> 0x9593
mem[X,0x0000000080041C46] -> 0x00B5
[9030] [M]: 0x0000000080041C44 (0x00B59593) slli a1, a1, 0xb
x11 <- 0x0000000000000000
mem[X,0x0000000080041C48] -> 0x8593
mem[X,0x0000000080041C4A] -> 0x5A85
[9031] [M]: 0x0000000080041C48 (0x5A858593) addi a1, a1, 0x5a8
x11 <- 0x00000000000005A8
mem[X,0x0000000080041C4C] -> 0x9593
mem[X,0x0000000080041C4E] -> 0x00B5
[9032] [M]: 0x0000000080041C4C (0x00B59593) slli a1, a1, 0xb
x11 <- 0x00000000002D4000
mem[X,0x0000000080041C50] -> 0x8593
mem[X,0x0000000080041C52] -> 0x13C5
[9033] [M]: 0x0000000080041C50 (0x13C58593) addi a1, a1, 0x13c
x11 <- 0x00000000002D413C
mem[X,0x0000000080041C54] -> 0x9593
mem[X,0x0000000080041C56] -> 0x00A5
[9034] [M]: 0x0000000080041C54 (0x00A59593) slli a1, a1, 0xa
x11 <- 0x00000000B504F000
mem[X,0x0000000080041C58] -> 0x8593
mem[X,0x0000000080041C5A] -> 0x3345
[9035] [M]: 0x0000000080041C58 (0x33458593) addi a1, a1, 0x334
x11 <- 0x00000000B504F334
mem[X,0x0000000080041C5C] -> 0x0113
mem[X,0x0000000080041C5E] -> 0x0000
[9036] [M]: 0x0000000080041C5C (0x00000113) addi sp, zero, 0x0
x2 <- 0x0000000000000000
mem[X,0x0000000080041C60] -> 0x006F
mem[X,0x0000000080041C62] -> 0x2B10
[9037] [M]: 0x0000000080041C60 (0x2B10006F) jal zero, 0xab0
mem[X,0x0000000080042710] -> 0x4A63
mem[X,0x0000000080042712] -> 0xD4B5
[9038] [M]: 0x0000000080042710 (0xD4B54A63) blt a0, a1, -0xaac
mem[X,0x0000000080041C64] -> 0x0113
mem[X,0x0000000080041C66] -> 0x0011
[9039] [M]: 0x0000000080041C64 (0x00110113) addi sp, sp, 0x1
x2 <- 0x0000000000000001
mem[X,0x0000000080041C68] -> 0x006F
mem[X,0x0000000080041C6A] -> 0x2BD0
[9040] [M]: 0x0000000080041C68 (0x2BD0006F) jal zero, 0xabc
mem[X,0x0000000080042724] -> 0xB423
mem[X,0x0000000080042726] -> 0x1020
[9041] [M]: 0x0000000080042724 (0x1020B423) sd sp, 0x108(ra)
mem[0x00000000800502E0] <- 0x0000000000000001
mem[X,0x0000000080042728] -> 0x3537
mem[X,0x000000008004272A] -> 0x3333
[9042] [M]: 0x0000000080042728 (0x33333537) lui a0, 0x33333
x10 <- 0x0000000033333000
mem[X,0x000000008004272C] -> 0x0513
mem[X,0x000000008004272E] -> 0x3335
[9043] [M]: 0x000000008004272C (0x33350513) addi a0, a0, 0x333
x10 <- 0x0000000033333333
mem[X,0x0000000080042730] -> 0x1513
mem[X,0x0000000080042732] -> 0x00B5
[9044] [M]: 0x0000000080042730 (0x00B51513) slli a0, a0, 0xb
x10 <- 0x0000019999999800
mem[X,0x0000000080042734] -> 0x0513
mem[X,0x0000000080042736] -> 0x1995
[9045] [M]: 0x0000000080042734 (0x19950513) addi a0, a0, 0x199
x10 <- 0x0000019999999999
mem[X,0x0000000080042738] -> 0x1513
mem[X,0x000000008004273A] -> 0x00B5
[9046] [M]: 0x0000000080042738 (0x00B51513) slli a0, a0, 0xb
x10 <- 0x000CCCCCCCCCC800
mem[X,0x000000008004273C] -> 0x0513
mem[X,0x000000008004273E] -> 0x4CC5
[9047] [M]: 0x000000008004273C (0x4CC50513) addi a0, a0, 0x4cc
x10 <- 0x000CCCCCCCCCCCCC
mem[X,0x0000000080042740] -> 0x1513
mem[X,0x0000000080042742] -> 0x00A5
[9048] [M]: 0x0000000080042740 (0x00A51513) slli a0, a0, 0xa
x10 <- 0x3333333333333000
mem[X,0x0000000080042744] -> 0x0513
mem[X,0x0000000080042746] -> 0x3345
[9049] [M]: 0x0000000080042744 (0x33450513) addi a0, a0, 0x334
x10 <- 0x3333333333333334
mem[X,0x0000000080042748] -> 0x0593
mem[X,0x000000008004274A] -> 0x0030
[9050] [M]: 0x0000000080042748 (0x00300593) addi a1, zero, 0x3
x11 <- 0x0000000000000003
mem[X,0x000000008004274C] -> 0x0113
mem[X,0x000000008004274E] -> 0x0000
[9051] [M]: 0x000000008004274C (0x00000113) addi sp, zero, 0x0
x2 <- 0x0000000000000000
mem[X,0x0000000080042750] -> 0x006F
mem[X,0x0000000080042752] -> 0x00C0
[9052] [M]: 0x0000000080042750 (0x00C0006F) jal zero, 0xc
mem[X,0x000000008004275C] -> 0x4063
mem[X,0x000000008004275E] -> 0x10B5
[9053] [M]: 0x000000008004275C (0x10B54063) blt a0, a1, 0x100
mem[X,0x0000000080042760] -> 0x0113
mem[X,0x0000000080042762] -> 0x0021
[9054] [M]: 0x0000000080042760 (0x00210113) addi sp, sp, 0x2
x2 <- 0x0000000000000002
mem[X,0x0000000080042764] -> 0x006F
mem[X,0x0000000080042766] -> 0x1000
[9055] [M]: 0x0000000080042764 (0x1000006F) jal zero, 0x100
mem[X,0x0000000080042864] -> 0xB823
mem[X,0x0000000080042866] -> 0x1020
[9056] [M]: 0x0000000080042864 (0x1020B823) sd sp, 0x110(ra)
mem[0x00000000800502E8] <- 0x0000000000000002
mem[X,0x0000000080042868] -> 0x3537
mem[X,0x000000008004286A] -> 0x3333
[9057] [M]: 0x0000000080042868 (0x33333537) lui a0, 0x33333
x10 <- 0x0000000033333000
mem[X,0x000000008004286C] -> 0x0513
mem[X,0x000000008004286E] -> 0x3335
[9058] [M]: 0x000000008004286C (0x33350513) addi a0, a0, 0x333
x10 <- 0x0000000033333333
mem[X,0x0000000080042870] -> 0x1513
mem[X,0x0000000080042872] -> 0x00B5
[9059] [M]: 0x0000000080042870 (0x00B51513) slli a0, a0, 0xb
x10 <- 0x0000019999999800
mem[X,0x0000000080042874] -> 0x0513
mem[X,0x0000000080042876] -> 0x1995
[9060] [M]: 0x0000000080042874 (0x19950513) addi a0, a0, 0x199
x10 <- 0x0000019999999999
mem[X,0x0000000080042878] -> 0x1513
mem[X,0x000000008004287A] -> 0x00B5
[9061] [M]: 0x0000000080042878 (0x00B51513) slli a0, a0, 0xb
x10 <- 0x000CCCCCCCCCC800
mem[X,0x000000008004287C] -> 0x0513
mem[X,0x000000008004287E] -> 0x4CC5
[9062] [M]: 0x000000008004287C (0x4CC50513) addi a0, a0, 0x4cc
x10 <- 0x000CCCCCCCCCCCCC
mem[X,0x0000000080042880] -> 0x1513
mem[X,0x0000000080042882] -> 0x00A5
[9063] [M]: 0x0000000080042880 (0x00A51513) slli a0, a0, 0xa
x10 <- 0x3333333333333000
mem[X,0x0000000080042884] -> 0x0513
mem[X,0x0000000080042886] -> 0x3345
[9064] [M]: 0x0000000080042884 (0x33450513) addi a0, a0, 0x334
x10 <- 0x3333333333333334
mem[X,0x0000000080042888] -> 0x55B7
mem[X,0x000000008004288A] -> 0x5555
[9065] [M]: 0x0000000080042888 (0x555555B7) lui a1, 0x55555
x11 <- 0x0000000055555000
mem[X,0x000000008004288C] -> 0x8593
mem[X,0x000000008004288E] -> 0x5555
[9066] [M]: 0x000000008004288C (0x55558593) addi a1, a1, 0x555
x11 <- 0x0000000055555555
mem[X,0x0000000080042890] -> 0x9593
mem[X,0x0000000080042892] -> 0x00B5
[9067] [M]: 0x0000000080042890 (0x00B59593) slli a1, a1, 0xb
x11 <- 0x000002AAAAAAA800
mem[X,0x0000000080042894] -> 0x8593
mem[X,0x0000000080042896] -> 0x2AA5
[9068] [M]: 0x0000000080042894 (0x2AA58593) addi a1, a1, 0x2aa
x11 <- 0x000002AAAAAAAAAA
mem[X,0x0000000080042898] -> 0x9593
mem[X,0x000000008004289A] -> 0x00B5
[9069] [M]: 0x0000000080042898 (0x00B59593) slli a1, a1, 0xb
x11 <- 0x0015555555555000
mem[X,0x000000008004289C] -> 0x8593
mem[X,0x000000008004289E] -> 0x5555
[9070] [M]: 0x000000008004289C (0x55558593) addi a1, a1, 0x555
x11 <- 0x0015555555555555
mem[X,0x00000000800428A0] -> 0x9593
mem[X,0x00000000800428A2] -> 0x00A5
[9071] [M]: 0x00000000800428A0 (0x00A59593) slli a1, a1, 0xa
x11 <- 0x5555555555555400
mem[X,0x00000000800428A4] -> 0x8593
mem[X,0x00000000800428A6] -> 0x1555
[9072] [M]: 0x00000000800428A4 (0x15558593) addi a1, a1, 0x155
x11 <- 0x5555555555555555
mem[X,0x00000000800428A8] -> 0x0113
mem[X,0x00000000800428AA] -> 0x0000
[9073] [M]: 0x00000000800428A8 (0x00000113) addi sp, zero, 0x0
x2 <- 0x0000000000000000
mem[X,0x00000000800428AC] -> 0x006F
mem[X,0x00000000800428AE] -> 0x00C0
[9074] [M]: 0x00000000800428AC (0x00C0006F) jal zero, 0xc
mem[X,0x00000000800428B8] -> 0x4063
mem[X,0x00000000800428BA] -> 0x08B5
[9075] [M]: 0x00000000800428B8 (0x08B54063) blt a0, a1, 0x80
mem[X,0x0000000080042938] -> 0x0113
mem[X,0x000000008004293A] -> 0x0031
[9076] [M]: 0x0000000080042938 (0x00310113) addi sp, sp, 0x3
x2 <- 0x0000000000000003
mem[X,0x000000008004293C] -> 0x006F
mem[X,0x000000008004293E] -> 0x0040
[9077] [M]: 0x000000008004293C (0x0040006F) jal zero, 0x4
mem[X,0x0000000080042940] -> 0xBC23
mem[X,0x0000000080042942] -> 0x1020
[9078] [M]: 0x0000000080042940 (0x1020BC23) sd sp, 0x118(ra)
mem[0x00000000800502F0] <- 0x0000000000000003
mem[X,0x0000000080042944] -> 0x3537
mem[X,0x0000000080042946] -> 0x3333
[9079] [M]: 0x0000000080042944 (0x33333537) lui a0, 0x33333
x10 <- 0x0000000033333000
mem[X,0x0000000080042948] -> 0x0513
mem[X,0x000000008004294A] -> 0x3335
[9080] [M]: 0x0000000080042948 (0x33350513) addi a0, a0, 0x333
x10 <- 0x0000000033333333
mem[X,0x000000008004294C] -> 0x1513
mem[X,0x000000008004294E] -> 0x00B5
[9081] [M]: 0x000000008004294C (0x00B51513) slli a0, a0, 0xb
x10 <- 0x0000019999999800
mem[X,0x0000000080042950] -> 0x0513
mem[X,0x0000000080042952] -> 0x1995
[9082] [M]: 0x0000000080042950 (0x19950513) addi a0, a0, 0x199
x10 <- 0x0000019999999999
mem[X,0x0000000080042954] -> 0x1513
mem[X,0x0000000080042956] -> 0x00B5
[9083] [M]: 0x0000000080042954 (0x00B51513) slli a0, a0, 0xb
x10 <- 0x000CCCCCCCCCC800
mem[X,0x0000000080042958] -> 0x0513
mem[X,0x000000008004295A] -> 0x4CC5
[9084] [M]: 0x0000000080042958 (0x4CC50513) addi a0, a0, 0x4cc
x10 <- 0x000CCCCCCCCCCCCC
mem[X,0x000000008004295C] -> 0x1513
mem[X,0x000000008004295E] -> 0x00A5
[9085] [M]: 0x000000008004295C (0x00A51513) slli a0, a0, 0xa
x10 <- 0x3333333333333000
mem[X,0x0000000080042960] -> 0x0513
mem[X,0x0000000080042962] -> 0x3345
[9086] [M]: 0x0000000080042960 (0x33450513) addi a0, a0, 0x334
x10 <- 0x3333333333333334
mem[X,0x0000000080042964] -> 0xB5B7
mem[X,0x0000000080042966] -> 0xAAAA
[9087] [M]: 0x0000000080042964 (0xAAAAB5B7) lui a1, -0x55555
x11 <- 0xFFFFFFFFAAAAB000
mem[X,0x0000000080042968] -> 0x8593
mem[X,0x000000008004296A] -> 0xAAA5
[9088] [M]: 0x0000000080042968 (0xAAA58593) addi a1, a1, -0x556
x11 <- 0xFFFFFFFFAAAAAAAA
mem[X,0x000000008004296C] -> 0x9593
mem[X,0x000000008004296E] -> 0x00B5
[9089] [M]: 0x000000008004296C (0x00B59593) slli a1, a1, 0xb
x11 <- 0xFFFFFD5555555000
mem[X,0x0000000080042970] -> 0x8593
mem[X,0x0000000080042972] -> 0x5555
[9090] [M]: 0x0000000080042970 (0x55558593) addi a1, a1, 0x555
x11 <- 0xFFFFFD5555555555
mem[X,0x0000000080042974] -> 0x9593
mem[X,0x0000000080042976] -> 0x00B5
[9091] [M]: 0x0000000080042974 (0x00B59593) slli a1, a1, 0xb
x11 <- 0xFFEAAAAAAAAAA800
mem[X,0x0000000080042978] -> 0x8593
mem[X,0x000000008004297A] -> 0x2AA5
[9092] [M]: 0x0000000080042978 (0x2AA58593) addi a1, a1, 0x2aa
x11 <- 0xFFEAAAAAAAAAAAAA
mem[X,0x000000008004297C] -> 0x9593
mem[X,0x000000008004297E] -> 0x00A5
[9093] [M]: 0x000000008004297C (0x00A59593) slli a1, a1, 0xa
x11 <- 0xAAAAAAAAAAAAA800
mem[X,0x0000000080042980] -> 0x8593
mem[X,0x0000000080042982] -> 0x2AA5
[9094] [M]: 0x0000000080042980 (0x2AA58593) addi a1, a1, 0x2aa
x11 <- 0xAAAAAAAAAAAAAAAA
mem[X,0x0000000080042984] -> 0x0113
mem[X,0x0000000080042986] -> 0x0000
[9095] [M]: 0x0000000080042984 (0x00000113) addi sp, zero, 0x0
x2 <- 0x0000000000000000
mem[X,0x0000000080042988] -> 0x006F
mem[X,0x000000008004298A] -> 0x00C0
[9096] [M]: 0x0000000080042988 (0x00C0006F) jal zero, 0xc
mem[X,0x0000000080042994] -> 0x4663
mem[X,0x0000000080042996] -> 0x00B5
[9097] [M]: 0x0000000080042994 (0x00B54663) blt a0, a1, 0xc
mem[X,0x0000000080042998] -> 0x0113
mem[X,0x000000008004299A] -> 0x0021
[9098] [M]: 0x0000000080042998 (0x00210113) addi sp, sp, 0x2
x2 <- 0x0000000000000002
mem[X,0x000000008004299C] -> 0x006F
mem[X,0x000000008004299E] -> 0x00C0
[9099] [M]: 0x000000008004299C (0x00C0006F) jal zero, 0xc
clint::tick mtime <- 0x000000000000005B
 clint timer pending at mtime 0x000000000000005B
htif::tick 0x0000000000000000
mem[X,0x00000000800429A8] -> 0xB023
mem[X,0x00000000800429AA] -> 0x1220
[9100] [M]: 0x00000000800429A8 (0x1220B023) sd sp, 0x120(ra)
mem[0x00000000800502F8] <- 0x0000000000000002
mem[X,0x00000000800429AC] -> 0x3537
mem[X,0x00000000800429AE] -> 0x3333
[9101] [M]: 0x00000000800429AC (0x33333537) lui a0, 0x33333
x10 <- 0x0000000033333000
mem[X,0x00000000800429B0] -> 0x0513
mem[X,0x00000000800429B2] -> 0x3335
[9102] [M]: 0x00000000800429B0 (0x33350513) addi a0, a0, 0x333
x10 <- 0x0000000033333333
mem[X,0x00000000800429B4] -> 0x1513
mem[X,0x00000000800429B6] -> 0x00B5
[9103] [M]: 0x00000000800429B4 (0x00B51513) slli a0, a0, 0xb
x10 <- 0x0000019999999800
mem[X,0x00000000800429B8] -> 0x0513
mem[X,0x00000000800429BA] -> 0x1995
[9104] [M]: 0x00000000800429B8 (0x19950513) addi a0, a0, 0x199
x10 <- 0x0000019999999999
mem[X,0x00000000800429BC] -> 0x1513
mem[X,0x00000000800429BE] -> 0x00B5
[9105] [M]: 0x00000000800429BC (0x00B51513) slli a0, a0, 0xb
x10 <- 0x000CCCCCCCCCC800
mem[X,0x00000000800429C0] -> 0x0513
mem[X,0x00000000800429C2] -> 0x4CC5
[9106] [M]: 0x00000000800429C0 (0x4CC50513) addi a0, a0, 0x4cc
x10 <- 0x000CCCCCCCCCCCCC
mem[X,0x00000000800429C4] -> 0x1513
mem[X,0x00000000800429C6] -> 0x00A5
[9107] [M]: 0x00000000800429C4 (0x00A51513) slli a0, a0, 0xa
x10 <- 0x3333333333333000
mem[X,0x00000000800429C8] -> 0x0513
mem[X,0x00000000800429CA] -> 0x3345
[9108] [M]: 0x00000000800429C8 (0x33450513) addi a0, a0, 0x334
x10 <- 0x3333333333333334
mem[X,0x00000000800429CC] -> 0x0593
mem[X,0x00000000800429CE] -> 0x0050
[9109] [M]: 0x00000000800429CC (0x00500593) addi a1, zero, 0x5
x11 <- 0x0000000000000005
mem[X,0x00000000800429D0] -> 0x0113
mem[X,0x00000000800429D2] -> 0x0000
[9110] [M]: 0x00000000800429D0 (0x00000113) addi sp, zero, 0x0
x2 <- 0x0000000000000000
mem[X,0x00000000800429D4] -> 0x006F
mem[X,0x00000000800429D6] -> 0x00C0
[9111] [M]: 0x00000000800429D4 (0x00C0006F) jal zero, 0xc
mem[X,0x00000000800429E0] -> 0x4663
mem[X,0x00000000800429E2] -> 0x00B5
[9112] [M]: 0x00000000800429E0 (0x00B54663) blt a0, a1, 0xc
mem[X,0x00000000800429E4] -> 0x0113
mem[X,0x00000000800429E6] -> 0x0021
[9113] [M]: 0x00000000800429E4 (0x00210113) addi sp, sp, 0x2
x2 <- 0x0000000000000002
mem[X,0x00000000800429E8] -> 0x006F
mem[X,0x00000000800429EA] -> 0x00C0
[9114] [M]: 0x00000000800429E8 (0x00C0006F) jal zero, 0xc
mem[X,0x00000000800429F4] -> 0xB423
mem[X,0x00000000800429F6] -> 0x1220
[9115] [M]: 0x00000000800429F4 (0x1220B423) sd sp, 0x128(ra)
mem[0x0000000080050300] <- 0x0000000000000002
mem[X,0x00000000800429F8] -> 0x3537
mem[X,0x00000000800429FA] -> 0x3333
[9116] [M]: 0x00000000800429F8 (0x33333537) lui a0, 0x33333
x10 <- 0x0000000033333000
mem[X,0x00000000800429FC] -> 0x0513
mem[X,0x00000000800429FE] -> 0x3335
[9117] [M]: 0x00000000800429FC (0x33350513) addi a0, a0, 0x333
x10 <- 0x0000000033333333
mem[X,0x0000000080042A00] -> 0x1513
mem[X,0x0000000080042A02] -> 0x00B5
[9118] [M]: 0x0000000080042A00 (0x00B51513) slli a0, a0, 0xb
x10 <- 0x0000019999999800
mem[X,0x0000000080042A04] -> 0x0513
mem[X,0x0000000080042A06] -> 0x1995
[9119] [M]: 0x0000000080042A04 (0x19950513) addi a0, a0, 0x199
x10 <- 0x0000019999999999
mem[X,0x0000000080042A08] -> 0x1513
mem[X,0x0000000080042A0A] -> 0x00B5
[9120] [M]: 0x0000000080042A08 (0x00B51513) slli a0, a0, 0xb
x10 <- 0x000CCCCCCCCCC800
mem[X,0x0000000080042A0C] -> 0x0513
mem[X,0x0000000080042A0E] -> 0x4CC5
[9121] [M]: 0x0000000080042A0C (0x4CC50513) addi a0, a0, 0x4cc
x10 <- 0x000CCCCCCCCCCCCC
mem[X,0x0000000080042A10] -> 0x1513
mem[X,0x0000000080042A12] -> 0x00A5
[9122] [M]: 0x0000000080042A10 (0x00A51513) slli a0, a0, 0xa
x10 <- 0x3333333333333000
mem[X,0x0000000080042A14] -> 0x0513
mem[X,0x0000000080042A16] -> 0x3345
[9123] [M]: 0x0000000080042A14 (0x33450513) addi a0, a0, 0x334
x10 <- 0x3333333333333334
mem[X,0x0000000080042A18] -> 0x35B7
mem[X,0x0000000080042A1A] -> 0x3333
[9124] [M]: 0x0000000080042A18 (0x333335B7) lui a1, 0x33333
x11 <- 0x0000000033333000
mem[X,0x0000000080042A1C] -> 0x8593
mem[X,0x0000000080042A1E] -> 0x3335
[9125] [M]: 0x0000000080042A1C (0x33358593) addi a1, a1, 0x333
x11 <- 0x0000000033333333
mem[X,0x0000000080042A20] -> 0x9593
mem[X,0x0000000080042A22] -> 0x00B5
[9126] [M]: 0x0000000080042A20 (0x00B59593) slli a1, a1, 0xb
x11 <- 0x0000019999999800
mem[X,0x0000000080042A24] -> 0x8593
mem[X,0x0000000080042A26] -> 0x1995
[9127] [M]: 0x0000000080042A24 (0x19958593) addi a1, a1, 0x199
x11 <- 0x0000019999999999
mem[X,0x0000000080042A28] -> 0x9593
mem[X,0x0000000080042A2A] -> 0x00B5
[9128] [M]: 0x0000000080042A28 (0x00B59593) slli a1, a1, 0xb
x11 <- 0x000CCCCCCCCCC800
mem[X,0x0000000080042A2C] -> 0x8593
mem[X,0x0000000080042A2E] -> 0x4CC5
[9129] [M]: 0x0000000080042A2C (0x4CC58593) addi a1, a1, 0x4cc
x11 <- 0x000CCCCCCCCCCCCC
mem[X,0x0000000080042A30] -> 0x9593
mem[X,0x0000000080042A32] -> 0x00A5
[9130] [M]: 0x0000000080042A30 (0x00A59593) slli a1, a1, 0xa
x11 <- 0x3333333333333000
mem[X,0x0000000080042A34] -> 0x8593
mem[X,0x0000000080042A36] -> 0x3335
[9131] [M]: 0x0000000080042A34 (0x33358593) addi a1, a1, 0x333
x11 <- 0x3333333333333333
mem[X,0x0000000080042A38] -> 0x0113
mem[X,0x0000000080042A3A] -> 0x0000
[9132] [M]: 0x0000000080042A38 (0x00000113) addi sp, zero, 0x0
x2 <- 0x0000000000000000
mem[X,0x0000000080042A3C] -> 0x006F
mem[X,0x0000000080042A3E] -> 0x00C0
[9133] [M]: 0x0000000080042A3C (0x00C0006F) jal zero, 0xc
mem[X,0x0000000080042A48] -> 0x4CE3
mem[X,0x0000000080042A4A] -> 0xFEB5
[9134] [M]: 0x0000000080042A48 (0xFEB54CE3) blt a0, a1, -0x8
mem[X,0x0000000080042A4C] -> 0x0113
mem[X,0x0000000080042A4E] -> 0x0021
[9135] [M]: 0x0000000080042A4C (0x00210113) addi sp, sp, 0x2
x2 <- 0x0000000000000002
mem[X,0x0000000080042A50] -> 0x006F
mem[X,0x0000000080042A52] -> 0x00C0
[9136] [M]: 0x0000000080042A50 (0x00C0006F) jal zero, 0xc
mem[X,0x0000000080042A5C] -> 0xB823
mem[X,0x0000000080042A5E] -> 0x1220
[9137] [M]: 0x0000000080042A5C (0x1220B823) sd sp, 0x130(ra)
mem[0x0000000080050308] <- 0x0000000000000002
mem[X,0x0000000080042A60] -> 0x3537
mem[X,0x0000000080042A62] -> 0x3333
[9138] [M]: 0x0000000080042A60 (0x33333537) lui a0, 0x33333
x10 <- 0x0000000033333000
mem[X,0x0000000080042A64] -> 0x0513
mem[X,0x0000000080042A66] -> 0x3335
[9139] [M]: 0x0000000080042A64 (0x33350513) addi a0, a0, 0x333
x10 <- 0x0000000033333333
mem[X,0x0000000080042A68] -> 0x1513
mem[X,0x0000000080042A6A] -> 0x00B5
[9140] [M]: 0x0000000080042A68 (0x00B51513) slli a0, a0, 0xb
x10 <- 0x0000019999999800
mem[X,0x0000000080042A6C] -> 0x0513
mem[X,0x0000000080042A6E] -> 0x1995
[9141] [M]: 0x0000000080042A6C (0x19950513) addi a0, a0, 0x199
x10 <- 0x0000019999999999
mem[X,0x0000000080042A70] -> 0x1513
mem[X,0x0000000080042A72] -> 0x00B5
[9142] [M]: 0x0000000080042A70 (0x00B51513) slli a0, a0, 0xb
x10 <- 0x000CCCCCCCCCC800
mem[X,0x0000000080042A74] -> 0x0513
mem[X,0x0000000080042A76] -> 0x4CC5
[9143] [M]: 0x0000000080042A74 (0x4CC50513) addi a0, a0, 0x4cc
x10 <- 0x000CCCCCCCCCCCCC
mem[X,0x0000000080042A78] -> 0x1513
mem[X,0x0000000080042A7A] -> 0x00A5
[9144] [M]: 0x0000000080042A78 (0x00A51513) slli a0, a0, 0xa
x10 <- 0x3333333333333000
mem[X,0x0000000080042A7C] -> 0x0513
mem[X,0x0000000080042A7E] -> 0x3345
[9145] [M]: 0x0000000080042A7C (0x33450513) addi a0, a0, 0x334
x10 <- 0x3333333333333334
mem[X,0x0000000080042A80] -> 0x65B7
mem[X,0x0000000080042A82] -> 0x6666
[9146] [M]: 0x0000000080042A80 (0x666665B7) lui a1, 0x66666
x11 <- 0x0000000066666000
mem[X,0x0000000080042A84] -> 0x8593
mem[X,0x0000000080042A86] -> 0x6665
[9147] [M]: 0x0000000080042A84 (0x66658593) addi a1, a1, 0x666
x11 <- 0x0000000066666666
mem[X,0x0000000080042A88] -> 0x9593
mem[X,0x0000000080042A8A] -> 0x00B5
[9148] [M]: 0x0000000080042A88 (0x00B59593) slli a1, a1, 0xb
x11 <- 0x0000033333333000
mem[X,0x0000000080042A8C] -> 0x8593
mem[X,0x0000000080042A8E] -> 0x3335
[9149] [M]: 0x0000000080042A8C (0x33358593) addi a1, a1, 0x333
x11 <- 0x0000033333333333
mem[X,0x0000000080042A90] -> 0x9593
mem[X,0x0000000080042A92] -> 0x00B5
[9150] [M]: 0x0000000080042A90 (0x00B59593) slli a1, a1, 0xb
x11 <- 0x0019999999999800
mem[X,0x0000000080042A94] -> 0x8593
mem[X,0x0000000080042A96] -> 0x1995
[9151] [M]: 0x0000000080042A94 (0x19958593) addi a1, a1, 0x199
x11 <- 0x0019999999999999
mem[X,0x0000000080042A98] -> 0x9593
mem[X,0x0000000080042A9A] -> 0x00A5
[9152] [M]: 0x0000000080042A98 (0x00A59593) slli a1, a1, 0xa
x11 <- 0x6666666666666400
mem[X,0x0000000080042A9C] -> 0x8593
mem[X,0x0000000080042A9E] -> 0x2665
[9153] [M]: 0x0000000080042A9C (0x26658593) addi a1, a1, 0x266
x11 <- 0x6666666666666666
mem[X,0x0000000080042AA0] -> 0x0113
mem[X,0x0000000080042AA2] -> 0x0000
[9154] [M]: 0x0000000080042AA0 (0x00000113) addi sp, zero, 0x0
x2 <- 0x0000000000000000
mem[X,0x0000000080042AA4] -> 0x006F
mem[X,0x0000000080042AA6] -> 0x00C0
[9155] [M]: 0x0000000080042AA4 (0x00C0006F) jal zero, 0xc
mem[X,0x0000000080042AB0] -> 0x4CE3
mem[X,0x0000000080042AB2] -> 0xFEB5
[9156] [M]: 0x0000000080042AB0 (0xFEB54CE3) blt a0, a1, -0x8
mem[X,0x0000000080042AA8] -> 0x0113
mem[X,0x0000000080042AAA] -> 0x0011
[9157] [M]: 0x0000000080042AA8 (0x00110113) addi sp, sp, 0x1
x2 <- 0x0000000000000001
mem[X,0x0000000080042AAC] -> 0x006F
mem[X,0x0000000080042AAE] -> 0x0180
[9158] [M]: 0x0000000080042AAC (0x0180006F) jal zero, 0x18
mem[X,0x0000000080042AC4] -> 0xBC23
mem[X,0x0000000080042AC6] -> 0x1220
[9159] [M]: 0x0000000080042AC4 (0x1220BC23) sd sp, 0x138(ra)
mem[0x0000000080050310] <- 0x0000000000000001
mem[X,0x0000000080042AC8] -> 0x3537
mem[X,0x0000000080042ACA] -> 0x3333
[9160] [M]: 0x0000000080042AC8 (0x33333537) lui a0, 0x33333
x10 <- 0x0000000033333000
mem[X,0x0000000080042ACC] -> 0x0513
mem[X,0x0000000080042ACE] -> 0x3335
[9161] [M]: 0x0000000080042ACC (0x33350513) addi a0, a0, 0x333
x10 <- 0x0000000033333333
mem[X,0x0000000080042AD0] -> 0x1513
mem[X,0x0000000080042AD2] -> 0x00B5
[9162] [M]: 0x0000000080042AD0 (0x00B51513) slli a0, a0, 0xb
x10 <- 0x0000019999999800
mem[X,0x0000000080042AD4] -> 0x0513
mem[X,0x0000000080042AD6] -> 0x1995
[9163] [M]: 0x0000000080042AD4 (0x19950513) addi a0, a0, 0x199
x10 <- 0x0000019999999999
mem[X,0x0000000080042AD8] -> 0x1513
mem[X,0x0000000080042ADA] -> 0x00B5
[9164] [M]: 0x0000000080042AD8 (0x00B51513) slli a0, a0, 0xb
x10 <- 0x000CCCCCCCCCC800
mem[X,0x0000000080042ADC] -> 0x0513
mem[X,0x0000000080042ADE] -> 0x4CC5
[9165] [M]: 0x0000000080042ADC (0x4CC50513) addi a0, a0, 0x4cc
x10 <- 0x000CCCCCCCCCCCCC
mem[X,0x0000000080042AE0] -> 0x1513
mem[X,0x0000000080042AE2] -> 0x00A5
[9166] [M]: 0x0000000080042AE0 (0x00A51513) slli a0, a0, 0xa
x10 <- 0x3333333333333000
mem[X,0x0000000080042AE4] -> 0x0513
mem[X,0x0000000080042AE6] -> 0x3345
[9167] [M]: 0x0000000080042AE4 (0x33450513) addi a0, a0, 0x334
x10 <- 0x3333333333333334
mem[X,0x0000000080042AE8] -> 0x05B7
mem[X,0x0000000080042AEA] -> 0x0000
[9168] [M]: 0x0000000080042AE8 (0x000005B7) lui a1, 0x0
x11 <- 0x0000000000000000
mem[X,0x0000000080042AEC] -> 0x8593
mem[X,0x0000000080042AEE] -> 0xFFF5
[9169] [M]: 0x0000000080042AEC (0xFFF58593) addi a1, a1, -0x1
x11 <- 0xFFFFFFFFFFFFFFFF
mem[X,0x0000000080042AF0] -> 0x9593
mem[X,0x0000000080042AF2] -> 0x00B5
[9170] [M]: 0x0000000080042AF0 (0x00B59593) slli a1, a1, 0xb
x11 <- 0xFFFFFFFFFFFFF800
mem[X,0x0000000080042AF4] -> 0x8593
mem[X,0x0000000080042AF6] -> 0x2575
[9171] [M]: 0x0000000080042AF4 (0x25758593) addi a1, a1, 0x257
x11 <- 0xFFFFFFFFFFFFFA57
mem[X,0x0000000080042AF8] -> 0x9593
mem[X,0x0000000080042AFA] -> 0x00B5
[9172] [M]: 0x0000000080042AF8 (0x00B59593) slli a1, a1, 0xb
x11 <- 0xFFFFFFFFFFD2B800
mem[X,0x0000000080042AFC] -> 0x8593
mem[X,0x0000000080042AFE] -> 0x6C35
[9173] [M]: 0x0000000080042AFC (0x6C358593) addi a1, a1, 0x6c3
x11 <- 0xFFFFFFFFFFD2BEC3
mem[X,0x0000000080042B00] -> 0x9593
mem[X,0x0000000080042B02] -> 0x00A5
[9174] [M]: 0x0000000080042B00 (0x00A59593) slli a1, a1, 0xa
x11 <- 0xFFFFFFFF4AFB0C00
mem[X,0x0000000080042B04] -> 0x8593
mem[X,0x0000000080042B06] -> 0x0CD5
[9175] [M]: 0x0000000080042B04 (0x0CD58593) addi a1, a1, 0xcd
x11 <- 0xFFFFFFFF4AFB0CCD
mem[X,0x0000000080042B08] -> 0x0113
mem[X,0x0000000080042B0A] -> 0x0000
[9176] [M]: 0x0000000080042B08 (0x00000113) addi sp, zero, 0x0
x2 <- 0x0000000000000000
mem[X,0x0000000080042B0C] -> 0x006F
mem[X,0x0000000080042B0E] -> 0x00C0
[9177] [M]: 0x0000000080042B0C (0x00C0006F) jal zero, 0xc
mem[X,0x0000000080042B18] -> 0x4663
mem[X,0x0000000080042B1A] -> 0x00B5
[9178] [M]: 0x0000000080042B18 (0x00B54663) blt a0, a1, 0xc
mem[X,0x0000000080042B1C] -> 0x0113
mem[X,0x0000000080042B1E] -> 0x0021
[9179] [M]: 0x0000000080042B1C (0x00210113) addi sp, sp, 0x2
x2 <- 0x0000000000000002
mem[X,0x0000000080042B20] -> 0x006F
mem[X,0x0000000080042B22] -> 0x00C0
[9180] [M]: 0x0000000080042B20 (0x00C0006F) jal zero, 0xc
mem[X,0x0000000080042B2C] -> 0xB023
mem[X,0x0000000080042B2E] -> 0x1420
[9181] [M]: 0x0000000080042B2C (0x1420B023) sd sp, 0x140(ra)
mem[0x0000000080050318] <- 0x0000000000000002
mem[X,0x0000000080042B30] -> 0x3537
mem[X,0x0000000080042B32] -> 0x3333
[9182] [M]: 0x0000000080042B30 (0x33333537) lui a0, 0x33333
x10 <- 0x0000000033333000
mem[X,0x0000000080042B34] -> 0x0513
mem[X,0x0000000080042B36] -> 0x3335
[9183] [M]: 0x0000000080042B34 (0x33350513) addi a0, a0, 0x333
x10 <- 0x0000000033333333
mem[X,0x0000000080042B38] -> 0x1513
mem[X,0x0000000080042B3A] -> 0x00B5
[9184] [M]: 0x0000000080042B38 (0x00B51513) slli a0, a0, 0xb
x10 <- 0x0000019999999800
mem[X,0x0000000080042B3C] -> 0x0513
mem[X,0x0000000080042B3E] -> 0x1995
[9185] [M]: 0x0000000080042B3C (0x19950513) addi a0, a0, 0x199
x10 <- 0x0000019999999999
mem[X,0x0000000080042B40] -> 0x1513
mem[X,0x0000000080042B42] -> 0x00B5
[9186] [M]: 0x0000000080042B40 (0x00B51513) slli a0, a0, 0xb
x10 <- 0x000CCCCCCCCCC800
mem[X,0x0000000080042B44] -> 0x0513
mem[X,0x0000000080042B46] -> 0x4CC5
[9187] [M]: 0x0000000080042B44 (0x4CC50513) addi a0, a0, 0x4cc
x10 <- 0x000CCCCCCCCCCCCC
mem[X,0x0000000080042B48] -> 0x1513
mem[X,0x0000000080042B4A] -> 0x00A5
[9188] [M]: 0x0000000080042B48 (0x00A51513) slli a0, a0, 0xa
x10 <- 0x3333333333333000
mem[X,0x0000000080042B4C] -> 0x0513
mem[X,0x0000000080042B4E] -> 0x3345
[9189] [M]: 0x0000000080042B4C (0x33450513) addi a0, a0, 0x334
x10 <- 0x3333333333333334
mem[X,0x0000000080042B50] -> 0x05B7
mem[X,0x0000000080042B52] -> 0x0000
[9190] [M]: 0x0000000080042B50 (0x000005B7) lui a1, 0x0
x11 <- 0x0000000000000000
mem[X,0x0000000080042B54] -> 0x8593
mem[X,0x0000000080042B56] -> 0x0005
[9191] [M]: 0x0000000080042B54 (0x00058593) addi a1, a1, 0x0
x11 <- 0x0000000000000000
mem[X,0x0000000080042B58] -> 0x9593
mem[X,0x0000000080042B5A] -> 0x00B5
[9192] [M]: 0x0000000080042B58 (0x00B59593) slli a1, a1, 0xb
x11 <- 0x0000000000000000
mem[X,0x0000000080042B5C] -> 0x8593
mem[X,0x0000000080042B5E] -> 0x5A85
[9193] [M]: 0x0000000080042B5C (0x5A858593) addi a1, a1, 0x5a8
x11 <- 0x00000000000005A8
mem[X,0x0000000080042B60] -> 0x9593
mem[X,0x0000000080042B62] -> 0x00B5
[9194] [M]: 0x0000000080042B60 (0x00B59593) slli a1, a1, 0xb
x11 <- 0x00000000002D4000
mem[X,0x0000000080042B64] -> 0x8593
mem[X,0x0000000080042B66] -> 0x13C5
[9195] [M]: 0x0000000080042B64 (0x13C58593) addi a1, a1, 0x13c
x11 <- 0x00000000002D413C
mem[X,0x0000000080042B68] -> 0x9593
mem[X,0x0000000080042B6A] -> 0x00A5
[9196] [M]: 0x0000000080042B68 (0x00A59593) slli a1, a1, 0xa
x11 <- 0x00000000B504F000
mem[X,0x0000000080042B6C] -> 0x8593
mem[X,0x0000000080042B6E] -> 0x3335
[9197] [M]: 0x0000000080042B6C (0x33358593) addi a1, a1, 0x333
x11 <- 0x00000000B504F333
mem[X,0x0000000080042B70] -> 0x0113
mem[X,0x0000000080042B72] -> 0x0000
[9198] [M]: 0x0000000080042B70 (0x00000113) addi sp, zero, 0x0
x2 <- 0x0000000000000000
mem[X,0x0000000080042B74] -> 0x006F
mem[X,0x0000000080042B76] -> 0x00C0
[9199] [M]: 0x0000000080042B74 (0x00C0006F) jal zero, 0xc
clint::tick mtime <- 0x000000000000005C
 clint timer pending at mtime 0x000000000000005C
htif::tick 0x0000000000000000
mem[X,0x0000000080042B80] -> 0x4663
mem[X,0x0000000080042B82] -> 0x00B5
[9200] [M]: 0x0000000080042B80 (0x00B54663) blt a0, a1, 0xc
mem[X,0x0000000080042B84] -> 0x0113
mem[X,0x0000000080042B86] -> 0x0021
[9201] [M]: 0x0000000080042B84 (0x00210113) addi sp, sp, 0x2
x2 <- 0x0000000000000002
mem[X,0x0000000080042B88] -> 0x006F
mem[X,0x0000000080042B8A] -> 0x00C0
[9202] [M]: 0x0000000080042B88 (0x00C0006F) jal zero, 0xc
mem[X,0x0000000080042B94] -> 0xB423
mem[X,0x0000000080042B96] -> 0x1420
[9203] [M]: 0x0000000080042B94 (0x1420B423) sd sp, 0x148(ra)
mem[0x0000000080050320] <- 0x0000000000000002
mem[X,0x0000000080042B98] -> 0x3537
mem[X,0x0000000080042B9A] -> 0x3333
[9204] [M]: 0x0000000080042B98 (0x33333537) lui a0, 0x33333
x10 <- 0x0000000033333000
mem[X,0x0000000080042B9C] -> 0x0513
mem[X,0x0000000080042B9E] -> 0x3335
[9205] [M]: 0x0000000080042B9C (0x33350513) addi a0, a0, 0x333
x10 <- 0x0000000033333333
mem[X,0x0000000080042BA0] -> 0x1513
mem[X,0x0000000080042BA2] -> 0x00B5
[9206] [M]: 0x0000000080042BA0 (0x00B51513) slli a0, a0, 0xb
x10 <- 0x0000019999999800
mem[X,0x0000000080042BA4] -> 0x0513
mem[X,0x0000000080042BA6] -> 0x1995
[9207] [M]: 0x0000000080042BA4 (0x19950513) addi a0, a0, 0x199
x10 <- 0x0000019999999999
mem[X,0x0000000080042BA8] -> 0x1513
mem[X,0x0000000080042BAA] -> 0x00B5
[9208] [M]: 0x0000000080042BA8 (0x00B51513) slli a0, a0, 0xb
x10 <- 0x000CCCCCCCCCC800
mem[X,0x0000000080042BAC] -> 0x0513
mem[X,0x0000000080042BAE] -> 0x4CC5
[9209] [M]: 0x0000000080042BAC (0x4CC50513) addi a0, a0, 0x4cc
x10 <- 0x000CCCCCCCCCCCCC
mem[X,0x0000000080042BB0] -> 0x1513
mem[X,0x0000000080042BB2] -> 0x00A5
[9210] [M]: 0x0000000080042BB0 (0x00A51513) slli a0, a0, 0xa
x10 <- 0x3333333333333000
mem[X,0x0000000080042BB4] -> 0x0513
mem[X,0x0000000080042BB6] -> 0x3345
[9211] [M]: 0x0000000080042BB4 (0x33450513) addi a0, a0, 0x334
x10 <- 0x3333333333333334
mem[X,0x0000000080042BB8] -> 0x0593
mem[X,0x0000000080042BBA] -> 0x0020
[9212] [M]: 0x0000000080042BB8 (0x00200593) addi a1, zero, 0x2
x11 <- 0x0000000000000002
mem[X,0x0000000080042BBC] -> 0x0113
mem[X,0x0000000080042BBE] -> 0x0000
[9213] [M]: 0x0000000080042BBC (0x00000113) addi sp, zero, 0x0
x2 <- 0x0000000000000000
mem[X,0x0000000080042BC0] -> 0x006F
mem[X,0x0000000080042BC2] -> 0x00C0
[9214] [M]: 0x0000000080042BC0 (0x00C0006F) jal zero, 0xc
mem[X,0x0000000080042BCC] -> 0x4063
mem[X,0x0000000080042BCE] -> 0x10B5
[9215] [M]: 0x0000000080042BCC (0x10B54063) blt a0, a1, 0x100
mem[X,0x0000000080042BD0] -> 0x0113
mem[X,0x0000000080042BD2] -> 0x0021
[9216] [M]: 0x0000000080042BD0 (0x00210113) addi sp, sp, 0x2
x2 <- 0x0000000000000002
mem[X,0x0000000080042BD4] -> 0x006F
mem[X,0x0000000080042BD6] -> 0x1000
[9217] [M]: 0x0000000080042BD4 (0x1000006F) jal zero, 0x100
mem[X,0x0000000080042CD4] -> 0xB823
mem[X,0x0000000080042CD6] -> 0x1420
[9218] [M]: 0x0000000080042CD4 (0x1420B823) sd sp, 0x150(ra)
mem[0x0000000080050328] <- 0x0000000000000002
mem[X,0x0000000080042CD8] -> 0x3537
mem[X,0x0000000080042CDA] -> 0x3333
[9219] [M]: 0x0000000080042CD8 (0x33333537) lui a0, 0x33333
x10 <- 0x0000000033333000
mem[X,0x0000000080042CDC] -> 0x0513
mem[X,0x0000000080042CDE] -> 0x3335
[9220] [M]: 0x0000000080042CDC (0x33350513) addi a0, a0, 0x333
x10 <- 0x0000000033333333
mem[X,0x0000000080042CE0] -> 0x1513
mem[X,0x0000000080042CE2] -> 0x00B5
[9221] [M]: 0x0000000080042CE0 (0x00B51513) slli a0, a0, 0xb
x10 <- 0x0000019999999800
mem[X,0x0000000080042CE4] -> 0x0513
mem[X,0x0000000080042CE6] -> 0x1995
[9222] [M]: 0x0000000080042CE4 (0x19950513) addi a0, a0, 0x199
x10 <- 0x0000019999999999
mem[X,0x0000000080042CE8] -> 0x1513
mem[X,0x0000000080042CEA] -> 0x00B5
[9223] [M]: 0x0000000080042CE8 (0x00B51513) slli a0, a0, 0xb
x10 <- 0x000CCCCCCCCCC800
mem[X,0x0000000080042CEC] -> 0x0513
mem[X,0x0000000080042CEE] -> 0x4CC5
[9224] [M]: 0x0000000080042CEC (0x4CC50513) addi a0, a0, 0x4cc
x10 <- 0x000CCCCCCCCCCCCC
mem[X,0x0000000080042CF0] -> 0x1513
mem[X,0x0000000080042CF2] -> 0x00A5
[9225] [M]: 0x0000000080042CF0 (0x00A51513) slli a0, a0, 0xa
x10 <- 0x3333333333333000
mem[X,0x0000000080042CF4] -> 0x0513
mem[X,0x0000000080042CF6] -> 0x3345
[9226] [M]: 0x0000000080042CF4 (0x33450513) addi a0, a0, 0x334
x10 <- 0x3333333333333334
mem[X,0x0000000080042CF8] -> 0x55B7
mem[X,0x0000000080042CFA] -> 0x5555
[9227] [M]: 0x0000000080042CF8 (0x555555B7) lui a1, 0x55555
x11 <- 0x0000000055555000
mem[X,0x0000000080042CFC] -> 0x8593
mem[X,0x0000000080042CFE] -> 0x5555
[9228] [M]: 0x0000000080042CFC (0x55558593) addi a1, a1, 0x555
x11 <- 0x0000000055555555
mem[X,0x0000000080042D00] -> 0x9593
mem[X,0x0000000080042D02] -> 0x00B5
[9229] [M]: 0x0000000080042D00 (0x00B59593) slli a1, a1, 0xb
x11 <- 0x000002AAAAAAA800
mem[X,0x0000000080042D04] -> 0x8593
mem[X,0x0000000080042D06] -> 0x2AA5
[9230] [M]: 0x0000000080042D04 (0x2AA58593) addi a1, a1, 0x2aa
x11 <- 0x000002AAAAAAAAAA
mem[X,0x0000000080042D08] -> 0x9593
mem[X,0x0000000080042D0A] -> 0x00B5
[9231] [M]: 0x0000000080042D08 (0x00B59593) slli a1, a1, 0xb
x11 <- 0x0015555555555000
mem[X,0x0000000080042D0C] -> 0x8593
mem[X,0x0000000080042D0E] -> 0x5555
[9232] [M]: 0x0000000080042D0C (0x55558593) addi a1, a1, 0x555
x11 <- 0x0015555555555555
mem[X,0x0000000080042D10] -> 0x9593
mem[X,0x0000000080042D12] -> 0x00A5
[9233] [M]: 0x0000000080042D10 (0x00A59593) slli a1, a1, 0xa
x11 <- 0x5555555555555400
mem[X,0x0000000080042D14] -> 0x8593
mem[X,0x0000000080042D16] -> 0x1545
[9234] [M]: 0x0000000080042D14 (0x15458593) addi a1, a1, 0x154
x11 <- 0x5555555555555554
mem[X,0x0000000080042D18] -> 0x0113
mem[X,0x0000000080042D1A] -> 0x0000
[9235] [M]: 0x0000000080042D18 (0x00000113) addi sp, zero, 0x0
x2 <- 0x0000000000000000
mem[X,0x0000000080042D1C] -> 0x006F
mem[X,0x0000000080042D1E] -> 0x2B10
[9236] [M]: 0x0000000080042D1C (0x2B10006F) jal zero, 0xab0
mem[X,0x00000000800437CC] -> 0x4A63
mem[X,0x00000000800437CE] -> 0xD4B5
[9237] [M]: 0x00000000800437CC (0xD4B54A63) blt a0, a1, -0xaac
mem[X,0x0000000080042D20] -> 0x0113
mem[X,0x0000000080042D22] -> 0x0011
[9238] [M]: 0x0000000080042D20 (0x00110113) addi sp, sp, 0x1
x2 <- 0x0000000000000001
mem[X,0x0000000080042D24] -> 0x006F
mem[X,0x0000000080042D26] -> 0x2BD0
[9239] [M]: 0x0000000080042D24 (0x2BD0006F) jal zero, 0xabc
mem[X,0x00000000800437E0] -> 0xBC23
mem[X,0x00000000800437E2] -> 0x1420
[9240] [M]: 0x00000000800437E0 (0x1420BC23) sd sp, 0x158(ra)
mem[0x0000000080050330] <- 0x0000000000000001
mem[X,0x00000000800437E4] -> 0x3537
mem[X,0x00000000800437E6] -> 0x3333
[9241] [M]: 0x00000000800437E4 (0x33333537) lui a0, 0x33333
x10 <- 0x0000000033333000
mem[X,0x00000000800437E8] -> 0x0513
mem[X,0x00000000800437EA] -> 0x3335
[9242] [M]: 0x00000000800437E8 (0x33350513) addi a0, a0, 0x333
x10 <- 0x0000000033333333
mem[X,0x00000000800437EC] -> 0x1513
mem[X,0x00000000800437EE] -> 0x00B5
[9243] [M]: 0x00000000800437EC (0x00B51513) slli a0, a0, 0xb
x10 <- 0x0000019999999800
mem[X,0x00000000800437F0] -> 0x0513
mem[X,0x00000000800437F2] -> 0x1995
[9244] [M]: 0x00000000800437F0 (0x19950513) addi a0, a0, 0x199
x10 <- 0x0000019999999999
mem[X,0x00000000800437F4] -> 0x1513
mem[X,0x00000000800437F6] -> 0x00B5
[9245] [M]: 0x00000000800437F4 (0x00B51513) slli a0, a0, 0xb
x10 <- 0x000CCCCCCCCCC800
mem[X,0x00000000800437F8] -> 0x0513
mem[X,0x00000000800437FA] -> 0x4CC5
[9246] [M]: 0x00000000800437F8 (0x4CC50513) addi a0, a0, 0x4cc
x10 <- 0x000CCCCCCCCCCCCC
mem[X,0x00000000800437FC] -> 0x1513
mem[X,0x00000000800437FE] -> 0x00A5
[9247] [M]: 0x00000000800437FC (0x00A51513) slli a0, a0, 0xa
x10 <- 0x3333333333333000
mem[X,0x0000000080043800] -> 0x0513
mem[X,0x0000000080043802] -> 0x3345
[9248] [M]: 0x0000000080043800 (0x33450513) addi a0, a0, 0x334
x10 <- 0x3333333333333334
mem[X,0x0000000080043804] -> 0x0593
mem[X,0x0000000080043806] -> 0x0000
[9249] [M]: 0x0000000080043804 (0x00000593) addi a1, zero, 0x0
x11 <- 0x0000000000000000
mem[X,0x0000000080043808] -> 0x0113
mem[X,0x000000008004380A] -> 0x0000
[9250] [M]: 0x0000000080043808 (0x00000113) addi sp, zero, 0x0
x2 <- 0x0000000000000000
mem[X,0x000000008004380C] -> 0x006F
mem[X,0x000000008004380E] -> 0x00C0
[9251] [M]: 0x000000008004380C (0x00C0006F) jal zero, 0xc
mem[X,0x0000000080043818] -> 0x4063
mem[X,0x000000008004381A] -> 0x04B5
[9252] [M]: 0x0000000080043818 (0x04B54063) blt a0, a1, 0x40
mem[X,0x000000008004381C] -> 0x0113
mem[X,0x000000008004381E] -> 0x0021
[9253] [M]: 0x000000008004381C (0x00210113) addi sp, sp, 0x2
x2 <- 0x0000000000000002
mem[X,0x0000000080043820] -> 0x006F
mem[X,0x0000000080043822] -> 0x0400
[9254] [M]: 0x0000000080043820 (0x0400006F) jal zero, 0x40
mem[X,0x0000000080043860] -> 0xB023
mem[X,0x0000000080043862] -> 0x1620
[9255] [M]: 0x0000000080043860 (0x1620B023) sd sp, 0x160(ra)
mem[0x0000000080050338] <- 0x0000000000000002
mem[X,0x0000000080043864] -> 0x3537
mem[X,0x0000000080043866] -> 0x3333
[9256] [M]: 0x0000000080043864 (0x33333537) lui a0, 0x33333
x10 <- 0x0000000033333000
mem[X,0x0000000080043868] -> 0x0513
mem[X,0x000000008004386A] -> 0x3335
[9257] [M]: 0x0000000080043868 (0x33350513) addi a0, a0, 0x333
x10 <- 0x0000000033333333
mem[X,0x000000008004386C] -> 0x1513
mem[X,0x000000008004386E] -> 0x00B5
[9258] [M]: 0x000000008004386C (0x00B51513) slli a0, a0, 0xb
x10 <- 0x0000019999999800
mem[X,0x0000000080043870] -> 0x0513
mem[X,0x0000000080043872] -> 0x1995
[9259] [M]: 0x0000000080043870 (0x19950513) addi a0, a0, 0x199
x10 <- 0x0000019999999999
mem[X,0x0000000080043874] -> 0x1513
mem[X,0x0000000080043876] -> 0x00B5
[9260] [M]: 0x0000000080043874 (0x00B51513) slli a0, a0, 0xb
x10 <- 0x000CCCCCCCCCC800
mem[X,0x0000000080043878] -> 0x0513
mem[X,0x000000008004387A] -> 0x4CC5
[9261] [M]: 0x0000000080043878 (0x4CC50513) addi a0, a0, 0x4cc
x10 <- 0x000CCCCCCCCCCCCC
mem[X,0x000000008004387C] -> 0x1513
mem[X,0x000000008004387E] -> 0x00A5
[9262] [M]: 0x000000008004387C (0x00A51513) slli a0, a0, 0xa
x10 <- 0x3333333333333000
mem[X,0x0000000080043880] -> 0x0513
mem[X,0x0000000080043882] -> 0x3345
[9263] [M]: 0x0000000080043880 (0x33450513) addi a0, a0, 0x334
x10 <- 0x3333333333333334
mem[X,0x0000000080043884] -> 0x0593
mem[X,0x0000000080043886] -> 0x0040
[9264] [M]: 0x0000000080043884 (0x00400593) addi a1, zero, 0x4
x11 <- 0x0000000000000004
mem[X,0x0000000080043888] -> 0x0113
mem[X,0x000000008004388A] -> 0x0000
[9265] [M]: 0x0000000080043888 (0x00000113) addi sp, zero, 0x0
x2 <- 0x0000000000000000
mem[X,0x000000008004388C] -> 0x006F
mem[X,0x000000008004388E] -> 0x00C0
[9266] [M]: 0x000000008004388C (0x00C0006F) jal zero, 0xc
mem[X,0x0000000080043898] -> 0x4663
mem[X,0x000000008004389A] -> 0x00B5
[9267] [M]: 0x0000000080043898 (0x00B54663) blt a0, a1, 0xc
mem[X,0x000000008004389C] -> 0x0113
mem[X,0x000000008004389E] -> 0x0021
[9268] [M]: 0x000000008004389C (0x00210113) addi sp, sp, 0x2
x2 <- 0x0000000000000002
mem[X,0x00000000800438A0] -> 0x006F
mem[X,0x00000000800438A2] -> 0x00C0
[9269] [M]: 0x00000000800438A0 (0x00C0006F) jal zero, 0xc
mem[X,0x00000000800438AC] -> 0xB423
mem[X,0x00000000800438AE] -> 0x1620
[9270] [M]: 0x00000000800438AC (0x1620B423) sd sp, 0x168(ra)
mem[0x0000000080050340] <- 0x0000000000000002
mem[X,0x00000000800438B0] -> 0x3537
mem[X,0x00000000800438B2] -> 0x3333
[9271] [M]: 0x00000000800438B0 (0x33333537) lui a0, 0x33333
x10 <- 0x0000000033333000
mem[X,0x00000000800438B4] -> 0x0513
mem[X,0x00000000800438B6] -> 0x3335
[9272] [M]: 0x00000000800438B4 (0x33350513) addi a0, a0, 0x333
x10 <- 0x0000000033333333
mem[X,0x00000000800438B8] -> 0x1513
mem[X,0x00000000800438BA] -> 0x00B5
[9273] [M]: 0x00000000800438B8 (0x00B51513) slli a0, a0, 0xb
x10 <- 0x0000019999999800
mem[X,0x00000000800438BC] -> 0x0513
mem[X,0x00000000800438BE] -> 0x1995
[9274] [M]: 0x00000000800438BC (0x19950513) addi a0, a0, 0x199
x10 <- 0x0000019999999999
mem[X,0x00000000800438C0] -> 0x1513
mem[X,0x00000000800438C2] -> 0x00B5
[9275] [M]: 0x00000000800438C0 (0x00B51513) slli a0, a0, 0xb
x10 <- 0x000CCCCCCCCCC800
mem[X,0x00000000800438C4] -> 0x0513
mem[X,0x00000000800438C6] -> 0x4CC5
[9276] [M]: 0x00000000800438C4 (0x4CC50513) addi a0, a0, 0x4cc
x10 <- 0x000CCCCCCCCCCCCC
mem[X,0x00000000800438C8] -> 0x1513
mem[X,0x00000000800438CA] -> 0x00A5
[9277] [M]: 0x00000000800438C8 (0x00A51513) slli a0, a0, 0xa
x10 <- 0x3333333333333000
mem[X,0x00000000800438CC] -> 0x0513
mem[X,0x00000000800438CE] -> 0x3345
[9278] [M]: 0x00000000800438CC (0x33450513) addi a0, a0, 0x334
x10 <- 0x3333333333333334
mem[X,0x00000000800438D0] -> 0x35B7
mem[X,0x00000000800438D2] -> 0x3333
[9279] [M]: 0x00000000800438D0 (0x333335B7) lui a1, 0x33333
x11 <- 0x0000000033333000
mem[X,0x00000000800438D4] -> 0x8593
mem[X,0x00000000800438D6] -> 0x3335
[9280] [M]: 0x00000000800438D4 (0x33358593) addi a1, a1, 0x333
x11 <- 0x0000000033333333
mem[X,0x00000000800438D8] -> 0x9593
mem[X,0x00000000800438DA] -> 0x00B5
[9281] [M]: 0x00000000800438D8 (0x00B59593) slli a1, a1, 0xb
x11 <- 0x0000019999999800
mem[X,0x00000000800438DC] -> 0x8593
mem[X,0x00000000800438DE] -> 0x1995
[9282] [M]: 0x00000000800438DC (0x19958593) addi a1, a1, 0x199
x11 <- 0x0000019999999999
mem[X,0x00000000800438E0] -> 0x9593
mem[X,0x00000000800438E2] -> 0x00B5
[9283] [M]: 0x00000000800438E0 (0x00B59593) slli a1, a1, 0xb
x11 <- 0x000CCCCCCCCCC800
mem[X,0x00000000800438E4] -> 0x8593
mem[X,0x00000000800438E6] -> 0x4CC5
[9284] [M]: 0x00000000800438E4 (0x4CC58593) addi a1, a1, 0x4cc
x11 <- 0x000CCCCCCCCCCCCC
mem[X,0x00000000800438E8] -> 0x9593
mem[X,0x00000000800438EA] -> 0x00A5
[9285] [M]: 0x00000000800438E8 (0x00A59593) slli a1, a1, 0xa
x11 <- 0x3333333333333000
mem[X,0x00000000800438EC] -> 0x8593
mem[X,0x00000000800438EE] -> 0x3325
[9286] [M]: 0x00000000800438EC (0x33258593) addi a1, a1, 0x332
x11 <- 0x3333333333333332
mem[X,0x00000000800438F0] -> 0x0113
mem[X,0x00000000800438F2] -> 0x0000
[9287] [M]: 0x00000000800438F0 (0x00000113) addi sp, zero, 0x0
x2 <- 0x0000000000000000
mem[X,0x00000000800438F4] -> 0x006F
mem[X,0x00000000800438F6] -> 0x00C0
[9288] [M]: 0x00000000800438F4 (0x00C0006F) jal zero, 0xc
mem[X,0x0000000080043900] -> 0x4663
mem[X,0x0000000080043902] -> 0x00B5
[9289] [M]: 0x0000000080043900 (0x00B54663) blt a0, a1, 0xc
mem[X,0x0000000080043904] -> 0x0113
mem[X,0x0000000080043906] -> 0x0021
[9290] [M]: 0x0000000080043904 (0x00210113) addi sp, sp, 0x2
x2 <- 0x0000000000000002
mem[X,0x0000000080043908] -> 0x006F
mem[X,0x000000008004390A] -> 0x00C0
[9291] [M]: 0x0000000080043908 (0x00C0006F) jal zero, 0xc
mem[X,0x0000000080043914] -> 0xB823
mem[X,0x0000000080043916] -> 0x1620
[9292] [M]: 0x0000000080043914 (0x1620B823) sd sp, 0x170(ra)
mem[0x0000000080050348] <- 0x0000000000000002
mem[X,0x0000000080043918] -> 0x3537
mem[X,0x000000008004391A] -> 0x3333
[9293] [M]: 0x0000000080043918 (0x33333537) lui a0, 0x33333
x10 <- 0x0000000033333000
mem[X,0x000000008004391C] -> 0x0513
mem[X,0x000000008004391E] -> 0x3335
[9294] [M]: 0x000000008004391C (0x33350513) addi a0, a0, 0x333
x10 <- 0x0000000033333333
mem[X,0x0000000080043920] -> 0x1513
mem[X,0x0000000080043922] -> 0x00B5
[9295] [M]: 0x0000000080043920 (0x00B51513) slli a0, a0, 0xb
x10 <- 0x0000019999999800
mem[X,0x0000000080043924] -> 0x0513
mem[X,0x0000000080043926] -> 0x1995
[9296] [M]: 0x0000000080043924 (0x19950513) addi a0, a0, 0x199
x10 <- 0x0000019999999999
mem[X,0x0000000080043928] -> 0x1513
mem[X,0x000000008004392A] -> 0x00B5
[9297] [M]: 0x0000000080043928 (0x00B51513) slli a0, a0, 0xb
x10 <- 0x000CCCCCCCCCC800
mem[X,0x000000008004392C] -> 0x0513
mem[X,0x000000008004392E] -> 0x4CC5
[9298] [M]: 0x000000008004392C (0x4CC50513) addi a0, a0, 0x4cc
x10 <- 0x000CCCCCCCCCCCCC
mem[X,0x0000000080043930] -> 0x1513
mem[X,0x0000000080043932] -> 0x00A5
[9299] [M]: 0x0000000080043930 (0x00A51513) slli a0, a0, 0xa
x10 <- 0x3333333333333000
clint::tick mtime <- 0x000000000000005D
 clint timer pending at mtime 0x000000000000005D
htif::tick 0x0000000000000000
mem[X,0x0000000080043934] -> 0x0513
mem[X,0x0000000080043936] -> 0x3345
[9300] [M]: 0x0000000080043934 (0x33450513) addi a0, a0, 0x334
x10 <- 0x3333333333333334
mem[X,0x0000000080043938] -> 0x65B7
mem[X,0x000000008004393A] -> 0x6666
[9301] [M]: 0x0000000080043938 (0x666665B7) lui a1, 0x66666
x11 <- 0x0000000066666000
mem[X,0x000000008004393C] -> 0x8593
mem[X,0x000000008004393E] -> 0x6665
[9302] [M]: 0x000000008004393C (0x66658593) addi a1, a1, 0x666
x11 <- 0x0000000066666666
mem[X,0x0000000080043940] -> 0x9593
mem[X,0x0000000080043942] -> 0x00B5
[9303] [M]: 0x0000000080043940 (0x00B59593) slli a1, a1, 0xb
x11 <- 0x0000033333333000
mem[X,0x0000000080043944] -> 0x8593
mem[X,0x0000000080043946] -> 0x3335
[9304] [M]: 0x0000000080043944 (0x33358593) addi a1, a1, 0x333
x11 <- 0x0000033333333333
mem[X,0x0000000080043948] -> 0x9593
mem[X,0x000000008004394A] -> 0x00B5
[9305] [M]: 0x0000000080043948 (0x00B59593) slli a1, a1, 0xb
x11 <- 0x0019999999999800
mem[X,0x000000008004394C] -> 0x8593
mem[X,0x000000008004394E] -> 0x1995
[9306] [M]: 0x000000008004394C (0x19958593) addi a1, a1, 0x199
x11 <- 0x0019999999999999
mem[X,0x0000000080043950] -> 0x9593
mem[X,0x0000000080043952] -> 0x00A5
[9307] [M]: 0x0000000080043950 (0x00A59593) slli a1, a1, 0xa
x11 <- 0x6666666666666400
mem[X,0x0000000080043954] -> 0x8593
mem[X,0x0000000080043956] -> 0x2655
[9308] [M]: 0x0000000080043954 (0x26558593) addi a1, a1, 0x265
x11 <- 0x6666666666666665
mem[X,0x0000000080043958] -> 0x0113
mem[X,0x000000008004395A] -> 0x0000
[9309] [M]: 0x0000000080043958 (0x00000113) addi sp, zero, 0x0
x2 <- 0x0000000000000000
mem[X,0x000000008004395C] -> 0x006F
mem[X,0x000000008004395E] -> 0x00C0
[9310] [M]: 0x000000008004395C (0x00C0006F) jal zero, 0xc
mem[X,0x0000000080043968] -> 0x4063
mem[X,0x000000008004396A] -> 0x04B5
[9311] [M]: 0x0000000080043968 (0x04B54063) blt a0, a1, 0x40
mem[X,0x00000000800439A8] -> 0x0113
mem[X,0x00000000800439AA] -> 0x0031
[9312] [M]: 0x00000000800439A8 (0x00310113) addi sp, sp, 0x3
x2 <- 0x0000000000000003
mem[X,0x00000000800439AC] -> 0x006F
mem[X,0x00000000800439AE] -> 0x0040
[9313] [M]: 0x00000000800439AC (0x0040006F) jal zero, 0x4
mem[X,0x00000000800439B0] -> 0xBC23
mem[X,0x00000000800439B2] -> 0x1620
[9314] [M]: 0x00000000800439B0 (0x1620BC23) sd sp, 0x178(ra)
mem[0x0000000080050350] <- 0x0000000000000003
mem[X,0x00000000800439B4] -> 0x3537
mem[X,0x00000000800439B6] -> 0x3333
[9315] [M]: 0x00000000800439B4 (0x33333537) lui a0, 0x33333
x10 <- 0x0000000033333000
mem[X,0x00000000800439B8] -> 0x0513
mem[X,0x00000000800439BA] -> 0x3335
[9316] [M]: 0x00000000800439B8 (0x33350513) addi a0, a0, 0x333
x10 <- 0x0000000033333333
mem[X,0x00000000800439BC] -> 0x1513
mem[X,0x00000000800439BE] -> 0x00B5
[9317] [M]: 0x00000000800439BC (0x00B51513) slli a0, a0, 0xb
x10 <- 0x0000019999999800
mem[X,0x00000000800439C0] -> 0x0513
mem[X,0x00000000800439C2] -> 0x1995
[9318] [M]: 0x00000000800439C0 (0x19950513) addi a0, a0, 0x199
x10 <- 0x0000019999999999
mem[X,0x00000000800439C4] -> 0x1513
mem[X,0x00000000800439C6] -> 0x00B5
[9319] [M]: 0x00000000800439C4 (0x00B51513) slli a0, a0, 0xb
x10 <- 0x000CCCCCCCCCC800
mem[X,0x00000000800439C8] -> 0x0513
mem[X,0x00000000800439CA] -> 0x4CC5
[9320] [M]: 0x00000000800439C8 (0x4CC50513) addi a0, a0, 0x4cc
x10 <- 0x000CCCCCCCCCCCCC
mem[X,0x00000000800439CC] -> 0x1513
mem[X,0x00000000800439CE] -> 0x00A5
[9321] [M]: 0x00000000800439CC (0x00A51513) slli a0, a0, 0xa
x10 <- 0x3333333333333000
mem[X,0x00000000800439D0] -> 0x0513
mem[X,0x00000000800439D2] -> 0x3345
[9322] [M]: 0x00000000800439D0 (0x33450513) addi a0, a0, 0x334
x10 <- 0x3333333333333334
mem[X,0x00000000800439D4] -> 0x05B7
mem[X,0x00000000800439D6] -> 0x0000
[9323] [M]: 0x00000000800439D4 (0x000005B7) lui a1, 0x0
x11 <- 0x0000000000000000
mem[X,0x00000000800439D8] -> 0x8593
mem[X,0x00000000800439DA] -> 0x0005
[9324] [M]: 0x00000000800439D8 (0x00058593) addi a1, a1, 0x0
x11 <- 0x0000000000000000
mem[X,0x00000000800439DC] -> 0x9593
mem[X,0x00000000800439DE] -> 0x00B5
[9325] [M]: 0x00000000800439DC (0x00B59593) slli a1, a1, 0xb
x11 <- 0x0000000000000000
mem[X,0x00000000800439E0] -> 0x8593
mem[X,0x00000000800439E2] -> 0x5A85
[9326] [M]: 0x00000000800439E0 (0x5A858593) addi a1, a1, 0x5a8
x11 <- 0x00000000000005A8
mem[X,0x00000000800439E4] -> 0x9593
mem[X,0x00000000800439E6] -> 0x00B5
[9327] [M]: 0x00000000800439E4 (0x00B59593) slli a1, a1, 0xb
x11 <- 0x00000000002D4000
mem[X,0x00000000800439E8] -> 0x8593
mem[X,0x00000000800439EA] -> 0x13C5
[9328] [M]: 0x00000000800439E8 (0x13C58593) addi a1, a1, 0x13c
x11 <- 0x00000000002D413C
mem[X,0x00000000800439EC] -> 0x9593
mem[X,0x00000000800439EE] -> 0x00A5
[9329] [M]: 0x00000000800439EC (0x00A59593) slli a1, a1, 0xa
x11 <- 0x00000000B504F000
mem[X,0x00000000800439F0] -> 0x8593
mem[X,0x00000000800439F2] -> 0x3325
[9330] [M]: 0x00000000800439F0 (0x33258593) addi a1, a1, 0x332
x11 <- 0x00000000B504F332
mem[X,0x00000000800439F4] -> 0x0113
mem[X,0x00000000800439F6] -> 0x0000
[9331] [M]: 0x00000000800439F4 (0x00000113) addi sp, zero, 0x0
x2 <- 0x0000000000000000
mem[X,0x00000000800439F8] -> 0x006F
mem[X,0x00000000800439FA] -> 0x00C0
[9332] [M]: 0x00000000800439F8 (0x00C0006F) jal zero, 0xc
mem[X,0x0000000080043A04] -> 0x4063
mem[X,0x0000000080043A06] -> 0x40B5
[9333] [M]: 0x0000000080043A04 (0x40B54063) blt a0, a1, 0x400
mem[X,0x0000000080043A08] -> 0x0113
mem[X,0x0000000080043A0A] -> 0x0021
[9334] [M]: 0x0000000080043A08 (0x00210113) addi sp, sp, 0x2
x2 <- 0x0000000000000002
mem[X,0x0000000080043A0C] -> 0x006F
mem[X,0x0000000080043A0E] -> 0x4000
[9335] [M]: 0x0000000080043A0C (0x4000006F) jal zero, 0x400
mem[X,0x0000000080043E0C] -> 0xB023
mem[X,0x0000000080043E0E] -> 0x1820
[9336] [M]: 0x0000000080043E0C (0x1820B023) sd sp, 0x180(ra)
mem[0x0000000080050358] <- 0x0000000000000002
mem[X,0x0000000080043E10] -> 0x3537
mem[X,0x0000000080043E12] -> 0x3333
[9337] [M]: 0x0000000080043E10 (0x33333537) lui a0, 0x33333
x10 <- 0x0000000033333000
mem[X,0x0000000080043E14] -> 0x0513
mem[X,0x0000000080043E16] -> 0x3335
[9338] [M]: 0x0000000080043E14 (0x33350513) addi a0, a0, 0x333
x10 <- 0x0000000033333333
mem[X,0x0000000080043E18] -> 0x1513
mem[X,0x0000000080043E1A] -> 0x00B5
[9339] [M]: 0x0000000080043E18 (0x00B51513) slli a0, a0, 0xb
x10 <- 0x0000019999999800
mem[X,0x0000000080043E1C] -> 0x0513
mem[X,0x0000000080043E1E] -> 0x1995
[9340] [M]: 0x0000000080043E1C (0x19950513) addi a0, a0, 0x199
x10 <- 0x0000019999999999
mem[X,0x0000000080043E20] -> 0x1513
mem[X,0x0000000080043E22] -> 0x00B5
[9341] [M]: 0x0000000080043E20 (0x00B51513) slli a0, a0, 0xb
x10 <- 0x000CCCCCCCCCC800
mem[X,0x0000000080043E24] -> 0x0513
mem[X,0x0000000080043E26] -> 0x4CC5
[9342] [M]: 0x0000000080043E24 (0x4CC50513) addi a0, a0, 0x4cc
x10 <- 0x000CCCCCCCCCCCCC
mem[X,0x0000000080043E28] -> 0x1513
mem[X,0x0000000080043E2A] -> 0x00A5
[9343] [M]: 0x0000000080043E28 (0x00A51513) slli a0, a0, 0xa
x10 <- 0x3333333333333000
mem[X,0x0000000080043E2C] -> 0x0513
mem[X,0x0000000080043E2E] -> 0x3345
[9344] [M]: 0x0000000080043E2C (0x33450513) addi a0, a0, 0x334
x10 <- 0x3333333333333334
mem[X,0x0000000080043E30] -> 0x55B7
mem[X,0x0000000080043E32] -> 0x5555
[9345] [M]: 0x0000000080043E30 (0x555555B7) lui a1, 0x55555
x11 <- 0x0000000055555000
mem[X,0x0000000080043E34] -> 0x8593
mem[X,0x0000000080043E36] -> 0x5555
[9346] [M]: 0x0000000080043E34 (0x55558593) addi a1, a1, 0x555
x11 <- 0x0000000055555555
mem[X,0x0000000080043E38] -> 0x9593
mem[X,0x0000000080043E3A] -> 0x00B5
[9347] [M]: 0x0000000080043E38 (0x00B59593) slli a1, a1, 0xb
x11 <- 0x000002AAAAAAA800
mem[X,0x0000000080043E3C] -> 0x8593
mem[X,0x0000000080043E3E] -> 0x2AA5
[9348] [M]: 0x0000000080043E3C (0x2AA58593) addi a1, a1, 0x2aa
x11 <- 0x000002AAAAAAAAAA
mem[X,0x0000000080043E40] -> 0x9593
mem[X,0x0000000080043E42] -> 0x00B5
[9349] [M]: 0x0000000080043E40 (0x00B59593) slli a1, a1, 0xb
x11 <- 0x0015555555555000
mem[X,0x0000000080043E44] -> 0x8593
mem[X,0x0000000080043E46] -> 0x5555
[9350] [M]: 0x0000000080043E44 (0x55558593) addi a1, a1, 0x555
x11 <- 0x0015555555555555
mem[X,0x0000000080043E48] -> 0x9593
mem[X,0x0000000080043E4A] -> 0x00A5
[9351] [M]: 0x0000000080043E48 (0x00A59593) slli a1, a1, 0xa
x11 <- 0x5555555555555400
mem[X,0x0000000080043E4C] -> 0x8593
mem[X,0x0000000080043E4E] -> 0x1565
[9352] [M]: 0x0000000080043E4C (0x15658593) addi a1, a1, 0x156
x11 <- 0x5555555555555556
mem[X,0x0000000080043E50] -> 0x0113
mem[X,0x0000000080043E52] -> 0x0000
[9353] [M]: 0x0000000080043E50 (0x00000113) addi sp, zero, 0x0
x2 <- 0x0000000000000000
mem[X,0x0000000080043E54] -> 0x006F
mem[X,0x0000000080043E56] -> 0x00C0
[9354] [M]: 0x0000000080043E54 (0x00C0006F) jal zero, 0xc
mem[X,0x0000000080043E60] -> 0x4063
mem[X,0x0000000080043E62] -> 0x20B5
[9355] [M]: 0x0000000080043E60 (0x20B54063) blt a0, a1, 0x200
mem[X,0x0000000080044060] -> 0x0113
mem[X,0x0000000080044062] -> 0x0031
[9356] [M]: 0x0000000080044060 (0x00310113) addi sp, sp, 0x3
x2 <- 0x0000000000000003
mem[X,0x0000000080044064] -> 0x006F
mem[X,0x0000000080044066] -> 0x0040
[9357] [M]: 0x0000000080044064 (0x0040006F) jal zero, 0x4
mem[X,0x0000000080044068] -> 0xB423
mem[X,0x000000008004406A] -> 0x1820
[9358] [M]: 0x0000000080044068 (0x1820B423) sd sp, 0x188(ra)
mem[0x0000000080050360] <- 0x0000000000000003
mem[X,0x000000008004406C] -> 0x3537
mem[X,0x000000008004406E] -> 0x3333
[9359] [M]: 0x000000008004406C (0x33333537) lui a0, 0x33333
x10 <- 0x0000000033333000
mem[X,0x0000000080044070] -> 0x0513
mem[X,0x0000000080044072] -> 0x3335
[9360] [M]: 0x0000000080044070 (0x33350513) addi a0, a0, 0x333
x10 <- 0x0000000033333333
mem[X,0x0000000080044074] -> 0x1513
mem[X,0x0000000080044076] -> 0x00B5
[9361] [M]: 0x0000000080044074 (0x00B51513) slli a0, a0, 0xb
x10 <- 0x0000019999999800
mem[X,0x0000000080044078] -> 0x0513
mem[X,0x000000008004407A] -> 0x1995
[9362] [M]: 0x0000000080044078 (0x19950513) addi a0, a0, 0x199
x10 <- 0x0000019999999999
mem[X,0x000000008004407C] -> 0x1513
mem[X,0x000000008004407E] -> 0x00B5
[9363] [M]: 0x000000008004407C (0x00B51513) slli a0, a0, 0xb
x10 <- 0x000CCCCCCCCCC800
mem[X,0x0000000080044080] -> 0x0513
mem[X,0x0000000080044082] -> 0x4CC5
[9364] [M]: 0x0000000080044080 (0x4CC50513) addi a0, a0, 0x4cc
x10 <- 0x000CCCCCCCCCCCCC
mem[X,0x0000000080044084] -> 0x1513
mem[X,0x0000000080044086] -> 0x00A5
[9365] [M]: 0x0000000080044084 (0x00A51513) slli a0, a0, 0xa
x10 <- 0x3333333333333000
mem[X,0x0000000080044088] -> 0x0513
mem[X,0x000000008004408A] -> 0x3345
[9366] [M]: 0x0000000080044088 (0x33450513) addi a0, a0, 0x334
x10 <- 0x3333333333333334
mem[X,0x000000008004408C] -> 0xB5B7
mem[X,0x000000008004408E] -> 0xAAAA
[9367] [M]: 0x000000008004408C (0xAAAAB5B7) lui a1, -0x55555
x11 <- 0xFFFFFFFFAAAAB000
mem[X,0x0000000080044090] -> 0x8593
mem[X,0x0000000080044092] -> 0xAAA5
[9368] [M]: 0x0000000080044090 (0xAAA58593) addi a1, a1, -0x556
x11 <- 0xFFFFFFFFAAAAAAAA
mem[X,0x0000000080044094] -> 0x9593
mem[X,0x0000000080044096] -> 0x00B5
[9369] [M]: 0x0000000080044094 (0x00B59593) slli a1, a1, 0xb
x11 <- 0xFFFFFD5555555000
mem[X,0x0000000080044098] -> 0x8593
mem[X,0x000000008004409A] -> 0x5555
[9370] [M]: 0x0000000080044098 (0x55558593) addi a1, a1, 0x555
x11 <- 0xFFFFFD5555555555
mem[X,0x000000008004409C] -> 0x9593
mem[X,0x000000008004409E] -> 0x00B5
[9371] [M]: 0x000000008004409C (0x00B59593) slli a1, a1, 0xb
x11 <- 0xFFEAAAAAAAAAA800
mem[X,0x00000000800440A0] -> 0x8593
mem[X,0x00000000800440A2] -> 0x2AA5
[9372] [M]: 0x00000000800440A0 (0x2AA58593) addi a1, a1, 0x2aa
x11 <- 0xFFEAAAAAAAAAAAAA
mem[X,0x00000000800440A4] -> 0x9593
mem[X,0x00000000800440A6] -> 0x00A5
[9373] [M]: 0x00000000800440A4 (0x00A59593) slli a1, a1, 0xa
x11 <- 0xAAAAAAAAAAAAA800
mem[X,0x00000000800440A8] -> 0x8593
mem[X,0x00000000800440AA] -> 0x2AB5
[9374] [M]: 0x00000000800440A8 (0x2AB58593) addi a1, a1, 0x2ab
x11 <- 0xAAAAAAAAAAAAAAAB
mem[X,0x00000000800440AC] -> 0x0113
mem[X,0x00000000800440AE] -> 0x0000
[9375] [M]: 0x00000000800440AC (0x00000113) addi sp, zero, 0x0
x2 <- 0x0000000000000000
mem[X,0x00000000800440B0] -> 0x006F
mem[X,0x00000000800440B2] -> 0x00C0
[9376] [M]: 0x00000000800440B0 (0x00C0006F) jal zero, 0xc
mem[X,0x00000000800440BC] -> 0x4063
mem[X,0x00000000800440BE] -> 0x10B5
[9377] [M]: 0x00000000800440BC (0x10B54063) blt a0, a1, 0x100
mem[X,0x00000000800440C0] -> 0x0113
mem[X,0x00000000800440C2] -> 0x0021
[9378] [M]: 0x00000000800440C0 (0x00210113) addi sp, sp, 0x2
x2 <- 0x0000000000000002
mem[X,0x00000000800440C4] -> 0x006F
mem[X,0x00000000800440C6] -> 0x1000
[9379] [M]: 0x00000000800440C4 (0x1000006F) jal zero, 0x100
mem[X,0x00000000800441C4] -> 0xB823
mem[X,0x00000000800441C6] -> 0x1820
[9380] [M]: 0x00000000800441C4 (0x1820B823) sd sp, 0x190(ra)
mem[0x0000000080050368] <- 0x0000000000000002
mem[X,0x00000000800441C8] -> 0x3537
mem[X,0x00000000800441CA] -> 0x3333
[9381] [M]: 0x00000000800441C8 (0x33333537) lui a0, 0x33333
x10 <- 0x0000000033333000
mem[X,0x00000000800441CC] -> 0x0513
mem[X,0x00000000800441CE] -> 0x3335
[9382] [M]: 0x00000000800441CC (0x33350513) addi a0, a0, 0x333
x10 <- 0x0000000033333333
mem[X,0x00000000800441D0] -> 0x1513
mem[X,0x00000000800441D2] -> 0x00B5
[9383] [M]: 0x00000000800441D0 (0x00B51513) slli a0, a0, 0xb
x10 <- 0x0000019999999800
mem[X,0x00000000800441D4] -> 0x0513
mem[X,0x00000000800441D6] -> 0x1995
[9384] [M]: 0x00000000800441D4 (0x19950513) addi a0, a0, 0x199
x10 <- 0x0000019999999999
mem[X,0x00000000800441D8] -> 0x1513
mem[X,0x00000000800441DA] -> 0x00B5
[9385] [M]: 0x00000000800441D8 (0x00B51513) slli a0, a0, 0xb
x10 <- 0x000CCCCCCCCCC800
mem[X,0x00000000800441DC] -> 0x0513
mem[X,0x00000000800441DE] -> 0x4CC5
[9386] [M]: 0x00000000800441DC (0x4CC50513) addi a0, a0, 0x4cc
x10 <- 0x000CCCCCCCCCCCCC
mem[X,0x00000000800441E0] -> 0x1513
mem[X,0x00000000800441E2] -> 0x00A5
[9387] [M]: 0x00000000800441E0 (0x00A51513) slli a0, a0, 0xa
x10 <- 0x3333333333333000
mem[X,0x00000000800441E4] -> 0x0513
mem[X,0x00000000800441E6] -> 0x3345
[9388] [M]: 0x00000000800441E4 (0x33450513) addi a0, a0, 0x334
x10 <- 0x3333333333333334
mem[X,0x00000000800441E8] -> 0x0593
mem[X,0x00000000800441EA] -> 0x0060
[9389] [M]: 0x00000000800441E8 (0x00600593) addi a1, zero, 0x6
x11 <- 0x0000000000000006
mem[X,0x00000000800441EC] -> 0x0113
mem[X,0x00000000800441EE] -> 0x0000
[9390] [M]: 0x00000000800441EC (0x00000113) addi sp, zero, 0x0
x2 <- 0x0000000000000000
mem[X,0x00000000800441F0] -> 0x006F
mem[X,0x00000000800441F2] -> 0x2B10
[9391] [M]: 0x00000000800441F0 (0x2B10006F) jal zero, 0xab0
mem[X,0x0000000080044CA0] -> 0x4A63
mem[X,0x0000000080044CA2] -> 0xD4B5
[9392] [M]: 0x0000000080044CA0 (0xD4B54A63) blt a0, a1, -0xaac
mem[X,0x0000000080044CA4] -> 0x0113
mem[X,0x0000000080044CA6] -> 0x0021
[9393] [M]: 0x0000000080044CA4 (0x00210113) addi sp, sp, 0x2
x2 <- 0x0000000000000002
mem[X,0x0000000080044CA8] -> 0x006F
mem[X,0x0000000080044CAA] -> 0x00C0
[9394] [M]: 0x0000000080044CA8 (0x00C0006F) jal zero, 0xc
mem[X,0x0000000080044CB4] -> 0xBC23
mem[X,0x0000000080044CB6] -> 0x1820
[9395] [M]: 0x0000000080044CB4 (0x1820BC23) sd sp, 0x198(ra)
mem[0x0000000080050370] <- 0x0000000000000002
mem[X,0x0000000080044CB8] -> 0x3537
mem[X,0x0000000080044CBA] -> 0x3333
[9396] [M]: 0x0000000080044CB8 (0x33333537) lui a0, 0x33333
x10 <- 0x0000000033333000
mem[X,0x0000000080044CBC] -> 0x0513
mem[X,0x0000000080044CBE] -> 0x3335
[9397] [M]: 0x0000000080044CBC (0x33350513) addi a0, a0, 0x333
x10 <- 0x0000000033333333
mem[X,0x0000000080044CC0] -> 0x1513
mem[X,0x0000000080044CC2] -> 0x00B5
[9398] [M]: 0x0000000080044CC0 (0x00B51513) slli a0, a0, 0xb
x10 <- 0x0000019999999800
mem[X,0x0000000080044CC4] -> 0x0513
mem[X,0x0000000080044CC6] -> 0x1995
[9399] [M]: 0x0000000080044CC4 (0x19950513) addi a0, a0, 0x199
x10 <- 0x0000019999999999
clint::tick mtime <- 0x000000000000005E
 clint timer pending at mtime 0x000000000000005E
htif::tick 0x0000000000000000
mem[X,0x0000000080044CC8] -> 0x1513
mem[X,0x0000000080044CCA] -> 0x00B5
[9400] [M]: 0x0000000080044CC8 (0x00B51513) slli a0, a0, 0xb
x10 <- 0x000CCCCCCCCCC800
mem[X,0x0000000080044CCC] -> 0x0513
mem[X,0x0000000080044CCE] -> 0x4CC5
[9401] [M]: 0x0000000080044CCC (0x4CC50513) addi a0, a0, 0x4cc
x10 <- 0x000CCCCCCCCCCCCC
mem[X,0x0000000080044CD0] -> 0x1513
mem[X,0x0000000080044CD2] -> 0x00A5
[9402] [M]: 0x0000000080044CD0 (0x00A51513) slli a0, a0, 0xa
x10 <- 0x3333333333333000
mem[X,0x0000000080044CD4] -> 0x0513
mem[X,0x0000000080044CD6] -> 0x3345
[9403] [M]: 0x0000000080044CD4 (0x33450513) addi a0, a0, 0x334
x10 <- 0x3333333333333334
mem[X,0x0000000080044CD8] -> 0x35B7
mem[X,0x0000000080044CDA] -> 0x3333
[9404] [M]: 0x0000000080044CD8 (0x333335B7) lui a1, 0x33333
x11 <- 0x0000000033333000
mem[X,0x0000000080044CDC] -> 0x8593
mem[X,0x0000000080044CDE] -> 0x3335
[9405] [M]: 0x0000000080044CDC (0x33358593) addi a1, a1, 0x333
x11 <- 0x0000000033333333
mem[X,0x0000000080044CE0] -> 0x9593
mem[X,0x0000000080044CE2] -> 0x00B5
[9406] [M]: 0x0000000080044CE0 (0x00B59593) slli a1, a1, 0xb
x11 <- 0x0000019999999800
mem[X,0x0000000080044CE4] -> 0x8593
mem[X,0x0000000080044CE6] -> 0x1995
[9407] [M]: 0x0000000080044CE4 (0x19958593) addi a1, a1, 0x199
x11 <- 0x0000019999999999
mem[X,0x0000000080044CE8] -> 0x9593
mem[X,0x0000000080044CEA] -> 0x00B5
[9408] [M]: 0x0000000080044CE8 (0x00B59593) slli a1, a1, 0xb
x11 <- 0x000CCCCCCCCCC800
mem[X,0x0000000080044CEC] -> 0x8593
mem[X,0x0000000080044CEE] -> 0x4CC5
[9409] [M]: 0x0000000080044CEC (0x4CC58593) addi a1, a1, 0x4cc
x11 <- 0x000CCCCCCCCCCCCC
mem[X,0x0000000080044CF0] -> 0x9593
mem[X,0x0000000080044CF2] -> 0x00A5
[9410] [M]: 0x0000000080044CF0 (0x00A59593) slli a1, a1, 0xa
x11 <- 0x3333333333333000
mem[X,0x0000000080044CF4] -> 0x8593
mem[X,0x0000000080044CF6] -> 0x3345
[9411] [M]: 0x0000000080044CF4 (0x33458593) addi a1, a1, 0x334
x11 <- 0x3333333333333334
mem[X,0x0000000080044CF8] -> 0x0113
mem[X,0x0000000080044CFA] -> 0x0000
[9412] [M]: 0x0000000080044CF8 (0x00000113) addi sp, zero, 0x0
x2 <- 0x0000000000000000
mem[X,0x0000000080044CFC] -> 0x006F
mem[X,0x0000000080044CFE] -> 0x00C0
[9413] [M]: 0x0000000080044CFC (0x00C0006F) jal zero, 0xc
mem[X,0x0000000080044D08] -> 0x4663
mem[X,0x0000000080044D0A] -> 0x00B5
[9414] [M]: 0x0000000080044D08 (0x00B54663) blt a0, a1, 0xc
mem[X,0x0000000080044D0C] -> 0x0113
mem[X,0x0000000080044D0E] -> 0x0021
[9415] [M]: 0x0000000080044D0C (0x00210113) addi sp, sp, 0x2
x2 <- 0x0000000000000002
mem[X,0x0000000080044D10] -> 0x006F
mem[X,0x0000000080044D12] -> 0x00C0
[9416] [M]: 0x0000000080044D10 (0x00C0006F) jal zero, 0xc
mem[X,0x0000000080044D1C] -> 0xB023
mem[X,0x0000000080044D1E] -> 0x1A20
[9417] [M]: 0x0000000080044D1C (0x1A20B023) sd sp, 0x1a0(ra)
mem[0x0000000080050378] <- 0x0000000000000002
mem[X,0x0000000080044D20] -> 0x3537
mem[X,0x0000000080044D22] -> 0x3333
[9418] [M]: 0x0000000080044D20 (0x33333537) lui a0, 0x33333
x10 <- 0x0000000033333000
mem[X,0x0000000080044D24] -> 0x0513
mem[X,0x0000000080044D26] -> 0x3335
[9419] [M]: 0x0000000080044D24 (0x33350513) addi a0, a0, 0x333
x10 <- 0x0000000033333333
mem[X,0x0000000080044D28] -> 0x1513
mem[X,0x0000000080044D2A] -> 0x00B5
[9420] [M]: 0x0000000080044D28 (0x00B51513) slli a0, a0, 0xb
x10 <- 0x0000019999999800
mem[X,0x0000000080044D2C] -> 0x0513
mem[X,0x0000000080044D2E] -> 0x1995
[9421] [M]: 0x0000000080044D2C (0x19950513) addi a0, a0, 0x199
x10 <- 0x0000019999999999
mem[X,0x0000000080044D30] -> 0x1513
mem[X,0x0000000080044D32] -> 0x00B5
[9422] [M]: 0x0000000080044D30 (0x00B51513) slli a0, a0, 0xb
x10 <- 0x000CCCCCCCCCC800
mem[X,0x0000000080044D34] -> 0x0513
mem[X,0x0000000080044D36] -> 0x4CC5
[9423] [M]: 0x0000000080044D34 (0x4CC50513) addi a0, a0, 0x4cc
x10 <- 0x000CCCCCCCCCCCCC
mem[X,0x0000000080044D38] -> 0x1513
mem[X,0x0000000080044D3A] -> 0x00A5
[9424] [M]: 0x0000000080044D38 (0x00A51513) slli a0, a0, 0xa
x10 <- 0x3333333333333000
mem[X,0x0000000080044D3C] -> 0x0513
mem[X,0x0000000080044D3E] -> 0x3345
[9425] [M]: 0x0000000080044D3C (0x33450513) addi a0, a0, 0x334
x10 <- 0x3333333333333334
mem[X,0x0000000080044D40] -> 0x65B7
mem[X,0x0000000080044D42] -> 0x6666
[9426] [M]: 0x0000000080044D40 (0x666665B7) lui a1, 0x66666
x11 <- 0x0000000066666000
mem[X,0x0000000080044D44] -> 0x8593
mem[X,0x0000000080044D46] -> 0x6665
[9427] [M]: 0x0000000080044D44 (0x66658593) addi a1, a1, 0x666
x11 <- 0x0000000066666666
mem[X,0x0000000080044D48] -> 0x9593
mem[X,0x0000000080044D4A] -> 0x00B5
[9428] [M]: 0x0000000080044D48 (0x00B59593) slli a1, a1, 0xb
x11 <- 0x0000033333333000
mem[X,0x0000000080044D4C] -> 0x8593
mem[X,0x0000000080044D4E] -> 0x3335
[9429] [M]: 0x0000000080044D4C (0x33358593) addi a1, a1, 0x333
x11 <- 0x0000033333333333
mem[X,0x0000000080044D50] -> 0x9593
mem[X,0x0000000080044D52] -> 0x00B5
[9430] [M]: 0x0000000080044D50 (0x00B59593) slli a1, a1, 0xb
x11 <- 0x0019999999999800
mem[X,0x0000000080044D54] -> 0x8593
mem[X,0x0000000080044D56] -> 0x1995
[9431] [M]: 0x0000000080044D54 (0x19958593) addi a1, a1, 0x199
x11 <- 0x0019999999999999
mem[X,0x0000000080044D58] -> 0x9593
mem[X,0x0000000080044D5A] -> 0x00A5
[9432] [M]: 0x0000000080044D58 (0x00A59593) slli a1, a1, 0xa
x11 <- 0x6666666666666400
mem[X,0x0000000080044D5C] -> 0x8593
mem[X,0x0000000080044D5E] -> 0x2675
[9433] [M]: 0x0000000080044D5C (0x26758593) addi a1, a1, 0x267
x11 <- 0x6666666666666667
mem[X,0x0000000080044D60] -> 0x0113
mem[X,0x0000000080044D62] -> 0x0000
[9434] [M]: 0x0000000080044D60 (0x00000113) addi sp, zero, 0x0
x2 <- 0x0000000000000000
mem[X,0x0000000080044D64] -> 0x006F
mem[X,0x0000000080044D66] -> 0x00C0
[9435] [M]: 0x0000000080044D64 (0x00C0006F) jal zero, 0xc
mem[X,0x0000000080044D70] -> 0x4063
mem[X,0x0000000080044D72] -> 0x08B5
[9436] [M]: 0x0000000080044D70 (0x08B54063) blt a0, a1, 0x80
mem[X,0x0000000080044DF0] -> 0x0113
mem[X,0x0000000080044DF2] -> 0x0031
[9437] [M]: 0x0000000080044DF0 (0x00310113) addi sp, sp, 0x3
x2 <- 0x0000000000000003
mem[X,0x0000000080044DF4] -> 0x006F
mem[X,0x0000000080044DF6] -> 0x0040
[9438] [M]: 0x0000000080044DF4 (0x0040006F) jal zero, 0x4
mem[X,0x0000000080044DF8] -> 0xB423
mem[X,0x0000000080044DFA] -> 0x1A20
[9439] [M]: 0x0000000080044DF8 (0x1A20B423) sd sp, 0x1a8(ra)
mem[0x0000000080050380] <- 0x0000000000000003
mem[X,0x0000000080044DFC] -> 0x3537
mem[X,0x0000000080044DFE] -> 0x3333
[9440] [M]: 0x0000000080044DFC (0x33333537) lui a0, 0x33333
x10 <- 0x0000000033333000
mem[X,0x0000000080044E00] -> 0x0513
mem[X,0x0000000080044E02] -> 0x3335
[9441] [M]: 0x0000000080044E00 (0x33350513) addi a0, a0, 0x333
x10 <- 0x0000000033333333
mem[X,0x0000000080044E04] -> 0x1513
mem[X,0x0000000080044E06] -> 0x00B5
[9442] [M]: 0x0000000080044E04 (0x00B51513) slli a0, a0, 0xb
x10 <- 0x0000019999999800
mem[X,0x0000000080044E08] -> 0x0513
mem[X,0x0000000080044E0A] -> 0x1995
[9443] [M]: 0x0000000080044E08 (0x19950513) addi a0, a0, 0x199
x10 <- 0x0000019999999999
mem[X,0x0000000080044E0C] -> 0x1513
mem[X,0x0000000080044E0E] -> 0x00B5
[9444] [M]: 0x0000000080044E0C (0x00B51513) slli a0, a0, 0xb
x10 <- 0x000CCCCCCCCCC800
mem[X,0x0000000080044E10] -> 0x0513
mem[X,0x0000000080044E12] -> 0x4CC5
[9445] [M]: 0x0000000080044E10 (0x4CC50513) addi a0, a0, 0x4cc
x10 <- 0x000CCCCCCCCCCCCC
mem[X,0x0000000080044E14] -> 0x1513
mem[X,0x0000000080044E16] -> 0x00A5
[9446] [M]: 0x0000000080044E14 (0x00A51513) slli a0, a0, 0xa
x10 <- 0x3333333333333000
mem[X,0x0000000080044E18] -> 0x0513
mem[X,0x0000000080044E1A] -> 0x3345
[9447] [M]: 0x0000000080044E18 (0x33450513) addi a0, a0, 0x334
x10 <- 0x3333333333333334
mem[X,0x0000000080044E1C] -> 0x05B7
mem[X,0x0000000080044E1E] -> 0x0000
[9448] [M]: 0x0000000080044E1C (0x000005B7) lui a1, 0x0
x11 <- 0x0000000000000000
mem[X,0x0000000080044E20] -> 0x8593
mem[X,0x0000000080044E22] -> 0xFFF5
[9449] [M]: 0x0000000080044E20 (0xFFF58593) addi a1, a1, -0x1
x11 <- 0xFFFFFFFFFFFFFFFF
mem[X,0x0000000080044E24] -> 0x9593
mem[X,0x0000000080044E26] -> 0x00B5
[9450] [M]: 0x0000000080044E24 (0x00B59593) slli a1, a1, 0xb
x11 <- 0xFFFFFFFFFFFFF800
mem[X,0x0000000080044E28] -> 0x8593
mem[X,0x0000000080044E2A] -> 0x2575
[9451] [M]: 0x0000000080044E28 (0x25758593) addi a1, a1, 0x257
x11 <- 0xFFFFFFFFFFFFFA57
mem[X,0x0000000080044E2C] -> 0x9593
mem[X,0x0000000080044E2E] -> 0x00B5
[9452] [M]: 0x0000000080044E2C (0x00B59593) slli a1, a1, 0xb
x11 <- 0xFFFFFFFFFFD2B800
mem[X,0x0000000080044E30] -> 0x8593
mem[X,0x0000000080044E32] -> 0x6C35
[9453] [M]: 0x0000000080044E30 (0x6C358593) addi a1, a1, 0x6c3
x11 <- 0xFFFFFFFFFFD2BEC3
mem[X,0x0000000080044E34] -> 0x9593
mem[X,0x0000000080044E36] -> 0x00A5
[9454] [M]: 0x0000000080044E34 (0x00A59593) slli a1, a1, 0xa
x11 <- 0xFFFFFFFF4AFB0C00
mem[X,0x0000000080044E38] -> 0x8593
mem[X,0x0000000080044E3A] -> 0x0CE5
[9455] [M]: 0x0000000080044E38 (0x0CE58593) addi a1, a1, 0xce
x11 <- 0xFFFFFFFF4AFB0CCE
mem[X,0x0000000080044E3C] -> 0x0113
mem[X,0x0000000080044E3E] -> 0x0000
[9456] [M]: 0x0000000080044E3C (0x00000113) addi sp, zero, 0x0
x2 <- 0x0000000000000000
mem[X,0x0000000080044E40] -> 0x006F
mem[X,0x0000000080044E42] -> 0x00C0
[9457] [M]: 0x0000000080044E40 (0x00C0006F) jal zero, 0xc
mem[X,0x0000000080044E4C] -> 0x4863
mem[X,0x0000000080044E4E] -> 0x00B5
[9458] [M]: 0x0000000080044E4C (0x00B54863) blt a0, a1, 0x10
mem[X,0x0000000080044E50] -> 0x0113
mem[X,0x0000000080044E52] -> 0x0021
[9459] [M]: 0x0000000080044E50 (0x00210113) addi sp, sp, 0x2
x2 <- 0x0000000000000002
mem[X,0x0000000080044E54] -> 0x006F
mem[X,0x0000000080044E56] -> 0x0100
[9460] [M]: 0x0000000080044E54 (0x0100006F) jal zero, 0x10
mem[X,0x0000000080044E64] -> 0xB823
mem[X,0x0000000080044E66] -> 0x1A20
[9461] [M]: 0x0000000080044E64 (0x1A20B823) sd sp, 0x1b0(ra)
mem[0x0000000080050388] <- 0x0000000000000002
mem[X,0x0000000080044E68] -> 0x3537
mem[X,0x0000000080044E6A] -> 0x3333
[9462] [M]: 0x0000000080044E68 (0x33333537) lui a0, 0x33333
x10 <- 0x0000000033333000
mem[X,0x0000000080044E6C] -> 0x0513
mem[X,0x0000000080044E6E] -> 0x3335
[9463] [M]: 0x0000000080044E6C (0x33350513) addi a0, a0, 0x333
x10 <- 0x0000000033333333
mem[X,0x0000000080044E70] -> 0x1513
mem[X,0x0000000080044E72] -> 0x00B5
[9464] [M]: 0x0000000080044E70 (0x00B51513) slli a0, a0, 0xb
x10 <- 0x0000019999999800
mem[X,0x0000000080044E74] -> 0x0513
mem[X,0x0000000080044E76] -> 0x1995
[9465] [M]: 0x0000000080044E74 (0x19950513) addi a0, a0, 0x199
x10 <- 0x0000019999999999
mem[X,0x0000000080044E78] -> 0x1513
mem[X,0x0000000080044E7A] -> 0x00B5
[9466] [M]: 0x0000000080044E78 (0x00B51513) slli a0, a0, 0xb
x10 <- 0x000CCCCCCCCCC800
mem[X,0x0000000080044E7C] -> 0x0513
mem[X,0x0000000080044E7E] -> 0x4CC5
[9467] [M]: 0x0000000080044E7C (0x4CC50513) addi a0, a0, 0x4cc
x10 <- 0x000CCCCCCCCCCCCC
mem[X,0x0000000080044E80] -> 0x1513
mem[X,0x0000000080044E82] -> 0x00A5
[9468] [M]: 0x0000000080044E80 (0x00A51513) slli a0, a0, 0xa
x10 <- 0x3333333333333000
mem[X,0x0000000080044E84] -> 0x0513
mem[X,0x0000000080044E86] -> 0x3345
[9469] [M]: 0x0000000080044E84 (0x33450513) addi a0, a0, 0x334
x10 <- 0x3333333333333334
mem[X,0x0000000080044E88] -> 0x05B7
mem[X,0x0000000080044E8A] -> 0x0000
[9470] [M]: 0x0000000080044E88 (0x000005B7) lui a1, 0x0
x11 <- 0x0000000000000000
mem[X,0x0000000080044E8C] -> 0x8593
mem[X,0x0000000080044E8E] -> 0x0005
[9471] [M]: 0x0000000080044E8C (0x00058593) addi a1, a1, 0x0
x11 <- 0x0000000000000000
mem[X,0x0000000080044E90] -> 0x9593
mem[X,0x0000000080044E92] -> 0x00B5
[9472] [M]: 0x0000000080044E90 (0x00B59593) slli a1, a1, 0xb
x11 <- 0x0000000000000000
mem[X,0x0000000080044E94] -> 0x8593
mem[X,0x0000000080044E96] -> 0x5A85
[9473] [M]: 0x0000000080044E94 (0x5A858593) addi a1, a1, 0x5a8
x11 <- 0x00000000000005A8
mem[X,0x0000000080044E98] -> 0x9593
mem[X,0x0000000080044E9A] -> 0x00B5
[9474] [M]: 0x0000000080044E98 (0x00B59593) slli a1, a1, 0xb
x11 <- 0x00000000002D4000
mem[X,0x0000000080044E9C] -> 0x8593
mem[X,0x0000000080044E9E] -> 0x13C5
[9475] [M]: 0x0000000080044E9C (0x13C58593) addi a1, a1, 0x13c
x11 <- 0x00000000002D413C
mem[X,0x0000000080044EA0] -> 0x9593
mem[X,0x0000000080044EA2] -> 0x00A5
[9476] [M]: 0x0000000080044EA0 (0x00A59593) slli a1, a1, 0xa
x11 <- 0x00000000B504F000
mem[X,0x0000000080044EA4] -> 0x8593
mem[X,0x0000000080044EA6] -> 0x3345
[9477] [M]: 0x0000000080044EA4 (0x33458593) addi a1, a1, 0x334
x11 <- 0x00000000B504F334
mem[X,0x0000000080044EA8] -> 0x0113
mem[X,0x0000000080044EAA] -> 0x0000
[9478] [M]: 0x0000000080044EA8 (0x00000113) addi sp, zero, 0x0
x2 <- 0x0000000000000000
mem[X,0x0000000080044EAC] -> 0x006F
mem[X,0x0000000080044EAE] -> 0x00C0
[9479] [M]: 0x0000000080044EAC (0x00C0006F) jal zero, 0xc
mem[X,0x0000000080044EB8] -> 0x4663
mem[X,0x0000000080044EBA] -> 0x00B5
[9480] [M]: 0x0000000080044EB8 (0x00B54663) blt a0, a1, 0xc
mem[X,0x0000000080044EBC] -> 0x0113
mem[X,0x0000000080044EBE] -> 0x0021
[9481] [M]: 0x0000000080044EBC (0x00210113) addi sp, sp, 0x2
x2 <- 0x0000000000000002
mem[X,0x0000000080044EC0] -> 0x006F
mem[X,0x0000000080044EC2] -> 0x00C0
[9482] [M]: 0x0000000080044EC0 (0x00C0006F) jal zero, 0xc
mem[X,0x0000000080044ECC] -> 0xBC23
mem[X,0x0000000080044ECE] -> 0x1A20
[9483] [M]: 0x0000000080044ECC (0x1A20BC23) sd sp, 0x1b8(ra)
mem[0x0000000080050390] <- 0x0000000000000002
mem[X,0x0000000080044ED0] -> 0x6537
mem[X,0x0000000080044ED2] -> 0x6666
[9484] [M]: 0x0000000080044ED0 (0x66666537) lui a0, 0x66666
x10 <- 0x0000000066666000
mem[X,0x0000000080044ED4] -> 0x0513
mem[X,0x0000000080044ED6] -> 0x6665
[9485] [M]: 0x0000000080044ED4 (0x66650513) addi a0, a0, 0x666
x10 <- 0x0000000066666666
mem[X,0x0000000080044ED8] -> 0x1513
mem[X,0x0000000080044EDA] -> 0x00B5
[9486] [M]: 0x0000000080044ED8 (0x00B51513) slli a0, a0, 0xb
x10 <- 0x0000033333333000
mem[X,0x0000000080044EDC] -> 0x0513
mem[X,0x0000000080044EDE] -> 0x3335
[9487] [M]: 0x0000000080044EDC (0x33350513) addi a0, a0, 0x333
x10 <- 0x0000033333333333
mem[X,0x0000000080044EE0] -> 0x1513
mem[X,0x0000000080044EE2] -> 0x00B5
[9488] [M]: 0x0000000080044EE0 (0x00B51513) slli a0, a0, 0xb
x10 <- 0x0019999999999800
mem[X,0x0000000080044EE4] -> 0x0513
mem[X,0x0000000080044EE6] -> 0x1995
[9489] [M]: 0x0000000080044EE4 (0x19950513) addi a0, a0, 0x199
x10 <- 0x0019999999999999
mem[X,0x0000000080044EE8] -> 0x1513
mem[X,0x0000000080044EEA] -> 0x00A5
[9490] [M]: 0x0000000080044EE8 (0x00A51513) slli a0, a0, 0xa
x10 <- 0x6666666666666400
mem[X,0x0000000080044EEC] -> 0x0513
mem[X,0x0000000080044EEE] -> 0x2675
[9491] [M]: 0x0000000080044EEC (0x26750513) addi a0, a0, 0x267
x10 <- 0x6666666666666667
mem[X,0x0000000080044EF0] -> 0x0593
mem[X,0x0000000080044EF2] -> 0x0030
[9492] [M]: 0x0000000080044EF0 (0x00300593) addi a1, zero, 0x3
x11 <- 0x0000000000000003
mem[X,0x0000000080044EF4] -> 0x0113
mem[X,0x0000000080044EF6] -> 0x0000
[9493] [M]: 0x0000000080044EF4 (0x00000113) addi sp, zero, 0x0
x2 <- 0x0000000000000000
mem[X,0x0000000080044EF8] -> 0x006F
mem[X,0x0000000080044EFA] -> 0x00C0
[9494] [M]: 0x0000000080044EF8 (0x00C0006F) jal zero, 0xc
mem[X,0x0000000080044F04] -> 0x4063
mem[X,0x0000000080044F06] -> 0x20B5
[9495] [M]: 0x0000000080044F04 (0x20B54063) blt a0, a1, 0x200
mem[X,0x0000000080044F08] -> 0x0113
mem[X,0x0000000080044F0A] -> 0x0021
[9496] [M]: 0x0000000080044F08 (0x00210113) addi sp, sp, 0x2
x2 <- 0x0000000000000002
mem[X,0x0000000080044F0C] -> 0x006F
mem[X,0x0000000080044F0E] -> 0x2000
[9497] [M]: 0x0000000080044F0C (0x2000006F) jal zero, 0x200
mem[X,0x000000008004510C] -> 0xB023
mem[X,0x000000008004510E] -> 0x1C20
[9498] [M]: 0x000000008004510C (0x1C20B023) sd sp, 0x1c0(ra)
mem[0x0000000080050398] <- 0x0000000000000002
mem[X,0x0000000080045110] -> 0x6537
mem[X,0x0000000080045112] -> 0x6666
[9499] [M]: 0x0000000080045110 (0x66666537) lui a0, 0x66666
x10 <- 0x0000000066666000
clint::tick mtime <- 0x000000000000005F
 clint timer pending at mtime 0x000000000000005F
htif::tick 0x0000000000000000
mem[X,0x0000000080045114] -> 0x0513
mem[X,0x0000000080045116] -> 0x6665
[9500] [M]: 0x0000000080045114 (0x66650513) addi a0, a0, 0x666
x10 <- 0x0000000066666666
mem[X,0x0000000080045118] -> 0x1513
mem[X,0x000000008004511A] -> 0x00B5
[9501] [M]: 0x0000000080045118 (0x00B51513) slli a0, a0, 0xb
x10 <- 0x0000033333333000
mem[X,0x000000008004511C] -> 0x0513
mem[X,0x000000008004511E] -> 0x3335
[9502] [M]: 0x000000008004511C (0x33350513) addi a0, a0, 0x333
x10 <- 0x0000033333333333
mem[X,0x0000000080045120] -> 0x1513
mem[X,0x0000000080045122] -> 0x00B5
[9503] [M]: 0x0000000080045120 (0x00B51513) slli a0, a0, 0xb
x10 <- 0x0019999999999800
mem[X,0x0000000080045124] -> 0x0513
mem[X,0x0000000080045126] -> 0x1995
[9504] [M]: 0x0000000080045124 (0x19950513) addi a0, a0, 0x199
x10 <- 0x0019999999999999
mem[X,0x0000000080045128] -> 0x1513
mem[X,0x000000008004512A] -> 0x00A5
[9505] [M]: 0x0000000080045128 (0x00A51513) slli a0, a0, 0xa
x10 <- 0x6666666666666400
mem[X,0x000000008004512C] -> 0x0513
mem[X,0x000000008004512E] -> 0x2675
[9506] [M]: 0x000000008004512C (0x26750513) addi a0, a0, 0x267
x10 <- 0x6666666666666667
mem[X,0x0000000080045130] -> 0x55B7
mem[X,0x0000000080045132] -> 0x5555
[9507] [M]: 0x0000000080045130 (0x555555B7) lui a1, 0x55555
x11 <- 0x0000000055555000
mem[X,0x0000000080045134] -> 0x8593
mem[X,0x0000000080045136] -> 0x5555
[9508] [M]: 0x0000000080045134 (0x55558593) addi a1, a1, 0x555
x11 <- 0x0000000055555555
mem[X,0x0000000080045138] -> 0x9593
mem[X,0x000000008004513A] -> 0x00B5
[9509] [M]: 0x0000000080045138 (0x00B59593) slli a1, a1, 0xb
x11 <- 0x000002AAAAAAA800
mem[X,0x000000008004513C] -> 0x8593
mem[X,0x000000008004513E] -> 0x2AA5
[9510] [M]: 0x000000008004513C (0x2AA58593) addi a1, a1, 0x2aa
x11 <- 0x000002AAAAAAAAAA
mem[X,0x0000000080045140] -> 0x9593
mem[X,0x0000000080045142] -> 0x00B5
[9511] [M]: 0x0000000080045140 (0x00B59593) slli a1, a1, 0xb
x11 <- 0x0015555555555000
mem[X,0x0000000080045144] -> 0x8593
mem[X,0x0000000080045146] -> 0x5555
[9512] [M]: 0x0000000080045144 (0x55558593) addi a1, a1, 0x555
x11 <- 0x0015555555555555
mem[X,0x0000000080045148] -> 0x9593
mem[X,0x000000008004514A] -> 0x00A5
[9513] [M]: 0x0000000080045148 (0x00A59593) slli a1, a1, 0xa
x11 <- 0x5555555555555400
mem[X,0x000000008004514C] -> 0x8593
mem[X,0x000000008004514E] -> 0x1555
[9514] [M]: 0x000000008004514C (0x15558593) addi a1, a1, 0x155
x11 <- 0x5555555555555555
mem[X,0x0000000080045150] -> 0x0113
mem[X,0x0000000080045152] -> 0x0000
[9515] [M]: 0x0000000080045150 (0x00000113) addi sp, zero, 0x0
x2 <- 0x0000000000000000
mem[X,0x0000000080045154] -> 0x006F
mem[X,0x0000000080045156] -> 0x00C0
[9516] [M]: 0x0000000080045154 (0x00C0006F) jal zero, 0xc
mem[X,0x0000000080045160] -> 0x4063
mem[X,0x0000000080045162] -> 0x40B5
[9517] [M]: 0x0000000080045160 (0x40B54063) blt a0, a1, 0x400
mem[X,0x0000000080045164] -> 0x0113
mem[X,0x0000000080045166] -> 0x0021
[9518] [M]: 0x0000000080045164 (0x00210113) addi sp, sp, 0x2
x2 <- 0x0000000000000002
mem[X,0x0000000080045168] -> 0x006F
mem[X,0x000000008004516A] -> 0x4000
[9519] [M]: 0x0000000080045168 (0x4000006F) jal zero, 0x400
mem[X,0x0000000080045568] -> 0xB423
mem[X,0x000000008004556A] -> 0x1C20
[9520] [M]: 0x0000000080045568 (0x1C20B423) sd sp, 0x1c8(ra)
mem[0x00000000800503A0] <- 0x0000000000000002
mem[X,0x000000008004556C] -> 0x6537
mem[X,0x000000008004556E] -> 0x6666
[9521] [M]: 0x000000008004556C (0x66666537) lui a0, 0x66666
x10 <- 0x0000000066666000
mem[X,0x0000000080045570] -> 0x0513
mem[X,0x0000000080045572] -> 0x6665
[9522] [M]: 0x0000000080045570 (0x66650513) addi a0, a0, 0x666
x10 <- 0x0000000066666666
mem[X,0x0000000080045574] -> 0x1513
mem[X,0x0000000080045576] -> 0x00B5
[9523] [M]: 0x0000000080045574 (0x00B51513) slli a0, a0, 0xb
x10 <- 0x0000033333333000
mem[X,0x0000000080045578] -> 0x0513
mem[X,0x000000008004557A] -> 0x3335
[9524] [M]: 0x0000000080045578 (0x33350513) addi a0, a0, 0x333
x10 <- 0x0000033333333333
mem[X,0x000000008004557C] -> 0x1513
mem[X,0x000000008004557E] -> 0x00B5
[9525] [M]: 0x000000008004557C (0x00B51513) slli a0, a0, 0xb
x10 <- 0x0019999999999800
mem[X,0x0000000080045580] -> 0x0513
mem[X,0x0000000080045582] -> 0x1995
[9526] [M]: 0x0000000080045580 (0x19950513) addi a0, a0, 0x199
x10 <- 0x0019999999999999
mem[X,0x0000000080045584] -> 0x1513
mem[X,0x0000000080045586] -> 0x00A5
[9527] [M]: 0x0000000080045584 (0x00A51513) slli a0, a0, 0xa
x10 <- 0x6666666666666400
mem[X,0x0000000080045588] -> 0x0513
mem[X,0x000000008004558A] -> 0x2675
[9528] [M]: 0x0000000080045588 (0x26750513) addi a0, a0, 0x267
x10 <- 0x6666666666666667
mem[X,0x000000008004558C] -> 0xB5B7
mem[X,0x000000008004558E] -> 0xAAAA
[9529] [M]: 0x000000008004558C (0xAAAAB5B7) lui a1, -0x55555
x11 <- 0xFFFFFFFFAAAAB000
mem[X,0x0000000080045590] -> 0x8593
mem[X,0x0000000080045592] -> 0xAAA5
[9530] [M]: 0x0000000080045590 (0xAAA58593) addi a1, a1, -0x556
x11 <- 0xFFFFFFFFAAAAAAAA
mem[X,0x0000000080045594] -> 0x9593
mem[X,0x0000000080045596] -> 0x00B5
[9531] [M]: 0x0000000080045594 (0x00B59593) slli a1, a1, 0xb
x11 <- 0xFFFFFD5555555000
mem[X,0x0000000080045598] -> 0x8593
mem[X,0x000000008004559A] -> 0x5555
[9532] [M]: 0x0000000080045598 (0x55558593) addi a1, a1, 0x555
x11 <- 0xFFFFFD5555555555
mem[X,0x000000008004559C] -> 0x9593
mem[X,0x000000008004559E] -> 0x00B5
[9533] [M]: 0x000000008004559C (0x00B59593) slli a1, a1, 0xb
x11 <- 0xFFEAAAAAAAAAA800
mem[X,0x00000000800455A0] -> 0x8593
mem[X,0x00000000800455A2] -> 0x2AA5
[9534] [M]: 0x00000000800455A0 (0x2AA58593) addi a1, a1, 0x2aa
x11 <- 0xFFEAAAAAAAAAAAAA
mem[X,0x00000000800455A4] -> 0x9593
mem[X,0x00000000800455A6] -> 0x00A5
[9535] [M]: 0x00000000800455A4 (0x00A59593) slli a1, a1, 0xa
x11 <- 0xAAAAAAAAAAAAA800
mem[X,0x00000000800455A8] -> 0x8593
mem[X,0x00000000800455AA] -> 0x2AA5
[9536] [M]: 0x00000000800455A8 (0x2AA58593) addi a1, a1, 0x2aa
x11 <- 0xAAAAAAAAAAAAAAAA
mem[X,0x00000000800455AC] -> 0x0113
mem[X,0x00000000800455AE] -> 0x0000
[9537] [M]: 0x00000000800455AC (0x00000113) addi sp, zero, 0x0
x2 <- 0x0000000000000000
mem[X,0x00000000800455B0] -> 0x006F
mem[X,0x00000000800455B2] -> 0x0140
[9538] [M]: 0x00000000800455B0 (0x0140006F) jal zero, 0x14
mem[X,0x00000000800455C4] -> 0x48E3
mem[X,0x00000000800455C6] -> 0xFEB5
[9539] [M]: 0x00000000800455C4 (0xFEB548E3) blt a0, a1, -0x10
mem[X,0x00000000800455C8] -> 0x0113
mem[X,0x00000000800455CA] -> 0x0021
[9540] [M]: 0x00000000800455C8 (0x00210113) addi sp, sp, 0x2
x2 <- 0x0000000000000002
mem[X,0x00000000800455CC] -> 0x006F
mem[X,0x00000000800455CE] -> 0x00C0
[9541] [M]: 0x00000000800455CC (0x00C0006F) jal zero, 0xc
mem[X,0x00000000800455D8] -> 0xB823
mem[X,0x00000000800455DA] -> 0x1C20
[9542] [M]: 0x00000000800455D8 (0x1C20B823) sd sp, 0x1d0(ra)
mem[0x00000000800503A8] <- 0x0000000000000002
mem[X,0x00000000800455DC] -> 0x6537
mem[X,0x00000000800455DE] -> 0x6666
[9543] [M]: 0x00000000800455DC (0x66666537) lui a0, 0x66666
x10 <- 0x0000000066666000
mem[X,0x00000000800455E0] -> 0x0513
mem[X,0x00000000800455E2] -> 0x6665
[9544] [M]: 0x00000000800455E0 (0x66650513) addi a0, a0, 0x666
x10 <- 0x0000000066666666
mem[X,0x00000000800455E4] -> 0x1513
mem[X,0x00000000800455E6] -> 0x00B5
[9545] [M]: 0x00000000800455E4 (0x00B51513) slli a0, a0, 0xb
x10 <- 0x0000033333333000
mem[X,0x00000000800455E8] -> 0x0513
mem[X,0x00000000800455EA] -> 0x3335
[9546] [M]: 0x00000000800455E8 (0x33350513) addi a0, a0, 0x333
x10 <- 0x0000033333333333
mem[X,0x00000000800455EC] -> 0x1513
mem[X,0x00000000800455EE] -> 0x00B5
[9547] [M]: 0x00000000800455EC (0x00B51513) slli a0, a0, 0xb
x10 <- 0x0019999999999800
mem[X,0x00000000800455F0] -> 0x0513
mem[X,0x00000000800455F2] -> 0x1995
[9548] [M]: 0x00000000800455F0 (0x19950513) addi a0, a0, 0x199
x10 <- 0x0019999999999999
mem[X,0x00000000800455F4] -> 0x1513
mem[X,0x00000000800455F6] -> 0x00A5
[9549] [M]: 0x00000000800455F4 (0x00A51513) slli a0, a0, 0xa
x10 <- 0x6666666666666400
mem[X,0x00000000800455F8] -> 0x0513
mem[X,0x00000000800455FA] -> 0x2675
[9550] [M]: 0x00000000800455F8 (0x26750513) addi a0, a0, 0x267
x10 <- 0x6666666666666667
mem[X,0x00000000800455FC] -> 0x0593
mem[X,0x00000000800455FE] -> 0x0050
[9551] [M]: 0x00000000800455FC (0x00500593) addi a1, zero, 0x5
x11 <- 0x0000000000000005
mem[X,0x0000000080045600] -> 0x0113
mem[X,0x0000000080045602] -> 0x0000
[9552] [M]: 0x0000000080045600 (0x00000113) addi sp, zero, 0x0
x2 <- 0x0000000000000000
mem[X,0x0000000080045604] -> 0x006F
mem[X,0x0000000080045606] -> 0x00C0
[9553] [M]: 0x0000000080045604 (0x00C0006F) jal zero, 0xc
mem[X,0x0000000080045610] -> 0x4063
mem[X,0x0000000080045612] -> 0x08B5
[9554] [M]: 0x0000000080045610 (0x08B54063) blt a0, a1, 0x80
mem[X,0x0000000080045614] -> 0x0113
mem[X,0x0000000080045616] -> 0x0021
[9555] [M]: 0x0000000080045614 (0x00210113) addi sp, sp, 0x2
x2 <- 0x0000000000000002
mem[X,0x0000000080045618] -> 0x006F
mem[X,0x000000008004561A] -> 0x0800
[9556] [M]: 0x0000000080045618 (0x0800006F) jal zero, 0x80
mem[X,0x0000000080045698] -> 0xBC23
mem[X,0x000000008004569A] -> 0x1C20
[9557] [M]: 0x0000000080045698 (0x1C20BC23) sd sp, 0x1d8(ra)
mem[0x00000000800503B0] <- 0x0000000000000002
mem[X,0x000000008004569C] -> 0x6537
mem[X,0x000000008004569E] -> 0x6666
[9558] [M]: 0x000000008004569C (0x66666537) lui a0, 0x66666
x10 <- 0x0000000066666000
mem[X,0x00000000800456A0] -> 0x0513
mem[X,0x00000000800456A2] -> 0x6665
[9559] [M]: 0x00000000800456A0 (0x66650513) addi a0, a0, 0x666
x10 <- 0x0000000066666666
mem[X,0x00000000800456A4] -> 0x1513
mem[X,0x00000000800456A6] -> 0x00B5
[9560] [M]: 0x00000000800456A4 (0x00B51513) slli a0, a0, 0xb
x10 <- 0x0000033333333000
mem[X,0x00000000800456A8] -> 0x0513
mem[X,0x00000000800456AA] -> 0x3335
[9561] [M]: 0x00000000800456A8 (0x33350513) addi a0, a0, 0x333
x10 <- 0x0000033333333333
mem[X,0x00000000800456AC] -> 0x1513
mem[X,0x00000000800456AE] -> 0x00B5
[9562] [M]: 0x00000000800456AC (0x00B51513) slli a0, a0, 0xb
x10 <- 0x0019999999999800
mem[X,0x00000000800456B0] -> 0x0513
mem[X,0x00000000800456B2] -> 0x1995
[9563] [M]: 0x00000000800456B0 (0x19950513) addi a0, a0, 0x199
x10 <- 0x0019999999999999
mem[X,0x00000000800456B4] -> 0x1513
mem[X,0x00000000800456B6] -> 0x00A5
[9564] [M]: 0x00000000800456B4 (0x00A51513) slli a0, a0, 0xa
x10 <- 0x6666666666666400
mem[X,0x00000000800456B8] -> 0x0513
mem[X,0x00000000800456BA] -> 0x2675
[9565] [M]: 0x00000000800456B8 (0x26750513) addi a0, a0, 0x267
x10 <- 0x6666666666666667
mem[X,0x00000000800456BC] -> 0x35B7
mem[X,0x00000000800456BE] -> 0x3333
[9566] [M]: 0x00000000800456BC (0x333335B7) lui a1, 0x33333
x11 <- 0x0000000033333000
mem[X,0x00000000800456C0] -> 0x8593
mem[X,0x00000000800456C2] -> 0x3335
[9567] [M]: 0x00000000800456C0 (0x33358593) addi a1, a1, 0x333
x11 <- 0x0000000033333333
mem[X,0x00000000800456C4] -> 0x9593
mem[X,0x00000000800456C6] -> 0x00B5
[9568] [M]: 0x00000000800456C4 (0x00B59593) slli a1, a1, 0xb
x11 <- 0x0000019999999800
mem[X,0x00000000800456C8] -> 0x8593
mem[X,0x00000000800456CA] -> 0x1995
[9569] [M]: 0x00000000800456C8 (0x19958593) addi a1, a1, 0x199
x11 <- 0x0000019999999999
mem[X,0x00000000800456CC] -> 0x9593
mem[X,0x00000000800456CE] -> 0x00B5
[9570] [M]: 0x00000000800456CC (0x00B59593) slli a1, a1, 0xb
x11 <- 0x000CCCCCCCCCC800
mem[X,0x00000000800456D0] -> 0x8593
mem[X,0x00000000800456D2] -> 0x4CC5
[9571] [M]: 0x00000000800456D0 (0x4CC58593) addi a1, a1, 0x4cc
x11 <- 0x000CCCCCCCCCCCCC
mem[X,0x00000000800456D4] -> 0x9593
mem[X,0x00000000800456D6] -> 0x00A5
[9572] [M]: 0x00000000800456D4 (0x00A59593) slli a1, a1, 0xa
x11 <- 0x3333333333333000
mem[X,0x00000000800456D8] -> 0x8593
mem[X,0x00000000800456DA] -> 0x3335
[9573] [M]: 0x00000000800456D8 (0x33358593) addi a1, a1, 0x333
x11 <- 0x3333333333333333
mem[X,0x00000000800456DC] -> 0x0113
mem[X,0x00000000800456DE] -> 0x0000
[9574] [M]: 0x00000000800456DC (0x00000113) addi sp, zero, 0x0
x2 <- 0x0000000000000000
mem[X,0x00000000800456E0] -> 0x006F
mem[X,0x00000000800456E2] -> 0x00C0
[9575] [M]: 0x00000000800456E0 (0x00C0006F) jal zero, 0xc
mem[X,0x00000000800456EC] -> 0x4663
mem[X,0x00000000800456EE] -> 0x00B5
[9576] [M]: 0x00000000800456EC (0x00B54663) blt a0, a1, 0xc
mem[X,0x00000000800456F0] -> 0x0113
mem[X,0x00000000800456F2] -> 0x0021
[9577] [M]: 0x00000000800456F0 (0x00210113) addi sp, sp, 0x2
x2 <- 0x0000000000000002
mem[X,0x00000000800456F4] -> 0x006F
mem[X,0x00000000800456F6] -> 0x00C0
[9578] [M]: 0x00000000800456F4 (0x00C0006F) jal zero, 0xc
mem[X,0x0000000080045700] -> 0xB023
mem[X,0x0000000080045702] -> 0x1E20
[9579] [M]: 0x0000000080045700 (0x1E20B023) sd sp, 0x1e0(ra)
mem[0x00000000800503B8] <- 0x0000000000000002
mem[X,0x0000000080045704] -> 0x6537
mem[X,0x0000000080045706] -> 0x6666
[9580] [M]: 0x0000000080045704 (0x66666537) lui a0, 0x66666
x10 <- 0x0000000066666000
mem[X,0x0000000080045708] -> 0x0513
mem[X,0x000000008004570A] -> 0x6665
[9581] [M]: 0x0000000080045708 (0x66650513) addi a0, a0, 0x666
x10 <- 0x0000000066666666
mem[X,0x000000008004570C] -> 0x1513
mem[X,0x000000008004570E] -> 0x00B5
[9582] [M]: 0x000000008004570C (0x00B51513) slli a0, a0, 0xb
x10 <- 0x0000033333333000
mem[X,0x0000000080045710] -> 0x0513
mem[X,0x0000000080045712] -> 0x3335
[9583] [M]: 0x0000000080045710 (0x33350513) addi a0, a0, 0x333
x10 <- 0x0000033333333333
mem[X,0x0000000080045714] -> 0x1513
mem[X,0x0000000080045716] -> 0x00B5
[9584] [M]: 0x0000000080045714 (0x00B51513) slli a0, a0, 0xb
x10 <- 0x0019999999999800
mem[X,0x0000000080045718] -> 0x0513
mem[X,0x000000008004571A] -> 0x1995
[9585] [M]: 0x0000000080045718 (0x19950513) addi a0, a0, 0x199
x10 <- 0x0019999999999999
mem[X,0x000000008004571C] -> 0x1513
mem[X,0x000000008004571E] -> 0x00A5
[9586] [M]: 0x000000008004571C (0x00A51513) slli a0, a0, 0xa
x10 <- 0x6666666666666400
mem[X,0x0000000080045720] -> 0x0513
mem[X,0x0000000080045722] -> 0x2675
[9587] [M]: 0x0000000080045720 (0x26750513) addi a0, a0, 0x267
x10 <- 0x6666666666666667
mem[X,0x0000000080045724] -> 0x65B7
mem[X,0x0000000080045726] -> 0x6666
[9588] [M]: 0x0000000080045724 (0x666665B7) lui a1, 0x66666
x11 <- 0x0000000066666000
mem[X,0x0000000080045728] -> 0x8593
mem[X,0x000000008004572A] -> 0x6665
[9589] [M]: 0x0000000080045728 (0x66658593) addi a1, a1, 0x666
x11 <- 0x0000000066666666
mem[X,0x000000008004572C] -> 0x9593
mem[X,0x000000008004572E] -> 0x00B5
[9590] [M]: 0x000000008004572C (0x00B59593) slli a1, a1, 0xb
x11 <- 0x0000033333333000
mem[X,0x0000000080045730] -> 0x8593
mem[X,0x0000000080045732] -> 0x3335
[9591] [M]: 0x0000000080045730 (0x33358593) addi a1, a1, 0x333
x11 <- 0x0000033333333333
mem[X,0x0000000080045734] -> 0x9593
mem[X,0x0000000080045736] -> 0x00B5
[9592] [M]: 0x0000000080045734 (0x00B59593) slli a1, a1, 0xb
x11 <- 0x0019999999999800
mem[X,0x0000000080045738] -> 0x8593
mem[X,0x000000008004573A] -> 0x1995
[9593] [M]: 0x0000000080045738 (0x19958593) addi a1, a1, 0x199
x11 <- 0x0019999999999999
mem[X,0x000000008004573C] -> 0x9593
mem[X,0x000000008004573E] -> 0x00A5
[9594] [M]: 0x000000008004573C (0x00A59593) slli a1, a1, 0xa
x11 <- 0x6666666666666400
mem[X,0x0000000080045740] -> 0x8593
mem[X,0x0000000080045742] -> 0x2665
[9595] [M]: 0x0000000080045740 (0x26658593) addi a1, a1, 0x266
x11 <- 0x6666666666666666
mem[X,0x0000000080045744] -> 0x0113
mem[X,0x0000000080045746] -> 0x0000
[9596] [M]: 0x0000000080045744 (0x00000113) addi sp, zero, 0x0
x2 <- 0x0000000000000000
mem[X,0x0000000080045748] -> 0x006F
mem[X,0x000000008004574A] -> 0x00C0
[9597] [M]: 0x0000000080045748 (0x00C0006F) jal zero, 0xc
mem[X,0x0000000080045754] -> 0x4063
mem[X,0x0000000080045756] -> 0x20B5
[9598] [M]: 0x0000000080045754 (0x20B54063) blt a0, a1, 0x200
mem[X,0x0000000080045758] -> 0x0113
mem[X,0x000000008004575A] -> 0x0021
[9599] [M]: 0x0000000080045758 (0x00210113) addi sp, sp, 0x2
x2 <- 0x0000000000000002
clint::tick mtime <- 0x0000000000000060
 clint timer pending at mtime 0x0000000000000060
htif::tick 0x0000000000000000
mem[X,0x000000008004575C] -> 0x006F
mem[X,0x000000008004575E] -> 0x2000
[9600] [M]: 0x000000008004575C (0x2000006F) jal zero, 0x200
mem[X,0x000000008004595C] -> 0xB423
mem[X,0x000000008004595E] -> 0x1E20
[9601] [M]: 0x000000008004595C (0x1E20B423) sd sp, 0x1e8(ra)
mem[0x00000000800503C0] <- 0x0000000000000002
mem[X,0x0000000080045960] -> 0x6537
mem[X,0x0000000080045962] -> 0x6666
[9602] [M]: 0x0000000080045960 (0x66666537) lui a0, 0x66666
x10 <- 0x0000000066666000
mem[X,0x0000000080045964] -> 0x0513
mem[X,0x0000000080045966] -> 0x6665
[9603] [M]: 0x0000000080045964 (0x66650513) addi a0, a0, 0x666
x10 <- 0x0000000066666666
mem[X,0x0000000080045968] -> 0x1513
mem[X,0x000000008004596A] -> 0x00B5
[9604] [M]: 0x0000000080045968 (0x00B51513) slli a0, a0, 0xb
x10 <- 0x0000033333333000
mem[X,0x000000008004596C] -> 0x0513
mem[X,0x000000008004596E] -> 0x3335
[9605] [M]: 0x000000008004596C (0x33350513) addi a0, a0, 0x333
x10 <- 0x0000033333333333
mem[X,0x0000000080045970] -> 0x1513
mem[X,0x0000000080045972] -> 0x00B5
[9606] [M]: 0x0000000080045970 (0x00B51513) slli a0, a0, 0xb
x10 <- 0x0019999999999800
mem[X,0x0000000080045974] -> 0x0513
mem[X,0x0000000080045976] -> 0x1995
[9607] [M]: 0x0000000080045974 (0x19950513) addi a0, a0, 0x199
x10 <- 0x0019999999999999
mem[X,0x0000000080045978] -> 0x1513
mem[X,0x000000008004597A] -> 0x00A5
[9608] [M]: 0x0000000080045978 (0x00A51513) slli a0, a0, 0xa
x10 <- 0x6666666666666400
mem[X,0x000000008004597C] -> 0x0513
mem[X,0x000000008004597E] -> 0x2675
[9609] [M]: 0x000000008004597C (0x26750513) addi a0, a0, 0x267
x10 <- 0x6666666666666667
mem[X,0x0000000080045980] -> 0x05B7
mem[X,0x0000000080045982] -> 0x0000
[9610] [M]: 0x0000000080045980 (0x000005B7) lui a1, 0x0
x11 <- 0x0000000000000000
mem[X,0x0000000080045984] -> 0x8593
mem[X,0x0000000080045986] -> 0xFFF5
[9611] [M]: 0x0000000080045984 (0xFFF58593) addi a1, a1, -0x1
x11 <- 0xFFFFFFFFFFFFFFFF
mem[X,0x0000000080045988] -> 0x9593
mem[X,0x000000008004598A] -> 0x00B5
[9612] [M]: 0x0000000080045988 (0x00B59593) slli a1, a1, 0xb
x11 <- 0xFFFFFFFFFFFFF800
mem[X,0x000000008004598C] -> 0x8593
mem[X,0x000000008004598E] -> 0x2575
[9613] [M]: 0x000000008004598C (0x25758593) addi a1, a1, 0x257
x11 <- 0xFFFFFFFFFFFFFA57
mem[X,0x0000000080045990] -> 0x9593
mem[X,0x0000000080045992] -> 0x00B5
[9614] [M]: 0x0000000080045990 (0x00B59593) slli a1, a1, 0xb
x11 <- 0xFFFFFFFFFFD2B800
mem[X,0x0000000080045994] -> 0x8593
mem[X,0x0000000080045996] -> 0x6C35
[9615] [M]: 0x0000000080045994 (0x6C358593) addi a1, a1, 0x6c3
x11 <- 0xFFFFFFFFFFD2BEC3
mem[X,0x0000000080045998] -> 0x9593
mem[X,0x000000008004599A] -> 0x00A5
[9616] [M]: 0x0000000080045998 (0x00A59593) slli a1, a1, 0xa
x11 <- 0xFFFFFFFF4AFB0C00
mem[X,0x000000008004599C] -> 0x8593
mem[X,0x000000008004599E] -> 0x0CD5
[9617] [M]: 0x000000008004599C (0x0CD58593) addi a1, a1, 0xcd
x11 <- 0xFFFFFFFF4AFB0CCD
mem[X,0x00000000800459A0] -> 0x0113
mem[X,0x00000000800459A2] -> 0x0000
[9618] [M]: 0x00000000800459A0 (0x00000113) addi sp, zero, 0x0
x2 <- 0x0000000000000000
mem[X,0x00000000800459A4] -> 0x006F
mem[X,0x00000000800459A6] -> 0x00C0
[9619] [M]: 0x00000000800459A4 (0x00C0006F) jal zero, 0xc
mem[X,0x00000000800459B0] -> 0x4663
mem[X,0x00000000800459B2] -> 0x00B5
[9620] [M]: 0x00000000800459B0 (0x00B54663) blt a0, a1, 0xc
mem[X,0x00000000800459B4] -> 0x0113
mem[X,0x00000000800459B6] -> 0x0021
[9621] [M]: 0x00000000800459B4 (0x00210113) addi sp, sp, 0x2
x2 <- 0x0000000000000002
mem[X,0x00000000800459B8] -> 0x006F
mem[X,0x00000000800459BA] -> 0x00C0
[9622] [M]: 0x00000000800459B8 (0x00C0006F) jal zero, 0xc
mem[X,0x00000000800459C4] -> 0xB823
mem[X,0x00000000800459C6] -> 0x1E20
[9623] [M]: 0x00000000800459C4 (0x1E20B823) sd sp, 0x1f0(ra)
mem[0x00000000800503C8] <- 0x0000000000000002
mem[X,0x00000000800459C8] -> 0x6537
mem[X,0x00000000800459CA] -> 0x6666
[9624] [M]: 0x00000000800459C8 (0x66666537) lui a0, 0x66666
x10 <- 0x0000000066666000
mem[X,0x00000000800459CC] -> 0x0513
mem[X,0x00000000800459CE] -> 0x6665
[9625] [M]: 0x00000000800459CC (0x66650513) addi a0, a0, 0x666
x10 <- 0x0000000066666666
mem[X,0x00000000800459D0] -> 0x1513
mem[X,0x00000000800459D2] -> 0x00B5
[9626] [M]: 0x00000000800459D0 (0x00B51513) slli a0, a0, 0xb
x10 <- 0x0000033333333000
mem[X,0x00000000800459D4] -> 0x0513
mem[X,0x00000000800459D6] -> 0x3335
[9627] [M]: 0x00000000800459D4 (0x33350513) addi a0, a0, 0x333
x10 <- 0x0000033333333333
mem[X,0x00000000800459D8] -> 0x1513
mem[X,0x00000000800459DA] -> 0x00B5
[9628] [M]: 0x00000000800459D8 (0x00B51513) slli a0, a0, 0xb
x10 <- 0x0019999999999800
mem[X,0x00000000800459DC] -> 0x0513
mem[X,0x00000000800459DE] -> 0x1995
[9629] [M]: 0x00000000800459DC (0x19950513) addi a0, a0, 0x199
x10 <- 0x0019999999999999
mem[X,0x00000000800459E0] -> 0x1513
mem[X,0x00000000800459E2] -> 0x00A5
[9630] [M]: 0x00000000800459E0 (0x00A51513) slli a0, a0, 0xa
x10 <- 0x6666666666666400
mem[X,0x00000000800459E4] -> 0x0513
mem[X,0x00000000800459E6] -> 0x2675
[9631] [M]: 0x00000000800459E4 (0x26750513) addi a0, a0, 0x267
x10 <- 0x6666666666666667
mem[X,0x00000000800459E8] -> 0x05B7
mem[X,0x00000000800459EA] -> 0x0000
[9632] [M]: 0x00000000800459E8 (0x000005B7) lui a1, 0x0
x11 <- 0x0000000000000000
mem[X,0x00000000800459EC] -> 0x8593
mem[X,0x00000000800459EE] -> 0x0005
[9633] [M]: 0x00000000800459EC (0x00058593) addi a1, a1, 0x0
x11 <- 0x0000000000000000
mem[X,0x00000000800459F0] -> 0x9593
mem[X,0x00000000800459F2] -> 0x00B5
[9634] [M]: 0x00000000800459F0 (0x00B59593) slli a1, a1, 0xb
x11 <- 0x0000000000000000
mem[X,0x00000000800459F4] -> 0x8593
mem[X,0x00000000800459F6] -> 0x5A85
[9635] [M]: 0x00000000800459F4 (0x5A858593) addi a1, a1, 0x5a8
x11 <- 0x00000000000005A8
mem[X,0x00000000800459F8] -> 0x9593
mem[X,0x00000000800459FA] -> 0x00B5
[9636] [M]: 0x00000000800459F8 (0x00B59593) slli a1, a1, 0xb
x11 <- 0x00000000002D4000
mem[X,0x00000000800459FC] -> 0x8593
mem[X,0x00000000800459FE] -> 0x13C5
[9637] [M]: 0x00000000800459FC (0x13C58593) addi a1, a1, 0x13c
x11 <- 0x00000000002D413C
mem[X,0x0000000080045A00] -> 0x9593
mem[X,0x0000000080045A02] -> 0x00A5
[9638] [M]: 0x0000000080045A00 (0x00A59593) slli a1, a1, 0xa
x11 <- 0x00000000B504F000
mem[X,0x0000000080045A04] -> 0x8593
mem[X,0x0000000080045A06] -> 0x3335
[9639] [M]: 0x0000000080045A04 (0x33358593) addi a1, a1, 0x333
x11 <- 0x00000000B504F333
mem[X,0x0000000080045A08] -> 0x0113
mem[X,0x0000000080045A0A] -> 0x0000
[9640] [M]: 0x0000000080045A08 (0x00000113) addi sp, zero, 0x0
x2 <- 0x0000000000000000
mem[X,0x0000000080045A0C] -> 0x006F
mem[X,0x0000000080045A0E] -> 0x00C0
[9641] [M]: 0x0000000080045A0C (0x00C0006F) jal zero, 0xc
mem[X,0x0000000080045A18] -> 0x4663
mem[X,0x0000000080045A1A] -> 0x00B5
[9642] [M]: 0x0000000080045A18 (0x00B54663) blt a0, a1, 0xc
mem[X,0x0000000080045A1C] -> 0x0113
mem[X,0x0000000080045A1E] -> 0x0021
[9643] [M]: 0x0000000080045A1C (0x00210113) addi sp, sp, 0x2
x2 <- 0x0000000000000002
mem[X,0x0000000080045A20] -> 0x006F
mem[X,0x0000000080045A22] -> 0x00C0
[9644] [M]: 0x0000000080045A20 (0x00C0006F) jal zero, 0xc
mem[X,0x0000000080045A2C] -> 0xBC23
mem[X,0x0000000080045A2E] -> 0x1E20
[9645] [M]: 0x0000000080045A2C (0x1E20BC23) sd sp, 0x1f8(ra)
mem[0x00000000800503D0] <- 0x0000000000000002
mem[X,0x0000000080045A30] -> 0x6537
mem[X,0x0000000080045A32] -> 0x6666
[9646] [M]: 0x0000000080045A30 (0x66666537) lui a0, 0x66666
x10 <- 0x0000000066666000
mem[X,0x0000000080045A34] -> 0x0513
mem[X,0x0000000080045A36] -> 0x6665
[9647] [M]: 0x0000000080045A34 (0x66650513) addi a0, a0, 0x666
x10 <- 0x0000000066666666
mem[X,0x0000000080045A38] -> 0x1513
mem[X,0x0000000080045A3A] -> 0x00B5
[9648] [M]: 0x0000000080045A38 (0x00B51513) slli a0, a0, 0xb
x10 <- 0x0000033333333000
mem[X,0x0000000080045A3C] -> 0x0513
mem[X,0x0000000080045A3E] -> 0x3335
[9649] [M]: 0x0000000080045A3C (0x33350513) addi a0, a0, 0x333
x10 <- 0x0000033333333333
mem[X,0x0000000080045A40] -> 0x1513
mem[X,0x0000000080045A42] -> 0x00B5
[9650] [M]: 0x0000000080045A40 (0x00B51513) slli a0, a0, 0xb
x10 <- 0x0019999999999800
mem[X,0x0000000080045A44] -> 0x0513
mem[X,0x0000000080045A46] -> 0x1995
[9651] [M]: 0x0000000080045A44 (0x19950513) addi a0, a0, 0x199
x10 <- 0x0019999999999999
mem[X,0x0000000080045A48] -> 0x1513
mem[X,0x0000000080045A4A] -> 0x00A5
[9652] [M]: 0x0000000080045A48 (0x00A51513) slli a0, a0, 0xa
x10 <- 0x6666666666666400
mem[X,0x0000000080045A4C] -> 0x0513
mem[X,0x0000000080045A4E] -> 0x2675
[9653] [M]: 0x0000000080045A4C (0x26750513) addi a0, a0, 0x267
x10 <- 0x6666666666666667
mem[X,0x0000000080045A50] -> 0x0593
mem[X,0x0000000080045A52] -> 0x0020
[9654] [M]: 0x0000000080045A50 (0x00200593) addi a1, zero, 0x2
x11 <- 0x0000000000000002
mem[X,0x0000000080045A54] -> 0x0113
mem[X,0x0000000080045A56] -> 0x0000
[9655] [M]: 0x0000000080045A54 (0x00000113) addi sp, zero, 0x0
x2 <- 0x0000000000000000
mem[X,0x0000000080045A58] -> 0x006F
mem[X,0x0000000080045A5A] -> 0x00C0
[9656] [M]: 0x0000000080045A58 (0x00C0006F) jal zero, 0xc
mem[X,0x0000000080045A64] -> 0x4063
mem[X,0x0000000080045A66] -> 0x10B5
[9657] [M]: 0x0000000080045A64 (0x10B54063) blt a0, a1, 0x100
mem[X,0x0000000080045A68] -> 0x0113
mem[X,0x0000000080045A6A] -> 0x0021
[9658] [M]: 0x0000000080045A68 (0x00210113) addi sp, sp, 0x2
x2 <- 0x0000000000000002
mem[X,0x0000000080045A6C] -> 0x006F
mem[X,0x0000000080045A6E] -> 0x1000
[9659] [M]: 0x0000000080045A6C (0x1000006F) jal zero, 0x100
mem[X,0x0000000080045B6C] -> 0xB023
mem[X,0x0000000080045B6E] -> 0x2020
[9660] [M]: 0x0000000080045B6C (0x2020B023) sd sp, 0x200(ra)
mem[0x00000000800503D8] <- 0x0000000000000002
mem[X,0x0000000080045B70] -> 0x6537
mem[X,0x0000000080045B72] -> 0x6666
[9661] [M]: 0x0000000080045B70 (0x66666537) lui a0, 0x66666
x10 <- 0x0000000066666000
mem[X,0x0000000080045B74] -> 0x0513
mem[X,0x0000000080045B76] -> 0x6665
[9662] [M]: 0x0000000080045B74 (0x66650513) addi a0, a0, 0x666
x10 <- 0x0000000066666666
mem[X,0x0000000080045B78] -> 0x1513
mem[X,0x0000000080045B7A] -> 0x00B5
[9663] [M]: 0x0000000080045B78 (0x00B51513) slli a0, a0, 0xb
x10 <- 0x0000033333333000
mem[X,0x0000000080045B7C] -> 0x0513
mem[X,0x0000000080045B7E] -> 0x3335
[9664] [M]: 0x0000000080045B7C (0x33350513) addi a0, a0, 0x333
x10 <- 0x0000033333333333
mem[X,0x0000000080045B80] -> 0x1513
mem[X,0x0000000080045B82] -> 0x00B5
[9665] [M]: 0x0000000080045B80 (0x00B51513) slli a0, a0, 0xb
x10 <- 0x0019999999999800
mem[X,0x0000000080045B84] -> 0x0513
mem[X,0x0000000080045B86] -> 0x1995
[9666] [M]: 0x0000000080045B84 (0x19950513) addi a0, a0, 0x199
x10 <- 0x0019999999999999
mem[X,0x0000000080045B88] -> 0x1513
mem[X,0x0000000080045B8A] -> 0x00A5
[9667] [M]: 0x0000000080045B88 (0x00A51513) slli a0, a0, 0xa
x10 <- 0x6666666666666400
mem[X,0x0000000080045B8C] -> 0x0513
mem[X,0x0000000080045B8E] -> 0x2675
[9668] [M]: 0x0000000080045B8C (0x26750513) addi a0, a0, 0x267
x10 <- 0x6666666666666667
mem[X,0x0000000080045B90] -> 0x55B7
mem[X,0x0000000080045B92] -> 0x5555
[9669] [M]: 0x0000000080045B90 (0x555555B7) lui a1, 0x55555
x11 <- 0x0000000055555000
mem[X,0x0000000080045B94] -> 0x8593
mem[X,0x0000000080045B96] -> 0x5555
[9670] [M]: 0x0000000080045B94 (0x55558593) addi a1, a1, 0x555
x11 <- 0x0000000055555555
mem[X,0x0000000080045B98] -> 0x9593
mem[X,0x0000000080045B9A] -> 0x00B5
[9671] [M]: 0x0000000080045B98 (0x00B59593) slli a1, a1, 0xb
x11 <- 0x000002AAAAAAA800
mem[X,0x0000000080045B9C] -> 0x8593
mem[X,0x0000000080045B9E] -> 0x2AA5
[9672] [M]: 0x0000000080045B9C (0x2AA58593) addi a1, a1, 0x2aa
x11 <- 0x000002AAAAAAAAAA
mem[X,0x0000000080045BA0] -> 0x9593
mem[X,0x0000000080045BA2] -> 0x00B5
[9673] [M]: 0x0000000080045BA0 (0x00B59593) slli a1, a1, 0xb
x11 <- 0x0015555555555000
mem[X,0x0000000080045BA4] -> 0x8593
mem[X,0x0000000080045BA6] -> 0x5555
[9674] [M]: 0x0000000080045BA4 (0x55558593) addi a1, a1, 0x555
x11 <- 0x0015555555555555
mem[X,0x0000000080045BA8] -> 0x9593
mem[X,0x0000000080045BAA] -> 0x00A5
[9675] [M]: 0x0000000080045BA8 (0x00A59593) slli a1, a1, 0xa
x11 <- 0x5555555555555400
mem[X,0x0000000080045BAC] -> 0x8593
mem[X,0x0000000080045BAE] -> 0x1545
[9676] [M]: 0x0000000080045BAC (0x15458593) addi a1, a1, 0x154
x11 <- 0x5555555555555554
mem[X,0x0000000080045BB0] -> 0x0113
mem[X,0x0000000080045BB2] -> 0x0000
[9677] [M]: 0x0000000080045BB0 (0x00000113) addi sp, zero, 0x0
x2 <- 0x0000000000000000
mem[X,0x0000000080045BB4] -> 0x006F
mem[X,0x0000000080045BB6] -> 0x0050
[9678] [M]: 0x0000000080045BB4 (0x0050006F) jal zero, 0x804
mem[X,0x00000000800463B8] -> 0x40E3
mem[X,0x00000000800463BA] -> 0x80B5
[9679] [M]: 0x00000000800463B8 (0x80B540E3) blt a0, a1, -0x800
mem[X,0x00000000800463BC] -> 0x0113
mem[X,0x00000000800463BE] -> 0x0021
[9680] [M]: 0x00000000800463BC (0x00210113) addi sp, sp, 0x2
x2 <- 0x0000000000000002
mem[X,0x00000000800463C0] -> 0x006F
mem[X,0x00000000800463C2] -> 0x00C0
[9681] [M]: 0x00000000800463C0 (0x00C0006F) jal zero, 0xc
mem[X,0x00000000800463CC] -> 0xB423
mem[X,0x00000000800463CE] -> 0x2020
[9682] [M]: 0x00000000800463CC (0x2020B423) sd sp, 0x208(ra)
mem[0x00000000800503E0] <- 0x0000000000000002
mem[X,0x00000000800463D0] -> 0x6537
mem[X,0x00000000800463D2] -> 0x6666
[9683] [M]: 0x00000000800463D0 (0x66666537) lui a0, 0x66666
x10 <- 0x0000000066666000
mem[X,0x00000000800463D4] -> 0x0513
mem[X,0x00000000800463D6] -> 0x6665
[9684] [M]: 0x00000000800463D4 (0x66650513) addi a0, a0, 0x666
x10 <- 0x0000000066666666
mem[X,0x00000000800463D8] -> 0x1513
mem[X,0x00000000800463DA] -> 0x00B5
[9685] [M]: 0x00000000800463D8 (0x00B51513) slli a0, a0, 0xb
x10 <- 0x0000033333333000
mem[X,0x00000000800463DC] -> 0x0513
mem[X,0x00000000800463DE] -> 0x3335
[9686] [M]: 0x00000000800463DC (0x33350513) addi a0, a0, 0x333
x10 <- 0x0000033333333333
mem[X,0x00000000800463E0] -> 0x1513
mem[X,0x00000000800463E2] -> 0x00B5
[9687] [M]: 0x00000000800463E0 (0x00B51513) slli a0, a0, 0xb
x10 <- 0x0019999999999800
mem[X,0x00000000800463E4] -> 0x0513
mem[X,0x00000000800463E6] -> 0x1995
[9688] [M]: 0x00000000800463E4 (0x19950513) addi a0, a0, 0x199
x10 <- 0x0019999999999999
mem[X,0x00000000800463E8] -> 0x1513
mem[X,0x00000000800463EA] -> 0x00A5
[9689] [M]: 0x00000000800463E8 (0x00A51513) slli a0, a0, 0xa
x10 <- 0x6666666666666400
mem[X,0x00000000800463EC] -> 0x0513
mem[X,0x00000000800463EE] -> 0x2675
[9690] [M]: 0x00000000800463EC (0x26750513) addi a0, a0, 0x267
x10 <- 0x6666666666666667
mem[X,0x00000000800463F0] -> 0x0593
mem[X,0x00000000800463F2] -> 0x0000
[9691] [M]: 0x00000000800463F0 (0x00000593) addi a1, zero, 0x0
x11 <- 0x0000000000000000
mem[X,0x00000000800463F4] -> 0x0113
mem[X,0x00000000800463F6] -> 0x0000
[9692] [M]: 0x00000000800463F4 (0x00000113) addi sp, zero, 0x0
x2 <- 0x0000000000000000
mem[X,0x00000000800463F8] -> 0x006F
mem[X,0x00000000800463FA] -> 0x00C0
[9693] [M]: 0x00000000800463F8 (0x00C0006F) jal zero, 0xc
mem[X,0x0000000080046404] -> 0x4663
mem[X,0x0000000080046406] -> 0x00B5
[9694] [M]: 0x0000000080046404 (0x00B54663) blt a0, a1, 0xc
mem[X,0x0000000080046408] -> 0x0113
mem[X,0x000000008004640A] -> 0x0021
[9695] [M]: 0x0000000080046408 (0x00210113) addi sp, sp, 0x2
x2 <- 0x0000000000000002
mem[X,0x000000008004640C] -> 0x006F
mem[X,0x000000008004640E] -> 0x00C0
[9696] [M]: 0x000000008004640C (0x00C0006F) jal zero, 0xc
mem[X,0x0000000080046418] -> 0xB823
mem[X,0x000000008004641A] -> 0x2020
[9697] [M]: 0x0000000080046418 (0x2020B823) sd sp, 0x210(ra)
mem[0x00000000800503E8] <- 0x0000000000000002
mem[X,0x000000008004641C] -> 0x6537
mem[X,0x000000008004641E] -> 0x6666
[9698] [M]: 0x000000008004641C (0x66666537) lui a0, 0x66666
x10 <- 0x0000000066666000
mem[X,0x0000000080046420] -> 0x0513
mem[X,0x0000000080046422] -> 0x6665
[9699] [M]: 0x0000000080046420 (0x66650513) addi a0, a0, 0x666
x10 <- 0x0000000066666666
clint::tick mtime <- 0x0000000000000061
 clint timer pending at mtime 0x0000000000000061
htif::tick 0x0000000000000000
mem[X,0x0000000080046424] -> 0x1513
mem[X,0x0000000080046426] -> 0x00B5
[9700] [M]: 0x0000000080046424 (0x00B51513) slli a0, a0, 0xb
x10 <- 0x0000033333333000
mem[X,0x0000000080046428] -> 0x0513
mem[X,0x000000008004642A] -> 0x3335
[9701] [M]: 0x0000000080046428 (0x33350513) addi a0, a0, 0x333
x10 <- 0x0000033333333333
mem[X,0x000000008004642C] -> 0x1513
mem[X,0x000000008004642E] -> 0x00B5
[9702] [M]: 0x000000008004642C (0x00B51513) slli a0, a0, 0xb
x10 <- 0x0019999999999800
mem[X,0x0000000080046430] -> 0x0513
mem[X,0x0000000080046432] -> 0x1995
[9703] [M]: 0x0000000080046430 (0x19950513) addi a0, a0, 0x199
x10 <- 0x0019999999999999
mem[X,0x0000000080046434] -> 0x1513
mem[X,0x0000000080046436] -> 0x00A5
[9704] [M]: 0x0000000080046434 (0x00A51513) slli a0, a0, 0xa
x10 <- 0x6666666666666400
mem[X,0x0000000080046438] -> 0x0513
mem[X,0x000000008004643A] -> 0x2675
[9705] [M]: 0x0000000080046438 (0x26750513) addi a0, a0, 0x267
x10 <- 0x6666666666666667
mem[X,0x000000008004643C] -> 0x0593
mem[X,0x000000008004643E] -> 0x0040
[9706] [M]: 0x000000008004643C (0x00400593) addi a1, zero, 0x4
x11 <- 0x0000000000000004
mem[X,0x0000000080046440] -> 0x0113
mem[X,0x0000000080046442] -> 0x0000
[9707] [M]: 0x0000000080046440 (0x00000113) addi sp, zero, 0x0
x2 <- 0x0000000000000000
mem[X,0x0000000080046444] -> 0x006F
mem[X,0x0000000080046446] -> 0x00C0
[9708] [M]: 0x0000000080046444 (0x00C0006F) jal zero, 0xc
mem[X,0x0000000080046450] -> 0x4063
mem[X,0x0000000080046452] -> 0x02B5
[9709] [M]: 0x0000000080046450 (0x02B54063) blt a0, a1, 0x20
mem[X,0x0000000080046454] -> 0x0113
mem[X,0x0000000080046456] -> 0x0021
[9710] [M]: 0x0000000080046454 (0x00210113) addi sp, sp, 0x2
x2 <- 0x0000000000000002
mem[X,0x0000000080046458] -> 0x006F
mem[X,0x000000008004645A] -> 0x0200
[9711] [M]: 0x0000000080046458 (0x0200006F) jal zero, 0x20
mem[X,0x0000000080046478] -> 0xBC23
mem[X,0x000000008004647A] -> 0x2020
[9712] [M]: 0x0000000080046478 (0x2020BC23) sd sp, 0x218(ra)
mem[0x00000000800503F0] <- 0x0000000000000002
mem[X,0x000000008004647C] -> 0x6537
mem[X,0x000000008004647E] -> 0x6666
[9713] [M]: 0x000000008004647C (0x66666537) lui a0, 0x66666
x10 <- 0x0000000066666000
mem[X,0x0000000080046480] -> 0x0513
mem[X,0x0000000080046482] -> 0x6665
[9714] [M]: 0x0000000080046480 (0x66650513) addi a0, a0, 0x666
x10 <- 0x0000000066666666
mem[X,0x0000000080046484] -> 0x1513
mem[X,0x0000000080046486] -> 0x00B5
[9715] [M]: 0x0000000080046484 (0x00B51513) slli a0, a0, 0xb
x10 <- 0x0000033333333000
mem[X,0x0000000080046488] -> 0x0513
mem[X,0x000000008004648A] -> 0x3335
[9716] [M]: 0x0000000080046488 (0x33350513) addi a0, a0, 0x333
x10 <- 0x0000033333333333
mem[X,0x000000008004648C] -> 0x1513
mem[X,0x000000008004648E] -> 0x00B5
[9717] [M]: 0x000000008004648C (0x00B51513) slli a0, a0, 0xb
x10 <- 0x0019999999999800
mem[X,0x0000000080046490] -> 0x0513
mem[X,0x0000000080046492] -> 0x1995
[9718] [M]: 0x0000000080046490 (0x19950513) addi a0, a0, 0x199
x10 <- 0x0019999999999999
mem[X,0x0000000080046494] -> 0x1513
mem[X,0x0000000080046496] -> 0x00A5
[9719] [M]: 0x0000000080046494 (0x00A51513) slli a0, a0, 0xa
x10 <- 0x6666666666666400
mem[X,0x0000000080046498] -> 0x0513
mem[X,0x000000008004649A] -> 0x2675
[9720] [M]: 0x0000000080046498 (0x26750513) addi a0, a0, 0x267
x10 <- 0x6666666666666667
mem[X,0x000000008004649C] -> 0x35B7
mem[X,0x000000008004649E] -> 0x3333
[9721] [M]: 0x000000008004649C (0x333335B7) lui a1, 0x33333
x11 <- 0x0000000033333000
mem[X,0x00000000800464A0] -> 0x8593
mem[X,0x00000000800464A2] -> 0x3335
[9722] [M]: 0x00000000800464A0 (0x33358593) addi a1, a1, 0x333
x11 <- 0x0000000033333333
mem[X,0x00000000800464A4] -> 0x9593
mem[X,0x00000000800464A6] -> 0x00B5
[9723] [M]: 0x00000000800464A4 (0x00B59593) slli a1, a1, 0xb
x11 <- 0x0000019999999800
mem[X,0x00000000800464A8] -> 0x8593
mem[X,0x00000000800464AA] -> 0x1995
[9724] [M]: 0x00000000800464A8 (0x19958593) addi a1, a1, 0x199
x11 <- 0x0000019999999999
mem[X,0x00000000800464AC] -> 0x9593
mem[X,0x00000000800464AE] -> 0x00B5
[9725] [M]: 0x00000000800464AC (0x00B59593) slli a1, a1, 0xb
x11 <- 0x000CCCCCCCCCC800
mem[X,0x00000000800464B0] -> 0x8593
mem[X,0x00000000800464B2] -> 0x4CC5
[9726] [M]: 0x00000000800464B0 (0x4CC58593) addi a1, a1, 0x4cc
x11 <- 0x000CCCCCCCCCCCCC
mem[X,0x00000000800464B4] -> 0x9593
mem[X,0x00000000800464B6] -> 0x00A5
[9727] [M]: 0x00000000800464B4 (0x00A59593) slli a1, a1, 0xa
x11 <- 0x3333333333333000
mem[X,0x00000000800464B8] -> 0x8593
mem[X,0x00000000800464BA] -> 0x3325
[9728] [M]: 0x00000000800464B8 (0x33258593) addi a1, a1, 0x332
x11 <- 0x3333333333333332
mem[X,0x00000000800464BC] -> 0x0113
mem[X,0x00000000800464BE] -> 0x0000
[9729] [M]: 0x00000000800464BC (0x00000113) addi sp, zero, 0x0
x2 <- 0x0000000000000000
mem[X,0x00000000800464C0] -> 0x006F
mem[X,0x00000000800464C2] -> 0x0100
[9730] [M]: 0x00000000800464C0 (0x0100006F) jal zero, 0x10
mem[X,0x00000000800464D0] -> 0x4AE3
mem[X,0x00000000800464D2] -> 0xFEB5
[9731] [M]: 0x00000000800464D0 (0xFEB54AE3) blt a0, a1, -0xc
mem[X,0x00000000800464D4] -> 0x0113
mem[X,0x00000000800464D6] -> 0x0021
[9732] [M]: 0x00000000800464D4 (0x00210113) addi sp, sp, 0x2
x2 <- 0x0000000000000002
mem[X,0x00000000800464D8] -> 0x006F
mem[X,0x00000000800464DA] -> 0x00C0
[9733] [M]: 0x00000000800464D8 (0x00C0006F) jal zero, 0xc
mem[X,0x00000000800464E4] -> 0xB023
mem[X,0x00000000800464E6] -> 0x2220
[9734] [M]: 0x00000000800464E4 (0x2220B023) sd sp, 0x220(ra)
mem[0x00000000800503F8] <- 0x0000000000000002
mem[X,0x00000000800464E8] -> 0x6537
mem[X,0x00000000800464EA] -> 0x6666
[9735] [M]: 0x00000000800464E8 (0x66666537) lui a0, 0x66666
x10 <- 0x0000000066666000
mem[X,0x00000000800464EC] -> 0x0513
mem[X,0x00000000800464EE] -> 0x6665
[9736] [M]: 0x00000000800464EC (0x66650513) addi a0, a0, 0x666
x10 <- 0x0000000066666666
mem[X,0x00000000800464F0] -> 0x1513
mem[X,0x00000000800464F2] -> 0x00B5
[9737] [M]: 0x00000000800464F0 (0x00B51513) slli a0, a0, 0xb
x10 <- 0x0000033333333000
mem[X,0x00000000800464F4] -> 0x0513
mem[X,0x00000000800464F6] -> 0x3335
[9738] [M]: 0x00000000800464F4 (0x33350513) addi a0, a0, 0x333
x10 <- 0x0000033333333333
mem[X,0x00000000800464F8] -> 0x1513
mem[X,0x00000000800464FA] -> 0x00B5
[9739] [M]: 0x00000000800464F8 (0x00B51513) slli a0, a0, 0xb
x10 <- 0x0019999999999800
mem[X,0x00000000800464FC] -> 0x0513
mem[X,0x00000000800464FE] -> 0x1995
[9740] [M]: 0x00000000800464FC (0x19950513) addi a0, a0, 0x199
x10 <- 0x0019999999999999
mem[X,0x0000000080046500] -> 0x1513
mem[X,0x0000000080046502] -> 0x00A5
[9741] [M]: 0x0000000080046500 (0x00A51513) slli a0, a0, 0xa
x10 <- 0x6666666666666400
mem[X,0x0000000080046504] -> 0x0513
mem[X,0x0000000080046506] -> 0x2675
[9742] [M]: 0x0000000080046504 (0x26750513) addi a0, a0, 0x267
x10 <- 0x6666666666666667
mem[X,0x0000000080046508] -> 0x65B7
mem[X,0x000000008004650A] -> 0x6666
[9743] [M]: 0x0000000080046508 (0x666665B7) lui a1, 0x66666
x11 <- 0x0000000066666000
mem[X,0x000000008004650C] -> 0x8593
mem[X,0x000000008004650E] -> 0x6665
[9744] [M]: 0x000000008004650C (0x66658593) addi a1, a1, 0x666
x11 <- 0x0000000066666666
mem[X,0x0000000080046510] -> 0x9593
mem[X,0x0000000080046512] -> 0x00B5
[9745] [M]: 0x0000000080046510 (0x00B59593) slli a1, a1, 0xb
x11 <- 0x0000033333333000
mem[X,0x0000000080046514] -> 0x8593
mem[X,0x0000000080046516] -> 0x3335
[9746] [M]: 0x0000000080046514 (0x33358593) addi a1, a1, 0x333
x11 <- 0x0000033333333333
mem[X,0x0000000080046518] -> 0x9593
mem[X,0x000000008004651A] -> 0x00B5
[9747] [M]: 0x0000000080046518 (0x00B59593) slli a1, a1, 0xb
x11 <- 0x0019999999999800
mem[X,0x000000008004651C] -> 0x8593
mem[X,0x000000008004651E] -> 0x1995
[9748] [M]: 0x000000008004651C (0x19958593) addi a1, a1, 0x199
x11 <- 0x0019999999999999
mem[X,0x0000000080046520] -> 0x9593
mem[X,0x0000000080046522] -> 0x00A5
[9749] [M]: 0x0000000080046520 (0x00A59593) slli a1, a1, 0xa
x11 <- 0x6666666666666400
mem[X,0x0000000080046524] -> 0x8593
mem[X,0x0000000080046526] -> 0x2655
[9750] [M]: 0x0000000080046524 (0x26558593) addi a1, a1, 0x265
x11 <- 0x6666666666666665
mem[X,0x0000000080046528] -> 0x0113
mem[X,0x000000008004652A] -> 0x0000
[9751] [M]: 0x0000000080046528 (0x00000113) addi sp, zero, 0x0
x2 <- 0x0000000000000000
mem[X,0x000000008004652C] -> 0x006F
mem[X,0x000000008004652E] -> 0x00C0
[9752] [M]: 0x000000008004652C (0x00C0006F) jal zero, 0xc
mem[X,0x0000000080046538] -> 0x4063
mem[X,0x000000008004653A] -> 0x04B5
[9753] [M]: 0x0000000080046538 (0x04B54063) blt a0, a1, 0x40
mem[X,0x000000008004653C] -> 0x0113
mem[X,0x000000008004653E] -> 0x0021
[9754] [M]: 0x000000008004653C (0x00210113) addi sp, sp, 0x2
x2 <- 0x0000000000000002
mem[X,0x0000000080046540] -> 0x006F
mem[X,0x0000000080046542] -> 0x0400
[9755] [M]: 0x0000000080046540 (0x0400006F) jal zero, 0x40
mem[X,0x0000000080046580] -> 0xB423
mem[X,0x0000000080046582] -> 0x2220
[9756] [M]: 0x0000000080046580 (0x2220B423) sd sp, 0x228(ra)
mem[0x0000000080050400] <- 0x0000000000000002
mem[X,0x0000000080046584] -> 0x6537
mem[X,0x0000000080046586] -> 0x6666
[9757] [M]: 0x0000000080046584 (0x66666537) lui a0, 0x66666
x10 <- 0x0000000066666000
mem[X,0x0000000080046588] -> 0x0513
mem[X,0x000000008004658A] -> 0x6665
[9758] [M]: 0x0000000080046588 (0x66650513) addi a0, a0, 0x666
x10 <- 0x0000000066666666
mem[X,0x000000008004658C] -> 0x1513
mem[X,0x000000008004658E] -> 0x00B5
[9759] [M]: 0x000000008004658C (0x00B51513) slli a0, a0, 0xb
x10 <- 0x0000033333333000
mem[X,0x0000000080046590] -> 0x0513
mem[X,0x0000000080046592] -> 0x3335
[9760] [M]: 0x0000000080046590 (0x33350513) addi a0, a0, 0x333
x10 <- 0x0000033333333333
mem[X,0x0000000080046594] -> 0x1513
mem[X,0x0000000080046596] -> 0x00B5
[9761] [M]: 0x0000000080046594 (0x00B51513) slli a0, a0, 0xb
x10 <- 0x0019999999999800
mem[X,0x0000000080046598] -> 0x0513
mem[X,0x000000008004659A] -> 0x1995
[9762] [M]: 0x0000000080046598 (0x19950513) addi a0, a0, 0x199
x10 <- 0x0019999999999999
mem[X,0x000000008004659C] -> 0x1513
mem[X,0x000000008004659E] -> 0x00A5
[9763] [M]: 0x000000008004659C (0x00A51513) slli a0, a0, 0xa
x10 <- 0x6666666666666400
mem[X,0x00000000800465A0] -> 0x0513
mem[X,0x00000000800465A2] -> 0x2675
[9764] [M]: 0x00000000800465A0 (0x26750513) addi a0, a0, 0x267
x10 <- 0x6666666666666667
mem[X,0x00000000800465A4] -> 0x05B7
mem[X,0x00000000800465A6] -> 0x0000
[9765] [M]: 0x00000000800465A4 (0x000005B7) lui a1, 0x0
x11 <- 0x0000000000000000
mem[X,0x00000000800465A8] -> 0x8593
mem[X,0x00000000800465AA] -> 0x0005
[9766] [M]: 0x00000000800465A8 (0x00058593) addi a1, a1, 0x0
x11 <- 0x0000000000000000
mem[X,0x00000000800465AC] -> 0x9593
mem[X,0x00000000800465AE] -> 0x00B5
[9767] [M]: 0x00000000800465AC (0x00B59593) slli a1, a1, 0xb
x11 <- 0x0000000000000000
mem[X,0x00000000800465B0] -> 0x8593
mem[X,0x00000000800465B2] -> 0x5A85
[9768] [M]: 0x00000000800465B0 (0x5A858593) addi a1, a1, 0x5a8
x11 <- 0x00000000000005A8
mem[X,0x00000000800465B4] -> 0x9593
mem[X,0x00000000800465B6] -> 0x00B5
[9769] [M]: 0x00000000800465B4 (0x00B59593) slli a1, a1, 0xb
x11 <- 0x00000000002D4000
mem[X,0x00000000800465B8] -> 0x8593
mem[X,0x00000000800465BA] -> 0x13C5
[9770] [M]: 0x00000000800465B8 (0x13C58593) addi a1, a1, 0x13c
x11 <- 0x00000000002D413C
mem[X,0x00000000800465BC] -> 0x9593
mem[X,0x00000000800465BE] -> 0x00A5
[9771] [M]: 0x00000000800465BC (0x00A59593) slli a1, a1, 0xa
x11 <- 0x00000000B504F000
mem[X,0x00000000800465C0] -> 0x8593
mem[X,0x00000000800465C2] -> 0x3325
[9772] [M]: 0x00000000800465C0 (0x33258593) addi a1, a1, 0x332
x11 <- 0x00000000B504F332
mem[X,0x00000000800465C4] -> 0x0113
mem[X,0x00000000800465C6] -> 0x0000
[9773] [M]: 0x00000000800465C4 (0x00000113) addi sp, zero, 0x0
x2 <- 0x0000000000000000
mem[X,0x00000000800465C8] -> 0x006F
mem[X,0x00000000800465CA] -> 0x2B10
[9774] [M]: 0x00000000800465C8 (0x2B10006F) jal zero, 0xab0
mem[X,0x0000000080047078] -> 0x4A63
mem[X,0x000000008004707A] -> 0xD4B5
[9775] [M]: 0x0000000080047078 (0xD4B54A63) blt a0, a1, -0xaac
mem[X,0x000000008004707C] -> 0x0113
mem[X,0x000000008004707E] -> 0x0021
[9776] [M]: 0x000000008004707C (0x00210113) addi sp, sp, 0x2
x2 <- 0x0000000000000002
mem[X,0x0000000080047080] -> 0x006F
mem[X,0x0000000080047082] -> 0x00C0
[9777] [M]: 0x0000000080047080 (0x00C0006F) jal zero, 0xc
mem[X,0x000000008004708C] -> 0xB823
mem[X,0x000000008004708E] -> 0x2220
[9778] [M]: 0x000000008004708C (0x2220B823) sd sp, 0x230(ra)
mem[0x0000000080050408] <- 0x0000000000000002
mem[X,0x0000000080047090] -> 0x6537
mem[X,0x0000000080047092] -> 0x6666
[9779] [M]: 0x0000000080047090 (0x66666537) lui a0, 0x66666
x10 <- 0x0000000066666000
mem[X,0x0000000080047094] -> 0x0513
mem[X,0x0000000080047096] -> 0x6665
[9780] [M]: 0x0000000080047094 (0x66650513) addi a0, a0, 0x666
x10 <- 0x0000000066666666
mem[X,0x0000000080047098] -> 0x1513
mem[X,0x000000008004709A] -> 0x00B5
[9781] [M]: 0x0000000080047098 (0x00B51513) slli a0, a0, 0xb
x10 <- 0x0000033333333000
mem[X,0x000000008004709C] -> 0x0513
mem[X,0x000000008004709E] -> 0x3335
[9782] [M]: 0x000000008004709C (0x33350513) addi a0, a0, 0x333
x10 <- 0x0000033333333333
mem[X,0x00000000800470A0] -> 0x1513
mem[X,0x00000000800470A2] -> 0x00B5
[9783] [M]: 0x00000000800470A0 (0x00B51513) slli a0, a0, 0xb
x10 <- 0x0019999999999800
mem[X,0x00000000800470A4] -> 0x0513
mem[X,0x00000000800470A6] -> 0x1995
[9784] [M]: 0x00000000800470A4 (0x19950513) addi a0, a0, 0x199
x10 <- 0x0019999999999999
mem[X,0x00000000800470A8] -> 0x1513
mem[X,0x00000000800470AA] -> 0x00A5
[9785] [M]: 0x00000000800470A8 (0x00A51513) slli a0, a0, 0xa
x10 <- 0x6666666666666400
mem[X,0x00000000800470AC] -> 0x0513
mem[X,0x00000000800470AE] -> 0x2675
[9786] [M]: 0x00000000800470AC (0x26750513) addi a0, a0, 0x267
x10 <- 0x6666666666666667
mem[X,0x00000000800470B0] -> 0x55B7
mem[X,0x00000000800470B2] -> 0x5555
[9787] [M]: 0x00000000800470B0 (0x555555B7) lui a1, 0x55555
x11 <- 0x0000000055555000
mem[X,0x00000000800470B4] -> 0x8593
mem[X,0x00000000800470B6] -> 0x5555
[9788] [M]: 0x00000000800470B4 (0x55558593) addi a1, a1, 0x555
x11 <- 0x0000000055555555
mem[X,0x00000000800470B8] -> 0x9593
mem[X,0x00000000800470BA] -> 0x00B5
[9789] [M]: 0x00000000800470B8 (0x00B59593) slli a1, a1, 0xb
x11 <- 0x000002AAAAAAA800
mem[X,0x00000000800470BC] -> 0x8593
mem[X,0x00000000800470BE] -> 0x2AA5
[9790] [M]: 0x00000000800470BC (0x2AA58593) addi a1, a1, 0x2aa
x11 <- 0x000002AAAAAAAAAA
mem[X,0x00000000800470C0] -> 0x9593
mem[X,0x00000000800470C2] -> 0x00B5
[9791] [M]: 0x00000000800470C0 (0x00B59593) slli a1, a1, 0xb
x11 <- 0x0015555555555000
mem[X,0x00000000800470C4] -> 0x8593
mem[X,0x00000000800470C6] -> 0x5555
[9792] [M]: 0x00000000800470C4 (0x55558593) addi a1, a1, 0x555
x11 <- 0x0015555555555555
mem[X,0x00000000800470C8] -> 0x9593
mem[X,0x00000000800470CA] -> 0x00A5
[9793] [M]: 0x00000000800470C8 (0x00A59593) slli a1, a1, 0xa
x11 <- 0x5555555555555400
mem[X,0x00000000800470CC] -> 0x8593
mem[X,0x00000000800470CE] -> 0x1565
[9794] [M]: 0x00000000800470CC (0x15658593) addi a1, a1, 0x156
x11 <- 0x5555555555555556
mem[X,0x00000000800470D0] -> 0x0113
mem[X,0x00000000800470D2] -> 0x0000
[9795] [M]: 0x00000000800470D0 (0x00000113) addi sp, zero, 0x0
x2 <- 0x0000000000000000
mem[X,0x00000000800470D4] -> 0x006F
mem[X,0x00000000800470D6] -> 0x00C0
[9796] [M]: 0x00000000800470D4 (0x00C0006F) jal zero, 0xc
mem[X,0x00000000800470E0] -> 0x4663
mem[X,0x00000000800470E2] -> 0x00B5
[9797] [M]: 0x00000000800470E0 (0x00B54663) blt a0, a1, 0xc
mem[X,0x00000000800470E4] -> 0x0113
mem[X,0x00000000800470E6] -> 0x0021
[9798] [M]: 0x00000000800470E4 (0x00210113) addi sp, sp, 0x2
x2 <- 0x0000000000000002
mem[X,0x00000000800470E8] -> 0x006F
mem[X,0x00000000800470EA] -> 0x00C0
[9799] [M]: 0x00000000800470E8 (0x00C0006F) jal zero, 0xc
clint::tick mtime <- 0x0000000000000062
 clint timer pending at mtime 0x0000000000000062
htif::tick 0x0000000000000000
mem[X,0x00000000800470F4] -> 0xBC23
mem[X,0x00000000800470F6] -> 0x2220
[9800] [M]: 0x00000000800470F4 (0x2220BC23) sd sp, 0x238(ra)
mem[0x0000000080050410] <- 0x0000000000000002
mem[X,0x00000000800470F8] -> 0x6537
mem[X,0x00000000800470FA] -> 0x6666
[9801] [M]: 0x00000000800470F8 (0x66666537) lui a0, 0x66666
x10 <- 0x0000000066666000
mem[X,0x00000000800470FC] -> 0x0513
mem[X,0x00000000800470FE] -> 0x6665
[9802] [M]: 0x00000000800470FC (0x66650513) addi a0, a0, 0x666
x10 <- 0x0000000066666666
mem[X,0x0000000080047100] -> 0x1513
mem[X,0x0000000080047102] -> 0x00B5
[9803] [M]: 0x0000000080047100 (0x00B51513) slli a0, a0, 0xb
x10 <- 0x0000033333333000
mem[X,0x0000000080047104] -> 0x0513
mem[X,0x0000000080047106] -> 0x3335
[9804] [M]: 0x0000000080047104 (0x33350513) addi a0, a0, 0x333
x10 <- 0x0000033333333333
mem[X,0x0000000080047108] -> 0x1513
mem[X,0x000000008004710A] -> 0x00B5
[9805] [M]: 0x0000000080047108 (0x00B51513) slli a0, a0, 0xb
x10 <- 0x0019999999999800
mem[X,0x000000008004710C] -> 0x0513
mem[X,0x000000008004710E] -> 0x1995
[9806] [M]: 0x000000008004710C (0x19950513) addi a0, a0, 0x199
x10 <- 0x0019999999999999
mem[X,0x0000000080047110] -> 0x1513
mem[X,0x0000000080047112] -> 0x00A5
[9807] [M]: 0x0000000080047110 (0x00A51513) slli a0, a0, 0xa
x10 <- 0x6666666666666400
mem[X,0x0000000080047114] -> 0x0513
mem[X,0x0000000080047116] -> 0x2675
[9808] [M]: 0x0000000080047114 (0x26750513) addi a0, a0, 0x267
x10 <- 0x6666666666666667
mem[X,0x0000000080047118] -> 0xB5B7
mem[X,0x000000008004711A] -> 0xAAAA
[9809] [M]: 0x0000000080047118 (0xAAAAB5B7) lui a1, -0x55555
x11 <- 0xFFFFFFFFAAAAB000
mem[X,0x000000008004711C] -> 0x8593
mem[X,0x000000008004711E] -> 0xAAA5
[9810] [M]: 0x000000008004711C (0xAAA58593) addi a1, a1, -0x556
x11 <- 0xFFFFFFFFAAAAAAAA
mem[X,0x0000000080047120] -> 0x9593
mem[X,0x0000000080047122] -> 0x00B5
[9811] [M]: 0x0000000080047120 (0x00B59593) slli a1, a1, 0xb
x11 <- 0xFFFFFD5555555000
mem[X,0x0000000080047124] -> 0x8593
mem[X,0x0000000080047126] -> 0x5555
[9812] [M]: 0x0000000080047124 (0x55558593) addi a1, a1, 0x555
x11 <- 0xFFFFFD5555555555
mem[X,0x0000000080047128] -> 0x9593
mem[X,0x000000008004712A] -> 0x00B5
[9813] [M]: 0x0000000080047128 (0x00B59593) slli a1, a1, 0xb
x11 <- 0xFFEAAAAAAAAAA800
mem[X,0x000000008004712C] -> 0x8593
mem[X,0x000000008004712E] -> 0x2AA5
[9814] [M]: 0x000000008004712C (0x2AA58593) addi a1, a1, 0x2aa
x11 <- 0xFFEAAAAAAAAAAAAA
mem[X,0x0000000080047130] -> 0x9593
mem[X,0x0000000080047132] -> 0x00A5
[9815] [M]: 0x0000000080047130 (0x00A59593) slli a1, a1, 0xa
x11 <- 0xAAAAAAAAAAAAA800
mem[X,0x0000000080047134] -> 0x8593
mem[X,0x0000000080047136] -> 0x2AB5
[9816] [M]: 0x0000000080047134 (0x2AB58593) addi a1, a1, 0x2ab
x11 <- 0xAAAAAAAAAAAAAAAB
mem[X,0x0000000080047138] -> 0x0113
mem[X,0x000000008004713A] -> 0x0000
[9817] [M]: 0x0000000080047138 (0x00000113) addi sp, zero, 0x0
x2 <- 0x0000000000000000
mem[X,0x000000008004713C] -> 0x006F
mem[X,0x000000008004713E] -> 0x0180
[9818] [M]: 0x000000008004713C (0x0180006F) jal zero, 0x18
mem[X,0x0000000080047154] -> 0x46E3
mem[X,0x0000000080047156] -> 0xFEB5
[9819] [M]: 0x0000000080047154 (0xFEB546E3) blt a0, a1, -0x14
mem[X,0x0000000080047158] -> 0x0113
mem[X,0x000000008004715A] -> 0x0021
[9820] [M]: 0x0000000080047158 (0x00210113) addi sp, sp, 0x2
x2 <- 0x0000000000000002
mem[X,0x000000008004715C] -> 0x006F
mem[X,0x000000008004715E] -> 0x00C0
[9821] [M]: 0x000000008004715C (0x00C0006F) jal zero, 0xc
mem[X,0x0000000080047168] -> 0xB023
mem[X,0x000000008004716A] -> 0x2420
[9822] [M]: 0x0000000080047168 (0x2420B023) sd sp, 0x240(ra)
mem[0x0000000080050418] <- 0x0000000000000002
mem[X,0x000000008004716C] -> 0x6537
mem[X,0x000000008004716E] -> 0x6666
[9823] [M]: 0x000000008004716C (0x66666537) lui a0, 0x66666
x10 <- 0x0000000066666000
mem[X,0x0000000080047170] -> 0x0513
mem[X,0x0000000080047172] -> 0x6665
[9824] [M]: 0x0000000080047170 (0x66650513) addi a0, a0, 0x666
x10 <- 0x0000000066666666
mem[X,0x0000000080047174] -> 0x1513
mem[X,0x0000000080047176] -> 0x00B5
[9825] [M]: 0x0000000080047174 (0x00B51513) slli a0, a0, 0xb
x10 <- 0x0000033333333000
mem[X,0x0000000080047178] -> 0x0513
mem[X,0x000000008004717A] -> 0x3335
[9826] [M]: 0x0000000080047178 (0x33350513) addi a0, a0, 0x333
x10 <- 0x0000033333333333
mem[X,0x000000008004717C] -> 0x1513
mem[X,0x000000008004717E] -> 0x00B5
[9827] [M]: 0x000000008004717C (0x00B51513) slli a0, a0, 0xb
x10 <- 0x0019999999999800
mem[X,0x0000000080047180] -> 0x0513
mem[X,0x0000000080047182] -> 0x1995
[9828] [M]: 0x0000000080047180 (0x19950513) addi a0, a0, 0x199
x10 <- 0x0019999999999999
mem[X,0x0000000080047184] -> 0x1513
mem[X,0x0000000080047186] -> 0x00A5
[9829] [M]: 0x0000000080047184 (0x00A51513) slli a0, a0, 0xa
x10 <- 0x6666666666666400
mem[X,0x0000000080047188] -> 0x0513
mem[X,0x000000008004718A] -> 0x2675
[9830] [M]: 0x0000000080047188 (0x26750513) addi a0, a0, 0x267
x10 <- 0x6666666666666667
mem[X,0x000000008004718C] -> 0x0593
mem[X,0x000000008004718E] -> 0x0060
[9831] [M]: 0x000000008004718C (0x00600593) addi a1, zero, 0x6
x11 <- 0x0000000000000006
mem[X,0x0000000080047190] -> 0x0113
mem[X,0x0000000080047192] -> 0x0000
[9832] [M]: 0x0000000080047190 (0x00000113) addi sp, zero, 0x0
x2 <- 0x0000000000000000
mem[X,0x0000000080047194] -> 0x006F
mem[X,0x0000000080047196] -> 0x00C0
[9833] [M]: 0x0000000080047194 (0x00C0006F) jal zero, 0xc
mem[X,0x00000000800471A0] -> 0x4663
mem[X,0x00000000800471A2] -> 0x00B5
[9834] [M]: 0x00000000800471A0 (0x00B54663) blt a0, a1, 0xc
mem[X,0x00000000800471A4] -> 0x0113
mem[X,0x00000000800471A6] -> 0x0021
[9835] [M]: 0x00000000800471A4 (0x00210113) addi sp, sp, 0x2
x2 <- 0x0000000000000002
mem[X,0x00000000800471A8] -> 0x006F
mem[X,0x00000000800471AA] -> 0x00C0
[9836] [M]: 0x00000000800471A8 (0x00C0006F) jal zero, 0xc
mem[X,0x00000000800471B4] -> 0xB423
mem[X,0x00000000800471B6] -> 0x2420
[9837] [M]: 0x00000000800471B4 (0x2420B423) sd sp, 0x248(ra)
mem[0x0000000080050420] <- 0x0000000000000002
mem[X,0x00000000800471B8] -> 0x6537
mem[X,0x00000000800471BA] -> 0x6666
[9838] [M]: 0x00000000800471B8 (0x66666537) lui a0, 0x66666
x10 <- 0x0000000066666000
mem[X,0x00000000800471BC] -> 0x0513
mem[X,0x00000000800471BE] -> 0x6665
[9839] [M]: 0x00000000800471BC (0x66650513) addi a0, a0, 0x666
x10 <- 0x0000000066666666
mem[X,0x00000000800471C0] -> 0x1513
mem[X,0x00000000800471C2] -> 0x00B5
[9840] [M]: 0x00000000800471C0 (0x00B51513) slli a0, a0, 0xb
x10 <- 0x0000033333333000
mem[X,0x00000000800471C4] -> 0x0513
mem[X,0x00000000800471C6] -> 0x3335
[9841] [M]: 0x00000000800471C4 (0x33350513) addi a0, a0, 0x333
x10 <- 0x0000033333333333
mem[X,0x00000000800471C8] -> 0x1513
mem[X,0x00000000800471CA] -> 0x00B5
[9842] [M]: 0x00000000800471C8 (0x00B51513) slli a0, a0, 0xb
x10 <- 0x0019999999999800
mem[X,0x00000000800471CC] -> 0x0513
mem[X,0x00000000800471CE] -> 0x1995
[9843] [M]: 0x00000000800471CC (0x19950513) addi a0, a0, 0x199
x10 <- 0x0019999999999999
mem[X,0x00000000800471D0] -> 0x1513
mem[X,0x00000000800471D2] -> 0x00A5
[9844] [M]: 0x00000000800471D0 (0x00A51513) slli a0, a0, 0xa
x10 <- 0x6666666666666400
mem[X,0x00000000800471D4] -> 0x0513
mem[X,0x00000000800471D6] -> 0x2675
[9845] [M]: 0x00000000800471D4 (0x26750513) addi a0, a0, 0x267
x10 <- 0x6666666666666667
mem[X,0x00000000800471D8] -> 0x35B7
mem[X,0x00000000800471DA] -> 0x3333
[9846] [M]: 0x00000000800471D8 (0x333335B7) lui a1, 0x33333
x11 <- 0x0000000033333000
mem[X,0x00000000800471DC] -> 0x8593
mem[X,0x00000000800471DE] -> 0x3335
[9847] [M]: 0x00000000800471DC (0x33358593) addi a1, a1, 0x333
x11 <- 0x0000000033333333
mem[X,0x00000000800471E0] -> 0x9593
mem[X,0x00000000800471E2] -> 0x00B5
[9848] [M]: 0x00000000800471E0 (0x00B59593) slli a1, a1, 0xb
x11 <- 0x0000019999999800
mem[X,0x00000000800471E4] -> 0x8593
mem[X,0x00000000800471E6] -> 0x1995
[9849] [M]: 0x00000000800471E4 (0x19958593) addi a1, a1, 0x199
x11 <- 0x0000019999999999
mem[X,0x00000000800471E8] -> 0x9593
mem[X,0x00000000800471EA] -> 0x00B5
[9850] [M]: 0x00000000800471E8 (0x00B59593) slli a1, a1, 0xb
x11 <- 0x000CCCCCCCCCC800
mem[X,0x00000000800471EC] -> 0x8593
mem[X,0x00000000800471EE] -> 0x4CC5
[9851] [M]: 0x00000000800471EC (0x4CC58593) addi a1, a1, 0x4cc
x11 <- 0x000CCCCCCCCCCCCC
mem[X,0x00000000800471F0] -> 0x9593
mem[X,0x00000000800471F2] -> 0x00A5
[9852] [M]: 0x00000000800471F0 (0x00A59593) slli a1, a1, 0xa
x11 <- 0x3333333333333000
mem[X,0x00000000800471F4] -> 0x8593
mem[X,0x00000000800471F6] -> 0x3345
[9853] [M]: 0x00000000800471F4 (0x33458593) addi a1, a1, 0x334
x11 <- 0x3333333333333334
mem[X,0x00000000800471F8] -> 0x0113
mem[X,0x00000000800471FA] -> 0x0000
[9854] [M]: 0x00000000800471F8 (0x00000113) addi sp, zero, 0x0
x2 <- 0x0000000000000000
mem[X,0x00000000800471FC] -> 0x006F
mem[X,0x00000000800471FE] -> 0x00C0
[9855] [M]: 0x00000000800471FC (0x00C0006F) jal zero, 0xc
mem[X,0x0000000080047208] -> 0x4063
mem[X,0x000000008004720A] -> 0x02B5
[9856] [M]: 0x0000000080047208 (0x02B54063) blt a0, a1, 0x20
mem[X,0x000000008004720C] -> 0x0113
mem[X,0x000000008004720E] -> 0x0021
[9857] [M]: 0x000000008004720C (0x00210113) addi sp, sp, 0x2
x2 <- 0x0000000000000002
mem[X,0x0000000080047210] -> 0x006F
mem[X,0x0000000080047212] -> 0x0200
[9858] [M]: 0x0000000080047210 (0x0200006F) jal zero, 0x20
mem[X,0x0000000080047230] -> 0xB823
mem[X,0x0000000080047232] -> 0x2420
[9859] [M]: 0x0000000080047230 (0x2420B823) sd sp, 0x250(ra)
mem[0x0000000080050428] <- 0x0000000000000002
mem[X,0x0000000080047234] -> 0x6537
mem[X,0x0000000080047236] -> 0x6666
[9860] [M]: 0x0000000080047234 (0x66666537) lui a0, 0x66666
x10 <- 0x0000000066666000
mem[X,0x0000000080047238] -> 0x0513
mem[X,0x000000008004723A] -> 0x6665
[9861] [M]: 0x0000000080047238 (0x66650513) addi a0, a0, 0x666
x10 <- 0x0000000066666666
mem[X,0x000000008004723C] -> 0x1513
mem[X,0x000000008004723E] -> 0x00B5
[9862] [M]: 0x000000008004723C (0x00B51513) slli a0, a0, 0xb
x10 <- 0x0000033333333000
mem[X,0x0000000080047240] -> 0x0513
mem[X,0x0000000080047242] -> 0x3335
[9863] [M]: 0x0000000080047240 (0x33350513) addi a0, a0, 0x333
x10 <- 0x0000033333333333
mem[X,0x0000000080047244] -> 0x1513
mem[X,0x0000000080047246] -> 0x00B5
[9864] [M]: 0x0000000080047244 (0x00B51513) slli a0, a0, 0xb
x10 <- 0x0019999999999800
mem[X,0x0000000080047248] -> 0x0513
mem[X,0x000000008004724A] -> 0x1995
[9865] [M]: 0x0000000080047248 (0x19950513) addi a0, a0, 0x199
x10 <- 0x0019999999999999
mem[X,0x000000008004724C] -> 0x1513
mem[X,0x000000008004724E] -> 0x00A5
[9866] [M]: 0x000000008004724C (0x00A51513) slli a0, a0, 0xa
x10 <- 0x6666666666666400
mem[X,0x0000000080047250] -> 0x0513
mem[X,0x0000000080047252] -> 0x2675
[9867] [M]: 0x0000000080047250 (0x26750513) addi a0, a0, 0x267
x10 <- 0x6666666666666667
mem[X,0x0000000080047254] -> 0x65B7
mem[X,0x0000000080047256] -> 0x6666
[9868] [M]: 0x0000000080047254 (0x666665B7) lui a1, 0x66666
x11 <- 0x0000000066666000
mem[X,0x0000000080047258] -> 0x8593
mem[X,0x000000008004725A] -> 0x6665
[9869] [M]: 0x0000000080047258 (0x66658593) addi a1, a1, 0x666
x11 <- 0x0000000066666666
mem[X,0x000000008004725C] -> 0x9593
mem[X,0x000000008004725E] -> 0x00B5
[9870] [M]: 0x000000008004725C (0x00B59593) slli a1, a1, 0xb
x11 <- 0x0000033333333000
mem[X,0x0000000080047260] -> 0x8593
mem[X,0x0000000080047262] -> 0x3335
[9871] [M]: 0x0000000080047260 (0x33358593) addi a1, a1, 0x333
x11 <- 0x0000033333333333
mem[X,0x0000000080047264] -> 0x9593
mem[X,0x0000000080047266] -> 0x00B5
[9872] [M]: 0x0000000080047264 (0x00B59593) slli a1, a1, 0xb
x11 <- 0x0019999999999800
mem[X,0x0000000080047268] -> 0x8593
mem[X,0x000000008004726A] -> 0x1995
[9873] [M]: 0x0000000080047268 (0x19958593) addi a1, a1, 0x199
x11 <- 0x0019999999999999
mem[X,0x000000008004726C] -> 0x9593
mem[X,0x000000008004726E] -> 0x00A5
[9874] [M]: 0x000000008004726C (0x00A59593) slli a1, a1, 0xa
x11 <- 0x6666666666666400
mem[X,0x0000000080047270] -> 0x8593
mem[X,0x0000000080047272] -> 0x2675
[9875] [M]: 0x0000000080047270 (0x26758593) addi a1, a1, 0x267
x11 <- 0x6666666666666667
mem[X,0x0000000080047274] -> 0x0113
mem[X,0x0000000080047276] -> 0x0000
[9876] [M]: 0x0000000080047274 (0x00000113) addi sp, zero, 0x0
x2 <- 0x0000000000000000
mem[X,0x0000000080047278] -> 0x006F
mem[X,0x000000008004727A] -> 0x00C0
[9877] [M]: 0x0000000080047278 (0x00C0006F) jal zero, 0xc
mem[X,0x0000000080047284] -> 0x4CE3
mem[X,0x0000000080047286] -> 0xFEB5
[9878] [M]: 0x0000000080047284 (0xFEB54CE3) blt a0, a1, -0x8
mem[X,0x0000000080047288] -> 0x0113
mem[X,0x000000008004728A] -> 0x0021
[9879] [M]: 0x0000000080047288 (0x00210113) addi sp, sp, 0x2
x2 <- 0x0000000000000002
mem[X,0x000000008004728C] -> 0x006F
mem[X,0x000000008004728E] -> 0x00C0
[9880] [M]: 0x000000008004728C (0x00C0006F) jal zero, 0xc
mem[X,0x0000000080047298] -> 0xBC23
mem[X,0x000000008004729A] -> 0x2420
[9881] [M]: 0x0000000080047298 (0x2420BC23) sd sp, 0x258(ra)
mem[0x0000000080050430] <- 0x0000000000000002
mem[X,0x000000008004729C] -> 0x6537
mem[X,0x000000008004729E] -> 0x6666
[9882] [M]: 0x000000008004729C (0x66666537) lui a0, 0x66666
x10 <- 0x0000000066666000
mem[X,0x00000000800472A0] -> 0x0513
mem[X,0x00000000800472A2] -> 0x6665
[9883] [M]: 0x00000000800472A0 (0x66650513) addi a0, a0, 0x666
x10 <- 0x0000000066666666
mem[X,0x00000000800472A4] -> 0x1513
mem[X,0x00000000800472A6] -> 0x00B5
[9884] [M]: 0x00000000800472A4 (0x00B51513) slli a0, a0, 0xb
x10 <- 0x0000033333333000
mem[X,0x00000000800472A8] -> 0x0513
mem[X,0x00000000800472AA] -> 0x3335
[9885] [M]: 0x00000000800472A8 (0x33350513) addi a0, a0, 0x333
x10 <- 0x0000033333333333
mem[X,0x00000000800472AC] -> 0x1513
mem[X,0x00000000800472AE] -> 0x00B5
[9886] [M]: 0x00000000800472AC (0x00B51513) slli a0, a0, 0xb
x10 <- 0x0019999999999800
mem[X,0x00000000800472B0] -> 0x0513
mem[X,0x00000000800472B2] -> 0x1995
[9887] [M]: 0x00000000800472B0 (0x19950513) addi a0, a0, 0x199
x10 <- 0x0019999999999999
mem[X,0x00000000800472B4] -> 0x1513
mem[X,0x00000000800472B6] -> 0x00A5
[9888] [M]: 0x00000000800472B4 (0x00A51513) slli a0, a0, 0xa
x10 <- 0x6666666666666400
mem[X,0x00000000800472B8] -> 0x0513
mem[X,0x00000000800472BA] -> 0x2675
[9889] [M]: 0x00000000800472B8 (0x26750513) addi a0, a0, 0x267
x10 <- 0x6666666666666667
mem[X,0x00000000800472BC] -> 0x05B7
mem[X,0x00000000800472BE] -> 0x0000
[9890] [M]: 0x00000000800472BC (0x000005B7) lui a1, 0x0
x11 <- 0x0000000000000000
mem[X,0x00000000800472C0] -> 0x8593
mem[X,0x00000000800472C2] -> 0xFFF5
[9891] [M]: 0x00000000800472C0 (0xFFF58593) addi a1, a1, -0x1
x11 <- 0xFFFFFFFFFFFFFFFF
mem[X,0x00000000800472C4] -> 0x9593
mem[X,0x00000000800472C6] -> 0x00B5
[9892] [M]: 0x00000000800472C4 (0x00B59593) slli a1, a1, 0xb
x11 <- 0xFFFFFFFFFFFFF800
mem[X,0x00000000800472C8] -> 0x8593
mem[X,0x00000000800472CA] -> 0x2575
[9893] [M]: 0x00000000800472C8 (0x25758593) addi a1, a1, 0x257
x11 <- 0xFFFFFFFFFFFFFA57
mem[X,0x00000000800472CC] -> 0x9593
mem[X,0x00000000800472CE] -> 0x00B5
[9894] [M]: 0x00000000800472CC (0x00B59593) slli a1, a1, 0xb
x11 <- 0xFFFFFFFFFFD2B800
mem[X,0x00000000800472D0] -> 0x8593
mem[X,0x00000000800472D2] -> 0x6C35
[9895] [M]: 0x00000000800472D0 (0x6C358593) addi a1, a1, 0x6c3
x11 <- 0xFFFFFFFFFFD2BEC3
mem[X,0x00000000800472D4] -> 0x9593
mem[X,0x00000000800472D6] -> 0x00A5
[9896] [M]: 0x00000000800472D4 (0x00A59593) slli a1, a1, 0xa
x11 <- 0xFFFFFFFF4AFB0C00
mem[X,0x00000000800472D8] -> 0x8593
mem[X,0x00000000800472DA] -> 0x0CE5
[9897] [M]: 0x00000000800472D8 (0x0CE58593) addi a1, a1, 0xce
x11 <- 0xFFFFFFFF4AFB0CCE
mem[X,0x00000000800472DC] -> 0x0113
mem[X,0x00000000800472DE] -> 0x0000
[9898] [M]: 0x00000000800472DC (0x00000113) addi sp, zero, 0x0
x2 <- 0x0000000000000000
mem[X,0x00000000800472E0] -> 0x006F
mem[X,0x00000000800472E2] -> 0x00C0
[9899] [M]: 0x00000000800472E0 (0x00C0006F) jal zero, 0xc
clint::tick mtime <- 0x0000000000000063
 clint timer pending at mtime 0x0000000000000063
htif::tick 0x0000000000000000
mem[X,0x00000000800472EC] -> 0x4063
mem[X,0x00000000800472EE] -> 0x02B5
[9900] [M]: 0x00000000800472EC (0x02B54063) blt a0, a1, 0x20
mem[X,0x00000000800472F0] -> 0x0113
mem[X,0x00000000800472F2] -> 0x0021
[9901] [M]: 0x00000000800472F0 (0x00210113) addi sp, sp, 0x2
x2 <- 0x0000000000000002
mem[X,0x00000000800472F4] -> 0x006F
mem[X,0x00000000800472F6] -> 0x0200
[9902] [M]: 0x00000000800472F4 (0x0200006F) jal zero, 0x20
mem[X,0x0000000080047314] -> 0xB023
mem[X,0x0000000080047316] -> 0x2620
[9903] [M]: 0x0000000080047314 (0x2620B023) sd sp, 0x260(ra)
mem[0x0000000080050438] <- 0x0000000000000002
mem[X,0x0000000080047318] -> 0x6537
mem[X,0x000000008004731A] -> 0x6666
[9904] [M]: 0x0000000080047318 (0x66666537) lui a0, 0x66666
x10 <- 0x0000000066666000
mem[X,0x000000008004731C] -> 0x0513
mem[X,0x000000008004731E] -> 0x6665
[9905] [M]: 0x000000008004731C (0x66650513) addi a0, a0, 0x666
x10 <- 0x0000000066666666
mem[X,0x0000000080047320] -> 0x1513
mem[X,0x0000000080047322] -> 0x00B5
[9906] [M]: 0x0000000080047320 (0x00B51513) slli a0, a0, 0xb
x10 <- 0x0000033333333000
mem[X,0x0000000080047324] -> 0x0513
mem[X,0x0000000080047326] -> 0x3335
[9907] [M]: 0x0000000080047324 (0x33350513) addi a0, a0, 0x333
x10 <- 0x0000033333333333
mem[X,0x0000000080047328] -> 0x1513
mem[X,0x000000008004732A] -> 0x00B5
[9908] [M]: 0x0000000080047328 (0x00B51513) slli a0, a0, 0xb
x10 <- 0x0019999999999800
mem[X,0x000000008004732C] -> 0x0513
mem[X,0x000000008004732E] -> 0x1995
[9909] [M]: 0x000000008004732C (0x19950513) addi a0, a0, 0x199
x10 <- 0x0019999999999999
mem[X,0x0000000080047330] -> 0x1513
mem[X,0x0000000080047332] -> 0x00A5
[9910] [M]: 0x0000000080047330 (0x00A51513) slli a0, a0, 0xa
x10 <- 0x6666666666666400
mem[X,0x0000000080047334] -> 0x0513
mem[X,0x0000000080047336] -> 0x2675
[9911] [M]: 0x0000000080047334 (0x26750513) addi a0, a0, 0x267
x10 <- 0x6666666666666667
mem[X,0x0000000080047338] -> 0x05B7
mem[X,0x000000008004733A] -> 0x0000
[9912] [M]: 0x0000000080047338 (0x000005B7) lui a1, 0x0
x11 <- 0x0000000000000000
mem[X,0x000000008004733C] -> 0x8593
mem[X,0x000000008004733E] -> 0x0005
[9913] [M]: 0x000000008004733C (0x00058593) addi a1, a1, 0x0
x11 <- 0x0000000000000000
mem[X,0x0000000080047340] -> 0x9593
mem[X,0x0000000080047342] -> 0x00B5
[9914] [M]: 0x0000000080047340 (0x00B59593) slli a1, a1, 0xb
x11 <- 0x0000000000000000
mem[X,0x0000000080047344] -> 0x8593
mem[X,0x0000000080047346] -> 0x5A85
[9915] [M]: 0x0000000080047344 (0x5A858593) addi a1, a1, 0x5a8
x11 <- 0x00000000000005A8
mem[X,0x0000000080047348] -> 0x9593
mem[X,0x000000008004734A] -> 0x00B5
[9916] [M]: 0x0000000080047348 (0x00B59593) slli a1, a1, 0xb
x11 <- 0x00000000002D4000
mem[X,0x000000008004734C] -> 0x8593
mem[X,0x000000008004734E] -> 0x13C5
[9917] [M]: 0x000000008004734C (0x13C58593) addi a1, a1, 0x13c
x11 <- 0x00000000002D413C
mem[X,0x0000000080047350] -> 0x9593
mem[X,0x0000000080047352] -> 0x00A5
[9918] [M]: 0x0000000080047350 (0x00A59593) slli a1, a1, 0xa
x11 <- 0x00000000B504F000
mem[X,0x0000000080047354] -> 0x8593
mem[X,0x0000000080047356] -> 0x3345
[9919] [M]: 0x0000000080047354 (0x33458593) addi a1, a1, 0x334
x11 <- 0x00000000B504F334
mem[X,0x0000000080047358] -> 0x0113
mem[X,0x000000008004735A] -> 0x0000
[9920] [M]: 0x0000000080047358 (0x00000113) addi sp, zero, 0x0
x2 <- 0x0000000000000000
mem[X,0x000000008004735C] -> 0x006F
mem[X,0x000000008004735E] -> 0x00C0
[9921] [M]: 0x000000008004735C (0x00C0006F) jal zero, 0xc
mem[X,0x0000000080047368] -> 0x4063
mem[X,0x000000008004736A] -> 0x02B5
[9922] [M]: 0x0000000080047368 (0x02B54063) blt a0, a1, 0x20
mem[X,0x000000008004736C] -> 0x0113
mem[X,0x000000008004736E] -> 0x0021
[9923] [M]: 0x000000008004736C (0x00210113) addi sp, sp, 0x2
x2 <- 0x0000000000000002
mem[X,0x0000000080047370] -> 0x006F
mem[X,0x0000000080047372] -> 0x0200
[9924] [M]: 0x0000000080047370 (0x0200006F) jal zero, 0x20
mem[X,0x0000000080047390] -> 0xB423
mem[X,0x0000000080047392] -> 0x2620
[9925] [M]: 0x0000000080047390 (0x2620B423) sd sp, 0x268(ra)
mem[0x0000000080050440] <- 0x0000000000000002
mem[X,0x0000000080047394] -> 0x0537
mem[X,0x0000000080047396] -> 0x0000
[9926] [M]: 0x0000000080047394 (0x00000537) lui a0, 0x0
x10 <- 0x0000000000000000
mem[X,0x0000000080047398] -> 0x0513
mem[X,0x000000008004739A] -> 0xFFF5
[9927] [M]: 0x0000000080047398 (0xFFF50513) addi a0, a0, -0x1
x10 <- 0xFFFFFFFFFFFFFFFF
mem[X,0x000000008004739C] -> 0x1513
mem[X,0x000000008004739E] -> 0x00B5
[9928] [M]: 0x000000008004739C (0x00B51513) slli a0, a0, 0xb
x10 <- 0xFFFFFFFFFFFFF800
mem[X,0x00000000800473A0] -> 0x0513
mem[X,0x00000000800473A2] -> 0x2575
[9929] [M]: 0x00000000800473A0 (0x25750513) addi a0, a0, 0x257
x10 <- 0xFFFFFFFFFFFFFA57
mem[X,0x00000000800473A4] -> 0x1513
mem[X,0x00000000800473A6] -> 0x00B5
[9930] [M]: 0x00000000800473A4 (0x00B51513) slli a0, a0, 0xb
x10 <- 0xFFFFFFFFFFD2B800
mem[X,0x00000000800473A8] -> 0x0513
mem[X,0x00000000800473AA] -> 0x6C35
[9931] [M]: 0x00000000800473A8 (0x6C350513) addi a0, a0, 0x6c3
x10 <- 0xFFFFFFFFFFD2BEC3
mem[X,0x00000000800473AC] -> 0x1513
mem[X,0x00000000800473AE] -> 0x00A5
[9932] [M]: 0x00000000800473AC (0x00A51513) slli a0, a0, 0xa
x10 <- 0xFFFFFFFF4AFB0C00
mem[X,0x00000000800473B0] -> 0x0513
mem[X,0x00000000800473B2] -> 0x0CE5
[9933] [M]: 0x00000000800473B0 (0x0CE50513) addi a0, a0, 0xce
x10 <- 0xFFFFFFFF4AFB0CCE
mem[X,0x00000000800473B4] -> 0x0593
mem[X,0x00000000800473B6] -> 0x0030
[9934] [M]: 0x00000000800473B4 (0x00300593) addi a1, zero, 0x3
x11 <- 0x0000000000000003
mem[X,0x00000000800473B8] -> 0x0113
mem[X,0x00000000800473BA] -> 0x0000
[9935] [M]: 0x00000000800473B8 (0x00000113) addi sp, zero, 0x0
x2 <- 0x0000000000000000
mem[X,0x00000000800473BC] -> 0x006F
mem[X,0x00000000800473BE] -> 0x00C0
[9936] [M]: 0x00000000800473BC (0x00C0006F) jal zero, 0xc
mem[X,0x00000000800473C8] -> 0x4663
mem[X,0x00000000800473CA] -> 0x00B5
[9937] [M]: 0x00000000800473C8 (0x00B54663) blt a0, a1, 0xc
mem[X,0x00000000800473D4] -> 0x0113
mem[X,0x00000000800473D6] -> 0x0031
[9938] [M]: 0x00000000800473D4 (0x00310113) addi sp, sp, 0x3
x2 <- 0x0000000000000003
mem[X,0x00000000800473D8] -> 0x006F
mem[X,0x00000000800473DA] -> 0x0040
[9939] [M]: 0x00000000800473D8 (0x0040006F) jal zero, 0x4
mem[X,0x00000000800473DC] -> 0xB823
mem[X,0x00000000800473DE] -> 0x2620
[9940] [M]: 0x00000000800473DC (0x2620B823) sd sp, 0x270(ra)
mem[0x0000000080050448] <- 0x0000000000000003
mem[X,0x00000000800473E0] -> 0x0537
mem[X,0x00000000800473E2] -> 0x0000
[9941] [M]: 0x00000000800473E0 (0x00000537) lui a0, 0x0
x10 <- 0x0000000000000000
mem[X,0x00000000800473E4] -> 0x0513
mem[X,0x00000000800473E6] -> 0xFFF5
[9942] [M]: 0x00000000800473E4 (0xFFF50513) addi a0, a0, -0x1
x10 <- 0xFFFFFFFFFFFFFFFF
mem[X,0x00000000800473E8] -> 0x1513
mem[X,0x00000000800473EA] -> 0x00B5
[9943] [M]: 0x00000000800473E8 (0x00B51513) slli a0, a0, 0xb
x10 <- 0xFFFFFFFFFFFFF800
mem[X,0x00000000800473EC] -> 0x0513
mem[X,0x00000000800473EE] -> 0x2575
[9944] [M]: 0x00000000800473EC (0x25750513) addi a0, a0, 0x257
x10 <- 0xFFFFFFFFFFFFFA57
mem[X,0x00000000800473F0] -> 0x1513
mem[X,0x00000000800473F2] -> 0x00B5
[9945] [M]: 0x00000000800473F0 (0x00B51513) slli a0, a0, 0xb
x10 <- 0xFFFFFFFFFFD2B800
mem[X,0x00000000800473F4] -> 0x0513
mem[X,0x00000000800473F6] -> 0x6C35
[9946] [M]: 0x00000000800473F4 (0x6C350513) addi a0, a0, 0x6c3
x10 <- 0xFFFFFFFFFFD2BEC3
mem[X,0x00000000800473F8] -> 0x1513
mem[X,0x00000000800473FA] -> 0x00A5
[9947] [M]: 0x00000000800473F8 (0x00A51513) slli a0, a0, 0xa
x10 <- 0xFFFFFFFF4AFB0C00
mem[X,0x00000000800473FC] -> 0x0513
mem[X,0x00000000800473FE] -> 0x0CE5
[9948] [M]: 0x00000000800473FC (0x0CE50513) addi a0, a0, 0xce
x10 <- 0xFFFFFFFF4AFB0CCE
mem[X,0x0000000080047400] -> 0x55B7
mem[X,0x0000000080047402] -> 0x5555
[9949] [M]: 0x0000000080047400 (0x555555B7) lui a1, 0x55555
x11 <- 0x0000000055555000
mem[X,0x0000000080047404] -> 0x8593
mem[X,0x0000000080047406] -> 0x5555
[9950] [M]: 0x0000000080047404 (0x55558593) addi a1, a1, 0x555
x11 <- 0x0000000055555555
mem[X,0x0000000080047408] -> 0x9593
mem[X,0x000000008004740A] -> 0x00B5
[9951] [M]: 0x0000000080047408 (0x00B59593) slli a1, a1, 0xb
x11 <- 0x000002AAAAAAA800
mem[X,0x000000008004740C] -> 0x8593
mem[X,0x000000008004740E] -> 0x2AA5
[9952] [M]: 0x000000008004740C (0x2AA58593) addi a1, a1, 0x2aa
x11 <- 0x000002AAAAAAAAAA
mem[X,0x0000000080047410] -> 0x9593
mem[X,0x0000000080047412] -> 0x00B5
[9953] [M]: 0x0000000080047410 (0x00B59593) slli a1, a1, 0xb
x11 <- 0x0015555555555000
mem[X,0x0000000080047414] -> 0x8593
mem[X,0x0000000080047416] -> 0x5555
[9954] [M]: 0x0000000080047414 (0x55558593) addi a1, a1, 0x555
x11 <- 0x0015555555555555
mem[X,0x0000000080047418] -> 0x9593
mem[X,0x000000008004741A] -> 0x00A5
[9955] [M]: 0x0000000080047418 (0x00A59593) slli a1, a1, 0xa
x11 <- 0x5555555555555400
mem[X,0x000000008004741C] -> 0x8593
mem[X,0x000000008004741E] -> 0x1555
[9956] [M]: 0x000000008004741C (0x15558593) addi a1, a1, 0x155
x11 <- 0x5555555555555555
mem[X,0x0000000080047420] -> 0x0113
mem[X,0x0000000080047422] -> 0x0000
[9957] [M]: 0x0000000080047420 (0x00000113) addi sp, zero, 0x0
x2 <- 0x0000000000000000
mem[X,0x0000000080047424] -> 0x006F
mem[X,0x0000000080047426] -> 0x00C0
[9958] [M]: 0x0000000080047424 (0x00C0006F) jal zero, 0xc
mem[X,0x0000000080047430] -> 0x4063
mem[X,0x0000000080047432] -> 0x02B5
[9959] [M]: 0x0000000080047430 (0x02B54063) blt a0, a1, 0x20
mem[X,0x0000000080047450] -> 0x0113
mem[X,0x0000000080047452] -> 0x0031
[9960] [M]: 0x0000000080047450 (0x00310113) addi sp, sp, 0x3
x2 <- 0x0000000000000003
mem[X,0x0000000080047454] -> 0x006F
mem[X,0x0000000080047456] -> 0x0040
[9961] [M]: 0x0000000080047454 (0x0040006F) jal zero, 0x4
mem[X,0x0000000080047458] -> 0xBC23
mem[X,0x000000008004745A] -> 0x2620
[9962] [M]: 0x0000000080047458 (0x2620BC23) sd sp, 0x278(ra)
mem[0x0000000080050450] <- 0x0000000000000003
mem[X,0x000000008004745C] -> 0x0537
mem[X,0x000000008004745E] -> 0x0000
[9963] [M]: 0x000000008004745C (0x00000537) lui a0, 0x0
x10 <- 0x0000000000000000
mem[X,0x0000000080047460] -> 0x0513
mem[X,0x0000000080047462] -> 0xFFF5
[9964] [M]: 0x0000000080047460 (0xFFF50513) addi a0, a0, -0x1
x10 <- 0xFFFFFFFFFFFFFFFF
mem[X,0x0000000080047464] -> 0x1513
mem[X,0x0000000080047466] -> 0x00B5
[9965] [M]: 0x0000000080047464 (0x00B51513) slli a0, a0, 0xb
x10 <- 0xFFFFFFFFFFFFF800
mem[X,0x0000000080047468] -> 0x0513
mem[X,0x000000008004746A] -> 0x2575
[9966] [M]: 0x0000000080047468 (0x25750513) addi a0, a0, 0x257
x10 <- 0xFFFFFFFFFFFFFA57
mem[X,0x000000008004746C] -> 0x1513
mem[X,0x000000008004746E] -> 0x00B5
[9967] [M]: 0x000000008004746C (0x00B51513) slli a0, a0, 0xb
x10 <- 0xFFFFFFFFFFD2B800
mem[X,0x0000000080047470] -> 0x0513
mem[X,0x0000000080047472] -> 0x6C35
[9968] [M]: 0x0000000080047470 (0x6C350513) addi a0, a0, 0x6c3
x10 <- 0xFFFFFFFFFFD2BEC3
mem[X,0x0000000080047474] -> 0x1513
mem[X,0x0000000080047476] -> 0x00A5
[9969] [M]: 0x0000000080047474 (0x00A51513) slli a0, a0, 0xa
x10 <- 0xFFFFFFFF4AFB0C00
mem[X,0x0000000080047478] -> 0x0513
mem[X,0x000000008004747A] -> 0x0CE5
[9970] [M]: 0x0000000080047478 (0x0CE50513) addi a0, a0, 0xce
x10 <- 0xFFFFFFFF4AFB0CCE
mem[X,0x000000008004747C] -> 0xB5B7
mem[X,0x000000008004747E] -> 0xAAAA
[9971] [M]: 0x000000008004747C (0xAAAAB5B7) lui a1, -0x55555
x11 <- 0xFFFFFFFFAAAAB000
mem[X,0x0000000080047480] -> 0x8593
mem[X,0x0000000080047482] -> 0xAAA5
[9972] [M]: 0x0000000080047480 (0xAAA58593) addi a1, a1, -0x556
x11 <- 0xFFFFFFFFAAAAAAAA
mem[X,0x0000000080047484] -> 0x9593
mem[X,0x0000000080047486] -> 0x00B5
[9973] [M]: 0x0000000080047484 (0x00B59593) slli a1, a1, 0xb
x11 <- 0xFFFFFD5555555000
mem[X,0x0000000080047488] -> 0x8593
mem[X,0x000000008004748A] -> 0x5555
[9974] [M]: 0x0000000080047488 (0x55558593) addi a1, a1, 0x555
x11 <- 0xFFFFFD5555555555
mem[X,0x000000008004748C] -> 0x9593
mem[X,0x000000008004748E] -> 0x00B5
[9975] [M]: 0x000000008004748C (0x00B59593) slli a1, a1, 0xb
x11 <- 0xFFEAAAAAAAAAA800
mem[X,0x0000000080047490] -> 0x8593
mem[X,0x0000000080047492] -> 0x2AA5
[9976] [M]: 0x0000000080047490 (0x2AA58593) addi a1, a1, 0x2aa
x11 <- 0xFFEAAAAAAAAAAAAA
mem[X,0x0000000080047494] -> 0x9593
mem[X,0x0000000080047496] -> 0x00A5
[9977] [M]: 0x0000000080047494 (0x00A59593) slli a1, a1, 0xa
x11 <- 0xAAAAAAAAAAAAA800
mem[X,0x0000000080047498] -> 0x8593
mem[X,0x000000008004749A] -> 0x2AA5
[9978] [M]: 0x0000000080047498 (0x2AA58593) addi a1, a1, 0x2aa
x11 <- 0xAAAAAAAAAAAAAAAA
mem[X,0x000000008004749C] -> 0x0113
mem[X,0x000000008004749E] -> 0x0000
[9979] [M]: 0x000000008004749C (0x00000113) addi sp, zero, 0x0
x2 <- 0x0000000000000000
mem[X,0x00000000800474A0] -> 0x006F
mem[X,0x00000000800474A2] -> 0x00C0
[9980] [M]: 0x00000000800474A0 (0x00C0006F) jal zero, 0xc
mem[X,0x00000000800474AC] -> 0x4663
mem[X,0x00000000800474AE] -> 0x00B5
[9981] [M]: 0x00000000800474AC (0x00B54663) blt a0, a1, 0xc
mem[X,0x00000000800474B0] -> 0x0113
mem[X,0x00000000800474B2] -> 0x0021
[9982] [M]: 0x00000000800474B0 (0x00210113) addi sp, sp, 0x2
x2 <- 0x0000000000000002
mem[X,0x00000000800474B4] -> 0x006F
mem[X,0x00000000800474B6] -> 0x00C0
[9983] [M]: 0x00000000800474B4 (0x00C0006F) jal zero, 0xc
mem[X,0x00000000800474C0] -> 0xB023
mem[X,0x00000000800474C2] -> 0x2820
[9984] [M]: 0x00000000800474C0 (0x2820B023) sd sp, 0x280(ra)
mem[0x0000000080050458] <- 0x0000000000000002
mem[X,0x00000000800474C4] -> 0x0537
mem[X,0x00000000800474C6] -> 0x0000
[9985] [M]: 0x00000000800474C4 (0x00000537) lui a0, 0x0
x10 <- 0x0000000000000000
mem[X,0x00000000800474C8] -> 0x0513
mem[X,0x00000000800474CA] -> 0xFFF5
[9986] [M]: 0x00000000800474C8 (0xFFF50513) addi a0, a0, -0x1
x10 <- 0xFFFFFFFFFFFFFFFF
mem[X,0x00000000800474CC] -> 0x1513
mem[X,0x00000000800474CE] -> 0x00B5
[9987] [M]: 0x00000000800474CC (0x00B51513) slli a0, a0, 0xb
x10 <- 0xFFFFFFFFFFFFF800
mem[X,0x00000000800474D0] -> 0x0513
mem[X,0x00000000800474D2] -> 0x2575
[9988] [M]: 0x00000000800474D0 (0x25750513) addi a0, a0, 0x257
x10 <- 0xFFFFFFFFFFFFFA57
mem[X,0x00000000800474D4] -> 0x1513
mem[X,0x00000000800474D6] -> 0x00B5
[9989] [M]: 0x00000000800474D4 (0x00B51513) slli a0, a0, 0xb
x10 <- 0xFFFFFFFFFFD2B800
mem[X,0x00000000800474D8] -> 0x0513
mem[X,0x00000000800474DA] -> 0x6C35
[9990] [M]: 0x00000000800474D8 (0x6C350513) addi a0, a0, 0x6c3
x10 <- 0xFFFFFFFFFFD2BEC3
mem[X,0x00000000800474DC] -> 0x1513
mem[X,0x00000000800474DE] -> 0x00A5
[9991] [M]: 0x00000000800474DC (0x00A51513) slli a0, a0, 0xa
x10 <- 0xFFFFFFFF4AFB0C00
mem[X,0x00000000800474E0] -> 0x0513
mem[X,0x00000000800474E2] -> 0x0CE5
[9992] [M]: 0x00000000800474E0 (0x0CE50513) addi a0, a0, 0xce
x10 <- 0xFFFFFFFF4AFB0CCE
mem[X,0x00000000800474E4] -> 0x0593
mem[X,0x00000000800474E6] -> 0x0050
[9993] [M]: 0x00000000800474E4 (0x00500593) addi a1, zero, 0x5
x11 <- 0x0000000000000005
mem[X,0x00000000800474E8] -> 0x0113
mem[X,0x00000000800474EA] -> 0x0000
[9994] [M]: 0x00000000800474E8 (0x00000113) addi sp, zero, 0x0
x2 <- 0x0000000000000000
mem[X,0x00000000800474EC] -> 0x006F
mem[X,0x00000000800474EE] -> 0x00C0
[9995] [M]: 0x00000000800474EC (0x00C0006F) jal zero, 0xc
mem[X,0x00000000800474F8] -> 0x4863
mem[X,0x00000000800474FA] -> 0x00B5
[9996] [M]: 0x00000000800474F8 (0x00B54863) blt a0, a1, 0x10
mem[X,0x0000000080047508] -> 0x0113
mem[X,0x000000008004750A] -> 0x0031
[9997] [M]: 0x0000000080047508 (0x00310113) addi sp, sp, 0x3
x2 <- 0x0000000000000003
mem[X,0x000000008004750C] -> 0x006F
mem[X,0x000000008004750E] -> 0x0040
[9998] [M]: 0x000000008004750C (0x0040006F) jal zero, 0x4
mem[X,0x0000000080047510] -> 0xB423
mem[X,0x0000000080047512] -> 0x2820
[9999] [M]: 0x0000000080047510 (0x2820B423) sd sp, 0x288(ra)
mem[0x0000000080050460] <- 0x0000000000000003
clint::tick mtime <- 0x0000000000000064
 clint timer pending at mtime 0x0000000000000064
htif::tick 0x0000000000000000
mem[X,0x0000000080047514] -> 0x0537
mem[X,0x0000000080047516] -> 0x0000
[10000] [M]: 0x0000000080047514 (0x00000537) lui a0, 0x0
x10 <- 0x0000000000000000
mem[X,0x0000000080047518] -> 0x0513
mem[X,0x000000008004751A] -> 0xFFF5
[10001] [M]: 0x0000000080047518 (0xFFF50513) addi a0, a0, -0x1
x10 <- 0xFFFFFFFFFFFFFFFF
mem[X,0x000000008004751C] -> 0x1513
mem[X,0x000000008004751E] -> 0x00B5
[10002] [M]: 0x000000008004751C (0x00B51513) slli a0, a0, 0xb
x10 <- 0xFFFFFFFFFFFFF800
mem[X,0x0000000080047520] -> 0x0513
mem[X,0x0000000080047522] -> 0x2575
[10003] [M]: 0x0000000080047520 (0x25750513) addi a0, a0, 0x257
x10 <- 0xFFFFFFFFFFFFFA57
mem[X,0x0000000080047524] -> 0x1513
mem[X,0x0000000080047526] -> 0x00B5
[10004] [M]: 0x0000000080047524 (0x00B51513) slli a0, a0, 0xb
x10 <- 0xFFFFFFFFFFD2B800
mem[X,0x0000000080047528] -> 0x0513
mem[X,0x000000008004752A] -> 0x6C35
[10005] [M]: 0x0000000080047528 (0x6C350513) addi a0, a0, 0x6c3
x10 <- 0xFFFFFFFFFFD2BEC3
mem[X,0x000000008004752C] -> 0x1513
mem[X,0x000000008004752E] -> 0x00A5
[10006] [M]: 0x000000008004752C (0x00A51513) slli a0, a0, 0xa
x10 <- 0xFFFFFFFF4AFB0C00
mem[X,0x0000000080047530] -> 0x0513
mem[X,0x0000000080047532] -> 0x0CE5
[10007] [M]: 0x0000000080047530 (0x0CE50513) addi a0, a0, 0xce
x10 <- 0xFFFFFFFF4AFB0CCE
mem[X,0x0000000080047534] -> 0x35B7
mem[X,0x0000000080047536] -> 0x3333
[10008] [M]: 0x0000000080047534 (0x333335B7) lui a1, 0x33333
x11 <- 0x0000000033333000
mem[X,0x0000000080047538] -> 0x8593
mem[X,0x000000008004753A] -> 0x3335
[10009] [M]: 0x0000000080047538 (0x33358593) addi a1, a1, 0x333
x11 <- 0x0000000033333333
mem[X,0x000000008004753C] -> 0x9593
mem[X,0x000000008004753E] -> 0x00B5
[10010] [M]: 0x000000008004753C (0x00B59593) slli a1, a1, 0xb
x11 <- 0x0000019999999800
mem[X,0x0000000080047540] -> 0x8593
mem[X,0x0000000080047542] -> 0x1995
[10011] [M]: 0x0000000080047540 (0x19958593) addi a1, a1, 0x199
x11 <- 0x0000019999999999
mem[X,0x0000000080047544] -> 0x9593
mem[X,0x0000000080047546] -> 0x00B5
[10012] [M]: 0x0000000080047544 (0x00B59593) slli a1, a1, 0xb
x11 <- 0x000CCCCCCCCCC800
mem[X,0x0000000080047548] -> 0x8593
mem[X,0x000000008004754A] -> 0x4CC5
[10013] [M]: 0x0000000080047548 (0x4CC58593) addi a1, a1, 0x4cc
x11 <- 0x000CCCCCCCCCCCCC
mem[X,0x000000008004754C] -> 0x9593
mem[X,0x000000008004754E] -> 0x00A5
[10014] [M]: 0x000000008004754C (0x00A59593) slli a1, a1, 0xa
x11 <- 0x3333333333333000
mem[X,0x0000000080047550] -> 0x8593
mem[X,0x0000000080047552] -> 0x3335
[10015] [M]: 0x0000000080047550 (0x33358593) addi a1, a1, 0x333
x11 <- 0x3333333333333333
mem[X,0x0000000080047554] -> 0x0113
mem[X,0x0000000080047556] -> 0x0000
[10016] [M]: 0x0000000080047554 (0x00000113) addi sp, zero, 0x0
x2 <- 0x0000000000000000
mem[X,0x0000000080047558] -> 0x006F
mem[X,0x000000008004755A] -> 0x00C0
[10017] [M]: 0x0000000080047558 (0x00C0006F) jal zero, 0xc
mem[X,0x0000000080047564] -> 0x4863
mem[X,0x0000000080047566] -> 0x00B5
[10018] [M]: 0x0000000080047564 (0x00B54863) blt a0, a1, 0x10
mem[X,0x0000000080047574] -> 0x0113
mem[X,0x0000000080047576] -> 0x0031
[10019] [M]: 0x0000000080047574 (0x00310113) addi sp, sp, 0x3
x2 <- 0x0000000000000003
mem[X,0x0000000080047578] -> 0x006F
mem[X,0x000000008004757A] -> 0x0040
[10020] [M]: 0x0000000080047578 (0x0040006F) jal zero, 0x4
mem[X,0x000000008004757C] -> 0xB823
mem[X,0x000000008004757E] -> 0x2820
[10021] [M]: 0x000000008004757C (0x2820B823) sd sp, 0x290(ra)
mem[0x0000000080050468] <- 0x0000000000000003
mem[X,0x0000000080047580] -> 0x0537
mem[X,0x0000000080047582] -> 0x0000
[10022] [M]: 0x0000000080047580 (0x00000537) lui a0, 0x0
x10 <- 0x0000000000000000
mem[X,0x0000000080047584] -> 0x0513
mem[X,0x0000000080047586] -> 0xFFF5
[10023] [M]: 0x0000000080047584 (0xFFF50513) addi a0, a0, -0x1
x10 <- 0xFFFFFFFFFFFFFFFF
mem[X,0x0000000080047588] -> 0x1513
mem[X,0x000000008004758A] -> 0x00B5
[10024] [M]: 0x0000000080047588 (0x00B51513) slli a0, a0, 0xb
x10 <- 0xFFFFFFFFFFFFF800
mem[X,0x000000008004758C] -> 0x0513
mem[X,0x000000008004758E] -> 0x2575
[10025] [M]: 0x000000008004758C (0x25750513) addi a0, a0, 0x257
x10 <- 0xFFFFFFFFFFFFFA57
mem[X,0x0000000080047590] -> 0x1513
mem[X,0x0000000080047592] -> 0x00B5
[10026] [M]: 0x0000000080047590 (0x00B51513) slli a0, a0, 0xb
x10 <- 0xFFFFFFFFFFD2B800
mem[X,0x0000000080047594] -> 0x0513
mem[X,0x0000000080047596] -> 0x6C35
[10027] [M]: 0x0000000080047594 (0x6C350513) addi a0, a0, 0x6c3
x10 <- 0xFFFFFFFFFFD2BEC3
mem[X,0x0000000080047598] -> 0x1513
mem[X,0x000000008004759A] -> 0x00A5
[10028] [M]: 0x0000000080047598 (0x00A51513) slli a0, a0, 0xa
x10 <- 0xFFFFFFFF4AFB0C00
mem[X,0x000000008004759C] -> 0x0513
mem[X,0x000000008004759E] -> 0x0CE5
[10029] [M]: 0x000000008004759C (0x0CE50513) addi a0, a0, 0xce
x10 <- 0xFFFFFFFF4AFB0CCE
mem[X,0x00000000800475A0] -> 0x65B7
mem[X,0x00000000800475A2] -> 0x6666
[10030] [M]: 0x00000000800475A0 (0x666665B7) lui a1, 0x66666
x11 <- 0x0000000066666000
mem[X,0x00000000800475A4] -> 0x8593
mem[X,0x00000000800475A6] -> 0x6665
[10031] [M]: 0x00000000800475A4 (0x66658593) addi a1, a1, 0x666
x11 <- 0x0000000066666666
mem[X,0x00000000800475A8] -> 0x9593
mem[X,0x00000000800475AA] -> 0x00B5
[10032] [M]: 0x00000000800475A8 (0x00B59593) slli a1, a1, 0xb
x11 <- 0x0000033333333000
mem[X,0x00000000800475AC] -> 0x8593
mem[X,0x00000000800475AE] -> 0x3335
[10033] [M]: 0x00000000800475AC (0x33358593) addi a1, a1, 0x333
x11 <- 0x0000033333333333
mem[X,0x00000000800475B0] -> 0x9593
mem[X,0x00000000800475B2] -> 0x00B5
[10034] [M]: 0x00000000800475B0 (0x00B59593) slli a1, a1, 0xb
x11 <- 0x0019999999999800
mem[X,0x00000000800475B4] -> 0x8593
mem[X,0x00000000800475B6] -> 0x1995
[10035] [M]: 0x00000000800475B4 (0x19958593) addi a1, a1, 0x199
x11 <- 0x0019999999999999
mem[X,0x00000000800475B8] -> 0x9593
mem[X,0x00000000800475BA] -> 0x00A5
[10036] [M]: 0x00000000800475B8 (0x00A59593) slli a1, a1, 0xa
x11 <- 0x6666666666666400
mem[X,0x00000000800475BC] -> 0x8593
mem[X,0x00000000800475BE] -> 0x2665
[10037] [M]: 0x00000000800475BC (0x26658593) addi a1, a1, 0x266
x11 <- 0x6666666666666666
mem[X,0x00000000800475C0] -> 0x0113
mem[X,0x00000000800475C2] -> 0x0000
[10038] [M]: 0x00000000800475C0 (0x00000113) addi sp, zero, 0x0
x2 <- 0x0000000000000000
mem[X,0x00000000800475C4] -> 0x006F
mem[X,0x00000000800475C6] -> 0x00C0
[10039] [M]: 0x00000000800475C4 (0x00C0006F) jal zero, 0xc
mem[X,0x00000000800475D0] -> 0x4CE3
mem[X,0x00000000800475D2] -> 0xFEB5
[10040] [M]: 0x00000000800475D0 (0xFEB54CE3) blt a0, a1, -0x8
mem[X,0x00000000800475C8] -> 0x0113
mem[X,0x00000000800475CA] -> 0x0011
[10041] [M]: 0x00000000800475C8 (0x00110113) addi sp, sp, 0x1
x2 <- 0x0000000000000001
mem[X,0x00000000800475CC] -> 0x006F
mem[X,0x00000000800475CE] -> 0x0180
[10042] [M]: 0x00000000800475CC (0x0180006F) jal zero, 0x18
mem[X,0x00000000800475E4] -> 0xBC23
mem[X,0x00000000800475E6] -> 0x2820
[10043] [M]: 0x00000000800475E4 (0x2820BC23) sd sp, 0x298(ra)
mem[0x0000000080050470] <- 0x0000000000000001
mem[X,0x00000000800475E8] -> 0x0537
mem[X,0x00000000800475EA] -> 0x0000
[10044] [M]: 0x00000000800475E8 (0x00000537) lui a0, 0x0
x10 <- 0x0000000000000000
mem[X,0x00000000800475EC] -> 0x0513
mem[X,0x00000000800475EE] -> 0xFFF5
[10045] [M]: 0x00000000800475EC (0xFFF50513) addi a0, a0, -0x1
x10 <- 0xFFFFFFFFFFFFFFFF
mem[X,0x00000000800475F0] -> 0x1513
mem[X,0x00000000800475F2] -> 0x00B5
[10046] [M]: 0x00000000800475F0 (0x00B51513) slli a0, a0, 0xb
x10 <- 0xFFFFFFFFFFFFF800
mem[X,0x00000000800475F4] -> 0x0513
mem[X,0x00000000800475F6] -> 0x2575
[10047] [M]: 0x00000000800475F4 (0x25750513) addi a0, a0, 0x257
x10 <- 0xFFFFFFFFFFFFFA57
mem[X,0x00000000800475F8] -> 0x1513
mem[X,0x00000000800475FA] -> 0x00B5
[10048] [M]: 0x00000000800475F8 (0x00B51513) slli a0, a0, 0xb
x10 <- 0xFFFFFFFFFFD2B800
mem[X,0x00000000800475FC] -> 0x0513
mem[X,0x00000000800475FE] -> 0x6C35
[10049] [M]: 0x00000000800475FC (0x6C350513) addi a0, a0, 0x6c3
x10 <- 0xFFFFFFFFFFD2BEC3
mem[X,0x0000000080047600] -> 0x1513
mem[X,0x0000000080047602] -> 0x00A5
[10050] [M]: 0x0000000080047600 (0x00A51513) slli a0, a0, 0xa
x10 <- 0xFFFFFFFF4AFB0C00
mem[X,0x0000000080047604] -> 0x0513
mem[X,0x0000000080047606] -> 0x0CE5
[10051] [M]: 0x0000000080047604 (0x0CE50513) addi a0, a0, 0xce
x10 <- 0xFFFFFFFF4AFB0CCE
mem[X,0x0000000080047608] -> 0x05B7
mem[X,0x000000008004760A] -> 0x0000
[10052] [M]: 0x0000000080047608 (0x000005B7) lui a1, 0x0
x11 <- 0x0000000000000000
mem[X,0x000000008004760C] -> 0x8593
mem[X,0x000000008004760E] -> 0xFFF5
[10053] [M]: 0x000000008004760C (0xFFF58593) addi a1, a1, -0x1
x11 <- 0xFFFFFFFFFFFFFFFF
mem[X,0x0000000080047610] -> 0x9593
mem[X,0x0000000080047612] -> 0x00B5
[10054] [M]: 0x0000000080047610 (0x00B59593) slli a1, a1, 0xb
x11 <- 0xFFFFFFFFFFFFF800
mem[X,0x0000000080047614] -> 0x8593
mem[X,0x0000000080047616] -> 0x2575
[10055] [M]: 0x0000000080047614 (0x25758593) addi a1, a1, 0x257
x11 <- 0xFFFFFFFFFFFFFA57
mem[X,0x0000000080047618] -> 0x9593
mem[X,0x000000008004761A] -> 0x00B5
[10056] [M]: 0x0000000080047618 (0x00B59593) slli a1, a1, 0xb
x11 <- 0xFFFFFFFFFFD2B800
mem[X,0x000000008004761C] -> 0x8593
mem[X,0x000000008004761E] -> 0x6C35
[10057] [M]: 0x000000008004761C (0x6C358593) addi a1, a1, 0x6c3
x11 <- 0xFFFFFFFFFFD2BEC3
mem[X,0x0000000080047620] -> 0x9593
mem[X,0x0000000080047622] -> 0x00A5
[10058] [M]: 0x0000000080047620 (0x00A59593) slli a1, a1, 0xa
x11 <- 0xFFFFFFFF4AFB0C00
mem[X,0x0000000080047624] -> 0x8593
mem[X,0x0000000080047626] -> 0x0CD5
[10059] [M]: 0x0000000080047624 (0x0CD58593) addi a1, a1, 0xcd
x11 <- 0xFFFFFFFF4AFB0CCD
mem[X,0x0000000080047628] -> 0x0113
mem[X,0x000000008004762A] -> 0x0000
[10060] [M]: 0x0000000080047628 (0x00000113) addi sp, zero, 0x0
x2 <- 0x0000000000000000
mem[X,0x000000008004762C] -> 0x006F
mem[X,0x000000008004762E] -> 0x00C0
[10061] [M]: 0x000000008004762C (0x00C0006F) jal zero, 0xc
mem[X,0x0000000080047638] -> 0x4CE3
mem[X,0x000000008004763A] -> 0xFEB5
[10062] [M]: 0x0000000080047638 (0xFEB54CE3) blt a0, a1, -0x8
mem[X,0x000000008004763C] -> 0x0113
mem[X,0x000000008004763E] -> 0x0021
[10063] [M]: 0x000000008004763C (0x00210113) addi sp, sp, 0x2
x2 <- 0x0000000000000002
mem[X,0x0000000080047640] -> 0x006F
mem[X,0x0000000080047642] -> 0x00C0
[10064] [M]: 0x0000000080047640 (0x00C0006F) jal zero, 0xc
mem[X,0x000000008004764C] -> 0xB023
mem[X,0x000000008004764E] -> 0x2A20
[10065] [M]: 0x000000008004764C (0x2A20B023) sd sp, 0x2a0(ra)
mem[0x0000000080050478] <- 0x0000000000000002
mem[X,0x0000000080047650] -> 0x0537
mem[X,0x0000000080047652] -> 0x0000
[10066] [M]: 0x0000000080047650 (0x00000537) lui a0, 0x0
x10 <- 0x0000000000000000
mem[X,0x0000000080047654] -> 0x0513
mem[X,0x0000000080047656] -> 0xFFF5
[10067] [M]: 0x0000000080047654 (0xFFF50513) addi a0, a0, -0x1
x10 <- 0xFFFFFFFFFFFFFFFF
mem[X,0x0000000080047658] -> 0x1513
mem[X,0x000000008004765A] -> 0x00B5
[10068] [M]: 0x0000000080047658 (0x00B51513) slli a0, a0, 0xb
x10 <- 0xFFFFFFFFFFFFF800
mem[X,0x000000008004765C] -> 0x0513
mem[X,0x000000008004765E] -> 0x2575
[10069] [M]: 0x000000008004765C (0x25750513) addi a0, a0, 0x257
x10 <- 0xFFFFFFFFFFFFFA57
mem[X,0x0000000080047660] -> 0x1513
mem[X,0x0000000080047662] -> 0x00B5
[10070] [M]: 0x0000000080047660 (0x00B51513) slli a0, a0, 0xb
x10 <- 0xFFFFFFFFFFD2B800
mem[X,0x0000000080047664] -> 0x0513
mem[X,0x0000000080047666] -> 0x6C35
[10071] [M]: 0x0000000080047664 (0x6C350513) addi a0, a0, 0x6c3
x10 <- 0xFFFFFFFFFFD2BEC3
mem[X,0x0000000080047668] -> 0x1513
mem[X,0x000000008004766A] -> 0x00A5
[10072] [M]: 0x0000000080047668 (0x00A51513) slli a0, a0, 0xa
x10 <- 0xFFFFFFFF4AFB0C00
mem[X,0x000000008004766C] -> 0x0513
mem[X,0x000000008004766E] -> 0x0CE5
[10073] [M]: 0x000000008004766C (0x0CE50513) addi a0, a0, 0xce
x10 <- 0xFFFFFFFF4AFB0CCE
mem[X,0x0000000080047670] -> 0x05B7
mem[X,0x0000000080047672] -> 0x0000
[10074] [M]: 0x0000000080047670 (0x000005B7) lui a1, 0x0
x11 <- 0x0000000000000000
mem[X,0x0000000080047674] -> 0x8593
mem[X,0x0000000080047676] -> 0x0005
[10075] [M]: 0x0000000080047674 (0x00058593) addi a1, a1, 0x0
x11 <- 0x0000000000000000
mem[X,0x0000000080047678] -> 0x9593
mem[X,0x000000008004767A] -> 0x00B5
[10076] [M]: 0x0000000080047678 (0x00B59593) slli a1, a1, 0xb
x11 <- 0x0000000000000000
mem[X,0x000000008004767C] -> 0x8593
mem[X,0x000000008004767E] -> 0x5A85
[10077] [M]: 0x000000008004767C (0x5A858593) addi a1, a1, 0x5a8
x11 <- 0x00000000000005A8
mem[X,0x0000000080047680] -> 0x9593
mem[X,0x0000000080047682] -> 0x00B5
[10078] [M]: 0x0000000080047680 (0x00B59593) slli a1, a1, 0xb
x11 <- 0x00000000002D4000
mem[X,0x0000000080047684] -> 0x8593
mem[X,0x0000000080047686] -> 0x13C5
[10079] [M]: 0x0000000080047684 (0x13C58593) addi a1, a1, 0x13c
x11 <- 0x00000000002D413C
mem[X,0x0000000080047688] -> 0x9593
mem[X,0x000000008004768A] -> 0x00A5
[10080] [M]: 0x0000000080047688 (0x00A59593) slli a1, a1, 0xa
x11 <- 0x00000000B504F000
mem[X,0x000000008004768C] -> 0x8593
mem[X,0x000000008004768E] -> 0x3335
[10081] [M]: 0x000000008004768C (0x33358593) addi a1, a1, 0x333
x11 <- 0x00000000B504F333
mem[X,0x0000000080047690] -> 0x0113
mem[X,0x0000000080047692] -> 0x0000
[10082] [M]: 0x0000000080047690 (0x00000113) addi sp, zero, 0x0
x2 <- 0x0000000000000000
mem[X,0x0000000080047694] -> 0x006F
mem[X,0x0000000080047696] -> 0x0050
[10083] [M]: 0x0000000080047694 (0x0050006F) jal zero, 0x804
mem[X,0x0000000080047E98] -> 0x40E3
mem[X,0x0000000080047E9A] -> 0x80B5
[10084] [M]: 0x0000000080047E98 (0x80B540E3) blt a0, a1, -0x800
mem[X,0x0000000080047698] -> 0x0113
mem[X,0x000000008004769A] -> 0x0011
[10085] [M]: 0x0000000080047698 (0x00110113) addi sp, sp, 0x1
x2 <- 0x0000000000000001
mem[X,0x000000008004769C] -> 0x006F
mem[X,0x000000008004769E] -> 0x0110
[10086] [M]: 0x000000008004769C (0x0110006F) jal zero, 0x810
mem[X,0x0000000080047EAC] -> 0xB423
mem[X,0x0000000080047EAE] -> 0x2A20
[10087] [M]: 0x0000000080047EAC (0x2A20B423) sd sp, 0x2a8(ra)
mem[0x0000000080050480] <- 0x0000000000000001
mem[X,0x0000000080047EB0] -> 0x0537
mem[X,0x0000000080047EB2] -> 0x0000
[10088] [M]: 0x0000000080047EB0 (0x00000537) lui a0, 0x0
x10 <- 0x0000000000000000
mem[X,0x0000000080047EB4] -> 0x0513
mem[X,0x0000000080047EB6] -> 0xFFF5
[10089] [M]: 0x0000000080047EB4 (0xFFF50513) addi a0, a0, -0x1
x10 <- 0xFFFFFFFFFFFFFFFF
mem[X,0x0000000080047EB8] -> 0x1513
mem[X,0x0000000080047EBA] -> 0x00B5
[10090] [M]: 0x0000000080047EB8 (0x00B51513) slli a0, a0, 0xb
x10 <- 0xFFFFFFFFFFFFF800
mem[X,0x0000000080047EBC] -> 0x0513
mem[X,0x0000000080047EBE] -> 0x2575
[10091] [M]: 0x0000000080047EBC (0x25750513) addi a0, a0, 0x257
x10 <- 0xFFFFFFFFFFFFFA57
mem[X,0x0000000080047EC0] -> 0x1513
mem[X,0x0000000080047EC2] -> 0x00B5
[10092] [M]: 0x0000000080047EC0 (0x00B51513) slli a0, a0, 0xb
x10 <- 0xFFFFFFFFFFD2B800
mem[X,0x0000000080047EC4] -> 0x0513
mem[X,0x0000000080047EC6] -> 0x6C35
[10093] [M]: 0x0000000080047EC4 (0x6C350513) addi a0, a0, 0x6c3
x10 <- 0xFFFFFFFFFFD2BEC3
mem[X,0x0000000080047EC8] -> 0x1513
mem[X,0x0000000080047ECA] -> 0x00A5
[10094] [M]: 0x0000000080047EC8 (0x00A51513) slli a0, a0, 0xa
x10 <- 0xFFFFFFFF4AFB0C00
mem[X,0x0000000080047ECC] -> 0x0513
mem[X,0x0000000080047ECE] -> 0x0CE5
[10095] [M]: 0x0000000080047ECC (0x0CE50513) addi a0, a0, 0xce
x10 <- 0xFFFFFFFF4AFB0CCE
mem[X,0x0000000080047ED0] -> 0x0593
mem[X,0x0000000080047ED2] -> 0x0020
[10096] [M]: 0x0000000080047ED0 (0x00200593) addi a1, zero, 0x2
x11 <- 0x0000000000000002
mem[X,0x0000000080047ED4] -> 0x0113
mem[X,0x0000000080047ED6] -> 0x0000
[10097] [M]: 0x0000000080047ED4 (0x00000113) addi sp, zero, 0x0
x2 <- 0x0000000000000000
mem[X,0x0000000080047ED8] -> 0x006F
mem[X,0x0000000080047EDA] -> 0x00C0
[10098] [M]: 0x0000000080047ED8 (0x00C0006F) jal zero, 0xc
mem[X,0x0000000080047EE4] -> 0x4663
mem[X,0x0000000080047EE6] -> 0x00B5
[10099] [M]: 0x0000000080047EE4 (0x00B54663) blt a0, a1, 0xc
clint::tick mtime <- 0x0000000000000065
 clint timer pending at mtime 0x0000000000000065
htif::tick 0x0000000000000000
mem[X,0x0000000080047EF0] -> 0x0113
mem[X,0x0000000080047EF2] -> 0x0031
[10100] [M]: 0x0000000080047EF0 (0x00310113) addi sp, sp, 0x3
x2 <- 0x0000000000000003
mem[X,0x0000000080047EF4] -> 0x006F
mem[X,0x0000000080047EF6] -> 0x0040
[10101] [M]: 0x0000000080047EF4 (0x0040006F) jal zero, 0x4
mem[X,0x0000000080047EF8] -> 0xB823
mem[X,0x0000000080047EFA] -> 0x2A20
[10102] [M]: 0x0000000080047EF8 (0x2A20B823) sd sp, 0x2b0(ra)
mem[0x0000000080050488] <- 0x0000000000000003
mem[X,0x0000000080047EFC] -> 0x0537
mem[X,0x0000000080047EFE] -> 0x0000
[10103] [M]: 0x0000000080047EFC (0x00000537) lui a0, 0x0
x10 <- 0x0000000000000000
mem[X,0x0000000080047F00] -> 0x0513
mem[X,0x0000000080047F02] -> 0xFFF5
[10104] [M]: 0x0000000080047F00 (0xFFF50513) addi a0, a0, -0x1
x10 <- 0xFFFFFFFFFFFFFFFF
mem[X,0x0000000080047F04] -> 0x1513
mem[X,0x0000000080047F06] -> 0x00B5
[10105] [M]: 0x0000000080047F04 (0x00B51513) slli a0, a0, 0xb
x10 <- 0xFFFFFFFFFFFFF800
mem[X,0x0000000080047F08] -> 0x0513
mem[X,0x0000000080047F0A] -> 0x2575
[10106] [M]: 0x0000000080047F08 (0x25750513) addi a0, a0, 0x257
x10 <- 0xFFFFFFFFFFFFFA57
mem[X,0x0000000080047F0C] -> 0x1513
mem[X,0x0000000080047F0E] -> 0x00B5
[10107] [M]: 0x0000000080047F0C (0x00B51513) slli a0, a0, 0xb
x10 <- 0xFFFFFFFFFFD2B800
mem[X,0x0000000080047F10] -> 0x0513
mem[X,0x0000000080047F12] -> 0x6C35
[10108] [M]: 0x0000000080047F10 (0x6C350513) addi a0, a0, 0x6c3
x10 <- 0xFFFFFFFFFFD2BEC3
mem[X,0x0000000080047F14] -> 0x1513
mem[X,0x0000000080047F16] -> 0x00A5
[10109] [M]: 0x0000000080047F14 (0x00A51513) slli a0, a0, 0xa
x10 <- 0xFFFFFFFF4AFB0C00
mem[X,0x0000000080047F18] -> 0x0513
mem[X,0x0000000080047F1A] -> 0x0CE5
[10110] [M]: 0x0000000080047F18 (0x0CE50513) addi a0, a0, 0xce
x10 <- 0xFFFFFFFF4AFB0CCE
mem[X,0x0000000080047F1C] -> 0x55B7
mem[X,0x0000000080047F1E] -> 0x5555
[10111] [M]: 0x0000000080047F1C (0x555555B7) lui a1, 0x55555
x11 <- 0x0000000055555000
mem[X,0x0000000080047F20] -> 0x8593
mem[X,0x0000000080047F22] -> 0x5555
[10112] [M]: 0x0000000080047F20 (0x55558593) addi a1, a1, 0x555
x11 <- 0x0000000055555555
mem[X,0x0000000080047F24] -> 0x9593
mem[X,0x0000000080047F26] -> 0x00B5
[10113] [M]: 0x0000000080047F24 (0x00B59593) slli a1, a1, 0xb
x11 <- 0x000002AAAAAAA800
mem[X,0x0000000080047F28] -> 0x8593
mem[X,0x0000000080047F2A] -> 0x2AA5
[10114] [M]: 0x0000000080047F28 (0x2AA58593) addi a1, a1, 0x2aa
x11 <- 0x000002AAAAAAAAAA
mem[X,0x0000000080047F2C] -> 0x9593
mem[X,0x0000000080047F2E] -> 0x00B5
[10115] [M]: 0x0000000080047F2C (0x00B59593) slli a1, a1, 0xb
x11 <- 0x0015555555555000
mem[X,0x0000000080047F30] -> 0x8593
mem[X,0x0000000080047F32] -> 0x5555
[10116] [M]: 0x0000000080047F30 (0x55558593) addi a1, a1, 0x555
x11 <- 0x0015555555555555
mem[X,0x0000000080047F34] -> 0x9593
mem[X,0x0000000080047F36] -> 0x00A5
[10117] [M]: 0x0000000080047F34 (0x00A59593) slli a1, a1, 0xa
x11 <- 0x5555555555555400
mem[X,0x0000000080047F38] -> 0x8593
mem[X,0x0000000080047F3A] -> 0x1545
[10118] [M]: 0x0000000080047F38 (0x15458593) addi a1, a1, 0x154
x11 <- 0x5555555555555554
mem[X,0x0000000080047F3C] -> 0x0113
mem[X,0x0000000080047F3E] -> 0x0000
[10119] [M]: 0x0000000080047F3C (0x00000113) addi sp, zero, 0x0
x2 <- 0x0000000000000000
mem[X,0x0000000080047F40] -> 0x006F
mem[X,0x0000000080047F42] -> 0x00C0
[10120] [M]: 0x0000000080047F40 (0x00C0006F) jal zero, 0xc
mem[X,0x0000000080047F4C] -> 0x4663
mem[X,0x0000000080047F4E] -> 0x00B5
[10121] [M]: 0x0000000080047F4C (0x00B54663) blt a0, a1, 0xc
mem[X,0x0000000080047F58] -> 0x0113
mem[X,0x0000000080047F5A] -> 0x0031
[10122] [M]: 0x0000000080047F58 (0x00310113) addi sp, sp, 0x3
x2 <- 0x0000000000000003
mem[X,0x0000000080047F5C] -> 0x006F
mem[X,0x0000000080047F5E] -> 0x0040
[10123] [M]: 0x0000000080047F5C (0x0040006F) jal zero, 0x4
mem[X,0x0000000080047F60] -> 0xBC23
mem[X,0x0000000080047F62] -> 0x2A20
[10124] [M]: 0x0000000080047F60 (0x2A20BC23) sd sp, 0x2b8(ra)
mem[0x0000000080050490] <- 0x0000000000000003
mem[X,0x0000000080047F64] -> 0x0537
mem[X,0x0000000080047F66] -> 0x0000
[10125] [M]: 0x0000000080047F64 (0x00000537) lui a0, 0x0
x10 <- 0x0000000000000000
mem[X,0x0000000080047F68] -> 0x0513
mem[X,0x0000000080047F6A] -> 0xFFF5
[10126] [M]: 0x0000000080047F68 (0xFFF50513) addi a0, a0, -0x1
x10 <- 0xFFFFFFFFFFFFFFFF
mem[X,0x0000000080047F6C] -> 0x1513
mem[X,0x0000000080047F6E] -> 0x00B5
[10127] [M]: 0x0000000080047F6C (0x00B51513) slli a0, a0, 0xb
x10 <- 0xFFFFFFFFFFFFF800
mem[X,0x0000000080047F70] -> 0x0513
mem[X,0x0000000080047F72] -> 0x2575
[10128] [M]: 0x0000000080047F70 (0x25750513) addi a0, a0, 0x257
x10 <- 0xFFFFFFFFFFFFFA57
mem[X,0x0000000080047F74] -> 0x1513
mem[X,0x0000000080047F76] -> 0x00B5
[10129] [M]: 0x0000000080047F74 (0x00B51513) slli a0, a0, 0xb
x10 <- 0xFFFFFFFFFFD2B800
mem[X,0x0000000080047F78] -> 0x0513
mem[X,0x0000000080047F7A] -> 0x6C35
[10130] [M]: 0x0000000080047F78 (0x6C350513) addi a0, a0, 0x6c3
x10 <- 0xFFFFFFFFFFD2BEC3
mem[X,0x0000000080047F7C] -> 0x1513
mem[X,0x0000000080047F7E] -> 0x00A5
[10131] [M]: 0x0000000080047F7C (0x00A51513) slli a0, a0, 0xa
x10 <- 0xFFFFFFFF4AFB0C00
mem[X,0x0000000080047F80] -> 0x0513
mem[X,0x0000000080047F82] -> 0x0CE5
[10132] [M]: 0x0000000080047F80 (0x0CE50513) addi a0, a0, 0xce
x10 <- 0xFFFFFFFF4AFB0CCE
mem[X,0x0000000080047F84] -> 0x0593
mem[X,0x0000000080047F86] -> 0x0000
[10133] [M]: 0x0000000080047F84 (0x00000593) addi a1, zero, 0x0
x11 <- 0x0000000000000000
mem[X,0x0000000080047F88] -> 0x0113
mem[X,0x0000000080047F8A] -> 0x0000
[10134] [M]: 0x0000000080047F88 (0x00000113) addi sp, zero, 0x0
x2 <- 0x0000000000000000
mem[X,0x0000000080047F8C] -> 0x006F
mem[X,0x0000000080047F8E] -> 0x00C0
[10135] [M]: 0x0000000080047F8C (0x00C0006F) jal zero, 0xc
mem[X,0x0000000080047F98] -> 0x4863
mem[X,0x0000000080047F9A] -> 0x00B5
[10136] [M]: 0x0000000080047F98 (0x00B54863) blt a0, a1, 0x10
mem[X,0x0000000080047FA8] -> 0x0113
mem[X,0x0000000080047FAA] -> 0x0031
[10137] [M]: 0x0000000080047FA8 (0x00310113) addi sp, sp, 0x3
x2 <- 0x0000000000000003
mem[X,0x0000000080047FAC] -> 0x006F
mem[X,0x0000000080047FAE] -> 0x0040
[10138] [M]: 0x0000000080047FAC (0x0040006F) jal zero, 0x4
mem[X,0x0000000080047FB0] -> 0xB023
mem[X,0x0000000080047FB2] -> 0x2C20
[10139] [M]: 0x0000000080047FB0 (0x2C20B023) sd sp, 0x2c0(ra)
mem[0x0000000080050498] <- 0x0000000000000003
mem[X,0x0000000080047FB4] -> 0x0537
mem[X,0x0000000080047FB6] -> 0x0000
[10140] [M]: 0x0000000080047FB4 (0x00000537) lui a0, 0x0
x10 <- 0x0000000000000000
mem[X,0x0000000080047FB8] -> 0x0513
mem[X,0x0000000080047FBA] -> 0xFFF5
[10141] [M]: 0x0000000080047FB8 (0xFFF50513) addi a0, a0, -0x1
x10 <- 0xFFFFFFFFFFFFFFFF
mem[X,0x0000000080047FBC] -> 0x1513
mem[X,0x0000000080047FBE] -> 0x00B5
[10142] [M]: 0x0000000080047FBC (0x00B51513) slli a0, a0, 0xb
x10 <- 0xFFFFFFFFFFFFF800
mem[X,0x0000000080047FC0] -> 0x0513
mem[X,0x0000000080047FC2] -> 0x2575
[10143] [M]: 0x0000000080047FC0 (0x25750513) addi a0, a0, 0x257
x10 <- 0xFFFFFFFFFFFFFA57
mem[X,0x0000000080047FC4] -> 0x1513
mem[X,0x0000000080047FC6] -> 0x00B5
[10144] [M]: 0x0000000080047FC4 (0x00B51513) slli a0, a0, 0xb
x10 <- 0xFFFFFFFFFFD2B800
mem[X,0x0000000080047FC8] -> 0x0513
mem[X,0x0000000080047FCA] -> 0x6C35
[10145] [M]: 0x0000000080047FC8 (0x6C350513) addi a0, a0, 0x6c3
x10 <- 0xFFFFFFFFFFD2BEC3
mem[X,0x0000000080047FCC] -> 0x1513
mem[X,0x0000000080047FCE] -> 0x00A5
[10146] [M]: 0x0000000080047FCC (0x00A51513) slli a0, a0, 0xa
x10 <- 0xFFFFFFFF4AFB0C00
mem[X,0x0000000080047FD0] -> 0x0513
mem[X,0x0000000080047FD2] -> 0x0CE5
[10147] [M]: 0x0000000080047FD0 (0x0CE50513) addi a0, a0, 0xce
x10 <- 0xFFFFFFFF4AFB0CCE
mem[X,0x0000000080047FD4] -> 0x0593
mem[X,0x0000000080047FD6] -> 0x0040
[10148] [M]: 0x0000000080047FD4 (0x00400593) addi a1, zero, 0x4
x11 <- 0x0000000000000004
mem[X,0x0000000080047FD8] -> 0x0113
mem[X,0x0000000080047FDA] -> 0x0000
[10149] [M]: 0x0000000080047FD8 (0x00000113) addi sp, zero, 0x0
x2 <- 0x0000000000000000
mem[X,0x0000000080047FDC] -> 0x006F
mem[X,0x0000000080047FDE] -> 0x00C0
[10150] [M]: 0x0000000080047FDC (0x00C0006F) jal zero, 0xc
mem[X,0x0000000080047FE8] -> 0x4863
mem[X,0x0000000080047FEA] -> 0x00B5
[10151] [M]: 0x0000000080047FE8 (0x00B54863) blt a0, a1, 0x10
mem[X,0x0000000080047FF8] -> 0x0113
mem[X,0x0000000080047FFA] -> 0x0031
[10152] [M]: 0x0000000080047FF8 (0x00310113) addi sp, sp, 0x3
x2 <- 0x0000000000000003
mem[X,0x0000000080047FFC] -> 0x006F
mem[X,0x0000000080047FFE] -> 0x0040
[10153] [M]: 0x0000000080047FFC (0x0040006F) jal zero, 0x4
mem[X,0x0000000080048000] -> 0xB423
mem[X,0x0000000080048002] -> 0x2C20
[10154] [M]: 0x0000000080048000 (0x2C20B423) sd sp, 0x2c8(ra)
mem[0x00000000800504A0] <- 0x0000000000000003
mem[X,0x0000000080048004] -> 0x0537
mem[X,0x0000000080048006] -> 0x0000
[10155] [M]: 0x0000000080048004 (0x00000537) lui a0, 0x0
x10 <- 0x0000000000000000
mem[X,0x0000000080048008] -> 0x0513
mem[X,0x000000008004800A] -> 0xFFF5
[10156] [M]: 0x0000000080048008 (0xFFF50513) addi a0, a0, -0x1
x10 <- 0xFFFFFFFFFFFFFFFF
mem[X,0x000000008004800C] -> 0x1513
mem[X,0x000000008004800E] -> 0x00B5
[10157] [M]: 0x000000008004800C (0x00B51513) slli a0, a0, 0xb
x10 <- 0xFFFFFFFFFFFFF800
mem[X,0x0000000080048010] -> 0x0513
mem[X,0x0000000080048012] -> 0x2575
[10158] [M]: 0x0000000080048010 (0x25750513) addi a0, a0, 0x257
x10 <- 0xFFFFFFFFFFFFFA57
mem[X,0x0000000080048014] -> 0x1513
mem[X,0x0000000080048016] -> 0x00B5
[10159] [M]: 0x0000000080048014 (0x00B51513) slli a0, a0, 0xb
x10 <- 0xFFFFFFFFFFD2B800
mem[X,0x0000000080048018] -> 0x0513
mem[X,0x000000008004801A] -> 0x6C35
[10160] [M]: 0x0000000080048018 (0x6C350513) addi a0, a0, 0x6c3
x10 <- 0xFFFFFFFFFFD2BEC3
mem[X,0x000000008004801C] -> 0x1513
mem[X,0x000000008004801E] -> 0x00A5
[10161] [M]: 0x000000008004801C (0x00A51513) slli a0, a0, 0xa
x10 <- 0xFFFFFFFF4AFB0C00
mem[X,0x0000000080048020] -> 0x0513
mem[X,0x0000000080048022] -> 0x0CE5
[10162] [M]: 0x0000000080048020 (0x0CE50513) addi a0, a0, 0xce
x10 <- 0xFFFFFFFF4AFB0CCE
mem[X,0x0000000080048024] -> 0x35B7
mem[X,0x0000000080048026] -> 0x3333
[10163] [M]: 0x0000000080048024 (0x333335B7) lui a1, 0x33333
x11 <- 0x0000000033333000
mem[X,0x0000000080048028] -> 0x8593
mem[X,0x000000008004802A] -> 0x3335
[10164] [M]: 0x0000000080048028 (0x33358593) addi a1, a1, 0x333
x11 <- 0x0000000033333333
mem[X,0x000000008004802C] -> 0x9593
mem[X,0x000000008004802E] -> 0x00B5
[10165] [M]: 0x000000008004802C (0x00B59593) slli a1, a1, 0xb
x11 <- 0x0000019999999800
mem[X,0x0000000080048030] -> 0x8593
mem[X,0x0000000080048032] -> 0x1995
[10166] [M]: 0x0000000080048030 (0x19958593) addi a1, a1, 0x199
x11 <- 0x0000019999999999
mem[X,0x0000000080048034] -> 0x9593
mem[X,0x0000000080048036] -> 0x00B5
[10167] [M]: 0x0000000080048034 (0x00B59593) slli a1, a1, 0xb
x11 <- 0x000CCCCCCCCCC800
mem[X,0x0000000080048038] -> 0x8593
mem[X,0x000000008004803A] -> 0x4CC5
[10168] [M]: 0x0000000080048038 (0x4CC58593) addi a1, a1, 0x4cc
x11 <- 0x000CCCCCCCCCCCCC
mem[X,0x000000008004803C] -> 0x9593
mem[X,0x000000008004803E] -> 0x00A5
[10169] [M]: 0x000000008004803C (0x00A59593) slli a1, a1, 0xa
x11 <- 0x3333333333333000
mem[X,0x0000000080048040] -> 0x8593
mem[X,0x0000000080048042] -> 0x3325
[10170] [M]: 0x0000000080048040 (0x33258593) addi a1, a1, 0x332
x11 <- 0x3333333333333332
mem[X,0x0000000080048044] -> 0x0113
mem[X,0x0000000080048046] -> 0x0000
[10171] [M]: 0x0000000080048044 (0x00000113) addi sp, zero, 0x0
x2 <- 0x0000000000000000
mem[X,0x0000000080048048] -> 0x006F
mem[X,0x000000008004804A] -> 0x00C0
[10172] [M]: 0x0000000080048048 (0x00C0006F) jal zero, 0xc
mem[X,0x0000000080048054] -> 0x4663
mem[X,0x0000000080048056] -> 0x00B5
[10173] [M]: 0x0000000080048054 (0x00B54663) blt a0, a1, 0xc
mem[X,0x0000000080048060] -> 0x0113
mem[X,0x0000000080048062] -> 0x0031
[10174] [M]: 0x0000000080048060 (0x00310113) addi sp, sp, 0x3
x2 <- 0x0000000000000003
mem[X,0x0000000080048064] -> 0x006F
mem[X,0x0000000080048066] -> 0x0040
[10175] [M]: 0x0000000080048064 (0x0040006F) jal zero, 0x4
mem[X,0x0000000080048068] -> 0xB823
mem[X,0x000000008004806A] -> 0x2C20
[10176] [M]: 0x0000000080048068 (0x2C20B823) sd sp, 0x2d0(ra)
mem[0x00000000800504A8] <- 0x0000000000000003
mem[X,0x000000008004806C] -> 0x0537
mem[X,0x000000008004806E] -> 0x0000
[10177] [M]: 0x000000008004806C (0x00000537) lui a0, 0x0
x10 <- 0x0000000000000000
mem[X,0x0000000080048070] -> 0x0513
mem[X,0x0000000080048072] -> 0xFFF5
[10178] [M]: 0x0000000080048070 (0xFFF50513) addi a0, a0, -0x1
x10 <- 0xFFFFFFFFFFFFFFFF
mem[X,0x0000000080048074] -> 0x1513
mem[X,0x0000000080048076] -> 0x00B5
[10179] [M]: 0x0000000080048074 (0x00B51513) slli a0, a0, 0xb
x10 <- 0xFFFFFFFFFFFFF800
mem[X,0x0000000080048078] -> 0x0513
mem[X,0x000000008004807A] -> 0x2575
[10180] [M]: 0x0000000080048078 (0x25750513) addi a0, a0, 0x257
x10 <- 0xFFFFFFFFFFFFFA57
mem[X,0x000000008004807C] -> 0x1513
mem[X,0x000000008004807E] -> 0x00B5
[10181] [M]: 0x000000008004807C (0x00B51513) slli a0, a0, 0xb
x10 <- 0xFFFFFFFFFFD2B800
mem[X,0x0000000080048080] -> 0x0513
mem[X,0x0000000080048082] -> 0x6C35
[10182] [M]: 0x0000000080048080 (0x6C350513) addi a0, a0, 0x6c3
x10 <- 0xFFFFFFFFFFD2BEC3
mem[X,0x0000000080048084] -> 0x1513
mem[X,0x0000000080048086] -> 0x00A5
[10183] [M]: 0x0000000080048084 (0x00A51513) slli a0, a0, 0xa
x10 <- 0xFFFFFFFF4AFB0C00
mem[X,0x0000000080048088] -> 0x0513
mem[X,0x000000008004808A] -> 0x0CE5
[10184] [M]: 0x0000000080048088 (0x0CE50513) addi a0, a0, 0xce
x10 <- 0xFFFFFFFF4AFB0CCE
mem[X,0x000000008004808C] -> 0x65B7
mem[X,0x000000008004808E] -> 0x6666
[10185] [M]: 0x000000008004808C (0x666665B7) lui a1, 0x66666
x11 <- 0x0000000066666000
mem[X,0x0000000080048090] -> 0x8593
mem[X,0x0000000080048092] -> 0x6665
[10186] [M]: 0x0000000080048090 (0x66658593) addi a1, a1, 0x666
x11 <- 0x0000000066666666
mem[X,0x0000000080048094] -> 0x9593
mem[X,0x0000000080048096] -> 0x00B5
[10187] [M]: 0x0000000080048094 (0x00B59593) slli a1, a1, 0xb
x11 <- 0x0000033333333000
mem[X,0x0000000080048098] -> 0x8593
mem[X,0x000000008004809A] -> 0x3335
[10188] [M]: 0x0000000080048098 (0x33358593) addi a1, a1, 0x333
x11 <- 0x0000033333333333
mem[X,0x000000008004809C] -> 0x9593
mem[X,0x000000008004809E] -> 0x00B5
[10189] [M]: 0x000000008004809C (0x00B59593) slli a1, a1, 0xb
x11 <- 0x0019999999999800
mem[X,0x00000000800480A0] -> 0x8593
mem[X,0x00000000800480A2] -> 0x1995
[10190] [M]: 0x00000000800480A0 (0x19958593) addi a1, a1, 0x199
x11 <- 0x0019999999999999
mem[X,0x00000000800480A4] -> 0x9593
mem[X,0x00000000800480A6] -> 0x00A5
[10191] [M]: 0x00000000800480A4 (0x00A59593) slli a1, a1, 0xa
x11 <- 0x6666666666666400
mem[X,0x00000000800480A8] -> 0x8593
mem[X,0x00000000800480AA] -> 0x2655
[10192] [M]: 0x00000000800480A8 (0x26558593) addi a1, a1, 0x265
x11 <- 0x6666666666666665
mem[X,0x00000000800480AC] -> 0x0113
mem[X,0x00000000800480AE] -> 0x0000
[10193] [M]: 0x00000000800480AC (0x00000113) addi sp, zero, 0x0
x2 <- 0x0000000000000000
mem[X,0x00000000800480B0] -> 0x006F
mem[X,0x00000000800480B2] -> 0x00C0
[10194] [M]: 0x00000000800480B0 (0x00C0006F) jal zero, 0xc
mem[X,0x00000000800480BC] -> 0x4063
mem[X,0x00000000800480BE] -> 0x10B5
[10195] [M]: 0x00000000800480BC (0x10B54063) blt a0, a1, 0x100
mem[X,0x00000000800481BC] -> 0x0113
mem[X,0x00000000800481BE] -> 0x0031
[10196] [M]: 0x00000000800481BC (0x00310113) addi sp, sp, 0x3
x2 <- 0x0000000000000003
mem[X,0x00000000800481C0] -> 0x006F
mem[X,0x00000000800481C2] -> 0x0040
[10197] [M]: 0x00000000800481C0 (0x0040006F) jal zero, 0x4
mem[X,0x00000000800481C4] -> 0xBC23
mem[X,0x00000000800481C6] -> 0x2C20
[10198] [M]: 0x00000000800481C4 (0x2C20BC23) sd sp, 0x2d8(ra)
mem[0x00000000800504B0] <- 0x0000000000000003
mem[X,0x00000000800481C8] -> 0x0537
mem[X,0x00000000800481CA] -> 0x0000
[10199] [M]: 0x00000000800481C8 (0x00000537) lui a0, 0x0
x10 <- 0x0000000000000000
clint::tick mtime <- 0x0000000000000066
 clint timer pending at mtime 0x0000000000000066
htif::tick 0x0000000000000000
mem[X,0x00000000800481CC] -> 0x0513
mem[X,0x00000000800481CE] -> 0xFFF5
[10200] [M]: 0x00000000800481CC (0xFFF50513) addi a0, a0, -0x1
x10 <- 0xFFFFFFFFFFFFFFFF
mem[X,0x00000000800481D0] -> 0x1513
mem[X,0x00000000800481D2] -> 0x00B5
[10201] [M]: 0x00000000800481D0 (0x00B51513) slli a0, a0, 0xb
x10 <- 0xFFFFFFFFFFFFF800
mem[X,0x00000000800481D4] -> 0x0513
mem[X,0x00000000800481D6] -> 0x2575
[10202] [M]: 0x00000000800481D4 (0x25750513) addi a0, a0, 0x257
x10 <- 0xFFFFFFFFFFFFFA57
mem[X,0x00000000800481D8] -> 0x1513
mem[X,0x00000000800481DA] -> 0x00B5
[10203] [M]: 0x00000000800481D8 (0x00B51513) slli a0, a0, 0xb
x10 <- 0xFFFFFFFFFFD2B800
mem[X,0x00000000800481DC] -> 0x0513
mem[X,0x00000000800481DE] -> 0x6C35
[10204] [M]: 0x00000000800481DC (0x6C350513) addi a0, a0, 0x6c3
x10 <- 0xFFFFFFFFFFD2BEC3
mem[X,0x00000000800481E0] -> 0x1513
mem[X,0x00000000800481E2] -> 0x00A5
[10205] [M]: 0x00000000800481E0 (0x00A51513) slli a0, a0, 0xa
x10 <- 0xFFFFFFFF4AFB0C00
mem[X,0x00000000800481E4] -> 0x0513
mem[X,0x00000000800481E6] -> 0x0CE5
[10206] [M]: 0x00000000800481E4 (0x0CE50513) addi a0, a0, 0xce
x10 <- 0xFFFFFFFF4AFB0CCE
mem[X,0x00000000800481E8] -> 0x05B7
mem[X,0x00000000800481EA] -> 0x0000
[10207] [M]: 0x00000000800481E8 (0x000005B7) lui a1, 0x0
x11 <- 0x0000000000000000
mem[X,0x00000000800481EC] -> 0x8593
mem[X,0x00000000800481EE] -> 0x0005
[10208] [M]: 0x00000000800481EC (0x00058593) addi a1, a1, 0x0
x11 <- 0x0000000000000000
mem[X,0x00000000800481F0] -> 0x9593
mem[X,0x00000000800481F2] -> 0x00B5
[10209] [M]: 0x00000000800481F0 (0x00B59593) slli a1, a1, 0xb
x11 <- 0x0000000000000000
mem[X,0x00000000800481F4] -> 0x8593
mem[X,0x00000000800481F6] -> 0x5A85
[10210] [M]: 0x00000000800481F4 (0x5A858593) addi a1, a1, 0x5a8
x11 <- 0x00000000000005A8
mem[X,0x00000000800481F8] -> 0x9593
mem[X,0x00000000800481FA] -> 0x00B5
[10211] [M]: 0x00000000800481F8 (0x00B59593) slli a1, a1, 0xb
x11 <- 0x00000000002D4000
mem[X,0x00000000800481FC] -> 0x8593
mem[X,0x00000000800481FE] -> 0x13C5
[10212] [M]: 0x00000000800481FC (0x13C58593) addi a1, a1, 0x13c
x11 <- 0x00000000002D413C
mem[X,0x0000000080048200] -> 0x9593
mem[X,0x0000000080048202] -> 0x00A5
[10213] [M]: 0x0000000080048200 (0x00A59593) slli a1, a1, 0xa
x11 <- 0x00000000B504F000
mem[X,0x0000000080048204] -> 0x8593
mem[X,0x0000000080048206] -> 0x3325
[10214] [M]: 0x0000000080048204 (0x33258593) addi a1, a1, 0x332
x11 <- 0x00000000B504F332
mem[X,0x0000000080048208] -> 0x0113
mem[X,0x000000008004820A] -> 0x0000
[10215] [M]: 0x0000000080048208 (0x00000113) addi sp, zero, 0x0
x2 <- 0x0000000000000000
mem[X,0x000000008004820C] -> 0x006F
mem[X,0x000000008004820E] -> 0x00C0
[10216] [M]: 0x000000008004820C (0x00C0006F) jal zero, 0xc
mem[X,0x0000000080048218] -> 0x4663
mem[X,0x000000008004821A] -> 0x00B5
[10217] [M]: 0x0000000080048218 (0x00B54663) blt a0, a1, 0xc
mem[X,0x0000000080048224] -> 0x0113
mem[X,0x0000000080048226] -> 0x0031
[10218] [M]: 0x0000000080048224 (0x00310113) addi sp, sp, 0x3
x2 <- 0x0000000000000003
mem[X,0x0000000080048228] -> 0x006F
mem[X,0x000000008004822A] -> 0x0040
[10219] [M]: 0x0000000080048228 (0x0040006F) jal zero, 0x4
mem[X,0x000000008004822C] -> 0xB023
mem[X,0x000000008004822E] -> 0x2E20
[10220] [M]: 0x000000008004822C (0x2E20B023) sd sp, 0x2e0(ra)
mem[0x00000000800504B8] <- 0x0000000000000003
mem[X,0x0000000080048230] -> 0x0537
mem[X,0x0000000080048232] -> 0x0000
[10221] [M]: 0x0000000080048230 (0x00000537) lui a0, 0x0
x10 <- 0x0000000000000000
mem[X,0x0000000080048234] -> 0x0513
mem[X,0x0000000080048236] -> 0xFFF5
[10222] [M]: 0x0000000080048234 (0xFFF50513) addi a0, a0, -0x1
x10 <- 0xFFFFFFFFFFFFFFFF
mem[X,0x0000000080048238] -> 0x1513
mem[X,0x000000008004823A] -> 0x00B5
[10223] [M]: 0x0000000080048238 (0x00B51513) slli a0, a0, 0xb
x10 <- 0xFFFFFFFFFFFFF800
mem[X,0x000000008004823C] -> 0x0513
mem[X,0x000000008004823E] -> 0x2575
[10224] [M]: 0x000000008004823C (0x25750513) addi a0, a0, 0x257
x10 <- 0xFFFFFFFFFFFFFA57
mem[X,0x0000000080048240] -> 0x1513
mem[X,0x0000000080048242] -> 0x00B5
[10225] [M]: 0x0000000080048240 (0x00B51513) slli a0, a0, 0xb
x10 <- 0xFFFFFFFFFFD2B800
mem[X,0x0000000080048244] -> 0x0513
mem[X,0x0000000080048246] -> 0x6C35
[10226] [M]: 0x0000000080048244 (0x6C350513) addi a0, a0, 0x6c3
x10 <- 0xFFFFFFFFFFD2BEC3
mem[X,0x0000000080048248] -> 0x1513
mem[X,0x000000008004824A] -> 0x00A5
[10227] [M]: 0x0000000080048248 (0x00A51513) slli a0, a0, 0xa
x10 <- 0xFFFFFFFF4AFB0C00
mem[X,0x000000008004824C] -> 0x0513
mem[X,0x000000008004824E] -> 0x0CE5
[10228] [M]: 0x000000008004824C (0x0CE50513) addi a0, a0, 0xce
x10 <- 0xFFFFFFFF4AFB0CCE
mem[X,0x0000000080048250] -> 0x55B7
mem[X,0x0000000080048252] -> 0x5555
[10229] [M]: 0x0000000080048250 (0x555555B7) lui a1, 0x55555
x11 <- 0x0000000055555000
mem[X,0x0000000080048254] -> 0x8593
mem[X,0x0000000080048256] -> 0x5555
[10230] [M]: 0x0000000080048254 (0x55558593) addi a1, a1, 0x555
x11 <- 0x0000000055555555
mem[X,0x0000000080048258] -> 0x9593
mem[X,0x000000008004825A] -> 0x00B5
[10231] [M]: 0x0000000080048258 (0x00B59593) slli a1, a1, 0xb
x11 <- 0x000002AAAAAAA800
mem[X,0x000000008004825C] -> 0x8593
mem[X,0x000000008004825E] -> 0x2AA5
[10232] [M]: 0x000000008004825C (0x2AA58593) addi a1, a1, 0x2aa
x11 <- 0x000002AAAAAAAAAA
mem[X,0x0000000080048260] -> 0x9593
mem[X,0x0000000080048262] -> 0x00B5
[10233] [M]: 0x0000000080048260 (0x00B59593) slli a1, a1, 0xb
x11 <- 0x0015555555555000
mem[X,0x0000000080048264] -> 0x8593
mem[X,0x0000000080048266] -> 0x5555
[10234] [M]: 0x0000000080048264 (0x55558593) addi a1, a1, 0x555
x11 <- 0x0015555555555555
mem[X,0x0000000080048268] -> 0x9593
mem[X,0x000000008004826A] -> 0x00A5
[10235] [M]: 0x0000000080048268 (0x00A59593) slli a1, a1, 0xa
x11 <- 0x5555555555555400
mem[X,0x000000008004826C] -> 0x8593
mem[X,0x000000008004826E] -> 0x1565
[10236] [M]: 0x000000008004826C (0x15658593) addi a1, a1, 0x156
x11 <- 0x5555555555555556
mem[X,0x0000000080048270] -> 0x0113
mem[X,0x0000000080048272] -> 0x0000
[10237] [M]: 0x0000000080048270 (0x00000113) addi sp, zero, 0x0
x2 <- 0x0000000000000000
mem[X,0x0000000080048274] -> 0x006F
mem[X,0x0000000080048276] -> 0x2B10
[10238] [M]: 0x0000000080048274 (0x2B10006F) jal zero, 0xab0
mem[X,0x0000000080048D24] -> 0x4A63
mem[X,0x0000000080048D26] -> 0xD4B5
[10239] [M]: 0x0000000080048D24 (0xD4B54A63) blt a0, a1, -0xaac
mem[X,0x0000000080048278] -> 0x0113
mem[X,0x000000008004827A] -> 0x0011
[10240] [M]: 0x0000000080048278 (0x00110113) addi sp, sp, 0x1
x2 <- 0x0000000000000001
mem[X,0x000000008004827C] -> 0x006F
mem[X,0x000000008004827E] -> 0x2BD0
[10241] [M]: 0x000000008004827C (0x2BD0006F) jal zero, 0xabc
mem[X,0x0000000080048D38] -> 0xB423
mem[X,0x0000000080048D3A] -> 0x2E20
[10242] [M]: 0x0000000080048D38 (0x2E20B423) sd sp, 0x2e8(ra)
mem[0x00000000800504C0] <- 0x0000000000000001
mem[X,0x0000000080048D3C] -> 0x0537
mem[X,0x0000000080048D3E] -> 0x0000
[10243] [M]: 0x0000000080048D3C (0x00000537) lui a0, 0x0
x10 <- 0x0000000000000000
mem[X,0x0000000080048D40] -> 0x0513
mem[X,0x0000000080048D42] -> 0xFFF5
[10244] [M]: 0x0000000080048D40 (0xFFF50513) addi a0, a0, -0x1
x10 <- 0xFFFFFFFFFFFFFFFF
mem[X,0x0000000080048D44] -> 0x1513
mem[X,0x0000000080048D46] -> 0x00B5
[10245] [M]: 0x0000000080048D44 (0x00B51513) slli a0, a0, 0xb
x10 <- 0xFFFFFFFFFFFFF800
mem[X,0x0000000080048D48] -> 0x0513
mem[X,0x0000000080048D4A] -> 0x2575
[10246] [M]: 0x0000000080048D48 (0x25750513) addi a0, a0, 0x257
x10 <- 0xFFFFFFFFFFFFFA57
mem[X,0x0000000080048D4C] -> 0x1513
mem[X,0x0000000080048D4E] -> 0x00B5
[10247] [M]: 0x0000000080048D4C (0x00B51513) slli a0, a0, 0xb
x10 <- 0xFFFFFFFFFFD2B800
mem[X,0x0000000080048D50] -> 0x0513
mem[X,0x0000000080048D52] -> 0x6C35
[10248] [M]: 0x0000000080048D50 (0x6C350513) addi a0, a0, 0x6c3
x10 <- 0xFFFFFFFFFFD2BEC3
mem[X,0x0000000080048D54] -> 0x1513
mem[X,0x0000000080048D56] -> 0x00A5
[10249] [M]: 0x0000000080048D54 (0x00A51513) slli a0, a0, 0xa
x10 <- 0xFFFFFFFF4AFB0C00
mem[X,0x0000000080048D58] -> 0x0513
mem[X,0x0000000080048D5A] -> 0x0CE5
[10250] [M]: 0x0000000080048D58 (0x0CE50513) addi a0, a0, 0xce
x10 <- 0xFFFFFFFF4AFB0CCE
mem[X,0x0000000080048D5C] -> 0xB5B7
mem[X,0x0000000080048D5E] -> 0xAAAA
[10251] [M]: 0x0000000080048D5C (0xAAAAB5B7) lui a1, -0x55555
x11 <- 0xFFFFFFFFAAAAB000
mem[X,0x0000000080048D60] -> 0x8593
mem[X,0x0000000080048D62] -> 0xAAA5
[10252] [M]: 0x0000000080048D60 (0xAAA58593) addi a1, a1, -0x556
x11 <- 0xFFFFFFFFAAAAAAAA
mem[X,0x0000000080048D64] -> 0x9593
mem[X,0x0000000080048D66] -> 0x00B5
[10253] [M]: 0x0000000080048D64 (0x00B59593) slli a1, a1, 0xb
x11 <- 0xFFFFFD5555555000
mem[X,0x0000000080048D68] -> 0x8593
mem[X,0x0000000080048D6A] -> 0x5555
[10254] [M]: 0x0000000080048D68 (0x55558593) addi a1, a1, 0x555
x11 <- 0xFFFFFD5555555555
mem[X,0x0000000080048D6C] -> 0x9593
mem[X,0x0000000080048D6E] -> 0x00B5
[10255] [M]: 0x0000000080048D6C (0x00B59593) slli a1, a1, 0xb
x11 <- 0xFFEAAAAAAAAAA800
mem[X,0x0000000080048D70] -> 0x8593
mem[X,0x0000000080048D72] -> 0x2AA5
[10256] [M]: 0x0000000080048D70 (0x2AA58593) addi a1, a1, 0x2aa
x11 <- 0xFFEAAAAAAAAAAAAA
mem[X,0x0000000080048D74] -> 0x9593
mem[X,0x0000000080048D76] -> 0x00A5
[10257] [M]: 0x0000000080048D74 (0x00A59593) slli a1, a1, 0xa
x11 <- 0xAAAAAAAAAAAAA800
mem[X,0x0000000080048D78] -> 0x8593
mem[X,0x0000000080048D7A] -> 0x2AB5
[10258] [M]: 0x0000000080048D78 (0x2AB58593) addi a1, a1, 0x2ab
x11 <- 0xAAAAAAAAAAAAAAAB
mem[X,0x0000000080048D7C] -> 0x0113
mem[X,0x0000000080048D7E] -> 0x0000
[10259] [M]: 0x0000000080048D7C (0x00000113) addi sp, zero, 0x0
x2 <- 0x0000000000000000
mem[X,0x0000000080048D80] -> 0x006F
mem[X,0x0000000080048D82] -> 0x00C0
[10260] [M]: 0x0000000080048D80 (0x00C0006F) jal zero, 0xc
mem[X,0x0000000080048D8C] -> 0x4CE3
mem[X,0x0000000080048D8E] -> 0xFEB5
[10261] [M]: 0x0000000080048D8C (0xFEB54CE3) blt a0, a1, -0x8
mem[X,0x0000000080048D90] -> 0x0113
mem[X,0x0000000080048D92] -> 0x0021
[10262] [M]: 0x0000000080048D90 (0x00210113) addi sp, sp, 0x2
x2 <- 0x0000000000000002
mem[X,0x0000000080048D94] -> 0x006F
mem[X,0x0000000080048D96] -> 0x00C0
[10263] [M]: 0x0000000080048D94 (0x00C0006F) jal zero, 0xc
mem[X,0x0000000080048DA0] -> 0xB823
mem[X,0x0000000080048DA2] -> 0x2E20
[10264] [M]: 0x0000000080048DA0 (0x2E20B823) sd sp, 0x2f0(ra)
mem[0x00000000800504C8] <- 0x0000000000000002
mem[X,0x0000000080048DA4] -> 0x0537
mem[X,0x0000000080048DA6] -> 0x0000
[10265] [M]: 0x0000000080048DA4 (0x00000537) lui a0, 0x0
x10 <- 0x0000000000000000
mem[X,0x0000000080048DA8] -> 0x0513
mem[X,0x0000000080048DAA] -> 0xFFF5
[10266] [M]: 0x0000000080048DA8 (0xFFF50513) addi a0, a0, -0x1
x10 <- 0xFFFFFFFFFFFFFFFF
mem[X,0x0000000080048DAC] -> 0x1513
mem[X,0x0000000080048DAE] -> 0x00B5
[10267] [M]: 0x0000000080048DAC (0x00B51513) slli a0, a0, 0xb
x10 <- 0xFFFFFFFFFFFFF800
mem[X,0x0000000080048DB0] -> 0x0513
mem[X,0x0000000080048DB2] -> 0x2575
[10268] [M]: 0x0000000080048DB0 (0x25750513) addi a0, a0, 0x257
x10 <- 0xFFFFFFFFFFFFFA57
mem[X,0x0000000080048DB4] -> 0x1513
mem[X,0x0000000080048DB6] -> 0x00B5
[10269] [M]: 0x0000000080048DB4 (0x00B51513) slli a0, a0, 0xb
x10 <- 0xFFFFFFFFFFD2B800
mem[X,0x0000000080048DB8] -> 0x0513
mem[X,0x0000000080048DBA] -> 0x6C35
[10270] [M]: 0x0000000080048DB8 (0x6C350513) addi a0, a0, 0x6c3
x10 <- 0xFFFFFFFFFFD2BEC3
mem[X,0x0000000080048DBC] -> 0x1513
mem[X,0x0000000080048DBE] -> 0x00A5
[10271] [M]: 0x0000000080048DBC (0x00A51513) slli a0, a0, 0xa
x10 <- 0xFFFFFFFF4AFB0C00
mem[X,0x0000000080048DC0] -> 0x0513
mem[X,0x0000000080048DC2] -> 0x0CE5
[10272] [M]: 0x0000000080048DC0 (0x0CE50513) addi a0, a0, 0xce
x10 <- 0xFFFFFFFF4AFB0CCE
mem[X,0x0000000080048DC4] -> 0x0593
mem[X,0x0000000080048DC6] -> 0x0060
[10273] [M]: 0x0000000080048DC4 (0x00600593) addi a1, zero, 0x6
x11 <- 0x0000000000000006
mem[X,0x0000000080048DC8] -> 0x0113
mem[X,0x0000000080048DCA] -> 0x0000
[10274] [M]: 0x0000000080048DC8 (0x00000113) addi sp, zero, 0x0
x2 <- 0x0000000000000000
mem[X,0x0000000080048DCC] -> 0x006F
mem[X,0x0000000080048DCE] -> 0x00C0
[10275] [M]: 0x0000000080048DCC (0x00C0006F) jal zero, 0xc
mem[X,0x0000000080048DD8] -> 0x4663
mem[X,0x0000000080048DDA] -> 0x00B5
[10276] [M]: 0x0000000080048DD8 (0x00B54663) blt a0, a1, 0xc
mem[X,0x0000000080048DE4] -> 0x0113
mem[X,0x0000000080048DE6] -> 0x0031
[10277] [M]: 0x0000000080048DE4 (0x00310113) addi sp, sp, 0x3
x2 <- 0x0000000000000003
mem[X,0x0000000080048DE8] -> 0x006F
mem[X,0x0000000080048DEA] -> 0x0040
[10278] [M]: 0x0000000080048DE8 (0x0040006F) jal zero, 0x4
mem[X,0x0000000080048DEC] -> 0xBC23
mem[X,0x0000000080048DEE] -> 0x2E20
[10279] [M]: 0x0000000080048DEC (0x2E20BC23) sd sp, 0x2f8(ra)
mem[0x00000000800504D0] <- 0x0000000000000003
mem[X,0x0000000080048DF0] -> 0x0537
mem[X,0x0000000080048DF2] -> 0x0000
[10280] [M]: 0x0000000080048DF0 (0x00000537) lui a0, 0x0
x10 <- 0x0000000000000000
mem[X,0x0000000080048DF4] -> 0x0513
mem[X,0x0000000080048DF6] -> 0xFFF5
[10281] [M]: 0x0000000080048DF4 (0xFFF50513) addi a0, a0, -0x1
x10 <- 0xFFFFFFFFFFFFFFFF
mem[X,0x0000000080048DF8] -> 0x1513
mem[X,0x0000000080048DFA] -> 0x00B5
[10282] [M]: 0x0000000080048DF8 (0x00B51513) slli a0, a0, 0xb
x10 <- 0xFFFFFFFFFFFFF800
mem[X,0x0000000080048DFC] -> 0x0513
mem[X,0x0000000080048DFE] -> 0x2575
[10283] [M]: 0x0000000080048DFC (0x25750513) addi a0, a0, 0x257
x10 <- 0xFFFFFFFFFFFFFA57
mem[X,0x0000000080048E00] -> 0x1513
mem[X,0x0000000080048E02] -> 0x00B5
[10284] [M]: 0x0000000080048E00 (0x00B51513) slli a0, a0, 0xb
x10 <- 0xFFFFFFFFFFD2B800
mem[X,0x0000000080048E04] -> 0x0513
mem[X,0x0000000080048E06] -> 0x6C35
[10285] [M]: 0x0000000080048E04 (0x6C350513) addi a0, a0, 0x6c3
x10 <- 0xFFFFFFFFFFD2BEC3
mem[X,0x0000000080048E08] -> 0x1513
mem[X,0x0000000080048E0A] -> 0x00A5
[10286] [M]: 0x0000000080048E08 (0x00A51513) slli a0, a0, 0xa
x10 <- 0xFFFFFFFF4AFB0C00
mem[X,0x0000000080048E0C] -> 0x0513
mem[X,0x0000000080048E0E] -> 0x0CE5
[10287] [M]: 0x0000000080048E0C (0x0CE50513) addi a0, a0, 0xce
x10 <- 0xFFFFFFFF4AFB0CCE
mem[X,0x0000000080048E10] -> 0x35B7
mem[X,0x0000000080048E12] -> 0x3333
[10288] [M]: 0x0000000080048E10 (0x333335B7) lui a1, 0x33333
x11 <- 0x0000000033333000
mem[X,0x0000000080048E14] -> 0x8593
mem[X,0x0000000080048E16] -> 0x3335
[10289] [M]: 0x0000000080048E14 (0x33358593) addi a1, a1, 0x333
x11 <- 0x0000000033333333
mem[X,0x0000000080048E18] -> 0x9593
mem[X,0x0000000080048E1A] -> 0x00B5
[10290] [M]: 0x0000000080048E18 (0x00B59593) slli a1, a1, 0xb
x11 <- 0x0000019999999800
mem[X,0x0000000080048E1C] -> 0x8593
mem[X,0x0000000080048E1E] -> 0x1995
[10291] [M]: 0x0000000080048E1C (0x19958593) addi a1, a1, 0x199
x11 <- 0x0000019999999999
mem[X,0x0000000080048E20] -> 0x9593
mem[X,0x0000000080048E22] -> 0x00B5
[10292] [M]: 0x0000000080048E20 (0x00B59593) slli a1, a1, 0xb
x11 <- 0x000CCCCCCCCCC800
mem[X,0x0000000080048E24] -> 0x8593
mem[X,0x0000000080048E26] -> 0x4CC5
[10293] [M]: 0x0000000080048E24 (0x4CC58593) addi a1, a1, 0x4cc
x11 <- 0x000CCCCCCCCCCCCC
mem[X,0x0000000080048E28] -> 0x9593
mem[X,0x0000000080048E2A] -> 0x00A5
[10294] [M]: 0x0000000080048E28 (0x00A59593) slli a1, a1, 0xa
x11 <- 0x3333333333333000
mem[X,0x0000000080048E2C] -> 0x8593
mem[X,0x0000000080048E2E] -> 0x3345
[10295] [M]: 0x0000000080048E2C (0x33458593) addi a1, a1, 0x334
x11 <- 0x3333333333333334
mem[X,0x0000000080048E30] -> 0x0113
mem[X,0x0000000080048E32] -> 0x0000
[10296] [M]: 0x0000000080048E30 (0x00000113) addi sp, zero, 0x0
x2 <- 0x0000000000000000
mem[X,0x0000000080048E34] -> 0x006F
mem[X,0x0000000080048E36] -> 0x00C0
[10297] [M]: 0x0000000080048E34 (0x00C0006F) jal zero, 0xc
mem[X,0x0000000080048E40] -> 0x4663
mem[X,0x0000000080048E42] -> 0x00B5
[10298] [M]: 0x0000000080048E40 (0x00B54663) blt a0, a1, 0xc
mem[X,0x0000000080048E4C] -> 0x0113
mem[X,0x0000000080048E4E] -> 0x0031
[10299] [M]: 0x0000000080048E4C (0x00310113) addi sp, sp, 0x3
x2 <- 0x0000000000000003
clint::tick mtime <- 0x0000000000000067
 clint timer pending at mtime 0x0000000000000067
htif::tick 0x0000000000000000
mem[X,0x0000000080048E50] -> 0x006F
mem[X,0x0000000080048E52] -> 0x0040
[10300] [M]: 0x0000000080048E50 (0x0040006F) jal zero, 0x4
mem[X,0x0000000080048E54] -> 0xB023
mem[X,0x0000000080048E56] -> 0x3020
[10301] [M]: 0x0000000080048E54 (0x3020B023) sd sp, 0x300(ra)
mem[0x00000000800504D8] <- 0x0000000000000003
mem[X,0x0000000080048E58] -> 0x0537
mem[X,0x0000000080048E5A] -> 0x0000
[10302] [M]: 0x0000000080048E58 (0x00000537) lui a0, 0x0
x10 <- 0x0000000000000000
mem[X,0x0000000080048E5C] -> 0x0513
mem[X,0x0000000080048E5E] -> 0xFFF5
[10303] [M]: 0x0000000080048E5C (0xFFF50513) addi a0, a0, -0x1
x10 <- 0xFFFFFFFFFFFFFFFF
mem[X,0x0000000080048E60] -> 0x1513
mem[X,0x0000000080048E62] -> 0x00B5
[10304] [M]: 0x0000000080048E60 (0x00B51513) slli a0, a0, 0xb
x10 <- 0xFFFFFFFFFFFFF800
mem[X,0x0000000080048E64] -> 0x0513
mem[X,0x0000000080048E66] -> 0x2575
[10305] [M]: 0x0000000080048E64 (0x25750513) addi a0, a0, 0x257
x10 <- 0xFFFFFFFFFFFFFA57
mem[X,0x0000000080048E68] -> 0x1513
mem[X,0x0000000080048E6A] -> 0x00B5
[10306] [M]: 0x0000000080048E68 (0x00B51513) slli a0, a0, 0xb
x10 <- 0xFFFFFFFFFFD2B800
mem[X,0x0000000080048E6C] -> 0x0513
mem[X,0x0000000080048E6E] -> 0x6C35
[10307] [M]: 0x0000000080048E6C (0x6C350513) addi a0, a0, 0x6c3
x10 <- 0xFFFFFFFFFFD2BEC3
mem[X,0x0000000080048E70] -> 0x1513
mem[X,0x0000000080048E72] -> 0x00A5
[10308] [M]: 0x0000000080048E70 (0x00A51513) slli a0, a0, 0xa
x10 <- 0xFFFFFFFF4AFB0C00
mem[X,0x0000000080048E74] -> 0x0513
mem[X,0x0000000080048E76] -> 0x0CE5
[10309] [M]: 0x0000000080048E74 (0x0CE50513) addi a0, a0, 0xce
x10 <- 0xFFFFFFFF4AFB0CCE
mem[X,0x0000000080048E78] -> 0x65B7
mem[X,0x0000000080048E7A] -> 0x6666
[10310] [M]: 0x0000000080048E78 (0x666665B7) lui a1, 0x66666
x11 <- 0x0000000066666000
mem[X,0x0000000080048E7C] -> 0x8593
mem[X,0x0000000080048E7E] -> 0x6665
[10311] [M]: 0x0000000080048E7C (0x66658593) addi a1, a1, 0x666
x11 <- 0x0000000066666666
mem[X,0x0000000080048E80] -> 0x9593
mem[X,0x0000000080048E82] -> 0x00B5
[10312] [M]: 0x0000000080048E80 (0x00B59593) slli a1, a1, 0xb
x11 <- 0x0000033333333000
mem[X,0x0000000080048E84] -> 0x8593
mem[X,0x0000000080048E86] -> 0x3335
[10313] [M]: 0x0000000080048E84 (0x33358593) addi a1, a1, 0x333
x11 <- 0x0000033333333333
mem[X,0x0000000080048E88] -> 0x9593
mem[X,0x0000000080048E8A] -> 0x00B5
[10314] [M]: 0x0000000080048E88 (0x00B59593) slli a1, a1, 0xb
x11 <- 0x0019999999999800
mem[X,0x0000000080048E8C] -> 0x8593
mem[X,0x0000000080048E8E] -> 0x1995
[10315] [M]: 0x0000000080048E8C (0x19958593) addi a1, a1, 0x199
x11 <- 0x0019999999999999
mem[X,0x0000000080048E90] -> 0x9593
mem[X,0x0000000080048E92] -> 0x00A5
[10316] [M]: 0x0000000080048E90 (0x00A59593) slli a1, a1, 0xa
x11 <- 0x6666666666666400
mem[X,0x0000000080048E94] -> 0x8593
mem[X,0x0000000080048E96] -> 0x2675
[10317] [M]: 0x0000000080048E94 (0x26758593) addi a1, a1, 0x267
x11 <- 0x6666666666666667
mem[X,0x0000000080048E98] -> 0x0113
mem[X,0x0000000080048E9A] -> 0x0000
[10318] [M]: 0x0000000080048E98 (0x00000113) addi sp, zero, 0x0
x2 <- 0x0000000000000000
mem[X,0x0000000080048E9C] -> 0x006F
mem[X,0x0000000080048E9E] -> 0x00C0
[10319] [M]: 0x0000000080048E9C (0x00C0006F) jal zero, 0xc
mem[X,0x0000000080048EA8] -> 0x4663
mem[X,0x0000000080048EAA] -> 0x00B5
[10320] [M]: 0x0000000080048EA8 (0x00B54663) blt a0, a1, 0xc
mem[X,0x0000000080048EB4] -> 0x0113
mem[X,0x0000000080048EB6] -> 0x0031
[10321] [M]: 0x0000000080048EB4 (0x00310113) addi sp, sp, 0x3
x2 <- 0x0000000000000003
mem[X,0x0000000080048EB8] -> 0x006F
mem[X,0x0000000080048EBA] -> 0x0040
[10322] [M]: 0x0000000080048EB8 (0x0040006F) jal zero, 0x4
mem[X,0x0000000080048EBC] -> 0xB423
mem[X,0x0000000080048EBE] -> 0x3020
[10323] [M]: 0x0000000080048EBC (0x3020B423) sd sp, 0x308(ra)
mem[0x00000000800504E0] <- 0x0000000000000003
mem[X,0x0000000080048EC0] -> 0x0537
mem[X,0x0000000080048EC2] -> 0x0000
[10324] [M]: 0x0000000080048EC0 (0x00000537) lui a0, 0x0
x10 <- 0x0000000000000000
mem[X,0x0000000080048EC4] -> 0x0513
mem[X,0x0000000080048EC6] -> 0xFFF5
[10325] [M]: 0x0000000080048EC4 (0xFFF50513) addi a0, a0, -0x1
x10 <- 0xFFFFFFFFFFFFFFFF
mem[X,0x0000000080048EC8] -> 0x1513
mem[X,0x0000000080048ECA] -> 0x00B5
[10326] [M]: 0x0000000080048EC8 (0x00B51513) slli a0, a0, 0xb
x10 <- 0xFFFFFFFFFFFFF800
mem[X,0x0000000080048ECC] -> 0x0513
mem[X,0x0000000080048ECE] -> 0x2575
[10327] [M]: 0x0000000080048ECC (0x25750513) addi a0, a0, 0x257
x10 <- 0xFFFFFFFFFFFFFA57
mem[X,0x0000000080048ED0] -> 0x1513
mem[X,0x0000000080048ED2] -> 0x00B5
[10328] [M]: 0x0000000080048ED0 (0x00B51513) slli a0, a0, 0xb
x10 <- 0xFFFFFFFFFFD2B800
mem[X,0x0000000080048ED4] -> 0x0513
mem[X,0x0000000080048ED6] -> 0x6C35
[10329] [M]: 0x0000000080048ED4 (0x6C350513) addi a0, a0, 0x6c3
x10 <- 0xFFFFFFFFFFD2BEC3
mem[X,0x0000000080048ED8] -> 0x1513
mem[X,0x0000000080048EDA] -> 0x00A5
[10330] [M]: 0x0000000080048ED8 (0x00A51513) slli a0, a0, 0xa
x10 <- 0xFFFFFFFF4AFB0C00
mem[X,0x0000000080048EDC] -> 0x0513
mem[X,0x0000000080048EDE] -> 0x0CE5
[10331] [M]: 0x0000000080048EDC (0x0CE50513) addi a0, a0, 0xce
x10 <- 0xFFFFFFFF4AFB0CCE
mem[X,0x0000000080048EE0] -> 0x05B7
mem[X,0x0000000080048EE2] -> 0x0000
[10332] [M]: 0x0000000080048EE0 (0x000005B7) lui a1, 0x0
x11 <- 0x0000000000000000
mem[X,0x0000000080048EE4] -> 0x8593
mem[X,0x0000000080048EE6] -> 0xFFF5
[10333] [M]: 0x0000000080048EE4 (0xFFF58593) addi a1, a1, -0x1
x11 <- 0xFFFFFFFFFFFFFFFF
mem[X,0x0000000080048EE8] -> 0x9593
mem[X,0x0000000080048EEA] -> 0x00B5
[10334] [M]: 0x0000000080048EE8 (0x00B59593) slli a1, a1, 0xb
x11 <- 0xFFFFFFFFFFFFF800
mem[X,0x0000000080048EEC] -> 0x8593
mem[X,0x0000000080048EEE] -> 0x2575
[10335] [M]: 0x0000000080048EEC (0x25758593) addi a1, a1, 0x257
x11 <- 0xFFFFFFFFFFFFFA57
mem[X,0x0000000080048EF0] -> 0x9593
mem[X,0x0000000080048EF2] -> 0x00B5
[10336] [M]: 0x0000000080048EF0 (0x00B59593) slli a1, a1, 0xb
x11 <- 0xFFFFFFFFFFD2B800
mem[X,0x0000000080048EF4] -> 0x8593
mem[X,0x0000000080048EF6] -> 0x6C35
[10337] [M]: 0x0000000080048EF4 (0x6C358593) addi a1, a1, 0x6c3
x11 <- 0xFFFFFFFFFFD2BEC3
mem[X,0x0000000080048EF8] -> 0x9593
mem[X,0x0000000080048EFA] -> 0x00A5
[10338] [M]: 0x0000000080048EF8 (0x00A59593) slli a1, a1, 0xa
x11 <- 0xFFFFFFFF4AFB0C00
mem[X,0x0000000080048EFC] -> 0x8593
mem[X,0x0000000080048EFE] -> 0x0CE5
[10339] [M]: 0x0000000080048EFC (0x0CE58593) addi a1, a1, 0xce
x11 <- 0xFFFFFFFF4AFB0CCE
mem[X,0x0000000080048F00] -> 0x0113
mem[X,0x0000000080048F02] -> 0x0000
[10340] [M]: 0x0000000080048F00 (0x00000113) addi sp, zero, 0x0
x2 <- 0x0000000000000000
mem[X,0x0000000080048F04] -> 0x006F
mem[X,0x0000000080048F06] -> 0x00C0
[10341] [M]: 0x0000000080048F04 (0x00C0006F) jal zero, 0xc
mem[X,0x0000000080048F10] -> 0x4CE3
mem[X,0x0000000080048F12] -> 0xFEB5
[10342] [M]: 0x0000000080048F10 (0xFEB54CE3) blt a0, a1, -0x8
mem[X,0x0000000080048F14] -> 0x0113
mem[X,0x0000000080048F16] -> 0x0021
[10343] [M]: 0x0000000080048F14 (0x00210113) addi sp, sp, 0x2
x2 <- 0x0000000000000002
mem[X,0x0000000080048F18] -> 0x006F
mem[X,0x0000000080048F1A] -> 0x00C0
[10344] [M]: 0x0000000080048F18 (0x00C0006F) jal zero, 0xc
mem[X,0x0000000080048F24] -> 0xB823
mem[X,0x0000000080048F26] -> 0x3020
[10345] [M]: 0x0000000080048F24 (0x3020B823) sd sp, 0x310(ra)
mem[0x00000000800504E8] <- 0x0000000000000002
mem[X,0x0000000080048F28] -> 0x0537
mem[X,0x0000000080048F2A] -> 0x0000
[10346] [M]: 0x0000000080048F28 (0x00000537) lui a0, 0x0
x10 <- 0x0000000000000000
mem[X,0x0000000080048F2C] -> 0x0513
mem[X,0x0000000080048F2E] -> 0xFFF5
[10347] [M]: 0x0000000080048F2C (0xFFF50513) addi a0, a0, -0x1
x10 <- 0xFFFFFFFFFFFFFFFF
mem[X,0x0000000080048F30] -> 0x1513
mem[X,0x0000000080048F32] -> 0x00B5
[10348] [M]: 0x0000000080048F30 (0x00B51513) slli a0, a0, 0xb
x10 <- 0xFFFFFFFFFFFFF800
mem[X,0x0000000080048F34] -> 0x0513
mem[X,0x0000000080048F36] -> 0x2575
[10349] [M]: 0x0000000080048F34 (0x25750513) addi a0, a0, 0x257
x10 <- 0xFFFFFFFFFFFFFA57
mem[X,0x0000000080048F38] -> 0x1513
mem[X,0x0000000080048F3A] -> 0x00B5
[10350] [M]: 0x0000000080048F38 (0x00B51513) slli a0, a0, 0xb
x10 <- 0xFFFFFFFFFFD2B800
mem[X,0x0000000080048F3C] -> 0x0513
mem[X,0x0000000080048F3E] -> 0x6C35
[10351] [M]: 0x0000000080048F3C (0x6C350513) addi a0, a0, 0x6c3
x10 <- 0xFFFFFFFFFFD2BEC3
mem[X,0x0000000080048F40] -> 0x1513
mem[X,0x0000000080048F42] -> 0x00A5
[10352] [M]: 0x0000000080048F40 (0x00A51513) slli a0, a0, 0xa
x10 <- 0xFFFFFFFF4AFB0C00
mem[X,0x0000000080048F44] -> 0x0513
mem[X,0x0000000080048F46] -> 0x0CE5
[10353] [M]: 0x0000000080048F44 (0x0CE50513) addi a0, a0, 0xce
x10 <- 0xFFFFFFFF4AFB0CCE
mem[X,0x0000000080048F48] -> 0x05B7
mem[X,0x0000000080048F4A] -> 0x0000
[10354] [M]: 0x0000000080048F48 (0x000005B7) lui a1, 0x0
x11 <- 0x0000000000000000
mem[X,0x0000000080048F4C] -> 0x8593
mem[X,0x0000000080048F4E] -> 0x0005
[10355] [M]: 0x0000000080048F4C (0x00058593) addi a1, a1, 0x0
x11 <- 0x0000000000000000
mem[X,0x0000000080048F50] -> 0x9593
mem[X,0x0000000080048F52] -> 0x00B5
[10356] [M]: 0x0000000080048F50 (0x00B59593) slli a1, a1, 0xb
x11 <- 0x0000000000000000
mem[X,0x0000000080048F54] -> 0x8593
mem[X,0x0000000080048F56] -> 0x5A85
[10357] [M]: 0x0000000080048F54 (0x5A858593) addi a1, a1, 0x5a8
x11 <- 0x00000000000005A8
mem[X,0x0000000080048F58] -> 0x9593
mem[X,0x0000000080048F5A] -> 0x00B5
[10358] [M]: 0x0000000080048F58 (0x00B59593) slli a1, a1, 0xb
x11 <- 0x00000000002D4000
mem[X,0x0000000080048F5C] -> 0x8593
mem[X,0x0000000080048F5E] -> 0x13C5
[10359] [M]: 0x0000000080048F5C (0x13C58593) addi a1, a1, 0x13c
x11 <- 0x00000000002D413C
mem[X,0x0000000080048F60] -> 0x9593
mem[X,0x0000000080048F62] -> 0x00A5
[10360] [M]: 0x0000000080048F60 (0x00A59593) slli a1, a1, 0xa
x11 <- 0x00000000B504F000
mem[X,0x0000000080048F64] -> 0x8593
mem[X,0x0000000080048F66] -> 0x3345
[10361] [M]: 0x0000000080048F64 (0x33458593) addi a1, a1, 0x334
x11 <- 0x00000000B504F334
mem[X,0x0000000080048F68] -> 0x0113
mem[X,0x0000000080048F6A] -> 0x0000
[10362] [M]: 0x0000000080048F68 (0x00000113) addi sp, zero, 0x0
x2 <- 0x0000000000000000
mem[X,0x0000000080048F6C] -> 0x006F
mem[X,0x0000000080048F6E] -> 0x00C0
[10363] [M]: 0x0000000080048F6C (0x00C0006F) jal zero, 0xc
mem[X,0x0000000080048F78] -> 0x4063
mem[X,0x0000000080048F7A] -> 0x10B5
[10364] [M]: 0x0000000080048F78 (0x10B54063) blt a0, a1, 0x100
mem[X,0x0000000080049078] -> 0x0113
mem[X,0x000000008004907A] -> 0x0031
[10365] [M]: 0x0000000080049078 (0x00310113) addi sp, sp, 0x3
x2 <- 0x0000000000000003
mem[X,0x000000008004907C] -> 0x006F
mem[X,0x000000008004907E] -> 0x0040
[10366] [M]: 0x000000008004907C (0x0040006F) jal zero, 0x4
mem[X,0x0000000080049080] -> 0xBC23
mem[X,0x0000000080049082] -> 0x3020
[10367] [M]: 0x0000000080049080 (0x3020BC23) sd sp, 0x318(ra)
mem[0x00000000800504F0] <- 0x0000000000000003
mem[X,0x0000000080049084] -> 0x0537
mem[X,0x0000000080049086] -> 0x0000
[10368] [M]: 0x0000000080049084 (0x00000537) lui a0, 0x0
x10 <- 0x0000000000000000
mem[X,0x0000000080049088] -> 0x0513
mem[X,0x000000008004908A] -> 0x0005
[10369] [M]: 0x0000000080049088 (0x00050513) addi a0, a0, 0x0
x10 <- 0x0000000000000000
mem[X,0x000000008004908C] -> 0x1513
mem[X,0x000000008004908E] -> 0x00B5
[10370] [M]: 0x000000008004908C (0x00B51513) slli a0, a0, 0xb
x10 <- 0x0000000000000000
mem[X,0x0000000080049090] -> 0x0513
mem[X,0x0000000080049092] -> 0x5A85
[10371] [M]: 0x0000000080049090 (0x5A850513) addi a0, a0, 0x5a8
x10 <- 0x00000000000005A8
mem[X,0x0000000080049094] -> 0x1513
mem[X,0x0000000080049096] -> 0x00B5
[10372] [M]: 0x0000000080049094 (0x00B51513) slli a0, a0, 0xb
x10 <- 0x00000000002D4000
mem[X,0x0000000080049098] -> 0x0513
mem[X,0x000000008004909A] -> 0x13C5
[10373] [M]: 0x0000000080049098 (0x13C50513) addi a0, a0, 0x13c
x10 <- 0x00000000002D413C
mem[X,0x000000008004909C] -> 0x1513
mem[X,0x000000008004909E] -> 0x00A5
[10374] [M]: 0x000000008004909C (0x00A51513) slli a0, a0, 0xa
x10 <- 0x00000000B504F000
mem[X,0x00000000800490A0] -> 0x0513
mem[X,0x00000000800490A2] -> 0x3345
[10375] [M]: 0x00000000800490A0 (0x33450513) addi a0, a0, 0x334
x10 <- 0x00000000B504F334
mem[X,0x00000000800490A4] -> 0x0593
mem[X,0x00000000800490A6] -> 0x0030
[10376] [M]: 0x00000000800490A4 (0x00300593) addi a1, zero, 0x3
x11 <- 0x0000000000000003
mem[X,0x00000000800490A8] -> 0x0113
mem[X,0x00000000800490AA] -> 0x0000
[10377] [M]: 0x00000000800490A8 (0x00000113) addi sp, zero, 0x0
x2 <- 0x0000000000000000
mem[X,0x00000000800490AC] -> 0x006F
mem[X,0x00000000800490AE] -> 0x00C0
[10378] [M]: 0x00000000800490AC (0x00C0006F) jal zero, 0xc
mem[X,0x00000000800490B8] -> 0x4063
mem[X,0x00000000800490BA] -> 0x02B5
[10379] [M]: 0x00000000800490B8 (0x02B54063) blt a0, a1, 0x20
mem[X,0x00000000800490BC] -> 0x0113
mem[X,0x00000000800490BE] -> 0x0021
[10380] [M]: 0x00000000800490BC (0x00210113) addi sp, sp, 0x2
x2 <- 0x0000000000000002
mem[X,0x00000000800490C0] -> 0x006F
mem[X,0x00000000800490C2] -> 0x0200
[10381] [M]: 0x00000000800490C0 (0x0200006F) jal zero, 0x20
mem[X,0x00000000800490E0] -> 0xB023
mem[X,0x00000000800490E2] -> 0x3220
[10382] [M]: 0x00000000800490E0 (0x3220B023) sd sp, 0x320(ra)
mem[0x00000000800504F8] <- 0x0000000000000002
mem[X,0x00000000800490E4] -> 0x0537
mem[X,0x00000000800490E6] -> 0x0000
[10383] [M]: 0x00000000800490E4 (0x00000537) lui a0, 0x0
x10 <- 0x0000000000000000
mem[X,0x00000000800490E8] -> 0x0513
mem[X,0x00000000800490EA] -> 0x0005
[10384] [M]: 0x00000000800490E8 (0x00050513) addi a0, a0, 0x0
x10 <- 0x0000000000000000
mem[X,0x00000000800490EC] -> 0x1513
mem[X,0x00000000800490EE] -> 0x00B5
[10385] [M]: 0x00000000800490EC (0x00B51513) slli a0, a0, 0xb
x10 <- 0x0000000000000000
mem[X,0x00000000800490F0] -> 0x0513
mem[X,0x00000000800490F2] -> 0x5A85
[10386] [M]: 0x00000000800490F0 (0x5A850513) addi a0, a0, 0x5a8
x10 <- 0x00000000000005A8
mem[X,0x00000000800490F4] -> 0x1513
mem[X,0x00000000800490F6] -> 0x00B5
[10387] [M]: 0x00000000800490F4 (0x00B51513) slli a0, a0, 0xb
x10 <- 0x00000000002D4000
mem[X,0x00000000800490F8] -> 0x0513
mem[X,0x00000000800490FA] -> 0x13C5
[10388] [M]: 0x00000000800490F8 (0x13C50513) addi a0, a0, 0x13c
x10 <- 0x00000000002D413C
mem[X,0x00000000800490FC] -> 0x1513
mem[X,0x00000000800490FE] -> 0x00A5
[10389] [M]: 0x00000000800490FC (0x00A51513) slli a0, a0, 0xa
x10 <- 0x00000000B504F000
mem[X,0x0000000080049100] -> 0x0513
mem[X,0x0000000080049102] -> 0x3345
[10390] [M]: 0x0000000080049100 (0x33450513) addi a0, a0, 0x334
x10 <- 0x00000000B504F334
mem[X,0x0000000080049104] -> 0x55B7
mem[X,0x0000000080049106] -> 0x5555
[10391] [M]: 0x0000000080049104 (0x555555B7) lui a1, 0x55555
x11 <- 0x0000000055555000
mem[X,0x0000000080049108] -> 0x8593
mem[X,0x000000008004910A] -> 0x5555
[10392] [M]: 0x0000000080049108 (0x55558593) addi a1, a1, 0x555
x11 <- 0x0000000055555555
mem[X,0x000000008004910C] -> 0x9593
mem[X,0x000000008004910E] -> 0x00B5
[10393] [M]: 0x000000008004910C (0x00B59593) slli a1, a1, 0xb
x11 <- 0x000002AAAAAAA800
mem[X,0x0000000080049110] -> 0x8593
mem[X,0x0000000080049112] -> 0x2AA5
[10394] [M]: 0x0000000080049110 (0x2AA58593) addi a1, a1, 0x2aa
x11 <- 0x000002AAAAAAAAAA
mem[X,0x0000000080049114] -> 0x9593
mem[X,0x0000000080049116] -> 0x00B5
[10395] [M]: 0x0000000080049114 (0x00B59593) slli a1, a1, 0xb
x11 <- 0x0015555555555000
mem[X,0x0000000080049118] -> 0x8593
mem[X,0x000000008004911A] -> 0x5555
[10396] [M]: 0x0000000080049118 (0x55558593) addi a1, a1, 0x555
x11 <- 0x0015555555555555
mem[X,0x000000008004911C] -> 0x9593
mem[X,0x000000008004911E] -> 0x00A5
[10397] [M]: 0x000000008004911C (0x00A59593) slli a1, a1, 0xa
x11 <- 0x5555555555555400
mem[X,0x0000000080049120] -> 0x8593
mem[X,0x0000000080049122] -> 0x1555
[10398] [M]: 0x0000000080049120 (0x15558593) addi a1, a1, 0x155
x11 <- 0x5555555555555555
mem[X,0x0000000080049124] -> 0x0113
mem[X,0x0000000080049126] -> 0x0000
[10399] [M]: 0x0000000080049124 (0x00000113) addi sp, zero, 0x0
x2 <- 0x0000000000000000
clint::tick mtime <- 0x0000000000000068
 clint timer pending at mtime 0x0000000000000068
htif::tick 0x0000000000000000
mem[X,0x0000000080049128] -> 0x006F
mem[X,0x000000008004912A] -> 0x00C0
[10400] [M]: 0x0000000080049128 (0x00C0006F) jal zero, 0xc
mem[X,0x0000000080049134] -> 0x4063
mem[X,0x0000000080049136] -> 0x10B5
[10401] [M]: 0x0000000080049134 (0x10B54063) blt a0, a1, 0x100
mem[X,0x0000000080049234] -> 0x0113
mem[X,0x0000000080049236] -> 0x0031
[10402] [M]: 0x0000000080049234 (0x00310113) addi sp, sp, 0x3
x2 <- 0x0000000000000003
mem[X,0x0000000080049238] -> 0x006F
mem[X,0x000000008004923A] -> 0x0040
[10403] [M]: 0x0000000080049238 (0x0040006F) jal zero, 0x4
mem[X,0x000000008004923C] -> 0xB423
mem[X,0x000000008004923E] -> 0x3220
[10404] [M]: 0x000000008004923C (0x3220B423) sd sp, 0x328(ra)
mem[0x0000000080050500] <- 0x0000000000000003
mem[X,0x0000000080049240] -> 0x0537
mem[X,0x0000000080049242] -> 0x0000
[10405] [M]: 0x0000000080049240 (0x00000537) lui a0, 0x0
x10 <- 0x0000000000000000
mem[X,0x0000000080049244] -> 0x0513
mem[X,0x0000000080049246] -> 0x0005
[10406] [M]: 0x0000000080049244 (0x00050513) addi a0, a0, 0x0
x10 <- 0x0000000000000000
mem[X,0x0000000080049248] -> 0x1513
mem[X,0x000000008004924A] -> 0x00B5
[10407] [M]: 0x0000000080049248 (0x00B51513) slli a0, a0, 0xb
x10 <- 0x0000000000000000
mem[X,0x000000008004924C] -> 0x0513
mem[X,0x000000008004924E] -> 0x5A85
[10408] [M]: 0x000000008004924C (0x5A850513) addi a0, a0, 0x5a8
x10 <- 0x00000000000005A8
mem[X,0x0000000080049250] -> 0x1513
mem[X,0x0000000080049252] -> 0x00B5
[10409] [M]: 0x0000000080049250 (0x00B51513) slli a0, a0, 0xb
x10 <- 0x00000000002D4000
mem[X,0x0000000080049254] -> 0x0513
mem[X,0x0000000080049256] -> 0x13C5
[10410] [M]: 0x0000000080049254 (0x13C50513) addi a0, a0, 0x13c
x10 <- 0x00000000002D413C
mem[X,0x0000000080049258] -> 0x1513
mem[X,0x000000008004925A] -> 0x00A5
[10411] [M]: 0x0000000080049258 (0x00A51513) slli a0, a0, 0xa
x10 <- 0x00000000B504F000
mem[X,0x000000008004925C] -> 0x0513
mem[X,0x000000008004925E] -> 0x3345
[10412] [M]: 0x000000008004925C (0x33450513) addi a0, a0, 0x334
x10 <- 0x00000000B504F334
mem[X,0x0000000080049260] -> 0xB5B7
mem[X,0x0000000080049262] -> 0xAAAA
[10413] [M]: 0x0000000080049260 (0xAAAAB5B7) lui a1, -0x55555
x11 <- 0xFFFFFFFFAAAAB000
mem[X,0x0000000080049264] -> 0x8593
mem[X,0x0000000080049266] -> 0xAAA5
[10414] [M]: 0x0000000080049264 (0xAAA58593) addi a1, a1, -0x556
x11 <- 0xFFFFFFFFAAAAAAAA
mem[X,0x0000000080049268] -> 0x9593
mem[X,0x000000008004926A] -> 0x00B5
[10415] [M]: 0x0000000080049268 (0x00B59593) slli a1, a1, 0xb
x11 <- 0xFFFFFD5555555000
mem[X,0x000000008004926C] -> 0x8593
mem[X,0x000000008004926E] -> 0x5555
[10416] [M]: 0x000000008004926C (0x55558593) addi a1, a1, 0x555
x11 <- 0xFFFFFD5555555555
mem[X,0x0000000080049270] -> 0x9593
mem[X,0x0000000080049272] -> 0x00B5
[10417] [M]: 0x0000000080049270 (0x00B59593) slli a1, a1, 0xb
x11 <- 0xFFEAAAAAAAAAA800
mem[X,0x0000000080049274] -> 0x8593
mem[X,0x0000000080049276] -> 0x2AA5
[10418] [M]: 0x0000000080049274 (0x2AA58593) addi a1, a1, 0x2aa
x11 <- 0xFFEAAAAAAAAAAAAA
mem[X,0x0000000080049278] -> 0x9593
mem[X,0x000000008004927A] -> 0x00A5
[10419] [M]: 0x0000000080049278 (0x00A59593) slli a1, a1, 0xa
x11 <- 0xAAAAAAAAAAAAA800
mem[X,0x000000008004927C] -> 0x8593
mem[X,0x000000008004927E] -> 0x2AA5
[10420] [M]: 0x000000008004927C (0x2AA58593) addi a1, a1, 0x2aa
x11 <- 0xAAAAAAAAAAAAAAAA
mem[X,0x0000000080049280] -> 0x0113
mem[X,0x0000000080049282] -> 0x0000
[10421] [M]: 0x0000000080049280 (0x00000113) addi sp, zero, 0x0
x2 <- 0x0000000000000000
mem[X,0x0000000080049284] -> 0x006F
mem[X,0x0000000080049286] -> 0x00C0
[10422] [M]: 0x0000000080049284 (0x00C0006F) jal zero, 0xc
mem[X,0x0000000080049290] -> 0x4663
mem[X,0x0000000080049292] -> 0x00B5
[10423] [M]: 0x0000000080049290 (0x00B54663) blt a0, a1, 0xc
mem[X,0x0000000080049294] -> 0x0113
mem[X,0x0000000080049296] -> 0x0021
[10424] [M]: 0x0000000080049294 (0x00210113) addi sp, sp, 0x2
x2 <- 0x0000000000000002
mem[X,0x0000000080049298] -> 0x006F
mem[X,0x000000008004929A] -> 0x00C0
[10425] [M]: 0x0000000080049298 (0x00C0006F) jal zero, 0xc
mem[X,0x00000000800492A4] -> 0xB823
mem[X,0x00000000800492A6] -> 0x3220
[10426] [M]: 0x00000000800492A4 (0x3220B823) sd sp, 0x330(ra)
mem[0x0000000080050508] <- 0x0000000000000002
mem[X,0x00000000800492A8] -> 0x0537
mem[X,0x00000000800492AA] -> 0x0000
[10427] [M]: 0x00000000800492A8 (0x00000537) lui a0, 0x0
x10 <- 0x0000000000000000
mem[X,0x00000000800492AC] -> 0x0513
mem[X,0x00000000800492AE] -> 0x0005
[10428] [M]: 0x00000000800492AC (0x00050513) addi a0, a0, 0x0
x10 <- 0x0000000000000000
mem[X,0x00000000800492B0] -> 0x1513
mem[X,0x00000000800492B2] -> 0x00B5
[10429] [M]: 0x00000000800492B0 (0x00B51513) slli a0, a0, 0xb
x10 <- 0x0000000000000000
mem[X,0x00000000800492B4] -> 0x0513
mem[X,0x00000000800492B6] -> 0x5A85
[10430] [M]: 0x00000000800492B4 (0x5A850513) addi a0, a0, 0x5a8
x10 <- 0x00000000000005A8
mem[X,0x00000000800492B8] -> 0x1513
mem[X,0x00000000800492BA] -> 0x00B5
[10431] [M]: 0x00000000800492B8 (0x00B51513) slli a0, a0, 0xb
x10 <- 0x00000000002D4000
mem[X,0x00000000800492BC] -> 0x0513
mem[X,0x00000000800492BE] -> 0x13C5
[10432] [M]: 0x00000000800492BC (0x13C50513) addi a0, a0, 0x13c
x10 <- 0x00000000002D413C
mem[X,0x00000000800492C0] -> 0x1513
mem[X,0x00000000800492C2] -> 0x00A5
[10433] [M]: 0x00000000800492C0 (0x00A51513) slli a0, a0, 0xa
x10 <- 0x00000000B504F000
mem[X,0x00000000800492C4] -> 0x0513
mem[X,0x00000000800492C6] -> 0x3345
[10434] [M]: 0x00000000800492C4 (0x33450513) addi a0, a0, 0x334
x10 <- 0x00000000B504F334
mem[X,0x00000000800492C8] -> 0x0593
mem[X,0x00000000800492CA] -> 0x0050
[10435] [M]: 0x00000000800492C8 (0x00500593) addi a1, zero, 0x5
x11 <- 0x0000000000000005
mem[X,0x00000000800492CC] -> 0x0113
mem[X,0x00000000800492CE] -> 0x0000
[10436] [M]: 0x00000000800492CC (0x00000113) addi sp, zero, 0x0
x2 <- 0x0000000000000000
mem[X,0x00000000800492D0] -> 0x006F
mem[X,0x00000000800492D2] -> 0x00C0
[10437] [M]: 0x00000000800492D0 (0x00C0006F) jal zero, 0xc
mem[X,0x00000000800492DC] -> 0x4663
mem[X,0x00000000800492DE] -> 0x00B5
[10438] [M]: 0x00000000800492DC (0x00B54663) blt a0, a1, 0xc
mem[X,0x00000000800492E0] -> 0x0113
mem[X,0x00000000800492E2] -> 0x0021
[10439] [M]: 0x00000000800492E0 (0x00210113) addi sp, sp, 0x2
x2 <- 0x0000000000000002
mem[X,0x00000000800492E4] -> 0x006F
mem[X,0x00000000800492E6] -> 0x00C0
[10440] [M]: 0x00000000800492E4 (0x00C0006F) jal zero, 0xc
mem[X,0x00000000800492F0] -> 0xBC23
mem[X,0x00000000800492F2] -> 0x3220
[10441] [M]: 0x00000000800492F0 (0x3220BC23) sd sp, 0x338(ra)
mem[0x0000000080050510] <- 0x0000000000000002
mem[X,0x00000000800492F4] -> 0x0537
mem[X,0x00000000800492F6] -> 0x0000
[10442] [M]: 0x00000000800492F4 (0x00000537) lui a0, 0x0
x10 <- 0x0000000000000000
mem[X,0x00000000800492F8] -> 0x0513
mem[X,0x00000000800492FA] -> 0x0005
[10443] [M]: 0x00000000800492F8 (0x00050513) addi a0, a0, 0x0
x10 <- 0x0000000000000000
mem[X,0x00000000800492FC] -> 0x1513
mem[X,0x00000000800492FE] -> 0x00B5
[10444] [M]: 0x00000000800492FC (0x00B51513) slli a0, a0, 0xb
x10 <- 0x0000000000000000
mem[X,0x0000000080049300] -> 0x0513
mem[X,0x0000000080049302] -> 0x5A85
[10445] [M]: 0x0000000080049300 (0x5A850513) addi a0, a0, 0x5a8
x10 <- 0x00000000000005A8
mem[X,0x0000000080049304] -> 0x1513
mem[X,0x0000000080049306] -> 0x00B5
[10446] [M]: 0x0000000080049304 (0x00B51513) slli a0, a0, 0xb
x10 <- 0x00000000002D4000
mem[X,0x0000000080049308] -> 0x0513
mem[X,0x000000008004930A] -> 0x13C5
[10447] [M]: 0x0000000080049308 (0x13C50513) addi a0, a0, 0x13c
x10 <- 0x00000000002D413C
mem[X,0x000000008004930C] -> 0x1513
mem[X,0x000000008004930E] -> 0x00A5
[10448] [M]: 0x000000008004930C (0x00A51513) slli a0, a0, 0xa
x10 <- 0x00000000B504F000
mem[X,0x0000000080049310] -> 0x0513
mem[X,0x0000000080049312] -> 0x3345
[10449] [M]: 0x0000000080049310 (0x33450513) addi a0, a0, 0x334
x10 <- 0x00000000B504F334
mem[X,0x0000000080049314] -> 0x35B7
mem[X,0x0000000080049316] -> 0x3333
[10450] [M]: 0x0000000080049314 (0x333335B7) lui a1, 0x33333
x11 <- 0x0000000033333000
mem[X,0x0000000080049318] -> 0x8593
mem[X,0x000000008004931A] -> 0x3335
[10451] [M]: 0x0000000080049318 (0x33358593) addi a1, a1, 0x333
x11 <- 0x0000000033333333
mem[X,0x000000008004931C] -> 0x9593
mem[X,0x000000008004931E] -> 0x00B5
[10452] [M]: 0x000000008004931C (0x00B59593) slli a1, a1, 0xb
x11 <- 0x0000019999999800
mem[X,0x0000000080049320] -> 0x8593
mem[X,0x0000000080049322] -> 0x1995
[10453] [M]: 0x0000000080049320 (0x19958593) addi a1, a1, 0x199
x11 <- 0x0000019999999999
mem[X,0x0000000080049324] -> 0x9593
mem[X,0x0000000080049326] -> 0x00B5
[10454] [M]: 0x0000000080049324 (0x00B59593) slli a1, a1, 0xb
x11 <- 0x000CCCCCCCCCC800
mem[X,0x0000000080049328] -> 0x8593
mem[X,0x000000008004932A] -> 0x4CC5
[10455] [M]: 0x0000000080049328 (0x4CC58593) addi a1, a1, 0x4cc
x11 <- 0x000CCCCCCCCCCCCC
mem[X,0x000000008004932C] -> 0x9593
mem[X,0x000000008004932E] -> 0x00A5
[10456] [M]: 0x000000008004932C (0x00A59593) slli a1, a1, 0xa
x11 <- 0x3333333333333000
mem[X,0x0000000080049330] -> 0x8593
mem[X,0x0000000080049332] -> 0x3335
[10457] [M]: 0x0000000080049330 (0x33358593) addi a1, a1, 0x333
x11 <- 0x3333333333333333
mem[X,0x0000000080049334] -> 0x0113
mem[X,0x0000000080049336] -> 0x0000
[10458] [M]: 0x0000000080049334 (0x00000113) addi sp, zero, 0x0
x2 <- 0x0000000000000000
mem[X,0x0000000080049338] -> 0x006F
mem[X,0x000000008004933A] -> 0x00C0
[10459] [M]: 0x0000000080049338 (0x00C0006F) jal zero, 0xc
mem[X,0x0000000080049344] -> 0x4063
mem[X,0x0000000080049346] -> 0x40B5
[10460] [M]: 0x0000000080049344 (0x40B54063) blt a0, a1, 0x400
mem[X,0x0000000080049744] -> 0x0113
mem[X,0x0000000080049746] -> 0x0031
[10461] [M]: 0x0000000080049744 (0x00310113) addi sp, sp, 0x3
x2 <- 0x0000000000000003
mem[X,0x0000000080049748] -> 0x006F
mem[X,0x000000008004974A] -> 0x0040
[10462] [M]: 0x0000000080049748 (0x0040006F) jal zero, 0x4
mem[X,0x000000008004974C] -> 0xB023
mem[X,0x000000008004974E] -> 0x3420
[10463] [M]: 0x000000008004974C (0x3420B023) sd sp, 0x340(ra)
mem[0x0000000080050518] <- 0x0000000000000003
mem[X,0x0000000080049750] -> 0x0537
mem[X,0x0000000080049752] -> 0x0000
[10464] [M]: 0x0000000080049750 (0x00000537) lui a0, 0x0
x10 <- 0x0000000000000000
mem[X,0x0000000080049754] -> 0x0513
mem[X,0x0000000080049756] -> 0x0005
[10465] [M]: 0x0000000080049754 (0x00050513) addi a0, a0, 0x0
x10 <- 0x0000000000000000
mem[X,0x0000000080049758] -> 0x1513
mem[X,0x000000008004975A] -> 0x00B5
[10466] [M]: 0x0000000080049758 (0x00B51513) slli a0, a0, 0xb
x10 <- 0x0000000000000000
mem[X,0x000000008004975C] -> 0x0513
mem[X,0x000000008004975E] -> 0x5A85
[10467] [M]: 0x000000008004975C (0x5A850513) addi a0, a0, 0x5a8
x10 <- 0x00000000000005A8
mem[X,0x0000000080049760] -> 0x1513
mem[X,0x0000000080049762] -> 0x00B5
[10468] [M]: 0x0000000080049760 (0x00B51513) slli a0, a0, 0xb
x10 <- 0x00000000002D4000
mem[X,0x0000000080049764] -> 0x0513
mem[X,0x0000000080049766] -> 0x13C5
[10469] [M]: 0x0000000080049764 (0x13C50513) addi a0, a0, 0x13c
x10 <- 0x00000000002D413C
mem[X,0x0000000080049768] -> 0x1513
mem[X,0x000000008004976A] -> 0x00A5
[10470] [M]: 0x0000000080049768 (0x00A51513) slli a0, a0, 0xa
x10 <- 0x00000000B504F000
mem[X,0x000000008004976C] -> 0x0513
mem[X,0x000000008004976E] -> 0x3345
[10471] [M]: 0x000000008004976C (0x33450513) addi a0, a0, 0x334
x10 <- 0x00000000B504F334
mem[X,0x0000000080049770] -> 0x65B7
mem[X,0x0000000080049772] -> 0x6666
[10472] [M]: 0x0000000080049770 (0x666665B7) lui a1, 0x66666
x11 <- 0x0000000066666000
mem[X,0x0000000080049774] -> 0x8593
mem[X,0x0000000080049776] -> 0x6665
[10473] [M]: 0x0000000080049774 (0x66658593) addi a1, a1, 0x666
x11 <- 0x0000000066666666
mem[X,0x0000000080049778] -> 0x9593
mem[X,0x000000008004977A] -> 0x00B5
[10474] [M]: 0x0000000080049778 (0x00B59593) slli a1, a1, 0xb
x11 <- 0x0000033333333000
mem[X,0x000000008004977C] -> 0x8593
mem[X,0x000000008004977E] -> 0x3335
[10475] [M]: 0x000000008004977C (0x33358593) addi a1, a1, 0x333
x11 <- 0x0000033333333333
mem[X,0x0000000080049780] -> 0x9593
mem[X,0x0000000080049782] -> 0x00B5
[10476] [M]: 0x0000000080049780 (0x00B59593) slli a1, a1, 0xb
x11 <- 0x0019999999999800
mem[X,0x0000000080049784] -> 0x8593
mem[X,0x0000000080049786] -> 0x1995
[10477] [M]: 0x0000000080049784 (0x19958593) addi a1, a1, 0x199
x11 <- 0x0019999999999999
mem[X,0x0000000080049788] -> 0x9593
mem[X,0x000000008004978A] -> 0x00A5
[10478] [M]: 0x0000000080049788 (0x00A59593) slli a1, a1, 0xa
x11 <- 0x6666666666666400
mem[X,0x000000008004978C] -> 0x8593
mem[X,0x000000008004978E] -> 0x2665
[10479] [M]: 0x000000008004978C (0x26658593) addi a1, a1, 0x266
x11 <- 0x6666666666666666
mem[X,0x0000000080049790] -> 0x0113
mem[X,0x0000000080049792] -> 0x0000
[10480] [M]: 0x0000000080049790 (0x00000113) addi sp, zero, 0x0
x2 <- 0x0000000000000000
mem[X,0x0000000080049794] -> 0x006F
mem[X,0x0000000080049796] -> 0x0100
[10481] [M]: 0x0000000080049794 (0x0100006F) jal zero, 0x10
mem[X,0x00000000800497A4] -> 0x4AE3
mem[X,0x00000000800497A6] -> 0xFEB5
[10482] [M]: 0x00000000800497A4 (0xFEB54AE3) blt a0, a1, -0xc
mem[X,0x0000000080049798] -> 0x0113
mem[X,0x000000008004979A] -> 0x0011
[10483] [M]: 0x0000000080049798 (0x00110113) addi sp, sp, 0x1
x2 <- 0x0000000000000001
mem[X,0x000000008004979C] -> 0x006F
mem[X,0x000000008004979E] -> 0x01C0
[10484] [M]: 0x000000008004979C (0x01C0006F) jal zero, 0x1c
mem[X,0x00000000800497B8] -> 0xB423
mem[X,0x00000000800497BA] -> 0x3420
[10485] [M]: 0x00000000800497B8 (0x3420B423) sd sp, 0x348(ra)
mem[0x0000000080050520] <- 0x0000000000000001
mem[X,0x00000000800497BC] -> 0x0537
mem[X,0x00000000800497BE] -> 0x0000
[10486] [M]: 0x00000000800497BC (0x00000537) lui a0, 0x0
x10 <- 0x0000000000000000
mem[X,0x00000000800497C0] -> 0x0513
mem[X,0x00000000800497C2] -> 0x0005
[10487] [M]: 0x00000000800497C0 (0x00050513) addi a0, a0, 0x0
x10 <- 0x0000000000000000
mem[X,0x00000000800497C4] -> 0x1513
mem[X,0x00000000800497C6] -> 0x00B5
[10488] [M]: 0x00000000800497C4 (0x00B51513) slli a0, a0, 0xb
x10 <- 0x0000000000000000
mem[X,0x00000000800497C8] -> 0x0513
mem[X,0x00000000800497CA] -> 0x5A85
[10489] [M]: 0x00000000800497C8 (0x5A850513) addi a0, a0, 0x5a8
x10 <- 0x00000000000005A8
mem[X,0x00000000800497CC] -> 0x1513
mem[X,0x00000000800497CE] -> 0x00B5
[10490] [M]: 0x00000000800497CC (0x00B51513) slli a0, a0, 0xb
x10 <- 0x00000000002D4000
mem[X,0x00000000800497D0] -> 0x0513
mem[X,0x00000000800497D2] -> 0x13C5
[10491] [M]: 0x00000000800497D0 (0x13C50513) addi a0, a0, 0x13c
x10 <- 0x00000000002D413C
mem[X,0x00000000800497D4] -> 0x1513
mem[X,0x00000000800497D6] -> 0x00A5
[10492] [M]: 0x00000000800497D4 (0x00A51513) slli a0, a0, 0xa
x10 <- 0x00000000B504F000
mem[X,0x00000000800497D8] -> 0x0513
mem[X,0x00000000800497DA] -> 0x3345
[10493] [M]: 0x00000000800497D8 (0x33450513) addi a0, a0, 0x334
x10 <- 0x00000000B504F334
mem[X,0x00000000800497DC] -> 0x05B7
mem[X,0x00000000800497DE] -> 0x0000
[10494] [M]: 0x00000000800497DC (0x000005B7) lui a1, 0x0
x11 <- 0x0000000000000000
mem[X,0x00000000800497E0] -> 0x8593
mem[X,0x00000000800497E2] -> 0xFFF5
[10495] [M]: 0x00000000800497E0 (0xFFF58593) addi a1, a1, -0x1
x11 <- 0xFFFFFFFFFFFFFFFF
mem[X,0x00000000800497E4] -> 0x9593
mem[X,0x00000000800497E6] -> 0x00B5
[10496] [M]: 0x00000000800497E4 (0x00B59593) slli a1, a1, 0xb
x11 <- 0xFFFFFFFFFFFFF800
mem[X,0x00000000800497E8] -> 0x8593
mem[X,0x00000000800497EA] -> 0x2575
[10497] [M]: 0x00000000800497E8 (0x25758593) addi a1, a1, 0x257
x11 <- 0xFFFFFFFFFFFFFA57
mem[X,0x00000000800497EC] -> 0x9593
mem[X,0x00000000800497EE] -> 0x00B5
[10498] [M]: 0x00000000800497EC (0x00B59593) slli a1, a1, 0xb
x11 <- 0xFFFFFFFFFFD2B800
mem[X,0x00000000800497F0] -> 0x8593
mem[X,0x00000000800497F2] -> 0x6C35
[10499] [M]: 0x00000000800497F0 (0x6C358593) addi a1, a1, 0x6c3
x11 <- 0xFFFFFFFFFFD2BEC3
clint::tick mtime <- 0x0000000000000069
 clint timer pending at mtime 0x0000000000000069
htif::tick 0x0000000000000000
mem[X,0x00000000800497F4] -> 0x9593
mem[X,0x00000000800497F6] -> 0x00A5
[10500] [M]: 0x00000000800497F4 (0x00A59593) slli a1, a1, 0xa
x11 <- 0xFFFFFFFF4AFB0C00
mem[X,0x00000000800497F8] -> 0x8593
mem[X,0x00000000800497FA] -> 0x0CD5
[10501] [M]: 0x00000000800497F8 (0x0CD58593) addi a1, a1, 0xcd
x11 <- 0xFFFFFFFF4AFB0CCD
mem[X,0x00000000800497FC] -> 0x0113
mem[X,0x00000000800497FE] -> 0x0000
[10502] [M]: 0x00000000800497FC (0x00000113) addi sp, zero, 0x0
x2 <- 0x0000000000000000
mem[X,0x0000000080049800] -> 0x006F
mem[X,0x0000000080049802] -> 0x00C0
[10503] [M]: 0x0000000080049800 (0x00C0006F) jal zero, 0xc
mem[X,0x000000008004980C] -> 0x4CE3
mem[X,0x000000008004980E] -> 0xFEB5
[10504] [M]: 0x000000008004980C (0xFEB54CE3) blt a0, a1, -0x8
mem[X,0x0000000080049810] -> 0x0113
mem[X,0x0000000080049812] -> 0x0021
[10505] [M]: 0x0000000080049810 (0x00210113) addi sp, sp, 0x2
x2 <- 0x0000000000000002
mem[X,0x0000000080049814] -> 0x006F
mem[X,0x0000000080049816] -> 0x00C0
[10506] [M]: 0x0000000080049814 (0x00C0006F) jal zero, 0xc
mem[X,0x0000000080049820] -> 0xB823
mem[X,0x0000000080049822] -> 0x3420
[10507] [M]: 0x0000000080049820 (0x3420B823) sd sp, 0x350(ra)
mem[0x0000000080050528] <- 0x0000000000000002
mem[X,0x0000000080049824] -> 0x0537
mem[X,0x0000000080049826] -> 0x0000
[10508] [M]: 0x0000000080049824 (0x00000537) lui a0, 0x0
x10 <- 0x0000000000000000
mem[X,0x0000000080049828] -> 0x0513
mem[X,0x000000008004982A] -> 0x0005
[10509] [M]: 0x0000000080049828 (0x00050513) addi a0, a0, 0x0
x10 <- 0x0000000000000000
mem[X,0x000000008004982C] -> 0x1513
mem[X,0x000000008004982E] -> 0x00B5
[10510] [M]: 0x000000008004982C (0x00B51513) slli a0, a0, 0xb
x10 <- 0x0000000000000000
mem[X,0x0000000080049830] -> 0x0513
mem[X,0x0000000080049832] -> 0x5A85
[10511] [M]: 0x0000000080049830 (0x5A850513) addi a0, a0, 0x5a8
x10 <- 0x00000000000005A8
mem[X,0x0000000080049834] -> 0x1513
mem[X,0x0000000080049836] -> 0x00B5
[10512] [M]: 0x0000000080049834 (0x00B51513) slli a0, a0, 0xb
x10 <- 0x00000000002D4000
mem[X,0x0000000080049838] -> 0x0513
mem[X,0x000000008004983A] -> 0x13C5
[10513] [M]: 0x0000000080049838 (0x13C50513) addi a0, a0, 0x13c
x10 <- 0x00000000002D413C
mem[X,0x000000008004983C] -> 0x1513
mem[X,0x000000008004983E] -> 0x00A5
[10514] [M]: 0x000000008004983C (0x00A51513) slli a0, a0, 0xa
x10 <- 0x00000000B504F000
mem[X,0x0000000080049840] -> 0x0513
mem[X,0x0000000080049842] -> 0x3345
[10515] [M]: 0x0000000080049840 (0x33450513) addi a0, a0, 0x334
x10 <- 0x00000000B504F334
mem[X,0x0000000080049844] -> 0x05B7
mem[X,0x0000000080049846] -> 0x0000
[10516] [M]: 0x0000000080049844 (0x000005B7) lui a1, 0x0
x11 <- 0x0000000000000000
mem[X,0x0000000080049848] -> 0x8593
mem[X,0x000000008004984A] -> 0x0005
[10517] [M]: 0x0000000080049848 (0x00058593) addi a1, a1, 0x0
x11 <- 0x0000000000000000
mem[X,0x000000008004984C] -> 0x9593
mem[X,0x000000008004984E] -> 0x00B5
[10518] [M]: 0x000000008004984C (0x00B59593) slli a1, a1, 0xb
x11 <- 0x0000000000000000
mem[X,0x0000000080049850] -> 0x8593
mem[X,0x0000000080049852] -> 0x5A85
[10519] [M]: 0x0000000080049850 (0x5A858593) addi a1, a1, 0x5a8
x11 <- 0x00000000000005A8
mem[X,0x0000000080049854] -> 0x9593
mem[X,0x0000000080049856] -> 0x00B5
[10520] [M]: 0x0000000080049854 (0x00B59593) slli a1, a1, 0xb
x11 <- 0x00000000002D4000
mem[X,0x0000000080049858] -> 0x8593
mem[X,0x000000008004985A] -> 0x13C5
[10521] [M]: 0x0000000080049858 (0x13C58593) addi a1, a1, 0x13c
x11 <- 0x00000000002D413C
mem[X,0x000000008004985C] -> 0x9593
mem[X,0x000000008004985E] -> 0x00A5
[10522] [M]: 0x000000008004985C (0x00A59593) slli a1, a1, 0xa
x11 <- 0x00000000B504F000
mem[X,0x0000000080049860] -> 0x8593
mem[X,0x0000000080049862] -> 0x3335
[10523] [M]: 0x0000000080049860 (0x33358593) addi a1, a1, 0x333
x11 <- 0x00000000B504F333
mem[X,0x0000000080049864] -> 0x0113
mem[X,0x0000000080049866] -> 0x0000
[10524] [M]: 0x0000000080049864 (0x00000113) addi sp, zero, 0x0
x2 <- 0x0000000000000000
mem[X,0x0000000080049868] -> 0x006F
mem[X,0x000000008004986A] -> 0x00C0
[10525] [M]: 0x0000000080049868 (0x00C0006F) jal zero, 0xc
mem[X,0x0000000080049874] -> 0x4CE3
mem[X,0x0000000080049876] -> 0xFEB5
[10526] [M]: 0x0000000080049874 (0xFEB54CE3) blt a0, a1, -0x8
mem[X,0x0000000080049878] -> 0x0113
mem[X,0x000000008004987A] -> 0x0021
[10527] [M]: 0x0000000080049878 (0x00210113) addi sp, sp, 0x2
x2 <- 0x0000000000000002
mem[X,0x000000008004987C] -> 0x006F
mem[X,0x000000008004987E] -> 0x00C0
[10528] [M]: 0x000000008004987C (0x00C0006F) jal zero, 0xc
mem[X,0x0000000080049888] -> 0xBC23
mem[X,0x000000008004988A] -> 0x3420
[10529] [M]: 0x0000000080049888 (0x3420BC23) sd sp, 0x358(ra)
mem[0x0000000080050530] <- 0x0000000000000002
mem[X,0x000000008004988C] -> 0x0537
mem[X,0x000000008004988E] -> 0x0000
[10530] [M]: 0x000000008004988C (0x00000537) lui a0, 0x0
x10 <- 0x0000000000000000
mem[X,0x0000000080049890] -> 0x0513
mem[X,0x0000000080049892] -> 0x0005
[10531] [M]: 0x0000000080049890 (0x00050513) addi a0, a0, 0x0
x10 <- 0x0000000000000000
mem[X,0x0000000080049894] -> 0x1513
mem[X,0x0000000080049896] -> 0x00B5
[10532] [M]: 0x0000000080049894 (0x00B51513) slli a0, a0, 0xb
x10 <- 0x0000000000000000
mem[X,0x0000000080049898] -> 0x0513
mem[X,0x000000008004989A] -> 0x5A85
[10533] [M]: 0x0000000080049898 (0x5A850513) addi a0, a0, 0x5a8
x10 <- 0x00000000000005A8
mem[X,0x000000008004989C] -> 0x1513
mem[X,0x000000008004989E] -> 0x00B5
[10534] [M]: 0x000000008004989C (0x00B51513) slli a0, a0, 0xb
x10 <- 0x00000000002D4000
mem[X,0x00000000800498A0] -> 0x0513
mem[X,0x00000000800498A2] -> 0x13C5
[10535] [M]: 0x00000000800498A0 (0x13C50513) addi a0, a0, 0x13c
x10 <- 0x00000000002D413C
mem[X,0x00000000800498A4] -> 0x1513
mem[X,0x00000000800498A6] -> 0x00A5
[10536] [M]: 0x00000000800498A4 (0x00A51513) slli a0, a0, 0xa
x10 <- 0x00000000B504F000
mem[X,0x00000000800498A8] -> 0x0513
mem[X,0x00000000800498AA] -> 0x3345
[10537] [M]: 0x00000000800498A8 (0x33450513) addi a0, a0, 0x334
x10 <- 0x00000000B504F334
mem[X,0x00000000800498AC] -> 0x0593
mem[X,0x00000000800498AE] -> 0x0020
[10538] [M]: 0x00000000800498AC (0x00200593) addi a1, zero, 0x2
x11 <- 0x0000000000000002
mem[X,0x00000000800498B0] -> 0x0113
mem[X,0x00000000800498B2] -> 0x0000
[10539] [M]: 0x00000000800498B0 (0x00000113) addi sp, zero, 0x0
x2 <- 0x0000000000000000
mem[X,0x00000000800498B4] -> 0x006F
mem[X,0x00000000800498B6] -> 0x00C0
[10540] [M]: 0x00000000800498B4 (0x00C0006F) jal zero, 0xc
mem[X,0x00000000800498C0] -> 0x4063
mem[X,0x00000000800498C2] -> 0x02B5
[10541] [M]: 0x00000000800498C0 (0x02B54063) blt a0, a1, 0x20
mem[X,0x00000000800498C4] -> 0x0113
mem[X,0x00000000800498C6] -> 0x0021
[10542] [M]: 0x00000000800498C4 (0x00210113) addi sp, sp, 0x2
x2 <- 0x0000000000000002
mem[X,0x00000000800498C8] -> 0x006F
mem[X,0x00000000800498CA] -> 0x0200
[10543] [M]: 0x00000000800498C8 (0x0200006F) jal zero, 0x20
mem[X,0x00000000800498E8] -> 0xB023
mem[X,0x00000000800498EA] -> 0x3620
[10544] [M]: 0x00000000800498E8 (0x3620B023) sd sp, 0x360(ra)
mem[0x0000000080050538] <- 0x0000000000000002
mem[X,0x00000000800498EC] -> 0x0537
mem[X,0x00000000800498EE] -> 0x0000
[10545] [M]: 0x00000000800498EC (0x00000537) lui a0, 0x0
x10 <- 0x0000000000000000
mem[X,0x00000000800498F0] -> 0x0513
mem[X,0x00000000800498F2] -> 0x0005
[10546] [M]: 0x00000000800498F0 (0x00050513) addi a0, a0, 0x0
x10 <- 0x0000000000000000
mem[X,0x00000000800498F4] -> 0x1513
mem[X,0x00000000800498F6] -> 0x00B5
[10547] [M]: 0x00000000800498F4 (0x00B51513) slli a0, a0, 0xb
x10 <- 0x0000000000000000
mem[X,0x00000000800498F8] -> 0x0513
mem[X,0x00000000800498FA] -> 0x5A85
[10548] [M]: 0x00000000800498F8 (0x5A850513) addi a0, a0, 0x5a8
x10 <- 0x00000000000005A8
mem[X,0x00000000800498FC] -> 0x1513
mem[X,0x00000000800498FE] -> 0x00B5
[10549] [M]: 0x00000000800498FC (0x00B51513) slli a0, a0, 0xb
x10 <- 0x00000000002D4000
mem[X,0x0000000080049900] -> 0x0513
mem[X,0x0000000080049902] -> 0x13C5
[10550] [M]: 0x0000000080049900 (0x13C50513) addi a0, a0, 0x13c
x10 <- 0x00000000002D413C
mem[X,0x0000000080049904] -> 0x1513
mem[X,0x0000000080049906] -> 0x00A5
[10551] [M]: 0x0000000080049904 (0x00A51513) slli a0, a0, 0xa
x10 <- 0x00000000B504F000
mem[X,0x0000000080049908] -> 0x0513
mem[X,0x000000008004990A] -> 0x3345
[10552] [M]: 0x0000000080049908 (0x33450513) addi a0, a0, 0x334
x10 <- 0x00000000B504F334
mem[X,0x000000008004990C] -> 0x55B7
mem[X,0x000000008004990E] -> 0x5555
[10553] [M]: 0x000000008004990C (0x555555B7) lui a1, 0x55555
x11 <- 0x0000000055555000
mem[X,0x0000000080049910] -> 0x8593
mem[X,0x0000000080049912] -> 0x5555
[10554] [M]: 0x0000000080049910 (0x55558593) addi a1, a1, 0x555
x11 <- 0x0000000055555555
mem[X,0x0000000080049914] -> 0x9593
mem[X,0x0000000080049916] -> 0x00B5
[10555] [M]: 0x0000000080049914 (0x00B59593) slli a1, a1, 0xb
x11 <- 0x000002AAAAAAA800
mem[X,0x0000000080049918] -> 0x8593
mem[X,0x000000008004991A] -> 0x2AA5
[10556] [M]: 0x0000000080049918 (0x2AA58593) addi a1, a1, 0x2aa
x11 <- 0x000002AAAAAAAAAA
mem[X,0x000000008004991C] -> 0x9593
mem[X,0x000000008004991E] -> 0x00B5
[10557] [M]: 0x000000008004991C (0x00B59593) slli a1, a1, 0xb
x11 <- 0x0015555555555000
mem[X,0x0000000080049920] -> 0x8593
mem[X,0x0000000080049922] -> 0x5555
[10558] [M]: 0x0000000080049920 (0x55558593) addi a1, a1, 0x555
x11 <- 0x0015555555555555
mem[X,0x0000000080049924] -> 0x9593
mem[X,0x0000000080049926] -> 0x00A5
[10559] [M]: 0x0000000080049924 (0x00A59593) slli a1, a1, 0xa
x11 <- 0x5555555555555400
mem[X,0x0000000080049928] -> 0x8593
mem[X,0x000000008004992A] -> 0x1545
[10560] [M]: 0x0000000080049928 (0x15458593) addi a1, a1, 0x154
x11 <- 0x5555555555555554
mem[X,0x000000008004992C] -> 0x0113
mem[X,0x000000008004992E] -> 0x0000
[10561] [M]: 0x000000008004992C (0x00000113) addi sp, zero, 0x0
x2 <- 0x0000000000000000
mem[X,0x0000000080049930] -> 0x006F
mem[X,0x0000000080049932] -> 0x00C0
[10562] [M]: 0x0000000080049930 (0x00C0006F) jal zero, 0xc
mem[X,0x000000008004993C] -> 0x4063
mem[X,0x000000008004993E] -> 0x10B5
[10563] [M]: 0x000000008004993C (0x10B54063) blt a0, a1, 0x100
mem[X,0x0000000080049A3C] -> 0x0113
mem[X,0x0000000080049A3E] -> 0x0031
[10564] [M]: 0x0000000080049A3C (0x00310113) addi sp, sp, 0x3
x2 <- 0x0000000000000003
mem[X,0x0000000080049A40] -> 0x006F
mem[X,0x0000000080049A42] -> 0x0040
[10565] [M]: 0x0000000080049A40 (0x0040006F) jal zero, 0x4
mem[X,0x0000000080049A44] -> 0xB423
mem[X,0x0000000080049A46] -> 0x3620
[10566] [M]: 0x0000000080049A44 (0x3620B423) sd sp, 0x368(ra)
mem[0x0000000080050540] <- 0x0000000000000003
mem[X,0x0000000080049A48] -> 0x0537
mem[X,0x0000000080049A4A] -> 0x0000
[10567] [M]: 0x0000000080049A48 (0x00000537) lui a0, 0x0
x10 <- 0x0000000000000000
mem[X,0x0000000080049A4C] -> 0x0513
mem[X,0x0000000080049A4E] -> 0x0005
[10568] [M]: 0x0000000080049A4C (0x00050513) addi a0, a0, 0x0
x10 <- 0x0000000000000000
mem[X,0x0000000080049A50] -> 0x1513
mem[X,0x0000000080049A52] -> 0x00B5
[10569] [M]: 0x0000000080049A50 (0x00B51513) slli a0, a0, 0xb
x10 <- 0x0000000000000000
mem[X,0x0000000080049A54] -> 0x0513
mem[X,0x0000000080049A56] -> 0x5A85
[10570] [M]: 0x0000000080049A54 (0x5A850513) addi a0, a0, 0x5a8
x10 <- 0x00000000000005A8
mem[X,0x0000000080049A58] -> 0x1513
mem[X,0x0000000080049A5A] -> 0x00B5
[10571] [M]: 0x0000000080049A58 (0x00B51513) slli a0, a0, 0xb
x10 <- 0x00000000002D4000
mem[X,0x0000000080049A5C] -> 0x0513
mem[X,0x0000000080049A5E] -> 0x13C5
[10572] [M]: 0x0000000080049A5C (0x13C50513) addi a0, a0, 0x13c
x10 <- 0x00000000002D413C
mem[X,0x0000000080049A60] -> 0x1513
mem[X,0x0000000080049A62] -> 0x00A5
[10573] [M]: 0x0000000080049A60 (0x00A51513) slli a0, a0, 0xa
x10 <- 0x00000000B504F000
mem[X,0x0000000080049A64] -> 0x0513
mem[X,0x0000000080049A66] -> 0x3345
[10574] [M]: 0x0000000080049A64 (0x33450513) addi a0, a0, 0x334
x10 <- 0x00000000B504F334
mem[X,0x0000000080049A68] -> 0x0593
mem[X,0x0000000080049A6A] -> 0x0000
[10575] [M]: 0x0000000080049A68 (0x00000593) addi a1, zero, 0x0
x11 <- 0x0000000000000000
mem[X,0x0000000080049A6C] -> 0x0113
mem[X,0x0000000080049A6E] -> 0x0000
[10576] [M]: 0x0000000080049A6C (0x00000113) addi sp, zero, 0x0
x2 <- 0x0000000000000000
mem[X,0x0000000080049A70] -> 0x006F
mem[X,0x0000000080049A72] -> 0x0100
[10577] [M]: 0x0000000080049A70 (0x0100006F) jal zero, 0x10
mem[X,0x0000000080049A80] -> 0x4AE3
mem[X,0x0000000080049A82] -> 0xFEB5
[10578] [M]: 0x0000000080049A80 (0xFEB54AE3) blt a0, a1, -0xc
mem[X,0x0000000080049A84] -> 0x0113
mem[X,0x0000000080049A86] -> 0x0021
[10579] [M]: 0x0000000080049A84 (0x00210113) addi sp, sp, 0x2
x2 <- 0x0000000000000002
mem[X,0x0000000080049A88] -> 0x006F
mem[X,0x0000000080049A8A] -> 0x00C0
[10580] [M]: 0x0000000080049A88 (0x00C0006F) jal zero, 0xc
mem[X,0x0000000080049A94] -> 0xB823
mem[X,0x0000000080049A96] -> 0x3620
[10581] [M]: 0x0000000080049A94 (0x3620B823) sd sp, 0x370(ra)
mem[0x0000000080050548] <- 0x0000000000000002
mem[X,0x0000000080049A98] -> 0x0537
mem[X,0x0000000080049A9A] -> 0x0000
[10582] [M]: 0x0000000080049A98 (0x00000537) lui a0, 0x0
x10 <- 0x0000000000000000
mem[X,0x0000000080049A9C] -> 0x0513
mem[X,0x0000000080049A9E] -> 0x0005
[10583] [M]: 0x0000000080049A9C (0x00050513) addi a0, a0, 0x0
x10 <- 0x0000000000000000
mem[X,0x0000000080049AA0] -> 0x1513
mem[X,0x0000000080049AA2] -> 0x00B5
[10584] [M]: 0x0000000080049AA0 (0x00B51513) slli a0, a0, 0xb
x10 <- 0x0000000000000000
mem[X,0x0000000080049AA4] -> 0x0513
mem[X,0x0000000080049AA6] -> 0x5A85
[10585] [M]: 0x0000000080049AA4 (0x5A850513) addi a0, a0, 0x5a8
x10 <- 0x00000000000005A8
mem[X,0x0000000080049AA8] -> 0x1513
mem[X,0x0000000080049AAA] -> 0x00B5
[10586] [M]: 0x0000000080049AA8 (0x00B51513) slli a0, a0, 0xb
x10 <- 0x00000000002D4000
mem[X,0x0000000080049AAC] -> 0x0513
mem[X,0x0000000080049AAE] -> 0x13C5
[10587] [M]: 0x0000000080049AAC (0x13C50513) addi a0, a0, 0x13c
x10 <- 0x00000000002D413C
mem[X,0x0000000080049AB0] -> 0x1513
mem[X,0x0000000080049AB2] -> 0x00A5
[10588] [M]: 0x0000000080049AB0 (0x00A51513) slli a0, a0, 0xa
x10 <- 0x00000000B504F000
mem[X,0x0000000080049AB4] -> 0x0513
mem[X,0x0000000080049AB6] -> 0x3345
[10589] [M]: 0x0000000080049AB4 (0x33450513) addi a0, a0, 0x334
x10 <- 0x00000000B504F334
mem[X,0x0000000080049AB8] -> 0x0593
mem[X,0x0000000080049ABA] -> 0x0040
[10590] [M]: 0x0000000080049AB8 (0x00400593) addi a1, zero, 0x4
x11 <- 0x0000000000000004
mem[X,0x0000000080049ABC] -> 0x0113
mem[X,0x0000000080049ABE] -> 0x0000
[10591] [M]: 0x0000000080049ABC (0x00000113) addi sp, zero, 0x0
x2 <- 0x0000000000000000
mem[X,0x0000000080049AC0] -> 0x006F
mem[X,0x0000000080049AC2] -> 0x0140
[10592] [M]: 0x0000000080049AC0 (0x0140006F) jal zero, 0x14
mem[X,0x0000000080049AD4] -> 0x48E3
mem[X,0x0000000080049AD6] -> 0xFEB5
[10593] [M]: 0x0000000080049AD4 (0xFEB548E3) blt a0, a1, -0x10
mem[X,0x0000000080049AD8] -> 0x0113
mem[X,0x0000000080049ADA] -> 0x0021
[10594] [M]: 0x0000000080049AD8 (0x00210113) addi sp, sp, 0x2
x2 <- 0x0000000000000002
mem[X,0x0000000080049ADC] -> 0x006F
mem[X,0x0000000080049ADE] -> 0x00C0
[10595] [M]: 0x0000000080049ADC (0x00C0006F) jal zero, 0xc
mem[X,0x0000000080049AE8] -> 0xBC23
mem[X,0x0000000080049AEA] -> 0x3620
[10596] [M]: 0x0000000080049AE8 (0x3620BC23) sd sp, 0x378(ra)
mem[0x0000000080050550] <- 0x0000000000000002
mem[X,0x0000000080049AEC] -> 0x0537
mem[X,0x0000000080049AEE] -> 0x0000
[10597] [M]: 0x0000000080049AEC (0x00000537) lui a0, 0x0
x10 <- 0x0000000000000000
mem[X,0x0000000080049AF0] -> 0x0513
mem[X,0x0000000080049AF2] -> 0x0005
[10598] [M]: 0x0000000080049AF0 (0x00050513) addi a0, a0, 0x0
x10 <- 0x0000000000000000
mem[X,0x0000000080049AF4] -> 0x1513
mem[X,0x0000000080049AF6] -> 0x00B5
[10599] [M]: 0x0000000080049AF4 (0x00B51513) slli a0, a0, 0xb
x10 <- 0x0000000000000000
clint::tick mtime <- 0x000000000000006A
 clint timer pending at mtime 0x000000000000006A
htif::tick 0x0000000000000000
mem[X,0x0000000080049AF8] -> 0x0513
mem[X,0x0000000080049AFA] -> 0x5A85
[10600] [M]: 0x0000000080049AF8 (0x5A850513) addi a0, a0, 0x5a8
x10 <- 0x00000000000005A8
mem[X,0x0000000080049AFC] -> 0x1513
mem[X,0x0000000080049AFE] -> 0x00B5
[10601] [M]: 0x0000000080049AFC (0x00B51513) slli a0, a0, 0xb
x10 <- 0x00000000002D4000
mem[X,0x0000000080049B00] -> 0x0513
mem[X,0x0000000080049B02] -> 0x13C5
[10602] [M]: 0x0000000080049B00 (0x13C50513) addi a0, a0, 0x13c
x10 <- 0x00000000002D413C
mem[X,0x0000000080049B04] -> 0x1513
mem[X,0x0000000080049B06] -> 0x00A5
[10603] [M]: 0x0000000080049B04 (0x00A51513) slli a0, a0, 0xa
x10 <- 0x00000000B504F000
mem[X,0x0000000080049B08] -> 0x0513
mem[X,0x0000000080049B0A] -> 0x3345
[10604] [M]: 0x0000000080049B08 (0x33450513) addi a0, a0, 0x334
x10 <- 0x00000000B504F334
mem[X,0x0000000080049B0C] -> 0x35B7
mem[X,0x0000000080049B0E] -> 0x3333
[10605] [M]: 0x0000000080049B0C (0x333335B7) lui a1, 0x33333
x11 <- 0x0000000033333000
mem[X,0x0000000080049B10] -> 0x8593
mem[X,0x0000000080049B12] -> 0x3335
[10606] [M]: 0x0000000080049B10 (0x33358593) addi a1, a1, 0x333
x11 <- 0x0000000033333333
mem[X,0x0000000080049B14] -> 0x9593
mem[X,0x0000000080049B16] -> 0x00B5
[10607] [M]: 0x0000000080049B14 (0x00B59593) slli a1, a1, 0xb
x11 <- 0x0000019999999800
mem[X,0x0000000080049B18] -> 0x8593
mem[X,0x0000000080049B1A] -> 0x1995
[10608] [M]: 0x0000000080049B18 (0x19958593) addi a1, a1, 0x199
x11 <- 0x0000019999999999
mem[X,0x0000000080049B1C] -> 0x9593
mem[X,0x0000000080049B1E] -> 0x00B5
[10609] [M]: 0x0000000080049B1C (0x00B59593) slli a1, a1, 0xb
x11 <- 0x000CCCCCCCCCC800
mem[X,0x0000000080049B20] -> 0x8593
mem[X,0x0000000080049B22] -> 0x4CC5
[10610] [M]: 0x0000000080049B20 (0x4CC58593) addi a1, a1, 0x4cc
x11 <- 0x000CCCCCCCCCCCCC
mem[X,0x0000000080049B24] -> 0x9593
mem[X,0x0000000080049B26] -> 0x00A5
[10611] [M]: 0x0000000080049B24 (0x00A59593) slli a1, a1, 0xa
x11 <- 0x3333333333333000
mem[X,0x0000000080049B28] -> 0x8593
mem[X,0x0000000080049B2A] -> 0x3325
[10612] [M]: 0x0000000080049B28 (0x33258593) addi a1, a1, 0x332
x11 <- 0x3333333333333332
mem[X,0x0000000080049B2C] -> 0x0113
mem[X,0x0000000080049B2E] -> 0x0000
[10613] [M]: 0x0000000080049B2C (0x00000113) addi sp, zero, 0x0
x2 <- 0x0000000000000000
mem[X,0x0000000080049B30] -> 0x006F
mem[X,0x0000000080049B32] -> 0x00C0
[10614] [M]: 0x0000000080049B30 (0x00C0006F) jal zero, 0xc
mem[X,0x0000000080049B3C] -> 0x4663
mem[X,0x0000000080049B3E] -> 0x00B5
[10615] [M]: 0x0000000080049B3C (0x00B54663) blt a0, a1, 0xc
mem[X,0x0000000080049B48] -> 0x0113
mem[X,0x0000000080049B4A] -> 0x0031
[10616] [M]: 0x0000000080049B48 (0x00310113) addi sp, sp, 0x3
x2 <- 0x0000000000000003
mem[X,0x0000000080049B4C] -> 0x006F
mem[X,0x0000000080049B4E] -> 0x0040
[10617] [M]: 0x0000000080049B4C (0x0040006F) jal zero, 0x4
mem[X,0x0000000080049B50] -> 0xB023
mem[X,0x0000000080049B52] -> 0x3820
[10618] [M]: 0x0000000080049B50 (0x3820B023) sd sp, 0x380(ra)
mem[0x0000000080050558] <- 0x0000000000000003
mem[X,0x0000000080049B54] -> 0x0537
mem[X,0x0000000080049B56] -> 0x0000
[10619] [M]: 0x0000000080049B54 (0x00000537) lui a0, 0x0
x10 <- 0x0000000000000000
mem[X,0x0000000080049B58] -> 0x0513
mem[X,0x0000000080049B5A] -> 0x0005
[10620] [M]: 0x0000000080049B58 (0x00050513) addi a0, a0, 0x0
x10 <- 0x0000000000000000
mem[X,0x0000000080049B5C] -> 0x1513
mem[X,0x0000000080049B5E] -> 0x00B5
[10621] [M]: 0x0000000080049B5C (0x00B51513) slli a0, a0, 0xb
x10 <- 0x0000000000000000
mem[X,0x0000000080049B60] -> 0x0513
mem[X,0x0000000080049B62] -> 0x5A85
[10622] [M]: 0x0000000080049B60 (0x5A850513) addi a0, a0, 0x5a8
x10 <- 0x00000000000005A8
mem[X,0x0000000080049B64] -> 0x1513
mem[X,0x0000000080049B66] -> 0x00B5
[10623] [M]: 0x0000000080049B64 (0x00B51513) slli a0, a0, 0xb
x10 <- 0x00000000002D4000
mem[X,0x0000000080049B68] -> 0x0513
mem[X,0x0000000080049B6A] -> 0x13C5
[10624] [M]: 0x0000000080049B68 (0x13C50513) addi a0, a0, 0x13c
x10 <- 0x00000000002D413C
mem[X,0x0000000080049B6C] -> 0x1513
mem[X,0x0000000080049B6E] -> 0x00A5
[10625] [M]: 0x0000000080049B6C (0x00A51513) slli a0, a0, 0xa
x10 <- 0x00000000B504F000
mem[X,0x0000000080049B70] -> 0x0513
mem[X,0x0000000080049B72] -> 0x3345
[10626] [M]: 0x0000000080049B70 (0x33450513) addi a0, a0, 0x334
x10 <- 0x00000000B504F334
mem[X,0x0000000080049B74] -> 0x65B7
mem[X,0x0000000080049B76] -> 0x6666
[10627] [M]: 0x0000000080049B74 (0x666665B7) lui a1, 0x66666
x11 <- 0x0000000066666000
mem[X,0x0000000080049B78] -> 0x8593
mem[X,0x0000000080049B7A] -> 0x6665
[10628] [M]: 0x0000000080049B78 (0x66658593) addi a1, a1, 0x666
x11 <- 0x0000000066666666
mem[X,0x0000000080049B7C] -> 0x9593
mem[X,0x0000000080049B7E] -> 0x00B5
[10629] [M]: 0x0000000080049B7C (0x00B59593) slli a1, a1, 0xb
x11 <- 0x0000033333333000
mem[X,0x0000000080049B80] -> 0x8593
mem[X,0x0000000080049B82] -> 0x3335
[10630] [M]: 0x0000000080049B80 (0x33358593) addi a1, a1, 0x333
x11 <- 0x0000033333333333
mem[X,0x0000000080049B84] -> 0x9593
mem[X,0x0000000080049B86] -> 0x00B5
[10631] [M]: 0x0000000080049B84 (0x00B59593) slli a1, a1, 0xb
x11 <- 0x0019999999999800
mem[X,0x0000000080049B88] -> 0x8593
mem[X,0x0000000080049B8A] -> 0x1995
[10632] [M]: 0x0000000080049B88 (0x19958593) addi a1, a1, 0x199
x11 <- 0x0019999999999999
mem[X,0x0000000080049B8C] -> 0x9593
mem[X,0x0000000080049B8E] -> 0x00A5
[10633] [M]: 0x0000000080049B8C (0x00A59593) slli a1, a1, 0xa
x11 <- 0x6666666666666400
mem[X,0x0000000080049B90] -> 0x8593
mem[X,0x0000000080049B92] -> 0x2655
[10634] [M]: 0x0000000080049B90 (0x26558593) addi a1, a1, 0x265
x11 <- 0x6666666666666665
mem[X,0x0000000080049B94] -> 0x0113
mem[X,0x0000000080049B96] -> 0x0000
[10635] [M]: 0x0000000080049B94 (0x00000113) addi sp, zero, 0x0
x2 <- 0x0000000000000000
mem[X,0x0000000080049B98] -> 0x006F
mem[X,0x0000000080049B9A] -> 0x0140
[10636] [M]: 0x0000000080049B98 (0x0140006F) jal zero, 0x14
mem[X,0x0000000080049BAC] -> 0x48E3
mem[X,0x0000000080049BAE] -> 0xFEB5
[10637] [M]: 0x0000000080049BAC (0xFEB548E3) blt a0, a1, -0x10
mem[X,0x0000000080049B9C] -> 0x0113
mem[X,0x0000000080049B9E] -> 0x0011
[10638] [M]: 0x0000000080049B9C (0x00110113) addi sp, sp, 0x1
x2 <- 0x0000000000000001
mem[X,0x0000000080049BA0] -> 0x006F
mem[X,0x0000000080049BA2] -> 0x0200
[10639] [M]: 0x0000000080049BA0 (0x0200006F) jal zero, 0x20
mem[X,0x0000000080049BC0] -> 0xB423
mem[X,0x0000000080049BC2] -> 0x3820
[10640] [M]: 0x0000000080049BC0 (0x3820B423) sd sp, 0x388(ra)
mem[0x0000000080050560] <- 0x0000000000000001
mem[X,0x0000000080049BC4] -> 0x0537
mem[X,0x0000000080049BC6] -> 0x0000
[10641] [M]: 0x0000000080049BC4 (0x00000537) lui a0, 0x0
x10 <- 0x0000000000000000
mem[X,0x0000000080049BC8] -> 0x0513
mem[X,0x0000000080049BCA] -> 0x0005
[10642] [M]: 0x0000000080049BC8 (0x00050513) addi a0, a0, 0x0
x10 <- 0x0000000000000000
mem[X,0x0000000080049BCC] -> 0x1513
mem[X,0x0000000080049BCE] -> 0x00B5
[10643] [M]: 0x0000000080049BCC (0x00B51513) slli a0, a0, 0xb
x10 <- 0x0000000000000000
mem[X,0x0000000080049BD0] -> 0x0513
mem[X,0x0000000080049BD2] -> 0x5A85
[10644] [M]: 0x0000000080049BD0 (0x5A850513) addi a0, a0, 0x5a8
x10 <- 0x00000000000005A8
mem[X,0x0000000080049BD4] -> 0x1513
mem[X,0x0000000080049BD6] -> 0x00B5
[10645] [M]: 0x0000000080049BD4 (0x00B51513) slli a0, a0, 0xb
x10 <- 0x00000000002D4000
mem[X,0x0000000080049BD8] -> 0x0513
mem[X,0x0000000080049BDA] -> 0x13C5
[10646] [M]: 0x0000000080049BD8 (0x13C50513) addi a0, a0, 0x13c
x10 <- 0x00000000002D413C
mem[X,0x0000000080049BDC] -> 0x1513
mem[X,0x0000000080049BDE] -> 0x00A5
[10647] [M]: 0x0000000080049BDC (0x00A51513) slli a0, a0, 0xa
x10 <- 0x00000000B504F000
mem[X,0x0000000080049BE0] -> 0x0513
mem[X,0x0000000080049BE2] -> 0x3345
[10648] [M]: 0x0000000080049BE0 (0x33450513) addi a0, a0, 0x334
x10 <- 0x00000000B504F334
mem[X,0x0000000080049BE4] -> 0x05B7
mem[X,0x0000000080049BE6] -> 0x0000
[10649] [M]: 0x0000000080049BE4 (0x000005B7) lui a1, 0x0
x11 <- 0x0000000000000000
mem[X,0x0000000080049BE8] -> 0x8593
mem[X,0x0000000080049BEA] -> 0x0005
[10650] [M]: 0x0000000080049BE8 (0x00058593) addi a1, a1, 0x0
x11 <- 0x0000000000000000
mem[X,0x0000000080049BEC] -> 0x9593
mem[X,0x0000000080049BEE] -> 0x00B5
[10651] [M]: 0x0000000080049BEC (0x00B59593) slli a1, a1, 0xb
x11 <- 0x0000000000000000
mem[X,0x0000000080049BF0] -> 0x8593
mem[X,0x0000000080049BF2] -> 0x5A85
[10652] [M]: 0x0000000080049BF0 (0x5A858593) addi a1, a1, 0x5a8
x11 <- 0x00000000000005A8
mem[X,0x0000000080049BF4] -> 0x9593
mem[X,0x0000000080049BF6] -> 0x00B5
[10653] [M]: 0x0000000080049BF4 (0x00B59593) slli a1, a1, 0xb
x11 <- 0x00000000002D4000
mem[X,0x0000000080049BF8] -> 0x8593
mem[X,0x0000000080049BFA] -> 0x13C5
[10654] [M]: 0x0000000080049BF8 (0x13C58593) addi a1, a1, 0x13c
x11 <- 0x00000000002D413C
mem[X,0x0000000080049BFC] -> 0x9593
mem[X,0x0000000080049BFE] -> 0x00A5
[10655] [M]: 0x0000000080049BFC (0x00A59593) slli a1, a1, 0xa
x11 <- 0x00000000B504F000
mem[X,0x0000000080049C00] -> 0x8593
mem[X,0x0000000080049C02] -> 0x3325
[10656] [M]: 0x0000000080049C00 (0x33258593) addi a1, a1, 0x332
x11 <- 0x00000000B504F332
mem[X,0x0000000080049C04] -> 0x0113
mem[X,0x0000000080049C06] -> 0x0000
[10657] [M]: 0x0000000080049C04 (0x00000113) addi sp, zero, 0x0
x2 <- 0x0000000000000000
mem[X,0x0000000080049C08] -> 0x006F
mem[X,0x0000000080049C0A] -> 0x00C0
[10658] [M]: 0x0000000080049C08 (0x00C0006F) jal zero, 0xc
mem[X,0x0000000080049C14] -> 0x4CE3
mem[X,0x0000000080049C16] -> 0xFEB5
[10659] [M]: 0x0000000080049C14 (0xFEB54CE3) blt a0, a1, -0x8
mem[X,0x0000000080049C18] -> 0x0113
mem[X,0x0000000080049C1A] -> 0x0021
[10660] [M]: 0x0000000080049C18 (0x00210113) addi sp, sp, 0x2
x2 <- 0x0000000000000002
mem[X,0x0000000080049C1C] -> 0x006F
mem[X,0x0000000080049C1E] -> 0x00C0
[10661] [M]: 0x0000000080049C1C (0x00C0006F) jal zero, 0xc
mem[X,0x0000000080049C28] -> 0xB823
mem[X,0x0000000080049C2A] -> 0x3820
[10662] [M]: 0x0000000080049C28 (0x3820B823) sd sp, 0x390(ra)
mem[0x0000000080050568] <- 0x0000000000000002
mem[X,0x0000000080049C2C] -> 0x0537
mem[X,0x0000000080049C2E] -> 0x0000
[10663] [M]: 0x0000000080049C2C (0x00000537) lui a0, 0x0
x10 <- 0x0000000000000000
mem[X,0x0000000080049C30] -> 0x0513
mem[X,0x0000000080049C32] -> 0x0005
[10664] [M]: 0x0000000080049C30 (0x00050513) addi a0, a0, 0x0
x10 <- 0x0000000000000000
mem[X,0x0000000080049C34] -> 0x1513
mem[X,0x0000000080049C36] -> 0x00B5
[10665] [M]: 0x0000000080049C34 (0x00B51513) slli a0, a0, 0xb
x10 <- 0x0000000000000000
mem[X,0x0000000080049C38] -> 0x0513
mem[X,0x0000000080049C3A] -> 0x5A85
[10666] [M]: 0x0000000080049C38 (0x5A850513) addi a0, a0, 0x5a8
x10 <- 0x00000000000005A8
mem[X,0x0000000080049C3C] -> 0x1513
mem[X,0x0000000080049C3E] -> 0x00B5
[10667] [M]: 0x0000000080049C3C (0x00B51513) slli a0, a0, 0xb
x10 <- 0x00000000002D4000
mem[X,0x0000000080049C40] -> 0x0513
mem[X,0x0000000080049C42] -> 0x13C5
[10668] [M]: 0x0000000080049C40 (0x13C50513) addi a0, a0, 0x13c
x10 <- 0x00000000002D413C
mem[X,0x0000000080049C44] -> 0x1513
mem[X,0x0000000080049C46] -> 0x00A5
[10669] [M]: 0x0000000080049C44 (0x00A51513) slli a0, a0, 0xa
x10 <- 0x00000000B504F000
mem[X,0x0000000080049C48] -> 0x0513
mem[X,0x0000000080049C4A] -> 0x3345
[10670] [M]: 0x0000000080049C48 (0x33450513) addi a0, a0, 0x334
x10 <- 0x00000000B504F334
mem[X,0x0000000080049C4C] -> 0x55B7
mem[X,0x0000000080049C4E] -> 0x5555
[10671] [M]: 0x0000000080049C4C (0x555555B7) lui a1, 0x55555
x11 <- 0x0000000055555000
mem[X,0x0000000080049C50] -> 0x8593
mem[X,0x0000000080049C52] -> 0x5555
[10672] [M]: 0x0000000080049C50 (0x55558593) addi a1, a1, 0x555
x11 <- 0x0000000055555555
mem[X,0x0000000080049C54] -> 0x9593
mem[X,0x0000000080049C56] -> 0x00B5
[10673] [M]: 0x0000000080049C54 (0x00B59593) slli a1, a1, 0xb
x11 <- 0x000002AAAAAAA800
mem[X,0x0000000080049C58] -> 0x8593
mem[X,0x0000000080049C5A] -> 0x2AA5
[10674] [M]: 0x0000000080049C58 (0x2AA58593) addi a1, a1, 0x2aa
x11 <- 0x000002AAAAAAAAAA
mem[X,0x0000000080049C5C] -> 0x9593
mem[X,0x0000000080049C5E] -> 0x00B5
[10675] [M]: 0x0000000080049C5C (0x00B59593) slli a1, a1, 0xb
x11 <- 0x0015555555555000
mem[X,0x0000000080049C60] -> 0x8593
mem[X,0x0000000080049C62] -> 0x5555
[10676] [M]: 0x0000000080049C60 (0x55558593) addi a1, a1, 0x555
x11 <- 0x0015555555555555
mem[X,0x0000000080049C64] -> 0x9593
mem[X,0x0000000080049C66] -> 0x00A5
[10677] [M]: 0x0000000080049C64 (0x00A59593) slli a1, a1, 0xa
x11 <- 0x5555555555555400
mem[X,0x0000000080049C68] -> 0x8593
mem[X,0x0000000080049C6A] -> 0x1565
[10678] [M]: 0x0000000080049C68 (0x15658593) addi a1, a1, 0x156
x11 <- 0x5555555555555556
mem[X,0x0000000080049C6C] -> 0x0113
mem[X,0x0000000080049C6E] -> 0x0000
[10679] [M]: 0x0000000080049C6C (0x00000113) addi sp, zero, 0x0
x2 <- 0x0000000000000000
mem[X,0x0000000080049C70] -> 0x006F
mem[X,0x0000000080049C72] -> 0x00C0
[10680] [M]: 0x0000000080049C70 (0x00C0006F) jal zero, 0xc
mem[X,0x0000000080049C7C] -> 0x4663
mem[X,0x0000000080049C7E] -> 0x00B5
[10681] [M]: 0x0000000080049C7C (0x00B54663) blt a0, a1, 0xc
mem[X,0x0000000080049C88] -> 0x0113
mem[X,0x0000000080049C8A] -> 0x0031
[10682] [M]: 0x0000000080049C88 (0x00310113) addi sp, sp, 0x3
x2 <- 0x0000000000000003
mem[X,0x0000000080049C8C] -> 0x006F
mem[X,0x0000000080049C8E] -> 0x0040
[10683] [M]: 0x0000000080049C8C (0x0040006F) jal zero, 0x4
mem[X,0x0000000080049C90] -> 0xBC23
mem[X,0x0000000080049C92] -> 0x3820
[10684] [M]: 0x0000000080049C90 (0x3820BC23) sd sp, 0x398(ra)
mem[0x0000000080050570] <- 0x0000000000000003
mem[X,0x0000000080049C94] -> 0x0537
mem[X,0x0000000080049C96] -> 0x0000
[10685] [M]: 0x0000000080049C94 (0x00000537) lui a0, 0x0
x10 <- 0x0000000000000000
mem[X,0x0000000080049C98] -> 0x0513
mem[X,0x0000000080049C9A] -> 0x0005
[10686] [M]: 0x0000000080049C98 (0x00050513) addi a0, a0, 0x0
x10 <- 0x0000000000000000
mem[X,0x0000000080049C9C] -> 0x1513
mem[X,0x0000000080049C9E] -> 0x00B5
[10687] [M]: 0x0000000080049C9C (0x00B51513) slli a0, a0, 0xb
x10 <- 0x0000000000000000
mem[X,0x0000000080049CA0] -> 0x0513
mem[X,0x0000000080049CA2] -> 0x5A85
[10688] [M]: 0x0000000080049CA0 (0x5A850513) addi a0, a0, 0x5a8
x10 <- 0x00000000000005A8
mem[X,0x0000000080049CA4] -> 0x1513
mem[X,0x0000000080049CA6] -> 0x00B5
[10689] [M]: 0x0000000080049CA4 (0x00B51513) slli a0, a0, 0xb
x10 <- 0x00000000002D4000
mem[X,0x0000000080049CA8] -> 0x0513
mem[X,0x0000000080049CAA] -> 0x13C5
[10690] [M]: 0x0000000080049CA8 (0x13C50513) addi a0, a0, 0x13c
x10 <- 0x00000000002D413C
mem[X,0x0000000080049CAC] -> 0x1513
mem[X,0x0000000080049CAE] -> 0x00A5
[10691] [M]: 0x0000000080049CAC (0x00A51513) slli a0, a0, 0xa
x10 <- 0x00000000B504F000
mem[X,0x0000000080049CB0] -> 0x0513
mem[X,0x0000000080049CB2] -> 0x3345
[10692] [M]: 0x0000000080049CB0 (0x33450513) addi a0, a0, 0x334
x10 <- 0x00000000B504F334
mem[X,0x0000000080049CB4] -> 0xB5B7
mem[X,0x0000000080049CB6] -> 0xAAAA
[10693] [M]: 0x0000000080049CB4 (0xAAAAB5B7) lui a1, -0x55555
x11 <- 0xFFFFFFFFAAAAB000
mem[X,0x0000000080049CB8] -> 0x8593
mem[X,0x0000000080049CBA] -> 0xAAA5
[10694] [M]: 0x0000000080049CB8 (0xAAA58593) addi a1, a1, -0x556
x11 <- 0xFFFFFFFFAAAAAAAA
mem[X,0x0000000080049CBC] -> 0x9593
mem[X,0x0000000080049CBE] -> 0x00B5
[10695] [M]: 0x0000000080049CBC (0x00B59593) slli a1, a1, 0xb
x11 <- 0xFFFFFD5555555000
mem[X,0x0000000080049CC0] -> 0x8593
mem[X,0x0000000080049CC2] -> 0x5555
[10696] [M]: 0x0000000080049CC0 (0x55558593) addi a1, a1, 0x555
x11 <- 0xFFFFFD5555555555
mem[X,0x0000000080049CC4] -> 0x9593
mem[X,0x0000000080049CC6] -> 0x00B5
[10697] [M]: 0x0000000080049CC4 (0x00B59593) slli a1, a1, 0xb
x11 <- 0xFFEAAAAAAAAAA800
mem[X,0x0000000080049CC8] -> 0x8593
mem[X,0x0000000080049CCA] -> 0x2AA5
[10698] [M]: 0x0000000080049CC8 (0x2AA58593) addi a1, a1, 0x2aa
x11 <- 0xFFEAAAAAAAAAAAAA
mem[X,0x0000000080049CCC] -> 0x9593
mem[X,0x0000000080049CCE] -> 0x00A5
[10699] [M]: 0x0000000080049CCC (0x00A59593) slli a1, a1, 0xa
x11 <- 0xAAAAAAAAAAAAA800
clint::tick mtime <- 0x000000000000006B
 clint timer pending at mtime 0x000000000000006B
htif::tick 0x0000000000000000
mem[X,0x0000000080049CD0] -> 0x8593
mem[X,0x0000000080049CD2] -> 0x2AB5
[10700] [M]: 0x0000000080049CD0 (0x2AB58593) addi a1, a1, 0x2ab
x11 <- 0xAAAAAAAAAAAAAAAB
mem[X,0x0000000080049CD4] -> 0x0113
mem[X,0x0000000080049CD6] -> 0x0000
[10701] [M]: 0x0000000080049CD4 (0x00000113) addi sp, zero, 0x0
x2 <- 0x0000000000000000
mem[X,0x0000000080049CD8] -> 0x006F
mem[X,0x0000000080049CDA] -> 0x00C0
[10702] [M]: 0x0000000080049CD8 (0x00C0006F) jal zero, 0xc
mem[X,0x0000000080049CE4] -> 0x4663
mem[X,0x0000000080049CE6] -> 0x00B5
[10703] [M]: 0x0000000080049CE4 (0x00B54663) blt a0, a1, 0xc
mem[X,0x0000000080049CE8] -> 0x0113
mem[X,0x0000000080049CEA] -> 0x0021
[10704] [M]: 0x0000000080049CE8 (0x00210113) addi sp, sp, 0x2
x2 <- 0x0000000000000002
mem[X,0x0000000080049CEC] -> 0x006F
mem[X,0x0000000080049CEE] -> 0x00C0
[10705] [M]: 0x0000000080049CEC (0x00C0006F) jal zero, 0xc
mem[X,0x0000000080049CF8] -> 0xB023
mem[X,0x0000000080049CFA] -> 0x3A20
[10706] [M]: 0x0000000080049CF8 (0x3A20B023) sd sp, 0x3a0(ra)
mem[0x0000000080050578] <- 0x0000000000000002
mem[X,0x0000000080049CFC] -> 0x0537
mem[X,0x0000000080049CFE] -> 0x0000
[10707] [M]: 0x0000000080049CFC (0x00000537) lui a0, 0x0
x10 <- 0x0000000000000000
mem[X,0x0000000080049D00] -> 0x0513
mem[X,0x0000000080049D02] -> 0x0005
[10708] [M]: 0x0000000080049D00 (0x00050513) addi a0, a0, 0x0
x10 <- 0x0000000000000000
mem[X,0x0000000080049D04] -> 0x1513
mem[X,0x0000000080049D06] -> 0x00B5
[10709] [M]: 0x0000000080049D04 (0x00B51513) slli a0, a0, 0xb
x10 <- 0x0000000000000000
mem[X,0x0000000080049D08] -> 0x0513
mem[X,0x0000000080049D0A] -> 0x5A85
[10710] [M]: 0x0000000080049D08 (0x5A850513) addi a0, a0, 0x5a8
x10 <- 0x00000000000005A8
mem[X,0x0000000080049D0C] -> 0x1513
mem[X,0x0000000080049D0E] -> 0x00B5
[10711] [M]: 0x0000000080049D0C (0x00B51513) slli a0, a0, 0xb
x10 <- 0x00000000002D4000
mem[X,0x0000000080049D10] -> 0x0513
mem[X,0x0000000080049D12] -> 0x13C5
[10712] [M]: 0x0000000080049D10 (0x13C50513) addi a0, a0, 0x13c
x10 <- 0x00000000002D413C
mem[X,0x0000000080049D14] -> 0x1513
mem[X,0x0000000080049D16] -> 0x00A5
[10713] [M]: 0x0000000080049D14 (0x00A51513) slli a0, a0, 0xa
x10 <- 0x00000000B504F000
mem[X,0x0000000080049D18] -> 0x0513
mem[X,0x0000000080049D1A] -> 0x3345
[10714] [M]: 0x0000000080049D18 (0x33450513) addi a0, a0, 0x334
x10 <- 0x00000000B504F334
mem[X,0x0000000080049D1C] -> 0x0593
mem[X,0x0000000080049D1E] -> 0x0060
[10715] [M]: 0x0000000080049D1C (0x00600593) addi a1, zero, 0x6
x11 <- 0x0000000000000006
mem[X,0x0000000080049D20] -> 0x0113
mem[X,0x0000000080049D22] -> 0x0000
[10716] [M]: 0x0000000080049D20 (0x00000113) addi sp, zero, 0x0
x2 <- 0x0000000000000000
mem[X,0x0000000080049D24] -> 0x006F
mem[X,0x0000000080049D26] -> 0x00C0
[10717] [M]: 0x0000000080049D24 (0x00C0006F) jal zero, 0xc
mem[X,0x0000000080049D30] -> 0x4663
mem[X,0x0000000080049D32] -> 0x00B5
[10718] [M]: 0x0000000080049D30 (0x00B54663) blt a0, a1, 0xc
mem[X,0x0000000080049D34] -> 0x0113
mem[X,0x0000000080049D36] -> 0x0021
[10719] [M]: 0x0000000080049D34 (0x00210113) addi sp, sp, 0x2
x2 <- 0x0000000000000002
mem[X,0x0000000080049D38] -> 0x006F
mem[X,0x0000000080049D3A] -> 0x00C0
[10720] [M]: 0x0000000080049D38 (0x00C0006F) jal zero, 0xc
mem[X,0x0000000080049D44] -> 0xB423
mem[X,0x0000000080049D46] -> 0x3A20
[10721] [M]: 0x0000000080049D44 (0x3A20B423) sd sp, 0x3a8(ra)
mem[0x0000000080050580] <- 0x0000000000000002
mem[X,0x0000000080049D48] -> 0x0537
mem[X,0x0000000080049D4A] -> 0x0000
[10722] [M]: 0x0000000080049D48 (0x00000537) lui a0, 0x0
x10 <- 0x0000000000000000
mem[X,0x0000000080049D4C] -> 0x0513
mem[X,0x0000000080049D4E] -> 0x0005
[10723] [M]: 0x0000000080049D4C (0x00050513) addi a0, a0, 0x0
x10 <- 0x0000000000000000
mem[X,0x0000000080049D50] -> 0x1513
mem[X,0x0000000080049D52] -> 0x00B5
[10724] [M]: 0x0000000080049D50 (0x00B51513) slli a0, a0, 0xb
x10 <- 0x0000000000000000
mem[X,0x0000000080049D54] -> 0x0513
mem[X,0x0000000080049D56] -> 0x5A85
[10725] [M]: 0x0000000080049D54 (0x5A850513) addi a0, a0, 0x5a8
x10 <- 0x00000000000005A8
mem[X,0x0000000080049D58] -> 0x1513
mem[X,0x0000000080049D5A] -> 0x00B5
[10726] [M]: 0x0000000080049D58 (0x00B51513) slli a0, a0, 0xb
x10 <- 0x00000000002D4000
mem[X,0x0000000080049D5C] -> 0x0513
mem[X,0x0000000080049D5E] -> 0x13C5
[10727] [M]: 0x0000000080049D5C (0x13C50513) addi a0, a0, 0x13c
x10 <- 0x00000000002D413C
mem[X,0x0000000080049D60] -> 0x1513
mem[X,0x0000000080049D62] -> 0x00A5
[10728] [M]: 0x0000000080049D60 (0x00A51513) slli a0, a0, 0xa
x10 <- 0x00000000B504F000
mem[X,0x0000000080049D64] -> 0x0513
mem[X,0x0000000080049D66] -> 0x3345
[10729] [M]: 0x0000000080049D64 (0x33450513) addi a0, a0, 0x334
x10 <- 0x00000000B504F334
mem[X,0x0000000080049D68] -> 0x35B7
mem[X,0x0000000080049D6A] -> 0x3333
[10730] [M]: 0x0000000080049D68 (0x333335B7) lui a1, 0x33333
x11 <- 0x0000000033333000
mem[X,0x0000000080049D6C] -> 0x8593
mem[X,0x0000000080049D6E] -> 0x3335
[10731] [M]: 0x0000000080049D6C (0x33358593) addi a1, a1, 0x333
x11 <- 0x0000000033333333
mem[X,0x0000000080049D70] -> 0x9593
mem[X,0x0000000080049D72] -> 0x00B5
[10732] [M]: 0x0000000080049D70 (0x00B59593) slli a1, a1, 0xb
x11 <- 0x0000019999999800
mem[X,0x0000000080049D74] -> 0x8593
mem[X,0x0000000080049D76] -> 0x1995
[10733] [M]: 0x0000000080049D74 (0x19958593) addi a1, a1, 0x199
x11 <- 0x0000019999999999
mem[X,0x0000000080049D78] -> 0x9593
mem[X,0x0000000080049D7A] -> 0x00B5
[10734] [M]: 0x0000000080049D78 (0x00B59593) slli a1, a1, 0xb
x11 <- 0x000CCCCCCCCCC800
mem[X,0x0000000080049D7C] -> 0x8593
mem[X,0x0000000080049D7E] -> 0x4CC5
[10735] [M]: 0x0000000080049D7C (0x4CC58593) addi a1, a1, 0x4cc
x11 <- 0x000CCCCCCCCCCCCC
mem[X,0x0000000080049D80] -> 0x9593
mem[X,0x0000000080049D82] -> 0x00A5
[10736] [M]: 0x0000000080049D80 (0x00A59593) slli a1, a1, 0xa
x11 <- 0x3333333333333000
mem[X,0x0000000080049D84] -> 0x8593
mem[X,0x0000000080049D86] -> 0x3345
[10737] [M]: 0x0000000080049D84 (0x33458593) addi a1, a1, 0x334
x11 <- 0x3333333333333334
mem[X,0x0000000080049D88] -> 0x0113
mem[X,0x0000000080049D8A] -> 0x0000
[10738] [M]: 0x0000000080049D88 (0x00000113) addi sp, zero, 0x0
x2 <- 0x0000000000000000
mem[X,0x0000000080049D8C] -> 0x006F
mem[X,0x0000000080049D8E] -> 0x0050
[10739] [M]: 0x0000000080049D8C (0x0050006F) jal zero, 0x804
mem[X,0x000000008004A590] -> 0x40E3
mem[X,0x000000008004A592] -> 0x80B5
[10740] [M]: 0x000000008004A590 (0x80B540E3) blt a0, a1, -0x800
mem[X,0x0000000080049D90] -> 0x0113
mem[X,0x0000000080049D92] -> 0x0011
[10741] [M]: 0x0000000080049D90 (0x00110113) addi sp, sp, 0x1
x2 <- 0x0000000000000001
mem[X,0x0000000080049D94] -> 0x006F
mem[X,0x0000000080049D96] -> 0x0110
[10742] [M]: 0x0000000080049D94 (0x0110006F) jal zero, 0x810
mem[X,0x000000008004A5A4] -> 0xB823
mem[X,0x000000008004A5A6] -> 0x3A20
[10743] [M]: 0x000000008004A5A4 (0x3A20B823) sd sp, 0x3b0(ra)
mem[0x0000000080050588] <- 0x0000000000000001
mem[X,0x000000008004A5A8] -> 0x0537
mem[X,0x000000008004A5AA] -> 0x0000
[10744] [M]: 0x000000008004A5A8 (0x00000537) lui a0, 0x0
x10 <- 0x0000000000000000
mem[X,0x000000008004A5AC] -> 0x0513
mem[X,0x000000008004A5AE] -> 0x0005
[10745] [M]: 0x000000008004A5AC (0x00050513) addi a0, a0, 0x0
x10 <- 0x0000000000000000
mem[X,0x000000008004A5B0] -> 0x1513
mem[X,0x000000008004A5B2] -> 0x00B5
[10746] [M]: 0x000000008004A5B0 (0x00B51513) slli a0, a0, 0xb
x10 <- 0x0000000000000000
mem[X,0x000000008004A5B4] -> 0x0513
mem[X,0x000000008004A5B6] -> 0x5A85
[10747] [M]: 0x000000008004A5B4 (0x5A850513) addi a0, a0, 0x5a8
x10 <- 0x00000000000005A8
mem[X,0x000000008004A5B8] -> 0x1513
mem[X,0x000000008004A5BA] -> 0x00B5
[10748] [M]: 0x000000008004A5B8 (0x00B51513) slli a0, a0, 0xb
x10 <- 0x00000000002D4000
mem[X,0x000000008004A5BC] -> 0x0513
mem[X,0x000000008004A5BE] -> 0x13C5
[10749] [M]: 0x000000008004A5BC (0x13C50513) addi a0, a0, 0x13c
x10 <- 0x00000000002D413C
mem[X,0x000000008004A5C0] -> 0x1513
mem[X,0x000000008004A5C2] -> 0x00A5
[10750] [M]: 0x000000008004A5C0 (0x00A51513) slli a0, a0, 0xa
x10 <- 0x00000000B504F000
mem[X,0x000000008004A5C4] -> 0x0513
mem[X,0x000000008004A5C6] -> 0x3345
[10751] [M]: 0x000000008004A5C4 (0x33450513) addi a0, a0, 0x334
x10 <- 0x00000000B504F334
mem[X,0x000000008004A5C8] -> 0x65B7
mem[X,0x000000008004A5CA] -> 0x6666
[10752] [M]: 0x000000008004A5C8 (0x666665B7) lui a1, 0x66666
x11 <- 0x0000000066666000
mem[X,0x000000008004A5CC] -> 0x8593
mem[X,0x000000008004A5CE] -> 0x6665
[10753] [M]: 0x000000008004A5CC (0x66658593) addi a1, a1, 0x666
x11 <- 0x0000000066666666
mem[X,0x000000008004A5D0] -> 0x9593
mem[X,0x000000008004A5D2] -> 0x00B5
[10754] [M]: 0x000000008004A5D0 (0x00B59593) slli a1, a1, 0xb
x11 <- 0x0000033333333000
mem[X,0x000000008004A5D4] -> 0x8593
mem[X,0x000000008004A5D6] -> 0x3335
[10755] [M]: 0x000000008004A5D4 (0x33358593) addi a1, a1, 0x333
x11 <- 0x0000033333333333
mem[X,0x000000008004A5D8] -> 0x9593
mem[X,0x000000008004A5DA] -> 0x00B5
[10756] [M]: 0x000000008004A5D8 (0x00B59593) slli a1, a1, 0xb
x11 <- 0x0019999999999800
mem[X,0x000000008004A5DC] -> 0x8593
mem[X,0x000000008004A5DE] -> 0x1995
[10757] [M]: 0x000000008004A5DC (0x19958593) addi a1, a1, 0x199
x11 <- 0x0019999999999999
mem[X,0x000000008004A5E0] -> 0x9593
mem[X,0x000000008004A5E2] -> 0x00A5
[10758] [M]: 0x000000008004A5E0 (0x00A59593) slli a1, a1, 0xa
x11 <- 0x6666666666666400
mem[X,0x000000008004A5E4] -> 0x8593
mem[X,0x000000008004A5E6] -> 0x2675
[10759] [M]: 0x000000008004A5E4 (0x26758593) addi a1, a1, 0x267
x11 <- 0x6666666666666667
mem[X,0x000000008004A5E8] -> 0x0113
mem[X,0x000000008004A5EA] -> 0x0000
[10760] [M]: 0x000000008004A5E8 (0x00000113) addi sp, zero, 0x0
x2 <- 0x0000000000000000
mem[X,0x000000008004A5EC] -> 0x006F
mem[X,0x000000008004A5EE] -> 0x00C0
[10761] [M]: 0x000000008004A5EC (0x00C0006F) jal zero, 0xc
mem[X,0x000000008004A5F8] -> 0x4CE3
mem[X,0x000000008004A5FA] -> 0xFEB5
[10762] [M]: 0x000000008004A5F8 (0xFEB54CE3) blt a0, a1, -0x8
mem[X,0x000000008004A5F0] -> 0x0113
mem[X,0x000000008004A5F2] -> 0x0011
[10763] [M]: 0x000000008004A5F0 (0x00110113) addi sp, sp, 0x1
x2 <- 0x0000000000000001
mem[X,0x000000008004A5F4] -> 0x006F
mem[X,0x000000008004A5F6] -> 0x0180
[10764] [M]: 0x000000008004A5F4 (0x0180006F) jal zero, 0x18
mem[X,0x000000008004A60C] -> 0xBC23
mem[X,0x000000008004A60E] -> 0x3A20
[10765] [M]: 0x000000008004A60C (0x3A20BC23) sd sp, 0x3b8(ra)
mem[0x0000000080050590] <- 0x0000000000000001
mem[X,0x000000008004A610] -> 0x0537
mem[X,0x000000008004A612] -> 0x0000
[10766] [M]: 0x000000008004A610 (0x00000537) lui a0, 0x0
x10 <- 0x0000000000000000
mem[X,0x000000008004A614] -> 0x0513
mem[X,0x000000008004A616] -> 0x0005
[10767] [M]: 0x000000008004A614 (0x00050513) addi a0, a0, 0x0
x10 <- 0x0000000000000000
mem[X,0x000000008004A618] -> 0x1513
mem[X,0x000000008004A61A] -> 0x00B5
[10768] [M]: 0x000000008004A618 (0x00B51513) slli a0, a0, 0xb
x10 <- 0x0000000000000000
mem[X,0x000000008004A61C] -> 0x0513
mem[X,0x000000008004A61E] -> 0x5A85
[10769] [M]: 0x000000008004A61C (0x5A850513) addi a0, a0, 0x5a8
x10 <- 0x00000000000005A8
mem[X,0x000000008004A620] -> 0x1513
mem[X,0x000000008004A622] -> 0x00B5
[10770] [M]: 0x000000008004A620 (0x00B51513) slli a0, a0, 0xb
x10 <- 0x00000000002D4000
mem[X,0x000000008004A624] -> 0x0513
mem[X,0x000000008004A626] -> 0x13C5
[10771] [M]: 0x000000008004A624 (0x13C50513) addi a0, a0, 0x13c
x10 <- 0x00000000002D413C
mem[X,0x000000008004A628] -> 0x1513
mem[X,0x000000008004A62A] -> 0x00A5
[10772] [M]: 0x000000008004A628 (0x00A51513) slli a0, a0, 0xa
x10 <- 0x00000000B504F000
mem[X,0x000000008004A62C] -> 0x0513
mem[X,0x000000008004A62E] -> 0x3345
[10773] [M]: 0x000000008004A62C (0x33450513) addi a0, a0, 0x334
x10 <- 0x00000000B504F334
mem[X,0x000000008004A630] -> 0x05B7
mem[X,0x000000008004A632] -> 0x0000
[10774] [M]: 0x000000008004A630 (0x000005B7) lui a1, 0x0
x11 <- 0x0000000000000000
mem[X,0x000000008004A634] -> 0x8593
mem[X,0x000000008004A636] -> 0xFFF5
[10775] [M]: 0x000000008004A634 (0xFFF58593) addi a1, a1, -0x1
x11 <- 0xFFFFFFFFFFFFFFFF
mem[X,0x000000008004A638] -> 0x9593
mem[X,0x000000008004A63A] -> 0x00B5
[10776] [M]: 0x000000008004A638 (0x00B59593) slli a1, a1, 0xb
x11 <- 0xFFFFFFFFFFFFF800
mem[X,0x000000008004A63C] -> 0x8593
mem[X,0x000000008004A63E] -> 0x2575
[10777] [M]: 0x000000008004A63C (0x25758593) addi a1, a1, 0x257
x11 <- 0xFFFFFFFFFFFFFA57
mem[X,0x000000008004A640] -> 0x9593
mem[X,0x000000008004A642] -> 0x00B5
[10778] [M]: 0x000000008004A640 (0x00B59593) slli a1, a1, 0xb
x11 <- 0xFFFFFFFFFFD2B800
mem[X,0x000000008004A644] -> 0x8593
mem[X,0x000000008004A646] -> 0x6C35
[10779] [M]: 0x000000008004A644 (0x6C358593) addi a1, a1, 0x6c3
x11 <- 0xFFFFFFFFFFD2BEC3
mem[X,0x000000008004A648] -> 0x9593
mem[X,0x000000008004A64A] -> 0x00A5
[10780] [M]: 0x000000008004A648 (0x00A59593) slli a1, a1, 0xa
x11 <- 0xFFFFFFFF4AFB0C00
mem[X,0x000000008004A64C] -> 0x8593
mem[X,0x000000008004A64E] -> 0x0CE5
[10781] [M]: 0x000000008004A64C (0x0CE58593) addi a1, a1, 0xce
x11 <- 0xFFFFFFFF4AFB0CCE
mem[X,0x000000008004A650] -> 0x0113
mem[X,0x000000008004A652] -> 0x0000
[10782] [M]: 0x000000008004A650 (0x00000113) addi sp, zero, 0x0
x2 <- 0x0000000000000000
mem[X,0x000000008004A654] -> 0x006F
mem[X,0x000000008004A656] -> 0x00C0
[10783] [M]: 0x000000008004A654 (0x00C0006F) jal zero, 0xc
mem[X,0x000000008004A660] -> 0x4863
mem[X,0x000000008004A662] -> 0x00B5
[10784] [M]: 0x000000008004A660 (0x00B54863) blt a0, a1, 0x10
mem[X,0x000000008004A664] -> 0x0113
mem[X,0x000000008004A666] -> 0x0021
[10785] [M]: 0x000000008004A664 (0x00210113) addi sp, sp, 0x2
x2 <- 0x0000000000000002
mem[X,0x000000008004A668] -> 0x006F
mem[X,0x000000008004A66A] -> 0x0100
[10786] [M]: 0x000000008004A668 (0x0100006F) jal zero, 0x10
mem[X,0x000000008004A678] -> 0xB023
mem[X,0x000000008004A67A] -> 0x3C20
[10787] [M]: 0x000000008004A678 (0x3C20B023) sd sp, 0x3c0(ra)
mem[0x0000000080050598] <- 0x0000000000000002
mem[X,0x000000008004A67C] -> 0x0537
mem[X,0x000000008004A67E] -> 0x0000
[10788] [M]: 0x000000008004A67C (0x00000537) lui a0, 0x0
x10 <- 0x0000000000000000
mem[X,0x000000008004A680] -> 0x0513
mem[X,0x000000008004A682] -> 0x0005
[10789] [M]: 0x000000008004A680 (0x00050513) addi a0, a0, 0x0
x10 <- 0x0000000000000000
mem[X,0x000000008004A684] -> 0x1513
mem[X,0x000000008004A686] -> 0x00B5
[10790] [M]: 0x000000008004A684 (0x00B51513) slli a0, a0, 0xb
x10 <- 0x0000000000000000
mem[X,0x000000008004A688] -> 0x0513
mem[X,0x000000008004A68A] -> 0x5A85
[10791] [M]: 0x000000008004A688 (0x5A850513) addi a0, a0, 0x5a8
x10 <- 0x00000000000005A8
mem[X,0x000000008004A68C] -> 0x1513
mem[X,0x000000008004A68E] -> 0x00B5
[10792] [M]: 0x000000008004A68C (0x00B51513) slli a0, a0, 0xb
x10 <- 0x00000000002D4000
mem[X,0x000000008004A690] -> 0x0513
mem[X,0x000000008004A692] -> 0x13C5
[10793] [M]: 0x000000008004A690 (0x13C50513) addi a0, a0, 0x13c
x10 <- 0x00000000002D413C
mem[X,0x000000008004A694] -> 0x1513
mem[X,0x000000008004A696] -> 0x00A5
[10794] [M]: 0x000000008004A694 (0x00A51513) slli a0, a0, 0xa
x10 <- 0x00000000B504F000
mem[X,0x000000008004A698] -> 0x0513
mem[X,0x000000008004A69A] -> 0x3345
[10795] [M]: 0x000000008004A698 (0x33450513) addi a0, a0, 0x334
x10 <- 0x00000000B504F334
mem[X,0x000000008004A69C] -> 0x05B7
mem[X,0x000000008004A69E] -> 0x0000
[10796] [M]: 0x000000008004A69C (0x000005B7) lui a1, 0x0
x11 <- 0x0000000000000000
mem[X,0x000000008004A6A0] -> 0x8593
mem[X,0x000000008004A6A2] -> 0x0005
[10797] [M]: 0x000000008004A6A0 (0x00058593) addi a1, a1, 0x0
x11 <- 0x0000000000000000
mem[X,0x000000008004A6A4] -> 0x9593
mem[X,0x000000008004A6A6] -> 0x00B5
[10798] [M]: 0x000000008004A6A4 (0x00B59593) slli a1, a1, 0xb
x11 <- 0x0000000000000000
mem[X,0x000000008004A6A8] -> 0x8593
mem[X,0x000000008004A6AA] -> 0x5A85
[10799] [M]: 0x000000008004A6A8 (0x5A858593) addi a1, a1, 0x5a8
x11 <- 0x00000000000005A8
clint::tick mtime <- 0x000000000000006C
 clint timer pending at mtime 0x000000000000006C
htif::tick 0x0000000000000000
mem[X,0x000000008004A6AC] -> 0x9593
mem[X,0x000000008004A6AE] -> 0x00B5
[10800] [M]: 0x000000008004A6AC (0x00B59593) slli a1, a1, 0xb
x11 <- 0x00000000002D4000
mem[X,0x000000008004A6B0] -> 0x8593
mem[X,0x000000008004A6B2] -> 0x13C5
[10801] [M]: 0x000000008004A6B0 (0x13C58593) addi a1, a1, 0x13c
x11 <- 0x00000000002D413C
mem[X,0x000000008004A6B4] -> 0x9593
mem[X,0x000000008004A6B6] -> 0x00A5
[10802] [M]: 0x000000008004A6B4 (0x00A59593) slli a1, a1, 0xa
x11 <- 0x00000000B504F000
mem[X,0x000000008004A6B8] -> 0x8593
mem[X,0x000000008004A6BA] -> 0x3345
[10803] [M]: 0x000000008004A6B8 (0x33458593) addi a1, a1, 0x334
x11 <- 0x00000000B504F334
mem[X,0x000000008004A6BC] -> 0x0113
mem[X,0x000000008004A6BE] -> 0x0000
[10804] [M]: 0x000000008004A6BC (0x00000113) addi sp, zero, 0x0
x2 <- 0x0000000000000000
mem[X,0x000000008004A6C0] -> 0x006F
mem[X,0x000000008004A6C2] -> 0x2B10
[10805] [M]: 0x000000008004A6C0 (0x2B10006F) jal zero, 0xab0
mem[X,0x000000008004B170] -> 0x4A63
mem[X,0x000000008004B172] -> 0xD4B5
[10806] [M]: 0x000000008004B170 (0xD4B54A63) blt a0, a1, -0xaac
mem[X,0x000000008004B174] -> 0x0113
mem[X,0x000000008004B176] -> 0x0021
[10807] [M]: 0x000000008004B174 (0x00210113) addi sp, sp, 0x2
x2 <- 0x0000000000000002
mem[X,0x000000008004B178] -> 0x006F
mem[X,0x000000008004B17A] -> 0x00C0
[10808] [M]: 0x000000008004B178 (0x00C0006F) jal zero, 0xc
mem[X,0x000000008004B184] -> 0xB423
mem[X,0x000000008004B186] -> 0x3C20
[10809] [M]: 0x000000008004B184 (0x3C20B423) sd sp, 0x3c8(ra)
mem[0x00000000800505A0] <- 0x0000000000000002
mem[X,0x000000008004B188] -> 0x0513
mem[X,0x000000008004B18A] -> 0x0000
[10810] [M]: 0x000000008004B188 (0x00000513) addi a0, zero, 0x0
x10 <- 0x0000000000000000
mem[X,0x000000008004B18C] -> 0x0593
mem[X,0x000000008004B18E] -> 0x0020
[10811] [M]: 0x000000008004B18C (0x00200593) addi a1, zero, 0x2
x11 <- 0x0000000000000002
mem[X,0x000000008004B190] -> 0x0113
mem[X,0x000000008004B192] -> 0x0000
[10812] [M]: 0x000000008004B190 (0x00000113) addi sp, zero, 0x0
x2 <- 0x0000000000000000
mem[X,0x000000008004B194] -> 0x006F
mem[X,0x000000008004B196] -> 0x00C0
[10813] [M]: 0x000000008004B194 (0x00C0006F) jal zero, 0xc
mem[X,0x000000008004B1A0] -> 0x4863
mem[X,0x000000008004B1A2] -> 0x00B5
[10814] [M]: 0x000000008004B1A0 (0x00B54863) blt a0, a1, 0x10
mem[X,0x000000008004B1B0] -> 0x0113
mem[X,0x000000008004B1B2] -> 0x0031
[10815] [M]: 0x000000008004B1B0 (0x00310113) addi sp, sp, 0x3
x2 <- 0x0000000000000003
mem[X,0x000000008004B1B4] -> 0x006F
mem[X,0x000000008004B1B6] -> 0x0040
[10816] [M]: 0x000000008004B1B4 (0x0040006F) jal zero, 0x4
mem[X,0x000000008004B1B8] -> 0xB823
mem[X,0x000000008004B1BA] -> 0x3C20
[10817] [M]: 0x000000008004B1B8 (0x3C20B823) sd sp, 0x3d0(ra)
mem[0x00000000800505A8] <- 0x0000000000000003
mem[X,0x000000008004B1BC] -> 0x0513
mem[X,0x000000008004B1BE] -> 0x0000
[10818] [M]: 0x000000008004B1BC (0x00000513) addi a0, zero, 0x0
x10 <- 0x0000000000000000
mem[X,0x000000008004B1C0] -> 0x55B7
mem[X,0x000000008004B1C2] -> 0x5555
[10819] [M]: 0x000000008004B1C0 (0x555555B7) lui a1, 0x55555
x11 <- 0x0000000055555000
mem[X,0x000000008004B1C4] -> 0x8593
mem[X,0x000000008004B1C6] -> 0x5555
[10820] [M]: 0x000000008004B1C4 (0x55558593) addi a1, a1, 0x555
x11 <- 0x0000000055555555
mem[X,0x000000008004B1C8] -> 0x9593
mem[X,0x000000008004B1CA] -> 0x00B5
[10821] [M]: 0x000000008004B1C8 (0x00B59593) slli a1, a1, 0xb
x11 <- 0x000002AAAAAAA800
mem[X,0x000000008004B1CC] -> 0x8593
mem[X,0x000000008004B1CE] -> 0x2AA5
[10822] [M]: 0x000000008004B1CC (0x2AA58593) addi a1, a1, 0x2aa
x11 <- 0x000002AAAAAAAAAA
mem[X,0x000000008004B1D0] -> 0x9593
mem[X,0x000000008004B1D2] -> 0x00B5
[10823] [M]: 0x000000008004B1D0 (0x00B59593) slli a1, a1, 0xb
x11 <- 0x0015555555555000
mem[X,0x000000008004B1D4] -> 0x8593
mem[X,0x000000008004B1D6] -> 0x5555
[10824] [M]: 0x000000008004B1D4 (0x55558593) addi a1, a1, 0x555
x11 <- 0x0015555555555555
mem[X,0x000000008004B1D8] -> 0x9593
mem[X,0x000000008004B1DA] -> 0x00A5
[10825] [M]: 0x000000008004B1D8 (0x00A59593) slli a1, a1, 0xa
x11 <- 0x5555555555555400
mem[X,0x000000008004B1DC] -> 0x8593
mem[X,0x000000008004B1DE] -> 0x1545
[10826] [M]: 0x000000008004B1DC (0x15458593) addi a1, a1, 0x154
x11 <- 0x5555555555555554
mem[X,0x000000008004B1E0] -> 0x0113
mem[X,0x000000008004B1E2] -> 0x0000
[10827] [M]: 0x000000008004B1E0 (0x00000113) addi sp, zero, 0x0
x2 <- 0x0000000000000000
mem[X,0x000000008004B1E4] -> 0x006F
mem[X,0x000000008004B1E6] -> 0x00C0
[10828] [M]: 0x000000008004B1E4 (0x00C0006F) jal zero, 0xc
mem[X,0x000000008004B1F0] -> 0x4CE3
mem[X,0x000000008004B1F2] -> 0xFEB5
[10829] [M]: 0x000000008004B1F0 (0xFEB54CE3) blt a0, a1, -0x8
mem[X,0x000000008004B1E8] -> 0x0113
mem[X,0x000000008004B1EA] -> 0x0011
[10830] [M]: 0x000000008004B1E8 (0x00110113) addi sp, sp, 0x1
x2 <- 0x0000000000000001
mem[X,0x000000008004B1EC] -> 0x006F
mem[X,0x000000008004B1EE] -> 0x0180
[10831] [M]: 0x000000008004B1EC (0x0180006F) jal zero, 0x18
mem[X,0x000000008004B204] -> 0xBC23
mem[X,0x000000008004B206] -> 0x3C20
[10832] [M]: 0x000000008004B204 (0x3C20BC23) sd sp, 0x3d8(ra)
mem[0x00000000800505B0] <- 0x0000000000000001
mem[X,0x000000008004B208] -> 0x0513
mem[X,0x000000008004B20A] -> 0x0000
[10833] [M]: 0x000000008004B208 (0x00000513) addi a0, zero, 0x0
x10 <- 0x0000000000000000
mem[X,0x000000008004B20C] -> 0x0593
mem[X,0x000000008004B20E] -> 0x0040
[10834] [M]: 0x000000008004B20C (0x00400593) addi a1, zero, 0x4
x11 <- 0x0000000000000004
mem[X,0x000000008004B210] -> 0x0113
mem[X,0x000000008004B212] -> 0x0000
[10835] [M]: 0x000000008004B210 (0x00000113) addi sp, zero, 0x0
x2 <- 0x0000000000000000
mem[X,0x000000008004B214] -> 0x006F
mem[X,0x000000008004B216] -> 0x00C0
[10836] [M]: 0x000000008004B214 (0x00C0006F) jal zero, 0xc
mem[X,0x000000008004B220] -> 0x4663
mem[X,0x000000008004B222] -> 0x00B5
[10837] [M]: 0x000000008004B220 (0x00B54663) blt a0, a1, 0xc
mem[X,0x000000008004B22C] -> 0x0113
mem[X,0x000000008004B22E] -> 0x0031
[10838] [M]: 0x000000008004B22C (0x00310113) addi sp, sp, 0x3
x2 <- 0x0000000000000003
mem[X,0x000000008004B230] -> 0x006F
mem[X,0x000000008004B232] -> 0x0040
[10839] [M]: 0x000000008004B230 (0x0040006F) jal zero, 0x4
mem[X,0x000000008004B234] -> 0xB023
mem[X,0x000000008004B236] -> 0x3E20
[10840] [M]: 0x000000008004B234 (0x3E20B023) sd sp, 0x3e0(ra)
mem[0x00000000800505B8] <- 0x0000000000000003
mem[X,0x000000008004B238] -> 0x0513
mem[X,0x000000008004B23A] -> 0x0000
[10841] [M]: 0x000000008004B238 (0x00000513) addi a0, zero, 0x0
x10 <- 0x0000000000000000
mem[X,0x000000008004B23C] -> 0x35B7
mem[X,0x000000008004B23E] -> 0x3333
[10842] [M]: 0x000000008004B23C (0x333335B7) lui a1, 0x33333
x11 <- 0x0000000033333000
mem[X,0x000000008004B240] -> 0x8593
mem[X,0x000000008004B242] -> 0x3335
[10843] [M]: 0x000000008004B240 (0x33358593) addi a1, a1, 0x333
x11 <- 0x0000000033333333
mem[X,0x000000008004B244] -> 0x9593
mem[X,0x000000008004B246] -> 0x00B5
[10844] [M]: 0x000000008004B244 (0x00B59593) slli a1, a1, 0xb
x11 <- 0x0000019999999800
mem[X,0x000000008004B248] -> 0x8593
mem[X,0x000000008004B24A] -> 0x1995
[10845] [M]: 0x000000008004B248 (0x19958593) addi a1, a1, 0x199
x11 <- 0x0000019999999999
mem[X,0x000000008004B24C] -> 0x9593
mem[X,0x000000008004B24E] -> 0x00B5
[10846] [M]: 0x000000008004B24C (0x00B59593) slli a1, a1, 0xb
x11 <- 0x000CCCCCCCCCC800
mem[X,0x000000008004B250] -> 0x8593
mem[X,0x000000008004B252] -> 0x4CC5
[10847] [M]: 0x000000008004B250 (0x4CC58593) addi a1, a1, 0x4cc
x11 <- 0x000CCCCCCCCCCCCC
mem[X,0x000000008004B254] -> 0x9593
mem[X,0x000000008004B256] -> 0x00A5
[10848] [M]: 0x000000008004B254 (0x00A59593) slli a1, a1, 0xa
x11 <- 0x3333333333333000
mem[X,0x000000008004B258] -> 0x8593
mem[X,0x000000008004B25A] -> 0x3325
[10849] [M]: 0x000000008004B258 (0x33258593) addi a1, a1, 0x332
x11 <- 0x3333333333333332
mem[X,0x000000008004B25C] -> 0x0113
mem[X,0x000000008004B25E] -> 0x0000
[10850] [M]: 0x000000008004B25C (0x00000113) addi sp, zero, 0x0
x2 <- 0x0000000000000000
mem[X,0x000000008004B260] -> 0x006F
mem[X,0x000000008004B262] -> 0x00C0
[10851] [M]: 0x000000008004B260 (0x00C0006F) jal zero, 0xc
mem[X,0x000000008004B26C] -> 0x4663
mem[X,0x000000008004B26E] -> 0x00B5
[10852] [M]: 0x000000008004B26C (0x00B54663) blt a0, a1, 0xc
mem[X,0x000000008004B278] -> 0x0113
mem[X,0x000000008004B27A] -> 0x0031
[10853] [M]: 0x000000008004B278 (0x00310113) addi sp, sp, 0x3
x2 <- 0x0000000000000003
mem[X,0x000000008004B27C] -> 0x006F
mem[X,0x000000008004B27E] -> 0x0040
[10854] [M]: 0x000000008004B27C (0x0040006F) jal zero, 0x4
mem[X,0x000000008004B280] -> 0xB423
mem[X,0x000000008004B282] -> 0x3E20
[10855] [M]: 0x000000008004B280 (0x3E20B423) sd sp, 0x3e8(ra)
mem[0x00000000800505C0] <- 0x0000000000000003
mem[X,0x000000008004B284] -> 0x0513
mem[X,0x000000008004B286] -> 0x0000
[10856] [M]: 0x000000008004B284 (0x00000513) addi a0, zero, 0x0
x10 <- 0x0000000000000000
mem[X,0x000000008004B288] -> 0x65B7
mem[X,0x000000008004B28A] -> 0x6666
[10857] [M]: 0x000000008004B288 (0x666665B7) lui a1, 0x66666
x11 <- 0x0000000066666000
mem[X,0x000000008004B28C] -> 0x8593
mem[X,0x000000008004B28E] -> 0x6665
[10858] [M]: 0x000000008004B28C (0x66658593) addi a1, a1, 0x666
x11 <- 0x0000000066666666
mem[X,0x000000008004B290] -> 0x9593
mem[X,0x000000008004B292] -> 0x00B5
[10859] [M]: 0x000000008004B290 (0x00B59593) slli a1, a1, 0xb
x11 <- 0x0000033333333000
mem[X,0x000000008004B294] -> 0x8593
mem[X,0x000000008004B296] -> 0x3335
[10860] [M]: 0x000000008004B294 (0x33358593) addi a1, a1, 0x333
x11 <- 0x0000033333333333
mem[X,0x000000008004B298] -> 0x9593
mem[X,0x000000008004B29A] -> 0x00B5
[10861] [M]: 0x000000008004B298 (0x00B59593) slli a1, a1, 0xb
x11 <- 0x0019999999999800
mem[X,0x000000008004B29C] -> 0x8593
mem[X,0x000000008004B29E] -> 0x1995
[10862] [M]: 0x000000008004B29C (0x19958593) addi a1, a1, 0x199
x11 <- 0x0019999999999999
mem[X,0x000000008004B2A0] -> 0x9593
mem[X,0x000000008004B2A2] -> 0x00A5
[10863] [M]: 0x000000008004B2A0 (0x00A59593) slli a1, a1, 0xa
x11 <- 0x6666666666666400
mem[X,0x000000008004B2A4] -> 0x8593
mem[X,0x000000008004B2A6] -> 0x2655
[10864] [M]: 0x000000008004B2A4 (0x26558593) addi a1, a1, 0x265
x11 <- 0x6666666666666665
mem[X,0x000000008004B2A8] -> 0x0113
mem[X,0x000000008004B2AA] -> 0x0000
[10865] [M]: 0x000000008004B2A8 (0x00000113) addi sp, zero, 0x0
x2 <- 0x0000000000000000
mem[X,0x000000008004B2AC] -> 0x006F
mem[X,0x000000008004B2AE] -> 0x0180
[10866] [M]: 0x000000008004B2AC (0x0180006F) jal zero, 0x18
mem[X,0x000000008004B2C4] -> 0x46E3
mem[X,0x000000008004B2C6] -> 0xFEB5
[10867] [M]: 0x000000008004B2C4 (0xFEB546E3) blt a0, a1, -0x14
mem[X,0x000000008004B2B0] -> 0x0113
mem[X,0x000000008004B2B2] -> 0x0011
[10868] [M]: 0x000000008004B2B0 (0x00110113) addi sp, sp, 0x1
x2 <- 0x0000000000000001
mem[X,0x000000008004B2B4] -> 0x006F
mem[X,0x000000008004B2B6] -> 0x0240
[10869] [M]: 0x000000008004B2B4 (0x0240006F) jal zero, 0x24
mem[X,0x000000008004B2D8] -> 0xB823
mem[X,0x000000008004B2DA] -> 0x3E20
[10870] [M]: 0x000000008004B2D8 (0x3E20B823) sd sp, 0x3f0(ra)
mem[0x00000000800505C8] <- 0x0000000000000001
mem[X,0x000000008004B2DC] -> 0x0513
mem[X,0x000000008004B2DE] -> 0x0000
[10871] [M]: 0x000000008004B2DC (0x00000513) addi a0, zero, 0x0
x10 <- 0x0000000000000000
mem[X,0x000000008004B2E0] -> 0x05B7
mem[X,0x000000008004B2E2] -> 0x0000
[10872] [M]: 0x000000008004B2E0 (0x000005B7) lui a1, 0x0
x11 <- 0x0000000000000000
mem[X,0x000000008004B2E4] -> 0x8593
mem[X,0x000000008004B2E6] -> 0x0005
[10873] [M]: 0x000000008004B2E4 (0x00058593) addi a1, a1, 0x0
x11 <- 0x0000000000000000
mem[X,0x000000008004B2E8] -> 0x9593
mem[X,0x000000008004B2EA] -> 0x00B5
[10874] [M]: 0x000000008004B2E8 (0x00B59593) slli a1, a1, 0xb
x11 <- 0x0000000000000000
mem[X,0x000000008004B2EC] -> 0x8593
mem[X,0x000000008004B2EE] -> 0x5A85
[10875] [M]: 0x000000008004B2EC (0x5A858593) addi a1, a1, 0x5a8
x11 <- 0x00000000000005A8
mem[X,0x000000008004B2F0] -> 0x9593
mem[X,0x000000008004B2F2] -> 0x00B5
[10876] [M]: 0x000000008004B2F0 (0x00B59593) slli a1, a1, 0xb
x11 <- 0x00000000002D4000
mem[X,0x000000008004B2F4] -> 0x8593
mem[X,0x000000008004B2F6] -> 0x13C5
[10877] [M]: 0x000000008004B2F4 (0x13C58593) addi a1, a1, 0x13c
x11 <- 0x00000000002D413C
mem[X,0x000000008004B2F8] -> 0x9593
mem[X,0x000000008004B2FA] -> 0x00A5
[10878] [M]: 0x000000008004B2F8 (0x00A59593) slli a1, a1, 0xa
x11 <- 0x00000000B504F000
mem[X,0x000000008004B2FC] -> 0x8593
mem[X,0x000000008004B2FE] -> 0x3325
[10879] [M]: 0x000000008004B2FC (0x33258593) addi a1, a1, 0x332
x11 <- 0x00000000B504F332
mem[X,0x000000008004B300] -> 0x0113
mem[X,0x000000008004B302] -> 0x0000
[10880] [M]: 0x000000008004B300 (0x00000113) addi sp, zero, 0x0
x2 <- 0x0000000000000000
mem[X,0x000000008004B304] -> 0x006F
mem[X,0x000000008004B306] -> 0x00C0
[10881] [M]: 0x000000008004B304 (0x00C0006F) jal zero, 0xc
mem[X,0x000000008004B310] -> 0x4863
mem[X,0x000000008004B312] -> 0x00B5
[10882] [M]: 0x000000008004B310 (0x00B54863) blt a0, a1, 0x10
mem[X,0x000000008004B320] -> 0x0113
mem[X,0x000000008004B322] -> 0x0031
[10883] [M]: 0x000000008004B320 (0x00310113) addi sp, sp, 0x3
x2 <- 0x0000000000000003
mem[X,0x000000008004B324] -> 0x006F
mem[X,0x000000008004B326] -> 0x0040
[10884] [M]: 0x000000008004B324 (0x0040006F) jal zero, 0x4
mem[X,0x000000008004B328] -> 0xBC23
mem[X,0x000000008004B32A] -> 0x3E20
[10885] [M]: 0x000000008004B328 (0x3E20BC23) sd sp, 0x3f8(ra)
mem[0x00000000800505D0] <- 0x0000000000000003
mem[X,0x000000008004B32C] -> 0x0513
mem[X,0x000000008004B32E] -> 0x0000
[10886] [M]: 0x000000008004B32C (0x00000513) addi a0, zero, 0x0
x10 <- 0x0000000000000000
mem[X,0x000000008004B330] -> 0x55B7
mem[X,0x000000008004B332] -> 0x5555
[10887] [M]: 0x000000008004B330 (0x555555B7) lui a1, 0x55555
x11 <- 0x0000000055555000
mem[X,0x000000008004B334] -> 0x8593
mem[X,0x000000008004B336] -> 0x5555
[10888] [M]: 0x000000008004B334 (0x55558593) addi a1, a1, 0x555
x11 <- 0x0000000055555555
mem[X,0x000000008004B338] -> 0x9593
mem[X,0x000000008004B33A] -> 0x00B5
[10889] [M]: 0x000000008004B338 (0x00B59593) slli a1, a1, 0xb
x11 <- 0x000002AAAAAAA800
mem[X,0x000000008004B33C] -> 0x8593
mem[X,0x000000008004B33E] -> 0x2AA5
[10890] [M]: 0x000000008004B33C (0x2AA58593) addi a1, a1, 0x2aa
x11 <- 0x000002AAAAAAAAAA
mem[X,0x000000008004B340] -> 0x9593
mem[X,0x000000008004B342] -> 0x00B5
[10891] [M]: 0x000000008004B340 (0x00B59593) slli a1, a1, 0xb
x11 <- 0x0015555555555000
mem[X,0x000000008004B344] -> 0x8593
mem[X,0x000000008004B346] -> 0x5555
[10892] [M]: 0x000000008004B344 (0x55558593) addi a1, a1, 0x555
x11 <- 0x0015555555555555
mem[X,0x000000008004B348] -> 0x9593
mem[X,0x000000008004B34A] -> 0x00A5
[10893] [M]: 0x000000008004B348 (0x00A59593) slli a1, a1, 0xa
x11 <- 0x5555555555555400
mem[X,0x000000008004B34C] -> 0x8593
mem[X,0x000000008004B34E] -> 0x1565
[10894] [M]: 0x000000008004B34C (0x15658593) addi a1, a1, 0x156
x11 <- 0x5555555555555556
mem[X,0x000000008004B350] -> 0x0113
mem[X,0x000000008004B352] -> 0x0000
[10895] [M]: 0x000000008004B350 (0x00000113) addi sp, zero, 0x0
x2 <- 0x0000000000000000
mem[X,0x000000008004B354] -> 0x006F
mem[X,0x000000008004B356] -> 0x00C0
[10896] [M]: 0x000000008004B354 (0x00C0006F) jal zero, 0xc
mem[X,0x000000008004B360] -> 0x4663
mem[X,0x000000008004B362] -> 0x00B5
[10897] [M]: 0x000000008004B360 (0x00B54663) blt a0, a1, 0xc
mem[X,0x000000008004B36C] -> 0x0113
mem[X,0x000000008004B36E] -> 0x0031
[10898] [M]: 0x000000008004B36C (0x00310113) addi sp, sp, 0x3
x2 <- 0x0000000000000003
mem[X,0x000000008004B370] -> 0x006F
mem[X,0x000000008004B372] -> 0x0040
[10899] [M]: 0x000000008004B370 (0x0040006F) jal zero, 0x4
clint::tick mtime <- 0x000000000000006D
 clint timer pending at mtime 0x000000000000006D
htif::tick 0x0000000000000000
mem[X,0x000000008004B374] -> 0xB023
mem[X,0x000000008004B376] -> 0x4020
[10900] [M]: 0x000000008004B374 (0x4020B023) sd sp, 0x400(ra)
mem[0x00000000800505D8] <- 0x0000000000000003
mem[X,0x000000008004B378] -> 0x0513
mem[X,0x000000008004B37A] -> 0x0000
[10901] [M]: 0x000000008004B378 (0x00000513) addi a0, zero, 0x0
x10 <- 0x0000000000000000
mem[X,0x000000008004B37C] -> 0xB5B7
mem[X,0x000000008004B37E] -> 0xAAAA
[10902] [M]: 0x000000008004B37C (0xAAAAB5B7) lui a1, -0x55555
x11 <- 0xFFFFFFFFAAAAB000
mem[X,0x000000008004B380] -> 0x8593
mem[X,0x000000008004B382] -> 0xAAA5
[10903] [M]: 0x000000008004B380 (0xAAA58593) addi a1, a1, -0x556
x11 <- 0xFFFFFFFFAAAAAAAA
mem[X,0x000000008004B384] -> 0x9593
mem[X,0x000000008004B386] -> 0x00B5
[10904] [M]: 0x000000008004B384 (0x00B59593) slli a1, a1, 0xb
x11 <- 0xFFFFFD5555555000
mem[X,0x000000008004B388] -> 0x8593
mem[X,0x000000008004B38A] -> 0x5555
[10905] [M]: 0x000000008004B388 (0x55558593) addi a1, a1, 0x555
x11 <- 0xFFFFFD5555555555
mem[X,0x000000008004B38C] -> 0x9593
mem[X,0x000000008004B38E] -> 0x00B5
[10906] [M]: 0x000000008004B38C (0x00B59593) slli a1, a1, 0xb
x11 <- 0xFFEAAAAAAAAAA800
mem[X,0x000000008004B390] -> 0x8593
mem[X,0x000000008004B392] -> 0x2AA5
[10907] [M]: 0x000000008004B390 (0x2AA58593) addi a1, a1, 0x2aa
x11 <- 0xFFEAAAAAAAAAAAAA
mem[X,0x000000008004B394] -> 0x9593
mem[X,0x000000008004B396] -> 0x00A5
[10908] [M]: 0x000000008004B394 (0x00A59593) slli a1, a1, 0xa
x11 <- 0xAAAAAAAAAAAAA800
mem[X,0x000000008004B398] -> 0x8593
mem[X,0x000000008004B39A] -> 0x2AB5
[10909] [M]: 0x000000008004B398 (0x2AB58593) addi a1, a1, 0x2ab
x11 <- 0xAAAAAAAAAAAAAAAB
mem[X,0x000000008004B39C] -> 0x0113
mem[X,0x000000008004B39E] -> 0x0000
[10910] [M]: 0x000000008004B39C (0x00000113) addi sp, zero, 0x0
x2 <- 0x0000000000000000
mem[X,0x000000008004B3A0] -> 0x006F
mem[X,0x000000008004B3A2] -> 0x00C0
[10911] [M]: 0x000000008004B3A0 (0x00C0006F) jal zero, 0xc
mem[X,0x000000008004B3AC] -> 0x4CE3
mem[X,0x000000008004B3AE] -> 0xFEB5
[10912] [M]: 0x000000008004B3AC (0xFEB54CE3) blt a0, a1, -0x8
mem[X,0x000000008004B3B0] -> 0x0113
mem[X,0x000000008004B3B2] -> 0x0021
[10913] [M]: 0x000000008004B3B0 (0x00210113) addi sp, sp, 0x2
x2 <- 0x0000000000000002
mem[X,0x000000008004B3B4] -> 0x006F
mem[X,0x000000008004B3B6] -> 0x00C0
[10914] [M]: 0x000000008004B3B4 (0x00C0006F) jal zero, 0xc
mem[X,0x000000008004B3C0] -> 0xB423
mem[X,0x000000008004B3C2] -> 0x4020
[10915] [M]: 0x000000008004B3C0 (0x4020B423) sd sp, 0x408(ra)
mem[0x00000000800505E0] <- 0x0000000000000002
mem[X,0x000000008004B3C4] -> 0x0513
mem[X,0x000000008004B3C6] -> 0x0000
[10916] [M]: 0x000000008004B3C4 (0x00000513) addi a0, zero, 0x0
x10 <- 0x0000000000000000
mem[X,0x000000008004B3C8] -> 0x0593
mem[X,0x000000008004B3CA] -> 0x0060
[10917] [M]: 0x000000008004B3C8 (0x00600593) addi a1, zero, 0x6
x11 <- 0x0000000000000006
mem[X,0x000000008004B3CC] -> 0x0113
mem[X,0x000000008004B3CE] -> 0x0000
[10918] [M]: 0x000000008004B3CC (0x00000113) addi sp, zero, 0x0
x2 <- 0x0000000000000000
mem[X,0x000000008004B3D0] -> 0x006F
mem[X,0x000000008004B3D2] -> 0x0180
[10919] [M]: 0x000000008004B3D0 (0x0180006F) jal zero, 0x18
mem[X,0x000000008004B3E8] -> 0x46E3
mem[X,0x000000008004B3EA] -> 0xFEB5
[10920] [M]: 0x000000008004B3E8 (0xFEB546E3) blt a0, a1, -0x14
mem[X,0x000000008004B3D4] -> 0x0113
mem[X,0x000000008004B3D6] -> 0x0011
[10921] [M]: 0x000000008004B3D4 (0x00110113) addi sp, sp, 0x1
x2 <- 0x0000000000000001
mem[X,0x000000008004B3D8] -> 0x006F
mem[X,0x000000008004B3DA] -> 0x0240
[10922] [M]: 0x000000008004B3D8 (0x0240006F) jal zero, 0x24
mem[X,0x000000008004B3FC] -> 0xB823
mem[X,0x000000008004B3FE] -> 0x4020
[10923] [M]: 0x000000008004B3FC (0x4020B823) sd sp, 0x410(ra)
mem[0x00000000800505E8] <- 0x0000000000000001
mem[X,0x000000008004B400] -> 0x0513
mem[X,0x000000008004B402] -> 0x0000
[10924] [M]: 0x000000008004B400 (0x00000513) addi a0, zero, 0x0
x10 <- 0x0000000000000000
mem[X,0x000000008004B404] -> 0x35B7
mem[X,0x000000008004B406] -> 0x3333
[10925] [M]: 0x000000008004B404 (0x333335B7) lui a1, 0x33333
x11 <- 0x0000000033333000
mem[X,0x000000008004B408] -> 0x8593
mem[X,0x000000008004B40A] -> 0x3335
[10926] [M]: 0x000000008004B408 (0x33358593) addi a1, a1, 0x333
x11 <- 0x0000000033333333
mem[X,0x000000008004B40C] -> 0x9593
mem[X,0x000000008004B40E] -> 0x00B5
[10927] [M]: 0x000000008004B40C (0x00B59593) slli a1, a1, 0xb
x11 <- 0x0000019999999800
mem[X,0x000000008004B410] -> 0x8593
mem[X,0x000000008004B412] -> 0x1995
[10928] [M]: 0x000000008004B410 (0x19958593) addi a1, a1, 0x199
x11 <- 0x0000019999999999
mem[X,0x000000008004B414] -> 0x9593
mem[X,0x000000008004B416] -> 0x00B5
[10929] [M]: 0x000000008004B414 (0x00B59593) slli a1, a1, 0xb
x11 <- 0x000CCCCCCCCCC800
mem[X,0x000000008004B418] -> 0x8593
mem[X,0x000000008004B41A] -> 0x4CC5
[10930] [M]: 0x000000008004B418 (0x4CC58593) addi a1, a1, 0x4cc
x11 <- 0x000CCCCCCCCCCCCC
mem[X,0x000000008004B41C] -> 0x9593
mem[X,0x000000008004B41E] -> 0x00A5
[10931] [M]: 0x000000008004B41C (0x00A59593) slli a1, a1, 0xa
x11 <- 0x3333333333333000
mem[X,0x000000008004B420] -> 0x8593
mem[X,0x000000008004B422] -> 0x3345
[10932] [M]: 0x000000008004B420 (0x33458593) addi a1, a1, 0x334
x11 <- 0x3333333333333334
mem[X,0x000000008004B424] -> 0x0113
mem[X,0x000000008004B426] -> 0x0000
[10933] [M]: 0x000000008004B424 (0x00000113) addi sp, zero, 0x0
x2 <- 0x0000000000000000
mem[X,0x000000008004B428] -> 0x006F
mem[X,0x000000008004B42A] -> 0x00C0
[10934] [M]: 0x000000008004B428 (0x00C0006F) jal zero, 0xc
mem[X,0x000000008004B434] -> 0x4063
mem[X,0x000000008004B436] -> 0x10B5
[10935] [M]: 0x000000008004B434 (0x10B54063) blt a0, a1, 0x100
mem[X,0x000000008004B534] -> 0x0113
mem[X,0x000000008004B536] -> 0x0031
[10936] [M]: 0x000000008004B534 (0x00310113) addi sp, sp, 0x3
x2 <- 0x0000000000000003
mem[X,0x000000008004B538] -> 0x006F
mem[X,0x000000008004B53A] -> 0x0040
[10937] [M]: 0x000000008004B538 (0x0040006F) jal zero, 0x4
mem[X,0x000000008004B53C] -> 0xBC23
mem[X,0x000000008004B53E] -> 0x4020
[10938] [M]: 0x000000008004B53C (0x4020BC23) sd sp, 0x418(ra)
mem[0x00000000800505F0] <- 0x0000000000000003
mem[X,0x000000008004B540] -> 0x0513
mem[X,0x000000008004B542] -> 0x0000
[10939] [M]: 0x000000008004B540 (0x00000513) addi a0, zero, 0x0
x10 <- 0x0000000000000000
mem[X,0x000000008004B544] -> 0x65B7
mem[X,0x000000008004B546] -> 0x6666
[10940] [M]: 0x000000008004B544 (0x666665B7) lui a1, 0x66666
x11 <- 0x0000000066666000
mem[X,0x000000008004B548] -> 0x8593
mem[X,0x000000008004B54A] -> 0x6665
[10941] [M]: 0x000000008004B548 (0x66658593) addi a1, a1, 0x666
x11 <- 0x0000000066666666
mem[X,0x000000008004B54C] -> 0x9593
mem[X,0x000000008004B54E] -> 0x00B5
[10942] [M]: 0x000000008004B54C (0x00B59593) slli a1, a1, 0xb
x11 <- 0x0000033333333000
mem[X,0x000000008004B550] -> 0x8593
mem[X,0x000000008004B552] -> 0x3335
[10943] [M]: 0x000000008004B550 (0x33358593) addi a1, a1, 0x333
x11 <- 0x0000033333333333
mem[X,0x000000008004B554] -> 0x9593
mem[X,0x000000008004B556] -> 0x00B5
[10944] [M]: 0x000000008004B554 (0x00B59593) slli a1, a1, 0xb
x11 <- 0x0019999999999800
mem[X,0x000000008004B558] -> 0x8593
mem[X,0x000000008004B55A] -> 0x1995
[10945] [M]: 0x000000008004B558 (0x19958593) addi a1, a1, 0x199
x11 <- 0x0019999999999999
mem[X,0x000000008004B55C] -> 0x9593
mem[X,0x000000008004B55E] -> 0x00A5
[10946] [M]: 0x000000008004B55C (0x00A59593) slli a1, a1, 0xa
x11 <- 0x6666666666666400
mem[X,0x000000008004B560] -> 0x8593
mem[X,0x000000008004B562] -> 0x2675
[10947] [M]: 0x000000008004B560 (0x26758593) addi a1, a1, 0x267
x11 <- 0x6666666666666667
mem[X,0x000000008004B564] -> 0x0113
mem[X,0x000000008004B566] -> 0x0000
[10948] [M]: 0x000000008004B564 (0x00000113) addi sp, zero, 0x0
x2 <- 0x0000000000000000
mem[X,0x000000008004B568] -> 0x006F
mem[X,0x000000008004B56A] -> 0x00C0
[10949] [M]: 0x000000008004B568 (0x00C0006F) jal zero, 0xc
mem[X,0x000000008004B574] -> 0x4063
mem[X,0x000000008004B576] -> 0x20B5
[10950] [M]: 0x000000008004B574 (0x20B54063) blt a0, a1, 0x200
mem[X,0x000000008004B774] -> 0x0113
mem[X,0x000000008004B776] -> 0x0031
[10951] [M]: 0x000000008004B774 (0x00310113) addi sp, sp, 0x3
x2 <- 0x0000000000000003
mem[X,0x000000008004B778] -> 0x006F
mem[X,0x000000008004B77A] -> 0x0040
[10952] [M]: 0x000000008004B778 (0x0040006F) jal zero, 0x4
mem[X,0x000000008004B77C] -> 0xB023
mem[X,0x000000008004B77E] -> 0x4220
[10953] [M]: 0x000000008004B77C (0x4220B023) sd sp, 0x420(ra)
mem[0x00000000800505F8] <- 0x0000000000000003
mem[X,0x000000008004B780] -> 0x0513
mem[X,0x000000008004B782] -> 0x0000
[10954] [M]: 0x000000008004B780 (0x00000513) addi a0, zero, 0x0
x10 <- 0x0000000000000000
mem[X,0x000000008004B784] -> 0x05B7
mem[X,0x000000008004B786] -> 0x0000
[10955] [M]: 0x000000008004B784 (0x000005B7) lui a1, 0x0
x11 <- 0x0000000000000000
mem[X,0x000000008004B788] -> 0x8593
mem[X,0x000000008004B78A] -> 0xFFF5
[10956] [M]: 0x000000008004B788 (0xFFF58593) addi a1, a1, -0x1
x11 <- 0xFFFFFFFFFFFFFFFF
mem[X,0x000000008004B78C] -> 0x9593
mem[X,0x000000008004B78E] -> 0x00B5
[10957] [M]: 0x000000008004B78C (0x00B59593) slli a1, a1, 0xb
x11 <- 0xFFFFFFFFFFFFF800
mem[X,0x000000008004B790] -> 0x8593
mem[X,0x000000008004B792] -> 0x2575
[10958] [M]: 0x000000008004B790 (0x25758593) addi a1, a1, 0x257
x11 <- 0xFFFFFFFFFFFFFA57
mem[X,0x000000008004B794] -> 0x9593
mem[X,0x000000008004B796] -> 0x00B5
[10959] [M]: 0x000000008004B794 (0x00B59593) slli a1, a1, 0xb
x11 <- 0xFFFFFFFFFFD2B800
mem[X,0x000000008004B798] -> 0x8593
mem[X,0x000000008004B79A] -> 0x6C35
[10960] [M]: 0x000000008004B798 (0x6C358593) addi a1, a1, 0x6c3
x11 <- 0xFFFFFFFFFFD2BEC3
mem[X,0x000000008004B79C] -> 0x9593
mem[X,0x000000008004B79E] -> 0x00A5
[10961] [M]: 0x000000008004B79C (0x00A59593) slli a1, a1, 0xa
x11 <- 0xFFFFFFFF4AFB0C00
mem[X,0x000000008004B7A0] -> 0x8593
mem[X,0x000000008004B7A2] -> 0x0CE5
[10962] [M]: 0x000000008004B7A0 (0x0CE58593) addi a1, a1, 0xce
x11 <- 0xFFFFFFFF4AFB0CCE
mem[X,0x000000008004B7A4] -> 0x0113
mem[X,0x000000008004B7A6] -> 0x0000
[10963] [M]: 0x000000008004B7A4 (0x00000113) addi sp, zero, 0x0
x2 <- 0x0000000000000000
mem[X,0x000000008004B7A8] -> 0x006F
mem[X,0x000000008004B7AA] -> 0x00C0
[10964] [M]: 0x000000008004B7A8 (0x00C0006F) jal zero, 0xc
mem[X,0x000000008004B7B4] -> 0x4663
mem[X,0x000000008004B7B6] -> 0x00B5
[10965] [M]: 0x000000008004B7B4 (0x00B54663) blt a0, a1, 0xc
mem[X,0x000000008004B7B8] -> 0x0113
mem[X,0x000000008004B7BA] -> 0x0021
[10966] [M]: 0x000000008004B7B8 (0x00210113) addi sp, sp, 0x2
x2 <- 0x0000000000000002
mem[X,0x000000008004B7BC] -> 0x006F
mem[X,0x000000008004B7BE] -> 0x00C0
[10967] [M]: 0x000000008004B7BC (0x00C0006F) jal zero, 0xc
mem[X,0x000000008004B7C8] -> 0xB423
mem[X,0x000000008004B7CA] -> 0x4220
[10968] [M]: 0x000000008004B7C8 (0x4220B423) sd sp, 0x428(ra)
mem[0x0000000080050600] <- 0x0000000000000002
mem[X,0x000000008004B7CC] -> 0x0513
mem[X,0x000000008004B7CE] -> 0x0000
[10969] [M]: 0x000000008004B7CC (0x00000513) addi a0, zero, 0x0
x10 <- 0x0000000000000000
mem[X,0x000000008004B7D0] -> 0x05B7
mem[X,0x000000008004B7D2] -> 0x0000
[10970] [M]: 0x000000008004B7D0 (0x000005B7) lui a1, 0x0
x11 <- 0x0000000000000000
mem[X,0x000000008004B7D4] -> 0x8593
mem[X,0x000000008004B7D6] -> 0x0005
[10971] [M]: 0x000000008004B7D4 (0x00058593) addi a1, a1, 0x0
x11 <- 0x0000000000000000
mem[X,0x000000008004B7D8] -> 0x9593
mem[X,0x000000008004B7DA] -> 0x00B5
[10972] [M]: 0x000000008004B7D8 (0x00B59593) slli a1, a1, 0xb
x11 <- 0x0000000000000000
mem[X,0x000000008004B7DC] -> 0x8593
mem[X,0x000000008004B7DE] -> 0x5A85
[10973] [M]: 0x000000008004B7DC (0x5A858593) addi a1, a1, 0x5a8
x11 <- 0x00000000000005A8
mem[X,0x000000008004B7E0] -> 0x9593
mem[X,0x000000008004B7E2] -> 0x00B5
[10974] [M]: 0x000000008004B7E0 (0x00B59593) slli a1, a1, 0xb
x11 <- 0x00000000002D4000
mem[X,0x000000008004B7E4] -> 0x8593
mem[X,0x000000008004B7E6] -> 0x13C5
[10975] [M]: 0x000000008004B7E4 (0x13C58593) addi a1, a1, 0x13c
x11 <- 0x00000000002D413C
mem[X,0x000000008004B7E8] -> 0x9593
mem[X,0x000000008004B7EA] -> 0x00A5
[10976] [M]: 0x000000008004B7E8 (0x00A59593) slli a1, a1, 0xa
x11 <- 0x00000000B504F000
mem[X,0x000000008004B7EC] -> 0x8593
mem[X,0x000000008004B7EE] -> 0x3345
[10977] [M]: 0x000000008004B7EC (0x33458593) addi a1, a1, 0x334
x11 <- 0x00000000B504F334
mem[X,0x000000008004B7F0] -> 0x0113
mem[X,0x000000008004B7F2] -> 0x0000
[10978] [M]: 0x000000008004B7F0 (0x00000113) addi sp, zero, 0x0
x2 <- 0x0000000000000000
mem[X,0x000000008004B7F4] -> 0x006F
mem[X,0x000000008004B7F6] -> 0x00C0
[10979] [M]: 0x000000008004B7F4 (0x00C0006F) jal zero, 0xc
mem[X,0x000000008004B800] -> 0x4063
mem[X,0x000000008004B802] -> 0x10B5
[10980] [M]: 0x000000008004B800 (0x10B54063) blt a0, a1, 0x100
mem[X,0x000000008004B900] -> 0x0113
mem[X,0x000000008004B902] -> 0x0031
[10981] [M]: 0x000000008004B900 (0x00310113) addi sp, sp, 0x3
x2 <- 0x0000000000000003
mem[X,0x000000008004B904] -> 0x006F
mem[X,0x000000008004B906] -> 0x0040
[10982] [M]: 0x000000008004B904 (0x0040006F) jal zero, 0x4
mem[X,0x000000008004B908] -> 0xB823
mem[X,0x000000008004B90A] -> 0x4220
[10983] [M]: 0x000000008004B908 (0x4220B823) sd sp, 0x430(ra)
mem[0x0000000080050608] <- 0x0000000000000003
mem[X,0x000000008004B90C] -> 0x0513
mem[X,0x000000008004B90E] -> 0x1000
[10984] [M]: 0x000000008004B90C (0x10000513) addi a0, zero, 0x100
x10 <- 0x0000000000000100
mem[X,0x000000008004B910] -> 0x0593
mem[X,0x000000008004B912] -> 0x0010
[10985] [M]: 0x000000008004B910 (0x00100593) addi a1, zero, 0x1
x11 <- 0x0000000000000001
mem[X,0x000000008004B914] -> 0x9593
mem[X,0x000000008004B916] -> 0x0265
[10986] [M]: 0x000000008004B914 (0x02659593) slli a1, a1, 0x26
x11 <- 0x0000004000000000
mem[X,0x000000008004B918] -> 0xC593
mem[X,0x000000008004B91A] -> 0xFFF5
[10987] [M]: 0x000000008004B918 (0xFFF5C593) xori a1, a1, -0x1
x11 <- 0xFFFFFFBFFFFFFFFF
mem[X,0x000000008004B91C] -> 0x0113
mem[X,0x000000008004B91E] -> 0x0000
[10988] [M]: 0x000000008004B91C (0x00000113) addi sp, zero, 0x0
x2 <- 0x0000000000000000
mem[X,0x000000008004B920] -> 0x006F
mem[X,0x000000008004B922] -> 0x00C0
[10989] [M]: 0x000000008004B920 (0x00C0006F) jal zero, 0xc
mem[X,0x000000008004B92C] -> 0x4063
mem[X,0x000000008004B92E] -> 0x08B5
[10990] [M]: 0x000000008004B92C (0x08B54063) blt a0, a1, 0x80
mem[X,0x000000008004B930] -> 0x0113
mem[X,0x000000008004B932] -> 0x0021
[10991] [M]: 0x000000008004B930 (0x00210113) addi sp, sp, 0x2
x2 <- 0x0000000000000002
mem[X,0x000000008004B934] -> 0x006F
mem[X,0x000000008004B936] -> 0x0800
[10992] [M]: 0x000000008004B934 (0x0800006F) jal zero, 0x80
mem[X,0x000000008004B9B4] -> 0xBC23
mem[X,0x000000008004B9B6] -> 0x4220
[10993] [M]: 0x000000008004B9B4 (0x4220BC23) sd sp, 0x438(ra)
mem[0x0000000080050610] <- 0x0000000000000002
mem[X,0x000000008004B9B8] -> 0x0513
mem[X,0x000000008004B9BA] -> 0x0010
[10994] [M]: 0x000000008004B9B8 (0x00100513) addi a0, zero, 0x1
x10 <- 0x0000000000000001
mem[X,0x000000008004B9BC] -> 0x1513
mem[X,0x000000008004B9BE] -> 0x0225
[10995] [M]: 0x000000008004B9BC (0x02251513) slli a0, a0, 0x22
x10 <- 0x0000000400000000
mem[X,0x000000008004B9C0] -> 0x4513
mem[X,0x000000008004B9C2] -> 0xFFF5
[10996] [M]: 0x000000008004B9C0 (0xFFF54513) xori a0, a0, -0x1
x10 <- 0xFFFFFFFBFFFFFFFF
mem[X,0x000000008004B9C4] -> 0x0593
mem[X,0x000000008004B9C6] -> 0x0010
[10997] [M]: 0x000000008004B9C4 (0x00100593) addi a1, zero, 0x1
x11 <- 0x0000000000000001
mem[X,0x000000008004B9C8] -> 0x9593
mem[X,0x000000008004B9CA] -> 0x0185
[10998] [M]: 0x000000008004B9C8 (0x01859593) slli a1, a1, 0x18
x11 <- 0x0000000001000000
mem[X,0x000000008004B9CC] -> 0x0113
mem[X,0x000000008004B9CE] -> 0x0000
[10999] [M]: 0x000000008004B9CC (0x00000113) addi sp, zero, 0x0
x2 <- 0x0000000000000000
clint::tick mtime <- 0x000000000000006E
 clint timer pending at mtime 0x000000000000006E
htif::tick 0x0000000000000000
mem[X,0x000000008004B9D0] -> 0x006F
mem[X,0x000000008004B9D2] -> 0x0050
[11000] [M]: 0x000000008004B9D0 (0x0050006F) jal zero, 0x804
mem[X,0x000000008004C1D4] -> 0x40E3
mem[X,0x000000008004C1D6] -> 0x80B5
[11001] [M]: 0x000000008004C1D4 (0x80B540E3) blt a0, a1, -0x800
mem[X,0x000000008004B9D4] -> 0x0113
mem[X,0x000000008004B9D6] -> 0x0011
[11002] [M]: 0x000000008004B9D4 (0x00110113) addi sp, sp, 0x1
x2 <- 0x0000000000000001
mem[X,0x000000008004B9D8] -> 0x006F
mem[X,0x000000008004B9DA] -> 0x0110
[11003] [M]: 0x000000008004B9D8 (0x0110006F) jal zero, 0x810
mem[X,0x000000008004C1E8] -> 0xB023
mem[X,0x000000008004C1EA] -> 0x4420
[11004] [M]: 0x000000008004C1E8 (0x4420B023) sd sp, 0x440(ra)
mem[0x0000000080050618] <- 0x0000000000000001
mem[X,0x000000008004C1EC] -> 0x0513
mem[X,0x000000008004C1EE] -> 0x0000
[11005] [M]: 0x000000008004C1EC (0x00000513) addi a0, zero, 0x0
x10 <- 0x0000000000000000
mem[X,0x000000008004C1F0] -> 0x0593
mem[X,0x000000008004C1F2] -> 0x0000
[11006] [M]: 0x000000008004C1F0 (0x00000593) addi a1, zero, 0x0
x11 <- 0x0000000000000000
mem[X,0x000000008004C1F4] -> 0x0113
mem[X,0x000000008004C1F6] -> 0x0000
[11007] [M]: 0x000000008004C1F4 (0x00000113) addi sp, zero, 0x0
x2 <- 0x0000000000000000
mem[X,0x000000008004C1F8] -> 0x006F
mem[X,0x000000008004C1FA] -> 0x0140
[11008] [M]: 0x000000008004C1F8 (0x0140006F) jal zero, 0x14
mem[X,0x000000008004C20C] -> 0x48E3
mem[X,0x000000008004C20E] -> 0xFEB5
[11009] [M]: 0x000000008004C20C (0xFEB548E3) blt a0, a1, -0x10
mem[X,0x000000008004C210] -> 0x0113
mem[X,0x000000008004C212] -> 0x0021
[11010] [M]: 0x000000008004C210 (0x00210113) addi sp, sp, 0x2
x2 <- 0x0000000000000002
mem[X,0x000000008004C214] -> 0x006F
mem[X,0x000000008004C216] -> 0x00C0
[11011] [M]: 0x000000008004C214 (0x00C0006F) jal zero, 0xc
mem[X,0x000000008004C220] -> 0xB423
mem[X,0x000000008004C222] -> 0x4420
[11012] [M]: 0x000000008004C220 (0x4420B423) sd sp, 0x448(ra)
mem[0x0000000080050620] <- 0x0000000000000002
mem[X,0x000000008004C224] -> 0x006F
mem[X,0x000000008004C226] -> 0x0380
[11013] [M]: 0x000000008004C224 (0x0380006F) jal zero, 0x38
mem[X,0x000000008004C25C] -> 0x0093
mem[X,0x000000008004C25E] -> 0x0010
[11014] [M]: 0x000000008004C25C (0x00100093) addi ra, zero, 0x1
x1 <- 0x0000000000000001
mem[X,0x000000008004C260] -> 0x1F17
mem[X,0x000000008004C262] -> 0x0000
[11015] [M]: 0x000000008004C260 (0x00001F17) auipc t5, 0x1
x30 <- 0x000000008004D260
mem[X,0x000000008004C264] -> 0x2023
mem[X,0x000000008004C266] -> 0xDA1F
[11016] [M]: 0x000000008004C264 (0xDA1F2023) sw ra, -0x260(t5)
htif[0x000000008004D000] <- 0x00000001
mem[X,0x000000008004C268] -> 0xF06F
mem[X,0x000000008004C26A] -> 0xFF9F
[11017] [M]: 0x000000008004C268 (0xFF9FF06F) jal zero, -0x8
mem[X,0x000000008004C260] -> 0x1F17
mem[X,0x000000008004C262] -> 0x0000
[11018] [M]: 0x000000008004C260 (0x00001F17) auipc t5, 0x1
x30 <- 0x000000008004D260
mem[X,0x000000008004C264] -> 0x2023
mem[X,0x000000008004C266] -> 0xDA1F
[11019] [M]: 0x000000008004C264 (0xDA1F2023) sw ra, -0x260(t5)
htif[0x000000008004D000] <- 0x00000001
mem[X,0x000000008004C268] -> 0xF06F
mem[X,0x000000008004C26A] -> 0xFF9F
[11020] [M]: 0x000000008004C268 (0xFF9FF06F) jal zero, -0x8
mem[X,0x000000008004C260] -> 0x1F17
mem[X,0x000000008004C262] -> 0x0000
[11021] [M]: 0x000000008004C260 (0x00001F17) auipc t5, 0x1
x30 <- 0x000000008004D260
mem[X,0x000000008004C264] -> 0x2023
mem[X,0x000000008004C266] -> 0xDA1F
[11022] [M]: 0x000000008004C264 (0xDA1F2023) sw ra, -0x260(t5)
htif[0x000000008004D000] <- 0x00000001
htif-syscall-proxy cmd: 0x000000000001
SUCCESS
