using /home/mamir/tempo/riscof/riscof_work/rv64i_m/I/src/sraw-01.S/ref/Reference-sail_c_simulator.signature for test-signature output.
tohost located at 0x80002000
Running file ref.elf.
ELF Entry @ 0x80000000
begin_signature: 0x80004110
end_signature: 0x800045f0
CSR mstatus <- 0x0000000A00000000 (input: 0x0000000000000000)
mem[X,0x0000000000001000] -> 0x0297
mem[X,0x0000000000001002] -> 0x0000
[0] [M]: 0x0000000000001000 (0x00000297) auipc t0, 0x0
x5 <- 0x0000000000001000
mem[X,0x0000000000001004] -> 0x8593
mem[X,0x0000000000001006] -> 0x0202
[1] [M]: 0x0000000000001004 (0x02028593) addi a1, t0, 0x20
x11 <- 0x0000000000001020
mem[X,0x0000000000001008] -> 0x2573
mem[X,0x000000000000100A] -> 0xF140
[2] [M]: 0x0000000000001008 (0xF1402573) csrrs a0, mhartid, zero
CSR mhartid -> 0x0000000000000000
x10 <- 0x0000000000000000
mem[X,0x000000000000100C] -> 0xB283
mem[X,0x000000000000100E] -> 0x0182
[3] [M]: 0x000000000000100C (0x0182B283) ld t0, 0x18(t0)
mem[R,0x0000000000001018] -> 0x0000000080000000
x5 <- 0x0000000080000000
mem[X,0x0000000000001010] -> 0x8067
mem[X,0x0000000000001012] -> 0x0002
[4] [M]: 0x0000000000001010 (0x00028067) jalr zero, 0x0(t0)
mem[X,0x0000000080000000] -> 0x0837
mem[X,0x0000000080000002] -> 0x7D5C
[5] [M]: 0x0000000080000000 (0x7D5C0837) lui a6, 0x7d5c0
x16 <- 0x000000007D5C0000
mem[X,0x0000000080000004] -> 0x0813
mem[X,0x0000000080000006] -> 0xDDB8
[6] [M]: 0x0000000080000004 (0xDDB80813) addi a6, a6, -0x225
x16 <- 0x000000007D5BFDDB
mem[X,0x0000000080000008] -> 0x1813
mem[X,0x000000008000000A] -> 0x00B8
[7] [M]: 0x0000000080000008 (0x00B81813) slli a6, a6, 0xb
x16 <- 0x000003EADFEED800
mem[X,0x000000008000000C] -> 0x0813
mem[X,0x000000008000000E] -> 0x3EA8
[8] [M]: 0x000000008000000C (0x3EA80813) addi a6, a6, 0x3ea
x16 <- 0x000003EADFEEDBEA
mem[X,0x0000000080000010] -> 0x1813
mem[X,0x0000000080000012] -> 0x00B8
[9] [M]: 0x0000000080000010 (0x00B81813) slli a6, a6, 0xb
x16 <- 0x001F56FF76DF5000
mem[X,0x0000000080000014] -> 0x0813
mem[X,0x0000000080000016] -> 0x6FF8
[10] [M]: 0x0000000080000014 (0x6FF80813) addi a6, a6, 0x6ff
x16 <- 0x001F56FF76DF56FF
mem[X,0x0000000080000018] -> 0x1813
mem[X,0x000000008000001A] -> 0x00A8
[11] [M]: 0x0000000080000018 (0x00A81813) slli a6, a6, 0xa
x16 <- 0x7D5BFDDB7D5BFC00
mem[X,0x000000008000001C] -> 0x0813
mem[X,0x000000008000001E] -> 0x1DB8
[12] [M]: 0x000000008000001C (0x1DB80813) addi a6, a6, 0x1db
x16 <- 0x7D5BFDDB7D5BFDDB
mem[X,0x0000000080000020] -> 0x5893
mem[X,0x0000000080000022] -> 0x0078
[13] [M]: 0x0000000080000020 (0x00785893) srli a7, a6, 0x7
x17 <- 0x00FAB7FBB6FAB7FB
mem[X,0x0000000080000024] -> 0x5793
mem[X,0x0000000080000026] -> 0x0398
[14] [M]: 0x0000000080000024 (0x03985793) srli a5, a6, 0x39
x15 <- 0x000000000000003E
mem[X,0x0000000080000028] -> 0xE8B3
mem[X,0x000000008000002A] -> 0x00F8
[15] [M]: 0x0000000080000028 (0x00F8E8B3) or a7, a7, a5
x17 <- 0x00FAB7FBB6FAB7FF
mem[X,0x000000008000002C] -> 0xD913
mem[X,0x000000008000002E] -> 0x0078
[16] [M]: 0x000000008000002C (0x0078D913) srli s2, a7, 0x7
x18 <- 0x0001F56FF76DF56F
mem[X,0x0000000080000030] -> 0xD793
mem[X,0x0000000080000032] -> 0x0398
[17] [M]: 0x0000000080000030 (0x0398D793) srli a5, a7, 0x39
x15 <- 0x0000000000000000
mem[X,0x0000000080000034] -> 0x6933
mem[X,0x0000000080000036] -> 0x00F9
[18] [M]: 0x0000000080000034 (0x00F96933) or s2, s2, a5
x18 <- 0x0001F56FF76DF56F
mem[X,0x0000000080000038] -> 0x5993
mem[X,0x000000008000003A] -> 0x0079
[19] [M]: 0x0000000080000038 (0x00795993) srli s3, s2, 0x7
x19 <- 0x000003EADFEEDBEA
mem[X,0x000000008000003C] -> 0x5793
mem[X,0x000000008000003E] -> 0x0399
[20] [M]: 0x000000008000003C (0x03995793) srli a5, s2, 0x39
x15 <- 0x0000000000000000
mem[X,0x0000000080000040] -> 0xE9B3
mem[X,0x0000000080000042] -> 0x00F9
[21] [M]: 0x0000000080000040 (0x00F9E9B3) or s3, s3, a5
x19 <- 0x000003EADFEEDBEA
mem[X,0x0000000080000044] -> 0xDA13
mem[X,0x0000000080000046] -> 0x0079
[22] [M]: 0x0000000080000044 (0x0079DA13) srli s4, s3, 0x7
x20 <- 0x00000007D5BFDDB7
mem[X,0x0000000080000048] -> 0xD793
mem[X,0x000000008000004A] -> 0x0399
[23] [M]: 0x0000000080000048 (0x0399D793) srli a5, s3, 0x39
x15 <- 0x0000000000000000
mem[X,0x000000008000004C] -> 0x6A33
mem[X,0x000000008000004E] -> 0x00FA
[24] [M]: 0x000000008000004C (0x00FA6A33) or s4, s4, a5
x20 <- 0x00000007D5BFDDB7
mem[X,0x0000000080000050] -> 0x5A93
mem[X,0x0000000080000052] -> 0x007A
[25] [M]: 0x0000000080000050 (0x007A5A93) srli s5, s4, 0x7
x21 <- 0x000000000FAB7FBB
mem[X,0x0000000080000054] -> 0x5793
mem[X,0x0000000080000056] -> 0x039A
[26] [M]: 0x0000000080000054 (0x039A5793) srli a5, s4, 0x39
x15 <- 0x0000000000000000
mem[X,0x0000000080000058] -> 0xEAB3
mem[X,0x000000008000005A] -> 0x00FA
[27] [M]: 0x0000000080000058 (0x00FAEAB3) or s5, s5, a5
x21 <- 0x000000000FAB7FBB
mem[X,0x000000008000005C] -> 0xDB13
mem[X,0x000000008000005E] -> 0x007A
[28] [M]: 0x000000008000005C (0x007ADB13) srli s6, s5, 0x7
x22 <- 0x00000000001F56FF
mem[X,0x0000000080000060] -> 0xD793
mem[X,0x0000000080000062] -> 0x039A
[29] [M]: 0x0000000080000060 (0x039AD793) srli a5, s5, 0x39
x15 <- 0x0000000000000000
mem[X,0x0000000080000064] -> 0x6B33
mem[X,0x0000000080000066] -> 0x00FB
[30] [M]: 0x0000000080000064 (0x00FB6B33) or s6, s6, a5
x22 <- 0x00000000001F56FF
mem[X,0x0000000080000068] -> 0x5B93
mem[X,0x000000008000006A] -> 0x007B
[31] [M]: 0x0000000080000068 (0x007B5B93) srli s7, s6, 0x7
x23 <- 0x0000000000003EAD
mem[X,0x000000008000006C] -> 0x5793
mem[X,0x000000008000006E] -> 0x039B
[32] [M]: 0x000000008000006C (0x039B5793) srli a5, s6, 0x39
x15 <- 0x0000000000000000
mem[X,0x0000000080000070] -> 0xEBB3
mem[X,0x0000000080000072] -> 0x00FB
[33] [M]: 0x0000000080000070 (0x00FBEBB3) or s7, s7, a5
x23 <- 0x0000000000003EAD
mem[X,0x0000000080000074] -> 0xDC13
mem[X,0x0000000080000076] -> 0x007B
[34] [M]: 0x0000000080000074 (0x007BDC13) srli s8, s7, 0x7
x24 <- 0x000000000000007D
mem[X,0x0000000080000078] -> 0xD793
mem[X,0x000000008000007A] -> 0x039B
[35] [M]: 0x0000000080000078 (0x039BD793) srli a5, s7, 0x39
x15 <- 0x0000000000000000
mem[X,0x000000008000007C] -> 0x6C33
mem[X,0x000000008000007E] -> 0x00FC
[36] [M]: 0x000000008000007C (0x00FC6C33) or s8, s8, a5
x24 <- 0x000000000000007D
mem[X,0x0000000080000080] -> 0x5C93
mem[X,0x0000000080000082] -> 0x007C
[37] [M]: 0x0000000080000080 (0x007C5C93) srli s9, s8, 0x7
x25 <- 0x0000000000000000
mem[X,0x0000000080000084] -> 0x5793
mem[X,0x0000000080000086] -> 0x039C
[38] [M]: 0x0000000080000084 (0x039C5793) srli a5, s8, 0x39
x15 <- 0x0000000000000000
mem[X,0x0000000080000088] -> 0xECB3
mem[X,0x000000008000008A] -> 0x00FC
[39] [M]: 0x0000000080000088 (0x00FCECB3) or s9, s9, a5
x25 <- 0x0000000000000000
mem[X,0x000000008000008C] -> 0xDD13
mem[X,0x000000008000008E] -> 0x007C
[40] [M]: 0x000000008000008C (0x007CDD13) srli s10, s9, 0x7
x26 <- 0x0000000000000000
mem[X,0x0000000080000090] -> 0xD793
mem[X,0x0000000080000092] -> 0x039C
[41] [M]: 0x0000000080000090 (0x039CD793) srli a5, s9, 0x39
x15 <- 0x0000000000000000
mem[X,0x0000000080000094] -> 0x6D33
mem[X,0x0000000080000096] -> 0x00FD
[42] [M]: 0x0000000080000094 (0x00FD6D33) or s10, s10, a5
x26 <- 0x0000000000000000
mem[X,0x0000000080000098] -> 0x5D93
mem[X,0x000000008000009A] -> 0x007D
[43] [M]: 0x0000000080000098 (0x007D5D93) srli s11, s10, 0x7
x27 <- 0x0000000000000000
mem[X,0x000000008000009C] -> 0x5793
mem[X,0x000000008000009E] -> 0x039D
[44] [M]: 0x000000008000009C (0x039D5793) srli a5, s10, 0x39
x15 <- 0x0000000000000000
mem[X,0x00000000800000A0] -> 0xEDB3
mem[X,0x00000000800000A2] -> 0x00FD
[45] [M]: 0x00000000800000A0 (0x00FDEDB3) or s11, s11, a5
x27 <- 0x0000000000000000
mem[X,0x00000000800000A4] -> 0xDE13
mem[X,0x00000000800000A6] -> 0x007D
[46] [M]: 0x00000000800000A4 (0x007DDE13) srli t3, s11, 0x7
x28 <- 0x0000000000000000
mem[X,0x00000000800000A8] -> 0xD793
mem[X,0x00000000800000AA] -> 0x039D
[47] [M]: 0x00000000800000A8 (0x039DD793) srli a5, s11, 0x39
x15 <- 0x0000000000000000
mem[X,0x00000000800000AC] -> 0x6E33
mem[X,0x00000000800000AE] -> 0x00FE
[48] [M]: 0x00000000800000AC (0x00FE6E33) or t3, t3, a5
x28 <- 0x0000000000000000
mem[X,0x00000000800000B0] -> 0x5E93
mem[X,0x00000000800000B2] -> 0x007E
[49] [M]: 0x00000000800000B0 (0x007E5E93) srli t4, t3, 0x7
x29 <- 0x0000000000000000
mem[X,0x00000000800000B4] -> 0x5793
mem[X,0x00000000800000B6] -> 0x039E
[50] [M]: 0x00000000800000B4 (0x039E5793) srli a5, t3, 0x39
x15 <- 0x0000000000000000
mem[X,0x00000000800000B8] -> 0xEEB3
mem[X,0x00000000800000BA] -> 0x00FE
[51] [M]: 0x00000000800000B8 (0x00FEEEB3) or t4, t4, a5
x29 <- 0x0000000000000000
mem[X,0x00000000800000BC] -> 0xDF13
mem[X,0x00000000800000BE] -> 0x007E
[52] [M]: 0x00000000800000BC (0x007EDF13) srli t5, t4, 0x7
x30 <- 0x0000000000000000
mem[X,0x00000000800000C0] -> 0xD793
mem[X,0x00000000800000C2] -> 0x039E
[53] [M]: 0x00000000800000C0 (0x039ED793) srli a5, t4, 0x39
x15 <- 0x0000000000000000
mem[X,0x00000000800000C4] -> 0x6F33
mem[X,0x00000000800000C6] -> 0x00FF
[54] [M]: 0x00000000800000C4 (0x00FF6F33) or t5, t5, a5
x30 <- 0x0000000000000000
mem[X,0x00000000800000C8] -> 0xC0B7
mem[X,0x00000000800000CA] -> 0xFEED
[55] [M]: 0x00000000800000C8 (0xFEEDC0B7) lui ra, -0x1124
x1 <- 0xFFFFFFFFFEEDC000
mem[X,0x00000000800000CC] -> 0x8093
mem[X,0x00000000800000CE] -> 0xEAD0
[56] [M]: 0x00000000800000CC (0xEAD08093) addi ra, ra, -0x153
x1 <- 0xFFFFFFFFFEEDBEAD
mem[X,0x00000000800000D0] -> 0x9093
mem[X,0x00000000800000D2] -> 0x00B0
[57] [M]: 0x00000000800000D0 (0x00B09093) slli ra, ra, 0xb
x1 <- 0xFFFFFFF76DF56800
mem[X,0x00000000800000D4] -> 0x8093
mem[X,0x00000000800000D6] -> 0x7F70
[58] [M]: 0x00000000800000D4 (0x7F708093) addi ra, ra, 0x7f7
x1 <- 0xFFFFFFF76DF56FF7
mem[X,0x00000000800000D8] -> 0x9093
mem[X,0x00000000800000DA] -> 0x00B0
[59] [M]: 0x00000000800000D8 (0x00B09093) slli ra, ra, 0xb
x1 <- 0xFFFFBB6FAB7FB800
mem[X,0x00000000800000DC] -> 0x8093
mem[X,0x00000000800000DE] -> 0x36F0
[60] [M]: 0x00000000800000DC (0x36F08093) addi ra, ra, 0x36f
x1 <- 0xFFFFBB6FAB7FBB6F
mem[X,0x00000000800000E0] -> 0x9093
mem[X,0x00000000800000E2] -> 0x00A0
[61] [M]: 0x00000000800000E0 (0x00A09093) slli ra, ra, 0xa
x1 <- 0xFEEDBEADFEEDBC00
mem[X,0x00000000800000E4] -> 0x8093
mem[X,0x00000000800000E6] -> 0x2AD0
[62] [M]: 0x00000000800000E4 (0x2AD08093) addi ra, ra, 0x2ad
x1 <- 0xFEEDBEADFEEDBEAD
mem[X,0x00000000800000E8] -> 0xD113
mem[X,0x00000000800000EA] -> 0x0070
[63] [M]: 0x00000000800000E8 (0x0070D113) srli sp, ra, 0x7
x2 <- 0x01FDDB7D5BFDDB7D
mem[X,0x00000000800000EC] -> 0xD793
mem[X,0x00000000800000EE] -> 0x0390
[64] [M]: 0x00000000800000EC (0x0390D793) srli a5, ra, 0x39
x15 <- 0x000000000000007F
mem[X,0x00000000800000F0] -> 0x6133
mem[X,0x00000000800000F2] -> 0x00F1
[65] [M]: 0x00000000800000F0 (0x00F16133) or sp, sp, a5
x2 <- 0x01FDDB7D5BFDDB7F
mem[X,0x00000000800000F4] -> 0x5193
mem[X,0x00000000800000F6] -> 0x0071
[66] [M]: 0x00000000800000F4 (0x00715193) srli gp, sp, 0x7
x3 <- 0x0003FBB6FAB7FBB6
mem[X,0x00000000800000F8] -> 0x5793
mem[X,0x00000000800000FA] -> 0x0391
[67] [M]: 0x00000000800000F8 (0x03915793) srli a5, sp, 0x39
x15 <- 0x0000000000000000
mem[X,0x00000000800000FC] -> 0xE1B3
mem[X,0x00000000800000FE] -> 0x00F1
[68] [M]: 0x00000000800000FC (0x00F1E1B3) or gp, gp, a5
x3 <- 0x0003FBB6FAB7FBB6
mem[X,0x0000000080000100] -> 0xD213
mem[X,0x0000000080000102] -> 0x0071
[69] [M]: 0x0000000080000100 (0x0071D213) srli tp, gp, 0x7
x4 <- 0x000007F76DF56FF7
mem[X,0x0000000080000104] -> 0xD793
mem[X,0x0000000080000106] -> 0x0391
[70] [M]: 0x0000000080000104 (0x0391D793) srli a5, gp, 0x39
x15 <- 0x0000000000000000
mem[X,0x0000000080000108] -> 0x6233
mem[X,0x000000008000010A] -> 0x00F2
[71] [M]: 0x0000000080000108 (0x00F26233) or tp, tp, a5
x4 <- 0x000007F76DF56FF7
mem[X,0x000000008000010C] -> 0x5293
mem[X,0x000000008000010E] -> 0x0072
[72] [M]: 0x000000008000010C (0x00725293) srli t0, tp, 0x7
x5 <- 0x0000000FEEDBEADF
mem[X,0x0000000080000110] -> 0x5793
mem[X,0x0000000080000112] -> 0x0392
[73] [M]: 0x0000000080000110 (0x03925793) srli a5, tp, 0x39
x15 <- 0x0000000000000000
mem[X,0x0000000080000114] -> 0xE2B3
mem[X,0x0000000080000116] -> 0x00F2
[74] [M]: 0x0000000080000114 (0x00F2E2B3) or t0, t0, a5
x5 <- 0x0000000FEEDBEADF
mem[X,0x0000000080000118] -> 0xD313
mem[X,0x000000008000011A] -> 0x0072
[75] [M]: 0x0000000080000118 (0x0072D313) srli t1, t0, 0x7
x6 <- 0x000000001FDDB7D5
mem[X,0x000000008000011C] -> 0xD793
mem[X,0x000000008000011E] -> 0x0392
[76] [M]: 0x000000008000011C (0x0392D793) srli a5, t0, 0x39
x15 <- 0x0000000000000000
mem[X,0x0000000080000120] -> 0x6333
mem[X,0x0000000080000122] -> 0x00F3
[77] [M]: 0x0000000080000120 (0x00F36333) or t1, t1, a5
x6 <- 0x000000001FDDB7D5
mem[X,0x0000000080000124] -> 0x5393
mem[X,0x0000000080000126] -> 0x0073
[78] [M]: 0x0000000080000124 (0x00735393) srli t2, t1, 0x7
x7 <- 0x00000000003FBB6F
mem[X,0x0000000080000128] -> 0x5793
mem[X,0x000000008000012A] -> 0x0393
[79] [M]: 0x0000000080000128 (0x03935793) srli a5, t1, 0x39
x15 <- 0x0000000000000000
mem[X,0x000000008000012C] -> 0xE3B3
mem[X,0x000000008000012E] -> 0x00F3
[80] [M]: 0x000000008000012C (0x00F3E3B3) or t2, t2, a5
x7 <- 0x00000000003FBB6F
mem[X,0x0000000080000130] -> 0xD413
mem[X,0x0000000080000132] -> 0x0073
[81] [M]: 0x0000000080000130 (0x0073D413) srli fp, t2, 0x7
x8 <- 0x0000000000007F76
mem[X,0x0000000080000134] -> 0xD793
mem[X,0x0000000080000136] -> 0x0393
[82] [M]: 0x0000000080000134 (0x0393D793) srli a5, t2, 0x39
x15 <- 0x0000000000000000
mem[X,0x0000000080000138] -> 0x6433
mem[X,0x000000008000013A] -> 0x00F4
[83] [M]: 0x0000000080000138 (0x00F46433) or fp, fp, a5
x8 <- 0x0000000000007F76
mem[X,0x000000008000013C] -> 0x5493
mem[X,0x000000008000013E] -> 0x0074
[84] [M]: 0x000000008000013C (0x00745493) srli s1, fp, 0x7
x9 <- 0x00000000000000FE
mem[X,0x0000000080000140] -> 0x5793
mem[X,0x0000000080000142] -> 0x0394
[85] [M]: 0x0000000080000140 (0x03945793) srli a5, fp, 0x39
x15 <- 0x0000000000000000
mem[X,0x0000000080000144] -> 0xE4B3
mem[X,0x0000000080000146] -> 0x00F4
[86] [M]: 0x0000000080000144 (0x00F4E4B3) or s1, s1, a5
x9 <- 0x00000000000000FE
mem[X,0x0000000080000148] -> 0xD513
mem[X,0x000000008000014A] -> 0x0074
[87] [M]: 0x0000000080000148 (0x0074D513) srli a0, s1, 0x7
x10 <- 0x0000000000000001
mem[X,0x000000008000014C] -> 0xD793
mem[X,0x000000008000014E] -> 0x0394
[88] [M]: 0x000000008000014C (0x0394D793) srli a5, s1, 0x39
x15 <- 0x0000000000000000
mem[X,0x0000000080000150] -> 0x6533
mem[X,0x0000000080000152] -> 0x00F5
[89] [M]: 0x0000000080000150 (0x00F56533) or a0, a0, a5
x10 <- 0x0000000000000001
mem[X,0x0000000080000154] -> 0x5593
mem[X,0x0000000080000156] -> 0x0075
[90] [M]: 0x0000000080000154 (0x00755593) srli a1, a0, 0x7
x11 <- 0x0000000000000000
mem[X,0x0000000080000158] -> 0x5793
mem[X,0x000000008000015A] -> 0x0395
[91] [M]: 0x0000000080000158 (0x03955793) srli a5, a0, 0x39
x15 <- 0x0000000000000000
mem[X,0x000000008000015C] -> 0xE5B3
mem[X,0x000000008000015E] -> 0x00F5
[92] [M]: 0x000000008000015C (0x00F5E5B3) or a1, a1, a5
x11 <- 0x0000000000000000
mem[X,0x0000000080000160] -> 0xD613
mem[X,0x0000000080000162] -> 0x0075
[93] [M]: 0x0000000080000160 (0x0075D613) srli a2, a1, 0x7
x12 <- 0x0000000000000000
mem[X,0x0000000080000164] -> 0xD793
mem[X,0x0000000080000166] -> 0x0395
[94] [M]: 0x0000000080000164 (0x0395D793) srli a5, a1, 0x39
x15 <- 0x0000000000000000
mem[X,0x0000000080000168] -> 0x6633
mem[X,0x000000008000016A] -> 0x00F6
[95] [M]: 0x0000000080000168 (0x00F66633) or a2, a2, a5
x12 <- 0x0000000000000000
mem[X,0x000000008000016C] -> 0x5693
mem[X,0x000000008000016E] -> 0x0076
[96] [M]: 0x000000008000016C (0x00765693) srli a3, a2, 0x7
x13 <- 0x0000000000000000
mem[X,0x0000000080000170] -> 0x5793
mem[X,0x0000000080000172] -> 0x0396
[97] [M]: 0x0000000080000170 (0x03965793) srli a5, a2, 0x39
x15 <- 0x0000000000000000
mem[X,0x0000000080000174] -> 0xE6B3
mem[X,0x0000000080000176] -> 0x00F6
[98] [M]: 0x0000000080000174 (0x00F6E6B3) or a3, a3, a5
x13 <- 0x0000000000000000
mem[X,0x0000000080000178] -> 0x0013
mem[X,0x000000008000017A] -> 0x0000
[99] [M]: 0x0000000080000178 (0x00000013) addi zero, zero, 0x0
clint::tick mtime <- 0x0000000000000001
 clint timer pending at mtime 0x0000000000000001
htif::tick 0x0000000000000000
mem[X,0x000000008000017C] -> 0x0013
mem[X,0x000000008000017E] -> 0x0000
[100] [M]: 0x000000008000017C (0x00000013) addi zero, zero, 0x0
mem[X,0x0000000080000180] -> 0x4197
mem[X,0x0000000080000182] -> 0x0000
[101] [M]: 0x0000000080000180 (0x00004197) auipc gp, 0x4
x3 <- 0x0000000080004180
mem[X,0x0000000080000184] -> 0x8193
mem[X,0x0000000080000186] -> 0xF981
[102] [M]: 0x0000000080000184 (0xF9818193) addi gp, gp, -0x68
x3 <- 0x0000000080004118
mem[X,0x0000000080000188] -> 0x0013
mem[X,0x000000008000018A] -> 0x0000
[103] [M]: 0x0000000080000188 (0x00000013) addi zero, zero, 0x0
mem[X,0x000000008000018C] -> 0x0013
mem[X,0x000000008000018E] -> 0x0000
[104] [M]: 0x000000008000018C (0x00000013) addi zero, zero, 0x0
mem[X,0x0000000080000190] -> 0x0013
mem[X,0x0000000080000192] -> 0x0000
[105] [M]: 0x0000000080000190 (0x00000013) addi zero, zero, 0x0
mem[X,0x0000000080000194] -> 0x0013
mem[X,0x0000000080000196] -> 0x0000
[106] [M]: 0x0000000080000194 (0x00000013) addi zero, zero, 0x0
mem[X,0x0000000080000198] -> 0x0013
mem[X,0x000000008000019A] -> 0x0000
[107] [M]: 0x0000000080000198 (0x00000013) addi zero, zero, 0x0
mem[X,0x000000008000019C] -> 0x0013
mem[X,0x000000008000019E] -> 0x0000
[108] [M]: 0x000000008000019C (0x00000013) addi zero, zero, 0x0
mem[X,0x00000000800001A0] -> 0x0693
mem[X,0x00000000800001A2] -> 0xEFF0
[109] [M]: 0x00000000800001A0 (0xEFF00693) addi a3, zero, -0x101
x13 <- 0xFFFFFFFFFFFFFEFF
mem[X,0x00000000800001A4] -> 0x0693
mem[X,0x00000000800001A6] -> 0xEFF0
[110] [M]: 0x00000000800001A4 (0xEFF00693) addi a3, zero, -0x101
x13 <- 0xFFFFFFFFFFFFFEFF
mem[X,0x00000000800001A8] -> 0xD13B
mem[X,0x00000000800001AA] -> 0x40D6
[111] [M]: 0x00000000800001A8 (0x40D6D13B) sraw sp, a3, a3
x2 <- 0xFFFFFFFFFFFFFFFF
mem[X,0x00000000800001AC] -> 0xB023
mem[X,0x00000000800001AE] -> 0x0021
[112] [M]: 0x00000000800001AC (0x0021B023) sd sp, 0x0(gp)
mem[0x0000000080004118] <- 0xFFFFFFFFFFFFFFFF
mem[X,0x00000000800001B0] -> 0x0293
mem[X,0x00000000800001B2] -> 0x0010
[113] [M]: 0x00000000800001B0 (0x00100293) addi t0, zero, 0x1
x5 <- 0x0000000000000001
mem[X,0x00000000800001B4] -> 0x9293
mem[X,0x00000000800001B6] -> 0x00C2
[114] [M]: 0x00000000800001B4 (0x00C29293) slli t0, t0, 0xc
x5 <- 0x0000000000001000
mem[X,0x00000000800001B8] -> 0x0793
mem[X,0x00000000800001BA] -> 0x01F0
[115] [M]: 0x00000000800001B8 (0x01F00793) addi a5, zero, 0x1f
x15 <- 0x000000000000001F
mem[X,0x00000000800001BC] -> 0xD7BB
mem[X,0x00000000800001BE] -> 0x40F2
[116] [M]: 0x00000000800001BC (0x40F2D7BB) sraw a5, t0, a5
x15 <- 0x0000000000000000
mem[X,0x00000000800001C0] -> 0xB423
mem[X,0x00000000800001C2] -> 0x00F1
[117] [M]: 0x00000000800001C0 (0x00F1B423) sd a5, 0x8(gp)
mem[0x0000000080004120] <- 0x0000000000000000
mem[X,0x00000000800001C4] -> 0x0313
mem[X,0x00000000800001C6] -> 0x0010
[118] [M]: 0x00000000800001C4 (0x00100313) addi t1, zero, 0x1
x6 <- 0x0000000000000001
mem[X,0x00000000800001C8] -> 0x1313
mem[X,0x00000000800001CA] -> 0x0113
[119] [M]: 0x00000000800001C8 (0x01131313) slli t1, t1, 0x11
x6 <- 0x0000000000020000
mem[X,0x00000000800001CC] -> 0x4313
mem[X,0x00000000800001CE] -> 0xFFF3
[120] [M]: 0x00000000800001CC (0xFFF34313) xori t1, t1, -0x1
x6 <- 0xFFFFFFFFFFFDFFFF
mem[X,0x00000000800001D0] -> 0x0313
mem[X,0x00000000800001D2] -> 0x0010
[121] [M]: 0x00000000800001D0 (0x00100313) addi t1, zero, 0x1
x6 <- 0x0000000000000001
mem[X,0x00000000800001D4] -> 0x1313
mem[X,0x00000000800001D6] -> 0x0113
[122] [M]: 0x00000000800001D4 (0x01131313) slli t1, t1, 0x11
x6 <- 0x0000000000020000
mem[X,0x00000000800001D8] -> 0x4313
mem[X,0x00000000800001DA] -> 0xFFF3
[123] [M]: 0x00000000800001D8 (0xFFF34313) xori t1, t1, -0x1
x6 <- 0xFFFFFFFFFFFDFFFF
mem[X,0x00000000800001DC] -> 0x533B
mem[X,0x00000000800001DE] -> 0x4063
[124] [M]: 0x00000000800001DC (0x4063533B) sraw t1, t1, t1
x6 <- 0xFFFFFFFFFFFFFFFF
mem[X,0x00000000800001E0] -> 0xB823
mem[X,0x00000000800001E2] -> 0x0061
[125] [M]: 0x00000000800001E0 (0x0061B823) sd t1, 0x10(gp)
mem[0x0000000080004128] <- 0xFFFFFFFFFFFFFFFF
mem[X,0x00000000800001E4] -> 0x0C93
mem[X,0x00000000800001E6] -> 0x0010
[126] [M]: 0x00000000800001E4 (0x00100C93) addi s9, zero, 0x1
x25 <- 0x0000000000000001
mem[X,0x00000000800001E8] -> 0x9C93
mem[X,0x00000000800001EA] -> 0x013C
[127] [M]: 0x00000000800001E8 (0x013C9C93) slli s9, s9, 0x13
x25 <- 0x0000000000080000
mem[X,0x00000000800001EC] -> 0x0D13
mem[X,0x00000000800001EE] -> 0x0000
[128] [M]: 0x00000000800001EC (0x00000D13) addi s10, zero, 0x0
x26 <- 0x0000000000000000
mem[X,0x00000000800001F0] -> 0xD6BB
mem[X,0x00000000800001F2] -> 0x41AC
[129] [M]: 0x00000000800001F0 (0x41ACD6BB) sraw a3, s9, s10
x13 <- 0x0000000000080000
mem[X,0x00000000800001F4] -> 0xBC23
mem[X,0x00000000800001F6] -> 0x00D1
[130] [M]: 0x00000000800001F4 (0x00D1BC23) sd a3, 0x18(gp)
mem[0x0000000080004130] <- 0x0000000000080000
mem[X,0x00000000800001F8] -> 0x0B93
mem[X,0x00000000800001FA] -> 0x0090
[131] [M]: 0x00000000800001F8 (0x00900B93) addi s7, zero, 0x9
x23 <- 0x0000000000000009
mem[X,0x00000000800001FC] -> 0x0593
mem[X,0x00000000800001FE] -> 0x0090
[132] [M]: 0x00000000800001FC (0x00900593) addi a1, zero, 0x9
x11 <- 0x0000000000000009
mem[X,0x0000000080000200] -> 0xDBBB
mem[X,0x0000000080000202] -> 0x40BB
[133] [M]: 0x0000000080000200 (0x40BBDBBB) sraw s7, s7, a1
x23 <- 0x0000000000000000
mem[X,0x0000000080000204] -> 0xB023
mem[X,0x0000000080000206] -> 0x0371
[134] [M]: 0x0000000080000204 (0x0371B023) sd s7, 0x20(gp)
mem[0x0000000080004138] <- 0x0000000000000000
mem[X,0x0000000080000208] -> 0x0493
mem[X,0x000000008000020A] -> 0xFFF0
[135] [M]: 0x0000000080000208 (0xFFF00493) addi s1, zero, -0x1
x9 <- 0xFFFFFFFFFFFFFFFF
mem[X,0x000000008000020C] -> 0x9493
mem[X,0x000000008000020E] -> 0x03F4
[136] [M]: 0x000000008000020C (0x03F49493) slli s1, s1, 0x3f
x9 <- 0x8000000000000000
mem[X,0x0000000080000210] -> 0x0913
mem[X,0x0000000080000212] -> 0x00E0
[137] [M]: 0x0000000080000210 (0x00E00913) addi s2, zero, 0xe
x18 <- 0x000000000000000E
mem[X,0x0000000080000214] -> 0xD03B
mem[X,0x0000000080000216] -> 0x4124
[138] [M]: 0x0000000080000214 (0x4124D03B) sraw zero, s1, s2
mem[X,0x0000000080000218] -> 0xB423
mem[X,0x000000008000021A] -> 0x0201
[139] [M]: 0x0000000080000218 (0x0201B423) sd zero, 0x28(gp)
mem[0x0000000080004140] <- 0x0000000000000000
mem[X,0x000000008000021C] -> 0x0593
mem[X,0x000000008000021E] -> 0x0000
[140] [M]: 0x000000008000021C (0x00000593) addi a1, zero, 0x0
x11 <- 0x0000000000000000
mem[X,0x0000000080000220] -> 0x0D93
mem[X,0x0000000080000222] -> 0x0130
[141] [M]: 0x0000000080000220 (0x01300D93) addi s11, zero, 0x13
x27 <- 0x0000000000000013
mem[X,0x0000000080000224] -> 0xD4BB
mem[X,0x0000000080000226] -> 0x41B5
[142] [M]: 0x0000000080000224 (0x41B5D4BB) sraw s1, a1, s11
x9 <- 0x0000000000000000
mem[X,0x0000000080000228] -> 0xB823
mem[X,0x000000008000022A] -> 0x0291
[143] [M]: 0x0000000080000228 (0x0291B823) sd s1, 0x30(gp)
mem[0x0000000080004148] <- 0x0000000000000000
mem[X,0x000000008000022C] -> 0x0F13
mem[X,0x000000008000022E] -> 0xFFF0
[144] [M]: 0x000000008000022C (0xFFF00F13) addi t5, zero, -0x1
x30 <- 0xFFFFFFFFFFFFFFFF
mem[X,0x0000000080000230] -> 0x5F13
mem[X,0x0000000080000232] -> 0x001F
[145] [M]: 0x0000000080000230 (0x001F5F13) srli t5, t5, 0x1
x30 <- 0x7FFFFFFFFFFFFFFF
mem[X,0x0000000080000234] -> 0x0613
mem[X,0x0000000080000236] -> 0x0150
[146] [M]: 0x0000000080000234 (0x01500613) addi a2, zero, 0x15
x12 <- 0x0000000000000015
mem[X,0x0000000080000238] -> 0x543B
mem[X,0x000000008000023A] -> 0x40CF
[147] [M]: 0x0000000080000238 (0x40CF543B) sraw fp, t5, a2
x8 <- 0xFFFFFFFFFFFFFFFF
mem[X,0x000000008000023C] -> 0xBC23
mem[X,0x000000008000023E] -> 0x0281
[148] [M]: 0x000000008000023C (0x0281BC23) sd fp, 0x38(gp)
mem[0x0000000080004150] <- 0xFFFFFFFFFFFFFFFF
mem[X,0x0000000080000240] -> 0x0E93
mem[X,0x0000000080000242] -> 0x0010
[149] [M]: 0x0000000080000240 (0x00100E93) addi t4, zero, 0x1
x29 <- 0x0000000000000001
mem[X,0x0000000080000244] -> 0x0393
mem[X,0x0000000080000246] -> 0x0000
[150] [M]: 0x0000000080000244 (0x00000393) addi t2, zero, 0x0
x7 <- 0x0000000000000000
mem[X,0x0000000080000248] -> 0xDABB
mem[X,0x000000008000024A] -> 0x407E
[151] [M]: 0x0000000080000248 (0x407EDABB) sraw s5, t4, t2
x21 <- 0x0000000000000001
mem[X,0x000000008000024C] -> 0xB023
mem[X,0x000000008000024E] -> 0x0551
[152] [M]: 0x000000008000024C (0x0551B023) sd s5, 0x40(gp)
mem[0x0000000080004158] <- 0x0000000000000001
mem[X,0x0000000080000250] -> 0x0013
mem[X,0x0000000080000252] -> 0x0000
[153] [M]: 0x0000000080000250 (0x00000013) addi zero, zero, 0x0
mem[X,0x0000000080000254] -> 0x0C13
mem[X,0x0000000080000256] -> 0x00A0
[154] [M]: 0x0000000080000254 (0x00A00C13) addi s8, zero, 0xa
x24 <- 0x000000000000000A
mem[X,0x0000000080000258] -> 0x52BB
mem[X,0x000000008000025A] -> 0x4180
[155] [M]: 0x0000000080000258 (0x418052BB) sraw t0, zero, s8
x5 <- 0x0000000000000000
mem[X,0x000000008000025C] -> 0xB423
mem[X,0x000000008000025E] -> 0x0451
[156] [M]: 0x000000008000025C (0x0451B423) sd t0, 0x48(gp)
mem[0x0000000080004160] <- 0x0000000000000000
mem[X,0x0000000080000260] -> 0x0993
mem[X,0x0000000080000262] -> 0x0040
[157] [M]: 0x0000000080000260 (0x00400993) addi s3, zero, 0x4
x19 <- 0x0000000000000004
mem[X,0x0000000080000264] -> 0x0B13
mem[X,0x0000000080000266] -> 0x0130
[158] [M]: 0x0000000080000264 (0x01300B13) addi s6, zero, 0x13
x22 <- 0x0000000000000013
mem[X,0x0000000080000268] -> 0xDDBB
mem[X,0x000000008000026A] -> 0x4169
[159] [M]: 0x0000000080000268 (0x4169DDBB) sraw s11, s3, s6
x27 <- 0x0000000000000000
mem[X,0x000000008000026C] -> 0xB823
mem[X,0x000000008000026E] -> 0x05B1
[160] [M]: 0x000000008000026C (0x05B1B823) sd s11, 0x50(gp)
mem[0x0000000080004168] <- 0x0000000000000000
mem[X,0x0000000080000270] -> 0x0893
mem[X,0x0000000080000272] -> 0x0080
[161] [M]: 0x0000000080000270 (0x00800893) addi a7, zero, 0x8
x17 <- 0x0000000000000008
mem[X,0x0000000080000274] -> 0x0213
mem[X,0x0000000080000276] -> 0x0090
[162] [M]: 0x0000000080000274 (0x00900213) addi tp, zero, 0x9
x4 <- 0x0000000000000009
mem[X,0x0000000080000278] -> 0xD0BB
mem[X,0x000000008000027A] -> 0x4048
[163] [M]: 0x0000000080000278 (0x4048D0BB) sraw ra, a7, tp
x1 <- 0x0000000000000000
mem[X,0x000000008000027C] -> 0xBC23
mem[X,0x000000008000027E] -> 0x0411
[164] [M]: 0x000000008000027C (0x0411BC23) sd ra, 0x58(gp)
mem[0x0000000080004170] <- 0x0000000000000000
mem[X,0x0000000080000280] -> 0x0093
mem[X,0x0000000080000282] -> 0x0100
[165] [M]: 0x0000000080000280 (0x01000093) addi ra, zero, 0x10
x1 <- 0x0000000000000010
mem[X,0x0000000080000284] -> 0x0C93
mem[X,0x0000000080000286] -> 0x0170
[166] [M]: 0x0000000080000284 (0x01700C93) addi s9, zero, 0x17
x25 <- 0x0000000000000017
mem[X,0x0000000080000288] -> 0xDFBB
mem[X,0x000000008000028A] -> 0x4190
[167] [M]: 0x0000000080000288 (0x4190DFBB) sraw t6, ra, s9
x31 <- 0x0000000000000000
mem[X,0x000000008000028C] -> 0xB023
mem[X,0x000000008000028E] -> 0x07F1
[168] [M]: 0x000000008000028C (0x07F1B023) sd t6, 0x60(gp)
mem[0x0000000080004178] <- 0x0000000000000000
mem[X,0x0000000080000290] -> 0x0513
mem[X,0x0000000080000292] -> 0x0200
[169] [M]: 0x0000000080000290 (0x02000513) addi a0, zero, 0x20
x10 <- 0x0000000000000020
mem[X,0x0000000080000294] -> 0x0493
mem[X,0x0000000080000296] -> 0x00F0
[170] [M]: 0x0000000080000294 (0x00F00493) addi s1, zero, 0xf
x9 <- 0x000000000000000F
mem[X,0x0000000080000298] -> 0x5F3B
mem[X,0x000000008000029A] -> 0x4095
[171] [M]: 0x0000000080000298 (0x40955F3B) sraw t5, a0, s1
x30 <- 0x0000000000000000
mem[X,0x000000008000029C] -> 0xB423
mem[X,0x000000008000029E] -> 0x07E1
[172] [M]: 0x000000008000029C (0x07E1B423) sd t5, 0x68(gp)
mem[0x0000000080004180] <- 0x0000000000000000
mem[X,0x00000000800002A0] -> 0x0813
mem[X,0x00000000800002A2] -> 0x0400
[173] [M]: 0x00000000800002A0 (0x04000813) addi a6, zero, 0x40
x16 <- 0x0000000000000040
mem[X,0x00000000800002A4] -> 0x0B93
mem[X,0x00000000800002A6] -> 0x0170
[174] [M]: 0x00000000800002A4 (0x01700B93) addi s7, zero, 0x17
x23 <- 0x0000000000000017
mem[X,0x00000000800002A8] -> 0x5D3B
mem[X,0x00000000800002AA] -> 0x4178
[175] [M]: 0x00000000800002A8 (0x41785D3B) sraw s10, a6, s7
x26 <- 0x0000000000000000
mem[X,0x00000000800002AC] -> 0xB823
mem[X,0x00000000800002AE] -> 0x07A1
[176] [M]: 0x00000000800002AC (0x07A1B823) sd s10, 0x70(gp)
mem[0x0000000080004188] <- 0x0000000000000000
mem[X,0x00000000800002B0] -> 0x0A93
mem[X,0x00000000800002B2] -> 0x0800
[177] [M]: 0x00000000800002B0 (0x08000A93) addi s5, zero, 0x80
x21 <- 0x0000000000000080
mem[X,0x00000000800002B4] -> 0x0413
mem[X,0x00000000800002B6] -> 0x0040
[178] [M]: 0x00000000800002B4 (0x00400413) addi fp, zero, 0x4
x8 <- 0x0000000000000004
mem[X,0x00000000800002B8] -> 0xDE3B
mem[X,0x00000000800002BA] -> 0x408A
[179] [M]: 0x00000000800002B8 (0x408ADE3B) sraw t3, s5, fp
x28 <- 0x0000000000000008
mem[X,0x00000000800002BC] -> 0xBC23
mem[X,0x00000000800002BE] -> 0x07C1
[180] [M]: 0x00000000800002BC (0x07C1BC23) sd t3, 0x78(gp)
mem[0x0000000080004190] <- 0x0000000000000008
mem[X,0x00000000800002C0] -> 0x4317
mem[X,0x00000000800002C2] -> 0x0000
[181] [M]: 0x00000000800002C0 (0x00004317) auipc t1, 0x4
x6 <- 0x00000000800042C0
mem[X,0x00000000800002C4] -> 0x0313
mem[X,0x00000000800002C6] -> 0xED83
[182] [M]: 0x00000000800002C4 (0xED830313) addi t1, t1, -0x128
x6 <- 0x0000000080004198
mem[X,0x00000000800002C8] -> 0x0013
mem[X,0x00000000800002CA] -> 0x0000
[183] [M]: 0x00000000800002C8 (0x00000013) addi zero, zero, 0x0
mem[X,0x00000000800002CC] -> 0x0013
mem[X,0x00000000800002CE] -> 0x0000
[184] [M]: 0x00000000800002CC (0x00000013) addi zero, zero, 0x0
mem[X,0x00000000800002D0] -> 0x0013
mem[X,0x00000000800002D2] -> 0x0000
[185] [M]: 0x00000000800002D0 (0x00000013) addi zero, zero, 0x0
mem[X,0x00000000800002D4] -> 0x0013
mem[X,0x00000000800002D6] -> 0x0000
[186] [M]: 0x00000000800002D4 (0x00000013) addi zero, zero, 0x0
mem[X,0x00000000800002D8] -> 0x0013
mem[X,0x00000000800002DA] -> 0x0000
[187] [M]: 0x00000000800002D8 (0x00000013) addi zero, zero, 0x0
mem[X,0x00000000800002DC] -> 0x0013
mem[X,0x00000000800002DE] -> 0x0000
[188] [M]: 0x00000000800002DC (0x00000013) addi zero, zero, 0x0
mem[X,0x00000000800002E0] -> 0x0A13
mem[X,0x00000000800002E2] -> 0x1000
[189] [M]: 0x00000000800002E0 (0x10000A13) addi s4, zero, 0x100
x20 <- 0x0000000000000100
mem[X,0x00000000800002E4] -> 0x0813
mem[X,0x00000000800002E6] -> 0x00D0
[190] [M]: 0x00000000800002E4 (0x00D00813) addi a6, zero, 0xd
x16 <- 0x000000000000000D
mem[X,0x00000000800002E8] -> 0x5C3B
mem[X,0x00000000800002EA] -> 0x410A
[191] [M]: 0x00000000800002E8 (0x410A5C3B) sraw s8, s4, a6
x24 <- 0x0000000000000000
mem[X,0x00000000800002EC] -> 0x3023
mem[X,0x00000000800002EE] -> 0x0183
[192] [M]: 0x00000000800002EC (0x01833023) sd s8, 0x0(t1)
mem[0x0000000080004198] <- 0x0000000000000000
mem[X,0x00000000800002F0] -> 0x0D93
mem[X,0x00000000800002F2] -> 0x2000
[193] [M]: 0x00000000800002F0 (0x20000D93) addi s11, zero, 0x200
x27 <- 0x0000000000000200
mem[X,0x00000000800002F4] -> 0x0113
mem[X,0x00000000800002F6] -> 0x00E0
[194] [M]: 0x00000000800002F4 (0x00E00113) addi sp, zero, 0xe
x2 <- 0x000000000000000E
mem[X,0x00000000800002F8] -> 0xD8BB
mem[X,0x00000000800002FA] -> 0x402D
[195] [M]: 0x00000000800002F8 (0x402DD8BB) sraw a7, s11, sp
x17 <- 0x0000000000000000
mem[X,0x00000000800002FC] -> 0x3423
mem[X,0x00000000800002FE] -> 0x0113
[196] [M]: 0x00000000800002FC (0x01133423) sd a7, 0x8(t1)
mem[0x00000000800041A0] <- 0x0000000000000000
mem[X,0x0000000080000300] -> 0x0793
mem[X,0x0000000080000302] -> 0x4000
[197] [M]: 0x0000000080000300 (0x40000793) addi a5, zero, 0x400
x15 <- 0x0000000000000400
mem[X,0x0000000080000304] -> 0x0513
mem[X,0x0000000080000306] -> 0x0050
[198] [M]: 0x0000000080000304 (0x00500513) addi a0, zero, 0x5
x10 <- 0x0000000000000005
mem[X,0x0000000080000308] -> 0xDB3B
mem[X,0x000000008000030A] -> 0x40A7
[199] [M]: 0x0000000080000308 (0x40A7DB3B) sraw s6, a5, a0
x22 <- 0x0000000000000020
clint::tick mtime <- 0x0000000000000002
 clint timer pending at mtime 0x0000000000000002
htif::tick 0x0000000000000000
mem[X,0x000000008000030C] -> 0x3823
mem[X,0x000000008000030E] -> 0x0163
[200] [M]: 0x000000008000030C (0x01633823) sd s6, 0x10(t1)
mem[0x00000000800041A8] <- 0x0000000000000020
mem[X,0x0000000080000310] -> 0x0393
mem[X,0x0000000080000312] -> 0x0010
[201] [M]: 0x0000000080000310 (0x00100393) addi t2, zero, 0x1
x7 <- 0x0000000000000001
mem[X,0x0000000080000314] -> 0x9393
mem[X,0x0000000080000316] -> 0x00B3
[202] [M]: 0x0000000080000314 (0x00B39393) slli t2, t2, 0xb
x7 <- 0x0000000000000800
mem[X,0x0000000080000318] -> 0x0F13
mem[X,0x000000008000031A] -> 0x00A0
[203] [M]: 0x0000000080000318 (0x00A00F13) addi t5, zero, 0xa
x30 <- 0x000000000000000A
mem[X,0x000000008000031C] -> 0xD5BB
mem[X,0x000000008000031E] -> 0x41E3
[204] [M]: 0x000000008000031C (0x41E3D5BB) sraw a1, t2, t5
x11 <- 0x0000000000000002
mem[X,0x0000000080000320] -> 0x3C23
mem[X,0x0000000080000322] -> 0x00B3
[205] [M]: 0x0000000080000320 (0x00B33C23) sd a1, 0x18(t1)
mem[0x00000000800041B0] <- 0x0000000000000002
mem[X,0x0000000080000324] -> 0x0E13
mem[X,0x0000000080000326] -> 0x0010
[206] [M]: 0x0000000080000324 (0x00100E13) addi t3, zero, 0x1
x28 <- 0x0000000000000001
mem[X,0x0000000080000328] -> 0x1E13
mem[X,0x000000008000032A] -> 0x00DE
[207] [M]: 0x0000000080000328 (0x00DE1E13) slli t3, t3, 0xd
x28 <- 0x0000000000002000
mem[X,0x000000008000032C] -> 0x0093
mem[X,0x000000008000032E] -> 0x01B0
[208] [M]: 0x000000008000032C (0x01B00093) addi ra, zero, 0x1b
x1 <- 0x000000000000001B
mem[X,0x0000000080000330] -> 0x5CBB
mem[X,0x0000000080000332] -> 0x401E
[209] [M]: 0x0000000080000330 (0x401E5CBB) sraw s9, t3, ra
x25 <- 0x0000000000000000
mem[X,0x0000000080000334] -> 0x3023
mem[X,0x0000000080000336] -> 0x0393
[210] [M]: 0x0000000080000334 (0x03933023) sd s9, 0x20(t1)
mem[0x00000000800041B8] <- 0x0000000000000000
mem[X,0x0000000080000338] -> 0x0F93
mem[X,0x000000008000033A] -> 0x0010
[211] [M]: 0x0000000080000338 (0x00100F93) addi t6, zero, 0x1
x31 <- 0x0000000000000001
mem[X,0x000000008000033C] -> 0x9F93
mem[X,0x000000008000033E] -> 0x00EF
[212] [M]: 0x000000008000033C (0x00EF9F93) slli t6, t6, 0xe
x31 <- 0x0000000000004000
mem[X,0x0000000080000340] -> 0x0013
mem[X,0x0000000080000342] -> 0x0000
[213] [M]: 0x0000000080000340 (0x00000013) addi zero, zero, 0x0
mem[X,0x0000000080000344] -> 0xD63B
mem[X,0x0000000080000346] -> 0x400F
[214] [M]: 0x0000000080000344 (0x400FD63B) sraw a2, t6, zero
x12 <- 0x0000000000004000
mem[X,0x0000000080000348] -> 0x3423
mem[X,0x000000008000034A] -> 0x02C3
[215] [M]: 0x0000000080000348 (0x02C33423) sd a2, 0x28(t1)
mem[0x00000000800041C0] <- 0x0000000000004000
mem[X,0x000000008000034C] -> 0x0B13
mem[X,0x000000008000034E] -> 0x0010
[216] [M]: 0x000000008000034C (0x00100B13) addi s6, zero, 0x1
x22 <- 0x0000000000000001
mem[X,0x0000000080000350] -> 0x1B13
mem[X,0x0000000080000352] -> 0x00FB
[217] [M]: 0x0000000080000350 (0x00FB1B13) slli s6, s6, 0xf
x22 <- 0x0000000000008000
mem[X,0x0000000080000354] -> 0x0E93
mem[X,0x0000000080000356] -> 0x00B0
[218] [M]: 0x0000000080000354 (0x00B00E93) addi t4, zero, 0xb
x29 <- 0x000000000000000B
mem[X,0x0000000080000358] -> 0x5A3B
mem[X,0x000000008000035A] -> 0x41DB
[219] [M]: 0x0000000080000358 (0x41DB5A3B) sraw s4, s6, t4
x20 <- 0x0000000000000010
mem[X,0x000000008000035C] -> 0x3823
mem[X,0x000000008000035E] -> 0x0343
[220] [M]: 0x000000008000035C (0x03433823) sd s4, 0x30(t1)
mem[0x00000000800041C8] <- 0x0000000000000010
mem[X,0x0000000080000360] -> 0x0713
mem[X,0x0000000080000362] -> 0x0010
[221] [M]: 0x0000000080000360 (0x00100713) addi a4, zero, 0x1
x14 <- 0x0000000000000001
mem[X,0x0000000080000364] -> 0x1713
mem[X,0x0000000080000366] -> 0x0107
[222] [M]: 0x0000000080000364 (0x01071713) slli a4, a4, 0x10
x14 <- 0x0000000000010000
mem[X,0x0000000080000368] -> 0x0E13
mem[X,0x000000008000036A] -> 0x0100
[223] [M]: 0x0000000080000368 (0x01000E13) addi t3, zero, 0x10
x28 <- 0x0000000000000010
mem[X,0x000000008000036C] -> 0x51BB
mem[X,0x000000008000036E] -> 0x41C7
[224] [M]: 0x000000008000036C (0x41C751BB) sraw gp, a4, t3
x3 <- 0x0000000000000001
mem[X,0x0000000080000370] -> 0x3C23
mem[X,0x0000000080000372] -> 0x0233
[225] [M]: 0x0000000080000370 (0x02333C23) sd gp, 0x38(t1)
mem[0x00000000800041D0] <- 0x0000000000000001
mem[X,0x0000000080000374] -> 0x0193
mem[X,0x0000000080000376] -> 0x0010
[226] [M]: 0x0000000080000374 (0x00100193) addi gp, zero, 0x1
x3 <- 0x0000000000000001
mem[X,0x0000000080000378] -> 0x9193
mem[X,0x000000008000037A] -> 0x0111
[227] [M]: 0x0000000080000378 (0x01119193) slli gp, gp, 0x11
x3 <- 0x0000000000020000
mem[X,0x000000008000037C] -> 0x0A93
mem[X,0x000000008000037E] -> 0x0130
[228] [M]: 0x000000008000037C (0x01300A93) addi s5, zero, 0x13
x21 <- 0x0000000000000013
mem[X,0x0000000080000380] -> 0xDEBB
mem[X,0x0000000080000382] -> 0x4151
[229] [M]: 0x0000000080000380 (0x4151DEBB) sraw t4, gp, s5
x29 <- 0x0000000000000000
mem[X,0x0000000080000384] -> 0x3023
mem[X,0x0000000080000386] -> 0x05D3
[230] [M]: 0x0000000080000384 (0x05D33023) sd t4, 0x40(t1)
mem[0x00000000800041D8] <- 0x0000000000000000
mem[X,0x0000000080000388] -> 0x0C13
mem[X,0x000000008000038A] -> 0x0010
[231] [M]: 0x0000000080000388 (0x00100C13) addi s8, zero, 0x1
x24 <- 0x0000000000000001
mem[X,0x000000008000038C] -> 0x1C13
mem[X,0x000000008000038E] -> 0x012C
[232] [M]: 0x000000008000038C (0x012C1C13) slli s8, s8, 0x12
x24 <- 0x0000000000040000
mem[X,0x0000000080000390] -> 0x0A13
mem[X,0x0000000080000392] -> 0x0100
[233] [M]: 0x0000000080000390 (0x01000A13) addi s4, zero, 0x10
x20 <- 0x0000000000000010
mem[X,0x0000000080000394] -> 0x573B
mem[X,0x0000000080000396] -> 0x414C
[234] [M]: 0x0000000080000394 (0x414C573B) sraw a4, s8, s4
x14 <- 0x0000000000000004
mem[X,0x0000000080000398] -> 0x3423
mem[X,0x000000008000039A] -> 0x04E3
[235] [M]: 0x0000000080000398 (0x04E33423) sd a4, 0x48(t1)
mem[0x00000000800041E0] <- 0x0000000000000004
mem[X,0x000000008000039C] -> 0x0113
mem[X,0x000000008000039E] -> 0x0010
[236] [M]: 0x000000008000039C (0x00100113) addi sp, zero, 0x1
x2 <- 0x0000000000000001
mem[X,0x00000000800003A0] -> 0x1113
mem[X,0x00000000800003A2] -> 0x0141
[237] [M]: 0x00000000800003A0 (0x01411113) slli sp, sp, 0x14
x2 <- 0x0000000000100000
mem[X,0x00000000800003A4] -> 0x0993
mem[X,0x00000000800003A6] -> 0x01D0
[238] [M]: 0x00000000800003A4 (0x01D00993) addi s3, zero, 0x1d
x19 <- 0x000000000000001D
mem[X,0x00000000800003A8] -> 0x553B
mem[X,0x00000000800003AA] -> 0x4131
[239] [M]: 0x00000000800003A8 (0x4131553B) sraw a0, sp, s3
x10 <- 0x0000000000000000
mem[X,0x00000000800003AC] -> 0x3823
mem[X,0x00000000800003AE] -> 0x04A3
[240] [M]: 0x00000000800003AC (0x04A33823) sd a0, 0x50(t1)
mem[0x00000000800041E8] <- 0x0000000000000000
mem[X,0x00000000800003B0] -> 0x0913
mem[X,0x00000000800003B2] -> 0x0010
[241] [M]: 0x00000000800003B0 (0x00100913) addi s2, zero, 0x1
x18 <- 0x0000000000000001
mem[X,0x00000000800003B4] -> 0x1913
mem[X,0x00000000800003B6] -> 0x0159
[242] [M]: 0x00000000800003B4 (0x01591913) slli s2, s2, 0x15
x18 <- 0x0000000000200000
mem[X,0x00000000800003B8] -> 0x0713
mem[X,0x00000000800003BA] -> 0x00E0
[243] [M]: 0x00000000800003B8 (0x00E00713) addi a4, zero, 0xe
x14 <- 0x000000000000000E
mem[X,0x00000000800003BC] -> 0x583B
mem[X,0x00000000800003BE] -> 0x40E9
[244] [M]: 0x00000000800003BC (0x40E9583B) sraw a6, s2, a4
x16 <- 0x0000000000000080
mem[X,0x00000000800003C0] -> 0x3C23
mem[X,0x00000000800003C2] -> 0x0503
[245] [M]: 0x00000000800003C0 (0x05033C23) sd a6, 0x58(t1)
mem[0x00000000800041F0] <- 0x0000000000000080
mem[X,0x00000000800003C4] -> 0x0613
mem[X,0x00000000800003C6] -> 0x0010
[246] [M]: 0x00000000800003C4 (0x00100613) addi a2, zero, 0x1
x12 <- 0x0000000000000001
mem[X,0x00000000800003C8] -> 0x1613
mem[X,0x00000000800003CA] -> 0x0166
[247] [M]: 0x00000000800003C8 (0x01661613) slli a2, a2, 0x16
x12 <- 0x0000000000400000
mem[X,0x00000000800003CC] -> 0x0893
mem[X,0x00000000800003CE] -> 0x0120
[248] [M]: 0x00000000800003CC (0x01200893) addi a7, zero, 0x12
x17 <- 0x0000000000000012
mem[X,0x00000000800003D0] -> 0x593B
mem[X,0x00000000800003D2] -> 0x4116
[249] [M]: 0x00000000800003D0 (0x4116593B) sraw s2, a2, a7
x18 <- 0x0000000000000010
mem[X,0x00000000800003D4] -> 0x3023
mem[X,0x00000000800003D6] -> 0x0723
[250] [M]: 0x00000000800003D4 (0x07233023) sd s2, 0x60(t1)
mem[0x00000000800041F8] <- 0x0000000000000010
mem[X,0x00000000800003D8] -> 0x0413
mem[X,0x00000000800003DA] -> 0x0010
[251] [M]: 0x00000000800003D8 (0x00100413) addi fp, zero, 0x1
x8 <- 0x0000000000000001
mem[X,0x00000000800003DC] -> 0x1413
mem[X,0x00000000800003DE] -> 0x0174
[252] [M]: 0x00000000800003DC (0x01741413) slli fp, fp, 0x17
x8 <- 0x0000000000800000
mem[X,0x00000000800003E0] -> 0x0293
mem[X,0x00000000800003E2] -> 0x00D0
[253] [M]: 0x00000000800003E0 (0x00D00293) addi t0, zero, 0xd
x5 <- 0x000000000000000D
mem[X,0x00000000800003E4] -> 0x523B
mem[X,0x00000000800003E6] -> 0x4054
[254] [M]: 0x00000000800003E4 (0x4054523B) sraw tp, fp, t0
x4 <- 0x0000000000000400
mem[X,0x00000000800003E8] -> 0x3423
mem[X,0x00000000800003EA] -> 0x0643
[255] [M]: 0x00000000800003E8 (0x06433423) sd tp, 0x68(t1)
mem[0x0000000080004200] <- 0x0000000000000400
mem[X,0x00000000800003EC] -> 0x0213
mem[X,0x00000000800003EE] -> 0x0010
[256] [M]: 0x00000000800003EC (0x00100213) addi tp, zero, 0x1
x4 <- 0x0000000000000001
mem[X,0x00000000800003F0] -> 0x1213
mem[X,0x00000000800003F2] -> 0x0182
[257] [M]: 0x00000000800003F0 (0x01821213) slli tp, tp, 0x18
x4 <- 0x0000000001000000
mem[X,0x00000000800003F4] -> 0x0F93
mem[X,0x00000000800003F6] -> 0x0090
[258] [M]: 0x00000000800003F4 (0x00900F93) addi t6, zero, 0x9
x31 <- 0x0000000000000009
mem[X,0x00000000800003F8] -> 0x53BB
mem[X,0x00000000800003FA] -> 0x41F2
[259] [M]: 0x00000000800003F8 (0x41F253BB) sraw t2, tp, t6
x7 <- 0x0000000000008000
mem[X,0x00000000800003FC] -> 0x3823
mem[X,0x00000000800003FE] -> 0x0673
[260] [M]: 0x00000000800003FC (0x06733823) sd t2, 0x70(t1)
mem[0x0000000080004208] <- 0x0000000000008000
mem[X,0x0000000080000400] -> 0x0D13
mem[X,0x0000000080000402] -> 0x0010
[261] [M]: 0x0000000080000400 (0x00100D13) addi s10, zero, 0x1
x26 <- 0x0000000000000001
mem[X,0x0000000080000404] -> 0x1D13
mem[X,0x0000000080000406] -> 0x019D
[262] [M]: 0x0000000080000404 (0x019D1D13) slli s10, s10, 0x19
x26 <- 0x0000000002000000
mem[X,0x0000000080000408] -> 0x0193
mem[X,0x000000008000040A] -> 0x0080
[263] [M]: 0x0000000080000408 (0x00800193) addi gp, zero, 0x8
x3 <- 0x0000000000000008
mem[X,0x000000008000040C] -> 0x59BB
mem[X,0x000000008000040E] -> 0x403D
[264] [M]: 0x000000008000040C (0x403D59BB) sraw s3, s10, gp
x19 <- 0x0000000000020000
mem[X,0x0000000080000410] -> 0x3C23
mem[X,0x0000000080000412] -> 0x0733
[265] [M]: 0x0000000080000410 (0x07333C23) sd s3, 0x78(t1)
mem[0x0000000080004210] <- 0x0000000000020000
mem[X,0x0000000080000414] -> 0x0513
mem[X,0x0000000080000416] -> 0x0010
[266] [M]: 0x0000000080000414 (0x00100513) addi a0, zero, 0x1
x10 <- 0x0000000000000001
mem[X,0x0000000080000418] -> 0x1513
mem[X,0x000000008000041A] -> 0x01A5
[267] [M]: 0x0000000080000418 (0x01A51513) slli a0, a0, 0x1a
x10 <- 0x0000000004000000
mem[X,0x000000008000041C] -> 0x0593
mem[X,0x000000008000041E] -> 0x01E0
[268] [M]: 0x000000008000041C (0x01E00593) addi a1, zero, 0x1e
x11 <- 0x000000000000001E
mem[X,0x0000000080000420] -> 0x563B
mem[X,0x0000000080000422] -> 0x40B5
[269] [M]: 0x0000000080000420 (0x40B5563B) sraw a2, a0, a1
x12 <- 0x0000000000000000
mem[X,0x0000000080000424] -> 0x3023
mem[X,0x0000000080000426] -> 0x08C3
[270] [M]: 0x0000000080000424 (0x08C33023) sd a2, 0x80(t1)
mem[0x0000000080004218] <- 0x0000000000000000
mem[X,0x0000000080000428] -> 0x0513
mem[X,0x000000008000042A] -> 0x0010
[271] [M]: 0x0000000080000428 (0x00100513) addi a0, zero, 0x1
x10 <- 0x0000000000000001
mem[X,0x000000008000042C] -> 0x1513
mem[X,0x000000008000042E] -> 0x01B5
[272] [M]: 0x000000008000042C (0x01B51513) slli a0, a0, 0x1b
x10 <- 0x0000000008000000
mem[X,0x0000000080000430] -> 0x0593
mem[X,0x0000000080000432] -> 0x00C0
[273] [M]: 0x0000000080000430 (0x00C00593) addi a1, zero, 0xc
x11 <- 0x000000000000000C
mem[X,0x0000000080000434] -> 0x563B
mem[X,0x0000000080000436] -> 0x40B5
[274] [M]: 0x0000000080000434 (0x40B5563B) sraw a2, a0, a1
x12 <- 0x0000000000008000
mem[X,0x0000000080000438] -> 0x3423
mem[X,0x000000008000043A] -> 0x08C3
[275] [M]: 0x0000000080000438 (0x08C33423) sd a2, 0x88(t1)
mem[0x0000000080004220] <- 0x0000000000008000
mem[X,0x000000008000043C] -> 0x0513
mem[X,0x000000008000043E] -> 0x0010
[276] [M]: 0x000000008000043C (0x00100513) addi a0, zero, 0x1
x10 <- 0x0000000000000001
mem[X,0x0000000080000440] -> 0x1513
mem[X,0x0000000080000442] -> 0x01C5
[277] [M]: 0x0000000080000440 (0x01C51513) slli a0, a0, 0x1c
x10 <- 0x0000000010000000
mem[X,0x0000000080000444] -> 0x0593
mem[X,0x0000000080000446] -> 0x01E0
[278] [M]: 0x0000000080000444 (0x01E00593) addi a1, zero, 0x1e
x11 <- 0x000000000000001E
mem[X,0x0000000080000448] -> 0x563B
mem[X,0x000000008000044A] -> 0x40B5
[279] [M]: 0x0000000080000448 (0x40B5563B) sraw a2, a0, a1
x12 <- 0x0000000000000000
mem[X,0x000000008000044C] -> 0x3823
mem[X,0x000000008000044E] -> 0x08C3
[280] [M]: 0x000000008000044C (0x08C33823) sd a2, 0x90(t1)
mem[0x0000000080004228] <- 0x0000000000000000
mem[X,0x0000000080000450] -> 0x0513
mem[X,0x0000000080000452] -> 0x0010
[281] [M]: 0x0000000080000450 (0x00100513) addi a0, zero, 0x1
x10 <- 0x0000000000000001
mem[X,0x0000000080000454] -> 0x1513
mem[X,0x0000000080000456] -> 0x01D5
[282] [M]: 0x0000000080000454 (0x01D51513) slli a0, a0, 0x1d
x10 <- 0x0000000020000000
mem[X,0x0000000080000458] -> 0x0593
mem[X,0x000000008000045A] -> 0x0000
[283] [M]: 0x0000000080000458 (0x00000593) addi a1, zero, 0x0
x11 <- 0x0000000000000000
mem[X,0x000000008000045C] -> 0x563B
mem[X,0x000000008000045E] -> 0x40B5
[284] [M]: 0x000000008000045C (0x40B5563B) sraw a2, a0, a1
x12 <- 0x0000000020000000
mem[X,0x0000000080000460] -> 0x3C23
mem[X,0x0000000080000462] -> 0x08C3
[285] [M]: 0x0000000080000460 (0x08C33C23) sd a2, 0x98(t1)
mem[0x0000000080004230] <- 0x0000000020000000
mem[X,0x0000000080000464] -> 0x0513
mem[X,0x0000000080000466] -> 0x0010
[286] [M]: 0x0000000080000464 (0x00100513) addi a0, zero, 0x1
x10 <- 0x0000000000000001
mem[X,0x0000000080000468] -> 0x1513
mem[X,0x000000008000046A] -> 0x01E5
[287] [M]: 0x0000000080000468 (0x01E51513) slli a0, a0, 0x1e
x10 <- 0x0000000040000000
mem[X,0x000000008000046C] -> 0x0593
mem[X,0x000000008000046E] -> 0x01E0
[288] [M]: 0x000000008000046C (0x01E00593) addi a1, zero, 0x1e
x11 <- 0x000000000000001E
mem[X,0x0000000080000470] -> 0x563B
mem[X,0x0000000080000472] -> 0x40B5
[289] [M]: 0x0000000080000470 (0x40B5563B) sraw a2, a0, a1
x12 <- 0x0000000000000001
mem[X,0x0000000080000474] -> 0x3023
mem[X,0x0000000080000476] -> 0x0AC3
[290] [M]: 0x0000000080000474 (0x0AC33023) sd a2, 0xa0(t1)
mem[0x0000000080004238] <- 0x0000000000000001
mem[X,0x0000000080000478] -> 0x0513
mem[X,0x000000008000047A] -> 0x0010
[291] [M]: 0x0000000080000478 (0x00100513) addi a0, zero, 0x1
x10 <- 0x0000000000000001
mem[X,0x000000008000047C] -> 0x1513
mem[X,0x000000008000047E] -> 0x01F5
[292] [M]: 0x000000008000047C (0x01F51513) slli a0, a0, 0x1f
x10 <- 0x0000000080000000
mem[X,0x0000000080000480] -> 0x0593
mem[X,0x0000000080000482] -> 0x00D0
[293] [M]: 0x0000000080000480 (0x00D00593) addi a1, zero, 0xd
x11 <- 0x000000000000000D
mem[X,0x0000000080000484] -> 0x563B
mem[X,0x0000000080000486] -> 0x40B5
[294] [M]: 0x0000000080000484 (0x40B5563B) sraw a2, a0, a1
x12 <- 0xFFFFFFFFFFFC0000
mem[X,0x0000000080000488] -> 0x3423
mem[X,0x000000008000048A] -> 0x0AC3
[295] [M]: 0x0000000080000488 (0x0AC33423) sd a2, 0xa8(t1)
mem[0x0000000080004240] <- 0xFFFFFFFFFFFC0000
mem[X,0x000000008000048C] -> 0x0513
mem[X,0x000000008000048E] -> 0x0010
[296] [M]: 0x000000008000048C (0x00100513) addi a0, zero, 0x1
x10 <- 0x0000000000000001
mem[X,0x0000000080000490] -> 0x1513
mem[X,0x0000000080000492] -> 0x0205
[297] [M]: 0x0000000080000490 (0x02051513) slli a0, a0, 0x20
x10 <- 0x0000000100000000
mem[X,0x0000000080000494] -> 0x0593
mem[X,0x0000000080000496] -> 0x0040
[298] [M]: 0x0000000080000494 (0x00400593) addi a1, zero, 0x4
x11 <- 0x0000000000000004
mem[X,0x0000000080000498] -> 0x563B
mem[X,0x000000008000049A] -> 0x40B5
[299] [M]: 0x0000000080000498 (0x40B5563B) sraw a2, a0, a1
x12 <- 0x0000000000000000
clint::tick mtime <- 0x0000000000000003
 clint timer pending at mtime 0x0000000000000003
htif::tick 0x0000000000000000
mem[X,0x000000008000049C] -> 0x3823
mem[X,0x000000008000049E] -> 0x0AC3
[300] [M]: 0x000000008000049C (0x0AC33823) sd a2, 0xb0(t1)
mem[0x0000000080004248] <- 0x0000000000000000
mem[X,0x00000000800004A0] -> 0x0513
mem[X,0x00000000800004A2] -> 0x0010
[301] [M]: 0x00000000800004A0 (0x00100513) addi a0, zero, 0x1
x10 <- 0x0000000000000001
mem[X,0x00000000800004A4] -> 0x1513
mem[X,0x00000000800004A6] -> 0x0215
[302] [M]: 0x00000000800004A4 (0x02151513) slli a0, a0, 0x21
x10 <- 0x0000000200000000
mem[X,0x00000000800004A8] -> 0x0593
mem[X,0x00000000800004AA] -> 0x0110
[303] [M]: 0x00000000800004A8 (0x01100593) addi a1, zero, 0x11
x11 <- 0x0000000000000011
mem[X,0x00000000800004AC] -> 0x563B
mem[X,0x00000000800004AE] -> 0x40B5
[304] [M]: 0x00000000800004AC (0x40B5563B) sraw a2, a0, a1
x12 <- 0x0000000000000000
mem[X,0x00000000800004B0] -> 0x3C23
mem[X,0x00000000800004B2] -> 0x0AC3
[305] [M]: 0x00000000800004B0 (0x0AC33C23) sd a2, 0xb8(t1)
mem[0x0000000080004250] <- 0x0000000000000000
mem[X,0x00000000800004B4] -> 0x0513
mem[X,0x00000000800004B6] -> 0x0010
[306] [M]: 0x00000000800004B4 (0x00100513) addi a0, zero, 0x1
x10 <- 0x0000000000000001
mem[X,0x00000000800004B8] -> 0x1513
mem[X,0x00000000800004BA] -> 0x0225
[307] [M]: 0x00000000800004B8 (0x02251513) slli a0, a0, 0x22
x10 <- 0x0000000400000000
mem[X,0x00000000800004BC] -> 0x0593
mem[X,0x00000000800004BE] -> 0x0040
[308] [M]: 0x00000000800004BC (0x00400593) addi a1, zero, 0x4
x11 <- 0x0000000000000004
mem[X,0x00000000800004C0] -> 0x563B
mem[X,0x00000000800004C2] -> 0x40B5
[309] [M]: 0x00000000800004C0 (0x40B5563B) sraw a2, a0, a1
x12 <- 0x0000000000000000
mem[X,0x00000000800004C4] -> 0x3023
mem[X,0x00000000800004C6] -> 0x0CC3
[310] [M]: 0x00000000800004C4 (0x0CC33023) sd a2, 0xc0(t1)
mem[0x0000000080004258] <- 0x0000000000000000
mem[X,0x00000000800004C8] -> 0x0513
mem[X,0x00000000800004CA] -> 0x0010
[311] [M]: 0x00000000800004C8 (0x00100513) addi a0, zero, 0x1
x10 <- 0x0000000000000001
mem[X,0x00000000800004CC] -> 0x1513
mem[X,0x00000000800004CE] -> 0x0235
[312] [M]: 0x00000000800004CC (0x02351513) slli a0, a0, 0x23
x10 <- 0x0000000800000000
mem[X,0x00000000800004D0] -> 0x0593
mem[X,0x00000000800004D2] -> 0x00A0
[313] [M]: 0x00000000800004D0 (0x00A00593) addi a1, zero, 0xa
x11 <- 0x000000000000000A
mem[X,0x00000000800004D4] -> 0x563B
mem[X,0x00000000800004D6] -> 0x40B5
[314] [M]: 0x00000000800004D4 (0x40B5563B) sraw a2, a0, a1
x12 <- 0x0000000000000000
mem[X,0x00000000800004D8] -> 0x3423
mem[X,0x00000000800004DA] -> 0x0CC3
[315] [M]: 0x00000000800004D8 (0x0CC33423) sd a2, 0xc8(t1)
mem[0x0000000080004260] <- 0x0000000000000000
mem[X,0x00000000800004DC] -> 0x0513
mem[X,0x00000000800004DE] -> 0x0010
[316] [M]: 0x00000000800004DC (0x00100513) addi a0, zero, 0x1
x10 <- 0x0000000000000001
mem[X,0x00000000800004E0] -> 0x1513
mem[X,0x00000000800004E2] -> 0x0245
[317] [M]: 0x00000000800004E0 (0x02451513) slli a0, a0, 0x24
x10 <- 0x0000001000000000
mem[X,0x00000000800004E4] -> 0x0593
mem[X,0x00000000800004E6] -> 0x0050
[318] [M]: 0x00000000800004E4 (0x00500593) addi a1, zero, 0x5
x11 <- 0x0000000000000005
mem[X,0x00000000800004E8] -> 0x563B
mem[X,0x00000000800004EA] -> 0x40B5
[319] [M]: 0x00000000800004E8 (0x40B5563B) sraw a2, a0, a1
x12 <- 0x0000000000000000
mem[X,0x00000000800004EC] -> 0x3823
mem[X,0x00000000800004EE] -> 0x0CC3
[320] [M]: 0x00000000800004EC (0x0CC33823) sd a2, 0xd0(t1)
mem[0x0000000080004268] <- 0x0000000000000000
mem[X,0x00000000800004F0] -> 0x0513
mem[X,0x00000000800004F2] -> 0x0010
[321] [M]: 0x00000000800004F0 (0x00100513) addi a0, zero, 0x1
x10 <- 0x0000000000000001
mem[X,0x00000000800004F4] -> 0x1513
mem[X,0x00000000800004F6] -> 0x0255
[322] [M]: 0x00000000800004F4 (0x02551513) slli a0, a0, 0x25
x10 <- 0x0000002000000000
mem[X,0x00000000800004F8] -> 0x0593
mem[X,0x00000000800004FA] -> 0x01F0
[323] [M]: 0x00000000800004F8 (0x01F00593) addi a1, zero, 0x1f
x11 <- 0x000000000000001F
mem[X,0x00000000800004FC] -> 0x563B
mem[X,0x00000000800004FE] -> 0x40B5
[324] [M]: 0x00000000800004FC (0x40B5563B) sraw a2, a0, a1
x12 <- 0x0000000000000000
mem[X,0x0000000080000500] -> 0x3C23
mem[X,0x0000000080000502] -> 0x0CC3
[325] [M]: 0x0000000080000500 (0x0CC33C23) sd a2, 0xd8(t1)
mem[0x0000000080004270] <- 0x0000000000000000
mem[X,0x0000000080000504] -> 0x0513
mem[X,0x0000000080000506] -> 0x0010
[326] [M]: 0x0000000080000504 (0x00100513) addi a0, zero, 0x1
x10 <- 0x0000000000000001
mem[X,0x0000000080000508] -> 0x1513
mem[X,0x000000008000050A] -> 0x0265
[327] [M]: 0x0000000080000508 (0x02651513) slli a0, a0, 0x26
x10 <- 0x0000004000000000
mem[X,0x000000008000050C] -> 0x0593
mem[X,0x000000008000050E] -> 0x00A0
[328] [M]: 0x000000008000050C (0x00A00593) addi a1, zero, 0xa
x11 <- 0x000000000000000A
mem[X,0x0000000080000510] -> 0x563B
mem[X,0x0000000080000512] -> 0x40B5
[329] [M]: 0x0000000080000510 (0x40B5563B) sraw a2, a0, a1
x12 <- 0x0000000000000000
mem[X,0x0000000080000514] -> 0x3023
mem[X,0x0000000080000516] -> 0x0EC3
[330] [M]: 0x0000000080000514 (0x0EC33023) sd a2, 0xe0(t1)
mem[0x0000000080004278] <- 0x0000000000000000
mem[X,0x0000000080000518] -> 0x0513
mem[X,0x000000008000051A] -> 0x0010
[331] [M]: 0x0000000080000518 (0x00100513) addi a0, zero, 0x1
x10 <- 0x0000000000000001
mem[X,0x000000008000051C] -> 0x1513
mem[X,0x000000008000051E] -> 0x0275
[332] [M]: 0x000000008000051C (0x02751513) slli a0, a0, 0x27
x10 <- 0x0000008000000000
mem[X,0x0000000080000520] -> 0x0593
mem[X,0x0000000080000522] -> 0x01E0
[333] [M]: 0x0000000080000520 (0x01E00593) addi a1, zero, 0x1e
x11 <- 0x000000000000001E
mem[X,0x0000000080000524] -> 0x563B
mem[X,0x0000000080000526] -> 0x40B5
[334] [M]: 0x0000000080000524 (0x40B5563B) sraw a2, a0, a1
x12 <- 0x0000000000000000
mem[X,0x0000000080000528] -> 0x3423
mem[X,0x000000008000052A] -> 0x0EC3
[335] [M]: 0x0000000080000528 (0x0EC33423) sd a2, 0xe8(t1)
mem[0x0000000080004280] <- 0x0000000000000000
mem[X,0x000000008000052C] -> 0x0513
mem[X,0x000000008000052E] -> 0x0010
[336] [M]: 0x000000008000052C (0x00100513) addi a0, zero, 0x1
x10 <- 0x0000000000000001
mem[X,0x0000000080000530] -> 0x1513
mem[X,0x0000000080000532] -> 0x0285
[337] [M]: 0x0000000080000530 (0x02851513) slli a0, a0, 0x28
x10 <- 0x0000010000000000
mem[X,0x0000000080000534] -> 0x0593
mem[X,0x0000000080000536] -> 0x0010
[338] [M]: 0x0000000080000534 (0x00100593) addi a1, zero, 0x1
x11 <- 0x0000000000000001
mem[X,0x0000000080000538] -> 0x563B
mem[X,0x000000008000053A] -> 0x40B5
[339] [M]: 0x0000000080000538 (0x40B5563B) sraw a2, a0, a1
x12 <- 0x0000000000000000
mem[X,0x000000008000053C] -> 0x3823
mem[X,0x000000008000053E] -> 0x0EC3
[340] [M]: 0x000000008000053C (0x0EC33823) sd a2, 0xf0(t1)
mem[0x0000000080004288] <- 0x0000000000000000
mem[X,0x0000000080000540] -> 0x0513
mem[X,0x0000000080000542] -> 0x0010
[341] [M]: 0x0000000080000540 (0x00100513) addi a0, zero, 0x1
x10 <- 0x0000000000000001
mem[X,0x0000000080000544] -> 0x1513
mem[X,0x0000000080000546] -> 0x0295
[342] [M]: 0x0000000080000544 (0x02951513) slli a0, a0, 0x29
x10 <- 0x0000020000000000
mem[X,0x0000000080000548] -> 0x0593
mem[X,0x000000008000054A] -> 0x0010
[343] [M]: 0x0000000080000548 (0x00100593) addi a1, zero, 0x1
x11 <- 0x0000000000000001
mem[X,0x000000008000054C] -> 0x563B
mem[X,0x000000008000054E] -> 0x40B5
[344] [M]: 0x000000008000054C (0x40B5563B) sraw a2, a0, a1
x12 <- 0x0000000000000000
mem[X,0x0000000080000550] -> 0x3C23
mem[X,0x0000000080000552] -> 0x0EC3
[345] [M]: 0x0000000080000550 (0x0EC33C23) sd a2, 0xf8(t1)
mem[0x0000000080004290] <- 0x0000000000000000
mem[X,0x0000000080000554] -> 0x0513
mem[X,0x0000000080000556] -> 0x0010
[346] [M]: 0x0000000080000554 (0x00100513) addi a0, zero, 0x1
x10 <- 0x0000000000000001
mem[X,0x0000000080000558] -> 0x1513
mem[X,0x000000008000055A] -> 0x02A5
[347] [M]: 0x0000000080000558 (0x02A51513) slli a0, a0, 0x2a
x10 <- 0x0000040000000000
mem[X,0x000000008000055C] -> 0x0593
mem[X,0x000000008000055E] -> 0x0040
[348] [M]: 0x000000008000055C (0x00400593) addi a1, zero, 0x4
x11 <- 0x0000000000000004
mem[X,0x0000000080000560] -> 0x563B
mem[X,0x0000000080000562] -> 0x40B5
[349] [M]: 0x0000000080000560 (0x40B5563B) sraw a2, a0, a1
x12 <- 0x0000000000000000
mem[X,0x0000000080000564] -> 0x3023
mem[X,0x0000000080000566] -> 0x10C3
[350] [M]: 0x0000000080000564 (0x10C33023) sd a2, 0x100(t1)
mem[0x0000000080004298] <- 0x0000000000000000
mem[X,0x0000000080000568] -> 0x0513
mem[X,0x000000008000056A] -> 0x0010
[351] [M]: 0x0000000080000568 (0x00100513) addi a0, zero, 0x1
x10 <- 0x0000000000000001
mem[X,0x000000008000056C] -> 0x1513
mem[X,0x000000008000056E] -> 0x02B5
[352] [M]: 0x000000008000056C (0x02B51513) slli a0, a0, 0x2b
x10 <- 0x0000080000000000
mem[X,0x0000000080000570] -> 0x0593
mem[X,0x0000000080000572] -> 0x0020
[353] [M]: 0x0000000080000570 (0x00200593) addi a1, zero, 0x2
x11 <- 0x0000000000000002
mem[X,0x0000000080000574] -> 0x563B
mem[X,0x0000000080000576] -> 0x40B5
[354] [M]: 0x0000000080000574 (0x40B5563B) sraw a2, a0, a1
x12 <- 0x0000000000000000
mem[X,0x0000000080000578] -> 0x3423
mem[X,0x000000008000057A] -> 0x10C3
[355] [M]: 0x0000000080000578 (0x10C33423) sd a2, 0x108(t1)
mem[0x00000000800042A0] <- 0x0000000000000000
mem[X,0x000000008000057C] -> 0x0513
mem[X,0x000000008000057E] -> 0x0010
[356] [M]: 0x000000008000057C (0x00100513) addi a0, zero, 0x1
x10 <- 0x0000000000000001
mem[X,0x0000000080000580] -> 0x1513
mem[X,0x0000000080000582] -> 0x02C5
[357] [M]: 0x0000000080000580 (0x02C51513) slli a0, a0, 0x2c
x10 <- 0x0000100000000000
mem[X,0x0000000080000584] -> 0x0593
mem[X,0x0000000080000586] -> 0x0090
[358] [M]: 0x0000000080000584 (0x00900593) addi a1, zero, 0x9
x11 <- 0x0000000000000009
mem[X,0x0000000080000588] -> 0x563B
mem[X,0x000000008000058A] -> 0x40B5
[359] [M]: 0x0000000080000588 (0x40B5563B) sraw a2, a0, a1
x12 <- 0x0000000000000000
mem[X,0x000000008000058C] -> 0x3823
mem[X,0x000000008000058E] -> 0x10C3
[360] [M]: 0x000000008000058C (0x10C33823) sd a2, 0x110(t1)
mem[0x00000000800042A8] <- 0x0000000000000000
mem[X,0x0000000080000590] -> 0x0513
mem[X,0x0000000080000592] -> 0x0010
[361] [M]: 0x0000000080000590 (0x00100513) addi a0, zero, 0x1
x10 <- 0x0000000000000001
mem[X,0x0000000080000594] -> 0x1513
mem[X,0x0000000080000596] -> 0x02D5
[362] [M]: 0x0000000080000594 (0x02D51513) slli a0, a0, 0x2d
x10 <- 0x0000200000000000
mem[X,0x0000000080000598] -> 0x0593
mem[X,0x000000008000059A] -> 0x01F0
[363] [M]: 0x0000000080000598 (0x01F00593) addi a1, zero, 0x1f
x11 <- 0x000000000000001F
mem[X,0x000000008000059C] -> 0x563B
mem[X,0x000000008000059E] -> 0x40B5
[364] [M]: 0x000000008000059C (0x40B5563B) sraw a2, a0, a1
x12 <- 0x0000000000000000
mem[X,0x00000000800005A0] -> 0x3C23
mem[X,0x00000000800005A2] -> 0x10C3
[365] [M]: 0x00000000800005A0 (0x10C33C23) sd a2, 0x118(t1)
mem[0x00000000800042B0] <- 0x0000000000000000
mem[X,0x00000000800005A4] -> 0x0513
mem[X,0x00000000800005A6] -> 0x0010
[366] [M]: 0x00000000800005A4 (0x00100513) addi a0, zero, 0x1
x10 <- 0x0000000000000001
mem[X,0x00000000800005A8] -> 0x1513
mem[X,0x00000000800005AA] -> 0x02E5
[367] [M]: 0x00000000800005A8 (0x02E51513) slli a0, a0, 0x2e
x10 <- 0x0000400000000000
mem[X,0x00000000800005AC] -> 0x0593
mem[X,0x00000000800005AE] -> 0x0170
[368] [M]: 0x00000000800005AC (0x01700593) addi a1, zero, 0x17
x11 <- 0x0000000000000017
mem[X,0x00000000800005B0] -> 0x563B
mem[X,0x00000000800005B2] -> 0x40B5
[369] [M]: 0x00000000800005B0 (0x40B5563B) sraw a2, a0, a1
x12 <- 0x0000000000000000
mem[X,0x00000000800005B4] -> 0x3023
mem[X,0x00000000800005B6] -> 0x12C3
[370] [M]: 0x00000000800005B4 (0x12C33023) sd a2, 0x120(t1)
mem[0x00000000800042B8] <- 0x0000000000000000
mem[X,0x00000000800005B8] -> 0x0513
mem[X,0x00000000800005BA] -> 0x0010
[371] [M]: 0x00000000800005B8 (0x00100513) addi a0, zero, 0x1
x10 <- 0x0000000000000001
mem[X,0x00000000800005BC] -> 0x1513
mem[X,0x00000000800005BE] -> 0x02F5
[372] [M]: 0x00000000800005BC (0x02F51513) slli a0, a0, 0x2f
x10 <- 0x0000800000000000
mem[X,0x00000000800005C0] -> 0x0593
mem[X,0x00000000800005C2] -> 0x0060
[373] [M]: 0x00000000800005C0 (0x00600593) addi a1, zero, 0x6
x11 <- 0x0000000000000006
mem[X,0x00000000800005C4] -> 0x563B
mem[X,0x00000000800005C6] -> 0x40B5
[374] [M]: 0x00000000800005C4 (0x40B5563B) sraw a2, a0, a1
x12 <- 0x0000000000000000
mem[X,0x00000000800005C8] -> 0x3423
mem[X,0x00000000800005CA] -> 0x12C3
[375] [M]: 0x00000000800005C8 (0x12C33423) sd a2, 0x128(t1)
mem[0x00000000800042C0] <- 0x0000000000000000
mem[X,0x00000000800005CC] -> 0x0513
mem[X,0x00000000800005CE] -> 0x0010
[376] [M]: 0x00000000800005CC (0x00100513) addi a0, zero, 0x1
x10 <- 0x0000000000000001
mem[X,0x00000000800005D0] -> 0x1513
mem[X,0x00000000800005D2] -> 0x0305
[377] [M]: 0x00000000800005D0 (0x03051513) slli a0, a0, 0x30
x10 <- 0x0001000000000000
mem[X,0x00000000800005D4] -> 0x0593
mem[X,0x00000000800005D6] -> 0x00C0
[378] [M]: 0x00000000800005D4 (0x00C00593) addi a1, zero, 0xc
x11 <- 0x000000000000000C
mem[X,0x00000000800005D8] -> 0x563B
mem[X,0x00000000800005DA] -> 0x40B5
[379] [M]: 0x00000000800005D8 (0x40B5563B) sraw a2, a0, a1
x12 <- 0x0000000000000000
mem[X,0x00000000800005DC] -> 0x3823
mem[X,0x00000000800005DE] -> 0x12C3
[380] [M]: 0x00000000800005DC (0x12C33823) sd a2, 0x130(t1)
mem[0x00000000800042C8] <- 0x0000000000000000
mem[X,0x00000000800005E0] -> 0x0513
mem[X,0x00000000800005E2] -> 0x0010
[381] [M]: 0x00000000800005E0 (0x00100513) addi a0, zero, 0x1
x10 <- 0x0000000000000001
mem[X,0x00000000800005E4] -> 0x1513
mem[X,0x00000000800005E6] -> 0x0315
[382] [M]: 0x00000000800005E4 (0x03151513) slli a0, a0, 0x31
x10 <- 0x0002000000000000
mem[X,0x00000000800005E8] -> 0x0593
mem[X,0x00000000800005EA] -> 0x00B0
[383] [M]: 0x00000000800005E8 (0x00B00593) addi a1, zero, 0xb
x11 <- 0x000000000000000B
mem[X,0x00000000800005EC] -> 0x563B
mem[X,0x00000000800005EE] -> 0x40B5
[384] [M]: 0x00000000800005EC (0x40B5563B) sraw a2, a0, a1
x12 <- 0x0000000000000000
mem[X,0x00000000800005F0] -> 0x3C23
mem[X,0x00000000800005F2] -> 0x12C3
[385] [M]: 0x00000000800005F0 (0x12C33C23) sd a2, 0x138(t1)
mem[0x00000000800042D0] <- 0x0000000000000000
mem[X,0x00000000800005F4] -> 0x0513
mem[X,0x00000000800005F6] -> 0x0010
[386] [M]: 0x00000000800005F4 (0x00100513) addi a0, zero, 0x1
x10 <- 0x0000000000000001
mem[X,0x00000000800005F8] -> 0x1513
mem[X,0x00000000800005FA] -> 0x0325
[387] [M]: 0x00000000800005F8 (0x03251513) slli a0, a0, 0x32
x10 <- 0x0004000000000000
mem[X,0x00000000800005FC] -> 0x0593
mem[X,0x00000000800005FE] -> 0x0080
[388] [M]: 0x00000000800005FC (0x00800593) addi a1, zero, 0x8
x11 <- 0x0000000000000008
mem[X,0x0000000080000600] -> 0x563B
mem[X,0x0000000080000602] -> 0x40B5
[389] [M]: 0x0000000080000600 (0x40B5563B) sraw a2, a0, a1
x12 <- 0x0000000000000000
mem[X,0x0000000080000604] -> 0x3023
mem[X,0x0000000080000606] -> 0x14C3
[390] [M]: 0x0000000080000604 (0x14C33023) sd a2, 0x140(t1)
mem[0x00000000800042D8] <- 0x0000000000000000
mem[X,0x0000000080000608] -> 0x0513
mem[X,0x000000008000060A] -> 0x0010
[391] [M]: 0x0000000080000608 (0x00100513) addi a0, zero, 0x1
x10 <- 0x0000000000000001
mem[X,0x000000008000060C] -> 0x1513
mem[X,0x000000008000060E] -> 0x0335
[392] [M]: 0x000000008000060C (0x03351513) slli a0, a0, 0x33
x10 <- 0x0008000000000000
mem[X,0x0000000080000610] -> 0x0593
mem[X,0x0000000080000612] -> 0x00C0
[393] [M]: 0x0000000080000610 (0x00C00593) addi a1, zero, 0xc
x11 <- 0x000000000000000C
mem[X,0x0000000080000614] -> 0x563B
mem[X,0x0000000080000616] -> 0x40B5
[394] [M]: 0x0000000080000614 (0x40B5563B) sraw a2, a0, a1
x12 <- 0x0000000000000000
mem[X,0x0000000080000618] -> 0x3423
mem[X,0x000000008000061A] -> 0x14C3
[395] [M]: 0x0000000080000618 (0x14C33423) sd a2, 0x148(t1)
mem[0x00000000800042E0] <- 0x0000000000000000
mem[X,0x000000008000061C] -> 0x0513
mem[X,0x000000008000061E] -> 0x0010
[396] [M]: 0x000000008000061C (0x00100513) addi a0, zero, 0x1
x10 <- 0x0000000000000001
mem[X,0x0000000080000620] -> 0x1513
mem[X,0x0000000080000622] -> 0x0345
[397] [M]: 0x0000000080000620 (0x03451513) slli a0, a0, 0x34
x10 <- 0x0010000000000000
mem[X,0x0000000080000624] -> 0x0593
mem[X,0x0000000080000626] -> 0x01B0
[398] [M]: 0x0000000080000624 (0x01B00593) addi a1, zero, 0x1b
x11 <- 0x000000000000001B
mem[X,0x0000000080000628] -> 0x563B
mem[X,0x000000008000062A] -> 0x40B5
[399] [M]: 0x0000000080000628 (0x40B5563B) sraw a2, a0, a1
x12 <- 0x0000000000000000
clint::tick mtime <- 0x0000000000000004
 clint timer pending at mtime 0x0000000000000004
htif::tick 0x0000000000000000
mem[X,0x000000008000062C] -> 0x3823
mem[X,0x000000008000062E] -> 0x14C3
[400] [M]: 0x000000008000062C (0x14C33823) sd a2, 0x150(t1)
mem[0x00000000800042E8] <- 0x0000000000000000
mem[X,0x0000000080000630] -> 0x0513
mem[X,0x0000000080000632] -> 0x0010
[401] [M]: 0x0000000080000630 (0x00100513) addi a0, zero, 0x1
x10 <- 0x0000000000000001
mem[X,0x0000000080000634] -> 0x1513
mem[X,0x0000000080000636] -> 0x0355
[402] [M]: 0x0000000080000634 (0x03551513) slli a0, a0, 0x35
x10 <- 0x0020000000000000
mem[X,0x0000000080000638] -> 0x0593
mem[X,0x000000008000063A] -> 0x0000
[403] [M]: 0x0000000080000638 (0x00000593) addi a1, zero, 0x0
x11 <- 0x0000000000000000
mem[X,0x000000008000063C] -> 0x563B
mem[X,0x000000008000063E] -> 0x40B5
[404] [M]: 0x000000008000063C (0x40B5563B) sraw a2, a0, a1
x12 <- 0x0000000000000000
mem[X,0x0000000080000640] -> 0x3C23
mem[X,0x0000000080000642] -> 0x14C3
[405] [M]: 0x0000000080000640 (0x14C33C23) sd a2, 0x158(t1)
mem[0x00000000800042F0] <- 0x0000000000000000
mem[X,0x0000000080000644] -> 0x0513
mem[X,0x0000000080000646] -> 0x0010
[406] [M]: 0x0000000080000644 (0x00100513) addi a0, zero, 0x1
x10 <- 0x0000000000000001
mem[X,0x0000000080000648] -> 0x1513
mem[X,0x000000008000064A] -> 0x0365
[407] [M]: 0x0000000080000648 (0x03651513) slli a0, a0, 0x36
x10 <- 0x0040000000000000
mem[X,0x000000008000064C] -> 0x0593
mem[X,0x000000008000064E] -> 0x01D0
[408] [M]: 0x000000008000064C (0x01D00593) addi a1, zero, 0x1d
x11 <- 0x000000000000001D
mem[X,0x0000000080000650] -> 0x563B
mem[X,0x0000000080000652] -> 0x40B5
[409] [M]: 0x0000000080000650 (0x40B5563B) sraw a2, a0, a1
x12 <- 0x0000000000000000
mem[X,0x0000000080000654] -> 0x3023
mem[X,0x0000000080000656] -> 0x16C3
[410] [M]: 0x0000000080000654 (0x16C33023) sd a2, 0x160(t1)
mem[0x00000000800042F8] <- 0x0000000000000000
mem[X,0x0000000080000658] -> 0x0513
mem[X,0x000000008000065A] -> 0x0010
[411] [M]: 0x0000000080000658 (0x00100513) addi a0, zero, 0x1
x10 <- 0x0000000000000001
mem[X,0x000000008000065C] -> 0x1513
mem[X,0x000000008000065E] -> 0x0375
[412] [M]: 0x000000008000065C (0x03751513) slli a0, a0, 0x37
x10 <- 0x0080000000000000
mem[X,0x0000000080000660] -> 0x0593
mem[X,0x0000000080000662] -> 0x01D0
[413] [M]: 0x0000000080000660 (0x01D00593) addi a1, zero, 0x1d
x11 <- 0x000000000000001D
mem[X,0x0000000080000664] -> 0x563B
mem[X,0x0000000080000666] -> 0x40B5
[414] [M]: 0x0000000080000664 (0x40B5563B) sraw a2, a0, a1
x12 <- 0x0000000000000000
mem[X,0x0000000080000668] -> 0x3423
mem[X,0x000000008000066A] -> 0x16C3
[415] [M]: 0x0000000080000668 (0x16C33423) sd a2, 0x168(t1)
mem[0x0000000080004300] <- 0x0000000000000000
mem[X,0x000000008000066C] -> 0x0513
mem[X,0x000000008000066E] -> 0x0010
[416] [M]: 0x000000008000066C (0x00100513) addi a0, zero, 0x1
x10 <- 0x0000000000000001
mem[X,0x0000000080000670] -> 0x1513
mem[X,0x0000000080000672] -> 0x0385
[417] [M]: 0x0000000080000670 (0x03851513) slli a0, a0, 0x38
x10 <- 0x0100000000000000
mem[X,0x0000000080000674] -> 0x0593
mem[X,0x0000000080000676] -> 0x0170
[418] [M]: 0x0000000080000674 (0x01700593) addi a1, zero, 0x17
x11 <- 0x0000000000000017
mem[X,0x0000000080000678] -> 0x563B
mem[X,0x000000008000067A] -> 0x40B5
[419] [M]: 0x0000000080000678 (0x40B5563B) sraw a2, a0, a1
x12 <- 0x0000000000000000
mem[X,0x000000008000067C] -> 0x3823
mem[X,0x000000008000067E] -> 0x16C3
[420] [M]: 0x000000008000067C (0x16C33823) sd a2, 0x170(t1)
mem[0x0000000080004308] <- 0x0000000000000000
mem[X,0x0000000080000680] -> 0x0513
mem[X,0x0000000080000682] -> 0x0010
[421] [M]: 0x0000000080000680 (0x00100513) addi a0, zero, 0x1
x10 <- 0x0000000000000001
mem[X,0x0000000080000684] -> 0x1513
mem[X,0x0000000080000686] -> 0x0395
[422] [M]: 0x0000000080000684 (0x03951513) slli a0, a0, 0x39
x10 <- 0x0200000000000000
mem[X,0x0000000080000688] -> 0x0593
mem[X,0x000000008000068A] -> 0x0170
[423] [M]: 0x0000000080000688 (0x01700593) addi a1, zero, 0x17
x11 <- 0x0000000000000017
mem[X,0x000000008000068C] -> 0x563B
mem[X,0x000000008000068E] -> 0x40B5
[424] [M]: 0x000000008000068C (0x40B5563B) sraw a2, a0, a1
x12 <- 0x0000000000000000
mem[X,0x0000000080000690] -> 0x3C23
mem[X,0x0000000080000692] -> 0x16C3
[425] [M]: 0x0000000080000690 (0x16C33C23) sd a2, 0x178(t1)
mem[0x0000000080004310] <- 0x0000000000000000
mem[X,0x0000000080000694] -> 0x0513
mem[X,0x0000000080000696] -> 0x0010
[426] [M]: 0x0000000080000694 (0x00100513) addi a0, zero, 0x1
x10 <- 0x0000000000000001
mem[X,0x0000000080000698] -> 0x1513
mem[X,0x000000008000069A] -> 0x03A5
[427] [M]: 0x0000000080000698 (0x03A51513) slli a0, a0, 0x3a
x10 <- 0x0400000000000000
mem[X,0x000000008000069C] -> 0x0593
mem[X,0x000000008000069E] -> 0x00A0
[428] [M]: 0x000000008000069C (0x00A00593) addi a1, zero, 0xa
x11 <- 0x000000000000000A
mem[X,0x00000000800006A0] -> 0x563B
mem[X,0x00000000800006A2] -> 0x40B5
[429] [M]: 0x00000000800006A0 (0x40B5563B) sraw a2, a0, a1
x12 <- 0x0000000000000000
mem[X,0x00000000800006A4] -> 0x3023
mem[X,0x00000000800006A6] -> 0x18C3
[430] [M]: 0x00000000800006A4 (0x18C33023) sd a2, 0x180(t1)
mem[0x0000000080004318] <- 0x0000000000000000
mem[X,0x00000000800006A8] -> 0x0513
mem[X,0x00000000800006AA] -> 0x0010
[431] [M]: 0x00000000800006A8 (0x00100513) addi a0, zero, 0x1
x10 <- 0x0000000000000001
mem[X,0x00000000800006AC] -> 0x1513
mem[X,0x00000000800006AE] -> 0x03B5
[432] [M]: 0x00000000800006AC (0x03B51513) slli a0, a0, 0x3b
x10 <- 0x0800000000000000
mem[X,0x00000000800006B0] -> 0x0593
mem[X,0x00000000800006B2] -> 0x00A0
[433] [M]: 0x00000000800006B0 (0x00A00593) addi a1, zero, 0xa
x11 <- 0x000000000000000A
mem[X,0x00000000800006B4] -> 0x563B
mem[X,0x00000000800006B6] -> 0x40B5
[434] [M]: 0x00000000800006B4 (0x40B5563B) sraw a2, a0, a1
x12 <- 0x0000000000000000
mem[X,0x00000000800006B8] -> 0x3423
mem[X,0x00000000800006BA] -> 0x18C3
[435] [M]: 0x00000000800006B8 (0x18C33423) sd a2, 0x188(t1)
mem[0x0000000080004320] <- 0x0000000000000000
mem[X,0x00000000800006BC] -> 0x0513
mem[X,0x00000000800006BE] -> 0x0010
[436] [M]: 0x00000000800006BC (0x00100513) addi a0, zero, 0x1
x10 <- 0x0000000000000001
mem[X,0x00000000800006C0] -> 0x1513
mem[X,0x00000000800006C2] -> 0x03C5
[437] [M]: 0x00000000800006C0 (0x03C51513) slli a0, a0, 0x3c
x10 <- 0x1000000000000000
mem[X,0x00000000800006C4] -> 0x0593
mem[X,0x00000000800006C6] -> 0x0050
[438] [M]: 0x00000000800006C4 (0x00500593) addi a1, zero, 0x5
x11 <- 0x0000000000000005
mem[X,0x00000000800006C8] -> 0x563B
mem[X,0x00000000800006CA] -> 0x40B5
[439] [M]: 0x00000000800006C8 (0x40B5563B) sraw a2, a0, a1
x12 <- 0x0000000000000000
mem[X,0x00000000800006CC] -> 0x3823
mem[X,0x00000000800006CE] -> 0x18C3
[440] [M]: 0x00000000800006CC (0x18C33823) sd a2, 0x190(t1)
mem[0x0000000080004328] <- 0x0000000000000000
mem[X,0x00000000800006D0] -> 0x0513
mem[X,0x00000000800006D2] -> 0x0010
[441] [M]: 0x00000000800006D0 (0x00100513) addi a0, zero, 0x1
x10 <- 0x0000000000000001
mem[X,0x00000000800006D4] -> 0x1513
mem[X,0x00000000800006D6] -> 0x03D5
[442] [M]: 0x00000000800006D4 (0x03D51513) slli a0, a0, 0x3d
x10 <- 0x2000000000000000
mem[X,0x00000000800006D8] -> 0x0593
mem[X,0x00000000800006DA] -> 0x0030
[443] [M]: 0x00000000800006D8 (0x00300593) addi a1, zero, 0x3
x11 <- 0x0000000000000003
mem[X,0x00000000800006DC] -> 0x563B
mem[X,0x00000000800006DE] -> 0x40B5
[444] [M]: 0x00000000800006DC (0x40B5563B) sraw a2, a0, a1
x12 <- 0x0000000000000000
mem[X,0x00000000800006E0] -> 0x3C23
mem[X,0x00000000800006E2] -> 0x18C3
[445] [M]: 0x00000000800006E0 (0x18C33C23) sd a2, 0x198(t1)
mem[0x0000000080004330] <- 0x0000000000000000
mem[X,0x00000000800006E4] -> 0x0513
mem[X,0x00000000800006E6] -> 0x0010
[446] [M]: 0x00000000800006E4 (0x00100513) addi a0, zero, 0x1
x10 <- 0x0000000000000001
mem[X,0x00000000800006E8] -> 0x1513
mem[X,0x00000000800006EA] -> 0x03E5
[447] [M]: 0x00000000800006E8 (0x03E51513) slli a0, a0, 0x3e
x10 <- 0x4000000000000000
mem[X,0x00000000800006EC] -> 0x0593
mem[X,0x00000000800006EE] -> 0x0060
[448] [M]: 0x00000000800006EC (0x00600593) addi a1, zero, 0x6
x11 <- 0x0000000000000006
mem[X,0x00000000800006F0] -> 0x563B
mem[X,0x00000000800006F2] -> 0x40B5
[449] [M]: 0x00000000800006F0 (0x40B5563B) sraw a2, a0, a1
x12 <- 0x0000000000000000
mem[X,0x00000000800006F4] -> 0x3023
mem[X,0x00000000800006F6] -> 0x1AC3
[450] [M]: 0x00000000800006F4 (0x1AC33023) sd a2, 0x1a0(t1)
mem[0x0000000080004338] <- 0x0000000000000000
mem[X,0x00000000800006F8] -> 0x0513
mem[X,0x00000000800006FA] -> 0xFFE0
[451] [M]: 0x00000000800006F8 (0xFFE00513) addi a0, zero, -0x2
x10 <- 0xFFFFFFFFFFFFFFFE
mem[X,0x00000000800006FC] -> 0x0593
mem[X,0x00000000800006FE] -> 0x01F0
[452] [M]: 0x00000000800006FC (0x01F00593) addi a1, zero, 0x1f
x11 <- 0x000000000000001F
mem[X,0x0000000080000700] -> 0x563B
mem[X,0x0000000080000702] -> 0x40B5
[453] [M]: 0x0000000080000700 (0x40B5563B) sraw a2, a0, a1
x12 <- 0xFFFFFFFFFFFFFFFF
mem[X,0x0000000080000704] -> 0x3423
mem[X,0x0000000080000706] -> 0x1AC3
[454] [M]: 0x0000000080000704 (0x1AC33423) sd a2, 0x1a8(t1)
mem[0x0000000080004340] <- 0xFFFFFFFFFFFFFFFF
mem[X,0x0000000080000708] -> 0x0513
mem[X,0x000000008000070A] -> 0xFFD0
[455] [M]: 0x0000000080000708 (0xFFD00513) addi a0, zero, -0x3
x10 <- 0xFFFFFFFFFFFFFFFD
mem[X,0x000000008000070C] -> 0x0593
mem[X,0x000000008000070E] -> 0x00A0
[456] [M]: 0x000000008000070C (0x00A00593) addi a1, zero, 0xa
x11 <- 0x000000000000000A
mem[X,0x0000000080000710] -> 0x563B
mem[X,0x0000000080000712] -> 0x40B5
[457] [M]: 0x0000000080000710 (0x40B5563B) sraw a2, a0, a1
x12 <- 0xFFFFFFFFFFFFFFFF
mem[X,0x0000000080000714] -> 0x3823
mem[X,0x0000000080000716] -> 0x1AC3
[458] [M]: 0x0000000080000714 (0x1AC33823) sd a2, 0x1b0(t1)
mem[0x0000000080004348] <- 0xFFFFFFFFFFFFFFFF
mem[X,0x0000000080000718] -> 0x0513
mem[X,0x000000008000071A] -> 0xFFB0
[459] [M]: 0x0000000080000718 (0xFFB00513) addi a0, zero, -0x5
x10 <- 0xFFFFFFFFFFFFFFFB
mem[X,0x000000008000071C] -> 0x0593
mem[X,0x000000008000071E] -> 0x01F0
[460] [M]: 0x000000008000071C (0x01F00593) addi a1, zero, 0x1f
x11 <- 0x000000000000001F
mem[X,0x0000000080000720] -> 0x563B
mem[X,0x0000000080000722] -> 0x40B5
[461] [M]: 0x0000000080000720 (0x40B5563B) sraw a2, a0, a1
x12 <- 0xFFFFFFFFFFFFFFFF
mem[X,0x0000000080000724] -> 0x3C23
mem[X,0x0000000080000726] -> 0x1AC3
[462] [M]: 0x0000000080000724 (0x1AC33C23) sd a2, 0x1b8(t1)
mem[0x0000000080004350] <- 0xFFFFFFFFFFFFFFFF
mem[X,0x0000000080000728] -> 0x0513
mem[X,0x000000008000072A] -> 0xFF70
[463] [M]: 0x0000000080000728 (0xFF700513) addi a0, zero, -0x9
x10 <- 0xFFFFFFFFFFFFFFF7
mem[X,0x000000008000072C] -> 0x0593
mem[X,0x000000008000072E] -> 0x0080
[464] [M]: 0x000000008000072C (0x00800593) addi a1, zero, 0x8
x11 <- 0x0000000000000008
mem[X,0x0000000080000730] -> 0x563B
mem[X,0x0000000080000732] -> 0x40B5
[465] [M]: 0x0000000080000730 (0x40B5563B) sraw a2, a0, a1
x12 <- 0xFFFFFFFFFFFFFFFF
mem[X,0x0000000080000734] -> 0x3023
mem[X,0x0000000080000736] -> 0x1CC3
[466] [M]: 0x0000000080000734 (0x1CC33023) sd a2, 0x1c0(t1)
mem[0x0000000080004358] <- 0xFFFFFFFFFFFFFFFF
mem[X,0x0000000080000738] -> 0x0513
mem[X,0x000000008000073A] -> 0xFEF0
[467] [M]: 0x0000000080000738 (0xFEF00513) addi a0, zero, -0x11
x10 <- 0xFFFFFFFFFFFFFFEF
mem[X,0x000000008000073C] -> 0x0593
mem[X,0x000000008000073E] -> 0x00D0
[468] [M]: 0x000000008000073C (0x00D00593) addi a1, zero, 0xd
x11 <- 0x000000000000000D
mem[X,0x0000000080000740] -> 0x563B
mem[X,0x0000000080000742] -> 0x40B5
[469] [M]: 0x0000000080000740 (0x40B5563B) sraw a2, a0, a1
x12 <- 0xFFFFFFFFFFFFFFFF
mem[X,0x0000000080000744] -> 0x3423
mem[X,0x0000000080000746] -> 0x1CC3
[470] [M]: 0x0000000080000744 (0x1CC33423) sd a2, 0x1c8(t1)
mem[0x0000000080004360] <- 0xFFFFFFFFFFFFFFFF
mem[X,0x0000000080000748] -> 0x0513
mem[X,0x000000008000074A] -> 0xFDF0
[471] [M]: 0x0000000080000748 (0xFDF00513) addi a0, zero, -0x21
x10 <- 0xFFFFFFFFFFFFFFDF
mem[X,0x000000008000074C] -> 0x0593
mem[X,0x000000008000074E] -> 0x0150
[472] [M]: 0x000000008000074C (0x01500593) addi a1, zero, 0x15
x11 <- 0x0000000000000015
mem[X,0x0000000080000750] -> 0x563B
mem[X,0x0000000080000752] -> 0x40B5
[473] [M]: 0x0000000080000750 (0x40B5563B) sraw a2, a0, a1
x12 <- 0xFFFFFFFFFFFFFFFF
mem[X,0x0000000080000754] -> 0x3823
mem[X,0x0000000080000756] -> 0x1CC3
[474] [M]: 0x0000000080000754 (0x1CC33823) sd a2, 0x1d0(t1)
mem[0x0000000080004368] <- 0xFFFFFFFFFFFFFFFF
mem[X,0x0000000080000758] -> 0x0513
mem[X,0x000000008000075A] -> 0xFBF0
[475] [M]: 0x0000000080000758 (0xFBF00513) addi a0, zero, -0x41
x10 <- 0xFFFFFFFFFFFFFFBF
mem[X,0x000000008000075C] -> 0x0593
mem[X,0x000000008000075E] -> 0x0150
[476] [M]: 0x000000008000075C (0x01500593) addi a1, zero, 0x15
x11 <- 0x0000000000000015
mem[X,0x0000000080000760] -> 0x563B
mem[X,0x0000000080000762] -> 0x40B5
[477] [M]: 0x0000000080000760 (0x40B5563B) sraw a2, a0, a1
x12 <- 0xFFFFFFFFFFFFFFFF
mem[X,0x0000000080000764] -> 0x3C23
mem[X,0x0000000080000766] -> 0x1CC3
[478] [M]: 0x0000000080000764 (0x1CC33C23) sd a2, 0x1d8(t1)
mem[0x0000000080004370] <- 0xFFFFFFFFFFFFFFFF
mem[X,0x0000000080000768] -> 0x0513
mem[X,0x000000008000076A] -> 0xF7F0
[479] [M]: 0x0000000080000768 (0xF7F00513) addi a0, zero, -0x81
x10 <- 0xFFFFFFFFFFFFFF7F
mem[X,0x000000008000076C] -> 0x0593
mem[X,0x000000008000076E] -> 0x0020
[480] [M]: 0x000000008000076C (0x00200593) addi a1, zero, 0x2
x11 <- 0x0000000000000002
mem[X,0x0000000080000770] -> 0x563B
mem[X,0x0000000080000772] -> 0x40B5
[481] [M]: 0x0000000080000770 (0x40B5563B) sraw a2, a0, a1
x12 <- 0xFFFFFFFFFFFFFFDF
mem[X,0x0000000080000774] -> 0x3023
mem[X,0x0000000080000776] -> 0x1EC3
[482] [M]: 0x0000000080000774 (0x1EC33023) sd a2, 0x1e0(t1)
mem[0x0000000080004378] <- 0xFFFFFFFFFFFFFFDF
mem[X,0x0000000080000778] -> 0x0513
mem[X,0x000000008000077A] -> 0xDFF0
[483] [M]: 0x0000000080000778 (0xDFF00513) addi a0, zero, -0x201
x10 <- 0xFFFFFFFFFFFFFDFF
mem[X,0x000000008000077C] -> 0x0593
mem[X,0x000000008000077E] -> 0x0090
[484] [M]: 0x000000008000077C (0x00900593) addi a1, zero, 0x9
x11 <- 0x0000000000000009
mem[X,0x0000000080000780] -> 0x563B
mem[X,0x0000000080000782] -> 0x40B5
[485] [M]: 0x0000000080000780 (0x40B5563B) sraw a2, a0, a1
x12 <- 0xFFFFFFFFFFFFFFFE
mem[X,0x0000000080000784] -> 0x3423
mem[X,0x0000000080000786] -> 0x1EC3
[486] [M]: 0x0000000080000784 (0x1EC33423) sd a2, 0x1e8(t1)
mem[0x0000000080004380] <- 0xFFFFFFFFFFFFFFFE
mem[X,0x0000000080000788] -> 0x0513
mem[X,0x000000008000078A] -> 0xBFF0
[487] [M]: 0x0000000080000788 (0xBFF00513) addi a0, zero, -0x401
x10 <- 0xFFFFFFFFFFFFFBFF
mem[X,0x000000008000078C] -> 0x0593
mem[X,0x000000008000078E] -> 0x0150
[488] [M]: 0x000000008000078C (0x01500593) addi a1, zero, 0x15
x11 <- 0x0000000000000015
mem[X,0x0000000080000790] -> 0x563B
mem[X,0x0000000080000792] -> 0x40B5
[489] [M]: 0x0000000080000790 (0x40B5563B) sraw a2, a0, a1
x12 <- 0xFFFFFFFFFFFFFFFF
mem[X,0x0000000080000794] -> 0x3823
mem[X,0x0000000080000796] -> 0x1EC3
[490] [M]: 0x0000000080000794 (0x1EC33823) sd a2, 0x1f0(t1)
mem[0x0000000080004388] <- 0xFFFFFFFFFFFFFFFF
mem[X,0x0000000080000798] -> 0x0513
mem[X,0x000000008000079A] -> 0x0010
[491] [M]: 0x0000000080000798 (0x00100513) addi a0, zero, 0x1
x10 <- 0x0000000000000001
mem[X,0x000000008000079C] -> 0x1513
mem[X,0x000000008000079E] -> 0x00B5
[492] [M]: 0x000000008000079C (0x00B51513) slli a0, a0, 0xb
x10 <- 0x0000000000000800
mem[X,0x00000000800007A0] -> 0x4513
mem[X,0x00000000800007A2] -> 0xFFF5
[493] [M]: 0x00000000800007A0 (0xFFF54513) xori a0, a0, -0x1
x10 <- 0xFFFFFFFFFFFFF7FF
mem[X,0x00000000800007A4] -> 0x0593
mem[X,0x00000000800007A6] -> 0x0170
[494] [M]: 0x00000000800007A4 (0x01700593) addi a1, zero, 0x17
x11 <- 0x0000000000000017
mem[X,0x00000000800007A8] -> 0x563B
mem[X,0x00000000800007AA] -> 0x40B5
[495] [M]: 0x00000000800007A8 (0x40B5563B) sraw a2, a0, a1
x12 <- 0xFFFFFFFFFFFFFFFF
mem[X,0x00000000800007AC] -> 0x3C23
mem[X,0x00000000800007AE] -> 0x1EC3
[496] [M]: 0x00000000800007AC (0x1EC33C23) sd a2, 0x1f8(t1)
mem[0x0000000080004390] <- 0xFFFFFFFFFFFFFFFF
mem[X,0x00000000800007B0] -> 0x0513
mem[X,0x00000000800007B2] -> 0x0010
[497] [M]: 0x00000000800007B0 (0x00100513) addi a0, zero, 0x1
x10 <- 0x0000000000000001
mem[X,0x00000000800007B4] -> 0x1513
mem[X,0x00000000800007B6] -> 0x00C5
[498] [M]: 0x00000000800007B4 (0x00C51513) slli a0, a0, 0xc
x10 <- 0x0000000000001000
mem[X,0x00000000800007B8] -> 0x4513
mem[X,0x00000000800007BA] -> 0xFFF5
[499] [M]: 0x00000000800007B8 (0xFFF54513) xori a0, a0, -0x1
x10 <- 0xFFFFFFFFFFFFEFFF
clint::tick mtime <- 0x0000000000000005
 clint timer pending at mtime 0x0000000000000005
htif::tick 0x0000000000000000
mem[X,0x00000000800007BC] -> 0x0593
mem[X,0x00000000800007BE] -> 0x0040
[500] [M]: 0x00000000800007BC (0x00400593) addi a1, zero, 0x4
x11 <- 0x0000000000000004
mem[X,0x00000000800007C0] -> 0x563B
mem[X,0x00000000800007C2] -> 0x40B5
[501] [M]: 0x00000000800007C0 (0x40B5563B) sraw a2, a0, a1
x12 <- 0xFFFFFFFFFFFFFEFF
mem[X,0x00000000800007C4] -> 0x3023
mem[X,0x00000000800007C6] -> 0x20C3
[502] [M]: 0x00000000800007C4 (0x20C33023) sd a2, 0x200(t1)
mem[0x0000000080004398] <- 0xFFFFFFFFFFFFFEFF
mem[X,0x00000000800007C8] -> 0x0513
mem[X,0x00000000800007CA] -> 0x0010
[503] [M]: 0x00000000800007C8 (0x00100513) addi a0, zero, 0x1
x10 <- 0x0000000000000001
mem[X,0x00000000800007CC] -> 0x1513
mem[X,0x00000000800007CE] -> 0x00D5
[504] [M]: 0x00000000800007CC (0x00D51513) slli a0, a0, 0xd
x10 <- 0x0000000000002000
mem[X,0x00000000800007D0] -> 0x4513
mem[X,0x00000000800007D2] -> 0xFFF5
[505] [M]: 0x00000000800007D0 (0xFFF54513) xori a0, a0, -0x1
x10 <- 0xFFFFFFFFFFFFDFFF
mem[X,0x00000000800007D4] -> 0x0593
mem[X,0x00000000800007D6] -> 0x0050
[506] [M]: 0x00000000800007D4 (0x00500593) addi a1, zero, 0x5
x11 <- 0x0000000000000005
mem[X,0x00000000800007D8] -> 0x563B
mem[X,0x00000000800007DA] -> 0x40B5
[507] [M]: 0x00000000800007D8 (0x40B5563B) sraw a2, a0, a1
x12 <- 0xFFFFFFFFFFFFFEFF
mem[X,0x00000000800007DC] -> 0x3423
mem[X,0x00000000800007DE] -> 0x20C3
[508] [M]: 0x00000000800007DC (0x20C33423) sd a2, 0x208(t1)
mem[0x00000000800043A0] <- 0xFFFFFFFFFFFFFEFF
mem[X,0x00000000800007E0] -> 0x0513
mem[X,0x00000000800007E2] -> 0x0010
[509] [M]: 0x00000000800007E0 (0x00100513) addi a0, zero, 0x1
x10 <- 0x0000000000000001
mem[X,0x00000000800007E4] -> 0x1513
mem[X,0x00000000800007E6] -> 0x00E5
[510] [M]: 0x00000000800007E4 (0x00E51513) slli a0, a0, 0xe
x10 <- 0x0000000000004000
mem[X,0x00000000800007E8] -> 0x4513
mem[X,0x00000000800007EA] -> 0xFFF5
[511] [M]: 0x00000000800007E8 (0xFFF54513) xori a0, a0, -0x1
x10 <- 0xFFFFFFFFFFFFBFFF
mem[X,0x00000000800007EC] -> 0x0593
mem[X,0x00000000800007EE] -> 0x0000
[512] [M]: 0x00000000800007EC (0x00000593) addi a1, zero, 0x0
x11 <- 0x0000000000000000
mem[X,0x00000000800007F0] -> 0x563B
mem[X,0x00000000800007F2] -> 0x40B5
[513] [M]: 0x00000000800007F0 (0x40B5563B) sraw a2, a0, a1
x12 <- 0xFFFFFFFFFFFFBFFF
mem[X,0x00000000800007F4] -> 0x3823
mem[X,0x00000000800007F6] -> 0x20C3
[514] [M]: 0x00000000800007F4 (0x20C33823) sd a2, 0x210(t1)
mem[0x00000000800043A8] <- 0xFFFFFFFFFFFFBFFF
mem[X,0x00000000800007F8] -> 0x0513
mem[X,0x00000000800007FA] -> 0x0010
[515] [M]: 0x00000000800007F8 (0x00100513) addi a0, zero, 0x1
x10 <- 0x0000000000000001
mem[X,0x00000000800007FC] -> 0x1513
mem[X,0x00000000800007FE] -> 0x00F5
[516] [M]: 0x00000000800007FC (0x00F51513) slli a0, a0, 0xf
x10 <- 0x0000000000008000
mem[X,0x0000000080000800] -> 0x4513
mem[X,0x0000000080000802] -> 0xFFF5
[517] [M]: 0x0000000080000800 (0xFFF54513) xori a0, a0, -0x1
x10 <- 0xFFFFFFFFFFFF7FFF
mem[X,0x0000000080000804] -> 0x0593
mem[X,0x0000000080000806] -> 0x0070
[518] [M]: 0x0000000080000804 (0x00700593) addi a1, zero, 0x7
x11 <- 0x0000000000000007
mem[X,0x0000000080000808] -> 0x563B
mem[X,0x000000008000080A] -> 0x40B5
[519] [M]: 0x0000000080000808 (0x40B5563B) sraw a2, a0, a1
x12 <- 0xFFFFFFFFFFFFFEFF
mem[X,0x000000008000080C] -> 0x3C23
mem[X,0x000000008000080E] -> 0x20C3
[520] [M]: 0x000000008000080C (0x20C33C23) sd a2, 0x218(t1)
mem[0x00000000800043B0] <- 0xFFFFFFFFFFFFFEFF
mem[X,0x0000000080000810] -> 0x0513
mem[X,0x0000000080000812] -> 0x0010
[521] [M]: 0x0000000080000810 (0x00100513) addi a0, zero, 0x1
x10 <- 0x0000000000000001
mem[X,0x0000000080000814] -> 0x1513
mem[X,0x0000000080000816] -> 0x0105
[522] [M]: 0x0000000080000814 (0x01051513) slli a0, a0, 0x10
x10 <- 0x0000000000010000
mem[X,0x0000000080000818] -> 0x4513
mem[X,0x000000008000081A] -> 0xFFF5
[523] [M]: 0x0000000080000818 (0xFFF54513) xori a0, a0, -0x1
x10 <- 0xFFFFFFFFFFFEFFFF
mem[X,0x000000008000081C] -> 0x0593
mem[X,0x000000008000081E] -> 0x01F0
[524] [M]: 0x000000008000081C (0x01F00593) addi a1, zero, 0x1f
x11 <- 0x000000000000001F
mem[X,0x0000000080000820] -> 0x563B
mem[X,0x0000000080000822] -> 0x40B5
[525] [M]: 0x0000000080000820 (0x40B5563B) sraw a2, a0, a1
x12 <- 0xFFFFFFFFFFFFFFFF
mem[X,0x0000000080000824] -> 0x3023
mem[X,0x0000000080000826] -> 0x22C3
[526] [M]: 0x0000000080000824 (0x22C33023) sd a2, 0x220(t1)
mem[0x00000000800043B8] <- 0xFFFFFFFFFFFFFFFF
mem[X,0x0000000080000828] -> 0x0513
mem[X,0x000000008000082A] -> 0x0010
[527] [M]: 0x0000000080000828 (0x00100513) addi a0, zero, 0x1
x10 <- 0x0000000000000001
mem[X,0x000000008000082C] -> 0x1513
mem[X,0x000000008000082E] -> 0x0125
[528] [M]: 0x000000008000082C (0x01251513) slli a0, a0, 0x12
x10 <- 0x0000000000040000
mem[X,0x0000000080000830] -> 0x4513
mem[X,0x0000000080000832] -> 0xFFF5
[529] [M]: 0x0000000080000830 (0xFFF54513) xori a0, a0, -0x1
x10 <- 0xFFFFFFFFFFFBFFFF
mem[X,0x0000000080000834] -> 0x0593
mem[X,0x0000000080000836] -> 0x00B0
[530] [M]: 0x0000000080000834 (0x00B00593) addi a1, zero, 0xb
x11 <- 0x000000000000000B
mem[X,0x0000000080000838] -> 0x563B
mem[X,0x000000008000083A] -> 0x40B5
[531] [M]: 0x0000000080000838 (0x40B5563B) sraw a2, a0, a1
x12 <- 0xFFFFFFFFFFFFFF7F
mem[X,0x000000008000083C] -> 0x3423
mem[X,0x000000008000083E] -> 0x22C3
[532] [M]: 0x000000008000083C (0x22C33423) sd a2, 0x228(t1)
mem[0x00000000800043C0] <- 0xFFFFFFFFFFFFFF7F
mem[X,0x0000000080000840] -> 0x0513
mem[X,0x0000000080000842] -> 0x0010
[533] [M]: 0x0000000080000840 (0x00100513) addi a0, zero, 0x1
x10 <- 0x0000000000000001
mem[X,0x0000000080000844] -> 0x1513
mem[X,0x0000000080000846] -> 0x0135
[534] [M]: 0x0000000080000844 (0x01351513) slli a0, a0, 0x13
x10 <- 0x0000000000080000
mem[X,0x0000000080000848] -> 0x4513
mem[X,0x000000008000084A] -> 0xFFF5
[535] [M]: 0x0000000080000848 (0xFFF54513) xori a0, a0, -0x1
x10 <- 0xFFFFFFFFFFF7FFFF
mem[X,0x000000008000084C] -> 0x0593
mem[X,0x000000008000084E] -> 0x0060
[536] [M]: 0x000000008000084C (0x00600593) addi a1, zero, 0x6
x11 <- 0x0000000000000006
mem[X,0x0000000080000850] -> 0x563B
mem[X,0x0000000080000852] -> 0x40B5
[537] [M]: 0x0000000080000850 (0x40B5563B) sraw a2, a0, a1
x12 <- 0xFFFFFFFFFFFFDFFF
mem[X,0x0000000080000854] -> 0x3823
mem[X,0x0000000080000856] -> 0x22C3
[538] [M]: 0x0000000080000854 (0x22C33823) sd a2, 0x230(t1)
mem[0x00000000800043C8] <- 0xFFFFFFFFFFFFDFFF
mem[X,0x0000000080000858] -> 0x0513
mem[X,0x000000008000085A] -> 0x0010
[539] [M]: 0x0000000080000858 (0x00100513) addi a0, zero, 0x1
x10 <- 0x0000000000000001
mem[X,0x000000008000085C] -> 0x1513
mem[X,0x000000008000085E] -> 0x0145
[540] [M]: 0x000000008000085C (0x01451513) slli a0, a0, 0x14
x10 <- 0x0000000000100000
mem[X,0x0000000080000860] -> 0x4513
mem[X,0x0000000080000862] -> 0xFFF5
[541] [M]: 0x0000000080000860 (0xFFF54513) xori a0, a0, -0x1
x10 <- 0xFFFFFFFFFFEFFFFF
mem[X,0x0000000080000864] -> 0x0593
mem[X,0x0000000080000866] -> 0x0050
[542] [M]: 0x0000000080000864 (0x00500593) addi a1, zero, 0x5
x11 <- 0x0000000000000005
mem[X,0x0000000080000868] -> 0x563B
mem[X,0x000000008000086A] -> 0x40B5
[543] [M]: 0x0000000080000868 (0x40B5563B) sraw a2, a0, a1
x12 <- 0xFFFFFFFFFFFF7FFF
mem[X,0x000000008000086C] -> 0x3C23
mem[X,0x000000008000086E] -> 0x22C3
[544] [M]: 0x000000008000086C (0x22C33C23) sd a2, 0x238(t1)
mem[0x00000000800043D0] <- 0xFFFFFFFFFFFF7FFF
mem[X,0x0000000080000870] -> 0x0513
mem[X,0x0000000080000872] -> 0x0010
[545] [M]: 0x0000000080000870 (0x00100513) addi a0, zero, 0x1
x10 <- 0x0000000000000001
mem[X,0x0000000080000874] -> 0x1513
mem[X,0x0000000080000876] -> 0x0375
[546] [M]: 0x0000000080000874 (0x03751513) slli a0, a0, 0x37
x10 <- 0x0080000000000000
mem[X,0x0000000080000878] -> 0x4513
mem[X,0x000000008000087A] -> 0xFFF5
[547] [M]: 0x0000000080000878 (0xFFF54513) xori a0, a0, -0x1
x10 <- 0xFF7FFFFFFFFFFFFF
mem[X,0x000000008000087C] -> 0x0593
mem[X,0x000000008000087E] -> 0x00B0
[548] [M]: 0x000000008000087C (0x00B00593) addi a1, zero, 0xb
x11 <- 0x000000000000000B
mem[X,0x0000000080000880] -> 0x563B
mem[X,0x0000000080000882] -> 0x40B5
[549] [M]: 0x0000000080000880 (0x40B5563B) sraw a2, a0, a1
x12 <- 0xFFFFFFFFFFFFFFFF
mem[X,0x0000000080000884] -> 0x3023
mem[X,0x0000000080000886] -> 0x24C3
[550] [M]: 0x0000000080000884 (0x24C33023) sd a2, 0x240(t1)
mem[0x00000000800043D8] <- 0xFFFFFFFFFFFFFFFF
mem[X,0x0000000080000888] -> 0x0513
mem[X,0x000000008000088A] -> 0x0010
[551] [M]: 0x0000000080000888 (0x00100513) addi a0, zero, 0x1
x10 <- 0x0000000000000001
mem[X,0x000000008000088C] -> 0x1513
mem[X,0x000000008000088E] -> 0x0385
[552] [M]: 0x000000008000088C (0x03851513) slli a0, a0, 0x38
x10 <- 0x0100000000000000
mem[X,0x0000000080000890] -> 0x4513
mem[X,0x0000000080000892] -> 0xFFF5
[553] [M]: 0x0000000080000890 (0xFFF54513) xori a0, a0, -0x1
x10 <- 0xFEFFFFFFFFFFFFFF
mem[X,0x0000000080000894] -> 0x0593
mem[X,0x0000000080000896] -> 0x0170
[554] [M]: 0x0000000080000894 (0x01700593) addi a1, zero, 0x17
x11 <- 0x0000000000000017
mem[X,0x0000000080000898] -> 0x563B
mem[X,0x000000008000089A] -> 0x40B5
[555] [M]: 0x0000000080000898 (0x40B5563B) sraw a2, a0, a1
x12 <- 0xFFFFFFFFFFFFFFFF
mem[X,0x000000008000089C] -> 0x3423
mem[X,0x000000008000089E] -> 0x24C3
[556] [M]: 0x000000008000089C (0x24C33423) sd a2, 0x248(t1)
mem[0x00000000800043E0] <- 0xFFFFFFFFFFFFFFFF
mem[X,0x00000000800008A0] -> 0x0513
mem[X,0x00000000800008A2] -> 0x0010
[557] [M]: 0x00000000800008A0 (0x00100513) addi a0, zero, 0x1
x10 <- 0x0000000000000001
mem[X,0x00000000800008A4] -> 0x1513
mem[X,0x00000000800008A6] -> 0x0395
[558] [M]: 0x00000000800008A4 (0x03951513) slli a0, a0, 0x39
x10 <- 0x0200000000000000
mem[X,0x00000000800008A8] -> 0x4513
mem[X,0x00000000800008AA] -> 0xFFF5
[559] [M]: 0x00000000800008A8 (0xFFF54513) xori a0, a0, -0x1
x10 <- 0xFDFFFFFFFFFFFFFF
mem[X,0x00000000800008AC] -> 0x0593
mem[X,0x00000000800008AE] -> 0x0100
[560] [M]: 0x00000000800008AC (0x01000593) addi a1, zero, 0x10
x11 <- 0x0000000000000010
mem[X,0x00000000800008B0] -> 0x563B
mem[X,0x00000000800008B2] -> 0x40B5
[561] [M]: 0x00000000800008B0 (0x40B5563B) sraw a2, a0, a1
x12 <- 0xFFFFFFFFFFFFFFFF
mem[X,0x00000000800008B4] -> 0x3823
mem[X,0x00000000800008B6] -> 0x24C3
[562] [M]: 0x00000000800008B4 (0x24C33823) sd a2, 0x250(t1)
mem[0x00000000800043E8] <- 0xFFFFFFFFFFFFFFFF
mem[X,0x00000000800008B8] -> 0x0513
mem[X,0x00000000800008BA] -> 0x0010
[563] [M]: 0x00000000800008B8 (0x00100513) addi a0, zero, 0x1
x10 <- 0x0000000000000001
mem[X,0x00000000800008BC] -> 0x1513
mem[X,0x00000000800008BE] -> 0x03A5
[564] [M]: 0x00000000800008BC (0x03A51513) slli a0, a0, 0x3a
x10 <- 0x0400000000000000
mem[X,0x00000000800008C0] -> 0x4513
mem[X,0x00000000800008C2] -> 0xFFF5
[565] [M]: 0x00000000800008C0 (0xFFF54513) xori a0, a0, -0x1
x10 <- 0xFBFFFFFFFFFFFFFF
mem[X,0x00000000800008C4] -> 0x0593
mem[X,0x00000000800008C6] -> 0x0110
[566] [M]: 0x00000000800008C4 (0x01100593) addi a1, zero, 0x11
x11 <- 0x0000000000000011
mem[X,0x00000000800008C8] -> 0x563B
mem[X,0x00000000800008CA] -> 0x40B5
[567] [M]: 0x00000000800008C8 (0x40B5563B) sraw a2, a0, a1
x12 <- 0xFFFFFFFFFFFFFFFF
mem[X,0x00000000800008CC] -> 0x3C23
mem[X,0x00000000800008CE] -> 0x24C3
[568] [M]: 0x00000000800008CC (0x24C33C23) sd a2, 0x258(t1)
mem[0x00000000800043F0] <- 0xFFFFFFFFFFFFFFFF
mem[X,0x00000000800008D0] -> 0x0513
mem[X,0x00000000800008D2] -> 0x0010
[569] [M]: 0x00000000800008D0 (0x00100513) addi a0, zero, 0x1
x10 <- 0x0000000000000001
mem[X,0x00000000800008D4] -> 0x1513
mem[X,0x00000000800008D6] -> 0x03B5
[570] [M]: 0x00000000800008D4 (0x03B51513) slli a0, a0, 0x3b
x10 <- 0x0800000000000000
mem[X,0x00000000800008D8] -> 0x4513
mem[X,0x00000000800008DA] -> 0xFFF5
[571] [M]: 0x00000000800008D8 (0xFFF54513) xori a0, a0, -0x1
x10 <- 0xF7FFFFFFFFFFFFFF
mem[X,0x00000000800008DC] -> 0x0593
mem[X,0x00000000800008DE] -> 0x0000
[572] [M]: 0x00000000800008DC (0x00000593) addi a1, zero, 0x0
x11 <- 0x0000000000000000
mem[X,0x00000000800008E0] -> 0x563B
mem[X,0x00000000800008E2] -> 0x40B5
[573] [M]: 0x00000000800008E0 (0x40B5563B) sraw a2, a0, a1
x12 <- 0xFFFFFFFFFFFFFFFF
mem[X,0x00000000800008E4] -> 0x3023
mem[X,0x00000000800008E6] -> 0x26C3
[574] [M]: 0x00000000800008E4 (0x26C33023) sd a2, 0x260(t1)
mem[0x00000000800043F8] <- 0xFFFFFFFFFFFFFFFF
mem[X,0x00000000800008E8] -> 0x0513
mem[X,0x00000000800008EA] -> 0x0010
[575] [M]: 0x00000000800008E8 (0x00100513) addi a0, zero, 0x1
x10 <- 0x0000000000000001
mem[X,0x00000000800008EC] -> 0x1513
mem[X,0x00000000800008EE] -> 0x03C5
[576] [M]: 0x00000000800008EC (0x03C51513) slli a0, a0, 0x3c
x10 <- 0x1000000000000000
mem[X,0x00000000800008F0] -> 0x4513
mem[X,0x00000000800008F2] -> 0xFFF5
[577] [M]: 0x00000000800008F0 (0xFFF54513) xori a0, a0, -0x1
x10 <- 0xEFFFFFFFFFFFFFFF
mem[X,0x00000000800008F4] -> 0x0593
mem[X,0x00000000800008F6] -> 0x0000
[578] [M]: 0x00000000800008F4 (0x00000593) addi a1, zero, 0x0
x11 <- 0x0000000000000000
mem[X,0x00000000800008F8] -> 0x563B
mem[X,0x00000000800008FA] -> 0x40B5
[579] [M]: 0x00000000800008F8 (0x40B5563B) sraw a2, a0, a1
x12 <- 0xFFFFFFFFFFFFFFFF
mem[X,0x00000000800008FC] -> 0x3423
mem[X,0x00000000800008FE] -> 0x26C3
[580] [M]: 0x00000000800008FC (0x26C33423) sd a2, 0x268(t1)
mem[0x0000000080004400] <- 0xFFFFFFFFFFFFFFFF
mem[X,0x0000000080000900] -> 0x0513
mem[X,0x0000000080000902] -> 0x0010
[581] [M]: 0x0000000080000900 (0x00100513) addi a0, zero, 0x1
x10 <- 0x0000000000000001
mem[X,0x0000000080000904] -> 0x1513
mem[X,0x0000000080000906] -> 0x03D5
[582] [M]: 0x0000000080000904 (0x03D51513) slli a0, a0, 0x3d
x10 <- 0x2000000000000000
mem[X,0x0000000080000908] -> 0x4513
mem[X,0x000000008000090A] -> 0xFFF5
[583] [M]: 0x0000000080000908 (0xFFF54513) xori a0, a0, -0x1
x10 <- 0xDFFFFFFFFFFFFFFF
mem[X,0x000000008000090C] -> 0x0593
mem[X,0x000000008000090E] -> 0x01D0
[584] [M]: 0x000000008000090C (0x01D00593) addi a1, zero, 0x1d
x11 <- 0x000000000000001D
mem[X,0x0000000080000910] -> 0x563B
mem[X,0x0000000080000912] -> 0x40B5
[585] [M]: 0x0000000080000910 (0x40B5563B) sraw a2, a0, a1
x12 <- 0xFFFFFFFFFFFFFFFF
mem[X,0x0000000080000914] -> 0x3823
mem[X,0x0000000080000916] -> 0x26C3
[586] [M]: 0x0000000080000914 (0x26C33823) sd a2, 0x270(t1)
mem[0x0000000080004408] <- 0xFFFFFFFFFFFFFFFF
mem[X,0x0000000080000918] -> 0x0513
mem[X,0x000000008000091A] -> 0x0010
[587] [M]: 0x0000000080000918 (0x00100513) addi a0, zero, 0x1
x10 <- 0x0000000000000001
mem[X,0x000000008000091C] -> 0x1513
mem[X,0x000000008000091E] -> 0x03E5
[588] [M]: 0x000000008000091C (0x03E51513) slli a0, a0, 0x3e
x10 <- 0x4000000000000000
mem[X,0x0000000080000920] -> 0x4513
mem[X,0x0000000080000922] -> 0xFFF5
[589] [M]: 0x0000000080000920 (0xFFF54513) xori a0, a0, -0x1
x10 <- 0xBFFFFFFFFFFFFFFF
mem[X,0x0000000080000924] -> 0x0593
mem[X,0x0000000080000926] -> 0x0070
[590] [M]: 0x0000000080000924 (0x00700593) addi a1, zero, 0x7
x11 <- 0x0000000000000007
mem[X,0x0000000080000928] -> 0x563B
mem[X,0x000000008000092A] -> 0x40B5
[591] [M]: 0x0000000080000928 (0x40B5563B) sraw a2, a0, a1
x12 <- 0xFFFFFFFFFFFFFFFF
mem[X,0x000000008000092C] -> 0x3C23
mem[X,0x000000008000092E] -> 0x26C3
[592] [M]: 0x000000008000092C (0x26C33C23) sd a2, 0x278(t1)
mem[0x0000000080004410] <- 0xFFFFFFFFFFFFFFFF
mem[X,0x0000000080000930] -> 0x5537
mem[X,0x0000000080000932] -> 0x5555
[593] [M]: 0x0000000080000930 (0x55555537) lui a0, 0x55555
x10 <- 0x0000000055555000
mem[X,0x0000000080000934] -> 0x0513
mem[X,0x0000000080000936] -> 0x5555
[594] [M]: 0x0000000080000934 (0x55550513) addi a0, a0, 0x555
x10 <- 0x0000000055555555
mem[X,0x0000000080000938] -> 0x1513
mem[X,0x000000008000093A] -> 0x00B5
[595] [M]: 0x0000000080000938 (0x00B51513) slli a0, a0, 0xb
x10 <- 0x000002AAAAAAA800
mem[X,0x000000008000093C] -> 0x0513
mem[X,0x000000008000093E] -> 0x2AA5
[596] [M]: 0x000000008000093C (0x2AA50513) addi a0, a0, 0x2aa
x10 <- 0x000002AAAAAAAAAA
mem[X,0x0000000080000940] -> 0x1513
mem[X,0x0000000080000942] -> 0x00B5
[597] [M]: 0x0000000080000940 (0x00B51513) slli a0, a0, 0xb
x10 <- 0x0015555555555000
mem[X,0x0000000080000944] -> 0x0513
mem[X,0x0000000080000946] -> 0x5555
[598] [M]: 0x0000000080000944 (0x55550513) addi a0, a0, 0x555
x10 <- 0x0015555555555555
mem[X,0x0000000080000948] -> 0x1513
mem[X,0x000000008000094A] -> 0x00A5
[599] [M]: 0x0000000080000948 (0x00A51513) slli a0, a0, 0xa
x10 <- 0x5555555555555400
clint::tick mtime <- 0x0000000000000006
 clint timer pending at mtime 0x0000000000000006
htif::tick 0x0000000000000000
mem[X,0x000000008000094C] -> 0x0513
mem[X,0x000000008000094E] -> 0x1555
[600] [M]: 0x000000008000094C (0x15550513) addi a0, a0, 0x155
x10 <- 0x5555555555555555
mem[X,0x0000000080000950] -> 0x0593
mem[X,0x0000000080000952] -> 0x0070
[601] [M]: 0x0000000080000950 (0x00700593) addi a1, zero, 0x7
x11 <- 0x0000000000000007
mem[X,0x0000000080000954] -> 0x563B
mem[X,0x0000000080000956] -> 0x40B5
[602] [M]: 0x0000000080000954 (0x40B5563B) sraw a2, a0, a1
x12 <- 0x0000000000AAAAAA
mem[X,0x0000000080000958] -> 0x3023
mem[X,0x000000008000095A] -> 0x28C3
[603] [M]: 0x0000000080000958 (0x28C33023) sd a2, 0x280(t1)
mem[0x0000000080004418] <- 0x0000000000AAAAAA
mem[X,0x000000008000095C] -> 0xB537
mem[X,0x000000008000095E] -> 0xAAAA
[604] [M]: 0x000000008000095C (0xAAAAB537) lui a0, -0x55555
x10 <- 0xFFFFFFFFAAAAB000
mem[X,0x0000000080000960] -> 0x0513
mem[X,0x0000000080000962] -> 0xAAA5
[605] [M]: 0x0000000080000960 (0xAAA50513) addi a0, a0, -0x556
x10 <- 0xFFFFFFFFAAAAAAAA
mem[X,0x0000000080000964] -> 0x1513
mem[X,0x0000000080000966] -> 0x00B5
[606] [M]: 0x0000000080000964 (0x00B51513) slli a0, a0, 0xb
x10 <- 0xFFFFFD5555555000
mem[X,0x0000000080000968] -> 0x0513
mem[X,0x000000008000096A] -> 0x5555
[607] [M]: 0x0000000080000968 (0x55550513) addi a0, a0, 0x555
x10 <- 0xFFFFFD5555555555
mem[X,0x000000008000096C] -> 0x1513
mem[X,0x000000008000096E] -> 0x00B5
[608] [M]: 0x000000008000096C (0x00B51513) slli a0, a0, 0xb
x10 <- 0xFFEAAAAAAAAAA800
mem[X,0x0000000080000970] -> 0x0513
mem[X,0x0000000080000972] -> 0x2AA5
[609] [M]: 0x0000000080000970 (0x2AA50513) addi a0, a0, 0x2aa
x10 <- 0xFFEAAAAAAAAAAAAA
mem[X,0x0000000080000974] -> 0x1513
mem[X,0x0000000080000976] -> 0x00A5
[610] [M]: 0x0000000080000974 (0x00A51513) slli a0, a0, 0xa
x10 <- 0xAAAAAAAAAAAAA800
mem[X,0x0000000080000978] -> 0x0513
mem[X,0x000000008000097A] -> 0x2AA5
[611] [M]: 0x0000000080000978 (0x2AA50513) addi a0, a0, 0x2aa
x10 <- 0xAAAAAAAAAAAAAAAA
mem[X,0x000000008000097C] -> 0x0593
mem[X,0x000000008000097E] -> 0x0090
[612] [M]: 0x000000008000097C (0x00900593) addi a1, zero, 0x9
x11 <- 0x0000000000000009
mem[X,0x0000000080000980] -> 0x563B
mem[X,0x0000000080000982] -> 0x40B5
[613] [M]: 0x0000000080000980 (0x40B5563B) sraw a2, a0, a1
x12 <- 0xFFFFFFFFFFD55555
mem[X,0x0000000080000984] -> 0x3423
mem[X,0x0000000080000986] -> 0x28C3
[614] [M]: 0x0000000080000984 (0x28C33423) sd a2, 0x288(t1)
mem[0x0000000080004420] <- 0xFFFFFFFFFFD55555
mem[X,0x0000000080000988] -> 0x0513
mem[X,0x000000008000098A] -> 0x0030
[615] [M]: 0x0000000080000988 (0x00300513) addi a0, zero, 0x3
x10 <- 0x0000000000000003
mem[X,0x000000008000098C] -> 0x0593
mem[X,0x000000008000098E] -> 0x0120
[616] [M]: 0x000000008000098C (0x01200593) addi a1, zero, 0x12
x11 <- 0x0000000000000012
mem[X,0x0000000080000990] -> 0x563B
mem[X,0x0000000080000992] -> 0x40B5
[617] [M]: 0x0000000080000990 (0x40B5563B) sraw a2, a0, a1
x12 <- 0x0000000000000000
mem[X,0x0000000080000994] -> 0x3823
mem[X,0x0000000080000996] -> 0x28C3
[618] [M]: 0x0000000080000994 (0x28C33823) sd a2, 0x290(t1)
mem[0x0000000080004428] <- 0x0000000000000000
mem[X,0x0000000080000998] -> 0x0513
mem[X,0x000000008000099A] -> 0x0050
[619] [M]: 0x0000000080000998 (0x00500513) addi a0, zero, 0x5
x10 <- 0x0000000000000005
mem[X,0x000000008000099C] -> 0x0593
mem[X,0x000000008000099E] -> 0x0010
[620] [M]: 0x000000008000099C (0x00100593) addi a1, zero, 0x1
x11 <- 0x0000000000000001
mem[X,0x00000000800009A0] -> 0x563B
mem[X,0x00000000800009A2] -> 0x40B5
[621] [M]: 0x00000000800009A0 (0x40B5563B) sraw a2, a0, a1
x12 <- 0x0000000000000002
mem[X,0x00000000800009A4] -> 0x3C23
mem[X,0x00000000800009A6] -> 0x28C3
[622] [M]: 0x00000000800009A4 (0x28C33C23) sd a2, 0x298(t1)
mem[0x0000000080004430] <- 0x0000000000000002
mem[X,0x00000000800009A8] -> 0x3537
mem[X,0x00000000800009AA] -> 0x3333
[623] [M]: 0x00000000800009A8 (0x33333537) lui a0, 0x33333
x10 <- 0x0000000033333000
mem[X,0x00000000800009AC] -> 0x0513
mem[X,0x00000000800009AE] -> 0x3335
[624] [M]: 0x00000000800009AC (0x33350513) addi a0, a0, 0x333
x10 <- 0x0000000033333333
mem[X,0x00000000800009B0] -> 0x1513
mem[X,0x00000000800009B2] -> 0x00B5
[625] [M]: 0x00000000800009B0 (0x00B51513) slli a0, a0, 0xb
x10 <- 0x0000019999999800
mem[X,0x00000000800009B4] -> 0x0513
mem[X,0x00000000800009B6] -> 0x1995
[626] [M]: 0x00000000800009B4 (0x19950513) addi a0, a0, 0x199
x10 <- 0x0000019999999999
mem[X,0x00000000800009B8] -> 0x1513
mem[X,0x00000000800009BA] -> 0x00B5
[627] [M]: 0x00000000800009B8 (0x00B51513) slli a0, a0, 0xb
x10 <- 0x000CCCCCCCCCC800
mem[X,0x00000000800009BC] -> 0x0513
mem[X,0x00000000800009BE] -> 0x4CC5
[628] [M]: 0x00000000800009BC (0x4CC50513) addi a0, a0, 0x4cc
x10 <- 0x000CCCCCCCCCCCCC
mem[X,0x00000000800009C0] -> 0x1513
mem[X,0x00000000800009C2] -> 0x00A5
[629] [M]: 0x00000000800009C0 (0x00A51513) slli a0, a0, 0xa
x10 <- 0x3333333333333000
mem[X,0x00000000800009C4] -> 0x0513
mem[X,0x00000000800009C6] -> 0x3335
[630] [M]: 0x00000000800009C4 (0x33350513) addi a0, a0, 0x333
x10 <- 0x3333333333333333
mem[X,0x00000000800009C8] -> 0x0593
mem[X,0x00000000800009CA] -> 0x01D0
[631] [M]: 0x00000000800009C8 (0x01D00593) addi a1, zero, 0x1d
x11 <- 0x000000000000001D
mem[X,0x00000000800009CC] -> 0x563B
mem[X,0x00000000800009CE] -> 0x40B5
[632] [M]: 0x00000000800009CC (0x40B5563B) sraw a2, a0, a1
x12 <- 0x0000000000000001
mem[X,0x00000000800009D0] -> 0x3023
mem[X,0x00000000800009D2] -> 0x2AC3
[633] [M]: 0x00000000800009D0 (0x2AC33023) sd a2, 0x2a0(t1)
mem[0x0000000080004438] <- 0x0000000000000001
mem[X,0x00000000800009D4] -> 0x6537
mem[X,0x00000000800009D6] -> 0x6666
[634] [M]: 0x00000000800009D4 (0x66666537) lui a0, 0x66666
x10 <- 0x0000000066666000
mem[X,0x00000000800009D8] -> 0x0513
mem[X,0x00000000800009DA] -> 0x6665
[635] [M]: 0x00000000800009D8 (0x66650513) addi a0, a0, 0x666
x10 <- 0x0000000066666666
mem[X,0x00000000800009DC] -> 0x1513
mem[X,0x00000000800009DE] -> 0x00B5
[636] [M]: 0x00000000800009DC (0x00B51513) slli a0, a0, 0xb
x10 <- 0x0000033333333000
mem[X,0x00000000800009E0] -> 0x0513
mem[X,0x00000000800009E2] -> 0x3335
[637] [M]: 0x00000000800009E0 (0x33350513) addi a0, a0, 0x333
x10 <- 0x0000033333333333
mem[X,0x00000000800009E4] -> 0x1513
mem[X,0x00000000800009E6] -> 0x00B5
[638] [M]: 0x00000000800009E4 (0x00B51513) slli a0, a0, 0xb
x10 <- 0x0019999999999800
mem[X,0x00000000800009E8] -> 0x0513
mem[X,0x00000000800009EA] -> 0x1995
[639] [M]: 0x00000000800009E8 (0x19950513) addi a0, a0, 0x199
x10 <- 0x0019999999999999
mem[X,0x00000000800009EC] -> 0x1513
mem[X,0x00000000800009EE] -> 0x00A5
[640] [M]: 0x00000000800009EC (0x00A51513) slli a0, a0, 0xa
x10 <- 0x6666666666666400
mem[X,0x00000000800009F0] -> 0x0513
mem[X,0x00000000800009F2] -> 0x2665
[641] [M]: 0x00000000800009F0 (0x26650513) addi a0, a0, 0x266
x10 <- 0x6666666666666666
mem[X,0x00000000800009F4] -> 0x0593
mem[X,0x00000000800009F6] -> 0x0030
[642] [M]: 0x00000000800009F4 (0x00300593) addi a1, zero, 0x3
x11 <- 0x0000000000000003
mem[X,0x00000000800009F8] -> 0x563B
mem[X,0x00000000800009FA] -> 0x40B5
[643] [M]: 0x00000000800009F8 (0x40B5563B) sraw a2, a0, a1
x12 <- 0x000000000CCCCCCC
mem[X,0x00000000800009FC] -> 0x3423
mem[X,0x00000000800009FE] -> 0x2AC3
[644] [M]: 0x00000000800009FC (0x2AC33423) sd a2, 0x2a8(t1)
mem[0x0000000080004440] <- 0x000000000CCCCCCC
mem[X,0x0000000080000A00] -> 0x0537
mem[X,0x0000000080000A02] -> 0x0000
[645] [M]: 0x0000000080000A00 (0x00000537) lui a0, 0x0
x10 <- 0x0000000000000000
mem[X,0x0000000080000A04] -> 0x0513
mem[X,0x0000000080000A06] -> 0xFFF5
[646] [M]: 0x0000000080000A04 (0xFFF50513) addi a0, a0, -0x1
x10 <- 0xFFFFFFFFFFFFFFFF
mem[X,0x0000000080000A08] -> 0x1513
mem[X,0x0000000080000A0A] -> 0x00B5
[647] [M]: 0x0000000080000A08 (0x00B51513) slli a0, a0, 0xb
x10 <- 0xFFFFFFFFFFFFF800
mem[X,0x0000000080000A0C] -> 0x0513
mem[X,0x0000000080000A0E] -> 0x2575
[648] [M]: 0x0000000080000A0C (0x25750513) addi a0, a0, 0x257
x10 <- 0xFFFFFFFFFFFFFA57
mem[X,0x0000000080000A10] -> 0x1513
mem[X,0x0000000080000A12] -> 0x00B5
[649] [M]: 0x0000000080000A10 (0x00B51513) slli a0, a0, 0xb
x10 <- 0xFFFFFFFFFFD2B800
mem[X,0x0000000080000A14] -> 0x0513
mem[X,0x0000000080000A16] -> 0x6C35
[650] [M]: 0x0000000080000A14 (0x6C350513) addi a0, a0, 0x6c3
x10 <- 0xFFFFFFFFFFD2BEC3
mem[X,0x0000000080000A18] -> 0x1513
mem[X,0x0000000080000A1A] -> 0x00A5
[651] [M]: 0x0000000080000A18 (0x00A51513) slli a0, a0, 0xa
x10 <- 0xFFFFFFFF4AFB0C00
mem[X,0x0000000080000A1C] -> 0x0513
mem[X,0x0000000080000A1E] -> 0x0CD5
[652] [M]: 0x0000000080000A1C (0x0CD50513) addi a0, a0, 0xcd
x10 <- 0xFFFFFFFF4AFB0CCD
mem[X,0x0000000080000A20] -> 0x0593
mem[X,0x0000000080000A22] -> 0x0130
[653] [M]: 0x0000000080000A20 (0x01300593) addi a1, zero, 0x13
x11 <- 0x0000000000000013
mem[X,0x0000000080000A24] -> 0x563B
mem[X,0x0000000080000A26] -> 0x40B5
[654] [M]: 0x0000000080000A24 (0x40B5563B) sraw a2, a0, a1
x12 <- 0x000000000000095F
mem[X,0x0000000080000A28] -> 0x3823
mem[X,0x0000000080000A2A] -> 0x2AC3
[655] [M]: 0x0000000080000A28 (0x2AC33823) sd a2, 0x2b0(t1)
mem[0x0000000080004448] <- 0x000000000000095F
mem[X,0x0000000080000A2C] -> 0x0537
mem[X,0x0000000080000A2E] -> 0x0000
[656] [M]: 0x0000000080000A2C (0x00000537) lui a0, 0x0
x10 <- 0x0000000000000000
mem[X,0x0000000080000A30] -> 0x0513
mem[X,0x0000000080000A32] -> 0x0005
[657] [M]: 0x0000000080000A30 (0x00050513) addi a0, a0, 0x0
x10 <- 0x0000000000000000
mem[X,0x0000000080000A34] -> 0x1513
mem[X,0x0000000080000A36] -> 0x00B5
[658] [M]: 0x0000000080000A34 (0x00B51513) slli a0, a0, 0xb
x10 <- 0x0000000000000000
mem[X,0x0000000080000A38] -> 0x0513
mem[X,0x0000000080000A3A] -> 0x5A85
[659] [M]: 0x0000000080000A38 (0x5A850513) addi a0, a0, 0x5a8
x10 <- 0x00000000000005A8
mem[X,0x0000000080000A3C] -> 0x1513
mem[X,0x0000000080000A3E] -> 0x00B5
[660] [M]: 0x0000000080000A3C (0x00B51513) slli a0, a0, 0xb
x10 <- 0x00000000002D4000
mem[X,0x0000000080000A40] -> 0x0513
mem[X,0x0000000080000A42] -> 0x13C5
[661] [M]: 0x0000000080000A40 (0x13C50513) addi a0, a0, 0x13c
x10 <- 0x00000000002D413C
mem[X,0x0000000080000A44] -> 0x1513
mem[X,0x0000000080000A46] -> 0x00A5
[662] [M]: 0x0000000080000A44 (0x00A51513) slli a0, a0, 0xa
x10 <- 0x00000000B504F000
mem[X,0x0000000080000A48] -> 0x0513
mem[X,0x0000000080000A4A] -> 0x3335
[663] [M]: 0x0000000080000A48 (0x33350513) addi a0, a0, 0x333
x10 <- 0x00000000B504F333
mem[X,0x0000000080000A4C] -> 0x0593
mem[X,0x0000000080000A4E] -> 0x00C0
[664] [M]: 0x0000000080000A4C (0x00C00593) addi a1, zero, 0xc
x11 <- 0x000000000000000C
mem[X,0x0000000080000A50] -> 0x563B
mem[X,0x0000000080000A52] -> 0x40B5
[665] [M]: 0x0000000080000A50 (0x40B5563B) sraw a2, a0, a1
x12 <- 0xFFFFFFFFFFFB504F
mem[X,0x0000000080000A54] -> 0x3C23
mem[X,0x0000000080000A56] -> 0x2AC3
[666] [M]: 0x0000000080000A54 (0x2AC33C23) sd a2, 0x2b8(t1)
mem[0x0000000080004450] <- 0xFFFFFFFFFFFB504F
mem[X,0x0000000080000A58] -> 0x5537
mem[X,0x0000000080000A5A] -> 0x5555
[667] [M]: 0x0000000080000A58 (0x55555537) lui a0, 0x55555
x10 <- 0x0000000055555000
mem[X,0x0000000080000A5C] -> 0x0513
mem[X,0x0000000080000A5E] -> 0x5555
[668] [M]: 0x0000000080000A5C (0x55550513) addi a0, a0, 0x555
x10 <- 0x0000000055555555
mem[X,0x0000000080000A60] -> 0x1513
mem[X,0x0000000080000A62] -> 0x00B5
[669] [M]: 0x0000000080000A60 (0x00B51513) slli a0, a0, 0xb
x10 <- 0x000002AAAAAAA800
mem[X,0x0000000080000A64] -> 0x0513
mem[X,0x0000000080000A66] -> 0x2AA5
[670] [M]: 0x0000000080000A64 (0x2AA50513) addi a0, a0, 0x2aa
x10 <- 0x000002AAAAAAAAAA
mem[X,0x0000000080000A68] -> 0x1513
mem[X,0x0000000080000A6A] -> 0x00B5
[671] [M]: 0x0000000080000A68 (0x00B51513) slli a0, a0, 0xb
x10 <- 0x0015555555555000
mem[X,0x0000000080000A6C] -> 0x0513
mem[X,0x0000000080000A6E] -> 0x5555
[672] [M]: 0x0000000080000A6C (0x55550513) addi a0, a0, 0x555
x10 <- 0x0015555555555555
mem[X,0x0000000080000A70] -> 0x1513
mem[X,0x0000000080000A72] -> 0x00A5
[673] [M]: 0x0000000080000A70 (0x00A51513) slli a0, a0, 0xa
x10 <- 0x5555555555555400
mem[X,0x0000000080000A74] -> 0x0513
mem[X,0x0000000080000A76] -> 0x1545
[674] [M]: 0x0000000080000A74 (0x15450513) addi a0, a0, 0x154
x10 <- 0x5555555555555554
mem[X,0x0000000080000A78] -> 0x0593
mem[X,0x0000000080000A7A] -> 0x01E0
[675] [M]: 0x0000000080000A78 (0x01E00593) addi a1, zero, 0x1e
x11 <- 0x000000000000001E
mem[X,0x0000000080000A7C] -> 0x563B
mem[X,0x0000000080000A7E] -> 0x40B5
[676] [M]: 0x0000000080000A7C (0x40B5563B) sraw a2, a0, a1
x12 <- 0x0000000000000001
mem[X,0x0000000080000A80] -> 0x3023
mem[X,0x0000000080000A82] -> 0x2CC3
[677] [M]: 0x0000000080000A80 (0x2CC33023) sd a2, 0x2c0(t1)
mem[0x0000000080004458] <- 0x0000000000000001
mem[X,0x0000000080000A84] -> 0x3537
mem[X,0x0000000080000A86] -> 0x3333
[678] [M]: 0x0000000080000A84 (0x33333537) lui a0, 0x33333
x10 <- 0x0000000033333000
mem[X,0x0000000080000A88] -> 0x0513
mem[X,0x0000000080000A8A] -> 0x3335
[679] [M]: 0x0000000080000A88 (0x33350513) addi a0, a0, 0x333
x10 <- 0x0000000033333333
mem[X,0x0000000080000A8C] -> 0x1513
mem[X,0x0000000080000A8E] -> 0x00B5
[680] [M]: 0x0000000080000A8C (0x00B51513) slli a0, a0, 0xb
x10 <- 0x0000019999999800
mem[X,0x0000000080000A90] -> 0x0513
mem[X,0x0000000080000A92] -> 0x1995
[681] [M]: 0x0000000080000A90 (0x19950513) addi a0, a0, 0x199
x10 <- 0x0000019999999999
mem[X,0x0000000080000A94] -> 0x1513
mem[X,0x0000000080000A96] -> 0x00B5
[682] [M]: 0x0000000080000A94 (0x00B51513) slli a0, a0, 0xb
x10 <- 0x000CCCCCCCCCC800
mem[X,0x0000000080000A98] -> 0x0513
mem[X,0x0000000080000A9A] -> 0x4CC5
[683] [M]: 0x0000000080000A98 (0x4CC50513) addi a0, a0, 0x4cc
x10 <- 0x000CCCCCCCCCCCCC
mem[X,0x0000000080000A9C] -> 0x1513
mem[X,0x0000000080000A9E] -> 0x00A5
[684] [M]: 0x0000000080000A9C (0x00A51513) slli a0, a0, 0xa
x10 <- 0x3333333333333000
mem[X,0x0000000080000AA0] -> 0x0513
mem[X,0x0000000080000AA2] -> 0x3325
[685] [M]: 0x0000000080000AA0 (0x33250513) addi a0, a0, 0x332
x10 <- 0x3333333333333332
mem[X,0x0000000080000AA4] -> 0x0593
mem[X,0x0000000080000AA6] -> 0x0090
[686] [M]: 0x0000000080000AA4 (0x00900593) addi a1, zero, 0x9
x11 <- 0x0000000000000009
mem[X,0x0000000080000AA8] -> 0x563B
mem[X,0x0000000080000AAA] -> 0x40B5
[687] [M]: 0x0000000080000AA8 (0x40B5563B) sraw a2, a0, a1
x12 <- 0x0000000000199999
mem[X,0x0000000080000AAC] -> 0x3423
mem[X,0x0000000080000AAE] -> 0x2CC3
[688] [M]: 0x0000000080000AAC (0x2CC33423) sd a2, 0x2c8(t1)
mem[0x0000000080004460] <- 0x0000000000199999
mem[X,0x0000000080000AB0] -> 0x6537
mem[X,0x0000000080000AB2] -> 0x6666
[689] [M]: 0x0000000080000AB0 (0x66666537) lui a0, 0x66666
x10 <- 0x0000000066666000
mem[X,0x0000000080000AB4] -> 0x0513
mem[X,0x0000000080000AB6] -> 0x6665
[690] [M]: 0x0000000080000AB4 (0x66650513) addi a0, a0, 0x666
x10 <- 0x0000000066666666
mem[X,0x0000000080000AB8] -> 0x1513
mem[X,0x0000000080000ABA] -> 0x00B5
[691] [M]: 0x0000000080000AB8 (0x00B51513) slli a0, a0, 0xb
x10 <- 0x0000033333333000
mem[X,0x0000000080000ABC] -> 0x0513
mem[X,0x0000000080000ABE] -> 0x3335
[692] [M]: 0x0000000080000ABC (0x33350513) addi a0, a0, 0x333
x10 <- 0x0000033333333333
mem[X,0x0000000080000AC0] -> 0x1513
mem[X,0x0000000080000AC2] -> 0x00B5
[693] [M]: 0x0000000080000AC0 (0x00B51513) slli a0, a0, 0xb
x10 <- 0x0019999999999800
mem[X,0x0000000080000AC4] -> 0x0513
mem[X,0x0000000080000AC6] -> 0x1995
[694] [M]: 0x0000000080000AC4 (0x19950513) addi a0, a0, 0x199
x10 <- 0x0019999999999999
mem[X,0x0000000080000AC8] -> 0x1513
mem[X,0x0000000080000ACA] -> 0x00A5
[695] [M]: 0x0000000080000AC8 (0x00A51513) slli a0, a0, 0xa
x10 <- 0x6666666666666400
mem[X,0x0000000080000ACC] -> 0x0513
mem[X,0x0000000080000ACE] -> 0x2655
[696] [M]: 0x0000000080000ACC (0x26550513) addi a0, a0, 0x265
x10 <- 0x6666666666666665
mem[X,0x0000000080000AD0] -> 0x0593
mem[X,0x0000000080000AD2] -> 0x0020
[697] [M]: 0x0000000080000AD0 (0x00200593) addi a1, zero, 0x2
x11 <- 0x0000000000000002
mem[X,0x0000000080000AD4] -> 0x563B
mem[X,0x0000000080000AD6] -> 0x40B5
[698] [M]: 0x0000000080000AD4 (0x40B5563B) sraw a2, a0, a1
x12 <- 0x0000000019999999
mem[X,0x0000000080000AD8] -> 0x3823
mem[X,0x0000000080000ADA] -> 0x2CC3
[699] [M]: 0x0000000080000AD8 (0x2CC33823) sd a2, 0x2d0(t1)
mem[0x0000000080004468] <- 0x0000000019999999
clint::tick mtime <- 0x0000000000000007
 clint timer pending at mtime 0x0000000000000007
htif::tick 0x0000000000000000
mem[X,0x0000000080000ADC] -> 0x0537
mem[X,0x0000000080000ADE] -> 0x0000
[700] [M]: 0x0000000080000ADC (0x00000537) lui a0, 0x0
x10 <- 0x0000000000000000
mem[X,0x0000000080000AE0] -> 0x0513
mem[X,0x0000000080000AE2] -> 0x0005
[701] [M]: 0x0000000080000AE0 (0x00050513) addi a0, a0, 0x0
x10 <- 0x0000000000000000
mem[X,0x0000000080000AE4] -> 0x1513
mem[X,0x0000000080000AE6] -> 0x00B5
[702] [M]: 0x0000000080000AE4 (0x00B51513) slli a0, a0, 0xb
x10 <- 0x0000000000000000
mem[X,0x0000000080000AE8] -> 0x0513
mem[X,0x0000000080000AEA] -> 0x5A85
[703] [M]: 0x0000000080000AE8 (0x5A850513) addi a0, a0, 0x5a8
x10 <- 0x00000000000005A8
mem[X,0x0000000080000AEC] -> 0x1513
mem[X,0x0000000080000AEE] -> 0x00B5
[704] [M]: 0x0000000080000AEC (0x00B51513) slli a0, a0, 0xb
x10 <- 0x00000000002D4000
mem[X,0x0000000080000AF0] -> 0x0513
mem[X,0x0000000080000AF2] -> 0x13C5
[705] [M]: 0x0000000080000AF0 (0x13C50513) addi a0, a0, 0x13c
x10 <- 0x00000000002D413C
mem[X,0x0000000080000AF4] -> 0x1513
mem[X,0x0000000080000AF6] -> 0x00A5
[706] [M]: 0x0000000080000AF4 (0x00A51513) slli a0, a0, 0xa
x10 <- 0x00000000B504F000
mem[X,0x0000000080000AF8] -> 0x0513
mem[X,0x0000000080000AFA] -> 0x3325
[707] [M]: 0x0000000080000AF8 (0x33250513) addi a0, a0, 0x332
x10 <- 0x00000000B504F332
mem[X,0x0000000080000AFC] -> 0x0593
mem[X,0x0000000080000AFE] -> 0x0150
[708] [M]: 0x0000000080000AFC (0x01500593) addi a1, zero, 0x15
x11 <- 0x0000000000000015
mem[X,0x0000000080000B00] -> 0x563B
mem[X,0x0000000080000B02] -> 0x40B5
[709] [M]: 0x0000000080000B00 (0x40B5563B) sraw a2, a0, a1
x12 <- 0xFFFFFFFFFFFFFDA8
mem[X,0x0000000080000B04] -> 0x3C23
mem[X,0x0000000080000B06] -> 0x2CC3
[710] [M]: 0x0000000080000B04 (0x2CC33C23) sd a2, 0x2d8(t1)
mem[0x0000000080004470] <- 0xFFFFFFFFFFFFFDA8
mem[X,0x0000000080000B08] -> 0x5537
mem[X,0x0000000080000B0A] -> 0x5555
[711] [M]: 0x0000000080000B08 (0x55555537) lui a0, 0x55555
x10 <- 0x0000000055555000
mem[X,0x0000000080000B0C] -> 0x0513
mem[X,0x0000000080000B0E] -> 0x5555
[712] [M]: 0x0000000080000B0C (0x55550513) addi a0, a0, 0x555
x10 <- 0x0000000055555555
mem[X,0x0000000080000B10] -> 0x1513
mem[X,0x0000000080000B12] -> 0x00B5
[713] [M]: 0x0000000080000B10 (0x00B51513) slli a0, a0, 0xb
x10 <- 0x000002AAAAAAA800
mem[X,0x0000000080000B14] -> 0x0513
mem[X,0x0000000080000B16] -> 0x2AA5
[714] [M]: 0x0000000080000B14 (0x2AA50513) addi a0, a0, 0x2aa
x10 <- 0x000002AAAAAAAAAA
mem[X,0x0000000080000B18] -> 0x1513
mem[X,0x0000000080000B1A] -> 0x00B5
[715] [M]: 0x0000000080000B18 (0x00B51513) slli a0, a0, 0xb
x10 <- 0x0015555555555000
mem[X,0x0000000080000B1C] -> 0x0513
mem[X,0x0000000080000B1E] -> 0x5555
[716] [M]: 0x0000000080000B1C (0x55550513) addi a0, a0, 0x555
x10 <- 0x0015555555555555
mem[X,0x0000000080000B20] -> 0x1513
mem[X,0x0000000080000B22] -> 0x00A5
[717] [M]: 0x0000000080000B20 (0x00A51513) slli a0, a0, 0xa
x10 <- 0x5555555555555400
mem[X,0x0000000080000B24] -> 0x0513
mem[X,0x0000000080000B26] -> 0x1565
[718] [M]: 0x0000000080000B24 (0x15650513) addi a0, a0, 0x156
x10 <- 0x5555555555555556
mem[X,0x0000000080000B28] -> 0x0593
mem[X,0x0000000080000B2A] -> 0x01E0
[719] [M]: 0x0000000080000B28 (0x01E00593) addi a1, zero, 0x1e
x11 <- 0x000000000000001E
mem[X,0x0000000080000B2C] -> 0x563B
mem[X,0x0000000080000B2E] -> 0x40B5
[720] [M]: 0x0000000080000B2C (0x40B5563B) sraw a2, a0, a1
x12 <- 0x0000000000000001
mem[X,0x0000000080000B30] -> 0x3023
mem[X,0x0000000080000B32] -> 0x2EC3
[721] [M]: 0x0000000080000B30 (0x2EC33023) sd a2, 0x2e0(t1)
mem[0x0000000080004478] <- 0x0000000000000001
mem[X,0x0000000080000B34] -> 0xB537
mem[X,0x0000000080000B36] -> 0xAAAA
[722] [M]: 0x0000000080000B34 (0xAAAAB537) lui a0, -0x55555
x10 <- 0xFFFFFFFFAAAAB000
mem[X,0x0000000080000B38] -> 0x0513
mem[X,0x0000000080000B3A] -> 0xAAA5
[723] [M]: 0x0000000080000B38 (0xAAA50513) addi a0, a0, -0x556
x10 <- 0xFFFFFFFFAAAAAAAA
mem[X,0x0000000080000B3C] -> 0x1513
mem[X,0x0000000080000B3E] -> 0x00B5
[724] [M]: 0x0000000080000B3C (0x00B51513) slli a0, a0, 0xb
x10 <- 0xFFFFFD5555555000
mem[X,0x0000000080000B40] -> 0x0513
mem[X,0x0000000080000B42] -> 0x5555
[725] [M]: 0x0000000080000B40 (0x55550513) addi a0, a0, 0x555
x10 <- 0xFFFFFD5555555555
mem[X,0x0000000080000B44] -> 0x1513
mem[X,0x0000000080000B46] -> 0x00B5
[726] [M]: 0x0000000080000B44 (0x00B51513) slli a0, a0, 0xb
x10 <- 0xFFEAAAAAAAAAA800
mem[X,0x0000000080000B48] -> 0x0513
mem[X,0x0000000080000B4A] -> 0x2AA5
[727] [M]: 0x0000000080000B48 (0x2AA50513) addi a0, a0, 0x2aa
x10 <- 0xFFEAAAAAAAAAAAAA
mem[X,0x0000000080000B4C] -> 0x1513
mem[X,0x0000000080000B4E] -> 0x00A5
[728] [M]: 0x0000000080000B4C (0x00A51513) slli a0, a0, 0xa
x10 <- 0xAAAAAAAAAAAAA800
mem[X,0x0000000080000B50] -> 0x0513
mem[X,0x0000000080000B52] -> 0x2AB5
[729] [M]: 0x0000000080000B50 (0x2AB50513) addi a0, a0, 0x2ab
x10 <- 0xAAAAAAAAAAAAAAAB
mem[X,0x0000000080000B54] -> 0x0593
mem[X,0x0000000080000B56] -> 0x00E0
[730] [M]: 0x0000000080000B54 (0x00E00593) addi a1, zero, 0xe
x11 <- 0x000000000000000E
mem[X,0x0000000080000B58] -> 0x563B
mem[X,0x0000000080000B5A] -> 0x40B5
[731] [M]: 0x0000000080000B58 (0x40B5563B) sraw a2, a0, a1
x12 <- 0xFFFFFFFFFFFEAAAA
mem[X,0x0000000080000B5C] -> 0x3423
mem[X,0x0000000080000B5E] -> 0x2EC3
[732] [M]: 0x0000000080000B5C (0x2EC33423) sd a2, 0x2e8(t1)
mem[0x0000000080004480] <- 0xFFFFFFFFFFFEAAAA
mem[X,0x0000000080000B60] -> 0x0513
mem[X,0x0000000080000B62] -> 0x0060
[733] [M]: 0x0000000080000B60 (0x00600513) addi a0, zero, 0x6
x10 <- 0x0000000000000006
mem[X,0x0000000080000B64] -> 0x0593
mem[X,0x0000000080000B66] -> 0x00A0
[734] [M]: 0x0000000080000B64 (0x00A00593) addi a1, zero, 0xa
x11 <- 0x000000000000000A
mem[X,0x0000000080000B68] -> 0x563B
mem[X,0x0000000080000B6A] -> 0x40B5
[735] [M]: 0x0000000080000B68 (0x40B5563B) sraw a2, a0, a1
x12 <- 0x0000000000000000
mem[X,0x0000000080000B6C] -> 0x3823
mem[X,0x0000000080000B6E] -> 0x2EC3
[736] [M]: 0x0000000080000B6C (0x2EC33823) sd a2, 0x2f0(t1)
mem[0x0000000080004488] <- 0x0000000000000000
mem[X,0x0000000080000B70] -> 0x3537
mem[X,0x0000000080000B72] -> 0x3333
[737] [M]: 0x0000000080000B70 (0x33333537) lui a0, 0x33333
x10 <- 0x0000000033333000
mem[X,0x0000000080000B74] -> 0x0513
mem[X,0x0000000080000B76] -> 0x3335
[738] [M]: 0x0000000080000B74 (0x33350513) addi a0, a0, 0x333
x10 <- 0x0000000033333333
mem[X,0x0000000080000B78] -> 0x1513
mem[X,0x0000000080000B7A] -> 0x00B5
[739] [M]: 0x0000000080000B78 (0x00B51513) slli a0, a0, 0xb
x10 <- 0x0000019999999800
mem[X,0x0000000080000B7C] -> 0x0513
mem[X,0x0000000080000B7E] -> 0x1995
[740] [M]: 0x0000000080000B7C (0x19950513) addi a0, a0, 0x199
x10 <- 0x0000019999999999
mem[X,0x0000000080000B80] -> 0x1513
mem[X,0x0000000080000B82] -> 0x00B5
[741] [M]: 0x0000000080000B80 (0x00B51513) slli a0, a0, 0xb
x10 <- 0x000CCCCCCCCCC800
mem[X,0x0000000080000B84] -> 0x0513
mem[X,0x0000000080000B86] -> 0x4CC5
[742] [M]: 0x0000000080000B84 (0x4CC50513) addi a0, a0, 0x4cc
x10 <- 0x000CCCCCCCCCCCCC
mem[X,0x0000000080000B88] -> 0x1513
mem[X,0x0000000080000B8A] -> 0x00A5
[743] [M]: 0x0000000080000B88 (0x00A51513) slli a0, a0, 0xa
x10 <- 0x3333333333333000
mem[X,0x0000000080000B8C] -> 0x0513
mem[X,0x0000000080000B8E] -> 0x3345
[744] [M]: 0x0000000080000B8C (0x33450513) addi a0, a0, 0x334
x10 <- 0x3333333333333334
mem[X,0x0000000080000B90] -> 0x0593
mem[X,0x0000000080000B92] -> 0x00E0
[745] [M]: 0x0000000080000B90 (0x00E00593) addi a1, zero, 0xe
x11 <- 0x000000000000000E
mem[X,0x0000000080000B94] -> 0x563B
mem[X,0x0000000080000B96] -> 0x40B5
[746] [M]: 0x0000000080000B94 (0x40B5563B) sraw a2, a0, a1
x12 <- 0x000000000000CCCC
mem[X,0x0000000080000B98] -> 0x3C23
mem[X,0x0000000080000B9A] -> 0x2EC3
[747] [M]: 0x0000000080000B98 (0x2EC33C23) sd a2, 0x2f8(t1)
mem[0x0000000080004490] <- 0x000000000000CCCC
mem[X,0x0000000080000B9C] -> 0x6537
mem[X,0x0000000080000B9E] -> 0x6666
[748] [M]: 0x0000000080000B9C (0x66666537) lui a0, 0x66666
x10 <- 0x0000000066666000
mem[X,0x0000000080000BA0] -> 0x0513
mem[X,0x0000000080000BA2] -> 0x6665
[749] [M]: 0x0000000080000BA0 (0x66650513) addi a0, a0, 0x666
x10 <- 0x0000000066666666
mem[X,0x0000000080000BA4] -> 0x1513
mem[X,0x0000000080000BA6] -> 0x00B5
[750] [M]: 0x0000000080000BA4 (0x00B51513) slli a0, a0, 0xb
x10 <- 0x0000033333333000
mem[X,0x0000000080000BA8] -> 0x0513
mem[X,0x0000000080000BAA] -> 0x3335
[751] [M]: 0x0000000080000BA8 (0x33350513) addi a0, a0, 0x333
x10 <- 0x0000033333333333
mem[X,0x0000000080000BAC] -> 0x1513
mem[X,0x0000000080000BAE] -> 0x00B5
[752] [M]: 0x0000000080000BAC (0x00B51513) slli a0, a0, 0xb
x10 <- 0x0019999999999800
mem[X,0x0000000080000BB0] -> 0x0513
mem[X,0x0000000080000BB2] -> 0x1995
[753] [M]: 0x0000000080000BB0 (0x19950513) addi a0, a0, 0x199
x10 <- 0x0019999999999999
mem[X,0x0000000080000BB4] -> 0x1513
mem[X,0x0000000080000BB6] -> 0x00A5
[754] [M]: 0x0000000080000BB4 (0x00A51513) slli a0, a0, 0xa
x10 <- 0x6666666666666400
mem[X,0x0000000080000BB8] -> 0x0513
mem[X,0x0000000080000BBA] -> 0x2675
[755] [M]: 0x0000000080000BB8 (0x26750513) addi a0, a0, 0x267
x10 <- 0x6666666666666667
mem[X,0x0000000080000BBC] -> 0x0593
mem[X,0x0000000080000BBE] -> 0x0110
[756] [M]: 0x0000000080000BBC (0x01100593) addi a1, zero, 0x11
x11 <- 0x0000000000000011
mem[X,0x0000000080000BC0] -> 0x563B
mem[X,0x0000000080000BC2] -> 0x40B5
[757] [M]: 0x0000000080000BC0 (0x40B5563B) sraw a2, a0, a1
x12 <- 0x0000000000003333
mem[X,0x0000000080000BC4] -> 0x3023
mem[X,0x0000000080000BC6] -> 0x30C3
[758] [M]: 0x0000000080000BC4 (0x30C33023) sd a2, 0x300(t1)
mem[0x0000000080004498] <- 0x0000000000003333
mem[X,0x0000000080000BC8] -> 0x0537
mem[X,0x0000000080000BCA] -> 0x0000
[759] [M]: 0x0000000080000BC8 (0x00000537) lui a0, 0x0
x10 <- 0x0000000000000000
mem[X,0x0000000080000BCC] -> 0x0513
mem[X,0x0000000080000BCE] -> 0xFFF5
[760] [M]: 0x0000000080000BCC (0xFFF50513) addi a0, a0, -0x1
x10 <- 0xFFFFFFFFFFFFFFFF
mem[X,0x0000000080000BD0] -> 0x1513
mem[X,0x0000000080000BD2] -> 0x00B5
[761] [M]: 0x0000000080000BD0 (0x00B51513) slli a0, a0, 0xb
x10 <- 0xFFFFFFFFFFFFF800
mem[X,0x0000000080000BD4] -> 0x0513
mem[X,0x0000000080000BD6] -> 0x2575
[762] [M]: 0x0000000080000BD4 (0x25750513) addi a0, a0, 0x257
x10 <- 0xFFFFFFFFFFFFFA57
mem[X,0x0000000080000BD8] -> 0x1513
mem[X,0x0000000080000BDA] -> 0x00B5
[763] [M]: 0x0000000080000BD8 (0x00B51513) slli a0, a0, 0xb
x10 <- 0xFFFFFFFFFFD2B800
mem[X,0x0000000080000BDC] -> 0x0513
mem[X,0x0000000080000BDE] -> 0x6C35
[764] [M]: 0x0000000080000BDC (0x6C350513) addi a0, a0, 0x6c3
x10 <- 0xFFFFFFFFFFD2BEC3
mem[X,0x0000000080000BE0] -> 0x1513
mem[X,0x0000000080000BE2] -> 0x00A5
[765] [M]: 0x0000000080000BE0 (0x00A51513) slli a0, a0, 0xa
x10 <- 0xFFFFFFFF4AFB0C00
mem[X,0x0000000080000BE4] -> 0x0513
mem[X,0x0000000080000BE6] -> 0x0CE5
[766] [M]: 0x0000000080000BE4 (0x0CE50513) addi a0, a0, 0xce
x10 <- 0xFFFFFFFF4AFB0CCE
mem[X,0x0000000080000BE8] -> 0x0593
mem[X,0x0000000080000BEA] -> 0x0040
[767] [M]: 0x0000000080000BE8 (0x00400593) addi a1, zero, 0x4
x11 <- 0x0000000000000004
mem[X,0x0000000080000BEC] -> 0x563B
mem[X,0x0000000080000BEE] -> 0x40B5
[768] [M]: 0x0000000080000BEC (0x40B5563B) sraw a2, a0, a1
x12 <- 0x0000000004AFB0CC
mem[X,0x0000000080000BF0] -> 0x3423
mem[X,0x0000000080000BF2] -> 0x30C3
[769] [M]: 0x0000000080000BF0 (0x30C33423) sd a2, 0x308(t1)
mem[0x00000000800044A0] <- 0x0000000004AFB0CC
mem[X,0x0000000080000BF4] -> 0x0537
mem[X,0x0000000080000BF6] -> 0x0000
[770] [M]: 0x0000000080000BF4 (0x00000537) lui a0, 0x0
x10 <- 0x0000000000000000
mem[X,0x0000000080000BF8] -> 0x0513
mem[X,0x0000000080000BFA] -> 0x0005
[771] [M]: 0x0000000080000BF8 (0x00050513) addi a0, a0, 0x0
x10 <- 0x0000000000000000
mem[X,0x0000000080000BFC] -> 0x1513
mem[X,0x0000000080000BFE] -> 0x00B5
[772] [M]: 0x0000000080000BFC (0x00B51513) slli a0, a0, 0xb
x10 <- 0x0000000000000000
mem[X,0x0000000080000C00] -> 0x0513
mem[X,0x0000000080000C02] -> 0x5A85
[773] [M]: 0x0000000080000C00 (0x5A850513) addi a0, a0, 0x5a8
x10 <- 0x00000000000005A8
mem[X,0x0000000080000C04] -> 0x1513
mem[X,0x0000000080000C06] -> 0x00B5
[774] [M]: 0x0000000080000C04 (0x00B51513) slli a0, a0, 0xb
x10 <- 0x00000000002D4000
mem[X,0x0000000080000C08] -> 0x0513
mem[X,0x0000000080000C0A] -> 0x13C5
[775] [M]: 0x0000000080000C08 (0x13C50513) addi a0, a0, 0x13c
x10 <- 0x00000000002D413C
mem[X,0x0000000080000C0C] -> 0x1513
mem[X,0x0000000080000C0E] -> 0x00A5
[776] [M]: 0x0000000080000C0C (0x00A51513) slli a0, a0, 0xa
x10 <- 0x00000000B504F000
mem[X,0x0000000080000C10] -> 0x0513
mem[X,0x0000000080000C12] -> 0x3345
[777] [M]: 0x0000000080000C10 (0x33450513) addi a0, a0, 0x334
x10 <- 0x00000000B504F334
mem[X,0x0000000080000C14] -> 0x0593
mem[X,0x0000000080000C16] -> 0x01D0
[778] [M]: 0x0000000080000C14 (0x01D00593) addi a1, zero, 0x1d
x11 <- 0x000000000000001D
mem[X,0x0000000080000C18] -> 0x563B
mem[X,0x0000000080000C1A] -> 0x40B5
[779] [M]: 0x0000000080000C18 (0x40B5563B) sraw a2, a0, a1
x12 <- 0xFFFFFFFFFFFFFFFD
mem[X,0x0000000080000C1C] -> 0x3823
mem[X,0x0000000080000C1E] -> 0x30C3
[780] [M]: 0x0000000080000C1C (0x30C33823) sd a2, 0x310(t1)
mem[0x00000000800044A8] <- 0xFFFFFFFFFFFFFFFD
mem[X,0x0000000080000C20] -> 0x0513
mem[X,0x0000000080000C22] -> 0x0010
[781] [M]: 0x0000000080000C20 (0x00100513) addi a0, zero, 0x1
x10 <- 0x0000000000000001
mem[X,0x0000000080000C24] -> 0x1513
mem[X,0x0000000080000C26] -> 0x0155
[782] [M]: 0x0000000080000C24 (0x01551513) slli a0, a0, 0x15
x10 <- 0x0000000000200000
mem[X,0x0000000080000C28] -> 0x4513
mem[X,0x0000000080000C2A] -> 0xFFF5
[783] [M]: 0x0000000080000C28 (0xFFF54513) xori a0, a0, -0x1
x10 <- 0xFFFFFFFFFFDFFFFF
mem[X,0x0000000080000C2C] -> 0x0593
mem[X,0x0000000080000C2E] -> 0x00F0
[784] [M]: 0x0000000080000C2C (0x00F00593) addi a1, zero, 0xf
x11 <- 0x000000000000000F
mem[X,0x0000000080000C30] -> 0x563B
mem[X,0x0000000080000C32] -> 0x40B5
[785] [M]: 0x0000000080000C30 (0x40B5563B) sraw a2, a0, a1
x12 <- 0xFFFFFFFFFFFFFFBF
mem[X,0x0000000080000C34] -> 0x3C23
mem[X,0x0000000080000C36] -> 0x30C3
[786] [M]: 0x0000000080000C34 (0x30C33C23) sd a2, 0x318(t1)
mem[0x00000000800044B0] <- 0xFFFFFFFFFFFFFFBF
mem[X,0x0000000080000C38] -> 0x0513
mem[X,0x0000000080000C3A] -> 0x0010
[787] [M]: 0x0000000080000C38 (0x00100513) addi a0, zero, 0x1
x10 <- 0x0000000000000001
mem[X,0x0000000080000C3C] -> 0x1513
mem[X,0x0000000080000C3E] -> 0x0165
[788] [M]: 0x0000000080000C3C (0x01651513) slli a0, a0, 0x16
x10 <- 0x0000000000400000
mem[X,0x0000000080000C40] -> 0x4513
mem[X,0x0000000080000C42] -> 0xFFF5
[789] [M]: 0x0000000080000C40 (0xFFF54513) xori a0, a0, -0x1
x10 <- 0xFFFFFFFFFFBFFFFF
mem[X,0x0000000080000C44] -> 0x0593
mem[X,0x0000000080000C46] -> 0x00D0
[790] [M]: 0x0000000080000C44 (0x00D00593) addi a1, zero, 0xd
x11 <- 0x000000000000000D
mem[X,0x0000000080000C48] -> 0x563B
mem[X,0x0000000080000C4A] -> 0x40B5
[791] [M]: 0x0000000080000C48 (0x40B5563B) sraw a2, a0, a1
x12 <- 0xFFFFFFFFFFFFFDFF
mem[X,0x0000000080000C4C] -> 0x3023
mem[X,0x0000000080000C4E] -> 0x32C3
[792] [M]: 0x0000000080000C4C (0x32C33023) sd a2, 0x320(t1)
mem[0x00000000800044B8] <- 0xFFFFFFFFFFFFFDFF
mem[X,0x0000000080000C50] -> 0x0513
mem[X,0x0000000080000C52] -> 0x0010
[793] [M]: 0x0000000080000C50 (0x00100513) addi a0, zero, 0x1
x10 <- 0x0000000000000001
mem[X,0x0000000080000C54] -> 0x1513
mem[X,0x0000000080000C56] -> 0x0175
[794] [M]: 0x0000000080000C54 (0x01751513) slli a0, a0, 0x17
x10 <- 0x0000000000800000
mem[X,0x0000000080000C58] -> 0x4513
mem[X,0x0000000080000C5A] -> 0xFFF5
[795] [M]: 0x0000000080000C58 (0xFFF54513) xori a0, a0, -0x1
x10 <- 0xFFFFFFFFFF7FFFFF
mem[X,0x0000000080000C5C] -> 0x0593
mem[X,0x0000000080000C5E] -> 0x01E0
[796] [M]: 0x0000000080000C5C (0x01E00593) addi a1, zero, 0x1e
x11 <- 0x000000000000001E
mem[X,0x0000000080000C60] -> 0x563B
mem[X,0x0000000080000C62] -> 0x40B5
[797] [M]: 0x0000000080000C60 (0x40B5563B) sraw a2, a0, a1
x12 <- 0xFFFFFFFFFFFFFFFF
mem[X,0x0000000080000C64] -> 0x3423
mem[X,0x0000000080000C66] -> 0x32C3
[798] [M]: 0x0000000080000C64 (0x32C33423) sd a2, 0x328(t1)
mem[0x00000000800044C0] <- 0xFFFFFFFFFFFFFFFF
mem[X,0x0000000080000C68] -> 0x0513
mem[X,0x0000000080000C6A] -> 0x0010
[799] [M]: 0x0000000080000C68 (0x00100513) addi a0, zero, 0x1
x10 <- 0x0000000000000001
clint::tick mtime <- 0x0000000000000008
 clint timer pending at mtime 0x0000000000000008
htif::tick 0x0000000000000000
mem[X,0x0000000080000C6C] -> 0x1513
mem[X,0x0000000080000C6E] -> 0x0185
[800] [M]: 0x0000000080000C6C (0x01851513) slli a0, a0, 0x18
x10 <- 0x0000000001000000
mem[X,0x0000000080000C70] -> 0x4513
mem[X,0x0000000080000C72] -> 0xFFF5
[801] [M]: 0x0000000080000C70 (0xFFF54513) xori a0, a0, -0x1
x10 <- 0xFFFFFFFFFEFFFFFF
mem[X,0x0000000080000C74] -> 0x0593
mem[X,0x0000000080000C76] -> 0x00E0
[802] [M]: 0x0000000080000C74 (0x00E00593) addi a1, zero, 0xe
x11 <- 0x000000000000000E
mem[X,0x0000000080000C78] -> 0x563B
mem[X,0x0000000080000C7A] -> 0x40B5
[803] [M]: 0x0000000080000C78 (0x40B5563B) sraw a2, a0, a1
x12 <- 0xFFFFFFFFFFFFFBFF
mem[X,0x0000000080000C7C] -> 0x3823
mem[X,0x0000000080000C7E] -> 0x32C3
[804] [M]: 0x0000000080000C7C (0x32C33823) sd a2, 0x330(t1)
mem[0x00000000800044C8] <- 0xFFFFFFFFFFFFFBFF
mem[X,0x0000000080000C80] -> 0x0513
mem[X,0x0000000080000C82] -> 0x0010
[805] [M]: 0x0000000080000C80 (0x00100513) addi a0, zero, 0x1
x10 <- 0x0000000000000001
mem[X,0x0000000080000C84] -> 0x1513
mem[X,0x0000000080000C86] -> 0x0195
[806] [M]: 0x0000000080000C84 (0x01951513) slli a0, a0, 0x19
x10 <- 0x0000000002000000
mem[X,0x0000000080000C88] -> 0x4513
mem[X,0x0000000080000C8A] -> 0xFFF5
[807] [M]: 0x0000000080000C88 (0xFFF54513) xori a0, a0, -0x1
x10 <- 0xFFFFFFFFFDFFFFFF
mem[X,0x0000000080000C8C] -> 0x0593
mem[X,0x0000000080000C8E] -> 0x0050
[808] [M]: 0x0000000080000C8C (0x00500593) addi a1, zero, 0x5
x11 <- 0x0000000000000005
mem[X,0x0000000080000C90] -> 0x563B
mem[X,0x0000000080000C92] -> 0x40B5
[809] [M]: 0x0000000080000C90 (0x40B5563B) sraw a2, a0, a1
x12 <- 0xFFFFFFFFFFEFFFFF
mem[X,0x0000000080000C94] -> 0x3C23
mem[X,0x0000000080000C96] -> 0x32C3
[810] [M]: 0x0000000080000C94 (0x32C33C23) sd a2, 0x338(t1)
mem[0x00000000800044D0] <- 0xFFFFFFFFFFEFFFFF
mem[X,0x0000000080000C98] -> 0x0513
mem[X,0x0000000080000C9A] -> 0x0010
[811] [M]: 0x0000000080000C98 (0x00100513) addi a0, zero, 0x1
x10 <- 0x0000000000000001
mem[X,0x0000000080000C9C] -> 0x1513
mem[X,0x0000000080000C9E] -> 0x01A5
[812] [M]: 0x0000000080000C9C (0x01A51513) slli a0, a0, 0x1a
x10 <- 0x0000000004000000
mem[X,0x0000000080000CA0] -> 0x4513
mem[X,0x0000000080000CA2] -> 0xFFF5
[813] [M]: 0x0000000080000CA0 (0xFFF54513) xori a0, a0, -0x1
x10 <- 0xFFFFFFFFFBFFFFFF
mem[X,0x0000000080000CA4] -> 0x0593
mem[X,0x0000000080000CA6] -> 0x0080
[814] [M]: 0x0000000080000CA4 (0x00800593) addi a1, zero, 0x8
x11 <- 0x0000000000000008
mem[X,0x0000000080000CA8] -> 0x563B
mem[X,0x0000000080000CAA] -> 0x40B5
[815] [M]: 0x0000000080000CA8 (0x40B5563B) sraw a2, a0, a1
x12 <- 0xFFFFFFFFFFFBFFFF
mem[X,0x0000000080000CAC] -> 0x3023
mem[X,0x0000000080000CAE] -> 0x34C3
[816] [M]: 0x0000000080000CAC (0x34C33023) sd a2, 0x340(t1)
mem[0x00000000800044D8] <- 0xFFFFFFFFFFFBFFFF
mem[X,0x0000000080000CB0] -> 0x0513
mem[X,0x0000000080000CB2] -> 0x0010
[817] [M]: 0x0000000080000CB0 (0x00100513) addi a0, zero, 0x1
x10 <- 0x0000000000000001
mem[X,0x0000000080000CB4] -> 0x1513
mem[X,0x0000000080000CB6] -> 0x01B5
[818] [M]: 0x0000000080000CB4 (0x01B51513) slli a0, a0, 0x1b
x10 <- 0x0000000008000000
mem[X,0x0000000080000CB8] -> 0x4513
mem[X,0x0000000080000CBA] -> 0xFFF5
[819] [M]: 0x0000000080000CB8 (0xFFF54513) xori a0, a0, -0x1
x10 <- 0xFFFFFFFFF7FFFFFF
mem[X,0x0000000080000CBC] -> 0x0593
mem[X,0x0000000080000CBE] -> 0x0070
[820] [M]: 0x0000000080000CBC (0x00700593) addi a1, zero, 0x7
x11 <- 0x0000000000000007
mem[X,0x0000000080000CC0] -> 0x563B
mem[X,0x0000000080000CC2] -> 0x40B5
[821] [M]: 0x0000000080000CC0 (0x40B5563B) sraw a2, a0, a1
x12 <- 0xFFFFFFFFFFEFFFFF
mem[X,0x0000000080000CC4] -> 0x3423
mem[X,0x0000000080000CC6] -> 0x34C3
[822] [M]: 0x0000000080000CC4 (0x34C33423) sd a2, 0x348(t1)
mem[0x00000000800044E0] <- 0xFFFFFFFFFFEFFFFF
mem[X,0x0000000080000CC8] -> 0x0513
mem[X,0x0000000080000CCA] -> 0x0010
[823] [M]: 0x0000000080000CC8 (0x00100513) addi a0, zero, 0x1
x10 <- 0x0000000000000001
mem[X,0x0000000080000CCC] -> 0x1513
mem[X,0x0000000080000CCE] -> 0x01C5
[824] [M]: 0x0000000080000CCC (0x01C51513) slli a0, a0, 0x1c
x10 <- 0x0000000010000000
mem[X,0x0000000080000CD0] -> 0x4513
mem[X,0x0000000080000CD2] -> 0xFFF5
[825] [M]: 0x0000000080000CD0 (0xFFF54513) xori a0, a0, -0x1
x10 <- 0xFFFFFFFFEFFFFFFF
mem[X,0x0000000080000CD4] -> 0x0593
mem[X,0x0000000080000CD6] -> 0x00B0
[826] [M]: 0x0000000080000CD4 (0x00B00593) addi a1, zero, 0xb
x11 <- 0x000000000000000B
mem[X,0x0000000080000CD8] -> 0x563B
mem[X,0x0000000080000CDA] -> 0x40B5
[827] [M]: 0x0000000080000CD8 (0x40B5563B) sraw a2, a0, a1
x12 <- 0xFFFFFFFFFFFDFFFF
mem[X,0x0000000080000CDC] -> 0x3823
mem[X,0x0000000080000CDE] -> 0x34C3
[828] [M]: 0x0000000080000CDC (0x34C33823) sd a2, 0x350(t1)
mem[0x00000000800044E8] <- 0xFFFFFFFFFFFDFFFF
mem[X,0x0000000080000CE0] -> 0x0513
mem[X,0x0000000080000CE2] -> 0x0010
[829] [M]: 0x0000000080000CE0 (0x00100513) addi a0, zero, 0x1
x10 <- 0x0000000000000001
mem[X,0x0000000080000CE4] -> 0x1513
mem[X,0x0000000080000CE6] -> 0x01D5
[830] [M]: 0x0000000080000CE4 (0x01D51513) slli a0, a0, 0x1d
x10 <- 0x0000000020000000
mem[X,0x0000000080000CE8] -> 0x4513
mem[X,0x0000000080000CEA] -> 0xFFF5
[831] [M]: 0x0000000080000CE8 (0xFFF54513) xori a0, a0, -0x1
x10 <- 0xFFFFFFFFDFFFFFFF
mem[X,0x0000000080000CEC] -> 0x0593
mem[X,0x0000000080000CEE] -> 0x0110
[832] [M]: 0x0000000080000CEC (0x01100593) addi a1, zero, 0x11
x11 <- 0x0000000000000011
mem[X,0x0000000080000CF0] -> 0x563B
mem[X,0x0000000080000CF2] -> 0x40B5
[833] [M]: 0x0000000080000CF0 (0x40B5563B) sraw a2, a0, a1
x12 <- 0xFFFFFFFFFFFFEFFF
mem[X,0x0000000080000CF4] -> 0x3C23
mem[X,0x0000000080000CF6] -> 0x34C3
[834] [M]: 0x0000000080000CF4 (0x34C33C23) sd a2, 0x358(t1)
mem[0x00000000800044F0] <- 0xFFFFFFFFFFFFEFFF
mem[X,0x0000000080000CF8] -> 0x0513
mem[X,0x0000000080000CFA] -> 0x0010
[835] [M]: 0x0000000080000CF8 (0x00100513) addi a0, zero, 0x1
x10 <- 0x0000000000000001
mem[X,0x0000000080000CFC] -> 0x1513
mem[X,0x0000000080000CFE] -> 0x01E5
[836] [M]: 0x0000000080000CFC (0x01E51513) slli a0, a0, 0x1e
x10 <- 0x0000000040000000
mem[X,0x0000000080000D00] -> 0x4513
mem[X,0x0000000080000D02] -> 0xFFF5
[837] [M]: 0x0000000080000D00 (0xFFF54513) xori a0, a0, -0x1
x10 <- 0xFFFFFFFFBFFFFFFF
mem[X,0x0000000080000D04] -> 0x0593
mem[X,0x0000000080000D06] -> 0x0060
[838] [M]: 0x0000000080000D04 (0x00600593) addi a1, zero, 0x6
x11 <- 0x0000000000000006
mem[X,0x0000000080000D08] -> 0x563B
mem[X,0x0000000080000D0A] -> 0x40B5
[839] [M]: 0x0000000080000D08 (0x40B5563B) sraw a2, a0, a1
x12 <- 0xFFFFFFFFFEFFFFFF
mem[X,0x0000000080000D0C] -> 0x3023
mem[X,0x0000000080000D0E] -> 0x36C3
[840] [M]: 0x0000000080000D0C (0x36C33023) sd a2, 0x360(t1)
mem[0x00000000800044F8] <- 0xFFFFFFFFFEFFFFFF
mem[X,0x0000000080000D10] -> 0x0513
mem[X,0x0000000080000D12] -> 0x0010
[841] [M]: 0x0000000080000D10 (0x00100513) addi a0, zero, 0x1
x10 <- 0x0000000000000001
mem[X,0x0000000080000D14] -> 0x1513
mem[X,0x0000000080000D16] -> 0x01F5
[842] [M]: 0x0000000080000D14 (0x01F51513) slli a0, a0, 0x1f
x10 <- 0x0000000080000000
mem[X,0x0000000080000D18] -> 0x4513
mem[X,0x0000000080000D1A] -> 0xFFF5
[843] [M]: 0x0000000080000D18 (0xFFF54513) xori a0, a0, -0x1
x10 <- 0xFFFFFFFF7FFFFFFF
mem[X,0x0000000080000D1C] -> 0x0593
mem[X,0x0000000080000D1E] -> 0x00F0
[844] [M]: 0x0000000080000D1C (0x00F00593) addi a1, zero, 0xf
x11 <- 0x000000000000000F
mem[X,0x0000000080000D20] -> 0x563B
mem[X,0x0000000080000D22] -> 0x40B5
[845] [M]: 0x0000000080000D20 (0x40B5563B) sraw a2, a0, a1
x12 <- 0x000000000000FFFF
mem[X,0x0000000080000D24] -> 0x3423
mem[X,0x0000000080000D26] -> 0x36C3
[846] [M]: 0x0000000080000D24 (0x36C33423) sd a2, 0x368(t1)
mem[0x0000000080004500] <- 0x000000000000FFFF
mem[X,0x0000000080000D28] -> 0x0513
mem[X,0x0000000080000D2A] -> 0x0010
[847] [M]: 0x0000000080000D28 (0x00100513) addi a0, zero, 0x1
x10 <- 0x0000000000000001
mem[X,0x0000000080000D2C] -> 0x1513
mem[X,0x0000000080000D2E] -> 0x0205
[848] [M]: 0x0000000080000D2C (0x02051513) slli a0, a0, 0x20
x10 <- 0x0000000100000000
mem[X,0x0000000080000D30] -> 0x4513
mem[X,0x0000000080000D32] -> 0xFFF5
[849] [M]: 0x0000000080000D30 (0xFFF54513) xori a0, a0, -0x1
x10 <- 0xFFFFFFFEFFFFFFFF
mem[X,0x0000000080000D34] -> 0x0593
mem[X,0x0000000080000D36] -> 0x0170
[850] [M]: 0x0000000080000D34 (0x01700593) addi a1, zero, 0x17
x11 <- 0x0000000000000017
mem[X,0x0000000080000D38] -> 0x563B
mem[X,0x0000000080000D3A] -> 0x40B5
[851] [M]: 0x0000000080000D38 (0x40B5563B) sraw a2, a0, a1
x12 <- 0xFFFFFFFFFFFFFFFF
mem[X,0x0000000080000D3C] -> 0x3823
mem[X,0x0000000080000D3E] -> 0x36C3
[852] [M]: 0x0000000080000D3C (0x36C33823) sd a2, 0x370(t1)
mem[0x0000000080004508] <- 0xFFFFFFFFFFFFFFFF
mem[X,0x0000000080000D40] -> 0x0513
mem[X,0x0000000080000D42] -> 0x0010
[853] [M]: 0x0000000080000D40 (0x00100513) addi a0, zero, 0x1
x10 <- 0x0000000000000001
mem[X,0x0000000080000D44] -> 0x1513
mem[X,0x0000000080000D46] -> 0x0215
[854] [M]: 0x0000000080000D44 (0x02151513) slli a0, a0, 0x21
x10 <- 0x0000000200000000
mem[X,0x0000000080000D48] -> 0x4513
mem[X,0x0000000080000D4A] -> 0xFFF5
[855] [M]: 0x0000000080000D48 (0xFFF54513) xori a0, a0, -0x1
x10 <- 0xFFFFFFFDFFFFFFFF
mem[X,0x0000000080000D4C] -> 0x0593
mem[X,0x0000000080000D4E] -> 0x0020
[856] [M]: 0x0000000080000D4C (0x00200593) addi a1, zero, 0x2
x11 <- 0x0000000000000002
mem[X,0x0000000080000D50] -> 0x563B
mem[X,0x0000000080000D52] -> 0x40B5
[857] [M]: 0x0000000080000D50 (0x40B5563B) sraw a2, a0, a1
x12 <- 0xFFFFFFFFFFFFFFFF
mem[X,0x0000000080000D54] -> 0x3C23
mem[X,0x0000000080000D56] -> 0x36C3
[858] [M]: 0x0000000080000D54 (0x36C33C23) sd a2, 0x378(t1)
mem[0x0000000080004510] <- 0xFFFFFFFFFFFFFFFF
mem[X,0x0000000080000D58] -> 0x0513
mem[X,0x0000000080000D5A] -> 0x0010
[859] [M]: 0x0000000080000D58 (0x00100513) addi a0, zero, 0x1
x10 <- 0x0000000000000001
mem[X,0x0000000080000D5C] -> 0x1513
mem[X,0x0000000080000D5E] -> 0x0225
[860] [M]: 0x0000000080000D5C (0x02251513) slli a0, a0, 0x22
x10 <- 0x0000000400000000
mem[X,0x0000000080000D60] -> 0x4513
mem[X,0x0000000080000D62] -> 0xFFF5
[861] [M]: 0x0000000080000D60 (0xFFF54513) xori a0, a0, -0x1
x10 <- 0xFFFFFFFBFFFFFFFF
mem[X,0x0000000080000D64] -> 0x0593
mem[X,0x0000000080000D66] -> 0x0170
[862] [M]: 0x0000000080000D64 (0x01700593) addi a1, zero, 0x17
x11 <- 0x0000000000000017
mem[X,0x0000000080000D68] -> 0x563B
mem[X,0x0000000080000D6A] -> 0x40B5
[863] [M]: 0x0000000080000D68 (0x40B5563B) sraw a2, a0, a1
x12 <- 0xFFFFFFFFFFFFFFFF
mem[X,0x0000000080000D6C] -> 0x3023
mem[X,0x0000000080000D6E] -> 0x38C3
[864] [M]: 0x0000000080000D6C (0x38C33023) sd a2, 0x380(t1)
mem[0x0000000080004518] <- 0xFFFFFFFFFFFFFFFF
mem[X,0x0000000080000D70] -> 0x0513
mem[X,0x0000000080000D72] -> 0x0010
[865] [M]: 0x0000000080000D70 (0x00100513) addi a0, zero, 0x1
x10 <- 0x0000000000000001
mem[X,0x0000000080000D74] -> 0x1513
mem[X,0x0000000080000D76] -> 0x0235
[866] [M]: 0x0000000080000D74 (0x02351513) slli a0, a0, 0x23
x10 <- 0x0000000800000000
mem[X,0x0000000080000D78] -> 0x4513
mem[X,0x0000000080000D7A] -> 0xFFF5
[867] [M]: 0x0000000080000D78 (0xFFF54513) xori a0, a0, -0x1
x10 <- 0xFFFFFFF7FFFFFFFF
mem[X,0x0000000080000D7C] -> 0x0593
mem[X,0x0000000080000D7E] -> 0x0000
[868] [M]: 0x0000000080000D7C (0x00000593) addi a1, zero, 0x0
x11 <- 0x0000000000000000
mem[X,0x0000000080000D80] -> 0x563B
mem[X,0x0000000080000D82] -> 0x40B5
[869] [M]: 0x0000000080000D80 (0x40B5563B) sraw a2, a0, a1
x12 <- 0xFFFFFFFFFFFFFFFF
mem[X,0x0000000080000D84] -> 0x3423
mem[X,0x0000000080000D86] -> 0x38C3
[870] [M]: 0x0000000080000D84 (0x38C33423) sd a2, 0x388(t1)
mem[0x0000000080004520] <- 0xFFFFFFFFFFFFFFFF
mem[X,0x0000000080000D88] -> 0x0513
mem[X,0x0000000080000D8A] -> 0x0010
[871] [M]: 0x0000000080000D88 (0x00100513) addi a0, zero, 0x1
x10 <- 0x0000000000000001
mem[X,0x0000000080000D8C] -> 0x1513
mem[X,0x0000000080000D8E] -> 0x0245
[872] [M]: 0x0000000080000D8C (0x02451513) slli a0, a0, 0x24
x10 <- 0x0000001000000000
mem[X,0x0000000080000D90] -> 0x4513
mem[X,0x0000000080000D92] -> 0xFFF5
[873] [M]: 0x0000000080000D90 (0xFFF54513) xori a0, a0, -0x1
x10 <- 0xFFFFFFEFFFFFFFFF
mem[X,0x0000000080000D94] -> 0x0593
mem[X,0x0000000080000D96] -> 0x0110
[874] [M]: 0x0000000080000D94 (0x01100593) addi a1, zero, 0x11
x11 <- 0x0000000000000011
mem[X,0x0000000080000D98] -> 0x563B
mem[X,0x0000000080000D9A] -> 0x40B5
[875] [M]: 0x0000000080000D98 (0x40B5563B) sraw a2, a0, a1
x12 <- 0xFFFFFFFFFFFFFFFF
mem[X,0x0000000080000D9C] -> 0x3823
mem[X,0x0000000080000D9E] -> 0x38C3
[876] [M]: 0x0000000080000D9C (0x38C33823) sd a2, 0x390(t1)
mem[0x0000000080004528] <- 0xFFFFFFFFFFFFFFFF
mem[X,0x0000000080000DA0] -> 0x0513
mem[X,0x0000000080000DA2] -> 0x0010
[877] [M]: 0x0000000080000DA0 (0x00100513) addi a0, zero, 0x1
x10 <- 0x0000000000000001
mem[X,0x0000000080000DA4] -> 0x1513
mem[X,0x0000000080000DA6] -> 0x0255
[878] [M]: 0x0000000080000DA4 (0x02551513) slli a0, a0, 0x25
x10 <- 0x0000002000000000
mem[X,0x0000000080000DA8] -> 0x4513
mem[X,0x0000000080000DAA] -> 0xFFF5
[879] [M]: 0x0000000080000DA8 (0xFFF54513) xori a0, a0, -0x1
x10 <- 0xFFFFFFDFFFFFFFFF
mem[X,0x0000000080000DAC] -> 0x0593
mem[X,0x0000000080000DAE] -> 0x0010
[880] [M]: 0x0000000080000DAC (0x00100593) addi a1, zero, 0x1
x11 <- 0x0000000000000001
mem[X,0x0000000080000DB0] -> 0x563B
mem[X,0x0000000080000DB2] -> 0x40B5
[881] [M]: 0x0000000080000DB0 (0x40B5563B) sraw a2, a0, a1
x12 <- 0xFFFFFFFFFFFFFFFF
mem[X,0x0000000080000DB4] -> 0x3C23
mem[X,0x0000000080000DB6] -> 0x38C3
[882] [M]: 0x0000000080000DB4 (0x38C33C23) sd a2, 0x398(t1)
mem[0x0000000080004530] <- 0xFFFFFFFFFFFFFFFF
mem[X,0x0000000080000DB8] -> 0x0513
mem[X,0x0000000080000DBA] -> 0x0010
[883] [M]: 0x0000000080000DB8 (0x00100513) addi a0, zero, 0x1
x10 <- 0x0000000000000001
mem[X,0x0000000080000DBC] -> 0x1513
mem[X,0x0000000080000DBE] -> 0x0265
[884] [M]: 0x0000000080000DBC (0x02651513) slli a0, a0, 0x26
x10 <- 0x0000004000000000
mem[X,0x0000000080000DC0] -> 0x4513
mem[X,0x0000000080000DC2] -> 0xFFF5
[885] [M]: 0x0000000080000DC0 (0xFFF54513) xori a0, a0, -0x1
x10 <- 0xFFFFFFBFFFFFFFFF
mem[X,0x0000000080000DC4] -> 0x0593
mem[X,0x0000000080000DC6] -> 0x01F0
[886] [M]: 0x0000000080000DC4 (0x01F00593) addi a1, zero, 0x1f
x11 <- 0x000000000000001F
mem[X,0x0000000080000DC8] -> 0x563B
mem[X,0x0000000080000DCA] -> 0x40B5
[887] [M]: 0x0000000080000DC8 (0x40B5563B) sraw a2, a0, a1
x12 <- 0xFFFFFFFFFFFFFFFF
mem[X,0x0000000080000DCC] -> 0x3023
mem[X,0x0000000080000DCE] -> 0x3AC3
[888] [M]: 0x0000000080000DCC (0x3AC33023) sd a2, 0x3a0(t1)
mem[0x0000000080004538] <- 0xFFFFFFFFFFFFFFFF
mem[X,0x0000000080000DD0] -> 0x0513
mem[X,0x0000000080000DD2] -> 0x0010
[889] [M]: 0x0000000080000DD0 (0x00100513) addi a0, zero, 0x1
x10 <- 0x0000000000000001
mem[X,0x0000000080000DD4] -> 0x1513
mem[X,0x0000000080000DD6] -> 0x0275
[890] [M]: 0x0000000080000DD4 (0x02751513) slli a0, a0, 0x27
x10 <- 0x0000008000000000
mem[X,0x0000000080000DD8] -> 0x4513
mem[X,0x0000000080000DDA] -> 0xFFF5
[891] [M]: 0x0000000080000DD8 (0xFFF54513) xori a0, a0, -0x1
x10 <- 0xFFFFFF7FFFFFFFFF
mem[X,0x0000000080000DDC] -> 0x0593
mem[X,0x0000000080000DDE] -> 0x0060
[892] [M]: 0x0000000080000DDC (0x00600593) addi a1, zero, 0x6
x11 <- 0x0000000000000006
mem[X,0x0000000080000DE0] -> 0x563B
mem[X,0x0000000080000DE2] -> 0x40B5
[893] [M]: 0x0000000080000DE0 (0x40B5563B) sraw a2, a0, a1
x12 <- 0xFFFFFFFFFFFFFFFF
mem[X,0x0000000080000DE4] -> 0x3423
mem[X,0x0000000080000DE6] -> 0x3AC3
[894] [M]: 0x0000000080000DE4 (0x3AC33423) sd a2, 0x3a8(t1)
mem[0x0000000080004540] <- 0xFFFFFFFFFFFFFFFF
mem[X,0x0000000080000DE8] -> 0x0513
mem[X,0x0000000080000DEA] -> 0x0010
[895] [M]: 0x0000000080000DE8 (0x00100513) addi a0, zero, 0x1
x10 <- 0x0000000000000001
mem[X,0x0000000080000DEC] -> 0x1513
mem[X,0x0000000080000DEE] -> 0x0285
[896] [M]: 0x0000000080000DEC (0x02851513) slli a0, a0, 0x28
x10 <- 0x0000010000000000
mem[X,0x0000000080000DF0] -> 0x4513
mem[X,0x0000000080000DF2] -> 0xFFF5
[897] [M]: 0x0000000080000DF0 (0xFFF54513) xori a0, a0, -0x1
x10 <- 0xFFFFFEFFFFFFFFFF
mem[X,0x0000000080000DF4] -> 0x0593
mem[X,0x0000000080000DF6] -> 0x01B0
[898] [M]: 0x0000000080000DF4 (0x01B00593) addi a1, zero, 0x1b
x11 <- 0x000000000000001B
mem[X,0x0000000080000DF8] -> 0x563B
mem[X,0x0000000080000DFA] -> 0x40B5
[899] [M]: 0x0000000080000DF8 (0x40B5563B) sraw a2, a0, a1
x12 <- 0xFFFFFFFFFFFFFFFF
clint::tick mtime <- 0x0000000000000009
 clint timer pending at mtime 0x0000000000000009
htif::tick 0x0000000000000000
mem[X,0x0000000080000DFC] -> 0x3823
mem[X,0x0000000080000DFE] -> 0x3AC3
[900] [M]: 0x0000000080000DFC (0x3AC33823) sd a2, 0x3b0(t1)
mem[0x0000000080004548] <- 0xFFFFFFFFFFFFFFFF
mem[X,0x0000000080000E00] -> 0x0513
mem[X,0x0000000080000E02] -> 0x0010
[901] [M]: 0x0000000080000E00 (0x00100513) addi a0, zero, 0x1
x10 <- 0x0000000000000001
mem[X,0x0000000080000E04] -> 0x1513
mem[X,0x0000000080000E06] -> 0x0295
[902] [M]: 0x0000000080000E04 (0x02951513) slli a0, a0, 0x29
x10 <- 0x0000020000000000
mem[X,0x0000000080000E08] -> 0x4513
mem[X,0x0000000080000E0A] -> 0xFFF5
[903] [M]: 0x0000000080000E08 (0xFFF54513) xori a0, a0, -0x1
x10 <- 0xFFFFFDFFFFFFFFFF
mem[X,0x0000000080000E0C] -> 0x0593
mem[X,0x0000000080000E0E] -> 0x00A0
[904] [M]: 0x0000000080000E0C (0x00A00593) addi a1, zero, 0xa
x11 <- 0x000000000000000A
mem[X,0x0000000080000E10] -> 0x563B
mem[X,0x0000000080000E12] -> 0x40B5
[905] [M]: 0x0000000080000E10 (0x40B5563B) sraw a2, a0, a1
x12 <- 0xFFFFFFFFFFFFFFFF
mem[X,0x0000000080000E14] -> 0x3C23
mem[X,0x0000000080000E16] -> 0x3AC3
[906] [M]: 0x0000000080000E14 (0x3AC33C23) sd a2, 0x3b8(t1)
mem[0x0000000080004550] <- 0xFFFFFFFFFFFFFFFF
mem[X,0x0000000080000E18] -> 0x0513
mem[X,0x0000000080000E1A] -> 0x0010
[907] [M]: 0x0000000080000E18 (0x00100513) addi a0, zero, 0x1
x10 <- 0x0000000000000001
mem[X,0x0000000080000E1C] -> 0x1513
mem[X,0x0000000080000E1E] -> 0x02A5
[908] [M]: 0x0000000080000E1C (0x02A51513) slli a0, a0, 0x2a
x10 <- 0x0000040000000000
mem[X,0x0000000080000E20] -> 0x4513
mem[X,0x0000000080000E22] -> 0xFFF5
[909] [M]: 0x0000000080000E20 (0xFFF54513) xori a0, a0, -0x1
x10 <- 0xFFFFFBFFFFFFFFFF
mem[X,0x0000000080000E24] -> 0x0593
mem[X,0x0000000080000E26] -> 0x0020
[910] [M]: 0x0000000080000E24 (0x00200593) addi a1, zero, 0x2
x11 <- 0x0000000000000002
mem[X,0x0000000080000E28] -> 0x563B
mem[X,0x0000000080000E2A] -> 0x40B5
[911] [M]: 0x0000000080000E28 (0x40B5563B) sraw a2, a0, a1
x12 <- 0xFFFFFFFFFFFFFFFF
mem[X,0x0000000080000E2C] -> 0x3023
mem[X,0x0000000080000E2E] -> 0x3CC3
[912] [M]: 0x0000000080000E2C (0x3CC33023) sd a2, 0x3c0(t1)
mem[0x0000000080004558] <- 0xFFFFFFFFFFFFFFFF
mem[X,0x0000000080000E30] -> 0x0513
mem[X,0x0000000080000E32] -> 0x0010
[913] [M]: 0x0000000080000E30 (0x00100513) addi a0, zero, 0x1
x10 <- 0x0000000000000001
mem[X,0x0000000080000E34] -> 0x1513
mem[X,0x0000000080000E36] -> 0x02B5
[914] [M]: 0x0000000080000E34 (0x02B51513) slli a0, a0, 0x2b
x10 <- 0x0000080000000000
mem[X,0x0000000080000E38] -> 0x4513
mem[X,0x0000000080000E3A] -> 0xFFF5
[915] [M]: 0x0000000080000E38 (0xFFF54513) xori a0, a0, -0x1
x10 <- 0xFFFFF7FFFFFFFFFF
mem[X,0x0000000080000E3C] -> 0x0593
mem[X,0x0000000080000E3E] -> 0x0080
[916] [M]: 0x0000000080000E3C (0x00800593) addi a1, zero, 0x8
x11 <- 0x0000000000000008
mem[X,0x0000000080000E40] -> 0x563B
mem[X,0x0000000080000E42] -> 0x40B5
[917] [M]: 0x0000000080000E40 (0x40B5563B) sraw a2, a0, a1
x12 <- 0xFFFFFFFFFFFFFFFF
mem[X,0x0000000080000E44] -> 0x3423
mem[X,0x0000000080000E46] -> 0x3CC3
[918] [M]: 0x0000000080000E44 (0x3CC33423) sd a2, 0x3c8(t1)
mem[0x0000000080004560] <- 0xFFFFFFFFFFFFFFFF
mem[X,0x0000000080000E48] -> 0x0513
mem[X,0x0000000080000E4A] -> 0x0010
[919] [M]: 0x0000000080000E48 (0x00100513) addi a0, zero, 0x1
x10 <- 0x0000000000000001
mem[X,0x0000000080000E4C] -> 0x1513
mem[X,0x0000000080000E4E] -> 0x02C5
[920] [M]: 0x0000000080000E4C (0x02C51513) slli a0, a0, 0x2c
x10 <- 0x0000100000000000
mem[X,0x0000000080000E50] -> 0x4513
mem[X,0x0000000080000E52] -> 0xFFF5
[921] [M]: 0x0000000080000E50 (0xFFF54513) xori a0, a0, -0x1
x10 <- 0xFFFFEFFFFFFFFFFF
mem[X,0x0000000080000E54] -> 0x0593
mem[X,0x0000000080000E56] -> 0x00D0
[922] [M]: 0x0000000080000E54 (0x00D00593) addi a1, zero, 0xd
x11 <- 0x000000000000000D
mem[X,0x0000000080000E58] -> 0x563B
mem[X,0x0000000080000E5A] -> 0x40B5
[923] [M]: 0x0000000080000E58 (0x40B5563B) sraw a2, a0, a1
x12 <- 0xFFFFFFFFFFFFFFFF
mem[X,0x0000000080000E5C] -> 0x3823
mem[X,0x0000000080000E5E] -> 0x3CC3
[924] [M]: 0x0000000080000E5C (0x3CC33823) sd a2, 0x3d0(t1)
mem[0x0000000080004568] <- 0xFFFFFFFFFFFFFFFF
mem[X,0x0000000080000E60] -> 0x0513
mem[X,0x0000000080000E62] -> 0x0010
[925] [M]: 0x0000000080000E60 (0x00100513) addi a0, zero, 0x1
x10 <- 0x0000000000000001
mem[X,0x0000000080000E64] -> 0x1513
mem[X,0x0000000080000E66] -> 0x02D5
[926] [M]: 0x0000000080000E64 (0x02D51513) slli a0, a0, 0x2d
x10 <- 0x0000200000000000
mem[X,0x0000000080000E68] -> 0x4513
mem[X,0x0000000080000E6A] -> 0xFFF5
[927] [M]: 0x0000000080000E68 (0xFFF54513) xori a0, a0, -0x1
x10 <- 0xFFFFDFFFFFFFFFFF
mem[X,0x0000000080000E6C] -> 0x0593
mem[X,0x0000000080000E6E] -> 0x00A0
[928] [M]: 0x0000000080000E6C (0x00A00593) addi a1, zero, 0xa
x11 <- 0x000000000000000A
mem[X,0x0000000080000E70] -> 0x563B
mem[X,0x0000000080000E72] -> 0x40B5
[929] [M]: 0x0000000080000E70 (0x40B5563B) sraw a2, a0, a1
x12 <- 0xFFFFFFFFFFFFFFFF
mem[X,0x0000000080000E74] -> 0x3C23
mem[X,0x0000000080000E76] -> 0x3CC3
[930] [M]: 0x0000000080000E74 (0x3CC33C23) sd a2, 0x3d8(t1)
mem[0x0000000080004570] <- 0xFFFFFFFFFFFFFFFF
mem[X,0x0000000080000E78] -> 0x0513
mem[X,0x0000000080000E7A] -> 0x0010
[931] [M]: 0x0000000080000E78 (0x00100513) addi a0, zero, 0x1
x10 <- 0x0000000000000001
mem[X,0x0000000080000E7C] -> 0x1513
mem[X,0x0000000080000E7E] -> 0x02E5
[932] [M]: 0x0000000080000E7C (0x02E51513) slli a0, a0, 0x2e
x10 <- 0x0000400000000000
mem[X,0x0000000080000E80] -> 0x4513
mem[X,0x0000000080000E82] -> 0xFFF5
[933] [M]: 0x0000000080000E80 (0xFFF54513) xori a0, a0, -0x1
x10 <- 0xFFFFBFFFFFFFFFFF
mem[X,0x0000000080000E84] -> 0x0593
mem[X,0x0000000080000E86] -> 0x0170
[934] [M]: 0x0000000080000E84 (0x01700593) addi a1, zero, 0x17
x11 <- 0x0000000000000017
mem[X,0x0000000080000E88] -> 0x563B
mem[X,0x0000000080000E8A] -> 0x40B5
[935] [M]: 0x0000000080000E88 (0x40B5563B) sraw a2, a0, a1
x12 <- 0xFFFFFFFFFFFFFFFF
mem[X,0x0000000080000E8C] -> 0x3023
mem[X,0x0000000080000E8E] -> 0x3EC3
[936] [M]: 0x0000000080000E8C (0x3EC33023) sd a2, 0x3e0(t1)
mem[0x0000000080004578] <- 0xFFFFFFFFFFFFFFFF
mem[X,0x0000000080000E90] -> 0x0513
mem[X,0x0000000080000E92] -> 0x0010
[937] [M]: 0x0000000080000E90 (0x00100513) addi a0, zero, 0x1
x10 <- 0x0000000000000001
mem[X,0x0000000080000E94] -> 0x1513
mem[X,0x0000000080000E96] -> 0x02F5
[938] [M]: 0x0000000080000E94 (0x02F51513) slli a0, a0, 0x2f
x10 <- 0x0000800000000000
mem[X,0x0000000080000E98] -> 0x4513
mem[X,0x0000000080000E9A] -> 0xFFF5
[939] [M]: 0x0000000080000E98 (0xFFF54513) xori a0, a0, -0x1
x10 <- 0xFFFF7FFFFFFFFFFF
mem[X,0x0000000080000E9C] -> 0x0593
mem[X,0x0000000080000E9E] -> 0x0120
[940] [M]: 0x0000000080000E9C (0x01200593) addi a1, zero, 0x12
x11 <- 0x0000000000000012
mem[X,0x0000000080000EA0] -> 0x563B
mem[X,0x0000000080000EA2] -> 0x40B5
[941] [M]: 0x0000000080000EA0 (0x40B5563B) sraw a2, a0, a1
x12 <- 0xFFFFFFFFFFFFFFFF
mem[X,0x0000000080000EA4] -> 0x3423
mem[X,0x0000000080000EA6] -> 0x3EC3
[942] [M]: 0x0000000080000EA4 (0x3EC33423) sd a2, 0x3e8(t1)
mem[0x0000000080004580] <- 0xFFFFFFFFFFFFFFFF
mem[X,0x0000000080000EA8] -> 0x0513
mem[X,0x0000000080000EAA] -> 0x0010
[943] [M]: 0x0000000080000EA8 (0x00100513) addi a0, zero, 0x1
x10 <- 0x0000000000000001
mem[X,0x0000000080000EAC] -> 0x1513
mem[X,0x0000000080000EAE] -> 0x0305
[944] [M]: 0x0000000080000EAC (0x03051513) slli a0, a0, 0x30
x10 <- 0x0001000000000000
mem[X,0x0000000080000EB0] -> 0x4513
mem[X,0x0000000080000EB2] -> 0xFFF5
[945] [M]: 0x0000000080000EB0 (0xFFF54513) xori a0, a0, -0x1
x10 <- 0xFFFEFFFFFFFFFFFF
mem[X,0x0000000080000EB4] -> 0x0593
mem[X,0x0000000080000EB6] -> 0x0090
[946] [M]: 0x0000000080000EB4 (0x00900593) addi a1, zero, 0x9
x11 <- 0x0000000000000009
mem[X,0x0000000080000EB8] -> 0x563B
mem[X,0x0000000080000EBA] -> 0x40B5
[947] [M]: 0x0000000080000EB8 (0x40B5563B) sraw a2, a0, a1
x12 <- 0xFFFFFFFFFFFFFFFF
mem[X,0x0000000080000EBC] -> 0x3823
mem[X,0x0000000080000EBE] -> 0x3EC3
[948] [M]: 0x0000000080000EBC (0x3EC33823) sd a2, 0x3f0(t1)
mem[0x0000000080004588] <- 0xFFFFFFFFFFFFFFFF
mem[X,0x0000000080000EC0] -> 0x0513
mem[X,0x0000000080000EC2] -> 0x0010
[949] [M]: 0x0000000080000EC0 (0x00100513) addi a0, zero, 0x1
x10 <- 0x0000000000000001
mem[X,0x0000000080000EC4] -> 0x1513
mem[X,0x0000000080000EC6] -> 0x0315
[950] [M]: 0x0000000080000EC4 (0x03151513) slli a0, a0, 0x31
x10 <- 0x0002000000000000
mem[X,0x0000000080000EC8] -> 0x4513
mem[X,0x0000000080000ECA] -> 0xFFF5
[951] [M]: 0x0000000080000EC8 (0xFFF54513) xori a0, a0, -0x1
x10 <- 0xFFFDFFFFFFFFFFFF
mem[X,0x0000000080000ECC] -> 0x0593
mem[X,0x0000000080000ECE] -> 0x0130
[952] [M]: 0x0000000080000ECC (0x01300593) addi a1, zero, 0x13
x11 <- 0x0000000000000013
mem[X,0x0000000080000ED0] -> 0x563B
mem[X,0x0000000080000ED2] -> 0x40B5
[953] [M]: 0x0000000080000ED0 (0x40B5563B) sraw a2, a0, a1
x12 <- 0xFFFFFFFFFFFFFFFF
mem[X,0x0000000080000ED4] -> 0x3C23
mem[X,0x0000000080000ED6] -> 0x3EC3
[954] [M]: 0x0000000080000ED4 (0x3EC33C23) sd a2, 0x3f8(t1)
mem[0x0000000080004590] <- 0xFFFFFFFFFFFFFFFF
mem[X,0x0000000080000ED8] -> 0x0513
mem[X,0x0000000080000EDA] -> 0x0010
[955] [M]: 0x0000000080000ED8 (0x00100513) addi a0, zero, 0x1
x10 <- 0x0000000000000001
mem[X,0x0000000080000EDC] -> 0x1513
mem[X,0x0000000080000EDE] -> 0x0325
[956] [M]: 0x0000000080000EDC (0x03251513) slli a0, a0, 0x32
x10 <- 0x0004000000000000
mem[X,0x0000000080000EE0] -> 0x4513
mem[X,0x0000000080000EE2] -> 0xFFF5
[957] [M]: 0x0000000080000EE0 (0xFFF54513) xori a0, a0, -0x1
x10 <- 0xFFFBFFFFFFFFFFFF
mem[X,0x0000000080000EE4] -> 0x0593
mem[X,0x0000000080000EE6] -> 0x00A0
[958] [M]: 0x0000000080000EE4 (0x00A00593) addi a1, zero, 0xa
x11 <- 0x000000000000000A
mem[X,0x0000000080000EE8] -> 0x563B
mem[X,0x0000000080000EEA] -> 0x40B5
[959] [M]: 0x0000000080000EE8 (0x40B5563B) sraw a2, a0, a1
x12 <- 0xFFFFFFFFFFFFFFFF
mem[X,0x0000000080000EEC] -> 0x3023
mem[X,0x0000000080000EEE] -> 0x40C3
[960] [M]: 0x0000000080000EEC (0x40C33023) sd a2, 0x400(t1)
mem[0x0000000080004598] <- 0xFFFFFFFFFFFFFFFF
mem[X,0x0000000080000EF0] -> 0x0513
mem[X,0x0000000080000EF2] -> 0x0010
[961] [M]: 0x0000000080000EF0 (0x00100513) addi a0, zero, 0x1
x10 <- 0x0000000000000001
mem[X,0x0000000080000EF4] -> 0x1513
mem[X,0x0000000080000EF6] -> 0x0335
[962] [M]: 0x0000000080000EF4 (0x03351513) slli a0, a0, 0x33
x10 <- 0x0008000000000000
mem[X,0x0000000080000EF8] -> 0x4513
mem[X,0x0000000080000EFA] -> 0xFFF5
[963] [M]: 0x0000000080000EF8 (0xFFF54513) xori a0, a0, -0x1
x10 <- 0xFFF7FFFFFFFFFFFF
mem[X,0x0000000080000EFC] -> 0x0593
mem[X,0x0000000080000EFE] -> 0x0010
[964] [M]: 0x0000000080000EFC (0x00100593) addi a1, zero, 0x1
x11 <- 0x0000000000000001
mem[X,0x0000000080000F00] -> 0x563B
mem[X,0x0000000080000F02] -> 0x40B5
[965] [M]: 0x0000000080000F00 (0x40B5563B) sraw a2, a0, a1
x12 <- 0xFFFFFFFFFFFFFFFF
mem[X,0x0000000080000F04] -> 0x3423
mem[X,0x0000000080000F06] -> 0x40C3
[966] [M]: 0x0000000080000F04 (0x40C33423) sd a2, 0x408(t1)
mem[0x00000000800045A0] <- 0xFFFFFFFFFFFFFFFF
mem[X,0x0000000080000F08] -> 0x0513
mem[X,0x0000000080000F0A] -> 0x0010
[967] [M]: 0x0000000080000F08 (0x00100513) addi a0, zero, 0x1
x10 <- 0x0000000000000001
mem[X,0x0000000080000F0C] -> 0x1513
mem[X,0x0000000080000F0E] -> 0x0345
[968] [M]: 0x0000000080000F0C (0x03451513) slli a0, a0, 0x34
x10 <- 0x0010000000000000
mem[X,0x0000000080000F10] -> 0x4513
mem[X,0x0000000080000F12] -> 0xFFF5
[969] [M]: 0x0000000080000F10 (0xFFF54513) xori a0, a0, -0x1
x10 <- 0xFFEFFFFFFFFFFFFF
mem[X,0x0000000080000F14] -> 0x0593
mem[X,0x0000000080000F16] -> 0x0020
[970] [M]: 0x0000000080000F14 (0x00200593) addi a1, zero, 0x2
x11 <- 0x0000000000000002
mem[X,0x0000000080000F18] -> 0x563B
mem[X,0x0000000080000F1A] -> 0x40B5
[971] [M]: 0x0000000080000F18 (0x40B5563B) sraw a2, a0, a1
x12 <- 0xFFFFFFFFFFFFFFFF
mem[X,0x0000000080000F1C] -> 0x3823
mem[X,0x0000000080000F1E] -> 0x40C3
[972] [M]: 0x0000000080000F1C (0x40C33823) sd a2, 0x410(t1)
mem[0x00000000800045A8] <- 0xFFFFFFFFFFFFFFFF
mem[X,0x0000000080000F20] -> 0x0513
mem[X,0x0000000080000F22] -> 0x0010
[973] [M]: 0x0000000080000F20 (0x00100513) addi a0, zero, 0x1
x10 <- 0x0000000000000001
mem[X,0x0000000080000F24] -> 0x1513
mem[X,0x0000000080000F26] -> 0x0355
[974] [M]: 0x0000000080000F24 (0x03551513) slli a0, a0, 0x35
x10 <- 0x0020000000000000
mem[X,0x0000000080000F28] -> 0x4513
mem[X,0x0000000080000F2A] -> 0xFFF5
[975] [M]: 0x0000000080000F28 (0xFFF54513) xori a0, a0, -0x1
x10 <- 0xFFDFFFFFFFFFFFFF
mem[X,0x0000000080000F2C] -> 0x0593
mem[X,0x0000000080000F2E] -> 0x01F0
[976] [M]: 0x0000000080000F2C (0x01F00593) addi a1, zero, 0x1f
x11 <- 0x000000000000001F
mem[X,0x0000000080000F30] -> 0x563B
mem[X,0x0000000080000F32] -> 0x40B5
[977] [M]: 0x0000000080000F30 (0x40B5563B) sraw a2, a0, a1
x12 <- 0xFFFFFFFFFFFFFFFF
mem[X,0x0000000080000F34] -> 0x3C23
mem[X,0x0000000080000F36] -> 0x40C3
[978] [M]: 0x0000000080000F34 (0x40C33C23) sd a2, 0x418(t1)
mem[0x00000000800045B0] <- 0xFFFFFFFFFFFFFFFF
mem[X,0x0000000080000F38] -> 0x0513
mem[X,0x0000000080000F3A] -> 0x0010
[979] [M]: 0x0000000080000F38 (0x00100513) addi a0, zero, 0x1
x10 <- 0x0000000000000001
mem[X,0x0000000080000F3C] -> 0x1513
mem[X,0x0000000080000F3E] -> 0x0365
[980] [M]: 0x0000000080000F3C (0x03651513) slli a0, a0, 0x36
x10 <- 0x0040000000000000
mem[X,0x0000000080000F40] -> 0x4513
mem[X,0x0000000080000F42] -> 0xFFF5
[981] [M]: 0x0000000080000F40 (0xFFF54513) xori a0, a0, -0x1
x10 <- 0xFFBFFFFFFFFFFFFF
mem[X,0x0000000080000F44] -> 0x0593
mem[X,0x0000000080000F46] -> 0x0040
[982] [M]: 0x0000000080000F44 (0x00400593) addi a1, zero, 0x4
x11 <- 0x0000000000000004
mem[X,0x0000000080000F48] -> 0x563B
mem[X,0x0000000080000F4A] -> 0x40B5
[983] [M]: 0x0000000080000F48 (0x40B5563B) sraw a2, a0, a1
x12 <- 0xFFFFFFFFFFFFFFFF
mem[X,0x0000000080000F4C] -> 0x3023
mem[X,0x0000000080000F4E] -> 0x42C3
[984] [M]: 0x0000000080000F4C (0x42C33023) sd a2, 0x420(t1)
mem[0x00000000800045B8] <- 0xFFFFFFFFFFFFFFFF
mem[X,0x0000000080000F50] -> 0x0513
mem[X,0x0000000080000F52] -> 0xEFF0
[985] [M]: 0x0000000080000F50 (0xEFF00513) addi a0, zero, -0x101
x10 <- 0xFFFFFFFFFFFFFEFF
mem[X,0x0000000080000F54] -> 0x0593
mem[X,0x0000000080000F56] -> 0x0010
[986] [M]: 0x0000000080000F54 (0x00100593) addi a1, zero, 0x1
x11 <- 0x0000000000000001
mem[X,0x0000000080000F58] -> 0x563B
mem[X,0x0000000080000F5A] -> 0x40B5
[987] [M]: 0x0000000080000F58 (0x40B5563B) sraw a2, a0, a1
x12 <- 0xFFFFFFFFFFFFFF7F
mem[X,0x0000000080000F5C] -> 0x3423
mem[X,0x0000000080000F5E] -> 0x42C3
[988] [M]: 0x0000000080000F5C (0x42C33423) sd a2, 0x428(t1)
mem[0x00000000800045C0] <- 0xFFFFFFFFFFFFFF7F
mem[X,0x0000000080000F60] -> 0x0513
mem[X,0x0000000080000F62] -> 0x0010
[989] [M]: 0x0000000080000F60 (0x00100513) addi a0, zero, 0x1
x10 <- 0x0000000000000001
mem[X,0x0000000080000F64] -> 0x1513
mem[X,0x0000000080000F66] -> 0x0115
[990] [M]: 0x0000000080000F64 (0x01151513) slli a0, a0, 0x11
x10 <- 0x0000000000020000
mem[X,0x0000000080000F68] -> 0x4513
mem[X,0x0000000080000F6A] -> 0xFFF5
[991] [M]: 0x0000000080000F68 (0xFFF54513) xori a0, a0, -0x1
x10 <- 0xFFFFFFFFFFFDFFFF
mem[X,0x0000000080000F6C] -> 0x0593
mem[X,0x0000000080000F6E] -> 0x0000
[992] [M]: 0x0000000080000F6C (0x00000593) addi a1, zero, 0x0
x11 <- 0x0000000000000000
mem[X,0x0000000080000F70] -> 0x563B
mem[X,0x0000000080000F72] -> 0x40B5
[993] [M]: 0x0000000080000F70 (0x40B5563B) sraw a2, a0, a1
x12 <- 0xFFFFFFFFFFFDFFFF
mem[X,0x0000000080000F74] -> 0x3823
mem[X,0x0000000080000F76] -> 0x42C3
[994] [M]: 0x0000000080000F74 (0x42C33823) sd a2, 0x430(t1)
mem[0x00000000800045C8] <- 0xFFFFFFFFFFFDFFFF
mem[X,0x0000000080000F78] -> 0x0513
mem[X,0x0000000080000F7A] -> 0xFFF0
[995] [M]: 0x0000000080000F78 (0xFFF00513) addi a0, zero, -0x1
x10 <- 0xFFFFFFFFFFFFFFFF
mem[X,0x0000000080000F7C] -> 0x1513
mem[X,0x0000000080000F7E] -> 0x03F5
[996] [M]: 0x0000000080000F7C (0x03F51513) slli a0, a0, 0x3f
x10 <- 0x8000000000000000
mem[X,0x0000000080000F80] -> 0x0593
mem[X,0x0000000080000F82] -> 0x00E0
[997] [M]: 0x0000000080000F80 (0x00E00593) addi a1, zero, 0xe
x11 <- 0x000000000000000E
mem[X,0x0000000080000F84] -> 0x563B
mem[X,0x0000000080000F86] -> 0x40B5
[998] [M]: 0x0000000080000F84 (0x40B5563B) sraw a2, a0, a1
x12 <- 0x0000000000000000
mem[X,0x0000000080000F88] -> 0x3C23
mem[X,0x0000000080000F8A] -> 0x42C3
[999] [M]: 0x0000000080000F88 (0x42C33C23) sd a2, 0x438(t1)
mem[0x00000000800045D0] <- 0x0000000000000000
clint::tick mtime <- 0x000000000000000A
 clint timer pending at mtime 0x000000000000000A
htif::tick 0x0000000000000000
mem[X,0x0000000080000F8C] -> 0x0513
mem[X,0x0000000080000F8E] -> 0x0020
[1000] [M]: 0x0000000080000F8C (0x00200513) addi a0, zero, 0x2
x10 <- 0x0000000000000002
mem[X,0x0000000080000F90] -> 0x0593
mem[X,0x0000000080000F92] -> 0x00A0
[1001] [M]: 0x0000000080000F90 (0x00A00593) addi a1, zero, 0xa
x11 <- 0x000000000000000A
mem[X,0x0000000080000F94] -> 0x563B
mem[X,0x0000000080000F96] -> 0x40B5
[1002] [M]: 0x0000000080000F94 (0x40B5563B) sraw a2, a0, a1
x12 <- 0x0000000000000000
mem[X,0x0000000080000F98] -> 0x3023
mem[X,0x0000000080000F9A] -> 0x44C3
[1003] [M]: 0x0000000080000F98 (0x44C33023) sd a2, 0x440(t1)
mem[0x00000000800045D8] <- 0x0000000000000000
mem[X,0x0000000080000F9C] -> 0x0513
mem[X,0x0000000080000F9E] -> 0x0010
[1004] [M]: 0x0000000080000F9C (0x00100513) addi a0, zero, 0x1
x10 <- 0x0000000000000001
mem[X,0x0000000080000FA0] -> 0x1513
mem[X,0x0000000080000FA2] -> 0x00E5
[1005] [M]: 0x0000000080000FA0 (0x00E51513) slli a0, a0, 0xe
x10 <- 0x0000000000004000
mem[X,0x0000000080000FA4] -> 0x0593
mem[X,0x0000000080000FA6] -> 0x0020
[1006] [M]: 0x0000000080000FA4 (0x00200593) addi a1, zero, 0x2
x11 <- 0x0000000000000002
mem[X,0x0000000080000FA8] -> 0x563B
mem[X,0x0000000080000FAA] -> 0x40B5
[1007] [M]: 0x0000000080000FA8 (0x40B5563B) sraw a2, a0, a1
x12 <- 0x0000000000001000
mem[X,0x0000000080000FAC] -> 0x3423
mem[X,0x0000000080000FAE] -> 0x44C3
[1008] [M]: 0x0000000080000FAC (0x44C33423) sd a2, 0x448(t1)
mem[0x00000000800045E0] <- 0x0000000000001000
mem[X,0x0000000080000FB0] -> 0x006F
mem[X,0x0000000080000FB2] -> 0x0380
[1009] [M]: 0x0000000080000FB0 (0x0380006F) jal zero, 0x38
mem[X,0x0000000080000FE8] -> 0x0093
mem[X,0x0000000080000FEA] -> 0x0010
[1010] [M]: 0x0000000080000FE8 (0x00100093) addi ra, zero, 0x1
x1 <- 0x0000000000000001
mem[X,0x0000000080000FEC] -> 0x1F17
mem[X,0x0000000080000FEE] -> 0x0000
[1011] [M]: 0x0000000080000FEC (0x00001F17) auipc t5, 0x1
x30 <- 0x0000000080001FEC
mem[X,0x0000000080000FF0] -> 0x2A23
mem[X,0x0000000080000FF2] -> 0x001F
[1012] [M]: 0x0000000080000FF0 (0x001F2A23) sw ra, 0x14(t5)
htif[0x0000000080002000] <- 0x00000001
mem[X,0x0000000080000FF4] -> 0xF06F
mem[X,0x0000000080000FF6] -> 0xFF9F
[1013] [M]: 0x0000000080000FF4 (0xFF9FF06F) jal zero, -0x8
mem[X,0x0000000080000FEC] -> 0x1F17
mem[X,0x0000000080000FEE] -> 0x0000
[1014] [M]: 0x0000000080000FEC (0x00001F17) auipc t5, 0x1
x30 <- 0x0000000080001FEC
mem[X,0x0000000080000FF0] -> 0x2A23
mem[X,0x0000000080000FF2] -> 0x001F
[1015] [M]: 0x0000000080000FF0 (0x001F2A23) sw ra, 0x14(t5)
htif[0x0000000080002000] <- 0x00000001
mem[X,0x0000000080000FF4] -> 0xF06F
mem[X,0x0000000080000FF6] -> 0xFF9F
[1016] [M]: 0x0000000080000FF4 (0xFF9FF06F) jal zero, -0x8
mem[X,0x0000000080000FEC] -> 0x1F17
mem[X,0x0000000080000FEE] -> 0x0000
[1017] [M]: 0x0000000080000FEC (0x00001F17) auipc t5, 0x1
x30 <- 0x0000000080001FEC
mem[X,0x0000000080000FF0] -> 0x2A23
mem[X,0x0000000080000FF2] -> 0x001F
[1018] [M]: 0x0000000080000FF0 (0x001F2A23) sw ra, 0x14(t5)
htif[0x0000000080002000] <- 0x00000001
htif-syscall-proxy cmd: 0x000000000001
SUCCESS
