using /home/mamir/tempo/riscof/riscof_work/rv64i_m/I/src/jal-01.S/ref/Reference-sail_c_simulator.signature for test-signature output.
tohost located at 0x80123000
Running file ref.elf.
ELF Entry @ 0x80000000
begin_signature: 0x80125110
end_signature: 0x80125220
CSR mstatus <- 0x0000000A00000000 (input: 0x0000000000000000)
mem[X,0x0000000000001000] -> 0x0297
mem[X,0x0000000000001002] -> 0x0000
[0] [M]: 0x0000000000001000 (0x00000297) auipc t0, 0x0
x5 <- 0x0000000000001000
mem[X,0x0000000000001004] -> 0x8593
mem[X,0x0000000000001006] -> 0x0202
[1] [M]: 0x0000000000001004 (0x02028593) addi a1, t0, 0x20
x11 <- 0x0000000000001020
mem[X,0x0000000000001008] -> 0x2573
mem[X,0x000000000000100A] -> 0xF140
[2] [M]: 0x0000000000001008 (0xF1402573) csrrs a0, mhartid, zero
CSR mhartid -> 0x0000000000000000
x10 <- 0x0000000000000000
mem[X,0x000000000000100C] -> 0xB283
mem[X,0x000000000000100E] -> 0x0182
[3] [M]: 0x000000000000100C (0x0182B283) ld t0, 0x18(t0)
mem[R,0x0000000000001018] -> 0x0000000080000000
x5 <- 0x0000000080000000
mem[X,0x0000000000001010] -> 0x8067
mem[X,0x0000000000001012] -> 0x0002
[4] [M]: 0x0000000000001010 (0x00028067) jalr zero, 0x0(t0)
mem[X,0x0000000080000000] -> 0x0837
mem[X,0x0000000080000002] -> 0x7D5C
[5] [M]: 0x0000000080000000 (0x7D5C0837) lui a6, 0x7d5c0
x16 <- 0x000000007D5C0000
mem[X,0x0000000080000004] -> 0x0813
mem[X,0x0000000080000006] -> 0xDDB8
[6] [M]: 0x0000000080000004 (0xDDB80813) addi a6, a6, -0x225
x16 <- 0x000000007D5BFDDB
mem[X,0x0000000080000008] -> 0x1813
mem[X,0x000000008000000A] -> 0x00B8
[7] [M]: 0x0000000080000008 (0x00B81813) slli a6, a6, 0xb
x16 <- 0x000003EADFEED800
mem[X,0x000000008000000C] -> 0x0813
mem[X,0x000000008000000E] -> 0x3EA8
[8] [M]: 0x000000008000000C (0x3EA80813) addi a6, a6, 0x3ea
x16 <- 0x000003EADFEEDBEA
mem[X,0x0000000080000010] -> 0x1813
mem[X,0x0000000080000012] -> 0x00B8
[9] [M]: 0x0000000080000010 (0x00B81813) slli a6, a6, 0xb
x16 <- 0x001F56FF76DF5000
mem[X,0x0000000080000014] -> 0x0813
mem[X,0x0000000080000016] -> 0x6FF8
[10] [M]: 0x0000000080000014 (0x6FF80813) addi a6, a6, 0x6ff
x16 <- 0x001F56FF76DF56FF
mem[X,0x0000000080000018] -> 0x1813
mem[X,0x000000008000001A] -> 0x00A8
[11] [M]: 0x0000000080000018 (0x00A81813) slli a6, a6, 0xa
x16 <- 0x7D5BFDDB7D5BFC00
mem[X,0x000000008000001C] -> 0x0813
mem[X,0x000000008000001E] -> 0x1DB8
[12] [M]: 0x000000008000001C (0x1DB80813) addi a6, a6, 0x1db
x16 <- 0x7D5BFDDB7D5BFDDB
mem[X,0x0000000080000020] -> 0x5893
mem[X,0x0000000080000022] -> 0x0078
[13] [M]: 0x0000000080000020 (0x00785893) srli a7, a6, 0x7
x17 <- 0x00FAB7FBB6FAB7FB
mem[X,0x0000000080000024] -> 0x5793
mem[X,0x0000000080000026] -> 0x0398
[14] [M]: 0x0000000080000024 (0x03985793) srli a5, a6, 0x39
x15 <- 0x000000000000003E
mem[X,0x0000000080000028] -> 0xE8B3
mem[X,0x000000008000002A] -> 0x00F8
[15] [M]: 0x0000000080000028 (0x00F8E8B3) or a7, a7, a5
x17 <- 0x00FAB7FBB6FAB7FF
mem[X,0x000000008000002C] -> 0xD913
mem[X,0x000000008000002E] -> 0x0078
[16] [M]: 0x000000008000002C (0x0078D913) srli s2, a7, 0x7
x18 <- 0x0001F56FF76DF56F
mem[X,0x0000000080000030] -> 0xD793
mem[X,0x0000000080000032] -> 0x0398
[17] [M]: 0x0000000080000030 (0x0398D793) srli a5, a7, 0x39
x15 <- 0x0000000000000000
mem[X,0x0000000080000034] -> 0x6933
mem[X,0x0000000080000036] -> 0x00F9
[18] [M]: 0x0000000080000034 (0x00F96933) or s2, s2, a5
x18 <- 0x0001F56FF76DF56F
mem[X,0x0000000080000038] -> 0x5993
mem[X,0x000000008000003A] -> 0x0079
[19] [M]: 0x0000000080000038 (0x00795993) srli s3, s2, 0x7
x19 <- 0x000003EADFEEDBEA
mem[X,0x000000008000003C] -> 0x5793
mem[X,0x000000008000003E] -> 0x0399
[20] [M]: 0x000000008000003C (0x03995793) srli a5, s2, 0x39
x15 <- 0x0000000000000000
mem[X,0x0000000080000040] -> 0xE9B3
mem[X,0x0000000080000042] -> 0x00F9
[21] [M]: 0x0000000080000040 (0x00F9E9B3) or s3, s3, a5
x19 <- 0x000003EADFEEDBEA
mem[X,0x0000000080000044] -> 0xDA13
mem[X,0x0000000080000046] -> 0x0079
[22] [M]: 0x0000000080000044 (0x0079DA13) srli s4, s3, 0x7
x20 <- 0x00000007D5BFDDB7
mem[X,0x0000000080000048] -> 0xD793
mem[X,0x000000008000004A] -> 0x0399
[23] [M]: 0x0000000080000048 (0x0399D793) srli a5, s3, 0x39
x15 <- 0x0000000000000000
mem[X,0x000000008000004C] -> 0x6A33
mem[X,0x000000008000004E] -> 0x00FA
[24] [M]: 0x000000008000004C (0x00FA6A33) or s4, s4, a5
x20 <- 0x00000007D5BFDDB7
mem[X,0x0000000080000050] -> 0x5A93
mem[X,0x0000000080000052] -> 0x007A
[25] [M]: 0x0000000080000050 (0x007A5A93) srli s5, s4, 0x7
x21 <- 0x000000000FAB7FBB
mem[X,0x0000000080000054] -> 0x5793
mem[X,0x0000000080000056] -> 0x039A
[26] [M]: 0x0000000080000054 (0x039A5793) srli a5, s4, 0x39
x15 <- 0x0000000000000000
mem[X,0x0000000080000058] -> 0xEAB3
mem[X,0x000000008000005A] -> 0x00FA
[27] [M]: 0x0000000080000058 (0x00FAEAB3) or s5, s5, a5
x21 <- 0x000000000FAB7FBB
mem[X,0x000000008000005C] -> 0xDB13
mem[X,0x000000008000005E] -> 0x007A
[28] [M]: 0x000000008000005C (0x007ADB13) srli s6, s5, 0x7
x22 <- 0x00000000001F56FF
mem[X,0x0000000080000060] -> 0xD793
mem[X,0x0000000080000062] -> 0x039A
[29] [M]: 0x0000000080000060 (0x039AD793) srli a5, s5, 0x39
x15 <- 0x0000000000000000
mem[X,0x0000000080000064] -> 0x6B33
mem[X,0x0000000080000066] -> 0x00FB
[30] [M]: 0x0000000080000064 (0x00FB6B33) or s6, s6, a5
x22 <- 0x00000000001F56FF
mem[X,0x0000000080000068] -> 0x5B93
mem[X,0x000000008000006A] -> 0x007B
[31] [M]: 0x0000000080000068 (0x007B5B93) srli s7, s6, 0x7
x23 <- 0x0000000000003EAD
mem[X,0x000000008000006C] -> 0x5793
mem[X,0x000000008000006E] -> 0x039B
[32] [M]: 0x000000008000006C (0x039B5793) srli a5, s6, 0x39
x15 <- 0x0000000000000000
mem[X,0x0000000080000070] -> 0xEBB3
mem[X,0x0000000080000072] -> 0x00FB
[33] [M]: 0x0000000080000070 (0x00FBEBB3) or s7, s7, a5
x23 <- 0x0000000000003EAD
mem[X,0x0000000080000074] -> 0xDC13
mem[X,0x0000000080000076] -> 0x007B
[34] [M]: 0x0000000080000074 (0x007BDC13) srli s8, s7, 0x7
x24 <- 0x000000000000007D
mem[X,0x0000000080000078] -> 0xD793
mem[X,0x000000008000007A] -> 0x039B
[35] [M]: 0x0000000080000078 (0x039BD793) srli a5, s7, 0x39
x15 <- 0x0000000000000000
mem[X,0x000000008000007C] -> 0x6C33
mem[X,0x000000008000007E] -> 0x00FC
[36] [M]: 0x000000008000007C (0x00FC6C33) or s8, s8, a5
x24 <- 0x000000000000007D
mem[X,0x0000000080000080] -> 0x5C93
mem[X,0x0000000080000082] -> 0x007C
[37] [M]: 0x0000000080000080 (0x007C5C93) srli s9, s8, 0x7
x25 <- 0x0000000000000000
mem[X,0x0000000080000084] -> 0x5793
mem[X,0x0000000080000086] -> 0x039C
[38] [M]: 0x0000000080000084 (0x039C5793) srli a5, s8, 0x39
x15 <- 0x0000000000000000
mem[X,0x0000000080000088] -> 0xECB3
mem[X,0x000000008000008A] -> 0x00FC
[39] [M]: 0x0000000080000088 (0x00FCECB3) or s9, s9, a5
x25 <- 0x0000000000000000
mem[X,0x000000008000008C] -> 0xDD13
mem[X,0x000000008000008E] -> 0x007C
[40] [M]: 0x000000008000008C (0x007CDD13) srli s10, s9, 0x7
x26 <- 0x0000000000000000
mem[X,0x0000000080000090] -> 0xD793
mem[X,0x0000000080000092] -> 0x039C
[41] [M]: 0x0000000080000090 (0x039CD793) srli a5, s9, 0x39
x15 <- 0x0000000000000000
mem[X,0x0000000080000094] -> 0x6D33
mem[X,0x0000000080000096] -> 0x00FD
[42] [M]: 0x0000000080000094 (0x00FD6D33) or s10, s10, a5
x26 <- 0x0000000000000000
mem[X,0x0000000080000098] -> 0x5D93
mem[X,0x000000008000009A] -> 0x007D
[43] [M]: 0x0000000080000098 (0x007D5D93) srli s11, s10, 0x7
x27 <- 0x0000000000000000
mem[X,0x000000008000009C] -> 0x5793
mem[X,0x000000008000009E] -> 0x039D
[44] [M]: 0x000000008000009C (0x039D5793) srli a5, s10, 0x39
x15 <- 0x0000000000000000
mem[X,0x00000000800000A0] -> 0xEDB3
mem[X,0x00000000800000A2] -> 0x00FD
[45] [M]: 0x00000000800000A0 (0x00FDEDB3) or s11, s11, a5
x27 <- 0x0000000000000000
mem[X,0x00000000800000A4] -> 0xDE13
mem[X,0x00000000800000A6] -> 0x007D
[46] [M]: 0x00000000800000A4 (0x007DDE13) srli t3, s11, 0x7
x28 <- 0x0000000000000000
mem[X,0x00000000800000A8] -> 0xD793
mem[X,0x00000000800000AA] -> 0x039D
[47] [M]: 0x00000000800000A8 (0x039DD793) srli a5, s11, 0x39
x15 <- 0x0000000000000000
mem[X,0x00000000800000AC] -> 0x6E33
mem[X,0x00000000800000AE] -> 0x00FE
[48] [M]: 0x00000000800000AC (0x00FE6E33) or t3, t3, a5
x28 <- 0x0000000000000000
mem[X,0x00000000800000B0] -> 0x5E93
mem[X,0x00000000800000B2] -> 0x007E
[49] [M]: 0x00000000800000B0 (0x007E5E93) srli t4, t3, 0x7
x29 <- 0x0000000000000000
mem[X,0x00000000800000B4] -> 0x5793
mem[X,0x00000000800000B6] -> 0x039E
[50] [M]: 0x00000000800000B4 (0x039E5793) srli a5, t3, 0x39
x15 <- 0x0000000000000000
mem[X,0x00000000800000B8] -> 0xEEB3
mem[X,0x00000000800000BA] -> 0x00FE
[51] [M]: 0x00000000800000B8 (0x00FEEEB3) or t4, t4, a5
x29 <- 0x0000000000000000
mem[X,0x00000000800000BC] -> 0xDF13
mem[X,0x00000000800000BE] -> 0x007E
[52] [M]: 0x00000000800000BC (0x007EDF13) srli t5, t4, 0x7
x30 <- 0x0000000000000000
mem[X,0x00000000800000C0] -> 0xD793
mem[X,0x00000000800000C2] -> 0x039E
[53] [M]: 0x00000000800000C0 (0x039ED793) srli a5, t4, 0x39
x15 <- 0x0000000000000000
mem[X,0x00000000800000C4] -> 0x6F33
mem[X,0x00000000800000C6] -> 0x00FF
[54] [M]: 0x00000000800000C4 (0x00FF6F33) or t5, t5, a5
x30 <- 0x0000000000000000
mem[X,0x00000000800000C8] -> 0xC0B7
mem[X,0x00000000800000CA] -> 0xFEED
[55] [M]: 0x00000000800000C8 (0xFEEDC0B7) lui ra, -0x1124
x1 <- 0xFFFFFFFFFEEDC000
mem[X,0x00000000800000CC] -> 0x8093
mem[X,0x00000000800000CE] -> 0xEAD0
[56] [M]: 0x00000000800000CC (0xEAD08093) addi ra, ra, -0x153
x1 <- 0xFFFFFFFFFEEDBEAD
mem[X,0x00000000800000D0] -> 0x9093
mem[X,0x00000000800000D2] -> 0x00B0
[57] [M]: 0x00000000800000D0 (0x00B09093) slli ra, ra, 0xb
x1 <- 0xFFFFFFF76DF56800
mem[X,0x00000000800000D4] -> 0x8093
mem[X,0x00000000800000D6] -> 0x7F70
[58] [M]: 0x00000000800000D4 (0x7F708093) addi ra, ra, 0x7f7
x1 <- 0xFFFFFFF76DF56FF7
mem[X,0x00000000800000D8] -> 0x9093
mem[X,0x00000000800000DA] -> 0x00B0
[59] [M]: 0x00000000800000D8 (0x00B09093) slli ra, ra, 0xb
x1 <- 0xFFFFBB6FAB7FB800
mem[X,0x00000000800000DC] -> 0x8093
mem[X,0x00000000800000DE] -> 0x36F0
[60] [M]: 0x00000000800000DC (0x36F08093) addi ra, ra, 0x36f
x1 <- 0xFFFFBB6FAB7FBB6F
mem[X,0x00000000800000E0] -> 0x9093
mem[X,0x00000000800000E2] -> 0x00A0
[61] [M]: 0x00000000800000E0 (0x00A09093) slli ra, ra, 0xa
x1 <- 0xFEEDBEADFEEDBC00
mem[X,0x00000000800000E4] -> 0x8093
mem[X,0x00000000800000E6] -> 0x2AD0
[62] [M]: 0x00000000800000E4 (0x2AD08093) addi ra, ra, 0x2ad
x1 <- 0xFEEDBEADFEEDBEAD
mem[X,0x00000000800000E8] -> 0xD113
mem[X,0x00000000800000EA] -> 0x0070
[63] [M]: 0x00000000800000E8 (0x0070D113) srli sp, ra, 0x7
x2 <- 0x01FDDB7D5BFDDB7D
mem[X,0x00000000800000EC] -> 0xD793
mem[X,0x00000000800000EE] -> 0x0390
[64] [M]: 0x00000000800000EC (0x0390D793) srli a5, ra, 0x39
x15 <- 0x000000000000007F
mem[X,0x00000000800000F0] -> 0x6133
mem[X,0x00000000800000F2] -> 0x00F1
[65] [M]: 0x00000000800000F0 (0x00F16133) or sp, sp, a5
x2 <- 0x01FDDB7D5BFDDB7F
mem[X,0x00000000800000F4] -> 0x5193
mem[X,0x00000000800000F6] -> 0x0071
[66] [M]: 0x00000000800000F4 (0x00715193) srli gp, sp, 0x7
x3 <- 0x0003FBB6FAB7FBB6
mem[X,0x00000000800000F8] -> 0x5793
mem[X,0x00000000800000FA] -> 0x0391
[67] [M]: 0x00000000800000F8 (0x03915793) srli a5, sp, 0x39
x15 <- 0x0000000000000000
mem[X,0x00000000800000FC] -> 0xE1B3
mem[X,0x00000000800000FE] -> 0x00F1
[68] [M]: 0x00000000800000FC (0x00F1E1B3) or gp, gp, a5
x3 <- 0x0003FBB6FAB7FBB6
mem[X,0x0000000080000100] -> 0xD213
mem[X,0x0000000080000102] -> 0x0071
[69] [M]: 0x0000000080000100 (0x0071D213) srli tp, gp, 0x7
x4 <- 0x000007F76DF56FF7
mem[X,0x0000000080000104] -> 0xD793
mem[X,0x0000000080000106] -> 0x0391
[70] [M]: 0x0000000080000104 (0x0391D793) srli a5, gp, 0x39
x15 <- 0x0000000000000000
mem[X,0x0000000080000108] -> 0x6233
mem[X,0x000000008000010A] -> 0x00F2
[71] [M]: 0x0000000080000108 (0x00F26233) or tp, tp, a5
x4 <- 0x000007F76DF56FF7
mem[X,0x000000008000010C] -> 0x5293
mem[X,0x000000008000010E] -> 0x0072
[72] [M]: 0x000000008000010C (0x00725293) srli t0, tp, 0x7
x5 <- 0x0000000FEEDBEADF
mem[X,0x0000000080000110] -> 0x5793
mem[X,0x0000000080000112] -> 0x0392
[73] [M]: 0x0000000080000110 (0x03925793) srli a5, tp, 0x39
x15 <- 0x0000000000000000
mem[X,0x0000000080000114] -> 0xE2B3
mem[X,0x0000000080000116] -> 0x00F2
[74] [M]: 0x0000000080000114 (0x00F2E2B3) or t0, t0, a5
x5 <- 0x0000000FEEDBEADF
mem[X,0x0000000080000118] -> 0xD313
mem[X,0x000000008000011A] -> 0x0072
[75] [M]: 0x0000000080000118 (0x0072D313) srli t1, t0, 0x7
x6 <- 0x000000001FDDB7D5
mem[X,0x000000008000011C] -> 0xD793
mem[X,0x000000008000011E] -> 0x0392
[76] [M]: 0x000000008000011C (0x0392D793) srli a5, t0, 0x39
x15 <- 0x0000000000000000
mem[X,0x0000000080000120] -> 0x6333
mem[X,0x0000000080000122] -> 0x00F3
[77] [M]: 0x0000000080000120 (0x00F36333) or t1, t1, a5
x6 <- 0x000000001FDDB7D5
mem[X,0x0000000080000124] -> 0x5393
mem[X,0x0000000080000126] -> 0x0073
[78] [M]: 0x0000000080000124 (0x00735393) srli t2, t1, 0x7
x7 <- 0x00000000003FBB6F
mem[X,0x0000000080000128] -> 0x5793
mem[X,0x000000008000012A] -> 0x0393
[79] [M]: 0x0000000080000128 (0x03935793) srli a5, t1, 0x39
x15 <- 0x0000000000000000
mem[X,0x000000008000012C] -> 0xE3B3
mem[X,0x000000008000012E] -> 0x00F3
[80] [M]: 0x000000008000012C (0x00F3E3B3) or t2, t2, a5
x7 <- 0x00000000003FBB6F
mem[X,0x0000000080000130] -> 0xD413
mem[X,0x0000000080000132] -> 0x0073
[81] [M]: 0x0000000080000130 (0x0073D413) srli fp, t2, 0x7
x8 <- 0x0000000000007F76
mem[X,0x0000000080000134] -> 0xD793
mem[X,0x0000000080000136] -> 0x0393
[82] [M]: 0x0000000080000134 (0x0393D793) srli a5, t2, 0x39
x15 <- 0x0000000000000000
mem[X,0x0000000080000138] -> 0x6433
mem[X,0x000000008000013A] -> 0x00F4
[83] [M]: 0x0000000080000138 (0x00F46433) or fp, fp, a5
x8 <- 0x0000000000007F76
mem[X,0x000000008000013C] -> 0x5493
mem[X,0x000000008000013E] -> 0x0074
[84] [M]: 0x000000008000013C (0x00745493) srli s1, fp, 0x7
x9 <- 0x00000000000000FE
mem[X,0x0000000080000140] -> 0x5793
mem[X,0x0000000080000142] -> 0x0394
[85] [M]: 0x0000000080000140 (0x03945793) srli a5, fp, 0x39
x15 <- 0x0000000000000000
mem[X,0x0000000080000144] -> 0xE4B3
mem[X,0x0000000080000146] -> 0x00F4
[86] [M]: 0x0000000080000144 (0x00F4E4B3) or s1, s1, a5
x9 <- 0x00000000000000FE
mem[X,0x0000000080000148] -> 0xD513
mem[X,0x000000008000014A] -> 0x0074
[87] [M]: 0x0000000080000148 (0x0074D513) srli a0, s1, 0x7
x10 <- 0x0000000000000001
mem[X,0x000000008000014C] -> 0xD793
mem[X,0x000000008000014E] -> 0x0394
[88] [M]: 0x000000008000014C (0x0394D793) srli a5, s1, 0x39
x15 <- 0x0000000000000000
mem[X,0x0000000080000150] -> 0x6533
mem[X,0x0000000080000152] -> 0x00F5
[89] [M]: 0x0000000080000150 (0x00F56533) or a0, a0, a5
x10 <- 0x0000000000000001
mem[X,0x0000000080000154] -> 0x5593
mem[X,0x0000000080000156] -> 0x0075
[90] [M]: 0x0000000080000154 (0x00755593) srli a1, a0, 0x7
x11 <- 0x0000000000000000
mem[X,0x0000000080000158] -> 0x5793
mem[X,0x000000008000015A] -> 0x0395
[91] [M]: 0x0000000080000158 (0x03955793) srli a5, a0, 0x39
x15 <- 0x0000000000000000
mem[X,0x000000008000015C] -> 0xE5B3
mem[X,0x000000008000015E] -> 0x00F5
[92] [M]: 0x000000008000015C (0x00F5E5B3) or a1, a1, a5
x11 <- 0x0000000000000000
mem[X,0x0000000080000160] -> 0xD613
mem[X,0x0000000080000162] -> 0x0075
[93] [M]: 0x0000000080000160 (0x0075D613) srli a2, a1, 0x7
x12 <- 0x0000000000000000
mem[X,0x0000000080000164] -> 0xD793
mem[X,0x0000000080000166] -> 0x0395
[94] [M]: 0x0000000080000164 (0x0395D793) srli a5, a1, 0x39
x15 <- 0x0000000000000000
mem[X,0x0000000080000168] -> 0x6633
mem[X,0x000000008000016A] -> 0x00F6
[95] [M]: 0x0000000080000168 (0x00F66633) or a2, a2, a5
x12 <- 0x0000000000000000
mem[X,0x000000008000016C] -> 0x5693
mem[X,0x000000008000016E] -> 0x0076
[96] [M]: 0x000000008000016C (0x00765693) srli a3, a2, 0x7
x13 <- 0x0000000000000000
mem[X,0x0000000080000170] -> 0x5793
mem[X,0x0000000080000172] -> 0x0396
[97] [M]: 0x0000000080000170 (0x03965793) srli a5, a2, 0x39
x15 <- 0x0000000000000000
mem[X,0x0000000080000174] -> 0xE6B3
mem[X,0x0000000080000176] -> 0x00F6
[98] [M]: 0x0000000080000174 (0x00F6E6B3) or a3, a3, a5
x13 <- 0x0000000000000000
mem[X,0x0000000080000178] -> 0x0013
mem[X,0x000000008000017A] -> 0x0000
[99] [M]: 0x0000000080000178 (0x00000013) addi zero, zero, 0x0
clint::tick mtime <- 0x0000000000000001
 clint timer pending at mtime 0x0000000000000001
htif::tick 0x0000000000000000
mem[X,0x000000008000017C] -> 0x0013
mem[X,0x000000008000017E] -> 0x0000
[100] [M]: 0x000000008000017C (0x00000013) addi zero, zero, 0x0
mem[X,0x0000000080000180] -> 0x5397
mem[X,0x0000000080000182] -> 0x0012
[101] [M]: 0x0000000080000180 (0x00125397) auipc t2, 0x125
x7 <- 0x0000000080125180
mem[X,0x0000000080000184] -> 0x8393
mem[X,0x0000000080000186] -> 0xF983
[102] [M]: 0x0000000080000184 (0xF9838393) addi t2, t2, -0x68
x7 <- 0x0000000080125118
mem[X,0x0000000080000188] -> 0x0013
mem[X,0x000000008000018A] -> 0x0000
[103] [M]: 0x0000000080000188 (0x00000013) addi zero, zero, 0x0
mem[X,0x000000008000018C] -> 0x0013
mem[X,0x000000008000018E] -> 0x0000
[104] [M]: 0x000000008000018C (0x00000013) addi zero, zero, 0x0
mem[X,0x0000000080000190] -> 0x0013
mem[X,0x0000000080000192] -> 0x0000
[105] [M]: 0x0000000080000190 (0x00000013) addi zero, zero, 0x0
mem[X,0x0000000080000194] -> 0x0013
mem[X,0x0000000080000196] -> 0x0000
[106] [M]: 0x0000000080000194 (0x00000013) addi zero, zero, 0x0
mem[X,0x0000000080000198] -> 0x0013
mem[X,0x000000008000019A] -> 0x0000
[107] [M]: 0x0000000080000198 (0x00000013) addi zero, zero, 0x0
mem[X,0x000000008000019C] -> 0x0013
mem[X,0x000000008000019E] -> 0x0000
[108] [M]: 0x000000008000019C (0x00000013) addi zero, zero, 0x0
mem[X,0x00000000800001A0] -> 0x0617
mem[X,0x00000000800001A2] -> 0x0000
[109] [M]: 0x00000000800001A0 (0x00000617) auipc a2, 0x0
x12 <- 0x00000000800001A0
mem[X,0x00000000800001A4] -> 0x0613
mem[X,0x00000000800001A6] -> 0x06C6
[110] [M]: 0x00000000800001A4 (0x06C60613) addi a2, a2, 0x6c
x12 <- 0x000000008000020C
mem[X,0x00000000800001A8] -> 0x0013
mem[X,0x00000000800001AA] -> 0x0000
[111] [M]: 0x00000000800001A8 (0x00000013) addi zero, zero, 0x0
mem[X,0x00000000800001AC] -> 0x0013
mem[X,0x00000000800001AE] -> 0x0000
[112] [M]: 0x00000000800001AC (0x00000013) addi zero, zero, 0x0
mem[X,0x00000000800001B0] -> 0x0013
mem[X,0x00000000800001B2] -> 0x0000
[113] [M]: 0x00000000800001B0 (0x00000013) addi zero, zero, 0x0
mem[X,0x00000000800001B4] -> 0x0013
mem[X,0x00000000800001B6] -> 0x0000
[114] [M]: 0x00000000800001B4 (0x00000013) addi zero, zero, 0x0
mem[X,0x00000000800001B8] -> 0x0013
mem[X,0x00000000800001BA] -> 0x0000
[115] [M]: 0x00000000800001B8 (0x00000013) addi zero, zero, 0x0
mem[X,0x00000000800001BC] -> 0x0013
mem[X,0x00000000800001BE] -> 0x0000
[116] [M]: 0x00000000800001BC (0x00000013) addi zero, zero, 0x0
mem[X,0x00000000800001C0] -> 0x0067
mem[X,0x00000000800001C2] -> 0x0006
[117] [M]: 0x00000000800001C0 (0x00060067) jalr zero, 0x0(a2)
mem[X,0x000000008000020C] -> 0xF7EF
mem[X,0x000000008000020E] -> 0xFF9F
[118] [M]: 0x000000008000020C (0xFF9FF7EF) jal a5, -0x8
x15 <- 0x0000000080000210
mem[X,0x0000000080000204] -> 0xC793
mem[X,0x0000000080000206] -> 0x0017
[119] [M]: 0x0000000080000204 (0x0017C793) xori a5, a5, 0x1
x15 <- 0x0000000080000211
mem[X,0x0000000080000208] -> 0x0EE3
mem[X,0x000000008000020A] -> 0xFA00
[120] [M]: 0x0000000080000208 (0xFA000EE3) beq zero, zero, -0x44
mem[X,0x00000000800001C4] -> 0x0013
mem[X,0x00000000800001C6] -> 0x0000
[121] [M]: 0x00000000800001C4 (0x00000013) addi zero, zero, 0x0
mem[X,0x00000000800001C8] -> 0x0013
mem[X,0x00000000800001CA] -> 0x0000
[122] [M]: 0x00000000800001C8 (0x00000013) addi zero, zero, 0x0
mem[X,0x00000000800001CC] -> 0x0013
mem[X,0x00000000800001CE] -> 0x0000
[123] [M]: 0x00000000800001CC (0x00000013) addi zero, zero, 0x0
mem[X,0x00000000800001D0] -> 0x0013
mem[X,0x00000000800001D2] -> 0x0000
[124] [M]: 0x00000000800001D0 (0x00000013) addi zero, zero, 0x0
mem[X,0x00000000800001D4] -> 0x0013
mem[X,0x00000000800001D6] -> 0x0000
[125] [M]: 0x00000000800001D4 (0x00000013) addi zero, zero, 0x0
mem[X,0x00000000800001D8] -> 0x0013
mem[X,0x00000000800001DA] -> 0x0000
[126] [M]: 0x00000000800001D8 (0x00000013) addi zero, zero, 0x0
mem[X,0x00000000800001DC] -> 0x0013
mem[X,0x00000000800001DE] -> 0x0000
[127] [M]: 0x00000000800001DC (0x00000013) addi zero, zero, 0x0
mem[X,0x00000000800001E0] -> 0x0617
mem[X,0x00000000800001E2] -> 0x0000
[128] [M]: 0x00000000800001E0 (0x00000617) auipc a2, 0x0
x12 <- 0x00000000800001E0
mem[X,0x00000000800001E4] -> 0x0613
mem[X,0x00000000800001E6] -> 0x0646
[129] [M]: 0x00000000800001E4 (0x06460613) addi a2, a2, 0x64
x12 <- 0x0000000080000244
mem[X,0x00000000800001E8] -> 0x0013
mem[X,0x00000000800001EA] -> 0x0000
[130] [M]: 0x00000000800001E8 (0x00000013) addi zero, zero, 0x0
mem[X,0x00000000800001EC] -> 0x0013
mem[X,0x00000000800001EE] -> 0x0000
[131] [M]: 0x00000000800001EC (0x00000013) addi zero, zero, 0x0
mem[X,0x00000000800001F0] -> 0x0013
mem[X,0x00000000800001F2] -> 0x0000
[132] [M]: 0x00000000800001F0 (0x00000013) addi zero, zero, 0x0
mem[X,0x00000000800001F4] -> 0x0013
mem[X,0x00000000800001F6] -> 0x0000
[133] [M]: 0x00000000800001F4 (0x00000013) addi zero, zero, 0x0
mem[X,0x00000000800001F8] -> 0x0013
mem[X,0x00000000800001FA] -> 0x0000
[134] [M]: 0x00000000800001F8 (0x00000013) addi zero, zero, 0x0
mem[X,0x00000000800001FC] -> 0x0013
mem[X,0x00000000800001FE] -> 0x0000
[135] [M]: 0x00000000800001FC (0x00000013) addi zero, zero, 0x0
mem[X,0x0000000080000200] -> 0x0067
mem[X,0x0000000080000202] -> 0x0006
[136] [M]: 0x0000000080000200 (0x00060067) jalr zero, 0x0(a2)
mem[X,0x0000000080000244] -> 0x0013
mem[X,0x0000000080000246] -> 0x0000
[137] [M]: 0x0000000080000244 (0x00000013) addi zero, zero, 0x0
mem[X,0x0000000080000248] -> 0x0013
mem[X,0x000000008000024A] -> 0x0000
[138] [M]: 0x0000000080000248 (0x00000013) addi zero, zero, 0x0
mem[X,0x000000008000024C] -> 0x0013
mem[X,0x000000008000024E] -> 0x0000
[139] [M]: 0x000000008000024C (0x00000013) addi zero, zero, 0x0
mem[X,0x0000000080000250] -> 0x0013
mem[X,0x0000000080000252] -> 0x0000
[140] [M]: 0x0000000080000250 (0x00000013) addi zero, zero, 0x0
mem[X,0x0000000080000254] -> 0x0013
mem[X,0x0000000080000256] -> 0x0000
[141] [M]: 0x0000000080000254 (0x00000013) addi zero, zero, 0x0
mem[X,0x0000000080000258] -> 0x0013
mem[X,0x000000008000025A] -> 0x0000
[142] [M]: 0x0000000080000258 (0x00000013) addi zero, zero, 0x0
mem[X,0x000000008000025C] -> 0x0013
mem[X,0x000000008000025E] -> 0x0000
[143] [M]: 0x000000008000025C (0x00000013) addi zero, zero, 0x0
mem[X,0x0000000080000260] -> 0x0617
mem[X,0x0000000080000262] -> 0x0000
[144] [M]: 0x0000000080000260 (0x00000617) auipc a2, 0x0
x12 <- 0x0000000080000260
mem[X,0x0000000080000264] -> 0x0613
mem[X,0x0000000080000266] -> 0xF406
[145] [M]: 0x0000000080000264 (0xF4060613) addi a2, a2, -0xc0
x12 <- 0x00000000800001A0
mem[X,0x0000000080000268] -> 0x0013
mem[X,0x000000008000026A] -> 0x0000
[146] [M]: 0x0000000080000268 (0x00000013) addi zero, zero, 0x0
mem[X,0x000000008000026C] -> 0x0013
mem[X,0x000000008000026E] -> 0x0000
[147] [M]: 0x000000008000026C (0x00000013) addi zero, zero, 0x0
mem[X,0x0000000080000270] -> 0x0013
mem[X,0x0000000080000272] -> 0x0000
[148] [M]: 0x0000000080000270 (0x00000013) addi zero, zero, 0x0
mem[X,0x0000000080000274] -> 0x0013
mem[X,0x0000000080000276] -> 0x0000
[149] [M]: 0x0000000080000274 (0x00000013) addi zero, zero, 0x0
mem[X,0x0000000080000278] -> 0x0013
mem[X,0x000000008000027A] -> 0x0000
[150] [M]: 0x0000000080000278 (0x00000013) addi zero, zero, 0x0
mem[X,0x000000008000027C] -> 0x0013
mem[X,0x000000008000027E] -> 0x0000
[151] [M]: 0x000000008000027C (0x00000013) addi zero, zero, 0x0
mem[X,0x0000000080000280] -> 0x7613
mem[X,0x0000000080000282] -> 0xFFC6
[152] [M]: 0x0000000080000280 (0xFFC67613) andi a2, a2, -0x4
x12 <- 0x00000000800001A0
mem[X,0x0000000080000284] -> 0x87B3
mem[X,0x0000000080000286] -> 0x40C7
[153] [M]: 0x0000000080000284 (0x40C787B3) sub a5, a5, a2
x15 <- 0x0000000000000071
mem[X,0x0000000080000288] -> 0xB023
mem[X,0x000000008000028A] -> 0x00F3
[154] [M]: 0x0000000080000288 (0x00F3B023) sd a5, 0x0(t2)
mem[0x0000000080125118] <- 0x0000000000000071
mem[X,0x000000008000028C] -> 0x0013
mem[X,0x000000008000028E] -> 0x0000
[155] [M]: 0x000000008000028C (0x00000013) addi zero, zero, 0x0
mem[X,0x0000000080000290] -> 0x0013
mem[X,0x0000000080000292] -> 0x0000
[156] [M]: 0x0000000080000290 (0x00000013) addi zero, zero, 0x0
mem[X,0x0000000080000294] -> 0x0013
mem[X,0x0000000080000296] -> 0x0000
[157] [M]: 0x0000000080000294 (0x00000013) addi zero, zero, 0x0
mem[X,0x0000000080000298] -> 0x0013
mem[X,0x000000008000029A] -> 0x0000
[158] [M]: 0x0000000080000298 (0x00000013) addi zero, zero, 0x0
mem[X,0x000000008000029C] -> 0x0013
mem[X,0x000000008000029E] -> 0x0000
[159] [M]: 0x000000008000029C (0x00000013) addi zero, zero, 0x0
mem[X,0x00000000800002A0] -> 0x0617
mem[X,0x00000000800002A2] -> 0x0000
[160] [M]: 0x00000000800002A0 (0x00000617) auipc a2, 0x0
x12 <- 0x00000000800002A0
mem[X,0x00000000800002A4] -> 0x0613
mem[X,0x00000000800002A6] -> 0x06C6
[161] [M]: 0x00000000800002A4 (0x06C60613) addi a2, a2, 0x6c
x12 <- 0x000000008000030C
mem[X,0x00000000800002A8] -> 0x0013
mem[X,0x00000000800002AA] -> 0x0000
[162] [M]: 0x00000000800002A8 (0x00000013) addi zero, zero, 0x0
mem[X,0x00000000800002AC] -> 0x0013
mem[X,0x00000000800002AE] -> 0x0000
[163] [M]: 0x00000000800002AC (0x00000013) addi zero, zero, 0x0
mem[X,0x00000000800002B0] -> 0x0013
mem[X,0x00000000800002B2] -> 0x0000
[164] [M]: 0x00000000800002B0 (0x00000013) addi zero, zero, 0x0
mem[X,0x00000000800002B4] -> 0x0013
mem[X,0x00000000800002B6] -> 0x0000
[165] [M]: 0x00000000800002B4 (0x00000013) addi zero, zero, 0x0
mem[X,0x00000000800002B8] -> 0x0013
mem[X,0x00000000800002BA] -> 0x0000
[166] [M]: 0x00000000800002B8 (0x00000013) addi zero, zero, 0x0
mem[X,0x00000000800002BC] -> 0x0013
mem[X,0x00000000800002BE] -> 0x0000
[167] [M]: 0x00000000800002BC (0x00000013) addi zero, zero, 0x0
mem[X,0x00000000800002C0] -> 0x0067
mem[X,0x00000000800002C2] -> 0x0006
[168] [M]: 0x00000000800002C0 (0x00060067) jalr zero, 0x0(a2)
mem[X,0x000000008000030C] -> 0x006F
mem[X,0x000000008000030E] -> 0x0002
[169] [M]: 0x000000008000030C (0x0002006F) jal zero, 0x20000
mem[X,0x000000008002030C] -> 0x4013
mem[X,0x000000008002030E] -> 0x0030
[170] [M]: 0x000000008002030C (0x00304013) xori zero, zero, 0x3
mem[X,0x0000000080020310] -> 0x0013
mem[X,0x0000000080020312] -> 0x0000
[171] [M]: 0x0000000080020310 (0x00000013) addi zero, zero, 0x0
mem[X,0x0000000080020314] -> 0x0013
mem[X,0x0000000080020316] -> 0x0000
[172] [M]: 0x0000000080020314 (0x00000013) addi zero, zero, 0x0
mem[X,0x0000000080020318] -> 0x0013
mem[X,0x000000008002031A] -> 0x0000
[173] [M]: 0x0000000080020318 (0x00000013) addi zero, zero, 0x0
mem[X,0x000000008002031C] -> 0x0013
mem[X,0x000000008002031E] -> 0x0000
[174] [M]: 0x000000008002031C (0x00000013) addi zero, zero, 0x0
mem[X,0x0000000080020320] -> 0x0617
mem[X,0x0000000080020322] -> 0x0000
[175] [M]: 0x0000000080020320 (0x00000617) auipc a2, 0x0
x12 <- 0x0000000080020320
mem[X,0x0000000080020324] -> 0x0613
mem[X,0x0000000080020326] -> 0x0246
[176] [M]: 0x0000000080020324 (0x02460613) addi a2, a2, 0x24
x12 <- 0x0000000080020344
mem[X,0x0000000080020328] -> 0x0013
mem[X,0x000000008002032A] -> 0x0000
[177] [M]: 0x0000000080020328 (0x00000013) addi zero, zero, 0x0
mem[X,0x000000008002032C] -> 0x0013
mem[X,0x000000008002032E] -> 0x0000
[178] [M]: 0x000000008002032C (0x00000013) addi zero, zero, 0x0
mem[X,0x0000000080020330] -> 0x0013
mem[X,0x0000000080020332] -> 0x0000
[179] [M]: 0x0000000080020330 (0x00000013) addi zero, zero, 0x0
mem[X,0x0000000080020334] -> 0x0013
mem[X,0x0000000080020336] -> 0x0000
[180] [M]: 0x0000000080020334 (0x00000013) addi zero, zero, 0x0
mem[X,0x0000000080020338] -> 0x0013
mem[X,0x000000008002033A] -> 0x0000
[181] [M]: 0x0000000080020338 (0x00000013) addi zero, zero, 0x0
mem[X,0x000000008002033C] -> 0x0013
mem[X,0x000000008002033E] -> 0x0000
[182] [M]: 0x000000008002033C (0x00000013) addi zero, zero, 0x0
mem[X,0x0000000080020340] -> 0x0067
mem[X,0x0000000080020342] -> 0x0006
[183] [M]: 0x0000000080020340 (0x00060067) jalr zero, 0x0(a2)
mem[X,0x0000000080020344] -> 0x0013
mem[X,0x0000000080020346] -> 0x0000
[184] [M]: 0x0000000080020344 (0x00000013) addi zero, zero, 0x0
mem[X,0x0000000080020348] -> 0x0013
mem[X,0x000000008002034A] -> 0x0000
[185] [M]: 0x0000000080020348 (0x00000013) addi zero, zero, 0x0
mem[X,0x000000008002034C] -> 0x0013
mem[X,0x000000008002034E] -> 0x0000
[186] [M]: 0x000000008002034C (0x00000013) addi zero, zero, 0x0
mem[X,0x0000000080020350] -> 0x0013
mem[X,0x0000000080020352] -> 0x0000
[187] [M]: 0x0000000080020350 (0x00000013) addi zero, zero, 0x0
mem[X,0x0000000080020354] -> 0x0013
mem[X,0x0000000080020356] -> 0x0000
[188] [M]: 0x0000000080020354 (0x00000013) addi zero, zero, 0x0
mem[X,0x0000000080020358] -> 0x0013
mem[X,0x000000008002035A] -> 0x0000
[189] [M]: 0x0000000080020358 (0x00000013) addi zero, zero, 0x0
mem[X,0x000000008002035C] -> 0x0013
mem[X,0x000000008002035E] -> 0x0000
[190] [M]: 0x000000008002035C (0x00000013) addi zero, zero, 0x0
mem[X,0x0000000080020360] -> 0x0617
mem[X,0x0000000080020362] -> 0xFFFE
[191] [M]: 0x0000000080020360 (0xFFFE0617) auipc a2, -0x20
x12 <- 0x0000000080000360
mem[X,0x0000000080020364] -> 0x0613
mem[X,0x0000000080020366] -> 0xF2C6
[192] [M]: 0x0000000080020364 (0xF2C60613) addi a2, a2, -0xd4
x12 <- 0x000000008000028C
mem[X,0x0000000080020368] -> 0x0013
mem[X,0x000000008002036A] -> 0x0000
[193] [M]: 0x0000000080020368 (0x00000013) addi zero, zero, 0x0
mem[X,0x000000008002036C] -> 0x0013
mem[X,0x000000008002036E] -> 0x0000
[194] [M]: 0x000000008002036C (0x00000013) addi zero, zero, 0x0
mem[X,0x0000000080020370] -> 0x0013
mem[X,0x0000000080020372] -> 0x0000
[195] [M]: 0x0000000080020370 (0x00000013) addi zero, zero, 0x0
mem[X,0x0000000080020374] -> 0x0013
mem[X,0x0000000080020376] -> 0x0000
[196] [M]: 0x0000000080020374 (0x00000013) addi zero, zero, 0x0
mem[X,0x0000000080020378] -> 0x0013
mem[X,0x000000008002037A] -> 0x0000
[197] [M]: 0x0000000080020378 (0x00000013) addi zero, zero, 0x0
mem[X,0x000000008002037C] -> 0x0013
mem[X,0x000000008002037E] -> 0x0000
[198] [M]: 0x000000008002037C (0x00000013) addi zero, zero, 0x0
mem[X,0x0000000080020380] -> 0x7613
mem[X,0x0000000080020382] -> 0xFFC6
[199] [M]: 0x0000000080020380 (0xFFC67613) andi a2, a2, -0x4
x12 <- 0x000000008000028C
clint::tick mtime <- 0x0000000000000002
 clint timer pending at mtime 0x0000000000000002
htif::tick 0x0000000000000000
mem[X,0x0000000080020384] -> 0x0033
mem[X,0x0000000080020386] -> 0x40C0
[200] [M]: 0x0000000080020384 (0x40C00033) sub zero, zero, a2
mem[X,0x0000000080020388] -> 0xB423
mem[X,0x000000008002038A] -> 0x0003
[201] [M]: 0x0000000080020388 (0x0003B423) sd zero, 0x8(t2)
mem[0x0000000080125120] <- 0x0000000000000000
mem[X,0x000000008002038C] -> 0x0013
mem[X,0x000000008002038E] -> 0x0000
[202] [M]: 0x000000008002038C (0x00000013) addi zero, zero, 0x0
mem[X,0x0000000080020390] -> 0x0013
mem[X,0x0000000080020392] -> 0x0000
[203] [M]: 0x0000000080020390 (0x00000013) addi zero, zero, 0x0
mem[X,0x0000000080020394] -> 0x0013
mem[X,0x0000000080020396] -> 0x0000
[204] [M]: 0x0000000080020394 (0x00000013) addi zero, zero, 0x0
mem[X,0x0000000080020398] -> 0x0013
mem[X,0x000000008002039A] -> 0x0000
[205] [M]: 0x0000000080020398 (0x00000013) addi zero, zero, 0x0
mem[X,0x000000008002039C] -> 0x0013
mem[X,0x000000008002039E] -> 0x0000
[206] [M]: 0x000000008002039C (0x00000013) addi zero, zero, 0x0
mem[X,0x00000000800203A0] -> 0x0617
mem[X,0x00000000800203A2] -> 0x0008
[207] [M]: 0x00000000800203A0 (0x00080617) auipc a2, 0x80
x12 <- 0x00000000800A03A0
mem[X,0x00000000800203A4] -> 0x0613
mem[X,0x00000000800203A6] -> 0x0646
[208] [M]: 0x00000000800203A4 (0x06460613) addi a2, a2, 0x64
x12 <- 0x00000000800A0404
mem[X,0x00000000800203A8] -> 0x0013
mem[X,0x00000000800203AA] -> 0x0000
[209] [M]: 0x00000000800203A8 (0x00000013) addi zero, zero, 0x0
mem[X,0x00000000800203AC] -> 0x0013
mem[X,0x00000000800203AE] -> 0x0000
[210] [M]: 0x00000000800203AC (0x00000013) addi zero, zero, 0x0
mem[X,0x00000000800203B0] -> 0x0013
mem[X,0x00000000800203B2] -> 0x0000
[211] [M]: 0x00000000800203B0 (0x00000013) addi zero, zero, 0x0
mem[X,0x00000000800203B4] -> 0x0013
mem[X,0x00000000800203B6] -> 0x0000
[212] [M]: 0x00000000800203B4 (0x00000013) addi zero, zero, 0x0
mem[X,0x00000000800203B8] -> 0x0013
mem[X,0x00000000800203BA] -> 0x0000
[213] [M]: 0x00000000800203B8 (0x00000013) addi zero, zero, 0x0
mem[X,0x00000000800203BC] -> 0x0013
mem[X,0x00000000800203BE] -> 0x0000
[214] [M]: 0x00000000800203BC (0x00000013) addi zero, zero, 0x0
mem[X,0x00000000800203C0] -> 0x0067
mem[X,0x00000000800203C2] -> 0x0006
[215] [M]: 0x00000000800203C0 (0x00060067) jalr zero, 0x0(a2)
mem[X,0x00000000800A0404] -> 0x056F
mem[X,0x00000000800A0406] -> 0x8008
[216] [M]: 0x00000000800A0404 (0x8008056F) jal a0, -0x80000
x10 <- 0x00000000800A0408
mem[X,0x0000000080020404] -> 0x4513
mem[X,0x0000000080020406] -> 0x0015
[217] [M]: 0x0000000080020404 (0x00154513) xori a0, a0, 0x1
x10 <- 0x00000000800A0409
mem[X,0x0000000080020408] -> 0x0EE3
mem[X,0x000000008002040A] -> 0xFA00
[218] [M]: 0x0000000080020408 (0xFA000EE3) beq zero, zero, -0x44
mem[X,0x00000000800203C4] -> 0x0013
mem[X,0x00000000800203C6] -> 0x0000
[219] [M]: 0x00000000800203C4 (0x00000013) addi zero, zero, 0x0
mem[X,0x00000000800203C8] -> 0x0013
mem[X,0x00000000800203CA] -> 0x0000
[220] [M]: 0x00000000800203C8 (0x00000013) addi zero, zero, 0x0
mem[X,0x00000000800203CC] -> 0x0013
mem[X,0x00000000800203CE] -> 0x0000
[221] [M]: 0x00000000800203CC (0x00000013) addi zero, zero, 0x0
mem[X,0x00000000800203D0] -> 0x0013
mem[X,0x00000000800203D2] -> 0x0000
[222] [M]: 0x00000000800203D0 (0x00000013) addi zero, zero, 0x0
mem[X,0x00000000800203D4] -> 0x0013
mem[X,0x00000000800203D6] -> 0x0000
[223] [M]: 0x00000000800203D4 (0x00000013) addi zero, zero, 0x0
mem[X,0x00000000800203D8] -> 0x0013
mem[X,0x00000000800203DA] -> 0x0000
[224] [M]: 0x00000000800203D8 (0x00000013) addi zero, zero, 0x0
mem[X,0x00000000800203DC] -> 0x0013
mem[X,0x00000000800203DE] -> 0x0000
[225] [M]: 0x00000000800203DC (0x00000013) addi zero, zero, 0x0
mem[X,0x00000000800203E0] -> 0x0617
mem[X,0x00000000800203E2] -> 0x0008
[226] [M]: 0x00000000800203E0 (0x00080617) auipc a2, 0x80
x12 <- 0x00000000800A03E0
mem[X,0x00000000800203E4] -> 0x0613
mem[X,0x00000000800203E6] -> 0x0646
[227] [M]: 0x00000000800203E4 (0x06460613) addi a2, a2, 0x64
x12 <- 0x00000000800A0444
mem[X,0x00000000800203E8] -> 0x0013
mem[X,0x00000000800203EA] -> 0x0000
[228] [M]: 0x00000000800203E8 (0x00000013) addi zero, zero, 0x0
mem[X,0x00000000800203EC] -> 0x0013
mem[X,0x00000000800203EE] -> 0x0000
[229] [M]: 0x00000000800203EC (0x00000013) addi zero, zero, 0x0
mem[X,0x00000000800203F0] -> 0x0013
mem[X,0x00000000800203F2] -> 0x0000
[230] [M]: 0x00000000800203F0 (0x00000013) addi zero, zero, 0x0
mem[X,0x00000000800203F4] -> 0x0013
mem[X,0x00000000800203F6] -> 0x0000
[231] [M]: 0x00000000800203F4 (0x00000013) addi zero, zero, 0x0
mem[X,0x00000000800203F8] -> 0x0013
mem[X,0x00000000800203FA] -> 0x0000
[232] [M]: 0x00000000800203F8 (0x00000013) addi zero, zero, 0x0
mem[X,0x00000000800203FC] -> 0x0013
mem[X,0x00000000800203FE] -> 0x0000
[233] [M]: 0x00000000800203FC (0x00000013) addi zero, zero, 0x0
mem[X,0x0000000080020400] -> 0x0067
mem[X,0x0000000080020402] -> 0x0006
[234] [M]: 0x0000000080020400 (0x00060067) jalr zero, 0x0(a2)
mem[X,0x00000000800A0444] -> 0x0013
mem[X,0x00000000800A0446] -> 0x0000
[235] [M]: 0x00000000800A0444 (0x00000013) addi zero, zero, 0x0
mem[X,0x00000000800A0448] -> 0x0013
mem[X,0x00000000800A044A] -> 0x0000
[236] [M]: 0x00000000800A0448 (0x00000013) addi zero, zero, 0x0
mem[X,0x00000000800A044C] -> 0x0013
mem[X,0x00000000800A044E] -> 0x0000
[237] [M]: 0x00000000800A044C (0x00000013) addi zero, zero, 0x0
mem[X,0x00000000800A0450] -> 0x0013
mem[X,0x00000000800A0452] -> 0x0000
[238] [M]: 0x00000000800A0450 (0x00000013) addi zero, zero, 0x0
mem[X,0x00000000800A0454] -> 0x0013
mem[X,0x00000000800A0456] -> 0x0000
[239] [M]: 0x00000000800A0454 (0x00000013) addi zero, zero, 0x0
mem[X,0x00000000800A0458] -> 0x0013
mem[X,0x00000000800A045A] -> 0x0000
[240] [M]: 0x00000000800A0458 (0x00000013) addi zero, zero, 0x0
mem[X,0x00000000800A045C] -> 0x0013
mem[X,0x00000000800A045E] -> 0x0000
[241] [M]: 0x00000000800A045C (0x00000013) addi zero, zero, 0x0
mem[X,0x00000000800A0460] -> 0x0617
mem[X,0x00000000800A0462] -> 0xFFF8
[242] [M]: 0x00000000800A0460 (0xFFF80617) auipc a2, -0x80
x12 <- 0x0000000080020460
mem[X,0x00000000800A0464] -> 0x0613
mem[X,0x00000000800A0466] -> 0xF2C6
[243] [M]: 0x00000000800A0464 (0xF2C60613) addi a2, a2, -0xd4
x12 <- 0x000000008002038C
mem[X,0x00000000800A0468] -> 0x0013
mem[X,0x00000000800A046A] -> 0x0000
[244] [M]: 0x00000000800A0468 (0x00000013) addi zero, zero, 0x0
mem[X,0x00000000800A046C] -> 0x0013
mem[X,0x00000000800A046E] -> 0x0000
[245] [M]: 0x00000000800A046C (0x00000013) addi zero, zero, 0x0
mem[X,0x00000000800A0470] -> 0x0013
mem[X,0x00000000800A0472] -> 0x0000
[246] [M]: 0x00000000800A0470 (0x00000013) addi zero, zero, 0x0
mem[X,0x00000000800A0474] -> 0x0013
mem[X,0x00000000800A0476] -> 0x0000
[247] [M]: 0x00000000800A0474 (0x00000013) addi zero, zero, 0x0
mem[X,0x00000000800A0478] -> 0x0013
mem[X,0x00000000800A047A] -> 0x0000
[248] [M]: 0x00000000800A0478 (0x00000013) addi zero, zero, 0x0
mem[X,0x00000000800A047C] -> 0x0013
mem[X,0x00000000800A047E] -> 0x0000
[249] [M]: 0x00000000800A047C (0x00000013) addi zero, zero, 0x0
mem[X,0x00000000800A0480] -> 0x7613
mem[X,0x00000000800A0482] -> 0xFFC6
[250] [M]: 0x00000000800A0480 (0xFFC67613) andi a2, a2, -0x4
x12 <- 0x000000008002038C
mem[X,0x00000000800A0484] -> 0x0533
mem[X,0x00000000800A0486] -> 0x40C5
[251] [M]: 0x00000000800A0484 (0x40C50533) sub a0, a0, a2
x10 <- 0x000000000008007D
mem[X,0x00000000800A0488] -> 0xB823
mem[X,0x00000000800A048A] -> 0x00A3
[252] [M]: 0x00000000800A0488 (0x00A3B823) sd a0, 0x10(t2)
mem[0x0000000080125128] <- 0x000000000008007D
mem[X,0x00000000800A048C] -> 0x0013
mem[X,0x00000000800A048E] -> 0x0000
[253] [M]: 0x00000000800A048C (0x00000013) addi zero, zero, 0x0
mem[X,0x00000000800A0490] -> 0x0013
mem[X,0x00000000800A0492] -> 0x0000
[254] [M]: 0x00000000800A0490 (0x00000013) addi zero, zero, 0x0
mem[X,0x00000000800A0494] -> 0x0013
mem[X,0x00000000800A0496] -> 0x0000
[255] [M]: 0x00000000800A0494 (0x00000013) addi zero, zero, 0x0
mem[X,0x00000000800A0498] -> 0x0013
mem[X,0x00000000800A049A] -> 0x0000
[256] [M]: 0x00000000800A0498 (0x00000013) addi zero, zero, 0x0
mem[X,0x00000000800A049C] -> 0x0013
mem[X,0x00000000800A049E] -> 0x0000
[257] [M]: 0x00000000800A049C (0x00000013) addi zero, zero, 0x0
mem[X,0x00000000800A04A0] -> 0x0617
mem[X,0x00000000800A04A2] -> 0x0000
[258] [M]: 0x00000000800A04A0 (0x00000617) auipc a2, 0x0
x12 <- 0x00000000800A04A0
mem[X,0x00000000800A04A4] -> 0x0613
mem[X,0x00000000800A04A6] -> 0x06C6
[259] [M]: 0x00000000800A04A4 (0x06C60613) addi a2, a2, 0x6c
x12 <- 0x00000000800A050C
mem[X,0x00000000800A04A8] -> 0x0013
mem[X,0x00000000800A04AA] -> 0x0000
[260] [M]: 0x00000000800A04A8 (0x00000013) addi zero, zero, 0x0
mem[X,0x00000000800A04AC] -> 0x0013
mem[X,0x00000000800A04AE] -> 0x0000
[261] [M]: 0x00000000800A04AC (0x00000013) addi zero, zero, 0x0
mem[X,0x00000000800A04B0] -> 0x0013
mem[X,0x00000000800A04B2] -> 0x0000
[262] [M]: 0x00000000800A04B0 (0x00000013) addi zero, zero, 0x0
mem[X,0x00000000800A04B4] -> 0x0013
mem[X,0x00000000800A04B6] -> 0x0000
[263] [M]: 0x00000000800A04B4 (0x00000013) addi zero, zero, 0x0
mem[X,0x00000000800A04B8] -> 0x0013
mem[X,0x00000000800A04BA] -> 0x0000
[264] [M]: 0x00000000800A04B8 (0x00000013) addi zero, zero, 0x0
mem[X,0x00000000800A04BC] -> 0x0013
mem[X,0x00000000800A04BE] -> 0x0000
[265] [M]: 0x00000000800A04BC (0x00000013) addi zero, zero, 0x0
mem[X,0x00000000800A04C0] -> 0x0067
mem[X,0x00000000800A04C2] -> 0x0006
[266] [M]: 0x00000000800A04C0 (0x00060067) jalr zero, 0x0(a2)
mem[X,0x00000000800A050C] -> 0x0FEF
mem[X,0x00000000800A050E] -> 0x0008
[267] [M]: 0x00000000800A050C (0x00080FEF) jal t6, 0x80000
x31 <- 0x00000000800A0510
mem[X,0x000000008012050C] -> 0xCF93
mem[X,0x000000008012050E] -> 0x003F
[268] [M]: 0x000000008012050C (0x003FCF93) xori t6, t6, 0x3
x31 <- 0x00000000800A0513
mem[X,0x0000000080120510] -> 0x0013
mem[X,0x0000000080120512] -> 0x0000
[269] [M]: 0x0000000080120510 (0x00000013) addi zero, zero, 0x0
mem[X,0x0000000080120514] -> 0x0013
mem[X,0x0000000080120516] -> 0x0000
[270] [M]: 0x0000000080120514 (0x00000013) addi zero, zero, 0x0
mem[X,0x0000000080120518] -> 0x0013
mem[X,0x000000008012051A] -> 0x0000
[271] [M]: 0x0000000080120518 (0x00000013) addi zero, zero, 0x0
mem[X,0x000000008012051C] -> 0x0013
mem[X,0x000000008012051E] -> 0x0000
[272] [M]: 0x000000008012051C (0x00000013) addi zero, zero, 0x0
mem[X,0x0000000080120520] -> 0x0617
mem[X,0x0000000080120522] -> 0x0000
[273] [M]: 0x0000000080120520 (0x00000617) auipc a2, 0x0
x12 <- 0x0000000080120520
mem[X,0x0000000080120524] -> 0x0613
mem[X,0x0000000080120526] -> 0x0246
[274] [M]: 0x0000000080120524 (0x02460613) addi a2, a2, 0x24
x12 <- 0x0000000080120544
mem[X,0x0000000080120528] -> 0x0013
mem[X,0x000000008012052A] -> 0x0000
[275] [M]: 0x0000000080120528 (0x00000013) addi zero, zero, 0x0
mem[X,0x000000008012052C] -> 0x0013
mem[X,0x000000008012052E] -> 0x0000
[276] [M]: 0x000000008012052C (0x00000013) addi zero, zero, 0x0
mem[X,0x0000000080120530] -> 0x0013
mem[X,0x0000000080120532] -> 0x0000
[277] [M]: 0x0000000080120530 (0x00000013) addi zero, zero, 0x0
mem[X,0x0000000080120534] -> 0x0013
mem[X,0x0000000080120536] -> 0x0000
[278] [M]: 0x0000000080120534 (0x00000013) addi zero, zero, 0x0
mem[X,0x0000000080120538] -> 0x0013
mem[X,0x000000008012053A] -> 0x0000
[279] [M]: 0x0000000080120538 (0x00000013) addi zero, zero, 0x0
mem[X,0x000000008012053C] -> 0x0013
mem[X,0x000000008012053E] -> 0x0000
[280] [M]: 0x000000008012053C (0x00000013) addi zero, zero, 0x0
mem[X,0x0000000080120540] -> 0x0067
mem[X,0x0000000080120542] -> 0x0006
[281] [M]: 0x0000000080120540 (0x00060067) jalr zero, 0x0(a2)
mem[X,0x0000000080120544] -> 0x0013
mem[X,0x0000000080120546] -> 0x0000
[282] [M]: 0x0000000080120544 (0x00000013) addi zero, zero, 0x0
mem[X,0x0000000080120548] -> 0x0013
mem[X,0x000000008012054A] -> 0x0000
[283] [M]: 0x0000000080120548 (0x00000013) addi zero, zero, 0x0
mem[X,0x000000008012054C] -> 0x0013
mem[X,0x000000008012054E] -> 0x0000
[284] [M]: 0x000000008012054C (0x00000013) addi zero, zero, 0x0
mem[X,0x0000000080120550] -> 0x0013
mem[X,0x0000000080120552] -> 0x0000
[285] [M]: 0x0000000080120550 (0x00000013) addi zero, zero, 0x0
mem[X,0x0000000080120554] -> 0x0013
mem[X,0x0000000080120556] -> 0x0000
[286] [M]: 0x0000000080120554 (0x00000013) addi zero, zero, 0x0
mem[X,0x0000000080120558] -> 0x0013
mem[X,0x000000008012055A] -> 0x0000
[287] [M]: 0x0000000080120558 (0x00000013) addi zero, zero, 0x0
mem[X,0x000000008012055C] -> 0x0013
mem[X,0x000000008012055E] -> 0x0000
[288] [M]: 0x000000008012055C (0x00000013) addi zero, zero, 0x0
mem[X,0x0000000080120560] -> 0x0617
mem[X,0x0000000080120562] -> 0xFFF8
[289] [M]: 0x0000000080120560 (0xFFF80617) auipc a2, -0x80
x12 <- 0x00000000800A0560
mem[X,0x0000000080120564] -> 0x0613
mem[X,0x0000000080120566] -> 0xF2C6
[290] [M]: 0x0000000080120564 (0xF2C60613) addi a2, a2, -0xd4
x12 <- 0x00000000800A048C
mem[X,0x0000000080120568] -> 0x0013
mem[X,0x000000008012056A] -> 0x0000
[291] [M]: 0x0000000080120568 (0x00000013) addi zero, zero, 0x0
mem[X,0x000000008012056C] -> 0x0013
mem[X,0x000000008012056E] -> 0x0000
[292] [M]: 0x000000008012056C (0x00000013) addi zero, zero, 0x0
mem[X,0x0000000080120570] -> 0x0013
mem[X,0x0000000080120572] -> 0x0000
[293] [M]: 0x0000000080120570 (0x00000013) addi zero, zero, 0x0
mem[X,0x0000000080120574] -> 0x0013
mem[X,0x0000000080120576] -> 0x0000
[294] [M]: 0x0000000080120574 (0x00000013) addi zero, zero, 0x0
mem[X,0x0000000080120578] -> 0x0013
mem[X,0x000000008012057A] -> 0x0000
[295] [M]: 0x0000000080120578 (0x00000013) addi zero, zero, 0x0
mem[X,0x000000008012057C] -> 0x0013
mem[X,0x000000008012057E] -> 0x0000
[296] [M]: 0x000000008012057C (0x00000013) addi zero, zero, 0x0
mem[X,0x0000000080120580] -> 0x7613
mem[X,0x0000000080120582] -> 0xFFC6
[297] [M]: 0x0000000080120580 (0xFFC67613) andi a2, a2, -0x4
x12 <- 0x00000000800A048C
mem[X,0x0000000080120584] -> 0x8FB3
mem[X,0x0000000080120586] -> 0x40CF
[298] [M]: 0x0000000080120584 (0x40CF8FB3) sub t6, t6, a2
x31 <- 0x0000000000000087
mem[X,0x0000000080120588] -> 0xBC23
mem[X,0x000000008012058A] -> 0x01F3
[299] [M]: 0x0000000080120588 (0x01F3BC23) sd t6, 0x18(t2)
mem[0x0000000080125130] <- 0x0000000000000087
clint::tick mtime <- 0x0000000000000003
 clint timer pending at mtime 0x0000000000000003
htif::tick 0x0000000000000000
mem[X,0x000000008012058C] -> 0x0013
mem[X,0x000000008012058E] -> 0x0000
[300] [M]: 0x000000008012058C (0x00000013) addi zero, zero, 0x0
mem[X,0x0000000080120590] -> 0x0013
mem[X,0x0000000080120592] -> 0x0000
[301] [M]: 0x0000000080120590 (0x00000013) addi zero, zero, 0x0
mem[X,0x0000000080120594] -> 0x0013
mem[X,0x0000000080120596] -> 0x0000
[302] [M]: 0x0000000080120594 (0x00000013) addi zero, zero, 0x0
mem[X,0x0000000080120598] -> 0x0013
mem[X,0x000000008012059A] -> 0x0000
[303] [M]: 0x0000000080120598 (0x00000013) addi zero, zero, 0x0
mem[X,0x000000008012059C] -> 0x0013
mem[X,0x000000008012059E] -> 0x0000
[304] [M]: 0x000000008012059C (0x00000013) addi zero, zero, 0x0
mem[X,0x00000000801205A0] -> 0x0617
mem[X,0x00000000801205A2] -> 0x0000
[305] [M]: 0x00000000801205A0 (0x00000617) auipc a2, 0x0
x12 <- 0x00000000801205A0
mem[X,0x00000000801205A4] -> 0x0613
mem[X,0x00000000801205A6] -> 0x06C6
[306] [M]: 0x00000000801205A4 (0x06C60613) addi a2, a2, 0x6c
x12 <- 0x000000008012060C
mem[X,0x00000000801205A8] -> 0x0013
mem[X,0x00000000801205AA] -> 0x0000
[307] [M]: 0x00000000801205A8 (0x00000013) addi zero, zero, 0x0
mem[X,0x00000000801205AC] -> 0x0013
mem[X,0x00000000801205AE] -> 0x0000
[308] [M]: 0x00000000801205AC (0x00000013) addi zero, zero, 0x0
mem[X,0x00000000801205B0] -> 0x0013
mem[X,0x00000000801205B2] -> 0x0000
[309] [M]: 0x00000000801205B0 (0x00000013) addi zero, zero, 0x0
mem[X,0x00000000801205B4] -> 0x0013
mem[X,0x00000000801205B6] -> 0x0000
[310] [M]: 0x00000000801205B4 (0x00000013) addi zero, zero, 0x0
mem[X,0x00000000801205B8] -> 0x0013
mem[X,0x00000000801205BA] -> 0x0000
[311] [M]: 0x00000000801205B8 (0x00000013) addi zero, zero, 0x0
mem[X,0x00000000801205BC] -> 0x0013
mem[X,0x00000000801205BE] -> 0x0000
[312] [M]: 0x00000000801205BC (0x00000013) addi zero, zero, 0x0
mem[X,0x00000000801205C0] -> 0x0067
mem[X,0x00000000801205C2] -> 0x0006
[313] [M]: 0x00000000801205C0 (0x00060067) jalr zero, 0x0(a2)
mem[X,0x000000008012060C] -> 0x076F
mem[X,0x000000008012060E] -> 0x00C0
[314] [M]: 0x000000008012060C (0x00C0076F) jal a4, 0xc
x14 <- 0x0000000080120610
mem[X,0x0000000080120618] -> 0x4713
mem[X,0x000000008012061A] -> 0x0037
[315] [M]: 0x0000000080120618 (0x00374713) xori a4, a4, 0x3
x14 <- 0x0000000080120613
mem[X,0x000000008012061C] -> 0x0013
mem[X,0x000000008012061E] -> 0x0000
[316] [M]: 0x000000008012061C (0x00000013) addi zero, zero, 0x0
mem[X,0x0000000080120620] -> 0x0617
mem[X,0x0000000080120622] -> 0x0000
[317] [M]: 0x0000000080120620 (0x00000617) auipc a2, 0x0
x12 <- 0x0000000080120620
mem[X,0x0000000080120624] -> 0x0613
mem[X,0x0000000080120626] -> 0x0246
[318] [M]: 0x0000000080120624 (0x02460613) addi a2, a2, 0x24
x12 <- 0x0000000080120644
mem[X,0x0000000080120628] -> 0x0013
mem[X,0x000000008012062A] -> 0x0000
[319] [M]: 0x0000000080120628 (0x00000013) addi zero, zero, 0x0
mem[X,0x000000008012062C] -> 0x0013
mem[X,0x000000008012062E] -> 0x0000
[320] [M]: 0x000000008012062C (0x00000013) addi zero, zero, 0x0
mem[X,0x0000000080120630] -> 0x0013
mem[X,0x0000000080120632] -> 0x0000
[321] [M]: 0x0000000080120630 (0x00000013) addi zero, zero, 0x0
mem[X,0x0000000080120634] -> 0x0013
mem[X,0x0000000080120636] -> 0x0000
[322] [M]: 0x0000000080120634 (0x00000013) addi zero, zero, 0x0
mem[X,0x0000000080120638] -> 0x0013
mem[X,0x000000008012063A] -> 0x0000
[323] [M]: 0x0000000080120638 (0x00000013) addi zero, zero, 0x0
mem[X,0x000000008012063C] -> 0x0013
mem[X,0x000000008012063E] -> 0x0000
[324] [M]: 0x000000008012063C (0x00000013) addi zero, zero, 0x0
mem[X,0x0000000080120640] -> 0x0067
mem[X,0x0000000080120642] -> 0x0006
[325] [M]: 0x0000000080120640 (0x00060067) jalr zero, 0x0(a2)
mem[X,0x0000000080120644] -> 0x0013
mem[X,0x0000000080120646] -> 0x0000
[326] [M]: 0x0000000080120644 (0x00000013) addi zero, zero, 0x0
mem[X,0x0000000080120648] -> 0x0013
mem[X,0x000000008012064A] -> 0x0000
[327] [M]: 0x0000000080120648 (0x00000013) addi zero, zero, 0x0
mem[X,0x000000008012064C] -> 0x0013
mem[X,0x000000008012064E] -> 0x0000
[328] [M]: 0x000000008012064C (0x00000013) addi zero, zero, 0x0
mem[X,0x0000000080120650] -> 0x0013
mem[X,0x0000000080120652] -> 0x0000
[329] [M]: 0x0000000080120650 (0x00000013) addi zero, zero, 0x0
mem[X,0x0000000080120654] -> 0x0013
mem[X,0x0000000080120656] -> 0x0000
[330] [M]: 0x0000000080120654 (0x00000013) addi zero, zero, 0x0
mem[X,0x0000000080120658] -> 0x0013
mem[X,0x000000008012065A] -> 0x0000
[331] [M]: 0x0000000080120658 (0x00000013) addi zero, zero, 0x0
mem[X,0x000000008012065C] -> 0x0013
mem[X,0x000000008012065E] -> 0x0000
[332] [M]: 0x000000008012065C (0x00000013) addi zero, zero, 0x0
mem[X,0x0000000080120660] -> 0x0617
mem[X,0x0000000080120662] -> 0x0000
[333] [M]: 0x0000000080120660 (0x00000617) auipc a2, 0x0
x12 <- 0x0000000080120660
mem[X,0x0000000080120664] -> 0x0613
mem[X,0x0000000080120666] -> 0xF2C6
[334] [M]: 0x0000000080120664 (0xF2C60613) addi a2, a2, -0xd4
x12 <- 0x000000008012058C
mem[X,0x0000000080120668] -> 0x0013
mem[X,0x000000008012066A] -> 0x0000
[335] [M]: 0x0000000080120668 (0x00000013) addi zero, zero, 0x0
mem[X,0x000000008012066C] -> 0x0013
mem[X,0x000000008012066E] -> 0x0000
[336] [M]: 0x000000008012066C (0x00000013) addi zero, zero, 0x0
mem[X,0x0000000080120670] -> 0x0013
mem[X,0x0000000080120672] -> 0x0000
[337] [M]: 0x0000000080120670 (0x00000013) addi zero, zero, 0x0
mem[X,0x0000000080120674] -> 0x0013
mem[X,0x0000000080120676] -> 0x0000
[338] [M]: 0x0000000080120674 (0x00000013) addi zero, zero, 0x0
mem[X,0x0000000080120678] -> 0x0013
mem[X,0x000000008012067A] -> 0x0000
[339] [M]: 0x0000000080120678 (0x00000013) addi zero, zero, 0x0
mem[X,0x000000008012067C] -> 0x0013
mem[X,0x000000008012067E] -> 0x0000
[340] [M]: 0x000000008012067C (0x00000013) addi zero, zero, 0x0
mem[X,0x0000000080120680] -> 0x7613
mem[X,0x0000000080120682] -> 0xFFC6
[341] [M]: 0x0000000080120680 (0xFFC67613) andi a2, a2, -0x4
x12 <- 0x000000008012058C
mem[X,0x0000000080120684] -> 0x0733
mem[X,0x0000000080120686] -> 0x40C7
[342] [M]: 0x0000000080120684 (0x40C70733) sub a4, a4, a2
x14 <- 0x0000000000000087
mem[X,0x0000000080120688] -> 0xB023
mem[X,0x000000008012068A] -> 0x02E3
[343] [M]: 0x0000000080120688 (0x02E3B023) sd a4, 0x20(t2)
mem[0x0000000080125138] <- 0x0000000000000087
mem[X,0x000000008012068C] -> 0x0013
mem[X,0x000000008012068E] -> 0x0000
[344] [M]: 0x000000008012068C (0x00000013) addi zero, zero, 0x0
mem[X,0x0000000080120690] -> 0x0013
mem[X,0x0000000080120692] -> 0x0000
[345] [M]: 0x0000000080120690 (0x00000013) addi zero, zero, 0x0
mem[X,0x0000000080120694] -> 0x0013
mem[X,0x0000000080120696] -> 0x0000
[346] [M]: 0x0000000080120694 (0x00000013) addi zero, zero, 0x0
mem[X,0x0000000080120698] -> 0x0013
mem[X,0x000000008012069A] -> 0x0000
[347] [M]: 0x0000000080120698 (0x00000013) addi zero, zero, 0x0
mem[X,0x000000008012069C] -> 0x0013
mem[X,0x000000008012069E] -> 0x0000
[348] [M]: 0x000000008012069C (0x00000013) addi zero, zero, 0x0
mem[X,0x00000000801206A0] -> 0x0617
mem[X,0x00000000801206A2] -> 0x0000
[349] [M]: 0x00000000801206A0 (0x00000617) auipc a2, 0x0
x12 <- 0x00000000801206A0
mem[X,0x00000000801206A4] -> 0x0613
mem[X,0x00000000801206A6] -> 0x06C6
[350] [M]: 0x00000000801206A4 (0x06C60613) addi a2, a2, 0x6c
x12 <- 0x000000008012070C
mem[X,0x00000000801206A8] -> 0x0013
mem[X,0x00000000801206AA] -> 0x0000
[351] [M]: 0x00000000801206A8 (0x00000013) addi zero, zero, 0x0
mem[X,0x00000000801206AC] -> 0x0013
mem[X,0x00000000801206AE] -> 0x0000
[352] [M]: 0x00000000801206AC (0x00000013) addi zero, zero, 0x0
mem[X,0x00000000801206B0] -> 0x0013
mem[X,0x00000000801206B2] -> 0x0000
[353] [M]: 0x00000000801206B0 (0x00000013) addi zero, zero, 0x0
mem[X,0x00000000801206B4] -> 0x0013
mem[X,0x00000000801206B6] -> 0x0000
[354] [M]: 0x00000000801206B4 (0x00000013) addi zero, zero, 0x0
mem[X,0x00000000801206B8] -> 0x0013
mem[X,0x00000000801206BA] -> 0x0000
[355] [M]: 0x00000000801206B8 (0x00000013) addi zero, zero, 0x0
mem[X,0x00000000801206BC] -> 0x0013
mem[X,0x00000000801206BE] -> 0x0000
[356] [M]: 0x00000000801206BC (0x00000013) addi zero, zero, 0x0
mem[X,0x00000000801206C0] -> 0x0067
mem[X,0x00000000801206C2] -> 0x0006
[357] [M]: 0x00000000801206C0 (0x00060067) jalr zero, 0x0(a2)
mem[X,0x000000008012070C] -> 0x0C6F
mem[X,0x000000008012070E] -> 0x00C0
[358] [M]: 0x000000008012070C (0x00C00C6F) jal s8, 0xc
x24 <- 0x0000000080120710
mem[X,0x0000000080120718] -> 0x4C13
mem[X,0x000000008012071A] -> 0x003C
[359] [M]: 0x0000000080120718 (0x003C4C13) xori s8, s8, 0x3
x24 <- 0x0000000080120713
mem[X,0x000000008012071C] -> 0x0013
mem[X,0x000000008012071E] -> 0x0000
[360] [M]: 0x000000008012071C (0x00000013) addi zero, zero, 0x0
mem[X,0x0000000080120720] -> 0x0617
mem[X,0x0000000080120722] -> 0x0000
[361] [M]: 0x0000000080120720 (0x00000617) auipc a2, 0x0
x12 <- 0x0000000080120720
mem[X,0x0000000080120724] -> 0x0613
mem[X,0x0000000080120726] -> 0x0246
[362] [M]: 0x0000000080120724 (0x02460613) addi a2, a2, 0x24
x12 <- 0x0000000080120744
mem[X,0x0000000080120728] -> 0x0013
mem[X,0x000000008012072A] -> 0x0000
[363] [M]: 0x0000000080120728 (0x00000013) addi zero, zero, 0x0
mem[X,0x000000008012072C] -> 0x0013
mem[X,0x000000008012072E] -> 0x0000
[364] [M]: 0x000000008012072C (0x00000013) addi zero, zero, 0x0
mem[X,0x0000000080120730] -> 0x0013
mem[X,0x0000000080120732] -> 0x0000
[365] [M]: 0x0000000080120730 (0x00000013) addi zero, zero, 0x0
mem[X,0x0000000080120734] -> 0x0013
mem[X,0x0000000080120736] -> 0x0000
[366] [M]: 0x0000000080120734 (0x00000013) addi zero, zero, 0x0
mem[X,0x0000000080120738] -> 0x0013
mem[X,0x000000008012073A] -> 0x0000
[367] [M]: 0x0000000080120738 (0x00000013) addi zero, zero, 0x0
mem[X,0x000000008012073C] -> 0x0013
mem[X,0x000000008012073E] -> 0x0000
[368] [M]: 0x000000008012073C (0x00000013) addi zero, zero, 0x0
mem[X,0x0000000080120740] -> 0x0067
mem[X,0x0000000080120742] -> 0x0006
[369] [M]: 0x0000000080120740 (0x00060067) jalr zero, 0x0(a2)
mem[X,0x0000000080120744] -> 0x0013
mem[X,0x0000000080120746] -> 0x0000
[370] [M]: 0x0000000080120744 (0x00000013) addi zero, zero, 0x0
mem[X,0x0000000080120748] -> 0x0013
mem[X,0x000000008012074A] -> 0x0000
[371] [M]: 0x0000000080120748 (0x00000013) addi zero, zero, 0x0
mem[X,0x000000008012074C] -> 0x0013
mem[X,0x000000008012074E] -> 0x0000
[372] [M]: 0x000000008012074C (0x00000013) addi zero, zero, 0x0
mem[X,0x0000000080120750] -> 0x0013
mem[X,0x0000000080120752] -> 0x0000
[373] [M]: 0x0000000080120750 (0x00000013) addi zero, zero, 0x0
mem[X,0x0000000080120754] -> 0x0013
mem[X,0x0000000080120756] -> 0x0000
[374] [M]: 0x0000000080120754 (0x00000013) addi zero, zero, 0x0
mem[X,0x0000000080120758] -> 0x0013
mem[X,0x000000008012075A] -> 0x0000
[375] [M]: 0x0000000080120758 (0x00000013) addi zero, zero, 0x0
mem[X,0x000000008012075C] -> 0x0013
mem[X,0x000000008012075E] -> 0x0000
[376] [M]: 0x000000008012075C (0x00000013) addi zero, zero, 0x0
mem[X,0x0000000080120760] -> 0x0617
mem[X,0x0000000080120762] -> 0x0000
[377] [M]: 0x0000000080120760 (0x00000617) auipc a2, 0x0
x12 <- 0x0000000080120760
mem[X,0x0000000080120764] -> 0x0613
mem[X,0x0000000080120766] -> 0xF2C6
[378] [M]: 0x0000000080120764 (0xF2C60613) addi a2, a2, -0xd4
x12 <- 0x000000008012068C
mem[X,0x0000000080120768] -> 0x0013
mem[X,0x000000008012076A] -> 0x0000
[379] [M]: 0x0000000080120768 (0x00000013) addi zero, zero, 0x0
mem[X,0x000000008012076C] -> 0x0013
mem[X,0x000000008012076E] -> 0x0000
[380] [M]: 0x000000008012076C (0x00000013) addi zero, zero, 0x0
mem[X,0x0000000080120770] -> 0x0013
mem[X,0x0000000080120772] -> 0x0000
[381] [M]: 0x0000000080120770 (0x00000013) addi zero, zero, 0x0
mem[X,0x0000000080120774] -> 0x0013
mem[X,0x0000000080120776] -> 0x0000
[382] [M]: 0x0000000080120774 (0x00000013) addi zero, zero, 0x0
mem[X,0x0000000080120778] -> 0x0013
mem[X,0x000000008012077A] -> 0x0000
[383] [M]: 0x0000000080120778 (0x00000013) addi zero, zero, 0x0
mem[X,0x000000008012077C] -> 0x0013
mem[X,0x000000008012077E] -> 0x0000
[384] [M]: 0x000000008012077C (0x00000013) addi zero, zero, 0x0
mem[X,0x0000000080120780] -> 0x7613
mem[X,0x0000000080120782] -> 0xFFC6
[385] [M]: 0x0000000080120780 (0xFFC67613) andi a2, a2, -0x4
x12 <- 0x000000008012068C
mem[X,0x0000000080120784] -> 0x0C33
mem[X,0x0000000080120786] -> 0x40CC
[386] [M]: 0x0000000080120784 (0x40CC0C33) sub s8, s8, a2
x24 <- 0x0000000000000087
mem[X,0x0000000080120788] -> 0xB423
mem[X,0x000000008012078A] -> 0x0383
[387] [M]: 0x0000000080120788 (0x0383B423) sd s8, 0x28(t2)
mem[0x0000000080125140] <- 0x0000000000000087
mem[X,0x000000008012078C] -> 0x0013
mem[X,0x000000008012078E] -> 0x0000
[388] [M]: 0x000000008012078C (0x00000013) addi zero, zero, 0x0
mem[X,0x0000000080120790] -> 0x0013
mem[X,0x0000000080120792] -> 0x0000
[389] [M]: 0x0000000080120790 (0x00000013) addi zero, zero, 0x0
mem[X,0x0000000080120794] -> 0x0013
mem[X,0x0000000080120796] -> 0x0000
[390] [M]: 0x0000000080120794 (0x00000013) addi zero, zero, 0x0
mem[X,0x0000000080120798] -> 0x0013
mem[X,0x000000008012079A] -> 0x0000
[391] [M]: 0x0000000080120798 (0x00000013) addi zero, zero, 0x0
mem[X,0x000000008012079C] -> 0x0013
mem[X,0x000000008012079E] -> 0x0000
[392] [M]: 0x000000008012079C (0x00000013) addi zero, zero, 0x0
mem[X,0x00000000801207A0] -> 0x0617
mem[X,0x00000000801207A2] -> 0x0000
[393] [M]: 0x00000000801207A0 (0x00000617) auipc a2, 0x0
x12 <- 0x00000000801207A0
mem[X,0x00000000801207A4] -> 0x0613
mem[X,0x00000000801207A6] -> 0x06C6
[394] [M]: 0x00000000801207A4 (0x06C60613) addi a2, a2, 0x6c
x12 <- 0x000000008012080C
mem[X,0x00000000801207A8] -> 0x0013
mem[X,0x00000000801207AA] -> 0x0000
[395] [M]: 0x00000000801207A8 (0x00000013) addi zero, zero, 0x0
mem[X,0x00000000801207AC] -> 0x0013
mem[X,0x00000000801207AE] -> 0x0000
[396] [M]: 0x00000000801207AC (0x00000013) addi zero, zero, 0x0
mem[X,0x00000000801207B0] -> 0x0013
mem[X,0x00000000801207B2] -> 0x0000
[397] [M]: 0x00000000801207B0 (0x00000013) addi zero, zero, 0x0
mem[X,0x00000000801207B4] -> 0x0013
mem[X,0x00000000801207B6] -> 0x0000
[398] [M]: 0x00000000801207B4 (0x00000013) addi zero, zero, 0x0
mem[X,0x00000000801207B8] -> 0x0013
mem[X,0x00000000801207BA] -> 0x0000
[399] [M]: 0x00000000801207B8 (0x00000013) addi zero, zero, 0x0
clint::tick mtime <- 0x0000000000000004
 clint timer pending at mtime 0x0000000000000004
htif::tick 0x0000000000000000
mem[X,0x00000000801207BC] -> 0x0013
mem[X,0x00000000801207BE] -> 0x0000
[400] [M]: 0x00000000801207BC (0x00000013) addi zero, zero, 0x0
mem[X,0x00000000801207C0] -> 0x0067
mem[X,0x00000000801207C2] -> 0x0006
[401] [M]: 0x00000000801207C0 (0x00060067) jalr zero, 0x0(a2)
mem[X,0x000000008012080C] -> 0x096F
mem[X,0x000000008012080E] -> 0x00C0
[402] [M]: 0x000000008012080C (0x00C0096F) jal s2, 0xc
x18 <- 0x0000000080120810
mem[X,0x0000000080120818] -> 0x4913
mem[X,0x000000008012081A] -> 0x0039
[403] [M]: 0x0000000080120818 (0x00394913) xori s2, s2, 0x3
x18 <- 0x0000000080120813
mem[X,0x000000008012081C] -> 0x0013
mem[X,0x000000008012081E] -> 0x0000
[404] [M]: 0x000000008012081C (0x00000013) addi zero, zero, 0x0
mem[X,0x0000000080120820] -> 0x0617
mem[X,0x0000000080120822] -> 0x0000
[405] [M]: 0x0000000080120820 (0x00000617) auipc a2, 0x0
x12 <- 0x0000000080120820
mem[X,0x0000000080120824] -> 0x0613
mem[X,0x0000000080120826] -> 0x0246
[406] [M]: 0x0000000080120824 (0x02460613) addi a2, a2, 0x24
x12 <- 0x0000000080120844
mem[X,0x0000000080120828] -> 0x0013
mem[X,0x000000008012082A] -> 0x0000
[407] [M]: 0x0000000080120828 (0x00000013) addi zero, zero, 0x0
mem[X,0x000000008012082C] -> 0x0013
mem[X,0x000000008012082E] -> 0x0000
[408] [M]: 0x000000008012082C (0x00000013) addi zero, zero, 0x0
mem[X,0x0000000080120830] -> 0x0013
mem[X,0x0000000080120832] -> 0x0000
[409] [M]: 0x0000000080120830 (0x00000013) addi zero, zero, 0x0
mem[X,0x0000000080120834] -> 0x0013
mem[X,0x0000000080120836] -> 0x0000
[410] [M]: 0x0000000080120834 (0x00000013) addi zero, zero, 0x0
mem[X,0x0000000080120838] -> 0x0013
mem[X,0x000000008012083A] -> 0x0000
[411] [M]: 0x0000000080120838 (0x00000013) addi zero, zero, 0x0
mem[X,0x000000008012083C] -> 0x0013
mem[X,0x000000008012083E] -> 0x0000
[412] [M]: 0x000000008012083C (0x00000013) addi zero, zero, 0x0
mem[X,0x0000000080120840] -> 0x0067
mem[X,0x0000000080120842] -> 0x0006
[413] [M]: 0x0000000080120840 (0x00060067) jalr zero, 0x0(a2)
mem[X,0x0000000080120844] -> 0x0013
mem[X,0x0000000080120846] -> 0x0000
[414] [M]: 0x0000000080120844 (0x00000013) addi zero, zero, 0x0
mem[X,0x0000000080120848] -> 0x0013
mem[X,0x000000008012084A] -> 0x0000
[415] [M]: 0x0000000080120848 (0x00000013) addi zero, zero, 0x0
mem[X,0x000000008012084C] -> 0x0013
mem[X,0x000000008012084E] -> 0x0000
[416] [M]: 0x000000008012084C (0x00000013) addi zero, zero, 0x0
mem[X,0x0000000080120850] -> 0x0013
mem[X,0x0000000080120852] -> 0x0000
[417] [M]: 0x0000000080120850 (0x00000013) addi zero, zero, 0x0
mem[X,0x0000000080120854] -> 0x0013
mem[X,0x0000000080120856] -> 0x0000
[418] [M]: 0x0000000080120854 (0x00000013) addi zero, zero, 0x0
mem[X,0x0000000080120858] -> 0x0013
mem[X,0x000000008012085A] -> 0x0000
[419] [M]: 0x0000000080120858 (0x00000013) addi zero, zero, 0x0
mem[X,0x000000008012085C] -> 0x0013
mem[X,0x000000008012085E] -> 0x0000
[420] [M]: 0x000000008012085C (0x00000013) addi zero, zero, 0x0
mem[X,0x0000000080120860] -> 0x0617
mem[X,0x0000000080120862] -> 0x0000
[421] [M]: 0x0000000080120860 (0x00000617) auipc a2, 0x0
x12 <- 0x0000000080120860
mem[X,0x0000000080120864] -> 0x0613
mem[X,0x0000000080120866] -> 0xF2C6
[422] [M]: 0x0000000080120864 (0xF2C60613) addi a2, a2, -0xd4
x12 <- 0x000000008012078C
mem[X,0x0000000080120868] -> 0x0013
mem[X,0x000000008012086A] -> 0x0000
[423] [M]: 0x0000000080120868 (0x00000013) addi zero, zero, 0x0
mem[X,0x000000008012086C] -> 0x0013
mem[X,0x000000008012086E] -> 0x0000
[424] [M]: 0x000000008012086C (0x00000013) addi zero, zero, 0x0
mem[X,0x0000000080120870] -> 0x0013
mem[X,0x0000000080120872] -> 0x0000
[425] [M]: 0x0000000080120870 (0x00000013) addi zero, zero, 0x0
mem[X,0x0000000080120874] -> 0x0013
mem[X,0x0000000080120876] -> 0x0000
[426] [M]: 0x0000000080120874 (0x00000013) addi zero, zero, 0x0
mem[X,0x0000000080120878] -> 0x0013
mem[X,0x000000008012087A] -> 0x0000
[427] [M]: 0x0000000080120878 (0x00000013) addi zero, zero, 0x0
mem[X,0x000000008012087C] -> 0x0013
mem[X,0x000000008012087E] -> 0x0000
[428] [M]: 0x000000008012087C (0x00000013) addi zero, zero, 0x0
mem[X,0x0000000080120880] -> 0x7613
mem[X,0x0000000080120882] -> 0xFFC6
[429] [M]: 0x0000000080120880 (0xFFC67613) andi a2, a2, -0x4
x12 <- 0x000000008012078C
mem[X,0x0000000080120884] -> 0x0933
mem[X,0x0000000080120886] -> 0x40C9
[430] [M]: 0x0000000080120884 (0x40C90933) sub s2, s2, a2
x18 <- 0x0000000000000087
mem[X,0x0000000080120888] -> 0xB823
mem[X,0x000000008012088A] -> 0x0323
[431] [M]: 0x0000000080120888 (0x0323B823) sd s2, 0x30(t2)
mem[0x0000000080125148] <- 0x0000000000000087
mem[X,0x000000008012088C] -> 0x0013
mem[X,0x000000008012088E] -> 0x0000
[432] [M]: 0x000000008012088C (0x00000013) addi zero, zero, 0x0
mem[X,0x0000000080120890] -> 0x0013
mem[X,0x0000000080120892] -> 0x0000
[433] [M]: 0x0000000080120890 (0x00000013) addi zero, zero, 0x0
mem[X,0x0000000080120894] -> 0x0013
mem[X,0x0000000080120896] -> 0x0000
[434] [M]: 0x0000000080120894 (0x00000013) addi zero, zero, 0x0
mem[X,0x0000000080120898] -> 0x0013
mem[X,0x000000008012089A] -> 0x0000
[435] [M]: 0x0000000080120898 (0x00000013) addi zero, zero, 0x0
mem[X,0x000000008012089C] -> 0x0013
mem[X,0x000000008012089E] -> 0x0000
[436] [M]: 0x000000008012089C (0x00000013) addi zero, zero, 0x0
mem[X,0x00000000801208A0] -> 0x0617
mem[X,0x00000000801208A2] -> 0x0000
[437] [M]: 0x00000000801208A0 (0x00000617) auipc a2, 0x0
x12 <- 0x00000000801208A0
mem[X,0x00000000801208A4] -> 0x0613
mem[X,0x00000000801208A6] -> 0x06C6
[438] [M]: 0x00000000801208A4 (0x06C60613) addi a2, a2, 0x6c
x12 <- 0x000000008012090C
mem[X,0x00000000801208A8] -> 0x0013
mem[X,0x00000000801208AA] -> 0x0000
[439] [M]: 0x00000000801208A8 (0x00000013) addi zero, zero, 0x0
mem[X,0x00000000801208AC] -> 0x0013
mem[X,0x00000000801208AE] -> 0x0000
[440] [M]: 0x00000000801208AC (0x00000013) addi zero, zero, 0x0
mem[X,0x00000000801208B0] -> 0x0013
mem[X,0x00000000801208B2] -> 0x0000
[441] [M]: 0x00000000801208B0 (0x00000013) addi zero, zero, 0x0
mem[X,0x00000000801208B4] -> 0x0013
mem[X,0x00000000801208B6] -> 0x0000
[442] [M]: 0x00000000801208B4 (0x00000013) addi zero, zero, 0x0
mem[X,0x00000000801208B8] -> 0x0013
mem[X,0x00000000801208BA] -> 0x0000
[443] [M]: 0x00000000801208B8 (0x00000013) addi zero, zero, 0x0
mem[X,0x00000000801208BC] -> 0x0013
mem[X,0x00000000801208BE] -> 0x0000
[444] [M]: 0x00000000801208BC (0x00000013) addi zero, zero, 0x0
mem[X,0x00000000801208C0] -> 0x0067
mem[X,0x00000000801208C2] -> 0x0006
[445] [M]: 0x00000000801208C0 (0x00060067) jalr zero, 0x0(a2)
mem[X,0x000000008012090C] -> 0x036F
mem[X,0x000000008012090E] -> 0x00C0
[446] [M]: 0x000000008012090C (0x00C0036F) jal t1, 0xc
x6 <- 0x0000000080120910
mem[X,0x0000000080120918] -> 0x4313
mem[X,0x000000008012091A] -> 0x0033
[447] [M]: 0x0000000080120918 (0x00334313) xori t1, t1, 0x3
x6 <- 0x0000000080120913
mem[X,0x000000008012091C] -> 0x0013
mem[X,0x000000008012091E] -> 0x0000
[448] [M]: 0x000000008012091C (0x00000013) addi zero, zero, 0x0
mem[X,0x0000000080120920] -> 0x0617
mem[X,0x0000000080120922] -> 0x0000
[449] [M]: 0x0000000080120920 (0x00000617) auipc a2, 0x0
x12 <- 0x0000000080120920
mem[X,0x0000000080120924] -> 0x0613
mem[X,0x0000000080120926] -> 0x0246
[450] [M]: 0x0000000080120924 (0x02460613) addi a2, a2, 0x24
x12 <- 0x0000000080120944
mem[X,0x0000000080120928] -> 0x0013
mem[X,0x000000008012092A] -> 0x0000
[451] [M]: 0x0000000080120928 (0x00000013) addi zero, zero, 0x0
mem[X,0x000000008012092C] -> 0x0013
mem[X,0x000000008012092E] -> 0x0000
[452] [M]: 0x000000008012092C (0x00000013) addi zero, zero, 0x0
mem[X,0x0000000080120930] -> 0x0013
mem[X,0x0000000080120932] -> 0x0000
[453] [M]: 0x0000000080120930 (0x00000013) addi zero, zero, 0x0
mem[X,0x0000000080120934] -> 0x0013
mem[X,0x0000000080120936] -> 0x0000
[454] [M]: 0x0000000080120934 (0x00000013) addi zero, zero, 0x0
mem[X,0x0000000080120938] -> 0x0013
mem[X,0x000000008012093A] -> 0x0000
[455] [M]: 0x0000000080120938 (0x00000013) addi zero, zero, 0x0
mem[X,0x000000008012093C] -> 0x0013
mem[X,0x000000008012093E] -> 0x0000
[456] [M]: 0x000000008012093C (0x00000013) addi zero, zero, 0x0
mem[X,0x0000000080120940] -> 0x0067
mem[X,0x0000000080120942] -> 0x0006
[457] [M]: 0x0000000080120940 (0x00060067) jalr zero, 0x0(a2)
mem[X,0x0000000080120944] -> 0x0013
mem[X,0x0000000080120946] -> 0x0000
[458] [M]: 0x0000000080120944 (0x00000013) addi zero, zero, 0x0
mem[X,0x0000000080120948] -> 0x0013
mem[X,0x000000008012094A] -> 0x0000
[459] [M]: 0x0000000080120948 (0x00000013) addi zero, zero, 0x0
mem[X,0x000000008012094C] -> 0x0013
mem[X,0x000000008012094E] -> 0x0000
[460] [M]: 0x000000008012094C (0x00000013) addi zero, zero, 0x0
mem[X,0x0000000080120950] -> 0x0013
mem[X,0x0000000080120952] -> 0x0000
[461] [M]: 0x0000000080120950 (0x00000013) addi zero, zero, 0x0
mem[X,0x0000000080120954] -> 0x0013
mem[X,0x0000000080120956] -> 0x0000
[462] [M]: 0x0000000080120954 (0x00000013) addi zero, zero, 0x0
mem[X,0x0000000080120958] -> 0x0013
mem[X,0x000000008012095A] -> 0x0000
[463] [M]: 0x0000000080120958 (0x00000013) addi zero, zero, 0x0
mem[X,0x000000008012095C] -> 0x0013
mem[X,0x000000008012095E] -> 0x0000
[464] [M]: 0x000000008012095C (0x00000013) addi zero, zero, 0x0
mem[X,0x0000000080120960] -> 0x0617
mem[X,0x0000000080120962] -> 0x0000
[465] [M]: 0x0000000080120960 (0x00000617) auipc a2, 0x0
x12 <- 0x0000000080120960
mem[X,0x0000000080120964] -> 0x0613
mem[X,0x0000000080120966] -> 0xF2C6
[466] [M]: 0x0000000080120964 (0xF2C60613) addi a2, a2, -0xd4
x12 <- 0x000000008012088C
mem[X,0x0000000080120968] -> 0x0013
mem[X,0x000000008012096A] -> 0x0000
[467] [M]: 0x0000000080120968 (0x00000013) addi zero, zero, 0x0
mem[X,0x000000008012096C] -> 0x0013
mem[X,0x000000008012096E] -> 0x0000
[468] [M]: 0x000000008012096C (0x00000013) addi zero, zero, 0x0
mem[X,0x0000000080120970] -> 0x0013
mem[X,0x0000000080120972] -> 0x0000
[469] [M]: 0x0000000080120970 (0x00000013) addi zero, zero, 0x0
mem[X,0x0000000080120974] -> 0x0013
mem[X,0x0000000080120976] -> 0x0000
[470] [M]: 0x0000000080120974 (0x00000013) addi zero, zero, 0x0
mem[X,0x0000000080120978] -> 0x0013
mem[X,0x000000008012097A] -> 0x0000
[471] [M]: 0x0000000080120978 (0x00000013) addi zero, zero, 0x0
mem[X,0x000000008012097C] -> 0x0013
mem[X,0x000000008012097E] -> 0x0000
[472] [M]: 0x000000008012097C (0x00000013) addi zero, zero, 0x0
mem[X,0x0000000080120980] -> 0x7613
mem[X,0x0000000080120982] -> 0xFFC6
[473] [M]: 0x0000000080120980 (0xFFC67613) andi a2, a2, -0x4
x12 <- 0x000000008012088C
mem[X,0x0000000080120984] -> 0x0333
mem[X,0x0000000080120986] -> 0x40C3
[474] [M]: 0x0000000080120984 (0x40C30333) sub t1, t1, a2
x6 <- 0x0000000000000087
mem[X,0x0000000080120988] -> 0xBC23
mem[X,0x000000008012098A] -> 0x0263
[475] [M]: 0x0000000080120988 (0x0263BC23) sd t1, 0x38(t2)
mem[0x0000000080125150] <- 0x0000000000000087
mem[X,0x000000008012098C] -> 0x0013
mem[X,0x000000008012098E] -> 0x0000
[476] [M]: 0x000000008012098C (0x00000013) addi zero, zero, 0x0
mem[X,0x0000000080120990] -> 0x0013
mem[X,0x0000000080120992] -> 0x0000
[477] [M]: 0x0000000080120990 (0x00000013) addi zero, zero, 0x0
mem[X,0x0000000080120994] -> 0x0013
mem[X,0x0000000080120996] -> 0x0000
[478] [M]: 0x0000000080120994 (0x00000013) addi zero, zero, 0x0
mem[X,0x0000000080120998] -> 0x0013
mem[X,0x000000008012099A] -> 0x0000
[479] [M]: 0x0000000080120998 (0x00000013) addi zero, zero, 0x0
mem[X,0x000000008012099C] -> 0x0013
mem[X,0x000000008012099E] -> 0x0000
[480] [M]: 0x000000008012099C (0x00000013) addi zero, zero, 0x0
mem[X,0x00000000801209A0] -> 0x0617
mem[X,0x00000000801209A2] -> 0x0000
[481] [M]: 0x00000000801209A0 (0x00000617) auipc a2, 0x0
x12 <- 0x00000000801209A0
mem[X,0x00000000801209A4] -> 0x0613
mem[X,0x00000000801209A6] -> 0x06C6
[482] [M]: 0x00000000801209A4 (0x06C60613) addi a2, a2, 0x6c
x12 <- 0x0000000080120A0C
mem[X,0x00000000801209A8] -> 0x0013
mem[X,0x00000000801209AA] -> 0x0000
[483] [M]: 0x00000000801209A8 (0x00000013) addi zero, zero, 0x0
mem[X,0x00000000801209AC] -> 0x0013
mem[X,0x00000000801209AE] -> 0x0000
[484] [M]: 0x00000000801209AC (0x00000013) addi zero, zero, 0x0
mem[X,0x00000000801209B0] -> 0x0013
mem[X,0x00000000801209B2] -> 0x0000
[485] [M]: 0x00000000801209B0 (0x00000013) addi zero, zero, 0x0
mem[X,0x00000000801209B4] -> 0x0013
mem[X,0x00000000801209B6] -> 0x0000
[486] [M]: 0x00000000801209B4 (0x00000013) addi zero, zero, 0x0
mem[X,0x00000000801209B8] -> 0x0013
mem[X,0x00000000801209BA] -> 0x0000
[487] [M]: 0x00000000801209B8 (0x00000013) addi zero, zero, 0x0
mem[X,0x00000000801209BC] -> 0x0013
mem[X,0x00000000801209BE] -> 0x0000
[488] [M]: 0x00000000801209BC (0x00000013) addi zero, zero, 0x0
mem[X,0x00000000801209C0] -> 0x0067
mem[X,0x00000000801209C2] -> 0x0006
[489] [M]: 0x00000000801209C0 (0x00060067) jalr zero, 0x0(a2)
mem[X,0x0000000080120A0C] -> 0x0B6F
mem[X,0x0000000080120A0E] -> 0x00C0
[490] [M]: 0x0000000080120A0C (0x00C00B6F) jal s6, 0xc
x22 <- 0x0000000080120A10
mem[X,0x0000000080120A18] -> 0x4B13
mem[X,0x0000000080120A1A] -> 0x003B
[491] [M]: 0x0000000080120A18 (0x003B4B13) xori s6, s6, 0x3
x22 <- 0x0000000080120A13
mem[X,0x0000000080120A1C] -> 0x0013
mem[X,0x0000000080120A1E] -> 0x0000
[492] [M]: 0x0000000080120A1C (0x00000013) addi zero, zero, 0x0
mem[X,0x0000000080120A20] -> 0x0617
mem[X,0x0000000080120A22] -> 0x0000
[493] [M]: 0x0000000080120A20 (0x00000617) auipc a2, 0x0
x12 <- 0x0000000080120A20
mem[X,0x0000000080120A24] -> 0x0613
mem[X,0x0000000080120A26] -> 0x0246
[494] [M]: 0x0000000080120A24 (0x02460613) addi a2, a2, 0x24
x12 <- 0x0000000080120A44
mem[X,0x0000000080120A28] -> 0x0013
mem[X,0x0000000080120A2A] -> 0x0000
[495] [M]: 0x0000000080120A28 (0x00000013) addi zero, zero, 0x0
mem[X,0x0000000080120A2C] -> 0x0013
mem[X,0x0000000080120A2E] -> 0x0000
[496] [M]: 0x0000000080120A2C (0x00000013) addi zero, zero, 0x0
mem[X,0x0000000080120A30] -> 0x0013
mem[X,0x0000000080120A32] -> 0x0000
[497] [M]: 0x0000000080120A30 (0x00000013) addi zero, zero, 0x0
mem[X,0x0000000080120A34] -> 0x0013
mem[X,0x0000000080120A36] -> 0x0000
[498] [M]: 0x0000000080120A34 (0x00000013) addi zero, zero, 0x0
mem[X,0x0000000080120A38] -> 0x0013
mem[X,0x0000000080120A3A] -> 0x0000
[499] [M]: 0x0000000080120A38 (0x00000013) addi zero, zero, 0x0
clint::tick mtime <- 0x0000000000000005
 clint timer pending at mtime 0x0000000000000005
htif::tick 0x0000000000000000
mem[X,0x0000000080120A3C] -> 0x0013
mem[X,0x0000000080120A3E] -> 0x0000
[500] [M]: 0x0000000080120A3C (0x00000013) addi zero, zero, 0x0
mem[X,0x0000000080120A40] -> 0x0067
mem[X,0x0000000080120A42] -> 0x0006
[501] [M]: 0x0000000080120A40 (0x00060067) jalr zero, 0x0(a2)
mem[X,0x0000000080120A44] -> 0x0013
mem[X,0x0000000080120A46] -> 0x0000
[502] [M]: 0x0000000080120A44 (0x00000013) addi zero, zero, 0x0
mem[X,0x0000000080120A48] -> 0x0013
mem[X,0x0000000080120A4A] -> 0x0000
[503] [M]: 0x0000000080120A48 (0x00000013) addi zero, zero, 0x0
mem[X,0x0000000080120A4C] -> 0x0013
mem[X,0x0000000080120A4E] -> 0x0000
[504] [M]: 0x0000000080120A4C (0x00000013) addi zero, zero, 0x0
mem[X,0x0000000080120A50] -> 0x0013
mem[X,0x0000000080120A52] -> 0x0000
[505] [M]: 0x0000000080120A50 (0x00000013) addi zero, zero, 0x0
mem[X,0x0000000080120A54] -> 0x0013
mem[X,0x0000000080120A56] -> 0x0000
[506] [M]: 0x0000000080120A54 (0x00000013) addi zero, zero, 0x0
mem[X,0x0000000080120A58] -> 0x0013
mem[X,0x0000000080120A5A] -> 0x0000
[507] [M]: 0x0000000080120A58 (0x00000013) addi zero, zero, 0x0
mem[X,0x0000000080120A5C] -> 0x0013
mem[X,0x0000000080120A5E] -> 0x0000
[508] [M]: 0x0000000080120A5C (0x00000013) addi zero, zero, 0x0
mem[X,0x0000000080120A60] -> 0x0617
mem[X,0x0000000080120A62] -> 0x0000
[509] [M]: 0x0000000080120A60 (0x00000617) auipc a2, 0x0
x12 <- 0x0000000080120A60
mem[X,0x0000000080120A64] -> 0x0613
mem[X,0x0000000080120A66] -> 0xF2C6
[510] [M]: 0x0000000080120A64 (0xF2C60613) addi a2, a2, -0xd4
x12 <- 0x000000008012098C
mem[X,0x0000000080120A68] -> 0x0013
mem[X,0x0000000080120A6A] -> 0x0000
[511] [M]: 0x0000000080120A68 (0x00000013) addi zero, zero, 0x0
mem[X,0x0000000080120A6C] -> 0x0013
mem[X,0x0000000080120A6E] -> 0x0000
[512] [M]: 0x0000000080120A6C (0x00000013) addi zero, zero, 0x0
mem[X,0x0000000080120A70] -> 0x0013
mem[X,0x0000000080120A72] -> 0x0000
[513] [M]: 0x0000000080120A70 (0x00000013) addi zero, zero, 0x0
mem[X,0x0000000080120A74] -> 0x0013
mem[X,0x0000000080120A76] -> 0x0000
[514] [M]: 0x0000000080120A74 (0x00000013) addi zero, zero, 0x0
mem[X,0x0000000080120A78] -> 0x0013
mem[X,0x0000000080120A7A] -> 0x0000
[515] [M]: 0x0000000080120A78 (0x00000013) addi zero, zero, 0x0
mem[X,0x0000000080120A7C] -> 0x0013
mem[X,0x0000000080120A7E] -> 0x0000
[516] [M]: 0x0000000080120A7C (0x00000013) addi zero, zero, 0x0
mem[X,0x0000000080120A80] -> 0x7613
mem[X,0x0000000080120A82] -> 0xFFC6
[517] [M]: 0x0000000080120A80 (0xFFC67613) andi a2, a2, -0x4
x12 <- 0x000000008012098C
mem[X,0x0000000080120A84] -> 0x0B33
mem[X,0x0000000080120A86] -> 0x40CB
[518] [M]: 0x0000000080120A84 (0x40CB0B33) sub s6, s6, a2
x22 <- 0x0000000000000087
mem[X,0x0000000080120A88] -> 0xB023
mem[X,0x0000000080120A8A] -> 0x0563
[519] [M]: 0x0000000080120A88 (0x0563B023) sd s6, 0x40(t2)
mem[0x0000000080125158] <- 0x0000000000000087
mem[X,0x0000000080120A8C] -> 0x0013
mem[X,0x0000000080120A8E] -> 0x0000
[520] [M]: 0x0000000080120A8C (0x00000013) addi zero, zero, 0x0
mem[X,0x0000000080120A90] -> 0x0013
mem[X,0x0000000080120A92] -> 0x0000
[521] [M]: 0x0000000080120A90 (0x00000013) addi zero, zero, 0x0
mem[X,0x0000000080120A94] -> 0x0013
mem[X,0x0000000080120A96] -> 0x0000
[522] [M]: 0x0000000080120A94 (0x00000013) addi zero, zero, 0x0
mem[X,0x0000000080120A98] -> 0x0013
mem[X,0x0000000080120A9A] -> 0x0000
[523] [M]: 0x0000000080120A98 (0x00000013) addi zero, zero, 0x0
mem[X,0x0000000080120A9C] -> 0x0013
mem[X,0x0000000080120A9E] -> 0x0000
[524] [M]: 0x0000000080120A9C (0x00000013) addi zero, zero, 0x0
mem[X,0x0000000080120AA0] -> 0x0617
mem[X,0x0000000080120AA2] -> 0x0000
[525] [M]: 0x0000000080120AA0 (0x00000617) auipc a2, 0x0
x12 <- 0x0000000080120AA0
mem[X,0x0000000080120AA4] -> 0x0613
mem[X,0x0000000080120AA6] -> 0x06C6
[526] [M]: 0x0000000080120AA4 (0x06C60613) addi a2, a2, 0x6c
x12 <- 0x0000000080120B0C
mem[X,0x0000000080120AA8] -> 0x0013
mem[X,0x0000000080120AAA] -> 0x0000
[527] [M]: 0x0000000080120AA8 (0x00000013) addi zero, zero, 0x0
mem[X,0x0000000080120AAC] -> 0x0013
mem[X,0x0000000080120AAE] -> 0x0000
[528] [M]: 0x0000000080120AAC (0x00000013) addi zero, zero, 0x0
mem[X,0x0000000080120AB0] -> 0x0013
mem[X,0x0000000080120AB2] -> 0x0000
[529] [M]: 0x0000000080120AB0 (0x00000013) addi zero, zero, 0x0
mem[X,0x0000000080120AB4] -> 0x0013
mem[X,0x0000000080120AB6] -> 0x0000
[530] [M]: 0x0000000080120AB4 (0x00000013) addi zero, zero, 0x0
mem[X,0x0000000080120AB8] -> 0x0013
mem[X,0x0000000080120ABA] -> 0x0000
[531] [M]: 0x0000000080120AB8 (0x00000013) addi zero, zero, 0x0
mem[X,0x0000000080120ABC] -> 0x0013
mem[X,0x0000000080120ABE] -> 0x0000
[532] [M]: 0x0000000080120ABC (0x00000013) addi zero, zero, 0x0
mem[X,0x0000000080120AC0] -> 0x0067
mem[X,0x0000000080120AC2] -> 0x0006
[533] [M]: 0x0000000080120AC0 (0x00060067) jalr zero, 0x0(a2)
mem[X,0x0000000080120B0C] -> 0x0D6F
mem[X,0x0000000080120B0E] -> 0x00C0
[534] [M]: 0x0000000080120B0C (0x00C00D6F) jal s10, 0xc
x26 <- 0x0000000080120B10
mem[X,0x0000000080120B18] -> 0x4D13
mem[X,0x0000000080120B1A] -> 0x003D
[535] [M]: 0x0000000080120B18 (0x003D4D13) xori s10, s10, 0x3
x26 <- 0x0000000080120B13
mem[X,0x0000000080120B1C] -> 0x0013
mem[X,0x0000000080120B1E] -> 0x0000
[536] [M]: 0x0000000080120B1C (0x00000013) addi zero, zero, 0x0
mem[X,0x0000000080120B20] -> 0x0617
mem[X,0x0000000080120B22] -> 0x0000
[537] [M]: 0x0000000080120B20 (0x00000617) auipc a2, 0x0
x12 <- 0x0000000080120B20
mem[X,0x0000000080120B24] -> 0x0613
mem[X,0x0000000080120B26] -> 0x0246
[538] [M]: 0x0000000080120B24 (0x02460613) addi a2, a2, 0x24
x12 <- 0x0000000080120B44
mem[X,0x0000000080120B28] -> 0x0013
mem[X,0x0000000080120B2A] -> 0x0000
[539] [M]: 0x0000000080120B28 (0x00000013) addi zero, zero, 0x0
mem[X,0x0000000080120B2C] -> 0x0013
mem[X,0x0000000080120B2E] -> 0x0000
[540] [M]: 0x0000000080120B2C (0x00000013) addi zero, zero, 0x0
mem[X,0x0000000080120B30] -> 0x0013
mem[X,0x0000000080120B32] -> 0x0000
[541] [M]: 0x0000000080120B30 (0x00000013) addi zero, zero, 0x0
mem[X,0x0000000080120B34] -> 0x0013
mem[X,0x0000000080120B36] -> 0x0000
[542] [M]: 0x0000000080120B34 (0x00000013) addi zero, zero, 0x0
mem[X,0x0000000080120B38] -> 0x0013
mem[X,0x0000000080120B3A] -> 0x0000
[543] [M]: 0x0000000080120B38 (0x00000013) addi zero, zero, 0x0
mem[X,0x0000000080120B3C] -> 0x0013
mem[X,0x0000000080120B3E] -> 0x0000
[544] [M]: 0x0000000080120B3C (0x00000013) addi zero, zero, 0x0
mem[X,0x0000000080120B40] -> 0x0067
mem[X,0x0000000080120B42] -> 0x0006
[545] [M]: 0x0000000080120B40 (0x00060067) jalr zero, 0x0(a2)
mem[X,0x0000000080120B44] -> 0x0013
mem[X,0x0000000080120B46] -> 0x0000
[546] [M]: 0x0000000080120B44 (0x00000013) addi zero, zero, 0x0
mem[X,0x0000000080120B48] -> 0x0013
mem[X,0x0000000080120B4A] -> 0x0000
[547] [M]: 0x0000000080120B48 (0x00000013) addi zero, zero, 0x0
mem[X,0x0000000080120B4C] -> 0x0013
mem[X,0x0000000080120B4E] -> 0x0000
[548] [M]: 0x0000000080120B4C (0x00000013) addi zero, zero, 0x0
mem[X,0x0000000080120B50] -> 0x0013
mem[X,0x0000000080120B52] -> 0x0000
[549] [M]: 0x0000000080120B50 (0x00000013) addi zero, zero, 0x0
mem[X,0x0000000080120B54] -> 0x0013
mem[X,0x0000000080120B56] -> 0x0000
[550] [M]: 0x0000000080120B54 (0x00000013) addi zero, zero, 0x0
mem[X,0x0000000080120B58] -> 0x0013
mem[X,0x0000000080120B5A] -> 0x0000
[551] [M]: 0x0000000080120B58 (0x00000013) addi zero, zero, 0x0
mem[X,0x0000000080120B5C] -> 0x0013
mem[X,0x0000000080120B5E] -> 0x0000
[552] [M]: 0x0000000080120B5C (0x00000013) addi zero, zero, 0x0
mem[X,0x0000000080120B60] -> 0x0617
mem[X,0x0000000080120B62] -> 0x0000
[553] [M]: 0x0000000080120B60 (0x00000617) auipc a2, 0x0
x12 <- 0x0000000080120B60
mem[X,0x0000000080120B64] -> 0x0613
mem[X,0x0000000080120B66] -> 0xF2C6
[554] [M]: 0x0000000080120B64 (0xF2C60613) addi a2, a2, -0xd4
x12 <- 0x0000000080120A8C
mem[X,0x0000000080120B68] -> 0x0013
mem[X,0x0000000080120B6A] -> 0x0000
[555] [M]: 0x0000000080120B68 (0x00000013) addi zero, zero, 0x0
mem[X,0x0000000080120B6C] -> 0x0013
mem[X,0x0000000080120B6E] -> 0x0000
[556] [M]: 0x0000000080120B6C (0x00000013) addi zero, zero, 0x0
mem[X,0x0000000080120B70] -> 0x0013
mem[X,0x0000000080120B72] -> 0x0000
[557] [M]: 0x0000000080120B70 (0x00000013) addi zero, zero, 0x0
mem[X,0x0000000080120B74] -> 0x0013
mem[X,0x0000000080120B76] -> 0x0000
[558] [M]: 0x0000000080120B74 (0x00000013) addi zero, zero, 0x0
mem[X,0x0000000080120B78] -> 0x0013
mem[X,0x0000000080120B7A] -> 0x0000
[559] [M]: 0x0000000080120B78 (0x00000013) addi zero, zero, 0x0
mem[X,0x0000000080120B7C] -> 0x0013
mem[X,0x0000000080120B7E] -> 0x0000
[560] [M]: 0x0000000080120B7C (0x00000013) addi zero, zero, 0x0
mem[X,0x0000000080120B80] -> 0x7613
mem[X,0x0000000080120B82] -> 0xFFC6
[561] [M]: 0x0000000080120B80 (0xFFC67613) andi a2, a2, -0x4
x12 <- 0x0000000080120A8C
mem[X,0x0000000080120B84] -> 0x0D33
mem[X,0x0000000080120B86] -> 0x40CD
[562] [M]: 0x0000000080120B84 (0x40CD0D33) sub s10, s10, a2
x26 <- 0x0000000000000087
mem[X,0x0000000080120B88] -> 0xB423
mem[X,0x0000000080120B8A] -> 0x05A3
[563] [M]: 0x0000000080120B88 (0x05A3B423) sd s10, 0x48(t2)
mem[0x0000000080125160] <- 0x0000000000000087
mem[X,0x0000000080120B8C] -> 0x0013
mem[X,0x0000000080120B8E] -> 0x0000
[564] [M]: 0x0000000080120B8C (0x00000013) addi zero, zero, 0x0
mem[X,0x0000000080120B90] -> 0x0013
mem[X,0x0000000080120B92] -> 0x0000
[565] [M]: 0x0000000080120B90 (0x00000013) addi zero, zero, 0x0
mem[X,0x0000000080120B94] -> 0x0013
mem[X,0x0000000080120B96] -> 0x0000
[566] [M]: 0x0000000080120B94 (0x00000013) addi zero, zero, 0x0
mem[X,0x0000000080120B98] -> 0x0013
mem[X,0x0000000080120B9A] -> 0x0000
[567] [M]: 0x0000000080120B98 (0x00000013) addi zero, zero, 0x0
mem[X,0x0000000080120B9C] -> 0x0013
mem[X,0x0000000080120B9E] -> 0x0000
[568] [M]: 0x0000000080120B9C (0x00000013) addi zero, zero, 0x0
mem[X,0x0000000080120BA0] -> 0x0617
mem[X,0x0000000080120BA2] -> 0x0000
[569] [M]: 0x0000000080120BA0 (0x00000617) auipc a2, 0x0
x12 <- 0x0000000080120BA0
mem[X,0x0000000080120BA4] -> 0x0613
mem[X,0x0000000080120BA6] -> 0x06C6
[570] [M]: 0x0000000080120BA4 (0x06C60613) addi a2, a2, 0x6c
x12 <- 0x0000000080120C0C
mem[X,0x0000000080120BA8] -> 0x0013
mem[X,0x0000000080120BAA] -> 0x0000
[571] [M]: 0x0000000080120BA8 (0x00000013) addi zero, zero, 0x0
mem[X,0x0000000080120BAC] -> 0x0013
mem[X,0x0000000080120BAE] -> 0x0000
[572] [M]: 0x0000000080120BAC (0x00000013) addi zero, zero, 0x0
mem[X,0x0000000080120BB0] -> 0x0013
mem[X,0x0000000080120BB2] -> 0x0000
[573] [M]: 0x0000000080120BB0 (0x00000013) addi zero, zero, 0x0
mem[X,0x0000000080120BB4] -> 0x0013
mem[X,0x0000000080120BB6] -> 0x0000
[574] [M]: 0x0000000080120BB4 (0x00000013) addi zero, zero, 0x0
mem[X,0x0000000080120BB8] -> 0x0013
mem[X,0x0000000080120BBA] -> 0x0000
[575] [M]: 0x0000000080120BB8 (0x00000013) addi zero, zero, 0x0
mem[X,0x0000000080120BBC] -> 0x0013
mem[X,0x0000000080120BBE] -> 0x0000
[576] [M]: 0x0000000080120BBC (0x00000013) addi zero, zero, 0x0
mem[X,0x0000000080120BC0] -> 0x0067
mem[X,0x0000000080120BC2] -> 0x0006
[577] [M]: 0x0000000080120BC0 (0x00060067) jalr zero, 0x0(a2)
mem[X,0x0000000080120C0C] -> 0x0AEF
mem[X,0x0000000080120C0E] -> 0x00C0
[578] [M]: 0x0000000080120C0C (0x00C00AEF) jal s5, 0xc
x21 <- 0x0000000080120C10
mem[X,0x0000000080120C18] -> 0xCA93
mem[X,0x0000000080120C1A] -> 0x003A
[579] [M]: 0x0000000080120C18 (0x003ACA93) xori s5, s5, 0x3
x21 <- 0x0000000080120C13
mem[X,0x0000000080120C1C] -> 0x0013
mem[X,0x0000000080120C1E] -> 0x0000
[580] [M]: 0x0000000080120C1C (0x00000013) addi zero, zero, 0x0
mem[X,0x0000000080120C20] -> 0x0617
mem[X,0x0000000080120C22] -> 0x0000
[581] [M]: 0x0000000080120C20 (0x00000617) auipc a2, 0x0
x12 <- 0x0000000080120C20
mem[X,0x0000000080120C24] -> 0x0613
mem[X,0x0000000080120C26] -> 0x0246
[582] [M]: 0x0000000080120C24 (0x02460613) addi a2, a2, 0x24
x12 <- 0x0000000080120C44
mem[X,0x0000000080120C28] -> 0x0013
mem[X,0x0000000080120C2A] -> 0x0000
[583] [M]: 0x0000000080120C28 (0x00000013) addi zero, zero, 0x0
mem[X,0x0000000080120C2C] -> 0x0013
mem[X,0x0000000080120C2E] -> 0x0000
[584] [M]: 0x0000000080120C2C (0x00000013) addi zero, zero, 0x0
mem[X,0x0000000080120C30] -> 0x0013
mem[X,0x0000000080120C32] -> 0x0000
[585] [M]: 0x0000000080120C30 (0x00000013) addi zero, zero, 0x0
mem[X,0x0000000080120C34] -> 0x0013
mem[X,0x0000000080120C36] -> 0x0000
[586] [M]: 0x0000000080120C34 (0x00000013) addi zero, zero, 0x0
mem[X,0x0000000080120C38] -> 0x0013
mem[X,0x0000000080120C3A] -> 0x0000
[587] [M]: 0x0000000080120C38 (0x00000013) addi zero, zero, 0x0
mem[X,0x0000000080120C3C] -> 0x0013
mem[X,0x0000000080120C3E] -> 0x0000
[588] [M]: 0x0000000080120C3C (0x00000013) addi zero, zero, 0x0
mem[X,0x0000000080120C40] -> 0x0067
mem[X,0x0000000080120C42] -> 0x0006
[589] [M]: 0x0000000080120C40 (0x00060067) jalr zero, 0x0(a2)
mem[X,0x0000000080120C44] -> 0x0013
mem[X,0x0000000080120C46] -> 0x0000
[590] [M]: 0x0000000080120C44 (0x00000013) addi zero, zero, 0x0
mem[X,0x0000000080120C48] -> 0x0013
mem[X,0x0000000080120C4A] -> 0x0000
[591] [M]: 0x0000000080120C48 (0x00000013) addi zero, zero, 0x0
mem[X,0x0000000080120C4C] -> 0x0013
mem[X,0x0000000080120C4E] -> 0x0000
[592] [M]: 0x0000000080120C4C (0x00000013) addi zero, zero, 0x0
mem[X,0x0000000080120C50] -> 0x0013
mem[X,0x0000000080120C52] -> 0x0000
[593] [M]: 0x0000000080120C50 (0x00000013) addi zero, zero, 0x0
mem[X,0x0000000080120C54] -> 0x0013
mem[X,0x0000000080120C56] -> 0x0000
[594] [M]: 0x0000000080120C54 (0x00000013) addi zero, zero, 0x0
mem[X,0x0000000080120C58] -> 0x0013
mem[X,0x0000000080120C5A] -> 0x0000
[595] [M]: 0x0000000080120C58 (0x00000013) addi zero, zero, 0x0
mem[X,0x0000000080120C5C] -> 0x0013
mem[X,0x0000000080120C5E] -> 0x0000
[596] [M]: 0x0000000080120C5C (0x00000013) addi zero, zero, 0x0
mem[X,0x0000000080120C60] -> 0x0617
mem[X,0x0000000080120C62] -> 0x0000
[597] [M]: 0x0000000080120C60 (0x00000617) auipc a2, 0x0
x12 <- 0x0000000080120C60
mem[X,0x0000000080120C64] -> 0x0613
mem[X,0x0000000080120C66] -> 0xF2C6
[598] [M]: 0x0000000080120C64 (0xF2C60613) addi a2, a2, -0xd4
x12 <- 0x0000000080120B8C
mem[X,0x0000000080120C68] -> 0x0013
mem[X,0x0000000080120C6A] -> 0x0000
[599] [M]: 0x0000000080120C68 (0x00000013) addi zero, zero, 0x0
clint::tick mtime <- 0x0000000000000006
 clint timer pending at mtime 0x0000000000000006
htif::tick 0x0000000000000000
mem[X,0x0000000080120C6C] -> 0x0013
mem[X,0x0000000080120C6E] -> 0x0000
[600] [M]: 0x0000000080120C6C (0x00000013) addi zero, zero, 0x0
mem[X,0x0000000080120C70] -> 0x0013
mem[X,0x0000000080120C72] -> 0x0000
[601] [M]: 0x0000000080120C70 (0x00000013) addi zero, zero, 0x0
mem[X,0x0000000080120C74] -> 0x0013
mem[X,0x0000000080120C76] -> 0x0000
[602] [M]: 0x0000000080120C74 (0x00000013) addi zero, zero, 0x0
mem[X,0x0000000080120C78] -> 0x0013
mem[X,0x0000000080120C7A] -> 0x0000
[603] [M]: 0x0000000080120C78 (0x00000013) addi zero, zero, 0x0
mem[X,0x0000000080120C7C] -> 0x0013
mem[X,0x0000000080120C7E] -> 0x0000
[604] [M]: 0x0000000080120C7C (0x00000013) addi zero, zero, 0x0
mem[X,0x0000000080120C80] -> 0x7613
mem[X,0x0000000080120C82] -> 0xFFC6
[605] [M]: 0x0000000080120C80 (0xFFC67613) andi a2, a2, -0x4
x12 <- 0x0000000080120B8C
mem[X,0x0000000080120C84] -> 0x8AB3
mem[X,0x0000000080120C86] -> 0x40CA
[606] [M]: 0x0000000080120C84 (0x40CA8AB3) sub s5, s5, a2
x21 <- 0x0000000000000087
mem[X,0x0000000080120C88] -> 0xB823
mem[X,0x0000000080120C8A] -> 0x0553
[607] [M]: 0x0000000080120C88 (0x0553B823) sd s5, 0x50(t2)
mem[0x0000000080125168] <- 0x0000000000000087
mem[X,0x0000000080120C8C] -> 0x0013
mem[X,0x0000000080120C8E] -> 0x0000
[608] [M]: 0x0000000080120C8C (0x00000013) addi zero, zero, 0x0
mem[X,0x0000000080120C90] -> 0x0013
mem[X,0x0000000080120C92] -> 0x0000
[609] [M]: 0x0000000080120C90 (0x00000013) addi zero, zero, 0x0
mem[X,0x0000000080120C94] -> 0x0013
mem[X,0x0000000080120C96] -> 0x0000
[610] [M]: 0x0000000080120C94 (0x00000013) addi zero, zero, 0x0
mem[X,0x0000000080120C98] -> 0x0013
mem[X,0x0000000080120C9A] -> 0x0000
[611] [M]: 0x0000000080120C98 (0x00000013) addi zero, zero, 0x0
mem[X,0x0000000080120C9C] -> 0x0013
mem[X,0x0000000080120C9E] -> 0x0000
[612] [M]: 0x0000000080120C9C (0x00000013) addi zero, zero, 0x0
mem[X,0x0000000080120CA0] -> 0x0617
mem[X,0x0000000080120CA2] -> 0x0000
[613] [M]: 0x0000000080120CA0 (0x00000617) auipc a2, 0x0
x12 <- 0x0000000080120CA0
mem[X,0x0000000080120CA4] -> 0x0613
mem[X,0x0000000080120CA6] -> 0x06C6
[614] [M]: 0x0000000080120CA4 (0x06C60613) addi a2, a2, 0x6c
x12 <- 0x0000000080120D0C
mem[X,0x0000000080120CA8] -> 0x0013
mem[X,0x0000000080120CAA] -> 0x0000
[615] [M]: 0x0000000080120CA8 (0x00000013) addi zero, zero, 0x0
mem[X,0x0000000080120CAC] -> 0x0013
mem[X,0x0000000080120CAE] -> 0x0000
[616] [M]: 0x0000000080120CAC (0x00000013) addi zero, zero, 0x0
mem[X,0x0000000080120CB0] -> 0x0013
mem[X,0x0000000080120CB2] -> 0x0000
[617] [M]: 0x0000000080120CB0 (0x00000013) addi zero, zero, 0x0
mem[X,0x0000000080120CB4] -> 0x0013
mem[X,0x0000000080120CB6] -> 0x0000
[618] [M]: 0x0000000080120CB4 (0x00000013) addi zero, zero, 0x0
mem[X,0x0000000080120CB8] -> 0x0013
mem[X,0x0000000080120CBA] -> 0x0000
[619] [M]: 0x0000000080120CB8 (0x00000013) addi zero, zero, 0x0
mem[X,0x0000000080120CBC] -> 0x0013
mem[X,0x0000000080120CBE] -> 0x0000
[620] [M]: 0x0000000080120CBC (0x00000013) addi zero, zero, 0x0
mem[X,0x0000000080120CC0] -> 0x0067
mem[X,0x0000000080120CC2] -> 0x0006
[621] [M]: 0x0000000080120CC0 (0x00060067) jalr zero, 0x0(a2)
mem[X,0x0000000080120D0C] -> 0x0F6F
mem[X,0x0000000080120D0E] -> 0x00C0
[622] [M]: 0x0000000080120D0C (0x00C00F6F) jal t5, 0xc
x30 <- 0x0000000080120D10
mem[X,0x0000000080120D18] -> 0x4F13
mem[X,0x0000000080120D1A] -> 0x003F
[623] [M]: 0x0000000080120D18 (0x003F4F13) xori t5, t5, 0x3
x30 <- 0x0000000080120D13
mem[X,0x0000000080120D1C] -> 0x0013
mem[X,0x0000000080120D1E] -> 0x0000
[624] [M]: 0x0000000080120D1C (0x00000013) addi zero, zero, 0x0
mem[X,0x0000000080120D20] -> 0x0617
mem[X,0x0000000080120D22] -> 0x0000
[625] [M]: 0x0000000080120D20 (0x00000617) auipc a2, 0x0
x12 <- 0x0000000080120D20
mem[X,0x0000000080120D24] -> 0x0613
mem[X,0x0000000080120D26] -> 0x0246
[626] [M]: 0x0000000080120D24 (0x02460613) addi a2, a2, 0x24
x12 <- 0x0000000080120D44
mem[X,0x0000000080120D28] -> 0x0013
mem[X,0x0000000080120D2A] -> 0x0000
[627] [M]: 0x0000000080120D28 (0x00000013) addi zero, zero, 0x0
mem[X,0x0000000080120D2C] -> 0x0013
mem[X,0x0000000080120D2E] -> 0x0000
[628] [M]: 0x0000000080120D2C (0x00000013) addi zero, zero, 0x0
mem[X,0x0000000080120D30] -> 0x0013
mem[X,0x0000000080120D32] -> 0x0000
[629] [M]: 0x0000000080120D30 (0x00000013) addi zero, zero, 0x0
mem[X,0x0000000080120D34] -> 0x0013
mem[X,0x0000000080120D36] -> 0x0000
[630] [M]: 0x0000000080120D34 (0x00000013) addi zero, zero, 0x0
mem[X,0x0000000080120D38] -> 0x0013
mem[X,0x0000000080120D3A] -> 0x0000
[631] [M]: 0x0000000080120D38 (0x00000013) addi zero, zero, 0x0
mem[X,0x0000000080120D3C] -> 0x0013
mem[X,0x0000000080120D3E] -> 0x0000
[632] [M]: 0x0000000080120D3C (0x00000013) addi zero, zero, 0x0
mem[X,0x0000000080120D40] -> 0x0067
mem[X,0x0000000080120D42] -> 0x0006
[633] [M]: 0x0000000080120D40 (0x00060067) jalr zero, 0x0(a2)
mem[X,0x0000000080120D44] -> 0x0013
mem[X,0x0000000080120D46] -> 0x0000
[634] [M]: 0x0000000080120D44 (0x00000013) addi zero, zero, 0x0
mem[X,0x0000000080120D48] -> 0x0013
mem[X,0x0000000080120D4A] -> 0x0000
[635] [M]: 0x0000000080120D48 (0x00000013) addi zero, zero, 0x0
mem[X,0x0000000080120D4C] -> 0x0013
mem[X,0x0000000080120D4E] -> 0x0000
[636] [M]: 0x0000000080120D4C (0x00000013) addi zero, zero, 0x0
mem[X,0x0000000080120D50] -> 0x0013
mem[X,0x0000000080120D52] -> 0x0000
[637] [M]: 0x0000000080120D50 (0x00000013) addi zero, zero, 0x0
mem[X,0x0000000080120D54] -> 0x0013
mem[X,0x0000000080120D56] -> 0x0000
[638] [M]: 0x0000000080120D54 (0x00000013) addi zero, zero, 0x0
mem[X,0x0000000080120D58] -> 0x0013
mem[X,0x0000000080120D5A] -> 0x0000
[639] [M]: 0x0000000080120D58 (0x00000013) addi zero, zero, 0x0
mem[X,0x0000000080120D5C] -> 0x0013
mem[X,0x0000000080120D5E] -> 0x0000
[640] [M]: 0x0000000080120D5C (0x00000013) addi zero, zero, 0x0
mem[X,0x0000000080120D60] -> 0x0617
mem[X,0x0000000080120D62] -> 0x0000
[641] [M]: 0x0000000080120D60 (0x00000617) auipc a2, 0x0
x12 <- 0x0000000080120D60
mem[X,0x0000000080120D64] -> 0x0613
mem[X,0x0000000080120D66] -> 0xF2C6
[642] [M]: 0x0000000080120D64 (0xF2C60613) addi a2, a2, -0xd4
x12 <- 0x0000000080120C8C
mem[X,0x0000000080120D68] -> 0x0013
mem[X,0x0000000080120D6A] -> 0x0000
[643] [M]: 0x0000000080120D68 (0x00000013) addi zero, zero, 0x0
mem[X,0x0000000080120D6C] -> 0x0013
mem[X,0x0000000080120D6E] -> 0x0000
[644] [M]: 0x0000000080120D6C (0x00000013) addi zero, zero, 0x0
mem[X,0x0000000080120D70] -> 0x0013
mem[X,0x0000000080120D72] -> 0x0000
[645] [M]: 0x0000000080120D70 (0x00000013) addi zero, zero, 0x0
mem[X,0x0000000080120D74] -> 0x0013
mem[X,0x0000000080120D76] -> 0x0000
[646] [M]: 0x0000000080120D74 (0x00000013) addi zero, zero, 0x0
mem[X,0x0000000080120D78] -> 0x0013
mem[X,0x0000000080120D7A] -> 0x0000
[647] [M]: 0x0000000080120D78 (0x00000013) addi zero, zero, 0x0
mem[X,0x0000000080120D7C] -> 0x0013
mem[X,0x0000000080120D7E] -> 0x0000
[648] [M]: 0x0000000080120D7C (0x00000013) addi zero, zero, 0x0
mem[X,0x0000000080120D80] -> 0x7613
mem[X,0x0000000080120D82] -> 0xFFC6
[649] [M]: 0x0000000080120D80 (0xFFC67613) andi a2, a2, -0x4
x12 <- 0x0000000080120C8C
mem[X,0x0000000080120D84] -> 0x0F33
mem[X,0x0000000080120D86] -> 0x40CF
[650] [M]: 0x0000000080120D84 (0x40CF0F33) sub t5, t5, a2
x30 <- 0x0000000000000087
mem[X,0x0000000080120D88] -> 0xBC23
mem[X,0x0000000080120D8A] -> 0x05E3
[651] [M]: 0x0000000080120D88 (0x05E3BC23) sd t5, 0x58(t2)
mem[0x0000000080125170] <- 0x0000000000000087
mem[X,0x0000000080120D8C] -> 0x0013
mem[X,0x0000000080120D8E] -> 0x0000
[652] [M]: 0x0000000080120D8C (0x00000013) addi zero, zero, 0x0
mem[X,0x0000000080120D90] -> 0x0013
mem[X,0x0000000080120D92] -> 0x0000
[653] [M]: 0x0000000080120D90 (0x00000013) addi zero, zero, 0x0
mem[X,0x0000000080120D94] -> 0x0013
mem[X,0x0000000080120D96] -> 0x0000
[654] [M]: 0x0000000080120D94 (0x00000013) addi zero, zero, 0x0
mem[X,0x0000000080120D98] -> 0x0013
mem[X,0x0000000080120D9A] -> 0x0000
[655] [M]: 0x0000000080120D98 (0x00000013) addi zero, zero, 0x0
mem[X,0x0000000080120D9C] -> 0x0013
mem[X,0x0000000080120D9E] -> 0x0000
[656] [M]: 0x0000000080120D9C (0x00000013) addi zero, zero, 0x0
mem[X,0x0000000080120DA0] -> 0x0617
mem[X,0x0000000080120DA2] -> 0x0000
[657] [M]: 0x0000000080120DA0 (0x00000617) auipc a2, 0x0
x12 <- 0x0000000080120DA0
mem[X,0x0000000080120DA4] -> 0x0613
mem[X,0x0000000080120DA6] -> 0x06C6
[658] [M]: 0x0000000080120DA4 (0x06C60613) addi a2, a2, 0x6c
x12 <- 0x0000000080120E0C
mem[X,0x0000000080120DA8] -> 0x0013
mem[X,0x0000000080120DAA] -> 0x0000
[659] [M]: 0x0000000080120DA8 (0x00000013) addi zero, zero, 0x0
mem[X,0x0000000080120DAC] -> 0x0013
mem[X,0x0000000080120DAE] -> 0x0000
[660] [M]: 0x0000000080120DAC (0x00000013) addi zero, zero, 0x0
mem[X,0x0000000080120DB0] -> 0x0013
mem[X,0x0000000080120DB2] -> 0x0000
[661] [M]: 0x0000000080120DB0 (0x00000013) addi zero, zero, 0x0
mem[X,0x0000000080120DB4] -> 0x0013
mem[X,0x0000000080120DB6] -> 0x0000
[662] [M]: 0x0000000080120DB4 (0x00000013) addi zero, zero, 0x0
mem[X,0x0000000080120DB8] -> 0x0013
mem[X,0x0000000080120DBA] -> 0x0000
[663] [M]: 0x0000000080120DB8 (0x00000013) addi zero, zero, 0x0
mem[X,0x0000000080120DBC] -> 0x0013
mem[X,0x0000000080120DBE] -> 0x0000
[664] [M]: 0x0000000080120DBC (0x00000013) addi zero, zero, 0x0
mem[X,0x0000000080120DC0] -> 0x0067
mem[X,0x0000000080120DC2] -> 0x0006
[665] [M]: 0x0000000080120DC0 (0x00060067) jalr zero, 0x0(a2)
mem[X,0x0000000080120E0C] -> 0x0DEF
mem[X,0x0000000080120E0E] -> 0x00C0
[666] [M]: 0x0000000080120E0C (0x00C00DEF) jal s11, 0xc
x27 <- 0x0000000080120E10
mem[X,0x0000000080120E18] -> 0xCD93
mem[X,0x0000000080120E1A] -> 0x003D
[667] [M]: 0x0000000080120E18 (0x003DCD93) xori s11, s11, 0x3
x27 <- 0x0000000080120E13
mem[X,0x0000000080120E1C] -> 0x0013
mem[X,0x0000000080120E1E] -> 0x0000
[668] [M]: 0x0000000080120E1C (0x00000013) addi zero, zero, 0x0
mem[X,0x0000000080120E20] -> 0x0617
mem[X,0x0000000080120E22] -> 0x0000
[669] [M]: 0x0000000080120E20 (0x00000617) auipc a2, 0x0
x12 <- 0x0000000080120E20
mem[X,0x0000000080120E24] -> 0x0613
mem[X,0x0000000080120E26] -> 0x0246
[670] [M]: 0x0000000080120E24 (0x02460613) addi a2, a2, 0x24
x12 <- 0x0000000080120E44
mem[X,0x0000000080120E28] -> 0x0013
mem[X,0x0000000080120E2A] -> 0x0000
[671] [M]: 0x0000000080120E28 (0x00000013) addi zero, zero, 0x0
mem[X,0x0000000080120E2C] -> 0x0013
mem[X,0x0000000080120E2E] -> 0x0000
[672] [M]: 0x0000000080120E2C (0x00000013) addi zero, zero, 0x0
mem[X,0x0000000080120E30] -> 0x0013
mem[X,0x0000000080120E32] -> 0x0000
[673] [M]: 0x0000000080120E30 (0x00000013) addi zero, zero, 0x0
mem[X,0x0000000080120E34] -> 0x0013
mem[X,0x0000000080120E36] -> 0x0000
[674] [M]: 0x0000000080120E34 (0x00000013) addi zero, zero, 0x0
mem[X,0x0000000080120E38] -> 0x0013
mem[X,0x0000000080120E3A] -> 0x0000
[675] [M]: 0x0000000080120E38 (0x00000013) addi zero, zero, 0x0
mem[X,0x0000000080120E3C] -> 0x0013
mem[X,0x0000000080120E3E] -> 0x0000
[676] [M]: 0x0000000080120E3C (0x00000013) addi zero, zero, 0x0
mem[X,0x0000000080120E40] -> 0x0067
mem[X,0x0000000080120E42] -> 0x0006
[677] [M]: 0x0000000080120E40 (0x00060067) jalr zero, 0x0(a2)
mem[X,0x0000000080120E44] -> 0x0013
mem[X,0x0000000080120E46] -> 0x0000
[678] [M]: 0x0000000080120E44 (0x00000013) addi zero, zero, 0x0
mem[X,0x0000000080120E48] -> 0x0013
mem[X,0x0000000080120E4A] -> 0x0000
[679] [M]: 0x0000000080120E48 (0x00000013) addi zero, zero, 0x0
mem[X,0x0000000080120E4C] -> 0x0013
mem[X,0x0000000080120E4E] -> 0x0000
[680] [M]: 0x0000000080120E4C (0x00000013) addi zero, zero, 0x0
mem[X,0x0000000080120E50] -> 0x0013
mem[X,0x0000000080120E52] -> 0x0000
[681] [M]: 0x0000000080120E50 (0x00000013) addi zero, zero, 0x0
mem[X,0x0000000080120E54] -> 0x0013
mem[X,0x0000000080120E56] -> 0x0000
[682] [M]: 0x0000000080120E54 (0x00000013) addi zero, zero, 0x0
mem[X,0x0000000080120E58] -> 0x0013
mem[X,0x0000000080120E5A] -> 0x0000
[683] [M]: 0x0000000080120E58 (0x00000013) addi zero, zero, 0x0
mem[X,0x0000000080120E5C] -> 0x0013
mem[X,0x0000000080120E5E] -> 0x0000
[684] [M]: 0x0000000080120E5C (0x00000013) addi zero, zero, 0x0
mem[X,0x0000000080120E60] -> 0x0617
mem[X,0x0000000080120E62] -> 0x0000
[685] [M]: 0x0000000080120E60 (0x00000617) auipc a2, 0x0
x12 <- 0x0000000080120E60
mem[X,0x0000000080120E64] -> 0x0613
mem[X,0x0000000080120E66] -> 0xF2C6
[686] [M]: 0x0000000080120E64 (0xF2C60613) addi a2, a2, -0xd4
x12 <- 0x0000000080120D8C
mem[X,0x0000000080120E68] -> 0x0013
mem[X,0x0000000080120E6A] -> 0x0000
[687] [M]: 0x0000000080120E68 (0x00000013) addi zero, zero, 0x0
mem[X,0x0000000080120E6C] -> 0x0013
mem[X,0x0000000080120E6E] -> 0x0000
[688] [M]: 0x0000000080120E6C (0x00000013) addi zero, zero, 0x0
mem[X,0x0000000080120E70] -> 0x0013
mem[X,0x0000000080120E72] -> 0x0000
[689] [M]: 0x0000000080120E70 (0x00000013) addi zero, zero, 0x0
mem[X,0x0000000080120E74] -> 0x0013
mem[X,0x0000000080120E76] -> 0x0000
[690] [M]: 0x0000000080120E74 (0x00000013) addi zero, zero, 0x0
mem[X,0x0000000080120E78] -> 0x0013
mem[X,0x0000000080120E7A] -> 0x0000
[691] [M]: 0x0000000080120E78 (0x00000013) addi zero, zero, 0x0
mem[X,0x0000000080120E7C] -> 0x0013
mem[X,0x0000000080120E7E] -> 0x0000
[692] [M]: 0x0000000080120E7C (0x00000013) addi zero, zero, 0x0
mem[X,0x0000000080120E80] -> 0x7613
mem[X,0x0000000080120E82] -> 0xFFC6
[693] [M]: 0x0000000080120E80 (0xFFC67613) andi a2, a2, -0x4
x12 <- 0x0000000080120D8C
mem[X,0x0000000080120E84] -> 0x8DB3
mem[X,0x0000000080120E86] -> 0x40CD
[694] [M]: 0x0000000080120E84 (0x40CD8DB3) sub s11, s11, a2
x27 <- 0x0000000000000087
mem[X,0x0000000080120E88] -> 0xB023
mem[X,0x0000000080120E8A] -> 0x07B3
[695] [M]: 0x0000000080120E88 (0x07B3B023) sd s11, 0x60(t2)
mem[0x0000000080125178] <- 0x0000000000000087
mem[X,0x0000000080120E8C] -> 0x0013
mem[X,0x0000000080120E8E] -> 0x0000
[696] [M]: 0x0000000080120E8C (0x00000013) addi zero, zero, 0x0
mem[X,0x0000000080120E90] -> 0x0013
mem[X,0x0000000080120E92] -> 0x0000
[697] [M]: 0x0000000080120E90 (0x00000013) addi zero, zero, 0x0
mem[X,0x0000000080120E94] -> 0x0013
mem[X,0x0000000080120E96] -> 0x0000
[698] [M]: 0x0000000080120E94 (0x00000013) addi zero, zero, 0x0
mem[X,0x0000000080120E98] -> 0x0013
mem[X,0x0000000080120E9A] -> 0x0000
[699] [M]: 0x0000000080120E98 (0x00000013) addi zero, zero, 0x0
clint::tick mtime <- 0x0000000000000007
 clint timer pending at mtime 0x0000000000000007
htif::tick 0x0000000000000000
mem[X,0x0000000080120E9C] -> 0x0013
mem[X,0x0000000080120E9E] -> 0x0000
[700] [M]: 0x0000000080120E9C (0x00000013) addi zero, zero, 0x0
mem[X,0x0000000080120EA0] -> 0x0617
mem[X,0x0000000080120EA2] -> 0x0000
[701] [M]: 0x0000000080120EA0 (0x00000617) auipc a2, 0x0
x12 <- 0x0000000080120EA0
mem[X,0x0000000080120EA4] -> 0x0613
mem[X,0x0000000080120EA6] -> 0x06C6
[702] [M]: 0x0000000080120EA4 (0x06C60613) addi a2, a2, 0x6c
x12 <- 0x0000000080120F0C
mem[X,0x0000000080120EA8] -> 0x0013
mem[X,0x0000000080120EAA] -> 0x0000
[703] [M]: 0x0000000080120EA8 (0x00000013) addi zero, zero, 0x0
mem[X,0x0000000080120EAC] -> 0x0013
mem[X,0x0000000080120EAE] -> 0x0000
[704] [M]: 0x0000000080120EAC (0x00000013) addi zero, zero, 0x0
mem[X,0x0000000080120EB0] -> 0x0013
mem[X,0x0000000080120EB2] -> 0x0000
[705] [M]: 0x0000000080120EB0 (0x00000013) addi zero, zero, 0x0
mem[X,0x0000000080120EB4] -> 0x0013
mem[X,0x0000000080120EB6] -> 0x0000
[706] [M]: 0x0000000080120EB4 (0x00000013) addi zero, zero, 0x0
mem[X,0x0000000080120EB8] -> 0x0013
mem[X,0x0000000080120EBA] -> 0x0000
[707] [M]: 0x0000000080120EB8 (0x00000013) addi zero, zero, 0x0
mem[X,0x0000000080120EBC] -> 0x0013
mem[X,0x0000000080120EBE] -> 0x0000
[708] [M]: 0x0000000080120EBC (0x00000013) addi zero, zero, 0x0
mem[X,0x0000000080120EC0] -> 0x0067
mem[X,0x0000000080120EC2] -> 0x0006
[709] [M]: 0x0000000080120EC0 (0x00060067) jalr zero, 0x0(a2)
mem[X,0x0000000080120F0C] -> 0x0BEF
mem[X,0x0000000080120F0E] -> 0x00C0
[710] [M]: 0x0000000080120F0C (0x00C00BEF) jal s7, 0xc
x23 <- 0x0000000080120F10
mem[X,0x0000000080120F18] -> 0xCB93
mem[X,0x0000000080120F1A] -> 0x003B
[711] [M]: 0x0000000080120F18 (0x003BCB93) xori s7, s7, 0x3
x23 <- 0x0000000080120F13
mem[X,0x0000000080120F1C] -> 0x0013
mem[X,0x0000000080120F1E] -> 0x0000
[712] [M]: 0x0000000080120F1C (0x00000013) addi zero, zero, 0x0
mem[X,0x0000000080120F20] -> 0x0617
mem[X,0x0000000080120F22] -> 0x0000
[713] [M]: 0x0000000080120F20 (0x00000617) auipc a2, 0x0
x12 <- 0x0000000080120F20
mem[X,0x0000000080120F24] -> 0x0613
mem[X,0x0000000080120F26] -> 0x0246
[714] [M]: 0x0000000080120F24 (0x02460613) addi a2, a2, 0x24
x12 <- 0x0000000080120F44
mem[X,0x0000000080120F28] -> 0x0013
mem[X,0x0000000080120F2A] -> 0x0000
[715] [M]: 0x0000000080120F28 (0x00000013) addi zero, zero, 0x0
mem[X,0x0000000080120F2C] -> 0x0013
mem[X,0x0000000080120F2E] -> 0x0000
[716] [M]: 0x0000000080120F2C (0x00000013) addi zero, zero, 0x0
mem[X,0x0000000080120F30] -> 0x0013
mem[X,0x0000000080120F32] -> 0x0000
[717] [M]: 0x0000000080120F30 (0x00000013) addi zero, zero, 0x0
mem[X,0x0000000080120F34] -> 0x0013
mem[X,0x0000000080120F36] -> 0x0000
[718] [M]: 0x0000000080120F34 (0x00000013) addi zero, zero, 0x0
mem[X,0x0000000080120F38] -> 0x0013
mem[X,0x0000000080120F3A] -> 0x0000
[719] [M]: 0x0000000080120F38 (0x00000013) addi zero, zero, 0x0
mem[X,0x0000000080120F3C] -> 0x0013
mem[X,0x0000000080120F3E] -> 0x0000
[720] [M]: 0x0000000080120F3C (0x00000013) addi zero, zero, 0x0
mem[X,0x0000000080120F40] -> 0x0067
mem[X,0x0000000080120F42] -> 0x0006
[721] [M]: 0x0000000080120F40 (0x00060067) jalr zero, 0x0(a2)
mem[X,0x0000000080120F44] -> 0x0013
mem[X,0x0000000080120F46] -> 0x0000
[722] [M]: 0x0000000080120F44 (0x00000013) addi zero, zero, 0x0
mem[X,0x0000000080120F48] -> 0x0013
mem[X,0x0000000080120F4A] -> 0x0000
[723] [M]: 0x0000000080120F48 (0x00000013) addi zero, zero, 0x0
mem[X,0x0000000080120F4C] -> 0x0013
mem[X,0x0000000080120F4E] -> 0x0000
[724] [M]: 0x0000000080120F4C (0x00000013) addi zero, zero, 0x0
mem[X,0x0000000080120F50] -> 0x0013
mem[X,0x0000000080120F52] -> 0x0000
[725] [M]: 0x0000000080120F50 (0x00000013) addi zero, zero, 0x0
mem[X,0x0000000080120F54] -> 0x0013
mem[X,0x0000000080120F56] -> 0x0000
[726] [M]: 0x0000000080120F54 (0x00000013) addi zero, zero, 0x0
mem[X,0x0000000080120F58] -> 0x0013
mem[X,0x0000000080120F5A] -> 0x0000
[727] [M]: 0x0000000080120F58 (0x00000013) addi zero, zero, 0x0
mem[X,0x0000000080120F5C] -> 0x0013
mem[X,0x0000000080120F5E] -> 0x0000
[728] [M]: 0x0000000080120F5C (0x00000013) addi zero, zero, 0x0
mem[X,0x0000000080120F60] -> 0x0617
mem[X,0x0000000080120F62] -> 0x0000
[729] [M]: 0x0000000080120F60 (0x00000617) auipc a2, 0x0
x12 <- 0x0000000080120F60
mem[X,0x0000000080120F64] -> 0x0613
mem[X,0x0000000080120F66] -> 0xF2C6
[730] [M]: 0x0000000080120F64 (0xF2C60613) addi a2, a2, -0xd4
x12 <- 0x0000000080120E8C
mem[X,0x0000000080120F68] -> 0x0013
mem[X,0x0000000080120F6A] -> 0x0000
[731] [M]: 0x0000000080120F68 (0x00000013) addi zero, zero, 0x0
mem[X,0x0000000080120F6C] -> 0x0013
mem[X,0x0000000080120F6E] -> 0x0000
[732] [M]: 0x0000000080120F6C (0x00000013) addi zero, zero, 0x0
mem[X,0x0000000080120F70] -> 0x0013
mem[X,0x0000000080120F72] -> 0x0000
[733] [M]: 0x0000000080120F70 (0x00000013) addi zero, zero, 0x0
mem[X,0x0000000080120F74] -> 0x0013
mem[X,0x0000000080120F76] -> 0x0000
[734] [M]: 0x0000000080120F74 (0x00000013) addi zero, zero, 0x0
mem[X,0x0000000080120F78] -> 0x0013
mem[X,0x0000000080120F7A] -> 0x0000
[735] [M]: 0x0000000080120F78 (0x00000013) addi zero, zero, 0x0
mem[X,0x0000000080120F7C] -> 0x0013
mem[X,0x0000000080120F7E] -> 0x0000
[736] [M]: 0x0000000080120F7C (0x00000013) addi zero, zero, 0x0
mem[X,0x0000000080120F80] -> 0x7613
mem[X,0x0000000080120F82] -> 0xFFC6
[737] [M]: 0x0000000080120F80 (0xFFC67613) andi a2, a2, -0x4
x12 <- 0x0000000080120E8C
mem[X,0x0000000080120F84] -> 0x8BB3
mem[X,0x0000000080120F86] -> 0x40CB
[738] [M]: 0x0000000080120F84 (0x40CB8BB3) sub s7, s7, a2
x23 <- 0x0000000000000087
mem[X,0x0000000080120F88] -> 0xB423
mem[X,0x0000000080120F8A] -> 0x0773
[739] [M]: 0x0000000080120F88 (0x0773B423) sd s7, 0x68(t2)
mem[0x0000000080125180] <- 0x0000000000000087
mem[X,0x0000000080120F8C] -> 0x0013
mem[X,0x0000000080120F8E] -> 0x0000
[740] [M]: 0x0000000080120F8C (0x00000013) addi zero, zero, 0x0
mem[X,0x0000000080120F90] -> 0x0013
mem[X,0x0000000080120F92] -> 0x0000
[741] [M]: 0x0000000080120F90 (0x00000013) addi zero, zero, 0x0
mem[X,0x0000000080120F94] -> 0x0013
mem[X,0x0000000080120F96] -> 0x0000
[742] [M]: 0x0000000080120F94 (0x00000013) addi zero, zero, 0x0
mem[X,0x0000000080120F98] -> 0x0013
mem[X,0x0000000080120F9A] -> 0x0000
[743] [M]: 0x0000000080120F98 (0x00000013) addi zero, zero, 0x0
mem[X,0x0000000080120F9C] -> 0x0013
mem[X,0x0000000080120F9E] -> 0x0000
[744] [M]: 0x0000000080120F9C (0x00000013) addi zero, zero, 0x0
mem[X,0x0000000080120FA0] -> 0x0617
mem[X,0x0000000080120FA2] -> 0x0000
[745] [M]: 0x0000000080120FA0 (0x00000617) auipc a2, 0x0
x12 <- 0x0000000080120FA0
mem[X,0x0000000080120FA4] -> 0x0613
mem[X,0x0000000080120FA6] -> 0x06C6
[746] [M]: 0x0000000080120FA4 (0x06C60613) addi a2, a2, 0x6c
x12 <- 0x000000008012100C
mem[X,0x0000000080120FA8] -> 0x0013
mem[X,0x0000000080120FAA] -> 0x0000
[747] [M]: 0x0000000080120FA8 (0x00000013) addi zero, zero, 0x0
mem[X,0x0000000080120FAC] -> 0x0013
mem[X,0x0000000080120FAE] -> 0x0000
[748] [M]: 0x0000000080120FAC (0x00000013) addi zero, zero, 0x0
mem[X,0x0000000080120FB0] -> 0x0013
mem[X,0x0000000080120FB2] -> 0x0000
[749] [M]: 0x0000000080120FB0 (0x00000013) addi zero, zero, 0x0
mem[X,0x0000000080120FB4] -> 0x0013
mem[X,0x0000000080120FB6] -> 0x0000
[750] [M]: 0x0000000080120FB4 (0x00000013) addi zero, zero, 0x0
mem[X,0x0000000080120FB8] -> 0x0013
mem[X,0x0000000080120FBA] -> 0x0000
[751] [M]: 0x0000000080120FB8 (0x00000013) addi zero, zero, 0x0
mem[X,0x0000000080120FBC] -> 0x0013
mem[X,0x0000000080120FBE] -> 0x0000
[752] [M]: 0x0000000080120FBC (0x00000013) addi zero, zero, 0x0
mem[X,0x0000000080120FC0] -> 0x0067
mem[X,0x0000000080120FC2] -> 0x0006
[753] [M]: 0x0000000080120FC0 (0x00060067) jalr zero, 0x0(a2)
mem[X,0x000000008012100C] -> 0x02EF
mem[X,0x000000008012100E] -> 0x00C0
[754] [M]: 0x000000008012100C (0x00C002EF) jal t0, 0xc
x5 <- 0x0000000080121010
mem[X,0x0000000080121018] -> 0xC293
mem[X,0x000000008012101A] -> 0x0032
[755] [M]: 0x0000000080121018 (0x0032C293) xori t0, t0, 0x3
x5 <- 0x0000000080121013
mem[X,0x000000008012101C] -> 0x0013
mem[X,0x000000008012101E] -> 0x0000
[756] [M]: 0x000000008012101C (0x00000013) addi zero, zero, 0x0
mem[X,0x0000000080121020] -> 0x0617
mem[X,0x0000000080121022] -> 0x0000
[757] [M]: 0x0000000080121020 (0x00000617) auipc a2, 0x0
x12 <- 0x0000000080121020
mem[X,0x0000000080121024] -> 0x0613
mem[X,0x0000000080121026] -> 0x0246
[758] [M]: 0x0000000080121024 (0x02460613) addi a2, a2, 0x24
x12 <- 0x0000000080121044
mem[X,0x0000000080121028] -> 0x0013
mem[X,0x000000008012102A] -> 0x0000
[759] [M]: 0x0000000080121028 (0x00000013) addi zero, zero, 0x0
mem[X,0x000000008012102C] -> 0x0013
mem[X,0x000000008012102E] -> 0x0000
[760] [M]: 0x000000008012102C (0x00000013) addi zero, zero, 0x0
mem[X,0x0000000080121030] -> 0x0013
mem[X,0x0000000080121032] -> 0x0000
[761] [M]: 0x0000000080121030 (0x00000013) addi zero, zero, 0x0
mem[X,0x0000000080121034] -> 0x0013
mem[X,0x0000000080121036] -> 0x0000
[762] [M]: 0x0000000080121034 (0x00000013) addi zero, zero, 0x0
mem[X,0x0000000080121038] -> 0x0013
mem[X,0x000000008012103A] -> 0x0000
[763] [M]: 0x0000000080121038 (0x00000013) addi zero, zero, 0x0
mem[X,0x000000008012103C] -> 0x0013
mem[X,0x000000008012103E] -> 0x0000
[764] [M]: 0x000000008012103C (0x00000013) addi zero, zero, 0x0
mem[X,0x0000000080121040] -> 0x0067
mem[X,0x0000000080121042] -> 0x0006
[765] [M]: 0x0000000080121040 (0x00060067) jalr zero, 0x0(a2)
mem[X,0x0000000080121044] -> 0x0013
mem[X,0x0000000080121046] -> 0x0000
[766] [M]: 0x0000000080121044 (0x00000013) addi zero, zero, 0x0
mem[X,0x0000000080121048] -> 0x0013
mem[X,0x000000008012104A] -> 0x0000
[767] [M]: 0x0000000080121048 (0x00000013) addi zero, zero, 0x0
mem[X,0x000000008012104C] -> 0x0013
mem[X,0x000000008012104E] -> 0x0000
[768] [M]: 0x000000008012104C (0x00000013) addi zero, zero, 0x0
mem[X,0x0000000080121050] -> 0x0013
mem[X,0x0000000080121052] -> 0x0000
[769] [M]: 0x0000000080121050 (0x00000013) addi zero, zero, 0x0
mem[X,0x0000000080121054] -> 0x0013
mem[X,0x0000000080121056] -> 0x0000
[770] [M]: 0x0000000080121054 (0x00000013) addi zero, zero, 0x0
mem[X,0x0000000080121058] -> 0x0013
mem[X,0x000000008012105A] -> 0x0000
[771] [M]: 0x0000000080121058 (0x00000013) addi zero, zero, 0x0
mem[X,0x000000008012105C] -> 0x0013
mem[X,0x000000008012105E] -> 0x0000
[772] [M]: 0x000000008012105C (0x00000013) addi zero, zero, 0x0
mem[X,0x0000000080121060] -> 0x0617
mem[X,0x0000000080121062] -> 0x0000
[773] [M]: 0x0000000080121060 (0x00000617) auipc a2, 0x0
x12 <- 0x0000000080121060
mem[X,0x0000000080121064] -> 0x0613
mem[X,0x0000000080121066] -> 0xF2C6
[774] [M]: 0x0000000080121064 (0xF2C60613) addi a2, a2, -0xd4
x12 <- 0x0000000080120F8C
mem[X,0x0000000080121068] -> 0x0013
mem[X,0x000000008012106A] -> 0x0000
[775] [M]: 0x0000000080121068 (0x00000013) addi zero, zero, 0x0
mem[X,0x000000008012106C] -> 0x0013
mem[X,0x000000008012106E] -> 0x0000
[776] [M]: 0x000000008012106C (0x00000013) addi zero, zero, 0x0
mem[X,0x0000000080121070] -> 0x0013
mem[X,0x0000000080121072] -> 0x0000
[777] [M]: 0x0000000080121070 (0x00000013) addi zero, zero, 0x0
mem[X,0x0000000080121074] -> 0x0013
mem[X,0x0000000080121076] -> 0x0000
[778] [M]: 0x0000000080121074 (0x00000013) addi zero, zero, 0x0
mem[X,0x0000000080121078] -> 0x0013
mem[X,0x000000008012107A] -> 0x0000
[779] [M]: 0x0000000080121078 (0x00000013) addi zero, zero, 0x0
mem[X,0x000000008012107C] -> 0x0013
mem[X,0x000000008012107E] -> 0x0000
[780] [M]: 0x000000008012107C (0x00000013) addi zero, zero, 0x0
mem[X,0x0000000080121080] -> 0x7613
mem[X,0x0000000080121082] -> 0xFFC6
[781] [M]: 0x0000000080121080 (0xFFC67613) andi a2, a2, -0x4
x12 <- 0x0000000080120F8C
mem[X,0x0000000080121084] -> 0x82B3
mem[X,0x0000000080121086] -> 0x40C2
[782] [M]: 0x0000000080121084 (0x40C282B3) sub t0, t0, a2
x5 <- 0x0000000000000087
mem[X,0x0000000080121088] -> 0xB823
mem[X,0x000000008012108A] -> 0x0653
[783] [M]: 0x0000000080121088 (0x0653B823) sd t0, 0x70(t2)
mem[0x0000000080125188] <- 0x0000000000000087
mem[X,0x000000008012108C] -> 0x0013
mem[X,0x000000008012108E] -> 0x0000
[784] [M]: 0x000000008012108C (0x00000013) addi zero, zero, 0x0
mem[X,0x0000000080121090] -> 0x0013
mem[X,0x0000000080121092] -> 0x0000
[785] [M]: 0x0000000080121090 (0x00000013) addi zero, zero, 0x0
mem[X,0x0000000080121094] -> 0x0013
mem[X,0x0000000080121096] -> 0x0000
[786] [M]: 0x0000000080121094 (0x00000013) addi zero, zero, 0x0
mem[X,0x0000000080121098] -> 0x0013
mem[X,0x000000008012109A] -> 0x0000
[787] [M]: 0x0000000080121098 (0x00000013) addi zero, zero, 0x0
mem[X,0x000000008012109C] -> 0x0013
mem[X,0x000000008012109E] -> 0x0000
[788] [M]: 0x000000008012109C (0x00000013) addi zero, zero, 0x0
mem[X,0x00000000801210A0] -> 0x0617
mem[X,0x00000000801210A2] -> 0x0000
[789] [M]: 0x00000000801210A0 (0x00000617) auipc a2, 0x0
x12 <- 0x00000000801210A0
mem[X,0x00000000801210A4] -> 0x0613
mem[X,0x00000000801210A6] -> 0x06C6
[790] [M]: 0x00000000801210A4 (0x06C60613) addi a2, a2, 0x6c
x12 <- 0x000000008012110C
mem[X,0x00000000801210A8] -> 0x0013
mem[X,0x00000000801210AA] -> 0x0000
[791] [M]: 0x00000000801210A8 (0x00000013) addi zero, zero, 0x0
mem[X,0x00000000801210AC] -> 0x0013
mem[X,0x00000000801210AE] -> 0x0000
[792] [M]: 0x00000000801210AC (0x00000013) addi zero, zero, 0x0
mem[X,0x00000000801210B0] -> 0x0013
mem[X,0x00000000801210B2] -> 0x0000
[793] [M]: 0x00000000801210B0 (0x00000013) addi zero, zero, 0x0
mem[X,0x00000000801210B4] -> 0x0013
mem[X,0x00000000801210B6] -> 0x0000
[794] [M]: 0x00000000801210B4 (0x00000013) addi zero, zero, 0x0
mem[X,0x00000000801210B8] -> 0x0013
mem[X,0x00000000801210BA] -> 0x0000
[795] [M]: 0x00000000801210B8 (0x00000013) addi zero, zero, 0x0
mem[X,0x00000000801210BC] -> 0x0013
mem[X,0x00000000801210BE] -> 0x0000
[796] [M]: 0x00000000801210BC (0x00000013) addi zero, zero, 0x0
mem[X,0x00000000801210C0] -> 0x0067
mem[X,0x00000000801210C2] -> 0x0006
[797] [M]: 0x00000000801210C0 (0x00060067) jalr zero, 0x0(a2)
mem[X,0x000000008012110C] -> 0x04EF
mem[X,0x000000008012110E] -> 0x00C0
[798] [M]: 0x000000008012110C (0x00C004EF) jal s1, 0xc
x9 <- 0x0000000080121110
mem[X,0x0000000080121118] -> 0xC493
mem[X,0x000000008012111A] -> 0x0034
[799] [M]: 0x0000000080121118 (0x0034C493) xori s1, s1, 0x3
x9 <- 0x0000000080121113
clint::tick mtime <- 0x0000000000000008
 clint timer pending at mtime 0x0000000000000008
htif::tick 0x0000000000000000
mem[X,0x000000008012111C] -> 0x0013
mem[X,0x000000008012111E] -> 0x0000
[800] [M]: 0x000000008012111C (0x00000013) addi zero, zero, 0x0
mem[X,0x0000000080121120] -> 0x0617
mem[X,0x0000000080121122] -> 0x0000
[801] [M]: 0x0000000080121120 (0x00000617) auipc a2, 0x0
x12 <- 0x0000000080121120
mem[X,0x0000000080121124] -> 0x0613
mem[X,0x0000000080121126] -> 0x0246
[802] [M]: 0x0000000080121124 (0x02460613) addi a2, a2, 0x24
x12 <- 0x0000000080121144
mem[X,0x0000000080121128] -> 0x0013
mem[X,0x000000008012112A] -> 0x0000
[803] [M]: 0x0000000080121128 (0x00000013) addi zero, zero, 0x0
mem[X,0x000000008012112C] -> 0x0013
mem[X,0x000000008012112E] -> 0x0000
[804] [M]: 0x000000008012112C (0x00000013) addi zero, zero, 0x0
mem[X,0x0000000080121130] -> 0x0013
mem[X,0x0000000080121132] -> 0x0000
[805] [M]: 0x0000000080121130 (0x00000013) addi zero, zero, 0x0
mem[X,0x0000000080121134] -> 0x0013
mem[X,0x0000000080121136] -> 0x0000
[806] [M]: 0x0000000080121134 (0x00000013) addi zero, zero, 0x0
mem[X,0x0000000080121138] -> 0x0013
mem[X,0x000000008012113A] -> 0x0000
[807] [M]: 0x0000000080121138 (0x00000013) addi zero, zero, 0x0
mem[X,0x000000008012113C] -> 0x0013
mem[X,0x000000008012113E] -> 0x0000
[808] [M]: 0x000000008012113C (0x00000013) addi zero, zero, 0x0
mem[X,0x0000000080121140] -> 0x0067
mem[X,0x0000000080121142] -> 0x0006
[809] [M]: 0x0000000080121140 (0x00060067) jalr zero, 0x0(a2)
mem[X,0x0000000080121144] -> 0x0013
mem[X,0x0000000080121146] -> 0x0000
[810] [M]: 0x0000000080121144 (0x00000013) addi zero, zero, 0x0
mem[X,0x0000000080121148] -> 0x0013
mem[X,0x000000008012114A] -> 0x0000
[811] [M]: 0x0000000080121148 (0x00000013) addi zero, zero, 0x0
mem[X,0x000000008012114C] -> 0x0013
mem[X,0x000000008012114E] -> 0x0000
[812] [M]: 0x000000008012114C (0x00000013) addi zero, zero, 0x0
mem[X,0x0000000080121150] -> 0x0013
mem[X,0x0000000080121152] -> 0x0000
[813] [M]: 0x0000000080121150 (0x00000013) addi zero, zero, 0x0
mem[X,0x0000000080121154] -> 0x0013
mem[X,0x0000000080121156] -> 0x0000
[814] [M]: 0x0000000080121154 (0x00000013) addi zero, zero, 0x0
mem[X,0x0000000080121158] -> 0x0013
mem[X,0x000000008012115A] -> 0x0000
[815] [M]: 0x0000000080121158 (0x00000013) addi zero, zero, 0x0
mem[X,0x000000008012115C] -> 0x0013
mem[X,0x000000008012115E] -> 0x0000
[816] [M]: 0x000000008012115C (0x00000013) addi zero, zero, 0x0
mem[X,0x0000000080121160] -> 0x0617
mem[X,0x0000000080121162] -> 0x0000
[817] [M]: 0x0000000080121160 (0x00000617) auipc a2, 0x0
x12 <- 0x0000000080121160
mem[X,0x0000000080121164] -> 0x0613
mem[X,0x0000000080121166] -> 0xF2C6
[818] [M]: 0x0000000080121164 (0xF2C60613) addi a2, a2, -0xd4
x12 <- 0x000000008012108C
mem[X,0x0000000080121168] -> 0x0013
mem[X,0x000000008012116A] -> 0x0000
[819] [M]: 0x0000000080121168 (0x00000013) addi zero, zero, 0x0
mem[X,0x000000008012116C] -> 0x0013
mem[X,0x000000008012116E] -> 0x0000
[820] [M]: 0x000000008012116C (0x00000013) addi zero, zero, 0x0
mem[X,0x0000000080121170] -> 0x0013
mem[X,0x0000000080121172] -> 0x0000
[821] [M]: 0x0000000080121170 (0x00000013) addi zero, zero, 0x0
mem[X,0x0000000080121174] -> 0x0013
mem[X,0x0000000080121176] -> 0x0000
[822] [M]: 0x0000000080121174 (0x00000013) addi zero, zero, 0x0
mem[X,0x0000000080121178] -> 0x0013
mem[X,0x000000008012117A] -> 0x0000
[823] [M]: 0x0000000080121178 (0x00000013) addi zero, zero, 0x0
mem[X,0x000000008012117C] -> 0x0013
mem[X,0x000000008012117E] -> 0x0000
[824] [M]: 0x000000008012117C (0x00000013) addi zero, zero, 0x0
mem[X,0x0000000080121180] -> 0x7613
mem[X,0x0000000080121182] -> 0xFFC6
[825] [M]: 0x0000000080121180 (0xFFC67613) andi a2, a2, -0x4
x12 <- 0x000000008012108C
mem[X,0x0000000080121184] -> 0x84B3
mem[X,0x0000000080121186] -> 0x40C4
[826] [M]: 0x0000000080121184 (0x40C484B3) sub s1, s1, a2
x9 <- 0x0000000000000087
mem[X,0x0000000080121188] -> 0xBC23
mem[X,0x000000008012118A] -> 0x0693
[827] [M]: 0x0000000080121188 (0x0693BC23) sd s1, 0x78(t2)
mem[0x0000000080125190] <- 0x0000000000000087
mem[X,0x000000008012118C] -> 0x0013
mem[X,0x000000008012118E] -> 0x0000
[828] [M]: 0x000000008012118C (0x00000013) addi zero, zero, 0x0
mem[X,0x0000000080121190] -> 0x0013
mem[X,0x0000000080121192] -> 0x0000
[829] [M]: 0x0000000080121190 (0x00000013) addi zero, zero, 0x0
mem[X,0x0000000080121194] -> 0x0013
mem[X,0x0000000080121196] -> 0x0000
[830] [M]: 0x0000000080121194 (0x00000013) addi zero, zero, 0x0
mem[X,0x0000000080121198] -> 0x0013
mem[X,0x000000008012119A] -> 0x0000
[831] [M]: 0x0000000080121198 (0x00000013) addi zero, zero, 0x0
mem[X,0x000000008012119C] -> 0x0013
mem[X,0x000000008012119E] -> 0x0000
[832] [M]: 0x000000008012119C (0x00000013) addi zero, zero, 0x0
mem[X,0x00000000801211A0] -> 0x0617
mem[X,0x00000000801211A2] -> 0x0000
[833] [M]: 0x00000000801211A0 (0x00000617) auipc a2, 0x0
x12 <- 0x00000000801211A0
mem[X,0x00000000801211A4] -> 0x0613
mem[X,0x00000000801211A6] -> 0x06C6
[834] [M]: 0x00000000801211A4 (0x06C60613) addi a2, a2, 0x6c
x12 <- 0x000000008012120C
mem[X,0x00000000801211A8] -> 0x0013
mem[X,0x00000000801211AA] -> 0x0000
[835] [M]: 0x00000000801211A8 (0x00000013) addi zero, zero, 0x0
mem[X,0x00000000801211AC] -> 0x0013
mem[X,0x00000000801211AE] -> 0x0000
[836] [M]: 0x00000000801211AC (0x00000013) addi zero, zero, 0x0
mem[X,0x00000000801211B0] -> 0x0013
mem[X,0x00000000801211B2] -> 0x0000
[837] [M]: 0x00000000801211B0 (0x00000013) addi zero, zero, 0x0
mem[X,0x00000000801211B4] -> 0x0013
mem[X,0x00000000801211B6] -> 0x0000
[838] [M]: 0x00000000801211B4 (0x00000013) addi zero, zero, 0x0
mem[X,0x00000000801211B8] -> 0x0013
mem[X,0x00000000801211BA] -> 0x0000
[839] [M]: 0x00000000801211B8 (0x00000013) addi zero, zero, 0x0
mem[X,0x00000000801211BC] -> 0x0013
mem[X,0x00000000801211BE] -> 0x0000
[840] [M]: 0x00000000801211BC (0x00000013) addi zero, zero, 0x0
mem[X,0x00000000801211C0] -> 0x0067
mem[X,0x00000000801211C2] -> 0x0006
[841] [M]: 0x00000000801211C0 (0x00060067) jalr zero, 0x0(a2)
mem[X,0x000000008012120C] -> 0x01EF
mem[X,0x000000008012120E] -> 0x00C0
[842] [M]: 0x000000008012120C (0x00C001EF) jal gp, 0xc
x3 <- 0x0000000080121210
mem[X,0x0000000080121218] -> 0xC193
mem[X,0x000000008012121A] -> 0x0031
[843] [M]: 0x0000000080121218 (0x0031C193) xori gp, gp, 0x3
x3 <- 0x0000000080121213
mem[X,0x000000008012121C] -> 0x0013
mem[X,0x000000008012121E] -> 0x0000
[844] [M]: 0x000000008012121C (0x00000013) addi zero, zero, 0x0
mem[X,0x0000000080121220] -> 0x0617
mem[X,0x0000000080121222] -> 0x0000
[845] [M]: 0x0000000080121220 (0x00000617) auipc a2, 0x0
x12 <- 0x0000000080121220
mem[X,0x0000000080121224] -> 0x0613
mem[X,0x0000000080121226] -> 0x0246
[846] [M]: 0x0000000080121224 (0x02460613) addi a2, a2, 0x24
x12 <- 0x0000000080121244
mem[X,0x0000000080121228] -> 0x0013
mem[X,0x000000008012122A] -> 0x0000
[847] [M]: 0x0000000080121228 (0x00000013) addi zero, zero, 0x0
mem[X,0x000000008012122C] -> 0x0013
mem[X,0x000000008012122E] -> 0x0000
[848] [M]: 0x000000008012122C (0x00000013) addi zero, zero, 0x0
mem[X,0x0000000080121230] -> 0x0013
mem[X,0x0000000080121232] -> 0x0000
[849] [M]: 0x0000000080121230 (0x00000013) addi zero, zero, 0x0
mem[X,0x0000000080121234] -> 0x0013
mem[X,0x0000000080121236] -> 0x0000
[850] [M]: 0x0000000080121234 (0x00000013) addi zero, zero, 0x0
mem[X,0x0000000080121238] -> 0x0013
mem[X,0x000000008012123A] -> 0x0000
[851] [M]: 0x0000000080121238 (0x00000013) addi zero, zero, 0x0
mem[X,0x000000008012123C] -> 0x0013
mem[X,0x000000008012123E] -> 0x0000
[852] [M]: 0x000000008012123C (0x00000013) addi zero, zero, 0x0
mem[X,0x0000000080121240] -> 0x0067
mem[X,0x0000000080121242] -> 0x0006
[853] [M]: 0x0000000080121240 (0x00060067) jalr zero, 0x0(a2)
mem[X,0x0000000080121244] -> 0x0013
mem[X,0x0000000080121246] -> 0x0000
[854] [M]: 0x0000000080121244 (0x00000013) addi zero, zero, 0x0
mem[X,0x0000000080121248] -> 0x0013
mem[X,0x000000008012124A] -> 0x0000
[855] [M]: 0x0000000080121248 (0x00000013) addi zero, zero, 0x0
mem[X,0x000000008012124C] -> 0x0013
mem[X,0x000000008012124E] -> 0x0000
[856] [M]: 0x000000008012124C (0x00000013) addi zero, zero, 0x0
mem[X,0x0000000080121250] -> 0x0013
mem[X,0x0000000080121252] -> 0x0000
[857] [M]: 0x0000000080121250 (0x00000013) addi zero, zero, 0x0
mem[X,0x0000000080121254] -> 0x0013
mem[X,0x0000000080121256] -> 0x0000
[858] [M]: 0x0000000080121254 (0x00000013) addi zero, zero, 0x0
mem[X,0x0000000080121258] -> 0x0013
mem[X,0x000000008012125A] -> 0x0000
[859] [M]: 0x0000000080121258 (0x00000013) addi zero, zero, 0x0
mem[X,0x000000008012125C] -> 0x0013
mem[X,0x000000008012125E] -> 0x0000
[860] [M]: 0x000000008012125C (0x00000013) addi zero, zero, 0x0
mem[X,0x0000000080121260] -> 0x0617
mem[X,0x0000000080121262] -> 0x0000
[861] [M]: 0x0000000080121260 (0x00000617) auipc a2, 0x0
x12 <- 0x0000000080121260
mem[X,0x0000000080121264] -> 0x0613
mem[X,0x0000000080121266] -> 0xF2C6
[862] [M]: 0x0000000080121264 (0xF2C60613) addi a2, a2, -0xd4
x12 <- 0x000000008012118C
mem[X,0x0000000080121268] -> 0x0013
mem[X,0x000000008012126A] -> 0x0000
[863] [M]: 0x0000000080121268 (0x00000013) addi zero, zero, 0x0
mem[X,0x000000008012126C] -> 0x0013
mem[X,0x000000008012126E] -> 0x0000
[864] [M]: 0x000000008012126C (0x00000013) addi zero, zero, 0x0
mem[X,0x0000000080121270] -> 0x0013
mem[X,0x0000000080121272] -> 0x0000
[865] [M]: 0x0000000080121270 (0x00000013) addi zero, zero, 0x0
mem[X,0x0000000080121274] -> 0x0013
mem[X,0x0000000080121276] -> 0x0000
[866] [M]: 0x0000000080121274 (0x00000013) addi zero, zero, 0x0
mem[X,0x0000000080121278] -> 0x0013
mem[X,0x000000008012127A] -> 0x0000
[867] [M]: 0x0000000080121278 (0x00000013) addi zero, zero, 0x0
mem[X,0x000000008012127C] -> 0x0013
mem[X,0x000000008012127E] -> 0x0000
[868] [M]: 0x000000008012127C (0x00000013) addi zero, zero, 0x0
mem[X,0x0000000080121280] -> 0x7613
mem[X,0x0000000080121282] -> 0xFFC6
[869] [M]: 0x0000000080121280 (0xFFC67613) andi a2, a2, -0x4
x12 <- 0x000000008012118C
mem[X,0x0000000080121284] -> 0x81B3
mem[X,0x0000000080121286] -> 0x40C1
[870] [M]: 0x0000000080121284 (0x40C181B3) sub gp, gp, a2
x3 <- 0x0000000000000087
mem[X,0x0000000080121288] -> 0xB023
mem[X,0x000000008012128A] -> 0x0833
[871] [M]: 0x0000000080121288 (0x0833B023) sd gp, 0x80(t2)
mem[0x0000000080125198] <- 0x0000000000000087
mem[X,0x000000008012128C] -> 0x0013
mem[X,0x000000008012128E] -> 0x0000
[872] [M]: 0x000000008012128C (0x00000013) addi zero, zero, 0x0
mem[X,0x0000000080121290] -> 0x0013
mem[X,0x0000000080121292] -> 0x0000
[873] [M]: 0x0000000080121290 (0x00000013) addi zero, zero, 0x0
mem[X,0x0000000080121294] -> 0x0013
mem[X,0x0000000080121296] -> 0x0000
[874] [M]: 0x0000000080121294 (0x00000013) addi zero, zero, 0x0
mem[X,0x0000000080121298] -> 0x0013
mem[X,0x000000008012129A] -> 0x0000
[875] [M]: 0x0000000080121298 (0x00000013) addi zero, zero, 0x0
mem[X,0x000000008012129C] -> 0x0013
mem[X,0x000000008012129E] -> 0x0000
[876] [M]: 0x000000008012129C (0x00000013) addi zero, zero, 0x0
mem[X,0x00000000801212A0] -> 0x0617
mem[X,0x00000000801212A2] -> 0x0000
[877] [M]: 0x00000000801212A0 (0x00000617) auipc a2, 0x0
x12 <- 0x00000000801212A0
mem[X,0x00000000801212A4] -> 0x0613
mem[X,0x00000000801212A6] -> 0x06C6
[878] [M]: 0x00000000801212A4 (0x06C60613) addi a2, a2, 0x6c
x12 <- 0x000000008012130C
mem[X,0x00000000801212A8] -> 0x0013
mem[X,0x00000000801212AA] -> 0x0000
[879] [M]: 0x00000000801212A8 (0x00000013) addi zero, zero, 0x0
mem[X,0x00000000801212AC] -> 0x0013
mem[X,0x00000000801212AE] -> 0x0000
[880] [M]: 0x00000000801212AC (0x00000013) addi zero, zero, 0x0
mem[X,0x00000000801212B0] -> 0x0013
mem[X,0x00000000801212B2] -> 0x0000
[881] [M]: 0x00000000801212B0 (0x00000013) addi zero, zero, 0x0
mem[X,0x00000000801212B4] -> 0x0013
mem[X,0x00000000801212B6] -> 0x0000
[882] [M]: 0x00000000801212B4 (0x00000013) addi zero, zero, 0x0
mem[X,0x00000000801212B8] -> 0x0013
mem[X,0x00000000801212BA] -> 0x0000
[883] [M]: 0x00000000801212B8 (0x00000013) addi zero, zero, 0x0
mem[X,0x00000000801212BC] -> 0x0013
mem[X,0x00000000801212BE] -> 0x0000
[884] [M]: 0x00000000801212BC (0x00000013) addi zero, zero, 0x0
mem[X,0x00000000801212C0] -> 0x0067
mem[X,0x00000000801212C2] -> 0x0006
[885] [M]: 0x00000000801212C0 (0x00060067) jalr zero, 0x0(a2)
mem[X,0x000000008012130C] -> 0x026F
mem[X,0x000000008012130E] -> 0x00C0
[886] [M]: 0x000000008012130C (0x00C0026F) jal tp, 0xc
x4 <- 0x0000000080121310
mem[X,0x0000000080121318] -> 0x4213
mem[X,0x000000008012131A] -> 0x0032
[887] [M]: 0x0000000080121318 (0x00324213) xori tp, tp, 0x3
x4 <- 0x0000000080121313
mem[X,0x000000008012131C] -> 0x0013
mem[X,0x000000008012131E] -> 0x0000
[888] [M]: 0x000000008012131C (0x00000013) addi zero, zero, 0x0
mem[X,0x0000000080121320] -> 0x0617
mem[X,0x0000000080121322] -> 0x0000
[889] [M]: 0x0000000080121320 (0x00000617) auipc a2, 0x0
x12 <- 0x0000000080121320
mem[X,0x0000000080121324] -> 0x0613
mem[X,0x0000000080121326] -> 0x0246
[890] [M]: 0x0000000080121324 (0x02460613) addi a2, a2, 0x24
x12 <- 0x0000000080121344
mem[X,0x0000000080121328] -> 0x0013
mem[X,0x000000008012132A] -> 0x0000
[891] [M]: 0x0000000080121328 (0x00000013) addi zero, zero, 0x0
mem[X,0x000000008012132C] -> 0x0013
mem[X,0x000000008012132E] -> 0x0000
[892] [M]: 0x000000008012132C (0x00000013) addi zero, zero, 0x0
mem[X,0x0000000080121330] -> 0x0013
mem[X,0x0000000080121332] -> 0x0000
[893] [M]: 0x0000000080121330 (0x00000013) addi zero, zero, 0x0
mem[X,0x0000000080121334] -> 0x0013
mem[X,0x0000000080121336] -> 0x0000
[894] [M]: 0x0000000080121334 (0x00000013) addi zero, zero, 0x0
mem[X,0x0000000080121338] -> 0x0013
mem[X,0x000000008012133A] -> 0x0000
[895] [M]: 0x0000000080121338 (0x00000013) addi zero, zero, 0x0
mem[X,0x000000008012133C] -> 0x0013
mem[X,0x000000008012133E] -> 0x0000
[896] [M]: 0x000000008012133C (0x00000013) addi zero, zero, 0x0
mem[X,0x0000000080121340] -> 0x0067
mem[X,0x0000000080121342] -> 0x0006
[897] [M]: 0x0000000080121340 (0x00060067) jalr zero, 0x0(a2)
mem[X,0x0000000080121344] -> 0x0013
mem[X,0x0000000080121346] -> 0x0000
[898] [M]: 0x0000000080121344 (0x00000013) addi zero, zero, 0x0
mem[X,0x0000000080121348] -> 0x0013
mem[X,0x000000008012134A] -> 0x0000
[899] [M]: 0x0000000080121348 (0x00000013) addi zero, zero, 0x0
clint::tick mtime <- 0x0000000000000009
 clint timer pending at mtime 0x0000000000000009
htif::tick 0x0000000000000000
mem[X,0x000000008012134C] -> 0x0013
mem[X,0x000000008012134E] -> 0x0000
[900] [M]: 0x000000008012134C (0x00000013) addi zero, zero, 0x0
mem[X,0x0000000080121350] -> 0x0013
mem[X,0x0000000080121352] -> 0x0000
[901] [M]: 0x0000000080121350 (0x00000013) addi zero, zero, 0x0
mem[X,0x0000000080121354] -> 0x0013
mem[X,0x0000000080121356] -> 0x0000
[902] [M]: 0x0000000080121354 (0x00000013) addi zero, zero, 0x0
mem[X,0x0000000080121358] -> 0x0013
mem[X,0x000000008012135A] -> 0x0000
[903] [M]: 0x0000000080121358 (0x00000013) addi zero, zero, 0x0
mem[X,0x000000008012135C] -> 0x0013
mem[X,0x000000008012135E] -> 0x0000
[904] [M]: 0x000000008012135C (0x00000013) addi zero, zero, 0x0
mem[X,0x0000000080121360] -> 0x0617
mem[X,0x0000000080121362] -> 0x0000
[905] [M]: 0x0000000080121360 (0x00000617) auipc a2, 0x0
x12 <- 0x0000000080121360
mem[X,0x0000000080121364] -> 0x0613
mem[X,0x0000000080121366] -> 0xF2C6
[906] [M]: 0x0000000080121364 (0xF2C60613) addi a2, a2, -0xd4
x12 <- 0x000000008012128C
mem[X,0x0000000080121368] -> 0x0013
mem[X,0x000000008012136A] -> 0x0000
[907] [M]: 0x0000000080121368 (0x00000013) addi zero, zero, 0x0
mem[X,0x000000008012136C] -> 0x0013
mem[X,0x000000008012136E] -> 0x0000
[908] [M]: 0x000000008012136C (0x00000013) addi zero, zero, 0x0
mem[X,0x0000000080121370] -> 0x0013
mem[X,0x0000000080121372] -> 0x0000
[909] [M]: 0x0000000080121370 (0x00000013) addi zero, zero, 0x0
mem[X,0x0000000080121374] -> 0x0013
mem[X,0x0000000080121376] -> 0x0000
[910] [M]: 0x0000000080121374 (0x00000013) addi zero, zero, 0x0
mem[X,0x0000000080121378] -> 0x0013
mem[X,0x000000008012137A] -> 0x0000
[911] [M]: 0x0000000080121378 (0x00000013) addi zero, zero, 0x0
mem[X,0x000000008012137C] -> 0x0013
mem[X,0x000000008012137E] -> 0x0000
[912] [M]: 0x000000008012137C (0x00000013) addi zero, zero, 0x0
mem[X,0x0000000080121380] -> 0x7613
mem[X,0x0000000080121382] -> 0xFFC6
[913] [M]: 0x0000000080121380 (0xFFC67613) andi a2, a2, -0x4
x12 <- 0x000000008012128C
mem[X,0x0000000080121384] -> 0x0233
mem[X,0x0000000080121386] -> 0x40C2
[914] [M]: 0x0000000080121384 (0x40C20233) sub tp, tp, a2
x4 <- 0x0000000000000087
mem[X,0x0000000080121388] -> 0xB423
mem[X,0x000000008012138A] -> 0x0843
[915] [M]: 0x0000000080121388 (0x0843B423) sd tp, 0x88(t2)
mem[0x00000000801251A0] <- 0x0000000000000087
mem[X,0x000000008012138C] -> 0x0013
mem[X,0x000000008012138E] -> 0x0000
[916] [M]: 0x000000008012138C (0x00000013) addi zero, zero, 0x0
mem[X,0x0000000080121390] -> 0x0013
mem[X,0x0000000080121392] -> 0x0000
[917] [M]: 0x0000000080121390 (0x00000013) addi zero, zero, 0x0
mem[X,0x0000000080121394] -> 0x0013
mem[X,0x0000000080121396] -> 0x0000
[918] [M]: 0x0000000080121394 (0x00000013) addi zero, zero, 0x0
mem[X,0x0000000080121398] -> 0x0013
mem[X,0x000000008012139A] -> 0x0000
[919] [M]: 0x0000000080121398 (0x00000013) addi zero, zero, 0x0
mem[X,0x000000008012139C] -> 0x0013
mem[X,0x000000008012139E] -> 0x0000
[920] [M]: 0x000000008012139C (0x00000013) addi zero, zero, 0x0
mem[X,0x00000000801213A0] -> 0x0617
mem[X,0x00000000801213A2] -> 0x0000
[921] [M]: 0x00000000801213A0 (0x00000617) auipc a2, 0x0
x12 <- 0x00000000801213A0
mem[X,0x00000000801213A4] -> 0x0613
mem[X,0x00000000801213A6] -> 0x06C6
[922] [M]: 0x00000000801213A4 (0x06C60613) addi a2, a2, 0x6c
x12 <- 0x000000008012140C
mem[X,0x00000000801213A8] -> 0x0013
mem[X,0x00000000801213AA] -> 0x0000
[923] [M]: 0x00000000801213A8 (0x00000013) addi zero, zero, 0x0
mem[X,0x00000000801213AC] -> 0x0013
mem[X,0x00000000801213AE] -> 0x0000
[924] [M]: 0x00000000801213AC (0x00000013) addi zero, zero, 0x0
mem[X,0x00000000801213B0] -> 0x0013
mem[X,0x00000000801213B2] -> 0x0000
[925] [M]: 0x00000000801213B0 (0x00000013) addi zero, zero, 0x0
mem[X,0x00000000801213B4] -> 0x0013
mem[X,0x00000000801213B6] -> 0x0000
[926] [M]: 0x00000000801213B4 (0x00000013) addi zero, zero, 0x0
mem[X,0x00000000801213B8] -> 0x0013
mem[X,0x00000000801213BA] -> 0x0000
[927] [M]: 0x00000000801213B8 (0x00000013) addi zero, zero, 0x0
mem[X,0x00000000801213BC] -> 0x0013
mem[X,0x00000000801213BE] -> 0x0000
[928] [M]: 0x00000000801213BC (0x00000013) addi zero, zero, 0x0
mem[X,0x00000000801213C0] -> 0x0067
mem[X,0x00000000801213C2] -> 0x0006
[929] [M]: 0x00000000801213C0 (0x00060067) jalr zero, 0x0(a2)
mem[X,0x000000008012140C] -> 0x016F
mem[X,0x000000008012140E] -> 0x00C0
[930] [M]: 0x000000008012140C (0x00C0016F) jal sp, 0xc
x2 <- 0x0000000080121410
mem[X,0x0000000080121418] -> 0x4113
mem[X,0x000000008012141A] -> 0x0031
[931] [M]: 0x0000000080121418 (0x00314113) xori sp, sp, 0x3
x2 <- 0x0000000080121413
mem[X,0x000000008012141C] -> 0x0013
mem[X,0x000000008012141E] -> 0x0000
[932] [M]: 0x000000008012141C (0x00000013) addi zero, zero, 0x0
mem[X,0x0000000080121420] -> 0x0617
mem[X,0x0000000080121422] -> 0x0000
[933] [M]: 0x0000000080121420 (0x00000617) auipc a2, 0x0
x12 <- 0x0000000080121420
mem[X,0x0000000080121424] -> 0x0613
mem[X,0x0000000080121426] -> 0x0246
[934] [M]: 0x0000000080121424 (0x02460613) addi a2, a2, 0x24
x12 <- 0x0000000080121444
mem[X,0x0000000080121428] -> 0x0013
mem[X,0x000000008012142A] -> 0x0000
[935] [M]: 0x0000000080121428 (0x00000013) addi zero, zero, 0x0
mem[X,0x000000008012142C] -> 0x0013
mem[X,0x000000008012142E] -> 0x0000
[936] [M]: 0x000000008012142C (0x00000013) addi zero, zero, 0x0
mem[X,0x0000000080121430] -> 0x0013
mem[X,0x0000000080121432] -> 0x0000
[937] [M]: 0x0000000080121430 (0x00000013) addi zero, zero, 0x0
mem[X,0x0000000080121434] -> 0x0013
mem[X,0x0000000080121436] -> 0x0000
[938] [M]: 0x0000000080121434 (0x00000013) addi zero, zero, 0x0
mem[X,0x0000000080121438] -> 0x0013
mem[X,0x000000008012143A] -> 0x0000
[939] [M]: 0x0000000080121438 (0x00000013) addi zero, zero, 0x0
mem[X,0x000000008012143C] -> 0x0013
mem[X,0x000000008012143E] -> 0x0000
[940] [M]: 0x000000008012143C (0x00000013) addi zero, zero, 0x0
mem[X,0x0000000080121440] -> 0x0067
mem[X,0x0000000080121442] -> 0x0006
[941] [M]: 0x0000000080121440 (0x00060067) jalr zero, 0x0(a2)
mem[X,0x0000000080121444] -> 0x0013
mem[X,0x0000000080121446] -> 0x0000
[942] [M]: 0x0000000080121444 (0x00000013) addi zero, zero, 0x0
mem[X,0x0000000080121448] -> 0x0013
mem[X,0x000000008012144A] -> 0x0000
[943] [M]: 0x0000000080121448 (0x00000013) addi zero, zero, 0x0
mem[X,0x000000008012144C] -> 0x0013
mem[X,0x000000008012144E] -> 0x0000
[944] [M]: 0x000000008012144C (0x00000013) addi zero, zero, 0x0
mem[X,0x0000000080121450] -> 0x0013
mem[X,0x0000000080121452] -> 0x0000
[945] [M]: 0x0000000080121450 (0x00000013) addi zero, zero, 0x0
mem[X,0x0000000080121454] -> 0x0013
mem[X,0x0000000080121456] -> 0x0000
[946] [M]: 0x0000000080121454 (0x00000013) addi zero, zero, 0x0
mem[X,0x0000000080121458] -> 0x0013
mem[X,0x000000008012145A] -> 0x0000
[947] [M]: 0x0000000080121458 (0x00000013) addi zero, zero, 0x0
mem[X,0x000000008012145C] -> 0x0013
mem[X,0x000000008012145E] -> 0x0000
[948] [M]: 0x000000008012145C (0x00000013) addi zero, zero, 0x0
mem[X,0x0000000080121460] -> 0x0617
mem[X,0x0000000080121462] -> 0x0000
[949] [M]: 0x0000000080121460 (0x00000617) auipc a2, 0x0
x12 <- 0x0000000080121460
mem[X,0x0000000080121464] -> 0x0613
mem[X,0x0000000080121466] -> 0xF2C6
[950] [M]: 0x0000000080121464 (0xF2C60613) addi a2, a2, -0xd4
x12 <- 0x000000008012138C
mem[X,0x0000000080121468] -> 0x0013
mem[X,0x000000008012146A] -> 0x0000
[951] [M]: 0x0000000080121468 (0x00000013) addi zero, zero, 0x0
mem[X,0x000000008012146C] -> 0x0013
mem[X,0x000000008012146E] -> 0x0000
[952] [M]: 0x000000008012146C (0x00000013) addi zero, zero, 0x0
mem[X,0x0000000080121470] -> 0x0013
mem[X,0x0000000080121472] -> 0x0000
[953] [M]: 0x0000000080121470 (0x00000013) addi zero, zero, 0x0
mem[X,0x0000000080121474] -> 0x0013
mem[X,0x0000000080121476] -> 0x0000
[954] [M]: 0x0000000080121474 (0x00000013) addi zero, zero, 0x0
mem[X,0x0000000080121478] -> 0x0013
mem[X,0x000000008012147A] -> 0x0000
[955] [M]: 0x0000000080121478 (0x00000013) addi zero, zero, 0x0
mem[X,0x000000008012147C] -> 0x0013
mem[X,0x000000008012147E] -> 0x0000
[956] [M]: 0x000000008012147C (0x00000013) addi zero, zero, 0x0
mem[X,0x0000000080121480] -> 0x7613
mem[X,0x0000000080121482] -> 0xFFC6
[957] [M]: 0x0000000080121480 (0xFFC67613) andi a2, a2, -0x4
x12 <- 0x000000008012138C
mem[X,0x0000000080121484] -> 0x0133
mem[X,0x0000000080121486] -> 0x40C1
[958] [M]: 0x0000000080121484 (0x40C10133) sub sp, sp, a2
x2 <- 0x0000000000000087
mem[X,0x0000000080121488] -> 0xB823
mem[X,0x000000008012148A] -> 0x0823
[959] [M]: 0x0000000080121488 (0x0823B823) sd sp, 0x90(t2)
mem[0x00000000801251A8] <- 0x0000000000000087
mem[X,0x000000008012148C] -> 0x0013
mem[X,0x000000008012148E] -> 0x0000
[960] [M]: 0x000000008012148C (0x00000013) addi zero, zero, 0x0
mem[X,0x0000000080121490] -> 0x0013
mem[X,0x0000000080121492] -> 0x0000
[961] [M]: 0x0000000080121490 (0x00000013) addi zero, zero, 0x0
mem[X,0x0000000080121494] -> 0x0013
mem[X,0x0000000080121496] -> 0x0000
[962] [M]: 0x0000000080121494 (0x00000013) addi zero, zero, 0x0
mem[X,0x0000000080121498] -> 0x0013
mem[X,0x000000008012149A] -> 0x0000
[963] [M]: 0x0000000080121498 (0x00000013) addi zero, zero, 0x0
mem[X,0x000000008012149C] -> 0x0013
mem[X,0x000000008012149E] -> 0x0000
[964] [M]: 0x000000008012149C (0x00000013) addi zero, zero, 0x0
mem[X,0x00000000801214A0] -> 0x0617
mem[X,0x00000000801214A2] -> 0x0000
[965] [M]: 0x00000000801214A0 (0x00000617) auipc a2, 0x0
x12 <- 0x00000000801214A0
mem[X,0x00000000801214A4] -> 0x0613
mem[X,0x00000000801214A6] -> 0x06C6
[966] [M]: 0x00000000801214A4 (0x06C60613) addi a2, a2, 0x6c
x12 <- 0x000000008012150C
mem[X,0x00000000801214A8] -> 0x0013
mem[X,0x00000000801214AA] -> 0x0000
[967] [M]: 0x00000000801214A8 (0x00000013) addi zero, zero, 0x0
mem[X,0x00000000801214AC] -> 0x0013
mem[X,0x00000000801214AE] -> 0x0000
[968] [M]: 0x00000000801214AC (0x00000013) addi zero, zero, 0x0
mem[X,0x00000000801214B0] -> 0x0013
mem[X,0x00000000801214B2] -> 0x0000
[969] [M]: 0x00000000801214B0 (0x00000013) addi zero, zero, 0x0
mem[X,0x00000000801214B4] -> 0x0013
mem[X,0x00000000801214B6] -> 0x0000
[970] [M]: 0x00000000801214B4 (0x00000013) addi zero, zero, 0x0
mem[X,0x00000000801214B8] -> 0x0013
mem[X,0x00000000801214BA] -> 0x0000
[971] [M]: 0x00000000801214B8 (0x00000013) addi zero, zero, 0x0
mem[X,0x00000000801214BC] -> 0x0013
mem[X,0x00000000801214BE] -> 0x0000
[972] [M]: 0x00000000801214BC (0x00000013) addi zero, zero, 0x0
mem[X,0x00000000801214C0] -> 0x0067
mem[X,0x00000000801214C2] -> 0x0006
[973] [M]: 0x00000000801214C0 (0x00060067) jalr zero, 0x0(a2)
mem[X,0x000000008012150C] -> 0x06EF
mem[X,0x000000008012150E] -> 0x00C0
[974] [M]: 0x000000008012150C (0x00C006EF) jal a3, 0xc
x13 <- 0x0000000080121510
mem[X,0x0000000080121518] -> 0xC693
mem[X,0x000000008012151A] -> 0x0036
[975] [M]: 0x0000000080121518 (0x0036C693) xori a3, a3, 0x3
x13 <- 0x0000000080121513
mem[X,0x000000008012151C] -> 0x0013
mem[X,0x000000008012151E] -> 0x0000
[976] [M]: 0x000000008012151C (0x00000013) addi zero, zero, 0x0
mem[X,0x0000000080121520] -> 0x0617
mem[X,0x0000000080121522] -> 0x0000
[977] [M]: 0x0000000080121520 (0x00000617) auipc a2, 0x0
x12 <- 0x0000000080121520
mem[X,0x0000000080121524] -> 0x0613
mem[X,0x0000000080121526] -> 0x0246
[978] [M]: 0x0000000080121524 (0x02460613) addi a2, a2, 0x24
x12 <- 0x0000000080121544
mem[X,0x0000000080121528] -> 0x0013
mem[X,0x000000008012152A] -> 0x0000
[979] [M]: 0x0000000080121528 (0x00000013) addi zero, zero, 0x0
mem[X,0x000000008012152C] -> 0x0013
mem[X,0x000000008012152E] -> 0x0000
[980] [M]: 0x000000008012152C (0x00000013) addi zero, zero, 0x0
mem[X,0x0000000080121530] -> 0x0013
mem[X,0x0000000080121532] -> 0x0000
[981] [M]: 0x0000000080121530 (0x00000013) addi zero, zero, 0x0
mem[X,0x0000000080121534] -> 0x0013
mem[X,0x0000000080121536] -> 0x0000
[982] [M]: 0x0000000080121534 (0x00000013) addi zero, zero, 0x0
mem[X,0x0000000080121538] -> 0x0013
mem[X,0x000000008012153A] -> 0x0000
[983] [M]: 0x0000000080121538 (0x00000013) addi zero, zero, 0x0
mem[X,0x000000008012153C] -> 0x0013
mem[X,0x000000008012153E] -> 0x0000
[984] [M]: 0x000000008012153C (0x00000013) addi zero, zero, 0x0
mem[X,0x0000000080121540] -> 0x0067
mem[X,0x0000000080121542] -> 0x0006
[985] [M]: 0x0000000080121540 (0x00060067) jalr zero, 0x0(a2)
mem[X,0x0000000080121544] -> 0x0013
mem[X,0x0000000080121546] -> 0x0000
[986] [M]: 0x0000000080121544 (0x00000013) addi zero, zero, 0x0
mem[X,0x0000000080121548] -> 0x0013
mem[X,0x000000008012154A] -> 0x0000
[987] [M]: 0x0000000080121548 (0x00000013) addi zero, zero, 0x0
mem[X,0x000000008012154C] -> 0x0013
mem[X,0x000000008012154E] -> 0x0000
[988] [M]: 0x000000008012154C (0x00000013) addi zero, zero, 0x0
mem[X,0x0000000080121550] -> 0x0013
mem[X,0x0000000080121552] -> 0x0000
[989] [M]: 0x0000000080121550 (0x00000013) addi zero, zero, 0x0
mem[X,0x0000000080121554] -> 0x0013
mem[X,0x0000000080121556] -> 0x0000
[990] [M]: 0x0000000080121554 (0x00000013) addi zero, zero, 0x0
mem[X,0x0000000080121558] -> 0x0013
mem[X,0x000000008012155A] -> 0x0000
[991] [M]: 0x0000000080121558 (0x00000013) addi zero, zero, 0x0
mem[X,0x000000008012155C] -> 0x0013
mem[X,0x000000008012155E] -> 0x0000
[992] [M]: 0x000000008012155C (0x00000013) addi zero, zero, 0x0
mem[X,0x0000000080121560] -> 0x0617
mem[X,0x0000000080121562] -> 0x0000
[993] [M]: 0x0000000080121560 (0x00000617) auipc a2, 0x0
x12 <- 0x0000000080121560
mem[X,0x0000000080121564] -> 0x0613
mem[X,0x0000000080121566] -> 0xF2C6
[994] [M]: 0x0000000080121564 (0xF2C60613) addi a2, a2, -0xd4
x12 <- 0x000000008012148C
mem[X,0x0000000080121568] -> 0x0013
mem[X,0x000000008012156A] -> 0x0000
[995] [M]: 0x0000000080121568 (0x00000013) addi zero, zero, 0x0
mem[X,0x000000008012156C] -> 0x0013
mem[X,0x000000008012156E] -> 0x0000
[996] [M]: 0x000000008012156C (0x00000013) addi zero, zero, 0x0
mem[X,0x0000000080121570] -> 0x0013
mem[X,0x0000000080121572] -> 0x0000
[997] [M]: 0x0000000080121570 (0x00000013) addi zero, zero, 0x0
mem[X,0x0000000080121574] -> 0x0013
mem[X,0x0000000080121576] -> 0x0000
[998] [M]: 0x0000000080121574 (0x00000013) addi zero, zero, 0x0
mem[X,0x0000000080121578] -> 0x0013
mem[X,0x000000008012157A] -> 0x0000
[999] [M]: 0x0000000080121578 (0x00000013) addi zero, zero, 0x0
clint::tick mtime <- 0x000000000000000A
 clint timer pending at mtime 0x000000000000000A
htif::tick 0x0000000000000000
mem[X,0x000000008012157C] -> 0x0013
mem[X,0x000000008012157E] -> 0x0000
[1000] [M]: 0x000000008012157C (0x00000013) addi zero, zero, 0x0
mem[X,0x0000000080121580] -> 0x7613
mem[X,0x0000000080121582] -> 0xFFC6
[1001] [M]: 0x0000000080121580 (0xFFC67613) andi a2, a2, -0x4
x12 <- 0x000000008012148C
mem[X,0x0000000080121584] -> 0x86B3
mem[X,0x0000000080121586] -> 0x40C6
[1002] [M]: 0x0000000080121584 (0x40C686B3) sub a3, a3, a2
x13 <- 0x0000000000000087
mem[X,0x0000000080121588] -> 0xBC23
mem[X,0x000000008012158A] -> 0x08D3
[1003] [M]: 0x0000000080121588 (0x08D3BC23) sd a3, 0x98(t2)
mem[0x00000000801251B0] <- 0x0000000000000087
mem[X,0x000000008012158C] -> 0x0013
mem[X,0x000000008012158E] -> 0x0000
[1004] [M]: 0x000000008012158C (0x00000013) addi zero, zero, 0x0
mem[X,0x0000000080121590] -> 0x0013
mem[X,0x0000000080121592] -> 0x0000
[1005] [M]: 0x0000000080121590 (0x00000013) addi zero, zero, 0x0
mem[X,0x0000000080121594] -> 0x0013
mem[X,0x0000000080121596] -> 0x0000
[1006] [M]: 0x0000000080121594 (0x00000013) addi zero, zero, 0x0
mem[X,0x0000000080121598] -> 0x0013
mem[X,0x000000008012159A] -> 0x0000
[1007] [M]: 0x0000000080121598 (0x00000013) addi zero, zero, 0x0
mem[X,0x000000008012159C] -> 0x0013
mem[X,0x000000008012159E] -> 0x0000
[1008] [M]: 0x000000008012159C (0x00000013) addi zero, zero, 0x0
mem[X,0x00000000801215A0] -> 0x0617
mem[X,0x00000000801215A2] -> 0x0000
[1009] [M]: 0x00000000801215A0 (0x00000617) auipc a2, 0x0
x12 <- 0x00000000801215A0
mem[X,0x00000000801215A4] -> 0x0613
mem[X,0x00000000801215A6] -> 0x06C6
[1010] [M]: 0x00000000801215A4 (0x06C60613) addi a2, a2, 0x6c
x12 <- 0x000000008012160C
mem[X,0x00000000801215A8] -> 0x0013
mem[X,0x00000000801215AA] -> 0x0000
[1011] [M]: 0x00000000801215A8 (0x00000013) addi zero, zero, 0x0
mem[X,0x00000000801215AC] -> 0x0013
mem[X,0x00000000801215AE] -> 0x0000
[1012] [M]: 0x00000000801215AC (0x00000013) addi zero, zero, 0x0
mem[X,0x00000000801215B0] -> 0x0013
mem[X,0x00000000801215B2] -> 0x0000
[1013] [M]: 0x00000000801215B0 (0x00000013) addi zero, zero, 0x0
mem[X,0x00000000801215B4] -> 0x0013
mem[X,0x00000000801215B6] -> 0x0000
[1014] [M]: 0x00000000801215B4 (0x00000013) addi zero, zero, 0x0
mem[X,0x00000000801215B8] -> 0x0013
mem[X,0x00000000801215BA] -> 0x0000
[1015] [M]: 0x00000000801215B8 (0x00000013) addi zero, zero, 0x0
mem[X,0x00000000801215BC] -> 0x0013
mem[X,0x00000000801215BE] -> 0x0000
[1016] [M]: 0x00000000801215BC (0x00000013) addi zero, zero, 0x0
mem[X,0x00000000801215C0] -> 0x0067
mem[X,0x00000000801215C2] -> 0x0006
[1017] [M]: 0x00000000801215C0 (0x00060067) jalr zero, 0x0(a2)
mem[X,0x000000008012160C] -> 0x00EF
mem[X,0x000000008012160E] -> 0x00C0
[1018] [M]: 0x000000008012160C (0x00C000EF) jal ra, 0xc
x1 <- 0x0000000080121610
mem[X,0x0000000080121618] -> 0xC093
mem[X,0x000000008012161A] -> 0x0030
[1019] [M]: 0x0000000080121618 (0x0030C093) xori ra, ra, 0x3
x1 <- 0x0000000080121613
mem[X,0x000000008012161C] -> 0x0013
mem[X,0x000000008012161E] -> 0x0000
[1020] [M]: 0x000000008012161C (0x00000013) addi zero, zero, 0x0
mem[X,0x0000000080121620] -> 0x0617
mem[X,0x0000000080121622] -> 0x0000
[1021] [M]: 0x0000000080121620 (0x00000617) auipc a2, 0x0
x12 <- 0x0000000080121620
mem[X,0x0000000080121624] -> 0x0613
mem[X,0x0000000080121626] -> 0x0246
[1022] [M]: 0x0000000080121624 (0x02460613) addi a2, a2, 0x24
x12 <- 0x0000000080121644
mem[X,0x0000000080121628] -> 0x0013
mem[X,0x000000008012162A] -> 0x0000
[1023] [M]: 0x0000000080121628 (0x00000013) addi zero, zero, 0x0
mem[X,0x000000008012162C] -> 0x0013
mem[X,0x000000008012162E] -> 0x0000
[1024] [M]: 0x000000008012162C (0x00000013) addi zero, zero, 0x0
mem[X,0x0000000080121630] -> 0x0013
mem[X,0x0000000080121632] -> 0x0000
[1025] [M]: 0x0000000080121630 (0x00000013) addi zero, zero, 0x0
mem[X,0x0000000080121634] -> 0x0013
mem[X,0x0000000080121636] -> 0x0000
[1026] [M]: 0x0000000080121634 (0x00000013) addi zero, zero, 0x0
mem[X,0x0000000080121638] -> 0x0013
mem[X,0x000000008012163A] -> 0x0000
[1027] [M]: 0x0000000080121638 (0x00000013) addi zero, zero, 0x0
mem[X,0x000000008012163C] -> 0x0013
mem[X,0x000000008012163E] -> 0x0000
[1028] [M]: 0x000000008012163C (0x00000013) addi zero, zero, 0x0
mem[X,0x0000000080121640] -> 0x0067
mem[X,0x0000000080121642] -> 0x0006
[1029] [M]: 0x0000000080121640 (0x00060067) jalr zero, 0x0(a2)
mem[X,0x0000000080121644] -> 0x0013
mem[X,0x0000000080121646] -> 0x0000
[1030] [M]: 0x0000000080121644 (0x00000013) addi zero, zero, 0x0
mem[X,0x0000000080121648] -> 0x0013
mem[X,0x000000008012164A] -> 0x0000
[1031] [M]: 0x0000000080121648 (0x00000013) addi zero, zero, 0x0
mem[X,0x000000008012164C] -> 0x0013
mem[X,0x000000008012164E] -> 0x0000
[1032] [M]: 0x000000008012164C (0x00000013) addi zero, zero, 0x0
mem[X,0x0000000080121650] -> 0x0013
mem[X,0x0000000080121652] -> 0x0000
[1033] [M]: 0x0000000080121650 (0x00000013) addi zero, zero, 0x0
mem[X,0x0000000080121654] -> 0x0013
mem[X,0x0000000080121656] -> 0x0000
[1034] [M]: 0x0000000080121654 (0x00000013) addi zero, zero, 0x0
mem[X,0x0000000080121658] -> 0x0013
mem[X,0x000000008012165A] -> 0x0000
[1035] [M]: 0x0000000080121658 (0x00000013) addi zero, zero, 0x0
mem[X,0x000000008012165C] -> 0x0013
mem[X,0x000000008012165E] -> 0x0000
[1036] [M]: 0x000000008012165C (0x00000013) addi zero, zero, 0x0
mem[X,0x0000000080121660] -> 0x0617
mem[X,0x0000000080121662] -> 0x0000
[1037] [M]: 0x0000000080121660 (0x00000617) auipc a2, 0x0
x12 <- 0x0000000080121660
mem[X,0x0000000080121664] -> 0x0613
mem[X,0x0000000080121666] -> 0xF2C6
[1038] [M]: 0x0000000080121664 (0xF2C60613) addi a2, a2, -0xd4
x12 <- 0x000000008012158C
mem[X,0x0000000080121668] -> 0x0013
mem[X,0x000000008012166A] -> 0x0000
[1039] [M]: 0x0000000080121668 (0x00000013) addi zero, zero, 0x0
mem[X,0x000000008012166C] -> 0x0013
mem[X,0x000000008012166E] -> 0x0000
[1040] [M]: 0x000000008012166C (0x00000013) addi zero, zero, 0x0
mem[X,0x0000000080121670] -> 0x0013
mem[X,0x0000000080121672] -> 0x0000
[1041] [M]: 0x0000000080121670 (0x00000013) addi zero, zero, 0x0
mem[X,0x0000000080121674] -> 0x0013
mem[X,0x0000000080121676] -> 0x0000
[1042] [M]: 0x0000000080121674 (0x00000013) addi zero, zero, 0x0
mem[X,0x0000000080121678] -> 0x0013
mem[X,0x000000008012167A] -> 0x0000
[1043] [M]: 0x0000000080121678 (0x00000013) addi zero, zero, 0x0
mem[X,0x000000008012167C] -> 0x0013
mem[X,0x000000008012167E] -> 0x0000
[1044] [M]: 0x000000008012167C (0x00000013) addi zero, zero, 0x0
mem[X,0x0000000080121680] -> 0x7613
mem[X,0x0000000080121682] -> 0xFFC6
[1045] [M]: 0x0000000080121680 (0xFFC67613) andi a2, a2, -0x4
x12 <- 0x000000008012158C
mem[X,0x0000000080121684] -> 0x80B3
mem[X,0x0000000080121686] -> 0x40C0
[1046] [M]: 0x0000000080121684 (0x40C080B3) sub ra, ra, a2
x1 <- 0x0000000000000087
mem[X,0x0000000080121688] -> 0xB023
mem[X,0x000000008012168A] -> 0x0A13
[1047] [M]: 0x0000000080121688 (0x0A13B023) sd ra, 0xa0(t2)
mem[0x00000000801251B8] <- 0x0000000000000087
mem[X,0x000000008012168C] -> 0x0013
mem[X,0x000000008012168E] -> 0x0000
[1048] [M]: 0x000000008012168C (0x00000013) addi zero, zero, 0x0
mem[X,0x0000000080121690] -> 0x0013
mem[X,0x0000000080121692] -> 0x0000
[1049] [M]: 0x0000000080121690 (0x00000013) addi zero, zero, 0x0
mem[X,0x0000000080121694] -> 0x0013
mem[X,0x0000000080121696] -> 0x0000
[1050] [M]: 0x0000000080121694 (0x00000013) addi zero, zero, 0x0
mem[X,0x0000000080121698] -> 0x0013
mem[X,0x000000008012169A] -> 0x0000
[1051] [M]: 0x0000000080121698 (0x00000013) addi zero, zero, 0x0
mem[X,0x000000008012169C] -> 0x0013
mem[X,0x000000008012169E] -> 0x0000
[1052] [M]: 0x000000008012169C (0x00000013) addi zero, zero, 0x0
mem[X,0x00000000801216A0] -> 0x0617
mem[X,0x00000000801216A2] -> 0x0000
[1053] [M]: 0x00000000801216A0 (0x00000617) auipc a2, 0x0
x12 <- 0x00000000801216A0
mem[X,0x00000000801216A4] -> 0x0613
mem[X,0x00000000801216A6] -> 0x06C6
[1054] [M]: 0x00000000801216A4 (0x06C60613) addi a2, a2, 0x6c
x12 <- 0x000000008012170C
mem[X,0x00000000801216A8] -> 0x0013
mem[X,0x00000000801216AA] -> 0x0000
[1055] [M]: 0x00000000801216A8 (0x00000013) addi zero, zero, 0x0
mem[X,0x00000000801216AC] -> 0x0013
mem[X,0x00000000801216AE] -> 0x0000
[1056] [M]: 0x00000000801216AC (0x00000013) addi zero, zero, 0x0
mem[X,0x00000000801216B0] -> 0x0013
mem[X,0x00000000801216B2] -> 0x0000
[1057] [M]: 0x00000000801216B0 (0x00000013) addi zero, zero, 0x0
mem[X,0x00000000801216B4] -> 0x0013
mem[X,0x00000000801216B6] -> 0x0000
[1058] [M]: 0x00000000801216B4 (0x00000013) addi zero, zero, 0x0
mem[X,0x00000000801216B8] -> 0x0013
mem[X,0x00000000801216BA] -> 0x0000
[1059] [M]: 0x00000000801216B8 (0x00000013) addi zero, zero, 0x0
mem[X,0x00000000801216BC] -> 0x0013
mem[X,0x00000000801216BE] -> 0x0000
[1060] [M]: 0x00000000801216BC (0x00000013) addi zero, zero, 0x0
mem[X,0x00000000801216C0] -> 0x0067
mem[X,0x00000000801216C2] -> 0x0006
[1061] [M]: 0x00000000801216C0 (0x00060067) jalr zero, 0x0(a2)
mem[X,0x000000008012170C] -> 0x05EF
mem[X,0x000000008012170E] -> 0x00C0
[1062] [M]: 0x000000008012170C (0x00C005EF) jal a1, 0xc
x11 <- 0x0000000080121710
mem[X,0x0000000080121718] -> 0xC593
mem[X,0x000000008012171A] -> 0x0035
[1063] [M]: 0x0000000080121718 (0x0035C593) xori a1, a1, 0x3
x11 <- 0x0000000080121713
mem[X,0x000000008012171C] -> 0x0013
mem[X,0x000000008012171E] -> 0x0000
[1064] [M]: 0x000000008012171C (0x00000013) addi zero, zero, 0x0
mem[X,0x0000000080121720] -> 0x0617
mem[X,0x0000000080121722] -> 0x0000
[1065] [M]: 0x0000000080121720 (0x00000617) auipc a2, 0x0
x12 <- 0x0000000080121720
mem[X,0x0000000080121724] -> 0x0613
mem[X,0x0000000080121726] -> 0x0246
[1066] [M]: 0x0000000080121724 (0x02460613) addi a2, a2, 0x24
x12 <- 0x0000000080121744
mem[X,0x0000000080121728] -> 0x0013
mem[X,0x000000008012172A] -> 0x0000
[1067] [M]: 0x0000000080121728 (0x00000013) addi zero, zero, 0x0
mem[X,0x000000008012172C] -> 0x0013
mem[X,0x000000008012172E] -> 0x0000
[1068] [M]: 0x000000008012172C (0x00000013) addi zero, zero, 0x0
mem[X,0x0000000080121730] -> 0x0013
mem[X,0x0000000080121732] -> 0x0000
[1069] [M]: 0x0000000080121730 (0x00000013) addi zero, zero, 0x0
mem[X,0x0000000080121734] -> 0x0013
mem[X,0x0000000080121736] -> 0x0000
[1070] [M]: 0x0000000080121734 (0x00000013) addi zero, zero, 0x0
mem[X,0x0000000080121738] -> 0x0013
mem[X,0x000000008012173A] -> 0x0000
[1071] [M]: 0x0000000080121738 (0x00000013) addi zero, zero, 0x0
mem[X,0x000000008012173C] -> 0x0013
mem[X,0x000000008012173E] -> 0x0000
[1072] [M]: 0x000000008012173C (0x00000013) addi zero, zero, 0x0
mem[X,0x0000000080121740] -> 0x0067
mem[X,0x0000000080121742] -> 0x0006
[1073] [M]: 0x0000000080121740 (0x00060067) jalr zero, 0x0(a2)
mem[X,0x0000000080121744] -> 0x0013
mem[X,0x0000000080121746] -> 0x0000
[1074] [M]: 0x0000000080121744 (0x00000013) addi zero, zero, 0x0
mem[X,0x0000000080121748] -> 0x0013
mem[X,0x000000008012174A] -> 0x0000
[1075] [M]: 0x0000000080121748 (0x00000013) addi zero, zero, 0x0
mem[X,0x000000008012174C] -> 0x0013
mem[X,0x000000008012174E] -> 0x0000
[1076] [M]: 0x000000008012174C (0x00000013) addi zero, zero, 0x0
mem[X,0x0000000080121750] -> 0x0013
mem[X,0x0000000080121752] -> 0x0000
[1077] [M]: 0x0000000080121750 (0x00000013) addi zero, zero, 0x0
mem[X,0x0000000080121754] -> 0x0013
mem[X,0x0000000080121756] -> 0x0000
[1078] [M]: 0x0000000080121754 (0x00000013) addi zero, zero, 0x0
mem[X,0x0000000080121758] -> 0x0013
mem[X,0x000000008012175A] -> 0x0000
[1079] [M]: 0x0000000080121758 (0x00000013) addi zero, zero, 0x0
mem[X,0x000000008012175C] -> 0x0013
mem[X,0x000000008012175E] -> 0x0000
[1080] [M]: 0x000000008012175C (0x00000013) addi zero, zero, 0x0
mem[X,0x0000000080121760] -> 0x0617
mem[X,0x0000000080121762] -> 0x0000
[1081] [M]: 0x0000000080121760 (0x00000617) auipc a2, 0x0
x12 <- 0x0000000080121760
mem[X,0x0000000080121764] -> 0x0613
mem[X,0x0000000080121766] -> 0xF2C6
[1082] [M]: 0x0000000080121764 (0xF2C60613) addi a2, a2, -0xd4
x12 <- 0x000000008012168C
mem[X,0x0000000080121768] -> 0x0013
mem[X,0x000000008012176A] -> 0x0000
[1083] [M]: 0x0000000080121768 (0x00000013) addi zero, zero, 0x0
mem[X,0x000000008012176C] -> 0x0013
mem[X,0x000000008012176E] -> 0x0000
[1084] [M]: 0x000000008012176C (0x00000013) addi zero, zero, 0x0
mem[X,0x0000000080121770] -> 0x0013
mem[X,0x0000000080121772] -> 0x0000
[1085] [M]: 0x0000000080121770 (0x00000013) addi zero, zero, 0x0
mem[X,0x0000000080121774] -> 0x0013
mem[X,0x0000000080121776] -> 0x0000
[1086] [M]: 0x0000000080121774 (0x00000013) addi zero, zero, 0x0
mem[X,0x0000000080121778] -> 0x0013
mem[X,0x000000008012177A] -> 0x0000
[1087] [M]: 0x0000000080121778 (0x00000013) addi zero, zero, 0x0
mem[X,0x000000008012177C] -> 0x0013
mem[X,0x000000008012177E] -> 0x0000
[1088] [M]: 0x000000008012177C (0x00000013) addi zero, zero, 0x0
mem[X,0x0000000080121780] -> 0x7613
mem[X,0x0000000080121782] -> 0xFFC6
[1089] [M]: 0x0000000080121780 (0xFFC67613) andi a2, a2, -0x4
x12 <- 0x000000008012168C
mem[X,0x0000000080121784] -> 0x85B3
mem[X,0x0000000080121786] -> 0x40C5
[1090] [M]: 0x0000000080121784 (0x40C585B3) sub a1, a1, a2
x11 <- 0x0000000000000087
mem[X,0x0000000080121788] -> 0xB423
mem[X,0x000000008012178A] -> 0x0AB3
[1091] [M]: 0x0000000080121788 (0x0AB3B423) sd a1, 0xa8(t2)
mem[0x00000000801251C0] <- 0x0000000000000087
mem[X,0x000000008012178C] -> 0x0013
mem[X,0x000000008012178E] -> 0x0000
[1092] [M]: 0x000000008012178C (0x00000013) addi zero, zero, 0x0
mem[X,0x0000000080121790] -> 0x0013
mem[X,0x0000000080121792] -> 0x0000
[1093] [M]: 0x0000000080121790 (0x00000013) addi zero, zero, 0x0
mem[X,0x0000000080121794] -> 0x0013
mem[X,0x0000000080121796] -> 0x0000
[1094] [M]: 0x0000000080121794 (0x00000013) addi zero, zero, 0x0
mem[X,0x0000000080121798] -> 0x0013
mem[X,0x000000008012179A] -> 0x0000
[1095] [M]: 0x0000000080121798 (0x00000013) addi zero, zero, 0x0
mem[X,0x000000008012179C] -> 0x0013
mem[X,0x000000008012179E] -> 0x0000
[1096] [M]: 0x000000008012179C (0x00000013) addi zero, zero, 0x0
mem[X,0x00000000801217A0] -> 0x0617
mem[X,0x00000000801217A2] -> 0x0000
[1097] [M]: 0x00000000801217A0 (0x00000617) auipc a2, 0x0
x12 <- 0x00000000801217A0
mem[X,0x00000000801217A4] -> 0x0613
mem[X,0x00000000801217A6] -> 0x06C6
[1098] [M]: 0x00000000801217A4 (0x06C60613) addi a2, a2, 0x6c
x12 <- 0x000000008012180C
mem[X,0x00000000801217A8] -> 0x0013
mem[X,0x00000000801217AA] -> 0x0000
[1099] [M]: 0x00000000801217A8 (0x00000013) addi zero, zero, 0x0
clint::tick mtime <- 0x000000000000000B
 clint timer pending at mtime 0x000000000000000B
htif::tick 0x0000000000000000
mem[X,0x00000000801217AC] -> 0x0013
mem[X,0x00000000801217AE] -> 0x0000
[1100] [M]: 0x00000000801217AC (0x00000013) addi zero, zero, 0x0
mem[X,0x00000000801217B0] -> 0x0013
mem[X,0x00000000801217B2] -> 0x0000
[1101] [M]: 0x00000000801217B0 (0x00000013) addi zero, zero, 0x0
mem[X,0x00000000801217B4] -> 0x0013
mem[X,0x00000000801217B6] -> 0x0000
[1102] [M]: 0x00000000801217B4 (0x00000013) addi zero, zero, 0x0
mem[X,0x00000000801217B8] -> 0x0013
mem[X,0x00000000801217BA] -> 0x0000
[1103] [M]: 0x00000000801217B8 (0x00000013) addi zero, zero, 0x0
mem[X,0x00000000801217BC] -> 0x0013
mem[X,0x00000000801217BE] -> 0x0000
[1104] [M]: 0x00000000801217BC (0x00000013) addi zero, zero, 0x0
mem[X,0x00000000801217C0] -> 0x0067
mem[X,0x00000000801217C2] -> 0x0006
[1105] [M]: 0x00000000801217C0 (0x00060067) jalr zero, 0x0(a2)
mem[X,0x000000008012180C] -> 0x046F
mem[X,0x000000008012180E] -> 0x00C0
[1106] [M]: 0x000000008012180C (0x00C0046F) jal fp, 0xc
x8 <- 0x0000000080121810
mem[X,0x0000000080121818] -> 0x4413
mem[X,0x000000008012181A] -> 0x0034
[1107] [M]: 0x0000000080121818 (0x00344413) xori fp, fp, 0x3
x8 <- 0x0000000080121813
mem[X,0x000000008012181C] -> 0x0013
mem[X,0x000000008012181E] -> 0x0000
[1108] [M]: 0x000000008012181C (0x00000013) addi zero, zero, 0x0
mem[X,0x0000000080121820] -> 0x0617
mem[X,0x0000000080121822] -> 0x0000
[1109] [M]: 0x0000000080121820 (0x00000617) auipc a2, 0x0
x12 <- 0x0000000080121820
mem[X,0x0000000080121824] -> 0x0613
mem[X,0x0000000080121826] -> 0x0246
[1110] [M]: 0x0000000080121824 (0x02460613) addi a2, a2, 0x24
x12 <- 0x0000000080121844
mem[X,0x0000000080121828] -> 0x0013
mem[X,0x000000008012182A] -> 0x0000
[1111] [M]: 0x0000000080121828 (0x00000013) addi zero, zero, 0x0
mem[X,0x000000008012182C] -> 0x0013
mem[X,0x000000008012182E] -> 0x0000
[1112] [M]: 0x000000008012182C (0x00000013) addi zero, zero, 0x0
mem[X,0x0000000080121830] -> 0x0013
mem[X,0x0000000080121832] -> 0x0000
[1113] [M]: 0x0000000080121830 (0x00000013) addi zero, zero, 0x0
mem[X,0x0000000080121834] -> 0x0013
mem[X,0x0000000080121836] -> 0x0000
[1114] [M]: 0x0000000080121834 (0x00000013) addi zero, zero, 0x0
mem[X,0x0000000080121838] -> 0x0013
mem[X,0x000000008012183A] -> 0x0000
[1115] [M]: 0x0000000080121838 (0x00000013) addi zero, zero, 0x0
mem[X,0x000000008012183C] -> 0x0013
mem[X,0x000000008012183E] -> 0x0000
[1116] [M]: 0x000000008012183C (0x00000013) addi zero, zero, 0x0
mem[X,0x0000000080121840] -> 0x0067
mem[X,0x0000000080121842] -> 0x0006
[1117] [M]: 0x0000000080121840 (0x00060067) jalr zero, 0x0(a2)
mem[X,0x0000000080121844] -> 0x0013
mem[X,0x0000000080121846] -> 0x0000
[1118] [M]: 0x0000000080121844 (0x00000013) addi zero, zero, 0x0
mem[X,0x0000000080121848] -> 0x0013
mem[X,0x000000008012184A] -> 0x0000
[1119] [M]: 0x0000000080121848 (0x00000013) addi zero, zero, 0x0
mem[X,0x000000008012184C] -> 0x0013
mem[X,0x000000008012184E] -> 0x0000
[1120] [M]: 0x000000008012184C (0x00000013) addi zero, zero, 0x0
mem[X,0x0000000080121850] -> 0x0013
mem[X,0x0000000080121852] -> 0x0000
[1121] [M]: 0x0000000080121850 (0x00000013) addi zero, zero, 0x0
mem[X,0x0000000080121854] -> 0x0013
mem[X,0x0000000080121856] -> 0x0000
[1122] [M]: 0x0000000080121854 (0x00000013) addi zero, zero, 0x0
mem[X,0x0000000080121858] -> 0x0013
mem[X,0x000000008012185A] -> 0x0000
[1123] [M]: 0x0000000080121858 (0x00000013) addi zero, zero, 0x0
mem[X,0x000000008012185C] -> 0x0013
mem[X,0x000000008012185E] -> 0x0000
[1124] [M]: 0x000000008012185C (0x00000013) addi zero, zero, 0x0
mem[X,0x0000000080121860] -> 0x0617
mem[X,0x0000000080121862] -> 0x0000
[1125] [M]: 0x0000000080121860 (0x00000617) auipc a2, 0x0
x12 <- 0x0000000080121860
mem[X,0x0000000080121864] -> 0x0613
mem[X,0x0000000080121866] -> 0xF2C6
[1126] [M]: 0x0000000080121864 (0xF2C60613) addi a2, a2, -0xd4
x12 <- 0x000000008012178C
mem[X,0x0000000080121868] -> 0x0013
mem[X,0x000000008012186A] -> 0x0000
[1127] [M]: 0x0000000080121868 (0x00000013) addi zero, zero, 0x0
mem[X,0x000000008012186C] -> 0x0013
mem[X,0x000000008012186E] -> 0x0000
[1128] [M]: 0x000000008012186C (0x00000013) addi zero, zero, 0x0
mem[X,0x0000000080121870] -> 0x0013
mem[X,0x0000000080121872] -> 0x0000
[1129] [M]: 0x0000000080121870 (0x00000013) addi zero, zero, 0x0
mem[X,0x0000000080121874] -> 0x0013
mem[X,0x0000000080121876] -> 0x0000
[1130] [M]: 0x0000000080121874 (0x00000013) addi zero, zero, 0x0
mem[X,0x0000000080121878] -> 0x0013
mem[X,0x000000008012187A] -> 0x0000
[1131] [M]: 0x0000000080121878 (0x00000013) addi zero, zero, 0x0
mem[X,0x000000008012187C] -> 0x0013
mem[X,0x000000008012187E] -> 0x0000
[1132] [M]: 0x000000008012187C (0x00000013) addi zero, zero, 0x0
mem[X,0x0000000080121880] -> 0x7613
mem[X,0x0000000080121882] -> 0xFFC6
[1133] [M]: 0x0000000080121880 (0xFFC67613) andi a2, a2, -0x4
x12 <- 0x000000008012178C
mem[X,0x0000000080121884] -> 0x0433
mem[X,0x0000000080121886] -> 0x40C4
[1134] [M]: 0x0000000080121884 (0x40C40433) sub fp, fp, a2
x8 <- 0x0000000000000087
mem[X,0x0000000080121888] -> 0xB823
mem[X,0x000000008012188A] -> 0x0A83
[1135] [M]: 0x0000000080121888 (0x0A83B823) sd fp, 0xb0(t2)
mem[0x00000000801251C8] <- 0x0000000000000087
mem[X,0x000000008012188C] -> 0x0013
mem[X,0x000000008012188E] -> 0x0000
[1136] [M]: 0x000000008012188C (0x00000013) addi zero, zero, 0x0
mem[X,0x0000000080121890] -> 0x0013
mem[X,0x0000000080121892] -> 0x0000
[1137] [M]: 0x0000000080121890 (0x00000013) addi zero, zero, 0x0
mem[X,0x0000000080121894] -> 0x0013
mem[X,0x0000000080121896] -> 0x0000
[1138] [M]: 0x0000000080121894 (0x00000013) addi zero, zero, 0x0
mem[X,0x0000000080121898] -> 0x0013
mem[X,0x000000008012189A] -> 0x0000
[1139] [M]: 0x0000000080121898 (0x00000013) addi zero, zero, 0x0
mem[X,0x000000008012189C] -> 0x0013
mem[X,0x000000008012189E] -> 0x0000
[1140] [M]: 0x000000008012189C (0x00000013) addi zero, zero, 0x0
mem[X,0x00000000801218A0] -> 0x0617
mem[X,0x00000000801218A2] -> 0x0000
[1141] [M]: 0x00000000801218A0 (0x00000617) auipc a2, 0x0
x12 <- 0x00000000801218A0
mem[X,0x00000000801218A4] -> 0x0613
mem[X,0x00000000801218A6] -> 0x06C6
[1142] [M]: 0x00000000801218A4 (0x06C60613) addi a2, a2, 0x6c
x12 <- 0x000000008012190C
mem[X,0x00000000801218A8] -> 0x0013
mem[X,0x00000000801218AA] -> 0x0000
[1143] [M]: 0x00000000801218A8 (0x00000013) addi zero, zero, 0x0
mem[X,0x00000000801218AC] -> 0x0013
mem[X,0x00000000801218AE] -> 0x0000
[1144] [M]: 0x00000000801218AC (0x00000013) addi zero, zero, 0x0
mem[X,0x00000000801218B0] -> 0x0013
mem[X,0x00000000801218B2] -> 0x0000
[1145] [M]: 0x00000000801218B0 (0x00000013) addi zero, zero, 0x0
mem[X,0x00000000801218B4] -> 0x0013
mem[X,0x00000000801218B6] -> 0x0000
[1146] [M]: 0x00000000801218B4 (0x00000013) addi zero, zero, 0x0
mem[X,0x00000000801218B8] -> 0x0013
mem[X,0x00000000801218BA] -> 0x0000
[1147] [M]: 0x00000000801218B8 (0x00000013) addi zero, zero, 0x0
mem[X,0x00000000801218BC] -> 0x0013
mem[X,0x00000000801218BE] -> 0x0000
[1148] [M]: 0x00000000801218BC (0x00000013) addi zero, zero, 0x0
mem[X,0x00000000801218C0] -> 0x0067
mem[X,0x00000000801218C2] -> 0x0006
[1149] [M]: 0x00000000801218C0 (0x00060067) jalr zero, 0x0(a2)
mem[X,0x000000008012190C] -> 0x0EEF
mem[X,0x000000008012190E] -> 0x00C0
[1150] [M]: 0x000000008012190C (0x00C00EEF) jal t4, 0xc
x29 <- 0x0000000080121910
mem[X,0x0000000080121918] -> 0xCE93
mem[X,0x000000008012191A] -> 0x003E
[1151] [M]: 0x0000000080121918 (0x003ECE93) xori t4, t4, 0x3
x29 <- 0x0000000080121913
mem[X,0x000000008012191C] -> 0x0013
mem[X,0x000000008012191E] -> 0x0000
[1152] [M]: 0x000000008012191C (0x00000013) addi zero, zero, 0x0
mem[X,0x0000000080121920] -> 0x0617
mem[X,0x0000000080121922] -> 0x0000
[1153] [M]: 0x0000000080121920 (0x00000617) auipc a2, 0x0
x12 <- 0x0000000080121920
mem[X,0x0000000080121924] -> 0x0613
mem[X,0x0000000080121926] -> 0x0246
[1154] [M]: 0x0000000080121924 (0x02460613) addi a2, a2, 0x24
x12 <- 0x0000000080121944
mem[X,0x0000000080121928] -> 0x0013
mem[X,0x000000008012192A] -> 0x0000
[1155] [M]: 0x0000000080121928 (0x00000013) addi zero, zero, 0x0
mem[X,0x000000008012192C] -> 0x0013
mem[X,0x000000008012192E] -> 0x0000
[1156] [M]: 0x000000008012192C (0x00000013) addi zero, zero, 0x0
mem[X,0x0000000080121930] -> 0x0013
mem[X,0x0000000080121932] -> 0x0000
[1157] [M]: 0x0000000080121930 (0x00000013) addi zero, zero, 0x0
mem[X,0x0000000080121934] -> 0x0013
mem[X,0x0000000080121936] -> 0x0000
[1158] [M]: 0x0000000080121934 (0x00000013) addi zero, zero, 0x0
mem[X,0x0000000080121938] -> 0x0013
mem[X,0x000000008012193A] -> 0x0000
[1159] [M]: 0x0000000080121938 (0x00000013) addi zero, zero, 0x0
mem[X,0x000000008012193C] -> 0x0013
mem[X,0x000000008012193E] -> 0x0000
[1160] [M]: 0x000000008012193C (0x00000013) addi zero, zero, 0x0
mem[X,0x0000000080121940] -> 0x0067
mem[X,0x0000000080121942] -> 0x0006
[1161] [M]: 0x0000000080121940 (0x00060067) jalr zero, 0x0(a2)
mem[X,0x0000000080121944] -> 0x0013
mem[X,0x0000000080121946] -> 0x0000
[1162] [M]: 0x0000000080121944 (0x00000013) addi zero, zero, 0x0
mem[X,0x0000000080121948] -> 0x0013
mem[X,0x000000008012194A] -> 0x0000
[1163] [M]: 0x0000000080121948 (0x00000013) addi zero, zero, 0x0
mem[X,0x000000008012194C] -> 0x0013
mem[X,0x000000008012194E] -> 0x0000
[1164] [M]: 0x000000008012194C (0x00000013) addi zero, zero, 0x0
mem[X,0x0000000080121950] -> 0x0013
mem[X,0x0000000080121952] -> 0x0000
[1165] [M]: 0x0000000080121950 (0x00000013) addi zero, zero, 0x0
mem[X,0x0000000080121954] -> 0x0013
mem[X,0x0000000080121956] -> 0x0000
[1166] [M]: 0x0000000080121954 (0x00000013) addi zero, zero, 0x0
mem[X,0x0000000080121958] -> 0x0013
mem[X,0x000000008012195A] -> 0x0000
[1167] [M]: 0x0000000080121958 (0x00000013) addi zero, zero, 0x0
mem[X,0x000000008012195C] -> 0x0013
mem[X,0x000000008012195E] -> 0x0000
[1168] [M]: 0x000000008012195C (0x00000013) addi zero, zero, 0x0
mem[X,0x0000000080121960] -> 0x0617
mem[X,0x0000000080121962] -> 0x0000
[1169] [M]: 0x0000000080121960 (0x00000617) auipc a2, 0x0
x12 <- 0x0000000080121960
mem[X,0x0000000080121964] -> 0x0613
mem[X,0x0000000080121966] -> 0xF2C6
[1170] [M]: 0x0000000080121964 (0xF2C60613) addi a2, a2, -0xd4
x12 <- 0x000000008012188C
mem[X,0x0000000080121968] -> 0x0013
mem[X,0x000000008012196A] -> 0x0000
[1171] [M]: 0x0000000080121968 (0x00000013) addi zero, zero, 0x0
mem[X,0x000000008012196C] -> 0x0013
mem[X,0x000000008012196E] -> 0x0000
[1172] [M]: 0x000000008012196C (0x00000013) addi zero, zero, 0x0
mem[X,0x0000000080121970] -> 0x0013
mem[X,0x0000000080121972] -> 0x0000
[1173] [M]: 0x0000000080121970 (0x00000013) addi zero, zero, 0x0
mem[X,0x0000000080121974] -> 0x0013
mem[X,0x0000000080121976] -> 0x0000
[1174] [M]: 0x0000000080121974 (0x00000013) addi zero, zero, 0x0
mem[X,0x0000000080121978] -> 0x0013
mem[X,0x000000008012197A] -> 0x0000
[1175] [M]: 0x0000000080121978 (0x00000013) addi zero, zero, 0x0
mem[X,0x000000008012197C] -> 0x0013
mem[X,0x000000008012197E] -> 0x0000
[1176] [M]: 0x000000008012197C (0x00000013) addi zero, zero, 0x0
mem[X,0x0000000080121980] -> 0x7613
mem[X,0x0000000080121982] -> 0xFFC6
[1177] [M]: 0x0000000080121980 (0xFFC67613) andi a2, a2, -0x4
x12 <- 0x000000008012188C
mem[X,0x0000000080121984] -> 0x8EB3
mem[X,0x0000000080121986] -> 0x40CE
[1178] [M]: 0x0000000080121984 (0x40CE8EB3) sub t4, t4, a2
x29 <- 0x0000000000000087
mem[X,0x0000000080121988] -> 0xBC23
mem[X,0x000000008012198A] -> 0x0BD3
[1179] [M]: 0x0000000080121988 (0x0BD3BC23) sd t4, 0xb8(t2)
mem[0x00000000801251D0] <- 0x0000000000000087
mem[X,0x000000008012198C] -> 0x0013
mem[X,0x000000008012198E] -> 0x0000
[1180] [M]: 0x000000008012198C (0x00000013) addi zero, zero, 0x0
mem[X,0x0000000080121990] -> 0x0013
mem[X,0x0000000080121992] -> 0x0000
[1181] [M]: 0x0000000080121990 (0x00000013) addi zero, zero, 0x0
mem[X,0x0000000080121994] -> 0x0013
mem[X,0x0000000080121996] -> 0x0000
[1182] [M]: 0x0000000080121994 (0x00000013) addi zero, zero, 0x0
mem[X,0x0000000080121998] -> 0x0013
mem[X,0x000000008012199A] -> 0x0000
[1183] [M]: 0x0000000080121998 (0x00000013) addi zero, zero, 0x0
mem[X,0x000000008012199C] -> 0x0013
mem[X,0x000000008012199E] -> 0x0000
[1184] [M]: 0x000000008012199C (0x00000013) addi zero, zero, 0x0
mem[X,0x00000000801219A0] -> 0x0617
mem[X,0x00000000801219A2] -> 0x0000
[1185] [M]: 0x00000000801219A0 (0x00000617) auipc a2, 0x0
x12 <- 0x00000000801219A0
mem[X,0x00000000801219A4] -> 0x0613
mem[X,0x00000000801219A6] -> 0x06C6
[1186] [M]: 0x00000000801219A4 (0x06C60613) addi a2, a2, 0x6c
x12 <- 0x0000000080121A0C
mem[X,0x00000000801219A8] -> 0x0013
mem[X,0x00000000801219AA] -> 0x0000
[1187] [M]: 0x00000000801219A8 (0x00000013) addi zero, zero, 0x0
mem[X,0x00000000801219AC] -> 0x0013
mem[X,0x00000000801219AE] -> 0x0000
[1188] [M]: 0x00000000801219AC (0x00000013) addi zero, zero, 0x0
mem[X,0x00000000801219B0] -> 0x0013
mem[X,0x00000000801219B2] -> 0x0000
[1189] [M]: 0x00000000801219B0 (0x00000013) addi zero, zero, 0x0
mem[X,0x00000000801219B4] -> 0x0013
mem[X,0x00000000801219B6] -> 0x0000
[1190] [M]: 0x00000000801219B4 (0x00000013) addi zero, zero, 0x0
mem[X,0x00000000801219B8] -> 0x0013
mem[X,0x00000000801219BA] -> 0x0000
[1191] [M]: 0x00000000801219B8 (0x00000013) addi zero, zero, 0x0
mem[X,0x00000000801219BC] -> 0x0013
mem[X,0x00000000801219BE] -> 0x0000
[1192] [M]: 0x00000000801219BC (0x00000013) addi zero, zero, 0x0
mem[X,0x00000000801219C0] -> 0x0067
mem[X,0x00000000801219C2] -> 0x0006
[1193] [M]: 0x00000000801219C0 (0x00060067) jalr zero, 0x0(a2)
mem[X,0x0000000080121A0C] -> 0x086F
mem[X,0x0000000080121A0E] -> 0x00C0
[1194] [M]: 0x0000000080121A0C (0x00C0086F) jal a6, 0xc
x16 <- 0x0000000080121A10
mem[X,0x0000000080121A18] -> 0x4813
mem[X,0x0000000080121A1A] -> 0x0038
[1195] [M]: 0x0000000080121A18 (0x00384813) xori a6, a6, 0x3
x16 <- 0x0000000080121A13
mem[X,0x0000000080121A1C] -> 0x0013
mem[X,0x0000000080121A1E] -> 0x0000
[1196] [M]: 0x0000000080121A1C (0x00000013) addi zero, zero, 0x0
mem[X,0x0000000080121A20] -> 0x0617
mem[X,0x0000000080121A22] -> 0x0000
[1197] [M]: 0x0000000080121A20 (0x00000617) auipc a2, 0x0
x12 <- 0x0000000080121A20
mem[X,0x0000000080121A24] -> 0x0613
mem[X,0x0000000080121A26] -> 0x0246
[1198] [M]: 0x0000000080121A24 (0x02460613) addi a2, a2, 0x24
x12 <- 0x0000000080121A44
mem[X,0x0000000080121A28] -> 0x0013
mem[X,0x0000000080121A2A] -> 0x0000
[1199] [M]: 0x0000000080121A28 (0x00000013) addi zero, zero, 0x0
clint::tick mtime <- 0x000000000000000C
 clint timer pending at mtime 0x000000000000000C
htif::tick 0x0000000000000000
mem[X,0x0000000080121A2C] -> 0x0013
mem[X,0x0000000080121A2E] -> 0x0000
[1200] [M]: 0x0000000080121A2C (0x00000013) addi zero, zero, 0x0
mem[X,0x0000000080121A30] -> 0x0013
mem[X,0x0000000080121A32] -> 0x0000
[1201] [M]: 0x0000000080121A30 (0x00000013) addi zero, zero, 0x0
mem[X,0x0000000080121A34] -> 0x0013
mem[X,0x0000000080121A36] -> 0x0000
[1202] [M]: 0x0000000080121A34 (0x00000013) addi zero, zero, 0x0
mem[X,0x0000000080121A38] -> 0x0013
mem[X,0x0000000080121A3A] -> 0x0000
[1203] [M]: 0x0000000080121A38 (0x00000013) addi zero, zero, 0x0
mem[X,0x0000000080121A3C] -> 0x0013
mem[X,0x0000000080121A3E] -> 0x0000
[1204] [M]: 0x0000000080121A3C (0x00000013) addi zero, zero, 0x0
mem[X,0x0000000080121A40] -> 0x0067
mem[X,0x0000000080121A42] -> 0x0006
[1205] [M]: 0x0000000080121A40 (0x00060067) jalr zero, 0x0(a2)
mem[X,0x0000000080121A44] -> 0x0013
mem[X,0x0000000080121A46] -> 0x0000
[1206] [M]: 0x0000000080121A44 (0x00000013) addi zero, zero, 0x0
mem[X,0x0000000080121A48] -> 0x0013
mem[X,0x0000000080121A4A] -> 0x0000
[1207] [M]: 0x0000000080121A48 (0x00000013) addi zero, zero, 0x0
mem[X,0x0000000080121A4C] -> 0x0013
mem[X,0x0000000080121A4E] -> 0x0000
[1208] [M]: 0x0000000080121A4C (0x00000013) addi zero, zero, 0x0
mem[X,0x0000000080121A50] -> 0x0013
mem[X,0x0000000080121A52] -> 0x0000
[1209] [M]: 0x0000000080121A50 (0x00000013) addi zero, zero, 0x0
mem[X,0x0000000080121A54] -> 0x0013
mem[X,0x0000000080121A56] -> 0x0000
[1210] [M]: 0x0000000080121A54 (0x00000013) addi zero, zero, 0x0
mem[X,0x0000000080121A58] -> 0x0013
mem[X,0x0000000080121A5A] -> 0x0000
[1211] [M]: 0x0000000080121A58 (0x00000013) addi zero, zero, 0x0
mem[X,0x0000000080121A5C] -> 0x0013
mem[X,0x0000000080121A5E] -> 0x0000
[1212] [M]: 0x0000000080121A5C (0x00000013) addi zero, zero, 0x0
mem[X,0x0000000080121A60] -> 0x0617
mem[X,0x0000000080121A62] -> 0x0000
[1213] [M]: 0x0000000080121A60 (0x00000617) auipc a2, 0x0
x12 <- 0x0000000080121A60
mem[X,0x0000000080121A64] -> 0x0613
mem[X,0x0000000080121A66] -> 0xF2C6
[1214] [M]: 0x0000000080121A64 (0xF2C60613) addi a2, a2, -0xd4
x12 <- 0x000000008012198C
mem[X,0x0000000080121A68] -> 0x0013
mem[X,0x0000000080121A6A] -> 0x0000
[1215] [M]: 0x0000000080121A68 (0x00000013) addi zero, zero, 0x0
mem[X,0x0000000080121A6C] -> 0x0013
mem[X,0x0000000080121A6E] -> 0x0000
[1216] [M]: 0x0000000080121A6C (0x00000013) addi zero, zero, 0x0
mem[X,0x0000000080121A70] -> 0x0013
mem[X,0x0000000080121A72] -> 0x0000
[1217] [M]: 0x0000000080121A70 (0x00000013) addi zero, zero, 0x0
mem[X,0x0000000080121A74] -> 0x0013
mem[X,0x0000000080121A76] -> 0x0000
[1218] [M]: 0x0000000080121A74 (0x00000013) addi zero, zero, 0x0
mem[X,0x0000000080121A78] -> 0x0013
mem[X,0x0000000080121A7A] -> 0x0000
[1219] [M]: 0x0000000080121A78 (0x00000013) addi zero, zero, 0x0
mem[X,0x0000000080121A7C] -> 0x0013
mem[X,0x0000000080121A7E] -> 0x0000
[1220] [M]: 0x0000000080121A7C (0x00000013) addi zero, zero, 0x0
mem[X,0x0000000080121A80] -> 0x7613
mem[X,0x0000000080121A82] -> 0xFFC6
[1221] [M]: 0x0000000080121A80 (0xFFC67613) andi a2, a2, -0x4
x12 <- 0x000000008012198C
mem[X,0x0000000080121A84] -> 0x0833
mem[X,0x0000000080121A86] -> 0x40C8
[1222] [M]: 0x0000000080121A84 (0x40C80833) sub a6, a6, a2
x16 <- 0x0000000000000087
mem[X,0x0000000080121A88] -> 0xB023
mem[X,0x0000000080121A8A] -> 0x0D03
[1223] [M]: 0x0000000080121A88 (0x0D03B023) sd a6, 0xc0(t2)
mem[0x00000000801251D8] <- 0x0000000000000087
mem[X,0x0000000080121A8C] -> 0x0013
mem[X,0x0000000080121A8E] -> 0x0000
[1224] [M]: 0x0000000080121A8C (0x00000013) addi zero, zero, 0x0
mem[X,0x0000000080121A90] -> 0x0013
mem[X,0x0000000080121A92] -> 0x0000
[1225] [M]: 0x0000000080121A90 (0x00000013) addi zero, zero, 0x0
mem[X,0x0000000080121A94] -> 0x0013
mem[X,0x0000000080121A96] -> 0x0000
[1226] [M]: 0x0000000080121A94 (0x00000013) addi zero, zero, 0x0
mem[X,0x0000000080121A98] -> 0x0013
mem[X,0x0000000080121A9A] -> 0x0000
[1227] [M]: 0x0000000080121A98 (0x00000013) addi zero, zero, 0x0
mem[X,0x0000000080121A9C] -> 0x0013
mem[X,0x0000000080121A9E] -> 0x0000
[1228] [M]: 0x0000000080121A9C (0x00000013) addi zero, zero, 0x0
mem[X,0x0000000080121AA0] -> 0x0617
mem[X,0x0000000080121AA2] -> 0x0000
[1229] [M]: 0x0000000080121AA0 (0x00000617) auipc a2, 0x0
x12 <- 0x0000000080121AA0
mem[X,0x0000000080121AA4] -> 0x0613
mem[X,0x0000000080121AA6] -> 0x06C6
[1230] [M]: 0x0000000080121AA4 (0x06C60613) addi a2, a2, 0x6c
x12 <- 0x0000000080121B0C
mem[X,0x0000000080121AA8] -> 0x0013
mem[X,0x0000000080121AAA] -> 0x0000
[1231] [M]: 0x0000000080121AA8 (0x00000013) addi zero, zero, 0x0
mem[X,0x0000000080121AAC] -> 0x0013
mem[X,0x0000000080121AAE] -> 0x0000
[1232] [M]: 0x0000000080121AAC (0x00000013) addi zero, zero, 0x0
mem[X,0x0000000080121AB0] -> 0x0013
mem[X,0x0000000080121AB2] -> 0x0000
[1233] [M]: 0x0000000080121AB0 (0x00000013) addi zero, zero, 0x0
mem[X,0x0000000080121AB4] -> 0x0013
mem[X,0x0000000080121AB6] -> 0x0000
[1234] [M]: 0x0000000080121AB4 (0x00000013) addi zero, zero, 0x0
mem[X,0x0000000080121AB8] -> 0x0013
mem[X,0x0000000080121ABA] -> 0x0000
[1235] [M]: 0x0000000080121AB8 (0x00000013) addi zero, zero, 0x0
mem[X,0x0000000080121ABC] -> 0x0013
mem[X,0x0000000080121ABE] -> 0x0000
[1236] [M]: 0x0000000080121ABC (0x00000013) addi zero, zero, 0x0
mem[X,0x0000000080121AC0] -> 0x0067
mem[X,0x0000000080121AC2] -> 0x0006
[1237] [M]: 0x0000000080121AC0 (0x00060067) jalr zero, 0x0(a2)
mem[X,0x0000000080121B0C] -> 0x08EF
mem[X,0x0000000080121B0E] -> 0x00C0
[1238] [M]: 0x0000000080121B0C (0x00C008EF) jal a7, 0xc
x17 <- 0x0000000080121B10
mem[X,0x0000000080121B18] -> 0xC893
mem[X,0x0000000080121B1A] -> 0x0038
[1239] [M]: 0x0000000080121B18 (0x0038C893) xori a7, a7, 0x3
x17 <- 0x0000000080121B13
mem[X,0x0000000080121B1C] -> 0x0013
mem[X,0x0000000080121B1E] -> 0x0000
[1240] [M]: 0x0000000080121B1C (0x00000013) addi zero, zero, 0x0
mem[X,0x0000000080121B20] -> 0x0617
mem[X,0x0000000080121B22] -> 0x0000
[1241] [M]: 0x0000000080121B20 (0x00000617) auipc a2, 0x0
x12 <- 0x0000000080121B20
mem[X,0x0000000080121B24] -> 0x0613
mem[X,0x0000000080121B26] -> 0x0246
[1242] [M]: 0x0000000080121B24 (0x02460613) addi a2, a2, 0x24
x12 <- 0x0000000080121B44
mem[X,0x0000000080121B28] -> 0x0013
mem[X,0x0000000080121B2A] -> 0x0000
[1243] [M]: 0x0000000080121B28 (0x00000013) addi zero, zero, 0x0
mem[X,0x0000000080121B2C] -> 0x0013
mem[X,0x0000000080121B2E] -> 0x0000
[1244] [M]: 0x0000000080121B2C (0x00000013) addi zero, zero, 0x0
mem[X,0x0000000080121B30] -> 0x0013
mem[X,0x0000000080121B32] -> 0x0000
[1245] [M]: 0x0000000080121B30 (0x00000013) addi zero, zero, 0x0
mem[X,0x0000000080121B34] -> 0x0013
mem[X,0x0000000080121B36] -> 0x0000
[1246] [M]: 0x0000000080121B34 (0x00000013) addi zero, zero, 0x0
mem[X,0x0000000080121B38] -> 0x0013
mem[X,0x0000000080121B3A] -> 0x0000
[1247] [M]: 0x0000000080121B38 (0x00000013) addi zero, zero, 0x0
mem[X,0x0000000080121B3C] -> 0x0013
mem[X,0x0000000080121B3E] -> 0x0000
[1248] [M]: 0x0000000080121B3C (0x00000013) addi zero, zero, 0x0
mem[X,0x0000000080121B40] -> 0x0067
mem[X,0x0000000080121B42] -> 0x0006
[1249] [M]: 0x0000000080121B40 (0x00060067) jalr zero, 0x0(a2)
mem[X,0x0000000080121B44] -> 0x0013
mem[X,0x0000000080121B46] -> 0x0000
[1250] [M]: 0x0000000080121B44 (0x00000013) addi zero, zero, 0x0
mem[X,0x0000000080121B48] -> 0x0013
mem[X,0x0000000080121B4A] -> 0x0000
[1251] [M]: 0x0000000080121B48 (0x00000013) addi zero, zero, 0x0
mem[X,0x0000000080121B4C] -> 0x0013
mem[X,0x0000000080121B4E] -> 0x0000
[1252] [M]: 0x0000000080121B4C (0x00000013) addi zero, zero, 0x0
mem[X,0x0000000080121B50] -> 0x0013
mem[X,0x0000000080121B52] -> 0x0000
[1253] [M]: 0x0000000080121B50 (0x00000013) addi zero, zero, 0x0
mem[X,0x0000000080121B54] -> 0x0013
mem[X,0x0000000080121B56] -> 0x0000
[1254] [M]: 0x0000000080121B54 (0x00000013) addi zero, zero, 0x0
mem[X,0x0000000080121B58] -> 0x0013
mem[X,0x0000000080121B5A] -> 0x0000
[1255] [M]: 0x0000000080121B58 (0x00000013) addi zero, zero, 0x0
mem[X,0x0000000080121B5C] -> 0x0013
mem[X,0x0000000080121B5E] -> 0x0000
[1256] [M]: 0x0000000080121B5C (0x00000013) addi zero, zero, 0x0
mem[X,0x0000000080121B60] -> 0x0617
mem[X,0x0000000080121B62] -> 0x0000
[1257] [M]: 0x0000000080121B60 (0x00000617) auipc a2, 0x0
x12 <- 0x0000000080121B60
mem[X,0x0000000080121B64] -> 0x0613
mem[X,0x0000000080121B66] -> 0xF2C6
[1258] [M]: 0x0000000080121B64 (0xF2C60613) addi a2, a2, -0xd4
x12 <- 0x0000000080121A8C
mem[X,0x0000000080121B68] -> 0x0013
mem[X,0x0000000080121B6A] -> 0x0000
[1259] [M]: 0x0000000080121B68 (0x00000013) addi zero, zero, 0x0
mem[X,0x0000000080121B6C] -> 0x0013
mem[X,0x0000000080121B6E] -> 0x0000
[1260] [M]: 0x0000000080121B6C (0x00000013) addi zero, zero, 0x0
mem[X,0x0000000080121B70] -> 0x0013
mem[X,0x0000000080121B72] -> 0x0000
[1261] [M]: 0x0000000080121B70 (0x00000013) addi zero, zero, 0x0
mem[X,0x0000000080121B74] -> 0x0013
mem[X,0x0000000080121B76] -> 0x0000
[1262] [M]: 0x0000000080121B74 (0x00000013) addi zero, zero, 0x0
mem[X,0x0000000080121B78] -> 0x0013
mem[X,0x0000000080121B7A] -> 0x0000
[1263] [M]: 0x0000000080121B78 (0x00000013) addi zero, zero, 0x0
mem[X,0x0000000080121B7C] -> 0x0013
mem[X,0x0000000080121B7E] -> 0x0000
[1264] [M]: 0x0000000080121B7C (0x00000013) addi zero, zero, 0x0
mem[X,0x0000000080121B80] -> 0x7613
mem[X,0x0000000080121B82] -> 0xFFC6
[1265] [M]: 0x0000000080121B80 (0xFFC67613) andi a2, a2, -0x4
x12 <- 0x0000000080121A8C
mem[X,0x0000000080121B84] -> 0x88B3
mem[X,0x0000000080121B86] -> 0x40C8
[1266] [M]: 0x0000000080121B84 (0x40C888B3) sub a7, a7, a2
x17 <- 0x0000000000000087
mem[X,0x0000000080121B88] -> 0xB423
mem[X,0x0000000080121B8A] -> 0x0D13
[1267] [M]: 0x0000000080121B88 (0x0D13B423) sd a7, 0xc8(t2)
mem[0x00000000801251E0] <- 0x0000000000000087
mem[X,0x0000000080121B8C] -> 0x0013
mem[X,0x0000000080121B8E] -> 0x0000
[1268] [M]: 0x0000000080121B8C (0x00000013) addi zero, zero, 0x0
mem[X,0x0000000080121B90] -> 0x0013
mem[X,0x0000000080121B92] -> 0x0000
[1269] [M]: 0x0000000080121B90 (0x00000013) addi zero, zero, 0x0
mem[X,0x0000000080121B94] -> 0x0013
mem[X,0x0000000080121B96] -> 0x0000
[1270] [M]: 0x0000000080121B94 (0x00000013) addi zero, zero, 0x0
mem[X,0x0000000080121B98] -> 0x0013
mem[X,0x0000000080121B9A] -> 0x0000
[1271] [M]: 0x0000000080121B98 (0x00000013) addi zero, zero, 0x0
mem[X,0x0000000080121B9C] -> 0x0013
mem[X,0x0000000080121B9E] -> 0x0000
[1272] [M]: 0x0000000080121B9C (0x00000013) addi zero, zero, 0x0
mem[X,0x0000000080121BA0] -> 0x0617
mem[X,0x0000000080121BA2] -> 0x0000
[1273] [M]: 0x0000000080121BA0 (0x00000617) auipc a2, 0x0
x12 <- 0x0000000080121BA0
mem[X,0x0000000080121BA4] -> 0x0613
mem[X,0x0000000080121BA6] -> 0x06C6
[1274] [M]: 0x0000000080121BA4 (0x06C60613) addi a2, a2, 0x6c
x12 <- 0x0000000080121C0C
mem[X,0x0000000080121BA8] -> 0x0013
mem[X,0x0000000080121BAA] -> 0x0000
[1275] [M]: 0x0000000080121BA8 (0x00000013) addi zero, zero, 0x0
mem[X,0x0000000080121BAC] -> 0x0013
mem[X,0x0000000080121BAE] -> 0x0000
[1276] [M]: 0x0000000080121BAC (0x00000013) addi zero, zero, 0x0
mem[X,0x0000000080121BB0] -> 0x0013
mem[X,0x0000000080121BB2] -> 0x0000
[1277] [M]: 0x0000000080121BB0 (0x00000013) addi zero, zero, 0x0
mem[X,0x0000000080121BB4] -> 0x0013
mem[X,0x0000000080121BB6] -> 0x0000
[1278] [M]: 0x0000000080121BB4 (0x00000013) addi zero, zero, 0x0
mem[X,0x0000000080121BB8] -> 0x0013
mem[X,0x0000000080121BBA] -> 0x0000
[1279] [M]: 0x0000000080121BB8 (0x00000013) addi zero, zero, 0x0
mem[X,0x0000000080121BBC] -> 0x0013
mem[X,0x0000000080121BBE] -> 0x0000
[1280] [M]: 0x0000000080121BBC (0x00000013) addi zero, zero, 0x0
mem[X,0x0000000080121BC0] -> 0x0067
mem[X,0x0000000080121BC2] -> 0x0006
[1281] [M]: 0x0000000080121BC0 (0x00060067) jalr zero, 0x0(a2)
mem[X,0x0000000080121C0C] -> 0x0A6F
mem[X,0x0000000080121C0E] -> 0x00C0
[1282] [M]: 0x0000000080121C0C (0x00C00A6F) jal s4, 0xc
x20 <- 0x0000000080121C10
mem[X,0x0000000080121C18] -> 0x4A13
mem[X,0x0000000080121C1A] -> 0x003A
[1283] [M]: 0x0000000080121C18 (0x003A4A13) xori s4, s4, 0x3
x20 <- 0x0000000080121C13
mem[X,0x0000000080121C1C] -> 0x0013
mem[X,0x0000000080121C1E] -> 0x0000
[1284] [M]: 0x0000000080121C1C (0x00000013) addi zero, zero, 0x0
mem[X,0x0000000080121C20] -> 0x0617
mem[X,0x0000000080121C22] -> 0x0000
[1285] [M]: 0x0000000080121C20 (0x00000617) auipc a2, 0x0
x12 <- 0x0000000080121C20
mem[X,0x0000000080121C24] -> 0x0613
mem[X,0x0000000080121C26] -> 0x0246
[1286] [M]: 0x0000000080121C24 (0x02460613) addi a2, a2, 0x24
x12 <- 0x0000000080121C44
mem[X,0x0000000080121C28] -> 0x0013
mem[X,0x0000000080121C2A] -> 0x0000
[1287] [M]: 0x0000000080121C28 (0x00000013) addi zero, zero, 0x0
mem[X,0x0000000080121C2C] -> 0x0013
mem[X,0x0000000080121C2E] -> 0x0000
[1288] [M]: 0x0000000080121C2C (0x00000013) addi zero, zero, 0x0
mem[X,0x0000000080121C30] -> 0x0013
mem[X,0x0000000080121C32] -> 0x0000
[1289] [M]: 0x0000000080121C30 (0x00000013) addi zero, zero, 0x0
mem[X,0x0000000080121C34] -> 0x0013
mem[X,0x0000000080121C36] -> 0x0000
[1290] [M]: 0x0000000080121C34 (0x00000013) addi zero, zero, 0x0
mem[X,0x0000000080121C38] -> 0x0013
mem[X,0x0000000080121C3A] -> 0x0000
[1291] [M]: 0x0000000080121C38 (0x00000013) addi zero, zero, 0x0
mem[X,0x0000000080121C3C] -> 0x0013
mem[X,0x0000000080121C3E] -> 0x0000
[1292] [M]: 0x0000000080121C3C (0x00000013) addi zero, zero, 0x0
mem[X,0x0000000080121C40] -> 0x0067
mem[X,0x0000000080121C42] -> 0x0006
[1293] [M]: 0x0000000080121C40 (0x00060067) jalr zero, 0x0(a2)
mem[X,0x0000000080121C44] -> 0x0013
mem[X,0x0000000080121C46] -> 0x0000
[1294] [M]: 0x0000000080121C44 (0x00000013) addi zero, zero, 0x0
mem[X,0x0000000080121C48] -> 0x0013
mem[X,0x0000000080121C4A] -> 0x0000
[1295] [M]: 0x0000000080121C48 (0x00000013) addi zero, zero, 0x0
mem[X,0x0000000080121C4C] -> 0x0013
mem[X,0x0000000080121C4E] -> 0x0000
[1296] [M]: 0x0000000080121C4C (0x00000013) addi zero, zero, 0x0
mem[X,0x0000000080121C50] -> 0x0013
mem[X,0x0000000080121C52] -> 0x0000
[1297] [M]: 0x0000000080121C50 (0x00000013) addi zero, zero, 0x0
mem[X,0x0000000080121C54] -> 0x0013
mem[X,0x0000000080121C56] -> 0x0000
[1298] [M]: 0x0000000080121C54 (0x00000013) addi zero, zero, 0x0
mem[X,0x0000000080121C58] -> 0x0013
mem[X,0x0000000080121C5A] -> 0x0000
[1299] [M]: 0x0000000080121C58 (0x00000013) addi zero, zero, 0x0
clint::tick mtime <- 0x000000000000000D
 clint timer pending at mtime 0x000000000000000D
htif::tick 0x0000000000000000
mem[X,0x0000000080121C5C] -> 0x0013
mem[X,0x0000000080121C5E] -> 0x0000
[1300] [M]: 0x0000000080121C5C (0x00000013) addi zero, zero, 0x0
mem[X,0x0000000080121C60] -> 0x0617
mem[X,0x0000000080121C62] -> 0x0000
[1301] [M]: 0x0000000080121C60 (0x00000617) auipc a2, 0x0
x12 <- 0x0000000080121C60
mem[X,0x0000000080121C64] -> 0x0613
mem[X,0x0000000080121C66] -> 0xF2C6
[1302] [M]: 0x0000000080121C64 (0xF2C60613) addi a2, a2, -0xd4
x12 <- 0x0000000080121B8C
mem[X,0x0000000080121C68] -> 0x0013
mem[X,0x0000000080121C6A] -> 0x0000
[1303] [M]: 0x0000000080121C68 (0x00000013) addi zero, zero, 0x0
mem[X,0x0000000080121C6C] -> 0x0013
mem[X,0x0000000080121C6E] -> 0x0000
[1304] [M]: 0x0000000080121C6C (0x00000013) addi zero, zero, 0x0
mem[X,0x0000000080121C70] -> 0x0013
mem[X,0x0000000080121C72] -> 0x0000
[1305] [M]: 0x0000000080121C70 (0x00000013) addi zero, zero, 0x0
mem[X,0x0000000080121C74] -> 0x0013
mem[X,0x0000000080121C76] -> 0x0000
[1306] [M]: 0x0000000080121C74 (0x00000013) addi zero, zero, 0x0
mem[X,0x0000000080121C78] -> 0x0013
mem[X,0x0000000080121C7A] -> 0x0000
[1307] [M]: 0x0000000080121C78 (0x00000013) addi zero, zero, 0x0
mem[X,0x0000000080121C7C] -> 0x0013
mem[X,0x0000000080121C7E] -> 0x0000
[1308] [M]: 0x0000000080121C7C (0x00000013) addi zero, zero, 0x0
mem[X,0x0000000080121C80] -> 0x7613
mem[X,0x0000000080121C82] -> 0xFFC6
[1309] [M]: 0x0000000080121C80 (0xFFC67613) andi a2, a2, -0x4
x12 <- 0x0000000080121B8C
mem[X,0x0000000080121C84] -> 0x0A33
mem[X,0x0000000080121C86] -> 0x40CA
[1310] [M]: 0x0000000080121C84 (0x40CA0A33) sub s4, s4, a2
x20 <- 0x0000000000000087
mem[X,0x0000000080121C88] -> 0xB823
mem[X,0x0000000080121C8A] -> 0x0D43
[1311] [M]: 0x0000000080121C88 (0x0D43B823) sd s4, 0xd0(t2)
mem[0x00000000801251E8] <- 0x0000000000000087
mem[X,0x0000000080121C8C] -> 0x0013
mem[X,0x0000000080121C8E] -> 0x0000
[1312] [M]: 0x0000000080121C8C (0x00000013) addi zero, zero, 0x0
mem[X,0x0000000080121C90] -> 0x0013
mem[X,0x0000000080121C92] -> 0x0000
[1313] [M]: 0x0000000080121C90 (0x00000013) addi zero, zero, 0x0
mem[X,0x0000000080121C94] -> 0x0013
mem[X,0x0000000080121C96] -> 0x0000
[1314] [M]: 0x0000000080121C94 (0x00000013) addi zero, zero, 0x0
mem[X,0x0000000080121C98] -> 0x0013
mem[X,0x0000000080121C9A] -> 0x0000
[1315] [M]: 0x0000000080121C98 (0x00000013) addi zero, zero, 0x0
mem[X,0x0000000080121C9C] -> 0x0013
mem[X,0x0000000080121C9E] -> 0x0000
[1316] [M]: 0x0000000080121C9C (0x00000013) addi zero, zero, 0x0
mem[X,0x0000000080121CA0] -> 0x0617
mem[X,0x0000000080121CA2] -> 0x0000
[1317] [M]: 0x0000000080121CA0 (0x00000617) auipc a2, 0x0
x12 <- 0x0000000080121CA0
mem[X,0x0000000080121CA4] -> 0x0613
mem[X,0x0000000080121CA6] -> 0x06C6
[1318] [M]: 0x0000000080121CA4 (0x06C60613) addi a2, a2, 0x6c
x12 <- 0x0000000080121D0C
mem[X,0x0000000080121CA8] -> 0x0013
mem[X,0x0000000080121CAA] -> 0x0000
[1319] [M]: 0x0000000080121CA8 (0x00000013) addi zero, zero, 0x0
mem[X,0x0000000080121CAC] -> 0x0013
mem[X,0x0000000080121CAE] -> 0x0000
[1320] [M]: 0x0000000080121CAC (0x00000013) addi zero, zero, 0x0
mem[X,0x0000000080121CB0] -> 0x0013
mem[X,0x0000000080121CB2] -> 0x0000
[1321] [M]: 0x0000000080121CB0 (0x00000013) addi zero, zero, 0x0
mem[X,0x0000000080121CB4] -> 0x0013
mem[X,0x0000000080121CB6] -> 0x0000
[1322] [M]: 0x0000000080121CB4 (0x00000013) addi zero, zero, 0x0
mem[X,0x0000000080121CB8] -> 0x0013
mem[X,0x0000000080121CBA] -> 0x0000
[1323] [M]: 0x0000000080121CB8 (0x00000013) addi zero, zero, 0x0
mem[X,0x0000000080121CBC] -> 0x0013
mem[X,0x0000000080121CBE] -> 0x0000
[1324] [M]: 0x0000000080121CBC (0x00000013) addi zero, zero, 0x0
mem[X,0x0000000080121CC0] -> 0x0067
mem[X,0x0000000080121CC2] -> 0x0006
[1325] [M]: 0x0000000080121CC0 (0x00060067) jalr zero, 0x0(a2)
mem[X,0x0000000080121D0C] -> 0x0CEF
mem[X,0x0000000080121D0E] -> 0x00C0
[1326] [M]: 0x0000000080121D0C (0x00C00CEF) jal s9, 0xc
x25 <- 0x0000000080121D10
mem[X,0x0000000080121D18] -> 0xCC93
mem[X,0x0000000080121D1A] -> 0x003C
[1327] [M]: 0x0000000080121D18 (0x003CCC93) xori s9, s9, 0x3
x25 <- 0x0000000080121D13
mem[X,0x0000000080121D1C] -> 0x0013
mem[X,0x0000000080121D1E] -> 0x0000
[1328] [M]: 0x0000000080121D1C (0x00000013) addi zero, zero, 0x0
mem[X,0x0000000080121D20] -> 0x0617
mem[X,0x0000000080121D22] -> 0x0000
[1329] [M]: 0x0000000080121D20 (0x00000617) auipc a2, 0x0
x12 <- 0x0000000080121D20
mem[X,0x0000000080121D24] -> 0x0613
mem[X,0x0000000080121D26] -> 0x0246
[1330] [M]: 0x0000000080121D24 (0x02460613) addi a2, a2, 0x24
x12 <- 0x0000000080121D44
mem[X,0x0000000080121D28] -> 0x0013
mem[X,0x0000000080121D2A] -> 0x0000
[1331] [M]: 0x0000000080121D28 (0x00000013) addi zero, zero, 0x0
mem[X,0x0000000080121D2C] -> 0x0013
mem[X,0x0000000080121D2E] -> 0x0000
[1332] [M]: 0x0000000080121D2C (0x00000013) addi zero, zero, 0x0
mem[X,0x0000000080121D30] -> 0x0013
mem[X,0x0000000080121D32] -> 0x0000
[1333] [M]: 0x0000000080121D30 (0x00000013) addi zero, zero, 0x0
mem[X,0x0000000080121D34] -> 0x0013
mem[X,0x0000000080121D36] -> 0x0000
[1334] [M]: 0x0000000080121D34 (0x00000013) addi zero, zero, 0x0
mem[X,0x0000000080121D38] -> 0x0013
mem[X,0x0000000080121D3A] -> 0x0000
[1335] [M]: 0x0000000080121D38 (0x00000013) addi zero, zero, 0x0
mem[X,0x0000000080121D3C] -> 0x0013
mem[X,0x0000000080121D3E] -> 0x0000
[1336] [M]: 0x0000000080121D3C (0x00000013) addi zero, zero, 0x0
mem[X,0x0000000080121D40] -> 0x0067
mem[X,0x0000000080121D42] -> 0x0006
[1337] [M]: 0x0000000080121D40 (0x00060067) jalr zero, 0x0(a2)
mem[X,0x0000000080121D44] -> 0x0013
mem[X,0x0000000080121D46] -> 0x0000
[1338] [M]: 0x0000000080121D44 (0x00000013) addi zero, zero, 0x0
mem[X,0x0000000080121D48] -> 0x0013
mem[X,0x0000000080121D4A] -> 0x0000
[1339] [M]: 0x0000000080121D48 (0x00000013) addi zero, zero, 0x0
mem[X,0x0000000080121D4C] -> 0x0013
mem[X,0x0000000080121D4E] -> 0x0000
[1340] [M]: 0x0000000080121D4C (0x00000013) addi zero, zero, 0x0
mem[X,0x0000000080121D50] -> 0x0013
mem[X,0x0000000080121D52] -> 0x0000
[1341] [M]: 0x0000000080121D50 (0x00000013) addi zero, zero, 0x0
mem[X,0x0000000080121D54] -> 0x0013
mem[X,0x0000000080121D56] -> 0x0000
[1342] [M]: 0x0000000080121D54 (0x00000013) addi zero, zero, 0x0
mem[X,0x0000000080121D58] -> 0x0013
mem[X,0x0000000080121D5A] -> 0x0000
[1343] [M]: 0x0000000080121D58 (0x00000013) addi zero, zero, 0x0
mem[X,0x0000000080121D5C] -> 0x0013
mem[X,0x0000000080121D5E] -> 0x0000
[1344] [M]: 0x0000000080121D5C (0x00000013) addi zero, zero, 0x0
mem[X,0x0000000080121D60] -> 0x0617
mem[X,0x0000000080121D62] -> 0x0000
[1345] [M]: 0x0000000080121D60 (0x00000617) auipc a2, 0x0
x12 <- 0x0000000080121D60
mem[X,0x0000000080121D64] -> 0x0613
mem[X,0x0000000080121D66] -> 0xF2C6
[1346] [M]: 0x0000000080121D64 (0xF2C60613) addi a2, a2, -0xd4
x12 <- 0x0000000080121C8C
mem[X,0x0000000080121D68] -> 0x0013
mem[X,0x0000000080121D6A] -> 0x0000
[1347] [M]: 0x0000000080121D68 (0x00000013) addi zero, zero, 0x0
mem[X,0x0000000080121D6C] -> 0x0013
mem[X,0x0000000080121D6E] -> 0x0000
[1348] [M]: 0x0000000080121D6C (0x00000013) addi zero, zero, 0x0
mem[X,0x0000000080121D70] -> 0x0013
mem[X,0x0000000080121D72] -> 0x0000
[1349] [M]: 0x0000000080121D70 (0x00000013) addi zero, zero, 0x0
mem[X,0x0000000080121D74] -> 0x0013
mem[X,0x0000000080121D76] -> 0x0000
[1350] [M]: 0x0000000080121D74 (0x00000013) addi zero, zero, 0x0
mem[X,0x0000000080121D78] -> 0x0013
mem[X,0x0000000080121D7A] -> 0x0000
[1351] [M]: 0x0000000080121D78 (0x00000013) addi zero, zero, 0x0
mem[X,0x0000000080121D7C] -> 0x0013
mem[X,0x0000000080121D7E] -> 0x0000
[1352] [M]: 0x0000000080121D7C (0x00000013) addi zero, zero, 0x0
mem[X,0x0000000080121D80] -> 0x7613
mem[X,0x0000000080121D82] -> 0xFFC6
[1353] [M]: 0x0000000080121D80 (0xFFC67613) andi a2, a2, -0x4
x12 <- 0x0000000080121C8C
mem[X,0x0000000080121D84] -> 0x8CB3
mem[X,0x0000000080121D86] -> 0x40CC
[1354] [M]: 0x0000000080121D84 (0x40CC8CB3) sub s9, s9, a2
x25 <- 0x0000000000000087
mem[X,0x0000000080121D88] -> 0xBC23
mem[X,0x0000000080121D8A] -> 0x0D93
[1355] [M]: 0x0000000080121D88 (0x0D93BC23) sd s9, 0xd8(t2)
mem[0x00000000801251F0] <- 0x0000000000000087
mem[X,0x0000000080121D8C] -> 0x0013
mem[X,0x0000000080121D8E] -> 0x0000
[1356] [M]: 0x0000000080121D8C (0x00000013) addi zero, zero, 0x0
mem[X,0x0000000080121D90] -> 0x0013
mem[X,0x0000000080121D92] -> 0x0000
[1357] [M]: 0x0000000080121D90 (0x00000013) addi zero, zero, 0x0
mem[X,0x0000000080121D94] -> 0x0013
mem[X,0x0000000080121D96] -> 0x0000
[1358] [M]: 0x0000000080121D94 (0x00000013) addi zero, zero, 0x0
mem[X,0x0000000080121D98] -> 0x0013
mem[X,0x0000000080121D9A] -> 0x0000
[1359] [M]: 0x0000000080121D98 (0x00000013) addi zero, zero, 0x0
mem[X,0x0000000080121D9C] -> 0x0013
mem[X,0x0000000080121D9E] -> 0x0000
[1360] [M]: 0x0000000080121D9C (0x00000013) addi zero, zero, 0x0
mem[X,0x0000000080121DA0] -> 0x0117
mem[X,0x0000000080121DA2] -> 0x0000
[1361] [M]: 0x0000000080121DA0 (0x00000117) auipc sp, 0x0
x2 <- 0x0000000080121DA0
mem[X,0x0000000080121DA4] -> 0x0113
mem[X,0x0000000080121DA6] -> 0x06C1
[1362] [M]: 0x0000000080121DA4 (0x06C10113) addi sp, sp, 0x6c
x2 <- 0x0000000080121E0C
mem[X,0x0000000080121DA8] -> 0x0013
mem[X,0x0000000080121DAA] -> 0x0000
[1363] [M]: 0x0000000080121DA8 (0x00000013) addi zero, zero, 0x0
mem[X,0x0000000080121DAC] -> 0x0013
mem[X,0x0000000080121DAE] -> 0x0000
[1364] [M]: 0x0000000080121DAC (0x00000013) addi zero, zero, 0x0
mem[X,0x0000000080121DB0] -> 0x0013
mem[X,0x0000000080121DB2] -> 0x0000
[1365] [M]: 0x0000000080121DB0 (0x00000013) addi zero, zero, 0x0
mem[X,0x0000000080121DB4] -> 0x0013
mem[X,0x0000000080121DB6] -> 0x0000
[1366] [M]: 0x0000000080121DB4 (0x00000013) addi zero, zero, 0x0
mem[X,0x0000000080121DB8] -> 0x0013
mem[X,0x0000000080121DBA] -> 0x0000
[1367] [M]: 0x0000000080121DB8 (0x00000013) addi zero, zero, 0x0
mem[X,0x0000000080121DBC] -> 0x0013
mem[X,0x0000000080121DBE] -> 0x0000
[1368] [M]: 0x0000000080121DBC (0x00000013) addi zero, zero, 0x0
mem[X,0x0000000080121DC0] -> 0x0067
mem[X,0x0000000080121DC2] -> 0x0001
[1369] [M]: 0x0000000080121DC0 (0x00010067) jalr zero, 0x0(sp)
mem[X,0x0000000080121E0C] -> 0x066F
mem[X,0x0000000080121E0E] -> 0x00C0
[1370] [M]: 0x0000000080121E0C (0x00C0066F) jal a2, 0xc
x12 <- 0x0000000080121E10
mem[X,0x0000000080121E18] -> 0x4613
mem[X,0x0000000080121E1A] -> 0x0036
[1371] [M]: 0x0000000080121E18 (0x00364613) xori a2, a2, 0x3
x12 <- 0x0000000080121E13
mem[X,0x0000000080121E1C] -> 0x0013
mem[X,0x0000000080121E1E] -> 0x0000
[1372] [M]: 0x0000000080121E1C (0x00000013) addi zero, zero, 0x0
mem[X,0x0000000080121E20] -> 0x0117
mem[X,0x0000000080121E22] -> 0x0000
[1373] [M]: 0x0000000080121E20 (0x00000117) auipc sp, 0x0
x2 <- 0x0000000080121E20
mem[X,0x0000000080121E24] -> 0x0113
mem[X,0x0000000080121E26] -> 0x0241
[1374] [M]: 0x0000000080121E24 (0x02410113) addi sp, sp, 0x24
x2 <- 0x0000000080121E44
mem[X,0x0000000080121E28] -> 0x0013
mem[X,0x0000000080121E2A] -> 0x0000
[1375] [M]: 0x0000000080121E28 (0x00000013) addi zero, zero, 0x0
mem[X,0x0000000080121E2C] -> 0x0013
mem[X,0x0000000080121E2E] -> 0x0000
[1376] [M]: 0x0000000080121E2C (0x00000013) addi zero, zero, 0x0
mem[X,0x0000000080121E30] -> 0x0013
mem[X,0x0000000080121E32] -> 0x0000
[1377] [M]: 0x0000000080121E30 (0x00000013) addi zero, zero, 0x0
mem[X,0x0000000080121E34] -> 0x0013
mem[X,0x0000000080121E36] -> 0x0000
[1378] [M]: 0x0000000080121E34 (0x00000013) addi zero, zero, 0x0
mem[X,0x0000000080121E38] -> 0x0013
mem[X,0x0000000080121E3A] -> 0x0000
[1379] [M]: 0x0000000080121E38 (0x00000013) addi zero, zero, 0x0
mem[X,0x0000000080121E3C] -> 0x0013
mem[X,0x0000000080121E3E] -> 0x0000
[1380] [M]: 0x0000000080121E3C (0x00000013) addi zero, zero, 0x0
mem[X,0x0000000080121E40] -> 0x0067
mem[X,0x0000000080121E42] -> 0x0001
[1381] [M]: 0x0000000080121E40 (0x00010067) jalr zero, 0x0(sp)
mem[X,0x0000000080121E44] -> 0x0013
mem[X,0x0000000080121E46] -> 0x0000
[1382] [M]: 0x0000000080121E44 (0x00000013) addi zero, zero, 0x0
mem[X,0x0000000080121E48] -> 0x0013
mem[X,0x0000000080121E4A] -> 0x0000
[1383] [M]: 0x0000000080121E48 (0x00000013) addi zero, zero, 0x0
mem[X,0x0000000080121E4C] -> 0x0013
mem[X,0x0000000080121E4E] -> 0x0000
[1384] [M]: 0x0000000080121E4C (0x00000013) addi zero, zero, 0x0
mem[X,0x0000000080121E50] -> 0x0013
mem[X,0x0000000080121E52] -> 0x0000
[1385] [M]: 0x0000000080121E50 (0x00000013) addi zero, zero, 0x0
mem[X,0x0000000080121E54] -> 0x0013
mem[X,0x0000000080121E56] -> 0x0000
[1386] [M]: 0x0000000080121E54 (0x00000013) addi zero, zero, 0x0
mem[X,0x0000000080121E58] -> 0x0013
mem[X,0x0000000080121E5A] -> 0x0000
[1387] [M]: 0x0000000080121E58 (0x00000013) addi zero, zero, 0x0
mem[X,0x0000000080121E5C] -> 0x0013
mem[X,0x0000000080121E5E] -> 0x0000
[1388] [M]: 0x0000000080121E5C (0x00000013) addi zero, zero, 0x0
mem[X,0x0000000080121E60] -> 0x0117
mem[X,0x0000000080121E62] -> 0x0000
[1389] [M]: 0x0000000080121E60 (0x00000117) auipc sp, 0x0
x2 <- 0x0000000080121E60
mem[X,0x0000000080121E64] -> 0x0113
mem[X,0x0000000080121E66] -> 0xF2C1
[1390] [M]: 0x0000000080121E64 (0xF2C10113) addi sp, sp, -0xd4
x2 <- 0x0000000080121D8C
mem[X,0x0000000080121E68] -> 0x0013
mem[X,0x0000000080121E6A] -> 0x0000
[1391] [M]: 0x0000000080121E68 (0x00000013) addi zero, zero, 0x0
mem[X,0x0000000080121E6C] -> 0x0013
mem[X,0x0000000080121E6E] -> 0x0000
[1392] [M]: 0x0000000080121E6C (0x00000013) addi zero, zero, 0x0
mem[X,0x0000000080121E70] -> 0x0013
mem[X,0x0000000080121E72] -> 0x0000
[1393] [M]: 0x0000000080121E70 (0x00000013) addi zero, zero, 0x0
mem[X,0x0000000080121E74] -> 0x0013
mem[X,0x0000000080121E76] -> 0x0000
[1394] [M]: 0x0000000080121E74 (0x00000013) addi zero, zero, 0x0
mem[X,0x0000000080121E78] -> 0x0013
mem[X,0x0000000080121E7A] -> 0x0000
[1395] [M]: 0x0000000080121E78 (0x00000013) addi zero, zero, 0x0
mem[X,0x0000000080121E7C] -> 0x0013
mem[X,0x0000000080121E7E] -> 0x0000
[1396] [M]: 0x0000000080121E7C (0x00000013) addi zero, zero, 0x0
mem[X,0x0000000080121E80] -> 0x7113
mem[X,0x0000000080121E82] -> 0xFFC1
[1397] [M]: 0x0000000080121E80 (0xFFC17113) andi sp, sp, -0x4
x2 <- 0x0000000080121D8C
mem[X,0x0000000080121E84] -> 0x0633
mem[X,0x0000000080121E86] -> 0x4026
[1398] [M]: 0x0000000080121E84 (0x40260633) sub a2, a2, sp
x12 <- 0x0000000000000087
mem[X,0x0000000080121E88] -> 0xB023
mem[X,0x0000000080121E8A] -> 0x0EC3
[1399] [M]: 0x0000000080121E88 (0x0EC3B023) sd a2, 0xe0(t2)
mem[0x00000000801251F8] <- 0x0000000000000087
clint::tick mtime <- 0x000000000000000E
 clint timer pending at mtime 0x000000000000000E
htif::tick 0x0000000000000000
mem[X,0x0000000080121E8C] -> 0x0013
mem[X,0x0000000080121E8E] -> 0x0000
[1400] [M]: 0x0000000080121E8C (0x00000013) addi zero, zero, 0x0
mem[X,0x0000000080121E90] -> 0x0013
mem[X,0x0000000080121E92] -> 0x0000
[1401] [M]: 0x0000000080121E90 (0x00000013) addi zero, zero, 0x0
mem[X,0x0000000080121E94] -> 0x0013
mem[X,0x0000000080121E96] -> 0x0000
[1402] [M]: 0x0000000080121E94 (0x00000013) addi zero, zero, 0x0
mem[X,0x0000000080121E98] -> 0x0013
mem[X,0x0000000080121E9A] -> 0x0000
[1403] [M]: 0x0000000080121E98 (0x00000013) addi zero, zero, 0x0
mem[X,0x0000000080121E9C] -> 0x0013
mem[X,0x0000000080121E9E] -> 0x0000
[1404] [M]: 0x0000000080121E9C (0x00000013) addi zero, zero, 0x0
mem[X,0x0000000080121EA0] -> 0x3097
mem[X,0x0000000080121EA2] -> 0x0000
[1405] [M]: 0x0000000080121EA0 (0x00003097) auipc ra, 0x3
x1 <- 0x0000000080124EA0
mem[X,0x0000000080121EA4] -> 0x8093
mem[X,0x0000000080121EA6] -> 0x3600
[1406] [M]: 0x0000000080121EA4 (0x36008093) addi ra, ra, 0x360
x1 <- 0x0000000080125200
mem[X,0x0000000080121EA8] -> 0x0013
mem[X,0x0000000080121EAA] -> 0x0000
[1407] [M]: 0x0000000080121EA8 (0x00000013) addi zero, zero, 0x0
mem[X,0x0000000080121EAC] -> 0x0013
mem[X,0x0000000080121EAE] -> 0x0000
[1408] [M]: 0x0000000080121EAC (0x00000013) addi zero, zero, 0x0
mem[X,0x0000000080121EB0] -> 0x0013
mem[X,0x0000000080121EB2] -> 0x0000
[1409] [M]: 0x0000000080121EB0 (0x00000013) addi zero, zero, 0x0
mem[X,0x0000000080121EB4] -> 0x0013
mem[X,0x0000000080121EB6] -> 0x0000
[1410] [M]: 0x0000000080121EB4 (0x00000013) addi zero, zero, 0x0
mem[X,0x0000000080121EB8] -> 0x0013
mem[X,0x0000000080121EBA] -> 0x0000
[1411] [M]: 0x0000000080121EB8 (0x00000013) addi zero, zero, 0x0
mem[X,0x0000000080121EBC] -> 0x0013
mem[X,0x0000000080121EBE] -> 0x0000
[1412] [M]: 0x0000000080121EBC (0x00000013) addi zero, zero, 0x0
mem[X,0x0000000080121EC0] -> 0x0117
mem[X,0x0000000080121EC2] -> 0x0000
[1413] [M]: 0x0000000080121EC0 (0x00000117) auipc sp, 0x0
x2 <- 0x0000000080121EC0
mem[X,0x0000000080121EC4] -> 0x0113
mem[X,0x0000000080121EC6] -> 0x06C1
[1414] [M]: 0x0000000080121EC4 (0x06C10113) addi sp, sp, 0x6c
x2 <- 0x0000000080121F2C
mem[X,0x0000000080121EC8] -> 0x0013
mem[X,0x0000000080121ECA] -> 0x0000
[1415] [M]: 0x0000000080121EC8 (0x00000013) addi zero, zero, 0x0
mem[X,0x0000000080121ECC] -> 0x0013
mem[X,0x0000000080121ECE] -> 0x0000
[1416] [M]: 0x0000000080121ECC (0x00000013) addi zero, zero, 0x0
mem[X,0x0000000080121ED0] -> 0x0013
mem[X,0x0000000080121ED2] -> 0x0000
[1417] [M]: 0x0000000080121ED0 (0x00000013) addi zero, zero, 0x0
mem[X,0x0000000080121ED4] -> 0x0013
mem[X,0x0000000080121ED6] -> 0x0000
[1418] [M]: 0x0000000080121ED4 (0x00000013) addi zero, zero, 0x0
mem[X,0x0000000080121ED8] -> 0x0013
mem[X,0x0000000080121EDA] -> 0x0000
[1419] [M]: 0x0000000080121ED8 (0x00000013) addi zero, zero, 0x0
mem[X,0x0000000080121EDC] -> 0x0013
mem[X,0x0000000080121EDE] -> 0x0000
[1420] [M]: 0x0000000080121EDC (0x00000013) addi zero, zero, 0x0
mem[X,0x0000000080121EE0] -> 0x0067
mem[X,0x0000000080121EE2] -> 0x0001
[1421] [M]: 0x0000000080121EE0 (0x00010067) jalr zero, 0x0(sp)
mem[X,0x0000000080121F2C] -> 0x03EF
mem[X,0x0000000080121F2E] -> 0x00C0
[1422] [M]: 0x0000000080121F2C (0x00C003EF) jal t2, 0xc
x7 <- 0x0000000080121F30
mem[X,0x0000000080121F38] -> 0xC393
mem[X,0x0000000080121F3A] -> 0x0033
[1423] [M]: 0x0000000080121F38 (0x0033C393) xori t2, t2, 0x3
x7 <- 0x0000000080121F33
mem[X,0x0000000080121F3C] -> 0x0013
mem[X,0x0000000080121F3E] -> 0x0000
[1424] [M]: 0x0000000080121F3C (0x00000013) addi zero, zero, 0x0
mem[X,0x0000000080121F40] -> 0x0117
mem[X,0x0000000080121F42] -> 0x0000
[1425] [M]: 0x0000000080121F40 (0x00000117) auipc sp, 0x0
x2 <- 0x0000000080121F40
mem[X,0x0000000080121F44] -> 0x0113
mem[X,0x0000000080121F46] -> 0x0241
[1426] [M]: 0x0000000080121F44 (0x02410113) addi sp, sp, 0x24
x2 <- 0x0000000080121F64
mem[X,0x0000000080121F48] -> 0x0013
mem[X,0x0000000080121F4A] -> 0x0000
[1427] [M]: 0x0000000080121F48 (0x00000013) addi zero, zero, 0x0
mem[X,0x0000000080121F4C] -> 0x0013
mem[X,0x0000000080121F4E] -> 0x0000
[1428] [M]: 0x0000000080121F4C (0x00000013) addi zero, zero, 0x0
mem[X,0x0000000080121F50] -> 0x0013
mem[X,0x0000000080121F52] -> 0x0000
[1429] [M]: 0x0000000080121F50 (0x00000013) addi zero, zero, 0x0
mem[X,0x0000000080121F54] -> 0x0013
mem[X,0x0000000080121F56] -> 0x0000
[1430] [M]: 0x0000000080121F54 (0x00000013) addi zero, zero, 0x0
mem[X,0x0000000080121F58] -> 0x0013
mem[X,0x0000000080121F5A] -> 0x0000
[1431] [M]: 0x0000000080121F58 (0x00000013) addi zero, zero, 0x0
mem[X,0x0000000080121F5C] -> 0x0013
mem[X,0x0000000080121F5E] -> 0x0000
[1432] [M]: 0x0000000080121F5C (0x00000013) addi zero, zero, 0x0
mem[X,0x0000000080121F60] -> 0x0067
mem[X,0x0000000080121F62] -> 0x0001
[1433] [M]: 0x0000000080121F60 (0x00010067) jalr zero, 0x0(sp)
mem[X,0x0000000080121F64] -> 0x0013
mem[X,0x0000000080121F66] -> 0x0000
[1434] [M]: 0x0000000080121F64 (0x00000013) addi zero, zero, 0x0
mem[X,0x0000000080121F68] -> 0x0013
mem[X,0x0000000080121F6A] -> 0x0000
[1435] [M]: 0x0000000080121F68 (0x00000013) addi zero, zero, 0x0
mem[X,0x0000000080121F6C] -> 0x0013
mem[X,0x0000000080121F6E] -> 0x0000
[1436] [M]: 0x0000000080121F6C (0x00000013) addi zero, zero, 0x0
mem[X,0x0000000080121F70] -> 0x0013
mem[X,0x0000000080121F72] -> 0x0000
[1437] [M]: 0x0000000080121F70 (0x00000013) addi zero, zero, 0x0
mem[X,0x0000000080121F74] -> 0x0013
mem[X,0x0000000080121F76] -> 0x0000
[1438] [M]: 0x0000000080121F74 (0x00000013) addi zero, zero, 0x0
mem[X,0x0000000080121F78] -> 0x0013
mem[X,0x0000000080121F7A] -> 0x0000
[1439] [M]: 0x0000000080121F78 (0x00000013) addi zero, zero, 0x0
mem[X,0x0000000080121F7C] -> 0x0013
mem[X,0x0000000080121F7E] -> 0x0000
[1440] [M]: 0x0000000080121F7C (0x00000013) addi zero, zero, 0x0
mem[X,0x0000000080121F80] -> 0x0117
mem[X,0x0000000080121F82] -> 0x0000
[1441] [M]: 0x0000000080121F80 (0x00000117) auipc sp, 0x0
x2 <- 0x0000000080121F80
mem[X,0x0000000080121F84] -> 0x0113
mem[X,0x0000000080121F86] -> 0xF401
[1442] [M]: 0x0000000080121F84 (0xF4010113) addi sp, sp, -0xc0
x2 <- 0x0000000080121EC0
mem[X,0x0000000080121F88] -> 0x0013
mem[X,0x0000000080121F8A] -> 0x0000
[1443] [M]: 0x0000000080121F88 (0x00000013) addi zero, zero, 0x0
mem[X,0x0000000080121F8C] -> 0x0013
mem[X,0x0000000080121F8E] -> 0x0000
[1444] [M]: 0x0000000080121F8C (0x00000013) addi zero, zero, 0x0
mem[X,0x0000000080121F90] -> 0x0013
mem[X,0x0000000080121F92] -> 0x0000
[1445] [M]: 0x0000000080121F90 (0x00000013) addi zero, zero, 0x0
mem[X,0x0000000080121F94] -> 0x0013
mem[X,0x0000000080121F96] -> 0x0000
[1446] [M]: 0x0000000080121F94 (0x00000013) addi zero, zero, 0x0
mem[X,0x0000000080121F98] -> 0x0013
mem[X,0x0000000080121F9A] -> 0x0000
[1447] [M]: 0x0000000080121F98 (0x00000013) addi zero, zero, 0x0
mem[X,0x0000000080121F9C] -> 0x0013
mem[X,0x0000000080121F9E] -> 0x0000
[1448] [M]: 0x0000000080121F9C (0x00000013) addi zero, zero, 0x0
mem[X,0x0000000080121FA0] -> 0x7113
mem[X,0x0000000080121FA2] -> 0xFFC1
[1449] [M]: 0x0000000080121FA0 (0xFFC17113) andi sp, sp, -0x4
x2 <- 0x0000000080121EC0
mem[X,0x0000000080121FA4] -> 0x83B3
mem[X,0x0000000080121FA6] -> 0x4023
[1450] [M]: 0x0000000080121FA4 (0x402383B3) sub t2, t2, sp
x7 <- 0x0000000000000073
mem[X,0x0000000080121FA8] -> 0xB023
mem[X,0x0000000080121FAA] -> 0x0070
[1451] [M]: 0x0000000080121FA8 (0x0070B023) sd t2, 0x0(ra)
mem[0x0000000080125200] <- 0x0000000000000073
mem[X,0x0000000080121FAC] -> 0x0013
mem[X,0x0000000080121FAE] -> 0x0000
[1452] [M]: 0x0000000080121FAC (0x00000013) addi zero, zero, 0x0
mem[X,0x0000000080121FB0] -> 0x0013
mem[X,0x0000000080121FB2] -> 0x0000
[1453] [M]: 0x0000000080121FB0 (0x00000013) addi zero, zero, 0x0
mem[X,0x0000000080121FB4] -> 0x0013
mem[X,0x0000000080121FB6] -> 0x0000
[1454] [M]: 0x0000000080121FB4 (0x00000013) addi zero, zero, 0x0
mem[X,0x0000000080121FB8] -> 0x0013
mem[X,0x0000000080121FBA] -> 0x0000
[1455] [M]: 0x0000000080121FB8 (0x00000013) addi zero, zero, 0x0
mem[X,0x0000000080121FBC] -> 0x0013
mem[X,0x0000000080121FBE] -> 0x0000
[1456] [M]: 0x0000000080121FBC (0x00000013) addi zero, zero, 0x0
mem[X,0x0000000080121FC0] -> 0x0117
mem[X,0x0000000080121FC2] -> 0x0000
[1457] [M]: 0x0000000080121FC0 (0x00000117) auipc sp, 0x0
x2 <- 0x0000000080121FC0
mem[X,0x0000000080121FC4] -> 0x0113
mem[X,0x0000000080121FC6] -> 0x06C1
[1458] [M]: 0x0000000080121FC4 (0x06C10113) addi sp, sp, 0x6c
x2 <- 0x000000008012202C
mem[X,0x0000000080121FC8] -> 0x0013
mem[X,0x0000000080121FCA] -> 0x0000
[1459] [M]: 0x0000000080121FC8 (0x00000013) addi zero, zero, 0x0
mem[X,0x0000000080121FCC] -> 0x0013
mem[X,0x0000000080121FCE] -> 0x0000
[1460] [M]: 0x0000000080121FCC (0x00000013) addi zero, zero, 0x0
mem[X,0x0000000080121FD0] -> 0x0013
mem[X,0x0000000080121FD2] -> 0x0000
[1461] [M]: 0x0000000080121FD0 (0x00000013) addi zero, zero, 0x0
mem[X,0x0000000080121FD4] -> 0x0013
mem[X,0x0000000080121FD6] -> 0x0000
[1462] [M]: 0x0000000080121FD4 (0x00000013) addi zero, zero, 0x0
mem[X,0x0000000080121FD8] -> 0x0013
mem[X,0x0000000080121FDA] -> 0x0000
[1463] [M]: 0x0000000080121FD8 (0x00000013) addi zero, zero, 0x0
mem[X,0x0000000080121FDC] -> 0x0013
mem[X,0x0000000080121FDE] -> 0x0000
[1464] [M]: 0x0000000080121FDC (0x00000013) addi zero, zero, 0x0
mem[X,0x0000000080121FE0] -> 0x0067
mem[X,0x0000000080121FE2] -> 0x0001
[1465] [M]: 0x0000000080121FE0 (0x00010067) jalr zero, 0x0(sp)
mem[X,0x000000008012202C] -> 0x0E6F
mem[X,0x000000008012202E] -> 0x00C0
[1466] [M]: 0x000000008012202C (0x00C00E6F) jal t3, 0xc
x28 <- 0x0000000080122030
mem[X,0x0000000080122038] -> 0x4E13
mem[X,0x000000008012203A] -> 0x003E
[1467] [M]: 0x0000000080122038 (0x003E4E13) xori t3, t3, 0x3
x28 <- 0x0000000080122033
mem[X,0x000000008012203C] -> 0x0013
mem[X,0x000000008012203E] -> 0x0000
[1468] [M]: 0x000000008012203C (0x00000013) addi zero, zero, 0x0
mem[X,0x0000000080122040] -> 0x0117
mem[X,0x0000000080122042] -> 0x0000
[1469] [M]: 0x0000000080122040 (0x00000117) auipc sp, 0x0
x2 <- 0x0000000080122040
mem[X,0x0000000080122044] -> 0x0113
mem[X,0x0000000080122046] -> 0x0241
[1470] [M]: 0x0000000080122044 (0x02410113) addi sp, sp, 0x24
x2 <- 0x0000000080122064
mem[X,0x0000000080122048] -> 0x0013
mem[X,0x000000008012204A] -> 0x0000
[1471] [M]: 0x0000000080122048 (0x00000013) addi zero, zero, 0x0
mem[X,0x000000008012204C] -> 0x0013
mem[X,0x000000008012204E] -> 0x0000
[1472] [M]: 0x000000008012204C (0x00000013) addi zero, zero, 0x0
mem[X,0x0000000080122050] -> 0x0013
mem[X,0x0000000080122052] -> 0x0000
[1473] [M]: 0x0000000080122050 (0x00000013) addi zero, zero, 0x0
mem[X,0x0000000080122054] -> 0x0013
mem[X,0x0000000080122056] -> 0x0000
[1474] [M]: 0x0000000080122054 (0x00000013) addi zero, zero, 0x0
mem[X,0x0000000080122058] -> 0x0013
mem[X,0x000000008012205A] -> 0x0000
[1475] [M]: 0x0000000080122058 (0x00000013) addi zero, zero, 0x0
mem[X,0x000000008012205C] -> 0x0013
mem[X,0x000000008012205E] -> 0x0000
[1476] [M]: 0x000000008012205C (0x00000013) addi zero, zero, 0x0
mem[X,0x0000000080122060] -> 0x0067
mem[X,0x0000000080122062] -> 0x0001
[1477] [M]: 0x0000000080122060 (0x00010067) jalr zero, 0x0(sp)
mem[X,0x0000000080122064] -> 0x0013
mem[X,0x0000000080122066] -> 0x0000
[1478] [M]: 0x0000000080122064 (0x00000013) addi zero, zero, 0x0
mem[X,0x0000000080122068] -> 0x0013
mem[X,0x000000008012206A] -> 0x0000
[1479] [M]: 0x0000000080122068 (0x00000013) addi zero, zero, 0x0
mem[X,0x000000008012206C] -> 0x0013
mem[X,0x000000008012206E] -> 0x0000
[1480] [M]: 0x000000008012206C (0x00000013) addi zero, zero, 0x0
mem[X,0x0000000080122070] -> 0x0013
mem[X,0x0000000080122072] -> 0x0000
[1481] [M]: 0x0000000080122070 (0x00000013) addi zero, zero, 0x0
mem[X,0x0000000080122074] -> 0x0013
mem[X,0x0000000080122076] -> 0x0000
[1482] [M]: 0x0000000080122074 (0x00000013) addi zero, zero, 0x0
mem[X,0x0000000080122078] -> 0x0013
mem[X,0x000000008012207A] -> 0x0000
[1483] [M]: 0x0000000080122078 (0x00000013) addi zero, zero, 0x0
mem[X,0x000000008012207C] -> 0x0013
mem[X,0x000000008012207E] -> 0x0000
[1484] [M]: 0x000000008012207C (0x00000013) addi zero, zero, 0x0
mem[X,0x0000000080122080] -> 0x0117
mem[X,0x0000000080122082] -> 0x0000
[1485] [M]: 0x0000000080122080 (0x00000117) auipc sp, 0x0
x2 <- 0x0000000080122080
mem[X,0x0000000080122084] -> 0x0113
mem[X,0x0000000080122086] -> 0xF2C1
[1486] [M]: 0x0000000080122084 (0xF2C10113) addi sp, sp, -0xd4
x2 <- 0x0000000080121FAC
mem[X,0x0000000080122088] -> 0x0013
mem[X,0x000000008012208A] -> 0x0000
[1487] [M]: 0x0000000080122088 (0x00000013) addi zero, zero, 0x0
mem[X,0x000000008012208C] -> 0x0013
mem[X,0x000000008012208E] -> 0x0000
[1488] [M]: 0x000000008012208C (0x00000013) addi zero, zero, 0x0
mem[X,0x0000000080122090] -> 0x0013
mem[X,0x0000000080122092] -> 0x0000
[1489] [M]: 0x0000000080122090 (0x00000013) addi zero, zero, 0x0
mem[X,0x0000000080122094] -> 0x0013
mem[X,0x0000000080122096] -> 0x0000
[1490] [M]: 0x0000000080122094 (0x00000013) addi zero, zero, 0x0
mem[X,0x0000000080122098] -> 0x0013
mem[X,0x000000008012209A] -> 0x0000
[1491] [M]: 0x0000000080122098 (0x00000013) addi zero, zero, 0x0
mem[X,0x000000008012209C] -> 0x0013
mem[X,0x000000008012209E] -> 0x0000
[1492] [M]: 0x000000008012209C (0x00000013) addi zero, zero, 0x0
mem[X,0x00000000801220A0] -> 0x7113
mem[X,0x00000000801220A2] -> 0xFFC1
[1493] [M]: 0x00000000801220A0 (0xFFC17113) andi sp, sp, -0x4
x2 <- 0x0000000080121FAC
mem[X,0x00000000801220A4] -> 0x0E33
mem[X,0x00000000801220A6] -> 0x402E
[1494] [M]: 0x00000000801220A4 (0x402E0E33) sub t3, t3, sp
x28 <- 0x0000000000000087
mem[X,0x00000000801220A8] -> 0xB423
mem[X,0x00000000801220AA] -> 0x01C0
[1495] [M]: 0x00000000801220A8 (0x01C0B423) sd t3, 0x8(ra)
mem[0x0000000080125208] <- 0x0000000000000087
mem[X,0x00000000801220AC] -> 0x0013
mem[X,0x00000000801220AE] -> 0x0000
[1496] [M]: 0x00000000801220AC (0x00000013) addi zero, zero, 0x0
mem[X,0x00000000801220B0] -> 0x0013
mem[X,0x00000000801220B2] -> 0x0000
[1497] [M]: 0x00000000801220B0 (0x00000013) addi zero, zero, 0x0
mem[X,0x00000000801220B4] -> 0x0013
mem[X,0x00000000801220B6] -> 0x0000
[1498] [M]: 0x00000000801220B4 (0x00000013) addi zero, zero, 0x0
mem[X,0x00000000801220B8] -> 0x0013
mem[X,0x00000000801220BA] -> 0x0000
[1499] [M]: 0x00000000801220B8 (0x00000013) addi zero, zero, 0x0
clint::tick mtime <- 0x000000000000000F
 clint timer pending at mtime 0x000000000000000F
htif::tick 0x0000000000000000
mem[X,0x00000000801220BC] -> 0x0013
mem[X,0x00000000801220BE] -> 0x0000
[1500] [M]: 0x00000000801220BC (0x00000013) addi zero, zero, 0x0
mem[X,0x00000000801220C0] -> 0x0117
mem[X,0x00000000801220C2] -> 0x0000
[1501] [M]: 0x00000000801220C0 (0x00000117) auipc sp, 0x0
x2 <- 0x00000000801220C0
mem[X,0x00000000801220C4] -> 0x0113
mem[X,0x00000000801220C6] -> 0x06C1
[1502] [M]: 0x00000000801220C4 (0x06C10113) addi sp, sp, 0x6c
x2 <- 0x000000008012212C
mem[X,0x00000000801220C8] -> 0x0013
mem[X,0x00000000801220CA] -> 0x0000
[1503] [M]: 0x00000000801220C8 (0x00000013) addi zero, zero, 0x0
mem[X,0x00000000801220CC] -> 0x0013
mem[X,0x00000000801220CE] -> 0x0000
[1504] [M]: 0x00000000801220CC (0x00000013) addi zero, zero, 0x0
mem[X,0x00000000801220D0] -> 0x0013
mem[X,0x00000000801220D2] -> 0x0000
[1505] [M]: 0x00000000801220D0 (0x00000013) addi zero, zero, 0x0
mem[X,0x00000000801220D4] -> 0x0013
mem[X,0x00000000801220D6] -> 0x0000
[1506] [M]: 0x00000000801220D4 (0x00000013) addi zero, zero, 0x0
mem[X,0x00000000801220D8] -> 0x0013
mem[X,0x00000000801220DA] -> 0x0000
[1507] [M]: 0x00000000801220D8 (0x00000013) addi zero, zero, 0x0
mem[X,0x00000000801220DC] -> 0x0013
mem[X,0x00000000801220DE] -> 0x0000
[1508] [M]: 0x00000000801220DC (0x00000013) addi zero, zero, 0x0
mem[X,0x00000000801220E0] -> 0x0067
mem[X,0x00000000801220E2] -> 0x0001
[1509] [M]: 0x00000000801220E0 (0x00010067) jalr zero, 0x0(sp)
mem[X,0x000000008012212C] -> 0x09EF
mem[X,0x000000008012212E] -> 0x00C0
[1510] [M]: 0x000000008012212C (0x00C009EF) jal s3, 0xc
x19 <- 0x0000000080122130
mem[X,0x0000000080122138] -> 0xC993
mem[X,0x000000008012213A] -> 0x0039
[1511] [M]: 0x0000000080122138 (0x0039C993) xori s3, s3, 0x3
x19 <- 0x0000000080122133
mem[X,0x000000008012213C] -> 0x0013
mem[X,0x000000008012213E] -> 0x0000
[1512] [M]: 0x000000008012213C (0x00000013) addi zero, zero, 0x0
mem[X,0x0000000080122140] -> 0x0117
mem[X,0x0000000080122142] -> 0x0000
[1513] [M]: 0x0000000080122140 (0x00000117) auipc sp, 0x0
x2 <- 0x0000000080122140
mem[X,0x0000000080122144] -> 0x0113
mem[X,0x0000000080122146] -> 0x0241
[1514] [M]: 0x0000000080122144 (0x02410113) addi sp, sp, 0x24
x2 <- 0x0000000080122164
mem[X,0x0000000080122148] -> 0x0013
mem[X,0x000000008012214A] -> 0x0000
[1515] [M]: 0x0000000080122148 (0x00000013) addi zero, zero, 0x0
mem[X,0x000000008012214C] -> 0x0013
mem[X,0x000000008012214E] -> 0x0000
[1516] [M]: 0x000000008012214C (0x00000013) addi zero, zero, 0x0
mem[X,0x0000000080122150] -> 0x0013
mem[X,0x0000000080122152] -> 0x0000
[1517] [M]: 0x0000000080122150 (0x00000013) addi zero, zero, 0x0
mem[X,0x0000000080122154] -> 0x0013
mem[X,0x0000000080122156] -> 0x0000
[1518] [M]: 0x0000000080122154 (0x00000013) addi zero, zero, 0x0
mem[X,0x0000000080122158] -> 0x0013
mem[X,0x000000008012215A] -> 0x0000
[1519] [M]: 0x0000000080122158 (0x00000013) addi zero, zero, 0x0
mem[X,0x000000008012215C] -> 0x0013
mem[X,0x000000008012215E] -> 0x0000
[1520] [M]: 0x000000008012215C (0x00000013) addi zero, zero, 0x0
mem[X,0x0000000080122160] -> 0x0067
mem[X,0x0000000080122162] -> 0x0001
[1521] [M]: 0x0000000080122160 (0x00010067) jalr zero, 0x0(sp)
mem[X,0x0000000080122164] -> 0x0013
mem[X,0x0000000080122166] -> 0x0000
[1522] [M]: 0x0000000080122164 (0x00000013) addi zero, zero, 0x0
mem[X,0x0000000080122168] -> 0x0013
mem[X,0x000000008012216A] -> 0x0000
[1523] [M]: 0x0000000080122168 (0x00000013) addi zero, zero, 0x0
mem[X,0x000000008012216C] -> 0x0013
mem[X,0x000000008012216E] -> 0x0000
[1524] [M]: 0x000000008012216C (0x00000013) addi zero, zero, 0x0
mem[X,0x0000000080122170] -> 0x0013
mem[X,0x0000000080122172] -> 0x0000
[1525] [M]: 0x0000000080122170 (0x00000013) addi zero, zero, 0x0
mem[X,0x0000000080122174] -> 0x0013
mem[X,0x0000000080122176] -> 0x0000
[1526] [M]: 0x0000000080122174 (0x00000013) addi zero, zero, 0x0
mem[X,0x0000000080122178] -> 0x0013
mem[X,0x000000008012217A] -> 0x0000
[1527] [M]: 0x0000000080122178 (0x00000013) addi zero, zero, 0x0
mem[X,0x000000008012217C] -> 0x0013
mem[X,0x000000008012217E] -> 0x0000
[1528] [M]: 0x000000008012217C (0x00000013) addi zero, zero, 0x0
mem[X,0x0000000080122180] -> 0x0117
mem[X,0x0000000080122182] -> 0x0000
[1529] [M]: 0x0000000080122180 (0x00000117) auipc sp, 0x0
x2 <- 0x0000000080122180
mem[X,0x0000000080122184] -> 0x0113
mem[X,0x0000000080122186] -> 0xF2C1
[1530] [M]: 0x0000000080122184 (0xF2C10113) addi sp, sp, -0xd4
x2 <- 0x00000000801220AC
mem[X,0x0000000080122188] -> 0x0013
mem[X,0x000000008012218A] -> 0x0000
[1531] [M]: 0x0000000080122188 (0x00000013) addi zero, zero, 0x0
mem[X,0x000000008012218C] -> 0x0013
mem[X,0x000000008012218E] -> 0x0000
[1532] [M]: 0x000000008012218C (0x00000013) addi zero, zero, 0x0
mem[X,0x0000000080122190] -> 0x0013
mem[X,0x0000000080122192] -> 0x0000
[1533] [M]: 0x0000000080122190 (0x00000013) addi zero, zero, 0x0
mem[X,0x0000000080122194] -> 0x0013
mem[X,0x0000000080122196] -> 0x0000
[1534] [M]: 0x0000000080122194 (0x00000013) addi zero, zero, 0x0
mem[X,0x0000000080122198] -> 0x0013
mem[X,0x000000008012219A] -> 0x0000
[1535] [M]: 0x0000000080122198 (0x00000013) addi zero, zero, 0x0
mem[X,0x000000008012219C] -> 0x0013
mem[X,0x000000008012219E] -> 0x0000
[1536] [M]: 0x000000008012219C (0x00000013) addi zero, zero, 0x0
mem[X,0x00000000801221A0] -> 0x7113
mem[X,0x00000000801221A2] -> 0xFFC1
[1537] [M]: 0x00000000801221A0 (0xFFC17113) andi sp, sp, -0x4
x2 <- 0x00000000801220AC
mem[X,0x00000000801221A4] -> 0x89B3
mem[X,0x00000000801221A6] -> 0x4029
[1538] [M]: 0x00000000801221A4 (0x402989B3) sub s3, s3, sp
x19 <- 0x0000000000000087
mem[X,0x00000000801221A8] -> 0xB823
mem[X,0x00000000801221AA] -> 0x0130
[1539] [M]: 0x00000000801221A8 (0x0130B823) sd s3, 0x10(ra)
mem[0x0000000080125210] <- 0x0000000000000087
mem[X,0x00000000801221AC] -> 0x006F
mem[X,0x00000000801221AE] -> 0x0380
[1540] [M]: 0x00000000801221AC (0x0380006F) jal zero, 0x38
mem[X,0x00000000801221E4] -> 0x0093
mem[X,0x00000000801221E6] -> 0x0010
[1541] [M]: 0x00000000801221E4 (0x00100093) addi ra, zero, 0x1
x1 <- 0x0000000000000001
mem[X,0x00000000801221E8] -> 0x1F17
mem[X,0x00000000801221EA] -> 0x0000
[1542] [M]: 0x00000000801221E8 (0x00001F17) auipc t5, 0x1
x30 <- 0x00000000801231E8
mem[X,0x00000000801221EC] -> 0x2C23
mem[X,0x00000000801221EE] -> 0xE01F
[1543] [M]: 0x00000000801221EC (0xE01F2C23) sw ra, -0x1e8(t5)
htif[0x0000000080123000] <- 0x00000001
mem[X,0x00000000801221F0] -> 0xF06F
mem[X,0x00000000801221F2] -> 0xFF9F
[1544] [M]: 0x00000000801221F0 (0xFF9FF06F) jal zero, -0x8
mem[X,0x00000000801221E8] -> 0x1F17
mem[X,0x00000000801221EA] -> 0x0000
[1545] [M]: 0x00000000801221E8 (0x00001F17) auipc t5, 0x1
x30 <- 0x00000000801231E8
mem[X,0x00000000801221EC] -> 0x2C23
mem[X,0x00000000801221EE] -> 0xE01F
[1546] [M]: 0x00000000801221EC (0xE01F2C23) sw ra, -0x1e8(t5)
htif[0x0000000080123000] <- 0x00000001
mem[X,0x00000000801221F0] -> 0xF06F
mem[X,0x00000000801221F2] -> 0xFF9F
[1547] [M]: 0x00000000801221F0 (0xFF9FF06F) jal zero, -0x8
mem[X,0x00000000801221E8] -> 0x1F17
mem[X,0x00000000801221EA] -> 0x0000
[1548] [M]: 0x00000000801221E8 (0x00001F17) auipc t5, 0x1
x30 <- 0x00000000801231E8
mem[X,0x00000000801221EC] -> 0x2C23
mem[X,0x00000000801221EE] -> 0xE01F
[1549] [M]: 0x00000000801221EC (0xE01F2C23) sw ra, -0x1e8(t5)
htif[0x0000000080123000] <- 0x00000001
htif-syscall-proxy cmd: 0x000000000001
SUCCESS
