using /home/mamir/tempo/riscof/riscof_work/rv64i_m/privilege/src/misalign-jal-01.S/ref/Reference-sail_c_simulator.signature for test-signature output.
tohost located at 0x80001000
Running file ref.elf.
ELF Entry @ 0x80000000
begin_signature: 0x80003110
end_signature: 0x80003340
CSR mstatus <- 0x0000000A00000000 (input: 0x0000000000000000)
mem[X,0x0000000000001000] -> 0x0297
mem[X,0x0000000000001002] -> 0x0000
[0] [M]: 0x0000000000001000 (0x00000297) auipc t0, 0x0
x5 <- 0x0000000000001000
mem[X,0x0000000000001004] -> 0x8593
mem[X,0x0000000000001006] -> 0x0202
[1] [M]: 0x0000000000001004 (0x02028593) addi a1, t0, 0x20
x11 <- 0x0000000000001020
mem[X,0x0000000000001008] -> 0x2573
mem[X,0x000000000000100A] -> 0xF140
[2] [M]: 0x0000000000001008 (0xF1402573) csrrs a0, mhartid, zero
CSR mhartid -> 0x0000000000000000
x10 <- 0x0000000000000000
mem[X,0x000000000000100C] -> 0xB283
mem[X,0x000000000000100E] -> 0x0182
[3] [M]: 0x000000000000100C (0x0182B283) ld t0, 0x18(t0)
mem[R,0x0000000000001018] -> 0x0000000080000000
x5 <- 0x0000000080000000
mem[X,0x0000000000001010] -> 0x8067
mem[X,0x0000000000001012] -> 0x0002
[4] [M]: 0x0000000000001010 (0x00028067) jalr zero, 0x0(t0)
mem[X,0x0000000080000000] -> 0x2317
mem[X,0x0000000080000002] -> 0x0000
[5] [M]: 0x0000000080000000 (0x00002317) auipc t1, 0x2
x6 <- 0x0000000080002000
mem[X,0x0000000080000004] -> 0x0313
mem[X,0x0000000080000006] -> 0x0003
[6] [M]: 0x0000000080000004 (0x00030313) addi t1, t1, 0x0
x6 <- 0x0000000080002000
mem[X,0x0000000080000008] -> 0x0013
mem[X,0x000000008000000A] -> 0x0000
[7] [M]: 0x0000000080000008 (0x00000013) addi zero, zero, 0x0
mem[X,0x000000008000000C] -> 0x0013
mem[X,0x000000008000000E] -> 0x0000
[8] [M]: 0x000000008000000C (0x00000013) addi zero, zero, 0x0
mem[X,0x0000000080000010] -> 0x0013
mem[X,0x0000000080000012] -> 0x0000
[9] [M]: 0x0000000080000010 (0x00000013) addi zero, zero, 0x0
mem[X,0x0000000080000014] -> 0x0013
mem[X,0x0000000080000016] -> 0x0000
[10] [M]: 0x0000000080000014 (0x00000013) addi zero, zero, 0x0
mem[X,0x0000000080000018] -> 0x0013
mem[X,0x000000008000001A] -> 0x0000
[11] [M]: 0x0000000080000018 (0x00000013) addi zero, zero, 0x0
mem[X,0x000000008000001C] -> 0x0013
mem[X,0x000000008000001E] -> 0x0000
[12] [M]: 0x000000008000001C (0x00000013) addi zero, zero, 0x0
mem[X,0x0000000080000020] -> 0x1473
mem[X,0x0000000080000022] -> 0x3403
[13] [M]: 0x0000000080000020 (0x34031473) csrrw fp, mscratch, t1
CSR mscratch -> 0x0000000000000000
CSR mscratch <- 0x0000000080002000 (input: 0x0000000080002000)
x8 <- 0x0000000000000000
mem[X,0x0000000080000024] -> 0x3823
mem[X,0x0000000080000026] -> 0x2483
[14] [M]: 0x0000000080000024 (0x24833823) sd fp, 0x250(t1)
mem[0x0000000080002250] <- 0x0000000000000000
mem[X,0x0000000080000028] -> 0x0393
mem[X,0x000000008000002A] -> 0x0000
[15] [M]: 0x0000000080000028 (0x00000393) addi t2, zero, 0x0
x7 <- 0x0000000000000000
mem[X,0x000000008000002C] -> 0x3C23
mem[X,0x000000008000002E] -> 0x2273
[16] [M]: 0x000000008000002C (0x22733C23) sd t2, 0x238(t1)
mem[0x0000000080002238] <- 0x0000000000000000
mem[X,0x0000000080000030] -> 0x2473
mem[X,0x0000000080000032] -> 0x3050
[17] [M]: 0x0000000080000030 (0x30502473) csrrs fp, mtvec, zero
CSR mtvec -> 0x0000000000000000
x8 <- 0x0000000000000000
mem[X,0x0000000080000034] -> 0x3423
mem[X,0x0000000080000036] -> 0x2483
[18] [M]: 0x0000000080000034 (0x24833423) sd fp, 0x248(t1)
mem[0x0000000080002248] <- 0x0000000000000000
mem[X,0x0000000080000038] -> 0x7393
mem[X,0x000000008000003A] -> 0x0034
[19] [M]: 0x0000000080000038 (0x00347393) andi t2, fp, 0x3
x7 <- 0x0000000000000000
mem[X,0x000000008000003C] -> 0x3483
mem[X,0x000000008000003E] -> 0x2303
[20] [M]: 0x000000008000003C (0x23033483) ld s1, 0x230(t1)
mem[R,0x0000000080002230] -> 0x0000000080000614
x9 <- 0x0000000080000614
mem[X,0x0000000080000040] -> 0x8493
mem[X,0x0000000080000042] -> 0xE2C4
[21] [M]: 0x0000000080000040 (0xE2C48493) addi s1, s1, -0x1d4
x9 <- 0x0000000080000440
mem[X,0x0000000080000044] -> 0xE3B3
mem[X,0x0000000080000046] -> 0x0074
[22] [M]: 0x0000000080000044 (0x0074E3B3) or t2, s1, t2
x7 <- 0x0000000080000440
mem[X,0x0000000080000048] -> 0x3023
mem[X,0x000000008000004A] -> 0x2473
[23] [M]: 0x0000000080000048 (0x24733023) sd t2, 0x240(t1)
mem[0x0000000080002240] <- 0x0000000080000440
mem[X,0x000000008000004C] -> 0x9073
mem[X,0x000000008000004E] -> 0x3053
[24] [M]: 0x000000008000004C (0x30539073) csrrw zero, mtvec, t2
CSR mtvec -> 0x0000000000000000
CSR mtvec <- 0x0000000080000440 (input: 0x0000000080000440)
mem[X,0x0000000080000050] -> 0x2573
mem[X,0x0000000080000052] -> 0x3050
[25] [M]: 0x0000000080000050 (0x30502573) csrrs a0, mtvec, zero
CSR mtvec -> 0x0000000080000440
x10 <- 0x0000000080000440
mem[X,0x0000000080000054] -> 0x0863
mem[X,0x0000000080000056] -> 0x0875
[26] [M]: 0x0000000080000054 (0x08750863) beq a0, t2, 0x90
mem[X,0x00000000800000E4] -> 0x0837
mem[X,0x00000000800000E6] -> 0x7D5C
[27] [M]: 0x00000000800000E4 (0x7D5C0837) lui a6, 0x7d5c0
x16 <- 0x000000007D5C0000
mem[X,0x00000000800000E8] -> 0x0813
mem[X,0x00000000800000EA] -> 0xDDB8
[28] [M]: 0x00000000800000E8 (0xDDB80813) addi a6, a6, -0x225
x16 <- 0x000000007D5BFDDB
mem[X,0x00000000800000EC] -> 0x1813
mem[X,0x00000000800000EE] -> 0x00B8
[29] [M]: 0x00000000800000EC (0x00B81813) slli a6, a6, 0xb
x16 <- 0x000003EADFEED800
mem[X,0x00000000800000F0] -> 0x0813
mem[X,0x00000000800000F2] -> 0x3EA8
[30] [M]: 0x00000000800000F0 (0x3EA80813) addi a6, a6, 0x3ea
x16 <- 0x000003EADFEEDBEA
mem[X,0x00000000800000F4] -> 0x1813
mem[X,0x00000000800000F6] -> 0x00B8
[31] [M]: 0x00000000800000F4 (0x00B81813) slli a6, a6, 0xb
x16 <- 0x001F56FF76DF5000
mem[X,0x00000000800000F8] -> 0x0813
mem[X,0x00000000800000FA] -> 0x6FF8
[32] [M]: 0x00000000800000F8 (0x6FF80813) addi a6, a6, 0x6ff
x16 <- 0x001F56FF76DF56FF
mem[X,0x00000000800000FC] -> 0x1813
mem[X,0x00000000800000FE] -> 0x00A8
[33] [M]: 0x00000000800000FC (0x00A81813) slli a6, a6, 0xa
x16 <- 0x7D5BFDDB7D5BFC00
mem[X,0x0000000080000100] -> 0x0813
mem[X,0x0000000080000102] -> 0x1DB8
[34] [M]: 0x0000000080000100 (0x1DB80813) addi a6, a6, 0x1db
x16 <- 0x7D5BFDDB7D5BFDDB
mem[X,0x0000000080000104] -> 0x5893
mem[X,0x0000000080000106] -> 0x0078
[35] [M]: 0x0000000080000104 (0x00785893) srli a7, a6, 0x7
x17 <- 0x00FAB7FBB6FAB7FB
mem[X,0x0000000080000108] -> 0x5793
mem[X,0x000000008000010A] -> 0x0398
[36] [M]: 0x0000000080000108 (0x03985793) srli a5, a6, 0x39
x15 <- 0x000000000000003E
mem[X,0x000000008000010C] -> 0xE8B3
mem[X,0x000000008000010E] -> 0x00F8
[37] [M]: 0x000000008000010C (0x00F8E8B3) or a7, a7, a5
x17 <- 0x00FAB7FBB6FAB7FF
mem[X,0x0000000080000110] -> 0xD913
mem[X,0x0000000080000112] -> 0x0078
[38] [M]: 0x0000000080000110 (0x0078D913) srli s2, a7, 0x7
x18 <- 0x0001F56FF76DF56F
mem[X,0x0000000080000114] -> 0xD793
mem[X,0x0000000080000116] -> 0x0398
[39] [M]: 0x0000000080000114 (0x0398D793) srli a5, a7, 0x39
x15 <- 0x0000000000000000
mem[X,0x0000000080000118] -> 0x6933
mem[X,0x000000008000011A] -> 0x00F9
[40] [M]: 0x0000000080000118 (0x00F96933) or s2, s2, a5
x18 <- 0x0001F56FF76DF56F
mem[X,0x000000008000011C] -> 0x5993
mem[X,0x000000008000011E] -> 0x0079
[41] [M]: 0x000000008000011C (0x00795993) srli s3, s2, 0x7
x19 <- 0x000003EADFEEDBEA
mem[X,0x0000000080000120] -> 0x5793
mem[X,0x0000000080000122] -> 0x0399
[42] [M]: 0x0000000080000120 (0x03995793) srli a5, s2, 0x39
x15 <- 0x0000000000000000
mem[X,0x0000000080000124] -> 0xE9B3
mem[X,0x0000000080000126] -> 0x00F9
[43] [M]: 0x0000000080000124 (0x00F9E9B3) or s3, s3, a5
x19 <- 0x000003EADFEEDBEA
mem[X,0x0000000080000128] -> 0xDA13
mem[X,0x000000008000012A] -> 0x0079
[44] [M]: 0x0000000080000128 (0x0079DA13) srli s4, s3, 0x7
x20 <- 0x00000007D5BFDDB7
mem[X,0x000000008000012C] -> 0xD793
mem[X,0x000000008000012E] -> 0x0399
[45] [M]: 0x000000008000012C (0x0399D793) srli a5, s3, 0x39
x15 <- 0x0000000000000000
mem[X,0x0000000080000130] -> 0x6A33
mem[X,0x0000000080000132] -> 0x00FA
[46] [M]: 0x0000000080000130 (0x00FA6A33) or s4, s4, a5
x20 <- 0x00000007D5BFDDB7
mem[X,0x0000000080000134] -> 0x5A93
mem[X,0x0000000080000136] -> 0x007A
[47] [M]: 0x0000000080000134 (0x007A5A93) srli s5, s4, 0x7
x21 <- 0x000000000FAB7FBB
mem[X,0x0000000080000138] -> 0x5793
mem[X,0x000000008000013A] -> 0x039A
[48] [M]: 0x0000000080000138 (0x039A5793) srli a5, s4, 0x39
x15 <- 0x0000000000000000
mem[X,0x000000008000013C] -> 0xEAB3
mem[X,0x000000008000013E] -> 0x00FA
[49] [M]: 0x000000008000013C (0x00FAEAB3) or s5, s5, a5
x21 <- 0x000000000FAB7FBB
mem[X,0x0000000080000140] -> 0xDB13
mem[X,0x0000000080000142] -> 0x007A
[50] [M]: 0x0000000080000140 (0x007ADB13) srli s6, s5, 0x7
x22 <- 0x00000000001F56FF
mem[X,0x0000000080000144] -> 0xD793
mem[X,0x0000000080000146] -> 0x039A
[51] [M]: 0x0000000080000144 (0x039AD793) srli a5, s5, 0x39
x15 <- 0x0000000000000000
mem[X,0x0000000080000148] -> 0x6B33
mem[X,0x000000008000014A] -> 0x00FB
[52] [M]: 0x0000000080000148 (0x00FB6B33) or s6, s6, a5
x22 <- 0x00000000001F56FF
mem[X,0x000000008000014C] -> 0x5B93
mem[X,0x000000008000014E] -> 0x007B
[53] [M]: 0x000000008000014C (0x007B5B93) srli s7, s6, 0x7
x23 <- 0x0000000000003EAD
mem[X,0x0000000080000150] -> 0x5793
mem[X,0x0000000080000152] -> 0x039B
[54] [M]: 0x0000000080000150 (0x039B5793) srli a5, s6, 0x39
x15 <- 0x0000000000000000
mem[X,0x0000000080000154] -> 0xEBB3
mem[X,0x0000000080000156] -> 0x00FB
[55] [M]: 0x0000000080000154 (0x00FBEBB3) or s7, s7, a5
x23 <- 0x0000000000003EAD
mem[X,0x0000000080000158] -> 0xDC13
mem[X,0x000000008000015A] -> 0x007B
[56] [M]: 0x0000000080000158 (0x007BDC13) srli s8, s7, 0x7
x24 <- 0x000000000000007D
mem[X,0x000000008000015C] -> 0xD793
mem[X,0x000000008000015E] -> 0x039B
[57] [M]: 0x000000008000015C (0x039BD793) srli a5, s7, 0x39
x15 <- 0x0000000000000000
mem[X,0x0000000080000160] -> 0x6C33
mem[X,0x0000000080000162] -> 0x00FC
[58] [M]: 0x0000000080000160 (0x00FC6C33) or s8, s8, a5
x24 <- 0x000000000000007D
mem[X,0x0000000080000164] -> 0x5C93
mem[X,0x0000000080000166] -> 0x007C
[59] [M]: 0x0000000080000164 (0x007C5C93) srli s9, s8, 0x7
x25 <- 0x0000000000000000
mem[X,0x0000000080000168] -> 0x5793
mem[X,0x000000008000016A] -> 0x039C
[60] [M]: 0x0000000080000168 (0x039C5793) srli a5, s8, 0x39
x15 <- 0x0000000000000000
mem[X,0x000000008000016C] -> 0xECB3
mem[X,0x000000008000016E] -> 0x00FC
[61] [M]: 0x000000008000016C (0x00FCECB3) or s9, s9, a5
x25 <- 0x0000000000000000
mem[X,0x0000000080000170] -> 0xDD13
mem[X,0x0000000080000172] -> 0x007C
[62] [M]: 0x0000000080000170 (0x007CDD13) srli s10, s9, 0x7
x26 <- 0x0000000000000000
mem[X,0x0000000080000174] -> 0xD793
mem[X,0x0000000080000176] -> 0x039C
[63] [M]: 0x0000000080000174 (0x039CD793) srli a5, s9, 0x39
x15 <- 0x0000000000000000
mem[X,0x0000000080000178] -> 0x6D33
mem[X,0x000000008000017A] -> 0x00FD
[64] [M]: 0x0000000080000178 (0x00FD6D33) or s10, s10, a5
x26 <- 0x0000000000000000
mem[X,0x000000008000017C] -> 0x5D93
mem[X,0x000000008000017E] -> 0x007D
[65] [M]: 0x000000008000017C (0x007D5D93) srli s11, s10, 0x7
x27 <- 0x0000000000000000
mem[X,0x0000000080000180] -> 0x5793
mem[X,0x0000000080000182] -> 0x039D
[66] [M]: 0x0000000080000180 (0x039D5793) srli a5, s10, 0x39
x15 <- 0x0000000000000000
mem[X,0x0000000080000184] -> 0xEDB3
mem[X,0x0000000080000186] -> 0x00FD
[67] [M]: 0x0000000080000184 (0x00FDEDB3) or s11, s11, a5
x27 <- 0x0000000000000000
mem[X,0x0000000080000188] -> 0xDE13
mem[X,0x000000008000018A] -> 0x007D
[68] [M]: 0x0000000080000188 (0x007DDE13) srli t3, s11, 0x7
x28 <- 0x0000000000000000
mem[X,0x000000008000018C] -> 0xD793
mem[X,0x000000008000018E] -> 0x039D
[69] [M]: 0x000000008000018C (0x039DD793) srli a5, s11, 0x39
x15 <- 0x0000000000000000
mem[X,0x0000000080000190] -> 0x6E33
mem[X,0x0000000080000192] -> 0x00FE
[70] [M]: 0x0000000080000190 (0x00FE6E33) or t3, t3, a5
x28 <- 0x0000000000000000
mem[X,0x0000000080000194] -> 0x5E93
mem[X,0x0000000080000196] -> 0x007E
[71] [M]: 0x0000000080000194 (0x007E5E93) srli t4, t3, 0x7
x29 <- 0x0000000000000000
mem[X,0x0000000080000198] -> 0x5793
mem[X,0x000000008000019A] -> 0x039E
[72] [M]: 0x0000000080000198 (0x039E5793) srli a5, t3, 0x39
x15 <- 0x0000000000000000
mem[X,0x000000008000019C] -> 0xEEB3
mem[X,0x000000008000019E] -> 0x00FE
[73] [M]: 0x000000008000019C (0x00FEEEB3) or t4, t4, a5
x29 <- 0x0000000000000000
mem[X,0x00000000800001A0] -> 0xDF13
mem[X,0x00000000800001A2] -> 0x007E
[74] [M]: 0x00000000800001A0 (0x007EDF13) srli t5, t4, 0x7
x30 <- 0x0000000000000000
mem[X,0x00000000800001A4] -> 0xD793
mem[X,0x00000000800001A6] -> 0x039E
[75] [M]: 0x00000000800001A4 (0x039ED793) srli a5, t4, 0x39
x15 <- 0x0000000000000000
mem[X,0x00000000800001A8] -> 0x6F33
mem[X,0x00000000800001AA] -> 0x00FF
[76] [M]: 0x00000000800001A8 (0x00FF6F33) or t5, t5, a5
x30 <- 0x0000000000000000
mem[X,0x00000000800001AC] -> 0xC0B7
mem[X,0x00000000800001AE] -> 0xFEED
[77] [M]: 0x00000000800001AC (0xFEEDC0B7) lui ra, -0x1124
x1 <- 0xFFFFFFFFFEEDC000
mem[X,0x00000000800001B0] -> 0x8093
mem[X,0x00000000800001B2] -> 0xEAD0
[78] [M]: 0x00000000800001B0 (0xEAD08093) addi ra, ra, -0x153
x1 <- 0xFFFFFFFFFEEDBEAD
mem[X,0x00000000800001B4] -> 0x9093
mem[X,0x00000000800001B6] -> 0x00B0
[79] [M]: 0x00000000800001B4 (0x00B09093) slli ra, ra, 0xb
x1 <- 0xFFFFFFF76DF56800
mem[X,0x00000000800001B8] -> 0x8093
mem[X,0x00000000800001BA] -> 0x7F70
[80] [M]: 0x00000000800001B8 (0x7F708093) addi ra, ra, 0x7f7
x1 <- 0xFFFFFFF76DF56FF7
mem[X,0x00000000800001BC] -> 0x9093
mem[X,0x00000000800001BE] -> 0x00B0
[81] [M]: 0x00000000800001BC (0x00B09093) slli ra, ra, 0xb
x1 <- 0xFFFFBB6FAB7FB800
mem[X,0x00000000800001C0] -> 0x8093
mem[X,0x00000000800001C2] -> 0x36F0
[82] [M]: 0x00000000800001C0 (0x36F08093) addi ra, ra, 0x36f
x1 <- 0xFFFFBB6FAB7FBB6F
mem[X,0x00000000800001C4] -> 0x9093
mem[X,0x00000000800001C6] -> 0x00A0
[83] [M]: 0x00000000800001C4 (0x00A09093) slli ra, ra, 0xa
x1 <- 0xFEEDBEADFEEDBC00
mem[X,0x00000000800001C8] -> 0x8093
mem[X,0x00000000800001CA] -> 0x2AD0
[84] [M]: 0x00000000800001C8 (0x2AD08093) addi ra, ra, 0x2ad
x1 <- 0xFEEDBEADFEEDBEAD
mem[X,0x00000000800001CC] -> 0xD113
mem[X,0x00000000800001CE] -> 0x0070
[85] [M]: 0x00000000800001CC (0x0070D113) srli sp, ra, 0x7
x2 <- 0x01FDDB7D5BFDDB7D
mem[X,0x00000000800001D0] -> 0xD793
mem[X,0x00000000800001D2] -> 0x0390
[86] [M]: 0x00000000800001D0 (0x0390D793) srli a5, ra, 0x39
x15 <- 0x000000000000007F
mem[X,0x00000000800001D4] -> 0x6133
mem[X,0x00000000800001D6] -> 0x00F1
[87] [M]: 0x00000000800001D4 (0x00F16133) or sp, sp, a5
x2 <- 0x01FDDB7D5BFDDB7F
mem[X,0x00000000800001D8] -> 0x5193
mem[X,0x00000000800001DA] -> 0x0071
[88] [M]: 0x00000000800001D8 (0x00715193) srli gp, sp, 0x7
x3 <- 0x0003FBB6FAB7FBB6
mem[X,0x00000000800001DC] -> 0x5793
mem[X,0x00000000800001DE] -> 0x0391
[89] [M]: 0x00000000800001DC (0x03915793) srli a5, sp, 0x39
x15 <- 0x0000000000000000
mem[X,0x00000000800001E0] -> 0xE1B3
mem[X,0x00000000800001E2] -> 0x00F1
[90] [M]: 0x00000000800001E0 (0x00F1E1B3) or gp, gp, a5
x3 <- 0x0003FBB6FAB7FBB6
mem[X,0x00000000800001E4] -> 0xD213
mem[X,0x00000000800001E6] -> 0x0071
[91] [M]: 0x00000000800001E4 (0x0071D213) srli tp, gp, 0x7
x4 <- 0x000007F76DF56FF7
mem[X,0x00000000800001E8] -> 0xD793
mem[X,0x00000000800001EA] -> 0x0391
[92] [M]: 0x00000000800001E8 (0x0391D793) srli a5, gp, 0x39
x15 <- 0x0000000000000000
mem[X,0x00000000800001EC] -> 0x6233
mem[X,0x00000000800001EE] -> 0x00F2
[93] [M]: 0x00000000800001EC (0x00F26233) or tp, tp, a5
x4 <- 0x000007F76DF56FF7
mem[X,0x00000000800001F0] -> 0x5293
mem[X,0x00000000800001F2] -> 0x0072
[94] [M]: 0x00000000800001F0 (0x00725293) srli t0, tp, 0x7
x5 <- 0x0000000FEEDBEADF
mem[X,0x00000000800001F4] -> 0x5793
mem[X,0x00000000800001F6] -> 0x0392
[95] [M]: 0x00000000800001F4 (0x03925793) srli a5, tp, 0x39
x15 <- 0x0000000000000000
mem[X,0x00000000800001F8] -> 0xE2B3
mem[X,0x00000000800001FA] -> 0x00F2
[96] [M]: 0x00000000800001F8 (0x00F2E2B3) or t0, t0, a5
x5 <- 0x0000000FEEDBEADF
mem[X,0x00000000800001FC] -> 0xD313
mem[X,0x00000000800001FE] -> 0x0072
[97] [M]: 0x00000000800001FC (0x0072D313) srli t1, t0, 0x7
x6 <- 0x000000001FDDB7D5
mem[X,0x0000000080000200] -> 0xD793
mem[X,0x0000000080000202] -> 0x0392
[98] [M]: 0x0000000080000200 (0x0392D793) srli a5, t0, 0x39
x15 <- 0x0000000000000000
mem[X,0x0000000080000204] -> 0x6333
mem[X,0x0000000080000206] -> 0x00F3
[99] [M]: 0x0000000080000204 (0x00F36333) or t1, t1, a5
x6 <- 0x000000001FDDB7D5
clint::tick mtime <- 0x0000000000000001
 clint timer pending at mtime 0x0000000000000001
htif::tick 0x0000000000000000
mem[X,0x0000000080000208] -> 0x5393
mem[X,0x000000008000020A] -> 0x0073
[100] [M]: 0x0000000080000208 (0x00735393) srli t2, t1, 0x7
x7 <- 0x00000000003FBB6F
mem[X,0x000000008000020C] -> 0x5793
mem[X,0x000000008000020E] -> 0x0393
[101] [M]: 0x000000008000020C (0x03935793) srli a5, t1, 0x39
x15 <- 0x0000000000000000
mem[X,0x0000000080000210] -> 0xE3B3
mem[X,0x0000000080000212] -> 0x00F3
[102] [M]: 0x0000000080000210 (0x00F3E3B3) or t2, t2, a5
x7 <- 0x00000000003FBB6F
mem[X,0x0000000080000214] -> 0xD413
mem[X,0x0000000080000216] -> 0x0073
[103] [M]: 0x0000000080000214 (0x0073D413) srli fp, t2, 0x7
x8 <- 0x0000000000007F76
mem[X,0x0000000080000218] -> 0xD793
mem[X,0x000000008000021A] -> 0x0393
[104] [M]: 0x0000000080000218 (0x0393D793) srli a5, t2, 0x39
x15 <- 0x0000000000000000
mem[X,0x000000008000021C] -> 0x6433
mem[X,0x000000008000021E] -> 0x00F4
[105] [M]: 0x000000008000021C (0x00F46433) or fp, fp, a5
x8 <- 0x0000000000007F76
mem[X,0x0000000080000220] -> 0x5493
mem[X,0x0000000080000222] -> 0x0074
[106] [M]: 0x0000000080000220 (0x00745493) srli s1, fp, 0x7
x9 <- 0x00000000000000FE
mem[X,0x0000000080000224] -> 0x5793
mem[X,0x0000000080000226] -> 0x0394
[107] [M]: 0x0000000080000224 (0x03945793) srli a5, fp, 0x39
x15 <- 0x0000000000000000
mem[X,0x0000000080000228] -> 0xE4B3
mem[X,0x000000008000022A] -> 0x00F4
[108] [M]: 0x0000000080000228 (0x00F4E4B3) or s1, s1, a5
x9 <- 0x00000000000000FE
mem[X,0x000000008000022C] -> 0xD513
mem[X,0x000000008000022E] -> 0x0074
[109] [M]: 0x000000008000022C (0x0074D513) srli a0, s1, 0x7
x10 <- 0x0000000000000001
mem[X,0x0000000080000230] -> 0xD793
mem[X,0x0000000080000232] -> 0x0394
[110] [M]: 0x0000000080000230 (0x0394D793) srli a5, s1, 0x39
x15 <- 0x0000000000000000
mem[X,0x0000000080000234] -> 0x6533
mem[X,0x0000000080000236] -> 0x00F5
[111] [M]: 0x0000000080000234 (0x00F56533) or a0, a0, a5
x10 <- 0x0000000000000001
mem[X,0x0000000080000238] -> 0x5593
mem[X,0x000000008000023A] -> 0x0075
[112] [M]: 0x0000000080000238 (0x00755593) srli a1, a0, 0x7
x11 <- 0x0000000000000000
mem[X,0x000000008000023C] -> 0x5793
mem[X,0x000000008000023E] -> 0x0395
[113] [M]: 0x000000008000023C (0x03955793) srli a5, a0, 0x39
x15 <- 0x0000000000000000
mem[X,0x0000000080000240] -> 0xE5B3
mem[X,0x0000000080000242] -> 0x00F5
[114] [M]: 0x0000000080000240 (0x00F5E5B3) or a1, a1, a5
x11 <- 0x0000000000000000
mem[X,0x0000000080000244] -> 0xD613
mem[X,0x0000000080000246] -> 0x0075
[115] [M]: 0x0000000080000244 (0x0075D613) srli a2, a1, 0x7
x12 <- 0x0000000000000000
mem[X,0x0000000080000248] -> 0xD793
mem[X,0x000000008000024A] -> 0x0395
[116] [M]: 0x0000000080000248 (0x0395D793) srli a5, a1, 0x39
x15 <- 0x0000000000000000
mem[X,0x000000008000024C] -> 0x6633
mem[X,0x000000008000024E] -> 0x00F6
[117] [M]: 0x000000008000024C (0x00F66633) or a2, a2, a5
x12 <- 0x0000000000000000
mem[X,0x0000000080000250] -> 0x5693
mem[X,0x0000000080000252] -> 0x0076
[118] [M]: 0x0000000080000250 (0x00765693) srli a3, a2, 0x7
x13 <- 0x0000000000000000
mem[X,0x0000000080000254] -> 0x5793
mem[X,0x0000000080000256] -> 0x0396
[119] [M]: 0x0000000080000254 (0x03965793) srli a5, a2, 0x39
x15 <- 0x0000000000000000
mem[X,0x0000000080000258] -> 0xE6B3
mem[X,0x000000008000025A] -> 0x00F6
[120] [M]: 0x0000000080000258 (0x00F6E6B3) or a3, a3, a5
x13 <- 0x0000000000000000
mem[X,0x000000008000025C] -> 0x0013
mem[X,0x000000008000025E] -> 0x0000
[121] [M]: 0x000000008000025C (0x00000013) addi zero, zero, 0x0
mem[X,0x0000000080000260] -> 0x3097
mem[X,0x0000000080000262] -> 0x0000
[122] [M]: 0x0000000080000260 (0x00003097) auipc ra, 0x3
x1 <- 0x0000000080003260
mem[X,0x0000000080000264] -> 0x8093
mem[X,0x0000000080000266] -> 0xEB80
[123] [M]: 0x0000000080000264 (0xEB808093) addi ra, ra, -0x148
x1 <- 0x0000000080003118
mem[X,0x0000000080000268] -> 0x0013
mem[X,0x000000008000026A] -> 0x0000
[124] [M]: 0x0000000080000268 (0x00000013) addi zero, zero, 0x0
mem[X,0x000000008000026C] -> 0x0013
mem[X,0x000000008000026E] -> 0x0000
[125] [M]: 0x000000008000026C (0x00000013) addi zero, zero, 0x0
mem[X,0x0000000080000270] -> 0x0013
mem[X,0x0000000080000272] -> 0x0000
[126] [M]: 0x0000000080000270 (0x00000013) addi zero, zero, 0x0
mem[X,0x0000000080000274] -> 0x0013
mem[X,0x0000000080000276] -> 0x0000
[127] [M]: 0x0000000080000274 (0x00000013) addi zero, zero, 0x0
mem[X,0x0000000080000278] -> 0x0013
mem[X,0x000000008000027A] -> 0x0000
[128] [M]: 0x0000000080000278 (0x00000013) addi zero, zero, 0x0
mem[X,0x000000008000027C] -> 0x0013
mem[X,0x000000008000027E] -> 0x0000
[129] [M]: 0x000000008000027C (0x00000013) addi zero, zero, 0x0
mem[X,0x0000000080000280] -> 0x0117
mem[X,0x0000000080000282] -> 0x0000
[130] [M]: 0x0000000080000280 (0x00000117) auipc sp, 0x0
x2 <- 0x0000000080000280
mem[X,0x0000000080000284] -> 0x0113
mem[X,0x0000000080000286] -> 0x0701
[131] [M]: 0x0000000080000284 (0x07010113) addi sp, sp, 0x70
x2 <- 0x00000000800002F0
mem[X,0x0000000080000288] -> 0x0013
mem[X,0x000000008000028A] -> 0x0000
[132] [M]: 0x0000000080000288 (0x00000013) addi zero, zero, 0x0
mem[X,0x000000008000028C] -> 0x0013
mem[X,0x000000008000028E] -> 0x0000
[133] [M]: 0x000000008000028C (0x00000013) addi zero, zero, 0x0
mem[X,0x0000000080000290] -> 0x0013
mem[X,0x0000000080000292] -> 0x0000
[134] [M]: 0x0000000080000290 (0x00000013) addi zero, zero, 0x0
mem[X,0x0000000080000294] -> 0x0013
mem[X,0x0000000080000296] -> 0x0000
[135] [M]: 0x0000000080000294 (0x00000013) addi zero, zero, 0x0
mem[X,0x0000000080000298] -> 0x0013
mem[X,0x000000008000029A] -> 0x0000
[136] [M]: 0x0000000080000298 (0x00000013) addi zero, zero, 0x0
mem[X,0x000000008000029C] -> 0x0013
mem[X,0x000000008000029E] -> 0x0000
[137] [M]: 0x000000008000029C (0x00000013) addi zero, zero, 0x0
mem[X,0x00000000800002A0] -> 0x0067
mem[X,0x00000000800002A2] -> 0x0001
[138] [M]: 0x00000000800002A0 (0x00010067) jalr zero, 0x0(sp)
mem[X,0x00000000800002F0] -> 0xF56F
mem[X,0x00000000800002F2] -> 0xFF7F
[139] [M]: 0x00000000800002F0 (0xFF7FF56F) jal a0, -0xa
x10 <- 0x00000000800002F4
mem[X,0x00000000800002E6] -> 0x4513
mem[X,0x00000000800002E8] -> 0x0015
[140] [M]: 0x00000000800002E6 (0x00154513) xori a0, a0, 0x1
x10 <- 0x00000000800002F5
mem[X,0x00000000800002EA] -> 0x0DE3
mem[X,0x00000000800002EC] -> 0xFA00
[141] [M]: 0x00000000800002EA (0xFA000DE3) beq zero, zero, -0x46
mem[X,0x00000000800002A4] -> 0x0013
mem[X,0x00000000800002A6] -> 0x0000
[142] [M]: 0x00000000800002A4 (0x00000013) addi zero, zero, 0x0
mem[X,0x00000000800002A8] -> 0x0013
mem[X,0x00000000800002AA] -> 0x0000
[143] [M]: 0x00000000800002A8 (0x00000013) addi zero, zero, 0x0
mem[X,0x00000000800002AC] -> 0x0013
mem[X,0x00000000800002AE] -> 0x0000
[144] [M]: 0x00000000800002AC (0x00000013) addi zero, zero, 0x0
mem[X,0x00000000800002B0] -> 0x0013
mem[X,0x00000000800002B2] -> 0x0000
[145] [M]: 0x00000000800002B0 (0x00000013) addi zero, zero, 0x0
mem[X,0x00000000800002B4] -> 0x0013
mem[X,0x00000000800002B6] -> 0x0000
[146] [M]: 0x00000000800002B4 (0x00000013) addi zero, zero, 0x0
mem[X,0x00000000800002B8] -> 0x0013
mem[X,0x00000000800002BA] -> 0x0000
[147] [M]: 0x00000000800002B8 (0x00000013) addi zero, zero, 0x0
mem[X,0x00000000800002BC] -> 0x0013
mem[X,0x00000000800002BE] -> 0x0000
[148] [M]: 0x00000000800002BC (0x00000013) addi zero, zero, 0x0
mem[X,0x00000000800002C0] -> 0x0117
mem[X,0x00000000800002C2] -> 0x0000
[149] [M]: 0x00000000800002C0 (0x00000117) auipc sp, 0x0
x2 <- 0x00000000800002C0
mem[X,0x00000000800002C4] -> 0x0113
mem[X,0x00000000800002C6] -> 0x0841
[150] [M]: 0x00000000800002C4 (0x08410113) addi sp, sp, 0x84
x2 <- 0x0000000080000344
mem[X,0x00000000800002C8] -> 0x0013
mem[X,0x00000000800002CA] -> 0x0000
[151] [M]: 0x00000000800002C8 (0x00000013) addi zero, zero, 0x0
mem[X,0x00000000800002CC] -> 0x0013
mem[X,0x00000000800002CE] -> 0x0000
[152] [M]: 0x00000000800002CC (0x00000013) addi zero, zero, 0x0
mem[X,0x00000000800002D0] -> 0x0013
mem[X,0x00000000800002D2] -> 0x0000
[153] [M]: 0x00000000800002D0 (0x00000013) addi zero, zero, 0x0
mem[X,0x00000000800002D4] -> 0x0013
mem[X,0x00000000800002D6] -> 0x0000
[154] [M]: 0x00000000800002D4 (0x00000013) addi zero, zero, 0x0
mem[X,0x00000000800002D8] -> 0x0013
mem[X,0x00000000800002DA] -> 0x0000
[155] [M]: 0x00000000800002D8 (0x00000013) addi zero, zero, 0x0
mem[X,0x00000000800002DC] -> 0x0013
mem[X,0x00000000800002DE] -> 0x0000
[156] [M]: 0x00000000800002DC (0x00000013) addi zero, zero, 0x0
mem[X,0x00000000800002E0] -> 0x0067
mem[X,0x00000000800002E2] -> 0x0001
[157] [M]: 0x00000000800002E0 (0x00010067) jalr zero, 0x0(sp)
mem[X,0x0000000080000344] -> 0x0013
mem[X,0x0000000080000346] -> 0x0000
[158] [M]: 0x0000000080000344 (0x00000013) addi zero, zero, 0x0
mem[X,0x0000000080000348] -> 0x0013
mem[X,0x000000008000034A] -> 0x0000
[159] [M]: 0x0000000080000348 (0x00000013) addi zero, zero, 0x0
mem[X,0x000000008000034C] -> 0x0013
mem[X,0x000000008000034E] -> 0x0000
[160] [M]: 0x000000008000034C (0x00000013) addi zero, zero, 0x0
mem[X,0x0000000080000350] -> 0x0013
mem[X,0x0000000080000352] -> 0x0000
[161] [M]: 0x0000000080000350 (0x00000013) addi zero, zero, 0x0
mem[X,0x0000000080000354] -> 0x0013
mem[X,0x0000000080000356] -> 0x0000
[162] [M]: 0x0000000080000354 (0x00000013) addi zero, zero, 0x0
mem[X,0x0000000080000358] -> 0x0013
mem[X,0x000000008000035A] -> 0x0000
[163] [M]: 0x0000000080000358 (0x00000013) addi zero, zero, 0x0
mem[X,0x000000008000035C] -> 0x0013
mem[X,0x000000008000035E] -> 0x0000
[164] [M]: 0x000000008000035C (0x00000013) addi zero, zero, 0x0
mem[X,0x0000000080000360] -> 0x0117
mem[X,0x0000000080000362] -> 0x0000
[165] [M]: 0x0000000080000360 (0x00000117) auipc sp, 0x0
x2 <- 0x0000000080000360
mem[X,0x0000000080000364] -> 0x0113
mem[X,0x0000000080000366] -> 0xF201
[166] [M]: 0x0000000080000364 (0xF2010113) addi sp, sp, -0xe0
x2 <- 0x0000000080000280
mem[X,0x0000000080000368] -> 0x0013
mem[X,0x000000008000036A] -> 0x0000
[167] [M]: 0x0000000080000368 (0x00000013) addi zero, zero, 0x0
mem[X,0x000000008000036C] -> 0x0013
mem[X,0x000000008000036E] -> 0x0000
[168] [M]: 0x000000008000036C (0x00000013) addi zero, zero, 0x0
mem[X,0x0000000080000370] -> 0x0013
mem[X,0x0000000080000372] -> 0x0000
[169] [M]: 0x0000000080000370 (0x00000013) addi zero, zero, 0x0
mem[X,0x0000000080000374] -> 0x0013
mem[X,0x0000000080000376] -> 0x0000
[170] [M]: 0x0000000080000374 (0x00000013) addi zero, zero, 0x0
mem[X,0x0000000080000378] -> 0x0013
mem[X,0x000000008000037A] -> 0x0000
[171] [M]: 0x0000000080000378 (0x00000013) addi zero, zero, 0x0
mem[X,0x000000008000037C] -> 0x0013
mem[X,0x000000008000037E] -> 0x0000
[172] [M]: 0x000000008000037C (0x00000013) addi zero, zero, 0x0
mem[X,0x0000000080000380] -> 0x7113
mem[X,0x0000000080000382] -> 0xFFC1
[173] [M]: 0x0000000080000380 (0xFFC17113) andi sp, sp, -0x4
x2 <- 0x0000000080000280
mem[X,0x0000000080000384] -> 0x0533
mem[X,0x0000000080000386] -> 0x4025
[174] [M]: 0x0000000080000384 (0x40250533) sub a0, a0, sp
x10 <- 0x0000000000000075
mem[X,0x0000000080000388] -> 0xB023
mem[X,0x000000008000038A] -> 0x00A0
[175] [M]: 0x0000000080000388 (0x00A0B023) sd a0, 0x0(ra)
mem[0x0000000080003118] <- 0x0000000000000075
mem[X,0x000000008000038C] -> 0x0113
mem[X,0x000000008000038E] -> 0x0000
[176] [M]: 0x000000008000038C (0x00000113) addi sp, zero, 0x0
x2 <- 0x0000000000000000
mem[X,0x0000000080000390] -> 0x0073
mem[X,0x0000000080000392] -> 0x0000
[177] [M]: 0x0000000080000390 (0x00000073) ecall
trapping from M to M to handle m-call
handling exc#0x0B at priv M with tval 0x0000000000000000
CSR mstatus <- 0x0000000A00001800
mem[X,0x0000000080000440] -> 0x006F
mem[X,0x0000000080000442] -> 0x1000
[178] [M]: 0x0000000080000440 (0x1000006F) jal zero, 0x100
mem[X,0x0000000080000540] -> 0x1173
mem[X,0x0000000080000542] -> 0x3401
[179] [M]: 0x0000000080000540 (0x34011173) csrrw sp, mscratch, sp
CSR mscratch -> 0x0000000080002000
CSR mscratch <- 0x0000000000000000 (input: 0x0000000000000000)
x2 <- 0x0000000080002000
mem[X,0x0000000080000544] -> 0x3423
mem[X,0x0000000080000546] -> 0x28B1
[180] [M]: 0x0000000080000544 (0x28B13423) sd a1, 0x288(sp)
mem[0x0000000080002288] <- 0x0000000000000000
mem[X,0x0000000080000548] -> 0x05EF
mem[X,0x000000008000054A] -> 0x0B80
[181] [M]: 0x0000000080000548 (0x0B8005EF) jal a1, 0xb8
x11 <- 0x000000008000054C
mem[X,0x0000000080000600] -> 0x3023
mem[X,0x0000000080000602] -> 0x28A1
[182] [M]: 0x0000000080000600 (0x28A13023) sd a0, 0x280(sp)
mem[0x0000000080002280] <- 0x0000000000000075
mem[X,0x0000000080000604] -> 0x1573
mem[X,0x0000000080000606] -> 0x3401
[183] [M]: 0x0000000080000604 (0x34011573) csrrw a0, mscratch, sp
CSR mscratch -> 0x0000000000000000
CSR mscratch <- 0x0000000080002000 (input: 0x0000000080002000)
x10 <- 0x0000000000000000
mem[X,0x0000000080000608] -> 0x3823
mem[X,0x000000008000060A] -> 0x28A1
[184] [M]: 0x0000000080000608 (0x28A13823) sd a0, 0x290(sp)
mem[0x0000000080002290] <- 0x0000000000000000
mem[X,0x000000008000060C] -> 0x3503
mem[X,0x000000008000060E] -> 0x2301
[185] [M]: 0x000000008000060C (0x23013503) ld a0, 0x230(sp)
mem[R,0x0000000080002230] -> 0x0000000080000614
x10 <- 0x0000000080000614
mem[X,0x0000000080000610] -> 0x0067
mem[X,0x0000000080000612] -> 0x0005
[186] [M]: 0x0000000080000610 (0x00050067) jalr zero, 0x0(a0)
mem[X,0x0000000080000614] -> 0x3C23
mem[X,0x0000000080000616] -> 0x2691
[187] [M]: 0x0000000080000614 (0x26913C23) sd s1, 0x278(sp)
mem[0x0000000080002278] <- 0x00000000000000FE
mem[X,0x0000000080000618] -> 0x3823
mem[X,0x000000008000061A] -> 0x2681
[188] [M]: 0x0000000080000618 (0x26813823) sd fp, 0x270(sp)
mem[0x0000000080002270] <- 0x0000000000007F76
mem[X,0x000000008000061C] -> 0x3423
mem[X,0x000000008000061E] -> 0x2671
[189] [M]: 0x000000008000061C (0x26713423) sd t2, 0x268(sp)
mem[0x0000000080002268] <- 0x00000000003FBB6F
mem[X,0x0000000080000620] -> 0x3023
mem[X,0x0000000080000622] -> 0x2661
[190] [M]: 0x0000000080000620 (0x26613023) sd t1, 0x260(sp)
mem[0x0000000080002260] <- 0x000000001FDDB7D5
mem[X,0x0000000080000624] -> 0x2573
mem[X,0x0000000080000626] -> 0x3420
[191] [M]: 0x0000000080000624 (0x34202573) csrrs a0, mcause, zero
CSR mcause -> 0x000000000000000B
x10 <- 0x000000000000000B
mem[X,0x0000000080000628] -> 0x04B7
mem[X,0x000000008000062A] -> 0x8000
[192] [M]: 0x0000000080000628 (0x800004B7) lui s1, -0x80000
x9 <- 0xFFFFFFFF80000000
mem[X,0x000000008000062C] -> 0x8493
mem[X,0x000000008000062E] -> 0x0004
[193] [M]: 0x000000008000062C (0x00048493) addi s1, s1, 0x0
x9 <- 0xFFFFFFFF80000000
mem[X,0x0000000080000630] -> 0x9493
mem[X,0x0000000080000632] -> 0x00B4
[194] [M]: 0x0000000080000630 (0x00B49493) slli s1, s1, 0xb
x9 <- 0xFFFFFC0000000000
mem[X,0x0000000080000634] -> 0x8493
mem[X,0x0000000080000636] -> 0x0004
[195] [M]: 0x0000000080000634 (0x00048493) addi s1, s1, 0x0
x9 <- 0xFFFFFC0000000000
mem[X,0x0000000080000638] -> 0x9493
mem[X,0x000000008000063A] -> 0x00B4
[196] [M]: 0x0000000080000638 (0x00B49493) slli s1, s1, 0xb
x9 <- 0xFFE0000000000000
mem[X,0x000000008000063C] -> 0x8493
mem[X,0x000000008000063E] -> 0x0034
[197] [M]: 0x000000008000063C (0x00348493) addi s1, s1, 0x3
x9 <- 0xFFE0000000000003
mem[X,0x0000000080000640] -> 0x9493
mem[X,0x0000000080000642] -> 0x00A4
[198] [M]: 0x0000000080000640 (0x00A49493) slli s1, s1, 0xa
x9 <- 0x8000000000000C00
mem[X,0x0000000080000644] -> 0x8493
mem[X,0x0000000080000646] -> 0x3FC4
[199] [M]: 0x0000000080000644 (0x3FC48493) addi s1, s1, 0x3fc
x9 <- 0x8000000000000FFC
clint::tick mtime <- 0x0000000000000002
 clint timer pending at mtime 0x0000000000000002
htif::tick 0x0000000000000000
mem[X,0x0000000080000648] -> 0xF4B3
mem[X,0x000000008000064A] -> 0x00A4
[200] [M]: 0x0000000080000648 (0x00A4F4B3) and s1, s1, a0
x9 <- 0x0000000000000008
mem[X,0x000000008000064C] -> 0x8493
mem[X,0x000000008000064E] -> 0xFF84
[201] [M]: 0x000000008000064C (0xFF848493) addi s1, s1, -0x8
x9 <- 0x0000000000000000
mem[X,0x0000000080000650] -> 0x9663
mem[X,0x0000000080000652] -> 0x0004
[202] [M]: 0x0000000080000650 (0x00049663) bne s1, zero, 0xc
mem[X,0x0000000080000654] -> 0x3383
mem[X,0x0000000080000656] -> 0x2901
[203] [M]: 0x0000000080000654 (0x29013383) ld t2, 0x290(sp)
mem[R,0x0000000080002290] -> 0x0000000000000000
x7 <- 0x0000000000000000
mem[X,0x0000000080000658] -> 0x8663
mem[X,0x000000008000065A] -> 0x6A03
[204] [M]: 0x0000000080000658 (0x6A038663) beq t2, zero, 0x6ac
mem[X,0x0000000080000D04] -> 0x0493
mem[X,0x0000000080000D06] -> 0xFF55
[205] [M]: 0x0000000080000D04 (0xFF550493) addi s1, a0, -0xb
x9 <- 0x0000000000000000
mem[X,0x0000000080000D08] -> 0x8C63
mem[X,0x0000000080000D0A] -> 0x0004
[206] [M]: 0x0000000080000D08 (0x00048C63) beq s1, zero, 0x18
mem[X,0x0000000080000D20] -> 0x23F3
mem[X,0x0000000080000D22] -> 0x3410
[207] [M]: 0x0000000080000D20 (0x341023F3) csrrs t2, mepc, zero
CSR mepc -> 0x0000000080000390
x7 <- 0x0000000080000390
mem[X,0x0000000080000D24] -> 0x83B3
mem[X,0x0000000080000D26] -> 0x0093
[208] [M]: 0x0000000080000D24 (0x009383B3) add t2, t2, s1
x7 <- 0x0000000080000390
mem[X,0x0000000080000D28] -> 0x3303
mem[X,0x0000000080000D2A] -> 0x2601
[209] [M]: 0x0000000080000D28 (0x26013303) ld t1, 0x260(sp)
mem[R,0x0000000080002260] -> 0x000000001FDDB7D5
x6 <- 0x000000001FDDB7D5
mem[X,0x0000000080000D2C] -> 0x3403
mem[X,0x0000000080000D2E] -> 0x2701
[210] [M]: 0x0000000080000D2C (0x27013403) ld fp, 0x270(sp)
mem[R,0x0000000080002270] -> 0x0000000000007F76
x8 <- 0x0000000000007F76
mem[X,0x0000000080000D30] -> 0x3483
mem[X,0x0000000080000D32] -> 0x2781
[211] [M]: 0x0000000080000D30 (0x27813483) ld s1, 0x278(sp)
mem[R,0x0000000080002278] -> 0x00000000000000FE
x9 <- 0x00000000000000FE
mem[X,0x0000000080000D34] -> 0x3503
mem[X,0x0000000080000D36] -> 0x2801
[212] [M]: 0x0000000080000D34 (0x28013503) ld a0, 0x280(sp)
mem[R,0x0000000080002280] -> 0x0000000000000075
x10 <- 0x0000000000000075
mem[X,0x0000000080000D38] -> 0x3583
mem[X,0x0000000080000D3A] -> 0x2881
[213] [M]: 0x0000000080000D38 (0x28813583) ld a1, 0x288(sp)
mem[R,0x0000000080002288] -> 0x0000000000000000
x11 <- 0x0000000000000000
mem[X,0x0000000080000D3C] -> 0x3103
mem[X,0x0000000080000D3E] -> 0x2901
[214] [M]: 0x0000000080000D3C (0x29013103) ld sp, 0x290(sp)
mem[R,0x0000000080002290] -> 0x0000000000000000
x2 <- 0x0000000000000000
mem[X,0x0000000080000D40] -> 0x8067
mem[X,0x0000000080000D42] -> 0x0043
[215] [M]: 0x0000000080000D40 (0x00438067) jalr zero, 0x4(t2)
mem[X,0x0000000080000394] -> 0x2373
mem[X,0x0000000080000396] -> 0x3400
[216] [M]: 0x0000000080000394 (0x34002373) csrrs t1, mscratch, zero
CSR mscratch -> 0x0000000080002000
x6 <- 0x0000000080002000
mem[X,0x0000000080000398] -> 0x3383
mem[X,0x000000008000039A] -> 0x2383
[217] [M]: 0x0000000080000398 (0x23833383) ld t2, 0x238(t1)
mem[R,0x0000000080002238] -> 0x0000000000000000
x7 <- 0x0000000000000000
mem[X,0x000000008000039C] -> 0x3503
mem[X,0x000000008000039E] -> 0x2503
[218] [M]: 0x000000008000039C (0x25033503) ld a0, 0x250(t1)
mem[R,0x0000000080002250] -> 0x0000000000000000
x10 <- 0x0000000000000000
mem[X,0x00000000800003A0] -> 0x1073
mem[X,0x00000000800003A2] -> 0x3405
[219] [M]: 0x00000000800003A0 (0x34051073) csrrw zero, mscratch, a0
CSR mscratch -> 0x0000000080002000
CSR mscratch <- 0x0000000000000000 (input: 0x0000000000000000)
mem[X,0x00000000800003A4] -> 0x3483
mem[X,0x00000000800003A6] -> 0x2483
[220] [M]: 0x00000000800003A4 (0x24833483) ld s1, 0x248(t1)
mem[R,0x0000000080002248] -> 0x0000000000000000
x9 <- 0x0000000000000000
mem[X,0x00000000800003A8] -> 0x93F3
mem[X,0x00000000800003AA] -> 0x3054
[221] [M]: 0x00000000800003A8 (0x305493F3) csrrw t2, mtvec, s1
CSR mtvec -> 0x0000000080000440
CSR mtvec <- 0x0000000000000000 (input: 0x0000000000000000)
x7 <- 0x0000000080000440
mem[X,0x00000000800003AC] -> 0xF493
mem[X,0x00000000800003AE] -> 0xFFC4
[222] [M]: 0x00000000800003AC (0xFFC4F493) andi s1, s1, -0x4
x9 <- 0x0000000000000000
mem[X,0x00000000800003B0] -> 0xF393
mem[X,0x00000000800003B2] -> 0xFFC3
[223] [M]: 0x00000000800003B0 (0xFFC3F393) andi t2, t2, -0x4
x7 <- 0x0000000080000440
mem[X,0x00000000800003B4] -> 0x9063
mem[X,0x00000000800003B6] -> 0x0274
[224] [M]: 0x00000000800003B4 (0x02749063) bne s1, t2, 0x20
mem[X,0x00000000800003D4] -> 0x006F
mem[X,0x00000000800003D6] -> 0x1710
[225] [M]: 0x00000000800003D4 (0x1710006F) jal zero, 0x970
mem[X,0x0000000080000D44] -> 0x0093
mem[X,0x0000000080000D46] -> 0x0010
[226] [M]: 0x0000000080000D44 (0x00100093) addi ra, zero, 0x1
x1 <- 0x0000000000000001
mem[X,0x0000000080000D48] -> 0x0F17
mem[X,0x0000000080000D4A] -> 0x0000
[227] [M]: 0x0000000080000D48 (0x00000F17) auipc t5, 0x0
x30 <- 0x0000000080000D48
mem[X,0x0000000080000D4C] -> 0x2C23
mem[X,0x0000000080000D4E] -> 0x2A1F
[228] [M]: 0x0000000080000D4C (0x2A1F2C23) sw ra, 0x2b8(t5)
htif[0x0000000080001000] <- 0x00000001
mem[X,0x0000000080000D50] -> 0xF06F
mem[X,0x0000000080000D52] -> 0xFF9F
[229] [M]: 0x0000000080000D50 (0xFF9FF06F) jal zero, -0x8
mem[X,0x0000000080000D48] -> 0x0F17
mem[X,0x0000000080000D4A] -> 0x0000
[230] [M]: 0x0000000080000D48 (0x00000F17) auipc t5, 0x0
x30 <- 0x0000000080000D48
mem[X,0x0000000080000D4C] -> 0x2C23
mem[X,0x0000000080000D4E] -> 0x2A1F
[231] [M]: 0x0000000080000D4C (0x2A1F2C23) sw ra, 0x2b8(t5)
htif[0x0000000080001000] <- 0x00000001
mem[X,0x0000000080000D50] -> 0xF06F
mem[X,0x0000000080000D52] -> 0xFF9F
[232] [M]: 0x0000000080000D50 (0xFF9FF06F) jal zero, -0x8
mem[X,0x0000000080000D48] -> 0x0F17
mem[X,0x0000000080000D4A] -> 0x0000
[233] [M]: 0x0000000080000D48 (0x00000F17) auipc t5, 0x0
x30 <- 0x0000000080000D48
mem[X,0x0000000080000D4C] -> 0x2C23
mem[X,0x0000000080000D4E] -> 0x2A1F
[234] [M]: 0x0000000080000D4C (0x2A1F2C23) sw ra, 0x2b8(t5)
htif[0x0000000080001000] <- 0x00000001
htif-syscall-proxy cmd: 0x000000000001
SUCCESS
