using /home/mamir/tempo/riscof/riscof_work/rv64i_m/I/src/beq-01.S/ref/Reference-sail_c_simulator.signature for test-signature output.
tohost located at 0x80046000
Running file ref.elf.
ELF Entry @ 0x80000000
begin_signature: 0x80048110
end_signature: 0x80049660
CSR mstatus <- 0x0000000A00000000 (input: 0x0000000000000000)
mem[X,0x0000000000001000] -> 0x0297
mem[X,0x0000000000001002] -> 0x0000
[0] [M]: 0x0000000000001000 (0x00000297) auipc t0, 0x0
x5 <- 0x0000000000001000
mem[X,0x0000000000001004] -> 0x8593
mem[X,0x0000000000001006] -> 0x0202
[1] [M]: 0x0000000000001004 (0x02028593) addi a1, t0, 0x20
x11 <- 0x0000000000001020
mem[X,0x0000000000001008] -> 0x2573
mem[X,0x000000000000100A] -> 0xF140
[2] [M]: 0x0000000000001008 (0xF1402573) csrrs a0, mhartid, zero
CSR mhartid -> 0x0000000000000000
x10 <- 0x0000000000000000
mem[X,0x000000000000100C] -> 0xB283
mem[X,0x000000000000100E] -> 0x0182
[3] [M]: 0x000000000000100C (0x0182B283) ld t0, 0x18(t0)
mem[R,0x0000000000001018] -> 0x0000000080000000
x5 <- 0x0000000080000000
mem[X,0x0000000000001010] -> 0x8067
mem[X,0x0000000000001012] -> 0x0002
[4] [M]: 0x0000000000001010 (0x00028067) jalr zero, 0x0(t0)
mem[X,0x0000000080000000] -> 0x0837
mem[X,0x0000000080000002] -> 0x7D5C
[5] [M]: 0x0000000080000000 (0x7D5C0837) lui a6, 0x7d5c0
x16 <- 0x000000007D5C0000
mem[X,0x0000000080000004] -> 0x0813
mem[X,0x0000000080000006] -> 0xDDB8
[6] [M]: 0x0000000080000004 (0xDDB80813) addi a6, a6, -0x225
x16 <- 0x000000007D5BFDDB
mem[X,0x0000000080000008] -> 0x1813
mem[X,0x000000008000000A] -> 0x00B8
[7] [M]: 0x0000000080000008 (0x00B81813) slli a6, a6, 0xb
x16 <- 0x000003EADFEED800
mem[X,0x000000008000000C] -> 0x0813
mem[X,0x000000008000000E] -> 0x3EA8
[8] [M]: 0x000000008000000C (0x3EA80813) addi a6, a6, 0x3ea
x16 <- 0x000003EADFEEDBEA
mem[X,0x0000000080000010] -> 0x1813
mem[X,0x0000000080000012] -> 0x00B8
[9] [M]: 0x0000000080000010 (0x00B81813) slli a6, a6, 0xb
x16 <- 0x001F56FF76DF5000
mem[X,0x0000000080000014] -> 0x0813
mem[X,0x0000000080000016] -> 0x6FF8
[10] [M]: 0x0000000080000014 (0x6FF80813) addi a6, a6, 0x6ff
x16 <- 0x001F56FF76DF56FF
mem[X,0x0000000080000018] -> 0x1813
mem[X,0x000000008000001A] -> 0x00A8
[11] [M]: 0x0000000080000018 (0x00A81813) slli a6, a6, 0xa
x16 <- 0x7D5BFDDB7D5BFC00
mem[X,0x000000008000001C] -> 0x0813
mem[X,0x000000008000001E] -> 0x1DB8
[12] [M]: 0x000000008000001C (0x1DB80813) addi a6, a6, 0x1db
x16 <- 0x7D5BFDDB7D5BFDDB
mem[X,0x0000000080000020] -> 0x5893
mem[X,0x0000000080000022] -> 0x0078
[13] [M]: 0x0000000080000020 (0x00785893) srli a7, a6, 0x7
x17 <- 0x00FAB7FBB6FAB7FB
mem[X,0x0000000080000024] -> 0x5793
mem[X,0x0000000080000026] -> 0x0398
[14] [M]: 0x0000000080000024 (0x03985793) srli a5, a6, 0x39
x15 <- 0x000000000000003E
mem[X,0x0000000080000028] -> 0xE8B3
mem[X,0x000000008000002A] -> 0x00F8
[15] [M]: 0x0000000080000028 (0x00F8E8B3) or a7, a7, a5
x17 <- 0x00FAB7FBB6FAB7FF
mem[X,0x000000008000002C] -> 0xD913
mem[X,0x000000008000002E] -> 0x0078
[16] [M]: 0x000000008000002C (0x0078D913) srli s2, a7, 0x7
x18 <- 0x0001F56FF76DF56F
mem[X,0x0000000080000030] -> 0xD793
mem[X,0x0000000080000032] -> 0x0398
[17] [M]: 0x0000000080000030 (0x0398D793) srli a5, a7, 0x39
x15 <- 0x0000000000000000
mem[X,0x0000000080000034] -> 0x6933
mem[X,0x0000000080000036] -> 0x00F9
[18] [M]: 0x0000000080000034 (0x00F96933) or s2, s2, a5
x18 <- 0x0001F56FF76DF56F
mem[X,0x0000000080000038] -> 0x5993
mem[X,0x000000008000003A] -> 0x0079
[19] [M]: 0x0000000080000038 (0x00795993) srli s3, s2, 0x7
x19 <- 0x000003EADFEEDBEA
mem[X,0x000000008000003C] -> 0x5793
mem[X,0x000000008000003E] -> 0x0399
[20] [M]: 0x000000008000003C (0x03995793) srli a5, s2, 0x39
x15 <- 0x0000000000000000
mem[X,0x0000000080000040] -> 0xE9B3
mem[X,0x0000000080000042] -> 0x00F9
[21] [M]: 0x0000000080000040 (0x00F9E9B3) or s3, s3, a5
x19 <- 0x000003EADFEEDBEA
mem[X,0x0000000080000044] -> 0xDA13
mem[X,0x0000000080000046] -> 0x0079
[22] [M]: 0x0000000080000044 (0x0079DA13) srli s4, s3, 0x7
x20 <- 0x00000007D5BFDDB7
mem[X,0x0000000080000048] -> 0xD793
mem[X,0x000000008000004A] -> 0x0399
[23] [M]: 0x0000000080000048 (0x0399D793) srli a5, s3, 0x39
x15 <- 0x0000000000000000
mem[X,0x000000008000004C] -> 0x6A33
mem[X,0x000000008000004E] -> 0x00FA
[24] [M]: 0x000000008000004C (0x00FA6A33) or s4, s4, a5
x20 <- 0x00000007D5BFDDB7
mem[X,0x0000000080000050] -> 0x5A93
mem[X,0x0000000080000052] -> 0x007A
[25] [M]: 0x0000000080000050 (0x007A5A93) srli s5, s4, 0x7
x21 <- 0x000000000FAB7FBB
mem[X,0x0000000080000054] -> 0x5793
mem[X,0x0000000080000056] -> 0x039A
[26] [M]: 0x0000000080000054 (0x039A5793) srli a5, s4, 0x39
x15 <- 0x0000000000000000
mem[X,0x0000000080000058] -> 0xEAB3
mem[X,0x000000008000005A] -> 0x00FA
[27] [M]: 0x0000000080000058 (0x00FAEAB3) or s5, s5, a5
x21 <- 0x000000000FAB7FBB
mem[X,0x000000008000005C] -> 0xDB13
mem[X,0x000000008000005E] -> 0x007A
[28] [M]: 0x000000008000005C (0x007ADB13) srli s6, s5, 0x7
x22 <- 0x00000000001F56FF
mem[X,0x0000000080000060] -> 0xD793
mem[X,0x0000000080000062] -> 0x039A
[29] [M]: 0x0000000080000060 (0x039AD793) srli a5, s5, 0x39
x15 <- 0x0000000000000000
mem[X,0x0000000080000064] -> 0x6B33
mem[X,0x0000000080000066] -> 0x00FB
[30] [M]: 0x0000000080000064 (0x00FB6B33) or s6, s6, a5
x22 <- 0x00000000001F56FF
mem[X,0x0000000080000068] -> 0x5B93
mem[X,0x000000008000006A] -> 0x007B
[31] [M]: 0x0000000080000068 (0x007B5B93) srli s7, s6, 0x7
x23 <- 0x0000000000003EAD
mem[X,0x000000008000006C] -> 0x5793
mem[X,0x000000008000006E] -> 0x039B
[32] [M]: 0x000000008000006C (0x039B5793) srli a5, s6, 0x39
x15 <- 0x0000000000000000
mem[X,0x0000000080000070] -> 0xEBB3
mem[X,0x0000000080000072] -> 0x00FB
[33] [M]: 0x0000000080000070 (0x00FBEBB3) or s7, s7, a5
x23 <- 0x0000000000003EAD
mem[X,0x0000000080000074] -> 0xDC13
mem[X,0x0000000080000076] -> 0x007B
[34] [M]: 0x0000000080000074 (0x007BDC13) srli s8, s7, 0x7
x24 <- 0x000000000000007D
mem[X,0x0000000080000078] -> 0xD793
mem[X,0x000000008000007A] -> 0x039B
[35] [M]: 0x0000000080000078 (0x039BD793) srli a5, s7, 0x39
x15 <- 0x0000000000000000
mem[X,0x000000008000007C] -> 0x6C33
mem[X,0x000000008000007E] -> 0x00FC
[36] [M]: 0x000000008000007C (0x00FC6C33) or s8, s8, a5
x24 <- 0x000000000000007D
mem[X,0x0000000080000080] -> 0x5C93
mem[X,0x0000000080000082] -> 0x007C
[37] [M]: 0x0000000080000080 (0x007C5C93) srli s9, s8, 0x7
x25 <- 0x0000000000000000
mem[X,0x0000000080000084] -> 0x5793
mem[X,0x0000000080000086] -> 0x039C
[38] [M]: 0x0000000080000084 (0x039C5793) srli a5, s8, 0x39
x15 <- 0x0000000000000000
mem[X,0x0000000080000088] -> 0xECB3
mem[X,0x000000008000008A] -> 0x00FC
[39] [M]: 0x0000000080000088 (0x00FCECB3) or s9, s9, a5
x25 <- 0x0000000000000000
mem[X,0x000000008000008C] -> 0xDD13
mem[X,0x000000008000008E] -> 0x007C
[40] [M]: 0x000000008000008C (0x007CDD13) srli s10, s9, 0x7
x26 <- 0x0000000000000000
mem[X,0x0000000080000090] -> 0xD793
mem[X,0x0000000080000092] -> 0x039C
[41] [M]: 0x0000000080000090 (0x039CD793) srli a5, s9, 0x39
x15 <- 0x0000000000000000
mem[X,0x0000000080000094] -> 0x6D33
mem[X,0x0000000080000096] -> 0x00FD
[42] [M]: 0x0000000080000094 (0x00FD6D33) or s10, s10, a5
x26 <- 0x0000000000000000
mem[X,0x0000000080000098] -> 0x5D93
mem[X,0x000000008000009A] -> 0x007D
[43] [M]: 0x0000000080000098 (0x007D5D93) srli s11, s10, 0x7
x27 <- 0x0000000000000000
mem[X,0x000000008000009C] -> 0x5793
mem[X,0x000000008000009E] -> 0x039D
[44] [M]: 0x000000008000009C (0x039D5793) srli a5, s10, 0x39
x15 <- 0x0000000000000000
mem[X,0x00000000800000A0] -> 0xEDB3
mem[X,0x00000000800000A2] -> 0x00FD
[45] [M]: 0x00000000800000A0 (0x00FDEDB3) or s11, s11, a5
x27 <- 0x0000000000000000
mem[X,0x00000000800000A4] -> 0xDE13
mem[X,0x00000000800000A6] -> 0x007D
[46] [M]: 0x00000000800000A4 (0x007DDE13) srli t3, s11, 0x7
x28 <- 0x0000000000000000
mem[X,0x00000000800000A8] -> 0xD793
mem[X,0x00000000800000AA] -> 0x039D
[47] [M]: 0x00000000800000A8 (0x039DD793) srli a5, s11, 0x39
x15 <- 0x0000000000000000
mem[X,0x00000000800000AC] -> 0x6E33
mem[X,0x00000000800000AE] -> 0x00FE
[48] [M]: 0x00000000800000AC (0x00FE6E33) or t3, t3, a5
x28 <- 0x0000000000000000
mem[X,0x00000000800000B0] -> 0x5E93
mem[X,0x00000000800000B2] -> 0x007E
[49] [M]: 0x00000000800000B0 (0x007E5E93) srli t4, t3, 0x7
x29 <- 0x0000000000000000
mem[X,0x00000000800000B4] -> 0x5793
mem[X,0x00000000800000B6] -> 0x039E
[50] [M]: 0x00000000800000B4 (0x039E5793) srli a5, t3, 0x39
x15 <- 0x0000000000000000
mem[X,0x00000000800000B8] -> 0xEEB3
mem[X,0x00000000800000BA] -> 0x00FE
[51] [M]: 0x00000000800000B8 (0x00FEEEB3) or t4, t4, a5
x29 <- 0x0000000000000000
mem[X,0x00000000800000BC] -> 0xDF13
mem[X,0x00000000800000BE] -> 0x007E
[52] [M]: 0x00000000800000BC (0x007EDF13) srli t5, t4, 0x7
x30 <- 0x0000000000000000
mem[X,0x00000000800000C0] -> 0xD793
mem[X,0x00000000800000C2] -> 0x039E
[53] [M]: 0x00000000800000C0 (0x039ED793) srli a5, t4, 0x39
x15 <- 0x0000000000000000
mem[X,0x00000000800000C4] -> 0x6F33
mem[X,0x00000000800000C6] -> 0x00FF
[54] [M]: 0x00000000800000C4 (0x00FF6F33) or t5, t5, a5
x30 <- 0x0000000000000000
mem[X,0x00000000800000C8] -> 0xC0B7
mem[X,0x00000000800000CA] -> 0xFEED
[55] [M]: 0x00000000800000C8 (0xFEEDC0B7) lui ra, -0x1124
x1 <- 0xFFFFFFFFFEEDC000
mem[X,0x00000000800000CC] -> 0x8093
mem[X,0x00000000800000CE] -> 0xEAD0
[56] [M]: 0x00000000800000CC (0xEAD08093) addi ra, ra, -0x153
x1 <- 0xFFFFFFFFFEEDBEAD
mem[X,0x00000000800000D0] -> 0x9093
mem[X,0x00000000800000D2] -> 0x00B0
[57] [M]: 0x00000000800000D0 (0x00B09093) slli ra, ra, 0xb
x1 <- 0xFFFFFFF76DF56800
mem[X,0x00000000800000D4] -> 0x8093
mem[X,0x00000000800000D6] -> 0x7F70
[58] [M]: 0x00000000800000D4 (0x7F708093) addi ra, ra, 0x7f7
x1 <- 0xFFFFFFF76DF56FF7
mem[X,0x00000000800000D8] -> 0x9093
mem[X,0x00000000800000DA] -> 0x00B0
[59] [M]: 0x00000000800000D8 (0x00B09093) slli ra, ra, 0xb
x1 <- 0xFFFFBB6FAB7FB800
mem[X,0x00000000800000DC] -> 0x8093
mem[X,0x00000000800000DE] -> 0x36F0
[60] [M]: 0x00000000800000DC (0x36F08093) addi ra, ra, 0x36f
x1 <- 0xFFFFBB6FAB7FBB6F
mem[X,0x00000000800000E0] -> 0x9093
mem[X,0x00000000800000E2] -> 0x00A0
[61] [M]: 0x00000000800000E0 (0x00A09093) slli ra, ra, 0xa
x1 <- 0xFEEDBEADFEEDBC00
mem[X,0x00000000800000E4] -> 0x8093
mem[X,0x00000000800000E6] -> 0x2AD0
[62] [M]: 0x00000000800000E4 (0x2AD08093) addi ra, ra, 0x2ad
x1 <- 0xFEEDBEADFEEDBEAD
mem[X,0x00000000800000E8] -> 0xD113
mem[X,0x00000000800000EA] -> 0x0070
[63] [M]: 0x00000000800000E8 (0x0070D113) srli sp, ra, 0x7
x2 <- 0x01FDDB7D5BFDDB7D
mem[X,0x00000000800000EC] -> 0xD793
mem[X,0x00000000800000EE] -> 0x0390
[64] [M]: 0x00000000800000EC (0x0390D793) srli a5, ra, 0x39
x15 <- 0x000000000000007F
mem[X,0x00000000800000F0] -> 0x6133
mem[X,0x00000000800000F2] -> 0x00F1
[65] [M]: 0x00000000800000F0 (0x00F16133) or sp, sp, a5
x2 <- 0x01FDDB7D5BFDDB7F
mem[X,0x00000000800000F4] -> 0x5193
mem[X,0x00000000800000F6] -> 0x0071
[66] [M]: 0x00000000800000F4 (0x00715193) srli gp, sp, 0x7
x3 <- 0x0003FBB6FAB7FBB6
mem[X,0x00000000800000F8] -> 0x5793
mem[X,0x00000000800000FA] -> 0x0391
[67] [M]: 0x00000000800000F8 (0x03915793) srli a5, sp, 0x39
x15 <- 0x0000000000000000
mem[X,0x00000000800000FC] -> 0xE1B3
mem[X,0x00000000800000FE] -> 0x00F1
[68] [M]: 0x00000000800000FC (0x00F1E1B3) or gp, gp, a5
x3 <- 0x0003FBB6FAB7FBB6
mem[X,0x0000000080000100] -> 0xD213
mem[X,0x0000000080000102] -> 0x0071
[69] [M]: 0x0000000080000100 (0x0071D213) srli tp, gp, 0x7
x4 <- 0x000007F76DF56FF7
mem[X,0x0000000080000104] -> 0xD793
mem[X,0x0000000080000106] -> 0x0391
[70] [M]: 0x0000000080000104 (0x0391D793) srli a5, gp, 0x39
x15 <- 0x0000000000000000
mem[X,0x0000000080000108] -> 0x6233
mem[X,0x000000008000010A] -> 0x00F2
[71] [M]: 0x0000000080000108 (0x00F26233) or tp, tp, a5
x4 <- 0x000007F76DF56FF7
mem[X,0x000000008000010C] -> 0x5293
mem[X,0x000000008000010E] -> 0x0072
[72] [M]: 0x000000008000010C (0x00725293) srli t0, tp, 0x7
x5 <- 0x0000000FEEDBEADF
mem[X,0x0000000080000110] -> 0x5793
mem[X,0x0000000080000112] -> 0x0392
[73] [M]: 0x0000000080000110 (0x03925793) srli a5, tp, 0x39
x15 <- 0x0000000000000000
mem[X,0x0000000080000114] -> 0xE2B3
mem[X,0x0000000080000116] -> 0x00F2
[74] [M]: 0x0000000080000114 (0x00F2E2B3) or t0, t0, a5
x5 <- 0x0000000FEEDBEADF
mem[X,0x0000000080000118] -> 0xD313
mem[X,0x000000008000011A] -> 0x0072
[75] [M]: 0x0000000080000118 (0x0072D313) srli t1, t0, 0x7
x6 <- 0x000000001FDDB7D5
mem[X,0x000000008000011C] -> 0xD793
mem[X,0x000000008000011E] -> 0x0392
[76] [M]: 0x000000008000011C (0x0392D793) srli a5, t0, 0x39
x15 <- 0x0000000000000000
mem[X,0x0000000080000120] -> 0x6333
mem[X,0x0000000080000122] -> 0x00F3
[77] [M]: 0x0000000080000120 (0x00F36333) or t1, t1, a5
x6 <- 0x000000001FDDB7D5
mem[X,0x0000000080000124] -> 0x5393
mem[X,0x0000000080000126] -> 0x0073
[78] [M]: 0x0000000080000124 (0x00735393) srli t2, t1, 0x7
x7 <- 0x00000000003FBB6F
mem[X,0x0000000080000128] -> 0x5793
mem[X,0x000000008000012A] -> 0x0393
[79] [M]: 0x0000000080000128 (0x03935793) srli a5, t1, 0x39
x15 <- 0x0000000000000000
mem[X,0x000000008000012C] -> 0xE3B3
mem[X,0x000000008000012E] -> 0x00F3
[80] [M]: 0x000000008000012C (0x00F3E3B3) or t2, t2, a5
x7 <- 0x00000000003FBB6F
mem[X,0x0000000080000130] -> 0xD413
mem[X,0x0000000080000132] -> 0x0073
[81] [M]: 0x0000000080000130 (0x0073D413) srli fp, t2, 0x7
x8 <- 0x0000000000007F76
mem[X,0x0000000080000134] -> 0xD793
mem[X,0x0000000080000136] -> 0x0393
[82] [M]: 0x0000000080000134 (0x0393D793) srli a5, t2, 0x39
x15 <- 0x0000000000000000
mem[X,0x0000000080000138] -> 0x6433
mem[X,0x000000008000013A] -> 0x00F4
[83] [M]: 0x0000000080000138 (0x00F46433) or fp, fp, a5
x8 <- 0x0000000000007F76
mem[X,0x000000008000013C] -> 0x5493
mem[X,0x000000008000013E] -> 0x0074
[84] [M]: 0x000000008000013C (0x00745493) srli s1, fp, 0x7
x9 <- 0x00000000000000FE
mem[X,0x0000000080000140] -> 0x5793
mem[X,0x0000000080000142] -> 0x0394
[85] [M]: 0x0000000080000140 (0x03945793) srli a5, fp, 0x39
x15 <- 0x0000000000000000
mem[X,0x0000000080000144] -> 0xE4B3
mem[X,0x0000000080000146] -> 0x00F4
[86] [M]: 0x0000000080000144 (0x00F4E4B3) or s1, s1, a5
x9 <- 0x00000000000000FE
mem[X,0x0000000080000148] -> 0xD513
mem[X,0x000000008000014A] -> 0x0074
[87] [M]: 0x0000000080000148 (0x0074D513) srli a0, s1, 0x7
x10 <- 0x0000000000000001
mem[X,0x000000008000014C] -> 0xD793
mem[X,0x000000008000014E] -> 0x0394
[88] [M]: 0x000000008000014C (0x0394D793) srli a5, s1, 0x39
x15 <- 0x0000000000000000
mem[X,0x0000000080000150] -> 0x6533
mem[X,0x0000000080000152] -> 0x00F5
[89] [M]: 0x0000000080000150 (0x00F56533) or a0, a0, a5
x10 <- 0x0000000000000001
mem[X,0x0000000080000154] -> 0x5593
mem[X,0x0000000080000156] -> 0x0075
[90] [M]: 0x0000000080000154 (0x00755593) srli a1, a0, 0x7
x11 <- 0x0000000000000000
mem[X,0x0000000080000158] -> 0x5793
mem[X,0x000000008000015A] -> 0x0395
[91] [M]: 0x0000000080000158 (0x03955793) srli a5, a0, 0x39
x15 <- 0x0000000000000000
mem[X,0x000000008000015C] -> 0xE5B3
mem[X,0x000000008000015E] -> 0x00F5
[92] [M]: 0x000000008000015C (0x00F5E5B3) or a1, a1, a5
x11 <- 0x0000000000000000
mem[X,0x0000000080000160] -> 0xD613
mem[X,0x0000000080000162] -> 0x0075
[93] [M]: 0x0000000080000160 (0x0075D613) srli a2, a1, 0x7
x12 <- 0x0000000000000000
mem[X,0x0000000080000164] -> 0xD793
mem[X,0x0000000080000166] -> 0x0395
[94] [M]: 0x0000000080000164 (0x0395D793) srli a5, a1, 0x39
x15 <- 0x0000000000000000
mem[X,0x0000000080000168] -> 0x6633
mem[X,0x000000008000016A] -> 0x00F6
[95] [M]: 0x0000000080000168 (0x00F66633) or a2, a2, a5
x12 <- 0x0000000000000000
mem[X,0x000000008000016C] -> 0x5693
mem[X,0x000000008000016E] -> 0x0076
[96] [M]: 0x000000008000016C (0x00765693) srli a3, a2, 0x7
x13 <- 0x0000000000000000
mem[X,0x0000000080000170] -> 0x5793
mem[X,0x0000000080000172] -> 0x0396
[97] [M]: 0x0000000080000170 (0x03965793) srli a5, a2, 0x39
x15 <- 0x0000000000000000
mem[X,0x0000000080000174] -> 0xE6B3
mem[X,0x0000000080000176] -> 0x00F6
[98] [M]: 0x0000000080000174 (0x00F6E6B3) or a3, a3, a5
x13 <- 0x0000000000000000
mem[X,0x0000000080000178] -> 0x0013
mem[X,0x000000008000017A] -> 0x0000
[99] [M]: 0x0000000080000178 (0x00000013) addi zero, zero, 0x0
clint::tick mtime <- 0x0000000000000001
 clint timer pending at mtime 0x0000000000000001
htif::tick 0x0000000000000000
mem[X,0x000000008000017C] -> 0x0013
mem[X,0x000000008000017E] -> 0x0000
[100] [M]: 0x000000008000017C (0x00000013) addi zero, zero, 0x0
mem[X,0x0000000080000180] -> 0x8097
mem[X,0x0000000080000182] -> 0x0004
[101] [M]: 0x0000000080000180 (0x00048097) auipc ra, 0x48
x1 <- 0x0000000080048180
mem[X,0x0000000080000184] -> 0x8093
mem[X,0x0000000080000186] -> 0xF980
[102] [M]: 0x0000000080000184 (0xF9808093) addi ra, ra, -0x68
x1 <- 0x0000000080048118
mem[X,0x0000000080000188] -> 0x0013
mem[X,0x000000008000018A] -> 0x0000
[103] [M]: 0x0000000080000188 (0x00000013) addi zero, zero, 0x0
mem[X,0x000000008000018C] -> 0x0013
mem[X,0x000000008000018E] -> 0x0000
[104] [M]: 0x000000008000018C (0x00000013) addi zero, zero, 0x0
mem[X,0x0000000080000190] -> 0x0013
mem[X,0x0000000080000192] -> 0x0000
[105] [M]: 0x0000000080000190 (0x00000013) addi zero, zero, 0x0
mem[X,0x0000000080000194] -> 0x0013
mem[X,0x0000000080000196] -> 0x0000
[106] [M]: 0x0000000080000194 (0x00000013) addi zero, zero, 0x0
mem[X,0x0000000080000198] -> 0x0013
mem[X,0x000000008000019A] -> 0x0000
[107] [M]: 0x0000000080000198 (0x00000013) addi zero, zero, 0x0
mem[X,0x000000008000019C] -> 0x0013
mem[X,0x000000008000019E] -> 0x0000
[108] [M]: 0x000000008000019C (0x00000013) addi zero, zero, 0x0
mem[X,0x00000000800001A0] -> 0x0993
mem[X,0x00000000800001A2] -> 0x0060
[109] [M]: 0x00000000800001A0 (0x00600993) addi s3, zero, 0x6
x19 <- 0x0000000000000006
mem[X,0x00000000800001A4] -> 0x0613
mem[X,0x00000000800001A6] -> 0x0010
[110] [M]: 0x00000000800001A4 (0x00100613) addi a2, zero, 0x1
x12 <- 0x0000000000000001
mem[X,0x00000000800001A8] -> 0x1613
mem[X,0x00000000800001AA] -> 0x0266
[111] [M]: 0x00000000800001A8 (0x02661613) slli a2, a2, 0x26
x12 <- 0x0000004000000000
mem[X,0x00000000800001AC] -> 0x0313
mem[X,0x00000000800001AE] -> 0x0000
[112] [M]: 0x00000000800001AC (0x00000313) addi t1, zero, 0x0
x6 <- 0x0000000000000000
mem[X,0x00000000800001B0] -> 0x006F
mem[X,0x00000000800001B2] -> 0x00C0
[113] [M]: 0x00000000800001B0 (0x00C0006F) jal zero, 0xc
mem[X,0x00000000800001BC] -> 0x8663
mem[X,0x00000000800001BE] -> 0x00C9
[114] [M]: 0x00000000800001BC (0x00C98663) beq s3, a2, 0xc
mem[X,0x00000000800001C0] -> 0x0313
mem[X,0x00000000800001C2] -> 0x0023
[115] [M]: 0x00000000800001C0 (0x00230313) addi t1, t1, 0x2
x6 <- 0x0000000000000002
mem[X,0x00000000800001C4] -> 0x006F
mem[X,0x00000000800001C6] -> 0x00C0
[116] [M]: 0x00000000800001C4 (0x00C0006F) jal zero, 0xc
mem[X,0x00000000800001D0] -> 0xB023
mem[X,0x00000000800001D2] -> 0x0060
[117] [M]: 0x00000000800001D0 (0x0060B023) sd t1, 0x0(ra)
mem[0x0000000080048118] <- 0x0000000000000002
mem[X,0x00000000800001D4] -> 0x5537
mem[X,0x00000000800001D6] -> 0x5555
[118] [M]: 0x00000000800001D4 (0x55555537) lui a0, 0x55555
x10 <- 0x0000000055555000
mem[X,0x00000000800001D8] -> 0x0513
mem[X,0x00000000800001DA] -> 0x5555
[119] [M]: 0x00000000800001D8 (0x55550513) addi a0, a0, 0x555
x10 <- 0x0000000055555555
mem[X,0x00000000800001DC] -> 0x1513
mem[X,0x00000000800001DE] -> 0x00B5
[120] [M]: 0x00000000800001DC (0x00B51513) slli a0, a0, 0xb
x10 <- 0x000002AAAAAAA800
mem[X,0x00000000800001E0] -> 0x0513
mem[X,0x00000000800001E2] -> 0x2AA5
[121] [M]: 0x00000000800001E0 (0x2AA50513) addi a0, a0, 0x2aa
x10 <- 0x000002AAAAAAAAAA
mem[X,0x00000000800001E4] -> 0x1513
mem[X,0x00000000800001E6] -> 0x00B5
[122] [M]: 0x00000000800001E4 (0x00B51513) slli a0, a0, 0xb
x10 <- 0x0015555555555000
mem[X,0x00000000800001E8] -> 0x0513
mem[X,0x00000000800001EA] -> 0x5555
[123] [M]: 0x00000000800001E8 (0x55550513) addi a0, a0, 0x555
x10 <- 0x0015555555555555
mem[X,0x00000000800001EC] -> 0x1513
mem[X,0x00000000800001EE] -> 0x00A5
[124] [M]: 0x00000000800001EC (0x00A51513) slli a0, a0, 0xa
x10 <- 0x5555555555555400
mem[X,0x00000000800001F0] -> 0x0513
mem[X,0x00000000800001F2] -> 0x1555
[125] [M]: 0x00000000800001F0 (0x15550513) addi a0, a0, 0x155
x10 <- 0x5555555555555555
mem[X,0x00000000800001F4] -> 0x5537
mem[X,0x00000000800001F6] -> 0x5555
[126] [M]: 0x00000000800001F4 (0x55555537) lui a0, 0x55555
x10 <- 0x0000000055555000
mem[X,0x00000000800001F8] -> 0x0513
mem[X,0x00000000800001FA] -> 0x5555
[127] [M]: 0x00000000800001F8 (0x55550513) addi a0, a0, 0x555
x10 <- 0x0000000055555555
mem[X,0x00000000800001FC] -> 0x1513
mem[X,0x00000000800001FE] -> 0x00B5
[128] [M]: 0x00000000800001FC (0x00B51513) slli a0, a0, 0xb
x10 <- 0x000002AAAAAAA800
mem[X,0x0000000080000200] -> 0x0513
mem[X,0x0000000080000202] -> 0x2AA5
[129] [M]: 0x0000000080000200 (0x2AA50513) addi a0, a0, 0x2aa
x10 <- 0x000002AAAAAAAAAA
mem[X,0x0000000080000204] -> 0x1513
mem[X,0x0000000080000206] -> 0x00B5
[130] [M]: 0x0000000080000204 (0x00B51513) slli a0, a0, 0xb
x10 <- 0x0015555555555000
mem[X,0x0000000080000208] -> 0x0513
mem[X,0x000000008000020A] -> 0x5555
[131] [M]: 0x0000000080000208 (0x55550513) addi a0, a0, 0x555
x10 <- 0x0015555555555555
mem[X,0x000000008000020C] -> 0x1513
mem[X,0x000000008000020E] -> 0x00A5
[132] [M]: 0x000000008000020C (0x00A51513) slli a0, a0, 0xa
x10 <- 0x5555555555555400
mem[X,0x0000000080000210] -> 0x0513
mem[X,0x0000000080000212] -> 0x1555
[133] [M]: 0x0000000080000210 (0x15550513) addi a0, a0, 0x155
x10 <- 0x5555555555555555
mem[X,0x0000000080000214] -> 0x0313
mem[X,0x0000000080000216] -> 0x0000
[134] [M]: 0x0000000080000214 (0x00000313) addi t1, zero, 0x0
x6 <- 0x0000000000000000
mem[X,0x0000000080000218] -> 0x006F
mem[X,0x000000008000021A] -> 0x00C0
[135] [M]: 0x0000000080000218 (0x00C0006F) jal zero, 0xc
mem[X,0x0000000080000224] -> 0x0CE3
mem[X,0x0000000080000226] -> 0xFEA5
[136] [M]: 0x0000000080000224 (0xFEA50CE3) beq a0, a0, -0x8
mem[X,0x000000008000021C] -> 0x0313
mem[X,0x000000008000021E] -> 0x0013
[137] [M]: 0x000000008000021C (0x00130313) addi t1, t1, 0x1
x6 <- 0x0000000000000001
mem[X,0x0000000080000220] -> 0x006F
mem[X,0x0000000080000222] -> 0x0180
[138] [M]: 0x0000000080000220 (0x0180006F) jal zero, 0x18
mem[X,0x0000000080000238] -> 0xB423
mem[X,0x000000008000023A] -> 0x0060
[139] [M]: 0x0000000080000238 (0x0060B423) sd t1, 0x8(ra)
mem[0x0000000080048120] <- 0x0000000000000001
mem[X,0x000000008000023C] -> 0x0E93
mem[X,0x000000008000023E] -> 0xFFF0
[140] [M]: 0x000000008000023C (0xFFF00E93) addi t4, zero, -0x1
x29 <- 0xFFFFFFFFFFFFFFFF
mem[X,0x0000000080000240] -> 0x9E93
mem[X,0x0000000080000242] -> 0x03FE
[141] [M]: 0x0000000080000240 (0x03FE9E93) slli t4, t4, 0x3f
x29 <- 0x8000000000000000
mem[X,0x0000000080000244] -> 0x0113
mem[X,0x0000000080000246] -> 0x0010
[142] [M]: 0x0000000080000244 (0x00100113) addi sp, zero, 0x1
x2 <- 0x0000000000000001
mem[X,0x0000000080000248] -> 0x1113
mem[X,0x000000008000024A] -> 0x02F1
[143] [M]: 0x0000000080000248 (0x02F11113) slli sp, sp, 0x2f
x2 <- 0x0000800000000000
mem[X,0x000000008000024C] -> 0x4113
mem[X,0x000000008000024E] -> 0xFFF1
[144] [M]: 0x000000008000024C (0xFFF14113) xori sp, sp, -0x1
x2 <- 0xFFFF7FFFFFFFFFFF
mem[X,0x0000000080000250] -> 0x0313
mem[X,0x0000000080000252] -> 0x0000
[145] [M]: 0x0000000080000250 (0x00000313) addi t1, zero, 0x0
x6 <- 0x0000000000000000
mem[X,0x0000000080000254] -> 0x006F
mem[X,0x0000000080000256] -> 0x0050
[146] [M]: 0x0000000080000254 (0x0050006F) jal zero, 0x804
mem[X,0x0000000080000A58] -> 0x80E3
mem[X,0x0000000080000A5A] -> 0x802E
[147] [M]: 0x0000000080000A58 (0x802E80E3) beq t4, sp, -0x800
mem[X,0x0000000080000A5C] -> 0x0313
mem[X,0x0000000080000A5E] -> 0x0023
[148] [M]: 0x0000000080000A5C (0x00230313) addi t1, t1, 0x2
x6 <- 0x0000000000000002
mem[X,0x0000000080000A60] -> 0x006F
mem[X,0x0000000080000A62] -> 0x00C0
[149] [M]: 0x0000000080000A60 (0x00C0006F) jal zero, 0xc
mem[X,0x0000000080000A6C] -> 0xB823
mem[X,0x0000000080000A6E] -> 0x0060
[150] [M]: 0x0000000080000A6C (0x0060B823) sd t1, 0x10(ra)
mem[0x0000000080048128] <- 0x0000000000000002
mem[X,0x0000000080000A70] -> 0x0213
mem[X,0x0000000080000A72] -> 0x0010
[151] [M]: 0x0000000080000A70 (0x00100213) addi tp, zero, 0x1
x4 <- 0x0000000000000001
mem[X,0x0000000080000A74] -> 0x1213
mem[X,0x0000000080000A76] -> 0x0132
[152] [M]: 0x0000000080000A74 (0x01321213) slli tp, tp, 0x13
x4 <- 0x0000000000080000
mem[X,0x0000000080000A78] -> 0x4213
mem[X,0x0000000080000A7A] -> 0xFFF2
[153] [M]: 0x0000000080000A78 (0xFFF24213) xori tp, tp, -0x1
x4 <- 0xFFFFFFFFFFF7FFFF
mem[X,0x0000000080000A7C] -> 0x0C13
mem[X,0x0000000080000A7E] -> 0x0030
[154] [M]: 0x0000000080000A7C (0x00300C13) addi s8, zero, 0x3
x24 <- 0x0000000000000003
mem[X,0x0000000080000A80] -> 0x0313
mem[X,0x0000000080000A82] -> 0x0000
[155] [M]: 0x0000000080000A80 (0x00000313) addi t1, zero, 0x0
x6 <- 0x0000000000000000
mem[X,0x0000000080000A84] -> 0x006F
mem[X,0x0000000080000A86] -> 0x00C0
[156] [M]: 0x0000000080000A84 (0x00C0006F) jal zero, 0xc
mem[X,0x0000000080000A90] -> 0x0663
mem[X,0x0000000080000A92] -> 0x0182
[157] [M]: 0x0000000080000A90 (0x01820663) beq tp, s8, 0xc
mem[X,0x0000000080000A94] -> 0x0313
mem[X,0x0000000080000A96] -> 0x0023
[158] [M]: 0x0000000080000A94 (0x00230313) addi t1, t1, 0x2
x6 <- 0x0000000000000002
mem[X,0x0000000080000A98] -> 0x006F
mem[X,0x0000000080000A9A] -> 0x00C0
[159] [M]: 0x0000000080000A98 (0x00C0006F) jal zero, 0xc
mem[X,0x0000000080000AA4] -> 0xBC23
mem[X,0x0000000080000AA6] -> 0x0060
[160] [M]: 0x0000000080000AA4 (0x0060BC23) sd t1, 0x18(ra)
mem[0x0000000080048130] <- 0x0000000000000002
mem[X,0x0000000080000AA8] -> 0x0737
mem[X,0x0000000080000AAA] -> 0x0000
[161] [M]: 0x0000000080000AA8 (0x00000737) lui a4, 0x0
x14 <- 0x0000000000000000
mem[X,0x0000000080000AAC] -> 0x0713
mem[X,0x0000000080000AAE] -> 0xFFF7
[162] [M]: 0x0000000080000AAC (0xFFF70713) addi a4, a4, -0x1
x14 <- 0xFFFFFFFFFFFFFFFF
mem[X,0x0000000080000AB0] -> 0x1713
mem[X,0x0000000080000AB2] -> 0x00B7
[163] [M]: 0x0000000080000AB0 (0x00B71713) slli a4, a4, 0xb
x14 <- 0xFFFFFFFFFFFFF800
mem[X,0x0000000080000AB4] -> 0x0713
mem[X,0x0000000080000AB6] -> 0x2577
[164] [M]: 0x0000000080000AB4 (0x25770713) addi a4, a4, 0x257
x14 <- 0xFFFFFFFFFFFFFA57
mem[X,0x0000000080000AB8] -> 0x1713
mem[X,0x0000000080000ABA] -> 0x00B7
[165] [M]: 0x0000000080000AB8 (0x00B71713) slli a4, a4, 0xb
x14 <- 0xFFFFFFFFFFD2B800
mem[X,0x0000000080000ABC] -> 0x0713
mem[X,0x0000000080000ABE] -> 0x6C37
[166] [M]: 0x0000000080000ABC (0x6C370713) addi a4, a4, 0x6c3
x14 <- 0xFFFFFFFFFFD2BEC3
mem[X,0x0000000080000AC0] -> 0x1713
mem[X,0x0000000080000AC2] -> 0x00A7
[167] [M]: 0x0000000080000AC0 (0x00A71713) slli a4, a4, 0xa
x14 <- 0xFFFFFFFF4AFB0C00
mem[X,0x0000000080000AC4] -> 0x0713
mem[X,0x0000000080000AC6] -> 0x0CD7
[168] [M]: 0x0000000080000AC4 (0x0CD70713) addi a4, a4, 0xcd
x14 <- 0xFFFFFFFF4AFB0CCD
mem[X,0x0000000080000AC8] -> 0x0CB7
mem[X,0x0000000080000ACA] -> 0x0000
[169] [M]: 0x0000000080000AC8 (0x00000CB7) lui s9, 0x0
x25 <- 0x0000000000000000
mem[X,0x0000000080000ACC] -> 0x8C93
mem[X,0x0000000080000ACE] -> 0xFFFC
[170] [M]: 0x0000000080000ACC (0xFFFC8C93) addi s9, s9, -0x1
x25 <- 0xFFFFFFFFFFFFFFFF
mem[X,0x0000000080000AD0] -> 0x9C93
mem[X,0x0000000080000AD2] -> 0x00BC
[171] [M]: 0x0000000080000AD0 (0x00BC9C93) slli s9, s9, 0xb
x25 <- 0xFFFFFFFFFFFFF800
mem[X,0x0000000080000AD4] -> 0x8C93
mem[X,0x0000000080000AD6] -> 0x257C
[172] [M]: 0x0000000080000AD4 (0x257C8C93) addi s9, s9, 0x257
x25 <- 0xFFFFFFFFFFFFFA57
mem[X,0x0000000080000AD8] -> 0x9C93
mem[X,0x0000000080000ADA] -> 0x00BC
[173] [M]: 0x0000000080000AD8 (0x00BC9C93) slli s9, s9, 0xb
x25 <- 0xFFFFFFFFFFD2B800
mem[X,0x0000000080000ADC] -> 0x8C93
mem[X,0x0000000080000ADE] -> 0x6C3C
[174] [M]: 0x0000000080000ADC (0x6C3C8C93) addi s9, s9, 0x6c3
x25 <- 0xFFFFFFFFFFD2BEC3
mem[X,0x0000000080000AE0] -> 0x9C93
mem[X,0x0000000080000AE2] -> 0x00AC
[175] [M]: 0x0000000080000AE0 (0x00AC9C93) slli s9, s9, 0xa
x25 <- 0xFFFFFFFF4AFB0C00
mem[X,0x0000000080000AE4] -> 0x8C93
mem[X,0x0000000080000AE6] -> 0x0CDC
[176] [M]: 0x0000000080000AE4 (0x0CDC8C93) addi s9, s9, 0xcd
x25 <- 0xFFFFFFFF4AFB0CCD
mem[X,0x0000000080000AE8] -> 0x0313
mem[X,0x0000000080000AEA] -> 0x0000
[177] [M]: 0x0000000080000AE8 (0x00000313) addi t1, zero, 0x0
x6 <- 0x0000000000000000
mem[X,0x0000000080000AEC] -> 0x006F
mem[X,0x0000000080000AEE] -> 0x00C0
[178] [M]: 0x0000000080000AEC (0x00C0006F) jal zero, 0xc
mem[X,0x0000000080000AF8] -> 0x0063
mem[X,0x0000000080000AFA] -> 0x0997
[179] [M]: 0x0000000080000AF8 (0x09970063) beq a4, s9, 0x80
mem[X,0x0000000080000B78] -> 0x0313
mem[X,0x0000000080000B7A] -> 0x0033
[180] [M]: 0x0000000080000B78 (0x00330313) addi t1, t1, 0x3
x6 <- 0x0000000000000003
mem[X,0x0000000080000B7C] -> 0x006F
mem[X,0x0000000080000B7E] -> 0x0040
[181] [M]: 0x0000000080000B7C (0x0040006F) jal zero, 0x4
mem[X,0x0000000080000B80] -> 0xB023
mem[X,0x0000000080000B82] -> 0x0260
[182] [M]: 0x0000000080000B80 (0x0260B023) sd t1, 0x20(ra)
mem[0x0000000080048138] <- 0x0000000000000003
mem[X,0x0000000080000B84] -> 0x0D93
mem[X,0x0000000080000B86] -> 0x0010
[183] [M]: 0x0000000080000B84 (0x00100D93) addi s11, zero, 0x1
x27 <- 0x0000000000000001
mem[X,0x0000000080000B88] -> 0x9D93
mem[X,0x0000000080000B8A] -> 0x02ED
[184] [M]: 0x0000000080000B88 (0x02ED9D93) slli s11, s11, 0x2e
x27 <- 0x0000400000000000
mem[X,0x0000000080000B8C] -> 0xCD93
mem[X,0x0000000080000B8E] -> 0xFFFD
[185] [M]: 0x0000000080000B8C (0xFFFDCD93) xori s11, s11, -0x1
x27 <- 0xFFFFBFFFFFFFFFFF
mem[X,0x0000000080000B90] -> 0x0A13
mem[X,0x0000000080000B92] -> 0x0010
[186] [M]: 0x0000000080000B90 (0x00100A13) addi s4, zero, 0x1
x20 <- 0x0000000000000001
mem[X,0x0000000080000B94] -> 0x1A13
mem[X,0x0000000080000B96] -> 0x02EA
[187] [M]: 0x0000000080000B94 (0x02EA1A13) slli s4, s4, 0x2e
x20 <- 0x0000400000000000
mem[X,0x0000000080000B98] -> 0x4A13
mem[X,0x0000000080000B9A] -> 0xFFFA
[188] [M]: 0x0000000080000B98 (0xFFFA4A13) xori s4, s4, -0x1
x20 <- 0xFFFFBFFFFFFFFFFF
mem[X,0x0000000080000B9C] -> 0x0313
mem[X,0x0000000080000B9E] -> 0x0000
[189] [M]: 0x0000000080000B9C (0x00000313) addi t1, zero, 0x0
x6 <- 0x0000000000000000
mem[X,0x0000000080000BA0] -> 0x006F
mem[X,0x0000000080000BA2] -> 0x0140
[190] [M]: 0x0000000080000BA0 (0x0140006F) jal zero, 0x14
mem[X,0x0000000080000BB4] -> 0x88E3
mem[X,0x0000000080000BB6] -> 0xFF4D
[191] [M]: 0x0000000080000BB4 (0xFF4D88E3) beq s11, s4, -0x10
mem[X,0x0000000080000BA4] -> 0x0313
mem[X,0x0000000080000BA6] -> 0x0013
[192] [M]: 0x0000000080000BA4 (0x00130313) addi t1, t1, 0x1
x6 <- 0x0000000000000001
mem[X,0x0000000080000BA8] -> 0x006F
mem[X,0x0000000080000BAA] -> 0x0200
[193] [M]: 0x0000000080000BA8 (0x0200006F) jal zero, 0x20
mem[X,0x0000000080000BC8] -> 0xB423
mem[X,0x0000000080000BCA] -> 0x0260
[194] [M]: 0x0000000080000BC8 (0x0260B423) sd t1, 0x28(ra)
mem[0x0000000080048140] <- 0x0000000000000001
mem[X,0x0000000080000BCC] -> 0x0A13
mem[X,0x0000000080000BCE] -> 0x0060
[195] [M]: 0x0000000080000BCC (0x00600A13) addi s4, zero, 0x6
x20 <- 0x0000000000000006
mem[X,0x0000000080000BD0] -> 0x0D93
mem[X,0x0000000080000BD2] -> 0x0010
[196] [M]: 0x0000000080000BD0 (0x00100D93) addi s11, zero, 0x1
x27 <- 0x0000000000000001
mem[X,0x0000000080000BD4] -> 0x9D93
mem[X,0x0000000080000BD6] -> 0x00CD
[197] [M]: 0x0000000080000BD4 (0x00CD9D93) slli s11, s11, 0xc
x27 <- 0x0000000000001000
mem[X,0x0000000080000BD8] -> 0xCD93
mem[X,0x0000000080000BDA] -> 0xFFFD
[198] [M]: 0x0000000080000BD8 (0xFFFDCD93) xori s11, s11, -0x1
x27 <- 0xFFFFFFFFFFFFEFFF
mem[X,0x0000000080000BDC] -> 0x0313
mem[X,0x0000000080000BDE] -> 0x0000
[199] [M]: 0x0000000080000BDC (0x00000313) addi t1, zero, 0x0
x6 <- 0x0000000000000000
clint::tick mtime <- 0x0000000000000002
 clint timer pending at mtime 0x0000000000000002
htif::tick 0x0000000000000000
mem[X,0x0000000080000BE0] -> 0x006F
mem[X,0x0000000080000BE2] -> 0x00C0
[200] [M]: 0x0000000080000BE0 (0x00C0006F) jal zero, 0xc
mem[X,0x0000000080000BEC] -> 0x0063
mem[X,0x0000000080000BEE] -> 0x05BA
[201] [M]: 0x0000000080000BEC (0x05BA0063) beq s4, s11, 0x40
mem[X,0x0000000080000BF0] -> 0x0313
mem[X,0x0000000080000BF2] -> 0x0023
[202] [M]: 0x0000000080000BF0 (0x00230313) addi t1, t1, 0x2
x6 <- 0x0000000000000002
mem[X,0x0000000080000BF4] -> 0x006F
mem[X,0x0000000080000BF6] -> 0x0400
[203] [M]: 0x0000000080000BF4 (0x0400006F) jal zero, 0x40
mem[X,0x0000000080000C34] -> 0xB823
mem[X,0x0000000080000C36] -> 0x0260
[204] [M]: 0x0000000080000C34 (0x0260B823) sd t1, 0x30(ra)
mem[0x0000000080048148] <- 0x0000000000000002
mem[X,0x0000000080000C38] -> 0x0893
mem[X,0x0000000080000C3A] -> 0x1000
[205] [M]: 0x0000000080000C38 (0x10000893) addi a7, zero, 0x100
x17 <- 0x0000000000000100
mem[X,0x0000000080000C3C] -> 0x0E13
mem[X,0x0000000080000C3E] -> 0x0010
[206] [M]: 0x0000000080000C3C (0x00100E13) addi t3, zero, 0x1
x28 <- 0x0000000000000001
mem[X,0x0000000080000C40] -> 0x0313
mem[X,0x0000000080000C42] -> 0x0000
[207] [M]: 0x0000000080000C40 (0x00000313) addi t1, zero, 0x0
x6 <- 0x0000000000000000
mem[X,0x0000000080000C44] -> 0x006F
mem[X,0x0000000080000C46] -> 0x00C0
[208] [M]: 0x0000000080000C44 (0x00C0006F) jal zero, 0xc
mem[X,0x0000000080000C50] -> 0x8063
mem[X,0x0000000080000C52] -> 0x41C8
[209] [M]: 0x0000000080000C50 (0x41C88063) beq a7, t3, 0x400
mem[X,0x0000000080000C54] -> 0x0313
mem[X,0x0000000080000C56] -> 0x0023
[210] [M]: 0x0000000080000C54 (0x00230313) addi t1, t1, 0x2
x6 <- 0x0000000000000002
mem[X,0x0000000080000C58] -> 0x006F
mem[X,0x0000000080000C5A] -> 0x4000
[211] [M]: 0x0000000080000C58 (0x4000006F) jal zero, 0x400
mem[X,0x0000000080001058] -> 0xBC23
mem[X,0x000000008000105A] -> 0x0260
[212] [M]: 0x0000000080001058 (0x0260BC23) sd t1, 0x38(ra)
mem[0x0000000080048150] <- 0x0000000000000002
mem[X,0x000000008000105C] -> 0x53B7
mem[X,0x000000008000105E] -> 0x5555
[213] [M]: 0x000000008000105C (0x555553B7) lui t2, 0x55555
x7 <- 0x0000000055555000
mem[X,0x0000000080001060] -> 0x8393
mem[X,0x0000000080001062] -> 0x5553
[214] [M]: 0x0000000080001060 (0x55538393) addi t2, t2, 0x555
x7 <- 0x0000000055555555
mem[X,0x0000000080001064] -> 0x9393
mem[X,0x0000000080001066] -> 0x00B3
[215] [M]: 0x0000000080001064 (0x00B39393) slli t2, t2, 0xb
x7 <- 0x000002AAAAAAA800
mem[X,0x0000000080001068] -> 0x8393
mem[X,0x000000008000106A] -> 0x2AA3
[216] [M]: 0x0000000080001068 (0x2AA38393) addi t2, t2, 0x2aa
x7 <- 0x000002AAAAAAAAAA
mem[X,0x000000008000106C] -> 0x9393
mem[X,0x000000008000106E] -> 0x00B3
[217] [M]: 0x000000008000106C (0x00B39393) slli t2, t2, 0xb
x7 <- 0x0015555555555000
mem[X,0x0000000080001070] -> 0x8393
mem[X,0x0000000080001072] -> 0x5553
[218] [M]: 0x0000000080001070 (0x55538393) addi t2, t2, 0x555
x7 <- 0x0015555555555555
mem[X,0x0000000080001074] -> 0x9393
mem[X,0x0000000080001076] -> 0x00A3
[219] [M]: 0x0000000080001074 (0x00A39393) slli t2, t2, 0xa
x7 <- 0x5555555555555400
mem[X,0x0000000080001078] -> 0x8393
mem[X,0x000000008000107A] -> 0x1553
[220] [M]: 0x0000000080001078 (0x15538393) addi t2, t2, 0x155
x7 <- 0x5555555555555555
mem[X,0x000000008000107C] -> 0x0713
mem[X,0x000000008000107E] -> 0x0020
[221] [M]: 0x000000008000107C (0x00200713) addi a4, zero, 0x2
x14 <- 0x0000000000000002
mem[X,0x0000000080001080] -> 0x0313
mem[X,0x0000000080001082] -> 0x0000
[222] [M]: 0x0000000080001080 (0x00000313) addi t1, zero, 0x0
x6 <- 0x0000000000000000
mem[X,0x0000000080001084] -> 0x006F
mem[X,0x0000000080001086] -> 0x00C0
[223] [M]: 0x0000000080001084 (0x00C0006F) jal zero, 0xc
mem[X,0x0000000080001090] -> 0x8663
mem[X,0x0000000080001092] -> 0x00E3
[224] [M]: 0x0000000080001090 (0x00E38663) beq t2, a4, 0xc
mem[X,0x0000000080001094] -> 0x0313
mem[X,0x0000000080001096] -> 0x0023
[225] [M]: 0x0000000080001094 (0x00230313) addi t1, t1, 0x2
x6 <- 0x0000000000000002
mem[X,0x0000000080001098] -> 0x006F
mem[X,0x000000008000109A] -> 0x00C0
[226] [M]: 0x0000000080001098 (0x00C0006F) jal zero, 0xc
mem[X,0x00000000800010A4] -> 0xB023
mem[X,0x00000000800010A6] -> 0x0460
[227] [M]: 0x00000000800010A4 (0x0460B023) sd t1, 0x40(ra)
mem[0x0000000080048158] <- 0x0000000000000002
mem[X,0x00000000800010A8] -> 0x0193
mem[X,0x00000000800010AA] -> 0x0010
[228] [M]: 0x00000000800010A8 (0x00100193) addi gp, zero, 0x1
x3 <- 0x0000000000000001
mem[X,0x00000000800010AC] -> 0x9193
mem[X,0x00000000800010AE] -> 0x00C1
[229] [M]: 0x00000000800010AC (0x00C19193) slli gp, gp, 0xc
x3 <- 0x0000000000001000
mem[X,0x00000000800010B0] -> 0xC193
mem[X,0x00000000800010B2] -> 0xFFF1
[230] [M]: 0x00000000800010B0 (0xFFF1C193) xori gp, gp, -0x1
x3 <- 0xFFFFFFFFFFFFEFFF
mem[X,0x00000000800010B4] -> 0x0493
mem[X,0x00000000800010B6] -> 0x0040
[231] [M]: 0x00000000800010B4 (0x00400493) addi s1, zero, 0x4
x9 <- 0x0000000000000004
mem[X,0x00000000800010B8] -> 0x0313
mem[X,0x00000000800010BA] -> 0x0000
[232] [M]: 0x00000000800010B8 (0x00000313) addi t1, zero, 0x0
x6 <- 0x0000000000000000
mem[X,0x00000000800010BC] -> 0x006F
mem[X,0x00000000800010BE] -> 0x00C0
[233] [M]: 0x00000000800010BC (0x00C0006F) jal zero, 0xc
mem[X,0x00000000800010C8] -> 0x8CE3
mem[X,0x00000000800010CA] -> 0xFE91
[234] [M]: 0x00000000800010C8 (0xFE918CE3) beq gp, s1, -0x8
mem[X,0x00000000800010CC] -> 0x0313
mem[X,0x00000000800010CE] -> 0x0023
[235] [M]: 0x00000000800010CC (0x00230313) addi t1, t1, 0x2
x6 <- 0x0000000000000002
mem[X,0x00000000800010D0] -> 0x006F
mem[X,0x00000000800010D2] -> 0x00C0
[236] [M]: 0x00000000800010D0 (0x00C0006F) jal zero, 0xc
mem[X,0x00000000800010DC] -> 0xB423
mem[X,0x00000000800010DE] -> 0x0460
[237] [M]: 0x00000000800010DC (0x0460B423) sd t1, 0x48(ra)
mem[0x0000000080048160] <- 0x0000000000000002
mem[X,0x00000000800010E0] -> 0x0B93
mem[X,0x00000000800010E2] -> 0x0010
[238] [M]: 0x00000000800010E0 (0x00100B93) addi s7, zero, 0x1
x23 <- 0x0000000000000001
mem[X,0x00000000800010E4] -> 0x9B93
mem[X,0x00000000800010E6] -> 0x014B
[239] [M]: 0x00000000800010E4 (0x014B9B93) slli s7, s7, 0x14
x23 <- 0x0000000000100000
mem[X,0x00000000800010E8] -> 0xCB93
mem[X,0x00000000800010EA] -> 0xFFFB
[240] [M]: 0x00000000800010E8 (0xFFFBCB93) xori s7, s7, -0x1
x23 <- 0xFFFFFFFFFFEFFFFF
mem[X,0x00000000800010EC] -> 0x0D13
mem[X,0x00000000800010EE] -> 0x0080
[241] [M]: 0x00000000800010EC (0x00800D13) addi s10, zero, 0x8
x26 <- 0x0000000000000008
mem[X,0x00000000800010F0] -> 0x0313
mem[X,0x00000000800010F2] -> 0x0000
[242] [M]: 0x00000000800010F0 (0x00000313) addi t1, zero, 0x0
x6 <- 0x0000000000000000
mem[X,0x00000000800010F4] -> 0x006F
mem[X,0x00000000800010F6] -> 0x0050
[243] [M]: 0x00000000800010F4 (0x0050006F) jal zero, 0x804
mem[X,0x00000000800018F8] -> 0x80E3
mem[X,0x00000000800018FA] -> 0x81AB
[244] [M]: 0x00000000800018F8 (0x81AB80E3) beq s7, s10, -0x800
mem[X,0x00000000800018FC] -> 0x0313
mem[X,0x00000000800018FE] -> 0x0023
[245] [M]: 0x00000000800018FC (0x00230313) addi t1, t1, 0x2
x6 <- 0x0000000000000002
mem[X,0x0000000080001900] -> 0x006F
mem[X,0x0000000080001902] -> 0x00C0
[246] [M]: 0x0000000080001900 (0x00C0006F) jal zero, 0xc
mem[X,0x000000008000190C] -> 0xB823
mem[X,0x000000008000190E] -> 0x0460
[247] [M]: 0x000000008000190C (0x0460B823) sd t1, 0x50(ra)
mem[0x0000000080048168] <- 0x0000000000000002
mem[X,0x0000000080001910] -> 0x0C93
mem[X,0x0000000080001912] -> 0x0010
[248] [M]: 0x0000000080001910 (0x00100C93) addi s9, zero, 0x1
x25 <- 0x0000000000000001
mem[X,0x0000000080001914] -> 0x9C93
mem[X,0x0000000080001916] -> 0x027C
[249] [M]: 0x0000000080001914 (0x027C9C93) slli s9, s9, 0x27
x25 <- 0x0000008000000000
mem[X,0x0000000080001918] -> 0xCC93
mem[X,0x000000008000191A] -> 0xFFFC
[250] [M]: 0x0000000080001918 (0xFFFCCC93) xori s9, s9, -0x1
x25 <- 0xFFFFFF7FFFFFFFFF
mem[X,0x000000008000191C] -> 0x0F13
mem[X,0x000000008000191E] -> 0x0100
[251] [M]: 0x000000008000191C (0x01000F13) addi t5, zero, 0x10
x30 <- 0x0000000000000010
mem[X,0x0000000080001920] -> 0x0313
mem[X,0x0000000080001922] -> 0x0000
[252] [M]: 0x0000000080001920 (0x00000313) addi t1, zero, 0x0
x6 <- 0x0000000000000000
mem[X,0x0000000080001924] -> 0x006F
mem[X,0x0000000080001926] -> 0x0050
[253] [M]: 0x0000000080001924 (0x0050006F) jal zero, 0x804
mem[X,0x0000000080002128] -> 0x80E3
mem[X,0x000000008000212A] -> 0x81EC
[254] [M]: 0x0000000080002128 (0x81EC80E3) beq s9, t5, -0x800
mem[X,0x000000008000212C] -> 0x0313
mem[X,0x000000008000212E] -> 0x0023
[255] [M]: 0x000000008000212C (0x00230313) addi t1, t1, 0x2
x6 <- 0x0000000000000002
mem[X,0x0000000080002130] -> 0x006F
mem[X,0x0000000080002132] -> 0x00C0
[256] [M]: 0x0000000080002130 (0x00C0006F) jal zero, 0xc
mem[X,0x000000008000213C] -> 0xBC23
mem[X,0x000000008000213E] -> 0x0460
[257] [M]: 0x000000008000213C (0x0460BC23) sd t1, 0x58(ra)
mem[0x0000000080048170] <- 0x0000000000000002
mem[X,0x0000000080002140] -> 0x0613
mem[X,0x0000000080002142] -> 0x0100
[258] [M]: 0x0000000080002140 (0x01000613) addi a2, zero, 0x10
x12 <- 0x0000000000000010
mem[X,0x0000000080002144] -> 0x0213
mem[X,0x0000000080002146] -> 0x0200
[259] [M]: 0x0000000080002144 (0x02000213) addi tp, zero, 0x20
x4 <- 0x0000000000000020
mem[X,0x0000000080002148] -> 0x0313
mem[X,0x000000008000214A] -> 0x0000
[260] [M]: 0x0000000080002148 (0x00000313) addi t1, zero, 0x0
x6 <- 0x0000000000000000
mem[X,0x000000008000214C] -> 0x006F
mem[X,0x000000008000214E] -> 0x00C0
[261] [M]: 0x000000008000214C (0x00C0006F) jal zero, 0xc
mem[X,0x0000000080002158] -> 0x0063
mem[X,0x000000008000215A] -> 0x0846
[262] [M]: 0x0000000080002158 (0x08460063) beq a2, tp, 0x80
mem[X,0x000000008000215C] -> 0x0313
mem[X,0x000000008000215E] -> 0x0023
[263] [M]: 0x000000008000215C (0x00230313) addi t1, t1, 0x2
x6 <- 0x0000000000000002
mem[X,0x0000000080002160] -> 0x006F
mem[X,0x0000000080002162] -> 0x0800
[264] [M]: 0x0000000080002160 (0x0800006F) jal zero, 0x80
mem[X,0x00000000800021E0] -> 0xB023
mem[X,0x00000000800021E2] -> 0x0660
[265] [M]: 0x00000000800021E0 (0x0660B023) sd t1, 0x60(ra)
mem[0x0000000080048178] <- 0x0000000000000002
mem[X,0x00000000800021E4] -> 0x0293
mem[X,0x00000000800021E6] -> 0xBFF0
[266] [M]: 0x00000000800021E4 (0xBFF00293) addi t0, zero, -0x401
x5 <- 0xFFFFFFFFFFFFFBFF
mem[X,0x00000000800021E8] -> 0x0813
mem[X,0x00000000800021EA] -> 0x0400
[267] [M]: 0x00000000800021E8 (0x04000813) addi a6, zero, 0x40
x16 <- 0x0000000000000040
mem[X,0x00000000800021EC] -> 0x0313
mem[X,0x00000000800021EE] -> 0x0000
[268] [M]: 0x00000000800021EC (0x00000313) addi t1, zero, 0x0
x6 <- 0x0000000000000000
mem[X,0x00000000800021F0] -> 0x006F
mem[X,0x00000000800021F2] -> 0x0050
[269] [M]: 0x00000000800021F0 (0x0050006F) jal zero, 0x804
mem[X,0x00000000800029F4] -> 0x80E3
mem[X,0x00000000800029F6] -> 0x8102
[270] [M]: 0x00000000800029F4 (0x810280E3) beq t0, a6, -0x800
mem[X,0x00000000800029F8] -> 0x0313
mem[X,0x00000000800029FA] -> 0x0023
[271] [M]: 0x00000000800029F8 (0x00230313) addi t1, t1, 0x2
x6 <- 0x0000000000000002
mem[X,0x00000000800029FC] -> 0x006F
mem[X,0x00000000800029FE] -> 0x00C0
[272] [M]: 0x00000000800029FC (0x00C0006F) jal zero, 0xc
mem[X,0x0000000080002A08] -> 0xB423
mem[X,0x0000000080002A0A] -> 0x0660
[273] [M]: 0x0000000080002A08 (0x0660B423) sd t1, 0x68(ra)
mem[0x0000000080048180] <- 0x0000000000000002
mem[X,0x0000000080002A0C] -> 0x0593
mem[X,0x0000000080002A0E] -> 0xFFD0
[274] [M]: 0x0000000080002A0C (0xFFD00593) addi a1, zero, -0x3
x11 <- 0xFFFFFFFFFFFFFFFD
mem[X,0x0000000080002A10] -> 0x0993
mem[X,0x0000000080002A12] -> 0x0800
[275] [M]: 0x0000000080002A10 (0x08000993) addi s3, zero, 0x80
x19 <- 0x0000000000000080
mem[X,0x0000000080002A14] -> 0x0313
mem[X,0x0000000080002A16] -> 0x0000
[276] [M]: 0x0000000080002A14 (0x00000313) addi t1, zero, 0x0
x6 <- 0x0000000000000000
mem[X,0x0000000080002A18] -> 0x006F
mem[X,0x0000000080002A1A] -> 0x0050
[277] [M]: 0x0000000080002A18 (0x0050006F) jal zero, 0x804
mem[X,0x000000008000321C] -> 0x80E3
mem[X,0x000000008000321E] -> 0x8135
[278] [M]: 0x000000008000321C (0x813580E3) beq a1, s3, -0x800
mem[X,0x0000000080003220] -> 0x0313
mem[X,0x0000000080003222] -> 0x0023
[279] [M]: 0x0000000080003220 (0x00230313) addi t1, t1, 0x2
x6 <- 0x0000000000000002
mem[X,0x0000000080003224] -> 0x006F
mem[X,0x0000000080003226] -> 0x00C0
[280] [M]: 0x0000000080003224 (0x00C0006F) jal zero, 0xc
mem[X,0x0000000080003230] -> 0xB823
mem[X,0x0000000080003232] -> 0x0660
[281] [M]: 0x0000000080003230 (0x0660B823) sd t1, 0x70(ra)
mem[0x0000000080048188] <- 0x0000000000000002
mem[X,0x0000000080003234] -> 0x0C13
mem[X,0x0000000080003236] -> 0x0060
[282] [M]: 0x0000000080003234 (0x00600C13) addi s8, zero, 0x6
x24 <- 0x0000000000000006
mem[X,0x0000000080003238] -> 0x0B13
mem[X,0x000000008000323A] -> 0x1000
[283] [M]: 0x0000000080003238 (0x10000B13) addi s6, zero, 0x100
x22 <- 0x0000000000000100
mem[X,0x000000008000323C] -> 0x0313
mem[X,0x000000008000323E] -> 0x0000
[284] [M]: 0x000000008000323C (0x00000313) addi t1, zero, 0x0
x6 <- 0x0000000000000000
mem[X,0x0000000080003240] -> 0x006F
mem[X,0x0000000080003242] -> 0x00C0
[285] [M]: 0x0000000080003240 (0x00C0006F) jal zero, 0xc
mem[X,0x000000008000324C] -> 0x0863
mem[X,0x000000008000324E] -> 0x016C
[286] [M]: 0x000000008000324C (0x016C0863) beq s8, s6, 0x10
mem[X,0x0000000080003250] -> 0x0313
mem[X,0x0000000080003252] -> 0x0023
[287] [M]: 0x0000000080003250 (0x00230313) addi t1, t1, 0x2
x6 <- 0x0000000000000002
mem[X,0x0000000080003254] -> 0x006F
mem[X,0x0000000080003256] -> 0x0100
[288] [M]: 0x0000000080003254 (0x0100006F) jal zero, 0x10
mem[X,0x0000000080003264] -> 0xBC23
mem[X,0x0000000080003266] -> 0x0660
[289] [M]: 0x0000000080003264 (0x0660BC23) sd t1, 0x78(ra)
mem[0x0000000080048190] <- 0x0000000000000002
mem[X,0x0000000080003268] -> 0x0813
mem[X,0x000000008000326A] -> 0x0010
[290] [M]: 0x0000000080003268 (0x00100813) addi a6, zero, 0x1
x16 <- 0x0000000000000001
mem[X,0x000000008000326C] -> 0x1813
mem[X,0x000000008000326E] -> 0x01E8
[291] [M]: 0x000000008000326C (0x01E81813) slli a6, a6, 0x1e
x16 <- 0x0000000040000000
mem[X,0x0000000080003270] -> 0x0693
mem[X,0x0000000080003272] -> 0x2000
[292] [M]: 0x0000000080003270 (0x20000693) addi a3, zero, 0x200
x13 <- 0x0000000000000200
mem[X,0x0000000080003274] -> 0x0313
mem[X,0x0000000080003276] -> 0x0000
[293] [M]: 0x0000000080003274 (0x00000313) addi t1, zero, 0x0
x6 <- 0x0000000000000000
mem[X,0x0000000080003278] -> 0x006F
mem[X,0x000000008000327A] -> 0x00C0
[294] [M]: 0x0000000080003278 (0x00C0006F) jal zero, 0xc
mem[X,0x0000000080003284] -> 0x0063
mem[X,0x0000000080003286] -> 0x02D8
[295] [M]: 0x0000000080003284 (0x02D80063) beq a6, a3, 0x20
mem[X,0x0000000080003288] -> 0x0313
mem[X,0x000000008000328A] -> 0x0023
[296] [M]: 0x0000000080003288 (0x00230313) addi t1, t1, 0x2
x6 <- 0x0000000000000002
mem[X,0x000000008000328C] -> 0x006F
mem[X,0x000000008000328E] -> 0x0200
[297] [M]: 0x000000008000328C (0x0200006F) jal zero, 0x20
mem[X,0x00000000800032AC] -> 0xB023
mem[X,0x00000000800032AE] -> 0x0860
[298] [M]: 0x00000000800032AC (0x0860B023) sd t1, 0x80(ra)
mem[0x0000000080048198] <- 0x0000000000000002
mem[X,0x00000000800032B0] -> 0x6937
mem[X,0x00000000800032B2] -> 0x6666
[299] [M]: 0x00000000800032B0 (0x66666937) lui s2, 0x66666
x18 <- 0x0000000066666000
clint::tick mtime <- 0x0000000000000003
 clint timer pending at mtime 0x0000000000000003
htif::tick 0x0000000000000000
mem[X,0x00000000800032B4] -> 0x0913
mem[X,0x00000000800032B6] -> 0x6669
[300] [M]: 0x00000000800032B4 (0x66690913) addi s2, s2, 0x666
x18 <- 0x0000000066666666
mem[X,0x00000000800032B8] -> 0x1913
mem[X,0x00000000800032BA] -> 0x00B9
[301] [M]: 0x00000000800032B8 (0x00B91913) slli s2, s2, 0xb
x18 <- 0x0000033333333000
mem[X,0x00000000800032BC] -> 0x0913
mem[X,0x00000000800032BE] -> 0x3339
[302] [M]: 0x00000000800032BC (0x33390913) addi s2, s2, 0x333
x18 <- 0x0000033333333333
mem[X,0x00000000800032C0] -> 0x1913
mem[X,0x00000000800032C2] -> 0x00B9
[303] [M]: 0x00000000800032C0 (0x00B91913) slli s2, s2, 0xb
x18 <- 0x0019999999999800
mem[X,0x00000000800032C4] -> 0x0913
mem[X,0x00000000800032C6] -> 0x1999
[304] [M]: 0x00000000800032C4 (0x19990913) addi s2, s2, 0x199
x18 <- 0x0019999999999999
mem[X,0x00000000800032C8] -> 0x1913
mem[X,0x00000000800032CA] -> 0x00A9
[305] [M]: 0x00000000800032C8 (0x00A91913) slli s2, s2, 0xa
x18 <- 0x6666666666666400
mem[X,0x00000000800032CC] -> 0x0913
mem[X,0x00000000800032CE] -> 0x2679
[306] [M]: 0x00000000800032CC (0x26790913) addi s2, s2, 0x267
x18 <- 0x6666666666666667
mem[X,0x00000000800032D0] -> 0x0F93
mem[X,0x00000000800032D2] -> 0x4000
[307] [M]: 0x00000000800032D0 (0x40000F93) addi t6, zero, 0x400
x31 <- 0x0000000000000400
mem[X,0x00000000800032D4] -> 0x0313
mem[X,0x00000000800032D6] -> 0x0000
[308] [M]: 0x00000000800032D4 (0x00000313) addi t1, zero, 0x0
x6 <- 0x0000000000000000
mem[X,0x00000000800032D8] -> 0x006F
mem[X,0x00000000800032DA] -> 0x00C0
[309] [M]: 0x00000000800032D8 (0x00C0006F) jal zero, 0xc
mem[X,0x00000000800032E4] -> 0x0CE3
mem[X,0x00000000800032E6] -> 0xFFF9
[310] [M]: 0x00000000800032E4 (0xFFF90CE3) beq s2, t6, -0x8
mem[X,0x00000000800032E8] -> 0x0313
mem[X,0x00000000800032EA] -> 0x0023
[311] [M]: 0x00000000800032E8 (0x00230313) addi t1, t1, 0x2
x6 <- 0x0000000000000002
mem[X,0x00000000800032EC] -> 0x006F
mem[X,0x00000000800032EE] -> 0x00C0
[312] [M]: 0x00000000800032EC (0x00C0006F) jal zero, 0xc
mem[X,0x00000000800032F8] -> 0xB423
mem[X,0x00000000800032FA] -> 0x0860
[313] [M]: 0x00000000800032F8 (0x0860B423) sd t1, 0x88(ra)
mem[0x00000000800481A0] <- 0x0000000000000002
mem[X,0x00000000800032FC] -> 0x0FB7
mem[X,0x00000000800032FE] -> 0x0000
[314] [M]: 0x00000000800032FC (0x00000FB7) lui t6, 0x0
x31 <- 0x0000000000000000
mem[X,0x0000000080003300] -> 0x8F93
mem[X,0x0000000080003302] -> 0x000F
[315] [M]: 0x0000000080003300 (0x000F8F93) addi t6, t6, 0x0
x31 <- 0x0000000000000000
mem[X,0x0000000080003304] -> 0x9F93
mem[X,0x0000000080003306] -> 0x00BF
[316] [M]: 0x0000000080003304 (0x00BF9F93) slli t6, t6, 0xb
x31 <- 0x0000000000000000
mem[X,0x0000000080003308] -> 0x8F93
mem[X,0x000000008000330A] -> 0x5A8F
[317] [M]: 0x0000000080003308 (0x5A8F8F93) addi t6, t6, 0x5a8
x31 <- 0x00000000000005A8
mem[X,0x000000008000330C] -> 0x9F93
mem[X,0x000000008000330E] -> 0x00BF
[318] [M]: 0x000000008000330C (0x00BF9F93) slli t6, t6, 0xb
x31 <- 0x00000000002D4000
mem[X,0x0000000080003310] -> 0x8F93
mem[X,0x0000000080003312] -> 0x13CF
[319] [M]: 0x0000000080003310 (0x13CF8F93) addi t6, t6, 0x13c
x31 <- 0x00000000002D413C
mem[X,0x0000000080003314] -> 0x9F93
mem[X,0x0000000080003316] -> 0x00AF
[320] [M]: 0x0000000080003314 (0x00AF9F93) slli t6, t6, 0xa
x31 <- 0x00000000B504F000
mem[X,0x0000000080003318] -> 0x8F93
mem[X,0x000000008000331A] -> 0x333F
[321] [M]: 0x0000000080003318 (0x333F8F93) addi t6, t6, 0x333
x31 <- 0x00000000B504F333
mem[X,0x000000008000331C] -> 0x0A93
mem[X,0x000000008000331E] -> 0x0010
[322] [M]: 0x000000008000331C (0x00100A93) addi s5, zero, 0x1
x21 <- 0x0000000000000001
mem[X,0x0000000080003320] -> 0x9A93
mem[X,0x0000000080003322] -> 0x00BA
[323] [M]: 0x0000000080003320 (0x00BA9A93) slli s5, s5, 0xb
x21 <- 0x0000000000000800
mem[X,0x0000000080003324] -> 0x0313
mem[X,0x0000000080003326] -> 0x0000
[324] [M]: 0x0000000080003324 (0x00000313) addi t1, zero, 0x0
x6 <- 0x0000000000000000
mem[X,0x0000000080003328] -> 0x006F
mem[X,0x000000008000332A] -> 0x00C0
[325] [M]: 0x0000000080003328 (0x00C0006F) jal zero, 0xc
mem[X,0x0000000080003334] -> 0x8663
mem[X,0x0000000080003336] -> 0x015F
[326] [M]: 0x0000000080003334 (0x015F8663) beq t6, s5, 0xc
mem[X,0x0000000080003338] -> 0x0313
mem[X,0x000000008000333A] -> 0x0023
[327] [M]: 0x0000000080003338 (0x00230313) addi t1, t1, 0x2
x6 <- 0x0000000000000002
mem[X,0x000000008000333C] -> 0x006F
mem[X,0x000000008000333E] -> 0x00C0
[328] [M]: 0x000000008000333C (0x00C0006F) jal zero, 0xc
mem[X,0x0000000080003348] -> 0xB823
mem[X,0x000000008000334A] -> 0x0860
[329] [M]: 0x0000000080003348 (0x0860B823) sd t1, 0x90(ra)
mem[0x00000000800481A8] <- 0x0000000000000002
mem[X,0x000000008000334C] -> 0x0F13
mem[X,0x000000008000334E] -> 0x0010
[330] [M]: 0x000000008000334C (0x00100F13) addi t5, zero, 0x1
x30 <- 0x0000000000000001
mem[X,0x0000000080003350] -> 0x1F13
mem[X,0x0000000080003352] -> 0x02BF
[331] [M]: 0x0000000080003350 (0x02BF1F13) slli t5, t5, 0x2b
x30 <- 0x0000080000000000
mem[X,0x0000000080003354] -> 0x4F13
mem[X,0x0000000080003356] -> 0xFFFF
[332] [M]: 0x0000000080003354 (0xFFFF4F13) xori t5, t5, -0x1
x30 <- 0xFFFFF7FFFFFFFFFF
mem[X,0x0000000080003358] -> 0x0293
mem[X,0x000000008000335A] -> 0x0010
[333] [M]: 0x0000000080003358 (0x00100293) addi t0, zero, 0x1
x5 <- 0x0000000000000001
mem[X,0x000000008000335C] -> 0x9293
mem[X,0x000000008000335E] -> 0x00C2
[334] [M]: 0x000000008000335C (0x00C29293) slli t0, t0, 0xc
x5 <- 0x0000000000001000
mem[X,0x0000000080003360] -> 0x0213
mem[X,0x0000000080003362] -> 0x0000
[335] [M]: 0x0000000080003360 (0x00000213) addi tp, zero, 0x0
x4 <- 0x0000000000000000
mem[X,0x0000000080003364] -> 0x006F
mem[X,0x0000000080003366] -> 0x00C0
[336] [M]: 0x0000000080003364 (0x00C0006F) jal zero, 0xc
mem[X,0x0000000080003370] -> 0x0063
mem[X,0x0000000080003372] -> 0x105F
[337] [M]: 0x0000000080003370 (0x105F0063) beq t5, t0, 0x100
mem[X,0x0000000080003374] -> 0x0213
mem[X,0x0000000080003376] -> 0x0022
[338] [M]: 0x0000000080003374 (0x00220213) addi tp, tp, 0x2
x4 <- 0x0000000000000002
mem[X,0x0000000080003378] -> 0x006F
mem[X,0x000000008000337A] -> 0x1000
[339] [M]: 0x0000000080003378 (0x1000006F) jal zero, 0x100
mem[X,0x0000000080003478] -> 0xBC23
mem[X,0x000000008000347A] -> 0x0840
[340] [M]: 0x0000000080003478 (0x0840BC23) sd tp, 0x98(ra)
mem[0x00000000800481B0] <- 0x0000000000000002
mem[X,0x000000008000347C] -> 0x0113
mem[X,0x000000008000347E] -> 0xFFF0
[341] [M]: 0x000000008000347C (0xFFF00113) addi sp, zero, -0x1
x2 <- 0xFFFFFFFFFFFFFFFF
mem[X,0x0000000080003480] -> 0x1113
mem[X,0x0000000080003482] -> 0x03F1
[342] [M]: 0x0000000080003480 (0x03F11113) slli sp, sp, 0x3f
x2 <- 0x8000000000000000
mem[X,0x0000000080003484] -> 0x0013
mem[X,0x0000000080003486] -> 0x0000
[343] [M]: 0x0000000080003484 (0x00000013) addi zero, zero, 0x0
mem[X,0x0000000080003488] -> 0x0213
mem[X,0x000000008000348A] -> 0x0000
[344] [M]: 0x0000000080003488 (0x00000213) addi tp, zero, 0x0
x4 <- 0x0000000000000000
mem[X,0x000000008000348C] -> 0x006F
mem[X,0x000000008000348E] -> 0x00C0
[345] [M]: 0x000000008000348C (0x00C0006F) jal zero, 0xc
mem[X,0x0000000080003498] -> 0x0CE3
mem[X,0x000000008000349A] -> 0xFE01
[346] [M]: 0x0000000080003498 (0xFE010CE3) beq sp, zero, -0x8
mem[X,0x000000008000349C] -> 0x0213
mem[X,0x000000008000349E] -> 0x0022
[347] [M]: 0x000000008000349C (0x00220213) addi tp, tp, 0x2
x4 <- 0x0000000000000002
mem[X,0x00000000800034A0] -> 0x006F
mem[X,0x00000000800034A2] -> 0x00C0
[348] [M]: 0x00000000800034A0 (0x00C0006F) jal zero, 0xc
mem[X,0x00000000800034AC] -> 0xB023
mem[X,0x00000000800034AE] -> 0x0A40
[349] [M]: 0x00000000800034AC (0x0A40B023) sd tp, 0xa0(ra)
mem[0x00000000800481B8] <- 0x0000000000000002
mem[X,0x00000000800034B0] -> 0x0413
mem[X,0x00000000800034B2] -> 0x0010
[350] [M]: 0x00000000800034B0 (0x00100413) addi fp, zero, 0x1
x8 <- 0x0000000000000001
mem[X,0x00000000800034B4] -> 0x1413
mem[X,0x00000000800034B6] -> 0x0334
[351] [M]: 0x00000000800034B4 (0x03341413) slli fp, fp, 0x33
x8 <- 0x0008000000000000
mem[X,0x00000000800034B8] -> 0x4413
mem[X,0x00000000800034BA] -> 0xFFF4
[352] [M]: 0x00000000800034B8 (0xFFF44413) xori fp, fp, -0x1
x8 <- 0xFFF7FFFFFFFFFFFF
mem[X,0x00000000800034BC] -> 0x0593
mem[X,0x00000000800034BE] -> 0x0010
[353] [M]: 0x00000000800034BC (0x00100593) addi a1, zero, 0x1
x11 <- 0x0000000000000001
mem[X,0x00000000800034C0] -> 0x9593
mem[X,0x00000000800034C2] -> 0x00E5
[354] [M]: 0x00000000800034C0 (0x00E59593) slli a1, a1, 0xe
x11 <- 0x0000000000004000
mem[X,0x00000000800034C4] -> 0x0213
mem[X,0x00000000800034C6] -> 0x0000
[355] [M]: 0x00000000800034C4 (0x00000213) addi tp, zero, 0x0
x4 <- 0x0000000000000000
mem[X,0x00000000800034C8] -> 0x006F
mem[X,0x00000000800034CA] -> 0x00C0
[356] [M]: 0x00000000800034C8 (0x00C0006F) jal zero, 0xc
mem[X,0x00000000800034D4] -> 0x0663
mem[X,0x00000000800034D6] -> 0x00B4
[357] [M]: 0x00000000800034D4 (0x00B40663) beq fp, a1, 0xc
mem[X,0x00000000800034D8] -> 0x0213
mem[X,0x00000000800034DA] -> 0x0022
[358] [M]: 0x00000000800034D8 (0x00220213) addi tp, tp, 0x2
x4 <- 0x0000000000000002
mem[X,0x00000000800034DC] -> 0x006F
mem[X,0x00000000800034DE] -> 0x00C0
[359] [M]: 0x00000000800034DC (0x00C0006F) jal zero, 0xc
mem[X,0x00000000800034E8] -> 0xB423
mem[X,0x00000000800034EA] -> 0x0A40
[360] [M]: 0x00000000800034E8 (0x0A40B423) sd tp, 0xa8(ra)
mem[0x00000000800481C0] <- 0x0000000000000002
mem[X,0x00000000800034EC] -> 0x0013
mem[X,0x00000000800034EE] -> 0x0000
[361] [M]: 0x00000000800034EC (0x00000013) addi zero, zero, 0x0
mem[X,0x00000000800034F0] -> 0x0013
mem[X,0x00000000800034F2] -> 0x0000
[362] [M]: 0x00000000800034F0 (0x00000013) addi zero, zero, 0x0
mem[X,0x00000000800034F4] -> 0x0013
mem[X,0x00000000800034F6] -> 0x0000
[363] [M]: 0x00000000800034F4 (0x00000013) addi zero, zero, 0x0
mem[X,0x00000000800034F8] -> 0x0013
mem[X,0x00000000800034FA] -> 0x0000
[364] [M]: 0x00000000800034F8 (0x00000013) addi zero, zero, 0x0
mem[X,0x00000000800034FC] -> 0x0013
mem[X,0x00000000800034FE] -> 0x0000
[365] [M]: 0x00000000800034FC (0x00000013) addi zero, zero, 0x0
mem[X,0x0000000080003500] -> 0x5117
mem[X,0x0000000080003502] -> 0x0004
[366] [M]: 0x0000000080003500 (0x00045117) auipc sp, 0x45
x2 <- 0x0000000080048500
mem[X,0x0000000080003504] -> 0x0113
mem[X,0x0000000080003506] -> 0xCC81
[367] [M]: 0x0000000080003504 (0xCC810113) addi sp, sp, -0x338
x2 <- 0x00000000800481C8
mem[X,0x0000000080003508] -> 0x0013
mem[X,0x000000008000350A] -> 0x0000
[368] [M]: 0x0000000080003508 (0x00000013) addi zero, zero, 0x0
mem[X,0x000000008000350C] -> 0x0013
mem[X,0x000000008000350E] -> 0x0000
[369] [M]: 0x000000008000350C (0x00000013) addi zero, zero, 0x0
mem[X,0x0000000080003510] -> 0x0013
mem[X,0x0000000080003512] -> 0x0000
[370] [M]: 0x0000000080003510 (0x00000013) addi zero, zero, 0x0
mem[X,0x0000000080003514] -> 0x0013
mem[X,0x0000000080003516] -> 0x0000
[371] [M]: 0x0000000080003514 (0x00000013) addi zero, zero, 0x0
mem[X,0x0000000080003518] -> 0x0013
mem[X,0x000000008000351A] -> 0x0000
[372] [M]: 0x0000000080003518 (0x00000013) addi zero, zero, 0x0
mem[X,0x000000008000351C] -> 0x0013
mem[X,0x000000008000351E] -> 0x0000
[373] [M]: 0x000000008000351C (0x00000013) addi zero, zero, 0x0
mem[X,0x0000000080003520] -> 0x0A93
mem[X,0x0000000080003522] -> 0x0010
[374] [M]: 0x0000000080003520 (0x00100A93) addi s5, zero, 0x1
x21 <- 0x0000000000000001
mem[X,0x0000000080003524] -> 0x0B93
mem[X,0x0000000080003526] -> 0x0010
[375] [M]: 0x0000000080003524 (0x00100B93) addi s7, zero, 0x1
x23 <- 0x0000000000000001
mem[X,0x0000000080003528] -> 0x9B93
mem[X,0x000000008000352A] -> 0x00FB
[376] [M]: 0x0000000080003528 (0x00FB9B93) slli s7, s7, 0xf
x23 <- 0x0000000000008000
mem[X,0x000000008000352C] -> 0x0213
mem[X,0x000000008000352E] -> 0x0000
[377] [M]: 0x000000008000352C (0x00000213) addi tp, zero, 0x0
x4 <- 0x0000000000000000
mem[X,0x0000000080003530] -> 0x006F
mem[X,0x0000000080003532] -> 0x00C0
[378] [M]: 0x0000000080003530 (0x00C0006F) jal zero, 0xc
mem[X,0x000000008000353C] -> 0x8CE3
mem[X,0x000000008000353E] -> 0xFF7A
[379] [M]: 0x000000008000353C (0xFF7A8CE3) beq s5, s7, -0x8
mem[X,0x0000000080003540] -> 0x0213
mem[X,0x0000000080003542] -> 0x0022
[380] [M]: 0x0000000080003540 (0x00220213) addi tp, tp, 0x2
x4 <- 0x0000000000000002
mem[X,0x0000000080003544] -> 0x006F
mem[X,0x0000000080003546] -> 0x00C0
[381] [M]: 0x0000000080003544 (0x00C0006F) jal zero, 0xc
mem[X,0x0000000080003550] -> 0x3023
mem[X,0x0000000080003552] -> 0x0041
[382] [M]: 0x0000000080003550 (0x00413023) sd tp, 0x0(sp)
mem[0x00000000800481C8] <- 0x0000000000000002
mem[X,0x0000000080003554] -> 0x0693
mem[X,0x0000000080003556] -> 0x0010
[383] [M]: 0x0000000080003554 (0x00100693) addi a3, zero, 0x1
x13 <- 0x0000000000000001
mem[X,0x0000000080003558] -> 0x9693
mem[X,0x000000008000355A] -> 0x03C6
[384] [M]: 0x0000000080003558 (0x03C69693) slli a3, a3, 0x3c
x13 <- 0x1000000000000000
mem[X,0x000000008000355C] -> 0xC693
mem[X,0x000000008000355E] -> 0xFFF6
[385] [M]: 0x000000008000355C (0xFFF6C693) xori a3, a3, -0x1
x13 <- 0xEFFFFFFFFFFFFFFF
mem[X,0x0000000080003560] -> 0x0313
mem[X,0x0000000080003562] -> 0x0010
[386] [M]: 0x0000000080003560 (0x00100313) addi t1, zero, 0x1
x6 <- 0x0000000000000001
mem[X,0x0000000080003564] -> 0x1313
mem[X,0x0000000080003566] -> 0x0103
[387] [M]: 0x0000000080003564 (0x01031313) slli t1, t1, 0x10
x6 <- 0x0000000000010000
mem[X,0x0000000080003568] -> 0x0213
mem[X,0x000000008000356A] -> 0x0000
[388] [M]: 0x0000000080003568 (0x00000213) addi tp, zero, 0x0
x4 <- 0x0000000000000000
mem[X,0x000000008000356C] -> 0x006F
mem[X,0x000000008000356E] -> 0x2B10
[389] [M]: 0x000000008000356C (0x2B10006F) jal zero, 0xab0
mem[X,0x000000008000401C] -> 0x8A63
mem[X,0x000000008000401E] -> 0xD466
[390] [M]: 0x000000008000401C (0xD4668A63) beq a3, t1, -0xaac
mem[X,0x0000000080004020] -> 0x0213
mem[X,0x0000000080004022] -> 0x0022
[391] [M]: 0x0000000080004020 (0x00220213) addi tp, tp, 0x2
x4 <- 0x0000000000000002
mem[X,0x0000000080004024] -> 0x006F
mem[X,0x0000000080004026] -> 0x00C0
[392] [M]: 0x0000000080004024 (0x00C0006F) jal zero, 0xc
mem[X,0x0000000080004030] -> 0x3423
mem[X,0x0000000080004032] -> 0x0041
[393] [M]: 0x0000000080004030 (0x00413423) sd tp, 0x8(sp)
mem[0x00000000800481D0] <- 0x0000000000000002
mem[X,0x0000000080004034] -> 0x0313
mem[X,0x0000000080004036] -> 0x0010
[394] [M]: 0x0000000080004034 (0x00100313) addi t1, zero, 0x1
x6 <- 0x0000000000000001
mem[X,0x0000000080004038] -> 0x1313
mem[X,0x000000008000403A] -> 0x0283
[395] [M]: 0x0000000080004038 (0x02831313) slli t1, t1, 0x28
x6 <- 0x0000010000000000
mem[X,0x000000008000403C] -> 0x0193
mem[X,0x000000008000403E] -> 0x0010
[396] [M]: 0x000000008000403C (0x00100193) addi gp, zero, 0x1
x3 <- 0x0000000000000001
mem[X,0x0000000080004040] -> 0x9193
mem[X,0x0000000080004042] -> 0x0111
[397] [M]: 0x0000000080004040 (0x01119193) slli gp, gp, 0x11
x3 <- 0x0000000000020000
mem[X,0x0000000080004044] -> 0x0213
mem[X,0x0000000080004046] -> 0x0000
[398] [M]: 0x0000000080004044 (0x00000213) addi tp, zero, 0x0
x4 <- 0x0000000000000000
mem[X,0x0000000080004048] -> 0x006F
mem[X,0x000000008000404A] -> 0x00C0
[399] [M]: 0x0000000080004048 (0x00C0006F) jal zero, 0xc
clint::tick mtime <- 0x0000000000000004
 clint timer pending at mtime 0x0000000000000004
htif::tick 0x0000000000000000
mem[X,0x0000000080004054] -> 0x0063
mem[X,0x0000000080004056] -> 0x0433
[400] [M]: 0x0000000080004054 (0x04330063) beq t1, gp, 0x40
mem[X,0x0000000080004058] -> 0x0213
mem[X,0x000000008000405A] -> 0x0022
[401] [M]: 0x0000000080004058 (0x00220213) addi tp, tp, 0x2
x4 <- 0x0000000000000002
mem[X,0x000000008000405C] -> 0x006F
mem[X,0x000000008000405E] -> 0x0400
[402] [M]: 0x000000008000405C (0x0400006F) jal zero, 0x40
mem[X,0x000000008000409C] -> 0x3823
mem[X,0x000000008000409E] -> 0x0041
[403] [M]: 0x000000008000409C (0x00413823) sd tp, 0x10(sp)
mem[0x00000000800481D8] <- 0x0000000000000002
mem[X,0x00000000800040A0] -> 0x0B13
mem[X,0x00000000800040A2] -> 0x0010
[404] [M]: 0x00000000800040A0 (0x00100B13) addi s6, zero, 0x1
x22 <- 0x0000000000000001
mem[X,0x00000000800040A4] -> 0x1B13
mem[X,0x00000000800040A6] -> 0x037B
[405] [M]: 0x00000000800040A4 (0x037B1B13) slli s6, s6, 0x37
x22 <- 0x0080000000000000
mem[X,0x00000000800040A8] -> 0x0E93
mem[X,0x00000000800040AA] -> 0x0010
[406] [M]: 0x00000000800040A8 (0x00100E93) addi t4, zero, 0x1
x29 <- 0x0000000000000001
mem[X,0x00000000800040AC] -> 0x9E93
mem[X,0x00000000800040AE] -> 0x012E
[407] [M]: 0x00000000800040AC (0x012E9E93) slli t4, t4, 0x12
x29 <- 0x0000000000040000
mem[X,0x00000000800040B0] -> 0x0213
mem[X,0x00000000800040B2] -> 0x0000
[408] [M]: 0x00000000800040B0 (0x00000213) addi tp, zero, 0x0
x4 <- 0x0000000000000000
mem[X,0x00000000800040B4] -> 0x006F
mem[X,0x00000000800040B6] -> 0x0140
[409] [M]: 0x00000000800040B4 (0x0140006F) jal zero, 0x14
mem[X,0x00000000800040C8] -> 0x08E3
mem[X,0x00000000800040CA] -> 0xFFDB
[410] [M]: 0x00000000800040C8 (0xFFDB08E3) beq s6, t4, -0x10
mem[X,0x00000000800040CC] -> 0x0213
mem[X,0x00000000800040CE] -> 0x0022
[411] [M]: 0x00000000800040CC (0x00220213) addi tp, tp, 0x2
x4 <- 0x0000000000000002
mem[X,0x00000000800040D0] -> 0x006F
mem[X,0x00000000800040D2] -> 0x00C0
[412] [M]: 0x00000000800040D0 (0x00C0006F) jal zero, 0xc
mem[X,0x00000000800040DC] -> 0x3C23
mem[X,0x00000000800040DE] -> 0x0041
[413] [M]: 0x00000000800040DC (0x00413C23) sd tp, 0x18(sp)
mem[0x00000000800481E0] <- 0x0000000000000002
mem[X,0x00000000800040E0] -> 0x0D13
mem[X,0x00000000800040E2] -> 0x0010
[414] [M]: 0x00000000800040E0 (0x00100D13) addi s10, zero, 0x1
x26 <- 0x0000000000000001
mem[X,0x00000000800040E4] -> 0x1D13
mem[X,0x00000000800040E6] -> 0x016D
[415] [M]: 0x00000000800040E4 (0x016D1D13) slli s10, s10, 0x16
x26 <- 0x0000000000400000
mem[X,0x00000000800040E8] -> 0x4D13
mem[X,0x00000000800040EA] -> 0xFFFD
[416] [M]: 0x00000000800040E8 (0xFFFD4D13) xori s10, s10, -0x1
x26 <- 0xFFFFFFFFFFBFFFFF
mem[X,0x00000000800040EC] -> 0x0793
mem[X,0x00000000800040EE] -> 0x0010
[417] [M]: 0x00000000800040EC (0x00100793) addi a5, zero, 0x1
x15 <- 0x0000000000000001
mem[X,0x00000000800040F0] -> 0x9793
mem[X,0x00000000800040F2] -> 0x0137
[418] [M]: 0x00000000800040F0 (0x01379793) slli a5, a5, 0x13
x15 <- 0x0000000000080000
mem[X,0x00000000800040F4] -> 0x0213
mem[X,0x00000000800040F6] -> 0x0000
[419] [M]: 0x00000000800040F4 (0x00000213) addi tp, zero, 0x0
x4 <- 0x0000000000000000
mem[X,0x00000000800040F8] -> 0x006F
mem[X,0x00000000800040FA] -> 0x00C0
[420] [M]: 0x00000000800040F8 (0x00C0006F) jal zero, 0xc
mem[X,0x0000000080004104] -> 0x0063
mem[X,0x0000000080004106] -> 0x02FD
[421] [M]: 0x0000000080004104 (0x02FD0063) beq s10, a5, 0x20
mem[X,0x0000000080004108] -> 0x0213
mem[X,0x000000008000410A] -> 0x0022
[422] [M]: 0x0000000080004108 (0x00220213) addi tp, tp, 0x2
x4 <- 0x0000000000000002
mem[X,0x000000008000410C] -> 0x006F
mem[X,0x000000008000410E] -> 0x0200
[423] [M]: 0x000000008000410C (0x0200006F) jal zero, 0x20
mem[X,0x000000008000412C] -> 0x3023
mem[X,0x000000008000412E] -> 0x0241
[424] [M]: 0x000000008000412C (0x02413023) sd tp, 0x20(sp)
mem[0x00000000800481E8] <- 0x0000000000000002
mem[X,0x0000000080004130] -> 0x0E13
mem[X,0x0000000080004132] -> 0x2000
[425] [M]: 0x0000000080004130 (0x20000E13) addi t3, zero, 0x200
x28 <- 0x0000000000000200
mem[X,0x0000000080004134] -> 0x0393
mem[X,0x0000000080004136] -> 0x0010
[426] [M]: 0x0000000080004134 (0x00100393) addi t2, zero, 0x1
x7 <- 0x0000000000000001
mem[X,0x0000000080004138] -> 0x9393
mem[X,0x000000008000413A] -> 0x0143
[427] [M]: 0x0000000080004138 (0x01439393) slli t2, t2, 0x14
x7 <- 0x0000000000100000
mem[X,0x000000008000413C] -> 0x0213
mem[X,0x000000008000413E] -> 0x0000
[428] [M]: 0x000000008000413C (0x00000213) addi tp, zero, 0x0
x4 <- 0x0000000000000000
mem[X,0x0000000080004140] -> 0x006F
mem[X,0x0000000080004142] -> 0x2B10
[429] [M]: 0x0000000080004140 (0x2B10006F) jal zero, 0xab0
mem[X,0x0000000080004BF0] -> 0x0A63
mem[X,0x0000000080004BF2] -> 0xD47E
[430] [M]: 0x0000000080004BF0 (0xD47E0A63) beq t3, t2, -0xaac
mem[X,0x0000000080004BF4] -> 0x0213
mem[X,0x0000000080004BF6] -> 0x0022
[431] [M]: 0x0000000080004BF4 (0x00220213) addi tp, tp, 0x2
x4 <- 0x0000000000000002
mem[X,0x0000000080004BF8] -> 0x006F
mem[X,0x0000000080004BFA] -> 0x00C0
[432] [M]: 0x0000000080004BF8 (0x00C0006F) jal zero, 0xc
mem[X,0x0000000080004C04] -> 0x3423
mem[X,0x0000000080004C06] -> 0x0241
[433] [M]: 0x0000000080004C04 (0x02413423) sd tp, 0x28(sp)
mem[0x00000000800481F0] <- 0x0000000000000002
mem[X,0x0000000080004C08] -> 0x0493
mem[X,0x0000000080004C0A] -> 0x0040
[434] [M]: 0x0000000080004C08 (0x00400493) addi s1, zero, 0x4
x9 <- 0x0000000000000004
mem[X,0x0000000080004C0C] -> 0x0893
mem[X,0x0000000080004C0E] -> 0x0010
[435] [M]: 0x0000000080004C0C (0x00100893) addi a7, zero, 0x1
x17 <- 0x0000000000000001
mem[X,0x0000000080004C10] -> 0x9893
mem[X,0x0000000080004C12] -> 0x0158
[436] [M]: 0x0000000080004C10 (0x01589893) slli a7, a7, 0x15
x17 <- 0x0000000000200000
mem[X,0x0000000080004C14] -> 0x0213
mem[X,0x0000000080004C16] -> 0x0000
[437] [M]: 0x0000000080004C14 (0x00000213) addi tp, zero, 0x0
x4 <- 0x0000000000000000
mem[X,0x0000000080004C18] -> 0x006F
mem[X,0x0000000080004C1A] -> 0x0050
[438] [M]: 0x0000000080004C18 (0x0050006F) jal zero, 0x804
mem[X,0x000000008000541C] -> 0x80E3
mem[X,0x000000008000541E] -> 0x8114
[439] [M]: 0x000000008000541C (0x811480E3) beq s1, a7, -0x800
mem[X,0x0000000080005420] -> 0x0213
mem[X,0x0000000080005422] -> 0x0022
[440] [M]: 0x0000000080005420 (0x00220213) addi tp, tp, 0x2
x4 <- 0x0000000000000002
mem[X,0x0000000080005424] -> 0x006F
mem[X,0x0000000080005426] -> 0x00C0
[441] [M]: 0x0000000080005424 (0x00C0006F) jal zero, 0xc
mem[X,0x0000000080005430] -> 0x3823
mem[X,0x0000000080005432] -> 0x0241
[442] [M]: 0x0000000080005430 (0x02413823) sd tp, 0x30(sp)
mem[0x00000000800481F8] <- 0x0000000000000002
mem[X,0x0000000080005434] -> 0x0093
mem[X,0x0000000080005436] -> 0x0010
[443] [M]: 0x0000000080005434 (0x00100093) addi ra, zero, 0x1
x1 <- 0x0000000000000001
mem[X,0x0000000080005438] -> 0x9093
mem[X,0x000000008000543A] -> 0x0270
[444] [M]: 0x0000000080005438 (0x02709093) slli ra, ra, 0x27
x1 <- 0x0000008000000000
mem[X,0x000000008000543C] -> 0xC093
mem[X,0x000000008000543E] -> 0xFFF0
[445] [M]: 0x000000008000543C (0xFFF0C093) xori ra, ra, -0x1
x1 <- 0xFFFFFF7FFFFFFFFF
mem[X,0x0000000080005440] -> 0x0413
mem[X,0x0000000080005442] -> 0x0010
[446] [M]: 0x0000000080005440 (0x00100413) addi fp, zero, 0x1
x8 <- 0x0000000000000001
mem[X,0x0000000080005444] -> 0x1413
mem[X,0x0000000080005446] -> 0x0164
[447] [M]: 0x0000000080005444 (0x01641413) slli fp, fp, 0x16
x8 <- 0x0000000000400000
mem[X,0x0000000080005448] -> 0x0213
mem[X,0x000000008000544A] -> 0x0000
[448] [M]: 0x0000000080005448 (0x00000213) addi tp, zero, 0x0
x4 <- 0x0000000000000000
mem[X,0x000000008000544C] -> 0x006F
mem[X,0x000000008000544E] -> 0x00C0
[449] [M]: 0x000000008000544C (0x00C0006F) jal zero, 0xc
mem[X,0x0000000080005458] -> 0x8063
mem[X,0x000000008000545A] -> 0x4080
[450] [M]: 0x0000000080005458 (0x40808063) beq ra, fp, 0x400
mem[X,0x000000008000545C] -> 0x0213
mem[X,0x000000008000545E] -> 0x0022
[451] [M]: 0x000000008000545C (0x00220213) addi tp, tp, 0x2
x4 <- 0x0000000000000002
mem[X,0x0000000080005460] -> 0x006F
mem[X,0x0000000080005462] -> 0x4000
[452] [M]: 0x0000000080005460 (0x4000006F) jal zero, 0x400
mem[X,0x0000000080005860] -> 0x3C23
mem[X,0x0000000080005862] -> 0x0241
[453] [M]: 0x0000000080005860 (0x02413C23) sd tp, 0x38(sp)
mem[0x0000000080048200] <- 0x0000000000000002
mem[X,0x0000000080005864] -> 0x0013
mem[X,0x0000000080005866] -> 0x0000
[454] [M]: 0x0000000080005864 (0x00000013) addi zero, zero, 0x0
mem[X,0x0000000080005868] -> 0x0913
mem[X,0x000000008000586A] -> 0x0010
[455] [M]: 0x0000000080005868 (0x00100913) addi s2, zero, 0x1
x18 <- 0x0000000000000001
mem[X,0x000000008000586C] -> 0x1913
mem[X,0x000000008000586E] -> 0x0179
[456] [M]: 0x000000008000586C (0x01791913) slli s2, s2, 0x17
x18 <- 0x0000000000800000
mem[X,0x0000000080005870] -> 0x0213
mem[X,0x0000000080005872] -> 0x0000
[457] [M]: 0x0000000080005870 (0x00000213) addi tp, zero, 0x0
x4 <- 0x0000000000000000
mem[X,0x0000000080005874] -> 0x006F
mem[X,0x0000000080005876] -> 0x00C0
[458] [M]: 0x0000000080005874 (0x00C0006F) jal zero, 0xc
mem[X,0x0000000080005880] -> 0x0663
mem[X,0x0000000080005882] -> 0x0120
[459] [M]: 0x0000000080005880 (0x01200663) beq zero, s2, 0xc
mem[X,0x0000000080005884] -> 0x0213
mem[X,0x0000000080005886] -> 0x0022
[460] [M]: 0x0000000080005884 (0x00220213) addi tp, tp, 0x2
x4 <- 0x0000000000000002
mem[X,0x0000000080005888] -> 0x006F
mem[X,0x000000008000588A] -> 0x00C0
[461] [M]: 0x0000000080005888 (0x00C0006F) jal zero, 0xc
mem[X,0x0000000080005894] -> 0x3023
mem[X,0x0000000080005896] -> 0x0441
[462] [M]: 0x0000000080005894 (0x04413023) sd tp, 0x40(sp)
mem[0x0000000080048208] <- 0x0000000000000002
mem[X,0x0000000080005898] -> 0x0793
mem[X,0x000000008000589A] -> 0x0010
[463] [M]: 0x0000000080005898 (0x00100793) addi a5, zero, 0x1
x15 <- 0x0000000000000001
mem[X,0x000000008000589C] -> 0x9793
mem[X,0x000000008000589E] -> 0x00F7
[464] [M]: 0x000000008000589C (0x00F79793) slli a5, a5, 0xf
x15 <- 0x0000000000008000
mem[X,0x00000000800058A0] -> 0x0093
mem[X,0x00000000800058A2] -> 0x0010
[465] [M]: 0x00000000800058A0 (0x00100093) addi ra, zero, 0x1
x1 <- 0x0000000000000001
mem[X,0x00000000800058A4] -> 0x9093
mem[X,0x00000000800058A6] -> 0x0180
[466] [M]: 0x00000000800058A4 (0x01809093) slli ra, ra, 0x18
x1 <- 0x0000000001000000
mem[X,0x00000000800058A8] -> 0x0213
mem[X,0x00000000800058AA] -> 0x0000
[467] [M]: 0x00000000800058A8 (0x00000213) addi tp, zero, 0x0
x4 <- 0x0000000000000000
mem[X,0x00000000800058AC] -> 0x006F
mem[X,0x00000000800058AE] -> 0x00C0
[468] [M]: 0x00000000800058AC (0x00C0006F) jal zero, 0xc
mem[X,0x00000000800058B8] -> 0x8863
mem[X,0x00000000800058BA] -> 0x0017
[469] [M]: 0x00000000800058B8 (0x00178863) beq a5, ra, 0x10
mem[X,0x00000000800058BC] -> 0x0213
mem[X,0x00000000800058BE] -> 0x0022
[470] [M]: 0x00000000800058BC (0x00220213) addi tp, tp, 0x2
x4 <- 0x0000000000000002
mem[X,0x00000000800058C0] -> 0x006F
mem[X,0x00000000800058C2] -> 0x0100
[471] [M]: 0x00000000800058C0 (0x0100006F) jal zero, 0x10
mem[X,0x00000000800058D0] -> 0x3423
mem[X,0x00000000800058D2] -> 0x0441
[472] [M]: 0x00000000800058D0 (0x04413423) sd tp, 0x48(sp)
mem[0x0000000080048210] <- 0x0000000000000002
mem[X,0x00000000800058D4] -> 0x0513
mem[X,0x00000000800058D6] -> 0x0010
[473] [M]: 0x00000000800058D4 (0x00100513) addi a0, zero, 0x1
x10 <- 0x0000000000000001
mem[X,0x00000000800058D8] -> 0x1513
mem[X,0x00000000800058DA] -> 0x0285
[474] [M]: 0x00000000800058D8 (0x02851513) slli a0, a0, 0x28
x10 <- 0x0000010000000000
mem[X,0x00000000800058DC] -> 0x4513
mem[X,0x00000000800058DE] -> 0xFFF5
[475] [M]: 0x00000000800058DC (0xFFF54513) xori a0, a0, -0x1
x10 <- 0xFFFFFEFFFFFFFFFF
mem[X,0x00000000800058E0] -> 0x0593
mem[X,0x00000000800058E2] -> 0x0010
[476] [M]: 0x00000000800058E0 (0x00100593) addi a1, zero, 0x1
x11 <- 0x0000000000000001
mem[X,0x00000000800058E4] -> 0x9593
mem[X,0x00000000800058E6] -> 0x0195
[477] [M]: 0x00000000800058E4 (0x01959593) slli a1, a1, 0x19
x11 <- 0x0000000002000000
mem[X,0x00000000800058E8] -> 0x0213
mem[X,0x00000000800058EA] -> 0x0000
[478] [M]: 0x00000000800058E8 (0x00000213) addi tp, zero, 0x0
x4 <- 0x0000000000000000
mem[X,0x00000000800058EC] -> 0x006F
mem[X,0x00000000800058EE] -> 0x00C0
[479] [M]: 0x00000000800058EC (0x00C0006F) jal zero, 0xc
mem[X,0x00000000800058F8] -> 0x0663
mem[X,0x00000000800058FA] -> 0x00B5
[480] [M]: 0x00000000800058F8 (0x00B50663) beq a0, a1, 0xc
mem[X,0x00000000800058FC] -> 0x0213
mem[X,0x00000000800058FE] -> 0x0022
[481] [M]: 0x00000000800058FC (0x00220213) addi tp, tp, 0x2
x4 <- 0x0000000000000002
mem[X,0x0000000080005900] -> 0x006F
mem[X,0x0000000080005902] -> 0x00C0
[482] [M]: 0x0000000080005900 (0x00C0006F) jal zero, 0xc
mem[X,0x000000008000590C] -> 0x3823
mem[X,0x000000008000590E] -> 0x0441
[483] [M]: 0x000000008000590C (0x04413823) sd tp, 0x50(sp)
mem[0x0000000080048218] <- 0x0000000000000002
mem[X,0x0000000080005910] -> 0x0513
mem[X,0x0000000080005912] -> 0x0010
[484] [M]: 0x0000000080005910 (0x00100513) addi a0, zero, 0x1
x10 <- 0x0000000000000001
mem[X,0x0000000080005914] -> 0x1513
mem[X,0x0000000080005916] -> 0x0375
[485] [M]: 0x0000000080005914 (0x03751513) slli a0, a0, 0x37
x10 <- 0x0080000000000000
mem[X,0x0000000080005918] -> 0x4513
mem[X,0x000000008000591A] -> 0xFFF5
[486] [M]: 0x0000000080005918 (0xFFF54513) xori a0, a0, -0x1
x10 <- 0xFF7FFFFFFFFFFFFF
mem[X,0x000000008000591C] -> 0x0593
mem[X,0x000000008000591E] -> 0x0010
[487] [M]: 0x000000008000591C (0x00100593) addi a1, zero, 0x1
x11 <- 0x0000000000000001
mem[X,0x0000000080005920] -> 0x9593
mem[X,0x0000000080005922] -> 0x01A5
[488] [M]: 0x0000000080005920 (0x01A59593) slli a1, a1, 0x1a
x11 <- 0x0000000004000000
mem[X,0x0000000080005924] -> 0x0213
mem[X,0x0000000080005926] -> 0x0000
[489] [M]: 0x0000000080005924 (0x00000213) addi tp, zero, 0x0
x4 <- 0x0000000000000000
mem[X,0x0000000080005928] -> 0x006F
mem[X,0x000000008000592A] -> 0x00C0
[490] [M]: 0x0000000080005928 (0x00C0006F) jal zero, 0xc
mem[X,0x0000000080005934] -> 0x0063
mem[X,0x0000000080005936] -> 0x40B5
[491] [M]: 0x0000000080005934 (0x40B50063) beq a0, a1, 0x400
mem[X,0x0000000080005938] -> 0x0213
mem[X,0x000000008000593A] -> 0x0022
[492] [M]: 0x0000000080005938 (0x00220213) addi tp, tp, 0x2
x4 <- 0x0000000000000002
mem[X,0x000000008000593C] -> 0x006F
mem[X,0x000000008000593E] -> 0x4000
[493] [M]: 0x000000008000593C (0x4000006F) jal zero, 0x400
mem[X,0x0000000080005D3C] -> 0x3C23
mem[X,0x0000000080005D3E] -> 0x0441
[494] [M]: 0x0000000080005D3C (0x04413C23) sd tp, 0x58(sp)
mem[0x0000000080048220] <- 0x0000000000000002
mem[X,0x0000000080005D40] -> 0x0537
mem[X,0x0000000080005D42] -> 0x0000
[495] [M]: 0x0000000080005D40 (0x00000537) lui a0, 0x0
x10 <- 0x0000000000000000
mem[X,0x0000000080005D44] -> 0x0513
mem[X,0x0000000080005D46] -> 0x0005
[496] [M]: 0x0000000080005D44 (0x00050513) addi a0, a0, 0x0
x10 <- 0x0000000000000000
mem[X,0x0000000080005D48] -> 0x1513
mem[X,0x0000000080005D4A] -> 0x00B5
[497] [M]: 0x0000000080005D48 (0x00B51513) slli a0, a0, 0xb
x10 <- 0x0000000000000000
mem[X,0x0000000080005D4C] -> 0x0513
mem[X,0x0000000080005D4E] -> 0x5A85
[498] [M]: 0x0000000080005D4C (0x5A850513) addi a0, a0, 0x5a8
x10 <- 0x00000000000005A8
mem[X,0x0000000080005D50] -> 0x1513
mem[X,0x0000000080005D52] -> 0x00B5
[499] [M]: 0x0000000080005D50 (0x00B51513) slli a0, a0, 0xb
x10 <- 0x00000000002D4000
clint::tick mtime <- 0x0000000000000005
 clint timer pending at mtime 0x0000000000000005
htif::tick 0x0000000000000000
mem[X,0x0000000080005D54] -> 0x0513
mem[X,0x0000000080005D56] -> 0x13C5
[500] [M]: 0x0000000080005D54 (0x13C50513) addi a0, a0, 0x13c
x10 <- 0x00000000002D413C
mem[X,0x0000000080005D58] -> 0x1513
mem[X,0x0000000080005D5A] -> 0x00A5
[501] [M]: 0x0000000080005D58 (0x00A51513) slli a0, a0, 0xa
x10 <- 0x00000000B504F000
mem[X,0x0000000080005D5C] -> 0x0513
mem[X,0x0000000080005D5E] -> 0x3335
[502] [M]: 0x0000000080005D5C (0x33350513) addi a0, a0, 0x333
x10 <- 0x00000000B504F333
mem[X,0x0000000080005D60] -> 0x0593
mem[X,0x0000000080005D62] -> 0x0010
[503] [M]: 0x0000000080005D60 (0x00100593) addi a1, zero, 0x1
x11 <- 0x0000000000000001
mem[X,0x0000000080005D64] -> 0x9593
mem[X,0x0000000080005D66] -> 0x01B5
[504] [M]: 0x0000000080005D64 (0x01B59593) slli a1, a1, 0x1b
x11 <- 0x0000000008000000
mem[X,0x0000000080005D68] -> 0x0213
mem[X,0x0000000080005D6A] -> 0x0000
[505] [M]: 0x0000000080005D68 (0x00000213) addi tp, zero, 0x0
x4 <- 0x0000000000000000
mem[X,0x0000000080005D6C] -> 0x006F
mem[X,0x0000000080005D6E] -> 0x00C0
[506] [M]: 0x0000000080005D6C (0x00C0006F) jal zero, 0xc
mem[X,0x0000000080005D78] -> 0x0CE3
mem[X,0x0000000080005D7A] -> 0xFEB5
[507] [M]: 0x0000000080005D78 (0xFEB50CE3) beq a0, a1, -0x8
mem[X,0x0000000080005D7C] -> 0x0213
mem[X,0x0000000080005D7E] -> 0x0022
[508] [M]: 0x0000000080005D7C (0x00220213) addi tp, tp, 0x2
x4 <- 0x0000000000000002
mem[X,0x0000000080005D80] -> 0x006F
mem[X,0x0000000080005D82] -> 0x00C0
[509] [M]: 0x0000000080005D80 (0x00C0006F) jal zero, 0xc
mem[X,0x0000000080005D8C] -> 0x3023
mem[X,0x0000000080005D8E] -> 0x0641
[510] [M]: 0x0000000080005D8C (0x06413023) sd tp, 0x60(sp)
mem[0x0000000080048228] <- 0x0000000000000002
mem[X,0x0000000080005D90] -> 0x0513
mem[X,0x0000000080005D92] -> 0x0010
[511] [M]: 0x0000000080005D90 (0x00100513) addi a0, zero, 0x1
x10 <- 0x0000000000000001
mem[X,0x0000000080005D94] -> 0x1513
mem[X,0x0000000080005D96] -> 0x01F5
[512] [M]: 0x0000000080005D94 (0x01F51513) slli a0, a0, 0x1f
x10 <- 0x0000000080000000
mem[X,0x0000000080005D98] -> 0x4513
mem[X,0x0000000080005D9A] -> 0xFFF5
[513] [M]: 0x0000000080005D98 (0xFFF54513) xori a0, a0, -0x1
x10 <- 0xFFFFFFFF7FFFFFFF
mem[X,0x0000000080005D9C] -> 0x0593
mem[X,0x0000000080005D9E] -> 0x0010
[514] [M]: 0x0000000080005D9C (0x00100593) addi a1, zero, 0x1
x11 <- 0x0000000000000001
mem[X,0x0000000080005DA0] -> 0x9593
mem[X,0x0000000080005DA2] -> 0x01C5
[515] [M]: 0x0000000080005DA0 (0x01C59593) slli a1, a1, 0x1c
x11 <- 0x0000000010000000
mem[X,0x0000000080005DA4] -> 0x0213
mem[X,0x0000000080005DA6] -> 0x0000
[516] [M]: 0x0000000080005DA4 (0x00000213) addi tp, zero, 0x0
x4 <- 0x0000000000000000
mem[X,0x0000000080005DA8] -> 0x006F
mem[X,0x0000000080005DAA] -> 0x00C0
[517] [M]: 0x0000000080005DA8 (0x00C0006F) jal zero, 0xc
mem[X,0x0000000080005DB4] -> 0x0663
mem[X,0x0000000080005DB6] -> 0x00B5
[518] [M]: 0x0000000080005DB4 (0x00B50663) beq a0, a1, 0xc
mem[X,0x0000000080005DB8] -> 0x0213
mem[X,0x0000000080005DBA] -> 0x0022
[519] [M]: 0x0000000080005DB8 (0x00220213) addi tp, tp, 0x2
x4 <- 0x0000000000000002
mem[X,0x0000000080005DBC] -> 0x006F
mem[X,0x0000000080005DBE] -> 0x00C0
[520] [M]: 0x0000000080005DBC (0x00C0006F) jal zero, 0xc
mem[X,0x0000000080005DC8] -> 0x3423
mem[X,0x0000000080005DCA] -> 0x0641
[521] [M]: 0x0000000080005DC8 (0x06413423) sd tp, 0x68(sp)
mem[0x0000000080048230] <- 0x0000000000000002
mem[X,0x0000000080005DCC] -> 0x5537
mem[X,0x0000000080005DCE] -> 0x5555
[522] [M]: 0x0000000080005DCC (0x55555537) lui a0, 0x55555
x10 <- 0x0000000055555000
mem[X,0x0000000080005DD0] -> 0x0513
mem[X,0x0000000080005DD2] -> 0x5555
[523] [M]: 0x0000000080005DD0 (0x55550513) addi a0, a0, 0x555
x10 <- 0x0000000055555555
mem[X,0x0000000080005DD4] -> 0x1513
mem[X,0x0000000080005DD6] -> 0x00B5
[524] [M]: 0x0000000080005DD4 (0x00B51513) slli a0, a0, 0xb
x10 <- 0x000002AAAAAAA800
mem[X,0x0000000080005DD8] -> 0x0513
mem[X,0x0000000080005DDA] -> 0x2AA5
[525] [M]: 0x0000000080005DD8 (0x2AA50513) addi a0, a0, 0x2aa
x10 <- 0x000002AAAAAAAAAA
mem[X,0x0000000080005DDC] -> 0x1513
mem[X,0x0000000080005DDE] -> 0x00B5
[526] [M]: 0x0000000080005DDC (0x00B51513) slli a0, a0, 0xb
x10 <- 0x0015555555555000
mem[X,0x0000000080005DE0] -> 0x0513
mem[X,0x0000000080005DE2] -> 0x5555
[527] [M]: 0x0000000080005DE0 (0x55550513) addi a0, a0, 0x555
x10 <- 0x0015555555555555
mem[X,0x0000000080005DE4] -> 0x1513
mem[X,0x0000000080005DE6] -> 0x00A5
[528] [M]: 0x0000000080005DE4 (0x00A51513) slli a0, a0, 0xa
x10 <- 0x5555555555555400
mem[X,0x0000000080005DE8] -> 0x0513
mem[X,0x0000000080005DEA] -> 0x1555
[529] [M]: 0x0000000080005DE8 (0x15550513) addi a0, a0, 0x155
x10 <- 0x5555555555555555
mem[X,0x0000000080005DEC] -> 0x0593
mem[X,0x0000000080005DEE] -> 0x0010
[530] [M]: 0x0000000080005DEC (0x00100593) addi a1, zero, 0x1
x11 <- 0x0000000000000001
mem[X,0x0000000080005DF0] -> 0x9593
mem[X,0x0000000080005DF2] -> 0x01D5
[531] [M]: 0x0000000080005DF0 (0x01D59593) slli a1, a1, 0x1d
x11 <- 0x0000000020000000
mem[X,0x0000000080005DF4] -> 0x0213
mem[X,0x0000000080005DF6] -> 0x0000
[532] [M]: 0x0000000080005DF4 (0x00000213) addi tp, zero, 0x0
x4 <- 0x0000000000000000
mem[X,0x0000000080005DF8] -> 0x006F
mem[X,0x0000000080005DFA] -> 0x00C0
[533] [M]: 0x0000000080005DF8 (0x00C0006F) jal zero, 0xc
mem[X,0x0000000080005E04] -> 0x0CE3
mem[X,0x0000000080005E06] -> 0xFEB5
[534] [M]: 0x0000000080005E04 (0xFEB50CE3) beq a0, a1, -0x8
mem[X,0x0000000080005E08] -> 0x0213
mem[X,0x0000000080005E0A] -> 0x0022
[535] [M]: 0x0000000080005E08 (0x00220213) addi tp, tp, 0x2
x4 <- 0x0000000000000002
mem[X,0x0000000080005E0C] -> 0x006F
mem[X,0x0000000080005E0E] -> 0x00C0
[536] [M]: 0x0000000080005E0C (0x00C0006F) jal zero, 0xc
mem[X,0x0000000080005E18] -> 0x3823
mem[X,0x0000000080005E1A] -> 0x0641
[537] [M]: 0x0000000080005E18 (0x06413823) sd tp, 0x70(sp)
mem[0x0000000080048238] <- 0x0000000000000002
mem[X,0x0000000080005E1C] -> 0x0513
mem[X,0x0000000080005E1E] -> 0x0010
[538] [M]: 0x0000000080005E1C (0x00100513) addi a0, zero, 0x1
x10 <- 0x0000000000000001
mem[X,0x0000000080005E20] -> 0x1513
mem[X,0x0000000080005E22] -> 0x0225
[539] [M]: 0x0000000080005E20 (0x02251513) slli a0, a0, 0x22
x10 <- 0x0000000400000000
mem[X,0x0000000080005E24] -> 0x0593
mem[X,0x0000000080005E26] -> 0x0010
[540] [M]: 0x0000000080005E24 (0x00100593) addi a1, zero, 0x1
x11 <- 0x0000000000000001
mem[X,0x0000000080005E28] -> 0x9593
mem[X,0x0000000080005E2A] -> 0x01E5
[541] [M]: 0x0000000080005E28 (0x01E59593) slli a1, a1, 0x1e
x11 <- 0x0000000040000000
mem[X,0x0000000080005E2C] -> 0x0213
mem[X,0x0000000080005E2E] -> 0x0000
[542] [M]: 0x0000000080005E2C (0x00000213) addi tp, zero, 0x0
x4 <- 0x0000000000000000
mem[X,0x0000000080005E30] -> 0x006F
mem[X,0x0000000080005E32] -> 0x00C0
[543] [M]: 0x0000000080005E30 (0x00C0006F) jal zero, 0xc
mem[X,0x0000000080005E3C] -> 0x0CE3
mem[X,0x0000000080005E3E] -> 0xFEB5
[544] [M]: 0x0000000080005E3C (0xFEB50CE3) beq a0, a1, -0x8
mem[X,0x0000000080005E40] -> 0x0213
mem[X,0x0000000080005E42] -> 0x0022
[545] [M]: 0x0000000080005E40 (0x00220213) addi tp, tp, 0x2
x4 <- 0x0000000000000002
mem[X,0x0000000080005E44] -> 0x006F
mem[X,0x0000000080005E46] -> 0x00C0
[546] [M]: 0x0000000080005E44 (0x00C0006F) jal zero, 0xc
mem[X,0x0000000080005E50] -> 0x3C23
mem[X,0x0000000080005E52] -> 0x0641
[547] [M]: 0x0000000080005E50 (0x06413C23) sd tp, 0x78(sp)
mem[0x0000000080048240] <- 0x0000000000000002
mem[X,0x0000000080005E54] -> 0x0513
mem[X,0x0000000080005E56] -> 0x0010
[548] [M]: 0x0000000080005E54 (0x00100513) addi a0, zero, 0x1
x10 <- 0x0000000000000001
mem[X,0x0000000080005E58] -> 0x1513
mem[X,0x0000000080005E5A] -> 0x0175
[549] [M]: 0x0000000080005E58 (0x01751513) slli a0, a0, 0x17
x10 <- 0x0000000000800000
mem[X,0x0000000080005E5C] -> 0x0593
mem[X,0x0000000080005E5E] -> 0x0010
[550] [M]: 0x0000000080005E5C (0x00100593) addi a1, zero, 0x1
x11 <- 0x0000000000000001
mem[X,0x0000000080005E60] -> 0x9593
mem[X,0x0000000080005E62] -> 0x01F5
[551] [M]: 0x0000000080005E60 (0x01F59593) slli a1, a1, 0x1f
x11 <- 0x0000000080000000
mem[X,0x0000000080005E64] -> 0x0213
mem[X,0x0000000080005E66] -> 0x0000
[552] [M]: 0x0000000080005E64 (0x00000213) addi tp, zero, 0x0
x4 <- 0x0000000000000000
mem[X,0x0000000080005E68] -> 0x006F
mem[X,0x0000000080005E6A] -> 0x00C0
[553] [M]: 0x0000000080005E68 (0x00C0006F) jal zero, 0xc
mem[X,0x0000000080005E74] -> 0x0CE3
mem[X,0x0000000080005E76] -> 0xFEB5
[554] [M]: 0x0000000080005E74 (0xFEB50CE3) beq a0, a1, -0x8
mem[X,0x0000000080005E78] -> 0x0213
mem[X,0x0000000080005E7A] -> 0x0022
[555] [M]: 0x0000000080005E78 (0x00220213) addi tp, tp, 0x2
x4 <- 0x0000000000000002
mem[X,0x0000000080005E7C] -> 0x006F
mem[X,0x0000000080005E7E] -> 0x00C0
[556] [M]: 0x0000000080005E7C (0x00C0006F) jal zero, 0xc
mem[X,0x0000000080005E88] -> 0x3023
mem[X,0x0000000080005E8A] -> 0x0841
[557] [M]: 0x0000000080005E88 (0x08413023) sd tp, 0x80(sp)
mem[0x0000000080048248] <- 0x0000000000000002
mem[X,0x0000000080005E8C] -> 0x0513
mem[X,0x0000000080005E8E] -> 0xDFF0
[558] [M]: 0x0000000080005E8C (0xDFF00513) addi a0, zero, -0x201
x10 <- 0xFFFFFFFFFFFFFDFF
mem[X,0x0000000080005E90] -> 0x0593
mem[X,0x0000000080005E92] -> 0x0010
[559] [M]: 0x0000000080005E90 (0x00100593) addi a1, zero, 0x1
x11 <- 0x0000000000000001
mem[X,0x0000000080005E94] -> 0x9593
mem[X,0x0000000080005E96] -> 0x0205
[560] [M]: 0x0000000080005E94 (0x02059593) slli a1, a1, 0x20
x11 <- 0x0000000100000000
mem[X,0x0000000080005E98] -> 0x0213
mem[X,0x0000000080005E9A] -> 0x0000
[561] [M]: 0x0000000080005E98 (0x00000213) addi tp, zero, 0x0
x4 <- 0x0000000000000000
mem[X,0x0000000080005E9C] -> 0x006F
mem[X,0x0000000080005E9E] -> 0x00C0
[562] [M]: 0x0000000080005E9C (0x00C0006F) jal zero, 0xc
mem[X,0x0000000080005EA8] -> 0x0063
mem[X,0x0000000080005EAA] -> 0x20B5
[563] [M]: 0x0000000080005EA8 (0x20B50063) beq a0, a1, 0x200
mem[X,0x0000000080005EAC] -> 0x0213
mem[X,0x0000000080005EAE] -> 0x0022
[564] [M]: 0x0000000080005EAC (0x00220213) addi tp, tp, 0x2
x4 <- 0x0000000000000002
mem[X,0x0000000080005EB0] -> 0x006F
mem[X,0x0000000080005EB2] -> 0x2000
[565] [M]: 0x0000000080005EB0 (0x2000006F) jal zero, 0x200
mem[X,0x00000000800060B0] -> 0x3423
mem[X,0x00000000800060B2] -> 0x0841
[566] [M]: 0x00000000800060B0 (0x08413423) sd tp, 0x88(sp)
mem[0x0000000080048250] <- 0x0000000000000002
mem[X,0x00000000800060B4] -> 0x0513
mem[X,0x00000000800060B6] -> 0xFF90
[567] [M]: 0x00000000800060B4 (0xFF900513) addi a0, zero, -0x7
x10 <- 0xFFFFFFFFFFFFFFF9
mem[X,0x00000000800060B8] -> 0x0593
mem[X,0x00000000800060BA] -> 0x0010
[568] [M]: 0x00000000800060B8 (0x00100593) addi a1, zero, 0x1
x11 <- 0x0000000000000001
mem[X,0x00000000800060BC] -> 0x9593
mem[X,0x00000000800060BE] -> 0x0215
[569] [M]: 0x00000000800060BC (0x02159593) slli a1, a1, 0x21
x11 <- 0x0000000200000000
mem[X,0x00000000800060C0] -> 0x0213
mem[X,0x00000000800060C2] -> 0x0000
[570] [M]: 0x00000000800060C0 (0x00000213) addi tp, zero, 0x0
x4 <- 0x0000000000000000
mem[X,0x00000000800060C4] -> 0x006F
mem[X,0x00000000800060C6] -> 0x0050
[571] [M]: 0x00000000800060C4 (0x0050006F) jal zero, 0x804
mem[X,0x00000000800068C8] -> 0x00E3
mem[X,0x00000000800068CA] -> 0x80B5
[572] [M]: 0x00000000800068C8 (0x80B500E3) beq a0, a1, -0x800
mem[X,0x00000000800068CC] -> 0x0213
mem[X,0x00000000800068CE] -> 0x0022
[573] [M]: 0x00000000800068CC (0x00220213) addi tp, tp, 0x2
x4 <- 0x0000000000000002
mem[X,0x00000000800068D0] -> 0x006F
mem[X,0x00000000800068D2] -> 0x00C0
[574] [M]: 0x00000000800068D0 (0x00C0006F) jal zero, 0xc
mem[X,0x00000000800068DC] -> 0x3823
mem[X,0x00000000800068DE] -> 0x0841
[575] [M]: 0x00000000800068DC (0x08413823) sd tp, 0x90(sp)
mem[0x0000000080048258] <- 0x0000000000000002
mem[X,0x00000000800068E0] -> 0x0513
mem[X,0x00000000800068E2] -> 0x0010
[576] [M]: 0x00000000800068E0 (0x00100513) addi a0, zero, 0x1
x10 <- 0x0000000000000001
mem[X,0x00000000800068E4] -> 0x1513
mem[X,0x00000000800068E6] -> 0x0275
[577] [M]: 0x00000000800068E4 (0x02751513) slli a0, a0, 0x27
x10 <- 0x0000008000000000
mem[X,0x00000000800068E8] -> 0x4513
mem[X,0x00000000800068EA] -> 0xFFF5
[578] [M]: 0x00000000800068E8 (0xFFF54513) xori a0, a0, -0x1
x10 <- 0xFFFFFF7FFFFFFFFF
mem[X,0x00000000800068EC] -> 0x0593
mem[X,0x00000000800068EE] -> 0x0010
[579] [M]: 0x00000000800068EC (0x00100593) addi a1, zero, 0x1
x11 <- 0x0000000000000001
mem[X,0x00000000800068F0] -> 0x9593
mem[X,0x00000000800068F2] -> 0x0225
[580] [M]: 0x00000000800068F0 (0x02259593) slli a1, a1, 0x22
x11 <- 0x0000000400000000
mem[X,0x00000000800068F4] -> 0x0213
mem[X,0x00000000800068F6] -> 0x0000
[581] [M]: 0x00000000800068F4 (0x00000213) addi tp, zero, 0x0
x4 <- 0x0000000000000000
mem[X,0x00000000800068F8] -> 0x006F
mem[X,0x00000000800068FA] -> 0x0180
[582] [M]: 0x00000000800068F8 (0x0180006F) jal zero, 0x18
mem[X,0x0000000080006910] -> 0x06E3
mem[X,0x0000000080006912] -> 0xFEB5
[583] [M]: 0x0000000080006910 (0xFEB506E3) beq a0, a1, -0x14
mem[X,0x0000000080006914] -> 0x0213
mem[X,0x0000000080006916] -> 0x0022
[584] [M]: 0x0000000080006914 (0x00220213) addi tp, tp, 0x2
x4 <- 0x0000000000000002
mem[X,0x0000000080006918] -> 0x006F
mem[X,0x000000008000691A] -> 0x00C0
[585] [M]: 0x0000000080006918 (0x00C0006F) jal zero, 0xc
mem[X,0x0000000080006924] -> 0x3C23
mem[X,0x0000000080006926] -> 0x0841
[586] [M]: 0x0000000080006924 (0x08413C23) sd tp, 0x98(sp)
mem[0x0000000080048260] <- 0x0000000000000002
mem[X,0x0000000080006928] -> 0x0537
mem[X,0x000000008000692A] -> 0x0000
[587] [M]: 0x0000000080006928 (0x00000537) lui a0, 0x0
x10 <- 0x0000000000000000
mem[X,0x000000008000692C] -> 0x0513
mem[X,0x000000008000692E] -> 0xFFF5
[588] [M]: 0x000000008000692C (0xFFF50513) addi a0, a0, -0x1
x10 <- 0xFFFFFFFFFFFFFFFF
mem[X,0x0000000080006930] -> 0x1513
mem[X,0x0000000080006932] -> 0x00B5
[589] [M]: 0x0000000080006930 (0x00B51513) slli a0, a0, 0xb
x10 <- 0xFFFFFFFFFFFFF800
mem[X,0x0000000080006934] -> 0x0513
mem[X,0x0000000080006936] -> 0x2575
[590] [M]: 0x0000000080006934 (0x25750513) addi a0, a0, 0x257
x10 <- 0xFFFFFFFFFFFFFA57
mem[X,0x0000000080006938] -> 0x1513
mem[X,0x000000008000693A] -> 0x00B5
[591] [M]: 0x0000000080006938 (0x00B51513) slli a0, a0, 0xb
x10 <- 0xFFFFFFFFFFD2B800
mem[X,0x000000008000693C] -> 0x0513
mem[X,0x000000008000693E] -> 0x6C35
[592] [M]: 0x000000008000693C (0x6C350513) addi a0, a0, 0x6c3
x10 <- 0xFFFFFFFFFFD2BEC3
mem[X,0x0000000080006940] -> 0x1513
mem[X,0x0000000080006942] -> 0x00A5
[593] [M]: 0x0000000080006940 (0x00A51513) slli a0, a0, 0xa
x10 <- 0xFFFFFFFF4AFB0C00
mem[X,0x0000000080006944] -> 0x0513
mem[X,0x0000000080006946] -> 0x0CD5
[594] [M]: 0x0000000080006944 (0x0CD50513) addi a0, a0, 0xcd
x10 <- 0xFFFFFFFF4AFB0CCD
mem[X,0x0000000080006948] -> 0x0593
mem[X,0x000000008000694A] -> 0x0010
[595] [M]: 0x0000000080006948 (0x00100593) addi a1, zero, 0x1
x11 <- 0x0000000000000001
mem[X,0x000000008000694C] -> 0x9593
mem[X,0x000000008000694E] -> 0x0235
[596] [M]: 0x000000008000694C (0x02359593) slli a1, a1, 0x23
x11 <- 0x0000000800000000
mem[X,0x0000000080006950] -> 0x0213
mem[X,0x0000000080006952] -> 0x0000
[597] [M]: 0x0000000080006950 (0x00000213) addi tp, zero, 0x0
x4 <- 0x0000000000000000
mem[X,0x0000000080006954] -> 0x006F
mem[X,0x0000000080006956] -> 0x00C0
[598] [M]: 0x0000000080006954 (0x00C0006F) jal zero, 0xc
mem[X,0x0000000080006960] -> 0x0063
mem[X,0x0000000080006962] -> 0x08B5
[599] [M]: 0x0000000080006960 (0x08B50063) beq a0, a1, 0x80
clint::tick mtime <- 0x0000000000000006
 clint timer pending at mtime 0x0000000000000006
htif::tick 0x0000000000000000
mem[X,0x0000000080006964] -> 0x0213
mem[X,0x0000000080006966] -> 0x0022
[600] [M]: 0x0000000080006964 (0x00220213) addi tp, tp, 0x2
x4 <- 0x0000000000000002
mem[X,0x0000000080006968] -> 0x006F
mem[X,0x000000008000696A] -> 0x0800
[601] [M]: 0x0000000080006968 (0x0800006F) jal zero, 0x80
mem[X,0x00000000800069E8] -> 0x3023
mem[X,0x00000000800069EA] -> 0x0A41
[602] [M]: 0x00000000800069E8 (0x0A413023) sd tp, 0xa0(sp)
mem[0x0000000080048268] <- 0x0000000000000002
mem[X,0x00000000800069EC] -> 0x0513
mem[X,0x00000000800069EE] -> 0x0010
[603] [M]: 0x00000000800069EC (0x00100513) addi a0, zero, 0x1
x10 <- 0x0000000000000001
mem[X,0x00000000800069F0] -> 0x1513
mem[X,0x00000000800069F2] -> 0x02A5
[604] [M]: 0x00000000800069F0 (0x02A51513) slli a0, a0, 0x2a
x10 <- 0x0000040000000000
mem[X,0x00000000800069F4] -> 0x4513
mem[X,0x00000000800069F6] -> 0xFFF5
[605] [M]: 0x00000000800069F4 (0xFFF54513) xori a0, a0, -0x1
x10 <- 0xFFFFFBFFFFFFFFFF
mem[X,0x00000000800069F8] -> 0x0593
mem[X,0x00000000800069FA] -> 0x0010
[606] [M]: 0x00000000800069F8 (0x00100593) addi a1, zero, 0x1
x11 <- 0x0000000000000001
mem[X,0x00000000800069FC] -> 0x9593
mem[X,0x00000000800069FE] -> 0x0245
[607] [M]: 0x00000000800069FC (0x02459593) slli a1, a1, 0x24
x11 <- 0x0000001000000000
mem[X,0x0000000080006A00] -> 0x0213
mem[X,0x0000000080006A02] -> 0x0000
[608] [M]: 0x0000000080006A00 (0x00000213) addi tp, zero, 0x0
x4 <- 0x0000000000000000
mem[X,0x0000000080006A04] -> 0x006F
mem[X,0x0000000080006A06] -> 0x2B10
[609] [M]: 0x0000000080006A04 (0x2B10006F) jal zero, 0xab0
mem[X,0x00000000800074B4] -> 0x0A63
mem[X,0x00000000800074B6] -> 0xD4B5
[610] [M]: 0x00000000800074B4 (0xD4B50A63) beq a0, a1, -0xaac
mem[X,0x00000000800074B8] -> 0x0213
mem[X,0x00000000800074BA] -> 0x0022
[611] [M]: 0x00000000800074B8 (0x00220213) addi tp, tp, 0x2
x4 <- 0x0000000000000002
mem[X,0x00000000800074BC] -> 0x006F
mem[X,0x00000000800074BE] -> 0x00C0
[612] [M]: 0x00000000800074BC (0x00C0006F) jal zero, 0xc
mem[X,0x00000000800074C8] -> 0x3423
mem[X,0x00000000800074CA] -> 0x0A41
[613] [M]: 0x00000000800074C8 (0x0A413423) sd tp, 0xa8(sp)
mem[0x0000000080048270] <- 0x0000000000000002
mem[X,0x00000000800074CC] -> 0x0513
mem[X,0x00000000800074CE] -> 0x0010
[614] [M]: 0x00000000800074CC (0x00100513) addi a0, zero, 0x1
x10 <- 0x0000000000000001
mem[X,0x00000000800074D0] -> 0x1513
mem[X,0x00000000800074D2] -> 0x0145
[615] [M]: 0x00000000800074D0 (0x01451513) slli a0, a0, 0x14
x10 <- 0x0000000000100000
mem[X,0x00000000800074D4] -> 0x4513
mem[X,0x00000000800074D6] -> 0xFFF5
[616] [M]: 0x00000000800074D4 (0xFFF54513) xori a0, a0, -0x1
x10 <- 0xFFFFFFFFFFEFFFFF
mem[X,0x00000000800074D8] -> 0x0593
mem[X,0x00000000800074DA] -> 0x0010
[617] [M]: 0x00000000800074D8 (0x00100593) addi a1, zero, 0x1
x11 <- 0x0000000000000001
mem[X,0x00000000800074DC] -> 0x9593
mem[X,0x00000000800074DE] -> 0x0255
[618] [M]: 0x00000000800074DC (0x02559593) slli a1, a1, 0x25
x11 <- 0x0000002000000000
mem[X,0x00000000800074E0] -> 0x0213
mem[X,0x00000000800074E2] -> 0x0000
[619] [M]: 0x00000000800074E0 (0x00000213) addi tp, zero, 0x0
x4 <- 0x0000000000000000
mem[X,0x00000000800074E4] -> 0x006F
mem[X,0x00000000800074E6] -> 0x00C0
[620] [M]: 0x00000000800074E4 (0x00C0006F) jal zero, 0xc
mem[X,0x00000000800074F0] -> 0x0063
mem[X,0x00000000800074F2] -> 0x02B5
[621] [M]: 0x00000000800074F0 (0x02B50063) beq a0, a1, 0x20
mem[X,0x00000000800074F4] -> 0x0213
mem[X,0x00000000800074F6] -> 0x0022
[622] [M]: 0x00000000800074F4 (0x00220213) addi tp, tp, 0x2
x4 <- 0x0000000000000002
mem[X,0x00000000800074F8] -> 0x006F
mem[X,0x00000000800074FA] -> 0x0200
[623] [M]: 0x00000000800074F8 (0x0200006F) jal zero, 0x20
mem[X,0x0000000080007518] -> 0x3823
mem[X,0x000000008000751A] -> 0x0A41
[624] [M]: 0x0000000080007518 (0x0A413823) sd tp, 0xb0(sp)
mem[0x0000000080048278] <- 0x0000000000000002
mem[X,0x000000008000751C] -> 0x0513
mem[X,0x000000008000751E] -> 0x0010
[625] [M]: 0x000000008000751C (0x00100513) addi a0, zero, 0x1
x10 <- 0x0000000000000001
mem[X,0x0000000080007520] -> 0x1513
mem[X,0x0000000080007522] -> 0x0235
[626] [M]: 0x0000000080007520 (0x02351513) slli a0, a0, 0x23
x10 <- 0x0000000800000000
mem[X,0x0000000080007524] -> 0x0593
mem[X,0x0000000080007526] -> 0x0010
[627] [M]: 0x0000000080007524 (0x00100593) addi a1, zero, 0x1
x11 <- 0x0000000000000001
mem[X,0x0000000080007528] -> 0x9593
mem[X,0x000000008000752A] -> 0x0275
[628] [M]: 0x0000000080007528 (0x02759593) slli a1, a1, 0x27
x11 <- 0x0000008000000000
mem[X,0x000000008000752C] -> 0x0213
mem[X,0x000000008000752E] -> 0x0000
[629] [M]: 0x000000008000752C (0x00000213) addi tp, zero, 0x0
x4 <- 0x0000000000000000
mem[X,0x0000000080007530] -> 0x006F
mem[X,0x0000000080007532] -> 0x00C0
[630] [M]: 0x0000000080007530 (0x00C0006F) jal zero, 0xc
mem[X,0x000000008000753C] -> 0x0063
mem[X,0x000000008000753E] -> 0x02B5
[631] [M]: 0x000000008000753C (0x02B50063) beq a0, a1, 0x20
mem[X,0x0000000080007540] -> 0x0213
mem[X,0x0000000080007542] -> 0x0022
[632] [M]: 0x0000000080007540 (0x00220213) addi tp, tp, 0x2
x4 <- 0x0000000000000002
mem[X,0x0000000080007544] -> 0x006F
mem[X,0x0000000080007546] -> 0x0200
[633] [M]: 0x0000000080007544 (0x0200006F) jal zero, 0x20
mem[X,0x0000000080007564] -> 0x3C23
mem[X,0x0000000080007566] -> 0x0A41
[634] [M]: 0x0000000080007564 (0x0A413C23) sd tp, 0xb8(sp)
mem[0x0000000080048280] <- 0x0000000000000002
mem[X,0x0000000080007568] -> 0x0513
mem[X,0x000000008000756A] -> 0x0010
[635] [M]: 0x0000000080007568 (0x00100513) addi a0, zero, 0x1
x10 <- 0x0000000000000001
mem[X,0x000000008000756C] -> 0x1513
mem[X,0x000000008000756E] -> 0x02B5
[636] [M]: 0x000000008000756C (0x02B51513) slli a0, a0, 0x2b
x10 <- 0x0000080000000000
mem[X,0x0000000080007570] -> 0x0593
mem[X,0x0000000080007572] -> 0x0010
[637] [M]: 0x0000000080007570 (0x00100593) addi a1, zero, 0x1
x11 <- 0x0000000000000001
mem[X,0x0000000080007574] -> 0x9593
mem[X,0x0000000080007576] -> 0x0285
[638] [M]: 0x0000000080007574 (0x02859593) slli a1, a1, 0x28
x11 <- 0x0000010000000000
mem[X,0x0000000080007578] -> 0x0213
mem[X,0x000000008000757A] -> 0x0000
[639] [M]: 0x0000000080007578 (0x00000213) addi tp, zero, 0x0
x4 <- 0x0000000000000000
mem[X,0x000000008000757C] -> 0x006F
mem[X,0x000000008000757E] -> 0x0140
[640] [M]: 0x000000008000757C (0x0140006F) jal zero, 0x14
mem[X,0x0000000080007590] -> 0x08E3
mem[X,0x0000000080007592] -> 0xFEB5
[641] [M]: 0x0000000080007590 (0xFEB508E3) beq a0, a1, -0x10
mem[X,0x0000000080007594] -> 0x0213
mem[X,0x0000000080007596] -> 0x0022
[642] [M]: 0x0000000080007594 (0x00220213) addi tp, tp, 0x2
x4 <- 0x0000000000000002
mem[X,0x0000000080007598] -> 0x006F
mem[X,0x000000008000759A] -> 0x00C0
[643] [M]: 0x0000000080007598 (0x00C0006F) jal zero, 0xc
mem[X,0x00000000800075A4] -> 0x3023
mem[X,0x00000000800075A6] -> 0x0C41
[644] [M]: 0x00000000800075A4 (0x0C413023) sd tp, 0xc0(sp)
mem[0x0000000080048288] <- 0x0000000000000002
mem[X,0x00000000800075A8] -> 0x0513
mem[X,0x00000000800075AA] -> 0xEFF0
[645] [M]: 0x00000000800075A8 (0xEFF00513) addi a0, zero, -0x101
x10 <- 0xFFFFFFFFFFFFFEFF
mem[X,0x00000000800075AC] -> 0x0593
mem[X,0x00000000800075AE] -> 0x0010
[646] [M]: 0x00000000800075AC (0x00100593) addi a1, zero, 0x1
x11 <- 0x0000000000000001
mem[X,0x00000000800075B0] -> 0x9593
mem[X,0x00000000800075B2] -> 0x0295
[647] [M]: 0x00000000800075B0 (0x02959593) slli a1, a1, 0x29
x11 <- 0x0000020000000000
mem[X,0x00000000800075B4] -> 0x0213
mem[X,0x00000000800075B6] -> 0x0000
[648] [M]: 0x00000000800075B4 (0x00000213) addi tp, zero, 0x0
x4 <- 0x0000000000000000
mem[X,0x00000000800075B8] -> 0x006F
mem[X,0x00000000800075BA] -> 0x0050
[649] [M]: 0x00000000800075B8 (0x0050006F) jal zero, 0x804
mem[X,0x0000000080007DBC] -> 0x00E3
mem[X,0x0000000080007DBE] -> 0x80B5
[650] [M]: 0x0000000080007DBC (0x80B500E3) beq a0, a1, -0x800
mem[X,0x0000000080007DC0] -> 0x0213
mem[X,0x0000000080007DC2] -> 0x0022
[651] [M]: 0x0000000080007DC0 (0x00220213) addi tp, tp, 0x2
x4 <- 0x0000000000000002
mem[X,0x0000000080007DC4] -> 0x006F
mem[X,0x0000000080007DC6] -> 0x00C0
[652] [M]: 0x0000000080007DC4 (0x00C0006F) jal zero, 0xc
mem[X,0x0000000080007DD0] -> 0x3423
mem[X,0x0000000080007DD2] -> 0x0C41
[653] [M]: 0x0000000080007DD0 (0x0C413423) sd tp, 0xc8(sp)
mem[0x0000000080048290] <- 0x0000000000000002
mem[X,0x0000000080007DD4] -> 0x0513
mem[X,0x0000000080007DD6] -> 0x0010
[654] [M]: 0x0000000080007DD4 (0x00100513) addi a0, zero, 0x1
x10 <- 0x0000000000000001
mem[X,0x0000000080007DD8] -> 0x1513
mem[X,0x0000000080007DDA] -> 0x0355
[655] [M]: 0x0000000080007DD8 (0x03551513) slli a0, a0, 0x35
x10 <- 0x0020000000000000
mem[X,0x0000000080007DDC] -> 0x0593
mem[X,0x0000000080007DDE] -> 0x0010
[656] [M]: 0x0000000080007DDC (0x00100593) addi a1, zero, 0x1
x11 <- 0x0000000000000001
mem[X,0x0000000080007DE0] -> 0x9593
mem[X,0x0000000080007DE2] -> 0x02A5
[657] [M]: 0x0000000080007DE0 (0x02A59593) slli a1, a1, 0x2a
x11 <- 0x0000040000000000
mem[X,0x0000000080007DE4] -> 0x0213
mem[X,0x0000000080007DE6] -> 0x0000
[658] [M]: 0x0000000080007DE4 (0x00000213) addi tp, zero, 0x0
x4 <- 0x0000000000000000
mem[X,0x0000000080007DE8] -> 0x006F
mem[X,0x0000000080007DEA] -> 0x00C0
[659] [M]: 0x0000000080007DE8 (0x00C0006F) jal zero, 0xc
mem[X,0x0000000080007DF4] -> 0x0063
mem[X,0x0000000080007DF6] -> 0x02B5
[660] [M]: 0x0000000080007DF4 (0x02B50063) beq a0, a1, 0x20
mem[X,0x0000000080007DF8] -> 0x0213
mem[X,0x0000000080007DFA] -> 0x0022
[661] [M]: 0x0000000080007DF8 (0x00220213) addi tp, tp, 0x2
x4 <- 0x0000000000000002
mem[X,0x0000000080007DFC] -> 0x006F
mem[X,0x0000000080007DFE] -> 0x0200
[662] [M]: 0x0000000080007DFC (0x0200006F) jal zero, 0x20
mem[X,0x0000000080007E1C] -> 0x3823
mem[X,0x0000000080007E1E] -> 0x0C41
[663] [M]: 0x0000000080007E1C (0x0C413823) sd tp, 0xd0(sp)
mem[0x0000000080048298] <- 0x0000000000000002
mem[X,0x0000000080007E20] -> 0x0513
mem[X,0x0000000080007E22] -> 0x0040
[664] [M]: 0x0000000080007E20 (0x00400513) addi a0, zero, 0x4
x10 <- 0x0000000000000004
mem[X,0x0000000080007E24] -> 0x0593
mem[X,0x0000000080007E26] -> 0x0010
[665] [M]: 0x0000000080007E24 (0x00100593) addi a1, zero, 0x1
x11 <- 0x0000000000000001
mem[X,0x0000000080007E28] -> 0x9593
mem[X,0x0000000080007E2A] -> 0x02B5
[666] [M]: 0x0000000080007E28 (0x02B59593) slli a1, a1, 0x2b
x11 <- 0x0000080000000000
mem[X,0x0000000080007E2C] -> 0x0213
mem[X,0x0000000080007E2E] -> 0x0000
[667] [M]: 0x0000000080007E2C (0x00000213) addi tp, zero, 0x0
x4 <- 0x0000000000000000
mem[X,0x0000000080007E30] -> 0x006F
mem[X,0x0000000080007E32] -> 0x0180
[668] [M]: 0x0000000080007E30 (0x0180006F) jal zero, 0x18
mem[X,0x0000000080007E48] -> 0x06E3
mem[X,0x0000000080007E4A] -> 0xFEB5
[669] [M]: 0x0000000080007E48 (0xFEB506E3) beq a0, a1, -0x14
mem[X,0x0000000080007E4C] -> 0x0213
mem[X,0x0000000080007E4E] -> 0x0022
[670] [M]: 0x0000000080007E4C (0x00220213) addi tp, tp, 0x2
x4 <- 0x0000000000000002
mem[X,0x0000000080007E50] -> 0x006F
mem[X,0x0000000080007E52] -> 0x00C0
[671] [M]: 0x0000000080007E50 (0x00C0006F) jal zero, 0xc
mem[X,0x0000000080007E5C] -> 0x3C23
mem[X,0x0000000080007E5E] -> 0x0C41
[672] [M]: 0x0000000080007E5C (0x0C413C23) sd tp, 0xd8(sp)
mem[0x00000000800482A0] <- 0x0000000000000002
mem[X,0x0000000080007E60] -> 0x0513
mem[X,0x0000000080007E62] -> 0xF7F0
[673] [M]: 0x0000000080007E60 (0xF7F00513) addi a0, zero, -0x81
x10 <- 0xFFFFFFFFFFFFFF7F
mem[X,0x0000000080007E64] -> 0x0593
mem[X,0x0000000080007E66] -> 0x0010
[674] [M]: 0x0000000080007E64 (0x00100593) addi a1, zero, 0x1
x11 <- 0x0000000000000001
mem[X,0x0000000080007E68] -> 0x9593
mem[X,0x0000000080007E6A] -> 0x02C5
[675] [M]: 0x0000000080007E68 (0x02C59593) slli a1, a1, 0x2c
x11 <- 0x0000100000000000
mem[X,0x0000000080007E6C] -> 0x0213
mem[X,0x0000000080007E6E] -> 0x0000
[676] [M]: 0x0000000080007E6C (0x00000213) addi tp, zero, 0x0
x4 <- 0x0000000000000000
mem[X,0x0000000080007E70] -> 0x006F
mem[X,0x0000000080007E72] -> 0x00C0
[677] [M]: 0x0000000080007E70 (0x00C0006F) jal zero, 0xc
mem[X,0x0000000080007E7C] -> 0x0663
mem[X,0x0000000080007E7E] -> 0x00B5
[678] [M]: 0x0000000080007E7C (0x00B50663) beq a0, a1, 0xc
mem[X,0x0000000080007E80] -> 0x0213
mem[X,0x0000000080007E82] -> 0x0022
[679] [M]: 0x0000000080007E80 (0x00220213) addi tp, tp, 0x2
x4 <- 0x0000000000000002
mem[X,0x0000000080007E84] -> 0x006F
mem[X,0x0000000080007E86] -> 0x00C0
[680] [M]: 0x0000000080007E84 (0x00C0006F) jal zero, 0xc
mem[X,0x0000000080007E90] -> 0x3023
mem[X,0x0000000080007E92] -> 0x0E41
[681] [M]: 0x0000000080007E90 (0x0E413023) sd tp, 0xe0(sp)
mem[0x00000000800482A8] <- 0x0000000000000002
mem[X,0x0000000080007E94] -> 0x0513
mem[X,0x0000000080007E96] -> 0x0050
[682] [M]: 0x0000000080007E94 (0x00500513) addi a0, zero, 0x5
x10 <- 0x0000000000000005
mem[X,0x0000000080007E98] -> 0x0593
mem[X,0x0000000080007E9A] -> 0x0010
[683] [M]: 0x0000000080007E98 (0x00100593) addi a1, zero, 0x1
x11 <- 0x0000000000000001
mem[X,0x0000000080007E9C] -> 0x9593
mem[X,0x0000000080007E9E] -> 0x02D5
[684] [M]: 0x0000000080007E9C (0x02D59593) slli a1, a1, 0x2d
x11 <- 0x0000200000000000
mem[X,0x0000000080007EA0] -> 0x0213
mem[X,0x0000000080007EA2] -> 0x0000
[685] [M]: 0x0000000080007EA0 (0x00000213) addi tp, zero, 0x0
x4 <- 0x0000000000000000
mem[X,0x0000000080007EA4] -> 0x006F
mem[X,0x0000000080007EA6] -> 0x00C0
[686] [M]: 0x0000000080007EA4 (0x00C0006F) jal zero, 0xc
mem[X,0x0000000080007EB0] -> 0x0663
mem[X,0x0000000080007EB2] -> 0x00B5
[687] [M]: 0x0000000080007EB0 (0x00B50663) beq a0, a1, 0xc
mem[X,0x0000000080007EB4] -> 0x0213
mem[X,0x0000000080007EB6] -> 0x0022
[688] [M]: 0x0000000080007EB4 (0x00220213) addi tp, tp, 0x2
x4 <- 0x0000000000000002
mem[X,0x0000000080007EB8] -> 0x006F
mem[X,0x0000000080007EBA] -> 0x00C0
[689] [M]: 0x0000000080007EB8 (0x00C0006F) jal zero, 0xc
mem[X,0x0000000080007EC4] -> 0x3423
mem[X,0x0000000080007EC6] -> 0x0E41
[690] [M]: 0x0000000080007EC4 (0x0E413423) sd tp, 0xe8(sp)
mem[0x00000000800482B0] <- 0x0000000000000002
mem[X,0x0000000080007EC8] -> 0x0513
mem[X,0x0000000080007ECA] -> 0x0010
[691] [M]: 0x0000000080007EC8 (0x00100513) addi a0, zero, 0x1
x10 <- 0x0000000000000001
mem[X,0x0000000080007ECC] -> 0x1513
mem[X,0x0000000080007ECE] -> 0x0285
[692] [M]: 0x0000000080007ECC (0x02851513) slli a0, a0, 0x28
x10 <- 0x0000010000000000
mem[X,0x0000000080007ED0] -> 0x0593
mem[X,0x0000000080007ED2] -> 0x0010
[693] [M]: 0x0000000080007ED0 (0x00100593) addi a1, zero, 0x1
x11 <- 0x0000000000000001
mem[X,0x0000000080007ED4] -> 0x9593
mem[X,0x0000000080007ED6] -> 0x02E5
[694] [M]: 0x0000000080007ED4 (0x02E59593) slli a1, a1, 0x2e
x11 <- 0x0000400000000000
mem[X,0x0000000080007ED8] -> 0x0213
mem[X,0x0000000080007EDA] -> 0x0000
[695] [M]: 0x0000000080007ED8 (0x00000213) addi tp, zero, 0x0
x4 <- 0x0000000000000000
mem[X,0x0000000080007EDC] -> 0x006F
mem[X,0x0000000080007EDE] -> 0x00C0
[696] [M]: 0x0000000080007EDC (0x00C0006F) jal zero, 0xc
mem[X,0x0000000080007EE8] -> 0x0063
mem[X,0x0000000080007EEA] -> 0x40B5
[697] [M]: 0x0000000080007EE8 (0x40B50063) beq a0, a1, 0x400
mem[X,0x0000000080007EEC] -> 0x0213
mem[X,0x0000000080007EEE] -> 0x0022
[698] [M]: 0x0000000080007EEC (0x00220213) addi tp, tp, 0x2
x4 <- 0x0000000000000002
mem[X,0x0000000080007EF0] -> 0x006F
mem[X,0x0000000080007EF2] -> 0x4000
[699] [M]: 0x0000000080007EF0 (0x4000006F) jal zero, 0x400
clint::tick mtime <- 0x0000000000000007
 clint timer pending at mtime 0x0000000000000007
htif::tick 0x0000000000000000
mem[X,0x00000000800082F0] -> 0x3823
mem[X,0x00000000800082F2] -> 0x0E41
[700] [M]: 0x00000000800082F0 (0x0E413823) sd tp, 0xf0(sp)
mem[0x00000000800482B8] <- 0x0000000000000002
mem[X,0x00000000800082F4] -> 0x0513
mem[X,0x00000000800082F6] -> 0x0010
[701] [M]: 0x00000000800082F4 (0x00100513) addi a0, zero, 0x1
x10 <- 0x0000000000000001
mem[X,0x00000000800082F8] -> 0x1513
mem[X,0x00000000800082FA] -> 0x0265
[702] [M]: 0x00000000800082F8 (0x02651513) slli a0, a0, 0x26
x10 <- 0x0000004000000000
mem[X,0x00000000800082FC] -> 0x4513
mem[X,0x00000000800082FE] -> 0xFFF5
[703] [M]: 0x00000000800082FC (0xFFF54513) xori a0, a0, -0x1
x10 <- 0xFFFFFFBFFFFFFFFF
mem[X,0x0000000080008300] -> 0x0593
mem[X,0x0000000080008302] -> 0x0010
[704] [M]: 0x0000000080008300 (0x00100593) addi a1, zero, 0x1
x11 <- 0x0000000000000001
mem[X,0x0000000080008304] -> 0x9593
mem[X,0x0000000080008306] -> 0x02F5
[705] [M]: 0x0000000080008304 (0x02F59593) slli a1, a1, 0x2f
x11 <- 0x0000800000000000
mem[X,0x0000000080008308] -> 0x0213
mem[X,0x000000008000830A] -> 0x0000
[706] [M]: 0x0000000080008308 (0x00000213) addi tp, zero, 0x0
x4 <- 0x0000000000000000
mem[X,0x000000008000830C] -> 0x006F
mem[X,0x000000008000830E] -> 0x00C0
[707] [M]: 0x000000008000830C (0x00C0006F) jal zero, 0xc
mem[X,0x0000000080008318] -> 0x0063
mem[X,0x000000008000831A] -> 0x10B5
[708] [M]: 0x0000000080008318 (0x10B50063) beq a0, a1, 0x100
mem[X,0x000000008000831C] -> 0x0213
mem[X,0x000000008000831E] -> 0x0022
[709] [M]: 0x000000008000831C (0x00220213) addi tp, tp, 0x2
x4 <- 0x0000000000000002
mem[X,0x0000000080008320] -> 0x006F
mem[X,0x0000000080008322] -> 0x1000
[710] [M]: 0x0000000080008320 (0x1000006F) jal zero, 0x100
mem[X,0x0000000080008420] -> 0x3C23
mem[X,0x0000000080008422] -> 0x0E41
[711] [M]: 0x0000000080008420 (0x0E413C23) sd tp, 0xf8(sp)
mem[0x00000000800482C0] <- 0x0000000000000002
mem[X,0x0000000080008424] -> 0x0513
mem[X,0x0000000080008426] -> 0x0010
[712] [M]: 0x0000000080008424 (0x00100513) addi a0, zero, 0x1
x10 <- 0x0000000000000001
mem[X,0x0000000080008428] -> 0x1513
mem[X,0x000000008000842A] -> 0x03E5
[713] [M]: 0x0000000080008428 (0x03E51513) slli a0, a0, 0x3e
x10 <- 0x4000000000000000
mem[X,0x000000008000842C] -> 0x4513
mem[X,0x000000008000842E] -> 0xFFF5
[714] [M]: 0x000000008000842C (0xFFF54513) xori a0, a0, -0x1
x10 <- 0xBFFFFFFFFFFFFFFF
mem[X,0x0000000080008430] -> 0x0593
mem[X,0x0000000080008432] -> 0x0010
[715] [M]: 0x0000000080008430 (0x00100593) addi a1, zero, 0x1
x11 <- 0x0000000000000001
mem[X,0x0000000080008434] -> 0x9593
mem[X,0x0000000080008436] -> 0x0305
[716] [M]: 0x0000000080008434 (0x03059593) slli a1, a1, 0x30
x11 <- 0x0001000000000000
mem[X,0x0000000080008438] -> 0x0213
mem[X,0x000000008000843A] -> 0x0000
[717] [M]: 0x0000000080008438 (0x00000213) addi tp, zero, 0x0
x4 <- 0x0000000000000000
mem[X,0x000000008000843C] -> 0x006F
mem[X,0x000000008000843E] -> 0x00C0
[718] [M]: 0x000000008000843C (0x00C0006F) jal zero, 0xc
mem[X,0x0000000080008448] -> 0x0CE3
mem[X,0x000000008000844A] -> 0xFEB5
[719] [M]: 0x0000000080008448 (0xFEB50CE3) beq a0, a1, -0x8
mem[X,0x000000008000844C] -> 0x0213
mem[X,0x000000008000844E] -> 0x0022
[720] [M]: 0x000000008000844C (0x00220213) addi tp, tp, 0x2
x4 <- 0x0000000000000002
mem[X,0x0000000080008450] -> 0x006F
mem[X,0x0000000080008452] -> 0x00C0
[721] [M]: 0x0000000080008450 (0x00C0006F) jal zero, 0xc
mem[X,0x000000008000845C] -> 0x3023
mem[X,0x000000008000845E] -> 0x1041
[722] [M]: 0x000000008000845C (0x10413023) sd tp, 0x100(sp)
mem[0x00000000800482C8] <- 0x0000000000000002
mem[X,0x0000000080008460] -> 0x0513
mem[X,0x0000000080008462] -> 0x0010
[723] [M]: 0x0000000080008460 (0x00100513) addi a0, zero, 0x1
x10 <- 0x0000000000000001
mem[X,0x0000000080008464] -> 0x1513
mem[X,0x0000000080008466] -> 0x0385
[724] [M]: 0x0000000080008464 (0x03851513) slli a0, a0, 0x38
x10 <- 0x0100000000000000
mem[X,0x0000000080008468] -> 0x4513
mem[X,0x000000008000846A] -> 0xFFF5
[725] [M]: 0x0000000080008468 (0xFFF54513) xori a0, a0, -0x1
x10 <- 0xFEFFFFFFFFFFFFFF
mem[X,0x000000008000846C] -> 0x0593
mem[X,0x000000008000846E] -> 0x0010
[726] [M]: 0x000000008000846C (0x00100593) addi a1, zero, 0x1
x11 <- 0x0000000000000001
mem[X,0x0000000080008470] -> 0x9593
mem[X,0x0000000080008472] -> 0x0315
[727] [M]: 0x0000000080008470 (0x03159593) slli a1, a1, 0x31
x11 <- 0x0002000000000000
mem[X,0x0000000080008474] -> 0x0213
mem[X,0x0000000080008476] -> 0x0000
[728] [M]: 0x0000000080008474 (0x00000213) addi tp, zero, 0x0
x4 <- 0x0000000000000000
mem[X,0x0000000080008478] -> 0x006F
mem[X,0x000000008000847A] -> 0x00C0
[729] [M]: 0x0000000080008478 (0x00C0006F) jal zero, 0xc
mem[X,0x0000000080008484] -> 0x0663
mem[X,0x0000000080008486] -> 0x00B5
[730] [M]: 0x0000000080008484 (0x00B50663) beq a0, a1, 0xc
mem[X,0x0000000080008488] -> 0x0213
mem[X,0x000000008000848A] -> 0x0022
[731] [M]: 0x0000000080008488 (0x00220213) addi tp, tp, 0x2
x4 <- 0x0000000000000002
mem[X,0x000000008000848C] -> 0x006F
mem[X,0x000000008000848E] -> 0x00C0
[732] [M]: 0x000000008000848C (0x00C0006F) jal zero, 0xc
mem[X,0x0000000080008498] -> 0x3423
mem[X,0x000000008000849A] -> 0x1041
[733] [M]: 0x0000000080008498 (0x10413423) sd tp, 0x108(sp)
mem[0x00000000800482D0] <- 0x0000000000000002
mem[X,0x000000008000849C] -> 0x0513
mem[X,0x000000008000849E] -> 0x0010
[734] [M]: 0x000000008000849C (0x00100513) addi a0, zero, 0x1
x10 <- 0x0000000000000001
mem[X,0x00000000800084A0] -> 0x1513
mem[X,0x00000000800084A2] -> 0x01A5
[735] [M]: 0x00000000800084A0 (0x01A51513) slli a0, a0, 0x1a
x10 <- 0x0000000004000000
mem[X,0x00000000800084A4] -> 0x4513
mem[X,0x00000000800084A6] -> 0xFFF5
[736] [M]: 0x00000000800084A4 (0xFFF54513) xori a0, a0, -0x1
x10 <- 0xFFFFFFFFFBFFFFFF
mem[X,0x00000000800084A8] -> 0x0593
mem[X,0x00000000800084AA] -> 0x0010
[737] [M]: 0x00000000800084A8 (0x00100593) addi a1, zero, 0x1
x11 <- 0x0000000000000001
mem[X,0x00000000800084AC] -> 0x9593
mem[X,0x00000000800084AE] -> 0x0325
[738] [M]: 0x00000000800084AC (0x03259593) slli a1, a1, 0x32
x11 <- 0x0004000000000000
mem[X,0x00000000800084B0] -> 0x0213
mem[X,0x00000000800084B2] -> 0x0000
[739] [M]: 0x00000000800084B0 (0x00000213) addi tp, zero, 0x0
x4 <- 0x0000000000000000
mem[X,0x00000000800084B4] -> 0x006F
mem[X,0x00000000800084B6] -> 0x00C0
[740] [M]: 0x00000000800084B4 (0x00C0006F) jal zero, 0xc
mem[X,0x00000000800084C0] -> 0x0863
mem[X,0x00000000800084C2] -> 0x00B5
[741] [M]: 0x00000000800084C0 (0x00B50863) beq a0, a1, 0x10
mem[X,0x00000000800084C4] -> 0x0213
mem[X,0x00000000800084C6] -> 0x0022
[742] [M]: 0x00000000800084C4 (0x00220213) addi tp, tp, 0x2
x4 <- 0x0000000000000002
mem[X,0x00000000800084C8] -> 0x006F
mem[X,0x00000000800084CA] -> 0x0100
[743] [M]: 0x00000000800084C8 (0x0100006F) jal zero, 0x10
mem[X,0x00000000800084D8] -> 0x3823
mem[X,0x00000000800084DA] -> 0x1041
[744] [M]: 0x00000000800084D8 (0x10413823) sd tp, 0x110(sp)
mem[0x00000000800482D8] <- 0x0000000000000002
mem[X,0x00000000800084DC] -> 0x0513
mem[X,0x00000000800084DE] -> 0x0010
[745] [M]: 0x00000000800084DC (0x00100513) addi a0, zero, 0x1
x10 <- 0x0000000000000001
mem[X,0x00000000800084E0] -> 0x1513
mem[X,0x00000000800084E2] -> 0x0185
[746] [M]: 0x00000000800084E0 (0x01851513) slli a0, a0, 0x18
x10 <- 0x0000000001000000
mem[X,0x00000000800084E4] -> 0x4513
mem[X,0x00000000800084E6] -> 0xFFF5
[747] [M]: 0x00000000800084E4 (0xFFF54513) xori a0, a0, -0x1
x10 <- 0xFFFFFFFFFEFFFFFF
mem[X,0x00000000800084E8] -> 0x0593
mem[X,0x00000000800084EA] -> 0x0010
[748] [M]: 0x00000000800084E8 (0x00100593) addi a1, zero, 0x1
x11 <- 0x0000000000000001
mem[X,0x00000000800084EC] -> 0x9593
mem[X,0x00000000800084EE] -> 0x0335
[749] [M]: 0x00000000800084EC (0x03359593) slli a1, a1, 0x33
x11 <- 0x0008000000000000
mem[X,0x00000000800084F0] -> 0x0213
mem[X,0x00000000800084F2] -> 0x0000
[750] [M]: 0x00000000800084F0 (0x00000213) addi tp, zero, 0x0
x4 <- 0x0000000000000000
mem[X,0x00000000800084F4] -> 0x006F
mem[X,0x00000000800084F6] -> 0x0100
[751] [M]: 0x00000000800084F4 (0x0100006F) jal zero, 0x10
mem[X,0x0000000080008504] -> 0x0AE3
mem[X,0x0000000080008506] -> 0xFEB5
[752] [M]: 0x0000000080008504 (0xFEB50AE3) beq a0, a1, -0xc
mem[X,0x0000000080008508] -> 0x0213
mem[X,0x000000008000850A] -> 0x0022
[753] [M]: 0x0000000080008508 (0x00220213) addi tp, tp, 0x2
x4 <- 0x0000000000000002
mem[X,0x000000008000850C] -> 0x006F
mem[X,0x000000008000850E] -> 0x00C0
[754] [M]: 0x000000008000850C (0x00C0006F) jal zero, 0xc
mem[X,0x0000000080008518] -> 0x3C23
mem[X,0x000000008000851A] -> 0x1041
[755] [M]: 0x0000000080008518 (0x10413C23) sd tp, 0x118(sp)
mem[0x00000000800482E0] <- 0x0000000000000002
mem[X,0x000000008000851C] -> 0x0513
mem[X,0x000000008000851E] -> 0x0010
[756] [M]: 0x000000008000851C (0x00100513) addi a0, zero, 0x1
x10 <- 0x0000000000000001
mem[X,0x0000000080008520] -> 0x1513
mem[X,0x0000000080008522] -> 0x0205
[757] [M]: 0x0000000080008520 (0x02051513) slli a0, a0, 0x20
x10 <- 0x0000000100000000
mem[X,0x0000000080008524] -> 0x4513
mem[X,0x0000000080008526] -> 0xFFF5
[758] [M]: 0x0000000080008524 (0xFFF54513) xori a0, a0, -0x1
x10 <- 0xFFFFFFFEFFFFFFFF
mem[X,0x0000000080008528] -> 0x0593
mem[X,0x000000008000852A] -> 0x0010
[759] [M]: 0x0000000080008528 (0x00100593) addi a1, zero, 0x1
x11 <- 0x0000000000000001
mem[X,0x000000008000852C] -> 0x9593
mem[X,0x000000008000852E] -> 0x0345
[760] [M]: 0x000000008000852C (0x03459593) slli a1, a1, 0x34
x11 <- 0x0010000000000000
mem[X,0x0000000080008530] -> 0x0213
mem[X,0x0000000080008532] -> 0x0000
[761] [M]: 0x0000000080008530 (0x00000213) addi tp, zero, 0x0
x4 <- 0x0000000000000000
mem[X,0x0000000080008534] -> 0x006F
mem[X,0x0000000080008536] -> 0x00C0
[762] [M]: 0x0000000080008534 (0x00C0006F) jal zero, 0xc
mem[X,0x0000000080008540] -> 0x0663
mem[X,0x0000000080008542] -> 0x00B5
[763] [M]: 0x0000000080008540 (0x00B50663) beq a0, a1, 0xc
mem[X,0x0000000080008544] -> 0x0213
mem[X,0x0000000080008546] -> 0x0022
[764] [M]: 0x0000000080008544 (0x00220213) addi tp, tp, 0x2
x4 <- 0x0000000000000002
mem[X,0x0000000080008548] -> 0x006F
mem[X,0x000000008000854A] -> 0x00C0
[765] [M]: 0x0000000080008548 (0x00C0006F) jal zero, 0xc
mem[X,0x0000000080008554] -> 0x3023
mem[X,0x0000000080008556] -> 0x1241
[766] [M]: 0x0000000080008554 (0x12413023) sd tp, 0x120(sp)
mem[0x00000000800482E8] <- 0x0000000000000002
mem[X,0x0000000080008558] -> 0x0513
mem[X,0x000000008000855A] -> 0x0010
[767] [M]: 0x0000000080008558 (0x00100513) addi a0, zero, 0x1
x10 <- 0x0000000000000001
mem[X,0x000000008000855C] -> 0x1513
mem[X,0x000000008000855E] -> 0x01E5
[768] [M]: 0x000000008000855C (0x01E51513) slli a0, a0, 0x1e
x10 <- 0x0000000040000000
mem[X,0x0000000080008560] -> 0x0593
mem[X,0x0000000080008562] -> 0x0010
[769] [M]: 0x0000000080008560 (0x00100593) addi a1, zero, 0x1
x11 <- 0x0000000000000001
mem[X,0x0000000080008564] -> 0x9593
mem[X,0x0000000080008566] -> 0x0355
[770] [M]: 0x0000000080008564 (0x03559593) slli a1, a1, 0x35
x11 <- 0x0020000000000000
mem[X,0x0000000080008568] -> 0x0213
mem[X,0x000000008000856A] -> 0x0000
[771] [M]: 0x0000000080008568 (0x00000213) addi tp, zero, 0x0
x4 <- 0x0000000000000000
mem[X,0x000000008000856C] -> 0x006F
mem[X,0x000000008000856E] -> 0x00C0
[772] [M]: 0x000000008000856C (0x00C0006F) jal zero, 0xc
mem[X,0x0000000080008578] -> 0x0663
mem[X,0x000000008000857A] -> 0x00B5
[773] [M]: 0x0000000080008578 (0x00B50663) beq a0, a1, 0xc
mem[X,0x000000008000857C] -> 0x0213
mem[X,0x000000008000857E] -> 0x0022
[774] [M]: 0x000000008000857C (0x00220213) addi tp, tp, 0x2
x4 <- 0x0000000000000002
mem[X,0x0000000080008580] -> 0x006F
mem[X,0x0000000080008582] -> 0x00C0
[775] [M]: 0x0000000080008580 (0x00C0006F) jal zero, 0xc
mem[X,0x000000008000858C] -> 0x3423
mem[X,0x000000008000858E] -> 0x1241
[776] [M]: 0x000000008000858C (0x12413423) sd tp, 0x128(sp)
mem[0x00000000800482F0] <- 0x0000000000000002
mem[X,0x0000000080008590] -> 0x0513
mem[X,0x0000000080008592] -> 0x0000
[777] [M]: 0x0000000080008590 (0x00000513) addi a0, zero, 0x0
x10 <- 0x0000000000000000
mem[X,0x0000000080008594] -> 0x0593
mem[X,0x0000000080008596] -> 0x0010
[778] [M]: 0x0000000080008594 (0x00100593) addi a1, zero, 0x1
x11 <- 0x0000000000000001
mem[X,0x0000000080008598] -> 0x9593
mem[X,0x000000008000859A] -> 0x0365
[779] [M]: 0x0000000080008598 (0x03659593) slli a1, a1, 0x36
x11 <- 0x0040000000000000
mem[X,0x000000008000859C] -> 0x0213
mem[X,0x000000008000859E] -> 0x0000
[780] [M]: 0x000000008000859C (0x00000213) addi tp, zero, 0x0
x4 <- 0x0000000000000000
mem[X,0x00000000800085A0] -> 0x006F
mem[X,0x00000000800085A2] -> 0x00C0
[781] [M]: 0x00000000800085A0 (0x00C0006F) jal zero, 0xc
mem[X,0x00000000800085AC] -> 0x0CE3
mem[X,0x00000000800085AE] -> 0xFEB5
[782] [M]: 0x00000000800085AC (0xFEB50CE3) beq a0, a1, -0x8
mem[X,0x00000000800085B0] -> 0x0213
mem[X,0x00000000800085B2] -> 0x0022
[783] [M]: 0x00000000800085B0 (0x00220213) addi tp, tp, 0x2
x4 <- 0x0000000000000002
mem[X,0x00000000800085B4] -> 0x006F
mem[X,0x00000000800085B6] -> 0x00C0
[784] [M]: 0x00000000800085B4 (0x00C0006F) jal zero, 0xc
mem[X,0x00000000800085C0] -> 0x3823
mem[X,0x00000000800085C2] -> 0x1241
[785] [M]: 0x00000000800085C0 (0x12413823) sd tp, 0x130(sp)
mem[0x00000000800482F8] <- 0x0000000000000002
mem[X,0x00000000800085C4] -> 0x0513
mem[X,0x00000000800085C6] -> 0x0010
[786] [M]: 0x00000000800085C4 (0x00100513) addi a0, zero, 0x1
x10 <- 0x0000000000000001
mem[X,0x00000000800085C8] -> 0x1513
mem[X,0x00000000800085CA] -> 0x0195
[787] [M]: 0x00000000800085C8 (0x01951513) slli a0, a0, 0x19
x10 <- 0x0000000002000000
mem[X,0x00000000800085CC] -> 0x0593
mem[X,0x00000000800085CE] -> 0x0010
[788] [M]: 0x00000000800085CC (0x00100593) addi a1, zero, 0x1
x11 <- 0x0000000000000001
mem[X,0x00000000800085D0] -> 0x9593
mem[X,0x00000000800085D2] -> 0x0375
[789] [M]: 0x00000000800085D0 (0x03759593) slli a1, a1, 0x37
x11 <- 0x0080000000000000
mem[X,0x00000000800085D4] -> 0x0213
mem[X,0x00000000800085D6] -> 0x0000
[790] [M]: 0x00000000800085D4 (0x00000213) addi tp, zero, 0x0
x4 <- 0x0000000000000000
mem[X,0x00000000800085D8] -> 0x006F
mem[X,0x00000000800085DA] -> 0x00C0
[791] [M]: 0x00000000800085D8 (0x00C0006F) jal zero, 0xc
mem[X,0x00000000800085E4] -> 0x0CE3
mem[X,0x00000000800085E6] -> 0xFEB5
[792] [M]: 0x00000000800085E4 (0xFEB50CE3) beq a0, a1, -0x8
mem[X,0x00000000800085E8] -> 0x0213
mem[X,0x00000000800085EA] -> 0x0022
[793] [M]: 0x00000000800085E8 (0x00220213) addi tp, tp, 0x2
x4 <- 0x0000000000000002
mem[X,0x00000000800085EC] -> 0x006F
mem[X,0x00000000800085EE] -> 0x00C0
[794] [M]: 0x00000000800085EC (0x00C0006F) jal zero, 0xc
mem[X,0x00000000800085F8] -> 0x3C23
mem[X,0x00000000800085FA] -> 0x1241
[795] [M]: 0x00000000800085F8 (0x12413C23) sd tp, 0x138(sp)
mem[0x0000000080048300] <- 0x0000000000000002
mem[X,0x00000000800085FC] -> 0x0513
mem[X,0x00000000800085FE] -> 0x0010
[796] [M]: 0x00000000800085FC (0x00100513) addi a0, zero, 0x1
x10 <- 0x0000000000000001
mem[X,0x0000000080008600] -> 0x1513
mem[X,0x0000000080008602] -> 0x03C5
[797] [M]: 0x0000000080008600 (0x03C51513) slli a0, a0, 0x3c
x10 <- 0x1000000000000000
mem[X,0x0000000080008604] -> 0x4513
mem[X,0x0000000080008606] -> 0xFFF5
[798] [M]: 0x0000000080008604 (0xFFF54513) xori a0, a0, -0x1
x10 <- 0xEFFFFFFFFFFFFFFF
mem[X,0x0000000080008608] -> 0x0593
mem[X,0x000000008000860A] -> 0x0010
[799] [M]: 0x0000000080008608 (0x00100593) addi a1, zero, 0x1
x11 <- 0x0000000000000001
clint::tick mtime <- 0x0000000000000008
 clint timer pending at mtime 0x0000000000000008
htif::tick 0x0000000000000000
mem[X,0x000000008000860C] -> 0x9593
mem[X,0x000000008000860E] -> 0x0385
[800] [M]: 0x000000008000860C (0x03859593) slli a1, a1, 0x38
x11 <- 0x0100000000000000
mem[X,0x0000000080008610] -> 0x0213
mem[X,0x0000000080008612] -> 0x0000
[801] [M]: 0x0000000080008610 (0x00000213) addi tp, zero, 0x0
x4 <- 0x0000000000000000
mem[X,0x0000000080008614] -> 0x006F
mem[X,0x0000000080008616] -> 0x00C0
[802] [M]: 0x0000000080008614 (0x00C0006F) jal zero, 0xc
mem[X,0x0000000080008620] -> 0x0663
mem[X,0x0000000080008622] -> 0x00B5
[803] [M]: 0x0000000080008620 (0x00B50663) beq a0, a1, 0xc
mem[X,0x0000000080008624] -> 0x0213
mem[X,0x0000000080008626] -> 0x0022
[804] [M]: 0x0000000080008624 (0x00220213) addi tp, tp, 0x2
x4 <- 0x0000000000000002
mem[X,0x0000000080008628] -> 0x006F
mem[X,0x000000008000862A] -> 0x00C0
[805] [M]: 0x0000000080008628 (0x00C0006F) jal zero, 0xc
mem[X,0x0000000080008634] -> 0x3023
mem[X,0x0000000080008636] -> 0x1441
[806] [M]: 0x0000000080008634 (0x14413023) sd tp, 0x140(sp)
mem[0x0000000080048308] <- 0x0000000000000002
mem[X,0x0000000080008638] -> 0x0513
mem[X,0x000000008000863A] -> 0x0010
[807] [M]: 0x0000000080008638 (0x00100513) addi a0, zero, 0x1
x10 <- 0x0000000000000001
mem[X,0x000000008000863C] -> 0x1513
mem[X,0x000000008000863E] -> 0x0105
[808] [M]: 0x000000008000863C (0x01051513) slli a0, a0, 0x10
x10 <- 0x0000000000010000
mem[X,0x0000000080008640] -> 0x0593
mem[X,0x0000000080008642] -> 0x0010
[809] [M]: 0x0000000080008640 (0x00100593) addi a1, zero, 0x1
x11 <- 0x0000000000000001
mem[X,0x0000000080008644] -> 0x9593
mem[X,0x0000000080008646] -> 0x0395
[810] [M]: 0x0000000080008644 (0x03959593) slli a1, a1, 0x39
x11 <- 0x0200000000000000
mem[X,0x0000000080008648] -> 0x0213
mem[X,0x000000008000864A] -> 0x0000
[811] [M]: 0x0000000080008648 (0x00000213) addi tp, zero, 0x0
x4 <- 0x0000000000000000
mem[X,0x000000008000864C] -> 0x006F
mem[X,0x000000008000864E] -> 0x00C0
[812] [M]: 0x000000008000864C (0x00C0006F) jal zero, 0xc
mem[X,0x0000000080008658] -> 0x0063
mem[X,0x000000008000865A] -> 0x40B5
[813] [M]: 0x0000000080008658 (0x40B50063) beq a0, a1, 0x400
mem[X,0x000000008000865C] -> 0x0213
mem[X,0x000000008000865E] -> 0x0022
[814] [M]: 0x000000008000865C (0x00220213) addi tp, tp, 0x2
x4 <- 0x0000000000000002
mem[X,0x0000000080008660] -> 0x006F
mem[X,0x0000000080008662] -> 0x4000
[815] [M]: 0x0000000080008660 (0x4000006F) jal zero, 0x400
mem[X,0x0000000080008A60] -> 0x3423
mem[X,0x0000000080008A62] -> 0x1441
[816] [M]: 0x0000000080008A60 (0x14413423) sd tp, 0x148(sp)
mem[0x0000000080048310] <- 0x0000000000000002
mem[X,0x0000000080008A64] -> 0x5537
mem[X,0x0000000080008A66] -> 0x5555
[817] [M]: 0x0000000080008A64 (0x55555537) lui a0, 0x55555
x10 <- 0x0000000055555000
mem[X,0x0000000080008A68] -> 0x0513
mem[X,0x0000000080008A6A] -> 0x5555
[818] [M]: 0x0000000080008A68 (0x55550513) addi a0, a0, 0x555
x10 <- 0x0000000055555555
mem[X,0x0000000080008A6C] -> 0x1513
mem[X,0x0000000080008A6E] -> 0x00B5
[819] [M]: 0x0000000080008A6C (0x00B51513) slli a0, a0, 0xb
x10 <- 0x000002AAAAAAA800
mem[X,0x0000000080008A70] -> 0x0513
mem[X,0x0000000080008A72] -> 0x2AA5
[820] [M]: 0x0000000080008A70 (0x2AA50513) addi a0, a0, 0x2aa
x10 <- 0x000002AAAAAAAAAA
mem[X,0x0000000080008A74] -> 0x1513
mem[X,0x0000000080008A76] -> 0x00B5
[821] [M]: 0x0000000080008A74 (0x00B51513) slli a0, a0, 0xb
x10 <- 0x0015555555555000
mem[X,0x0000000080008A78] -> 0x0513
mem[X,0x0000000080008A7A] -> 0x5555
[822] [M]: 0x0000000080008A78 (0x55550513) addi a0, a0, 0x555
x10 <- 0x0015555555555555
mem[X,0x0000000080008A7C] -> 0x1513
mem[X,0x0000000080008A7E] -> 0x00A5
[823] [M]: 0x0000000080008A7C (0x00A51513) slli a0, a0, 0xa
x10 <- 0x5555555555555400
mem[X,0x0000000080008A80] -> 0x0513
mem[X,0x0000000080008A82] -> 0x1565
[824] [M]: 0x0000000080008A80 (0x15650513) addi a0, a0, 0x156
x10 <- 0x5555555555555556
mem[X,0x0000000080008A84] -> 0x0593
mem[X,0x0000000080008A86] -> 0x0010
[825] [M]: 0x0000000080008A84 (0x00100593) addi a1, zero, 0x1
x11 <- 0x0000000000000001
mem[X,0x0000000080008A88] -> 0x9593
mem[X,0x0000000080008A8A] -> 0x03A5
[826] [M]: 0x0000000080008A88 (0x03A59593) slli a1, a1, 0x3a
x11 <- 0x0400000000000000
mem[X,0x0000000080008A8C] -> 0x0213
mem[X,0x0000000080008A8E] -> 0x0000
[827] [M]: 0x0000000080008A8C (0x00000213) addi tp, zero, 0x0
x4 <- 0x0000000000000000
mem[X,0x0000000080008A90] -> 0x006F
mem[X,0x0000000080008A92] -> 0x00C0
[828] [M]: 0x0000000080008A90 (0x00C0006F) jal zero, 0xc
mem[X,0x0000000080008A9C] -> 0x0663
mem[X,0x0000000080008A9E] -> 0x00B5
[829] [M]: 0x0000000080008A9C (0x00B50663) beq a0, a1, 0xc
mem[X,0x0000000080008AA0] -> 0x0213
mem[X,0x0000000080008AA2] -> 0x0022
[830] [M]: 0x0000000080008AA0 (0x00220213) addi tp, tp, 0x2
x4 <- 0x0000000000000002
mem[X,0x0000000080008AA4] -> 0x006F
mem[X,0x0000000080008AA6] -> 0x00C0
[831] [M]: 0x0000000080008AA4 (0x00C0006F) jal zero, 0xc
mem[X,0x0000000080008AB0] -> 0x3823
mem[X,0x0000000080008AB2] -> 0x1441
[832] [M]: 0x0000000080008AB0 (0x14413823) sd tp, 0x150(sp)
mem[0x0000000080048318] <- 0x0000000000000002
mem[X,0x0000000080008AB4] -> 0x0513
mem[X,0x0000000080008AB6] -> 0x0010
[833] [M]: 0x0000000080008AB4 (0x00100513) addi a0, zero, 0x1
x10 <- 0x0000000000000001
mem[X,0x0000000080008AB8] -> 0x1513
mem[X,0x0000000080008ABA] -> 0x00D5
[834] [M]: 0x0000000080008AB8 (0x00D51513) slli a0, a0, 0xd
x10 <- 0x0000000000002000
mem[X,0x0000000080008ABC] -> 0x0593
mem[X,0x0000000080008ABE] -> 0x0010
[835] [M]: 0x0000000080008ABC (0x00100593) addi a1, zero, 0x1
x11 <- 0x0000000000000001
mem[X,0x0000000080008AC0] -> 0x9593
mem[X,0x0000000080008AC2] -> 0x03B5
[836] [M]: 0x0000000080008AC0 (0x03B59593) slli a1, a1, 0x3b
x11 <- 0x0800000000000000
mem[X,0x0000000080008AC4] -> 0x0213
mem[X,0x0000000080008AC6] -> 0x0000
[837] [M]: 0x0000000080008AC4 (0x00000213) addi tp, zero, 0x0
x4 <- 0x0000000000000000
mem[X,0x0000000080008AC8] -> 0x006F
mem[X,0x0000000080008ACA] -> 0x00C0
[838] [M]: 0x0000000080008AC8 (0x00C0006F) jal zero, 0xc
mem[X,0x0000000080008AD4] -> 0x0663
mem[X,0x0000000080008AD6] -> 0x00B5
[839] [M]: 0x0000000080008AD4 (0x00B50663) beq a0, a1, 0xc
mem[X,0x0000000080008AD8] -> 0x0213
mem[X,0x0000000080008ADA] -> 0x0022
[840] [M]: 0x0000000080008AD8 (0x00220213) addi tp, tp, 0x2
x4 <- 0x0000000000000002
mem[X,0x0000000080008ADC] -> 0x006F
mem[X,0x0000000080008ADE] -> 0x00C0
[841] [M]: 0x0000000080008ADC (0x00C0006F) jal zero, 0xc
mem[X,0x0000000080008AE8] -> 0x3C23
mem[X,0x0000000080008AEA] -> 0x1441
[842] [M]: 0x0000000080008AE8 (0x14413C23) sd tp, 0x158(sp)
mem[0x0000000080048320] <- 0x0000000000000002
mem[X,0x0000000080008AEC] -> 0x0513
mem[X,0x0000000080008AEE] -> 0x0010
[843] [M]: 0x0000000080008AEC (0x00100513) addi a0, zero, 0x1
x10 <- 0x0000000000000001
mem[X,0x0000000080008AF0] -> 0x1513
mem[X,0x0000000080008AF2] -> 0x0335
[844] [M]: 0x0000000080008AF0 (0x03351513) slli a0, a0, 0x33
x10 <- 0x0008000000000000
mem[X,0x0000000080008AF4] -> 0x4513
mem[X,0x0000000080008AF6] -> 0xFFF5
[845] [M]: 0x0000000080008AF4 (0xFFF54513) xori a0, a0, -0x1
x10 <- 0xFFF7FFFFFFFFFFFF
mem[X,0x0000000080008AF8] -> 0x0593
mem[X,0x0000000080008AFA] -> 0x0010
[846] [M]: 0x0000000080008AF8 (0x00100593) addi a1, zero, 0x1
x11 <- 0x0000000000000001
mem[X,0x0000000080008AFC] -> 0x9593
mem[X,0x0000000080008AFE] -> 0x03C5
[847] [M]: 0x0000000080008AFC (0x03C59593) slli a1, a1, 0x3c
x11 <- 0x1000000000000000
mem[X,0x0000000080008B00] -> 0x0213
mem[X,0x0000000080008B02] -> 0x0000
[848] [M]: 0x0000000080008B00 (0x00000213) addi tp, zero, 0x0
x4 <- 0x0000000000000000
mem[X,0x0000000080008B04] -> 0x006F
mem[X,0x0000000080008B06] -> 0x00C0
[849] [M]: 0x0000000080008B04 (0x00C0006F) jal zero, 0xc
mem[X,0x0000000080008B10] -> 0x0063
mem[X,0x0000000080008B12] -> 0x10B5
[850] [M]: 0x0000000080008B10 (0x10B50063) beq a0, a1, 0x100
mem[X,0x0000000080008B14] -> 0x0213
mem[X,0x0000000080008B16] -> 0x0022
[851] [M]: 0x0000000080008B14 (0x00220213) addi tp, tp, 0x2
x4 <- 0x0000000000000002
mem[X,0x0000000080008B18] -> 0x006F
mem[X,0x0000000080008B1A] -> 0x1000
[852] [M]: 0x0000000080008B18 (0x1000006F) jal zero, 0x100
mem[X,0x0000000080008C18] -> 0x3023
mem[X,0x0000000080008C1A] -> 0x1641
[853] [M]: 0x0000000080008C18 (0x16413023) sd tp, 0x160(sp)
mem[0x0000000080048328] <- 0x0000000000000002
mem[X,0x0000000080008C1C] -> 0x0513
mem[X,0x0000000080008C1E] -> 0xFFF0
[854] [M]: 0x0000000080008C1C (0xFFF00513) addi a0, zero, -0x1
x10 <- 0xFFFFFFFFFFFFFFFF
mem[X,0x0000000080008C20] -> 0x1513
mem[X,0x0000000080008C22] -> 0x03E5
[855] [M]: 0x0000000080008C20 (0x03E51513) slli a0, a0, 0x3e
x10 <- 0xC000000000000000
mem[X,0x0000000080008C24] -> 0x0593
mem[X,0x0000000080008C26] -> 0x0010
[856] [M]: 0x0000000080008C24 (0x00100593) addi a1, zero, 0x1
x11 <- 0x0000000000000001
mem[X,0x0000000080008C28] -> 0x9593
mem[X,0x0000000080008C2A] -> 0x03D5
[857] [M]: 0x0000000080008C28 (0x03D59593) slli a1, a1, 0x3d
x11 <- 0x2000000000000000
mem[X,0x0000000080008C2C] -> 0x0213
mem[X,0x0000000080008C2E] -> 0x0000
[858] [M]: 0x0000000080008C2C (0x00000213) addi tp, zero, 0x0
x4 <- 0x0000000000000000
mem[X,0x0000000080008C30] -> 0x006F
mem[X,0x0000000080008C32] -> 0x0180
[859] [M]: 0x0000000080008C30 (0x0180006F) jal zero, 0x18
mem[X,0x0000000080008C48] -> 0x06E3
mem[X,0x0000000080008C4A] -> 0xFEB5
[860] [M]: 0x0000000080008C48 (0xFEB506E3) beq a0, a1, -0x14
mem[X,0x0000000080008C4C] -> 0x0213
mem[X,0x0000000080008C4E] -> 0x0022
[861] [M]: 0x0000000080008C4C (0x00220213) addi tp, tp, 0x2
x4 <- 0x0000000000000002
mem[X,0x0000000080008C50] -> 0x006F
mem[X,0x0000000080008C52] -> 0x00C0
[862] [M]: 0x0000000080008C50 (0x00C0006F) jal zero, 0xc
mem[X,0x0000000080008C5C] -> 0x3423
mem[X,0x0000000080008C5E] -> 0x1641
[863] [M]: 0x0000000080008C5C (0x16413423) sd tp, 0x168(sp)
mem[0x0000000080048330] <- 0x0000000000000002
mem[X,0x0000000080008C60] -> 0x0513
mem[X,0x0000000080008C62] -> 0x0010
[864] [M]: 0x0000000080008C60 (0x00100513) addi a0, zero, 0x1
x10 <- 0x0000000000000001
mem[X,0x0000000080008C64] -> 0x1513
mem[X,0x0000000080008C66] -> 0x00F5
[865] [M]: 0x0000000080008C64 (0x00F51513) slli a0, a0, 0xf
x10 <- 0x0000000000008000
mem[X,0x0000000080008C68] -> 0x0593
mem[X,0x0000000080008C6A] -> 0x0010
[866] [M]: 0x0000000080008C68 (0x00100593) addi a1, zero, 0x1
x11 <- 0x0000000000000001
mem[X,0x0000000080008C6C] -> 0x9593
mem[X,0x0000000080008C6E] -> 0x03E5
[867] [M]: 0x0000000080008C6C (0x03E59593) slli a1, a1, 0x3e
x11 <- 0x4000000000000000
mem[X,0x0000000080008C70] -> 0x0213
mem[X,0x0000000080008C72] -> 0x0000
[868] [M]: 0x0000000080008C70 (0x00000213) addi tp, zero, 0x0
x4 <- 0x0000000000000000
mem[X,0x0000000080008C74] -> 0x006F
mem[X,0x0000000080008C76] -> 0x00C0
[869] [M]: 0x0000000080008C74 (0x00C0006F) jal zero, 0xc
mem[X,0x0000000080008C80] -> 0x0063
mem[X,0x0000000080008C82] -> 0x02B5
[870] [M]: 0x0000000080008C80 (0x02B50063) beq a0, a1, 0x20
mem[X,0x0000000080008C84] -> 0x0213
mem[X,0x0000000080008C86] -> 0x0022
[871] [M]: 0x0000000080008C84 (0x00220213) addi tp, tp, 0x2
x4 <- 0x0000000000000002
mem[X,0x0000000080008C88] -> 0x006F
mem[X,0x0000000080008C8A] -> 0x0200
[872] [M]: 0x0000000080008C88 (0x0200006F) jal zero, 0x20
mem[X,0x0000000080008CA8] -> 0x3823
mem[X,0x0000000080008CAA] -> 0x1641
[873] [M]: 0x0000000080008CA8 (0x16413823) sd tp, 0x170(sp)
mem[0x0000000080048338] <- 0x0000000000000002
mem[X,0x0000000080008CAC] -> 0x0513
mem[X,0x0000000080008CAE] -> 0x0040
[874] [M]: 0x0000000080008CAC (0x00400513) addi a0, zero, 0x4
x10 <- 0x0000000000000004
mem[X,0x0000000080008CB0] -> 0x0593
mem[X,0x0000000080008CB2] -> 0xFFF0
[875] [M]: 0x0000000080008CB0 (0xFFF00593) addi a1, zero, -0x1
x11 <- 0xFFFFFFFFFFFFFFFF
mem[X,0x0000000080008CB4] -> 0x9593
mem[X,0x0000000080008CB6] -> 0x03F5
[876] [M]: 0x0000000080008CB4 (0x03F59593) slli a1, a1, 0x3f
x11 <- 0x8000000000000000
mem[X,0x0000000080008CB8] -> 0x0213
mem[X,0x0000000080008CBA] -> 0x0000
[877] [M]: 0x0000000080008CB8 (0x00000213) addi tp, zero, 0x0
x4 <- 0x0000000000000000
mem[X,0x0000000080008CBC] -> 0x006F
mem[X,0x0000000080008CBE] -> 0x00C0
[878] [M]: 0x0000000080008CBC (0x00C0006F) jal zero, 0xc
mem[X,0x0000000080008CC8] -> 0x0063
mem[X,0x0000000080008CCA] -> 0x04B5
[879] [M]: 0x0000000080008CC8 (0x04B50063) beq a0, a1, 0x40
mem[X,0x0000000080008CCC] -> 0x0213
mem[X,0x0000000080008CCE] -> 0x0022
[880] [M]: 0x0000000080008CCC (0x00220213) addi tp, tp, 0x2
x4 <- 0x0000000000000002
mem[X,0x0000000080008CD0] -> 0x006F
mem[X,0x0000000080008CD2] -> 0x0400
[881] [M]: 0x0000000080008CD0 (0x0400006F) jal zero, 0x40
mem[X,0x0000000080008D10] -> 0x3C23
mem[X,0x0000000080008D12] -> 0x1641
[882] [M]: 0x0000000080008D10 (0x16413C23) sd tp, 0x178(sp)
mem[0x0000000080048340] <- 0x0000000000000002
mem[X,0x0000000080008D14] -> 0x0513
mem[X,0x0000000080008D16] -> 0x0010
[883] [M]: 0x0000000080008D14 (0x00100513) addi a0, zero, 0x1
x10 <- 0x0000000000000001
mem[X,0x0000000080008D18] -> 0x1513
mem[X,0x0000000080008D1A] -> 0x03A5
[884] [M]: 0x0000000080008D18 (0x03A51513) slli a0, a0, 0x3a
x10 <- 0x0400000000000000
mem[X,0x0000000080008D1C] -> 0x0593
mem[X,0x0000000080008D1E] -> 0xFFE0
[885] [M]: 0x0000000080008D1C (0xFFE00593) addi a1, zero, -0x2
x11 <- 0xFFFFFFFFFFFFFFFE
mem[X,0x0000000080008D20] -> 0x0213
mem[X,0x0000000080008D22] -> 0x0000
[886] [M]: 0x0000000080008D20 (0x00000213) addi tp, zero, 0x0
x4 <- 0x0000000000000000
mem[X,0x0000000080008D24] -> 0x006F
mem[X,0x0000000080008D26] -> 0x0100
[887] [M]: 0x0000000080008D24 (0x0100006F) jal zero, 0x10
mem[X,0x0000000080008D34] -> 0x0AE3
mem[X,0x0000000080008D36] -> 0xFEB5
[888] [M]: 0x0000000080008D34 (0xFEB50AE3) beq a0, a1, -0xc
mem[X,0x0000000080008D38] -> 0x0213
mem[X,0x0000000080008D3A] -> 0x0022
[889] [M]: 0x0000000080008D38 (0x00220213) addi tp, tp, 0x2
x4 <- 0x0000000000000002
mem[X,0x0000000080008D3C] -> 0x006F
mem[X,0x0000000080008D3E] -> 0x00C0
[890] [M]: 0x0000000080008D3C (0x00C0006F) jal zero, 0xc
mem[X,0x0000000080008D48] -> 0x3023
mem[X,0x0000000080008D4A] -> 0x1841
[891] [M]: 0x0000000080008D48 (0x18413023) sd tp, 0x180(sp)
mem[0x0000000080048348] <- 0x0000000000000002
mem[X,0x0000000080008D4C] -> 0x0513
mem[X,0x0000000080008D4E] -> 0x0010
[892] [M]: 0x0000000080008D4C (0x00100513) addi a0, zero, 0x1
x10 <- 0x0000000000000001
mem[X,0x0000000080008D50] -> 0x1513
mem[X,0x0000000080008D52] -> 0x0115
[893] [M]: 0x0000000080008D50 (0x01151513) slli a0, a0, 0x11
x10 <- 0x0000000000020000
mem[X,0x0000000080008D54] -> 0x4513
mem[X,0x0000000080008D56] -> 0xFFF5
[894] [M]: 0x0000000080008D54 (0xFFF54513) xori a0, a0, -0x1
x10 <- 0xFFFFFFFFFFFDFFFF
mem[X,0x0000000080008D58] -> 0x0593
mem[X,0x0000000080008D5A] -> 0xFFD0
[895] [M]: 0x0000000080008D58 (0xFFD00593) addi a1, zero, -0x3
x11 <- 0xFFFFFFFFFFFFFFFD
mem[X,0x0000000080008D5C] -> 0x0213
mem[X,0x0000000080008D5E] -> 0x0000
[896] [M]: 0x0000000080008D5C (0x00000213) addi tp, zero, 0x0
x4 <- 0x0000000000000000
mem[X,0x0000000080008D60] -> 0x006F
mem[X,0x0000000080008D62] -> 0x00C0
[897] [M]: 0x0000000080008D60 (0x00C0006F) jal zero, 0xc
mem[X,0x0000000080008D6C] -> 0x0663
mem[X,0x0000000080008D6E] -> 0x00B5
[898] [M]: 0x0000000080008D6C (0x00B50663) beq a0, a1, 0xc
mem[X,0x0000000080008D70] -> 0x0213
mem[X,0x0000000080008D72] -> 0x0022
[899] [M]: 0x0000000080008D70 (0x00220213) addi tp, tp, 0x2
x4 <- 0x0000000000000002
clint::tick mtime <- 0x0000000000000009
 clint timer pending at mtime 0x0000000000000009
htif::tick 0x0000000000000000
mem[X,0x0000000080008D74] -> 0x006F
mem[X,0x0000000080008D76] -> 0x00C0
[900] [M]: 0x0000000080008D74 (0x00C0006F) jal zero, 0xc
mem[X,0x0000000080008D80] -> 0x3423
mem[X,0x0000000080008D82] -> 0x1841
[901] [M]: 0x0000000080008D80 (0x18413423) sd tp, 0x188(sp)
mem[0x0000000080048350] <- 0x0000000000000002
mem[X,0x0000000080008D84] -> 0x0537
mem[X,0x0000000080008D86] -> 0x0000
[902] [M]: 0x0000000080008D84 (0x00000537) lui a0, 0x0
x10 <- 0x0000000000000000
mem[X,0x0000000080008D88] -> 0x0513
mem[X,0x0000000080008D8A] -> 0xFFF5
[903] [M]: 0x0000000080008D88 (0xFFF50513) addi a0, a0, -0x1
x10 <- 0xFFFFFFFFFFFFFFFF
mem[X,0x0000000080008D8C] -> 0x1513
mem[X,0x0000000080008D8E] -> 0x00B5
[904] [M]: 0x0000000080008D8C (0x00B51513) slli a0, a0, 0xb
x10 <- 0xFFFFFFFFFFFFF800
mem[X,0x0000000080008D90] -> 0x0513
mem[X,0x0000000080008D92] -> 0x2575
[905] [M]: 0x0000000080008D90 (0x25750513) addi a0, a0, 0x257
x10 <- 0xFFFFFFFFFFFFFA57
mem[X,0x0000000080008D94] -> 0x1513
mem[X,0x0000000080008D96] -> 0x00B5
[906] [M]: 0x0000000080008D94 (0x00B51513) slli a0, a0, 0xb
x10 <- 0xFFFFFFFFFFD2B800
mem[X,0x0000000080008D98] -> 0x0513
mem[X,0x0000000080008D9A] -> 0x6C35
[907] [M]: 0x0000000080008D98 (0x6C350513) addi a0, a0, 0x6c3
x10 <- 0xFFFFFFFFFFD2BEC3
mem[X,0x0000000080008D9C] -> 0x1513
mem[X,0x0000000080008D9E] -> 0x00A5
[908] [M]: 0x0000000080008D9C (0x00A51513) slli a0, a0, 0xa
x10 <- 0xFFFFFFFF4AFB0C00
mem[X,0x0000000080008DA0] -> 0x0513
mem[X,0x0000000080008DA2] -> 0x0CD5
[909] [M]: 0x0000000080008DA0 (0x0CD50513) addi a0, a0, 0xcd
x10 <- 0xFFFFFFFF4AFB0CCD
mem[X,0x0000000080008DA4] -> 0x0593
mem[X,0x0000000080008DA6] -> 0xFFB0
[910] [M]: 0x0000000080008DA4 (0xFFB00593) addi a1, zero, -0x5
x11 <- 0xFFFFFFFFFFFFFFFB
mem[X,0x0000000080008DA8] -> 0x0213
mem[X,0x0000000080008DAA] -> 0x0000
[911] [M]: 0x0000000080008DA8 (0x00000213) addi tp, zero, 0x0
x4 <- 0x0000000000000000
mem[X,0x0000000080008DAC] -> 0x006F
mem[X,0x0000000080008DAE] -> 0x00C0
[912] [M]: 0x0000000080008DAC (0x00C0006F) jal zero, 0xc
mem[X,0x0000000080008DB8] -> 0x0CE3
mem[X,0x0000000080008DBA] -> 0xFEB5
[913] [M]: 0x0000000080008DB8 (0xFEB50CE3) beq a0, a1, -0x8
mem[X,0x0000000080008DBC] -> 0x0213
mem[X,0x0000000080008DBE] -> 0x0022
[914] [M]: 0x0000000080008DBC (0x00220213) addi tp, tp, 0x2
x4 <- 0x0000000000000002
mem[X,0x0000000080008DC0] -> 0x006F
mem[X,0x0000000080008DC2] -> 0x00C0
[915] [M]: 0x0000000080008DC0 (0x00C0006F) jal zero, 0xc
mem[X,0x0000000080008DCC] -> 0x3823
mem[X,0x0000000080008DCE] -> 0x1841
[916] [M]: 0x0000000080008DCC (0x18413823) sd tp, 0x190(sp)
mem[0x0000000080048358] <- 0x0000000000000002
mem[X,0x0000000080008DD0] -> 0x0513
mem[X,0x0000000080008DD2] -> 0x0010
[917] [M]: 0x0000000080008DD0 (0x00100513) addi a0, zero, 0x1
x10 <- 0x0000000000000001
mem[X,0x0000000080008DD4] -> 0x1513
mem[X,0x0000000080008DD6] -> 0x02B5
[918] [M]: 0x0000000080008DD4 (0x02B51513) slli a0, a0, 0x2b
x10 <- 0x0000080000000000
mem[X,0x0000000080008DD8] -> 0x0593
mem[X,0x0000000080008DDA] -> 0xFF70
[919] [M]: 0x0000000080008DD8 (0xFF700593) addi a1, zero, -0x9
x11 <- 0xFFFFFFFFFFFFFFF7
mem[X,0x0000000080008DDC] -> 0x0213
mem[X,0x0000000080008DDE] -> 0x0000
[920] [M]: 0x0000000080008DDC (0x00000213) addi tp, zero, 0x0
x4 <- 0x0000000000000000
mem[X,0x0000000080008DE0] -> 0x006F
mem[X,0x0000000080008DE2] -> 0x00C0
[921] [M]: 0x0000000080008DE0 (0x00C0006F) jal zero, 0xc
mem[X,0x0000000080008DEC] -> 0x0063
mem[X,0x0000000080008DEE] -> 0x20B5
[922] [M]: 0x0000000080008DEC (0x20B50063) beq a0, a1, 0x200
mem[X,0x0000000080008DF0] -> 0x0213
mem[X,0x0000000080008DF2] -> 0x0022
[923] [M]: 0x0000000080008DF0 (0x00220213) addi tp, tp, 0x2
x4 <- 0x0000000000000002
mem[X,0x0000000080008DF4] -> 0x006F
mem[X,0x0000000080008DF6] -> 0x2000
[924] [M]: 0x0000000080008DF4 (0x2000006F) jal zero, 0x200
mem[X,0x0000000080008FF4] -> 0x3C23
mem[X,0x0000000080008FF6] -> 0x1841
[925] [M]: 0x0000000080008FF4 (0x18413C23) sd tp, 0x198(sp)
mem[0x0000000080048360] <- 0x0000000000000002
mem[X,0x0000000080008FF8] -> 0x0513
mem[X,0x0000000080008FFA] -> 0x0010
[926] [M]: 0x0000000080008FF8 (0x00100513) addi a0, zero, 0x1
x10 <- 0x0000000000000001
mem[X,0x0000000080008FFC] -> 0x1513
mem[X,0x0000000080008FFE] -> 0x03C5
[927] [M]: 0x0000000080008FFC (0x03C51513) slli a0, a0, 0x3c
x10 <- 0x1000000000000000
mem[X,0x0000000080009000] -> 0x4513
mem[X,0x0000000080009002] -> 0xFFF5
[928] [M]: 0x0000000080009000 (0xFFF54513) xori a0, a0, -0x1
x10 <- 0xEFFFFFFFFFFFFFFF
mem[X,0x0000000080009004] -> 0x0593
mem[X,0x0000000080009006] -> 0xFEF0
[929] [M]: 0x0000000080009004 (0xFEF00593) addi a1, zero, -0x11
x11 <- 0xFFFFFFFFFFFFFFEF
mem[X,0x0000000080009008] -> 0x0213
mem[X,0x000000008000900A] -> 0x0000
[930] [M]: 0x0000000080009008 (0x00000213) addi tp, zero, 0x0
x4 <- 0x0000000000000000
mem[X,0x000000008000900C] -> 0x006F
mem[X,0x000000008000900E] -> 0x00C0
[931] [M]: 0x000000008000900C (0x00C0006F) jal zero, 0xc
mem[X,0x0000000080009018] -> 0x0CE3
mem[X,0x000000008000901A] -> 0xFEB5
[932] [M]: 0x0000000080009018 (0xFEB50CE3) beq a0, a1, -0x8
mem[X,0x000000008000901C] -> 0x0213
mem[X,0x000000008000901E] -> 0x0022
[933] [M]: 0x000000008000901C (0x00220213) addi tp, tp, 0x2
x4 <- 0x0000000000000002
mem[X,0x0000000080009020] -> 0x006F
mem[X,0x0000000080009022] -> 0x00C0
[934] [M]: 0x0000000080009020 (0x00C0006F) jal zero, 0xc
mem[X,0x000000008000902C] -> 0x3023
mem[X,0x000000008000902E] -> 0x1A41
[935] [M]: 0x000000008000902C (0x1A413023) sd tp, 0x1a0(sp)
mem[0x0000000080048368] <- 0x0000000000000002
mem[X,0x0000000080009030] -> 0x0513
mem[X,0x0000000080009032] -> 0x0010
[936] [M]: 0x0000000080009030 (0x00100513) addi a0, zero, 0x1
x10 <- 0x0000000000000001
mem[X,0x0000000080009034] -> 0x1513
mem[X,0x0000000080009036] -> 0x00E5
[937] [M]: 0x0000000080009034 (0x00E51513) slli a0, a0, 0xe
x10 <- 0x0000000000004000
mem[X,0x0000000080009038] -> 0x4513
mem[X,0x000000008000903A] -> 0xFFF5
[938] [M]: 0x0000000080009038 (0xFFF54513) xori a0, a0, -0x1
x10 <- 0xFFFFFFFFFFFFBFFF
mem[X,0x000000008000903C] -> 0x0593
mem[X,0x000000008000903E] -> 0xFDF0
[939] [M]: 0x000000008000903C (0xFDF00593) addi a1, zero, -0x21
x11 <- 0xFFFFFFFFFFFFFFDF
mem[X,0x0000000080009040] -> 0x0213
mem[X,0x0000000080009042] -> 0x0000
[940] [M]: 0x0000000080009040 (0x00000213) addi tp, zero, 0x0
x4 <- 0x0000000000000000
mem[X,0x0000000080009044] -> 0x006F
mem[X,0x0000000080009046] -> 0x00C0
[941] [M]: 0x0000000080009044 (0x00C0006F) jal zero, 0xc
mem[X,0x0000000080009050] -> 0x0063
mem[X,0x0000000080009052] -> 0x04B5
[942] [M]: 0x0000000080009050 (0x04B50063) beq a0, a1, 0x40
mem[X,0x0000000080009054] -> 0x0213
mem[X,0x0000000080009056] -> 0x0022
[943] [M]: 0x0000000080009054 (0x00220213) addi tp, tp, 0x2
x4 <- 0x0000000000000002
mem[X,0x0000000080009058] -> 0x006F
mem[X,0x000000008000905A] -> 0x0400
[944] [M]: 0x0000000080009058 (0x0400006F) jal zero, 0x40
mem[X,0x0000000080009098] -> 0x3423
mem[X,0x000000008000909A] -> 0x1A41
[945] [M]: 0x0000000080009098 (0x1A413423) sd tp, 0x1a8(sp)
mem[0x0000000080048370] <- 0x0000000000000002
mem[X,0x000000008000909C] -> 0x0513
mem[X,0x000000008000909E] -> 0x0010
[946] [M]: 0x000000008000909C (0x00100513) addi a0, zero, 0x1
x10 <- 0x0000000000000001
mem[X,0x00000000800090A0] -> 0x1513
mem[X,0x00000000800090A2] -> 0x0305
[947] [M]: 0x00000000800090A0 (0x03051513) slli a0, a0, 0x30
x10 <- 0x0001000000000000
mem[X,0x00000000800090A4] -> 0x4513
mem[X,0x00000000800090A6] -> 0xFFF5
[948] [M]: 0x00000000800090A4 (0xFFF54513) xori a0, a0, -0x1
x10 <- 0xFFFEFFFFFFFFFFFF
mem[X,0x00000000800090A8] -> 0x0593
mem[X,0x00000000800090AA] -> 0xFBF0
[949] [M]: 0x00000000800090A8 (0xFBF00593) addi a1, zero, -0x41
x11 <- 0xFFFFFFFFFFFFFFBF
mem[X,0x00000000800090AC] -> 0x0213
mem[X,0x00000000800090AE] -> 0x0000
[950] [M]: 0x00000000800090AC (0x00000213) addi tp, zero, 0x0
x4 <- 0x0000000000000000
mem[X,0x00000000800090B0] -> 0x006F
mem[X,0x00000000800090B2] -> 0x2B10
[951] [M]: 0x00000000800090B0 (0x2B10006F) jal zero, 0xab0
mem[X,0x0000000080009B60] -> 0x0A63
mem[X,0x0000000080009B62] -> 0xD4B5
[952] [M]: 0x0000000080009B60 (0xD4B50A63) beq a0, a1, -0xaac
mem[X,0x0000000080009B64] -> 0x0213
mem[X,0x0000000080009B66] -> 0x0022
[953] [M]: 0x0000000080009B64 (0x00220213) addi tp, tp, 0x2
x4 <- 0x0000000000000002
mem[X,0x0000000080009B68] -> 0x006F
mem[X,0x0000000080009B6A] -> 0x00C0
[954] [M]: 0x0000000080009B68 (0x00C0006F) jal zero, 0xc
mem[X,0x0000000080009B74] -> 0x3823
mem[X,0x0000000080009B76] -> 0x1A41
[955] [M]: 0x0000000080009B74 (0x1A413823) sd tp, 0x1b0(sp)
mem[0x0000000080048378] <- 0x0000000000000002
mem[X,0x0000000080009B78] -> 0x0513
mem[X,0x0000000080009B7A] -> 0xFF70
[956] [M]: 0x0000000080009B78 (0xFF700513) addi a0, zero, -0x9
x10 <- 0xFFFFFFFFFFFFFFF7
mem[X,0x0000000080009B7C] -> 0x0593
mem[X,0x0000000080009B7E] -> 0xF7F0
[957] [M]: 0x0000000080009B7C (0xF7F00593) addi a1, zero, -0x81
x11 <- 0xFFFFFFFFFFFFFF7F
mem[X,0x0000000080009B80] -> 0x0213
mem[X,0x0000000080009B82] -> 0x0000
[958] [M]: 0x0000000080009B80 (0x00000213) addi tp, zero, 0x0
x4 <- 0x0000000000000000
mem[X,0x0000000080009B84] -> 0x006F
mem[X,0x0000000080009B86] -> 0x0140
[959] [M]: 0x0000000080009B84 (0x0140006F) jal zero, 0x14
mem[X,0x0000000080009B98] -> 0x08E3
mem[X,0x0000000080009B9A] -> 0xFEB5
[960] [M]: 0x0000000080009B98 (0xFEB508E3) beq a0, a1, -0x10
mem[X,0x0000000080009B9C] -> 0x0213
mem[X,0x0000000080009B9E] -> 0x0022
[961] [M]: 0x0000000080009B9C (0x00220213) addi tp, tp, 0x2
x4 <- 0x0000000000000002
mem[X,0x0000000080009BA0] -> 0x006F
mem[X,0x0000000080009BA2] -> 0x00C0
[962] [M]: 0x0000000080009BA0 (0x00C0006F) jal zero, 0xc
mem[X,0x0000000080009BAC] -> 0x3C23
mem[X,0x0000000080009BAE] -> 0x1A41
[963] [M]: 0x0000000080009BAC (0x1A413C23) sd tp, 0x1b8(sp)
mem[0x0000000080048380] <- 0x0000000000000002
mem[X,0x0000000080009BB0] -> 0x0537
mem[X,0x0000000080009BB2] -> 0x0000
[964] [M]: 0x0000000080009BB0 (0x00000537) lui a0, 0x0
x10 <- 0x0000000000000000
mem[X,0x0000000080009BB4] -> 0x0513
mem[X,0x0000000080009BB6] -> 0x0005
[965] [M]: 0x0000000080009BB4 (0x00050513) addi a0, a0, 0x0
x10 <- 0x0000000000000000
mem[X,0x0000000080009BB8] -> 0x1513
mem[X,0x0000000080009BBA] -> 0x00B5
[966] [M]: 0x0000000080009BB8 (0x00B51513) slli a0, a0, 0xb
x10 <- 0x0000000000000000
mem[X,0x0000000080009BBC] -> 0x0513
mem[X,0x0000000080009BBE] -> 0x5A85
[967] [M]: 0x0000000080009BBC (0x5A850513) addi a0, a0, 0x5a8
x10 <- 0x00000000000005A8
mem[X,0x0000000080009BC0] -> 0x1513
mem[X,0x0000000080009BC2] -> 0x00B5
[968] [M]: 0x0000000080009BC0 (0x00B51513) slli a0, a0, 0xb
x10 <- 0x00000000002D4000
mem[X,0x0000000080009BC4] -> 0x0513
mem[X,0x0000000080009BC6] -> 0x13C5
[969] [M]: 0x0000000080009BC4 (0x13C50513) addi a0, a0, 0x13c
x10 <- 0x00000000002D413C
mem[X,0x0000000080009BC8] -> 0x1513
mem[X,0x0000000080009BCA] -> 0x00A5
[970] [M]: 0x0000000080009BC8 (0x00A51513) slli a0, a0, 0xa
x10 <- 0x00000000B504F000
mem[X,0x0000000080009BCC] -> 0x0513
mem[X,0x0000000080009BCE] -> 0x3325
[971] [M]: 0x0000000080009BCC (0x33250513) addi a0, a0, 0x332
x10 <- 0x00000000B504F332
mem[X,0x0000000080009BD0] -> 0x0593
mem[X,0x0000000080009BD2] -> 0xEFF0
[972] [M]: 0x0000000080009BD0 (0xEFF00593) addi a1, zero, -0x101
x11 <- 0xFFFFFFFFFFFFFEFF
mem[X,0x0000000080009BD4] -> 0x0213
mem[X,0x0000000080009BD6] -> 0x0000
[973] [M]: 0x0000000080009BD4 (0x00000213) addi tp, zero, 0x0
x4 <- 0x0000000000000000
mem[X,0x0000000080009BD8] -> 0x006F
mem[X,0x0000000080009BDA] -> 0x00C0
[974] [M]: 0x0000000080009BD8 (0x00C0006F) jal zero, 0xc
mem[X,0x0000000080009BE4] -> 0x0063
mem[X,0x0000000080009BE6] -> 0x20B5
[975] [M]: 0x0000000080009BE4 (0x20B50063) beq a0, a1, 0x200
mem[X,0x0000000080009BE8] -> 0x0213
mem[X,0x0000000080009BEA] -> 0x0022
[976] [M]: 0x0000000080009BE8 (0x00220213) addi tp, tp, 0x2
x4 <- 0x0000000000000002
mem[X,0x0000000080009BEC] -> 0x006F
mem[X,0x0000000080009BEE] -> 0x2000
[977] [M]: 0x0000000080009BEC (0x2000006F) jal zero, 0x200
mem[X,0x0000000080009DEC] -> 0x3023
mem[X,0x0000000080009DEE] -> 0x1C41
[978] [M]: 0x0000000080009DEC (0x1C413023) sd tp, 0x1c0(sp)
mem[0x0000000080048388] <- 0x0000000000000002
mem[X,0x0000000080009DF0] -> 0x0513
mem[X,0x0000000080009DF2] -> 0x0010
[979] [M]: 0x0000000080009DF0 (0x00100513) addi a0, zero, 0x1
x10 <- 0x0000000000000001
mem[X,0x0000000080009DF4] -> 0x1513
mem[X,0x0000000080009DF6] -> 0x0135
[980] [M]: 0x0000000080009DF4 (0x01351513) slli a0, a0, 0x13
x10 <- 0x0000000000080000
mem[X,0x0000000080009DF8] -> 0x4513
mem[X,0x0000000080009DFA] -> 0xFFF5
[981] [M]: 0x0000000080009DF8 (0xFFF54513) xori a0, a0, -0x1
x10 <- 0xFFFFFFFFFFF7FFFF
mem[X,0x0000000080009DFC] -> 0x0593
mem[X,0x0000000080009DFE] -> 0xDFF0
[982] [M]: 0x0000000080009DFC (0xDFF00593) addi a1, zero, -0x201
x11 <- 0xFFFFFFFFFFFFFDFF
mem[X,0x0000000080009E00] -> 0x0213
mem[X,0x0000000080009E02] -> 0x0000
[983] [M]: 0x0000000080009E00 (0x00000213) addi tp, zero, 0x0
x4 <- 0x0000000000000000
mem[X,0x0000000080009E04] -> 0x006F
mem[X,0x0000000080009E06] -> 0x00C0
[984] [M]: 0x0000000080009E04 (0x00C0006F) jal zero, 0xc
mem[X,0x0000000080009E10] -> 0x0063
mem[X,0x0000000080009E12] -> 0x40B5
[985] [M]: 0x0000000080009E10 (0x40B50063) beq a0, a1, 0x400
mem[X,0x0000000080009E14] -> 0x0213
mem[X,0x0000000080009E16] -> 0x0022
[986] [M]: 0x0000000080009E14 (0x00220213) addi tp, tp, 0x2
x4 <- 0x0000000000000002
mem[X,0x0000000080009E18] -> 0x006F
mem[X,0x0000000080009E1A] -> 0x4000
[987] [M]: 0x0000000080009E18 (0x4000006F) jal zero, 0x400
mem[X,0x000000008000A218] -> 0x3423
mem[X,0x000000008000A21A] -> 0x1C41
[988] [M]: 0x000000008000A218 (0x1C413423) sd tp, 0x1c8(sp)
mem[0x0000000080048390] <- 0x0000000000000002
mem[X,0x000000008000A21C] -> 0x0537
mem[X,0x000000008000A21E] -> 0x0000
[989] [M]: 0x000000008000A21C (0x00000537) lui a0, 0x0
x10 <- 0x0000000000000000
mem[X,0x000000008000A220] -> 0x0513
mem[X,0x000000008000A222] -> 0xFFF5
[990] [M]: 0x000000008000A220 (0xFFF50513) addi a0, a0, -0x1
x10 <- 0xFFFFFFFFFFFFFFFF
mem[X,0x000000008000A224] -> 0x1513
mem[X,0x000000008000A226] -> 0x00B5
[991] [M]: 0x000000008000A224 (0x00B51513) slli a0, a0, 0xb
x10 <- 0xFFFFFFFFFFFFF800
mem[X,0x000000008000A228] -> 0x0513
mem[X,0x000000008000A22A] -> 0x2575
[992] [M]: 0x000000008000A228 (0x25750513) addi a0, a0, 0x257
x10 <- 0xFFFFFFFFFFFFFA57
mem[X,0x000000008000A22C] -> 0x1513
mem[X,0x000000008000A22E] -> 0x00B5
[993] [M]: 0x000000008000A22C (0x00B51513) slli a0, a0, 0xb
x10 <- 0xFFFFFFFFFFD2B800
mem[X,0x000000008000A230] -> 0x0513
mem[X,0x000000008000A232] -> 0x6C35
[994] [M]: 0x000000008000A230 (0x6C350513) addi a0, a0, 0x6c3
x10 <- 0xFFFFFFFFFFD2BEC3
mem[X,0x000000008000A234] -> 0x1513
mem[X,0x000000008000A236] -> 0x00A5
[995] [M]: 0x000000008000A234 (0x00A51513) slli a0, a0, 0xa
x10 <- 0xFFFFFFFF4AFB0C00
mem[X,0x000000008000A238] -> 0x0513
mem[X,0x000000008000A23A] -> 0x0CD5
[996] [M]: 0x000000008000A238 (0x0CD50513) addi a0, a0, 0xcd
x10 <- 0xFFFFFFFF4AFB0CCD
mem[X,0x000000008000A23C] -> 0x0593
mem[X,0x000000008000A23E] -> 0xBFF0
[997] [M]: 0x000000008000A23C (0xBFF00593) addi a1, zero, -0x401
x11 <- 0xFFFFFFFFFFFFFBFF
mem[X,0x000000008000A240] -> 0x0213
mem[X,0x000000008000A242] -> 0x0000
[998] [M]: 0x000000008000A240 (0x00000213) addi tp, zero, 0x0
x4 <- 0x0000000000000000
mem[X,0x000000008000A244] -> 0x006F
mem[X,0x000000008000A246] -> 0x00C0
[999] [M]: 0x000000008000A244 (0x00C0006F) jal zero, 0xc
clint::tick mtime <- 0x000000000000000A
 clint timer pending at mtime 0x000000000000000A
htif::tick 0x0000000000000000
mem[X,0x000000008000A250] -> 0x0663
mem[X,0x000000008000A252] -> 0x00B5
[1000] [M]: 0x000000008000A250 (0x00B50663) beq a0, a1, 0xc
mem[X,0x000000008000A254] -> 0x0213
mem[X,0x000000008000A256] -> 0x0022
[1001] [M]: 0x000000008000A254 (0x00220213) addi tp, tp, 0x2
x4 <- 0x0000000000000002
mem[X,0x000000008000A258] -> 0x006F
mem[X,0x000000008000A25A] -> 0x00C0
[1002] [M]: 0x000000008000A258 (0x00C0006F) jal zero, 0xc
mem[X,0x000000008000A264] -> 0x3823
mem[X,0x000000008000A266] -> 0x1C41
[1003] [M]: 0x000000008000A264 (0x1C413823) sd tp, 0x1d0(sp)
mem[0x0000000080048398] <- 0x0000000000000002
mem[X,0x000000008000A268] -> 0x0513
mem[X,0x000000008000A26A] -> 0x0010
[1004] [M]: 0x000000008000A268 (0x00100513) addi a0, zero, 0x1
x10 <- 0x0000000000000001
mem[X,0x000000008000A26C] -> 0x1513
mem[X,0x000000008000A26E] -> 0x0175
[1005] [M]: 0x000000008000A26C (0x01751513) slli a0, a0, 0x17
x10 <- 0x0000000000800000
mem[X,0x000000008000A270] -> 0x0593
mem[X,0x000000008000A272] -> 0x0010
[1006] [M]: 0x000000008000A270 (0x00100593) addi a1, zero, 0x1
x11 <- 0x0000000000000001
mem[X,0x000000008000A274] -> 0x9593
mem[X,0x000000008000A276] -> 0x00B5
[1007] [M]: 0x000000008000A274 (0x00B59593) slli a1, a1, 0xb
x11 <- 0x0000000000000800
mem[X,0x000000008000A278] -> 0xC593
mem[X,0x000000008000A27A] -> 0xFFF5
[1008] [M]: 0x000000008000A278 (0xFFF5C593) xori a1, a1, -0x1
x11 <- 0xFFFFFFFFFFFFF7FF
mem[X,0x000000008000A27C] -> 0x0213
mem[X,0x000000008000A27E] -> 0x0000
[1009] [M]: 0x000000008000A27C (0x00000213) addi tp, zero, 0x0
x4 <- 0x0000000000000000
mem[X,0x000000008000A280] -> 0x006F
mem[X,0x000000008000A282] -> 0x00C0
[1010] [M]: 0x000000008000A280 (0x00C0006F) jal zero, 0xc
mem[X,0x000000008000A28C] -> 0x0CE3
mem[X,0x000000008000A28E] -> 0xFEB5
[1011] [M]: 0x000000008000A28C (0xFEB50CE3) beq a0, a1, -0x8
mem[X,0x000000008000A290] -> 0x0213
mem[X,0x000000008000A292] -> 0x0022
[1012] [M]: 0x000000008000A290 (0x00220213) addi tp, tp, 0x2
x4 <- 0x0000000000000002
mem[X,0x000000008000A294] -> 0x006F
mem[X,0x000000008000A296] -> 0x00C0
[1013] [M]: 0x000000008000A294 (0x00C0006F) jal zero, 0xc
mem[X,0x000000008000A2A0] -> 0x3C23
mem[X,0x000000008000A2A2] -> 0x1C41
[1014] [M]: 0x000000008000A2A0 (0x1C413C23) sd tp, 0x1d8(sp)
mem[0x00000000800483A0] <- 0x0000000000000002
mem[X,0x000000008000A2A4] -> 0x0513
mem[X,0x000000008000A2A6] -> 0x0030
[1015] [M]: 0x000000008000A2A4 (0x00300513) addi a0, zero, 0x3
x10 <- 0x0000000000000003
mem[X,0x000000008000A2A8] -> 0x0593
mem[X,0x000000008000A2AA] -> 0x0010
[1016] [M]: 0x000000008000A2A8 (0x00100593) addi a1, zero, 0x1
x11 <- 0x0000000000000001
mem[X,0x000000008000A2AC] -> 0x9593
mem[X,0x000000008000A2AE] -> 0x00D5
[1017] [M]: 0x000000008000A2AC (0x00D59593) slli a1, a1, 0xd
x11 <- 0x0000000000002000
mem[X,0x000000008000A2B0] -> 0xC593
mem[X,0x000000008000A2B2] -> 0xFFF5
[1018] [M]: 0x000000008000A2B0 (0xFFF5C593) xori a1, a1, -0x1
x11 <- 0xFFFFFFFFFFFFDFFF
mem[X,0x000000008000A2B4] -> 0x0213
mem[X,0x000000008000A2B6] -> 0x0000
[1019] [M]: 0x000000008000A2B4 (0x00000213) addi tp, zero, 0x0
x4 <- 0x0000000000000000
mem[X,0x000000008000A2B8] -> 0x006F
mem[X,0x000000008000A2BA] -> 0x00C0
[1020] [M]: 0x000000008000A2B8 (0x00C0006F) jal zero, 0xc
mem[X,0x000000008000A2C4] -> 0x0063
mem[X,0x000000008000A2C6] -> 0x40B5
[1021] [M]: 0x000000008000A2C4 (0x40B50063) beq a0, a1, 0x400
mem[X,0x000000008000A2C8] -> 0x0213
mem[X,0x000000008000A2CA] -> 0x0022
[1022] [M]: 0x000000008000A2C8 (0x00220213) addi tp, tp, 0x2
x4 <- 0x0000000000000002
mem[X,0x000000008000A2CC] -> 0x006F
mem[X,0x000000008000A2CE] -> 0x4000
[1023] [M]: 0x000000008000A2CC (0x4000006F) jal zero, 0x400
mem[X,0x000000008000A6CC] -> 0x3023
mem[X,0x000000008000A6CE] -> 0x1E41
[1024] [M]: 0x000000008000A6CC (0x1E413023) sd tp, 0x1e0(sp)
mem[0x00000000800483A8] <- 0x0000000000000002
mem[X,0x000000008000A6D0] -> 0x0513
mem[X,0x000000008000A6D2] -> 0x0010
[1025] [M]: 0x000000008000A6D0 (0x00100513) addi a0, zero, 0x1
x10 <- 0x0000000000000001
mem[X,0x000000008000A6D4] -> 0x1513
mem[X,0x000000008000A6D6] -> 0x0325
[1026] [M]: 0x000000008000A6D4 (0x03251513) slli a0, a0, 0x32
x10 <- 0x0004000000000000
mem[X,0x000000008000A6D8] -> 0x4513
mem[X,0x000000008000A6DA] -> 0xFFF5
[1027] [M]: 0x000000008000A6D8 (0xFFF54513) xori a0, a0, -0x1
x10 <- 0xFFFBFFFFFFFFFFFF
mem[X,0x000000008000A6DC] -> 0x0593
mem[X,0x000000008000A6DE] -> 0x0010
[1028] [M]: 0x000000008000A6DC (0x00100593) addi a1, zero, 0x1
x11 <- 0x0000000000000001
mem[X,0x000000008000A6E0] -> 0x9593
mem[X,0x000000008000A6E2] -> 0x00E5
[1029] [M]: 0x000000008000A6E0 (0x00E59593) slli a1, a1, 0xe
x11 <- 0x0000000000004000
mem[X,0x000000008000A6E4] -> 0xC593
mem[X,0x000000008000A6E6] -> 0xFFF5
[1030] [M]: 0x000000008000A6E4 (0xFFF5C593) xori a1, a1, -0x1
x11 <- 0xFFFFFFFFFFFFBFFF
mem[X,0x000000008000A6E8] -> 0x0213
mem[X,0x000000008000A6EA] -> 0x0000
[1031] [M]: 0x000000008000A6E8 (0x00000213) addi tp, zero, 0x0
x4 <- 0x0000000000000000
mem[X,0x000000008000A6EC] -> 0x006F
mem[X,0x000000008000A6EE] -> 0x00C0
[1032] [M]: 0x000000008000A6EC (0x00C0006F) jal zero, 0xc
mem[X,0x000000008000A6F8] -> 0x0CE3
mem[X,0x000000008000A6FA] -> 0xFEB5
[1033] [M]: 0x000000008000A6F8 (0xFEB50CE3) beq a0, a1, -0x8
mem[X,0x000000008000A6FC] -> 0x0213
mem[X,0x000000008000A6FE] -> 0x0022
[1034] [M]: 0x000000008000A6FC (0x00220213) addi tp, tp, 0x2
x4 <- 0x0000000000000002
mem[X,0x000000008000A700] -> 0x006F
mem[X,0x000000008000A702] -> 0x00C0
[1035] [M]: 0x000000008000A700 (0x00C0006F) jal zero, 0xc
mem[X,0x000000008000A70C] -> 0x3423
mem[X,0x000000008000A70E] -> 0x1E41
[1036] [M]: 0x000000008000A70C (0x1E413423) sd tp, 0x1e8(sp)
mem[0x00000000800483B0] <- 0x0000000000000002
mem[X,0x000000008000A710] -> 0x0513
mem[X,0x000000008000A712] -> 0x0010
[1037] [M]: 0x000000008000A710 (0x00100513) addi a0, zero, 0x1
x10 <- 0x0000000000000001
mem[X,0x000000008000A714] -> 0x1513
mem[X,0x000000008000A716] -> 0x0165
[1038] [M]: 0x000000008000A714 (0x01651513) slli a0, a0, 0x16
x10 <- 0x0000000000400000
mem[X,0x000000008000A718] -> 0x4513
mem[X,0x000000008000A71A] -> 0xFFF5
[1039] [M]: 0x000000008000A718 (0xFFF54513) xori a0, a0, -0x1
x10 <- 0xFFFFFFFFFFBFFFFF
mem[X,0x000000008000A71C] -> 0x0593
mem[X,0x000000008000A71E] -> 0x0010
[1040] [M]: 0x000000008000A71C (0x00100593) addi a1, zero, 0x1
x11 <- 0x0000000000000001
mem[X,0x000000008000A720] -> 0x9593
mem[X,0x000000008000A722] -> 0x00F5
[1041] [M]: 0x000000008000A720 (0x00F59593) slli a1, a1, 0xf
x11 <- 0x0000000000008000
mem[X,0x000000008000A724] -> 0xC593
mem[X,0x000000008000A726] -> 0xFFF5
[1042] [M]: 0x000000008000A724 (0xFFF5C593) xori a1, a1, -0x1
x11 <- 0xFFFFFFFFFFFF7FFF
mem[X,0x000000008000A728] -> 0x0213
mem[X,0x000000008000A72A] -> 0x0000
[1043] [M]: 0x000000008000A728 (0x00000213) addi tp, zero, 0x0
x4 <- 0x0000000000000000
mem[X,0x000000008000A72C] -> 0x006F
mem[X,0x000000008000A72E] -> 0x00C0
[1044] [M]: 0x000000008000A72C (0x00C0006F) jal zero, 0xc
mem[X,0x000000008000A738] -> 0x0663
mem[X,0x000000008000A73A] -> 0x00B5
[1045] [M]: 0x000000008000A738 (0x00B50663) beq a0, a1, 0xc
mem[X,0x000000008000A73C] -> 0x0213
mem[X,0x000000008000A73E] -> 0x0022
[1046] [M]: 0x000000008000A73C (0x00220213) addi tp, tp, 0x2
x4 <- 0x0000000000000002
mem[X,0x000000008000A740] -> 0x006F
mem[X,0x000000008000A742] -> 0x00C0
[1047] [M]: 0x000000008000A740 (0x00C0006F) jal zero, 0xc
mem[X,0x000000008000A74C] -> 0x3823
mem[X,0x000000008000A74E] -> 0x1E41
[1048] [M]: 0x000000008000A74C (0x1E413823) sd tp, 0x1f0(sp)
mem[0x00000000800483B8] <- 0x0000000000000002
mem[X,0x000000008000A750] -> 0x0513
mem[X,0x000000008000A752] -> 0x0010
[1049] [M]: 0x000000008000A750 (0x00100513) addi a0, zero, 0x1
x10 <- 0x0000000000000001
mem[X,0x000000008000A754] -> 0x1513
mem[X,0x000000008000A756] -> 0x01C5
[1050] [M]: 0x000000008000A754 (0x01C51513) slli a0, a0, 0x1c
x10 <- 0x0000000010000000
mem[X,0x000000008000A758] -> 0x4513
mem[X,0x000000008000A75A] -> 0xFFF5
[1051] [M]: 0x000000008000A758 (0xFFF54513) xori a0, a0, -0x1
x10 <- 0xFFFFFFFFEFFFFFFF
mem[X,0x000000008000A75C] -> 0x0593
mem[X,0x000000008000A75E] -> 0x0010
[1052] [M]: 0x000000008000A75C (0x00100593) addi a1, zero, 0x1
x11 <- 0x0000000000000001
mem[X,0x000000008000A760] -> 0x9593
mem[X,0x000000008000A762] -> 0x0105
[1053] [M]: 0x000000008000A760 (0x01059593) slli a1, a1, 0x10
x11 <- 0x0000000000010000
mem[X,0x000000008000A764] -> 0xC593
mem[X,0x000000008000A766] -> 0xFFF5
[1054] [M]: 0x000000008000A764 (0xFFF5C593) xori a1, a1, -0x1
x11 <- 0xFFFFFFFFFFFEFFFF
mem[X,0x000000008000A768] -> 0x0213
mem[X,0x000000008000A76A] -> 0x0000
[1055] [M]: 0x000000008000A768 (0x00000213) addi tp, zero, 0x0
x4 <- 0x0000000000000000
mem[X,0x000000008000A76C] -> 0x006F
mem[X,0x000000008000A76E] -> 0x0100
[1056] [M]: 0x000000008000A76C (0x0100006F) jal zero, 0x10
mem[X,0x000000008000A77C] -> 0x0AE3
mem[X,0x000000008000A77E] -> 0xFEB5
[1057] [M]: 0x000000008000A77C (0xFEB50AE3) beq a0, a1, -0xc
mem[X,0x000000008000A780] -> 0x0213
mem[X,0x000000008000A782] -> 0x0022
[1058] [M]: 0x000000008000A780 (0x00220213) addi tp, tp, 0x2
x4 <- 0x0000000000000002
mem[X,0x000000008000A784] -> 0x006F
mem[X,0x000000008000A786] -> 0x00C0
[1059] [M]: 0x000000008000A784 (0x00C0006F) jal zero, 0xc
mem[X,0x000000008000A790] -> 0x3C23
mem[X,0x000000008000A792] -> 0x1E41
[1060] [M]: 0x000000008000A790 (0x1E413C23) sd tp, 0x1f8(sp)
mem[0x00000000800483C0] <- 0x0000000000000002
mem[X,0x000000008000A794] -> 0x0513
mem[X,0x000000008000A796] -> 0x0010
[1061] [M]: 0x000000008000A794 (0x00100513) addi a0, zero, 0x1
x10 <- 0x0000000000000001
mem[X,0x000000008000A798] -> 0x1513
mem[X,0x000000008000A79A] -> 0x0325
[1062] [M]: 0x000000008000A798 (0x03251513) slli a0, a0, 0x32
x10 <- 0x0004000000000000
mem[X,0x000000008000A79C] -> 0x4513
mem[X,0x000000008000A79E] -> 0xFFF5
[1063] [M]: 0x000000008000A79C (0xFFF54513) xori a0, a0, -0x1
x10 <- 0xFFFBFFFFFFFFFFFF
mem[X,0x000000008000A7A0] -> 0x0593
mem[X,0x000000008000A7A2] -> 0x0010
[1064] [M]: 0x000000008000A7A0 (0x00100593) addi a1, zero, 0x1
x11 <- 0x0000000000000001
mem[X,0x000000008000A7A4] -> 0x9593
mem[X,0x000000008000A7A6] -> 0x0115
[1065] [M]: 0x000000008000A7A4 (0x01159593) slli a1, a1, 0x11
x11 <- 0x0000000000020000
mem[X,0x000000008000A7A8] -> 0xC593
mem[X,0x000000008000A7AA] -> 0xFFF5
[1066] [M]: 0x000000008000A7A8 (0xFFF5C593) xori a1, a1, -0x1
x11 <- 0xFFFFFFFFFFFDFFFF
mem[X,0x000000008000A7AC] -> 0x0213
mem[X,0x000000008000A7AE] -> 0x0000
[1067] [M]: 0x000000008000A7AC (0x00000213) addi tp, zero, 0x0
x4 <- 0x0000000000000000
mem[X,0x000000008000A7B0] -> 0x006F
mem[X,0x000000008000A7B2] -> 0x00C0
[1068] [M]: 0x000000008000A7B0 (0x00C0006F) jal zero, 0xc
mem[X,0x000000008000A7BC] -> 0x0063
mem[X,0x000000008000A7BE] -> 0x08B5
[1069] [M]: 0x000000008000A7BC (0x08B50063) beq a0, a1, 0x80
mem[X,0x000000008000A7C0] -> 0x0213
mem[X,0x000000008000A7C2] -> 0x0022
[1070] [M]: 0x000000008000A7C0 (0x00220213) addi tp, tp, 0x2
x4 <- 0x0000000000000002
mem[X,0x000000008000A7C4] -> 0x006F
mem[X,0x000000008000A7C6] -> 0x0800
[1071] [M]: 0x000000008000A7C4 (0x0800006F) jal zero, 0x80
mem[X,0x000000008000A844] -> 0x3023
mem[X,0x000000008000A846] -> 0x2041
[1072] [M]: 0x000000008000A844 (0x20413023) sd tp, 0x200(sp)
mem[0x00000000800483C8] <- 0x0000000000000002
mem[X,0x000000008000A848] -> 0x5537
mem[X,0x000000008000A84A] -> 0x5555
[1073] [M]: 0x000000008000A848 (0x55555537) lui a0, 0x55555
x10 <- 0x0000000055555000
mem[X,0x000000008000A84C] -> 0x0513
mem[X,0x000000008000A84E] -> 0x5555
[1074] [M]: 0x000000008000A84C (0x55550513) addi a0, a0, 0x555
x10 <- 0x0000000055555555
mem[X,0x000000008000A850] -> 0x1513
mem[X,0x000000008000A852] -> 0x00B5
[1075] [M]: 0x000000008000A850 (0x00B51513) slli a0, a0, 0xb
x10 <- 0x000002AAAAAAA800
mem[X,0x000000008000A854] -> 0x0513
mem[X,0x000000008000A856] -> 0x2AA5
[1076] [M]: 0x000000008000A854 (0x2AA50513) addi a0, a0, 0x2aa
x10 <- 0x000002AAAAAAAAAA
mem[X,0x000000008000A858] -> 0x1513
mem[X,0x000000008000A85A] -> 0x00B5
[1077] [M]: 0x000000008000A858 (0x00B51513) slli a0, a0, 0xb
x10 <- 0x0015555555555000
mem[X,0x000000008000A85C] -> 0x0513
mem[X,0x000000008000A85E] -> 0x5555
[1078] [M]: 0x000000008000A85C (0x55550513) addi a0, a0, 0x555
x10 <- 0x0015555555555555
mem[X,0x000000008000A860] -> 0x1513
mem[X,0x000000008000A862] -> 0x00A5
[1079] [M]: 0x000000008000A860 (0x00A51513) slli a0, a0, 0xa
x10 <- 0x5555555555555400
mem[X,0x000000008000A864] -> 0x0513
mem[X,0x000000008000A866] -> 0x1545
[1080] [M]: 0x000000008000A864 (0x15450513) addi a0, a0, 0x154
x10 <- 0x5555555555555554
mem[X,0x000000008000A868] -> 0x0593
mem[X,0x000000008000A86A] -> 0x0010
[1081] [M]: 0x000000008000A868 (0x00100593) addi a1, zero, 0x1
x11 <- 0x0000000000000001
mem[X,0x000000008000A86C] -> 0x9593
mem[X,0x000000008000A86E] -> 0x0125
[1082] [M]: 0x000000008000A86C (0x01259593) slli a1, a1, 0x12
x11 <- 0x0000000000040000
mem[X,0x000000008000A870] -> 0xC593
mem[X,0x000000008000A872] -> 0xFFF5
[1083] [M]: 0x000000008000A870 (0xFFF5C593) xori a1, a1, -0x1
x11 <- 0xFFFFFFFFFFFBFFFF
mem[X,0x000000008000A874] -> 0x0213
mem[X,0x000000008000A876] -> 0x0000
[1084] [M]: 0x000000008000A874 (0x00000213) addi tp, zero, 0x0
x4 <- 0x0000000000000000
mem[X,0x000000008000A878] -> 0x006F
mem[X,0x000000008000A87A] -> 0x00C0
[1085] [M]: 0x000000008000A878 (0x00C0006F) jal zero, 0xc
mem[X,0x000000008000A884] -> 0x0063
mem[X,0x000000008000A886] -> 0x40B5
[1086] [M]: 0x000000008000A884 (0x40B50063) beq a0, a1, 0x400
mem[X,0x000000008000A888] -> 0x0213
mem[X,0x000000008000A88A] -> 0x0022
[1087] [M]: 0x000000008000A888 (0x00220213) addi tp, tp, 0x2
x4 <- 0x0000000000000002
mem[X,0x000000008000A88C] -> 0x006F
mem[X,0x000000008000A88E] -> 0x4000
[1088] [M]: 0x000000008000A88C (0x4000006F) jal zero, 0x400
mem[X,0x000000008000AC8C] -> 0x3423
mem[X,0x000000008000AC8E] -> 0x2041
[1089] [M]: 0x000000008000AC8C (0x20413423) sd tp, 0x208(sp)
mem[0x00000000800483D0] <- 0x0000000000000002
mem[X,0x000000008000AC90] -> 0x0513
mem[X,0x000000008000AC92] -> 0x0010
[1090] [M]: 0x000000008000AC90 (0x00100513) addi a0, zero, 0x1
x10 <- 0x0000000000000001
mem[X,0x000000008000AC94] -> 0x0593
mem[X,0x000000008000AC96] -> 0x0010
[1091] [M]: 0x000000008000AC94 (0x00100593) addi a1, zero, 0x1
x11 <- 0x0000000000000001
mem[X,0x000000008000AC98] -> 0x9593
mem[X,0x000000008000AC9A] -> 0x0135
[1092] [M]: 0x000000008000AC98 (0x01359593) slli a1, a1, 0x13
x11 <- 0x0000000000080000
mem[X,0x000000008000AC9C] -> 0xC593
mem[X,0x000000008000AC9E] -> 0xFFF5
[1093] [M]: 0x000000008000AC9C (0xFFF5C593) xori a1, a1, -0x1
x11 <- 0xFFFFFFFFFFF7FFFF
mem[X,0x000000008000ACA0] -> 0x0213
mem[X,0x000000008000ACA2] -> 0x0000
[1094] [M]: 0x000000008000ACA0 (0x00000213) addi tp, zero, 0x0
x4 <- 0x0000000000000000
mem[X,0x000000008000ACA4] -> 0x006F
mem[X,0x000000008000ACA6] -> 0x0050
[1095] [M]: 0x000000008000ACA4 (0x0050006F) jal zero, 0x804
mem[X,0x000000008000B4A8] -> 0x00E3
mem[X,0x000000008000B4AA] -> 0x80B5
[1096] [M]: 0x000000008000B4A8 (0x80B500E3) beq a0, a1, -0x800
mem[X,0x000000008000B4AC] -> 0x0213
mem[X,0x000000008000B4AE] -> 0x0022
[1097] [M]: 0x000000008000B4AC (0x00220213) addi tp, tp, 0x2
x4 <- 0x0000000000000002
mem[X,0x000000008000B4B0] -> 0x006F
mem[X,0x000000008000B4B2] -> 0x00C0
[1098] [M]: 0x000000008000B4B0 (0x00C0006F) jal zero, 0xc
mem[X,0x000000008000B4BC] -> 0x3823
mem[X,0x000000008000B4BE] -> 0x2041
[1099] [M]: 0x000000008000B4BC (0x20413823) sd tp, 0x210(sp)
mem[0x00000000800483D8] <- 0x0000000000000002
clint::tick mtime <- 0x000000000000000B
 clint timer pending at mtime 0x000000000000000B
htif::tick 0x0000000000000000
mem[X,0x000000008000B4C0] -> 0x0513
mem[X,0x000000008000B4C2] -> 0x0000
[1100] [M]: 0x000000008000B4C0 (0x00000513) addi a0, zero, 0x0
x10 <- 0x0000000000000000
mem[X,0x000000008000B4C4] -> 0x0593
mem[X,0x000000008000B4C6] -> 0x0010
[1101] [M]: 0x000000008000B4C4 (0x00100593) addi a1, zero, 0x1
x11 <- 0x0000000000000001
mem[X,0x000000008000B4C8] -> 0x9593
mem[X,0x000000008000B4CA] -> 0x0145
[1102] [M]: 0x000000008000B4C8 (0x01459593) slli a1, a1, 0x14
x11 <- 0x0000000000100000
mem[X,0x000000008000B4CC] -> 0xC593
mem[X,0x000000008000B4CE] -> 0xFFF5
[1103] [M]: 0x000000008000B4CC (0xFFF5C593) xori a1, a1, -0x1
x11 <- 0xFFFFFFFFFFEFFFFF
mem[X,0x000000008000B4D0] -> 0x0213
mem[X,0x000000008000B4D2] -> 0x0000
[1104] [M]: 0x000000008000B4D0 (0x00000213) addi tp, zero, 0x0
x4 <- 0x0000000000000000
mem[X,0x000000008000B4D4] -> 0x006F
mem[X,0x000000008000B4D6] -> 0x00C0
[1105] [M]: 0x000000008000B4D4 (0x00C0006F) jal zero, 0xc
mem[X,0x000000008000B4E0] -> 0x0063
mem[X,0x000000008000B4E2] -> 0x08B5
[1106] [M]: 0x000000008000B4E0 (0x08B50063) beq a0, a1, 0x80
mem[X,0x000000008000B4E4] -> 0x0213
mem[X,0x000000008000B4E6] -> 0x0022
[1107] [M]: 0x000000008000B4E4 (0x00220213) addi tp, tp, 0x2
x4 <- 0x0000000000000002
mem[X,0x000000008000B4E8] -> 0x006F
mem[X,0x000000008000B4EA] -> 0x0800
[1108] [M]: 0x000000008000B4E8 (0x0800006F) jal zero, 0x80
mem[X,0x000000008000B568] -> 0x3C23
mem[X,0x000000008000B56A] -> 0x2041
[1109] [M]: 0x000000008000B568 (0x20413C23) sd tp, 0x218(sp)
mem[0x00000000800483E0] <- 0x0000000000000002
mem[X,0x000000008000B56C] -> 0x6537
mem[X,0x000000008000B56E] -> 0x6666
[1110] [M]: 0x000000008000B56C (0x66666537) lui a0, 0x66666
x10 <- 0x0000000066666000
mem[X,0x000000008000B570] -> 0x0513
mem[X,0x000000008000B572] -> 0x6665
[1111] [M]: 0x000000008000B570 (0x66650513) addi a0, a0, 0x666
x10 <- 0x0000000066666666
mem[X,0x000000008000B574] -> 0x1513
mem[X,0x000000008000B576] -> 0x00B5
[1112] [M]: 0x000000008000B574 (0x00B51513) slli a0, a0, 0xb
x10 <- 0x0000033333333000
mem[X,0x000000008000B578] -> 0x0513
mem[X,0x000000008000B57A] -> 0x3335
[1113] [M]: 0x000000008000B578 (0x33350513) addi a0, a0, 0x333
x10 <- 0x0000033333333333
mem[X,0x000000008000B57C] -> 0x1513
mem[X,0x000000008000B57E] -> 0x00B5
[1114] [M]: 0x000000008000B57C (0x00B51513) slli a0, a0, 0xb
x10 <- 0x0019999999999800
mem[X,0x000000008000B580] -> 0x0513
mem[X,0x000000008000B582] -> 0x1995
[1115] [M]: 0x000000008000B580 (0x19950513) addi a0, a0, 0x199
x10 <- 0x0019999999999999
mem[X,0x000000008000B584] -> 0x1513
mem[X,0x000000008000B586] -> 0x00A5
[1116] [M]: 0x000000008000B584 (0x00A51513) slli a0, a0, 0xa
x10 <- 0x6666666666666400
mem[X,0x000000008000B588] -> 0x0513
mem[X,0x000000008000B58A] -> 0x2655
[1117] [M]: 0x000000008000B588 (0x26550513) addi a0, a0, 0x265
x10 <- 0x6666666666666665
mem[X,0x000000008000B58C] -> 0x0593
mem[X,0x000000008000B58E] -> 0x0010
[1118] [M]: 0x000000008000B58C (0x00100593) addi a1, zero, 0x1
x11 <- 0x0000000000000001
mem[X,0x000000008000B590] -> 0x9593
mem[X,0x000000008000B592] -> 0x0155
[1119] [M]: 0x000000008000B590 (0x01559593) slli a1, a1, 0x15
x11 <- 0x0000000000200000
mem[X,0x000000008000B594] -> 0xC593
mem[X,0x000000008000B596] -> 0xFFF5
[1120] [M]: 0x000000008000B594 (0xFFF5C593) xori a1, a1, -0x1
x11 <- 0xFFFFFFFFFFDFFFFF
mem[X,0x000000008000B598] -> 0x0213
mem[X,0x000000008000B59A] -> 0x0000
[1121] [M]: 0x000000008000B598 (0x00000213) addi tp, zero, 0x0
x4 <- 0x0000000000000000
mem[X,0x000000008000B59C] -> 0x006F
mem[X,0x000000008000B59E] -> 0x00C0
[1122] [M]: 0x000000008000B59C (0x00C0006F) jal zero, 0xc
mem[X,0x000000008000B5A8] -> 0x0CE3
mem[X,0x000000008000B5AA] -> 0xFEB5
[1123] [M]: 0x000000008000B5A8 (0xFEB50CE3) beq a0, a1, -0x8
mem[X,0x000000008000B5AC] -> 0x0213
mem[X,0x000000008000B5AE] -> 0x0022
[1124] [M]: 0x000000008000B5AC (0x00220213) addi tp, tp, 0x2
x4 <- 0x0000000000000002
mem[X,0x000000008000B5B0] -> 0x006F
mem[X,0x000000008000B5B2] -> 0x00C0
[1125] [M]: 0x000000008000B5B0 (0x00C0006F) jal zero, 0xc
mem[X,0x000000008000B5BC] -> 0x3023
mem[X,0x000000008000B5BE] -> 0x2241
[1126] [M]: 0x000000008000B5BC (0x22413023) sd tp, 0x220(sp)
mem[0x00000000800483E8] <- 0x0000000000000002
mem[X,0x000000008000B5C0] -> 0x0513
mem[X,0x000000008000B5C2] -> 0x0010
[1127] [M]: 0x000000008000B5C0 (0x00100513) addi a0, zero, 0x1
x10 <- 0x0000000000000001
mem[X,0x000000008000B5C4] -> 0x1513
mem[X,0x000000008000B5C6] -> 0x03B5
[1128] [M]: 0x000000008000B5C4 (0x03B51513) slli a0, a0, 0x3b
x10 <- 0x0800000000000000
mem[X,0x000000008000B5C8] -> 0x0593
mem[X,0x000000008000B5CA] -> 0x0010
[1129] [M]: 0x000000008000B5C8 (0x00100593) addi a1, zero, 0x1
x11 <- 0x0000000000000001
mem[X,0x000000008000B5CC] -> 0x9593
mem[X,0x000000008000B5CE] -> 0x0165
[1130] [M]: 0x000000008000B5CC (0x01659593) slli a1, a1, 0x16
x11 <- 0x0000000000400000
mem[X,0x000000008000B5D0] -> 0xC593
mem[X,0x000000008000B5D2] -> 0xFFF5
[1131] [M]: 0x000000008000B5D0 (0xFFF5C593) xori a1, a1, -0x1
x11 <- 0xFFFFFFFFFFBFFFFF
mem[X,0x000000008000B5D4] -> 0x0213
mem[X,0x000000008000B5D6] -> 0x0000
[1132] [M]: 0x000000008000B5D4 (0x00000213) addi tp, zero, 0x0
x4 <- 0x0000000000000000
mem[X,0x000000008000B5D8] -> 0x006F
mem[X,0x000000008000B5DA] -> 0x0050
[1133] [M]: 0x000000008000B5D8 (0x0050006F) jal zero, 0x804
mem[X,0x000000008000BDDC] -> 0x00E3
mem[X,0x000000008000BDDE] -> 0x80B5
[1134] [M]: 0x000000008000BDDC (0x80B500E3) beq a0, a1, -0x800
mem[X,0x000000008000BDE0] -> 0x0213
mem[X,0x000000008000BDE2] -> 0x0022
[1135] [M]: 0x000000008000BDE0 (0x00220213) addi tp, tp, 0x2
x4 <- 0x0000000000000002
mem[X,0x000000008000BDE4] -> 0x006F
mem[X,0x000000008000BDE6] -> 0x00C0
[1136] [M]: 0x000000008000BDE4 (0x00C0006F) jal zero, 0xc
mem[X,0x000000008000BDF0] -> 0x3423
mem[X,0x000000008000BDF2] -> 0x2241
[1137] [M]: 0x000000008000BDF0 (0x22413423) sd tp, 0x228(sp)
mem[0x00000000800483F0] <- 0x0000000000000002
mem[X,0x000000008000BDF4] -> 0x0513
mem[X,0x000000008000BDF6] -> 0x0010
[1138] [M]: 0x000000008000BDF4 (0x00100513) addi a0, zero, 0x1
x10 <- 0x0000000000000001
mem[X,0x000000008000BDF8] -> 0x1513
mem[X,0x000000008000BDFA] -> 0x02E5
[1139] [M]: 0x000000008000BDF8 (0x02E51513) slli a0, a0, 0x2e
x10 <- 0x0000400000000000
mem[X,0x000000008000BDFC] -> 0x4513
mem[X,0x000000008000BDFE] -> 0xFFF5
[1140] [M]: 0x000000008000BDFC (0xFFF54513) xori a0, a0, -0x1
x10 <- 0xFFFFBFFFFFFFFFFF
mem[X,0x000000008000BE00] -> 0x0593
mem[X,0x000000008000BE02] -> 0x0010
[1141] [M]: 0x000000008000BE00 (0x00100593) addi a1, zero, 0x1
x11 <- 0x0000000000000001
mem[X,0x000000008000BE04] -> 0x9593
mem[X,0x000000008000BE06] -> 0x0175
[1142] [M]: 0x000000008000BE04 (0x01759593) slli a1, a1, 0x17
x11 <- 0x0000000000800000
mem[X,0x000000008000BE08] -> 0xC593
mem[X,0x000000008000BE0A] -> 0xFFF5
[1143] [M]: 0x000000008000BE08 (0xFFF5C593) xori a1, a1, -0x1
x11 <- 0xFFFFFFFFFF7FFFFF
mem[X,0x000000008000BE0C] -> 0x0213
mem[X,0x000000008000BE0E] -> 0x0000
[1144] [M]: 0x000000008000BE0C (0x00000213) addi tp, zero, 0x0
x4 <- 0x0000000000000000
mem[X,0x000000008000BE10] -> 0x006F
mem[X,0x000000008000BE12] -> 0x2B10
[1145] [M]: 0x000000008000BE10 (0x2B10006F) jal zero, 0xab0
mem[X,0x000000008000C8C0] -> 0x0A63
mem[X,0x000000008000C8C2] -> 0xD4B5
[1146] [M]: 0x000000008000C8C0 (0xD4B50A63) beq a0, a1, -0xaac
mem[X,0x000000008000C8C4] -> 0x0213
mem[X,0x000000008000C8C6] -> 0x0022
[1147] [M]: 0x000000008000C8C4 (0x00220213) addi tp, tp, 0x2
x4 <- 0x0000000000000002
mem[X,0x000000008000C8C8] -> 0x006F
mem[X,0x000000008000C8CA] -> 0x00C0
[1148] [M]: 0x000000008000C8C8 (0x00C0006F) jal zero, 0xc
mem[X,0x000000008000C8D4] -> 0x3823
mem[X,0x000000008000C8D6] -> 0x2241
[1149] [M]: 0x000000008000C8D4 (0x22413823) sd tp, 0x230(sp)
mem[0x00000000800483F8] <- 0x0000000000000002
mem[X,0x000000008000C8D8] -> 0x0513
mem[X,0x000000008000C8DA] -> 0xFF90
[1150] [M]: 0x000000008000C8D8 (0xFF900513) addi a0, zero, -0x7
x10 <- 0xFFFFFFFFFFFFFFF9
mem[X,0x000000008000C8DC] -> 0x0593
mem[X,0x000000008000C8DE] -> 0x0010
[1151] [M]: 0x000000008000C8DC (0x00100593) addi a1, zero, 0x1
x11 <- 0x0000000000000001
mem[X,0x000000008000C8E0] -> 0x9593
mem[X,0x000000008000C8E2] -> 0x0185
[1152] [M]: 0x000000008000C8E0 (0x01859593) slli a1, a1, 0x18
x11 <- 0x0000000001000000
mem[X,0x000000008000C8E4] -> 0xC593
mem[X,0x000000008000C8E6] -> 0xFFF5
[1153] [M]: 0x000000008000C8E4 (0xFFF5C593) xori a1, a1, -0x1
x11 <- 0xFFFFFFFFFEFFFFFF
mem[X,0x000000008000C8E8] -> 0x0213
mem[X,0x000000008000C8EA] -> 0x0000
[1154] [M]: 0x000000008000C8E8 (0x00000213) addi tp, zero, 0x0
x4 <- 0x0000000000000000
mem[X,0x000000008000C8EC] -> 0x006F
mem[X,0x000000008000C8EE] -> 0x00C0
[1155] [M]: 0x000000008000C8EC (0x00C0006F) jal zero, 0xc
mem[X,0x000000008000C8F8] -> 0x0663
mem[X,0x000000008000C8FA] -> 0x00B5
[1156] [M]: 0x000000008000C8F8 (0x00B50663) beq a0, a1, 0xc
mem[X,0x000000008000C8FC] -> 0x0213
mem[X,0x000000008000C8FE] -> 0x0022
[1157] [M]: 0x000000008000C8FC (0x00220213) addi tp, tp, 0x2
x4 <- 0x0000000000000002
mem[X,0x000000008000C900] -> 0x006F
mem[X,0x000000008000C902] -> 0x00C0
[1158] [M]: 0x000000008000C900 (0x00C0006F) jal zero, 0xc
mem[X,0x000000008000C90C] -> 0x3C23
mem[X,0x000000008000C90E] -> 0x2241
[1159] [M]: 0x000000008000C90C (0x22413C23) sd tp, 0x238(sp)
mem[0x0000000080048400] <- 0x0000000000000002
mem[X,0x000000008000C910] -> 0x0513
mem[X,0x000000008000C912] -> 0x0010
[1160] [M]: 0x000000008000C910 (0x00100513) addi a0, zero, 0x1
x10 <- 0x0000000000000001
mem[X,0x000000008000C914] -> 0x1513
mem[X,0x000000008000C916] -> 0x00F5
[1161] [M]: 0x000000008000C914 (0x00F51513) slli a0, a0, 0xf
x10 <- 0x0000000000008000
mem[X,0x000000008000C918] -> 0x4513
mem[X,0x000000008000C91A] -> 0xFFF5
[1162] [M]: 0x000000008000C918 (0xFFF54513) xori a0, a0, -0x1
x10 <- 0xFFFFFFFFFFFF7FFF
mem[X,0x000000008000C91C] -> 0x0593
mem[X,0x000000008000C91E] -> 0x0010
[1163] [M]: 0x000000008000C91C (0x00100593) addi a1, zero, 0x1
x11 <- 0x0000000000000001
mem[X,0x000000008000C920] -> 0x9593
mem[X,0x000000008000C922] -> 0x0195
[1164] [M]: 0x000000008000C920 (0x01959593) slli a1, a1, 0x19
x11 <- 0x0000000002000000
mem[X,0x000000008000C924] -> 0xC593
mem[X,0x000000008000C926] -> 0xFFF5
[1165] [M]: 0x000000008000C924 (0xFFF5C593) xori a1, a1, -0x1
x11 <- 0xFFFFFFFFFDFFFFFF
mem[X,0x000000008000C928] -> 0x0213
mem[X,0x000000008000C92A] -> 0x0000
[1166] [M]: 0x000000008000C928 (0x00000213) addi tp, zero, 0x0
x4 <- 0x0000000000000000
mem[X,0x000000008000C92C] -> 0x006F
mem[X,0x000000008000C92E] -> 0x2B10
[1167] [M]: 0x000000008000C92C (0x2B10006F) jal zero, 0xab0
mem[X,0x000000008000D3DC] -> 0x0A63
mem[X,0x000000008000D3DE] -> 0xD4B5
[1168] [M]: 0x000000008000D3DC (0xD4B50A63) beq a0, a1, -0xaac
mem[X,0x000000008000D3E0] -> 0x0213
mem[X,0x000000008000D3E2] -> 0x0022
[1169] [M]: 0x000000008000D3E0 (0x00220213) addi tp, tp, 0x2
x4 <- 0x0000000000000002
mem[X,0x000000008000D3E4] -> 0x006F
mem[X,0x000000008000D3E6] -> 0x00C0
[1170] [M]: 0x000000008000D3E4 (0x00C0006F) jal zero, 0xc
mem[X,0x000000008000D3F0] -> 0x3023
mem[X,0x000000008000D3F2] -> 0x2441
[1171] [M]: 0x000000008000D3F0 (0x24413023) sd tp, 0x240(sp)
mem[0x0000000080048408] <- 0x0000000000000002
mem[X,0x000000008000D3F4] -> 0x0513
mem[X,0x000000008000D3F6] -> 0x0010
[1172] [M]: 0x000000008000D3F4 (0x00100513) addi a0, zero, 0x1
x10 <- 0x0000000000000001
mem[X,0x000000008000D3F8] -> 0x1513
mem[X,0x000000008000D3FA] -> 0x00B5
[1173] [M]: 0x000000008000D3F8 (0x00B51513) slli a0, a0, 0xb
x10 <- 0x0000000000000800
mem[X,0x000000008000D3FC] -> 0x0593
mem[X,0x000000008000D3FE] -> 0x0010
[1174] [M]: 0x000000008000D3FC (0x00100593) addi a1, zero, 0x1
x11 <- 0x0000000000000001
mem[X,0x000000008000D400] -> 0x9593
mem[X,0x000000008000D402] -> 0x01A5
[1175] [M]: 0x000000008000D400 (0x01A59593) slli a1, a1, 0x1a
x11 <- 0x0000000004000000
mem[X,0x000000008000D404] -> 0xC593
mem[X,0x000000008000D406] -> 0xFFF5
[1176] [M]: 0x000000008000D404 (0xFFF5C593) xori a1, a1, -0x1
x11 <- 0xFFFFFFFFFBFFFFFF
mem[X,0x000000008000D408] -> 0x0213
mem[X,0x000000008000D40A] -> 0x0000
[1177] [M]: 0x000000008000D408 (0x00000213) addi tp, zero, 0x0
x4 <- 0x0000000000000000
mem[X,0x000000008000D40C] -> 0x006F
mem[X,0x000000008000D40E] -> 0x00C0
[1178] [M]: 0x000000008000D40C (0x00C0006F) jal zero, 0xc
mem[X,0x000000008000D418] -> 0x0663
mem[X,0x000000008000D41A] -> 0x00B5
[1179] [M]: 0x000000008000D418 (0x00B50663) beq a0, a1, 0xc
mem[X,0x000000008000D41C] -> 0x0213
mem[X,0x000000008000D41E] -> 0x0022
[1180] [M]: 0x000000008000D41C (0x00220213) addi tp, tp, 0x2
x4 <- 0x0000000000000002
mem[X,0x000000008000D420] -> 0x006F
mem[X,0x000000008000D422] -> 0x00C0
[1181] [M]: 0x000000008000D420 (0x00C0006F) jal zero, 0xc
mem[X,0x000000008000D42C] -> 0x3423
mem[X,0x000000008000D42E] -> 0x2441
[1182] [M]: 0x000000008000D42C (0x24413423) sd tp, 0x248(sp)
mem[0x0000000080048410] <- 0x0000000000000002
mem[X,0x000000008000D430] -> 0x0513
mem[X,0x000000008000D432] -> 0x0010
[1183] [M]: 0x000000008000D430 (0x00100513) addi a0, zero, 0x1
x10 <- 0x0000000000000001
mem[X,0x000000008000D434] -> 0x1513
mem[X,0x000000008000D436] -> 0x0135
[1184] [M]: 0x000000008000D434 (0x01351513) slli a0, a0, 0x13
x10 <- 0x0000000000080000
mem[X,0x000000008000D438] -> 0x0593
mem[X,0x000000008000D43A] -> 0x0010
[1185] [M]: 0x000000008000D438 (0x00100593) addi a1, zero, 0x1
x11 <- 0x0000000000000001
mem[X,0x000000008000D43C] -> 0x9593
mem[X,0x000000008000D43E] -> 0x01B5
[1186] [M]: 0x000000008000D43C (0x01B59593) slli a1, a1, 0x1b
x11 <- 0x0000000008000000
mem[X,0x000000008000D440] -> 0xC593
mem[X,0x000000008000D442] -> 0xFFF5
[1187] [M]: 0x000000008000D440 (0xFFF5C593) xori a1, a1, -0x1
x11 <- 0xFFFFFFFFF7FFFFFF
mem[X,0x000000008000D444] -> 0x0213
mem[X,0x000000008000D446] -> 0x0000
[1188] [M]: 0x000000008000D444 (0x00000213) addi tp, zero, 0x0
x4 <- 0x0000000000000000
mem[X,0x000000008000D448] -> 0x006F
mem[X,0x000000008000D44A] -> 0x00C0
[1189] [M]: 0x000000008000D448 (0x00C0006F) jal zero, 0xc
mem[X,0x000000008000D454] -> 0x0663
mem[X,0x000000008000D456] -> 0x00B5
[1190] [M]: 0x000000008000D454 (0x00B50663) beq a0, a1, 0xc
mem[X,0x000000008000D458] -> 0x0213
mem[X,0x000000008000D45A] -> 0x0022
[1191] [M]: 0x000000008000D458 (0x00220213) addi tp, tp, 0x2
x4 <- 0x0000000000000002
mem[X,0x000000008000D45C] -> 0x006F
mem[X,0x000000008000D45E] -> 0x00C0
[1192] [M]: 0x000000008000D45C (0x00C0006F) jal zero, 0xc
mem[X,0x000000008000D468] -> 0x3823
mem[X,0x000000008000D46A] -> 0x2441
[1193] [M]: 0x000000008000D468 (0x24413823) sd tp, 0x250(sp)
mem[0x0000000080048418] <- 0x0000000000000002
mem[X,0x000000008000D46C] -> 0x0513
mem[X,0x000000008000D46E] -> 0x0010
[1194] [M]: 0x000000008000D46C (0x00100513) addi a0, zero, 0x1
x10 <- 0x0000000000000001
mem[X,0x000000008000D470] -> 0x1513
mem[X,0x000000008000D472] -> 0x0175
[1195] [M]: 0x000000008000D470 (0x01751513) slli a0, a0, 0x17
x10 <- 0x0000000000800000
mem[X,0x000000008000D474] -> 0x0593
mem[X,0x000000008000D476] -> 0x0010
[1196] [M]: 0x000000008000D474 (0x00100593) addi a1, zero, 0x1
x11 <- 0x0000000000000001
mem[X,0x000000008000D478] -> 0x9593
mem[X,0x000000008000D47A] -> 0x01C5
[1197] [M]: 0x000000008000D478 (0x01C59593) slli a1, a1, 0x1c
x11 <- 0x0000000010000000
mem[X,0x000000008000D47C] -> 0xC593
mem[X,0x000000008000D47E] -> 0xFFF5
[1198] [M]: 0x000000008000D47C (0xFFF5C593) xori a1, a1, -0x1
x11 <- 0xFFFFFFFFEFFFFFFF
mem[X,0x000000008000D480] -> 0x0213
mem[X,0x000000008000D482] -> 0x0000
[1199] [M]: 0x000000008000D480 (0x00000213) addi tp, zero, 0x0
x4 <- 0x0000000000000000
clint::tick mtime <- 0x000000000000000C
 clint timer pending at mtime 0x000000000000000C
htif::tick 0x0000000000000000
mem[X,0x000000008000D484] -> 0x006F
mem[X,0x000000008000D486] -> 0x0100
[1200] [M]: 0x000000008000D484 (0x0100006F) jal zero, 0x10
mem[X,0x000000008000D494] -> 0x0AE3
mem[X,0x000000008000D496] -> 0xFEB5
[1201] [M]: 0x000000008000D494 (0xFEB50AE3) beq a0, a1, -0xc
mem[X,0x000000008000D498] -> 0x0213
mem[X,0x000000008000D49A] -> 0x0022
[1202] [M]: 0x000000008000D498 (0x00220213) addi tp, tp, 0x2
x4 <- 0x0000000000000002
mem[X,0x000000008000D49C] -> 0x006F
mem[X,0x000000008000D49E] -> 0x00C0
[1203] [M]: 0x000000008000D49C (0x00C0006F) jal zero, 0xc
mem[X,0x000000008000D4A8] -> 0x3C23
mem[X,0x000000008000D4AA] -> 0x2441
[1204] [M]: 0x000000008000D4A8 (0x24413C23) sd tp, 0x258(sp)
mem[0x0000000080048420] <- 0x0000000000000002
mem[X,0x000000008000D4AC] -> 0x0513
mem[X,0x000000008000D4AE] -> 0x0010
[1205] [M]: 0x000000008000D4AC (0x00100513) addi a0, zero, 0x1
x10 <- 0x0000000000000001
mem[X,0x000000008000D4B0] -> 0x1513
mem[X,0x000000008000D4B2] -> 0x0125
[1206] [M]: 0x000000008000D4B0 (0x01251513) slli a0, a0, 0x12
x10 <- 0x0000000000040000
mem[X,0x000000008000D4B4] -> 0x4513
mem[X,0x000000008000D4B6] -> 0xFFF5
[1207] [M]: 0x000000008000D4B4 (0xFFF54513) xori a0, a0, -0x1
x10 <- 0xFFFFFFFFFFFBFFFF
mem[X,0x000000008000D4B8] -> 0x0593
mem[X,0x000000008000D4BA] -> 0x0010
[1208] [M]: 0x000000008000D4B8 (0x00100593) addi a1, zero, 0x1
x11 <- 0x0000000000000001
mem[X,0x000000008000D4BC] -> 0x9593
mem[X,0x000000008000D4BE] -> 0x01D5
[1209] [M]: 0x000000008000D4BC (0x01D59593) slli a1, a1, 0x1d
x11 <- 0x0000000020000000
mem[X,0x000000008000D4C0] -> 0xC593
mem[X,0x000000008000D4C2] -> 0xFFF5
[1210] [M]: 0x000000008000D4C0 (0xFFF5C593) xori a1, a1, -0x1
x11 <- 0xFFFFFFFFDFFFFFFF
mem[X,0x000000008000D4C4] -> 0x0213
mem[X,0x000000008000D4C6] -> 0x0000
[1211] [M]: 0x000000008000D4C4 (0x00000213) addi tp, zero, 0x0
x4 <- 0x0000000000000000
mem[X,0x000000008000D4C8] -> 0x006F
mem[X,0x000000008000D4CA] -> 0x00C0
[1212] [M]: 0x000000008000D4C8 (0x00C0006F) jal zero, 0xc
mem[X,0x000000008000D4D4] -> 0x0663
mem[X,0x000000008000D4D6] -> 0x00B5
[1213] [M]: 0x000000008000D4D4 (0x00B50663) beq a0, a1, 0xc
mem[X,0x000000008000D4D8] -> 0x0213
mem[X,0x000000008000D4DA] -> 0x0022
[1214] [M]: 0x000000008000D4D8 (0x00220213) addi tp, tp, 0x2
x4 <- 0x0000000000000002
mem[X,0x000000008000D4DC] -> 0x006F
mem[X,0x000000008000D4DE] -> 0x00C0
[1215] [M]: 0x000000008000D4DC (0x00C0006F) jal zero, 0xc
mem[X,0x000000008000D4E8] -> 0x3023
mem[X,0x000000008000D4EA] -> 0x2641
[1216] [M]: 0x000000008000D4E8 (0x26413023) sd tp, 0x260(sp)
mem[0x0000000080048428] <- 0x0000000000000002
mem[X,0x000000008000D4EC] -> 0x0513
mem[X,0x000000008000D4EE] -> 0x0010
[1217] [M]: 0x000000008000D4EC (0x00100513) addi a0, zero, 0x1
x10 <- 0x0000000000000001
mem[X,0x000000008000D4F0] -> 0x1513
mem[X,0x000000008000D4F2] -> 0x0195
[1218] [M]: 0x000000008000D4F0 (0x01951513) slli a0, a0, 0x19
x10 <- 0x0000000002000000
mem[X,0x000000008000D4F4] -> 0x4513
mem[X,0x000000008000D4F6] -> 0xFFF5
[1219] [M]: 0x000000008000D4F4 (0xFFF54513) xori a0, a0, -0x1
x10 <- 0xFFFFFFFFFDFFFFFF
mem[X,0x000000008000D4F8] -> 0x0593
mem[X,0x000000008000D4FA] -> 0x0010
[1220] [M]: 0x000000008000D4F8 (0x00100593) addi a1, zero, 0x1
x11 <- 0x0000000000000001
mem[X,0x000000008000D4FC] -> 0x9593
mem[X,0x000000008000D4FE] -> 0x01E5
[1221] [M]: 0x000000008000D4FC (0x01E59593) slli a1, a1, 0x1e
x11 <- 0x0000000040000000
mem[X,0x000000008000D500] -> 0xC593
mem[X,0x000000008000D502] -> 0xFFF5
[1222] [M]: 0x000000008000D500 (0xFFF5C593) xori a1, a1, -0x1
x11 <- 0xFFFFFFFFBFFFFFFF
mem[X,0x000000008000D504] -> 0x0213
mem[X,0x000000008000D506] -> 0x0000
[1223] [M]: 0x000000008000D504 (0x00000213) addi tp, zero, 0x0
x4 <- 0x0000000000000000
mem[X,0x000000008000D508] -> 0x006F
mem[X,0x000000008000D50A] -> 0x00C0
[1224] [M]: 0x000000008000D508 (0x00C0006F) jal zero, 0xc
mem[X,0x000000008000D514] -> 0x0063
mem[X,0x000000008000D516] -> 0x04B5
[1225] [M]: 0x000000008000D514 (0x04B50063) beq a0, a1, 0x40
mem[X,0x000000008000D518] -> 0x0213
mem[X,0x000000008000D51A] -> 0x0022
[1226] [M]: 0x000000008000D518 (0x00220213) addi tp, tp, 0x2
x4 <- 0x0000000000000002
mem[X,0x000000008000D51C] -> 0x006F
mem[X,0x000000008000D51E] -> 0x0400
[1227] [M]: 0x000000008000D51C (0x0400006F) jal zero, 0x40
mem[X,0x000000008000D55C] -> 0x3423
mem[X,0x000000008000D55E] -> 0x2641
[1228] [M]: 0x000000008000D55C (0x26413423) sd tp, 0x268(sp)
mem[0x0000000080048430] <- 0x0000000000000002
mem[X,0x000000008000D560] -> 0x0513
mem[X,0x000000008000D562] -> 0x0010
[1229] [M]: 0x000000008000D560 (0x00100513) addi a0, zero, 0x1
x10 <- 0x0000000000000001
mem[X,0x000000008000D564] -> 0x1513
mem[X,0x000000008000D566] -> 0x03A5
[1230] [M]: 0x000000008000D564 (0x03A51513) slli a0, a0, 0x3a
x10 <- 0x0400000000000000
mem[X,0x000000008000D568] -> 0x4513
mem[X,0x000000008000D56A] -> 0xFFF5
[1231] [M]: 0x000000008000D568 (0xFFF54513) xori a0, a0, -0x1
x10 <- 0xFBFFFFFFFFFFFFFF
mem[X,0x000000008000D56C] -> 0x0593
mem[X,0x000000008000D56E] -> 0x0010
[1232] [M]: 0x000000008000D56C (0x00100593) addi a1, zero, 0x1
x11 <- 0x0000000000000001
mem[X,0x000000008000D570] -> 0x9593
mem[X,0x000000008000D572] -> 0x01F5
[1233] [M]: 0x000000008000D570 (0x01F59593) slli a1, a1, 0x1f
x11 <- 0x0000000080000000
mem[X,0x000000008000D574] -> 0xC593
mem[X,0x000000008000D576] -> 0xFFF5
[1234] [M]: 0x000000008000D574 (0xFFF5C593) xori a1, a1, -0x1
x11 <- 0xFFFFFFFF7FFFFFFF
mem[X,0x000000008000D578] -> 0x0213
mem[X,0x000000008000D57A] -> 0x0000
[1235] [M]: 0x000000008000D578 (0x00000213) addi tp, zero, 0x0
x4 <- 0x0000000000000000
mem[X,0x000000008000D57C] -> 0x006F
mem[X,0x000000008000D57E] -> 0x00C0
[1236] [M]: 0x000000008000D57C (0x00C0006F) jal zero, 0xc
mem[X,0x000000008000D588] -> 0x0063
mem[X,0x000000008000D58A] -> 0x02B5
[1237] [M]: 0x000000008000D588 (0x02B50063) beq a0, a1, 0x20
mem[X,0x000000008000D58C] -> 0x0213
mem[X,0x000000008000D58E] -> 0x0022
[1238] [M]: 0x000000008000D58C (0x00220213) addi tp, tp, 0x2
x4 <- 0x0000000000000002
mem[X,0x000000008000D590] -> 0x006F
mem[X,0x000000008000D592] -> 0x0200
[1239] [M]: 0x000000008000D590 (0x0200006F) jal zero, 0x20
mem[X,0x000000008000D5B0] -> 0x3823
mem[X,0x000000008000D5B2] -> 0x2641
[1240] [M]: 0x000000008000D5B0 (0x26413823) sd tp, 0x270(sp)
mem[0x0000000080048438] <- 0x0000000000000002
mem[X,0x000000008000D5B4] -> 0x0513
mem[X,0x000000008000D5B6] -> 0x0010
[1241] [M]: 0x000000008000D5B4 (0x00100513) addi a0, zero, 0x1
x10 <- 0x0000000000000001
mem[X,0x000000008000D5B8] -> 0x1513
mem[X,0x000000008000D5BA] -> 0x0295
[1242] [M]: 0x000000008000D5B8 (0x02951513) slli a0, a0, 0x29
x10 <- 0x0000020000000000
mem[X,0x000000008000D5BC] -> 0x0593
mem[X,0x000000008000D5BE] -> 0x0010
[1243] [M]: 0x000000008000D5BC (0x00100593) addi a1, zero, 0x1
x11 <- 0x0000000000000001
mem[X,0x000000008000D5C0] -> 0x9593
mem[X,0x000000008000D5C2] -> 0x0205
[1244] [M]: 0x000000008000D5C0 (0x02059593) slli a1, a1, 0x20
x11 <- 0x0000000100000000
mem[X,0x000000008000D5C4] -> 0xC593
mem[X,0x000000008000D5C6] -> 0xFFF5
[1245] [M]: 0x000000008000D5C4 (0xFFF5C593) xori a1, a1, -0x1
x11 <- 0xFFFFFFFEFFFFFFFF
mem[X,0x000000008000D5C8] -> 0x0213
mem[X,0x000000008000D5CA] -> 0x0000
[1246] [M]: 0x000000008000D5C8 (0x00000213) addi tp, zero, 0x0
x4 <- 0x0000000000000000
mem[X,0x000000008000D5CC] -> 0x006F
mem[X,0x000000008000D5CE] -> 0x00C0
[1247] [M]: 0x000000008000D5CC (0x00C0006F) jal zero, 0xc
mem[X,0x000000008000D5D8] -> 0x0063
mem[X,0x000000008000D5DA] -> 0x40B5
[1248] [M]: 0x000000008000D5D8 (0x40B50063) beq a0, a1, 0x400
mem[X,0x000000008000D5DC] -> 0x0213
mem[X,0x000000008000D5DE] -> 0x0022
[1249] [M]: 0x000000008000D5DC (0x00220213) addi tp, tp, 0x2
x4 <- 0x0000000000000002
mem[X,0x000000008000D5E0] -> 0x006F
mem[X,0x000000008000D5E2] -> 0x4000
[1250] [M]: 0x000000008000D5E0 (0x4000006F) jal zero, 0x400
mem[X,0x000000008000D9E0] -> 0x3C23
mem[X,0x000000008000D9E2] -> 0x2641
[1251] [M]: 0x000000008000D9E0 (0x26413C23) sd tp, 0x278(sp)
mem[0x0000000080048440] <- 0x0000000000000002
mem[X,0x000000008000D9E4] -> 0x0513
mem[X,0x000000008000D9E6] -> 0x0010
[1252] [M]: 0x000000008000D9E4 (0x00100513) addi a0, zero, 0x1
x10 <- 0x0000000000000001
mem[X,0x000000008000D9E8] -> 0x1513
mem[X,0x000000008000D9EA] -> 0x0105
[1253] [M]: 0x000000008000D9E8 (0x01051513) slli a0, a0, 0x10
x10 <- 0x0000000000010000
mem[X,0x000000008000D9EC] -> 0x4513
mem[X,0x000000008000D9EE] -> 0xFFF5
[1254] [M]: 0x000000008000D9EC (0xFFF54513) xori a0, a0, -0x1
x10 <- 0xFFFFFFFFFFFEFFFF
mem[X,0x000000008000D9F0] -> 0x0593
mem[X,0x000000008000D9F2] -> 0x0010
[1255] [M]: 0x000000008000D9F0 (0x00100593) addi a1, zero, 0x1
x11 <- 0x0000000000000001
mem[X,0x000000008000D9F4] -> 0x9593
mem[X,0x000000008000D9F6] -> 0x0215
[1256] [M]: 0x000000008000D9F4 (0x02159593) slli a1, a1, 0x21
x11 <- 0x0000000200000000
mem[X,0x000000008000D9F8] -> 0xC593
mem[X,0x000000008000D9FA] -> 0xFFF5
[1257] [M]: 0x000000008000D9F8 (0xFFF5C593) xori a1, a1, -0x1
x11 <- 0xFFFFFFFDFFFFFFFF
mem[X,0x000000008000D9FC] -> 0x0213
mem[X,0x000000008000D9FE] -> 0x0000
[1258] [M]: 0x000000008000D9FC (0x00000213) addi tp, zero, 0x0
x4 <- 0x0000000000000000
mem[X,0x000000008000DA00] -> 0x006F
mem[X,0x000000008000DA02] -> 0x00C0
[1259] [M]: 0x000000008000DA00 (0x00C0006F) jal zero, 0xc
mem[X,0x000000008000DA0C] -> 0x0CE3
mem[X,0x000000008000DA0E] -> 0xFEB5
[1260] [M]: 0x000000008000DA0C (0xFEB50CE3) beq a0, a1, -0x8
mem[X,0x000000008000DA10] -> 0x0213
mem[X,0x000000008000DA12] -> 0x0022
[1261] [M]: 0x000000008000DA10 (0x00220213) addi tp, tp, 0x2
x4 <- 0x0000000000000002
mem[X,0x000000008000DA14] -> 0x006F
mem[X,0x000000008000DA16] -> 0x00C0
[1262] [M]: 0x000000008000DA14 (0x00C0006F) jal zero, 0xc
mem[X,0x000000008000DA20] -> 0x3023
mem[X,0x000000008000DA22] -> 0x2841
[1263] [M]: 0x000000008000DA20 (0x28413023) sd tp, 0x280(sp)
mem[0x0000000080048448] <- 0x0000000000000002
mem[X,0x000000008000DA24] -> 0x0513
mem[X,0x000000008000DA26] -> 0xFF90
[1264] [M]: 0x000000008000DA24 (0xFF900513) addi a0, zero, -0x7
x10 <- 0xFFFFFFFFFFFFFFF9
mem[X,0x000000008000DA28] -> 0x0593
mem[X,0x000000008000DA2A] -> 0x0010
[1265] [M]: 0x000000008000DA28 (0x00100593) addi a1, zero, 0x1
x11 <- 0x0000000000000001
mem[X,0x000000008000DA2C] -> 0x9593
mem[X,0x000000008000DA2E] -> 0x0225
[1266] [M]: 0x000000008000DA2C (0x02259593) slli a1, a1, 0x22
x11 <- 0x0000000400000000
mem[X,0x000000008000DA30] -> 0xC593
mem[X,0x000000008000DA32] -> 0xFFF5
[1267] [M]: 0x000000008000DA30 (0xFFF5C593) xori a1, a1, -0x1
x11 <- 0xFFFFFFFBFFFFFFFF
mem[X,0x000000008000DA34] -> 0x0213
mem[X,0x000000008000DA36] -> 0x0000
[1268] [M]: 0x000000008000DA34 (0x00000213) addi tp, zero, 0x0
x4 <- 0x0000000000000000
mem[X,0x000000008000DA38] -> 0x006F
mem[X,0x000000008000DA3A] -> 0x00C0
[1269] [M]: 0x000000008000DA38 (0x00C0006F) jal zero, 0xc
mem[X,0x000000008000DA44] -> 0x0663
mem[X,0x000000008000DA46] -> 0x00B5
[1270] [M]: 0x000000008000DA44 (0x00B50663) beq a0, a1, 0xc
mem[X,0x000000008000DA48] -> 0x0213
mem[X,0x000000008000DA4A] -> 0x0022
[1271] [M]: 0x000000008000DA48 (0x00220213) addi tp, tp, 0x2
x4 <- 0x0000000000000002
mem[X,0x000000008000DA4C] -> 0x006F
mem[X,0x000000008000DA4E] -> 0x00C0
[1272] [M]: 0x000000008000DA4C (0x00C0006F) jal zero, 0xc
mem[X,0x000000008000DA58] -> 0x3423
mem[X,0x000000008000DA5A] -> 0x2841
[1273] [M]: 0x000000008000DA58 (0x28413423) sd tp, 0x288(sp)
mem[0x0000000080048450] <- 0x0000000000000002
mem[X,0x000000008000DA5C] -> 0x0513
mem[X,0x000000008000DA5E] -> 0x0010
[1274] [M]: 0x000000008000DA5C (0x00100513) addi a0, zero, 0x1
x10 <- 0x0000000000000001
mem[X,0x000000008000DA60] -> 0x1513
mem[X,0x000000008000DA62] -> 0x01A5
[1275] [M]: 0x000000008000DA60 (0x01A51513) slli a0, a0, 0x1a
x10 <- 0x0000000004000000
mem[X,0x000000008000DA64] -> 0x4513
mem[X,0x000000008000DA66] -> 0xFFF5
[1276] [M]: 0x000000008000DA64 (0xFFF54513) xori a0, a0, -0x1
x10 <- 0xFFFFFFFFFBFFFFFF
mem[X,0x000000008000DA68] -> 0x0593
mem[X,0x000000008000DA6A] -> 0x0010
[1277] [M]: 0x000000008000DA68 (0x00100593) addi a1, zero, 0x1
x11 <- 0x0000000000000001
mem[X,0x000000008000DA6C] -> 0x9593
mem[X,0x000000008000DA6E] -> 0x0235
[1278] [M]: 0x000000008000DA6C (0x02359593) slli a1, a1, 0x23
x11 <- 0x0000000800000000
mem[X,0x000000008000DA70] -> 0xC593
mem[X,0x000000008000DA72] -> 0xFFF5
[1279] [M]: 0x000000008000DA70 (0xFFF5C593) xori a1, a1, -0x1
x11 <- 0xFFFFFFF7FFFFFFFF
mem[X,0x000000008000DA74] -> 0x0213
mem[X,0x000000008000DA76] -> 0x0000
[1280] [M]: 0x000000008000DA74 (0x00000213) addi tp, zero, 0x0
x4 <- 0x0000000000000000
mem[X,0x000000008000DA78] -> 0x006F
mem[X,0x000000008000DA7A] -> 0x0140
[1281] [M]: 0x000000008000DA78 (0x0140006F) jal zero, 0x14
mem[X,0x000000008000DA8C] -> 0x08E3
mem[X,0x000000008000DA8E] -> 0xFEB5
[1282] [M]: 0x000000008000DA8C (0xFEB508E3) beq a0, a1, -0x10
mem[X,0x000000008000DA90] -> 0x0213
mem[X,0x000000008000DA92] -> 0x0022
[1283] [M]: 0x000000008000DA90 (0x00220213) addi tp, tp, 0x2
x4 <- 0x0000000000000002
mem[X,0x000000008000DA94] -> 0x006F
mem[X,0x000000008000DA96] -> 0x00C0
[1284] [M]: 0x000000008000DA94 (0x00C0006F) jal zero, 0xc
mem[X,0x000000008000DAA0] -> 0x3823
mem[X,0x000000008000DAA2] -> 0x2841
[1285] [M]: 0x000000008000DAA0 (0x28413823) sd tp, 0x290(sp)
mem[0x0000000080048458] <- 0x0000000000000002
mem[X,0x000000008000DAA4] -> 0x0513
mem[X,0x000000008000DAA6] -> 0x0040
[1286] [M]: 0x000000008000DAA4 (0x00400513) addi a0, zero, 0x4
x10 <- 0x0000000000000004
mem[X,0x000000008000DAA8] -> 0x0593
mem[X,0x000000008000DAAA] -> 0x0010
[1287] [M]: 0x000000008000DAA8 (0x00100593) addi a1, zero, 0x1
x11 <- 0x0000000000000001
mem[X,0x000000008000DAAC] -> 0x9593
mem[X,0x000000008000DAAE] -> 0x0245
[1288] [M]: 0x000000008000DAAC (0x02459593) slli a1, a1, 0x24
x11 <- 0x0000001000000000
mem[X,0x000000008000DAB0] -> 0xC593
mem[X,0x000000008000DAB2] -> 0xFFF5
[1289] [M]: 0x000000008000DAB0 (0xFFF5C593) xori a1, a1, -0x1
x11 <- 0xFFFFFFEFFFFFFFFF
mem[X,0x000000008000DAB4] -> 0x0213
mem[X,0x000000008000DAB6] -> 0x0000
[1290] [M]: 0x000000008000DAB4 (0x00000213) addi tp, zero, 0x0
x4 <- 0x0000000000000000
mem[X,0x000000008000DAB8] -> 0x006F
mem[X,0x000000008000DABA] -> 0x00C0
[1291] [M]: 0x000000008000DAB8 (0x00C0006F) jal zero, 0xc
mem[X,0x000000008000DAC4] -> 0x0063
mem[X,0x000000008000DAC6] -> 0x04B5
[1292] [M]: 0x000000008000DAC4 (0x04B50063) beq a0, a1, 0x40
mem[X,0x000000008000DAC8] -> 0x0213
mem[X,0x000000008000DACA] -> 0x0022
[1293] [M]: 0x000000008000DAC8 (0x00220213) addi tp, tp, 0x2
x4 <- 0x0000000000000002
mem[X,0x000000008000DACC] -> 0x006F
mem[X,0x000000008000DACE] -> 0x0400
[1294] [M]: 0x000000008000DACC (0x0400006F) jal zero, 0x40
mem[X,0x000000008000DB0C] -> 0x3C23
mem[X,0x000000008000DB0E] -> 0x2841
[1295] [M]: 0x000000008000DB0C (0x28413C23) sd tp, 0x298(sp)
mem[0x0000000080048460] <- 0x0000000000000002
mem[X,0x000000008000DB10] -> 0x0513
mem[X,0x000000008000DB12] -> 0x0010
[1296] [M]: 0x000000008000DB10 (0x00100513) addi a0, zero, 0x1
x10 <- 0x0000000000000001
mem[X,0x000000008000DB14] -> 0x1513
mem[X,0x000000008000DB16] -> 0x0185
[1297] [M]: 0x000000008000DB14 (0x01851513) slli a0, a0, 0x18
x10 <- 0x0000000001000000
mem[X,0x000000008000DB18] -> 0x4513
mem[X,0x000000008000DB1A] -> 0xFFF5
[1298] [M]: 0x000000008000DB18 (0xFFF54513) xori a0, a0, -0x1
x10 <- 0xFFFFFFFFFEFFFFFF
mem[X,0x000000008000DB1C] -> 0x0593
mem[X,0x000000008000DB1E] -> 0x0010
[1299] [M]: 0x000000008000DB1C (0x00100593) addi a1, zero, 0x1
x11 <- 0x0000000000000001
clint::tick mtime <- 0x000000000000000D
 clint timer pending at mtime 0x000000000000000D
htif::tick 0x0000000000000000
mem[X,0x000000008000DB20] -> 0x9593
mem[X,0x000000008000DB22] -> 0x0255
[1300] [M]: 0x000000008000DB20 (0x02559593) slli a1, a1, 0x25
x11 <- 0x0000002000000000
mem[X,0x000000008000DB24] -> 0xC593
mem[X,0x000000008000DB26] -> 0xFFF5
[1301] [M]: 0x000000008000DB24 (0xFFF5C593) xori a1, a1, -0x1
x11 <- 0xFFFFFFDFFFFFFFFF
mem[X,0x000000008000DB28] -> 0x0213
mem[X,0x000000008000DB2A] -> 0x0000
[1302] [M]: 0x000000008000DB28 (0x00000213) addi tp, zero, 0x0
x4 <- 0x0000000000000000
mem[X,0x000000008000DB2C] -> 0x006F
mem[X,0x000000008000DB2E] -> 0x00C0
[1303] [M]: 0x000000008000DB2C (0x00C0006F) jal zero, 0xc
mem[X,0x000000008000DB38] -> 0x0063
mem[X,0x000000008000DB3A] -> 0x04B5
[1304] [M]: 0x000000008000DB38 (0x04B50063) beq a0, a1, 0x40
mem[X,0x000000008000DB3C] -> 0x0213
mem[X,0x000000008000DB3E] -> 0x0022
[1305] [M]: 0x000000008000DB3C (0x00220213) addi tp, tp, 0x2
x4 <- 0x0000000000000002
mem[X,0x000000008000DB40] -> 0x006F
mem[X,0x000000008000DB42] -> 0x0400
[1306] [M]: 0x000000008000DB40 (0x0400006F) jal zero, 0x40
mem[X,0x000000008000DB80] -> 0x3023
mem[X,0x000000008000DB82] -> 0x2A41
[1307] [M]: 0x000000008000DB80 (0x2A413023) sd tp, 0x2a0(sp)
mem[0x0000000080048468] <- 0x0000000000000002
mem[X,0x000000008000DB84] -> 0x0513
mem[X,0x000000008000DB86] -> 0xFFD0
[1308] [M]: 0x000000008000DB84 (0xFFD00513) addi a0, zero, -0x3
x10 <- 0xFFFFFFFFFFFFFFFD
mem[X,0x000000008000DB88] -> 0x0593
mem[X,0x000000008000DB8A] -> 0x0010
[1309] [M]: 0x000000008000DB88 (0x00100593) addi a1, zero, 0x1
x11 <- 0x0000000000000001
mem[X,0x000000008000DB8C] -> 0x9593
mem[X,0x000000008000DB8E] -> 0x0265
[1310] [M]: 0x000000008000DB8C (0x02659593) slli a1, a1, 0x26
x11 <- 0x0000004000000000
mem[X,0x000000008000DB90] -> 0xC593
mem[X,0x000000008000DB92] -> 0xFFF5
[1311] [M]: 0x000000008000DB90 (0xFFF5C593) xori a1, a1, -0x1
x11 <- 0xFFFFFFBFFFFFFFFF
mem[X,0x000000008000DB94] -> 0x0213
mem[X,0x000000008000DB96] -> 0x0000
[1312] [M]: 0x000000008000DB94 (0x00000213) addi tp, zero, 0x0
x4 <- 0x0000000000000000
mem[X,0x000000008000DB98] -> 0x006F
mem[X,0x000000008000DB9A] -> 0x0180
[1313] [M]: 0x000000008000DB98 (0x0180006F) jal zero, 0x18
mem[X,0x000000008000DBB0] -> 0x06E3
mem[X,0x000000008000DBB2] -> 0xFEB5
[1314] [M]: 0x000000008000DBB0 (0xFEB506E3) beq a0, a1, -0x14
mem[X,0x000000008000DBB4] -> 0x0213
mem[X,0x000000008000DBB6] -> 0x0022
[1315] [M]: 0x000000008000DBB4 (0x00220213) addi tp, tp, 0x2
x4 <- 0x0000000000000002
mem[X,0x000000008000DBB8] -> 0x006F
mem[X,0x000000008000DBBA] -> 0x00C0
[1316] [M]: 0x000000008000DBB8 (0x00C0006F) jal zero, 0xc
mem[X,0x000000008000DBC4] -> 0x3423
mem[X,0x000000008000DBC6] -> 0x2A41
[1317] [M]: 0x000000008000DBC4 (0x2A413423) sd tp, 0x2a8(sp)
mem[0x0000000080048470] <- 0x0000000000000002
mem[X,0x000000008000DBC8] -> 0x0513
mem[X,0x000000008000DBCA] -> 0xFF80
[1318] [M]: 0x000000008000DBC8 (0xFF800513) addi a0, zero, -0x8
x10 <- 0xFFFFFFFFFFFFFFF8
mem[X,0x000000008000DBCC] -> 0x0593
mem[X,0x000000008000DBCE] -> 0x0010
[1319] [M]: 0x000000008000DBCC (0x00100593) addi a1, zero, 0x1
x11 <- 0x0000000000000001
mem[X,0x000000008000DBD0] -> 0x9593
mem[X,0x000000008000DBD2] -> 0x0275
[1320] [M]: 0x000000008000DBD0 (0x02759593) slli a1, a1, 0x27
x11 <- 0x0000008000000000
mem[X,0x000000008000DBD4] -> 0xC593
mem[X,0x000000008000DBD6] -> 0xFFF5
[1321] [M]: 0x000000008000DBD4 (0xFFF5C593) xori a1, a1, -0x1
x11 <- 0xFFFFFF7FFFFFFFFF
mem[X,0x000000008000DBD8] -> 0x0213
mem[X,0x000000008000DBDA] -> 0x0000
[1322] [M]: 0x000000008000DBD8 (0x00000213) addi tp, zero, 0x0
x4 <- 0x0000000000000000
mem[X,0x000000008000DBDC] -> 0x006F
mem[X,0x000000008000DBDE] -> 0x00C0
[1323] [M]: 0x000000008000DBDC (0x00C0006F) jal zero, 0xc
mem[X,0x000000008000DBE8] -> 0x0CE3
mem[X,0x000000008000DBEA] -> 0xFEB5
[1324] [M]: 0x000000008000DBE8 (0xFEB50CE3) beq a0, a1, -0x8
mem[X,0x000000008000DBEC] -> 0x0213
mem[X,0x000000008000DBEE] -> 0x0022
[1325] [M]: 0x000000008000DBEC (0x00220213) addi tp, tp, 0x2
x4 <- 0x0000000000000002
mem[X,0x000000008000DBF0] -> 0x006F
mem[X,0x000000008000DBF2] -> 0x00C0
[1326] [M]: 0x000000008000DBF0 (0x00C0006F) jal zero, 0xc
mem[X,0x000000008000DBFC] -> 0x3823
mem[X,0x000000008000DBFE] -> 0x2A41
[1327] [M]: 0x000000008000DBFC (0x2A413823) sd tp, 0x2b0(sp)
mem[0x0000000080048478] <- 0x0000000000000002
mem[X,0x000000008000DC00] -> 0x0513
mem[X,0x000000008000DC02] -> 0x0010
[1328] [M]: 0x000000008000DC00 (0x00100513) addi a0, zero, 0x1
x10 <- 0x0000000000000001
mem[X,0x000000008000DC04] -> 0x1513
mem[X,0x000000008000DC06] -> 0x0115
[1329] [M]: 0x000000008000DC04 (0x01151513) slli a0, a0, 0x11
x10 <- 0x0000000000020000
mem[X,0x000000008000DC08] -> 0x4513
mem[X,0x000000008000DC0A] -> 0xFFF5
[1330] [M]: 0x000000008000DC08 (0xFFF54513) xori a0, a0, -0x1
x10 <- 0xFFFFFFFFFFFDFFFF
mem[X,0x000000008000DC0C] -> 0x0593
mem[X,0x000000008000DC0E] -> 0x0010
[1331] [M]: 0x000000008000DC0C (0x00100593) addi a1, zero, 0x1
x11 <- 0x0000000000000001
mem[X,0x000000008000DC10] -> 0x9593
mem[X,0x000000008000DC12] -> 0x0285
[1332] [M]: 0x000000008000DC10 (0x02859593) slli a1, a1, 0x28
x11 <- 0x0000010000000000
mem[X,0x000000008000DC14] -> 0xC593
mem[X,0x000000008000DC16] -> 0xFFF5
[1333] [M]: 0x000000008000DC14 (0xFFF5C593) xori a1, a1, -0x1
x11 <- 0xFFFFFEFFFFFFFFFF
mem[X,0x000000008000DC18] -> 0x0213
mem[X,0x000000008000DC1A] -> 0x0000
[1334] [M]: 0x000000008000DC18 (0x00000213) addi tp, zero, 0x0
x4 <- 0x0000000000000000
mem[X,0x000000008000DC1C] -> 0x006F
mem[X,0x000000008000DC1E] -> 0x0050
[1335] [M]: 0x000000008000DC1C (0x0050006F) jal zero, 0x804
mem[X,0x000000008000E420] -> 0x00E3
mem[X,0x000000008000E422] -> 0x80B5
[1336] [M]: 0x000000008000E420 (0x80B500E3) beq a0, a1, -0x800
mem[X,0x000000008000E424] -> 0x0213
mem[X,0x000000008000E426] -> 0x0022
[1337] [M]: 0x000000008000E424 (0x00220213) addi tp, tp, 0x2
x4 <- 0x0000000000000002
mem[X,0x000000008000E428] -> 0x006F
mem[X,0x000000008000E42A] -> 0x00C0
[1338] [M]: 0x000000008000E428 (0x00C0006F) jal zero, 0xc
mem[X,0x000000008000E434] -> 0x3C23
mem[X,0x000000008000E436] -> 0x2A41
[1339] [M]: 0x000000008000E434 (0x2A413C23) sd tp, 0x2b8(sp)
mem[0x0000000080048480] <- 0x0000000000000002
mem[X,0x000000008000E438] -> 0x0513
mem[X,0x000000008000E43A] -> 0x0010
[1340] [M]: 0x000000008000E438 (0x00100513) addi a0, zero, 0x1
x10 <- 0x0000000000000001
mem[X,0x000000008000E43C] -> 0x1513
mem[X,0x000000008000E43E] -> 0x02F5
[1341] [M]: 0x000000008000E43C (0x02F51513) slli a0, a0, 0x2f
x10 <- 0x0000800000000000
mem[X,0x000000008000E440] -> 0x4513
mem[X,0x000000008000E442] -> 0xFFF5
[1342] [M]: 0x000000008000E440 (0xFFF54513) xori a0, a0, -0x1
x10 <- 0xFFFF7FFFFFFFFFFF
mem[X,0x000000008000E444] -> 0x0593
mem[X,0x000000008000E446] -> 0x0010
[1343] [M]: 0x000000008000E444 (0x00100593) addi a1, zero, 0x1
x11 <- 0x0000000000000001
mem[X,0x000000008000E448] -> 0x9593
mem[X,0x000000008000E44A] -> 0x0295
[1344] [M]: 0x000000008000E448 (0x02959593) slli a1, a1, 0x29
x11 <- 0x0000020000000000
mem[X,0x000000008000E44C] -> 0xC593
mem[X,0x000000008000E44E] -> 0xFFF5
[1345] [M]: 0x000000008000E44C (0xFFF5C593) xori a1, a1, -0x1
x11 <- 0xFFFFFDFFFFFFFFFF
mem[X,0x000000008000E450] -> 0x0213
mem[X,0x000000008000E452] -> 0x0000
[1346] [M]: 0x000000008000E450 (0x00000213) addi tp, zero, 0x0
x4 <- 0x0000000000000000
mem[X,0x000000008000E454] -> 0x006F
mem[X,0x000000008000E456] -> 0x00C0
[1347] [M]: 0x000000008000E454 (0x00C0006F) jal zero, 0xc
mem[X,0x000000008000E460] -> 0x0063
mem[X,0x000000008000E462] -> 0x08B5
[1348] [M]: 0x000000008000E460 (0x08B50063) beq a0, a1, 0x80
mem[X,0x000000008000E464] -> 0x0213
mem[X,0x000000008000E466] -> 0x0022
[1349] [M]: 0x000000008000E464 (0x00220213) addi tp, tp, 0x2
x4 <- 0x0000000000000002
mem[X,0x000000008000E468] -> 0x006F
mem[X,0x000000008000E46A] -> 0x0800
[1350] [M]: 0x000000008000E468 (0x0800006F) jal zero, 0x80
mem[X,0x000000008000E4E8] -> 0x3023
mem[X,0x000000008000E4EA] -> 0x2C41
[1351] [M]: 0x000000008000E4E8 (0x2C413023) sd tp, 0x2c0(sp)
mem[0x0000000080048488] <- 0x0000000000000002
mem[X,0x000000008000E4EC] -> 0x0513
mem[X,0x000000008000E4EE] -> 0x0010
[1352] [M]: 0x000000008000E4EC (0x00100513) addi a0, zero, 0x1
x10 <- 0x0000000000000001
mem[X,0x000000008000E4F0] -> 0x1513
mem[X,0x000000008000E4F2] -> 0x0105
[1353] [M]: 0x000000008000E4F0 (0x01051513) slli a0, a0, 0x10
x10 <- 0x0000000000010000
mem[X,0x000000008000E4F4] -> 0x0593
mem[X,0x000000008000E4F6] -> 0x0010
[1354] [M]: 0x000000008000E4F4 (0x00100593) addi a1, zero, 0x1
x11 <- 0x0000000000000001
mem[X,0x000000008000E4F8] -> 0x9593
mem[X,0x000000008000E4FA] -> 0x02A5
[1355] [M]: 0x000000008000E4F8 (0x02A59593) slli a1, a1, 0x2a
x11 <- 0x0000040000000000
mem[X,0x000000008000E4FC] -> 0xC593
mem[X,0x000000008000E4FE] -> 0xFFF5
[1356] [M]: 0x000000008000E4FC (0xFFF5C593) xori a1, a1, -0x1
x11 <- 0xFFFFFBFFFFFFFFFF
mem[X,0x000000008000E500] -> 0x0213
mem[X,0x000000008000E502] -> 0x0000
[1357] [M]: 0x000000008000E500 (0x00000213) addi tp, zero, 0x0
x4 <- 0x0000000000000000
mem[X,0x000000008000E504] -> 0x006F
mem[X,0x000000008000E506] -> 0x00C0
[1358] [M]: 0x000000008000E504 (0x00C0006F) jal zero, 0xc
mem[X,0x000000008000E510] -> 0x0063
mem[X,0x000000008000E512] -> 0x10B5
[1359] [M]: 0x000000008000E510 (0x10B50063) beq a0, a1, 0x100
mem[X,0x000000008000E514] -> 0x0213
mem[X,0x000000008000E516] -> 0x0022
[1360] [M]: 0x000000008000E514 (0x00220213) addi tp, tp, 0x2
x4 <- 0x0000000000000002
mem[X,0x000000008000E518] -> 0x006F
mem[X,0x000000008000E51A] -> 0x1000
[1361] [M]: 0x000000008000E518 (0x1000006F) jal zero, 0x100
mem[X,0x000000008000E618] -> 0x3423
mem[X,0x000000008000E61A] -> 0x2C41
[1362] [M]: 0x000000008000E618 (0x2C413423) sd tp, 0x2c8(sp)
mem[0x0000000080048490] <- 0x0000000000000002
mem[X,0x000000008000E61C] -> 0x0513
mem[X,0x000000008000E61E] -> 0x0000
[1363] [M]: 0x000000008000E61C (0x00000513) addi a0, zero, 0x0
x10 <- 0x0000000000000000
mem[X,0x000000008000E620] -> 0x0593
mem[X,0x000000008000E622] -> 0x0010
[1364] [M]: 0x000000008000E620 (0x00100593) addi a1, zero, 0x1
x11 <- 0x0000000000000001
mem[X,0x000000008000E624] -> 0x9593
mem[X,0x000000008000E626] -> 0x02B5
[1365] [M]: 0x000000008000E624 (0x02B59593) slli a1, a1, 0x2b
x11 <- 0x0000080000000000
mem[X,0x000000008000E628] -> 0xC593
mem[X,0x000000008000E62A] -> 0xFFF5
[1366] [M]: 0x000000008000E628 (0xFFF5C593) xori a1, a1, -0x1
x11 <- 0xFFFFF7FFFFFFFFFF
mem[X,0x000000008000E62C] -> 0x0213
mem[X,0x000000008000E62E] -> 0x0000
[1367] [M]: 0x000000008000E62C (0x00000213) addi tp, zero, 0x0
x4 <- 0x0000000000000000
mem[X,0x000000008000E630] -> 0x006F
mem[X,0x000000008000E632] -> 0x0140
[1368] [M]: 0x000000008000E630 (0x0140006F) jal zero, 0x14
mem[X,0x000000008000E644] -> 0x08E3
mem[X,0x000000008000E646] -> 0xFEB5
[1369] [M]: 0x000000008000E644 (0xFEB508E3) beq a0, a1, -0x10
mem[X,0x000000008000E648] -> 0x0213
mem[X,0x000000008000E64A] -> 0x0022
[1370] [M]: 0x000000008000E648 (0x00220213) addi tp, tp, 0x2
x4 <- 0x0000000000000002
mem[X,0x000000008000E64C] -> 0x006F
mem[X,0x000000008000E64E] -> 0x00C0
[1371] [M]: 0x000000008000E64C (0x00C0006F) jal zero, 0xc
mem[X,0x000000008000E658] -> 0x3823
mem[X,0x000000008000E65A] -> 0x2C41
[1372] [M]: 0x000000008000E658 (0x2C413823) sd tp, 0x2d0(sp)
mem[0x0000000080048498] <- 0x0000000000000002
mem[X,0x000000008000E65C] -> 0x0513
mem[X,0x000000008000E65E] -> 0x0010
[1373] [M]: 0x000000008000E65C (0x00100513) addi a0, zero, 0x1
x10 <- 0x0000000000000001
mem[X,0x000000008000E660] -> 0x1513
mem[X,0x000000008000E662] -> 0x0285
[1374] [M]: 0x000000008000E660 (0x02851513) slli a0, a0, 0x28
x10 <- 0x0000010000000000
mem[X,0x000000008000E664] -> 0x4513
mem[X,0x000000008000E666] -> 0xFFF5
[1375] [M]: 0x000000008000E664 (0xFFF54513) xori a0, a0, -0x1
x10 <- 0xFFFFFEFFFFFFFFFF
mem[X,0x000000008000E668] -> 0x0593
mem[X,0x000000008000E66A] -> 0x0010
[1376] [M]: 0x000000008000E668 (0x00100593) addi a1, zero, 0x1
x11 <- 0x0000000000000001
mem[X,0x000000008000E66C] -> 0x9593
mem[X,0x000000008000E66E] -> 0x02C5
[1377] [M]: 0x000000008000E66C (0x02C59593) slli a1, a1, 0x2c
x11 <- 0x0000100000000000
mem[X,0x000000008000E670] -> 0xC593
mem[X,0x000000008000E672] -> 0xFFF5
[1378] [M]: 0x000000008000E670 (0xFFF5C593) xori a1, a1, -0x1
x11 <- 0xFFFFEFFFFFFFFFFF
mem[X,0x000000008000E674] -> 0x0213
mem[X,0x000000008000E676] -> 0x0000
[1379] [M]: 0x000000008000E674 (0x00000213) addi tp, zero, 0x0
x4 <- 0x0000000000000000
mem[X,0x000000008000E678] -> 0x006F
mem[X,0x000000008000E67A] -> 0x00C0
[1380] [M]: 0x000000008000E678 (0x00C0006F) jal zero, 0xc
mem[X,0x000000008000E684] -> 0x0863
mem[X,0x000000008000E686] -> 0x00B5
[1381] [M]: 0x000000008000E684 (0x00B50863) beq a0, a1, 0x10
mem[X,0x000000008000E688] -> 0x0213
mem[X,0x000000008000E68A] -> 0x0022
[1382] [M]: 0x000000008000E688 (0x00220213) addi tp, tp, 0x2
x4 <- 0x0000000000000002
mem[X,0x000000008000E68C] -> 0x006F
mem[X,0x000000008000E68E] -> 0x0100
[1383] [M]: 0x000000008000E68C (0x0100006F) jal zero, 0x10
mem[X,0x000000008000E69C] -> 0x3C23
mem[X,0x000000008000E69E] -> 0x2C41
[1384] [M]: 0x000000008000E69C (0x2C413C23) sd tp, 0x2d8(sp)
mem[0x00000000800484A0] <- 0x0000000000000002
mem[X,0x000000008000E6A0] -> 0x0513
mem[X,0x000000008000E6A2] -> 0x0010
[1385] [M]: 0x000000008000E6A0 (0x00100513) addi a0, zero, 0x1
x10 <- 0x0000000000000001
mem[X,0x000000008000E6A4] -> 0x1513
mem[X,0x000000008000E6A6] -> 0x01A5
[1386] [M]: 0x000000008000E6A4 (0x01A51513) slli a0, a0, 0x1a
x10 <- 0x0000000004000000
mem[X,0x000000008000E6A8] -> 0x4513
mem[X,0x000000008000E6AA] -> 0xFFF5
[1387] [M]: 0x000000008000E6A8 (0xFFF54513) xori a0, a0, -0x1
x10 <- 0xFFFFFFFFFBFFFFFF
mem[X,0x000000008000E6AC] -> 0x0593
mem[X,0x000000008000E6AE] -> 0x0010
[1388] [M]: 0x000000008000E6AC (0x00100593) addi a1, zero, 0x1
x11 <- 0x0000000000000001
mem[X,0x000000008000E6B0] -> 0x9593
mem[X,0x000000008000E6B2] -> 0x02D5
[1389] [M]: 0x000000008000E6B0 (0x02D59593) slli a1, a1, 0x2d
x11 <- 0x0000200000000000
mem[X,0x000000008000E6B4] -> 0xC593
mem[X,0x000000008000E6B6] -> 0xFFF5
[1390] [M]: 0x000000008000E6B4 (0xFFF5C593) xori a1, a1, -0x1
x11 <- 0xFFFFDFFFFFFFFFFF
mem[X,0x000000008000E6B8] -> 0x0213
mem[X,0x000000008000E6BA] -> 0x0000
[1391] [M]: 0x000000008000E6B8 (0x00000213) addi tp, zero, 0x0
x4 <- 0x0000000000000000
mem[X,0x000000008000E6BC] -> 0x006F
mem[X,0x000000008000E6BE] -> 0x2B10
[1392] [M]: 0x000000008000E6BC (0x2B10006F) jal zero, 0xab0
mem[X,0x000000008000F16C] -> 0x0A63
mem[X,0x000000008000F16E] -> 0xD4B5
[1393] [M]: 0x000000008000F16C (0xD4B50A63) beq a0, a1, -0xaac
mem[X,0x000000008000F170] -> 0x0213
mem[X,0x000000008000F172] -> 0x0022
[1394] [M]: 0x000000008000F170 (0x00220213) addi tp, tp, 0x2
x4 <- 0x0000000000000002
mem[X,0x000000008000F174] -> 0x006F
mem[X,0x000000008000F176] -> 0x00C0
[1395] [M]: 0x000000008000F174 (0x00C0006F) jal zero, 0xc
mem[X,0x000000008000F180] -> 0x3023
mem[X,0x000000008000F182] -> 0x2E41
[1396] [M]: 0x000000008000F180 (0x2E413023) sd tp, 0x2e0(sp)
mem[0x00000000800484A8] <- 0x0000000000000002
mem[X,0x000000008000F184] -> 0x0513
mem[X,0x000000008000F186] -> 0x0010
[1397] [M]: 0x000000008000F184 (0x00100513) addi a0, zero, 0x1
x10 <- 0x0000000000000001
mem[X,0x000000008000F188] -> 0x1513
mem[X,0x000000008000F18A] -> 0x0135
[1398] [M]: 0x000000008000F188 (0x01351513) slli a0, a0, 0x13
x10 <- 0x0000000000080000
mem[X,0x000000008000F18C] -> 0x0593
mem[X,0x000000008000F18E] -> 0x0010
[1399] [M]: 0x000000008000F18C (0x00100593) addi a1, zero, 0x1
x11 <- 0x0000000000000001
clint::tick mtime <- 0x000000000000000E
 clint timer pending at mtime 0x000000000000000E
htif::tick 0x0000000000000000
mem[X,0x000000008000F190] -> 0x9593
mem[X,0x000000008000F192] -> 0x0305
[1400] [M]: 0x000000008000F190 (0x03059593) slli a1, a1, 0x30
x11 <- 0x0001000000000000
mem[X,0x000000008000F194] -> 0xC593
mem[X,0x000000008000F196] -> 0xFFF5
[1401] [M]: 0x000000008000F194 (0xFFF5C593) xori a1, a1, -0x1
x11 <- 0xFFFEFFFFFFFFFFFF
mem[X,0x000000008000F198] -> 0x0213
mem[X,0x000000008000F19A] -> 0x0000
[1402] [M]: 0x000000008000F198 (0x00000213) addi tp, zero, 0x0
x4 <- 0x0000000000000000
mem[X,0x000000008000F19C] -> 0x006F
mem[X,0x000000008000F19E] -> 0x00C0
[1403] [M]: 0x000000008000F19C (0x00C0006F) jal zero, 0xc
mem[X,0x000000008000F1A8] -> 0x0CE3
mem[X,0x000000008000F1AA] -> 0xFEB5
[1404] [M]: 0x000000008000F1A8 (0xFEB50CE3) beq a0, a1, -0x8
mem[X,0x000000008000F1AC] -> 0x0213
mem[X,0x000000008000F1AE] -> 0x0022
[1405] [M]: 0x000000008000F1AC (0x00220213) addi tp, tp, 0x2
x4 <- 0x0000000000000002
mem[X,0x000000008000F1B0] -> 0x006F
mem[X,0x000000008000F1B2] -> 0x00C0
[1406] [M]: 0x000000008000F1B0 (0x00C0006F) jal zero, 0xc
mem[X,0x000000008000F1BC] -> 0x3423
mem[X,0x000000008000F1BE] -> 0x2E41
[1407] [M]: 0x000000008000F1BC (0x2E413423) sd tp, 0x2e8(sp)
mem[0x00000000800484B0] <- 0x0000000000000002
mem[X,0x000000008000F1C0] -> 0x5537
mem[X,0x000000008000F1C2] -> 0x5555
[1408] [M]: 0x000000008000F1C0 (0x55555537) lui a0, 0x55555
x10 <- 0x0000000055555000
mem[X,0x000000008000F1C4] -> 0x0513
mem[X,0x000000008000F1C6] -> 0x5555
[1409] [M]: 0x000000008000F1C4 (0x55550513) addi a0, a0, 0x555
x10 <- 0x0000000055555555
mem[X,0x000000008000F1C8] -> 0x1513
mem[X,0x000000008000F1CA] -> 0x00B5
[1410] [M]: 0x000000008000F1C8 (0x00B51513) slli a0, a0, 0xb
x10 <- 0x000002AAAAAAA800
mem[X,0x000000008000F1CC] -> 0x0513
mem[X,0x000000008000F1CE] -> 0x2AA5
[1411] [M]: 0x000000008000F1CC (0x2AA50513) addi a0, a0, 0x2aa
x10 <- 0x000002AAAAAAAAAA
mem[X,0x000000008000F1D0] -> 0x1513
mem[X,0x000000008000F1D2] -> 0x00B5
[1412] [M]: 0x000000008000F1D0 (0x00B51513) slli a0, a0, 0xb
x10 <- 0x0015555555555000
mem[X,0x000000008000F1D4] -> 0x0513
mem[X,0x000000008000F1D6] -> 0x5555
[1413] [M]: 0x000000008000F1D4 (0x55550513) addi a0, a0, 0x555
x10 <- 0x0015555555555555
mem[X,0x000000008000F1D8] -> 0x1513
mem[X,0x000000008000F1DA] -> 0x00A5
[1414] [M]: 0x000000008000F1D8 (0x00A51513) slli a0, a0, 0xa
x10 <- 0x5555555555555400
mem[X,0x000000008000F1DC] -> 0x0513
mem[X,0x000000008000F1DE] -> 0x1565
[1415] [M]: 0x000000008000F1DC (0x15650513) addi a0, a0, 0x156
x10 <- 0x5555555555555556
mem[X,0x000000008000F1E0] -> 0x0593
mem[X,0x000000008000F1E2] -> 0x0010
[1416] [M]: 0x000000008000F1E0 (0x00100593) addi a1, zero, 0x1
x11 <- 0x0000000000000001
mem[X,0x000000008000F1E4] -> 0x9593
mem[X,0x000000008000F1E6] -> 0x0315
[1417] [M]: 0x000000008000F1E4 (0x03159593) slli a1, a1, 0x31
x11 <- 0x0002000000000000
mem[X,0x000000008000F1E8] -> 0xC593
mem[X,0x000000008000F1EA] -> 0xFFF5
[1418] [M]: 0x000000008000F1E8 (0xFFF5C593) xori a1, a1, -0x1
x11 <- 0xFFFDFFFFFFFFFFFF
mem[X,0x000000008000F1EC] -> 0x0213
mem[X,0x000000008000F1EE] -> 0x0000
[1419] [M]: 0x000000008000F1EC (0x00000213) addi tp, zero, 0x0
x4 <- 0x0000000000000000
mem[X,0x000000008000F1F0] -> 0x006F
mem[X,0x000000008000F1F2] -> 0x00C0
[1420] [M]: 0x000000008000F1F0 (0x00C0006F) jal zero, 0xc
mem[X,0x000000008000F1FC] -> 0x0663
mem[X,0x000000008000F1FE] -> 0x00B5
[1421] [M]: 0x000000008000F1FC (0x00B50663) beq a0, a1, 0xc
mem[X,0x000000008000F200] -> 0x0213
mem[X,0x000000008000F202] -> 0x0022
[1422] [M]: 0x000000008000F200 (0x00220213) addi tp, tp, 0x2
x4 <- 0x0000000000000002
mem[X,0x000000008000F204] -> 0x006F
mem[X,0x000000008000F206] -> 0x00C0
[1423] [M]: 0x000000008000F204 (0x00C0006F) jal zero, 0xc
mem[X,0x000000008000F210] -> 0x3823
mem[X,0x000000008000F212] -> 0x2E41
[1424] [M]: 0x000000008000F210 (0x2E413823) sd tp, 0x2f0(sp)
mem[0x00000000800484B8] <- 0x0000000000000002
mem[X,0x000000008000F214] -> 0x0513
mem[X,0x000000008000F216] -> 0x0090
[1425] [M]: 0x000000008000F214 (0x00900513) addi a0, zero, 0x9
x10 <- 0x0000000000000009
mem[X,0x000000008000F218] -> 0x0593
mem[X,0x000000008000F21A] -> 0x0010
[1426] [M]: 0x000000008000F218 (0x00100593) addi a1, zero, 0x1
x11 <- 0x0000000000000001
mem[X,0x000000008000F21C] -> 0x9593
mem[X,0x000000008000F21E] -> 0x0325
[1427] [M]: 0x000000008000F21C (0x03259593) slli a1, a1, 0x32
x11 <- 0x0004000000000000
mem[X,0x000000008000F220] -> 0xC593
mem[X,0x000000008000F222] -> 0xFFF5
[1428] [M]: 0x000000008000F220 (0xFFF5C593) xori a1, a1, -0x1
x11 <- 0xFFFBFFFFFFFFFFFF
mem[X,0x000000008000F224] -> 0x0213
mem[X,0x000000008000F226] -> 0x0000
[1429] [M]: 0x000000008000F224 (0x00000213) addi tp, zero, 0x0
x4 <- 0x0000000000000000
mem[X,0x000000008000F228] -> 0x006F
mem[X,0x000000008000F22A] -> 0x00C0
[1430] [M]: 0x000000008000F228 (0x00C0006F) jal zero, 0xc
mem[X,0x000000008000F234] -> 0x0663
mem[X,0x000000008000F236] -> 0x00B5
[1431] [M]: 0x000000008000F234 (0x00B50663) beq a0, a1, 0xc
mem[X,0x000000008000F238] -> 0x0213
mem[X,0x000000008000F23A] -> 0x0022
[1432] [M]: 0x000000008000F238 (0x00220213) addi tp, tp, 0x2
x4 <- 0x0000000000000002
mem[X,0x000000008000F23C] -> 0x006F
mem[X,0x000000008000F23E] -> 0x00C0
[1433] [M]: 0x000000008000F23C (0x00C0006F) jal zero, 0xc
mem[X,0x000000008000F248] -> 0x3C23
mem[X,0x000000008000F24A] -> 0x2E41
[1434] [M]: 0x000000008000F248 (0x2E413C23) sd tp, 0x2f8(sp)
mem[0x00000000800484C0] <- 0x0000000000000002
mem[X,0x000000008000F24C] -> 0x0513
mem[X,0x000000008000F24E] -> 0x0010
[1435] [M]: 0x000000008000F24C (0x00100513) addi a0, zero, 0x1
x10 <- 0x0000000000000001
mem[X,0x000000008000F250] -> 0x1513
mem[X,0x000000008000F252] -> 0x03E5
[1436] [M]: 0x000000008000F250 (0x03E51513) slli a0, a0, 0x3e
x10 <- 0x4000000000000000
mem[X,0x000000008000F254] -> 0x4513
mem[X,0x000000008000F256] -> 0xFFF5
[1437] [M]: 0x000000008000F254 (0xFFF54513) xori a0, a0, -0x1
x10 <- 0xBFFFFFFFFFFFFFFF
mem[X,0x000000008000F258] -> 0x0593
mem[X,0x000000008000F25A] -> 0x0010
[1438] [M]: 0x000000008000F258 (0x00100593) addi a1, zero, 0x1
x11 <- 0x0000000000000001
mem[X,0x000000008000F25C] -> 0x9593
mem[X,0x000000008000F25E] -> 0x0335
[1439] [M]: 0x000000008000F25C (0x03359593) slli a1, a1, 0x33
x11 <- 0x0008000000000000
mem[X,0x000000008000F260] -> 0xC593
mem[X,0x000000008000F262] -> 0xFFF5
[1440] [M]: 0x000000008000F260 (0xFFF5C593) xori a1, a1, -0x1
x11 <- 0xFFF7FFFFFFFFFFFF
mem[X,0x000000008000F264] -> 0x0213
mem[X,0x000000008000F266] -> 0x0000
[1441] [M]: 0x000000008000F264 (0x00000213) addi tp, zero, 0x0
x4 <- 0x0000000000000000
mem[X,0x000000008000F268] -> 0x006F
mem[X,0x000000008000F26A] -> 0x0100
[1442] [M]: 0x000000008000F268 (0x0100006F) jal zero, 0x10
mem[X,0x000000008000F278] -> 0x0AE3
mem[X,0x000000008000F27A] -> 0xFEB5
[1443] [M]: 0x000000008000F278 (0xFEB50AE3) beq a0, a1, -0xc
mem[X,0x000000008000F27C] -> 0x0213
mem[X,0x000000008000F27E] -> 0x0022
[1444] [M]: 0x000000008000F27C (0x00220213) addi tp, tp, 0x2
x4 <- 0x0000000000000002
mem[X,0x000000008000F280] -> 0x006F
mem[X,0x000000008000F282] -> 0x00C0
[1445] [M]: 0x000000008000F280 (0x00C0006F) jal zero, 0xc
mem[X,0x000000008000F28C] -> 0x3023
mem[X,0x000000008000F28E] -> 0x3041
[1446] [M]: 0x000000008000F28C (0x30413023) sd tp, 0x300(sp)
mem[0x00000000800484C8] <- 0x0000000000000002
mem[X,0x000000008000F290] -> 0x0513
mem[X,0x000000008000F292] -> 0xFF70
[1447] [M]: 0x000000008000F290 (0xFF700513) addi a0, zero, -0x9
x10 <- 0xFFFFFFFFFFFFFFF7
mem[X,0x000000008000F294] -> 0x0593
mem[X,0x000000008000F296] -> 0x0010
[1448] [M]: 0x000000008000F294 (0x00100593) addi a1, zero, 0x1
x11 <- 0x0000000000000001
mem[X,0x000000008000F298] -> 0x9593
mem[X,0x000000008000F29A] -> 0x0345
[1449] [M]: 0x000000008000F298 (0x03459593) slli a1, a1, 0x34
x11 <- 0x0010000000000000
mem[X,0x000000008000F29C] -> 0xC593
mem[X,0x000000008000F29E] -> 0xFFF5
[1450] [M]: 0x000000008000F29C (0xFFF5C593) xori a1, a1, -0x1
x11 <- 0xFFEFFFFFFFFFFFFF
mem[X,0x000000008000F2A0] -> 0x0213
mem[X,0x000000008000F2A2] -> 0x0000
[1451] [M]: 0x000000008000F2A0 (0x00000213) addi tp, zero, 0x0
x4 <- 0x0000000000000000
mem[X,0x000000008000F2A4] -> 0x006F
mem[X,0x000000008000F2A6] -> 0x00C0
[1452] [M]: 0x000000008000F2A4 (0x00C0006F) jal zero, 0xc
mem[X,0x000000008000F2B0] -> 0x0CE3
mem[X,0x000000008000F2B2] -> 0xFEB5
[1453] [M]: 0x000000008000F2B0 (0xFEB50CE3) beq a0, a1, -0x8
mem[X,0x000000008000F2B4] -> 0x0213
mem[X,0x000000008000F2B6] -> 0x0022
[1454] [M]: 0x000000008000F2B4 (0x00220213) addi tp, tp, 0x2
x4 <- 0x0000000000000002
mem[X,0x000000008000F2B8] -> 0x006F
mem[X,0x000000008000F2BA] -> 0x00C0
[1455] [M]: 0x000000008000F2B8 (0x00C0006F) jal zero, 0xc
mem[X,0x000000008000F2C4] -> 0x3423
mem[X,0x000000008000F2C6] -> 0x3041
[1456] [M]: 0x000000008000F2C4 (0x30413423) sd tp, 0x308(sp)
mem[0x00000000800484D0] <- 0x0000000000000002
mem[X,0x000000008000F2C8] -> 0x0513
mem[X,0x000000008000F2CA] -> 0xFF60
[1457] [M]: 0x000000008000F2C8 (0xFF600513) addi a0, zero, -0xa
x10 <- 0xFFFFFFFFFFFFFFF6
mem[X,0x000000008000F2CC] -> 0x0593
mem[X,0x000000008000F2CE] -> 0x0010
[1458] [M]: 0x000000008000F2CC (0x00100593) addi a1, zero, 0x1
x11 <- 0x0000000000000001
mem[X,0x000000008000F2D0] -> 0x9593
mem[X,0x000000008000F2D2] -> 0x0355
[1459] [M]: 0x000000008000F2D0 (0x03559593) slli a1, a1, 0x35
x11 <- 0x0020000000000000
mem[X,0x000000008000F2D4] -> 0xC593
mem[X,0x000000008000F2D6] -> 0xFFF5
[1460] [M]: 0x000000008000F2D4 (0xFFF5C593) xori a1, a1, -0x1
x11 <- 0xFFDFFFFFFFFFFFFF
mem[X,0x000000008000F2D8] -> 0x0213
mem[X,0x000000008000F2DA] -> 0x0000
[1461] [M]: 0x000000008000F2D8 (0x00000213) addi tp, zero, 0x0
x4 <- 0x0000000000000000
mem[X,0x000000008000F2DC] -> 0x006F
mem[X,0x000000008000F2DE] -> 0x2B10
[1462] [M]: 0x000000008000F2DC (0x2B10006F) jal zero, 0xab0
mem[X,0x000000008000FD8C] -> 0x0A63
mem[X,0x000000008000FD8E] -> 0xD4B5
[1463] [M]: 0x000000008000FD8C (0xD4B50A63) beq a0, a1, -0xaac
mem[X,0x000000008000FD90] -> 0x0213
mem[X,0x000000008000FD92] -> 0x0022
[1464] [M]: 0x000000008000FD90 (0x00220213) addi tp, tp, 0x2
x4 <- 0x0000000000000002
mem[X,0x000000008000FD94] -> 0x006F
mem[X,0x000000008000FD96] -> 0x00C0
[1465] [M]: 0x000000008000FD94 (0x00C0006F) jal zero, 0xc
mem[X,0x000000008000FDA0] -> 0x3823
mem[X,0x000000008000FDA2] -> 0x3041
[1466] [M]: 0x000000008000FDA0 (0x30413823) sd tp, 0x310(sp)
mem[0x00000000800484D8] <- 0x0000000000000002
mem[X,0x000000008000FDA4] -> 0x0513
mem[X,0x000000008000FDA6] -> 0x0010
[1467] [M]: 0x000000008000FDA4 (0x00100513) addi a0, zero, 0x1
x10 <- 0x0000000000000001
mem[X,0x000000008000FDA8] -> 0x1513
mem[X,0x000000008000FDAA] -> 0x02F5
[1468] [M]: 0x000000008000FDA8 (0x02F51513) slli a0, a0, 0x2f
x10 <- 0x0000800000000000
mem[X,0x000000008000FDAC] -> 0x0593
mem[X,0x000000008000FDAE] -> 0x0010
[1469] [M]: 0x000000008000FDAC (0x00100593) addi a1, zero, 0x1
x11 <- 0x0000000000000001
mem[X,0x000000008000FDB0] -> 0x9593
mem[X,0x000000008000FDB2] -> 0x0365
[1470] [M]: 0x000000008000FDB0 (0x03659593) slli a1, a1, 0x36
x11 <- 0x0040000000000000
mem[X,0x000000008000FDB4] -> 0xC593
mem[X,0x000000008000FDB6] -> 0xFFF5
[1471] [M]: 0x000000008000FDB4 (0xFFF5C593) xori a1, a1, -0x1
x11 <- 0xFFBFFFFFFFFFFFFF
mem[X,0x000000008000FDB8] -> 0x0213
mem[X,0x000000008000FDBA] -> 0x0000
[1472] [M]: 0x000000008000FDB8 (0x00000213) addi tp, zero, 0x0
x4 <- 0x0000000000000000
mem[X,0x000000008000FDBC] -> 0x006F
mem[X,0x000000008000FDBE] -> 0x00C0
[1473] [M]: 0x000000008000FDBC (0x00C0006F) jal zero, 0xc
mem[X,0x000000008000FDC8] -> 0x0663
mem[X,0x000000008000FDCA] -> 0x00B5
[1474] [M]: 0x000000008000FDC8 (0x00B50663) beq a0, a1, 0xc
mem[X,0x000000008000FDCC] -> 0x0213
mem[X,0x000000008000FDCE] -> 0x0022
[1475] [M]: 0x000000008000FDCC (0x00220213) addi tp, tp, 0x2
x4 <- 0x0000000000000002
mem[X,0x000000008000FDD0] -> 0x006F
mem[X,0x000000008000FDD2] -> 0x00C0
[1476] [M]: 0x000000008000FDD0 (0x00C0006F) jal zero, 0xc
mem[X,0x000000008000FDDC] -> 0x3C23
mem[X,0x000000008000FDDE] -> 0x3041
[1477] [M]: 0x000000008000FDDC (0x30413C23) sd tp, 0x318(sp)
mem[0x00000000800484E0] <- 0x0000000000000002
mem[X,0x000000008000FDE0] -> 0x0513
mem[X,0x000000008000FDE2] -> 0x0010
[1478] [M]: 0x000000008000FDE0 (0x00100513) addi a0, zero, 0x1
x10 <- 0x0000000000000001
mem[X,0x000000008000FDE4] -> 0x1513
mem[X,0x000000008000FDE6] -> 0x0105
[1479] [M]: 0x000000008000FDE4 (0x01051513) slli a0, a0, 0x10
x10 <- 0x0000000000010000
mem[X,0x000000008000FDE8] -> 0x0593
mem[X,0x000000008000FDEA] -> 0x0010
[1480] [M]: 0x000000008000FDE8 (0x00100593) addi a1, zero, 0x1
x11 <- 0x0000000000000001
mem[X,0x000000008000FDEC] -> 0x9593
mem[X,0x000000008000FDEE] -> 0x0375
[1481] [M]: 0x000000008000FDEC (0x03759593) slli a1, a1, 0x37
x11 <- 0x0080000000000000
mem[X,0x000000008000FDF0] -> 0xC593
mem[X,0x000000008000FDF2] -> 0xFFF5
[1482] [M]: 0x000000008000FDF0 (0xFFF5C593) xori a1, a1, -0x1
x11 <- 0xFF7FFFFFFFFFFFFF
mem[X,0x000000008000FDF4] -> 0x0213
mem[X,0x000000008000FDF6] -> 0x0000
[1483] [M]: 0x000000008000FDF4 (0x00000213) addi tp, zero, 0x0
x4 <- 0x0000000000000000
mem[X,0x000000008000FDF8] -> 0x006F
mem[X,0x000000008000FDFA] -> 0x00C0
[1484] [M]: 0x000000008000FDF8 (0x00C0006F) jal zero, 0xc
mem[X,0x000000008000FE04] -> 0x0CE3
mem[X,0x000000008000FE06] -> 0xFEB5
[1485] [M]: 0x000000008000FE04 (0xFEB50CE3) beq a0, a1, -0x8
mem[X,0x000000008000FE08] -> 0x0213
mem[X,0x000000008000FE0A] -> 0x0022
[1486] [M]: 0x000000008000FE08 (0x00220213) addi tp, tp, 0x2
x4 <- 0x0000000000000002
mem[X,0x000000008000FE0C] -> 0x006F
mem[X,0x000000008000FE0E] -> 0x00C0
[1487] [M]: 0x000000008000FE0C (0x00C0006F) jal zero, 0xc
mem[X,0x000000008000FE18] -> 0x3023
mem[X,0x000000008000FE1A] -> 0x3241
[1488] [M]: 0x000000008000FE18 (0x32413023) sd tp, 0x320(sp)
mem[0x00000000800484E8] <- 0x0000000000000002
mem[X,0x000000008000FE1C] -> 0x0513
mem[X,0x000000008000FE1E] -> 0xFFB0
[1489] [M]: 0x000000008000FE1C (0xFFB00513) addi a0, zero, -0x5
x10 <- 0xFFFFFFFFFFFFFFFB
mem[X,0x000000008000FE20] -> 0x0593
mem[X,0x000000008000FE22] -> 0x0010
[1490] [M]: 0x000000008000FE20 (0x00100593) addi a1, zero, 0x1
x11 <- 0x0000000000000001
mem[X,0x000000008000FE24] -> 0x9593
mem[X,0x000000008000FE26] -> 0x0385
[1491] [M]: 0x000000008000FE24 (0x03859593) slli a1, a1, 0x38
x11 <- 0x0100000000000000
mem[X,0x000000008000FE28] -> 0xC593
mem[X,0x000000008000FE2A] -> 0xFFF5
[1492] [M]: 0x000000008000FE28 (0xFFF5C593) xori a1, a1, -0x1
x11 <- 0xFEFFFFFFFFFFFFFF
mem[X,0x000000008000FE2C] -> 0x0213
mem[X,0x000000008000FE2E] -> 0x0000
[1493] [M]: 0x000000008000FE2C (0x00000213) addi tp, zero, 0x0
x4 <- 0x0000000000000000
mem[X,0x000000008000FE30] -> 0x006F
mem[X,0x000000008000FE32] -> 0x00C0
[1494] [M]: 0x000000008000FE30 (0x00C0006F) jal zero, 0xc
mem[X,0x000000008000FE3C] -> 0x0663
mem[X,0x000000008000FE3E] -> 0x00B5
[1495] [M]: 0x000000008000FE3C (0x00B50663) beq a0, a1, 0xc
mem[X,0x000000008000FE40] -> 0x0213
mem[X,0x000000008000FE42] -> 0x0022
[1496] [M]: 0x000000008000FE40 (0x00220213) addi tp, tp, 0x2
x4 <- 0x0000000000000002
mem[X,0x000000008000FE44] -> 0x006F
mem[X,0x000000008000FE46] -> 0x00C0
[1497] [M]: 0x000000008000FE44 (0x00C0006F) jal zero, 0xc
mem[X,0x000000008000FE50] -> 0x3423
mem[X,0x000000008000FE52] -> 0x3241
[1498] [M]: 0x000000008000FE50 (0x32413423) sd tp, 0x328(sp)
mem[0x00000000800484F0] <- 0x0000000000000002
mem[X,0x000000008000FE54] -> 0x0513
mem[X,0x000000008000FE56] -> 0xFFF0
[1499] [M]: 0x000000008000FE54 (0xFFF00513) addi a0, zero, -0x1
x10 <- 0xFFFFFFFFFFFFFFFF
clint::tick mtime <- 0x000000000000000F
 clint timer pending at mtime 0x000000000000000F
htif::tick 0x0000000000000000
mem[X,0x000000008000FE58] -> 0x1513
mem[X,0x000000008000FE5A] -> 0x03F5
[1500] [M]: 0x000000008000FE58 (0x03F51513) slli a0, a0, 0x3f
x10 <- 0x8000000000000000
mem[X,0x000000008000FE5C] -> 0x0593
mem[X,0x000000008000FE5E] -> 0x0010
[1501] [M]: 0x000000008000FE5C (0x00100593) addi a1, zero, 0x1
x11 <- 0x0000000000000001
mem[X,0x000000008000FE60] -> 0x9593
mem[X,0x000000008000FE62] -> 0x0395
[1502] [M]: 0x000000008000FE60 (0x03959593) slli a1, a1, 0x39
x11 <- 0x0200000000000000
mem[X,0x000000008000FE64] -> 0xC593
mem[X,0x000000008000FE66] -> 0xFFF5
[1503] [M]: 0x000000008000FE64 (0xFFF5C593) xori a1, a1, -0x1
x11 <- 0xFDFFFFFFFFFFFFFF
mem[X,0x000000008000FE68] -> 0x0213
mem[X,0x000000008000FE6A] -> 0x0000
[1504] [M]: 0x000000008000FE68 (0x00000213) addi tp, zero, 0x0
x4 <- 0x0000000000000000
mem[X,0x000000008000FE6C] -> 0x006F
mem[X,0x000000008000FE6E] -> 0x00C0
[1505] [M]: 0x000000008000FE6C (0x00C0006F) jal zero, 0xc
mem[X,0x000000008000FE78] -> 0x0CE3
mem[X,0x000000008000FE7A] -> 0xFEB5
[1506] [M]: 0x000000008000FE78 (0xFEB50CE3) beq a0, a1, -0x8
mem[X,0x000000008000FE7C] -> 0x0213
mem[X,0x000000008000FE7E] -> 0x0022
[1507] [M]: 0x000000008000FE7C (0x00220213) addi tp, tp, 0x2
x4 <- 0x0000000000000002
mem[X,0x000000008000FE80] -> 0x006F
mem[X,0x000000008000FE82] -> 0x00C0
[1508] [M]: 0x000000008000FE80 (0x00C0006F) jal zero, 0xc
mem[X,0x000000008000FE8C] -> 0x3823
mem[X,0x000000008000FE8E] -> 0x3241
[1509] [M]: 0x000000008000FE8C (0x32413823) sd tp, 0x330(sp)
mem[0x00000000800484F8] <- 0x0000000000000002
mem[X,0x000000008000FE90] -> 0x0513
mem[X,0x000000008000FE92] -> 0xF7F0
[1510] [M]: 0x000000008000FE90 (0xF7F00513) addi a0, zero, -0x81
x10 <- 0xFFFFFFFFFFFFFF7F
mem[X,0x000000008000FE94] -> 0x0593
mem[X,0x000000008000FE96] -> 0x0010
[1511] [M]: 0x000000008000FE94 (0x00100593) addi a1, zero, 0x1
x11 <- 0x0000000000000001
mem[X,0x000000008000FE98] -> 0x9593
mem[X,0x000000008000FE9A] -> 0x03A5
[1512] [M]: 0x000000008000FE98 (0x03A59593) slli a1, a1, 0x3a
x11 <- 0x0400000000000000
mem[X,0x000000008000FE9C] -> 0xC593
mem[X,0x000000008000FE9E] -> 0xFFF5
[1513] [M]: 0x000000008000FE9C (0xFFF5C593) xori a1, a1, -0x1
x11 <- 0xFBFFFFFFFFFFFFFF
mem[X,0x000000008000FEA0] -> 0x0213
mem[X,0x000000008000FEA2] -> 0x0000
[1514] [M]: 0x000000008000FEA0 (0x00000213) addi tp, zero, 0x0
x4 <- 0x0000000000000000
mem[X,0x000000008000FEA4] -> 0x006F
mem[X,0x000000008000FEA6] -> 0x2B10
[1515] [M]: 0x000000008000FEA4 (0x2B10006F) jal zero, 0xab0
mem[X,0x0000000080010954] -> 0x0A63
mem[X,0x0000000080010956] -> 0xD4B5
[1516] [M]: 0x0000000080010954 (0xD4B50A63) beq a0, a1, -0xaac
mem[X,0x0000000080010958] -> 0x0213
mem[X,0x000000008001095A] -> 0x0022
[1517] [M]: 0x0000000080010958 (0x00220213) addi tp, tp, 0x2
x4 <- 0x0000000000000002
mem[X,0x000000008001095C] -> 0x006F
mem[X,0x000000008001095E] -> 0x00C0
[1518] [M]: 0x000000008001095C (0x00C0006F) jal zero, 0xc
mem[X,0x0000000080010968] -> 0x3C23
mem[X,0x000000008001096A] -> 0x3241
[1519] [M]: 0x0000000080010968 (0x32413C23) sd tp, 0x338(sp)
mem[0x0000000080048500] <- 0x0000000000000002
mem[X,0x000000008001096C] -> 0x0513
mem[X,0x000000008001096E] -> 0x0010
[1520] [M]: 0x000000008001096C (0x00100513) addi a0, zero, 0x1
x10 <- 0x0000000000000001
mem[X,0x0000000080010970] -> 0x1513
mem[X,0x0000000080010972] -> 0x03E5
[1521] [M]: 0x0000000080010970 (0x03E51513) slli a0, a0, 0x3e
x10 <- 0x4000000000000000
mem[X,0x0000000080010974] -> 0x0593
mem[X,0x0000000080010976] -> 0x0010
[1522] [M]: 0x0000000080010974 (0x00100593) addi a1, zero, 0x1
x11 <- 0x0000000000000001
mem[X,0x0000000080010978] -> 0x9593
mem[X,0x000000008001097A] -> 0x03B5
[1523] [M]: 0x0000000080010978 (0x03B59593) slli a1, a1, 0x3b
x11 <- 0x0800000000000000
mem[X,0x000000008001097C] -> 0xC593
mem[X,0x000000008001097E] -> 0xFFF5
[1524] [M]: 0x000000008001097C (0xFFF5C593) xori a1, a1, -0x1
x11 <- 0xF7FFFFFFFFFFFFFF
mem[X,0x0000000080010980] -> 0x0213
mem[X,0x0000000080010982] -> 0x0000
[1525] [M]: 0x0000000080010980 (0x00000213) addi tp, zero, 0x0
x4 <- 0x0000000000000000
mem[X,0x0000000080010984] -> 0x006F
mem[X,0x0000000080010986] -> 0x2B10
[1526] [M]: 0x0000000080010984 (0x2B10006F) jal zero, 0xab0
mem[X,0x0000000080011434] -> 0x0A63
mem[X,0x0000000080011436] -> 0xD4B5
[1527] [M]: 0x0000000080011434 (0xD4B50A63) beq a0, a1, -0xaac
mem[X,0x0000000080011438] -> 0x0213
mem[X,0x000000008001143A] -> 0x0022
[1528] [M]: 0x0000000080011438 (0x00220213) addi tp, tp, 0x2
x4 <- 0x0000000000000002
mem[X,0x000000008001143C] -> 0x006F
mem[X,0x000000008001143E] -> 0x00C0
[1529] [M]: 0x000000008001143C (0x00C0006F) jal zero, 0xc
mem[X,0x0000000080011448] -> 0x3023
mem[X,0x000000008001144A] -> 0x3441
[1530] [M]: 0x0000000080011448 (0x34413023) sd tp, 0x340(sp)
mem[0x0000000080048508] <- 0x0000000000000002
mem[X,0x000000008001144C] -> 0x0513
mem[X,0x000000008001144E] -> 0x0010
[1531] [M]: 0x000000008001144C (0x00100513) addi a0, zero, 0x1
x10 <- 0x0000000000000001
mem[X,0x0000000080011450] -> 0x1513
mem[X,0x0000000080011452] -> 0x02C5
[1532] [M]: 0x0000000080011450 (0x02C51513) slli a0, a0, 0x2c
x10 <- 0x0000100000000000
mem[X,0x0000000080011454] -> 0x4513
mem[X,0x0000000080011456] -> 0xFFF5
[1533] [M]: 0x0000000080011454 (0xFFF54513) xori a0, a0, -0x1
x10 <- 0xFFFFEFFFFFFFFFFF
mem[X,0x0000000080011458] -> 0x0593
mem[X,0x000000008001145A] -> 0x0010
[1534] [M]: 0x0000000080011458 (0x00100593) addi a1, zero, 0x1
x11 <- 0x0000000000000001
mem[X,0x000000008001145C] -> 0x9593
mem[X,0x000000008001145E] -> 0x03C5
[1535] [M]: 0x000000008001145C (0x03C59593) slli a1, a1, 0x3c
x11 <- 0x1000000000000000
mem[X,0x0000000080011460] -> 0xC593
mem[X,0x0000000080011462] -> 0xFFF5
[1536] [M]: 0x0000000080011460 (0xFFF5C593) xori a1, a1, -0x1
x11 <- 0xEFFFFFFFFFFFFFFF
mem[X,0x0000000080011464] -> 0x0213
mem[X,0x0000000080011466] -> 0x0000
[1537] [M]: 0x0000000080011464 (0x00000213) addi tp, zero, 0x0
x4 <- 0x0000000000000000
mem[X,0x0000000080011468] -> 0x006F
mem[X,0x000000008001146A] -> 0x00C0
[1538] [M]: 0x0000000080011468 (0x00C0006F) jal zero, 0xc
mem[X,0x0000000080011474] -> 0x0063
mem[X,0x0000000080011476] -> 0x08B5
[1539] [M]: 0x0000000080011474 (0x08B50063) beq a0, a1, 0x80
mem[X,0x0000000080011478] -> 0x0213
mem[X,0x000000008001147A] -> 0x0022
[1540] [M]: 0x0000000080011478 (0x00220213) addi tp, tp, 0x2
x4 <- 0x0000000000000002
mem[X,0x000000008001147C] -> 0x006F
mem[X,0x000000008001147E] -> 0x0800
[1541] [M]: 0x000000008001147C (0x0800006F) jal zero, 0x80
mem[X,0x00000000800114FC] -> 0x3423
mem[X,0x00000000800114FE] -> 0x3441
[1542] [M]: 0x00000000800114FC (0x34413423) sd tp, 0x348(sp)
mem[0x0000000080048510] <- 0x0000000000000002
mem[X,0x0000000080011500] -> 0x0513
mem[X,0x0000000080011502] -> 0x0010
[1543] [M]: 0x0000000080011500 (0x00100513) addi a0, zero, 0x1
x10 <- 0x0000000000000001
mem[X,0x0000000080011504] -> 0x1513
mem[X,0x0000000080011506] -> 0x00D5
[1544] [M]: 0x0000000080011504 (0x00D51513) slli a0, a0, 0xd
x10 <- 0x0000000000002000
mem[X,0x0000000080011508] -> 0x0593
mem[X,0x000000008001150A] -> 0x0010
[1545] [M]: 0x0000000080011508 (0x00100593) addi a1, zero, 0x1
x11 <- 0x0000000000000001
mem[X,0x000000008001150C] -> 0x9593
mem[X,0x000000008001150E] -> 0x03E5
[1546] [M]: 0x000000008001150C (0x03E59593) slli a1, a1, 0x3e
x11 <- 0x4000000000000000
mem[X,0x0000000080011510] -> 0xC593
mem[X,0x0000000080011512] -> 0xFFF5
[1547] [M]: 0x0000000080011510 (0xFFF5C593) xori a1, a1, -0x1
x11 <- 0xBFFFFFFFFFFFFFFF
mem[X,0x0000000080011514] -> 0x0213
mem[X,0x0000000080011516] -> 0x0000
[1548] [M]: 0x0000000080011514 (0x00000213) addi tp, zero, 0x0
x4 <- 0x0000000000000000
mem[X,0x0000000080011518] -> 0x006F
mem[X,0x000000008001151A] -> 0x00C0
[1549] [M]: 0x0000000080011518 (0x00C0006F) jal zero, 0xc
mem[X,0x0000000080011524] -> 0x0063
mem[X,0x0000000080011526] -> 0x10B5
[1550] [M]: 0x0000000080011524 (0x10B50063) beq a0, a1, 0x100
mem[X,0x0000000080011528] -> 0x0213
mem[X,0x000000008001152A] -> 0x0022
[1551] [M]: 0x0000000080011528 (0x00220213) addi tp, tp, 0x2
x4 <- 0x0000000000000002
mem[X,0x000000008001152C] -> 0x006F
mem[X,0x000000008001152E] -> 0x1000
[1552] [M]: 0x000000008001152C (0x1000006F) jal zero, 0x100
mem[X,0x000000008001162C] -> 0x3823
mem[X,0x000000008001162E] -> 0x3441
[1553] [M]: 0x000000008001162C (0x34413823) sd tp, 0x350(sp)
mem[0x0000000080048518] <- 0x0000000000000002
mem[X,0x0000000080011630] -> 0x0513
mem[X,0x0000000080011632] -> 0x0010
[1554] [M]: 0x0000000080011630 (0x00100513) addi a0, zero, 0x1
x10 <- 0x0000000000000001
mem[X,0x0000000080011634] -> 0x1513
mem[X,0x0000000080011636] -> 0x03E5
[1555] [M]: 0x0000000080011634 (0x03E51513) slli a0, a0, 0x3e
x10 <- 0x4000000000000000
mem[X,0x0000000080011638] -> 0x4513
mem[X,0x000000008001163A] -> 0xFFF5
[1556] [M]: 0x0000000080011638 (0xFFF54513) xori a0, a0, -0x1
x10 <- 0xBFFFFFFFFFFFFFFF
mem[X,0x000000008001163C] -> 0x0593
mem[X,0x000000008001163E] -> 0xFFF0
[1557] [M]: 0x000000008001163C (0xFFF00593) addi a1, zero, -0x1
x11 <- 0xFFFFFFFFFFFFFFFF
mem[X,0x0000000080011640] -> 0xD593
mem[X,0x0000000080011642] -> 0x0015
[1558] [M]: 0x0000000080011640 (0x0015D593) srli a1, a1, 0x1
x11 <- 0x7FFFFFFFFFFFFFFF
mem[X,0x0000000080011644] -> 0x0213
mem[X,0x0000000080011646] -> 0x0000
[1559] [M]: 0x0000000080011644 (0x00000213) addi tp, zero, 0x0
x4 <- 0x0000000000000000
mem[X,0x0000000080011648] -> 0x006F
mem[X,0x000000008001164A] -> 0x0180
[1560] [M]: 0x0000000080011648 (0x0180006F) jal zero, 0x18
mem[X,0x0000000080011660] -> 0x06E3
mem[X,0x0000000080011662] -> 0xFEB5
[1561] [M]: 0x0000000080011660 (0xFEB506E3) beq a0, a1, -0x14
mem[X,0x0000000080011664] -> 0x0213
mem[X,0x0000000080011666] -> 0x0022
[1562] [M]: 0x0000000080011664 (0x00220213) addi tp, tp, 0x2
x4 <- 0x0000000000000002
mem[X,0x0000000080011668] -> 0x006F
mem[X,0x000000008001166A] -> 0x00C0
[1563] [M]: 0x0000000080011668 (0x00C0006F) jal zero, 0xc
mem[X,0x0000000080011674] -> 0x3C23
mem[X,0x0000000080011676] -> 0x3441
[1564] [M]: 0x0000000080011674 (0x34413C23) sd tp, 0x358(sp)
mem[0x0000000080048520] <- 0x0000000000000002
mem[X,0x0000000080011678] -> 0x0513
mem[X,0x000000008001167A] -> 0x0010
[1565] [M]: 0x0000000080011678 (0x00100513) addi a0, zero, 0x1
x10 <- 0x0000000000000001
mem[X,0x000000008001167C] -> 0x1513
mem[X,0x000000008001167E] -> 0x0255
[1566] [M]: 0x000000008001167C (0x02551513) slli a0, a0, 0x25
x10 <- 0x0000002000000000
mem[X,0x0000000080011680] -> 0x4513
mem[X,0x0000000080011682] -> 0xFFF5
[1567] [M]: 0x0000000080011680 (0xFFF54513) xori a0, a0, -0x1
x10 <- 0xFFFFFFDFFFFFFFFF
mem[X,0x0000000080011684] -> 0x55B7
mem[X,0x0000000080011686] -> 0x5555
[1568] [M]: 0x0000000080011684 (0x555555B7) lui a1, 0x55555
x11 <- 0x0000000055555000
mem[X,0x0000000080011688] -> 0x8593
mem[X,0x000000008001168A] -> 0x5555
[1569] [M]: 0x0000000080011688 (0x55558593) addi a1, a1, 0x555
x11 <- 0x0000000055555555
mem[X,0x000000008001168C] -> 0x9593
mem[X,0x000000008001168E] -> 0x00B5
[1570] [M]: 0x000000008001168C (0x00B59593) slli a1, a1, 0xb
x11 <- 0x000002AAAAAAA800
mem[X,0x0000000080011690] -> 0x8593
mem[X,0x0000000080011692] -> 0x2AA5
[1571] [M]: 0x0000000080011690 (0x2AA58593) addi a1, a1, 0x2aa
x11 <- 0x000002AAAAAAAAAA
mem[X,0x0000000080011694] -> 0x9593
mem[X,0x0000000080011696] -> 0x00B5
[1572] [M]: 0x0000000080011694 (0x00B59593) slli a1, a1, 0xb
x11 <- 0x0015555555555000
mem[X,0x0000000080011698] -> 0x8593
mem[X,0x000000008001169A] -> 0x5555
[1573] [M]: 0x0000000080011698 (0x55558593) addi a1, a1, 0x555
x11 <- 0x0015555555555555
mem[X,0x000000008001169C] -> 0x9593
mem[X,0x000000008001169E] -> 0x00A5
[1574] [M]: 0x000000008001169C (0x00A59593) slli a1, a1, 0xa
x11 <- 0x5555555555555400
mem[X,0x00000000800116A0] -> 0x8593
mem[X,0x00000000800116A2] -> 0x1555
[1575] [M]: 0x00000000800116A0 (0x15558593) addi a1, a1, 0x155
x11 <- 0x5555555555555555
mem[X,0x00000000800116A4] -> 0x0213
mem[X,0x00000000800116A6] -> 0x0000
[1576] [M]: 0x00000000800116A4 (0x00000213) addi tp, zero, 0x0
x4 <- 0x0000000000000000
mem[X,0x00000000800116A8] -> 0x006F
mem[X,0x00000000800116AA] -> 0x00C0
[1577] [M]: 0x00000000800116A8 (0x00C0006F) jal zero, 0xc
mem[X,0x00000000800116B4] -> 0x0663
mem[X,0x00000000800116B6] -> 0x00B5
[1578] [M]: 0x00000000800116B4 (0x00B50663) beq a0, a1, 0xc
mem[X,0x00000000800116B8] -> 0x0213
mem[X,0x00000000800116BA] -> 0x0022
[1579] [M]: 0x00000000800116B8 (0x00220213) addi tp, tp, 0x2
x4 <- 0x0000000000000002
mem[X,0x00000000800116BC] -> 0x006F
mem[X,0x00000000800116BE] -> 0x00C0
[1580] [M]: 0x00000000800116BC (0x00C0006F) jal zero, 0xc
mem[X,0x00000000800116C8] -> 0x3023
mem[X,0x00000000800116CA] -> 0x3641
[1581] [M]: 0x00000000800116C8 (0x36413023) sd tp, 0x360(sp)
mem[0x0000000080048528] <- 0x0000000000000002
mem[X,0x00000000800116CC] -> 0x5537
mem[X,0x00000000800116CE] -> 0x5555
[1582] [M]: 0x00000000800116CC (0x55555537) lui a0, 0x55555
x10 <- 0x0000000055555000
mem[X,0x00000000800116D0] -> 0x0513
mem[X,0x00000000800116D2] -> 0x5555
[1583] [M]: 0x00000000800116D0 (0x55550513) addi a0, a0, 0x555
x10 <- 0x0000000055555555
mem[X,0x00000000800116D4] -> 0x1513
mem[X,0x00000000800116D6] -> 0x00B5
[1584] [M]: 0x00000000800116D4 (0x00B51513) slli a0, a0, 0xb
x10 <- 0x000002AAAAAAA800
mem[X,0x00000000800116D8] -> 0x0513
mem[X,0x00000000800116DA] -> 0x2AA5
[1585] [M]: 0x00000000800116D8 (0x2AA50513) addi a0, a0, 0x2aa
x10 <- 0x000002AAAAAAAAAA
mem[X,0x00000000800116DC] -> 0x1513
mem[X,0x00000000800116DE] -> 0x00B5
[1586] [M]: 0x00000000800116DC (0x00B51513) slli a0, a0, 0xb
x10 <- 0x0015555555555000
mem[X,0x00000000800116E0] -> 0x0513
mem[X,0x00000000800116E2] -> 0x5555
[1587] [M]: 0x00000000800116E0 (0x55550513) addi a0, a0, 0x555
x10 <- 0x0015555555555555
mem[X,0x00000000800116E4] -> 0x1513
mem[X,0x00000000800116E6] -> 0x00A5
[1588] [M]: 0x00000000800116E4 (0x00A51513) slli a0, a0, 0xa
x10 <- 0x5555555555555400
mem[X,0x00000000800116E8] -> 0x0513
mem[X,0x00000000800116EA] -> 0x1555
[1589] [M]: 0x00000000800116E8 (0x15550513) addi a0, a0, 0x155
x10 <- 0x5555555555555555
mem[X,0x00000000800116EC] -> 0xB5B7
mem[X,0x00000000800116EE] -> 0xAAAA
[1590] [M]: 0x00000000800116EC (0xAAAAB5B7) lui a1, -0x55555
x11 <- 0xFFFFFFFFAAAAB000
mem[X,0x00000000800116F0] -> 0x8593
mem[X,0x00000000800116F2] -> 0xAAA5
[1591] [M]: 0x00000000800116F0 (0xAAA58593) addi a1, a1, -0x556
x11 <- 0xFFFFFFFFAAAAAAAA
mem[X,0x00000000800116F4] -> 0x9593
mem[X,0x00000000800116F6] -> 0x00B5
[1592] [M]: 0x00000000800116F4 (0x00B59593) slli a1, a1, 0xb
x11 <- 0xFFFFFD5555555000
mem[X,0x00000000800116F8] -> 0x8593
mem[X,0x00000000800116FA] -> 0x5555
[1593] [M]: 0x00000000800116F8 (0x55558593) addi a1, a1, 0x555
x11 <- 0xFFFFFD5555555555
mem[X,0x00000000800116FC] -> 0x9593
mem[X,0x00000000800116FE] -> 0x00B5
[1594] [M]: 0x00000000800116FC (0x00B59593) slli a1, a1, 0xb
x11 <- 0xFFEAAAAAAAAAA800
mem[X,0x0000000080011700] -> 0x8593
mem[X,0x0000000080011702] -> 0x2AA5
[1595] [M]: 0x0000000080011700 (0x2AA58593) addi a1, a1, 0x2aa
x11 <- 0xFFEAAAAAAAAAAAAA
mem[X,0x0000000080011704] -> 0x9593
mem[X,0x0000000080011706] -> 0x00A5
[1596] [M]: 0x0000000080011704 (0x00A59593) slli a1, a1, 0xa
x11 <- 0xAAAAAAAAAAAAA800
mem[X,0x0000000080011708] -> 0x8593
mem[X,0x000000008001170A] -> 0x2AA5
[1597] [M]: 0x0000000080011708 (0x2AA58593) addi a1, a1, 0x2aa
x11 <- 0xAAAAAAAAAAAAAAAA
mem[X,0x000000008001170C] -> 0x0213
mem[X,0x000000008001170E] -> 0x0000
[1598] [M]: 0x000000008001170C (0x00000213) addi tp, zero, 0x0
x4 <- 0x0000000000000000
mem[X,0x0000000080011710] -> 0x006F
mem[X,0x0000000080011712] -> 0x00C0
[1599] [M]: 0x0000000080011710 (0x00C0006F) jal zero, 0xc
clint::tick mtime <- 0x0000000000000010
 clint timer pending at mtime 0x0000000000000010
htif::tick 0x0000000000000000
mem[X,0x000000008001171C] -> 0x0663
mem[X,0x000000008001171E] -> 0x00B5
[1600] [M]: 0x000000008001171C (0x00B50663) beq a0, a1, 0xc
mem[X,0x0000000080011720] -> 0x0213
mem[X,0x0000000080011722] -> 0x0022
[1601] [M]: 0x0000000080011720 (0x00220213) addi tp, tp, 0x2
x4 <- 0x0000000000000002
mem[X,0x0000000080011724] -> 0x006F
mem[X,0x0000000080011726] -> 0x00C0
[1602] [M]: 0x0000000080011724 (0x00C0006F) jal zero, 0xc
mem[X,0x0000000080011730] -> 0x3423
mem[X,0x0000000080011732] -> 0x3641
[1603] [M]: 0x0000000080011730 (0x36413423) sd tp, 0x368(sp)
mem[0x0000000080048530] <- 0x0000000000000002
mem[X,0x0000000080011734] -> 0x0513
mem[X,0x0000000080011736] -> 0x0020
[1604] [M]: 0x0000000080011734 (0x00200513) addi a0, zero, 0x2
x10 <- 0x0000000000000002
mem[X,0x0000000080011738] -> 0x0593
mem[X,0x000000008001173A] -> 0x0060
[1605] [M]: 0x0000000080011738 (0x00600593) addi a1, zero, 0x6
x11 <- 0x0000000000000006
mem[X,0x000000008001173C] -> 0x0213
mem[X,0x000000008001173E] -> 0x0000
[1606] [M]: 0x000000008001173C (0x00000213) addi tp, zero, 0x0
x4 <- 0x0000000000000000
mem[X,0x0000000080011740] -> 0x006F
mem[X,0x0000000080011742] -> 0x00C0
[1607] [M]: 0x0000000080011740 (0x00C0006F) jal zero, 0xc
mem[X,0x000000008001174C] -> 0x0063
mem[X,0x000000008001174E] -> 0x40B5
[1608] [M]: 0x000000008001174C (0x40B50063) beq a0, a1, 0x400
mem[X,0x0000000080011750] -> 0x0213
mem[X,0x0000000080011752] -> 0x0022
[1609] [M]: 0x0000000080011750 (0x00220213) addi tp, tp, 0x2
x4 <- 0x0000000000000002
mem[X,0x0000000080011754] -> 0x006F
mem[X,0x0000000080011756] -> 0x4000
[1610] [M]: 0x0000000080011754 (0x4000006F) jal zero, 0x400
mem[X,0x0000000080011B54] -> 0x3823
mem[X,0x0000000080011B56] -> 0x3641
[1611] [M]: 0x0000000080011B54 (0x36413823) sd tp, 0x370(sp)
mem[0x0000000080048538] <- 0x0000000000000002
mem[X,0x0000000080011B58] -> 0x0513
mem[X,0x0000000080011B5A] -> 0x0080
[1612] [M]: 0x0000000080011B58 (0x00800513) addi a0, zero, 0x8
x10 <- 0x0000000000000008
mem[X,0x0000000080011B5C] -> 0x0593
mem[X,0x0000000080011B5E] -> 0x0010
[1613] [M]: 0x0000000080011B5C (0x00100593) addi a1, zero, 0x1
x11 <- 0x0000000000000001
mem[X,0x0000000080011B60] -> 0x9593
mem[X,0x0000000080011B62] -> 0x0175
[1614] [M]: 0x0000000080011B60 (0x01759593) slli a1, a1, 0x17
x11 <- 0x0000000000800000
mem[X,0x0000000080011B64] -> 0xC593
mem[X,0x0000000080011B66] -> 0xFFF5
[1615] [M]: 0x0000000080011B64 (0xFFF5C593) xori a1, a1, -0x1
x11 <- 0xFFFFFFFFFF7FFFFF
mem[X,0x0000000080011B68] -> 0x0213
mem[X,0x0000000080011B6A] -> 0x0000
[1616] [M]: 0x0000000080011B68 (0x00000213) addi tp, zero, 0x0
x4 <- 0x0000000000000000
mem[X,0x0000000080011B6C] -> 0x006F
mem[X,0x0000000080011B6E] -> 0x0100
[1617] [M]: 0x0000000080011B6C (0x0100006F) jal zero, 0x10
mem[X,0x0000000080011B7C] -> 0x0AE3
mem[X,0x0000000080011B7E] -> 0xFEB5
[1618] [M]: 0x0000000080011B7C (0xFEB50AE3) beq a0, a1, -0xc
mem[X,0x0000000080011B80] -> 0x0213
mem[X,0x0000000080011B82] -> 0x0022
[1619] [M]: 0x0000000080011B80 (0x00220213) addi tp, tp, 0x2
x4 <- 0x0000000000000002
mem[X,0x0000000080011B84] -> 0x006F
mem[X,0x0000000080011B86] -> 0x00C0
[1620] [M]: 0x0000000080011B84 (0x00C0006F) jal zero, 0xc
mem[X,0x0000000080011B90] -> 0x3C23
mem[X,0x0000000080011B92] -> 0x3641
[1621] [M]: 0x0000000080011B90 (0x36413C23) sd tp, 0x378(sp)
mem[0x0000000080048540] <- 0x0000000000000002
mem[X,0x0000000080011B94] -> 0x0513
mem[X,0x0000000080011B96] -> 0x0200
[1622] [M]: 0x0000000080011B94 (0x02000513) addi a0, zero, 0x20
x10 <- 0x0000000000000020
mem[X,0x0000000080011B98] -> 0x0593
mem[X,0x0000000080011B9A] -> 0x0010
[1623] [M]: 0x0000000080011B98 (0x00100593) addi a1, zero, 0x1
x11 <- 0x0000000000000001
mem[X,0x0000000080011B9C] -> 0x9593
mem[X,0x0000000080011B9E] -> 0x0145
[1624] [M]: 0x0000000080011B9C (0x01459593) slli a1, a1, 0x14
x11 <- 0x0000000000100000
mem[X,0x0000000080011BA0] -> 0xC593
mem[X,0x0000000080011BA2] -> 0xFFF5
[1625] [M]: 0x0000000080011BA0 (0xFFF5C593) xori a1, a1, -0x1
x11 <- 0xFFFFFFFFFFEFFFFF
mem[X,0x0000000080011BA4] -> 0x0213
mem[X,0x0000000080011BA6] -> 0x0000
[1626] [M]: 0x0000000080011BA4 (0x00000213) addi tp, zero, 0x0
x4 <- 0x0000000000000000
mem[X,0x0000000080011BA8] -> 0x006F
mem[X,0x0000000080011BAA] -> 0x00C0
[1627] [M]: 0x0000000080011BA8 (0x00C0006F) jal zero, 0xc
mem[X,0x0000000080011BB4] -> 0x0063
mem[X,0x0000000080011BB6] -> 0x08B5
[1628] [M]: 0x0000000080011BB4 (0x08B50063) beq a0, a1, 0x80
mem[X,0x0000000080011BB8] -> 0x0213
mem[X,0x0000000080011BBA] -> 0x0022
[1629] [M]: 0x0000000080011BB8 (0x00220213) addi tp, tp, 0x2
x4 <- 0x0000000000000002
mem[X,0x0000000080011BBC] -> 0x006F
mem[X,0x0000000080011BBE] -> 0x0800
[1630] [M]: 0x0000000080011BBC (0x0800006F) jal zero, 0x80
mem[X,0x0000000080011C3C] -> 0x3023
mem[X,0x0000000080011C3E] -> 0x3841
[1631] [M]: 0x0000000080011C3C (0x38413023) sd tp, 0x380(sp)
mem[0x0000000080048548] <- 0x0000000000000002
mem[X,0x0000000080011C40] -> 0x0513
mem[X,0x0000000080011C42] -> 0x0400
[1632] [M]: 0x0000000080011C40 (0x04000513) addi a0, zero, 0x40
x10 <- 0x0000000000000040
mem[X,0x0000000080011C44] -> 0x35B7
mem[X,0x0000000080011C46] -> 0x3333
[1633] [M]: 0x0000000080011C44 (0x333335B7) lui a1, 0x33333
x11 <- 0x0000000033333000
mem[X,0x0000000080011C48] -> 0x8593
mem[X,0x0000000080011C4A] -> 0x3335
[1634] [M]: 0x0000000080011C48 (0x33358593) addi a1, a1, 0x333
x11 <- 0x0000000033333333
mem[X,0x0000000080011C4C] -> 0x9593
mem[X,0x0000000080011C4E] -> 0x00B5
[1635] [M]: 0x0000000080011C4C (0x00B59593) slli a1, a1, 0xb
x11 <- 0x0000019999999800
mem[X,0x0000000080011C50] -> 0x8593
mem[X,0x0000000080011C52] -> 0x1995
[1636] [M]: 0x0000000080011C50 (0x19958593) addi a1, a1, 0x199
x11 <- 0x0000019999999999
mem[X,0x0000000080011C54] -> 0x9593
mem[X,0x0000000080011C56] -> 0x00B5
[1637] [M]: 0x0000000080011C54 (0x00B59593) slli a1, a1, 0xb
x11 <- 0x000CCCCCCCCCC800
mem[X,0x0000000080011C58] -> 0x8593
mem[X,0x0000000080011C5A] -> 0x4CC5
[1638] [M]: 0x0000000080011C58 (0x4CC58593) addi a1, a1, 0x4cc
x11 <- 0x000CCCCCCCCCCCCC
mem[X,0x0000000080011C5C] -> 0x9593
mem[X,0x0000000080011C5E] -> 0x00A5
[1639] [M]: 0x0000000080011C5C (0x00A59593) slli a1, a1, 0xa
x11 <- 0x3333333333333000
mem[X,0x0000000080011C60] -> 0x8593
mem[X,0x0000000080011C62] -> 0x3335
[1640] [M]: 0x0000000080011C60 (0x33358593) addi a1, a1, 0x333
x11 <- 0x3333333333333333
mem[X,0x0000000080011C64] -> 0x0213
mem[X,0x0000000080011C66] -> 0x0000
[1641] [M]: 0x0000000080011C64 (0x00000213) addi tp, zero, 0x0
x4 <- 0x0000000000000000
mem[X,0x0000000080011C68] -> 0x006F
mem[X,0x0000000080011C6A] -> 0x00C0
[1642] [M]: 0x0000000080011C68 (0x00C0006F) jal zero, 0xc
mem[X,0x0000000080011C74] -> 0x0663
mem[X,0x0000000080011C76] -> 0x00B5
[1643] [M]: 0x0000000080011C74 (0x00B50663) beq a0, a1, 0xc
mem[X,0x0000000080011C78] -> 0x0213
mem[X,0x0000000080011C7A] -> 0x0022
[1644] [M]: 0x0000000080011C78 (0x00220213) addi tp, tp, 0x2
x4 <- 0x0000000000000002
mem[X,0x0000000080011C7C] -> 0x006F
mem[X,0x0000000080011C7E] -> 0x00C0
[1645] [M]: 0x0000000080011C7C (0x00C0006F) jal zero, 0xc
mem[X,0x0000000080011C88] -> 0x3423
mem[X,0x0000000080011C8A] -> 0x3841
[1646] [M]: 0x0000000080011C88 (0x38413423) sd tp, 0x388(sp)
mem[0x0000000080048550] <- 0x0000000000000002
mem[X,0x0000000080011C8C] -> 0x0513
mem[X,0x0000000080011C8E] -> 0x0800
[1647] [M]: 0x0000000080011C8C (0x08000513) addi a0, zero, 0x80
x10 <- 0x0000000000000080
mem[X,0x0000000080011C90] -> 0x0593
mem[X,0x0000000080011C92] -> 0xF7F0
[1648] [M]: 0x0000000080011C90 (0xF7F00593) addi a1, zero, -0x81
x11 <- 0xFFFFFFFFFFFFFF7F
mem[X,0x0000000080011C94] -> 0x0213
mem[X,0x0000000080011C96] -> 0x0000
[1649] [M]: 0x0000000080011C94 (0x00000213) addi tp, zero, 0x0
x4 <- 0x0000000000000000
mem[X,0x0000000080011C98] -> 0x006F
mem[X,0x0000000080011C9A] -> 0x00C0
[1650] [M]: 0x0000000080011C98 (0x00C0006F) jal zero, 0xc
mem[X,0x0000000080011CA4] -> 0x0863
mem[X,0x0000000080011CA6] -> 0x00B5
[1651] [M]: 0x0000000080011CA4 (0x00B50863) beq a0, a1, 0x10
mem[X,0x0000000080011CA8] -> 0x0213
mem[X,0x0000000080011CAA] -> 0x0022
[1652] [M]: 0x0000000080011CA8 (0x00220213) addi tp, tp, 0x2
x4 <- 0x0000000000000002
mem[X,0x0000000080011CAC] -> 0x006F
mem[X,0x0000000080011CAE] -> 0x0100
[1653] [M]: 0x0000000080011CAC (0x0100006F) jal zero, 0x10
mem[X,0x0000000080011CBC] -> 0x3823
mem[X,0x0000000080011CBE] -> 0x3841
[1654] [M]: 0x0000000080011CBC (0x38413823) sd tp, 0x390(sp)
mem[0x0000000080048558] <- 0x0000000000000002
mem[X,0x0000000080011CC0] -> 0x0513
mem[X,0x0000000080011CC2] -> 0x4000
[1655] [M]: 0x0000000080011CC0 (0x40000513) addi a0, zero, 0x400
x10 <- 0x0000000000000400
mem[X,0x0000000080011CC4] -> 0x0593
mem[X,0x0000000080011CC6] -> 0x0010
[1656] [M]: 0x0000000080011CC4 (0x00100593) addi a1, zero, 0x1
x11 <- 0x0000000000000001
mem[X,0x0000000080011CC8] -> 0x9593
mem[X,0x0000000080011CCA] -> 0x0275
[1657] [M]: 0x0000000080011CC8 (0x02759593) slli a1, a1, 0x27
x11 <- 0x0000008000000000
mem[X,0x0000000080011CCC] -> 0xC593
mem[X,0x0000000080011CCE] -> 0xFFF5
[1658] [M]: 0x0000000080011CCC (0xFFF5C593) xori a1, a1, -0x1
x11 <- 0xFFFFFF7FFFFFFFFF
mem[X,0x0000000080011CD0] -> 0x0213
mem[X,0x0000000080011CD2] -> 0x0000
[1659] [M]: 0x0000000080011CD0 (0x00000213) addi tp, zero, 0x0
x4 <- 0x0000000000000000
mem[X,0x0000000080011CD4] -> 0x006F
mem[X,0x0000000080011CD6] -> 0x00C0
[1660] [M]: 0x0000000080011CD4 (0x00C0006F) jal zero, 0xc
mem[X,0x0000000080011CE0] -> 0x0CE3
mem[X,0x0000000080011CE2] -> 0xFEB5
[1661] [M]: 0x0000000080011CE0 (0xFEB50CE3) beq a0, a1, -0x8
mem[X,0x0000000080011CE4] -> 0x0213
mem[X,0x0000000080011CE6] -> 0x0022
[1662] [M]: 0x0000000080011CE4 (0x00220213) addi tp, tp, 0x2
x4 <- 0x0000000000000002
mem[X,0x0000000080011CE8] -> 0x006F
mem[X,0x0000000080011CEA] -> 0x00C0
[1663] [M]: 0x0000000080011CE8 (0x00C0006F) jal zero, 0xc
mem[X,0x0000000080011CF4] -> 0x3C23
mem[X,0x0000000080011CF6] -> 0x3841
[1664] [M]: 0x0000000080011CF4 (0x38413C23) sd tp, 0x398(sp)
mem[0x0000000080048560] <- 0x0000000000000002
mem[X,0x0000000080011CF8] -> 0x0513
mem[X,0x0000000080011CFA] -> 0x0010
[1665] [M]: 0x0000000080011CF8 (0x00100513) addi a0, zero, 0x1
x10 <- 0x0000000000000001
mem[X,0x0000000080011CFC] -> 0x1513
mem[X,0x0000000080011CFE] -> 0x00C5
[1666] [M]: 0x0000000080011CFC (0x00C51513) slli a0, a0, 0xc
x10 <- 0x0000000000001000
mem[X,0x0000000080011D00] -> 0x0593
mem[X,0x0000000080011D02] -> 0xFEF0
[1667] [M]: 0x0000000080011D00 (0xFEF00593) addi a1, zero, -0x11
x11 <- 0xFFFFFFFFFFFFFFEF
mem[X,0x0000000080011D04] -> 0x0213
mem[X,0x0000000080011D06] -> 0x0000
[1668] [M]: 0x0000000080011D04 (0x00000213) addi tp, zero, 0x0
x4 <- 0x0000000000000000
mem[X,0x0000000080011D08] -> 0x006F
mem[X,0x0000000080011D0A] -> 0x00C0
[1669] [M]: 0x0000000080011D08 (0x00C0006F) jal zero, 0xc
mem[X,0x0000000080011D14] -> 0x0663
mem[X,0x0000000080011D16] -> 0x00B5
[1670] [M]: 0x0000000080011D14 (0x00B50663) beq a0, a1, 0xc
mem[X,0x0000000080011D18] -> 0x0213
mem[X,0x0000000080011D1A] -> 0x0022
[1671] [M]: 0x0000000080011D18 (0x00220213) addi tp, tp, 0x2
x4 <- 0x0000000000000002
mem[X,0x0000000080011D1C] -> 0x006F
mem[X,0x0000000080011D1E] -> 0x00C0
[1672] [M]: 0x0000000080011D1C (0x00C0006F) jal zero, 0xc
mem[X,0x0000000080011D28] -> 0x3023
mem[X,0x0000000080011D2A] -> 0x3A41
[1673] [M]: 0x0000000080011D28 (0x3A413023) sd tp, 0x3a0(sp)
mem[0x0000000080048568] <- 0x0000000000000002
mem[X,0x0000000080011D2C] -> 0x0513
mem[X,0x0000000080011D2E] -> 0x0010
[1674] [M]: 0x0000000080011D2C (0x00100513) addi a0, zero, 0x1
x10 <- 0x0000000000000001
mem[X,0x0000000080011D30] -> 0x1513
mem[X,0x0000000080011D32] -> 0x00E5
[1675] [M]: 0x0000000080011D30 (0x00E51513) slli a0, a0, 0xe
x10 <- 0x0000000000004000
mem[X,0x0000000080011D34] -> 0x0593
mem[X,0x0000000080011D36] -> 0x0010
[1676] [M]: 0x0000000080011D34 (0x00100593) addi a1, zero, 0x1
x11 <- 0x0000000000000001
mem[X,0x0000000080011D38] -> 0x9593
mem[X,0x0000000080011D3A] -> 0x03E5
[1677] [M]: 0x0000000080011D38 (0x03E59593) slli a1, a1, 0x3e
x11 <- 0x4000000000000000
mem[X,0x0000000080011D3C] -> 0x0213
mem[X,0x0000000080011D3E] -> 0x0000
[1678] [M]: 0x0000000080011D3C (0x00000213) addi tp, zero, 0x0
x4 <- 0x0000000000000000
mem[X,0x0000000080011D40] -> 0x006F
mem[X,0x0000000080011D42] -> 0x00C0
[1679] [M]: 0x0000000080011D40 (0x00C0006F) jal zero, 0xc
mem[X,0x0000000080011D4C] -> 0x0663
mem[X,0x0000000080011D4E] -> 0x00B5
[1680] [M]: 0x0000000080011D4C (0x00B50663) beq a0, a1, 0xc
mem[X,0x0000000080011D50] -> 0x0213
mem[X,0x0000000080011D52] -> 0x0022
[1681] [M]: 0x0000000080011D50 (0x00220213) addi tp, tp, 0x2
x4 <- 0x0000000000000002
mem[X,0x0000000080011D54] -> 0x006F
mem[X,0x0000000080011D56] -> 0x00C0
[1682] [M]: 0x0000000080011D54 (0x00C0006F) jal zero, 0xc
mem[X,0x0000000080011D60] -> 0x3423
mem[X,0x0000000080011D62] -> 0x3A41
[1683] [M]: 0x0000000080011D60 (0x3A413423) sd tp, 0x3a8(sp)
mem[0x0000000080048570] <- 0x0000000000000002
mem[X,0x0000000080011D64] -> 0x0513
mem[X,0x0000000080011D66] -> 0x0010
[1684] [M]: 0x0000000080011D64 (0x00100513) addi a0, zero, 0x1
x10 <- 0x0000000000000001
mem[X,0x0000000080011D68] -> 0x1513
mem[X,0x0000000080011D6A] -> 0x0115
[1685] [M]: 0x0000000080011D68 (0x01151513) slli a0, a0, 0x11
x10 <- 0x0000000000020000
mem[X,0x0000000080011D6C] -> 0x0593
mem[X,0x0000000080011D6E] -> 0x0010
[1686] [M]: 0x0000000080011D6C (0x00100593) addi a1, zero, 0x1
x11 <- 0x0000000000000001
mem[X,0x0000000080011D70] -> 0x9593
mem[X,0x0000000080011D72] -> 0x0225
[1687] [M]: 0x0000000080011D70 (0x02259593) slli a1, a1, 0x22
x11 <- 0x0000000400000000
mem[X,0x0000000080011D74] -> 0xC593
mem[X,0x0000000080011D76] -> 0xFFF5
[1688] [M]: 0x0000000080011D74 (0xFFF5C593) xori a1, a1, -0x1
x11 <- 0xFFFFFFFBFFFFFFFF
mem[X,0x0000000080011D78] -> 0x0213
mem[X,0x0000000080011D7A] -> 0x0000
[1689] [M]: 0x0000000080011D78 (0x00000213) addi tp, zero, 0x0
x4 <- 0x0000000000000000
mem[X,0x0000000080011D7C] -> 0x006F
mem[X,0x0000000080011D7E] -> 0x00C0
[1690] [M]: 0x0000000080011D7C (0x00C0006F) jal zero, 0xc
mem[X,0x0000000080011D88] -> 0x0663
mem[X,0x0000000080011D8A] -> 0x00B5
[1691] [M]: 0x0000000080011D88 (0x00B50663) beq a0, a1, 0xc
mem[X,0x0000000080011D8C] -> 0x0213
mem[X,0x0000000080011D8E] -> 0x0022
[1692] [M]: 0x0000000080011D8C (0x00220213) addi tp, tp, 0x2
x4 <- 0x0000000000000002
mem[X,0x0000000080011D90] -> 0x006F
mem[X,0x0000000080011D92] -> 0x00C0
[1693] [M]: 0x0000000080011D90 (0x00C0006F) jal zero, 0xc
mem[X,0x0000000080011D9C] -> 0x3823
mem[X,0x0000000080011D9E] -> 0x3A41
[1694] [M]: 0x0000000080011D9C (0x3A413823) sd tp, 0x3b0(sp)
mem[0x0000000080048578] <- 0x0000000000000002
mem[X,0x0000000080011DA0] -> 0x0513
mem[X,0x0000000080011DA2] -> 0x0010
[1695] [M]: 0x0000000080011DA0 (0x00100513) addi a0, zero, 0x1
x10 <- 0x0000000000000001
mem[X,0x0000000080011DA4] -> 0x1513
mem[X,0x0000000080011DA6] -> 0x0125
[1696] [M]: 0x0000000080011DA4 (0x01251513) slli a0, a0, 0x12
x10 <- 0x0000000000040000
mem[X,0x0000000080011DA8] -> 0x0593
mem[X,0x0000000080011DAA] -> 0x0010
[1697] [M]: 0x0000000080011DA8 (0x00100593) addi a1, zero, 0x1
x11 <- 0x0000000000000001
mem[X,0x0000000080011DAC] -> 0x9593
mem[X,0x0000000080011DAE] -> 0x0355
[1698] [M]: 0x0000000080011DAC (0x03559593) slli a1, a1, 0x35
x11 <- 0x0020000000000000
mem[X,0x0000000080011DB0] -> 0x0213
mem[X,0x0000000080011DB2] -> 0x0000
[1699] [M]: 0x0000000080011DB0 (0x00000213) addi tp, zero, 0x0
x4 <- 0x0000000000000000
clint::tick mtime <- 0x0000000000000011
 clint timer pending at mtime 0x0000000000000011
htif::tick 0x0000000000000000
mem[X,0x0000000080011DB4] -> 0x006F
mem[X,0x0000000080011DB6] -> 0x00C0
[1700] [M]: 0x0000000080011DB4 (0x00C0006F) jal zero, 0xc
mem[X,0x0000000080011DC0] -> 0x0663
mem[X,0x0000000080011DC2] -> 0x00B5
[1701] [M]: 0x0000000080011DC0 (0x00B50663) beq a0, a1, 0xc
mem[X,0x0000000080011DC4] -> 0x0213
mem[X,0x0000000080011DC6] -> 0x0022
[1702] [M]: 0x0000000080011DC4 (0x00220213) addi tp, tp, 0x2
x4 <- 0x0000000000000002
mem[X,0x0000000080011DC8] -> 0x006F
mem[X,0x0000000080011DCA] -> 0x00C0
[1703] [M]: 0x0000000080011DC8 (0x00C0006F) jal zero, 0xc
mem[X,0x0000000080011DD4] -> 0x3C23
mem[X,0x0000000080011DD6] -> 0x3A41
[1704] [M]: 0x0000000080011DD4 (0x3A413C23) sd tp, 0x3b8(sp)
mem[0x0000000080048580] <- 0x0000000000000002
mem[X,0x0000000080011DD8] -> 0x0513
mem[X,0x0000000080011DDA] -> 0x0010
[1705] [M]: 0x0000000080011DD8 (0x00100513) addi a0, zero, 0x1
x10 <- 0x0000000000000001
mem[X,0x0000000080011DDC] -> 0x1513
mem[X,0x0000000080011DDE] -> 0x0145
[1706] [M]: 0x0000000080011DDC (0x01451513) slli a0, a0, 0x14
x10 <- 0x0000000000100000
mem[X,0x0000000080011DE0] -> 0x0593
mem[X,0x0000000080011DE2] -> 0x0020
[1707] [M]: 0x0000000080011DE0 (0x00200593) addi a1, zero, 0x2
x11 <- 0x0000000000000002
mem[X,0x0000000080011DE4] -> 0x0213
mem[X,0x0000000080011DE6] -> 0x0000
[1708] [M]: 0x0000000080011DE4 (0x00000213) addi tp, zero, 0x0
x4 <- 0x0000000000000000
mem[X,0x0000000080011DE8] -> 0x006F
mem[X,0x0000000080011DEA] -> 0x00C0
[1709] [M]: 0x0000000080011DE8 (0x00C0006F) jal zero, 0xc
mem[X,0x0000000080011DF4] -> 0x0663
mem[X,0x0000000080011DF6] -> 0x00B5
[1710] [M]: 0x0000000080011DF4 (0x00B50663) beq a0, a1, 0xc
mem[X,0x0000000080011DF8] -> 0x0213
mem[X,0x0000000080011DFA] -> 0x0022
[1711] [M]: 0x0000000080011DF8 (0x00220213) addi tp, tp, 0x2
x4 <- 0x0000000000000002
mem[X,0x0000000080011DFC] -> 0x006F
mem[X,0x0000000080011DFE] -> 0x00C0
[1712] [M]: 0x0000000080011DFC (0x00C0006F) jal zero, 0xc
mem[X,0x0000000080011E08] -> 0x3023
mem[X,0x0000000080011E0A] -> 0x3C41
[1713] [M]: 0x0000000080011E08 (0x3C413023) sd tp, 0x3c0(sp)
mem[0x0000000080048588] <- 0x0000000000000002
mem[X,0x0000000080011E0C] -> 0x0513
mem[X,0x0000000080011E0E] -> 0x0010
[1714] [M]: 0x0000000080011E0C (0x00100513) addi a0, zero, 0x1
x10 <- 0x0000000000000001
mem[X,0x0000000080011E10] -> 0x1513
mem[X,0x0000000080011E12] -> 0x0155
[1715] [M]: 0x0000000080011E10 (0x01551513) slli a0, a0, 0x15
x10 <- 0x0000000000200000
mem[X,0x0000000080011E14] -> 0x0593
mem[X,0x0000000080011E16] -> 0x0010
[1716] [M]: 0x0000000080011E14 (0x00100593) addi a1, zero, 0x1
x11 <- 0x0000000000000001
mem[X,0x0000000080011E18] -> 0x9593
mem[X,0x0000000080011E1A] -> 0x03E5
[1717] [M]: 0x0000000080011E18 (0x03E59593) slli a1, a1, 0x3e
x11 <- 0x4000000000000000
mem[X,0x0000000080011E1C] -> 0xC593
mem[X,0x0000000080011E1E] -> 0xFFF5
[1718] [M]: 0x0000000080011E1C (0xFFF5C593) xori a1, a1, -0x1
x11 <- 0xBFFFFFFFFFFFFFFF
mem[X,0x0000000080011E20] -> 0x0213
mem[X,0x0000000080011E22] -> 0x0000
[1719] [M]: 0x0000000080011E20 (0x00000213) addi tp, zero, 0x0
x4 <- 0x0000000000000000
mem[X,0x0000000080011E24] -> 0x006F
mem[X,0x0000000080011E26] -> 0x00C0
[1720] [M]: 0x0000000080011E24 (0x00C0006F) jal zero, 0xc
mem[X,0x0000000080011E30] -> 0x0663
mem[X,0x0000000080011E32] -> 0x00B5
[1721] [M]: 0x0000000080011E30 (0x00B50663) beq a0, a1, 0xc
mem[X,0x0000000080011E34] -> 0x0213
mem[X,0x0000000080011E36] -> 0x0022
[1722] [M]: 0x0000000080011E34 (0x00220213) addi tp, tp, 0x2
x4 <- 0x0000000000000002
mem[X,0x0000000080011E38] -> 0x006F
mem[X,0x0000000080011E3A] -> 0x00C0
[1723] [M]: 0x0000000080011E38 (0x00C0006F) jal zero, 0xc
mem[X,0x0000000080011E44] -> 0x3423
mem[X,0x0000000080011E46] -> 0x3C41
[1724] [M]: 0x0000000080011E44 (0x3C413423) sd tp, 0x3c8(sp)
mem[0x0000000080048590] <- 0x0000000000000002
mem[X,0x0000000080011E48] -> 0x0513
mem[X,0x0000000080011E4A] -> 0x0010
[1725] [M]: 0x0000000080011E48 (0x00100513) addi a0, zero, 0x1
x10 <- 0x0000000000000001
mem[X,0x0000000080011E4C] -> 0x1513
mem[X,0x0000000080011E4E] -> 0x0165
[1726] [M]: 0x0000000080011E4C (0x01651513) slli a0, a0, 0x16
x10 <- 0x0000000000400000
mem[X,0x0000000080011E50] -> 0x0593
mem[X,0x0000000080011E52] -> 0x0010
[1727] [M]: 0x0000000080011E50 (0x00100593) addi a1, zero, 0x1
x11 <- 0x0000000000000001
mem[X,0x0000000080011E54] -> 0x9593
mem[X,0x0000000080011E56] -> 0x0285
[1728] [M]: 0x0000000080011E54 (0x02859593) slli a1, a1, 0x28
x11 <- 0x0000010000000000
mem[X,0x0000000080011E58] -> 0x0213
mem[X,0x0000000080011E5A] -> 0x0000
[1729] [M]: 0x0000000080011E58 (0x00000213) addi tp, zero, 0x0
x4 <- 0x0000000000000000
mem[X,0x0000000080011E5C] -> 0x006F
mem[X,0x0000000080011E5E] -> 0x00C0
[1730] [M]: 0x0000000080011E5C (0x00C0006F) jal zero, 0xc
mem[X,0x0000000080011E68] -> 0x0063
mem[X,0x0000000080011E6A] -> 0x10B5
[1731] [M]: 0x0000000080011E68 (0x10B50063) beq a0, a1, 0x100
mem[X,0x0000000080011E6C] -> 0x0213
mem[X,0x0000000080011E6E] -> 0x0022
[1732] [M]: 0x0000000080011E6C (0x00220213) addi tp, tp, 0x2
x4 <- 0x0000000000000002
mem[X,0x0000000080011E70] -> 0x006F
mem[X,0x0000000080011E72] -> 0x1000
[1733] [M]: 0x0000000080011E70 (0x1000006F) jal zero, 0x100
mem[X,0x0000000080011F70] -> 0x3823
mem[X,0x0000000080011F72] -> 0x3C41
[1734] [M]: 0x0000000080011F70 (0x3C413823) sd tp, 0x3d0(sp)
mem[0x0000000080048598] <- 0x0000000000000002
mem[X,0x0000000080011F74] -> 0x0513
mem[X,0x0000000080011F76] -> 0x0010
[1735] [M]: 0x0000000080011F74 (0x00100513) addi a0, zero, 0x1
x10 <- 0x0000000000000001
mem[X,0x0000000080011F78] -> 0x1513
mem[X,0x0000000080011F7A] -> 0x0185
[1736] [M]: 0x0000000080011F78 (0x01851513) slli a0, a0, 0x18
x10 <- 0x0000000001000000
mem[X,0x0000000080011F7C] -> 0x0593
mem[X,0x0000000080011F7E] -> 0x0010
[1737] [M]: 0x0000000080011F7C (0x00100593) addi a1, zero, 0x1
x11 <- 0x0000000000000001
mem[X,0x0000000080011F80] -> 0x9593
mem[X,0x0000000080011F82] -> 0x0395
[1738] [M]: 0x0000000080011F80 (0x03959593) slli a1, a1, 0x39
x11 <- 0x0200000000000000
mem[X,0x0000000080011F84] -> 0xC593
mem[X,0x0000000080011F86] -> 0xFFF5
[1739] [M]: 0x0000000080011F84 (0xFFF5C593) xori a1, a1, -0x1
x11 <- 0xFDFFFFFFFFFFFFFF
mem[X,0x0000000080011F88] -> 0x0213
mem[X,0x0000000080011F8A] -> 0x0000
[1740] [M]: 0x0000000080011F88 (0x00000213) addi tp, zero, 0x0
x4 <- 0x0000000000000000
mem[X,0x0000000080011F8C] -> 0x006F
mem[X,0x0000000080011F8E] -> 0x00C0
[1741] [M]: 0x0000000080011F8C (0x00C0006F) jal zero, 0xc
mem[X,0x0000000080011F98] -> 0x0CE3
mem[X,0x0000000080011F9A] -> 0xFEB5
[1742] [M]: 0x0000000080011F98 (0xFEB50CE3) beq a0, a1, -0x8
mem[X,0x0000000080011F9C] -> 0x0213
mem[X,0x0000000080011F9E] -> 0x0022
[1743] [M]: 0x0000000080011F9C (0x00220213) addi tp, tp, 0x2
x4 <- 0x0000000000000002
mem[X,0x0000000080011FA0] -> 0x006F
mem[X,0x0000000080011FA2] -> 0x00C0
[1744] [M]: 0x0000000080011FA0 (0x00C0006F) jal zero, 0xc
mem[X,0x0000000080011FAC] -> 0x3C23
mem[X,0x0000000080011FAE] -> 0x3C41
[1745] [M]: 0x0000000080011FAC (0x3C413C23) sd tp, 0x3d8(sp)
mem[0x00000000800485A0] <- 0x0000000000000002
mem[X,0x0000000080011FB0] -> 0x0513
mem[X,0x0000000080011FB2] -> 0x0010
[1746] [M]: 0x0000000080011FB0 (0x00100513) addi a0, zero, 0x1
x10 <- 0x0000000000000001
mem[X,0x0000000080011FB4] -> 0x1513
mem[X,0x0000000080011FB6] -> 0x01A5
[1747] [M]: 0x0000000080011FB4 (0x01A51513) slli a0, a0, 0x1a
x10 <- 0x0000000004000000
mem[X,0x0000000080011FB8] -> 0x0593
mem[X,0x0000000080011FBA] -> 0x0010
[1748] [M]: 0x0000000080011FB8 (0x00100593) addi a1, zero, 0x1
x11 <- 0x0000000000000001
mem[X,0x0000000080011FBC] -> 0x9593
mem[X,0x0000000080011FBE] -> 0x02D5
[1749] [M]: 0x0000000080011FBC (0x02D59593) slli a1, a1, 0x2d
x11 <- 0x0000200000000000
mem[X,0x0000000080011FC0] -> 0xC593
mem[X,0x0000000080011FC2] -> 0xFFF5
[1750] [M]: 0x0000000080011FC0 (0xFFF5C593) xori a1, a1, -0x1
x11 <- 0xFFFFDFFFFFFFFFFF
mem[X,0x0000000080011FC4] -> 0x0213
mem[X,0x0000000080011FC6] -> 0x0000
[1751] [M]: 0x0000000080011FC4 (0x00000213) addi tp, zero, 0x0
x4 <- 0x0000000000000000
mem[X,0x0000000080011FC8] -> 0x006F
mem[X,0x0000000080011FCA] -> 0x00C0
[1752] [M]: 0x0000000080011FC8 (0x00C0006F) jal zero, 0xc
mem[X,0x0000000080011FD4] -> 0x0863
mem[X,0x0000000080011FD6] -> 0x00B5
[1753] [M]: 0x0000000080011FD4 (0x00B50863) beq a0, a1, 0x10
mem[X,0x0000000080011FD8] -> 0x0213
mem[X,0x0000000080011FDA] -> 0x0022
[1754] [M]: 0x0000000080011FD8 (0x00220213) addi tp, tp, 0x2
x4 <- 0x0000000000000002
mem[X,0x0000000080011FDC] -> 0x006F
mem[X,0x0000000080011FDE] -> 0x0100
[1755] [M]: 0x0000000080011FDC (0x0100006F) jal zero, 0x10
mem[X,0x0000000080011FEC] -> 0x3023
mem[X,0x0000000080011FEE] -> 0x3E41
[1756] [M]: 0x0000000080011FEC (0x3E413023) sd tp, 0x3e0(sp)
mem[0x00000000800485A8] <- 0x0000000000000002
mem[X,0x0000000080011FF0] -> 0x0513
mem[X,0x0000000080011FF2] -> 0x0010
[1757] [M]: 0x0000000080011FF0 (0x00100513) addi a0, zero, 0x1
x10 <- 0x0000000000000001
mem[X,0x0000000080011FF4] -> 0x1513
mem[X,0x0000000080011FF6] -> 0x01B5
[1758] [M]: 0x0000000080011FF4 (0x01B51513) slli a0, a0, 0x1b
x10 <- 0x0000000008000000
mem[X,0x0000000080011FF8] -> 0x0593
mem[X,0x0000000080011FFA] -> 0x0010
[1759] [M]: 0x0000000080011FF8 (0x00100593) addi a1, zero, 0x1
x11 <- 0x0000000000000001
mem[X,0x0000000080011FFC] -> 0x9593
mem[X,0x0000000080011FFE] -> 0x0125
[1760] [M]: 0x0000000080011FFC (0x01259593) slli a1, a1, 0x12
x11 <- 0x0000000000040000
mem[X,0x0000000080012000] -> 0x0213
mem[X,0x0000000080012002] -> 0x0000
[1761] [M]: 0x0000000080012000 (0x00000213) addi tp, zero, 0x0
x4 <- 0x0000000000000000
mem[X,0x0000000080012004] -> 0x006F
mem[X,0x0000000080012006] -> 0x00C0
[1762] [M]: 0x0000000080012004 (0x00C0006F) jal zero, 0xc
mem[X,0x0000000080012010] -> 0x0CE3
mem[X,0x0000000080012012] -> 0xFEB5
[1763] [M]: 0x0000000080012010 (0xFEB50CE3) beq a0, a1, -0x8
mem[X,0x0000000080012014] -> 0x0213
mem[X,0x0000000080012016] -> 0x0022
[1764] [M]: 0x0000000080012014 (0x00220213) addi tp, tp, 0x2
x4 <- 0x0000000000000002
mem[X,0x0000000080012018] -> 0x006F
mem[X,0x000000008001201A] -> 0x00C0
[1765] [M]: 0x0000000080012018 (0x00C0006F) jal zero, 0xc
mem[X,0x0000000080012024] -> 0x3423
mem[X,0x0000000080012026] -> 0x3E41
[1766] [M]: 0x0000000080012024 (0x3E413423) sd tp, 0x3e8(sp)
mem[0x00000000800485B0] <- 0x0000000000000002
mem[X,0x0000000080012028] -> 0x0513
mem[X,0x000000008001202A] -> 0x0010
[1767] [M]: 0x0000000080012028 (0x00100513) addi a0, zero, 0x1
x10 <- 0x0000000000000001
mem[X,0x000000008001202C] -> 0x1513
mem[X,0x000000008001202E] -> 0x01C5
[1768] [M]: 0x000000008001202C (0x01C51513) slli a0, a0, 0x1c
x10 <- 0x0000000010000000
mem[X,0x0000000080012030] -> 0x0593
mem[X,0x0000000080012032] -> 0x0010
[1769] [M]: 0x0000000080012030 (0x00100593) addi a1, zero, 0x1
x11 <- 0x0000000000000001
mem[X,0x0000000080012034] -> 0x9593
mem[X,0x0000000080012036] -> 0x02E5
[1770] [M]: 0x0000000080012034 (0x02E59593) slli a1, a1, 0x2e
x11 <- 0x0000400000000000
mem[X,0x0000000080012038] -> 0xC593
mem[X,0x000000008001203A] -> 0xFFF5
[1771] [M]: 0x0000000080012038 (0xFFF5C593) xori a1, a1, -0x1
x11 <- 0xFFFFBFFFFFFFFFFF
mem[X,0x000000008001203C] -> 0x0213
mem[X,0x000000008001203E] -> 0x0000
[1772] [M]: 0x000000008001203C (0x00000213) addi tp, zero, 0x0
x4 <- 0x0000000000000000
mem[X,0x0000000080012040] -> 0x006F
mem[X,0x0000000080012042] -> 0x0050
[1773] [M]: 0x0000000080012040 (0x0050006F) jal zero, 0x804
mem[X,0x0000000080012844] -> 0x00E3
mem[X,0x0000000080012846] -> 0x80B5
[1774] [M]: 0x0000000080012844 (0x80B500E3) beq a0, a1, -0x800
mem[X,0x0000000080012848] -> 0x0213
mem[X,0x000000008001284A] -> 0x0022
[1775] [M]: 0x0000000080012848 (0x00220213) addi tp, tp, 0x2
x4 <- 0x0000000000000002
mem[X,0x000000008001284C] -> 0x006F
mem[X,0x000000008001284E] -> 0x00C0
[1776] [M]: 0x000000008001284C (0x00C0006F) jal zero, 0xc
mem[X,0x0000000080012858] -> 0x3823
mem[X,0x000000008001285A] -> 0x3E41
[1777] [M]: 0x0000000080012858 (0x3E413823) sd tp, 0x3f0(sp)
mem[0x00000000800485B8] <- 0x0000000000000002
mem[X,0x000000008001285C] -> 0x0513
mem[X,0x000000008001285E] -> 0x0010
[1778] [M]: 0x000000008001285C (0x00100513) addi a0, zero, 0x1
x10 <- 0x0000000000000001
mem[X,0x0000000080012860] -> 0x1513
mem[X,0x0000000080012862] -> 0x01D5
[1779] [M]: 0x0000000080012860 (0x01D51513) slli a0, a0, 0x1d
x10 <- 0x0000000020000000
mem[X,0x0000000080012864] -> 0x0593
mem[X,0x0000000080012866] -> 0x0010
[1780] [M]: 0x0000000080012864 (0x00100593) addi a1, zero, 0x1
x11 <- 0x0000000000000001
mem[X,0x0000000080012868] -> 0x0213
mem[X,0x000000008001286A] -> 0x0000
[1781] [M]: 0x0000000080012868 (0x00000213) addi tp, zero, 0x0
x4 <- 0x0000000000000000
mem[X,0x000000008001286C] -> 0x006F
mem[X,0x000000008001286E] -> 0x00C0
[1782] [M]: 0x000000008001286C (0x00C0006F) jal zero, 0xc
mem[X,0x0000000080012878] -> 0x0063
mem[X,0x000000008001287A] -> 0x02B5
[1783] [M]: 0x0000000080012878 (0x02B50063) beq a0, a1, 0x20
mem[X,0x000000008001287C] -> 0x0213
mem[X,0x000000008001287E] -> 0x0022
[1784] [M]: 0x000000008001287C (0x00220213) addi tp, tp, 0x2
x4 <- 0x0000000000000002
mem[X,0x0000000080012880] -> 0x006F
mem[X,0x0000000080012882] -> 0x0200
[1785] [M]: 0x0000000080012880 (0x0200006F) jal zero, 0x20
mem[X,0x00000000800128A0] -> 0x3C23
mem[X,0x00000000800128A2] -> 0x3E41
[1786] [M]: 0x00000000800128A0 (0x3E413C23) sd tp, 0x3f8(sp)
mem[0x00000000800485C0] <- 0x0000000000000002
mem[X,0x00000000800128A4] -> 0x0513
mem[X,0x00000000800128A6] -> 0x0010
[1787] [M]: 0x00000000800128A4 (0x00100513) addi a0, zero, 0x1
x10 <- 0x0000000000000001
mem[X,0x00000000800128A8] -> 0x1513
mem[X,0x00000000800128AA] -> 0x01F5
[1788] [M]: 0x00000000800128A8 (0x01F51513) slli a0, a0, 0x1f
x10 <- 0x0000000080000000
mem[X,0x00000000800128AC] -> 0x0593
mem[X,0x00000000800128AE] -> 0x0010
[1789] [M]: 0x00000000800128AC (0x00100593) addi a1, zero, 0x1
x11 <- 0x0000000000000001
mem[X,0x00000000800128B0] -> 0x9593
mem[X,0x00000000800128B2] -> 0x02B5
[1790] [M]: 0x00000000800128B0 (0x02B59593) slli a1, a1, 0x2b
x11 <- 0x0000080000000000
mem[X,0x00000000800128B4] -> 0xC593
mem[X,0x00000000800128B6] -> 0xFFF5
[1791] [M]: 0x00000000800128B4 (0xFFF5C593) xori a1, a1, -0x1
x11 <- 0xFFFFF7FFFFFFFFFF
mem[X,0x00000000800128B8] -> 0x0213
mem[X,0x00000000800128BA] -> 0x0000
[1792] [M]: 0x00000000800128B8 (0x00000213) addi tp, zero, 0x0
x4 <- 0x0000000000000000
mem[X,0x00000000800128BC] -> 0x006F
mem[X,0x00000000800128BE] -> 0x00C0
[1793] [M]: 0x00000000800128BC (0x00C0006F) jal zero, 0xc
mem[X,0x00000000800128C8] -> 0x0063
mem[X,0x00000000800128CA] -> 0x20B5
[1794] [M]: 0x00000000800128C8 (0x20B50063) beq a0, a1, 0x200
mem[X,0x00000000800128CC] -> 0x0213
mem[X,0x00000000800128CE] -> 0x0022
[1795] [M]: 0x00000000800128CC (0x00220213) addi tp, tp, 0x2
x4 <- 0x0000000000000002
mem[X,0x00000000800128D0] -> 0x006F
mem[X,0x00000000800128D2] -> 0x2000
[1796] [M]: 0x00000000800128D0 (0x2000006F) jal zero, 0x200
mem[X,0x0000000080012AD0] -> 0x3023
mem[X,0x0000000080012AD2] -> 0x4041
[1797] [M]: 0x0000000080012AD0 (0x40413023) sd tp, 0x400(sp)
mem[0x00000000800485C8] <- 0x0000000000000002
mem[X,0x0000000080012AD4] -> 0x0513
mem[X,0x0000000080012AD6] -> 0x0010
[1798] [M]: 0x0000000080012AD4 (0x00100513) addi a0, zero, 0x1
x10 <- 0x0000000000000001
mem[X,0x0000000080012AD8] -> 0x1513
mem[X,0x0000000080012ADA] -> 0x0205
[1799] [M]: 0x0000000080012AD8 (0x02051513) slli a0, a0, 0x20
x10 <- 0x0000000100000000
clint::tick mtime <- 0x0000000000000012
 clint timer pending at mtime 0x0000000000000012
htif::tick 0x0000000000000000
mem[X,0x0000000080012ADC] -> 0x0593
mem[X,0x0000000080012ADE] -> 0xFF90
[1800] [M]: 0x0000000080012ADC (0xFF900593) addi a1, zero, -0x7
x11 <- 0xFFFFFFFFFFFFFFF9
mem[X,0x0000000080012AE0] -> 0x0213
mem[X,0x0000000080012AE2] -> 0x0000
[1801] [M]: 0x0000000080012AE0 (0x00000213) addi tp, zero, 0x0
x4 <- 0x0000000000000000
mem[X,0x0000000080012AE4] -> 0x006F
mem[X,0x0000000080012AE6] -> 0x00C0
[1802] [M]: 0x0000000080012AE4 (0x00C0006F) jal zero, 0xc
mem[X,0x0000000080012AF0] -> 0x0863
mem[X,0x0000000080012AF2] -> 0x00B5
[1803] [M]: 0x0000000080012AF0 (0x00B50863) beq a0, a1, 0x10
mem[X,0x0000000080012AF4] -> 0x0213
mem[X,0x0000000080012AF6] -> 0x0022
[1804] [M]: 0x0000000080012AF4 (0x00220213) addi tp, tp, 0x2
x4 <- 0x0000000000000002
mem[X,0x0000000080012AF8] -> 0x006F
mem[X,0x0000000080012AFA] -> 0x0100
[1805] [M]: 0x0000000080012AF8 (0x0100006F) jal zero, 0x10
mem[X,0x0000000080012B08] -> 0x3423
mem[X,0x0000000080012B0A] -> 0x4041
[1806] [M]: 0x0000000080012B08 (0x40413423) sd tp, 0x408(sp)
mem[0x00000000800485D0] <- 0x0000000000000002
mem[X,0x0000000080012B0C] -> 0x0513
mem[X,0x0000000080012B0E] -> 0x0010
[1807] [M]: 0x0000000080012B0C (0x00100513) addi a0, zero, 0x1
x10 <- 0x0000000000000001
mem[X,0x0000000080012B10] -> 0x1513
mem[X,0x0000000080012B12] -> 0x0215
[1808] [M]: 0x0000000080012B10 (0x02151513) slli a0, a0, 0x21
x10 <- 0x0000000200000000
mem[X,0x0000000080012B14] -> 0x0593
mem[X,0x0000000080012B16] -> 0x0010
[1809] [M]: 0x0000000080012B14 (0x00100593) addi a1, zero, 0x1
x11 <- 0x0000000000000001
mem[X,0x0000000080012B18] -> 0x9593
mem[X,0x0000000080012B1A] -> 0x0185
[1810] [M]: 0x0000000080012B18 (0x01859593) slli a1, a1, 0x18
x11 <- 0x0000000001000000
mem[X,0x0000000080012B1C] -> 0xC593
mem[X,0x0000000080012B1E] -> 0xFFF5
[1811] [M]: 0x0000000080012B1C (0xFFF5C593) xori a1, a1, -0x1
x11 <- 0xFFFFFFFFFEFFFFFF
mem[X,0x0000000080012B20] -> 0x0213
mem[X,0x0000000080012B22] -> 0x0000
[1812] [M]: 0x0000000080012B20 (0x00000213) addi tp, zero, 0x0
x4 <- 0x0000000000000000
mem[X,0x0000000080012B24] -> 0x006F
mem[X,0x0000000080012B26] -> 0x00C0
[1813] [M]: 0x0000000080012B24 (0x00C0006F) jal zero, 0xc
mem[X,0x0000000080012B30] -> 0x0063
mem[X,0x0000000080012B32] -> 0x08B5
[1814] [M]: 0x0000000080012B30 (0x08B50063) beq a0, a1, 0x80
mem[X,0x0000000080012B34] -> 0x0213
mem[X,0x0000000080012B36] -> 0x0022
[1815] [M]: 0x0000000080012B34 (0x00220213) addi tp, tp, 0x2
x4 <- 0x0000000000000002
mem[X,0x0000000080012B38] -> 0x006F
mem[X,0x0000000080012B3A] -> 0x0800
[1816] [M]: 0x0000000080012B38 (0x0800006F) jal zero, 0x80
mem[X,0x0000000080012BB8] -> 0x3823
mem[X,0x0000000080012BBA] -> 0x4041
[1817] [M]: 0x0000000080012BB8 (0x40413823) sd tp, 0x410(sp)
mem[0x00000000800485D8] <- 0x0000000000000002
mem[X,0x0000000080012BBC] -> 0x0513
mem[X,0x0000000080012BBE] -> 0x0010
[1818] [M]: 0x0000000080012BBC (0x00100513) addi a0, zero, 0x1
x10 <- 0x0000000000000001
mem[X,0x0000000080012BC0] -> 0x1513
mem[X,0x0000000080012BC2] -> 0x0245
[1819] [M]: 0x0000000080012BC0 (0x02451513) slli a0, a0, 0x24
x10 <- 0x0000001000000000
mem[X,0x0000000080012BC4] -> 0x0593
mem[X,0x0000000080012BC6] -> 0x0010
[1820] [M]: 0x0000000080012BC4 (0x00100593) addi a1, zero, 0x1
x11 <- 0x0000000000000001
mem[X,0x0000000080012BC8] -> 0x9593
mem[X,0x0000000080012BCA] -> 0x01C5
[1821] [M]: 0x0000000080012BC8 (0x01C59593) slli a1, a1, 0x1c
x11 <- 0x0000000010000000
mem[X,0x0000000080012BCC] -> 0x0213
mem[X,0x0000000080012BCE] -> 0x0000
[1822] [M]: 0x0000000080012BCC (0x00000213) addi tp, zero, 0x0
x4 <- 0x0000000000000000
mem[X,0x0000000080012BD0] -> 0x006F
mem[X,0x0000000080012BD2] -> 0x00C0
[1823] [M]: 0x0000000080012BD0 (0x00C0006F) jal zero, 0xc
mem[X,0x0000000080012BDC] -> 0x0663
mem[X,0x0000000080012BDE] -> 0x00B5
[1824] [M]: 0x0000000080012BDC (0x00B50663) beq a0, a1, 0xc
mem[X,0x0000000080012BE0] -> 0x0213
mem[X,0x0000000080012BE2] -> 0x0022
[1825] [M]: 0x0000000080012BE0 (0x00220213) addi tp, tp, 0x2
x4 <- 0x0000000000000002
mem[X,0x0000000080012BE4] -> 0x006F
mem[X,0x0000000080012BE6] -> 0x00C0
[1826] [M]: 0x0000000080012BE4 (0x00C0006F) jal zero, 0xc
mem[X,0x0000000080012BF0] -> 0x3C23
mem[X,0x0000000080012BF2] -> 0x4041
[1827] [M]: 0x0000000080012BF0 (0x40413C23) sd tp, 0x418(sp)
mem[0x00000000800485E0] <- 0x0000000000000002
mem[X,0x0000000080012BF4] -> 0x0513
mem[X,0x0000000080012BF6] -> 0x0010
[1828] [M]: 0x0000000080012BF4 (0x00100513) addi a0, zero, 0x1
x10 <- 0x0000000000000001
mem[X,0x0000000080012BF8] -> 0x1513
mem[X,0x0000000080012BFA] -> 0x0265
[1829] [M]: 0x0000000080012BF8 (0x02651513) slli a0, a0, 0x26
x10 <- 0x0000004000000000
mem[X,0x0000000080012BFC] -> 0x0593
mem[X,0x0000000080012BFE] -> 0x0010
[1830] [M]: 0x0000000080012BFC (0x00100593) addi a1, zero, 0x1
x11 <- 0x0000000000000001
mem[X,0x0000000080012C00] -> 0x9593
mem[X,0x0000000080012C02] -> 0x0145
[1831] [M]: 0x0000000080012C00 (0x01459593) slli a1, a1, 0x14
x11 <- 0x0000000000100000
mem[X,0x0000000080012C04] -> 0xC593
mem[X,0x0000000080012C06] -> 0xFFF5
[1832] [M]: 0x0000000080012C04 (0xFFF5C593) xori a1, a1, -0x1
x11 <- 0xFFFFFFFFFFEFFFFF
mem[X,0x0000000080012C08] -> 0x0213
mem[X,0x0000000080012C0A] -> 0x0000
[1833] [M]: 0x0000000080012C08 (0x00000213) addi tp, zero, 0x0
x4 <- 0x0000000000000000
mem[X,0x0000000080012C0C] -> 0x006F
mem[X,0x0000000080012C0E] -> 0x00C0
[1834] [M]: 0x0000000080012C0C (0x00C0006F) jal zero, 0xc
mem[X,0x0000000080012C18] -> 0x0063
mem[X,0x0000000080012C1A] -> 0x02B5
[1835] [M]: 0x0000000080012C18 (0x02B50063) beq a0, a1, 0x20
mem[X,0x0000000080012C1C] -> 0x0213
mem[X,0x0000000080012C1E] -> 0x0022
[1836] [M]: 0x0000000080012C1C (0x00220213) addi tp, tp, 0x2
x4 <- 0x0000000000000002
mem[X,0x0000000080012C20] -> 0x006F
mem[X,0x0000000080012C22] -> 0x0200
[1837] [M]: 0x0000000080012C20 (0x0200006F) jal zero, 0x20
mem[X,0x0000000080012C40] -> 0x3023
mem[X,0x0000000080012C42] -> 0x4241
[1838] [M]: 0x0000000080012C40 (0x42413023) sd tp, 0x420(sp)
mem[0x00000000800485E8] <- 0x0000000000000002
mem[X,0x0000000080012C44] -> 0x0513
mem[X,0x0000000080012C46] -> 0x0010
[1839] [M]: 0x0000000080012C44 (0x00100513) addi a0, zero, 0x1
x10 <- 0x0000000000000001
mem[X,0x0000000080012C48] -> 0x1513
mem[X,0x0000000080012C4A] -> 0x0275
[1840] [M]: 0x0000000080012C48 (0x02751513) slli a0, a0, 0x27
x10 <- 0x0000008000000000
mem[X,0x0000000080012C4C] -> 0x0593
mem[X,0x0000000080012C4E] -> 0x0010
[1841] [M]: 0x0000000080012C4C (0x00100593) addi a1, zero, 0x1
x11 <- 0x0000000000000001
mem[X,0x0000000080012C50] -> 0x9593
mem[X,0x0000000080012C52] -> 0x0285
[1842] [M]: 0x0000000080012C50 (0x02859593) slli a1, a1, 0x28
x11 <- 0x0000010000000000
mem[X,0x0000000080012C54] -> 0xC593
mem[X,0x0000000080012C56] -> 0xFFF5
[1843] [M]: 0x0000000080012C54 (0xFFF5C593) xori a1, a1, -0x1
x11 <- 0xFFFFFEFFFFFFFFFF
mem[X,0x0000000080012C58] -> 0x0213
mem[X,0x0000000080012C5A] -> 0x0000
[1844] [M]: 0x0000000080012C58 (0x00000213) addi tp, zero, 0x0
x4 <- 0x0000000000000000
mem[X,0x0000000080012C5C] -> 0x006F
mem[X,0x0000000080012C5E] -> 0x00C0
[1845] [M]: 0x0000000080012C5C (0x00C0006F) jal zero, 0xc
mem[X,0x0000000080012C68] -> 0x0663
mem[X,0x0000000080012C6A] -> 0x00B5
[1846] [M]: 0x0000000080012C68 (0x00B50663) beq a0, a1, 0xc
mem[X,0x0000000080012C6C] -> 0x0213
mem[X,0x0000000080012C6E] -> 0x0022
[1847] [M]: 0x0000000080012C6C (0x00220213) addi tp, tp, 0x2
x4 <- 0x0000000000000002
mem[X,0x0000000080012C70] -> 0x006F
mem[X,0x0000000080012C72] -> 0x00C0
[1848] [M]: 0x0000000080012C70 (0x00C0006F) jal zero, 0xc
mem[X,0x0000000080012C7C] -> 0x3423
mem[X,0x0000000080012C7E] -> 0x4241
[1849] [M]: 0x0000000080012C7C (0x42413423) sd tp, 0x428(sp)
mem[0x00000000800485F0] <- 0x0000000000000002
mem[X,0x0000000080012C80] -> 0x0513
mem[X,0x0000000080012C82] -> 0x0010
[1850] [M]: 0x0000000080012C80 (0x00100513) addi a0, zero, 0x1
x10 <- 0x0000000000000001
mem[X,0x0000000080012C84] -> 0x1513
mem[X,0x0000000080012C86] -> 0x02A5
[1851] [M]: 0x0000000080012C84 (0x02A51513) slli a0, a0, 0x2a
x10 <- 0x0000040000000000
mem[X,0x0000000080012C88] -> 0x0593
mem[X,0x0000000080012C8A] -> 0xEFF0
[1852] [M]: 0x0000000080012C88 (0xEFF00593) addi a1, zero, -0x101
x11 <- 0xFFFFFFFFFFFFFEFF
mem[X,0x0000000080012C8C] -> 0x0213
mem[X,0x0000000080012C8E] -> 0x0000
[1853] [M]: 0x0000000080012C8C (0x00000213) addi tp, zero, 0x0
x4 <- 0x0000000000000000
mem[X,0x0000000080012C90] -> 0x006F
mem[X,0x0000000080012C92] -> 0x00C0
[1854] [M]: 0x0000000080012C90 (0x00C0006F) jal zero, 0xc
mem[X,0x0000000080012C9C] -> 0x0063
mem[X,0x0000000080012C9E] -> 0x02B5
[1855] [M]: 0x0000000080012C9C (0x02B50063) beq a0, a1, 0x20
mem[X,0x0000000080012CA0] -> 0x0213
mem[X,0x0000000080012CA2] -> 0x0022
[1856] [M]: 0x0000000080012CA0 (0x00220213) addi tp, tp, 0x2
x4 <- 0x0000000000000002
mem[X,0x0000000080012CA4] -> 0x006F
mem[X,0x0000000080012CA6] -> 0x0200
[1857] [M]: 0x0000000080012CA4 (0x0200006F) jal zero, 0x20
mem[X,0x0000000080012CC4] -> 0x3823
mem[X,0x0000000080012CC6] -> 0x4241
[1858] [M]: 0x0000000080012CC4 (0x42413823) sd tp, 0x430(sp)
mem[0x00000000800485F8] <- 0x0000000000000002
mem[X,0x0000000080012CC8] -> 0x0513
mem[X,0x0000000080012CCA] -> 0x0010
[1859] [M]: 0x0000000080012CC8 (0x00100513) addi a0, zero, 0x1
x10 <- 0x0000000000000001
mem[X,0x0000000080012CCC] -> 0x1513
mem[X,0x0000000080012CCE] -> 0x02C5
[1860] [M]: 0x0000000080012CCC (0x02C51513) slli a0, a0, 0x2c
x10 <- 0x0000100000000000
mem[X,0x0000000080012CD0] -> 0x0593
mem[X,0x0000000080012CD2] -> 0x0010
[1861] [M]: 0x0000000080012CD0 (0x00100593) addi a1, zero, 0x1
x11 <- 0x0000000000000001
mem[X,0x0000000080012CD4] -> 0x9593
mem[X,0x0000000080012CD6] -> 0x02A5
[1862] [M]: 0x0000000080012CD4 (0x02A59593) slli a1, a1, 0x2a
x11 <- 0x0000040000000000
mem[X,0x0000000080012CD8] -> 0xC593
mem[X,0x0000000080012CDA] -> 0xFFF5
[1863] [M]: 0x0000000080012CD8 (0xFFF5C593) xori a1, a1, -0x1
x11 <- 0xFFFFFBFFFFFFFFFF
mem[X,0x0000000080012CDC] -> 0x0213
mem[X,0x0000000080012CDE] -> 0x0000
[1864] [M]: 0x0000000080012CDC (0x00000213) addi tp, zero, 0x0
x4 <- 0x0000000000000000
mem[X,0x0000000080012CE0] -> 0x006F
mem[X,0x0000000080012CE2] -> 0x00C0
[1865] [M]: 0x0000000080012CE0 (0x00C0006F) jal zero, 0xc
mem[X,0x0000000080012CEC] -> 0x0663
mem[X,0x0000000080012CEE] -> 0x00B5
[1866] [M]: 0x0000000080012CEC (0x00B50663) beq a0, a1, 0xc
mem[X,0x0000000080012CF0] -> 0x0213
mem[X,0x0000000080012CF2] -> 0x0022
[1867] [M]: 0x0000000080012CF0 (0x00220213) addi tp, tp, 0x2
x4 <- 0x0000000000000002
mem[X,0x0000000080012CF4] -> 0x006F
mem[X,0x0000000080012CF6] -> 0x00C0
[1868] [M]: 0x0000000080012CF4 (0x00C0006F) jal zero, 0xc
mem[X,0x0000000080012D00] -> 0x3C23
mem[X,0x0000000080012D02] -> 0x4241
[1869] [M]: 0x0000000080012D00 (0x42413C23) sd tp, 0x438(sp)
mem[0x0000000080048600] <- 0x0000000000000002
mem[X,0x0000000080012D04] -> 0x0513
mem[X,0x0000000080012D06] -> 0x0010
[1870] [M]: 0x0000000080012D04 (0x00100513) addi a0, zero, 0x1
x10 <- 0x0000000000000001
mem[X,0x0000000080012D08] -> 0x1513
mem[X,0x0000000080012D0A] -> 0x02D5
[1871] [M]: 0x0000000080012D08 (0x02D51513) slli a0, a0, 0x2d
x10 <- 0x0000200000000000
mem[X,0x0000000080012D0C] -> 0x0593
mem[X,0x0000000080012D0E] -> 0x0010
[1872] [M]: 0x0000000080012D0C (0x00100593) addi a1, zero, 0x1
x11 <- 0x0000000000000001
mem[X,0x0000000080012D10] -> 0x9593
mem[X,0x0000000080012D12] -> 0x0235
[1873] [M]: 0x0000000080012D10 (0x02359593) slli a1, a1, 0x23
x11 <- 0x0000000800000000
mem[X,0x0000000080012D14] -> 0xC593
mem[X,0x0000000080012D16] -> 0xFFF5
[1874] [M]: 0x0000000080012D14 (0xFFF5C593) xori a1, a1, -0x1
x11 <- 0xFFFFFFF7FFFFFFFF
mem[X,0x0000000080012D18] -> 0x0213
mem[X,0x0000000080012D1A] -> 0x0000
[1875] [M]: 0x0000000080012D18 (0x00000213) addi tp, zero, 0x0
x4 <- 0x0000000000000000
mem[X,0x0000000080012D1C] -> 0x006F
mem[X,0x0000000080012D1E] -> 0x00C0
[1876] [M]: 0x0000000080012D1C (0x00C0006F) jal zero, 0xc
mem[X,0x0000000080012D28] -> 0x0663
mem[X,0x0000000080012D2A] -> 0x00B5
[1877] [M]: 0x0000000080012D28 (0x00B50663) beq a0, a1, 0xc
mem[X,0x0000000080012D2C] -> 0x0213
mem[X,0x0000000080012D2E] -> 0x0022
[1878] [M]: 0x0000000080012D2C (0x00220213) addi tp, tp, 0x2
x4 <- 0x0000000000000002
mem[X,0x0000000080012D30] -> 0x006F
mem[X,0x0000000080012D32] -> 0x00C0
[1879] [M]: 0x0000000080012D30 (0x00C0006F) jal zero, 0xc
mem[X,0x0000000080012D3C] -> 0x3023
mem[X,0x0000000080012D3E] -> 0x4441
[1880] [M]: 0x0000000080012D3C (0x44413023) sd tp, 0x440(sp)
mem[0x0000000080048608] <- 0x0000000000000002
mem[X,0x0000000080012D40] -> 0x0513
mem[X,0x0000000080012D42] -> 0x0010
[1881] [M]: 0x0000000080012D40 (0x00100513) addi a0, zero, 0x1
x10 <- 0x0000000000000001
mem[X,0x0000000080012D44] -> 0x1513
mem[X,0x0000000080012D46] -> 0x02E5
[1882] [M]: 0x0000000080012D44 (0x02E51513) slli a0, a0, 0x2e
x10 <- 0x0000400000000000
mem[X,0x0000000080012D48] -> 0x05B7
mem[X,0x0000000080012D4A] -> 0x0000
[1883] [M]: 0x0000000080012D48 (0x000005B7) lui a1, 0x0
x11 <- 0x0000000000000000
mem[X,0x0000000080012D4C] -> 0x8593
mem[X,0x0000000080012D4E] -> 0x0005
[1884] [M]: 0x0000000080012D4C (0x00058593) addi a1, a1, 0x0
x11 <- 0x0000000000000000
mem[X,0x0000000080012D50] -> 0x9593
mem[X,0x0000000080012D52] -> 0x00B5
[1885] [M]: 0x0000000080012D50 (0x00B59593) slli a1, a1, 0xb
x11 <- 0x0000000000000000
mem[X,0x0000000080012D54] -> 0x8593
mem[X,0x0000000080012D56] -> 0x5A85
[1886] [M]: 0x0000000080012D54 (0x5A858593) addi a1, a1, 0x5a8
x11 <- 0x00000000000005A8
mem[X,0x0000000080012D58] -> 0x9593
mem[X,0x0000000080012D5A] -> 0x00B5
[1887] [M]: 0x0000000080012D58 (0x00B59593) slli a1, a1, 0xb
x11 <- 0x00000000002D4000
mem[X,0x0000000080012D5C] -> 0x8593
mem[X,0x0000000080012D5E] -> 0x13C5
[1888] [M]: 0x0000000080012D5C (0x13C58593) addi a1, a1, 0x13c
x11 <- 0x00000000002D413C
mem[X,0x0000000080012D60] -> 0x9593
mem[X,0x0000000080012D62] -> 0x00A5
[1889] [M]: 0x0000000080012D60 (0x00A59593) slli a1, a1, 0xa
x11 <- 0x00000000B504F000
mem[X,0x0000000080012D64] -> 0x8593
mem[X,0x0000000080012D66] -> 0x3335
[1890] [M]: 0x0000000080012D64 (0x33358593) addi a1, a1, 0x333
x11 <- 0x00000000B504F333
mem[X,0x0000000080012D68] -> 0x0213
mem[X,0x0000000080012D6A] -> 0x0000
[1891] [M]: 0x0000000080012D68 (0x00000213) addi tp, zero, 0x0
x4 <- 0x0000000000000000
mem[X,0x0000000080012D6C] -> 0x006F
mem[X,0x0000000080012D6E] -> 0x0050
[1892] [M]: 0x0000000080012D6C (0x0050006F) jal zero, 0x804
mem[X,0x0000000080013570] -> 0x00E3
mem[X,0x0000000080013572] -> 0x80B5
[1893] [M]: 0x0000000080013570 (0x80B500E3) beq a0, a1, -0x800
mem[X,0x0000000080013574] -> 0x0213
mem[X,0x0000000080013576] -> 0x0022
[1894] [M]: 0x0000000080013574 (0x00220213) addi tp, tp, 0x2
x4 <- 0x0000000000000002
mem[X,0x0000000080013578] -> 0x006F
mem[X,0x000000008001357A] -> 0x00C0
[1895] [M]: 0x0000000080013578 (0x00C0006F) jal zero, 0xc
mem[X,0x0000000080013584] -> 0x3423
mem[X,0x0000000080013586] -> 0x4441
[1896] [M]: 0x0000000080013584 (0x44413423) sd tp, 0x448(sp)
mem[0x0000000080048610] <- 0x0000000000000002
mem[X,0x0000000080013588] -> 0x0513
mem[X,0x000000008001358A] -> 0x0010
[1897] [M]: 0x0000000080013588 (0x00100513) addi a0, zero, 0x1
x10 <- 0x0000000000000001
mem[X,0x000000008001358C] -> 0x1513
mem[X,0x000000008001358E] -> 0x0305
[1898] [M]: 0x000000008001358C (0x03051513) slli a0, a0, 0x30
x10 <- 0x0001000000000000
mem[X,0x0000000080013590] -> 0x0593
mem[X,0x0000000080013592] -> 0x0010
[1899] [M]: 0x0000000080013590 (0x00100593) addi a1, zero, 0x1
x11 <- 0x0000000000000001
clint::tick mtime <- 0x0000000000000013
 clint timer pending at mtime 0x0000000000000013
htif::tick 0x0000000000000000
mem[X,0x0000000080013594] -> 0x9593
mem[X,0x0000000080013596] -> 0x03C5
[1900] [M]: 0x0000000080013594 (0x03C59593) slli a1, a1, 0x3c
x11 <- 0x1000000000000000
mem[X,0x0000000080013598] -> 0x0213
mem[X,0x000000008001359A] -> 0x0000
[1901] [M]: 0x0000000080013598 (0x00000213) addi tp, zero, 0x0
x4 <- 0x0000000000000000
mem[X,0x000000008001359C] -> 0x006F
mem[X,0x000000008001359E] -> 0x00C0
[1902] [M]: 0x000000008001359C (0x00C0006F) jal zero, 0xc
mem[X,0x00000000800135A8] -> 0x0663
mem[X,0x00000000800135AA] -> 0x00B5
[1903] [M]: 0x00000000800135A8 (0x00B50663) beq a0, a1, 0xc
mem[X,0x00000000800135AC] -> 0x0213
mem[X,0x00000000800135AE] -> 0x0022
[1904] [M]: 0x00000000800135AC (0x00220213) addi tp, tp, 0x2
x4 <- 0x0000000000000002
mem[X,0x00000000800135B0] -> 0x006F
mem[X,0x00000000800135B2] -> 0x00C0
[1905] [M]: 0x00000000800135B0 (0x00C0006F) jal zero, 0xc
mem[X,0x00000000800135BC] -> 0x3823
mem[X,0x00000000800135BE] -> 0x4441
[1906] [M]: 0x00000000800135BC (0x44413823) sd tp, 0x450(sp)
mem[0x0000000080048618] <- 0x0000000000000002
mem[X,0x00000000800135C0] -> 0x0513
mem[X,0x00000000800135C2] -> 0x0010
[1907] [M]: 0x00000000800135C0 (0x00100513) addi a0, zero, 0x1
x10 <- 0x0000000000000001
mem[X,0x00000000800135C4] -> 0x1513
mem[X,0x00000000800135C6] -> 0x0315
[1908] [M]: 0x00000000800135C4 (0x03151513) slli a0, a0, 0x31
x10 <- 0x0002000000000000
mem[X,0x00000000800135C8] -> 0x0593
mem[X,0x00000000800135CA] -> 0x0010
[1909] [M]: 0x00000000800135C8 (0x00100593) addi a1, zero, 0x1
x11 <- 0x0000000000000001
mem[X,0x00000000800135CC] -> 0x9593
mem[X,0x00000000800135CE] -> 0x02F5
[1910] [M]: 0x00000000800135CC (0x02F59593) slli a1, a1, 0x2f
x11 <- 0x0000800000000000
mem[X,0x00000000800135D0] -> 0x0213
mem[X,0x00000000800135D2] -> 0x0000
[1911] [M]: 0x00000000800135D0 (0x00000213) addi tp, zero, 0x0
x4 <- 0x0000000000000000
mem[X,0x00000000800135D4] -> 0x006F
mem[X,0x00000000800135D6] -> 0x2B10
[1912] [M]: 0x00000000800135D4 (0x2B10006F) jal zero, 0xab0
mem[X,0x0000000080014084] -> 0x0A63
mem[X,0x0000000080014086] -> 0xD4B5
[1913] [M]: 0x0000000080014084 (0xD4B50A63) beq a0, a1, -0xaac
mem[X,0x0000000080014088] -> 0x0213
mem[X,0x000000008001408A] -> 0x0022
[1914] [M]: 0x0000000080014088 (0x00220213) addi tp, tp, 0x2
x4 <- 0x0000000000000002
mem[X,0x000000008001408C] -> 0x006F
mem[X,0x000000008001408E] -> 0x00C0
[1915] [M]: 0x000000008001408C (0x00C0006F) jal zero, 0xc
mem[X,0x0000000080014098] -> 0x3C23
mem[X,0x000000008001409A] -> 0x4441
[1916] [M]: 0x0000000080014098 (0x44413C23) sd tp, 0x458(sp)
mem[0x0000000080048620] <- 0x0000000000000002
mem[X,0x000000008001409C] -> 0x0513
mem[X,0x000000008001409E] -> 0x0010
[1917] [M]: 0x000000008001409C (0x00100513) addi a0, zero, 0x1
x10 <- 0x0000000000000001
mem[X,0x00000000800140A0] -> 0x1513
mem[X,0x00000000800140A2] -> 0x0325
[1918] [M]: 0x00000000800140A0 (0x03251513) slli a0, a0, 0x32
x10 <- 0x0004000000000000
mem[X,0x00000000800140A4] -> 0x0593
mem[X,0x00000000800140A6] -> 0x0010
[1919] [M]: 0x00000000800140A4 (0x00100593) addi a1, zero, 0x1
x11 <- 0x0000000000000001
mem[X,0x00000000800140A8] -> 0x9593
mem[X,0x00000000800140AA] -> 0x01E5
[1920] [M]: 0x00000000800140A8 (0x01E59593) slli a1, a1, 0x1e
x11 <- 0x0000000040000000
mem[X,0x00000000800140AC] -> 0x0213
mem[X,0x00000000800140AE] -> 0x0000
[1921] [M]: 0x00000000800140AC (0x00000213) addi tp, zero, 0x0
x4 <- 0x0000000000000000
mem[X,0x00000000800140B0] -> 0x006F
mem[X,0x00000000800140B2] -> 0x00C0
[1922] [M]: 0x00000000800140B0 (0x00C0006F) jal zero, 0xc
mem[X,0x00000000800140BC] -> 0x0663
mem[X,0x00000000800140BE] -> 0x00B5
[1923] [M]: 0x00000000800140BC (0x00B50663) beq a0, a1, 0xc
mem[X,0x00000000800140C0] -> 0x0213
mem[X,0x00000000800140C2] -> 0x0022
[1924] [M]: 0x00000000800140C0 (0x00220213) addi tp, tp, 0x2
x4 <- 0x0000000000000002
mem[X,0x00000000800140C4] -> 0x006F
mem[X,0x00000000800140C6] -> 0x00C0
[1925] [M]: 0x00000000800140C4 (0x00C0006F) jal zero, 0xc
mem[X,0x00000000800140D0] -> 0x3023
mem[X,0x00000000800140D2] -> 0x4641
[1926] [M]: 0x00000000800140D0 (0x46413023) sd tp, 0x460(sp)
mem[0x0000000080048628] <- 0x0000000000000002
mem[X,0x00000000800140D4] -> 0x0513
mem[X,0x00000000800140D6] -> 0x0010
[1927] [M]: 0x00000000800140D4 (0x00100513) addi a0, zero, 0x1
x10 <- 0x0000000000000001
mem[X,0x00000000800140D8] -> 0x1513
mem[X,0x00000000800140DA] -> 0x0335
[1928] [M]: 0x00000000800140D8 (0x03351513) slli a0, a0, 0x33
x10 <- 0x0008000000000000
mem[X,0x00000000800140DC] -> 0x0593
mem[X,0x00000000800140DE] -> 0x0010
[1929] [M]: 0x00000000800140DC (0x00100593) addi a1, zero, 0x1
x11 <- 0x0000000000000001
mem[X,0x00000000800140E0] -> 0x9593
mem[X,0x00000000800140E2] -> 0x0115
[1930] [M]: 0x00000000800140E0 (0x01159593) slli a1, a1, 0x11
x11 <- 0x0000000000020000
mem[X,0x00000000800140E4] -> 0xC593
mem[X,0x00000000800140E6] -> 0xFFF5
[1931] [M]: 0x00000000800140E4 (0xFFF5C593) xori a1, a1, -0x1
x11 <- 0xFFFFFFFFFFFDFFFF
mem[X,0x00000000800140E8] -> 0x0213
mem[X,0x00000000800140EA] -> 0x0000
[1932] [M]: 0x00000000800140E8 (0x00000213) addi tp, zero, 0x0
x4 <- 0x0000000000000000
mem[X,0x00000000800140EC] -> 0x006F
mem[X,0x00000000800140EE] -> 0x00C0
[1933] [M]: 0x00000000800140EC (0x00C0006F) jal zero, 0xc
mem[X,0x00000000800140F8] -> 0x0663
mem[X,0x00000000800140FA] -> 0x00B5
[1934] [M]: 0x00000000800140F8 (0x00B50663) beq a0, a1, 0xc
mem[X,0x00000000800140FC] -> 0x0213
mem[X,0x00000000800140FE] -> 0x0022
[1935] [M]: 0x00000000800140FC (0x00220213) addi tp, tp, 0x2
x4 <- 0x0000000000000002
mem[X,0x0000000080014100] -> 0x006F
mem[X,0x0000000080014102] -> 0x00C0
[1936] [M]: 0x0000000080014100 (0x00C0006F) jal zero, 0xc
mem[X,0x000000008001410C] -> 0x3423
mem[X,0x000000008001410E] -> 0x4641
[1937] [M]: 0x000000008001410C (0x46413423) sd tp, 0x468(sp)
mem[0x0000000080048630] <- 0x0000000000000002
mem[X,0x0000000080014110] -> 0x0513
mem[X,0x0000000080014112] -> 0x0010
[1938] [M]: 0x0000000080014110 (0x00100513) addi a0, zero, 0x1
x10 <- 0x0000000000000001
mem[X,0x0000000080014114] -> 0x1513
mem[X,0x0000000080014116] -> 0x0345
[1939] [M]: 0x0000000080014114 (0x03451513) slli a0, a0, 0x34
x10 <- 0x0010000000000000
mem[X,0x0000000080014118] -> 0x0593
mem[X,0x000000008001411A] -> 0x0010
[1940] [M]: 0x0000000080014118 (0x00100593) addi a1, zero, 0x1
x11 <- 0x0000000000000001
mem[X,0x000000008001411C] -> 0x9593
mem[X,0x000000008001411E] -> 0x0335
[1941] [M]: 0x000000008001411C (0x03359593) slli a1, a1, 0x33
x11 <- 0x0008000000000000
mem[X,0x0000000080014120] -> 0x0213
mem[X,0x0000000080014122] -> 0x0000
[1942] [M]: 0x0000000080014120 (0x00000213) addi tp, zero, 0x0
x4 <- 0x0000000000000000
mem[X,0x0000000080014124] -> 0x006F
mem[X,0x0000000080014126] -> 0x2B10
[1943] [M]: 0x0000000080014124 (0x2B10006F) jal zero, 0xab0
mem[X,0x0000000080014BD4] -> 0x0A63
mem[X,0x0000000080014BD6] -> 0xD4B5
[1944] [M]: 0x0000000080014BD4 (0xD4B50A63) beq a0, a1, -0xaac
mem[X,0x0000000080014BD8] -> 0x0213
mem[X,0x0000000080014BDA] -> 0x0022
[1945] [M]: 0x0000000080014BD8 (0x00220213) addi tp, tp, 0x2
x4 <- 0x0000000000000002
mem[X,0x0000000080014BDC] -> 0x006F
mem[X,0x0000000080014BDE] -> 0x00C0
[1946] [M]: 0x0000000080014BDC (0x00C0006F) jal zero, 0xc
mem[X,0x0000000080014BE8] -> 0x3823
mem[X,0x0000000080014BEA] -> 0x4641
[1947] [M]: 0x0000000080014BE8 (0x46413823) sd tp, 0x470(sp)
mem[0x0000000080048638] <- 0x0000000000000002
mem[X,0x0000000080014BEC] -> 0x0513
mem[X,0x0000000080014BEE] -> 0x0010
[1948] [M]: 0x0000000080014BEC (0x00100513) addi a0, zero, 0x1
x10 <- 0x0000000000000001
mem[X,0x0000000080014BF0] -> 0x1513
mem[X,0x0000000080014BF2] -> 0x0365
[1949] [M]: 0x0000000080014BF0 (0x03651513) slli a0, a0, 0x36
x10 <- 0x0040000000000000
mem[X,0x0000000080014BF4] -> 0x0593
mem[X,0x0000000080014BF6] -> 0x0010
[1950] [M]: 0x0000000080014BF4 (0x00100593) addi a1, zero, 0x1
x11 <- 0x0000000000000001
mem[X,0x0000000080014BF8] -> 0x9593
mem[X,0x0000000080014BFA] -> 0x0375
[1951] [M]: 0x0000000080014BF8 (0x03759593) slli a1, a1, 0x37
x11 <- 0x0080000000000000
mem[X,0x0000000080014BFC] -> 0xC593
mem[X,0x0000000080014BFE] -> 0xFFF5
[1952] [M]: 0x0000000080014BFC (0xFFF5C593) xori a1, a1, -0x1
x11 <- 0xFF7FFFFFFFFFFFFF
mem[X,0x0000000080014C00] -> 0x0213
mem[X,0x0000000080014C02] -> 0x0000
[1953] [M]: 0x0000000080014C00 (0x00000213) addi tp, zero, 0x0
x4 <- 0x0000000000000000
mem[X,0x0000000080014C04] -> 0x006F
mem[X,0x0000000080014C06] -> 0x00C0
[1954] [M]: 0x0000000080014C04 (0x00C0006F) jal zero, 0xc
mem[X,0x0000000080014C10] -> 0x0663
mem[X,0x0000000080014C12] -> 0x00B5
[1955] [M]: 0x0000000080014C10 (0x00B50663) beq a0, a1, 0xc
mem[X,0x0000000080014C14] -> 0x0213
mem[X,0x0000000080014C16] -> 0x0022
[1956] [M]: 0x0000000080014C14 (0x00220213) addi tp, tp, 0x2
x4 <- 0x0000000000000002
mem[X,0x0000000080014C18] -> 0x006F
mem[X,0x0000000080014C1A] -> 0x00C0
[1957] [M]: 0x0000000080014C18 (0x00C0006F) jal zero, 0xc
mem[X,0x0000000080014C24] -> 0x3C23
mem[X,0x0000000080014C26] -> 0x4641
[1958] [M]: 0x0000000080014C24 (0x46413C23) sd tp, 0x478(sp)
mem[0x0000000080048640] <- 0x0000000000000002
mem[X,0x0000000080014C28] -> 0x0513
mem[X,0x0000000080014C2A] -> 0x0010
[1959] [M]: 0x0000000080014C28 (0x00100513) addi a0, zero, 0x1
x10 <- 0x0000000000000001
mem[X,0x0000000080014C2C] -> 0x1513
mem[X,0x0000000080014C2E] -> 0x0385
[1960] [M]: 0x0000000080014C2C (0x03851513) slli a0, a0, 0x38
x10 <- 0x0100000000000000
mem[X,0x0000000080014C30] -> 0x0593
mem[X,0x0000000080014C32] -> 0x0800
[1961] [M]: 0x0000000080014C30 (0x08000593) addi a1, zero, 0x80
x11 <- 0x0000000000000080
mem[X,0x0000000080014C34] -> 0x0213
mem[X,0x0000000080014C36] -> 0x0000
[1962] [M]: 0x0000000080014C34 (0x00000213) addi tp, zero, 0x0
x4 <- 0x0000000000000000
mem[X,0x0000000080014C38] -> 0x006F
mem[X,0x0000000080014C3A] -> 0x00C0
[1963] [M]: 0x0000000080014C38 (0x00C0006F) jal zero, 0xc
mem[X,0x0000000080014C44] -> 0x0063
mem[X,0x0000000080014C46] -> 0x02B5
[1964] [M]: 0x0000000080014C44 (0x02B50063) beq a0, a1, 0x20
mem[X,0x0000000080014C48] -> 0x0213
mem[X,0x0000000080014C4A] -> 0x0022
[1965] [M]: 0x0000000080014C48 (0x00220213) addi tp, tp, 0x2
x4 <- 0x0000000000000002
mem[X,0x0000000080014C4C] -> 0x006F
mem[X,0x0000000080014C4E] -> 0x0200
[1966] [M]: 0x0000000080014C4C (0x0200006F) jal zero, 0x20
mem[X,0x0000000080014C6C] -> 0x3023
mem[X,0x0000000080014C6E] -> 0x4841
[1967] [M]: 0x0000000080014C6C (0x48413023) sd tp, 0x480(sp)
mem[0x0000000080048648] <- 0x0000000000000002
mem[X,0x0000000080014C70] -> 0x0513
mem[X,0x0000000080014C72] -> 0x0010
[1968] [M]: 0x0000000080014C70 (0x00100513) addi a0, zero, 0x1
x10 <- 0x0000000000000001
mem[X,0x0000000080014C74] -> 0x1513
mem[X,0x0000000080014C76] -> 0x0395
[1969] [M]: 0x0000000080014C74 (0x03951513) slli a0, a0, 0x39
x10 <- 0x0200000000000000
mem[X,0x0000000080014C78] -> 0x0593
mem[X,0x0000000080014C7A] -> 0xEFF0
[1970] [M]: 0x0000000080014C78 (0xEFF00593) addi a1, zero, -0x101
x11 <- 0xFFFFFFFFFFFFFEFF
mem[X,0x0000000080014C7C] -> 0x0213
mem[X,0x0000000080014C7E] -> 0x0000
[1971] [M]: 0x0000000080014C7C (0x00000213) addi tp, zero, 0x0
x4 <- 0x0000000000000000
mem[X,0x0000000080014C80] -> 0x006F
mem[X,0x0000000080014C82] -> 0x00C0
[1972] [M]: 0x0000000080014C80 (0x00C0006F) jal zero, 0xc
mem[X,0x0000000080014C8C] -> 0x0CE3
mem[X,0x0000000080014C8E] -> 0xFEB5
[1973] [M]: 0x0000000080014C8C (0xFEB50CE3) beq a0, a1, -0x8
mem[X,0x0000000080014C90] -> 0x0213
mem[X,0x0000000080014C92] -> 0x0022
[1974] [M]: 0x0000000080014C90 (0x00220213) addi tp, tp, 0x2
x4 <- 0x0000000000000002
mem[X,0x0000000080014C94] -> 0x006F
mem[X,0x0000000080014C96] -> 0x00C0
[1975] [M]: 0x0000000080014C94 (0x00C0006F) jal zero, 0xc
mem[X,0x0000000080014CA0] -> 0x3423
mem[X,0x0000000080014CA2] -> 0x4841
[1976] [M]: 0x0000000080014CA0 (0x48413423) sd tp, 0x488(sp)
mem[0x0000000080048650] <- 0x0000000000000002
mem[X,0x0000000080014CA4] -> 0x0513
mem[X,0x0000000080014CA6] -> 0x0010
[1977] [M]: 0x0000000080014CA4 (0x00100513) addi a0, zero, 0x1
x10 <- 0x0000000000000001
mem[X,0x0000000080014CA8] -> 0x1513
mem[X,0x0000000080014CAA] -> 0x03C5
[1978] [M]: 0x0000000080014CA8 (0x03C51513) slli a0, a0, 0x3c
x10 <- 0x1000000000000000
mem[X,0x0000000080014CAC] -> 0x0593
mem[X,0x0000000080014CAE] -> 0x0010
[1979] [M]: 0x0000000080014CAC (0x00100593) addi a1, zero, 0x1
x11 <- 0x0000000000000001
mem[X,0x0000000080014CB0] -> 0x9593
mem[X,0x0000000080014CB2] -> 0x01A5
[1980] [M]: 0x0000000080014CB0 (0x01A59593) slli a1, a1, 0x1a
x11 <- 0x0000000004000000
mem[X,0x0000000080014CB4] -> 0x0213
mem[X,0x0000000080014CB6] -> 0x0000
[1981] [M]: 0x0000000080014CB4 (0x00000213) addi tp, zero, 0x0
x4 <- 0x0000000000000000
mem[X,0x0000000080014CB8] -> 0x006F
mem[X,0x0000000080014CBA] -> 0x00C0
[1982] [M]: 0x0000000080014CB8 (0x00C0006F) jal zero, 0xc
mem[X,0x0000000080014CC4] -> 0x0663
mem[X,0x0000000080014CC6] -> 0x00B5
[1983] [M]: 0x0000000080014CC4 (0x00B50663) beq a0, a1, 0xc
mem[X,0x0000000080014CC8] -> 0x0213
mem[X,0x0000000080014CCA] -> 0x0022
[1984] [M]: 0x0000000080014CC8 (0x00220213) addi tp, tp, 0x2
x4 <- 0x0000000000000002
mem[X,0x0000000080014CCC] -> 0x006F
mem[X,0x0000000080014CCE] -> 0x00C0
[1985] [M]: 0x0000000080014CCC (0x00C0006F) jal zero, 0xc
mem[X,0x0000000080014CD8] -> 0x3823
mem[X,0x0000000080014CDA] -> 0x4841
[1986] [M]: 0x0000000080014CD8 (0x48413823) sd tp, 0x490(sp)
mem[0x0000000080048658] <- 0x0000000000000002
mem[X,0x0000000080014CDC] -> 0x0513
mem[X,0x0000000080014CDE] -> 0x0010
[1987] [M]: 0x0000000080014CDC (0x00100513) addi a0, zero, 0x1
x10 <- 0x0000000000000001
mem[X,0x0000000080014CE0] -> 0x1513
mem[X,0x0000000080014CE2] -> 0x03D5
[1988] [M]: 0x0000000080014CE0 (0x03D51513) slli a0, a0, 0x3d
x10 <- 0x2000000000000000
mem[X,0x0000000080014CE4] -> 0x0593
mem[X,0x0000000080014CE6] -> 0x0010
[1989] [M]: 0x0000000080014CE4 (0x00100593) addi a1, zero, 0x1
x11 <- 0x0000000000000001
mem[X,0x0000000080014CE8] -> 0x9593
mem[X,0x0000000080014CEA] -> 0x02C5
[1990] [M]: 0x0000000080014CE8 (0x02C59593) slli a1, a1, 0x2c
x11 <- 0x0000100000000000
mem[X,0x0000000080014CEC] -> 0xC593
mem[X,0x0000000080014CEE] -> 0xFFF5
[1991] [M]: 0x0000000080014CEC (0xFFF5C593) xori a1, a1, -0x1
x11 <- 0xFFFFEFFFFFFFFFFF
mem[X,0x0000000080014CF0] -> 0x0213
mem[X,0x0000000080014CF2] -> 0x0000
[1992] [M]: 0x0000000080014CF0 (0x00000213) addi tp, zero, 0x0
x4 <- 0x0000000000000000
mem[X,0x0000000080014CF4] -> 0x006F
mem[X,0x0000000080014CF6] -> 0x00C0
[1993] [M]: 0x0000000080014CF4 (0x00C0006F) jal zero, 0xc
mem[X,0x0000000080014D00] -> 0x0663
mem[X,0x0000000080014D02] -> 0x00B5
[1994] [M]: 0x0000000080014D00 (0x00B50663) beq a0, a1, 0xc
mem[X,0x0000000080014D04] -> 0x0213
mem[X,0x0000000080014D06] -> 0x0022
[1995] [M]: 0x0000000080014D04 (0x00220213) addi tp, tp, 0x2
x4 <- 0x0000000000000002
mem[X,0x0000000080014D08] -> 0x006F
mem[X,0x0000000080014D0A] -> 0x00C0
[1996] [M]: 0x0000000080014D08 (0x00C0006F) jal zero, 0xc
mem[X,0x0000000080014D14] -> 0x3C23
mem[X,0x0000000080014D16] -> 0x4841
[1997] [M]: 0x0000000080014D14 (0x48413C23) sd tp, 0x498(sp)
mem[0x0000000080048660] <- 0x0000000000000002
mem[X,0x0000000080014D18] -> 0x0513
mem[X,0x0000000080014D1A] -> 0xFFE0
[1998] [M]: 0x0000000080014D18 (0xFFE00513) addi a0, zero, -0x2
x10 <- 0xFFFFFFFFFFFFFFFE
mem[X,0x0000000080014D1C] -> 0x0593
mem[X,0x0000000080014D1E] -> 0x0050
[1999] [M]: 0x0000000080014D1C (0x00500593) addi a1, zero, 0x5
x11 <- 0x0000000000000005
clint::tick mtime <- 0x0000000000000014
 clint timer pending at mtime 0x0000000000000014
htif::tick 0x0000000000000000
mem[X,0x0000000080014D20] -> 0x0213
mem[X,0x0000000080014D22] -> 0x0000
[2000] [M]: 0x0000000080014D20 (0x00000213) addi tp, zero, 0x0
x4 <- 0x0000000000000000
mem[X,0x0000000080014D24] -> 0x006F
mem[X,0x0000000080014D26] -> 0x00C0
[2001] [M]: 0x0000000080014D24 (0x00C0006F) jal zero, 0xc
mem[X,0x0000000080014D30] -> 0x0663
mem[X,0x0000000080014D32] -> 0x00B5
[2002] [M]: 0x0000000080014D30 (0x00B50663) beq a0, a1, 0xc
mem[X,0x0000000080014D34] -> 0x0213
mem[X,0x0000000080014D36] -> 0x0022
[2003] [M]: 0x0000000080014D34 (0x00220213) addi tp, tp, 0x2
x4 <- 0x0000000000000002
mem[X,0x0000000080014D38] -> 0x006F
mem[X,0x0000000080014D3A] -> 0x00C0
[2004] [M]: 0x0000000080014D38 (0x00C0006F) jal zero, 0xc
mem[X,0x0000000080014D44] -> 0x3023
mem[X,0x0000000080014D46] -> 0x4A41
[2005] [M]: 0x0000000080014D44 (0x4A413023) sd tp, 0x4a0(sp)
mem[0x0000000080048668] <- 0x0000000000000002
mem[X,0x0000000080014D48] -> 0x0513
mem[X,0x0000000080014D4A] -> 0xFEF0
[2006] [M]: 0x0000000080014D48 (0xFEF00513) addi a0, zero, -0x11
x10 <- 0xFFFFFFFFFFFFFFEF
mem[X,0x0000000080014D4C] -> 0x0593
mem[X,0x0000000080014D4E] -> 0xFFB0
[2007] [M]: 0x0000000080014D4C (0xFFB00593) addi a1, zero, -0x5
x11 <- 0xFFFFFFFFFFFFFFFB
mem[X,0x0000000080014D50] -> 0x0213
mem[X,0x0000000080014D52] -> 0x0000
[2008] [M]: 0x0000000080014D50 (0x00000213) addi tp, zero, 0x0
x4 <- 0x0000000000000000
mem[X,0x0000000080014D54] -> 0x006F
mem[X,0x0000000080014D56] -> 0x00C0
[2009] [M]: 0x0000000080014D54 (0x00C0006F) jal zero, 0xc
mem[X,0x0000000080014D60] -> 0x0663
mem[X,0x0000000080014D62] -> 0x00B5
[2010] [M]: 0x0000000080014D60 (0x00B50663) beq a0, a1, 0xc
mem[X,0x0000000080014D64] -> 0x0213
mem[X,0x0000000080014D66] -> 0x0022
[2011] [M]: 0x0000000080014D64 (0x00220213) addi tp, tp, 0x2
x4 <- 0x0000000000000002
mem[X,0x0000000080014D68] -> 0x006F
mem[X,0x0000000080014D6A] -> 0x00C0
[2012] [M]: 0x0000000080014D68 (0x00C0006F) jal zero, 0xc
mem[X,0x0000000080014D74] -> 0x3423
mem[X,0x0000000080014D76] -> 0x4A41
[2013] [M]: 0x0000000080014D74 (0x4A413423) sd tp, 0x4a8(sp)
mem[0x0000000080048670] <- 0x0000000000000002
mem[X,0x0000000080014D78] -> 0x0513
mem[X,0x0000000080014D7A] -> 0xFDF0
[2014] [M]: 0x0000000080014D78 (0xFDF00513) addi a0, zero, -0x21
x10 <- 0xFFFFFFFFFFFFFFDF
mem[X,0x0000000080014D7C] -> 0x0593
mem[X,0x0000000080014D7E] -> 0x0010
[2015] [M]: 0x0000000080014D7C (0x00100593) addi a1, zero, 0x1
x11 <- 0x0000000000000001
mem[X,0x0000000080014D80] -> 0x9593
mem[X,0x0000000080014D82] -> 0x00C5
[2016] [M]: 0x0000000080014D80 (0x00C59593) slli a1, a1, 0xc
x11 <- 0x0000000000001000
mem[X,0x0000000080014D84] -> 0x0213
mem[X,0x0000000080014D86] -> 0x0000
[2017] [M]: 0x0000000080014D84 (0x00000213) addi tp, zero, 0x0
x4 <- 0x0000000000000000
mem[X,0x0000000080014D88] -> 0x006F
mem[X,0x0000000080014D8A] -> 0x00C0
[2018] [M]: 0x0000000080014D88 (0x00C0006F) jal zero, 0xc
mem[X,0x0000000080014D94] -> 0x0063
mem[X,0x0000000080014D96] -> 0x04B5
[2019] [M]: 0x0000000080014D94 (0x04B50063) beq a0, a1, 0x40
mem[X,0x0000000080014D98] -> 0x0213
mem[X,0x0000000080014D9A] -> 0x0022
[2020] [M]: 0x0000000080014D98 (0x00220213) addi tp, tp, 0x2
x4 <- 0x0000000000000002
mem[X,0x0000000080014D9C] -> 0x006F
mem[X,0x0000000080014D9E] -> 0x0400
[2021] [M]: 0x0000000080014D9C (0x0400006F) jal zero, 0x40
mem[X,0x0000000080014DDC] -> 0x3823
mem[X,0x0000000080014DDE] -> 0x4A41
[2022] [M]: 0x0000000080014DDC (0x4A413823) sd tp, 0x4b0(sp)
mem[0x0000000080048678] <- 0x0000000000000002
mem[X,0x0000000080014DE0] -> 0x0513
mem[X,0x0000000080014DE2] -> 0xFBF0
[2023] [M]: 0x0000000080014DE0 (0xFBF00513) addi a0, zero, -0x41
x10 <- 0xFFFFFFFFFFFFFFBF
mem[X,0x0000000080014DE4] -> 0x0593
mem[X,0x0000000080014DE6] -> 0x0010
[2024] [M]: 0x0000000080014DE4 (0x00100593) addi a1, zero, 0x1
x11 <- 0x0000000000000001
mem[X,0x0000000080014DE8] -> 0x9593
mem[X,0x0000000080014DEA] -> 0x01E5
[2025] [M]: 0x0000000080014DE8 (0x01E59593) slli a1, a1, 0x1e
x11 <- 0x0000000040000000
mem[X,0x0000000080014DEC] -> 0x0213
mem[X,0x0000000080014DEE] -> 0x0000
[2026] [M]: 0x0000000080014DEC (0x00000213) addi tp, zero, 0x0
x4 <- 0x0000000000000000
mem[X,0x0000000080014DF0] -> 0x006F
mem[X,0x0000000080014DF2] -> 0x0050
[2027] [M]: 0x0000000080014DF0 (0x0050006F) jal zero, 0x804
mem[X,0x00000000800155F4] -> 0x00E3
mem[X,0x00000000800155F6] -> 0x80B5
[2028] [M]: 0x00000000800155F4 (0x80B500E3) beq a0, a1, -0x800
mem[X,0x00000000800155F8] -> 0x0213
mem[X,0x00000000800155FA] -> 0x0022
[2029] [M]: 0x00000000800155F8 (0x00220213) addi tp, tp, 0x2
x4 <- 0x0000000000000002
mem[X,0x00000000800155FC] -> 0x006F
mem[X,0x00000000800155FE] -> 0x00C0
[2030] [M]: 0x00000000800155FC (0x00C0006F) jal zero, 0xc
mem[X,0x0000000080015608] -> 0x3C23
mem[X,0x000000008001560A] -> 0x4A41
[2031] [M]: 0x0000000080015608 (0x4A413C23) sd tp, 0x4b8(sp)
mem[0x0000000080048680] <- 0x0000000000000002
mem[X,0x000000008001560C] -> 0x0513
mem[X,0x000000008001560E] -> 0x0010
[2032] [M]: 0x000000008001560C (0x00100513) addi a0, zero, 0x1
x10 <- 0x0000000000000001
mem[X,0x0000000080015610] -> 0x1513
mem[X,0x0000000080015612] -> 0x00B5
[2033] [M]: 0x0000000080015610 (0x00B51513) slli a0, a0, 0xb
x10 <- 0x0000000000000800
mem[X,0x0000000080015614] -> 0x4513
mem[X,0x0000000080015616] -> 0xFFF5
[2034] [M]: 0x0000000080015614 (0xFFF54513) xori a0, a0, -0x1
x10 <- 0xFFFFFFFFFFFFF7FF
mem[X,0x0000000080015618] -> 0x0593
mem[X,0x000000008001561A] -> 0x0010
[2035] [M]: 0x0000000080015618 (0x00100593) addi a1, zero, 0x1
x11 <- 0x0000000000000001
mem[X,0x000000008001561C] -> 0x9593
mem[X,0x000000008001561E] -> 0x0355
[2036] [M]: 0x000000008001561C (0x03559593) slli a1, a1, 0x35
x11 <- 0x0020000000000000
mem[X,0x0000000080015620] -> 0x0213
mem[X,0x0000000080015622] -> 0x0000
[2037] [M]: 0x0000000080015620 (0x00000213) addi tp, zero, 0x0
x4 <- 0x0000000000000000
mem[X,0x0000000080015624] -> 0x006F
mem[X,0x0000000080015626] -> 0x00C0
[2038] [M]: 0x0000000080015624 (0x00C0006F) jal zero, 0xc
mem[X,0x0000000080015630] -> 0x0CE3
mem[X,0x0000000080015632] -> 0xFEB5
[2039] [M]: 0x0000000080015630 (0xFEB50CE3) beq a0, a1, -0x8
mem[X,0x0000000080015634] -> 0x0213
mem[X,0x0000000080015636] -> 0x0022
[2040] [M]: 0x0000000080015634 (0x00220213) addi tp, tp, 0x2
x4 <- 0x0000000000000002
mem[X,0x0000000080015638] -> 0x006F
mem[X,0x000000008001563A] -> 0x00C0
[2041] [M]: 0x0000000080015638 (0x00C0006F) jal zero, 0xc
mem[X,0x0000000080015644] -> 0x3023
mem[X,0x0000000080015646] -> 0x4C41
[2042] [M]: 0x0000000080015644 (0x4C413023) sd tp, 0x4c0(sp)
mem[0x0000000080048688] <- 0x0000000000000002
mem[X,0x0000000080015648] -> 0x0513
mem[X,0x000000008001564A] -> 0x0010
[2043] [M]: 0x0000000080015648 (0x00100513) addi a0, zero, 0x1
x10 <- 0x0000000000000001
mem[X,0x000000008001564C] -> 0x1513
mem[X,0x000000008001564E] -> 0x00D5
[2044] [M]: 0x000000008001564C (0x00D51513) slli a0, a0, 0xd
x10 <- 0x0000000000002000
mem[X,0x0000000080015650] -> 0x4513
mem[X,0x0000000080015652] -> 0xFFF5
[2045] [M]: 0x0000000080015650 (0xFFF54513) xori a0, a0, -0x1
x10 <- 0xFFFFFFFFFFFFDFFF
mem[X,0x0000000080015654] -> 0x0593
mem[X,0x0000000080015656] -> 0x0010
[2046] [M]: 0x0000000080015654 (0x00100593) addi a1, zero, 0x1
x11 <- 0x0000000000000001
mem[X,0x0000000080015658] -> 0x9593
mem[X,0x000000008001565A] -> 0x00F5
[2047] [M]: 0x0000000080015658 (0x00F59593) slli a1, a1, 0xf
x11 <- 0x0000000000008000
mem[X,0x000000008001565C] -> 0xC593
mem[X,0x000000008001565E] -> 0xFFF5
[2048] [M]: 0x000000008001565C (0xFFF5C593) xori a1, a1, -0x1
x11 <- 0xFFFFFFFFFFFF7FFF
mem[X,0x0000000080015660] -> 0x0213
mem[X,0x0000000080015662] -> 0x0000
[2049] [M]: 0x0000000080015660 (0x00000213) addi tp, zero, 0x0
x4 <- 0x0000000000000000
mem[X,0x0000000080015664] -> 0x006F
mem[X,0x0000000080015666] -> 0x00C0
[2050] [M]: 0x0000000080015664 (0x00C0006F) jal zero, 0xc
mem[X,0x0000000080015670] -> 0x0CE3
mem[X,0x0000000080015672] -> 0xFEB5
[2051] [M]: 0x0000000080015670 (0xFEB50CE3) beq a0, a1, -0x8
mem[X,0x0000000080015674] -> 0x0213
mem[X,0x0000000080015676] -> 0x0022
[2052] [M]: 0x0000000080015674 (0x00220213) addi tp, tp, 0x2
x4 <- 0x0000000000000002
mem[X,0x0000000080015678] -> 0x006F
mem[X,0x000000008001567A] -> 0x00C0
[2053] [M]: 0x0000000080015678 (0x00C0006F) jal zero, 0xc
mem[X,0x0000000080015684] -> 0x3423
mem[X,0x0000000080015686] -> 0x4C41
[2054] [M]: 0x0000000080015684 (0x4C413423) sd tp, 0x4c8(sp)
mem[0x0000000080048690] <- 0x0000000000000002
mem[X,0x0000000080015688] -> 0x0513
mem[X,0x000000008001568A] -> 0x0010
[2055] [M]: 0x0000000080015688 (0x00100513) addi a0, zero, 0x1
x10 <- 0x0000000000000001
mem[X,0x000000008001568C] -> 0x1513
mem[X,0x000000008001568E] -> 0x0155
[2056] [M]: 0x000000008001568C (0x01551513) slli a0, a0, 0x15
x10 <- 0x0000000000200000
mem[X,0x0000000080015690] -> 0x4513
mem[X,0x0000000080015692] -> 0xFFF5
[2057] [M]: 0x0000000080015690 (0xFFF54513) xori a0, a0, -0x1
x10 <- 0xFFFFFFFFFFDFFFFF
mem[X,0x0000000080015694] -> 0x0593
mem[X,0x0000000080015696] -> 0x0010
[2058] [M]: 0x0000000080015694 (0x00100593) addi a1, zero, 0x1
x11 <- 0x0000000000000001
mem[X,0x0000000080015698] -> 0x9593
mem[X,0x000000008001569A] -> 0x0215
[2059] [M]: 0x0000000080015698 (0x02159593) slli a1, a1, 0x21
x11 <- 0x0000000200000000
mem[X,0x000000008001569C] -> 0x0213
mem[X,0x000000008001569E] -> 0x0000
[2060] [M]: 0x000000008001569C (0x00000213) addi tp, zero, 0x0
x4 <- 0x0000000000000000
mem[X,0x00000000800156A0] -> 0x006F
mem[X,0x00000000800156A2] -> 0x0100
[2061] [M]: 0x00000000800156A0 (0x0100006F) jal zero, 0x10
mem[X,0x00000000800156B0] -> 0x0AE3
mem[X,0x00000000800156B2] -> 0xFEB5
[2062] [M]: 0x00000000800156B0 (0xFEB50AE3) beq a0, a1, -0xc
mem[X,0x00000000800156B4] -> 0x0213
mem[X,0x00000000800156B6] -> 0x0022
[2063] [M]: 0x00000000800156B4 (0x00220213) addi tp, tp, 0x2
x4 <- 0x0000000000000002
mem[X,0x00000000800156B8] -> 0x006F
mem[X,0x00000000800156BA] -> 0x00C0
[2064] [M]: 0x00000000800156B8 (0x00C0006F) jal zero, 0xc
mem[X,0x00000000800156C4] -> 0x3823
mem[X,0x00000000800156C6] -> 0x4C41
[2065] [M]: 0x00000000800156C4 (0x4C413823) sd tp, 0x4d0(sp)
mem[0x0000000080048698] <- 0x0000000000000002
mem[X,0x00000000800156C8] -> 0x0513
mem[X,0x00000000800156CA] -> 0x0010
[2066] [M]: 0x00000000800156C8 (0x00100513) addi a0, zero, 0x1
x10 <- 0x0000000000000001
mem[X,0x00000000800156CC] -> 0x1513
mem[X,0x00000000800156CE] -> 0x0175
[2067] [M]: 0x00000000800156CC (0x01751513) slli a0, a0, 0x17
x10 <- 0x0000000000800000
mem[X,0x00000000800156D0] -> 0x4513
mem[X,0x00000000800156D2] -> 0xFFF5
[2068] [M]: 0x00000000800156D0 (0xFFF54513) xori a0, a0, -0x1
x10 <- 0xFFFFFFFFFF7FFFFF
mem[X,0x00000000800156D4] -> 0x0593
mem[X,0x00000000800156D6] -> 0x0010
[2069] [M]: 0x00000000800156D4 (0x00100593) addi a1, zero, 0x1
x11 <- 0x0000000000000001
mem[X,0x00000000800156D8] -> 0x9593
mem[X,0x00000000800156DA] -> 0x01E5
[2070] [M]: 0x00000000800156D8 (0x01E59593) slli a1, a1, 0x1e
x11 <- 0x0000000040000000
mem[X,0x00000000800156DC] -> 0xC593
mem[X,0x00000000800156DE] -> 0xFFF5
[2071] [M]: 0x00000000800156DC (0xFFF5C593) xori a1, a1, -0x1
x11 <- 0xFFFFFFFFBFFFFFFF
mem[X,0x00000000800156E0] -> 0x0213
mem[X,0x00000000800156E2] -> 0x0000
[2072] [M]: 0x00000000800156E0 (0x00000213) addi tp, zero, 0x0
x4 <- 0x0000000000000000
mem[X,0x00000000800156E4] -> 0x006F
mem[X,0x00000000800156E6] -> 0x00C0
[2073] [M]: 0x00000000800156E4 (0x00C0006F) jal zero, 0xc
mem[X,0x00000000800156F0] -> 0x0863
mem[X,0x00000000800156F2] -> 0x00B5
[2074] [M]: 0x00000000800156F0 (0x00B50863) beq a0, a1, 0x10
mem[X,0x00000000800156F4] -> 0x0213
mem[X,0x00000000800156F6] -> 0x0022
[2075] [M]: 0x00000000800156F4 (0x00220213) addi tp, tp, 0x2
x4 <- 0x0000000000000002
mem[X,0x00000000800156F8] -> 0x006F
mem[X,0x00000000800156FA] -> 0x0100
[2076] [M]: 0x00000000800156F8 (0x0100006F) jal zero, 0x10
mem[X,0x0000000080015708] -> 0x3C23
mem[X,0x000000008001570A] -> 0x4C41
[2077] [M]: 0x0000000080015708 (0x4C413C23) sd tp, 0x4d8(sp)
mem[0x00000000800486A0] <- 0x0000000000000002
mem[X,0x000000008001570C] -> 0x0513
mem[X,0x000000008001570E] -> 0x0010
[2078] [M]: 0x000000008001570C (0x00100513) addi a0, zero, 0x1
x10 <- 0x0000000000000001
mem[X,0x0000000080015710] -> 0x1513
mem[X,0x0000000080015712] -> 0x01B5
[2079] [M]: 0x0000000080015710 (0x01B51513) slli a0, a0, 0x1b
x10 <- 0x0000000008000000
mem[X,0x0000000080015714] -> 0x4513
mem[X,0x0000000080015716] -> 0xFFF5
[2080] [M]: 0x0000000080015714 (0xFFF54513) xori a0, a0, -0x1
x10 <- 0xFFFFFFFFF7FFFFFF
mem[X,0x0000000080015718] -> 0x0593
mem[X,0x000000008001571A] -> 0x0010
[2081] [M]: 0x0000000080015718 (0x00100593) addi a1, zero, 0x1
x11 <- 0x0000000000000001
mem[X,0x000000008001571C] -> 0x9593
mem[X,0x000000008001571E] -> 0x0255
[2082] [M]: 0x000000008001571C (0x02559593) slli a1, a1, 0x25
x11 <- 0x0000002000000000
mem[X,0x0000000080015720] -> 0xC593
mem[X,0x0000000080015722] -> 0xFFF5
[2083] [M]: 0x0000000080015720 (0xFFF5C593) xori a1, a1, -0x1
x11 <- 0xFFFFFFDFFFFFFFFF
mem[X,0x0000000080015724] -> 0x0213
mem[X,0x0000000080015726] -> 0x0000
[2084] [M]: 0x0000000080015724 (0x00000213) addi tp, zero, 0x0
x4 <- 0x0000000000000000
mem[X,0x0000000080015728] -> 0x006F
mem[X,0x000000008001572A] -> 0x2B10
[2085] [M]: 0x0000000080015728 (0x2B10006F) jal zero, 0xab0
mem[X,0x00000000800161D8] -> 0x0A63
mem[X,0x00000000800161DA] -> 0xD4B5
[2086] [M]: 0x00000000800161D8 (0xD4B50A63) beq a0, a1, -0xaac
mem[X,0x00000000800161DC] -> 0x0213
mem[X,0x00000000800161DE] -> 0x0022
[2087] [M]: 0x00000000800161DC (0x00220213) addi tp, tp, 0x2
x4 <- 0x0000000000000002
mem[X,0x00000000800161E0] -> 0x006F
mem[X,0x00000000800161E2] -> 0x00C0
[2088] [M]: 0x00000000800161E0 (0x00C0006F) jal zero, 0xc
mem[X,0x00000000800161EC] -> 0x3023
mem[X,0x00000000800161EE] -> 0x4E41
[2089] [M]: 0x00000000800161EC (0x4E413023) sd tp, 0x4e0(sp)
mem[0x00000000800486A8] <- 0x0000000000000002
mem[X,0x00000000800161F0] -> 0x0513
mem[X,0x00000000800161F2] -> 0x0010
[2090] [M]: 0x00000000800161F0 (0x00100513) addi a0, zero, 0x1
x10 <- 0x0000000000000001
mem[X,0x00000000800161F4] -> 0x1513
mem[X,0x00000000800161F6] -> 0x01D5
[2091] [M]: 0x00000000800161F4 (0x01D51513) slli a0, a0, 0x1d
x10 <- 0x0000000020000000
mem[X,0x00000000800161F8] -> 0x4513
mem[X,0x00000000800161FA] -> 0xFFF5
[2092] [M]: 0x00000000800161F8 (0xFFF54513) xori a0, a0, -0x1
x10 <- 0xFFFFFFFFDFFFFFFF
mem[X,0x00000000800161FC] -> 0x0593
mem[X,0x00000000800161FE] -> 0x0010
[2093] [M]: 0x00000000800161FC (0x00100593) addi a1, zero, 0x1
x11 <- 0x0000000000000001
mem[X,0x0000000080016200] -> 0x9593
mem[X,0x0000000080016202] -> 0x0265
[2094] [M]: 0x0000000080016200 (0x02659593) slli a1, a1, 0x26
x11 <- 0x0000004000000000
mem[X,0x0000000080016204] -> 0x0213
mem[X,0x0000000080016206] -> 0x0000
[2095] [M]: 0x0000000080016204 (0x00000213) addi tp, zero, 0x0
x4 <- 0x0000000000000000
mem[X,0x0000000080016208] -> 0x006F
mem[X,0x000000008001620A] -> 0x00C0
[2096] [M]: 0x0000000080016208 (0x00C0006F) jal zero, 0xc
mem[X,0x0000000080016214] -> 0x0663
mem[X,0x0000000080016216] -> 0x00B5
[2097] [M]: 0x0000000080016214 (0x00B50663) beq a0, a1, 0xc
mem[X,0x0000000080016218] -> 0x0213
mem[X,0x000000008001621A] -> 0x0022
[2098] [M]: 0x0000000080016218 (0x00220213) addi tp, tp, 0x2
x4 <- 0x0000000000000002
mem[X,0x000000008001621C] -> 0x006F
mem[X,0x000000008001621E] -> 0x00C0
[2099] [M]: 0x000000008001621C (0x00C0006F) jal zero, 0xc
clint::tick mtime <- 0x0000000000000015
 clint timer pending at mtime 0x0000000000000015
htif::tick 0x0000000000000000
mem[X,0x0000000080016228] -> 0x3423
mem[X,0x000000008001622A] -> 0x4E41
[2100] [M]: 0x0000000080016228 (0x4E413423) sd tp, 0x4e8(sp)
mem[0x00000000800486B0] <- 0x0000000000000002
mem[X,0x000000008001622C] -> 0x0513
mem[X,0x000000008001622E] -> 0x0010
[2101] [M]: 0x000000008001622C (0x00100513) addi a0, zero, 0x1
x10 <- 0x0000000000000001
mem[X,0x0000000080016230] -> 0x1513
mem[X,0x0000000080016232] -> 0x01E5
[2102] [M]: 0x0000000080016230 (0x01E51513) slli a0, a0, 0x1e
x10 <- 0x0000000040000000
mem[X,0x0000000080016234] -> 0x4513
mem[X,0x0000000080016236] -> 0xFFF5
[2103] [M]: 0x0000000080016234 (0xFFF54513) xori a0, a0, -0x1
x10 <- 0xFFFFFFFFBFFFFFFF
mem[X,0x0000000080016238] -> 0x0593
mem[X,0x000000008001623A] -> 0xFFA0
[2104] [M]: 0x0000000080016238 (0xFFA00593) addi a1, zero, -0x6
x11 <- 0xFFFFFFFFFFFFFFFA
mem[X,0x000000008001623C] -> 0x0213
mem[X,0x000000008001623E] -> 0x0000
[2105] [M]: 0x000000008001623C (0x00000213) addi tp, zero, 0x0
x4 <- 0x0000000000000000
mem[X,0x0000000080016240] -> 0x006F
mem[X,0x0000000080016242] -> 0x00C0
[2106] [M]: 0x0000000080016240 (0x00C0006F) jal zero, 0xc
mem[X,0x000000008001624C] -> 0x0663
mem[X,0x000000008001624E] -> 0x00B5
[2107] [M]: 0x000000008001624C (0x00B50663) beq a0, a1, 0xc
mem[X,0x0000000080016250] -> 0x0213
mem[X,0x0000000080016252] -> 0x0022
[2108] [M]: 0x0000000080016250 (0x00220213) addi tp, tp, 0x2
x4 <- 0x0000000000000002
mem[X,0x0000000080016254] -> 0x006F
mem[X,0x0000000080016256] -> 0x00C0
[2109] [M]: 0x0000000080016254 (0x00C0006F) jal zero, 0xc
mem[X,0x0000000080016260] -> 0x3823
mem[X,0x0000000080016262] -> 0x4E41
[2110] [M]: 0x0000000080016260 (0x4E413823) sd tp, 0x4f0(sp)
mem[0x00000000800486B8] <- 0x0000000000000002
mem[X,0x0000000080016264] -> 0x0513
mem[X,0x0000000080016266] -> 0x0010
[2111] [M]: 0x0000000080016264 (0x00100513) addi a0, zero, 0x1
x10 <- 0x0000000000000001
mem[X,0x0000000080016268] -> 0x1513
mem[X,0x000000008001626A] -> 0x0215
[2112] [M]: 0x0000000080016268 (0x02151513) slli a0, a0, 0x21
x10 <- 0x0000000200000000
mem[X,0x000000008001626C] -> 0x4513
mem[X,0x000000008001626E] -> 0xFFF5
[2113] [M]: 0x000000008001626C (0xFFF54513) xori a0, a0, -0x1
x10 <- 0xFFFFFFFDFFFFFFFF
mem[X,0x0000000080016270] -> 0x0593
mem[X,0x0000000080016272] -> 0x0010
[2114] [M]: 0x0000000080016270 (0x00100593) addi a1, zero, 0x1
x11 <- 0x0000000000000001
mem[X,0x0000000080016274] -> 0x9593
mem[X,0x0000000080016276] -> 0x01B5
[2115] [M]: 0x0000000080016274 (0x01B59593) slli a1, a1, 0x1b
x11 <- 0x0000000008000000
mem[X,0x0000000080016278] -> 0xC593
mem[X,0x000000008001627A] -> 0xFFF5
[2116] [M]: 0x0000000080016278 (0xFFF5C593) xori a1, a1, -0x1
x11 <- 0xFFFFFFFFF7FFFFFF
mem[X,0x000000008001627C] -> 0x0213
mem[X,0x000000008001627E] -> 0x0000
[2117] [M]: 0x000000008001627C (0x00000213) addi tp, zero, 0x0
x4 <- 0x0000000000000000
mem[X,0x0000000080016280] -> 0x006F
mem[X,0x0000000080016282] -> 0x00C0
[2118] [M]: 0x0000000080016280 (0x00C0006F) jal zero, 0xc
mem[X,0x000000008001628C] -> 0x0CE3
mem[X,0x000000008001628E] -> 0xFEB5
[2119] [M]: 0x000000008001628C (0xFEB50CE3) beq a0, a1, -0x8
mem[X,0x0000000080016290] -> 0x0213
mem[X,0x0000000080016292] -> 0x0022
[2120] [M]: 0x0000000080016290 (0x00220213) addi tp, tp, 0x2
x4 <- 0x0000000000000002
mem[X,0x0000000080016294] -> 0x006F
mem[X,0x0000000080016296] -> 0x00C0
[2121] [M]: 0x0000000080016294 (0x00C0006F) jal zero, 0xc
mem[X,0x00000000800162A0] -> 0x3C23
mem[X,0x00000000800162A2] -> 0x4E41
[2122] [M]: 0x00000000800162A0 (0x4E413C23) sd tp, 0x4f8(sp)
mem[0x00000000800486C0] <- 0x0000000000000002
mem[X,0x00000000800162A4] -> 0x0513
mem[X,0x00000000800162A6] -> 0x0010
[2123] [M]: 0x00000000800162A4 (0x00100513) addi a0, zero, 0x1
x10 <- 0x0000000000000001
mem[X,0x00000000800162A8] -> 0x1513
mem[X,0x00000000800162AA] -> 0x0225
[2124] [M]: 0x00000000800162A8 (0x02251513) slli a0, a0, 0x22
x10 <- 0x0000000400000000
mem[X,0x00000000800162AC] -> 0x4513
mem[X,0x00000000800162AE] -> 0xFFF5
[2125] [M]: 0x00000000800162AC (0xFFF54513) xori a0, a0, -0x1
x10 <- 0xFFFFFFFBFFFFFFFF
mem[X,0x00000000800162B0] -> 0x0593
mem[X,0x00000000800162B2] -> 0x0010
[2126] [M]: 0x00000000800162B0 (0x00100593) addi a1, zero, 0x1
x11 <- 0x0000000000000001
mem[X,0x00000000800162B4] -> 0x9593
mem[X,0x00000000800162B6] -> 0x0375
[2127] [M]: 0x00000000800162B4 (0x03759593) slli a1, a1, 0x37
x11 <- 0x0080000000000000
mem[X,0x00000000800162B8] -> 0xC593
mem[X,0x00000000800162BA] -> 0xFFF5
[2128] [M]: 0x00000000800162B8 (0xFFF5C593) xori a1, a1, -0x1
x11 <- 0xFF7FFFFFFFFFFFFF
mem[X,0x00000000800162BC] -> 0x0213
mem[X,0x00000000800162BE] -> 0x0000
[2129] [M]: 0x00000000800162BC (0x00000213) addi tp, zero, 0x0
x4 <- 0x0000000000000000
mem[X,0x00000000800162C0] -> 0x006F
mem[X,0x00000000800162C2] -> 0x00C0
[2130] [M]: 0x00000000800162C0 (0x00C0006F) jal zero, 0xc
mem[X,0x00000000800162CC] -> 0x0063
mem[X,0x00000000800162CE] -> 0x20B5
[2131] [M]: 0x00000000800162CC (0x20B50063) beq a0, a1, 0x200
mem[X,0x00000000800162D0] -> 0x0213
mem[X,0x00000000800162D2] -> 0x0022
[2132] [M]: 0x00000000800162D0 (0x00220213) addi tp, tp, 0x2
x4 <- 0x0000000000000002
mem[X,0x00000000800162D4] -> 0x006F
mem[X,0x00000000800162D6] -> 0x2000
[2133] [M]: 0x00000000800162D4 (0x2000006F) jal zero, 0x200
mem[X,0x00000000800164D4] -> 0x3023
mem[X,0x00000000800164D6] -> 0x5041
[2134] [M]: 0x00000000800164D4 (0x50413023) sd tp, 0x500(sp)
mem[0x00000000800486C8] <- 0x0000000000000002
mem[X,0x00000000800164D8] -> 0x0513
mem[X,0x00000000800164DA] -> 0x0010
[2135] [M]: 0x00000000800164D8 (0x00100513) addi a0, zero, 0x1
x10 <- 0x0000000000000001
mem[X,0x00000000800164DC] -> 0x1513
mem[X,0x00000000800164DE] -> 0x0235
[2136] [M]: 0x00000000800164DC (0x02351513) slli a0, a0, 0x23
x10 <- 0x0000000800000000
mem[X,0x00000000800164E0] -> 0x4513
mem[X,0x00000000800164E2] -> 0xFFF5
[2137] [M]: 0x00000000800164E0 (0xFFF54513) xori a0, a0, -0x1
x10 <- 0xFFFFFFF7FFFFFFFF
mem[X,0x00000000800164E4] -> 0x0593
mem[X,0x00000000800164E6] -> 0x0010
[2138] [M]: 0x00000000800164E4 (0x00100593) addi a1, zero, 0x1
x11 <- 0x0000000000000001
mem[X,0x00000000800164E8] -> 0x9593
mem[X,0x00000000800164EA] -> 0x01C5
[2139] [M]: 0x00000000800164E8 (0x01C59593) slli a1, a1, 0x1c
x11 <- 0x0000000010000000
mem[X,0x00000000800164EC] -> 0x0213
mem[X,0x00000000800164EE] -> 0x0000
[2140] [M]: 0x00000000800164EC (0x00000213) addi tp, zero, 0x0
x4 <- 0x0000000000000000
mem[X,0x00000000800164F0] -> 0x006F
mem[X,0x00000000800164F2] -> 0x00C0
[2141] [M]: 0x00000000800164F0 (0x00C0006F) jal zero, 0xc
mem[X,0x00000000800164FC] -> 0x0CE3
mem[X,0x00000000800164FE] -> 0xFEB5
[2142] [M]: 0x00000000800164FC (0xFEB50CE3) beq a0, a1, -0x8
mem[X,0x0000000080016500] -> 0x0213
mem[X,0x0000000080016502] -> 0x0022
[2143] [M]: 0x0000000080016500 (0x00220213) addi tp, tp, 0x2
x4 <- 0x0000000000000002
mem[X,0x0000000080016504] -> 0x006F
mem[X,0x0000000080016506] -> 0x00C0
[2144] [M]: 0x0000000080016504 (0x00C0006F) jal zero, 0xc
mem[X,0x0000000080016510] -> 0x3423
mem[X,0x0000000080016512] -> 0x5041
[2145] [M]: 0x0000000080016510 (0x50413423) sd tp, 0x508(sp)
mem[0x00000000800486D0] <- 0x0000000000000002
mem[X,0x0000000080016514] -> 0x0513
mem[X,0x0000000080016516] -> 0x0010
[2146] [M]: 0x0000000080016514 (0x00100513) addi a0, zero, 0x1
x10 <- 0x0000000000000001
mem[X,0x0000000080016518] -> 0x1513
mem[X,0x000000008001651A] -> 0x0245
[2147] [M]: 0x0000000080016518 (0x02451513) slli a0, a0, 0x24
x10 <- 0x0000001000000000
mem[X,0x000000008001651C] -> 0x4513
mem[X,0x000000008001651E] -> 0xFFF5
[2148] [M]: 0x000000008001651C (0xFFF54513) xori a0, a0, -0x1
x10 <- 0xFFFFFFEFFFFFFFFF
mem[X,0x0000000080016520] -> 0x0593
mem[X,0x0000000080016522] -> 0x0010
[2149] [M]: 0x0000000080016520 (0x00100593) addi a1, zero, 0x1
x11 <- 0x0000000000000001
mem[X,0x0000000080016524] -> 0x9593
mem[X,0x0000000080016526] -> 0x0275
[2150] [M]: 0x0000000080016524 (0x02759593) slli a1, a1, 0x27
x11 <- 0x0000008000000000
mem[X,0x0000000080016528] -> 0x0213
mem[X,0x000000008001652A] -> 0x0000
[2151] [M]: 0x0000000080016528 (0x00000213) addi tp, zero, 0x0
x4 <- 0x0000000000000000
mem[X,0x000000008001652C] -> 0x006F
mem[X,0x000000008001652E] -> 0x00C0
[2152] [M]: 0x000000008001652C (0x00C0006F) jal zero, 0xc
mem[X,0x0000000080016538] -> 0x0663
mem[X,0x000000008001653A] -> 0x00B5
[2153] [M]: 0x0000000080016538 (0x00B50663) beq a0, a1, 0xc
mem[X,0x000000008001653C] -> 0x0213
mem[X,0x000000008001653E] -> 0x0022
[2154] [M]: 0x000000008001653C (0x00220213) addi tp, tp, 0x2
x4 <- 0x0000000000000002
mem[X,0x0000000080016540] -> 0x006F
mem[X,0x0000000080016542] -> 0x00C0
[2155] [M]: 0x0000000080016540 (0x00C0006F) jal zero, 0xc
mem[X,0x000000008001654C] -> 0x3823
mem[X,0x000000008001654E] -> 0x5041
[2156] [M]: 0x000000008001654C (0x50413823) sd tp, 0x510(sp)
mem[0x00000000800486D8] <- 0x0000000000000002
mem[X,0x0000000080016550] -> 0x0513
mem[X,0x0000000080016552] -> 0x0010
[2157] [M]: 0x0000000080016550 (0x00100513) addi a0, zero, 0x1
x10 <- 0x0000000000000001
mem[X,0x0000000080016554] -> 0x1513
mem[X,0x0000000080016556] -> 0x0295
[2158] [M]: 0x0000000080016554 (0x02951513) slli a0, a0, 0x29
x10 <- 0x0000020000000000
mem[X,0x0000000080016558] -> 0x4513
mem[X,0x000000008001655A] -> 0xFFF5
[2159] [M]: 0x0000000080016558 (0xFFF54513) xori a0, a0, -0x1
x10 <- 0xFFFFFDFFFFFFFFFF
mem[X,0x000000008001655C] -> 0x0593
mem[X,0x000000008001655E] -> 0x0010
[2160] [M]: 0x000000008001655C (0x00100593) addi a1, zero, 0x1
x11 <- 0x0000000000000001
mem[X,0x0000000080016560] -> 0x9593
mem[X,0x0000000080016562] -> 0x0345
[2161] [M]: 0x0000000080016560 (0x03459593) slli a1, a1, 0x34
x11 <- 0x0010000000000000
mem[X,0x0000000080016564] -> 0x0213
mem[X,0x0000000080016566] -> 0x0000
[2162] [M]: 0x0000000080016564 (0x00000213) addi tp, zero, 0x0
x4 <- 0x0000000000000000
mem[X,0x0000000080016568] -> 0x006F
mem[X,0x000000008001656A] -> 0x0140
[2163] [M]: 0x0000000080016568 (0x0140006F) jal zero, 0x14
mem[X,0x000000008001657C] -> 0x08E3
mem[X,0x000000008001657E] -> 0xFEB5
[2164] [M]: 0x000000008001657C (0xFEB508E3) beq a0, a1, -0x10
mem[X,0x0000000080016580] -> 0x0213
mem[X,0x0000000080016582] -> 0x0022
[2165] [M]: 0x0000000080016580 (0x00220213) addi tp, tp, 0x2
x4 <- 0x0000000000000002
mem[X,0x0000000080016584] -> 0x006F
mem[X,0x0000000080016586] -> 0x00C0
[2166] [M]: 0x0000000080016584 (0x00C0006F) jal zero, 0xc
mem[X,0x0000000080016590] -> 0x3C23
mem[X,0x0000000080016592] -> 0x5041
[2167] [M]: 0x0000000080016590 (0x50413C23) sd tp, 0x518(sp)
mem[0x00000000800486E0] <- 0x0000000000000002
mem[X,0x0000000080016594] -> 0x0513
mem[X,0x0000000080016596] -> 0x0010
[2168] [M]: 0x0000000080016594 (0x00100513) addi a0, zero, 0x1
x10 <- 0x0000000000000001
mem[X,0x0000000080016598] -> 0x1513
mem[X,0x000000008001659A] -> 0x02D5
[2169] [M]: 0x0000000080016598 (0x02D51513) slli a0, a0, 0x2d
x10 <- 0x0000200000000000
mem[X,0x000000008001659C] -> 0x4513
mem[X,0x000000008001659E] -> 0xFFF5
[2170] [M]: 0x000000008001659C (0xFFF54513) xori a0, a0, -0x1
x10 <- 0xFFFFDFFFFFFFFFFF
mem[X,0x00000000800165A0] -> 0x0593
mem[X,0x00000000800165A2] -> 0x0010
[2171] [M]: 0x00000000800165A0 (0x00100593) addi a1, zero, 0x1
x11 <- 0x0000000000000001
mem[X,0x00000000800165A4] -> 0x9593
mem[X,0x00000000800165A6] -> 0x01A5
[2172] [M]: 0x00000000800165A4 (0x01A59593) slli a1, a1, 0x1a
x11 <- 0x0000000004000000
mem[X,0x00000000800165A8] -> 0x0213
mem[X,0x00000000800165AA] -> 0x0000
[2173] [M]: 0x00000000800165A8 (0x00000213) addi tp, zero, 0x0
x4 <- 0x0000000000000000
mem[X,0x00000000800165AC] -> 0x006F
mem[X,0x00000000800165AE] -> 0x00C0
[2174] [M]: 0x00000000800165AC (0x00C0006F) jal zero, 0xc
mem[X,0x00000000800165B8] -> 0x0063
mem[X,0x00000000800165BA] -> 0x02B5
[2175] [M]: 0x00000000800165B8 (0x02B50063) beq a0, a1, 0x20
mem[X,0x00000000800165BC] -> 0x0213
mem[X,0x00000000800165BE] -> 0x0022
[2176] [M]: 0x00000000800165BC (0x00220213) addi tp, tp, 0x2
x4 <- 0x0000000000000002
mem[X,0x00000000800165C0] -> 0x006F
mem[X,0x00000000800165C2] -> 0x0200
[2177] [M]: 0x00000000800165C0 (0x0200006F) jal zero, 0x20
mem[X,0x00000000800165E0] -> 0x3023
mem[X,0x00000000800165E2] -> 0x5241
[2178] [M]: 0x00000000800165E0 (0x52413023) sd tp, 0x520(sp)
mem[0x00000000800486E8] <- 0x0000000000000002
mem[X,0x00000000800165E4] -> 0x0513
mem[X,0x00000000800165E6] -> 0x0010
[2179] [M]: 0x00000000800165E4 (0x00100513) addi a0, zero, 0x1
x10 <- 0x0000000000000001
mem[X,0x00000000800165E8] -> 0x1513
mem[X,0x00000000800165EA] -> 0x0315
[2180] [M]: 0x00000000800165E8 (0x03151513) slli a0, a0, 0x31
x10 <- 0x0002000000000000
mem[X,0x00000000800165EC] -> 0x4513
mem[X,0x00000000800165EE] -> 0xFFF5
[2181] [M]: 0x00000000800165EC (0xFFF54513) xori a0, a0, -0x1
x10 <- 0xFFFDFFFFFFFFFFFF
mem[X,0x00000000800165F0] -> 0x0593
mem[X,0x00000000800165F2] -> 0x0000
[2182] [M]: 0x00000000800165F0 (0x00000593) addi a1, zero, 0x0
x11 <- 0x0000000000000000
mem[X,0x00000000800165F4] -> 0x0213
mem[X,0x00000000800165F6] -> 0x0000
[2183] [M]: 0x00000000800165F4 (0x00000213) addi tp, zero, 0x0
x4 <- 0x0000000000000000
mem[X,0x00000000800165F8] -> 0x006F
mem[X,0x00000000800165FA] -> 0x00C0
[2184] [M]: 0x00000000800165F8 (0x00C0006F) jal zero, 0xc
mem[X,0x0000000080016604] -> 0x0CE3
mem[X,0x0000000080016606] -> 0xFEB5
[2185] [M]: 0x0000000080016604 (0xFEB50CE3) beq a0, a1, -0x8
mem[X,0x0000000080016608] -> 0x0213
mem[X,0x000000008001660A] -> 0x0022
[2186] [M]: 0x0000000080016608 (0x00220213) addi tp, tp, 0x2
x4 <- 0x0000000000000002
mem[X,0x000000008001660C] -> 0x006F
mem[X,0x000000008001660E] -> 0x00C0
[2187] [M]: 0x000000008001660C (0x00C0006F) jal zero, 0xc
mem[X,0x0000000080016618] -> 0x3423
mem[X,0x000000008001661A] -> 0x5241
[2188] [M]: 0x0000000080016618 (0x52413423) sd tp, 0x528(sp)
mem[0x00000000800486F0] <- 0x0000000000000002
mem[X,0x000000008001661C] -> 0x0513
mem[X,0x000000008001661E] -> 0x0010
[2189] [M]: 0x000000008001661C (0x00100513) addi a0, zero, 0x1
x10 <- 0x0000000000000001
mem[X,0x0000000080016620] -> 0x1513
mem[X,0x0000000080016622] -> 0x0345
[2190] [M]: 0x0000000080016620 (0x03451513) slli a0, a0, 0x34
x10 <- 0x0010000000000000
mem[X,0x0000000080016624] -> 0x4513
mem[X,0x0000000080016626] -> 0xFFF5
[2191] [M]: 0x0000000080016624 (0xFFF54513) xori a0, a0, -0x1
x10 <- 0xFFEFFFFFFFFFFFFF
mem[X,0x0000000080016628] -> 0x0593
mem[X,0x000000008001662A] -> 0x0010
[2192] [M]: 0x0000000080016628 (0x00100593) addi a1, zero, 0x1
x11 <- 0x0000000000000001
mem[X,0x000000008001662C] -> 0x9593
mem[X,0x000000008001662E] -> 0x01F5
[2193] [M]: 0x000000008001662C (0x01F59593) slli a1, a1, 0x1f
x11 <- 0x0000000080000000
mem[X,0x0000000080016630] -> 0x0213
mem[X,0x0000000080016632] -> 0x0000
[2194] [M]: 0x0000000080016630 (0x00000213) addi tp, zero, 0x0
x4 <- 0x0000000000000000
mem[X,0x0000000080016634] -> 0x006F
mem[X,0x0000000080016636] -> 0x00C0
[2195] [M]: 0x0000000080016634 (0x00C0006F) jal zero, 0xc
mem[X,0x0000000080016640] -> 0x0863
mem[X,0x0000000080016642] -> 0x00B5
[2196] [M]: 0x0000000080016640 (0x00B50863) beq a0, a1, 0x10
mem[X,0x0000000080016644] -> 0x0213
mem[X,0x0000000080016646] -> 0x0022
[2197] [M]: 0x0000000080016644 (0x00220213) addi tp, tp, 0x2
x4 <- 0x0000000000000002
mem[X,0x0000000080016648] -> 0x006F
mem[X,0x000000008001664A] -> 0x0100
[2198] [M]: 0x0000000080016648 (0x0100006F) jal zero, 0x10
mem[X,0x0000000080016658] -> 0x3823
mem[X,0x000000008001665A] -> 0x5241
[2199] [M]: 0x0000000080016658 (0x52413823) sd tp, 0x530(sp)
mem[0x00000000800486F8] <- 0x0000000000000002
clint::tick mtime <- 0x0000000000000016
 clint timer pending at mtime 0x0000000000000016
htif::tick 0x0000000000000000
mem[X,0x000000008001665C] -> 0x0513
mem[X,0x000000008001665E] -> 0x0010
[2200] [M]: 0x000000008001665C (0x00100513) addi a0, zero, 0x1
x10 <- 0x0000000000000001
mem[X,0x0000000080016660] -> 0x1513
mem[X,0x0000000080016662] -> 0x0355
[2201] [M]: 0x0000000080016660 (0x03551513) slli a0, a0, 0x35
x10 <- 0x0020000000000000
mem[X,0x0000000080016664] -> 0x4513
mem[X,0x0000000080016666] -> 0xFFF5
[2202] [M]: 0x0000000080016664 (0xFFF54513) xori a0, a0, -0x1
x10 <- 0xFFDFFFFFFFFFFFFF
mem[X,0x0000000080016668] -> 0x0593
mem[X,0x000000008001666A] -> 0x0010
[2203] [M]: 0x0000000080016668 (0x00100593) addi a1, zero, 0x1
x11 <- 0x0000000000000001
mem[X,0x000000008001666C] -> 0x9593
mem[X,0x000000008001666E] -> 0x0345
[2204] [M]: 0x000000008001666C (0x03459593) slli a1, a1, 0x34
x11 <- 0x0010000000000000
mem[X,0x0000000080016670] -> 0x0213
mem[X,0x0000000080016672] -> 0x0000
[2205] [M]: 0x0000000080016670 (0x00000213) addi tp, zero, 0x0
x4 <- 0x0000000000000000
mem[X,0x0000000080016674] -> 0x006F
mem[X,0x0000000080016676] -> 0x00C0
[2206] [M]: 0x0000000080016674 (0x00C0006F) jal zero, 0xc
mem[X,0x0000000080016680] -> 0x0063
mem[X,0x0000000080016682] -> 0x08B5
[2207] [M]: 0x0000000080016680 (0x08B50063) beq a0, a1, 0x80
mem[X,0x0000000080016684] -> 0x0213
mem[X,0x0000000080016686] -> 0x0022
[2208] [M]: 0x0000000080016684 (0x00220213) addi tp, tp, 0x2
x4 <- 0x0000000000000002
mem[X,0x0000000080016688] -> 0x006F
mem[X,0x000000008001668A] -> 0x0800
[2209] [M]: 0x0000000080016688 (0x0800006F) jal zero, 0x80
mem[X,0x0000000080016708] -> 0x3C23
mem[X,0x000000008001670A] -> 0x5241
[2210] [M]: 0x0000000080016708 (0x52413C23) sd tp, 0x538(sp)
mem[0x0000000080048700] <- 0x0000000000000002
mem[X,0x000000008001670C] -> 0x0513
mem[X,0x000000008001670E] -> 0x0010
[2211] [M]: 0x000000008001670C (0x00100513) addi a0, zero, 0x1
x10 <- 0x0000000000000001
mem[X,0x0000000080016710] -> 0x1513
mem[X,0x0000000080016712] -> 0x0365
[2212] [M]: 0x0000000080016710 (0x03651513) slli a0, a0, 0x36
x10 <- 0x0040000000000000
mem[X,0x0000000080016714] -> 0x4513
mem[X,0x0000000080016716] -> 0xFFF5
[2213] [M]: 0x0000000080016714 (0xFFF54513) xori a0, a0, -0x1
x10 <- 0xFFBFFFFFFFFFFFFF
mem[X,0x0000000080016718] -> 0x0593
mem[X,0x000000008001671A] -> 0xEFF0
[2214] [M]: 0x0000000080016718 (0xEFF00593) addi a1, zero, -0x101
x11 <- 0xFFFFFFFFFFFFFEFF
mem[X,0x000000008001671C] -> 0x0213
mem[X,0x000000008001671E] -> 0x0000
[2215] [M]: 0x000000008001671C (0x00000213) addi tp, zero, 0x0
x4 <- 0x0000000000000000
mem[X,0x0000000080016720] -> 0x006F
mem[X,0x0000000080016722] -> 0x00C0
[2216] [M]: 0x0000000080016720 (0x00C0006F) jal zero, 0xc
mem[X,0x000000008001672C] -> 0x0063
mem[X,0x000000008001672E] -> 0x20B5
[2217] [M]: 0x000000008001672C (0x20B50063) beq a0, a1, 0x200
mem[X,0x0000000080016730] -> 0x0213
mem[X,0x0000000080016732] -> 0x0022
[2218] [M]: 0x0000000080016730 (0x00220213) addi tp, tp, 0x2
x4 <- 0x0000000000000002
mem[X,0x0000000080016734] -> 0x006F
mem[X,0x0000000080016736] -> 0x2000
[2219] [M]: 0x0000000080016734 (0x2000006F) jal zero, 0x200
mem[X,0x0000000080016934] -> 0x3023
mem[X,0x0000000080016936] -> 0x5441
[2220] [M]: 0x0000000080016934 (0x54413023) sd tp, 0x540(sp)
mem[0x0000000080048708] <- 0x0000000000000002
mem[X,0x0000000080016938] -> 0x0513
mem[X,0x000000008001693A] -> 0x0010
[2221] [M]: 0x0000000080016938 (0x00100513) addi a0, zero, 0x1
x10 <- 0x0000000000000001
mem[X,0x000000008001693C] -> 0x1513
mem[X,0x000000008001693E] -> 0x0395
[2222] [M]: 0x000000008001693C (0x03951513) slli a0, a0, 0x39
x10 <- 0x0200000000000000
mem[X,0x0000000080016940] -> 0x4513
mem[X,0x0000000080016942] -> 0xFFF5
[2223] [M]: 0x0000000080016940 (0xFFF54513) xori a0, a0, -0x1
x10 <- 0xFDFFFFFFFFFFFFFF
mem[X,0x0000000080016944] -> 0x0593
mem[X,0x0000000080016946] -> 0xEFF0
[2224] [M]: 0x0000000080016944 (0xEFF00593) addi a1, zero, -0x101
x11 <- 0xFFFFFFFFFFFFFEFF
mem[X,0x0000000080016948] -> 0x0213
mem[X,0x000000008001694A] -> 0x0000
[2225] [M]: 0x0000000080016948 (0x00000213) addi tp, zero, 0x0
x4 <- 0x0000000000000000
mem[X,0x000000008001694C] -> 0x006F
mem[X,0x000000008001694E] -> 0x00C0
[2226] [M]: 0x000000008001694C (0x00C0006F) jal zero, 0xc
mem[X,0x0000000080016958] -> 0x0063
mem[X,0x000000008001695A] -> 0x20B5
[2227] [M]: 0x0000000080016958 (0x20B50063) beq a0, a1, 0x200
mem[X,0x000000008001695C] -> 0x0213
mem[X,0x000000008001695E] -> 0x0022
[2228] [M]: 0x000000008001695C (0x00220213) addi tp, tp, 0x2
x4 <- 0x0000000000000002
mem[X,0x0000000080016960] -> 0x006F
mem[X,0x0000000080016962] -> 0x2000
[2229] [M]: 0x0000000080016960 (0x2000006F) jal zero, 0x200
mem[X,0x0000000080016B60] -> 0x3423
mem[X,0x0000000080016B62] -> 0x5441
[2230] [M]: 0x0000000080016B60 (0x54413423) sd tp, 0x548(sp)
mem[0x0000000080048710] <- 0x0000000000000002
mem[X,0x0000000080016B64] -> 0x0513
mem[X,0x0000000080016B66] -> 0x0010
[2231] [M]: 0x0000000080016B64 (0x00100513) addi a0, zero, 0x1
x10 <- 0x0000000000000001
mem[X,0x0000000080016B68] -> 0x1513
mem[X,0x0000000080016B6A] -> 0x03B5
[2232] [M]: 0x0000000080016B68 (0x03B51513) slli a0, a0, 0x3b
x10 <- 0x0800000000000000
mem[X,0x0000000080016B6C] -> 0x4513
mem[X,0x0000000080016B6E] -> 0xFFF5
[2233] [M]: 0x0000000080016B6C (0xFFF54513) xori a0, a0, -0x1
x10 <- 0xF7FFFFFFFFFFFFFF
mem[X,0x0000000080016B70] -> 0x05B7
mem[X,0x0000000080016B72] -> 0x0000
[2234] [M]: 0x0000000080016B70 (0x000005B7) lui a1, 0x0
x11 <- 0x0000000000000000
mem[X,0x0000000080016B74] -> 0x8593
mem[X,0x0000000080016B76] -> 0xFFF5
[2235] [M]: 0x0000000080016B74 (0xFFF58593) addi a1, a1, -0x1
x11 <- 0xFFFFFFFFFFFFFFFF
mem[X,0x0000000080016B78] -> 0x9593
mem[X,0x0000000080016B7A] -> 0x00B5
[2236] [M]: 0x0000000080016B78 (0x00B59593) slli a1, a1, 0xb
x11 <- 0xFFFFFFFFFFFFF800
mem[X,0x0000000080016B7C] -> 0x8593
mem[X,0x0000000080016B7E] -> 0x2575
[2237] [M]: 0x0000000080016B7C (0x25758593) addi a1, a1, 0x257
x11 <- 0xFFFFFFFFFFFFFA57
mem[X,0x0000000080016B80] -> 0x9593
mem[X,0x0000000080016B82] -> 0x00B5
[2238] [M]: 0x0000000080016B80 (0x00B59593) slli a1, a1, 0xb
x11 <- 0xFFFFFFFFFFD2B800
mem[X,0x0000000080016B84] -> 0x8593
mem[X,0x0000000080016B86] -> 0x6C35
[2239] [M]: 0x0000000080016B84 (0x6C358593) addi a1, a1, 0x6c3
x11 <- 0xFFFFFFFFFFD2BEC3
mem[X,0x0000000080016B88] -> 0x9593
mem[X,0x0000000080016B8A] -> 0x00A5
[2240] [M]: 0x0000000080016B88 (0x00A59593) slli a1, a1, 0xa
x11 <- 0xFFFFFFFF4AFB0C00
mem[X,0x0000000080016B8C] -> 0x8593
mem[X,0x0000000080016B8E] -> 0x0CE5
[2241] [M]: 0x0000000080016B8C (0x0CE58593) addi a1, a1, 0xce
x11 <- 0xFFFFFFFF4AFB0CCE
mem[X,0x0000000080016B90] -> 0x0213
mem[X,0x0000000080016B92] -> 0x0000
[2242] [M]: 0x0000000080016B90 (0x00000213) addi tp, zero, 0x0
x4 <- 0x0000000000000000
mem[X,0x0000000080016B94] -> 0x006F
mem[X,0x0000000080016B96] -> 0x00C0
[2243] [M]: 0x0000000080016B94 (0x00C0006F) jal zero, 0xc
mem[X,0x0000000080016BA0] -> 0x0063
mem[X,0x0000000080016BA2] -> 0x08B5
[2244] [M]: 0x0000000080016BA0 (0x08B50063) beq a0, a1, 0x80
mem[X,0x0000000080016BA4] -> 0x0213
mem[X,0x0000000080016BA6] -> 0x0022
[2245] [M]: 0x0000000080016BA4 (0x00220213) addi tp, tp, 0x2
x4 <- 0x0000000000000002
mem[X,0x0000000080016BA8] -> 0x006F
mem[X,0x0000000080016BAA] -> 0x0800
[2246] [M]: 0x0000000080016BA8 (0x0800006F) jal zero, 0x80
mem[X,0x0000000080016C28] -> 0x3823
mem[X,0x0000000080016C2A] -> 0x5441
[2247] [M]: 0x0000000080016C28 (0x54413823) sd tp, 0x550(sp)
mem[0x0000000080048718] <- 0x0000000000000002
mem[X,0x0000000080016C2C] -> 0x0513
mem[X,0x0000000080016C2E] -> 0x0010
[2248] [M]: 0x0000000080016C2C (0x00100513) addi a0, zero, 0x1
x10 <- 0x0000000000000001
mem[X,0x0000000080016C30] -> 0x1513
mem[X,0x0000000080016C32] -> 0x03D5
[2249] [M]: 0x0000000080016C30 (0x03D51513) slli a0, a0, 0x3d
x10 <- 0x2000000000000000
mem[X,0x0000000080016C34] -> 0x4513
mem[X,0x0000000080016C36] -> 0xFFF5
[2250] [M]: 0x0000000080016C34 (0xFFF54513) xori a0, a0, -0x1
x10 <- 0xDFFFFFFFFFFFFFFF
mem[X,0x0000000080016C38] -> 0x0593
mem[X,0x0000000080016C3A] -> 0x0060
[2251] [M]: 0x0000000080016C38 (0x00600593) addi a1, zero, 0x6
x11 <- 0x0000000000000006
mem[X,0x0000000080016C3C] -> 0x0213
mem[X,0x0000000080016C3E] -> 0x0000
[2252] [M]: 0x0000000080016C3C (0x00000213) addi tp, zero, 0x0
x4 <- 0x0000000000000000
mem[X,0x0000000080016C40] -> 0x006F
mem[X,0x0000000080016C42] -> 0x00C0
[2253] [M]: 0x0000000080016C40 (0x00C0006F) jal zero, 0xc
mem[X,0x0000000080016C4C] -> 0x0CE3
mem[X,0x0000000080016C4E] -> 0xFEB5
[2254] [M]: 0x0000000080016C4C (0xFEB50CE3) beq a0, a1, -0x8
mem[X,0x0000000080016C50] -> 0x0213
mem[X,0x0000000080016C52] -> 0x0022
[2255] [M]: 0x0000000080016C50 (0x00220213) addi tp, tp, 0x2
x4 <- 0x0000000000000002
mem[X,0x0000000080016C54] -> 0x006F
mem[X,0x0000000080016C56] -> 0x00C0
[2256] [M]: 0x0000000080016C54 (0x00C0006F) jal zero, 0xc
mem[X,0x0000000080016C60] -> 0x3C23
mem[X,0x0000000080016C62] -> 0x5441
[2257] [M]: 0x0000000080016C60 (0x54413C23) sd tp, 0x558(sp)
mem[0x0000000080048720] <- 0x0000000000000002
mem[X,0x0000000080016C64] -> 0x0513
mem[X,0x0000000080016C66] -> 0xFFF0
[2258] [M]: 0x0000000080016C64 (0xFFF00513) addi a0, zero, -0x1
x10 <- 0xFFFFFFFFFFFFFFFF
mem[X,0x0000000080016C68] -> 0x5513
mem[X,0x0000000080016C6A] -> 0x0015
[2259] [M]: 0x0000000080016C68 (0x00155513) srli a0, a0, 0x1
x10 <- 0x7FFFFFFFFFFFFFFF
mem[X,0x0000000080016C6C] -> 0x0593
mem[X,0x0000000080016C6E] -> 0x2000
[2260] [M]: 0x0000000080016C6C (0x20000593) addi a1, zero, 0x200
x11 <- 0x0000000000000200
mem[X,0x0000000080016C70] -> 0x0213
mem[X,0x0000000080016C72] -> 0x0000
[2261] [M]: 0x0000000080016C70 (0x00000213) addi tp, zero, 0x0
x4 <- 0x0000000000000000
mem[X,0x0000000080016C74] -> 0x006F
mem[X,0x0000000080016C76] -> 0x00C0
[2262] [M]: 0x0000000080016C74 (0x00C0006F) jal zero, 0xc
mem[X,0x0000000080016C80] -> 0x0663
mem[X,0x0000000080016C82] -> 0x00B5
[2263] [M]: 0x0000000080016C80 (0x00B50663) beq a0, a1, 0xc
mem[X,0x0000000080016C84] -> 0x0213
mem[X,0x0000000080016C86] -> 0x0022
[2264] [M]: 0x0000000080016C84 (0x00220213) addi tp, tp, 0x2
x4 <- 0x0000000000000002
mem[X,0x0000000080016C88] -> 0x006F
mem[X,0x0000000080016C8A] -> 0x00C0
[2265] [M]: 0x0000000080016C88 (0x00C0006F) jal zero, 0xc
mem[X,0x0000000080016C94] -> 0x3023
mem[X,0x0000000080016C96] -> 0x5641
[2266] [M]: 0x0000000080016C94 (0x56413023) sd tp, 0x560(sp)
mem[0x0000000080048728] <- 0x0000000000000002
mem[X,0x0000000080016C98] -> 0xB537
mem[X,0x0000000080016C9A] -> 0xAAAA
[2267] [M]: 0x0000000080016C98 (0xAAAAB537) lui a0, -0x55555
x10 <- 0xFFFFFFFFAAAAB000
mem[X,0x0000000080016C9C] -> 0x0513
mem[X,0x0000000080016C9E] -> 0xAAA5
[2268] [M]: 0x0000000080016C9C (0xAAA50513) addi a0, a0, -0x556
x10 <- 0xFFFFFFFFAAAAAAAA
mem[X,0x0000000080016CA0] -> 0x1513
mem[X,0x0000000080016CA2] -> 0x00B5
[2269] [M]: 0x0000000080016CA0 (0x00B51513) slli a0, a0, 0xb
x10 <- 0xFFFFFD5555555000
mem[X,0x0000000080016CA4] -> 0x0513
mem[X,0x0000000080016CA6] -> 0x5555
[2270] [M]: 0x0000000080016CA4 (0x55550513) addi a0, a0, 0x555
x10 <- 0xFFFFFD5555555555
mem[X,0x0000000080016CA8] -> 0x1513
mem[X,0x0000000080016CAA] -> 0x00B5
[2271] [M]: 0x0000000080016CA8 (0x00B51513) slli a0, a0, 0xb
x10 <- 0xFFEAAAAAAAAAA800
mem[X,0x0000000080016CAC] -> 0x0513
mem[X,0x0000000080016CAE] -> 0x2AA5
[2272] [M]: 0x0000000080016CAC (0x2AA50513) addi a0, a0, 0x2aa
x10 <- 0xFFEAAAAAAAAAAAAA
mem[X,0x0000000080016CB0] -> 0x1513
mem[X,0x0000000080016CB2] -> 0x00A5
[2273] [M]: 0x0000000080016CB0 (0x00A51513) slli a0, a0, 0xa
x10 <- 0xAAAAAAAAAAAAA800
mem[X,0x0000000080016CB4] -> 0x0513
mem[X,0x0000000080016CB6] -> 0x2AA5
[2274] [M]: 0x0000000080016CB4 (0x2AA50513) addi a0, a0, 0x2aa
x10 <- 0xAAAAAAAAAAAAAAAA
mem[X,0x0000000080016CB8] -> 0x0593
mem[X,0x0000000080016CBA] -> 0x0010
[2275] [M]: 0x0000000080016CB8 (0x00100593) addi a1, zero, 0x1
x11 <- 0x0000000000000001
mem[X,0x0000000080016CBC] -> 0x9593
mem[X,0x0000000080016CBE] -> 0x0205
[2276] [M]: 0x0000000080016CBC (0x02059593) slli a1, a1, 0x20
x11 <- 0x0000000100000000
mem[X,0x0000000080016CC0] -> 0xC593
mem[X,0x0000000080016CC2] -> 0xFFF5
[2277] [M]: 0x0000000080016CC0 (0xFFF5C593) xori a1, a1, -0x1
x11 <- 0xFFFFFFFEFFFFFFFF
mem[X,0x0000000080016CC4] -> 0x0213
mem[X,0x0000000080016CC6] -> 0x0000
[2278] [M]: 0x0000000080016CC4 (0x00000213) addi tp, zero, 0x0
x4 <- 0x0000000000000000
mem[X,0x0000000080016CC8] -> 0x006F
mem[X,0x0000000080016CCA] -> 0x2B10
[2279] [M]: 0x0000000080016CC8 (0x2B10006F) jal zero, 0xab0
mem[X,0x0000000080017778] -> 0x0A63
mem[X,0x000000008001777A] -> 0xD4B5
[2280] [M]: 0x0000000080017778 (0xD4B50A63) beq a0, a1, -0xaac
mem[X,0x000000008001777C] -> 0x0213
mem[X,0x000000008001777E] -> 0x0022
[2281] [M]: 0x000000008001777C (0x00220213) addi tp, tp, 0x2
x4 <- 0x0000000000000002
mem[X,0x0000000080017780] -> 0x006F
mem[X,0x0000000080017782] -> 0x00C0
[2282] [M]: 0x0000000080017780 (0x00C0006F) jal zero, 0xc
mem[X,0x000000008001778C] -> 0x3423
mem[X,0x000000008001778E] -> 0x5641
[2283] [M]: 0x000000008001778C (0x56413423) sd tp, 0x568(sp)
mem[0x0000000080048730] <- 0x0000000000000002
mem[X,0x0000000080017790] -> 0x0513
mem[X,0x0000000080017792] -> 0x0030
[2284] [M]: 0x0000000080017790 (0x00300513) addi a0, zero, 0x3
x10 <- 0x0000000000000003
mem[X,0x0000000080017794] -> 0x0593
mem[X,0x0000000080017796] -> 0x0030
[2285] [M]: 0x0000000080017794 (0x00300593) addi a1, zero, 0x3
x11 <- 0x0000000000000003
mem[X,0x0000000080017798] -> 0x0213
mem[X,0x000000008001779A] -> 0x0000
[2286] [M]: 0x0000000080017798 (0x00000213) addi tp, zero, 0x0
x4 <- 0x0000000000000000
mem[X,0x000000008001779C] -> 0x006F
mem[X,0x000000008001779E] -> 0x00C0
[2287] [M]: 0x000000008001779C (0x00C0006F) jal zero, 0xc
mem[X,0x00000000800177A8] -> 0x0863
mem[X,0x00000000800177AA] -> 0x00B5
[2288] [M]: 0x00000000800177A8 (0x00B50863) beq a0, a1, 0x10
mem[X,0x00000000800177B8] -> 0x0213
mem[X,0x00000000800177BA] -> 0x0032
[2289] [M]: 0x00000000800177B8 (0x00320213) addi tp, tp, 0x3
x4 <- 0x0000000000000003
mem[X,0x00000000800177BC] -> 0x006F
mem[X,0x00000000800177BE] -> 0x0040
[2290] [M]: 0x00000000800177BC (0x0040006F) jal zero, 0x4
mem[X,0x00000000800177C0] -> 0x3823
mem[X,0x00000000800177C2] -> 0x5641
[2291] [M]: 0x00000000800177C0 (0x56413823) sd tp, 0x570(sp)
mem[0x0000000080048738] <- 0x0000000000000003
mem[X,0x00000000800177C4] -> 0x0513
mem[X,0x00000000800177C6] -> 0x0030
[2292] [M]: 0x00000000800177C4 (0x00300513) addi a0, zero, 0x3
x10 <- 0x0000000000000003
mem[X,0x00000000800177C8] -> 0x55B7
mem[X,0x00000000800177CA] -> 0x5555
[2293] [M]: 0x00000000800177C8 (0x555555B7) lui a1, 0x55555
x11 <- 0x0000000055555000
mem[X,0x00000000800177CC] -> 0x8593
mem[X,0x00000000800177CE] -> 0x5555
[2294] [M]: 0x00000000800177CC (0x55558593) addi a1, a1, 0x555
x11 <- 0x0000000055555555
mem[X,0x00000000800177D0] -> 0x9593
mem[X,0x00000000800177D2] -> 0x00B5
[2295] [M]: 0x00000000800177D0 (0x00B59593) slli a1, a1, 0xb
x11 <- 0x000002AAAAAAA800
mem[X,0x00000000800177D4] -> 0x8593
mem[X,0x00000000800177D6] -> 0x2AA5
[2296] [M]: 0x00000000800177D4 (0x2AA58593) addi a1, a1, 0x2aa
x11 <- 0x000002AAAAAAAAAA
mem[X,0x00000000800177D8] -> 0x9593
mem[X,0x00000000800177DA] -> 0x00B5
[2297] [M]: 0x00000000800177D8 (0x00B59593) slli a1, a1, 0xb
x11 <- 0x0015555555555000
mem[X,0x00000000800177DC] -> 0x8593
mem[X,0x00000000800177DE] -> 0x5555
[2298] [M]: 0x00000000800177DC (0x55558593) addi a1, a1, 0x555
x11 <- 0x0015555555555555
mem[X,0x00000000800177E0] -> 0x9593
mem[X,0x00000000800177E2] -> 0x00A5
[2299] [M]: 0x00000000800177E0 (0x00A59593) slli a1, a1, 0xa
x11 <- 0x5555555555555400
clint::tick mtime <- 0x0000000000000017
 clint timer pending at mtime 0x0000000000000017
htif::tick 0x0000000000000000
mem[X,0x00000000800177E4] -> 0x8593
mem[X,0x00000000800177E6] -> 0x1555
[2300] [M]: 0x00000000800177E4 (0x15558593) addi a1, a1, 0x155
x11 <- 0x5555555555555555
mem[X,0x00000000800177E8] -> 0x0213
mem[X,0x00000000800177EA] -> 0x0000
[2301] [M]: 0x00000000800177E8 (0x00000213) addi tp, zero, 0x0
x4 <- 0x0000000000000000
mem[X,0x00000000800177EC] -> 0x006F
mem[X,0x00000000800177EE] -> 0x2B10
[2302] [M]: 0x00000000800177EC (0x2B10006F) jal zero, 0xab0
mem[X,0x000000008001829C] -> 0x0A63
mem[X,0x000000008001829E] -> 0xD4B5
[2303] [M]: 0x000000008001829C (0xD4B50A63) beq a0, a1, -0xaac
mem[X,0x00000000800182A0] -> 0x0213
mem[X,0x00000000800182A2] -> 0x0022
[2304] [M]: 0x00000000800182A0 (0x00220213) addi tp, tp, 0x2
x4 <- 0x0000000000000002
mem[X,0x00000000800182A4] -> 0x006F
mem[X,0x00000000800182A6] -> 0x00C0
[2305] [M]: 0x00000000800182A4 (0x00C0006F) jal zero, 0xc
mem[X,0x00000000800182B0] -> 0x3C23
mem[X,0x00000000800182B2] -> 0x5641
[2306] [M]: 0x00000000800182B0 (0x56413C23) sd tp, 0x578(sp)
mem[0x0000000080048740] <- 0x0000000000000002
mem[X,0x00000000800182B4] -> 0x0513
mem[X,0x00000000800182B6] -> 0x0030
[2307] [M]: 0x00000000800182B4 (0x00300513) addi a0, zero, 0x3
x10 <- 0x0000000000000003
mem[X,0x00000000800182B8] -> 0xB5B7
mem[X,0x00000000800182BA] -> 0xAAAA
[2308] [M]: 0x00000000800182B8 (0xAAAAB5B7) lui a1, -0x55555
x11 <- 0xFFFFFFFFAAAAB000
mem[X,0x00000000800182BC] -> 0x8593
mem[X,0x00000000800182BE] -> 0xAAA5
[2309] [M]: 0x00000000800182BC (0xAAA58593) addi a1, a1, -0x556
x11 <- 0xFFFFFFFFAAAAAAAA
mem[X,0x00000000800182C0] -> 0x9593
mem[X,0x00000000800182C2] -> 0x00B5
[2310] [M]: 0x00000000800182C0 (0x00B59593) slli a1, a1, 0xb
x11 <- 0xFFFFFD5555555000
mem[X,0x00000000800182C4] -> 0x8593
mem[X,0x00000000800182C6] -> 0x5555
[2311] [M]: 0x00000000800182C4 (0x55558593) addi a1, a1, 0x555
x11 <- 0xFFFFFD5555555555
mem[X,0x00000000800182C8] -> 0x9593
mem[X,0x00000000800182CA] -> 0x00B5
[2312] [M]: 0x00000000800182C8 (0x00B59593) slli a1, a1, 0xb
x11 <- 0xFFEAAAAAAAAAA800
mem[X,0x00000000800182CC] -> 0x8593
mem[X,0x00000000800182CE] -> 0x2AA5
[2313] [M]: 0x00000000800182CC (0x2AA58593) addi a1, a1, 0x2aa
x11 <- 0xFFEAAAAAAAAAAAAA
mem[X,0x00000000800182D0] -> 0x9593
mem[X,0x00000000800182D2] -> 0x00A5
[2314] [M]: 0x00000000800182D0 (0x00A59593) slli a1, a1, 0xa
x11 <- 0xAAAAAAAAAAAAA800
mem[X,0x00000000800182D4] -> 0x8593
mem[X,0x00000000800182D6] -> 0x2AA5
[2315] [M]: 0x00000000800182D4 (0x2AA58593) addi a1, a1, 0x2aa
x11 <- 0xAAAAAAAAAAAAAAAA
mem[X,0x00000000800182D8] -> 0x0213
mem[X,0x00000000800182DA] -> 0x0000
[2316] [M]: 0x00000000800182D8 (0x00000213) addi tp, zero, 0x0
x4 <- 0x0000000000000000
mem[X,0x00000000800182DC] -> 0x006F
mem[X,0x00000000800182DE] -> 0x00C0
[2317] [M]: 0x00000000800182DC (0x00C0006F) jal zero, 0xc
mem[X,0x00000000800182E8] -> 0x0063
mem[X,0x00000000800182EA] -> 0x20B5
[2318] [M]: 0x00000000800182E8 (0x20B50063) beq a0, a1, 0x200
mem[X,0x00000000800182EC] -> 0x0213
mem[X,0x00000000800182EE] -> 0x0022
[2319] [M]: 0x00000000800182EC (0x00220213) addi tp, tp, 0x2
x4 <- 0x0000000000000002
mem[X,0x00000000800182F0] -> 0x006F
mem[X,0x00000000800182F2] -> 0x2000
[2320] [M]: 0x00000000800182F0 (0x2000006F) jal zero, 0x200
mem[X,0x00000000800184F0] -> 0x3023
mem[X,0x00000000800184F2] -> 0x5841
[2321] [M]: 0x00000000800184F0 (0x58413023) sd tp, 0x580(sp)
mem[0x0000000080048748] <- 0x0000000000000002
mem[X,0x00000000800184F4] -> 0x0513
mem[X,0x00000000800184F6] -> 0x0030
[2322] [M]: 0x00000000800184F4 (0x00300513) addi a0, zero, 0x3
x10 <- 0x0000000000000003
mem[X,0x00000000800184F8] -> 0x0593
mem[X,0x00000000800184FA] -> 0x0050
[2323] [M]: 0x00000000800184F8 (0x00500593) addi a1, zero, 0x5
x11 <- 0x0000000000000005
mem[X,0x00000000800184FC] -> 0x0213
mem[X,0x00000000800184FE] -> 0x0000
[2324] [M]: 0x00000000800184FC (0x00000213) addi tp, zero, 0x0
x4 <- 0x0000000000000000
mem[X,0x0000000080018500] -> 0x006F
mem[X,0x0000000080018502] -> 0x00C0
[2325] [M]: 0x0000000080018500 (0x00C0006F) jal zero, 0xc
mem[X,0x000000008001850C] -> 0x0663
mem[X,0x000000008001850E] -> 0x00B5
[2326] [M]: 0x000000008001850C (0x00B50663) beq a0, a1, 0xc
mem[X,0x0000000080018510] -> 0x0213
mem[X,0x0000000080018512] -> 0x0022
[2327] [M]: 0x0000000080018510 (0x00220213) addi tp, tp, 0x2
x4 <- 0x0000000000000002
mem[X,0x0000000080018514] -> 0x006F
mem[X,0x0000000080018516] -> 0x00C0
[2328] [M]: 0x0000000080018514 (0x00C0006F) jal zero, 0xc
mem[X,0x0000000080018520] -> 0x3423
mem[X,0x0000000080018522] -> 0x5841
[2329] [M]: 0x0000000080018520 (0x58413423) sd tp, 0x588(sp)
mem[0x0000000080048750] <- 0x0000000000000002
mem[X,0x0000000080018524] -> 0x0513
mem[X,0x0000000080018526] -> 0x0030
[2330] [M]: 0x0000000080018524 (0x00300513) addi a0, zero, 0x3
x10 <- 0x0000000000000003
mem[X,0x0000000080018528] -> 0x35B7
mem[X,0x000000008001852A] -> 0x3333
[2331] [M]: 0x0000000080018528 (0x333335B7) lui a1, 0x33333
x11 <- 0x0000000033333000
mem[X,0x000000008001852C] -> 0x8593
mem[X,0x000000008001852E] -> 0x3335
[2332] [M]: 0x000000008001852C (0x33358593) addi a1, a1, 0x333
x11 <- 0x0000000033333333
mem[X,0x0000000080018530] -> 0x9593
mem[X,0x0000000080018532] -> 0x00B5
[2333] [M]: 0x0000000080018530 (0x00B59593) slli a1, a1, 0xb
x11 <- 0x0000019999999800
mem[X,0x0000000080018534] -> 0x8593
mem[X,0x0000000080018536] -> 0x1995
[2334] [M]: 0x0000000080018534 (0x19958593) addi a1, a1, 0x199
x11 <- 0x0000019999999999
mem[X,0x0000000080018538] -> 0x9593
mem[X,0x000000008001853A] -> 0x00B5
[2335] [M]: 0x0000000080018538 (0x00B59593) slli a1, a1, 0xb
x11 <- 0x000CCCCCCCCCC800
mem[X,0x000000008001853C] -> 0x8593
mem[X,0x000000008001853E] -> 0x4CC5
[2336] [M]: 0x000000008001853C (0x4CC58593) addi a1, a1, 0x4cc
x11 <- 0x000CCCCCCCCCCCCC
mem[X,0x0000000080018540] -> 0x9593
mem[X,0x0000000080018542] -> 0x00A5
[2337] [M]: 0x0000000080018540 (0x00A59593) slli a1, a1, 0xa
x11 <- 0x3333333333333000
mem[X,0x0000000080018544] -> 0x8593
mem[X,0x0000000080018546] -> 0x3335
[2338] [M]: 0x0000000080018544 (0x33358593) addi a1, a1, 0x333
x11 <- 0x3333333333333333
mem[X,0x0000000080018548] -> 0x0213
mem[X,0x000000008001854A] -> 0x0000
[2339] [M]: 0x0000000080018548 (0x00000213) addi tp, zero, 0x0
x4 <- 0x0000000000000000
mem[X,0x000000008001854C] -> 0x006F
mem[X,0x000000008001854E] -> 0x00C0
[2340] [M]: 0x000000008001854C (0x00C0006F) jal zero, 0xc
mem[X,0x0000000080018558] -> 0x0063
mem[X,0x000000008001855A] -> 0x10B5
[2341] [M]: 0x0000000080018558 (0x10B50063) beq a0, a1, 0x100
mem[X,0x000000008001855C] -> 0x0213
mem[X,0x000000008001855E] -> 0x0022
[2342] [M]: 0x000000008001855C (0x00220213) addi tp, tp, 0x2
x4 <- 0x0000000000000002
mem[X,0x0000000080018560] -> 0x006F
mem[X,0x0000000080018562] -> 0x1000
[2343] [M]: 0x0000000080018560 (0x1000006F) jal zero, 0x100
mem[X,0x0000000080018660] -> 0x3823
mem[X,0x0000000080018662] -> 0x5841
[2344] [M]: 0x0000000080018660 (0x58413823) sd tp, 0x590(sp)
mem[0x0000000080048758] <- 0x0000000000000002
mem[X,0x0000000080018664] -> 0x0513
mem[X,0x0000000080018666] -> 0x0030
[2345] [M]: 0x0000000080018664 (0x00300513) addi a0, zero, 0x3
x10 <- 0x0000000000000003
mem[X,0x0000000080018668] -> 0x65B7
mem[X,0x000000008001866A] -> 0x6666
[2346] [M]: 0x0000000080018668 (0x666665B7) lui a1, 0x66666
x11 <- 0x0000000066666000
mem[X,0x000000008001866C] -> 0x8593
mem[X,0x000000008001866E] -> 0x6665
[2347] [M]: 0x000000008001866C (0x66658593) addi a1, a1, 0x666
x11 <- 0x0000000066666666
mem[X,0x0000000080018670] -> 0x9593
mem[X,0x0000000080018672] -> 0x00B5
[2348] [M]: 0x0000000080018670 (0x00B59593) slli a1, a1, 0xb
x11 <- 0x0000033333333000
mem[X,0x0000000080018674] -> 0x8593
mem[X,0x0000000080018676] -> 0x3335
[2349] [M]: 0x0000000080018674 (0x33358593) addi a1, a1, 0x333
x11 <- 0x0000033333333333
mem[X,0x0000000080018678] -> 0x9593
mem[X,0x000000008001867A] -> 0x00B5
[2350] [M]: 0x0000000080018678 (0x00B59593) slli a1, a1, 0xb
x11 <- 0x0019999999999800
mem[X,0x000000008001867C] -> 0x8593
mem[X,0x000000008001867E] -> 0x1995
[2351] [M]: 0x000000008001867C (0x19958593) addi a1, a1, 0x199
x11 <- 0x0019999999999999
mem[X,0x0000000080018680] -> 0x9593
mem[X,0x0000000080018682] -> 0x00A5
[2352] [M]: 0x0000000080018680 (0x00A59593) slli a1, a1, 0xa
x11 <- 0x6666666666666400
mem[X,0x0000000080018684] -> 0x8593
mem[X,0x0000000080018686] -> 0x2665
[2353] [M]: 0x0000000080018684 (0x26658593) addi a1, a1, 0x266
x11 <- 0x6666666666666666
mem[X,0x0000000080018688] -> 0x0213
mem[X,0x000000008001868A] -> 0x0000
[2354] [M]: 0x0000000080018688 (0x00000213) addi tp, zero, 0x0
x4 <- 0x0000000000000000
mem[X,0x000000008001868C] -> 0x006F
mem[X,0x000000008001868E] -> 0x00C0
[2355] [M]: 0x000000008001868C (0x00C0006F) jal zero, 0xc
mem[X,0x0000000080018698] -> 0x0663
mem[X,0x000000008001869A] -> 0x00B5
[2356] [M]: 0x0000000080018698 (0x00B50663) beq a0, a1, 0xc
mem[X,0x000000008001869C] -> 0x0213
mem[X,0x000000008001869E] -> 0x0022
[2357] [M]: 0x000000008001869C (0x00220213) addi tp, tp, 0x2
x4 <- 0x0000000000000002
mem[X,0x00000000800186A0] -> 0x006F
mem[X,0x00000000800186A2] -> 0x00C0
[2358] [M]: 0x00000000800186A0 (0x00C0006F) jal zero, 0xc
mem[X,0x00000000800186AC] -> 0x3C23
mem[X,0x00000000800186AE] -> 0x5841
[2359] [M]: 0x00000000800186AC (0x58413C23) sd tp, 0x598(sp)
mem[0x0000000080048760] <- 0x0000000000000002
mem[X,0x00000000800186B0] -> 0x0513
mem[X,0x00000000800186B2] -> 0x0030
[2360] [M]: 0x00000000800186B0 (0x00300513) addi a0, zero, 0x3
x10 <- 0x0000000000000003
mem[X,0x00000000800186B4] -> 0x05B7
mem[X,0x00000000800186B6] -> 0x0000
[2361] [M]: 0x00000000800186B4 (0x000005B7) lui a1, 0x0
x11 <- 0x0000000000000000
mem[X,0x00000000800186B8] -> 0x8593
mem[X,0x00000000800186BA] -> 0xFFF5
[2362] [M]: 0x00000000800186B8 (0xFFF58593) addi a1, a1, -0x1
x11 <- 0xFFFFFFFFFFFFFFFF
mem[X,0x00000000800186BC] -> 0x9593
mem[X,0x00000000800186BE] -> 0x00B5
[2363] [M]: 0x00000000800186BC (0x00B59593) slli a1, a1, 0xb
x11 <- 0xFFFFFFFFFFFFF800
mem[X,0x00000000800186C0] -> 0x8593
mem[X,0x00000000800186C2] -> 0x2575
[2364] [M]: 0x00000000800186C0 (0x25758593) addi a1, a1, 0x257
x11 <- 0xFFFFFFFFFFFFFA57
mem[X,0x00000000800186C4] -> 0x9593
mem[X,0x00000000800186C6] -> 0x00B5
[2365] [M]: 0x00000000800186C4 (0x00B59593) slli a1, a1, 0xb
x11 <- 0xFFFFFFFFFFD2B800
mem[X,0x00000000800186C8] -> 0x8593
mem[X,0x00000000800186CA] -> 0x6C35
[2366] [M]: 0x00000000800186C8 (0x6C358593) addi a1, a1, 0x6c3
x11 <- 0xFFFFFFFFFFD2BEC3
mem[X,0x00000000800186CC] -> 0x9593
mem[X,0x00000000800186CE] -> 0x00A5
[2367] [M]: 0x00000000800186CC (0x00A59593) slli a1, a1, 0xa
x11 <- 0xFFFFFFFF4AFB0C00
mem[X,0x00000000800186D0] -> 0x8593
mem[X,0x00000000800186D2] -> 0x0CD5
[2368] [M]: 0x00000000800186D0 (0x0CD58593) addi a1, a1, 0xcd
x11 <- 0xFFFFFFFF4AFB0CCD
mem[X,0x00000000800186D4] -> 0x0213
mem[X,0x00000000800186D6] -> 0x0000
[2369] [M]: 0x00000000800186D4 (0x00000213) addi tp, zero, 0x0
x4 <- 0x0000000000000000
mem[X,0x00000000800186D8] -> 0x006F
mem[X,0x00000000800186DA] -> 0x00C0
[2370] [M]: 0x00000000800186D8 (0x00C0006F) jal zero, 0xc
mem[X,0x00000000800186E4] -> 0x0063
mem[X,0x00000000800186E6] -> 0x02B5
[2371] [M]: 0x00000000800186E4 (0x02B50063) beq a0, a1, 0x20
mem[X,0x00000000800186E8] -> 0x0213
mem[X,0x00000000800186EA] -> 0x0022
[2372] [M]: 0x00000000800186E8 (0x00220213) addi tp, tp, 0x2
x4 <- 0x0000000000000002
mem[X,0x00000000800186EC] -> 0x006F
mem[X,0x00000000800186EE] -> 0x0200
[2373] [M]: 0x00000000800186EC (0x0200006F) jal zero, 0x20
mem[X,0x000000008001870C] -> 0x3023
mem[X,0x000000008001870E] -> 0x5A41
[2374] [M]: 0x000000008001870C (0x5A413023) sd tp, 0x5a0(sp)
mem[0x0000000080048768] <- 0x0000000000000002
mem[X,0x0000000080018710] -> 0x0513
mem[X,0x0000000080018712] -> 0x0030
[2375] [M]: 0x0000000080018710 (0x00300513) addi a0, zero, 0x3
x10 <- 0x0000000000000003
mem[X,0x0000000080018714] -> 0x05B7
mem[X,0x0000000080018716] -> 0x0000
[2376] [M]: 0x0000000080018714 (0x000005B7) lui a1, 0x0
x11 <- 0x0000000000000000
mem[X,0x0000000080018718] -> 0x8593
mem[X,0x000000008001871A] -> 0x0005
[2377] [M]: 0x0000000080018718 (0x00058593) addi a1, a1, 0x0
x11 <- 0x0000000000000000
mem[X,0x000000008001871C] -> 0x9593
mem[X,0x000000008001871E] -> 0x00B5
[2378] [M]: 0x000000008001871C (0x00B59593) slli a1, a1, 0xb
x11 <- 0x0000000000000000
mem[X,0x0000000080018720] -> 0x8593
mem[X,0x0000000080018722] -> 0x5A85
[2379] [M]: 0x0000000080018720 (0x5A858593) addi a1, a1, 0x5a8
x11 <- 0x00000000000005A8
mem[X,0x0000000080018724] -> 0x9593
mem[X,0x0000000080018726] -> 0x00B5
[2380] [M]: 0x0000000080018724 (0x00B59593) slli a1, a1, 0xb
x11 <- 0x00000000002D4000
mem[X,0x0000000080018728] -> 0x8593
mem[X,0x000000008001872A] -> 0x13C5
[2381] [M]: 0x0000000080018728 (0x13C58593) addi a1, a1, 0x13c
x11 <- 0x00000000002D413C
mem[X,0x000000008001872C] -> 0x9593
mem[X,0x000000008001872E] -> 0x00A5
[2382] [M]: 0x000000008001872C (0x00A59593) slli a1, a1, 0xa
x11 <- 0x00000000B504F000
mem[X,0x0000000080018730] -> 0x8593
mem[X,0x0000000080018732] -> 0x3335
[2383] [M]: 0x0000000080018730 (0x33358593) addi a1, a1, 0x333
x11 <- 0x00000000B504F333
mem[X,0x0000000080018734] -> 0x0213
mem[X,0x0000000080018736] -> 0x0000
[2384] [M]: 0x0000000080018734 (0x00000213) addi tp, zero, 0x0
x4 <- 0x0000000000000000
mem[X,0x0000000080018738] -> 0x006F
mem[X,0x000000008001873A] -> 0x00C0
[2385] [M]: 0x0000000080018738 (0x00C0006F) jal zero, 0xc
mem[X,0x0000000080018744] -> 0x0863
mem[X,0x0000000080018746] -> 0x00B5
[2386] [M]: 0x0000000080018744 (0x00B50863) beq a0, a1, 0x10
mem[X,0x0000000080018748] -> 0x0213
mem[X,0x000000008001874A] -> 0x0022
[2387] [M]: 0x0000000080018748 (0x00220213) addi tp, tp, 0x2
x4 <- 0x0000000000000002
mem[X,0x000000008001874C] -> 0x006F
mem[X,0x000000008001874E] -> 0x0100
[2388] [M]: 0x000000008001874C (0x0100006F) jal zero, 0x10
mem[X,0x000000008001875C] -> 0x3423
mem[X,0x000000008001875E] -> 0x5A41
[2389] [M]: 0x000000008001875C (0x5A413423) sd tp, 0x5a8(sp)
mem[0x0000000080048770] <- 0x0000000000000002
mem[X,0x0000000080018760] -> 0x0513
mem[X,0x0000000080018762] -> 0x0030
[2390] [M]: 0x0000000080018760 (0x00300513) addi a0, zero, 0x3
x10 <- 0x0000000000000003
mem[X,0x0000000080018764] -> 0x0593
mem[X,0x0000000080018766] -> 0x0020
[2391] [M]: 0x0000000080018764 (0x00200593) addi a1, zero, 0x2
x11 <- 0x0000000000000002
mem[X,0x0000000080018768] -> 0x0213
mem[X,0x000000008001876A] -> 0x0000
[2392] [M]: 0x0000000080018768 (0x00000213) addi tp, zero, 0x0
x4 <- 0x0000000000000000
mem[X,0x000000008001876C] -> 0x006F
mem[X,0x000000008001876E] -> 0x00C0
[2393] [M]: 0x000000008001876C (0x00C0006F) jal zero, 0xc
mem[X,0x0000000080018778] -> 0x0063
mem[X,0x000000008001877A] -> 0x20B5
[2394] [M]: 0x0000000080018778 (0x20B50063) beq a0, a1, 0x200
mem[X,0x000000008001877C] -> 0x0213
mem[X,0x000000008001877E] -> 0x0022
[2395] [M]: 0x000000008001877C (0x00220213) addi tp, tp, 0x2
x4 <- 0x0000000000000002
mem[X,0x0000000080018780] -> 0x006F
mem[X,0x0000000080018782] -> 0x2000
[2396] [M]: 0x0000000080018780 (0x2000006F) jal zero, 0x200
mem[X,0x0000000080018980] -> 0x3823
mem[X,0x0000000080018982] -> 0x5A41
[2397] [M]: 0x0000000080018980 (0x5A413823) sd tp, 0x5b0(sp)
mem[0x0000000080048778] <- 0x0000000000000002
mem[X,0x0000000080018984] -> 0x0513
mem[X,0x0000000080018986] -> 0x0030
[2398] [M]: 0x0000000080018984 (0x00300513) addi a0, zero, 0x3
x10 <- 0x0000000000000003
mem[X,0x0000000080018988] -> 0x55B7
mem[X,0x000000008001898A] -> 0x5555
[2399] [M]: 0x0000000080018988 (0x555555B7) lui a1, 0x55555
x11 <- 0x0000000055555000
clint::tick mtime <- 0x0000000000000018
 clint timer pending at mtime 0x0000000000000018
htif::tick 0x0000000000000000
mem[X,0x000000008001898C] -> 0x8593
mem[X,0x000000008001898E] -> 0x5555
[2400] [M]: 0x000000008001898C (0x55558593) addi a1, a1, 0x555
x11 <- 0x0000000055555555
mem[X,0x0000000080018990] -> 0x9593
mem[X,0x0000000080018992] -> 0x00B5
[2401] [M]: 0x0000000080018990 (0x00B59593) slli a1, a1, 0xb
x11 <- 0x000002AAAAAAA800
mem[X,0x0000000080018994] -> 0x8593
mem[X,0x0000000080018996] -> 0x2AA5
[2402] [M]: 0x0000000080018994 (0x2AA58593) addi a1, a1, 0x2aa
x11 <- 0x000002AAAAAAAAAA
mem[X,0x0000000080018998] -> 0x9593
mem[X,0x000000008001899A] -> 0x00B5
[2403] [M]: 0x0000000080018998 (0x00B59593) slli a1, a1, 0xb
x11 <- 0x0015555555555000
mem[X,0x000000008001899C] -> 0x8593
mem[X,0x000000008001899E] -> 0x5555
[2404] [M]: 0x000000008001899C (0x55558593) addi a1, a1, 0x555
x11 <- 0x0015555555555555
mem[X,0x00000000800189A0] -> 0x9593
mem[X,0x00000000800189A2] -> 0x00A5
[2405] [M]: 0x00000000800189A0 (0x00A59593) slli a1, a1, 0xa
x11 <- 0x5555555555555400
mem[X,0x00000000800189A4] -> 0x8593
mem[X,0x00000000800189A6] -> 0x1545
[2406] [M]: 0x00000000800189A4 (0x15458593) addi a1, a1, 0x154
x11 <- 0x5555555555555554
mem[X,0x00000000800189A8] -> 0x0213
mem[X,0x00000000800189AA] -> 0x0000
[2407] [M]: 0x00000000800189A8 (0x00000213) addi tp, zero, 0x0
x4 <- 0x0000000000000000
mem[X,0x00000000800189AC] -> 0x006F
mem[X,0x00000000800189AE] -> 0x2B10
[2408] [M]: 0x00000000800189AC (0x2B10006F) jal zero, 0xab0
mem[X,0x000000008001945C] -> 0x0A63
mem[X,0x000000008001945E] -> 0xD4B5
[2409] [M]: 0x000000008001945C (0xD4B50A63) beq a0, a1, -0xaac
mem[X,0x0000000080019460] -> 0x0213
mem[X,0x0000000080019462] -> 0x0022
[2410] [M]: 0x0000000080019460 (0x00220213) addi tp, tp, 0x2
x4 <- 0x0000000000000002
mem[X,0x0000000080019464] -> 0x006F
mem[X,0x0000000080019466] -> 0x00C0
[2411] [M]: 0x0000000080019464 (0x00C0006F) jal zero, 0xc
mem[X,0x0000000080019470] -> 0x3C23
mem[X,0x0000000080019472] -> 0x5A41
[2412] [M]: 0x0000000080019470 (0x5A413C23) sd tp, 0x5b8(sp)
mem[0x0000000080048780] <- 0x0000000000000002
mem[X,0x0000000080019474] -> 0x0513
mem[X,0x0000000080019476] -> 0x0030
[2413] [M]: 0x0000000080019474 (0x00300513) addi a0, zero, 0x3
x10 <- 0x0000000000000003
mem[X,0x0000000080019478] -> 0x0593
mem[X,0x000000008001947A] -> 0x0000
[2414] [M]: 0x0000000080019478 (0x00000593) addi a1, zero, 0x0
x11 <- 0x0000000000000000
mem[X,0x000000008001947C] -> 0x0213
mem[X,0x000000008001947E] -> 0x0000
[2415] [M]: 0x000000008001947C (0x00000213) addi tp, zero, 0x0
x4 <- 0x0000000000000000
mem[X,0x0000000080019480] -> 0x006F
mem[X,0x0000000080019482] -> 0x00C0
[2416] [M]: 0x0000000080019480 (0x00C0006F) jal zero, 0xc
mem[X,0x000000008001948C] -> 0x0863
mem[X,0x000000008001948E] -> 0x00B5
[2417] [M]: 0x000000008001948C (0x00B50863) beq a0, a1, 0x10
mem[X,0x0000000080019490] -> 0x0213
mem[X,0x0000000080019492] -> 0x0022
[2418] [M]: 0x0000000080019490 (0x00220213) addi tp, tp, 0x2
x4 <- 0x0000000000000002
mem[X,0x0000000080019494] -> 0x006F
mem[X,0x0000000080019496] -> 0x0100
[2419] [M]: 0x0000000080019494 (0x0100006F) jal zero, 0x10
mem[X,0x00000000800194A4] -> 0x3023
mem[X,0x00000000800194A6] -> 0x5C41
[2420] [M]: 0x00000000800194A4 (0x5C413023) sd tp, 0x5c0(sp)
mem[0x0000000080048788] <- 0x0000000000000002
mem[X,0x00000000800194A8] -> 0x0513
mem[X,0x00000000800194AA] -> 0x0030
[2421] [M]: 0x00000000800194A8 (0x00300513) addi a0, zero, 0x3
x10 <- 0x0000000000000003
mem[X,0x00000000800194AC] -> 0x0593
mem[X,0x00000000800194AE] -> 0x0040
[2422] [M]: 0x00000000800194AC (0x00400593) addi a1, zero, 0x4
x11 <- 0x0000000000000004
mem[X,0x00000000800194B0] -> 0x0213
mem[X,0x00000000800194B2] -> 0x0000
[2423] [M]: 0x00000000800194B0 (0x00000213) addi tp, zero, 0x0
x4 <- 0x0000000000000000
mem[X,0x00000000800194B4] -> 0x006F
mem[X,0x00000000800194B6] -> 0x0140
[2424] [M]: 0x00000000800194B4 (0x0140006F) jal zero, 0x14
mem[X,0x00000000800194C8] -> 0x08E3
mem[X,0x00000000800194CA] -> 0xFEB5
[2425] [M]: 0x00000000800194C8 (0xFEB508E3) beq a0, a1, -0x10
mem[X,0x00000000800194CC] -> 0x0213
mem[X,0x00000000800194CE] -> 0x0022
[2426] [M]: 0x00000000800194CC (0x00220213) addi tp, tp, 0x2
x4 <- 0x0000000000000002
mem[X,0x00000000800194D0] -> 0x006F
mem[X,0x00000000800194D2] -> 0x00C0
[2427] [M]: 0x00000000800194D0 (0x00C0006F) jal zero, 0xc
mem[X,0x00000000800194DC] -> 0x3423
mem[X,0x00000000800194DE] -> 0x5C41
[2428] [M]: 0x00000000800194DC (0x5C413423) sd tp, 0x5c8(sp)
mem[0x0000000080048790] <- 0x0000000000000002
mem[X,0x00000000800194E0] -> 0x0513
mem[X,0x00000000800194E2] -> 0x0030
[2429] [M]: 0x00000000800194E0 (0x00300513) addi a0, zero, 0x3
x10 <- 0x0000000000000003
mem[X,0x00000000800194E4] -> 0x35B7
mem[X,0x00000000800194E6] -> 0x3333
[2430] [M]: 0x00000000800194E4 (0x333335B7) lui a1, 0x33333
x11 <- 0x0000000033333000
mem[X,0x00000000800194E8] -> 0x8593
mem[X,0x00000000800194EA] -> 0x3335
[2431] [M]: 0x00000000800194E8 (0x33358593) addi a1, a1, 0x333
x11 <- 0x0000000033333333
mem[X,0x00000000800194EC] -> 0x9593
mem[X,0x00000000800194EE] -> 0x00B5
[2432] [M]: 0x00000000800194EC (0x00B59593) slli a1, a1, 0xb
x11 <- 0x0000019999999800
mem[X,0x00000000800194F0] -> 0x8593
mem[X,0x00000000800194F2] -> 0x1995
[2433] [M]: 0x00000000800194F0 (0x19958593) addi a1, a1, 0x199
x11 <- 0x0000019999999999
mem[X,0x00000000800194F4] -> 0x9593
mem[X,0x00000000800194F6] -> 0x00B5
[2434] [M]: 0x00000000800194F4 (0x00B59593) slli a1, a1, 0xb
x11 <- 0x000CCCCCCCCCC800
mem[X,0x00000000800194F8] -> 0x8593
mem[X,0x00000000800194FA] -> 0x4CC5
[2435] [M]: 0x00000000800194F8 (0x4CC58593) addi a1, a1, 0x4cc
x11 <- 0x000CCCCCCCCCCCCC
mem[X,0x00000000800194FC] -> 0x9593
mem[X,0x00000000800194FE] -> 0x00A5
[2436] [M]: 0x00000000800194FC (0x00A59593) slli a1, a1, 0xa
x11 <- 0x3333333333333000
mem[X,0x0000000080019500] -> 0x8593
mem[X,0x0000000080019502] -> 0x3325
[2437] [M]: 0x0000000080019500 (0x33258593) addi a1, a1, 0x332
x11 <- 0x3333333333333332
mem[X,0x0000000080019504] -> 0x0213
mem[X,0x0000000080019506] -> 0x0000
[2438] [M]: 0x0000000080019504 (0x00000213) addi tp, zero, 0x0
x4 <- 0x0000000000000000
mem[X,0x0000000080019508] -> 0x006F
mem[X,0x000000008001950A] -> 0x00C0
[2439] [M]: 0x0000000080019508 (0x00C0006F) jal zero, 0xc
mem[X,0x0000000080019514] -> 0x0663
mem[X,0x0000000080019516] -> 0x00B5
[2440] [M]: 0x0000000080019514 (0x00B50663) beq a0, a1, 0xc
mem[X,0x0000000080019518] -> 0x0213
mem[X,0x000000008001951A] -> 0x0022
[2441] [M]: 0x0000000080019518 (0x00220213) addi tp, tp, 0x2
x4 <- 0x0000000000000002
mem[X,0x000000008001951C] -> 0x006F
mem[X,0x000000008001951E] -> 0x00C0
[2442] [M]: 0x000000008001951C (0x00C0006F) jal zero, 0xc
mem[X,0x0000000080019528] -> 0x3823
mem[X,0x000000008001952A] -> 0x5C41
[2443] [M]: 0x0000000080019528 (0x5C413823) sd tp, 0x5d0(sp)
mem[0x0000000080048798] <- 0x0000000000000002
mem[X,0x000000008001952C] -> 0x0513
mem[X,0x000000008001952E] -> 0x0030
[2444] [M]: 0x000000008001952C (0x00300513) addi a0, zero, 0x3
x10 <- 0x0000000000000003
mem[X,0x0000000080019530] -> 0x65B7
mem[X,0x0000000080019532] -> 0x6666
[2445] [M]: 0x0000000080019530 (0x666665B7) lui a1, 0x66666
x11 <- 0x0000000066666000
mem[X,0x0000000080019534] -> 0x8593
mem[X,0x0000000080019536] -> 0x6665
[2446] [M]: 0x0000000080019534 (0x66658593) addi a1, a1, 0x666
x11 <- 0x0000000066666666
mem[X,0x0000000080019538] -> 0x9593
mem[X,0x000000008001953A] -> 0x00B5
[2447] [M]: 0x0000000080019538 (0x00B59593) slli a1, a1, 0xb
x11 <- 0x0000033333333000
mem[X,0x000000008001953C] -> 0x8593
mem[X,0x000000008001953E] -> 0x3335
[2448] [M]: 0x000000008001953C (0x33358593) addi a1, a1, 0x333
x11 <- 0x0000033333333333
mem[X,0x0000000080019540] -> 0x9593
mem[X,0x0000000080019542] -> 0x00B5
[2449] [M]: 0x0000000080019540 (0x00B59593) slli a1, a1, 0xb
x11 <- 0x0019999999999800
mem[X,0x0000000080019544] -> 0x8593
mem[X,0x0000000080019546] -> 0x1995
[2450] [M]: 0x0000000080019544 (0x19958593) addi a1, a1, 0x199
x11 <- 0x0019999999999999
mem[X,0x0000000080019548] -> 0x9593
mem[X,0x000000008001954A] -> 0x00A5
[2451] [M]: 0x0000000080019548 (0x00A59593) slli a1, a1, 0xa
x11 <- 0x6666666666666400
mem[X,0x000000008001954C] -> 0x8593
mem[X,0x000000008001954E] -> 0x2655
[2452] [M]: 0x000000008001954C (0x26558593) addi a1, a1, 0x265
x11 <- 0x6666666666666665
mem[X,0x0000000080019550] -> 0x0213
mem[X,0x0000000080019552] -> 0x0000
[2453] [M]: 0x0000000080019550 (0x00000213) addi tp, zero, 0x0
x4 <- 0x0000000000000000
mem[X,0x0000000080019554] -> 0x006F
mem[X,0x0000000080019556] -> 0x0140
[2454] [M]: 0x0000000080019554 (0x0140006F) jal zero, 0x14
mem[X,0x0000000080019568] -> 0x08E3
mem[X,0x000000008001956A] -> 0xFEB5
[2455] [M]: 0x0000000080019568 (0xFEB508E3) beq a0, a1, -0x10
mem[X,0x000000008001956C] -> 0x0213
mem[X,0x000000008001956E] -> 0x0022
[2456] [M]: 0x000000008001956C (0x00220213) addi tp, tp, 0x2
x4 <- 0x0000000000000002
mem[X,0x0000000080019570] -> 0x006F
mem[X,0x0000000080019572] -> 0x00C0
[2457] [M]: 0x0000000080019570 (0x00C0006F) jal zero, 0xc
mem[X,0x000000008001957C] -> 0x3C23
mem[X,0x000000008001957E] -> 0x5C41
[2458] [M]: 0x000000008001957C (0x5C413C23) sd tp, 0x5d8(sp)
mem[0x00000000800487A0] <- 0x0000000000000002
mem[X,0x0000000080019580] -> 0x0513
mem[X,0x0000000080019582] -> 0x0030
[2459] [M]: 0x0000000080019580 (0x00300513) addi a0, zero, 0x3
x10 <- 0x0000000000000003
mem[X,0x0000000080019584] -> 0x05B7
mem[X,0x0000000080019586] -> 0x0000
[2460] [M]: 0x0000000080019584 (0x000005B7) lui a1, 0x0
x11 <- 0x0000000000000000
mem[X,0x0000000080019588] -> 0x8593
mem[X,0x000000008001958A] -> 0x0005
[2461] [M]: 0x0000000080019588 (0x00058593) addi a1, a1, 0x0
x11 <- 0x0000000000000000
mem[X,0x000000008001958C] -> 0x9593
mem[X,0x000000008001958E] -> 0x00B5
[2462] [M]: 0x000000008001958C (0x00B59593) slli a1, a1, 0xb
x11 <- 0x0000000000000000
mem[X,0x0000000080019590] -> 0x8593
mem[X,0x0000000080019592] -> 0x5A85
[2463] [M]: 0x0000000080019590 (0x5A858593) addi a1, a1, 0x5a8
x11 <- 0x00000000000005A8
mem[X,0x0000000080019594] -> 0x9593
mem[X,0x0000000080019596] -> 0x00B5
[2464] [M]: 0x0000000080019594 (0x00B59593) slli a1, a1, 0xb
x11 <- 0x00000000002D4000
mem[X,0x0000000080019598] -> 0x8593
mem[X,0x000000008001959A] -> 0x13C5
[2465] [M]: 0x0000000080019598 (0x13C58593) addi a1, a1, 0x13c
x11 <- 0x00000000002D413C
mem[X,0x000000008001959C] -> 0x9593
mem[X,0x000000008001959E] -> 0x00A5
[2466] [M]: 0x000000008001959C (0x00A59593) slli a1, a1, 0xa
x11 <- 0x00000000B504F000
mem[X,0x00000000800195A0] -> 0x8593
mem[X,0x00000000800195A2] -> 0x3325
[2467] [M]: 0x00000000800195A0 (0x33258593) addi a1, a1, 0x332
x11 <- 0x00000000B504F332
mem[X,0x00000000800195A4] -> 0x0213
mem[X,0x00000000800195A6] -> 0x0000
[2468] [M]: 0x00000000800195A4 (0x00000213) addi tp, zero, 0x0
x4 <- 0x0000000000000000
mem[X,0x00000000800195A8] -> 0x006F
mem[X,0x00000000800195AA] -> 0x00C0
[2469] [M]: 0x00000000800195A8 (0x00C0006F) jal zero, 0xc
mem[X,0x00000000800195B4] -> 0x0063
mem[X,0x00000000800195B6] -> 0x04B5
[2470] [M]: 0x00000000800195B4 (0x04B50063) beq a0, a1, 0x40
mem[X,0x00000000800195B8] -> 0x0213
mem[X,0x00000000800195BA] -> 0x0022
[2471] [M]: 0x00000000800195B8 (0x00220213) addi tp, tp, 0x2
x4 <- 0x0000000000000002
mem[X,0x00000000800195BC] -> 0x006F
mem[X,0x00000000800195BE] -> 0x0400
[2472] [M]: 0x00000000800195BC (0x0400006F) jal zero, 0x40
mem[X,0x00000000800195FC] -> 0x3023
mem[X,0x00000000800195FE] -> 0x5E41
[2473] [M]: 0x00000000800195FC (0x5E413023) sd tp, 0x5e0(sp)
mem[0x00000000800487A8] <- 0x0000000000000002
mem[X,0x0000000080019600] -> 0x0513
mem[X,0x0000000080019602] -> 0x0030
[2474] [M]: 0x0000000080019600 (0x00300513) addi a0, zero, 0x3
x10 <- 0x0000000000000003
mem[X,0x0000000080019604] -> 0x55B7
mem[X,0x0000000080019606] -> 0x5555
[2475] [M]: 0x0000000080019604 (0x555555B7) lui a1, 0x55555
x11 <- 0x0000000055555000
mem[X,0x0000000080019608] -> 0x8593
mem[X,0x000000008001960A] -> 0x5555
[2476] [M]: 0x0000000080019608 (0x55558593) addi a1, a1, 0x555
x11 <- 0x0000000055555555
mem[X,0x000000008001960C] -> 0x9593
mem[X,0x000000008001960E] -> 0x00B5
[2477] [M]: 0x000000008001960C (0x00B59593) slli a1, a1, 0xb
x11 <- 0x000002AAAAAAA800
mem[X,0x0000000080019610] -> 0x8593
mem[X,0x0000000080019612] -> 0x2AA5
[2478] [M]: 0x0000000080019610 (0x2AA58593) addi a1, a1, 0x2aa
x11 <- 0x000002AAAAAAAAAA
mem[X,0x0000000080019614] -> 0x9593
mem[X,0x0000000080019616] -> 0x00B5
[2479] [M]: 0x0000000080019614 (0x00B59593) slli a1, a1, 0xb
x11 <- 0x0015555555555000
mem[X,0x0000000080019618] -> 0x8593
mem[X,0x000000008001961A] -> 0x5555
[2480] [M]: 0x0000000080019618 (0x55558593) addi a1, a1, 0x555
x11 <- 0x0015555555555555
mem[X,0x000000008001961C] -> 0x9593
mem[X,0x000000008001961E] -> 0x00A5
[2481] [M]: 0x000000008001961C (0x00A59593) slli a1, a1, 0xa
x11 <- 0x5555555555555400
mem[X,0x0000000080019620] -> 0x8593
mem[X,0x0000000080019622] -> 0x1565
[2482] [M]: 0x0000000080019620 (0x15658593) addi a1, a1, 0x156
x11 <- 0x5555555555555556
mem[X,0x0000000080019624] -> 0x0213
mem[X,0x0000000080019626] -> 0x0000
[2483] [M]: 0x0000000080019624 (0x00000213) addi tp, zero, 0x0
x4 <- 0x0000000000000000
mem[X,0x0000000080019628] -> 0x006F
mem[X,0x000000008001962A] -> 0x2B10
[2484] [M]: 0x0000000080019628 (0x2B10006F) jal zero, 0xab0
mem[X,0x000000008001A0D8] -> 0x0A63
mem[X,0x000000008001A0DA] -> 0xD4B5
[2485] [M]: 0x000000008001A0D8 (0xD4B50A63) beq a0, a1, -0xaac
mem[X,0x000000008001A0DC] -> 0x0213
mem[X,0x000000008001A0DE] -> 0x0022
[2486] [M]: 0x000000008001A0DC (0x00220213) addi tp, tp, 0x2
x4 <- 0x0000000000000002
mem[X,0x000000008001A0E0] -> 0x006F
mem[X,0x000000008001A0E2] -> 0x00C0
[2487] [M]: 0x000000008001A0E0 (0x00C0006F) jal zero, 0xc
mem[X,0x000000008001A0EC] -> 0x3423
mem[X,0x000000008001A0EE] -> 0x5E41
[2488] [M]: 0x000000008001A0EC (0x5E413423) sd tp, 0x5e8(sp)
mem[0x00000000800487B0] <- 0x0000000000000002
mem[X,0x000000008001A0F0] -> 0x0513
mem[X,0x000000008001A0F2] -> 0x0030
[2489] [M]: 0x000000008001A0F0 (0x00300513) addi a0, zero, 0x3
x10 <- 0x0000000000000003
mem[X,0x000000008001A0F4] -> 0xB5B7
mem[X,0x000000008001A0F6] -> 0xAAAA
[2490] [M]: 0x000000008001A0F4 (0xAAAAB5B7) lui a1, -0x55555
x11 <- 0xFFFFFFFFAAAAB000
mem[X,0x000000008001A0F8] -> 0x8593
mem[X,0x000000008001A0FA] -> 0xAAA5
[2491] [M]: 0x000000008001A0F8 (0xAAA58593) addi a1, a1, -0x556
x11 <- 0xFFFFFFFFAAAAAAAA
mem[X,0x000000008001A0FC] -> 0x9593
mem[X,0x000000008001A0FE] -> 0x00B5
[2492] [M]: 0x000000008001A0FC (0x00B59593) slli a1, a1, 0xb
x11 <- 0xFFFFFD5555555000
mem[X,0x000000008001A100] -> 0x8593
mem[X,0x000000008001A102] -> 0x5555
[2493] [M]: 0x000000008001A100 (0x55558593) addi a1, a1, 0x555
x11 <- 0xFFFFFD5555555555
mem[X,0x000000008001A104] -> 0x9593
mem[X,0x000000008001A106] -> 0x00B5
[2494] [M]: 0x000000008001A104 (0x00B59593) slli a1, a1, 0xb
x11 <- 0xFFEAAAAAAAAAA800
mem[X,0x000000008001A108] -> 0x8593
mem[X,0x000000008001A10A] -> 0x2AA5
[2495] [M]: 0x000000008001A108 (0x2AA58593) addi a1, a1, 0x2aa
x11 <- 0xFFEAAAAAAAAAAAAA
mem[X,0x000000008001A10C] -> 0x9593
mem[X,0x000000008001A10E] -> 0x00A5
[2496] [M]: 0x000000008001A10C (0x00A59593) slli a1, a1, 0xa
x11 <- 0xAAAAAAAAAAAAA800
mem[X,0x000000008001A110] -> 0x8593
mem[X,0x000000008001A112] -> 0x2AB5
[2497] [M]: 0x000000008001A110 (0x2AB58593) addi a1, a1, 0x2ab
x11 <- 0xAAAAAAAAAAAAAAAB
mem[X,0x000000008001A114] -> 0x0213
mem[X,0x000000008001A116] -> 0x0000
[2498] [M]: 0x000000008001A114 (0x00000213) addi tp, zero, 0x0
x4 <- 0x0000000000000000
mem[X,0x000000008001A118] -> 0x006F
mem[X,0x000000008001A11A] -> 0x00C0
[2499] [M]: 0x000000008001A118 (0x00C0006F) jal zero, 0xc
clint::tick mtime <- 0x0000000000000019
 clint timer pending at mtime 0x0000000000000019
htif::tick 0x0000000000000000
mem[X,0x000000008001A124] -> 0x0663
mem[X,0x000000008001A126] -> 0x00B5
[2500] [M]: 0x000000008001A124 (0x00B50663) beq a0, a1, 0xc
mem[X,0x000000008001A128] -> 0x0213
mem[X,0x000000008001A12A] -> 0x0022
[2501] [M]: 0x000000008001A128 (0x00220213) addi tp, tp, 0x2
x4 <- 0x0000000000000002
mem[X,0x000000008001A12C] -> 0x006F
mem[X,0x000000008001A12E] -> 0x00C0
[2502] [M]: 0x000000008001A12C (0x00C0006F) jal zero, 0xc
mem[X,0x000000008001A138] -> 0x3823
mem[X,0x000000008001A13A] -> 0x5E41
[2503] [M]: 0x000000008001A138 (0x5E413823) sd tp, 0x5f0(sp)
mem[0x00000000800487B8] <- 0x0000000000000002
mem[X,0x000000008001A13C] -> 0x0513
mem[X,0x000000008001A13E] -> 0x0030
[2504] [M]: 0x000000008001A13C (0x00300513) addi a0, zero, 0x3
x10 <- 0x0000000000000003
mem[X,0x000000008001A140] -> 0x0593
mem[X,0x000000008001A142] -> 0x0060
[2505] [M]: 0x000000008001A140 (0x00600593) addi a1, zero, 0x6
x11 <- 0x0000000000000006
mem[X,0x000000008001A144] -> 0x0213
mem[X,0x000000008001A146] -> 0x0000
[2506] [M]: 0x000000008001A144 (0x00000213) addi tp, zero, 0x0
x4 <- 0x0000000000000000
mem[X,0x000000008001A148] -> 0x006F
mem[X,0x000000008001A14A] -> 0x00C0
[2507] [M]: 0x000000008001A148 (0x00C0006F) jal zero, 0xc
mem[X,0x000000008001A154] -> 0x0663
mem[X,0x000000008001A156] -> 0x00B5
[2508] [M]: 0x000000008001A154 (0x00B50663) beq a0, a1, 0xc
mem[X,0x000000008001A158] -> 0x0213
mem[X,0x000000008001A15A] -> 0x0022
[2509] [M]: 0x000000008001A158 (0x00220213) addi tp, tp, 0x2
x4 <- 0x0000000000000002
mem[X,0x000000008001A15C] -> 0x006F
mem[X,0x000000008001A15E] -> 0x00C0
[2510] [M]: 0x000000008001A15C (0x00C0006F) jal zero, 0xc
mem[X,0x000000008001A168] -> 0x3C23
mem[X,0x000000008001A16A] -> 0x5E41
[2511] [M]: 0x000000008001A168 (0x5E413C23) sd tp, 0x5f8(sp)
mem[0x00000000800487C0] <- 0x0000000000000002
mem[X,0x000000008001A16C] -> 0x0513
mem[X,0x000000008001A16E] -> 0x0030
[2512] [M]: 0x000000008001A16C (0x00300513) addi a0, zero, 0x3
x10 <- 0x0000000000000003
mem[X,0x000000008001A170] -> 0x35B7
mem[X,0x000000008001A172] -> 0x3333
[2513] [M]: 0x000000008001A170 (0x333335B7) lui a1, 0x33333
x11 <- 0x0000000033333000
mem[X,0x000000008001A174] -> 0x8593
mem[X,0x000000008001A176] -> 0x3335
[2514] [M]: 0x000000008001A174 (0x33358593) addi a1, a1, 0x333
x11 <- 0x0000000033333333
mem[X,0x000000008001A178] -> 0x9593
mem[X,0x000000008001A17A] -> 0x00B5
[2515] [M]: 0x000000008001A178 (0x00B59593) slli a1, a1, 0xb
x11 <- 0x0000019999999800
mem[X,0x000000008001A17C] -> 0x8593
mem[X,0x000000008001A17E] -> 0x1995
[2516] [M]: 0x000000008001A17C (0x19958593) addi a1, a1, 0x199
x11 <- 0x0000019999999999
mem[X,0x000000008001A180] -> 0x9593
mem[X,0x000000008001A182] -> 0x00B5
[2517] [M]: 0x000000008001A180 (0x00B59593) slli a1, a1, 0xb
x11 <- 0x000CCCCCCCCCC800
mem[X,0x000000008001A184] -> 0x8593
mem[X,0x000000008001A186] -> 0x4CC5
[2518] [M]: 0x000000008001A184 (0x4CC58593) addi a1, a1, 0x4cc
x11 <- 0x000CCCCCCCCCCCCC
mem[X,0x000000008001A188] -> 0x9593
mem[X,0x000000008001A18A] -> 0x00A5
[2519] [M]: 0x000000008001A188 (0x00A59593) slli a1, a1, 0xa
x11 <- 0x3333333333333000
mem[X,0x000000008001A18C] -> 0x8593
mem[X,0x000000008001A18E] -> 0x3345
[2520] [M]: 0x000000008001A18C (0x33458593) addi a1, a1, 0x334
x11 <- 0x3333333333333334
mem[X,0x000000008001A190] -> 0x0213
mem[X,0x000000008001A192] -> 0x0000
[2521] [M]: 0x000000008001A190 (0x00000213) addi tp, zero, 0x0
x4 <- 0x0000000000000000
mem[X,0x000000008001A194] -> 0x006F
mem[X,0x000000008001A196] -> 0x00C0
[2522] [M]: 0x000000008001A194 (0x00C0006F) jal zero, 0xc
mem[X,0x000000008001A1A0] -> 0x0663
mem[X,0x000000008001A1A2] -> 0x00B5
[2523] [M]: 0x000000008001A1A0 (0x00B50663) beq a0, a1, 0xc
mem[X,0x000000008001A1A4] -> 0x0213
mem[X,0x000000008001A1A6] -> 0x0022
[2524] [M]: 0x000000008001A1A4 (0x00220213) addi tp, tp, 0x2
x4 <- 0x0000000000000002
mem[X,0x000000008001A1A8] -> 0x006F
mem[X,0x000000008001A1AA] -> 0x00C0
[2525] [M]: 0x000000008001A1A8 (0x00C0006F) jal zero, 0xc
mem[X,0x000000008001A1B4] -> 0x3023
mem[X,0x000000008001A1B6] -> 0x6041
[2526] [M]: 0x000000008001A1B4 (0x60413023) sd tp, 0x600(sp)
mem[0x00000000800487C8] <- 0x0000000000000002
mem[X,0x000000008001A1B8] -> 0x0513
mem[X,0x000000008001A1BA] -> 0x0030
[2527] [M]: 0x000000008001A1B8 (0x00300513) addi a0, zero, 0x3
x10 <- 0x0000000000000003
mem[X,0x000000008001A1BC] -> 0x65B7
mem[X,0x000000008001A1BE] -> 0x6666
[2528] [M]: 0x000000008001A1BC (0x666665B7) lui a1, 0x66666
x11 <- 0x0000000066666000
mem[X,0x000000008001A1C0] -> 0x8593
mem[X,0x000000008001A1C2] -> 0x6665
[2529] [M]: 0x000000008001A1C0 (0x66658593) addi a1, a1, 0x666
x11 <- 0x0000000066666666
mem[X,0x000000008001A1C4] -> 0x9593
mem[X,0x000000008001A1C6] -> 0x00B5
[2530] [M]: 0x000000008001A1C4 (0x00B59593) slli a1, a1, 0xb
x11 <- 0x0000033333333000
mem[X,0x000000008001A1C8] -> 0x8593
mem[X,0x000000008001A1CA] -> 0x3335
[2531] [M]: 0x000000008001A1C8 (0x33358593) addi a1, a1, 0x333
x11 <- 0x0000033333333333
mem[X,0x000000008001A1CC] -> 0x9593
mem[X,0x000000008001A1CE] -> 0x00B5
[2532] [M]: 0x000000008001A1CC (0x00B59593) slli a1, a1, 0xb
x11 <- 0x0019999999999800
mem[X,0x000000008001A1D0] -> 0x8593
mem[X,0x000000008001A1D2] -> 0x1995
[2533] [M]: 0x000000008001A1D0 (0x19958593) addi a1, a1, 0x199
x11 <- 0x0019999999999999
mem[X,0x000000008001A1D4] -> 0x9593
mem[X,0x000000008001A1D6] -> 0x00A5
[2534] [M]: 0x000000008001A1D4 (0x00A59593) slli a1, a1, 0xa
x11 <- 0x6666666666666400
mem[X,0x000000008001A1D8] -> 0x8593
mem[X,0x000000008001A1DA] -> 0x2675
[2535] [M]: 0x000000008001A1D8 (0x26758593) addi a1, a1, 0x267
x11 <- 0x6666666666666667
mem[X,0x000000008001A1DC] -> 0x0213
mem[X,0x000000008001A1DE] -> 0x0000
[2536] [M]: 0x000000008001A1DC (0x00000213) addi tp, zero, 0x0
x4 <- 0x0000000000000000
mem[X,0x000000008001A1E0] -> 0x006F
mem[X,0x000000008001A1E2] -> 0x00C0
[2537] [M]: 0x000000008001A1E0 (0x00C0006F) jal zero, 0xc
mem[X,0x000000008001A1EC] -> 0x0063
mem[X,0x000000008001A1EE] -> 0x02B5
[2538] [M]: 0x000000008001A1EC (0x02B50063) beq a0, a1, 0x20
mem[X,0x000000008001A1F0] -> 0x0213
mem[X,0x000000008001A1F2] -> 0x0022
[2539] [M]: 0x000000008001A1F0 (0x00220213) addi tp, tp, 0x2
x4 <- 0x0000000000000002
mem[X,0x000000008001A1F4] -> 0x006F
mem[X,0x000000008001A1F6] -> 0x0200
[2540] [M]: 0x000000008001A1F4 (0x0200006F) jal zero, 0x20
mem[X,0x000000008001A214] -> 0x3423
mem[X,0x000000008001A216] -> 0x6041
[2541] [M]: 0x000000008001A214 (0x60413423) sd tp, 0x608(sp)
mem[0x00000000800487D0] <- 0x0000000000000002
mem[X,0x000000008001A218] -> 0x0513
mem[X,0x000000008001A21A] -> 0x0030
[2542] [M]: 0x000000008001A218 (0x00300513) addi a0, zero, 0x3
x10 <- 0x0000000000000003
mem[X,0x000000008001A21C] -> 0x05B7
mem[X,0x000000008001A21E] -> 0x0000
[2543] [M]: 0x000000008001A21C (0x000005B7) lui a1, 0x0
x11 <- 0x0000000000000000
mem[X,0x000000008001A220] -> 0x8593
mem[X,0x000000008001A222] -> 0xFFF5
[2544] [M]: 0x000000008001A220 (0xFFF58593) addi a1, a1, -0x1
x11 <- 0xFFFFFFFFFFFFFFFF
mem[X,0x000000008001A224] -> 0x9593
mem[X,0x000000008001A226] -> 0x00B5
[2545] [M]: 0x000000008001A224 (0x00B59593) slli a1, a1, 0xb
x11 <- 0xFFFFFFFFFFFFF800
mem[X,0x000000008001A228] -> 0x8593
mem[X,0x000000008001A22A] -> 0x2575
[2546] [M]: 0x000000008001A228 (0x25758593) addi a1, a1, 0x257
x11 <- 0xFFFFFFFFFFFFFA57
mem[X,0x000000008001A22C] -> 0x9593
mem[X,0x000000008001A22E] -> 0x00B5
[2547] [M]: 0x000000008001A22C (0x00B59593) slli a1, a1, 0xb
x11 <- 0xFFFFFFFFFFD2B800
mem[X,0x000000008001A230] -> 0x8593
mem[X,0x000000008001A232] -> 0x6C35
[2548] [M]: 0x000000008001A230 (0x6C358593) addi a1, a1, 0x6c3
x11 <- 0xFFFFFFFFFFD2BEC3
mem[X,0x000000008001A234] -> 0x9593
mem[X,0x000000008001A236] -> 0x00A5
[2549] [M]: 0x000000008001A234 (0x00A59593) slli a1, a1, 0xa
x11 <- 0xFFFFFFFF4AFB0C00
mem[X,0x000000008001A238] -> 0x8593
mem[X,0x000000008001A23A] -> 0x0CE5
[2550] [M]: 0x000000008001A238 (0x0CE58593) addi a1, a1, 0xce
x11 <- 0xFFFFFFFF4AFB0CCE
mem[X,0x000000008001A23C] -> 0x0213
mem[X,0x000000008001A23E] -> 0x0000
[2551] [M]: 0x000000008001A23C (0x00000213) addi tp, zero, 0x0
x4 <- 0x0000000000000000
mem[X,0x000000008001A240] -> 0x006F
mem[X,0x000000008001A242] -> 0x0100
[2552] [M]: 0x000000008001A240 (0x0100006F) jal zero, 0x10
mem[X,0x000000008001A250] -> 0x0AE3
mem[X,0x000000008001A252] -> 0xFEB5
[2553] [M]: 0x000000008001A250 (0xFEB50AE3) beq a0, a1, -0xc
mem[X,0x000000008001A254] -> 0x0213
mem[X,0x000000008001A256] -> 0x0022
[2554] [M]: 0x000000008001A254 (0x00220213) addi tp, tp, 0x2
x4 <- 0x0000000000000002
mem[X,0x000000008001A258] -> 0x006F
mem[X,0x000000008001A25A] -> 0x00C0
[2555] [M]: 0x000000008001A258 (0x00C0006F) jal zero, 0xc
mem[X,0x000000008001A264] -> 0x3823
mem[X,0x000000008001A266] -> 0x6041
[2556] [M]: 0x000000008001A264 (0x60413823) sd tp, 0x610(sp)
mem[0x00000000800487D8] <- 0x0000000000000002
mem[X,0x000000008001A268] -> 0x0513
mem[X,0x000000008001A26A] -> 0x0030
[2557] [M]: 0x000000008001A268 (0x00300513) addi a0, zero, 0x3
x10 <- 0x0000000000000003
mem[X,0x000000008001A26C] -> 0x05B7
mem[X,0x000000008001A26E] -> 0x0000
[2558] [M]: 0x000000008001A26C (0x000005B7) lui a1, 0x0
x11 <- 0x0000000000000000
mem[X,0x000000008001A270] -> 0x8593
mem[X,0x000000008001A272] -> 0x0005
[2559] [M]: 0x000000008001A270 (0x00058593) addi a1, a1, 0x0
x11 <- 0x0000000000000000
mem[X,0x000000008001A274] -> 0x9593
mem[X,0x000000008001A276] -> 0x00B5
[2560] [M]: 0x000000008001A274 (0x00B59593) slli a1, a1, 0xb
x11 <- 0x0000000000000000
mem[X,0x000000008001A278] -> 0x8593
mem[X,0x000000008001A27A] -> 0x5A85
[2561] [M]: 0x000000008001A278 (0x5A858593) addi a1, a1, 0x5a8
x11 <- 0x00000000000005A8
mem[X,0x000000008001A27C] -> 0x9593
mem[X,0x000000008001A27E] -> 0x00B5
[2562] [M]: 0x000000008001A27C (0x00B59593) slli a1, a1, 0xb
x11 <- 0x00000000002D4000
mem[X,0x000000008001A280] -> 0x8593
mem[X,0x000000008001A282] -> 0x13C5
[2563] [M]: 0x000000008001A280 (0x13C58593) addi a1, a1, 0x13c
x11 <- 0x00000000002D413C
mem[X,0x000000008001A284] -> 0x9593
mem[X,0x000000008001A286] -> 0x00A5
[2564] [M]: 0x000000008001A284 (0x00A59593) slli a1, a1, 0xa
x11 <- 0x00000000B504F000
mem[X,0x000000008001A288] -> 0x8593
mem[X,0x000000008001A28A] -> 0x3345
[2565] [M]: 0x000000008001A288 (0x33458593) addi a1, a1, 0x334
x11 <- 0x00000000B504F334
mem[X,0x000000008001A28C] -> 0x0213
mem[X,0x000000008001A28E] -> 0x0000
[2566] [M]: 0x000000008001A28C (0x00000213) addi tp, zero, 0x0
x4 <- 0x0000000000000000
mem[X,0x000000008001A290] -> 0x006F
mem[X,0x000000008001A292] -> 0x0050
[2567] [M]: 0x000000008001A290 (0x0050006F) jal zero, 0x804
mem[X,0x000000008001AA94] -> 0x00E3
mem[X,0x000000008001AA96] -> 0x80B5
[2568] [M]: 0x000000008001AA94 (0x80B500E3) beq a0, a1, -0x800
mem[X,0x000000008001AA98] -> 0x0213
mem[X,0x000000008001AA9A] -> 0x0022
[2569] [M]: 0x000000008001AA98 (0x00220213) addi tp, tp, 0x2
x4 <- 0x0000000000000002
mem[X,0x000000008001AA9C] -> 0x006F
mem[X,0x000000008001AA9E] -> 0x00C0
[2570] [M]: 0x000000008001AA9C (0x00C0006F) jal zero, 0xc
mem[X,0x000000008001AAA8] -> 0x3C23
mem[X,0x000000008001AAAA] -> 0x6041
[2571] [M]: 0x000000008001AAA8 (0x60413C23) sd tp, 0x618(sp)
mem[0x00000000800487E0] <- 0x0000000000000002
mem[X,0x000000008001AAAC] -> 0x5537
mem[X,0x000000008001AAAE] -> 0x5555
[2572] [M]: 0x000000008001AAAC (0x55555537) lui a0, 0x55555
x10 <- 0x0000000055555000
mem[X,0x000000008001AAB0] -> 0x0513
mem[X,0x000000008001AAB2] -> 0x5555
[2573] [M]: 0x000000008001AAB0 (0x55550513) addi a0, a0, 0x555
x10 <- 0x0000000055555555
mem[X,0x000000008001AAB4] -> 0x1513
mem[X,0x000000008001AAB6] -> 0x00B5
[2574] [M]: 0x000000008001AAB4 (0x00B51513) slli a0, a0, 0xb
x10 <- 0x000002AAAAAAA800
mem[X,0x000000008001AAB8] -> 0x0513
mem[X,0x000000008001AABA] -> 0x2AA5
[2575] [M]: 0x000000008001AAB8 (0x2AA50513) addi a0, a0, 0x2aa
x10 <- 0x000002AAAAAAAAAA
mem[X,0x000000008001AABC] -> 0x1513
mem[X,0x000000008001AABE] -> 0x00B5
[2576] [M]: 0x000000008001AABC (0x00B51513) slli a0, a0, 0xb
x10 <- 0x0015555555555000
mem[X,0x000000008001AAC0] -> 0x0513
mem[X,0x000000008001AAC2] -> 0x5555
[2577] [M]: 0x000000008001AAC0 (0x55550513) addi a0, a0, 0x555
x10 <- 0x0015555555555555
mem[X,0x000000008001AAC4] -> 0x1513
mem[X,0x000000008001AAC6] -> 0x00A5
[2578] [M]: 0x000000008001AAC4 (0x00A51513) slli a0, a0, 0xa
x10 <- 0x5555555555555400
mem[X,0x000000008001AAC8] -> 0x0513
mem[X,0x000000008001AACA] -> 0x1555
[2579] [M]: 0x000000008001AAC8 (0x15550513) addi a0, a0, 0x155
x10 <- 0x5555555555555555
mem[X,0x000000008001AACC] -> 0x0593
mem[X,0x000000008001AACE] -> 0x0030
[2580] [M]: 0x000000008001AACC (0x00300593) addi a1, zero, 0x3
x11 <- 0x0000000000000003
mem[X,0x000000008001AAD0] -> 0x0213
mem[X,0x000000008001AAD2] -> 0x0000
[2581] [M]: 0x000000008001AAD0 (0x00000213) addi tp, zero, 0x0
x4 <- 0x0000000000000000
mem[X,0x000000008001AAD4] -> 0x006F
mem[X,0x000000008001AAD6] -> 0x00C0
[2582] [M]: 0x000000008001AAD4 (0x00C0006F) jal zero, 0xc
mem[X,0x000000008001AAE0] -> 0x0663
mem[X,0x000000008001AAE2] -> 0x00B5
[2583] [M]: 0x000000008001AAE0 (0x00B50663) beq a0, a1, 0xc
mem[X,0x000000008001AAE4] -> 0x0213
mem[X,0x000000008001AAE6] -> 0x0022
[2584] [M]: 0x000000008001AAE4 (0x00220213) addi tp, tp, 0x2
x4 <- 0x0000000000000002
mem[X,0x000000008001AAE8] -> 0x006F
mem[X,0x000000008001AAEA] -> 0x00C0
[2585] [M]: 0x000000008001AAE8 (0x00C0006F) jal zero, 0xc
mem[X,0x000000008001AAF4] -> 0x3023
mem[X,0x000000008001AAF6] -> 0x6241
[2586] [M]: 0x000000008001AAF4 (0x62413023) sd tp, 0x620(sp)
mem[0x00000000800487E8] <- 0x0000000000000002
mem[X,0x000000008001AAF8] -> 0x5537
mem[X,0x000000008001AAFA] -> 0x5555
[2587] [M]: 0x000000008001AAF8 (0x55555537) lui a0, 0x55555
x10 <- 0x0000000055555000
mem[X,0x000000008001AAFC] -> 0x0513
mem[X,0x000000008001AAFE] -> 0x5555
[2588] [M]: 0x000000008001AAFC (0x55550513) addi a0, a0, 0x555
x10 <- 0x0000000055555555
mem[X,0x000000008001AB00] -> 0x1513
mem[X,0x000000008001AB02] -> 0x00B5
[2589] [M]: 0x000000008001AB00 (0x00B51513) slli a0, a0, 0xb
x10 <- 0x000002AAAAAAA800
mem[X,0x000000008001AB04] -> 0x0513
mem[X,0x000000008001AB06] -> 0x2AA5
[2590] [M]: 0x000000008001AB04 (0x2AA50513) addi a0, a0, 0x2aa
x10 <- 0x000002AAAAAAAAAA
mem[X,0x000000008001AB08] -> 0x1513
mem[X,0x000000008001AB0A] -> 0x00B5
[2591] [M]: 0x000000008001AB08 (0x00B51513) slli a0, a0, 0xb
x10 <- 0x0015555555555000
mem[X,0x000000008001AB0C] -> 0x0513
mem[X,0x000000008001AB0E] -> 0x5555
[2592] [M]: 0x000000008001AB0C (0x55550513) addi a0, a0, 0x555
x10 <- 0x0015555555555555
mem[X,0x000000008001AB10] -> 0x1513
mem[X,0x000000008001AB12] -> 0x00A5
[2593] [M]: 0x000000008001AB10 (0x00A51513) slli a0, a0, 0xa
x10 <- 0x5555555555555400
mem[X,0x000000008001AB14] -> 0x0513
mem[X,0x000000008001AB16] -> 0x1555
[2594] [M]: 0x000000008001AB14 (0x15550513) addi a0, a0, 0x155
x10 <- 0x5555555555555555
mem[X,0x000000008001AB18] -> 0x55B7
mem[X,0x000000008001AB1A] -> 0x5555
[2595] [M]: 0x000000008001AB18 (0x555555B7) lui a1, 0x55555
x11 <- 0x0000000055555000
mem[X,0x000000008001AB1C] -> 0x8593
mem[X,0x000000008001AB1E] -> 0x5555
[2596] [M]: 0x000000008001AB1C (0x55558593) addi a1, a1, 0x555
x11 <- 0x0000000055555555
mem[X,0x000000008001AB20] -> 0x9593
mem[X,0x000000008001AB22] -> 0x00B5
[2597] [M]: 0x000000008001AB20 (0x00B59593) slli a1, a1, 0xb
x11 <- 0x000002AAAAAAA800
mem[X,0x000000008001AB24] -> 0x8593
mem[X,0x000000008001AB26] -> 0x2AA5
[2598] [M]: 0x000000008001AB24 (0x2AA58593) addi a1, a1, 0x2aa
x11 <- 0x000002AAAAAAAAAA
mem[X,0x000000008001AB28] -> 0x9593
mem[X,0x000000008001AB2A] -> 0x00B5
[2599] [M]: 0x000000008001AB28 (0x00B59593) slli a1, a1, 0xb
x11 <- 0x0015555555555000
clint::tick mtime <- 0x000000000000001A
 clint timer pending at mtime 0x000000000000001A
htif::tick 0x0000000000000000
mem[X,0x000000008001AB2C] -> 0x8593
mem[X,0x000000008001AB2E] -> 0x5555
[2600] [M]: 0x000000008001AB2C (0x55558593) addi a1, a1, 0x555
x11 <- 0x0015555555555555
mem[X,0x000000008001AB30] -> 0x9593
mem[X,0x000000008001AB32] -> 0x00A5
[2601] [M]: 0x000000008001AB30 (0x00A59593) slli a1, a1, 0xa
x11 <- 0x5555555555555400
mem[X,0x000000008001AB34] -> 0x8593
mem[X,0x000000008001AB36] -> 0x1555
[2602] [M]: 0x000000008001AB34 (0x15558593) addi a1, a1, 0x155
x11 <- 0x5555555555555555
mem[X,0x000000008001AB38] -> 0x0213
mem[X,0x000000008001AB3A] -> 0x0000
[2603] [M]: 0x000000008001AB38 (0x00000213) addi tp, zero, 0x0
x4 <- 0x0000000000000000
mem[X,0x000000008001AB3C] -> 0x006F
mem[X,0x000000008001AB3E] -> 0x00C0
[2604] [M]: 0x000000008001AB3C (0x00C0006F) jal zero, 0xc
mem[X,0x000000008001AB48] -> 0x0663
mem[X,0x000000008001AB4A] -> 0x00B5
[2605] [M]: 0x000000008001AB48 (0x00B50663) beq a0, a1, 0xc
mem[X,0x000000008001AB54] -> 0x0213
mem[X,0x000000008001AB56] -> 0x0032
[2606] [M]: 0x000000008001AB54 (0x00320213) addi tp, tp, 0x3
x4 <- 0x0000000000000003
mem[X,0x000000008001AB58] -> 0x006F
mem[X,0x000000008001AB5A] -> 0x0040
[2607] [M]: 0x000000008001AB58 (0x0040006F) jal zero, 0x4
mem[X,0x000000008001AB5C] -> 0x3423
mem[X,0x000000008001AB5E] -> 0x6241
[2608] [M]: 0x000000008001AB5C (0x62413423) sd tp, 0x628(sp)
mem[0x00000000800487F0] <- 0x0000000000000003
mem[X,0x000000008001AB60] -> 0x5537
mem[X,0x000000008001AB62] -> 0x5555
[2609] [M]: 0x000000008001AB60 (0x55555537) lui a0, 0x55555
x10 <- 0x0000000055555000
mem[X,0x000000008001AB64] -> 0x0513
mem[X,0x000000008001AB66] -> 0x5555
[2610] [M]: 0x000000008001AB64 (0x55550513) addi a0, a0, 0x555
x10 <- 0x0000000055555555
mem[X,0x000000008001AB68] -> 0x1513
mem[X,0x000000008001AB6A] -> 0x00B5
[2611] [M]: 0x000000008001AB68 (0x00B51513) slli a0, a0, 0xb
x10 <- 0x000002AAAAAAA800
mem[X,0x000000008001AB6C] -> 0x0513
mem[X,0x000000008001AB6E] -> 0x2AA5
[2612] [M]: 0x000000008001AB6C (0x2AA50513) addi a0, a0, 0x2aa
x10 <- 0x000002AAAAAAAAAA
mem[X,0x000000008001AB70] -> 0x1513
mem[X,0x000000008001AB72] -> 0x00B5
[2613] [M]: 0x000000008001AB70 (0x00B51513) slli a0, a0, 0xb
x10 <- 0x0015555555555000
mem[X,0x000000008001AB74] -> 0x0513
mem[X,0x000000008001AB76] -> 0x5555
[2614] [M]: 0x000000008001AB74 (0x55550513) addi a0, a0, 0x555
x10 <- 0x0015555555555555
mem[X,0x000000008001AB78] -> 0x1513
mem[X,0x000000008001AB7A] -> 0x00A5
[2615] [M]: 0x000000008001AB78 (0x00A51513) slli a0, a0, 0xa
x10 <- 0x5555555555555400
mem[X,0x000000008001AB7C] -> 0x0513
mem[X,0x000000008001AB7E] -> 0x1555
[2616] [M]: 0x000000008001AB7C (0x15550513) addi a0, a0, 0x155
x10 <- 0x5555555555555555
mem[X,0x000000008001AB80] -> 0x0593
mem[X,0x000000008001AB82] -> 0x0050
[2617] [M]: 0x000000008001AB80 (0x00500593) addi a1, zero, 0x5
x11 <- 0x0000000000000005
mem[X,0x000000008001AB84] -> 0x0213
mem[X,0x000000008001AB86] -> 0x0000
[2618] [M]: 0x000000008001AB84 (0x00000213) addi tp, zero, 0x0
x4 <- 0x0000000000000000
mem[X,0x000000008001AB88] -> 0x006F
mem[X,0x000000008001AB8A] -> 0x00C0
[2619] [M]: 0x000000008001AB88 (0x00C0006F) jal zero, 0xc
mem[X,0x000000008001AB94] -> 0x0063
mem[X,0x000000008001AB96] -> 0x10B5
[2620] [M]: 0x000000008001AB94 (0x10B50063) beq a0, a1, 0x100
mem[X,0x000000008001AB98] -> 0x0213
mem[X,0x000000008001AB9A] -> 0x0022
[2621] [M]: 0x000000008001AB98 (0x00220213) addi tp, tp, 0x2
x4 <- 0x0000000000000002
mem[X,0x000000008001AB9C] -> 0x006F
mem[X,0x000000008001AB9E] -> 0x1000
[2622] [M]: 0x000000008001AB9C (0x1000006F) jal zero, 0x100
mem[X,0x000000008001AC9C] -> 0x3823
mem[X,0x000000008001AC9E] -> 0x6241
[2623] [M]: 0x000000008001AC9C (0x62413823) sd tp, 0x630(sp)
mem[0x00000000800487F8] <- 0x0000000000000002
mem[X,0x000000008001ACA0] -> 0x5537
mem[X,0x000000008001ACA2] -> 0x5555
[2624] [M]: 0x000000008001ACA0 (0x55555537) lui a0, 0x55555
x10 <- 0x0000000055555000
mem[X,0x000000008001ACA4] -> 0x0513
mem[X,0x000000008001ACA6] -> 0x5555
[2625] [M]: 0x000000008001ACA4 (0x55550513) addi a0, a0, 0x555
x10 <- 0x0000000055555555
mem[X,0x000000008001ACA8] -> 0x1513
mem[X,0x000000008001ACAA] -> 0x00B5
[2626] [M]: 0x000000008001ACA8 (0x00B51513) slli a0, a0, 0xb
x10 <- 0x000002AAAAAAA800
mem[X,0x000000008001ACAC] -> 0x0513
mem[X,0x000000008001ACAE] -> 0x2AA5
[2627] [M]: 0x000000008001ACAC (0x2AA50513) addi a0, a0, 0x2aa
x10 <- 0x000002AAAAAAAAAA
mem[X,0x000000008001ACB0] -> 0x1513
mem[X,0x000000008001ACB2] -> 0x00B5
[2628] [M]: 0x000000008001ACB0 (0x00B51513) slli a0, a0, 0xb
x10 <- 0x0015555555555000
mem[X,0x000000008001ACB4] -> 0x0513
mem[X,0x000000008001ACB6] -> 0x5555
[2629] [M]: 0x000000008001ACB4 (0x55550513) addi a0, a0, 0x555
x10 <- 0x0015555555555555
mem[X,0x000000008001ACB8] -> 0x1513
mem[X,0x000000008001ACBA] -> 0x00A5
[2630] [M]: 0x000000008001ACB8 (0x00A51513) slli a0, a0, 0xa
x10 <- 0x5555555555555400
mem[X,0x000000008001ACBC] -> 0x0513
mem[X,0x000000008001ACBE] -> 0x1555
[2631] [M]: 0x000000008001ACBC (0x15550513) addi a0, a0, 0x155
x10 <- 0x5555555555555555
mem[X,0x000000008001ACC0] -> 0x35B7
mem[X,0x000000008001ACC2] -> 0x3333
[2632] [M]: 0x000000008001ACC0 (0x333335B7) lui a1, 0x33333
x11 <- 0x0000000033333000
mem[X,0x000000008001ACC4] -> 0x8593
mem[X,0x000000008001ACC6] -> 0x3335
[2633] [M]: 0x000000008001ACC4 (0x33358593) addi a1, a1, 0x333
x11 <- 0x0000000033333333
mem[X,0x000000008001ACC8] -> 0x9593
mem[X,0x000000008001ACCA] -> 0x00B5
[2634] [M]: 0x000000008001ACC8 (0x00B59593) slli a1, a1, 0xb
x11 <- 0x0000019999999800
mem[X,0x000000008001ACCC] -> 0x8593
mem[X,0x000000008001ACCE] -> 0x1995
[2635] [M]: 0x000000008001ACCC (0x19958593) addi a1, a1, 0x199
x11 <- 0x0000019999999999
mem[X,0x000000008001ACD0] -> 0x9593
mem[X,0x000000008001ACD2] -> 0x00B5
[2636] [M]: 0x000000008001ACD0 (0x00B59593) slli a1, a1, 0xb
x11 <- 0x000CCCCCCCCCC800
mem[X,0x000000008001ACD4] -> 0x8593
mem[X,0x000000008001ACD6] -> 0x4CC5
[2637] [M]: 0x000000008001ACD4 (0x4CC58593) addi a1, a1, 0x4cc
x11 <- 0x000CCCCCCCCCCCCC
mem[X,0x000000008001ACD8] -> 0x9593
mem[X,0x000000008001ACDA] -> 0x00A5
[2638] [M]: 0x000000008001ACD8 (0x00A59593) slli a1, a1, 0xa
x11 <- 0x3333333333333000
mem[X,0x000000008001ACDC] -> 0x8593
mem[X,0x000000008001ACDE] -> 0x3335
[2639] [M]: 0x000000008001ACDC (0x33358593) addi a1, a1, 0x333
x11 <- 0x3333333333333333
mem[X,0x000000008001ACE0] -> 0x0213
mem[X,0x000000008001ACE2] -> 0x0000
[2640] [M]: 0x000000008001ACE0 (0x00000213) addi tp, zero, 0x0
x4 <- 0x0000000000000000
mem[X,0x000000008001ACE4] -> 0x006F
mem[X,0x000000008001ACE6] -> 0x0140
[2641] [M]: 0x000000008001ACE4 (0x0140006F) jal zero, 0x14
mem[X,0x000000008001ACF8] -> 0x08E3
mem[X,0x000000008001ACFA] -> 0xFEB5
[2642] [M]: 0x000000008001ACF8 (0xFEB508E3) beq a0, a1, -0x10
mem[X,0x000000008001ACFC] -> 0x0213
mem[X,0x000000008001ACFE] -> 0x0022
[2643] [M]: 0x000000008001ACFC (0x00220213) addi tp, tp, 0x2
x4 <- 0x0000000000000002
mem[X,0x000000008001AD00] -> 0x006F
mem[X,0x000000008001AD02] -> 0x00C0
[2644] [M]: 0x000000008001AD00 (0x00C0006F) jal zero, 0xc
mem[X,0x000000008001AD0C] -> 0x3C23
mem[X,0x000000008001AD0E] -> 0x6241
[2645] [M]: 0x000000008001AD0C (0x62413C23) sd tp, 0x638(sp)
mem[0x0000000080048800] <- 0x0000000000000002
mem[X,0x000000008001AD10] -> 0x5537
mem[X,0x000000008001AD12] -> 0x5555
[2646] [M]: 0x000000008001AD10 (0x55555537) lui a0, 0x55555
x10 <- 0x0000000055555000
mem[X,0x000000008001AD14] -> 0x0513
mem[X,0x000000008001AD16] -> 0x5555
[2647] [M]: 0x000000008001AD14 (0x55550513) addi a0, a0, 0x555
x10 <- 0x0000000055555555
mem[X,0x000000008001AD18] -> 0x1513
mem[X,0x000000008001AD1A] -> 0x00B5
[2648] [M]: 0x000000008001AD18 (0x00B51513) slli a0, a0, 0xb
x10 <- 0x000002AAAAAAA800
mem[X,0x000000008001AD1C] -> 0x0513
mem[X,0x000000008001AD1E] -> 0x2AA5
[2649] [M]: 0x000000008001AD1C (0x2AA50513) addi a0, a0, 0x2aa
x10 <- 0x000002AAAAAAAAAA
mem[X,0x000000008001AD20] -> 0x1513
mem[X,0x000000008001AD22] -> 0x00B5
[2650] [M]: 0x000000008001AD20 (0x00B51513) slli a0, a0, 0xb
x10 <- 0x0015555555555000
mem[X,0x000000008001AD24] -> 0x0513
mem[X,0x000000008001AD26] -> 0x5555
[2651] [M]: 0x000000008001AD24 (0x55550513) addi a0, a0, 0x555
x10 <- 0x0015555555555555
mem[X,0x000000008001AD28] -> 0x1513
mem[X,0x000000008001AD2A] -> 0x00A5
[2652] [M]: 0x000000008001AD28 (0x00A51513) slli a0, a0, 0xa
x10 <- 0x5555555555555400
mem[X,0x000000008001AD2C] -> 0x0513
mem[X,0x000000008001AD2E] -> 0x1555
[2653] [M]: 0x000000008001AD2C (0x15550513) addi a0, a0, 0x155
x10 <- 0x5555555555555555
mem[X,0x000000008001AD30] -> 0x65B7
mem[X,0x000000008001AD32] -> 0x6666
[2654] [M]: 0x000000008001AD30 (0x666665B7) lui a1, 0x66666
x11 <- 0x0000000066666000
mem[X,0x000000008001AD34] -> 0x8593
mem[X,0x000000008001AD36] -> 0x6665
[2655] [M]: 0x000000008001AD34 (0x66658593) addi a1, a1, 0x666
x11 <- 0x0000000066666666
mem[X,0x000000008001AD38] -> 0x9593
mem[X,0x000000008001AD3A] -> 0x00B5
[2656] [M]: 0x000000008001AD38 (0x00B59593) slli a1, a1, 0xb
x11 <- 0x0000033333333000
mem[X,0x000000008001AD3C] -> 0x8593
mem[X,0x000000008001AD3E] -> 0x3335
[2657] [M]: 0x000000008001AD3C (0x33358593) addi a1, a1, 0x333
x11 <- 0x0000033333333333
mem[X,0x000000008001AD40] -> 0x9593
mem[X,0x000000008001AD42] -> 0x00B5
[2658] [M]: 0x000000008001AD40 (0x00B59593) slli a1, a1, 0xb
x11 <- 0x0019999999999800
mem[X,0x000000008001AD44] -> 0x8593
mem[X,0x000000008001AD46] -> 0x1995
[2659] [M]: 0x000000008001AD44 (0x19958593) addi a1, a1, 0x199
x11 <- 0x0019999999999999
mem[X,0x000000008001AD48] -> 0x9593
mem[X,0x000000008001AD4A] -> 0x00A5
[2660] [M]: 0x000000008001AD48 (0x00A59593) slli a1, a1, 0xa
x11 <- 0x6666666666666400
mem[X,0x000000008001AD4C] -> 0x8593
mem[X,0x000000008001AD4E] -> 0x2665
[2661] [M]: 0x000000008001AD4C (0x26658593) addi a1, a1, 0x266
x11 <- 0x6666666666666666
mem[X,0x000000008001AD50] -> 0x0213
mem[X,0x000000008001AD52] -> 0x0000
[2662] [M]: 0x000000008001AD50 (0x00000213) addi tp, zero, 0x0
x4 <- 0x0000000000000000
mem[X,0x000000008001AD54] -> 0x006F
mem[X,0x000000008001AD56] -> 0x00C0
[2663] [M]: 0x000000008001AD54 (0x00C0006F) jal zero, 0xc
mem[X,0x000000008001AD60] -> 0x0063
mem[X,0x000000008001AD62] -> 0x04B5
[2664] [M]: 0x000000008001AD60 (0x04B50063) beq a0, a1, 0x40
mem[X,0x000000008001AD64] -> 0x0213
mem[X,0x000000008001AD66] -> 0x0022
[2665] [M]: 0x000000008001AD64 (0x00220213) addi tp, tp, 0x2
x4 <- 0x0000000000000002
mem[X,0x000000008001AD68] -> 0x006F
mem[X,0x000000008001AD6A] -> 0x0400
[2666] [M]: 0x000000008001AD68 (0x0400006F) jal zero, 0x40
mem[X,0x000000008001ADA8] -> 0x3023
mem[X,0x000000008001ADAA] -> 0x6441
[2667] [M]: 0x000000008001ADA8 (0x64413023) sd tp, 0x640(sp)
mem[0x0000000080048808] <- 0x0000000000000002
mem[X,0x000000008001ADAC] -> 0x5537
mem[X,0x000000008001ADAE] -> 0x5555
[2668] [M]: 0x000000008001ADAC (0x55555537) lui a0, 0x55555
x10 <- 0x0000000055555000
mem[X,0x000000008001ADB0] -> 0x0513
mem[X,0x000000008001ADB2] -> 0x5555
[2669] [M]: 0x000000008001ADB0 (0x55550513) addi a0, a0, 0x555
x10 <- 0x0000000055555555
mem[X,0x000000008001ADB4] -> 0x1513
mem[X,0x000000008001ADB6] -> 0x00B5
[2670] [M]: 0x000000008001ADB4 (0x00B51513) slli a0, a0, 0xb
x10 <- 0x000002AAAAAAA800
mem[X,0x000000008001ADB8] -> 0x0513
mem[X,0x000000008001ADBA] -> 0x2AA5
[2671] [M]: 0x000000008001ADB8 (0x2AA50513) addi a0, a0, 0x2aa
x10 <- 0x000002AAAAAAAAAA
mem[X,0x000000008001ADBC] -> 0x1513
mem[X,0x000000008001ADBE] -> 0x00B5
[2672] [M]: 0x000000008001ADBC (0x00B51513) slli a0, a0, 0xb
x10 <- 0x0015555555555000
mem[X,0x000000008001ADC0] -> 0x0513
mem[X,0x000000008001ADC2] -> 0x5555
[2673] [M]: 0x000000008001ADC0 (0x55550513) addi a0, a0, 0x555
x10 <- 0x0015555555555555
mem[X,0x000000008001ADC4] -> 0x1513
mem[X,0x000000008001ADC6] -> 0x00A5
[2674] [M]: 0x000000008001ADC4 (0x00A51513) slli a0, a0, 0xa
x10 <- 0x5555555555555400
mem[X,0x000000008001ADC8] -> 0x0513
mem[X,0x000000008001ADCA] -> 0x1555
[2675] [M]: 0x000000008001ADC8 (0x15550513) addi a0, a0, 0x155
x10 <- 0x5555555555555555
mem[X,0x000000008001ADCC] -> 0x05B7
mem[X,0x000000008001ADCE] -> 0x0000
[2676] [M]: 0x000000008001ADCC (0x000005B7) lui a1, 0x0
x11 <- 0x0000000000000000
mem[X,0x000000008001ADD0] -> 0x8593
mem[X,0x000000008001ADD2] -> 0xFFF5
[2677] [M]: 0x000000008001ADD0 (0xFFF58593) addi a1, a1, -0x1
x11 <- 0xFFFFFFFFFFFFFFFF
mem[X,0x000000008001ADD4] -> 0x9593
mem[X,0x000000008001ADD6] -> 0x00B5
[2678] [M]: 0x000000008001ADD4 (0x00B59593) slli a1, a1, 0xb
x11 <- 0xFFFFFFFFFFFFF800
mem[X,0x000000008001ADD8] -> 0x8593
mem[X,0x000000008001ADDA] -> 0x2575
[2679] [M]: 0x000000008001ADD8 (0x25758593) addi a1, a1, 0x257
x11 <- 0xFFFFFFFFFFFFFA57
mem[X,0x000000008001ADDC] -> 0x9593
mem[X,0x000000008001ADDE] -> 0x00B5
[2680] [M]: 0x000000008001ADDC (0x00B59593) slli a1, a1, 0xb
x11 <- 0xFFFFFFFFFFD2B800
mem[X,0x000000008001ADE0] -> 0x8593
mem[X,0x000000008001ADE2] -> 0x6C35
[2681] [M]: 0x000000008001ADE0 (0x6C358593) addi a1, a1, 0x6c3
x11 <- 0xFFFFFFFFFFD2BEC3
mem[X,0x000000008001ADE4] -> 0x9593
mem[X,0x000000008001ADE6] -> 0x00A5
[2682] [M]: 0x000000008001ADE4 (0x00A59593) slli a1, a1, 0xa
x11 <- 0xFFFFFFFF4AFB0C00
mem[X,0x000000008001ADE8] -> 0x8593
mem[X,0x000000008001ADEA] -> 0x0CD5
[2683] [M]: 0x000000008001ADE8 (0x0CD58593) addi a1, a1, 0xcd
x11 <- 0xFFFFFFFF4AFB0CCD
mem[X,0x000000008001ADEC] -> 0x0213
mem[X,0x000000008001ADEE] -> 0x0000
[2684] [M]: 0x000000008001ADEC (0x00000213) addi tp, zero, 0x0
x4 <- 0x0000000000000000
mem[X,0x000000008001ADF0] -> 0x006F
mem[X,0x000000008001ADF2] -> 0x00C0
[2685] [M]: 0x000000008001ADF0 (0x00C0006F) jal zero, 0xc
mem[X,0x000000008001ADFC] -> 0x0663
mem[X,0x000000008001ADFE] -> 0x00B5
[2686] [M]: 0x000000008001ADFC (0x00B50663) beq a0, a1, 0xc
mem[X,0x000000008001AE00] -> 0x0213
mem[X,0x000000008001AE02] -> 0x0022
[2687] [M]: 0x000000008001AE00 (0x00220213) addi tp, tp, 0x2
x4 <- 0x0000000000000002
mem[X,0x000000008001AE04] -> 0x006F
mem[X,0x000000008001AE06] -> 0x00C0
[2688] [M]: 0x000000008001AE04 (0x00C0006F) jal zero, 0xc
mem[X,0x000000008001AE10] -> 0x3423
mem[X,0x000000008001AE12] -> 0x6441
[2689] [M]: 0x000000008001AE10 (0x64413423) sd tp, 0x648(sp)
mem[0x0000000080048810] <- 0x0000000000000002
mem[X,0x000000008001AE14] -> 0x5537
mem[X,0x000000008001AE16] -> 0x5555
[2690] [M]: 0x000000008001AE14 (0x55555537) lui a0, 0x55555
x10 <- 0x0000000055555000
mem[X,0x000000008001AE18] -> 0x0513
mem[X,0x000000008001AE1A] -> 0x5555
[2691] [M]: 0x000000008001AE18 (0x55550513) addi a0, a0, 0x555
x10 <- 0x0000000055555555
mem[X,0x000000008001AE1C] -> 0x1513
mem[X,0x000000008001AE1E] -> 0x00B5
[2692] [M]: 0x000000008001AE1C (0x00B51513) slli a0, a0, 0xb
x10 <- 0x000002AAAAAAA800
mem[X,0x000000008001AE20] -> 0x0513
mem[X,0x000000008001AE22] -> 0x2AA5
[2693] [M]: 0x000000008001AE20 (0x2AA50513) addi a0, a0, 0x2aa
x10 <- 0x000002AAAAAAAAAA
mem[X,0x000000008001AE24] -> 0x1513
mem[X,0x000000008001AE26] -> 0x00B5
[2694] [M]: 0x000000008001AE24 (0x00B51513) slli a0, a0, 0xb
x10 <- 0x0015555555555000
mem[X,0x000000008001AE28] -> 0x0513
mem[X,0x000000008001AE2A] -> 0x5555
[2695] [M]: 0x000000008001AE28 (0x55550513) addi a0, a0, 0x555
x10 <- 0x0015555555555555
mem[X,0x000000008001AE2C] -> 0x1513
mem[X,0x000000008001AE2E] -> 0x00A5
[2696] [M]: 0x000000008001AE2C (0x00A51513) slli a0, a0, 0xa
x10 <- 0x5555555555555400
mem[X,0x000000008001AE30] -> 0x0513
mem[X,0x000000008001AE32] -> 0x1555
[2697] [M]: 0x000000008001AE30 (0x15550513) addi a0, a0, 0x155
x10 <- 0x5555555555555555
mem[X,0x000000008001AE34] -> 0x05B7
mem[X,0x000000008001AE36] -> 0x0000
[2698] [M]: 0x000000008001AE34 (0x000005B7) lui a1, 0x0
x11 <- 0x0000000000000000
mem[X,0x000000008001AE38] -> 0x8593
mem[X,0x000000008001AE3A] -> 0x0005
[2699] [M]: 0x000000008001AE38 (0x00058593) addi a1, a1, 0x0
x11 <- 0x0000000000000000
clint::tick mtime <- 0x000000000000001B
 clint timer pending at mtime 0x000000000000001B
htif::tick 0x0000000000000000
mem[X,0x000000008001AE3C] -> 0x9593
mem[X,0x000000008001AE3E] -> 0x00B5
[2700] [M]: 0x000000008001AE3C (0x00B59593) slli a1, a1, 0xb
x11 <- 0x0000000000000000
mem[X,0x000000008001AE40] -> 0x8593
mem[X,0x000000008001AE42] -> 0x5A85
[2701] [M]: 0x000000008001AE40 (0x5A858593) addi a1, a1, 0x5a8
x11 <- 0x00000000000005A8
mem[X,0x000000008001AE44] -> 0x9593
mem[X,0x000000008001AE46] -> 0x00B5
[2702] [M]: 0x000000008001AE44 (0x00B59593) slli a1, a1, 0xb
x11 <- 0x00000000002D4000
mem[X,0x000000008001AE48] -> 0x8593
mem[X,0x000000008001AE4A] -> 0x13C5
[2703] [M]: 0x000000008001AE48 (0x13C58593) addi a1, a1, 0x13c
x11 <- 0x00000000002D413C
mem[X,0x000000008001AE4C] -> 0x9593
mem[X,0x000000008001AE4E] -> 0x00A5
[2704] [M]: 0x000000008001AE4C (0x00A59593) slli a1, a1, 0xa
x11 <- 0x00000000B504F000
mem[X,0x000000008001AE50] -> 0x8593
mem[X,0x000000008001AE52] -> 0x3335
[2705] [M]: 0x000000008001AE50 (0x33358593) addi a1, a1, 0x333
x11 <- 0x00000000B504F333
mem[X,0x000000008001AE54] -> 0x0213
mem[X,0x000000008001AE56] -> 0x0000
[2706] [M]: 0x000000008001AE54 (0x00000213) addi tp, zero, 0x0
x4 <- 0x0000000000000000
mem[X,0x000000008001AE58] -> 0x006F
mem[X,0x000000008001AE5A] -> 0x0180
[2707] [M]: 0x000000008001AE58 (0x0180006F) jal zero, 0x18
mem[X,0x000000008001AE70] -> 0x06E3
mem[X,0x000000008001AE72] -> 0xFEB5
[2708] [M]: 0x000000008001AE70 (0xFEB506E3) beq a0, a1, -0x14
mem[X,0x000000008001AE74] -> 0x0213
mem[X,0x000000008001AE76] -> 0x0022
[2709] [M]: 0x000000008001AE74 (0x00220213) addi tp, tp, 0x2
x4 <- 0x0000000000000002
mem[X,0x000000008001AE78] -> 0x006F
mem[X,0x000000008001AE7A] -> 0x00C0
[2710] [M]: 0x000000008001AE78 (0x00C0006F) jal zero, 0xc
mem[X,0x000000008001AE84] -> 0x3823
mem[X,0x000000008001AE86] -> 0x6441
[2711] [M]: 0x000000008001AE84 (0x64413823) sd tp, 0x650(sp)
mem[0x0000000080048818] <- 0x0000000000000002
mem[X,0x000000008001AE88] -> 0x5537
mem[X,0x000000008001AE8A] -> 0x5555
[2712] [M]: 0x000000008001AE88 (0x55555537) lui a0, 0x55555
x10 <- 0x0000000055555000
mem[X,0x000000008001AE8C] -> 0x0513
mem[X,0x000000008001AE8E] -> 0x5555
[2713] [M]: 0x000000008001AE8C (0x55550513) addi a0, a0, 0x555
x10 <- 0x0000000055555555
mem[X,0x000000008001AE90] -> 0x1513
mem[X,0x000000008001AE92] -> 0x00B5
[2714] [M]: 0x000000008001AE90 (0x00B51513) slli a0, a0, 0xb
x10 <- 0x000002AAAAAAA800
mem[X,0x000000008001AE94] -> 0x0513
mem[X,0x000000008001AE96] -> 0x2AA5
[2715] [M]: 0x000000008001AE94 (0x2AA50513) addi a0, a0, 0x2aa
x10 <- 0x000002AAAAAAAAAA
mem[X,0x000000008001AE98] -> 0x1513
mem[X,0x000000008001AE9A] -> 0x00B5
[2716] [M]: 0x000000008001AE98 (0x00B51513) slli a0, a0, 0xb
x10 <- 0x0015555555555000
mem[X,0x000000008001AE9C] -> 0x0513
mem[X,0x000000008001AE9E] -> 0x5555
[2717] [M]: 0x000000008001AE9C (0x55550513) addi a0, a0, 0x555
x10 <- 0x0015555555555555
mem[X,0x000000008001AEA0] -> 0x1513
mem[X,0x000000008001AEA2] -> 0x00A5
[2718] [M]: 0x000000008001AEA0 (0x00A51513) slli a0, a0, 0xa
x10 <- 0x5555555555555400
mem[X,0x000000008001AEA4] -> 0x0513
mem[X,0x000000008001AEA6] -> 0x1555
[2719] [M]: 0x000000008001AEA4 (0x15550513) addi a0, a0, 0x155
x10 <- 0x5555555555555555
mem[X,0x000000008001AEA8] -> 0x55B7
mem[X,0x000000008001AEAA] -> 0x5555
[2720] [M]: 0x000000008001AEA8 (0x555555B7) lui a1, 0x55555
x11 <- 0x0000000055555000
mem[X,0x000000008001AEAC] -> 0x8593
mem[X,0x000000008001AEAE] -> 0x5555
[2721] [M]: 0x000000008001AEAC (0x55558593) addi a1, a1, 0x555
x11 <- 0x0000000055555555
mem[X,0x000000008001AEB0] -> 0x9593
mem[X,0x000000008001AEB2] -> 0x00B5
[2722] [M]: 0x000000008001AEB0 (0x00B59593) slli a1, a1, 0xb
x11 <- 0x000002AAAAAAA800
mem[X,0x000000008001AEB4] -> 0x8593
mem[X,0x000000008001AEB6] -> 0x2AA5
[2723] [M]: 0x000000008001AEB4 (0x2AA58593) addi a1, a1, 0x2aa
x11 <- 0x000002AAAAAAAAAA
mem[X,0x000000008001AEB8] -> 0x9593
mem[X,0x000000008001AEBA] -> 0x00B5
[2724] [M]: 0x000000008001AEB8 (0x00B59593) slli a1, a1, 0xb
x11 <- 0x0015555555555000
mem[X,0x000000008001AEBC] -> 0x8593
mem[X,0x000000008001AEBE] -> 0x5555
[2725] [M]: 0x000000008001AEBC (0x55558593) addi a1, a1, 0x555
x11 <- 0x0015555555555555
mem[X,0x000000008001AEC0] -> 0x9593
mem[X,0x000000008001AEC2] -> 0x00A5
[2726] [M]: 0x000000008001AEC0 (0x00A59593) slli a1, a1, 0xa
x11 <- 0x5555555555555400
mem[X,0x000000008001AEC4] -> 0x8593
mem[X,0x000000008001AEC6] -> 0x1545
[2727] [M]: 0x000000008001AEC4 (0x15458593) addi a1, a1, 0x154
x11 <- 0x5555555555555554
mem[X,0x000000008001AEC8] -> 0x0213
mem[X,0x000000008001AECA] -> 0x0000
[2728] [M]: 0x000000008001AEC8 (0x00000213) addi tp, zero, 0x0
x4 <- 0x0000000000000000
mem[X,0x000000008001AECC] -> 0x006F
mem[X,0x000000008001AECE] -> 0x00C0
[2729] [M]: 0x000000008001AECC (0x00C0006F) jal zero, 0xc
mem[X,0x000000008001AED8] -> 0x0663
mem[X,0x000000008001AEDA] -> 0x00B5
[2730] [M]: 0x000000008001AED8 (0x00B50663) beq a0, a1, 0xc
mem[X,0x000000008001AEDC] -> 0x0213
mem[X,0x000000008001AEDE] -> 0x0022
[2731] [M]: 0x000000008001AEDC (0x00220213) addi tp, tp, 0x2
x4 <- 0x0000000000000002
mem[X,0x000000008001AEE0] -> 0x006F
mem[X,0x000000008001AEE2] -> 0x00C0
[2732] [M]: 0x000000008001AEE0 (0x00C0006F) jal zero, 0xc
mem[X,0x000000008001AEEC] -> 0x3C23
mem[X,0x000000008001AEEE] -> 0x6441
[2733] [M]: 0x000000008001AEEC (0x64413C23) sd tp, 0x658(sp)
mem[0x0000000080048820] <- 0x0000000000000002
mem[X,0x000000008001AEF0] -> 0x5537
mem[X,0x000000008001AEF2] -> 0x5555
[2734] [M]: 0x000000008001AEF0 (0x55555537) lui a0, 0x55555
x10 <- 0x0000000055555000
mem[X,0x000000008001AEF4] -> 0x0513
mem[X,0x000000008001AEF6] -> 0x5555
[2735] [M]: 0x000000008001AEF4 (0x55550513) addi a0, a0, 0x555
x10 <- 0x0000000055555555
mem[X,0x000000008001AEF8] -> 0x1513
mem[X,0x000000008001AEFA] -> 0x00B5
[2736] [M]: 0x000000008001AEF8 (0x00B51513) slli a0, a0, 0xb
x10 <- 0x000002AAAAAAA800
mem[X,0x000000008001AEFC] -> 0x0513
mem[X,0x000000008001AEFE] -> 0x2AA5
[2737] [M]: 0x000000008001AEFC (0x2AA50513) addi a0, a0, 0x2aa
x10 <- 0x000002AAAAAAAAAA
mem[X,0x000000008001AF00] -> 0x1513
mem[X,0x000000008001AF02] -> 0x00B5
[2738] [M]: 0x000000008001AF00 (0x00B51513) slli a0, a0, 0xb
x10 <- 0x0015555555555000
mem[X,0x000000008001AF04] -> 0x0513
mem[X,0x000000008001AF06] -> 0x5555
[2739] [M]: 0x000000008001AF04 (0x55550513) addi a0, a0, 0x555
x10 <- 0x0015555555555555
mem[X,0x000000008001AF08] -> 0x1513
mem[X,0x000000008001AF0A] -> 0x00A5
[2740] [M]: 0x000000008001AF08 (0x00A51513) slli a0, a0, 0xa
x10 <- 0x5555555555555400
mem[X,0x000000008001AF0C] -> 0x0513
mem[X,0x000000008001AF0E] -> 0x1555
[2741] [M]: 0x000000008001AF0C (0x15550513) addi a0, a0, 0x155
x10 <- 0x5555555555555555
mem[X,0x000000008001AF10] -> 0x0593
mem[X,0x000000008001AF12] -> 0x0000
[2742] [M]: 0x000000008001AF10 (0x00000593) addi a1, zero, 0x0
x11 <- 0x0000000000000000
mem[X,0x000000008001AF14] -> 0x0213
mem[X,0x000000008001AF16] -> 0x0000
[2743] [M]: 0x000000008001AF14 (0x00000213) addi tp, zero, 0x0
x4 <- 0x0000000000000000
mem[X,0x000000008001AF18] -> 0x006F
mem[X,0x000000008001AF1A] -> 0x00C0
[2744] [M]: 0x000000008001AF18 (0x00C0006F) jal zero, 0xc
mem[X,0x000000008001AF24] -> 0x0063
mem[X,0x000000008001AF26] -> 0x20B5
[2745] [M]: 0x000000008001AF24 (0x20B50063) beq a0, a1, 0x200
mem[X,0x000000008001AF28] -> 0x0213
mem[X,0x000000008001AF2A] -> 0x0022
[2746] [M]: 0x000000008001AF28 (0x00220213) addi tp, tp, 0x2
x4 <- 0x0000000000000002
mem[X,0x000000008001AF2C] -> 0x006F
mem[X,0x000000008001AF2E] -> 0x2000
[2747] [M]: 0x000000008001AF2C (0x2000006F) jal zero, 0x200
mem[X,0x000000008001B12C] -> 0x3023
mem[X,0x000000008001B12E] -> 0x6641
[2748] [M]: 0x000000008001B12C (0x66413023) sd tp, 0x660(sp)
mem[0x0000000080048828] <- 0x0000000000000002
mem[X,0x000000008001B130] -> 0x5537
mem[X,0x000000008001B132] -> 0x5555
[2749] [M]: 0x000000008001B130 (0x55555537) lui a0, 0x55555
x10 <- 0x0000000055555000
mem[X,0x000000008001B134] -> 0x0513
mem[X,0x000000008001B136] -> 0x5555
[2750] [M]: 0x000000008001B134 (0x55550513) addi a0, a0, 0x555
x10 <- 0x0000000055555555
mem[X,0x000000008001B138] -> 0x1513
mem[X,0x000000008001B13A] -> 0x00B5
[2751] [M]: 0x000000008001B138 (0x00B51513) slli a0, a0, 0xb
x10 <- 0x000002AAAAAAA800
mem[X,0x000000008001B13C] -> 0x0513
mem[X,0x000000008001B13E] -> 0x2AA5
[2752] [M]: 0x000000008001B13C (0x2AA50513) addi a0, a0, 0x2aa
x10 <- 0x000002AAAAAAAAAA
mem[X,0x000000008001B140] -> 0x1513
mem[X,0x000000008001B142] -> 0x00B5
[2753] [M]: 0x000000008001B140 (0x00B51513) slli a0, a0, 0xb
x10 <- 0x0015555555555000
mem[X,0x000000008001B144] -> 0x0513
mem[X,0x000000008001B146] -> 0x5555
[2754] [M]: 0x000000008001B144 (0x55550513) addi a0, a0, 0x555
x10 <- 0x0015555555555555
mem[X,0x000000008001B148] -> 0x1513
mem[X,0x000000008001B14A] -> 0x00A5
[2755] [M]: 0x000000008001B148 (0x00A51513) slli a0, a0, 0xa
x10 <- 0x5555555555555400
mem[X,0x000000008001B14C] -> 0x0513
mem[X,0x000000008001B14E] -> 0x1555
[2756] [M]: 0x000000008001B14C (0x15550513) addi a0, a0, 0x155
x10 <- 0x5555555555555555
mem[X,0x000000008001B150] -> 0x0593
mem[X,0x000000008001B152] -> 0x0040
[2757] [M]: 0x000000008001B150 (0x00400593) addi a1, zero, 0x4
x11 <- 0x0000000000000004
mem[X,0x000000008001B154] -> 0x0213
mem[X,0x000000008001B156] -> 0x0000
[2758] [M]: 0x000000008001B154 (0x00000213) addi tp, zero, 0x0
x4 <- 0x0000000000000000
mem[X,0x000000008001B158] -> 0x006F
mem[X,0x000000008001B15A] -> 0x00C0
[2759] [M]: 0x000000008001B158 (0x00C0006F) jal zero, 0xc
mem[X,0x000000008001B164] -> 0x0663
mem[X,0x000000008001B166] -> 0x00B5
[2760] [M]: 0x000000008001B164 (0x00B50663) beq a0, a1, 0xc
mem[X,0x000000008001B168] -> 0x0213
mem[X,0x000000008001B16A] -> 0x0022
[2761] [M]: 0x000000008001B168 (0x00220213) addi tp, tp, 0x2
x4 <- 0x0000000000000002
mem[X,0x000000008001B16C] -> 0x006F
mem[X,0x000000008001B16E] -> 0x00C0
[2762] [M]: 0x000000008001B16C (0x00C0006F) jal zero, 0xc
mem[X,0x000000008001B178] -> 0x3423
mem[X,0x000000008001B17A] -> 0x6641
[2763] [M]: 0x000000008001B178 (0x66413423) sd tp, 0x668(sp)
mem[0x0000000080048830] <- 0x0000000000000002
mem[X,0x000000008001B17C] -> 0x5537
mem[X,0x000000008001B17E] -> 0x5555
[2764] [M]: 0x000000008001B17C (0x55555537) lui a0, 0x55555
x10 <- 0x0000000055555000
mem[X,0x000000008001B180] -> 0x0513
mem[X,0x000000008001B182] -> 0x5555
[2765] [M]: 0x000000008001B180 (0x55550513) addi a0, a0, 0x555
x10 <- 0x0000000055555555
mem[X,0x000000008001B184] -> 0x1513
mem[X,0x000000008001B186] -> 0x00B5
[2766] [M]: 0x000000008001B184 (0x00B51513) slli a0, a0, 0xb
x10 <- 0x000002AAAAAAA800
mem[X,0x000000008001B188] -> 0x0513
mem[X,0x000000008001B18A] -> 0x2AA5
[2767] [M]: 0x000000008001B188 (0x2AA50513) addi a0, a0, 0x2aa
x10 <- 0x000002AAAAAAAAAA
mem[X,0x000000008001B18C] -> 0x1513
mem[X,0x000000008001B18E] -> 0x00B5
[2768] [M]: 0x000000008001B18C (0x00B51513) slli a0, a0, 0xb
x10 <- 0x0015555555555000
mem[X,0x000000008001B190] -> 0x0513
mem[X,0x000000008001B192] -> 0x5555
[2769] [M]: 0x000000008001B190 (0x55550513) addi a0, a0, 0x555
x10 <- 0x0015555555555555
mem[X,0x000000008001B194] -> 0x1513
mem[X,0x000000008001B196] -> 0x00A5
[2770] [M]: 0x000000008001B194 (0x00A51513) slli a0, a0, 0xa
x10 <- 0x5555555555555400
mem[X,0x000000008001B198] -> 0x0513
mem[X,0x000000008001B19A] -> 0x1555
[2771] [M]: 0x000000008001B198 (0x15550513) addi a0, a0, 0x155
x10 <- 0x5555555555555555
mem[X,0x000000008001B19C] -> 0x35B7
mem[X,0x000000008001B19E] -> 0x3333
[2772] [M]: 0x000000008001B19C (0x333335B7) lui a1, 0x33333
x11 <- 0x0000000033333000
mem[X,0x000000008001B1A0] -> 0x8593
mem[X,0x000000008001B1A2] -> 0x3335
[2773] [M]: 0x000000008001B1A0 (0x33358593) addi a1, a1, 0x333
x11 <- 0x0000000033333333
mem[X,0x000000008001B1A4] -> 0x9593
mem[X,0x000000008001B1A6] -> 0x00B5
[2774] [M]: 0x000000008001B1A4 (0x00B59593) slli a1, a1, 0xb
x11 <- 0x0000019999999800
mem[X,0x000000008001B1A8] -> 0x8593
mem[X,0x000000008001B1AA] -> 0x1995
[2775] [M]: 0x000000008001B1A8 (0x19958593) addi a1, a1, 0x199
x11 <- 0x0000019999999999
mem[X,0x000000008001B1AC] -> 0x9593
mem[X,0x000000008001B1AE] -> 0x00B5
[2776] [M]: 0x000000008001B1AC (0x00B59593) slli a1, a1, 0xb
x11 <- 0x000CCCCCCCCCC800
mem[X,0x000000008001B1B0] -> 0x8593
mem[X,0x000000008001B1B2] -> 0x4CC5
[2777] [M]: 0x000000008001B1B0 (0x4CC58593) addi a1, a1, 0x4cc
x11 <- 0x000CCCCCCCCCCCCC
mem[X,0x000000008001B1B4] -> 0x9593
mem[X,0x000000008001B1B6] -> 0x00A5
[2778] [M]: 0x000000008001B1B4 (0x00A59593) slli a1, a1, 0xa
x11 <- 0x3333333333333000
mem[X,0x000000008001B1B8] -> 0x8593
mem[X,0x000000008001B1BA] -> 0x3325
[2779] [M]: 0x000000008001B1B8 (0x33258593) addi a1, a1, 0x332
x11 <- 0x3333333333333332
mem[X,0x000000008001B1BC] -> 0x0213
mem[X,0x000000008001B1BE] -> 0x0000
[2780] [M]: 0x000000008001B1BC (0x00000213) addi tp, zero, 0x0
x4 <- 0x0000000000000000
mem[X,0x000000008001B1C0] -> 0x006F
mem[X,0x000000008001B1C2] -> 0x00C0
[2781] [M]: 0x000000008001B1C0 (0x00C0006F) jal zero, 0xc
mem[X,0x000000008001B1CC] -> 0x0063
mem[X,0x000000008001B1CE] -> 0x10B5
[2782] [M]: 0x000000008001B1CC (0x10B50063) beq a0, a1, 0x100
mem[X,0x000000008001B1D0] -> 0x0213
mem[X,0x000000008001B1D2] -> 0x0022
[2783] [M]: 0x000000008001B1D0 (0x00220213) addi tp, tp, 0x2
x4 <- 0x0000000000000002
mem[X,0x000000008001B1D4] -> 0x006F
mem[X,0x000000008001B1D6] -> 0x1000
[2784] [M]: 0x000000008001B1D4 (0x1000006F) jal zero, 0x100
mem[X,0x000000008001B2D4] -> 0x3823
mem[X,0x000000008001B2D6] -> 0x6641
[2785] [M]: 0x000000008001B2D4 (0x66413823) sd tp, 0x670(sp)
mem[0x0000000080048838] <- 0x0000000000000002
mem[X,0x000000008001B2D8] -> 0x5537
mem[X,0x000000008001B2DA] -> 0x5555
[2786] [M]: 0x000000008001B2D8 (0x55555537) lui a0, 0x55555
x10 <- 0x0000000055555000
mem[X,0x000000008001B2DC] -> 0x0513
mem[X,0x000000008001B2DE] -> 0x5555
[2787] [M]: 0x000000008001B2DC (0x55550513) addi a0, a0, 0x555
x10 <- 0x0000000055555555
mem[X,0x000000008001B2E0] -> 0x1513
mem[X,0x000000008001B2E2] -> 0x00B5
[2788] [M]: 0x000000008001B2E0 (0x00B51513) slli a0, a0, 0xb
x10 <- 0x000002AAAAAAA800
mem[X,0x000000008001B2E4] -> 0x0513
mem[X,0x000000008001B2E6] -> 0x2AA5
[2789] [M]: 0x000000008001B2E4 (0x2AA50513) addi a0, a0, 0x2aa
x10 <- 0x000002AAAAAAAAAA
mem[X,0x000000008001B2E8] -> 0x1513
mem[X,0x000000008001B2EA] -> 0x00B5
[2790] [M]: 0x000000008001B2E8 (0x00B51513) slli a0, a0, 0xb
x10 <- 0x0015555555555000
mem[X,0x000000008001B2EC] -> 0x0513
mem[X,0x000000008001B2EE] -> 0x5555
[2791] [M]: 0x000000008001B2EC (0x55550513) addi a0, a0, 0x555
x10 <- 0x0015555555555555
mem[X,0x000000008001B2F0] -> 0x1513
mem[X,0x000000008001B2F2] -> 0x00A5
[2792] [M]: 0x000000008001B2F0 (0x00A51513) slli a0, a0, 0xa
x10 <- 0x5555555555555400
mem[X,0x000000008001B2F4] -> 0x0513
mem[X,0x000000008001B2F6] -> 0x1555
[2793] [M]: 0x000000008001B2F4 (0x15550513) addi a0, a0, 0x155
x10 <- 0x5555555555555555
mem[X,0x000000008001B2F8] -> 0x65B7
mem[X,0x000000008001B2FA] -> 0x6666
[2794] [M]: 0x000000008001B2F8 (0x666665B7) lui a1, 0x66666
x11 <- 0x0000000066666000
mem[X,0x000000008001B2FC] -> 0x8593
mem[X,0x000000008001B2FE] -> 0x6665
[2795] [M]: 0x000000008001B2FC (0x66658593) addi a1, a1, 0x666
x11 <- 0x0000000066666666
mem[X,0x000000008001B300] -> 0x9593
mem[X,0x000000008001B302] -> 0x00B5
[2796] [M]: 0x000000008001B300 (0x00B59593) slli a1, a1, 0xb
x11 <- 0x0000033333333000
mem[X,0x000000008001B304] -> 0x8593
mem[X,0x000000008001B306] -> 0x3335
[2797] [M]: 0x000000008001B304 (0x33358593) addi a1, a1, 0x333
x11 <- 0x0000033333333333
mem[X,0x000000008001B308] -> 0x9593
mem[X,0x000000008001B30A] -> 0x00B5
[2798] [M]: 0x000000008001B308 (0x00B59593) slli a1, a1, 0xb
x11 <- 0x0019999999999800
mem[X,0x000000008001B30C] -> 0x8593
mem[X,0x000000008001B30E] -> 0x1995
[2799] [M]: 0x000000008001B30C (0x19958593) addi a1, a1, 0x199
x11 <- 0x0019999999999999
clint::tick mtime <- 0x000000000000001C
 clint timer pending at mtime 0x000000000000001C
htif::tick 0x0000000000000000
mem[X,0x000000008001B310] -> 0x9593
mem[X,0x000000008001B312] -> 0x00A5
[2800] [M]: 0x000000008001B310 (0x00A59593) slli a1, a1, 0xa
x11 <- 0x6666666666666400
mem[X,0x000000008001B314] -> 0x8593
mem[X,0x000000008001B316] -> 0x2655
[2801] [M]: 0x000000008001B314 (0x26558593) addi a1, a1, 0x265
x11 <- 0x6666666666666665
mem[X,0x000000008001B318] -> 0x0213
mem[X,0x000000008001B31A] -> 0x0000
[2802] [M]: 0x000000008001B318 (0x00000213) addi tp, zero, 0x0
x4 <- 0x0000000000000000
mem[X,0x000000008001B31C] -> 0x006F
mem[X,0x000000008001B31E] -> 0x00C0
[2803] [M]: 0x000000008001B31C (0x00C0006F) jal zero, 0xc
mem[X,0x000000008001B328] -> 0x0CE3
mem[X,0x000000008001B32A] -> 0xFEB5
[2804] [M]: 0x000000008001B328 (0xFEB50CE3) beq a0, a1, -0x8
mem[X,0x000000008001B32C] -> 0x0213
mem[X,0x000000008001B32E] -> 0x0022
[2805] [M]: 0x000000008001B32C (0x00220213) addi tp, tp, 0x2
x4 <- 0x0000000000000002
mem[X,0x000000008001B330] -> 0x006F
mem[X,0x000000008001B332] -> 0x00C0
[2806] [M]: 0x000000008001B330 (0x00C0006F) jal zero, 0xc
mem[X,0x000000008001B33C] -> 0x3C23
mem[X,0x000000008001B33E] -> 0x6641
[2807] [M]: 0x000000008001B33C (0x66413C23) sd tp, 0x678(sp)
mem[0x0000000080048840] <- 0x0000000000000002
mem[X,0x000000008001B340] -> 0x5537
mem[X,0x000000008001B342] -> 0x5555
[2808] [M]: 0x000000008001B340 (0x55555537) lui a0, 0x55555
x10 <- 0x0000000055555000
mem[X,0x000000008001B344] -> 0x0513
mem[X,0x000000008001B346] -> 0x5555
[2809] [M]: 0x000000008001B344 (0x55550513) addi a0, a0, 0x555
x10 <- 0x0000000055555555
mem[X,0x000000008001B348] -> 0x1513
mem[X,0x000000008001B34A] -> 0x00B5
[2810] [M]: 0x000000008001B348 (0x00B51513) slli a0, a0, 0xb
x10 <- 0x000002AAAAAAA800
mem[X,0x000000008001B34C] -> 0x0513
mem[X,0x000000008001B34E] -> 0x2AA5
[2811] [M]: 0x000000008001B34C (0x2AA50513) addi a0, a0, 0x2aa
x10 <- 0x000002AAAAAAAAAA
mem[X,0x000000008001B350] -> 0x1513
mem[X,0x000000008001B352] -> 0x00B5
[2812] [M]: 0x000000008001B350 (0x00B51513) slli a0, a0, 0xb
x10 <- 0x0015555555555000
mem[X,0x000000008001B354] -> 0x0513
mem[X,0x000000008001B356] -> 0x5555
[2813] [M]: 0x000000008001B354 (0x55550513) addi a0, a0, 0x555
x10 <- 0x0015555555555555
mem[X,0x000000008001B358] -> 0x1513
mem[X,0x000000008001B35A] -> 0x00A5
[2814] [M]: 0x000000008001B358 (0x00A51513) slli a0, a0, 0xa
x10 <- 0x5555555555555400
mem[X,0x000000008001B35C] -> 0x0513
mem[X,0x000000008001B35E] -> 0x1555
[2815] [M]: 0x000000008001B35C (0x15550513) addi a0, a0, 0x155
x10 <- 0x5555555555555555
mem[X,0x000000008001B360] -> 0x05B7
mem[X,0x000000008001B362] -> 0x0000
[2816] [M]: 0x000000008001B360 (0x000005B7) lui a1, 0x0
x11 <- 0x0000000000000000
mem[X,0x000000008001B364] -> 0x8593
mem[X,0x000000008001B366] -> 0x0005
[2817] [M]: 0x000000008001B364 (0x00058593) addi a1, a1, 0x0
x11 <- 0x0000000000000000
mem[X,0x000000008001B368] -> 0x9593
mem[X,0x000000008001B36A] -> 0x00B5
[2818] [M]: 0x000000008001B368 (0x00B59593) slli a1, a1, 0xb
x11 <- 0x0000000000000000
mem[X,0x000000008001B36C] -> 0x8593
mem[X,0x000000008001B36E] -> 0x5A85
[2819] [M]: 0x000000008001B36C (0x5A858593) addi a1, a1, 0x5a8
x11 <- 0x00000000000005A8
mem[X,0x000000008001B370] -> 0x9593
mem[X,0x000000008001B372] -> 0x00B5
[2820] [M]: 0x000000008001B370 (0x00B59593) slli a1, a1, 0xb
x11 <- 0x00000000002D4000
mem[X,0x000000008001B374] -> 0x8593
mem[X,0x000000008001B376] -> 0x13C5
[2821] [M]: 0x000000008001B374 (0x13C58593) addi a1, a1, 0x13c
x11 <- 0x00000000002D413C
mem[X,0x000000008001B378] -> 0x9593
mem[X,0x000000008001B37A] -> 0x00A5
[2822] [M]: 0x000000008001B378 (0x00A59593) slli a1, a1, 0xa
x11 <- 0x00000000B504F000
mem[X,0x000000008001B37C] -> 0x8593
mem[X,0x000000008001B37E] -> 0x3325
[2823] [M]: 0x000000008001B37C (0x33258593) addi a1, a1, 0x332
x11 <- 0x00000000B504F332
mem[X,0x000000008001B380] -> 0x0213
mem[X,0x000000008001B382] -> 0x0000
[2824] [M]: 0x000000008001B380 (0x00000213) addi tp, zero, 0x0
x4 <- 0x0000000000000000
mem[X,0x000000008001B384] -> 0x006F
mem[X,0x000000008001B386] -> 0x00C0
[2825] [M]: 0x000000008001B384 (0x00C0006F) jal zero, 0xc
mem[X,0x000000008001B390] -> 0x0063
mem[X,0x000000008001B392] -> 0x02B5
[2826] [M]: 0x000000008001B390 (0x02B50063) beq a0, a1, 0x20
mem[X,0x000000008001B394] -> 0x0213
mem[X,0x000000008001B396] -> 0x0022
[2827] [M]: 0x000000008001B394 (0x00220213) addi tp, tp, 0x2
x4 <- 0x0000000000000002
mem[X,0x000000008001B398] -> 0x006F
mem[X,0x000000008001B39A] -> 0x0200
[2828] [M]: 0x000000008001B398 (0x0200006F) jal zero, 0x20
mem[X,0x000000008001B3B8] -> 0x3023
mem[X,0x000000008001B3BA] -> 0x6841
[2829] [M]: 0x000000008001B3B8 (0x68413023) sd tp, 0x680(sp)
mem[0x0000000080048848] <- 0x0000000000000002
mem[X,0x000000008001B3BC] -> 0x5537
mem[X,0x000000008001B3BE] -> 0x5555
[2830] [M]: 0x000000008001B3BC (0x55555537) lui a0, 0x55555
x10 <- 0x0000000055555000
mem[X,0x000000008001B3C0] -> 0x0513
mem[X,0x000000008001B3C2] -> 0x5555
[2831] [M]: 0x000000008001B3C0 (0x55550513) addi a0, a0, 0x555
x10 <- 0x0000000055555555
mem[X,0x000000008001B3C4] -> 0x1513
mem[X,0x000000008001B3C6] -> 0x00B5
[2832] [M]: 0x000000008001B3C4 (0x00B51513) slli a0, a0, 0xb
x10 <- 0x000002AAAAAAA800
mem[X,0x000000008001B3C8] -> 0x0513
mem[X,0x000000008001B3CA] -> 0x2AA5
[2833] [M]: 0x000000008001B3C8 (0x2AA50513) addi a0, a0, 0x2aa
x10 <- 0x000002AAAAAAAAAA
mem[X,0x000000008001B3CC] -> 0x1513
mem[X,0x000000008001B3CE] -> 0x00B5
[2834] [M]: 0x000000008001B3CC (0x00B51513) slli a0, a0, 0xb
x10 <- 0x0015555555555000
mem[X,0x000000008001B3D0] -> 0x0513
mem[X,0x000000008001B3D2] -> 0x5555
[2835] [M]: 0x000000008001B3D0 (0x55550513) addi a0, a0, 0x555
x10 <- 0x0015555555555555
mem[X,0x000000008001B3D4] -> 0x1513
mem[X,0x000000008001B3D6] -> 0x00A5
[2836] [M]: 0x000000008001B3D4 (0x00A51513) slli a0, a0, 0xa
x10 <- 0x5555555555555400
mem[X,0x000000008001B3D8] -> 0x0513
mem[X,0x000000008001B3DA] -> 0x1555
[2837] [M]: 0x000000008001B3D8 (0x15550513) addi a0, a0, 0x155
x10 <- 0x5555555555555555
mem[X,0x000000008001B3DC] -> 0x55B7
mem[X,0x000000008001B3DE] -> 0x5555
[2838] [M]: 0x000000008001B3DC (0x555555B7) lui a1, 0x55555
x11 <- 0x0000000055555000
mem[X,0x000000008001B3E0] -> 0x8593
mem[X,0x000000008001B3E2] -> 0x5555
[2839] [M]: 0x000000008001B3E0 (0x55558593) addi a1, a1, 0x555
x11 <- 0x0000000055555555
mem[X,0x000000008001B3E4] -> 0x9593
mem[X,0x000000008001B3E6] -> 0x00B5
[2840] [M]: 0x000000008001B3E4 (0x00B59593) slli a1, a1, 0xb
x11 <- 0x000002AAAAAAA800
mem[X,0x000000008001B3E8] -> 0x8593
mem[X,0x000000008001B3EA] -> 0x2AA5
[2841] [M]: 0x000000008001B3E8 (0x2AA58593) addi a1, a1, 0x2aa
x11 <- 0x000002AAAAAAAAAA
mem[X,0x000000008001B3EC] -> 0x9593
mem[X,0x000000008001B3EE] -> 0x00B5
[2842] [M]: 0x000000008001B3EC (0x00B59593) slli a1, a1, 0xb
x11 <- 0x0015555555555000
mem[X,0x000000008001B3F0] -> 0x8593
mem[X,0x000000008001B3F2] -> 0x5555
[2843] [M]: 0x000000008001B3F0 (0x55558593) addi a1, a1, 0x555
x11 <- 0x0015555555555555
mem[X,0x000000008001B3F4] -> 0x9593
mem[X,0x000000008001B3F6] -> 0x00A5
[2844] [M]: 0x000000008001B3F4 (0x00A59593) slli a1, a1, 0xa
x11 <- 0x5555555555555400
mem[X,0x000000008001B3F8] -> 0x8593
mem[X,0x000000008001B3FA] -> 0x1565
[2845] [M]: 0x000000008001B3F8 (0x15658593) addi a1, a1, 0x156
x11 <- 0x5555555555555556
mem[X,0x000000008001B3FC] -> 0x0213
mem[X,0x000000008001B3FE] -> 0x0000
[2846] [M]: 0x000000008001B3FC (0x00000213) addi tp, zero, 0x0
x4 <- 0x0000000000000000
mem[X,0x000000008001B400] -> 0x006F
mem[X,0x000000008001B402] -> 0x2B10
[2847] [M]: 0x000000008001B400 (0x2B10006F) jal zero, 0xab0
mem[X,0x000000008001BEB0] -> 0x0A63
mem[X,0x000000008001BEB2] -> 0xD4B5
[2848] [M]: 0x000000008001BEB0 (0xD4B50A63) beq a0, a1, -0xaac
mem[X,0x000000008001BEB4] -> 0x0213
mem[X,0x000000008001BEB6] -> 0x0022
[2849] [M]: 0x000000008001BEB4 (0x00220213) addi tp, tp, 0x2
x4 <- 0x0000000000000002
mem[X,0x000000008001BEB8] -> 0x006F
mem[X,0x000000008001BEBA] -> 0x00C0
[2850] [M]: 0x000000008001BEB8 (0x00C0006F) jal zero, 0xc
mem[X,0x000000008001BEC4] -> 0x3423
mem[X,0x000000008001BEC6] -> 0x6841
[2851] [M]: 0x000000008001BEC4 (0x68413423) sd tp, 0x688(sp)
mem[0x0000000080048850] <- 0x0000000000000002
mem[X,0x000000008001BEC8] -> 0x5537
mem[X,0x000000008001BECA] -> 0x5555
[2852] [M]: 0x000000008001BEC8 (0x55555537) lui a0, 0x55555
x10 <- 0x0000000055555000
mem[X,0x000000008001BECC] -> 0x0513
mem[X,0x000000008001BECE] -> 0x5555
[2853] [M]: 0x000000008001BECC (0x55550513) addi a0, a0, 0x555
x10 <- 0x0000000055555555
mem[X,0x000000008001BED0] -> 0x1513
mem[X,0x000000008001BED2] -> 0x00B5
[2854] [M]: 0x000000008001BED0 (0x00B51513) slli a0, a0, 0xb
x10 <- 0x000002AAAAAAA800
mem[X,0x000000008001BED4] -> 0x0513
mem[X,0x000000008001BED6] -> 0x2AA5
[2855] [M]: 0x000000008001BED4 (0x2AA50513) addi a0, a0, 0x2aa
x10 <- 0x000002AAAAAAAAAA
mem[X,0x000000008001BED8] -> 0x1513
mem[X,0x000000008001BEDA] -> 0x00B5
[2856] [M]: 0x000000008001BED8 (0x00B51513) slli a0, a0, 0xb
x10 <- 0x0015555555555000
mem[X,0x000000008001BEDC] -> 0x0513
mem[X,0x000000008001BEDE] -> 0x5555
[2857] [M]: 0x000000008001BEDC (0x55550513) addi a0, a0, 0x555
x10 <- 0x0015555555555555
mem[X,0x000000008001BEE0] -> 0x1513
mem[X,0x000000008001BEE2] -> 0x00A5
[2858] [M]: 0x000000008001BEE0 (0x00A51513) slli a0, a0, 0xa
x10 <- 0x5555555555555400
mem[X,0x000000008001BEE4] -> 0x0513
mem[X,0x000000008001BEE6] -> 0x1555
[2859] [M]: 0x000000008001BEE4 (0x15550513) addi a0, a0, 0x155
x10 <- 0x5555555555555555
mem[X,0x000000008001BEE8] -> 0xB5B7
mem[X,0x000000008001BEEA] -> 0xAAAA
[2860] [M]: 0x000000008001BEE8 (0xAAAAB5B7) lui a1, -0x55555
x11 <- 0xFFFFFFFFAAAAB000
mem[X,0x000000008001BEEC] -> 0x8593
mem[X,0x000000008001BEEE] -> 0xAAA5
[2861] [M]: 0x000000008001BEEC (0xAAA58593) addi a1, a1, -0x556
x11 <- 0xFFFFFFFFAAAAAAAA
mem[X,0x000000008001BEF0] -> 0x9593
mem[X,0x000000008001BEF2] -> 0x00B5
[2862] [M]: 0x000000008001BEF0 (0x00B59593) slli a1, a1, 0xb
x11 <- 0xFFFFFD5555555000
mem[X,0x000000008001BEF4] -> 0x8593
mem[X,0x000000008001BEF6] -> 0x5555
[2863] [M]: 0x000000008001BEF4 (0x55558593) addi a1, a1, 0x555
x11 <- 0xFFFFFD5555555555
mem[X,0x000000008001BEF8] -> 0x9593
mem[X,0x000000008001BEFA] -> 0x00B5
[2864] [M]: 0x000000008001BEF8 (0x00B59593) slli a1, a1, 0xb
x11 <- 0xFFEAAAAAAAAAA800
mem[X,0x000000008001BEFC] -> 0x8593
mem[X,0x000000008001BEFE] -> 0x2AA5
[2865] [M]: 0x000000008001BEFC (0x2AA58593) addi a1, a1, 0x2aa
x11 <- 0xFFEAAAAAAAAAAAAA
mem[X,0x000000008001BF00] -> 0x9593
mem[X,0x000000008001BF02] -> 0x00A5
[2866] [M]: 0x000000008001BF00 (0x00A59593) slli a1, a1, 0xa
x11 <- 0xAAAAAAAAAAAAA800
mem[X,0x000000008001BF04] -> 0x8593
mem[X,0x000000008001BF06] -> 0x2AB5
[2867] [M]: 0x000000008001BF04 (0x2AB58593) addi a1, a1, 0x2ab
x11 <- 0xAAAAAAAAAAAAAAAB
mem[X,0x000000008001BF08] -> 0x0213
mem[X,0x000000008001BF0A] -> 0x0000
[2868] [M]: 0x000000008001BF08 (0x00000213) addi tp, zero, 0x0
x4 <- 0x0000000000000000
mem[X,0x000000008001BF0C] -> 0x006F
mem[X,0x000000008001BF0E] -> 0x00C0
[2869] [M]: 0x000000008001BF0C (0x00C0006F) jal zero, 0xc
mem[X,0x000000008001BF18] -> 0x0CE3
mem[X,0x000000008001BF1A] -> 0xFEB5
[2870] [M]: 0x000000008001BF18 (0xFEB50CE3) beq a0, a1, -0x8
mem[X,0x000000008001BF1C] -> 0x0213
mem[X,0x000000008001BF1E] -> 0x0022
[2871] [M]: 0x000000008001BF1C (0x00220213) addi tp, tp, 0x2
x4 <- 0x0000000000000002
mem[X,0x000000008001BF20] -> 0x006F
mem[X,0x000000008001BF22] -> 0x00C0
[2872] [M]: 0x000000008001BF20 (0x00C0006F) jal zero, 0xc
mem[X,0x000000008001BF2C] -> 0x3823
mem[X,0x000000008001BF2E] -> 0x6841
[2873] [M]: 0x000000008001BF2C (0x68413823) sd tp, 0x690(sp)
mem[0x0000000080048858] <- 0x0000000000000002
mem[X,0x000000008001BF30] -> 0x5537
mem[X,0x000000008001BF32] -> 0x5555
[2874] [M]: 0x000000008001BF30 (0x55555537) lui a0, 0x55555
x10 <- 0x0000000055555000
mem[X,0x000000008001BF34] -> 0x0513
mem[X,0x000000008001BF36] -> 0x5555
[2875] [M]: 0x000000008001BF34 (0x55550513) addi a0, a0, 0x555
x10 <- 0x0000000055555555
mem[X,0x000000008001BF38] -> 0x1513
mem[X,0x000000008001BF3A] -> 0x00B5
[2876] [M]: 0x000000008001BF38 (0x00B51513) slli a0, a0, 0xb
x10 <- 0x000002AAAAAAA800
mem[X,0x000000008001BF3C] -> 0x0513
mem[X,0x000000008001BF3E] -> 0x2AA5
[2877] [M]: 0x000000008001BF3C (0x2AA50513) addi a0, a0, 0x2aa
x10 <- 0x000002AAAAAAAAAA
mem[X,0x000000008001BF40] -> 0x1513
mem[X,0x000000008001BF42] -> 0x00B5
[2878] [M]: 0x000000008001BF40 (0x00B51513) slli a0, a0, 0xb
x10 <- 0x0015555555555000
mem[X,0x000000008001BF44] -> 0x0513
mem[X,0x000000008001BF46] -> 0x5555
[2879] [M]: 0x000000008001BF44 (0x55550513) addi a0, a0, 0x555
x10 <- 0x0015555555555555
mem[X,0x000000008001BF48] -> 0x1513
mem[X,0x000000008001BF4A] -> 0x00A5
[2880] [M]: 0x000000008001BF48 (0x00A51513) slli a0, a0, 0xa
x10 <- 0x5555555555555400
mem[X,0x000000008001BF4C] -> 0x0513
mem[X,0x000000008001BF4E] -> 0x1555
[2881] [M]: 0x000000008001BF4C (0x15550513) addi a0, a0, 0x155
x10 <- 0x5555555555555555
mem[X,0x000000008001BF50] -> 0x0593
mem[X,0x000000008001BF52] -> 0x0060
[2882] [M]: 0x000000008001BF50 (0x00600593) addi a1, zero, 0x6
x11 <- 0x0000000000000006
mem[X,0x000000008001BF54] -> 0x0213
mem[X,0x000000008001BF56] -> 0x0000
[2883] [M]: 0x000000008001BF54 (0x00000213) addi tp, zero, 0x0
x4 <- 0x0000000000000000
mem[X,0x000000008001BF58] -> 0x006F
mem[X,0x000000008001BF5A] -> 0x00C0
[2884] [M]: 0x000000008001BF58 (0x00C0006F) jal zero, 0xc
mem[X,0x000000008001BF64] -> 0x0063
mem[X,0x000000008001BF66] -> 0x08B5
[2885] [M]: 0x000000008001BF64 (0x08B50063) beq a0, a1, 0x80
mem[X,0x000000008001BF68] -> 0x0213
mem[X,0x000000008001BF6A] -> 0x0022
[2886] [M]: 0x000000008001BF68 (0x00220213) addi tp, tp, 0x2
x4 <- 0x0000000000000002
mem[X,0x000000008001BF6C] -> 0x006F
mem[X,0x000000008001BF6E] -> 0x0800
[2887] [M]: 0x000000008001BF6C (0x0800006F) jal zero, 0x80
mem[X,0x000000008001BFEC] -> 0x3C23
mem[X,0x000000008001BFEE] -> 0x6841
[2888] [M]: 0x000000008001BFEC (0x68413C23) sd tp, 0x698(sp)
mem[0x0000000080048860] <- 0x0000000000000002
mem[X,0x000000008001BFF0] -> 0x5537
mem[X,0x000000008001BFF2] -> 0x5555
[2889] [M]: 0x000000008001BFF0 (0x55555537) lui a0, 0x55555
x10 <- 0x0000000055555000
mem[X,0x000000008001BFF4] -> 0x0513
mem[X,0x000000008001BFF6] -> 0x5555
[2890] [M]: 0x000000008001BFF4 (0x55550513) addi a0, a0, 0x555
x10 <- 0x0000000055555555
mem[X,0x000000008001BFF8] -> 0x1513
mem[X,0x000000008001BFFA] -> 0x00B5
[2891] [M]: 0x000000008001BFF8 (0x00B51513) slli a0, a0, 0xb
x10 <- 0x000002AAAAAAA800
mem[X,0x000000008001BFFC] -> 0x0513
mem[X,0x000000008001BFFE] -> 0x2AA5
[2892] [M]: 0x000000008001BFFC (0x2AA50513) addi a0, a0, 0x2aa
x10 <- 0x000002AAAAAAAAAA
mem[X,0x000000008001C000] -> 0x1513
mem[X,0x000000008001C002] -> 0x00B5
[2893] [M]: 0x000000008001C000 (0x00B51513) slli a0, a0, 0xb
x10 <- 0x0015555555555000
mem[X,0x000000008001C004] -> 0x0513
mem[X,0x000000008001C006] -> 0x5555
[2894] [M]: 0x000000008001C004 (0x55550513) addi a0, a0, 0x555
x10 <- 0x0015555555555555
mem[X,0x000000008001C008] -> 0x1513
mem[X,0x000000008001C00A] -> 0x00A5
[2895] [M]: 0x000000008001C008 (0x00A51513) slli a0, a0, 0xa
x10 <- 0x5555555555555400
mem[X,0x000000008001C00C] -> 0x0513
mem[X,0x000000008001C00E] -> 0x1555
[2896] [M]: 0x000000008001C00C (0x15550513) addi a0, a0, 0x155
x10 <- 0x5555555555555555
mem[X,0x000000008001C010] -> 0x35B7
mem[X,0x000000008001C012] -> 0x3333
[2897] [M]: 0x000000008001C010 (0x333335B7) lui a1, 0x33333
x11 <- 0x0000000033333000
mem[X,0x000000008001C014] -> 0x8593
mem[X,0x000000008001C016] -> 0x3335
[2898] [M]: 0x000000008001C014 (0x33358593) addi a1, a1, 0x333
x11 <- 0x0000000033333333
mem[X,0x000000008001C018] -> 0x9593
mem[X,0x000000008001C01A] -> 0x00B5
[2899] [M]: 0x000000008001C018 (0x00B59593) slli a1, a1, 0xb
x11 <- 0x0000019999999800
clint::tick mtime <- 0x000000000000001D
 clint timer pending at mtime 0x000000000000001D
htif::tick 0x0000000000000000
mem[X,0x000000008001C01C] -> 0x8593
mem[X,0x000000008001C01E] -> 0x1995
[2900] [M]: 0x000000008001C01C (0x19958593) addi a1, a1, 0x199
x11 <- 0x0000019999999999
mem[X,0x000000008001C020] -> 0x9593
mem[X,0x000000008001C022] -> 0x00B5
[2901] [M]: 0x000000008001C020 (0x00B59593) slli a1, a1, 0xb
x11 <- 0x000CCCCCCCCCC800
mem[X,0x000000008001C024] -> 0x8593
mem[X,0x000000008001C026] -> 0x4CC5
[2902] [M]: 0x000000008001C024 (0x4CC58593) addi a1, a1, 0x4cc
x11 <- 0x000CCCCCCCCCCCCC
mem[X,0x000000008001C028] -> 0x9593
mem[X,0x000000008001C02A] -> 0x00A5
[2903] [M]: 0x000000008001C028 (0x00A59593) slli a1, a1, 0xa
x11 <- 0x3333333333333000
mem[X,0x000000008001C02C] -> 0x8593
mem[X,0x000000008001C02E] -> 0x3345
[2904] [M]: 0x000000008001C02C (0x33458593) addi a1, a1, 0x334
x11 <- 0x3333333333333334
mem[X,0x000000008001C030] -> 0x0213
mem[X,0x000000008001C032] -> 0x0000
[2905] [M]: 0x000000008001C030 (0x00000213) addi tp, zero, 0x0
x4 <- 0x0000000000000000
mem[X,0x000000008001C034] -> 0x006F
mem[X,0x000000008001C036] -> 0x00C0
[2906] [M]: 0x000000008001C034 (0x00C0006F) jal zero, 0xc
mem[X,0x000000008001C040] -> 0x0663
mem[X,0x000000008001C042] -> 0x00B5
[2907] [M]: 0x000000008001C040 (0x00B50663) beq a0, a1, 0xc
mem[X,0x000000008001C044] -> 0x0213
mem[X,0x000000008001C046] -> 0x0022
[2908] [M]: 0x000000008001C044 (0x00220213) addi tp, tp, 0x2
x4 <- 0x0000000000000002
mem[X,0x000000008001C048] -> 0x006F
mem[X,0x000000008001C04A] -> 0x00C0
[2909] [M]: 0x000000008001C048 (0x00C0006F) jal zero, 0xc
mem[X,0x000000008001C054] -> 0x3023
mem[X,0x000000008001C056] -> 0x6A41
[2910] [M]: 0x000000008001C054 (0x6A413023) sd tp, 0x6a0(sp)
mem[0x0000000080048868] <- 0x0000000000000002
mem[X,0x000000008001C058] -> 0x5537
mem[X,0x000000008001C05A] -> 0x5555
[2911] [M]: 0x000000008001C058 (0x55555537) lui a0, 0x55555
x10 <- 0x0000000055555000
mem[X,0x000000008001C05C] -> 0x0513
mem[X,0x000000008001C05E] -> 0x5555
[2912] [M]: 0x000000008001C05C (0x55550513) addi a0, a0, 0x555
x10 <- 0x0000000055555555
mem[X,0x000000008001C060] -> 0x1513
mem[X,0x000000008001C062] -> 0x00B5
[2913] [M]: 0x000000008001C060 (0x00B51513) slli a0, a0, 0xb
x10 <- 0x000002AAAAAAA800
mem[X,0x000000008001C064] -> 0x0513
mem[X,0x000000008001C066] -> 0x2AA5
[2914] [M]: 0x000000008001C064 (0x2AA50513) addi a0, a0, 0x2aa
x10 <- 0x000002AAAAAAAAAA
mem[X,0x000000008001C068] -> 0x1513
mem[X,0x000000008001C06A] -> 0x00B5
[2915] [M]: 0x000000008001C068 (0x00B51513) slli a0, a0, 0xb
x10 <- 0x0015555555555000
mem[X,0x000000008001C06C] -> 0x0513
mem[X,0x000000008001C06E] -> 0x5555
[2916] [M]: 0x000000008001C06C (0x55550513) addi a0, a0, 0x555
x10 <- 0x0015555555555555
mem[X,0x000000008001C070] -> 0x1513
mem[X,0x000000008001C072] -> 0x00A5
[2917] [M]: 0x000000008001C070 (0x00A51513) slli a0, a0, 0xa
x10 <- 0x5555555555555400
mem[X,0x000000008001C074] -> 0x0513
mem[X,0x000000008001C076] -> 0x1555
[2918] [M]: 0x000000008001C074 (0x15550513) addi a0, a0, 0x155
x10 <- 0x5555555555555555
mem[X,0x000000008001C078] -> 0x65B7
mem[X,0x000000008001C07A] -> 0x6666
[2919] [M]: 0x000000008001C078 (0x666665B7) lui a1, 0x66666
x11 <- 0x0000000066666000
mem[X,0x000000008001C07C] -> 0x8593
mem[X,0x000000008001C07E] -> 0x6665
[2920] [M]: 0x000000008001C07C (0x66658593) addi a1, a1, 0x666
x11 <- 0x0000000066666666
mem[X,0x000000008001C080] -> 0x9593
mem[X,0x000000008001C082] -> 0x00B5
[2921] [M]: 0x000000008001C080 (0x00B59593) slli a1, a1, 0xb
x11 <- 0x0000033333333000
mem[X,0x000000008001C084] -> 0x8593
mem[X,0x000000008001C086] -> 0x3335
[2922] [M]: 0x000000008001C084 (0x33358593) addi a1, a1, 0x333
x11 <- 0x0000033333333333
mem[X,0x000000008001C088] -> 0x9593
mem[X,0x000000008001C08A] -> 0x00B5
[2923] [M]: 0x000000008001C088 (0x00B59593) slli a1, a1, 0xb
x11 <- 0x0019999999999800
mem[X,0x000000008001C08C] -> 0x8593
mem[X,0x000000008001C08E] -> 0x1995
[2924] [M]: 0x000000008001C08C (0x19958593) addi a1, a1, 0x199
x11 <- 0x0019999999999999
mem[X,0x000000008001C090] -> 0x9593
mem[X,0x000000008001C092] -> 0x00A5
[2925] [M]: 0x000000008001C090 (0x00A59593) slli a1, a1, 0xa
x11 <- 0x6666666666666400
mem[X,0x000000008001C094] -> 0x8593
mem[X,0x000000008001C096] -> 0x2675
[2926] [M]: 0x000000008001C094 (0x26758593) addi a1, a1, 0x267
x11 <- 0x6666666666666667
mem[X,0x000000008001C098] -> 0x0213
mem[X,0x000000008001C09A] -> 0x0000
[2927] [M]: 0x000000008001C098 (0x00000213) addi tp, zero, 0x0
x4 <- 0x0000000000000000
mem[X,0x000000008001C09C] -> 0x006F
mem[X,0x000000008001C09E] -> 0x00C0
[2928] [M]: 0x000000008001C09C (0x00C0006F) jal zero, 0xc
mem[X,0x000000008001C0A8] -> 0x0663
mem[X,0x000000008001C0AA] -> 0x00B5
[2929] [M]: 0x000000008001C0A8 (0x00B50663) beq a0, a1, 0xc
mem[X,0x000000008001C0AC] -> 0x0213
mem[X,0x000000008001C0AE] -> 0x0022
[2930] [M]: 0x000000008001C0AC (0x00220213) addi tp, tp, 0x2
x4 <- 0x0000000000000002
mem[X,0x000000008001C0B0] -> 0x006F
mem[X,0x000000008001C0B2] -> 0x00C0
[2931] [M]: 0x000000008001C0B0 (0x00C0006F) jal zero, 0xc
mem[X,0x000000008001C0BC] -> 0x3423
mem[X,0x000000008001C0BE] -> 0x6A41
[2932] [M]: 0x000000008001C0BC (0x6A413423) sd tp, 0x6a8(sp)
mem[0x0000000080048870] <- 0x0000000000000002
mem[X,0x000000008001C0C0] -> 0x5537
mem[X,0x000000008001C0C2] -> 0x5555
[2933] [M]: 0x000000008001C0C0 (0x55555537) lui a0, 0x55555
x10 <- 0x0000000055555000
mem[X,0x000000008001C0C4] -> 0x0513
mem[X,0x000000008001C0C6] -> 0x5555
[2934] [M]: 0x000000008001C0C4 (0x55550513) addi a0, a0, 0x555
x10 <- 0x0000000055555555
mem[X,0x000000008001C0C8] -> 0x1513
mem[X,0x000000008001C0CA] -> 0x00B5
[2935] [M]: 0x000000008001C0C8 (0x00B51513) slli a0, a0, 0xb
x10 <- 0x000002AAAAAAA800
mem[X,0x000000008001C0CC] -> 0x0513
mem[X,0x000000008001C0CE] -> 0x2AA5
[2936] [M]: 0x000000008001C0CC (0x2AA50513) addi a0, a0, 0x2aa
x10 <- 0x000002AAAAAAAAAA
mem[X,0x000000008001C0D0] -> 0x1513
mem[X,0x000000008001C0D2] -> 0x00B5
[2937] [M]: 0x000000008001C0D0 (0x00B51513) slli a0, a0, 0xb
x10 <- 0x0015555555555000
mem[X,0x000000008001C0D4] -> 0x0513
mem[X,0x000000008001C0D6] -> 0x5555
[2938] [M]: 0x000000008001C0D4 (0x55550513) addi a0, a0, 0x555
x10 <- 0x0015555555555555
mem[X,0x000000008001C0D8] -> 0x1513
mem[X,0x000000008001C0DA] -> 0x00A5
[2939] [M]: 0x000000008001C0D8 (0x00A51513) slli a0, a0, 0xa
x10 <- 0x5555555555555400
mem[X,0x000000008001C0DC] -> 0x0513
mem[X,0x000000008001C0DE] -> 0x1555
[2940] [M]: 0x000000008001C0DC (0x15550513) addi a0, a0, 0x155
x10 <- 0x5555555555555555
mem[X,0x000000008001C0E0] -> 0x05B7
mem[X,0x000000008001C0E2] -> 0x0000
[2941] [M]: 0x000000008001C0E0 (0x000005B7) lui a1, 0x0
x11 <- 0x0000000000000000
mem[X,0x000000008001C0E4] -> 0x8593
mem[X,0x000000008001C0E6] -> 0xFFF5
[2942] [M]: 0x000000008001C0E4 (0xFFF58593) addi a1, a1, -0x1
x11 <- 0xFFFFFFFFFFFFFFFF
mem[X,0x000000008001C0E8] -> 0x9593
mem[X,0x000000008001C0EA] -> 0x00B5
[2943] [M]: 0x000000008001C0E8 (0x00B59593) slli a1, a1, 0xb
x11 <- 0xFFFFFFFFFFFFF800
mem[X,0x000000008001C0EC] -> 0x8593
mem[X,0x000000008001C0EE] -> 0x2575
[2944] [M]: 0x000000008001C0EC (0x25758593) addi a1, a1, 0x257
x11 <- 0xFFFFFFFFFFFFFA57
mem[X,0x000000008001C0F0] -> 0x9593
mem[X,0x000000008001C0F2] -> 0x00B5
[2945] [M]: 0x000000008001C0F0 (0x00B59593) slli a1, a1, 0xb
x11 <- 0xFFFFFFFFFFD2B800
mem[X,0x000000008001C0F4] -> 0x8593
mem[X,0x000000008001C0F6] -> 0x6C35
[2946] [M]: 0x000000008001C0F4 (0x6C358593) addi a1, a1, 0x6c3
x11 <- 0xFFFFFFFFFFD2BEC3
mem[X,0x000000008001C0F8] -> 0x9593
mem[X,0x000000008001C0FA] -> 0x00A5
[2947] [M]: 0x000000008001C0F8 (0x00A59593) slli a1, a1, 0xa
x11 <- 0xFFFFFFFF4AFB0C00
mem[X,0x000000008001C0FC] -> 0x8593
mem[X,0x000000008001C0FE] -> 0x0CE5
[2948] [M]: 0x000000008001C0FC (0x0CE58593) addi a1, a1, 0xce
x11 <- 0xFFFFFFFF4AFB0CCE
mem[X,0x000000008001C100] -> 0x0213
mem[X,0x000000008001C102] -> 0x0000
[2949] [M]: 0x000000008001C100 (0x00000213) addi tp, zero, 0x0
x4 <- 0x0000000000000000
mem[X,0x000000008001C104] -> 0x006F
mem[X,0x000000008001C106] -> 0x0100
[2950] [M]: 0x000000008001C104 (0x0100006F) jal zero, 0x10
mem[X,0x000000008001C114] -> 0x0AE3
mem[X,0x000000008001C116] -> 0xFEB5
[2951] [M]: 0x000000008001C114 (0xFEB50AE3) beq a0, a1, -0xc
mem[X,0x000000008001C118] -> 0x0213
mem[X,0x000000008001C11A] -> 0x0022
[2952] [M]: 0x000000008001C118 (0x00220213) addi tp, tp, 0x2
x4 <- 0x0000000000000002
mem[X,0x000000008001C11C] -> 0x006F
mem[X,0x000000008001C11E] -> 0x00C0
[2953] [M]: 0x000000008001C11C (0x00C0006F) jal zero, 0xc
mem[X,0x000000008001C128] -> 0x3823
mem[X,0x000000008001C12A] -> 0x6A41
[2954] [M]: 0x000000008001C128 (0x6A413823) sd tp, 0x6b0(sp)
mem[0x0000000080048878] <- 0x0000000000000002
mem[X,0x000000008001C12C] -> 0x5537
mem[X,0x000000008001C12E] -> 0x5555
[2955] [M]: 0x000000008001C12C (0x55555537) lui a0, 0x55555
x10 <- 0x0000000055555000
mem[X,0x000000008001C130] -> 0x0513
mem[X,0x000000008001C132] -> 0x5555
[2956] [M]: 0x000000008001C130 (0x55550513) addi a0, a0, 0x555
x10 <- 0x0000000055555555
mem[X,0x000000008001C134] -> 0x1513
mem[X,0x000000008001C136] -> 0x00B5
[2957] [M]: 0x000000008001C134 (0x00B51513) slli a0, a0, 0xb
x10 <- 0x000002AAAAAAA800
mem[X,0x000000008001C138] -> 0x0513
mem[X,0x000000008001C13A] -> 0x2AA5
[2958] [M]: 0x000000008001C138 (0x2AA50513) addi a0, a0, 0x2aa
x10 <- 0x000002AAAAAAAAAA
mem[X,0x000000008001C13C] -> 0x1513
mem[X,0x000000008001C13E] -> 0x00B5
[2959] [M]: 0x000000008001C13C (0x00B51513) slli a0, a0, 0xb
x10 <- 0x0015555555555000
mem[X,0x000000008001C140] -> 0x0513
mem[X,0x000000008001C142] -> 0x5555
[2960] [M]: 0x000000008001C140 (0x55550513) addi a0, a0, 0x555
x10 <- 0x0015555555555555
mem[X,0x000000008001C144] -> 0x1513
mem[X,0x000000008001C146] -> 0x00A5
[2961] [M]: 0x000000008001C144 (0x00A51513) slli a0, a0, 0xa
x10 <- 0x5555555555555400
mem[X,0x000000008001C148] -> 0x0513
mem[X,0x000000008001C14A] -> 0x1555
[2962] [M]: 0x000000008001C148 (0x15550513) addi a0, a0, 0x155
x10 <- 0x5555555555555555
mem[X,0x000000008001C14C] -> 0x05B7
mem[X,0x000000008001C14E] -> 0x0000
[2963] [M]: 0x000000008001C14C (0x000005B7) lui a1, 0x0
x11 <- 0x0000000000000000
mem[X,0x000000008001C150] -> 0x8593
mem[X,0x000000008001C152] -> 0x0005
[2964] [M]: 0x000000008001C150 (0x00058593) addi a1, a1, 0x0
x11 <- 0x0000000000000000
mem[X,0x000000008001C154] -> 0x9593
mem[X,0x000000008001C156] -> 0x00B5
[2965] [M]: 0x000000008001C154 (0x00B59593) slli a1, a1, 0xb
x11 <- 0x0000000000000000
mem[X,0x000000008001C158] -> 0x8593
mem[X,0x000000008001C15A] -> 0x5A85
[2966] [M]: 0x000000008001C158 (0x5A858593) addi a1, a1, 0x5a8
x11 <- 0x00000000000005A8
mem[X,0x000000008001C15C] -> 0x9593
mem[X,0x000000008001C15E] -> 0x00B5
[2967] [M]: 0x000000008001C15C (0x00B59593) slli a1, a1, 0xb
x11 <- 0x00000000002D4000
mem[X,0x000000008001C160] -> 0x8593
mem[X,0x000000008001C162] -> 0x13C5
[2968] [M]: 0x000000008001C160 (0x13C58593) addi a1, a1, 0x13c
x11 <- 0x00000000002D413C
mem[X,0x000000008001C164] -> 0x9593
mem[X,0x000000008001C166] -> 0x00A5
[2969] [M]: 0x000000008001C164 (0x00A59593) slli a1, a1, 0xa
x11 <- 0x00000000B504F000
mem[X,0x000000008001C168] -> 0x8593
mem[X,0x000000008001C16A] -> 0x3345
[2970] [M]: 0x000000008001C168 (0x33458593) addi a1, a1, 0x334
x11 <- 0x00000000B504F334
mem[X,0x000000008001C16C] -> 0x0213
mem[X,0x000000008001C16E] -> 0x0000
[2971] [M]: 0x000000008001C16C (0x00000213) addi tp, zero, 0x0
x4 <- 0x0000000000000000
mem[X,0x000000008001C170] -> 0x006F
mem[X,0x000000008001C172] -> 0x0100
[2972] [M]: 0x000000008001C170 (0x0100006F) jal zero, 0x10
mem[X,0x000000008001C180] -> 0x0AE3
mem[X,0x000000008001C182] -> 0xFEB5
[2973] [M]: 0x000000008001C180 (0xFEB50AE3) beq a0, a1, -0xc
mem[X,0x000000008001C184] -> 0x0213
mem[X,0x000000008001C186] -> 0x0022
[2974] [M]: 0x000000008001C184 (0x00220213) addi tp, tp, 0x2
x4 <- 0x0000000000000002
mem[X,0x000000008001C188] -> 0x006F
mem[X,0x000000008001C18A] -> 0x00C0
[2975] [M]: 0x000000008001C188 (0x00C0006F) jal zero, 0xc
mem[X,0x000000008001C194] -> 0x3C23
mem[X,0x000000008001C196] -> 0x6A41
[2976] [M]: 0x000000008001C194 (0x6A413C23) sd tp, 0x6b8(sp)
mem[0x0000000080048880] <- 0x0000000000000002
mem[X,0x000000008001C198] -> 0xB537
mem[X,0x000000008001C19A] -> 0xAAAA
[2977] [M]: 0x000000008001C198 (0xAAAAB537) lui a0, -0x55555
x10 <- 0xFFFFFFFFAAAAB000
mem[X,0x000000008001C19C] -> 0x0513
mem[X,0x000000008001C19E] -> 0xAAA5
[2978] [M]: 0x000000008001C19C (0xAAA50513) addi a0, a0, -0x556
x10 <- 0xFFFFFFFFAAAAAAAA
mem[X,0x000000008001C1A0] -> 0x1513
mem[X,0x000000008001C1A2] -> 0x00B5
[2979] [M]: 0x000000008001C1A0 (0x00B51513) slli a0, a0, 0xb
x10 <- 0xFFFFFD5555555000
mem[X,0x000000008001C1A4] -> 0x0513
mem[X,0x000000008001C1A6] -> 0x5555
[2980] [M]: 0x000000008001C1A4 (0x55550513) addi a0, a0, 0x555
x10 <- 0xFFFFFD5555555555
mem[X,0x000000008001C1A8] -> 0x1513
mem[X,0x000000008001C1AA] -> 0x00B5
[2981] [M]: 0x000000008001C1A8 (0x00B51513) slli a0, a0, 0xb
x10 <- 0xFFEAAAAAAAAAA800
mem[X,0x000000008001C1AC] -> 0x0513
mem[X,0x000000008001C1AE] -> 0x2AA5
[2982] [M]: 0x000000008001C1AC (0x2AA50513) addi a0, a0, 0x2aa
x10 <- 0xFFEAAAAAAAAAAAAA
mem[X,0x000000008001C1B0] -> 0x1513
mem[X,0x000000008001C1B2] -> 0x00A5
[2983] [M]: 0x000000008001C1B0 (0x00A51513) slli a0, a0, 0xa
x10 <- 0xAAAAAAAAAAAAA800
mem[X,0x000000008001C1B4] -> 0x0513
mem[X,0x000000008001C1B6] -> 0x2AA5
[2984] [M]: 0x000000008001C1B4 (0x2AA50513) addi a0, a0, 0x2aa
x10 <- 0xAAAAAAAAAAAAAAAA
mem[X,0x000000008001C1B8] -> 0x0593
mem[X,0x000000008001C1BA] -> 0x0030
[2985] [M]: 0x000000008001C1B8 (0x00300593) addi a1, zero, 0x3
x11 <- 0x0000000000000003
mem[X,0x000000008001C1BC] -> 0x0213
mem[X,0x000000008001C1BE] -> 0x0000
[2986] [M]: 0x000000008001C1BC (0x00000213) addi tp, zero, 0x0
x4 <- 0x0000000000000000
mem[X,0x000000008001C1C0] -> 0x006F
mem[X,0x000000008001C1C2] -> 0x0050
[2987] [M]: 0x000000008001C1C0 (0x0050006F) jal zero, 0x804
mem[X,0x000000008001C9C4] -> 0x00E3
mem[X,0x000000008001C9C6] -> 0x80B5
[2988] [M]: 0x000000008001C9C4 (0x80B500E3) beq a0, a1, -0x800
mem[X,0x000000008001C9C8] -> 0x0213
mem[X,0x000000008001C9CA] -> 0x0022
[2989] [M]: 0x000000008001C9C8 (0x00220213) addi tp, tp, 0x2
x4 <- 0x0000000000000002
mem[X,0x000000008001C9CC] -> 0x006F
mem[X,0x000000008001C9CE] -> 0x00C0
[2990] [M]: 0x000000008001C9CC (0x00C0006F) jal zero, 0xc
mem[X,0x000000008001C9D8] -> 0x3023
mem[X,0x000000008001C9DA] -> 0x6C41
[2991] [M]: 0x000000008001C9D8 (0x6C413023) sd tp, 0x6c0(sp)
mem[0x0000000080048888] <- 0x0000000000000002
mem[X,0x000000008001C9DC] -> 0xB537
mem[X,0x000000008001C9DE] -> 0xAAAA
[2992] [M]: 0x000000008001C9DC (0xAAAAB537) lui a0, -0x55555
x10 <- 0xFFFFFFFFAAAAB000
mem[X,0x000000008001C9E0] -> 0x0513
mem[X,0x000000008001C9E2] -> 0xAAA5
[2993] [M]: 0x000000008001C9E0 (0xAAA50513) addi a0, a0, -0x556
x10 <- 0xFFFFFFFFAAAAAAAA
mem[X,0x000000008001C9E4] -> 0x1513
mem[X,0x000000008001C9E6] -> 0x00B5
[2994] [M]: 0x000000008001C9E4 (0x00B51513) slli a0, a0, 0xb
x10 <- 0xFFFFFD5555555000
mem[X,0x000000008001C9E8] -> 0x0513
mem[X,0x000000008001C9EA] -> 0x5555
[2995] [M]: 0x000000008001C9E8 (0x55550513) addi a0, a0, 0x555
x10 <- 0xFFFFFD5555555555
mem[X,0x000000008001C9EC] -> 0x1513
mem[X,0x000000008001C9EE] -> 0x00B5
[2996] [M]: 0x000000008001C9EC (0x00B51513) slli a0, a0, 0xb
x10 <- 0xFFEAAAAAAAAAA800
mem[X,0x000000008001C9F0] -> 0x0513
mem[X,0x000000008001C9F2] -> 0x2AA5
[2997] [M]: 0x000000008001C9F0 (0x2AA50513) addi a0, a0, 0x2aa
x10 <- 0xFFEAAAAAAAAAAAAA
mem[X,0x000000008001C9F4] -> 0x1513
mem[X,0x000000008001C9F6] -> 0x00A5
[2998] [M]: 0x000000008001C9F4 (0x00A51513) slli a0, a0, 0xa
x10 <- 0xAAAAAAAAAAAAA800
mem[X,0x000000008001C9F8] -> 0x0513
mem[X,0x000000008001C9FA] -> 0x2AA5
[2999] [M]: 0x000000008001C9F8 (0x2AA50513) addi a0, a0, 0x2aa
x10 <- 0xAAAAAAAAAAAAAAAA
clint::tick mtime <- 0x000000000000001E
 clint timer pending at mtime 0x000000000000001E
htif::tick 0x0000000000000000
mem[X,0x000000008001C9FC] -> 0x55B7
mem[X,0x000000008001C9FE] -> 0x5555
[3000] [M]: 0x000000008001C9FC (0x555555B7) lui a1, 0x55555
x11 <- 0x0000000055555000
mem[X,0x000000008001CA00] -> 0x8593
mem[X,0x000000008001CA02] -> 0x5555
[3001] [M]: 0x000000008001CA00 (0x55558593) addi a1, a1, 0x555
x11 <- 0x0000000055555555
mem[X,0x000000008001CA04] -> 0x9593
mem[X,0x000000008001CA06] -> 0x00B5
[3002] [M]: 0x000000008001CA04 (0x00B59593) slli a1, a1, 0xb
x11 <- 0x000002AAAAAAA800
mem[X,0x000000008001CA08] -> 0x8593
mem[X,0x000000008001CA0A] -> 0x2AA5
[3003] [M]: 0x000000008001CA08 (0x2AA58593) addi a1, a1, 0x2aa
x11 <- 0x000002AAAAAAAAAA
mem[X,0x000000008001CA0C] -> 0x9593
mem[X,0x000000008001CA0E] -> 0x00B5
[3004] [M]: 0x000000008001CA0C (0x00B59593) slli a1, a1, 0xb
x11 <- 0x0015555555555000
mem[X,0x000000008001CA10] -> 0x8593
mem[X,0x000000008001CA12] -> 0x5555
[3005] [M]: 0x000000008001CA10 (0x55558593) addi a1, a1, 0x555
x11 <- 0x0015555555555555
mem[X,0x000000008001CA14] -> 0x9593
mem[X,0x000000008001CA16] -> 0x00A5
[3006] [M]: 0x000000008001CA14 (0x00A59593) slli a1, a1, 0xa
x11 <- 0x5555555555555400
mem[X,0x000000008001CA18] -> 0x8593
mem[X,0x000000008001CA1A] -> 0x1555
[3007] [M]: 0x000000008001CA18 (0x15558593) addi a1, a1, 0x155
x11 <- 0x5555555555555555
mem[X,0x000000008001CA1C] -> 0x0213
mem[X,0x000000008001CA1E] -> 0x0000
[3008] [M]: 0x000000008001CA1C (0x00000213) addi tp, zero, 0x0
x4 <- 0x0000000000000000
mem[X,0x000000008001CA20] -> 0x006F
mem[X,0x000000008001CA22] -> 0x00C0
[3009] [M]: 0x000000008001CA20 (0x00C0006F) jal zero, 0xc
mem[X,0x000000008001CA2C] -> 0x0CE3
mem[X,0x000000008001CA2E] -> 0xFEB5
[3010] [M]: 0x000000008001CA2C (0xFEB50CE3) beq a0, a1, -0x8
mem[X,0x000000008001CA30] -> 0x0213
mem[X,0x000000008001CA32] -> 0x0022
[3011] [M]: 0x000000008001CA30 (0x00220213) addi tp, tp, 0x2
x4 <- 0x0000000000000002
mem[X,0x000000008001CA34] -> 0x006F
mem[X,0x000000008001CA36] -> 0x00C0
[3012] [M]: 0x000000008001CA34 (0x00C0006F) jal zero, 0xc
mem[X,0x000000008001CA40] -> 0x3423
mem[X,0x000000008001CA42] -> 0x6C41
[3013] [M]: 0x000000008001CA40 (0x6C413423) sd tp, 0x6c8(sp)
mem[0x0000000080048890] <- 0x0000000000000002
mem[X,0x000000008001CA44] -> 0xB537
mem[X,0x000000008001CA46] -> 0xAAAA
[3014] [M]: 0x000000008001CA44 (0xAAAAB537) lui a0, -0x55555
x10 <- 0xFFFFFFFFAAAAB000
mem[X,0x000000008001CA48] -> 0x0513
mem[X,0x000000008001CA4A] -> 0xAAA5
[3015] [M]: 0x000000008001CA48 (0xAAA50513) addi a0, a0, -0x556
x10 <- 0xFFFFFFFFAAAAAAAA
mem[X,0x000000008001CA4C] -> 0x1513
mem[X,0x000000008001CA4E] -> 0x00B5
[3016] [M]: 0x000000008001CA4C (0x00B51513) slli a0, a0, 0xb
x10 <- 0xFFFFFD5555555000
mem[X,0x000000008001CA50] -> 0x0513
mem[X,0x000000008001CA52] -> 0x5555
[3017] [M]: 0x000000008001CA50 (0x55550513) addi a0, a0, 0x555
x10 <- 0xFFFFFD5555555555
mem[X,0x000000008001CA54] -> 0x1513
mem[X,0x000000008001CA56] -> 0x00B5
[3018] [M]: 0x000000008001CA54 (0x00B51513) slli a0, a0, 0xb
x10 <- 0xFFEAAAAAAAAAA800
mem[X,0x000000008001CA58] -> 0x0513
mem[X,0x000000008001CA5A] -> 0x2AA5
[3019] [M]: 0x000000008001CA58 (0x2AA50513) addi a0, a0, 0x2aa
x10 <- 0xFFEAAAAAAAAAAAAA
mem[X,0x000000008001CA5C] -> 0x1513
mem[X,0x000000008001CA5E] -> 0x00A5
[3020] [M]: 0x000000008001CA5C (0x00A51513) slli a0, a0, 0xa
x10 <- 0xAAAAAAAAAAAAA800
mem[X,0x000000008001CA60] -> 0x0513
mem[X,0x000000008001CA62] -> 0x2AA5
[3021] [M]: 0x000000008001CA60 (0x2AA50513) addi a0, a0, 0x2aa
x10 <- 0xAAAAAAAAAAAAAAAA
mem[X,0x000000008001CA64] -> 0xB5B7
mem[X,0x000000008001CA66] -> 0xAAAA
[3022] [M]: 0x000000008001CA64 (0xAAAAB5B7) lui a1, -0x55555
x11 <- 0xFFFFFFFFAAAAB000
mem[X,0x000000008001CA68] -> 0x8593
mem[X,0x000000008001CA6A] -> 0xAAA5
[3023] [M]: 0x000000008001CA68 (0xAAA58593) addi a1, a1, -0x556
x11 <- 0xFFFFFFFFAAAAAAAA
mem[X,0x000000008001CA6C] -> 0x9593
mem[X,0x000000008001CA6E] -> 0x00B5
[3024] [M]: 0x000000008001CA6C (0x00B59593) slli a1, a1, 0xb
x11 <- 0xFFFFFD5555555000
mem[X,0x000000008001CA70] -> 0x8593
mem[X,0x000000008001CA72] -> 0x5555
[3025] [M]: 0x000000008001CA70 (0x55558593) addi a1, a1, 0x555
x11 <- 0xFFFFFD5555555555
mem[X,0x000000008001CA74] -> 0x9593
mem[X,0x000000008001CA76] -> 0x00B5
[3026] [M]: 0x000000008001CA74 (0x00B59593) slli a1, a1, 0xb
x11 <- 0xFFEAAAAAAAAAA800
mem[X,0x000000008001CA78] -> 0x8593
mem[X,0x000000008001CA7A] -> 0x2AA5
[3027] [M]: 0x000000008001CA78 (0x2AA58593) addi a1, a1, 0x2aa
x11 <- 0xFFEAAAAAAAAAAAAA
mem[X,0x000000008001CA7C] -> 0x9593
mem[X,0x000000008001CA7E] -> 0x00A5
[3028] [M]: 0x000000008001CA7C (0x00A59593) slli a1, a1, 0xa
x11 <- 0xAAAAAAAAAAAAA800
mem[X,0x000000008001CA80] -> 0x8593
mem[X,0x000000008001CA82] -> 0x2AA5
[3029] [M]: 0x000000008001CA80 (0x2AA58593) addi a1, a1, 0x2aa
x11 <- 0xAAAAAAAAAAAAAAAA
mem[X,0x000000008001CA84] -> 0x0213
mem[X,0x000000008001CA86] -> 0x0000
[3030] [M]: 0x000000008001CA84 (0x00000213) addi tp, zero, 0x0
x4 <- 0x0000000000000000
mem[X,0x000000008001CA88] -> 0x006F
mem[X,0x000000008001CA8A] -> 0x00C0
[3031] [M]: 0x000000008001CA88 (0x00C0006F) jal zero, 0xc
mem[X,0x000000008001CA94] -> 0x0063
mem[X,0x000000008001CA96] -> 0x04B5
[3032] [M]: 0x000000008001CA94 (0x04B50063) beq a0, a1, 0x40
mem[X,0x000000008001CAD4] -> 0x0213
mem[X,0x000000008001CAD6] -> 0x0032
[3033] [M]: 0x000000008001CAD4 (0x00320213) addi tp, tp, 0x3
x4 <- 0x0000000000000003
mem[X,0x000000008001CAD8] -> 0x006F
mem[X,0x000000008001CADA] -> 0x0040
[3034] [M]: 0x000000008001CAD8 (0x0040006F) jal zero, 0x4
mem[X,0x000000008001CADC] -> 0x3823
mem[X,0x000000008001CADE] -> 0x6C41
[3035] [M]: 0x000000008001CADC (0x6C413823) sd tp, 0x6d0(sp)
mem[0x0000000080048898] <- 0x0000000000000003
mem[X,0x000000008001CAE0] -> 0xB537
mem[X,0x000000008001CAE2] -> 0xAAAA
[3036] [M]: 0x000000008001CAE0 (0xAAAAB537) lui a0, -0x55555
x10 <- 0xFFFFFFFFAAAAB000
mem[X,0x000000008001CAE4] -> 0x0513
mem[X,0x000000008001CAE6] -> 0xAAA5
[3037] [M]: 0x000000008001CAE4 (0xAAA50513) addi a0, a0, -0x556
x10 <- 0xFFFFFFFFAAAAAAAA
mem[X,0x000000008001CAE8] -> 0x1513
mem[X,0x000000008001CAEA] -> 0x00B5
[3038] [M]: 0x000000008001CAE8 (0x00B51513) slli a0, a0, 0xb
x10 <- 0xFFFFFD5555555000
mem[X,0x000000008001CAEC] -> 0x0513
mem[X,0x000000008001CAEE] -> 0x5555
[3039] [M]: 0x000000008001CAEC (0x55550513) addi a0, a0, 0x555
x10 <- 0xFFFFFD5555555555
mem[X,0x000000008001CAF0] -> 0x1513
mem[X,0x000000008001CAF2] -> 0x00B5
[3040] [M]: 0x000000008001CAF0 (0x00B51513) slli a0, a0, 0xb
x10 <- 0xFFEAAAAAAAAAA800
mem[X,0x000000008001CAF4] -> 0x0513
mem[X,0x000000008001CAF6] -> 0x2AA5
[3041] [M]: 0x000000008001CAF4 (0x2AA50513) addi a0, a0, 0x2aa
x10 <- 0xFFEAAAAAAAAAAAAA
mem[X,0x000000008001CAF8] -> 0x1513
mem[X,0x000000008001CAFA] -> 0x00A5
[3042] [M]: 0x000000008001CAF8 (0x00A51513) slli a0, a0, 0xa
x10 <- 0xAAAAAAAAAAAAA800
mem[X,0x000000008001CAFC] -> 0x0513
mem[X,0x000000008001CAFE] -> 0x2AA5
[3043] [M]: 0x000000008001CAFC (0x2AA50513) addi a0, a0, 0x2aa
x10 <- 0xAAAAAAAAAAAAAAAA
mem[X,0x000000008001CB00] -> 0x0593
mem[X,0x000000008001CB02] -> 0x0050
[3044] [M]: 0x000000008001CB00 (0x00500593) addi a1, zero, 0x5
x11 <- 0x0000000000000005
mem[X,0x000000008001CB04] -> 0x0213
mem[X,0x000000008001CB06] -> 0x0000
[3045] [M]: 0x000000008001CB04 (0x00000213) addi tp, zero, 0x0
x4 <- 0x0000000000000000
mem[X,0x000000008001CB08] -> 0x006F
mem[X,0x000000008001CB0A] -> 0x2B10
[3046] [M]: 0x000000008001CB08 (0x2B10006F) jal zero, 0xab0
mem[X,0x000000008001D5B8] -> 0x0A63
mem[X,0x000000008001D5BA] -> 0xD4B5
[3047] [M]: 0x000000008001D5B8 (0xD4B50A63) beq a0, a1, -0xaac
mem[X,0x000000008001D5BC] -> 0x0213
mem[X,0x000000008001D5BE] -> 0x0022
[3048] [M]: 0x000000008001D5BC (0x00220213) addi tp, tp, 0x2
x4 <- 0x0000000000000002
mem[X,0x000000008001D5C0] -> 0x006F
mem[X,0x000000008001D5C2] -> 0x00C0
[3049] [M]: 0x000000008001D5C0 (0x00C0006F) jal zero, 0xc
mem[X,0x000000008001D5CC] -> 0x3C23
mem[X,0x000000008001D5CE] -> 0x6C41
[3050] [M]: 0x000000008001D5CC (0x6C413C23) sd tp, 0x6d8(sp)
mem[0x00000000800488A0] <- 0x0000000000000002
mem[X,0x000000008001D5D0] -> 0xB537
mem[X,0x000000008001D5D2] -> 0xAAAA
[3051] [M]: 0x000000008001D5D0 (0xAAAAB537) lui a0, -0x55555
x10 <- 0xFFFFFFFFAAAAB000
mem[X,0x000000008001D5D4] -> 0x0513
mem[X,0x000000008001D5D6] -> 0xAAA5
[3052] [M]: 0x000000008001D5D4 (0xAAA50513) addi a0, a0, -0x556
x10 <- 0xFFFFFFFFAAAAAAAA
mem[X,0x000000008001D5D8] -> 0x1513
mem[X,0x000000008001D5DA] -> 0x00B5
[3053] [M]: 0x000000008001D5D8 (0x00B51513) slli a0, a0, 0xb
x10 <- 0xFFFFFD5555555000
mem[X,0x000000008001D5DC] -> 0x0513
mem[X,0x000000008001D5DE] -> 0x5555
[3054] [M]: 0x000000008001D5DC (0x55550513) addi a0, a0, 0x555
x10 <- 0xFFFFFD5555555555
mem[X,0x000000008001D5E0] -> 0x1513
mem[X,0x000000008001D5E2] -> 0x00B5
[3055] [M]: 0x000000008001D5E0 (0x00B51513) slli a0, a0, 0xb
x10 <- 0xFFEAAAAAAAAAA800
mem[X,0x000000008001D5E4] -> 0x0513
mem[X,0x000000008001D5E6] -> 0x2AA5
[3056] [M]: 0x000000008001D5E4 (0x2AA50513) addi a0, a0, 0x2aa
x10 <- 0xFFEAAAAAAAAAAAAA
mem[X,0x000000008001D5E8] -> 0x1513
mem[X,0x000000008001D5EA] -> 0x00A5
[3057] [M]: 0x000000008001D5E8 (0x00A51513) slli a0, a0, 0xa
x10 <- 0xAAAAAAAAAAAAA800
mem[X,0x000000008001D5EC] -> 0x0513
mem[X,0x000000008001D5EE] -> 0x2AA5
[3058] [M]: 0x000000008001D5EC (0x2AA50513) addi a0, a0, 0x2aa
x10 <- 0xAAAAAAAAAAAAAAAA
mem[X,0x000000008001D5F0] -> 0x35B7
mem[X,0x000000008001D5F2] -> 0x3333
[3059] [M]: 0x000000008001D5F0 (0x333335B7) lui a1, 0x33333
x11 <- 0x0000000033333000
mem[X,0x000000008001D5F4] -> 0x8593
mem[X,0x000000008001D5F6] -> 0x3335
[3060] [M]: 0x000000008001D5F4 (0x33358593) addi a1, a1, 0x333
x11 <- 0x0000000033333333
mem[X,0x000000008001D5F8] -> 0x9593
mem[X,0x000000008001D5FA] -> 0x00B5
[3061] [M]: 0x000000008001D5F8 (0x00B59593) slli a1, a1, 0xb
x11 <- 0x0000019999999800
mem[X,0x000000008001D5FC] -> 0x8593
mem[X,0x000000008001D5FE] -> 0x1995
[3062] [M]: 0x000000008001D5FC (0x19958593) addi a1, a1, 0x199
x11 <- 0x0000019999999999
mem[X,0x000000008001D600] -> 0x9593
mem[X,0x000000008001D602] -> 0x00B5
[3063] [M]: 0x000000008001D600 (0x00B59593) slli a1, a1, 0xb
x11 <- 0x000CCCCCCCCCC800
mem[X,0x000000008001D604] -> 0x8593
mem[X,0x000000008001D606] -> 0x4CC5
[3064] [M]: 0x000000008001D604 (0x4CC58593) addi a1, a1, 0x4cc
x11 <- 0x000CCCCCCCCCCCCC
mem[X,0x000000008001D608] -> 0x9593
mem[X,0x000000008001D60A] -> 0x00A5
[3065] [M]: 0x000000008001D608 (0x00A59593) slli a1, a1, 0xa
x11 <- 0x3333333333333000
mem[X,0x000000008001D60C] -> 0x8593
mem[X,0x000000008001D60E] -> 0x3335
[3066] [M]: 0x000000008001D60C (0x33358593) addi a1, a1, 0x333
x11 <- 0x3333333333333333
mem[X,0x000000008001D610] -> 0x0213
mem[X,0x000000008001D612] -> 0x0000
[3067] [M]: 0x000000008001D610 (0x00000213) addi tp, zero, 0x0
x4 <- 0x0000000000000000
mem[X,0x000000008001D614] -> 0x006F
mem[X,0x000000008001D616] -> 0x00C0
[3068] [M]: 0x000000008001D614 (0x00C0006F) jal zero, 0xc
mem[X,0x000000008001D620] -> 0x0CE3
mem[X,0x000000008001D622] -> 0xFEB5
[3069] [M]: 0x000000008001D620 (0xFEB50CE3) beq a0, a1, -0x8
mem[X,0x000000008001D624] -> 0x0213
mem[X,0x000000008001D626] -> 0x0022
[3070] [M]: 0x000000008001D624 (0x00220213) addi tp, tp, 0x2
x4 <- 0x0000000000000002
mem[X,0x000000008001D628] -> 0x006F
mem[X,0x000000008001D62A] -> 0x00C0
[3071] [M]: 0x000000008001D628 (0x00C0006F) jal zero, 0xc
mem[X,0x000000008001D634] -> 0x3023
mem[X,0x000000008001D636] -> 0x6E41
[3072] [M]: 0x000000008001D634 (0x6E413023) sd tp, 0x6e0(sp)
mem[0x00000000800488A8] <- 0x0000000000000002
mem[X,0x000000008001D638] -> 0xB537
mem[X,0x000000008001D63A] -> 0xAAAA
[3073] [M]: 0x000000008001D638 (0xAAAAB537) lui a0, -0x55555
x10 <- 0xFFFFFFFFAAAAB000
mem[X,0x000000008001D63C] -> 0x0513
mem[X,0x000000008001D63E] -> 0xAAA5
[3074] [M]: 0x000000008001D63C (0xAAA50513) addi a0, a0, -0x556
x10 <- 0xFFFFFFFFAAAAAAAA
mem[X,0x000000008001D640] -> 0x1513
mem[X,0x000000008001D642] -> 0x00B5
[3075] [M]: 0x000000008001D640 (0x00B51513) slli a0, a0, 0xb
x10 <- 0xFFFFFD5555555000
mem[X,0x000000008001D644] -> 0x0513
mem[X,0x000000008001D646] -> 0x5555
[3076] [M]: 0x000000008001D644 (0x55550513) addi a0, a0, 0x555
x10 <- 0xFFFFFD5555555555
mem[X,0x000000008001D648] -> 0x1513
mem[X,0x000000008001D64A] -> 0x00B5
[3077] [M]: 0x000000008001D648 (0x00B51513) slli a0, a0, 0xb
x10 <- 0xFFEAAAAAAAAAA800
mem[X,0x000000008001D64C] -> 0x0513
mem[X,0x000000008001D64E] -> 0x2AA5
[3078] [M]: 0x000000008001D64C (0x2AA50513) addi a0, a0, 0x2aa
x10 <- 0xFFEAAAAAAAAAAAAA
mem[X,0x000000008001D650] -> 0x1513
mem[X,0x000000008001D652] -> 0x00A5
[3079] [M]: 0x000000008001D650 (0x00A51513) slli a0, a0, 0xa
x10 <- 0xAAAAAAAAAAAAA800
mem[X,0x000000008001D654] -> 0x0513
mem[X,0x000000008001D656] -> 0x2AA5
[3080] [M]: 0x000000008001D654 (0x2AA50513) addi a0, a0, 0x2aa
x10 <- 0xAAAAAAAAAAAAAAAA
mem[X,0x000000008001D658] -> 0x65B7
mem[X,0x000000008001D65A] -> 0x6666
[3081] [M]: 0x000000008001D658 (0x666665B7) lui a1, 0x66666
x11 <- 0x0000000066666000
mem[X,0x000000008001D65C] -> 0x8593
mem[X,0x000000008001D65E] -> 0x6665
[3082] [M]: 0x000000008001D65C (0x66658593) addi a1, a1, 0x666
x11 <- 0x0000000066666666
mem[X,0x000000008001D660] -> 0x9593
mem[X,0x000000008001D662] -> 0x00B5
[3083] [M]: 0x000000008001D660 (0x00B59593) slli a1, a1, 0xb
x11 <- 0x0000033333333000
mem[X,0x000000008001D664] -> 0x8593
mem[X,0x000000008001D666] -> 0x3335
[3084] [M]: 0x000000008001D664 (0x33358593) addi a1, a1, 0x333
x11 <- 0x0000033333333333
mem[X,0x000000008001D668] -> 0x9593
mem[X,0x000000008001D66A] -> 0x00B5
[3085] [M]: 0x000000008001D668 (0x00B59593) slli a1, a1, 0xb
x11 <- 0x0019999999999800
mem[X,0x000000008001D66C] -> 0x8593
mem[X,0x000000008001D66E] -> 0x1995
[3086] [M]: 0x000000008001D66C (0x19958593) addi a1, a1, 0x199
x11 <- 0x0019999999999999
mem[X,0x000000008001D670] -> 0x9593
mem[X,0x000000008001D672] -> 0x00A5
[3087] [M]: 0x000000008001D670 (0x00A59593) slli a1, a1, 0xa
x11 <- 0x6666666666666400
mem[X,0x000000008001D674] -> 0x8593
mem[X,0x000000008001D676] -> 0x2665
[3088] [M]: 0x000000008001D674 (0x26658593) addi a1, a1, 0x266
x11 <- 0x6666666666666666
mem[X,0x000000008001D678] -> 0x0213
mem[X,0x000000008001D67A] -> 0x0000
[3089] [M]: 0x000000008001D678 (0x00000213) addi tp, zero, 0x0
x4 <- 0x0000000000000000
mem[X,0x000000008001D67C] -> 0x006F
mem[X,0x000000008001D67E] -> 0x00C0
[3090] [M]: 0x000000008001D67C (0x00C0006F) jal zero, 0xc
mem[X,0x000000008001D688] -> 0x0063
mem[X,0x000000008001D68A] -> 0x02B5
[3091] [M]: 0x000000008001D688 (0x02B50063) beq a0, a1, 0x20
mem[X,0x000000008001D68C] -> 0x0213
mem[X,0x000000008001D68E] -> 0x0022
[3092] [M]: 0x000000008001D68C (0x00220213) addi tp, tp, 0x2
x4 <- 0x0000000000000002
mem[X,0x000000008001D690] -> 0x006F
mem[X,0x000000008001D692] -> 0x0200
[3093] [M]: 0x000000008001D690 (0x0200006F) jal zero, 0x20
mem[X,0x000000008001D6B0] -> 0x3423
mem[X,0x000000008001D6B2] -> 0x6E41
[3094] [M]: 0x000000008001D6B0 (0x6E413423) sd tp, 0x6e8(sp)
mem[0x00000000800488B0] <- 0x0000000000000002
mem[X,0x000000008001D6B4] -> 0xB537
mem[X,0x000000008001D6B6] -> 0xAAAA
[3095] [M]: 0x000000008001D6B4 (0xAAAAB537) lui a0, -0x55555
x10 <- 0xFFFFFFFFAAAAB000
mem[X,0x000000008001D6B8] -> 0x0513
mem[X,0x000000008001D6BA] -> 0xAAA5
[3096] [M]: 0x000000008001D6B8 (0xAAA50513) addi a0, a0, -0x556
x10 <- 0xFFFFFFFFAAAAAAAA
mem[X,0x000000008001D6BC] -> 0x1513
mem[X,0x000000008001D6BE] -> 0x00B5
[3097] [M]: 0x000000008001D6BC (0x00B51513) slli a0, a0, 0xb
x10 <- 0xFFFFFD5555555000
mem[X,0x000000008001D6C0] -> 0x0513
mem[X,0x000000008001D6C2] -> 0x5555
[3098] [M]: 0x000000008001D6C0 (0x55550513) addi a0, a0, 0x555
x10 <- 0xFFFFFD5555555555
mem[X,0x000000008001D6C4] -> 0x1513
mem[X,0x000000008001D6C6] -> 0x00B5
[3099] [M]: 0x000000008001D6C4 (0x00B51513) slli a0, a0, 0xb
x10 <- 0xFFEAAAAAAAAAA800
clint::tick mtime <- 0x000000000000001F
 clint timer pending at mtime 0x000000000000001F
htif::tick 0x0000000000000000
mem[X,0x000000008001D6C8] -> 0x0513
mem[X,0x000000008001D6CA] -> 0x2AA5
[3100] [M]: 0x000000008001D6C8 (0x2AA50513) addi a0, a0, 0x2aa
x10 <- 0xFFEAAAAAAAAAAAAA
mem[X,0x000000008001D6CC] -> 0x1513
mem[X,0x000000008001D6CE] -> 0x00A5
[3101] [M]: 0x000000008001D6CC (0x00A51513) slli a0, a0, 0xa
x10 <- 0xAAAAAAAAAAAAA800
mem[X,0x000000008001D6D0] -> 0x0513
mem[X,0x000000008001D6D2] -> 0x2AA5
[3102] [M]: 0x000000008001D6D0 (0x2AA50513) addi a0, a0, 0x2aa
x10 <- 0xAAAAAAAAAAAAAAAA
mem[X,0x000000008001D6D4] -> 0x05B7
mem[X,0x000000008001D6D6] -> 0x0000
[3103] [M]: 0x000000008001D6D4 (0x000005B7) lui a1, 0x0
x11 <- 0x0000000000000000
mem[X,0x000000008001D6D8] -> 0x8593
mem[X,0x000000008001D6DA] -> 0xFFF5
[3104] [M]: 0x000000008001D6D8 (0xFFF58593) addi a1, a1, -0x1
x11 <- 0xFFFFFFFFFFFFFFFF
mem[X,0x000000008001D6DC] -> 0x9593
mem[X,0x000000008001D6DE] -> 0x00B5
[3105] [M]: 0x000000008001D6DC (0x00B59593) slli a1, a1, 0xb
x11 <- 0xFFFFFFFFFFFFF800
mem[X,0x000000008001D6E0] -> 0x8593
mem[X,0x000000008001D6E2] -> 0x2575
[3106] [M]: 0x000000008001D6E0 (0x25758593) addi a1, a1, 0x257
x11 <- 0xFFFFFFFFFFFFFA57
mem[X,0x000000008001D6E4] -> 0x9593
mem[X,0x000000008001D6E6] -> 0x00B5
[3107] [M]: 0x000000008001D6E4 (0x00B59593) slli a1, a1, 0xb
x11 <- 0xFFFFFFFFFFD2B800
mem[X,0x000000008001D6E8] -> 0x8593
mem[X,0x000000008001D6EA] -> 0x6C35
[3108] [M]: 0x000000008001D6E8 (0x6C358593) addi a1, a1, 0x6c3
x11 <- 0xFFFFFFFFFFD2BEC3
mem[X,0x000000008001D6EC] -> 0x9593
mem[X,0x000000008001D6EE] -> 0x00A5
[3109] [M]: 0x000000008001D6EC (0x00A59593) slli a1, a1, 0xa
x11 <- 0xFFFFFFFF4AFB0C00
mem[X,0x000000008001D6F0] -> 0x8593
mem[X,0x000000008001D6F2] -> 0x0CD5
[3110] [M]: 0x000000008001D6F0 (0x0CD58593) addi a1, a1, 0xcd
x11 <- 0xFFFFFFFF4AFB0CCD
mem[X,0x000000008001D6F4] -> 0x0213
mem[X,0x000000008001D6F6] -> 0x0000
[3111] [M]: 0x000000008001D6F4 (0x00000213) addi tp, zero, 0x0
x4 <- 0x0000000000000000
mem[X,0x000000008001D6F8] -> 0x006F
mem[X,0x000000008001D6FA] -> 0x0100
[3112] [M]: 0x000000008001D6F8 (0x0100006F) jal zero, 0x10
mem[X,0x000000008001D708] -> 0x0AE3
mem[X,0x000000008001D70A] -> 0xFEB5
[3113] [M]: 0x000000008001D708 (0xFEB50AE3) beq a0, a1, -0xc
mem[X,0x000000008001D70C] -> 0x0213
mem[X,0x000000008001D70E] -> 0x0022
[3114] [M]: 0x000000008001D70C (0x00220213) addi tp, tp, 0x2
x4 <- 0x0000000000000002
mem[X,0x000000008001D710] -> 0x006F
mem[X,0x000000008001D712] -> 0x00C0
[3115] [M]: 0x000000008001D710 (0x00C0006F) jal zero, 0xc
mem[X,0x000000008001D71C] -> 0x3823
mem[X,0x000000008001D71E] -> 0x6E41
[3116] [M]: 0x000000008001D71C (0x6E413823) sd tp, 0x6f0(sp)
mem[0x00000000800488B8] <- 0x0000000000000002
mem[X,0x000000008001D720] -> 0xB537
mem[X,0x000000008001D722] -> 0xAAAA
[3117] [M]: 0x000000008001D720 (0xAAAAB537) lui a0, -0x55555
x10 <- 0xFFFFFFFFAAAAB000
mem[X,0x000000008001D724] -> 0x0513
mem[X,0x000000008001D726] -> 0xAAA5
[3118] [M]: 0x000000008001D724 (0xAAA50513) addi a0, a0, -0x556
x10 <- 0xFFFFFFFFAAAAAAAA
mem[X,0x000000008001D728] -> 0x1513
mem[X,0x000000008001D72A] -> 0x00B5
[3119] [M]: 0x000000008001D728 (0x00B51513) slli a0, a0, 0xb
x10 <- 0xFFFFFD5555555000
mem[X,0x000000008001D72C] -> 0x0513
mem[X,0x000000008001D72E] -> 0x5555
[3120] [M]: 0x000000008001D72C (0x55550513) addi a0, a0, 0x555
x10 <- 0xFFFFFD5555555555
mem[X,0x000000008001D730] -> 0x1513
mem[X,0x000000008001D732] -> 0x00B5
[3121] [M]: 0x000000008001D730 (0x00B51513) slli a0, a0, 0xb
x10 <- 0xFFEAAAAAAAAAA800
mem[X,0x000000008001D734] -> 0x0513
mem[X,0x000000008001D736] -> 0x2AA5
[3122] [M]: 0x000000008001D734 (0x2AA50513) addi a0, a0, 0x2aa
x10 <- 0xFFEAAAAAAAAAAAAA
mem[X,0x000000008001D738] -> 0x1513
mem[X,0x000000008001D73A] -> 0x00A5
[3123] [M]: 0x000000008001D738 (0x00A51513) slli a0, a0, 0xa
x10 <- 0xAAAAAAAAAAAAA800
mem[X,0x000000008001D73C] -> 0x0513
mem[X,0x000000008001D73E] -> 0x2AA5
[3124] [M]: 0x000000008001D73C (0x2AA50513) addi a0, a0, 0x2aa
x10 <- 0xAAAAAAAAAAAAAAAA
mem[X,0x000000008001D740] -> 0x05B7
mem[X,0x000000008001D742] -> 0x0000
[3125] [M]: 0x000000008001D740 (0x000005B7) lui a1, 0x0
x11 <- 0x0000000000000000
mem[X,0x000000008001D744] -> 0x8593
mem[X,0x000000008001D746] -> 0x0005
[3126] [M]: 0x000000008001D744 (0x00058593) addi a1, a1, 0x0
x11 <- 0x0000000000000000
mem[X,0x000000008001D748] -> 0x9593
mem[X,0x000000008001D74A] -> 0x00B5
[3127] [M]: 0x000000008001D748 (0x00B59593) slli a1, a1, 0xb
x11 <- 0x0000000000000000
mem[X,0x000000008001D74C] -> 0x8593
mem[X,0x000000008001D74E] -> 0x5A85
[3128] [M]: 0x000000008001D74C (0x5A858593) addi a1, a1, 0x5a8
x11 <- 0x00000000000005A8
mem[X,0x000000008001D750] -> 0x9593
mem[X,0x000000008001D752] -> 0x00B5
[3129] [M]: 0x000000008001D750 (0x00B59593) slli a1, a1, 0xb
x11 <- 0x00000000002D4000
mem[X,0x000000008001D754] -> 0x8593
mem[X,0x000000008001D756] -> 0x13C5
[3130] [M]: 0x000000008001D754 (0x13C58593) addi a1, a1, 0x13c
x11 <- 0x00000000002D413C
mem[X,0x000000008001D758] -> 0x9593
mem[X,0x000000008001D75A] -> 0x00A5
[3131] [M]: 0x000000008001D758 (0x00A59593) slli a1, a1, 0xa
x11 <- 0x00000000B504F000
mem[X,0x000000008001D75C] -> 0x8593
mem[X,0x000000008001D75E] -> 0x3335
[3132] [M]: 0x000000008001D75C (0x33358593) addi a1, a1, 0x333
x11 <- 0x00000000B504F333
mem[X,0x000000008001D760] -> 0x0213
mem[X,0x000000008001D762] -> 0x0000
[3133] [M]: 0x000000008001D760 (0x00000213) addi tp, zero, 0x0
x4 <- 0x0000000000000000
mem[X,0x000000008001D764] -> 0x006F
mem[X,0x000000008001D766] -> 0x00C0
[3134] [M]: 0x000000008001D764 (0x00C0006F) jal zero, 0xc
mem[X,0x000000008001D770] -> 0x0063
mem[X,0x000000008001D772] -> 0x08B5
[3135] [M]: 0x000000008001D770 (0x08B50063) beq a0, a1, 0x80
mem[X,0x000000008001D774] -> 0x0213
mem[X,0x000000008001D776] -> 0x0022
[3136] [M]: 0x000000008001D774 (0x00220213) addi tp, tp, 0x2
x4 <- 0x0000000000000002
mem[X,0x000000008001D778] -> 0x006F
mem[X,0x000000008001D77A] -> 0x0800
[3137] [M]: 0x000000008001D778 (0x0800006F) jal zero, 0x80
mem[X,0x000000008001D7F8] -> 0x3C23
mem[X,0x000000008001D7FA] -> 0x6E41
[3138] [M]: 0x000000008001D7F8 (0x6E413C23) sd tp, 0x6f8(sp)
mem[0x00000000800488C0] <- 0x0000000000000002
mem[X,0x000000008001D7FC] -> 0xB537
mem[X,0x000000008001D7FE] -> 0xAAAA
[3139] [M]: 0x000000008001D7FC (0xAAAAB537) lui a0, -0x55555
x10 <- 0xFFFFFFFFAAAAB000
mem[X,0x000000008001D800] -> 0x0513
mem[X,0x000000008001D802] -> 0xAAA5
[3140] [M]: 0x000000008001D800 (0xAAA50513) addi a0, a0, -0x556
x10 <- 0xFFFFFFFFAAAAAAAA
mem[X,0x000000008001D804] -> 0x1513
mem[X,0x000000008001D806] -> 0x00B5
[3141] [M]: 0x000000008001D804 (0x00B51513) slli a0, a0, 0xb
x10 <- 0xFFFFFD5555555000
mem[X,0x000000008001D808] -> 0x0513
mem[X,0x000000008001D80A] -> 0x5555
[3142] [M]: 0x000000008001D808 (0x55550513) addi a0, a0, 0x555
x10 <- 0xFFFFFD5555555555
mem[X,0x000000008001D80C] -> 0x1513
mem[X,0x000000008001D80E] -> 0x00B5
[3143] [M]: 0x000000008001D80C (0x00B51513) slli a0, a0, 0xb
x10 <- 0xFFEAAAAAAAAAA800
mem[X,0x000000008001D810] -> 0x0513
mem[X,0x000000008001D812] -> 0x2AA5
[3144] [M]: 0x000000008001D810 (0x2AA50513) addi a0, a0, 0x2aa
x10 <- 0xFFEAAAAAAAAAAAAA
mem[X,0x000000008001D814] -> 0x1513
mem[X,0x000000008001D816] -> 0x00A5
[3145] [M]: 0x000000008001D814 (0x00A51513) slli a0, a0, 0xa
x10 <- 0xAAAAAAAAAAAAA800
mem[X,0x000000008001D818] -> 0x0513
mem[X,0x000000008001D81A] -> 0x2AA5
[3146] [M]: 0x000000008001D818 (0x2AA50513) addi a0, a0, 0x2aa
x10 <- 0xAAAAAAAAAAAAAAAA
mem[X,0x000000008001D81C] -> 0x0593
mem[X,0x000000008001D81E] -> 0x0020
[3147] [M]: 0x000000008001D81C (0x00200593) addi a1, zero, 0x2
x11 <- 0x0000000000000002
mem[X,0x000000008001D820] -> 0x0213
mem[X,0x000000008001D822] -> 0x0000
[3148] [M]: 0x000000008001D820 (0x00000213) addi tp, zero, 0x0
x4 <- 0x0000000000000000
mem[X,0x000000008001D824] -> 0x006F
mem[X,0x000000008001D826] -> 0x00C0
[3149] [M]: 0x000000008001D824 (0x00C0006F) jal zero, 0xc
mem[X,0x000000008001D830] -> 0x0063
mem[X,0x000000008001D832] -> 0x04B5
[3150] [M]: 0x000000008001D830 (0x04B50063) beq a0, a1, 0x40
mem[X,0x000000008001D834] -> 0x0213
mem[X,0x000000008001D836] -> 0x0022
[3151] [M]: 0x000000008001D834 (0x00220213) addi tp, tp, 0x2
x4 <- 0x0000000000000002
mem[X,0x000000008001D838] -> 0x006F
mem[X,0x000000008001D83A] -> 0x0400
[3152] [M]: 0x000000008001D838 (0x0400006F) jal zero, 0x40
mem[X,0x000000008001D878] -> 0x3023
mem[X,0x000000008001D87A] -> 0x7041
[3153] [M]: 0x000000008001D878 (0x70413023) sd tp, 0x700(sp)
mem[0x00000000800488C8] <- 0x0000000000000002
mem[X,0x000000008001D87C] -> 0xB537
mem[X,0x000000008001D87E] -> 0xAAAA
[3154] [M]: 0x000000008001D87C (0xAAAAB537) lui a0, -0x55555
x10 <- 0xFFFFFFFFAAAAB000
mem[X,0x000000008001D880] -> 0x0513
mem[X,0x000000008001D882] -> 0xAAA5
[3155] [M]: 0x000000008001D880 (0xAAA50513) addi a0, a0, -0x556
x10 <- 0xFFFFFFFFAAAAAAAA
mem[X,0x000000008001D884] -> 0x1513
mem[X,0x000000008001D886] -> 0x00B5
[3156] [M]: 0x000000008001D884 (0x00B51513) slli a0, a0, 0xb
x10 <- 0xFFFFFD5555555000
mem[X,0x000000008001D888] -> 0x0513
mem[X,0x000000008001D88A] -> 0x5555
[3157] [M]: 0x000000008001D888 (0x55550513) addi a0, a0, 0x555
x10 <- 0xFFFFFD5555555555
mem[X,0x000000008001D88C] -> 0x1513
mem[X,0x000000008001D88E] -> 0x00B5
[3158] [M]: 0x000000008001D88C (0x00B51513) slli a0, a0, 0xb
x10 <- 0xFFEAAAAAAAAAA800
mem[X,0x000000008001D890] -> 0x0513
mem[X,0x000000008001D892] -> 0x2AA5
[3159] [M]: 0x000000008001D890 (0x2AA50513) addi a0, a0, 0x2aa
x10 <- 0xFFEAAAAAAAAAAAAA
mem[X,0x000000008001D894] -> 0x1513
mem[X,0x000000008001D896] -> 0x00A5
[3160] [M]: 0x000000008001D894 (0x00A51513) slli a0, a0, 0xa
x10 <- 0xAAAAAAAAAAAAA800
mem[X,0x000000008001D898] -> 0x0513
mem[X,0x000000008001D89A] -> 0x2AA5
[3161] [M]: 0x000000008001D898 (0x2AA50513) addi a0, a0, 0x2aa
x10 <- 0xAAAAAAAAAAAAAAAA
mem[X,0x000000008001D89C] -> 0x55B7
mem[X,0x000000008001D89E] -> 0x5555
[3162] [M]: 0x000000008001D89C (0x555555B7) lui a1, 0x55555
x11 <- 0x0000000055555000
mem[X,0x000000008001D8A0] -> 0x8593
mem[X,0x000000008001D8A2] -> 0x5555
[3163] [M]: 0x000000008001D8A0 (0x55558593) addi a1, a1, 0x555
x11 <- 0x0000000055555555
mem[X,0x000000008001D8A4] -> 0x9593
mem[X,0x000000008001D8A6] -> 0x00B5
[3164] [M]: 0x000000008001D8A4 (0x00B59593) slli a1, a1, 0xb
x11 <- 0x000002AAAAAAA800
mem[X,0x000000008001D8A8] -> 0x8593
mem[X,0x000000008001D8AA] -> 0x2AA5
[3165] [M]: 0x000000008001D8A8 (0x2AA58593) addi a1, a1, 0x2aa
x11 <- 0x000002AAAAAAAAAA
mem[X,0x000000008001D8AC] -> 0x9593
mem[X,0x000000008001D8AE] -> 0x00B5
[3166] [M]: 0x000000008001D8AC (0x00B59593) slli a1, a1, 0xb
x11 <- 0x0015555555555000
mem[X,0x000000008001D8B0] -> 0x8593
mem[X,0x000000008001D8B2] -> 0x5555
[3167] [M]: 0x000000008001D8B0 (0x55558593) addi a1, a1, 0x555
x11 <- 0x0015555555555555
mem[X,0x000000008001D8B4] -> 0x9593
mem[X,0x000000008001D8B6] -> 0x00A5
[3168] [M]: 0x000000008001D8B4 (0x00A59593) slli a1, a1, 0xa
x11 <- 0x5555555555555400
mem[X,0x000000008001D8B8] -> 0x8593
mem[X,0x000000008001D8BA] -> 0x1545
[3169] [M]: 0x000000008001D8B8 (0x15458593) addi a1, a1, 0x154
x11 <- 0x5555555555555554
mem[X,0x000000008001D8BC] -> 0x0213
mem[X,0x000000008001D8BE] -> 0x0000
[3170] [M]: 0x000000008001D8BC (0x00000213) addi tp, zero, 0x0
x4 <- 0x0000000000000000
mem[X,0x000000008001D8C0] -> 0x006F
mem[X,0x000000008001D8C2] -> 0x0100
[3171] [M]: 0x000000008001D8C0 (0x0100006F) jal zero, 0x10
mem[X,0x000000008001D8D0] -> 0x0AE3
mem[X,0x000000008001D8D2] -> 0xFEB5
[3172] [M]: 0x000000008001D8D0 (0xFEB50AE3) beq a0, a1, -0xc
mem[X,0x000000008001D8D4] -> 0x0213
mem[X,0x000000008001D8D6] -> 0x0022
[3173] [M]: 0x000000008001D8D4 (0x00220213) addi tp, tp, 0x2
x4 <- 0x0000000000000002
mem[X,0x000000008001D8D8] -> 0x006F
mem[X,0x000000008001D8DA] -> 0x00C0
[3174] [M]: 0x000000008001D8D8 (0x00C0006F) jal zero, 0xc
mem[X,0x000000008001D8E4] -> 0x3423
mem[X,0x000000008001D8E6] -> 0x7041
[3175] [M]: 0x000000008001D8E4 (0x70413423) sd tp, 0x708(sp)
mem[0x00000000800488D0] <- 0x0000000000000002
mem[X,0x000000008001D8E8] -> 0xB537
mem[X,0x000000008001D8EA] -> 0xAAAA
[3176] [M]: 0x000000008001D8E8 (0xAAAAB537) lui a0, -0x55555
x10 <- 0xFFFFFFFFAAAAB000
mem[X,0x000000008001D8EC] -> 0x0513
mem[X,0x000000008001D8EE] -> 0xAAA5
[3177] [M]: 0x000000008001D8EC (0xAAA50513) addi a0, a0, -0x556
x10 <- 0xFFFFFFFFAAAAAAAA
mem[X,0x000000008001D8F0] -> 0x1513
mem[X,0x000000008001D8F2] -> 0x00B5
[3178] [M]: 0x000000008001D8F0 (0x00B51513) slli a0, a0, 0xb
x10 <- 0xFFFFFD5555555000
mem[X,0x000000008001D8F4] -> 0x0513
mem[X,0x000000008001D8F6] -> 0x5555
[3179] [M]: 0x000000008001D8F4 (0x55550513) addi a0, a0, 0x555
x10 <- 0xFFFFFD5555555555
mem[X,0x000000008001D8F8] -> 0x1513
mem[X,0x000000008001D8FA] -> 0x00B5
[3180] [M]: 0x000000008001D8F8 (0x00B51513) slli a0, a0, 0xb
x10 <- 0xFFEAAAAAAAAAA800
mem[X,0x000000008001D8FC] -> 0x0513
mem[X,0x000000008001D8FE] -> 0x2AA5
[3181] [M]: 0x000000008001D8FC (0x2AA50513) addi a0, a0, 0x2aa
x10 <- 0xFFEAAAAAAAAAAAAA
mem[X,0x000000008001D900] -> 0x1513
mem[X,0x000000008001D902] -> 0x00A5
[3182] [M]: 0x000000008001D900 (0x00A51513) slli a0, a0, 0xa
x10 <- 0xAAAAAAAAAAAAA800
mem[X,0x000000008001D904] -> 0x0513
mem[X,0x000000008001D906] -> 0x2AA5
[3183] [M]: 0x000000008001D904 (0x2AA50513) addi a0, a0, 0x2aa
x10 <- 0xAAAAAAAAAAAAAAAA
mem[X,0x000000008001D908] -> 0x0593
mem[X,0x000000008001D90A] -> 0x0000
[3184] [M]: 0x000000008001D908 (0x00000593) addi a1, zero, 0x0
x11 <- 0x0000000000000000
mem[X,0x000000008001D90C] -> 0x0213
mem[X,0x000000008001D90E] -> 0x0000
[3185] [M]: 0x000000008001D90C (0x00000213) addi tp, zero, 0x0
x4 <- 0x0000000000000000
mem[X,0x000000008001D910] -> 0x006F
mem[X,0x000000008001D912] -> 0x0100
[3186] [M]: 0x000000008001D910 (0x0100006F) jal zero, 0x10
mem[X,0x000000008001D920] -> 0x0AE3
mem[X,0x000000008001D922] -> 0xFEB5
[3187] [M]: 0x000000008001D920 (0xFEB50AE3) beq a0, a1, -0xc
mem[X,0x000000008001D924] -> 0x0213
mem[X,0x000000008001D926] -> 0x0022
[3188] [M]: 0x000000008001D924 (0x00220213) addi tp, tp, 0x2
x4 <- 0x0000000000000002
mem[X,0x000000008001D928] -> 0x006F
mem[X,0x000000008001D92A] -> 0x00C0
[3189] [M]: 0x000000008001D928 (0x00C0006F) jal zero, 0xc
mem[X,0x000000008001D934] -> 0x3823
mem[X,0x000000008001D936] -> 0x7041
[3190] [M]: 0x000000008001D934 (0x70413823) sd tp, 0x710(sp)
mem[0x00000000800488D8] <- 0x0000000000000002
mem[X,0x000000008001D938] -> 0xB537
mem[X,0x000000008001D93A] -> 0xAAAA
[3191] [M]: 0x000000008001D938 (0xAAAAB537) lui a0, -0x55555
x10 <- 0xFFFFFFFFAAAAB000
mem[X,0x000000008001D93C] -> 0x0513
mem[X,0x000000008001D93E] -> 0xAAA5
[3192] [M]: 0x000000008001D93C (0xAAA50513) addi a0, a0, -0x556
x10 <- 0xFFFFFFFFAAAAAAAA
mem[X,0x000000008001D940] -> 0x1513
mem[X,0x000000008001D942] -> 0x00B5
[3193] [M]: 0x000000008001D940 (0x00B51513) slli a0, a0, 0xb
x10 <- 0xFFFFFD5555555000
mem[X,0x000000008001D944] -> 0x0513
mem[X,0x000000008001D946] -> 0x5555
[3194] [M]: 0x000000008001D944 (0x55550513) addi a0, a0, 0x555
x10 <- 0xFFFFFD5555555555
mem[X,0x000000008001D948] -> 0x1513
mem[X,0x000000008001D94A] -> 0x00B5
[3195] [M]: 0x000000008001D948 (0x00B51513) slli a0, a0, 0xb
x10 <- 0xFFEAAAAAAAAAA800
mem[X,0x000000008001D94C] -> 0x0513
mem[X,0x000000008001D94E] -> 0x2AA5
[3196] [M]: 0x000000008001D94C (0x2AA50513) addi a0, a0, 0x2aa
x10 <- 0xFFEAAAAAAAAAAAAA
mem[X,0x000000008001D950] -> 0x1513
mem[X,0x000000008001D952] -> 0x00A5
[3197] [M]: 0x000000008001D950 (0x00A51513) slli a0, a0, 0xa
x10 <- 0xAAAAAAAAAAAAA800
mem[X,0x000000008001D954] -> 0x0513
mem[X,0x000000008001D956] -> 0x2AA5
[3198] [M]: 0x000000008001D954 (0x2AA50513) addi a0, a0, 0x2aa
x10 <- 0xAAAAAAAAAAAAAAAA
mem[X,0x000000008001D958] -> 0x0593
mem[X,0x000000008001D95A] -> 0x0040
[3199] [M]: 0x000000008001D958 (0x00400593) addi a1, zero, 0x4
x11 <- 0x0000000000000004
clint::tick mtime <- 0x0000000000000020
 clint timer pending at mtime 0x0000000000000020
htif::tick 0x0000000000000000
mem[X,0x000000008001D95C] -> 0x0213
mem[X,0x000000008001D95E] -> 0x0000
[3200] [M]: 0x000000008001D95C (0x00000213) addi tp, zero, 0x0
x4 <- 0x0000000000000000
mem[X,0x000000008001D960] -> 0x006F
mem[X,0x000000008001D962] -> 0x00C0
[3201] [M]: 0x000000008001D960 (0x00C0006F) jal zero, 0xc
mem[X,0x000000008001D96C] -> 0x0663
mem[X,0x000000008001D96E] -> 0x00B5
[3202] [M]: 0x000000008001D96C (0x00B50663) beq a0, a1, 0xc
mem[X,0x000000008001D970] -> 0x0213
mem[X,0x000000008001D972] -> 0x0022
[3203] [M]: 0x000000008001D970 (0x00220213) addi tp, tp, 0x2
x4 <- 0x0000000000000002
mem[X,0x000000008001D974] -> 0x006F
mem[X,0x000000008001D976] -> 0x00C0
[3204] [M]: 0x000000008001D974 (0x00C0006F) jal zero, 0xc
mem[X,0x000000008001D980] -> 0x3C23
mem[X,0x000000008001D982] -> 0x7041
[3205] [M]: 0x000000008001D980 (0x70413C23) sd tp, 0x718(sp)
mem[0x00000000800488E0] <- 0x0000000000000002
mem[X,0x000000008001D984] -> 0xB537
mem[X,0x000000008001D986] -> 0xAAAA
[3206] [M]: 0x000000008001D984 (0xAAAAB537) lui a0, -0x55555
x10 <- 0xFFFFFFFFAAAAB000
mem[X,0x000000008001D988] -> 0x0513
mem[X,0x000000008001D98A] -> 0xAAA5
[3207] [M]: 0x000000008001D988 (0xAAA50513) addi a0, a0, -0x556
x10 <- 0xFFFFFFFFAAAAAAAA
mem[X,0x000000008001D98C] -> 0x1513
mem[X,0x000000008001D98E] -> 0x00B5
[3208] [M]: 0x000000008001D98C (0x00B51513) slli a0, a0, 0xb
x10 <- 0xFFFFFD5555555000
mem[X,0x000000008001D990] -> 0x0513
mem[X,0x000000008001D992] -> 0x5555
[3209] [M]: 0x000000008001D990 (0x55550513) addi a0, a0, 0x555
x10 <- 0xFFFFFD5555555555
mem[X,0x000000008001D994] -> 0x1513
mem[X,0x000000008001D996] -> 0x00B5
[3210] [M]: 0x000000008001D994 (0x00B51513) slli a0, a0, 0xb
x10 <- 0xFFEAAAAAAAAAA800
mem[X,0x000000008001D998] -> 0x0513
mem[X,0x000000008001D99A] -> 0x2AA5
[3211] [M]: 0x000000008001D998 (0x2AA50513) addi a0, a0, 0x2aa
x10 <- 0xFFEAAAAAAAAAAAAA
mem[X,0x000000008001D99C] -> 0x1513
mem[X,0x000000008001D99E] -> 0x00A5
[3212] [M]: 0x000000008001D99C (0x00A51513) slli a0, a0, 0xa
x10 <- 0xAAAAAAAAAAAAA800
mem[X,0x000000008001D9A0] -> 0x0513
mem[X,0x000000008001D9A2] -> 0x2AA5
[3213] [M]: 0x000000008001D9A0 (0x2AA50513) addi a0, a0, 0x2aa
x10 <- 0xAAAAAAAAAAAAAAAA
mem[X,0x000000008001D9A4] -> 0x35B7
mem[X,0x000000008001D9A6] -> 0x3333
[3214] [M]: 0x000000008001D9A4 (0x333335B7) lui a1, 0x33333
x11 <- 0x0000000033333000
mem[X,0x000000008001D9A8] -> 0x8593
mem[X,0x000000008001D9AA] -> 0x3335
[3215] [M]: 0x000000008001D9A8 (0x33358593) addi a1, a1, 0x333
x11 <- 0x0000000033333333
mem[X,0x000000008001D9AC] -> 0x9593
mem[X,0x000000008001D9AE] -> 0x00B5
[3216] [M]: 0x000000008001D9AC (0x00B59593) slli a1, a1, 0xb
x11 <- 0x0000019999999800
mem[X,0x000000008001D9B0] -> 0x8593
mem[X,0x000000008001D9B2] -> 0x1995
[3217] [M]: 0x000000008001D9B0 (0x19958593) addi a1, a1, 0x199
x11 <- 0x0000019999999999
mem[X,0x000000008001D9B4] -> 0x9593
mem[X,0x000000008001D9B6] -> 0x00B5
[3218] [M]: 0x000000008001D9B4 (0x00B59593) slli a1, a1, 0xb
x11 <- 0x000CCCCCCCCCC800
mem[X,0x000000008001D9B8] -> 0x8593
mem[X,0x000000008001D9BA] -> 0x4CC5
[3219] [M]: 0x000000008001D9B8 (0x4CC58593) addi a1, a1, 0x4cc
x11 <- 0x000CCCCCCCCCCCCC
mem[X,0x000000008001D9BC] -> 0x9593
mem[X,0x000000008001D9BE] -> 0x00A5
[3220] [M]: 0x000000008001D9BC (0x00A59593) slli a1, a1, 0xa
x11 <- 0x3333333333333000
mem[X,0x000000008001D9C0] -> 0x8593
mem[X,0x000000008001D9C2] -> 0x3325
[3221] [M]: 0x000000008001D9C0 (0x33258593) addi a1, a1, 0x332
x11 <- 0x3333333333333332
mem[X,0x000000008001D9C4] -> 0x0213
mem[X,0x000000008001D9C6] -> 0x0000
[3222] [M]: 0x000000008001D9C4 (0x00000213) addi tp, zero, 0x0
x4 <- 0x0000000000000000
mem[X,0x000000008001D9C8] -> 0x006F
mem[X,0x000000008001D9CA] -> 0x00C0
[3223] [M]: 0x000000008001D9C8 (0x00C0006F) jal zero, 0xc
mem[X,0x000000008001D9D4] -> 0x0063
mem[X,0x000000008001D9D6] -> 0x40B5
[3224] [M]: 0x000000008001D9D4 (0x40B50063) beq a0, a1, 0x400
mem[X,0x000000008001D9D8] -> 0x0213
mem[X,0x000000008001D9DA] -> 0x0022
[3225] [M]: 0x000000008001D9D8 (0x00220213) addi tp, tp, 0x2
x4 <- 0x0000000000000002
mem[X,0x000000008001D9DC] -> 0x006F
mem[X,0x000000008001D9DE] -> 0x4000
[3226] [M]: 0x000000008001D9DC (0x4000006F) jal zero, 0x400
mem[X,0x000000008001DDDC] -> 0x3023
mem[X,0x000000008001DDDE] -> 0x7241
[3227] [M]: 0x000000008001DDDC (0x72413023) sd tp, 0x720(sp)
mem[0x00000000800488E8] <- 0x0000000000000002
mem[X,0x000000008001DDE0] -> 0xB537
mem[X,0x000000008001DDE2] -> 0xAAAA
[3228] [M]: 0x000000008001DDE0 (0xAAAAB537) lui a0, -0x55555
x10 <- 0xFFFFFFFFAAAAB000
mem[X,0x000000008001DDE4] -> 0x0513
mem[X,0x000000008001DDE6] -> 0xAAA5
[3229] [M]: 0x000000008001DDE4 (0xAAA50513) addi a0, a0, -0x556
x10 <- 0xFFFFFFFFAAAAAAAA
mem[X,0x000000008001DDE8] -> 0x1513
mem[X,0x000000008001DDEA] -> 0x00B5
[3230] [M]: 0x000000008001DDE8 (0x00B51513) slli a0, a0, 0xb
x10 <- 0xFFFFFD5555555000
mem[X,0x000000008001DDEC] -> 0x0513
mem[X,0x000000008001DDEE] -> 0x5555
[3231] [M]: 0x000000008001DDEC (0x55550513) addi a0, a0, 0x555
x10 <- 0xFFFFFD5555555555
mem[X,0x000000008001DDF0] -> 0x1513
mem[X,0x000000008001DDF2] -> 0x00B5
[3232] [M]: 0x000000008001DDF0 (0x00B51513) slli a0, a0, 0xb
x10 <- 0xFFEAAAAAAAAAA800
mem[X,0x000000008001DDF4] -> 0x0513
mem[X,0x000000008001DDF6] -> 0x2AA5
[3233] [M]: 0x000000008001DDF4 (0x2AA50513) addi a0, a0, 0x2aa
x10 <- 0xFFEAAAAAAAAAAAAA
mem[X,0x000000008001DDF8] -> 0x1513
mem[X,0x000000008001DDFA] -> 0x00A5
[3234] [M]: 0x000000008001DDF8 (0x00A51513) slli a0, a0, 0xa
x10 <- 0xAAAAAAAAAAAAA800
mem[X,0x000000008001DDFC] -> 0x0513
mem[X,0x000000008001DDFE] -> 0x2AA5
[3235] [M]: 0x000000008001DDFC (0x2AA50513) addi a0, a0, 0x2aa
x10 <- 0xAAAAAAAAAAAAAAAA
mem[X,0x000000008001DE00] -> 0x65B7
mem[X,0x000000008001DE02] -> 0x6666
[3236] [M]: 0x000000008001DE00 (0x666665B7) lui a1, 0x66666
x11 <- 0x0000000066666000
mem[X,0x000000008001DE04] -> 0x8593
mem[X,0x000000008001DE06] -> 0x6665
[3237] [M]: 0x000000008001DE04 (0x66658593) addi a1, a1, 0x666
x11 <- 0x0000000066666666
mem[X,0x000000008001DE08] -> 0x9593
mem[X,0x000000008001DE0A] -> 0x00B5
[3238] [M]: 0x000000008001DE08 (0x00B59593) slli a1, a1, 0xb
x11 <- 0x0000033333333000
mem[X,0x000000008001DE0C] -> 0x8593
mem[X,0x000000008001DE0E] -> 0x3335
[3239] [M]: 0x000000008001DE0C (0x33358593) addi a1, a1, 0x333
x11 <- 0x0000033333333333
mem[X,0x000000008001DE10] -> 0x9593
mem[X,0x000000008001DE12] -> 0x00B5
[3240] [M]: 0x000000008001DE10 (0x00B59593) slli a1, a1, 0xb
x11 <- 0x0019999999999800
mem[X,0x000000008001DE14] -> 0x8593
mem[X,0x000000008001DE16] -> 0x1995
[3241] [M]: 0x000000008001DE14 (0x19958593) addi a1, a1, 0x199
x11 <- 0x0019999999999999
mem[X,0x000000008001DE18] -> 0x9593
mem[X,0x000000008001DE1A] -> 0x00A5
[3242] [M]: 0x000000008001DE18 (0x00A59593) slli a1, a1, 0xa
x11 <- 0x6666666666666400
mem[X,0x000000008001DE1C] -> 0x8593
mem[X,0x000000008001DE1E] -> 0x2655
[3243] [M]: 0x000000008001DE1C (0x26558593) addi a1, a1, 0x265
x11 <- 0x6666666666666665
mem[X,0x000000008001DE20] -> 0x0213
mem[X,0x000000008001DE22] -> 0x0000
[3244] [M]: 0x000000008001DE20 (0x00000213) addi tp, zero, 0x0
x4 <- 0x0000000000000000
mem[X,0x000000008001DE24] -> 0x006F
mem[X,0x000000008001DE26] -> 0x00C0
[3245] [M]: 0x000000008001DE24 (0x00C0006F) jal zero, 0xc
mem[X,0x000000008001DE30] -> 0x0063
mem[X,0x000000008001DE32] -> 0x02B5
[3246] [M]: 0x000000008001DE30 (0x02B50063) beq a0, a1, 0x20
mem[X,0x000000008001DE34] -> 0x0213
mem[X,0x000000008001DE36] -> 0x0022
[3247] [M]: 0x000000008001DE34 (0x00220213) addi tp, tp, 0x2
x4 <- 0x0000000000000002
mem[X,0x000000008001DE38] -> 0x006F
mem[X,0x000000008001DE3A] -> 0x0200
[3248] [M]: 0x000000008001DE38 (0x0200006F) jal zero, 0x20
mem[X,0x000000008001DE58] -> 0x3423
mem[X,0x000000008001DE5A] -> 0x7241
[3249] [M]: 0x000000008001DE58 (0x72413423) sd tp, 0x728(sp)
mem[0x00000000800488F0] <- 0x0000000000000002
mem[X,0x000000008001DE5C] -> 0xB537
mem[X,0x000000008001DE5E] -> 0xAAAA
[3250] [M]: 0x000000008001DE5C (0xAAAAB537) lui a0, -0x55555
x10 <- 0xFFFFFFFFAAAAB000
mem[X,0x000000008001DE60] -> 0x0513
mem[X,0x000000008001DE62] -> 0xAAA5
[3251] [M]: 0x000000008001DE60 (0xAAA50513) addi a0, a0, -0x556
x10 <- 0xFFFFFFFFAAAAAAAA
mem[X,0x000000008001DE64] -> 0x1513
mem[X,0x000000008001DE66] -> 0x00B5
[3252] [M]: 0x000000008001DE64 (0x00B51513) slli a0, a0, 0xb
x10 <- 0xFFFFFD5555555000
mem[X,0x000000008001DE68] -> 0x0513
mem[X,0x000000008001DE6A] -> 0x5555
[3253] [M]: 0x000000008001DE68 (0x55550513) addi a0, a0, 0x555
x10 <- 0xFFFFFD5555555555
mem[X,0x000000008001DE6C] -> 0x1513
mem[X,0x000000008001DE6E] -> 0x00B5
[3254] [M]: 0x000000008001DE6C (0x00B51513) slli a0, a0, 0xb
x10 <- 0xFFEAAAAAAAAAA800
mem[X,0x000000008001DE70] -> 0x0513
mem[X,0x000000008001DE72] -> 0x2AA5
[3255] [M]: 0x000000008001DE70 (0x2AA50513) addi a0, a0, 0x2aa
x10 <- 0xFFEAAAAAAAAAAAAA
mem[X,0x000000008001DE74] -> 0x1513
mem[X,0x000000008001DE76] -> 0x00A5
[3256] [M]: 0x000000008001DE74 (0x00A51513) slli a0, a0, 0xa
x10 <- 0xAAAAAAAAAAAAA800
mem[X,0x000000008001DE78] -> 0x0513
mem[X,0x000000008001DE7A] -> 0x2AA5
[3257] [M]: 0x000000008001DE78 (0x2AA50513) addi a0, a0, 0x2aa
x10 <- 0xAAAAAAAAAAAAAAAA
mem[X,0x000000008001DE7C] -> 0x05B7
mem[X,0x000000008001DE7E] -> 0x0000
[3258] [M]: 0x000000008001DE7C (0x000005B7) lui a1, 0x0
x11 <- 0x0000000000000000
mem[X,0x000000008001DE80] -> 0x8593
mem[X,0x000000008001DE82] -> 0x0005
[3259] [M]: 0x000000008001DE80 (0x00058593) addi a1, a1, 0x0
x11 <- 0x0000000000000000
mem[X,0x000000008001DE84] -> 0x9593
mem[X,0x000000008001DE86] -> 0x00B5
[3260] [M]: 0x000000008001DE84 (0x00B59593) slli a1, a1, 0xb
x11 <- 0x0000000000000000
mem[X,0x000000008001DE88] -> 0x8593
mem[X,0x000000008001DE8A] -> 0x5A85
[3261] [M]: 0x000000008001DE88 (0x5A858593) addi a1, a1, 0x5a8
x11 <- 0x00000000000005A8
mem[X,0x000000008001DE8C] -> 0x9593
mem[X,0x000000008001DE8E] -> 0x00B5
[3262] [M]: 0x000000008001DE8C (0x00B59593) slli a1, a1, 0xb
x11 <- 0x00000000002D4000
mem[X,0x000000008001DE90] -> 0x8593
mem[X,0x000000008001DE92] -> 0x13C5
[3263] [M]: 0x000000008001DE90 (0x13C58593) addi a1, a1, 0x13c
x11 <- 0x00000000002D413C
mem[X,0x000000008001DE94] -> 0x9593
mem[X,0x000000008001DE96] -> 0x00A5
[3264] [M]: 0x000000008001DE94 (0x00A59593) slli a1, a1, 0xa
x11 <- 0x00000000B504F000
mem[X,0x000000008001DE98] -> 0x8593
mem[X,0x000000008001DE9A] -> 0x3325
[3265] [M]: 0x000000008001DE98 (0x33258593) addi a1, a1, 0x332
x11 <- 0x00000000B504F332
mem[X,0x000000008001DE9C] -> 0x0213
mem[X,0x000000008001DE9E] -> 0x0000
[3266] [M]: 0x000000008001DE9C (0x00000213) addi tp, zero, 0x0
x4 <- 0x0000000000000000
mem[X,0x000000008001DEA0] -> 0x006F
mem[X,0x000000008001DEA2] -> 0x00C0
[3267] [M]: 0x000000008001DEA0 (0x00C0006F) jal zero, 0xc
mem[X,0x000000008001DEAC] -> 0x0663
mem[X,0x000000008001DEAE] -> 0x00B5
[3268] [M]: 0x000000008001DEAC (0x00B50663) beq a0, a1, 0xc
mem[X,0x000000008001DEB0] -> 0x0213
mem[X,0x000000008001DEB2] -> 0x0022
[3269] [M]: 0x000000008001DEB0 (0x00220213) addi tp, tp, 0x2
x4 <- 0x0000000000000002
mem[X,0x000000008001DEB4] -> 0x006F
mem[X,0x000000008001DEB6] -> 0x00C0
[3270] [M]: 0x000000008001DEB4 (0x00C0006F) jal zero, 0xc
mem[X,0x000000008001DEC0] -> 0x3823
mem[X,0x000000008001DEC2] -> 0x7241
[3271] [M]: 0x000000008001DEC0 (0x72413823) sd tp, 0x730(sp)
mem[0x00000000800488F8] <- 0x0000000000000002
mem[X,0x000000008001DEC4] -> 0xB537
mem[X,0x000000008001DEC6] -> 0xAAAA
[3272] [M]: 0x000000008001DEC4 (0xAAAAB537) lui a0, -0x55555
x10 <- 0xFFFFFFFFAAAAB000
mem[X,0x000000008001DEC8] -> 0x0513
mem[X,0x000000008001DECA] -> 0xAAA5
[3273] [M]: 0x000000008001DEC8 (0xAAA50513) addi a0, a0, -0x556
x10 <- 0xFFFFFFFFAAAAAAAA
mem[X,0x000000008001DECC] -> 0x1513
mem[X,0x000000008001DECE] -> 0x00B5
[3274] [M]: 0x000000008001DECC (0x00B51513) slli a0, a0, 0xb
x10 <- 0xFFFFFD5555555000
mem[X,0x000000008001DED0] -> 0x0513
mem[X,0x000000008001DED2] -> 0x5555
[3275] [M]: 0x000000008001DED0 (0x55550513) addi a0, a0, 0x555
x10 <- 0xFFFFFD5555555555
mem[X,0x000000008001DED4] -> 0x1513
mem[X,0x000000008001DED6] -> 0x00B5
[3276] [M]: 0x000000008001DED4 (0x00B51513) slli a0, a0, 0xb
x10 <- 0xFFEAAAAAAAAAA800
mem[X,0x000000008001DED8] -> 0x0513
mem[X,0x000000008001DEDA] -> 0x2AA5
[3277] [M]: 0x000000008001DED8 (0x2AA50513) addi a0, a0, 0x2aa
x10 <- 0xFFEAAAAAAAAAAAAA
mem[X,0x000000008001DEDC] -> 0x1513
mem[X,0x000000008001DEDE] -> 0x00A5
[3278] [M]: 0x000000008001DEDC (0x00A51513) slli a0, a0, 0xa
x10 <- 0xAAAAAAAAAAAAA800
mem[X,0x000000008001DEE0] -> 0x0513
mem[X,0x000000008001DEE2] -> 0x2AA5
[3279] [M]: 0x000000008001DEE0 (0x2AA50513) addi a0, a0, 0x2aa
x10 <- 0xAAAAAAAAAAAAAAAA
mem[X,0x000000008001DEE4] -> 0x55B7
mem[X,0x000000008001DEE6] -> 0x5555
[3280] [M]: 0x000000008001DEE4 (0x555555B7) lui a1, 0x55555
x11 <- 0x0000000055555000
mem[X,0x000000008001DEE8] -> 0x8593
mem[X,0x000000008001DEEA] -> 0x5555
[3281] [M]: 0x000000008001DEE8 (0x55558593) addi a1, a1, 0x555
x11 <- 0x0000000055555555
mem[X,0x000000008001DEEC] -> 0x9593
mem[X,0x000000008001DEEE] -> 0x00B5
[3282] [M]: 0x000000008001DEEC (0x00B59593) slli a1, a1, 0xb
x11 <- 0x000002AAAAAAA800
mem[X,0x000000008001DEF0] -> 0x8593
mem[X,0x000000008001DEF2] -> 0x2AA5
[3283] [M]: 0x000000008001DEF0 (0x2AA58593) addi a1, a1, 0x2aa
x11 <- 0x000002AAAAAAAAAA
mem[X,0x000000008001DEF4] -> 0x9593
mem[X,0x000000008001DEF6] -> 0x00B5
[3284] [M]: 0x000000008001DEF4 (0x00B59593) slli a1, a1, 0xb
x11 <- 0x0015555555555000
mem[X,0x000000008001DEF8] -> 0x8593
mem[X,0x000000008001DEFA] -> 0x5555
[3285] [M]: 0x000000008001DEF8 (0x55558593) addi a1, a1, 0x555
x11 <- 0x0015555555555555
mem[X,0x000000008001DEFC] -> 0x9593
mem[X,0x000000008001DEFE] -> 0x00A5
[3286] [M]: 0x000000008001DEFC (0x00A59593) slli a1, a1, 0xa
x11 <- 0x5555555555555400
mem[X,0x000000008001DF00] -> 0x8593
mem[X,0x000000008001DF02] -> 0x1565
[3287] [M]: 0x000000008001DF00 (0x15658593) addi a1, a1, 0x156
x11 <- 0x5555555555555556
mem[X,0x000000008001DF04] -> 0x0213
mem[X,0x000000008001DF06] -> 0x0000
[3288] [M]: 0x000000008001DF04 (0x00000213) addi tp, zero, 0x0
x4 <- 0x0000000000000000
mem[X,0x000000008001DF08] -> 0x006F
mem[X,0x000000008001DF0A] -> 0x00C0
[3289] [M]: 0x000000008001DF08 (0x00C0006F) jal zero, 0xc
mem[X,0x000000008001DF14] -> 0x0063
mem[X,0x000000008001DF16] -> 0x02B5
[3290] [M]: 0x000000008001DF14 (0x02B50063) beq a0, a1, 0x20
mem[X,0x000000008001DF18] -> 0x0213
mem[X,0x000000008001DF1A] -> 0x0022
[3291] [M]: 0x000000008001DF18 (0x00220213) addi tp, tp, 0x2
x4 <- 0x0000000000000002
mem[X,0x000000008001DF1C] -> 0x006F
mem[X,0x000000008001DF1E] -> 0x0200
[3292] [M]: 0x000000008001DF1C (0x0200006F) jal zero, 0x20
mem[X,0x000000008001DF3C] -> 0x3C23
mem[X,0x000000008001DF3E] -> 0x7241
[3293] [M]: 0x000000008001DF3C (0x72413C23) sd tp, 0x738(sp)
mem[0x0000000080048900] <- 0x0000000000000002
mem[X,0x000000008001DF40] -> 0xB537
mem[X,0x000000008001DF42] -> 0xAAAA
[3294] [M]: 0x000000008001DF40 (0xAAAAB537) lui a0, -0x55555
x10 <- 0xFFFFFFFFAAAAB000
mem[X,0x000000008001DF44] -> 0x0513
mem[X,0x000000008001DF46] -> 0xAAA5
[3295] [M]: 0x000000008001DF44 (0xAAA50513) addi a0, a0, -0x556
x10 <- 0xFFFFFFFFAAAAAAAA
mem[X,0x000000008001DF48] -> 0x1513
mem[X,0x000000008001DF4A] -> 0x00B5
[3296] [M]: 0x000000008001DF48 (0x00B51513) slli a0, a0, 0xb
x10 <- 0xFFFFFD5555555000
mem[X,0x000000008001DF4C] -> 0x0513
mem[X,0x000000008001DF4E] -> 0x5555
[3297] [M]: 0x000000008001DF4C (0x55550513) addi a0, a0, 0x555
x10 <- 0xFFFFFD5555555555
mem[X,0x000000008001DF50] -> 0x1513
mem[X,0x000000008001DF52] -> 0x00B5
[3298] [M]: 0x000000008001DF50 (0x00B51513) slli a0, a0, 0xb
x10 <- 0xFFEAAAAAAAAAA800
mem[X,0x000000008001DF54] -> 0x0513
mem[X,0x000000008001DF56] -> 0x2AA5
[3299] [M]: 0x000000008001DF54 (0x2AA50513) addi a0, a0, 0x2aa
x10 <- 0xFFEAAAAAAAAAAAAA
clint::tick mtime <- 0x0000000000000021
 clint timer pending at mtime 0x0000000000000021
htif::tick 0x0000000000000000
mem[X,0x000000008001DF58] -> 0x1513
mem[X,0x000000008001DF5A] -> 0x00A5
[3300] [M]: 0x000000008001DF58 (0x00A51513) slli a0, a0, 0xa
x10 <- 0xAAAAAAAAAAAAA800
mem[X,0x000000008001DF5C] -> 0x0513
mem[X,0x000000008001DF5E] -> 0x2AA5
[3301] [M]: 0x000000008001DF5C (0x2AA50513) addi a0, a0, 0x2aa
x10 <- 0xAAAAAAAAAAAAAAAA
mem[X,0x000000008001DF60] -> 0xB5B7
mem[X,0x000000008001DF62] -> 0xAAAA
[3302] [M]: 0x000000008001DF60 (0xAAAAB5B7) lui a1, -0x55555
x11 <- 0xFFFFFFFFAAAAB000
mem[X,0x000000008001DF64] -> 0x8593
mem[X,0x000000008001DF66] -> 0xAAA5
[3303] [M]: 0x000000008001DF64 (0xAAA58593) addi a1, a1, -0x556
x11 <- 0xFFFFFFFFAAAAAAAA
mem[X,0x000000008001DF68] -> 0x9593
mem[X,0x000000008001DF6A] -> 0x00B5
[3304] [M]: 0x000000008001DF68 (0x00B59593) slli a1, a1, 0xb
x11 <- 0xFFFFFD5555555000
mem[X,0x000000008001DF6C] -> 0x8593
mem[X,0x000000008001DF6E] -> 0x5555
[3305] [M]: 0x000000008001DF6C (0x55558593) addi a1, a1, 0x555
x11 <- 0xFFFFFD5555555555
mem[X,0x000000008001DF70] -> 0x9593
mem[X,0x000000008001DF72] -> 0x00B5
[3306] [M]: 0x000000008001DF70 (0x00B59593) slli a1, a1, 0xb
x11 <- 0xFFEAAAAAAAAAA800
mem[X,0x000000008001DF74] -> 0x8593
mem[X,0x000000008001DF76] -> 0x2AA5
[3307] [M]: 0x000000008001DF74 (0x2AA58593) addi a1, a1, 0x2aa
x11 <- 0xFFEAAAAAAAAAAAAA
mem[X,0x000000008001DF78] -> 0x9593
mem[X,0x000000008001DF7A] -> 0x00A5
[3308] [M]: 0x000000008001DF78 (0x00A59593) slli a1, a1, 0xa
x11 <- 0xAAAAAAAAAAAAA800
mem[X,0x000000008001DF7C] -> 0x8593
mem[X,0x000000008001DF7E] -> 0x2AB5
[3309] [M]: 0x000000008001DF7C (0x2AB58593) addi a1, a1, 0x2ab
x11 <- 0xAAAAAAAAAAAAAAAB
mem[X,0x000000008001DF80] -> 0x0213
mem[X,0x000000008001DF82] -> 0x0000
[3310] [M]: 0x000000008001DF80 (0x00000213) addi tp, zero, 0x0
x4 <- 0x0000000000000000
mem[X,0x000000008001DF84] -> 0x006F
mem[X,0x000000008001DF86] -> 0x00C0
[3311] [M]: 0x000000008001DF84 (0x00C0006F) jal zero, 0xc
mem[X,0x000000008001DF90] -> 0x0063
mem[X,0x000000008001DF92] -> 0x02B5
[3312] [M]: 0x000000008001DF90 (0x02B50063) beq a0, a1, 0x20
mem[X,0x000000008001DF94] -> 0x0213
mem[X,0x000000008001DF96] -> 0x0022
[3313] [M]: 0x000000008001DF94 (0x00220213) addi tp, tp, 0x2
x4 <- 0x0000000000000002
mem[X,0x000000008001DF98] -> 0x006F
mem[X,0x000000008001DF9A] -> 0x0200
[3314] [M]: 0x000000008001DF98 (0x0200006F) jal zero, 0x20
mem[X,0x000000008001DFB8] -> 0x3023
mem[X,0x000000008001DFBA] -> 0x7441
[3315] [M]: 0x000000008001DFB8 (0x74413023) sd tp, 0x740(sp)
mem[0x0000000080048908] <- 0x0000000000000002
mem[X,0x000000008001DFBC] -> 0xB537
mem[X,0x000000008001DFBE] -> 0xAAAA
[3316] [M]: 0x000000008001DFBC (0xAAAAB537) lui a0, -0x55555
x10 <- 0xFFFFFFFFAAAAB000
mem[X,0x000000008001DFC0] -> 0x0513
mem[X,0x000000008001DFC2] -> 0xAAA5
[3317] [M]: 0x000000008001DFC0 (0xAAA50513) addi a0, a0, -0x556
x10 <- 0xFFFFFFFFAAAAAAAA
mem[X,0x000000008001DFC4] -> 0x1513
mem[X,0x000000008001DFC6] -> 0x00B5
[3318] [M]: 0x000000008001DFC4 (0x00B51513) slli a0, a0, 0xb
x10 <- 0xFFFFFD5555555000
mem[X,0x000000008001DFC8] -> 0x0513
mem[X,0x000000008001DFCA] -> 0x5555
[3319] [M]: 0x000000008001DFC8 (0x55550513) addi a0, a0, 0x555
x10 <- 0xFFFFFD5555555555
mem[X,0x000000008001DFCC] -> 0x1513
mem[X,0x000000008001DFCE] -> 0x00B5
[3320] [M]: 0x000000008001DFCC (0x00B51513) slli a0, a0, 0xb
x10 <- 0xFFEAAAAAAAAAA800
mem[X,0x000000008001DFD0] -> 0x0513
mem[X,0x000000008001DFD2] -> 0x2AA5
[3321] [M]: 0x000000008001DFD0 (0x2AA50513) addi a0, a0, 0x2aa
x10 <- 0xFFEAAAAAAAAAAAAA
mem[X,0x000000008001DFD4] -> 0x1513
mem[X,0x000000008001DFD6] -> 0x00A5
[3322] [M]: 0x000000008001DFD4 (0x00A51513) slli a0, a0, 0xa
x10 <- 0xAAAAAAAAAAAAA800
mem[X,0x000000008001DFD8] -> 0x0513
mem[X,0x000000008001DFDA] -> 0x2AA5
[3323] [M]: 0x000000008001DFD8 (0x2AA50513) addi a0, a0, 0x2aa
x10 <- 0xAAAAAAAAAAAAAAAA
mem[X,0x000000008001DFDC] -> 0x0593
mem[X,0x000000008001DFDE] -> 0x0060
[3324] [M]: 0x000000008001DFDC (0x00600593) addi a1, zero, 0x6
x11 <- 0x0000000000000006
mem[X,0x000000008001DFE0] -> 0x0213
mem[X,0x000000008001DFE2] -> 0x0000
[3325] [M]: 0x000000008001DFE0 (0x00000213) addi tp, zero, 0x0
x4 <- 0x0000000000000000
mem[X,0x000000008001DFE4] -> 0x006F
mem[X,0x000000008001DFE6] -> 0x00C0
[3326] [M]: 0x000000008001DFE4 (0x00C0006F) jal zero, 0xc
mem[X,0x000000008001DFF0] -> 0x0663
mem[X,0x000000008001DFF2] -> 0x00B5
[3327] [M]: 0x000000008001DFF0 (0x00B50663) beq a0, a1, 0xc
mem[X,0x000000008001DFF4] -> 0x0213
mem[X,0x000000008001DFF6] -> 0x0022
[3328] [M]: 0x000000008001DFF4 (0x00220213) addi tp, tp, 0x2
x4 <- 0x0000000000000002
mem[X,0x000000008001DFF8] -> 0x006F
mem[X,0x000000008001DFFA] -> 0x00C0
[3329] [M]: 0x000000008001DFF8 (0x00C0006F) jal zero, 0xc
mem[X,0x000000008001E004] -> 0x3423
mem[X,0x000000008001E006] -> 0x7441
[3330] [M]: 0x000000008001E004 (0x74413423) sd tp, 0x748(sp)
mem[0x0000000080048910] <- 0x0000000000000002
mem[X,0x000000008001E008] -> 0xB537
mem[X,0x000000008001E00A] -> 0xAAAA
[3331] [M]: 0x000000008001E008 (0xAAAAB537) lui a0, -0x55555
x10 <- 0xFFFFFFFFAAAAB000
mem[X,0x000000008001E00C] -> 0x0513
mem[X,0x000000008001E00E] -> 0xAAA5
[3332] [M]: 0x000000008001E00C (0xAAA50513) addi a0, a0, -0x556
x10 <- 0xFFFFFFFFAAAAAAAA
mem[X,0x000000008001E010] -> 0x1513
mem[X,0x000000008001E012] -> 0x00B5
[3333] [M]: 0x000000008001E010 (0x00B51513) slli a0, a0, 0xb
x10 <- 0xFFFFFD5555555000
mem[X,0x000000008001E014] -> 0x0513
mem[X,0x000000008001E016] -> 0x5555
[3334] [M]: 0x000000008001E014 (0x55550513) addi a0, a0, 0x555
x10 <- 0xFFFFFD5555555555
mem[X,0x000000008001E018] -> 0x1513
mem[X,0x000000008001E01A] -> 0x00B5
[3335] [M]: 0x000000008001E018 (0x00B51513) slli a0, a0, 0xb
x10 <- 0xFFEAAAAAAAAAA800
mem[X,0x000000008001E01C] -> 0x0513
mem[X,0x000000008001E01E] -> 0x2AA5
[3336] [M]: 0x000000008001E01C (0x2AA50513) addi a0, a0, 0x2aa
x10 <- 0xFFEAAAAAAAAAAAAA
mem[X,0x000000008001E020] -> 0x1513
mem[X,0x000000008001E022] -> 0x00A5
[3337] [M]: 0x000000008001E020 (0x00A51513) slli a0, a0, 0xa
x10 <- 0xAAAAAAAAAAAAA800
mem[X,0x000000008001E024] -> 0x0513
mem[X,0x000000008001E026] -> 0x2AA5
[3338] [M]: 0x000000008001E024 (0x2AA50513) addi a0, a0, 0x2aa
x10 <- 0xAAAAAAAAAAAAAAAA
mem[X,0x000000008001E028] -> 0x35B7
mem[X,0x000000008001E02A] -> 0x3333
[3339] [M]: 0x000000008001E028 (0x333335B7) lui a1, 0x33333
x11 <- 0x0000000033333000
mem[X,0x000000008001E02C] -> 0x8593
mem[X,0x000000008001E02E] -> 0x3335
[3340] [M]: 0x000000008001E02C (0x33358593) addi a1, a1, 0x333
x11 <- 0x0000000033333333
mem[X,0x000000008001E030] -> 0x9593
mem[X,0x000000008001E032] -> 0x00B5
[3341] [M]: 0x000000008001E030 (0x00B59593) slli a1, a1, 0xb
x11 <- 0x0000019999999800
mem[X,0x000000008001E034] -> 0x8593
mem[X,0x000000008001E036] -> 0x1995
[3342] [M]: 0x000000008001E034 (0x19958593) addi a1, a1, 0x199
x11 <- 0x0000019999999999
mem[X,0x000000008001E038] -> 0x9593
mem[X,0x000000008001E03A] -> 0x00B5
[3343] [M]: 0x000000008001E038 (0x00B59593) slli a1, a1, 0xb
x11 <- 0x000CCCCCCCCCC800
mem[X,0x000000008001E03C] -> 0x8593
mem[X,0x000000008001E03E] -> 0x4CC5
[3344] [M]: 0x000000008001E03C (0x4CC58593) addi a1, a1, 0x4cc
x11 <- 0x000CCCCCCCCCCCCC
mem[X,0x000000008001E040] -> 0x9593
mem[X,0x000000008001E042] -> 0x00A5
[3345] [M]: 0x000000008001E040 (0x00A59593) slli a1, a1, 0xa
x11 <- 0x3333333333333000
mem[X,0x000000008001E044] -> 0x8593
mem[X,0x000000008001E046] -> 0x3345
[3346] [M]: 0x000000008001E044 (0x33458593) addi a1, a1, 0x334
x11 <- 0x3333333333333334
mem[X,0x000000008001E048] -> 0x0213
mem[X,0x000000008001E04A] -> 0x0000
[3347] [M]: 0x000000008001E048 (0x00000213) addi tp, zero, 0x0
x4 <- 0x0000000000000000
mem[X,0x000000008001E04C] -> 0x006F
mem[X,0x000000008001E04E] -> 0x00C0
[3348] [M]: 0x000000008001E04C (0x00C0006F) jal zero, 0xc
mem[X,0x000000008001E058] -> 0x0063
mem[X,0x000000008001E05A] -> 0x02B5
[3349] [M]: 0x000000008001E058 (0x02B50063) beq a0, a1, 0x20
mem[X,0x000000008001E05C] -> 0x0213
mem[X,0x000000008001E05E] -> 0x0022
[3350] [M]: 0x000000008001E05C (0x00220213) addi tp, tp, 0x2
x4 <- 0x0000000000000002
mem[X,0x000000008001E060] -> 0x006F
mem[X,0x000000008001E062] -> 0x0200
[3351] [M]: 0x000000008001E060 (0x0200006F) jal zero, 0x20
mem[X,0x000000008001E080] -> 0x3823
mem[X,0x000000008001E082] -> 0x7441
[3352] [M]: 0x000000008001E080 (0x74413823) sd tp, 0x750(sp)
mem[0x0000000080048918] <- 0x0000000000000002
mem[X,0x000000008001E084] -> 0xB537
mem[X,0x000000008001E086] -> 0xAAAA
[3353] [M]: 0x000000008001E084 (0xAAAAB537) lui a0, -0x55555
x10 <- 0xFFFFFFFFAAAAB000
mem[X,0x000000008001E088] -> 0x0513
mem[X,0x000000008001E08A] -> 0xAAA5
[3354] [M]: 0x000000008001E088 (0xAAA50513) addi a0, a0, -0x556
x10 <- 0xFFFFFFFFAAAAAAAA
mem[X,0x000000008001E08C] -> 0x1513
mem[X,0x000000008001E08E] -> 0x00B5
[3355] [M]: 0x000000008001E08C (0x00B51513) slli a0, a0, 0xb
x10 <- 0xFFFFFD5555555000
mem[X,0x000000008001E090] -> 0x0513
mem[X,0x000000008001E092] -> 0x5555
[3356] [M]: 0x000000008001E090 (0x55550513) addi a0, a0, 0x555
x10 <- 0xFFFFFD5555555555
mem[X,0x000000008001E094] -> 0x1513
mem[X,0x000000008001E096] -> 0x00B5
[3357] [M]: 0x000000008001E094 (0x00B51513) slli a0, a0, 0xb
x10 <- 0xFFEAAAAAAAAAA800
mem[X,0x000000008001E098] -> 0x0513
mem[X,0x000000008001E09A] -> 0x2AA5
[3358] [M]: 0x000000008001E098 (0x2AA50513) addi a0, a0, 0x2aa
x10 <- 0xFFEAAAAAAAAAAAAA
mem[X,0x000000008001E09C] -> 0x1513
mem[X,0x000000008001E09E] -> 0x00A5
[3359] [M]: 0x000000008001E09C (0x00A51513) slli a0, a0, 0xa
x10 <- 0xAAAAAAAAAAAAA800
mem[X,0x000000008001E0A0] -> 0x0513
mem[X,0x000000008001E0A2] -> 0x2AA5
[3360] [M]: 0x000000008001E0A0 (0x2AA50513) addi a0, a0, 0x2aa
x10 <- 0xAAAAAAAAAAAAAAAA
mem[X,0x000000008001E0A4] -> 0x65B7
mem[X,0x000000008001E0A6] -> 0x6666
[3361] [M]: 0x000000008001E0A4 (0x666665B7) lui a1, 0x66666
x11 <- 0x0000000066666000
mem[X,0x000000008001E0A8] -> 0x8593
mem[X,0x000000008001E0AA] -> 0x6665
[3362] [M]: 0x000000008001E0A8 (0x66658593) addi a1, a1, 0x666
x11 <- 0x0000000066666666
mem[X,0x000000008001E0AC] -> 0x9593
mem[X,0x000000008001E0AE] -> 0x00B5
[3363] [M]: 0x000000008001E0AC (0x00B59593) slli a1, a1, 0xb
x11 <- 0x0000033333333000
mem[X,0x000000008001E0B0] -> 0x8593
mem[X,0x000000008001E0B2] -> 0x3335
[3364] [M]: 0x000000008001E0B0 (0x33358593) addi a1, a1, 0x333
x11 <- 0x0000033333333333
mem[X,0x000000008001E0B4] -> 0x9593
mem[X,0x000000008001E0B6] -> 0x00B5
[3365] [M]: 0x000000008001E0B4 (0x00B59593) slli a1, a1, 0xb
x11 <- 0x0019999999999800
mem[X,0x000000008001E0B8] -> 0x8593
mem[X,0x000000008001E0BA] -> 0x1995
[3366] [M]: 0x000000008001E0B8 (0x19958593) addi a1, a1, 0x199
x11 <- 0x0019999999999999
mem[X,0x000000008001E0BC] -> 0x9593
mem[X,0x000000008001E0BE] -> 0x00A5
[3367] [M]: 0x000000008001E0BC (0x00A59593) slli a1, a1, 0xa
x11 <- 0x6666666666666400
mem[X,0x000000008001E0C0] -> 0x8593
mem[X,0x000000008001E0C2] -> 0x2675
[3368] [M]: 0x000000008001E0C0 (0x26758593) addi a1, a1, 0x267
x11 <- 0x6666666666666667
mem[X,0x000000008001E0C4] -> 0x0213
mem[X,0x000000008001E0C6] -> 0x0000
[3369] [M]: 0x000000008001E0C4 (0x00000213) addi tp, zero, 0x0
x4 <- 0x0000000000000000
mem[X,0x000000008001E0C8] -> 0x006F
mem[X,0x000000008001E0CA] -> 0x00C0
[3370] [M]: 0x000000008001E0C8 (0x00C0006F) jal zero, 0xc
mem[X,0x000000008001E0D4] -> 0x0663
mem[X,0x000000008001E0D6] -> 0x00B5
[3371] [M]: 0x000000008001E0D4 (0x00B50663) beq a0, a1, 0xc
mem[X,0x000000008001E0D8] -> 0x0213
mem[X,0x000000008001E0DA] -> 0x0022
[3372] [M]: 0x000000008001E0D8 (0x00220213) addi tp, tp, 0x2
x4 <- 0x0000000000000002
mem[X,0x000000008001E0DC] -> 0x006F
mem[X,0x000000008001E0DE] -> 0x00C0
[3373] [M]: 0x000000008001E0DC (0x00C0006F) jal zero, 0xc
mem[X,0x000000008001E0E8] -> 0x3C23
mem[X,0x000000008001E0EA] -> 0x7441
[3374] [M]: 0x000000008001E0E8 (0x74413C23) sd tp, 0x758(sp)
mem[0x0000000080048920] <- 0x0000000000000002
mem[X,0x000000008001E0EC] -> 0xB537
mem[X,0x000000008001E0EE] -> 0xAAAA
[3375] [M]: 0x000000008001E0EC (0xAAAAB537) lui a0, -0x55555
x10 <- 0xFFFFFFFFAAAAB000
mem[X,0x000000008001E0F0] -> 0x0513
mem[X,0x000000008001E0F2] -> 0xAAA5
[3376] [M]: 0x000000008001E0F0 (0xAAA50513) addi a0, a0, -0x556
x10 <- 0xFFFFFFFFAAAAAAAA
mem[X,0x000000008001E0F4] -> 0x1513
mem[X,0x000000008001E0F6] -> 0x00B5
[3377] [M]: 0x000000008001E0F4 (0x00B51513) slli a0, a0, 0xb
x10 <- 0xFFFFFD5555555000
mem[X,0x000000008001E0F8] -> 0x0513
mem[X,0x000000008001E0FA] -> 0x5555
[3378] [M]: 0x000000008001E0F8 (0x55550513) addi a0, a0, 0x555
x10 <- 0xFFFFFD5555555555
mem[X,0x000000008001E0FC] -> 0x1513
mem[X,0x000000008001E0FE] -> 0x00B5
[3379] [M]: 0x000000008001E0FC (0x00B51513) slli a0, a0, 0xb
x10 <- 0xFFEAAAAAAAAAA800
mem[X,0x000000008001E100] -> 0x0513
mem[X,0x000000008001E102] -> 0x2AA5
[3380] [M]: 0x000000008001E100 (0x2AA50513) addi a0, a0, 0x2aa
x10 <- 0xFFEAAAAAAAAAAAAA
mem[X,0x000000008001E104] -> 0x1513
mem[X,0x000000008001E106] -> 0x00A5
[3381] [M]: 0x000000008001E104 (0x00A51513) slli a0, a0, 0xa
x10 <- 0xAAAAAAAAAAAAA800
mem[X,0x000000008001E108] -> 0x0513
mem[X,0x000000008001E10A] -> 0x2AA5
[3382] [M]: 0x000000008001E108 (0x2AA50513) addi a0, a0, 0x2aa
x10 <- 0xAAAAAAAAAAAAAAAA
mem[X,0x000000008001E10C] -> 0x05B7
mem[X,0x000000008001E10E] -> 0x0000
[3383] [M]: 0x000000008001E10C (0x000005B7) lui a1, 0x0
x11 <- 0x0000000000000000
mem[X,0x000000008001E110] -> 0x8593
mem[X,0x000000008001E112] -> 0xFFF5
[3384] [M]: 0x000000008001E110 (0xFFF58593) addi a1, a1, -0x1
x11 <- 0xFFFFFFFFFFFFFFFF
mem[X,0x000000008001E114] -> 0x9593
mem[X,0x000000008001E116] -> 0x00B5
[3385] [M]: 0x000000008001E114 (0x00B59593) slli a1, a1, 0xb
x11 <- 0xFFFFFFFFFFFFF800
mem[X,0x000000008001E118] -> 0x8593
mem[X,0x000000008001E11A] -> 0x2575
[3386] [M]: 0x000000008001E118 (0x25758593) addi a1, a1, 0x257
x11 <- 0xFFFFFFFFFFFFFA57
mem[X,0x000000008001E11C] -> 0x9593
mem[X,0x000000008001E11E] -> 0x00B5
[3387] [M]: 0x000000008001E11C (0x00B59593) slli a1, a1, 0xb
x11 <- 0xFFFFFFFFFFD2B800
mem[X,0x000000008001E120] -> 0x8593
mem[X,0x000000008001E122] -> 0x6C35
[3388] [M]: 0x000000008001E120 (0x6C358593) addi a1, a1, 0x6c3
x11 <- 0xFFFFFFFFFFD2BEC3
mem[X,0x000000008001E124] -> 0x9593
mem[X,0x000000008001E126] -> 0x00A5
[3389] [M]: 0x000000008001E124 (0x00A59593) slli a1, a1, 0xa
x11 <- 0xFFFFFFFF4AFB0C00
mem[X,0x000000008001E128] -> 0x8593
mem[X,0x000000008001E12A] -> 0x0CE5
[3390] [M]: 0x000000008001E128 (0x0CE58593) addi a1, a1, 0xce
x11 <- 0xFFFFFFFF4AFB0CCE
mem[X,0x000000008001E12C] -> 0x0213
mem[X,0x000000008001E12E] -> 0x0000
[3391] [M]: 0x000000008001E12C (0x00000213) addi tp, zero, 0x0
x4 <- 0x0000000000000000
mem[X,0x000000008001E130] -> 0x006F
mem[X,0x000000008001E132] -> 0x0050
[3392] [M]: 0x000000008001E130 (0x0050006F) jal zero, 0x804
mem[X,0x000000008001E934] -> 0x00E3
mem[X,0x000000008001E936] -> 0x80B5
[3393] [M]: 0x000000008001E934 (0x80B500E3) beq a0, a1, -0x800
mem[X,0x000000008001E938] -> 0x0213
mem[X,0x000000008001E93A] -> 0x0022
[3394] [M]: 0x000000008001E938 (0x00220213) addi tp, tp, 0x2
x4 <- 0x0000000000000002
mem[X,0x000000008001E93C] -> 0x006F
mem[X,0x000000008001E93E] -> 0x00C0
[3395] [M]: 0x000000008001E93C (0x00C0006F) jal zero, 0xc
mem[X,0x000000008001E948] -> 0x3023
mem[X,0x000000008001E94A] -> 0x7641
[3396] [M]: 0x000000008001E948 (0x76413023) sd tp, 0x760(sp)
mem[0x0000000080048928] <- 0x0000000000000002
mem[X,0x000000008001E94C] -> 0xB537
mem[X,0x000000008001E94E] -> 0xAAAA
[3397] [M]: 0x000000008001E94C (0xAAAAB537) lui a0, -0x55555
x10 <- 0xFFFFFFFFAAAAB000
mem[X,0x000000008001E950] -> 0x0513
mem[X,0x000000008001E952] -> 0xAAA5
[3398] [M]: 0x000000008001E950 (0xAAA50513) addi a0, a0, -0x556
x10 <- 0xFFFFFFFFAAAAAAAA
mem[X,0x000000008001E954] -> 0x1513
mem[X,0x000000008001E956] -> 0x00B5
[3399] [M]: 0x000000008001E954 (0x00B51513) slli a0, a0, 0xb
x10 <- 0xFFFFFD5555555000
clint::tick mtime <- 0x0000000000000022
 clint timer pending at mtime 0x0000000000000022
htif::tick 0x0000000000000000
mem[X,0x000000008001E958] -> 0x0513
mem[X,0x000000008001E95A] -> 0x5555
[3400] [M]: 0x000000008001E958 (0x55550513) addi a0, a0, 0x555
x10 <- 0xFFFFFD5555555555
mem[X,0x000000008001E95C] -> 0x1513
mem[X,0x000000008001E95E] -> 0x00B5
[3401] [M]: 0x000000008001E95C (0x00B51513) slli a0, a0, 0xb
x10 <- 0xFFEAAAAAAAAAA800
mem[X,0x000000008001E960] -> 0x0513
mem[X,0x000000008001E962] -> 0x2AA5
[3402] [M]: 0x000000008001E960 (0x2AA50513) addi a0, a0, 0x2aa
x10 <- 0xFFEAAAAAAAAAAAAA
mem[X,0x000000008001E964] -> 0x1513
mem[X,0x000000008001E966] -> 0x00A5
[3403] [M]: 0x000000008001E964 (0x00A51513) slli a0, a0, 0xa
x10 <- 0xAAAAAAAAAAAAA800
mem[X,0x000000008001E968] -> 0x0513
mem[X,0x000000008001E96A] -> 0x2AA5
[3404] [M]: 0x000000008001E968 (0x2AA50513) addi a0, a0, 0x2aa
x10 <- 0xAAAAAAAAAAAAAAAA
mem[X,0x000000008001E96C] -> 0x05B7
mem[X,0x000000008001E96E] -> 0x0000
[3405] [M]: 0x000000008001E96C (0x000005B7) lui a1, 0x0
x11 <- 0x0000000000000000
mem[X,0x000000008001E970] -> 0x8593
mem[X,0x000000008001E972] -> 0x0005
[3406] [M]: 0x000000008001E970 (0x00058593) addi a1, a1, 0x0
x11 <- 0x0000000000000000
mem[X,0x000000008001E974] -> 0x9593
mem[X,0x000000008001E976] -> 0x00B5
[3407] [M]: 0x000000008001E974 (0x00B59593) slli a1, a1, 0xb
x11 <- 0x0000000000000000
mem[X,0x000000008001E978] -> 0x8593
mem[X,0x000000008001E97A] -> 0x5A85
[3408] [M]: 0x000000008001E978 (0x5A858593) addi a1, a1, 0x5a8
x11 <- 0x00000000000005A8
mem[X,0x000000008001E97C] -> 0x9593
mem[X,0x000000008001E97E] -> 0x00B5
[3409] [M]: 0x000000008001E97C (0x00B59593) slli a1, a1, 0xb
x11 <- 0x00000000002D4000
mem[X,0x000000008001E980] -> 0x8593
mem[X,0x000000008001E982] -> 0x13C5
[3410] [M]: 0x000000008001E980 (0x13C58593) addi a1, a1, 0x13c
x11 <- 0x00000000002D413C
mem[X,0x000000008001E984] -> 0x9593
mem[X,0x000000008001E986] -> 0x00A5
[3411] [M]: 0x000000008001E984 (0x00A59593) slli a1, a1, 0xa
x11 <- 0x00000000B504F000
mem[X,0x000000008001E988] -> 0x8593
mem[X,0x000000008001E98A] -> 0x3345
[3412] [M]: 0x000000008001E988 (0x33458593) addi a1, a1, 0x334
x11 <- 0x00000000B504F334
mem[X,0x000000008001E98C] -> 0x0213
mem[X,0x000000008001E98E] -> 0x0000
[3413] [M]: 0x000000008001E98C (0x00000213) addi tp, zero, 0x0
x4 <- 0x0000000000000000
mem[X,0x000000008001E990] -> 0x006F
mem[X,0x000000008001E992] -> 0x00C0
[3414] [M]: 0x000000008001E990 (0x00C0006F) jal zero, 0xc
mem[X,0x000000008001E99C] -> 0x0063
mem[X,0x000000008001E99E] -> 0x02B5
[3415] [M]: 0x000000008001E99C (0x02B50063) beq a0, a1, 0x20
mem[X,0x000000008001E9A0] -> 0x0213
mem[X,0x000000008001E9A2] -> 0x0022
[3416] [M]: 0x000000008001E9A0 (0x00220213) addi tp, tp, 0x2
x4 <- 0x0000000000000002
mem[X,0x000000008001E9A4] -> 0x006F
mem[X,0x000000008001E9A6] -> 0x0200
[3417] [M]: 0x000000008001E9A4 (0x0200006F) jal zero, 0x20
mem[X,0x000000008001E9C4] -> 0x3423
mem[X,0x000000008001E9C6] -> 0x7641
[3418] [M]: 0x000000008001E9C4 (0x76413423) sd tp, 0x768(sp)
mem[0x0000000080048930] <- 0x0000000000000002
mem[X,0x000000008001E9C8] -> 0x0513
mem[X,0x000000008001E9CA] -> 0x0050
[3419] [M]: 0x000000008001E9C8 (0x00500513) addi a0, zero, 0x5
x10 <- 0x0000000000000005
mem[X,0x000000008001E9CC] -> 0x0593
mem[X,0x000000008001E9CE] -> 0x0030
[3420] [M]: 0x000000008001E9CC (0x00300593) addi a1, zero, 0x3
x11 <- 0x0000000000000003
mem[X,0x000000008001E9D0] -> 0x0213
mem[X,0x000000008001E9D2] -> 0x0000
[3421] [M]: 0x000000008001E9D0 (0x00000213) addi tp, zero, 0x0
x4 <- 0x0000000000000000
mem[X,0x000000008001E9D4] -> 0x006F
mem[X,0x000000008001E9D6] -> 0x00C0
[3422] [M]: 0x000000008001E9D4 (0x00C0006F) jal zero, 0xc
mem[X,0x000000008001E9E0] -> 0x0663
mem[X,0x000000008001E9E2] -> 0x00B5
[3423] [M]: 0x000000008001E9E0 (0x00B50663) beq a0, a1, 0xc
mem[X,0x000000008001E9E4] -> 0x0213
mem[X,0x000000008001E9E6] -> 0x0022
[3424] [M]: 0x000000008001E9E4 (0x00220213) addi tp, tp, 0x2
x4 <- 0x0000000000000002
mem[X,0x000000008001E9E8] -> 0x006F
mem[X,0x000000008001E9EA] -> 0x00C0
[3425] [M]: 0x000000008001E9E8 (0x00C0006F) jal zero, 0xc
mem[X,0x000000008001E9F4] -> 0x3823
mem[X,0x000000008001E9F6] -> 0x7641
[3426] [M]: 0x000000008001E9F4 (0x76413823) sd tp, 0x770(sp)
mem[0x0000000080048938] <- 0x0000000000000002
mem[X,0x000000008001E9F8] -> 0x0513
mem[X,0x000000008001E9FA] -> 0x0050
[3427] [M]: 0x000000008001E9F8 (0x00500513) addi a0, zero, 0x5
x10 <- 0x0000000000000005
mem[X,0x000000008001E9FC] -> 0x55B7
mem[X,0x000000008001E9FE] -> 0x5555
[3428] [M]: 0x000000008001E9FC (0x555555B7) lui a1, 0x55555
x11 <- 0x0000000055555000
mem[X,0x000000008001EA00] -> 0x8593
mem[X,0x000000008001EA02] -> 0x5555
[3429] [M]: 0x000000008001EA00 (0x55558593) addi a1, a1, 0x555
x11 <- 0x0000000055555555
mem[X,0x000000008001EA04] -> 0x9593
mem[X,0x000000008001EA06] -> 0x00B5
[3430] [M]: 0x000000008001EA04 (0x00B59593) slli a1, a1, 0xb
x11 <- 0x000002AAAAAAA800
mem[X,0x000000008001EA08] -> 0x8593
mem[X,0x000000008001EA0A] -> 0x2AA5
[3431] [M]: 0x000000008001EA08 (0x2AA58593) addi a1, a1, 0x2aa
x11 <- 0x000002AAAAAAAAAA
mem[X,0x000000008001EA0C] -> 0x9593
mem[X,0x000000008001EA0E] -> 0x00B5
[3432] [M]: 0x000000008001EA0C (0x00B59593) slli a1, a1, 0xb
x11 <- 0x0015555555555000
mem[X,0x000000008001EA10] -> 0x8593
mem[X,0x000000008001EA12] -> 0x5555
[3433] [M]: 0x000000008001EA10 (0x55558593) addi a1, a1, 0x555
x11 <- 0x0015555555555555
mem[X,0x000000008001EA14] -> 0x9593
mem[X,0x000000008001EA16] -> 0x00A5
[3434] [M]: 0x000000008001EA14 (0x00A59593) slli a1, a1, 0xa
x11 <- 0x5555555555555400
mem[X,0x000000008001EA18] -> 0x8593
mem[X,0x000000008001EA1A] -> 0x1555
[3435] [M]: 0x000000008001EA18 (0x15558593) addi a1, a1, 0x155
x11 <- 0x5555555555555555
mem[X,0x000000008001EA1C] -> 0x0213
mem[X,0x000000008001EA1E] -> 0x0000
[3436] [M]: 0x000000008001EA1C (0x00000213) addi tp, zero, 0x0
x4 <- 0x0000000000000000
mem[X,0x000000008001EA20] -> 0x006F
mem[X,0x000000008001EA22] -> 0x00C0
[3437] [M]: 0x000000008001EA20 (0x00C0006F) jal zero, 0xc
mem[X,0x000000008001EA2C] -> 0x0063
mem[X,0x000000008001EA2E] -> 0x10B5
[3438] [M]: 0x000000008001EA2C (0x10B50063) beq a0, a1, 0x100
mem[X,0x000000008001EA30] -> 0x0213
mem[X,0x000000008001EA32] -> 0x0022
[3439] [M]: 0x000000008001EA30 (0x00220213) addi tp, tp, 0x2
x4 <- 0x0000000000000002
mem[X,0x000000008001EA34] -> 0x006F
mem[X,0x000000008001EA36] -> 0x1000
[3440] [M]: 0x000000008001EA34 (0x1000006F) jal zero, 0x100
mem[X,0x000000008001EB34] -> 0x3C23
mem[X,0x000000008001EB36] -> 0x7641
[3441] [M]: 0x000000008001EB34 (0x76413C23) sd tp, 0x778(sp)
mem[0x0000000080048940] <- 0x0000000000000002
mem[X,0x000000008001EB38] -> 0x0513
mem[X,0x000000008001EB3A] -> 0x0050
[3442] [M]: 0x000000008001EB38 (0x00500513) addi a0, zero, 0x5
x10 <- 0x0000000000000005
mem[X,0x000000008001EB3C] -> 0xB5B7
mem[X,0x000000008001EB3E] -> 0xAAAA
[3443] [M]: 0x000000008001EB3C (0xAAAAB5B7) lui a1, -0x55555
x11 <- 0xFFFFFFFFAAAAB000
mem[X,0x000000008001EB40] -> 0x8593
mem[X,0x000000008001EB42] -> 0xAAA5
[3444] [M]: 0x000000008001EB40 (0xAAA58593) addi a1, a1, -0x556
x11 <- 0xFFFFFFFFAAAAAAAA
mem[X,0x000000008001EB44] -> 0x9593
mem[X,0x000000008001EB46] -> 0x00B5
[3445] [M]: 0x000000008001EB44 (0x00B59593) slli a1, a1, 0xb
x11 <- 0xFFFFFD5555555000
mem[X,0x000000008001EB48] -> 0x8593
mem[X,0x000000008001EB4A] -> 0x5555
[3446] [M]: 0x000000008001EB48 (0x55558593) addi a1, a1, 0x555
x11 <- 0xFFFFFD5555555555
mem[X,0x000000008001EB4C] -> 0x9593
mem[X,0x000000008001EB4E] -> 0x00B5
[3447] [M]: 0x000000008001EB4C (0x00B59593) slli a1, a1, 0xb
x11 <- 0xFFEAAAAAAAAAA800
mem[X,0x000000008001EB50] -> 0x8593
mem[X,0x000000008001EB52] -> 0x2AA5
[3448] [M]: 0x000000008001EB50 (0x2AA58593) addi a1, a1, 0x2aa
x11 <- 0xFFEAAAAAAAAAAAAA
mem[X,0x000000008001EB54] -> 0x9593
mem[X,0x000000008001EB56] -> 0x00A5
[3449] [M]: 0x000000008001EB54 (0x00A59593) slli a1, a1, 0xa
x11 <- 0xAAAAAAAAAAAAA800
mem[X,0x000000008001EB58] -> 0x8593
mem[X,0x000000008001EB5A] -> 0x2AA5
[3450] [M]: 0x000000008001EB58 (0x2AA58593) addi a1, a1, 0x2aa
x11 <- 0xAAAAAAAAAAAAAAAA
mem[X,0x000000008001EB5C] -> 0x0213
mem[X,0x000000008001EB5E] -> 0x0000
[3451] [M]: 0x000000008001EB5C (0x00000213) addi tp, zero, 0x0
x4 <- 0x0000000000000000
mem[X,0x000000008001EB60] -> 0x006F
mem[X,0x000000008001EB62] -> 0x0050
[3452] [M]: 0x000000008001EB60 (0x0050006F) jal zero, 0x804
mem[X,0x000000008001F364] -> 0x00E3
mem[X,0x000000008001F366] -> 0x80B5
[3453] [M]: 0x000000008001F364 (0x80B500E3) beq a0, a1, -0x800
mem[X,0x000000008001F368] -> 0x0213
mem[X,0x000000008001F36A] -> 0x0022
[3454] [M]: 0x000000008001F368 (0x00220213) addi tp, tp, 0x2
x4 <- 0x0000000000000002
mem[X,0x000000008001F36C] -> 0x006F
mem[X,0x000000008001F36E] -> 0x00C0
[3455] [M]: 0x000000008001F36C (0x00C0006F) jal zero, 0xc
mem[X,0x000000008001F378] -> 0x3023
mem[X,0x000000008001F37A] -> 0x7841
[3456] [M]: 0x000000008001F378 (0x78413023) sd tp, 0x780(sp)
mem[0x0000000080048948] <- 0x0000000000000002
mem[X,0x000000008001F37C] -> 0x0513
mem[X,0x000000008001F37E] -> 0x0050
[3457] [M]: 0x000000008001F37C (0x00500513) addi a0, zero, 0x5
x10 <- 0x0000000000000005
mem[X,0x000000008001F380] -> 0x0593
mem[X,0x000000008001F382] -> 0x0050
[3458] [M]: 0x000000008001F380 (0x00500593) addi a1, zero, 0x5
x11 <- 0x0000000000000005
mem[X,0x000000008001F384] -> 0x0213
mem[X,0x000000008001F386] -> 0x0000
[3459] [M]: 0x000000008001F384 (0x00000213) addi tp, zero, 0x0
x4 <- 0x0000000000000000
mem[X,0x000000008001F388] -> 0x006F
mem[X,0x000000008001F38A] -> 0x00C0
[3460] [M]: 0x000000008001F388 (0x00C0006F) jal zero, 0xc
mem[X,0x000000008001F394] -> 0x0063
mem[X,0x000000008001F396] -> 0x20B5
[3461] [M]: 0x000000008001F394 (0x20B50063) beq a0, a1, 0x200
mem[X,0x000000008001F594] -> 0x0213
mem[X,0x000000008001F596] -> 0x0032
[3462] [M]: 0x000000008001F594 (0x00320213) addi tp, tp, 0x3
x4 <- 0x0000000000000003
mem[X,0x000000008001F598] -> 0x006F
mem[X,0x000000008001F59A] -> 0x0040
[3463] [M]: 0x000000008001F598 (0x0040006F) jal zero, 0x4
mem[X,0x000000008001F59C] -> 0x3423
mem[X,0x000000008001F59E] -> 0x7841
[3464] [M]: 0x000000008001F59C (0x78413423) sd tp, 0x788(sp)
mem[0x0000000080048950] <- 0x0000000000000003
mem[X,0x000000008001F5A0] -> 0x0513
mem[X,0x000000008001F5A2] -> 0x0050
[3465] [M]: 0x000000008001F5A0 (0x00500513) addi a0, zero, 0x5
x10 <- 0x0000000000000005
mem[X,0x000000008001F5A4] -> 0x35B7
mem[X,0x000000008001F5A6] -> 0x3333
[3466] [M]: 0x000000008001F5A4 (0x333335B7) lui a1, 0x33333
x11 <- 0x0000000033333000
mem[X,0x000000008001F5A8] -> 0x8593
mem[X,0x000000008001F5AA] -> 0x3335
[3467] [M]: 0x000000008001F5A8 (0x33358593) addi a1, a1, 0x333
x11 <- 0x0000000033333333
mem[X,0x000000008001F5AC] -> 0x9593
mem[X,0x000000008001F5AE] -> 0x00B5
[3468] [M]: 0x000000008001F5AC (0x00B59593) slli a1, a1, 0xb
x11 <- 0x0000019999999800
mem[X,0x000000008001F5B0] -> 0x8593
mem[X,0x000000008001F5B2] -> 0x1995
[3469] [M]: 0x000000008001F5B0 (0x19958593) addi a1, a1, 0x199
x11 <- 0x0000019999999999
mem[X,0x000000008001F5B4] -> 0x9593
mem[X,0x000000008001F5B6] -> 0x00B5
[3470] [M]: 0x000000008001F5B4 (0x00B59593) slli a1, a1, 0xb
x11 <- 0x000CCCCCCCCCC800
mem[X,0x000000008001F5B8] -> 0x8593
mem[X,0x000000008001F5BA] -> 0x4CC5
[3471] [M]: 0x000000008001F5B8 (0x4CC58593) addi a1, a1, 0x4cc
x11 <- 0x000CCCCCCCCCCCCC
mem[X,0x000000008001F5BC] -> 0x9593
mem[X,0x000000008001F5BE] -> 0x00A5
[3472] [M]: 0x000000008001F5BC (0x00A59593) slli a1, a1, 0xa
x11 <- 0x3333333333333000
mem[X,0x000000008001F5C0] -> 0x8593
mem[X,0x000000008001F5C2] -> 0x3335
[3473] [M]: 0x000000008001F5C0 (0x33358593) addi a1, a1, 0x333
x11 <- 0x3333333333333333
mem[X,0x000000008001F5C4] -> 0x0213
mem[X,0x000000008001F5C6] -> 0x0000
[3474] [M]: 0x000000008001F5C4 (0x00000213) addi tp, zero, 0x0
x4 <- 0x0000000000000000
mem[X,0x000000008001F5C8] -> 0x006F
mem[X,0x000000008001F5CA] -> 0x00C0
[3475] [M]: 0x000000008001F5C8 (0x00C0006F) jal zero, 0xc
mem[X,0x000000008001F5D4] -> 0x0663
mem[X,0x000000008001F5D6] -> 0x00B5
[3476] [M]: 0x000000008001F5D4 (0x00B50663) beq a0, a1, 0xc
mem[X,0x000000008001F5D8] -> 0x0213
mem[X,0x000000008001F5DA] -> 0x0022
[3477] [M]: 0x000000008001F5D8 (0x00220213) addi tp, tp, 0x2
x4 <- 0x0000000000000002
mem[X,0x000000008001F5DC] -> 0x006F
mem[X,0x000000008001F5DE] -> 0x00C0
[3478] [M]: 0x000000008001F5DC (0x00C0006F) jal zero, 0xc
mem[X,0x000000008001F5E8] -> 0x3823
mem[X,0x000000008001F5EA] -> 0x7841
[3479] [M]: 0x000000008001F5E8 (0x78413823) sd tp, 0x790(sp)
mem[0x0000000080048958] <- 0x0000000000000002
mem[X,0x000000008001F5EC] -> 0x0513
mem[X,0x000000008001F5EE] -> 0x0050
[3480] [M]: 0x000000008001F5EC (0x00500513) addi a0, zero, 0x5
x10 <- 0x0000000000000005
mem[X,0x000000008001F5F0] -> 0x65B7
mem[X,0x000000008001F5F2] -> 0x6666
[3481] [M]: 0x000000008001F5F0 (0x666665B7) lui a1, 0x66666
x11 <- 0x0000000066666000
mem[X,0x000000008001F5F4] -> 0x8593
mem[X,0x000000008001F5F6] -> 0x6665
[3482] [M]: 0x000000008001F5F4 (0x66658593) addi a1, a1, 0x666
x11 <- 0x0000000066666666
mem[X,0x000000008001F5F8] -> 0x9593
mem[X,0x000000008001F5FA] -> 0x00B5
[3483] [M]: 0x000000008001F5F8 (0x00B59593) slli a1, a1, 0xb
x11 <- 0x0000033333333000
mem[X,0x000000008001F5FC] -> 0x8593
mem[X,0x000000008001F5FE] -> 0x3335
[3484] [M]: 0x000000008001F5FC (0x33358593) addi a1, a1, 0x333
x11 <- 0x0000033333333333
mem[X,0x000000008001F600] -> 0x9593
mem[X,0x000000008001F602] -> 0x00B5
[3485] [M]: 0x000000008001F600 (0x00B59593) slli a1, a1, 0xb
x11 <- 0x0019999999999800
mem[X,0x000000008001F604] -> 0x8593
mem[X,0x000000008001F606] -> 0x1995
[3486] [M]: 0x000000008001F604 (0x19958593) addi a1, a1, 0x199
x11 <- 0x0019999999999999
mem[X,0x000000008001F608] -> 0x9593
mem[X,0x000000008001F60A] -> 0x00A5
[3487] [M]: 0x000000008001F608 (0x00A59593) slli a1, a1, 0xa
x11 <- 0x6666666666666400
mem[X,0x000000008001F60C] -> 0x8593
mem[X,0x000000008001F60E] -> 0x2665
[3488] [M]: 0x000000008001F60C (0x26658593) addi a1, a1, 0x266
x11 <- 0x6666666666666666
mem[X,0x000000008001F610] -> 0x0213
mem[X,0x000000008001F612] -> 0x0000
[3489] [M]: 0x000000008001F610 (0x00000213) addi tp, zero, 0x0
x4 <- 0x0000000000000000
mem[X,0x000000008001F614] -> 0x006F
mem[X,0x000000008001F616] -> 0x00C0
[3490] [M]: 0x000000008001F614 (0x00C0006F) jal zero, 0xc
mem[X,0x000000008001F620] -> 0x0063
mem[X,0x000000008001F622] -> 0x02B5
[3491] [M]: 0x000000008001F620 (0x02B50063) beq a0, a1, 0x20
mem[X,0x000000008001F624] -> 0x0213
mem[X,0x000000008001F626] -> 0x0022
[3492] [M]: 0x000000008001F624 (0x00220213) addi tp, tp, 0x2
x4 <- 0x0000000000000002
mem[X,0x000000008001F628] -> 0x006F
mem[X,0x000000008001F62A] -> 0x0200
[3493] [M]: 0x000000008001F628 (0x0200006F) jal zero, 0x20
mem[X,0x000000008001F648] -> 0x3C23
mem[X,0x000000008001F64A] -> 0x7841
[3494] [M]: 0x000000008001F648 (0x78413C23) sd tp, 0x798(sp)
mem[0x0000000080048960] <- 0x0000000000000002
mem[X,0x000000008001F64C] -> 0x0513
mem[X,0x000000008001F64E] -> 0x0050
[3495] [M]: 0x000000008001F64C (0x00500513) addi a0, zero, 0x5
x10 <- 0x0000000000000005
mem[X,0x000000008001F650] -> 0x05B7
mem[X,0x000000008001F652] -> 0x0000
[3496] [M]: 0x000000008001F650 (0x000005B7) lui a1, 0x0
x11 <- 0x0000000000000000
mem[X,0x000000008001F654] -> 0x8593
mem[X,0x000000008001F656] -> 0xFFF5
[3497] [M]: 0x000000008001F654 (0xFFF58593) addi a1, a1, -0x1
x11 <- 0xFFFFFFFFFFFFFFFF
mem[X,0x000000008001F658] -> 0x9593
mem[X,0x000000008001F65A] -> 0x00B5
[3498] [M]: 0x000000008001F658 (0x00B59593) slli a1, a1, 0xb
x11 <- 0xFFFFFFFFFFFFF800
mem[X,0x000000008001F65C] -> 0x8593
mem[X,0x000000008001F65E] -> 0x2575
[3499] [M]: 0x000000008001F65C (0x25758593) addi a1, a1, 0x257
x11 <- 0xFFFFFFFFFFFFFA57
clint::tick mtime <- 0x0000000000000023
 clint timer pending at mtime 0x0000000000000023
htif::tick 0x0000000000000000
mem[X,0x000000008001F660] -> 0x9593
mem[X,0x000000008001F662] -> 0x00B5
[3500] [M]: 0x000000008001F660 (0x00B59593) slli a1, a1, 0xb
x11 <- 0xFFFFFFFFFFD2B800
mem[X,0x000000008001F664] -> 0x8593
mem[X,0x000000008001F666] -> 0x6C35
[3501] [M]: 0x000000008001F664 (0x6C358593) addi a1, a1, 0x6c3
x11 <- 0xFFFFFFFFFFD2BEC3
mem[X,0x000000008001F668] -> 0x9593
mem[X,0x000000008001F66A] -> 0x00A5
[3502] [M]: 0x000000008001F668 (0x00A59593) slli a1, a1, 0xa
x11 <- 0xFFFFFFFF4AFB0C00
mem[X,0x000000008001F66C] -> 0x8593
mem[X,0x000000008001F66E] -> 0x0CD5
[3503] [M]: 0x000000008001F66C (0x0CD58593) addi a1, a1, 0xcd
x11 <- 0xFFFFFFFF4AFB0CCD
mem[X,0x000000008001F670] -> 0x0213
mem[X,0x000000008001F672] -> 0x0000
[3504] [M]: 0x000000008001F670 (0x00000213) addi tp, zero, 0x0
x4 <- 0x0000000000000000
mem[X,0x000000008001F674] -> 0x006F
mem[X,0x000000008001F676] -> 0x00C0
[3505] [M]: 0x000000008001F674 (0x00C0006F) jal zero, 0xc
mem[X,0x000000008001F680] -> 0x0663
mem[X,0x000000008001F682] -> 0x00B5
[3506] [M]: 0x000000008001F680 (0x00B50663) beq a0, a1, 0xc
mem[X,0x000000008001F684] -> 0x0213
mem[X,0x000000008001F686] -> 0x0022
[3507] [M]: 0x000000008001F684 (0x00220213) addi tp, tp, 0x2
x4 <- 0x0000000000000002
mem[X,0x000000008001F688] -> 0x006F
mem[X,0x000000008001F68A] -> 0x00C0
[3508] [M]: 0x000000008001F688 (0x00C0006F) jal zero, 0xc
mem[X,0x000000008001F694] -> 0x3023
mem[X,0x000000008001F696] -> 0x7A41
[3509] [M]: 0x000000008001F694 (0x7A413023) sd tp, 0x7a0(sp)
mem[0x0000000080048968] <- 0x0000000000000002
mem[X,0x000000008001F698] -> 0x0513
mem[X,0x000000008001F69A] -> 0x0050
[3510] [M]: 0x000000008001F698 (0x00500513) addi a0, zero, 0x5
x10 <- 0x0000000000000005
mem[X,0x000000008001F69C] -> 0x05B7
mem[X,0x000000008001F69E] -> 0x0000
[3511] [M]: 0x000000008001F69C (0x000005B7) lui a1, 0x0
x11 <- 0x0000000000000000
mem[X,0x000000008001F6A0] -> 0x8593
mem[X,0x000000008001F6A2] -> 0x0005
[3512] [M]: 0x000000008001F6A0 (0x00058593) addi a1, a1, 0x0
x11 <- 0x0000000000000000
mem[X,0x000000008001F6A4] -> 0x9593
mem[X,0x000000008001F6A6] -> 0x00B5
[3513] [M]: 0x000000008001F6A4 (0x00B59593) slli a1, a1, 0xb
x11 <- 0x0000000000000000
mem[X,0x000000008001F6A8] -> 0x8593
mem[X,0x000000008001F6AA] -> 0x5A85
[3514] [M]: 0x000000008001F6A8 (0x5A858593) addi a1, a1, 0x5a8
x11 <- 0x00000000000005A8
mem[X,0x000000008001F6AC] -> 0x9593
mem[X,0x000000008001F6AE] -> 0x00B5
[3515] [M]: 0x000000008001F6AC (0x00B59593) slli a1, a1, 0xb
x11 <- 0x00000000002D4000
mem[X,0x000000008001F6B0] -> 0x8593
mem[X,0x000000008001F6B2] -> 0x13C5
[3516] [M]: 0x000000008001F6B0 (0x13C58593) addi a1, a1, 0x13c
x11 <- 0x00000000002D413C
mem[X,0x000000008001F6B4] -> 0x9593
mem[X,0x000000008001F6B6] -> 0x00A5
[3517] [M]: 0x000000008001F6B4 (0x00A59593) slli a1, a1, 0xa
x11 <- 0x00000000B504F000
mem[X,0x000000008001F6B8] -> 0x8593
mem[X,0x000000008001F6BA] -> 0x3335
[3518] [M]: 0x000000008001F6B8 (0x33358593) addi a1, a1, 0x333
x11 <- 0x00000000B504F333
mem[X,0x000000008001F6BC] -> 0x0213
mem[X,0x000000008001F6BE] -> 0x0000
[3519] [M]: 0x000000008001F6BC (0x00000213) addi tp, zero, 0x0
x4 <- 0x0000000000000000
mem[X,0x000000008001F6C0] -> 0x006F
mem[X,0x000000008001F6C2] -> 0x00C0
[3520] [M]: 0x000000008001F6C0 (0x00C0006F) jal zero, 0xc
mem[X,0x000000008001F6CC] -> 0x0663
mem[X,0x000000008001F6CE] -> 0x00B5
[3521] [M]: 0x000000008001F6CC (0x00B50663) beq a0, a1, 0xc
mem[X,0x000000008001F6D0] -> 0x0213
mem[X,0x000000008001F6D2] -> 0x0022
[3522] [M]: 0x000000008001F6D0 (0x00220213) addi tp, tp, 0x2
x4 <- 0x0000000000000002
mem[X,0x000000008001F6D4] -> 0x006F
mem[X,0x000000008001F6D6] -> 0x00C0
[3523] [M]: 0x000000008001F6D4 (0x00C0006F) jal zero, 0xc
mem[X,0x000000008001F6E0] -> 0x3423
mem[X,0x000000008001F6E2] -> 0x7A41
[3524] [M]: 0x000000008001F6E0 (0x7A413423) sd tp, 0x7a8(sp)
mem[0x0000000080048970] <- 0x0000000000000002
mem[X,0x000000008001F6E4] -> 0x0513
mem[X,0x000000008001F6E6] -> 0x0050
[3525] [M]: 0x000000008001F6E4 (0x00500513) addi a0, zero, 0x5
x10 <- 0x0000000000000005
mem[X,0x000000008001F6E8] -> 0x0593
mem[X,0x000000008001F6EA] -> 0x0020
[3526] [M]: 0x000000008001F6E8 (0x00200593) addi a1, zero, 0x2
x11 <- 0x0000000000000002
mem[X,0x000000008001F6EC] -> 0x0213
mem[X,0x000000008001F6EE] -> 0x0000
[3527] [M]: 0x000000008001F6EC (0x00000213) addi tp, zero, 0x0
x4 <- 0x0000000000000000
mem[X,0x000000008001F6F0] -> 0x006F
mem[X,0x000000008001F6F2] -> 0x00C0
[3528] [M]: 0x000000008001F6F0 (0x00C0006F) jal zero, 0xc
mem[X,0x000000008001F6FC] -> 0x0063
mem[X,0x000000008001F6FE] -> 0x20B5
[3529] [M]: 0x000000008001F6FC (0x20B50063) beq a0, a1, 0x200
mem[X,0x000000008001F700] -> 0x0213
mem[X,0x000000008001F702] -> 0x0022
[3530] [M]: 0x000000008001F700 (0x00220213) addi tp, tp, 0x2
x4 <- 0x0000000000000002
mem[X,0x000000008001F704] -> 0x006F
mem[X,0x000000008001F706] -> 0x2000
[3531] [M]: 0x000000008001F704 (0x2000006F) jal zero, 0x200
mem[X,0x000000008001F904] -> 0x3823
mem[X,0x000000008001F906] -> 0x7A41
[3532] [M]: 0x000000008001F904 (0x7A413823) sd tp, 0x7b0(sp)
mem[0x0000000080048978] <- 0x0000000000000002
mem[X,0x000000008001F908] -> 0x0513
mem[X,0x000000008001F90A] -> 0x0050
[3533] [M]: 0x000000008001F908 (0x00500513) addi a0, zero, 0x5
x10 <- 0x0000000000000005
mem[X,0x000000008001F90C] -> 0x55B7
mem[X,0x000000008001F90E] -> 0x5555
[3534] [M]: 0x000000008001F90C (0x555555B7) lui a1, 0x55555
x11 <- 0x0000000055555000
mem[X,0x000000008001F910] -> 0x8593
mem[X,0x000000008001F912] -> 0x5555
[3535] [M]: 0x000000008001F910 (0x55558593) addi a1, a1, 0x555
x11 <- 0x0000000055555555
mem[X,0x000000008001F914] -> 0x9593
mem[X,0x000000008001F916] -> 0x00B5
[3536] [M]: 0x000000008001F914 (0x00B59593) slli a1, a1, 0xb
x11 <- 0x000002AAAAAAA800
mem[X,0x000000008001F918] -> 0x8593
mem[X,0x000000008001F91A] -> 0x2AA5
[3537] [M]: 0x000000008001F918 (0x2AA58593) addi a1, a1, 0x2aa
x11 <- 0x000002AAAAAAAAAA
mem[X,0x000000008001F91C] -> 0x9593
mem[X,0x000000008001F91E] -> 0x00B5
[3538] [M]: 0x000000008001F91C (0x00B59593) slli a1, a1, 0xb
x11 <- 0x0015555555555000
mem[X,0x000000008001F920] -> 0x8593
mem[X,0x000000008001F922] -> 0x5555
[3539] [M]: 0x000000008001F920 (0x55558593) addi a1, a1, 0x555
x11 <- 0x0015555555555555
mem[X,0x000000008001F924] -> 0x9593
mem[X,0x000000008001F926] -> 0x00A5
[3540] [M]: 0x000000008001F924 (0x00A59593) slli a1, a1, 0xa
x11 <- 0x5555555555555400
mem[X,0x000000008001F928] -> 0x8593
mem[X,0x000000008001F92A] -> 0x1545
[3541] [M]: 0x000000008001F928 (0x15458593) addi a1, a1, 0x154
x11 <- 0x5555555555555554
mem[X,0x000000008001F92C] -> 0x0213
mem[X,0x000000008001F92E] -> 0x0000
[3542] [M]: 0x000000008001F92C (0x00000213) addi tp, zero, 0x0
x4 <- 0x0000000000000000
mem[X,0x000000008001F930] -> 0x006F
mem[X,0x000000008001F932] -> 0x00C0
[3543] [M]: 0x000000008001F930 (0x00C0006F) jal zero, 0xc
mem[X,0x000000008001F93C] -> 0x0663
mem[X,0x000000008001F93E] -> 0x00B5
[3544] [M]: 0x000000008001F93C (0x00B50663) beq a0, a1, 0xc
mem[X,0x000000008001F940] -> 0x0213
mem[X,0x000000008001F942] -> 0x0022
[3545] [M]: 0x000000008001F940 (0x00220213) addi tp, tp, 0x2
x4 <- 0x0000000000000002
mem[X,0x000000008001F944] -> 0x006F
mem[X,0x000000008001F946] -> 0x00C0
[3546] [M]: 0x000000008001F944 (0x00C0006F) jal zero, 0xc
mem[X,0x000000008001F950] -> 0x3C23
mem[X,0x000000008001F952] -> 0x7A41
[3547] [M]: 0x000000008001F950 (0x7A413C23) sd tp, 0x7b8(sp)
mem[0x0000000080048980] <- 0x0000000000000002
mem[X,0x000000008001F954] -> 0x0513
mem[X,0x000000008001F956] -> 0x0050
[3548] [M]: 0x000000008001F954 (0x00500513) addi a0, zero, 0x5
x10 <- 0x0000000000000005
mem[X,0x000000008001F958] -> 0x0593
mem[X,0x000000008001F95A] -> 0x0000
[3549] [M]: 0x000000008001F958 (0x00000593) addi a1, zero, 0x0
x11 <- 0x0000000000000000
mem[X,0x000000008001F95C] -> 0x0213
mem[X,0x000000008001F95E] -> 0x0000
[3550] [M]: 0x000000008001F95C (0x00000213) addi tp, zero, 0x0
x4 <- 0x0000000000000000
mem[X,0x000000008001F960] -> 0x006F
mem[X,0x000000008001F962] -> 0x00C0
[3551] [M]: 0x000000008001F960 (0x00C0006F) jal zero, 0xc
mem[X,0x000000008001F96C] -> 0x0663
mem[X,0x000000008001F96E] -> 0x00B5
[3552] [M]: 0x000000008001F96C (0x00B50663) beq a0, a1, 0xc
mem[X,0x000000008001F970] -> 0x0213
mem[X,0x000000008001F972] -> 0x0022
[3553] [M]: 0x000000008001F970 (0x00220213) addi tp, tp, 0x2
x4 <- 0x0000000000000002
mem[X,0x000000008001F974] -> 0x006F
mem[X,0x000000008001F976] -> 0x00C0
[3554] [M]: 0x000000008001F974 (0x00C0006F) jal zero, 0xc
mem[X,0x000000008001F980] -> 0x3023
mem[X,0x000000008001F982] -> 0x7C41
[3555] [M]: 0x000000008001F980 (0x7C413023) sd tp, 0x7c0(sp)
mem[0x0000000080048988] <- 0x0000000000000002
mem[X,0x000000008001F984] -> 0x0513
mem[X,0x000000008001F986] -> 0x0050
[3556] [M]: 0x000000008001F984 (0x00500513) addi a0, zero, 0x5
x10 <- 0x0000000000000005
mem[X,0x000000008001F988] -> 0x0593
mem[X,0x000000008001F98A] -> 0x0040
[3557] [M]: 0x000000008001F988 (0x00400593) addi a1, zero, 0x4
x11 <- 0x0000000000000004
mem[X,0x000000008001F98C] -> 0x0213
mem[X,0x000000008001F98E] -> 0x0000
[3558] [M]: 0x000000008001F98C (0x00000213) addi tp, zero, 0x0
x4 <- 0x0000000000000000
mem[X,0x000000008001F990] -> 0x006F
mem[X,0x000000008001F992] -> 0x00C0
[3559] [M]: 0x000000008001F990 (0x00C0006F) jal zero, 0xc
mem[X,0x000000008001F99C] -> 0x0663
mem[X,0x000000008001F99E] -> 0x00B5
[3560] [M]: 0x000000008001F99C (0x00B50663) beq a0, a1, 0xc
mem[X,0x000000008001F9A0] -> 0x0213
mem[X,0x000000008001F9A2] -> 0x0022
[3561] [M]: 0x000000008001F9A0 (0x00220213) addi tp, tp, 0x2
x4 <- 0x0000000000000002
mem[X,0x000000008001F9A4] -> 0x006F
mem[X,0x000000008001F9A6] -> 0x00C0
[3562] [M]: 0x000000008001F9A4 (0x00C0006F) jal zero, 0xc
mem[X,0x000000008001F9B0] -> 0x3423
mem[X,0x000000008001F9B2] -> 0x7C41
[3563] [M]: 0x000000008001F9B0 (0x7C413423) sd tp, 0x7c8(sp)
mem[0x0000000080048990] <- 0x0000000000000002
mem[X,0x000000008001F9B4] -> 0x0513
mem[X,0x000000008001F9B6] -> 0x0050
[3564] [M]: 0x000000008001F9B4 (0x00500513) addi a0, zero, 0x5
x10 <- 0x0000000000000005
mem[X,0x000000008001F9B8] -> 0x35B7
mem[X,0x000000008001F9BA] -> 0x3333
[3565] [M]: 0x000000008001F9B8 (0x333335B7) lui a1, 0x33333
x11 <- 0x0000000033333000
mem[X,0x000000008001F9BC] -> 0x8593
mem[X,0x000000008001F9BE] -> 0x3335
[3566] [M]: 0x000000008001F9BC (0x33358593) addi a1, a1, 0x333
x11 <- 0x0000000033333333
mem[X,0x000000008001F9C0] -> 0x9593
mem[X,0x000000008001F9C2] -> 0x00B5
[3567] [M]: 0x000000008001F9C0 (0x00B59593) slli a1, a1, 0xb
x11 <- 0x0000019999999800
mem[X,0x000000008001F9C4] -> 0x8593
mem[X,0x000000008001F9C6] -> 0x1995
[3568] [M]: 0x000000008001F9C4 (0x19958593) addi a1, a1, 0x199
x11 <- 0x0000019999999999
mem[X,0x000000008001F9C8] -> 0x9593
mem[X,0x000000008001F9CA] -> 0x00B5
[3569] [M]: 0x000000008001F9C8 (0x00B59593) slli a1, a1, 0xb
x11 <- 0x000CCCCCCCCCC800
mem[X,0x000000008001F9CC] -> 0x8593
mem[X,0x000000008001F9CE] -> 0x4CC5
[3570] [M]: 0x000000008001F9CC (0x4CC58593) addi a1, a1, 0x4cc
x11 <- 0x000CCCCCCCCCCCCC
mem[X,0x000000008001F9D0] -> 0x9593
mem[X,0x000000008001F9D2] -> 0x00A5
[3571] [M]: 0x000000008001F9D0 (0x00A59593) slli a1, a1, 0xa
x11 <- 0x3333333333333000
mem[X,0x000000008001F9D4] -> 0x8593
mem[X,0x000000008001F9D6] -> 0x3325
[3572] [M]: 0x000000008001F9D4 (0x33258593) addi a1, a1, 0x332
x11 <- 0x3333333333333332
mem[X,0x000000008001F9D8] -> 0x0213
mem[X,0x000000008001F9DA] -> 0x0000
[3573] [M]: 0x000000008001F9D8 (0x00000213) addi tp, zero, 0x0
x4 <- 0x0000000000000000
mem[X,0x000000008001F9DC] -> 0x006F
mem[X,0x000000008001F9DE] -> 0x00C0
[3574] [M]: 0x000000008001F9DC (0x00C0006F) jal zero, 0xc
mem[X,0x000000008001F9E8] -> 0x0CE3
mem[X,0x000000008001F9EA] -> 0xFEB5
[3575] [M]: 0x000000008001F9E8 (0xFEB50CE3) beq a0, a1, -0x8
mem[X,0x000000008001F9EC] -> 0x0213
mem[X,0x000000008001F9EE] -> 0x0022
[3576] [M]: 0x000000008001F9EC (0x00220213) addi tp, tp, 0x2
x4 <- 0x0000000000000002
mem[X,0x000000008001F9F0] -> 0x006F
mem[X,0x000000008001F9F2] -> 0x00C0
[3577] [M]: 0x000000008001F9F0 (0x00C0006F) jal zero, 0xc
mem[X,0x000000008001F9FC] -> 0x3823
mem[X,0x000000008001F9FE] -> 0x7C41
[3578] [M]: 0x000000008001F9FC (0x7C413823) sd tp, 0x7d0(sp)
mem[0x0000000080048998] <- 0x0000000000000002
mem[X,0x000000008001FA00] -> 0x0513
mem[X,0x000000008001FA02] -> 0x0050
[3579] [M]: 0x000000008001FA00 (0x00500513) addi a0, zero, 0x5
x10 <- 0x0000000000000005
mem[X,0x000000008001FA04] -> 0x65B7
mem[X,0x000000008001FA06] -> 0x6666
[3580] [M]: 0x000000008001FA04 (0x666665B7) lui a1, 0x66666
x11 <- 0x0000000066666000
mem[X,0x000000008001FA08] -> 0x8593
mem[X,0x000000008001FA0A] -> 0x6665
[3581] [M]: 0x000000008001FA08 (0x66658593) addi a1, a1, 0x666
x11 <- 0x0000000066666666
mem[X,0x000000008001FA0C] -> 0x9593
mem[X,0x000000008001FA0E] -> 0x00B5
[3582] [M]: 0x000000008001FA0C (0x00B59593) slli a1, a1, 0xb
x11 <- 0x0000033333333000
mem[X,0x000000008001FA10] -> 0x8593
mem[X,0x000000008001FA12] -> 0x3335
[3583] [M]: 0x000000008001FA10 (0x33358593) addi a1, a1, 0x333
x11 <- 0x0000033333333333
mem[X,0x000000008001FA14] -> 0x9593
mem[X,0x000000008001FA16] -> 0x00B5
[3584] [M]: 0x000000008001FA14 (0x00B59593) slli a1, a1, 0xb
x11 <- 0x0019999999999800
mem[X,0x000000008001FA18] -> 0x8593
mem[X,0x000000008001FA1A] -> 0x1995
[3585] [M]: 0x000000008001FA18 (0x19958593) addi a1, a1, 0x199
x11 <- 0x0019999999999999
mem[X,0x000000008001FA1C] -> 0x9593
mem[X,0x000000008001FA1E] -> 0x00A5
[3586] [M]: 0x000000008001FA1C (0x00A59593) slli a1, a1, 0xa
x11 <- 0x6666666666666400
mem[X,0x000000008001FA20] -> 0x8593
mem[X,0x000000008001FA22] -> 0x2655
[3587] [M]: 0x000000008001FA20 (0x26558593) addi a1, a1, 0x265
x11 <- 0x6666666666666665
mem[X,0x000000008001FA24] -> 0x0213
mem[X,0x000000008001FA26] -> 0x0000
[3588] [M]: 0x000000008001FA24 (0x00000213) addi tp, zero, 0x0
x4 <- 0x0000000000000000
mem[X,0x000000008001FA28] -> 0x006F
mem[X,0x000000008001FA2A] -> 0x2B10
[3589] [M]: 0x000000008001FA28 (0x2B10006F) jal zero, 0xab0
mem[X,0x00000000800204D8] -> 0x0A63
mem[X,0x00000000800204DA] -> 0xD4B5
[3590] [M]: 0x00000000800204D8 (0xD4B50A63) beq a0, a1, -0xaac
mem[X,0x00000000800204DC] -> 0x0213
mem[X,0x00000000800204DE] -> 0x0022
[3591] [M]: 0x00000000800204DC (0x00220213) addi tp, tp, 0x2
x4 <- 0x0000000000000002
mem[X,0x00000000800204E0] -> 0x006F
mem[X,0x00000000800204E2] -> 0x00C0
[3592] [M]: 0x00000000800204E0 (0x00C0006F) jal zero, 0xc
mem[X,0x00000000800204EC] -> 0x3C23
mem[X,0x00000000800204EE] -> 0x7C41
[3593] [M]: 0x00000000800204EC (0x7C413C23) sd tp, 0x7d8(sp)
mem[0x00000000800489A0] <- 0x0000000000000002
mem[X,0x00000000800204F0] -> 0x0513
mem[X,0x00000000800204F2] -> 0x0050
[3594] [M]: 0x00000000800204F0 (0x00500513) addi a0, zero, 0x5
x10 <- 0x0000000000000005
mem[X,0x00000000800204F4] -> 0x05B7
mem[X,0x00000000800204F6] -> 0x0000
[3595] [M]: 0x00000000800204F4 (0x000005B7) lui a1, 0x0
x11 <- 0x0000000000000000
mem[X,0x00000000800204F8] -> 0x8593
mem[X,0x00000000800204FA] -> 0x0005
[3596] [M]: 0x00000000800204F8 (0x00058593) addi a1, a1, 0x0
x11 <- 0x0000000000000000
mem[X,0x00000000800204FC] -> 0x9593
mem[X,0x00000000800204FE] -> 0x00B5
[3597] [M]: 0x00000000800204FC (0x00B59593) slli a1, a1, 0xb
x11 <- 0x0000000000000000
mem[X,0x0000000080020500] -> 0x8593
mem[X,0x0000000080020502] -> 0x5A85
[3598] [M]: 0x0000000080020500 (0x5A858593) addi a1, a1, 0x5a8
x11 <- 0x00000000000005A8
mem[X,0x0000000080020504] -> 0x9593
mem[X,0x0000000080020506] -> 0x00B5
[3599] [M]: 0x0000000080020504 (0x00B59593) slli a1, a1, 0xb
x11 <- 0x00000000002D4000
clint::tick mtime <- 0x0000000000000024
 clint timer pending at mtime 0x0000000000000024
htif::tick 0x0000000000000000
mem[X,0x0000000080020508] -> 0x8593
mem[X,0x000000008002050A] -> 0x13C5
[3600] [M]: 0x0000000080020508 (0x13C58593) addi a1, a1, 0x13c
x11 <- 0x00000000002D413C
mem[X,0x000000008002050C] -> 0x9593
mem[X,0x000000008002050E] -> 0x00A5
[3601] [M]: 0x000000008002050C (0x00A59593) slli a1, a1, 0xa
x11 <- 0x00000000B504F000
mem[X,0x0000000080020510] -> 0x8593
mem[X,0x0000000080020512] -> 0x3325
[3602] [M]: 0x0000000080020510 (0x33258593) addi a1, a1, 0x332
x11 <- 0x00000000B504F332
mem[X,0x0000000080020514] -> 0x0213
mem[X,0x0000000080020516] -> 0x0000
[3603] [M]: 0x0000000080020514 (0x00000213) addi tp, zero, 0x0
x4 <- 0x0000000000000000
mem[X,0x0000000080020518] -> 0x006F
mem[X,0x000000008002051A] -> 0x0140
[3604] [M]: 0x0000000080020518 (0x0140006F) jal zero, 0x14
mem[X,0x000000008002052C] -> 0x08E3
mem[X,0x000000008002052E] -> 0xFEB5
[3605] [M]: 0x000000008002052C (0xFEB508E3) beq a0, a1, -0x10
mem[X,0x0000000080020530] -> 0x0213
mem[X,0x0000000080020532] -> 0x0022
[3606] [M]: 0x0000000080020530 (0x00220213) addi tp, tp, 0x2
x4 <- 0x0000000000000002
mem[X,0x0000000080020534] -> 0x006F
mem[X,0x0000000080020536] -> 0x00C0
[3607] [M]: 0x0000000080020534 (0x00C0006F) jal zero, 0xc
mem[X,0x0000000080020540] -> 0x3023
mem[X,0x0000000080020542] -> 0x7E41
[3608] [M]: 0x0000000080020540 (0x7E413023) sd tp, 0x7e0(sp)
mem[0x00000000800489A8] <- 0x0000000000000002
mem[X,0x0000000080020544] -> 0x0513
mem[X,0x0000000080020546] -> 0x0050
[3609] [M]: 0x0000000080020544 (0x00500513) addi a0, zero, 0x5
x10 <- 0x0000000000000005
mem[X,0x0000000080020548] -> 0x55B7
mem[X,0x000000008002054A] -> 0x5555
[3610] [M]: 0x0000000080020548 (0x555555B7) lui a1, 0x55555
x11 <- 0x0000000055555000
mem[X,0x000000008002054C] -> 0x8593
mem[X,0x000000008002054E] -> 0x5555
[3611] [M]: 0x000000008002054C (0x55558593) addi a1, a1, 0x555
x11 <- 0x0000000055555555
mem[X,0x0000000080020550] -> 0x9593
mem[X,0x0000000080020552] -> 0x00B5
[3612] [M]: 0x0000000080020550 (0x00B59593) slli a1, a1, 0xb
x11 <- 0x000002AAAAAAA800
mem[X,0x0000000080020554] -> 0x8593
mem[X,0x0000000080020556] -> 0x2AA5
[3613] [M]: 0x0000000080020554 (0x2AA58593) addi a1, a1, 0x2aa
x11 <- 0x000002AAAAAAAAAA
mem[X,0x0000000080020558] -> 0x9593
mem[X,0x000000008002055A] -> 0x00B5
[3614] [M]: 0x0000000080020558 (0x00B59593) slli a1, a1, 0xb
x11 <- 0x0015555555555000
mem[X,0x000000008002055C] -> 0x8593
mem[X,0x000000008002055E] -> 0x5555
[3615] [M]: 0x000000008002055C (0x55558593) addi a1, a1, 0x555
x11 <- 0x0015555555555555
mem[X,0x0000000080020560] -> 0x9593
mem[X,0x0000000080020562] -> 0x00A5
[3616] [M]: 0x0000000080020560 (0x00A59593) slli a1, a1, 0xa
x11 <- 0x5555555555555400
mem[X,0x0000000080020564] -> 0x8593
mem[X,0x0000000080020566] -> 0x1565
[3617] [M]: 0x0000000080020564 (0x15658593) addi a1, a1, 0x156
x11 <- 0x5555555555555556
mem[X,0x0000000080020568] -> 0x0213
mem[X,0x000000008002056A] -> 0x0000
[3618] [M]: 0x0000000080020568 (0x00000213) addi tp, zero, 0x0
x4 <- 0x0000000000000000
mem[X,0x000000008002056C] -> 0x006F
mem[X,0x000000008002056E] -> 0x00C0
[3619] [M]: 0x000000008002056C (0x00C0006F) jal zero, 0xc
mem[X,0x0000000080020578] -> 0x0063
mem[X,0x000000008002057A] -> 0x08B5
[3620] [M]: 0x0000000080020578 (0x08B50063) beq a0, a1, 0x80
mem[X,0x000000008002057C] -> 0x0213
mem[X,0x000000008002057E] -> 0x0022
[3621] [M]: 0x000000008002057C (0x00220213) addi tp, tp, 0x2
x4 <- 0x0000000000000002
mem[X,0x0000000080020580] -> 0x006F
mem[X,0x0000000080020582] -> 0x0800
[3622] [M]: 0x0000000080020580 (0x0800006F) jal zero, 0x80
mem[X,0x0000000080020600] -> 0x3423
mem[X,0x0000000080020602] -> 0x7E41
[3623] [M]: 0x0000000080020600 (0x7E413423) sd tp, 0x7e8(sp)
mem[0x00000000800489B0] <- 0x0000000000000002
mem[X,0x0000000080020604] -> 0x0513
mem[X,0x0000000080020606] -> 0x0050
[3624] [M]: 0x0000000080020604 (0x00500513) addi a0, zero, 0x5
x10 <- 0x0000000000000005
mem[X,0x0000000080020608] -> 0xB5B7
mem[X,0x000000008002060A] -> 0xAAAA
[3625] [M]: 0x0000000080020608 (0xAAAAB5B7) lui a1, -0x55555
x11 <- 0xFFFFFFFFAAAAB000
mem[X,0x000000008002060C] -> 0x8593
mem[X,0x000000008002060E] -> 0xAAA5
[3626] [M]: 0x000000008002060C (0xAAA58593) addi a1, a1, -0x556
x11 <- 0xFFFFFFFFAAAAAAAA
mem[X,0x0000000080020610] -> 0x9593
mem[X,0x0000000080020612] -> 0x00B5
[3627] [M]: 0x0000000080020610 (0x00B59593) slli a1, a1, 0xb
x11 <- 0xFFFFFD5555555000
mem[X,0x0000000080020614] -> 0x8593
mem[X,0x0000000080020616] -> 0x5555
[3628] [M]: 0x0000000080020614 (0x55558593) addi a1, a1, 0x555
x11 <- 0xFFFFFD5555555555
mem[X,0x0000000080020618] -> 0x9593
mem[X,0x000000008002061A] -> 0x00B5
[3629] [M]: 0x0000000080020618 (0x00B59593) slli a1, a1, 0xb
x11 <- 0xFFEAAAAAAAAAA800
mem[X,0x000000008002061C] -> 0x8593
mem[X,0x000000008002061E] -> 0x2AA5
[3630] [M]: 0x000000008002061C (0x2AA58593) addi a1, a1, 0x2aa
x11 <- 0xFFEAAAAAAAAAAAAA
mem[X,0x0000000080020620] -> 0x9593
mem[X,0x0000000080020622] -> 0x00A5
[3631] [M]: 0x0000000080020620 (0x00A59593) slli a1, a1, 0xa
x11 <- 0xAAAAAAAAAAAAA800
mem[X,0x0000000080020624] -> 0x8593
mem[X,0x0000000080020626] -> 0x2AB5
[3632] [M]: 0x0000000080020624 (0x2AB58593) addi a1, a1, 0x2ab
x11 <- 0xAAAAAAAAAAAAAAAB
mem[X,0x0000000080020628] -> 0x0213
mem[X,0x000000008002062A] -> 0x0000
[3633] [M]: 0x0000000080020628 (0x00000213) addi tp, zero, 0x0
x4 <- 0x0000000000000000
mem[X,0x000000008002062C] -> 0x006F
mem[X,0x000000008002062E] -> 0x00C0
[3634] [M]: 0x000000008002062C (0x00C0006F) jal zero, 0xc
mem[X,0x0000000080020638] -> 0x0063
mem[X,0x000000008002063A] -> 0x04B5
[3635] [M]: 0x0000000080020638 (0x04B50063) beq a0, a1, 0x40
mem[X,0x000000008002063C] -> 0x0213
mem[X,0x000000008002063E] -> 0x0022
[3636] [M]: 0x000000008002063C (0x00220213) addi tp, tp, 0x2
x4 <- 0x0000000000000002
mem[X,0x0000000080020640] -> 0x006F
mem[X,0x0000000080020642] -> 0x0400
[3637] [M]: 0x0000000080020640 (0x0400006F) jal zero, 0x40
mem[X,0x0000000080020680] -> 0x3823
mem[X,0x0000000080020682] -> 0x7E41
[3638] [M]: 0x0000000080020680 (0x7E413823) sd tp, 0x7f0(sp)
mem[0x00000000800489B8] <- 0x0000000000000002
mem[X,0x0000000080020684] -> 0x0513
mem[X,0x0000000080020686] -> 0x0050
[3639] [M]: 0x0000000080020684 (0x00500513) addi a0, zero, 0x5
x10 <- 0x0000000000000005
mem[X,0x0000000080020688] -> 0x0593
mem[X,0x000000008002068A] -> 0x0060
[3640] [M]: 0x0000000080020688 (0x00600593) addi a1, zero, 0x6
x11 <- 0x0000000000000006
mem[X,0x000000008002068C] -> 0x0213
mem[X,0x000000008002068E] -> 0x0000
[3641] [M]: 0x000000008002068C (0x00000213) addi tp, zero, 0x0
x4 <- 0x0000000000000000
mem[X,0x0000000080020690] -> 0x006F
mem[X,0x0000000080020692] -> 0x00C0
[3642] [M]: 0x0000000080020690 (0x00C0006F) jal zero, 0xc
mem[X,0x000000008002069C] -> 0x0063
mem[X,0x000000008002069E] -> 0x02B5
[3643] [M]: 0x000000008002069C (0x02B50063) beq a0, a1, 0x20
mem[X,0x00000000800206A0] -> 0x0213
mem[X,0x00000000800206A2] -> 0x0022
[3644] [M]: 0x00000000800206A0 (0x00220213) addi tp, tp, 0x2
x4 <- 0x0000000000000002
mem[X,0x00000000800206A4] -> 0x006F
mem[X,0x00000000800206A6] -> 0x0200
[3645] [M]: 0x00000000800206A4 (0x0200006F) jal zero, 0x20
mem[X,0x00000000800206C4] -> 0x3C23
mem[X,0x00000000800206C6] -> 0x7E41
[3646] [M]: 0x00000000800206C4 (0x7E413C23) sd tp, 0x7f8(sp)
mem[0x00000000800489C0] <- 0x0000000000000002
mem[X,0x00000000800206C8] -> 0x0013
mem[X,0x00000000800206CA] -> 0x0000
[3647] [M]: 0x00000000800206C8 (0x00000013) addi zero, zero, 0x0
mem[X,0x00000000800206CC] -> 0x0013
mem[X,0x00000000800206CE] -> 0x0000
[3648] [M]: 0x00000000800206CC (0x00000013) addi zero, zero, 0x0
mem[X,0x00000000800206D0] -> 0x0013
mem[X,0x00000000800206D2] -> 0x0000
[3649] [M]: 0x00000000800206D0 (0x00000013) addi zero, zero, 0x0
mem[X,0x00000000800206D4] -> 0x0013
mem[X,0x00000000800206D6] -> 0x0000
[3650] [M]: 0x00000000800206D4 (0x00000013) addi zero, zero, 0x0
mem[X,0x00000000800206D8] -> 0x0013
mem[X,0x00000000800206DA] -> 0x0000
[3651] [M]: 0x00000000800206D8 (0x00000013) addi zero, zero, 0x0
mem[X,0x00000000800206DC] -> 0x0013
mem[X,0x00000000800206DE] -> 0x0000
[3652] [M]: 0x00000000800206DC (0x00000013) addi zero, zero, 0x0
mem[X,0x00000000800206E0] -> 0x8117
mem[X,0x00000000800206E2] -> 0x0002
[3653] [M]: 0x00000000800206E0 (0x00028117) auipc sp, 0x28
x2 <- 0x00000000800486E0
mem[X,0x00000000800206E4] -> 0x0113
mem[X,0x00000000800206E6] -> 0x2E81
[3654] [M]: 0x00000000800206E4 (0x2E810113) addi sp, sp, 0x2e8
x2 <- 0x00000000800489C8
mem[X,0x00000000800206E8] -> 0x0013
mem[X,0x00000000800206EA] -> 0x0000
[3655] [M]: 0x00000000800206E8 (0x00000013) addi zero, zero, 0x0
mem[X,0x00000000800206EC] -> 0x0013
mem[X,0x00000000800206EE] -> 0x0000
[3656] [M]: 0x00000000800206EC (0x00000013) addi zero, zero, 0x0
mem[X,0x00000000800206F0] -> 0x0013
mem[X,0x00000000800206F2] -> 0x0000
[3657] [M]: 0x00000000800206F0 (0x00000013) addi zero, zero, 0x0
mem[X,0x00000000800206F4] -> 0x0013
mem[X,0x00000000800206F6] -> 0x0000
[3658] [M]: 0x00000000800206F4 (0x00000013) addi zero, zero, 0x0
mem[X,0x00000000800206F8] -> 0x0013
mem[X,0x00000000800206FA] -> 0x0000
[3659] [M]: 0x00000000800206F8 (0x00000013) addi zero, zero, 0x0
mem[X,0x00000000800206FC] -> 0x0013
mem[X,0x00000000800206FE] -> 0x0000
[3660] [M]: 0x00000000800206FC (0x00000013) addi zero, zero, 0x0
mem[X,0x0000000080020700] -> 0x0513
mem[X,0x0000000080020702] -> 0x0050
[3661] [M]: 0x0000000080020700 (0x00500513) addi a0, zero, 0x5
x10 <- 0x0000000000000005
mem[X,0x0000000080020704] -> 0x35B7
mem[X,0x0000000080020706] -> 0x3333
[3662] [M]: 0x0000000080020704 (0x333335B7) lui a1, 0x33333
x11 <- 0x0000000033333000
mem[X,0x0000000080020708] -> 0x8593
mem[X,0x000000008002070A] -> 0x3335
[3663] [M]: 0x0000000080020708 (0x33358593) addi a1, a1, 0x333
x11 <- 0x0000000033333333
mem[X,0x000000008002070C] -> 0x9593
mem[X,0x000000008002070E] -> 0x00B5
[3664] [M]: 0x000000008002070C (0x00B59593) slli a1, a1, 0xb
x11 <- 0x0000019999999800
mem[X,0x0000000080020710] -> 0x8593
mem[X,0x0000000080020712] -> 0x1995
[3665] [M]: 0x0000000080020710 (0x19958593) addi a1, a1, 0x199
x11 <- 0x0000019999999999
mem[X,0x0000000080020714] -> 0x9593
mem[X,0x0000000080020716] -> 0x00B5
[3666] [M]: 0x0000000080020714 (0x00B59593) slli a1, a1, 0xb
x11 <- 0x000CCCCCCCCCC800
mem[X,0x0000000080020718] -> 0x8593
mem[X,0x000000008002071A] -> 0x4CC5
[3667] [M]: 0x0000000080020718 (0x4CC58593) addi a1, a1, 0x4cc
x11 <- 0x000CCCCCCCCCCCCC
mem[X,0x000000008002071C] -> 0x9593
mem[X,0x000000008002071E] -> 0x00A5
[3668] [M]: 0x000000008002071C (0x00A59593) slli a1, a1, 0xa
x11 <- 0x3333333333333000
mem[X,0x0000000080020720] -> 0x8593
mem[X,0x0000000080020722] -> 0x3345
[3669] [M]: 0x0000000080020720 (0x33458593) addi a1, a1, 0x334
x11 <- 0x3333333333333334
mem[X,0x0000000080020724] -> 0x0213
mem[X,0x0000000080020726] -> 0x0000
[3670] [M]: 0x0000000080020724 (0x00000213) addi tp, zero, 0x0
x4 <- 0x0000000000000000
mem[X,0x0000000080020728] -> 0x006F
mem[X,0x000000008002072A] -> 0x00C0
[3671] [M]: 0x0000000080020728 (0x00C0006F) jal zero, 0xc
mem[X,0x0000000080020734] -> 0x0863
mem[X,0x0000000080020736] -> 0x00B5
[3672] [M]: 0x0000000080020734 (0x00B50863) beq a0, a1, 0x10
mem[X,0x0000000080020738] -> 0x0213
mem[X,0x000000008002073A] -> 0x0022
[3673] [M]: 0x0000000080020738 (0x00220213) addi tp, tp, 0x2
x4 <- 0x0000000000000002
mem[X,0x000000008002073C] -> 0x006F
mem[X,0x000000008002073E] -> 0x0100
[3674] [M]: 0x000000008002073C (0x0100006F) jal zero, 0x10
mem[X,0x000000008002074C] -> 0x3023
mem[X,0x000000008002074E] -> 0x0041
[3675] [M]: 0x000000008002074C (0x00413023) sd tp, 0x0(sp)
mem[0x00000000800489C8] <- 0x0000000000000002
mem[X,0x0000000080020750] -> 0x0513
mem[X,0x0000000080020752] -> 0x0050
[3676] [M]: 0x0000000080020750 (0x00500513) addi a0, zero, 0x5
x10 <- 0x0000000000000005
mem[X,0x0000000080020754] -> 0x65B7
mem[X,0x0000000080020756] -> 0x6666
[3677] [M]: 0x0000000080020754 (0x666665B7) lui a1, 0x66666
x11 <- 0x0000000066666000
mem[X,0x0000000080020758] -> 0x8593
mem[X,0x000000008002075A] -> 0x6665
[3678] [M]: 0x0000000080020758 (0x66658593) addi a1, a1, 0x666
x11 <- 0x0000000066666666
mem[X,0x000000008002075C] -> 0x9593
mem[X,0x000000008002075E] -> 0x00B5
[3679] [M]: 0x000000008002075C (0x00B59593) slli a1, a1, 0xb
x11 <- 0x0000033333333000
mem[X,0x0000000080020760] -> 0x8593
mem[X,0x0000000080020762] -> 0x3335
[3680] [M]: 0x0000000080020760 (0x33358593) addi a1, a1, 0x333
x11 <- 0x0000033333333333
mem[X,0x0000000080020764] -> 0x9593
mem[X,0x0000000080020766] -> 0x00B5
[3681] [M]: 0x0000000080020764 (0x00B59593) slli a1, a1, 0xb
x11 <- 0x0019999999999800
mem[X,0x0000000080020768] -> 0x8593
mem[X,0x000000008002076A] -> 0x1995
[3682] [M]: 0x0000000080020768 (0x19958593) addi a1, a1, 0x199
x11 <- 0x0019999999999999
mem[X,0x000000008002076C] -> 0x9593
mem[X,0x000000008002076E] -> 0x00A5
[3683] [M]: 0x000000008002076C (0x00A59593) slli a1, a1, 0xa
x11 <- 0x6666666666666400
mem[X,0x0000000080020770] -> 0x8593
mem[X,0x0000000080020772] -> 0x2675
[3684] [M]: 0x0000000080020770 (0x26758593) addi a1, a1, 0x267
x11 <- 0x6666666666666667
mem[X,0x0000000080020774] -> 0x0213
mem[X,0x0000000080020776] -> 0x0000
[3685] [M]: 0x0000000080020774 (0x00000213) addi tp, zero, 0x0
x4 <- 0x0000000000000000
mem[X,0x0000000080020778] -> 0x006F
mem[X,0x000000008002077A] -> 0x00C0
[3686] [M]: 0x0000000080020778 (0x00C0006F) jal zero, 0xc
mem[X,0x0000000080020784] -> 0x0663
mem[X,0x0000000080020786] -> 0x00B5
[3687] [M]: 0x0000000080020784 (0x00B50663) beq a0, a1, 0xc
mem[X,0x0000000080020788] -> 0x0213
mem[X,0x000000008002078A] -> 0x0022
[3688] [M]: 0x0000000080020788 (0x00220213) addi tp, tp, 0x2
x4 <- 0x0000000000000002
mem[X,0x000000008002078C] -> 0x006F
mem[X,0x000000008002078E] -> 0x00C0
[3689] [M]: 0x000000008002078C (0x00C0006F) jal zero, 0xc
mem[X,0x0000000080020798] -> 0x3423
mem[X,0x000000008002079A] -> 0x0041
[3690] [M]: 0x0000000080020798 (0x00413423) sd tp, 0x8(sp)
mem[0x00000000800489D0] <- 0x0000000000000002
mem[X,0x000000008002079C] -> 0x0513
mem[X,0x000000008002079E] -> 0x0050
[3691] [M]: 0x000000008002079C (0x00500513) addi a0, zero, 0x5
x10 <- 0x0000000000000005
mem[X,0x00000000800207A0] -> 0x05B7
mem[X,0x00000000800207A2] -> 0x0000
[3692] [M]: 0x00000000800207A0 (0x000005B7) lui a1, 0x0
x11 <- 0x0000000000000000
mem[X,0x00000000800207A4] -> 0x8593
mem[X,0x00000000800207A6] -> 0xFFF5
[3693] [M]: 0x00000000800207A4 (0xFFF58593) addi a1, a1, -0x1
x11 <- 0xFFFFFFFFFFFFFFFF
mem[X,0x00000000800207A8] -> 0x9593
mem[X,0x00000000800207AA] -> 0x00B5
[3694] [M]: 0x00000000800207A8 (0x00B59593) slli a1, a1, 0xb
x11 <- 0xFFFFFFFFFFFFF800
mem[X,0x00000000800207AC] -> 0x8593
mem[X,0x00000000800207AE] -> 0x2575
[3695] [M]: 0x00000000800207AC (0x25758593) addi a1, a1, 0x257
x11 <- 0xFFFFFFFFFFFFFA57
mem[X,0x00000000800207B0] -> 0x9593
mem[X,0x00000000800207B2] -> 0x00B5
[3696] [M]: 0x00000000800207B0 (0x00B59593) slli a1, a1, 0xb
x11 <- 0xFFFFFFFFFFD2B800
mem[X,0x00000000800207B4] -> 0x8593
mem[X,0x00000000800207B6] -> 0x6C35
[3697] [M]: 0x00000000800207B4 (0x6C358593) addi a1, a1, 0x6c3
x11 <- 0xFFFFFFFFFFD2BEC3
mem[X,0x00000000800207B8] -> 0x9593
mem[X,0x00000000800207BA] -> 0x00A5
[3698] [M]: 0x00000000800207B8 (0x00A59593) slli a1, a1, 0xa
x11 <- 0xFFFFFFFF4AFB0C00
mem[X,0x00000000800207BC] -> 0x8593
mem[X,0x00000000800207BE] -> 0x0CE5
[3699] [M]: 0x00000000800207BC (0x0CE58593) addi a1, a1, 0xce
x11 <- 0xFFFFFFFF4AFB0CCE
clint::tick mtime <- 0x0000000000000025
 clint timer pending at mtime 0x0000000000000025
htif::tick 0x0000000000000000
mem[X,0x00000000800207C0] -> 0x0213
mem[X,0x00000000800207C2] -> 0x0000
[3700] [M]: 0x00000000800207C0 (0x00000213) addi tp, zero, 0x0
x4 <- 0x0000000000000000
mem[X,0x00000000800207C4] -> 0x006F
mem[X,0x00000000800207C6] -> 0x00C0
[3701] [M]: 0x00000000800207C4 (0x00C0006F) jal zero, 0xc
mem[X,0x00000000800207D0] -> 0x0063
mem[X,0x00000000800207D2] -> 0x40B5
[3702] [M]: 0x00000000800207D0 (0x40B50063) beq a0, a1, 0x400
mem[X,0x00000000800207D4] -> 0x0213
mem[X,0x00000000800207D6] -> 0x0022
[3703] [M]: 0x00000000800207D4 (0x00220213) addi tp, tp, 0x2
x4 <- 0x0000000000000002
mem[X,0x00000000800207D8] -> 0x006F
mem[X,0x00000000800207DA] -> 0x4000
[3704] [M]: 0x00000000800207D8 (0x4000006F) jal zero, 0x400
mem[X,0x0000000080020BD8] -> 0x3823
mem[X,0x0000000080020BDA] -> 0x0041
[3705] [M]: 0x0000000080020BD8 (0x00413823) sd tp, 0x10(sp)
mem[0x00000000800489D8] <- 0x0000000000000002
mem[X,0x0000000080020BDC] -> 0x0513
mem[X,0x0000000080020BDE] -> 0x0050
[3706] [M]: 0x0000000080020BDC (0x00500513) addi a0, zero, 0x5
x10 <- 0x0000000000000005
mem[X,0x0000000080020BE0] -> 0x05B7
mem[X,0x0000000080020BE2] -> 0x0000
[3707] [M]: 0x0000000080020BE0 (0x000005B7) lui a1, 0x0
x11 <- 0x0000000000000000
mem[X,0x0000000080020BE4] -> 0x8593
mem[X,0x0000000080020BE6] -> 0x0005
[3708] [M]: 0x0000000080020BE4 (0x00058593) addi a1, a1, 0x0
x11 <- 0x0000000000000000
mem[X,0x0000000080020BE8] -> 0x9593
mem[X,0x0000000080020BEA] -> 0x00B5
[3709] [M]: 0x0000000080020BE8 (0x00B59593) slli a1, a1, 0xb
x11 <- 0x0000000000000000
mem[X,0x0000000080020BEC] -> 0x8593
mem[X,0x0000000080020BEE] -> 0x5A85
[3710] [M]: 0x0000000080020BEC (0x5A858593) addi a1, a1, 0x5a8
x11 <- 0x00000000000005A8
mem[X,0x0000000080020BF0] -> 0x9593
mem[X,0x0000000080020BF2] -> 0x00B5
[3711] [M]: 0x0000000080020BF0 (0x00B59593) slli a1, a1, 0xb
x11 <- 0x00000000002D4000
mem[X,0x0000000080020BF4] -> 0x8593
mem[X,0x0000000080020BF6] -> 0x13C5
[3712] [M]: 0x0000000080020BF4 (0x13C58593) addi a1, a1, 0x13c
x11 <- 0x00000000002D413C
mem[X,0x0000000080020BF8] -> 0x9593
mem[X,0x0000000080020BFA] -> 0x00A5
[3713] [M]: 0x0000000080020BF8 (0x00A59593) slli a1, a1, 0xa
x11 <- 0x00000000B504F000
mem[X,0x0000000080020BFC] -> 0x8593
mem[X,0x0000000080020BFE] -> 0x3345
[3714] [M]: 0x0000000080020BFC (0x33458593) addi a1, a1, 0x334
x11 <- 0x00000000B504F334
mem[X,0x0000000080020C00] -> 0x0213
mem[X,0x0000000080020C02] -> 0x0000
[3715] [M]: 0x0000000080020C00 (0x00000213) addi tp, zero, 0x0
x4 <- 0x0000000000000000
mem[X,0x0000000080020C04] -> 0x006F
mem[X,0x0000000080020C06] -> 0x00C0
[3716] [M]: 0x0000000080020C04 (0x00C0006F) jal zero, 0xc
mem[X,0x0000000080020C10] -> 0x0063
mem[X,0x0000000080020C12] -> 0x02B5
[3717] [M]: 0x0000000080020C10 (0x02B50063) beq a0, a1, 0x20
mem[X,0x0000000080020C14] -> 0x0213
mem[X,0x0000000080020C16] -> 0x0022
[3718] [M]: 0x0000000080020C14 (0x00220213) addi tp, tp, 0x2
x4 <- 0x0000000000000002
mem[X,0x0000000080020C18] -> 0x006F
mem[X,0x0000000080020C1A] -> 0x0200
[3719] [M]: 0x0000000080020C18 (0x0200006F) jal zero, 0x20
mem[X,0x0000000080020C38] -> 0x3C23
mem[X,0x0000000080020C3A] -> 0x0041
[3720] [M]: 0x0000000080020C38 (0x00413C23) sd tp, 0x18(sp)
mem[0x00000000800489E0] <- 0x0000000000000002
mem[X,0x0000000080020C3C] -> 0x3537
mem[X,0x0000000080020C3E] -> 0x3333
[3721] [M]: 0x0000000080020C3C (0x33333537) lui a0, 0x33333
x10 <- 0x0000000033333000
mem[X,0x0000000080020C40] -> 0x0513
mem[X,0x0000000080020C42] -> 0x3335
[3722] [M]: 0x0000000080020C40 (0x33350513) addi a0, a0, 0x333
x10 <- 0x0000000033333333
mem[X,0x0000000080020C44] -> 0x1513
mem[X,0x0000000080020C46] -> 0x00B5
[3723] [M]: 0x0000000080020C44 (0x00B51513) slli a0, a0, 0xb
x10 <- 0x0000019999999800
mem[X,0x0000000080020C48] -> 0x0513
mem[X,0x0000000080020C4A] -> 0x1995
[3724] [M]: 0x0000000080020C48 (0x19950513) addi a0, a0, 0x199
x10 <- 0x0000019999999999
mem[X,0x0000000080020C4C] -> 0x1513
mem[X,0x0000000080020C4E] -> 0x00B5
[3725] [M]: 0x0000000080020C4C (0x00B51513) slli a0, a0, 0xb
x10 <- 0x000CCCCCCCCCC800
mem[X,0x0000000080020C50] -> 0x0513
mem[X,0x0000000080020C52] -> 0x4CC5
[3726] [M]: 0x0000000080020C50 (0x4CC50513) addi a0, a0, 0x4cc
x10 <- 0x000CCCCCCCCCCCCC
mem[X,0x0000000080020C54] -> 0x1513
mem[X,0x0000000080020C56] -> 0x00A5
[3727] [M]: 0x0000000080020C54 (0x00A51513) slli a0, a0, 0xa
x10 <- 0x3333333333333000
mem[X,0x0000000080020C58] -> 0x0513
mem[X,0x0000000080020C5A] -> 0x3335
[3728] [M]: 0x0000000080020C58 (0x33350513) addi a0, a0, 0x333
x10 <- 0x3333333333333333
mem[X,0x0000000080020C5C] -> 0x0593
mem[X,0x0000000080020C5E] -> 0x0030
[3729] [M]: 0x0000000080020C5C (0x00300593) addi a1, zero, 0x3
x11 <- 0x0000000000000003
mem[X,0x0000000080020C60] -> 0x0213
mem[X,0x0000000080020C62] -> 0x0000
[3730] [M]: 0x0000000080020C60 (0x00000213) addi tp, zero, 0x0
x4 <- 0x0000000000000000
mem[X,0x0000000080020C64] -> 0x006F
mem[X,0x0000000080020C66] -> 0x00C0
[3731] [M]: 0x0000000080020C64 (0x00C0006F) jal zero, 0xc
mem[X,0x0000000080020C70] -> 0x0663
mem[X,0x0000000080020C72] -> 0x00B5
[3732] [M]: 0x0000000080020C70 (0x00B50663) beq a0, a1, 0xc
mem[X,0x0000000080020C74] -> 0x0213
mem[X,0x0000000080020C76] -> 0x0022
[3733] [M]: 0x0000000080020C74 (0x00220213) addi tp, tp, 0x2
x4 <- 0x0000000000000002
mem[X,0x0000000080020C78] -> 0x006F
mem[X,0x0000000080020C7A] -> 0x00C0
[3734] [M]: 0x0000000080020C78 (0x00C0006F) jal zero, 0xc
mem[X,0x0000000080020C84] -> 0x3023
mem[X,0x0000000080020C86] -> 0x0241
[3735] [M]: 0x0000000080020C84 (0x02413023) sd tp, 0x20(sp)
mem[0x00000000800489E8] <- 0x0000000000000002
mem[X,0x0000000080020C88] -> 0x3537
mem[X,0x0000000080020C8A] -> 0x3333
[3736] [M]: 0x0000000080020C88 (0x33333537) lui a0, 0x33333
x10 <- 0x0000000033333000
mem[X,0x0000000080020C8C] -> 0x0513
mem[X,0x0000000080020C8E] -> 0x3335
[3737] [M]: 0x0000000080020C8C (0x33350513) addi a0, a0, 0x333
x10 <- 0x0000000033333333
mem[X,0x0000000080020C90] -> 0x1513
mem[X,0x0000000080020C92] -> 0x00B5
[3738] [M]: 0x0000000080020C90 (0x00B51513) slli a0, a0, 0xb
x10 <- 0x0000019999999800
mem[X,0x0000000080020C94] -> 0x0513
mem[X,0x0000000080020C96] -> 0x1995
[3739] [M]: 0x0000000080020C94 (0x19950513) addi a0, a0, 0x199
x10 <- 0x0000019999999999
mem[X,0x0000000080020C98] -> 0x1513
mem[X,0x0000000080020C9A] -> 0x00B5
[3740] [M]: 0x0000000080020C98 (0x00B51513) slli a0, a0, 0xb
x10 <- 0x000CCCCCCCCCC800
mem[X,0x0000000080020C9C] -> 0x0513
mem[X,0x0000000080020C9E] -> 0x4CC5
[3741] [M]: 0x0000000080020C9C (0x4CC50513) addi a0, a0, 0x4cc
x10 <- 0x000CCCCCCCCCCCCC
mem[X,0x0000000080020CA0] -> 0x1513
mem[X,0x0000000080020CA2] -> 0x00A5
[3742] [M]: 0x0000000080020CA0 (0x00A51513) slli a0, a0, 0xa
x10 <- 0x3333333333333000
mem[X,0x0000000080020CA4] -> 0x0513
mem[X,0x0000000080020CA6] -> 0x3335
[3743] [M]: 0x0000000080020CA4 (0x33350513) addi a0, a0, 0x333
x10 <- 0x3333333333333333
mem[X,0x0000000080020CA8] -> 0x55B7
mem[X,0x0000000080020CAA] -> 0x5555
[3744] [M]: 0x0000000080020CA8 (0x555555B7) lui a1, 0x55555
x11 <- 0x0000000055555000
mem[X,0x0000000080020CAC] -> 0x8593
mem[X,0x0000000080020CAE] -> 0x5555
[3745] [M]: 0x0000000080020CAC (0x55558593) addi a1, a1, 0x555
x11 <- 0x0000000055555555
mem[X,0x0000000080020CB0] -> 0x9593
mem[X,0x0000000080020CB2] -> 0x00B5
[3746] [M]: 0x0000000080020CB0 (0x00B59593) slli a1, a1, 0xb
x11 <- 0x000002AAAAAAA800
mem[X,0x0000000080020CB4] -> 0x8593
mem[X,0x0000000080020CB6] -> 0x2AA5
[3747] [M]: 0x0000000080020CB4 (0x2AA58593) addi a1, a1, 0x2aa
x11 <- 0x000002AAAAAAAAAA
mem[X,0x0000000080020CB8] -> 0x9593
mem[X,0x0000000080020CBA] -> 0x00B5
[3748] [M]: 0x0000000080020CB8 (0x00B59593) slli a1, a1, 0xb
x11 <- 0x0015555555555000
mem[X,0x0000000080020CBC] -> 0x8593
mem[X,0x0000000080020CBE] -> 0x5555
[3749] [M]: 0x0000000080020CBC (0x55558593) addi a1, a1, 0x555
x11 <- 0x0015555555555555
mem[X,0x0000000080020CC0] -> 0x9593
mem[X,0x0000000080020CC2] -> 0x00A5
[3750] [M]: 0x0000000080020CC0 (0x00A59593) slli a1, a1, 0xa
x11 <- 0x5555555555555400
mem[X,0x0000000080020CC4] -> 0x8593
mem[X,0x0000000080020CC6] -> 0x1555
[3751] [M]: 0x0000000080020CC4 (0x15558593) addi a1, a1, 0x155
x11 <- 0x5555555555555555
mem[X,0x0000000080020CC8] -> 0x0213
mem[X,0x0000000080020CCA] -> 0x0000
[3752] [M]: 0x0000000080020CC8 (0x00000213) addi tp, zero, 0x0
x4 <- 0x0000000000000000
mem[X,0x0000000080020CCC] -> 0x006F
mem[X,0x0000000080020CCE] -> 0x00C0
[3753] [M]: 0x0000000080020CCC (0x00C0006F) jal zero, 0xc
mem[X,0x0000000080020CD8] -> 0x0063
mem[X,0x0000000080020CDA] -> 0x08B5
[3754] [M]: 0x0000000080020CD8 (0x08B50063) beq a0, a1, 0x80
mem[X,0x0000000080020CDC] -> 0x0213
mem[X,0x0000000080020CDE] -> 0x0022
[3755] [M]: 0x0000000080020CDC (0x00220213) addi tp, tp, 0x2
x4 <- 0x0000000000000002
mem[X,0x0000000080020CE0] -> 0x006F
mem[X,0x0000000080020CE2] -> 0x0800
[3756] [M]: 0x0000000080020CE0 (0x0800006F) jal zero, 0x80
mem[X,0x0000000080020D60] -> 0x3423
mem[X,0x0000000080020D62] -> 0x0241
[3757] [M]: 0x0000000080020D60 (0x02413423) sd tp, 0x28(sp)
mem[0x00000000800489F0] <- 0x0000000000000002
mem[X,0x0000000080020D64] -> 0x3537
mem[X,0x0000000080020D66] -> 0x3333
[3758] [M]: 0x0000000080020D64 (0x33333537) lui a0, 0x33333
x10 <- 0x0000000033333000
mem[X,0x0000000080020D68] -> 0x0513
mem[X,0x0000000080020D6A] -> 0x3335
[3759] [M]: 0x0000000080020D68 (0x33350513) addi a0, a0, 0x333
x10 <- 0x0000000033333333
mem[X,0x0000000080020D6C] -> 0x1513
mem[X,0x0000000080020D6E] -> 0x00B5
[3760] [M]: 0x0000000080020D6C (0x00B51513) slli a0, a0, 0xb
x10 <- 0x0000019999999800
mem[X,0x0000000080020D70] -> 0x0513
mem[X,0x0000000080020D72] -> 0x1995
[3761] [M]: 0x0000000080020D70 (0x19950513) addi a0, a0, 0x199
x10 <- 0x0000019999999999
mem[X,0x0000000080020D74] -> 0x1513
mem[X,0x0000000080020D76] -> 0x00B5
[3762] [M]: 0x0000000080020D74 (0x00B51513) slli a0, a0, 0xb
x10 <- 0x000CCCCCCCCCC800
mem[X,0x0000000080020D78] -> 0x0513
mem[X,0x0000000080020D7A] -> 0x4CC5
[3763] [M]: 0x0000000080020D78 (0x4CC50513) addi a0, a0, 0x4cc
x10 <- 0x000CCCCCCCCCCCCC
mem[X,0x0000000080020D7C] -> 0x1513
mem[X,0x0000000080020D7E] -> 0x00A5
[3764] [M]: 0x0000000080020D7C (0x00A51513) slli a0, a0, 0xa
x10 <- 0x3333333333333000
mem[X,0x0000000080020D80] -> 0x0513
mem[X,0x0000000080020D82] -> 0x3335
[3765] [M]: 0x0000000080020D80 (0x33350513) addi a0, a0, 0x333
x10 <- 0x3333333333333333
mem[X,0x0000000080020D84] -> 0xB5B7
mem[X,0x0000000080020D86] -> 0xAAAA
[3766] [M]: 0x0000000080020D84 (0xAAAAB5B7) lui a1, -0x55555
x11 <- 0xFFFFFFFFAAAAB000
mem[X,0x0000000080020D88] -> 0x8593
mem[X,0x0000000080020D8A] -> 0xAAA5
[3767] [M]: 0x0000000080020D88 (0xAAA58593) addi a1, a1, -0x556
x11 <- 0xFFFFFFFFAAAAAAAA
mem[X,0x0000000080020D8C] -> 0x9593
mem[X,0x0000000080020D8E] -> 0x00B5
[3768] [M]: 0x0000000080020D8C (0x00B59593) slli a1, a1, 0xb
x11 <- 0xFFFFFD5555555000
mem[X,0x0000000080020D90] -> 0x8593
mem[X,0x0000000080020D92] -> 0x5555
[3769] [M]: 0x0000000080020D90 (0x55558593) addi a1, a1, 0x555
x11 <- 0xFFFFFD5555555555
mem[X,0x0000000080020D94] -> 0x9593
mem[X,0x0000000080020D96] -> 0x00B5
[3770] [M]: 0x0000000080020D94 (0x00B59593) slli a1, a1, 0xb
x11 <- 0xFFEAAAAAAAAAA800
mem[X,0x0000000080020D98] -> 0x8593
mem[X,0x0000000080020D9A] -> 0x2AA5
[3771] [M]: 0x0000000080020D98 (0x2AA58593) addi a1, a1, 0x2aa
x11 <- 0xFFEAAAAAAAAAAAAA
mem[X,0x0000000080020D9C] -> 0x9593
mem[X,0x0000000080020D9E] -> 0x00A5
[3772] [M]: 0x0000000080020D9C (0x00A59593) slli a1, a1, 0xa
x11 <- 0xAAAAAAAAAAAAA800
mem[X,0x0000000080020DA0] -> 0x8593
mem[X,0x0000000080020DA2] -> 0x2AA5
[3773] [M]: 0x0000000080020DA0 (0x2AA58593) addi a1, a1, 0x2aa
x11 <- 0xAAAAAAAAAAAAAAAA
mem[X,0x0000000080020DA4] -> 0x0213
mem[X,0x0000000080020DA6] -> 0x0000
[3774] [M]: 0x0000000080020DA4 (0x00000213) addi tp, zero, 0x0
x4 <- 0x0000000000000000
mem[X,0x0000000080020DA8] -> 0x006F
mem[X,0x0000000080020DAA] -> 0x00C0
[3775] [M]: 0x0000000080020DA8 (0x00C0006F) jal zero, 0xc
mem[X,0x0000000080020DB4] -> 0x0063
mem[X,0x0000000080020DB6] -> 0x20B5
[3776] [M]: 0x0000000080020DB4 (0x20B50063) beq a0, a1, 0x200
mem[X,0x0000000080020DB8] -> 0x0213
mem[X,0x0000000080020DBA] -> 0x0022
[3777] [M]: 0x0000000080020DB8 (0x00220213) addi tp, tp, 0x2
x4 <- 0x0000000000000002
mem[X,0x0000000080020DBC] -> 0x006F
mem[X,0x0000000080020DBE] -> 0x2000
[3778] [M]: 0x0000000080020DBC (0x2000006F) jal zero, 0x200
mem[X,0x0000000080020FBC] -> 0x3823
mem[X,0x0000000080020FBE] -> 0x0241
[3779] [M]: 0x0000000080020FBC (0x02413823) sd tp, 0x30(sp)
mem[0x00000000800489F8] <- 0x0000000000000002
mem[X,0x0000000080020FC0] -> 0x3537
mem[X,0x0000000080020FC2] -> 0x3333
[3780] [M]: 0x0000000080020FC0 (0x33333537) lui a0, 0x33333
x10 <- 0x0000000033333000
mem[X,0x0000000080020FC4] -> 0x0513
mem[X,0x0000000080020FC6] -> 0x3335
[3781] [M]: 0x0000000080020FC4 (0x33350513) addi a0, a0, 0x333
x10 <- 0x0000000033333333
mem[X,0x0000000080020FC8] -> 0x1513
mem[X,0x0000000080020FCA] -> 0x00B5
[3782] [M]: 0x0000000080020FC8 (0x00B51513) slli a0, a0, 0xb
x10 <- 0x0000019999999800
mem[X,0x0000000080020FCC] -> 0x0513
mem[X,0x0000000080020FCE] -> 0x1995
[3783] [M]: 0x0000000080020FCC (0x19950513) addi a0, a0, 0x199
x10 <- 0x0000019999999999
mem[X,0x0000000080020FD0] -> 0x1513
mem[X,0x0000000080020FD2] -> 0x00B5
[3784] [M]: 0x0000000080020FD0 (0x00B51513) slli a0, a0, 0xb
x10 <- 0x000CCCCCCCCCC800
mem[X,0x0000000080020FD4] -> 0x0513
mem[X,0x0000000080020FD6] -> 0x4CC5
[3785] [M]: 0x0000000080020FD4 (0x4CC50513) addi a0, a0, 0x4cc
x10 <- 0x000CCCCCCCCCCCCC
mem[X,0x0000000080020FD8] -> 0x1513
mem[X,0x0000000080020FDA] -> 0x00A5
[3786] [M]: 0x0000000080020FD8 (0x00A51513) slli a0, a0, 0xa
x10 <- 0x3333333333333000
mem[X,0x0000000080020FDC] -> 0x0513
mem[X,0x0000000080020FDE] -> 0x3335
[3787] [M]: 0x0000000080020FDC (0x33350513) addi a0, a0, 0x333
x10 <- 0x3333333333333333
mem[X,0x0000000080020FE0] -> 0x0593
mem[X,0x0000000080020FE2] -> 0x0050
[3788] [M]: 0x0000000080020FE0 (0x00500593) addi a1, zero, 0x5
x11 <- 0x0000000000000005
mem[X,0x0000000080020FE4] -> 0x0213
mem[X,0x0000000080020FE6] -> 0x0000
[3789] [M]: 0x0000000080020FE4 (0x00000213) addi tp, zero, 0x0
x4 <- 0x0000000000000000
mem[X,0x0000000080020FE8] -> 0x006F
mem[X,0x0000000080020FEA] -> 0x0050
[3790] [M]: 0x0000000080020FE8 (0x0050006F) jal zero, 0x804
mem[X,0x00000000800217EC] -> 0x00E3
mem[X,0x00000000800217EE] -> 0x80B5
[3791] [M]: 0x00000000800217EC (0x80B500E3) beq a0, a1, -0x800
mem[X,0x00000000800217F0] -> 0x0213
mem[X,0x00000000800217F2] -> 0x0022
[3792] [M]: 0x00000000800217F0 (0x00220213) addi tp, tp, 0x2
x4 <- 0x0000000000000002
mem[X,0x00000000800217F4] -> 0x006F
mem[X,0x00000000800217F6] -> 0x00C0
[3793] [M]: 0x00000000800217F4 (0x00C0006F) jal zero, 0xc
mem[X,0x0000000080021800] -> 0x3C23
mem[X,0x0000000080021802] -> 0x0241
[3794] [M]: 0x0000000080021800 (0x02413C23) sd tp, 0x38(sp)
mem[0x0000000080048A00] <- 0x0000000000000002
mem[X,0x0000000080021804] -> 0x3537
mem[X,0x0000000080021806] -> 0x3333
[3795] [M]: 0x0000000080021804 (0x33333537) lui a0, 0x33333
x10 <- 0x0000000033333000
mem[X,0x0000000080021808] -> 0x0513
mem[X,0x000000008002180A] -> 0x3335
[3796] [M]: 0x0000000080021808 (0x33350513) addi a0, a0, 0x333
x10 <- 0x0000000033333333
mem[X,0x000000008002180C] -> 0x1513
mem[X,0x000000008002180E] -> 0x00B5
[3797] [M]: 0x000000008002180C (0x00B51513) slli a0, a0, 0xb
x10 <- 0x0000019999999800
mem[X,0x0000000080021810] -> 0x0513
mem[X,0x0000000080021812] -> 0x1995
[3798] [M]: 0x0000000080021810 (0x19950513) addi a0, a0, 0x199
x10 <- 0x0000019999999999
mem[X,0x0000000080021814] -> 0x1513
mem[X,0x0000000080021816] -> 0x00B5
[3799] [M]: 0x0000000080021814 (0x00B51513) slli a0, a0, 0xb
x10 <- 0x000CCCCCCCCCC800
clint::tick mtime <- 0x0000000000000026
 clint timer pending at mtime 0x0000000000000026
htif::tick 0x0000000000000000
mem[X,0x0000000080021818] -> 0x0513
mem[X,0x000000008002181A] -> 0x4CC5
[3800] [M]: 0x0000000080021818 (0x4CC50513) addi a0, a0, 0x4cc
x10 <- 0x000CCCCCCCCCCCCC
mem[X,0x000000008002181C] -> 0x1513
mem[X,0x000000008002181E] -> 0x00A5
[3801] [M]: 0x000000008002181C (0x00A51513) slli a0, a0, 0xa
x10 <- 0x3333333333333000
mem[X,0x0000000080021820] -> 0x0513
mem[X,0x0000000080021822] -> 0x3335
[3802] [M]: 0x0000000080021820 (0x33350513) addi a0, a0, 0x333
x10 <- 0x3333333333333333
mem[X,0x0000000080021824] -> 0x35B7
mem[X,0x0000000080021826] -> 0x3333
[3803] [M]: 0x0000000080021824 (0x333335B7) lui a1, 0x33333
x11 <- 0x0000000033333000
mem[X,0x0000000080021828] -> 0x8593
mem[X,0x000000008002182A] -> 0x3335
[3804] [M]: 0x0000000080021828 (0x33358593) addi a1, a1, 0x333
x11 <- 0x0000000033333333
mem[X,0x000000008002182C] -> 0x9593
mem[X,0x000000008002182E] -> 0x00B5
[3805] [M]: 0x000000008002182C (0x00B59593) slli a1, a1, 0xb
x11 <- 0x0000019999999800
mem[X,0x0000000080021830] -> 0x8593
mem[X,0x0000000080021832] -> 0x1995
[3806] [M]: 0x0000000080021830 (0x19958593) addi a1, a1, 0x199
x11 <- 0x0000019999999999
mem[X,0x0000000080021834] -> 0x9593
mem[X,0x0000000080021836] -> 0x00B5
[3807] [M]: 0x0000000080021834 (0x00B59593) slli a1, a1, 0xb
x11 <- 0x000CCCCCCCCCC800
mem[X,0x0000000080021838] -> 0x8593
mem[X,0x000000008002183A] -> 0x4CC5
[3808] [M]: 0x0000000080021838 (0x4CC58593) addi a1, a1, 0x4cc
x11 <- 0x000CCCCCCCCCCCCC
mem[X,0x000000008002183C] -> 0x9593
mem[X,0x000000008002183E] -> 0x00A5
[3809] [M]: 0x000000008002183C (0x00A59593) slli a1, a1, 0xa
x11 <- 0x3333333333333000
mem[X,0x0000000080021840] -> 0x8593
mem[X,0x0000000080021842] -> 0x3335
[3810] [M]: 0x0000000080021840 (0x33358593) addi a1, a1, 0x333
x11 <- 0x3333333333333333
mem[X,0x0000000080021844] -> 0x0213
mem[X,0x0000000080021846] -> 0x0000
[3811] [M]: 0x0000000080021844 (0x00000213) addi tp, zero, 0x0
x4 <- 0x0000000000000000
mem[X,0x0000000080021848] -> 0x006F
mem[X,0x000000008002184A] -> 0x00C0
[3812] [M]: 0x0000000080021848 (0x00C0006F) jal zero, 0xc
mem[X,0x0000000080021854] -> 0x0663
mem[X,0x0000000080021856] -> 0x00B5
[3813] [M]: 0x0000000080021854 (0x00B50663) beq a0, a1, 0xc
mem[X,0x0000000080021860] -> 0x0213
mem[X,0x0000000080021862] -> 0x0032
[3814] [M]: 0x0000000080021860 (0x00320213) addi tp, tp, 0x3
x4 <- 0x0000000000000003
mem[X,0x0000000080021864] -> 0x006F
mem[X,0x0000000080021866] -> 0x0040
[3815] [M]: 0x0000000080021864 (0x0040006F) jal zero, 0x4
mem[X,0x0000000080021868] -> 0x3023
mem[X,0x000000008002186A] -> 0x0441
[3816] [M]: 0x0000000080021868 (0x04413023) sd tp, 0x40(sp)
mem[0x0000000080048A08] <- 0x0000000000000003
mem[X,0x000000008002186C] -> 0x3537
mem[X,0x000000008002186E] -> 0x3333
[3817] [M]: 0x000000008002186C (0x33333537) lui a0, 0x33333
x10 <- 0x0000000033333000
mem[X,0x0000000080021870] -> 0x0513
mem[X,0x0000000080021872] -> 0x3335
[3818] [M]: 0x0000000080021870 (0x33350513) addi a0, a0, 0x333
x10 <- 0x0000000033333333
mem[X,0x0000000080021874] -> 0x1513
mem[X,0x0000000080021876] -> 0x00B5
[3819] [M]: 0x0000000080021874 (0x00B51513) slli a0, a0, 0xb
x10 <- 0x0000019999999800
mem[X,0x0000000080021878] -> 0x0513
mem[X,0x000000008002187A] -> 0x1995
[3820] [M]: 0x0000000080021878 (0x19950513) addi a0, a0, 0x199
x10 <- 0x0000019999999999
mem[X,0x000000008002187C] -> 0x1513
mem[X,0x000000008002187E] -> 0x00B5
[3821] [M]: 0x000000008002187C (0x00B51513) slli a0, a0, 0xb
x10 <- 0x000CCCCCCCCCC800
mem[X,0x0000000080021880] -> 0x0513
mem[X,0x0000000080021882] -> 0x4CC5
[3822] [M]: 0x0000000080021880 (0x4CC50513) addi a0, a0, 0x4cc
x10 <- 0x000CCCCCCCCCCCCC
mem[X,0x0000000080021884] -> 0x1513
mem[X,0x0000000080021886] -> 0x00A5
[3823] [M]: 0x0000000080021884 (0x00A51513) slli a0, a0, 0xa
x10 <- 0x3333333333333000
mem[X,0x0000000080021888] -> 0x0513
mem[X,0x000000008002188A] -> 0x3335
[3824] [M]: 0x0000000080021888 (0x33350513) addi a0, a0, 0x333
x10 <- 0x3333333333333333
mem[X,0x000000008002188C] -> 0x65B7
mem[X,0x000000008002188E] -> 0x6666
[3825] [M]: 0x000000008002188C (0x666665B7) lui a1, 0x66666
x11 <- 0x0000000066666000
mem[X,0x0000000080021890] -> 0x8593
mem[X,0x0000000080021892] -> 0x6665
[3826] [M]: 0x0000000080021890 (0x66658593) addi a1, a1, 0x666
x11 <- 0x0000000066666666
mem[X,0x0000000080021894] -> 0x9593
mem[X,0x0000000080021896] -> 0x00B5
[3827] [M]: 0x0000000080021894 (0x00B59593) slli a1, a1, 0xb
x11 <- 0x0000033333333000
mem[X,0x0000000080021898] -> 0x8593
mem[X,0x000000008002189A] -> 0x3335
[3828] [M]: 0x0000000080021898 (0x33358593) addi a1, a1, 0x333
x11 <- 0x0000033333333333
mem[X,0x000000008002189C] -> 0x9593
mem[X,0x000000008002189E] -> 0x00B5
[3829] [M]: 0x000000008002189C (0x00B59593) slli a1, a1, 0xb
x11 <- 0x0019999999999800
mem[X,0x00000000800218A0] -> 0x8593
mem[X,0x00000000800218A2] -> 0x1995
[3830] [M]: 0x00000000800218A0 (0x19958593) addi a1, a1, 0x199
x11 <- 0x0019999999999999
mem[X,0x00000000800218A4] -> 0x9593
mem[X,0x00000000800218A6] -> 0x00A5
[3831] [M]: 0x00000000800218A4 (0x00A59593) slli a1, a1, 0xa
x11 <- 0x6666666666666400
mem[X,0x00000000800218A8] -> 0x8593
mem[X,0x00000000800218AA] -> 0x2665
[3832] [M]: 0x00000000800218A8 (0x26658593) addi a1, a1, 0x266
x11 <- 0x6666666666666666
mem[X,0x00000000800218AC] -> 0x0213
mem[X,0x00000000800218AE] -> 0x0000
[3833] [M]: 0x00000000800218AC (0x00000213) addi tp, zero, 0x0
x4 <- 0x0000000000000000
mem[X,0x00000000800218B0] -> 0x006F
mem[X,0x00000000800218B2] -> 0x00C0
[3834] [M]: 0x00000000800218B0 (0x00C0006F) jal zero, 0xc
mem[X,0x00000000800218BC] -> 0x0663
mem[X,0x00000000800218BE] -> 0x00B5
[3835] [M]: 0x00000000800218BC (0x00B50663) beq a0, a1, 0xc
mem[X,0x00000000800218C0] -> 0x0213
mem[X,0x00000000800218C2] -> 0x0022
[3836] [M]: 0x00000000800218C0 (0x00220213) addi tp, tp, 0x2
x4 <- 0x0000000000000002
mem[X,0x00000000800218C4] -> 0x006F
mem[X,0x00000000800218C6] -> 0x00C0
[3837] [M]: 0x00000000800218C4 (0x00C0006F) jal zero, 0xc
mem[X,0x00000000800218D0] -> 0x3423
mem[X,0x00000000800218D2] -> 0x0441
[3838] [M]: 0x00000000800218D0 (0x04413423) sd tp, 0x48(sp)
mem[0x0000000080048A10] <- 0x0000000000000002
mem[X,0x00000000800218D4] -> 0x3537
mem[X,0x00000000800218D6] -> 0x3333
[3839] [M]: 0x00000000800218D4 (0x33333537) lui a0, 0x33333
x10 <- 0x0000000033333000
mem[X,0x00000000800218D8] -> 0x0513
mem[X,0x00000000800218DA] -> 0x3335
[3840] [M]: 0x00000000800218D8 (0x33350513) addi a0, a0, 0x333
x10 <- 0x0000000033333333
mem[X,0x00000000800218DC] -> 0x1513
mem[X,0x00000000800218DE] -> 0x00B5
[3841] [M]: 0x00000000800218DC (0x00B51513) slli a0, a0, 0xb
x10 <- 0x0000019999999800
mem[X,0x00000000800218E0] -> 0x0513
mem[X,0x00000000800218E2] -> 0x1995
[3842] [M]: 0x00000000800218E0 (0x19950513) addi a0, a0, 0x199
x10 <- 0x0000019999999999
mem[X,0x00000000800218E4] -> 0x1513
mem[X,0x00000000800218E6] -> 0x00B5
[3843] [M]: 0x00000000800218E4 (0x00B51513) slli a0, a0, 0xb
x10 <- 0x000CCCCCCCCCC800
mem[X,0x00000000800218E8] -> 0x0513
mem[X,0x00000000800218EA] -> 0x4CC5
[3844] [M]: 0x00000000800218E8 (0x4CC50513) addi a0, a0, 0x4cc
x10 <- 0x000CCCCCCCCCCCCC
mem[X,0x00000000800218EC] -> 0x1513
mem[X,0x00000000800218EE] -> 0x00A5
[3845] [M]: 0x00000000800218EC (0x00A51513) slli a0, a0, 0xa
x10 <- 0x3333333333333000
mem[X,0x00000000800218F0] -> 0x0513
mem[X,0x00000000800218F2] -> 0x3335
[3846] [M]: 0x00000000800218F0 (0x33350513) addi a0, a0, 0x333
x10 <- 0x3333333333333333
mem[X,0x00000000800218F4] -> 0x05B7
mem[X,0x00000000800218F6] -> 0x0000
[3847] [M]: 0x00000000800218F4 (0x000005B7) lui a1, 0x0
x11 <- 0x0000000000000000
mem[X,0x00000000800218F8] -> 0x8593
mem[X,0x00000000800218FA] -> 0xFFF5
[3848] [M]: 0x00000000800218F8 (0xFFF58593) addi a1, a1, -0x1
x11 <- 0xFFFFFFFFFFFFFFFF
mem[X,0x00000000800218FC] -> 0x9593
mem[X,0x00000000800218FE] -> 0x00B5
[3849] [M]: 0x00000000800218FC (0x00B59593) slli a1, a1, 0xb
x11 <- 0xFFFFFFFFFFFFF800
mem[X,0x0000000080021900] -> 0x8593
mem[X,0x0000000080021902] -> 0x2575
[3850] [M]: 0x0000000080021900 (0x25758593) addi a1, a1, 0x257
x11 <- 0xFFFFFFFFFFFFFA57
mem[X,0x0000000080021904] -> 0x9593
mem[X,0x0000000080021906] -> 0x00B5
[3851] [M]: 0x0000000080021904 (0x00B59593) slli a1, a1, 0xb
x11 <- 0xFFFFFFFFFFD2B800
mem[X,0x0000000080021908] -> 0x8593
mem[X,0x000000008002190A] -> 0x6C35
[3852] [M]: 0x0000000080021908 (0x6C358593) addi a1, a1, 0x6c3
x11 <- 0xFFFFFFFFFFD2BEC3
mem[X,0x000000008002190C] -> 0x9593
mem[X,0x000000008002190E] -> 0x00A5
[3853] [M]: 0x000000008002190C (0x00A59593) slli a1, a1, 0xa
x11 <- 0xFFFFFFFF4AFB0C00
mem[X,0x0000000080021910] -> 0x8593
mem[X,0x0000000080021912] -> 0x0CD5
[3854] [M]: 0x0000000080021910 (0x0CD58593) addi a1, a1, 0xcd
x11 <- 0xFFFFFFFF4AFB0CCD
mem[X,0x0000000080021914] -> 0x0213
mem[X,0x0000000080021916] -> 0x0000
[3855] [M]: 0x0000000080021914 (0x00000213) addi tp, zero, 0x0
x4 <- 0x0000000000000000
mem[X,0x0000000080021918] -> 0x006F
mem[X,0x000000008002191A] -> 0x00C0
[3856] [M]: 0x0000000080021918 (0x00C0006F) jal zero, 0xc
mem[X,0x0000000080021924] -> 0x0063
mem[X,0x0000000080021926] -> 0x08B5
[3857] [M]: 0x0000000080021924 (0x08B50063) beq a0, a1, 0x80
mem[X,0x0000000080021928] -> 0x0213
mem[X,0x000000008002192A] -> 0x0022
[3858] [M]: 0x0000000080021928 (0x00220213) addi tp, tp, 0x2
x4 <- 0x0000000000000002
mem[X,0x000000008002192C] -> 0x006F
mem[X,0x000000008002192E] -> 0x0800
[3859] [M]: 0x000000008002192C (0x0800006F) jal zero, 0x80
mem[X,0x00000000800219AC] -> 0x3823
mem[X,0x00000000800219AE] -> 0x0441
[3860] [M]: 0x00000000800219AC (0x04413823) sd tp, 0x50(sp)
mem[0x0000000080048A18] <- 0x0000000000000002
mem[X,0x00000000800219B0] -> 0x3537
mem[X,0x00000000800219B2] -> 0x3333
[3861] [M]: 0x00000000800219B0 (0x33333537) lui a0, 0x33333
x10 <- 0x0000000033333000
mem[X,0x00000000800219B4] -> 0x0513
mem[X,0x00000000800219B6] -> 0x3335
[3862] [M]: 0x00000000800219B4 (0x33350513) addi a0, a0, 0x333
x10 <- 0x0000000033333333
mem[X,0x00000000800219B8] -> 0x1513
mem[X,0x00000000800219BA] -> 0x00B5
[3863] [M]: 0x00000000800219B8 (0x00B51513) slli a0, a0, 0xb
x10 <- 0x0000019999999800
mem[X,0x00000000800219BC] -> 0x0513
mem[X,0x00000000800219BE] -> 0x1995
[3864] [M]: 0x00000000800219BC (0x19950513) addi a0, a0, 0x199
x10 <- 0x0000019999999999
mem[X,0x00000000800219C0] -> 0x1513
mem[X,0x00000000800219C2] -> 0x00B5
[3865] [M]: 0x00000000800219C0 (0x00B51513) slli a0, a0, 0xb
x10 <- 0x000CCCCCCCCCC800
mem[X,0x00000000800219C4] -> 0x0513
mem[X,0x00000000800219C6] -> 0x4CC5
[3866] [M]: 0x00000000800219C4 (0x4CC50513) addi a0, a0, 0x4cc
x10 <- 0x000CCCCCCCCCCCCC
mem[X,0x00000000800219C8] -> 0x1513
mem[X,0x00000000800219CA] -> 0x00A5
[3867] [M]: 0x00000000800219C8 (0x00A51513) slli a0, a0, 0xa
x10 <- 0x3333333333333000
mem[X,0x00000000800219CC] -> 0x0513
mem[X,0x00000000800219CE] -> 0x3335
[3868] [M]: 0x00000000800219CC (0x33350513) addi a0, a0, 0x333
x10 <- 0x3333333333333333
mem[X,0x00000000800219D0] -> 0x05B7
mem[X,0x00000000800219D2] -> 0x0000
[3869] [M]: 0x00000000800219D0 (0x000005B7) lui a1, 0x0
x11 <- 0x0000000000000000
mem[X,0x00000000800219D4] -> 0x8593
mem[X,0x00000000800219D6] -> 0x0005
[3870] [M]: 0x00000000800219D4 (0x00058593) addi a1, a1, 0x0
x11 <- 0x0000000000000000
mem[X,0x00000000800219D8] -> 0x9593
mem[X,0x00000000800219DA] -> 0x00B5
[3871] [M]: 0x00000000800219D8 (0x00B59593) slli a1, a1, 0xb
x11 <- 0x0000000000000000
mem[X,0x00000000800219DC] -> 0x8593
mem[X,0x00000000800219DE] -> 0x5A85
[3872] [M]: 0x00000000800219DC (0x5A858593) addi a1, a1, 0x5a8
x11 <- 0x00000000000005A8
mem[X,0x00000000800219E0] -> 0x9593
mem[X,0x00000000800219E2] -> 0x00B5
[3873] [M]: 0x00000000800219E0 (0x00B59593) slli a1, a1, 0xb
x11 <- 0x00000000002D4000
mem[X,0x00000000800219E4] -> 0x8593
mem[X,0x00000000800219E6] -> 0x13C5
[3874] [M]: 0x00000000800219E4 (0x13C58593) addi a1, a1, 0x13c
x11 <- 0x00000000002D413C
mem[X,0x00000000800219E8] -> 0x9593
mem[X,0x00000000800219EA] -> 0x00A5
[3875] [M]: 0x00000000800219E8 (0x00A59593) slli a1, a1, 0xa
x11 <- 0x00000000B504F000
mem[X,0x00000000800219EC] -> 0x8593
mem[X,0x00000000800219EE] -> 0x3335
[3876] [M]: 0x00000000800219EC (0x33358593) addi a1, a1, 0x333
x11 <- 0x00000000B504F333
mem[X,0x00000000800219F0] -> 0x0213
mem[X,0x00000000800219F2] -> 0x0000
[3877] [M]: 0x00000000800219F0 (0x00000213) addi tp, zero, 0x0
x4 <- 0x0000000000000000
mem[X,0x00000000800219F4] -> 0x006F
mem[X,0x00000000800219F6] -> 0x00C0
[3878] [M]: 0x00000000800219F4 (0x00C0006F) jal zero, 0xc
mem[X,0x0000000080021A00] -> 0x0663
mem[X,0x0000000080021A02] -> 0x00B5
[3879] [M]: 0x0000000080021A00 (0x00B50663) beq a0, a1, 0xc
mem[X,0x0000000080021A04] -> 0x0213
mem[X,0x0000000080021A06] -> 0x0022
[3880] [M]: 0x0000000080021A04 (0x00220213) addi tp, tp, 0x2
x4 <- 0x0000000000000002
mem[X,0x0000000080021A08] -> 0x006F
mem[X,0x0000000080021A0A] -> 0x00C0
[3881] [M]: 0x0000000080021A08 (0x00C0006F) jal zero, 0xc
mem[X,0x0000000080021A14] -> 0x3C23
mem[X,0x0000000080021A16] -> 0x0441
[3882] [M]: 0x0000000080021A14 (0x04413C23) sd tp, 0x58(sp)
mem[0x0000000080048A20] <- 0x0000000000000002
mem[X,0x0000000080021A18] -> 0x3537
mem[X,0x0000000080021A1A] -> 0x3333
[3883] [M]: 0x0000000080021A18 (0x33333537) lui a0, 0x33333
x10 <- 0x0000000033333000
mem[X,0x0000000080021A1C] -> 0x0513
mem[X,0x0000000080021A1E] -> 0x3335
[3884] [M]: 0x0000000080021A1C (0x33350513) addi a0, a0, 0x333
x10 <- 0x0000000033333333
mem[X,0x0000000080021A20] -> 0x1513
mem[X,0x0000000080021A22] -> 0x00B5
[3885] [M]: 0x0000000080021A20 (0x00B51513) slli a0, a0, 0xb
x10 <- 0x0000019999999800
mem[X,0x0000000080021A24] -> 0x0513
mem[X,0x0000000080021A26] -> 0x1995
[3886] [M]: 0x0000000080021A24 (0x19950513) addi a0, a0, 0x199
x10 <- 0x0000019999999999
mem[X,0x0000000080021A28] -> 0x1513
mem[X,0x0000000080021A2A] -> 0x00B5
[3887] [M]: 0x0000000080021A28 (0x00B51513) slli a0, a0, 0xb
x10 <- 0x000CCCCCCCCCC800
mem[X,0x0000000080021A2C] -> 0x0513
mem[X,0x0000000080021A2E] -> 0x4CC5
[3888] [M]: 0x0000000080021A2C (0x4CC50513) addi a0, a0, 0x4cc
x10 <- 0x000CCCCCCCCCCCCC
mem[X,0x0000000080021A30] -> 0x1513
mem[X,0x0000000080021A32] -> 0x00A5
[3889] [M]: 0x0000000080021A30 (0x00A51513) slli a0, a0, 0xa
x10 <- 0x3333333333333000
mem[X,0x0000000080021A34] -> 0x0513
mem[X,0x0000000080021A36] -> 0x3335
[3890] [M]: 0x0000000080021A34 (0x33350513) addi a0, a0, 0x333
x10 <- 0x3333333333333333
mem[X,0x0000000080021A38] -> 0x0593
mem[X,0x0000000080021A3A] -> 0x0020
[3891] [M]: 0x0000000080021A38 (0x00200593) addi a1, zero, 0x2
x11 <- 0x0000000000000002
mem[X,0x0000000080021A3C] -> 0x0213
mem[X,0x0000000080021A3E] -> 0x0000
[3892] [M]: 0x0000000080021A3C (0x00000213) addi tp, zero, 0x0
x4 <- 0x0000000000000000
mem[X,0x0000000080021A40] -> 0x006F
mem[X,0x0000000080021A42] -> 0x00C0
[3893] [M]: 0x0000000080021A40 (0x00C0006F) jal zero, 0xc
mem[X,0x0000000080021A4C] -> 0x0663
mem[X,0x0000000080021A4E] -> 0x00B5
[3894] [M]: 0x0000000080021A4C (0x00B50663) beq a0, a1, 0xc
mem[X,0x0000000080021A50] -> 0x0213
mem[X,0x0000000080021A52] -> 0x0022
[3895] [M]: 0x0000000080021A50 (0x00220213) addi tp, tp, 0x2
x4 <- 0x0000000000000002
mem[X,0x0000000080021A54] -> 0x006F
mem[X,0x0000000080021A56] -> 0x00C0
[3896] [M]: 0x0000000080021A54 (0x00C0006F) jal zero, 0xc
mem[X,0x0000000080021A60] -> 0x3023
mem[X,0x0000000080021A62] -> 0x0641
[3897] [M]: 0x0000000080021A60 (0x06413023) sd tp, 0x60(sp)
mem[0x0000000080048A28] <- 0x0000000000000002
mem[X,0x0000000080021A64] -> 0x3537
mem[X,0x0000000080021A66] -> 0x3333
[3898] [M]: 0x0000000080021A64 (0x33333537) lui a0, 0x33333
x10 <- 0x0000000033333000
mem[X,0x0000000080021A68] -> 0x0513
mem[X,0x0000000080021A6A] -> 0x3335
[3899] [M]: 0x0000000080021A68 (0x33350513) addi a0, a0, 0x333
x10 <- 0x0000000033333333
clint::tick mtime <- 0x0000000000000027
 clint timer pending at mtime 0x0000000000000027
htif::tick 0x0000000000000000
mem[X,0x0000000080021A6C] -> 0x1513
mem[X,0x0000000080021A6E] -> 0x00B5
[3900] [M]: 0x0000000080021A6C (0x00B51513) slli a0, a0, 0xb
x10 <- 0x0000019999999800
mem[X,0x0000000080021A70] -> 0x0513
mem[X,0x0000000080021A72] -> 0x1995
[3901] [M]: 0x0000000080021A70 (0x19950513) addi a0, a0, 0x199
x10 <- 0x0000019999999999
mem[X,0x0000000080021A74] -> 0x1513
mem[X,0x0000000080021A76] -> 0x00B5
[3902] [M]: 0x0000000080021A74 (0x00B51513) slli a0, a0, 0xb
x10 <- 0x000CCCCCCCCCC800
mem[X,0x0000000080021A78] -> 0x0513
mem[X,0x0000000080021A7A] -> 0x4CC5
[3903] [M]: 0x0000000080021A78 (0x4CC50513) addi a0, a0, 0x4cc
x10 <- 0x000CCCCCCCCCCCCC
mem[X,0x0000000080021A7C] -> 0x1513
mem[X,0x0000000080021A7E] -> 0x00A5
[3904] [M]: 0x0000000080021A7C (0x00A51513) slli a0, a0, 0xa
x10 <- 0x3333333333333000
mem[X,0x0000000080021A80] -> 0x0513
mem[X,0x0000000080021A82] -> 0x3335
[3905] [M]: 0x0000000080021A80 (0x33350513) addi a0, a0, 0x333
x10 <- 0x3333333333333333
mem[X,0x0000000080021A84] -> 0x55B7
mem[X,0x0000000080021A86] -> 0x5555
[3906] [M]: 0x0000000080021A84 (0x555555B7) lui a1, 0x55555
x11 <- 0x0000000055555000
mem[X,0x0000000080021A88] -> 0x8593
mem[X,0x0000000080021A8A] -> 0x5555
[3907] [M]: 0x0000000080021A88 (0x55558593) addi a1, a1, 0x555
x11 <- 0x0000000055555555
mem[X,0x0000000080021A8C] -> 0x9593
mem[X,0x0000000080021A8E] -> 0x00B5
[3908] [M]: 0x0000000080021A8C (0x00B59593) slli a1, a1, 0xb
x11 <- 0x000002AAAAAAA800
mem[X,0x0000000080021A90] -> 0x8593
mem[X,0x0000000080021A92] -> 0x2AA5
[3909] [M]: 0x0000000080021A90 (0x2AA58593) addi a1, a1, 0x2aa
x11 <- 0x000002AAAAAAAAAA
mem[X,0x0000000080021A94] -> 0x9593
mem[X,0x0000000080021A96] -> 0x00B5
[3910] [M]: 0x0000000080021A94 (0x00B59593) slli a1, a1, 0xb
x11 <- 0x0015555555555000
mem[X,0x0000000080021A98] -> 0x8593
mem[X,0x0000000080021A9A] -> 0x5555
[3911] [M]: 0x0000000080021A98 (0x55558593) addi a1, a1, 0x555
x11 <- 0x0015555555555555
mem[X,0x0000000080021A9C] -> 0x9593
mem[X,0x0000000080021A9E] -> 0x00A5
[3912] [M]: 0x0000000080021A9C (0x00A59593) slli a1, a1, 0xa
x11 <- 0x5555555555555400
mem[X,0x0000000080021AA0] -> 0x8593
mem[X,0x0000000080021AA2] -> 0x1545
[3913] [M]: 0x0000000080021AA0 (0x15458593) addi a1, a1, 0x154
x11 <- 0x5555555555555554
mem[X,0x0000000080021AA4] -> 0x0213
mem[X,0x0000000080021AA6] -> 0x0000
[3914] [M]: 0x0000000080021AA4 (0x00000213) addi tp, zero, 0x0
x4 <- 0x0000000000000000
mem[X,0x0000000080021AA8] -> 0x006F
mem[X,0x0000000080021AAA] -> 0x00C0
[3915] [M]: 0x0000000080021AA8 (0x00C0006F) jal zero, 0xc
mem[X,0x0000000080021AB4] -> 0x0663
mem[X,0x0000000080021AB6] -> 0x00B5
[3916] [M]: 0x0000000080021AB4 (0x00B50663) beq a0, a1, 0xc
mem[X,0x0000000080021AB8] -> 0x0213
mem[X,0x0000000080021ABA] -> 0x0022
[3917] [M]: 0x0000000080021AB8 (0x00220213) addi tp, tp, 0x2
x4 <- 0x0000000000000002
mem[X,0x0000000080021ABC] -> 0x006F
mem[X,0x0000000080021ABE] -> 0x00C0
[3918] [M]: 0x0000000080021ABC (0x00C0006F) jal zero, 0xc
mem[X,0x0000000080021AC8] -> 0x3423
mem[X,0x0000000080021ACA] -> 0x0641
[3919] [M]: 0x0000000080021AC8 (0x06413423) sd tp, 0x68(sp)
mem[0x0000000080048A30] <- 0x0000000000000002
mem[X,0x0000000080021ACC] -> 0x3537
mem[X,0x0000000080021ACE] -> 0x3333
[3920] [M]: 0x0000000080021ACC (0x33333537) lui a0, 0x33333
x10 <- 0x0000000033333000
mem[X,0x0000000080021AD0] -> 0x0513
mem[X,0x0000000080021AD2] -> 0x3335
[3921] [M]: 0x0000000080021AD0 (0x33350513) addi a0, a0, 0x333
x10 <- 0x0000000033333333
mem[X,0x0000000080021AD4] -> 0x1513
mem[X,0x0000000080021AD6] -> 0x00B5
[3922] [M]: 0x0000000080021AD4 (0x00B51513) slli a0, a0, 0xb
x10 <- 0x0000019999999800
mem[X,0x0000000080021AD8] -> 0x0513
mem[X,0x0000000080021ADA] -> 0x1995
[3923] [M]: 0x0000000080021AD8 (0x19950513) addi a0, a0, 0x199
x10 <- 0x0000019999999999
mem[X,0x0000000080021ADC] -> 0x1513
mem[X,0x0000000080021ADE] -> 0x00B5
[3924] [M]: 0x0000000080021ADC (0x00B51513) slli a0, a0, 0xb
x10 <- 0x000CCCCCCCCCC800
mem[X,0x0000000080021AE0] -> 0x0513
mem[X,0x0000000080021AE2] -> 0x4CC5
[3925] [M]: 0x0000000080021AE0 (0x4CC50513) addi a0, a0, 0x4cc
x10 <- 0x000CCCCCCCCCCCCC
mem[X,0x0000000080021AE4] -> 0x1513
mem[X,0x0000000080021AE6] -> 0x00A5
[3926] [M]: 0x0000000080021AE4 (0x00A51513) slli a0, a0, 0xa
x10 <- 0x3333333333333000
mem[X,0x0000000080021AE8] -> 0x0513
mem[X,0x0000000080021AEA] -> 0x3335
[3927] [M]: 0x0000000080021AE8 (0x33350513) addi a0, a0, 0x333
x10 <- 0x3333333333333333
mem[X,0x0000000080021AEC] -> 0x0593
mem[X,0x0000000080021AEE] -> 0x0000
[3928] [M]: 0x0000000080021AEC (0x00000593) addi a1, zero, 0x0
x11 <- 0x0000000000000000
mem[X,0x0000000080021AF0] -> 0x0213
mem[X,0x0000000080021AF2] -> 0x0000
[3929] [M]: 0x0000000080021AF0 (0x00000213) addi tp, zero, 0x0
x4 <- 0x0000000000000000
mem[X,0x0000000080021AF4] -> 0x006F
mem[X,0x0000000080021AF6] -> 0x0180
[3930] [M]: 0x0000000080021AF4 (0x0180006F) jal zero, 0x18
mem[X,0x0000000080021B0C] -> 0x06E3
mem[X,0x0000000080021B0E] -> 0xFEB5
[3931] [M]: 0x0000000080021B0C (0xFEB506E3) beq a0, a1, -0x14
mem[X,0x0000000080021B10] -> 0x0213
mem[X,0x0000000080021B12] -> 0x0022
[3932] [M]: 0x0000000080021B10 (0x00220213) addi tp, tp, 0x2
x4 <- 0x0000000000000002
mem[X,0x0000000080021B14] -> 0x006F
mem[X,0x0000000080021B16] -> 0x00C0
[3933] [M]: 0x0000000080021B14 (0x00C0006F) jal zero, 0xc
mem[X,0x0000000080021B20] -> 0x3823
mem[X,0x0000000080021B22] -> 0x0641
[3934] [M]: 0x0000000080021B20 (0x06413823) sd tp, 0x70(sp)
mem[0x0000000080048A38] <- 0x0000000000000002
mem[X,0x0000000080021B24] -> 0x3537
mem[X,0x0000000080021B26] -> 0x3333
[3935] [M]: 0x0000000080021B24 (0x33333537) lui a0, 0x33333
x10 <- 0x0000000033333000
mem[X,0x0000000080021B28] -> 0x0513
mem[X,0x0000000080021B2A] -> 0x3335
[3936] [M]: 0x0000000080021B28 (0x33350513) addi a0, a0, 0x333
x10 <- 0x0000000033333333
mem[X,0x0000000080021B2C] -> 0x1513
mem[X,0x0000000080021B2E] -> 0x00B5
[3937] [M]: 0x0000000080021B2C (0x00B51513) slli a0, a0, 0xb
x10 <- 0x0000019999999800
mem[X,0x0000000080021B30] -> 0x0513
mem[X,0x0000000080021B32] -> 0x1995
[3938] [M]: 0x0000000080021B30 (0x19950513) addi a0, a0, 0x199
x10 <- 0x0000019999999999
mem[X,0x0000000080021B34] -> 0x1513
mem[X,0x0000000080021B36] -> 0x00B5
[3939] [M]: 0x0000000080021B34 (0x00B51513) slli a0, a0, 0xb
x10 <- 0x000CCCCCCCCCC800
mem[X,0x0000000080021B38] -> 0x0513
mem[X,0x0000000080021B3A] -> 0x4CC5
[3940] [M]: 0x0000000080021B38 (0x4CC50513) addi a0, a0, 0x4cc
x10 <- 0x000CCCCCCCCCCCCC
mem[X,0x0000000080021B3C] -> 0x1513
mem[X,0x0000000080021B3E] -> 0x00A5
[3941] [M]: 0x0000000080021B3C (0x00A51513) slli a0, a0, 0xa
x10 <- 0x3333333333333000
mem[X,0x0000000080021B40] -> 0x0513
mem[X,0x0000000080021B42] -> 0x3335
[3942] [M]: 0x0000000080021B40 (0x33350513) addi a0, a0, 0x333
x10 <- 0x3333333333333333
mem[X,0x0000000080021B44] -> 0x0593
mem[X,0x0000000080021B46] -> 0x0040
[3943] [M]: 0x0000000080021B44 (0x00400593) addi a1, zero, 0x4
x11 <- 0x0000000000000004
mem[X,0x0000000080021B48] -> 0x0213
mem[X,0x0000000080021B4A] -> 0x0000
[3944] [M]: 0x0000000080021B48 (0x00000213) addi tp, zero, 0x0
x4 <- 0x0000000000000000
mem[X,0x0000000080021B4C] -> 0x006F
mem[X,0x0000000080021B4E] -> 0x00C0
[3945] [M]: 0x0000000080021B4C (0x00C0006F) jal zero, 0xc
mem[X,0x0000000080021B58] -> 0x0663
mem[X,0x0000000080021B5A] -> 0x00B5
[3946] [M]: 0x0000000080021B58 (0x00B50663) beq a0, a1, 0xc
mem[X,0x0000000080021B5C] -> 0x0213
mem[X,0x0000000080021B5E] -> 0x0022
[3947] [M]: 0x0000000080021B5C (0x00220213) addi tp, tp, 0x2
x4 <- 0x0000000000000002
mem[X,0x0000000080021B60] -> 0x006F
mem[X,0x0000000080021B62] -> 0x00C0
[3948] [M]: 0x0000000080021B60 (0x00C0006F) jal zero, 0xc
mem[X,0x0000000080021B6C] -> 0x3C23
mem[X,0x0000000080021B6E] -> 0x0641
[3949] [M]: 0x0000000080021B6C (0x06413C23) sd tp, 0x78(sp)
mem[0x0000000080048A40] <- 0x0000000000000002
mem[X,0x0000000080021B70] -> 0x3537
mem[X,0x0000000080021B72] -> 0x3333
[3950] [M]: 0x0000000080021B70 (0x33333537) lui a0, 0x33333
x10 <- 0x0000000033333000
mem[X,0x0000000080021B74] -> 0x0513
mem[X,0x0000000080021B76] -> 0x3335
[3951] [M]: 0x0000000080021B74 (0x33350513) addi a0, a0, 0x333
x10 <- 0x0000000033333333
mem[X,0x0000000080021B78] -> 0x1513
mem[X,0x0000000080021B7A] -> 0x00B5
[3952] [M]: 0x0000000080021B78 (0x00B51513) slli a0, a0, 0xb
x10 <- 0x0000019999999800
mem[X,0x0000000080021B7C] -> 0x0513
mem[X,0x0000000080021B7E] -> 0x1995
[3953] [M]: 0x0000000080021B7C (0x19950513) addi a0, a0, 0x199
x10 <- 0x0000019999999999
mem[X,0x0000000080021B80] -> 0x1513
mem[X,0x0000000080021B82] -> 0x00B5
[3954] [M]: 0x0000000080021B80 (0x00B51513) slli a0, a0, 0xb
x10 <- 0x000CCCCCCCCCC800
mem[X,0x0000000080021B84] -> 0x0513
mem[X,0x0000000080021B86] -> 0x4CC5
[3955] [M]: 0x0000000080021B84 (0x4CC50513) addi a0, a0, 0x4cc
x10 <- 0x000CCCCCCCCCCCCC
mem[X,0x0000000080021B88] -> 0x1513
mem[X,0x0000000080021B8A] -> 0x00A5
[3956] [M]: 0x0000000080021B88 (0x00A51513) slli a0, a0, 0xa
x10 <- 0x3333333333333000
mem[X,0x0000000080021B8C] -> 0x0513
mem[X,0x0000000080021B8E] -> 0x3335
[3957] [M]: 0x0000000080021B8C (0x33350513) addi a0, a0, 0x333
x10 <- 0x3333333333333333
mem[X,0x0000000080021B90] -> 0x35B7
mem[X,0x0000000080021B92] -> 0x3333
[3958] [M]: 0x0000000080021B90 (0x333335B7) lui a1, 0x33333
x11 <- 0x0000000033333000
mem[X,0x0000000080021B94] -> 0x8593
mem[X,0x0000000080021B96] -> 0x3335
[3959] [M]: 0x0000000080021B94 (0x33358593) addi a1, a1, 0x333
x11 <- 0x0000000033333333
mem[X,0x0000000080021B98] -> 0x9593
mem[X,0x0000000080021B9A] -> 0x00B5
[3960] [M]: 0x0000000080021B98 (0x00B59593) slli a1, a1, 0xb
x11 <- 0x0000019999999800
mem[X,0x0000000080021B9C] -> 0x8593
mem[X,0x0000000080021B9E] -> 0x1995
[3961] [M]: 0x0000000080021B9C (0x19958593) addi a1, a1, 0x199
x11 <- 0x0000019999999999
mem[X,0x0000000080021BA0] -> 0x9593
mem[X,0x0000000080021BA2] -> 0x00B5
[3962] [M]: 0x0000000080021BA0 (0x00B59593) slli a1, a1, 0xb
x11 <- 0x000CCCCCCCCCC800
mem[X,0x0000000080021BA4] -> 0x8593
mem[X,0x0000000080021BA6] -> 0x4CC5
[3963] [M]: 0x0000000080021BA4 (0x4CC58593) addi a1, a1, 0x4cc
x11 <- 0x000CCCCCCCCCCCCC
mem[X,0x0000000080021BA8] -> 0x9593
mem[X,0x0000000080021BAA] -> 0x00A5
[3964] [M]: 0x0000000080021BA8 (0x00A59593) slli a1, a1, 0xa
x11 <- 0x3333333333333000
mem[X,0x0000000080021BAC] -> 0x8593
mem[X,0x0000000080021BAE] -> 0x3325
[3965] [M]: 0x0000000080021BAC (0x33258593) addi a1, a1, 0x332
x11 <- 0x3333333333333332
mem[X,0x0000000080021BB0] -> 0x0213
mem[X,0x0000000080021BB2] -> 0x0000
[3966] [M]: 0x0000000080021BB0 (0x00000213) addi tp, zero, 0x0
x4 <- 0x0000000000000000
mem[X,0x0000000080021BB4] -> 0x006F
mem[X,0x0000000080021BB6] -> 0x00C0
[3967] [M]: 0x0000000080021BB4 (0x00C0006F) jal zero, 0xc
mem[X,0x0000000080021BC0] -> 0x0063
mem[X,0x0000000080021BC2] -> 0x40B5
[3968] [M]: 0x0000000080021BC0 (0x40B50063) beq a0, a1, 0x400
mem[X,0x0000000080021BC4] -> 0x0213
mem[X,0x0000000080021BC6] -> 0x0022
[3969] [M]: 0x0000000080021BC4 (0x00220213) addi tp, tp, 0x2
x4 <- 0x0000000000000002
mem[X,0x0000000080021BC8] -> 0x006F
mem[X,0x0000000080021BCA] -> 0x4000
[3970] [M]: 0x0000000080021BC8 (0x4000006F) jal zero, 0x400
mem[X,0x0000000080021FC8] -> 0x3023
mem[X,0x0000000080021FCA] -> 0x0841
[3971] [M]: 0x0000000080021FC8 (0x08413023) sd tp, 0x80(sp)
mem[0x0000000080048A48] <- 0x0000000000000002
mem[X,0x0000000080021FCC] -> 0x3537
mem[X,0x0000000080021FCE] -> 0x3333
[3972] [M]: 0x0000000080021FCC (0x33333537) lui a0, 0x33333
x10 <- 0x0000000033333000
mem[X,0x0000000080021FD0] -> 0x0513
mem[X,0x0000000080021FD2] -> 0x3335
[3973] [M]: 0x0000000080021FD0 (0x33350513) addi a0, a0, 0x333
x10 <- 0x0000000033333333
mem[X,0x0000000080021FD4] -> 0x1513
mem[X,0x0000000080021FD6] -> 0x00B5
[3974] [M]: 0x0000000080021FD4 (0x00B51513) slli a0, a0, 0xb
x10 <- 0x0000019999999800
mem[X,0x0000000080021FD8] -> 0x0513
mem[X,0x0000000080021FDA] -> 0x1995
[3975] [M]: 0x0000000080021FD8 (0x19950513) addi a0, a0, 0x199
x10 <- 0x0000019999999999
mem[X,0x0000000080021FDC] -> 0x1513
mem[X,0x0000000080021FDE] -> 0x00B5
[3976] [M]: 0x0000000080021FDC (0x00B51513) slli a0, a0, 0xb
x10 <- 0x000CCCCCCCCCC800
mem[X,0x0000000080021FE0] -> 0x0513
mem[X,0x0000000080021FE2] -> 0x4CC5
[3977] [M]: 0x0000000080021FE0 (0x4CC50513) addi a0, a0, 0x4cc
x10 <- 0x000CCCCCCCCCCCCC
mem[X,0x0000000080021FE4] -> 0x1513
mem[X,0x0000000080021FE6] -> 0x00A5
[3978] [M]: 0x0000000080021FE4 (0x00A51513) slli a0, a0, 0xa
x10 <- 0x3333333333333000
mem[X,0x0000000080021FE8] -> 0x0513
mem[X,0x0000000080021FEA] -> 0x3335
[3979] [M]: 0x0000000080021FE8 (0x33350513) addi a0, a0, 0x333
x10 <- 0x3333333333333333
mem[X,0x0000000080021FEC] -> 0x65B7
mem[X,0x0000000080021FEE] -> 0x6666
[3980] [M]: 0x0000000080021FEC (0x666665B7) lui a1, 0x66666
x11 <- 0x0000000066666000
mem[X,0x0000000080021FF0] -> 0x8593
mem[X,0x0000000080021FF2] -> 0x6665
[3981] [M]: 0x0000000080021FF0 (0x66658593) addi a1, a1, 0x666
x11 <- 0x0000000066666666
mem[X,0x0000000080021FF4] -> 0x9593
mem[X,0x0000000080021FF6] -> 0x00B5
[3982] [M]: 0x0000000080021FF4 (0x00B59593) slli a1, a1, 0xb
x11 <- 0x0000033333333000
mem[X,0x0000000080021FF8] -> 0x8593
mem[X,0x0000000080021FFA] -> 0x3335
[3983] [M]: 0x0000000080021FF8 (0x33358593) addi a1, a1, 0x333
x11 <- 0x0000033333333333
mem[X,0x0000000080021FFC] -> 0x9593
mem[X,0x0000000080021FFE] -> 0x00B5
[3984] [M]: 0x0000000080021FFC (0x00B59593) slli a1, a1, 0xb
x11 <- 0x0019999999999800
mem[X,0x0000000080022000] -> 0x8593
mem[X,0x0000000080022002] -> 0x1995
[3985] [M]: 0x0000000080022000 (0x19958593) addi a1, a1, 0x199
x11 <- 0x0019999999999999
mem[X,0x0000000080022004] -> 0x9593
mem[X,0x0000000080022006] -> 0x00A5
[3986] [M]: 0x0000000080022004 (0x00A59593) slli a1, a1, 0xa
x11 <- 0x6666666666666400
mem[X,0x0000000080022008] -> 0x8593
mem[X,0x000000008002200A] -> 0x2655
[3987] [M]: 0x0000000080022008 (0x26558593) addi a1, a1, 0x265
x11 <- 0x6666666666666665
mem[X,0x000000008002200C] -> 0x0213
mem[X,0x000000008002200E] -> 0x0000
[3988] [M]: 0x000000008002200C (0x00000213) addi tp, zero, 0x0
x4 <- 0x0000000000000000
mem[X,0x0000000080022010] -> 0x006F
mem[X,0x0000000080022012] -> 0x00C0
[3989] [M]: 0x0000000080022010 (0x00C0006F) jal zero, 0xc
mem[X,0x000000008002201C] -> 0x0063
mem[X,0x000000008002201E] -> 0x40B5
[3990] [M]: 0x000000008002201C (0x40B50063) beq a0, a1, 0x400
mem[X,0x0000000080022020] -> 0x0213
mem[X,0x0000000080022022] -> 0x0022
[3991] [M]: 0x0000000080022020 (0x00220213) addi tp, tp, 0x2
x4 <- 0x0000000000000002
mem[X,0x0000000080022024] -> 0x006F
mem[X,0x0000000080022026] -> 0x4000
[3992] [M]: 0x0000000080022024 (0x4000006F) jal zero, 0x400
mem[X,0x0000000080022424] -> 0x3423
mem[X,0x0000000080022426] -> 0x0841
[3993] [M]: 0x0000000080022424 (0x08413423) sd tp, 0x88(sp)
mem[0x0000000080048A50] <- 0x0000000000000002
mem[X,0x0000000080022428] -> 0x3537
mem[X,0x000000008002242A] -> 0x3333
[3994] [M]: 0x0000000080022428 (0x33333537) lui a0, 0x33333
x10 <- 0x0000000033333000
mem[X,0x000000008002242C] -> 0x0513
mem[X,0x000000008002242E] -> 0x3335
[3995] [M]: 0x000000008002242C (0x33350513) addi a0, a0, 0x333
x10 <- 0x0000000033333333
mem[X,0x0000000080022430] -> 0x1513
mem[X,0x0000000080022432] -> 0x00B5
[3996] [M]: 0x0000000080022430 (0x00B51513) slli a0, a0, 0xb
x10 <- 0x0000019999999800
mem[X,0x0000000080022434] -> 0x0513
mem[X,0x0000000080022436] -> 0x1995
[3997] [M]: 0x0000000080022434 (0x19950513) addi a0, a0, 0x199
x10 <- 0x0000019999999999
mem[X,0x0000000080022438] -> 0x1513
mem[X,0x000000008002243A] -> 0x00B5
[3998] [M]: 0x0000000080022438 (0x00B51513) slli a0, a0, 0xb
x10 <- 0x000CCCCCCCCCC800
mem[X,0x000000008002243C] -> 0x0513
mem[X,0x000000008002243E] -> 0x4CC5
[3999] [M]: 0x000000008002243C (0x4CC50513) addi a0, a0, 0x4cc
x10 <- 0x000CCCCCCCCCCCCC
clint::tick mtime <- 0x0000000000000028
 clint timer pending at mtime 0x0000000000000028
htif::tick 0x0000000000000000
mem[X,0x0000000080022440] -> 0x1513
mem[X,0x0000000080022442] -> 0x00A5
[4000] [M]: 0x0000000080022440 (0x00A51513) slli a0, a0, 0xa
x10 <- 0x3333333333333000
mem[X,0x0000000080022444] -> 0x0513
mem[X,0x0000000080022446] -> 0x3335
[4001] [M]: 0x0000000080022444 (0x33350513) addi a0, a0, 0x333
x10 <- 0x3333333333333333
mem[X,0x0000000080022448] -> 0x05B7
mem[X,0x000000008002244A] -> 0x0000
[4002] [M]: 0x0000000080022448 (0x000005B7) lui a1, 0x0
x11 <- 0x0000000000000000
mem[X,0x000000008002244C] -> 0x8593
mem[X,0x000000008002244E] -> 0x0005
[4003] [M]: 0x000000008002244C (0x00058593) addi a1, a1, 0x0
x11 <- 0x0000000000000000
mem[X,0x0000000080022450] -> 0x9593
mem[X,0x0000000080022452] -> 0x00B5
[4004] [M]: 0x0000000080022450 (0x00B59593) slli a1, a1, 0xb
x11 <- 0x0000000000000000
mem[X,0x0000000080022454] -> 0x8593
mem[X,0x0000000080022456] -> 0x5A85
[4005] [M]: 0x0000000080022454 (0x5A858593) addi a1, a1, 0x5a8
x11 <- 0x00000000000005A8
mem[X,0x0000000080022458] -> 0x9593
mem[X,0x000000008002245A] -> 0x00B5
[4006] [M]: 0x0000000080022458 (0x00B59593) slli a1, a1, 0xb
x11 <- 0x00000000002D4000
mem[X,0x000000008002245C] -> 0x8593
mem[X,0x000000008002245E] -> 0x13C5
[4007] [M]: 0x000000008002245C (0x13C58593) addi a1, a1, 0x13c
x11 <- 0x00000000002D413C
mem[X,0x0000000080022460] -> 0x9593
mem[X,0x0000000080022462] -> 0x00A5
[4008] [M]: 0x0000000080022460 (0x00A59593) slli a1, a1, 0xa
x11 <- 0x00000000B504F000
mem[X,0x0000000080022464] -> 0x8593
mem[X,0x0000000080022466] -> 0x3325
[4009] [M]: 0x0000000080022464 (0x33258593) addi a1, a1, 0x332
x11 <- 0x00000000B504F332
mem[X,0x0000000080022468] -> 0x0213
mem[X,0x000000008002246A] -> 0x0000
[4010] [M]: 0x0000000080022468 (0x00000213) addi tp, zero, 0x0
x4 <- 0x0000000000000000
mem[X,0x000000008002246C] -> 0x006F
mem[X,0x000000008002246E] -> 0x2B10
[4011] [M]: 0x000000008002246C (0x2B10006F) jal zero, 0xab0
mem[X,0x0000000080022F1C] -> 0x0A63
mem[X,0x0000000080022F1E] -> 0xD4B5
[4012] [M]: 0x0000000080022F1C (0xD4B50A63) beq a0, a1, -0xaac
mem[X,0x0000000080022F20] -> 0x0213
mem[X,0x0000000080022F22] -> 0x0022
[4013] [M]: 0x0000000080022F20 (0x00220213) addi tp, tp, 0x2
x4 <- 0x0000000000000002
mem[X,0x0000000080022F24] -> 0x006F
mem[X,0x0000000080022F26] -> 0x00C0
[4014] [M]: 0x0000000080022F24 (0x00C0006F) jal zero, 0xc
mem[X,0x0000000080022F30] -> 0x3823
mem[X,0x0000000080022F32] -> 0x0841
[4015] [M]: 0x0000000080022F30 (0x08413823) sd tp, 0x90(sp)
mem[0x0000000080048A58] <- 0x0000000000000002
mem[X,0x0000000080022F34] -> 0x3537
mem[X,0x0000000080022F36] -> 0x3333
[4016] [M]: 0x0000000080022F34 (0x33333537) lui a0, 0x33333
x10 <- 0x0000000033333000
mem[X,0x0000000080022F38] -> 0x0513
mem[X,0x0000000080022F3A] -> 0x3335
[4017] [M]: 0x0000000080022F38 (0x33350513) addi a0, a0, 0x333
x10 <- 0x0000000033333333
mem[X,0x0000000080022F3C] -> 0x1513
mem[X,0x0000000080022F3E] -> 0x00B5
[4018] [M]: 0x0000000080022F3C (0x00B51513) slli a0, a0, 0xb
x10 <- 0x0000019999999800
mem[X,0x0000000080022F40] -> 0x0513
mem[X,0x0000000080022F42] -> 0x1995
[4019] [M]: 0x0000000080022F40 (0x19950513) addi a0, a0, 0x199
x10 <- 0x0000019999999999
mem[X,0x0000000080022F44] -> 0x1513
mem[X,0x0000000080022F46] -> 0x00B5
[4020] [M]: 0x0000000080022F44 (0x00B51513) slli a0, a0, 0xb
x10 <- 0x000CCCCCCCCCC800
mem[X,0x0000000080022F48] -> 0x0513
mem[X,0x0000000080022F4A] -> 0x4CC5
[4021] [M]: 0x0000000080022F48 (0x4CC50513) addi a0, a0, 0x4cc
x10 <- 0x000CCCCCCCCCCCCC
mem[X,0x0000000080022F4C] -> 0x1513
mem[X,0x0000000080022F4E] -> 0x00A5
[4022] [M]: 0x0000000080022F4C (0x00A51513) slli a0, a0, 0xa
x10 <- 0x3333333333333000
mem[X,0x0000000080022F50] -> 0x0513
mem[X,0x0000000080022F52] -> 0x3335
[4023] [M]: 0x0000000080022F50 (0x33350513) addi a0, a0, 0x333
x10 <- 0x3333333333333333
mem[X,0x0000000080022F54] -> 0x55B7
mem[X,0x0000000080022F56] -> 0x5555
[4024] [M]: 0x0000000080022F54 (0x555555B7) lui a1, 0x55555
x11 <- 0x0000000055555000
mem[X,0x0000000080022F58] -> 0x8593
mem[X,0x0000000080022F5A] -> 0x5555
[4025] [M]: 0x0000000080022F58 (0x55558593) addi a1, a1, 0x555
x11 <- 0x0000000055555555
mem[X,0x0000000080022F5C] -> 0x9593
mem[X,0x0000000080022F5E] -> 0x00B5
[4026] [M]: 0x0000000080022F5C (0x00B59593) slli a1, a1, 0xb
x11 <- 0x000002AAAAAAA800
mem[X,0x0000000080022F60] -> 0x8593
mem[X,0x0000000080022F62] -> 0x2AA5
[4027] [M]: 0x0000000080022F60 (0x2AA58593) addi a1, a1, 0x2aa
x11 <- 0x000002AAAAAAAAAA
mem[X,0x0000000080022F64] -> 0x9593
mem[X,0x0000000080022F66] -> 0x00B5
[4028] [M]: 0x0000000080022F64 (0x00B59593) slli a1, a1, 0xb
x11 <- 0x0015555555555000
mem[X,0x0000000080022F68] -> 0x8593
mem[X,0x0000000080022F6A] -> 0x5555
[4029] [M]: 0x0000000080022F68 (0x55558593) addi a1, a1, 0x555
x11 <- 0x0015555555555555
mem[X,0x0000000080022F6C] -> 0x9593
mem[X,0x0000000080022F6E] -> 0x00A5
[4030] [M]: 0x0000000080022F6C (0x00A59593) slli a1, a1, 0xa
x11 <- 0x5555555555555400
mem[X,0x0000000080022F70] -> 0x8593
mem[X,0x0000000080022F72] -> 0x1565
[4031] [M]: 0x0000000080022F70 (0x15658593) addi a1, a1, 0x156
x11 <- 0x5555555555555556
mem[X,0x0000000080022F74] -> 0x0213
mem[X,0x0000000080022F76] -> 0x0000
[4032] [M]: 0x0000000080022F74 (0x00000213) addi tp, zero, 0x0
x4 <- 0x0000000000000000
mem[X,0x0000000080022F78] -> 0x006F
mem[X,0x0000000080022F7A] -> 0x00C0
[4033] [M]: 0x0000000080022F78 (0x00C0006F) jal zero, 0xc
mem[X,0x0000000080022F84] -> 0x0663
mem[X,0x0000000080022F86] -> 0x00B5
[4034] [M]: 0x0000000080022F84 (0x00B50663) beq a0, a1, 0xc
mem[X,0x0000000080022F88] -> 0x0213
mem[X,0x0000000080022F8A] -> 0x0022
[4035] [M]: 0x0000000080022F88 (0x00220213) addi tp, tp, 0x2
x4 <- 0x0000000000000002
mem[X,0x0000000080022F8C] -> 0x006F
mem[X,0x0000000080022F8E] -> 0x00C0
[4036] [M]: 0x0000000080022F8C (0x00C0006F) jal zero, 0xc
mem[X,0x0000000080022F98] -> 0x3C23
mem[X,0x0000000080022F9A] -> 0x0841
[4037] [M]: 0x0000000080022F98 (0x08413C23) sd tp, 0x98(sp)
mem[0x0000000080048A60] <- 0x0000000000000002
mem[X,0x0000000080022F9C] -> 0x3537
mem[X,0x0000000080022F9E] -> 0x3333
[4038] [M]: 0x0000000080022F9C (0x33333537) lui a0, 0x33333
x10 <- 0x0000000033333000
mem[X,0x0000000080022FA0] -> 0x0513
mem[X,0x0000000080022FA2] -> 0x3335
[4039] [M]: 0x0000000080022FA0 (0x33350513) addi a0, a0, 0x333
x10 <- 0x0000000033333333
mem[X,0x0000000080022FA4] -> 0x1513
mem[X,0x0000000080022FA6] -> 0x00B5
[4040] [M]: 0x0000000080022FA4 (0x00B51513) slli a0, a0, 0xb
x10 <- 0x0000019999999800
mem[X,0x0000000080022FA8] -> 0x0513
mem[X,0x0000000080022FAA] -> 0x1995
[4041] [M]: 0x0000000080022FA8 (0x19950513) addi a0, a0, 0x199
x10 <- 0x0000019999999999
mem[X,0x0000000080022FAC] -> 0x1513
mem[X,0x0000000080022FAE] -> 0x00B5
[4042] [M]: 0x0000000080022FAC (0x00B51513) slli a0, a0, 0xb
x10 <- 0x000CCCCCCCCCC800
mem[X,0x0000000080022FB0] -> 0x0513
mem[X,0x0000000080022FB2] -> 0x4CC5
[4043] [M]: 0x0000000080022FB0 (0x4CC50513) addi a0, a0, 0x4cc
x10 <- 0x000CCCCCCCCCCCCC
mem[X,0x0000000080022FB4] -> 0x1513
mem[X,0x0000000080022FB6] -> 0x00A5
[4044] [M]: 0x0000000080022FB4 (0x00A51513) slli a0, a0, 0xa
x10 <- 0x3333333333333000
mem[X,0x0000000080022FB8] -> 0x0513
mem[X,0x0000000080022FBA] -> 0x3335
[4045] [M]: 0x0000000080022FB8 (0x33350513) addi a0, a0, 0x333
x10 <- 0x3333333333333333
mem[X,0x0000000080022FBC] -> 0xB5B7
mem[X,0x0000000080022FBE] -> 0xAAAA
[4046] [M]: 0x0000000080022FBC (0xAAAAB5B7) lui a1, -0x55555
x11 <- 0xFFFFFFFFAAAAB000
mem[X,0x0000000080022FC0] -> 0x8593
mem[X,0x0000000080022FC2] -> 0xAAA5
[4047] [M]: 0x0000000080022FC0 (0xAAA58593) addi a1, a1, -0x556
x11 <- 0xFFFFFFFFAAAAAAAA
mem[X,0x0000000080022FC4] -> 0x9593
mem[X,0x0000000080022FC6] -> 0x00B5
[4048] [M]: 0x0000000080022FC4 (0x00B59593) slli a1, a1, 0xb
x11 <- 0xFFFFFD5555555000
mem[X,0x0000000080022FC8] -> 0x8593
mem[X,0x0000000080022FCA] -> 0x5555
[4049] [M]: 0x0000000080022FC8 (0x55558593) addi a1, a1, 0x555
x11 <- 0xFFFFFD5555555555
mem[X,0x0000000080022FCC] -> 0x9593
mem[X,0x0000000080022FCE] -> 0x00B5
[4050] [M]: 0x0000000080022FCC (0x00B59593) slli a1, a1, 0xb
x11 <- 0xFFEAAAAAAAAAA800
mem[X,0x0000000080022FD0] -> 0x8593
mem[X,0x0000000080022FD2] -> 0x2AA5
[4051] [M]: 0x0000000080022FD0 (0x2AA58593) addi a1, a1, 0x2aa
x11 <- 0xFFEAAAAAAAAAAAAA
mem[X,0x0000000080022FD4] -> 0x9593
mem[X,0x0000000080022FD6] -> 0x00A5
[4052] [M]: 0x0000000080022FD4 (0x00A59593) slli a1, a1, 0xa
x11 <- 0xAAAAAAAAAAAAA800
mem[X,0x0000000080022FD8] -> 0x8593
mem[X,0x0000000080022FDA] -> 0x2AB5
[4053] [M]: 0x0000000080022FD8 (0x2AB58593) addi a1, a1, 0x2ab
x11 <- 0xAAAAAAAAAAAAAAAB
mem[X,0x0000000080022FDC] -> 0x0213
mem[X,0x0000000080022FDE] -> 0x0000
[4054] [M]: 0x0000000080022FDC (0x00000213) addi tp, zero, 0x0
x4 <- 0x0000000000000000
mem[X,0x0000000080022FE0] -> 0x006F
mem[X,0x0000000080022FE2] -> 0x0100
[4055] [M]: 0x0000000080022FE0 (0x0100006F) jal zero, 0x10
mem[X,0x0000000080022FF0] -> 0x0AE3
mem[X,0x0000000080022FF2] -> 0xFEB5
[4056] [M]: 0x0000000080022FF0 (0xFEB50AE3) beq a0, a1, -0xc
mem[X,0x0000000080022FF4] -> 0x0213
mem[X,0x0000000080022FF6] -> 0x0022
[4057] [M]: 0x0000000080022FF4 (0x00220213) addi tp, tp, 0x2
x4 <- 0x0000000000000002
mem[X,0x0000000080022FF8] -> 0x006F
mem[X,0x0000000080022FFA] -> 0x00C0
[4058] [M]: 0x0000000080022FF8 (0x00C0006F) jal zero, 0xc
mem[X,0x0000000080023004] -> 0x3023
mem[X,0x0000000080023006] -> 0x0A41
[4059] [M]: 0x0000000080023004 (0x0A413023) sd tp, 0xa0(sp)
mem[0x0000000080048A68] <- 0x0000000000000002
mem[X,0x0000000080023008] -> 0x3537
mem[X,0x000000008002300A] -> 0x3333
[4060] [M]: 0x0000000080023008 (0x33333537) lui a0, 0x33333
x10 <- 0x0000000033333000
mem[X,0x000000008002300C] -> 0x0513
mem[X,0x000000008002300E] -> 0x3335
[4061] [M]: 0x000000008002300C (0x33350513) addi a0, a0, 0x333
x10 <- 0x0000000033333333
mem[X,0x0000000080023010] -> 0x1513
mem[X,0x0000000080023012] -> 0x00B5
[4062] [M]: 0x0000000080023010 (0x00B51513) slli a0, a0, 0xb
x10 <- 0x0000019999999800
mem[X,0x0000000080023014] -> 0x0513
mem[X,0x0000000080023016] -> 0x1995
[4063] [M]: 0x0000000080023014 (0x19950513) addi a0, a0, 0x199
x10 <- 0x0000019999999999
mem[X,0x0000000080023018] -> 0x1513
mem[X,0x000000008002301A] -> 0x00B5
[4064] [M]: 0x0000000080023018 (0x00B51513) slli a0, a0, 0xb
x10 <- 0x000CCCCCCCCCC800
mem[X,0x000000008002301C] -> 0x0513
mem[X,0x000000008002301E] -> 0x4CC5
[4065] [M]: 0x000000008002301C (0x4CC50513) addi a0, a0, 0x4cc
x10 <- 0x000CCCCCCCCCCCCC
mem[X,0x0000000080023020] -> 0x1513
mem[X,0x0000000080023022] -> 0x00A5
[4066] [M]: 0x0000000080023020 (0x00A51513) slli a0, a0, 0xa
x10 <- 0x3333333333333000
mem[X,0x0000000080023024] -> 0x0513
mem[X,0x0000000080023026] -> 0x3335
[4067] [M]: 0x0000000080023024 (0x33350513) addi a0, a0, 0x333
x10 <- 0x3333333333333333
mem[X,0x0000000080023028] -> 0x0593
mem[X,0x000000008002302A] -> 0x0060
[4068] [M]: 0x0000000080023028 (0x00600593) addi a1, zero, 0x6
x11 <- 0x0000000000000006
mem[X,0x000000008002302C] -> 0x0213
mem[X,0x000000008002302E] -> 0x0000
[4069] [M]: 0x000000008002302C (0x00000213) addi tp, zero, 0x0
x4 <- 0x0000000000000000
mem[X,0x0000000080023030] -> 0x006F
mem[X,0x0000000080023032] -> 0x00C0
[4070] [M]: 0x0000000080023030 (0x00C0006F) jal zero, 0xc
mem[X,0x000000008002303C] -> 0x0063
mem[X,0x000000008002303E] -> 0x02B5
[4071] [M]: 0x000000008002303C (0x02B50063) beq a0, a1, 0x20
mem[X,0x0000000080023040] -> 0x0213
mem[X,0x0000000080023042] -> 0x0022
[4072] [M]: 0x0000000080023040 (0x00220213) addi tp, tp, 0x2
x4 <- 0x0000000000000002
mem[X,0x0000000080023044] -> 0x006F
mem[X,0x0000000080023046] -> 0x0200
[4073] [M]: 0x0000000080023044 (0x0200006F) jal zero, 0x20
mem[X,0x0000000080023064] -> 0x3423
mem[X,0x0000000080023066] -> 0x0A41
[4074] [M]: 0x0000000080023064 (0x0A413423) sd tp, 0xa8(sp)
mem[0x0000000080048A70] <- 0x0000000000000002
mem[X,0x0000000080023068] -> 0x3537
mem[X,0x000000008002306A] -> 0x3333
[4075] [M]: 0x0000000080023068 (0x33333537) lui a0, 0x33333
x10 <- 0x0000000033333000
mem[X,0x000000008002306C] -> 0x0513
mem[X,0x000000008002306E] -> 0x3335
[4076] [M]: 0x000000008002306C (0x33350513) addi a0, a0, 0x333
x10 <- 0x0000000033333333
mem[X,0x0000000080023070] -> 0x1513
mem[X,0x0000000080023072] -> 0x00B5
[4077] [M]: 0x0000000080023070 (0x00B51513) slli a0, a0, 0xb
x10 <- 0x0000019999999800
mem[X,0x0000000080023074] -> 0x0513
mem[X,0x0000000080023076] -> 0x1995
[4078] [M]: 0x0000000080023074 (0x19950513) addi a0, a0, 0x199
x10 <- 0x0000019999999999
mem[X,0x0000000080023078] -> 0x1513
mem[X,0x000000008002307A] -> 0x00B5
[4079] [M]: 0x0000000080023078 (0x00B51513) slli a0, a0, 0xb
x10 <- 0x000CCCCCCCCCC800
mem[X,0x000000008002307C] -> 0x0513
mem[X,0x000000008002307E] -> 0x4CC5
[4080] [M]: 0x000000008002307C (0x4CC50513) addi a0, a0, 0x4cc
x10 <- 0x000CCCCCCCCCCCCC
mem[X,0x0000000080023080] -> 0x1513
mem[X,0x0000000080023082] -> 0x00A5
[4081] [M]: 0x0000000080023080 (0x00A51513) slli a0, a0, 0xa
x10 <- 0x3333333333333000
mem[X,0x0000000080023084] -> 0x0513
mem[X,0x0000000080023086] -> 0x3335
[4082] [M]: 0x0000000080023084 (0x33350513) addi a0, a0, 0x333
x10 <- 0x3333333333333333
mem[X,0x0000000080023088] -> 0x35B7
mem[X,0x000000008002308A] -> 0x3333
[4083] [M]: 0x0000000080023088 (0x333335B7) lui a1, 0x33333
x11 <- 0x0000000033333000
mem[X,0x000000008002308C] -> 0x8593
mem[X,0x000000008002308E] -> 0x3335
[4084] [M]: 0x000000008002308C (0x33358593) addi a1, a1, 0x333
x11 <- 0x0000000033333333
mem[X,0x0000000080023090] -> 0x9593
mem[X,0x0000000080023092] -> 0x00B5
[4085] [M]: 0x0000000080023090 (0x00B59593) slli a1, a1, 0xb
x11 <- 0x0000019999999800
mem[X,0x0000000080023094] -> 0x8593
mem[X,0x0000000080023096] -> 0x1995
[4086] [M]: 0x0000000080023094 (0x19958593) addi a1, a1, 0x199
x11 <- 0x0000019999999999
mem[X,0x0000000080023098] -> 0x9593
mem[X,0x000000008002309A] -> 0x00B5
[4087] [M]: 0x0000000080023098 (0x00B59593) slli a1, a1, 0xb
x11 <- 0x000CCCCCCCCCC800
mem[X,0x000000008002309C] -> 0x8593
mem[X,0x000000008002309E] -> 0x4CC5
[4088] [M]: 0x000000008002309C (0x4CC58593) addi a1, a1, 0x4cc
x11 <- 0x000CCCCCCCCCCCCC
mem[X,0x00000000800230A0] -> 0x9593
mem[X,0x00000000800230A2] -> 0x00A5
[4089] [M]: 0x00000000800230A0 (0x00A59593) slli a1, a1, 0xa
x11 <- 0x3333333333333000
mem[X,0x00000000800230A4] -> 0x8593
mem[X,0x00000000800230A6] -> 0x3345
[4090] [M]: 0x00000000800230A4 (0x33458593) addi a1, a1, 0x334
x11 <- 0x3333333333333334
mem[X,0x00000000800230A8] -> 0x0213
mem[X,0x00000000800230AA] -> 0x0000
[4091] [M]: 0x00000000800230A8 (0x00000213) addi tp, zero, 0x0
x4 <- 0x0000000000000000
mem[X,0x00000000800230AC] -> 0x006F
mem[X,0x00000000800230AE] -> 0x00C0
[4092] [M]: 0x00000000800230AC (0x00C0006F) jal zero, 0xc
mem[X,0x00000000800230B8] -> 0x0863
mem[X,0x00000000800230BA] -> 0x00B5
[4093] [M]: 0x00000000800230B8 (0x00B50863) beq a0, a1, 0x10
mem[X,0x00000000800230BC] -> 0x0213
mem[X,0x00000000800230BE] -> 0x0022
[4094] [M]: 0x00000000800230BC (0x00220213) addi tp, tp, 0x2
x4 <- 0x0000000000000002
mem[X,0x00000000800230C0] -> 0x006F
mem[X,0x00000000800230C2] -> 0x0100
[4095] [M]: 0x00000000800230C0 (0x0100006F) jal zero, 0x10
mem[X,0x00000000800230D0] -> 0x3823
mem[X,0x00000000800230D2] -> 0x0A41
[4096] [M]: 0x00000000800230D0 (0x0A413823) sd tp, 0xb0(sp)
mem[0x0000000080048A78] <- 0x0000000000000002
mem[X,0x00000000800230D4] -> 0x3537
mem[X,0x00000000800230D6] -> 0x3333
[4097] [M]: 0x00000000800230D4 (0x33333537) lui a0, 0x33333
x10 <- 0x0000000033333000
mem[X,0x00000000800230D8] -> 0x0513
mem[X,0x00000000800230DA] -> 0x3335
[4098] [M]: 0x00000000800230D8 (0x33350513) addi a0, a0, 0x333
x10 <- 0x0000000033333333
mem[X,0x00000000800230DC] -> 0x1513
mem[X,0x00000000800230DE] -> 0x00B5
[4099] [M]: 0x00000000800230DC (0x00B51513) slli a0, a0, 0xb
x10 <- 0x0000019999999800
clint::tick mtime <- 0x0000000000000029
 clint timer pending at mtime 0x0000000000000029
htif::tick 0x0000000000000000
mem[X,0x00000000800230E0] -> 0x0513
mem[X,0x00000000800230E2] -> 0x1995
[4100] [M]: 0x00000000800230E0 (0x19950513) addi a0, a0, 0x199
x10 <- 0x0000019999999999
mem[X,0x00000000800230E4] -> 0x1513
mem[X,0x00000000800230E6] -> 0x00B5
[4101] [M]: 0x00000000800230E4 (0x00B51513) slli a0, a0, 0xb
x10 <- 0x000CCCCCCCCCC800
mem[X,0x00000000800230E8] -> 0x0513
mem[X,0x00000000800230EA] -> 0x4CC5
[4102] [M]: 0x00000000800230E8 (0x4CC50513) addi a0, a0, 0x4cc
x10 <- 0x000CCCCCCCCCCCCC
mem[X,0x00000000800230EC] -> 0x1513
mem[X,0x00000000800230EE] -> 0x00A5
[4103] [M]: 0x00000000800230EC (0x00A51513) slli a0, a0, 0xa
x10 <- 0x3333333333333000
mem[X,0x00000000800230F0] -> 0x0513
mem[X,0x00000000800230F2] -> 0x3335
[4104] [M]: 0x00000000800230F0 (0x33350513) addi a0, a0, 0x333
x10 <- 0x3333333333333333
mem[X,0x00000000800230F4] -> 0x65B7
mem[X,0x00000000800230F6] -> 0x6666
[4105] [M]: 0x00000000800230F4 (0x666665B7) lui a1, 0x66666
x11 <- 0x0000000066666000
mem[X,0x00000000800230F8] -> 0x8593
mem[X,0x00000000800230FA] -> 0x6665
[4106] [M]: 0x00000000800230F8 (0x66658593) addi a1, a1, 0x666
x11 <- 0x0000000066666666
mem[X,0x00000000800230FC] -> 0x9593
mem[X,0x00000000800230FE] -> 0x00B5
[4107] [M]: 0x00000000800230FC (0x00B59593) slli a1, a1, 0xb
x11 <- 0x0000033333333000
mem[X,0x0000000080023100] -> 0x8593
mem[X,0x0000000080023102] -> 0x3335
[4108] [M]: 0x0000000080023100 (0x33358593) addi a1, a1, 0x333
x11 <- 0x0000033333333333
mem[X,0x0000000080023104] -> 0x9593
mem[X,0x0000000080023106] -> 0x00B5
[4109] [M]: 0x0000000080023104 (0x00B59593) slli a1, a1, 0xb
x11 <- 0x0019999999999800
mem[X,0x0000000080023108] -> 0x8593
mem[X,0x000000008002310A] -> 0x1995
[4110] [M]: 0x0000000080023108 (0x19958593) addi a1, a1, 0x199
x11 <- 0x0019999999999999
mem[X,0x000000008002310C] -> 0x9593
mem[X,0x000000008002310E] -> 0x00A5
[4111] [M]: 0x000000008002310C (0x00A59593) slli a1, a1, 0xa
x11 <- 0x6666666666666400
mem[X,0x0000000080023110] -> 0x8593
mem[X,0x0000000080023112] -> 0x2675
[4112] [M]: 0x0000000080023110 (0x26758593) addi a1, a1, 0x267
x11 <- 0x6666666666666667
mem[X,0x0000000080023114] -> 0x0213
mem[X,0x0000000080023116] -> 0x0000
[4113] [M]: 0x0000000080023114 (0x00000213) addi tp, zero, 0x0
x4 <- 0x0000000000000000
mem[X,0x0000000080023118] -> 0x006F
mem[X,0x000000008002311A] -> 0x00C0
[4114] [M]: 0x0000000080023118 (0x00C0006F) jal zero, 0xc
mem[X,0x0000000080023124] -> 0x0063
mem[X,0x0000000080023126] -> 0x10B5
[4115] [M]: 0x0000000080023124 (0x10B50063) beq a0, a1, 0x100
mem[X,0x0000000080023128] -> 0x0213
mem[X,0x000000008002312A] -> 0x0022
[4116] [M]: 0x0000000080023128 (0x00220213) addi tp, tp, 0x2
x4 <- 0x0000000000000002
mem[X,0x000000008002312C] -> 0x006F
mem[X,0x000000008002312E] -> 0x1000
[4117] [M]: 0x000000008002312C (0x1000006F) jal zero, 0x100
mem[X,0x000000008002322C] -> 0x3C23
mem[X,0x000000008002322E] -> 0x0A41
[4118] [M]: 0x000000008002322C (0x0A413C23) sd tp, 0xb8(sp)
mem[0x0000000080048A80] <- 0x0000000000000002
mem[X,0x0000000080023230] -> 0x3537
mem[X,0x0000000080023232] -> 0x3333
[4119] [M]: 0x0000000080023230 (0x33333537) lui a0, 0x33333
x10 <- 0x0000000033333000
mem[X,0x0000000080023234] -> 0x0513
mem[X,0x0000000080023236] -> 0x3335
[4120] [M]: 0x0000000080023234 (0x33350513) addi a0, a0, 0x333
x10 <- 0x0000000033333333
mem[X,0x0000000080023238] -> 0x1513
mem[X,0x000000008002323A] -> 0x00B5
[4121] [M]: 0x0000000080023238 (0x00B51513) slli a0, a0, 0xb
x10 <- 0x0000019999999800
mem[X,0x000000008002323C] -> 0x0513
mem[X,0x000000008002323E] -> 0x1995
[4122] [M]: 0x000000008002323C (0x19950513) addi a0, a0, 0x199
x10 <- 0x0000019999999999
mem[X,0x0000000080023240] -> 0x1513
mem[X,0x0000000080023242] -> 0x00B5
[4123] [M]: 0x0000000080023240 (0x00B51513) slli a0, a0, 0xb
x10 <- 0x000CCCCCCCCCC800
mem[X,0x0000000080023244] -> 0x0513
mem[X,0x0000000080023246] -> 0x4CC5
[4124] [M]: 0x0000000080023244 (0x4CC50513) addi a0, a0, 0x4cc
x10 <- 0x000CCCCCCCCCCCCC
mem[X,0x0000000080023248] -> 0x1513
mem[X,0x000000008002324A] -> 0x00A5
[4125] [M]: 0x0000000080023248 (0x00A51513) slli a0, a0, 0xa
x10 <- 0x3333333333333000
mem[X,0x000000008002324C] -> 0x0513
mem[X,0x000000008002324E] -> 0x3335
[4126] [M]: 0x000000008002324C (0x33350513) addi a0, a0, 0x333
x10 <- 0x3333333333333333
mem[X,0x0000000080023250] -> 0x05B7
mem[X,0x0000000080023252] -> 0x0000
[4127] [M]: 0x0000000080023250 (0x000005B7) lui a1, 0x0
x11 <- 0x0000000000000000
mem[X,0x0000000080023254] -> 0x8593
mem[X,0x0000000080023256] -> 0xFFF5
[4128] [M]: 0x0000000080023254 (0xFFF58593) addi a1, a1, -0x1
x11 <- 0xFFFFFFFFFFFFFFFF
mem[X,0x0000000080023258] -> 0x9593
mem[X,0x000000008002325A] -> 0x00B5
[4129] [M]: 0x0000000080023258 (0x00B59593) slli a1, a1, 0xb
x11 <- 0xFFFFFFFFFFFFF800
mem[X,0x000000008002325C] -> 0x8593
mem[X,0x000000008002325E] -> 0x2575
[4130] [M]: 0x000000008002325C (0x25758593) addi a1, a1, 0x257
x11 <- 0xFFFFFFFFFFFFFA57
mem[X,0x0000000080023260] -> 0x9593
mem[X,0x0000000080023262] -> 0x00B5
[4131] [M]: 0x0000000080023260 (0x00B59593) slli a1, a1, 0xb
x11 <- 0xFFFFFFFFFFD2B800
mem[X,0x0000000080023264] -> 0x8593
mem[X,0x0000000080023266] -> 0x6C35
[4132] [M]: 0x0000000080023264 (0x6C358593) addi a1, a1, 0x6c3
x11 <- 0xFFFFFFFFFFD2BEC3
mem[X,0x0000000080023268] -> 0x9593
mem[X,0x000000008002326A] -> 0x00A5
[4133] [M]: 0x0000000080023268 (0x00A59593) slli a1, a1, 0xa
x11 <- 0xFFFFFFFF4AFB0C00
mem[X,0x000000008002326C] -> 0x8593
mem[X,0x000000008002326E] -> 0x0CE5
[4134] [M]: 0x000000008002326C (0x0CE58593) addi a1, a1, 0xce
x11 <- 0xFFFFFFFF4AFB0CCE
mem[X,0x0000000080023270] -> 0x0213
mem[X,0x0000000080023272] -> 0x0000
[4135] [M]: 0x0000000080023270 (0x00000213) addi tp, zero, 0x0
x4 <- 0x0000000000000000
mem[X,0x0000000080023274] -> 0x006F
mem[X,0x0000000080023276] -> 0x00C0
[4136] [M]: 0x0000000080023274 (0x00C0006F) jal zero, 0xc
mem[X,0x0000000080023280] -> 0x0663
mem[X,0x0000000080023282] -> 0x00B5
[4137] [M]: 0x0000000080023280 (0x00B50663) beq a0, a1, 0xc
mem[X,0x0000000080023284] -> 0x0213
mem[X,0x0000000080023286] -> 0x0022
[4138] [M]: 0x0000000080023284 (0x00220213) addi tp, tp, 0x2
x4 <- 0x0000000000000002
mem[X,0x0000000080023288] -> 0x006F
mem[X,0x000000008002328A] -> 0x00C0
[4139] [M]: 0x0000000080023288 (0x00C0006F) jal zero, 0xc
mem[X,0x0000000080023294] -> 0x3023
mem[X,0x0000000080023296] -> 0x0C41
[4140] [M]: 0x0000000080023294 (0x0C413023) sd tp, 0xc0(sp)
mem[0x0000000080048A88] <- 0x0000000000000002
mem[X,0x0000000080023298] -> 0x3537
mem[X,0x000000008002329A] -> 0x3333
[4141] [M]: 0x0000000080023298 (0x33333537) lui a0, 0x33333
x10 <- 0x0000000033333000
mem[X,0x000000008002329C] -> 0x0513
mem[X,0x000000008002329E] -> 0x3335
[4142] [M]: 0x000000008002329C (0x33350513) addi a0, a0, 0x333
x10 <- 0x0000000033333333
mem[X,0x00000000800232A0] -> 0x1513
mem[X,0x00000000800232A2] -> 0x00B5
[4143] [M]: 0x00000000800232A0 (0x00B51513) slli a0, a0, 0xb
x10 <- 0x0000019999999800
mem[X,0x00000000800232A4] -> 0x0513
mem[X,0x00000000800232A6] -> 0x1995
[4144] [M]: 0x00000000800232A4 (0x19950513) addi a0, a0, 0x199
x10 <- 0x0000019999999999
mem[X,0x00000000800232A8] -> 0x1513
mem[X,0x00000000800232AA] -> 0x00B5
[4145] [M]: 0x00000000800232A8 (0x00B51513) slli a0, a0, 0xb
x10 <- 0x000CCCCCCCCCC800
mem[X,0x00000000800232AC] -> 0x0513
mem[X,0x00000000800232AE] -> 0x4CC5
[4146] [M]: 0x00000000800232AC (0x4CC50513) addi a0, a0, 0x4cc
x10 <- 0x000CCCCCCCCCCCCC
mem[X,0x00000000800232B0] -> 0x1513
mem[X,0x00000000800232B2] -> 0x00A5
[4147] [M]: 0x00000000800232B0 (0x00A51513) slli a0, a0, 0xa
x10 <- 0x3333333333333000
mem[X,0x00000000800232B4] -> 0x0513
mem[X,0x00000000800232B6] -> 0x3335
[4148] [M]: 0x00000000800232B4 (0x33350513) addi a0, a0, 0x333
x10 <- 0x3333333333333333
mem[X,0x00000000800232B8] -> 0x05B7
mem[X,0x00000000800232BA] -> 0x0000
[4149] [M]: 0x00000000800232B8 (0x000005B7) lui a1, 0x0
x11 <- 0x0000000000000000
mem[X,0x00000000800232BC] -> 0x8593
mem[X,0x00000000800232BE] -> 0x0005
[4150] [M]: 0x00000000800232BC (0x00058593) addi a1, a1, 0x0
x11 <- 0x0000000000000000
mem[X,0x00000000800232C0] -> 0x9593
mem[X,0x00000000800232C2] -> 0x00B5
[4151] [M]: 0x00000000800232C0 (0x00B59593) slli a1, a1, 0xb
x11 <- 0x0000000000000000
mem[X,0x00000000800232C4] -> 0x8593
mem[X,0x00000000800232C6] -> 0x5A85
[4152] [M]: 0x00000000800232C4 (0x5A858593) addi a1, a1, 0x5a8
x11 <- 0x00000000000005A8
mem[X,0x00000000800232C8] -> 0x9593
mem[X,0x00000000800232CA] -> 0x00B5
[4153] [M]: 0x00000000800232C8 (0x00B59593) slli a1, a1, 0xb
x11 <- 0x00000000002D4000
mem[X,0x00000000800232CC] -> 0x8593
mem[X,0x00000000800232CE] -> 0x13C5
[4154] [M]: 0x00000000800232CC (0x13C58593) addi a1, a1, 0x13c
x11 <- 0x00000000002D413C
mem[X,0x00000000800232D0] -> 0x9593
mem[X,0x00000000800232D2] -> 0x00A5
[4155] [M]: 0x00000000800232D0 (0x00A59593) slli a1, a1, 0xa
x11 <- 0x00000000B504F000
mem[X,0x00000000800232D4] -> 0x8593
mem[X,0x00000000800232D6] -> 0x3345
[4156] [M]: 0x00000000800232D4 (0x33458593) addi a1, a1, 0x334
x11 <- 0x00000000B504F334
mem[X,0x00000000800232D8] -> 0x0213
mem[X,0x00000000800232DA] -> 0x0000
[4157] [M]: 0x00000000800232D8 (0x00000213) addi tp, zero, 0x0
x4 <- 0x0000000000000000
mem[X,0x00000000800232DC] -> 0x006F
mem[X,0x00000000800232DE] -> 0x00C0
[4158] [M]: 0x00000000800232DC (0x00C0006F) jal zero, 0xc
mem[X,0x00000000800232E8] -> 0x0863
mem[X,0x00000000800232EA] -> 0x00B5
[4159] [M]: 0x00000000800232E8 (0x00B50863) beq a0, a1, 0x10
mem[X,0x00000000800232EC] -> 0x0213
mem[X,0x00000000800232EE] -> 0x0022
[4160] [M]: 0x00000000800232EC (0x00220213) addi tp, tp, 0x2
x4 <- 0x0000000000000002
mem[X,0x00000000800232F0] -> 0x006F
mem[X,0x00000000800232F2] -> 0x0100
[4161] [M]: 0x00000000800232F0 (0x0100006F) jal zero, 0x10
mem[X,0x0000000080023300] -> 0x3423
mem[X,0x0000000080023302] -> 0x0C41
[4162] [M]: 0x0000000080023300 (0x0C413423) sd tp, 0xc8(sp)
mem[0x0000000080048A90] <- 0x0000000000000002
mem[X,0x0000000080023304] -> 0x6537
mem[X,0x0000000080023306] -> 0x6666
[4163] [M]: 0x0000000080023304 (0x66666537) lui a0, 0x66666
x10 <- 0x0000000066666000
mem[X,0x0000000080023308] -> 0x0513
mem[X,0x000000008002330A] -> 0x6665
[4164] [M]: 0x0000000080023308 (0x66650513) addi a0, a0, 0x666
x10 <- 0x0000000066666666
mem[X,0x000000008002330C] -> 0x1513
mem[X,0x000000008002330E] -> 0x00B5
[4165] [M]: 0x000000008002330C (0x00B51513) slli a0, a0, 0xb
x10 <- 0x0000033333333000
mem[X,0x0000000080023310] -> 0x0513
mem[X,0x0000000080023312] -> 0x3335
[4166] [M]: 0x0000000080023310 (0x33350513) addi a0, a0, 0x333
x10 <- 0x0000033333333333
mem[X,0x0000000080023314] -> 0x1513
mem[X,0x0000000080023316] -> 0x00B5
[4167] [M]: 0x0000000080023314 (0x00B51513) slli a0, a0, 0xb
x10 <- 0x0019999999999800
mem[X,0x0000000080023318] -> 0x0513
mem[X,0x000000008002331A] -> 0x1995
[4168] [M]: 0x0000000080023318 (0x19950513) addi a0, a0, 0x199
x10 <- 0x0019999999999999
mem[X,0x000000008002331C] -> 0x1513
mem[X,0x000000008002331E] -> 0x00A5
[4169] [M]: 0x000000008002331C (0x00A51513) slli a0, a0, 0xa
x10 <- 0x6666666666666400
mem[X,0x0000000080023320] -> 0x0513
mem[X,0x0000000080023322] -> 0x2665
[4170] [M]: 0x0000000080023320 (0x26650513) addi a0, a0, 0x266
x10 <- 0x6666666666666666
mem[X,0x0000000080023324] -> 0x0593
mem[X,0x0000000080023326] -> 0x0030
[4171] [M]: 0x0000000080023324 (0x00300593) addi a1, zero, 0x3
x11 <- 0x0000000000000003
mem[X,0x0000000080023328] -> 0x0213
mem[X,0x000000008002332A] -> 0x0000
[4172] [M]: 0x0000000080023328 (0x00000213) addi tp, zero, 0x0
x4 <- 0x0000000000000000
mem[X,0x000000008002332C] -> 0x006F
mem[X,0x000000008002332E] -> 0x0050
[4173] [M]: 0x000000008002332C (0x0050006F) jal zero, 0x804
mem[X,0x0000000080023B30] -> 0x00E3
mem[X,0x0000000080023B32] -> 0x80B5
[4174] [M]: 0x0000000080023B30 (0x80B500E3) beq a0, a1, -0x800
mem[X,0x0000000080023B34] -> 0x0213
mem[X,0x0000000080023B36] -> 0x0022
[4175] [M]: 0x0000000080023B34 (0x00220213) addi tp, tp, 0x2
x4 <- 0x0000000000000002
mem[X,0x0000000080023B38] -> 0x006F
mem[X,0x0000000080023B3A] -> 0x00C0
[4176] [M]: 0x0000000080023B38 (0x00C0006F) jal zero, 0xc
mem[X,0x0000000080023B44] -> 0x3823
mem[X,0x0000000080023B46] -> 0x0C41
[4177] [M]: 0x0000000080023B44 (0x0C413823) sd tp, 0xd0(sp)
mem[0x0000000080048A98] <- 0x0000000000000002
mem[X,0x0000000080023B48] -> 0x6537
mem[X,0x0000000080023B4A] -> 0x6666
[4178] [M]: 0x0000000080023B48 (0x66666537) lui a0, 0x66666
x10 <- 0x0000000066666000
mem[X,0x0000000080023B4C] -> 0x0513
mem[X,0x0000000080023B4E] -> 0x6665
[4179] [M]: 0x0000000080023B4C (0x66650513) addi a0, a0, 0x666
x10 <- 0x0000000066666666
mem[X,0x0000000080023B50] -> 0x1513
mem[X,0x0000000080023B52] -> 0x00B5
[4180] [M]: 0x0000000080023B50 (0x00B51513) slli a0, a0, 0xb
x10 <- 0x0000033333333000
mem[X,0x0000000080023B54] -> 0x0513
mem[X,0x0000000080023B56] -> 0x3335
[4181] [M]: 0x0000000080023B54 (0x33350513) addi a0, a0, 0x333
x10 <- 0x0000033333333333
mem[X,0x0000000080023B58] -> 0x1513
mem[X,0x0000000080023B5A] -> 0x00B5
[4182] [M]: 0x0000000080023B58 (0x00B51513) slli a0, a0, 0xb
x10 <- 0x0019999999999800
mem[X,0x0000000080023B5C] -> 0x0513
mem[X,0x0000000080023B5E] -> 0x1995
[4183] [M]: 0x0000000080023B5C (0x19950513) addi a0, a0, 0x199
x10 <- 0x0019999999999999
mem[X,0x0000000080023B60] -> 0x1513
mem[X,0x0000000080023B62] -> 0x00A5
[4184] [M]: 0x0000000080023B60 (0x00A51513) slli a0, a0, 0xa
x10 <- 0x6666666666666400
mem[X,0x0000000080023B64] -> 0x0513
mem[X,0x0000000080023B66] -> 0x2665
[4185] [M]: 0x0000000080023B64 (0x26650513) addi a0, a0, 0x266
x10 <- 0x6666666666666666
mem[X,0x0000000080023B68] -> 0x55B7
mem[X,0x0000000080023B6A] -> 0x5555
[4186] [M]: 0x0000000080023B68 (0x555555B7) lui a1, 0x55555
x11 <- 0x0000000055555000
mem[X,0x0000000080023B6C] -> 0x8593
mem[X,0x0000000080023B6E] -> 0x5555
[4187] [M]: 0x0000000080023B6C (0x55558593) addi a1, a1, 0x555
x11 <- 0x0000000055555555
mem[X,0x0000000080023B70] -> 0x9593
mem[X,0x0000000080023B72] -> 0x00B5
[4188] [M]: 0x0000000080023B70 (0x00B59593) slli a1, a1, 0xb
x11 <- 0x000002AAAAAAA800
mem[X,0x0000000080023B74] -> 0x8593
mem[X,0x0000000080023B76] -> 0x2AA5
[4189] [M]: 0x0000000080023B74 (0x2AA58593) addi a1, a1, 0x2aa
x11 <- 0x000002AAAAAAAAAA
mem[X,0x0000000080023B78] -> 0x9593
mem[X,0x0000000080023B7A] -> 0x00B5
[4190] [M]: 0x0000000080023B78 (0x00B59593) slli a1, a1, 0xb
x11 <- 0x0015555555555000
mem[X,0x0000000080023B7C] -> 0x8593
mem[X,0x0000000080023B7E] -> 0x5555
[4191] [M]: 0x0000000080023B7C (0x55558593) addi a1, a1, 0x555
x11 <- 0x0015555555555555
mem[X,0x0000000080023B80] -> 0x9593
mem[X,0x0000000080023B82] -> 0x00A5
[4192] [M]: 0x0000000080023B80 (0x00A59593) slli a1, a1, 0xa
x11 <- 0x5555555555555400
mem[X,0x0000000080023B84] -> 0x8593
mem[X,0x0000000080023B86] -> 0x1555
[4193] [M]: 0x0000000080023B84 (0x15558593) addi a1, a1, 0x155
x11 <- 0x5555555555555555
mem[X,0x0000000080023B88] -> 0x0213
mem[X,0x0000000080023B8A] -> 0x0000
[4194] [M]: 0x0000000080023B88 (0x00000213) addi tp, zero, 0x0
x4 <- 0x0000000000000000
mem[X,0x0000000080023B8C] -> 0x006F
mem[X,0x0000000080023B8E] -> 0x00C0
[4195] [M]: 0x0000000080023B8C (0x00C0006F) jal zero, 0xc
mem[X,0x0000000080023B98] -> 0x0CE3
mem[X,0x0000000080023B9A] -> 0xFEB5
[4196] [M]: 0x0000000080023B98 (0xFEB50CE3) beq a0, a1, -0x8
mem[X,0x0000000080023B9C] -> 0x0213
mem[X,0x0000000080023B9E] -> 0x0022
[4197] [M]: 0x0000000080023B9C (0x00220213) addi tp, tp, 0x2
x4 <- 0x0000000000000002
mem[X,0x0000000080023BA0] -> 0x006F
mem[X,0x0000000080023BA2] -> 0x00C0
[4198] [M]: 0x0000000080023BA0 (0x00C0006F) jal zero, 0xc
mem[X,0x0000000080023BAC] -> 0x3C23
mem[X,0x0000000080023BAE] -> 0x0C41
[4199] [M]: 0x0000000080023BAC (0x0C413C23) sd tp, 0xd8(sp)
mem[0x0000000080048AA0] <- 0x0000000000000002
clint::tick mtime <- 0x000000000000002A
 clint timer pending at mtime 0x000000000000002A
htif::tick 0x0000000000000000
mem[X,0x0000000080023BB0] -> 0x6537
mem[X,0x0000000080023BB2] -> 0x6666
[4200] [M]: 0x0000000080023BB0 (0x66666537) lui a0, 0x66666
x10 <- 0x0000000066666000
mem[X,0x0000000080023BB4] -> 0x0513
mem[X,0x0000000080023BB6] -> 0x6665
[4201] [M]: 0x0000000080023BB4 (0x66650513) addi a0, a0, 0x666
x10 <- 0x0000000066666666
mem[X,0x0000000080023BB8] -> 0x1513
mem[X,0x0000000080023BBA] -> 0x00B5
[4202] [M]: 0x0000000080023BB8 (0x00B51513) slli a0, a0, 0xb
x10 <- 0x0000033333333000
mem[X,0x0000000080023BBC] -> 0x0513
mem[X,0x0000000080023BBE] -> 0x3335
[4203] [M]: 0x0000000080023BBC (0x33350513) addi a0, a0, 0x333
x10 <- 0x0000033333333333
mem[X,0x0000000080023BC0] -> 0x1513
mem[X,0x0000000080023BC2] -> 0x00B5
[4204] [M]: 0x0000000080023BC0 (0x00B51513) slli a0, a0, 0xb
x10 <- 0x0019999999999800
mem[X,0x0000000080023BC4] -> 0x0513
mem[X,0x0000000080023BC6] -> 0x1995
[4205] [M]: 0x0000000080023BC4 (0x19950513) addi a0, a0, 0x199
x10 <- 0x0019999999999999
mem[X,0x0000000080023BC8] -> 0x1513
mem[X,0x0000000080023BCA] -> 0x00A5
[4206] [M]: 0x0000000080023BC8 (0x00A51513) slli a0, a0, 0xa
x10 <- 0x6666666666666400
mem[X,0x0000000080023BCC] -> 0x0513
mem[X,0x0000000080023BCE] -> 0x2665
[4207] [M]: 0x0000000080023BCC (0x26650513) addi a0, a0, 0x266
x10 <- 0x6666666666666666
mem[X,0x0000000080023BD0] -> 0xB5B7
mem[X,0x0000000080023BD2] -> 0xAAAA
[4208] [M]: 0x0000000080023BD0 (0xAAAAB5B7) lui a1, -0x55555
x11 <- 0xFFFFFFFFAAAAB000
mem[X,0x0000000080023BD4] -> 0x8593
mem[X,0x0000000080023BD6] -> 0xAAA5
[4209] [M]: 0x0000000080023BD4 (0xAAA58593) addi a1, a1, -0x556
x11 <- 0xFFFFFFFFAAAAAAAA
mem[X,0x0000000080023BD8] -> 0x9593
mem[X,0x0000000080023BDA] -> 0x00B5
[4210] [M]: 0x0000000080023BD8 (0x00B59593) slli a1, a1, 0xb
x11 <- 0xFFFFFD5555555000
mem[X,0x0000000080023BDC] -> 0x8593
mem[X,0x0000000080023BDE] -> 0x5555
[4211] [M]: 0x0000000080023BDC (0x55558593) addi a1, a1, 0x555
x11 <- 0xFFFFFD5555555555
mem[X,0x0000000080023BE0] -> 0x9593
mem[X,0x0000000080023BE2] -> 0x00B5
[4212] [M]: 0x0000000080023BE0 (0x00B59593) slli a1, a1, 0xb
x11 <- 0xFFEAAAAAAAAAA800
mem[X,0x0000000080023BE4] -> 0x8593
mem[X,0x0000000080023BE6] -> 0x2AA5
[4213] [M]: 0x0000000080023BE4 (0x2AA58593) addi a1, a1, 0x2aa
x11 <- 0xFFEAAAAAAAAAAAAA
mem[X,0x0000000080023BE8] -> 0x9593
mem[X,0x0000000080023BEA] -> 0x00A5
[4214] [M]: 0x0000000080023BE8 (0x00A59593) slli a1, a1, 0xa
x11 <- 0xAAAAAAAAAAAAA800
mem[X,0x0000000080023BEC] -> 0x8593
mem[X,0x0000000080023BEE] -> 0x2AA5
[4215] [M]: 0x0000000080023BEC (0x2AA58593) addi a1, a1, 0x2aa
x11 <- 0xAAAAAAAAAAAAAAAA
mem[X,0x0000000080023BF0] -> 0x0213
mem[X,0x0000000080023BF2] -> 0x0000
[4216] [M]: 0x0000000080023BF0 (0x00000213) addi tp, zero, 0x0
x4 <- 0x0000000000000000
mem[X,0x0000000080023BF4] -> 0x006F
mem[X,0x0000000080023BF6] -> 0x00C0
[4217] [M]: 0x0000000080023BF4 (0x00C0006F) jal zero, 0xc
mem[X,0x0000000080023C00] -> 0x0063
mem[X,0x0000000080023C02] -> 0x04B5
[4218] [M]: 0x0000000080023C00 (0x04B50063) beq a0, a1, 0x40
mem[X,0x0000000080023C04] -> 0x0213
mem[X,0x0000000080023C06] -> 0x0022
[4219] [M]: 0x0000000080023C04 (0x00220213) addi tp, tp, 0x2
x4 <- 0x0000000000000002
mem[X,0x0000000080023C08] -> 0x006F
mem[X,0x0000000080023C0A] -> 0x0400
[4220] [M]: 0x0000000080023C08 (0x0400006F) jal zero, 0x40
mem[X,0x0000000080023C48] -> 0x3023
mem[X,0x0000000080023C4A] -> 0x0E41
[4221] [M]: 0x0000000080023C48 (0x0E413023) sd tp, 0xe0(sp)
mem[0x0000000080048AA8] <- 0x0000000000000002
mem[X,0x0000000080023C4C] -> 0x6537
mem[X,0x0000000080023C4E] -> 0x6666
[4222] [M]: 0x0000000080023C4C (0x66666537) lui a0, 0x66666
x10 <- 0x0000000066666000
mem[X,0x0000000080023C50] -> 0x0513
mem[X,0x0000000080023C52] -> 0x6665
[4223] [M]: 0x0000000080023C50 (0x66650513) addi a0, a0, 0x666
x10 <- 0x0000000066666666
mem[X,0x0000000080023C54] -> 0x1513
mem[X,0x0000000080023C56] -> 0x00B5
[4224] [M]: 0x0000000080023C54 (0x00B51513) slli a0, a0, 0xb
x10 <- 0x0000033333333000
mem[X,0x0000000080023C58] -> 0x0513
mem[X,0x0000000080023C5A] -> 0x3335
[4225] [M]: 0x0000000080023C58 (0x33350513) addi a0, a0, 0x333
x10 <- 0x0000033333333333
mem[X,0x0000000080023C5C] -> 0x1513
mem[X,0x0000000080023C5E] -> 0x00B5
[4226] [M]: 0x0000000080023C5C (0x00B51513) slli a0, a0, 0xb
x10 <- 0x0019999999999800
mem[X,0x0000000080023C60] -> 0x0513
mem[X,0x0000000080023C62] -> 0x1995
[4227] [M]: 0x0000000080023C60 (0x19950513) addi a0, a0, 0x199
x10 <- 0x0019999999999999
mem[X,0x0000000080023C64] -> 0x1513
mem[X,0x0000000080023C66] -> 0x00A5
[4228] [M]: 0x0000000080023C64 (0x00A51513) slli a0, a0, 0xa
x10 <- 0x6666666666666400
mem[X,0x0000000080023C68] -> 0x0513
mem[X,0x0000000080023C6A] -> 0x2665
[4229] [M]: 0x0000000080023C68 (0x26650513) addi a0, a0, 0x266
x10 <- 0x6666666666666666
mem[X,0x0000000080023C6C] -> 0x0593
mem[X,0x0000000080023C6E] -> 0x0050
[4230] [M]: 0x0000000080023C6C (0x00500593) addi a1, zero, 0x5
x11 <- 0x0000000000000005
mem[X,0x0000000080023C70] -> 0x0213
mem[X,0x0000000080023C72] -> 0x0000
[4231] [M]: 0x0000000080023C70 (0x00000213) addi tp, zero, 0x0
x4 <- 0x0000000000000000
mem[X,0x0000000080023C74] -> 0x006F
mem[X,0x0000000080023C76] -> 0x00C0
[4232] [M]: 0x0000000080023C74 (0x00C0006F) jal zero, 0xc
mem[X,0x0000000080023C80] -> 0x0CE3
mem[X,0x0000000080023C82] -> 0xFEB5
[4233] [M]: 0x0000000080023C80 (0xFEB50CE3) beq a0, a1, -0x8
mem[X,0x0000000080023C84] -> 0x0213
mem[X,0x0000000080023C86] -> 0x0022
[4234] [M]: 0x0000000080023C84 (0x00220213) addi tp, tp, 0x2
x4 <- 0x0000000000000002
mem[X,0x0000000080023C88] -> 0x006F
mem[X,0x0000000080023C8A] -> 0x00C0
[4235] [M]: 0x0000000080023C88 (0x00C0006F) jal zero, 0xc
mem[X,0x0000000080023C94] -> 0x3423
mem[X,0x0000000080023C96] -> 0x0E41
[4236] [M]: 0x0000000080023C94 (0x0E413423) sd tp, 0xe8(sp)
mem[0x0000000080048AB0] <- 0x0000000000000002
mem[X,0x0000000080023C98] -> 0x6537
mem[X,0x0000000080023C9A] -> 0x6666
[4237] [M]: 0x0000000080023C98 (0x66666537) lui a0, 0x66666
x10 <- 0x0000000066666000
mem[X,0x0000000080023C9C] -> 0x0513
mem[X,0x0000000080023C9E] -> 0x6665
[4238] [M]: 0x0000000080023C9C (0x66650513) addi a0, a0, 0x666
x10 <- 0x0000000066666666
mem[X,0x0000000080023CA0] -> 0x1513
mem[X,0x0000000080023CA2] -> 0x00B5
[4239] [M]: 0x0000000080023CA0 (0x00B51513) slli a0, a0, 0xb
x10 <- 0x0000033333333000
mem[X,0x0000000080023CA4] -> 0x0513
mem[X,0x0000000080023CA6] -> 0x3335
[4240] [M]: 0x0000000080023CA4 (0x33350513) addi a0, a0, 0x333
x10 <- 0x0000033333333333
mem[X,0x0000000080023CA8] -> 0x1513
mem[X,0x0000000080023CAA] -> 0x00B5
[4241] [M]: 0x0000000080023CA8 (0x00B51513) slli a0, a0, 0xb
x10 <- 0x0019999999999800
mem[X,0x0000000080023CAC] -> 0x0513
mem[X,0x0000000080023CAE] -> 0x1995
[4242] [M]: 0x0000000080023CAC (0x19950513) addi a0, a0, 0x199
x10 <- 0x0019999999999999
mem[X,0x0000000080023CB0] -> 0x1513
mem[X,0x0000000080023CB2] -> 0x00A5
[4243] [M]: 0x0000000080023CB0 (0x00A51513) slli a0, a0, 0xa
x10 <- 0x6666666666666400
mem[X,0x0000000080023CB4] -> 0x0513
mem[X,0x0000000080023CB6] -> 0x2665
[4244] [M]: 0x0000000080023CB4 (0x26650513) addi a0, a0, 0x266
x10 <- 0x6666666666666666
mem[X,0x0000000080023CB8] -> 0x35B7
mem[X,0x0000000080023CBA] -> 0x3333
[4245] [M]: 0x0000000080023CB8 (0x333335B7) lui a1, 0x33333
x11 <- 0x0000000033333000
mem[X,0x0000000080023CBC] -> 0x8593
mem[X,0x0000000080023CBE] -> 0x3335
[4246] [M]: 0x0000000080023CBC (0x33358593) addi a1, a1, 0x333
x11 <- 0x0000000033333333
mem[X,0x0000000080023CC0] -> 0x9593
mem[X,0x0000000080023CC2] -> 0x00B5
[4247] [M]: 0x0000000080023CC0 (0x00B59593) slli a1, a1, 0xb
x11 <- 0x0000019999999800
mem[X,0x0000000080023CC4] -> 0x8593
mem[X,0x0000000080023CC6] -> 0x1995
[4248] [M]: 0x0000000080023CC4 (0x19958593) addi a1, a1, 0x199
x11 <- 0x0000019999999999
mem[X,0x0000000080023CC8] -> 0x9593
mem[X,0x0000000080023CCA] -> 0x00B5
[4249] [M]: 0x0000000080023CC8 (0x00B59593) slli a1, a1, 0xb
x11 <- 0x000CCCCCCCCCC800
mem[X,0x0000000080023CCC] -> 0x8593
mem[X,0x0000000080023CCE] -> 0x4CC5
[4250] [M]: 0x0000000080023CCC (0x4CC58593) addi a1, a1, 0x4cc
x11 <- 0x000CCCCCCCCCCCCC
mem[X,0x0000000080023CD0] -> 0x9593
mem[X,0x0000000080023CD2] -> 0x00A5
[4251] [M]: 0x0000000080023CD0 (0x00A59593) slli a1, a1, 0xa
x11 <- 0x3333333333333000
mem[X,0x0000000080023CD4] -> 0x8593
mem[X,0x0000000080023CD6] -> 0x3335
[4252] [M]: 0x0000000080023CD4 (0x33358593) addi a1, a1, 0x333
x11 <- 0x3333333333333333
mem[X,0x0000000080023CD8] -> 0x0213
mem[X,0x0000000080023CDA] -> 0x0000
[4253] [M]: 0x0000000080023CD8 (0x00000213) addi tp, zero, 0x0
x4 <- 0x0000000000000000
mem[X,0x0000000080023CDC] -> 0x006F
mem[X,0x0000000080023CDE] -> 0x00C0
[4254] [M]: 0x0000000080023CDC (0x00C0006F) jal zero, 0xc
mem[X,0x0000000080023CE8] -> 0x0863
mem[X,0x0000000080023CEA] -> 0x00B5
[4255] [M]: 0x0000000080023CE8 (0x00B50863) beq a0, a1, 0x10
mem[X,0x0000000080023CEC] -> 0x0213
mem[X,0x0000000080023CEE] -> 0x0022
[4256] [M]: 0x0000000080023CEC (0x00220213) addi tp, tp, 0x2
x4 <- 0x0000000000000002
mem[X,0x0000000080023CF0] -> 0x006F
mem[X,0x0000000080023CF2] -> 0x0100
[4257] [M]: 0x0000000080023CF0 (0x0100006F) jal zero, 0x10
mem[X,0x0000000080023D00] -> 0x3823
mem[X,0x0000000080023D02] -> 0x0E41
[4258] [M]: 0x0000000080023D00 (0x0E413823) sd tp, 0xf0(sp)
mem[0x0000000080048AB8] <- 0x0000000000000002
mem[X,0x0000000080023D04] -> 0x6537
mem[X,0x0000000080023D06] -> 0x6666
[4259] [M]: 0x0000000080023D04 (0x66666537) lui a0, 0x66666
x10 <- 0x0000000066666000
mem[X,0x0000000080023D08] -> 0x0513
mem[X,0x0000000080023D0A] -> 0x6665
[4260] [M]: 0x0000000080023D08 (0x66650513) addi a0, a0, 0x666
x10 <- 0x0000000066666666
mem[X,0x0000000080023D0C] -> 0x1513
mem[X,0x0000000080023D0E] -> 0x00B5
[4261] [M]: 0x0000000080023D0C (0x00B51513) slli a0, a0, 0xb
x10 <- 0x0000033333333000
mem[X,0x0000000080023D10] -> 0x0513
mem[X,0x0000000080023D12] -> 0x3335
[4262] [M]: 0x0000000080023D10 (0x33350513) addi a0, a0, 0x333
x10 <- 0x0000033333333333
mem[X,0x0000000080023D14] -> 0x1513
mem[X,0x0000000080023D16] -> 0x00B5
[4263] [M]: 0x0000000080023D14 (0x00B51513) slli a0, a0, 0xb
x10 <- 0x0019999999999800
mem[X,0x0000000080023D18] -> 0x0513
mem[X,0x0000000080023D1A] -> 0x1995
[4264] [M]: 0x0000000080023D18 (0x19950513) addi a0, a0, 0x199
x10 <- 0x0019999999999999
mem[X,0x0000000080023D1C] -> 0x1513
mem[X,0x0000000080023D1E] -> 0x00A5
[4265] [M]: 0x0000000080023D1C (0x00A51513) slli a0, a0, 0xa
x10 <- 0x6666666666666400
mem[X,0x0000000080023D20] -> 0x0513
mem[X,0x0000000080023D22] -> 0x2665
[4266] [M]: 0x0000000080023D20 (0x26650513) addi a0, a0, 0x266
x10 <- 0x6666666666666666
mem[X,0x0000000080023D24] -> 0x65B7
mem[X,0x0000000080023D26] -> 0x6666
[4267] [M]: 0x0000000080023D24 (0x666665B7) lui a1, 0x66666
x11 <- 0x0000000066666000
mem[X,0x0000000080023D28] -> 0x8593
mem[X,0x0000000080023D2A] -> 0x6665
[4268] [M]: 0x0000000080023D28 (0x66658593) addi a1, a1, 0x666
x11 <- 0x0000000066666666
mem[X,0x0000000080023D2C] -> 0x9593
mem[X,0x0000000080023D2E] -> 0x00B5
[4269] [M]: 0x0000000080023D2C (0x00B59593) slli a1, a1, 0xb
x11 <- 0x0000033333333000
mem[X,0x0000000080023D30] -> 0x8593
mem[X,0x0000000080023D32] -> 0x3335
[4270] [M]: 0x0000000080023D30 (0x33358593) addi a1, a1, 0x333
x11 <- 0x0000033333333333
mem[X,0x0000000080023D34] -> 0x9593
mem[X,0x0000000080023D36] -> 0x00B5
[4271] [M]: 0x0000000080023D34 (0x00B59593) slli a1, a1, 0xb
x11 <- 0x0019999999999800
mem[X,0x0000000080023D38] -> 0x8593
mem[X,0x0000000080023D3A] -> 0x1995
[4272] [M]: 0x0000000080023D38 (0x19958593) addi a1, a1, 0x199
x11 <- 0x0019999999999999
mem[X,0x0000000080023D3C] -> 0x9593
mem[X,0x0000000080023D3E] -> 0x00A5
[4273] [M]: 0x0000000080023D3C (0x00A59593) slli a1, a1, 0xa
x11 <- 0x6666666666666400
mem[X,0x0000000080023D40] -> 0x8593
mem[X,0x0000000080023D42] -> 0x2665
[4274] [M]: 0x0000000080023D40 (0x26658593) addi a1, a1, 0x266
x11 <- 0x6666666666666666
mem[X,0x0000000080023D44] -> 0x0213
mem[X,0x0000000080023D46] -> 0x0000
[4275] [M]: 0x0000000080023D44 (0x00000213) addi tp, zero, 0x0
x4 <- 0x0000000000000000
mem[X,0x0000000080023D48] -> 0x006F
mem[X,0x0000000080023D4A] -> 0x00C0
[4276] [M]: 0x0000000080023D48 (0x00C0006F) jal zero, 0xc
mem[X,0x0000000080023D54] -> 0x0063
mem[X,0x0000000080023D56] -> 0x02B5
[4277] [M]: 0x0000000080023D54 (0x02B50063) beq a0, a1, 0x20
mem[X,0x0000000080023D74] -> 0x0213
mem[X,0x0000000080023D76] -> 0x0032
[4278] [M]: 0x0000000080023D74 (0x00320213) addi tp, tp, 0x3
x4 <- 0x0000000000000003
mem[X,0x0000000080023D78] -> 0x006F
mem[X,0x0000000080023D7A] -> 0x0040
[4279] [M]: 0x0000000080023D78 (0x0040006F) jal zero, 0x4
mem[X,0x0000000080023D7C] -> 0x3C23
mem[X,0x0000000080023D7E] -> 0x0E41
[4280] [M]: 0x0000000080023D7C (0x0E413C23) sd tp, 0xf8(sp)
mem[0x0000000080048AC0] <- 0x0000000000000003
mem[X,0x0000000080023D80] -> 0x6537
mem[X,0x0000000080023D82] -> 0x6666
[4281] [M]: 0x0000000080023D80 (0x66666537) lui a0, 0x66666
x10 <- 0x0000000066666000
mem[X,0x0000000080023D84] -> 0x0513
mem[X,0x0000000080023D86] -> 0x6665
[4282] [M]: 0x0000000080023D84 (0x66650513) addi a0, a0, 0x666
x10 <- 0x0000000066666666
mem[X,0x0000000080023D88] -> 0x1513
mem[X,0x0000000080023D8A] -> 0x00B5
[4283] [M]: 0x0000000080023D88 (0x00B51513) slli a0, a0, 0xb
x10 <- 0x0000033333333000
mem[X,0x0000000080023D8C] -> 0x0513
mem[X,0x0000000080023D8E] -> 0x3335
[4284] [M]: 0x0000000080023D8C (0x33350513) addi a0, a0, 0x333
x10 <- 0x0000033333333333
mem[X,0x0000000080023D90] -> 0x1513
mem[X,0x0000000080023D92] -> 0x00B5
[4285] [M]: 0x0000000080023D90 (0x00B51513) slli a0, a0, 0xb
x10 <- 0x0019999999999800
mem[X,0x0000000080023D94] -> 0x0513
mem[X,0x0000000080023D96] -> 0x1995
[4286] [M]: 0x0000000080023D94 (0x19950513) addi a0, a0, 0x199
x10 <- 0x0019999999999999
mem[X,0x0000000080023D98] -> 0x1513
mem[X,0x0000000080023D9A] -> 0x00A5
[4287] [M]: 0x0000000080023D98 (0x00A51513) slli a0, a0, 0xa
x10 <- 0x6666666666666400
mem[X,0x0000000080023D9C] -> 0x0513
mem[X,0x0000000080023D9E] -> 0x2665
[4288] [M]: 0x0000000080023D9C (0x26650513) addi a0, a0, 0x266
x10 <- 0x6666666666666666
mem[X,0x0000000080023DA0] -> 0x05B7
mem[X,0x0000000080023DA2] -> 0x0000
[4289] [M]: 0x0000000080023DA0 (0x000005B7) lui a1, 0x0
x11 <- 0x0000000000000000
mem[X,0x0000000080023DA4] -> 0x8593
mem[X,0x0000000080023DA6] -> 0xFFF5
[4290] [M]: 0x0000000080023DA4 (0xFFF58593) addi a1, a1, -0x1
x11 <- 0xFFFFFFFFFFFFFFFF
mem[X,0x0000000080023DA8] -> 0x9593
mem[X,0x0000000080023DAA] -> 0x00B5
[4291] [M]: 0x0000000080023DA8 (0x00B59593) slli a1, a1, 0xb
x11 <- 0xFFFFFFFFFFFFF800
mem[X,0x0000000080023DAC] -> 0x8593
mem[X,0x0000000080023DAE] -> 0x2575
[4292] [M]: 0x0000000080023DAC (0x25758593) addi a1, a1, 0x257
x11 <- 0xFFFFFFFFFFFFFA57
mem[X,0x0000000080023DB0] -> 0x9593
mem[X,0x0000000080023DB2] -> 0x00B5
[4293] [M]: 0x0000000080023DB0 (0x00B59593) slli a1, a1, 0xb
x11 <- 0xFFFFFFFFFFD2B800
mem[X,0x0000000080023DB4] -> 0x8593
mem[X,0x0000000080023DB6] -> 0x6C35
[4294] [M]: 0x0000000080023DB4 (0x6C358593) addi a1, a1, 0x6c3
x11 <- 0xFFFFFFFFFFD2BEC3
mem[X,0x0000000080023DB8] -> 0x9593
mem[X,0x0000000080023DBA] -> 0x00A5
[4295] [M]: 0x0000000080023DB8 (0x00A59593) slli a1, a1, 0xa
x11 <- 0xFFFFFFFF4AFB0C00
mem[X,0x0000000080023DBC] -> 0x8593
mem[X,0x0000000080023DBE] -> 0x0CD5
[4296] [M]: 0x0000000080023DBC (0x0CD58593) addi a1, a1, 0xcd
x11 <- 0xFFFFFFFF4AFB0CCD
mem[X,0x0000000080023DC0] -> 0x0213
mem[X,0x0000000080023DC2] -> 0x0000
[4297] [M]: 0x0000000080023DC0 (0x00000213) addi tp, zero, 0x0
x4 <- 0x0000000000000000
mem[X,0x0000000080023DC4] -> 0x006F
mem[X,0x0000000080023DC6] -> 0x0140
[4298] [M]: 0x0000000080023DC4 (0x0140006F) jal zero, 0x14
mem[X,0x0000000080023DD8] -> 0x08E3
mem[X,0x0000000080023DDA] -> 0xFEB5
[4299] [M]: 0x0000000080023DD8 (0xFEB508E3) beq a0, a1, -0x10
clint::tick mtime <- 0x000000000000002B
 clint timer pending at mtime 0x000000000000002B
htif::tick 0x0000000000000000
mem[X,0x0000000080023DDC] -> 0x0213
mem[X,0x0000000080023DDE] -> 0x0022
[4300] [M]: 0x0000000080023DDC (0x00220213) addi tp, tp, 0x2
x4 <- 0x0000000000000002
mem[X,0x0000000080023DE0] -> 0x006F
mem[X,0x0000000080023DE2] -> 0x00C0
[4301] [M]: 0x0000000080023DE0 (0x00C0006F) jal zero, 0xc
mem[X,0x0000000080023DEC] -> 0x3023
mem[X,0x0000000080023DEE] -> 0x1041
[4302] [M]: 0x0000000080023DEC (0x10413023) sd tp, 0x100(sp)
mem[0x0000000080048AC8] <- 0x0000000000000002
mem[X,0x0000000080023DF0] -> 0x6537
mem[X,0x0000000080023DF2] -> 0x6666
[4303] [M]: 0x0000000080023DF0 (0x66666537) lui a0, 0x66666
x10 <- 0x0000000066666000
mem[X,0x0000000080023DF4] -> 0x0513
mem[X,0x0000000080023DF6] -> 0x6665
[4304] [M]: 0x0000000080023DF4 (0x66650513) addi a0, a0, 0x666
x10 <- 0x0000000066666666
mem[X,0x0000000080023DF8] -> 0x1513
mem[X,0x0000000080023DFA] -> 0x00B5
[4305] [M]: 0x0000000080023DF8 (0x00B51513) slli a0, a0, 0xb
x10 <- 0x0000033333333000
mem[X,0x0000000080023DFC] -> 0x0513
mem[X,0x0000000080023DFE] -> 0x3335
[4306] [M]: 0x0000000080023DFC (0x33350513) addi a0, a0, 0x333
x10 <- 0x0000033333333333
mem[X,0x0000000080023E00] -> 0x1513
mem[X,0x0000000080023E02] -> 0x00B5
[4307] [M]: 0x0000000080023E00 (0x00B51513) slli a0, a0, 0xb
x10 <- 0x0019999999999800
mem[X,0x0000000080023E04] -> 0x0513
mem[X,0x0000000080023E06] -> 0x1995
[4308] [M]: 0x0000000080023E04 (0x19950513) addi a0, a0, 0x199
x10 <- 0x0019999999999999
mem[X,0x0000000080023E08] -> 0x1513
mem[X,0x0000000080023E0A] -> 0x00A5
[4309] [M]: 0x0000000080023E08 (0x00A51513) slli a0, a0, 0xa
x10 <- 0x6666666666666400
mem[X,0x0000000080023E0C] -> 0x0513
mem[X,0x0000000080023E0E] -> 0x2665
[4310] [M]: 0x0000000080023E0C (0x26650513) addi a0, a0, 0x266
x10 <- 0x6666666666666666
mem[X,0x0000000080023E10] -> 0x05B7
mem[X,0x0000000080023E12] -> 0x0000
[4311] [M]: 0x0000000080023E10 (0x000005B7) lui a1, 0x0
x11 <- 0x0000000000000000
mem[X,0x0000000080023E14] -> 0x8593
mem[X,0x0000000080023E16] -> 0x0005
[4312] [M]: 0x0000000080023E14 (0x00058593) addi a1, a1, 0x0
x11 <- 0x0000000000000000
mem[X,0x0000000080023E18] -> 0x9593
mem[X,0x0000000080023E1A] -> 0x00B5
[4313] [M]: 0x0000000080023E18 (0x00B59593) slli a1, a1, 0xb
x11 <- 0x0000000000000000
mem[X,0x0000000080023E1C] -> 0x8593
mem[X,0x0000000080023E1E] -> 0x5A85
[4314] [M]: 0x0000000080023E1C (0x5A858593) addi a1, a1, 0x5a8
x11 <- 0x00000000000005A8
mem[X,0x0000000080023E20] -> 0x9593
mem[X,0x0000000080023E22] -> 0x00B5
[4315] [M]: 0x0000000080023E20 (0x00B59593) slli a1, a1, 0xb
x11 <- 0x00000000002D4000
mem[X,0x0000000080023E24] -> 0x8593
mem[X,0x0000000080023E26] -> 0x13C5
[4316] [M]: 0x0000000080023E24 (0x13C58593) addi a1, a1, 0x13c
x11 <- 0x00000000002D413C
mem[X,0x0000000080023E28] -> 0x9593
mem[X,0x0000000080023E2A] -> 0x00A5
[4317] [M]: 0x0000000080023E28 (0x00A59593) slli a1, a1, 0xa
x11 <- 0x00000000B504F000
mem[X,0x0000000080023E2C] -> 0x8593
mem[X,0x0000000080023E2E] -> 0x3335
[4318] [M]: 0x0000000080023E2C (0x33358593) addi a1, a1, 0x333
x11 <- 0x00000000B504F333
mem[X,0x0000000080023E30] -> 0x0213
mem[X,0x0000000080023E32] -> 0x0000
[4319] [M]: 0x0000000080023E30 (0x00000213) addi tp, zero, 0x0
x4 <- 0x0000000000000000
mem[X,0x0000000080023E34] -> 0x006F
mem[X,0x0000000080023E36] -> 0x00C0
[4320] [M]: 0x0000000080023E34 (0x00C0006F) jal zero, 0xc
mem[X,0x0000000080023E40] -> 0x0663
mem[X,0x0000000080023E42] -> 0x00B5
[4321] [M]: 0x0000000080023E40 (0x00B50663) beq a0, a1, 0xc
mem[X,0x0000000080023E44] -> 0x0213
mem[X,0x0000000080023E46] -> 0x0022
[4322] [M]: 0x0000000080023E44 (0x00220213) addi tp, tp, 0x2
x4 <- 0x0000000000000002
mem[X,0x0000000080023E48] -> 0x006F
mem[X,0x0000000080023E4A] -> 0x00C0
[4323] [M]: 0x0000000080023E48 (0x00C0006F) jal zero, 0xc
mem[X,0x0000000080023E54] -> 0x3423
mem[X,0x0000000080023E56] -> 0x1041
[4324] [M]: 0x0000000080023E54 (0x10413423) sd tp, 0x108(sp)
mem[0x0000000080048AD0] <- 0x0000000000000002
mem[X,0x0000000080023E58] -> 0x6537
mem[X,0x0000000080023E5A] -> 0x6666
[4325] [M]: 0x0000000080023E58 (0x66666537) lui a0, 0x66666
x10 <- 0x0000000066666000
mem[X,0x0000000080023E5C] -> 0x0513
mem[X,0x0000000080023E5E] -> 0x6665
[4326] [M]: 0x0000000080023E5C (0x66650513) addi a0, a0, 0x666
x10 <- 0x0000000066666666
mem[X,0x0000000080023E60] -> 0x1513
mem[X,0x0000000080023E62] -> 0x00B5
[4327] [M]: 0x0000000080023E60 (0x00B51513) slli a0, a0, 0xb
x10 <- 0x0000033333333000
mem[X,0x0000000080023E64] -> 0x0513
mem[X,0x0000000080023E66] -> 0x3335
[4328] [M]: 0x0000000080023E64 (0x33350513) addi a0, a0, 0x333
x10 <- 0x0000033333333333
mem[X,0x0000000080023E68] -> 0x1513
mem[X,0x0000000080023E6A] -> 0x00B5
[4329] [M]: 0x0000000080023E68 (0x00B51513) slli a0, a0, 0xb
x10 <- 0x0019999999999800
mem[X,0x0000000080023E6C] -> 0x0513
mem[X,0x0000000080023E6E] -> 0x1995
[4330] [M]: 0x0000000080023E6C (0x19950513) addi a0, a0, 0x199
x10 <- 0x0019999999999999
mem[X,0x0000000080023E70] -> 0x1513
mem[X,0x0000000080023E72] -> 0x00A5
[4331] [M]: 0x0000000080023E70 (0x00A51513) slli a0, a0, 0xa
x10 <- 0x6666666666666400
mem[X,0x0000000080023E74] -> 0x0513
mem[X,0x0000000080023E76] -> 0x2665
[4332] [M]: 0x0000000080023E74 (0x26650513) addi a0, a0, 0x266
x10 <- 0x6666666666666666
mem[X,0x0000000080023E78] -> 0x0593
mem[X,0x0000000080023E7A] -> 0x0020
[4333] [M]: 0x0000000080023E78 (0x00200593) addi a1, zero, 0x2
x11 <- 0x0000000000000002
mem[X,0x0000000080023E7C] -> 0x0213
mem[X,0x0000000080023E7E] -> 0x0000
[4334] [M]: 0x0000000080023E7C (0x00000213) addi tp, zero, 0x0
x4 <- 0x0000000000000000
mem[X,0x0000000080023E80] -> 0x006F
mem[X,0x0000000080023E82] -> 0x00C0
[4335] [M]: 0x0000000080023E80 (0x00C0006F) jal zero, 0xc
mem[X,0x0000000080023E8C] -> 0x0663
mem[X,0x0000000080023E8E] -> 0x00B5
[4336] [M]: 0x0000000080023E8C (0x00B50663) beq a0, a1, 0xc
mem[X,0x0000000080023E90] -> 0x0213
mem[X,0x0000000080023E92] -> 0x0022
[4337] [M]: 0x0000000080023E90 (0x00220213) addi tp, tp, 0x2
x4 <- 0x0000000000000002
mem[X,0x0000000080023E94] -> 0x006F
mem[X,0x0000000080023E96] -> 0x00C0
[4338] [M]: 0x0000000080023E94 (0x00C0006F) jal zero, 0xc
mem[X,0x0000000080023EA0] -> 0x3823
mem[X,0x0000000080023EA2] -> 0x1041
[4339] [M]: 0x0000000080023EA0 (0x10413823) sd tp, 0x110(sp)
mem[0x0000000080048AD8] <- 0x0000000000000002
mem[X,0x0000000080023EA4] -> 0x6537
mem[X,0x0000000080023EA6] -> 0x6666
[4340] [M]: 0x0000000080023EA4 (0x66666537) lui a0, 0x66666
x10 <- 0x0000000066666000
mem[X,0x0000000080023EA8] -> 0x0513
mem[X,0x0000000080023EAA] -> 0x6665
[4341] [M]: 0x0000000080023EA8 (0x66650513) addi a0, a0, 0x666
x10 <- 0x0000000066666666
mem[X,0x0000000080023EAC] -> 0x1513
mem[X,0x0000000080023EAE] -> 0x00B5
[4342] [M]: 0x0000000080023EAC (0x00B51513) slli a0, a0, 0xb
x10 <- 0x0000033333333000
mem[X,0x0000000080023EB0] -> 0x0513
mem[X,0x0000000080023EB2] -> 0x3335
[4343] [M]: 0x0000000080023EB0 (0x33350513) addi a0, a0, 0x333
x10 <- 0x0000033333333333
mem[X,0x0000000080023EB4] -> 0x1513
mem[X,0x0000000080023EB6] -> 0x00B5
[4344] [M]: 0x0000000080023EB4 (0x00B51513) slli a0, a0, 0xb
x10 <- 0x0019999999999800
mem[X,0x0000000080023EB8] -> 0x0513
mem[X,0x0000000080023EBA] -> 0x1995
[4345] [M]: 0x0000000080023EB8 (0x19950513) addi a0, a0, 0x199
x10 <- 0x0019999999999999
mem[X,0x0000000080023EBC] -> 0x1513
mem[X,0x0000000080023EBE] -> 0x00A5
[4346] [M]: 0x0000000080023EBC (0x00A51513) slli a0, a0, 0xa
x10 <- 0x6666666666666400
mem[X,0x0000000080023EC0] -> 0x0513
mem[X,0x0000000080023EC2] -> 0x2665
[4347] [M]: 0x0000000080023EC0 (0x26650513) addi a0, a0, 0x266
x10 <- 0x6666666666666666
mem[X,0x0000000080023EC4] -> 0x55B7
mem[X,0x0000000080023EC6] -> 0x5555
[4348] [M]: 0x0000000080023EC4 (0x555555B7) lui a1, 0x55555
x11 <- 0x0000000055555000
mem[X,0x0000000080023EC8] -> 0x8593
mem[X,0x0000000080023ECA] -> 0x5555
[4349] [M]: 0x0000000080023EC8 (0x55558593) addi a1, a1, 0x555
x11 <- 0x0000000055555555
mem[X,0x0000000080023ECC] -> 0x9593
mem[X,0x0000000080023ECE] -> 0x00B5
[4350] [M]: 0x0000000080023ECC (0x00B59593) slli a1, a1, 0xb
x11 <- 0x000002AAAAAAA800
mem[X,0x0000000080023ED0] -> 0x8593
mem[X,0x0000000080023ED2] -> 0x2AA5
[4351] [M]: 0x0000000080023ED0 (0x2AA58593) addi a1, a1, 0x2aa
x11 <- 0x000002AAAAAAAAAA
mem[X,0x0000000080023ED4] -> 0x9593
mem[X,0x0000000080023ED6] -> 0x00B5
[4352] [M]: 0x0000000080023ED4 (0x00B59593) slli a1, a1, 0xb
x11 <- 0x0015555555555000
mem[X,0x0000000080023ED8] -> 0x8593
mem[X,0x0000000080023EDA] -> 0x5555
[4353] [M]: 0x0000000080023ED8 (0x55558593) addi a1, a1, 0x555
x11 <- 0x0015555555555555
mem[X,0x0000000080023EDC] -> 0x9593
mem[X,0x0000000080023EDE] -> 0x00A5
[4354] [M]: 0x0000000080023EDC (0x00A59593) slli a1, a1, 0xa
x11 <- 0x5555555555555400
mem[X,0x0000000080023EE0] -> 0x8593
mem[X,0x0000000080023EE2] -> 0x1545
[4355] [M]: 0x0000000080023EE0 (0x15458593) addi a1, a1, 0x154
x11 <- 0x5555555555555554
mem[X,0x0000000080023EE4] -> 0x0213
mem[X,0x0000000080023EE6] -> 0x0000
[4356] [M]: 0x0000000080023EE4 (0x00000213) addi tp, zero, 0x0
x4 <- 0x0000000000000000
mem[X,0x0000000080023EE8] -> 0x006F
mem[X,0x0000000080023EEA] -> 0x00C0
[4357] [M]: 0x0000000080023EE8 (0x00C0006F) jal zero, 0xc
mem[X,0x0000000080023EF4] -> 0x0CE3
mem[X,0x0000000080023EF6] -> 0xFEB5
[4358] [M]: 0x0000000080023EF4 (0xFEB50CE3) beq a0, a1, -0x8
mem[X,0x0000000080023EF8] -> 0x0213
mem[X,0x0000000080023EFA] -> 0x0022
[4359] [M]: 0x0000000080023EF8 (0x00220213) addi tp, tp, 0x2
x4 <- 0x0000000000000002
mem[X,0x0000000080023EFC] -> 0x006F
mem[X,0x0000000080023EFE] -> 0x00C0
[4360] [M]: 0x0000000080023EFC (0x00C0006F) jal zero, 0xc
mem[X,0x0000000080023F08] -> 0x3C23
mem[X,0x0000000080023F0A] -> 0x1041
[4361] [M]: 0x0000000080023F08 (0x10413C23) sd tp, 0x118(sp)
mem[0x0000000080048AE0] <- 0x0000000000000002
mem[X,0x0000000080023F0C] -> 0x6537
mem[X,0x0000000080023F0E] -> 0x6666
[4362] [M]: 0x0000000080023F0C (0x66666537) lui a0, 0x66666
x10 <- 0x0000000066666000
mem[X,0x0000000080023F10] -> 0x0513
mem[X,0x0000000080023F12] -> 0x6665
[4363] [M]: 0x0000000080023F10 (0x66650513) addi a0, a0, 0x666
x10 <- 0x0000000066666666
mem[X,0x0000000080023F14] -> 0x1513
mem[X,0x0000000080023F16] -> 0x00B5
[4364] [M]: 0x0000000080023F14 (0x00B51513) slli a0, a0, 0xb
x10 <- 0x0000033333333000
mem[X,0x0000000080023F18] -> 0x0513
mem[X,0x0000000080023F1A] -> 0x3335
[4365] [M]: 0x0000000080023F18 (0x33350513) addi a0, a0, 0x333
x10 <- 0x0000033333333333
mem[X,0x0000000080023F1C] -> 0x1513
mem[X,0x0000000080023F1E] -> 0x00B5
[4366] [M]: 0x0000000080023F1C (0x00B51513) slli a0, a0, 0xb
x10 <- 0x0019999999999800
mem[X,0x0000000080023F20] -> 0x0513
mem[X,0x0000000080023F22] -> 0x1995
[4367] [M]: 0x0000000080023F20 (0x19950513) addi a0, a0, 0x199
x10 <- 0x0019999999999999
mem[X,0x0000000080023F24] -> 0x1513
mem[X,0x0000000080023F26] -> 0x00A5
[4368] [M]: 0x0000000080023F24 (0x00A51513) slli a0, a0, 0xa
x10 <- 0x6666666666666400
mem[X,0x0000000080023F28] -> 0x0513
mem[X,0x0000000080023F2A] -> 0x2665
[4369] [M]: 0x0000000080023F28 (0x26650513) addi a0, a0, 0x266
x10 <- 0x6666666666666666
mem[X,0x0000000080023F2C] -> 0x0593
mem[X,0x0000000080023F2E] -> 0x0000
[4370] [M]: 0x0000000080023F2C (0x00000593) addi a1, zero, 0x0
x11 <- 0x0000000000000000
mem[X,0x0000000080023F30] -> 0x0213
mem[X,0x0000000080023F32] -> 0x0000
[4371] [M]: 0x0000000080023F30 (0x00000213) addi tp, zero, 0x0
x4 <- 0x0000000000000000
mem[X,0x0000000080023F34] -> 0x006F
mem[X,0x0000000080023F36] -> 0x00C0
[4372] [M]: 0x0000000080023F34 (0x00C0006F) jal zero, 0xc
mem[X,0x0000000080023F40] -> 0x0663
mem[X,0x0000000080023F42] -> 0x00B5
[4373] [M]: 0x0000000080023F40 (0x00B50663) beq a0, a1, 0xc
mem[X,0x0000000080023F44] -> 0x0213
mem[X,0x0000000080023F46] -> 0x0022
[4374] [M]: 0x0000000080023F44 (0x00220213) addi tp, tp, 0x2
x4 <- 0x0000000000000002
mem[X,0x0000000080023F48] -> 0x006F
mem[X,0x0000000080023F4A] -> 0x00C0
[4375] [M]: 0x0000000080023F48 (0x00C0006F) jal zero, 0xc
mem[X,0x0000000080023F54] -> 0x3023
mem[X,0x0000000080023F56] -> 0x1241
[4376] [M]: 0x0000000080023F54 (0x12413023) sd tp, 0x120(sp)
mem[0x0000000080048AE8] <- 0x0000000000000002
mem[X,0x0000000080023F58] -> 0x6537
mem[X,0x0000000080023F5A] -> 0x6666
[4377] [M]: 0x0000000080023F58 (0x66666537) lui a0, 0x66666
x10 <- 0x0000000066666000
mem[X,0x0000000080023F5C] -> 0x0513
mem[X,0x0000000080023F5E] -> 0x6665
[4378] [M]: 0x0000000080023F5C (0x66650513) addi a0, a0, 0x666
x10 <- 0x0000000066666666
mem[X,0x0000000080023F60] -> 0x1513
mem[X,0x0000000080023F62] -> 0x00B5
[4379] [M]: 0x0000000080023F60 (0x00B51513) slli a0, a0, 0xb
x10 <- 0x0000033333333000
mem[X,0x0000000080023F64] -> 0x0513
mem[X,0x0000000080023F66] -> 0x3335
[4380] [M]: 0x0000000080023F64 (0x33350513) addi a0, a0, 0x333
x10 <- 0x0000033333333333
mem[X,0x0000000080023F68] -> 0x1513
mem[X,0x0000000080023F6A] -> 0x00B5
[4381] [M]: 0x0000000080023F68 (0x00B51513) slli a0, a0, 0xb
x10 <- 0x0019999999999800
mem[X,0x0000000080023F6C] -> 0x0513
mem[X,0x0000000080023F6E] -> 0x1995
[4382] [M]: 0x0000000080023F6C (0x19950513) addi a0, a0, 0x199
x10 <- 0x0019999999999999
mem[X,0x0000000080023F70] -> 0x1513
mem[X,0x0000000080023F72] -> 0x00A5
[4383] [M]: 0x0000000080023F70 (0x00A51513) slli a0, a0, 0xa
x10 <- 0x6666666666666400
mem[X,0x0000000080023F74] -> 0x0513
mem[X,0x0000000080023F76] -> 0x2665
[4384] [M]: 0x0000000080023F74 (0x26650513) addi a0, a0, 0x266
x10 <- 0x6666666666666666
mem[X,0x0000000080023F78] -> 0x0593
mem[X,0x0000000080023F7A] -> 0x0040
[4385] [M]: 0x0000000080023F78 (0x00400593) addi a1, zero, 0x4
x11 <- 0x0000000000000004
mem[X,0x0000000080023F7C] -> 0x0213
mem[X,0x0000000080023F7E] -> 0x0000
[4386] [M]: 0x0000000080023F7C (0x00000213) addi tp, zero, 0x0
x4 <- 0x0000000000000000
mem[X,0x0000000080023F80] -> 0x006F
mem[X,0x0000000080023F82] -> 0x00C0
[4387] [M]: 0x0000000080023F80 (0x00C0006F) jal zero, 0xc
mem[X,0x0000000080023F8C] -> 0x0063
mem[X,0x0000000080023F8E] -> 0x10B5
[4388] [M]: 0x0000000080023F8C (0x10B50063) beq a0, a1, 0x100
mem[X,0x0000000080023F90] -> 0x0213
mem[X,0x0000000080023F92] -> 0x0022
[4389] [M]: 0x0000000080023F90 (0x00220213) addi tp, tp, 0x2
x4 <- 0x0000000000000002
mem[X,0x0000000080023F94] -> 0x006F
mem[X,0x0000000080023F96] -> 0x1000
[4390] [M]: 0x0000000080023F94 (0x1000006F) jal zero, 0x100
mem[X,0x0000000080024094] -> 0x3423
mem[X,0x0000000080024096] -> 0x1241
[4391] [M]: 0x0000000080024094 (0x12413423) sd tp, 0x128(sp)
mem[0x0000000080048AF0] <- 0x0000000000000002
mem[X,0x0000000080024098] -> 0x6537
mem[X,0x000000008002409A] -> 0x6666
[4392] [M]: 0x0000000080024098 (0x66666537) lui a0, 0x66666
x10 <- 0x0000000066666000
mem[X,0x000000008002409C] -> 0x0513
mem[X,0x000000008002409E] -> 0x6665
[4393] [M]: 0x000000008002409C (0x66650513) addi a0, a0, 0x666
x10 <- 0x0000000066666666
mem[X,0x00000000800240A0] -> 0x1513
mem[X,0x00000000800240A2] -> 0x00B5
[4394] [M]: 0x00000000800240A0 (0x00B51513) slli a0, a0, 0xb
x10 <- 0x0000033333333000
mem[X,0x00000000800240A4] -> 0x0513
mem[X,0x00000000800240A6] -> 0x3335
[4395] [M]: 0x00000000800240A4 (0x33350513) addi a0, a0, 0x333
x10 <- 0x0000033333333333
mem[X,0x00000000800240A8] -> 0x1513
mem[X,0x00000000800240AA] -> 0x00B5
[4396] [M]: 0x00000000800240A8 (0x00B51513) slli a0, a0, 0xb
x10 <- 0x0019999999999800
mem[X,0x00000000800240AC] -> 0x0513
mem[X,0x00000000800240AE] -> 0x1995
[4397] [M]: 0x00000000800240AC (0x19950513) addi a0, a0, 0x199
x10 <- 0x0019999999999999
mem[X,0x00000000800240B0] -> 0x1513
mem[X,0x00000000800240B2] -> 0x00A5
[4398] [M]: 0x00000000800240B0 (0x00A51513) slli a0, a0, 0xa
x10 <- 0x6666666666666400
mem[X,0x00000000800240B4] -> 0x0513
mem[X,0x00000000800240B6] -> 0x2665
[4399] [M]: 0x00000000800240B4 (0x26650513) addi a0, a0, 0x266
x10 <- 0x6666666666666666
clint::tick mtime <- 0x000000000000002C
 clint timer pending at mtime 0x000000000000002C
htif::tick 0x0000000000000000
mem[X,0x00000000800240B8] -> 0x35B7
mem[X,0x00000000800240BA] -> 0x3333
[4400] [M]: 0x00000000800240B8 (0x333335B7) lui a1, 0x33333
x11 <- 0x0000000033333000
mem[X,0x00000000800240BC] -> 0x8593
mem[X,0x00000000800240BE] -> 0x3335
[4401] [M]: 0x00000000800240BC (0x33358593) addi a1, a1, 0x333
x11 <- 0x0000000033333333
mem[X,0x00000000800240C0] -> 0x9593
mem[X,0x00000000800240C2] -> 0x00B5
[4402] [M]: 0x00000000800240C0 (0x00B59593) slli a1, a1, 0xb
x11 <- 0x0000019999999800
mem[X,0x00000000800240C4] -> 0x8593
mem[X,0x00000000800240C6] -> 0x1995
[4403] [M]: 0x00000000800240C4 (0x19958593) addi a1, a1, 0x199
x11 <- 0x0000019999999999
mem[X,0x00000000800240C8] -> 0x9593
mem[X,0x00000000800240CA] -> 0x00B5
[4404] [M]: 0x00000000800240C8 (0x00B59593) slli a1, a1, 0xb
x11 <- 0x000CCCCCCCCCC800
mem[X,0x00000000800240CC] -> 0x8593
mem[X,0x00000000800240CE] -> 0x4CC5
[4405] [M]: 0x00000000800240CC (0x4CC58593) addi a1, a1, 0x4cc
x11 <- 0x000CCCCCCCCCCCCC
mem[X,0x00000000800240D0] -> 0x9593
mem[X,0x00000000800240D2] -> 0x00A5
[4406] [M]: 0x00000000800240D0 (0x00A59593) slli a1, a1, 0xa
x11 <- 0x3333333333333000
mem[X,0x00000000800240D4] -> 0x8593
mem[X,0x00000000800240D6] -> 0x3325
[4407] [M]: 0x00000000800240D4 (0x33258593) addi a1, a1, 0x332
x11 <- 0x3333333333333332
mem[X,0x00000000800240D8] -> 0x0213
mem[X,0x00000000800240DA] -> 0x0000
[4408] [M]: 0x00000000800240D8 (0x00000213) addi tp, zero, 0x0
x4 <- 0x0000000000000000
mem[X,0x00000000800240DC] -> 0x006F
mem[X,0x00000000800240DE] -> 0x00C0
[4409] [M]: 0x00000000800240DC (0x00C0006F) jal zero, 0xc
mem[X,0x00000000800240E8] -> 0x0CE3
mem[X,0x00000000800240EA] -> 0xFEB5
[4410] [M]: 0x00000000800240E8 (0xFEB50CE3) beq a0, a1, -0x8
mem[X,0x00000000800240EC] -> 0x0213
mem[X,0x00000000800240EE] -> 0x0022
[4411] [M]: 0x00000000800240EC (0x00220213) addi tp, tp, 0x2
x4 <- 0x0000000000000002
mem[X,0x00000000800240F0] -> 0x006F
mem[X,0x00000000800240F2] -> 0x00C0
[4412] [M]: 0x00000000800240F0 (0x00C0006F) jal zero, 0xc
mem[X,0x00000000800240FC] -> 0x3823
mem[X,0x00000000800240FE] -> 0x1241
[4413] [M]: 0x00000000800240FC (0x12413823) sd tp, 0x130(sp)
mem[0x0000000080048AF8] <- 0x0000000000000002
mem[X,0x0000000080024100] -> 0x6537
mem[X,0x0000000080024102] -> 0x6666
[4414] [M]: 0x0000000080024100 (0x66666537) lui a0, 0x66666
x10 <- 0x0000000066666000
mem[X,0x0000000080024104] -> 0x0513
mem[X,0x0000000080024106] -> 0x6665
[4415] [M]: 0x0000000080024104 (0x66650513) addi a0, a0, 0x666
x10 <- 0x0000000066666666
mem[X,0x0000000080024108] -> 0x1513
mem[X,0x000000008002410A] -> 0x00B5
[4416] [M]: 0x0000000080024108 (0x00B51513) slli a0, a0, 0xb
x10 <- 0x0000033333333000
mem[X,0x000000008002410C] -> 0x0513
mem[X,0x000000008002410E] -> 0x3335
[4417] [M]: 0x000000008002410C (0x33350513) addi a0, a0, 0x333
x10 <- 0x0000033333333333
mem[X,0x0000000080024110] -> 0x1513
mem[X,0x0000000080024112] -> 0x00B5
[4418] [M]: 0x0000000080024110 (0x00B51513) slli a0, a0, 0xb
x10 <- 0x0019999999999800
mem[X,0x0000000080024114] -> 0x0513
mem[X,0x0000000080024116] -> 0x1995
[4419] [M]: 0x0000000080024114 (0x19950513) addi a0, a0, 0x199
x10 <- 0x0019999999999999
mem[X,0x0000000080024118] -> 0x1513
mem[X,0x000000008002411A] -> 0x00A5
[4420] [M]: 0x0000000080024118 (0x00A51513) slli a0, a0, 0xa
x10 <- 0x6666666666666400
mem[X,0x000000008002411C] -> 0x0513
mem[X,0x000000008002411E] -> 0x2665
[4421] [M]: 0x000000008002411C (0x26650513) addi a0, a0, 0x266
x10 <- 0x6666666666666666
mem[X,0x0000000080024120] -> 0x65B7
mem[X,0x0000000080024122] -> 0x6666
[4422] [M]: 0x0000000080024120 (0x666665B7) lui a1, 0x66666
x11 <- 0x0000000066666000
mem[X,0x0000000080024124] -> 0x8593
mem[X,0x0000000080024126] -> 0x6665
[4423] [M]: 0x0000000080024124 (0x66658593) addi a1, a1, 0x666
x11 <- 0x0000000066666666
mem[X,0x0000000080024128] -> 0x9593
mem[X,0x000000008002412A] -> 0x00B5
[4424] [M]: 0x0000000080024128 (0x00B59593) slli a1, a1, 0xb
x11 <- 0x0000033333333000
mem[X,0x000000008002412C] -> 0x8593
mem[X,0x000000008002412E] -> 0x3335
[4425] [M]: 0x000000008002412C (0x33358593) addi a1, a1, 0x333
x11 <- 0x0000033333333333
mem[X,0x0000000080024130] -> 0x9593
mem[X,0x0000000080024132] -> 0x00B5
[4426] [M]: 0x0000000080024130 (0x00B59593) slli a1, a1, 0xb
x11 <- 0x0019999999999800
mem[X,0x0000000080024134] -> 0x8593
mem[X,0x0000000080024136] -> 0x1995
[4427] [M]: 0x0000000080024134 (0x19958593) addi a1, a1, 0x199
x11 <- 0x0019999999999999
mem[X,0x0000000080024138] -> 0x9593
mem[X,0x000000008002413A] -> 0x00A5
[4428] [M]: 0x0000000080024138 (0x00A59593) slli a1, a1, 0xa
x11 <- 0x6666666666666400
mem[X,0x000000008002413C] -> 0x8593
mem[X,0x000000008002413E] -> 0x2655
[4429] [M]: 0x000000008002413C (0x26558593) addi a1, a1, 0x265
x11 <- 0x6666666666666665
mem[X,0x0000000080024140] -> 0x0213
mem[X,0x0000000080024142] -> 0x0000
[4430] [M]: 0x0000000080024140 (0x00000213) addi tp, zero, 0x0
x4 <- 0x0000000000000000
mem[X,0x0000000080024144] -> 0x006F
mem[X,0x0000000080024146] -> 0x00C0
[4431] [M]: 0x0000000080024144 (0x00C0006F) jal zero, 0xc
mem[X,0x0000000080024150] -> 0x0663
mem[X,0x0000000080024152] -> 0x00B5
[4432] [M]: 0x0000000080024150 (0x00B50663) beq a0, a1, 0xc
mem[X,0x0000000080024154] -> 0x0213
mem[X,0x0000000080024156] -> 0x0022
[4433] [M]: 0x0000000080024154 (0x00220213) addi tp, tp, 0x2
x4 <- 0x0000000000000002
mem[X,0x0000000080024158] -> 0x006F
mem[X,0x000000008002415A] -> 0x00C0
[4434] [M]: 0x0000000080024158 (0x00C0006F) jal zero, 0xc
mem[X,0x0000000080024164] -> 0x3C23
mem[X,0x0000000080024166] -> 0x1241
[4435] [M]: 0x0000000080024164 (0x12413C23) sd tp, 0x138(sp)
mem[0x0000000080048B00] <- 0x0000000000000002
mem[X,0x0000000080024168] -> 0x6537
mem[X,0x000000008002416A] -> 0x6666
[4436] [M]: 0x0000000080024168 (0x66666537) lui a0, 0x66666
x10 <- 0x0000000066666000
mem[X,0x000000008002416C] -> 0x0513
mem[X,0x000000008002416E] -> 0x6665
[4437] [M]: 0x000000008002416C (0x66650513) addi a0, a0, 0x666
x10 <- 0x0000000066666666
mem[X,0x0000000080024170] -> 0x1513
mem[X,0x0000000080024172] -> 0x00B5
[4438] [M]: 0x0000000080024170 (0x00B51513) slli a0, a0, 0xb
x10 <- 0x0000033333333000
mem[X,0x0000000080024174] -> 0x0513
mem[X,0x0000000080024176] -> 0x3335
[4439] [M]: 0x0000000080024174 (0x33350513) addi a0, a0, 0x333
x10 <- 0x0000033333333333
mem[X,0x0000000080024178] -> 0x1513
mem[X,0x000000008002417A] -> 0x00B5
[4440] [M]: 0x0000000080024178 (0x00B51513) slli a0, a0, 0xb
x10 <- 0x0019999999999800
mem[X,0x000000008002417C] -> 0x0513
mem[X,0x000000008002417E] -> 0x1995
[4441] [M]: 0x000000008002417C (0x19950513) addi a0, a0, 0x199
x10 <- 0x0019999999999999
mem[X,0x0000000080024180] -> 0x1513
mem[X,0x0000000080024182] -> 0x00A5
[4442] [M]: 0x0000000080024180 (0x00A51513) slli a0, a0, 0xa
x10 <- 0x6666666666666400
mem[X,0x0000000080024184] -> 0x0513
mem[X,0x0000000080024186] -> 0x2665
[4443] [M]: 0x0000000080024184 (0x26650513) addi a0, a0, 0x266
x10 <- 0x6666666666666666
mem[X,0x0000000080024188] -> 0x05B7
mem[X,0x000000008002418A] -> 0x0000
[4444] [M]: 0x0000000080024188 (0x000005B7) lui a1, 0x0
x11 <- 0x0000000000000000
mem[X,0x000000008002418C] -> 0x8593
mem[X,0x000000008002418E] -> 0x0005
[4445] [M]: 0x000000008002418C (0x00058593) addi a1, a1, 0x0
x11 <- 0x0000000000000000
mem[X,0x0000000080024190] -> 0x9593
mem[X,0x0000000080024192] -> 0x00B5
[4446] [M]: 0x0000000080024190 (0x00B59593) slli a1, a1, 0xb
x11 <- 0x0000000000000000
mem[X,0x0000000080024194] -> 0x8593
mem[X,0x0000000080024196] -> 0x5A85
[4447] [M]: 0x0000000080024194 (0x5A858593) addi a1, a1, 0x5a8
x11 <- 0x00000000000005A8
mem[X,0x0000000080024198] -> 0x9593
mem[X,0x000000008002419A] -> 0x00B5
[4448] [M]: 0x0000000080024198 (0x00B59593) slli a1, a1, 0xb
x11 <- 0x00000000002D4000
mem[X,0x000000008002419C] -> 0x8593
mem[X,0x000000008002419E] -> 0x13C5
[4449] [M]: 0x000000008002419C (0x13C58593) addi a1, a1, 0x13c
x11 <- 0x00000000002D413C
mem[X,0x00000000800241A0] -> 0x9593
mem[X,0x00000000800241A2] -> 0x00A5
[4450] [M]: 0x00000000800241A0 (0x00A59593) slli a1, a1, 0xa
x11 <- 0x00000000B504F000
mem[X,0x00000000800241A4] -> 0x8593
mem[X,0x00000000800241A6] -> 0x3325
[4451] [M]: 0x00000000800241A4 (0x33258593) addi a1, a1, 0x332
x11 <- 0x00000000B504F332
mem[X,0x00000000800241A8] -> 0x0213
mem[X,0x00000000800241AA] -> 0x0000
[4452] [M]: 0x00000000800241A8 (0x00000213) addi tp, zero, 0x0
x4 <- 0x0000000000000000
mem[X,0x00000000800241AC] -> 0x006F
mem[X,0x00000000800241AE] -> 0x00C0
[4453] [M]: 0x00000000800241AC (0x00C0006F) jal zero, 0xc
mem[X,0x00000000800241B8] -> 0x0063
mem[X,0x00000000800241BA] -> 0x02B5
[4454] [M]: 0x00000000800241B8 (0x02B50063) beq a0, a1, 0x20
mem[X,0x00000000800241BC] -> 0x0213
mem[X,0x00000000800241BE] -> 0x0022
[4455] [M]: 0x00000000800241BC (0x00220213) addi tp, tp, 0x2
x4 <- 0x0000000000000002
mem[X,0x00000000800241C0] -> 0x006F
mem[X,0x00000000800241C2] -> 0x0200
[4456] [M]: 0x00000000800241C0 (0x0200006F) jal zero, 0x20
mem[X,0x00000000800241E0] -> 0x3023
mem[X,0x00000000800241E2] -> 0x1441
[4457] [M]: 0x00000000800241E0 (0x14413023) sd tp, 0x140(sp)
mem[0x0000000080048B08] <- 0x0000000000000002
mem[X,0x00000000800241E4] -> 0x6537
mem[X,0x00000000800241E6] -> 0x6666
[4458] [M]: 0x00000000800241E4 (0x66666537) lui a0, 0x66666
x10 <- 0x0000000066666000
mem[X,0x00000000800241E8] -> 0x0513
mem[X,0x00000000800241EA] -> 0x6665
[4459] [M]: 0x00000000800241E8 (0x66650513) addi a0, a0, 0x666
x10 <- 0x0000000066666666
mem[X,0x00000000800241EC] -> 0x1513
mem[X,0x00000000800241EE] -> 0x00B5
[4460] [M]: 0x00000000800241EC (0x00B51513) slli a0, a0, 0xb
x10 <- 0x0000033333333000
mem[X,0x00000000800241F0] -> 0x0513
mem[X,0x00000000800241F2] -> 0x3335
[4461] [M]: 0x00000000800241F0 (0x33350513) addi a0, a0, 0x333
x10 <- 0x0000033333333333
mem[X,0x00000000800241F4] -> 0x1513
mem[X,0x00000000800241F6] -> 0x00B5
[4462] [M]: 0x00000000800241F4 (0x00B51513) slli a0, a0, 0xb
x10 <- 0x0019999999999800
mem[X,0x00000000800241F8] -> 0x0513
mem[X,0x00000000800241FA] -> 0x1995
[4463] [M]: 0x00000000800241F8 (0x19950513) addi a0, a0, 0x199
x10 <- 0x0019999999999999
mem[X,0x00000000800241FC] -> 0x1513
mem[X,0x00000000800241FE] -> 0x00A5
[4464] [M]: 0x00000000800241FC (0x00A51513) slli a0, a0, 0xa
x10 <- 0x6666666666666400
mem[X,0x0000000080024200] -> 0x0513
mem[X,0x0000000080024202] -> 0x2665
[4465] [M]: 0x0000000080024200 (0x26650513) addi a0, a0, 0x266
x10 <- 0x6666666666666666
mem[X,0x0000000080024204] -> 0x55B7
mem[X,0x0000000080024206] -> 0x5555
[4466] [M]: 0x0000000080024204 (0x555555B7) lui a1, 0x55555
x11 <- 0x0000000055555000
mem[X,0x0000000080024208] -> 0x8593
mem[X,0x000000008002420A] -> 0x5555
[4467] [M]: 0x0000000080024208 (0x55558593) addi a1, a1, 0x555
x11 <- 0x0000000055555555
mem[X,0x000000008002420C] -> 0x9593
mem[X,0x000000008002420E] -> 0x00B5
[4468] [M]: 0x000000008002420C (0x00B59593) slli a1, a1, 0xb
x11 <- 0x000002AAAAAAA800
mem[X,0x0000000080024210] -> 0x8593
mem[X,0x0000000080024212] -> 0x2AA5
[4469] [M]: 0x0000000080024210 (0x2AA58593) addi a1, a1, 0x2aa
x11 <- 0x000002AAAAAAAAAA
mem[X,0x0000000080024214] -> 0x9593
mem[X,0x0000000080024216] -> 0x00B5
[4470] [M]: 0x0000000080024214 (0x00B59593) slli a1, a1, 0xb
x11 <- 0x0015555555555000
mem[X,0x0000000080024218] -> 0x8593
mem[X,0x000000008002421A] -> 0x5555
[4471] [M]: 0x0000000080024218 (0x55558593) addi a1, a1, 0x555
x11 <- 0x0015555555555555
mem[X,0x000000008002421C] -> 0x9593
mem[X,0x000000008002421E] -> 0x00A5
[4472] [M]: 0x000000008002421C (0x00A59593) slli a1, a1, 0xa
x11 <- 0x5555555555555400
mem[X,0x0000000080024220] -> 0x8593
mem[X,0x0000000080024222] -> 0x1565
[4473] [M]: 0x0000000080024220 (0x15658593) addi a1, a1, 0x156
x11 <- 0x5555555555555556
mem[X,0x0000000080024224] -> 0x0213
mem[X,0x0000000080024226] -> 0x0000
[4474] [M]: 0x0000000080024224 (0x00000213) addi tp, zero, 0x0
x4 <- 0x0000000000000000
mem[X,0x0000000080024228] -> 0x006F
mem[X,0x000000008002422A] -> 0x00C0
[4475] [M]: 0x0000000080024228 (0x00C0006F) jal zero, 0xc
mem[X,0x0000000080024234] -> 0x0063
mem[X,0x0000000080024236] -> 0x04B5
[4476] [M]: 0x0000000080024234 (0x04B50063) beq a0, a1, 0x40
mem[X,0x0000000080024238] -> 0x0213
mem[X,0x000000008002423A] -> 0x0022
[4477] [M]: 0x0000000080024238 (0x00220213) addi tp, tp, 0x2
x4 <- 0x0000000000000002
mem[X,0x000000008002423C] -> 0x006F
mem[X,0x000000008002423E] -> 0x0400
[4478] [M]: 0x000000008002423C (0x0400006F) jal zero, 0x40
mem[X,0x000000008002427C] -> 0x3423
mem[X,0x000000008002427E] -> 0x1441
[4479] [M]: 0x000000008002427C (0x14413423) sd tp, 0x148(sp)
mem[0x0000000080048B10] <- 0x0000000000000002
mem[X,0x0000000080024280] -> 0x6537
mem[X,0x0000000080024282] -> 0x6666
[4480] [M]: 0x0000000080024280 (0x66666537) lui a0, 0x66666
x10 <- 0x0000000066666000
mem[X,0x0000000080024284] -> 0x0513
mem[X,0x0000000080024286] -> 0x6665
[4481] [M]: 0x0000000080024284 (0x66650513) addi a0, a0, 0x666
x10 <- 0x0000000066666666
mem[X,0x0000000080024288] -> 0x1513
mem[X,0x000000008002428A] -> 0x00B5
[4482] [M]: 0x0000000080024288 (0x00B51513) slli a0, a0, 0xb
x10 <- 0x0000033333333000
mem[X,0x000000008002428C] -> 0x0513
mem[X,0x000000008002428E] -> 0x3335
[4483] [M]: 0x000000008002428C (0x33350513) addi a0, a0, 0x333
x10 <- 0x0000033333333333
mem[X,0x0000000080024290] -> 0x1513
mem[X,0x0000000080024292] -> 0x00B5
[4484] [M]: 0x0000000080024290 (0x00B51513) slli a0, a0, 0xb
x10 <- 0x0019999999999800
mem[X,0x0000000080024294] -> 0x0513
mem[X,0x0000000080024296] -> 0x1995
[4485] [M]: 0x0000000080024294 (0x19950513) addi a0, a0, 0x199
x10 <- 0x0019999999999999
mem[X,0x0000000080024298] -> 0x1513
mem[X,0x000000008002429A] -> 0x00A5
[4486] [M]: 0x0000000080024298 (0x00A51513) slli a0, a0, 0xa
x10 <- 0x6666666666666400
mem[X,0x000000008002429C] -> 0x0513
mem[X,0x000000008002429E] -> 0x2665
[4487] [M]: 0x000000008002429C (0x26650513) addi a0, a0, 0x266
x10 <- 0x6666666666666666
mem[X,0x00000000800242A0] -> 0xB5B7
mem[X,0x00000000800242A2] -> 0xAAAA
[4488] [M]: 0x00000000800242A0 (0xAAAAB5B7) lui a1, -0x55555
x11 <- 0xFFFFFFFFAAAAB000
mem[X,0x00000000800242A4] -> 0x8593
mem[X,0x00000000800242A6] -> 0xAAA5
[4489] [M]: 0x00000000800242A4 (0xAAA58593) addi a1, a1, -0x556
x11 <- 0xFFFFFFFFAAAAAAAA
mem[X,0x00000000800242A8] -> 0x9593
mem[X,0x00000000800242AA] -> 0x00B5
[4490] [M]: 0x00000000800242A8 (0x00B59593) slli a1, a1, 0xb
x11 <- 0xFFFFFD5555555000
mem[X,0x00000000800242AC] -> 0x8593
mem[X,0x00000000800242AE] -> 0x5555
[4491] [M]: 0x00000000800242AC (0x55558593) addi a1, a1, 0x555
x11 <- 0xFFFFFD5555555555
mem[X,0x00000000800242B0] -> 0x9593
mem[X,0x00000000800242B2] -> 0x00B5
[4492] [M]: 0x00000000800242B0 (0x00B59593) slli a1, a1, 0xb
x11 <- 0xFFEAAAAAAAAAA800
mem[X,0x00000000800242B4] -> 0x8593
mem[X,0x00000000800242B6] -> 0x2AA5
[4493] [M]: 0x00000000800242B4 (0x2AA58593) addi a1, a1, 0x2aa
x11 <- 0xFFEAAAAAAAAAAAAA
mem[X,0x00000000800242B8] -> 0x9593
mem[X,0x00000000800242BA] -> 0x00A5
[4494] [M]: 0x00000000800242B8 (0x00A59593) slli a1, a1, 0xa
x11 <- 0xAAAAAAAAAAAAA800
mem[X,0x00000000800242BC] -> 0x8593
mem[X,0x00000000800242BE] -> 0x2AB5
[4495] [M]: 0x00000000800242BC (0x2AB58593) addi a1, a1, 0x2ab
x11 <- 0xAAAAAAAAAAAAAAAB
mem[X,0x00000000800242C0] -> 0x0213
mem[X,0x00000000800242C2] -> 0x0000
[4496] [M]: 0x00000000800242C0 (0x00000213) addi tp, zero, 0x0
x4 <- 0x0000000000000000
mem[X,0x00000000800242C4] -> 0x006F
mem[X,0x00000000800242C6] -> 0x00C0
[4497] [M]: 0x00000000800242C4 (0x00C0006F) jal zero, 0xc
mem[X,0x00000000800242D0] -> 0x0CE3
mem[X,0x00000000800242D2] -> 0xFEB5
[4498] [M]: 0x00000000800242D0 (0xFEB50CE3) beq a0, a1, -0x8
mem[X,0x00000000800242D4] -> 0x0213
mem[X,0x00000000800242D6] -> 0x0022
[4499] [M]: 0x00000000800242D4 (0x00220213) addi tp, tp, 0x2
x4 <- 0x0000000000000002
clint::tick mtime <- 0x000000000000002D
 clint timer pending at mtime 0x000000000000002D
htif::tick 0x0000000000000000
mem[X,0x00000000800242D8] -> 0x006F
mem[X,0x00000000800242DA] -> 0x00C0
[4500] [M]: 0x00000000800242D8 (0x00C0006F) jal zero, 0xc
mem[X,0x00000000800242E4] -> 0x3823
mem[X,0x00000000800242E6] -> 0x1441
[4501] [M]: 0x00000000800242E4 (0x14413823) sd tp, 0x150(sp)
mem[0x0000000080048B18] <- 0x0000000000000002
mem[X,0x00000000800242E8] -> 0x6537
mem[X,0x00000000800242EA] -> 0x6666
[4502] [M]: 0x00000000800242E8 (0x66666537) lui a0, 0x66666
x10 <- 0x0000000066666000
mem[X,0x00000000800242EC] -> 0x0513
mem[X,0x00000000800242EE] -> 0x6665
[4503] [M]: 0x00000000800242EC (0x66650513) addi a0, a0, 0x666
x10 <- 0x0000000066666666
mem[X,0x00000000800242F0] -> 0x1513
mem[X,0x00000000800242F2] -> 0x00B5
[4504] [M]: 0x00000000800242F0 (0x00B51513) slli a0, a0, 0xb
x10 <- 0x0000033333333000
mem[X,0x00000000800242F4] -> 0x0513
mem[X,0x00000000800242F6] -> 0x3335
[4505] [M]: 0x00000000800242F4 (0x33350513) addi a0, a0, 0x333
x10 <- 0x0000033333333333
mem[X,0x00000000800242F8] -> 0x1513
mem[X,0x00000000800242FA] -> 0x00B5
[4506] [M]: 0x00000000800242F8 (0x00B51513) slli a0, a0, 0xb
x10 <- 0x0019999999999800
mem[X,0x00000000800242FC] -> 0x0513
mem[X,0x00000000800242FE] -> 0x1995
[4507] [M]: 0x00000000800242FC (0x19950513) addi a0, a0, 0x199
x10 <- 0x0019999999999999
mem[X,0x0000000080024300] -> 0x1513
mem[X,0x0000000080024302] -> 0x00A5
[4508] [M]: 0x0000000080024300 (0x00A51513) slli a0, a0, 0xa
x10 <- 0x6666666666666400
mem[X,0x0000000080024304] -> 0x0513
mem[X,0x0000000080024306] -> 0x2665
[4509] [M]: 0x0000000080024304 (0x26650513) addi a0, a0, 0x266
x10 <- 0x6666666666666666
mem[X,0x0000000080024308] -> 0x0593
mem[X,0x000000008002430A] -> 0x0060
[4510] [M]: 0x0000000080024308 (0x00600593) addi a1, zero, 0x6
x11 <- 0x0000000000000006
mem[X,0x000000008002430C] -> 0x0213
mem[X,0x000000008002430E] -> 0x0000
[4511] [M]: 0x000000008002430C (0x00000213) addi tp, zero, 0x0
x4 <- 0x0000000000000000
mem[X,0x0000000080024310] -> 0x006F
mem[X,0x0000000080024312] -> 0x00C0
[4512] [M]: 0x0000000080024310 (0x00C0006F) jal zero, 0xc
mem[X,0x000000008002431C] -> 0x0CE3
mem[X,0x000000008002431E] -> 0xFEB5
[4513] [M]: 0x000000008002431C (0xFEB50CE3) beq a0, a1, -0x8
mem[X,0x0000000080024320] -> 0x0213
mem[X,0x0000000080024322] -> 0x0022
[4514] [M]: 0x0000000080024320 (0x00220213) addi tp, tp, 0x2
x4 <- 0x0000000000000002
mem[X,0x0000000080024324] -> 0x006F
mem[X,0x0000000080024326] -> 0x00C0
[4515] [M]: 0x0000000080024324 (0x00C0006F) jal zero, 0xc
mem[X,0x0000000080024330] -> 0x3C23
mem[X,0x0000000080024332] -> 0x1441
[4516] [M]: 0x0000000080024330 (0x14413C23) sd tp, 0x158(sp)
mem[0x0000000080048B20] <- 0x0000000000000002
mem[X,0x0000000080024334] -> 0x6537
mem[X,0x0000000080024336] -> 0x6666
[4517] [M]: 0x0000000080024334 (0x66666537) lui a0, 0x66666
x10 <- 0x0000000066666000
mem[X,0x0000000080024338] -> 0x0513
mem[X,0x000000008002433A] -> 0x6665
[4518] [M]: 0x0000000080024338 (0x66650513) addi a0, a0, 0x666
x10 <- 0x0000000066666666
mem[X,0x000000008002433C] -> 0x1513
mem[X,0x000000008002433E] -> 0x00B5
[4519] [M]: 0x000000008002433C (0x00B51513) slli a0, a0, 0xb
x10 <- 0x0000033333333000
mem[X,0x0000000080024340] -> 0x0513
mem[X,0x0000000080024342] -> 0x3335
[4520] [M]: 0x0000000080024340 (0x33350513) addi a0, a0, 0x333
x10 <- 0x0000033333333333
mem[X,0x0000000080024344] -> 0x1513
mem[X,0x0000000080024346] -> 0x00B5
[4521] [M]: 0x0000000080024344 (0x00B51513) slli a0, a0, 0xb
x10 <- 0x0019999999999800
mem[X,0x0000000080024348] -> 0x0513
mem[X,0x000000008002434A] -> 0x1995
[4522] [M]: 0x0000000080024348 (0x19950513) addi a0, a0, 0x199
x10 <- 0x0019999999999999
mem[X,0x000000008002434C] -> 0x1513
mem[X,0x000000008002434E] -> 0x00A5
[4523] [M]: 0x000000008002434C (0x00A51513) slli a0, a0, 0xa
x10 <- 0x6666666666666400
mem[X,0x0000000080024350] -> 0x0513
mem[X,0x0000000080024352] -> 0x2665
[4524] [M]: 0x0000000080024350 (0x26650513) addi a0, a0, 0x266
x10 <- 0x6666666666666666
mem[X,0x0000000080024354] -> 0x35B7
mem[X,0x0000000080024356] -> 0x3333
[4525] [M]: 0x0000000080024354 (0x333335B7) lui a1, 0x33333
x11 <- 0x0000000033333000
mem[X,0x0000000080024358] -> 0x8593
mem[X,0x000000008002435A] -> 0x3335
[4526] [M]: 0x0000000080024358 (0x33358593) addi a1, a1, 0x333
x11 <- 0x0000000033333333
mem[X,0x000000008002435C] -> 0x9593
mem[X,0x000000008002435E] -> 0x00B5
[4527] [M]: 0x000000008002435C (0x00B59593) slli a1, a1, 0xb
x11 <- 0x0000019999999800
mem[X,0x0000000080024360] -> 0x8593
mem[X,0x0000000080024362] -> 0x1995
[4528] [M]: 0x0000000080024360 (0x19958593) addi a1, a1, 0x199
x11 <- 0x0000019999999999
mem[X,0x0000000080024364] -> 0x9593
mem[X,0x0000000080024366] -> 0x00B5
[4529] [M]: 0x0000000080024364 (0x00B59593) slli a1, a1, 0xb
x11 <- 0x000CCCCCCCCCC800
mem[X,0x0000000080024368] -> 0x8593
mem[X,0x000000008002436A] -> 0x4CC5
[4530] [M]: 0x0000000080024368 (0x4CC58593) addi a1, a1, 0x4cc
x11 <- 0x000CCCCCCCCCCCCC
mem[X,0x000000008002436C] -> 0x9593
mem[X,0x000000008002436E] -> 0x00A5
[4531] [M]: 0x000000008002436C (0x00A59593) slli a1, a1, 0xa
x11 <- 0x3333333333333000
mem[X,0x0000000080024370] -> 0x8593
mem[X,0x0000000080024372] -> 0x3345
[4532] [M]: 0x0000000080024370 (0x33458593) addi a1, a1, 0x334
x11 <- 0x3333333333333334
mem[X,0x0000000080024374] -> 0x0213
mem[X,0x0000000080024376] -> 0x0000
[4533] [M]: 0x0000000080024374 (0x00000213) addi tp, zero, 0x0
x4 <- 0x0000000000000000
mem[X,0x0000000080024378] -> 0x006F
mem[X,0x000000008002437A] -> 0x00C0
[4534] [M]: 0x0000000080024378 (0x00C0006F) jal zero, 0xc
mem[X,0x0000000080024384] -> 0x0663
mem[X,0x0000000080024386] -> 0x00B5
[4535] [M]: 0x0000000080024384 (0x00B50663) beq a0, a1, 0xc
mem[X,0x0000000080024388] -> 0x0213
mem[X,0x000000008002438A] -> 0x0022
[4536] [M]: 0x0000000080024388 (0x00220213) addi tp, tp, 0x2
x4 <- 0x0000000000000002
mem[X,0x000000008002438C] -> 0x006F
mem[X,0x000000008002438E] -> 0x00C0
[4537] [M]: 0x000000008002438C (0x00C0006F) jal zero, 0xc
mem[X,0x0000000080024398] -> 0x3023
mem[X,0x000000008002439A] -> 0x1641
[4538] [M]: 0x0000000080024398 (0x16413023) sd tp, 0x160(sp)
mem[0x0000000080048B28] <- 0x0000000000000002
mem[X,0x000000008002439C] -> 0x6537
mem[X,0x000000008002439E] -> 0x6666
[4539] [M]: 0x000000008002439C (0x66666537) lui a0, 0x66666
x10 <- 0x0000000066666000
mem[X,0x00000000800243A0] -> 0x0513
mem[X,0x00000000800243A2] -> 0x6665
[4540] [M]: 0x00000000800243A0 (0x66650513) addi a0, a0, 0x666
x10 <- 0x0000000066666666
mem[X,0x00000000800243A4] -> 0x1513
mem[X,0x00000000800243A6] -> 0x00B5
[4541] [M]: 0x00000000800243A4 (0x00B51513) slli a0, a0, 0xb
x10 <- 0x0000033333333000
mem[X,0x00000000800243A8] -> 0x0513
mem[X,0x00000000800243AA] -> 0x3335
[4542] [M]: 0x00000000800243A8 (0x33350513) addi a0, a0, 0x333
x10 <- 0x0000033333333333
mem[X,0x00000000800243AC] -> 0x1513
mem[X,0x00000000800243AE] -> 0x00B5
[4543] [M]: 0x00000000800243AC (0x00B51513) slli a0, a0, 0xb
x10 <- 0x0019999999999800
mem[X,0x00000000800243B0] -> 0x0513
mem[X,0x00000000800243B2] -> 0x1995
[4544] [M]: 0x00000000800243B0 (0x19950513) addi a0, a0, 0x199
x10 <- 0x0019999999999999
mem[X,0x00000000800243B4] -> 0x1513
mem[X,0x00000000800243B6] -> 0x00A5
[4545] [M]: 0x00000000800243B4 (0x00A51513) slli a0, a0, 0xa
x10 <- 0x6666666666666400
mem[X,0x00000000800243B8] -> 0x0513
mem[X,0x00000000800243BA] -> 0x2665
[4546] [M]: 0x00000000800243B8 (0x26650513) addi a0, a0, 0x266
x10 <- 0x6666666666666666
mem[X,0x00000000800243BC] -> 0x65B7
mem[X,0x00000000800243BE] -> 0x6666
[4547] [M]: 0x00000000800243BC (0x666665B7) lui a1, 0x66666
x11 <- 0x0000000066666000
mem[X,0x00000000800243C0] -> 0x8593
mem[X,0x00000000800243C2] -> 0x6665
[4548] [M]: 0x00000000800243C0 (0x66658593) addi a1, a1, 0x666
x11 <- 0x0000000066666666
mem[X,0x00000000800243C4] -> 0x9593
mem[X,0x00000000800243C6] -> 0x00B5
[4549] [M]: 0x00000000800243C4 (0x00B59593) slli a1, a1, 0xb
x11 <- 0x0000033333333000
mem[X,0x00000000800243C8] -> 0x8593
mem[X,0x00000000800243CA] -> 0x3335
[4550] [M]: 0x00000000800243C8 (0x33358593) addi a1, a1, 0x333
x11 <- 0x0000033333333333
mem[X,0x00000000800243CC] -> 0x9593
mem[X,0x00000000800243CE] -> 0x00B5
[4551] [M]: 0x00000000800243CC (0x00B59593) slli a1, a1, 0xb
x11 <- 0x0019999999999800
mem[X,0x00000000800243D0] -> 0x8593
mem[X,0x00000000800243D2] -> 0x1995
[4552] [M]: 0x00000000800243D0 (0x19958593) addi a1, a1, 0x199
x11 <- 0x0019999999999999
mem[X,0x00000000800243D4] -> 0x9593
mem[X,0x00000000800243D6] -> 0x00A5
[4553] [M]: 0x00000000800243D4 (0x00A59593) slli a1, a1, 0xa
x11 <- 0x6666666666666400
mem[X,0x00000000800243D8] -> 0x8593
mem[X,0x00000000800243DA] -> 0x2675
[4554] [M]: 0x00000000800243D8 (0x26758593) addi a1, a1, 0x267
x11 <- 0x6666666666666667
mem[X,0x00000000800243DC] -> 0x0213
mem[X,0x00000000800243DE] -> 0x0000
[4555] [M]: 0x00000000800243DC (0x00000213) addi tp, zero, 0x0
x4 <- 0x0000000000000000
mem[X,0x00000000800243E0] -> 0x006F
mem[X,0x00000000800243E2] -> 0x00C0
[4556] [M]: 0x00000000800243E0 (0x00C0006F) jal zero, 0xc
mem[X,0x00000000800243EC] -> 0x0663
mem[X,0x00000000800243EE] -> 0x00B5
[4557] [M]: 0x00000000800243EC (0x00B50663) beq a0, a1, 0xc
mem[X,0x00000000800243F0] -> 0x0213
mem[X,0x00000000800243F2] -> 0x0022
[4558] [M]: 0x00000000800243F0 (0x00220213) addi tp, tp, 0x2
x4 <- 0x0000000000000002
mem[X,0x00000000800243F4] -> 0x006F
mem[X,0x00000000800243F6] -> 0x00C0
[4559] [M]: 0x00000000800243F4 (0x00C0006F) jal zero, 0xc
mem[X,0x0000000080024400] -> 0x3423
mem[X,0x0000000080024402] -> 0x1641
[4560] [M]: 0x0000000080024400 (0x16413423) sd tp, 0x168(sp)
mem[0x0000000080048B30] <- 0x0000000000000002
mem[X,0x0000000080024404] -> 0x6537
mem[X,0x0000000080024406] -> 0x6666
[4561] [M]: 0x0000000080024404 (0x66666537) lui a0, 0x66666
x10 <- 0x0000000066666000
mem[X,0x0000000080024408] -> 0x0513
mem[X,0x000000008002440A] -> 0x6665
[4562] [M]: 0x0000000080024408 (0x66650513) addi a0, a0, 0x666
x10 <- 0x0000000066666666
mem[X,0x000000008002440C] -> 0x1513
mem[X,0x000000008002440E] -> 0x00B5
[4563] [M]: 0x000000008002440C (0x00B51513) slli a0, a0, 0xb
x10 <- 0x0000033333333000
mem[X,0x0000000080024410] -> 0x0513
mem[X,0x0000000080024412] -> 0x3335
[4564] [M]: 0x0000000080024410 (0x33350513) addi a0, a0, 0x333
x10 <- 0x0000033333333333
mem[X,0x0000000080024414] -> 0x1513
mem[X,0x0000000080024416] -> 0x00B5
[4565] [M]: 0x0000000080024414 (0x00B51513) slli a0, a0, 0xb
x10 <- 0x0019999999999800
mem[X,0x0000000080024418] -> 0x0513
mem[X,0x000000008002441A] -> 0x1995
[4566] [M]: 0x0000000080024418 (0x19950513) addi a0, a0, 0x199
x10 <- 0x0019999999999999
mem[X,0x000000008002441C] -> 0x1513
mem[X,0x000000008002441E] -> 0x00A5
[4567] [M]: 0x000000008002441C (0x00A51513) slli a0, a0, 0xa
x10 <- 0x6666666666666400
mem[X,0x0000000080024420] -> 0x0513
mem[X,0x0000000080024422] -> 0x2665
[4568] [M]: 0x0000000080024420 (0x26650513) addi a0, a0, 0x266
x10 <- 0x6666666666666666
mem[X,0x0000000080024424] -> 0x05B7
mem[X,0x0000000080024426] -> 0x0000
[4569] [M]: 0x0000000080024424 (0x000005B7) lui a1, 0x0
x11 <- 0x0000000000000000
mem[X,0x0000000080024428] -> 0x8593
mem[X,0x000000008002442A] -> 0xFFF5
[4570] [M]: 0x0000000080024428 (0xFFF58593) addi a1, a1, -0x1
x11 <- 0xFFFFFFFFFFFFFFFF
mem[X,0x000000008002442C] -> 0x9593
mem[X,0x000000008002442E] -> 0x00B5
[4571] [M]: 0x000000008002442C (0x00B59593) slli a1, a1, 0xb
x11 <- 0xFFFFFFFFFFFFF800
mem[X,0x0000000080024430] -> 0x8593
mem[X,0x0000000080024432] -> 0x2575
[4572] [M]: 0x0000000080024430 (0x25758593) addi a1, a1, 0x257
x11 <- 0xFFFFFFFFFFFFFA57
mem[X,0x0000000080024434] -> 0x9593
mem[X,0x0000000080024436] -> 0x00B5
[4573] [M]: 0x0000000080024434 (0x00B59593) slli a1, a1, 0xb
x11 <- 0xFFFFFFFFFFD2B800
mem[X,0x0000000080024438] -> 0x8593
mem[X,0x000000008002443A] -> 0x6C35
[4574] [M]: 0x0000000080024438 (0x6C358593) addi a1, a1, 0x6c3
x11 <- 0xFFFFFFFFFFD2BEC3
mem[X,0x000000008002443C] -> 0x9593
mem[X,0x000000008002443E] -> 0x00A5
[4575] [M]: 0x000000008002443C (0x00A59593) slli a1, a1, 0xa
x11 <- 0xFFFFFFFF4AFB0C00
mem[X,0x0000000080024440] -> 0x8593
mem[X,0x0000000080024442] -> 0x0CE5
[4576] [M]: 0x0000000080024440 (0x0CE58593) addi a1, a1, 0xce
x11 <- 0xFFFFFFFF4AFB0CCE
mem[X,0x0000000080024444] -> 0x0213
mem[X,0x0000000080024446] -> 0x0000
[4577] [M]: 0x0000000080024444 (0x00000213) addi tp, zero, 0x0
x4 <- 0x0000000000000000
mem[X,0x0000000080024448] -> 0x006F
mem[X,0x000000008002444A] -> 0x00C0
[4578] [M]: 0x0000000080024448 (0x00C0006F) jal zero, 0xc
mem[X,0x0000000080024454] -> 0x0663
mem[X,0x0000000080024456] -> 0x00B5
[4579] [M]: 0x0000000080024454 (0x00B50663) beq a0, a1, 0xc
mem[X,0x0000000080024458] -> 0x0213
mem[X,0x000000008002445A] -> 0x0022
[4580] [M]: 0x0000000080024458 (0x00220213) addi tp, tp, 0x2
x4 <- 0x0000000000000002
mem[X,0x000000008002445C] -> 0x006F
mem[X,0x000000008002445E] -> 0x00C0
[4581] [M]: 0x000000008002445C (0x00C0006F) jal zero, 0xc
mem[X,0x0000000080024468] -> 0x3823
mem[X,0x000000008002446A] -> 0x1641
[4582] [M]: 0x0000000080024468 (0x16413823) sd tp, 0x170(sp)
mem[0x0000000080048B38] <- 0x0000000000000002
mem[X,0x000000008002446C] -> 0x6537
mem[X,0x000000008002446E] -> 0x6666
[4583] [M]: 0x000000008002446C (0x66666537) lui a0, 0x66666
x10 <- 0x0000000066666000
mem[X,0x0000000080024470] -> 0x0513
mem[X,0x0000000080024472] -> 0x6665
[4584] [M]: 0x0000000080024470 (0x66650513) addi a0, a0, 0x666
x10 <- 0x0000000066666666
mem[X,0x0000000080024474] -> 0x1513
mem[X,0x0000000080024476] -> 0x00B5
[4585] [M]: 0x0000000080024474 (0x00B51513) slli a0, a0, 0xb
x10 <- 0x0000033333333000
mem[X,0x0000000080024478] -> 0x0513
mem[X,0x000000008002447A] -> 0x3335
[4586] [M]: 0x0000000080024478 (0x33350513) addi a0, a0, 0x333
x10 <- 0x0000033333333333
mem[X,0x000000008002447C] -> 0x1513
mem[X,0x000000008002447E] -> 0x00B5
[4587] [M]: 0x000000008002447C (0x00B51513) slli a0, a0, 0xb
x10 <- 0x0019999999999800
mem[X,0x0000000080024480] -> 0x0513
mem[X,0x0000000080024482] -> 0x1995
[4588] [M]: 0x0000000080024480 (0x19950513) addi a0, a0, 0x199
x10 <- 0x0019999999999999
mem[X,0x0000000080024484] -> 0x1513
mem[X,0x0000000080024486] -> 0x00A5
[4589] [M]: 0x0000000080024484 (0x00A51513) slli a0, a0, 0xa
x10 <- 0x6666666666666400
mem[X,0x0000000080024488] -> 0x0513
mem[X,0x000000008002448A] -> 0x2665
[4590] [M]: 0x0000000080024488 (0x26650513) addi a0, a0, 0x266
x10 <- 0x6666666666666666
mem[X,0x000000008002448C] -> 0x05B7
mem[X,0x000000008002448E] -> 0x0000
[4591] [M]: 0x000000008002448C (0x000005B7) lui a1, 0x0
x11 <- 0x0000000000000000
mem[X,0x0000000080024490] -> 0x8593
mem[X,0x0000000080024492] -> 0x0005
[4592] [M]: 0x0000000080024490 (0x00058593) addi a1, a1, 0x0
x11 <- 0x0000000000000000
mem[X,0x0000000080024494] -> 0x9593
mem[X,0x0000000080024496] -> 0x00B5
[4593] [M]: 0x0000000080024494 (0x00B59593) slli a1, a1, 0xb
x11 <- 0x0000000000000000
mem[X,0x0000000080024498] -> 0x8593
mem[X,0x000000008002449A] -> 0x5A85
[4594] [M]: 0x0000000080024498 (0x5A858593) addi a1, a1, 0x5a8
x11 <- 0x00000000000005A8
mem[X,0x000000008002449C] -> 0x9593
mem[X,0x000000008002449E] -> 0x00B5
[4595] [M]: 0x000000008002449C (0x00B59593) slli a1, a1, 0xb
x11 <- 0x00000000002D4000
mem[X,0x00000000800244A0] -> 0x8593
mem[X,0x00000000800244A2] -> 0x13C5
[4596] [M]: 0x00000000800244A0 (0x13C58593) addi a1, a1, 0x13c
x11 <- 0x00000000002D413C
mem[X,0x00000000800244A4] -> 0x9593
mem[X,0x00000000800244A6] -> 0x00A5
[4597] [M]: 0x00000000800244A4 (0x00A59593) slli a1, a1, 0xa
x11 <- 0x00000000B504F000
mem[X,0x00000000800244A8] -> 0x8593
mem[X,0x00000000800244AA] -> 0x3345
[4598] [M]: 0x00000000800244A8 (0x33458593) addi a1, a1, 0x334
x11 <- 0x00000000B504F334
mem[X,0x00000000800244AC] -> 0x0213
mem[X,0x00000000800244AE] -> 0x0000
[4599] [M]: 0x00000000800244AC (0x00000213) addi tp, zero, 0x0
x4 <- 0x0000000000000000
clint::tick mtime <- 0x000000000000002E
 clint timer pending at mtime 0x000000000000002E
htif::tick 0x0000000000000000
mem[X,0x00000000800244B0] -> 0x006F
mem[X,0x00000000800244B2] -> 0x0100
[4600] [M]: 0x00000000800244B0 (0x0100006F) jal zero, 0x10
mem[X,0x00000000800244C0] -> 0x0AE3
mem[X,0x00000000800244C2] -> 0xFEB5
[4601] [M]: 0x00000000800244C0 (0xFEB50AE3) beq a0, a1, -0xc
mem[X,0x00000000800244C4] -> 0x0213
mem[X,0x00000000800244C6] -> 0x0022
[4602] [M]: 0x00000000800244C4 (0x00220213) addi tp, tp, 0x2
x4 <- 0x0000000000000002
mem[X,0x00000000800244C8] -> 0x006F
mem[X,0x00000000800244CA] -> 0x00C0
[4603] [M]: 0x00000000800244C8 (0x00C0006F) jal zero, 0xc
mem[X,0x00000000800244D4] -> 0x3C23
mem[X,0x00000000800244D6] -> 0x1641
[4604] [M]: 0x00000000800244D4 (0x16413C23) sd tp, 0x178(sp)
mem[0x0000000080048B40] <- 0x0000000000000002
mem[X,0x00000000800244D8] -> 0x0537
mem[X,0x00000000800244DA] -> 0x0000
[4605] [M]: 0x00000000800244D8 (0x00000537) lui a0, 0x0
x10 <- 0x0000000000000000
mem[X,0x00000000800244DC] -> 0x0513
mem[X,0x00000000800244DE] -> 0xFFF5
[4606] [M]: 0x00000000800244DC (0xFFF50513) addi a0, a0, -0x1
x10 <- 0xFFFFFFFFFFFFFFFF
mem[X,0x00000000800244E0] -> 0x1513
mem[X,0x00000000800244E2] -> 0x00B5
[4607] [M]: 0x00000000800244E0 (0x00B51513) slli a0, a0, 0xb
x10 <- 0xFFFFFFFFFFFFF800
mem[X,0x00000000800244E4] -> 0x0513
mem[X,0x00000000800244E6] -> 0x2575
[4608] [M]: 0x00000000800244E4 (0x25750513) addi a0, a0, 0x257
x10 <- 0xFFFFFFFFFFFFFA57
mem[X,0x00000000800244E8] -> 0x1513
mem[X,0x00000000800244EA] -> 0x00B5
[4609] [M]: 0x00000000800244E8 (0x00B51513) slli a0, a0, 0xb
x10 <- 0xFFFFFFFFFFD2B800
mem[X,0x00000000800244EC] -> 0x0513
mem[X,0x00000000800244EE] -> 0x6C35
[4610] [M]: 0x00000000800244EC (0x6C350513) addi a0, a0, 0x6c3
x10 <- 0xFFFFFFFFFFD2BEC3
mem[X,0x00000000800244F0] -> 0x1513
mem[X,0x00000000800244F2] -> 0x00A5
[4611] [M]: 0x00000000800244F0 (0x00A51513) slli a0, a0, 0xa
x10 <- 0xFFFFFFFF4AFB0C00
mem[X,0x00000000800244F4] -> 0x0513
mem[X,0x00000000800244F6] -> 0x0CD5
[4612] [M]: 0x00000000800244F4 (0x0CD50513) addi a0, a0, 0xcd
x10 <- 0xFFFFFFFF4AFB0CCD
mem[X,0x00000000800244F8] -> 0x0593
mem[X,0x00000000800244FA] -> 0x0030
[4613] [M]: 0x00000000800244F8 (0x00300593) addi a1, zero, 0x3
x11 <- 0x0000000000000003
mem[X,0x00000000800244FC] -> 0x0213
mem[X,0x00000000800244FE] -> 0x0000
[4614] [M]: 0x00000000800244FC (0x00000213) addi tp, zero, 0x0
x4 <- 0x0000000000000000
mem[X,0x0000000080024500] -> 0x006F
mem[X,0x0000000080024502] -> 0x00C0
[4615] [M]: 0x0000000080024500 (0x00C0006F) jal zero, 0xc
mem[X,0x000000008002450C] -> 0x0063
mem[X,0x000000008002450E] -> 0x20B5
[4616] [M]: 0x000000008002450C (0x20B50063) beq a0, a1, 0x200
mem[X,0x0000000080024510] -> 0x0213
mem[X,0x0000000080024512] -> 0x0022
[4617] [M]: 0x0000000080024510 (0x00220213) addi tp, tp, 0x2
x4 <- 0x0000000000000002
mem[X,0x0000000080024514] -> 0x006F
mem[X,0x0000000080024516] -> 0x2000
[4618] [M]: 0x0000000080024514 (0x2000006F) jal zero, 0x200
mem[X,0x0000000080024714] -> 0x3023
mem[X,0x0000000080024716] -> 0x1841
[4619] [M]: 0x0000000080024714 (0x18413023) sd tp, 0x180(sp)
mem[0x0000000080048B48] <- 0x0000000000000002
mem[X,0x0000000080024718] -> 0x0537
mem[X,0x000000008002471A] -> 0x0000
[4620] [M]: 0x0000000080024718 (0x00000537) lui a0, 0x0
x10 <- 0x0000000000000000
mem[X,0x000000008002471C] -> 0x0513
mem[X,0x000000008002471E] -> 0xFFF5
[4621] [M]: 0x000000008002471C (0xFFF50513) addi a0, a0, -0x1
x10 <- 0xFFFFFFFFFFFFFFFF
mem[X,0x0000000080024720] -> 0x1513
mem[X,0x0000000080024722] -> 0x00B5
[4622] [M]: 0x0000000080024720 (0x00B51513) slli a0, a0, 0xb
x10 <- 0xFFFFFFFFFFFFF800
mem[X,0x0000000080024724] -> 0x0513
mem[X,0x0000000080024726] -> 0x2575
[4623] [M]: 0x0000000080024724 (0x25750513) addi a0, a0, 0x257
x10 <- 0xFFFFFFFFFFFFFA57
mem[X,0x0000000080024728] -> 0x1513
mem[X,0x000000008002472A] -> 0x00B5
[4624] [M]: 0x0000000080024728 (0x00B51513) slli a0, a0, 0xb
x10 <- 0xFFFFFFFFFFD2B800
mem[X,0x000000008002472C] -> 0x0513
mem[X,0x000000008002472E] -> 0x6C35
[4625] [M]: 0x000000008002472C (0x6C350513) addi a0, a0, 0x6c3
x10 <- 0xFFFFFFFFFFD2BEC3
mem[X,0x0000000080024730] -> 0x1513
mem[X,0x0000000080024732] -> 0x00A5
[4626] [M]: 0x0000000080024730 (0x00A51513) slli a0, a0, 0xa
x10 <- 0xFFFFFFFF4AFB0C00
mem[X,0x0000000080024734] -> 0x0513
mem[X,0x0000000080024736] -> 0x0CD5
[4627] [M]: 0x0000000080024734 (0x0CD50513) addi a0, a0, 0xcd
x10 <- 0xFFFFFFFF4AFB0CCD
mem[X,0x0000000080024738] -> 0x55B7
mem[X,0x000000008002473A] -> 0x5555
[4628] [M]: 0x0000000080024738 (0x555555B7) lui a1, 0x55555
x11 <- 0x0000000055555000
mem[X,0x000000008002473C] -> 0x8593
mem[X,0x000000008002473E] -> 0x5555
[4629] [M]: 0x000000008002473C (0x55558593) addi a1, a1, 0x555
x11 <- 0x0000000055555555
mem[X,0x0000000080024740] -> 0x9593
mem[X,0x0000000080024742] -> 0x00B5
[4630] [M]: 0x0000000080024740 (0x00B59593) slli a1, a1, 0xb
x11 <- 0x000002AAAAAAA800
mem[X,0x0000000080024744] -> 0x8593
mem[X,0x0000000080024746] -> 0x2AA5
[4631] [M]: 0x0000000080024744 (0x2AA58593) addi a1, a1, 0x2aa
x11 <- 0x000002AAAAAAAAAA
mem[X,0x0000000080024748] -> 0x9593
mem[X,0x000000008002474A] -> 0x00B5
[4632] [M]: 0x0000000080024748 (0x00B59593) slli a1, a1, 0xb
x11 <- 0x0015555555555000
mem[X,0x000000008002474C] -> 0x8593
mem[X,0x000000008002474E] -> 0x5555
[4633] [M]: 0x000000008002474C (0x55558593) addi a1, a1, 0x555
x11 <- 0x0015555555555555
mem[X,0x0000000080024750] -> 0x9593
mem[X,0x0000000080024752] -> 0x00A5
[4634] [M]: 0x0000000080024750 (0x00A59593) slli a1, a1, 0xa
x11 <- 0x5555555555555400
mem[X,0x0000000080024754] -> 0x8593
mem[X,0x0000000080024756] -> 0x1555
[4635] [M]: 0x0000000080024754 (0x15558593) addi a1, a1, 0x155
x11 <- 0x5555555555555555
mem[X,0x0000000080024758] -> 0x0213
mem[X,0x000000008002475A] -> 0x0000
[4636] [M]: 0x0000000080024758 (0x00000213) addi tp, zero, 0x0
x4 <- 0x0000000000000000
mem[X,0x000000008002475C] -> 0x006F
mem[X,0x000000008002475E] -> 0x00C0
[4637] [M]: 0x000000008002475C (0x00C0006F) jal zero, 0xc
mem[X,0x0000000080024768] -> 0x0663
mem[X,0x000000008002476A] -> 0x00B5
[4638] [M]: 0x0000000080024768 (0x00B50663) beq a0, a1, 0xc
mem[X,0x000000008002476C] -> 0x0213
mem[X,0x000000008002476E] -> 0x0022
[4639] [M]: 0x000000008002476C (0x00220213) addi tp, tp, 0x2
x4 <- 0x0000000000000002
mem[X,0x0000000080024770] -> 0x006F
mem[X,0x0000000080024772] -> 0x00C0
[4640] [M]: 0x0000000080024770 (0x00C0006F) jal zero, 0xc
mem[X,0x000000008002477C] -> 0x3423
mem[X,0x000000008002477E] -> 0x1841
[4641] [M]: 0x000000008002477C (0x18413423) sd tp, 0x188(sp)
mem[0x0000000080048B50] <- 0x0000000000000002
mem[X,0x0000000080024780] -> 0x0537
mem[X,0x0000000080024782] -> 0x0000
[4642] [M]: 0x0000000080024780 (0x00000537) lui a0, 0x0
x10 <- 0x0000000000000000
mem[X,0x0000000080024784] -> 0x0513
mem[X,0x0000000080024786] -> 0xFFF5
[4643] [M]: 0x0000000080024784 (0xFFF50513) addi a0, a0, -0x1
x10 <- 0xFFFFFFFFFFFFFFFF
mem[X,0x0000000080024788] -> 0x1513
mem[X,0x000000008002478A] -> 0x00B5
[4644] [M]: 0x0000000080024788 (0x00B51513) slli a0, a0, 0xb
x10 <- 0xFFFFFFFFFFFFF800
mem[X,0x000000008002478C] -> 0x0513
mem[X,0x000000008002478E] -> 0x2575
[4645] [M]: 0x000000008002478C (0x25750513) addi a0, a0, 0x257
x10 <- 0xFFFFFFFFFFFFFA57
mem[X,0x0000000080024790] -> 0x1513
mem[X,0x0000000080024792] -> 0x00B5
[4646] [M]: 0x0000000080024790 (0x00B51513) slli a0, a0, 0xb
x10 <- 0xFFFFFFFFFFD2B800
mem[X,0x0000000080024794] -> 0x0513
mem[X,0x0000000080024796] -> 0x6C35
[4647] [M]: 0x0000000080024794 (0x6C350513) addi a0, a0, 0x6c3
x10 <- 0xFFFFFFFFFFD2BEC3
mem[X,0x0000000080024798] -> 0x1513
mem[X,0x000000008002479A] -> 0x00A5
[4648] [M]: 0x0000000080024798 (0x00A51513) slli a0, a0, 0xa
x10 <- 0xFFFFFFFF4AFB0C00
mem[X,0x000000008002479C] -> 0x0513
mem[X,0x000000008002479E] -> 0x0CD5
[4649] [M]: 0x000000008002479C (0x0CD50513) addi a0, a0, 0xcd
x10 <- 0xFFFFFFFF4AFB0CCD
mem[X,0x00000000800247A0] -> 0xB5B7
mem[X,0x00000000800247A2] -> 0xAAAA
[4650] [M]: 0x00000000800247A0 (0xAAAAB5B7) lui a1, -0x55555
x11 <- 0xFFFFFFFFAAAAB000
mem[X,0x00000000800247A4] -> 0x8593
mem[X,0x00000000800247A6] -> 0xAAA5
[4651] [M]: 0x00000000800247A4 (0xAAA58593) addi a1, a1, -0x556
x11 <- 0xFFFFFFFFAAAAAAAA
mem[X,0x00000000800247A8] -> 0x9593
mem[X,0x00000000800247AA] -> 0x00B5
[4652] [M]: 0x00000000800247A8 (0x00B59593) slli a1, a1, 0xb
x11 <- 0xFFFFFD5555555000
mem[X,0x00000000800247AC] -> 0x8593
mem[X,0x00000000800247AE] -> 0x5555
[4653] [M]: 0x00000000800247AC (0x55558593) addi a1, a1, 0x555
x11 <- 0xFFFFFD5555555555
mem[X,0x00000000800247B0] -> 0x9593
mem[X,0x00000000800247B2] -> 0x00B5
[4654] [M]: 0x00000000800247B0 (0x00B59593) slli a1, a1, 0xb
x11 <- 0xFFEAAAAAAAAAA800
mem[X,0x00000000800247B4] -> 0x8593
mem[X,0x00000000800247B6] -> 0x2AA5
[4655] [M]: 0x00000000800247B4 (0x2AA58593) addi a1, a1, 0x2aa
x11 <- 0xFFEAAAAAAAAAAAAA
mem[X,0x00000000800247B8] -> 0x9593
mem[X,0x00000000800247BA] -> 0x00A5
[4656] [M]: 0x00000000800247B8 (0x00A59593) slli a1, a1, 0xa
x11 <- 0xAAAAAAAAAAAAA800
mem[X,0x00000000800247BC] -> 0x8593
mem[X,0x00000000800247BE] -> 0x2AA5
[4657] [M]: 0x00000000800247BC (0x2AA58593) addi a1, a1, 0x2aa
x11 <- 0xAAAAAAAAAAAAAAAA
mem[X,0x00000000800247C0] -> 0x0213
mem[X,0x00000000800247C2] -> 0x0000
[4658] [M]: 0x00000000800247C0 (0x00000213) addi tp, zero, 0x0
x4 <- 0x0000000000000000
mem[X,0x00000000800247C4] -> 0x006F
mem[X,0x00000000800247C6] -> 0x0140
[4659] [M]: 0x00000000800247C4 (0x0140006F) jal zero, 0x14
mem[X,0x00000000800247D8] -> 0x08E3
mem[X,0x00000000800247DA] -> 0xFEB5
[4660] [M]: 0x00000000800247D8 (0xFEB508E3) beq a0, a1, -0x10
mem[X,0x00000000800247DC] -> 0x0213
mem[X,0x00000000800247DE] -> 0x0022
[4661] [M]: 0x00000000800247DC (0x00220213) addi tp, tp, 0x2
x4 <- 0x0000000000000002
mem[X,0x00000000800247E0] -> 0x006F
mem[X,0x00000000800247E2] -> 0x00C0
[4662] [M]: 0x00000000800247E0 (0x00C0006F) jal zero, 0xc
mem[X,0x00000000800247EC] -> 0x3823
mem[X,0x00000000800247EE] -> 0x1841
[4663] [M]: 0x00000000800247EC (0x18413823) sd tp, 0x190(sp)
mem[0x0000000080048B58] <- 0x0000000000000002
mem[X,0x00000000800247F0] -> 0x0537
mem[X,0x00000000800247F2] -> 0x0000
[4664] [M]: 0x00000000800247F0 (0x00000537) lui a0, 0x0
x10 <- 0x0000000000000000
mem[X,0x00000000800247F4] -> 0x0513
mem[X,0x00000000800247F6] -> 0xFFF5
[4665] [M]: 0x00000000800247F4 (0xFFF50513) addi a0, a0, -0x1
x10 <- 0xFFFFFFFFFFFFFFFF
mem[X,0x00000000800247F8] -> 0x1513
mem[X,0x00000000800247FA] -> 0x00B5
[4666] [M]: 0x00000000800247F8 (0x00B51513) slli a0, a0, 0xb
x10 <- 0xFFFFFFFFFFFFF800
mem[X,0x00000000800247FC] -> 0x0513
mem[X,0x00000000800247FE] -> 0x2575
[4667] [M]: 0x00000000800247FC (0x25750513) addi a0, a0, 0x257
x10 <- 0xFFFFFFFFFFFFFA57
mem[X,0x0000000080024800] -> 0x1513
mem[X,0x0000000080024802] -> 0x00B5
[4668] [M]: 0x0000000080024800 (0x00B51513) slli a0, a0, 0xb
x10 <- 0xFFFFFFFFFFD2B800
mem[X,0x0000000080024804] -> 0x0513
mem[X,0x0000000080024806] -> 0x6C35
[4669] [M]: 0x0000000080024804 (0x6C350513) addi a0, a0, 0x6c3
x10 <- 0xFFFFFFFFFFD2BEC3
mem[X,0x0000000080024808] -> 0x1513
mem[X,0x000000008002480A] -> 0x00A5
[4670] [M]: 0x0000000080024808 (0x00A51513) slli a0, a0, 0xa
x10 <- 0xFFFFFFFF4AFB0C00
mem[X,0x000000008002480C] -> 0x0513
mem[X,0x000000008002480E] -> 0x0CD5
[4671] [M]: 0x000000008002480C (0x0CD50513) addi a0, a0, 0xcd
x10 <- 0xFFFFFFFF4AFB0CCD
mem[X,0x0000000080024810] -> 0x0593
mem[X,0x0000000080024812] -> 0x0050
[4672] [M]: 0x0000000080024810 (0x00500593) addi a1, zero, 0x5
x11 <- 0x0000000000000005
mem[X,0x0000000080024814] -> 0x0213
mem[X,0x0000000080024816] -> 0x0000
[4673] [M]: 0x0000000080024814 (0x00000213) addi tp, zero, 0x0
x4 <- 0x0000000000000000
mem[X,0x0000000080024818] -> 0x006F
mem[X,0x000000008002481A] -> 0x00C0
[4674] [M]: 0x0000000080024818 (0x00C0006F) jal zero, 0xc
mem[X,0x0000000080024824] -> 0x0863
mem[X,0x0000000080024826] -> 0x00B5
[4675] [M]: 0x0000000080024824 (0x00B50863) beq a0, a1, 0x10
mem[X,0x0000000080024828] -> 0x0213
mem[X,0x000000008002482A] -> 0x0022
[4676] [M]: 0x0000000080024828 (0x00220213) addi tp, tp, 0x2
x4 <- 0x0000000000000002
mem[X,0x000000008002482C] -> 0x006F
mem[X,0x000000008002482E] -> 0x0100
[4677] [M]: 0x000000008002482C (0x0100006F) jal zero, 0x10
mem[X,0x000000008002483C] -> 0x3C23
mem[X,0x000000008002483E] -> 0x1841
[4678] [M]: 0x000000008002483C (0x18413C23) sd tp, 0x198(sp)
mem[0x0000000080048B60] <- 0x0000000000000002
mem[X,0x0000000080024840] -> 0x0537
mem[X,0x0000000080024842] -> 0x0000
[4679] [M]: 0x0000000080024840 (0x00000537) lui a0, 0x0
x10 <- 0x0000000000000000
mem[X,0x0000000080024844] -> 0x0513
mem[X,0x0000000080024846] -> 0xFFF5
[4680] [M]: 0x0000000080024844 (0xFFF50513) addi a0, a0, -0x1
x10 <- 0xFFFFFFFFFFFFFFFF
mem[X,0x0000000080024848] -> 0x1513
mem[X,0x000000008002484A] -> 0x00B5
[4681] [M]: 0x0000000080024848 (0x00B51513) slli a0, a0, 0xb
x10 <- 0xFFFFFFFFFFFFF800
mem[X,0x000000008002484C] -> 0x0513
mem[X,0x000000008002484E] -> 0x2575
[4682] [M]: 0x000000008002484C (0x25750513) addi a0, a0, 0x257
x10 <- 0xFFFFFFFFFFFFFA57
mem[X,0x0000000080024850] -> 0x1513
mem[X,0x0000000080024852] -> 0x00B5
[4683] [M]: 0x0000000080024850 (0x00B51513) slli a0, a0, 0xb
x10 <- 0xFFFFFFFFFFD2B800
mem[X,0x0000000080024854] -> 0x0513
mem[X,0x0000000080024856] -> 0x6C35
[4684] [M]: 0x0000000080024854 (0x6C350513) addi a0, a0, 0x6c3
x10 <- 0xFFFFFFFFFFD2BEC3
mem[X,0x0000000080024858] -> 0x1513
mem[X,0x000000008002485A] -> 0x00A5
[4685] [M]: 0x0000000080024858 (0x00A51513) slli a0, a0, 0xa
x10 <- 0xFFFFFFFF4AFB0C00
mem[X,0x000000008002485C] -> 0x0513
mem[X,0x000000008002485E] -> 0x0CD5
[4686] [M]: 0x000000008002485C (0x0CD50513) addi a0, a0, 0xcd
x10 <- 0xFFFFFFFF4AFB0CCD
mem[X,0x0000000080024860] -> 0x35B7
mem[X,0x0000000080024862] -> 0x3333
[4687] [M]: 0x0000000080024860 (0x333335B7) lui a1, 0x33333
x11 <- 0x0000000033333000
mem[X,0x0000000080024864] -> 0x8593
mem[X,0x0000000080024866] -> 0x3335
[4688] [M]: 0x0000000080024864 (0x33358593) addi a1, a1, 0x333
x11 <- 0x0000000033333333
mem[X,0x0000000080024868] -> 0x9593
mem[X,0x000000008002486A] -> 0x00B5
[4689] [M]: 0x0000000080024868 (0x00B59593) slli a1, a1, 0xb
x11 <- 0x0000019999999800
mem[X,0x000000008002486C] -> 0x8593
mem[X,0x000000008002486E] -> 0x1995
[4690] [M]: 0x000000008002486C (0x19958593) addi a1, a1, 0x199
x11 <- 0x0000019999999999
mem[X,0x0000000080024870] -> 0x9593
mem[X,0x0000000080024872] -> 0x00B5
[4691] [M]: 0x0000000080024870 (0x00B59593) slli a1, a1, 0xb
x11 <- 0x000CCCCCCCCCC800
mem[X,0x0000000080024874] -> 0x8593
mem[X,0x0000000080024876] -> 0x4CC5
[4692] [M]: 0x0000000080024874 (0x4CC58593) addi a1, a1, 0x4cc
x11 <- 0x000CCCCCCCCCCCCC
mem[X,0x0000000080024878] -> 0x9593
mem[X,0x000000008002487A] -> 0x00A5
[4693] [M]: 0x0000000080024878 (0x00A59593) slli a1, a1, 0xa
x11 <- 0x3333333333333000
mem[X,0x000000008002487C] -> 0x8593
mem[X,0x000000008002487E] -> 0x3335
[4694] [M]: 0x000000008002487C (0x33358593) addi a1, a1, 0x333
x11 <- 0x3333333333333333
mem[X,0x0000000080024880] -> 0x0213
mem[X,0x0000000080024882] -> 0x0000
[4695] [M]: 0x0000000080024880 (0x00000213) addi tp, zero, 0x0
x4 <- 0x0000000000000000
mem[X,0x0000000080024884] -> 0x006F
mem[X,0x0000000080024886] -> 0x00C0
[4696] [M]: 0x0000000080024884 (0x00C0006F) jal zero, 0xc
mem[X,0x0000000080024890] -> 0x0663
mem[X,0x0000000080024892] -> 0x00B5
[4697] [M]: 0x0000000080024890 (0x00B50663) beq a0, a1, 0xc
mem[X,0x0000000080024894] -> 0x0213
mem[X,0x0000000080024896] -> 0x0022
[4698] [M]: 0x0000000080024894 (0x00220213) addi tp, tp, 0x2
x4 <- 0x0000000000000002
mem[X,0x0000000080024898] -> 0x006F
mem[X,0x000000008002489A] -> 0x00C0
[4699] [M]: 0x0000000080024898 (0x00C0006F) jal zero, 0xc
clint::tick mtime <- 0x000000000000002F
 clint timer pending at mtime 0x000000000000002F
htif::tick 0x0000000000000000
mem[X,0x00000000800248A4] -> 0x3023
mem[X,0x00000000800248A6] -> 0x1A41
[4700] [M]: 0x00000000800248A4 (0x1A413023) sd tp, 0x1a0(sp)
mem[0x0000000080048B68] <- 0x0000000000000002
mem[X,0x00000000800248A8] -> 0x0537
mem[X,0x00000000800248AA] -> 0x0000
[4701] [M]: 0x00000000800248A8 (0x00000537) lui a0, 0x0
x10 <- 0x0000000000000000
mem[X,0x00000000800248AC] -> 0x0513
mem[X,0x00000000800248AE] -> 0xFFF5
[4702] [M]: 0x00000000800248AC (0xFFF50513) addi a0, a0, -0x1
x10 <- 0xFFFFFFFFFFFFFFFF
mem[X,0x00000000800248B0] -> 0x1513
mem[X,0x00000000800248B2] -> 0x00B5
[4703] [M]: 0x00000000800248B0 (0x00B51513) slli a0, a0, 0xb
x10 <- 0xFFFFFFFFFFFFF800
mem[X,0x00000000800248B4] -> 0x0513
mem[X,0x00000000800248B6] -> 0x2575
[4704] [M]: 0x00000000800248B4 (0x25750513) addi a0, a0, 0x257
x10 <- 0xFFFFFFFFFFFFFA57
mem[X,0x00000000800248B8] -> 0x1513
mem[X,0x00000000800248BA] -> 0x00B5
[4705] [M]: 0x00000000800248B8 (0x00B51513) slli a0, a0, 0xb
x10 <- 0xFFFFFFFFFFD2B800
mem[X,0x00000000800248BC] -> 0x0513
mem[X,0x00000000800248BE] -> 0x6C35
[4706] [M]: 0x00000000800248BC (0x6C350513) addi a0, a0, 0x6c3
x10 <- 0xFFFFFFFFFFD2BEC3
mem[X,0x00000000800248C0] -> 0x1513
mem[X,0x00000000800248C2] -> 0x00A5
[4707] [M]: 0x00000000800248C0 (0x00A51513) slli a0, a0, 0xa
x10 <- 0xFFFFFFFF4AFB0C00
mem[X,0x00000000800248C4] -> 0x0513
mem[X,0x00000000800248C6] -> 0x0CD5
[4708] [M]: 0x00000000800248C4 (0x0CD50513) addi a0, a0, 0xcd
x10 <- 0xFFFFFFFF4AFB0CCD
mem[X,0x00000000800248C8] -> 0x65B7
mem[X,0x00000000800248CA] -> 0x6666
[4709] [M]: 0x00000000800248C8 (0x666665B7) lui a1, 0x66666
x11 <- 0x0000000066666000
mem[X,0x00000000800248CC] -> 0x8593
mem[X,0x00000000800248CE] -> 0x6665
[4710] [M]: 0x00000000800248CC (0x66658593) addi a1, a1, 0x666
x11 <- 0x0000000066666666
mem[X,0x00000000800248D0] -> 0x9593
mem[X,0x00000000800248D2] -> 0x00B5
[4711] [M]: 0x00000000800248D0 (0x00B59593) slli a1, a1, 0xb
x11 <- 0x0000033333333000
mem[X,0x00000000800248D4] -> 0x8593
mem[X,0x00000000800248D6] -> 0x3335
[4712] [M]: 0x00000000800248D4 (0x33358593) addi a1, a1, 0x333
x11 <- 0x0000033333333333
mem[X,0x00000000800248D8] -> 0x9593
mem[X,0x00000000800248DA] -> 0x00B5
[4713] [M]: 0x00000000800248D8 (0x00B59593) slli a1, a1, 0xb
x11 <- 0x0019999999999800
mem[X,0x00000000800248DC] -> 0x8593
mem[X,0x00000000800248DE] -> 0x1995
[4714] [M]: 0x00000000800248DC (0x19958593) addi a1, a1, 0x199
x11 <- 0x0019999999999999
mem[X,0x00000000800248E0] -> 0x9593
mem[X,0x00000000800248E2] -> 0x00A5
[4715] [M]: 0x00000000800248E0 (0x00A59593) slli a1, a1, 0xa
x11 <- 0x6666666666666400
mem[X,0x00000000800248E4] -> 0x8593
mem[X,0x00000000800248E6] -> 0x2665
[4716] [M]: 0x00000000800248E4 (0x26658593) addi a1, a1, 0x266
x11 <- 0x6666666666666666
mem[X,0x00000000800248E8] -> 0x0213
mem[X,0x00000000800248EA] -> 0x0000
[4717] [M]: 0x00000000800248E8 (0x00000213) addi tp, zero, 0x0
x4 <- 0x0000000000000000
mem[X,0x00000000800248EC] -> 0x006F
mem[X,0x00000000800248EE] -> 0x00C0
[4718] [M]: 0x00000000800248EC (0x00C0006F) jal zero, 0xc
mem[X,0x00000000800248F8] -> 0x0CE3
mem[X,0x00000000800248FA] -> 0xFEB5
[4719] [M]: 0x00000000800248F8 (0xFEB50CE3) beq a0, a1, -0x8
mem[X,0x00000000800248FC] -> 0x0213
mem[X,0x00000000800248FE] -> 0x0022
[4720] [M]: 0x00000000800248FC (0x00220213) addi tp, tp, 0x2
x4 <- 0x0000000000000002
mem[X,0x0000000080024900] -> 0x006F
mem[X,0x0000000080024902] -> 0x00C0
[4721] [M]: 0x0000000080024900 (0x00C0006F) jal zero, 0xc
mem[X,0x000000008002490C] -> 0x3423
mem[X,0x000000008002490E] -> 0x1A41
[4722] [M]: 0x000000008002490C (0x1A413423) sd tp, 0x1a8(sp)
mem[0x0000000080048B70] <- 0x0000000000000002
mem[X,0x0000000080024910] -> 0x0537
mem[X,0x0000000080024912] -> 0x0000
[4723] [M]: 0x0000000080024910 (0x00000537) lui a0, 0x0
x10 <- 0x0000000000000000
mem[X,0x0000000080024914] -> 0x0513
mem[X,0x0000000080024916] -> 0xFFF5
[4724] [M]: 0x0000000080024914 (0xFFF50513) addi a0, a0, -0x1
x10 <- 0xFFFFFFFFFFFFFFFF
mem[X,0x0000000080024918] -> 0x1513
mem[X,0x000000008002491A] -> 0x00B5
[4725] [M]: 0x0000000080024918 (0x00B51513) slli a0, a0, 0xb
x10 <- 0xFFFFFFFFFFFFF800
mem[X,0x000000008002491C] -> 0x0513
mem[X,0x000000008002491E] -> 0x2575
[4726] [M]: 0x000000008002491C (0x25750513) addi a0, a0, 0x257
x10 <- 0xFFFFFFFFFFFFFA57
mem[X,0x0000000080024920] -> 0x1513
mem[X,0x0000000080024922] -> 0x00B5
[4727] [M]: 0x0000000080024920 (0x00B51513) slli a0, a0, 0xb
x10 <- 0xFFFFFFFFFFD2B800
mem[X,0x0000000080024924] -> 0x0513
mem[X,0x0000000080024926] -> 0x6C35
[4728] [M]: 0x0000000080024924 (0x6C350513) addi a0, a0, 0x6c3
x10 <- 0xFFFFFFFFFFD2BEC3
mem[X,0x0000000080024928] -> 0x1513
mem[X,0x000000008002492A] -> 0x00A5
[4729] [M]: 0x0000000080024928 (0x00A51513) slli a0, a0, 0xa
x10 <- 0xFFFFFFFF4AFB0C00
mem[X,0x000000008002492C] -> 0x0513
mem[X,0x000000008002492E] -> 0x0CD5
[4730] [M]: 0x000000008002492C (0x0CD50513) addi a0, a0, 0xcd
x10 <- 0xFFFFFFFF4AFB0CCD
mem[X,0x0000000080024930] -> 0x05B7
mem[X,0x0000000080024932] -> 0x0000
[4731] [M]: 0x0000000080024930 (0x000005B7) lui a1, 0x0
x11 <- 0x0000000000000000
mem[X,0x0000000080024934] -> 0x8593
mem[X,0x0000000080024936] -> 0x0005
[4732] [M]: 0x0000000080024934 (0x00058593) addi a1, a1, 0x0
x11 <- 0x0000000000000000
mem[X,0x0000000080024938] -> 0x9593
mem[X,0x000000008002493A] -> 0x00B5
[4733] [M]: 0x0000000080024938 (0x00B59593) slli a1, a1, 0xb
x11 <- 0x0000000000000000
mem[X,0x000000008002493C] -> 0x8593
mem[X,0x000000008002493E] -> 0x5A85
[4734] [M]: 0x000000008002493C (0x5A858593) addi a1, a1, 0x5a8
x11 <- 0x00000000000005A8
mem[X,0x0000000080024940] -> 0x9593
mem[X,0x0000000080024942] -> 0x00B5
[4735] [M]: 0x0000000080024940 (0x00B59593) slli a1, a1, 0xb
x11 <- 0x00000000002D4000
mem[X,0x0000000080024944] -> 0x8593
mem[X,0x0000000080024946] -> 0x13C5
[4736] [M]: 0x0000000080024944 (0x13C58593) addi a1, a1, 0x13c
x11 <- 0x00000000002D413C
mem[X,0x0000000080024948] -> 0x9593
mem[X,0x000000008002494A] -> 0x00A5
[4737] [M]: 0x0000000080024948 (0x00A59593) slli a1, a1, 0xa
x11 <- 0x00000000B504F000
mem[X,0x000000008002494C] -> 0x8593
mem[X,0x000000008002494E] -> 0x3335
[4738] [M]: 0x000000008002494C (0x33358593) addi a1, a1, 0x333
x11 <- 0x00000000B504F333
mem[X,0x0000000080024950] -> 0x0213
mem[X,0x0000000080024952] -> 0x0000
[4739] [M]: 0x0000000080024950 (0x00000213) addi tp, zero, 0x0
x4 <- 0x0000000000000000
mem[X,0x0000000080024954] -> 0x006F
mem[X,0x0000000080024956] -> 0x00C0
[4740] [M]: 0x0000000080024954 (0x00C0006F) jal zero, 0xc
mem[X,0x0000000080024960] -> 0x0063
mem[X,0x0000000080024962] -> 0x08B5
[4741] [M]: 0x0000000080024960 (0x08B50063) beq a0, a1, 0x80
mem[X,0x0000000080024964] -> 0x0213
mem[X,0x0000000080024966] -> 0x0022
[4742] [M]: 0x0000000080024964 (0x00220213) addi tp, tp, 0x2
x4 <- 0x0000000000000002
mem[X,0x0000000080024968] -> 0x006F
mem[X,0x000000008002496A] -> 0x0800
[4743] [M]: 0x0000000080024968 (0x0800006F) jal zero, 0x80
mem[X,0x00000000800249E8] -> 0x3823
mem[X,0x00000000800249EA] -> 0x1A41
[4744] [M]: 0x00000000800249E8 (0x1A413823) sd tp, 0x1b0(sp)
mem[0x0000000080048B78] <- 0x0000000000000002
mem[X,0x00000000800249EC] -> 0x0537
mem[X,0x00000000800249EE] -> 0x0000
[4745] [M]: 0x00000000800249EC (0x00000537) lui a0, 0x0
x10 <- 0x0000000000000000
mem[X,0x00000000800249F0] -> 0x0513
mem[X,0x00000000800249F2] -> 0xFFF5
[4746] [M]: 0x00000000800249F0 (0xFFF50513) addi a0, a0, -0x1
x10 <- 0xFFFFFFFFFFFFFFFF
mem[X,0x00000000800249F4] -> 0x1513
mem[X,0x00000000800249F6] -> 0x00B5
[4747] [M]: 0x00000000800249F4 (0x00B51513) slli a0, a0, 0xb
x10 <- 0xFFFFFFFFFFFFF800
mem[X,0x00000000800249F8] -> 0x0513
mem[X,0x00000000800249FA] -> 0x2575
[4748] [M]: 0x00000000800249F8 (0x25750513) addi a0, a0, 0x257
x10 <- 0xFFFFFFFFFFFFFA57
mem[X,0x00000000800249FC] -> 0x1513
mem[X,0x00000000800249FE] -> 0x00B5
[4749] [M]: 0x00000000800249FC (0x00B51513) slli a0, a0, 0xb
x10 <- 0xFFFFFFFFFFD2B800
mem[X,0x0000000080024A00] -> 0x0513
mem[X,0x0000000080024A02] -> 0x6C35
[4750] [M]: 0x0000000080024A00 (0x6C350513) addi a0, a0, 0x6c3
x10 <- 0xFFFFFFFFFFD2BEC3
mem[X,0x0000000080024A04] -> 0x1513
mem[X,0x0000000080024A06] -> 0x00A5
[4751] [M]: 0x0000000080024A04 (0x00A51513) slli a0, a0, 0xa
x10 <- 0xFFFFFFFF4AFB0C00
mem[X,0x0000000080024A08] -> 0x0513
mem[X,0x0000000080024A0A] -> 0x0CD5
[4752] [M]: 0x0000000080024A08 (0x0CD50513) addi a0, a0, 0xcd
x10 <- 0xFFFFFFFF4AFB0CCD
mem[X,0x0000000080024A0C] -> 0x0593
mem[X,0x0000000080024A0E] -> 0x0020
[4753] [M]: 0x0000000080024A0C (0x00200593) addi a1, zero, 0x2
x11 <- 0x0000000000000002
mem[X,0x0000000080024A10] -> 0x0213
mem[X,0x0000000080024A12] -> 0x0000
[4754] [M]: 0x0000000080024A10 (0x00000213) addi tp, zero, 0x0
x4 <- 0x0000000000000000
mem[X,0x0000000080024A14] -> 0x006F
mem[X,0x0000000080024A16] -> 0x00C0
[4755] [M]: 0x0000000080024A14 (0x00C0006F) jal zero, 0xc
mem[X,0x0000000080024A20] -> 0x0663
mem[X,0x0000000080024A22] -> 0x00B5
[4756] [M]: 0x0000000080024A20 (0x00B50663) beq a0, a1, 0xc
mem[X,0x0000000080024A24] -> 0x0213
mem[X,0x0000000080024A26] -> 0x0022
[4757] [M]: 0x0000000080024A24 (0x00220213) addi tp, tp, 0x2
x4 <- 0x0000000000000002
mem[X,0x0000000080024A28] -> 0x006F
mem[X,0x0000000080024A2A] -> 0x00C0
[4758] [M]: 0x0000000080024A28 (0x00C0006F) jal zero, 0xc
mem[X,0x0000000080024A34] -> 0x3C23
mem[X,0x0000000080024A36] -> 0x1A41
[4759] [M]: 0x0000000080024A34 (0x1A413C23) sd tp, 0x1b8(sp)
mem[0x0000000080048B80] <- 0x0000000000000002
mem[X,0x0000000080024A38] -> 0x0537
mem[X,0x0000000080024A3A] -> 0x0000
[4760] [M]: 0x0000000080024A38 (0x00000537) lui a0, 0x0
x10 <- 0x0000000000000000
mem[X,0x0000000080024A3C] -> 0x0513
mem[X,0x0000000080024A3E] -> 0xFFF5
[4761] [M]: 0x0000000080024A3C (0xFFF50513) addi a0, a0, -0x1
x10 <- 0xFFFFFFFFFFFFFFFF
mem[X,0x0000000080024A40] -> 0x1513
mem[X,0x0000000080024A42] -> 0x00B5
[4762] [M]: 0x0000000080024A40 (0x00B51513) slli a0, a0, 0xb
x10 <- 0xFFFFFFFFFFFFF800
mem[X,0x0000000080024A44] -> 0x0513
mem[X,0x0000000080024A46] -> 0x2575
[4763] [M]: 0x0000000080024A44 (0x25750513) addi a0, a0, 0x257
x10 <- 0xFFFFFFFFFFFFFA57
mem[X,0x0000000080024A48] -> 0x1513
mem[X,0x0000000080024A4A] -> 0x00B5
[4764] [M]: 0x0000000080024A48 (0x00B51513) slli a0, a0, 0xb
x10 <- 0xFFFFFFFFFFD2B800
mem[X,0x0000000080024A4C] -> 0x0513
mem[X,0x0000000080024A4E] -> 0x6C35
[4765] [M]: 0x0000000080024A4C (0x6C350513) addi a0, a0, 0x6c3
x10 <- 0xFFFFFFFFFFD2BEC3
mem[X,0x0000000080024A50] -> 0x1513
mem[X,0x0000000080024A52] -> 0x00A5
[4766] [M]: 0x0000000080024A50 (0x00A51513) slli a0, a0, 0xa
x10 <- 0xFFFFFFFF4AFB0C00
mem[X,0x0000000080024A54] -> 0x0513
mem[X,0x0000000080024A56] -> 0x0CD5
[4767] [M]: 0x0000000080024A54 (0x0CD50513) addi a0, a0, 0xcd
x10 <- 0xFFFFFFFF4AFB0CCD
mem[X,0x0000000080024A58] -> 0x55B7
mem[X,0x0000000080024A5A] -> 0x5555
[4768] [M]: 0x0000000080024A58 (0x555555B7) lui a1, 0x55555
x11 <- 0x0000000055555000
mem[X,0x0000000080024A5C] -> 0x8593
mem[X,0x0000000080024A5E] -> 0x5555
[4769] [M]: 0x0000000080024A5C (0x55558593) addi a1, a1, 0x555
x11 <- 0x0000000055555555
mem[X,0x0000000080024A60] -> 0x9593
mem[X,0x0000000080024A62] -> 0x00B5
[4770] [M]: 0x0000000080024A60 (0x00B59593) slli a1, a1, 0xb
x11 <- 0x000002AAAAAAA800
mem[X,0x0000000080024A64] -> 0x8593
mem[X,0x0000000080024A66] -> 0x2AA5
[4771] [M]: 0x0000000080024A64 (0x2AA58593) addi a1, a1, 0x2aa
x11 <- 0x000002AAAAAAAAAA
mem[X,0x0000000080024A68] -> 0x9593
mem[X,0x0000000080024A6A] -> 0x00B5
[4772] [M]: 0x0000000080024A68 (0x00B59593) slli a1, a1, 0xb
x11 <- 0x0015555555555000
mem[X,0x0000000080024A6C] -> 0x8593
mem[X,0x0000000080024A6E] -> 0x5555
[4773] [M]: 0x0000000080024A6C (0x55558593) addi a1, a1, 0x555
x11 <- 0x0015555555555555
mem[X,0x0000000080024A70] -> 0x9593
mem[X,0x0000000080024A72] -> 0x00A5
[4774] [M]: 0x0000000080024A70 (0x00A59593) slli a1, a1, 0xa
x11 <- 0x5555555555555400
mem[X,0x0000000080024A74] -> 0x8593
mem[X,0x0000000080024A76] -> 0x1545
[4775] [M]: 0x0000000080024A74 (0x15458593) addi a1, a1, 0x154
x11 <- 0x5555555555555554
mem[X,0x0000000080024A78] -> 0x0213
mem[X,0x0000000080024A7A] -> 0x0000
[4776] [M]: 0x0000000080024A78 (0x00000213) addi tp, zero, 0x0
x4 <- 0x0000000000000000
mem[X,0x0000000080024A7C] -> 0x006F
mem[X,0x0000000080024A7E] -> 0x0100
[4777] [M]: 0x0000000080024A7C (0x0100006F) jal zero, 0x10
mem[X,0x0000000080024A8C] -> 0x0AE3
mem[X,0x0000000080024A8E] -> 0xFEB5
[4778] [M]: 0x0000000080024A8C (0xFEB50AE3) beq a0, a1, -0xc
mem[X,0x0000000080024A90] -> 0x0213
mem[X,0x0000000080024A92] -> 0x0022
[4779] [M]: 0x0000000080024A90 (0x00220213) addi tp, tp, 0x2
x4 <- 0x0000000000000002
mem[X,0x0000000080024A94] -> 0x006F
mem[X,0x0000000080024A96] -> 0x00C0
[4780] [M]: 0x0000000080024A94 (0x00C0006F) jal zero, 0xc
mem[X,0x0000000080024AA0] -> 0x3023
mem[X,0x0000000080024AA2] -> 0x1C41
[4781] [M]: 0x0000000080024AA0 (0x1C413023) sd tp, 0x1c0(sp)
mem[0x0000000080048B88] <- 0x0000000000000002
mem[X,0x0000000080024AA4] -> 0x0537
mem[X,0x0000000080024AA6] -> 0x0000
[4782] [M]: 0x0000000080024AA4 (0x00000537) lui a0, 0x0
x10 <- 0x0000000000000000
mem[X,0x0000000080024AA8] -> 0x0513
mem[X,0x0000000080024AAA] -> 0xFFF5
[4783] [M]: 0x0000000080024AA8 (0xFFF50513) addi a0, a0, -0x1
x10 <- 0xFFFFFFFFFFFFFFFF
mem[X,0x0000000080024AAC] -> 0x1513
mem[X,0x0000000080024AAE] -> 0x00B5
[4784] [M]: 0x0000000080024AAC (0x00B51513) slli a0, a0, 0xb
x10 <- 0xFFFFFFFFFFFFF800
mem[X,0x0000000080024AB0] -> 0x0513
mem[X,0x0000000080024AB2] -> 0x2575
[4785] [M]: 0x0000000080024AB0 (0x25750513) addi a0, a0, 0x257
x10 <- 0xFFFFFFFFFFFFFA57
mem[X,0x0000000080024AB4] -> 0x1513
mem[X,0x0000000080024AB6] -> 0x00B5
[4786] [M]: 0x0000000080024AB4 (0x00B51513) slli a0, a0, 0xb
x10 <- 0xFFFFFFFFFFD2B800
mem[X,0x0000000080024AB8] -> 0x0513
mem[X,0x0000000080024ABA] -> 0x6C35
[4787] [M]: 0x0000000080024AB8 (0x6C350513) addi a0, a0, 0x6c3
x10 <- 0xFFFFFFFFFFD2BEC3
mem[X,0x0000000080024ABC] -> 0x1513
mem[X,0x0000000080024ABE] -> 0x00A5
[4788] [M]: 0x0000000080024ABC (0x00A51513) slli a0, a0, 0xa
x10 <- 0xFFFFFFFF4AFB0C00
mem[X,0x0000000080024AC0] -> 0x0513
mem[X,0x0000000080024AC2] -> 0x0CD5
[4789] [M]: 0x0000000080024AC0 (0x0CD50513) addi a0, a0, 0xcd
x10 <- 0xFFFFFFFF4AFB0CCD
mem[X,0x0000000080024AC4] -> 0x0593
mem[X,0x0000000080024AC6] -> 0x0000
[4790] [M]: 0x0000000080024AC4 (0x00000593) addi a1, zero, 0x0
x11 <- 0x0000000000000000
mem[X,0x0000000080024AC8] -> 0x0213
mem[X,0x0000000080024ACA] -> 0x0000
[4791] [M]: 0x0000000080024AC8 (0x00000213) addi tp, zero, 0x0
x4 <- 0x0000000000000000
mem[X,0x0000000080024ACC] -> 0x006F
mem[X,0x0000000080024ACE] -> 0x00C0
[4792] [M]: 0x0000000080024ACC (0x00C0006F) jal zero, 0xc
mem[X,0x0000000080024AD8] -> 0x0863
mem[X,0x0000000080024ADA] -> 0x00B5
[4793] [M]: 0x0000000080024AD8 (0x00B50863) beq a0, a1, 0x10
mem[X,0x0000000080024ADC] -> 0x0213
mem[X,0x0000000080024ADE] -> 0x0022
[4794] [M]: 0x0000000080024ADC (0x00220213) addi tp, tp, 0x2
x4 <- 0x0000000000000002
mem[X,0x0000000080024AE0] -> 0x006F
mem[X,0x0000000080024AE2] -> 0x0100
[4795] [M]: 0x0000000080024AE0 (0x0100006F) jal zero, 0x10
mem[X,0x0000000080024AF0] -> 0x3423
mem[X,0x0000000080024AF2] -> 0x1C41
[4796] [M]: 0x0000000080024AF0 (0x1C413423) sd tp, 0x1c8(sp)
mem[0x0000000080048B90] <- 0x0000000000000002
mem[X,0x0000000080024AF4] -> 0x0537
mem[X,0x0000000080024AF6] -> 0x0000
[4797] [M]: 0x0000000080024AF4 (0x00000537) lui a0, 0x0
x10 <- 0x0000000000000000
mem[X,0x0000000080024AF8] -> 0x0513
mem[X,0x0000000080024AFA] -> 0xFFF5
[4798] [M]: 0x0000000080024AF8 (0xFFF50513) addi a0, a0, -0x1
x10 <- 0xFFFFFFFFFFFFFFFF
mem[X,0x0000000080024AFC] -> 0x1513
mem[X,0x0000000080024AFE] -> 0x00B5
[4799] [M]: 0x0000000080024AFC (0x00B51513) slli a0, a0, 0xb
x10 <- 0xFFFFFFFFFFFFF800
clint::tick mtime <- 0x0000000000000030
 clint timer pending at mtime 0x0000000000000030
htif::tick 0x0000000000000000
mem[X,0x0000000080024B00] -> 0x0513
mem[X,0x0000000080024B02] -> 0x2575
[4800] [M]: 0x0000000080024B00 (0x25750513) addi a0, a0, 0x257
x10 <- 0xFFFFFFFFFFFFFA57
mem[X,0x0000000080024B04] -> 0x1513
mem[X,0x0000000080024B06] -> 0x00B5
[4801] [M]: 0x0000000080024B04 (0x00B51513) slli a0, a0, 0xb
x10 <- 0xFFFFFFFFFFD2B800
mem[X,0x0000000080024B08] -> 0x0513
mem[X,0x0000000080024B0A] -> 0x6C35
[4802] [M]: 0x0000000080024B08 (0x6C350513) addi a0, a0, 0x6c3
x10 <- 0xFFFFFFFFFFD2BEC3
mem[X,0x0000000080024B0C] -> 0x1513
mem[X,0x0000000080024B0E] -> 0x00A5
[4803] [M]: 0x0000000080024B0C (0x00A51513) slli a0, a0, 0xa
x10 <- 0xFFFFFFFF4AFB0C00
mem[X,0x0000000080024B10] -> 0x0513
mem[X,0x0000000080024B12] -> 0x0CD5
[4804] [M]: 0x0000000080024B10 (0x0CD50513) addi a0, a0, 0xcd
x10 <- 0xFFFFFFFF4AFB0CCD
mem[X,0x0000000080024B14] -> 0x0593
mem[X,0x0000000080024B16] -> 0x0040
[4805] [M]: 0x0000000080024B14 (0x00400593) addi a1, zero, 0x4
x11 <- 0x0000000000000004
mem[X,0x0000000080024B18] -> 0x0213
mem[X,0x0000000080024B1A] -> 0x0000
[4806] [M]: 0x0000000080024B18 (0x00000213) addi tp, zero, 0x0
x4 <- 0x0000000000000000
mem[X,0x0000000080024B1C] -> 0x006F
mem[X,0x0000000080024B1E] -> 0x0140
[4807] [M]: 0x0000000080024B1C (0x0140006F) jal zero, 0x14
mem[X,0x0000000080024B30] -> 0x08E3
mem[X,0x0000000080024B32] -> 0xFEB5
[4808] [M]: 0x0000000080024B30 (0xFEB508E3) beq a0, a1, -0x10
mem[X,0x0000000080024B34] -> 0x0213
mem[X,0x0000000080024B36] -> 0x0022
[4809] [M]: 0x0000000080024B34 (0x00220213) addi tp, tp, 0x2
x4 <- 0x0000000000000002
mem[X,0x0000000080024B38] -> 0x006F
mem[X,0x0000000080024B3A] -> 0x00C0
[4810] [M]: 0x0000000080024B38 (0x00C0006F) jal zero, 0xc
mem[X,0x0000000080024B44] -> 0x3823
mem[X,0x0000000080024B46] -> 0x1C41
[4811] [M]: 0x0000000080024B44 (0x1C413823) sd tp, 0x1d0(sp)
mem[0x0000000080048B98] <- 0x0000000000000002
mem[X,0x0000000080024B48] -> 0x0537
mem[X,0x0000000080024B4A] -> 0x0000
[4812] [M]: 0x0000000080024B48 (0x00000537) lui a0, 0x0
x10 <- 0x0000000000000000
mem[X,0x0000000080024B4C] -> 0x0513
mem[X,0x0000000080024B4E] -> 0xFFF5
[4813] [M]: 0x0000000080024B4C (0xFFF50513) addi a0, a0, -0x1
x10 <- 0xFFFFFFFFFFFFFFFF
mem[X,0x0000000080024B50] -> 0x1513
mem[X,0x0000000080024B52] -> 0x00B5
[4814] [M]: 0x0000000080024B50 (0x00B51513) slli a0, a0, 0xb
x10 <- 0xFFFFFFFFFFFFF800
mem[X,0x0000000080024B54] -> 0x0513
mem[X,0x0000000080024B56] -> 0x2575
[4815] [M]: 0x0000000080024B54 (0x25750513) addi a0, a0, 0x257
x10 <- 0xFFFFFFFFFFFFFA57
mem[X,0x0000000080024B58] -> 0x1513
mem[X,0x0000000080024B5A] -> 0x00B5
[4816] [M]: 0x0000000080024B58 (0x00B51513) slli a0, a0, 0xb
x10 <- 0xFFFFFFFFFFD2B800
mem[X,0x0000000080024B5C] -> 0x0513
mem[X,0x0000000080024B5E] -> 0x6C35
[4817] [M]: 0x0000000080024B5C (0x6C350513) addi a0, a0, 0x6c3
x10 <- 0xFFFFFFFFFFD2BEC3
mem[X,0x0000000080024B60] -> 0x1513
mem[X,0x0000000080024B62] -> 0x00A5
[4818] [M]: 0x0000000080024B60 (0x00A51513) slli a0, a0, 0xa
x10 <- 0xFFFFFFFF4AFB0C00
mem[X,0x0000000080024B64] -> 0x0513
mem[X,0x0000000080024B66] -> 0x0CD5
[4819] [M]: 0x0000000080024B64 (0x0CD50513) addi a0, a0, 0xcd
x10 <- 0xFFFFFFFF4AFB0CCD
mem[X,0x0000000080024B68] -> 0x35B7
mem[X,0x0000000080024B6A] -> 0x3333
[4820] [M]: 0x0000000080024B68 (0x333335B7) lui a1, 0x33333
x11 <- 0x0000000033333000
mem[X,0x0000000080024B6C] -> 0x8593
mem[X,0x0000000080024B6E] -> 0x3335
[4821] [M]: 0x0000000080024B6C (0x33358593) addi a1, a1, 0x333
x11 <- 0x0000000033333333
mem[X,0x0000000080024B70] -> 0x9593
mem[X,0x0000000080024B72] -> 0x00B5
[4822] [M]: 0x0000000080024B70 (0x00B59593) slli a1, a1, 0xb
x11 <- 0x0000019999999800
mem[X,0x0000000080024B74] -> 0x8593
mem[X,0x0000000080024B76] -> 0x1995
[4823] [M]: 0x0000000080024B74 (0x19958593) addi a1, a1, 0x199
x11 <- 0x0000019999999999
mem[X,0x0000000080024B78] -> 0x9593
mem[X,0x0000000080024B7A] -> 0x00B5
[4824] [M]: 0x0000000080024B78 (0x00B59593) slli a1, a1, 0xb
x11 <- 0x000CCCCCCCCCC800
mem[X,0x0000000080024B7C] -> 0x8593
mem[X,0x0000000080024B7E] -> 0x4CC5
[4825] [M]: 0x0000000080024B7C (0x4CC58593) addi a1, a1, 0x4cc
x11 <- 0x000CCCCCCCCCCCCC
mem[X,0x0000000080024B80] -> 0x9593
mem[X,0x0000000080024B82] -> 0x00A5
[4826] [M]: 0x0000000080024B80 (0x00A59593) slli a1, a1, 0xa
x11 <- 0x3333333333333000
mem[X,0x0000000080024B84] -> 0x8593
mem[X,0x0000000080024B86] -> 0x3325
[4827] [M]: 0x0000000080024B84 (0x33258593) addi a1, a1, 0x332
x11 <- 0x3333333333333332
mem[X,0x0000000080024B88] -> 0x0213
mem[X,0x0000000080024B8A] -> 0x0000
[4828] [M]: 0x0000000080024B88 (0x00000213) addi tp, zero, 0x0
x4 <- 0x0000000000000000
mem[X,0x0000000080024B8C] -> 0x006F
mem[X,0x0000000080024B8E] -> 0x00C0
[4829] [M]: 0x0000000080024B8C (0x00C0006F) jal zero, 0xc
mem[X,0x0000000080024B98] -> 0x0663
mem[X,0x0000000080024B9A] -> 0x00B5
[4830] [M]: 0x0000000080024B98 (0x00B50663) beq a0, a1, 0xc
mem[X,0x0000000080024B9C] -> 0x0213
mem[X,0x0000000080024B9E] -> 0x0022
[4831] [M]: 0x0000000080024B9C (0x00220213) addi tp, tp, 0x2
x4 <- 0x0000000000000002
mem[X,0x0000000080024BA0] -> 0x006F
mem[X,0x0000000080024BA2] -> 0x00C0
[4832] [M]: 0x0000000080024BA0 (0x00C0006F) jal zero, 0xc
mem[X,0x0000000080024BAC] -> 0x3C23
mem[X,0x0000000080024BAE] -> 0x1C41
[4833] [M]: 0x0000000080024BAC (0x1C413C23) sd tp, 0x1d8(sp)
mem[0x0000000080048BA0] <- 0x0000000000000002
mem[X,0x0000000080024BB0] -> 0x0537
mem[X,0x0000000080024BB2] -> 0x0000
[4834] [M]: 0x0000000080024BB0 (0x00000537) lui a0, 0x0
x10 <- 0x0000000000000000
mem[X,0x0000000080024BB4] -> 0x0513
mem[X,0x0000000080024BB6] -> 0xFFF5
[4835] [M]: 0x0000000080024BB4 (0xFFF50513) addi a0, a0, -0x1
x10 <- 0xFFFFFFFFFFFFFFFF
mem[X,0x0000000080024BB8] -> 0x1513
mem[X,0x0000000080024BBA] -> 0x00B5
[4836] [M]: 0x0000000080024BB8 (0x00B51513) slli a0, a0, 0xb
x10 <- 0xFFFFFFFFFFFFF800
mem[X,0x0000000080024BBC] -> 0x0513
mem[X,0x0000000080024BBE] -> 0x2575
[4837] [M]: 0x0000000080024BBC (0x25750513) addi a0, a0, 0x257
x10 <- 0xFFFFFFFFFFFFFA57
mem[X,0x0000000080024BC0] -> 0x1513
mem[X,0x0000000080024BC2] -> 0x00B5
[4838] [M]: 0x0000000080024BC0 (0x00B51513) slli a0, a0, 0xb
x10 <- 0xFFFFFFFFFFD2B800
mem[X,0x0000000080024BC4] -> 0x0513
mem[X,0x0000000080024BC6] -> 0x6C35
[4839] [M]: 0x0000000080024BC4 (0x6C350513) addi a0, a0, 0x6c3
x10 <- 0xFFFFFFFFFFD2BEC3
mem[X,0x0000000080024BC8] -> 0x1513
mem[X,0x0000000080024BCA] -> 0x00A5
[4840] [M]: 0x0000000080024BC8 (0x00A51513) slli a0, a0, 0xa
x10 <- 0xFFFFFFFF4AFB0C00
mem[X,0x0000000080024BCC] -> 0x0513
mem[X,0x0000000080024BCE] -> 0x0CD5
[4841] [M]: 0x0000000080024BCC (0x0CD50513) addi a0, a0, 0xcd
x10 <- 0xFFFFFFFF4AFB0CCD
mem[X,0x0000000080024BD0] -> 0x65B7
mem[X,0x0000000080024BD2] -> 0x6666
[4842] [M]: 0x0000000080024BD0 (0x666665B7) lui a1, 0x66666
x11 <- 0x0000000066666000
mem[X,0x0000000080024BD4] -> 0x8593
mem[X,0x0000000080024BD6] -> 0x6665
[4843] [M]: 0x0000000080024BD4 (0x66658593) addi a1, a1, 0x666
x11 <- 0x0000000066666666
mem[X,0x0000000080024BD8] -> 0x9593
mem[X,0x0000000080024BDA] -> 0x00B5
[4844] [M]: 0x0000000080024BD8 (0x00B59593) slli a1, a1, 0xb
x11 <- 0x0000033333333000
mem[X,0x0000000080024BDC] -> 0x8593
mem[X,0x0000000080024BDE] -> 0x3335
[4845] [M]: 0x0000000080024BDC (0x33358593) addi a1, a1, 0x333
x11 <- 0x0000033333333333
mem[X,0x0000000080024BE0] -> 0x9593
mem[X,0x0000000080024BE2] -> 0x00B5
[4846] [M]: 0x0000000080024BE0 (0x00B59593) slli a1, a1, 0xb
x11 <- 0x0019999999999800
mem[X,0x0000000080024BE4] -> 0x8593
mem[X,0x0000000080024BE6] -> 0x1995
[4847] [M]: 0x0000000080024BE4 (0x19958593) addi a1, a1, 0x199
x11 <- 0x0019999999999999
mem[X,0x0000000080024BE8] -> 0x9593
mem[X,0x0000000080024BEA] -> 0x00A5
[4848] [M]: 0x0000000080024BE8 (0x00A59593) slli a1, a1, 0xa
x11 <- 0x6666666666666400
mem[X,0x0000000080024BEC] -> 0x8593
mem[X,0x0000000080024BEE] -> 0x2655
[4849] [M]: 0x0000000080024BEC (0x26558593) addi a1, a1, 0x265
x11 <- 0x6666666666666665
mem[X,0x0000000080024BF0] -> 0x0213
mem[X,0x0000000080024BF2] -> 0x0000
[4850] [M]: 0x0000000080024BF0 (0x00000213) addi tp, zero, 0x0
x4 <- 0x0000000000000000
mem[X,0x0000000080024BF4] -> 0x006F
mem[X,0x0000000080024BF6] -> 0x00C0
[4851] [M]: 0x0000000080024BF4 (0x00C0006F) jal zero, 0xc
mem[X,0x0000000080024C00] -> 0x0CE3
mem[X,0x0000000080024C02] -> 0xFEB5
[4852] [M]: 0x0000000080024C00 (0xFEB50CE3) beq a0, a1, -0x8
mem[X,0x0000000080024C04] -> 0x0213
mem[X,0x0000000080024C06] -> 0x0022
[4853] [M]: 0x0000000080024C04 (0x00220213) addi tp, tp, 0x2
x4 <- 0x0000000000000002
mem[X,0x0000000080024C08] -> 0x006F
mem[X,0x0000000080024C0A] -> 0x00C0
[4854] [M]: 0x0000000080024C08 (0x00C0006F) jal zero, 0xc
mem[X,0x0000000080024C14] -> 0x3023
mem[X,0x0000000080024C16] -> 0x1E41
[4855] [M]: 0x0000000080024C14 (0x1E413023) sd tp, 0x1e0(sp)
mem[0x0000000080048BA8] <- 0x0000000000000002
mem[X,0x0000000080024C18] -> 0x0537
mem[X,0x0000000080024C1A] -> 0x0000
[4856] [M]: 0x0000000080024C18 (0x00000537) lui a0, 0x0
x10 <- 0x0000000000000000
mem[X,0x0000000080024C1C] -> 0x0513
mem[X,0x0000000080024C1E] -> 0xFFF5
[4857] [M]: 0x0000000080024C1C (0xFFF50513) addi a0, a0, -0x1
x10 <- 0xFFFFFFFFFFFFFFFF
mem[X,0x0000000080024C20] -> 0x1513
mem[X,0x0000000080024C22] -> 0x00B5
[4858] [M]: 0x0000000080024C20 (0x00B51513) slli a0, a0, 0xb
x10 <- 0xFFFFFFFFFFFFF800
mem[X,0x0000000080024C24] -> 0x0513
mem[X,0x0000000080024C26] -> 0x2575
[4859] [M]: 0x0000000080024C24 (0x25750513) addi a0, a0, 0x257
x10 <- 0xFFFFFFFFFFFFFA57
mem[X,0x0000000080024C28] -> 0x1513
mem[X,0x0000000080024C2A] -> 0x00B5
[4860] [M]: 0x0000000080024C28 (0x00B51513) slli a0, a0, 0xb
x10 <- 0xFFFFFFFFFFD2B800
mem[X,0x0000000080024C2C] -> 0x0513
mem[X,0x0000000080024C2E] -> 0x6C35
[4861] [M]: 0x0000000080024C2C (0x6C350513) addi a0, a0, 0x6c3
x10 <- 0xFFFFFFFFFFD2BEC3
mem[X,0x0000000080024C30] -> 0x1513
mem[X,0x0000000080024C32] -> 0x00A5
[4862] [M]: 0x0000000080024C30 (0x00A51513) slli a0, a0, 0xa
x10 <- 0xFFFFFFFF4AFB0C00
mem[X,0x0000000080024C34] -> 0x0513
mem[X,0x0000000080024C36] -> 0x0CD5
[4863] [M]: 0x0000000080024C34 (0x0CD50513) addi a0, a0, 0xcd
x10 <- 0xFFFFFFFF4AFB0CCD
mem[X,0x0000000080024C38] -> 0x05B7
mem[X,0x0000000080024C3A] -> 0x0000
[4864] [M]: 0x0000000080024C38 (0x000005B7) lui a1, 0x0
x11 <- 0x0000000000000000
mem[X,0x0000000080024C3C] -> 0x8593
mem[X,0x0000000080024C3E] -> 0x0005
[4865] [M]: 0x0000000080024C3C (0x00058593) addi a1, a1, 0x0
x11 <- 0x0000000000000000
mem[X,0x0000000080024C40] -> 0x9593
mem[X,0x0000000080024C42] -> 0x00B5
[4866] [M]: 0x0000000080024C40 (0x00B59593) slli a1, a1, 0xb
x11 <- 0x0000000000000000
mem[X,0x0000000080024C44] -> 0x8593
mem[X,0x0000000080024C46] -> 0x5A85
[4867] [M]: 0x0000000080024C44 (0x5A858593) addi a1, a1, 0x5a8
x11 <- 0x00000000000005A8
mem[X,0x0000000080024C48] -> 0x9593
mem[X,0x0000000080024C4A] -> 0x00B5
[4868] [M]: 0x0000000080024C48 (0x00B59593) slli a1, a1, 0xb
x11 <- 0x00000000002D4000
mem[X,0x0000000080024C4C] -> 0x8593
mem[X,0x0000000080024C4E] -> 0x13C5
[4869] [M]: 0x0000000080024C4C (0x13C58593) addi a1, a1, 0x13c
x11 <- 0x00000000002D413C
mem[X,0x0000000080024C50] -> 0x9593
mem[X,0x0000000080024C52] -> 0x00A5
[4870] [M]: 0x0000000080024C50 (0x00A59593) slli a1, a1, 0xa
x11 <- 0x00000000B504F000
mem[X,0x0000000080024C54] -> 0x8593
mem[X,0x0000000080024C56] -> 0x3325
[4871] [M]: 0x0000000080024C54 (0x33258593) addi a1, a1, 0x332
x11 <- 0x00000000B504F332
mem[X,0x0000000080024C58] -> 0x0213
mem[X,0x0000000080024C5A] -> 0x0000
[4872] [M]: 0x0000000080024C58 (0x00000213) addi tp, zero, 0x0
x4 <- 0x0000000000000000
mem[X,0x0000000080024C5C] -> 0x006F
mem[X,0x0000000080024C5E] -> 0x0140
[4873] [M]: 0x0000000080024C5C (0x0140006F) jal zero, 0x14
mem[X,0x0000000080024C70] -> 0x08E3
mem[X,0x0000000080024C72] -> 0xFEB5
[4874] [M]: 0x0000000080024C70 (0xFEB508E3) beq a0, a1, -0x10
mem[X,0x0000000080024C74] -> 0x0213
mem[X,0x0000000080024C76] -> 0x0022
[4875] [M]: 0x0000000080024C74 (0x00220213) addi tp, tp, 0x2
x4 <- 0x0000000000000002
mem[X,0x0000000080024C78] -> 0x006F
mem[X,0x0000000080024C7A] -> 0x00C0
[4876] [M]: 0x0000000080024C78 (0x00C0006F) jal zero, 0xc
mem[X,0x0000000080024C84] -> 0x3423
mem[X,0x0000000080024C86] -> 0x1E41
[4877] [M]: 0x0000000080024C84 (0x1E413423) sd tp, 0x1e8(sp)
mem[0x0000000080048BB0] <- 0x0000000000000002
mem[X,0x0000000080024C88] -> 0x0537
mem[X,0x0000000080024C8A] -> 0x0000
[4878] [M]: 0x0000000080024C88 (0x00000537) lui a0, 0x0
x10 <- 0x0000000000000000
mem[X,0x0000000080024C8C] -> 0x0513
mem[X,0x0000000080024C8E] -> 0xFFF5
[4879] [M]: 0x0000000080024C8C (0xFFF50513) addi a0, a0, -0x1
x10 <- 0xFFFFFFFFFFFFFFFF
mem[X,0x0000000080024C90] -> 0x1513
mem[X,0x0000000080024C92] -> 0x00B5
[4880] [M]: 0x0000000080024C90 (0x00B51513) slli a0, a0, 0xb
x10 <- 0xFFFFFFFFFFFFF800
mem[X,0x0000000080024C94] -> 0x0513
mem[X,0x0000000080024C96] -> 0x2575
[4881] [M]: 0x0000000080024C94 (0x25750513) addi a0, a0, 0x257
x10 <- 0xFFFFFFFFFFFFFA57
mem[X,0x0000000080024C98] -> 0x1513
mem[X,0x0000000080024C9A] -> 0x00B5
[4882] [M]: 0x0000000080024C98 (0x00B51513) slli a0, a0, 0xb
x10 <- 0xFFFFFFFFFFD2B800
mem[X,0x0000000080024C9C] -> 0x0513
mem[X,0x0000000080024C9E] -> 0x6C35
[4883] [M]: 0x0000000080024C9C (0x6C350513) addi a0, a0, 0x6c3
x10 <- 0xFFFFFFFFFFD2BEC3
mem[X,0x0000000080024CA0] -> 0x1513
mem[X,0x0000000080024CA2] -> 0x00A5
[4884] [M]: 0x0000000080024CA0 (0x00A51513) slli a0, a0, 0xa
x10 <- 0xFFFFFFFF4AFB0C00
mem[X,0x0000000080024CA4] -> 0x0513
mem[X,0x0000000080024CA6] -> 0x0CD5
[4885] [M]: 0x0000000080024CA4 (0x0CD50513) addi a0, a0, 0xcd
x10 <- 0xFFFFFFFF4AFB0CCD
mem[X,0x0000000080024CA8] -> 0x55B7
mem[X,0x0000000080024CAA] -> 0x5555
[4886] [M]: 0x0000000080024CA8 (0x555555B7) lui a1, 0x55555
x11 <- 0x0000000055555000
mem[X,0x0000000080024CAC] -> 0x8593
mem[X,0x0000000080024CAE] -> 0x5555
[4887] [M]: 0x0000000080024CAC (0x55558593) addi a1, a1, 0x555
x11 <- 0x0000000055555555
mem[X,0x0000000080024CB0] -> 0x9593
mem[X,0x0000000080024CB2] -> 0x00B5
[4888] [M]: 0x0000000080024CB0 (0x00B59593) slli a1, a1, 0xb
x11 <- 0x000002AAAAAAA800
mem[X,0x0000000080024CB4] -> 0x8593
mem[X,0x0000000080024CB6] -> 0x2AA5
[4889] [M]: 0x0000000080024CB4 (0x2AA58593) addi a1, a1, 0x2aa
x11 <- 0x000002AAAAAAAAAA
mem[X,0x0000000080024CB8] -> 0x9593
mem[X,0x0000000080024CBA] -> 0x00B5
[4890] [M]: 0x0000000080024CB8 (0x00B59593) slli a1, a1, 0xb
x11 <- 0x0015555555555000
mem[X,0x0000000080024CBC] -> 0x8593
mem[X,0x0000000080024CBE] -> 0x5555
[4891] [M]: 0x0000000080024CBC (0x55558593) addi a1, a1, 0x555
x11 <- 0x0015555555555555
mem[X,0x0000000080024CC0] -> 0x9593
mem[X,0x0000000080024CC2] -> 0x00A5
[4892] [M]: 0x0000000080024CC0 (0x00A59593) slli a1, a1, 0xa
x11 <- 0x5555555555555400
mem[X,0x0000000080024CC4] -> 0x8593
mem[X,0x0000000080024CC6] -> 0x1565
[4893] [M]: 0x0000000080024CC4 (0x15658593) addi a1, a1, 0x156
x11 <- 0x5555555555555556
mem[X,0x0000000080024CC8] -> 0x0213
mem[X,0x0000000080024CCA] -> 0x0000
[4894] [M]: 0x0000000080024CC8 (0x00000213) addi tp, zero, 0x0
x4 <- 0x0000000000000000
mem[X,0x0000000080024CCC] -> 0x006F
mem[X,0x0000000080024CCE] -> 0x00C0
[4895] [M]: 0x0000000080024CCC (0x00C0006F) jal zero, 0xc
mem[X,0x0000000080024CD8] -> 0x0663
mem[X,0x0000000080024CDA] -> 0x00B5
[4896] [M]: 0x0000000080024CD8 (0x00B50663) beq a0, a1, 0xc
mem[X,0x0000000080024CDC] -> 0x0213
mem[X,0x0000000080024CDE] -> 0x0022
[4897] [M]: 0x0000000080024CDC (0x00220213) addi tp, tp, 0x2
x4 <- 0x0000000000000002
mem[X,0x0000000080024CE0] -> 0x006F
mem[X,0x0000000080024CE2] -> 0x00C0
[4898] [M]: 0x0000000080024CE0 (0x00C0006F) jal zero, 0xc
mem[X,0x0000000080024CEC] -> 0x3823
mem[X,0x0000000080024CEE] -> 0x1E41
[4899] [M]: 0x0000000080024CEC (0x1E413823) sd tp, 0x1f0(sp)
mem[0x0000000080048BB8] <- 0x0000000000000002
clint::tick mtime <- 0x0000000000000031
 clint timer pending at mtime 0x0000000000000031
htif::tick 0x0000000000000000
mem[X,0x0000000080024CF0] -> 0x0537
mem[X,0x0000000080024CF2] -> 0x0000
[4900] [M]: 0x0000000080024CF0 (0x00000537) lui a0, 0x0
x10 <- 0x0000000000000000
mem[X,0x0000000080024CF4] -> 0x0513
mem[X,0x0000000080024CF6] -> 0xFFF5
[4901] [M]: 0x0000000080024CF4 (0xFFF50513) addi a0, a0, -0x1
x10 <- 0xFFFFFFFFFFFFFFFF
mem[X,0x0000000080024CF8] -> 0x1513
mem[X,0x0000000080024CFA] -> 0x00B5
[4902] [M]: 0x0000000080024CF8 (0x00B51513) slli a0, a0, 0xb
x10 <- 0xFFFFFFFFFFFFF800
mem[X,0x0000000080024CFC] -> 0x0513
mem[X,0x0000000080024CFE] -> 0x2575
[4903] [M]: 0x0000000080024CFC (0x25750513) addi a0, a0, 0x257
x10 <- 0xFFFFFFFFFFFFFA57
mem[X,0x0000000080024D00] -> 0x1513
mem[X,0x0000000080024D02] -> 0x00B5
[4904] [M]: 0x0000000080024D00 (0x00B51513) slli a0, a0, 0xb
x10 <- 0xFFFFFFFFFFD2B800
mem[X,0x0000000080024D04] -> 0x0513
mem[X,0x0000000080024D06] -> 0x6C35
[4905] [M]: 0x0000000080024D04 (0x6C350513) addi a0, a0, 0x6c3
x10 <- 0xFFFFFFFFFFD2BEC3
mem[X,0x0000000080024D08] -> 0x1513
mem[X,0x0000000080024D0A] -> 0x00A5
[4906] [M]: 0x0000000080024D08 (0x00A51513) slli a0, a0, 0xa
x10 <- 0xFFFFFFFF4AFB0C00
mem[X,0x0000000080024D0C] -> 0x0513
mem[X,0x0000000080024D0E] -> 0x0CD5
[4907] [M]: 0x0000000080024D0C (0x0CD50513) addi a0, a0, 0xcd
x10 <- 0xFFFFFFFF4AFB0CCD
mem[X,0x0000000080024D10] -> 0xB5B7
mem[X,0x0000000080024D12] -> 0xAAAA
[4908] [M]: 0x0000000080024D10 (0xAAAAB5B7) lui a1, -0x55555
x11 <- 0xFFFFFFFFAAAAB000
mem[X,0x0000000080024D14] -> 0x8593
mem[X,0x0000000080024D16] -> 0xAAA5
[4909] [M]: 0x0000000080024D14 (0xAAA58593) addi a1, a1, -0x556
x11 <- 0xFFFFFFFFAAAAAAAA
mem[X,0x0000000080024D18] -> 0x9593
mem[X,0x0000000080024D1A] -> 0x00B5
[4910] [M]: 0x0000000080024D18 (0x00B59593) slli a1, a1, 0xb
x11 <- 0xFFFFFD5555555000
mem[X,0x0000000080024D1C] -> 0x8593
mem[X,0x0000000080024D1E] -> 0x5555
[4911] [M]: 0x0000000080024D1C (0x55558593) addi a1, a1, 0x555
x11 <- 0xFFFFFD5555555555
mem[X,0x0000000080024D20] -> 0x9593
mem[X,0x0000000080024D22] -> 0x00B5
[4912] [M]: 0x0000000080024D20 (0x00B59593) slli a1, a1, 0xb
x11 <- 0xFFEAAAAAAAAAA800
mem[X,0x0000000080024D24] -> 0x8593
mem[X,0x0000000080024D26] -> 0x2AA5
[4913] [M]: 0x0000000080024D24 (0x2AA58593) addi a1, a1, 0x2aa
x11 <- 0xFFEAAAAAAAAAAAAA
mem[X,0x0000000080024D28] -> 0x9593
mem[X,0x0000000080024D2A] -> 0x00A5
[4914] [M]: 0x0000000080024D28 (0x00A59593) slli a1, a1, 0xa
x11 <- 0xAAAAAAAAAAAAA800
mem[X,0x0000000080024D2C] -> 0x8593
mem[X,0x0000000080024D2E] -> 0x2AB5
[4915] [M]: 0x0000000080024D2C (0x2AB58593) addi a1, a1, 0x2ab
x11 <- 0xAAAAAAAAAAAAAAAB
mem[X,0x0000000080024D30] -> 0x0213
mem[X,0x0000000080024D32] -> 0x0000
[4916] [M]: 0x0000000080024D30 (0x00000213) addi tp, zero, 0x0
x4 <- 0x0000000000000000
mem[X,0x0000000080024D34] -> 0x006F
mem[X,0x0000000080024D36] -> 0x00C0
[4917] [M]: 0x0000000080024D34 (0x00C0006F) jal zero, 0xc
mem[X,0x0000000080024D40] -> 0x0663
mem[X,0x0000000080024D42] -> 0x00B5
[4918] [M]: 0x0000000080024D40 (0x00B50663) beq a0, a1, 0xc
mem[X,0x0000000080024D44] -> 0x0213
mem[X,0x0000000080024D46] -> 0x0022
[4919] [M]: 0x0000000080024D44 (0x00220213) addi tp, tp, 0x2
x4 <- 0x0000000000000002
mem[X,0x0000000080024D48] -> 0x006F
mem[X,0x0000000080024D4A] -> 0x00C0
[4920] [M]: 0x0000000080024D48 (0x00C0006F) jal zero, 0xc
mem[X,0x0000000080024D54] -> 0x3C23
mem[X,0x0000000080024D56] -> 0x1E41
[4921] [M]: 0x0000000080024D54 (0x1E413C23) sd tp, 0x1f8(sp)
mem[0x0000000080048BC0] <- 0x0000000000000002
mem[X,0x0000000080024D58] -> 0x0537
mem[X,0x0000000080024D5A] -> 0x0000
[4922] [M]: 0x0000000080024D58 (0x00000537) lui a0, 0x0
x10 <- 0x0000000000000000
mem[X,0x0000000080024D5C] -> 0x0513
mem[X,0x0000000080024D5E] -> 0xFFF5
[4923] [M]: 0x0000000080024D5C (0xFFF50513) addi a0, a0, -0x1
x10 <- 0xFFFFFFFFFFFFFFFF
mem[X,0x0000000080024D60] -> 0x1513
mem[X,0x0000000080024D62] -> 0x00B5
[4924] [M]: 0x0000000080024D60 (0x00B51513) slli a0, a0, 0xb
x10 <- 0xFFFFFFFFFFFFF800
mem[X,0x0000000080024D64] -> 0x0513
mem[X,0x0000000080024D66] -> 0x2575
[4925] [M]: 0x0000000080024D64 (0x25750513) addi a0, a0, 0x257
x10 <- 0xFFFFFFFFFFFFFA57
mem[X,0x0000000080024D68] -> 0x1513
mem[X,0x0000000080024D6A] -> 0x00B5
[4926] [M]: 0x0000000080024D68 (0x00B51513) slli a0, a0, 0xb
x10 <- 0xFFFFFFFFFFD2B800
mem[X,0x0000000080024D6C] -> 0x0513
mem[X,0x0000000080024D6E] -> 0x6C35
[4927] [M]: 0x0000000080024D6C (0x6C350513) addi a0, a0, 0x6c3
x10 <- 0xFFFFFFFFFFD2BEC3
mem[X,0x0000000080024D70] -> 0x1513
mem[X,0x0000000080024D72] -> 0x00A5
[4928] [M]: 0x0000000080024D70 (0x00A51513) slli a0, a0, 0xa
x10 <- 0xFFFFFFFF4AFB0C00
mem[X,0x0000000080024D74] -> 0x0513
mem[X,0x0000000080024D76] -> 0x0CD5
[4929] [M]: 0x0000000080024D74 (0x0CD50513) addi a0, a0, 0xcd
x10 <- 0xFFFFFFFF4AFB0CCD
mem[X,0x0000000080024D78] -> 0x0593
mem[X,0x0000000080024D7A] -> 0x0060
[4930] [M]: 0x0000000080024D78 (0x00600593) addi a1, zero, 0x6
x11 <- 0x0000000000000006
mem[X,0x0000000080024D7C] -> 0x0213
mem[X,0x0000000080024D7E] -> 0x0000
[4931] [M]: 0x0000000080024D7C (0x00000213) addi tp, zero, 0x0
x4 <- 0x0000000000000000
mem[X,0x0000000080024D80] -> 0x006F
mem[X,0x0000000080024D82] -> 0x00C0
[4932] [M]: 0x0000000080024D80 (0x00C0006F) jal zero, 0xc
mem[X,0x0000000080024D8C] -> 0x0063
mem[X,0x0000000080024D8E] -> 0x10B5
[4933] [M]: 0x0000000080024D8C (0x10B50063) beq a0, a1, 0x100
mem[X,0x0000000080024D90] -> 0x0213
mem[X,0x0000000080024D92] -> 0x0022
[4934] [M]: 0x0000000080024D90 (0x00220213) addi tp, tp, 0x2
x4 <- 0x0000000000000002
mem[X,0x0000000080024D94] -> 0x006F
mem[X,0x0000000080024D96] -> 0x1000
[4935] [M]: 0x0000000080024D94 (0x1000006F) jal zero, 0x100
mem[X,0x0000000080024E94] -> 0x3023
mem[X,0x0000000080024E96] -> 0x2041
[4936] [M]: 0x0000000080024E94 (0x20413023) sd tp, 0x200(sp)
mem[0x0000000080048BC8] <- 0x0000000000000002
mem[X,0x0000000080024E98] -> 0x0537
mem[X,0x0000000080024E9A] -> 0x0000
[4937] [M]: 0x0000000080024E98 (0x00000537) lui a0, 0x0
x10 <- 0x0000000000000000
mem[X,0x0000000080024E9C] -> 0x0513
mem[X,0x0000000080024E9E] -> 0xFFF5
[4938] [M]: 0x0000000080024E9C (0xFFF50513) addi a0, a0, -0x1
x10 <- 0xFFFFFFFFFFFFFFFF
mem[X,0x0000000080024EA0] -> 0x1513
mem[X,0x0000000080024EA2] -> 0x00B5
[4939] [M]: 0x0000000080024EA0 (0x00B51513) slli a0, a0, 0xb
x10 <- 0xFFFFFFFFFFFFF800
mem[X,0x0000000080024EA4] -> 0x0513
mem[X,0x0000000080024EA6] -> 0x2575
[4940] [M]: 0x0000000080024EA4 (0x25750513) addi a0, a0, 0x257
x10 <- 0xFFFFFFFFFFFFFA57
mem[X,0x0000000080024EA8] -> 0x1513
mem[X,0x0000000080024EAA] -> 0x00B5
[4941] [M]: 0x0000000080024EA8 (0x00B51513) slli a0, a0, 0xb
x10 <- 0xFFFFFFFFFFD2B800
mem[X,0x0000000080024EAC] -> 0x0513
mem[X,0x0000000080024EAE] -> 0x6C35
[4942] [M]: 0x0000000080024EAC (0x6C350513) addi a0, a0, 0x6c3
x10 <- 0xFFFFFFFFFFD2BEC3
mem[X,0x0000000080024EB0] -> 0x1513
mem[X,0x0000000080024EB2] -> 0x00A5
[4943] [M]: 0x0000000080024EB0 (0x00A51513) slli a0, a0, 0xa
x10 <- 0xFFFFFFFF4AFB0C00
mem[X,0x0000000080024EB4] -> 0x0513
mem[X,0x0000000080024EB6] -> 0x0CD5
[4944] [M]: 0x0000000080024EB4 (0x0CD50513) addi a0, a0, 0xcd
x10 <- 0xFFFFFFFF4AFB0CCD
mem[X,0x0000000080024EB8] -> 0x35B7
mem[X,0x0000000080024EBA] -> 0x3333
[4945] [M]: 0x0000000080024EB8 (0x333335B7) lui a1, 0x33333
x11 <- 0x0000000033333000
mem[X,0x0000000080024EBC] -> 0x8593
mem[X,0x0000000080024EBE] -> 0x3335
[4946] [M]: 0x0000000080024EBC (0x33358593) addi a1, a1, 0x333
x11 <- 0x0000000033333333
mem[X,0x0000000080024EC0] -> 0x9593
mem[X,0x0000000080024EC2] -> 0x00B5
[4947] [M]: 0x0000000080024EC0 (0x00B59593) slli a1, a1, 0xb
x11 <- 0x0000019999999800
mem[X,0x0000000080024EC4] -> 0x8593
mem[X,0x0000000080024EC6] -> 0x1995
[4948] [M]: 0x0000000080024EC4 (0x19958593) addi a1, a1, 0x199
x11 <- 0x0000019999999999
mem[X,0x0000000080024EC8] -> 0x9593
mem[X,0x0000000080024ECA] -> 0x00B5
[4949] [M]: 0x0000000080024EC8 (0x00B59593) slli a1, a1, 0xb
x11 <- 0x000CCCCCCCCCC800
mem[X,0x0000000080024ECC] -> 0x8593
mem[X,0x0000000080024ECE] -> 0x4CC5
[4950] [M]: 0x0000000080024ECC (0x4CC58593) addi a1, a1, 0x4cc
x11 <- 0x000CCCCCCCCCCCCC
mem[X,0x0000000080024ED0] -> 0x9593
mem[X,0x0000000080024ED2] -> 0x00A5
[4951] [M]: 0x0000000080024ED0 (0x00A59593) slli a1, a1, 0xa
x11 <- 0x3333333333333000
mem[X,0x0000000080024ED4] -> 0x8593
mem[X,0x0000000080024ED6] -> 0x3345
[4952] [M]: 0x0000000080024ED4 (0x33458593) addi a1, a1, 0x334
x11 <- 0x3333333333333334
mem[X,0x0000000080024ED8] -> 0x0213
mem[X,0x0000000080024EDA] -> 0x0000
[4953] [M]: 0x0000000080024ED8 (0x00000213) addi tp, zero, 0x0
x4 <- 0x0000000000000000
mem[X,0x0000000080024EDC] -> 0x006F
mem[X,0x0000000080024EDE] -> 0x00C0
[4954] [M]: 0x0000000080024EDC (0x00C0006F) jal zero, 0xc
mem[X,0x0000000080024EE8] -> 0x0663
mem[X,0x0000000080024EEA] -> 0x00B5
[4955] [M]: 0x0000000080024EE8 (0x00B50663) beq a0, a1, 0xc
mem[X,0x0000000080024EEC] -> 0x0213
mem[X,0x0000000080024EEE] -> 0x0022
[4956] [M]: 0x0000000080024EEC (0x00220213) addi tp, tp, 0x2
x4 <- 0x0000000000000002
mem[X,0x0000000080024EF0] -> 0x006F
mem[X,0x0000000080024EF2] -> 0x00C0
[4957] [M]: 0x0000000080024EF0 (0x00C0006F) jal zero, 0xc
mem[X,0x0000000080024EFC] -> 0x3423
mem[X,0x0000000080024EFE] -> 0x2041
[4958] [M]: 0x0000000080024EFC (0x20413423) sd tp, 0x208(sp)
mem[0x0000000080048BD0] <- 0x0000000000000002
mem[X,0x0000000080024F00] -> 0x0537
mem[X,0x0000000080024F02] -> 0x0000
[4959] [M]: 0x0000000080024F00 (0x00000537) lui a0, 0x0
x10 <- 0x0000000000000000
mem[X,0x0000000080024F04] -> 0x0513
mem[X,0x0000000080024F06] -> 0xFFF5
[4960] [M]: 0x0000000080024F04 (0xFFF50513) addi a0, a0, -0x1
x10 <- 0xFFFFFFFFFFFFFFFF
mem[X,0x0000000080024F08] -> 0x1513
mem[X,0x0000000080024F0A] -> 0x00B5
[4961] [M]: 0x0000000080024F08 (0x00B51513) slli a0, a0, 0xb
x10 <- 0xFFFFFFFFFFFFF800
mem[X,0x0000000080024F0C] -> 0x0513
mem[X,0x0000000080024F0E] -> 0x2575
[4962] [M]: 0x0000000080024F0C (0x25750513) addi a0, a0, 0x257
x10 <- 0xFFFFFFFFFFFFFA57
mem[X,0x0000000080024F10] -> 0x1513
mem[X,0x0000000080024F12] -> 0x00B5
[4963] [M]: 0x0000000080024F10 (0x00B51513) slli a0, a0, 0xb
x10 <- 0xFFFFFFFFFFD2B800
mem[X,0x0000000080024F14] -> 0x0513
mem[X,0x0000000080024F16] -> 0x6C35
[4964] [M]: 0x0000000080024F14 (0x6C350513) addi a0, a0, 0x6c3
x10 <- 0xFFFFFFFFFFD2BEC3
mem[X,0x0000000080024F18] -> 0x1513
mem[X,0x0000000080024F1A] -> 0x00A5
[4965] [M]: 0x0000000080024F18 (0x00A51513) slli a0, a0, 0xa
x10 <- 0xFFFFFFFF4AFB0C00
mem[X,0x0000000080024F1C] -> 0x0513
mem[X,0x0000000080024F1E] -> 0x0CD5
[4966] [M]: 0x0000000080024F1C (0x0CD50513) addi a0, a0, 0xcd
x10 <- 0xFFFFFFFF4AFB0CCD
mem[X,0x0000000080024F20] -> 0x65B7
mem[X,0x0000000080024F22] -> 0x6666
[4967] [M]: 0x0000000080024F20 (0x666665B7) lui a1, 0x66666
x11 <- 0x0000000066666000
mem[X,0x0000000080024F24] -> 0x8593
mem[X,0x0000000080024F26] -> 0x6665
[4968] [M]: 0x0000000080024F24 (0x66658593) addi a1, a1, 0x666
x11 <- 0x0000000066666666
mem[X,0x0000000080024F28] -> 0x9593
mem[X,0x0000000080024F2A] -> 0x00B5
[4969] [M]: 0x0000000080024F28 (0x00B59593) slli a1, a1, 0xb
x11 <- 0x0000033333333000
mem[X,0x0000000080024F2C] -> 0x8593
mem[X,0x0000000080024F2E] -> 0x3335
[4970] [M]: 0x0000000080024F2C (0x33358593) addi a1, a1, 0x333
x11 <- 0x0000033333333333
mem[X,0x0000000080024F30] -> 0x9593
mem[X,0x0000000080024F32] -> 0x00B5
[4971] [M]: 0x0000000080024F30 (0x00B59593) slli a1, a1, 0xb
x11 <- 0x0019999999999800
mem[X,0x0000000080024F34] -> 0x8593
mem[X,0x0000000080024F36] -> 0x1995
[4972] [M]: 0x0000000080024F34 (0x19958593) addi a1, a1, 0x199
x11 <- 0x0019999999999999
mem[X,0x0000000080024F38] -> 0x9593
mem[X,0x0000000080024F3A] -> 0x00A5
[4973] [M]: 0x0000000080024F38 (0x00A59593) slli a1, a1, 0xa
x11 <- 0x6666666666666400
mem[X,0x0000000080024F3C] -> 0x8593
mem[X,0x0000000080024F3E] -> 0x2675
[4974] [M]: 0x0000000080024F3C (0x26758593) addi a1, a1, 0x267
x11 <- 0x6666666666666667
mem[X,0x0000000080024F40] -> 0x0213
mem[X,0x0000000080024F42] -> 0x0000
[4975] [M]: 0x0000000080024F40 (0x00000213) addi tp, zero, 0x0
x4 <- 0x0000000000000000
mem[X,0x0000000080024F44] -> 0x006F
mem[X,0x0000000080024F46] -> 0x00C0
[4976] [M]: 0x0000000080024F44 (0x00C0006F) jal zero, 0xc
mem[X,0x0000000080024F50] -> 0x0CE3
mem[X,0x0000000080024F52] -> 0xFEB5
[4977] [M]: 0x0000000080024F50 (0xFEB50CE3) beq a0, a1, -0x8
mem[X,0x0000000080024F54] -> 0x0213
mem[X,0x0000000080024F56] -> 0x0022
[4978] [M]: 0x0000000080024F54 (0x00220213) addi tp, tp, 0x2
x4 <- 0x0000000000000002
mem[X,0x0000000080024F58] -> 0x006F
mem[X,0x0000000080024F5A] -> 0x00C0
[4979] [M]: 0x0000000080024F58 (0x00C0006F) jal zero, 0xc
mem[X,0x0000000080024F64] -> 0x3823
mem[X,0x0000000080024F66] -> 0x2041
[4980] [M]: 0x0000000080024F64 (0x20413823) sd tp, 0x210(sp)
mem[0x0000000080048BD8] <- 0x0000000000000002
mem[X,0x0000000080024F68] -> 0x0537
mem[X,0x0000000080024F6A] -> 0x0000
[4981] [M]: 0x0000000080024F68 (0x00000537) lui a0, 0x0
x10 <- 0x0000000000000000
mem[X,0x0000000080024F6C] -> 0x0513
mem[X,0x0000000080024F6E] -> 0xFFF5
[4982] [M]: 0x0000000080024F6C (0xFFF50513) addi a0, a0, -0x1
x10 <- 0xFFFFFFFFFFFFFFFF
mem[X,0x0000000080024F70] -> 0x1513
mem[X,0x0000000080024F72] -> 0x00B5
[4983] [M]: 0x0000000080024F70 (0x00B51513) slli a0, a0, 0xb
x10 <- 0xFFFFFFFFFFFFF800
mem[X,0x0000000080024F74] -> 0x0513
mem[X,0x0000000080024F76] -> 0x2575
[4984] [M]: 0x0000000080024F74 (0x25750513) addi a0, a0, 0x257
x10 <- 0xFFFFFFFFFFFFFA57
mem[X,0x0000000080024F78] -> 0x1513
mem[X,0x0000000080024F7A] -> 0x00B5
[4985] [M]: 0x0000000080024F78 (0x00B51513) slli a0, a0, 0xb
x10 <- 0xFFFFFFFFFFD2B800
mem[X,0x0000000080024F7C] -> 0x0513
mem[X,0x0000000080024F7E] -> 0x6C35
[4986] [M]: 0x0000000080024F7C (0x6C350513) addi a0, a0, 0x6c3
x10 <- 0xFFFFFFFFFFD2BEC3
mem[X,0x0000000080024F80] -> 0x1513
mem[X,0x0000000080024F82] -> 0x00A5
[4987] [M]: 0x0000000080024F80 (0x00A51513) slli a0, a0, 0xa
x10 <- 0xFFFFFFFF4AFB0C00
mem[X,0x0000000080024F84] -> 0x0513
mem[X,0x0000000080024F86] -> 0x0CD5
[4988] [M]: 0x0000000080024F84 (0x0CD50513) addi a0, a0, 0xcd
x10 <- 0xFFFFFFFF4AFB0CCD
mem[X,0x0000000080024F88] -> 0x05B7
mem[X,0x0000000080024F8A] -> 0x0000
[4989] [M]: 0x0000000080024F88 (0x000005B7) lui a1, 0x0
x11 <- 0x0000000000000000
mem[X,0x0000000080024F8C] -> 0x8593
mem[X,0x0000000080024F8E] -> 0xFFF5
[4990] [M]: 0x0000000080024F8C (0xFFF58593) addi a1, a1, -0x1
x11 <- 0xFFFFFFFFFFFFFFFF
mem[X,0x0000000080024F90] -> 0x9593
mem[X,0x0000000080024F92] -> 0x00B5
[4991] [M]: 0x0000000080024F90 (0x00B59593) slli a1, a1, 0xb
x11 <- 0xFFFFFFFFFFFFF800
mem[X,0x0000000080024F94] -> 0x8593
mem[X,0x0000000080024F96] -> 0x2575
[4992] [M]: 0x0000000080024F94 (0x25758593) addi a1, a1, 0x257
x11 <- 0xFFFFFFFFFFFFFA57
mem[X,0x0000000080024F98] -> 0x9593
mem[X,0x0000000080024F9A] -> 0x00B5
[4993] [M]: 0x0000000080024F98 (0x00B59593) slli a1, a1, 0xb
x11 <- 0xFFFFFFFFFFD2B800
mem[X,0x0000000080024F9C] -> 0x8593
mem[X,0x0000000080024F9E] -> 0x6C35
[4994] [M]: 0x0000000080024F9C (0x6C358593) addi a1, a1, 0x6c3
x11 <- 0xFFFFFFFFFFD2BEC3
mem[X,0x0000000080024FA0] -> 0x9593
mem[X,0x0000000080024FA2] -> 0x00A5
[4995] [M]: 0x0000000080024FA0 (0x00A59593) slli a1, a1, 0xa
x11 <- 0xFFFFFFFF4AFB0C00
mem[X,0x0000000080024FA4] -> 0x8593
mem[X,0x0000000080024FA6] -> 0x0CE5
[4996] [M]: 0x0000000080024FA4 (0x0CE58593) addi a1, a1, 0xce
x11 <- 0xFFFFFFFF4AFB0CCE
mem[X,0x0000000080024FA8] -> 0x0213
mem[X,0x0000000080024FAA] -> 0x0000
[4997] [M]: 0x0000000080024FA8 (0x00000213) addi tp, zero, 0x0
x4 <- 0x0000000000000000
mem[X,0x0000000080024FAC] -> 0x006F
mem[X,0x0000000080024FAE] -> 0x00C0
[4998] [M]: 0x0000000080024FAC (0x00C0006F) jal zero, 0xc
mem[X,0x0000000080024FB8] -> 0x0063
mem[X,0x0000000080024FBA] -> 0x10B5
[4999] [M]: 0x0000000080024FB8 (0x10B50063) beq a0, a1, 0x100
clint::tick mtime <- 0x0000000000000032
 clint timer pending at mtime 0x0000000000000032
htif::tick 0x0000000000000000
mem[X,0x0000000080024FBC] -> 0x0213
mem[X,0x0000000080024FBE] -> 0x0022
[5000] [M]: 0x0000000080024FBC (0x00220213) addi tp, tp, 0x2
x4 <- 0x0000000000000002
mem[X,0x0000000080024FC0] -> 0x006F
mem[X,0x0000000080024FC2] -> 0x1000
[5001] [M]: 0x0000000080024FC0 (0x1000006F) jal zero, 0x100
mem[X,0x00000000800250C0] -> 0x3C23
mem[X,0x00000000800250C2] -> 0x2041
[5002] [M]: 0x00000000800250C0 (0x20413C23) sd tp, 0x218(sp)
mem[0x0000000080048BE0] <- 0x0000000000000002
mem[X,0x00000000800250C4] -> 0x0537
mem[X,0x00000000800250C6] -> 0x0000
[5003] [M]: 0x00000000800250C4 (0x00000537) lui a0, 0x0
x10 <- 0x0000000000000000
mem[X,0x00000000800250C8] -> 0x0513
mem[X,0x00000000800250CA] -> 0xFFF5
[5004] [M]: 0x00000000800250C8 (0xFFF50513) addi a0, a0, -0x1
x10 <- 0xFFFFFFFFFFFFFFFF
mem[X,0x00000000800250CC] -> 0x1513
mem[X,0x00000000800250CE] -> 0x00B5
[5005] [M]: 0x00000000800250CC (0x00B51513) slli a0, a0, 0xb
x10 <- 0xFFFFFFFFFFFFF800
mem[X,0x00000000800250D0] -> 0x0513
mem[X,0x00000000800250D2] -> 0x2575
[5006] [M]: 0x00000000800250D0 (0x25750513) addi a0, a0, 0x257
x10 <- 0xFFFFFFFFFFFFFA57
mem[X,0x00000000800250D4] -> 0x1513
mem[X,0x00000000800250D6] -> 0x00B5
[5007] [M]: 0x00000000800250D4 (0x00B51513) slli a0, a0, 0xb
x10 <- 0xFFFFFFFFFFD2B800
mem[X,0x00000000800250D8] -> 0x0513
mem[X,0x00000000800250DA] -> 0x6C35
[5008] [M]: 0x00000000800250D8 (0x6C350513) addi a0, a0, 0x6c3
x10 <- 0xFFFFFFFFFFD2BEC3
mem[X,0x00000000800250DC] -> 0x1513
mem[X,0x00000000800250DE] -> 0x00A5
[5009] [M]: 0x00000000800250DC (0x00A51513) slli a0, a0, 0xa
x10 <- 0xFFFFFFFF4AFB0C00
mem[X,0x00000000800250E0] -> 0x0513
mem[X,0x00000000800250E2] -> 0x0CD5
[5010] [M]: 0x00000000800250E0 (0x0CD50513) addi a0, a0, 0xcd
x10 <- 0xFFFFFFFF4AFB0CCD
mem[X,0x00000000800250E4] -> 0x05B7
mem[X,0x00000000800250E6] -> 0x0000
[5011] [M]: 0x00000000800250E4 (0x000005B7) lui a1, 0x0
x11 <- 0x0000000000000000
mem[X,0x00000000800250E8] -> 0x8593
mem[X,0x00000000800250EA] -> 0x0005
[5012] [M]: 0x00000000800250E8 (0x00058593) addi a1, a1, 0x0
x11 <- 0x0000000000000000
mem[X,0x00000000800250EC] -> 0x9593
mem[X,0x00000000800250EE] -> 0x00B5
[5013] [M]: 0x00000000800250EC (0x00B59593) slli a1, a1, 0xb
x11 <- 0x0000000000000000
mem[X,0x00000000800250F0] -> 0x8593
mem[X,0x00000000800250F2] -> 0x5A85
[5014] [M]: 0x00000000800250F0 (0x5A858593) addi a1, a1, 0x5a8
x11 <- 0x00000000000005A8
mem[X,0x00000000800250F4] -> 0x9593
mem[X,0x00000000800250F6] -> 0x00B5
[5015] [M]: 0x00000000800250F4 (0x00B59593) slli a1, a1, 0xb
x11 <- 0x00000000002D4000
mem[X,0x00000000800250F8] -> 0x8593
mem[X,0x00000000800250FA] -> 0x13C5
[5016] [M]: 0x00000000800250F8 (0x13C58593) addi a1, a1, 0x13c
x11 <- 0x00000000002D413C
mem[X,0x00000000800250FC] -> 0x9593
mem[X,0x00000000800250FE] -> 0x00A5
[5017] [M]: 0x00000000800250FC (0x00A59593) slli a1, a1, 0xa
x11 <- 0x00000000B504F000
mem[X,0x0000000080025100] -> 0x8593
mem[X,0x0000000080025102] -> 0x3345
[5018] [M]: 0x0000000080025100 (0x33458593) addi a1, a1, 0x334
x11 <- 0x00000000B504F334
mem[X,0x0000000080025104] -> 0x0213
mem[X,0x0000000080025106] -> 0x0000
[5019] [M]: 0x0000000080025104 (0x00000213) addi tp, zero, 0x0
x4 <- 0x0000000000000000
mem[X,0x0000000080025108] -> 0x006F
mem[X,0x000000008002510A] -> 0x00C0
[5020] [M]: 0x0000000080025108 (0x00C0006F) jal zero, 0xc
mem[X,0x0000000080025114] -> 0x0663
mem[X,0x0000000080025116] -> 0x00B5
[5021] [M]: 0x0000000080025114 (0x00B50663) beq a0, a1, 0xc
mem[X,0x0000000080025118] -> 0x0213
mem[X,0x000000008002511A] -> 0x0022
[5022] [M]: 0x0000000080025118 (0x00220213) addi tp, tp, 0x2
x4 <- 0x0000000000000002
mem[X,0x000000008002511C] -> 0x006F
mem[X,0x000000008002511E] -> 0x00C0
[5023] [M]: 0x000000008002511C (0x00C0006F) jal zero, 0xc
mem[X,0x0000000080025128] -> 0x3023
mem[X,0x000000008002512A] -> 0x2241
[5024] [M]: 0x0000000080025128 (0x22413023) sd tp, 0x220(sp)
mem[0x0000000080048BE8] <- 0x0000000000000002
mem[X,0x000000008002512C] -> 0x0537
mem[X,0x000000008002512E] -> 0x0000
[5025] [M]: 0x000000008002512C (0x00000537) lui a0, 0x0
x10 <- 0x0000000000000000
mem[X,0x0000000080025130] -> 0x0513
mem[X,0x0000000080025132] -> 0x0005
[5026] [M]: 0x0000000080025130 (0x00050513) addi a0, a0, 0x0
x10 <- 0x0000000000000000
mem[X,0x0000000080025134] -> 0x1513
mem[X,0x0000000080025136] -> 0x00B5
[5027] [M]: 0x0000000080025134 (0x00B51513) slli a0, a0, 0xb
x10 <- 0x0000000000000000
mem[X,0x0000000080025138] -> 0x0513
mem[X,0x000000008002513A] -> 0x5A85
[5028] [M]: 0x0000000080025138 (0x5A850513) addi a0, a0, 0x5a8
x10 <- 0x00000000000005A8
mem[X,0x000000008002513C] -> 0x1513
mem[X,0x000000008002513E] -> 0x00B5
[5029] [M]: 0x000000008002513C (0x00B51513) slli a0, a0, 0xb
x10 <- 0x00000000002D4000
mem[X,0x0000000080025140] -> 0x0513
mem[X,0x0000000080025142] -> 0x13C5
[5030] [M]: 0x0000000080025140 (0x13C50513) addi a0, a0, 0x13c
x10 <- 0x00000000002D413C
mem[X,0x0000000080025144] -> 0x1513
mem[X,0x0000000080025146] -> 0x00A5
[5031] [M]: 0x0000000080025144 (0x00A51513) slli a0, a0, 0xa
x10 <- 0x00000000B504F000
mem[X,0x0000000080025148] -> 0x0513
mem[X,0x000000008002514A] -> 0x3335
[5032] [M]: 0x0000000080025148 (0x33350513) addi a0, a0, 0x333
x10 <- 0x00000000B504F333
mem[X,0x000000008002514C] -> 0x0593
mem[X,0x000000008002514E] -> 0x0030
[5033] [M]: 0x000000008002514C (0x00300593) addi a1, zero, 0x3
x11 <- 0x0000000000000003
mem[X,0x0000000080025150] -> 0x0213
mem[X,0x0000000080025152] -> 0x0000
[5034] [M]: 0x0000000080025150 (0x00000213) addi tp, zero, 0x0
x4 <- 0x0000000000000000
mem[X,0x0000000080025154] -> 0x006F
mem[X,0x0000000080025156] -> 0x00C0
[5035] [M]: 0x0000000080025154 (0x00C0006F) jal zero, 0xc
mem[X,0x0000000080025160] -> 0x0663
mem[X,0x0000000080025162] -> 0x00B5
[5036] [M]: 0x0000000080025160 (0x00B50663) beq a0, a1, 0xc
mem[X,0x0000000080025164] -> 0x0213
mem[X,0x0000000080025166] -> 0x0022
[5037] [M]: 0x0000000080025164 (0x00220213) addi tp, tp, 0x2
x4 <- 0x0000000000000002
mem[X,0x0000000080025168] -> 0x006F
mem[X,0x000000008002516A] -> 0x00C0
[5038] [M]: 0x0000000080025168 (0x00C0006F) jal zero, 0xc
mem[X,0x0000000080025174] -> 0x3423
mem[X,0x0000000080025176] -> 0x2241
[5039] [M]: 0x0000000080025174 (0x22413423) sd tp, 0x228(sp)
mem[0x0000000080048BF0] <- 0x0000000000000002
mem[X,0x0000000080025178] -> 0x0537
mem[X,0x000000008002517A] -> 0x0000
[5040] [M]: 0x0000000080025178 (0x00000537) lui a0, 0x0
x10 <- 0x0000000000000000
mem[X,0x000000008002517C] -> 0x0513
mem[X,0x000000008002517E] -> 0x0005
[5041] [M]: 0x000000008002517C (0x00050513) addi a0, a0, 0x0
x10 <- 0x0000000000000000
mem[X,0x0000000080025180] -> 0x1513
mem[X,0x0000000080025182] -> 0x00B5
[5042] [M]: 0x0000000080025180 (0x00B51513) slli a0, a0, 0xb
x10 <- 0x0000000000000000
mem[X,0x0000000080025184] -> 0x0513
mem[X,0x0000000080025186] -> 0x5A85
[5043] [M]: 0x0000000080025184 (0x5A850513) addi a0, a0, 0x5a8
x10 <- 0x00000000000005A8
mem[X,0x0000000080025188] -> 0x1513
mem[X,0x000000008002518A] -> 0x00B5
[5044] [M]: 0x0000000080025188 (0x00B51513) slli a0, a0, 0xb
x10 <- 0x00000000002D4000
mem[X,0x000000008002518C] -> 0x0513
mem[X,0x000000008002518E] -> 0x13C5
[5045] [M]: 0x000000008002518C (0x13C50513) addi a0, a0, 0x13c
x10 <- 0x00000000002D413C
mem[X,0x0000000080025190] -> 0x1513
mem[X,0x0000000080025192] -> 0x00A5
[5046] [M]: 0x0000000080025190 (0x00A51513) slli a0, a0, 0xa
x10 <- 0x00000000B504F000
mem[X,0x0000000080025194] -> 0x0513
mem[X,0x0000000080025196] -> 0x3335
[5047] [M]: 0x0000000080025194 (0x33350513) addi a0, a0, 0x333
x10 <- 0x00000000B504F333
mem[X,0x0000000080025198] -> 0x55B7
mem[X,0x000000008002519A] -> 0x5555
[5048] [M]: 0x0000000080025198 (0x555555B7) lui a1, 0x55555
x11 <- 0x0000000055555000
mem[X,0x000000008002519C] -> 0x8593
mem[X,0x000000008002519E] -> 0x5555
[5049] [M]: 0x000000008002519C (0x55558593) addi a1, a1, 0x555
x11 <- 0x0000000055555555
mem[X,0x00000000800251A0] -> 0x9593
mem[X,0x00000000800251A2] -> 0x00B5
[5050] [M]: 0x00000000800251A0 (0x00B59593) slli a1, a1, 0xb
x11 <- 0x000002AAAAAAA800
mem[X,0x00000000800251A4] -> 0x8593
mem[X,0x00000000800251A6] -> 0x2AA5
[5051] [M]: 0x00000000800251A4 (0x2AA58593) addi a1, a1, 0x2aa
x11 <- 0x000002AAAAAAAAAA
mem[X,0x00000000800251A8] -> 0x9593
mem[X,0x00000000800251AA] -> 0x00B5
[5052] [M]: 0x00000000800251A8 (0x00B59593) slli a1, a1, 0xb
x11 <- 0x0015555555555000
mem[X,0x00000000800251AC] -> 0x8593
mem[X,0x00000000800251AE] -> 0x5555
[5053] [M]: 0x00000000800251AC (0x55558593) addi a1, a1, 0x555
x11 <- 0x0015555555555555
mem[X,0x00000000800251B0] -> 0x9593
mem[X,0x00000000800251B2] -> 0x00A5
[5054] [M]: 0x00000000800251B0 (0x00A59593) slli a1, a1, 0xa
x11 <- 0x5555555555555400
mem[X,0x00000000800251B4] -> 0x8593
mem[X,0x00000000800251B6] -> 0x1555
[5055] [M]: 0x00000000800251B4 (0x15558593) addi a1, a1, 0x155
x11 <- 0x5555555555555555
mem[X,0x00000000800251B8] -> 0x0213
mem[X,0x00000000800251BA] -> 0x0000
[5056] [M]: 0x00000000800251B8 (0x00000213) addi tp, zero, 0x0
x4 <- 0x0000000000000000
mem[X,0x00000000800251BC] -> 0x006F
mem[X,0x00000000800251BE] -> 0x00C0
[5057] [M]: 0x00000000800251BC (0x00C0006F) jal zero, 0xc
mem[X,0x00000000800251C8] -> 0x0CE3
mem[X,0x00000000800251CA] -> 0xFEB5
[5058] [M]: 0x00000000800251C8 (0xFEB50CE3) beq a0, a1, -0x8
mem[X,0x00000000800251CC] -> 0x0213
mem[X,0x00000000800251CE] -> 0x0022
[5059] [M]: 0x00000000800251CC (0x00220213) addi tp, tp, 0x2
x4 <- 0x0000000000000002
mem[X,0x00000000800251D0] -> 0x006F
mem[X,0x00000000800251D2] -> 0x00C0
[5060] [M]: 0x00000000800251D0 (0x00C0006F) jal zero, 0xc
mem[X,0x00000000800251DC] -> 0x3823
mem[X,0x00000000800251DE] -> 0x2241
[5061] [M]: 0x00000000800251DC (0x22413823) sd tp, 0x230(sp)
mem[0x0000000080048BF8] <- 0x0000000000000002
mem[X,0x00000000800251E0] -> 0x0537
mem[X,0x00000000800251E2] -> 0x0000
[5062] [M]: 0x00000000800251E0 (0x00000537) lui a0, 0x0
x10 <- 0x0000000000000000
mem[X,0x00000000800251E4] -> 0x0513
mem[X,0x00000000800251E6] -> 0x0005
[5063] [M]: 0x00000000800251E4 (0x00050513) addi a0, a0, 0x0
x10 <- 0x0000000000000000
mem[X,0x00000000800251E8] -> 0x1513
mem[X,0x00000000800251EA] -> 0x00B5
[5064] [M]: 0x00000000800251E8 (0x00B51513) slli a0, a0, 0xb
x10 <- 0x0000000000000000
mem[X,0x00000000800251EC] -> 0x0513
mem[X,0x00000000800251EE] -> 0x5A85
[5065] [M]: 0x00000000800251EC (0x5A850513) addi a0, a0, 0x5a8
x10 <- 0x00000000000005A8
mem[X,0x00000000800251F0] -> 0x1513
mem[X,0x00000000800251F2] -> 0x00B5
[5066] [M]: 0x00000000800251F0 (0x00B51513) slli a0, a0, 0xb
x10 <- 0x00000000002D4000
mem[X,0x00000000800251F4] -> 0x0513
mem[X,0x00000000800251F6] -> 0x13C5
[5067] [M]: 0x00000000800251F4 (0x13C50513) addi a0, a0, 0x13c
x10 <- 0x00000000002D413C
mem[X,0x00000000800251F8] -> 0x1513
mem[X,0x00000000800251FA] -> 0x00A5
[5068] [M]: 0x00000000800251F8 (0x00A51513) slli a0, a0, 0xa
x10 <- 0x00000000B504F000
mem[X,0x00000000800251FC] -> 0x0513
mem[X,0x00000000800251FE] -> 0x3335
[5069] [M]: 0x00000000800251FC (0x33350513) addi a0, a0, 0x333
x10 <- 0x00000000B504F333
mem[X,0x0000000080025200] -> 0xB5B7
mem[X,0x0000000080025202] -> 0xAAAA
[5070] [M]: 0x0000000080025200 (0xAAAAB5B7) lui a1, -0x55555
x11 <- 0xFFFFFFFFAAAAB000
mem[X,0x0000000080025204] -> 0x8593
mem[X,0x0000000080025206] -> 0xAAA5
[5071] [M]: 0x0000000080025204 (0xAAA58593) addi a1, a1, -0x556
x11 <- 0xFFFFFFFFAAAAAAAA
mem[X,0x0000000080025208] -> 0x9593
mem[X,0x000000008002520A] -> 0x00B5
[5072] [M]: 0x0000000080025208 (0x00B59593) slli a1, a1, 0xb
x11 <- 0xFFFFFD5555555000
mem[X,0x000000008002520C] -> 0x8593
mem[X,0x000000008002520E] -> 0x5555
[5073] [M]: 0x000000008002520C (0x55558593) addi a1, a1, 0x555
x11 <- 0xFFFFFD5555555555
mem[X,0x0000000080025210] -> 0x9593
mem[X,0x0000000080025212] -> 0x00B5
[5074] [M]: 0x0000000080025210 (0x00B59593) slli a1, a1, 0xb
x11 <- 0xFFEAAAAAAAAAA800
mem[X,0x0000000080025214] -> 0x8593
mem[X,0x0000000080025216] -> 0x2AA5
[5075] [M]: 0x0000000080025214 (0x2AA58593) addi a1, a1, 0x2aa
x11 <- 0xFFEAAAAAAAAAAAAA
mem[X,0x0000000080025218] -> 0x9593
mem[X,0x000000008002521A] -> 0x00A5
[5076] [M]: 0x0000000080025218 (0x00A59593) slli a1, a1, 0xa
x11 <- 0xAAAAAAAAAAAAA800
mem[X,0x000000008002521C] -> 0x8593
mem[X,0x000000008002521E] -> 0x2AA5
[5077] [M]: 0x000000008002521C (0x2AA58593) addi a1, a1, 0x2aa
x11 <- 0xAAAAAAAAAAAAAAAA
mem[X,0x0000000080025220] -> 0x0213
mem[X,0x0000000080025222] -> 0x0000
[5078] [M]: 0x0000000080025220 (0x00000213) addi tp, zero, 0x0
x4 <- 0x0000000000000000
mem[X,0x0000000080025224] -> 0x006F
mem[X,0x0000000080025226] -> 0x00C0
[5079] [M]: 0x0000000080025224 (0x00C0006F) jal zero, 0xc
mem[X,0x0000000080025230] -> 0x0063
mem[X,0x0000000080025232] -> 0x04B5
[5080] [M]: 0x0000000080025230 (0x04B50063) beq a0, a1, 0x40
mem[X,0x0000000080025234] -> 0x0213
mem[X,0x0000000080025236] -> 0x0022
[5081] [M]: 0x0000000080025234 (0x00220213) addi tp, tp, 0x2
x4 <- 0x0000000000000002
mem[X,0x0000000080025238] -> 0x006F
mem[X,0x000000008002523A] -> 0x0400
[5082] [M]: 0x0000000080025238 (0x0400006F) jal zero, 0x40
mem[X,0x0000000080025278] -> 0x3C23
mem[X,0x000000008002527A] -> 0x2241
[5083] [M]: 0x0000000080025278 (0x22413C23) sd tp, 0x238(sp)
mem[0x0000000080048C00] <- 0x0000000000000002
mem[X,0x000000008002527C] -> 0x0537
mem[X,0x000000008002527E] -> 0x0000
[5084] [M]: 0x000000008002527C (0x00000537) lui a0, 0x0
x10 <- 0x0000000000000000
mem[X,0x0000000080025280] -> 0x0513
mem[X,0x0000000080025282] -> 0x0005
[5085] [M]: 0x0000000080025280 (0x00050513) addi a0, a0, 0x0
x10 <- 0x0000000000000000
mem[X,0x0000000080025284] -> 0x1513
mem[X,0x0000000080025286] -> 0x00B5
[5086] [M]: 0x0000000080025284 (0x00B51513) slli a0, a0, 0xb
x10 <- 0x0000000000000000
mem[X,0x0000000080025288] -> 0x0513
mem[X,0x000000008002528A] -> 0x5A85
[5087] [M]: 0x0000000080025288 (0x5A850513) addi a0, a0, 0x5a8
x10 <- 0x00000000000005A8
mem[X,0x000000008002528C] -> 0x1513
mem[X,0x000000008002528E] -> 0x00B5
[5088] [M]: 0x000000008002528C (0x00B51513) slli a0, a0, 0xb
x10 <- 0x00000000002D4000
mem[X,0x0000000080025290] -> 0x0513
mem[X,0x0000000080025292] -> 0x13C5
[5089] [M]: 0x0000000080025290 (0x13C50513) addi a0, a0, 0x13c
x10 <- 0x00000000002D413C
mem[X,0x0000000080025294] -> 0x1513
mem[X,0x0000000080025296] -> 0x00A5
[5090] [M]: 0x0000000080025294 (0x00A51513) slli a0, a0, 0xa
x10 <- 0x00000000B504F000
mem[X,0x0000000080025298] -> 0x0513
mem[X,0x000000008002529A] -> 0x3335
[5091] [M]: 0x0000000080025298 (0x33350513) addi a0, a0, 0x333
x10 <- 0x00000000B504F333
mem[X,0x000000008002529C] -> 0x0593
mem[X,0x000000008002529E] -> 0x0050
[5092] [M]: 0x000000008002529C (0x00500593) addi a1, zero, 0x5
x11 <- 0x0000000000000005
mem[X,0x00000000800252A0] -> 0x0213
mem[X,0x00000000800252A2] -> 0x0000
[5093] [M]: 0x00000000800252A0 (0x00000213) addi tp, zero, 0x0
x4 <- 0x0000000000000000
mem[X,0x00000000800252A4] -> 0x006F
mem[X,0x00000000800252A6] -> 0x00C0
[5094] [M]: 0x00000000800252A4 (0x00C0006F) jal zero, 0xc
mem[X,0x00000000800252B0] -> 0x0663
mem[X,0x00000000800252B2] -> 0x00B5
[5095] [M]: 0x00000000800252B0 (0x00B50663) beq a0, a1, 0xc
mem[X,0x00000000800252B4] -> 0x0213
mem[X,0x00000000800252B6] -> 0x0022
[5096] [M]: 0x00000000800252B4 (0x00220213) addi tp, tp, 0x2
x4 <- 0x0000000000000002
mem[X,0x00000000800252B8] -> 0x006F
mem[X,0x00000000800252BA] -> 0x00C0
[5097] [M]: 0x00000000800252B8 (0x00C0006F) jal zero, 0xc
mem[X,0x00000000800252C4] -> 0x3023
mem[X,0x00000000800252C6] -> 0x2441
[5098] [M]: 0x00000000800252C4 (0x24413023) sd tp, 0x240(sp)
mem[0x0000000080048C08] <- 0x0000000000000002
mem[X,0x00000000800252C8] -> 0x0537
mem[X,0x00000000800252CA] -> 0x0000
[5099] [M]: 0x00000000800252C8 (0x00000537) lui a0, 0x0
x10 <- 0x0000000000000000
clint::tick mtime <- 0x0000000000000033
 clint timer pending at mtime 0x0000000000000033
htif::tick 0x0000000000000000
mem[X,0x00000000800252CC] -> 0x0513
mem[X,0x00000000800252CE] -> 0x0005
[5100] [M]: 0x00000000800252CC (0x00050513) addi a0, a0, 0x0
x10 <- 0x0000000000000000
mem[X,0x00000000800252D0] -> 0x1513
mem[X,0x00000000800252D2] -> 0x00B5
[5101] [M]: 0x00000000800252D0 (0x00B51513) slli a0, a0, 0xb
x10 <- 0x0000000000000000
mem[X,0x00000000800252D4] -> 0x0513
mem[X,0x00000000800252D6] -> 0x5A85
[5102] [M]: 0x00000000800252D4 (0x5A850513) addi a0, a0, 0x5a8
x10 <- 0x00000000000005A8
mem[X,0x00000000800252D8] -> 0x1513
mem[X,0x00000000800252DA] -> 0x00B5
[5103] [M]: 0x00000000800252D8 (0x00B51513) slli a0, a0, 0xb
x10 <- 0x00000000002D4000
mem[X,0x00000000800252DC] -> 0x0513
mem[X,0x00000000800252DE] -> 0x13C5
[5104] [M]: 0x00000000800252DC (0x13C50513) addi a0, a0, 0x13c
x10 <- 0x00000000002D413C
mem[X,0x00000000800252E0] -> 0x1513
mem[X,0x00000000800252E2] -> 0x00A5
[5105] [M]: 0x00000000800252E0 (0x00A51513) slli a0, a0, 0xa
x10 <- 0x00000000B504F000
mem[X,0x00000000800252E4] -> 0x0513
mem[X,0x00000000800252E6] -> 0x3335
[5106] [M]: 0x00000000800252E4 (0x33350513) addi a0, a0, 0x333
x10 <- 0x00000000B504F333
mem[X,0x00000000800252E8] -> 0x35B7
mem[X,0x00000000800252EA] -> 0x3333
[5107] [M]: 0x00000000800252E8 (0x333335B7) lui a1, 0x33333
x11 <- 0x0000000033333000
mem[X,0x00000000800252EC] -> 0x8593
mem[X,0x00000000800252EE] -> 0x3335
[5108] [M]: 0x00000000800252EC (0x33358593) addi a1, a1, 0x333
x11 <- 0x0000000033333333
mem[X,0x00000000800252F0] -> 0x9593
mem[X,0x00000000800252F2] -> 0x00B5
[5109] [M]: 0x00000000800252F0 (0x00B59593) slli a1, a1, 0xb
x11 <- 0x0000019999999800
mem[X,0x00000000800252F4] -> 0x8593
mem[X,0x00000000800252F6] -> 0x1995
[5110] [M]: 0x00000000800252F4 (0x19958593) addi a1, a1, 0x199
x11 <- 0x0000019999999999
mem[X,0x00000000800252F8] -> 0x9593
mem[X,0x00000000800252FA] -> 0x00B5
[5111] [M]: 0x00000000800252F8 (0x00B59593) slli a1, a1, 0xb
x11 <- 0x000CCCCCCCCCC800
mem[X,0x00000000800252FC] -> 0x8593
mem[X,0x00000000800252FE] -> 0x4CC5
[5112] [M]: 0x00000000800252FC (0x4CC58593) addi a1, a1, 0x4cc
x11 <- 0x000CCCCCCCCCCCCC
mem[X,0x0000000080025300] -> 0x9593
mem[X,0x0000000080025302] -> 0x00A5
[5113] [M]: 0x0000000080025300 (0x00A59593) slli a1, a1, 0xa
x11 <- 0x3333333333333000
mem[X,0x0000000080025304] -> 0x8593
mem[X,0x0000000080025306] -> 0x3335
[5114] [M]: 0x0000000080025304 (0x33358593) addi a1, a1, 0x333
x11 <- 0x3333333333333333
mem[X,0x0000000080025308] -> 0x0213
mem[X,0x000000008002530A] -> 0x0000
[5115] [M]: 0x0000000080025308 (0x00000213) addi tp, zero, 0x0
x4 <- 0x0000000000000000
mem[X,0x000000008002530C] -> 0x006F
mem[X,0x000000008002530E] -> 0x00C0
[5116] [M]: 0x000000008002530C (0x00C0006F) jal zero, 0xc
mem[X,0x0000000080025318] -> 0x0663
mem[X,0x000000008002531A] -> 0x00B5
[5117] [M]: 0x0000000080025318 (0x00B50663) beq a0, a1, 0xc
mem[X,0x000000008002531C] -> 0x0213
mem[X,0x000000008002531E] -> 0x0022
[5118] [M]: 0x000000008002531C (0x00220213) addi tp, tp, 0x2
x4 <- 0x0000000000000002
mem[X,0x0000000080025320] -> 0x006F
mem[X,0x0000000080025322] -> 0x00C0
[5119] [M]: 0x0000000080025320 (0x00C0006F) jal zero, 0xc
mem[X,0x000000008002532C] -> 0x3423
mem[X,0x000000008002532E] -> 0x2441
[5120] [M]: 0x000000008002532C (0x24413423) sd tp, 0x248(sp)
mem[0x0000000080048C10] <- 0x0000000000000002
mem[X,0x0000000080025330] -> 0x0537
mem[X,0x0000000080025332] -> 0x0000
[5121] [M]: 0x0000000080025330 (0x00000537) lui a0, 0x0
x10 <- 0x0000000000000000
mem[X,0x0000000080025334] -> 0x0513
mem[X,0x0000000080025336] -> 0x0005
[5122] [M]: 0x0000000080025334 (0x00050513) addi a0, a0, 0x0
x10 <- 0x0000000000000000
mem[X,0x0000000080025338] -> 0x1513
mem[X,0x000000008002533A] -> 0x00B5
[5123] [M]: 0x0000000080025338 (0x00B51513) slli a0, a0, 0xb
x10 <- 0x0000000000000000
mem[X,0x000000008002533C] -> 0x0513
mem[X,0x000000008002533E] -> 0x5A85
[5124] [M]: 0x000000008002533C (0x5A850513) addi a0, a0, 0x5a8
x10 <- 0x00000000000005A8
mem[X,0x0000000080025340] -> 0x1513
mem[X,0x0000000080025342] -> 0x00B5
[5125] [M]: 0x0000000080025340 (0x00B51513) slli a0, a0, 0xb
x10 <- 0x00000000002D4000
mem[X,0x0000000080025344] -> 0x0513
mem[X,0x0000000080025346] -> 0x13C5
[5126] [M]: 0x0000000080025344 (0x13C50513) addi a0, a0, 0x13c
x10 <- 0x00000000002D413C
mem[X,0x0000000080025348] -> 0x1513
mem[X,0x000000008002534A] -> 0x00A5
[5127] [M]: 0x0000000080025348 (0x00A51513) slli a0, a0, 0xa
x10 <- 0x00000000B504F000
mem[X,0x000000008002534C] -> 0x0513
mem[X,0x000000008002534E] -> 0x3335
[5128] [M]: 0x000000008002534C (0x33350513) addi a0, a0, 0x333
x10 <- 0x00000000B504F333
mem[X,0x0000000080025350] -> 0x65B7
mem[X,0x0000000080025352] -> 0x6666
[5129] [M]: 0x0000000080025350 (0x666665B7) lui a1, 0x66666
x11 <- 0x0000000066666000
mem[X,0x0000000080025354] -> 0x8593
mem[X,0x0000000080025356] -> 0x6665
[5130] [M]: 0x0000000080025354 (0x66658593) addi a1, a1, 0x666
x11 <- 0x0000000066666666
mem[X,0x0000000080025358] -> 0x9593
mem[X,0x000000008002535A] -> 0x00B5
[5131] [M]: 0x0000000080025358 (0x00B59593) slli a1, a1, 0xb
x11 <- 0x0000033333333000
mem[X,0x000000008002535C] -> 0x8593
mem[X,0x000000008002535E] -> 0x3335
[5132] [M]: 0x000000008002535C (0x33358593) addi a1, a1, 0x333
x11 <- 0x0000033333333333
mem[X,0x0000000080025360] -> 0x9593
mem[X,0x0000000080025362] -> 0x00B5
[5133] [M]: 0x0000000080025360 (0x00B59593) slli a1, a1, 0xb
x11 <- 0x0019999999999800
mem[X,0x0000000080025364] -> 0x8593
mem[X,0x0000000080025366] -> 0x1995
[5134] [M]: 0x0000000080025364 (0x19958593) addi a1, a1, 0x199
x11 <- 0x0019999999999999
mem[X,0x0000000080025368] -> 0x9593
mem[X,0x000000008002536A] -> 0x00A5
[5135] [M]: 0x0000000080025368 (0x00A59593) slli a1, a1, 0xa
x11 <- 0x6666666666666400
mem[X,0x000000008002536C] -> 0x8593
mem[X,0x000000008002536E] -> 0x2665
[5136] [M]: 0x000000008002536C (0x26658593) addi a1, a1, 0x266
x11 <- 0x6666666666666666
mem[X,0x0000000080025370] -> 0x0213
mem[X,0x0000000080025372] -> 0x0000
[5137] [M]: 0x0000000080025370 (0x00000213) addi tp, zero, 0x0
x4 <- 0x0000000000000000
mem[X,0x0000000080025374] -> 0x006F
mem[X,0x0000000080025376] -> 0x00C0
[5138] [M]: 0x0000000080025374 (0x00C0006F) jal zero, 0xc
mem[X,0x0000000080025380] -> 0x0863
mem[X,0x0000000080025382] -> 0x00B5
[5139] [M]: 0x0000000080025380 (0x00B50863) beq a0, a1, 0x10
mem[X,0x0000000080025384] -> 0x0213
mem[X,0x0000000080025386] -> 0x0022
[5140] [M]: 0x0000000080025384 (0x00220213) addi tp, tp, 0x2
x4 <- 0x0000000000000002
mem[X,0x0000000080025388] -> 0x006F
mem[X,0x000000008002538A] -> 0x0100
[5141] [M]: 0x0000000080025388 (0x0100006F) jal zero, 0x10
mem[X,0x0000000080025398] -> 0x3823
mem[X,0x000000008002539A] -> 0x2441
[5142] [M]: 0x0000000080025398 (0x24413823) sd tp, 0x250(sp)
mem[0x0000000080048C18] <- 0x0000000000000002
mem[X,0x000000008002539C] -> 0x0537
mem[X,0x000000008002539E] -> 0x0000
[5143] [M]: 0x000000008002539C (0x00000537) lui a0, 0x0
x10 <- 0x0000000000000000
mem[X,0x00000000800253A0] -> 0x0513
mem[X,0x00000000800253A2] -> 0x0005
[5144] [M]: 0x00000000800253A0 (0x00050513) addi a0, a0, 0x0
x10 <- 0x0000000000000000
mem[X,0x00000000800253A4] -> 0x1513
mem[X,0x00000000800253A6] -> 0x00B5
[5145] [M]: 0x00000000800253A4 (0x00B51513) slli a0, a0, 0xb
x10 <- 0x0000000000000000
mem[X,0x00000000800253A8] -> 0x0513
mem[X,0x00000000800253AA] -> 0x5A85
[5146] [M]: 0x00000000800253A8 (0x5A850513) addi a0, a0, 0x5a8
x10 <- 0x00000000000005A8
mem[X,0x00000000800253AC] -> 0x1513
mem[X,0x00000000800253AE] -> 0x00B5
[5147] [M]: 0x00000000800253AC (0x00B51513) slli a0, a0, 0xb
x10 <- 0x00000000002D4000
mem[X,0x00000000800253B0] -> 0x0513
mem[X,0x00000000800253B2] -> 0x13C5
[5148] [M]: 0x00000000800253B0 (0x13C50513) addi a0, a0, 0x13c
x10 <- 0x00000000002D413C
mem[X,0x00000000800253B4] -> 0x1513
mem[X,0x00000000800253B6] -> 0x00A5
[5149] [M]: 0x00000000800253B4 (0x00A51513) slli a0, a0, 0xa
x10 <- 0x00000000B504F000
mem[X,0x00000000800253B8] -> 0x0513
mem[X,0x00000000800253BA] -> 0x3335
[5150] [M]: 0x00000000800253B8 (0x33350513) addi a0, a0, 0x333
x10 <- 0x00000000B504F333
mem[X,0x00000000800253BC] -> 0x05B7
mem[X,0x00000000800253BE] -> 0x0000
[5151] [M]: 0x00000000800253BC (0x000005B7) lui a1, 0x0
x11 <- 0x0000000000000000
mem[X,0x00000000800253C0] -> 0x8593
mem[X,0x00000000800253C2] -> 0xFFF5
[5152] [M]: 0x00000000800253C0 (0xFFF58593) addi a1, a1, -0x1
x11 <- 0xFFFFFFFFFFFFFFFF
mem[X,0x00000000800253C4] -> 0x9593
mem[X,0x00000000800253C6] -> 0x00B5
[5153] [M]: 0x00000000800253C4 (0x00B59593) slli a1, a1, 0xb
x11 <- 0xFFFFFFFFFFFFF800
mem[X,0x00000000800253C8] -> 0x8593
mem[X,0x00000000800253CA] -> 0x2575
[5154] [M]: 0x00000000800253C8 (0x25758593) addi a1, a1, 0x257
x11 <- 0xFFFFFFFFFFFFFA57
mem[X,0x00000000800253CC] -> 0x9593
mem[X,0x00000000800253CE] -> 0x00B5
[5155] [M]: 0x00000000800253CC (0x00B59593) slli a1, a1, 0xb
x11 <- 0xFFFFFFFFFFD2B800
mem[X,0x00000000800253D0] -> 0x8593
mem[X,0x00000000800253D2] -> 0x6C35
[5156] [M]: 0x00000000800253D0 (0x6C358593) addi a1, a1, 0x6c3
x11 <- 0xFFFFFFFFFFD2BEC3
mem[X,0x00000000800253D4] -> 0x9593
mem[X,0x00000000800253D6] -> 0x00A5
[5157] [M]: 0x00000000800253D4 (0x00A59593) slli a1, a1, 0xa
x11 <- 0xFFFFFFFF4AFB0C00
mem[X,0x00000000800253D8] -> 0x8593
mem[X,0x00000000800253DA] -> 0x0CD5
[5158] [M]: 0x00000000800253D8 (0x0CD58593) addi a1, a1, 0xcd
x11 <- 0xFFFFFFFF4AFB0CCD
mem[X,0x00000000800253DC] -> 0x0213
mem[X,0x00000000800253DE] -> 0x0000
[5159] [M]: 0x00000000800253DC (0x00000213) addi tp, zero, 0x0
x4 <- 0x0000000000000000
mem[X,0x00000000800253E0] -> 0x006F
mem[X,0x00000000800253E2] -> 0x00C0
[5160] [M]: 0x00000000800253E0 (0x00C0006F) jal zero, 0xc
mem[X,0x00000000800253EC] -> 0x0063
mem[X,0x00000000800253EE] -> 0x10B5
[5161] [M]: 0x00000000800253EC (0x10B50063) beq a0, a1, 0x100
mem[X,0x00000000800253F0] -> 0x0213
mem[X,0x00000000800253F2] -> 0x0022
[5162] [M]: 0x00000000800253F0 (0x00220213) addi tp, tp, 0x2
x4 <- 0x0000000000000002
mem[X,0x00000000800253F4] -> 0x006F
mem[X,0x00000000800253F6] -> 0x1000
[5163] [M]: 0x00000000800253F4 (0x1000006F) jal zero, 0x100
mem[X,0x00000000800254F4] -> 0x3C23
mem[X,0x00000000800254F6] -> 0x2441
[5164] [M]: 0x00000000800254F4 (0x24413C23) sd tp, 0x258(sp)
mem[0x0000000080048C20] <- 0x0000000000000002
mem[X,0x00000000800254F8] -> 0x0537
mem[X,0x00000000800254FA] -> 0x0000
[5165] [M]: 0x00000000800254F8 (0x00000537) lui a0, 0x0
x10 <- 0x0000000000000000
mem[X,0x00000000800254FC] -> 0x0513
mem[X,0x00000000800254FE] -> 0x0005
[5166] [M]: 0x00000000800254FC (0x00050513) addi a0, a0, 0x0
x10 <- 0x0000000000000000
mem[X,0x0000000080025500] -> 0x1513
mem[X,0x0000000080025502] -> 0x00B5
[5167] [M]: 0x0000000080025500 (0x00B51513) slli a0, a0, 0xb
x10 <- 0x0000000000000000
mem[X,0x0000000080025504] -> 0x0513
mem[X,0x0000000080025506] -> 0x5A85
[5168] [M]: 0x0000000080025504 (0x5A850513) addi a0, a0, 0x5a8
x10 <- 0x00000000000005A8
mem[X,0x0000000080025508] -> 0x1513
mem[X,0x000000008002550A] -> 0x00B5
[5169] [M]: 0x0000000080025508 (0x00B51513) slli a0, a0, 0xb
x10 <- 0x00000000002D4000
mem[X,0x000000008002550C] -> 0x0513
mem[X,0x000000008002550E] -> 0x13C5
[5170] [M]: 0x000000008002550C (0x13C50513) addi a0, a0, 0x13c
x10 <- 0x00000000002D413C
mem[X,0x0000000080025510] -> 0x1513
mem[X,0x0000000080025512] -> 0x00A5
[5171] [M]: 0x0000000080025510 (0x00A51513) slli a0, a0, 0xa
x10 <- 0x00000000B504F000
mem[X,0x0000000080025514] -> 0x0513
mem[X,0x0000000080025516] -> 0x3335
[5172] [M]: 0x0000000080025514 (0x33350513) addi a0, a0, 0x333
x10 <- 0x00000000B504F333
mem[X,0x0000000080025518] -> 0x05B7
mem[X,0x000000008002551A] -> 0x0000
[5173] [M]: 0x0000000080025518 (0x000005B7) lui a1, 0x0
x11 <- 0x0000000000000000
mem[X,0x000000008002551C] -> 0x8593
mem[X,0x000000008002551E] -> 0x0005
[5174] [M]: 0x000000008002551C (0x00058593) addi a1, a1, 0x0
x11 <- 0x0000000000000000
mem[X,0x0000000080025520] -> 0x9593
mem[X,0x0000000080025522] -> 0x00B5
[5175] [M]: 0x0000000080025520 (0x00B59593) slli a1, a1, 0xb
x11 <- 0x0000000000000000
mem[X,0x0000000080025524] -> 0x8593
mem[X,0x0000000080025526] -> 0x5A85
[5176] [M]: 0x0000000080025524 (0x5A858593) addi a1, a1, 0x5a8
x11 <- 0x00000000000005A8
mem[X,0x0000000080025528] -> 0x9593
mem[X,0x000000008002552A] -> 0x00B5
[5177] [M]: 0x0000000080025528 (0x00B59593) slli a1, a1, 0xb
x11 <- 0x00000000002D4000
mem[X,0x000000008002552C] -> 0x8593
mem[X,0x000000008002552E] -> 0x13C5
[5178] [M]: 0x000000008002552C (0x13C58593) addi a1, a1, 0x13c
x11 <- 0x00000000002D413C
mem[X,0x0000000080025530] -> 0x9593
mem[X,0x0000000080025532] -> 0x00A5
[5179] [M]: 0x0000000080025530 (0x00A59593) slli a1, a1, 0xa
x11 <- 0x00000000B504F000
mem[X,0x0000000080025534] -> 0x8593
mem[X,0x0000000080025536] -> 0x3335
[5180] [M]: 0x0000000080025534 (0x33358593) addi a1, a1, 0x333
x11 <- 0x00000000B504F333
mem[X,0x0000000080025538] -> 0x0213
mem[X,0x000000008002553A] -> 0x0000
[5181] [M]: 0x0000000080025538 (0x00000213) addi tp, zero, 0x0
x4 <- 0x0000000000000000
mem[X,0x000000008002553C] -> 0x006F
mem[X,0x000000008002553E] -> 0x00C0
[5182] [M]: 0x000000008002553C (0x00C0006F) jal zero, 0xc
mem[X,0x0000000080025548] -> 0x0063
mem[X,0x000000008002554A] -> 0x04B5
[5183] [M]: 0x0000000080025548 (0x04B50063) beq a0, a1, 0x40
mem[X,0x0000000080025588] -> 0x0213
mem[X,0x000000008002558A] -> 0x0032
[5184] [M]: 0x0000000080025588 (0x00320213) addi tp, tp, 0x3
x4 <- 0x0000000000000003
mem[X,0x000000008002558C] -> 0x006F
mem[X,0x000000008002558E] -> 0x0040
[5185] [M]: 0x000000008002558C (0x0040006F) jal zero, 0x4
mem[X,0x0000000080025590] -> 0x3023
mem[X,0x0000000080025592] -> 0x2641
[5186] [M]: 0x0000000080025590 (0x26413023) sd tp, 0x260(sp)
mem[0x0000000080048C28] <- 0x0000000000000003
mem[X,0x0000000080025594] -> 0x0537
mem[X,0x0000000080025596] -> 0x0000
[5187] [M]: 0x0000000080025594 (0x00000537) lui a0, 0x0
x10 <- 0x0000000000000000
mem[X,0x0000000080025598] -> 0x0513
mem[X,0x000000008002559A] -> 0x0005
[5188] [M]: 0x0000000080025598 (0x00050513) addi a0, a0, 0x0
x10 <- 0x0000000000000000
mem[X,0x000000008002559C] -> 0x1513
mem[X,0x000000008002559E] -> 0x00B5
[5189] [M]: 0x000000008002559C (0x00B51513) slli a0, a0, 0xb
x10 <- 0x0000000000000000
mem[X,0x00000000800255A0] -> 0x0513
mem[X,0x00000000800255A2] -> 0x5A85
[5190] [M]: 0x00000000800255A0 (0x5A850513) addi a0, a0, 0x5a8
x10 <- 0x00000000000005A8
mem[X,0x00000000800255A4] -> 0x1513
mem[X,0x00000000800255A6] -> 0x00B5
[5191] [M]: 0x00000000800255A4 (0x00B51513) slli a0, a0, 0xb
x10 <- 0x00000000002D4000
mem[X,0x00000000800255A8] -> 0x0513
mem[X,0x00000000800255AA] -> 0x13C5
[5192] [M]: 0x00000000800255A8 (0x13C50513) addi a0, a0, 0x13c
x10 <- 0x00000000002D413C
mem[X,0x00000000800255AC] -> 0x1513
mem[X,0x00000000800255AE] -> 0x00A5
[5193] [M]: 0x00000000800255AC (0x00A51513) slli a0, a0, 0xa
x10 <- 0x00000000B504F000
mem[X,0x00000000800255B0] -> 0x0513
mem[X,0x00000000800255B2] -> 0x3335
[5194] [M]: 0x00000000800255B0 (0x33350513) addi a0, a0, 0x333
x10 <- 0x00000000B504F333
mem[X,0x00000000800255B4] -> 0x0593
mem[X,0x00000000800255B6] -> 0x0020
[5195] [M]: 0x00000000800255B4 (0x00200593) addi a1, zero, 0x2
x11 <- 0x0000000000000002
mem[X,0x00000000800255B8] -> 0x0213
mem[X,0x00000000800255BA] -> 0x0000
[5196] [M]: 0x00000000800255B8 (0x00000213) addi tp, zero, 0x0
x4 <- 0x0000000000000000
mem[X,0x00000000800255BC] -> 0x006F
mem[X,0x00000000800255BE] -> 0x00C0
[5197] [M]: 0x00000000800255BC (0x00C0006F) jal zero, 0xc
mem[X,0x00000000800255C8] -> 0x0663
mem[X,0x00000000800255CA] -> 0x00B5
[5198] [M]: 0x00000000800255C8 (0x00B50663) beq a0, a1, 0xc
mem[X,0x00000000800255CC] -> 0x0213
mem[X,0x00000000800255CE] -> 0x0022
[5199] [M]: 0x00000000800255CC (0x00220213) addi tp, tp, 0x2
x4 <- 0x0000000000000002
clint::tick mtime <- 0x0000000000000034
 clint timer pending at mtime 0x0000000000000034
htif::tick 0x0000000000000000
mem[X,0x00000000800255D0] -> 0x006F
mem[X,0x00000000800255D2] -> 0x00C0
[5200] [M]: 0x00000000800255D0 (0x00C0006F) jal zero, 0xc
mem[X,0x00000000800255DC] -> 0x3423
mem[X,0x00000000800255DE] -> 0x2641
[5201] [M]: 0x00000000800255DC (0x26413423) sd tp, 0x268(sp)
mem[0x0000000080048C30] <- 0x0000000000000002
mem[X,0x00000000800255E0] -> 0x0537
mem[X,0x00000000800255E2] -> 0x0000
[5202] [M]: 0x00000000800255E0 (0x00000537) lui a0, 0x0
x10 <- 0x0000000000000000
mem[X,0x00000000800255E4] -> 0x0513
mem[X,0x00000000800255E6] -> 0x0005
[5203] [M]: 0x00000000800255E4 (0x00050513) addi a0, a0, 0x0
x10 <- 0x0000000000000000
mem[X,0x00000000800255E8] -> 0x1513
mem[X,0x00000000800255EA] -> 0x00B5
[5204] [M]: 0x00000000800255E8 (0x00B51513) slli a0, a0, 0xb
x10 <- 0x0000000000000000
mem[X,0x00000000800255EC] -> 0x0513
mem[X,0x00000000800255EE] -> 0x5A85
[5205] [M]: 0x00000000800255EC (0x5A850513) addi a0, a0, 0x5a8
x10 <- 0x00000000000005A8
mem[X,0x00000000800255F0] -> 0x1513
mem[X,0x00000000800255F2] -> 0x00B5
[5206] [M]: 0x00000000800255F0 (0x00B51513) slli a0, a0, 0xb
x10 <- 0x00000000002D4000
mem[X,0x00000000800255F4] -> 0x0513
mem[X,0x00000000800255F6] -> 0x13C5
[5207] [M]: 0x00000000800255F4 (0x13C50513) addi a0, a0, 0x13c
x10 <- 0x00000000002D413C
mem[X,0x00000000800255F8] -> 0x1513
mem[X,0x00000000800255FA] -> 0x00A5
[5208] [M]: 0x00000000800255F8 (0x00A51513) slli a0, a0, 0xa
x10 <- 0x00000000B504F000
mem[X,0x00000000800255FC] -> 0x0513
mem[X,0x00000000800255FE] -> 0x3335
[5209] [M]: 0x00000000800255FC (0x33350513) addi a0, a0, 0x333
x10 <- 0x00000000B504F333
mem[X,0x0000000080025600] -> 0x55B7
mem[X,0x0000000080025602] -> 0x5555
[5210] [M]: 0x0000000080025600 (0x555555B7) lui a1, 0x55555
x11 <- 0x0000000055555000
mem[X,0x0000000080025604] -> 0x8593
mem[X,0x0000000080025606] -> 0x5555
[5211] [M]: 0x0000000080025604 (0x55558593) addi a1, a1, 0x555
x11 <- 0x0000000055555555
mem[X,0x0000000080025608] -> 0x9593
mem[X,0x000000008002560A] -> 0x00B5
[5212] [M]: 0x0000000080025608 (0x00B59593) slli a1, a1, 0xb
x11 <- 0x000002AAAAAAA800
mem[X,0x000000008002560C] -> 0x8593
mem[X,0x000000008002560E] -> 0x2AA5
[5213] [M]: 0x000000008002560C (0x2AA58593) addi a1, a1, 0x2aa
x11 <- 0x000002AAAAAAAAAA
mem[X,0x0000000080025610] -> 0x9593
mem[X,0x0000000080025612] -> 0x00B5
[5214] [M]: 0x0000000080025610 (0x00B59593) slli a1, a1, 0xb
x11 <- 0x0015555555555000
mem[X,0x0000000080025614] -> 0x8593
mem[X,0x0000000080025616] -> 0x5555
[5215] [M]: 0x0000000080025614 (0x55558593) addi a1, a1, 0x555
x11 <- 0x0015555555555555
mem[X,0x0000000080025618] -> 0x9593
mem[X,0x000000008002561A] -> 0x00A5
[5216] [M]: 0x0000000080025618 (0x00A59593) slli a1, a1, 0xa
x11 <- 0x5555555555555400
mem[X,0x000000008002561C] -> 0x8593
mem[X,0x000000008002561E] -> 0x1545
[5217] [M]: 0x000000008002561C (0x15458593) addi a1, a1, 0x154
x11 <- 0x5555555555555554
mem[X,0x0000000080025620] -> 0x0213
mem[X,0x0000000080025622] -> 0x0000
[5218] [M]: 0x0000000080025620 (0x00000213) addi tp, zero, 0x0
x4 <- 0x0000000000000000
mem[X,0x0000000080025624] -> 0x006F
mem[X,0x0000000080025626] -> 0x0100
[5219] [M]: 0x0000000080025624 (0x0100006F) jal zero, 0x10
mem[X,0x0000000080025634] -> 0x0AE3
mem[X,0x0000000080025636] -> 0xFEB5
[5220] [M]: 0x0000000080025634 (0xFEB50AE3) beq a0, a1, -0xc
mem[X,0x0000000080025638] -> 0x0213
mem[X,0x000000008002563A] -> 0x0022
[5221] [M]: 0x0000000080025638 (0x00220213) addi tp, tp, 0x2
x4 <- 0x0000000000000002
mem[X,0x000000008002563C] -> 0x006F
mem[X,0x000000008002563E] -> 0x00C0
[5222] [M]: 0x000000008002563C (0x00C0006F) jal zero, 0xc
mem[X,0x0000000080025648] -> 0x3823
mem[X,0x000000008002564A] -> 0x2641
[5223] [M]: 0x0000000080025648 (0x26413823) sd tp, 0x270(sp)
mem[0x0000000080048C38] <- 0x0000000000000002
mem[X,0x000000008002564C] -> 0x0537
mem[X,0x000000008002564E] -> 0x0000
[5224] [M]: 0x000000008002564C (0x00000537) lui a0, 0x0
x10 <- 0x0000000000000000
mem[X,0x0000000080025650] -> 0x0513
mem[X,0x0000000080025652] -> 0x0005
[5225] [M]: 0x0000000080025650 (0x00050513) addi a0, a0, 0x0
x10 <- 0x0000000000000000
mem[X,0x0000000080025654] -> 0x1513
mem[X,0x0000000080025656] -> 0x00B5
[5226] [M]: 0x0000000080025654 (0x00B51513) slli a0, a0, 0xb
x10 <- 0x0000000000000000
mem[X,0x0000000080025658] -> 0x0513
mem[X,0x000000008002565A] -> 0x5A85
[5227] [M]: 0x0000000080025658 (0x5A850513) addi a0, a0, 0x5a8
x10 <- 0x00000000000005A8
mem[X,0x000000008002565C] -> 0x1513
mem[X,0x000000008002565E] -> 0x00B5
[5228] [M]: 0x000000008002565C (0x00B51513) slli a0, a0, 0xb
x10 <- 0x00000000002D4000
mem[X,0x0000000080025660] -> 0x0513
mem[X,0x0000000080025662] -> 0x13C5
[5229] [M]: 0x0000000080025660 (0x13C50513) addi a0, a0, 0x13c
x10 <- 0x00000000002D413C
mem[X,0x0000000080025664] -> 0x1513
mem[X,0x0000000080025666] -> 0x00A5
[5230] [M]: 0x0000000080025664 (0x00A51513) slli a0, a0, 0xa
x10 <- 0x00000000B504F000
mem[X,0x0000000080025668] -> 0x0513
mem[X,0x000000008002566A] -> 0x3335
[5231] [M]: 0x0000000080025668 (0x33350513) addi a0, a0, 0x333
x10 <- 0x00000000B504F333
mem[X,0x000000008002566C] -> 0x0593
mem[X,0x000000008002566E] -> 0x0000
[5232] [M]: 0x000000008002566C (0x00000593) addi a1, zero, 0x0
x11 <- 0x0000000000000000
mem[X,0x0000000080025670] -> 0x0213
mem[X,0x0000000080025672] -> 0x0000
[5233] [M]: 0x0000000080025670 (0x00000213) addi tp, zero, 0x0
x4 <- 0x0000000000000000
mem[X,0x0000000080025674] -> 0x006F
mem[X,0x0000000080025676] -> 0x2B10
[5234] [M]: 0x0000000080025674 (0x2B10006F) jal zero, 0xab0
mem[X,0x0000000080026124] -> 0x0A63
mem[X,0x0000000080026126] -> 0xD4B5
[5235] [M]: 0x0000000080026124 (0xD4B50A63) beq a0, a1, -0xaac
mem[X,0x0000000080026128] -> 0x0213
mem[X,0x000000008002612A] -> 0x0022
[5236] [M]: 0x0000000080026128 (0x00220213) addi tp, tp, 0x2
x4 <- 0x0000000000000002
mem[X,0x000000008002612C] -> 0x006F
mem[X,0x000000008002612E] -> 0x00C0
[5237] [M]: 0x000000008002612C (0x00C0006F) jal zero, 0xc
mem[X,0x0000000080026138] -> 0x3C23
mem[X,0x000000008002613A] -> 0x2641
[5238] [M]: 0x0000000080026138 (0x26413C23) sd tp, 0x278(sp)
mem[0x0000000080048C40] <- 0x0000000000000002
mem[X,0x000000008002613C] -> 0x0537
mem[X,0x000000008002613E] -> 0x0000
[5239] [M]: 0x000000008002613C (0x00000537) lui a0, 0x0
x10 <- 0x0000000000000000
mem[X,0x0000000080026140] -> 0x0513
mem[X,0x0000000080026142] -> 0x0005
[5240] [M]: 0x0000000080026140 (0x00050513) addi a0, a0, 0x0
x10 <- 0x0000000000000000
mem[X,0x0000000080026144] -> 0x1513
mem[X,0x0000000080026146] -> 0x00B5
[5241] [M]: 0x0000000080026144 (0x00B51513) slli a0, a0, 0xb
x10 <- 0x0000000000000000
mem[X,0x0000000080026148] -> 0x0513
mem[X,0x000000008002614A] -> 0x5A85
[5242] [M]: 0x0000000080026148 (0x5A850513) addi a0, a0, 0x5a8
x10 <- 0x00000000000005A8
mem[X,0x000000008002614C] -> 0x1513
mem[X,0x000000008002614E] -> 0x00B5
[5243] [M]: 0x000000008002614C (0x00B51513) slli a0, a0, 0xb
x10 <- 0x00000000002D4000
mem[X,0x0000000080026150] -> 0x0513
mem[X,0x0000000080026152] -> 0x13C5
[5244] [M]: 0x0000000080026150 (0x13C50513) addi a0, a0, 0x13c
x10 <- 0x00000000002D413C
mem[X,0x0000000080026154] -> 0x1513
mem[X,0x0000000080026156] -> 0x00A5
[5245] [M]: 0x0000000080026154 (0x00A51513) slli a0, a0, 0xa
x10 <- 0x00000000B504F000
mem[X,0x0000000080026158] -> 0x0513
mem[X,0x000000008002615A] -> 0x3335
[5246] [M]: 0x0000000080026158 (0x33350513) addi a0, a0, 0x333
x10 <- 0x00000000B504F333
mem[X,0x000000008002615C] -> 0x0593
mem[X,0x000000008002615E] -> 0x0040
[5247] [M]: 0x000000008002615C (0x00400593) addi a1, zero, 0x4
x11 <- 0x0000000000000004
mem[X,0x0000000080026160] -> 0x0213
mem[X,0x0000000080026162] -> 0x0000
[5248] [M]: 0x0000000080026160 (0x00000213) addi tp, zero, 0x0
x4 <- 0x0000000000000000
mem[X,0x0000000080026164] -> 0x006F
mem[X,0x0000000080026166] -> 0x00C0
[5249] [M]: 0x0000000080026164 (0x00C0006F) jal zero, 0xc
mem[X,0x0000000080026170] -> 0x0663
mem[X,0x0000000080026172] -> 0x00B5
[5250] [M]: 0x0000000080026170 (0x00B50663) beq a0, a1, 0xc
mem[X,0x0000000080026174] -> 0x0213
mem[X,0x0000000080026176] -> 0x0022
[5251] [M]: 0x0000000080026174 (0x00220213) addi tp, tp, 0x2
x4 <- 0x0000000000000002
mem[X,0x0000000080026178] -> 0x006F
mem[X,0x000000008002617A] -> 0x00C0
[5252] [M]: 0x0000000080026178 (0x00C0006F) jal zero, 0xc
mem[X,0x0000000080026184] -> 0x3023
mem[X,0x0000000080026186] -> 0x2841
[5253] [M]: 0x0000000080026184 (0x28413023) sd tp, 0x280(sp)
mem[0x0000000080048C48] <- 0x0000000000000002
mem[X,0x0000000080026188] -> 0x0537
mem[X,0x000000008002618A] -> 0x0000
[5254] [M]: 0x0000000080026188 (0x00000537) lui a0, 0x0
x10 <- 0x0000000000000000
mem[X,0x000000008002618C] -> 0x0513
mem[X,0x000000008002618E] -> 0x0005
[5255] [M]: 0x000000008002618C (0x00050513) addi a0, a0, 0x0
x10 <- 0x0000000000000000
mem[X,0x0000000080026190] -> 0x1513
mem[X,0x0000000080026192] -> 0x00B5
[5256] [M]: 0x0000000080026190 (0x00B51513) slli a0, a0, 0xb
x10 <- 0x0000000000000000
mem[X,0x0000000080026194] -> 0x0513
mem[X,0x0000000080026196] -> 0x5A85
[5257] [M]: 0x0000000080026194 (0x5A850513) addi a0, a0, 0x5a8
x10 <- 0x00000000000005A8
mem[X,0x0000000080026198] -> 0x1513
mem[X,0x000000008002619A] -> 0x00B5
[5258] [M]: 0x0000000080026198 (0x00B51513) slli a0, a0, 0xb
x10 <- 0x00000000002D4000
mem[X,0x000000008002619C] -> 0x0513
mem[X,0x000000008002619E] -> 0x13C5
[5259] [M]: 0x000000008002619C (0x13C50513) addi a0, a0, 0x13c
x10 <- 0x00000000002D413C
mem[X,0x00000000800261A0] -> 0x1513
mem[X,0x00000000800261A2] -> 0x00A5
[5260] [M]: 0x00000000800261A0 (0x00A51513) slli a0, a0, 0xa
x10 <- 0x00000000B504F000
mem[X,0x00000000800261A4] -> 0x0513
mem[X,0x00000000800261A6] -> 0x3335
[5261] [M]: 0x00000000800261A4 (0x33350513) addi a0, a0, 0x333
x10 <- 0x00000000B504F333
mem[X,0x00000000800261A8] -> 0x35B7
mem[X,0x00000000800261AA] -> 0x3333
[5262] [M]: 0x00000000800261A8 (0x333335B7) lui a1, 0x33333
x11 <- 0x0000000033333000
mem[X,0x00000000800261AC] -> 0x8593
mem[X,0x00000000800261AE] -> 0x3335
[5263] [M]: 0x00000000800261AC (0x33358593) addi a1, a1, 0x333
x11 <- 0x0000000033333333
mem[X,0x00000000800261B0] -> 0x9593
mem[X,0x00000000800261B2] -> 0x00B5
[5264] [M]: 0x00000000800261B0 (0x00B59593) slli a1, a1, 0xb
x11 <- 0x0000019999999800
mem[X,0x00000000800261B4] -> 0x8593
mem[X,0x00000000800261B6] -> 0x1995
[5265] [M]: 0x00000000800261B4 (0x19958593) addi a1, a1, 0x199
x11 <- 0x0000019999999999
mem[X,0x00000000800261B8] -> 0x9593
mem[X,0x00000000800261BA] -> 0x00B5
[5266] [M]: 0x00000000800261B8 (0x00B59593) slli a1, a1, 0xb
x11 <- 0x000CCCCCCCCCC800
mem[X,0x00000000800261BC] -> 0x8593
mem[X,0x00000000800261BE] -> 0x4CC5
[5267] [M]: 0x00000000800261BC (0x4CC58593) addi a1, a1, 0x4cc
x11 <- 0x000CCCCCCCCCCCCC
mem[X,0x00000000800261C0] -> 0x9593
mem[X,0x00000000800261C2] -> 0x00A5
[5268] [M]: 0x00000000800261C0 (0x00A59593) slli a1, a1, 0xa
x11 <- 0x3333333333333000
mem[X,0x00000000800261C4] -> 0x8593
mem[X,0x00000000800261C6] -> 0x3325
[5269] [M]: 0x00000000800261C4 (0x33258593) addi a1, a1, 0x332
x11 <- 0x3333333333333332
mem[X,0x00000000800261C8] -> 0x0213
mem[X,0x00000000800261CA] -> 0x0000
[5270] [M]: 0x00000000800261C8 (0x00000213) addi tp, zero, 0x0
x4 <- 0x0000000000000000
mem[X,0x00000000800261CC] -> 0x006F
mem[X,0x00000000800261CE] -> 0x00C0
[5271] [M]: 0x00000000800261CC (0x00C0006F) jal zero, 0xc
mem[X,0x00000000800261D8] -> 0x0063
mem[X,0x00000000800261DA] -> 0x10B5
[5272] [M]: 0x00000000800261D8 (0x10B50063) beq a0, a1, 0x100
mem[X,0x00000000800261DC] -> 0x0213
mem[X,0x00000000800261DE] -> 0x0022
[5273] [M]: 0x00000000800261DC (0x00220213) addi tp, tp, 0x2
x4 <- 0x0000000000000002
mem[X,0x00000000800261E0] -> 0x006F
mem[X,0x00000000800261E2] -> 0x1000
[5274] [M]: 0x00000000800261E0 (0x1000006F) jal zero, 0x100
mem[X,0x00000000800262E0] -> 0x3423
mem[X,0x00000000800262E2] -> 0x2841
[5275] [M]: 0x00000000800262E0 (0x28413423) sd tp, 0x288(sp)
mem[0x0000000080048C50] <- 0x0000000000000002
mem[X,0x00000000800262E4] -> 0x0537
mem[X,0x00000000800262E6] -> 0x0000
[5276] [M]: 0x00000000800262E4 (0x00000537) lui a0, 0x0
x10 <- 0x0000000000000000
mem[X,0x00000000800262E8] -> 0x0513
mem[X,0x00000000800262EA] -> 0x0005
[5277] [M]: 0x00000000800262E8 (0x00050513) addi a0, a0, 0x0
x10 <- 0x0000000000000000
mem[X,0x00000000800262EC] -> 0x1513
mem[X,0x00000000800262EE] -> 0x00B5
[5278] [M]: 0x00000000800262EC (0x00B51513) slli a0, a0, 0xb
x10 <- 0x0000000000000000
mem[X,0x00000000800262F0] -> 0x0513
mem[X,0x00000000800262F2] -> 0x5A85
[5279] [M]: 0x00000000800262F0 (0x5A850513) addi a0, a0, 0x5a8
x10 <- 0x00000000000005A8
mem[X,0x00000000800262F4] -> 0x1513
mem[X,0x00000000800262F6] -> 0x00B5
[5280] [M]: 0x00000000800262F4 (0x00B51513) slli a0, a0, 0xb
x10 <- 0x00000000002D4000
mem[X,0x00000000800262F8] -> 0x0513
mem[X,0x00000000800262FA] -> 0x13C5
[5281] [M]: 0x00000000800262F8 (0x13C50513) addi a0, a0, 0x13c
x10 <- 0x00000000002D413C
mem[X,0x00000000800262FC] -> 0x1513
mem[X,0x00000000800262FE] -> 0x00A5
[5282] [M]: 0x00000000800262FC (0x00A51513) slli a0, a0, 0xa
x10 <- 0x00000000B504F000
mem[X,0x0000000080026300] -> 0x0513
mem[X,0x0000000080026302] -> 0x3335
[5283] [M]: 0x0000000080026300 (0x33350513) addi a0, a0, 0x333
x10 <- 0x00000000B504F333
mem[X,0x0000000080026304] -> 0x65B7
mem[X,0x0000000080026306] -> 0x6666
[5284] [M]: 0x0000000080026304 (0x666665B7) lui a1, 0x66666
x11 <- 0x0000000066666000
mem[X,0x0000000080026308] -> 0x8593
mem[X,0x000000008002630A] -> 0x6665
[5285] [M]: 0x0000000080026308 (0x66658593) addi a1, a1, 0x666
x11 <- 0x0000000066666666
mem[X,0x000000008002630C] -> 0x9593
mem[X,0x000000008002630E] -> 0x00B5
[5286] [M]: 0x000000008002630C (0x00B59593) slli a1, a1, 0xb
x11 <- 0x0000033333333000
mem[X,0x0000000080026310] -> 0x8593
mem[X,0x0000000080026312] -> 0x3335
[5287] [M]: 0x0000000080026310 (0x33358593) addi a1, a1, 0x333
x11 <- 0x0000033333333333
mem[X,0x0000000080026314] -> 0x9593
mem[X,0x0000000080026316] -> 0x00B5
[5288] [M]: 0x0000000080026314 (0x00B59593) slli a1, a1, 0xb
x11 <- 0x0019999999999800
mem[X,0x0000000080026318] -> 0x8593
mem[X,0x000000008002631A] -> 0x1995
[5289] [M]: 0x0000000080026318 (0x19958593) addi a1, a1, 0x199
x11 <- 0x0019999999999999
mem[X,0x000000008002631C] -> 0x9593
mem[X,0x000000008002631E] -> 0x00A5
[5290] [M]: 0x000000008002631C (0x00A59593) slli a1, a1, 0xa
x11 <- 0x6666666666666400
mem[X,0x0000000080026320] -> 0x8593
mem[X,0x0000000080026322] -> 0x2655
[5291] [M]: 0x0000000080026320 (0x26558593) addi a1, a1, 0x265
x11 <- 0x6666666666666665
mem[X,0x0000000080026324] -> 0x0213
mem[X,0x0000000080026326] -> 0x0000
[5292] [M]: 0x0000000080026324 (0x00000213) addi tp, zero, 0x0
x4 <- 0x0000000000000000
mem[X,0x0000000080026328] -> 0x006F
mem[X,0x000000008002632A] -> 0x00C0
[5293] [M]: 0x0000000080026328 (0x00C0006F) jal zero, 0xc
mem[X,0x0000000080026334] -> 0x0CE3
mem[X,0x0000000080026336] -> 0xFEB5
[5294] [M]: 0x0000000080026334 (0xFEB50CE3) beq a0, a1, -0x8
mem[X,0x0000000080026338] -> 0x0213
mem[X,0x000000008002633A] -> 0x0022
[5295] [M]: 0x0000000080026338 (0x00220213) addi tp, tp, 0x2
x4 <- 0x0000000000000002
mem[X,0x000000008002633C] -> 0x006F
mem[X,0x000000008002633E] -> 0x00C0
[5296] [M]: 0x000000008002633C (0x00C0006F) jal zero, 0xc
mem[X,0x0000000080026348] -> 0x3823
mem[X,0x000000008002634A] -> 0x2841
[5297] [M]: 0x0000000080026348 (0x28413823) sd tp, 0x290(sp)
mem[0x0000000080048C58] <- 0x0000000000000002
mem[X,0x000000008002634C] -> 0x0537
mem[X,0x000000008002634E] -> 0x0000
[5298] [M]: 0x000000008002634C (0x00000537) lui a0, 0x0
x10 <- 0x0000000000000000
mem[X,0x0000000080026350] -> 0x0513
mem[X,0x0000000080026352] -> 0x0005
[5299] [M]: 0x0000000080026350 (0x00050513) addi a0, a0, 0x0
x10 <- 0x0000000000000000
clint::tick mtime <- 0x0000000000000035
 clint timer pending at mtime 0x0000000000000035
htif::tick 0x0000000000000000
mem[X,0x0000000080026354] -> 0x1513
mem[X,0x0000000080026356] -> 0x00B5
[5300] [M]: 0x0000000080026354 (0x00B51513) slli a0, a0, 0xb
x10 <- 0x0000000000000000
mem[X,0x0000000080026358] -> 0x0513
mem[X,0x000000008002635A] -> 0x5A85
[5301] [M]: 0x0000000080026358 (0x5A850513) addi a0, a0, 0x5a8
x10 <- 0x00000000000005A8
mem[X,0x000000008002635C] -> 0x1513
mem[X,0x000000008002635E] -> 0x00B5
[5302] [M]: 0x000000008002635C (0x00B51513) slli a0, a0, 0xb
x10 <- 0x00000000002D4000
mem[X,0x0000000080026360] -> 0x0513
mem[X,0x0000000080026362] -> 0x13C5
[5303] [M]: 0x0000000080026360 (0x13C50513) addi a0, a0, 0x13c
x10 <- 0x00000000002D413C
mem[X,0x0000000080026364] -> 0x1513
mem[X,0x0000000080026366] -> 0x00A5
[5304] [M]: 0x0000000080026364 (0x00A51513) slli a0, a0, 0xa
x10 <- 0x00000000B504F000
mem[X,0x0000000080026368] -> 0x0513
mem[X,0x000000008002636A] -> 0x3335
[5305] [M]: 0x0000000080026368 (0x33350513) addi a0, a0, 0x333
x10 <- 0x00000000B504F333
mem[X,0x000000008002636C] -> 0x05B7
mem[X,0x000000008002636E] -> 0x0000
[5306] [M]: 0x000000008002636C (0x000005B7) lui a1, 0x0
x11 <- 0x0000000000000000
mem[X,0x0000000080026370] -> 0x8593
mem[X,0x0000000080026372] -> 0x0005
[5307] [M]: 0x0000000080026370 (0x00058593) addi a1, a1, 0x0
x11 <- 0x0000000000000000
mem[X,0x0000000080026374] -> 0x9593
mem[X,0x0000000080026376] -> 0x00B5
[5308] [M]: 0x0000000080026374 (0x00B59593) slli a1, a1, 0xb
x11 <- 0x0000000000000000
mem[X,0x0000000080026378] -> 0x8593
mem[X,0x000000008002637A] -> 0x5A85
[5309] [M]: 0x0000000080026378 (0x5A858593) addi a1, a1, 0x5a8
x11 <- 0x00000000000005A8
mem[X,0x000000008002637C] -> 0x9593
mem[X,0x000000008002637E] -> 0x00B5
[5310] [M]: 0x000000008002637C (0x00B59593) slli a1, a1, 0xb
x11 <- 0x00000000002D4000
mem[X,0x0000000080026380] -> 0x8593
mem[X,0x0000000080026382] -> 0x13C5
[5311] [M]: 0x0000000080026380 (0x13C58593) addi a1, a1, 0x13c
x11 <- 0x00000000002D413C
mem[X,0x0000000080026384] -> 0x9593
mem[X,0x0000000080026386] -> 0x00A5
[5312] [M]: 0x0000000080026384 (0x00A59593) slli a1, a1, 0xa
x11 <- 0x00000000B504F000
mem[X,0x0000000080026388] -> 0x8593
mem[X,0x000000008002638A] -> 0x3325
[5313] [M]: 0x0000000080026388 (0x33258593) addi a1, a1, 0x332
x11 <- 0x00000000B504F332
mem[X,0x000000008002638C] -> 0x0213
mem[X,0x000000008002638E] -> 0x0000
[5314] [M]: 0x000000008002638C (0x00000213) addi tp, zero, 0x0
x4 <- 0x0000000000000000
mem[X,0x0000000080026390] -> 0x006F
mem[X,0x0000000080026392] -> 0x0140
[5315] [M]: 0x0000000080026390 (0x0140006F) jal zero, 0x14
mem[X,0x00000000800263A4] -> 0x08E3
mem[X,0x00000000800263A6] -> 0xFEB5
[5316] [M]: 0x00000000800263A4 (0xFEB508E3) beq a0, a1, -0x10
mem[X,0x00000000800263A8] -> 0x0213
mem[X,0x00000000800263AA] -> 0x0022
[5317] [M]: 0x00000000800263A8 (0x00220213) addi tp, tp, 0x2
x4 <- 0x0000000000000002
mem[X,0x00000000800263AC] -> 0x006F
mem[X,0x00000000800263AE] -> 0x00C0
[5318] [M]: 0x00000000800263AC (0x00C0006F) jal zero, 0xc
mem[X,0x00000000800263B8] -> 0x3C23
mem[X,0x00000000800263BA] -> 0x2841
[5319] [M]: 0x00000000800263B8 (0x28413C23) sd tp, 0x298(sp)
mem[0x0000000080048C60] <- 0x0000000000000002
mem[X,0x00000000800263BC] -> 0x0537
mem[X,0x00000000800263BE] -> 0x0000
[5320] [M]: 0x00000000800263BC (0x00000537) lui a0, 0x0
x10 <- 0x0000000000000000
mem[X,0x00000000800263C0] -> 0x0513
mem[X,0x00000000800263C2] -> 0x0005
[5321] [M]: 0x00000000800263C0 (0x00050513) addi a0, a0, 0x0
x10 <- 0x0000000000000000
mem[X,0x00000000800263C4] -> 0x1513
mem[X,0x00000000800263C6] -> 0x00B5
[5322] [M]: 0x00000000800263C4 (0x00B51513) slli a0, a0, 0xb
x10 <- 0x0000000000000000
mem[X,0x00000000800263C8] -> 0x0513
mem[X,0x00000000800263CA] -> 0x5A85
[5323] [M]: 0x00000000800263C8 (0x5A850513) addi a0, a0, 0x5a8
x10 <- 0x00000000000005A8
mem[X,0x00000000800263CC] -> 0x1513
mem[X,0x00000000800263CE] -> 0x00B5
[5324] [M]: 0x00000000800263CC (0x00B51513) slli a0, a0, 0xb
x10 <- 0x00000000002D4000
mem[X,0x00000000800263D0] -> 0x0513
mem[X,0x00000000800263D2] -> 0x13C5
[5325] [M]: 0x00000000800263D0 (0x13C50513) addi a0, a0, 0x13c
x10 <- 0x00000000002D413C
mem[X,0x00000000800263D4] -> 0x1513
mem[X,0x00000000800263D6] -> 0x00A5
[5326] [M]: 0x00000000800263D4 (0x00A51513) slli a0, a0, 0xa
x10 <- 0x00000000B504F000
mem[X,0x00000000800263D8] -> 0x0513
mem[X,0x00000000800263DA] -> 0x3335
[5327] [M]: 0x00000000800263D8 (0x33350513) addi a0, a0, 0x333
x10 <- 0x00000000B504F333
mem[X,0x00000000800263DC] -> 0x55B7
mem[X,0x00000000800263DE] -> 0x5555
[5328] [M]: 0x00000000800263DC (0x555555B7) lui a1, 0x55555
x11 <- 0x0000000055555000
mem[X,0x00000000800263E0] -> 0x8593
mem[X,0x00000000800263E2] -> 0x5555
[5329] [M]: 0x00000000800263E0 (0x55558593) addi a1, a1, 0x555
x11 <- 0x0000000055555555
mem[X,0x00000000800263E4] -> 0x9593
mem[X,0x00000000800263E6] -> 0x00B5
[5330] [M]: 0x00000000800263E4 (0x00B59593) slli a1, a1, 0xb
x11 <- 0x000002AAAAAAA800
mem[X,0x00000000800263E8] -> 0x8593
mem[X,0x00000000800263EA] -> 0x2AA5
[5331] [M]: 0x00000000800263E8 (0x2AA58593) addi a1, a1, 0x2aa
x11 <- 0x000002AAAAAAAAAA
mem[X,0x00000000800263EC] -> 0x9593
mem[X,0x00000000800263EE] -> 0x00B5
[5332] [M]: 0x00000000800263EC (0x00B59593) slli a1, a1, 0xb
x11 <- 0x0015555555555000
mem[X,0x00000000800263F0] -> 0x8593
mem[X,0x00000000800263F2] -> 0x5555
[5333] [M]: 0x00000000800263F0 (0x55558593) addi a1, a1, 0x555
x11 <- 0x0015555555555555
mem[X,0x00000000800263F4] -> 0x9593
mem[X,0x00000000800263F6] -> 0x00A5
[5334] [M]: 0x00000000800263F4 (0x00A59593) slli a1, a1, 0xa
x11 <- 0x5555555555555400
mem[X,0x00000000800263F8] -> 0x8593
mem[X,0x00000000800263FA] -> 0x1565
[5335] [M]: 0x00000000800263F8 (0x15658593) addi a1, a1, 0x156
x11 <- 0x5555555555555556
mem[X,0x00000000800263FC] -> 0x0213
mem[X,0x00000000800263FE] -> 0x0000
[5336] [M]: 0x00000000800263FC (0x00000213) addi tp, zero, 0x0
x4 <- 0x0000000000000000
mem[X,0x0000000080026400] -> 0x006F
mem[X,0x0000000080026402] -> 0x00C0
[5337] [M]: 0x0000000080026400 (0x00C0006F) jal zero, 0xc
mem[X,0x000000008002640C] -> 0x0663
mem[X,0x000000008002640E] -> 0x00B5
[5338] [M]: 0x000000008002640C (0x00B50663) beq a0, a1, 0xc
mem[X,0x0000000080026410] -> 0x0213
mem[X,0x0000000080026412] -> 0x0022
[5339] [M]: 0x0000000080026410 (0x00220213) addi tp, tp, 0x2
x4 <- 0x0000000000000002
mem[X,0x0000000080026414] -> 0x006F
mem[X,0x0000000080026416] -> 0x00C0
[5340] [M]: 0x0000000080026414 (0x00C0006F) jal zero, 0xc
mem[X,0x0000000080026420] -> 0x3023
mem[X,0x0000000080026422] -> 0x2A41
[5341] [M]: 0x0000000080026420 (0x2A413023) sd tp, 0x2a0(sp)
mem[0x0000000080048C68] <- 0x0000000000000002
mem[X,0x0000000080026424] -> 0x0537
mem[X,0x0000000080026426] -> 0x0000
[5342] [M]: 0x0000000080026424 (0x00000537) lui a0, 0x0
x10 <- 0x0000000000000000
mem[X,0x0000000080026428] -> 0x0513
mem[X,0x000000008002642A] -> 0x0005
[5343] [M]: 0x0000000080026428 (0x00050513) addi a0, a0, 0x0
x10 <- 0x0000000000000000
mem[X,0x000000008002642C] -> 0x1513
mem[X,0x000000008002642E] -> 0x00B5
[5344] [M]: 0x000000008002642C (0x00B51513) slli a0, a0, 0xb
x10 <- 0x0000000000000000
mem[X,0x0000000080026430] -> 0x0513
mem[X,0x0000000080026432] -> 0x5A85
[5345] [M]: 0x0000000080026430 (0x5A850513) addi a0, a0, 0x5a8
x10 <- 0x00000000000005A8
mem[X,0x0000000080026434] -> 0x1513
mem[X,0x0000000080026436] -> 0x00B5
[5346] [M]: 0x0000000080026434 (0x00B51513) slli a0, a0, 0xb
x10 <- 0x00000000002D4000
mem[X,0x0000000080026438] -> 0x0513
mem[X,0x000000008002643A] -> 0x13C5
[5347] [M]: 0x0000000080026438 (0x13C50513) addi a0, a0, 0x13c
x10 <- 0x00000000002D413C
mem[X,0x000000008002643C] -> 0x1513
mem[X,0x000000008002643E] -> 0x00A5
[5348] [M]: 0x000000008002643C (0x00A51513) slli a0, a0, 0xa
x10 <- 0x00000000B504F000
mem[X,0x0000000080026440] -> 0x0513
mem[X,0x0000000080026442] -> 0x3335
[5349] [M]: 0x0000000080026440 (0x33350513) addi a0, a0, 0x333
x10 <- 0x00000000B504F333
mem[X,0x0000000080026444] -> 0xB5B7
mem[X,0x0000000080026446] -> 0xAAAA
[5350] [M]: 0x0000000080026444 (0xAAAAB5B7) lui a1, -0x55555
x11 <- 0xFFFFFFFFAAAAB000
mem[X,0x0000000080026448] -> 0x8593
mem[X,0x000000008002644A] -> 0xAAA5
[5351] [M]: 0x0000000080026448 (0xAAA58593) addi a1, a1, -0x556
x11 <- 0xFFFFFFFFAAAAAAAA
mem[X,0x000000008002644C] -> 0x9593
mem[X,0x000000008002644E] -> 0x00B5
[5352] [M]: 0x000000008002644C (0x00B59593) slli a1, a1, 0xb
x11 <- 0xFFFFFD5555555000
mem[X,0x0000000080026450] -> 0x8593
mem[X,0x0000000080026452] -> 0x5555
[5353] [M]: 0x0000000080026450 (0x55558593) addi a1, a1, 0x555
x11 <- 0xFFFFFD5555555555
mem[X,0x0000000080026454] -> 0x9593
mem[X,0x0000000080026456] -> 0x00B5
[5354] [M]: 0x0000000080026454 (0x00B59593) slli a1, a1, 0xb
x11 <- 0xFFEAAAAAAAAAA800
mem[X,0x0000000080026458] -> 0x8593
mem[X,0x000000008002645A] -> 0x2AA5
[5355] [M]: 0x0000000080026458 (0x2AA58593) addi a1, a1, 0x2aa
x11 <- 0xFFEAAAAAAAAAAAAA
mem[X,0x000000008002645C] -> 0x9593
mem[X,0x000000008002645E] -> 0x00A5
[5356] [M]: 0x000000008002645C (0x00A59593) slli a1, a1, 0xa
x11 <- 0xAAAAAAAAAAAAA800
mem[X,0x0000000080026460] -> 0x8593
mem[X,0x0000000080026462] -> 0x2AB5
[5357] [M]: 0x0000000080026460 (0x2AB58593) addi a1, a1, 0x2ab
x11 <- 0xAAAAAAAAAAAAAAAB
mem[X,0x0000000080026464] -> 0x0213
mem[X,0x0000000080026466] -> 0x0000
[5358] [M]: 0x0000000080026464 (0x00000213) addi tp, zero, 0x0
x4 <- 0x0000000000000000
mem[X,0x0000000080026468] -> 0x006F
mem[X,0x000000008002646A] -> 0x00C0
[5359] [M]: 0x0000000080026468 (0x00C0006F) jal zero, 0xc
mem[X,0x0000000080026474] -> 0x0063
mem[X,0x0000000080026476] -> 0x10B5
[5360] [M]: 0x0000000080026474 (0x10B50063) beq a0, a1, 0x100
mem[X,0x0000000080026478] -> 0x0213
mem[X,0x000000008002647A] -> 0x0022
[5361] [M]: 0x0000000080026478 (0x00220213) addi tp, tp, 0x2
x4 <- 0x0000000000000002
mem[X,0x000000008002647C] -> 0x006F
mem[X,0x000000008002647E] -> 0x1000
[5362] [M]: 0x000000008002647C (0x1000006F) jal zero, 0x100
mem[X,0x000000008002657C] -> 0x3423
mem[X,0x000000008002657E] -> 0x2A41
[5363] [M]: 0x000000008002657C (0x2A413423) sd tp, 0x2a8(sp)
mem[0x0000000080048C70] <- 0x0000000000000002
mem[X,0x0000000080026580] -> 0x0537
mem[X,0x0000000080026582] -> 0x0000
[5364] [M]: 0x0000000080026580 (0x00000537) lui a0, 0x0
x10 <- 0x0000000000000000
mem[X,0x0000000080026584] -> 0x0513
mem[X,0x0000000080026586] -> 0x0005
[5365] [M]: 0x0000000080026584 (0x00050513) addi a0, a0, 0x0
x10 <- 0x0000000000000000
mem[X,0x0000000080026588] -> 0x1513
mem[X,0x000000008002658A] -> 0x00B5
[5366] [M]: 0x0000000080026588 (0x00B51513) slli a0, a0, 0xb
x10 <- 0x0000000000000000
mem[X,0x000000008002658C] -> 0x0513
mem[X,0x000000008002658E] -> 0x5A85
[5367] [M]: 0x000000008002658C (0x5A850513) addi a0, a0, 0x5a8
x10 <- 0x00000000000005A8
mem[X,0x0000000080026590] -> 0x1513
mem[X,0x0000000080026592] -> 0x00B5
[5368] [M]: 0x0000000080026590 (0x00B51513) slli a0, a0, 0xb
x10 <- 0x00000000002D4000
mem[X,0x0000000080026594] -> 0x0513
mem[X,0x0000000080026596] -> 0x13C5
[5369] [M]: 0x0000000080026594 (0x13C50513) addi a0, a0, 0x13c
x10 <- 0x00000000002D413C
mem[X,0x0000000080026598] -> 0x1513
mem[X,0x000000008002659A] -> 0x00A5
[5370] [M]: 0x0000000080026598 (0x00A51513) slli a0, a0, 0xa
x10 <- 0x00000000B504F000
mem[X,0x000000008002659C] -> 0x0513
mem[X,0x000000008002659E] -> 0x3335
[5371] [M]: 0x000000008002659C (0x33350513) addi a0, a0, 0x333
x10 <- 0x00000000B504F333
mem[X,0x00000000800265A0] -> 0x0593
mem[X,0x00000000800265A2] -> 0x0060
[5372] [M]: 0x00000000800265A0 (0x00600593) addi a1, zero, 0x6
x11 <- 0x0000000000000006
mem[X,0x00000000800265A4] -> 0x0213
mem[X,0x00000000800265A6] -> 0x0000
[5373] [M]: 0x00000000800265A4 (0x00000213) addi tp, zero, 0x0
x4 <- 0x0000000000000000
mem[X,0x00000000800265A8] -> 0x006F
mem[X,0x00000000800265AA] -> 0x00C0
[5374] [M]: 0x00000000800265A8 (0x00C0006F) jal zero, 0xc
mem[X,0x00000000800265B4] -> 0x0CE3
mem[X,0x00000000800265B6] -> 0xFEB5
[5375] [M]: 0x00000000800265B4 (0xFEB50CE3) beq a0, a1, -0x8
mem[X,0x00000000800265B8] -> 0x0213
mem[X,0x00000000800265BA] -> 0x0022
[5376] [M]: 0x00000000800265B8 (0x00220213) addi tp, tp, 0x2
x4 <- 0x0000000000000002
mem[X,0x00000000800265BC] -> 0x006F
mem[X,0x00000000800265BE] -> 0x00C0
[5377] [M]: 0x00000000800265BC (0x00C0006F) jal zero, 0xc
mem[X,0x00000000800265C8] -> 0x3823
mem[X,0x00000000800265CA] -> 0x2A41
[5378] [M]: 0x00000000800265C8 (0x2A413823) sd tp, 0x2b0(sp)
mem[0x0000000080048C78] <- 0x0000000000000002
mem[X,0x00000000800265CC] -> 0x0537
mem[X,0x00000000800265CE] -> 0x0000
[5379] [M]: 0x00000000800265CC (0x00000537) lui a0, 0x0
x10 <- 0x0000000000000000
mem[X,0x00000000800265D0] -> 0x0513
mem[X,0x00000000800265D2] -> 0x0005
[5380] [M]: 0x00000000800265D0 (0x00050513) addi a0, a0, 0x0
x10 <- 0x0000000000000000
mem[X,0x00000000800265D4] -> 0x1513
mem[X,0x00000000800265D6] -> 0x00B5
[5381] [M]: 0x00000000800265D4 (0x00B51513) slli a0, a0, 0xb
x10 <- 0x0000000000000000
mem[X,0x00000000800265D8] -> 0x0513
mem[X,0x00000000800265DA] -> 0x5A85
[5382] [M]: 0x00000000800265D8 (0x5A850513) addi a0, a0, 0x5a8
x10 <- 0x00000000000005A8
mem[X,0x00000000800265DC] -> 0x1513
mem[X,0x00000000800265DE] -> 0x00B5
[5383] [M]: 0x00000000800265DC (0x00B51513) slli a0, a0, 0xb
x10 <- 0x00000000002D4000
mem[X,0x00000000800265E0] -> 0x0513
mem[X,0x00000000800265E2] -> 0x13C5
[5384] [M]: 0x00000000800265E0 (0x13C50513) addi a0, a0, 0x13c
x10 <- 0x00000000002D413C
mem[X,0x00000000800265E4] -> 0x1513
mem[X,0x00000000800265E6] -> 0x00A5
[5385] [M]: 0x00000000800265E4 (0x00A51513) slli a0, a0, 0xa
x10 <- 0x00000000B504F000
mem[X,0x00000000800265E8] -> 0x0513
mem[X,0x00000000800265EA] -> 0x3335
[5386] [M]: 0x00000000800265E8 (0x33350513) addi a0, a0, 0x333
x10 <- 0x00000000B504F333
mem[X,0x00000000800265EC] -> 0x35B7
mem[X,0x00000000800265EE] -> 0x3333
[5387] [M]: 0x00000000800265EC (0x333335B7) lui a1, 0x33333
x11 <- 0x0000000033333000
mem[X,0x00000000800265F0] -> 0x8593
mem[X,0x00000000800265F2] -> 0x3335
[5388] [M]: 0x00000000800265F0 (0x33358593) addi a1, a1, 0x333
x11 <- 0x0000000033333333
mem[X,0x00000000800265F4] -> 0x9593
mem[X,0x00000000800265F6] -> 0x00B5
[5389] [M]: 0x00000000800265F4 (0x00B59593) slli a1, a1, 0xb
x11 <- 0x0000019999999800
mem[X,0x00000000800265F8] -> 0x8593
mem[X,0x00000000800265FA] -> 0x1995
[5390] [M]: 0x00000000800265F8 (0x19958593) addi a1, a1, 0x199
x11 <- 0x0000019999999999
mem[X,0x00000000800265FC] -> 0x9593
mem[X,0x00000000800265FE] -> 0x00B5
[5391] [M]: 0x00000000800265FC (0x00B59593) slli a1, a1, 0xb
x11 <- 0x000CCCCCCCCCC800
mem[X,0x0000000080026600] -> 0x8593
mem[X,0x0000000080026602] -> 0x4CC5
[5392] [M]: 0x0000000080026600 (0x4CC58593) addi a1, a1, 0x4cc
x11 <- 0x000CCCCCCCCCCCCC
mem[X,0x0000000080026604] -> 0x9593
mem[X,0x0000000080026606] -> 0x00A5
[5393] [M]: 0x0000000080026604 (0x00A59593) slli a1, a1, 0xa
x11 <- 0x3333333333333000
mem[X,0x0000000080026608] -> 0x8593
mem[X,0x000000008002660A] -> 0x3345
[5394] [M]: 0x0000000080026608 (0x33458593) addi a1, a1, 0x334
x11 <- 0x3333333333333334
mem[X,0x000000008002660C] -> 0x0213
mem[X,0x000000008002660E] -> 0x0000
[5395] [M]: 0x000000008002660C (0x00000213) addi tp, zero, 0x0
x4 <- 0x0000000000000000
mem[X,0x0000000080026610] -> 0x006F
mem[X,0x0000000080026612] -> 0x00C0
[5396] [M]: 0x0000000080026610 (0x00C0006F) jal zero, 0xc
mem[X,0x000000008002661C] -> 0x0663
mem[X,0x000000008002661E] -> 0x00B5
[5397] [M]: 0x000000008002661C (0x00B50663) beq a0, a1, 0xc
mem[X,0x0000000080026620] -> 0x0213
mem[X,0x0000000080026622] -> 0x0022
[5398] [M]: 0x0000000080026620 (0x00220213) addi tp, tp, 0x2
x4 <- 0x0000000000000002
mem[X,0x0000000080026624] -> 0x006F
mem[X,0x0000000080026626] -> 0x00C0
[5399] [M]: 0x0000000080026624 (0x00C0006F) jal zero, 0xc
clint::tick mtime <- 0x0000000000000036
 clint timer pending at mtime 0x0000000000000036
htif::tick 0x0000000000000000
mem[X,0x0000000080026630] -> 0x3C23
mem[X,0x0000000080026632] -> 0x2A41
[5400] [M]: 0x0000000080026630 (0x2A413C23) sd tp, 0x2b8(sp)
mem[0x0000000080048C80] <- 0x0000000000000002
mem[X,0x0000000080026634] -> 0x0537
mem[X,0x0000000080026636] -> 0x0000
[5401] [M]: 0x0000000080026634 (0x00000537) lui a0, 0x0
x10 <- 0x0000000000000000
mem[X,0x0000000080026638] -> 0x0513
mem[X,0x000000008002663A] -> 0x0005
[5402] [M]: 0x0000000080026638 (0x00050513) addi a0, a0, 0x0
x10 <- 0x0000000000000000
mem[X,0x000000008002663C] -> 0x1513
mem[X,0x000000008002663E] -> 0x00B5
[5403] [M]: 0x000000008002663C (0x00B51513) slli a0, a0, 0xb
x10 <- 0x0000000000000000
mem[X,0x0000000080026640] -> 0x0513
mem[X,0x0000000080026642] -> 0x5A85
[5404] [M]: 0x0000000080026640 (0x5A850513) addi a0, a0, 0x5a8
x10 <- 0x00000000000005A8
mem[X,0x0000000080026644] -> 0x1513
mem[X,0x0000000080026646] -> 0x00B5
[5405] [M]: 0x0000000080026644 (0x00B51513) slli a0, a0, 0xb
x10 <- 0x00000000002D4000
mem[X,0x0000000080026648] -> 0x0513
mem[X,0x000000008002664A] -> 0x13C5
[5406] [M]: 0x0000000080026648 (0x13C50513) addi a0, a0, 0x13c
x10 <- 0x00000000002D413C
mem[X,0x000000008002664C] -> 0x1513
mem[X,0x000000008002664E] -> 0x00A5
[5407] [M]: 0x000000008002664C (0x00A51513) slli a0, a0, 0xa
x10 <- 0x00000000B504F000
mem[X,0x0000000080026650] -> 0x0513
mem[X,0x0000000080026652] -> 0x3335
[5408] [M]: 0x0000000080026650 (0x33350513) addi a0, a0, 0x333
x10 <- 0x00000000B504F333
mem[X,0x0000000080026654] -> 0x65B7
mem[X,0x0000000080026656] -> 0x6666
[5409] [M]: 0x0000000080026654 (0x666665B7) lui a1, 0x66666
x11 <- 0x0000000066666000
mem[X,0x0000000080026658] -> 0x8593
mem[X,0x000000008002665A] -> 0x6665
[5410] [M]: 0x0000000080026658 (0x66658593) addi a1, a1, 0x666
x11 <- 0x0000000066666666
mem[X,0x000000008002665C] -> 0x9593
mem[X,0x000000008002665E] -> 0x00B5
[5411] [M]: 0x000000008002665C (0x00B59593) slli a1, a1, 0xb
x11 <- 0x0000033333333000
mem[X,0x0000000080026660] -> 0x8593
mem[X,0x0000000080026662] -> 0x3335
[5412] [M]: 0x0000000080026660 (0x33358593) addi a1, a1, 0x333
x11 <- 0x0000033333333333
mem[X,0x0000000080026664] -> 0x9593
mem[X,0x0000000080026666] -> 0x00B5
[5413] [M]: 0x0000000080026664 (0x00B59593) slli a1, a1, 0xb
x11 <- 0x0019999999999800
mem[X,0x0000000080026668] -> 0x8593
mem[X,0x000000008002666A] -> 0x1995
[5414] [M]: 0x0000000080026668 (0x19958593) addi a1, a1, 0x199
x11 <- 0x0019999999999999
mem[X,0x000000008002666C] -> 0x9593
mem[X,0x000000008002666E] -> 0x00A5
[5415] [M]: 0x000000008002666C (0x00A59593) slli a1, a1, 0xa
x11 <- 0x6666666666666400
mem[X,0x0000000080026670] -> 0x8593
mem[X,0x0000000080026672] -> 0x2675
[5416] [M]: 0x0000000080026670 (0x26758593) addi a1, a1, 0x267
x11 <- 0x6666666666666667
mem[X,0x0000000080026674] -> 0x0213
mem[X,0x0000000080026676] -> 0x0000
[5417] [M]: 0x0000000080026674 (0x00000213) addi tp, zero, 0x0
x4 <- 0x0000000000000000
mem[X,0x0000000080026678] -> 0x006F
mem[X,0x000000008002667A] -> 0x00C0
[5418] [M]: 0x0000000080026678 (0x00C0006F) jal zero, 0xc
mem[X,0x0000000080026684] -> 0x0063
mem[X,0x0000000080026686] -> 0x20B5
[5419] [M]: 0x0000000080026684 (0x20B50063) beq a0, a1, 0x200
mem[X,0x0000000080026688] -> 0x0213
mem[X,0x000000008002668A] -> 0x0022
[5420] [M]: 0x0000000080026688 (0x00220213) addi tp, tp, 0x2
x4 <- 0x0000000000000002
mem[X,0x000000008002668C] -> 0x006F
mem[X,0x000000008002668E] -> 0x2000
[5421] [M]: 0x000000008002668C (0x2000006F) jal zero, 0x200
mem[X,0x000000008002688C] -> 0x3023
mem[X,0x000000008002688E] -> 0x2C41
[5422] [M]: 0x000000008002688C (0x2C413023) sd tp, 0x2c0(sp)
mem[0x0000000080048C88] <- 0x0000000000000002
mem[X,0x0000000080026890] -> 0x0537
mem[X,0x0000000080026892] -> 0x0000
[5423] [M]: 0x0000000080026890 (0x00000537) lui a0, 0x0
x10 <- 0x0000000000000000
mem[X,0x0000000080026894] -> 0x0513
mem[X,0x0000000080026896] -> 0x0005
[5424] [M]: 0x0000000080026894 (0x00050513) addi a0, a0, 0x0
x10 <- 0x0000000000000000
mem[X,0x0000000080026898] -> 0x1513
mem[X,0x000000008002689A] -> 0x00B5
[5425] [M]: 0x0000000080026898 (0x00B51513) slli a0, a0, 0xb
x10 <- 0x0000000000000000
mem[X,0x000000008002689C] -> 0x0513
mem[X,0x000000008002689E] -> 0x5A85
[5426] [M]: 0x000000008002689C (0x5A850513) addi a0, a0, 0x5a8
x10 <- 0x00000000000005A8
mem[X,0x00000000800268A0] -> 0x1513
mem[X,0x00000000800268A2] -> 0x00B5
[5427] [M]: 0x00000000800268A0 (0x00B51513) slli a0, a0, 0xb
x10 <- 0x00000000002D4000
mem[X,0x00000000800268A4] -> 0x0513
mem[X,0x00000000800268A6] -> 0x13C5
[5428] [M]: 0x00000000800268A4 (0x13C50513) addi a0, a0, 0x13c
x10 <- 0x00000000002D413C
mem[X,0x00000000800268A8] -> 0x1513
mem[X,0x00000000800268AA] -> 0x00A5
[5429] [M]: 0x00000000800268A8 (0x00A51513) slli a0, a0, 0xa
x10 <- 0x00000000B504F000
mem[X,0x00000000800268AC] -> 0x0513
mem[X,0x00000000800268AE] -> 0x3335
[5430] [M]: 0x00000000800268AC (0x33350513) addi a0, a0, 0x333
x10 <- 0x00000000B504F333
mem[X,0x00000000800268B0] -> 0x05B7
mem[X,0x00000000800268B2] -> 0x0000
[5431] [M]: 0x00000000800268B0 (0x000005B7) lui a1, 0x0
x11 <- 0x0000000000000000
mem[X,0x00000000800268B4] -> 0x8593
mem[X,0x00000000800268B6] -> 0xFFF5
[5432] [M]: 0x00000000800268B4 (0xFFF58593) addi a1, a1, -0x1
x11 <- 0xFFFFFFFFFFFFFFFF
mem[X,0x00000000800268B8] -> 0x9593
mem[X,0x00000000800268BA] -> 0x00B5
[5433] [M]: 0x00000000800268B8 (0x00B59593) slli a1, a1, 0xb
x11 <- 0xFFFFFFFFFFFFF800
mem[X,0x00000000800268BC] -> 0x8593
mem[X,0x00000000800268BE] -> 0x2575
[5434] [M]: 0x00000000800268BC (0x25758593) addi a1, a1, 0x257
x11 <- 0xFFFFFFFFFFFFFA57
mem[X,0x00000000800268C0] -> 0x9593
mem[X,0x00000000800268C2] -> 0x00B5
[5435] [M]: 0x00000000800268C0 (0x00B59593) slli a1, a1, 0xb
x11 <- 0xFFFFFFFFFFD2B800
mem[X,0x00000000800268C4] -> 0x8593
mem[X,0x00000000800268C6] -> 0x6C35
[5436] [M]: 0x00000000800268C4 (0x6C358593) addi a1, a1, 0x6c3
x11 <- 0xFFFFFFFFFFD2BEC3
mem[X,0x00000000800268C8] -> 0x9593
mem[X,0x00000000800268CA] -> 0x00A5
[5437] [M]: 0x00000000800268C8 (0x00A59593) slli a1, a1, 0xa
x11 <- 0xFFFFFFFF4AFB0C00
mem[X,0x00000000800268CC] -> 0x8593
mem[X,0x00000000800268CE] -> 0x0CE5
[5438] [M]: 0x00000000800268CC (0x0CE58593) addi a1, a1, 0xce
x11 <- 0xFFFFFFFF4AFB0CCE
mem[X,0x00000000800268D0] -> 0x0213
mem[X,0x00000000800268D2] -> 0x0000
[5439] [M]: 0x00000000800268D0 (0x00000213) addi tp, zero, 0x0
x4 <- 0x0000000000000000
mem[X,0x00000000800268D4] -> 0x006F
mem[X,0x00000000800268D6] -> 0x0180
[5440] [M]: 0x00000000800268D4 (0x0180006F) jal zero, 0x18
mem[X,0x00000000800268EC] -> 0x06E3
mem[X,0x00000000800268EE] -> 0xFEB5
[5441] [M]: 0x00000000800268EC (0xFEB506E3) beq a0, a1, -0x14
mem[X,0x00000000800268F0] -> 0x0213
mem[X,0x00000000800268F2] -> 0x0022
[5442] [M]: 0x00000000800268F0 (0x00220213) addi tp, tp, 0x2
x4 <- 0x0000000000000002
mem[X,0x00000000800268F4] -> 0x006F
mem[X,0x00000000800268F6] -> 0x00C0
[5443] [M]: 0x00000000800268F4 (0x00C0006F) jal zero, 0xc
mem[X,0x0000000080026900] -> 0x3423
mem[X,0x0000000080026902] -> 0x2C41
[5444] [M]: 0x0000000080026900 (0x2C413423) sd tp, 0x2c8(sp)
mem[0x0000000080048C90] <- 0x0000000000000002
mem[X,0x0000000080026904] -> 0x0537
mem[X,0x0000000080026906] -> 0x0000
[5445] [M]: 0x0000000080026904 (0x00000537) lui a0, 0x0
x10 <- 0x0000000000000000
mem[X,0x0000000080026908] -> 0x0513
mem[X,0x000000008002690A] -> 0x0005
[5446] [M]: 0x0000000080026908 (0x00050513) addi a0, a0, 0x0
x10 <- 0x0000000000000000
mem[X,0x000000008002690C] -> 0x1513
mem[X,0x000000008002690E] -> 0x00B5
[5447] [M]: 0x000000008002690C (0x00B51513) slli a0, a0, 0xb
x10 <- 0x0000000000000000
mem[X,0x0000000080026910] -> 0x0513
mem[X,0x0000000080026912] -> 0x5A85
[5448] [M]: 0x0000000080026910 (0x5A850513) addi a0, a0, 0x5a8
x10 <- 0x00000000000005A8
mem[X,0x0000000080026914] -> 0x1513
mem[X,0x0000000080026916] -> 0x00B5
[5449] [M]: 0x0000000080026914 (0x00B51513) slli a0, a0, 0xb
x10 <- 0x00000000002D4000
mem[X,0x0000000080026918] -> 0x0513
mem[X,0x000000008002691A] -> 0x13C5
[5450] [M]: 0x0000000080026918 (0x13C50513) addi a0, a0, 0x13c
x10 <- 0x00000000002D413C
mem[X,0x000000008002691C] -> 0x1513
mem[X,0x000000008002691E] -> 0x00A5
[5451] [M]: 0x000000008002691C (0x00A51513) slli a0, a0, 0xa
x10 <- 0x00000000B504F000
mem[X,0x0000000080026920] -> 0x0513
mem[X,0x0000000080026922] -> 0x3335
[5452] [M]: 0x0000000080026920 (0x33350513) addi a0, a0, 0x333
x10 <- 0x00000000B504F333
mem[X,0x0000000080026924] -> 0x05B7
mem[X,0x0000000080026926] -> 0x0000
[5453] [M]: 0x0000000080026924 (0x000005B7) lui a1, 0x0
x11 <- 0x0000000000000000
mem[X,0x0000000080026928] -> 0x8593
mem[X,0x000000008002692A] -> 0x0005
[5454] [M]: 0x0000000080026928 (0x00058593) addi a1, a1, 0x0
x11 <- 0x0000000000000000
mem[X,0x000000008002692C] -> 0x9593
mem[X,0x000000008002692E] -> 0x00B5
[5455] [M]: 0x000000008002692C (0x00B59593) slli a1, a1, 0xb
x11 <- 0x0000000000000000
mem[X,0x0000000080026930] -> 0x8593
mem[X,0x0000000080026932] -> 0x5A85
[5456] [M]: 0x0000000080026930 (0x5A858593) addi a1, a1, 0x5a8
x11 <- 0x00000000000005A8
mem[X,0x0000000080026934] -> 0x9593
mem[X,0x0000000080026936] -> 0x00B5
[5457] [M]: 0x0000000080026934 (0x00B59593) slli a1, a1, 0xb
x11 <- 0x00000000002D4000
mem[X,0x0000000080026938] -> 0x8593
mem[X,0x000000008002693A] -> 0x13C5
[5458] [M]: 0x0000000080026938 (0x13C58593) addi a1, a1, 0x13c
x11 <- 0x00000000002D413C
mem[X,0x000000008002693C] -> 0x9593
mem[X,0x000000008002693E] -> 0x00A5
[5459] [M]: 0x000000008002693C (0x00A59593) slli a1, a1, 0xa
x11 <- 0x00000000B504F000
mem[X,0x0000000080026940] -> 0x8593
mem[X,0x0000000080026942] -> 0x3345
[5460] [M]: 0x0000000080026940 (0x33458593) addi a1, a1, 0x334
x11 <- 0x00000000B504F334
mem[X,0x0000000080026944] -> 0x0213
mem[X,0x0000000080026946] -> 0x0000
[5461] [M]: 0x0000000080026944 (0x00000213) addi tp, zero, 0x0
x4 <- 0x0000000000000000
mem[X,0x0000000080026948] -> 0x006F
mem[X,0x000000008002694A] -> 0x00C0
[5462] [M]: 0x0000000080026948 (0x00C0006F) jal zero, 0xc
mem[X,0x0000000080026954] -> 0x0063
mem[X,0x0000000080026956] -> 0x04B5
[5463] [M]: 0x0000000080026954 (0x04B50063) beq a0, a1, 0x40
mem[X,0x0000000080026958] -> 0x0213
mem[X,0x000000008002695A] -> 0x0022
[5464] [M]: 0x0000000080026958 (0x00220213) addi tp, tp, 0x2
x4 <- 0x0000000000000002
mem[X,0x000000008002695C] -> 0x006F
mem[X,0x000000008002695E] -> 0x0400
[5465] [M]: 0x000000008002695C (0x0400006F) jal zero, 0x40
mem[X,0x000000008002699C] -> 0x3823
mem[X,0x000000008002699E] -> 0x2C41
[5466] [M]: 0x000000008002699C (0x2C413823) sd tp, 0x2d0(sp)
mem[0x0000000080048C98] <- 0x0000000000000002
mem[X,0x00000000800269A0] -> 0x0513
mem[X,0x00000000800269A2] -> 0x0020
[5467] [M]: 0x00000000800269A0 (0x00200513) addi a0, zero, 0x2
x10 <- 0x0000000000000002
mem[X,0x00000000800269A4] -> 0x0593
mem[X,0x00000000800269A6] -> 0x0030
[5468] [M]: 0x00000000800269A4 (0x00300593) addi a1, zero, 0x3
x11 <- 0x0000000000000003
mem[X,0x00000000800269A8] -> 0x0213
mem[X,0x00000000800269AA] -> 0x0000
[5469] [M]: 0x00000000800269A8 (0x00000213) addi tp, zero, 0x0
x4 <- 0x0000000000000000
mem[X,0x00000000800269AC] -> 0x006F
mem[X,0x00000000800269AE] -> 0x00C0
[5470] [M]: 0x00000000800269AC (0x00C0006F) jal zero, 0xc
mem[X,0x00000000800269B8] -> 0x0063
mem[X,0x00000000800269BA] -> 0x02B5
[5471] [M]: 0x00000000800269B8 (0x02B50063) beq a0, a1, 0x20
mem[X,0x00000000800269BC] -> 0x0213
mem[X,0x00000000800269BE] -> 0x0022
[5472] [M]: 0x00000000800269BC (0x00220213) addi tp, tp, 0x2
x4 <- 0x0000000000000002
mem[X,0x00000000800269C0] -> 0x006F
mem[X,0x00000000800269C2] -> 0x0200
[5473] [M]: 0x00000000800269C0 (0x0200006F) jal zero, 0x20
mem[X,0x00000000800269E0] -> 0x3C23
mem[X,0x00000000800269E2] -> 0x2C41
[5474] [M]: 0x00000000800269E0 (0x2C413C23) sd tp, 0x2d8(sp)
mem[0x0000000080048CA0] <- 0x0000000000000002
mem[X,0x00000000800269E4] -> 0x0513
mem[X,0x00000000800269E6] -> 0x0020
[5475] [M]: 0x00000000800269E4 (0x00200513) addi a0, zero, 0x2
x10 <- 0x0000000000000002
mem[X,0x00000000800269E8] -> 0x55B7
mem[X,0x00000000800269EA] -> 0x5555
[5476] [M]: 0x00000000800269E8 (0x555555B7) lui a1, 0x55555
x11 <- 0x0000000055555000
mem[X,0x00000000800269EC] -> 0x8593
mem[X,0x00000000800269EE] -> 0x5555
[5477] [M]: 0x00000000800269EC (0x55558593) addi a1, a1, 0x555
x11 <- 0x0000000055555555
mem[X,0x00000000800269F0] -> 0x9593
mem[X,0x00000000800269F2] -> 0x00B5
[5478] [M]: 0x00000000800269F0 (0x00B59593) slli a1, a1, 0xb
x11 <- 0x000002AAAAAAA800
mem[X,0x00000000800269F4] -> 0x8593
mem[X,0x00000000800269F6] -> 0x2AA5
[5479] [M]: 0x00000000800269F4 (0x2AA58593) addi a1, a1, 0x2aa
x11 <- 0x000002AAAAAAAAAA
mem[X,0x00000000800269F8] -> 0x9593
mem[X,0x00000000800269FA] -> 0x00B5
[5480] [M]: 0x00000000800269F8 (0x00B59593) slli a1, a1, 0xb
x11 <- 0x0015555555555000
mem[X,0x00000000800269FC] -> 0x8593
mem[X,0x00000000800269FE] -> 0x5555
[5481] [M]: 0x00000000800269FC (0x55558593) addi a1, a1, 0x555
x11 <- 0x0015555555555555
mem[X,0x0000000080026A00] -> 0x9593
mem[X,0x0000000080026A02] -> 0x00A5
[5482] [M]: 0x0000000080026A00 (0x00A59593) slli a1, a1, 0xa
x11 <- 0x5555555555555400
mem[X,0x0000000080026A04] -> 0x8593
mem[X,0x0000000080026A06] -> 0x1555
[5483] [M]: 0x0000000080026A04 (0x15558593) addi a1, a1, 0x155
x11 <- 0x5555555555555555
mem[X,0x0000000080026A08] -> 0x0213
mem[X,0x0000000080026A0A] -> 0x0000
[5484] [M]: 0x0000000080026A08 (0x00000213) addi tp, zero, 0x0
x4 <- 0x0000000000000000
mem[X,0x0000000080026A0C] -> 0x006F
mem[X,0x0000000080026A0E] -> 0x00C0
[5485] [M]: 0x0000000080026A0C (0x00C0006F) jal zero, 0xc
mem[X,0x0000000080026A18] -> 0x0063
mem[X,0x0000000080026A1A] -> 0x08B5
[5486] [M]: 0x0000000080026A18 (0x08B50063) beq a0, a1, 0x80
mem[X,0x0000000080026A1C] -> 0x0213
mem[X,0x0000000080026A1E] -> 0x0022
[5487] [M]: 0x0000000080026A1C (0x00220213) addi tp, tp, 0x2
x4 <- 0x0000000000000002
mem[X,0x0000000080026A20] -> 0x006F
mem[X,0x0000000080026A22] -> 0x0800
[5488] [M]: 0x0000000080026A20 (0x0800006F) jal zero, 0x80
mem[X,0x0000000080026AA0] -> 0x3023
mem[X,0x0000000080026AA2] -> 0x2E41
[5489] [M]: 0x0000000080026AA0 (0x2E413023) sd tp, 0x2e0(sp)
mem[0x0000000080048CA8] <- 0x0000000000000002
mem[X,0x0000000080026AA4] -> 0x0513
mem[X,0x0000000080026AA6] -> 0x0020
[5490] [M]: 0x0000000080026AA4 (0x00200513) addi a0, zero, 0x2
x10 <- 0x0000000000000002
mem[X,0x0000000080026AA8] -> 0xB5B7
mem[X,0x0000000080026AAA] -> 0xAAAA
[5491] [M]: 0x0000000080026AA8 (0xAAAAB5B7) lui a1, -0x55555
x11 <- 0xFFFFFFFFAAAAB000
mem[X,0x0000000080026AAC] -> 0x8593
mem[X,0x0000000080026AAE] -> 0xAAA5
[5492] [M]: 0x0000000080026AAC (0xAAA58593) addi a1, a1, -0x556
x11 <- 0xFFFFFFFFAAAAAAAA
mem[X,0x0000000080026AB0] -> 0x9593
mem[X,0x0000000080026AB2] -> 0x00B5
[5493] [M]: 0x0000000080026AB0 (0x00B59593) slli a1, a1, 0xb
x11 <- 0xFFFFFD5555555000
mem[X,0x0000000080026AB4] -> 0x8593
mem[X,0x0000000080026AB6] -> 0x5555
[5494] [M]: 0x0000000080026AB4 (0x55558593) addi a1, a1, 0x555
x11 <- 0xFFFFFD5555555555
mem[X,0x0000000080026AB8] -> 0x9593
mem[X,0x0000000080026ABA] -> 0x00B5
[5495] [M]: 0x0000000080026AB8 (0x00B59593) slli a1, a1, 0xb
x11 <- 0xFFEAAAAAAAAAA800
mem[X,0x0000000080026ABC] -> 0x8593
mem[X,0x0000000080026ABE] -> 0x2AA5
[5496] [M]: 0x0000000080026ABC (0x2AA58593) addi a1, a1, 0x2aa
x11 <- 0xFFEAAAAAAAAAAAAA
mem[X,0x0000000080026AC0] -> 0x9593
mem[X,0x0000000080026AC2] -> 0x00A5
[5497] [M]: 0x0000000080026AC0 (0x00A59593) slli a1, a1, 0xa
x11 <- 0xAAAAAAAAAAAAA800
mem[X,0x0000000080026AC4] -> 0x8593
mem[X,0x0000000080026AC6] -> 0x2AA5
[5498] [M]: 0x0000000080026AC4 (0x2AA58593) addi a1, a1, 0x2aa
x11 <- 0xAAAAAAAAAAAAAAAA
mem[X,0x0000000080026AC8] -> 0x0213
mem[X,0x0000000080026ACA] -> 0x0000
[5499] [M]: 0x0000000080026AC8 (0x00000213) addi tp, zero, 0x0
x4 <- 0x0000000000000000
clint::tick mtime <- 0x0000000000000037
 clint timer pending at mtime 0x0000000000000037
htif::tick 0x0000000000000000
mem[X,0x0000000080026ACC] -> 0x006F
mem[X,0x0000000080026ACE] -> 0x00C0
[5500] [M]: 0x0000000080026ACC (0x00C0006F) jal zero, 0xc
mem[X,0x0000000080026AD8] -> 0x0063
mem[X,0x0000000080026ADA] -> 0x02B5
[5501] [M]: 0x0000000080026AD8 (0x02B50063) beq a0, a1, 0x20
mem[X,0x0000000080026ADC] -> 0x0213
mem[X,0x0000000080026ADE] -> 0x0022
[5502] [M]: 0x0000000080026ADC (0x00220213) addi tp, tp, 0x2
x4 <- 0x0000000000000002
mem[X,0x0000000080026AE0] -> 0x006F
mem[X,0x0000000080026AE2] -> 0x0200
[5503] [M]: 0x0000000080026AE0 (0x0200006F) jal zero, 0x20
mem[X,0x0000000080026B00] -> 0x3423
mem[X,0x0000000080026B02] -> 0x2E41
[5504] [M]: 0x0000000080026B00 (0x2E413423) sd tp, 0x2e8(sp)
mem[0x0000000080048CB0] <- 0x0000000000000002
mem[X,0x0000000080026B04] -> 0x0513
mem[X,0x0000000080026B06] -> 0x0020
[5505] [M]: 0x0000000080026B04 (0x00200513) addi a0, zero, 0x2
x10 <- 0x0000000000000002
mem[X,0x0000000080026B08] -> 0x0593
mem[X,0x0000000080026B0A] -> 0x0050
[5506] [M]: 0x0000000080026B08 (0x00500593) addi a1, zero, 0x5
x11 <- 0x0000000000000005
mem[X,0x0000000080026B0C] -> 0x0213
mem[X,0x0000000080026B0E] -> 0x0000
[5507] [M]: 0x0000000080026B0C (0x00000213) addi tp, zero, 0x0
x4 <- 0x0000000000000000
mem[X,0x0000000080026B10] -> 0x006F
mem[X,0x0000000080026B12] -> 0x00C0
[5508] [M]: 0x0000000080026B10 (0x00C0006F) jal zero, 0xc
mem[X,0x0000000080026B1C] -> 0x0063
mem[X,0x0000000080026B1E] -> 0x40B5
[5509] [M]: 0x0000000080026B1C (0x40B50063) beq a0, a1, 0x400
mem[X,0x0000000080026B20] -> 0x0213
mem[X,0x0000000080026B22] -> 0x0022
[5510] [M]: 0x0000000080026B20 (0x00220213) addi tp, tp, 0x2
x4 <- 0x0000000000000002
mem[X,0x0000000080026B24] -> 0x006F
mem[X,0x0000000080026B26] -> 0x4000
[5511] [M]: 0x0000000080026B24 (0x4000006F) jal zero, 0x400
mem[X,0x0000000080026F24] -> 0x3823
mem[X,0x0000000080026F26] -> 0x2E41
[5512] [M]: 0x0000000080026F24 (0x2E413823) sd tp, 0x2f0(sp)
mem[0x0000000080048CB8] <- 0x0000000000000002
mem[X,0x0000000080026F28] -> 0x0513
mem[X,0x0000000080026F2A] -> 0x0020
[5513] [M]: 0x0000000080026F28 (0x00200513) addi a0, zero, 0x2
x10 <- 0x0000000000000002
mem[X,0x0000000080026F2C] -> 0x35B7
mem[X,0x0000000080026F2E] -> 0x3333
[5514] [M]: 0x0000000080026F2C (0x333335B7) lui a1, 0x33333
x11 <- 0x0000000033333000
mem[X,0x0000000080026F30] -> 0x8593
mem[X,0x0000000080026F32] -> 0x3335
[5515] [M]: 0x0000000080026F30 (0x33358593) addi a1, a1, 0x333
x11 <- 0x0000000033333333
mem[X,0x0000000080026F34] -> 0x9593
mem[X,0x0000000080026F36] -> 0x00B5
[5516] [M]: 0x0000000080026F34 (0x00B59593) slli a1, a1, 0xb
x11 <- 0x0000019999999800
mem[X,0x0000000080026F38] -> 0x8593
mem[X,0x0000000080026F3A] -> 0x1995
[5517] [M]: 0x0000000080026F38 (0x19958593) addi a1, a1, 0x199
x11 <- 0x0000019999999999
mem[X,0x0000000080026F3C] -> 0x9593
mem[X,0x0000000080026F3E] -> 0x00B5
[5518] [M]: 0x0000000080026F3C (0x00B59593) slli a1, a1, 0xb
x11 <- 0x000CCCCCCCCCC800
mem[X,0x0000000080026F40] -> 0x8593
mem[X,0x0000000080026F42] -> 0x4CC5
[5519] [M]: 0x0000000080026F40 (0x4CC58593) addi a1, a1, 0x4cc
x11 <- 0x000CCCCCCCCCCCCC
mem[X,0x0000000080026F44] -> 0x9593
mem[X,0x0000000080026F46] -> 0x00A5
[5520] [M]: 0x0000000080026F44 (0x00A59593) slli a1, a1, 0xa
x11 <- 0x3333333333333000
mem[X,0x0000000080026F48] -> 0x8593
mem[X,0x0000000080026F4A] -> 0x3335
[5521] [M]: 0x0000000080026F48 (0x33358593) addi a1, a1, 0x333
x11 <- 0x3333333333333333
mem[X,0x0000000080026F4C] -> 0x0213
mem[X,0x0000000080026F4E] -> 0x0000
[5522] [M]: 0x0000000080026F4C (0x00000213) addi tp, zero, 0x0
x4 <- 0x0000000000000000
mem[X,0x0000000080026F50] -> 0x006F
mem[X,0x0000000080026F52] -> 0x0140
[5523] [M]: 0x0000000080026F50 (0x0140006F) jal zero, 0x14
mem[X,0x0000000080026F64] -> 0x08E3
mem[X,0x0000000080026F66] -> 0xFEB5
[5524] [M]: 0x0000000080026F64 (0xFEB508E3) beq a0, a1, -0x10
mem[X,0x0000000080026F68] -> 0x0213
mem[X,0x0000000080026F6A] -> 0x0022
[5525] [M]: 0x0000000080026F68 (0x00220213) addi tp, tp, 0x2
x4 <- 0x0000000000000002
mem[X,0x0000000080026F6C] -> 0x006F
mem[X,0x0000000080026F6E] -> 0x00C0
[5526] [M]: 0x0000000080026F6C (0x00C0006F) jal zero, 0xc
mem[X,0x0000000080026F78] -> 0x3C23
mem[X,0x0000000080026F7A] -> 0x2E41
[5527] [M]: 0x0000000080026F78 (0x2E413C23) sd tp, 0x2f8(sp)
mem[0x0000000080048CC0] <- 0x0000000000000002
mem[X,0x0000000080026F7C] -> 0x0513
mem[X,0x0000000080026F7E] -> 0x0020
[5528] [M]: 0x0000000080026F7C (0x00200513) addi a0, zero, 0x2
x10 <- 0x0000000000000002
mem[X,0x0000000080026F80] -> 0x65B7
mem[X,0x0000000080026F82] -> 0x6666
[5529] [M]: 0x0000000080026F80 (0x666665B7) lui a1, 0x66666
x11 <- 0x0000000066666000
mem[X,0x0000000080026F84] -> 0x8593
mem[X,0x0000000080026F86] -> 0x6665
[5530] [M]: 0x0000000080026F84 (0x66658593) addi a1, a1, 0x666
x11 <- 0x0000000066666666
mem[X,0x0000000080026F88] -> 0x9593
mem[X,0x0000000080026F8A] -> 0x00B5
[5531] [M]: 0x0000000080026F88 (0x00B59593) slli a1, a1, 0xb
x11 <- 0x0000033333333000
mem[X,0x0000000080026F8C] -> 0x8593
mem[X,0x0000000080026F8E] -> 0x3335
[5532] [M]: 0x0000000080026F8C (0x33358593) addi a1, a1, 0x333
x11 <- 0x0000033333333333
mem[X,0x0000000080026F90] -> 0x9593
mem[X,0x0000000080026F92] -> 0x00B5
[5533] [M]: 0x0000000080026F90 (0x00B59593) slli a1, a1, 0xb
x11 <- 0x0019999999999800
mem[X,0x0000000080026F94] -> 0x8593
mem[X,0x0000000080026F96] -> 0x1995
[5534] [M]: 0x0000000080026F94 (0x19958593) addi a1, a1, 0x199
x11 <- 0x0019999999999999
mem[X,0x0000000080026F98] -> 0x9593
mem[X,0x0000000080026F9A] -> 0x00A5
[5535] [M]: 0x0000000080026F98 (0x00A59593) slli a1, a1, 0xa
x11 <- 0x6666666666666400
mem[X,0x0000000080026F9C] -> 0x8593
mem[X,0x0000000080026F9E] -> 0x2665
[5536] [M]: 0x0000000080026F9C (0x26658593) addi a1, a1, 0x266
x11 <- 0x6666666666666666
mem[X,0x0000000080026FA0] -> 0x0213
mem[X,0x0000000080026FA2] -> 0x0000
[5537] [M]: 0x0000000080026FA0 (0x00000213) addi tp, zero, 0x0
x4 <- 0x0000000000000000
mem[X,0x0000000080026FA4] -> 0x006F
mem[X,0x0000000080026FA6] -> 0x00C0
[5538] [M]: 0x0000000080026FA4 (0x00C0006F) jal zero, 0xc
mem[X,0x0000000080026FB0] -> 0x0CE3
mem[X,0x0000000080026FB2] -> 0xFEB5
[5539] [M]: 0x0000000080026FB0 (0xFEB50CE3) beq a0, a1, -0x8
mem[X,0x0000000080026FB4] -> 0x0213
mem[X,0x0000000080026FB6] -> 0x0022
[5540] [M]: 0x0000000080026FB4 (0x00220213) addi tp, tp, 0x2
x4 <- 0x0000000000000002
mem[X,0x0000000080026FB8] -> 0x006F
mem[X,0x0000000080026FBA] -> 0x00C0
[5541] [M]: 0x0000000080026FB8 (0x00C0006F) jal zero, 0xc
mem[X,0x0000000080026FC4] -> 0x3023
mem[X,0x0000000080026FC6] -> 0x3041
[5542] [M]: 0x0000000080026FC4 (0x30413023) sd tp, 0x300(sp)
mem[0x0000000080048CC8] <- 0x0000000000000002
mem[X,0x0000000080026FC8] -> 0x0513
mem[X,0x0000000080026FCA] -> 0x0020
[5543] [M]: 0x0000000080026FC8 (0x00200513) addi a0, zero, 0x2
x10 <- 0x0000000000000002
mem[X,0x0000000080026FCC] -> 0x05B7
mem[X,0x0000000080026FCE] -> 0x0000
[5544] [M]: 0x0000000080026FCC (0x000005B7) lui a1, 0x0
x11 <- 0x0000000000000000
mem[X,0x0000000080026FD0] -> 0x8593
mem[X,0x0000000080026FD2] -> 0xFFF5
[5545] [M]: 0x0000000080026FD0 (0xFFF58593) addi a1, a1, -0x1
x11 <- 0xFFFFFFFFFFFFFFFF
mem[X,0x0000000080026FD4] -> 0x9593
mem[X,0x0000000080026FD6] -> 0x00B5
[5546] [M]: 0x0000000080026FD4 (0x00B59593) slli a1, a1, 0xb
x11 <- 0xFFFFFFFFFFFFF800
mem[X,0x0000000080026FD8] -> 0x8593
mem[X,0x0000000080026FDA] -> 0x2575
[5547] [M]: 0x0000000080026FD8 (0x25758593) addi a1, a1, 0x257
x11 <- 0xFFFFFFFFFFFFFA57
mem[X,0x0000000080026FDC] -> 0x9593
mem[X,0x0000000080026FDE] -> 0x00B5
[5548] [M]: 0x0000000080026FDC (0x00B59593) slli a1, a1, 0xb
x11 <- 0xFFFFFFFFFFD2B800
mem[X,0x0000000080026FE0] -> 0x8593
mem[X,0x0000000080026FE2] -> 0x6C35
[5549] [M]: 0x0000000080026FE0 (0x6C358593) addi a1, a1, 0x6c3
x11 <- 0xFFFFFFFFFFD2BEC3
mem[X,0x0000000080026FE4] -> 0x9593
mem[X,0x0000000080026FE6] -> 0x00A5
[5550] [M]: 0x0000000080026FE4 (0x00A59593) slli a1, a1, 0xa
x11 <- 0xFFFFFFFF4AFB0C00
mem[X,0x0000000080026FE8] -> 0x8593
mem[X,0x0000000080026FEA] -> 0x0CD5
[5551] [M]: 0x0000000080026FE8 (0x0CD58593) addi a1, a1, 0xcd
x11 <- 0xFFFFFFFF4AFB0CCD
mem[X,0x0000000080026FEC] -> 0x0213
mem[X,0x0000000080026FEE] -> 0x0000
[5552] [M]: 0x0000000080026FEC (0x00000213) addi tp, zero, 0x0
x4 <- 0x0000000000000000
mem[X,0x0000000080026FF0] -> 0x006F
mem[X,0x0000000080026FF2] -> 0x00C0
[5553] [M]: 0x0000000080026FF0 (0x00C0006F) jal zero, 0xc
mem[X,0x0000000080026FFC] -> 0x0063
mem[X,0x0000000080026FFE] -> 0x02B5
[5554] [M]: 0x0000000080026FFC (0x02B50063) beq a0, a1, 0x20
mem[X,0x0000000080027000] -> 0x0213
mem[X,0x0000000080027002] -> 0x0022
[5555] [M]: 0x0000000080027000 (0x00220213) addi tp, tp, 0x2
x4 <- 0x0000000000000002
mem[X,0x0000000080027004] -> 0x006F
mem[X,0x0000000080027006] -> 0x0200
[5556] [M]: 0x0000000080027004 (0x0200006F) jal zero, 0x20
mem[X,0x0000000080027024] -> 0x3423
mem[X,0x0000000080027026] -> 0x3041
[5557] [M]: 0x0000000080027024 (0x30413423) sd tp, 0x308(sp)
mem[0x0000000080048CD0] <- 0x0000000000000002
mem[X,0x0000000080027028] -> 0x0513
mem[X,0x000000008002702A] -> 0x0020
[5558] [M]: 0x0000000080027028 (0x00200513) addi a0, zero, 0x2
x10 <- 0x0000000000000002
mem[X,0x000000008002702C] -> 0x05B7
mem[X,0x000000008002702E] -> 0x0000
[5559] [M]: 0x000000008002702C (0x000005B7) lui a1, 0x0
x11 <- 0x0000000000000000
mem[X,0x0000000080027030] -> 0x8593
mem[X,0x0000000080027032] -> 0x0005
[5560] [M]: 0x0000000080027030 (0x00058593) addi a1, a1, 0x0
x11 <- 0x0000000000000000
mem[X,0x0000000080027034] -> 0x9593
mem[X,0x0000000080027036] -> 0x00B5
[5561] [M]: 0x0000000080027034 (0x00B59593) slli a1, a1, 0xb
x11 <- 0x0000000000000000
mem[X,0x0000000080027038] -> 0x8593
mem[X,0x000000008002703A] -> 0x5A85
[5562] [M]: 0x0000000080027038 (0x5A858593) addi a1, a1, 0x5a8
x11 <- 0x00000000000005A8
mem[X,0x000000008002703C] -> 0x9593
mem[X,0x000000008002703E] -> 0x00B5
[5563] [M]: 0x000000008002703C (0x00B59593) slli a1, a1, 0xb
x11 <- 0x00000000002D4000
mem[X,0x0000000080027040] -> 0x8593
mem[X,0x0000000080027042] -> 0x13C5
[5564] [M]: 0x0000000080027040 (0x13C58593) addi a1, a1, 0x13c
x11 <- 0x00000000002D413C
mem[X,0x0000000080027044] -> 0x9593
mem[X,0x0000000080027046] -> 0x00A5
[5565] [M]: 0x0000000080027044 (0x00A59593) slli a1, a1, 0xa
x11 <- 0x00000000B504F000
mem[X,0x0000000080027048] -> 0x8593
mem[X,0x000000008002704A] -> 0x3335
[5566] [M]: 0x0000000080027048 (0x33358593) addi a1, a1, 0x333
x11 <- 0x00000000B504F333
mem[X,0x000000008002704C] -> 0x0213
mem[X,0x000000008002704E] -> 0x0000
[5567] [M]: 0x000000008002704C (0x00000213) addi tp, zero, 0x0
x4 <- 0x0000000000000000
mem[X,0x0000000080027050] -> 0x006F
mem[X,0x0000000080027052] -> 0x00C0
[5568] [M]: 0x0000000080027050 (0x00C0006F) jal zero, 0xc
mem[X,0x000000008002705C] -> 0x0063
mem[X,0x000000008002705E] -> 0x20B5
[5569] [M]: 0x000000008002705C (0x20B50063) beq a0, a1, 0x200
mem[X,0x0000000080027060] -> 0x0213
mem[X,0x0000000080027062] -> 0x0022
[5570] [M]: 0x0000000080027060 (0x00220213) addi tp, tp, 0x2
x4 <- 0x0000000000000002
mem[X,0x0000000080027064] -> 0x006F
mem[X,0x0000000080027066] -> 0x2000
[5571] [M]: 0x0000000080027064 (0x2000006F) jal zero, 0x200
mem[X,0x0000000080027264] -> 0x3823
mem[X,0x0000000080027266] -> 0x3041
[5572] [M]: 0x0000000080027264 (0x30413823) sd tp, 0x310(sp)
mem[0x0000000080048CD8] <- 0x0000000000000002
mem[X,0x0000000080027268] -> 0x0513
mem[X,0x000000008002726A] -> 0x0020
[5573] [M]: 0x0000000080027268 (0x00200513) addi a0, zero, 0x2
x10 <- 0x0000000000000002
mem[X,0x000000008002726C] -> 0x0593
mem[X,0x000000008002726E] -> 0x0020
[5574] [M]: 0x000000008002726C (0x00200593) addi a1, zero, 0x2
x11 <- 0x0000000000000002
mem[X,0x0000000080027270] -> 0x0213
mem[X,0x0000000080027272] -> 0x0000
[5575] [M]: 0x0000000080027270 (0x00000213) addi tp, zero, 0x0
x4 <- 0x0000000000000000
mem[X,0x0000000080027274] -> 0x006F
mem[X,0x0000000080027276] -> 0x00C0
[5576] [M]: 0x0000000080027274 (0x00C0006F) jal zero, 0xc
mem[X,0x0000000080027280] -> 0x0663
mem[X,0x0000000080027282] -> 0x00B5
[5577] [M]: 0x0000000080027280 (0x00B50663) beq a0, a1, 0xc
mem[X,0x000000008002728C] -> 0x0213
mem[X,0x000000008002728E] -> 0x0032
[5578] [M]: 0x000000008002728C (0x00320213) addi tp, tp, 0x3
x4 <- 0x0000000000000003
mem[X,0x0000000080027290] -> 0x006F
mem[X,0x0000000080027292] -> 0x0040
[5579] [M]: 0x0000000080027290 (0x0040006F) jal zero, 0x4
mem[X,0x0000000080027294] -> 0x3C23
mem[X,0x0000000080027296] -> 0x3041
[5580] [M]: 0x0000000080027294 (0x30413C23) sd tp, 0x318(sp)
mem[0x0000000080048CE0] <- 0x0000000000000003
mem[X,0x0000000080027298] -> 0x0513
mem[X,0x000000008002729A] -> 0x0020
[5581] [M]: 0x0000000080027298 (0x00200513) addi a0, zero, 0x2
x10 <- 0x0000000000000002
mem[X,0x000000008002729C] -> 0x55B7
mem[X,0x000000008002729E] -> 0x5555
[5582] [M]: 0x000000008002729C (0x555555B7) lui a1, 0x55555
x11 <- 0x0000000055555000
mem[X,0x00000000800272A0] -> 0x8593
mem[X,0x00000000800272A2] -> 0x5555
[5583] [M]: 0x00000000800272A0 (0x55558593) addi a1, a1, 0x555
x11 <- 0x0000000055555555
mem[X,0x00000000800272A4] -> 0x9593
mem[X,0x00000000800272A6] -> 0x00B5
[5584] [M]: 0x00000000800272A4 (0x00B59593) slli a1, a1, 0xb
x11 <- 0x000002AAAAAAA800
mem[X,0x00000000800272A8] -> 0x8593
mem[X,0x00000000800272AA] -> 0x2AA5
[5585] [M]: 0x00000000800272A8 (0x2AA58593) addi a1, a1, 0x2aa
x11 <- 0x000002AAAAAAAAAA
mem[X,0x00000000800272AC] -> 0x9593
mem[X,0x00000000800272AE] -> 0x00B5
[5586] [M]: 0x00000000800272AC (0x00B59593) slli a1, a1, 0xb
x11 <- 0x0015555555555000
mem[X,0x00000000800272B0] -> 0x8593
mem[X,0x00000000800272B2] -> 0x5555
[5587] [M]: 0x00000000800272B0 (0x55558593) addi a1, a1, 0x555
x11 <- 0x0015555555555555
mem[X,0x00000000800272B4] -> 0x9593
mem[X,0x00000000800272B6] -> 0x00A5
[5588] [M]: 0x00000000800272B4 (0x00A59593) slli a1, a1, 0xa
x11 <- 0x5555555555555400
mem[X,0x00000000800272B8] -> 0x8593
mem[X,0x00000000800272BA] -> 0x1545
[5589] [M]: 0x00000000800272B8 (0x15458593) addi a1, a1, 0x154
x11 <- 0x5555555555555554
mem[X,0x00000000800272BC] -> 0x0213
mem[X,0x00000000800272BE] -> 0x0000
[5590] [M]: 0x00000000800272BC (0x00000213) addi tp, zero, 0x0
x4 <- 0x0000000000000000
mem[X,0x00000000800272C0] -> 0x006F
mem[X,0x00000000800272C2] -> 0x00C0
[5591] [M]: 0x00000000800272C0 (0x00C0006F) jal zero, 0xc
mem[X,0x00000000800272CC] -> 0x0CE3
mem[X,0x00000000800272CE] -> 0xFEB5
[5592] [M]: 0x00000000800272CC (0xFEB50CE3) beq a0, a1, -0x8
mem[X,0x00000000800272D0] -> 0x0213
mem[X,0x00000000800272D2] -> 0x0022
[5593] [M]: 0x00000000800272D0 (0x00220213) addi tp, tp, 0x2
x4 <- 0x0000000000000002
mem[X,0x00000000800272D4] -> 0x006F
mem[X,0x00000000800272D6] -> 0x00C0
[5594] [M]: 0x00000000800272D4 (0x00C0006F) jal zero, 0xc
mem[X,0x00000000800272E0] -> 0x3023
mem[X,0x00000000800272E2] -> 0x3241
[5595] [M]: 0x00000000800272E0 (0x32413023) sd tp, 0x320(sp)
mem[0x0000000080048CE8] <- 0x0000000000000002
mem[X,0x00000000800272E4] -> 0x0513
mem[X,0x00000000800272E6] -> 0x0020
[5596] [M]: 0x00000000800272E4 (0x00200513) addi a0, zero, 0x2
x10 <- 0x0000000000000002
mem[X,0x00000000800272E8] -> 0x0593
mem[X,0x00000000800272EA] -> 0x0000
[5597] [M]: 0x00000000800272E8 (0x00000593) addi a1, zero, 0x0
x11 <- 0x0000000000000000
mem[X,0x00000000800272EC] -> 0x0213
mem[X,0x00000000800272EE] -> 0x0000
[5598] [M]: 0x00000000800272EC (0x00000213) addi tp, zero, 0x0
x4 <- 0x0000000000000000
mem[X,0x00000000800272F0] -> 0x006F
mem[X,0x00000000800272F2] -> 0x00C0
[5599] [M]: 0x00000000800272F0 (0x00C0006F) jal zero, 0xc
clint::tick mtime <- 0x0000000000000038
 clint timer pending at mtime 0x0000000000000038
htif::tick 0x0000000000000000
mem[X,0x00000000800272FC] -> 0x0063
mem[X,0x00000000800272FE] -> 0x20B5
[5600] [M]: 0x00000000800272FC (0x20B50063) beq a0, a1, 0x200
mem[X,0x0000000080027300] -> 0x0213
mem[X,0x0000000080027302] -> 0x0022
[5601] [M]: 0x0000000080027300 (0x00220213) addi tp, tp, 0x2
x4 <- 0x0000000000000002
mem[X,0x0000000080027304] -> 0x006F
mem[X,0x0000000080027306] -> 0x2000
[5602] [M]: 0x0000000080027304 (0x2000006F) jal zero, 0x200
mem[X,0x0000000080027504] -> 0x3423
mem[X,0x0000000080027506] -> 0x3241
[5603] [M]: 0x0000000080027504 (0x32413423) sd tp, 0x328(sp)
mem[0x0000000080048CF0] <- 0x0000000000000002
mem[X,0x0000000080027508] -> 0x0513
mem[X,0x000000008002750A] -> 0x0020
[5604] [M]: 0x0000000080027508 (0x00200513) addi a0, zero, 0x2
x10 <- 0x0000000000000002
mem[X,0x000000008002750C] -> 0x0593
mem[X,0x000000008002750E] -> 0x0040
[5605] [M]: 0x000000008002750C (0x00400593) addi a1, zero, 0x4
x11 <- 0x0000000000000004
mem[X,0x0000000080027510] -> 0x0213
mem[X,0x0000000080027512] -> 0x0000
[5606] [M]: 0x0000000080027510 (0x00000213) addi tp, zero, 0x0
x4 <- 0x0000000000000000
mem[X,0x0000000080027514] -> 0x006F
mem[X,0x0000000080027516] -> 0x00C0
[5607] [M]: 0x0000000080027514 (0x00C0006F) jal zero, 0xc
mem[X,0x0000000080027520] -> 0x0063
mem[X,0x0000000080027522] -> 0x10B5
[5608] [M]: 0x0000000080027520 (0x10B50063) beq a0, a1, 0x100
mem[X,0x0000000080027524] -> 0x0213
mem[X,0x0000000080027526] -> 0x0022
[5609] [M]: 0x0000000080027524 (0x00220213) addi tp, tp, 0x2
x4 <- 0x0000000000000002
mem[X,0x0000000080027528] -> 0x006F
mem[X,0x000000008002752A] -> 0x1000
[5610] [M]: 0x0000000080027528 (0x1000006F) jal zero, 0x100
mem[X,0x0000000080027628] -> 0x3823
mem[X,0x000000008002762A] -> 0x3241
[5611] [M]: 0x0000000080027628 (0x32413823) sd tp, 0x330(sp)
mem[0x0000000080048CF8] <- 0x0000000000000002
mem[X,0x000000008002762C] -> 0x0513
mem[X,0x000000008002762E] -> 0x0020
[5612] [M]: 0x000000008002762C (0x00200513) addi a0, zero, 0x2
x10 <- 0x0000000000000002
mem[X,0x0000000080027630] -> 0x35B7
mem[X,0x0000000080027632] -> 0x3333
[5613] [M]: 0x0000000080027630 (0x333335B7) lui a1, 0x33333
x11 <- 0x0000000033333000
mem[X,0x0000000080027634] -> 0x8593
mem[X,0x0000000080027636] -> 0x3335
[5614] [M]: 0x0000000080027634 (0x33358593) addi a1, a1, 0x333
x11 <- 0x0000000033333333
mem[X,0x0000000080027638] -> 0x9593
mem[X,0x000000008002763A] -> 0x00B5
[5615] [M]: 0x0000000080027638 (0x00B59593) slli a1, a1, 0xb
x11 <- 0x0000019999999800
mem[X,0x000000008002763C] -> 0x8593
mem[X,0x000000008002763E] -> 0x1995
[5616] [M]: 0x000000008002763C (0x19958593) addi a1, a1, 0x199
x11 <- 0x0000019999999999
mem[X,0x0000000080027640] -> 0x9593
mem[X,0x0000000080027642] -> 0x00B5
[5617] [M]: 0x0000000080027640 (0x00B59593) slli a1, a1, 0xb
x11 <- 0x000CCCCCCCCCC800
mem[X,0x0000000080027644] -> 0x8593
mem[X,0x0000000080027646] -> 0x4CC5
[5618] [M]: 0x0000000080027644 (0x4CC58593) addi a1, a1, 0x4cc
x11 <- 0x000CCCCCCCCCCCCC
mem[X,0x0000000080027648] -> 0x9593
mem[X,0x000000008002764A] -> 0x00A5
[5619] [M]: 0x0000000080027648 (0x00A59593) slli a1, a1, 0xa
x11 <- 0x3333333333333000
mem[X,0x000000008002764C] -> 0x8593
mem[X,0x000000008002764E] -> 0x3325
[5620] [M]: 0x000000008002764C (0x33258593) addi a1, a1, 0x332
x11 <- 0x3333333333333332
mem[X,0x0000000080027650] -> 0x0213
mem[X,0x0000000080027652] -> 0x0000
[5621] [M]: 0x0000000080027650 (0x00000213) addi tp, zero, 0x0
x4 <- 0x0000000000000000
mem[X,0x0000000080027654] -> 0x006F
mem[X,0x0000000080027656] -> 0x2B10
[5622] [M]: 0x0000000080027654 (0x2B10006F) jal zero, 0xab0
mem[X,0x0000000080028104] -> 0x0A63
mem[X,0x0000000080028106] -> 0xD4B5
[5623] [M]: 0x0000000080028104 (0xD4B50A63) beq a0, a1, -0xaac
mem[X,0x0000000080028108] -> 0x0213
mem[X,0x000000008002810A] -> 0x0022
[5624] [M]: 0x0000000080028108 (0x00220213) addi tp, tp, 0x2
x4 <- 0x0000000000000002
mem[X,0x000000008002810C] -> 0x006F
mem[X,0x000000008002810E] -> 0x00C0
[5625] [M]: 0x000000008002810C (0x00C0006F) jal zero, 0xc
mem[X,0x0000000080028118] -> 0x3C23
mem[X,0x000000008002811A] -> 0x3241
[5626] [M]: 0x0000000080028118 (0x32413C23) sd tp, 0x338(sp)
mem[0x0000000080048D00] <- 0x0000000000000002
mem[X,0x000000008002811C] -> 0x0513
mem[X,0x000000008002811E] -> 0x0020
[5627] [M]: 0x000000008002811C (0x00200513) addi a0, zero, 0x2
x10 <- 0x0000000000000002
mem[X,0x0000000080028120] -> 0x65B7
mem[X,0x0000000080028122] -> 0x6666
[5628] [M]: 0x0000000080028120 (0x666665B7) lui a1, 0x66666
x11 <- 0x0000000066666000
mem[X,0x0000000080028124] -> 0x8593
mem[X,0x0000000080028126] -> 0x6665
[5629] [M]: 0x0000000080028124 (0x66658593) addi a1, a1, 0x666
x11 <- 0x0000000066666666
mem[X,0x0000000080028128] -> 0x9593
mem[X,0x000000008002812A] -> 0x00B5
[5630] [M]: 0x0000000080028128 (0x00B59593) slli a1, a1, 0xb
x11 <- 0x0000033333333000
mem[X,0x000000008002812C] -> 0x8593
mem[X,0x000000008002812E] -> 0x3335
[5631] [M]: 0x000000008002812C (0x33358593) addi a1, a1, 0x333
x11 <- 0x0000033333333333
mem[X,0x0000000080028130] -> 0x9593
mem[X,0x0000000080028132] -> 0x00B5
[5632] [M]: 0x0000000080028130 (0x00B59593) slli a1, a1, 0xb
x11 <- 0x0019999999999800
mem[X,0x0000000080028134] -> 0x8593
mem[X,0x0000000080028136] -> 0x1995
[5633] [M]: 0x0000000080028134 (0x19958593) addi a1, a1, 0x199
x11 <- 0x0019999999999999
mem[X,0x0000000080028138] -> 0x9593
mem[X,0x000000008002813A] -> 0x00A5
[5634] [M]: 0x0000000080028138 (0x00A59593) slli a1, a1, 0xa
x11 <- 0x6666666666666400
mem[X,0x000000008002813C] -> 0x8593
mem[X,0x000000008002813E] -> 0x2655
[5635] [M]: 0x000000008002813C (0x26558593) addi a1, a1, 0x265
x11 <- 0x6666666666666665
mem[X,0x0000000080028140] -> 0x0213
mem[X,0x0000000080028142] -> 0x0000
[5636] [M]: 0x0000000080028140 (0x00000213) addi tp, zero, 0x0
x4 <- 0x0000000000000000
mem[X,0x0000000080028144] -> 0x006F
mem[X,0x0000000080028146] -> 0x0100
[5637] [M]: 0x0000000080028144 (0x0100006F) jal zero, 0x10
mem[X,0x0000000080028154] -> 0x0AE3
mem[X,0x0000000080028156] -> 0xFEB5
[5638] [M]: 0x0000000080028154 (0xFEB50AE3) beq a0, a1, -0xc
mem[X,0x0000000080028158] -> 0x0213
mem[X,0x000000008002815A] -> 0x0022
[5639] [M]: 0x0000000080028158 (0x00220213) addi tp, tp, 0x2
x4 <- 0x0000000000000002
mem[X,0x000000008002815C] -> 0x006F
mem[X,0x000000008002815E] -> 0x00C0
[5640] [M]: 0x000000008002815C (0x00C0006F) jal zero, 0xc
mem[X,0x0000000080028168] -> 0x3023
mem[X,0x000000008002816A] -> 0x3441
[5641] [M]: 0x0000000080028168 (0x34413023) sd tp, 0x340(sp)
mem[0x0000000080048D08] <- 0x0000000000000002
mem[X,0x000000008002816C] -> 0x0513
mem[X,0x000000008002816E] -> 0x0020
[5642] [M]: 0x000000008002816C (0x00200513) addi a0, zero, 0x2
x10 <- 0x0000000000000002
mem[X,0x0000000080028170] -> 0x05B7
mem[X,0x0000000080028172] -> 0x0000
[5643] [M]: 0x0000000080028170 (0x000005B7) lui a1, 0x0
x11 <- 0x0000000000000000
mem[X,0x0000000080028174] -> 0x8593
mem[X,0x0000000080028176] -> 0x0005
[5644] [M]: 0x0000000080028174 (0x00058593) addi a1, a1, 0x0
x11 <- 0x0000000000000000
mem[X,0x0000000080028178] -> 0x9593
mem[X,0x000000008002817A] -> 0x00B5
[5645] [M]: 0x0000000080028178 (0x00B59593) slli a1, a1, 0xb
x11 <- 0x0000000000000000
mem[X,0x000000008002817C] -> 0x8593
mem[X,0x000000008002817E] -> 0x5A85
[5646] [M]: 0x000000008002817C (0x5A858593) addi a1, a1, 0x5a8
x11 <- 0x00000000000005A8
mem[X,0x0000000080028180] -> 0x9593
mem[X,0x0000000080028182] -> 0x00B5
[5647] [M]: 0x0000000080028180 (0x00B59593) slli a1, a1, 0xb
x11 <- 0x00000000002D4000
mem[X,0x0000000080028184] -> 0x8593
mem[X,0x0000000080028186] -> 0x13C5
[5648] [M]: 0x0000000080028184 (0x13C58593) addi a1, a1, 0x13c
x11 <- 0x00000000002D413C
mem[X,0x0000000080028188] -> 0x9593
mem[X,0x000000008002818A] -> 0x00A5
[5649] [M]: 0x0000000080028188 (0x00A59593) slli a1, a1, 0xa
x11 <- 0x00000000B504F000
mem[X,0x000000008002818C] -> 0x8593
mem[X,0x000000008002818E] -> 0x3325
[5650] [M]: 0x000000008002818C (0x33258593) addi a1, a1, 0x332
x11 <- 0x00000000B504F332
mem[X,0x0000000080028190] -> 0x0213
mem[X,0x0000000080028192] -> 0x0000
[5651] [M]: 0x0000000080028190 (0x00000213) addi tp, zero, 0x0
x4 <- 0x0000000000000000
mem[X,0x0000000080028194] -> 0x006F
mem[X,0x0000000080028196] -> 0x00C0
[5652] [M]: 0x0000000080028194 (0x00C0006F) jal zero, 0xc
mem[X,0x00000000800281A0] -> 0x0CE3
mem[X,0x00000000800281A2] -> 0xFEB5
[5653] [M]: 0x00000000800281A0 (0xFEB50CE3) beq a0, a1, -0x8
mem[X,0x00000000800281A4] -> 0x0213
mem[X,0x00000000800281A6] -> 0x0022
[5654] [M]: 0x00000000800281A4 (0x00220213) addi tp, tp, 0x2
x4 <- 0x0000000000000002
mem[X,0x00000000800281A8] -> 0x006F
mem[X,0x00000000800281AA] -> 0x00C0
[5655] [M]: 0x00000000800281A8 (0x00C0006F) jal zero, 0xc
mem[X,0x00000000800281B4] -> 0x3423
mem[X,0x00000000800281B6] -> 0x3441
[5656] [M]: 0x00000000800281B4 (0x34413423) sd tp, 0x348(sp)
mem[0x0000000080048D10] <- 0x0000000000000002
mem[X,0x00000000800281B8] -> 0x0513
mem[X,0x00000000800281BA] -> 0x0020
[5657] [M]: 0x00000000800281B8 (0x00200513) addi a0, zero, 0x2
x10 <- 0x0000000000000002
mem[X,0x00000000800281BC] -> 0x55B7
mem[X,0x00000000800281BE] -> 0x5555
[5658] [M]: 0x00000000800281BC (0x555555B7) lui a1, 0x55555
x11 <- 0x0000000055555000
mem[X,0x00000000800281C0] -> 0x8593
mem[X,0x00000000800281C2] -> 0x5555
[5659] [M]: 0x00000000800281C0 (0x55558593) addi a1, a1, 0x555
x11 <- 0x0000000055555555
mem[X,0x00000000800281C4] -> 0x9593
mem[X,0x00000000800281C6] -> 0x00B5
[5660] [M]: 0x00000000800281C4 (0x00B59593) slli a1, a1, 0xb
x11 <- 0x000002AAAAAAA800
mem[X,0x00000000800281C8] -> 0x8593
mem[X,0x00000000800281CA] -> 0x2AA5
[5661] [M]: 0x00000000800281C8 (0x2AA58593) addi a1, a1, 0x2aa
x11 <- 0x000002AAAAAAAAAA
mem[X,0x00000000800281CC] -> 0x9593
mem[X,0x00000000800281CE] -> 0x00B5
[5662] [M]: 0x00000000800281CC (0x00B59593) slli a1, a1, 0xb
x11 <- 0x0015555555555000
mem[X,0x00000000800281D0] -> 0x8593
mem[X,0x00000000800281D2] -> 0x5555
[5663] [M]: 0x00000000800281D0 (0x55558593) addi a1, a1, 0x555
x11 <- 0x0015555555555555
mem[X,0x00000000800281D4] -> 0x9593
mem[X,0x00000000800281D6] -> 0x00A5
[5664] [M]: 0x00000000800281D4 (0x00A59593) slli a1, a1, 0xa
x11 <- 0x5555555555555400
mem[X,0x00000000800281D8] -> 0x8593
mem[X,0x00000000800281DA] -> 0x1565
[5665] [M]: 0x00000000800281D8 (0x15658593) addi a1, a1, 0x156
x11 <- 0x5555555555555556
mem[X,0x00000000800281DC] -> 0x0213
mem[X,0x00000000800281DE] -> 0x0000
[5666] [M]: 0x00000000800281DC (0x00000213) addi tp, zero, 0x0
x4 <- 0x0000000000000000
mem[X,0x00000000800281E0] -> 0x006F
mem[X,0x00000000800281E2] -> 0x00C0
[5667] [M]: 0x00000000800281E0 (0x00C0006F) jal zero, 0xc
mem[X,0x00000000800281EC] -> 0x0063
mem[X,0x00000000800281EE] -> 0x20B5
[5668] [M]: 0x00000000800281EC (0x20B50063) beq a0, a1, 0x200
mem[X,0x00000000800281F0] -> 0x0213
mem[X,0x00000000800281F2] -> 0x0022
[5669] [M]: 0x00000000800281F0 (0x00220213) addi tp, tp, 0x2
x4 <- 0x0000000000000002
mem[X,0x00000000800281F4] -> 0x006F
mem[X,0x00000000800281F6] -> 0x2000
[5670] [M]: 0x00000000800281F4 (0x2000006F) jal zero, 0x200
mem[X,0x00000000800283F4] -> 0x3823
mem[X,0x00000000800283F6] -> 0x3441
[5671] [M]: 0x00000000800283F4 (0x34413823) sd tp, 0x350(sp)
mem[0x0000000080048D18] <- 0x0000000000000002
mem[X,0x00000000800283F8] -> 0x0513
mem[X,0x00000000800283FA] -> 0x0020
[5672] [M]: 0x00000000800283F8 (0x00200513) addi a0, zero, 0x2
x10 <- 0x0000000000000002
mem[X,0x00000000800283FC] -> 0xB5B7
mem[X,0x00000000800283FE] -> 0xAAAA
[5673] [M]: 0x00000000800283FC (0xAAAAB5B7) lui a1, -0x55555
x11 <- 0xFFFFFFFFAAAAB000
mem[X,0x0000000080028400] -> 0x8593
mem[X,0x0000000080028402] -> 0xAAA5
[5674] [M]: 0x0000000080028400 (0xAAA58593) addi a1, a1, -0x556
x11 <- 0xFFFFFFFFAAAAAAAA
mem[X,0x0000000080028404] -> 0x9593
mem[X,0x0000000080028406] -> 0x00B5
[5675] [M]: 0x0000000080028404 (0x00B59593) slli a1, a1, 0xb
x11 <- 0xFFFFFD5555555000
mem[X,0x0000000080028408] -> 0x8593
mem[X,0x000000008002840A] -> 0x5555
[5676] [M]: 0x0000000080028408 (0x55558593) addi a1, a1, 0x555
x11 <- 0xFFFFFD5555555555
mem[X,0x000000008002840C] -> 0x9593
mem[X,0x000000008002840E] -> 0x00B5
[5677] [M]: 0x000000008002840C (0x00B59593) slli a1, a1, 0xb
x11 <- 0xFFEAAAAAAAAAA800
mem[X,0x0000000080028410] -> 0x8593
mem[X,0x0000000080028412] -> 0x2AA5
[5678] [M]: 0x0000000080028410 (0x2AA58593) addi a1, a1, 0x2aa
x11 <- 0xFFEAAAAAAAAAAAAA
mem[X,0x0000000080028414] -> 0x9593
mem[X,0x0000000080028416] -> 0x00A5
[5679] [M]: 0x0000000080028414 (0x00A59593) slli a1, a1, 0xa
x11 <- 0xAAAAAAAAAAAAA800
mem[X,0x0000000080028418] -> 0x8593
mem[X,0x000000008002841A] -> 0x2AB5
[5680] [M]: 0x0000000080028418 (0x2AB58593) addi a1, a1, 0x2ab
x11 <- 0xAAAAAAAAAAAAAAAB
mem[X,0x000000008002841C] -> 0x0213
mem[X,0x000000008002841E] -> 0x0000
[5681] [M]: 0x000000008002841C (0x00000213) addi tp, zero, 0x0
x4 <- 0x0000000000000000
mem[X,0x0000000080028420] -> 0x006F
mem[X,0x0000000080028422] -> 0x00C0
[5682] [M]: 0x0000000080028420 (0x00C0006F) jal zero, 0xc
mem[X,0x000000008002842C] -> 0x0663
mem[X,0x000000008002842E] -> 0x00B5
[5683] [M]: 0x000000008002842C (0x00B50663) beq a0, a1, 0xc
mem[X,0x0000000080028430] -> 0x0213
mem[X,0x0000000080028432] -> 0x0022
[5684] [M]: 0x0000000080028430 (0x00220213) addi tp, tp, 0x2
x4 <- 0x0000000000000002
mem[X,0x0000000080028434] -> 0x006F
mem[X,0x0000000080028436] -> 0x00C0
[5685] [M]: 0x0000000080028434 (0x00C0006F) jal zero, 0xc
mem[X,0x0000000080028440] -> 0x3C23
mem[X,0x0000000080028442] -> 0x3441
[5686] [M]: 0x0000000080028440 (0x34413C23) sd tp, 0x358(sp)
mem[0x0000000080048D20] <- 0x0000000000000002
mem[X,0x0000000080028444] -> 0x0513
mem[X,0x0000000080028446] -> 0x0020
[5687] [M]: 0x0000000080028444 (0x00200513) addi a0, zero, 0x2
x10 <- 0x0000000000000002
mem[X,0x0000000080028448] -> 0x35B7
mem[X,0x000000008002844A] -> 0x3333
[5688] [M]: 0x0000000080028448 (0x333335B7) lui a1, 0x33333
x11 <- 0x0000000033333000
mem[X,0x000000008002844C] -> 0x8593
mem[X,0x000000008002844E] -> 0x3335
[5689] [M]: 0x000000008002844C (0x33358593) addi a1, a1, 0x333
x11 <- 0x0000000033333333
mem[X,0x0000000080028450] -> 0x9593
mem[X,0x0000000080028452] -> 0x00B5
[5690] [M]: 0x0000000080028450 (0x00B59593) slli a1, a1, 0xb
x11 <- 0x0000019999999800
mem[X,0x0000000080028454] -> 0x8593
mem[X,0x0000000080028456] -> 0x1995
[5691] [M]: 0x0000000080028454 (0x19958593) addi a1, a1, 0x199
x11 <- 0x0000019999999999
mem[X,0x0000000080028458] -> 0x9593
mem[X,0x000000008002845A] -> 0x00B5
[5692] [M]: 0x0000000080028458 (0x00B59593) slli a1, a1, 0xb
x11 <- 0x000CCCCCCCCCC800
mem[X,0x000000008002845C] -> 0x8593
mem[X,0x000000008002845E] -> 0x4CC5
[5693] [M]: 0x000000008002845C (0x4CC58593) addi a1, a1, 0x4cc
x11 <- 0x000CCCCCCCCCCCCC
mem[X,0x0000000080028460] -> 0x9593
mem[X,0x0000000080028462] -> 0x00A5
[5694] [M]: 0x0000000080028460 (0x00A59593) slli a1, a1, 0xa
x11 <- 0x3333333333333000
mem[X,0x0000000080028464] -> 0x8593
mem[X,0x0000000080028466] -> 0x3345
[5695] [M]: 0x0000000080028464 (0x33458593) addi a1, a1, 0x334
x11 <- 0x3333333333333334
mem[X,0x0000000080028468] -> 0x0213
mem[X,0x000000008002846A] -> 0x0000
[5696] [M]: 0x0000000080028468 (0x00000213) addi tp, zero, 0x0
x4 <- 0x0000000000000000
mem[X,0x000000008002846C] -> 0x006F
mem[X,0x000000008002846E] -> 0x0050
[5697] [M]: 0x000000008002846C (0x0050006F) jal zero, 0x804
mem[X,0x0000000080028C70] -> 0x00E3
mem[X,0x0000000080028C72] -> 0x80B5
[5698] [M]: 0x0000000080028C70 (0x80B500E3) beq a0, a1, -0x800
mem[X,0x0000000080028C74] -> 0x0213
mem[X,0x0000000080028C76] -> 0x0022
[5699] [M]: 0x0000000080028C74 (0x00220213) addi tp, tp, 0x2
x4 <- 0x0000000000000002
clint::tick mtime <- 0x0000000000000039
 clint timer pending at mtime 0x0000000000000039
htif::tick 0x0000000000000000
mem[X,0x0000000080028C78] -> 0x006F
mem[X,0x0000000080028C7A] -> 0x00C0
[5700] [M]: 0x0000000080028C78 (0x00C0006F) jal zero, 0xc
mem[X,0x0000000080028C84] -> 0x3023
mem[X,0x0000000080028C86] -> 0x3641
[5701] [M]: 0x0000000080028C84 (0x36413023) sd tp, 0x360(sp)
mem[0x0000000080048D28] <- 0x0000000000000002
mem[X,0x0000000080028C88] -> 0x0513
mem[X,0x0000000080028C8A] -> 0x0020
[5702] [M]: 0x0000000080028C88 (0x00200513) addi a0, zero, 0x2
x10 <- 0x0000000000000002
mem[X,0x0000000080028C8C] -> 0x65B7
mem[X,0x0000000080028C8E] -> 0x6666
[5703] [M]: 0x0000000080028C8C (0x666665B7) lui a1, 0x66666
x11 <- 0x0000000066666000
mem[X,0x0000000080028C90] -> 0x8593
mem[X,0x0000000080028C92] -> 0x6665
[5704] [M]: 0x0000000080028C90 (0x66658593) addi a1, a1, 0x666
x11 <- 0x0000000066666666
mem[X,0x0000000080028C94] -> 0x9593
mem[X,0x0000000080028C96] -> 0x00B5
[5705] [M]: 0x0000000080028C94 (0x00B59593) slli a1, a1, 0xb
x11 <- 0x0000033333333000
mem[X,0x0000000080028C98] -> 0x8593
mem[X,0x0000000080028C9A] -> 0x3335
[5706] [M]: 0x0000000080028C98 (0x33358593) addi a1, a1, 0x333
x11 <- 0x0000033333333333
mem[X,0x0000000080028C9C] -> 0x9593
mem[X,0x0000000080028C9E] -> 0x00B5
[5707] [M]: 0x0000000080028C9C (0x00B59593) slli a1, a1, 0xb
x11 <- 0x0019999999999800
mem[X,0x0000000080028CA0] -> 0x8593
mem[X,0x0000000080028CA2] -> 0x1995
[5708] [M]: 0x0000000080028CA0 (0x19958593) addi a1, a1, 0x199
x11 <- 0x0019999999999999
mem[X,0x0000000080028CA4] -> 0x9593
mem[X,0x0000000080028CA6] -> 0x00A5
[5709] [M]: 0x0000000080028CA4 (0x00A59593) slli a1, a1, 0xa
x11 <- 0x6666666666666400
mem[X,0x0000000080028CA8] -> 0x8593
mem[X,0x0000000080028CAA] -> 0x2675
[5710] [M]: 0x0000000080028CA8 (0x26758593) addi a1, a1, 0x267
x11 <- 0x6666666666666667
mem[X,0x0000000080028CAC] -> 0x0213
mem[X,0x0000000080028CAE] -> 0x0000
[5711] [M]: 0x0000000080028CAC (0x00000213) addi tp, zero, 0x0
x4 <- 0x0000000000000000
mem[X,0x0000000080028CB0] -> 0x006F
mem[X,0x0000000080028CB2] -> 0x00C0
[5712] [M]: 0x0000000080028CB0 (0x00C0006F) jal zero, 0xc
mem[X,0x0000000080028CBC] -> 0x0663
mem[X,0x0000000080028CBE] -> 0x00B5
[5713] [M]: 0x0000000080028CBC (0x00B50663) beq a0, a1, 0xc
mem[X,0x0000000080028CC0] -> 0x0213
mem[X,0x0000000080028CC2] -> 0x0022
[5714] [M]: 0x0000000080028CC0 (0x00220213) addi tp, tp, 0x2
x4 <- 0x0000000000000002
mem[X,0x0000000080028CC4] -> 0x006F
mem[X,0x0000000080028CC6] -> 0x00C0
[5715] [M]: 0x0000000080028CC4 (0x00C0006F) jal zero, 0xc
mem[X,0x0000000080028CD0] -> 0x3423
mem[X,0x0000000080028CD2] -> 0x3641
[5716] [M]: 0x0000000080028CD0 (0x36413423) sd tp, 0x368(sp)
mem[0x0000000080048D30] <- 0x0000000000000002
mem[X,0x0000000080028CD4] -> 0x0513
mem[X,0x0000000080028CD6] -> 0x0020
[5717] [M]: 0x0000000080028CD4 (0x00200513) addi a0, zero, 0x2
x10 <- 0x0000000000000002
mem[X,0x0000000080028CD8] -> 0x05B7
mem[X,0x0000000080028CDA] -> 0x0000
[5718] [M]: 0x0000000080028CD8 (0x000005B7) lui a1, 0x0
x11 <- 0x0000000000000000
mem[X,0x0000000080028CDC] -> 0x8593
mem[X,0x0000000080028CDE] -> 0xFFF5
[5719] [M]: 0x0000000080028CDC (0xFFF58593) addi a1, a1, -0x1
x11 <- 0xFFFFFFFFFFFFFFFF
mem[X,0x0000000080028CE0] -> 0x9593
mem[X,0x0000000080028CE2] -> 0x00B5
[5720] [M]: 0x0000000080028CE0 (0x00B59593) slli a1, a1, 0xb
x11 <- 0xFFFFFFFFFFFFF800
mem[X,0x0000000080028CE4] -> 0x8593
mem[X,0x0000000080028CE6] -> 0x2575
[5721] [M]: 0x0000000080028CE4 (0x25758593) addi a1, a1, 0x257
x11 <- 0xFFFFFFFFFFFFFA57
mem[X,0x0000000080028CE8] -> 0x9593
mem[X,0x0000000080028CEA] -> 0x00B5
[5722] [M]: 0x0000000080028CE8 (0x00B59593) slli a1, a1, 0xb
x11 <- 0xFFFFFFFFFFD2B800
mem[X,0x0000000080028CEC] -> 0x8593
mem[X,0x0000000080028CEE] -> 0x6C35
[5723] [M]: 0x0000000080028CEC (0x6C358593) addi a1, a1, 0x6c3
x11 <- 0xFFFFFFFFFFD2BEC3
mem[X,0x0000000080028CF0] -> 0x9593
mem[X,0x0000000080028CF2] -> 0x00A5
[5724] [M]: 0x0000000080028CF0 (0x00A59593) slli a1, a1, 0xa
x11 <- 0xFFFFFFFF4AFB0C00
mem[X,0x0000000080028CF4] -> 0x8593
mem[X,0x0000000080028CF6] -> 0x0CE5
[5725] [M]: 0x0000000080028CF4 (0x0CE58593) addi a1, a1, 0xce
x11 <- 0xFFFFFFFF4AFB0CCE
mem[X,0x0000000080028CF8] -> 0x0213
mem[X,0x0000000080028CFA] -> 0x0000
[5726] [M]: 0x0000000080028CF8 (0x00000213) addi tp, zero, 0x0
x4 <- 0x0000000000000000
mem[X,0x0000000080028CFC] -> 0x006F
mem[X,0x0000000080028CFE] -> 0x00C0
[5727] [M]: 0x0000000080028CFC (0x00C0006F) jal zero, 0xc
mem[X,0x0000000080028D08] -> 0x0063
mem[X,0x0000000080028D0A] -> 0x04B5
[5728] [M]: 0x0000000080028D08 (0x04B50063) beq a0, a1, 0x40
mem[X,0x0000000080028D0C] -> 0x0213
mem[X,0x0000000080028D0E] -> 0x0022
[5729] [M]: 0x0000000080028D0C (0x00220213) addi tp, tp, 0x2
x4 <- 0x0000000000000002
mem[X,0x0000000080028D10] -> 0x006F
mem[X,0x0000000080028D12] -> 0x0400
[5730] [M]: 0x0000000080028D10 (0x0400006F) jal zero, 0x40
mem[X,0x0000000080028D50] -> 0x3823
mem[X,0x0000000080028D52] -> 0x3641
[5731] [M]: 0x0000000080028D50 (0x36413823) sd tp, 0x370(sp)
mem[0x0000000080048D38] <- 0x0000000000000002
mem[X,0x0000000080028D54] -> 0x0513
mem[X,0x0000000080028D56] -> 0x0020
[5732] [M]: 0x0000000080028D54 (0x00200513) addi a0, zero, 0x2
x10 <- 0x0000000000000002
mem[X,0x0000000080028D58] -> 0x05B7
mem[X,0x0000000080028D5A] -> 0x0000
[5733] [M]: 0x0000000080028D58 (0x000005B7) lui a1, 0x0
x11 <- 0x0000000000000000
mem[X,0x0000000080028D5C] -> 0x8593
mem[X,0x0000000080028D5E] -> 0x0005
[5734] [M]: 0x0000000080028D5C (0x00058593) addi a1, a1, 0x0
x11 <- 0x0000000000000000
mem[X,0x0000000080028D60] -> 0x9593
mem[X,0x0000000080028D62] -> 0x00B5
[5735] [M]: 0x0000000080028D60 (0x00B59593) slli a1, a1, 0xb
x11 <- 0x0000000000000000
mem[X,0x0000000080028D64] -> 0x8593
mem[X,0x0000000080028D66] -> 0x5A85
[5736] [M]: 0x0000000080028D64 (0x5A858593) addi a1, a1, 0x5a8
x11 <- 0x00000000000005A8
mem[X,0x0000000080028D68] -> 0x9593
mem[X,0x0000000080028D6A] -> 0x00B5
[5737] [M]: 0x0000000080028D68 (0x00B59593) slli a1, a1, 0xb
x11 <- 0x00000000002D4000
mem[X,0x0000000080028D6C] -> 0x8593
mem[X,0x0000000080028D6E] -> 0x13C5
[5738] [M]: 0x0000000080028D6C (0x13C58593) addi a1, a1, 0x13c
x11 <- 0x00000000002D413C
mem[X,0x0000000080028D70] -> 0x9593
mem[X,0x0000000080028D72] -> 0x00A5
[5739] [M]: 0x0000000080028D70 (0x00A59593) slli a1, a1, 0xa
x11 <- 0x00000000B504F000
mem[X,0x0000000080028D74] -> 0x8593
mem[X,0x0000000080028D76] -> 0x3345
[5740] [M]: 0x0000000080028D74 (0x33458593) addi a1, a1, 0x334
x11 <- 0x00000000B504F334
mem[X,0x0000000080028D78] -> 0x0213
mem[X,0x0000000080028D7A] -> 0x0000
[5741] [M]: 0x0000000080028D78 (0x00000213) addi tp, zero, 0x0
x4 <- 0x0000000000000000
mem[X,0x0000000080028D7C] -> 0x006F
mem[X,0x0000000080028D7E] -> 0x0100
[5742] [M]: 0x0000000080028D7C (0x0100006F) jal zero, 0x10
mem[X,0x0000000080028D8C] -> 0x0AE3
mem[X,0x0000000080028D8E] -> 0xFEB5
[5743] [M]: 0x0000000080028D8C (0xFEB50AE3) beq a0, a1, -0xc
mem[X,0x0000000080028D90] -> 0x0213
mem[X,0x0000000080028D92] -> 0x0022
[5744] [M]: 0x0000000080028D90 (0x00220213) addi tp, tp, 0x2
x4 <- 0x0000000000000002
mem[X,0x0000000080028D94] -> 0x006F
mem[X,0x0000000080028D96] -> 0x00C0
[5745] [M]: 0x0000000080028D94 (0x00C0006F) jal zero, 0xc
mem[X,0x0000000080028DA0] -> 0x3C23
mem[X,0x0000000080028DA2] -> 0x3641
[5746] [M]: 0x0000000080028DA0 (0x36413C23) sd tp, 0x378(sp)
mem[0x0000000080048D40] <- 0x0000000000000002
mem[X,0x0000000080028DA4] -> 0x5537
mem[X,0x0000000080028DA6] -> 0x5555
[5747] [M]: 0x0000000080028DA4 (0x55555537) lui a0, 0x55555
x10 <- 0x0000000055555000
mem[X,0x0000000080028DA8] -> 0x0513
mem[X,0x0000000080028DAA] -> 0x5555
[5748] [M]: 0x0000000080028DA8 (0x55550513) addi a0, a0, 0x555
x10 <- 0x0000000055555555
mem[X,0x0000000080028DAC] -> 0x1513
mem[X,0x0000000080028DAE] -> 0x00B5
[5749] [M]: 0x0000000080028DAC (0x00B51513) slli a0, a0, 0xb
x10 <- 0x000002AAAAAAA800
mem[X,0x0000000080028DB0] -> 0x0513
mem[X,0x0000000080028DB2] -> 0x2AA5
[5750] [M]: 0x0000000080028DB0 (0x2AA50513) addi a0, a0, 0x2aa
x10 <- 0x000002AAAAAAAAAA
mem[X,0x0000000080028DB4] -> 0x1513
mem[X,0x0000000080028DB6] -> 0x00B5
[5751] [M]: 0x0000000080028DB4 (0x00B51513) slli a0, a0, 0xb
x10 <- 0x0015555555555000
mem[X,0x0000000080028DB8] -> 0x0513
mem[X,0x0000000080028DBA] -> 0x5555
[5752] [M]: 0x0000000080028DB8 (0x55550513) addi a0, a0, 0x555
x10 <- 0x0015555555555555
mem[X,0x0000000080028DBC] -> 0x1513
mem[X,0x0000000080028DBE] -> 0x00A5
[5753] [M]: 0x0000000080028DBC (0x00A51513) slli a0, a0, 0xa
x10 <- 0x5555555555555400
mem[X,0x0000000080028DC0] -> 0x0513
mem[X,0x0000000080028DC2] -> 0x1545
[5754] [M]: 0x0000000080028DC0 (0x15450513) addi a0, a0, 0x154
x10 <- 0x5555555555555554
mem[X,0x0000000080028DC4] -> 0x0593
mem[X,0x0000000080028DC6] -> 0x0030
[5755] [M]: 0x0000000080028DC4 (0x00300593) addi a1, zero, 0x3
x11 <- 0x0000000000000003
mem[X,0x0000000080028DC8] -> 0x0213
mem[X,0x0000000080028DCA] -> 0x0000
[5756] [M]: 0x0000000080028DC8 (0x00000213) addi tp, zero, 0x0
x4 <- 0x0000000000000000
mem[X,0x0000000080028DCC] -> 0x006F
mem[X,0x0000000080028DCE] -> 0x00C0
[5757] [M]: 0x0000000080028DCC (0x00C0006F) jal zero, 0xc
mem[X,0x0000000080028DD8] -> 0x0CE3
mem[X,0x0000000080028DDA] -> 0xFEB5
[5758] [M]: 0x0000000080028DD8 (0xFEB50CE3) beq a0, a1, -0x8
mem[X,0x0000000080028DDC] -> 0x0213
mem[X,0x0000000080028DDE] -> 0x0022
[5759] [M]: 0x0000000080028DDC (0x00220213) addi tp, tp, 0x2
x4 <- 0x0000000000000002
mem[X,0x0000000080028DE0] -> 0x006F
mem[X,0x0000000080028DE2] -> 0x00C0
[5760] [M]: 0x0000000080028DE0 (0x00C0006F) jal zero, 0xc
mem[X,0x0000000080028DEC] -> 0x3023
mem[X,0x0000000080028DEE] -> 0x3841
[5761] [M]: 0x0000000080028DEC (0x38413023) sd tp, 0x380(sp)
mem[0x0000000080048D48] <- 0x0000000000000002
mem[X,0x0000000080028DF0] -> 0x5537
mem[X,0x0000000080028DF2] -> 0x5555
[5762] [M]: 0x0000000080028DF0 (0x55555537) lui a0, 0x55555
x10 <- 0x0000000055555000
mem[X,0x0000000080028DF4] -> 0x0513
mem[X,0x0000000080028DF6] -> 0x5555
[5763] [M]: 0x0000000080028DF4 (0x55550513) addi a0, a0, 0x555
x10 <- 0x0000000055555555
mem[X,0x0000000080028DF8] -> 0x1513
mem[X,0x0000000080028DFA] -> 0x00B5
[5764] [M]: 0x0000000080028DF8 (0x00B51513) slli a0, a0, 0xb
x10 <- 0x000002AAAAAAA800
mem[X,0x0000000080028DFC] -> 0x0513
mem[X,0x0000000080028DFE] -> 0x2AA5
[5765] [M]: 0x0000000080028DFC (0x2AA50513) addi a0, a0, 0x2aa
x10 <- 0x000002AAAAAAAAAA
mem[X,0x0000000080028E00] -> 0x1513
mem[X,0x0000000080028E02] -> 0x00B5
[5766] [M]: 0x0000000080028E00 (0x00B51513) slli a0, a0, 0xb
x10 <- 0x0015555555555000
mem[X,0x0000000080028E04] -> 0x0513
mem[X,0x0000000080028E06] -> 0x5555
[5767] [M]: 0x0000000080028E04 (0x55550513) addi a0, a0, 0x555
x10 <- 0x0015555555555555
mem[X,0x0000000080028E08] -> 0x1513
mem[X,0x0000000080028E0A] -> 0x00A5
[5768] [M]: 0x0000000080028E08 (0x00A51513) slli a0, a0, 0xa
x10 <- 0x5555555555555400
mem[X,0x0000000080028E0C] -> 0x0513
mem[X,0x0000000080028E0E] -> 0x1545
[5769] [M]: 0x0000000080028E0C (0x15450513) addi a0, a0, 0x154
x10 <- 0x5555555555555554
mem[X,0x0000000080028E10] -> 0x55B7
mem[X,0x0000000080028E12] -> 0x5555
[5770] [M]: 0x0000000080028E10 (0x555555B7) lui a1, 0x55555
x11 <- 0x0000000055555000
mem[X,0x0000000080028E14] -> 0x8593
mem[X,0x0000000080028E16] -> 0x5555
[5771] [M]: 0x0000000080028E14 (0x55558593) addi a1, a1, 0x555
x11 <- 0x0000000055555555
mem[X,0x0000000080028E18] -> 0x9593
mem[X,0x0000000080028E1A] -> 0x00B5
[5772] [M]: 0x0000000080028E18 (0x00B59593) slli a1, a1, 0xb
x11 <- 0x000002AAAAAAA800
mem[X,0x0000000080028E1C] -> 0x8593
mem[X,0x0000000080028E1E] -> 0x2AA5
[5773] [M]: 0x0000000080028E1C (0x2AA58593) addi a1, a1, 0x2aa
x11 <- 0x000002AAAAAAAAAA
mem[X,0x0000000080028E20] -> 0x9593
mem[X,0x0000000080028E22] -> 0x00B5
[5774] [M]: 0x0000000080028E20 (0x00B59593) slli a1, a1, 0xb
x11 <- 0x0015555555555000
mem[X,0x0000000080028E24] -> 0x8593
mem[X,0x0000000080028E26] -> 0x5555
[5775] [M]: 0x0000000080028E24 (0x55558593) addi a1, a1, 0x555
x11 <- 0x0015555555555555
mem[X,0x0000000080028E28] -> 0x9593
mem[X,0x0000000080028E2A] -> 0x00A5
[5776] [M]: 0x0000000080028E28 (0x00A59593) slli a1, a1, 0xa
x11 <- 0x5555555555555400
mem[X,0x0000000080028E2C] -> 0x8593
mem[X,0x0000000080028E2E] -> 0x1555
[5777] [M]: 0x0000000080028E2C (0x15558593) addi a1, a1, 0x155
x11 <- 0x5555555555555555
mem[X,0x0000000080028E30] -> 0x0213
mem[X,0x0000000080028E32] -> 0x0000
[5778] [M]: 0x0000000080028E30 (0x00000213) addi tp, zero, 0x0
x4 <- 0x0000000000000000
mem[X,0x0000000080028E34] -> 0x006F
mem[X,0x0000000080028E36] -> 0x00C0
[5779] [M]: 0x0000000080028E34 (0x00C0006F) jal zero, 0xc
mem[X,0x0000000080028E40] -> 0x0063
mem[X,0x0000000080028E42] -> 0x20B5
[5780] [M]: 0x0000000080028E40 (0x20B50063) beq a0, a1, 0x200
mem[X,0x0000000080028E44] -> 0x0213
mem[X,0x0000000080028E46] -> 0x0022
[5781] [M]: 0x0000000080028E44 (0x00220213) addi tp, tp, 0x2
x4 <- 0x0000000000000002
mem[X,0x0000000080028E48] -> 0x006F
mem[X,0x0000000080028E4A] -> 0x2000
[5782] [M]: 0x0000000080028E48 (0x2000006F) jal zero, 0x200
mem[X,0x0000000080029048] -> 0x3423
mem[X,0x000000008002904A] -> 0x3841
[5783] [M]: 0x0000000080029048 (0x38413423) sd tp, 0x388(sp)
mem[0x0000000080048D50] <- 0x0000000000000002
mem[X,0x000000008002904C] -> 0x5537
mem[X,0x000000008002904E] -> 0x5555
[5784] [M]: 0x000000008002904C (0x55555537) lui a0, 0x55555
x10 <- 0x0000000055555000
mem[X,0x0000000080029050] -> 0x0513
mem[X,0x0000000080029052] -> 0x5555
[5785] [M]: 0x0000000080029050 (0x55550513) addi a0, a0, 0x555
x10 <- 0x0000000055555555
mem[X,0x0000000080029054] -> 0x1513
mem[X,0x0000000080029056] -> 0x00B5
[5786] [M]: 0x0000000080029054 (0x00B51513) slli a0, a0, 0xb
x10 <- 0x000002AAAAAAA800
mem[X,0x0000000080029058] -> 0x0513
mem[X,0x000000008002905A] -> 0x2AA5
[5787] [M]: 0x0000000080029058 (0x2AA50513) addi a0, a0, 0x2aa
x10 <- 0x000002AAAAAAAAAA
mem[X,0x000000008002905C] -> 0x1513
mem[X,0x000000008002905E] -> 0x00B5
[5788] [M]: 0x000000008002905C (0x00B51513) slli a0, a0, 0xb
x10 <- 0x0015555555555000
mem[X,0x0000000080029060] -> 0x0513
mem[X,0x0000000080029062] -> 0x5555
[5789] [M]: 0x0000000080029060 (0x55550513) addi a0, a0, 0x555
x10 <- 0x0015555555555555
mem[X,0x0000000080029064] -> 0x1513
mem[X,0x0000000080029066] -> 0x00A5
[5790] [M]: 0x0000000080029064 (0x00A51513) slli a0, a0, 0xa
x10 <- 0x5555555555555400
mem[X,0x0000000080029068] -> 0x0513
mem[X,0x000000008002906A] -> 0x1545
[5791] [M]: 0x0000000080029068 (0x15450513) addi a0, a0, 0x154
x10 <- 0x5555555555555554
mem[X,0x000000008002906C] -> 0xB5B7
mem[X,0x000000008002906E] -> 0xAAAA
[5792] [M]: 0x000000008002906C (0xAAAAB5B7) lui a1, -0x55555
x11 <- 0xFFFFFFFFAAAAB000
mem[X,0x0000000080029070] -> 0x8593
mem[X,0x0000000080029072] -> 0xAAA5
[5793] [M]: 0x0000000080029070 (0xAAA58593) addi a1, a1, -0x556
x11 <- 0xFFFFFFFFAAAAAAAA
mem[X,0x0000000080029074] -> 0x9593
mem[X,0x0000000080029076] -> 0x00B5
[5794] [M]: 0x0000000080029074 (0x00B59593) slli a1, a1, 0xb
x11 <- 0xFFFFFD5555555000
mem[X,0x0000000080029078] -> 0x8593
mem[X,0x000000008002907A] -> 0x5555
[5795] [M]: 0x0000000080029078 (0x55558593) addi a1, a1, 0x555
x11 <- 0xFFFFFD5555555555
mem[X,0x000000008002907C] -> 0x9593
mem[X,0x000000008002907E] -> 0x00B5
[5796] [M]: 0x000000008002907C (0x00B59593) slli a1, a1, 0xb
x11 <- 0xFFEAAAAAAAAAA800
mem[X,0x0000000080029080] -> 0x8593
mem[X,0x0000000080029082] -> 0x2AA5
[5797] [M]: 0x0000000080029080 (0x2AA58593) addi a1, a1, 0x2aa
x11 <- 0xFFEAAAAAAAAAAAAA
mem[X,0x0000000080029084] -> 0x9593
mem[X,0x0000000080029086] -> 0x00A5
[5798] [M]: 0x0000000080029084 (0x00A59593) slli a1, a1, 0xa
x11 <- 0xAAAAAAAAAAAAA800
mem[X,0x0000000080029088] -> 0x8593
mem[X,0x000000008002908A] -> 0x2AA5
[5799] [M]: 0x0000000080029088 (0x2AA58593) addi a1, a1, 0x2aa
x11 <- 0xAAAAAAAAAAAAAAAA
clint::tick mtime <- 0x000000000000003A
 clint timer pending at mtime 0x000000000000003A
htif::tick 0x0000000000000000
mem[X,0x000000008002908C] -> 0x0213
mem[X,0x000000008002908E] -> 0x0000
[5800] [M]: 0x000000008002908C (0x00000213) addi tp, zero, 0x0
x4 <- 0x0000000000000000
mem[X,0x0000000080029090] -> 0x006F
mem[X,0x0000000080029092] -> 0x00C0
[5801] [M]: 0x0000000080029090 (0x00C0006F) jal zero, 0xc
mem[X,0x000000008002909C] -> 0x0063
mem[X,0x000000008002909E] -> 0x40B5
[5802] [M]: 0x000000008002909C (0x40B50063) beq a0, a1, 0x400
mem[X,0x00000000800290A0] -> 0x0213
mem[X,0x00000000800290A2] -> 0x0022
[5803] [M]: 0x00000000800290A0 (0x00220213) addi tp, tp, 0x2
x4 <- 0x0000000000000002
mem[X,0x00000000800290A4] -> 0x006F
mem[X,0x00000000800290A6] -> 0x4000
[5804] [M]: 0x00000000800290A4 (0x4000006F) jal zero, 0x400
mem[X,0x00000000800294A4] -> 0x3823
mem[X,0x00000000800294A6] -> 0x3841
[5805] [M]: 0x00000000800294A4 (0x38413823) sd tp, 0x390(sp)
mem[0x0000000080048D58] <- 0x0000000000000002
mem[X,0x00000000800294A8] -> 0x5537
mem[X,0x00000000800294AA] -> 0x5555
[5806] [M]: 0x00000000800294A8 (0x55555537) lui a0, 0x55555
x10 <- 0x0000000055555000
mem[X,0x00000000800294AC] -> 0x0513
mem[X,0x00000000800294AE] -> 0x5555
[5807] [M]: 0x00000000800294AC (0x55550513) addi a0, a0, 0x555
x10 <- 0x0000000055555555
mem[X,0x00000000800294B0] -> 0x1513
mem[X,0x00000000800294B2] -> 0x00B5
[5808] [M]: 0x00000000800294B0 (0x00B51513) slli a0, a0, 0xb
x10 <- 0x000002AAAAAAA800
mem[X,0x00000000800294B4] -> 0x0513
mem[X,0x00000000800294B6] -> 0x2AA5
[5809] [M]: 0x00000000800294B4 (0x2AA50513) addi a0, a0, 0x2aa
x10 <- 0x000002AAAAAAAAAA
mem[X,0x00000000800294B8] -> 0x1513
mem[X,0x00000000800294BA] -> 0x00B5
[5810] [M]: 0x00000000800294B8 (0x00B51513) slli a0, a0, 0xb
x10 <- 0x0015555555555000
mem[X,0x00000000800294BC] -> 0x0513
mem[X,0x00000000800294BE] -> 0x5555
[5811] [M]: 0x00000000800294BC (0x55550513) addi a0, a0, 0x555
x10 <- 0x0015555555555555
mem[X,0x00000000800294C0] -> 0x1513
mem[X,0x00000000800294C2] -> 0x00A5
[5812] [M]: 0x00000000800294C0 (0x00A51513) slli a0, a0, 0xa
x10 <- 0x5555555555555400
mem[X,0x00000000800294C4] -> 0x0513
mem[X,0x00000000800294C6] -> 0x1545
[5813] [M]: 0x00000000800294C4 (0x15450513) addi a0, a0, 0x154
x10 <- 0x5555555555555554
mem[X,0x00000000800294C8] -> 0x0593
mem[X,0x00000000800294CA] -> 0x0050
[5814] [M]: 0x00000000800294C8 (0x00500593) addi a1, zero, 0x5
x11 <- 0x0000000000000005
mem[X,0x00000000800294CC] -> 0x0213
mem[X,0x00000000800294CE] -> 0x0000
[5815] [M]: 0x00000000800294CC (0x00000213) addi tp, zero, 0x0
x4 <- 0x0000000000000000
mem[X,0x00000000800294D0] -> 0x006F
mem[X,0x00000000800294D2] -> 0x2B10
[5816] [M]: 0x00000000800294D0 (0x2B10006F) jal zero, 0xab0
mem[X,0x0000000080029F80] -> 0x0A63
mem[X,0x0000000080029F82] -> 0xD4B5
[5817] [M]: 0x0000000080029F80 (0xD4B50A63) beq a0, a1, -0xaac
mem[X,0x0000000080029F84] -> 0x0213
mem[X,0x0000000080029F86] -> 0x0022
[5818] [M]: 0x0000000080029F84 (0x00220213) addi tp, tp, 0x2
x4 <- 0x0000000000000002
mem[X,0x0000000080029F88] -> 0x006F
mem[X,0x0000000080029F8A] -> 0x00C0
[5819] [M]: 0x0000000080029F88 (0x00C0006F) jal zero, 0xc
mem[X,0x0000000080029F94] -> 0x3C23
mem[X,0x0000000080029F96] -> 0x3841
[5820] [M]: 0x0000000080029F94 (0x38413C23) sd tp, 0x398(sp)
mem[0x0000000080048D60] <- 0x0000000000000002
mem[X,0x0000000080029F98] -> 0x5537
mem[X,0x0000000080029F9A] -> 0x5555
[5821] [M]: 0x0000000080029F98 (0x55555537) lui a0, 0x55555
x10 <- 0x0000000055555000
mem[X,0x0000000080029F9C] -> 0x0513
mem[X,0x0000000080029F9E] -> 0x5555
[5822] [M]: 0x0000000080029F9C (0x55550513) addi a0, a0, 0x555
x10 <- 0x0000000055555555
mem[X,0x0000000080029FA0] -> 0x1513
mem[X,0x0000000080029FA2] -> 0x00B5
[5823] [M]: 0x0000000080029FA0 (0x00B51513) slli a0, a0, 0xb
x10 <- 0x000002AAAAAAA800
mem[X,0x0000000080029FA4] -> 0x0513
mem[X,0x0000000080029FA6] -> 0x2AA5
[5824] [M]: 0x0000000080029FA4 (0x2AA50513) addi a0, a0, 0x2aa
x10 <- 0x000002AAAAAAAAAA
mem[X,0x0000000080029FA8] -> 0x1513
mem[X,0x0000000080029FAA] -> 0x00B5
[5825] [M]: 0x0000000080029FA8 (0x00B51513) slli a0, a0, 0xb
x10 <- 0x0015555555555000
mem[X,0x0000000080029FAC] -> 0x0513
mem[X,0x0000000080029FAE] -> 0x5555
[5826] [M]: 0x0000000080029FAC (0x55550513) addi a0, a0, 0x555
x10 <- 0x0015555555555555
mem[X,0x0000000080029FB0] -> 0x1513
mem[X,0x0000000080029FB2] -> 0x00A5
[5827] [M]: 0x0000000080029FB0 (0x00A51513) slli a0, a0, 0xa
x10 <- 0x5555555555555400
mem[X,0x0000000080029FB4] -> 0x0513
mem[X,0x0000000080029FB6] -> 0x1545
[5828] [M]: 0x0000000080029FB4 (0x15450513) addi a0, a0, 0x154
x10 <- 0x5555555555555554
mem[X,0x0000000080029FB8] -> 0x35B7
mem[X,0x0000000080029FBA] -> 0x3333
[5829] [M]: 0x0000000080029FB8 (0x333335B7) lui a1, 0x33333
x11 <- 0x0000000033333000
mem[X,0x0000000080029FBC] -> 0x8593
mem[X,0x0000000080029FBE] -> 0x3335
[5830] [M]: 0x0000000080029FBC (0x33358593) addi a1, a1, 0x333
x11 <- 0x0000000033333333
mem[X,0x0000000080029FC0] -> 0x9593
mem[X,0x0000000080029FC2] -> 0x00B5
[5831] [M]: 0x0000000080029FC0 (0x00B59593) slli a1, a1, 0xb
x11 <- 0x0000019999999800
mem[X,0x0000000080029FC4] -> 0x8593
mem[X,0x0000000080029FC6] -> 0x1995
[5832] [M]: 0x0000000080029FC4 (0x19958593) addi a1, a1, 0x199
x11 <- 0x0000019999999999
mem[X,0x0000000080029FC8] -> 0x9593
mem[X,0x0000000080029FCA] -> 0x00B5
[5833] [M]: 0x0000000080029FC8 (0x00B59593) slli a1, a1, 0xb
x11 <- 0x000CCCCCCCCCC800
mem[X,0x0000000080029FCC] -> 0x8593
mem[X,0x0000000080029FCE] -> 0x4CC5
[5834] [M]: 0x0000000080029FCC (0x4CC58593) addi a1, a1, 0x4cc
x11 <- 0x000CCCCCCCCCCCCC
mem[X,0x0000000080029FD0] -> 0x9593
mem[X,0x0000000080029FD2] -> 0x00A5
[5835] [M]: 0x0000000080029FD0 (0x00A59593) slli a1, a1, 0xa
x11 <- 0x3333333333333000
mem[X,0x0000000080029FD4] -> 0x8593
mem[X,0x0000000080029FD6] -> 0x3335
[5836] [M]: 0x0000000080029FD4 (0x33358593) addi a1, a1, 0x333
x11 <- 0x3333333333333333
mem[X,0x0000000080029FD8] -> 0x0213
mem[X,0x0000000080029FDA] -> 0x0000
[5837] [M]: 0x0000000080029FD8 (0x00000213) addi tp, zero, 0x0
x4 <- 0x0000000000000000
mem[X,0x0000000080029FDC] -> 0x006F
mem[X,0x0000000080029FDE] -> 0x0100
[5838] [M]: 0x0000000080029FDC (0x0100006F) jal zero, 0x10
mem[X,0x0000000080029FEC] -> 0x0AE3
mem[X,0x0000000080029FEE] -> 0xFEB5
[5839] [M]: 0x0000000080029FEC (0xFEB50AE3) beq a0, a1, -0xc
mem[X,0x0000000080029FF0] -> 0x0213
mem[X,0x0000000080029FF2] -> 0x0022
[5840] [M]: 0x0000000080029FF0 (0x00220213) addi tp, tp, 0x2
x4 <- 0x0000000000000002
mem[X,0x0000000080029FF4] -> 0x006F
mem[X,0x0000000080029FF6] -> 0x00C0
[5841] [M]: 0x0000000080029FF4 (0x00C0006F) jal zero, 0xc
mem[X,0x000000008002A000] -> 0x3023
mem[X,0x000000008002A002] -> 0x3A41
[5842] [M]: 0x000000008002A000 (0x3A413023) sd tp, 0x3a0(sp)
mem[0x0000000080048D68] <- 0x0000000000000002
mem[X,0x000000008002A004] -> 0x5537
mem[X,0x000000008002A006] -> 0x5555
[5843] [M]: 0x000000008002A004 (0x55555537) lui a0, 0x55555
x10 <- 0x0000000055555000
mem[X,0x000000008002A008] -> 0x0513
mem[X,0x000000008002A00A] -> 0x5555
[5844] [M]: 0x000000008002A008 (0x55550513) addi a0, a0, 0x555
x10 <- 0x0000000055555555
mem[X,0x000000008002A00C] -> 0x1513
mem[X,0x000000008002A00E] -> 0x00B5
[5845] [M]: 0x000000008002A00C (0x00B51513) slli a0, a0, 0xb
x10 <- 0x000002AAAAAAA800
mem[X,0x000000008002A010] -> 0x0513
mem[X,0x000000008002A012] -> 0x2AA5
[5846] [M]: 0x000000008002A010 (0x2AA50513) addi a0, a0, 0x2aa
x10 <- 0x000002AAAAAAAAAA
mem[X,0x000000008002A014] -> 0x1513
mem[X,0x000000008002A016] -> 0x00B5
[5847] [M]: 0x000000008002A014 (0x00B51513) slli a0, a0, 0xb
x10 <- 0x0015555555555000
mem[X,0x000000008002A018] -> 0x0513
mem[X,0x000000008002A01A] -> 0x5555
[5848] [M]: 0x000000008002A018 (0x55550513) addi a0, a0, 0x555
x10 <- 0x0015555555555555
mem[X,0x000000008002A01C] -> 0x1513
mem[X,0x000000008002A01E] -> 0x00A5
[5849] [M]: 0x000000008002A01C (0x00A51513) slli a0, a0, 0xa
x10 <- 0x5555555555555400
mem[X,0x000000008002A020] -> 0x0513
mem[X,0x000000008002A022] -> 0x1545
[5850] [M]: 0x000000008002A020 (0x15450513) addi a0, a0, 0x154
x10 <- 0x5555555555555554
mem[X,0x000000008002A024] -> 0x65B7
mem[X,0x000000008002A026] -> 0x6666
[5851] [M]: 0x000000008002A024 (0x666665B7) lui a1, 0x66666
x11 <- 0x0000000066666000
mem[X,0x000000008002A028] -> 0x8593
mem[X,0x000000008002A02A] -> 0x6665
[5852] [M]: 0x000000008002A028 (0x66658593) addi a1, a1, 0x666
x11 <- 0x0000000066666666
mem[X,0x000000008002A02C] -> 0x9593
mem[X,0x000000008002A02E] -> 0x00B5
[5853] [M]: 0x000000008002A02C (0x00B59593) slli a1, a1, 0xb
x11 <- 0x0000033333333000
mem[X,0x000000008002A030] -> 0x8593
mem[X,0x000000008002A032] -> 0x3335
[5854] [M]: 0x000000008002A030 (0x33358593) addi a1, a1, 0x333
x11 <- 0x0000033333333333
mem[X,0x000000008002A034] -> 0x9593
mem[X,0x000000008002A036] -> 0x00B5
[5855] [M]: 0x000000008002A034 (0x00B59593) slli a1, a1, 0xb
x11 <- 0x0019999999999800
mem[X,0x000000008002A038] -> 0x8593
mem[X,0x000000008002A03A] -> 0x1995
[5856] [M]: 0x000000008002A038 (0x19958593) addi a1, a1, 0x199
x11 <- 0x0019999999999999
mem[X,0x000000008002A03C] -> 0x9593
mem[X,0x000000008002A03E] -> 0x00A5
[5857] [M]: 0x000000008002A03C (0x00A59593) slli a1, a1, 0xa
x11 <- 0x6666666666666400
mem[X,0x000000008002A040] -> 0x8593
mem[X,0x000000008002A042] -> 0x2665
[5858] [M]: 0x000000008002A040 (0x26658593) addi a1, a1, 0x266
x11 <- 0x6666666666666666
mem[X,0x000000008002A044] -> 0x0213
mem[X,0x000000008002A046] -> 0x0000
[5859] [M]: 0x000000008002A044 (0x00000213) addi tp, zero, 0x0
x4 <- 0x0000000000000000
mem[X,0x000000008002A048] -> 0x006F
mem[X,0x000000008002A04A] -> 0x0180
[5860] [M]: 0x000000008002A048 (0x0180006F) jal zero, 0x18
mem[X,0x000000008002A060] -> 0x06E3
mem[X,0x000000008002A062] -> 0xFEB5
[5861] [M]: 0x000000008002A060 (0xFEB506E3) beq a0, a1, -0x14
mem[X,0x000000008002A064] -> 0x0213
mem[X,0x000000008002A066] -> 0x0022
[5862] [M]: 0x000000008002A064 (0x00220213) addi tp, tp, 0x2
x4 <- 0x0000000000000002
mem[X,0x000000008002A068] -> 0x006F
mem[X,0x000000008002A06A] -> 0x00C0
[5863] [M]: 0x000000008002A068 (0x00C0006F) jal zero, 0xc
mem[X,0x000000008002A074] -> 0x3423
mem[X,0x000000008002A076] -> 0x3A41
[5864] [M]: 0x000000008002A074 (0x3A413423) sd tp, 0x3a8(sp)
mem[0x0000000080048D70] <- 0x0000000000000002
mem[X,0x000000008002A078] -> 0x5537
mem[X,0x000000008002A07A] -> 0x5555
[5865] [M]: 0x000000008002A078 (0x55555537) lui a0, 0x55555
x10 <- 0x0000000055555000
mem[X,0x000000008002A07C] -> 0x0513
mem[X,0x000000008002A07E] -> 0x5555
[5866] [M]: 0x000000008002A07C (0x55550513) addi a0, a0, 0x555
x10 <- 0x0000000055555555
mem[X,0x000000008002A080] -> 0x1513
mem[X,0x000000008002A082] -> 0x00B5
[5867] [M]: 0x000000008002A080 (0x00B51513) slli a0, a0, 0xb
x10 <- 0x000002AAAAAAA800
mem[X,0x000000008002A084] -> 0x0513
mem[X,0x000000008002A086] -> 0x2AA5
[5868] [M]: 0x000000008002A084 (0x2AA50513) addi a0, a0, 0x2aa
x10 <- 0x000002AAAAAAAAAA
mem[X,0x000000008002A088] -> 0x1513
mem[X,0x000000008002A08A] -> 0x00B5
[5869] [M]: 0x000000008002A088 (0x00B51513) slli a0, a0, 0xb
x10 <- 0x0015555555555000
mem[X,0x000000008002A08C] -> 0x0513
mem[X,0x000000008002A08E] -> 0x5555
[5870] [M]: 0x000000008002A08C (0x55550513) addi a0, a0, 0x555
x10 <- 0x0015555555555555
mem[X,0x000000008002A090] -> 0x1513
mem[X,0x000000008002A092] -> 0x00A5
[5871] [M]: 0x000000008002A090 (0x00A51513) slli a0, a0, 0xa
x10 <- 0x5555555555555400
mem[X,0x000000008002A094] -> 0x0513
mem[X,0x000000008002A096] -> 0x1545
[5872] [M]: 0x000000008002A094 (0x15450513) addi a0, a0, 0x154
x10 <- 0x5555555555555554
mem[X,0x000000008002A098] -> 0x05B7
mem[X,0x000000008002A09A] -> 0x0000
[5873] [M]: 0x000000008002A098 (0x000005B7) lui a1, 0x0
x11 <- 0x0000000000000000
mem[X,0x000000008002A09C] -> 0x8593
mem[X,0x000000008002A09E] -> 0xFFF5
[5874] [M]: 0x000000008002A09C (0xFFF58593) addi a1, a1, -0x1
x11 <- 0xFFFFFFFFFFFFFFFF
mem[X,0x000000008002A0A0] -> 0x9593
mem[X,0x000000008002A0A2] -> 0x00B5
[5875] [M]: 0x000000008002A0A0 (0x00B59593) slli a1, a1, 0xb
x11 <- 0xFFFFFFFFFFFFF800
mem[X,0x000000008002A0A4] -> 0x8593
mem[X,0x000000008002A0A6] -> 0x2575
[5876] [M]: 0x000000008002A0A4 (0x25758593) addi a1, a1, 0x257
x11 <- 0xFFFFFFFFFFFFFA57
mem[X,0x000000008002A0A8] -> 0x9593
mem[X,0x000000008002A0AA] -> 0x00B5
[5877] [M]: 0x000000008002A0A8 (0x00B59593) slli a1, a1, 0xb
x11 <- 0xFFFFFFFFFFD2B800
mem[X,0x000000008002A0AC] -> 0x8593
mem[X,0x000000008002A0AE] -> 0x6C35
[5878] [M]: 0x000000008002A0AC (0x6C358593) addi a1, a1, 0x6c3
x11 <- 0xFFFFFFFFFFD2BEC3
mem[X,0x000000008002A0B0] -> 0x9593
mem[X,0x000000008002A0B2] -> 0x00A5
[5879] [M]: 0x000000008002A0B0 (0x00A59593) slli a1, a1, 0xa
x11 <- 0xFFFFFFFF4AFB0C00
mem[X,0x000000008002A0B4] -> 0x8593
mem[X,0x000000008002A0B6] -> 0x0CD5
[5880] [M]: 0x000000008002A0B4 (0x0CD58593) addi a1, a1, 0xcd
x11 <- 0xFFFFFFFF4AFB0CCD
mem[X,0x000000008002A0B8] -> 0x0213
mem[X,0x000000008002A0BA] -> 0x0000
[5881] [M]: 0x000000008002A0B8 (0x00000213) addi tp, zero, 0x0
x4 <- 0x0000000000000000
mem[X,0x000000008002A0BC] -> 0x006F
mem[X,0x000000008002A0BE] -> 0x00C0
[5882] [M]: 0x000000008002A0BC (0x00C0006F) jal zero, 0xc
mem[X,0x000000008002A0C8] -> 0x0063
mem[X,0x000000008002A0CA] -> 0x10B5
[5883] [M]: 0x000000008002A0C8 (0x10B50063) beq a0, a1, 0x100
mem[X,0x000000008002A0CC] -> 0x0213
mem[X,0x000000008002A0CE] -> 0x0022
[5884] [M]: 0x000000008002A0CC (0x00220213) addi tp, tp, 0x2
x4 <- 0x0000000000000002
mem[X,0x000000008002A0D0] -> 0x006F
mem[X,0x000000008002A0D2] -> 0x1000
[5885] [M]: 0x000000008002A0D0 (0x1000006F) jal zero, 0x100
mem[X,0x000000008002A1D0] -> 0x3823
mem[X,0x000000008002A1D2] -> 0x3A41
[5886] [M]: 0x000000008002A1D0 (0x3A413823) sd tp, 0x3b0(sp)
mem[0x0000000080048D78] <- 0x0000000000000002
mem[X,0x000000008002A1D4] -> 0x5537
mem[X,0x000000008002A1D6] -> 0x5555
[5887] [M]: 0x000000008002A1D4 (0x55555537) lui a0, 0x55555
x10 <- 0x0000000055555000
mem[X,0x000000008002A1D8] -> 0x0513
mem[X,0x000000008002A1DA] -> 0x5555
[5888] [M]: 0x000000008002A1D8 (0x55550513) addi a0, a0, 0x555
x10 <- 0x0000000055555555
mem[X,0x000000008002A1DC] -> 0x1513
mem[X,0x000000008002A1DE] -> 0x00B5
[5889] [M]: 0x000000008002A1DC (0x00B51513) slli a0, a0, 0xb
x10 <- 0x000002AAAAAAA800
mem[X,0x000000008002A1E0] -> 0x0513
mem[X,0x000000008002A1E2] -> 0x2AA5
[5890] [M]: 0x000000008002A1E0 (0x2AA50513) addi a0, a0, 0x2aa
x10 <- 0x000002AAAAAAAAAA
mem[X,0x000000008002A1E4] -> 0x1513
mem[X,0x000000008002A1E6] -> 0x00B5
[5891] [M]: 0x000000008002A1E4 (0x00B51513) slli a0, a0, 0xb
x10 <- 0x0015555555555000
mem[X,0x000000008002A1E8] -> 0x0513
mem[X,0x000000008002A1EA] -> 0x5555
[5892] [M]: 0x000000008002A1E8 (0x55550513) addi a0, a0, 0x555
x10 <- 0x0015555555555555
mem[X,0x000000008002A1EC] -> 0x1513
mem[X,0x000000008002A1EE] -> 0x00A5
[5893] [M]: 0x000000008002A1EC (0x00A51513) slli a0, a0, 0xa
x10 <- 0x5555555555555400
mem[X,0x000000008002A1F0] -> 0x0513
mem[X,0x000000008002A1F2] -> 0x1545
[5894] [M]: 0x000000008002A1F0 (0x15450513) addi a0, a0, 0x154
x10 <- 0x5555555555555554
mem[X,0x000000008002A1F4] -> 0x05B7
mem[X,0x000000008002A1F6] -> 0x0000
[5895] [M]: 0x000000008002A1F4 (0x000005B7) lui a1, 0x0
x11 <- 0x0000000000000000
mem[X,0x000000008002A1F8] -> 0x8593
mem[X,0x000000008002A1FA] -> 0x0005
[5896] [M]: 0x000000008002A1F8 (0x00058593) addi a1, a1, 0x0
x11 <- 0x0000000000000000
mem[X,0x000000008002A1FC] -> 0x9593
mem[X,0x000000008002A1FE] -> 0x00B5
[5897] [M]: 0x000000008002A1FC (0x00B59593) slli a1, a1, 0xb
x11 <- 0x0000000000000000
mem[X,0x000000008002A200] -> 0x8593
mem[X,0x000000008002A202] -> 0x5A85
[5898] [M]: 0x000000008002A200 (0x5A858593) addi a1, a1, 0x5a8
x11 <- 0x00000000000005A8
mem[X,0x000000008002A204] -> 0x9593
mem[X,0x000000008002A206] -> 0x00B5
[5899] [M]: 0x000000008002A204 (0x00B59593) slli a1, a1, 0xb
x11 <- 0x00000000002D4000
clint::tick mtime <- 0x000000000000003B
 clint timer pending at mtime 0x000000000000003B
htif::tick 0x0000000000000000
mem[X,0x000000008002A208] -> 0x8593
mem[X,0x000000008002A20A] -> 0x13C5
[5900] [M]: 0x000000008002A208 (0x13C58593) addi a1, a1, 0x13c
x11 <- 0x00000000002D413C
mem[X,0x000000008002A20C] -> 0x9593
mem[X,0x000000008002A20E] -> 0x00A5
[5901] [M]: 0x000000008002A20C (0x00A59593) slli a1, a1, 0xa
x11 <- 0x00000000B504F000
mem[X,0x000000008002A210] -> 0x8593
mem[X,0x000000008002A212] -> 0x3335
[5902] [M]: 0x000000008002A210 (0x33358593) addi a1, a1, 0x333
x11 <- 0x00000000B504F333
mem[X,0x000000008002A214] -> 0x0213
mem[X,0x000000008002A216] -> 0x0000
[5903] [M]: 0x000000008002A214 (0x00000213) addi tp, zero, 0x0
x4 <- 0x0000000000000000
mem[X,0x000000008002A218] -> 0x006F
mem[X,0x000000008002A21A] -> 0x00C0
[5904] [M]: 0x000000008002A218 (0x00C0006F) jal zero, 0xc
mem[X,0x000000008002A224] -> 0x0663
mem[X,0x000000008002A226] -> 0x00B5
[5905] [M]: 0x000000008002A224 (0x00B50663) beq a0, a1, 0xc
mem[X,0x000000008002A228] -> 0x0213
mem[X,0x000000008002A22A] -> 0x0022
[5906] [M]: 0x000000008002A228 (0x00220213) addi tp, tp, 0x2
x4 <- 0x0000000000000002
mem[X,0x000000008002A22C] -> 0x006F
mem[X,0x000000008002A22E] -> 0x00C0
[5907] [M]: 0x000000008002A22C (0x00C0006F) jal zero, 0xc
mem[X,0x000000008002A238] -> 0x3C23
mem[X,0x000000008002A23A] -> 0x3A41
[5908] [M]: 0x000000008002A238 (0x3A413C23) sd tp, 0x3b8(sp)
mem[0x0000000080048D80] <- 0x0000000000000002
mem[X,0x000000008002A23C] -> 0x5537
mem[X,0x000000008002A23E] -> 0x5555
[5909] [M]: 0x000000008002A23C (0x55555537) lui a0, 0x55555
x10 <- 0x0000000055555000
mem[X,0x000000008002A240] -> 0x0513
mem[X,0x000000008002A242] -> 0x5555
[5910] [M]: 0x000000008002A240 (0x55550513) addi a0, a0, 0x555
x10 <- 0x0000000055555555
mem[X,0x000000008002A244] -> 0x1513
mem[X,0x000000008002A246] -> 0x00B5
[5911] [M]: 0x000000008002A244 (0x00B51513) slli a0, a0, 0xb
x10 <- 0x000002AAAAAAA800
mem[X,0x000000008002A248] -> 0x0513
mem[X,0x000000008002A24A] -> 0x2AA5
[5912] [M]: 0x000000008002A248 (0x2AA50513) addi a0, a0, 0x2aa
x10 <- 0x000002AAAAAAAAAA
mem[X,0x000000008002A24C] -> 0x1513
mem[X,0x000000008002A24E] -> 0x00B5
[5913] [M]: 0x000000008002A24C (0x00B51513) slli a0, a0, 0xb
x10 <- 0x0015555555555000
mem[X,0x000000008002A250] -> 0x0513
mem[X,0x000000008002A252] -> 0x5555
[5914] [M]: 0x000000008002A250 (0x55550513) addi a0, a0, 0x555
x10 <- 0x0015555555555555
mem[X,0x000000008002A254] -> 0x1513
mem[X,0x000000008002A256] -> 0x00A5
[5915] [M]: 0x000000008002A254 (0x00A51513) slli a0, a0, 0xa
x10 <- 0x5555555555555400
mem[X,0x000000008002A258] -> 0x0513
mem[X,0x000000008002A25A] -> 0x1545
[5916] [M]: 0x000000008002A258 (0x15450513) addi a0, a0, 0x154
x10 <- 0x5555555555555554
mem[X,0x000000008002A25C] -> 0x0593
mem[X,0x000000008002A25E] -> 0x0020
[5917] [M]: 0x000000008002A25C (0x00200593) addi a1, zero, 0x2
x11 <- 0x0000000000000002
mem[X,0x000000008002A260] -> 0x0213
mem[X,0x000000008002A262] -> 0x0000
[5918] [M]: 0x000000008002A260 (0x00000213) addi tp, zero, 0x0
x4 <- 0x0000000000000000
mem[X,0x000000008002A264] -> 0x006F
mem[X,0x000000008002A266] -> 0x00C0
[5919] [M]: 0x000000008002A264 (0x00C0006F) jal zero, 0xc
mem[X,0x000000008002A270] -> 0x0663
mem[X,0x000000008002A272] -> 0x00B5
[5920] [M]: 0x000000008002A270 (0x00B50663) beq a0, a1, 0xc
mem[X,0x000000008002A274] -> 0x0213
mem[X,0x000000008002A276] -> 0x0022
[5921] [M]: 0x000000008002A274 (0x00220213) addi tp, tp, 0x2
x4 <- 0x0000000000000002
mem[X,0x000000008002A278] -> 0x006F
mem[X,0x000000008002A27A] -> 0x00C0
[5922] [M]: 0x000000008002A278 (0x00C0006F) jal zero, 0xc
mem[X,0x000000008002A284] -> 0x3023
mem[X,0x000000008002A286] -> 0x3C41
[5923] [M]: 0x000000008002A284 (0x3C413023) sd tp, 0x3c0(sp)
mem[0x0000000080048D88] <- 0x0000000000000002
mem[X,0x000000008002A288] -> 0x5537
mem[X,0x000000008002A28A] -> 0x5555
[5924] [M]: 0x000000008002A288 (0x55555537) lui a0, 0x55555
x10 <- 0x0000000055555000
mem[X,0x000000008002A28C] -> 0x0513
mem[X,0x000000008002A28E] -> 0x5555
[5925] [M]: 0x000000008002A28C (0x55550513) addi a0, a0, 0x555
x10 <- 0x0000000055555555
mem[X,0x000000008002A290] -> 0x1513
mem[X,0x000000008002A292] -> 0x00B5
[5926] [M]: 0x000000008002A290 (0x00B51513) slli a0, a0, 0xb
x10 <- 0x000002AAAAAAA800
mem[X,0x000000008002A294] -> 0x0513
mem[X,0x000000008002A296] -> 0x2AA5
[5927] [M]: 0x000000008002A294 (0x2AA50513) addi a0, a0, 0x2aa
x10 <- 0x000002AAAAAAAAAA
mem[X,0x000000008002A298] -> 0x1513
mem[X,0x000000008002A29A] -> 0x00B5
[5928] [M]: 0x000000008002A298 (0x00B51513) slli a0, a0, 0xb
x10 <- 0x0015555555555000
mem[X,0x000000008002A29C] -> 0x0513
mem[X,0x000000008002A29E] -> 0x5555
[5929] [M]: 0x000000008002A29C (0x55550513) addi a0, a0, 0x555
x10 <- 0x0015555555555555
mem[X,0x000000008002A2A0] -> 0x1513
mem[X,0x000000008002A2A2] -> 0x00A5
[5930] [M]: 0x000000008002A2A0 (0x00A51513) slli a0, a0, 0xa
x10 <- 0x5555555555555400
mem[X,0x000000008002A2A4] -> 0x0513
mem[X,0x000000008002A2A6] -> 0x1545
[5931] [M]: 0x000000008002A2A4 (0x15450513) addi a0, a0, 0x154
x10 <- 0x5555555555555554
mem[X,0x000000008002A2A8] -> 0x55B7
mem[X,0x000000008002A2AA] -> 0x5555
[5932] [M]: 0x000000008002A2A8 (0x555555B7) lui a1, 0x55555
x11 <- 0x0000000055555000
mem[X,0x000000008002A2AC] -> 0x8593
mem[X,0x000000008002A2AE] -> 0x5555
[5933] [M]: 0x000000008002A2AC (0x55558593) addi a1, a1, 0x555
x11 <- 0x0000000055555555
mem[X,0x000000008002A2B0] -> 0x9593
mem[X,0x000000008002A2B2] -> 0x00B5
[5934] [M]: 0x000000008002A2B0 (0x00B59593) slli a1, a1, 0xb
x11 <- 0x000002AAAAAAA800
mem[X,0x000000008002A2B4] -> 0x8593
mem[X,0x000000008002A2B6] -> 0x2AA5
[5935] [M]: 0x000000008002A2B4 (0x2AA58593) addi a1, a1, 0x2aa
x11 <- 0x000002AAAAAAAAAA
mem[X,0x000000008002A2B8] -> 0x9593
mem[X,0x000000008002A2BA] -> 0x00B5
[5936] [M]: 0x000000008002A2B8 (0x00B59593) slli a1, a1, 0xb
x11 <- 0x0015555555555000
mem[X,0x000000008002A2BC] -> 0x8593
mem[X,0x000000008002A2BE] -> 0x5555
[5937] [M]: 0x000000008002A2BC (0x55558593) addi a1, a1, 0x555
x11 <- 0x0015555555555555
mem[X,0x000000008002A2C0] -> 0x9593
mem[X,0x000000008002A2C2] -> 0x00A5
[5938] [M]: 0x000000008002A2C0 (0x00A59593) slli a1, a1, 0xa
x11 <- 0x5555555555555400
mem[X,0x000000008002A2C4] -> 0x8593
mem[X,0x000000008002A2C6] -> 0x1545
[5939] [M]: 0x000000008002A2C4 (0x15458593) addi a1, a1, 0x154
x11 <- 0x5555555555555554
mem[X,0x000000008002A2C8] -> 0x0213
mem[X,0x000000008002A2CA] -> 0x0000
[5940] [M]: 0x000000008002A2C8 (0x00000213) addi tp, zero, 0x0
x4 <- 0x0000000000000000
mem[X,0x000000008002A2CC] -> 0x006F
mem[X,0x000000008002A2CE] -> 0x0140
[5941] [M]: 0x000000008002A2CC (0x0140006F) jal zero, 0x14
mem[X,0x000000008002A2E0] -> 0x08E3
mem[X,0x000000008002A2E2] -> 0xFEB5
[5942] [M]: 0x000000008002A2E0 (0xFEB508E3) beq a0, a1, -0x10
mem[X,0x000000008002A2D0] -> 0x0213
mem[X,0x000000008002A2D2] -> 0x0012
[5943] [M]: 0x000000008002A2D0 (0x00120213) addi tp, tp, 0x1
x4 <- 0x0000000000000001
mem[X,0x000000008002A2D4] -> 0x006F
mem[X,0x000000008002A2D6] -> 0x0200
[5944] [M]: 0x000000008002A2D4 (0x0200006F) jal zero, 0x20
mem[X,0x000000008002A2F4] -> 0x3423
mem[X,0x000000008002A2F6] -> 0x3C41
[5945] [M]: 0x000000008002A2F4 (0x3C413423) sd tp, 0x3c8(sp)
mem[0x0000000080048D90] <- 0x0000000000000001
mem[X,0x000000008002A2F8] -> 0x5537
mem[X,0x000000008002A2FA] -> 0x5555
[5946] [M]: 0x000000008002A2F8 (0x55555537) lui a0, 0x55555
x10 <- 0x0000000055555000
mem[X,0x000000008002A2FC] -> 0x0513
mem[X,0x000000008002A2FE] -> 0x5555
[5947] [M]: 0x000000008002A2FC (0x55550513) addi a0, a0, 0x555
x10 <- 0x0000000055555555
mem[X,0x000000008002A300] -> 0x1513
mem[X,0x000000008002A302] -> 0x00B5
[5948] [M]: 0x000000008002A300 (0x00B51513) slli a0, a0, 0xb
x10 <- 0x000002AAAAAAA800
mem[X,0x000000008002A304] -> 0x0513
mem[X,0x000000008002A306] -> 0x2AA5
[5949] [M]: 0x000000008002A304 (0x2AA50513) addi a0, a0, 0x2aa
x10 <- 0x000002AAAAAAAAAA
mem[X,0x000000008002A308] -> 0x1513
mem[X,0x000000008002A30A] -> 0x00B5
[5950] [M]: 0x000000008002A308 (0x00B51513) slli a0, a0, 0xb
x10 <- 0x0015555555555000
mem[X,0x000000008002A30C] -> 0x0513
mem[X,0x000000008002A30E] -> 0x5555
[5951] [M]: 0x000000008002A30C (0x55550513) addi a0, a0, 0x555
x10 <- 0x0015555555555555
mem[X,0x000000008002A310] -> 0x1513
mem[X,0x000000008002A312] -> 0x00A5
[5952] [M]: 0x000000008002A310 (0x00A51513) slli a0, a0, 0xa
x10 <- 0x5555555555555400
mem[X,0x000000008002A314] -> 0x0513
mem[X,0x000000008002A316] -> 0x1545
[5953] [M]: 0x000000008002A314 (0x15450513) addi a0, a0, 0x154
x10 <- 0x5555555555555554
mem[X,0x000000008002A318] -> 0x0593
mem[X,0x000000008002A31A] -> 0x0000
[5954] [M]: 0x000000008002A318 (0x00000593) addi a1, zero, 0x0
x11 <- 0x0000000000000000
mem[X,0x000000008002A31C] -> 0x0213
mem[X,0x000000008002A31E] -> 0x0000
[5955] [M]: 0x000000008002A31C (0x00000213) addi tp, zero, 0x0
x4 <- 0x0000000000000000
mem[X,0x000000008002A320] -> 0x006F
mem[X,0x000000008002A322] -> 0x2B10
[5956] [M]: 0x000000008002A320 (0x2B10006F) jal zero, 0xab0
mem[X,0x000000008002ADD0] -> 0x0A63
mem[X,0x000000008002ADD2] -> 0xD4B5
[5957] [M]: 0x000000008002ADD0 (0xD4B50A63) beq a0, a1, -0xaac
mem[X,0x000000008002ADD4] -> 0x0213
mem[X,0x000000008002ADD6] -> 0x0022
[5958] [M]: 0x000000008002ADD4 (0x00220213) addi tp, tp, 0x2
x4 <- 0x0000000000000002
mem[X,0x000000008002ADD8] -> 0x006F
mem[X,0x000000008002ADDA] -> 0x00C0
[5959] [M]: 0x000000008002ADD8 (0x00C0006F) jal zero, 0xc
mem[X,0x000000008002ADE4] -> 0x3823
mem[X,0x000000008002ADE6] -> 0x3C41
[5960] [M]: 0x000000008002ADE4 (0x3C413823) sd tp, 0x3d0(sp)
mem[0x0000000080048D98] <- 0x0000000000000002
mem[X,0x000000008002ADE8] -> 0x5537
mem[X,0x000000008002ADEA] -> 0x5555
[5961] [M]: 0x000000008002ADE8 (0x55555537) lui a0, 0x55555
x10 <- 0x0000000055555000
mem[X,0x000000008002ADEC] -> 0x0513
mem[X,0x000000008002ADEE] -> 0x5555
[5962] [M]: 0x000000008002ADEC (0x55550513) addi a0, a0, 0x555
x10 <- 0x0000000055555555
mem[X,0x000000008002ADF0] -> 0x1513
mem[X,0x000000008002ADF2] -> 0x00B5
[5963] [M]: 0x000000008002ADF0 (0x00B51513) slli a0, a0, 0xb
x10 <- 0x000002AAAAAAA800
mem[X,0x000000008002ADF4] -> 0x0513
mem[X,0x000000008002ADF6] -> 0x2AA5
[5964] [M]: 0x000000008002ADF4 (0x2AA50513) addi a0, a0, 0x2aa
x10 <- 0x000002AAAAAAAAAA
mem[X,0x000000008002ADF8] -> 0x1513
mem[X,0x000000008002ADFA] -> 0x00B5
[5965] [M]: 0x000000008002ADF8 (0x00B51513) slli a0, a0, 0xb
x10 <- 0x0015555555555000
mem[X,0x000000008002ADFC] -> 0x0513
mem[X,0x000000008002ADFE] -> 0x5555
[5966] [M]: 0x000000008002ADFC (0x55550513) addi a0, a0, 0x555
x10 <- 0x0015555555555555
mem[X,0x000000008002AE00] -> 0x1513
mem[X,0x000000008002AE02] -> 0x00A5
[5967] [M]: 0x000000008002AE00 (0x00A51513) slli a0, a0, 0xa
x10 <- 0x5555555555555400
mem[X,0x000000008002AE04] -> 0x0513
mem[X,0x000000008002AE06] -> 0x1545
[5968] [M]: 0x000000008002AE04 (0x15450513) addi a0, a0, 0x154
x10 <- 0x5555555555555554
mem[X,0x000000008002AE08] -> 0x0593
mem[X,0x000000008002AE0A] -> 0x0040
[5969] [M]: 0x000000008002AE08 (0x00400593) addi a1, zero, 0x4
x11 <- 0x0000000000000004
mem[X,0x000000008002AE0C] -> 0x0213
mem[X,0x000000008002AE0E] -> 0x0000
[5970] [M]: 0x000000008002AE0C (0x00000213) addi tp, zero, 0x0
x4 <- 0x0000000000000000
mem[X,0x000000008002AE10] -> 0x006F
mem[X,0x000000008002AE12] -> 0x00C0
[5971] [M]: 0x000000008002AE10 (0x00C0006F) jal zero, 0xc
mem[X,0x000000008002AE1C] -> 0x0063
mem[X,0x000000008002AE1E] -> 0x08B5
[5972] [M]: 0x000000008002AE1C (0x08B50063) beq a0, a1, 0x80
mem[X,0x000000008002AE20] -> 0x0213
mem[X,0x000000008002AE22] -> 0x0022
[5973] [M]: 0x000000008002AE20 (0x00220213) addi tp, tp, 0x2
x4 <- 0x0000000000000002
mem[X,0x000000008002AE24] -> 0x006F
mem[X,0x000000008002AE26] -> 0x0800
[5974] [M]: 0x000000008002AE24 (0x0800006F) jal zero, 0x80
mem[X,0x000000008002AEA4] -> 0x3C23
mem[X,0x000000008002AEA6] -> 0x3C41
[5975] [M]: 0x000000008002AEA4 (0x3C413C23) sd tp, 0x3d8(sp)
mem[0x0000000080048DA0] <- 0x0000000000000002
mem[X,0x000000008002AEA8] -> 0x5537
mem[X,0x000000008002AEAA] -> 0x5555
[5976] [M]: 0x000000008002AEA8 (0x55555537) lui a0, 0x55555
x10 <- 0x0000000055555000
mem[X,0x000000008002AEAC] -> 0x0513
mem[X,0x000000008002AEAE] -> 0x5555
[5977] [M]: 0x000000008002AEAC (0x55550513) addi a0, a0, 0x555
x10 <- 0x0000000055555555
mem[X,0x000000008002AEB0] -> 0x1513
mem[X,0x000000008002AEB2] -> 0x00B5
[5978] [M]: 0x000000008002AEB0 (0x00B51513) slli a0, a0, 0xb
x10 <- 0x000002AAAAAAA800
mem[X,0x000000008002AEB4] -> 0x0513
mem[X,0x000000008002AEB6] -> 0x2AA5
[5979] [M]: 0x000000008002AEB4 (0x2AA50513) addi a0, a0, 0x2aa
x10 <- 0x000002AAAAAAAAAA
mem[X,0x000000008002AEB8] -> 0x1513
mem[X,0x000000008002AEBA] -> 0x00B5
[5980] [M]: 0x000000008002AEB8 (0x00B51513) slli a0, a0, 0xb
x10 <- 0x0015555555555000
mem[X,0x000000008002AEBC] -> 0x0513
mem[X,0x000000008002AEBE] -> 0x5555
[5981] [M]: 0x000000008002AEBC (0x55550513) addi a0, a0, 0x555
x10 <- 0x0015555555555555
mem[X,0x000000008002AEC0] -> 0x1513
mem[X,0x000000008002AEC2] -> 0x00A5
[5982] [M]: 0x000000008002AEC0 (0x00A51513) slli a0, a0, 0xa
x10 <- 0x5555555555555400
mem[X,0x000000008002AEC4] -> 0x0513
mem[X,0x000000008002AEC6] -> 0x1545
[5983] [M]: 0x000000008002AEC4 (0x15450513) addi a0, a0, 0x154
x10 <- 0x5555555555555554
mem[X,0x000000008002AEC8] -> 0x35B7
mem[X,0x000000008002AECA] -> 0x3333
[5984] [M]: 0x000000008002AEC8 (0x333335B7) lui a1, 0x33333
x11 <- 0x0000000033333000
mem[X,0x000000008002AECC] -> 0x8593
mem[X,0x000000008002AECE] -> 0x3335
[5985] [M]: 0x000000008002AECC (0x33358593) addi a1, a1, 0x333
x11 <- 0x0000000033333333
mem[X,0x000000008002AED0] -> 0x9593
mem[X,0x000000008002AED2] -> 0x00B5
[5986] [M]: 0x000000008002AED0 (0x00B59593) slli a1, a1, 0xb
x11 <- 0x0000019999999800
mem[X,0x000000008002AED4] -> 0x8593
mem[X,0x000000008002AED6] -> 0x1995
[5987] [M]: 0x000000008002AED4 (0x19958593) addi a1, a1, 0x199
x11 <- 0x0000019999999999
mem[X,0x000000008002AED8] -> 0x9593
mem[X,0x000000008002AEDA] -> 0x00B5
[5988] [M]: 0x000000008002AED8 (0x00B59593) slli a1, a1, 0xb
x11 <- 0x000CCCCCCCCCC800
mem[X,0x000000008002AEDC] -> 0x8593
mem[X,0x000000008002AEDE] -> 0x4CC5
[5989] [M]: 0x000000008002AEDC (0x4CC58593) addi a1, a1, 0x4cc
x11 <- 0x000CCCCCCCCCCCCC
mem[X,0x000000008002AEE0] -> 0x9593
mem[X,0x000000008002AEE2] -> 0x00A5
[5990] [M]: 0x000000008002AEE0 (0x00A59593) slli a1, a1, 0xa
x11 <- 0x3333333333333000
mem[X,0x000000008002AEE4] -> 0x8593
mem[X,0x000000008002AEE6] -> 0x3325
[5991] [M]: 0x000000008002AEE4 (0x33258593) addi a1, a1, 0x332
x11 <- 0x3333333333333332
mem[X,0x000000008002AEE8] -> 0x0213
mem[X,0x000000008002AEEA] -> 0x0000
[5992] [M]: 0x000000008002AEE8 (0x00000213) addi tp, zero, 0x0
x4 <- 0x0000000000000000
mem[X,0x000000008002AEEC] -> 0x006F
mem[X,0x000000008002AEEE] -> 0x00C0
[5993] [M]: 0x000000008002AEEC (0x00C0006F) jal zero, 0xc
mem[X,0x000000008002AEF8] -> 0x0863
mem[X,0x000000008002AEFA] -> 0x00B5
[5994] [M]: 0x000000008002AEF8 (0x00B50863) beq a0, a1, 0x10
mem[X,0x000000008002AEFC] -> 0x0213
mem[X,0x000000008002AEFE] -> 0x0022
[5995] [M]: 0x000000008002AEFC (0x00220213) addi tp, tp, 0x2
x4 <- 0x0000000000000002
mem[X,0x000000008002AF00] -> 0x006F
mem[X,0x000000008002AF02] -> 0x0100
[5996] [M]: 0x000000008002AF00 (0x0100006F) jal zero, 0x10
mem[X,0x000000008002AF10] -> 0x3023
mem[X,0x000000008002AF12] -> 0x3E41
[5997] [M]: 0x000000008002AF10 (0x3E413023) sd tp, 0x3e0(sp)
mem[0x0000000080048DA8] <- 0x0000000000000002
mem[X,0x000000008002AF14] -> 0x5537
mem[X,0x000000008002AF16] -> 0x5555
[5998] [M]: 0x000000008002AF14 (0x55555537) lui a0, 0x55555
x10 <- 0x0000000055555000
mem[X,0x000000008002AF18] -> 0x0513
mem[X,0x000000008002AF1A] -> 0x5555
[5999] [M]: 0x000000008002AF18 (0x55550513) addi a0, a0, 0x555
x10 <- 0x0000000055555555
clint::tick mtime <- 0x000000000000003C
 clint timer pending at mtime 0x000000000000003C
htif::tick 0x0000000000000000
mem[X,0x000000008002AF1C] -> 0x1513
mem[X,0x000000008002AF1E] -> 0x00B5
[6000] [M]: 0x000000008002AF1C (0x00B51513) slli a0, a0, 0xb
x10 <- 0x000002AAAAAAA800
mem[X,0x000000008002AF20] -> 0x0513
mem[X,0x000000008002AF22] -> 0x2AA5
[6001] [M]: 0x000000008002AF20 (0x2AA50513) addi a0, a0, 0x2aa
x10 <- 0x000002AAAAAAAAAA
mem[X,0x000000008002AF24] -> 0x1513
mem[X,0x000000008002AF26] -> 0x00B5
[6002] [M]: 0x000000008002AF24 (0x00B51513) slli a0, a0, 0xb
x10 <- 0x0015555555555000
mem[X,0x000000008002AF28] -> 0x0513
mem[X,0x000000008002AF2A] -> 0x5555
[6003] [M]: 0x000000008002AF28 (0x55550513) addi a0, a0, 0x555
x10 <- 0x0015555555555555
mem[X,0x000000008002AF2C] -> 0x1513
mem[X,0x000000008002AF2E] -> 0x00A5
[6004] [M]: 0x000000008002AF2C (0x00A51513) slli a0, a0, 0xa
x10 <- 0x5555555555555400
mem[X,0x000000008002AF30] -> 0x0513
mem[X,0x000000008002AF32] -> 0x1545
[6005] [M]: 0x000000008002AF30 (0x15450513) addi a0, a0, 0x154
x10 <- 0x5555555555555554
mem[X,0x000000008002AF34] -> 0x65B7
mem[X,0x000000008002AF36] -> 0x6666
[6006] [M]: 0x000000008002AF34 (0x666665B7) lui a1, 0x66666
x11 <- 0x0000000066666000
mem[X,0x000000008002AF38] -> 0x8593
mem[X,0x000000008002AF3A] -> 0x6665
[6007] [M]: 0x000000008002AF38 (0x66658593) addi a1, a1, 0x666
x11 <- 0x0000000066666666
mem[X,0x000000008002AF3C] -> 0x9593
mem[X,0x000000008002AF3E] -> 0x00B5
[6008] [M]: 0x000000008002AF3C (0x00B59593) slli a1, a1, 0xb
x11 <- 0x0000033333333000
mem[X,0x000000008002AF40] -> 0x8593
mem[X,0x000000008002AF42] -> 0x3335
[6009] [M]: 0x000000008002AF40 (0x33358593) addi a1, a1, 0x333
x11 <- 0x0000033333333333
mem[X,0x000000008002AF44] -> 0x9593
mem[X,0x000000008002AF46] -> 0x00B5
[6010] [M]: 0x000000008002AF44 (0x00B59593) slli a1, a1, 0xb
x11 <- 0x0019999999999800
mem[X,0x000000008002AF48] -> 0x8593
mem[X,0x000000008002AF4A] -> 0x1995
[6011] [M]: 0x000000008002AF48 (0x19958593) addi a1, a1, 0x199
x11 <- 0x0019999999999999
mem[X,0x000000008002AF4C] -> 0x9593
mem[X,0x000000008002AF4E] -> 0x00A5
[6012] [M]: 0x000000008002AF4C (0x00A59593) slli a1, a1, 0xa
x11 <- 0x6666666666666400
mem[X,0x000000008002AF50] -> 0x8593
mem[X,0x000000008002AF52] -> 0x2655
[6013] [M]: 0x000000008002AF50 (0x26558593) addi a1, a1, 0x265
x11 <- 0x6666666666666665
mem[X,0x000000008002AF54] -> 0x0213
mem[X,0x000000008002AF56] -> 0x0000
[6014] [M]: 0x000000008002AF54 (0x00000213) addi tp, zero, 0x0
x4 <- 0x0000000000000000
mem[X,0x000000008002AF58] -> 0x006F
mem[X,0x000000008002AF5A] -> 0x00C0
[6015] [M]: 0x000000008002AF58 (0x00C0006F) jal zero, 0xc
mem[X,0x000000008002AF64] -> 0x0063
mem[X,0x000000008002AF66] -> 0x02B5
[6016] [M]: 0x000000008002AF64 (0x02B50063) beq a0, a1, 0x20
mem[X,0x000000008002AF68] -> 0x0213
mem[X,0x000000008002AF6A] -> 0x0022
[6017] [M]: 0x000000008002AF68 (0x00220213) addi tp, tp, 0x2
x4 <- 0x0000000000000002
mem[X,0x000000008002AF6C] -> 0x006F
mem[X,0x000000008002AF6E] -> 0x0200
[6018] [M]: 0x000000008002AF6C (0x0200006F) jal zero, 0x20
mem[X,0x000000008002AF8C] -> 0x3423
mem[X,0x000000008002AF8E] -> 0x3E41
[6019] [M]: 0x000000008002AF8C (0x3E413423) sd tp, 0x3e8(sp)
mem[0x0000000080048DB0] <- 0x0000000000000002
mem[X,0x000000008002AF90] -> 0x5537
mem[X,0x000000008002AF92] -> 0x5555
[6020] [M]: 0x000000008002AF90 (0x55555537) lui a0, 0x55555
x10 <- 0x0000000055555000
mem[X,0x000000008002AF94] -> 0x0513
mem[X,0x000000008002AF96] -> 0x5555
[6021] [M]: 0x000000008002AF94 (0x55550513) addi a0, a0, 0x555
x10 <- 0x0000000055555555
mem[X,0x000000008002AF98] -> 0x1513
mem[X,0x000000008002AF9A] -> 0x00B5
[6022] [M]: 0x000000008002AF98 (0x00B51513) slli a0, a0, 0xb
x10 <- 0x000002AAAAAAA800
mem[X,0x000000008002AF9C] -> 0x0513
mem[X,0x000000008002AF9E] -> 0x2AA5
[6023] [M]: 0x000000008002AF9C (0x2AA50513) addi a0, a0, 0x2aa
x10 <- 0x000002AAAAAAAAAA
mem[X,0x000000008002AFA0] -> 0x1513
mem[X,0x000000008002AFA2] -> 0x00B5
[6024] [M]: 0x000000008002AFA0 (0x00B51513) slli a0, a0, 0xb
x10 <- 0x0015555555555000
mem[X,0x000000008002AFA4] -> 0x0513
mem[X,0x000000008002AFA6] -> 0x5555
[6025] [M]: 0x000000008002AFA4 (0x55550513) addi a0, a0, 0x555
x10 <- 0x0015555555555555
mem[X,0x000000008002AFA8] -> 0x1513
mem[X,0x000000008002AFAA] -> 0x00A5
[6026] [M]: 0x000000008002AFA8 (0x00A51513) slli a0, a0, 0xa
x10 <- 0x5555555555555400
mem[X,0x000000008002AFAC] -> 0x0513
mem[X,0x000000008002AFAE] -> 0x1545
[6027] [M]: 0x000000008002AFAC (0x15450513) addi a0, a0, 0x154
x10 <- 0x5555555555555554
mem[X,0x000000008002AFB0] -> 0x05B7
mem[X,0x000000008002AFB2] -> 0x0000
[6028] [M]: 0x000000008002AFB0 (0x000005B7) lui a1, 0x0
x11 <- 0x0000000000000000
mem[X,0x000000008002AFB4] -> 0x8593
mem[X,0x000000008002AFB6] -> 0x0005
[6029] [M]: 0x000000008002AFB4 (0x00058593) addi a1, a1, 0x0
x11 <- 0x0000000000000000
mem[X,0x000000008002AFB8] -> 0x9593
mem[X,0x000000008002AFBA] -> 0x00B5
[6030] [M]: 0x000000008002AFB8 (0x00B59593) slli a1, a1, 0xb
x11 <- 0x0000000000000000
mem[X,0x000000008002AFBC] -> 0x8593
mem[X,0x000000008002AFBE] -> 0x5A85
[6031] [M]: 0x000000008002AFBC (0x5A858593) addi a1, a1, 0x5a8
x11 <- 0x00000000000005A8
mem[X,0x000000008002AFC0] -> 0x9593
mem[X,0x000000008002AFC2] -> 0x00B5
[6032] [M]: 0x000000008002AFC0 (0x00B59593) slli a1, a1, 0xb
x11 <- 0x00000000002D4000
mem[X,0x000000008002AFC4] -> 0x8593
mem[X,0x000000008002AFC6] -> 0x13C5
[6033] [M]: 0x000000008002AFC4 (0x13C58593) addi a1, a1, 0x13c
x11 <- 0x00000000002D413C
mem[X,0x000000008002AFC8] -> 0x9593
mem[X,0x000000008002AFCA] -> 0x00A5
[6034] [M]: 0x000000008002AFC8 (0x00A59593) slli a1, a1, 0xa
x11 <- 0x00000000B504F000
mem[X,0x000000008002AFCC] -> 0x8593
mem[X,0x000000008002AFCE] -> 0x3325
[6035] [M]: 0x000000008002AFCC (0x33258593) addi a1, a1, 0x332
x11 <- 0x00000000B504F332
mem[X,0x000000008002AFD0] -> 0x0213
mem[X,0x000000008002AFD2] -> 0x0000
[6036] [M]: 0x000000008002AFD0 (0x00000213) addi tp, zero, 0x0
x4 <- 0x0000000000000000
mem[X,0x000000008002AFD4] -> 0x006F
mem[X,0x000000008002AFD6] -> 0x00C0
[6037] [M]: 0x000000008002AFD4 (0x00C0006F) jal zero, 0xc
mem[X,0x000000008002AFE0] -> 0x0663
mem[X,0x000000008002AFE2] -> 0x00B5
[6038] [M]: 0x000000008002AFE0 (0x00B50663) beq a0, a1, 0xc
mem[X,0x000000008002AFE4] -> 0x0213
mem[X,0x000000008002AFE6] -> 0x0022
[6039] [M]: 0x000000008002AFE4 (0x00220213) addi tp, tp, 0x2
x4 <- 0x0000000000000002
mem[X,0x000000008002AFE8] -> 0x006F
mem[X,0x000000008002AFEA] -> 0x00C0
[6040] [M]: 0x000000008002AFE8 (0x00C0006F) jal zero, 0xc
mem[X,0x000000008002AFF4] -> 0x3823
mem[X,0x000000008002AFF6] -> 0x3E41
[6041] [M]: 0x000000008002AFF4 (0x3E413823) sd tp, 0x3f0(sp)
mem[0x0000000080048DB8] <- 0x0000000000000002
mem[X,0x000000008002AFF8] -> 0x5537
mem[X,0x000000008002AFFA] -> 0x5555
[6042] [M]: 0x000000008002AFF8 (0x55555537) lui a0, 0x55555
x10 <- 0x0000000055555000
mem[X,0x000000008002AFFC] -> 0x0513
mem[X,0x000000008002AFFE] -> 0x5555
[6043] [M]: 0x000000008002AFFC (0x55550513) addi a0, a0, 0x555
x10 <- 0x0000000055555555
mem[X,0x000000008002B000] -> 0x1513
mem[X,0x000000008002B002] -> 0x00B5
[6044] [M]: 0x000000008002B000 (0x00B51513) slli a0, a0, 0xb
x10 <- 0x000002AAAAAAA800
mem[X,0x000000008002B004] -> 0x0513
mem[X,0x000000008002B006] -> 0x2AA5
[6045] [M]: 0x000000008002B004 (0x2AA50513) addi a0, a0, 0x2aa
x10 <- 0x000002AAAAAAAAAA
mem[X,0x000000008002B008] -> 0x1513
mem[X,0x000000008002B00A] -> 0x00B5
[6046] [M]: 0x000000008002B008 (0x00B51513) slli a0, a0, 0xb
x10 <- 0x0015555555555000
mem[X,0x000000008002B00C] -> 0x0513
mem[X,0x000000008002B00E] -> 0x5555
[6047] [M]: 0x000000008002B00C (0x55550513) addi a0, a0, 0x555
x10 <- 0x0015555555555555
mem[X,0x000000008002B010] -> 0x1513
mem[X,0x000000008002B012] -> 0x00A5
[6048] [M]: 0x000000008002B010 (0x00A51513) slli a0, a0, 0xa
x10 <- 0x5555555555555400
mem[X,0x000000008002B014] -> 0x0513
mem[X,0x000000008002B016] -> 0x1545
[6049] [M]: 0x000000008002B014 (0x15450513) addi a0, a0, 0x154
x10 <- 0x5555555555555554
mem[X,0x000000008002B018] -> 0x55B7
mem[X,0x000000008002B01A] -> 0x5555
[6050] [M]: 0x000000008002B018 (0x555555B7) lui a1, 0x55555
x11 <- 0x0000000055555000
mem[X,0x000000008002B01C] -> 0x8593
mem[X,0x000000008002B01E] -> 0x5555
[6051] [M]: 0x000000008002B01C (0x55558593) addi a1, a1, 0x555
x11 <- 0x0000000055555555
mem[X,0x000000008002B020] -> 0x9593
mem[X,0x000000008002B022] -> 0x00B5
[6052] [M]: 0x000000008002B020 (0x00B59593) slli a1, a1, 0xb
x11 <- 0x000002AAAAAAA800
mem[X,0x000000008002B024] -> 0x8593
mem[X,0x000000008002B026] -> 0x2AA5
[6053] [M]: 0x000000008002B024 (0x2AA58593) addi a1, a1, 0x2aa
x11 <- 0x000002AAAAAAAAAA
mem[X,0x000000008002B028] -> 0x9593
mem[X,0x000000008002B02A] -> 0x00B5
[6054] [M]: 0x000000008002B028 (0x00B59593) slli a1, a1, 0xb
x11 <- 0x0015555555555000
mem[X,0x000000008002B02C] -> 0x8593
mem[X,0x000000008002B02E] -> 0x5555
[6055] [M]: 0x000000008002B02C (0x55558593) addi a1, a1, 0x555
x11 <- 0x0015555555555555
mem[X,0x000000008002B030] -> 0x9593
mem[X,0x000000008002B032] -> 0x00A5
[6056] [M]: 0x000000008002B030 (0x00A59593) slli a1, a1, 0xa
x11 <- 0x5555555555555400
mem[X,0x000000008002B034] -> 0x8593
mem[X,0x000000008002B036] -> 0x1565
[6057] [M]: 0x000000008002B034 (0x15658593) addi a1, a1, 0x156
x11 <- 0x5555555555555556
mem[X,0x000000008002B038] -> 0x0213
mem[X,0x000000008002B03A] -> 0x0000
[6058] [M]: 0x000000008002B038 (0x00000213) addi tp, zero, 0x0
x4 <- 0x0000000000000000
mem[X,0x000000008002B03C] -> 0x006F
mem[X,0x000000008002B03E] -> 0x00C0
[6059] [M]: 0x000000008002B03C (0x00C0006F) jal zero, 0xc
mem[X,0x000000008002B048] -> 0x0063
mem[X,0x000000008002B04A] -> 0x20B5
[6060] [M]: 0x000000008002B048 (0x20B50063) beq a0, a1, 0x200
mem[X,0x000000008002B04C] -> 0x0213
mem[X,0x000000008002B04E] -> 0x0022
[6061] [M]: 0x000000008002B04C (0x00220213) addi tp, tp, 0x2
x4 <- 0x0000000000000002
mem[X,0x000000008002B050] -> 0x006F
mem[X,0x000000008002B052] -> 0x2000
[6062] [M]: 0x000000008002B050 (0x2000006F) jal zero, 0x200
mem[X,0x000000008002B250] -> 0x3C23
mem[X,0x000000008002B252] -> 0x3E41
[6063] [M]: 0x000000008002B250 (0x3E413C23) sd tp, 0x3f8(sp)
mem[0x0000000080048DC0] <- 0x0000000000000002
mem[X,0x000000008002B254] -> 0x5537
mem[X,0x000000008002B256] -> 0x5555
[6064] [M]: 0x000000008002B254 (0x55555537) lui a0, 0x55555
x10 <- 0x0000000055555000
mem[X,0x000000008002B258] -> 0x0513
mem[X,0x000000008002B25A] -> 0x5555
[6065] [M]: 0x000000008002B258 (0x55550513) addi a0, a0, 0x555
x10 <- 0x0000000055555555
mem[X,0x000000008002B25C] -> 0x1513
mem[X,0x000000008002B25E] -> 0x00B5
[6066] [M]: 0x000000008002B25C (0x00B51513) slli a0, a0, 0xb
x10 <- 0x000002AAAAAAA800
mem[X,0x000000008002B260] -> 0x0513
mem[X,0x000000008002B262] -> 0x2AA5
[6067] [M]: 0x000000008002B260 (0x2AA50513) addi a0, a0, 0x2aa
x10 <- 0x000002AAAAAAAAAA
mem[X,0x000000008002B264] -> 0x1513
mem[X,0x000000008002B266] -> 0x00B5
[6068] [M]: 0x000000008002B264 (0x00B51513) slli a0, a0, 0xb
x10 <- 0x0015555555555000
mem[X,0x000000008002B268] -> 0x0513
mem[X,0x000000008002B26A] -> 0x5555
[6069] [M]: 0x000000008002B268 (0x55550513) addi a0, a0, 0x555
x10 <- 0x0015555555555555
mem[X,0x000000008002B26C] -> 0x1513
mem[X,0x000000008002B26E] -> 0x00A5
[6070] [M]: 0x000000008002B26C (0x00A51513) slli a0, a0, 0xa
x10 <- 0x5555555555555400
mem[X,0x000000008002B270] -> 0x0513
mem[X,0x000000008002B272] -> 0x1545
[6071] [M]: 0x000000008002B270 (0x15450513) addi a0, a0, 0x154
x10 <- 0x5555555555555554
mem[X,0x000000008002B274] -> 0xB5B7
mem[X,0x000000008002B276] -> 0xAAAA
[6072] [M]: 0x000000008002B274 (0xAAAAB5B7) lui a1, -0x55555
x11 <- 0xFFFFFFFFAAAAB000
mem[X,0x000000008002B278] -> 0x8593
mem[X,0x000000008002B27A] -> 0xAAA5
[6073] [M]: 0x000000008002B278 (0xAAA58593) addi a1, a1, -0x556
x11 <- 0xFFFFFFFFAAAAAAAA
mem[X,0x000000008002B27C] -> 0x9593
mem[X,0x000000008002B27E] -> 0x00B5
[6074] [M]: 0x000000008002B27C (0x00B59593) slli a1, a1, 0xb
x11 <- 0xFFFFFD5555555000
mem[X,0x000000008002B280] -> 0x8593
mem[X,0x000000008002B282] -> 0x5555
[6075] [M]: 0x000000008002B280 (0x55558593) addi a1, a1, 0x555
x11 <- 0xFFFFFD5555555555
mem[X,0x000000008002B284] -> 0x9593
mem[X,0x000000008002B286] -> 0x00B5
[6076] [M]: 0x000000008002B284 (0x00B59593) slli a1, a1, 0xb
x11 <- 0xFFEAAAAAAAAAA800
mem[X,0x000000008002B288] -> 0x8593
mem[X,0x000000008002B28A] -> 0x2AA5
[6077] [M]: 0x000000008002B288 (0x2AA58593) addi a1, a1, 0x2aa
x11 <- 0xFFEAAAAAAAAAAAAA
mem[X,0x000000008002B28C] -> 0x9593
mem[X,0x000000008002B28E] -> 0x00A5
[6078] [M]: 0x000000008002B28C (0x00A59593) slli a1, a1, 0xa
x11 <- 0xAAAAAAAAAAAAA800
mem[X,0x000000008002B290] -> 0x8593
mem[X,0x000000008002B292] -> 0x2AB5
[6079] [M]: 0x000000008002B290 (0x2AB58593) addi a1, a1, 0x2ab
x11 <- 0xAAAAAAAAAAAAAAAB
mem[X,0x000000008002B294] -> 0x0213
mem[X,0x000000008002B296] -> 0x0000
[6080] [M]: 0x000000008002B294 (0x00000213) addi tp, zero, 0x0
x4 <- 0x0000000000000000
mem[X,0x000000008002B298] -> 0x006F
mem[X,0x000000008002B29A] -> 0x00C0
[6081] [M]: 0x000000008002B298 (0x00C0006F) jal zero, 0xc
mem[X,0x000000008002B2A4] -> 0x0063
mem[X,0x000000008002B2A6] -> 0x04B5
[6082] [M]: 0x000000008002B2A4 (0x04B50063) beq a0, a1, 0x40
mem[X,0x000000008002B2A8] -> 0x0213
mem[X,0x000000008002B2AA] -> 0x0022
[6083] [M]: 0x000000008002B2A8 (0x00220213) addi tp, tp, 0x2
x4 <- 0x0000000000000002
mem[X,0x000000008002B2AC] -> 0x006F
mem[X,0x000000008002B2AE] -> 0x0400
[6084] [M]: 0x000000008002B2AC (0x0400006F) jal zero, 0x40
mem[X,0x000000008002B2EC] -> 0x3023
mem[X,0x000000008002B2EE] -> 0x4041
[6085] [M]: 0x000000008002B2EC (0x40413023) sd tp, 0x400(sp)
mem[0x0000000080048DC8] <- 0x0000000000000002
mem[X,0x000000008002B2F0] -> 0x5537
mem[X,0x000000008002B2F2] -> 0x5555
[6086] [M]: 0x000000008002B2F0 (0x55555537) lui a0, 0x55555
x10 <- 0x0000000055555000
mem[X,0x000000008002B2F4] -> 0x0513
mem[X,0x000000008002B2F6] -> 0x5555
[6087] [M]: 0x000000008002B2F4 (0x55550513) addi a0, a0, 0x555
x10 <- 0x0000000055555555
mem[X,0x000000008002B2F8] -> 0x1513
mem[X,0x000000008002B2FA] -> 0x00B5
[6088] [M]: 0x000000008002B2F8 (0x00B51513) slli a0, a0, 0xb
x10 <- 0x000002AAAAAAA800
mem[X,0x000000008002B2FC] -> 0x0513
mem[X,0x000000008002B2FE] -> 0x2AA5
[6089] [M]: 0x000000008002B2FC (0x2AA50513) addi a0, a0, 0x2aa
x10 <- 0x000002AAAAAAAAAA
mem[X,0x000000008002B300] -> 0x1513
mem[X,0x000000008002B302] -> 0x00B5
[6090] [M]: 0x000000008002B300 (0x00B51513) slli a0, a0, 0xb
x10 <- 0x0015555555555000
mem[X,0x000000008002B304] -> 0x0513
mem[X,0x000000008002B306] -> 0x5555
[6091] [M]: 0x000000008002B304 (0x55550513) addi a0, a0, 0x555
x10 <- 0x0015555555555555
mem[X,0x000000008002B308] -> 0x1513
mem[X,0x000000008002B30A] -> 0x00A5
[6092] [M]: 0x000000008002B308 (0x00A51513) slli a0, a0, 0xa
x10 <- 0x5555555555555400
mem[X,0x000000008002B30C] -> 0x0513
mem[X,0x000000008002B30E] -> 0x1545
[6093] [M]: 0x000000008002B30C (0x15450513) addi a0, a0, 0x154
x10 <- 0x5555555555555554
mem[X,0x000000008002B310] -> 0x0593
mem[X,0x000000008002B312] -> 0x0060
[6094] [M]: 0x000000008002B310 (0x00600593) addi a1, zero, 0x6
x11 <- 0x0000000000000006
mem[X,0x000000008002B314] -> 0x0213
mem[X,0x000000008002B316] -> 0x0000
[6095] [M]: 0x000000008002B314 (0x00000213) addi tp, zero, 0x0
x4 <- 0x0000000000000000
mem[X,0x000000008002B318] -> 0x006F
mem[X,0x000000008002B31A] -> 0x00C0
[6096] [M]: 0x000000008002B318 (0x00C0006F) jal zero, 0xc
mem[X,0x000000008002B324] -> 0x0CE3
mem[X,0x000000008002B326] -> 0xFEB5
[6097] [M]: 0x000000008002B324 (0xFEB50CE3) beq a0, a1, -0x8
mem[X,0x000000008002B328] -> 0x0213
mem[X,0x000000008002B32A] -> 0x0022
[6098] [M]: 0x000000008002B328 (0x00220213) addi tp, tp, 0x2
x4 <- 0x0000000000000002
mem[X,0x000000008002B32C] -> 0x006F
mem[X,0x000000008002B32E] -> 0x00C0
[6099] [M]: 0x000000008002B32C (0x00C0006F) jal zero, 0xc
clint::tick mtime <- 0x000000000000003D
 clint timer pending at mtime 0x000000000000003D
htif::tick 0x0000000000000000
mem[X,0x000000008002B338] -> 0x3423
mem[X,0x000000008002B33A] -> 0x4041
[6100] [M]: 0x000000008002B338 (0x40413423) sd tp, 0x408(sp)
mem[0x0000000080048DD0] <- 0x0000000000000002
mem[X,0x000000008002B33C] -> 0x5537
mem[X,0x000000008002B33E] -> 0x5555
[6101] [M]: 0x000000008002B33C (0x55555537) lui a0, 0x55555
x10 <- 0x0000000055555000
mem[X,0x000000008002B340] -> 0x0513
mem[X,0x000000008002B342] -> 0x5555
[6102] [M]: 0x000000008002B340 (0x55550513) addi a0, a0, 0x555
x10 <- 0x0000000055555555
mem[X,0x000000008002B344] -> 0x1513
mem[X,0x000000008002B346] -> 0x00B5
[6103] [M]: 0x000000008002B344 (0x00B51513) slli a0, a0, 0xb
x10 <- 0x000002AAAAAAA800
mem[X,0x000000008002B348] -> 0x0513
mem[X,0x000000008002B34A] -> 0x2AA5
[6104] [M]: 0x000000008002B348 (0x2AA50513) addi a0, a0, 0x2aa
x10 <- 0x000002AAAAAAAAAA
mem[X,0x000000008002B34C] -> 0x1513
mem[X,0x000000008002B34E] -> 0x00B5
[6105] [M]: 0x000000008002B34C (0x00B51513) slli a0, a0, 0xb
x10 <- 0x0015555555555000
mem[X,0x000000008002B350] -> 0x0513
mem[X,0x000000008002B352] -> 0x5555
[6106] [M]: 0x000000008002B350 (0x55550513) addi a0, a0, 0x555
x10 <- 0x0015555555555555
mem[X,0x000000008002B354] -> 0x1513
mem[X,0x000000008002B356] -> 0x00A5
[6107] [M]: 0x000000008002B354 (0x00A51513) slli a0, a0, 0xa
x10 <- 0x5555555555555400
mem[X,0x000000008002B358] -> 0x0513
mem[X,0x000000008002B35A] -> 0x1545
[6108] [M]: 0x000000008002B358 (0x15450513) addi a0, a0, 0x154
x10 <- 0x5555555555555554
mem[X,0x000000008002B35C] -> 0x35B7
mem[X,0x000000008002B35E] -> 0x3333
[6109] [M]: 0x000000008002B35C (0x333335B7) lui a1, 0x33333
x11 <- 0x0000000033333000
mem[X,0x000000008002B360] -> 0x8593
mem[X,0x000000008002B362] -> 0x3335
[6110] [M]: 0x000000008002B360 (0x33358593) addi a1, a1, 0x333
x11 <- 0x0000000033333333
mem[X,0x000000008002B364] -> 0x9593
mem[X,0x000000008002B366] -> 0x00B5
[6111] [M]: 0x000000008002B364 (0x00B59593) slli a1, a1, 0xb
x11 <- 0x0000019999999800
mem[X,0x000000008002B368] -> 0x8593
mem[X,0x000000008002B36A] -> 0x1995
[6112] [M]: 0x000000008002B368 (0x19958593) addi a1, a1, 0x199
x11 <- 0x0000019999999999
mem[X,0x000000008002B36C] -> 0x9593
mem[X,0x000000008002B36E] -> 0x00B5
[6113] [M]: 0x000000008002B36C (0x00B59593) slli a1, a1, 0xb
x11 <- 0x000CCCCCCCCCC800
mem[X,0x000000008002B370] -> 0x8593
mem[X,0x000000008002B372] -> 0x4CC5
[6114] [M]: 0x000000008002B370 (0x4CC58593) addi a1, a1, 0x4cc
x11 <- 0x000CCCCCCCCCCCCC
mem[X,0x000000008002B374] -> 0x9593
mem[X,0x000000008002B376] -> 0x00A5
[6115] [M]: 0x000000008002B374 (0x00A59593) slli a1, a1, 0xa
x11 <- 0x3333333333333000
mem[X,0x000000008002B378] -> 0x8593
mem[X,0x000000008002B37A] -> 0x3345
[6116] [M]: 0x000000008002B378 (0x33458593) addi a1, a1, 0x334
x11 <- 0x3333333333333334
mem[X,0x000000008002B37C] -> 0x0213
mem[X,0x000000008002B37E] -> 0x0000
[6117] [M]: 0x000000008002B37C (0x00000213) addi tp, zero, 0x0
x4 <- 0x0000000000000000
mem[X,0x000000008002B380] -> 0x006F
mem[X,0x000000008002B382] -> 0x00C0
[6118] [M]: 0x000000008002B380 (0x00C0006F) jal zero, 0xc
mem[X,0x000000008002B38C] -> 0x0663
mem[X,0x000000008002B38E] -> 0x00B5
[6119] [M]: 0x000000008002B38C (0x00B50663) beq a0, a1, 0xc
mem[X,0x000000008002B390] -> 0x0213
mem[X,0x000000008002B392] -> 0x0022
[6120] [M]: 0x000000008002B390 (0x00220213) addi tp, tp, 0x2
x4 <- 0x0000000000000002
mem[X,0x000000008002B394] -> 0x006F
mem[X,0x000000008002B396] -> 0x00C0
[6121] [M]: 0x000000008002B394 (0x00C0006F) jal zero, 0xc
mem[X,0x000000008002B3A0] -> 0x3823
mem[X,0x000000008002B3A2] -> 0x4041
[6122] [M]: 0x000000008002B3A0 (0x40413823) sd tp, 0x410(sp)
mem[0x0000000080048DD8] <- 0x0000000000000002
mem[X,0x000000008002B3A4] -> 0x5537
mem[X,0x000000008002B3A6] -> 0x5555
[6123] [M]: 0x000000008002B3A4 (0x55555537) lui a0, 0x55555
x10 <- 0x0000000055555000
mem[X,0x000000008002B3A8] -> 0x0513
mem[X,0x000000008002B3AA] -> 0x5555
[6124] [M]: 0x000000008002B3A8 (0x55550513) addi a0, a0, 0x555
x10 <- 0x0000000055555555
mem[X,0x000000008002B3AC] -> 0x1513
mem[X,0x000000008002B3AE] -> 0x00B5
[6125] [M]: 0x000000008002B3AC (0x00B51513) slli a0, a0, 0xb
x10 <- 0x000002AAAAAAA800
mem[X,0x000000008002B3B0] -> 0x0513
mem[X,0x000000008002B3B2] -> 0x2AA5
[6126] [M]: 0x000000008002B3B0 (0x2AA50513) addi a0, a0, 0x2aa
x10 <- 0x000002AAAAAAAAAA
mem[X,0x000000008002B3B4] -> 0x1513
mem[X,0x000000008002B3B6] -> 0x00B5
[6127] [M]: 0x000000008002B3B4 (0x00B51513) slli a0, a0, 0xb
x10 <- 0x0015555555555000
mem[X,0x000000008002B3B8] -> 0x0513
mem[X,0x000000008002B3BA] -> 0x5555
[6128] [M]: 0x000000008002B3B8 (0x55550513) addi a0, a0, 0x555
x10 <- 0x0015555555555555
mem[X,0x000000008002B3BC] -> 0x1513
mem[X,0x000000008002B3BE] -> 0x00A5
[6129] [M]: 0x000000008002B3BC (0x00A51513) slli a0, a0, 0xa
x10 <- 0x5555555555555400
mem[X,0x000000008002B3C0] -> 0x0513
mem[X,0x000000008002B3C2] -> 0x1545
[6130] [M]: 0x000000008002B3C0 (0x15450513) addi a0, a0, 0x154
x10 <- 0x5555555555555554
mem[X,0x000000008002B3C4] -> 0x65B7
mem[X,0x000000008002B3C6] -> 0x6666
[6131] [M]: 0x000000008002B3C4 (0x666665B7) lui a1, 0x66666
x11 <- 0x0000000066666000
mem[X,0x000000008002B3C8] -> 0x8593
mem[X,0x000000008002B3CA] -> 0x6665
[6132] [M]: 0x000000008002B3C8 (0x66658593) addi a1, a1, 0x666
x11 <- 0x0000000066666666
mem[X,0x000000008002B3CC] -> 0x9593
mem[X,0x000000008002B3CE] -> 0x00B5
[6133] [M]: 0x000000008002B3CC (0x00B59593) slli a1, a1, 0xb
x11 <- 0x0000033333333000
mem[X,0x000000008002B3D0] -> 0x8593
mem[X,0x000000008002B3D2] -> 0x3335
[6134] [M]: 0x000000008002B3D0 (0x33358593) addi a1, a1, 0x333
x11 <- 0x0000033333333333
mem[X,0x000000008002B3D4] -> 0x9593
mem[X,0x000000008002B3D6] -> 0x00B5
[6135] [M]: 0x000000008002B3D4 (0x00B59593) slli a1, a1, 0xb
x11 <- 0x0019999999999800
mem[X,0x000000008002B3D8] -> 0x8593
mem[X,0x000000008002B3DA] -> 0x1995
[6136] [M]: 0x000000008002B3D8 (0x19958593) addi a1, a1, 0x199
x11 <- 0x0019999999999999
mem[X,0x000000008002B3DC] -> 0x9593
mem[X,0x000000008002B3DE] -> 0x00A5
[6137] [M]: 0x000000008002B3DC (0x00A59593) slli a1, a1, 0xa
x11 <- 0x6666666666666400
mem[X,0x000000008002B3E0] -> 0x8593
mem[X,0x000000008002B3E2] -> 0x2675
[6138] [M]: 0x000000008002B3E0 (0x26758593) addi a1, a1, 0x267
x11 <- 0x6666666666666667
mem[X,0x000000008002B3E4] -> 0x0213
mem[X,0x000000008002B3E6] -> 0x0000
[6139] [M]: 0x000000008002B3E4 (0x00000213) addi tp, zero, 0x0
x4 <- 0x0000000000000000
mem[X,0x000000008002B3E8] -> 0x006F
mem[X,0x000000008002B3EA] -> 0x0100
[6140] [M]: 0x000000008002B3E8 (0x0100006F) jal zero, 0x10
mem[X,0x000000008002B3F8] -> 0x0AE3
mem[X,0x000000008002B3FA] -> 0xFEB5
[6141] [M]: 0x000000008002B3F8 (0xFEB50AE3) beq a0, a1, -0xc
mem[X,0x000000008002B3FC] -> 0x0213
mem[X,0x000000008002B3FE] -> 0x0022
[6142] [M]: 0x000000008002B3FC (0x00220213) addi tp, tp, 0x2
x4 <- 0x0000000000000002
mem[X,0x000000008002B400] -> 0x006F
mem[X,0x000000008002B402] -> 0x00C0
[6143] [M]: 0x000000008002B400 (0x00C0006F) jal zero, 0xc
mem[X,0x000000008002B40C] -> 0x3C23
mem[X,0x000000008002B40E] -> 0x4041
[6144] [M]: 0x000000008002B40C (0x40413C23) sd tp, 0x418(sp)
mem[0x0000000080048DE0] <- 0x0000000000000002
mem[X,0x000000008002B410] -> 0x5537
mem[X,0x000000008002B412] -> 0x5555
[6145] [M]: 0x000000008002B410 (0x55555537) lui a0, 0x55555
x10 <- 0x0000000055555000
mem[X,0x000000008002B414] -> 0x0513
mem[X,0x000000008002B416] -> 0x5555
[6146] [M]: 0x000000008002B414 (0x55550513) addi a0, a0, 0x555
x10 <- 0x0000000055555555
mem[X,0x000000008002B418] -> 0x1513
mem[X,0x000000008002B41A] -> 0x00B5
[6147] [M]: 0x000000008002B418 (0x00B51513) slli a0, a0, 0xb
x10 <- 0x000002AAAAAAA800
mem[X,0x000000008002B41C] -> 0x0513
mem[X,0x000000008002B41E] -> 0x2AA5
[6148] [M]: 0x000000008002B41C (0x2AA50513) addi a0, a0, 0x2aa
x10 <- 0x000002AAAAAAAAAA
mem[X,0x000000008002B420] -> 0x1513
mem[X,0x000000008002B422] -> 0x00B5
[6149] [M]: 0x000000008002B420 (0x00B51513) slli a0, a0, 0xb
x10 <- 0x0015555555555000
mem[X,0x000000008002B424] -> 0x0513
mem[X,0x000000008002B426] -> 0x5555
[6150] [M]: 0x000000008002B424 (0x55550513) addi a0, a0, 0x555
x10 <- 0x0015555555555555
mem[X,0x000000008002B428] -> 0x1513
mem[X,0x000000008002B42A] -> 0x00A5
[6151] [M]: 0x000000008002B428 (0x00A51513) slli a0, a0, 0xa
x10 <- 0x5555555555555400
mem[X,0x000000008002B42C] -> 0x0513
mem[X,0x000000008002B42E] -> 0x1545
[6152] [M]: 0x000000008002B42C (0x15450513) addi a0, a0, 0x154
x10 <- 0x5555555555555554
mem[X,0x000000008002B430] -> 0x05B7
mem[X,0x000000008002B432] -> 0x0000
[6153] [M]: 0x000000008002B430 (0x000005B7) lui a1, 0x0
x11 <- 0x0000000000000000
mem[X,0x000000008002B434] -> 0x8593
mem[X,0x000000008002B436] -> 0xFFF5
[6154] [M]: 0x000000008002B434 (0xFFF58593) addi a1, a1, -0x1
x11 <- 0xFFFFFFFFFFFFFFFF
mem[X,0x000000008002B438] -> 0x9593
mem[X,0x000000008002B43A] -> 0x00B5
[6155] [M]: 0x000000008002B438 (0x00B59593) slli a1, a1, 0xb
x11 <- 0xFFFFFFFFFFFFF800
mem[X,0x000000008002B43C] -> 0x8593
mem[X,0x000000008002B43E] -> 0x2575
[6156] [M]: 0x000000008002B43C (0x25758593) addi a1, a1, 0x257
x11 <- 0xFFFFFFFFFFFFFA57
mem[X,0x000000008002B440] -> 0x9593
mem[X,0x000000008002B442] -> 0x00B5
[6157] [M]: 0x000000008002B440 (0x00B59593) slli a1, a1, 0xb
x11 <- 0xFFFFFFFFFFD2B800
mem[X,0x000000008002B444] -> 0x8593
mem[X,0x000000008002B446] -> 0x6C35
[6158] [M]: 0x000000008002B444 (0x6C358593) addi a1, a1, 0x6c3
x11 <- 0xFFFFFFFFFFD2BEC3
mem[X,0x000000008002B448] -> 0x9593
mem[X,0x000000008002B44A] -> 0x00A5
[6159] [M]: 0x000000008002B448 (0x00A59593) slli a1, a1, 0xa
x11 <- 0xFFFFFFFF4AFB0C00
mem[X,0x000000008002B44C] -> 0x8593
mem[X,0x000000008002B44E] -> 0x0CE5
[6160] [M]: 0x000000008002B44C (0x0CE58593) addi a1, a1, 0xce
x11 <- 0xFFFFFFFF4AFB0CCE
mem[X,0x000000008002B450] -> 0x0213
mem[X,0x000000008002B452] -> 0x0000
[6161] [M]: 0x000000008002B450 (0x00000213) addi tp, zero, 0x0
x4 <- 0x0000000000000000
mem[X,0x000000008002B454] -> 0x006F
mem[X,0x000000008002B456] -> 0x00C0
[6162] [M]: 0x000000008002B454 (0x00C0006F) jal zero, 0xc
mem[X,0x000000008002B460] -> 0x0063
mem[X,0x000000008002B462] -> 0x20B5
[6163] [M]: 0x000000008002B460 (0x20B50063) beq a0, a1, 0x200
mem[X,0x000000008002B464] -> 0x0213
mem[X,0x000000008002B466] -> 0x0022
[6164] [M]: 0x000000008002B464 (0x00220213) addi tp, tp, 0x2
x4 <- 0x0000000000000002
mem[X,0x000000008002B468] -> 0x006F
mem[X,0x000000008002B46A] -> 0x2000
[6165] [M]: 0x000000008002B468 (0x2000006F) jal zero, 0x200
mem[X,0x000000008002B668] -> 0x3023
mem[X,0x000000008002B66A] -> 0x4241
[6166] [M]: 0x000000008002B668 (0x42413023) sd tp, 0x420(sp)
mem[0x0000000080048DE8] <- 0x0000000000000002
mem[X,0x000000008002B66C] -> 0x5537
mem[X,0x000000008002B66E] -> 0x5555
[6167] [M]: 0x000000008002B66C (0x55555537) lui a0, 0x55555
x10 <- 0x0000000055555000
mem[X,0x000000008002B670] -> 0x0513
mem[X,0x000000008002B672] -> 0x5555
[6168] [M]: 0x000000008002B670 (0x55550513) addi a0, a0, 0x555
x10 <- 0x0000000055555555
mem[X,0x000000008002B674] -> 0x1513
mem[X,0x000000008002B676] -> 0x00B5
[6169] [M]: 0x000000008002B674 (0x00B51513) slli a0, a0, 0xb
x10 <- 0x000002AAAAAAA800
mem[X,0x000000008002B678] -> 0x0513
mem[X,0x000000008002B67A] -> 0x2AA5
[6170] [M]: 0x000000008002B678 (0x2AA50513) addi a0, a0, 0x2aa
x10 <- 0x000002AAAAAAAAAA
mem[X,0x000000008002B67C] -> 0x1513
mem[X,0x000000008002B67E] -> 0x00B5
[6171] [M]: 0x000000008002B67C (0x00B51513) slli a0, a0, 0xb
x10 <- 0x0015555555555000
mem[X,0x000000008002B680] -> 0x0513
mem[X,0x000000008002B682] -> 0x5555
[6172] [M]: 0x000000008002B680 (0x55550513) addi a0, a0, 0x555
x10 <- 0x0015555555555555
mem[X,0x000000008002B684] -> 0x1513
mem[X,0x000000008002B686] -> 0x00A5
[6173] [M]: 0x000000008002B684 (0x00A51513) slli a0, a0, 0xa
x10 <- 0x5555555555555400
mem[X,0x000000008002B688] -> 0x0513
mem[X,0x000000008002B68A] -> 0x1545
[6174] [M]: 0x000000008002B688 (0x15450513) addi a0, a0, 0x154
x10 <- 0x5555555555555554
mem[X,0x000000008002B68C] -> 0x05B7
mem[X,0x000000008002B68E] -> 0x0000
[6175] [M]: 0x000000008002B68C (0x000005B7) lui a1, 0x0
x11 <- 0x0000000000000000
mem[X,0x000000008002B690] -> 0x8593
mem[X,0x000000008002B692] -> 0x0005
[6176] [M]: 0x000000008002B690 (0x00058593) addi a1, a1, 0x0
x11 <- 0x0000000000000000
mem[X,0x000000008002B694] -> 0x9593
mem[X,0x000000008002B696] -> 0x00B5
[6177] [M]: 0x000000008002B694 (0x00B59593) slli a1, a1, 0xb
x11 <- 0x0000000000000000
mem[X,0x000000008002B698] -> 0x8593
mem[X,0x000000008002B69A] -> 0x5A85
[6178] [M]: 0x000000008002B698 (0x5A858593) addi a1, a1, 0x5a8
x11 <- 0x00000000000005A8
mem[X,0x000000008002B69C] -> 0x9593
mem[X,0x000000008002B69E] -> 0x00B5
[6179] [M]: 0x000000008002B69C (0x00B59593) slli a1, a1, 0xb
x11 <- 0x00000000002D4000
mem[X,0x000000008002B6A0] -> 0x8593
mem[X,0x000000008002B6A2] -> 0x13C5
[6180] [M]: 0x000000008002B6A0 (0x13C58593) addi a1, a1, 0x13c
x11 <- 0x00000000002D413C
mem[X,0x000000008002B6A4] -> 0x9593
mem[X,0x000000008002B6A6] -> 0x00A5
[6181] [M]: 0x000000008002B6A4 (0x00A59593) slli a1, a1, 0xa
x11 <- 0x00000000B504F000
mem[X,0x000000008002B6A8] -> 0x8593
mem[X,0x000000008002B6AA] -> 0x3345
[6182] [M]: 0x000000008002B6A8 (0x33458593) addi a1, a1, 0x334
x11 <- 0x00000000B504F334
mem[X,0x000000008002B6AC] -> 0x0213
mem[X,0x000000008002B6AE] -> 0x0000
[6183] [M]: 0x000000008002B6AC (0x00000213) addi tp, zero, 0x0
x4 <- 0x0000000000000000
mem[X,0x000000008002B6B0] -> 0x006F
mem[X,0x000000008002B6B2] -> 0x00C0
[6184] [M]: 0x000000008002B6B0 (0x00C0006F) jal zero, 0xc
mem[X,0x000000008002B6BC] -> 0x0663
mem[X,0x000000008002B6BE] -> 0x00B5
[6185] [M]: 0x000000008002B6BC (0x00B50663) beq a0, a1, 0xc
mem[X,0x000000008002B6C0] -> 0x0213
mem[X,0x000000008002B6C2] -> 0x0022
[6186] [M]: 0x000000008002B6C0 (0x00220213) addi tp, tp, 0x2
x4 <- 0x0000000000000002
mem[X,0x000000008002B6C4] -> 0x006F
mem[X,0x000000008002B6C6] -> 0x00C0
[6187] [M]: 0x000000008002B6C4 (0x00C0006F) jal zero, 0xc
mem[X,0x000000008002B6D0] -> 0x3423
mem[X,0x000000008002B6D2] -> 0x4241
[6188] [M]: 0x000000008002B6D0 (0x42413423) sd tp, 0x428(sp)
mem[0x0000000080048DF0] <- 0x0000000000000002
mem[X,0x000000008002B6D4] -> 0x0513
mem[X,0x000000008002B6D6] -> 0x0000
[6189] [M]: 0x000000008002B6D4 (0x00000513) addi a0, zero, 0x0
x10 <- 0x0000000000000000
mem[X,0x000000008002B6D8] -> 0x0593
mem[X,0x000000008002B6DA] -> 0x0030
[6190] [M]: 0x000000008002B6D8 (0x00300593) addi a1, zero, 0x3
x11 <- 0x0000000000000003
mem[X,0x000000008002B6DC] -> 0x0213
mem[X,0x000000008002B6DE] -> 0x0000
[6191] [M]: 0x000000008002B6DC (0x00000213) addi tp, zero, 0x0
x4 <- 0x0000000000000000
mem[X,0x000000008002B6E0] -> 0x006F
mem[X,0x000000008002B6E2] -> 0x00C0
[6192] [M]: 0x000000008002B6E0 (0x00C0006F) jal zero, 0xc
mem[X,0x000000008002B6EC] -> 0x0CE3
mem[X,0x000000008002B6EE] -> 0xFEB5
[6193] [M]: 0x000000008002B6EC (0xFEB50CE3) beq a0, a1, -0x8
mem[X,0x000000008002B6F0] -> 0x0213
mem[X,0x000000008002B6F2] -> 0x0022
[6194] [M]: 0x000000008002B6F0 (0x00220213) addi tp, tp, 0x2
x4 <- 0x0000000000000002
mem[X,0x000000008002B6F4] -> 0x006F
mem[X,0x000000008002B6F6] -> 0x00C0
[6195] [M]: 0x000000008002B6F4 (0x00C0006F) jal zero, 0xc
mem[X,0x000000008002B700] -> 0x3823
mem[X,0x000000008002B702] -> 0x4241
[6196] [M]: 0x000000008002B700 (0x42413823) sd tp, 0x430(sp)
mem[0x0000000080048DF8] <- 0x0000000000000002
mem[X,0x000000008002B704] -> 0x0513
mem[X,0x000000008002B706] -> 0x0000
[6197] [M]: 0x000000008002B704 (0x00000513) addi a0, zero, 0x0
x10 <- 0x0000000000000000
mem[X,0x000000008002B708] -> 0x55B7
mem[X,0x000000008002B70A] -> 0x5555
[6198] [M]: 0x000000008002B708 (0x555555B7) lui a1, 0x55555
x11 <- 0x0000000055555000
mem[X,0x000000008002B70C] -> 0x8593
mem[X,0x000000008002B70E] -> 0x5555
[6199] [M]: 0x000000008002B70C (0x55558593) addi a1, a1, 0x555
x11 <- 0x0000000055555555
clint::tick mtime <- 0x000000000000003E
 clint timer pending at mtime 0x000000000000003E
htif::tick 0x0000000000000000
mem[X,0x000000008002B710] -> 0x9593
mem[X,0x000000008002B712] -> 0x00B5
[6200] [M]: 0x000000008002B710 (0x00B59593) slli a1, a1, 0xb
x11 <- 0x000002AAAAAAA800
mem[X,0x000000008002B714] -> 0x8593
mem[X,0x000000008002B716] -> 0x2AA5
[6201] [M]: 0x000000008002B714 (0x2AA58593) addi a1, a1, 0x2aa
x11 <- 0x000002AAAAAAAAAA
mem[X,0x000000008002B718] -> 0x9593
mem[X,0x000000008002B71A] -> 0x00B5
[6202] [M]: 0x000000008002B718 (0x00B59593) slli a1, a1, 0xb
x11 <- 0x0015555555555000
mem[X,0x000000008002B71C] -> 0x8593
mem[X,0x000000008002B71E] -> 0x5555
[6203] [M]: 0x000000008002B71C (0x55558593) addi a1, a1, 0x555
x11 <- 0x0015555555555555
mem[X,0x000000008002B720] -> 0x9593
mem[X,0x000000008002B722] -> 0x00A5
[6204] [M]: 0x000000008002B720 (0x00A59593) slli a1, a1, 0xa
x11 <- 0x5555555555555400
mem[X,0x000000008002B724] -> 0x8593
mem[X,0x000000008002B726] -> 0x1555
[6205] [M]: 0x000000008002B724 (0x15558593) addi a1, a1, 0x155
x11 <- 0x5555555555555555
mem[X,0x000000008002B728] -> 0x0213
mem[X,0x000000008002B72A] -> 0x0000
[6206] [M]: 0x000000008002B728 (0x00000213) addi tp, zero, 0x0
x4 <- 0x0000000000000000
mem[X,0x000000008002B72C] -> 0x006F
mem[X,0x000000008002B72E] -> 0x00C0
[6207] [M]: 0x000000008002B72C (0x00C0006F) jal zero, 0xc
mem[X,0x000000008002B738] -> 0x0CE3
mem[X,0x000000008002B73A] -> 0xFEB5
[6208] [M]: 0x000000008002B738 (0xFEB50CE3) beq a0, a1, -0x8
mem[X,0x000000008002B73C] -> 0x0213
mem[X,0x000000008002B73E] -> 0x0022
[6209] [M]: 0x000000008002B73C (0x00220213) addi tp, tp, 0x2
x4 <- 0x0000000000000002
mem[X,0x000000008002B740] -> 0x006F
mem[X,0x000000008002B742] -> 0x00C0
[6210] [M]: 0x000000008002B740 (0x00C0006F) jal zero, 0xc
mem[X,0x000000008002B74C] -> 0x3C23
mem[X,0x000000008002B74E] -> 0x4241
[6211] [M]: 0x000000008002B74C (0x42413C23) sd tp, 0x438(sp)
mem[0x0000000080048E00] <- 0x0000000000000002
mem[X,0x000000008002B750] -> 0x0513
mem[X,0x000000008002B752] -> 0x0000
[6212] [M]: 0x000000008002B750 (0x00000513) addi a0, zero, 0x0
x10 <- 0x0000000000000000
mem[X,0x000000008002B754] -> 0xB5B7
mem[X,0x000000008002B756] -> 0xAAAA
[6213] [M]: 0x000000008002B754 (0xAAAAB5B7) lui a1, -0x55555
x11 <- 0xFFFFFFFFAAAAB000
mem[X,0x000000008002B758] -> 0x8593
mem[X,0x000000008002B75A] -> 0xAAA5
[6214] [M]: 0x000000008002B758 (0xAAA58593) addi a1, a1, -0x556
x11 <- 0xFFFFFFFFAAAAAAAA
mem[X,0x000000008002B75C] -> 0x9593
mem[X,0x000000008002B75E] -> 0x00B5
[6215] [M]: 0x000000008002B75C (0x00B59593) slli a1, a1, 0xb
x11 <- 0xFFFFFD5555555000
mem[X,0x000000008002B760] -> 0x8593
mem[X,0x000000008002B762] -> 0x5555
[6216] [M]: 0x000000008002B760 (0x55558593) addi a1, a1, 0x555
x11 <- 0xFFFFFD5555555555
mem[X,0x000000008002B764] -> 0x9593
mem[X,0x000000008002B766] -> 0x00B5
[6217] [M]: 0x000000008002B764 (0x00B59593) slli a1, a1, 0xb
x11 <- 0xFFEAAAAAAAAAA800
mem[X,0x000000008002B768] -> 0x8593
mem[X,0x000000008002B76A] -> 0x2AA5
[6218] [M]: 0x000000008002B768 (0x2AA58593) addi a1, a1, 0x2aa
x11 <- 0xFFEAAAAAAAAAAAAA
mem[X,0x000000008002B76C] -> 0x9593
mem[X,0x000000008002B76E] -> 0x00A5
[6219] [M]: 0x000000008002B76C (0x00A59593) slli a1, a1, 0xa
x11 <- 0xAAAAAAAAAAAAA800
mem[X,0x000000008002B770] -> 0x8593
mem[X,0x000000008002B772] -> 0x2AA5
[6220] [M]: 0x000000008002B770 (0x2AA58593) addi a1, a1, 0x2aa
x11 <- 0xAAAAAAAAAAAAAAAA
mem[X,0x000000008002B774] -> 0x0213
mem[X,0x000000008002B776] -> 0x0000
[6221] [M]: 0x000000008002B774 (0x00000213) addi tp, zero, 0x0
x4 <- 0x0000000000000000
mem[X,0x000000008002B778] -> 0x006F
mem[X,0x000000008002B77A] -> 0x00C0
[6222] [M]: 0x000000008002B778 (0x00C0006F) jal zero, 0xc
mem[X,0x000000008002B784] -> 0x0663
mem[X,0x000000008002B786] -> 0x00B5
[6223] [M]: 0x000000008002B784 (0x00B50663) beq a0, a1, 0xc
mem[X,0x000000008002B788] -> 0x0213
mem[X,0x000000008002B78A] -> 0x0022
[6224] [M]: 0x000000008002B788 (0x00220213) addi tp, tp, 0x2
x4 <- 0x0000000000000002
mem[X,0x000000008002B78C] -> 0x006F
mem[X,0x000000008002B78E] -> 0x00C0
[6225] [M]: 0x000000008002B78C (0x00C0006F) jal zero, 0xc
mem[X,0x000000008002B798] -> 0x3023
mem[X,0x000000008002B79A] -> 0x4441
[6226] [M]: 0x000000008002B798 (0x44413023) sd tp, 0x440(sp)
mem[0x0000000080048E08] <- 0x0000000000000002
mem[X,0x000000008002B79C] -> 0x0513
mem[X,0x000000008002B79E] -> 0x0000
[6227] [M]: 0x000000008002B79C (0x00000513) addi a0, zero, 0x0
x10 <- 0x0000000000000000
mem[X,0x000000008002B7A0] -> 0x0593
mem[X,0x000000008002B7A2] -> 0x0050
[6228] [M]: 0x000000008002B7A0 (0x00500593) addi a1, zero, 0x5
x11 <- 0x0000000000000005
mem[X,0x000000008002B7A4] -> 0x0213
mem[X,0x000000008002B7A6] -> 0x0000
[6229] [M]: 0x000000008002B7A4 (0x00000213) addi tp, zero, 0x0
x4 <- 0x0000000000000000
mem[X,0x000000008002B7A8] -> 0x006F
mem[X,0x000000008002B7AA] -> 0x00C0
[6230] [M]: 0x000000008002B7A8 (0x00C0006F) jal zero, 0xc
mem[X,0x000000008002B7B4] -> 0x0063
mem[X,0x000000008002B7B6] -> 0x08B5
[6231] [M]: 0x000000008002B7B4 (0x08B50063) beq a0, a1, 0x80
mem[X,0x000000008002B7B8] -> 0x0213
mem[X,0x000000008002B7BA] -> 0x0022
[6232] [M]: 0x000000008002B7B8 (0x00220213) addi tp, tp, 0x2
x4 <- 0x0000000000000002
mem[X,0x000000008002B7BC] -> 0x006F
mem[X,0x000000008002B7BE] -> 0x0800
[6233] [M]: 0x000000008002B7BC (0x0800006F) jal zero, 0x80
mem[X,0x000000008002B83C] -> 0x3423
mem[X,0x000000008002B83E] -> 0x4441
[6234] [M]: 0x000000008002B83C (0x44413423) sd tp, 0x448(sp)
mem[0x0000000080048E10] <- 0x0000000000000002
mem[X,0x000000008002B840] -> 0x0513
mem[X,0x000000008002B842] -> 0x0000
[6235] [M]: 0x000000008002B840 (0x00000513) addi a0, zero, 0x0
x10 <- 0x0000000000000000
mem[X,0x000000008002B844] -> 0x35B7
mem[X,0x000000008002B846] -> 0x3333
[6236] [M]: 0x000000008002B844 (0x333335B7) lui a1, 0x33333
x11 <- 0x0000000033333000
mem[X,0x000000008002B848] -> 0x8593
mem[X,0x000000008002B84A] -> 0x3335
[6237] [M]: 0x000000008002B848 (0x33358593) addi a1, a1, 0x333
x11 <- 0x0000000033333333
mem[X,0x000000008002B84C] -> 0x9593
mem[X,0x000000008002B84E] -> 0x00B5
[6238] [M]: 0x000000008002B84C (0x00B59593) slli a1, a1, 0xb
x11 <- 0x0000019999999800
mem[X,0x000000008002B850] -> 0x8593
mem[X,0x000000008002B852] -> 0x1995
[6239] [M]: 0x000000008002B850 (0x19958593) addi a1, a1, 0x199
x11 <- 0x0000019999999999
mem[X,0x000000008002B854] -> 0x9593
mem[X,0x000000008002B856] -> 0x00B5
[6240] [M]: 0x000000008002B854 (0x00B59593) slli a1, a1, 0xb
x11 <- 0x000CCCCCCCCCC800
mem[X,0x000000008002B858] -> 0x8593
mem[X,0x000000008002B85A] -> 0x4CC5
[6241] [M]: 0x000000008002B858 (0x4CC58593) addi a1, a1, 0x4cc
x11 <- 0x000CCCCCCCCCCCCC
mem[X,0x000000008002B85C] -> 0x9593
mem[X,0x000000008002B85E] -> 0x00A5
[6242] [M]: 0x000000008002B85C (0x00A59593) slli a1, a1, 0xa
x11 <- 0x3333333333333000
mem[X,0x000000008002B860] -> 0x8593
mem[X,0x000000008002B862] -> 0x3335
[6243] [M]: 0x000000008002B860 (0x33358593) addi a1, a1, 0x333
x11 <- 0x3333333333333333
mem[X,0x000000008002B864] -> 0x0213
mem[X,0x000000008002B866] -> 0x0000
[6244] [M]: 0x000000008002B864 (0x00000213) addi tp, zero, 0x0
x4 <- 0x0000000000000000
mem[X,0x000000008002B868] -> 0x006F
mem[X,0x000000008002B86A] -> 0x0100
[6245] [M]: 0x000000008002B868 (0x0100006F) jal zero, 0x10
mem[X,0x000000008002B878] -> 0x0AE3
mem[X,0x000000008002B87A] -> 0xFEB5
[6246] [M]: 0x000000008002B878 (0xFEB50AE3) beq a0, a1, -0xc
mem[X,0x000000008002B87C] -> 0x0213
mem[X,0x000000008002B87E] -> 0x0022
[6247] [M]: 0x000000008002B87C (0x00220213) addi tp, tp, 0x2
x4 <- 0x0000000000000002
mem[X,0x000000008002B880] -> 0x006F
mem[X,0x000000008002B882] -> 0x00C0
[6248] [M]: 0x000000008002B880 (0x00C0006F) jal zero, 0xc
mem[X,0x000000008002B88C] -> 0x3823
mem[X,0x000000008002B88E] -> 0x4441
[6249] [M]: 0x000000008002B88C (0x44413823) sd tp, 0x450(sp)
mem[0x0000000080048E18] <- 0x0000000000000002
mem[X,0x000000008002B890] -> 0x0513
mem[X,0x000000008002B892] -> 0x0000
[6250] [M]: 0x000000008002B890 (0x00000513) addi a0, zero, 0x0
x10 <- 0x0000000000000000
mem[X,0x000000008002B894] -> 0x65B7
mem[X,0x000000008002B896] -> 0x6666
[6251] [M]: 0x000000008002B894 (0x666665B7) lui a1, 0x66666
x11 <- 0x0000000066666000
mem[X,0x000000008002B898] -> 0x8593
mem[X,0x000000008002B89A] -> 0x6665
[6252] [M]: 0x000000008002B898 (0x66658593) addi a1, a1, 0x666
x11 <- 0x0000000066666666
mem[X,0x000000008002B89C] -> 0x9593
mem[X,0x000000008002B89E] -> 0x00B5
[6253] [M]: 0x000000008002B89C (0x00B59593) slli a1, a1, 0xb
x11 <- 0x0000033333333000
mem[X,0x000000008002B8A0] -> 0x8593
mem[X,0x000000008002B8A2] -> 0x3335
[6254] [M]: 0x000000008002B8A0 (0x33358593) addi a1, a1, 0x333
x11 <- 0x0000033333333333
mem[X,0x000000008002B8A4] -> 0x9593
mem[X,0x000000008002B8A6] -> 0x00B5
[6255] [M]: 0x000000008002B8A4 (0x00B59593) slli a1, a1, 0xb
x11 <- 0x0019999999999800
mem[X,0x000000008002B8A8] -> 0x8593
mem[X,0x000000008002B8AA] -> 0x1995
[6256] [M]: 0x000000008002B8A8 (0x19958593) addi a1, a1, 0x199
x11 <- 0x0019999999999999
mem[X,0x000000008002B8AC] -> 0x9593
mem[X,0x000000008002B8AE] -> 0x00A5
[6257] [M]: 0x000000008002B8AC (0x00A59593) slli a1, a1, 0xa
x11 <- 0x6666666666666400
mem[X,0x000000008002B8B0] -> 0x8593
mem[X,0x000000008002B8B2] -> 0x2665
[6258] [M]: 0x000000008002B8B0 (0x26658593) addi a1, a1, 0x266
x11 <- 0x6666666666666666
mem[X,0x000000008002B8B4] -> 0x0213
mem[X,0x000000008002B8B6] -> 0x0000
[6259] [M]: 0x000000008002B8B4 (0x00000213) addi tp, zero, 0x0
x4 <- 0x0000000000000000
mem[X,0x000000008002B8B8] -> 0x006F
mem[X,0x000000008002B8BA] -> 0x00C0
[6260] [M]: 0x000000008002B8B8 (0x00C0006F) jal zero, 0xc
mem[X,0x000000008002B8C4] -> 0x0663
mem[X,0x000000008002B8C6] -> 0x00B5
[6261] [M]: 0x000000008002B8C4 (0x00B50663) beq a0, a1, 0xc
mem[X,0x000000008002B8C8] -> 0x0213
mem[X,0x000000008002B8CA] -> 0x0022
[6262] [M]: 0x000000008002B8C8 (0x00220213) addi tp, tp, 0x2
x4 <- 0x0000000000000002
mem[X,0x000000008002B8CC] -> 0x006F
mem[X,0x000000008002B8CE] -> 0x00C0
[6263] [M]: 0x000000008002B8CC (0x00C0006F) jal zero, 0xc
mem[X,0x000000008002B8D8] -> 0x3C23
mem[X,0x000000008002B8DA] -> 0x4441
[6264] [M]: 0x000000008002B8D8 (0x44413C23) sd tp, 0x458(sp)
mem[0x0000000080048E20] <- 0x0000000000000002
mem[X,0x000000008002B8DC] -> 0x0513
mem[X,0x000000008002B8DE] -> 0x0000
[6265] [M]: 0x000000008002B8DC (0x00000513) addi a0, zero, 0x0
x10 <- 0x0000000000000000
mem[X,0x000000008002B8E0] -> 0x05B7
mem[X,0x000000008002B8E2] -> 0x0000
[6266] [M]: 0x000000008002B8E0 (0x000005B7) lui a1, 0x0
x11 <- 0x0000000000000000
mem[X,0x000000008002B8E4] -> 0x8593
mem[X,0x000000008002B8E6] -> 0xFFF5
[6267] [M]: 0x000000008002B8E4 (0xFFF58593) addi a1, a1, -0x1
x11 <- 0xFFFFFFFFFFFFFFFF
mem[X,0x000000008002B8E8] -> 0x9593
mem[X,0x000000008002B8EA] -> 0x00B5
[6268] [M]: 0x000000008002B8E8 (0x00B59593) slli a1, a1, 0xb
x11 <- 0xFFFFFFFFFFFFF800
mem[X,0x000000008002B8EC] -> 0x8593
mem[X,0x000000008002B8EE] -> 0x2575
[6269] [M]: 0x000000008002B8EC (0x25758593) addi a1, a1, 0x257
x11 <- 0xFFFFFFFFFFFFFA57
mem[X,0x000000008002B8F0] -> 0x9593
mem[X,0x000000008002B8F2] -> 0x00B5
[6270] [M]: 0x000000008002B8F0 (0x00B59593) slli a1, a1, 0xb
x11 <- 0xFFFFFFFFFFD2B800
mem[X,0x000000008002B8F4] -> 0x8593
mem[X,0x000000008002B8F6] -> 0x6C35
[6271] [M]: 0x000000008002B8F4 (0x6C358593) addi a1, a1, 0x6c3
x11 <- 0xFFFFFFFFFFD2BEC3
mem[X,0x000000008002B8F8] -> 0x9593
mem[X,0x000000008002B8FA] -> 0x00A5
[6272] [M]: 0x000000008002B8F8 (0x00A59593) slli a1, a1, 0xa
x11 <- 0xFFFFFFFF4AFB0C00
mem[X,0x000000008002B8FC] -> 0x8593
mem[X,0x000000008002B8FE] -> 0x0CD5
[6273] [M]: 0x000000008002B8FC (0x0CD58593) addi a1, a1, 0xcd
x11 <- 0xFFFFFFFF4AFB0CCD
mem[X,0x000000008002B900] -> 0x0213
mem[X,0x000000008002B902] -> 0x0000
[6274] [M]: 0x000000008002B900 (0x00000213) addi tp, zero, 0x0
x4 <- 0x0000000000000000
mem[X,0x000000008002B904] -> 0x006F
mem[X,0x000000008002B906] -> 0x0180
[6275] [M]: 0x000000008002B904 (0x0180006F) jal zero, 0x18
mem[X,0x000000008002B91C] -> 0x06E3
mem[X,0x000000008002B91E] -> 0xFEB5
[6276] [M]: 0x000000008002B91C (0xFEB506E3) beq a0, a1, -0x14
mem[X,0x000000008002B920] -> 0x0213
mem[X,0x000000008002B922] -> 0x0022
[6277] [M]: 0x000000008002B920 (0x00220213) addi tp, tp, 0x2
x4 <- 0x0000000000000002
mem[X,0x000000008002B924] -> 0x006F
mem[X,0x000000008002B926] -> 0x00C0
[6278] [M]: 0x000000008002B924 (0x00C0006F) jal zero, 0xc
mem[X,0x000000008002B930] -> 0x3023
mem[X,0x000000008002B932] -> 0x4641
[6279] [M]: 0x000000008002B930 (0x46413023) sd tp, 0x460(sp)
mem[0x0000000080048E28] <- 0x0000000000000002
mem[X,0x000000008002B934] -> 0x0513
mem[X,0x000000008002B936] -> 0x0000
[6280] [M]: 0x000000008002B934 (0x00000513) addi a0, zero, 0x0
x10 <- 0x0000000000000000
mem[X,0x000000008002B938] -> 0x05B7
mem[X,0x000000008002B93A] -> 0x0000
[6281] [M]: 0x000000008002B938 (0x000005B7) lui a1, 0x0
x11 <- 0x0000000000000000
mem[X,0x000000008002B93C] -> 0x8593
mem[X,0x000000008002B93E] -> 0x0005
[6282] [M]: 0x000000008002B93C (0x00058593) addi a1, a1, 0x0
x11 <- 0x0000000000000000
mem[X,0x000000008002B940] -> 0x9593
mem[X,0x000000008002B942] -> 0x00B5
[6283] [M]: 0x000000008002B940 (0x00B59593) slli a1, a1, 0xb
x11 <- 0x0000000000000000
mem[X,0x000000008002B944] -> 0x8593
mem[X,0x000000008002B946] -> 0x5A85
[6284] [M]: 0x000000008002B944 (0x5A858593) addi a1, a1, 0x5a8
x11 <- 0x00000000000005A8
mem[X,0x000000008002B948] -> 0x9593
mem[X,0x000000008002B94A] -> 0x00B5
[6285] [M]: 0x000000008002B948 (0x00B59593) slli a1, a1, 0xb
x11 <- 0x00000000002D4000
mem[X,0x000000008002B94C] -> 0x8593
mem[X,0x000000008002B94E] -> 0x13C5
[6286] [M]: 0x000000008002B94C (0x13C58593) addi a1, a1, 0x13c
x11 <- 0x00000000002D413C
mem[X,0x000000008002B950] -> 0x9593
mem[X,0x000000008002B952] -> 0x00A5
[6287] [M]: 0x000000008002B950 (0x00A59593) slli a1, a1, 0xa
x11 <- 0x00000000B504F000
mem[X,0x000000008002B954] -> 0x8593
mem[X,0x000000008002B956] -> 0x3335
[6288] [M]: 0x000000008002B954 (0x33358593) addi a1, a1, 0x333
x11 <- 0x00000000B504F333
mem[X,0x000000008002B958] -> 0x0213
mem[X,0x000000008002B95A] -> 0x0000
[6289] [M]: 0x000000008002B958 (0x00000213) addi tp, zero, 0x0
x4 <- 0x0000000000000000
mem[X,0x000000008002B95C] -> 0x006F
mem[X,0x000000008002B95E] -> 0x0100
[6290] [M]: 0x000000008002B95C (0x0100006F) jal zero, 0x10
mem[X,0x000000008002B96C] -> 0x0AE3
mem[X,0x000000008002B96E] -> 0xFEB5
[6291] [M]: 0x000000008002B96C (0xFEB50AE3) beq a0, a1, -0xc
mem[X,0x000000008002B970] -> 0x0213
mem[X,0x000000008002B972] -> 0x0022
[6292] [M]: 0x000000008002B970 (0x00220213) addi tp, tp, 0x2
x4 <- 0x0000000000000002
mem[X,0x000000008002B974] -> 0x006F
mem[X,0x000000008002B976] -> 0x00C0
[6293] [M]: 0x000000008002B974 (0x00C0006F) jal zero, 0xc
mem[X,0x000000008002B980] -> 0x3423
mem[X,0x000000008002B982] -> 0x4641
[6294] [M]: 0x000000008002B980 (0x46413423) sd tp, 0x468(sp)
mem[0x0000000080048E30] <- 0x0000000000000002
mem[X,0x000000008002B984] -> 0x0513
mem[X,0x000000008002B986] -> 0x0000
[6295] [M]: 0x000000008002B984 (0x00000513) addi a0, zero, 0x0
x10 <- 0x0000000000000000
mem[X,0x000000008002B988] -> 0x0593
mem[X,0x000000008002B98A] -> 0x0020
[6296] [M]: 0x000000008002B988 (0x00200593) addi a1, zero, 0x2
x11 <- 0x0000000000000002
mem[X,0x000000008002B98C] -> 0x0213
mem[X,0x000000008002B98E] -> 0x0000
[6297] [M]: 0x000000008002B98C (0x00000213) addi tp, zero, 0x0
x4 <- 0x0000000000000000
mem[X,0x000000008002B990] -> 0x006F
mem[X,0x000000008002B992] -> 0x00C0
[6298] [M]: 0x000000008002B990 (0x00C0006F) jal zero, 0xc
mem[X,0x000000008002B99C] -> 0x0663
mem[X,0x000000008002B99E] -> 0x00B5
[6299] [M]: 0x000000008002B99C (0x00B50663) beq a0, a1, 0xc
clint::tick mtime <- 0x000000000000003F
 clint timer pending at mtime 0x000000000000003F
htif::tick 0x0000000000000000
mem[X,0x000000008002B9A0] -> 0x0213
mem[X,0x000000008002B9A2] -> 0x0022
[6300] [M]: 0x000000008002B9A0 (0x00220213) addi tp, tp, 0x2
x4 <- 0x0000000000000002
mem[X,0x000000008002B9A4] -> 0x006F
mem[X,0x000000008002B9A6] -> 0x00C0
[6301] [M]: 0x000000008002B9A4 (0x00C0006F) jal zero, 0xc
mem[X,0x000000008002B9B0] -> 0x3823
mem[X,0x000000008002B9B2] -> 0x4641
[6302] [M]: 0x000000008002B9B0 (0x46413823) sd tp, 0x470(sp)
mem[0x0000000080048E38] <- 0x0000000000000002
mem[X,0x000000008002B9B4] -> 0x0513
mem[X,0x000000008002B9B6] -> 0x0040
[6303] [M]: 0x000000008002B9B4 (0x00400513) addi a0, zero, 0x4
x10 <- 0x0000000000000004
mem[X,0x000000008002B9B8] -> 0x0593
mem[X,0x000000008002B9BA] -> 0x0030
[6304] [M]: 0x000000008002B9B8 (0x00300593) addi a1, zero, 0x3
x11 <- 0x0000000000000003
mem[X,0x000000008002B9BC] -> 0x0213
mem[X,0x000000008002B9BE] -> 0x0000
[6305] [M]: 0x000000008002B9BC (0x00000213) addi tp, zero, 0x0
x4 <- 0x0000000000000000
mem[X,0x000000008002B9C0] -> 0x006F
mem[X,0x000000008002B9C2] -> 0x00C0
[6306] [M]: 0x000000008002B9C0 (0x00C0006F) jal zero, 0xc
mem[X,0x000000008002B9CC] -> 0x0CE3
mem[X,0x000000008002B9CE] -> 0xFEB5
[6307] [M]: 0x000000008002B9CC (0xFEB50CE3) beq a0, a1, -0x8
mem[X,0x000000008002B9D0] -> 0x0213
mem[X,0x000000008002B9D2] -> 0x0022
[6308] [M]: 0x000000008002B9D0 (0x00220213) addi tp, tp, 0x2
x4 <- 0x0000000000000002
mem[X,0x000000008002B9D4] -> 0x006F
mem[X,0x000000008002B9D6] -> 0x00C0
[6309] [M]: 0x000000008002B9D4 (0x00C0006F) jal zero, 0xc
mem[X,0x000000008002B9E0] -> 0x3C23
mem[X,0x000000008002B9E2] -> 0x4641
[6310] [M]: 0x000000008002B9E0 (0x46413C23) sd tp, 0x478(sp)
mem[0x0000000080048E40] <- 0x0000000000000002
mem[X,0x000000008002B9E4] -> 0x0513
mem[X,0x000000008002B9E6] -> 0x0040
[6311] [M]: 0x000000008002B9E4 (0x00400513) addi a0, zero, 0x4
x10 <- 0x0000000000000004
mem[X,0x000000008002B9E8] -> 0x55B7
mem[X,0x000000008002B9EA] -> 0x5555
[6312] [M]: 0x000000008002B9E8 (0x555555B7) lui a1, 0x55555
x11 <- 0x0000000055555000
mem[X,0x000000008002B9EC] -> 0x8593
mem[X,0x000000008002B9EE] -> 0x5555
[6313] [M]: 0x000000008002B9EC (0x55558593) addi a1, a1, 0x555
x11 <- 0x0000000055555555
mem[X,0x000000008002B9F0] -> 0x9593
mem[X,0x000000008002B9F2] -> 0x00B5
[6314] [M]: 0x000000008002B9F0 (0x00B59593) slli a1, a1, 0xb
x11 <- 0x000002AAAAAAA800
mem[X,0x000000008002B9F4] -> 0x8593
mem[X,0x000000008002B9F6] -> 0x2AA5
[6315] [M]: 0x000000008002B9F4 (0x2AA58593) addi a1, a1, 0x2aa
x11 <- 0x000002AAAAAAAAAA
mem[X,0x000000008002B9F8] -> 0x9593
mem[X,0x000000008002B9FA] -> 0x00B5
[6316] [M]: 0x000000008002B9F8 (0x00B59593) slli a1, a1, 0xb
x11 <- 0x0015555555555000
mem[X,0x000000008002B9FC] -> 0x8593
mem[X,0x000000008002B9FE] -> 0x5555
[6317] [M]: 0x000000008002B9FC (0x55558593) addi a1, a1, 0x555
x11 <- 0x0015555555555555
mem[X,0x000000008002BA00] -> 0x9593
mem[X,0x000000008002BA02] -> 0x00A5
[6318] [M]: 0x000000008002BA00 (0x00A59593) slli a1, a1, 0xa
x11 <- 0x5555555555555400
mem[X,0x000000008002BA04] -> 0x8593
mem[X,0x000000008002BA06] -> 0x1555
[6319] [M]: 0x000000008002BA04 (0x15558593) addi a1, a1, 0x155
x11 <- 0x5555555555555555
mem[X,0x000000008002BA08] -> 0x0213
mem[X,0x000000008002BA0A] -> 0x0000
[6320] [M]: 0x000000008002BA08 (0x00000213) addi tp, zero, 0x0
x4 <- 0x0000000000000000
mem[X,0x000000008002BA0C] -> 0x006F
mem[X,0x000000008002BA0E] -> 0x00C0
[6321] [M]: 0x000000008002BA0C (0x00C0006F) jal zero, 0xc
mem[X,0x000000008002BA18] -> 0x0663
mem[X,0x000000008002BA1A] -> 0x00B5
[6322] [M]: 0x000000008002BA18 (0x00B50663) beq a0, a1, 0xc
mem[X,0x000000008002BA1C] -> 0x0213
mem[X,0x000000008002BA1E] -> 0x0022
[6323] [M]: 0x000000008002BA1C (0x00220213) addi tp, tp, 0x2
x4 <- 0x0000000000000002
mem[X,0x000000008002BA20] -> 0x006F
mem[X,0x000000008002BA22] -> 0x00C0
[6324] [M]: 0x000000008002BA20 (0x00C0006F) jal zero, 0xc
mem[X,0x000000008002BA2C] -> 0x3023
mem[X,0x000000008002BA2E] -> 0x4841
[6325] [M]: 0x000000008002BA2C (0x48413023) sd tp, 0x480(sp)
mem[0x0000000080048E48] <- 0x0000000000000002
mem[X,0x000000008002BA30] -> 0x0513
mem[X,0x000000008002BA32] -> 0x0040
[6326] [M]: 0x000000008002BA30 (0x00400513) addi a0, zero, 0x4
x10 <- 0x0000000000000004
mem[X,0x000000008002BA34] -> 0xB5B7
mem[X,0x000000008002BA36] -> 0xAAAA
[6327] [M]: 0x000000008002BA34 (0xAAAAB5B7) lui a1, -0x55555
x11 <- 0xFFFFFFFFAAAAB000
mem[X,0x000000008002BA38] -> 0x8593
mem[X,0x000000008002BA3A] -> 0xAAA5
[6328] [M]: 0x000000008002BA38 (0xAAA58593) addi a1, a1, -0x556
x11 <- 0xFFFFFFFFAAAAAAAA
mem[X,0x000000008002BA3C] -> 0x9593
mem[X,0x000000008002BA3E] -> 0x00B5
[6329] [M]: 0x000000008002BA3C (0x00B59593) slli a1, a1, 0xb
x11 <- 0xFFFFFD5555555000
mem[X,0x000000008002BA40] -> 0x8593
mem[X,0x000000008002BA42] -> 0x5555
[6330] [M]: 0x000000008002BA40 (0x55558593) addi a1, a1, 0x555
x11 <- 0xFFFFFD5555555555
mem[X,0x000000008002BA44] -> 0x9593
mem[X,0x000000008002BA46] -> 0x00B5
[6331] [M]: 0x000000008002BA44 (0x00B59593) slli a1, a1, 0xb
x11 <- 0xFFEAAAAAAAAAA800
mem[X,0x000000008002BA48] -> 0x8593
mem[X,0x000000008002BA4A] -> 0x2AA5
[6332] [M]: 0x000000008002BA48 (0x2AA58593) addi a1, a1, 0x2aa
x11 <- 0xFFEAAAAAAAAAAAAA
mem[X,0x000000008002BA4C] -> 0x9593
mem[X,0x000000008002BA4E] -> 0x00A5
[6333] [M]: 0x000000008002BA4C (0x00A59593) slli a1, a1, 0xa
x11 <- 0xAAAAAAAAAAAAA800
mem[X,0x000000008002BA50] -> 0x8593
mem[X,0x000000008002BA52] -> 0x2AA5
[6334] [M]: 0x000000008002BA50 (0x2AA58593) addi a1, a1, 0x2aa
x11 <- 0xAAAAAAAAAAAAAAAA
mem[X,0x000000008002BA54] -> 0x0213
mem[X,0x000000008002BA56] -> 0x0000
[6335] [M]: 0x000000008002BA54 (0x00000213) addi tp, zero, 0x0
x4 <- 0x0000000000000000
mem[X,0x000000008002BA58] -> 0x006F
mem[X,0x000000008002BA5A] -> 0x2B10
[6336] [M]: 0x000000008002BA58 (0x2B10006F) jal zero, 0xab0
mem[X,0x000000008002C508] -> 0x0A63
mem[X,0x000000008002C50A] -> 0xD4B5
[6337] [M]: 0x000000008002C508 (0xD4B50A63) beq a0, a1, -0xaac
mem[X,0x000000008002C50C] -> 0x0213
mem[X,0x000000008002C50E] -> 0x0022
[6338] [M]: 0x000000008002C50C (0x00220213) addi tp, tp, 0x2
x4 <- 0x0000000000000002
mem[X,0x000000008002C510] -> 0x006F
mem[X,0x000000008002C512] -> 0x00C0
[6339] [M]: 0x000000008002C510 (0x00C0006F) jal zero, 0xc
mem[X,0x000000008002C51C] -> 0x3423
mem[X,0x000000008002C51E] -> 0x4841
[6340] [M]: 0x000000008002C51C (0x48413423) sd tp, 0x488(sp)
mem[0x0000000080048E50] <- 0x0000000000000002
mem[X,0x000000008002C520] -> 0x0513
mem[X,0x000000008002C522] -> 0x0040
[6341] [M]: 0x000000008002C520 (0x00400513) addi a0, zero, 0x4
x10 <- 0x0000000000000004
mem[X,0x000000008002C524] -> 0x0593
mem[X,0x000000008002C526] -> 0x0050
[6342] [M]: 0x000000008002C524 (0x00500593) addi a1, zero, 0x5
x11 <- 0x0000000000000005
mem[X,0x000000008002C528] -> 0x0213
mem[X,0x000000008002C52A] -> 0x0000
[6343] [M]: 0x000000008002C528 (0x00000213) addi tp, zero, 0x0
x4 <- 0x0000000000000000
mem[X,0x000000008002C52C] -> 0x006F
mem[X,0x000000008002C52E] -> 0x0180
[6344] [M]: 0x000000008002C52C (0x0180006F) jal zero, 0x18
mem[X,0x000000008002C544] -> 0x06E3
mem[X,0x000000008002C546] -> 0xFEB5
[6345] [M]: 0x000000008002C544 (0xFEB506E3) beq a0, a1, -0x14
mem[X,0x000000008002C548] -> 0x0213
mem[X,0x000000008002C54A] -> 0x0022
[6346] [M]: 0x000000008002C548 (0x00220213) addi tp, tp, 0x2
x4 <- 0x0000000000000002
mem[X,0x000000008002C54C] -> 0x006F
mem[X,0x000000008002C54E] -> 0x00C0
[6347] [M]: 0x000000008002C54C (0x00C0006F) jal zero, 0xc
mem[X,0x000000008002C558] -> 0x3823
mem[X,0x000000008002C55A] -> 0x4841
[6348] [M]: 0x000000008002C558 (0x48413823) sd tp, 0x490(sp)
mem[0x0000000080048E58] <- 0x0000000000000002
mem[X,0x000000008002C55C] -> 0x0513
mem[X,0x000000008002C55E] -> 0x0040
[6349] [M]: 0x000000008002C55C (0x00400513) addi a0, zero, 0x4
x10 <- 0x0000000000000004
mem[X,0x000000008002C560] -> 0x35B7
mem[X,0x000000008002C562] -> 0x3333
[6350] [M]: 0x000000008002C560 (0x333335B7) lui a1, 0x33333
x11 <- 0x0000000033333000
mem[X,0x000000008002C564] -> 0x8593
mem[X,0x000000008002C566] -> 0x3335
[6351] [M]: 0x000000008002C564 (0x33358593) addi a1, a1, 0x333
x11 <- 0x0000000033333333
mem[X,0x000000008002C568] -> 0x9593
mem[X,0x000000008002C56A] -> 0x00B5
[6352] [M]: 0x000000008002C568 (0x00B59593) slli a1, a1, 0xb
x11 <- 0x0000019999999800
mem[X,0x000000008002C56C] -> 0x8593
mem[X,0x000000008002C56E] -> 0x1995
[6353] [M]: 0x000000008002C56C (0x19958593) addi a1, a1, 0x199
x11 <- 0x0000019999999999
mem[X,0x000000008002C570] -> 0x9593
mem[X,0x000000008002C572] -> 0x00B5
[6354] [M]: 0x000000008002C570 (0x00B59593) slli a1, a1, 0xb
x11 <- 0x000CCCCCCCCCC800
mem[X,0x000000008002C574] -> 0x8593
mem[X,0x000000008002C576] -> 0x4CC5
[6355] [M]: 0x000000008002C574 (0x4CC58593) addi a1, a1, 0x4cc
x11 <- 0x000CCCCCCCCCCCCC
mem[X,0x000000008002C578] -> 0x9593
mem[X,0x000000008002C57A] -> 0x00A5
[6356] [M]: 0x000000008002C578 (0x00A59593) slli a1, a1, 0xa
x11 <- 0x3333333333333000
mem[X,0x000000008002C57C] -> 0x8593
mem[X,0x000000008002C57E] -> 0x3335
[6357] [M]: 0x000000008002C57C (0x33358593) addi a1, a1, 0x333
x11 <- 0x3333333333333333
mem[X,0x000000008002C580] -> 0x0213
mem[X,0x000000008002C582] -> 0x0000
[6358] [M]: 0x000000008002C580 (0x00000213) addi tp, zero, 0x0
x4 <- 0x0000000000000000
mem[X,0x000000008002C584] -> 0x006F
mem[X,0x000000008002C586] -> 0x00C0
[6359] [M]: 0x000000008002C584 (0x00C0006F) jal zero, 0xc
mem[X,0x000000008002C590] -> 0x0CE3
mem[X,0x000000008002C592] -> 0xFEB5
[6360] [M]: 0x000000008002C590 (0xFEB50CE3) beq a0, a1, -0x8
mem[X,0x000000008002C594] -> 0x0213
mem[X,0x000000008002C596] -> 0x0022
[6361] [M]: 0x000000008002C594 (0x00220213) addi tp, tp, 0x2
x4 <- 0x0000000000000002
mem[X,0x000000008002C598] -> 0x006F
mem[X,0x000000008002C59A] -> 0x00C0
[6362] [M]: 0x000000008002C598 (0x00C0006F) jal zero, 0xc
mem[X,0x000000008002C5A4] -> 0x3C23
mem[X,0x000000008002C5A6] -> 0x4841
[6363] [M]: 0x000000008002C5A4 (0x48413C23) sd tp, 0x498(sp)
mem[0x0000000080048E60] <- 0x0000000000000002
mem[X,0x000000008002C5A8] -> 0x0513
mem[X,0x000000008002C5AA] -> 0x0040
[6364] [M]: 0x000000008002C5A8 (0x00400513) addi a0, zero, 0x4
x10 <- 0x0000000000000004
mem[X,0x000000008002C5AC] -> 0x65B7
mem[X,0x000000008002C5AE] -> 0x6666
[6365] [M]: 0x000000008002C5AC (0x666665B7) lui a1, 0x66666
x11 <- 0x0000000066666000
mem[X,0x000000008002C5B0] -> 0x8593
mem[X,0x000000008002C5B2] -> 0x6665
[6366] [M]: 0x000000008002C5B0 (0x66658593) addi a1, a1, 0x666
x11 <- 0x0000000066666666
mem[X,0x000000008002C5B4] -> 0x9593
mem[X,0x000000008002C5B6] -> 0x00B5
[6367] [M]: 0x000000008002C5B4 (0x00B59593) slli a1, a1, 0xb
x11 <- 0x0000033333333000
mem[X,0x000000008002C5B8] -> 0x8593
mem[X,0x000000008002C5BA] -> 0x3335
[6368] [M]: 0x000000008002C5B8 (0x33358593) addi a1, a1, 0x333
x11 <- 0x0000033333333333
mem[X,0x000000008002C5BC] -> 0x9593
mem[X,0x000000008002C5BE] -> 0x00B5
[6369] [M]: 0x000000008002C5BC (0x00B59593) slli a1, a1, 0xb
x11 <- 0x0019999999999800
mem[X,0x000000008002C5C0] -> 0x8593
mem[X,0x000000008002C5C2] -> 0x1995
[6370] [M]: 0x000000008002C5C0 (0x19958593) addi a1, a1, 0x199
x11 <- 0x0019999999999999
mem[X,0x000000008002C5C4] -> 0x9593
mem[X,0x000000008002C5C6] -> 0x00A5
[6371] [M]: 0x000000008002C5C4 (0x00A59593) slli a1, a1, 0xa
x11 <- 0x6666666666666400
mem[X,0x000000008002C5C8] -> 0x8593
mem[X,0x000000008002C5CA] -> 0x2665
[6372] [M]: 0x000000008002C5C8 (0x26658593) addi a1, a1, 0x266
x11 <- 0x6666666666666666
mem[X,0x000000008002C5CC] -> 0x0213
mem[X,0x000000008002C5CE] -> 0x0000
[6373] [M]: 0x000000008002C5CC (0x00000213) addi tp, zero, 0x0
x4 <- 0x0000000000000000
mem[X,0x000000008002C5D0] -> 0x006F
mem[X,0x000000008002C5D2] -> 0x0100
[6374] [M]: 0x000000008002C5D0 (0x0100006F) jal zero, 0x10
mem[X,0x000000008002C5E0] -> 0x0AE3
mem[X,0x000000008002C5E2] -> 0xFEB5
[6375] [M]: 0x000000008002C5E0 (0xFEB50AE3) beq a0, a1, -0xc
mem[X,0x000000008002C5E4] -> 0x0213
mem[X,0x000000008002C5E6] -> 0x0022
[6376] [M]: 0x000000008002C5E4 (0x00220213) addi tp, tp, 0x2
x4 <- 0x0000000000000002
mem[X,0x000000008002C5E8] -> 0x006F
mem[X,0x000000008002C5EA] -> 0x00C0
[6377] [M]: 0x000000008002C5E8 (0x00C0006F) jal zero, 0xc
mem[X,0x000000008002C5F4] -> 0x3023
mem[X,0x000000008002C5F6] -> 0x4A41
[6378] [M]: 0x000000008002C5F4 (0x4A413023) sd tp, 0x4a0(sp)
mem[0x0000000080048E68] <- 0x0000000000000002
mem[X,0x000000008002C5F8] -> 0x0513
mem[X,0x000000008002C5FA] -> 0x0040
[6379] [M]: 0x000000008002C5F8 (0x00400513) addi a0, zero, 0x4
x10 <- 0x0000000000000004
mem[X,0x000000008002C5FC] -> 0x05B7
mem[X,0x000000008002C5FE] -> 0x0000
[6380] [M]: 0x000000008002C5FC (0x000005B7) lui a1, 0x0
x11 <- 0x0000000000000000
mem[X,0x000000008002C600] -> 0x8593
mem[X,0x000000008002C602] -> 0xFFF5
[6381] [M]: 0x000000008002C600 (0xFFF58593) addi a1, a1, -0x1
x11 <- 0xFFFFFFFFFFFFFFFF
mem[X,0x000000008002C604] -> 0x9593
mem[X,0x000000008002C606] -> 0x00B5
[6382] [M]: 0x000000008002C604 (0x00B59593) slli a1, a1, 0xb
x11 <- 0xFFFFFFFFFFFFF800
mem[X,0x000000008002C608] -> 0x8593
mem[X,0x000000008002C60A] -> 0x2575
[6383] [M]: 0x000000008002C608 (0x25758593) addi a1, a1, 0x257
x11 <- 0xFFFFFFFFFFFFFA57
mem[X,0x000000008002C60C] -> 0x9593
mem[X,0x000000008002C60E] -> 0x00B5
[6384] [M]: 0x000000008002C60C (0x00B59593) slli a1, a1, 0xb
x11 <- 0xFFFFFFFFFFD2B800
mem[X,0x000000008002C610] -> 0x8593
mem[X,0x000000008002C612] -> 0x6C35
[6385] [M]: 0x000000008002C610 (0x6C358593) addi a1, a1, 0x6c3
x11 <- 0xFFFFFFFFFFD2BEC3
mem[X,0x000000008002C614] -> 0x9593
mem[X,0x000000008002C616] -> 0x00A5
[6386] [M]: 0x000000008002C614 (0x00A59593) slli a1, a1, 0xa
x11 <- 0xFFFFFFFF4AFB0C00
mem[X,0x000000008002C618] -> 0x8593
mem[X,0x000000008002C61A] -> 0x0CD5
[6387] [M]: 0x000000008002C618 (0x0CD58593) addi a1, a1, 0xcd
x11 <- 0xFFFFFFFF4AFB0CCD
mem[X,0x000000008002C61C] -> 0x0213
mem[X,0x000000008002C61E] -> 0x0000
[6388] [M]: 0x000000008002C61C (0x00000213) addi tp, zero, 0x0
x4 <- 0x0000000000000000
mem[X,0x000000008002C620] -> 0x006F
mem[X,0x000000008002C622] -> 0x00C0
[6389] [M]: 0x000000008002C620 (0x00C0006F) jal zero, 0xc
mem[X,0x000000008002C62C] -> 0x0663
mem[X,0x000000008002C62E] -> 0x00B5
[6390] [M]: 0x000000008002C62C (0x00B50663) beq a0, a1, 0xc
mem[X,0x000000008002C630] -> 0x0213
mem[X,0x000000008002C632] -> 0x0022
[6391] [M]: 0x000000008002C630 (0x00220213) addi tp, tp, 0x2
x4 <- 0x0000000000000002
mem[X,0x000000008002C634] -> 0x006F
mem[X,0x000000008002C636] -> 0x00C0
[6392] [M]: 0x000000008002C634 (0x00C0006F) jal zero, 0xc
mem[X,0x000000008002C640] -> 0x3423
mem[X,0x000000008002C642] -> 0x4A41
[6393] [M]: 0x000000008002C640 (0x4A413423) sd tp, 0x4a8(sp)
mem[0x0000000080048E70] <- 0x0000000000000002
mem[X,0x000000008002C644] -> 0x0513
mem[X,0x000000008002C646] -> 0x0040
[6394] [M]: 0x000000008002C644 (0x00400513) addi a0, zero, 0x4
x10 <- 0x0000000000000004
mem[X,0x000000008002C648] -> 0x05B7
mem[X,0x000000008002C64A] -> 0x0000
[6395] [M]: 0x000000008002C648 (0x000005B7) lui a1, 0x0
x11 <- 0x0000000000000000
mem[X,0x000000008002C64C] -> 0x8593
mem[X,0x000000008002C64E] -> 0x0005
[6396] [M]: 0x000000008002C64C (0x00058593) addi a1, a1, 0x0
x11 <- 0x0000000000000000
mem[X,0x000000008002C650] -> 0x9593
mem[X,0x000000008002C652] -> 0x00B5
[6397] [M]: 0x000000008002C650 (0x00B59593) slli a1, a1, 0xb
x11 <- 0x0000000000000000
mem[X,0x000000008002C654] -> 0x8593
mem[X,0x000000008002C656] -> 0x5A85
[6398] [M]: 0x000000008002C654 (0x5A858593) addi a1, a1, 0x5a8
x11 <- 0x00000000000005A8
mem[X,0x000000008002C658] -> 0x9593
mem[X,0x000000008002C65A] -> 0x00B5
[6399] [M]: 0x000000008002C658 (0x00B59593) slli a1, a1, 0xb
x11 <- 0x00000000002D4000
clint::tick mtime <- 0x0000000000000040
 clint timer pending at mtime 0x0000000000000040
htif::tick 0x0000000000000000
mem[X,0x000000008002C65C] -> 0x8593
mem[X,0x000000008002C65E] -> 0x13C5
[6400] [M]: 0x000000008002C65C (0x13C58593) addi a1, a1, 0x13c
x11 <- 0x00000000002D413C
mem[X,0x000000008002C660] -> 0x9593
mem[X,0x000000008002C662] -> 0x00A5
[6401] [M]: 0x000000008002C660 (0x00A59593) slli a1, a1, 0xa
x11 <- 0x00000000B504F000
mem[X,0x000000008002C664] -> 0x8593
mem[X,0x000000008002C666] -> 0x3335
[6402] [M]: 0x000000008002C664 (0x33358593) addi a1, a1, 0x333
x11 <- 0x00000000B504F333
mem[X,0x000000008002C668] -> 0x0213
mem[X,0x000000008002C66A] -> 0x0000
[6403] [M]: 0x000000008002C668 (0x00000213) addi tp, zero, 0x0
x4 <- 0x0000000000000000
mem[X,0x000000008002C66C] -> 0x006F
mem[X,0x000000008002C66E] -> 0x0140
[6404] [M]: 0x000000008002C66C (0x0140006F) jal zero, 0x14
mem[X,0x000000008002C680] -> 0x08E3
mem[X,0x000000008002C682] -> 0xFEB5
[6405] [M]: 0x000000008002C680 (0xFEB508E3) beq a0, a1, -0x10
mem[X,0x000000008002C684] -> 0x0213
mem[X,0x000000008002C686] -> 0x0022
[6406] [M]: 0x000000008002C684 (0x00220213) addi tp, tp, 0x2
x4 <- 0x0000000000000002
mem[X,0x000000008002C688] -> 0x006F
mem[X,0x000000008002C68A] -> 0x00C0
[6407] [M]: 0x000000008002C688 (0x00C0006F) jal zero, 0xc
mem[X,0x000000008002C694] -> 0x3823
mem[X,0x000000008002C696] -> 0x4A41
[6408] [M]: 0x000000008002C694 (0x4A413823) sd tp, 0x4b0(sp)
mem[0x0000000080048E78] <- 0x0000000000000002
mem[X,0x000000008002C698] -> 0x0513
mem[X,0x000000008002C69A] -> 0x0040
[6409] [M]: 0x000000008002C698 (0x00400513) addi a0, zero, 0x4
x10 <- 0x0000000000000004
mem[X,0x000000008002C69C] -> 0x0593
mem[X,0x000000008002C69E] -> 0x0020
[6410] [M]: 0x000000008002C69C (0x00200593) addi a1, zero, 0x2
x11 <- 0x0000000000000002
mem[X,0x000000008002C6A0] -> 0x0213
mem[X,0x000000008002C6A2] -> 0x0000
[6411] [M]: 0x000000008002C6A0 (0x00000213) addi tp, zero, 0x0
x4 <- 0x0000000000000000
mem[X,0x000000008002C6A4] -> 0x006F
mem[X,0x000000008002C6A6] -> 0x00C0
[6412] [M]: 0x000000008002C6A4 (0x00C0006F) jal zero, 0xc
mem[X,0x000000008002C6B0] -> 0x0863
mem[X,0x000000008002C6B2] -> 0x00B5
[6413] [M]: 0x000000008002C6B0 (0x00B50863) beq a0, a1, 0x10
mem[X,0x000000008002C6B4] -> 0x0213
mem[X,0x000000008002C6B6] -> 0x0022
[6414] [M]: 0x000000008002C6B4 (0x00220213) addi tp, tp, 0x2
x4 <- 0x0000000000000002
mem[X,0x000000008002C6B8] -> 0x006F
mem[X,0x000000008002C6BA] -> 0x0100
[6415] [M]: 0x000000008002C6B8 (0x0100006F) jal zero, 0x10
mem[X,0x000000008002C6C8] -> 0x3C23
mem[X,0x000000008002C6CA] -> 0x4A41
[6416] [M]: 0x000000008002C6C8 (0x4A413C23) sd tp, 0x4b8(sp)
mem[0x0000000080048E80] <- 0x0000000000000002
mem[X,0x000000008002C6CC] -> 0x0513
mem[X,0x000000008002C6CE] -> 0x0040
[6417] [M]: 0x000000008002C6CC (0x00400513) addi a0, zero, 0x4
x10 <- 0x0000000000000004
mem[X,0x000000008002C6D0] -> 0x55B7
mem[X,0x000000008002C6D2] -> 0x5555
[6418] [M]: 0x000000008002C6D0 (0x555555B7) lui a1, 0x55555
x11 <- 0x0000000055555000
mem[X,0x000000008002C6D4] -> 0x8593
mem[X,0x000000008002C6D6] -> 0x5555
[6419] [M]: 0x000000008002C6D4 (0x55558593) addi a1, a1, 0x555
x11 <- 0x0000000055555555
mem[X,0x000000008002C6D8] -> 0x9593
mem[X,0x000000008002C6DA] -> 0x00B5
[6420] [M]: 0x000000008002C6D8 (0x00B59593) slli a1, a1, 0xb
x11 <- 0x000002AAAAAAA800
mem[X,0x000000008002C6DC] -> 0x8593
mem[X,0x000000008002C6DE] -> 0x2AA5
[6421] [M]: 0x000000008002C6DC (0x2AA58593) addi a1, a1, 0x2aa
x11 <- 0x000002AAAAAAAAAA
mem[X,0x000000008002C6E0] -> 0x9593
mem[X,0x000000008002C6E2] -> 0x00B5
[6422] [M]: 0x000000008002C6E0 (0x00B59593) slli a1, a1, 0xb
x11 <- 0x0015555555555000
mem[X,0x000000008002C6E4] -> 0x8593
mem[X,0x000000008002C6E6] -> 0x5555
[6423] [M]: 0x000000008002C6E4 (0x55558593) addi a1, a1, 0x555
x11 <- 0x0015555555555555
mem[X,0x000000008002C6E8] -> 0x9593
mem[X,0x000000008002C6EA] -> 0x00A5
[6424] [M]: 0x000000008002C6E8 (0x00A59593) slli a1, a1, 0xa
x11 <- 0x5555555555555400
mem[X,0x000000008002C6EC] -> 0x8593
mem[X,0x000000008002C6EE] -> 0x1545
[6425] [M]: 0x000000008002C6EC (0x15458593) addi a1, a1, 0x154
x11 <- 0x5555555555555554
mem[X,0x000000008002C6F0] -> 0x0213
mem[X,0x000000008002C6F2] -> 0x0000
[6426] [M]: 0x000000008002C6F0 (0x00000213) addi tp, zero, 0x0
x4 <- 0x0000000000000000
mem[X,0x000000008002C6F4] -> 0x006F
mem[X,0x000000008002C6F6] -> 0x00C0
[6427] [M]: 0x000000008002C6F4 (0x00C0006F) jal zero, 0xc
mem[X,0x000000008002C700] -> 0x0663
mem[X,0x000000008002C702] -> 0x00B5
[6428] [M]: 0x000000008002C700 (0x00B50663) beq a0, a1, 0xc
mem[X,0x000000008002C704] -> 0x0213
mem[X,0x000000008002C706] -> 0x0022
[6429] [M]: 0x000000008002C704 (0x00220213) addi tp, tp, 0x2
x4 <- 0x0000000000000002
mem[X,0x000000008002C708] -> 0x006F
mem[X,0x000000008002C70A] -> 0x00C0
[6430] [M]: 0x000000008002C708 (0x00C0006F) jal zero, 0xc
mem[X,0x000000008002C714] -> 0x3023
mem[X,0x000000008002C716] -> 0x4C41
[6431] [M]: 0x000000008002C714 (0x4C413023) sd tp, 0x4c0(sp)
mem[0x0000000080048E88] <- 0x0000000000000002
mem[X,0x000000008002C718] -> 0x0513
mem[X,0x000000008002C71A] -> 0x0040
[6432] [M]: 0x000000008002C718 (0x00400513) addi a0, zero, 0x4
x10 <- 0x0000000000000004
mem[X,0x000000008002C71C] -> 0x0593
mem[X,0x000000008002C71E] -> 0x0000
[6433] [M]: 0x000000008002C71C (0x00000593) addi a1, zero, 0x0
x11 <- 0x0000000000000000
mem[X,0x000000008002C720] -> 0x0213
mem[X,0x000000008002C722] -> 0x0000
[6434] [M]: 0x000000008002C720 (0x00000213) addi tp, zero, 0x0
x4 <- 0x0000000000000000
mem[X,0x000000008002C724] -> 0x006F
mem[X,0x000000008002C726] -> 0x0180
[6435] [M]: 0x000000008002C724 (0x0180006F) jal zero, 0x18
mem[X,0x000000008002C73C] -> 0x06E3
mem[X,0x000000008002C73E] -> 0xFEB5
[6436] [M]: 0x000000008002C73C (0xFEB506E3) beq a0, a1, -0x14
mem[X,0x000000008002C740] -> 0x0213
mem[X,0x000000008002C742] -> 0x0022
[6437] [M]: 0x000000008002C740 (0x00220213) addi tp, tp, 0x2
x4 <- 0x0000000000000002
mem[X,0x000000008002C744] -> 0x006F
mem[X,0x000000008002C746] -> 0x00C0
[6438] [M]: 0x000000008002C744 (0x00C0006F) jal zero, 0xc
mem[X,0x000000008002C750] -> 0x3423
mem[X,0x000000008002C752] -> 0x4C41
[6439] [M]: 0x000000008002C750 (0x4C413423) sd tp, 0x4c8(sp)
mem[0x0000000080048E90] <- 0x0000000000000002
mem[X,0x000000008002C754] -> 0x0513
mem[X,0x000000008002C756] -> 0x0040
[6440] [M]: 0x000000008002C754 (0x00400513) addi a0, zero, 0x4
x10 <- 0x0000000000000004
mem[X,0x000000008002C758] -> 0x0593
mem[X,0x000000008002C75A] -> 0x0040
[6441] [M]: 0x000000008002C758 (0x00400593) addi a1, zero, 0x4
x11 <- 0x0000000000000004
mem[X,0x000000008002C75C] -> 0x0213
mem[X,0x000000008002C75E] -> 0x0000
[6442] [M]: 0x000000008002C75C (0x00000213) addi tp, zero, 0x0
x4 <- 0x0000000000000000
mem[X,0x000000008002C760] -> 0x006F
mem[X,0x000000008002C762] -> 0x00C0
[6443] [M]: 0x000000008002C760 (0x00C0006F) jal zero, 0xc
mem[X,0x000000008002C76C] -> 0x0663
mem[X,0x000000008002C76E] -> 0x00B5
[6444] [M]: 0x000000008002C76C (0x00B50663) beq a0, a1, 0xc
mem[X,0x000000008002C778] -> 0x0213
mem[X,0x000000008002C77A] -> 0x0032
[6445] [M]: 0x000000008002C778 (0x00320213) addi tp, tp, 0x3
x4 <- 0x0000000000000003
mem[X,0x000000008002C77C] -> 0x006F
mem[X,0x000000008002C77E] -> 0x0040
[6446] [M]: 0x000000008002C77C (0x0040006F) jal zero, 0x4
mem[X,0x000000008002C780] -> 0x3823
mem[X,0x000000008002C782] -> 0x4C41
[6447] [M]: 0x000000008002C780 (0x4C413823) sd tp, 0x4d0(sp)
mem[0x0000000080048E98] <- 0x0000000000000003
mem[X,0x000000008002C784] -> 0x0513
mem[X,0x000000008002C786] -> 0x0040
[6448] [M]: 0x000000008002C784 (0x00400513) addi a0, zero, 0x4
x10 <- 0x0000000000000004
mem[X,0x000000008002C788] -> 0x35B7
mem[X,0x000000008002C78A] -> 0x3333
[6449] [M]: 0x000000008002C788 (0x333335B7) lui a1, 0x33333
x11 <- 0x0000000033333000
mem[X,0x000000008002C78C] -> 0x8593
mem[X,0x000000008002C78E] -> 0x3335
[6450] [M]: 0x000000008002C78C (0x33358593) addi a1, a1, 0x333
x11 <- 0x0000000033333333
mem[X,0x000000008002C790] -> 0x9593
mem[X,0x000000008002C792] -> 0x00B5
[6451] [M]: 0x000000008002C790 (0x00B59593) slli a1, a1, 0xb
x11 <- 0x0000019999999800
mem[X,0x000000008002C794] -> 0x8593
mem[X,0x000000008002C796] -> 0x1995
[6452] [M]: 0x000000008002C794 (0x19958593) addi a1, a1, 0x199
x11 <- 0x0000019999999999
mem[X,0x000000008002C798] -> 0x9593
mem[X,0x000000008002C79A] -> 0x00B5
[6453] [M]: 0x000000008002C798 (0x00B59593) slli a1, a1, 0xb
x11 <- 0x000CCCCCCCCCC800
mem[X,0x000000008002C79C] -> 0x8593
mem[X,0x000000008002C79E] -> 0x4CC5
[6454] [M]: 0x000000008002C79C (0x4CC58593) addi a1, a1, 0x4cc
x11 <- 0x000CCCCCCCCCCCCC
mem[X,0x000000008002C7A0] -> 0x9593
mem[X,0x000000008002C7A2] -> 0x00A5
[6455] [M]: 0x000000008002C7A0 (0x00A59593) slli a1, a1, 0xa
x11 <- 0x3333333333333000
mem[X,0x000000008002C7A4] -> 0x8593
mem[X,0x000000008002C7A6] -> 0x3325
[6456] [M]: 0x000000008002C7A4 (0x33258593) addi a1, a1, 0x332
x11 <- 0x3333333333333332
mem[X,0x000000008002C7A8] -> 0x0213
mem[X,0x000000008002C7AA] -> 0x0000
[6457] [M]: 0x000000008002C7A8 (0x00000213) addi tp, zero, 0x0
x4 <- 0x0000000000000000
mem[X,0x000000008002C7AC] -> 0x006F
mem[X,0x000000008002C7AE] -> 0x00C0
[6458] [M]: 0x000000008002C7AC (0x00C0006F) jal zero, 0xc
mem[X,0x000000008002C7B8] -> 0x0CE3
mem[X,0x000000008002C7BA] -> 0xFEB5
[6459] [M]: 0x000000008002C7B8 (0xFEB50CE3) beq a0, a1, -0x8
mem[X,0x000000008002C7BC] -> 0x0213
mem[X,0x000000008002C7BE] -> 0x0022
[6460] [M]: 0x000000008002C7BC (0x00220213) addi tp, tp, 0x2
x4 <- 0x0000000000000002
mem[X,0x000000008002C7C0] -> 0x006F
mem[X,0x000000008002C7C2] -> 0x00C0
[6461] [M]: 0x000000008002C7C0 (0x00C0006F) jal zero, 0xc
mem[X,0x000000008002C7CC] -> 0x3C23
mem[X,0x000000008002C7CE] -> 0x4C41
[6462] [M]: 0x000000008002C7CC (0x4C413C23) sd tp, 0x4d8(sp)
mem[0x0000000080048EA0] <- 0x0000000000000002
mem[X,0x000000008002C7D0] -> 0x0513
mem[X,0x000000008002C7D2] -> 0x0040
[6463] [M]: 0x000000008002C7D0 (0x00400513) addi a0, zero, 0x4
x10 <- 0x0000000000000004
mem[X,0x000000008002C7D4] -> 0x65B7
mem[X,0x000000008002C7D6] -> 0x6666
[6464] [M]: 0x000000008002C7D4 (0x666665B7) lui a1, 0x66666
x11 <- 0x0000000066666000
mem[X,0x000000008002C7D8] -> 0x8593
mem[X,0x000000008002C7DA] -> 0x6665
[6465] [M]: 0x000000008002C7D8 (0x66658593) addi a1, a1, 0x666
x11 <- 0x0000000066666666
mem[X,0x000000008002C7DC] -> 0x9593
mem[X,0x000000008002C7DE] -> 0x00B5
[6466] [M]: 0x000000008002C7DC (0x00B59593) slli a1, a1, 0xb
x11 <- 0x0000033333333000
mem[X,0x000000008002C7E0] -> 0x8593
mem[X,0x000000008002C7E2] -> 0x3335
[6467] [M]: 0x000000008002C7E0 (0x33358593) addi a1, a1, 0x333
x11 <- 0x0000033333333333
mem[X,0x000000008002C7E4] -> 0x9593
mem[X,0x000000008002C7E6] -> 0x00B5
[6468] [M]: 0x000000008002C7E4 (0x00B59593) slli a1, a1, 0xb
x11 <- 0x0019999999999800
mem[X,0x000000008002C7E8] -> 0x8593
mem[X,0x000000008002C7EA] -> 0x1995
[6469] [M]: 0x000000008002C7E8 (0x19958593) addi a1, a1, 0x199
x11 <- 0x0019999999999999
mem[X,0x000000008002C7EC] -> 0x9593
mem[X,0x000000008002C7EE] -> 0x00A5
[6470] [M]: 0x000000008002C7EC (0x00A59593) slli a1, a1, 0xa
x11 <- 0x6666666666666400
mem[X,0x000000008002C7F0] -> 0x8593
mem[X,0x000000008002C7F2] -> 0x2655
[6471] [M]: 0x000000008002C7F0 (0x26558593) addi a1, a1, 0x265
x11 <- 0x6666666666666665
mem[X,0x000000008002C7F4] -> 0x0213
mem[X,0x000000008002C7F6] -> 0x0000
[6472] [M]: 0x000000008002C7F4 (0x00000213) addi tp, zero, 0x0
x4 <- 0x0000000000000000
mem[X,0x000000008002C7F8] -> 0x006F
mem[X,0x000000008002C7FA] -> 0x0100
[6473] [M]: 0x000000008002C7F8 (0x0100006F) jal zero, 0x10
mem[X,0x000000008002C808] -> 0x0AE3
mem[X,0x000000008002C80A] -> 0xFEB5
[6474] [M]: 0x000000008002C808 (0xFEB50AE3) beq a0, a1, -0xc
mem[X,0x000000008002C80C] -> 0x0213
mem[X,0x000000008002C80E] -> 0x0022
[6475] [M]: 0x000000008002C80C (0x00220213) addi tp, tp, 0x2
x4 <- 0x0000000000000002
mem[X,0x000000008002C810] -> 0x006F
mem[X,0x000000008002C812] -> 0x00C0
[6476] [M]: 0x000000008002C810 (0x00C0006F) jal zero, 0xc
mem[X,0x000000008002C81C] -> 0x3023
mem[X,0x000000008002C81E] -> 0x4E41
[6477] [M]: 0x000000008002C81C (0x4E413023) sd tp, 0x4e0(sp)
mem[0x0000000080048EA8] <- 0x0000000000000002
mem[X,0x000000008002C820] -> 0x0513
mem[X,0x000000008002C822] -> 0x0040
[6478] [M]: 0x000000008002C820 (0x00400513) addi a0, zero, 0x4
x10 <- 0x0000000000000004
mem[X,0x000000008002C824] -> 0x05B7
mem[X,0x000000008002C826] -> 0x0000
[6479] [M]: 0x000000008002C824 (0x000005B7) lui a1, 0x0
x11 <- 0x0000000000000000
mem[X,0x000000008002C828] -> 0x8593
mem[X,0x000000008002C82A] -> 0x0005
[6480] [M]: 0x000000008002C828 (0x00058593) addi a1, a1, 0x0
x11 <- 0x0000000000000000
mem[X,0x000000008002C82C] -> 0x9593
mem[X,0x000000008002C82E] -> 0x00B5
[6481] [M]: 0x000000008002C82C (0x00B59593) slli a1, a1, 0xb
x11 <- 0x0000000000000000
mem[X,0x000000008002C830] -> 0x8593
mem[X,0x000000008002C832] -> 0x5A85
[6482] [M]: 0x000000008002C830 (0x5A858593) addi a1, a1, 0x5a8
x11 <- 0x00000000000005A8
mem[X,0x000000008002C834] -> 0x9593
mem[X,0x000000008002C836] -> 0x00B5
[6483] [M]: 0x000000008002C834 (0x00B59593) slli a1, a1, 0xb
x11 <- 0x00000000002D4000
mem[X,0x000000008002C838] -> 0x8593
mem[X,0x000000008002C83A] -> 0x13C5
[6484] [M]: 0x000000008002C838 (0x13C58593) addi a1, a1, 0x13c
x11 <- 0x00000000002D413C
mem[X,0x000000008002C83C] -> 0x9593
mem[X,0x000000008002C83E] -> 0x00A5
[6485] [M]: 0x000000008002C83C (0x00A59593) slli a1, a1, 0xa
x11 <- 0x00000000B504F000
mem[X,0x000000008002C840] -> 0x8593
mem[X,0x000000008002C842] -> 0x3325
[6486] [M]: 0x000000008002C840 (0x33258593) addi a1, a1, 0x332
x11 <- 0x00000000B504F332
mem[X,0x000000008002C844] -> 0x0213
mem[X,0x000000008002C846] -> 0x0000
[6487] [M]: 0x000000008002C844 (0x00000213) addi tp, zero, 0x0
x4 <- 0x0000000000000000
mem[X,0x000000008002C848] -> 0x006F
mem[X,0x000000008002C84A] -> 0x2B10
[6488] [M]: 0x000000008002C848 (0x2B10006F) jal zero, 0xab0
mem[X,0x000000008002D2F8] -> 0x0A63
mem[X,0x000000008002D2FA] -> 0xD4B5
[6489] [M]: 0x000000008002D2F8 (0xD4B50A63) beq a0, a1, -0xaac
mem[X,0x000000008002D2FC] -> 0x0213
mem[X,0x000000008002D2FE] -> 0x0022
[6490] [M]: 0x000000008002D2FC (0x00220213) addi tp, tp, 0x2
x4 <- 0x0000000000000002
mem[X,0x000000008002D300] -> 0x006F
mem[X,0x000000008002D302] -> 0x00C0
[6491] [M]: 0x000000008002D300 (0x00C0006F) jal zero, 0xc
mem[X,0x000000008002D30C] -> 0x3423
mem[X,0x000000008002D30E] -> 0x4E41
[6492] [M]: 0x000000008002D30C (0x4E413423) sd tp, 0x4e8(sp)
mem[0x0000000080048EB0] <- 0x0000000000000002
mem[X,0x000000008002D310] -> 0x0513
mem[X,0x000000008002D312] -> 0x0040
[6493] [M]: 0x000000008002D310 (0x00400513) addi a0, zero, 0x4
x10 <- 0x0000000000000004
mem[X,0x000000008002D314] -> 0x55B7
mem[X,0x000000008002D316] -> 0x5555
[6494] [M]: 0x000000008002D314 (0x555555B7) lui a1, 0x55555
x11 <- 0x0000000055555000
mem[X,0x000000008002D318] -> 0x8593
mem[X,0x000000008002D31A] -> 0x5555
[6495] [M]: 0x000000008002D318 (0x55558593) addi a1, a1, 0x555
x11 <- 0x0000000055555555
mem[X,0x000000008002D31C] -> 0x9593
mem[X,0x000000008002D31E] -> 0x00B5
[6496] [M]: 0x000000008002D31C (0x00B59593) slli a1, a1, 0xb
x11 <- 0x000002AAAAAAA800
mem[X,0x000000008002D320] -> 0x8593
mem[X,0x000000008002D322] -> 0x2AA5
[6497] [M]: 0x000000008002D320 (0x2AA58593) addi a1, a1, 0x2aa
x11 <- 0x000002AAAAAAAAAA
mem[X,0x000000008002D324] -> 0x9593
mem[X,0x000000008002D326] -> 0x00B5
[6498] [M]: 0x000000008002D324 (0x00B59593) slli a1, a1, 0xb
x11 <- 0x0015555555555000
mem[X,0x000000008002D328] -> 0x8593
mem[X,0x000000008002D32A] -> 0x5555
[6499] [M]: 0x000000008002D328 (0x55558593) addi a1, a1, 0x555
x11 <- 0x0015555555555555
clint::tick mtime <- 0x0000000000000041
 clint timer pending at mtime 0x0000000000000041
htif::tick 0x0000000000000000
mem[X,0x000000008002D32C] -> 0x9593
mem[X,0x000000008002D32E] -> 0x00A5
[6500] [M]: 0x000000008002D32C (0x00A59593) slli a1, a1, 0xa
x11 <- 0x5555555555555400
mem[X,0x000000008002D330] -> 0x8593
mem[X,0x000000008002D332] -> 0x1565
[6501] [M]: 0x000000008002D330 (0x15658593) addi a1, a1, 0x156
x11 <- 0x5555555555555556
mem[X,0x000000008002D334] -> 0x0213
mem[X,0x000000008002D336] -> 0x0000
[6502] [M]: 0x000000008002D334 (0x00000213) addi tp, zero, 0x0
x4 <- 0x0000000000000000
mem[X,0x000000008002D338] -> 0x006F
mem[X,0x000000008002D33A] -> 0x0050
[6503] [M]: 0x000000008002D338 (0x0050006F) jal zero, 0x804
mem[X,0x000000008002DB3C] -> 0x00E3
mem[X,0x000000008002DB3E] -> 0x80B5
[6504] [M]: 0x000000008002DB3C (0x80B500E3) beq a0, a1, -0x800
mem[X,0x000000008002DB40] -> 0x0213
mem[X,0x000000008002DB42] -> 0x0022
[6505] [M]: 0x000000008002DB40 (0x00220213) addi tp, tp, 0x2
x4 <- 0x0000000000000002
mem[X,0x000000008002DB44] -> 0x006F
mem[X,0x000000008002DB46] -> 0x00C0
[6506] [M]: 0x000000008002DB44 (0x00C0006F) jal zero, 0xc
mem[X,0x000000008002DB50] -> 0x3823
mem[X,0x000000008002DB52] -> 0x4E41
[6507] [M]: 0x000000008002DB50 (0x4E413823) sd tp, 0x4f0(sp)
mem[0x0000000080048EB8] <- 0x0000000000000002
mem[X,0x000000008002DB54] -> 0x0513
mem[X,0x000000008002DB56] -> 0x0040
[6508] [M]: 0x000000008002DB54 (0x00400513) addi a0, zero, 0x4
x10 <- 0x0000000000000004
mem[X,0x000000008002DB58] -> 0xB5B7
mem[X,0x000000008002DB5A] -> 0xAAAA
[6509] [M]: 0x000000008002DB58 (0xAAAAB5B7) lui a1, -0x55555
x11 <- 0xFFFFFFFFAAAAB000
mem[X,0x000000008002DB5C] -> 0x8593
mem[X,0x000000008002DB5E] -> 0xAAA5
[6510] [M]: 0x000000008002DB5C (0xAAA58593) addi a1, a1, -0x556
x11 <- 0xFFFFFFFFAAAAAAAA
mem[X,0x000000008002DB60] -> 0x9593
mem[X,0x000000008002DB62] -> 0x00B5
[6511] [M]: 0x000000008002DB60 (0x00B59593) slli a1, a1, 0xb
x11 <- 0xFFFFFD5555555000
mem[X,0x000000008002DB64] -> 0x8593
mem[X,0x000000008002DB66] -> 0x5555
[6512] [M]: 0x000000008002DB64 (0x55558593) addi a1, a1, 0x555
x11 <- 0xFFFFFD5555555555
mem[X,0x000000008002DB68] -> 0x9593
mem[X,0x000000008002DB6A] -> 0x00B5
[6513] [M]: 0x000000008002DB68 (0x00B59593) slli a1, a1, 0xb
x11 <- 0xFFEAAAAAAAAAA800
mem[X,0x000000008002DB6C] -> 0x8593
mem[X,0x000000008002DB6E] -> 0x2AA5
[6514] [M]: 0x000000008002DB6C (0x2AA58593) addi a1, a1, 0x2aa
x11 <- 0xFFEAAAAAAAAAAAAA
mem[X,0x000000008002DB70] -> 0x9593
mem[X,0x000000008002DB72] -> 0x00A5
[6515] [M]: 0x000000008002DB70 (0x00A59593) slli a1, a1, 0xa
x11 <- 0xAAAAAAAAAAAAA800
mem[X,0x000000008002DB74] -> 0x8593
mem[X,0x000000008002DB76] -> 0x2AB5
[6516] [M]: 0x000000008002DB74 (0x2AB58593) addi a1, a1, 0x2ab
x11 <- 0xAAAAAAAAAAAAAAAB
mem[X,0x000000008002DB78] -> 0x0213
mem[X,0x000000008002DB7A] -> 0x0000
[6517] [M]: 0x000000008002DB78 (0x00000213) addi tp, zero, 0x0
x4 <- 0x0000000000000000
mem[X,0x000000008002DB7C] -> 0x006F
mem[X,0x000000008002DB7E] -> 0x00C0
[6518] [M]: 0x000000008002DB7C (0x00C0006F) jal zero, 0xc
mem[X,0x000000008002DB88] -> 0x0663
mem[X,0x000000008002DB8A] -> 0x00B5
[6519] [M]: 0x000000008002DB88 (0x00B50663) beq a0, a1, 0xc
mem[X,0x000000008002DB8C] -> 0x0213
mem[X,0x000000008002DB8E] -> 0x0022
[6520] [M]: 0x000000008002DB8C (0x00220213) addi tp, tp, 0x2
x4 <- 0x0000000000000002
mem[X,0x000000008002DB90] -> 0x006F
mem[X,0x000000008002DB92] -> 0x00C0
[6521] [M]: 0x000000008002DB90 (0x00C0006F) jal zero, 0xc
mem[X,0x000000008002DB9C] -> 0x3C23
mem[X,0x000000008002DB9E] -> 0x4E41
[6522] [M]: 0x000000008002DB9C (0x4E413C23) sd tp, 0x4f8(sp)
mem[0x0000000080048EC0] <- 0x0000000000000002
mem[X,0x000000008002DBA0] -> 0x0513
mem[X,0x000000008002DBA2] -> 0x0040
[6523] [M]: 0x000000008002DBA0 (0x00400513) addi a0, zero, 0x4
x10 <- 0x0000000000000004
mem[X,0x000000008002DBA4] -> 0x0593
mem[X,0x000000008002DBA6] -> 0x0060
[6524] [M]: 0x000000008002DBA4 (0x00600593) addi a1, zero, 0x6
x11 <- 0x0000000000000006
mem[X,0x000000008002DBA8] -> 0x0213
mem[X,0x000000008002DBAA] -> 0x0000
[6525] [M]: 0x000000008002DBA8 (0x00000213) addi tp, zero, 0x0
x4 <- 0x0000000000000000
mem[X,0x000000008002DBAC] -> 0x006F
mem[X,0x000000008002DBAE] -> 0x00C0
[6526] [M]: 0x000000008002DBAC (0x00C0006F) jal zero, 0xc
mem[X,0x000000008002DBB8] -> 0x0CE3
mem[X,0x000000008002DBBA] -> 0xFEB5
[6527] [M]: 0x000000008002DBB8 (0xFEB50CE3) beq a0, a1, -0x8
mem[X,0x000000008002DBBC] -> 0x0213
mem[X,0x000000008002DBBE] -> 0x0022
[6528] [M]: 0x000000008002DBBC (0x00220213) addi tp, tp, 0x2
x4 <- 0x0000000000000002
mem[X,0x000000008002DBC0] -> 0x006F
mem[X,0x000000008002DBC2] -> 0x00C0
[6529] [M]: 0x000000008002DBC0 (0x00C0006F) jal zero, 0xc
mem[X,0x000000008002DBCC] -> 0x3023
mem[X,0x000000008002DBCE] -> 0x5041
[6530] [M]: 0x000000008002DBCC (0x50413023) sd tp, 0x500(sp)
mem[0x0000000080048EC8] <- 0x0000000000000002
mem[X,0x000000008002DBD0] -> 0x0513
mem[X,0x000000008002DBD2] -> 0x0040
[6531] [M]: 0x000000008002DBD0 (0x00400513) addi a0, zero, 0x4
x10 <- 0x0000000000000004
mem[X,0x000000008002DBD4] -> 0x35B7
mem[X,0x000000008002DBD6] -> 0x3333
[6532] [M]: 0x000000008002DBD4 (0x333335B7) lui a1, 0x33333
x11 <- 0x0000000033333000
mem[X,0x000000008002DBD8] -> 0x8593
mem[X,0x000000008002DBDA] -> 0x3335
[6533] [M]: 0x000000008002DBD8 (0x33358593) addi a1, a1, 0x333
x11 <- 0x0000000033333333
mem[X,0x000000008002DBDC] -> 0x9593
mem[X,0x000000008002DBDE] -> 0x00B5
[6534] [M]: 0x000000008002DBDC (0x00B59593) slli a1, a1, 0xb
x11 <- 0x0000019999999800
mem[X,0x000000008002DBE0] -> 0x8593
mem[X,0x000000008002DBE2] -> 0x1995
[6535] [M]: 0x000000008002DBE0 (0x19958593) addi a1, a1, 0x199
x11 <- 0x0000019999999999
mem[X,0x000000008002DBE4] -> 0x9593
mem[X,0x000000008002DBE6] -> 0x00B5
[6536] [M]: 0x000000008002DBE4 (0x00B59593) slli a1, a1, 0xb
x11 <- 0x000CCCCCCCCCC800
mem[X,0x000000008002DBE8] -> 0x8593
mem[X,0x000000008002DBEA] -> 0x4CC5
[6537] [M]: 0x000000008002DBE8 (0x4CC58593) addi a1, a1, 0x4cc
x11 <- 0x000CCCCCCCCCCCCC
mem[X,0x000000008002DBEC] -> 0x9593
mem[X,0x000000008002DBEE] -> 0x00A5
[6538] [M]: 0x000000008002DBEC (0x00A59593) slli a1, a1, 0xa
x11 <- 0x3333333333333000
mem[X,0x000000008002DBF0] -> 0x8593
mem[X,0x000000008002DBF2] -> 0x3345
[6539] [M]: 0x000000008002DBF0 (0x33458593) addi a1, a1, 0x334
x11 <- 0x3333333333333334
mem[X,0x000000008002DBF4] -> 0x0213
mem[X,0x000000008002DBF6] -> 0x0000
[6540] [M]: 0x000000008002DBF4 (0x00000213) addi tp, zero, 0x0
x4 <- 0x0000000000000000
mem[X,0x000000008002DBF8] -> 0x006F
mem[X,0x000000008002DBFA] -> 0x00C0
[6541] [M]: 0x000000008002DBF8 (0x00C0006F) jal zero, 0xc
mem[X,0x000000008002DC04] -> 0x0CE3
mem[X,0x000000008002DC06] -> 0xFEB5
[6542] [M]: 0x000000008002DC04 (0xFEB50CE3) beq a0, a1, -0x8
mem[X,0x000000008002DC08] -> 0x0213
mem[X,0x000000008002DC0A] -> 0x0022
[6543] [M]: 0x000000008002DC08 (0x00220213) addi tp, tp, 0x2
x4 <- 0x0000000000000002
mem[X,0x000000008002DC0C] -> 0x006F
mem[X,0x000000008002DC0E] -> 0x00C0
[6544] [M]: 0x000000008002DC0C (0x00C0006F) jal zero, 0xc
mem[X,0x000000008002DC18] -> 0x3423
mem[X,0x000000008002DC1A] -> 0x5041
[6545] [M]: 0x000000008002DC18 (0x50413423) sd tp, 0x508(sp)
mem[0x0000000080048ED0] <- 0x0000000000000002
mem[X,0x000000008002DC1C] -> 0x0513
mem[X,0x000000008002DC1E] -> 0x0040
[6546] [M]: 0x000000008002DC1C (0x00400513) addi a0, zero, 0x4
x10 <- 0x0000000000000004
mem[X,0x000000008002DC20] -> 0x65B7
mem[X,0x000000008002DC22] -> 0x6666
[6547] [M]: 0x000000008002DC20 (0x666665B7) lui a1, 0x66666
x11 <- 0x0000000066666000
mem[X,0x000000008002DC24] -> 0x8593
mem[X,0x000000008002DC26] -> 0x6665
[6548] [M]: 0x000000008002DC24 (0x66658593) addi a1, a1, 0x666
x11 <- 0x0000000066666666
mem[X,0x000000008002DC28] -> 0x9593
mem[X,0x000000008002DC2A] -> 0x00B5
[6549] [M]: 0x000000008002DC28 (0x00B59593) slli a1, a1, 0xb
x11 <- 0x0000033333333000
mem[X,0x000000008002DC2C] -> 0x8593
mem[X,0x000000008002DC2E] -> 0x3335
[6550] [M]: 0x000000008002DC2C (0x33358593) addi a1, a1, 0x333
x11 <- 0x0000033333333333
mem[X,0x000000008002DC30] -> 0x9593
mem[X,0x000000008002DC32] -> 0x00B5
[6551] [M]: 0x000000008002DC30 (0x00B59593) slli a1, a1, 0xb
x11 <- 0x0019999999999800
mem[X,0x000000008002DC34] -> 0x8593
mem[X,0x000000008002DC36] -> 0x1995
[6552] [M]: 0x000000008002DC34 (0x19958593) addi a1, a1, 0x199
x11 <- 0x0019999999999999
mem[X,0x000000008002DC38] -> 0x9593
mem[X,0x000000008002DC3A] -> 0x00A5
[6553] [M]: 0x000000008002DC38 (0x00A59593) slli a1, a1, 0xa
x11 <- 0x6666666666666400
mem[X,0x000000008002DC3C] -> 0x8593
mem[X,0x000000008002DC3E] -> 0x2675
[6554] [M]: 0x000000008002DC3C (0x26758593) addi a1, a1, 0x267
x11 <- 0x6666666666666667
mem[X,0x000000008002DC40] -> 0x0213
mem[X,0x000000008002DC42] -> 0x0000
[6555] [M]: 0x000000008002DC40 (0x00000213) addi tp, zero, 0x0
x4 <- 0x0000000000000000
mem[X,0x000000008002DC44] -> 0x006F
mem[X,0x000000008002DC46] -> 0x00C0
[6556] [M]: 0x000000008002DC44 (0x00C0006F) jal zero, 0xc
mem[X,0x000000008002DC50] -> 0x0663
mem[X,0x000000008002DC52] -> 0x00B5
[6557] [M]: 0x000000008002DC50 (0x00B50663) beq a0, a1, 0xc
mem[X,0x000000008002DC54] -> 0x0213
mem[X,0x000000008002DC56] -> 0x0022
[6558] [M]: 0x000000008002DC54 (0x00220213) addi tp, tp, 0x2
x4 <- 0x0000000000000002
mem[X,0x000000008002DC58] -> 0x006F
mem[X,0x000000008002DC5A] -> 0x00C0
[6559] [M]: 0x000000008002DC58 (0x00C0006F) jal zero, 0xc
mem[X,0x000000008002DC64] -> 0x3823
mem[X,0x000000008002DC66] -> 0x5041
[6560] [M]: 0x000000008002DC64 (0x50413823) sd tp, 0x510(sp)
mem[0x0000000080048ED8] <- 0x0000000000000002
mem[X,0x000000008002DC68] -> 0x0513
mem[X,0x000000008002DC6A] -> 0x0040
[6561] [M]: 0x000000008002DC68 (0x00400513) addi a0, zero, 0x4
x10 <- 0x0000000000000004
mem[X,0x000000008002DC6C] -> 0x05B7
mem[X,0x000000008002DC6E] -> 0x0000
[6562] [M]: 0x000000008002DC6C (0x000005B7) lui a1, 0x0
x11 <- 0x0000000000000000
mem[X,0x000000008002DC70] -> 0x8593
mem[X,0x000000008002DC72] -> 0xFFF5
[6563] [M]: 0x000000008002DC70 (0xFFF58593) addi a1, a1, -0x1
x11 <- 0xFFFFFFFFFFFFFFFF
mem[X,0x000000008002DC74] -> 0x9593
mem[X,0x000000008002DC76] -> 0x00B5
[6564] [M]: 0x000000008002DC74 (0x00B59593) slli a1, a1, 0xb
x11 <- 0xFFFFFFFFFFFFF800
mem[X,0x000000008002DC78] -> 0x8593
mem[X,0x000000008002DC7A] -> 0x2575
[6565] [M]: 0x000000008002DC78 (0x25758593) addi a1, a1, 0x257
x11 <- 0xFFFFFFFFFFFFFA57
mem[X,0x000000008002DC7C] -> 0x9593
mem[X,0x000000008002DC7E] -> 0x00B5
[6566] [M]: 0x000000008002DC7C (0x00B59593) slli a1, a1, 0xb
x11 <- 0xFFFFFFFFFFD2B800
mem[X,0x000000008002DC80] -> 0x8593
mem[X,0x000000008002DC82] -> 0x6C35
[6567] [M]: 0x000000008002DC80 (0x6C358593) addi a1, a1, 0x6c3
x11 <- 0xFFFFFFFFFFD2BEC3
mem[X,0x000000008002DC84] -> 0x9593
mem[X,0x000000008002DC86] -> 0x00A5
[6568] [M]: 0x000000008002DC84 (0x00A59593) slli a1, a1, 0xa
x11 <- 0xFFFFFFFF4AFB0C00
mem[X,0x000000008002DC88] -> 0x8593
mem[X,0x000000008002DC8A] -> 0x0CE5
[6569] [M]: 0x000000008002DC88 (0x0CE58593) addi a1, a1, 0xce
x11 <- 0xFFFFFFFF4AFB0CCE
mem[X,0x000000008002DC8C] -> 0x0213
mem[X,0x000000008002DC8E] -> 0x0000
[6570] [M]: 0x000000008002DC8C (0x00000213) addi tp, zero, 0x0
x4 <- 0x0000000000000000
mem[X,0x000000008002DC90] -> 0x006F
mem[X,0x000000008002DC92] -> 0x00C0
[6571] [M]: 0x000000008002DC90 (0x00C0006F) jal zero, 0xc
mem[X,0x000000008002DC9C] -> 0x0663
mem[X,0x000000008002DC9E] -> 0x00B5
[6572] [M]: 0x000000008002DC9C (0x00B50663) beq a0, a1, 0xc
mem[X,0x000000008002DCA0] -> 0x0213
mem[X,0x000000008002DCA2] -> 0x0022
[6573] [M]: 0x000000008002DCA0 (0x00220213) addi tp, tp, 0x2
x4 <- 0x0000000000000002
mem[X,0x000000008002DCA4] -> 0x006F
mem[X,0x000000008002DCA6] -> 0x00C0
[6574] [M]: 0x000000008002DCA4 (0x00C0006F) jal zero, 0xc
mem[X,0x000000008002DCB0] -> 0x3C23
mem[X,0x000000008002DCB2] -> 0x5041
[6575] [M]: 0x000000008002DCB0 (0x50413C23) sd tp, 0x518(sp)
mem[0x0000000080048EE0] <- 0x0000000000000002
mem[X,0x000000008002DCB4] -> 0x0513
mem[X,0x000000008002DCB6] -> 0x0040
[6576] [M]: 0x000000008002DCB4 (0x00400513) addi a0, zero, 0x4
x10 <- 0x0000000000000004
mem[X,0x000000008002DCB8] -> 0x05B7
mem[X,0x000000008002DCBA] -> 0x0000
[6577] [M]: 0x000000008002DCB8 (0x000005B7) lui a1, 0x0
x11 <- 0x0000000000000000
mem[X,0x000000008002DCBC] -> 0x8593
mem[X,0x000000008002DCBE] -> 0x0005
[6578] [M]: 0x000000008002DCBC (0x00058593) addi a1, a1, 0x0
x11 <- 0x0000000000000000
mem[X,0x000000008002DCC0] -> 0x9593
mem[X,0x000000008002DCC2] -> 0x00B5
[6579] [M]: 0x000000008002DCC0 (0x00B59593) slli a1, a1, 0xb
x11 <- 0x0000000000000000
mem[X,0x000000008002DCC4] -> 0x8593
mem[X,0x000000008002DCC6] -> 0x5A85
[6580] [M]: 0x000000008002DCC4 (0x5A858593) addi a1, a1, 0x5a8
x11 <- 0x00000000000005A8
mem[X,0x000000008002DCC8] -> 0x9593
mem[X,0x000000008002DCCA] -> 0x00B5
[6581] [M]: 0x000000008002DCC8 (0x00B59593) slli a1, a1, 0xb
x11 <- 0x00000000002D4000
mem[X,0x000000008002DCCC] -> 0x8593
mem[X,0x000000008002DCCE] -> 0x13C5
[6582] [M]: 0x000000008002DCCC (0x13C58593) addi a1, a1, 0x13c
x11 <- 0x00000000002D413C
mem[X,0x000000008002DCD0] -> 0x9593
mem[X,0x000000008002DCD2] -> 0x00A5
[6583] [M]: 0x000000008002DCD0 (0x00A59593) slli a1, a1, 0xa
x11 <- 0x00000000B504F000
mem[X,0x000000008002DCD4] -> 0x8593
mem[X,0x000000008002DCD6] -> 0x3345
[6584] [M]: 0x000000008002DCD4 (0x33458593) addi a1, a1, 0x334
x11 <- 0x00000000B504F334
mem[X,0x000000008002DCD8] -> 0x0213
mem[X,0x000000008002DCDA] -> 0x0000
[6585] [M]: 0x000000008002DCD8 (0x00000213) addi tp, zero, 0x0
x4 <- 0x0000000000000000
mem[X,0x000000008002DCDC] -> 0x006F
mem[X,0x000000008002DCDE] -> 0x00C0
[6586] [M]: 0x000000008002DCDC (0x00C0006F) jal zero, 0xc
mem[X,0x000000008002DCE8] -> 0x0663
mem[X,0x000000008002DCEA] -> 0x00B5
[6587] [M]: 0x000000008002DCE8 (0x00B50663) beq a0, a1, 0xc
mem[X,0x000000008002DCEC] -> 0x0213
mem[X,0x000000008002DCEE] -> 0x0022
[6588] [M]: 0x000000008002DCEC (0x00220213) addi tp, tp, 0x2
x4 <- 0x0000000000000002
mem[X,0x000000008002DCF0] -> 0x006F
mem[X,0x000000008002DCF2] -> 0x00C0
[6589] [M]: 0x000000008002DCF0 (0x00C0006F) jal zero, 0xc
mem[X,0x000000008002DCFC] -> 0x3023
mem[X,0x000000008002DCFE] -> 0x5241
[6590] [M]: 0x000000008002DCFC (0x52413023) sd tp, 0x520(sp)
mem[0x0000000080048EE8] <- 0x0000000000000002
mem[X,0x000000008002DD00] -> 0x3537
mem[X,0x000000008002DD02] -> 0x3333
[6591] [M]: 0x000000008002DD00 (0x33333537) lui a0, 0x33333
x10 <- 0x0000000033333000
mem[X,0x000000008002DD04] -> 0x0513
mem[X,0x000000008002DD06] -> 0x3335
[6592] [M]: 0x000000008002DD04 (0x33350513) addi a0, a0, 0x333
x10 <- 0x0000000033333333
mem[X,0x000000008002DD08] -> 0x1513
mem[X,0x000000008002DD0A] -> 0x00B5
[6593] [M]: 0x000000008002DD08 (0x00B51513) slli a0, a0, 0xb
x10 <- 0x0000019999999800
mem[X,0x000000008002DD0C] -> 0x0513
mem[X,0x000000008002DD0E] -> 0x1995
[6594] [M]: 0x000000008002DD0C (0x19950513) addi a0, a0, 0x199
x10 <- 0x0000019999999999
mem[X,0x000000008002DD10] -> 0x1513
mem[X,0x000000008002DD12] -> 0x00B5
[6595] [M]: 0x000000008002DD10 (0x00B51513) slli a0, a0, 0xb
x10 <- 0x000CCCCCCCCCC800
mem[X,0x000000008002DD14] -> 0x0513
mem[X,0x000000008002DD16] -> 0x4CC5
[6596] [M]: 0x000000008002DD14 (0x4CC50513) addi a0, a0, 0x4cc
x10 <- 0x000CCCCCCCCCCCCC
mem[X,0x000000008002DD18] -> 0x1513
mem[X,0x000000008002DD1A] -> 0x00A5
[6597] [M]: 0x000000008002DD18 (0x00A51513) slli a0, a0, 0xa
x10 <- 0x3333333333333000
mem[X,0x000000008002DD1C] -> 0x0513
mem[X,0x000000008002DD1E] -> 0x3325
[6598] [M]: 0x000000008002DD1C (0x33250513) addi a0, a0, 0x332
x10 <- 0x3333333333333332
mem[X,0x000000008002DD20] -> 0x0593
mem[X,0x000000008002DD22] -> 0x0030
[6599] [M]: 0x000000008002DD20 (0x00300593) addi a1, zero, 0x3
x11 <- 0x0000000000000003
clint::tick mtime <- 0x0000000000000042
 clint timer pending at mtime 0x0000000000000042
htif::tick 0x0000000000000000
mem[X,0x000000008002DD24] -> 0x0213
mem[X,0x000000008002DD26] -> 0x0000
[6600] [M]: 0x000000008002DD24 (0x00000213) addi tp, zero, 0x0
x4 <- 0x0000000000000000
mem[X,0x000000008002DD28] -> 0x006F
mem[X,0x000000008002DD2A] -> 0x00C0
[6601] [M]: 0x000000008002DD28 (0x00C0006F) jal zero, 0xc
mem[X,0x000000008002DD34] -> 0x0663
mem[X,0x000000008002DD36] -> 0x00B5
[6602] [M]: 0x000000008002DD34 (0x00B50663) beq a0, a1, 0xc
mem[X,0x000000008002DD38] -> 0x0213
mem[X,0x000000008002DD3A] -> 0x0022
[6603] [M]: 0x000000008002DD38 (0x00220213) addi tp, tp, 0x2
x4 <- 0x0000000000000002
mem[X,0x000000008002DD3C] -> 0x006F
mem[X,0x000000008002DD3E] -> 0x00C0
[6604] [M]: 0x000000008002DD3C (0x00C0006F) jal zero, 0xc
mem[X,0x000000008002DD48] -> 0x3423
mem[X,0x000000008002DD4A] -> 0x5241
[6605] [M]: 0x000000008002DD48 (0x52413423) sd tp, 0x528(sp)
mem[0x0000000080048EF0] <- 0x0000000000000002
mem[X,0x000000008002DD4C] -> 0x3537
mem[X,0x000000008002DD4E] -> 0x3333
[6606] [M]: 0x000000008002DD4C (0x33333537) lui a0, 0x33333
x10 <- 0x0000000033333000
mem[X,0x000000008002DD50] -> 0x0513
mem[X,0x000000008002DD52] -> 0x3335
[6607] [M]: 0x000000008002DD50 (0x33350513) addi a0, a0, 0x333
x10 <- 0x0000000033333333
mem[X,0x000000008002DD54] -> 0x1513
mem[X,0x000000008002DD56] -> 0x00B5
[6608] [M]: 0x000000008002DD54 (0x00B51513) slli a0, a0, 0xb
x10 <- 0x0000019999999800
mem[X,0x000000008002DD58] -> 0x0513
mem[X,0x000000008002DD5A] -> 0x1995
[6609] [M]: 0x000000008002DD58 (0x19950513) addi a0, a0, 0x199
x10 <- 0x0000019999999999
mem[X,0x000000008002DD5C] -> 0x1513
mem[X,0x000000008002DD5E] -> 0x00B5
[6610] [M]: 0x000000008002DD5C (0x00B51513) slli a0, a0, 0xb
x10 <- 0x000CCCCCCCCCC800
mem[X,0x000000008002DD60] -> 0x0513
mem[X,0x000000008002DD62] -> 0x4CC5
[6611] [M]: 0x000000008002DD60 (0x4CC50513) addi a0, a0, 0x4cc
x10 <- 0x000CCCCCCCCCCCCC
mem[X,0x000000008002DD64] -> 0x1513
mem[X,0x000000008002DD66] -> 0x00A5
[6612] [M]: 0x000000008002DD64 (0x00A51513) slli a0, a0, 0xa
x10 <- 0x3333333333333000
mem[X,0x000000008002DD68] -> 0x0513
mem[X,0x000000008002DD6A] -> 0x3325
[6613] [M]: 0x000000008002DD68 (0x33250513) addi a0, a0, 0x332
x10 <- 0x3333333333333332
mem[X,0x000000008002DD6C] -> 0x55B7
mem[X,0x000000008002DD6E] -> 0x5555
[6614] [M]: 0x000000008002DD6C (0x555555B7) lui a1, 0x55555
x11 <- 0x0000000055555000
mem[X,0x000000008002DD70] -> 0x8593
mem[X,0x000000008002DD72] -> 0x5555
[6615] [M]: 0x000000008002DD70 (0x55558593) addi a1, a1, 0x555
x11 <- 0x0000000055555555
mem[X,0x000000008002DD74] -> 0x9593
mem[X,0x000000008002DD76] -> 0x00B5
[6616] [M]: 0x000000008002DD74 (0x00B59593) slli a1, a1, 0xb
x11 <- 0x000002AAAAAAA800
mem[X,0x000000008002DD78] -> 0x8593
mem[X,0x000000008002DD7A] -> 0x2AA5
[6617] [M]: 0x000000008002DD78 (0x2AA58593) addi a1, a1, 0x2aa
x11 <- 0x000002AAAAAAAAAA
mem[X,0x000000008002DD7C] -> 0x9593
mem[X,0x000000008002DD7E] -> 0x00B5
[6618] [M]: 0x000000008002DD7C (0x00B59593) slli a1, a1, 0xb
x11 <- 0x0015555555555000
mem[X,0x000000008002DD80] -> 0x8593
mem[X,0x000000008002DD82] -> 0x5555
[6619] [M]: 0x000000008002DD80 (0x55558593) addi a1, a1, 0x555
x11 <- 0x0015555555555555
mem[X,0x000000008002DD84] -> 0x9593
mem[X,0x000000008002DD86] -> 0x00A5
[6620] [M]: 0x000000008002DD84 (0x00A59593) slli a1, a1, 0xa
x11 <- 0x5555555555555400
mem[X,0x000000008002DD88] -> 0x8593
mem[X,0x000000008002DD8A] -> 0x1555
[6621] [M]: 0x000000008002DD88 (0x15558593) addi a1, a1, 0x155
x11 <- 0x5555555555555555
mem[X,0x000000008002DD8C] -> 0x0213
mem[X,0x000000008002DD8E] -> 0x0000
[6622] [M]: 0x000000008002DD8C (0x00000213) addi tp, zero, 0x0
x4 <- 0x0000000000000000
mem[X,0x000000008002DD90] -> 0x006F
mem[X,0x000000008002DD92] -> 0x00C0
[6623] [M]: 0x000000008002DD90 (0x00C0006F) jal zero, 0xc
mem[X,0x000000008002DD9C] -> 0x0663
mem[X,0x000000008002DD9E] -> 0x00B5
[6624] [M]: 0x000000008002DD9C (0x00B50663) beq a0, a1, 0xc
mem[X,0x000000008002DDA0] -> 0x0213
mem[X,0x000000008002DDA2] -> 0x0022
[6625] [M]: 0x000000008002DDA0 (0x00220213) addi tp, tp, 0x2
x4 <- 0x0000000000000002
mem[X,0x000000008002DDA4] -> 0x006F
mem[X,0x000000008002DDA6] -> 0x00C0
[6626] [M]: 0x000000008002DDA4 (0x00C0006F) jal zero, 0xc
mem[X,0x000000008002DDB0] -> 0x3823
mem[X,0x000000008002DDB2] -> 0x5241
[6627] [M]: 0x000000008002DDB0 (0x52413823) sd tp, 0x530(sp)
mem[0x0000000080048EF8] <- 0x0000000000000002
mem[X,0x000000008002DDB4] -> 0x3537
mem[X,0x000000008002DDB6] -> 0x3333
[6628] [M]: 0x000000008002DDB4 (0x33333537) lui a0, 0x33333
x10 <- 0x0000000033333000
mem[X,0x000000008002DDB8] -> 0x0513
mem[X,0x000000008002DDBA] -> 0x3335
[6629] [M]: 0x000000008002DDB8 (0x33350513) addi a0, a0, 0x333
x10 <- 0x0000000033333333
mem[X,0x000000008002DDBC] -> 0x1513
mem[X,0x000000008002DDBE] -> 0x00B5
[6630] [M]: 0x000000008002DDBC (0x00B51513) slli a0, a0, 0xb
x10 <- 0x0000019999999800
mem[X,0x000000008002DDC0] -> 0x0513
mem[X,0x000000008002DDC2] -> 0x1995
[6631] [M]: 0x000000008002DDC0 (0x19950513) addi a0, a0, 0x199
x10 <- 0x0000019999999999
mem[X,0x000000008002DDC4] -> 0x1513
mem[X,0x000000008002DDC6] -> 0x00B5
[6632] [M]: 0x000000008002DDC4 (0x00B51513) slli a0, a0, 0xb
x10 <- 0x000CCCCCCCCCC800
mem[X,0x000000008002DDC8] -> 0x0513
mem[X,0x000000008002DDCA] -> 0x4CC5
[6633] [M]: 0x000000008002DDC8 (0x4CC50513) addi a0, a0, 0x4cc
x10 <- 0x000CCCCCCCCCCCCC
mem[X,0x000000008002DDCC] -> 0x1513
mem[X,0x000000008002DDCE] -> 0x00A5
[6634] [M]: 0x000000008002DDCC (0x00A51513) slli a0, a0, 0xa
x10 <- 0x3333333333333000
mem[X,0x000000008002DDD0] -> 0x0513
mem[X,0x000000008002DDD2] -> 0x3325
[6635] [M]: 0x000000008002DDD0 (0x33250513) addi a0, a0, 0x332
x10 <- 0x3333333333333332
mem[X,0x000000008002DDD4] -> 0xB5B7
mem[X,0x000000008002DDD6] -> 0xAAAA
[6636] [M]: 0x000000008002DDD4 (0xAAAAB5B7) lui a1, -0x55555
x11 <- 0xFFFFFFFFAAAAB000
mem[X,0x000000008002DDD8] -> 0x8593
mem[X,0x000000008002DDDA] -> 0xAAA5
[6637] [M]: 0x000000008002DDD8 (0xAAA58593) addi a1, a1, -0x556
x11 <- 0xFFFFFFFFAAAAAAAA
mem[X,0x000000008002DDDC] -> 0x9593
mem[X,0x000000008002DDDE] -> 0x00B5
[6638] [M]: 0x000000008002DDDC (0x00B59593) slli a1, a1, 0xb
x11 <- 0xFFFFFD5555555000
mem[X,0x000000008002DDE0] -> 0x8593
mem[X,0x000000008002DDE2] -> 0x5555
[6639] [M]: 0x000000008002DDE0 (0x55558593) addi a1, a1, 0x555
x11 <- 0xFFFFFD5555555555
mem[X,0x000000008002DDE4] -> 0x9593
mem[X,0x000000008002DDE6] -> 0x00B5
[6640] [M]: 0x000000008002DDE4 (0x00B59593) slli a1, a1, 0xb
x11 <- 0xFFEAAAAAAAAAA800
mem[X,0x000000008002DDE8] -> 0x8593
mem[X,0x000000008002DDEA] -> 0x2AA5
[6641] [M]: 0x000000008002DDE8 (0x2AA58593) addi a1, a1, 0x2aa
x11 <- 0xFFEAAAAAAAAAAAAA
mem[X,0x000000008002DDEC] -> 0x9593
mem[X,0x000000008002DDEE] -> 0x00A5
[6642] [M]: 0x000000008002DDEC (0x00A59593) slli a1, a1, 0xa
x11 <- 0xAAAAAAAAAAAAA800
mem[X,0x000000008002DDF0] -> 0x8593
mem[X,0x000000008002DDF2] -> 0x2AA5
[6643] [M]: 0x000000008002DDF0 (0x2AA58593) addi a1, a1, 0x2aa
x11 <- 0xAAAAAAAAAAAAAAAA
mem[X,0x000000008002DDF4] -> 0x0213
mem[X,0x000000008002DDF6] -> 0x0000
[6644] [M]: 0x000000008002DDF4 (0x00000213) addi tp, zero, 0x0
x4 <- 0x0000000000000000
mem[X,0x000000008002DDF8] -> 0x006F
mem[X,0x000000008002DDFA] -> 0x00C0
[6645] [M]: 0x000000008002DDF8 (0x00C0006F) jal zero, 0xc
mem[X,0x000000008002DE04] -> 0x0663
mem[X,0x000000008002DE06] -> 0x00B5
[6646] [M]: 0x000000008002DE04 (0x00B50663) beq a0, a1, 0xc
mem[X,0x000000008002DE08] -> 0x0213
mem[X,0x000000008002DE0A] -> 0x0022
[6647] [M]: 0x000000008002DE08 (0x00220213) addi tp, tp, 0x2
x4 <- 0x0000000000000002
mem[X,0x000000008002DE0C] -> 0x006F
mem[X,0x000000008002DE0E] -> 0x00C0
[6648] [M]: 0x000000008002DE0C (0x00C0006F) jal zero, 0xc
mem[X,0x000000008002DE18] -> 0x3C23
mem[X,0x000000008002DE1A] -> 0x5241
[6649] [M]: 0x000000008002DE18 (0x52413C23) sd tp, 0x538(sp)
mem[0x0000000080048F00] <- 0x0000000000000002
mem[X,0x000000008002DE1C] -> 0x3537
mem[X,0x000000008002DE1E] -> 0x3333
[6650] [M]: 0x000000008002DE1C (0x33333537) lui a0, 0x33333
x10 <- 0x0000000033333000
mem[X,0x000000008002DE20] -> 0x0513
mem[X,0x000000008002DE22] -> 0x3335
[6651] [M]: 0x000000008002DE20 (0x33350513) addi a0, a0, 0x333
x10 <- 0x0000000033333333
mem[X,0x000000008002DE24] -> 0x1513
mem[X,0x000000008002DE26] -> 0x00B5
[6652] [M]: 0x000000008002DE24 (0x00B51513) slli a0, a0, 0xb
x10 <- 0x0000019999999800
mem[X,0x000000008002DE28] -> 0x0513
mem[X,0x000000008002DE2A] -> 0x1995
[6653] [M]: 0x000000008002DE28 (0x19950513) addi a0, a0, 0x199
x10 <- 0x0000019999999999
mem[X,0x000000008002DE2C] -> 0x1513
mem[X,0x000000008002DE2E] -> 0x00B5
[6654] [M]: 0x000000008002DE2C (0x00B51513) slli a0, a0, 0xb
x10 <- 0x000CCCCCCCCCC800
mem[X,0x000000008002DE30] -> 0x0513
mem[X,0x000000008002DE32] -> 0x4CC5
[6655] [M]: 0x000000008002DE30 (0x4CC50513) addi a0, a0, 0x4cc
x10 <- 0x000CCCCCCCCCCCCC
mem[X,0x000000008002DE34] -> 0x1513
mem[X,0x000000008002DE36] -> 0x00A5
[6656] [M]: 0x000000008002DE34 (0x00A51513) slli a0, a0, 0xa
x10 <- 0x3333333333333000
mem[X,0x000000008002DE38] -> 0x0513
mem[X,0x000000008002DE3A] -> 0x3325
[6657] [M]: 0x000000008002DE38 (0x33250513) addi a0, a0, 0x332
x10 <- 0x3333333333333332
mem[X,0x000000008002DE3C] -> 0x0593
mem[X,0x000000008002DE3E] -> 0x0050
[6658] [M]: 0x000000008002DE3C (0x00500593) addi a1, zero, 0x5
x11 <- 0x0000000000000005
mem[X,0x000000008002DE40] -> 0x0213
mem[X,0x000000008002DE42] -> 0x0000
[6659] [M]: 0x000000008002DE40 (0x00000213) addi tp, zero, 0x0
x4 <- 0x0000000000000000
mem[X,0x000000008002DE44] -> 0x006F
mem[X,0x000000008002DE46] -> 0x00C0
[6660] [M]: 0x000000008002DE44 (0x00C0006F) jal zero, 0xc
mem[X,0x000000008002DE50] -> 0x0063
mem[X,0x000000008002DE52] -> 0x08B5
[6661] [M]: 0x000000008002DE50 (0x08B50063) beq a0, a1, 0x80
mem[X,0x000000008002DE54] -> 0x0213
mem[X,0x000000008002DE56] -> 0x0022
[6662] [M]: 0x000000008002DE54 (0x00220213) addi tp, tp, 0x2
x4 <- 0x0000000000000002
mem[X,0x000000008002DE58] -> 0x006F
mem[X,0x000000008002DE5A] -> 0x0800
[6663] [M]: 0x000000008002DE58 (0x0800006F) jal zero, 0x80
mem[X,0x000000008002DED8] -> 0x3023
mem[X,0x000000008002DEDA] -> 0x5441
[6664] [M]: 0x000000008002DED8 (0x54413023) sd tp, 0x540(sp)
mem[0x0000000080048F08] <- 0x0000000000000002
mem[X,0x000000008002DEDC] -> 0x3537
mem[X,0x000000008002DEDE] -> 0x3333
[6665] [M]: 0x000000008002DEDC (0x33333537) lui a0, 0x33333
x10 <- 0x0000000033333000
mem[X,0x000000008002DEE0] -> 0x0513
mem[X,0x000000008002DEE2] -> 0x3335
[6666] [M]: 0x000000008002DEE0 (0x33350513) addi a0, a0, 0x333
x10 <- 0x0000000033333333
mem[X,0x000000008002DEE4] -> 0x1513
mem[X,0x000000008002DEE6] -> 0x00B5
[6667] [M]: 0x000000008002DEE4 (0x00B51513) slli a0, a0, 0xb
x10 <- 0x0000019999999800
mem[X,0x000000008002DEE8] -> 0x0513
mem[X,0x000000008002DEEA] -> 0x1995
[6668] [M]: 0x000000008002DEE8 (0x19950513) addi a0, a0, 0x199
x10 <- 0x0000019999999999
mem[X,0x000000008002DEEC] -> 0x1513
mem[X,0x000000008002DEEE] -> 0x00B5
[6669] [M]: 0x000000008002DEEC (0x00B51513) slli a0, a0, 0xb
x10 <- 0x000CCCCCCCCCC800
mem[X,0x000000008002DEF0] -> 0x0513
mem[X,0x000000008002DEF2] -> 0x4CC5
[6670] [M]: 0x000000008002DEF0 (0x4CC50513) addi a0, a0, 0x4cc
x10 <- 0x000CCCCCCCCCCCCC
mem[X,0x000000008002DEF4] -> 0x1513
mem[X,0x000000008002DEF6] -> 0x00A5
[6671] [M]: 0x000000008002DEF4 (0x00A51513) slli a0, a0, 0xa
x10 <- 0x3333333333333000
mem[X,0x000000008002DEF8] -> 0x0513
mem[X,0x000000008002DEFA] -> 0x3325
[6672] [M]: 0x000000008002DEF8 (0x33250513) addi a0, a0, 0x332
x10 <- 0x3333333333333332
mem[X,0x000000008002DEFC] -> 0x35B7
mem[X,0x000000008002DEFE] -> 0x3333
[6673] [M]: 0x000000008002DEFC (0x333335B7) lui a1, 0x33333
x11 <- 0x0000000033333000
mem[X,0x000000008002DF00] -> 0x8593
mem[X,0x000000008002DF02] -> 0x3335
[6674] [M]: 0x000000008002DF00 (0x33358593) addi a1, a1, 0x333
x11 <- 0x0000000033333333
mem[X,0x000000008002DF04] -> 0x9593
mem[X,0x000000008002DF06] -> 0x00B5
[6675] [M]: 0x000000008002DF04 (0x00B59593) slli a1, a1, 0xb
x11 <- 0x0000019999999800
mem[X,0x000000008002DF08] -> 0x8593
mem[X,0x000000008002DF0A] -> 0x1995
[6676] [M]: 0x000000008002DF08 (0x19958593) addi a1, a1, 0x199
x11 <- 0x0000019999999999
mem[X,0x000000008002DF0C] -> 0x9593
mem[X,0x000000008002DF0E] -> 0x00B5
[6677] [M]: 0x000000008002DF0C (0x00B59593) slli a1, a1, 0xb
x11 <- 0x000CCCCCCCCCC800
mem[X,0x000000008002DF10] -> 0x8593
mem[X,0x000000008002DF12] -> 0x4CC5
[6678] [M]: 0x000000008002DF10 (0x4CC58593) addi a1, a1, 0x4cc
x11 <- 0x000CCCCCCCCCCCCC
mem[X,0x000000008002DF14] -> 0x9593
mem[X,0x000000008002DF16] -> 0x00A5
[6679] [M]: 0x000000008002DF14 (0x00A59593) slli a1, a1, 0xa
x11 <- 0x3333333333333000
mem[X,0x000000008002DF18] -> 0x8593
mem[X,0x000000008002DF1A] -> 0x3335
[6680] [M]: 0x000000008002DF18 (0x33358593) addi a1, a1, 0x333
x11 <- 0x3333333333333333
mem[X,0x000000008002DF1C] -> 0x0213
mem[X,0x000000008002DF1E] -> 0x0000
[6681] [M]: 0x000000008002DF1C (0x00000213) addi tp, zero, 0x0
x4 <- 0x0000000000000000
mem[X,0x000000008002DF20] -> 0x006F
mem[X,0x000000008002DF22] -> 0x00C0
[6682] [M]: 0x000000008002DF20 (0x00C0006F) jal zero, 0xc
mem[X,0x000000008002DF2C] -> 0x0063
mem[X,0x000000008002DF2E] -> 0x02B5
[6683] [M]: 0x000000008002DF2C (0x02B50063) beq a0, a1, 0x20
mem[X,0x000000008002DF30] -> 0x0213
mem[X,0x000000008002DF32] -> 0x0022
[6684] [M]: 0x000000008002DF30 (0x00220213) addi tp, tp, 0x2
x4 <- 0x0000000000000002
mem[X,0x000000008002DF34] -> 0x006F
mem[X,0x000000008002DF36] -> 0x0200
[6685] [M]: 0x000000008002DF34 (0x0200006F) jal zero, 0x20
mem[X,0x000000008002DF54] -> 0x3423
mem[X,0x000000008002DF56] -> 0x5441
[6686] [M]: 0x000000008002DF54 (0x54413423) sd tp, 0x548(sp)
mem[0x0000000080048F10] <- 0x0000000000000002
mem[X,0x000000008002DF58] -> 0x3537
mem[X,0x000000008002DF5A] -> 0x3333
[6687] [M]: 0x000000008002DF58 (0x33333537) lui a0, 0x33333
x10 <- 0x0000000033333000
mem[X,0x000000008002DF5C] -> 0x0513
mem[X,0x000000008002DF5E] -> 0x3335
[6688] [M]: 0x000000008002DF5C (0x33350513) addi a0, a0, 0x333
x10 <- 0x0000000033333333
mem[X,0x000000008002DF60] -> 0x1513
mem[X,0x000000008002DF62] -> 0x00B5
[6689] [M]: 0x000000008002DF60 (0x00B51513) slli a0, a0, 0xb
x10 <- 0x0000019999999800
mem[X,0x000000008002DF64] -> 0x0513
mem[X,0x000000008002DF66] -> 0x1995
[6690] [M]: 0x000000008002DF64 (0x19950513) addi a0, a0, 0x199
x10 <- 0x0000019999999999
mem[X,0x000000008002DF68] -> 0x1513
mem[X,0x000000008002DF6A] -> 0x00B5
[6691] [M]: 0x000000008002DF68 (0x00B51513) slli a0, a0, 0xb
x10 <- 0x000CCCCCCCCCC800
mem[X,0x000000008002DF6C] -> 0x0513
mem[X,0x000000008002DF6E] -> 0x4CC5
[6692] [M]: 0x000000008002DF6C (0x4CC50513) addi a0, a0, 0x4cc
x10 <- 0x000CCCCCCCCCCCCC
mem[X,0x000000008002DF70] -> 0x1513
mem[X,0x000000008002DF72] -> 0x00A5
[6693] [M]: 0x000000008002DF70 (0x00A51513) slli a0, a0, 0xa
x10 <- 0x3333333333333000
mem[X,0x000000008002DF74] -> 0x0513
mem[X,0x000000008002DF76] -> 0x3325
[6694] [M]: 0x000000008002DF74 (0x33250513) addi a0, a0, 0x332
x10 <- 0x3333333333333332
mem[X,0x000000008002DF78] -> 0x65B7
mem[X,0x000000008002DF7A] -> 0x6666
[6695] [M]: 0x000000008002DF78 (0x666665B7) lui a1, 0x66666
x11 <- 0x0000000066666000
mem[X,0x000000008002DF7C] -> 0x8593
mem[X,0x000000008002DF7E] -> 0x6665
[6696] [M]: 0x000000008002DF7C (0x66658593) addi a1, a1, 0x666
x11 <- 0x0000000066666666
mem[X,0x000000008002DF80] -> 0x9593
mem[X,0x000000008002DF82] -> 0x00B5
[6697] [M]: 0x000000008002DF80 (0x00B59593) slli a1, a1, 0xb
x11 <- 0x0000033333333000
mem[X,0x000000008002DF84] -> 0x8593
mem[X,0x000000008002DF86] -> 0x3335
[6698] [M]: 0x000000008002DF84 (0x33358593) addi a1, a1, 0x333
x11 <- 0x0000033333333333
mem[X,0x000000008002DF88] -> 0x9593
mem[X,0x000000008002DF8A] -> 0x00B5
[6699] [M]: 0x000000008002DF88 (0x00B59593) slli a1, a1, 0xb
x11 <- 0x0019999999999800
clint::tick mtime <- 0x0000000000000043
 clint timer pending at mtime 0x0000000000000043
htif::tick 0x0000000000000000
mem[X,0x000000008002DF8C] -> 0x8593
mem[X,0x000000008002DF8E] -> 0x1995
[6700] [M]: 0x000000008002DF8C (0x19958593) addi a1, a1, 0x199
x11 <- 0x0019999999999999
mem[X,0x000000008002DF90] -> 0x9593
mem[X,0x000000008002DF92] -> 0x00A5
[6701] [M]: 0x000000008002DF90 (0x00A59593) slli a1, a1, 0xa
x11 <- 0x6666666666666400
mem[X,0x000000008002DF94] -> 0x8593
mem[X,0x000000008002DF96] -> 0x2665
[6702] [M]: 0x000000008002DF94 (0x26658593) addi a1, a1, 0x266
x11 <- 0x6666666666666666
mem[X,0x000000008002DF98] -> 0x0213
mem[X,0x000000008002DF9A] -> 0x0000
[6703] [M]: 0x000000008002DF98 (0x00000213) addi tp, zero, 0x0
x4 <- 0x0000000000000000
mem[X,0x000000008002DF9C] -> 0x006F
mem[X,0x000000008002DF9E] -> 0x00C0
[6704] [M]: 0x000000008002DF9C (0x00C0006F) jal zero, 0xc
mem[X,0x000000008002DFA8] -> 0x0063
mem[X,0x000000008002DFAA] -> 0x40B5
[6705] [M]: 0x000000008002DFA8 (0x40B50063) beq a0, a1, 0x400
mem[X,0x000000008002DFAC] -> 0x0213
mem[X,0x000000008002DFAE] -> 0x0022
[6706] [M]: 0x000000008002DFAC (0x00220213) addi tp, tp, 0x2
x4 <- 0x0000000000000002
mem[X,0x000000008002DFB0] -> 0x006F
mem[X,0x000000008002DFB2] -> 0x4000
[6707] [M]: 0x000000008002DFB0 (0x4000006F) jal zero, 0x400
mem[X,0x000000008002E3B0] -> 0x3823
mem[X,0x000000008002E3B2] -> 0x5441
[6708] [M]: 0x000000008002E3B0 (0x54413823) sd tp, 0x550(sp)
mem[0x0000000080048F18] <- 0x0000000000000002
mem[X,0x000000008002E3B4] -> 0x3537
mem[X,0x000000008002E3B6] -> 0x3333
[6709] [M]: 0x000000008002E3B4 (0x33333537) lui a0, 0x33333
x10 <- 0x0000000033333000
mem[X,0x000000008002E3B8] -> 0x0513
mem[X,0x000000008002E3BA] -> 0x3335
[6710] [M]: 0x000000008002E3B8 (0x33350513) addi a0, a0, 0x333
x10 <- 0x0000000033333333
mem[X,0x000000008002E3BC] -> 0x1513
mem[X,0x000000008002E3BE] -> 0x00B5
[6711] [M]: 0x000000008002E3BC (0x00B51513) slli a0, a0, 0xb
x10 <- 0x0000019999999800
mem[X,0x000000008002E3C0] -> 0x0513
mem[X,0x000000008002E3C2] -> 0x1995
[6712] [M]: 0x000000008002E3C0 (0x19950513) addi a0, a0, 0x199
x10 <- 0x0000019999999999
mem[X,0x000000008002E3C4] -> 0x1513
mem[X,0x000000008002E3C6] -> 0x00B5
[6713] [M]: 0x000000008002E3C4 (0x00B51513) slli a0, a0, 0xb
x10 <- 0x000CCCCCCCCCC800
mem[X,0x000000008002E3C8] -> 0x0513
mem[X,0x000000008002E3CA] -> 0x4CC5
[6714] [M]: 0x000000008002E3C8 (0x4CC50513) addi a0, a0, 0x4cc
x10 <- 0x000CCCCCCCCCCCCC
mem[X,0x000000008002E3CC] -> 0x1513
mem[X,0x000000008002E3CE] -> 0x00A5
[6715] [M]: 0x000000008002E3CC (0x00A51513) slli a0, a0, 0xa
x10 <- 0x3333333333333000
mem[X,0x000000008002E3D0] -> 0x0513
mem[X,0x000000008002E3D2] -> 0x3325
[6716] [M]: 0x000000008002E3D0 (0x33250513) addi a0, a0, 0x332
x10 <- 0x3333333333333332
mem[X,0x000000008002E3D4] -> 0x05B7
mem[X,0x000000008002E3D6] -> 0x0000
[6717] [M]: 0x000000008002E3D4 (0x000005B7) lui a1, 0x0
x11 <- 0x0000000000000000
mem[X,0x000000008002E3D8] -> 0x8593
mem[X,0x000000008002E3DA] -> 0xFFF5
[6718] [M]: 0x000000008002E3D8 (0xFFF58593) addi a1, a1, -0x1
x11 <- 0xFFFFFFFFFFFFFFFF
mem[X,0x000000008002E3DC] -> 0x9593
mem[X,0x000000008002E3DE] -> 0x00B5
[6719] [M]: 0x000000008002E3DC (0x00B59593) slli a1, a1, 0xb
x11 <- 0xFFFFFFFFFFFFF800
mem[X,0x000000008002E3E0] -> 0x8593
mem[X,0x000000008002E3E2] -> 0x2575
[6720] [M]: 0x000000008002E3E0 (0x25758593) addi a1, a1, 0x257
x11 <- 0xFFFFFFFFFFFFFA57
mem[X,0x000000008002E3E4] -> 0x9593
mem[X,0x000000008002E3E6] -> 0x00B5
[6721] [M]: 0x000000008002E3E4 (0x00B59593) slli a1, a1, 0xb
x11 <- 0xFFFFFFFFFFD2B800
mem[X,0x000000008002E3E8] -> 0x8593
mem[X,0x000000008002E3EA] -> 0x6C35
[6722] [M]: 0x000000008002E3E8 (0x6C358593) addi a1, a1, 0x6c3
x11 <- 0xFFFFFFFFFFD2BEC3
mem[X,0x000000008002E3EC] -> 0x9593
mem[X,0x000000008002E3EE] -> 0x00A5
[6723] [M]: 0x000000008002E3EC (0x00A59593) slli a1, a1, 0xa
x11 <- 0xFFFFFFFF4AFB0C00
mem[X,0x000000008002E3F0] -> 0x8593
mem[X,0x000000008002E3F2] -> 0x0CD5
[6724] [M]: 0x000000008002E3F0 (0x0CD58593) addi a1, a1, 0xcd
x11 <- 0xFFFFFFFF4AFB0CCD
mem[X,0x000000008002E3F4] -> 0x0213
mem[X,0x000000008002E3F6] -> 0x0000
[6725] [M]: 0x000000008002E3F4 (0x00000213) addi tp, zero, 0x0
x4 <- 0x0000000000000000
mem[X,0x000000008002E3F8] -> 0x006F
mem[X,0x000000008002E3FA] -> 0x00C0
[6726] [M]: 0x000000008002E3F8 (0x00C0006F) jal zero, 0xc
mem[X,0x000000008002E404] -> 0x0863
mem[X,0x000000008002E406] -> 0x00B5
[6727] [M]: 0x000000008002E404 (0x00B50863) beq a0, a1, 0x10
mem[X,0x000000008002E408] -> 0x0213
mem[X,0x000000008002E40A] -> 0x0022
[6728] [M]: 0x000000008002E408 (0x00220213) addi tp, tp, 0x2
x4 <- 0x0000000000000002
mem[X,0x000000008002E40C] -> 0x006F
mem[X,0x000000008002E40E] -> 0x0100
[6729] [M]: 0x000000008002E40C (0x0100006F) jal zero, 0x10
mem[X,0x000000008002E41C] -> 0x3C23
mem[X,0x000000008002E41E] -> 0x5441
[6730] [M]: 0x000000008002E41C (0x54413C23) sd tp, 0x558(sp)
mem[0x0000000080048F20] <- 0x0000000000000002
mem[X,0x000000008002E420] -> 0x3537
mem[X,0x000000008002E422] -> 0x3333
[6731] [M]: 0x000000008002E420 (0x33333537) lui a0, 0x33333
x10 <- 0x0000000033333000
mem[X,0x000000008002E424] -> 0x0513
mem[X,0x000000008002E426] -> 0x3335
[6732] [M]: 0x000000008002E424 (0x33350513) addi a0, a0, 0x333
x10 <- 0x0000000033333333
mem[X,0x000000008002E428] -> 0x1513
mem[X,0x000000008002E42A] -> 0x00B5
[6733] [M]: 0x000000008002E428 (0x00B51513) slli a0, a0, 0xb
x10 <- 0x0000019999999800
mem[X,0x000000008002E42C] -> 0x0513
mem[X,0x000000008002E42E] -> 0x1995
[6734] [M]: 0x000000008002E42C (0x19950513) addi a0, a0, 0x199
x10 <- 0x0000019999999999
mem[X,0x000000008002E430] -> 0x1513
mem[X,0x000000008002E432] -> 0x00B5
[6735] [M]: 0x000000008002E430 (0x00B51513) slli a0, a0, 0xb
x10 <- 0x000CCCCCCCCCC800
mem[X,0x000000008002E434] -> 0x0513
mem[X,0x000000008002E436] -> 0x4CC5
[6736] [M]: 0x000000008002E434 (0x4CC50513) addi a0, a0, 0x4cc
x10 <- 0x000CCCCCCCCCCCCC
mem[X,0x000000008002E438] -> 0x1513
mem[X,0x000000008002E43A] -> 0x00A5
[6737] [M]: 0x000000008002E438 (0x00A51513) slli a0, a0, 0xa
x10 <- 0x3333333333333000
mem[X,0x000000008002E43C] -> 0x0513
mem[X,0x000000008002E43E] -> 0x3325
[6738] [M]: 0x000000008002E43C (0x33250513) addi a0, a0, 0x332
x10 <- 0x3333333333333332
mem[X,0x000000008002E440] -> 0x05B7
mem[X,0x000000008002E442] -> 0x0000
[6739] [M]: 0x000000008002E440 (0x000005B7) lui a1, 0x0
x11 <- 0x0000000000000000
mem[X,0x000000008002E444] -> 0x8593
mem[X,0x000000008002E446] -> 0x0005
[6740] [M]: 0x000000008002E444 (0x00058593) addi a1, a1, 0x0
x11 <- 0x0000000000000000
mem[X,0x000000008002E448] -> 0x9593
mem[X,0x000000008002E44A] -> 0x00B5
[6741] [M]: 0x000000008002E448 (0x00B59593) slli a1, a1, 0xb
x11 <- 0x0000000000000000
mem[X,0x000000008002E44C] -> 0x8593
mem[X,0x000000008002E44E] -> 0x5A85
[6742] [M]: 0x000000008002E44C (0x5A858593) addi a1, a1, 0x5a8
x11 <- 0x00000000000005A8
mem[X,0x000000008002E450] -> 0x9593
mem[X,0x000000008002E452] -> 0x00B5
[6743] [M]: 0x000000008002E450 (0x00B59593) slli a1, a1, 0xb
x11 <- 0x00000000002D4000
mem[X,0x000000008002E454] -> 0x8593
mem[X,0x000000008002E456] -> 0x13C5
[6744] [M]: 0x000000008002E454 (0x13C58593) addi a1, a1, 0x13c
x11 <- 0x00000000002D413C
mem[X,0x000000008002E458] -> 0x9593
mem[X,0x000000008002E45A] -> 0x00A5
[6745] [M]: 0x000000008002E458 (0x00A59593) slli a1, a1, 0xa
x11 <- 0x00000000B504F000
mem[X,0x000000008002E45C] -> 0x8593
mem[X,0x000000008002E45E] -> 0x3335
[6746] [M]: 0x000000008002E45C (0x33358593) addi a1, a1, 0x333
x11 <- 0x00000000B504F333
mem[X,0x000000008002E460] -> 0x0213
mem[X,0x000000008002E462] -> 0x0000
[6747] [M]: 0x000000008002E460 (0x00000213) addi tp, zero, 0x0
x4 <- 0x0000000000000000
mem[X,0x000000008002E464] -> 0x006F
mem[X,0x000000008002E466] -> 0x00C0
[6748] [M]: 0x000000008002E464 (0x00C0006F) jal zero, 0xc
mem[X,0x000000008002E470] -> 0x0063
mem[X,0x000000008002E472] -> 0x02B5
[6749] [M]: 0x000000008002E470 (0x02B50063) beq a0, a1, 0x20
mem[X,0x000000008002E474] -> 0x0213
mem[X,0x000000008002E476] -> 0x0022
[6750] [M]: 0x000000008002E474 (0x00220213) addi tp, tp, 0x2
x4 <- 0x0000000000000002
mem[X,0x000000008002E478] -> 0x006F
mem[X,0x000000008002E47A] -> 0x0200
[6751] [M]: 0x000000008002E478 (0x0200006F) jal zero, 0x20
mem[X,0x000000008002E498] -> 0x3023
mem[X,0x000000008002E49A] -> 0x5641
[6752] [M]: 0x000000008002E498 (0x56413023) sd tp, 0x560(sp)
mem[0x0000000080048F28] <- 0x0000000000000002
mem[X,0x000000008002E49C] -> 0x3537
mem[X,0x000000008002E49E] -> 0x3333
[6753] [M]: 0x000000008002E49C (0x33333537) lui a0, 0x33333
x10 <- 0x0000000033333000
mem[X,0x000000008002E4A0] -> 0x0513
mem[X,0x000000008002E4A2] -> 0x3335
[6754] [M]: 0x000000008002E4A0 (0x33350513) addi a0, a0, 0x333
x10 <- 0x0000000033333333
mem[X,0x000000008002E4A4] -> 0x1513
mem[X,0x000000008002E4A6] -> 0x00B5
[6755] [M]: 0x000000008002E4A4 (0x00B51513) slli a0, a0, 0xb
x10 <- 0x0000019999999800
mem[X,0x000000008002E4A8] -> 0x0513
mem[X,0x000000008002E4AA] -> 0x1995
[6756] [M]: 0x000000008002E4A8 (0x19950513) addi a0, a0, 0x199
x10 <- 0x0000019999999999
mem[X,0x000000008002E4AC] -> 0x1513
mem[X,0x000000008002E4AE] -> 0x00B5
[6757] [M]: 0x000000008002E4AC (0x00B51513) slli a0, a0, 0xb
x10 <- 0x000CCCCCCCCCC800
mem[X,0x000000008002E4B0] -> 0x0513
mem[X,0x000000008002E4B2] -> 0x4CC5
[6758] [M]: 0x000000008002E4B0 (0x4CC50513) addi a0, a0, 0x4cc
x10 <- 0x000CCCCCCCCCCCCC
mem[X,0x000000008002E4B4] -> 0x1513
mem[X,0x000000008002E4B6] -> 0x00A5
[6759] [M]: 0x000000008002E4B4 (0x00A51513) slli a0, a0, 0xa
x10 <- 0x3333333333333000
mem[X,0x000000008002E4B8] -> 0x0513
mem[X,0x000000008002E4BA] -> 0x3325
[6760] [M]: 0x000000008002E4B8 (0x33250513) addi a0, a0, 0x332
x10 <- 0x3333333333333332
mem[X,0x000000008002E4BC] -> 0x0593
mem[X,0x000000008002E4BE] -> 0x0020
[6761] [M]: 0x000000008002E4BC (0x00200593) addi a1, zero, 0x2
x11 <- 0x0000000000000002
mem[X,0x000000008002E4C0] -> 0x0213
mem[X,0x000000008002E4C2] -> 0x0000
[6762] [M]: 0x000000008002E4C0 (0x00000213) addi tp, zero, 0x0
x4 <- 0x0000000000000000
mem[X,0x000000008002E4C4] -> 0x006F
mem[X,0x000000008002E4C6] -> 0x0050
[6763] [M]: 0x000000008002E4C4 (0x0050006F) jal zero, 0x804
mem[X,0x000000008002ECC8] -> 0x00E3
mem[X,0x000000008002ECCA] -> 0x80B5
[6764] [M]: 0x000000008002ECC8 (0x80B500E3) beq a0, a1, -0x800
mem[X,0x000000008002ECCC] -> 0x0213
mem[X,0x000000008002ECCE] -> 0x0022
[6765] [M]: 0x000000008002ECCC (0x00220213) addi tp, tp, 0x2
x4 <- 0x0000000000000002
mem[X,0x000000008002ECD0] -> 0x006F
mem[X,0x000000008002ECD2] -> 0x00C0
[6766] [M]: 0x000000008002ECD0 (0x00C0006F) jal zero, 0xc
mem[X,0x000000008002ECDC] -> 0x3423
mem[X,0x000000008002ECDE] -> 0x5641
[6767] [M]: 0x000000008002ECDC (0x56413423) sd tp, 0x568(sp)
mem[0x0000000080048F30] <- 0x0000000000000002
mem[X,0x000000008002ECE0] -> 0x3537
mem[X,0x000000008002ECE2] -> 0x3333
[6768] [M]: 0x000000008002ECE0 (0x33333537) lui a0, 0x33333
x10 <- 0x0000000033333000
mem[X,0x000000008002ECE4] -> 0x0513
mem[X,0x000000008002ECE6] -> 0x3335
[6769] [M]: 0x000000008002ECE4 (0x33350513) addi a0, a0, 0x333
x10 <- 0x0000000033333333
mem[X,0x000000008002ECE8] -> 0x1513
mem[X,0x000000008002ECEA] -> 0x00B5
[6770] [M]: 0x000000008002ECE8 (0x00B51513) slli a0, a0, 0xb
x10 <- 0x0000019999999800
mem[X,0x000000008002ECEC] -> 0x0513
mem[X,0x000000008002ECEE] -> 0x1995
[6771] [M]: 0x000000008002ECEC (0x19950513) addi a0, a0, 0x199
x10 <- 0x0000019999999999
mem[X,0x000000008002ECF0] -> 0x1513
mem[X,0x000000008002ECF2] -> 0x00B5
[6772] [M]: 0x000000008002ECF0 (0x00B51513) slli a0, a0, 0xb
x10 <- 0x000CCCCCCCCCC800
mem[X,0x000000008002ECF4] -> 0x0513
mem[X,0x000000008002ECF6] -> 0x4CC5
[6773] [M]: 0x000000008002ECF4 (0x4CC50513) addi a0, a0, 0x4cc
x10 <- 0x000CCCCCCCCCCCCC
mem[X,0x000000008002ECF8] -> 0x1513
mem[X,0x000000008002ECFA] -> 0x00A5
[6774] [M]: 0x000000008002ECF8 (0x00A51513) slli a0, a0, 0xa
x10 <- 0x3333333333333000
mem[X,0x000000008002ECFC] -> 0x0513
mem[X,0x000000008002ECFE] -> 0x3325
[6775] [M]: 0x000000008002ECFC (0x33250513) addi a0, a0, 0x332
x10 <- 0x3333333333333332
mem[X,0x000000008002ED00] -> 0x55B7
mem[X,0x000000008002ED02] -> 0x5555
[6776] [M]: 0x000000008002ED00 (0x555555B7) lui a1, 0x55555
x11 <- 0x0000000055555000
mem[X,0x000000008002ED04] -> 0x8593
mem[X,0x000000008002ED06] -> 0x5555
[6777] [M]: 0x000000008002ED04 (0x55558593) addi a1, a1, 0x555
x11 <- 0x0000000055555555
mem[X,0x000000008002ED08] -> 0x9593
mem[X,0x000000008002ED0A] -> 0x00B5
[6778] [M]: 0x000000008002ED08 (0x00B59593) slli a1, a1, 0xb
x11 <- 0x000002AAAAAAA800
mem[X,0x000000008002ED0C] -> 0x8593
mem[X,0x000000008002ED0E] -> 0x2AA5
[6779] [M]: 0x000000008002ED0C (0x2AA58593) addi a1, a1, 0x2aa
x11 <- 0x000002AAAAAAAAAA
mem[X,0x000000008002ED10] -> 0x9593
mem[X,0x000000008002ED12] -> 0x00B5
[6780] [M]: 0x000000008002ED10 (0x00B59593) slli a1, a1, 0xb
x11 <- 0x0015555555555000
mem[X,0x000000008002ED14] -> 0x8593
mem[X,0x000000008002ED16] -> 0x5555
[6781] [M]: 0x000000008002ED14 (0x55558593) addi a1, a1, 0x555
x11 <- 0x0015555555555555
mem[X,0x000000008002ED18] -> 0x9593
mem[X,0x000000008002ED1A] -> 0x00A5
[6782] [M]: 0x000000008002ED18 (0x00A59593) slli a1, a1, 0xa
x11 <- 0x5555555555555400
mem[X,0x000000008002ED1C] -> 0x8593
mem[X,0x000000008002ED1E] -> 0x1545
[6783] [M]: 0x000000008002ED1C (0x15458593) addi a1, a1, 0x154
x11 <- 0x5555555555555554
mem[X,0x000000008002ED20] -> 0x0213
mem[X,0x000000008002ED22] -> 0x0000
[6784] [M]: 0x000000008002ED20 (0x00000213) addi tp, zero, 0x0
x4 <- 0x0000000000000000
mem[X,0x000000008002ED24] -> 0x006F
mem[X,0x000000008002ED26] -> 0x00C0
[6785] [M]: 0x000000008002ED24 (0x00C0006F) jal zero, 0xc
mem[X,0x000000008002ED30] -> 0x0863
mem[X,0x000000008002ED32] -> 0x00B5
[6786] [M]: 0x000000008002ED30 (0x00B50863) beq a0, a1, 0x10
mem[X,0x000000008002ED34] -> 0x0213
mem[X,0x000000008002ED36] -> 0x0022
[6787] [M]: 0x000000008002ED34 (0x00220213) addi tp, tp, 0x2
x4 <- 0x0000000000000002
mem[X,0x000000008002ED38] -> 0x006F
mem[X,0x000000008002ED3A] -> 0x0100
[6788] [M]: 0x000000008002ED38 (0x0100006F) jal zero, 0x10
mem[X,0x000000008002ED48] -> 0x3823
mem[X,0x000000008002ED4A] -> 0x5641
[6789] [M]: 0x000000008002ED48 (0x56413823) sd tp, 0x570(sp)
mem[0x0000000080048F38] <- 0x0000000000000002
mem[X,0x000000008002ED4C] -> 0x3537
mem[X,0x000000008002ED4E] -> 0x3333
[6790] [M]: 0x000000008002ED4C (0x33333537) lui a0, 0x33333
x10 <- 0x0000000033333000
mem[X,0x000000008002ED50] -> 0x0513
mem[X,0x000000008002ED52] -> 0x3335
[6791] [M]: 0x000000008002ED50 (0x33350513) addi a0, a0, 0x333
x10 <- 0x0000000033333333
mem[X,0x000000008002ED54] -> 0x1513
mem[X,0x000000008002ED56] -> 0x00B5
[6792] [M]: 0x000000008002ED54 (0x00B51513) slli a0, a0, 0xb
x10 <- 0x0000019999999800
mem[X,0x000000008002ED58] -> 0x0513
mem[X,0x000000008002ED5A] -> 0x1995
[6793] [M]: 0x000000008002ED58 (0x19950513) addi a0, a0, 0x199
x10 <- 0x0000019999999999
mem[X,0x000000008002ED5C] -> 0x1513
mem[X,0x000000008002ED5E] -> 0x00B5
[6794] [M]: 0x000000008002ED5C (0x00B51513) slli a0, a0, 0xb
x10 <- 0x000CCCCCCCCCC800
mem[X,0x000000008002ED60] -> 0x0513
mem[X,0x000000008002ED62] -> 0x4CC5
[6795] [M]: 0x000000008002ED60 (0x4CC50513) addi a0, a0, 0x4cc
x10 <- 0x000CCCCCCCCCCCCC
mem[X,0x000000008002ED64] -> 0x1513
mem[X,0x000000008002ED66] -> 0x00A5
[6796] [M]: 0x000000008002ED64 (0x00A51513) slli a0, a0, 0xa
x10 <- 0x3333333333333000
mem[X,0x000000008002ED68] -> 0x0513
mem[X,0x000000008002ED6A] -> 0x3325
[6797] [M]: 0x000000008002ED68 (0x33250513) addi a0, a0, 0x332
x10 <- 0x3333333333333332
mem[X,0x000000008002ED6C] -> 0x0593
mem[X,0x000000008002ED6E] -> 0x0000
[6798] [M]: 0x000000008002ED6C (0x00000593) addi a1, zero, 0x0
x11 <- 0x0000000000000000
mem[X,0x000000008002ED70] -> 0x0213
mem[X,0x000000008002ED72] -> 0x0000
[6799] [M]: 0x000000008002ED70 (0x00000213) addi tp, zero, 0x0
x4 <- 0x0000000000000000
clint::tick mtime <- 0x0000000000000044
 clint timer pending at mtime 0x0000000000000044
htif::tick 0x0000000000000000
mem[X,0x000000008002ED74] -> 0x006F
mem[X,0x000000008002ED76] -> 0x0140
[6800] [M]: 0x000000008002ED74 (0x0140006F) jal zero, 0x14
mem[X,0x000000008002ED88] -> 0x08E3
mem[X,0x000000008002ED8A] -> 0xFEB5
[6801] [M]: 0x000000008002ED88 (0xFEB508E3) beq a0, a1, -0x10
mem[X,0x000000008002ED8C] -> 0x0213
mem[X,0x000000008002ED8E] -> 0x0022
[6802] [M]: 0x000000008002ED8C (0x00220213) addi tp, tp, 0x2
x4 <- 0x0000000000000002
mem[X,0x000000008002ED90] -> 0x006F
mem[X,0x000000008002ED92] -> 0x00C0
[6803] [M]: 0x000000008002ED90 (0x00C0006F) jal zero, 0xc
mem[X,0x000000008002ED9C] -> 0x3C23
mem[X,0x000000008002ED9E] -> 0x5641
[6804] [M]: 0x000000008002ED9C (0x56413C23) sd tp, 0x578(sp)
mem[0x0000000080048F40] <- 0x0000000000000002
mem[X,0x000000008002EDA0] -> 0x3537
mem[X,0x000000008002EDA2] -> 0x3333
[6805] [M]: 0x000000008002EDA0 (0x33333537) lui a0, 0x33333
x10 <- 0x0000000033333000
mem[X,0x000000008002EDA4] -> 0x0513
mem[X,0x000000008002EDA6] -> 0x3335
[6806] [M]: 0x000000008002EDA4 (0x33350513) addi a0, a0, 0x333
x10 <- 0x0000000033333333
mem[X,0x000000008002EDA8] -> 0x1513
mem[X,0x000000008002EDAA] -> 0x00B5
[6807] [M]: 0x000000008002EDA8 (0x00B51513) slli a0, a0, 0xb
x10 <- 0x0000019999999800
mem[X,0x000000008002EDAC] -> 0x0513
mem[X,0x000000008002EDAE] -> 0x1995
[6808] [M]: 0x000000008002EDAC (0x19950513) addi a0, a0, 0x199
x10 <- 0x0000019999999999
mem[X,0x000000008002EDB0] -> 0x1513
mem[X,0x000000008002EDB2] -> 0x00B5
[6809] [M]: 0x000000008002EDB0 (0x00B51513) slli a0, a0, 0xb
x10 <- 0x000CCCCCCCCCC800
mem[X,0x000000008002EDB4] -> 0x0513
mem[X,0x000000008002EDB6] -> 0x4CC5
[6810] [M]: 0x000000008002EDB4 (0x4CC50513) addi a0, a0, 0x4cc
x10 <- 0x000CCCCCCCCCCCCC
mem[X,0x000000008002EDB8] -> 0x1513
mem[X,0x000000008002EDBA] -> 0x00A5
[6811] [M]: 0x000000008002EDB8 (0x00A51513) slli a0, a0, 0xa
x10 <- 0x3333333333333000
mem[X,0x000000008002EDBC] -> 0x0513
mem[X,0x000000008002EDBE] -> 0x3325
[6812] [M]: 0x000000008002EDBC (0x33250513) addi a0, a0, 0x332
x10 <- 0x3333333333333332
mem[X,0x000000008002EDC0] -> 0x0593
mem[X,0x000000008002EDC2] -> 0x0040
[6813] [M]: 0x000000008002EDC0 (0x00400593) addi a1, zero, 0x4
x11 <- 0x0000000000000004
mem[X,0x000000008002EDC4] -> 0x0213
mem[X,0x000000008002EDC6] -> 0x0000
[6814] [M]: 0x000000008002EDC4 (0x00000213) addi tp, zero, 0x0
x4 <- 0x0000000000000000
mem[X,0x000000008002EDC8] -> 0x006F
mem[X,0x000000008002EDCA] -> 0x00C0
[6815] [M]: 0x000000008002EDC8 (0x00C0006F) jal zero, 0xc
mem[X,0x000000008002EDD4] -> 0x0663
mem[X,0x000000008002EDD6] -> 0x00B5
[6816] [M]: 0x000000008002EDD4 (0x00B50663) beq a0, a1, 0xc
mem[X,0x000000008002EDD8] -> 0x0213
mem[X,0x000000008002EDDA] -> 0x0022
[6817] [M]: 0x000000008002EDD8 (0x00220213) addi tp, tp, 0x2
x4 <- 0x0000000000000002
mem[X,0x000000008002EDDC] -> 0x006F
mem[X,0x000000008002EDDE] -> 0x00C0
[6818] [M]: 0x000000008002EDDC (0x00C0006F) jal zero, 0xc
mem[X,0x000000008002EDE8] -> 0x3023
mem[X,0x000000008002EDEA] -> 0x5841
[6819] [M]: 0x000000008002EDE8 (0x58413023) sd tp, 0x580(sp)
mem[0x0000000080048F48] <- 0x0000000000000002
mem[X,0x000000008002EDEC] -> 0x3537
mem[X,0x000000008002EDEE] -> 0x3333
[6820] [M]: 0x000000008002EDEC (0x33333537) lui a0, 0x33333
x10 <- 0x0000000033333000
mem[X,0x000000008002EDF0] -> 0x0513
mem[X,0x000000008002EDF2] -> 0x3335
[6821] [M]: 0x000000008002EDF0 (0x33350513) addi a0, a0, 0x333
x10 <- 0x0000000033333333
mem[X,0x000000008002EDF4] -> 0x1513
mem[X,0x000000008002EDF6] -> 0x00B5
[6822] [M]: 0x000000008002EDF4 (0x00B51513) slli a0, a0, 0xb
x10 <- 0x0000019999999800
mem[X,0x000000008002EDF8] -> 0x0513
mem[X,0x000000008002EDFA] -> 0x1995
[6823] [M]: 0x000000008002EDF8 (0x19950513) addi a0, a0, 0x199
x10 <- 0x0000019999999999
mem[X,0x000000008002EDFC] -> 0x1513
mem[X,0x000000008002EDFE] -> 0x00B5
[6824] [M]: 0x000000008002EDFC (0x00B51513) slli a0, a0, 0xb
x10 <- 0x000CCCCCCCCCC800
mem[X,0x000000008002EE00] -> 0x0513
mem[X,0x000000008002EE02] -> 0x4CC5
[6825] [M]: 0x000000008002EE00 (0x4CC50513) addi a0, a0, 0x4cc
x10 <- 0x000CCCCCCCCCCCCC
mem[X,0x000000008002EE04] -> 0x1513
mem[X,0x000000008002EE06] -> 0x00A5
[6826] [M]: 0x000000008002EE04 (0x00A51513) slli a0, a0, 0xa
x10 <- 0x3333333333333000
mem[X,0x000000008002EE08] -> 0x0513
mem[X,0x000000008002EE0A] -> 0x3325
[6827] [M]: 0x000000008002EE08 (0x33250513) addi a0, a0, 0x332
x10 <- 0x3333333333333332
mem[X,0x000000008002EE0C] -> 0x35B7
mem[X,0x000000008002EE0E] -> 0x3333
[6828] [M]: 0x000000008002EE0C (0x333335B7) lui a1, 0x33333
x11 <- 0x0000000033333000
mem[X,0x000000008002EE10] -> 0x8593
mem[X,0x000000008002EE12] -> 0x3335
[6829] [M]: 0x000000008002EE10 (0x33358593) addi a1, a1, 0x333
x11 <- 0x0000000033333333
mem[X,0x000000008002EE14] -> 0x9593
mem[X,0x000000008002EE16] -> 0x00B5
[6830] [M]: 0x000000008002EE14 (0x00B59593) slli a1, a1, 0xb
x11 <- 0x0000019999999800
mem[X,0x000000008002EE18] -> 0x8593
mem[X,0x000000008002EE1A] -> 0x1995
[6831] [M]: 0x000000008002EE18 (0x19958593) addi a1, a1, 0x199
x11 <- 0x0000019999999999
mem[X,0x000000008002EE1C] -> 0x9593
mem[X,0x000000008002EE1E] -> 0x00B5
[6832] [M]: 0x000000008002EE1C (0x00B59593) slli a1, a1, 0xb
x11 <- 0x000CCCCCCCCCC800
mem[X,0x000000008002EE20] -> 0x8593
mem[X,0x000000008002EE22] -> 0x4CC5
[6833] [M]: 0x000000008002EE20 (0x4CC58593) addi a1, a1, 0x4cc
x11 <- 0x000CCCCCCCCCCCCC
mem[X,0x000000008002EE24] -> 0x9593
mem[X,0x000000008002EE26] -> 0x00A5
[6834] [M]: 0x000000008002EE24 (0x00A59593) slli a1, a1, 0xa
x11 <- 0x3333333333333000
mem[X,0x000000008002EE28] -> 0x8593
mem[X,0x000000008002EE2A] -> 0x3325
[6835] [M]: 0x000000008002EE28 (0x33258593) addi a1, a1, 0x332
x11 <- 0x3333333333333332
mem[X,0x000000008002EE2C] -> 0x0213
mem[X,0x000000008002EE2E] -> 0x0000
[6836] [M]: 0x000000008002EE2C (0x00000213) addi tp, zero, 0x0
x4 <- 0x0000000000000000
mem[X,0x000000008002EE30] -> 0x006F
mem[X,0x000000008002EE32] -> 0x0180
[6837] [M]: 0x000000008002EE30 (0x0180006F) jal zero, 0x18
mem[X,0x000000008002EE48] -> 0x06E3
mem[X,0x000000008002EE4A] -> 0xFEB5
[6838] [M]: 0x000000008002EE48 (0xFEB506E3) beq a0, a1, -0x14
mem[X,0x000000008002EE34] -> 0x0213
mem[X,0x000000008002EE36] -> 0x0012
[6839] [M]: 0x000000008002EE34 (0x00120213) addi tp, tp, 0x1
x4 <- 0x0000000000000001
mem[X,0x000000008002EE38] -> 0x006F
mem[X,0x000000008002EE3A] -> 0x0240
[6840] [M]: 0x000000008002EE38 (0x0240006F) jal zero, 0x24
mem[X,0x000000008002EE5C] -> 0x3423
mem[X,0x000000008002EE5E] -> 0x5841
[6841] [M]: 0x000000008002EE5C (0x58413423) sd tp, 0x588(sp)
mem[0x0000000080048F50] <- 0x0000000000000001
mem[X,0x000000008002EE60] -> 0x3537
mem[X,0x000000008002EE62] -> 0x3333
[6842] [M]: 0x000000008002EE60 (0x33333537) lui a0, 0x33333
x10 <- 0x0000000033333000
mem[X,0x000000008002EE64] -> 0x0513
mem[X,0x000000008002EE66] -> 0x3335
[6843] [M]: 0x000000008002EE64 (0x33350513) addi a0, a0, 0x333
x10 <- 0x0000000033333333
mem[X,0x000000008002EE68] -> 0x1513
mem[X,0x000000008002EE6A] -> 0x00B5
[6844] [M]: 0x000000008002EE68 (0x00B51513) slli a0, a0, 0xb
x10 <- 0x0000019999999800
mem[X,0x000000008002EE6C] -> 0x0513
mem[X,0x000000008002EE6E] -> 0x1995
[6845] [M]: 0x000000008002EE6C (0x19950513) addi a0, a0, 0x199
x10 <- 0x0000019999999999
mem[X,0x000000008002EE70] -> 0x1513
mem[X,0x000000008002EE72] -> 0x00B5
[6846] [M]: 0x000000008002EE70 (0x00B51513) slli a0, a0, 0xb
x10 <- 0x000CCCCCCCCCC800
mem[X,0x000000008002EE74] -> 0x0513
mem[X,0x000000008002EE76] -> 0x4CC5
[6847] [M]: 0x000000008002EE74 (0x4CC50513) addi a0, a0, 0x4cc
x10 <- 0x000CCCCCCCCCCCCC
mem[X,0x000000008002EE78] -> 0x1513
mem[X,0x000000008002EE7A] -> 0x00A5
[6848] [M]: 0x000000008002EE78 (0x00A51513) slli a0, a0, 0xa
x10 <- 0x3333333333333000
mem[X,0x000000008002EE7C] -> 0x0513
mem[X,0x000000008002EE7E] -> 0x3325
[6849] [M]: 0x000000008002EE7C (0x33250513) addi a0, a0, 0x332
x10 <- 0x3333333333333332
mem[X,0x000000008002EE80] -> 0x65B7
mem[X,0x000000008002EE82] -> 0x6666
[6850] [M]: 0x000000008002EE80 (0x666665B7) lui a1, 0x66666
x11 <- 0x0000000066666000
mem[X,0x000000008002EE84] -> 0x8593
mem[X,0x000000008002EE86] -> 0x6665
[6851] [M]: 0x000000008002EE84 (0x66658593) addi a1, a1, 0x666
x11 <- 0x0000000066666666
mem[X,0x000000008002EE88] -> 0x9593
mem[X,0x000000008002EE8A] -> 0x00B5
[6852] [M]: 0x000000008002EE88 (0x00B59593) slli a1, a1, 0xb
x11 <- 0x0000033333333000
mem[X,0x000000008002EE8C] -> 0x8593
mem[X,0x000000008002EE8E] -> 0x3335
[6853] [M]: 0x000000008002EE8C (0x33358593) addi a1, a1, 0x333
x11 <- 0x0000033333333333
mem[X,0x000000008002EE90] -> 0x9593
mem[X,0x000000008002EE92] -> 0x00B5
[6854] [M]: 0x000000008002EE90 (0x00B59593) slli a1, a1, 0xb
x11 <- 0x0019999999999800
mem[X,0x000000008002EE94] -> 0x8593
mem[X,0x000000008002EE96] -> 0x1995
[6855] [M]: 0x000000008002EE94 (0x19958593) addi a1, a1, 0x199
x11 <- 0x0019999999999999
mem[X,0x000000008002EE98] -> 0x9593
mem[X,0x000000008002EE9A] -> 0x00A5
[6856] [M]: 0x000000008002EE98 (0x00A59593) slli a1, a1, 0xa
x11 <- 0x6666666666666400
mem[X,0x000000008002EE9C] -> 0x8593
mem[X,0x000000008002EE9E] -> 0x2655
[6857] [M]: 0x000000008002EE9C (0x26558593) addi a1, a1, 0x265
x11 <- 0x6666666666666665
mem[X,0x000000008002EEA0] -> 0x0213
mem[X,0x000000008002EEA2] -> 0x0000
[6858] [M]: 0x000000008002EEA0 (0x00000213) addi tp, zero, 0x0
x4 <- 0x0000000000000000
mem[X,0x000000008002EEA4] -> 0x006F
mem[X,0x000000008002EEA6] -> 0x0050
[6859] [M]: 0x000000008002EEA4 (0x0050006F) jal zero, 0x804
mem[X,0x000000008002F6A8] -> 0x00E3
mem[X,0x000000008002F6AA] -> 0x80B5
[6860] [M]: 0x000000008002F6A8 (0x80B500E3) beq a0, a1, -0x800
mem[X,0x000000008002F6AC] -> 0x0213
mem[X,0x000000008002F6AE] -> 0x0022
[6861] [M]: 0x000000008002F6AC (0x00220213) addi tp, tp, 0x2
x4 <- 0x0000000000000002
mem[X,0x000000008002F6B0] -> 0x006F
mem[X,0x000000008002F6B2] -> 0x00C0
[6862] [M]: 0x000000008002F6B0 (0x00C0006F) jal zero, 0xc
mem[X,0x000000008002F6BC] -> 0x3823
mem[X,0x000000008002F6BE] -> 0x5841
[6863] [M]: 0x000000008002F6BC (0x58413823) sd tp, 0x590(sp)
mem[0x0000000080048F58] <- 0x0000000000000002
mem[X,0x000000008002F6C0] -> 0x3537
mem[X,0x000000008002F6C2] -> 0x3333
[6864] [M]: 0x000000008002F6C0 (0x33333537) lui a0, 0x33333
x10 <- 0x0000000033333000
mem[X,0x000000008002F6C4] -> 0x0513
mem[X,0x000000008002F6C6] -> 0x3335
[6865] [M]: 0x000000008002F6C4 (0x33350513) addi a0, a0, 0x333
x10 <- 0x0000000033333333
mem[X,0x000000008002F6C8] -> 0x1513
mem[X,0x000000008002F6CA] -> 0x00B5
[6866] [M]: 0x000000008002F6C8 (0x00B51513) slli a0, a0, 0xb
x10 <- 0x0000019999999800
mem[X,0x000000008002F6CC] -> 0x0513
mem[X,0x000000008002F6CE] -> 0x1995
[6867] [M]: 0x000000008002F6CC (0x19950513) addi a0, a0, 0x199
x10 <- 0x0000019999999999
mem[X,0x000000008002F6D0] -> 0x1513
mem[X,0x000000008002F6D2] -> 0x00B5
[6868] [M]: 0x000000008002F6D0 (0x00B51513) slli a0, a0, 0xb
x10 <- 0x000CCCCCCCCCC800
mem[X,0x000000008002F6D4] -> 0x0513
mem[X,0x000000008002F6D6] -> 0x4CC5
[6869] [M]: 0x000000008002F6D4 (0x4CC50513) addi a0, a0, 0x4cc
x10 <- 0x000CCCCCCCCCCCCC
mem[X,0x000000008002F6D8] -> 0x1513
mem[X,0x000000008002F6DA] -> 0x00A5
[6870] [M]: 0x000000008002F6D8 (0x00A51513) slli a0, a0, 0xa
x10 <- 0x3333333333333000
mem[X,0x000000008002F6DC] -> 0x0513
mem[X,0x000000008002F6DE] -> 0x3325
[6871] [M]: 0x000000008002F6DC (0x33250513) addi a0, a0, 0x332
x10 <- 0x3333333333333332
mem[X,0x000000008002F6E0] -> 0x05B7
mem[X,0x000000008002F6E2] -> 0x0000
[6872] [M]: 0x000000008002F6E0 (0x000005B7) lui a1, 0x0
x11 <- 0x0000000000000000
mem[X,0x000000008002F6E4] -> 0x8593
mem[X,0x000000008002F6E6] -> 0x0005
[6873] [M]: 0x000000008002F6E4 (0x00058593) addi a1, a1, 0x0
x11 <- 0x0000000000000000
mem[X,0x000000008002F6E8] -> 0x9593
mem[X,0x000000008002F6EA] -> 0x00B5
[6874] [M]: 0x000000008002F6E8 (0x00B59593) slli a1, a1, 0xb
x11 <- 0x0000000000000000
mem[X,0x000000008002F6EC] -> 0x8593
mem[X,0x000000008002F6EE] -> 0x5A85
[6875] [M]: 0x000000008002F6EC (0x5A858593) addi a1, a1, 0x5a8
x11 <- 0x00000000000005A8
mem[X,0x000000008002F6F0] -> 0x9593
mem[X,0x000000008002F6F2] -> 0x00B5
[6876] [M]: 0x000000008002F6F0 (0x00B59593) slli a1, a1, 0xb
x11 <- 0x00000000002D4000
mem[X,0x000000008002F6F4] -> 0x8593
mem[X,0x000000008002F6F6] -> 0x13C5
[6877] [M]: 0x000000008002F6F4 (0x13C58593) addi a1, a1, 0x13c
x11 <- 0x00000000002D413C
mem[X,0x000000008002F6F8] -> 0x9593
mem[X,0x000000008002F6FA] -> 0x00A5
[6878] [M]: 0x000000008002F6F8 (0x00A59593) slli a1, a1, 0xa
x11 <- 0x00000000B504F000
mem[X,0x000000008002F6FC] -> 0x8593
mem[X,0x000000008002F6FE] -> 0x3325
[6879] [M]: 0x000000008002F6FC (0x33258593) addi a1, a1, 0x332
x11 <- 0x00000000B504F332
mem[X,0x000000008002F700] -> 0x0213
mem[X,0x000000008002F702] -> 0x0000
[6880] [M]: 0x000000008002F700 (0x00000213) addi tp, zero, 0x0
x4 <- 0x0000000000000000
mem[X,0x000000008002F704] -> 0x006F
mem[X,0x000000008002F706] -> 0x00C0
[6881] [M]: 0x000000008002F704 (0x00C0006F) jal zero, 0xc
mem[X,0x000000008002F710] -> 0x0663
mem[X,0x000000008002F712] -> 0x00B5
[6882] [M]: 0x000000008002F710 (0x00B50663) beq a0, a1, 0xc
mem[X,0x000000008002F714] -> 0x0213
mem[X,0x000000008002F716] -> 0x0022
[6883] [M]: 0x000000008002F714 (0x00220213) addi tp, tp, 0x2
x4 <- 0x0000000000000002
mem[X,0x000000008002F718] -> 0x006F
mem[X,0x000000008002F71A] -> 0x00C0
[6884] [M]: 0x000000008002F718 (0x00C0006F) jal zero, 0xc
mem[X,0x000000008002F724] -> 0x3C23
mem[X,0x000000008002F726] -> 0x5841
[6885] [M]: 0x000000008002F724 (0x58413C23) sd tp, 0x598(sp)
mem[0x0000000080048F60] <- 0x0000000000000002
mem[X,0x000000008002F728] -> 0x3537
mem[X,0x000000008002F72A] -> 0x3333
[6886] [M]: 0x000000008002F728 (0x33333537) lui a0, 0x33333
x10 <- 0x0000000033333000
mem[X,0x000000008002F72C] -> 0x0513
mem[X,0x000000008002F72E] -> 0x3335
[6887] [M]: 0x000000008002F72C (0x33350513) addi a0, a0, 0x333
x10 <- 0x0000000033333333
mem[X,0x000000008002F730] -> 0x1513
mem[X,0x000000008002F732] -> 0x00B5
[6888] [M]: 0x000000008002F730 (0x00B51513) slli a0, a0, 0xb
x10 <- 0x0000019999999800
mem[X,0x000000008002F734] -> 0x0513
mem[X,0x000000008002F736] -> 0x1995
[6889] [M]: 0x000000008002F734 (0x19950513) addi a0, a0, 0x199
x10 <- 0x0000019999999999
mem[X,0x000000008002F738] -> 0x1513
mem[X,0x000000008002F73A] -> 0x00B5
[6890] [M]: 0x000000008002F738 (0x00B51513) slli a0, a0, 0xb
x10 <- 0x000CCCCCCCCCC800
mem[X,0x000000008002F73C] -> 0x0513
mem[X,0x000000008002F73E] -> 0x4CC5
[6891] [M]: 0x000000008002F73C (0x4CC50513) addi a0, a0, 0x4cc
x10 <- 0x000CCCCCCCCCCCCC
mem[X,0x000000008002F740] -> 0x1513
mem[X,0x000000008002F742] -> 0x00A5
[6892] [M]: 0x000000008002F740 (0x00A51513) slli a0, a0, 0xa
x10 <- 0x3333333333333000
mem[X,0x000000008002F744] -> 0x0513
mem[X,0x000000008002F746] -> 0x3325
[6893] [M]: 0x000000008002F744 (0x33250513) addi a0, a0, 0x332
x10 <- 0x3333333333333332
mem[X,0x000000008002F748] -> 0x55B7
mem[X,0x000000008002F74A] -> 0x5555
[6894] [M]: 0x000000008002F748 (0x555555B7) lui a1, 0x55555
x11 <- 0x0000000055555000
mem[X,0x000000008002F74C] -> 0x8593
mem[X,0x000000008002F74E] -> 0x5555
[6895] [M]: 0x000000008002F74C (0x55558593) addi a1, a1, 0x555
x11 <- 0x0000000055555555
mem[X,0x000000008002F750] -> 0x9593
mem[X,0x000000008002F752] -> 0x00B5
[6896] [M]: 0x000000008002F750 (0x00B59593) slli a1, a1, 0xb
x11 <- 0x000002AAAAAAA800
mem[X,0x000000008002F754] -> 0x8593
mem[X,0x000000008002F756] -> 0x2AA5
[6897] [M]: 0x000000008002F754 (0x2AA58593) addi a1, a1, 0x2aa
x11 <- 0x000002AAAAAAAAAA
mem[X,0x000000008002F758] -> 0x9593
mem[X,0x000000008002F75A] -> 0x00B5
[6898] [M]: 0x000000008002F758 (0x00B59593) slli a1, a1, 0xb
x11 <- 0x0015555555555000
mem[X,0x000000008002F75C] -> 0x8593
mem[X,0x000000008002F75E] -> 0x5555
[6899] [M]: 0x000000008002F75C (0x55558593) addi a1, a1, 0x555
x11 <- 0x0015555555555555
clint::tick mtime <- 0x0000000000000045
 clint timer pending at mtime 0x0000000000000045
htif::tick 0x0000000000000000
mem[X,0x000000008002F760] -> 0x9593
mem[X,0x000000008002F762] -> 0x00A5
[6900] [M]: 0x000000008002F760 (0x00A59593) slli a1, a1, 0xa
x11 <- 0x5555555555555400
mem[X,0x000000008002F764] -> 0x8593
mem[X,0x000000008002F766] -> 0x1565
[6901] [M]: 0x000000008002F764 (0x15658593) addi a1, a1, 0x156
x11 <- 0x5555555555555556
mem[X,0x000000008002F768] -> 0x0213
mem[X,0x000000008002F76A] -> 0x0000
[6902] [M]: 0x000000008002F768 (0x00000213) addi tp, zero, 0x0
x4 <- 0x0000000000000000
mem[X,0x000000008002F76C] -> 0x006F
mem[X,0x000000008002F76E] -> 0x00C0
[6903] [M]: 0x000000008002F76C (0x00C0006F) jal zero, 0xc
mem[X,0x000000008002F778] -> 0x0063
mem[X,0x000000008002F77A] -> 0x08B5
[6904] [M]: 0x000000008002F778 (0x08B50063) beq a0, a1, 0x80
mem[X,0x000000008002F77C] -> 0x0213
mem[X,0x000000008002F77E] -> 0x0022
[6905] [M]: 0x000000008002F77C (0x00220213) addi tp, tp, 0x2
x4 <- 0x0000000000000002
mem[X,0x000000008002F780] -> 0x006F
mem[X,0x000000008002F782] -> 0x0800
[6906] [M]: 0x000000008002F780 (0x0800006F) jal zero, 0x80
mem[X,0x000000008002F800] -> 0x3023
mem[X,0x000000008002F802] -> 0x5A41
[6907] [M]: 0x000000008002F800 (0x5A413023) sd tp, 0x5a0(sp)
mem[0x0000000080048F68] <- 0x0000000000000002
mem[X,0x000000008002F804] -> 0x3537
mem[X,0x000000008002F806] -> 0x3333
[6908] [M]: 0x000000008002F804 (0x33333537) lui a0, 0x33333
x10 <- 0x0000000033333000
mem[X,0x000000008002F808] -> 0x0513
mem[X,0x000000008002F80A] -> 0x3335
[6909] [M]: 0x000000008002F808 (0x33350513) addi a0, a0, 0x333
x10 <- 0x0000000033333333
mem[X,0x000000008002F80C] -> 0x1513
mem[X,0x000000008002F80E] -> 0x00B5
[6910] [M]: 0x000000008002F80C (0x00B51513) slli a0, a0, 0xb
x10 <- 0x0000019999999800
mem[X,0x000000008002F810] -> 0x0513
mem[X,0x000000008002F812] -> 0x1995
[6911] [M]: 0x000000008002F810 (0x19950513) addi a0, a0, 0x199
x10 <- 0x0000019999999999
mem[X,0x000000008002F814] -> 0x1513
mem[X,0x000000008002F816] -> 0x00B5
[6912] [M]: 0x000000008002F814 (0x00B51513) slli a0, a0, 0xb
x10 <- 0x000CCCCCCCCCC800
mem[X,0x000000008002F818] -> 0x0513
mem[X,0x000000008002F81A] -> 0x4CC5
[6913] [M]: 0x000000008002F818 (0x4CC50513) addi a0, a0, 0x4cc
x10 <- 0x000CCCCCCCCCCCCC
mem[X,0x000000008002F81C] -> 0x1513
mem[X,0x000000008002F81E] -> 0x00A5
[6914] [M]: 0x000000008002F81C (0x00A51513) slli a0, a0, 0xa
x10 <- 0x3333333333333000
mem[X,0x000000008002F820] -> 0x0513
mem[X,0x000000008002F822] -> 0x3325
[6915] [M]: 0x000000008002F820 (0x33250513) addi a0, a0, 0x332
x10 <- 0x3333333333333332
mem[X,0x000000008002F824] -> 0xB5B7
mem[X,0x000000008002F826] -> 0xAAAA
[6916] [M]: 0x000000008002F824 (0xAAAAB5B7) lui a1, -0x55555
x11 <- 0xFFFFFFFFAAAAB000
mem[X,0x000000008002F828] -> 0x8593
mem[X,0x000000008002F82A] -> 0xAAA5
[6917] [M]: 0x000000008002F828 (0xAAA58593) addi a1, a1, -0x556
x11 <- 0xFFFFFFFFAAAAAAAA
mem[X,0x000000008002F82C] -> 0x9593
mem[X,0x000000008002F82E] -> 0x00B5
[6918] [M]: 0x000000008002F82C (0x00B59593) slli a1, a1, 0xb
x11 <- 0xFFFFFD5555555000
mem[X,0x000000008002F830] -> 0x8593
mem[X,0x000000008002F832] -> 0x5555
[6919] [M]: 0x000000008002F830 (0x55558593) addi a1, a1, 0x555
x11 <- 0xFFFFFD5555555555
mem[X,0x000000008002F834] -> 0x9593
mem[X,0x000000008002F836] -> 0x00B5
[6920] [M]: 0x000000008002F834 (0x00B59593) slli a1, a1, 0xb
x11 <- 0xFFEAAAAAAAAAA800
mem[X,0x000000008002F838] -> 0x8593
mem[X,0x000000008002F83A] -> 0x2AA5
[6921] [M]: 0x000000008002F838 (0x2AA58593) addi a1, a1, 0x2aa
x11 <- 0xFFEAAAAAAAAAAAAA
mem[X,0x000000008002F83C] -> 0x9593
mem[X,0x000000008002F83E] -> 0x00A5
[6922] [M]: 0x000000008002F83C (0x00A59593) slli a1, a1, 0xa
x11 <- 0xAAAAAAAAAAAAA800
mem[X,0x000000008002F840] -> 0x8593
mem[X,0x000000008002F842] -> 0x2AB5
[6923] [M]: 0x000000008002F840 (0x2AB58593) addi a1, a1, 0x2ab
x11 <- 0xAAAAAAAAAAAAAAAB
mem[X,0x000000008002F844] -> 0x0213
mem[X,0x000000008002F846] -> 0x0000
[6924] [M]: 0x000000008002F844 (0x00000213) addi tp, zero, 0x0
x4 <- 0x0000000000000000
mem[X,0x000000008002F848] -> 0x006F
mem[X,0x000000008002F84A] -> 0x00C0
[6925] [M]: 0x000000008002F848 (0x00C0006F) jal zero, 0xc
mem[X,0x000000008002F854] -> 0x0063
mem[X,0x000000008002F856] -> 0x20B5
[6926] [M]: 0x000000008002F854 (0x20B50063) beq a0, a1, 0x200
mem[X,0x000000008002F858] -> 0x0213
mem[X,0x000000008002F85A] -> 0x0022
[6927] [M]: 0x000000008002F858 (0x00220213) addi tp, tp, 0x2
x4 <- 0x0000000000000002
mem[X,0x000000008002F85C] -> 0x006F
mem[X,0x000000008002F85E] -> 0x2000
[6928] [M]: 0x000000008002F85C (0x2000006F) jal zero, 0x200
mem[X,0x000000008002FA5C] -> 0x3423
mem[X,0x000000008002FA5E] -> 0x5A41
[6929] [M]: 0x000000008002FA5C (0x5A413423) sd tp, 0x5a8(sp)
mem[0x0000000080048F70] <- 0x0000000000000002
mem[X,0x000000008002FA60] -> 0x3537
mem[X,0x000000008002FA62] -> 0x3333
[6930] [M]: 0x000000008002FA60 (0x33333537) lui a0, 0x33333
x10 <- 0x0000000033333000
mem[X,0x000000008002FA64] -> 0x0513
mem[X,0x000000008002FA66] -> 0x3335
[6931] [M]: 0x000000008002FA64 (0x33350513) addi a0, a0, 0x333
x10 <- 0x0000000033333333
mem[X,0x000000008002FA68] -> 0x1513
mem[X,0x000000008002FA6A] -> 0x00B5
[6932] [M]: 0x000000008002FA68 (0x00B51513) slli a0, a0, 0xb
x10 <- 0x0000019999999800
mem[X,0x000000008002FA6C] -> 0x0513
mem[X,0x000000008002FA6E] -> 0x1995
[6933] [M]: 0x000000008002FA6C (0x19950513) addi a0, a0, 0x199
x10 <- 0x0000019999999999
mem[X,0x000000008002FA70] -> 0x1513
mem[X,0x000000008002FA72] -> 0x00B5
[6934] [M]: 0x000000008002FA70 (0x00B51513) slli a0, a0, 0xb
x10 <- 0x000CCCCCCCCCC800
mem[X,0x000000008002FA74] -> 0x0513
mem[X,0x000000008002FA76] -> 0x4CC5
[6935] [M]: 0x000000008002FA74 (0x4CC50513) addi a0, a0, 0x4cc
x10 <- 0x000CCCCCCCCCCCCC
mem[X,0x000000008002FA78] -> 0x1513
mem[X,0x000000008002FA7A] -> 0x00A5
[6936] [M]: 0x000000008002FA78 (0x00A51513) slli a0, a0, 0xa
x10 <- 0x3333333333333000
mem[X,0x000000008002FA7C] -> 0x0513
mem[X,0x000000008002FA7E] -> 0x3325
[6937] [M]: 0x000000008002FA7C (0x33250513) addi a0, a0, 0x332
x10 <- 0x3333333333333332
mem[X,0x000000008002FA80] -> 0x0593
mem[X,0x000000008002FA82] -> 0x0060
[6938] [M]: 0x000000008002FA80 (0x00600593) addi a1, zero, 0x6
x11 <- 0x0000000000000006
mem[X,0x000000008002FA84] -> 0x0213
mem[X,0x000000008002FA86] -> 0x0000
[6939] [M]: 0x000000008002FA84 (0x00000213) addi tp, zero, 0x0
x4 <- 0x0000000000000000
mem[X,0x000000008002FA88] -> 0x006F
mem[X,0x000000008002FA8A] -> 0x00C0
[6940] [M]: 0x000000008002FA88 (0x00C0006F) jal zero, 0xc
mem[X,0x000000008002FA94] -> 0x0063
mem[X,0x000000008002FA96] -> 0x10B5
[6941] [M]: 0x000000008002FA94 (0x10B50063) beq a0, a1, 0x100
mem[X,0x000000008002FA98] -> 0x0213
mem[X,0x000000008002FA9A] -> 0x0022
[6942] [M]: 0x000000008002FA98 (0x00220213) addi tp, tp, 0x2
x4 <- 0x0000000000000002
mem[X,0x000000008002FA9C] -> 0x006F
mem[X,0x000000008002FA9E] -> 0x1000
[6943] [M]: 0x000000008002FA9C (0x1000006F) jal zero, 0x100
mem[X,0x000000008002FB9C] -> 0x3823
mem[X,0x000000008002FB9E] -> 0x5A41
[6944] [M]: 0x000000008002FB9C (0x5A413823) sd tp, 0x5b0(sp)
mem[0x0000000080048F78] <- 0x0000000000000002
mem[X,0x000000008002FBA0] -> 0x3537
mem[X,0x000000008002FBA2] -> 0x3333
[6945] [M]: 0x000000008002FBA0 (0x33333537) lui a0, 0x33333
x10 <- 0x0000000033333000
mem[X,0x000000008002FBA4] -> 0x0513
mem[X,0x000000008002FBA6] -> 0x3335
[6946] [M]: 0x000000008002FBA4 (0x33350513) addi a0, a0, 0x333
x10 <- 0x0000000033333333
mem[X,0x000000008002FBA8] -> 0x1513
mem[X,0x000000008002FBAA] -> 0x00B5
[6947] [M]: 0x000000008002FBA8 (0x00B51513) slli a0, a0, 0xb
x10 <- 0x0000019999999800
mem[X,0x000000008002FBAC] -> 0x0513
mem[X,0x000000008002FBAE] -> 0x1995
[6948] [M]: 0x000000008002FBAC (0x19950513) addi a0, a0, 0x199
x10 <- 0x0000019999999999
mem[X,0x000000008002FBB0] -> 0x1513
mem[X,0x000000008002FBB2] -> 0x00B5
[6949] [M]: 0x000000008002FBB0 (0x00B51513) slli a0, a0, 0xb
x10 <- 0x000CCCCCCCCCC800
mem[X,0x000000008002FBB4] -> 0x0513
mem[X,0x000000008002FBB6] -> 0x4CC5
[6950] [M]: 0x000000008002FBB4 (0x4CC50513) addi a0, a0, 0x4cc
x10 <- 0x000CCCCCCCCCCCCC
mem[X,0x000000008002FBB8] -> 0x1513
mem[X,0x000000008002FBBA] -> 0x00A5
[6951] [M]: 0x000000008002FBB8 (0x00A51513) slli a0, a0, 0xa
x10 <- 0x3333333333333000
mem[X,0x000000008002FBBC] -> 0x0513
mem[X,0x000000008002FBBE] -> 0x3325
[6952] [M]: 0x000000008002FBBC (0x33250513) addi a0, a0, 0x332
x10 <- 0x3333333333333332
mem[X,0x000000008002FBC0] -> 0x35B7
mem[X,0x000000008002FBC2] -> 0x3333
[6953] [M]: 0x000000008002FBC0 (0x333335B7) lui a1, 0x33333
x11 <- 0x0000000033333000
mem[X,0x000000008002FBC4] -> 0x8593
mem[X,0x000000008002FBC6] -> 0x3335
[6954] [M]: 0x000000008002FBC4 (0x33358593) addi a1, a1, 0x333
x11 <- 0x0000000033333333
mem[X,0x000000008002FBC8] -> 0x9593
mem[X,0x000000008002FBCA] -> 0x00B5
[6955] [M]: 0x000000008002FBC8 (0x00B59593) slli a1, a1, 0xb
x11 <- 0x0000019999999800
mem[X,0x000000008002FBCC] -> 0x8593
mem[X,0x000000008002FBCE] -> 0x1995
[6956] [M]: 0x000000008002FBCC (0x19958593) addi a1, a1, 0x199
x11 <- 0x0000019999999999
mem[X,0x000000008002FBD0] -> 0x9593
mem[X,0x000000008002FBD2] -> 0x00B5
[6957] [M]: 0x000000008002FBD0 (0x00B59593) slli a1, a1, 0xb
x11 <- 0x000CCCCCCCCCC800
mem[X,0x000000008002FBD4] -> 0x8593
mem[X,0x000000008002FBD6] -> 0x4CC5
[6958] [M]: 0x000000008002FBD4 (0x4CC58593) addi a1, a1, 0x4cc
x11 <- 0x000CCCCCCCCCCCCC
mem[X,0x000000008002FBD8] -> 0x9593
mem[X,0x000000008002FBDA] -> 0x00A5
[6959] [M]: 0x000000008002FBD8 (0x00A59593) slli a1, a1, 0xa
x11 <- 0x3333333333333000
mem[X,0x000000008002FBDC] -> 0x8593
mem[X,0x000000008002FBDE] -> 0x3345
[6960] [M]: 0x000000008002FBDC (0x33458593) addi a1, a1, 0x334
x11 <- 0x3333333333333334
mem[X,0x000000008002FBE0] -> 0x0213
mem[X,0x000000008002FBE2] -> 0x0000
[6961] [M]: 0x000000008002FBE0 (0x00000213) addi tp, zero, 0x0
x4 <- 0x0000000000000000
mem[X,0x000000008002FBE4] -> 0x006F
mem[X,0x000000008002FBE6] -> 0x0100
[6962] [M]: 0x000000008002FBE4 (0x0100006F) jal zero, 0x10
mem[X,0x000000008002FBF4] -> 0x0AE3
mem[X,0x000000008002FBF6] -> 0xFEB5
[6963] [M]: 0x000000008002FBF4 (0xFEB50AE3) beq a0, a1, -0xc
mem[X,0x000000008002FBF8] -> 0x0213
mem[X,0x000000008002FBFA] -> 0x0022
[6964] [M]: 0x000000008002FBF8 (0x00220213) addi tp, tp, 0x2
x4 <- 0x0000000000000002
mem[X,0x000000008002FBFC] -> 0x006F
mem[X,0x000000008002FBFE] -> 0x00C0
[6965] [M]: 0x000000008002FBFC (0x00C0006F) jal zero, 0xc
mem[X,0x000000008002FC08] -> 0x3C23
mem[X,0x000000008002FC0A] -> 0x5A41
[6966] [M]: 0x000000008002FC08 (0x5A413C23) sd tp, 0x5b8(sp)
mem[0x0000000080048F80] <- 0x0000000000000002
mem[X,0x000000008002FC0C] -> 0x3537
mem[X,0x000000008002FC0E] -> 0x3333
[6967] [M]: 0x000000008002FC0C (0x33333537) lui a0, 0x33333
x10 <- 0x0000000033333000
mem[X,0x000000008002FC10] -> 0x0513
mem[X,0x000000008002FC12] -> 0x3335
[6968] [M]: 0x000000008002FC10 (0x33350513) addi a0, a0, 0x333
x10 <- 0x0000000033333333
mem[X,0x000000008002FC14] -> 0x1513
mem[X,0x000000008002FC16] -> 0x00B5
[6969] [M]: 0x000000008002FC14 (0x00B51513) slli a0, a0, 0xb
x10 <- 0x0000019999999800
mem[X,0x000000008002FC18] -> 0x0513
mem[X,0x000000008002FC1A] -> 0x1995
[6970] [M]: 0x000000008002FC18 (0x19950513) addi a0, a0, 0x199
x10 <- 0x0000019999999999
mem[X,0x000000008002FC1C] -> 0x1513
mem[X,0x000000008002FC1E] -> 0x00B5
[6971] [M]: 0x000000008002FC1C (0x00B51513) slli a0, a0, 0xb
x10 <- 0x000CCCCCCCCCC800
mem[X,0x000000008002FC20] -> 0x0513
mem[X,0x000000008002FC22] -> 0x4CC5
[6972] [M]: 0x000000008002FC20 (0x4CC50513) addi a0, a0, 0x4cc
x10 <- 0x000CCCCCCCCCCCCC
mem[X,0x000000008002FC24] -> 0x1513
mem[X,0x000000008002FC26] -> 0x00A5
[6973] [M]: 0x000000008002FC24 (0x00A51513) slli a0, a0, 0xa
x10 <- 0x3333333333333000
mem[X,0x000000008002FC28] -> 0x0513
mem[X,0x000000008002FC2A] -> 0x3325
[6974] [M]: 0x000000008002FC28 (0x33250513) addi a0, a0, 0x332
x10 <- 0x3333333333333332
mem[X,0x000000008002FC2C] -> 0x65B7
mem[X,0x000000008002FC2E] -> 0x6666
[6975] [M]: 0x000000008002FC2C (0x666665B7) lui a1, 0x66666
x11 <- 0x0000000066666000
mem[X,0x000000008002FC30] -> 0x8593
mem[X,0x000000008002FC32] -> 0x6665
[6976] [M]: 0x000000008002FC30 (0x66658593) addi a1, a1, 0x666
x11 <- 0x0000000066666666
mem[X,0x000000008002FC34] -> 0x9593
mem[X,0x000000008002FC36] -> 0x00B5
[6977] [M]: 0x000000008002FC34 (0x00B59593) slli a1, a1, 0xb
x11 <- 0x0000033333333000
mem[X,0x000000008002FC38] -> 0x8593
mem[X,0x000000008002FC3A] -> 0x3335
[6978] [M]: 0x000000008002FC38 (0x33358593) addi a1, a1, 0x333
x11 <- 0x0000033333333333
mem[X,0x000000008002FC3C] -> 0x9593
mem[X,0x000000008002FC3E] -> 0x00B5
[6979] [M]: 0x000000008002FC3C (0x00B59593) slli a1, a1, 0xb
x11 <- 0x0019999999999800
mem[X,0x000000008002FC40] -> 0x8593
mem[X,0x000000008002FC42] -> 0x1995
[6980] [M]: 0x000000008002FC40 (0x19958593) addi a1, a1, 0x199
x11 <- 0x0019999999999999
mem[X,0x000000008002FC44] -> 0x9593
mem[X,0x000000008002FC46] -> 0x00A5
[6981] [M]: 0x000000008002FC44 (0x00A59593) slli a1, a1, 0xa
x11 <- 0x6666666666666400
mem[X,0x000000008002FC48] -> 0x8593
mem[X,0x000000008002FC4A] -> 0x2675
[6982] [M]: 0x000000008002FC48 (0x26758593) addi a1, a1, 0x267
x11 <- 0x6666666666666667
mem[X,0x000000008002FC4C] -> 0x0213
mem[X,0x000000008002FC4E] -> 0x0000
[6983] [M]: 0x000000008002FC4C (0x00000213) addi tp, zero, 0x0
x4 <- 0x0000000000000000
mem[X,0x000000008002FC50] -> 0x006F
mem[X,0x000000008002FC52] -> 0x00C0
[6984] [M]: 0x000000008002FC50 (0x00C0006F) jal zero, 0xc
mem[X,0x000000008002FC5C] -> 0x0663
mem[X,0x000000008002FC5E] -> 0x00B5
[6985] [M]: 0x000000008002FC5C (0x00B50663) beq a0, a1, 0xc
mem[X,0x000000008002FC60] -> 0x0213
mem[X,0x000000008002FC62] -> 0x0022
[6986] [M]: 0x000000008002FC60 (0x00220213) addi tp, tp, 0x2
x4 <- 0x0000000000000002
mem[X,0x000000008002FC64] -> 0x006F
mem[X,0x000000008002FC66] -> 0x00C0
[6987] [M]: 0x000000008002FC64 (0x00C0006F) jal zero, 0xc
mem[X,0x000000008002FC70] -> 0x3023
mem[X,0x000000008002FC72] -> 0x5C41
[6988] [M]: 0x000000008002FC70 (0x5C413023) sd tp, 0x5c0(sp)
mem[0x0000000080048F88] <- 0x0000000000000002
mem[X,0x000000008002FC74] -> 0x3537
mem[X,0x000000008002FC76] -> 0x3333
[6989] [M]: 0x000000008002FC74 (0x33333537) lui a0, 0x33333
x10 <- 0x0000000033333000
mem[X,0x000000008002FC78] -> 0x0513
mem[X,0x000000008002FC7A] -> 0x3335
[6990] [M]: 0x000000008002FC78 (0x33350513) addi a0, a0, 0x333
x10 <- 0x0000000033333333
mem[X,0x000000008002FC7C] -> 0x1513
mem[X,0x000000008002FC7E] -> 0x00B5
[6991] [M]: 0x000000008002FC7C (0x00B51513) slli a0, a0, 0xb
x10 <- 0x0000019999999800
mem[X,0x000000008002FC80] -> 0x0513
mem[X,0x000000008002FC82] -> 0x1995
[6992] [M]: 0x000000008002FC80 (0x19950513) addi a0, a0, 0x199
x10 <- 0x0000019999999999
mem[X,0x000000008002FC84] -> 0x1513
mem[X,0x000000008002FC86] -> 0x00B5
[6993] [M]: 0x000000008002FC84 (0x00B51513) slli a0, a0, 0xb
x10 <- 0x000CCCCCCCCCC800
mem[X,0x000000008002FC88] -> 0x0513
mem[X,0x000000008002FC8A] -> 0x4CC5
[6994] [M]: 0x000000008002FC88 (0x4CC50513) addi a0, a0, 0x4cc
x10 <- 0x000CCCCCCCCCCCCC
mem[X,0x000000008002FC8C] -> 0x1513
mem[X,0x000000008002FC8E] -> 0x00A5
[6995] [M]: 0x000000008002FC8C (0x00A51513) slli a0, a0, 0xa
x10 <- 0x3333333333333000
mem[X,0x000000008002FC90] -> 0x0513
mem[X,0x000000008002FC92] -> 0x3325
[6996] [M]: 0x000000008002FC90 (0x33250513) addi a0, a0, 0x332
x10 <- 0x3333333333333332
mem[X,0x000000008002FC94] -> 0x05B7
mem[X,0x000000008002FC96] -> 0x0000
[6997] [M]: 0x000000008002FC94 (0x000005B7) lui a1, 0x0
x11 <- 0x0000000000000000
mem[X,0x000000008002FC98] -> 0x8593
mem[X,0x000000008002FC9A] -> 0xFFF5
[6998] [M]: 0x000000008002FC98 (0xFFF58593) addi a1, a1, -0x1
x11 <- 0xFFFFFFFFFFFFFFFF
mem[X,0x000000008002FC9C] -> 0x9593
mem[X,0x000000008002FC9E] -> 0x00B5
[6999] [M]: 0x000000008002FC9C (0x00B59593) slli a1, a1, 0xb
x11 <- 0xFFFFFFFFFFFFF800
clint::tick mtime <- 0x0000000000000046
 clint timer pending at mtime 0x0000000000000046
htif::tick 0x0000000000000000
mem[X,0x000000008002FCA0] -> 0x8593
mem[X,0x000000008002FCA2] -> 0x2575
[7000] [M]: 0x000000008002FCA0 (0x25758593) addi a1, a1, 0x257
x11 <- 0xFFFFFFFFFFFFFA57
mem[X,0x000000008002FCA4] -> 0x9593
mem[X,0x000000008002FCA6] -> 0x00B5
[7001] [M]: 0x000000008002FCA4 (0x00B59593) slli a1, a1, 0xb
x11 <- 0xFFFFFFFFFFD2B800
mem[X,0x000000008002FCA8] -> 0x8593
mem[X,0x000000008002FCAA] -> 0x6C35
[7002] [M]: 0x000000008002FCA8 (0x6C358593) addi a1, a1, 0x6c3
x11 <- 0xFFFFFFFFFFD2BEC3
mem[X,0x000000008002FCAC] -> 0x9593
mem[X,0x000000008002FCAE] -> 0x00A5
[7003] [M]: 0x000000008002FCAC (0x00A59593) slli a1, a1, 0xa
x11 <- 0xFFFFFFFF4AFB0C00
mem[X,0x000000008002FCB0] -> 0x8593
mem[X,0x000000008002FCB2] -> 0x0CE5
[7004] [M]: 0x000000008002FCB0 (0x0CE58593) addi a1, a1, 0xce
x11 <- 0xFFFFFFFF4AFB0CCE
mem[X,0x000000008002FCB4] -> 0x0213
mem[X,0x000000008002FCB6] -> 0x0000
[7005] [M]: 0x000000008002FCB4 (0x00000213) addi tp, zero, 0x0
x4 <- 0x0000000000000000
mem[X,0x000000008002FCB8] -> 0x006F
mem[X,0x000000008002FCBA] -> 0x00C0
[7006] [M]: 0x000000008002FCB8 (0x00C0006F) jal zero, 0xc
mem[X,0x000000008002FCC4] -> 0x0663
mem[X,0x000000008002FCC6] -> 0x00B5
[7007] [M]: 0x000000008002FCC4 (0x00B50663) beq a0, a1, 0xc
mem[X,0x000000008002FCC8] -> 0x0213
mem[X,0x000000008002FCCA] -> 0x0022
[7008] [M]: 0x000000008002FCC8 (0x00220213) addi tp, tp, 0x2
x4 <- 0x0000000000000002
mem[X,0x000000008002FCCC] -> 0x006F
mem[X,0x000000008002FCCE] -> 0x00C0
[7009] [M]: 0x000000008002FCCC (0x00C0006F) jal zero, 0xc
mem[X,0x000000008002FCD8] -> 0x3423
mem[X,0x000000008002FCDA] -> 0x5C41
[7010] [M]: 0x000000008002FCD8 (0x5C413423) sd tp, 0x5c8(sp)
mem[0x0000000080048F90] <- 0x0000000000000002
mem[X,0x000000008002FCDC] -> 0x3537
mem[X,0x000000008002FCDE] -> 0x3333
[7011] [M]: 0x000000008002FCDC (0x33333537) lui a0, 0x33333
x10 <- 0x0000000033333000
mem[X,0x000000008002FCE0] -> 0x0513
mem[X,0x000000008002FCE2] -> 0x3335
[7012] [M]: 0x000000008002FCE0 (0x33350513) addi a0, a0, 0x333
x10 <- 0x0000000033333333
mem[X,0x000000008002FCE4] -> 0x1513
mem[X,0x000000008002FCE6] -> 0x00B5
[7013] [M]: 0x000000008002FCE4 (0x00B51513) slli a0, a0, 0xb
x10 <- 0x0000019999999800
mem[X,0x000000008002FCE8] -> 0x0513
mem[X,0x000000008002FCEA] -> 0x1995
[7014] [M]: 0x000000008002FCE8 (0x19950513) addi a0, a0, 0x199
x10 <- 0x0000019999999999
mem[X,0x000000008002FCEC] -> 0x1513
mem[X,0x000000008002FCEE] -> 0x00B5
[7015] [M]: 0x000000008002FCEC (0x00B51513) slli a0, a0, 0xb
x10 <- 0x000CCCCCCCCCC800
mem[X,0x000000008002FCF0] -> 0x0513
mem[X,0x000000008002FCF2] -> 0x4CC5
[7016] [M]: 0x000000008002FCF0 (0x4CC50513) addi a0, a0, 0x4cc
x10 <- 0x000CCCCCCCCCCCCC
mem[X,0x000000008002FCF4] -> 0x1513
mem[X,0x000000008002FCF6] -> 0x00A5
[7017] [M]: 0x000000008002FCF4 (0x00A51513) slli a0, a0, 0xa
x10 <- 0x3333333333333000
mem[X,0x000000008002FCF8] -> 0x0513
mem[X,0x000000008002FCFA] -> 0x3325
[7018] [M]: 0x000000008002FCF8 (0x33250513) addi a0, a0, 0x332
x10 <- 0x3333333333333332
mem[X,0x000000008002FCFC] -> 0x05B7
mem[X,0x000000008002FCFE] -> 0x0000
[7019] [M]: 0x000000008002FCFC (0x000005B7) lui a1, 0x0
x11 <- 0x0000000000000000
mem[X,0x000000008002FD00] -> 0x8593
mem[X,0x000000008002FD02] -> 0x0005
[7020] [M]: 0x000000008002FD00 (0x00058593) addi a1, a1, 0x0
x11 <- 0x0000000000000000
mem[X,0x000000008002FD04] -> 0x9593
mem[X,0x000000008002FD06] -> 0x00B5
[7021] [M]: 0x000000008002FD04 (0x00B59593) slli a1, a1, 0xb
x11 <- 0x0000000000000000
mem[X,0x000000008002FD08] -> 0x8593
mem[X,0x000000008002FD0A] -> 0x5A85
[7022] [M]: 0x000000008002FD08 (0x5A858593) addi a1, a1, 0x5a8
x11 <- 0x00000000000005A8
mem[X,0x000000008002FD0C] -> 0x9593
mem[X,0x000000008002FD0E] -> 0x00B5
[7023] [M]: 0x000000008002FD0C (0x00B59593) slli a1, a1, 0xb
x11 <- 0x00000000002D4000
mem[X,0x000000008002FD10] -> 0x8593
mem[X,0x000000008002FD12] -> 0x13C5
[7024] [M]: 0x000000008002FD10 (0x13C58593) addi a1, a1, 0x13c
x11 <- 0x00000000002D413C
mem[X,0x000000008002FD14] -> 0x9593
mem[X,0x000000008002FD16] -> 0x00A5
[7025] [M]: 0x000000008002FD14 (0x00A59593) slli a1, a1, 0xa
x11 <- 0x00000000B504F000
mem[X,0x000000008002FD18] -> 0x8593
mem[X,0x000000008002FD1A] -> 0x3345
[7026] [M]: 0x000000008002FD18 (0x33458593) addi a1, a1, 0x334
x11 <- 0x00000000B504F334
mem[X,0x000000008002FD1C] -> 0x0213
mem[X,0x000000008002FD1E] -> 0x0000
[7027] [M]: 0x000000008002FD1C (0x00000213) addi tp, zero, 0x0
x4 <- 0x0000000000000000
mem[X,0x000000008002FD20] -> 0x006F
mem[X,0x000000008002FD22] -> 0x00C0
[7028] [M]: 0x000000008002FD20 (0x00C0006F) jal zero, 0xc
mem[X,0x000000008002FD2C] -> 0x0863
mem[X,0x000000008002FD2E] -> 0x00B5
[7029] [M]: 0x000000008002FD2C (0x00B50863) beq a0, a1, 0x10
mem[X,0x000000008002FD30] -> 0x0213
mem[X,0x000000008002FD32] -> 0x0022
[7030] [M]: 0x000000008002FD30 (0x00220213) addi tp, tp, 0x2
x4 <- 0x0000000000000002
mem[X,0x000000008002FD34] -> 0x006F
mem[X,0x000000008002FD36] -> 0x0100
[7031] [M]: 0x000000008002FD34 (0x0100006F) jal zero, 0x10
mem[X,0x000000008002FD44] -> 0x3823
mem[X,0x000000008002FD46] -> 0x5C41
[7032] [M]: 0x000000008002FD44 (0x5C413823) sd tp, 0x5d0(sp)
mem[0x0000000080048F98] <- 0x0000000000000002
mem[X,0x000000008002FD48] -> 0x6537
mem[X,0x000000008002FD4A] -> 0x6666
[7033] [M]: 0x000000008002FD48 (0x66666537) lui a0, 0x66666
x10 <- 0x0000000066666000
mem[X,0x000000008002FD4C] -> 0x0513
mem[X,0x000000008002FD4E] -> 0x6665
[7034] [M]: 0x000000008002FD4C (0x66650513) addi a0, a0, 0x666
x10 <- 0x0000000066666666
mem[X,0x000000008002FD50] -> 0x1513
mem[X,0x000000008002FD52] -> 0x00B5
[7035] [M]: 0x000000008002FD50 (0x00B51513) slli a0, a0, 0xb
x10 <- 0x0000033333333000
mem[X,0x000000008002FD54] -> 0x0513
mem[X,0x000000008002FD56] -> 0x3335
[7036] [M]: 0x000000008002FD54 (0x33350513) addi a0, a0, 0x333
x10 <- 0x0000033333333333
mem[X,0x000000008002FD58] -> 0x1513
mem[X,0x000000008002FD5A] -> 0x00B5
[7037] [M]: 0x000000008002FD58 (0x00B51513) slli a0, a0, 0xb
x10 <- 0x0019999999999800
mem[X,0x000000008002FD5C] -> 0x0513
mem[X,0x000000008002FD5E] -> 0x1995
[7038] [M]: 0x000000008002FD5C (0x19950513) addi a0, a0, 0x199
x10 <- 0x0019999999999999
mem[X,0x000000008002FD60] -> 0x1513
mem[X,0x000000008002FD62] -> 0x00A5
[7039] [M]: 0x000000008002FD60 (0x00A51513) slli a0, a0, 0xa
x10 <- 0x6666666666666400
mem[X,0x000000008002FD64] -> 0x0513
mem[X,0x000000008002FD66] -> 0x2655
[7040] [M]: 0x000000008002FD64 (0x26550513) addi a0, a0, 0x265
x10 <- 0x6666666666666665
mem[X,0x000000008002FD68] -> 0x0593
mem[X,0x000000008002FD6A] -> 0x0030
[7041] [M]: 0x000000008002FD68 (0x00300593) addi a1, zero, 0x3
x11 <- 0x0000000000000003
mem[X,0x000000008002FD6C] -> 0x0213
mem[X,0x000000008002FD6E] -> 0x0000
[7042] [M]: 0x000000008002FD6C (0x00000213) addi tp, zero, 0x0
x4 <- 0x0000000000000000
mem[X,0x000000008002FD70] -> 0x006F
mem[X,0x000000008002FD72] -> 0x00C0
[7043] [M]: 0x000000008002FD70 (0x00C0006F) jal zero, 0xc
mem[X,0x000000008002FD7C] -> 0x0663
mem[X,0x000000008002FD7E] -> 0x00B5
[7044] [M]: 0x000000008002FD7C (0x00B50663) beq a0, a1, 0xc
mem[X,0x000000008002FD80] -> 0x0213
mem[X,0x000000008002FD82] -> 0x0022
[7045] [M]: 0x000000008002FD80 (0x00220213) addi tp, tp, 0x2
x4 <- 0x0000000000000002
mem[X,0x000000008002FD84] -> 0x006F
mem[X,0x000000008002FD86] -> 0x00C0
[7046] [M]: 0x000000008002FD84 (0x00C0006F) jal zero, 0xc
mem[X,0x000000008002FD90] -> 0x3C23
mem[X,0x000000008002FD92] -> 0x5C41
[7047] [M]: 0x000000008002FD90 (0x5C413C23) sd tp, 0x5d8(sp)
mem[0x0000000080048FA0] <- 0x0000000000000002
mem[X,0x000000008002FD94] -> 0x6537
mem[X,0x000000008002FD96] -> 0x6666
[7048] [M]: 0x000000008002FD94 (0x66666537) lui a0, 0x66666
x10 <- 0x0000000066666000
mem[X,0x000000008002FD98] -> 0x0513
mem[X,0x000000008002FD9A] -> 0x6665
[7049] [M]: 0x000000008002FD98 (0x66650513) addi a0, a0, 0x666
x10 <- 0x0000000066666666
mem[X,0x000000008002FD9C] -> 0x1513
mem[X,0x000000008002FD9E] -> 0x00B5
[7050] [M]: 0x000000008002FD9C (0x00B51513) slli a0, a0, 0xb
x10 <- 0x0000033333333000
mem[X,0x000000008002FDA0] -> 0x0513
mem[X,0x000000008002FDA2] -> 0x3335
[7051] [M]: 0x000000008002FDA0 (0x33350513) addi a0, a0, 0x333
x10 <- 0x0000033333333333
mem[X,0x000000008002FDA4] -> 0x1513
mem[X,0x000000008002FDA6] -> 0x00B5
[7052] [M]: 0x000000008002FDA4 (0x00B51513) slli a0, a0, 0xb
x10 <- 0x0019999999999800
mem[X,0x000000008002FDA8] -> 0x0513
mem[X,0x000000008002FDAA] -> 0x1995
[7053] [M]: 0x000000008002FDA8 (0x19950513) addi a0, a0, 0x199
x10 <- 0x0019999999999999
mem[X,0x000000008002FDAC] -> 0x1513
mem[X,0x000000008002FDAE] -> 0x00A5
[7054] [M]: 0x000000008002FDAC (0x00A51513) slli a0, a0, 0xa
x10 <- 0x6666666666666400
mem[X,0x000000008002FDB0] -> 0x0513
mem[X,0x000000008002FDB2] -> 0x2655
[7055] [M]: 0x000000008002FDB0 (0x26550513) addi a0, a0, 0x265
x10 <- 0x6666666666666665
mem[X,0x000000008002FDB4] -> 0x55B7
mem[X,0x000000008002FDB6] -> 0x5555
[7056] [M]: 0x000000008002FDB4 (0x555555B7) lui a1, 0x55555
x11 <- 0x0000000055555000
mem[X,0x000000008002FDB8] -> 0x8593
mem[X,0x000000008002FDBA] -> 0x5555
[7057] [M]: 0x000000008002FDB8 (0x55558593) addi a1, a1, 0x555
x11 <- 0x0000000055555555
mem[X,0x000000008002FDBC] -> 0x9593
mem[X,0x000000008002FDBE] -> 0x00B5
[7058] [M]: 0x000000008002FDBC (0x00B59593) slli a1, a1, 0xb
x11 <- 0x000002AAAAAAA800
mem[X,0x000000008002FDC0] -> 0x8593
mem[X,0x000000008002FDC2] -> 0x2AA5
[7059] [M]: 0x000000008002FDC0 (0x2AA58593) addi a1, a1, 0x2aa
x11 <- 0x000002AAAAAAAAAA
mem[X,0x000000008002FDC4] -> 0x9593
mem[X,0x000000008002FDC6] -> 0x00B5
[7060] [M]: 0x000000008002FDC4 (0x00B59593) slli a1, a1, 0xb
x11 <- 0x0015555555555000
mem[X,0x000000008002FDC8] -> 0x8593
mem[X,0x000000008002FDCA] -> 0x5555
[7061] [M]: 0x000000008002FDC8 (0x55558593) addi a1, a1, 0x555
x11 <- 0x0015555555555555
mem[X,0x000000008002FDCC] -> 0x9593
mem[X,0x000000008002FDCE] -> 0x00A5
[7062] [M]: 0x000000008002FDCC (0x00A59593) slli a1, a1, 0xa
x11 <- 0x5555555555555400
mem[X,0x000000008002FDD0] -> 0x8593
mem[X,0x000000008002FDD2] -> 0x1555
[7063] [M]: 0x000000008002FDD0 (0x15558593) addi a1, a1, 0x155
x11 <- 0x5555555555555555
mem[X,0x000000008002FDD4] -> 0x0213
mem[X,0x000000008002FDD6] -> 0x0000
[7064] [M]: 0x000000008002FDD4 (0x00000213) addi tp, zero, 0x0
x4 <- 0x0000000000000000
mem[X,0x000000008002FDD8] -> 0x006F
mem[X,0x000000008002FDDA] -> 0x0100
[7065] [M]: 0x000000008002FDD8 (0x0100006F) jal zero, 0x10
mem[X,0x000000008002FDE8] -> 0x0AE3
mem[X,0x000000008002FDEA] -> 0xFEB5
[7066] [M]: 0x000000008002FDE8 (0xFEB50AE3) beq a0, a1, -0xc
mem[X,0x000000008002FDEC] -> 0x0213
mem[X,0x000000008002FDEE] -> 0x0022
[7067] [M]: 0x000000008002FDEC (0x00220213) addi tp, tp, 0x2
x4 <- 0x0000000000000002
mem[X,0x000000008002FDF0] -> 0x006F
mem[X,0x000000008002FDF2] -> 0x00C0
[7068] [M]: 0x000000008002FDF0 (0x00C0006F) jal zero, 0xc
mem[X,0x000000008002FDFC] -> 0x3023
mem[X,0x000000008002FDFE] -> 0x5E41
[7069] [M]: 0x000000008002FDFC (0x5E413023) sd tp, 0x5e0(sp)
mem[0x0000000080048FA8] <- 0x0000000000000002
mem[X,0x000000008002FE00] -> 0x6537
mem[X,0x000000008002FE02] -> 0x6666
[7070] [M]: 0x000000008002FE00 (0x66666537) lui a0, 0x66666
x10 <- 0x0000000066666000
mem[X,0x000000008002FE04] -> 0x0513
mem[X,0x000000008002FE06] -> 0x6665
[7071] [M]: 0x000000008002FE04 (0x66650513) addi a0, a0, 0x666
x10 <- 0x0000000066666666
mem[X,0x000000008002FE08] -> 0x1513
mem[X,0x000000008002FE0A] -> 0x00B5
[7072] [M]: 0x000000008002FE08 (0x00B51513) slli a0, a0, 0xb
x10 <- 0x0000033333333000
mem[X,0x000000008002FE0C] -> 0x0513
mem[X,0x000000008002FE0E] -> 0x3335
[7073] [M]: 0x000000008002FE0C (0x33350513) addi a0, a0, 0x333
x10 <- 0x0000033333333333
mem[X,0x000000008002FE10] -> 0x1513
mem[X,0x000000008002FE12] -> 0x00B5
[7074] [M]: 0x000000008002FE10 (0x00B51513) slli a0, a0, 0xb
x10 <- 0x0019999999999800
mem[X,0x000000008002FE14] -> 0x0513
mem[X,0x000000008002FE16] -> 0x1995
[7075] [M]: 0x000000008002FE14 (0x19950513) addi a0, a0, 0x199
x10 <- 0x0019999999999999
mem[X,0x000000008002FE18] -> 0x1513
mem[X,0x000000008002FE1A] -> 0x00A5
[7076] [M]: 0x000000008002FE18 (0x00A51513) slli a0, a0, 0xa
x10 <- 0x6666666666666400
mem[X,0x000000008002FE1C] -> 0x0513
mem[X,0x000000008002FE1E] -> 0x2655
[7077] [M]: 0x000000008002FE1C (0x26550513) addi a0, a0, 0x265
x10 <- 0x6666666666666665
mem[X,0x000000008002FE20] -> 0xB5B7
mem[X,0x000000008002FE22] -> 0xAAAA
[7078] [M]: 0x000000008002FE20 (0xAAAAB5B7) lui a1, -0x55555
x11 <- 0xFFFFFFFFAAAAB000
mem[X,0x000000008002FE24] -> 0x8593
mem[X,0x000000008002FE26] -> 0xAAA5
[7079] [M]: 0x000000008002FE24 (0xAAA58593) addi a1, a1, -0x556
x11 <- 0xFFFFFFFFAAAAAAAA
mem[X,0x000000008002FE28] -> 0x9593
mem[X,0x000000008002FE2A] -> 0x00B5
[7080] [M]: 0x000000008002FE28 (0x00B59593) slli a1, a1, 0xb
x11 <- 0xFFFFFD5555555000
mem[X,0x000000008002FE2C] -> 0x8593
mem[X,0x000000008002FE2E] -> 0x5555
[7081] [M]: 0x000000008002FE2C (0x55558593) addi a1, a1, 0x555
x11 <- 0xFFFFFD5555555555
mem[X,0x000000008002FE30] -> 0x9593
mem[X,0x000000008002FE32] -> 0x00B5
[7082] [M]: 0x000000008002FE30 (0x00B59593) slli a1, a1, 0xb
x11 <- 0xFFEAAAAAAAAAA800
mem[X,0x000000008002FE34] -> 0x8593
mem[X,0x000000008002FE36] -> 0x2AA5
[7083] [M]: 0x000000008002FE34 (0x2AA58593) addi a1, a1, 0x2aa
x11 <- 0xFFEAAAAAAAAAAAAA
mem[X,0x000000008002FE38] -> 0x9593
mem[X,0x000000008002FE3A] -> 0x00A5
[7084] [M]: 0x000000008002FE38 (0x00A59593) slli a1, a1, 0xa
x11 <- 0xAAAAAAAAAAAAA800
mem[X,0x000000008002FE3C] -> 0x8593
mem[X,0x000000008002FE3E] -> 0x2AA5
[7085] [M]: 0x000000008002FE3C (0x2AA58593) addi a1, a1, 0x2aa
x11 <- 0xAAAAAAAAAAAAAAAA
mem[X,0x000000008002FE40] -> 0x0213
mem[X,0x000000008002FE42] -> 0x0000
[7086] [M]: 0x000000008002FE40 (0x00000213) addi tp, zero, 0x0
x4 <- 0x0000000000000000
mem[X,0x000000008002FE44] -> 0x006F
mem[X,0x000000008002FE46] -> 0x00C0
[7087] [M]: 0x000000008002FE44 (0x00C0006F) jal zero, 0xc
mem[X,0x000000008002FE50] -> 0x0CE3
mem[X,0x000000008002FE52] -> 0xFEB5
[7088] [M]: 0x000000008002FE50 (0xFEB50CE3) beq a0, a1, -0x8
mem[X,0x000000008002FE54] -> 0x0213
mem[X,0x000000008002FE56] -> 0x0022
[7089] [M]: 0x000000008002FE54 (0x00220213) addi tp, tp, 0x2
x4 <- 0x0000000000000002
mem[X,0x000000008002FE58] -> 0x006F
mem[X,0x000000008002FE5A] -> 0x00C0
[7090] [M]: 0x000000008002FE58 (0x00C0006F) jal zero, 0xc
mem[X,0x000000008002FE64] -> 0x3423
mem[X,0x000000008002FE66] -> 0x5E41
[7091] [M]: 0x000000008002FE64 (0x5E413423) sd tp, 0x5e8(sp)
mem[0x0000000080048FB0] <- 0x0000000000000002
mem[X,0x000000008002FE68] -> 0x6537
mem[X,0x000000008002FE6A] -> 0x6666
[7092] [M]: 0x000000008002FE68 (0x66666537) lui a0, 0x66666
x10 <- 0x0000000066666000
mem[X,0x000000008002FE6C] -> 0x0513
mem[X,0x000000008002FE6E] -> 0x6665
[7093] [M]: 0x000000008002FE6C (0x66650513) addi a0, a0, 0x666
x10 <- 0x0000000066666666
mem[X,0x000000008002FE70] -> 0x1513
mem[X,0x000000008002FE72] -> 0x00B5
[7094] [M]: 0x000000008002FE70 (0x00B51513) slli a0, a0, 0xb
x10 <- 0x0000033333333000
mem[X,0x000000008002FE74] -> 0x0513
mem[X,0x000000008002FE76] -> 0x3335
[7095] [M]: 0x000000008002FE74 (0x33350513) addi a0, a0, 0x333
x10 <- 0x0000033333333333
mem[X,0x000000008002FE78] -> 0x1513
mem[X,0x000000008002FE7A] -> 0x00B5
[7096] [M]: 0x000000008002FE78 (0x00B51513) slli a0, a0, 0xb
x10 <- 0x0019999999999800
mem[X,0x000000008002FE7C] -> 0x0513
mem[X,0x000000008002FE7E] -> 0x1995
[7097] [M]: 0x000000008002FE7C (0x19950513) addi a0, a0, 0x199
x10 <- 0x0019999999999999
mem[X,0x000000008002FE80] -> 0x1513
mem[X,0x000000008002FE82] -> 0x00A5
[7098] [M]: 0x000000008002FE80 (0x00A51513) slli a0, a0, 0xa
x10 <- 0x6666666666666400
mem[X,0x000000008002FE84] -> 0x0513
mem[X,0x000000008002FE86] -> 0x2655
[7099] [M]: 0x000000008002FE84 (0x26550513) addi a0, a0, 0x265
x10 <- 0x6666666666666665
clint::tick mtime <- 0x0000000000000047
 clint timer pending at mtime 0x0000000000000047
htif::tick 0x0000000000000000
mem[X,0x000000008002FE88] -> 0x0593
mem[X,0x000000008002FE8A] -> 0x0050
[7100] [M]: 0x000000008002FE88 (0x00500593) addi a1, zero, 0x5
x11 <- 0x0000000000000005
mem[X,0x000000008002FE8C] -> 0x0213
mem[X,0x000000008002FE8E] -> 0x0000
[7101] [M]: 0x000000008002FE8C (0x00000213) addi tp, zero, 0x0
x4 <- 0x0000000000000000
mem[X,0x000000008002FE90] -> 0x006F
mem[X,0x000000008002FE92] -> 0x0050
[7102] [M]: 0x000000008002FE90 (0x0050006F) jal zero, 0x804
mem[X,0x0000000080030694] -> 0x00E3
mem[X,0x0000000080030696] -> 0x80B5
[7103] [M]: 0x0000000080030694 (0x80B500E3) beq a0, a1, -0x800
mem[X,0x0000000080030698] -> 0x0213
mem[X,0x000000008003069A] -> 0x0022
[7104] [M]: 0x0000000080030698 (0x00220213) addi tp, tp, 0x2
x4 <- 0x0000000000000002
mem[X,0x000000008003069C] -> 0x006F
mem[X,0x000000008003069E] -> 0x00C0
[7105] [M]: 0x000000008003069C (0x00C0006F) jal zero, 0xc
mem[X,0x00000000800306A8] -> 0x3823
mem[X,0x00000000800306AA] -> 0x5E41
[7106] [M]: 0x00000000800306A8 (0x5E413823) sd tp, 0x5f0(sp)
mem[0x0000000080048FB8] <- 0x0000000000000002
mem[X,0x00000000800306AC] -> 0x6537
mem[X,0x00000000800306AE] -> 0x6666
[7107] [M]: 0x00000000800306AC (0x66666537) lui a0, 0x66666
x10 <- 0x0000000066666000
mem[X,0x00000000800306B0] -> 0x0513
mem[X,0x00000000800306B2] -> 0x6665
[7108] [M]: 0x00000000800306B0 (0x66650513) addi a0, a0, 0x666
x10 <- 0x0000000066666666
mem[X,0x00000000800306B4] -> 0x1513
mem[X,0x00000000800306B6] -> 0x00B5
[7109] [M]: 0x00000000800306B4 (0x00B51513) slli a0, a0, 0xb
x10 <- 0x0000033333333000
mem[X,0x00000000800306B8] -> 0x0513
mem[X,0x00000000800306BA] -> 0x3335
[7110] [M]: 0x00000000800306B8 (0x33350513) addi a0, a0, 0x333
x10 <- 0x0000033333333333
mem[X,0x00000000800306BC] -> 0x1513
mem[X,0x00000000800306BE] -> 0x00B5
[7111] [M]: 0x00000000800306BC (0x00B51513) slli a0, a0, 0xb
x10 <- 0x0019999999999800
mem[X,0x00000000800306C0] -> 0x0513
mem[X,0x00000000800306C2] -> 0x1995
[7112] [M]: 0x00000000800306C0 (0x19950513) addi a0, a0, 0x199
x10 <- 0x0019999999999999
mem[X,0x00000000800306C4] -> 0x1513
mem[X,0x00000000800306C6] -> 0x00A5
[7113] [M]: 0x00000000800306C4 (0x00A51513) slli a0, a0, 0xa
x10 <- 0x6666666666666400
mem[X,0x00000000800306C8] -> 0x0513
mem[X,0x00000000800306CA] -> 0x2655
[7114] [M]: 0x00000000800306C8 (0x26550513) addi a0, a0, 0x265
x10 <- 0x6666666666666665
mem[X,0x00000000800306CC] -> 0x35B7
mem[X,0x00000000800306CE] -> 0x3333
[7115] [M]: 0x00000000800306CC (0x333335B7) lui a1, 0x33333
x11 <- 0x0000000033333000
mem[X,0x00000000800306D0] -> 0x8593
mem[X,0x00000000800306D2] -> 0x3335
[7116] [M]: 0x00000000800306D0 (0x33358593) addi a1, a1, 0x333
x11 <- 0x0000000033333333
mem[X,0x00000000800306D4] -> 0x9593
mem[X,0x00000000800306D6] -> 0x00B5
[7117] [M]: 0x00000000800306D4 (0x00B59593) slli a1, a1, 0xb
x11 <- 0x0000019999999800
mem[X,0x00000000800306D8] -> 0x8593
mem[X,0x00000000800306DA] -> 0x1995
[7118] [M]: 0x00000000800306D8 (0x19958593) addi a1, a1, 0x199
x11 <- 0x0000019999999999
mem[X,0x00000000800306DC] -> 0x9593
mem[X,0x00000000800306DE] -> 0x00B5
[7119] [M]: 0x00000000800306DC (0x00B59593) slli a1, a1, 0xb
x11 <- 0x000CCCCCCCCCC800
mem[X,0x00000000800306E0] -> 0x8593
mem[X,0x00000000800306E2] -> 0x4CC5
[7120] [M]: 0x00000000800306E0 (0x4CC58593) addi a1, a1, 0x4cc
x11 <- 0x000CCCCCCCCCCCCC
mem[X,0x00000000800306E4] -> 0x9593
mem[X,0x00000000800306E6] -> 0x00A5
[7121] [M]: 0x00000000800306E4 (0x00A59593) slli a1, a1, 0xa
x11 <- 0x3333333333333000
mem[X,0x00000000800306E8] -> 0x8593
mem[X,0x00000000800306EA] -> 0x3335
[7122] [M]: 0x00000000800306E8 (0x33358593) addi a1, a1, 0x333
x11 <- 0x3333333333333333
mem[X,0x00000000800306EC] -> 0x0213
mem[X,0x00000000800306EE] -> 0x0000
[7123] [M]: 0x00000000800306EC (0x00000213) addi tp, zero, 0x0
x4 <- 0x0000000000000000
mem[X,0x00000000800306F0] -> 0x006F
mem[X,0x00000000800306F2] -> 0x00C0
[7124] [M]: 0x00000000800306F0 (0x00C0006F) jal zero, 0xc
mem[X,0x00000000800306FC] -> 0x0863
mem[X,0x00000000800306FE] -> 0x00B5
[7125] [M]: 0x00000000800306FC (0x00B50863) beq a0, a1, 0x10
mem[X,0x0000000080030700] -> 0x0213
mem[X,0x0000000080030702] -> 0x0022
[7126] [M]: 0x0000000080030700 (0x00220213) addi tp, tp, 0x2
x4 <- 0x0000000000000002
mem[X,0x0000000080030704] -> 0x006F
mem[X,0x0000000080030706] -> 0x0100
[7127] [M]: 0x0000000080030704 (0x0100006F) jal zero, 0x10
mem[X,0x0000000080030714] -> 0x3C23
mem[X,0x0000000080030716] -> 0x5E41
[7128] [M]: 0x0000000080030714 (0x5E413C23) sd tp, 0x5f8(sp)
mem[0x0000000080048FC0] <- 0x0000000000000002
mem[X,0x0000000080030718] -> 0x6537
mem[X,0x000000008003071A] -> 0x6666
[7129] [M]: 0x0000000080030718 (0x66666537) lui a0, 0x66666
x10 <- 0x0000000066666000
mem[X,0x000000008003071C] -> 0x0513
mem[X,0x000000008003071E] -> 0x6665
[7130] [M]: 0x000000008003071C (0x66650513) addi a0, a0, 0x666
x10 <- 0x0000000066666666
mem[X,0x0000000080030720] -> 0x1513
mem[X,0x0000000080030722] -> 0x00B5
[7131] [M]: 0x0000000080030720 (0x00B51513) slli a0, a0, 0xb
x10 <- 0x0000033333333000
mem[X,0x0000000080030724] -> 0x0513
mem[X,0x0000000080030726] -> 0x3335
[7132] [M]: 0x0000000080030724 (0x33350513) addi a0, a0, 0x333
x10 <- 0x0000033333333333
mem[X,0x0000000080030728] -> 0x1513
mem[X,0x000000008003072A] -> 0x00B5
[7133] [M]: 0x0000000080030728 (0x00B51513) slli a0, a0, 0xb
x10 <- 0x0019999999999800
mem[X,0x000000008003072C] -> 0x0513
mem[X,0x000000008003072E] -> 0x1995
[7134] [M]: 0x000000008003072C (0x19950513) addi a0, a0, 0x199
x10 <- 0x0019999999999999
mem[X,0x0000000080030730] -> 0x1513
mem[X,0x0000000080030732] -> 0x00A5
[7135] [M]: 0x0000000080030730 (0x00A51513) slli a0, a0, 0xa
x10 <- 0x6666666666666400
mem[X,0x0000000080030734] -> 0x0513
mem[X,0x0000000080030736] -> 0x2655
[7136] [M]: 0x0000000080030734 (0x26550513) addi a0, a0, 0x265
x10 <- 0x6666666666666665
mem[X,0x0000000080030738] -> 0x65B7
mem[X,0x000000008003073A] -> 0x6666
[7137] [M]: 0x0000000080030738 (0x666665B7) lui a1, 0x66666
x11 <- 0x0000000066666000
mem[X,0x000000008003073C] -> 0x8593
mem[X,0x000000008003073E] -> 0x6665
[7138] [M]: 0x000000008003073C (0x66658593) addi a1, a1, 0x666
x11 <- 0x0000000066666666
mem[X,0x0000000080030740] -> 0x9593
mem[X,0x0000000080030742] -> 0x00B5
[7139] [M]: 0x0000000080030740 (0x00B59593) slli a1, a1, 0xb
x11 <- 0x0000033333333000
mem[X,0x0000000080030744] -> 0x8593
mem[X,0x0000000080030746] -> 0x3335
[7140] [M]: 0x0000000080030744 (0x33358593) addi a1, a1, 0x333
x11 <- 0x0000033333333333
mem[X,0x0000000080030748] -> 0x9593
mem[X,0x000000008003074A] -> 0x00B5
[7141] [M]: 0x0000000080030748 (0x00B59593) slli a1, a1, 0xb
x11 <- 0x0019999999999800
mem[X,0x000000008003074C] -> 0x8593
mem[X,0x000000008003074E] -> 0x1995
[7142] [M]: 0x000000008003074C (0x19958593) addi a1, a1, 0x199
x11 <- 0x0019999999999999
mem[X,0x0000000080030750] -> 0x9593
mem[X,0x0000000080030752] -> 0x00A5
[7143] [M]: 0x0000000080030750 (0x00A59593) slli a1, a1, 0xa
x11 <- 0x6666666666666400
mem[X,0x0000000080030754] -> 0x8593
mem[X,0x0000000080030756] -> 0x2665
[7144] [M]: 0x0000000080030754 (0x26658593) addi a1, a1, 0x266
x11 <- 0x6666666666666666
mem[X,0x0000000080030758] -> 0x0213
mem[X,0x000000008003075A] -> 0x0000
[7145] [M]: 0x0000000080030758 (0x00000213) addi tp, zero, 0x0
x4 <- 0x0000000000000000
mem[X,0x000000008003075C] -> 0x006F
mem[X,0x000000008003075E] -> 0x00C0
[7146] [M]: 0x000000008003075C (0x00C0006F) jal zero, 0xc
mem[X,0x0000000080030768] -> 0x0063
mem[X,0x000000008003076A] -> 0x20B5
[7147] [M]: 0x0000000080030768 (0x20B50063) beq a0, a1, 0x200
mem[X,0x000000008003076C] -> 0x0213
mem[X,0x000000008003076E] -> 0x0022
[7148] [M]: 0x000000008003076C (0x00220213) addi tp, tp, 0x2
x4 <- 0x0000000000000002
mem[X,0x0000000080030770] -> 0x006F
mem[X,0x0000000080030772] -> 0x2000
[7149] [M]: 0x0000000080030770 (0x2000006F) jal zero, 0x200
mem[X,0x0000000080030970] -> 0x3023
mem[X,0x0000000080030972] -> 0x6041
[7150] [M]: 0x0000000080030970 (0x60413023) sd tp, 0x600(sp)
mem[0x0000000080048FC8] <- 0x0000000000000002
mem[X,0x0000000080030974] -> 0x6537
mem[X,0x0000000080030976] -> 0x6666
[7151] [M]: 0x0000000080030974 (0x66666537) lui a0, 0x66666
x10 <- 0x0000000066666000
mem[X,0x0000000080030978] -> 0x0513
mem[X,0x000000008003097A] -> 0x6665
[7152] [M]: 0x0000000080030978 (0x66650513) addi a0, a0, 0x666
x10 <- 0x0000000066666666
mem[X,0x000000008003097C] -> 0x1513
mem[X,0x000000008003097E] -> 0x00B5
[7153] [M]: 0x000000008003097C (0x00B51513) slli a0, a0, 0xb
x10 <- 0x0000033333333000
mem[X,0x0000000080030980] -> 0x0513
mem[X,0x0000000080030982] -> 0x3335
[7154] [M]: 0x0000000080030980 (0x33350513) addi a0, a0, 0x333
x10 <- 0x0000033333333333
mem[X,0x0000000080030984] -> 0x1513
mem[X,0x0000000080030986] -> 0x00B5
[7155] [M]: 0x0000000080030984 (0x00B51513) slli a0, a0, 0xb
x10 <- 0x0019999999999800
mem[X,0x0000000080030988] -> 0x0513
mem[X,0x000000008003098A] -> 0x1995
[7156] [M]: 0x0000000080030988 (0x19950513) addi a0, a0, 0x199
x10 <- 0x0019999999999999
mem[X,0x000000008003098C] -> 0x1513
mem[X,0x000000008003098E] -> 0x00A5
[7157] [M]: 0x000000008003098C (0x00A51513) slli a0, a0, 0xa
x10 <- 0x6666666666666400
mem[X,0x0000000080030990] -> 0x0513
mem[X,0x0000000080030992] -> 0x2655
[7158] [M]: 0x0000000080030990 (0x26550513) addi a0, a0, 0x265
x10 <- 0x6666666666666665
mem[X,0x0000000080030994] -> 0x05B7
mem[X,0x0000000080030996] -> 0x0000
[7159] [M]: 0x0000000080030994 (0x000005B7) lui a1, 0x0
x11 <- 0x0000000000000000
mem[X,0x0000000080030998] -> 0x8593
mem[X,0x000000008003099A] -> 0xFFF5
[7160] [M]: 0x0000000080030998 (0xFFF58593) addi a1, a1, -0x1
x11 <- 0xFFFFFFFFFFFFFFFF
mem[X,0x000000008003099C] -> 0x9593
mem[X,0x000000008003099E] -> 0x00B5
[7161] [M]: 0x000000008003099C (0x00B59593) slli a1, a1, 0xb
x11 <- 0xFFFFFFFFFFFFF800
mem[X,0x00000000800309A0] -> 0x8593
mem[X,0x00000000800309A2] -> 0x2575
[7162] [M]: 0x00000000800309A0 (0x25758593) addi a1, a1, 0x257
x11 <- 0xFFFFFFFFFFFFFA57
mem[X,0x00000000800309A4] -> 0x9593
mem[X,0x00000000800309A6] -> 0x00B5
[7163] [M]: 0x00000000800309A4 (0x00B59593) slli a1, a1, 0xb
x11 <- 0xFFFFFFFFFFD2B800
mem[X,0x00000000800309A8] -> 0x8593
mem[X,0x00000000800309AA] -> 0x6C35
[7164] [M]: 0x00000000800309A8 (0x6C358593) addi a1, a1, 0x6c3
x11 <- 0xFFFFFFFFFFD2BEC3
mem[X,0x00000000800309AC] -> 0x9593
mem[X,0x00000000800309AE] -> 0x00A5
[7165] [M]: 0x00000000800309AC (0x00A59593) slli a1, a1, 0xa
x11 <- 0xFFFFFFFF4AFB0C00
mem[X,0x00000000800309B0] -> 0x8593
mem[X,0x00000000800309B2] -> 0x0CD5
[7166] [M]: 0x00000000800309B0 (0x0CD58593) addi a1, a1, 0xcd
x11 <- 0xFFFFFFFF4AFB0CCD
mem[X,0x00000000800309B4] -> 0x0213
mem[X,0x00000000800309B6] -> 0x0000
[7167] [M]: 0x00000000800309B4 (0x00000213) addi tp, zero, 0x0
x4 <- 0x0000000000000000
mem[X,0x00000000800309B8] -> 0x006F
mem[X,0x00000000800309BA] -> 0x00C0
[7168] [M]: 0x00000000800309B8 (0x00C0006F) jal zero, 0xc
mem[X,0x00000000800309C4] -> 0x0663
mem[X,0x00000000800309C6] -> 0x00B5
[7169] [M]: 0x00000000800309C4 (0x00B50663) beq a0, a1, 0xc
mem[X,0x00000000800309C8] -> 0x0213
mem[X,0x00000000800309CA] -> 0x0022
[7170] [M]: 0x00000000800309C8 (0x00220213) addi tp, tp, 0x2
x4 <- 0x0000000000000002
mem[X,0x00000000800309CC] -> 0x006F
mem[X,0x00000000800309CE] -> 0x00C0
[7171] [M]: 0x00000000800309CC (0x00C0006F) jal zero, 0xc
mem[X,0x00000000800309D8] -> 0x3423
mem[X,0x00000000800309DA] -> 0x6041
[7172] [M]: 0x00000000800309D8 (0x60413423) sd tp, 0x608(sp)
mem[0x0000000080048FD0] <- 0x0000000000000002
mem[X,0x00000000800309DC] -> 0x6537
mem[X,0x00000000800309DE] -> 0x6666
[7173] [M]: 0x00000000800309DC (0x66666537) lui a0, 0x66666
x10 <- 0x0000000066666000
mem[X,0x00000000800309E0] -> 0x0513
mem[X,0x00000000800309E2] -> 0x6665
[7174] [M]: 0x00000000800309E0 (0x66650513) addi a0, a0, 0x666
x10 <- 0x0000000066666666
mem[X,0x00000000800309E4] -> 0x1513
mem[X,0x00000000800309E6] -> 0x00B5
[7175] [M]: 0x00000000800309E4 (0x00B51513) slli a0, a0, 0xb
x10 <- 0x0000033333333000
mem[X,0x00000000800309E8] -> 0x0513
mem[X,0x00000000800309EA] -> 0x3335
[7176] [M]: 0x00000000800309E8 (0x33350513) addi a0, a0, 0x333
x10 <- 0x0000033333333333
mem[X,0x00000000800309EC] -> 0x1513
mem[X,0x00000000800309EE] -> 0x00B5
[7177] [M]: 0x00000000800309EC (0x00B51513) slli a0, a0, 0xb
x10 <- 0x0019999999999800
mem[X,0x00000000800309F0] -> 0x0513
mem[X,0x00000000800309F2] -> 0x1995
[7178] [M]: 0x00000000800309F0 (0x19950513) addi a0, a0, 0x199
x10 <- 0x0019999999999999
mem[X,0x00000000800309F4] -> 0x1513
mem[X,0x00000000800309F6] -> 0x00A5
[7179] [M]: 0x00000000800309F4 (0x00A51513) slli a0, a0, 0xa
x10 <- 0x6666666666666400
mem[X,0x00000000800309F8] -> 0x0513
mem[X,0x00000000800309FA] -> 0x2655
[7180] [M]: 0x00000000800309F8 (0x26550513) addi a0, a0, 0x265
x10 <- 0x6666666666666665
mem[X,0x00000000800309FC] -> 0x05B7
mem[X,0x00000000800309FE] -> 0x0000
[7181] [M]: 0x00000000800309FC (0x000005B7) lui a1, 0x0
x11 <- 0x0000000000000000
mem[X,0x0000000080030A00] -> 0x8593
mem[X,0x0000000080030A02] -> 0x0005
[7182] [M]: 0x0000000080030A00 (0x00058593) addi a1, a1, 0x0
x11 <- 0x0000000000000000
mem[X,0x0000000080030A04] -> 0x9593
mem[X,0x0000000080030A06] -> 0x00B5
[7183] [M]: 0x0000000080030A04 (0x00B59593) slli a1, a1, 0xb
x11 <- 0x0000000000000000
mem[X,0x0000000080030A08] -> 0x8593
mem[X,0x0000000080030A0A] -> 0x5A85
[7184] [M]: 0x0000000080030A08 (0x5A858593) addi a1, a1, 0x5a8
x11 <- 0x00000000000005A8
mem[X,0x0000000080030A0C] -> 0x9593
mem[X,0x0000000080030A0E] -> 0x00B5
[7185] [M]: 0x0000000080030A0C (0x00B59593) slli a1, a1, 0xb
x11 <- 0x00000000002D4000
mem[X,0x0000000080030A10] -> 0x8593
mem[X,0x0000000080030A12] -> 0x13C5
[7186] [M]: 0x0000000080030A10 (0x13C58593) addi a1, a1, 0x13c
x11 <- 0x00000000002D413C
mem[X,0x0000000080030A14] -> 0x9593
mem[X,0x0000000080030A16] -> 0x00A5
[7187] [M]: 0x0000000080030A14 (0x00A59593) slli a1, a1, 0xa
x11 <- 0x00000000B504F000
mem[X,0x0000000080030A18] -> 0x8593
mem[X,0x0000000080030A1A] -> 0x3335
[7188] [M]: 0x0000000080030A18 (0x33358593) addi a1, a1, 0x333
x11 <- 0x00000000B504F333
mem[X,0x0000000080030A1C] -> 0x0213
mem[X,0x0000000080030A1E] -> 0x0000
[7189] [M]: 0x0000000080030A1C (0x00000213) addi tp, zero, 0x0
x4 <- 0x0000000000000000
mem[X,0x0000000080030A20] -> 0x006F
mem[X,0x0000000080030A22] -> 0x2B10
[7190] [M]: 0x0000000080030A20 (0x2B10006F) jal zero, 0xab0
mem[X,0x00000000800314D0] -> 0x0A63
mem[X,0x00000000800314D2] -> 0xD4B5
[7191] [M]: 0x00000000800314D0 (0xD4B50A63) beq a0, a1, -0xaac
mem[X,0x00000000800314D4] -> 0x0213
mem[X,0x00000000800314D6] -> 0x0022
[7192] [M]: 0x00000000800314D4 (0x00220213) addi tp, tp, 0x2
x4 <- 0x0000000000000002
mem[X,0x00000000800314D8] -> 0x006F
mem[X,0x00000000800314DA] -> 0x00C0
[7193] [M]: 0x00000000800314D8 (0x00C0006F) jal zero, 0xc
mem[X,0x00000000800314E4] -> 0x3823
mem[X,0x00000000800314E6] -> 0x6041
[7194] [M]: 0x00000000800314E4 (0x60413823) sd tp, 0x610(sp)
mem[0x0000000080048FD8] <- 0x0000000000000002
mem[X,0x00000000800314E8] -> 0x6537
mem[X,0x00000000800314EA] -> 0x6666
[7195] [M]: 0x00000000800314E8 (0x66666537) lui a0, 0x66666
x10 <- 0x0000000066666000
mem[X,0x00000000800314EC] -> 0x0513
mem[X,0x00000000800314EE] -> 0x6665
[7196] [M]: 0x00000000800314EC (0x66650513) addi a0, a0, 0x666
x10 <- 0x0000000066666666
mem[X,0x00000000800314F0] -> 0x1513
mem[X,0x00000000800314F2] -> 0x00B5
[7197] [M]: 0x00000000800314F0 (0x00B51513) slli a0, a0, 0xb
x10 <- 0x0000033333333000
mem[X,0x00000000800314F4] -> 0x0513
mem[X,0x00000000800314F6] -> 0x3335
[7198] [M]: 0x00000000800314F4 (0x33350513) addi a0, a0, 0x333
x10 <- 0x0000033333333333
mem[X,0x00000000800314F8] -> 0x1513
mem[X,0x00000000800314FA] -> 0x00B5
[7199] [M]: 0x00000000800314F8 (0x00B51513) slli a0, a0, 0xb
x10 <- 0x0019999999999800
clint::tick mtime <- 0x0000000000000048
 clint timer pending at mtime 0x0000000000000048
htif::tick 0x0000000000000000
mem[X,0x00000000800314FC] -> 0x0513
mem[X,0x00000000800314FE] -> 0x1995
[7200] [M]: 0x00000000800314FC (0x19950513) addi a0, a0, 0x199
x10 <- 0x0019999999999999
mem[X,0x0000000080031500] -> 0x1513
mem[X,0x0000000080031502] -> 0x00A5
[7201] [M]: 0x0000000080031500 (0x00A51513) slli a0, a0, 0xa
x10 <- 0x6666666666666400
mem[X,0x0000000080031504] -> 0x0513
mem[X,0x0000000080031506] -> 0x2655
[7202] [M]: 0x0000000080031504 (0x26550513) addi a0, a0, 0x265
x10 <- 0x6666666666666665
mem[X,0x0000000080031508] -> 0x0593
mem[X,0x000000008003150A] -> 0x0020
[7203] [M]: 0x0000000080031508 (0x00200593) addi a1, zero, 0x2
x11 <- 0x0000000000000002
mem[X,0x000000008003150C] -> 0x0213
mem[X,0x000000008003150E] -> 0x0000
[7204] [M]: 0x000000008003150C (0x00000213) addi tp, zero, 0x0
x4 <- 0x0000000000000000
mem[X,0x0000000080031510] -> 0x006F
mem[X,0x0000000080031512] -> 0x0180
[7205] [M]: 0x0000000080031510 (0x0180006F) jal zero, 0x18
mem[X,0x0000000080031528] -> 0x06E3
mem[X,0x000000008003152A] -> 0xFEB5
[7206] [M]: 0x0000000080031528 (0xFEB506E3) beq a0, a1, -0x14
mem[X,0x000000008003152C] -> 0x0213
mem[X,0x000000008003152E] -> 0x0022
[7207] [M]: 0x000000008003152C (0x00220213) addi tp, tp, 0x2
x4 <- 0x0000000000000002
mem[X,0x0000000080031530] -> 0x006F
mem[X,0x0000000080031532] -> 0x00C0
[7208] [M]: 0x0000000080031530 (0x00C0006F) jal zero, 0xc
mem[X,0x000000008003153C] -> 0x3C23
mem[X,0x000000008003153E] -> 0x6041
[7209] [M]: 0x000000008003153C (0x60413C23) sd tp, 0x618(sp)
mem[0x0000000080048FE0] <- 0x0000000000000002
mem[X,0x0000000080031540] -> 0x6537
mem[X,0x0000000080031542] -> 0x6666
[7210] [M]: 0x0000000080031540 (0x66666537) lui a0, 0x66666
x10 <- 0x0000000066666000
mem[X,0x0000000080031544] -> 0x0513
mem[X,0x0000000080031546] -> 0x6665
[7211] [M]: 0x0000000080031544 (0x66650513) addi a0, a0, 0x666
x10 <- 0x0000000066666666
mem[X,0x0000000080031548] -> 0x1513
mem[X,0x000000008003154A] -> 0x00B5
[7212] [M]: 0x0000000080031548 (0x00B51513) slli a0, a0, 0xb
x10 <- 0x0000033333333000
mem[X,0x000000008003154C] -> 0x0513
mem[X,0x000000008003154E] -> 0x3335
[7213] [M]: 0x000000008003154C (0x33350513) addi a0, a0, 0x333
x10 <- 0x0000033333333333
mem[X,0x0000000080031550] -> 0x1513
mem[X,0x0000000080031552] -> 0x00B5
[7214] [M]: 0x0000000080031550 (0x00B51513) slli a0, a0, 0xb
x10 <- 0x0019999999999800
mem[X,0x0000000080031554] -> 0x0513
mem[X,0x0000000080031556] -> 0x1995
[7215] [M]: 0x0000000080031554 (0x19950513) addi a0, a0, 0x199
x10 <- 0x0019999999999999
mem[X,0x0000000080031558] -> 0x1513
mem[X,0x000000008003155A] -> 0x00A5
[7216] [M]: 0x0000000080031558 (0x00A51513) slli a0, a0, 0xa
x10 <- 0x6666666666666400
mem[X,0x000000008003155C] -> 0x0513
mem[X,0x000000008003155E] -> 0x2655
[7217] [M]: 0x000000008003155C (0x26550513) addi a0, a0, 0x265
x10 <- 0x6666666666666665
mem[X,0x0000000080031560] -> 0x55B7
mem[X,0x0000000080031562] -> 0x5555
[7218] [M]: 0x0000000080031560 (0x555555B7) lui a1, 0x55555
x11 <- 0x0000000055555000
mem[X,0x0000000080031564] -> 0x8593
mem[X,0x0000000080031566] -> 0x5555
[7219] [M]: 0x0000000080031564 (0x55558593) addi a1, a1, 0x555
x11 <- 0x0000000055555555
mem[X,0x0000000080031568] -> 0x9593
mem[X,0x000000008003156A] -> 0x00B5
[7220] [M]: 0x0000000080031568 (0x00B59593) slli a1, a1, 0xb
x11 <- 0x000002AAAAAAA800
mem[X,0x000000008003156C] -> 0x8593
mem[X,0x000000008003156E] -> 0x2AA5
[7221] [M]: 0x000000008003156C (0x2AA58593) addi a1, a1, 0x2aa
x11 <- 0x000002AAAAAAAAAA
mem[X,0x0000000080031570] -> 0x9593
mem[X,0x0000000080031572] -> 0x00B5
[7222] [M]: 0x0000000080031570 (0x00B59593) slli a1, a1, 0xb
x11 <- 0x0015555555555000
mem[X,0x0000000080031574] -> 0x8593
mem[X,0x0000000080031576] -> 0x5555
[7223] [M]: 0x0000000080031574 (0x55558593) addi a1, a1, 0x555
x11 <- 0x0015555555555555
mem[X,0x0000000080031578] -> 0x9593
mem[X,0x000000008003157A] -> 0x00A5
[7224] [M]: 0x0000000080031578 (0x00A59593) slli a1, a1, 0xa
x11 <- 0x5555555555555400
mem[X,0x000000008003157C] -> 0x8593
mem[X,0x000000008003157E] -> 0x1545
[7225] [M]: 0x000000008003157C (0x15458593) addi a1, a1, 0x154
x11 <- 0x5555555555555554
mem[X,0x0000000080031580] -> 0x0213
mem[X,0x0000000080031582] -> 0x0000
[7226] [M]: 0x0000000080031580 (0x00000213) addi tp, zero, 0x0
x4 <- 0x0000000000000000
mem[X,0x0000000080031584] -> 0x006F
mem[X,0x0000000080031586] -> 0x00C0
[7227] [M]: 0x0000000080031584 (0x00C0006F) jal zero, 0xc
mem[X,0x0000000080031590] -> 0x0CE3
mem[X,0x0000000080031592] -> 0xFEB5
[7228] [M]: 0x0000000080031590 (0xFEB50CE3) beq a0, a1, -0x8
mem[X,0x0000000080031594] -> 0x0213
mem[X,0x0000000080031596] -> 0x0022
[7229] [M]: 0x0000000080031594 (0x00220213) addi tp, tp, 0x2
x4 <- 0x0000000000000002
mem[X,0x0000000080031598] -> 0x006F
mem[X,0x000000008003159A] -> 0x00C0
[7230] [M]: 0x0000000080031598 (0x00C0006F) jal zero, 0xc
mem[X,0x00000000800315A4] -> 0x3023
mem[X,0x00000000800315A6] -> 0x6241
[7231] [M]: 0x00000000800315A4 (0x62413023) sd tp, 0x620(sp)
mem[0x0000000080048FE8] <- 0x0000000000000002
mem[X,0x00000000800315A8] -> 0x6537
mem[X,0x00000000800315AA] -> 0x6666
[7232] [M]: 0x00000000800315A8 (0x66666537) lui a0, 0x66666
x10 <- 0x0000000066666000
mem[X,0x00000000800315AC] -> 0x0513
mem[X,0x00000000800315AE] -> 0x6665
[7233] [M]: 0x00000000800315AC (0x66650513) addi a0, a0, 0x666
x10 <- 0x0000000066666666
mem[X,0x00000000800315B0] -> 0x1513
mem[X,0x00000000800315B2] -> 0x00B5
[7234] [M]: 0x00000000800315B0 (0x00B51513) slli a0, a0, 0xb
x10 <- 0x0000033333333000
mem[X,0x00000000800315B4] -> 0x0513
mem[X,0x00000000800315B6] -> 0x3335
[7235] [M]: 0x00000000800315B4 (0x33350513) addi a0, a0, 0x333
x10 <- 0x0000033333333333
mem[X,0x00000000800315B8] -> 0x1513
mem[X,0x00000000800315BA] -> 0x00B5
[7236] [M]: 0x00000000800315B8 (0x00B51513) slli a0, a0, 0xb
x10 <- 0x0019999999999800
mem[X,0x00000000800315BC] -> 0x0513
mem[X,0x00000000800315BE] -> 0x1995
[7237] [M]: 0x00000000800315BC (0x19950513) addi a0, a0, 0x199
x10 <- 0x0019999999999999
mem[X,0x00000000800315C0] -> 0x1513
mem[X,0x00000000800315C2] -> 0x00A5
[7238] [M]: 0x00000000800315C0 (0x00A51513) slli a0, a0, 0xa
x10 <- 0x6666666666666400
mem[X,0x00000000800315C4] -> 0x0513
mem[X,0x00000000800315C6] -> 0x2655
[7239] [M]: 0x00000000800315C4 (0x26550513) addi a0, a0, 0x265
x10 <- 0x6666666666666665
mem[X,0x00000000800315C8] -> 0x0593
mem[X,0x00000000800315CA] -> 0x0000
[7240] [M]: 0x00000000800315C8 (0x00000593) addi a1, zero, 0x0
x11 <- 0x0000000000000000
mem[X,0x00000000800315CC] -> 0x0213
mem[X,0x00000000800315CE] -> 0x0000
[7241] [M]: 0x00000000800315CC (0x00000213) addi tp, zero, 0x0
x4 <- 0x0000000000000000
mem[X,0x00000000800315D0] -> 0x006F
mem[X,0x00000000800315D2] -> 0x0050
[7242] [M]: 0x00000000800315D0 (0x0050006F) jal zero, 0x804
mem[X,0x0000000080031DD4] -> 0x00E3
mem[X,0x0000000080031DD6] -> 0x80B5
[7243] [M]: 0x0000000080031DD4 (0x80B500E3) beq a0, a1, -0x800
mem[X,0x0000000080031DD8] -> 0x0213
mem[X,0x0000000080031DDA] -> 0x0022
[7244] [M]: 0x0000000080031DD8 (0x00220213) addi tp, tp, 0x2
x4 <- 0x0000000000000002
mem[X,0x0000000080031DDC] -> 0x006F
mem[X,0x0000000080031DDE] -> 0x00C0
[7245] [M]: 0x0000000080031DDC (0x00C0006F) jal zero, 0xc
mem[X,0x0000000080031DE8] -> 0x3423
mem[X,0x0000000080031DEA] -> 0x6241
[7246] [M]: 0x0000000080031DE8 (0x62413423) sd tp, 0x628(sp)
mem[0x0000000080048FF0] <- 0x0000000000000002
mem[X,0x0000000080031DEC] -> 0x6537
mem[X,0x0000000080031DEE] -> 0x6666
[7247] [M]: 0x0000000080031DEC (0x66666537) lui a0, 0x66666
x10 <- 0x0000000066666000
mem[X,0x0000000080031DF0] -> 0x0513
mem[X,0x0000000080031DF2] -> 0x6665
[7248] [M]: 0x0000000080031DF0 (0x66650513) addi a0, a0, 0x666
x10 <- 0x0000000066666666
mem[X,0x0000000080031DF4] -> 0x1513
mem[X,0x0000000080031DF6] -> 0x00B5
[7249] [M]: 0x0000000080031DF4 (0x00B51513) slli a0, a0, 0xb
x10 <- 0x0000033333333000
mem[X,0x0000000080031DF8] -> 0x0513
mem[X,0x0000000080031DFA] -> 0x3335
[7250] [M]: 0x0000000080031DF8 (0x33350513) addi a0, a0, 0x333
x10 <- 0x0000033333333333
mem[X,0x0000000080031DFC] -> 0x1513
mem[X,0x0000000080031DFE] -> 0x00B5
[7251] [M]: 0x0000000080031DFC (0x00B51513) slli a0, a0, 0xb
x10 <- 0x0019999999999800
mem[X,0x0000000080031E00] -> 0x0513
mem[X,0x0000000080031E02] -> 0x1995
[7252] [M]: 0x0000000080031E00 (0x19950513) addi a0, a0, 0x199
x10 <- 0x0019999999999999
mem[X,0x0000000080031E04] -> 0x1513
mem[X,0x0000000080031E06] -> 0x00A5
[7253] [M]: 0x0000000080031E04 (0x00A51513) slli a0, a0, 0xa
x10 <- 0x6666666666666400
mem[X,0x0000000080031E08] -> 0x0513
mem[X,0x0000000080031E0A] -> 0x2655
[7254] [M]: 0x0000000080031E08 (0x26550513) addi a0, a0, 0x265
x10 <- 0x6666666666666665
mem[X,0x0000000080031E0C] -> 0x0593
mem[X,0x0000000080031E0E] -> 0x0040
[7255] [M]: 0x0000000080031E0C (0x00400593) addi a1, zero, 0x4
x11 <- 0x0000000000000004
mem[X,0x0000000080031E10] -> 0x0213
mem[X,0x0000000080031E12] -> 0x0000
[7256] [M]: 0x0000000080031E10 (0x00000213) addi tp, zero, 0x0
x4 <- 0x0000000000000000
mem[X,0x0000000080031E14] -> 0x006F
mem[X,0x0000000080031E16] -> 0x0100
[7257] [M]: 0x0000000080031E14 (0x0100006F) jal zero, 0x10
mem[X,0x0000000080031E24] -> 0x0AE3
mem[X,0x0000000080031E26] -> 0xFEB5
[7258] [M]: 0x0000000080031E24 (0xFEB50AE3) beq a0, a1, -0xc
mem[X,0x0000000080031E28] -> 0x0213
mem[X,0x0000000080031E2A] -> 0x0022
[7259] [M]: 0x0000000080031E28 (0x00220213) addi tp, tp, 0x2
x4 <- 0x0000000000000002
mem[X,0x0000000080031E2C] -> 0x006F
mem[X,0x0000000080031E2E] -> 0x00C0
[7260] [M]: 0x0000000080031E2C (0x00C0006F) jal zero, 0xc
mem[X,0x0000000080031E38] -> 0x3823
mem[X,0x0000000080031E3A] -> 0x6241
[7261] [M]: 0x0000000080031E38 (0x62413823) sd tp, 0x630(sp)
mem[0x0000000080048FF8] <- 0x0000000000000002
mem[X,0x0000000080031E3C] -> 0x6537
mem[X,0x0000000080031E3E] -> 0x6666
[7262] [M]: 0x0000000080031E3C (0x66666537) lui a0, 0x66666
x10 <- 0x0000000066666000
mem[X,0x0000000080031E40] -> 0x0513
mem[X,0x0000000080031E42] -> 0x6665
[7263] [M]: 0x0000000080031E40 (0x66650513) addi a0, a0, 0x666
x10 <- 0x0000000066666666
mem[X,0x0000000080031E44] -> 0x1513
mem[X,0x0000000080031E46] -> 0x00B5
[7264] [M]: 0x0000000080031E44 (0x00B51513) slli a0, a0, 0xb
x10 <- 0x0000033333333000
mem[X,0x0000000080031E48] -> 0x0513
mem[X,0x0000000080031E4A] -> 0x3335
[7265] [M]: 0x0000000080031E48 (0x33350513) addi a0, a0, 0x333
x10 <- 0x0000033333333333
mem[X,0x0000000080031E4C] -> 0x1513
mem[X,0x0000000080031E4E] -> 0x00B5
[7266] [M]: 0x0000000080031E4C (0x00B51513) slli a0, a0, 0xb
x10 <- 0x0019999999999800
mem[X,0x0000000080031E50] -> 0x0513
mem[X,0x0000000080031E52] -> 0x1995
[7267] [M]: 0x0000000080031E50 (0x19950513) addi a0, a0, 0x199
x10 <- 0x0019999999999999
mem[X,0x0000000080031E54] -> 0x1513
mem[X,0x0000000080031E56] -> 0x00A5
[7268] [M]: 0x0000000080031E54 (0x00A51513) slli a0, a0, 0xa
x10 <- 0x6666666666666400
mem[X,0x0000000080031E58] -> 0x0513
mem[X,0x0000000080031E5A] -> 0x2655
[7269] [M]: 0x0000000080031E58 (0x26550513) addi a0, a0, 0x265
x10 <- 0x6666666666666665
mem[X,0x0000000080031E5C] -> 0x35B7
mem[X,0x0000000080031E5E] -> 0x3333
[7270] [M]: 0x0000000080031E5C (0x333335B7) lui a1, 0x33333
x11 <- 0x0000000033333000
mem[X,0x0000000080031E60] -> 0x8593
mem[X,0x0000000080031E62] -> 0x3335
[7271] [M]: 0x0000000080031E60 (0x33358593) addi a1, a1, 0x333
x11 <- 0x0000000033333333
mem[X,0x0000000080031E64] -> 0x9593
mem[X,0x0000000080031E66] -> 0x00B5
[7272] [M]: 0x0000000080031E64 (0x00B59593) slli a1, a1, 0xb
x11 <- 0x0000019999999800
mem[X,0x0000000080031E68] -> 0x8593
mem[X,0x0000000080031E6A] -> 0x1995
[7273] [M]: 0x0000000080031E68 (0x19958593) addi a1, a1, 0x199
x11 <- 0x0000019999999999
mem[X,0x0000000080031E6C] -> 0x9593
mem[X,0x0000000080031E6E] -> 0x00B5
[7274] [M]: 0x0000000080031E6C (0x00B59593) slli a1, a1, 0xb
x11 <- 0x000CCCCCCCCCC800
mem[X,0x0000000080031E70] -> 0x8593
mem[X,0x0000000080031E72] -> 0x4CC5
[7275] [M]: 0x0000000080031E70 (0x4CC58593) addi a1, a1, 0x4cc
x11 <- 0x000CCCCCCCCCCCCC
mem[X,0x0000000080031E74] -> 0x9593
mem[X,0x0000000080031E76] -> 0x00A5
[7276] [M]: 0x0000000080031E74 (0x00A59593) slli a1, a1, 0xa
x11 <- 0x3333333333333000
mem[X,0x0000000080031E78] -> 0x8593
mem[X,0x0000000080031E7A] -> 0x3325
[7277] [M]: 0x0000000080031E78 (0x33258593) addi a1, a1, 0x332
x11 <- 0x3333333333333332
mem[X,0x0000000080031E7C] -> 0x0213
mem[X,0x0000000080031E7E] -> 0x0000
[7278] [M]: 0x0000000080031E7C (0x00000213) addi tp, zero, 0x0
x4 <- 0x0000000000000000
mem[X,0x0000000080031E80] -> 0x006F
mem[X,0x0000000080031E82] -> 0x00C0
[7279] [M]: 0x0000000080031E80 (0x00C0006F) jal zero, 0xc
mem[X,0x0000000080031E8C] -> 0x0863
mem[X,0x0000000080031E8E] -> 0x00B5
[7280] [M]: 0x0000000080031E8C (0x00B50863) beq a0, a1, 0x10
mem[X,0x0000000080031E90] -> 0x0213
mem[X,0x0000000080031E92] -> 0x0022
[7281] [M]: 0x0000000080031E90 (0x00220213) addi tp, tp, 0x2
x4 <- 0x0000000000000002
mem[X,0x0000000080031E94] -> 0x006F
mem[X,0x0000000080031E96] -> 0x0100
[7282] [M]: 0x0000000080031E94 (0x0100006F) jal zero, 0x10
mem[X,0x0000000080031EA4] -> 0x3C23
mem[X,0x0000000080031EA6] -> 0x6241
[7283] [M]: 0x0000000080031EA4 (0x62413C23) sd tp, 0x638(sp)
mem[0x0000000080049000] <- 0x0000000000000002
mem[X,0x0000000080031EA8] -> 0x6537
mem[X,0x0000000080031EAA] -> 0x6666
[7284] [M]: 0x0000000080031EA8 (0x66666537) lui a0, 0x66666
x10 <- 0x0000000066666000
mem[X,0x0000000080031EAC] -> 0x0513
mem[X,0x0000000080031EAE] -> 0x6665
[7285] [M]: 0x0000000080031EAC (0x66650513) addi a0, a0, 0x666
x10 <- 0x0000000066666666
mem[X,0x0000000080031EB0] -> 0x1513
mem[X,0x0000000080031EB2] -> 0x00B5
[7286] [M]: 0x0000000080031EB0 (0x00B51513) slli a0, a0, 0xb
x10 <- 0x0000033333333000
mem[X,0x0000000080031EB4] -> 0x0513
mem[X,0x0000000080031EB6] -> 0x3335
[7287] [M]: 0x0000000080031EB4 (0x33350513) addi a0, a0, 0x333
x10 <- 0x0000033333333333
mem[X,0x0000000080031EB8] -> 0x1513
mem[X,0x0000000080031EBA] -> 0x00B5
[7288] [M]: 0x0000000080031EB8 (0x00B51513) slli a0, a0, 0xb
x10 <- 0x0019999999999800
mem[X,0x0000000080031EBC] -> 0x0513
mem[X,0x0000000080031EBE] -> 0x1995
[7289] [M]: 0x0000000080031EBC (0x19950513) addi a0, a0, 0x199
x10 <- 0x0019999999999999
mem[X,0x0000000080031EC0] -> 0x1513
mem[X,0x0000000080031EC2] -> 0x00A5
[7290] [M]: 0x0000000080031EC0 (0x00A51513) slli a0, a0, 0xa
x10 <- 0x6666666666666400
mem[X,0x0000000080031EC4] -> 0x0513
mem[X,0x0000000080031EC6] -> 0x2655
[7291] [M]: 0x0000000080031EC4 (0x26550513) addi a0, a0, 0x265
x10 <- 0x6666666666666665
mem[X,0x0000000080031EC8] -> 0x65B7
mem[X,0x0000000080031ECA] -> 0x6666
[7292] [M]: 0x0000000080031EC8 (0x666665B7) lui a1, 0x66666
x11 <- 0x0000000066666000
mem[X,0x0000000080031ECC] -> 0x8593
mem[X,0x0000000080031ECE] -> 0x6665
[7293] [M]: 0x0000000080031ECC (0x66658593) addi a1, a1, 0x666
x11 <- 0x0000000066666666
mem[X,0x0000000080031ED0] -> 0x9593
mem[X,0x0000000080031ED2] -> 0x00B5
[7294] [M]: 0x0000000080031ED0 (0x00B59593) slli a1, a1, 0xb
x11 <- 0x0000033333333000
mem[X,0x0000000080031ED4] -> 0x8593
mem[X,0x0000000080031ED6] -> 0x3335
[7295] [M]: 0x0000000080031ED4 (0x33358593) addi a1, a1, 0x333
x11 <- 0x0000033333333333
mem[X,0x0000000080031ED8] -> 0x9593
mem[X,0x0000000080031EDA] -> 0x00B5
[7296] [M]: 0x0000000080031ED8 (0x00B59593) slli a1, a1, 0xb
x11 <- 0x0019999999999800
mem[X,0x0000000080031EDC] -> 0x8593
mem[X,0x0000000080031EDE] -> 0x1995
[7297] [M]: 0x0000000080031EDC (0x19958593) addi a1, a1, 0x199
x11 <- 0x0019999999999999
mem[X,0x0000000080031EE0] -> 0x9593
mem[X,0x0000000080031EE2] -> 0x00A5
[7298] [M]: 0x0000000080031EE0 (0x00A59593) slli a1, a1, 0xa
x11 <- 0x6666666666666400
mem[X,0x0000000080031EE4] -> 0x8593
mem[X,0x0000000080031EE6] -> 0x2655
[7299] [M]: 0x0000000080031EE4 (0x26558593) addi a1, a1, 0x265
x11 <- 0x6666666666666665
clint::tick mtime <- 0x0000000000000049
 clint timer pending at mtime 0x0000000000000049
htif::tick 0x0000000000000000
mem[X,0x0000000080031EE8] -> 0x0213
mem[X,0x0000000080031EEA] -> 0x0000
[7300] [M]: 0x0000000080031EE8 (0x00000213) addi tp, zero, 0x0
x4 <- 0x0000000000000000
mem[X,0x0000000080031EEC] -> 0x006F
mem[X,0x0000000080031EEE] -> 0x00C0
[7301] [M]: 0x0000000080031EEC (0x00C0006F) jal zero, 0xc
mem[X,0x0000000080031EF8] -> 0x0663
mem[X,0x0000000080031EFA] -> 0x00B5
[7302] [M]: 0x0000000080031EF8 (0x00B50663) beq a0, a1, 0xc
mem[X,0x0000000080031F04] -> 0x0213
mem[X,0x0000000080031F06] -> 0x0032
[7303] [M]: 0x0000000080031F04 (0x00320213) addi tp, tp, 0x3
x4 <- 0x0000000000000003
mem[X,0x0000000080031F08] -> 0x006F
mem[X,0x0000000080031F0A] -> 0x0040
[7304] [M]: 0x0000000080031F08 (0x0040006F) jal zero, 0x4
mem[X,0x0000000080031F0C] -> 0x3023
mem[X,0x0000000080031F0E] -> 0x6441
[7305] [M]: 0x0000000080031F0C (0x64413023) sd tp, 0x640(sp)
mem[0x0000000080049008] <- 0x0000000000000003
mem[X,0x0000000080031F10] -> 0x6537
mem[X,0x0000000080031F12] -> 0x6666
[7306] [M]: 0x0000000080031F10 (0x66666537) lui a0, 0x66666
x10 <- 0x0000000066666000
mem[X,0x0000000080031F14] -> 0x0513
mem[X,0x0000000080031F16] -> 0x6665
[7307] [M]: 0x0000000080031F14 (0x66650513) addi a0, a0, 0x666
x10 <- 0x0000000066666666
mem[X,0x0000000080031F18] -> 0x1513
mem[X,0x0000000080031F1A] -> 0x00B5
[7308] [M]: 0x0000000080031F18 (0x00B51513) slli a0, a0, 0xb
x10 <- 0x0000033333333000
mem[X,0x0000000080031F1C] -> 0x0513
mem[X,0x0000000080031F1E] -> 0x3335
[7309] [M]: 0x0000000080031F1C (0x33350513) addi a0, a0, 0x333
x10 <- 0x0000033333333333
mem[X,0x0000000080031F20] -> 0x1513
mem[X,0x0000000080031F22] -> 0x00B5
[7310] [M]: 0x0000000080031F20 (0x00B51513) slli a0, a0, 0xb
x10 <- 0x0019999999999800
mem[X,0x0000000080031F24] -> 0x0513
mem[X,0x0000000080031F26] -> 0x1995
[7311] [M]: 0x0000000080031F24 (0x19950513) addi a0, a0, 0x199
x10 <- 0x0019999999999999
mem[X,0x0000000080031F28] -> 0x1513
mem[X,0x0000000080031F2A] -> 0x00A5
[7312] [M]: 0x0000000080031F28 (0x00A51513) slli a0, a0, 0xa
x10 <- 0x6666666666666400
mem[X,0x0000000080031F2C] -> 0x0513
mem[X,0x0000000080031F2E] -> 0x2655
[7313] [M]: 0x0000000080031F2C (0x26550513) addi a0, a0, 0x265
x10 <- 0x6666666666666665
mem[X,0x0000000080031F30] -> 0x05B7
mem[X,0x0000000080031F32] -> 0x0000
[7314] [M]: 0x0000000080031F30 (0x000005B7) lui a1, 0x0
x11 <- 0x0000000000000000
mem[X,0x0000000080031F34] -> 0x8593
mem[X,0x0000000080031F36] -> 0x0005
[7315] [M]: 0x0000000080031F34 (0x00058593) addi a1, a1, 0x0
x11 <- 0x0000000000000000
mem[X,0x0000000080031F38] -> 0x9593
mem[X,0x0000000080031F3A] -> 0x00B5
[7316] [M]: 0x0000000080031F38 (0x00B59593) slli a1, a1, 0xb
x11 <- 0x0000000000000000
mem[X,0x0000000080031F3C] -> 0x8593
mem[X,0x0000000080031F3E] -> 0x5A85
[7317] [M]: 0x0000000080031F3C (0x5A858593) addi a1, a1, 0x5a8
x11 <- 0x00000000000005A8
mem[X,0x0000000080031F40] -> 0x9593
mem[X,0x0000000080031F42] -> 0x00B5
[7318] [M]: 0x0000000080031F40 (0x00B59593) slli a1, a1, 0xb
x11 <- 0x00000000002D4000
mem[X,0x0000000080031F44] -> 0x8593
mem[X,0x0000000080031F46] -> 0x13C5
[7319] [M]: 0x0000000080031F44 (0x13C58593) addi a1, a1, 0x13c
x11 <- 0x00000000002D413C
mem[X,0x0000000080031F48] -> 0x9593
mem[X,0x0000000080031F4A] -> 0x00A5
[7320] [M]: 0x0000000080031F48 (0x00A59593) slli a1, a1, 0xa
x11 <- 0x00000000B504F000
mem[X,0x0000000080031F4C] -> 0x8593
mem[X,0x0000000080031F4E] -> 0x3325
[7321] [M]: 0x0000000080031F4C (0x33258593) addi a1, a1, 0x332
x11 <- 0x00000000B504F332
mem[X,0x0000000080031F50] -> 0x0213
mem[X,0x0000000080031F52] -> 0x0000
[7322] [M]: 0x0000000080031F50 (0x00000213) addi tp, zero, 0x0
x4 <- 0x0000000000000000
mem[X,0x0000000080031F54] -> 0x006F
mem[X,0x0000000080031F56] -> 0x00C0
[7323] [M]: 0x0000000080031F54 (0x00C0006F) jal zero, 0xc
mem[X,0x0000000080031F60] -> 0x0663
mem[X,0x0000000080031F62] -> 0x00B5
[7324] [M]: 0x0000000080031F60 (0x00B50663) beq a0, a1, 0xc
mem[X,0x0000000080031F64] -> 0x0213
mem[X,0x0000000080031F66] -> 0x0022
[7325] [M]: 0x0000000080031F64 (0x00220213) addi tp, tp, 0x2
x4 <- 0x0000000000000002
mem[X,0x0000000080031F68] -> 0x006F
mem[X,0x0000000080031F6A] -> 0x00C0
[7326] [M]: 0x0000000080031F68 (0x00C0006F) jal zero, 0xc
mem[X,0x0000000080031F74] -> 0x3423
mem[X,0x0000000080031F76] -> 0x6441
[7327] [M]: 0x0000000080031F74 (0x64413423) sd tp, 0x648(sp)
mem[0x0000000080049010] <- 0x0000000000000002
mem[X,0x0000000080031F78] -> 0x6537
mem[X,0x0000000080031F7A] -> 0x6666
[7328] [M]: 0x0000000080031F78 (0x66666537) lui a0, 0x66666
x10 <- 0x0000000066666000
mem[X,0x0000000080031F7C] -> 0x0513
mem[X,0x0000000080031F7E] -> 0x6665
[7329] [M]: 0x0000000080031F7C (0x66650513) addi a0, a0, 0x666
x10 <- 0x0000000066666666
mem[X,0x0000000080031F80] -> 0x1513
mem[X,0x0000000080031F82] -> 0x00B5
[7330] [M]: 0x0000000080031F80 (0x00B51513) slli a0, a0, 0xb
x10 <- 0x0000033333333000
mem[X,0x0000000080031F84] -> 0x0513
mem[X,0x0000000080031F86] -> 0x3335
[7331] [M]: 0x0000000080031F84 (0x33350513) addi a0, a0, 0x333
x10 <- 0x0000033333333333
mem[X,0x0000000080031F88] -> 0x1513
mem[X,0x0000000080031F8A] -> 0x00B5
[7332] [M]: 0x0000000080031F88 (0x00B51513) slli a0, a0, 0xb
x10 <- 0x0019999999999800
mem[X,0x0000000080031F8C] -> 0x0513
mem[X,0x0000000080031F8E] -> 0x1995
[7333] [M]: 0x0000000080031F8C (0x19950513) addi a0, a0, 0x199
x10 <- 0x0019999999999999
mem[X,0x0000000080031F90] -> 0x1513
mem[X,0x0000000080031F92] -> 0x00A5
[7334] [M]: 0x0000000080031F90 (0x00A51513) slli a0, a0, 0xa
x10 <- 0x6666666666666400
mem[X,0x0000000080031F94] -> 0x0513
mem[X,0x0000000080031F96] -> 0x2655
[7335] [M]: 0x0000000080031F94 (0x26550513) addi a0, a0, 0x265
x10 <- 0x6666666666666665
mem[X,0x0000000080031F98] -> 0x55B7
mem[X,0x0000000080031F9A] -> 0x5555
[7336] [M]: 0x0000000080031F98 (0x555555B7) lui a1, 0x55555
x11 <- 0x0000000055555000
mem[X,0x0000000080031F9C] -> 0x8593
mem[X,0x0000000080031F9E] -> 0x5555
[7337] [M]: 0x0000000080031F9C (0x55558593) addi a1, a1, 0x555
x11 <- 0x0000000055555555
mem[X,0x0000000080031FA0] -> 0x9593
mem[X,0x0000000080031FA2] -> 0x00B5
[7338] [M]: 0x0000000080031FA0 (0x00B59593) slli a1, a1, 0xb
x11 <- 0x000002AAAAAAA800
mem[X,0x0000000080031FA4] -> 0x8593
mem[X,0x0000000080031FA6] -> 0x2AA5
[7339] [M]: 0x0000000080031FA4 (0x2AA58593) addi a1, a1, 0x2aa
x11 <- 0x000002AAAAAAAAAA
mem[X,0x0000000080031FA8] -> 0x9593
mem[X,0x0000000080031FAA] -> 0x00B5
[7340] [M]: 0x0000000080031FA8 (0x00B59593) slli a1, a1, 0xb
x11 <- 0x0015555555555000
mem[X,0x0000000080031FAC] -> 0x8593
mem[X,0x0000000080031FAE] -> 0x5555
[7341] [M]: 0x0000000080031FAC (0x55558593) addi a1, a1, 0x555
x11 <- 0x0015555555555555
mem[X,0x0000000080031FB0] -> 0x9593
mem[X,0x0000000080031FB2] -> 0x00A5
[7342] [M]: 0x0000000080031FB0 (0x00A59593) slli a1, a1, 0xa
x11 <- 0x5555555555555400
mem[X,0x0000000080031FB4] -> 0x8593
mem[X,0x0000000080031FB6] -> 0x1565
[7343] [M]: 0x0000000080031FB4 (0x15658593) addi a1, a1, 0x156
x11 <- 0x5555555555555556
mem[X,0x0000000080031FB8] -> 0x0213
mem[X,0x0000000080031FBA] -> 0x0000
[7344] [M]: 0x0000000080031FB8 (0x00000213) addi tp, zero, 0x0
x4 <- 0x0000000000000000
mem[X,0x0000000080031FBC] -> 0x006F
mem[X,0x0000000080031FBE] -> 0x00C0
[7345] [M]: 0x0000000080031FBC (0x00C0006F) jal zero, 0xc
mem[X,0x0000000080031FC8] -> 0x0663
mem[X,0x0000000080031FCA] -> 0x00B5
[7346] [M]: 0x0000000080031FC8 (0x00B50663) beq a0, a1, 0xc
mem[X,0x0000000080031FCC] -> 0x0213
mem[X,0x0000000080031FCE] -> 0x0022
[7347] [M]: 0x0000000080031FCC (0x00220213) addi tp, tp, 0x2
x4 <- 0x0000000000000002
mem[X,0x0000000080031FD0] -> 0x006F
mem[X,0x0000000080031FD2] -> 0x00C0
[7348] [M]: 0x0000000080031FD0 (0x00C0006F) jal zero, 0xc
mem[X,0x0000000080031FDC] -> 0x3823
mem[X,0x0000000080031FDE] -> 0x6441
[7349] [M]: 0x0000000080031FDC (0x64413823) sd tp, 0x650(sp)
mem[0x0000000080049018] <- 0x0000000000000002
mem[X,0x0000000080031FE0] -> 0x6537
mem[X,0x0000000080031FE2] -> 0x6666
[7350] [M]: 0x0000000080031FE0 (0x66666537) lui a0, 0x66666
x10 <- 0x0000000066666000
mem[X,0x0000000080031FE4] -> 0x0513
mem[X,0x0000000080031FE6] -> 0x6665
[7351] [M]: 0x0000000080031FE4 (0x66650513) addi a0, a0, 0x666
x10 <- 0x0000000066666666
mem[X,0x0000000080031FE8] -> 0x1513
mem[X,0x0000000080031FEA] -> 0x00B5
[7352] [M]: 0x0000000080031FE8 (0x00B51513) slli a0, a0, 0xb
x10 <- 0x0000033333333000
mem[X,0x0000000080031FEC] -> 0x0513
mem[X,0x0000000080031FEE] -> 0x3335
[7353] [M]: 0x0000000080031FEC (0x33350513) addi a0, a0, 0x333
x10 <- 0x0000033333333333
mem[X,0x0000000080031FF0] -> 0x1513
mem[X,0x0000000080031FF2] -> 0x00B5
[7354] [M]: 0x0000000080031FF0 (0x00B51513) slli a0, a0, 0xb
x10 <- 0x0019999999999800
mem[X,0x0000000080031FF4] -> 0x0513
mem[X,0x0000000080031FF6] -> 0x1995
[7355] [M]: 0x0000000080031FF4 (0x19950513) addi a0, a0, 0x199
x10 <- 0x0019999999999999
mem[X,0x0000000080031FF8] -> 0x1513
mem[X,0x0000000080031FFA] -> 0x00A5
[7356] [M]: 0x0000000080031FF8 (0x00A51513) slli a0, a0, 0xa
x10 <- 0x6666666666666400
mem[X,0x0000000080031FFC] -> 0x0513
mem[X,0x0000000080031FFE] -> 0x2655
[7357] [M]: 0x0000000080031FFC (0x26550513) addi a0, a0, 0x265
x10 <- 0x6666666666666665
mem[X,0x0000000080032000] -> 0xB5B7
mem[X,0x0000000080032002] -> 0xAAAA
[7358] [M]: 0x0000000080032000 (0xAAAAB5B7) lui a1, -0x55555
x11 <- 0xFFFFFFFFAAAAB000
mem[X,0x0000000080032004] -> 0x8593
mem[X,0x0000000080032006] -> 0xAAA5
[7359] [M]: 0x0000000080032004 (0xAAA58593) addi a1, a1, -0x556
x11 <- 0xFFFFFFFFAAAAAAAA
mem[X,0x0000000080032008] -> 0x9593
mem[X,0x000000008003200A] -> 0x00B5
[7360] [M]: 0x0000000080032008 (0x00B59593) slli a1, a1, 0xb
x11 <- 0xFFFFFD5555555000
mem[X,0x000000008003200C] -> 0x8593
mem[X,0x000000008003200E] -> 0x5555
[7361] [M]: 0x000000008003200C (0x55558593) addi a1, a1, 0x555
x11 <- 0xFFFFFD5555555555
mem[X,0x0000000080032010] -> 0x9593
mem[X,0x0000000080032012] -> 0x00B5
[7362] [M]: 0x0000000080032010 (0x00B59593) slli a1, a1, 0xb
x11 <- 0xFFEAAAAAAAAAA800
mem[X,0x0000000080032014] -> 0x8593
mem[X,0x0000000080032016] -> 0x2AA5
[7363] [M]: 0x0000000080032014 (0x2AA58593) addi a1, a1, 0x2aa
x11 <- 0xFFEAAAAAAAAAAAAA
mem[X,0x0000000080032018] -> 0x9593
mem[X,0x000000008003201A] -> 0x00A5
[7364] [M]: 0x0000000080032018 (0x00A59593) slli a1, a1, 0xa
x11 <- 0xAAAAAAAAAAAAA800
mem[X,0x000000008003201C] -> 0x8593
mem[X,0x000000008003201E] -> 0x2AB5
[7365] [M]: 0x000000008003201C (0x2AB58593) addi a1, a1, 0x2ab
x11 <- 0xAAAAAAAAAAAAAAAB
mem[X,0x0000000080032020] -> 0x0213
mem[X,0x0000000080032022] -> 0x0000
[7366] [M]: 0x0000000080032020 (0x00000213) addi tp, zero, 0x0
x4 <- 0x0000000000000000
mem[X,0x0000000080032024] -> 0x006F
mem[X,0x0000000080032026] -> 0x0100
[7367] [M]: 0x0000000080032024 (0x0100006F) jal zero, 0x10
mem[X,0x0000000080032034] -> 0x0AE3
mem[X,0x0000000080032036] -> 0xFEB5
[7368] [M]: 0x0000000080032034 (0xFEB50AE3) beq a0, a1, -0xc
mem[X,0x0000000080032038] -> 0x0213
mem[X,0x000000008003203A] -> 0x0022
[7369] [M]: 0x0000000080032038 (0x00220213) addi tp, tp, 0x2
x4 <- 0x0000000000000002
mem[X,0x000000008003203C] -> 0x006F
mem[X,0x000000008003203E] -> 0x00C0
[7370] [M]: 0x000000008003203C (0x00C0006F) jal zero, 0xc
mem[X,0x0000000080032048] -> 0x3C23
mem[X,0x000000008003204A] -> 0x6441
[7371] [M]: 0x0000000080032048 (0x64413C23) sd tp, 0x658(sp)
mem[0x0000000080049020] <- 0x0000000000000002
mem[X,0x000000008003204C] -> 0x6537
mem[X,0x000000008003204E] -> 0x6666
[7372] [M]: 0x000000008003204C (0x66666537) lui a0, 0x66666
x10 <- 0x0000000066666000
mem[X,0x0000000080032050] -> 0x0513
mem[X,0x0000000080032052] -> 0x6665
[7373] [M]: 0x0000000080032050 (0x66650513) addi a0, a0, 0x666
x10 <- 0x0000000066666666
mem[X,0x0000000080032054] -> 0x1513
mem[X,0x0000000080032056] -> 0x00B5
[7374] [M]: 0x0000000080032054 (0x00B51513) slli a0, a0, 0xb
x10 <- 0x0000033333333000
mem[X,0x0000000080032058] -> 0x0513
mem[X,0x000000008003205A] -> 0x3335
[7375] [M]: 0x0000000080032058 (0x33350513) addi a0, a0, 0x333
x10 <- 0x0000033333333333
mem[X,0x000000008003205C] -> 0x1513
mem[X,0x000000008003205E] -> 0x00B5
[7376] [M]: 0x000000008003205C (0x00B51513) slli a0, a0, 0xb
x10 <- 0x0019999999999800
mem[X,0x0000000080032060] -> 0x0513
mem[X,0x0000000080032062] -> 0x1995
[7377] [M]: 0x0000000080032060 (0x19950513) addi a0, a0, 0x199
x10 <- 0x0019999999999999
mem[X,0x0000000080032064] -> 0x1513
mem[X,0x0000000080032066] -> 0x00A5
[7378] [M]: 0x0000000080032064 (0x00A51513) slli a0, a0, 0xa
x10 <- 0x6666666666666400
mem[X,0x0000000080032068] -> 0x0513
mem[X,0x000000008003206A] -> 0x2655
[7379] [M]: 0x0000000080032068 (0x26550513) addi a0, a0, 0x265
x10 <- 0x6666666666666665
mem[X,0x000000008003206C] -> 0x0593
mem[X,0x000000008003206E] -> 0x0060
[7380] [M]: 0x000000008003206C (0x00600593) addi a1, zero, 0x6
x11 <- 0x0000000000000006
mem[X,0x0000000080032070] -> 0x0213
mem[X,0x0000000080032072] -> 0x0000
[7381] [M]: 0x0000000080032070 (0x00000213) addi tp, zero, 0x0
x4 <- 0x0000000000000000
mem[X,0x0000000080032074] -> 0x006F
mem[X,0x0000000080032076] -> 0x00C0
[7382] [M]: 0x0000000080032074 (0x00C0006F) jal zero, 0xc
mem[X,0x0000000080032080] -> 0x0063
mem[X,0x0000000080032082] -> 0x04B5
[7383] [M]: 0x0000000080032080 (0x04B50063) beq a0, a1, 0x40
mem[X,0x0000000080032084] -> 0x0213
mem[X,0x0000000080032086] -> 0x0022
[7384] [M]: 0x0000000080032084 (0x00220213) addi tp, tp, 0x2
x4 <- 0x0000000000000002
mem[X,0x0000000080032088] -> 0x006F
mem[X,0x000000008003208A] -> 0x0400
[7385] [M]: 0x0000000080032088 (0x0400006F) jal zero, 0x40
mem[X,0x00000000800320C8] -> 0x3023
mem[X,0x00000000800320CA] -> 0x6641
[7386] [M]: 0x00000000800320C8 (0x66413023) sd tp, 0x660(sp)
mem[0x0000000080049028] <- 0x0000000000000002
mem[X,0x00000000800320CC] -> 0x6537
mem[X,0x00000000800320CE] -> 0x6666
[7387] [M]: 0x00000000800320CC (0x66666537) lui a0, 0x66666
x10 <- 0x0000000066666000
mem[X,0x00000000800320D0] -> 0x0513
mem[X,0x00000000800320D2] -> 0x6665
[7388] [M]: 0x00000000800320D0 (0x66650513) addi a0, a0, 0x666
x10 <- 0x0000000066666666
mem[X,0x00000000800320D4] -> 0x1513
mem[X,0x00000000800320D6] -> 0x00B5
[7389] [M]: 0x00000000800320D4 (0x00B51513) slli a0, a0, 0xb
x10 <- 0x0000033333333000
mem[X,0x00000000800320D8] -> 0x0513
mem[X,0x00000000800320DA] -> 0x3335
[7390] [M]: 0x00000000800320D8 (0x33350513) addi a0, a0, 0x333
x10 <- 0x0000033333333333
mem[X,0x00000000800320DC] -> 0x1513
mem[X,0x00000000800320DE] -> 0x00B5
[7391] [M]: 0x00000000800320DC (0x00B51513) slli a0, a0, 0xb
x10 <- 0x0019999999999800
mem[X,0x00000000800320E0] -> 0x0513
mem[X,0x00000000800320E2] -> 0x1995
[7392] [M]: 0x00000000800320E0 (0x19950513) addi a0, a0, 0x199
x10 <- 0x0019999999999999
mem[X,0x00000000800320E4] -> 0x1513
mem[X,0x00000000800320E6] -> 0x00A5
[7393] [M]: 0x00000000800320E4 (0x00A51513) slli a0, a0, 0xa
x10 <- 0x6666666666666400
mem[X,0x00000000800320E8] -> 0x0513
mem[X,0x00000000800320EA] -> 0x2655
[7394] [M]: 0x00000000800320E8 (0x26550513) addi a0, a0, 0x265
x10 <- 0x6666666666666665
mem[X,0x00000000800320EC] -> 0x35B7
mem[X,0x00000000800320EE] -> 0x3333
[7395] [M]: 0x00000000800320EC (0x333335B7) lui a1, 0x33333
x11 <- 0x0000000033333000
mem[X,0x00000000800320F0] -> 0x8593
mem[X,0x00000000800320F2] -> 0x3335
[7396] [M]: 0x00000000800320F0 (0x33358593) addi a1, a1, 0x333
x11 <- 0x0000000033333333
mem[X,0x00000000800320F4] -> 0x9593
mem[X,0x00000000800320F6] -> 0x00B5
[7397] [M]: 0x00000000800320F4 (0x00B59593) slli a1, a1, 0xb
x11 <- 0x0000019999999800
mem[X,0x00000000800320F8] -> 0x8593
mem[X,0x00000000800320FA] -> 0x1995
[7398] [M]: 0x00000000800320F8 (0x19958593) addi a1, a1, 0x199
x11 <- 0x0000019999999999
mem[X,0x00000000800320FC] -> 0x9593
mem[X,0x00000000800320FE] -> 0x00B5
[7399] [M]: 0x00000000800320FC (0x00B59593) slli a1, a1, 0xb
x11 <- 0x000CCCCCCCCCC800
clint::tick mtime <- 0x000000000000004A
 clint timer pending at mtime 0x000000000000004A
htif::tick 0x0000000000000000
mem[X,0x0000000080032100] -> 0x8593
mem[X,0x0000000080032102] -> 0x4CC5
[7400] [M]: 0x0000000080032100 (0x4CC58593) addi a1, a1, 0x4cc
x11 <- 0x000CCCCCCCCCCCCC
mem[X,0x0000000080032104] -> 0x9593
mem[X,0x0000000080032106] -> 0x00A5
[7401] [M]: 0x0000000080032104 (0x00A59593) slli a1, a1, 0xa
x11 <- 0x3333333333333000
mem[X,0x0000000080032108] -> 0x8593
mem[X,0x000000008003210A] -> 0x3345
[7402] [M]: 0x0000000080032108 (0x33458593) addi a1, a1, 0x334
x11 <- 0x3333333333333334
mem[X,0x000000008003210C] -> 0x0213
mem[X,0x000000008003210E] -> 0x0000
[7403] [M]: 0x000000008003210C (0x00000213) addi tp, zero, 0x0
x4 <- 0x0000000000000000
mem[X,0x0000000080032110] -> 0x006F
mem[X,0x0000000080032112] -> 0x00C0
[7404] [M]: 0x0000000080032110 (0x00C0006F) jal zero, 0xc
mem[X,0x000000008003211C] -> 0x0063
mem[X,0x000000008003211E] -> 0x02B5
[7405] [M]: 0x000000008003211C (0x02B50063) beq a0, a1, 0x20
mem[X,0x0000000080032120] -> 0x0213
mem[X,0x0000000080032122] -> 0x0022
[7406] [M]: 0x0000000080032120 (0x00220213) addi tp, tp, 0x2
x4 <- 0x0000000000000002
mem[X,0x0000000080032124] -> 0x006F
mem[X,0x0000000080032126] -> 0x0200
[7407] [M]: 0x0000000080032124 (0x0200006F) jal zero, 0x20
mem[X,0x0000000080032144] -> 0x3423
mem[X,0x0000000080032146] -> 0x6641
[7408] [M]: 0x0000000080032144 (0x66413423) sd tp, 0x668(sp)
mem[0x0000000080049030] <- 0x0000000000000002
mem[X,0x0000000080032148] -> 0x6537
mem[X,0x000000008003214A] -> 0x6666
[7409] [M]: 0x0000000080032148 (0x66666537) lui a0, 0x66666
x10 <- 0x0000000066666000
mem[X,0x000000008003214C] -> 0x0513
mem[X,0x000000008003214E] -> 0x6665
[7410] [M]: 0x000000008003214C (0x66650513) addi a0, a0, 0x666
x10 <- 0x0000000066666666
mem[X,0x0000000080032150] -> 0x1513
mem[X,0x0000000080032152] -> 0x00B5
[7411] [M]: 0x0000000080032150 (0x00B51513) slli a0, a0, 0xb
x10 <- 0x0000033333333000
mem[X,0x0000000080032154] -> 0x0513
mem[X,0x0000000080032156] -> 0x3335
[7412] [M]: 0x0000000080032154 (0x33350513) addi a0, a0, 0x333
x10 <- 0x0000033333333333
mem[X,0x0000000080032158] -> 0x1513
mem[X,0x000000008003215A] -> 0x00B5
[7413] [M]: 0x0000000080032158 (0x00B51513) slli a0, a0, 0xb
x10 <- 0x0019999999999800
mem[X,0x000000008003215C] -> 0x0513
mem[X,0x000000008003215E] -> 0x1995
[7414] [M]: 0x000000008003215C (0x19950513) addi a0, a0, 0x199
x10 <- 0x0019999999999999
mem[X,0x0000000080032160] -> 0x1513
mem[X,0x0000000080032162] -> 0x00A5
[7415] [M]: 0x0000000080032160 (0x00A51513) slli a0, a0, 0xa
x10 <- 0x6666666666666400
mem[X,0x0000000080032164] -> 0x0513
mem[X,0x0000000080032166] -> 0x2655
[7416] [M]: 0x0000000080032164 (0x26550513) addi a0, a0, 0x265
x10 <- 0x6666666666666665
mem[X,0x0000000080032168] -> 0x65B7
mem[X,0x000000008003216A] -> 0x6666
[7417] [M]: 0x0000000080032168 (0x666665B7) lui a1, 0x66666
x11 <- 0x0000000066666000
mem[X,0x000000008003216C] -> 0x8593
mem[X,0x000000008003216E] -> 0x6665
[7418] [M]: 0x000000008003216C (0x66658593) addi a1, a1, 0x666
x11 <- 0x0000000066666666
mem[X,0x0000000080032170] -> 0x9593
mem[X,0x0000000080032172] -> 0x00B5
[7419] [M]: 0x0000000080032170 (0x00B59593) slli a1, a1, 0xb
x11 <- 0x0000033333333000
mem[X,0x0000000080032174] -> 0x8593
mem[X,0x0000000080032176] -> 0x3335
[7420] [M]: 0x0000000080032174 (0x33358593) addi a1, a1, 0x333
x11 <- 0x0000033333333333
mem[X,0x0000000080032178] -> 0x9593
mem[X,0x000000008003217A] -> 0x00B5
[7421] [M]: 0x0000000080032178 (0x00B59593) slli a1, a1, 0xb
x11 <- 0x0019999999999800
mem[X,0x000000008003217C] -> 0x8593
mem[X,0x000000008003217E] -> 0x1995
[7422] [M]: 0x000000008003217C (0x19958593) addi a1, a1, 0x199
x11 <- 0x0019999999999999
mem[X,0x0000000080032180] -> 0x9593
mem[X,0x0000000080032182] -> 0x00A5
[7423] [M]: 0x0000000080032180 (0x00A59593) slli a1, a1, 0xa
x11 <- 0x6666666666666400
mem[X,0x0000000080032184] -> 0x8593
mem[X,0x0000000080032186] -> 0x2675
[7424] [M]: 0x0000000080032184 (0x26758593) addi a1, a1, 0x267
x11 <- 0x6666666666666667
mem[X,0x0000000080032188] -> 0x0213
mem[X,0x000000008003218A] -> 0x0000
[7425] [M]: 0x0000000080032188 (0x00000213) addi tp, zero, 0x0
x4 <- 0x0000000000000000
mem[X,0x000000008003218C] -> 0x006F
mem[X,0x000000008003218E] -> 0x00C0
[7426] [M]: 0x000000008003218C (0x00C0006F) jal zero, 0xc
mem[X,0x0000000080032198] -> 0x0863
mem[X,0x000000008003219A] -> 0x00B5
[7427] [M]: 0x0000000080032198 (0x00B50863) beq a0, a1, 0x10
mem[X,0x000000008003219C] -> 0x0213
mem[X,0x000000008003219E] -> 0x0022
[7428] [M]: 0x000000008003219C (0x00220213) addi tp, tp, 0x2
x4 <- 0x0000000000000002
mem[X,0x00000000800321A0] -> 0x006F
mem[X,0x00000000800321A2] -> 0x0100
[7429] [M]: 0x00000000800321A0 (0x0100006F) jal zero, 0x10
mem[X,0x00000000800321B0] -> 0x3823
mem[X,0x00000000800321B2] -> 0x6641
[7430] [M]: 0x00000000800321B0 (0x66413823) sd tp, 0x670(sp)
mem[0x0000000080049038] <- 0x0000000000000002
mem[X,0x00000000800321B4] -> 0x6537
mem[X,0x00000000800321B6] -> 0x6666
[7431] [M]: 0x00000000800321B4 (0x66666537) lui a0, 0x66666
x10 <- 0x0000000066666000
mem[X,0x00000000800321B8] -> 0x0513
mem[X,0x00000000800321BA] -> 0x6665
[7432] [M]: 0x00000000800321B8 (0x66650513) addi a0, a0, 0x666
x10 <- 0x0000000066666666
mem[X,0x00000000800321BC] -> 0x1513
mem[X,0x00000000800321BE] -> 0x00B5
[7433] [M]: 0x00000000800321BC (0x00B51513) slli a0, a0, 0xb
x10 <- 0x0000033333333000
mem[X,0x00000000800321C0] -> 0x0513
mem[X,0x00000000800321C2] -> 0x3335
[7434] [M]: 0x00000000800321C0 (0x33350513) addi a0, a0, 0x333
x10 <- 0x0000033333333333
mem[X,0x00000000800321C4] -> 0x1513
mem[X,0x00000000800321C6] -> 0x00B5
[7435] [M]: 0x00000000800321C4 (0x00B51513) slli a0, a0, 0xb
x10 <- 0x0019999999999800
mem[X,0x00000000800321C8] -> 0x0513
mem[X,0x00000000800321CA] -> 0x1995
[7436] [M]: 0x00000000800321C8 (0x19950513) addi a0, a0, 0x199
x10 <- 0x0019999999999999
mem[X,0x00000000800321CC] -> 0x1513
mem[X,0x00000000800321CE] -> 0x00A5
[7437] [M]: 0x00000000800321CC (0x00A51513) slli a0, a0, 0xa
x10 <- 0x6666666666666400
mem[X,0x00000000800321D0] -> 0x0513
mem[X,0x00000000800321D2] -> 0x2655
[7438] [M]: 0x00000000800321D0 (0x26550513) addi a0, a0, 0x265
x10 <- 0x6666666666666665
mem[X,0x00000000800321D4] -> 0x05B7
mem[X,0x00000000800321D6] -> 0x0000
[7439] [M]: 0x00000000800321D4 (0x000005B7) lui a1, 0x0
x11 <- 0x0000000000000000
mem[X,0x00000000800321D8] -> 0x8593
mem[X,0x00000000800321DA] -> 0xFFF5
[7440] [M]: 0x00000000800321D8 (0xFFF58593) addi a1, a1, -0x1
x11 <- 0xFFFFFFFFFFFFFFFF
mem[X,0x00000000800321DC] -> 0x9593
mem[X,0x00000000800321DE] -> 0x00B5
[7441] [M]: 0x00000000800321DC (0x00B59593) slli a1, a1, 0xb
x11 <- 0xFFFFFFFFFFFFF800
mem[X,0x00000000800321E0] -> 0x8593
mem[X,0x00000000800321E2] -> 0x2575
[7442] [M]: 0x00000000800321E0 (0x25758593) addi a1, a1, 0x257
x11 <- 0xFFFFFFFFFFFFFA57
mem[X,0x00000000800321E4] -> 0x9593
mem[X,0x00000000800321E6] -> 0x00B5
[7443] [M]: 0x00000000800321E4 (0x00B59593) slli a1, a1, 0xb
x11 <- 0xFFFFFFFFFFD2B800
mem[X,0x00000000800321E8] -> 0x8593
mem[X,0x00000000800321EA] -> 0x6C35
[7444] [M]: 0x00000000800321E8 (0x6C358593) addi a1, a1, 0x6c3
x11 <- 0xFFFFFFFFFFD2BEC3
mem[X,0x00000000800321EC] -> 0x9593
mem[X,0x00000000800321EE] -> 0x00A5
[7445] [M]: 0x00000000800321EC (0x00A59593) slli a1, a1, 0xa
x11 <- 0xFFFFFFFF4AFB0C00
mem[X,0x00000000800321F0] -> 0x8593
mem[X,0x00000000800321F2] -> 0x0CE5
[7446] [M]: 0x00000000800321F0 (0x0CE58593) addi a1, a1, 0xce
x11 <- 0xFFFFFFFF4AFB0CCE
mem[X,0x00000000800321F4] -> 0x0213
mem[X,0x00000000800321F6] -> 0x0000
[7447] [M]: 0x00000000800321F4 (0x00000213) addi tp, zero, 0x0
x4 <- 0x0000000000000000
mem[X,0x00000000800321F8] -> 0x006F
mem[X,0x00000000800321FA] -> 0x00C0
[7448] [M]: 0x00000000800321F8 (0x00C0006F) jal zero, 0xc
mem[X,0x0000000080032204] -> 0x0663
mem[X,0x0000000080032206] -> 0x00B5
[7449] [M]: 0x0000000080032204 (0x00B50663) beq a0, a1, 0xc
mem[X,0x0000000080032208] -> 0x0213
mem[X,0x000000008003220A] -> 0x0022
[7450] [M]: 0x0000000080032208 (0x00220213) addi tp, tp, 0x2
x4 <- 0x0000000000000002
mem[X,0x000000008003220C] -> 0x006F
mem[X,0x000000008003220E] -> 0x00C0
[7451] [M]: 0x000000008003220C (0x00C0006F) jal zero, 0xc
mem[X,0x0000000080032218] -> 0x3C23
mem[X,0x000000008003221A] -> 0x6641
[7452] [M]: 0x0000000080032218 (0x66413C23) sd tp, 0x678(sp)
mem[0x0000000080049040] <- 0x0000000000000002
mem[X,0x000000008003221C] -> 0x6537
mem[X,0x000000008003221E] -> 0x6666
[7453] [M]: 0x000000008003221C (0x66666537) lui a0, 0x66666
x10 <- 0x0000000066666000
mem[X,0x0000000080032220] -> 0x0513
mem[X,0x0000000080032222] -> 0x6665
[7454] [M]: 0x0000000080032220 (0x66650513) addi a0, a0, 0x666
x10 <- 0x0000000066666666
mem[X,0x0000000080032224] -> 0x1513
mem[X,0x0000000080032226] -> 0x00B5
[7455] [M]: 0x0000000080032224 (0x00B51513) slli a0, a0, 0xb
x10 <- 0x0000033333333000
mem[X,0x0000000080032228] -> 0x0513
mem[X,0x000000008003222A] -> 0x3335
[7456] [M]: 0x0000000080032228 (0x33350513) addi a0, a0, 0x333
x10 <- 0x0000033333333333
mem[X,0x000000008003222C] -> 0x1513
mem[X,0x000000008003222E] -> 0x00B5
[7457] [M]: 0x000000008003222C (0x00B51513) slli a0, a0, 0xb
x10 <- 0x0019999999999800
mem[X,0x0000000080032230] -> 0x0513
mem[X,0x0000000080032232] -> 0x1995
[7458] [M]: 0x0000000080032230 (0x19950513) addi a0, a0, 0x199
x10 <- 0x0019999999999999
mem[X,0x0000000080032234] -> 0x1513
mem[X,0x0000000080032236] -> 0x00A5
[7459] [M]: 0x0000000080032234 (0x00A51513) slli a0, a0, 0xa
x10 <- 0x6666666666666400
mem[X,0x0000000080032238] -> 0x0513
mem[X,0x000000008003223A] -> 0x2655
[7460] [M]: 0x0000000080032238 (0x26550513) addi a0, a0, 0x265
x10 <- 0x6666666666666665
mem[X,0x000000008003223C] -> 0x05B7
mem[X,0x000000008003223E] -> 0x0000
[7461] [M]: 0x000000008003223C (0x000005B7) lui a1, 0x0
x11 <- 0x0000000000000000
mem[X,0x0000000080032240] -> 0x8593
mem[X,0x0000000080032242] -> 0x0005
[7462] [M]: 0x0000000080032240 (0x00058593) addi a1, a1, 0x0
x11 <- 0x0000000000000000
mem[X,0x0000000080032244] -> 0x9593
mem[X,0x0000000080032246] -> 0x00B5
[7463] [M]: 0x0000000080032244 (0x00B59593) slli a1, a1, 0xb
x11 <- 0x0000000000000000
mem[X,0x0000000080032248] -> 0x8593
mem[X,0x000000008003224A] -> 0x5A85
[7464] [M]: 0x0000000080032248 (0x5A858593) addi a1, a1, 0x5a8
x11 <- 0x00000000000005A8
mem[X,0x000000008003224C] -> 0x9593
mem[X,0x000000008003224E] -> 0x00B5
[7465] [M]: 0x000000008003224C (0x00B59593) slli a1, a1, 0xb
x11 <- 0x00000000002D4000
mem[X,0x0000000080032250] -> 0x8593
mem[X,0x0000000080032252] -> 0x13C5
[7466] [M]: 0x0000000080032250 (0x13C58593) addi a1, a1, 0x13c
x11 <- 0x00000000002D413C
mem[X,0x0000000080032254] -> 0x9593
mem[X,0x0000000080032256] -> 0x00A5
[7467] [M]: 0x0000000080032254 (0x00A59593) slli a1, a1, 0xa
x11 <- 0x00000000B504F000
mem[X,0x0000000080032258] -> 0x8593
mem[X,0x000000008003225A] -> 0x3345
[7468] [M]: 0x0000000080032258 (0x33458593) addi a1, a1, 0x334
x11 <- 0x00000000B504F334
mem[X,0x000000008003225C] -> 0x0213
mem[X,0x000000008003225E] -> 0x0000
[7469] [M]: 0x000000008003225C (0x00000213) addi tp, zero, 0x0
x4 <- 0x0000000000000000
mem[X,0x0000000080032260] -> 0x006F
mem[X,0x0000000080032262] -> 0x00C0
[7470] [M]: 0x0000000080032260 (0x00C0006F) jal zero, 0xc
mem[X,0x000000008003226C] -> 0x0063
mem[X,0x000000008003226E] -> 0x02B5
[7471] [M]: 0x000000008003226C (0x02B50063) beq a0, a1, 0x20
mem[X,0x0000000080032270] -> 0x0213
mem[X,0x0000000080032272] -> 0x0022
[7472] [M]: 0x0000000080032270 (0x00220213) addi tp, tp, 0x2
x4 <- 0x0000000000000002
mem[X,0x0000000080032274] -> 0x006F
mem[X,0x0000000080032276] -> 0x0200
[7473] [M]: 0x0000000080032274 (0x0200006F) jal zero, 0x20
mem[X,0x0000000080032294] -> 0x3023
mem[X,0x0000000080032296] -> 0x6841
[7474] [M]: 0x0000000080032294 (0x68413023) sd tp, 0x680(sp)
mem[0x0000000080049048] <- 0x0000000000000002
mem[X,0x0000000080032298] -> 0x0537
mem[X,0x000000008003229A] -> 0x0000
[7475] [M]: 0x0000000080032298 (0x00000537) lui a0, 0x0
x10 <- 0x0000000000000000
mem[X,0x000000008003229C] -> 0x0513
mem[X,0x000000008003229E] -> 0x0005
[7476] [M]: 0x000000008003229C (0x00050513) addi a0, a0, 0x0
x10 <- 0x0000000000000000
mem[X,0x00000000800322A0] -> 0x1513
mem[X,0x00000000800322A2] -> 0x00B5
[7477] [M]: 0x00000000800322A0 (0x00B51513) slli a0, a0, 0xb
x10 <- 0x0000000000000000
mem[X,0x00000000800322A4] -> 0x0513
mem[X,0x00000000800322A6] -> 0x5A85
[7478] [M]: 0x00000000800322A4 (0x5A850513) addi a0, a0, 0x5a8
x10 <- 0x00000000000005A8
mem[X,0x00000000800322A8] -> 0x1513
mem[X,0x00000000800322AA] -> 0x00B5
[7479] [M]: 0x00000000800322A8 (0x00B51513) slli a0, a0, 0xb
x10 <- 0x00000000002D4000
mem[X,0x00000000800322AC] -> 0x0513
mem[X,0x00000000800322AE] -> 0x13C5
[7480] [M]: 0x00000000800322AC (0x13C50513) addi a0, a0, 0x13c
x10 <- 0x00000000002D413C
mem[X,0x00000000800322B0] -> 0x1513
mem[X,0x00000000800322B2] -> 0x00A5
[7481] [M]: 0x00000000800322B0 (0x00A51513) slli a0, a0, 0xa
x10 <- 0x00000000B504F000
mem[X,0x00000000800322B4] -> 0x0513
mem[X,0x00000000800322B6] -> 0x3325
[7482] [M]: 0x00000000800322B4 (0x33250513) addi a0, a0, 0x332
x10 <- 0x00000000B504F332
mem[X,0x00000000800322B8] -> 0x0593
mem[X,0x00000000800322BA] -> 0x0030
[7483] [M]: 0x00000000800322B8 (0x00300593) addi a1, zero, 0x3
x11 <- 0x0000000000000003
mem[X,0x00000000800322BC] -> 0x0213
mem[X,0x00000000800322BE] -> 0x0000
[7484] [M]: 0x00000000800322BC (0x00000213) addi tp, zero, 0x0
x4 <- 0x0000000000000000
mem[X,0x00000000800322C0] -> 0x006F
mem[X,0x00000000800322C2] -> 0x00C0
[7485] [M]: 0x00000000800322C0 (0x00C0006F) jal zero, 0xc
mem[X,0x00000000800322CC] -> 0x0063
mem[X,0x00000000800322CE] -> 0x20B5
[7486] [M]: 0x00000000800322CC (0x20B50063) beq a0, a1, 0x200
mem[X,0x00000000800322D0] -> 0x0213
mem[X,0x00000000800322D2] -> 0x0022
[7487] [M]: 0x00000000800322D0 (0x00220213) addi tp, tp, 0x2
x4 <- 0x0000000000000002
mem[X,0x00000000800322D4] -> 0x006F
mem[X,0x00000000800322D6] -> 0x2000
[7488] [M]: 0x00000000800322D4 (0x2000006F) jal zero, 0x200
mem[X,0x00000000800324D4] -> 0x3423
mem[X,0x00000000800324D6] -> 0x6841
[7489] [M]: 0x00000000800324D4 (0x68413423) sd tp, 0x688(sp)
mem[0x0000000080049050] <- 0x0000000000000002
mem[X,0x00000000800324D8] -> 0x0537
mem[X,0x00000000800324DA] -> 0x0000
[7490] [M]: 0x00000000800324D8 (0x00000537) lui a0, 0x0
x10 <- 0x0000000000000000
mem[X,0x00000000800324DC] -> 0x0513
mem[X,0x00000000800324DE] -> 0x0005
[7491] [M]: 0x00000000800324DC (0x00050513) addi a0, a0, 0x0
x10 <- 0x0000000000000000
mem[X,0x00000000800324E0] -> 0x1513
mem[X,0x00000000800324E2] -> 0x00B5
[7492] [M]: 0x00000000800324E0 (0x00B51513) slli a0, a0, 0xb
x10 <- 0x0000000000000000
mem[X,0x00000000800324E4] -> 0x0513
mem[X,0x00000000800324E6] -> 0x5A85
[7493] [M]: 0x00000000800324E4 (0x5A850513) addi a0, a0, 0x5a8
x10 <- 0x00000000000005A8
mem[X,0x00000000800324E8] -> 0x1513
mem[X,0x00000000800324EA] -> 0x00B5
[7494] [M]: 0x00000000800324E8 (0x00B51513) slli a0, a0, 0xb
x10 <- 0x00000000002D4000
mem[X,0x00000000800324EC] -> 0x0513
mem[X,0x00000000800324EE] -> 0x13C5
[7495] [M]: 0x00000000800324EC (0x13C50513) addi a0, a0, 0x13c
x10 <- 0x00000000002D413C
mem[X,0x00000000800324F0] -> 0x1513
mem[X,0x00000000800324F2] -> 0x00A5
[7496] [M]: 0x00000000800324F0 (0x00A51513) slli a0, a0, 0xa
x10 <- 0x00000000B504F000
mem[X,0x00000000800324F4] -> 0x0513
mem[X,0x00000000800324F6] -> 0x3325
[7497] [M]: 0x00000000800324F4 (0x33250513) addi a0, a0, 0x332
x10 <- 0x00000000B504F332
mem[X,0x00000000800324F8] -> 0x55B7
mem[X,0x00000000800324FA] -> 0x5555
[7498] [M]: 0x00000000800324F8 (0x555555B7) lui a1, 0x55555
x11 <- 0x0000000055555000
mem[X,0x00000000800324FC] -> 0x8593
mem[X,0x00000000800324FE] -> 0x5555
[7499] [M]: 0x00000000800324FC (0x55558593) addi a1, a1, 0x555
x11 <- 0x0000000055555555
clint::tick mtime <- 0x000000000000004B
 clint timer pending at mtime 0x000000000000004B
htif::tick 0x0000000000000000
mem[X,0x0000000080032500] -> 0x9593
mem[X,0x0000000080032502] -> 0x00B5
[7500] [M]: 0x0000000080032500 (0x00B59593) slli a1, a1, 0xb
x11 <- 0x000002AAAAAAA800
mem[X,0x0000000080032504] -> 0x8593
mem[X,0x0000000080032506] -> 0x2AA5
[7501] [M]: 0x0000000080032504 (0x2AA58593) addi a1, a1, 0x2aa
x11 <- 0x000002AAAAAAAAAA
mem[X,0x0000000080032508] -> 0x9593
mem[X,0x000000008003250A] -> 0x00B5
[7502] [M]: 0x0000000080032508 (0x00B59593) slli a1, a1, 0xb
x11 <- 0x0015555555555000
mem[X,0x000000008003250C] -> 0x8593
mem[X,0x000000008003250E] -> 0x5555
[7503] [M]: 0x000000008003250C (0x55558593) addi a1, a1, 0x555
x11 <- 0x0015555555555555
mem[X,0x0000000080032510] -> 0x9593
mem[X,0x0000000080032512] -> 0x00A5
[7504] [M]: 0x0000000080032510 (0x00A59593) slli a1, a1, 0xa
x11 <- 0x5555555555555400
mem[X,0x0000000080032514] -> 0x8593
mem[X,0x0000000080032516] -> 0x1555
[7505] [M]: 0x0000000080032514 (0x15558593) addi a1, a1, 0x155
x11 <- 0x5555555555555555
mem[X,0x0000000080032518] -> 0x0213
mem[X,0x000000008003251A] -> 0x0000
[7506] [M]: 0x0000000080032518 (0x00000213) addi tp, zero, 0x0
x4 <- 0x0000000000000000
mem[X,0x000000008003251C] -> 0x006F
mem[X,0x000000008003251E] -> 0x00C0
[7507] [M]: 0x000000008003251C (0x00C0006F) jal zero, 0xc
mem[X,0x0000000080032528] -> 0x0063
mem[X,0x000000008003252A] -> 0x08B5
[7508] [M]: 0x0000000080032528 (0x08B50063) beq a0, a1, 0x80
mem[X,0x000000008003252C] -> 0x0213
mem[X,0x000000008003252E] -> 0x0022
[7509] [M]: 0x000000008003252C (0x00220213) addi tp, tp, 0x2
x4 <- 0x0000000000000002
mem[X,0x0000000080032530] -> 0x006F
mem[X,0x0000000080032532] -> 0x0800
[7510] [M]: 0x0000000080032530 (0x0800006F) jal zero, 0x80
mem[X,0x00000000800325B0] -> 0x3823
mem[X,0x00000000800325B2] -> 0x6841
[7511] [M]: 0x00000000800325B0 (0x68413823) sd tp, 0x690(sp)
mem[0x0000000080049058] <- 0x0000000000000002
mem[X,0x00000000800325B4] -> 0x0537
mem[X,0x00000000800325B6] -> 0x0000
[7512] [M]: 0x00000000800325B4 (0x00000537) lui a0, 0x0
x10 <- 0x0000000000000000
mem[X,0x00000000800325B8] -> 0x0513
mem[X,0x00000000800325BA] -> 0x0005
[7513] [M]: 0x00000000800325B8 (0x00050513) addi a0, a0, 0x0
x10 <- 0x0000000000000000
mem[X,0x00000000800325BC] -> 0x1513
mem[X,0x00000000800325BE] -> 0x00B5
[7514] [M]: 0x00000000800325BC (0x00B51513) slli a0, a0, 0xb
x10 <- 0x0000000000000000
mem[X,0x00000000800325C0] -> 0x0513
mem[X,0x00000000800325C2] -> 0x5A85
[7515] [M]: 0x00000000800325C0 (0x5A850513) addi a0, a0, 0x5a8
x10 <- 0x00000000000005A8
mem[X,0x00000000800325C4] -> 0x1513
mem[X,0x00000000800325C6] -> 0x00B5
[7516] [M]: 0x00000000800325C4 (0x00B51513) slli a0, a0, 0xb
x10 <- 0x00000000002D4000
mem[X,0x00000000800325C8] -> 0x0513
mem[X,0x00000000800325CA] -> 0x13C5
[7517] [M]: 0x00000000800325C8 (0x13C50513) addi a0, a0, 0x13c
x10 <- 0x00000000002D413C
mem[X,0x00000000800325CC] -> 0x1513
mem[X,0x00000000800325CE] -> 0x00A5
[7518] [M]: 0x00000000800325CC (0x00A51513) slli a0, a0, 0xa
x10 <- 0x00000000B504F000
mem[X,0x00000000800325D0] -> 0x0513
mem[X,0x00000000800325D2] -> 0x3325
[7519] [M]: 0x00000000800325D0 (0x33250513) addi a0, a0, 0x332
x10 <- 0x00000000B504F332
mem[X,0x00000000800325D4] -> 0xB5B7
mem[X,0x00000000800325D6] -> 0xAAAA
[7520] [M]: 0x00000000800325D4 (0xAAAAB5B7) lui a1, -0x55555
x11 <- 0xFFFFFFFFAAAAB000
mem[X,0x00000000800325D8] -> 0x8593
mem[X,0x00000000800325DA] -> 0xAAA5
[7521] [M]: 0x00000000800325D8 (0xAAA58593) addi a1, a1, -0x556
x11 <- 0xFFFFFFFFAAAAAAAA
mem[X,0x00000000800325DC] -> 0x9593
mem[X,0x00000000800325DE] -> 0x00B5
[7522] [M]: 0x00000000800325DC (0x00B59593) slli a1, a1, 0xb
x11 <- 0xFFFFFD5555555000
mem[X,0x00000000800325E0] -> 0x8593
mem[X,0x00000000800325E2] -> 0x5555
[7523] [M]: 0x00000000800325E0 (0x55558593) addi a1, a1, 0x555
x11 <- 0xFFFFFD5555555555
mem[X,0x00000000800325E4] -> 0x9593
mem[X,0x00000000800325E6] -> 0x00B5
[7524] [M]: 0x00000000800325E4 (0x00B59593) slli a1, a1, 0xb
x11 <- 0xFFEAAAAAAAAAA800
mem[X,0x00000000800325E8] -> 0x8593
mem[X,0x00000000800325EA] -> 0x2AA5
[7525] [M]: 0x00000000800325E8 (0x2AA58593) addi a1, a1, 0x2aa
x11 <- 0xFFEAAAAAAAAAAAAA
mem[X,0x00000000800325EC] -> 0x9593
mem[X,0x00000000800325EE] -> 0x00A5
[7526] [M]: 0x00000000800325EC (0x00A59593) slli a1, a1, 0xa
x11 <- 0xAAAAAAAAAAAAA800
mem[X,0x00000000800325F0] -> 0x8593
mem[X,0x00000000800325F2] -> 0x2AA5
[7527] [M]: 0x00000000800325F0 (0x2AA58593) addi a1, a1, 0x2aa
x11 <- 0xAAAAAAAAAAAAAAAA
mem[X,0x00000000800325F4] -> 0x0213
mem[X,0x00000000800325F6] -> 0x0000
[7528] [M]: 0x00000000800325F4 (0x00000213) addi tp, zero, 0x0
x4 <- 0x0000000000000000
mem[X,0x00000000800325F8] -> 0x006F
mem[X,0x00000000800325FA] -> 0x00C0
[7529] [M]: 0x00000000800325F8 (0x00C0006F) jal zero, 0xc
mem[X,0x0000000080032604] -> 0x0063
mem[X,0x0000000080032606] -> 0x02B5
[7530] [M]: 0x0000000080032604 (0x02B50063) beq a0, a1, 0x20
mem[X,0x0000000080032608] -> 0x0213
mem[X,0x000000008003260A] -> 0x0022
[7531] [M]: 0x0000000080032608 (0x00220213) addi tp, tp, 0x2
x4 <- 0x0000000000000002
mem[X,0x000000008003260C] -> 0x006F
mem[X,0x000000008003260E] -> 0x0200
[7532] [M]: 0x000000008003260C (0x0200006F) jal zero, 0x20
mem[X,0x000000008003262C] -> 0x3C23
mem[X,0x000000008003262E] -> 0x6841
[7533] [M]: 0x000000008003262C (0x68413C23) sd tp, 0x698(sp)
mem[0x0000000080049060] <- 0x0000000000000002
mem[X,0x0000000080032630] -> 0x0537
mem[X,0x0000000080032632] -> 0x0000
[7534] [M]: 0x0000000080032630 (0x00000537) lui a0, 0x0
x10 <- 0x0000000000000000
mem[X,0x0000000080032634] -> 0x0513
mem[X,0x0000000080032636] -> 0x0005
[7535] [M]: 0x0000000080032634 (0x00050513) addi a0, a0, 0x0
x10 <- 0x0000000000000000
mem[X,0x0000000080032638] -> 0x1513
mem[X,0x000000008003263A] -> 0x00B5
[7536] [M]: 0x0000000080032638 (0x00B51513) slli a0, a0, 0xb
x10 <- 0x0000000000000000
mem[X,0x000000008003263C] -> 0x0513
mem[X,0x000000008003263E] -> 0x5A85
[7537] [M]: 0x000000008003263C (0x5A850513) addi a0, a0, 0x5a8
x10 <- 0x00000000000005A8
mem[X,0x0000000080032640] -> 0x1513
mem[X,0x0000000080032642] -> 0x00B5
[7538] [M]: 0x0000000080032640 (0x00B51513) slli a0, a0, 0xb
x10 <- 0x00000000002D4000
mem[X,0x0000000080032644] -> 0x0513
mem[X,0x0000000080032646] -> 0x13C5
[7539] [M]: 0x0000000080032644 (0x13C50513) addi a0, a0, 0x13c
x10 <- 0x00000000002D413C
mem[X,0x0000000080032648] -> 0x1513
mem[X,0x000000008003264A] -> 0x00A5
[7540] [M]: 0x0000000080032648 (0x00A51513) slli a0, a0, 0xa
x10 <- 0x00000000B504F000
mem[X,0x000000008003264C] -> 0x0513
mem[X,0x000000008003264E] -> 0x3325
[7541] [M]: 0x000000008003264C (0x33250513) addi a0, a0, 0x332
x10 <- 0x00000000B504F332
mem[X,0x0000000080032650] -> 0x0593
mem[X,0x0000000080032652] -> 0x0050
[7542] [M]: 0x0000000080032650 (0x00500593) addi a1, zero, 0x5
x11 <- 0x0000000000000005
mem[X,0x0000000080032654] -> 0x0213
mem[X,0x0000000080032656] -> 0x0000
[7543] [M]: 0x0000000080032654 (0x00000213) addi tp, zero, 0x0
x4 <- 0x0000000000000000
mem[X,0x0000000080032658] -> 0x006F
mem[X,0x000000008003265A] -> 0x00C0
[7544] [M]: 0x0000000080032658 (0x00C0006F) jal zero, 0xc
mem[X,0x0000000080032664] -> 0x0063
mem[X,0x0000000080032666] -> 0x04B5
[7545] [M]: 0x0000000080032664 (0x04B50063) beq a0, a1, 0x40
mem[X,0x0000000080032668] -> 0x0213
mem[X,0x000000008003266A] -> 0x0022
[7546] [M]: 0x0000000080032668 (0x00220213) addi tp, tp, 0x2
x4 <- 0x0000000000000002
mem[X,0x000000008003266C] -> 0x006F
mem[X,0x000000008003266E] -> 0x0400
[7547] [M]: 0x000000008003266C (0x0400006F) jal zero, 0x40
mem[X,0x00000000800326AC] -> 0x3023
mem[X,0x00000000800326AE] -> 0x6A41
[7548] [M]: 0x00000000800326AC (0x6A413023) sd tp, 0x6a0(sp)
mem[0x0000000080049068] <- 0x0000000000000002
mem[X,0x00000000800326B0] -> 0x0537
mem[X,0x00000000800326B2] -> 0x0000
[7549] [M]: 0x00000000800326B0 (0x00000537) lui a0, 0x0
x10 <- 0x0000000000000000
mem[X,0x00000000800326B4] -> 0x0513
mem[X,0x00000000800326B6] -> 0x0005
[7550] [M]: 0x00000000800326B4 (0x00050513) addi a0, a0, 0x0
x10 <- 0x0000000000000000
mem[X,0x00000000800326B8] -> 0x1513
mem[X,0x00000000800326BA] -> 0x00B5
[7551] [M]: 0x00000000800326B8 (0x00B51513) slli a0, a0, 0xb
x10 <- 0x0000000000000000
mem[X,0x00000000800326BC] -> 0x0513
mem[X,0x00000000800326BE] -> 0x5A85
[7552] [M]: 0x00000000800326BC (0x5A850513) addi a0, a0, 0x5a8
x10 <- 0x00000000000005A8
mem[X,0x00000000800326C0] -> 0x1513
mem[X,0x00000000800326C2] -> 0x00B5
[7553] [M]: 0x00000000800326C0 (0x00B51513) slli a0, a0, 0xb
x10 <- 0x00000000002D4000
mem[X,0x00000000800326C4] -> 0x0513
mem[X,0x00000000800326C6] -> 0x13C5
[7554] [M]: 0x00000000800326C4 (0x13C50513) addi a0, a0, 0x13c
x10 <- 0x00000000002D413C
mem[X,0x00000000800326C8] -> 0x1513
mem[X,0x00000000800326CA] -> 0x00A5
[7555] [M]: 0x00000000800326C8 (0x00A51513) slli a0, a0, 0xa
x10 <- 0x00000000B504F000
mem[X,0x00000000800326CC] -> 0x0513
mem[X,0x00000000800326CE] -> 0x3325
[7556] [M]: 0x00000000800326CC (0x33250513) addi a0, a0, 0x332
x10 <- 0x00000000B504F332
mem[X,0x00000000800326D0] -> 0x35B7
mem[X,0x00000000800326D2] -> 0x3333
[7557] [M]: 0x00000000800326D0 (0x333335B7) lui a1, 0x33333
x11 <- 0x0000000033333000
mem[X,0x00000000800326D4] -> 0x8593
mem[X,0x00000000800326D6] -> 0x3335
[7558] [M]: 0x00000000800326D4 (0x33358593) addi a1, a1, 0x333
x11 <- 0x0000000033333333
mem[X,0x00000000800326D8] -> 0x9593
mem[X,0x00000000800326DA] -> 0x00B5
[7559] [M]: 0x00000000800326D8 (0x00B59593) slli a1, a1, 0xb
x11 <- 0x0000019999999800
mem[X,0x00000000800326DC] -> 0x8593
mem[X,0x00000000800326DE] -> 0x1995
[7560] [M]: 0x00000000800326DC (0x19958593) addi a1, a1, 0x199
x11 <- 0x0000019999999999
mem[X,0x00000000800326E0] -> 0x9593
mem[X,0x00000000800326E2] -> 0x00B5
[7561] [M]: 0x00000000800326E0 (0x00B59593) slli a1, a1, 0xb
x11 <- 0x000CCCCCCCCCC800
mem[X,0x00000000800326E4] -> 0x8593
mem[X,0x00000000800326E6] -> 0x4CC5
[7562] [M]: 0x00000000800326E4 (0x4CC58593) addi a1, a1, 0x4cc
x11 <- 0x000CCCCCCCCCCCCC
mem[X,0x00000000800326E8] -> 0x9593
mem[X,0x00000000800326EA] -> 0x00A5
[7563] [M]: 0x00000000800326E8 (0x00A59593) slli a1, a1, 0xa
x11 <- 0x3333333333333000
mem[X,0x00000000800326EC] -> 0x8593
mem[X,0x00000000800326EE] -> 0x3335
[7564] [M]: 0x00000000800326EC (0x33358593) addi a1, a1, 0x333
x11 <- 0x3333333333333333
mem[X,0x00000000800326F0] -> 0x0213
mem[X,0x00000000800326F2] -> 0x0000
[7565] [M]: 0x00000000800326F0 (0x00000213) addi tp, zero, 0x0
x4 <- 0x0000000000000000
mem[X,0x00000000800326F4] -> 0x006F
mem[X,0x00000000800326F6] -> 0x00C0
[7566] [M]: 0x00000000800326F4 (0x00C0006F) jal zero, 0xc
mem[X,0x0000000080032700] -> 0x0863
mem[X,0x0000000080032702] -> 0x00B5
[7567] [M]: 0x0000000080032700 (0x00B50863) beq a0, a1, 0x10
mem[X,0x0000000080032704] -> 0x0213
mem[X,0x0000000080032706] -> 0x0022
[7568] [M]: 0x0000000080032704 (0x00220213) addi tp, tp, 0x2
x4 <- 0x0000000000000002
mem[X,0x0000000080032708] -> 0x006F
mem[X,0x000000008003270A] -> 0x0100
[7569] [M]: 0x0000000080032708 (0x0100006F) jal zero, 0x10
mem[X,0x0000000080032718] -> 0x3423
mem[X,0x000000008003271A] -> 0x6A41
[7570] [M]: 0x0000000080032718 (0x6A413423) sd tp, 0x6a8(sp)
mem[0x0000000080049070] <- 0x0000000000000002
mem[X,0x000000008003271C] -> 0x0537
mem[X,0x000000008003271E] -> 0x0000
[7571] [M]: 0x000000008003271C (0x00000537) lui a0, 0x0
x10 <- 0x0000000000000000
mem[X,0x0000000080032720] -> 0x0513
mem[X,0x0000000080032722] -> 0x0005
[7572] [M]: 0x0000000080032720 (0x00050513) addi a0, a0, 0x0
x10 <- 0x0000000000000000
mem[X,0x0000000080032724] -> 0x1513
mem[X,0x0000000080032726] -> 0x00B5
[7573] [M]: 0x0000000080032724 (0x00B51513) slli a0, a0, 0xb
x10 <- 0x0000000000000000
mem[X,0x0000000080032728] -> 0x0513
mem[X,0x000000008003272A] -> 0x5A85
[7574] [M]: 0x0000000080032728 (0x5A850513) addi a0, a0, 0x5a8
x10 <- 0x00000000000005A8
mem[X,0x000000008003272C] -> 0x1513
mem[X,0x000000008003272E] -> 0x00B5
[7575] [M]: 0x000000008003272C (0x00B51513) slli a0, a0, 0xb
x10 <- 0x00000000002D4000
mem[X,0x0000000080032730] -> 0x0513
mem[X,0x0000000080032732] -> 0x13C5
[7576] [M]: 0x0000000080032730 (0x13C50513) addi a0, a0, 0x13c
x10 <- 0x00000000002D413C
mem[X,0x0000000080032734] -> 0x1513
mem[X,0x0000000080032736] -> 0x00A5
[7577] [M]: 0x0000000080032734 (0x00A51513) slli a0, a0, 0xa
x10 <- 0x00000000B504F000
mem[X,0x0000000080032738] -> 0x0513
mem[X,0x000000008003273A] -> 0x3325
[7578] [M]: 0x0000000080032738 (0x33250513) addi a0, a0, 0x332
x10 <- 0x00000000B504F332
mem[X,0x000000008003273C] -> 0x65B7
mem[X,0x000000008003273E] -> 0x6666
[7579] [M]: 0x000000008003273C (0x666665B7) lui a1, 0x66666
x11 <- 0x0000000066666000
mem[X,0x0000000080032740] -> 0x8593
mem[X,0x0000000080032742] -> 0x6665
[7580] [M]: 0x0000000080032740 (0x66658593) addi a1, a1, 0x666
x11 <- 0x0000000066666666
mem[X,0x0000000080032744] -> 0x9593
mem[X,0x0000000080032746] -> 0x00B5
[7581] [M]: 0x0000000080032744 (0x00B59593) slli a1, a1, 0xb
x11 <- 0x0000033333333000
mem[X,0x0000000080032748] -> 0x8593
mem[X,0x000000008003274A] -> 0x3335
[7582] [M]: 0x0000000080032748 (0x33358593) addi a1, a1, 0x333
x11 <- 0x0000033333333333
mem[X,0x000000008003274C] -> 0x9593
mem[X,0x000000008003274E] -> 0x00B5
[7583] [M]: 0x000000008003274C (0x00B59593) slli a1, a1, 0xb
x11 <- 0x0019999999999800
mem[X,0x0000000080032750] -> 0x8593
mem[X,0x0000000080032752] -> 0x1995
[7584] [M]: 0x0000000080032750 (0x19958593) addi a1, a1, 0x199
x11 <- 0x0019999999999999
mem[X,0x0000000080032754] -> 0x9593
mem[X,0x0000000080032756] -> 0x00A5
[7585] [M]: 0x0000000080032754 (0x00A59593) slli a1, a1, 0xa
x11 <- 0x6666666666666400
mem[X,0x0000000080032758] -> 0x8593
mem[X,0x000000008003275A] -> 0x2665
[7586] [M]: 0x0000000080032758 (0x26658593) addi a1, a1, 0x266
x11 <- 0x6666666666666666
mem[X,0x000000008003275C] -> 0x0213
mem[X,0x000000008003275E] -> 0x0000
[7587] [M]: 0x000000008003275C (0x00000213) addi tp, zero, 0x0
x4 <- 0x0000000000000000
mem[X,0x0000000080032760] -> 0x006F
mem[X,0x0000000080032762] -> 0x00C0
[7588] [M]: 0x0000000080032760 (0x00C0006F) jal zero, 0xc
mem[X,0x000000008003276C] -> 0x0663
mem[X,0x000000008003276E] -> 0x00B5
[7589] [M]: 0x000000008003276C (0x00B50663) beq a0, a1, 0xc
mem[X,0x0000000080032770] -> 0x0213
mem[X,0x0000000080032772] -> 0x0022
[7590] [M]: 0x0000000080032770 (0x00220213) addi tp, tp, 0x2
x4 <- 0x0000000000000002
mem[X,0x0000000080032774] -> 0x006F
mem[X,0x0000000080032776] -> 0x00C0
[7591] [M]: 0x0000000080032774 (0x00C0006F) jal zero, 0xc
mem[X,0x0000000080032780] -> 0x3823
mem[X,0x0000000080032782] -> 0x6A41
[7592] [M]: 0x0000000080032780 (0x6A413823) sd tp, 0x6b0(sp)
mem[0x0000000080049078] <- 0x0000000000000002
mem[X,0x0000000080032784] -> 0x0537
mem[X,0x0000000080032786] -> 0x0000
[7593] [M]: 0x0000000080032784 (0x00000537) lui a0, 0x0
x10 <- 0x0000000000000000
mem[X,0x0000000080032788] -> 0x0513
mem[X,0x000000008003278A] -> 0x0005
[7594] [M]: 0x0000000080032788 (0x00050513) addi a0, a0, 0x0
x10 <- 0x0000000000000000
mem[X,0x000000008003278C] -> 0x1513
mem[X,0x000000008003278E] -> 0x00B5
[7595] [M]: 0x000000008003278C (0x00B51513) slli a0, a0, 0xb
x10 <- 0x0000000000000000
mem[X,0x0000000080032790] -> 0x0513
mem[X,0x0000000080032792] -> 0x5A85
[7596] [M]: 0x0000000080032790 (0x5A850513) addi a0, a0, 0x5a8
x10 <- 0x00000000000005A8
mem[X,0x0000000080032794] -> 0x1513
mem[X,0x0000000080032796] -> 0x00B5
[7597] [M]: 0x0000000080032794 (0x00B51513) slli a0, a0, 0xb
x10 <- 0x00000000002D4000
mem[X,0x0000000080032798] -> 0x0513
mem[X,0x000000008003279A] -> 0x13C5
[7598] [M]: 0x0000000080032798 (0x13C50513) addi a0, a0, 0x13c
x10 <- 0x00000000002D413C
mem[X,0x000000008003279C] -> 0x1513
mem[X,0x000000008003279E] -> 0x00A5
[7599] [M]: 0x000000008003279C (0x00A51513) slli a0, a0, 0xa
x10 <- 0x00000000B504F000
clint::tick mtime <- 0x000000000000004C
 clint timer pending at mtime 0x000000000000004C
htif::tick 0x0000000000000000
mem[X,0x00000000800327A0] -> 0x0513
mem[X,0x00000000800327A2] -> 0x3325
[7600] [M]: 0x00000000800327A0 (0x33250513) addi a0, a0, 0x332
x10 <- 0x00000000B504F332
mem[X,0x00000000800327A4] -> 0x05B7
mem[X,0x00000000800327A6] -> 0x0000
[7601] [M]: 0x00000000800327A4 (0x000005B7) lui a1, 0x0
x11 <- 0x0000000000000000
mem[X,0x00000000800327A8] -> 0x8593
mem[X,0x00000000800327AA] -> 0xFFF5
[7602] [M]: 0x00000000800327A8 (0xFFF58593) addi a1, a1, -0x1
x11 <- 0xFFFFFFFFFFFFFFFF
mem[X,0x00000000800327AC] -> 0x9593
mem[X,0x00000000800327AE] -> 0x00B5
[7603] [M]: 0x00000000800327AC (0x00B59593) slli a1, a1, 0xb
x11 <- 0xFFFFFFFFFFFFF800
mem[X,0x00000000800327B0] -> 0x8593
mem[X,0x00000000800327B2] -> 0x2575
[7604] [M]: 0x00000000800327B0 (0x25758593) addi a1, a1, 0x257
x11 <- 0xFFFFFFFFFFFFFA57
mem[X,0x00000000800327B4] -> 0x9593
mem[X,0x00000000800327B6] -> 0x00B5
[7605] [M]: 0x00000000800327B4 (0x00B59593) slli a1, a1, 0xb
x11 <- 0xFFFFFFFFFFD2B800
mem[X,0x00000000800327B8] -> 0x8593
mem[X,0x00000000800327BA] -> 0x6C35
[7606] [M]: 0x00000000800327B8 (0x6C358593) addi a1, a1, 0x6c3
x11 <- 0xFFFFFFFFFFD2BEC3
mem[X,0x00000000800327BC] -> 0x9593
mem[X,0x00000000800327BE] -> 0x00A5
[7607] [M]: 0x00000000800327BC (0x00A59593) slli a1, a1, 0xa
x11 <- 0xFFFFFFFF4AFB0C00
mem[X,0x00000000800327C0] -> 0x8593
mem[X,0x00000000800327C2] -> 0x0CD5
[7608] [M]: 0x00000000800327C0 (0x0CD58593) addi a1, a1, 0xcd
x11 <- 0xFFFFFFFF4AFB0CCD
mem[X,0x00000000800327C4] -> 0x0213
mem[X,0x00000000800327C6] -> 0x0000
[7609] [M]: 0x00000000800327C4 (0x00000213) addi tp, zero, 0x0
x4 <- 0x0000000000000000
mem[X,0x00000000800327C8] -> 0x006F
mem[X,0x00000000800327CA] -> 0x00C0
[7610] [M]: 0x00000000800327C8 (0x00C0006F) jal zero, 0xc
mem[X,0x00000000800327D4] -> 0x0CE3
mem[X,0x00000000800327D6] -> 0xFEB5
[7611] [M]: 0x00000000800327D4 (0xFEB50CE3) beq a0, a1, -0x8
mem[X,0x00000000800327D8] -> 0x0213
mem[X,0x00000000800327DA] -> 0x0022
[7612] [M]: 0x00000000800327D8 (0x00220213) addi tp, tp, 0x2
x4 <- 0x0000000000000002
mem[X,0x00000000800327DC] -> 0x006F
mem[X,0x00000000800327DE] -> 0x00C0
[7613] [M]: 0x00000000800327DC (0x00C0006F) jal zero, 0xc
mem[X,0x00000000800327E8] -> 0x3C23
mem[X,0x00000000800327EA] -> 0x6A41
[7614] [M]: 0x00000000800327E8 (0x6A413C23) sd tp, 0x6b8(sp)
mem[0x0000000080049080] <- 0x0000000000000002
mem[X,0x00000000800327EC] -> 0x0537
mem[X,0x00000000800327EE] -> 0x0000
[7615] [M]: 0x00000000800327EC (0x00000537) lui a0, 0x0
x10 <- 0x0000000000000000
mem[X,0x00000000800327F0] -> 0x0513
mem[X,0x00000000800327F2] -> 0x0005
[7616] [M]: 0x00000000800327F0 (0x00050513) addi a0, a0, 0x0
x10 <- 0x0000000000000000
mem[X,0x00000000800327F4] -> 0x1513
mem[X,0x00000000800327F6] -> 0x00B5
[7617] [M]: 0x00000000800327F4 (0x00B51513) slli a0, a0, 0xb
x10 <- 0x0000000000000000
mem[X,0x00000000800327F8] -> 0x0513
mem[X,0x00000000800327FA] -> 0x5A85
[7618] [M]: 0x00000000800327F8 (0x5A850513) addi a0, a0, 0x5a8
x10 <- 0x00000000000005A8
mem[X,0x00000000800327FC] -> 0x1513
mem[X,0x00000000800327FE] -> 0x00B5
[7619] [M]: 0x00000000800327FC (0x00B51513) slli a0, a0, 0xb
x10 <- 0x00000000002D4000
mem[X,0x0000000080032800] -> 0x0513
mem[X,0x0000000080032802] -> 0x13C5
[7620] [M]: 0x0000000080032800 (0x13C50513) addi a0, a0, 0x13c
x10 <- 0x00000000002D413C
mem[X,0x0000000080032804] -> 0x1513
mem[X,0x0000000080032806] -> 0x00A5
[7621] [M]: 0x0000000080032804 (0x00A51513) slli a0, a0, 0xa
x10 <- 0x00000000B504F000
mem[X,0x0000000080032808] -> 0x0513
mem[X,0x000000008003280A] -> 0x3325
[7622] [M]: 0x0000000080032808 (0x33250513) addi a0, a0, 0x332
x10 <- 0x00000000B504F332
mem[X,0x000000008003280C] -> 0x05B7
mem[X,0x000000008003280E] -> 0x0000
[7623] [M]: 0x000000008003280C (0x000005B7) lui a1, 0x0
x11 <- 0x0000000000000000
mem[X,0x0000000080032810] -> 0x8593
mem[X,0x0000000080032812] -> 0x0005
[7624] [M]: 0x0000000080032810 (0x00058593) addi a1, a1, 0x0
x11 <- 0x0000000000000000
mem[X,0x0000000080032814] -> 0x9593
mem[X,0x0000000080032816] -> 0x00B5
[7625] [M]: 0x0000000080032814 (0x00B59593) slli a1, a1, 0xb
x11 <- 0x0000000000000000
mem[X,0x0000000080032818] -> 0x8593
mem[X,0x000000008003281A] -> 0x5A85
[7626] [M]: 0x0000000080032818 (0x5A858593) addi a1, a1, 0x5a8
x11 <- 0x00000000000005A8
mem[X,0x000000008003281C] -> 0x9593
mem[X,0x000000008003281E] -> 0x00B5
[7627] [M]: 0x000000008003281C (0x00B59593) slli a1, a1, 0xb
x11 <- 0x00000000002D4000
mem[X,0x0000000080032820] -> 0x8593
mem[X,0x0000000080032822] -> 0x13C5
[7628] [M]: 0x0000000080032820 (0x13C58593) addi a1, a1, 0x13c
x11 <- 0x00000000002D413C
mem[X,0x0000000080032824] -> 0x9593
mem[X,0x0000000080032826] -> 0x00A5
[7629] [M]: 0x0000000080032824 (0x00A59593) slli a1, a1, 0xa
x11 <- 0x00000000B504F000
mem[X,0x0000000080032828] -> 0x8593
mem[X,0x000000008003282A] -> 0x3335
[7630] [M]: 0x0000000080032828 (0x33358593) addi a1, a1, 0x333
x11 <- 0x00000000B504F333
mem[X,0x000000008003282C] -> 0x0213
mem[X,0x000000008003282E] -> 0x0000
[7631] [M]: 0x000000008003282C (0x00000213) addi tp, zero, 0x0
x4 <- 0x0000000000000000
mem[X,0x0000000080032830] -> 0x006F
mem[X,0x0000000080032832] -> 0x00C0
[7632] [M]: 0x0000000080032830 (0x00C0006F) jal zero, 0xc
mem[X,0x000000008003283C] -> 0x0663
mem[X,0x000000008003283E] -> 0x00B5
[7633] [M]: 0x000000008003283C (0x00B50663) beq a0, a1, 0xc
mem[X,0x0000000080032840] -> 0x0213
mem[X,0x0000000080032842] -> 0x0022
[7634] [M]: 0x0000000080032840 (0x00220213) addi tp, tp, 0x2
x4 <- 0x0000000000000002
mem[X,0x0000000080032844] -> 0x006F
mem[X,0x0000000080032846] -> 0x00C0
[7635] [M]: 0x0000000080032844 (0x00C0006F) jal zero, 0xc
mem[X,0x0000000080032850] -> 0x3023
mem[X,0x0000000080032852] -> 0x6C41
[7636] [M]: 0x0000000080032850 (0x6C413023) sd tp, 0x6c0(sp)
mem[0x0000000080049088] <- 0x0000000000000002
mem[X,0x0000000080032854] -> 0x0537
mem[X,0x0000000080032856] -> 0x0000
[7637] [M]: 0x0000000080032854 (0x00000537) lui a0, 0x0
x10 <- 0x0000000000000000
mem[X,0x0000000080032858] -> 0x0513
mem[X,0x000000008003285A] -> 0x0005
[7638] [M]: 0x0000000080032858 (0x00050513) addi a0, a0, 0x0
x10 <- 0x0000000000000000
mem[X,0x000000008003285C] -> 0x1513
mem[X,0x000000008003285E] -> 0x00B5
[7639] [M]: 0x000000008003285C (0x00B51513) slli a0, a0, 0xb
x10 <- 0x0000000000000000
mem[X,0x0000000080032860] -> 0x0513
mem[X,0x0000000080032862] -> 0x5A85
[7640] [M]: 0x0000000080032860 (0x5A850513) addi a0, a0, 0x5a8
x10 <- 0x00000000000005A8
mem[X,0x0000000080032864] -> 0x1513
mem[X,0x0000000080032866] -> 0x00B5
[7641] [M]: 0x0000000080032864 (0x00B51513) slli a0, a0, 0xb
x10 <- 0x00000000002D4000
mem[X,0x0000000080032868] -> 0x0513
mem[X,0x000000008003286A] -> 0x13C5
[7642] [M]: 0x0000000080032868 (0x13C50513) addi a0, a0, 0x13c
x10 <- 0x00000000002D413C
mem[X,0x000000008003286C] -> 0x1513
mem[X,0x000000008003286E] -> 0x00A5
[7643] [M]: 0x000000008003286C (0x00A51513) slli a0, a0, 0xa
x10 <- 0x00000000B504F000
mem[X,0x0000000080032870] -> 0x0513
mem[X,0x0000000080032872] -> 0x3325
[7644] [M]: 0x0000000080032870 (0x33250513) addi a0, a0, 0x332
x10 <- 0x00000000B504F332
mem[X,0x0000000080032874] -> 0x0593
mem[X,0x0000000080032876] -> 0x0020
[7645] [M]: 0x0000000080032874 (0x00200593) addi a1, zero, 0x2
x11 <- 0x0000000000000002
mem[X,0x0000000080032878] -> 0x0213
mem[X,0x000000008003287A] -> 0x0000
[7646] [M]: 0x0000000080032878 (0x00000213) addi tp, zero, 0x0
x4 <- 0x0000000000000000
mem[X,0x000000008003287C] -> 0x006F
mem[X,0x000000008003287E] -> 0x2B10
[7647] [M]: 0x000000008003287C (0x2B10006F) jal zero, 0xab0
mem[X,0x000000008003332C] -> 0x0A63
mem[X,0x000000008003332E] -> 0xD4B5
[7648] [M]: 0x000000008003332C (0xD4B50A63) beq a0, a1, -0xaac
mem[X,0x0000000080033330] -> 0x0213
mem[X,0x0000000080033332] -> 0x0022
[7649] [M]: 0x0000000080033330 (0x00220213) addi tp, tp, 0x2
x4 <- 0x0000000000000002
mem[X,0x0000000080033334] -> 0x006F
mem[X,0x0000000080033336] -> 0x00C0
[7650] [M]: 0x0000000080033334 (0x00C0006F) jal zero, 0xc
mem[X,0x0000000080033340] -> 0x3423
mem[X,0x0000000080033342] -> 0x6C41
[7651] [M]: 0x0000000080033340 (0x6C413423) sd tp, 0x6c8(sp)
mem[0x0000000080049090] <- 0x0000000000000002
mem[X,0x0000000080033344] -> 0x0537
mem[X,0x0000000080033346] -> 0x0000
[7652] [M]: 0x0000000080033344 (0x00000537) lui a0, 0x0
x10 <- 0x0000000000000000
mem[X,0x0000000080033348] -> 0x0513
mem[X,0x000000008003334A] -> 0x0005
[7653] [M]: 0x0000000080033348 (0x00050513) addi a0, a0, 0x0
x10 <- 0x0000000000000000
mem[X,0x000000008003334C] -> 0x1513
mem[X,0x000000008003334E] -> 0x00B5
[7654] [M]: 0x000000008003334C (0x00B51513) slli a0, a0, 0xb
x10 <- 0x0000000000000000
mem[X,0x0000000080033350] -> 0x0513
mem[X,0x0000000080033352] -> 0x5A85
[7655] [M]: 0x0000000080033350 (0x5A850513) addi a0, a0, 0x5a8
x10 <- 0x00000000000005A8
mem[X,0x0000000080033354] -> 0x1513
mem[X,0x0000000080033356] -> 0x00B5
[7656] [M]: 0x0000000080033354 (0x00B51513) slli a0, a0, 0xb
x10 <- 0x00000000002D4000
mem[X,0x0000000080033358] -> 0x0513
mem[X,0x000000008003335A] -> 0x13C5
[7657] [M]: 0x0000000080033358 (0x13C50513) addi a0, a0, 0x13c
x10 <- 0x00000000002D413C
mem[X,0x000000008003335C] -> 0x1513
mem[X,0x000000008003335E] -> 0x00A5
[7658] [M]: 0x000000008003335C (0x00A51513) slli a0, a0, 0xa
x10 <- 0x00000000B504F000
mem[X,0x0000000080033360] -> 0x0513
mem[X,0x0000000080033362] -> 0x3325
[7659] [M]: 0x0000000080033360 (0x33250513) addi a0, a0, 0x332
x10 <- 0x00000000B504F332
mem[X,0x0000000080033364] -> 0x55B7
mem[X,0x0000000080033366] -> 0x5555
[7660] [M]: 0x0000000080033364 (0x555555B7) lui a1, 0x55555
x11 <- 0x0000000055555000
mem[X,0x0000000080033368] -> 0x8593
mem[X,0x000000008003336A] -> 0x5555
[7661] [M]: 0x0000000080033368 (0x55558593) addi a1, a1, 0x555
x11 <- 0x0000000055555555
mem[X,0x000000008003336C] -> 0x9593
mem[X,0x000000008003336E] -> 0x00B5
[7662] [M]: 0x000000008003336C (0x00B59593) slli a1, a1, 0xb
x11 <- 0x000002AAAAAAA800
mem[X,0x0000000080033370] -> 0x8593
mem[X,0x0000000080033372] -> 0x2AA5
[7663] [M]: 0x0000000080033370 (0x2AA58593) addi a1, a1, 0x2aa
x11 <- 0x000002AAAAAAAAAA
mem[X,0x0000000080033374] -> 0x9593
mem[X,0x0000000080033376] -> 0x00B5
[7664] [M]: 0x0000000080033374 (0x00B59593) slli a1, a1, 0xb
x11 <- 0x0015555555555000
mem[X,0x0000000080033378] -> 0x8593
mem[X,0x000000008003337A] -> 0x5555
[7665] [M]: 0x0000000080033378 (0x55558593) addi a1, a1, 0x555
x11 <- 0x0015555555555555
mem[X,0x000000008003337C] -> 0x9593
mem[X,0x000000008003337E] -> 0x00A5
[7666] [M]: 0x000000008003337C (0x00A59593) slli a1, a1, 0xa
x11 <- 0x5555555555555400
mem[X,0x0000000080033380] -> 0x8593
mem[X,0x0000000080033382] -> 0x1545
[7667] [M]: 0x0000000080033380 (0x15458593) addi a1, a1, 0x154
x11 <- 0x5555555555555554
mem[X,0x0000000080033384] -> 0x0213
mem[X,0x0000000080033386] -> 0x0000
[7668] [M]: 0x0000000080033384 (0x00000213) addi tp, zero, 0x0
x4 <- 0x0000000000000000
mem[X,0x0000000080033388] -> 0x006F
mem[X,0x000000008003338A] -> 0x00C0
[7669] [M]: 0x0000000080033388 (0x00C0006F) jal zero, 0xc
mem[X,0x0000000080033394] -> 0x0CE3
mem[X,0x0000000080033396] -> 0xFEB5
[7670] [M]: 0x0000000080033394 (0xFEB50CE3) beq a0, a1, -0x8
mem[X,0x0000000080033398] -> 0x0213
mem[X,0x000000008003339A] -> 0x0022
[7671] [M]: 0x0000000080033398 (0x00220213) addi tp, tp, 0x2
x4 <- 0x0000000000000002
mem[X,0x000000008003339C] -> 0x006F
mem[X,0x000000008003339E] -> 0x00C0
[7672] [M]: 0x000000008003339C (0x00C0006F) jal zero, 0xc
mem[X,0x00000000800333A8] -> 0x3823
mem[X,0x00000000800333AA] -> 0x6C41
[7673] [M]: 0x00000000800333A8 (0x6C413823) sd tp, 0x6d0(sp)
mem[0x0000000080049098] <- 0x0000000000000002
mem[X,0x00000000800333AC] -> 0x0537
mem[X,0x00000000800333AE] -> 0x0000
[7674] [M]: 0x00000000800333AC (0x00000537) lui a0, 0x0
x10 <- 0x0000000000000000
mem[X,0x00000000800333B0] -> 0x0513
mem[X,0x00000000800333B2] -> 0x0005
[7675] [M]: 0x00000000800333B0 (0x00050513) addi a0, a0, 0x0
x10 <- 0x0000000000000000
mem[X,0x00000000800333B4] -> 0x1513
mem[X,0x00000000800333B6] -> 0x00B5
[7676] [M]: 0x00000000800333B4 (0x00B51513) slli a0, a0, 0xb
x10 <- 0x0000000000000000
mem[X,0x00000000800333B8] -> 0x0513
mem[X,0x00000000800333BA] -> 0x5A85
[7677] [M]: 0x00000000800333B8 (0x5A850513) addi a0, a0, 0x5a8
x10 <- 0x00000000000005A8
mem[X,0x00000000800333BC] -> 0x1513
mem[X,0x00000000800333BE] -> 0x00B5
[7678] [M]: 0x00000000800333BC (0x00B51513) slli a0, a0, 0xb
x10 <- 0x00000000002D4000
mem[X,0x00000000800333C0] -> 0x0513
mem[X,0x00000000800333C2] -> 0x13C5
[7679] [M]: 0x00000000800333C0 (0x13C50513) addi a0, a0, 0x13c
x10 <- 0x00000000002D413C
mem[X,0x00000000800333C4] -> 0x1513
mem[X,0x00000000800333C6] -> 0x00A5
[7680] [M]: 0x00000000800333C4 (0x00A51513) slli a0, a0, 0xa
x10 <- 0x00000000B504F000
mem[X,0x00000000800333C8] -> 0x0513
mem[X,0x00000000800333CA] -> 0x3325
[7681] [M]: 0x00000000800333C8 (0x33250513) addi a0, a0, 0x332
x10 <- 0x00000000B504F332
mem[X,0x00000000800333CC] -> 0x0593
mem[X,0x00000000800333CE] -> 0x0000
[7682] [M]: 0x00000000800333CC (0x00000593) addi a1, zero, 0x0
x11 <- 0x0000000000000000
mem[X,0x00000000800333D0] -> 0x0213
mem[X,0x00000000800333D2] -> 0x0000
[7683] [M]: 0x00000000800333D0 (0x00000213) addi tp, zero, 0x0
x4 <- 0x0000000000000000
mem[X,0x00000000800333D4] -> 0x006F
mem[X,0x00000000800333D6] -> 0x00C0
[7684] [M]: 0x00000000800333D4 (0x00C0006F) jal zero, 0xc
mem[X,0x00000000800333E0] -> 0x0063
mem[X,0x00000000800333E2] -> 0x20B5
[7685] [M]: 0x00000000800333E0 (0x20B50063) beq a0, a1, 0x200
mem[X,0x00000000800333E4] -> 0x0213
mem[X,0x00000000800333E6] -> 0x0022
[7686] [M]: 0x00000000800333E4 (0x00220213) addi tp, tp, 0x2
x4 <- 0x0000000000000002
mem[X,0x00000000800333E8] -> 0x006F
mem[X,0x00000000800333EA] -> 0x2000
[7687] [M]: 0x00000000800333E8 (0x2000006F) jal zero, 0x200
mem[X,0x00000000800335E8] -> 0x3C23
mem[X,0x00000000800335EA] -> 0x6C41
[7688] [M]: 0x00000000800335E8 (0x6C413C23) sd tp, 0x6d8(sp)
mem[0x00000000800490A0] <- 0x0000000000000002
mem[X,0x00000000800335EC] -> 0x0537
mem[X,0x00000000800335EE] -> 0x0000
[7689] [M]: 0x00000000800335EC (0x00000537) lui a0, 0x0
x10 <- 0x0000000000000000
mem[X,0x00000000800335F0] -> 0x0513
mem[X,0x00000000800335F2] -> 0x0005
[7690] [M]: 0x00000000800335F0 (0x00050513) addi a0, a0, 0x0
x10 <- 0x0000000000000000
mem[X,0x00000000800335F4] -> 0x1513
mem[X,0x00000000800335F6] -> 0x00B5
[7691] [M]: 0x00000000800335F4 (0x00B51513) slli a0, a0, 0xb
x10 <- 0x0000000000000000
mem[X,0x00000000800335F8] -> 0x0513
mem[X,0x00000000800335FA] -> 0x5A85
[7692] [M]: 0x00000000800335F8 (0x5A850513) addi a0, a0, 0x5a8
x10 <- 0x00000000000005A8
mem[X,0x00000000800335FC] -> 0x1513
mem[X,0x00000000800335FE] -> 0x00B5
[7693] [M]: 0x00000000800335FC (0x00B51513) slli a0, a0, 0xb
x10 <- 0x00000000002D4000
mem[X,0x0000000080033600] -> 0x0513
mem[X,0x0000000080033602] -> 0x13C5
[7694] [M]: 0x0000000080033600 (0x13C50513) addi a0, a0, 0x13c
x10 <- 0x00000000002D413C
mem[X,0x0000000080033604] -> 0x1513
mem[X,0x0000000080033606] -> 0x00A5
[7695] [M]: 0x0000000080033604 (0x00A51513) slli a0, a0, 0xa
x10 <- 0x00000000B504F000
mem[X,0x0000000080033608] -> 0x0513
mem[X,0x000000008003360A] -> 0x3325
[7696] [M]: 0x0000000080033608 (0x33250513) addi a0, a0, 0x332
x10 <- 0x00000000B504F332
mem[X,0x000000008003360C] -> 0x0593
mem[X,0x000000008003360E] -> 0x0040
[7697] [M]: 0x000000008003360C (0x00400593) addi a1, zero, 0x4
x11 <- 0x0000000000000004
mem[X,0x0000000080033610] -> 0x0213
mem[X,0x0000000080033612] -> 0x0000
[7698] [M]: 0x0000000080033610 (0x00000213) addi tp, zero, 0x0
x4 <- 0x0000000000000000
mem[X,0x0000000080033614] -> 0x006F
mem[X,0x0000000080033616] -> 0x00C0
[7699] [M]: 0x0000000080033614 (0x00C0006F) jal zero, 0xc
clint::tick mtime <- 0x000000000000004D
 clint timer pending at mtime 0x000000000000004D
htif::tick 0x0000000000000000
mem[X,0x0000000080033620] -> 0x0663
mem[X,0x0000000080033622] -> 0x00B5
[7700] [M]: 0x0000000080033620 (0x00B50663) beq a0, a1, 0xc
mem[X,0x0000000080033624] -> 0x0213
mem[X,0x0000000080033626] -> 0x0022
[7701] [M]: 0x0000000080033624 (0x00220213) addi tp, tp, 0x2
x4 <- 0x0000000000000002
mem[X,0x0000000080033628] -> 0x006F
mem[X,0x000000008003362A] -> 0x00C0
[7702] [M]: 0x0000000080033628 (0x00C0006F) jal zero, 0xc
mem[X,0x0000000080033634] -> 0x3023
mem[X,0x0000000080033636] -> 0x6E41
[7703] [M]: 0x0000000080033634 (0x6E413023) sd tp, 0x6e0(sp)
mem[0x00000000800490A8] <- 0x0000000000000002
mem[X,0x0000000080033638] -> 0x0537
mem[X,0x000000008003363A] -> 0x0000
[7704] [M]: 0x0000000080033638 (0x00000537) lui a0, 0x0
x10 <- 0x0000000000000000
mem[X,0x000000008003363C] -> 0x0513
mem[X,0x000000008003363E] -> 0x0005
[7705] [M]: 0x000000008003363C (0x00050513) addi a0, a0, 0x0
x10 <- 0x0000000000000000
mem[X,0x0000000080033640] -> 0x1513
mem[X,0x0000000080033642] -> 0x00B5
[7706] [M]: 0x0000000080033640 (0x00B51513) slli a0, a0, 0xb
x10 <- 0x0000000000000000
mem[X,0x0000000080033644] -> 0x0513
mem[X,0x0000000080033646] -> 0x5A85
[7707] [M]: 0x0000000080033644 (0x5A850513) addi a0, a0, 0x5a8
x10 <- 0x00000000000005A8
mem[X,0x0000000080033648] -> 0x1513
mem[X,0x000000008003364A] -> 0x00B5
[7708] [M]: 0x0000000080033648 (0x00B51513) slli a0, a0, 0xb
x10 <- 0x00000000002D4000
mem[X,0x000000008003364C] -> 0x0513
mem[X,0x000000008003364E] -> 0x13C5
[7709] [M]: 0x000000008003364C (0x13C50513) addi a0, a0, 0x13c
x10 <- 0x00000000002D413C
mem[X,0x0000000080033650] -> 0x1513
mem[X,0x0000000080033652] -> 0x00A5
[7710] [M]: 0x0000000080033650 (0x00A51513) slli a0, a0, 0xa
x10 <- 0x00000000B504F000
mem[X,0x0000000080033654] -> 0x0513
mem[X,0x0000000080033656] -> 0x3325
[7711] [M]: 0x0000000080033654 (0x33250513) addi a0, a0, 0x332
x10 <- 0x00000000B504F332
mem[X,0x0000000080033658] -> 0x35B7
mem[X,0x000000008003365A] -> 0x3333
[7712] [M]: 0x0000000080033658 (0x333335B7) lui a1, 0x33333
x11 <- 0x0000000033333000
mem[X,0x000000008003365C] -> 0x8593
mem[X,0x000000008003365E] -> 0x3335
[7713] [M]: 0x000000008003365C (0x33358593) addi a1, a1, 0x333
x11 <- 0x0000000033333333
mem[X,0x0000000080033660] -> 0x9593
mem[X,0x0000000080033662] -> 0x00B5
[7714] [M]: 0x0000000080033660 (0x00B59593) slli a1, a1, 0xb
x11 <- 0x0000019999999800
mem[X,0x0000000080033664] -> 0x8593
mem[X,0x0000000080033666] -> 0x1995
[7715] [M]: 0x0000000080033664 (0x19958593) addi a1, a1, 0x199
x11 <- 0x0000019999999999
mem[X,0x0000000080033668] -> 0x9593
mem[X,0x000000008003366A] -> 0x00B5
[7716] [M]: 0x0000000080033668 (0x00B59593) slli a1, a1, 0xb
x11 <- 0x000CCCCCCCCCC800
mem[X,0x000000008003366C] -> 0x8593
mem[X,0x000000008003366E] -> 0x4CC5
[7717] [M]: 0x000000008003366C (0x4CC58593) addi a1, a1, 0x4cc
x11 <- 0x000CCCCCCCCCCCCC
mem[X,0x0000000080033670] -> 0x9593
mem[X,0x0000000080033672] -> 0x00A5
[7718] [M]: 0x0000000080033670 (0x00A59593) slli a1, a1, 0xa
x11 <- 0x3333333333333000
mem[X,0x0000000080033674] -> 0x8593
mem[X,0x0000000080033676] -> 0x3325
[7719] [M]: 0x0000000080033674 (0x33258593) addi a1, a1, 0x332
x11 <- 0x3333333333333332
mem[X,0x0000000080033678] -> 0x0213
mem[X,0x000000008003367A] -> 0x0000
[7720] [M]: 0x0000000080033678 (0x00000213) addi tp, zero, 0x0
x4 <- 0x0000000000000000
mem[X,0x000000008003367C] -> 0x006F
mem[X,0x000000008003367E] -> 0x0100
[7721] [M]: 0x000000008003367C (0x0100006F) jal zero, 0x10
mem[X,0x000000008003368C] -> 0x0AE3
mem[X,0x000000008003368E] -> 0xFEB5
[7722] [M]: 0x000000008003368C (0xFEB50AE3) beq a0, a1, -0xc
mem[X,0x0000000080033690] -> 0x0213
mem[X,0x0000000080033692] -> 0x0022
[7723] [M]: 0x0000000080033690 (0x00220213) addi tp, tp, 0x2
x4 <- 0x0000000000000002
mem[X,0x0000000080033694] -> 0x006F
mem[X,0x0000000080033696] -> 0x00C0
[7724] [M]: 0x0000000080033694 (0x00C0006F) jal zero, 0xc
mem[X,0x00000000800336A0] -> 0x3423
mem[X,0x00000000800336A2] -> 0x6E41
[7725] [M]: 0x00000000800336A0 (0x6E413423) sd tp, 0x6e8(sp)
mem[0x00000000800490B0] <- 0x0000000000000002
mem[X,0x00000000800336A4] -> 0x0537
mem[X,0x00000000800336A6] -> 0x0000
[7726] [M]: 0x00000000800336A4 (0x00000537) lui a0, 0x0
x10 <- 0x0000000000000000
mem[X,0x00000000800336A8] -> 0x0513
mem[X,0x00000000800336AA] -> 0x0005
[7727] [M]: 0x00000000800336A8 (0x00050513) addi a0, a0, 0x0
x10 <- 0x0000000000000000
mem[X,0x00000000800336AC] -> 0x1513
mem[X,0x00000000800336AE] -> 0x00B5
[7728] [M]: 0x00000000800336AC (0x00B51513) slli a0, a0, 0xb
x10 <- 0x0000000000000000
mem[X,0x00000000800336B0] -> 0x0513
mem[X,0x00000000800336B2] -> 0x5A85
[7729] [M]: 0x00000000800336B0 (0x5A850513) addi a0, a0, 0x5a8
x10 <- 0x00000000000005A8
mem[X,0x00000000800336B4] -> 0x1513
mem[X,0x00000000800336B6] -> 0x00B5
[7730] [M]: 0x00000000800336B4 (0x00B51513) slli a0, a0, 0xb
x10 <- 0x00000000002D4000
mem[X,0x00000000800336B8] -> 0x0513
mem[X,0x00000000800336BA] -> 0x13C5
[7731] [M]: 0x00000000800336B8 (0x13C50513) addi a0, a0, 0x13c
x10 <- 0x00000000002D413C
mem[X,0x00000000800336BC] -> 0x1513
mem[X,0x00000000800336BE] -> 0x00A5
[7732] [M]: 0x00000000800336BC (0x00A51513) slli a0, a0, 0xa
x10 <- 0x00000000B504F000
mem[X,0x00000000800336C0] -> 0x0513
mem[X,0x00000000800336C2] -> 0x3325
[7733] [M]: 0x00000000800336C0 (0x33250513) addi a0, a0, 0x332
x10 <- 0x00000000B504F332
mem[X,0x00000000800336C4] -> 0x65B7
mem[X,0x00000000800336C6] -> 0x6666
[7734] [M]: 0x00000000800336C4 (0x666665B7) lui a1, 0x66666
x11 <- 0x0000000066666000
mem[X,0x00000000800336C8] -> 0x8593
mem[X,0x00000000800336CA] -> 0x6665
[7735] [M]: 0x00000000800336C8 (0x66658593) addi a1, a1, 0x666
x11 <- 0x0000000066666666
mem[X,0x00000000800336CC] -> 0x9593
mem[X,0x00000000800336CE] -> 0x00B5
[7736] [M]: 0x00000000800336CC (0x00B59593) slli a1, a1, 0xb
x11 <- 0x0000033333333000
mem[X,0x00000000800336D0] -> 0x8593
mem[X,0x00000000800336D2] -> 0x3335
[7737] [M]: 0x00000000800336D0 (0x33358593) addi a1, a1, 0x333
x11 <- 0x0000033333333333
mem[X,0x00000000800336D4] -> 0x9593
mem[X,0x00000000800336D6] -> 0x00B5
[7738] [M]: 0x00000000800336D4 (0x00B59593) slli a1, a1, 0xb
x11 <- 0x0019999999999800
mem[X,0x00000000800336D8] -> 0x8593
mem[X,0x00000000800336DA] -> 0x1995
[7739] [M]: 0x00000000800336D8 (0x19958593) addi a1, a1, 0x199
x11 <- 0x0019999999999999
mem[X,0x00000000800336DC] -> 0x9593
mem[X,0x00000000800336DE] -> 0x00A5
[7740] [M]: 0x00000000800336DC (0x00A59593) slli a1, a1, 0xa
x11 <- 0x6666666666666400
mem[X,0x00000000800336E0] -> 0x8593
mem[X,0x00000000800336E2] -> 0x2655
[7741] [M]: 0x00000000800336E0 (0x26558593) addi a1, a1, 0x265
x11 <- 0x6666666666666665
mem[X,0x00000000800336E4] -> 0x0213
mem[X,0x00000000800336E6] -> 0x0000
[7742] [M]: 0x00000000800336E4 (0x00000213) addi tp, zero, 0x0
x4 <- 0x0000000000000000
mem[X,0x00000000800336E8] -> 0x006F
mem[X,0x00000000800336EA] -> 0x00C0
[7743] [M]: 0x00000000800336E8 (0x00C0006F) jal zero, 0xc
mem[X,0x00000000800336F4] -> 0x0663
mem[X,0x00000000800336F6] -> 0x00B5
[7744] [M]: 0x00000000800336F4 (0x00B50663) beq a0, a1, 0xc
mem[X,0x00000000800336F8] -> 0x0213
mem[X,0x00000000800336FA] -> 0x0022
[7745] [M]: 0x00000000800336F8 (0x00220213) addi tp, tp, 0x2
x4 <- 0x0000000000000002
mem[X,0x00000000800336FC] -> 0x006F
mem[X,0x00000000800336FE] -> 0x00C0
[7746] [M]: 0x00000000800336FC (0x00C0006F) jal zero, 0xc
mem[X,0x0000000080033708] -> 0x3823
mem[X,0x000000008003370A] -> 0x6E41
[7747] [M]: 0x0000000080033708 (0x6E413823) sd tp, 0x6f0(sp)
mem[0x00000000800490B8] <- 0x0000000000000002
mem[X,0x000000008003370C] -> 0x0537
mem[X,0x000000008003370E] -> 0x0000
[7748] [M]: 0x000000008003370C (0x00000537) lui a0, 0x0
x10 <- 0x0000000000000000
mem[X,0x0000000080033710] -> 0x0513
mem[X,0x0000000080033712] -> 0x0005
[7749] [M]: 0x0000000080033710 (0x00050513) addi a0, a0, 0x0
x10 <- 0x0000000000000000
mem[X,0x0000000080033714] -> 0x1513
mem[X,0x0000000080033716] -> 0x00B5
[7750] [M]: 0x0000000080033714 (0x00B51513) slli a0, a0, 0xb
x10 <- 0x0000000000000000
mem[X,0x0000000080033718] -> 0x0513
mem[X,0x000000008003371A] -> 0x5A85
[7751] [M]: 0x0000000080033718 (0x5A850513) addi a0, a0, 0x5a8
x10 <- 0x00000000000005A8
mem[X,0x000000008003371C] -> 0x1513
mem[X,0x000000008003371E] -> 0x00B5
[7752] [M]: 0x000000008003371C (0x00B51513) slli a0, a0, 0xb
x10 <- 0x00000000002D4000
mem[X,0x0000000080033720] -> 0x0513
mem[X,0x0000000080033722] -> 0x13C5
[7753] [M]: 0x0000000080033720 (0x13C50513) addi a0, a0, 0x13c
x10 <- 0x00000000002D413C
mem[X,0x0000000080033724] -> 0x1513
mem[X,0x0000000080033726] -> 0x00A5
[7754] [M]: 0x0000000080033724 (0x00A51513) slli a0, a0, 0xa
x10 <- 0x00000000B504F000
mem[X,0x0000000080033728] -> 0x0513
mem[X,0x000000008003372A] -> 0x3325
[7755] [M]: 0x0000000080033728 (0x33250513) addi a0, a0, 0x332
x10 <- 0x00000000B504F332
mem[X,0x000000008003372C] -> 0x05B7
mem[X,0x000000008003372E] -> 0x0000
[7756] [M]: 0x000000008003372C (0x000005B7) lui a1, 0x0
x11 <- 0x0000000000000000
mem[X,0x0000000080033730] -> 0x8593
mem[X,0x0000000080033732] -> 0x0005
[7757] [M]: 0x0000000080033730 (0x00058593) addi a1, a1, 0x0
x11 <- 0x0000000000000000
mem[X,0x0000000080033734] -> 0x9593
mem[X,0x0000000080033736] -> 0x00B5
[7758] [M]: 0x0000000080033734 (0x00B59593) slli a1, a1, 0xb
x11 <- 0x0000000000000000
mem[X,0x0000000080033738] -> 0x8593
mem[X,0x000000008003373A] -> 0x5A85
[7759] [M]: 0x0000000080033738 (0x5A858593) addi a1, a1, 0x5a8
x11 <- 0x00000000000005A8
mem[X,0x000000008003373C] -> 0x9593
mem[X,0x000000008003373E] -> 0x00B5
[7760] [M]: 0x000000008003373C (0x00B59593) slli a1, a1, 0xb
x11 <- 0x00000000002D4000
mem[X,0x0000000080033740] -> 0x8593
mem[X,0x0000000080033742] -> 0x13C5
[7761] [M]: 0x0000000080033740 (0x13C58593) addi a1, a1, 0x13c
x11 <- 0x00000000002D413C
mem[X,0x0000000080033744] -> 0x9593
mem[X,0x0000000080033746] -> 0x00A5
[7762] [M]: 0x0000000080033744 (0x00A59593) slli a1, a1, 0xa
x11 <- 0x00000000B504F000
mem[X,0x0000000080033748] -> 0x8593
mem[X,0x000000008003374A] -> 0x3325
[7763] [M]: 0x0000000080033748 (0x33258593) addi a1, a1, 0x332
x11 <- 0x00000000B504F332
mem[X,0x000000008003374C] -> 0x0213
mem[X,0x000000008003374E] -> 0x0000
[7764] [M]: 0x000000008003374C (0x00000213) addi tp, zero, 0x0
x4 <- 0x0000000000000000
mem[X,0x0000000080033750] -> 0x006F
mem[X,0x0000000080033752] -> 0x00C0
[7765] [M]: 0x0000000080033750 (0x00C0006F) jal zero, 0xc
mem[X,0x000000008003375C] -> 0x0663
mem[X,0x000000008003375E] -> 0x00B5
[7766] [M]: 0x000000008003375C (0x00B50663) beq a0, a1, 0xc
mem[X,0x0000000080033768] -> 0x0213
mem[X,0x000000008003376A] -> 0x0032
[7767] [M]: 0x0000000080033768 (0x00320213) addi tp, tp, 0x3
x4 <- 0x0000000000000003
mem[X,0x000000008003376C] -> 0x006F
mem[X,0x000000008003376E] -> 0x0040
[7768] [M]: 0x000000008003376C (0x0040006F) jal zero, 0x4
mem[X,0x0000000080033770] -> 0x3C23
mem[X,0x0000000080033772] -> 0x6E41
[7769] [M]: 0x0000000080033770 (0x6E413C23) sd tp, 0x6f8(sp)
mem[0x00000000800490C0] <- 0x0000000000000003
mem[X,0x0000000080033774] -> 0x0537
mem[X,0x0000000080033776] -> 0x0000
[7770] [M]: 0x0000000080033774 (0x00000537) lui a0, 0x0
x10 <- 0x0000000000000000
mem[X,0x0000000080033778] -> 0x0513
mem[X,0x000000008003377A] -> 0x0005
[7771] [M]: 0x0000000080033778 (0x00050513) addi a0, a0, 0x0
x10 <- 0x0000000000000000
mem[X,0x000000008003377C] -> 0x1513
mem[X,0x000000008003377E] -> 0x00B5
[7772] [M]: 0x000000008003377C (0x00B51513) slli a0, a0, 0xb
x10 <- 0x0000000000000000
mem[X,0x0000000080033780] -> 0x0513
mem[X,0x0000000080033782] -> 0x5A85
[7773] [M]: 0x0000000080033780 (0x5A850513) addi a0, a0, 0x5a8
x10 <- 0x00000000000005A8
mem[X,0x0000000080033784] -> 0x1513
mem[X,0x0000000080033786] -> 0x00B5
[7774] [M]: 0x0000000080033784 (0x00B51513) slli a0, a0, 0xb
x10 <- 0x00000000002D4000
mem[X,0x0000000080033788] -> 0x0513
mem[X,0x000000008003378A] -> 0x13C5
[7775] [M]: 0x0000000080033788 (0x13C50513) addi a0, a0, 0x13c
x10 <- 0x00000000002D413C
mem[X,0x000000008003378C] -> 0x1513
mem[X,0x000000008003378E] -> 0x00A5
[7776] [M]: 0x000000008003378C (0x00A51513) slli a0, a0, 0xa
x10 <- 0x00000000B504F000
mem[X,0x0000000080033790] -> 0x0513
mem[X,0x0000000080033792] -> 0x3325
[7777] [M]: 0x0000000080033790 (0x33250513) addi a0, a0, 0x332
x10 <- 0x00000000B504F332
mem[X,0x0000000080033794] -> 0x55B7
mem[X,0x0000000080033796] -> 0x5555
[7778] [M]: 0x0000000080033794 (0x555555B7) lui a1, 0x55555
x11 <- 0x0000000055555000
mem[X,0x0000000080033798] -> 0x8593
mem[X,0x000000008003379A] -> 0x5555
[7779] [M]: 0x0000000080033798 (0x55558593) addi a1, a1, 0x555
x11 <- 0x0000000055555555
mem[X,0x000000008003379C] -> 0x9593
mem[X,0x000000008003379E] -> 0x00B5
[7780] [M]: 0x000000008003379C (0x00B59593) slli a1, a1, 0xb
x11 <- 0x000002AAAAAAA800
mem[X,0x00000000800337A0] -> 0x8593
mem[X,0x00000000800337A2] -> 0x2AA5
[7781] [M]: 0x00000000800337A0 (0x2AA58593) addi a1, a1, 0x2aa
x11 <- 0x000002AAAAAAAAAA
mem[X,0x00000000800337A4] -> 0x9593
mem[X,0x00000000800337A6] -> 0x00B5
[7782] [M]: 0x00000000800337A4 (0x00B59593) slli a1, a1, 0xb
x11 <- 0x0015555555555000
mem[X,0x00000000800337A8] -> 0x8593
mem[X,0x00000000800337AA] -> 0x5555
[7783] [M]: 0x00000000800337A8 (0x55558593) addi a1, a1, 0x555
x11 <- 0x0015555555555555
mem[X,0x00000000800337AC] -> 0x9593
mem[X,0x00000000800337AE] -> 0x00A5
[7784] [M]: 0x00000000800337AC (0x00A59593) slli a1, a1, 0xa
x11 <- 0x5555555555555400
mem[X,0x00000000800337B0] -> 0x8593
mem[X,0x00000000800337B2] -> 0x1565
[7785] [M]: 0x00000000800337B0 (0x15658593) addi a1, a1, 0x156
x11 <- 0x5555555555555556
mem[X,0x00000000800337B4] -> 0x0213
mem[X,0x00000000800337B6] -> 0x0000
[7786] [M]: 0x00000000800337B4 (0x00000213) addi tp, zero, 0x0
x4 <- 0x0000000000000000
mem[X,0x00000000800337B8] -> 0x006F
mem[X,0x00000000800337BA] -> 0x0180
[7787] [M]: 0x00000000800337B8 (0x0180006F) jal zero, 0x18
mem[X,0x00000000800337D0] -> 0x06E3
mem[X,0x00000000800337D2] -> 0xFEB5
[7788] [M]: 0x00000000800337D0 (0xFEB506E3) beq a0, a1, -0x14
mem[X,0x00000000800337D4] -> 0x0213
mem[X,0x00000000800337D6] -> 0x0022
[7789] [M]: 0x00000000800337D4 (0x00220213) addi tp, tp, 0x2
x4 <- 0x0000000000000002
mem[X,0x00000000800337D8] -> 0x006F
mem[X,0x00000000800337DA] -> 0x00C0
[7790] [M]: 0x00000000800337D8 (0x00C0006F) jal zero, 0xc
mem[X,0x00000000800337E4] -> 0x3023
mem[X,0x00000000800337E6] -> 0x7041
[7791] [M]: 0x00000000800337E4 (0x70413023) sd tp, 0x700(sp)
mem[0x00000000800490C8] <- 0x0000000000000002
mem[X,0x00000000800337E8] -> 0x0537
mem[X,0x00000000800337EA] -> 0x0000
[7792] [M]: 0x00000000800337E8 (0x00000537) lui a0, 0x0
x10 <- 0x0000000000000000
mem[X,0x00000000800337EC] -> 0x0513
mem[X,0x00000000800337EE] -> 0x0005
[7793] [M]: 0x00000000800337EC (0x00050513) addi a0, a0, 0x0
x10 <- 0x0000000000000000
mem[X,0x00000000800337F0] -> 0x1513
mem[X,0x00000000800337F2] -> 0x00B5
[7794] [M]: 0x00000000800337F0 (0x00B51513) slli a0, a0, 0xb
x10 <- 0x0000000000000000
mem[X,0x00000000800337F4] -> 0x0513
mem[X,0x00000000800337F6] -> 0x5A85
[7795] [M]: 0x00000000800337F4 (0x5A850513) addi a0, a0, 0x5a8
x10 <- 0x00000000000005A8
mem[X,0x00000000800337F8] -> 0x1513
mem[X,0x00000000800337FA] -> 0x00B5
[7796] [M]: 0x00000000800337F8 (0x00B51513) slli a0, a0, 0xb
x10 <- 0x00000000002D4000
mem[X,0x00000000800337FC] -> 0x0513
mem[X,0x00000000800337FE] -> 0x13C5
[7797] [M]: 0x00000000800337FC (0x13C50513) addi a0, a0, 0x13c
x10 <- 0x00000000002D413C
mem[X,0x0000000080033800] -> 0x1513
mem[X,0x0000000080033802] -> 0x00A5
[7798] [M]: 0x0000000080033800 (0x00A51513) slli a0, a0, 0xa
x10 <- 0x00000000B504F000
mem[X,0x0000000080033804] -> 0x0513
mem[X,0x0000000080033806] -> 0x3325
[7799] [M]: 0x0000000080033804 (0x33250513) addi a0, a0, 0x332
x10 <- 0x00000000B504F332
clint::tick mtime <- 0x000000000000004E
 clint timer pending at mtime 0x000000000000004E
htif::tick 0x0000000000000000
mem[X,0x0000000080033808] -> 0xB5B7
mem[X,0x000000008003380A] -> 0xAAAA
[7800] [M]: 0x0000000080033808 (0xAAAAB5B7) lui a1, -0x55555
x11 <- 0xFFFFFFFFAAAAB000
mem[X,0x000000008003380C] -> 0x8593
mem[X,0x000000008003380E] -> 0xAAA5
[7801] [M]: 0x000000008003380C (0xAAA58593) addi a1, a1, -0x556
x11 <- 0xFFFFFFFFAAAAAAAA
mem[X,0x0000000080033810] -> 0x9593
mem[X,0x0000000080033812] -> 0x00B5
[7802] [M]: 0x0000000080033810 (0x00B59593) slli a1, a1, 0xb
x11 <- 0xFFFFFD5555555000
mem[X,0x0000000080033814] -> 0x8593
mem[X,0x0000000080033816] -> 0x5555
[7803] [M]: 0x0000000080033814 (0x55558593) addi a1, a1, 0x555
x11 <- 0xFFFFFD5555555555
mem[X,0x0000000080033818] -> 0x9593
mem[X,0x000000008003381A] -> 0x00B5
[7804] [M]: 0x0000000080033818 (0x00B59593) slli a1, a1, 0xb
x11 <- 0xFFEAAAAAAAAAA800
mem[X,0x000000008003381C] -> 0x8593
mem[X,0x000000008003381E] -> 0x2AA5
[7805] [M]: 0x000000008003381C (0x2AA58593) addi a1, a1, 0x2aa
x11 <- 0xFFEAAAAAAAAAAAAA
mem[X,0x0000000080033820] -> 0x9593
mem[X,0x0000000080033822] -> 0x00A5
[7806] [M]: 0x0000000080033820 (0x00A59593) slli a1, a1, 0xa
x11 <- 0xAAAAAAAAAAAAA800
mem[X,0x0000000080033824] -> 0x8593
mem[X,0x0000000080033826] -> 0x2AB5
[7807] [M]: 0x0000000080033824 (0x2AB58593) addi a1, a1, 0x2ab
x11 <- 0xAAAAAAAAAAAAAAAB
mem[X,0x0000000080033828] -> 0x0213
mem[X,0x000000008003382A] -> 0x0000
[7808] [M]: 0x0000000080033828 (0x00000213) addi tp, zero, 0x0
x4 <- 0x0000000000000000
mem[X,0x000000008003382C] -> 0x006F
mem[X,0x000000008003382E] -> 0x00C0
[7809] [M]: 0x000000008003382C (0x00C0006F) jal zero, 0xc
mem[X,0x0000000080033838] -> 0x0863
mem[X,0x000000008003383A] -> 0x00B5
[7810] [M]: 0x0000000080033838 (0x00B50863) beq a0, a1, 0x10
mem[X,0x000000008003383C] -> 0x0213
mem[X,0x000000008003383E] -> 0x0022
[7811] [M]: 0x000000008003383C (0x00220213) addi tp, tp, 0x2
x4 <- 0x0000000000000002
mem[X,0x0000000080033840] -> 0x006F
mem[X,0x0000000080033842] -> 0x0100
[7812] [M]: 0x0000000080033840 (0x0100006F) jal zero, 0x10
mem[X,0x0000000080033850] -> 0x3423
mem[X,0x0000000080033852] -> 0x7041
[7813] [M]: 0x0000000080033850 (0x70413423) sd tp, 0x708(sp)
mem[0x00000000800490D0] <- 0x0000000000000002
mem[X,0x0000000080033854] -> 0x0537
mem[X,0x0000000080033856] -> 0x0000
[7814] [M]: 0x0000000080033854 (0x00000537) lui a0, 0x0
x10 <- 0x0000000000000000
mem[X,0x0000000080033858] -> 0x0513
mem[X,0x000000008003385A] -> 0x0005
[7815] [M]: 0x0000000080033858 (0x00050513) addi a0, a0, 0x0
x10 <- 0x0000000000000000
mem[X,0x000000008003385C] -> 0x1513
mem[X,0x000000008003385E] -> 0x00B5
[7816] [M]: 0x000000008003385C (0x00B51513) slli a0, a0, 0xb
x10 <- 0x0000000000000000
mem[X,0x0000000080033860] -> 0x0513
mem[X,0x0000000080033862] -> 0x5A85
[7817] [M]: 0x0000000080033860 (0x5A850513) addi a0, a0, 0x5a8
x10 <- 0x00000000000005A8
mem[X,0x0000000080033864] -> 0x1513
mem[X,0x0000000080033866] -> 0x00B5
[7818] [M]: 0x0000000080033864 (0x00B51513) slli a0, a0, 0xb
x10 <- 0x00000000002D4000
mem[X,0x0000000080033868] -> 0x0513
mem[X,0x000000008003386A] -> 0x13C5
[7819] [M]: 0x0000000080033868 (0x13C50513) addi a0, a0, 0x13c
x10 <- 0x00000000002D413C
mem[X,0x000000008003386C] -> 0x1513
mem[X,0x000000008003386E] -> 0x00A5
[7820] [M]: 0x000000008003386C (0x00A51513) slli a0, a0, 0xa
x10 <- 0x00000000B504F000
mem[X,0x0000000080033870] -> 0x0513
mem[X,0x0000000080033872] -> 0x3325
[7821] [M]: 0x0000000080033870 (0x33250513) addi a0, a0, 0x332
x10 <- 0x00000000B504F332
mem[X,0x0000000080033874] -> 0x0593
mem[X,0x0000000080033876] -> 0x0060
[7822] [M]: 0x0000000080033874 (0x00600593) addi a1, zero, 0x6
x11 <- 0x0000000000000006
mem[X,0x0000000080033878] -> 0x0213
mem[X,0x000000008003387A] -> 0x0000
[7823] [M]: 0x0000000080033878 (0x00000213) addi tp, zero, 0x0
x4 <- 0x0000000000000000
mem[X,0x000000008003387C] -> 0x006F
mem[X,0x000000008003387E] -> 0x00C0
[7824] [M]: 0x000000008003387C (0x00C0006F) jal zero, 0xc
mem[X,0x0000000080033888] -> 0x0663
mem[X,0x000000008003388A] -> 0x00B5
[7825] [M]: 0x0000000080033888 (0x00B50663) beq a0, a1, 0xc
mem[X,0x000000008003388C] -> 0x0213
mem[X,0x000000008003388E] -> 0x0022
[7826] [M]: 0x000000008003388C (0x00220213) addi tp, tp, 0x2
x4 <- 0x0000000000000002
mem[X,0x0000000080033890] -> 0x006F
mem[X,0x0000000080033892] -> 0x00C0
[7827] [M]: 0x0000000080033890 (0x00C0006F) jal zero, 0xc
mem[X,0x000000008003389C] -> 0x3823
mem[X,0x000000008003389E] -> 0x7041
[7828] [M]: 0x000000008003389C (0x70413823) sd tp, 0x710(sp)
mem[0x00000000800490D8] <- 0x0000000000000002
mem[X,0x00000000800338A0] -> 0x0537
mem[X,0x00000000800338A2] -> 0x0000
[7829] [M]: 0x00000000800338A0 (0x00000537) lui a0, 0x0
x10 <- 0x0000000000000000
mem[X,0x00000000800338A4] -> 0x0513
mem[X,0x00000000800338A6] -> 0x0005
[7830] [M]: 0x00000000800338A4 (0x00050513) addi a0, a0, 0x0
x10 <- 0x0000000000000000
mem[X,0x00000000800338A8] -> 0x1513
mem[X,0x00000000800338AA] -> 0x00B5
[7831] [M]: 0x00000000800338A8 (0x00B51513) slli a0, a0, 0xb
x10 <- 0x0000000000000000
mem[X,0x00000000800338AC] -> 0x0513
mem[X,0x00000000800338AE] -> 0x5A85
[7832] [M]: 0x00000000800338AC (0x5A850513) addi a0, a0, 0x5a8
x10 <- 0x00000000000005A8
mem[X,0x00000000800338B0] -> 0x1513
mem[X,0x00000000800338B2] -> 0x00B5
[7833] [M]: 0x00000000800338B0 (0x00B51513) slli a0, a0, 0xb
x10 <- 0x00000000002D4000
mem[X,0x00000000800338B4] -> 0x0513
mem[X,0x00000000800338B6] -> 0x13C5
[7834] [M]: 0x00000000800338B4 (0x13C50513) addi a0, a0, 0x13c
x10 <- 0x00000000002D413C
mem[X,0x00000000800338B8] -> 0x1513
mem[X,0x00000000800338BA] -> 0x00A5
[7835] [M]: 0x00000000800338B8 (0x00A51513) slli a0, a0, 0xa
x10 <- 0x00000000B504F000
mem[X,0x00000000800338BC] -> 0x0513
mem[X,0x00000000800338BE] -> 0x3325
[7836] [M]: 0x00000000800338BC (0x33250513) addi a0, a0, 0x332
x10 <- 0x00000000B504F332
mem[X,0x00000000800338C0] -> 0x35B7
mem[X,0x00000000800338C2] -> 0x3333
[7837] [M]: 0x00000000800338C0 (0x333335B7) lui a1, 0x33333
x11 <- 0x0000000033333000
mem[X,0x00000000800338C4] -> 0x8593
mem[X,0x00000000800338C6] -> 0x3335
[7838] [M]: 0x00000000800338C4 (0x33358593) addi a1, a1, 0x333
x11 <- 0x0000000033333333
mem[X,0x00000000800338C8] -> 0x9593
mem[X,0x00000000800338CA] -> 0x00B5
[7839] [M]: 0x00000000800338C8 (0x00B59593) slli a1, a1, 0xb
x11 <- 0x0000019999999800
mem[X,0x00000000800338CC] -> 0x8593
mem[X,0x00000000800338CE] -> 0x1995
[7840] [M]: 0x00000000800338CC (0x19958593) addi a1, a1, 0x199
x11 <- 0x0000019999999999
mem[X,0x00000000800338D0] -> 0x9593
mem[X,0x00000000800338D2] -> 0x00B5
[7841] [M]: 0x00000000800338D0 (0x00B59593) slli a1, a1, 0xb
x11 <- 0x000CCCCCCCCCC800
mem[X,0x00000000800338D4] -> 0x8593
mem[X,0x00000000800338D6] -> 0x4CC5
[7842] [M]: 0x00000000800338D4 (0x4CC58593) addi a1, a1, 0x4cc
x11 <- 0x000CCCCCCCCCCCCC
mem[X,0x00000000800338D8] -> 0x9593
mem[X,0x00000000800338DA] -> 0x00A5
[7843] [M]: 0x00000000800338D8 (0x00A59593) slli a1, a1, 0xa
x11 <- 0x3333333333333000
mem[X,0x00000000800338DC] -> 0x8593
mem[X,0x00000000800338DE] -> 0x3345
[7844] [M]: 0x00000000800338DC (0x33458593) addi a1, a1, 0x334
x11 <- 0x3333333333333334
mem[X,0x00000000800338E0] -> 0x0213
mem[X,0x00000000800338E2] -> 0x0000
[7845] [M]: 0x00000000800338E0 (0x00000213) addi tp, zero, 0x0
x4 <- 0x0000000000000000
mem[X,0x00000000800338E4] -> 0x006F
mem[X,0x00000000800338E6] -> 0x00C0
[7846] [M]: 0x00000000800338E4 (0x00C0006F) jal zero, 0xc
mem[X,0x00000000800338F0] -> 0x0663
mem[X,0x00000000800338F2] -> 0x00B5
[7847] [M]: 0x00000000800338F0 (0x00B50663) beq a0, a1, 0xc
mem[X,0x00000000800338F4] -> 0x0213
mem[X,0x00000000800338F6] -> 0x0022
[7848] [M]: 0x00000000800338F4 (0x00220213) addi tp, tp, 0x2
x4 <- 0x0000000000000002
mem[X,0x00000000800338F8] -> 0x006F
mem[X,0x00000000800338FA] -> 0x00C0
[7849] [M]: 0x00000000800338F8 (0x00C0006F) jal zero, 0xc
mem[X,0x0000000080033904] -> 0x3C23
mem[X,0x0000000080033906] -> 0x7041
[7850] [M]: 0x0000000080033904 (0x70413C23) sd tp, 0x718(sp)
mem[0x00000000800490E0] <- 0x0000000000000002
mem[X,0x0000000080033908] -> 0x0537
mem[X,0x000000008003390A] -> 0x0000
[7851] [M]: 0x0000000080033908 (0x00000537) lui a0, 0x0
x10 <- 0x0000000000000000
mem[X,0x000000008003390C] -> 0x0513
mem[X,0x000000008003390E] -> 0x0005
[7852] [M]: 0x000000008003390C (0x00050513) addi a0, a0, 0x0
x10 <- 0x0000000000000000
mem[X,0x0000000080033910] -> 0x1513
mem[X,0x0000000080033912] -> 0x00B5
[7853] [M]: 0x0000000080033910 (0x00B51513) slli a0, a0, 0xb
x10 <- 0x0000000000000000
mem[X,0x0000000080033914] -> 0x0513
mem[X,0x0000000080033916] -> 0x5A85
[7854] [M]: 0x0000000080033914 (0x5A850513) addi a0, a0, 0x5a8
x10 <- 0x00000000000005A8
mem[X,0x0000000080033918] -> 0x1513
mem[X,0x000000008003391A] -> 0x00B5
[7855] [M]: 0x0000000080033918 (0x00B51513) slli a0, a0, 0xb
x10 <- 0x00000000002D4000
mem[X,0x000000008003391C] -> 0x0513
mem[X,0x000000008003391E] -> 0x13C5
[7856] [M]: 0x000000008003391C (0x13C50513) addi a0, a0, 0x13c
x10 <- 0x00000000002D413C
mem[X,0x0000000080033920] -> 0x1513
mem[X,0x0000000080033922] -> 0x00A5
[7857] [M]: 0x0000000080033920 (0x00A51513) slli a0, a0, 0xa
x10 <- 0x00000000B504F000
mem[X,0x0000000080033924] -> 0x0513
mem[X,0x0000000080033926] -> 0x3325
[7858] [M]: 0x0000000080033924 (0x33250513) addi a0, a0, 0x332
x10 <- 0x00000000B504F332
mem[X,0x0000000080033928] -> 0x65B7
mem[X,0x000000008003392A] -> 0x6666
[7859] [M]: 0x0000000080033928 (0x666665B7) lui a1, 0x66666
x11 <- 0x0000000066666000
mem[X,0x000000008003392C] -> 0x8593
mem[X,0x000000008003392E] -> 0x6665
[7860] [M]: 0x000000008003392C (0x66658593) addi a1, a1, 0x666
x11 <- 0x0000000066666666
mem[X,0x0000000080033930] -> 0x9593
mem[X,0x0000000080033932] -> 0x00B5
[7861] [M]: 0x0000000080033930 (0x00B59593) slli a1, a1, 0xb
x11 <- 0x0000033333333000
mem[X,0x0000000080033934] -> 0x8593
mem[X,0x0000000080033936] -> 0x3335
[7862] [M]: 0x0000000080033934 (0x33358593) addi a1, a1, 0x333
x11 <- 0x0000033333333333
mem[X,0x0000000080033938] -> 0x9593
mem[X,0x000000008003393A] -> 0x00B5
[7863] [M]: 0x0000000080033938 (0x00B59593) slli a1, a1, 0xb
x11 <- 0x0019999999999800
mem[X,0x000000008003393C] -> 0x8593
mem[X,0x000000008003393E] -> 0x1995
[7864] [M]: 0x000000008003393C (0x19958593) addi a1, a1, 0x199
x11 <- 0x0019999999999999
mem[X,0x0000000080033940] -> 0x9593
mem[X,0x0000000080033942] -> 0x00A5
[7865] [M]: 0x0000000080033940 (0x00A59593) slli a1, a1, 0xa
x11 <- 0x6666666666666400
mem[X,0x0000000080033944] -> 0x8593
mem[X,0x0000000080033946] -> 0x2675
[7866] [M]: 0x0000000080033944 (0x26758593) addi a1, a1, 0x267
x11 <- 0x6666666666666667
mem[X,0x0000000080033948] -> 0x0213
mem[X,0x000000008003394A] -> 0x0000
[7867] [M]: 0x0000000080033948 (0x00000213) addi tp, zero, 0x0
x4 <- 0x0000000000000000
mem[X,0x000000008003394C] -> 0x006F
mem[X,0x000000008003394E] -> 0x00C0
[7868] [M]: 0x000000008003394C (0x00C0006F) jal zero, 0xc
mem[X,0x0000000080033958] -> 0x0063
mem[X,0x000000008003395A] -> 0x40B5
[7869] [M]: 0x0000000080033958 (0x40B50063) beq a0, a1, 0x400
mem[X,0x000000008003395C] -> 0x0213
mem[X,0x000000008003395E] -> 0x0022
[7870] [M]: 0x000000008003395C (0x00220213) addi tp, tp, 0x2
x4 <- 0x0000000000000002
mem[X,0x0000000080033960] -> 0x006F
mem[X,0x0000000080033962] -> 0x4000
[7871] [M]: 0x0000000080033960 (0x4000006F) jal zero, 0x400
mem[X,0x0000000080033D60] -> 0x3023
mem[X,0x0000000080033D62] -> 0x7241
[7872] [M]: 0x0000000080033D60 (0x72413023) sd tp, 0x720(sp)
mem[0x00000000800490E8] <- 0x0000000000000002
mem[X,0x0000000080033D64] -> 0x0537
mem[X,0x0000000080033D66] -> 0x0000
[7873] [M]: 0x0000000080033D64 (0x00000537) lui a0, 0x0
x10 <- 0x0000000000000000
mem[X,0x0000000080033D68] -> 0x0513
mem[X,0x0000000080033D6A] -> 0x0005
[7874] [M]: 0x0000000080033D68 (0x00050513) addi a0, a0, 0x0
x10 <- 0x0000000000000000
mem[X,0x0000000080033D6C] -> 0x1513
mem[X,0x0000000080033D6E] -> 0x00B5
[7875] [M]: 0x0000000080033D6C (0x00B51513) slli a0, a0, 0xb
x10 <- 0x0000000000000000
mem[X,0x0000000080033D70] -> 0x0513
mem[X,0x0000000080033D72] -> 0x5A85
[7876] [M]: 0x0000000080033D70 (0x5A850513) addi a0, a0, 0x5a8
x10 <- 0x00000000000005A8
mem[X,0x0000000080033D74] -> 0x1513
mem[X,0x0000000080033D76] -> 0x00B5
[7877] [M]: 0x0000000080033D74 (0x00B51513) slli a0, a0, 0xb
x10 <- 0x00000000002D4000
mem[X,0x0000000080033D78] -> 0x0513
mem[X,0x0000000080033D7A] -> 0x13C5
[7878] [M]: 0x0000000080033D78 (0x13C50513) addi a0, a0, 0x13c
x10 <- 0x00000000002D413C
mem[X,0x0000000080033D7C] -> 0x1513
mem[X,0x0000000080033D7E] -> 0x00A5
[7879] [M]: 0x0000000080033D7C (0x00A51513) slli a0, a0, 0xa
x10 <- 0x00000000B504F000
mem[X,0x0000000080033D80] -> 0x0513
mem[X,0x0000000080033D82] -> 0x3325
[7880] [M]: 0x0000000080033D80 (0x33250513) addi a0, a0, 0x332
x10 <- 0x00000000B504F332
mem[X,0x0000000080033D84] -> 0x05B7
mem[X,0x0000000080033D86] -> 0x0000
[7881] [M]: 0x0000000080033D84 (0x000005B7) lui a1, 0x0
x11 <- 0x0000000000000000
mem[X,0x0000000080033D88] -> 0x8593
mem[X,0x0000000080033D8A] -> 0xFFF5
[7882] [M]: 0x0000000080033D88 (0xFFF58593) addi a1, a1, -0x1
x11 <- 0xFFFFFFFFFFFFFFFF
mem[X,0x0000000080033D8C] -> 0x9593
mem[X,0x0000000080033D8E] -> 0x00B5
[7883] [M]: 0x0000000080033D8C (0x00B59593) slli a1, a1, 0xb
x11 <- 0xFFFFFFFFFFFFF800
mem[X,0x0000000080033D90] -> 0x8593
mem[X,0x0000000080033D92] -> 0x2575
[7884] [M]: 0x0000000080033D90 (0x25758593) addi a1, a1, 0x257
x11 <- 0xFFFFFFFFFFFFFA57
mem[X,0x0000000080033D94] -> 0x9593
mem[X,0x0000000080033D96] -> 0x00B5
[7885] [M]: 0x0000000080033D94 (0x00B59593) slli a1, a1, 0xb
x11 <- 0xFFFFFFFFFFD2B800
mem[X,0x0000000080033D98] -> 0x8593
mem[X,0x0000000080033D9A] -> 0x6C35
[7886] [M]: 0x0000000080033D98 (0x6C358593) addi a1, a1, 0x6c3
x11 <- 0xFFFFFFFFFFD2BEC3
mem[X,0x0000000080033D9C] -> 0x9593
mem[X,0x0000000080033D9E] -> 0x00A5
[7887] [M]: 0x0000000080033D9C (0x00A59593) slli a1, a1, 0xa
x11 <- 0xFFFFFFFF4AFB0C00
mem[X,0x0000000080033DA0] -> 0x8593
mem[X,0x0000000080033DA2] -> 0x0CE5
[7888] [M]: 0x0000000080033DA0 (0x0CE58593) addi a1, a1, 0xce
x11 <- 0xFFFFFFFF4AFB0CCE
mem[X,0x0000000080033DA4] -> 0x0213
mem[X,0x0000000080033DA6] -> 0x0000
[7889] [M]: 0x0000000080033DA4 (0x00000213) addi tp, zero, 0x0
x4 <- 0x0000000000000000
mem[X,0x0000000080033DA8] -> 0x006F
mem[X,0x0000000080033DAA] -> 0x0180
[7890] [M]: 0x0000000080033DA8 (0x0180006F) jal zero, 0x18
mem[X,0x0000000080033DC0] -> 0x06E3
mem[X,0x0000000080033DC2] -> 0xFEB5
[7891] [M]: 0x0000000080033DC0 (0xFEB506E3) beq a0, a1, -0x14
mem[X,0x0000000080033DC4] -> 0x0213
mem[X,0x0000000080033DC6] -> 0x0022
[7892] [M]: 0x0000000080033DC4 (0x00220213) addi tp, tp, 0x2
x4 <- 0x0000000000000002
mem[X,0x0000000080033DC8] -> 0x006F
mem[X,0x0000000080033DCA] -> 0x00C0
[7893] [M]: 0x0000000080033DC8 (0x00C0006F) jal zero, 0xc
mem[X,0x0000000080033DD4] -> 0x3423
mem[X,0x0000000080033DD6] -> 0x7241
[7894] [M]: 0x0000000080033DD4 (0x72413423) sd tp, 0x728(sp)
mem[0x00000000800490F0] <- 0x0000000000000002
mem[X,0x0000000080033DD8] -> 0x0537
mem[X,0x0000000080033DDA] -> 0x0000
[7895] [M]: 0x0000000080033DD8 (0x00000537) lui a0, 0x0
x10 <- 0x0000000000000000
mem[X,0x0000000080033DDC] -> 0x0513
mem[X,0x0000000080033DDE] -> 0x0005
[7896] [M]: 0x0000000080033DDC (0x00050513) addi a0, a0, 0x0
x10 <- 0x0000000000000000
mem[X,0x0000000080033DE0] -> 0x1513
mem[X,0x0000000080033DE2] -> 0x00B5
[7897] [M]: 0x0000000080033DE0 (0x00B51513) slli a0, a0, 0xb
x10 <- 0x0000000000000000
mem[X,0x0000000080033DE4] -> 0x0513
mem[X,0x0000000080033DE6] -> 0x5A85
[7898] [M]: 0x0000000080033DE4 (0x5A850513) addi a0, a0, 0x5a8
x10 <- 0x00000000000005A8
mem[X,0x0000000080033DE8] -> 0x1513
mem[X,0x0000000080033DEA] -> 0x00B5
[7899] [M]: 0x0000000080033DE8 (0x00B51513) slli a0, a0, 0xb
x10 <- 0x00000000002D4000
clint::tick mtime <- 0x000000000000004F
 clint timer pending at mtime 0x000000000000004F
htif::tick 0x0000000000000000
mem[X,0x0000000080033DEC] -> 0x0513
mem[X,0x0000000080033DEE] -> 0x13C5
[7900] [M]: 0x0000000080033DEC (0x13C50513) addi a0, a0, 0x13c
x10 <- 0x00000000002D413C
mem[X,0x0000000080033DF0] -> 0x1513
mem[X,0x0000000080033DF2] -> 0x00A5
[7901] [M]: 0x0000000080033DF0 (0x00A51513) slli a0, a0, 0xa
x10 <- 0x00000000B504F000
mem[X,0x0000000080033DF4] -> 0x0513
mem[X,0x0000000080033DF6] -> 0x3325
[7902] [M]: 0x0000000080033DF4 (0x33250513) addi a0, a0, 0x332
x10 <- 0x00000000B504F332
mem[X,0x0000000080033DF8] -> 0x05B7
mem[X,0x0000000080033DFA] -> 0x0000
[7903] [M]: 0x0000000080033DF8 (0x000005B7) lui a1, 0x0
x11 <- 0x0000000000000000
mem[X,0x0000000080033DFC] -> 0x8593
mem[X,0x0000000080033DFE] -> 0x0005
[7904] [M]: 0x0000000080033DFC (0x00058593) addi a1, a1, 0x0
x11 <- 0x0000000000000000
mem[X,0x0000000080033E00] -> 0x9593
mem[X,0x0000000080033E02] -> 0x00B5
[7905] [M]: 0x0000000080033E00 (0x00B59593) slli a1, a1, 0xb
x11 <- 0x0000000000000000
mem[X,0x0000000080033E04] -> 0x8593
mem[X,0x0000000080033E06] -> 0x5A85
[7906] [M]: 0x0000000080033E04 (0x5A858593) addi a1, a1, 0x5a8
x11 <- 0x00000000000005A8
mem[X,0x0000000080033E08] -> 0x9593
mem[X,0x0000000080033E0A] -> 0x00B5
[7907] [M]: 0x0000000080033E08 (0x00B59593) slli a1, a1, 0xb
x11 <- 0x00000000002D4000
mem[X,0x0000000080033E0C] -> 0x8593
mem[X,0x0000000080033E0E] -> 0x13C5
[7908] [M]: 0x0000000080033E0C (0x13C58593) addi a1, a1, 0x13c
x11 <- 0x00000000002D413C
mem[X,0x0000000080033E10] -> 0x9593
mem[X,0x0000000080033E12] -> 0x00A5
[7909] [M]: 0x0000000080033E10 (0x00A59593) slli a1, a1, 0xa
x11 <- 0x00000000B504F000
mem[X,0x0000000080033E14] -> 0x8593
mem[X,0x0000000080033E16] -> 0x3345
[7910] [M]: 0x0000000080033E14 (0x33458593) addi a1, a1, 0x334
x11 <- 0x00000000B504F334
mem[X,0x0000000080033E18] -> 0x0213
mem[X,0x0000000080033E1A] -> 0x0000
[7911] [M]: 0x0000000080033E18 (0x00000213) addi tp, zero, 0x0
x4 <- 0x0000000000000000
mem[X,0x0000000080033E1C] -> 0x006F
mem[X,0x0000000080033E1E] -> 0x00C0
[7912] [M]: 0x0000000080033E1C (0x00C0006F) jal zero, 0xc
mem[X,0x0000000080033E28] -> 0x0CE3
mem[X,0x0000000080033E2A] -> 0xFEB5
[7913] [M]: 0x0000000080033E28 (0xFEB50CE3) beq a0, a1, -0x8
mem[X,0x0000000080033E2C] -> 0x0213
mem[X,0x0000000080033E2E] -> 0x0022
[7914] [M]: 0x0000000080033E2C (0x00220213) addi tp, tp, 0x2
x4 <- 0x0000000000000002
mem[X,0x0000000080033E30] -> 0x006F
mem[X,0x0000000080033E32] -> 0x00C0
[7915] [M]: 0x0000000080033E30 (0x00C0006F) jal zero, 0xc
mem[X,0x0000000080033E3C] -> 0x3823
mem[X,0x0000000080033E3E] -> 0x7241
[7916] [M]: 0x0000000080033E3C (0x72413823) sd tp, 0x730(sp)
mem[0x00000000800490F8] <- 0x0000000000000002
mem[X,0x0000000080033E40] -> 0x5537
mem[X,0x0000000080033E42] -> 0x5555
[7917] [M]: 0x0000000080033E40 (0x55555537) lui a0, 0x55555
x10 <- 0x0000000055555000
mem[X,0x0000000080033E44] -> 0x0513
mem[X,0x0000000080033E46] -> 0x5555
[7918] [M]: 0x0000000080033E44 (0x55550513) addi a0, a0, 0x555
x10 <- 0x0000000055555555
mem[X,0x0000000080033E48] -> 0x1513
mem[X,0x0000000080033E4A] -> 0x00B5
[7919] [M]: 0x0000000080033E48 (0x00B51513) slli a0, a0, 0xb
x10 <- 0x000002AAAAAAA800
mem[X,0x0000000080033E4C] -> 0x0513
mem[X,0x0000000080033E4E] -> 0x2AA5
[7920] [M]: 0x0000000080033E4C (0x2AA50513) addi a0, a0, 0x2aa
x10 <- 0x000002AAAAAAAAAA
mem[X,0x0000000080033E50] -> 0x1513
mem[X,0x0000000080033E52] -> 0x00B5
[7921] [M]: 0x0000000080033E50 (0x00B51513) slli a0, a0, 0xb
x10 <- 0x0015555555555000
mem[X,0x0000000080033E54] -> 0x0513
mem[X,0x0000000080033E56] -> 0x5555
[7922] [M]: 0x0000000080033E54 (0x55550513) addi a0, a0, 0x555
x10 <- 0x0015555555555555
mem[X,0x0000000080033E58] -> 0x1513
mem[X,0x0000000080033E5A] -> 0x00A5
[7923] [M]: 0x0000000080033E58 (0x00A51513) slli a0, a0, 0xa
x10 <- 0x5555555555555400
mem[X,0x0000000080033E5C] -> 0x0513
mem[X,0x0000000080033E5E] -> 0x1565
[7924] [M]: 0x0000000080033E5C (0x15650513) addi a0, a0, 0x156
x10 <- 0x5555555555555556
mem[X,0x0000000080033E60] -> 0x0593
mem[X,0x0000000080033E62] -> 0x0030
[7925] [M]: 0x0000000080033E60 (0x00300593) addi a1, zero, 0x3
x11 <- 0x0000000000000003
mem[X,0x0000000080033E64] -> 0x0213
mem[X,0x0000000080033E66] -> 0x0000
[7926] [M]: 0x0000000080033E64 (0x00000213) addi tp, zero, 0x0
x4 <- 0x0000000000000000
mem[X,0x0000000080033E68] -> 0x006F
mem[X,0x0000000080033E6A] -> 0x0050
[7927] [M]: 0x0000000080033E68 (0x0050006F) jal zero, 0x804
mem[X,0x000000008003466C] -> 0x00E3
mem[X,0x000000008003466E] -> 0x80B5
[7928] [M]: 0x000000008003466C (0x80B500E3) beq a0, a1, -0x800
mem[X,0x0000000080034670] -> 0x0213
mem[X,0x0000000080034672] -> 0x0022
[7929] [M]: 0x0000000080034670 (0x00220213) addi tp, tp, 0x2
x4 <- 0x0000000000000002
mem[X,0x0000000080034674] -> 0x006F
mem[X,0x0000000080034676] -> 0x00C0
[7930] [M]: 0x0000000080034674 (0x00C0006F) jal zero, 0xc
mem[X,0x0000000080034680] -> 0x3C23
mem[X,0x0000000080034682] -> 0x7241
[7931] [M]: 0x0000000080034680 (0x72413C23) sd tp, 0x738(sp)
mem[0x0000000080049100] <- 0x0000000000000002
mem[X,0x0000000080034684] -> 0x5537
mem[X,0x0000000080034686] -> 0x5555
[7932] [M]: 0x0000000080034684 (0x55555537) lui a0, 0x55555
x10 <- 0x0000000055555000
mem[X,0x0000000080034688] -> 0x0513
mem[X,0x000000008003468A] -> 0x5555
[7933] [M]: 0x0000000080034688 (0x55550513) addi a0, a0, 0x555
x10 <- 0x0000000055555555
mem[X,0x000000008003468C] -> 0x1513
mem[X,0x000000008003468E] -> 0x00B5
[7934] [M]: 0x000000008003468C (0x00B51513) slli a0, a0, 0xb
x10 <- 0x000002AAAAAAA800
mem[X,0x0000000080034690] -> 0x0513
mem[X,0x0000000080034692] -> 0x2AA5
[7935] [M]: 0x0000000080034690 (0x2AA50513) addi a0, a0, 0x2aa
x10 <- 0x000002AAAAAAAAAA
mem[X,0x0000000080034694] -> 0x1513
mem[X,0x0000000080034696] -> 0x00B5
[7936] [M]: 0x0000000080034694 (0x00B51513) slli a0, a0, 0xb
x10 <- 0x0015555555555000
mem[X,0x0000000080034698] -> 0x0513
mem[X,0x000000008003469A] -> 0x5555
[7937] [M]: 0x0000000080034698 (0x55550513) addi a0, a0, 0x555
x10 <- 0x0015555555555555
mem[X,0x000000008003469C] -> 0x1513
mem[X,0x000000008003469E] -> 0x00A5
[7938] [M]: 0x000000008003469C (0x00A51513) slli a0, a0, 0xa
x10 <- 0x5555555555555400
mem[X,0x00000000800346A0] -> 0x0513
mem[X,0x00000000800346A2] -> 0x1565
[7939] [M]: 0x00000000800346A0 (0x15650513) addi a0, a0, 0x156
x10 <- 0x5555555555555556
mem[X,0x00000000800346A4] -> 0x55B7
mem[X,0x00000000800346A6] -> 0x5555
[7940] [M]: 0x00000000800346A4 (0x555555B7) lui a1, 0x55555
x11 <- 0x0000000055555000
mem[X,0x00000000800346A8] -> 0x8593
mem[X,0x00000000800346AA] -> 0x5555
[7941] [M]: 0x00000000800346A8 (0x55558593) addi a1, a1, 0x555
x11 <- 0x0000000055555555
mem[X,0x00000000800346AC] -> 0x9593
mem[X,0x00000000800346AE] -> 0x00B5
[7942] [M]: 0x00000000800346AC (0x00B59593) slli a1, a1, 0xb
x11 <- 0x000002AAAAAAA800
mem[X,0x00000000800346B0] -> 0x8593
mem[X,0x00000000800346B2] -> 0x2AA5
[7943] [M]: 0x00000000800346B0 (0x2AA58593) addi a1, a1, 0x2aa
x11 <- 0x000002AAAAAAAAAA
mem[X,0x00000000800346B4] -> 0x9593
mem[X,0x00000000800346B6] -> 0x00B5
[7944] [M]: 0x00000000800346B4 (0x00B59593) slli a1, a1, 0xb
x11 <- 0x0015555555555000
mem[X,0x00000000800346B8] -> 0x8593
mem[X,0x00000000800346BA] -> 0x5555
[7945] [M]: 0x00000000800346B8 (0x55558593) addi a1, a1, 0x555
x11 <- 0x0015555555555555
mem[X,0x00000000800346BC] -> 0x9593
mem[X,0x00000000800346BE] -> 0x00A5
[7946] [M]: 0x00000000800346BC (0x00A59593) slli a1, a1, 0xa
x11 <- 0x5555555555555400
mem[X,0x00000000800346C0] -> 0x8593
mem[X,0x00000000800346C2] -> 0x1555
[7947] [M]: 0x00000000800346C0 (0x15558593) addi a1, a1, 0x155
x11 <- 0x5555555555555555
mem[X,0x00000000800346C4] -> 0x0213
mem[X,0x00000000800346C6] -> 0x0000
[7948] [M]: 0x00000000800346C4 (0x00000213) addi tp, zero, 0x0
x4 <- 0x0000000000000000
mem[X,0x00000000800346C8] -> 0x006F
mem[X,0x00000000800346CA] -> 0x00C0
[7949] [M]: 0x00000000800346C8 (0x00C0006F) jal zero, 0xc
mem[X,0x00000000800346D4] -> 0x0CE3
mem[X,0x00000000800346D6] -> 0xFEB5
[7950] [M]: 0x00000000800346D4 (0xFEB50CE3) beq a0, a1, -0x8
mem[X,0x00000000800346D8] -> 0x0213
mem[X,0x00000000800346DA] -> 0x0022
[7951] [M]: 0x00000000800346D8 (0x00220213) addi tp, tp, 0x2
x4 <- 0x0000000000000002
mem[X,0x00000000800346DC] -> 0x006F
mem[X,0x00000000800346DE] -> 0x00C0
[7952] [M]: 0x00000000800346DC (0x00C0006F) jal zero, 0xc
mem[X,0x00000000800346E8] -> 0x3023
mem[X,0x00000000800346EA] -> 0x7441
[7953] [M]: 0x00000000800346E8 (0x74413023) sd tp, 0x740(sp)
mem[0x0000000080049108] <- 0x0000000000000002
mem[X,0x00000000800346EC] -> 0x5537
mem[X,0x00000000800346EE] -> 0x5555
[7954] [M]: 0x00000000800346EC (0x55555537) lui a0, 0x55555
x10 <- 0x0000000055555000
mem[X,0x00000000800346F0] -> 0x0513
mem[X,0x00000000800346F2] -> 0x5555
[7955] [M]: 0x00000000800346F0 (0x55550513) addi a0, a0, 0x555
x10 <- 0x0000000055555555
mem[X,0x00000000800346F4] -> 0x1513
mem[X,0x00000000800346F6] -> 0x00B5
[7956] [M]: 0x00000000800346F4 (0x00B51513) slli a0, a0, 0xb
x10 <- 0x000002AAAAAAA800
mem[X,0x00000000800346F8] -> 0x0513
mem[X,0x00000000800346FA] -> 0x2AA5
[7957] [M]: 0x00000000800346F8 (0x2AA50513) addi a0, a0, 0x2aa
x10 <- 0x000002AAAAAAAAAA
mem[X,0x00000000800346FC] -> 0x1513
mem[X,0x00000000800346FE] -> 0x00B5
[7958] [M]: 0x00000000800346FC (0x00B51513) slli a0, a0, 0xb
x10 <- 0x0015555555555000
mem[X,0x0000000080034700] -> 0x0513
mem[X,0x0000000080034702] -> 0x5555
[7959] [M]: 0x0000000080034700 (0x55550513) addi a0, a0, 0x555
x10 <- 0x0015555555555555
mem[X,0x0000000080034704] -> 0x1513
mem[X,0x0000000080034706] -> 0x00A5
[7960] [M]: 0x0000000080034704 (0x00A51513) slli a0, a0, 0xa
x10 <- 0x5555555555555400
mem[X,0x0000000080034708] -> 0x0513
mem[X,0x000000008003470A] -> 0x1565
[7961] [M]: 0x0000000080034708 (0x15650513) addi a0, a0, 0x156
x10 <- 0x5555555555555556
mem[X,0x000000008003470C] -> 0xB5B7
mem[X,0x000000008003470E] -> 0xAAAA
[7962] [M]: 0x000000008003470C (0xAAAAB5B7) lui a1, -0x55555
x11 <- 0xFFFFFFFFAAAAB000
mem[X,0x0000000080034710] -> 0x8593
mem[X,0x0000000080034712] -> 0xAAA5
[7963] [M]: 0x0000000080034710 (0xAAA58593) addi a1, a1, -0x556
x11 <- 0xFFFFFFFFAAAAAAAA
mem[X,0x0000000080034714] -> 0x9593
mem[X,0x0000000080034716] -> 0x00B5
[7964] [M]: 0x0000000080034714 (0x00B59593) slli a1, a1, 0xb
x11 <- 0xFFFFFD5555555000
mem[X,0x0000000080034718] -> 0x8593
mem[X,0x000000008003471A] -> 0x5555
[7965] [M]: 0x0000000080034718 (0x55558593) addi a1, a1, 0x555
x11 <- 0xFFFFFD5555555555
mem[X,0x000000008003471C] -> 0x9593
mem[X,0x000000008003471E] -> 0x00B5
[7966] [M]: 0x000000008003471C (0x00B59593) slli a1, a1, 0xb
x11 <- 0xFFEAAAAAAAAAA800
mem[X,0x0000000080034720] -> 0x8593
mem[X,0x0000000080034722] -> 0x2AA5
[7967] [M]: 0x0000000080034720 (0x2AA58593) addi a1, a1, 0x2aa
x11 <- 0xFFEAAAAAAAAAAAAA
mem[X,0x0000000080034724] -> 0x9593
mem[X,0x0000000080034726] -> 0x00A5
[7968] [M]: 0x0000000080034724 (0x00A59593) slli a1, a1, 0xa
x11 <- 0xAAAAAAAAAAAAA800
mem[X,0x0000000080034728] -> 0x8593
mem[X,0x000000008003472A] -> 0x2AA5
[7969] [M]: 0x0000000080034728 (0x2AA58593) addi a1, a1, 0x2aa
x11 <- 0xAAAAAAAAAAAAAAAA
mem[X,0x000000008003472C] -> 0x0213
mem[X,0x000000008003472E] -> 0x0000
[7970] [M]: 0x000000008003472C (0x00000213) addi tp, zero, 0x0
x4 <- 0x0000000000000000
mem[X,0x0000000080034730] -> 0x006F
mem[X,0x0000000080034732] -> 0x00C0
[7971] [M]: 0x0000000080034730 (0x00C0006F) jal zero, 0xc
mem[X,0x000000008003473C] -> 0x0CE3
mem[X,0x000000008003473E] -> 0xFEB5
[7972] [M]: 0x000000008003473C (0xFEB50CE3) beq a0, a1, -0x8
mem[X,0x0000000080034740] -> 0x0213
mem[X,0x0000000080034742] -> 0x0022
[7973] [M]: 0x0000000080034740 (0x00220213) addi tp, tp, 0x2
x4 <- 0x0000000000000002
mem[X,0x0000000080034744] -> 0x006F
mem[X,0x0000000080034746] -> 0x00C0
[7974] [M]: 0x0000000080034744 (0x00C0006F) jal zero, 0xc
mem[X,0x0000000080034750] -> 0x3423
mem[X,0x0000000080034752] -> 0x7441
[7975] [M]: 0x0000000080034750 (0x74413423) sd tp, 0x748(sp)
mem[0x0000000080049110] <- 0x0000000000000002
mem[X,0x0000000080034754] -> 0x5537
mem[X,0x0000000080034756] -> 0x5555
[7976] [M]: 0x0000000080034754 (0x55555537) lui a0, 0x55555
x10 <- 0x0000000055555000
mem[X,0x0000000080034758] -> 0x0513
mem[X,0x000000008003475A] -> 0x5555
[7977] [M]: 0x0000000080034758 (0x55550513) addi a0, a0, 0x555
x10 <- 0x0000000055555555
mem[X,0x000000008003475C] -> 0x1513
mem[X,0x000000008003475E] -> 0x00B5
[7978] [M]: 0x000000008003475C (0x00B51513) slli a0, a0, 0xb
x10 <- 0x000002AAAAAAA800
mem[X,0x0000000080034760] -> 0x0513
mem[X,0x0000000080034762] -> 0x2AA5
[7979] [M]: 0x0000000080034760 (0x2AA50513) addi a0, a0, 0x2aa
x10 <- 0x000002AAAAAAAAAA
mem[X,0x0000000080034764] -> 0x1513
mem[X,0x0000000080034766] -> 0x00B5
[7980] [M]: 0x0000000080034764 (0x00B51513) slli a0, a0, 0xb
x10 <- 0x0015555555555000
mem[X,0x0000000080034768] -> 0x0513
mem[X,0x000000008003476A] -> 0x5555
[7981] [M]: 0x0000000080034768 (0x55550513) addi a0, a0, 0x555
x10 <- 0x0015555555555555
mem[X,0x000000008003476C] -> 0x1513
mem[X,0x000000008003476E] -> 0x00A5
[7982] [M]: 0x000000008003476C (0x00A51513) slli a0, a0, 0xa
x10 <- 0x5555555555555400
mem[X,0x0000000080034770] -> 0x0513
mem[X,0x0000000080034772] -> 0x1565
[7983] [M]: 0x0000000080034770 (0x15650513) addi a0, a0, 0x156
x10 <- 0x5555555555555556
mem[X,0x0000000080034774] -> 0x0593
mem[X,0x0000000080034776] -> 0x0050
[7984] [M]: 0x0000000080034774 (0x00500593) addi a1, zero, 0x5
x11 <- 0x0000000000000005
mem[X,0x0000000080034778] -> 0x0213
mem[X,0x000000008003477A] -> 0x0000
[7985] [M]: 0x0000000080034778 (0x00000213) addi tp, zero, 0x0
x4 <- 0x0000000000000000
mem[X,0x000000008003477C] -> 0x006F
mem[X,0x000000008003477E] -> 0x00C0
[7986] [M]: 0x000000008003477C (0x00C0006F) jal zero, 0xc
mem[X,0x0000000080034788] -> 0x0063
mem[X,0x000000008003478A] -> 0x04B5
[7987] [M]: 0x0000000080034788 (0x04B50063) beq a0, a1, 0x40
mem[X,0x000000008003478C] -> 0x0213
mem[X,0x000000008003478E] -> 0x0022
[7988] [M]: 0x000000008003478C (0x00220213) addi tp, tp, 0x2
x4 <- 0x0000000000000002
mem[X,0x0000000080034790] -> 0x006F
mem[X,0x0000000080034792] -> 0x0400
[7989] [M]: 0x0000000080034790 (0x0400006F) jal zero, 0x40
mem[X,0x00000000800347D0] -> 0x3823
mem[X,0x00000000800347D2] -> 0x7441
[7990] [M]: 0x00000000800347D0 (0x74413823) sd tp, 0x750(sp)
mem[0x0000000080049118] <- 0x0000000000000002
mem[X,0x00000000800347D4] -> 0x5537
mem[X,0x00000000800347D6] -> 0x5555
[7991] [M]: 0x00000000800347D4 (0x55555537) lui a0, 0x55555
x10 <- 0x0000000055555000
mem[X,0x00000000800347D8] -> 0x0513
mem[X,0x00000000800347DA] -> 0x5555
[7992] [M]: 0x00000000800347D8 (0x55550513) addi a0, a0, 0x555
x10 <- 0x0000000055555555
mem[X,0x00000000800347DC] -> 0x1513
mem[X,0x00000000800347DE] -> 0x00B5
[7993] [M]: 0x00000000800347DC (0x00B51513) slli a0, a0, 0xb
x10 <- 0x000002AAAAAAA800
mem[X,0x00000000800347E0] -> 0x0513
mem[X,0x00000000800347E2] -> 0x2AA5
[7994] [M]: 0x00000000800347E0 (0x2AA50513) addi a0, a0, 0x2aa
x10 <- 0x000002AAAAAAAAAA
mem[X,0x00000000800347E4] -> 0x1513
mem[X,0x00000000800347E6] -> 0x00B5
[7995] [M]: 0x00000000800347E4 (0x00B51513) slli a0, a0, 0xb
x10 <- 0x0015555555555000
mem[X,0x00000000800347E8] -> 0x0513
mem[X,0x00000000800347EA] -> 0x5555
[7996] [M]: 0x00000000800347E8 (0x55550513) addi a0, a0, 0x555
x10 <- 0x0015555555555555
mem[X,0x00000000800347EC] -> 0x1513
mem[X,0x00000000800347EE] -> 0x00A5
[7997] [M]: 0x00000000800347EC (0x00A51513) slli a0, a0, 0xa
x10 <- 0x5555555555555400
mem[X,0x00000000800347F0] -> 0x0513
mem[X,0x00000000800347F2] -> 0x1565
[7998] [M]: 0x00000000800347F0 (0x15650513) addi a0, a0, 0x156
x10 <- 0x5555555555555556
mem[X,0x00000000800347F4] -> 0x35B7
mem[X,0x00000000800347F6] -> 0x3333
[7999] [M]: 0x00000000800347F4 (0x333335B7) lui a1, 0x33333
x11 <- 0x0000000033333000
clint::tick mtime <- 0x0000000000000050
 clint timer pending at mtime 0x0000000000000050
htif::tick 0x0000000000000000
mem[X,0x00000000800347F8] -> 0x8593
mem[X,0x00000000800347FA] -> 0x3335
[8000] [M]: 0x00000000800347F8 (0x33358593) addi a1, a1, 0x333
x11 <- 0x0000000033333333
mem[X,0x00000000800347FC] -> 0x9593
mem[X,0x00000000800347FE] -> 0x00B5
[8001] [M]: 0x00000000800347FC (0x00B59593) slli a1, a1, 0xb
x11 <- 0x0000019999999800
mem[X,0x0000000080034800] -> 0x8593
mem[X,0x0000000080034802] -> 0x1995
[8002] [M]: 0x0000000080034800 (0x19958593) addi a1, a1, 0x199
x11 <- 0x0000019999999999
mem[X,0x0000000080034804] -> 0x9593
mem[X,0x0000000080034806] -> 0x00B5
[8003] [M]: 0x0000000080034804 (0x00B59593) slli a1, a1, 0xb
x11 <- 0x000CCCCCCCCCC800
mem[X,0x0000000080034808] -> 0x8593
mem[X,0x000000008003480A] -> 0x4CC5
[8004] [M]: 0x0000000080034808 (0x4CC58593) addi a1, a1, 0x4cc
x11 <- 0x000CCCCCCCCCCCCC
mem[X,0x000000008003480C] -> 0x9593
mem[X,0x000000008003480E] -> 0x00A5
[8005] [M]: 0x000000008003480C (0x00A59593) slli a1, a1, 0xa
x11 <- 0x3333333333333000
mem[X,0x0000000080034810] -> 0x8593
mem[X,0x0000000080034812] -> 0x3335
[8006] [M]: 0x0000000080034810 (0x33358593) addi a1, a1, 0x333
x11 <- 0x3333333333333333
mem[X,0x0000000080034814] -> 0x0213
mem[X,0x0000000080034816] -> 0x0000
[8007] [M]: 0x0000000080034814 (0x00000213) addi tp, zero, 0x0
x4 <- 0x0000000000000000
mem[X,0x0000000080034818] -> 0x006F
mem[X,0x000000008003481A] -> 0x00C0
[8008] [M]: 0x0000000080034818 (0x00C0006F) jal zero, 0xc
mem[X,0x0000000080034824] -> 0x0663
mem[X,0x0000000080034826] -> 0x00B5
[8009] [M]: 0x0000000080034824 (0x00B50663) beq a0, a1, 0xc
mem[X,0x0000000080034828] -> 0x0213
mem[X,0x000000008003482A] -> 0x0022
[8010] [M]: 0x0000000080034828 (0x00220213) addi tp, tp, 0x2
x4 <- 0x0000000000000002
mem[X,0x000000008003482C] -> 0x006F
mem[X,0x000000008003482E] -> 0x00C0
[8011] [M]: 0x000000008003482C (0x00C0006F) jal zero, 0xc
mem[X,0x0000000080034838] -> 0x3C23
mem[X,0x000000008003483A] -> 0x7441
[8012] [M]: 0x0000000080034838 (0x74413C23) sd tp, 0x758(sp)
mem[0x0000000080049120] <- 0x0000000000000002
mem[X,0x000000008003483C] -> 0x5537
mem[X,0x000000008003483E] -> 0x5555
[8013] [M]: 0x000000008003483C (0x55555537) lui a0, 0x55555
x10 <- 0x0000000055555000
mem[X,0x0000000080034840] -> 0x0513
mem[X,0x0000000080034842] -> 0x5555
[8014] [M]: 0x0000000080034840 (0x55550513) addi a0, a0, 0x555
x10 <- 0x0000000055555555
mem[X,0x0000000080034844] -> 0x1513
mem[X,0x0000000080034846] -> 0x00B5
[8015] [M]: 0x0000000080034844 (0x00B51513) slli a0, a0, 0xb
x10 <- 0x000002AAAAAAA800
mem[X,0x0000000080034848] -> 0x0513
mem[X,0x000000008003484A] -> 0x2AA5
[8016] [M]: 0x0000000080034848 (0x2AA50513) addi a0, a0, 0x2aa
x10 <- 0x000002AAAAAAAAAA
mem[X,0x000000008003484C] -> 0x1513
mem[X,0x000000008003484E] -> 0x00B5
[8017] [M]: 0x000000008003484C (0x00B51513) slli a0, a0, 0xb
x10 <- 0x0015555555555000
mem[X,0x0000000080034850] -> 0x0513
mem[X,0x0000000080034852] -> 0x5555
[8018] [M]: 0x0000000080034850 (0x55550513) addi a0, a0, 0x555
x10 <- 0x0015555555555555
mem[X,0x0000000080034854] -> 0x1513
mem[X,0x0000000080034856] -> 0x00A5
[8019] [M]: 0x0000000080034854 (0x00A51513) slli a0, a0, 0xa
x10 <- 0x5555555555555400
mem[X,0x0000000080034858] -> 0x0513
mem[X,0x000000008003485A] -> 0x1565
[8020] [M]: 0x0000000080034858 (0x15650513) addi a0, a0, 0x156
x10 <- 0x5555555555555556
mem[X,0x000000008003485C] -> 0x65B7
mem[X,0x000000008003485E] -> 0x6666
[8021] [M]: 0x000000008003485C (0x666665B7) lui a1, 0x66666
x11 <- 0x0000000066666000
mem[X,0x0000000080034860] -> 0x8593
mem[X,0x0000000080034862] -> 0x6665
[8022] [M]: 0x0000000080034860 (0x66658593) addi a1, a1, 0x666
x11 <- 0x0000000066666666
mem[X,0x0000000080034864] -> 0x9593
mem[X,0x0000000080034866] -> 0x00B5
[8023] [M]: 0x0000000080034864 (0x00B59593) slli a1, a1, 0xb
x11 <- 0x0000033333333000
mem[X,0x0000000080034868] -> 0x8593
mem[X,0x000000008003486A] -> 0x3335
[8024] [M]: 0x0000000080034868 (0x33358593) addi a1, a1, 0x333
x11 <- 0x0000033333333333
mem[X,0x000000008003486C] -> 0x9593
mem[X,0x000000008003486E] -> 0x00B5
[8025] [M]: 0x000000008003486C (0x00B59593) slli a1, a1, 0xb
x11 <- 0x0019999999999800
mem[X,0x0000000080034870] -> 0x8593
mem[X,0x0000000080034872] -> 0x1995
[8026] [M]: 0x0000000080034870 (0x19958593) addi a1, a1, 0x199
x11 <- 0x0019999999999999
mem[X,0x0000000080034874] -> 0x9593
mem[X,0x0000000080034876] -> 0x00A5
[8027] [M]: 0x0000000080034874 (0x00A59593) slli a1, a1, 0xa
x11 <- 0x6666666666666400
mem[X,0x0000000080034878] -> 0x8593
mem[X,0x000000008003487A] -> 0x2665
[8028] [M]: 0x0000000080034878 (0x26658593) addi a1, a1, 0x266
x11 <- 0x6666666666666666
mem[X,0x000000008003487C] -> 0x0213
mem[X,0x000000008003487E] -> 0x0000
[8029] [M]: 0x000000008003487C (0x00000213) addi tp, zero, 0x0
x4 <- 0x0000000000000000
mem[X,0x0000000080034880] -> 0x006F
mem[X,0x0000000080034882] -> 0x00C0
[8030] [M]: 0x0000000080034880 (0x00C0006F) jal zero, 0xc
mem[X,0x000000008003488C] -> 0x0CE3
mem[X,0x000000008003488E] -> 0xFEB5
[8031] [M]: 0x000000008003488C (0xFEB50CE3) beq a0, a1, -0x8
mem[X,0x0000000080034890] -> 0x0213
mem[X,0x0000000080034892] -> 0x0022
[8032] [M]: 0x0000000080034890 (0x00220213) addi tp, tp, 0x2
x4 <- 0x0000000000000002
mem[X,0x0000000080034894] -> 0x006F
mem[X,0x0000000080034896] -> 0x00C0
[8033] [M]: 0x0000000080034894 (0x00C0006F) jal zero, 0xc
mem[X,0x00000000800348A0] -> 0x3023
mem[X,0x00000000800348A2] -> 0x7641
[8034] [M]: 0x00000000800348A0 (0x76413023) sd tp, 0x760(sp)
mem[0x0000000080049128] <- 0x0000000000000002
mem[X,0x00000000800348A4] -> 0x5537
mem[X,0x00000000800348A6] -> 0x5555
[8035] [M]: 0x00000000800348A4 (0x55555537) lui a0, 0x55555
x10 <- 0x0000000055555000
mem[X,0x00000000800348A8] -> 0x0513
mem[X,0x00000000800348AA] -> 0x5555
[8036] [M]: 0x00000000800348A8 (0x55550513) addi a0, a0, 0x555
x10 <- 0x0000000055555555
mem[X,0x00000000800348AC] -> 0x1513
mem[X,0x00000000800348AE] -> 0x00B5
[8037] [M]: 0x00000000800348AC (0x00B51513) slli a0, a0, 0xb
x10 <- 0x000002AAAAAAA800
mem[X,0x00000000800348B0] -> 0x0513
mem[X,0x00000000800348B2] -> 0x2AA5
[8038] [M]: 0x00000000800348B0 (0x2AA50513) addi a0, a0, 0x2aa
x10 <- 0x000002AAAAAAAAAA
mem[X,0x00000000800348B4] -> 0x1513
mem[X,0x00000000800348B6] -> 0x00B5
[8039] [M]: 0x00000000800348B4 (0x00B51513) slli a0, a0, 0xb
x10 <- 0x0015555555555000
mem[X,0x00000000800348B8] -> 0x0513
mem[X,0x00000000800348BA] -> 0x5555
[8040] [M]: 0x00000000800348B8 (0x55550513) addi a0, a0, 0x555
x10 <- 0x0015555555555555
mem[X,0x00000000800348BC] -> 0x1513
mem[X,0x00000000800348BE] -> 0x00A5
[8041] [M]: 0x00000000800348BC (0x00A51513) slli a0, a0, 0xa
x10 <- 0x5555555555555400
mem[X,0x00000000800348C0] -> 0x0513
mem[X,0x00000000800348C2] -> 0x1565
[8042] [M]: 0x00000000800348C0 (0x15650513) addi a0, a0, 0x156
x10 <- 0x5555555555555556
mem[X,0x00000000800348C4] -> 0x05B7
mem[X,0x00000000800348C6] -> 0x0000
[8043] [M]: 0x00000000800348C4 (0x000005B7) lui a1, 0x0
x11 <- 0x0000000000000000
mem[X,0x00000000800348C8] -> 0x8593
mem[X,0x00000000800348CA] -> 0xFFF5
[8044] [M]: 0x00000000800348C8 (0xFFF58593) addi a1, a1, -0x1
x11 <- 0xFFFFFFFFFFFFFFFF
mem[X,0x00000000800348CC] -> 0x9593
mem[X,0x00000000800348CE] -> 0x00B5
[8045] [M]: 0x00000000800348CC (0x00B59593) slli a1, a1, 0xb
x11 <- 0xFFFFFFFFFFFFF800
mem[X,0x00000000800348D0] -> 0x8593
mem[X,0x00000000800348D2] -> 0x2575
[8046] [M]: 0x00000000800348D0 (0x25758593) addi a1, a1, 0x257
x11 <- 0xFFFFFFFFFFFFFA57
mem[X,0x00000000800348D4] -> 0x9593
mem[X,0x00000000800348D6] -> 0x00B5
[8047] [M]: 0x00000000800348D4 (0x00B59593) slli a1, a1, 0xb
x11 <- 0xFFFFFFFFFFD2B800
mem[X,0x00000000800348D8] -> 0x8593
mem[X,0x00000000800348DA] -> 0x6C35
[8048] [M]: 0x00000000800348D8 (0x6C358593) addi a1, a1, 0x6c3
x11 <- 0xFFFFFFFFFFD2BEC3
mem[X,0x00000000800348DC] -> 0x9593
mem[X,0x00000000800348DE] -> 0x00A5
[8049] [M]: 0x00000000800348DC (0x00A59593) slli a1, a1, 0xa
x11 <- 0xFFFFFFFF4AFB0C00
mem[X,0x00000000800348E0] -> 0x8593
mem[X,0x00000000800348E2] -> 0x0CD5
[8050] [M]: 0x00000000800348E0 (0x0CD58593) addi a1, a1, 0xcd
x11 <- 0xFFFFFFFF4AFB0CCD
mem[X,0x00000000800348E4] -> 0x0213
mem[X,0x00000000800348E6] -> 0x0000
[8051] [M]: 0x00000000800348E4 (0x00000213) addi tp, zero, 0x0
x4 <- 0x0000000000000000
mem[X,0x00000000800348E8] -> 0x006F
mem[X,0x00000000800348EA] -> 0x0140
[8052] [M]: 0x00000000800348E8 (0x0140006F) jal zero, 0x14
mem[X,0x00000000800348FC] -> 0x08E3
mem[X,0x00000000800348FE] -> 0xFEB5
[8053] [M]: 0x00000000800348FC (0xFEB508E3) beq a0, a1, -0x10
mem[X,0x0000000080034900] -> 0x0213
mem[X,0x0000000080034902] -> 0x0022
[8054] [M]: 0x0000000080034900 (0x00220213) addi tp, tp, 0x2
x4 <- 0x0000000000000002
mem[X,0x0000000080034904] -> 0x006F
mem[X,0x0000000080034906] -> 0x00C0
[8055] [M]: 0x0000000080034904 (0x00C0006F) jal zero, 0xc
mem[X,0x0000000080034910] -> 0x3423
mem[X,0x0000000080034912] -> 0x7641
[8056] [M]: 0x0000000080034910 (0x76413423) sd tp, 0x768(sp)
mem[0x0000000080049130] <- 0x0000000000000002
mem[X,0x0000000080034914] -> 0x5537
mem[X,0x0000000080034916] -> 0x5555
[8057] [M]: 0x0000000080034914 (0x55555537) lui a0, 0x55555
x10 <- 0x0000000055555000
mem[X,0x0000000080034918] -> 0x0513
mem[X,0x000000008003491A] -> 0x5555
[8058] [M]: 0x0000000080034918 (0x55550513) addi a0, a0, 0x555
x10 <- 0x0000000055555555
mem[X,0x000000008003491C] -> 0x1513
mem[X,0x000000008003491E] -> 0x00B5
[8059] [M]: 0x000000008003491C (0x00B51513) slli a0, a0, 0xb
x10 <- 0x000002AAAAAAA800
mem[X,0x0000000080034920] -> 0x0513
mem[X,0x0000000080034922] -> 0x2AA5
[8060] [M]: 0x0000000080034920 (0x2AA50513) addi a0, a0, 0x2aa
x10 <- 0x000002AAAAAAAAAA
mem[X,0x0000000080034924] -> 0x1513
mem[X,0x0000000080034926] -> 0x00B5
[8061] [M]: 0x0000000080034924 (0x00B51513) slli a0, a0, 0xb
x10 <- 0x0015555555555000
mem[X,0x0000000080034928] -> 0x0513
mem[X,0x000000008003492A] -> 0x5555
[8062] [M]: 0x0000000080034928 (0x55550513) addi a0, a0, 0x555
x10 <- 0x0015555555555555
mem[X,0x000000008003492C] -> 0x1513
mem[X,0x000000008003492E] -> 0x00A5
[8063] [M]: 0x000000008003492C (0x00A51513) slli a0, a0, 0xa
x10 <- 0x5555555555555400
mem[X,0x0000000080034930] -> 0x0513
mem[X,0x0000000080034932] -> 0x1565
[8064] [M]: 0x0000000080034930 (0x15650513) addi a0, a0, 0x156
x10 <- 0x5555555555555556
mem[X,0x0000000080034934] -> 0x05B7
mem[X,0x0000000080034936] -> 0x0000
[8065] [M]: 0x0000000080034934 (0x000005B7) lui a1, 0x0
x11 <- 0x0000000000000000
mem[X,0x0000000080034938] -> 0x8593
mem[X,0x000000008003493A] -> 0x0005
[8066] [M]: 0x0000000080034938 (0x00058593) addi a1, a1, 0x0
x11 <- 0x0000000000000000
mem[X,0x000000008003493C] -> 0x9593
mem[X,0x000000008003493E] -> 0x00B5
[8067] [M]: 0x000000008003493C (0x00B59593) slli a1, a1, 0xb
x11 <- 0x0000000000000000
mem[X,0x0000000080034940] -> 0x8593
mem[X,0x0000000080034942] -> 0x5A85
[8068] [M]: 0x0000000080034940 (0x5A858593) addi a1, a1, 0x5a8
x11 <- 0x00000000000005A8
mem[X,0x0000000080034944] -> 0x9593
mem[X,0x0000000080034946] -> 0x00B5
[8069] [M]: 0x0000000080034944 (0x00B59593) slli a1, a1, 0xb
x11 <- 0x00000000002D4000
mem[X,0x0000000080034948] -> 0x8593
mem[X,0x000000008003494A] -> 0x13C5
[8070] [M]: 0x0000000080034948 (0x13C58593) addi a1, a1, 0x13c
x11 <- 0x00000000002D413C
mem[X,0x000000008003494C] -> 0x9593
mem[X,0x000000008003494E] -> 0x00A5
[8071] [M]: 0x000000008003494C (0x00A59593) slli a1, a1, 0xa
x11 <- 0x00000000B504F000
mem[X,0x0000000080034950] -> 0x8593
mem[X,0x0000000080034952] -> 0x3335
[8072] [M]: 0x0000000080034950 (0x33358593) addi a1, a1, 0x333
x11 <- 0x00000000B504F333
mem[X,0x0000000080034954] -> 0x0213
mem[X,0x0000000080034956] -> 0x0000
[8073] [M]: 0x0000000080034954 (0x00000213) addi tp, zero, 0x0
x4 <- 0x0000000000000000
mem[X,0x0000000080034958] -> 0x006F
mem[X,0x000000008003495A] -> 0x0140
[8074] [M]: 0x0000000080034958 (0x0140006F) jal zero, 0x14
mem[X,0x000000008003496C] -> 0x08E3
mem[X,0x000000008003496E] -> 0xFEB5
[8075] [M]: 0x000000008003496C (0xFEB508E3) beq a0, a1, -0x10
mem[X,0x0000000080034970] -> 0x0213
mem[X,0x0000000080034972] -> 0x0022
[8076] [M]: 0x0000000080034970 (0x00220213) addi tp, tp, 0x2
x4 <- 0x0000000000000002
mem[X,0x0000000080034974] -> 0x006F
mem[X,0x0000000080034976] -> 0x00C0
[8077] [M]: 0x0000000080034974 (0x00C0006F) jal zero, 0xc
mem[X,0x0000000080034980] -> 0x3823
mem[X,0x0000000080034982] -> 0x7641
[8078] [M]: 0x0000000080034980 (0x76413823) sd tp, 0x770(sp)
mem[0x0000000080049138] <- 0x0000000000000002
mem[X,0x0000000080034984] -> 0x5537
mem[X,0x0000000080034986] -> 0x5555
[8079] [M]: 0x0000000080034984 (0x55555537) lui a0, 0x55555
x10 <- 0x0000000055555000
mem[X,0x0000000080034988] -> 0x0513
mem[X,0x000000008003498A] -> 0x5555
[8080] [M]: 0x0000000080034988 (0x55550513) addi a0, a0, 0x555
x10 <- 0x0000000055555555
mem[X,0x000000008003498C] -> 0x1513
mem[X,0x000000008003498E] -> 0x00B5
[8081] [M]: 0x000000008003498C (0x00B51513) slli a0, a0, 0xb
x10 <- 0x000002AAAAAAA800
mem[X,0x0000000080034990] -> 0x0513
mem[X,0x0000000080034992] -> 0x2AA5
[8082] [M]: 0x0000000080034990 (0x2AA50513) addi a0, a0, 0x2aa
x10 <- 0x000002AAAAAAAAAA
mem[X,0x0000000080034994] -> 0x1513
mem[X,0x0000000080034996] -> 0x00B5
[8083] [M]: 0x0000000080034994 (0x00B51513) slli a0, a0, 0xb
x10 <- 0x0015555555555000
mem[X,0x0000000080034998] -> 0x0513
mem[X,0x000000008003499A] -> 0x5555
[8084] [M]: 0x0000000080034998 (0x55550513) addi a0, a0, 0x555
x10 <- 0x0015555555555555
mem[X,0x000000008003499C] -> 0x1513
mem[X,0x000000008003499E] -> 0x00A5
[8085] [M]: 0x000000008003499C (0x00A51513) slli a0, a0, 0xa
x10 <- 0x5555555555555400
mem[X,0x00000000800349A0] -> 0x0513
mem[X,0x00000000800349A2] -> 0x1565
[8086] [M]: 0x00000000800349A0 (0x15650513) addi a0, a0, 0x156
x10 <- 0x5555555555555556
mem[X,0x00000000800349A4] -> 0x0593
mem[X,0x00000000800349A6] -> 0x0020
[8087] [M]: 0x00000000800349A4 (0x00200593) addi a1, zero, 0x2
x11 <- 0x0000000000000002
mem[X,0x00000000800349A8] -> 0x0213
mem[X,0x00000000800349AA] -> 0x0000
[8088] [M]: 0x00000000800349A8 (0x00000213) addi tp, zero, 0x0
x4 <- 0x0000000000000000
mem[X,0x00000000800349AC] -> 0x006F
mem[X,0x00000000800349AE] -> 0x00C0
[8089] [M]: 0x00000000800349AC (0x00C0006F) jal zero, 0xc
mem[X,0x00000000800349B8] -> 0x0063
mem[X,0x00000000800349BA] -> 0x20B5
[8090] [M]: 0x00000000800349B8 (0x20B50063) beq a0, a1, 0x200
mem[X,0x00000000800349BC] -> 0x0213
mem[X,0x00000000800349BE] -> 0x0022
[8091] [M]: 0x00000000800349BC (0x00220213) addi tp, tp, 0x2
x4 <- 0x0000000000000002
mem[X,0x00000000800349C0] -> 0x006F
mem[X,0x00000000800349C2] -> 0x2000
[8092] [M]: 0x00000000800349C0 (0x2000006F) jal zero, 0x200
mem[X,0x0000000080034BC0] -> 0x3C23
mem[X,0x0000000080034BC2] -> 0x7641
[8093] [M]: 0x0000000080034BC0 (0x76413C23) sd tp, 0x778(sp)
mem[0x0000000080049140] <- 0x0000000000000002
mem[X,0x0000000080034BC4] -> 0x5537
mem[X,0x0000000080034BC6] -> 0x5555
[8094] [M]: 0x0000000080034BC4 (0x55555537) lui a0, 0x55555
x10 <- 0x0000000055555000
mem[X,0x0000000080034BC8] -> 0x0513
mem[X,0x0000000080034BCA] -> 0x5555
[8095] [M]: 0x0000000080034BC8 (0x55550513) addi a0, a0, 0x555
x10 <- 0x0000000055555555
mem[X,0x0000000080034BCC] -> 0x1513
mem[X,0x0000000080034BCE] -> 0x00B5
[8096] [M]: 0x0000000080034BCC (0x00B51513) slli a0, a0, 0xb
x10 <- 0x000002AAAAAAA800
mem[X,0x0000000080034BD0] -> 0x0513
mem[X,0x0000000080034BD2] -> 0x2AA5
[8097] [M]: 0x0000000080034BD0 (0x2AA50513) addi a0, a0, 0x2aa
x10 <- 0x000002AAAAAAAAAA
mem[X,0x0000000080034BD4] -> 0x1513
mem[X,0x0000000080034BD6] -> 0x00B5
[8098] [M]: 0x0000000080034BD4 (0x00B51513) slli a0, a0, 0xb
x10 <- 0x0015555555555000
mem[X,0x0000000080034BD8] -> 0x0513
mem[X,0x0000000080034BDA] -> 0x5555
[8099] [M]: 0x0000000080034BD8 (0x55550513) addi a0, a0, 0x555
x10 <- 0x0015555555555555
clint::tick mtime <- 0x0000000000000051
 clint timer pending at mtime 0x0000000000000051
htif::tick 0x0000000000000000
mem[X,0x0000000080034BDC] -> 0x1513
mem[X,0x0000000080034BDE] -> 0x00A5
[8100] [M]: 0x0000000080034BDC (0x00A51513) slli a0, a0, 0xa
x10 <- 0x5555555555555400
mem[X,0x0000000080034BE0] -> 0x0513
mem[X,0x0000000080034BE2] -> 0x1565
[8101] [M]: 0x0000000080034BE0 (0x15650513) addi a0, a0, 0x156
x10 <- 0x5555555555555556
mem[X,0x0000000080034BE4] -> 0x55B7
mem[X,0x0000000080034BE6] -> 0x5555
[8102] [M]: 0x0000000080034BE4 (0x555555B7) lui a1, 0x55555
x11 <- 0x0000000055555000
mem[X,0x0000000080034BE8] -> 0x8593
mem[X,0x0000000080034BEA] -> 0x5555
[8103] [M]: 0x0000000080034BE8 (0x55558593) addi a1, a1, 0x555
x11 <- 0x0000000055555555
mem[X,0x0000000080034BEC] -> 0x9593
mem[X,0x0000000080034BEE] -> 0x00B5
[8104] [M]: 0x0000000080034BEC (0x00B59593) slli a1, a1, 0xb
x11 <- 0x000002AAAAAAA800
mem[X,0x0000000080034BF0] -> 0x8593
mem[X,0x0000000080034BF2] -> 0x2AA5
[8105] [M]: 0x0000000080034BF0 (0x2AA58593) addi a1, a1, 0x2aa
x11 <- 0x000002AAAAAAAAAA
mem[X,0x0000000080034BF4] -> 0x9593
mem[X,0x0000000080034BF6] -> 0x00B5
[8106] [M]: 0x0000000080034BF4 (0x00B59593) slli a1, a1, 0xb
x11 <- 0x0015555555555000
mem[X,0x0000000080034BF8] -> 0x8593
mem[X,0x0000000080034BFA] -> 0x5555
[8107] [M]: 0x0000000080034BF8 (0x55558593) addi a1, a1, 0x555
x11 <- 0x0015555555555555
mem[X,0x0000000080034BFC] -> 0x9593
mem[X,0x0000000080034BFE] -> 0x00A5
[8108] [M]: 0x0000000080034BFC (0x00A59593) slli a1, a1, 0xa
x11 <- 0x5555555555555400
mem[X,0x0000000080034C00] -> 0x8593
mem[X,0x0000000080034C02] -> 0x1545
[8109] [M]: 0x0000000080034C00 (0x15458593) addi a1, a1, 0x154
x11 <- 0x5555555555555554
mem[X,0x0000000080034C04] -> 0x0213
mem[X,0x0000000080034C06] -> 0x0000
[8110] [M]: 0x0000000080034C04 (0x00000213) addi tp, zero, 0x0
x4 <- 0x0000000000000000
mem[X,0x0000000080034C08] -> 0x006F
mem[X,0x0000000080034C0A] -> 0x00C0
[8111] [M]: 0x0000000080034C08 (0x00C0006F) jal zero, 0xc
mem[X,0x0000000080034C14] -> 0x0063
mem[X,0x0000000080034C16] -> 0x20B5
[8112] [M]: 0x0000000080034C14 (0x20B50063) beq a0, a1, 0x200
mem[X,0x0000000080034C18] -> 0x0213
mem[X,0x0000000080034C1A] -> 0x0022
[8113] [M]: 0x0000000080034C18 (0x00220213) addi tp, tp, 0x2
x4 <- 0x0000000000000002
mem[X,0x0000000080034C1C] -> 0x006F
mem[X,0x0000000080034C1E] -> 0x2000
[8114] [M]: 0x0000000080034C1C (0x2000006F) jal zero, 0x200
mem[X,0x0000000080034E1C] -> 0x3023
mem[X,0x0000000080034E1E] -> 0x7841
[8115] [M]: 0x0000000080034E1C (0x78413023) sd tp, 0x780(sp)
mem[0x0000000080049148] <- 0x0000000000000002
mem[X,0x0000000080034E20] -> 0x5537
mem[X,0x0000000080034E22] -> 0x5555
[8116] [M]: 0x0000000080034E20 (0x55555537) lui a0, 0x55555
x10 <- 0x0000000055555000
mem[X,0x0000000080034E24] -> 0x0513
mem[X,0x0000000080034E26] -> 0x5555
[8117] [M]: 0x0000000080034E24 (0x55550513) addi a0, a0, 0x555
x10 <- 0x0000000055555555
mem[X,0x0000000080034E28] -> 0x1513
mem[X,0x0000000080034E2A] -> 0x00B5
[8118] [M]: 0x0000000080034E28 (0x00B51513) slli a0, a0, 0xb
x10 <- 0x000002AAAAAAA800
mem[X,0x0000000080034E2C] -> 0x0513
mem[X,0x0000000080034E2E] -> 0x2AA5
[8119] [M]: 0x0000000080034E2C (0x2AA50513) addi a0, a0, 0x2aa
x10 <- 0x000002AAAAAAAAAA
mem[X,0x0000000080034E30] -> 0x1513
mem[X,0x0000000080034E32] -> 0x00B5
[8120] [M]: 0x0000000080034E30 (0x00B51513) slli a0, a0, 0xb
x10 <- 0x0015555555555000
mem[X,0x0000000080034E34] -> 0x0513
mem[X,0x0000000080034E36] -> 0x5555
[8121] [M]: 0x0000000080034E34 (0x55550513) addi a0, a0, 0x555
x10 <- 0x0015555555555555
mem[X,0x0000000080034E38] -> 0x1513
mem[X,0x0000000080034E3A] -> 0x00A5
[8122] [M]: 0x0000000080034E38 (0x00A51513) slli a0, a0, 0xa
x10 <- 0x5555555555555400
mem[X,0x0000000080034E3C] -> 0x0513
mem[X,0x0000000080034E3E] -> 0x1565
[8123] [M]: 0x0000000080034E3C (0x15650513) addi a0, a0, 0x156
x10 <- 0x5555555555555556
mem[X,0x0000000080034E40] -> 0x0593
mem[X,0x0000000080034E42] -> 0x0000
[8124] [M]: 0x0000000080034E40 (0x00000593) addi a1, zero, 0x0
x11 <- 0x0000000000000000
mem[X,0x0000000080034E44] -> 0x0213
mem[X,0x0000000080034E46] -> 0x0000
[8125] [M]: 0x0000000080034E44 (0x00000213) addi tp, zero, 0x0
x4 <- 0x0000000000000000
mem[X,0x0000000080034E48] -> 0x006F
mem[X,0x0000000080034E4A] -> 0x00C0
[8126] [M]: 0x0000000080034E48 (0x00C0006F) jal zero, 0xc
mem[X,0x0000000080034E54] -> 0x0063
mem[X,0x0000000080034E56] -> 0x02B5
[8127] [M]: 0x0000000080034E54 (0x02B50063) beq a0, a1, 0x20
mem[X,0x0000000080034E58] -> 0x0213
mem[X,0x0000000080034E5A] -> 0x0022
[8128] [M]: 0x0000000080034E58 (0x00220213) addi tp, tp, 0x2
x4 <- 0x0000000000000002
mem[X,0x0000000080034E5C] -> 0x006F
mem[X,0x0000000080034E5E] -> 0x0200
[8129] [M]: 0x0000000080034E5C (0x0200006F) jal zero, 0x20
mem[X,0x0000000080034E7C] -> 0x3423
mem[X,0x0000000080034E7E] -> 0x7841
[8130] [M]: 0x0000000080034E7C (0x78413423) sd tp, 0x788(sp)
mem[0x0000000080049150] <- 0x0000000000000002
mem[X,0x0000000080034E80] -> 0x5537
mem[X,0x0000000080034E82] -> 0x5555
[8131] [M]: 0x0000000080034E80 (0x55555537) lui a0, 0x55555
x10 <- 0x0000000055555000
mem[X,0x0000000080034E84] -> 0x0513
mem[X,0x0000000080034E86] -> 0x5555
[8132] [M]: 0x0000000080034E84 (0x55550513) addi a0, a0, 0x555
x10 <- 0x0000000055555555
mem[X,0x0000000080034E88] -> 0x1513
mem[X,0x0000000080034E8A] -> 0x00B5
[8133] [M]: 0x0000000080034E88 (0x00B51513) slli a0, a0, 0xb
x10 <- 0x000002AAAAAAA800
mem[X,0x0000000080034E8C] -> 0x0513
mem[X,0x0000000080034E8E] -> 0x2AA5
[8134] [M]: 0x0000000080034E8C (0x2AA50513) addi a0, a0, 0x2aa
x10 <- 0x000002AAAAAAAAAA
mem[X,0x0000000080034E90] -> 0x1513
mem[X,0x0000000080034E92] -> 0x00B5
[8135] [M]: 0x0000000080034E90 (0x00B51513) slli a0, a0, 0xb
x10 <- 0x0015555555555000
mem[X,0x0000000080034E94] -> 0x0513
mem[X,0x0000000080034E96] -> 0x5555
[8136] [M]: 0x0000000080034E94 (0x55550513) addi a0, a0, 0x555
x10 <- 0x0015555555555555
mem[X,0x0000000080034E98] -> 0x1513
mem[X,0x0000000080034E9A] -> 0x00A5
[8137] [M]: 0x0000000080034E98 (0x00A51513) slli a0, a0, 0xa
x10 <- 0x5555555555555400
mem[X,0x0000000080034E9C] -> 0x0513
mem[X,0x0000000080034E9E] -> 0x1565
[8138] [M]: 0x0000000080034E9C (0x15650513) addi a0, a0, 0x156
x10 <- 0x5555555555555556
mem[X,0x0000000080034EA0] -> 0x0593
mem[X,0x0000000080034EA2] -> 0x0040
[8139] [M]: 0x0000000080034EA0 (0x00400593) addi a1, zero, 0x4
x11 <- 0x0000000000000004
mem[X,0x0000000080034EA4] -> 0x0213
mem[X,0x0000000080034EA6] -> 0x0000
[8140] [M]: 0x0000000080034EA4 (0x00000213) addi tp, zero, 0x0
x4 <- 0x0000000000000000
mem[X,0x0000000080034EA8] -> 0x006F
mem[X,0x0000000080034EAA] -> 0x00C0
[8141] [M]: 0x0000000080034EA8 (0x00C0006F) jal zero, 0xc
mem[X,0x0000000080034EB4] -> 0x0063
mem[X,0x0000000080034EB6] -> 0x02B5
[8142] [M]: 0x0000000080034EB4 (0x02B50063) beq a0, a1, 0x20
mem[X,0x0000000080034EB8] -> 0x0213
mem[X,0x0000000080034EBA] -> 0x0022
[8143] [M]: 0x0000000080034EB8 (0x00220213) addi tp, tp, 0x2
x4 <- 0x0000000000000002
mem[X,0x0000000080034EBC] -> 0x006F
mem[X,0x0000000080034EBE] -> 0x0200
[8144] [M]: 0x0000000080034EBC (0x0200006F) jal zero, 0x20
mem[X,0x0000000080034EDC] -> 0x3823
mem[X,0x0000000080034EDE] -> 0x7841
[8145] [M]: 0x0000000080034EDC (0x78413823) sd tp, 0x790(sp)
mem[0x0000000080049158] <- 0x0000000000000002
mem[X,0x0000000080034EE0] -> 0x5537
mem[X,0x0000000080034EE2] -> 0x5555
[8146] [M]: 0x0000000080034EE0 (0x55555537) lui a0, 0x55555
x10 <- 0x0000000055555000
mem[X,0x0000000080034EE4] -> 0x0513
mem[X,0x0000000080034EE6] -> 0x5555
[8147] [M]: 0x0000000080034EE4 (0x55550513) addi a0, a0, 0x555
x10 <- 0x0000000055555555
mem[X,0x0000000080034EE8] -> 0x1513
mem[X,0x0000000080034EEA] -> 0x00B5
[8148] [M]: 0x0000000080034EE8 (0x00B51513) slli a0, a0, 0xb
x10 <- 0x000002AAAAAAA800
mem[X,0x0000000080034EEC] -> 0x0513
mem[X,0x0000000080034EEE] -> 0x2AA5
[8149] [M]: 0x0000000080034EEC (0x2AA50513) addi a0, a0, 0x2aa
x10 <- 0x000002AAAAAAAAAA
mem[X,0x0000000080034EF0] -> 0x1513
mem[X,0x0000000080034EF2] -> 0x00B5
[8150] [M]: 0x0000000080034EF0 (0x00B51513) slli a0, a0, 0xb
x10 <- 0x0015555555555000
mem[X,0x0000000080034EF4] -> 0x0513
mem[X,0x0000000080034EF6] -> 0x5555
[8151] [M]: 0x0000000080034EF4 (0x55550513) addi a0, a0, 0x555
x10 <- 0x0015555555555555
mem[X,0x0000000080034EF8] -> 0x1513
mem[X,0x0000000080034EFA] -> 0x00A5
[8152] [M]: 0x0000000080034EF8 (0x00A51513) slli a0, a0, 0xa
x10 <- 0x5555555555555400
mem[X,0x0000000080034EFC] -> 0x0513
mem[X,0x0000000080034EFE] -> 0x1565
[8153] [M]: 0x0000000080034EFC (0x15650513) addi a0, a0, 0x156
x10 <- 0x5555555555555556
mem[X,0x0000000080034F00] -> 0x35B7
mem[X,0x0000000080034F02] -> 0x3333
[8154] [M]: 0x0000000080034F00 (0x333335B7) lui a1, 0x33333
x11 <- 0x0000000033333000
mem[X,0x0000000080034F04] -> 0x8593
mem[X,0x0000000080034F06] -> 0x3335
[8155] [M]: 0x0000000080034F04 (0x33358593) addi a1, a1, 0x333
x11 <- 0x0000000033333333
mem[X,0x0000000080034F08] -> 0x9593
mem[X,0x0000000080034F0A] -> 0x00B5
[8156] [M]: 0x0000000080034F08 (0x00B59593) slli a1, a1, 0xb
x11 <- 0x0000019999999800
mem[X,0x0000000080034F0C] -> 0x8593
mem[X,0x0000000080034F0E] -> 0x1995
[8157] [M]: 0x0000000080034F0C (0x19958593) addi a1, a1, 0x199
x11 <- 0x0000019999999999
mem[X,0x0000000080034F10] -> 0x9593
mem[X,0x0000000080034F12] -> 0x00B5
[8158] [M]: 0x0000000080034F10 (0x00B59593) slli a1, a1, 0xb
x11 <- 0x000CCCCCCCCCC800
mem[X,0x0000000080034F14] -> 0x8593
mem[X,0x0000000080034F16] -> 0x4CC5
[8159] [M]: 0x0000000080034F14 (0x4CC58593) addi a1, a1, 0x4cc
x11 <- 0x000CCCCCCCCCCCCC
mem[X,0x0000000080034F18] -> 0x9593
mem[X,0x0000000080034F1A] -> 0x00A5
[8160] [M]: 0x0000000080034F18 (0x00A59593) slli a1, a1, 0xa
x11 <- 0x3333333333333000
mem[X,0x0000000080034F1C] -> 0x8593
mem[X,0x0000000080034F1E] -> 0x3325
[8161] [M]: 0x0000000080034F1C (0x33258593) addi a1, a1, 0x332
x11 <- 0x3333333333333332
mem[X,0x0000000080034F20] -> 0x0213
mem[X,0x0000000080034F22] -> 0x0000
[8162] [M]: 0x0000000080034F20 (0x00000213) addi tp, zero, 0x0
x4 <- 0x0000000000000000
mem[X,0x0000000080034F24] -> 0x006F
mem[X,0x0000000080034F26] -> 0x00C0
[8163] [M]: 0x0000000080034F24 (0x00C0006F) jal zero, 0xc
mem[X,0x0000000080034F30] -> 0x0CE3
mem[X,0x0000000080034F32] -> 0xFEB5
[8164] [M]: 0x0000000080034F30 (0xFEB50CE3) beq a0, a1, -0x8
mem[X,0x0000000080034F34] -> 0x0213
mem[X,0x0000000080034F36] -> 0x0022
[8165] [M]: 0x0000000080034F34 (0x00220213) addi tp, tp, 0x2
x4 <- 0x0000000000000002
mem[X,0x0000000080034F38] -> 0x006F
mem[X,0x0000000080034F3A] -> 0x00C0
[8166] [M]: 0x0000000080034F38 (0x00C0006F) jal zero, 0xc
mem[X,0x0000000080034F44] -> 0x3C23
mem[X,0x0000000080034F46] -> 0x7841
[8167] [M]: 0x0000000080034F44 (0x78413C23) sd tp, 0x798(sp)
mem[0x0000000080049160] <- 0x0000000000000002
mem[X,0x0000000080034F48] -> 0x5537
mem[X,0x0000000080034F4A] -> 0x5555
[8168] [M]: 0x0000000080034F48 (0x55555537) lui a0, 0x55555
x10 <- 0x0000000055555000
mem[X,0x0000000080034F4C] -> 0x0513
mem[X,0x0000000080034F4E] -> 0x5555
[8169] [M]: 0x0000000080034F4C (0x55550513) addi a0, a0, 0x555
x10 <- 0x0000000055555555
mem[X,0x0000000080034F50] -> 0x1513
mem[X,0x0000000080034F52] -> 0x00B5
[8170] [M]: 0x0000000080034F50 (0x00B51513) slli a0, a0, 0xb
x10 <- 0x000002AAAAAAA800
mem[X,0x0000000080034F54] -> 0x0513
mem[X,0x0000000080034F56] -> 0x2AA5
[8171] [M]: 0x0000000080034F54 (0x2AA50513) addi a0, a0, 0x2aa
x10 <- 0x000002AAAAAAAAAA
mem[X,0x0000000080034F58] -> 0x1513
mem[X,0x0000000080034F5A] -> 0x00B5
[8172] [M]: 0x0000000080034F58 (0x00B51513) slli a0, a0, 0xb
x10 <- 0x0015555555555000
mem[X,0x0000000080034F5C] -> 0x0513
mem[X,0x0000000080034F5E] -> 0x5555
[8173] [M]: 0x0000000080034F5C (0x55550513) addi a0, a0, 0x555
x10 <- 0x0015555555555555
mem[X,0x0000000080034F60] -> 0x1513
mem[X,0x0000000080034F62] -> 0x00A5
[8174] [M]: 0x0000000080034F60 (0x00A51513) slli a0, a0, 0xa
x10 <- 0x5555555555555400
mem[X,0x0000000080034F64] -> 0x0513
mem[X,0x0000000080034F66] -> 0x1565
[8175] [M]: 0x0000000080034F64 (0x15650513) addi a0, a0, 0x156
x10 <- 0x5555555555555556
mem[X,0x0000000080034F68] -> 0x65B7
mem[X,0x0000000080034F6A] -> 0x6666
[8176] [M]: 0x0000000080034F68 (0x666665B7) lui a1, 0x66666
x11 <- 0x0000000066666000
mem[X,0x0000000080034F6C] -> 0x8593
mem[X,0x0000000080034F6E] -> 0x6665
[8177] [M]: 0x0000000080034F6C (0x66658593) addi a1, a1, 0x666
x11 <- 0x0000000066666666
mem[X,0x0000000080034F70] -> 0x9593
mem[X,0x0000000080034F72] -> 0x00B5
[8178] [M]: 0x0000000080034F70 (0x00B59593) slli a1, a1, 0xb
x11 <- 0x0000033333333000
mem[X,0x0000000080034F74] -> 0x8593
mem[X,0x0000000080034F76] -> 0x3335
[8179] [M]: 0x0000000080034F74 (0x33358593) addi a1, a1, 0x333
x11 <- 0x0000033333333333
mem[X,0x0000000080034F78] -> 0x9593
mem[X,0x0000000080034F7A] -> 0x00B5
[8180] [M]: 0x0000000080034F78 (0x00B59593) slli a1, a1, 0xb
x11 <- 0x0019999999999800
mem[X,0x0000000080034F7C] -> 0x8593
mem[X,0x0000000080034F7E] -> 0x1995
[8181] [M]: 0x0000000080034F7C (0x19958593) addi a1, a1, 0x199
x11 <- 0x0019999999999999
mem[X,0x0000000080034F80] -> 0x9593
mem[X,0x0000000080034F82] -> 0x00A5
[8182] [M]: 0x0000000080034F80 (0x00A59593) slli a1, a1, 0xa
x11 <- 0x6666666666666400
mem[X,0x0000000080034F84] -> 0x8593
mem[X,0x0000000080034F86] -> 0x2655
[8183] [M]: 0x0000000080034F84 (0x26558593) addi a1, a1, 0x265
x11 <- 0x6666666666666665
mem[X,0x0000000080034F88] -> 0x0213
mem[X,0x0000000080034F8A] -> 0x0000
[8184] [M]: 0x0000000080034F88 (0x00000213) addi tp, zero, 0x0
x4 <- 0x0000000000000000
mem[X,0x0000000080034F8C] -> 0x006F
mem[X,0x0000000080034F8E] -> 0x0050
[8185] [M]: 0x0000000080034F8C (0x0050006F) jal zero, 0x804
mem[X,0x0000000080035790] -> 0x00E3
mem[X,0x0000000080035792] -> 0x80B5
[8186] [M]: 0x0000000080035790 (0x80B500E3) beq a0, a1, -0x800
mem[X,0x0000000080035794] -> 0x0213
mem[X,0x0000000080035796] -> 0x0022
[8187] [M]: 0x0000000080035794 (0x00220213) addi tp, tp, 0x2
x4 <- 0x0000000000000002
mem[X,0x0000000080035798] -> 0x006F
mem[X,0x000000008003579A] -> 0x00C0
[8188] [M]: 0x0000000080035798 (0x00C0006F) jal zero, 0xc
mem[X,0x00000000800357A4] -> 0x3023
mem[X,0x00000000800357A6] -> 0x7A41
[8189] [M]: 0x00000000800357A4 (0x7A413023) sd tp, 0x7a0(sp)
mem[0x0000000080049168] <- 0x0000000000000002
mem[X,0x00000000800357A8] -> 0x5537
mem[X,0x00000000800357AA] -> 0x5555
[8190] [M]: 0x00000000800357A8 (0x55555537) lui a0, 0x55555
x10 <- 0x0000000055555000
mem[X,0x00000000800357AC] -> 0x0513
mem[X,0x00000000800357AE] -> 0x5555
[8191] [M]: 0x00000000800357AC (0x55550513) addi a0, a0, 0x555
x10 <- 0x0000000055555555
mem[X,0x00000000800357B0] -> 0x1513
mem[X,0x00000000800357B2] -> 0x00B5
[8192] [M]: 0x00000000800357B0 (0x00B51513) slli a0, a0, 0xb
x10 <- 0x000002AAAAAAA800
mem[X,0x00000000800357B4] -> 0x0513
mem[X,0x00000000800357B6] -> 0x2AA5
[8193] [M]: 0x00000000800357B4 (0x2AA50513) addi a0, a0, 0x2aa
x10 <- 0x000002AAAAAAAAAA
mem[X,0x00000000800357B8] -> 0x1513
mem[X,0x00000000800357BA] -> 0x00B5
[8194] [M]: 0x00000000800357B8 (0x00B51513) slli a0, a0, 0xb
x10 <- 0x0015555555555000
mem[X,0x00000000800357BC] -> 0x0513
mem[X,0x00000000800357BE] -> 0x5555
[8195] [M]: 0x00000000800357BC (0x55550513) addi a0, a0, 0x555
x10 <- 0x0015555555555555
mem[X,0x00000000800357C0] -> 0x1513
mem[X,0x00000000800357C2] -> 0x00A5
[8196] [M]: 0x00000000800357C0 (0x00A51513) slli a0, a0, 0xa
x10 <- 0x5555555555555400
mem[X,0x00000000800357C4] -> 0x0513
mem[X,0x00000000800357C6] -> 0x1565
[8197] [M]: 0x00000000800357C4 (0x15650513) addi a0, a0, 0x156
x10 <- 0x5555555555555556
mem[X,0x00000000800357C8] -> 0x05B7
mem[X,0x00000000800357CA] -> 0x0000
[8198] [M]: 0x00000000800357C8 (0x000005B7) lui a1, 0x0
x11 <- 0x0000000000000000
mem[X,0x00000000800357CC] -> 0x8593
mem[X,0x00000000800357CE] -> 0x0005
[8199] [M]: 0x00000000800357CC (0x00058593) addi a1, a1, 0x0
x11 <- 0x0000000000000000
clint::tick mtime <- 0x0000000000000052
 clint timer pending at mtime 0x0000000000000052
htif::tick 0x0000000000000000
mem[X,0x00000000800357D0] -> 0x9593
mem[X,0x00000000800357D2] -> 0x00B5
[8200] [M]: 0x00000000800357D0 (0x00B59593) slli a1, a1, 0xb
x11 <- 0x0000000000000000
mem[X,0x00000000800357D4] -> 0x8593
mem[X,0x00000000800357D6] -> 0x5A85
[8201] [M]: 0x00000000800357D4 (0x5A858593) addi a1, a1, 0x5a8
x11 <- 0x00000000000005A8
mem[X,0x00000000800357D8] -> 0x9593
mem[X,0x00000000800357DA] -> 0x00B5
[8202] [M]: 0x00000000800357D8 (0x00B59593) slli a1, a1, 0xb
x11 <- 0x00000000002D4000
mem[X,0x00000000800357DC] -> 0x8593
mem[X,0x00000000800357DE] -> 0x13C5
[8203] [M]: 0x00000000800357DC (0x13C58593) addi a1, a1, 0x13c
x11 <- 0x00000000002D413C
mem[X,0x00000000800357E0] -> 0x9593
mem[X,0x00000000800357E2] -> 0x00A5
[8204] [M]: 0x00000000800357E0 (0x00A59593) slli a1, a1, 0xa
x11 <- 0x00000000B504F000
mem[X,0x00000000800357E4] -> 0x8593
mem[X,0x00000000800357E6] -> 0x3325
[8205] [M]: 0x00000000800357E4 (0x33258593) addi a1, a1, 0x332
x11 <- 0x00000000B504F332
mem[X,0x00000000800357E8] -> 0x0213
mem[X,0x00000000800357EA] -> 0x0000
[8206] [M]: 0x00000000800357E8 (0x00000213) addi tp, zero, 0x0
x4 <- 0x0000000000000000
mem[X,0x00000000800357EC] -> 0x006F
mem[X,0x00000000800357EE] -> 0x0140
[8207] [M]: 0x00000000800357EC (0x0140006F) jal zero, 0x14
mem[X,0x0000000080035800] -> 0x08E3
mem[X,0x0000000080035802] -> 0xFEB5
[8208] [M]: 0x0000000080035800 (0xFEB508E3) beq a0, a1, -0x10
mem[X,0x0000000080035804] -> 0x0213
mem[X,0x0000000080035806] -> 0x0022
[8209] [M]: 0x0000000080035804 (0x00220213) addi tp, tp, 0x2
x4 <- 0x0000000000000002
mem[X,0x0000000080035808] -> 0x006F
mem[X,0x000000008003580A] -> 0x00C0
[8210] [M]: 0x0000000080035808 (0x00C0006F) jal zero, 0xc
mem[X,0x0000000080035814] -> 0x3423
mem[X,0x0000000080035816] -> 0x7A41
[8211] [M]: 0x0000000080035814 (0x7A413423) sd tp, 0x7a8(sp)
mem[0x0000000080049170] <- 0x0000000000000002
mem[X,0x0000000080035818] -> 0x5537
mem[X,0x000000008003581A] -> 0x5555
[8212] [M]: 0x0000000080035818 (0x55555537) lui a0, 0x55555
x10 <- 0x0000000055555000
mem[X,0x000000008003581C] -> 0x0513
mem[X,0x000000008003581E] -> 0x5555
[8213] [M]: 0x000000008003581C (0x55550513) addi a0, a0, 0x555
x10 <- 0x0000000055555555
mem[X,0x0000000080035820] -> 0x1513
mem[X,0x0000000080035822] -> 0x00B5
[8214] [M]: 0x0000000080035820 (0x00B51513) slli a0, a0, 0xb
x10 <- 0x000002AAAAAAA800
mem[X,0x0000000080035824] -> 0x0513
mem[X,0x0000000080035826] -> 0x2AA5
[8215] [M]: 0x0000000080035824 (0x2AA50513) addi a0, a0, 0x2aa
x10 <- 0x000002AAAAAAAAAA
mem[X,0x0000000080035828] -> 0x1513
mem[X,0x000000008003582A] -> 0x00B5
[8216] [M]: 0x0000000080035828 (0x00B51513) slli a0, a0, 0xb
x10 <- 0x0015555555555000
mem[X,0x000000008003582C] -> 0x0513
mem[X,0x000000008003582E] -> 0x5555
[8217] [M]: 0x000000008003582C (0x55550513) addi a0, a0, 0x555
x10 <- 0x0015555555555555
mem[X,0x0000000080035830] -> 0x1513
mem[X,0x0000000080035832] -> 0x00A5
[8218] [M]: 0x0000000080035830 (0x00A51513) slli a0, a0, 0xa
x10 <- 0x5555555555555400
mem[X,0x0000000080035834] -> 0x0513
mem[X,0x0000000080035836] -> 0x1565
[8219] [M]: 0x0000000080035834 (0x15650513) addi a0, a0, 0x156
x10 <- 0x5555555555555556
mem[X,0x0000000080035838] -> 0x55B7
mem[X,0x000000008003583A] -> 0x5555
[8220] [M]: 0x0000000080035838 (0x555555B7) lui a1, 0x55555
x11 <- 0x0000000055555000
mem[X,0x000000008003583C] -> 0x8593
mem[X,0x000000008003583E] -> 0x5555
[8221] [M]: 0x000000008003583C (0x55558593) addi a1, a1, 0x555
x11 <- 0x0000000055555555
mem[X,0x0000000080035840] -> 0x9593
mem[X,0x0000000080035842] -> 0x00B5
[8222] [M]: 0x0000000080035840 (0x00B59593) slli a1, a1, 0xb
x11 <- 0x000002AAAAAAA800
mem[X,0x0000000080035844] -> 0x8593
mem[X,0x0000000080035846] -> 0x2AA5
[8223] [M]: 0x0000000080035844 (0x2AA58593) addi a1, a1, 0x2aa
x11 <- 0x000002AAAAAAAAAA
mem[X,0x0000000080035848] -> 0x9593
mem[X,0x000000008003584A] -> 0x00B5
[8224] [M]: 0x0000000080035848 (0x00B59593) slli a1, a1, 0xb
x11 <- 0x0015555555555000
mem[X,0x000000008003584C] -> 0x8593
mem[X,0x000000008003584E] -> 0x5555
[8225] [M]: 0x000000008003584C (0x55558593) addi a1, a1, 0x555
x11 <- 0x0015555555555555
mem[X,0x0000000080035850] -> 0x9593
mem[X,0x0000000080035852] -> 0x00A5
[8226] [M]: 0x0000000080035850 (0x00A59593) slli a1, a1, 0xa
x11 <- 0x5555555555555400
mem[X,0x0000000080035854] -> 0x8593
mem[X,0x0000000080035856] -> 0x1565
[8227] [M]: 0x0000000080035854 (0x15658593) addi a1, a1, 0x156
x11 <- 0x5555555555555556
mem[X,0x0000000080035858] -> 0x0213
mem[X,0x000000008003585A] -> 0x0000
[8228] [M]: 0x0000000080035858 (0x00000213) addi tp, zero, 0x0
x4 <- 0x0000000000000000
mem[X,0x000000008003585C] -> 0x006F
mem[X,0x000000008003585E] -> 0x00C0
[8229] [M]: 0x000000008003585C (0x00C0006F) jal zero, 0xc
mem[X,0x0000000080035868] -> 0x0063
mem[X,0x000000008003586A] -> 0x02B5
[8230] [M]: 0x0000000080035868 (0x02B50063) beq a0, a1, 0x20
mem[X,0x0000000080035888] -> 0x0213
mem[X,0x000000008003588A] -> 0x0032
[8231] [M]: 0x0000000080035888 (0x00320213) addi tp, tp, 0x3
x4 <- 0x0000000000000003
mem[X,0x000000008003588C] -> 0x006F
mem[X,0x000000008003588E] -> 0x0040
[8232] [M]: 0x000000008003588C (0x0040006F) jal zero, 0x4
mem[X,0x0000000080035890] -> 0x3823
mem[X,0x0000000080035892] -> 0x7A41
[8233] [M]: 0x0000000080035890 (0x7A413823) sd tp, 0x7b0(sp)
mem[0x0000000080049178] <- 0x0000000000000003
mem[X,0x0000000080035894] -> 0x5537
mem[X,0x0000000080035896] -> 0x5555
[8234] [M]: 0x0000000080035894 (0x55555537) lui a0, 0x55555
x10 <- 0x0000000055555000
mem[X,0x0000000080035898] -> 0x0513
mem[X,0x000000008003589A] -> 0x5555
[8235] [M]: 0x0000000080035898 (0x55550513) addi a0, a0, 0x555
x10 <- 0x0000000055555555
mem[X,0x000000008003589C] -> 0x1513
mem[X,0x000000008003589E] -> 0x00B5
[8236] [M]: 0x000000008003589C (0x00B51513) slli a0, a0, 0xb
x10 <- 0x000002AAAAAAA800
mem[X,0x00000000800358A0] -> 0x0513
mem[X,0x00000000800358A2] -> 0x2AA5
[8237] [M]: 0x00000000800358A0 (0x2AA50513) addi a0, a0, 0x2aa
x10 <- 0x000002AAAAAAAAAA
mem[X,0x00000000800358A4] -> 0x1513
mem[X,0x00000000800358A6] -> 0x00B5
[8238] [M]: 0x00000000800358A4 (0x00B51513) slli a0, a0, 0xb
x10 <- 0x0015555555555000
mem[X,0x00000000800358A8] -> 0x0513
mem[X,0x00000000800358AA] -> 0x5555
[8239] [M]: 0x00000000800358A8 (0x55550513) addi a0, a0, 0x555
x10 <- 0x0015555555555555
mem[X,0x00000000800358AC] -> 0x1513
mem[X,0x00000000800358AE] -> 0x00A5
[8240] [M]: 0x00000000800358AC (0x00A51513) slli a0, a0, 0xa
x10 <- 0x5555555555555400
mem[X,0x00000000800358B0] -> 0x0513
mem[X,0x00000000800358B2] -> 0x1565
[8241] [M]: 0x00000000800358B0 (0x15650513) addi a0, a0, 0x156
x10 <- 0x5555555555555556
mem[X,0x00000000800358B4] -> 0xB5B7
mem[X,0x00000000800358B6] -> 0xAAAA
[8242] [M]: 0x00000000800358B4 (0xAAAAB5B7) lui a1, -0x55555
x11 <- 0xFFFFFFFFAAAAB000
mem[X,0x00000000800358B8] -> 0x8593
mem[X,0x00000000800358BA] -> 0xAAA5
[8243] [M]: 0x00000000800358B8 (0xAAA58593) addi a1, a1, -0x556
x11 <- 0xFFFFFFFFAAAAAAAA
mem[X,0x00000000800358BC] -> 0x9593
mem[X,0x00000000800358BE] -> 0x00B5
[8244] [M]: 0x00000000800358BC (0x00B59593) slli a1, a1, 0xb
x11 <- 0xFFFFFD5555555000
mem[X,0x00000000800358C0] -> 0x8593
mem[X,0x00000000800358C2] -> 0x5555
[8245] [M]: 0x00000000800358C0 (0x55558593) addi a1, a1, 0x555
x11 <- 0xFFFFFD5555555555
mem[X,0x00000000800358C4] -> 0x9593
mem[X,0x00000000800358C6] -> 0x00B5
[8246] [M]: 0x00000000800358C4 (0x00B59593) slli a1, a1, 0xb
x11 <- 0xFFEAAAAAAAAAA800
mem[X,0x00000000800358C8] -> 0x8593
mem[X,0x00000000800358CA] -> 0x2AA5
[8247] [M]: 0x00000000800358C8 (0x2AA58593) addi a1, a1, 0x2aa
x11 <- 0xFFEAAAAAAAAAAAAA
mem[X,0x00000000800358CC] -> 0x9593
mem[X,0x00000000800358CE] -> 0x00A5
[8248] [M]: 0x00000000800358CC (0x00A59593) slli a1, a1, 0xa
x11 <- 0xAAAAAAAAAAAAA800
mem[X,0x00000000800358D0] -> 0x8593
mem[X,0x00000000800358D2] -> 0x2AB5
[8249] [M]: 0x00000000800358D0 (0x2AB58593) addi a1, a1, 0x2ab
x11 <- 0xAAAAAAAAAAAAAAAB
mem[X,0x00000000800358D4] -> 0x0213
mem[X,0x00000000800358D6] -> 0x0000
[8250] [M]: 0x00000000800358D4 (0x00000213) addi tp, zero, 0x0
x4 <- 0x0000000000000000
mem[X,0x00000000800358D8] -> 0x006F
mem[X,0x00000000800358DA] -> 0x0050
[8251] [M]: 0x00000000800358D8 (0x0050006F) jal zero, 0x804
mem[X,0x00000000800360DC] -> 0x00E3
mem[X,0x00000000800360DE] -> 0x80B5
[8252] [M]: 0x00000000800360DC (0x80B500E3) beq a0, a1, -0x800
mem[X,0x00000000800360E0] -> 0x0213
mem[X,0x00000000800360E2] -> 0x0022
[8253] [M]: 0x00000000800360E0 (0x00220213) addi tp, tp, 0x2
x4 <- 0x0000000000000002
mem[X,0x00000000800360E4] -> 0x006F
mem[X,0x00000000800360E6] -> 0x00C0
[8254] [M]: 0x00000000800360E4 (0x00C0006F) jal zero, 0xc
mem[X,0x00000000800360F0] -> 0x3C23
mem[X,0x00000000800360F2] -> 0x7A41
[8255] [M]: 0x00000000800360F0 (0x7A413C23) sd tp, 0x7b8(sp)
mem[0x0000000080049180] <- 0x0000000000000002
mem[X,0x00000000800360F4] -> 0x5537
mem[X,0x00000000800360F6] -> 0x5555
[8256] [M]: 0x00000000800360F4 (0x55555537) lui a0, 0x55555
x10 <- 0x0000000055555000
mem[X,0x00000000800360F8] -> 0x0513
mem[X,0x00000000800360FA] -> 0x5555
[8257] [M]: 0x00000000800360F8 (0x55550513) addi a0, a0, 0x555
x10 <- 0x0000000055555555
mem[X,0x00000000800360FC] -> 0x1513
mem[X,0x00000000800360FE] -> 0x00B5
[8258] [M]: 0x00000000800360FC (0x00B51513) slli a0, a0, 0xb
x10 <- 0x000002AAAAAAA800
mem[X,0x0000000080036100] -> 0x0513
mem[X,0x0000000080036102] -> 0x2AA5
[8259] [M]: 0x0000000080036100 (0x2AA50513) addi a0, a0, 0x2aa
x10 <- 0x000002AAAAAAAAAA
mem[X,0x0000000080036104] -> 0x1513
mem[X,0x0000000080036106] -> 0x00B5
[8260] [M]: 0x0000000080036104 (0x00B51513) slli a0, a0, 0xb
x10 <- 0x0015555555555000
mem[X,0x0000000080036108] -> 0x0513
mem[X,0x000000008003610A] -> 0x5555
[8261] [M]: 0x0000000080036108 (0x55550513) addi a0, a0, 0x555
x10 <- 0x0015555555555555
mem[X,0x000000008003610C] -> 0x1513
mem[X,0x000000008003610E] -> 0x00A5
[8262] [M]: 0x000000008003610C (0x00A51513) slli a0, a0, 0xa
x10 <- 0x5555555555555400
mem[X,0x0000000080036110] -> 0x0513
mem[X,0x0000000080036112] -> 0x1565
[8263] [M]: 0x0000000080036110 (0x15650513) addi a0, a0, 0x156
x10 <- 0x5555555555555556
mem[X,0x0000000080036114] -> 0x0593
mem[X,0x0000000080036116] -> 0x0060
[8264] [M]: 0x0000000080036114 (0x00600593) addi a1, zero, 0x6
x11 <- 0x0000000000000006
mem[X,0x0000000080036118] -> 0x0213
mem[X,0x000000008003611A] -> 0x0000
[8265] [M]: 0x0000000080036118 (0x00000213) addi tp, zero, 0x0
x4 <- 0x0000000000000000
mem[X,0x000000008003611C] -> 0x006F
mem[X,0x000000008003611E] -> 0x00C0
[8266] [M]: 0x000000008003611C (0x00C0006F) jal zero, 0xc
mem[X,0x0000000080036128] -> 0x0063
mem[X,0x000000008003612A] -> 0x04B5
[8267] [M]: 0x0000000080036128 (0x04B50063) beq a0, a1, 0x40
mem[X,0x000000008003612C] -> 0x0213
mem[X,0x000000008003612E] -> 0x0022
[8268] [M]: 0x000000008003612C (0x00220213) addi tp, tp, 0x2
x4 <- 0x0000000000000002
mem[X,0x0000000080036130] -> 0x006F
mem[X,0x0000000080036132] -> 0x0400
[8269] [M]: 0x0000000080036130 (0x0400006F) jal zero, 0x40
mem[X,0x0000000080036170] -> 0x3023
mem[X,0x0000000080036172] -> 0x7C41
[8270] [M]: 0x0000000080036170 (0x7C413023) sd tp, 0x7c0(sp)
mem[0x0000000080049188] <- 0x0000000000000002
mem[X,0x0000000080036174] -> 0x5537
mem[X,0x0000000080036176] -> 0x5555
[8271] [M]: 0x0000000080036174 (0x55555537) lui a0, 0x55555
x10 <- 0x0000000055555000
mem[X,0x0000000080036178] -> 0x0513
mem[X,0x000000008003617A] -> 0x5555
[8272] [M]: 0x0000000080036178 (0x55550513) addi a0, a0, 0x555
x10 <- 0x0000000055555555
mem[X,0x000000008003617C] -> 0x1513
mem[X,0x000000008003617E] -> 0x00B5
[8273] [M]: 0x000000008003617C (0x00B51513) slli a0, a0, 0xb
x10 <- 0x000002AAAAAAA800
mem[X,0x0000000080036180] -> 0x0513
mem[X,0x0000000080036182] -> 0x2AA5
[8274] [M]: 0x0000000080036180 (0x2AA50513) addi a0, a0, 0x2aa
x10 <- 0x000002AAAAAAAAAA
mem[X,0x0000000080036184] -> 0x1513
mem[X,0x0000000080036186] -> 0x00B5
[8275] [M]: 0x0000000080036184 (0x00B51513) slli a0, a0, 0xb
x10 <- 0x0015555555555000
mem[X,0x0000000080036188] -> 0x0513
mem[X,0x000000008003618A] -> 0x5555
[8276] [M]: 0x0000000080036188 (0x55550513) addi a0, a0, 0x555
x10 <- 0x0015555555555555
mem[X,0x000000008003618C] -> 0x1513
mem[X,0x000000008003618E] -> 0x00A5
[8277] [M]: 0x000000008003618C (0x00A51513) slli a0, a0, 0xa
x10 <- 0x5555555555555400
mem[X,0x0000000080036190] -> 0x0513
mem[X,0x0000000080036192] -> 0x1565
[8278] [M]: 0x0000000080036190 (0x15650513) addi a0, a0, 0x156
x10 <- 0x5555555555555556
mem[X,0x0000000080036194] -> 0x35B7
mem[X,0x0000000080036196] -> 0x3333
[8279] [M]: 0x0000000080036194 (0x333335B7) lui a1, 0x33333
x11 <- 0x0000000033333000
mem[X,0x0000000080036198] -> 0x8593
mem[X,0x000000008003619A] -> 0x3335
[8280] [M]: 0x0000000080036198 (0x33358593) addi a1, a1, 0x333
x11 <- 0x0000000033333333
mem[X,0x000000008003619C] -> 0x9593
mem[X,0x000000008003619E] -> 0x00B5
[8281] [M]: 0x000000008003619C (0x00B59593) slli a1, a1, 0xb
x11 <- 0x0000019999999800
mem[X,0x00000000800361A0] -> 0x8593
mem[X,0x00000000800361A2] -> 0x1995
[8282] [M]: 0x00000000800361A0 (0x19958593) addi a1, a1, 0x199
x11 <- 0x0000019999999999
mem[X,0x00000000800361A4] -> 0x9593
mem[X,0x00000000800361A6] -> 0x00B5
[8283] [M]: 0x00000000800361A4 (0x00B59593) slli a1, a1, 0xb
x11 <- 0x000CCCCCCCCCC800
mem[X,0x00000000800361A8] -> 0x8593
mem[X,0x00000000800361AA] -> 0x4CC5
[8284] [M]: 0x00000000800361A8 (0x4CC58593) addi a1, a1, 0x4cc
x11 <- 0x000CCCCCCCCCCCCC
mem[X,0x00000000800361AC] -> 0x9593
mem[X,0x00000000800361AE] -> 0x00A5
[8285] [M]: 0x00000000800361AC (0x00A59593) slli a1, a1, 0xa
x11 <- 0x3333333333333000
mem[X,0x00000000800361B0] -> 0x8593
mem[X,0x00000000800361B2] -> 0x3345
[8286] [M]: 0x00000000800361B0 (0x33458593) addi a1, a1, 0x334
x11 <- 0x3333333333333334
mem[X,0x00000000800361B4] -> 0x0213
mem[X,0x00000000800361B6] -> 0x0000
[8287] [M]: 0x00000000800361B4 (0x00000213) addi tp, zero, 0x0
x4 <- 0x0000000000000000
mem[X,0x00000000800361B8] -> 0x006F
mem[X,0x00000000800361BA] -> 0x00C0
[8288] [M]: 0x00000000800361B8 (0x00C0006F) jal zero, 0xc
mem[X,0x00000000800361C4] -> 0x0663
mem[X,0x00000000800361C6] -> 0x00B5
[8289] [M]: 0x00000000800361C4 (0x00B50663) beq a0, a1, 0xc
mem[X,0x00000000800361C8] -> 0x0213
mem[X,0x00000000800361CA] -> 0x0022
[8290] [M]: 0x00000000800361C8 (0x00220213) addi tp, tp, 0x2
x4 <- 0x0000000000000002
mem[X,0x00000000800361CC] -> 0x006F
mem[X,0x00000000800361CE] -> 0x00C0
[8291] [M]: 0x00000000800361CC (0x00C0006F) jal zero, 0xc
mem[X,0x00000000800361D8] -> 0x3423
mem[X,0x00000000800361DA] -> 0x7C41
[8292] [M]: 0x00000000800361D8 (0x7C413423) sd tp, 0x7c8(sp)
mem[0x0000000080049190] <- 0x0000000000000002
mem[X,0x00000000800361DC] -> 0x5537
mem[X,0x00000000800361DE] -> 0x5555
[8293] [M]: 0x00000000800361DC (0x55555537) lui a0, 0x55555
x10 <- 0x0000000055555000
mem[X,0x00000000800361E0] -> 0x0513
mem[X,0x00000000800361E2] -> 0x5555
[8294] [M]: 0x00000000800361E0 (0x55550513) addi a0, a0, 0x555
x10 <- 0x0000000055555555
mem[X,0x00000000800361E4] -> 0x1513
mem[X,0x00000000800361E6] -> 0x00B5
[8295] [M]: 0x00000000800361E4 (0x00B51513) slli a0, a0, 0xb
x10 <- 0x000002AAAAAAA800
mem[X,0x00000000800361E8] -> 0x0513
mem[X,0x00000000800361EA] -> 0x2AA5
[8296] [M]: 0x00000000800361E8 (0x2AA50513) addi a0, a0, 0x2aa
x10 <- 0x000002AAAAAAAAAA
mem[X,0x00000000800361EC] -> 0x1513
mem[X,0x00000000800361EE] -> 0x00B5
[8297] [M]: 0x00000000800361EC (0x00B51513) slli a0, a0, 0xb
x10 <- 0x0015555555555000
mem[X,0x00000000800361F0] -> 0x0513
mem[X,0x00000000800361F2] -> 0x5555
[8298] [M]: 0x00000000800361F0 (0x55550513) addi a0, a0, 0x555
x10 <- 0x0015555555555555
mem[X,0x00000000800361F4] -> 0x1513
mem[X,0x00000000800361F6] -> 0x00A5
[8299] [M]: 0x00000000800361F4 (0x00A51513) slli a0, a0, 0xa
x10 <- 0x5555555555555400
clint::tick mtime <- 0x0000000000000053
 clint timer pending at mtime 0x0000000000000053
htif::tick 0x0000000000000000
mem[X,0x00000000800361F8] -> 0x0513
mem[X,0x00000000800361FA] -> 0x1565
[8300] [M]: 0x00000000800361F8 (0x15650513) addi a0, a0, 0x156
x10 <- 0x5555555555555556
mem[X,0x00000000800361FC] -> 0x65B7
mem[X,0x00000000800361FE] -> 0x6666
[8301] [M]: 0x00000000800361FC (0x666665B7) lui a1, 0x66666
x11 <- 0x0000000066666000
mem[X,0x0000000080036200] -> 0x8593
mem[X,0x0000000080036202] -> 0x6665
[8302] [M]: 0x0000000080036200 (0x66658593) addi a1, a1, 0x666
x11 <- 0x0000000066666666
mem[X,0x0000000080036204] -> 0x9593
mem[X,0x0000000080036206] -> 0x00B5
[8303] [M]: 0x0000000080036204 (0x00B59593) slli a1, a1, 0xb
x11 <- 0x0000033333333000
mem[X,0x0000000080036208] -> 0x8593
mem[X,0x000000008003620A] -> 0x3335
[8304] [M]: 0x0000000080036208 (0x33358593) addi a1, a1, 0x333
x11 <- 0x0000033333333333
mem[X,0x000000008003620C] -> 0x9593
mem[X,0x000000008003620E] -> 0x00B5
[8305] [M]: 0x000000008003620C (0x00B59593) slli a1, a1, 0xb
x11 <- 0x0019999999999800
mem[X,0x0000000080036210] -> 0x8593
mem[X,0x0000000080036212] -> 0x1995
[8306] [M]: 0x0000000080036210 (0x19958593) addi a1, a1, 0x199
x11 <- 0x0019999999999999
mem[X,0x0000000080036214] -> 0x9593
mem[X,0x0000000080036216] -> 0x00A5
[8307] [M]: 0x0000000080036214 (0x00A59593) slli a1, a1, 0xa
x11 <- 0x6666666666666400
mem[X,0x0000000080036218] -> 0x8593
mem[X,0x000000008003621A] -> 0x2675
[8308] [M]: 0x0000000080036218 (0x26758593) addi a1, a1, 0x267
x11 <- 0x6666666666666667
mem[X,0x000000008003621C] -> 0x0213
mem[X,0x000000008003621E] -> 0x0000
[8309] [M]: 0x000000008003621C (0x00000213) addi tp, zero, 0x0
x4 <- 0x0000000000000000
mem[X,0x0000000080036220] -> 0x006F
mem[X,0x0000000080036222] -> 0x00C0
[8310] [M]: 0x0000000080036220 (0x00C0006F) jal zero, 0xc
mem[X,0x000000008003622C] -> 0x0CE3
mem[X,0x000000008003622E] -> 0xFEB5
[8311] [M]: 0x000000008003622C (0xFEB50CE3) beq a0, a1, -0x8
mem[X,0x0000000080036230] -> 0x0213
mem[X,0x0000000080036232] -> 0x0022
[8312] [M]: 0x0000000080036230 (0x00220213) addi tp, tp, 0x2
x4 <- 0x0000000000000002
mem[X,0x0000000080036234] -> 0x006F
mem[X,0x0000000080036236] -> 0x00C0
[8313] [M]: 0x0000000080036234 (0x00C0006F) jal zero, 0xc
mem[X,0x0000000080036240] -> 0x3823
mem[X,0x0000000080036242] -> 0x7C41
[8314] [M]: 0x0000000080036240 (0x7C413823) sd tp, 0x7d0(sp)
mem[0x0000000080049198] <- 0x0000000000000002
mem[X,0x0000000080036244] -> 0x5537
mem[X,0x0000000080036246] -> 0x5555
[8315] [M]: 0x0000000080036244 (0x55555537) lui a0, 0x55555
x10 <- 0x0000000055555000
mem[X,0x0000000080036248] -> 0x0513
mem[X,0x000000008003624A] -> 0x5555
[8316] [M]: 0x0000000080036248 (0x55550513) addi a0, a0, 0x555
x10 <- 0x0000000055555555
mem[X,0x000000008003624C] -> 0x1513
mem[X,0x000000008003624E] -> 0x00B5
[8317] [M]: 0x000000008003624C (0x00B51513) slli a0, a0, 0xb
x10 <- 0x000002AAAAAAA800
mem[X,0x0000000080036250] -> 0x0513
mem[X,0x0000000080036252] -> 0x2AA5
[8318] [M]: 0x0000000080036250 (0x2AA50513) addi a0, a0, 0x2aa
x10 <- 0x000002AAAAAAAAAA
mem[X,0x0000000080036254] -> 0x1513
mem[X,0x0000000080036256] -> 0x00B5
[8319] [M]: 0x0000000080036254 (0x00B51513) slli a0, a0, 0xb
x10 <- 0x0015555555555000
mem[X,0x0000000080036258] -> 0x0513
mem[X,0x000000008003625A] -> 0x5555
[8320] [M]: 0x0000000080036258 (0x55550513) addi a0, a0, 0x555
x10 <- 0x0015555555555555
mem[X,0x000000008003625C] -> 0x1513
mem[X,0x000000008003625E] -> 0x00A5
[8321] [M]: 0x000000008003625C (0x00A51513) slli a0, a0, 0xa
x10 <- 0x5555555555555400
mem[X,0x0000000080036260] -> 0x0513
mem[X,0x0000000080036262] -> 0x1565
[8322] [M]: 0x0000000080036260 (0x15650513) addi a0, a0, 0x156
x10 <- 0x5555555555555556
mem[X,0x0000000080036264] -> 0x05B7
mem[X,0x0000000080036266] -> 0x0000
[8323] [M]: 0x0000000080036264 (0x000005B7) lui a1, 0x0
x11 <- 0x0000000000000000
mem[X,0x0000000080036268] -> 0x8593
mem[X,0x000000008003626A] -> 0xFFF5
[8324] [M]: 0x0000000080036268 (0xFFF58593) addi a1, a1, -0x1
x11 <- 0xFFFFFFFFFFFFFFFF
mem[X,0x000000008003626C] -> 0x9593
mem[X,0x000000008003626E] -> 0x00B5
[8325] [M]: 0x000000008003626C (0x00B59593) slli a1, a1, 0xb
x11 <- 0xFFFFFFFFFFFFF800
mem[X,0x0000000080036270] -> 0x8593
mem[X,0x0000000080036272] -> 0x2575
[8326] [M]: 0x0000000080036270 (0x25758593) addi a1, a1, 0x257
x11 <- 0xFFFFFFFFFFFFFA57
mem[X,0x0000000080036274] -> 0x9593
mem[X,0x0000000080036276] -> 0x00B5
[8327] [M]: 0x0000000080036274 (0x00B59593) slli a1, a1, 0xb
x11 <- 0xFFFFFFFFFFD2B800
mem[X,0x0000000080036278] -> 0x8593
mem[X,0x000000008003627A] -> 0x6C35
[8328] [M]: 0x0000000080036278 (0x6C358593) addi a1, a1, 0x6c3
x11 <- 0xFFFFFFFFFFD2BEC3
mem[X,0x000000008003627C] -> 0x9593
mem[X,0x000000008003627E] -> 0x00A5
[8329] [M]: 0x000000008003627C (0x00A59593) slli a1, a1, 0xa
x11 <- 0xFFFFFFFF4AFB0C00
mem[X,0x0000000080036280] -> 0x8593
mem[X,0x0000000080036282] -> 0x0CE5
[8330] [M]: 0x0000000080036280 (0x0CE58593) addi a1, a1, 0xce
x11 <- 0xFFFFFFFF4AFB0CCE
mem[X,0x0000000080036284] -> 0x0213
mem[X,0x0000000080036286] -> 0x0000
[8331] [M]: 0x0000000080036284 (0x00000213) addi tp, zero, 0x0
x4 <- 0x0000000000000000
mem[X,0x0000000080036288] -> 0x006F
mem[X,0x000000008003628A] -> 0x0100
[8332] [M]: 0x0000000080036288 (0x0100006F) jal zero, 0x10
mem[X,0x0000000080036298] -> 0x0AE3
mem[X,0x000000008003629A] -> 0xFEB5
[8333] [M]: 0x0000000080036298 (0xFEB50AE3) beq a0, a1, -0xc
mem[X,0x000000008003629C] -> 0x0213
mem[X,0x000000008003629E] -> 0x0022
[8334] [M]: 0x000000008003629C (0x00220213) addi tp, tp, 0x2
x4 <- 0x0000000000000002
mem[X,0x00000000800362A0] -> 0x006F
mem[X,0x00000000800362A2] -> 0x00C0
[8335] [M]: 0x00000000800362A0 (0x00C0006F) jal zero, 0xc
mem[X,0x00000000800362AC] -> 0x3C23
mem[X,0x00000000800362AE] -> 0x7C41
[8336] [M]: 0x00000000800362AC (0x7C413C23) sd tp, 0x7d8(sp)
mem[0x00000000800491A0] <- 0x0000000000000002
mem[X,0x00000000800362B0] -> 0x5537
mem[X,0x00000000800362B2] -> 0x5555
[8337] [M]: 0x00000000800362B0 (0x55555537) lui a0, 0x55555
x10 <- 0x0000000055555000
mem[X,0x00000000800362B4] -> 0x0513
mem[X,0x00000000800362B6] -> 0x5555
[8338] [M]: 0x00000000800362B4 (0x55550513) addi a0, a0, 0x555
x10 <- 0x0000000055555555
mem[X,0x00000000800362B8] -> 0x1513
mem[X,0x00000000800362BA] -> 0x00B5
[8339] [M]: 0x00000000800362B8 (0x00B51513) slli a0, a0, 0xb
x10 <- 0x000002AAAAAAA800
mem[X,0x00000000800362BC] -> 0x0513
mem[X,0x00000000800362BE] -> 0x2AA5
[8340] [M]: 0x00000000800362BC (0x2AA50513) addi a0, a0, 0x2aa
x10 <- 0x000002AAAAAAAAAA
mem[X,0x00000000800362C0] -> 0x1513
mem[X,0x00000000800362C2] -> 0x00B5
[8341] [M]: 0x00000000800362C0 (0x00B51513) slli a0, a0, 0xb
x10 <- 0x0015555555555000
mem[X,0x00000000800362C4] -> 0x0513
mem[X,0x00000000800362C6] -> 0x5555
[8342] [M]: 0x00000000800362C4 (0x55550513) addi a0, a0, 0x555
x10 <- 0x0015555555555555
mem[X,0x00000000800362C8] -> 0x1513
mem[X,0x00000000800362CA] -> 0x00A5
[8343] [M]: 0x00000000800362C8 (0x00A51513) slli a0, a0, 0xa
x10 <- 0x5555555555555400
mem[X,0x00000000800362CC] -> 0x0513
mem[X,0x00000000800362CE] -> 0x1565
[8344] [M]: 0x00000000800362CC (0x15650513) addi a0, a0, 0x156
x10 <- 0x5555555555555556
mem[X,0x00000000800362D0] -> 0x05B7
mem[X,0x00000000800362D2] -> 0x0000
[8345] [M]: 0x00000000800362D0 (0x000005B7) lui a1, 0x0
x11 <- 0x0000000000000000
mem[X,0x00000000800362D4] -> 0x8593
mem[X,0x00000000800362D6] -> 0x0005
[8346] [M]: 0x00000000800362D4 (0x00058593) addi a1, a1, 0x0
x11 <- 0x0000000000000000
mem[X,0x00000000800362D8] -> 0x9593
mem[X,0x00000000800362DA] -> 0x00B5
[8347] [M]: 0x00000000800362D8 (0x00B59593) slli a1, a1, 0xb
x11 <- 0x0000000000000000
mem[X,0x00000000800362DC] -> 0x8593
mem[X,0x00000000800362DE] -> 0x5A85
[8348] [M]: 0x00000000800362DC (0x5A858593) addi a1, a1, 0x5a8
x11 <- 0x00000000000005A8
mem[X,0x00000000800362E0] -> 0x9593
mem[X,0x00000000800362E2] -> 0x00B5
[8349] [M]: 0x00000000800362E0 (0x00B59593) slli a1, a1, 0xb
x11 <- 0x00000000002D4000
mem[X,0x00000000800362E4] -> 0x8593
mem[X,0x00000000800362E6] -> 0x13C5
[8350] [M]: 0x00000000800362E4 (0x13C58593) addi a1, a1, 0x13c
x11 <- 0x00000000002D413C
mem[X,0x00000000800362E8] -> 0x9593
mem[X,0x00000000800362EA] -> 0x00A5
[8351] [M]: 0x00000000800362E8 (0x00A59593) slli a1, a1, 0xa
x11 <- 0x00000000B504F000
mem[X,0x00000000800362EC] -> 0x8593
mem[X,0x00000000800362EE] -> 0x3345
[8352] [M]: 0x00000000800362EC (0x33458593) addi a1, a1, 0x334
x11 <- 0x00000000B504F334
mem[X,0x00000000800362F0] -> 0x0213
mem[X,0x00000000800362F2] -> 0x0000
[8353] [M]: 0x00000000800362F0 (0x00000213) addi tp, zero, 0x0
x4 <- 0x0000000000000000
mem[X,0x00000000800362F4] -> 0x006F
mem[X,0x00000000800362F6] -> 0x0140
[8354] [M]: 0x00000000800362F4 (0x0140006F) jal zero, 0x14
mem[X,0x0000000080036308] -> 0x08E3
mem[X,0x000000008003630A] -> 0xFEB5
[8355] [M]: 0x0000000080036308 (0xFEB508E3) beq a0, a1, -0x10
mem[X,0x000000008003630C] -> 0x0213
mem[X,0x000000008003630E] -> 0x0022
[8356] [M]: 0x000000008003630C (0x00220213) addi tp, tp, 0x2
x4 <- 0x0000000000000002
mem[X,0x0000000080036310] -> 0x006F
mem[X,0x0000000080036312] -> 0x00C0
[8357] [M]: 0x0000000080036310 (0x00C0006F) jal zero, 0xc
mem[X,0x000000008003631C] -> 0x3023
mem[X,0x000000008003631E] -> 0x7E41
[8358] [M]: 0x000000008003631C (0x7E413023) sd tp, 0x7e0(sp)
mem[0x00000000800491A8] <- 0x0000000000000002
mem[X,0x0000000080036320] -> 0xB537
mem[X,0x0000000080036322] -> 0xAAAA
[8359] [M]: 0x0000000080036320 (0xAAAAB537) lui a0, -0x55555
x10 <- 0xFFFFFFFFAAAAB000
mem[X,0x0000000080036324] -> 0x0513
mem[X,0x0000000080036326] -> 0xAAA5
[8360] [M]: 0x0000000080036324 (0xAAA50513) addi a0, a0, -0x556
x10 <- 0xFFFFFFFFAAAAAAAA
mem[X,0x0000000080036328] -> 0x1513
mem[X,0x000000008003632A] -> 0x00B5
[8361] [M]: 0x0000000080036328 (0x00B51513) slli a0, a0, 0xb
x10 <- 0xFFFFFD5555555000
mem[X,0x000000008003632C] -> 0x0513
mem[X,0x000000008003632E] -> 0x5555
[8362] [M]: 0x000000008003632C (0x55550513) addi a0, a0, 0x555
x10 <- 0xFFFFFD5555555555
mem[X,0x0000000080036330] -> 0x1513
mem[X,0x0000000080036332] -> 0x00B5
[8363] [M]: 0x0000000080036330 (0x00B51513) slli a0, a0, 0xb
x10 <- 0xFFEAAAAAAAAAA800
mem[X,0x0000000080036334] -> 0x0513
mem[X,0x0000000080036336] -> 0x2AA5
[8364] [M]: 0x0000000080036334 (0x2AA50513) addi a0, a0, 0x2aa
x10 <- 0xFFEAAAAAAAAAAAAA
mem[X,0x0000000080036338] -> 0x1513
mem[X,0x000000008003633A] -> 0x00A5
[8365] [M]: 0x0000000080036338 (0x00A51513) slli a0, a0, 0xa
x10 <- 0xAAAAAAAAAAAAA800
mem[X,0x000000008003633C] -> 0x0513
mem[X,0x000000008003633E] -> 0x2AB5
[8366] [M]: 0x000000008003633C (0x2AB50513) addi a0, a0, 0x2ab
x10 <- 0xAAAAAAAAAAAAAAAB
mem[X,0x0000000080036340] -> 0x0593
mem[X,0x0000000080036342] -> 0x0030
[8367] [M]: 0x0000000080036340 (0x00300593) addi a1, zero, 0x3
x11 <- 0x0000000000000003
mem[X,0x0000000080036344] -> 0x0213
mem[X,0x0000000080036346] -> 0x0000
[8368] [M]: 0x0000000080036344 (0x00000213) addi tp, zero, 0x0
x4 <- 0x0000000000000000
mem[X,0x0000000080036348] -> 0x006F
mem[X,0x000000008003634A] -> 0x00C0
[8369] [M]: 0x0000000080036348 (0x00C0006F) jal zero, 0xc
mem[X,0x0000000080036354] -> 0x0063
mem[X,0x0000000080036356] -> 0x02B5
[8370] [M]: 0x0000000080036354 (0x02B50063) beq a0, a1, 0x20
mem[X,0x0000000080036358] -> 0x0213
mem[X,0x000000008003635A] -> 0x0022
[8371] [M]: 0x0000000080036358 (0x00220213) addi tp, tp, 0x2
x4 <- 0x0000000000000002
mem[X,0x000000008003635C] -> 0x006F
mem[X,0x000000008003635E] -> 0x0200
[8372] [M]: 0x000000008003635C (0x0200006F) jal zero, 0x20
mem[X,0x000000008003637C] -> 0x3423
mem[X,0x000000008003637E] -> 0x7E41
[8373] [M]: 0x000000008003637C (0x7E413423) sd tp, 0x7e8(sp)
mem[0x00000000800491B0] <- 0x0000000000000002
mem[X,0x0000000080036380] -> 0xB537
mem[X,0x0000000080036382] -> 0xAAAA
[8374] [M]: 0x0000000080036380 (0xAAAAB537) lui a0, -0x55555
x10 <- 0xFFFFFFFFAAAAB000
mem[X,0x0000000080036384] -> 0x0513
mem[X,0x0000000080036386] -> 0xAAA5
[8375] [M]: 0x0000000080036384 (0xAAA50513) addi a0, a0, -0x556
x10 <- 0xFFFFFFFFAAAAAAAA
mem[X,0x0000000080036388] -> 0x1513
mem[X,0x000000008003638A] -> 0x00B5
[8376] [M]: 0x0000000080036388 (0x00B51513) slli a0, a0, 0xb
x10 <- 0xFFFFFD5555555000
mem[X,0x000000008003638C] -> 0x0513
mem[X,0x000000008003638E] -> 0x5555
[8377] [M]: 0x000000008003638C (0x55550513) addi a0, a0, 0x555
x10 <- 0xFFFFFD5555555555
mem[X,0x0000000080036390] -> 0x1513
mem[X,0x0000000080036392] -> 0x00B5
[8378] [M]: 0x0000000080036390 (0x00B51513) slli a0, a0, 0xb
x10 <- 0xFFEAAAAAAAAAA800
mem[X,0x0000000080036394] -> 0x0513
mem[X,0x0000000080036396] -> 0x2AA5
[8379] [M]: 0x0000000080036394 (0x2AA50513) addi a0, a0, 0x2aa
x10 <- 0xFFEAAAAAAAAAAAAA
mem[X,0x0000000080036398] -> 0x1513
mem[X,0x000000008003639A] -> 0x00A5
[8380] [M]: 0x0000000080036398 (0x00A51513) slli a0, a0, 0xa
x10 <- 0xAAAAAAAAAAAAA800
mem[X,0x000000008003639C] -> 0x0513
mem[X,0x000000008003639E] -> 0x2AB5
[8381] [M]: 0x000000008003639C (0x2AB50513) addi a0, a0, 0x2ab
x10 <- 0xAAAAAAAAAAAAAAAB
mem[X,0x00000000800363A0] -> 0x55B7
mem[X,0x00000000800363A2] -> 0x5555
[8382] [M]: 0x00000000800363A0 (0x555555B7) lui a1, 0x55555
x11 <- 0x0000000055555000
mem[X,0x00000000800363A4] -> 0x8593
mem[X,0x00000000800363A6] -> 0x5555
[8383] [M]: 0x00000000800363A4 (0x55558593) addi a1, a1, 0x555
x11 <- 0x0000000055555555
mem[X,0x00000000800363A8] -> 0x9593
mem[X,0x00000000800363AA] -> 0x00B5
[8384] [M]: 0x00000000800363A8 (0x00B59593) slli a1, a1, 0xb
x11 <- 0x000002AAAAAAA800
mem[X,0x00000000800363AC] -> 0x8593
mem[X,0x00000000800363AE] -> 0x2AA5
[8385] [M]: 0x00000000800363AC (0x2AA58593) addi a1, a1, 0x2aa
x11 <- 0x000002AAAAAAAAAA
mem[X,0x00000000800363B0] -> 0x9593
mem[X,0x00000000800363B2] -> 0x00B5
[8386] [M]: 0x00000000800363B0 (0x00B59593) slli a1, a1, 0xb
x11 <- 0x0015555555555000
mem[X,0x00000000800363B4] -> 0x8593
mem[X,0x00000000800363B6] -> 0x5555
[8387] [M]: 0x00000000800363B4 (0x55558593) addi a1, a1, 0x555
x11 <- 0x0015555555555555
mem[X,0x00000000800363B8] -> 0x9593
mem[X,0x00000000800363BA] -> 0x00A5
[8388] [M]: 0x00000000800363B8 (0x00A59593) slli a1, a1, 0xa
x11 <- 0x5555555555555400
mem[X,0x00000000800363BC] -> 0x8593
mem[X,0x00000000800363BE] -> 0x1555
[8389] [M]: 0x00000000800363BC (0x15558593) addi a1, a1, 0x155
x11 <- 0x5555555555555555
mem[X,0x00000000800363C0] -> 0x0213
mem[X,0x00000000800363C2] -> 0x0000
[8390] [M]: 0x00000000800363C0 (0x00000213) addi tp, zero, 0x0
x4 <- 0x0000000000000000
mem[X,0x00000000800363C4] -> 0x006F
mem[X,0x00000000800363C6] -> 0x00C0
[8391] [M]: 0x00000000800363C4 (0x00C0006F) jal zero, 0xc
mem[X,0x00000000800363D0] -> 0x0663
mem[X,0x00000000800363D2] -> 0x00B5
[8392] [M]: 0x00000000800363D0 (0x00B50663) beq a0, a1, 0xc
mem[X,0x00000000800363D4] -> 0x0213
mem[X,0x00000000800363D6] -> 0x0022
[8393] [M]: 0x00000000800363D4 (0x00220213) addi tp, tp, 0x2
x4 <- 0x0000000000000002
mem[X,0x00000000800363D8] -> 0x006F
mem[X,0x00000000800363DA] -> 0x00C0
[8394] [M]: 0x00000000800363D8 (0x00C0006F) jal zero, 0xc
mem[X,0x00000000800363E4] -> 0x3823
mem[X,0x00000000800363E6] -> 0x7E41
[8395] [M]: 0x00000000800363E4 (0x7E413823) sd tp, 0x7f0(sp)
mem[0x00000000800491B8] <- 0x0000000000000002
mem[X,0x00000000800363E8] -> 0xB537
mem[X,0x00000000800363EA] -> 0xAAAA
[8396] [M]: 0x00000000800363E8 (0xAAAAB537) lui a0, -0x55555
x10 <- 0xFFFFFFFFAAAAB000
mem[X,0x00000000800363EC] -> 0x0513
mem[X,0x00000000800363EE] -> 0xAAA5
[8397] [M]: 0x00000000800363EC (0xAAA50513) addi a0, a0, -0x556
x10 <- 0xFFFFFFFFAAAAAAAA
mem[X,0x00000000800363F0] -> 0x1513
mem[X,0x00000000800363F2] -> 0x00B5
[8398] [M]: 0x00000000800363F0 (0x00B51513) slli a0, a0, 0xb
x10 <- 0xFFFFFD5555555000
mem[X,0x00000000800363F4] -> 0x0513
mem[X,0x00000000800363F6] -> 0x5555
[8399] [M]: 0x00000000800363F4 (0x55550513) addi a0, a0, 0x555
x10 <- 0xFFFFFD5555555555
clint::tick mtime <- 0x0000000000000054
 clint timer pending at mtime 0x0000000000000054
htif::tick 0x0000000000000000
mem[X,0x00000000800363F8] -> 0x1513
mem[X,0x00000000800363FA] -> 0x00B5
[8400] [M]: 0x00000000800363F8 (0x00B51513) slli a0, a0, 0xb
x10 <- 0xFFEAAAAAAAAAA800
mem[X,0x00000000800363FC] -> 0x0513
mem[X,0x00000000800363FE] -> 0x2AA5
[8401] [M]: 0x00000000800363FC (0x2AA50513) addi a0, a0, 0x2aa
x10 <- 0xFFEAAAAAAAAAAAAA
mem[X,0x0000000080036400] -> 0x1513
mem[X,0x0000000080036402] -> 0x00A5
[8402] [M]: 0x0000000080036400 (0x00A51513) slli a0, a0, 0xa
x10 <- 0xAAAAAAAAAAAAA800
mem[X,0x0000000080036404] -> 0x0513
mem[X,0x0000000080036406] -> 0x2AB5
[8403] [M]: 0x0000000080036404 (0x2AB50513) addi a0, a0, 0x2ab
x10 <- 0xAAAAAAAAAAAAAAAB
mem[X,0x0000000080036408] -> 0xB5B7
mem[X,0x000000008003640A] -> 0xAAAA
[8404] [M]: 0x0000000080036408 (0xAAAAB5B7) lui a1, -0x55555
x11 <- 0xFFFFFFFFAAAAB000
mem[X,0x000000008003640C] -> 0x8593
mem[X,0x000000008003640E] -> 0xAAA5
[8405] [M]: 0x000000008003640C (0xAAA58593) addi a1, a1, -0x556
x11 <- 0xFFFFFFFFAAAAAAAA
mem[X,0x0000000080036410] -> 0x9593
mem[X,0x0000000080036412] -> 0x00B5
[8406] [M]: 0x0000000080036410 (0x00B59593) slli a1, a1, 0xb
x11 <- 0xFFFFFD5555555000
mem[X,0x0000000080036414] -> 0x8593
mem[X,0x0000000080036416] -> 0x5555
[8407] [M]: 0x0000000080036414 (0x55558593) addi a1, a1, 0x555
x11 <- 0xFFFFFD5555555555
mem[X,0x0000000080036418] -> 0x9593
mem[X,0x000000008003641A] -> 0x00B5
[8408] [M]: 0x0000000080036418 (0x00B59593) slli a1, a1, 0xb
x11 <- 0xFFEAAAAAAAAAA800
mem[X,0x000000008003641C] -> 0x8593
mem[X,0x000000008003641E] -> 0x2AA5
[8409] [M]: 0x000000008003641C (0x2AA58593) addi a1, a1, 0x2aa
x11 <- 0xFFEAAAAAAAAAAAAA
mem[X,0x0000000080036420] -> 0x9593
mem[X,0x0000000080036422] -> 0x00A5
[8410] [M]: 0x0000000080036420 (0x00A59593) slli a1, a1, 0xa
x11 <- 0xAAAAAAAAAAAAA800
mem[X,0x0000000080036424] -> 0x8593
mem[X,0x0000000080036426] -> 0x2AA5
[8411] [M]: 0x0000000080036424 (0x2AA58593) addi a1, a1, 0x2aa
x11 <- 0xAAAAAAAAAAAAAAAA
mem[X,0x0000000080036428] -> 0x0213
mem[X,0x000000008003642A] -> 0x0000
[8412] [M]: 0x0000000080036428 (0x00000213) addi tp, zero, 0x0
x4 <- 0x0000000000000000
mem[X,0x000000008003642C] -> 0x006F
mem[X,0x000000008003642E] -> 0x00C0
[8413] [M]: 0x000000008003642C (0x00C0006F) jal zero, 0xc
mem[X,0x0000000080036438] -> 0x0CE3
mem[X,0x000000008003643A] -> 0xFEB5
[8414] [M]: 0x0000000080036438 (0xFEB50CE3) beq a0, a1, -0x8
mem[X,0x000000008003643C] -> 0x0213
mem[X,0x000000008003643E] -> 0x0022
[8415] [M]: 0x000000008003643C (0x00220213) addi tp, tp, 0x2
x4 <- 0x0000000000000002
mem[X,0x0000000080036440] -> 0x006F
mem[X,0x0000000080036442] -> 0x00C0
[8416] [M]: 0x0000000080036440 (0x00C0006F) jal zero, 0xc
mem[X,0x000000008003644C] -> 0x3C23
mem[X,0x000000008003644E] -> 0x7E41
[8417] [M]: 0x000000008003644C (0x7E413C23) sd tp, 0x7f8(sp)
mem[0x00000000800491C0] <- 0x0000000000000002
mem[X,0x0000000080036450] -> 0x0013
mem[X,0x0000000080036452] -> 0x0000
[8418] [M]: 0x0000000080036450 (0x00000013) addi zero, zero, 0x0
mem[X,0x0000000080036454] -> 0x0013
mem[X,0x0000000080036456] -> 0x0000
[8419] [M]: 0x0000000080036454 (0x00000013) addi zero, zero, 0x0
mem[X,0x0000000080036458] -> 0x0013
mem[X,0x000000008003645A] -> 0x0000
[8420] [M]: 0x0000000080036458 (0x00000013) addi zero, zero, 0x0
mem[X,0x000000008003645C] -> 0x0013
mem[X,0x000000008003645E] -> 0x0000
[8421] [M]: 0x000000008003645C (0x00000013) addi zero, zero, 0x0
mem[X,0x0000000080036460] -> 0x3117
mem[X,0x0000000080036462] -> 0x0001
[8422] [M]: 0x0000000080036460 (0x00013117) auipc sp, 0x13
x2 <- 0x0000000080049460
mem[X,0x0000000080036464] -> 0x0113
mem[X,0x0000000080036466] -> 0xD681
[8423] [M]: 0x0000000080036464 (0xD6810113) addi sp, sp, -0x298
x2 <- 0x00000000800491C8
mem[X,0x0000000080036468] -> 0x0013
mem[X,0x000000008003646A] -> 0x0000
[8424] [M]: 0x0000000080036468 (0x00000013) addi zero, zero, 0x0
mem[X,0x000000008003646C] -> 0x0013
mem[X,0x000000008003646E] -> 0x0000
[8425] [M]: 0x000000008003646C (0x00000013) addi zero, zero, 0x0
mem[X,0x0000000080036470] -> 0x0013
mem[X,0x0000000080036472] -> 0x0000
[8426] [M]: 0x0000000080036470 (0x00000013) addi zero, zero, 0x0
mem[X,0x0000000080036474] -> 0x0013
mem[X,0x0000000080036476] -> 0x0000
[8427] [M]: 0x0000000080036474 (0x00000013) addi zero, zero, 0x0
mem[X,0x0000000080036478] -> 0x0013
mem[X,0x000000008003647A] -> 0x0000
[8428] [M]: 0x0000000080036478 (0x00000013) addi zero, zero, 0x0
mem[X,0x000000008003647C] -> 0x0013
mem[X,0x000000008003647E] -> 0x0000
[8429] [M]: 0x000000008003647C (0x00000013) addi zero, zero, 0x0
mem[X,0x0000000080036480] -> 0xB537
mem[X,0x0000000080036482] -> 0xAAAA
[8430] [M]: 0x0000000080036480 (0xAAAAB537) lui a0, -0x55555
x10 <- 0xFFFFFFFFAAAAB000
mem[X,0x0000000080036484] -> 0x0513
mem[X,0x0000000080036486] -> 0xAAA5
[8431] [M]: 0x0000000080036484 (0xAAA50513) addi a0, a0, -0x556
x10 <- 0xFFFFFFFFAAAAAAAA
mem[X,0x0000000080036488] -> 0x1513
mem[X,0x000000008003648A] -> 0x00B5
[8432] [M]: 0x0000000080036488 (0x00B51513) slli a0, a0, 0xb
x10 <- 0xFFFFFD5555555000
mem[X,0x000000008003648C] -> 0x0513
mem[X,0x000000008003648E] -> 0x5555
[8433] [M]: 0x000000008003648C (0x55550513) addi a0, a0, 0x555
x10 <- 0xFFFFFD5555555555
mem[X,0x0000000080036490] -> 0x1513
mem[X,0x0000000080036492] -> 0x00B5
[8434] [M]: 0x0000000080036490 (0x00B51513) slli a0, a0, 0xb
x10 <- 0xFFEAAAAAAAAAA800
mem[X,0x0000000080036494] -> 0x0513
mem[X,0x0000000080036496] -> 0x2AA5
[8435] [M]: 0x0000000080036494 (0x2AA50513) addi a0, a0, 0x2aa
x10 <- 0xFFEAAAAAAAAAAAAA
mem[X,0x0000000080036498] -> 0x1513
mem[X,0x000000008003649A] -> 0x00A5
[8436] [M]: 0x0000000080036498 (0x00A51513) slli a0, a0, 0xa
x10 <- 0xAAAAAAAAAAAAA800
mem[X,0x000000008003649C] -> 0x0513
mem[X,0x000000008003649E] -> 0x2AB5
[8437] [M]: 0x000000008003649C (0x2AB50513) addi a0, a0, 0x2ab
x10 <- 0xAAAAAAAAAAAAAAAB
mem[X,0x00000000800364A0] -> 0x0593
mem[X,0x00000000800364A2] -> 0x0050
[8438] [M]: 0x00000000800364A0 (0x00500593) addi a1, zero, 0x5
x11 <- 0x0000000000000005
mem[X,0x00000000800364A4] -> 0x0213
mem[X,0x00000000800364A6] -> 0x0000
[8439] [M]: 0x00000000800364A4 (0x00000213) addi tp, zero, 0x0
x4 <- 0x0000000000000000
mem[X,0x00000000800364A8] -> 0x006F
mem[X,0x00000000800364AA] -> 0x00C0
[8440] [M]: 0x00000000800364A8 (0x00C0006F) jal zero, 0xc
mem[X,0x00000000800364B4] -> 0x0063
mem[X,0x00000000800364B6] -> 0x20B5
[8441] [M]: 0x00000000800364B4 (0x20B50063) beq a0, a1, 0x200
mem[X,0x00000000800364B8] -> 0x0213
mem[X,0x00000000800364BA] -> 0x0022
[8442] [M]: 0x00000000800364B8 (0x00220213) addi tp, tp, 0x2
x4 <- 0x0000000000000002
mem[X,0x00000000800364BC] -> 0x006F
mem[X,0x00000000800364BE] -> 0x2000
[8443] [M]: 0x00000000800364BC (0x2000006F) jal zero, 0x200
mem[X,0x00000000800366BC] -> 0x3023
mem[X,0x00000000800366BE] -> 0x0041
[8444] [M]: 0x00000000800366BC (0x00413023) sd tp, 0x0(sp)
mem[0x00000000800491C8] <- 0x0000000000000002
mem[X,0x00000000800366C0] -> 0xB537
mem[X,0x00000000800366C2] -> 0xAAAA
[8445] [M]: 0x00000000800366C0 (0xAAAAB537) lui a0, -0x55555
x10 <- 0xFFFFFFFFAAAAB000
mem[X,0x00000000800366C4] -> 0x0513
mem[X,0x00000000800366C6] -> 0xAAA5
[8446] [M]: 0x00000000800366C4 (0xAAA50513) addi a0, a0, -0x556
x10 <- 0xFFFFFFFFAAAAAAAA
mem[X,0x00000000800366C8] -> 0x1513
mem[X,0x00000000800366CA] -> 0x00B5
[8447] [M]: 0x00000000800366C8 (0x00B51513) slli a0, a0, 0xb
x10 <- 0xFFFFFD5555555000
mem[X,0x00000000800366CC] -> 0x0513
mem[X,0x00000000800366CE] -> 0x5555
[8448] [M]: 0x00000000800366CC (0x55550513) addi a0, a0, 0x555
x10 <- 0xFFFFFD5555555555
mem[X,0x00000000800366D0] -> 0x1513
mem[X,0x00000000800366D2] -> 0x00B5
[8449] [M]: 0x00000000800366D0 (0x00B51513) slli a0, a0, 0xb
x10 <- 0xFFEAAAAAAAAAA800
mem[X,0x00000000800366D4] -> 0x0513
mem[X,0x00000000800366D6] -> 0x2AA5
[8450] [M]: 0x00000000800366D4 (0x2AA50513) addi a0, a0, 0x2aa
x10 <- 0xFFEAAAAAAAAAAAAA
mem[X,0x00000000800366D8] -> 0x1513
mem[X,0x00000000800366DA] -> 0x00A5
[8451] [M]: 0x00000000800366D8 (0x00A51513) slli a0, a0, 0xa
x10 <- 0xAAAAAAAAAAAAA800
mem[X,0x00000000800366DC] -> 0x0513
mem[X,0x00000000800366DE] -> 0x2AB5
[8452] [M]: 0x00000000800366DC (0x2AB50513) addi a0, a0, 0x2ab
x10 <- 0xAAAAAAAAAAAAAAAB
mem[X,0x00000000800366E0] -> 0x35B7
mem[X,0x00000000800366E2] -> 0x3333
[8453] [M]: 0x00000000800366E0 (0x333335B7) lui a1, 0x33333
x11 <- 0x0000000033333000
mem[X,0x00000000800366E4] -> 0x8593
mem[X,0x00000000800366E6] -> 0x3335
[8454] [M]: 0x00000000800366E4 (0x33358593) addi a1, a1, 0x333
x11 <- 0x0000000033333333
mem[X,0x00000000800366E8] -> 0x9593
mem[X,0x00000000800366EA] -> 0x00B5
[8455] [M]: 0x00000000800366E8 (0x00B59593) slli a1, a1, 0xb
x11 <- 0x0000019999999800
mem[X,0x00000000800366EC] -> 0x8593
mem[X,0x00000000800366EE] -> 0x1995
[8456] [M]: 0x00000000800366EC (0x19958593) addi a1, a1, 0x199
x11 <- 0x0000019999999999
mem[X,0x00000000800366F0] -> 0x9593
mem[X,0x00000000800366F2] -> 0x00B5
[8457] [M]: 0x00000000800366F0 (0x00B59593) slli a1, a1, 0xb
x11 <- 0x000CCCCCCCCCC800
mem[X,0x00000000800366F4] -> 0x8593
mem[X,0x00000000800366F6] -> 0x4CC5
[8458] [M]: 0x00000000800366F4 (0x4CC58593) addi a1, a1, 0x4cc
x11 <- 0x000CCCCCCCCCCCCC
mem[X,0x00000000800366F8] -> 0x9593
mem[X,0x00000000800366FA] -> 0x00A5
[8459] [M]: 0x00000000800366F8 (0x00A59593) slli a1, a1, 0xa
x11 <- 0x3333333333333000
mem[X,0x00000000800366FC] -> 0x8593
mem[X,0x00000000800366FE] -> 0x3335
[8460] [M]: 0x00000000800366FC (0x33358593) addi a1, a1, 0x333
x11 <- 0x3333333333333333
mem[X,0x0000000080036700] -> 0x0213
mem[X,0x0000000080036702] -> 0x0000
[8461] [M]: 0x0000000080036700 (0x00000213) addi tp, zero, 0x0
x4 <- 0x0000000000000000
mem[X,0x0000000080036704] -> 0x006F
mem[X,0x0000000080036706] -> 0x0180
[8462] [M]: 0x0000000080036704 (0x0180006F) jal zero, 0x18
mem[X,0x000000008003671C] -> 0x06E3
mem[X,0x000000008003671E] -> 0xFEB5
[8463] [M]: 0x000000008003671C (0xFEB506E3) beq a0, a1, -0x14
mem[X,0x0000000080036720] -> 0x0213
mem[X,0x0000000080036722] -> 0x0022
[8464] [M]: 0x0000000080036720 (0x00220213) addi tp, tp, 0x2
x4 <- 0x0000000000000002
mem[X,0x0000000080036724] -> 0x006F
mem[X,0x0000000080036726] -> 0x00C0
[8465] [M]: 0x0000000080036724 (0x00C0006F) jal zero, 0xc
mem[X,0x0000000080036730] -> 0x3423
mem[X,0x0000000080036732] -> 0x0041
[8466] [M]: 0x0000000080036730 (0x00413423) sd tp, 0x8(sp)
mem[0x00000000800491D0] <- 0x0000000000000002
mem[X,0x0000000080036734] -> 0xB537
mem[X,0x0000000080036736] -> 0xAAAA
[8467] [M]: 0x0000000080036734 (0xAAAAB537) lui a0, -0x55555
x10 <- 0xFFFFFFFFAAAAB000
mem[X,0x0000000080036738] -> 0x0513
mem[X,0x000000008003673A] -> 0xAAA5
[8468] [M]: 0x0000000080036738 (0xAAA50513) addi a0, a0, -0x556
x10 <- 0xFFFFFFFFAAAAAAAA
mem[X,0x000000008003673C] -> 0x1513
mem[X,0x000000008003673E] -> 0x00B5
[8469] [M]: 0x000000008003673C (0x00B51513) slli a0, a0, 0xb
x10 <- 0xFFFFFD5555555000
mem[X,0x0000000080036740] -> 0x0513
mem[X,0x0000000080036742] -> 0x5555
[8470] [M]: 0x0000000080036740 (0x55550513) addi a0, a0, 0x555
x10 <- 0xFFFFFD5555555555
mem[X,0x0000000080036744] -> 0x1513
mem[X,0x0000000080036746] -> 0x00B5
[8471] [M]: 0x0000000080036744 (0x00B51513) slli a0, a0, 0xb
x10 <- 0xFFEAAAAAAAAAA800
mem[X,0x0000000080036748] -> 0x0513
mem[X,0x000000008003674A] -> 0x2AA5
[8472] [M]: 0x0000000080036748 (0x2AA50513) addi a0, a0, 0x2aa
x10 <- 0xFFEAAAAAAAAAAAAA
mem[X,0x000000008003674C] -> 0x1513
mem[X,0x000000008003674E] -> 0x00A5
[8473] [M]: 0x000000008003674C (0x00A51513) slli a0, a0, 0xa
x10 <- 0xAAAAAAAAAAAAA800
mem[X,0x0000000080036750] -> 0x0513
mem[X,0x0000000080036752] -> 0x2AB5
[8474] [M]: 0x0000000080036750 (0x2AB50513) addi a0, a0, 0x2ab
x10 <- 0xAAAAAAAAAAAAAAAB
mem[X,0x0000000080036754] -> 0x65B7
mem[X,0x0000000080036756] -> 0x6666
[8475] [M]: 0x0000000080036754 (0x666665B7) lui a1, 0x66666
x11 <- 0x0000000066666000
mem[X,0x0000000080036758] -> 0x8593
mem[X,0x000000008003675A] -> 0x6665
[8476] [M]: 0x0000000080036758 (0x66658593) addi a1, a1, 0x666
x11 <- 0x0000000066666666
mem[X,0x000000008003675C] -> 0x9593
mem[X,0x000000008003675E] -> 0x00B5
[8477] [M]: 0x000000008003675C (0x00B59593) slli a1, a1, 0xb
x11 <- 0x0000033333333000
mem[X,0x0000000080036760] -> 0x8593
mem[X,0x0000000080036762] -> 0x3335
[8478] [M]: 0x0000000080036760 (0x33358593) addi a1, a1, 0x333
x11 <- 0x0000033333333333
mem[X,0x0000000080036764] -> 0x9593
mem[X,0x0000000080036766] -> 0x00B5
[8479] [M]: 0x0000000080036764 (0x00B59593) slli a1, a1, 0xb
x11 <- 0x0019999999999800
mem[X,0x0000000080036768] -> 0x8593
mem[X,0x000000008003676A] -> 0x1995
[8480] [M]: 0x0000000080036768 (0x19958593) addi a1, a1, 0x199
x11 <- 0x0019999999999999
mem[X,0x000000008003676C] -> 0x9593
mem[X,0x000000008003676E] -> 0x00A5
[8481] [M]: 0x000000008003676C (0x00A59593) slli a1, a1, 0xa
x11 <- 0x6666666666666400
mem[X,0x0000000080036770] -> 0x8593
mem[X,0x0000000080036772] -> 0x2665
[8482] [M]: 0x0000000080036770 (0x26658593) addi a1, a1, 0x266
x11 <- 0x6666666666666666
mem[X,0x0000000080036774] -> 0x0213
mem[X,0x0000000080036776] -> 0x0000
[8483] [M]: 0x0000000080036774 (0x00000213) addi tp, zero, 0x0
x4 <- 0x0000000000000000
mem[X,0x0000000080036778] -> 0x006F
mem[X,0x000000008003677A] -> 0x0180
[8484] [M]: 0x0000000080036778 (0x0180006F) jal zero, 0x18
mem[X,0x0000000080036790] -> 0x06E3
mem[X,0x0000000080036792] -> 0xFEB5
[8485] [M]: 0x0000000080036790 (0xFEB506E3) beq a0, a1, -0x14
mem[X,0x0000000080036794] -> 0x0213
mem[X,0x0000000080036796] -> 0x0022
[8486] [M]: 0x0000000080036794 (0x00220213) addi tp, tp, 0x2
x4 <- 0x0000000000000002
mem[X,0x0000000080036798] -> 0x006F
mem[X,0x000000008003679A] -> 0x00C0
[8487] [M]: 0x0000000080036798 (0x00C0006F) jal zero, 0xc
mem[X,0x00000000800367A4] -> 0x3823
mem[X,0x00000000800367A6] -> 0x0041
[8488] [M]: 0x00000000800367A4 (0x00413823) sd tp, 0x10(sp)
mem[0x00000000800491D8] <- 0x0000000000000002
mem[X,0x00000000800367A8] -> 0xB537
mem[X,0x00000000800367AA] -> 0xAAAA
[8489] [M]: 0x00000000800367A8 (0xAAAAB537) lui a0, -0x55555
x10 <- 0xFFFFFFFFAAAAB000
mem[X,0x00000000800367AC] -> 0x0513
mem[X,0x00000000800367AE] -> 0xAAA5
[8490] [M]: 0x00000000800367AC (0xAAA50513) addi a0, a0, -0x556
x10 <- 0xFFFFFFFFAAAAAAAA
mem[X,0x00000000800367B0] -> 0x1513
mem[X,0x00000000800367B2] -> 0x00B5
[8491] [M]: 0x00000000800367B0 (0x00B51513) slli a0, a0, 0xb
x10 <- 0xFFFFFD5555555000
mem[X,0x00000000800367B4] -> 0x0513
mem[X,0x00000000800367B6] -> 0x5555
[8492] [M]: 0x00000000800367B4 (0x55550513) addi a0, a0, 0x555
x10 <- 0xFFFFFD5555555555
mem[X,0x00000000800367B8] -> 0x1513
mem[X,0x00000000800367BA] -> 0x00B5
[8493] [M]: 0x00000000800367B8 (0x00B51513) slli a0, a0, 0xb
x10 <- 0xFFEAAAAAAAAAA800
mem[X,0x00000000800367BC] -> 0x0513
mem[X,0x00000000800367BE] -> 0x2AA5
[8494] [M]: 0x00000000800367BC (0x2AA50513) addi a0, a0, 0x2aa
x10 <- 0xFFEAAAAAAAAAAAAA
mem[X,0x00000000800367C0] -> 0x1513
mem[X,0x00000000800367C2] -> 0x00A5
[8495] [M]: 0x00000000800367C0 (0x00A51513) slli a0, a0, 0xa
x10 <- 0xAAAAAAAAAAAAA800
mem[X,0x00000000800367C4] -> 0x0513
mem[X,0x00000000800367C6] -> 0x2AB5
[8496] [M]: 0x00000000800367C4 (0x2AB50513) addi a0, a0, 0x2ab
x10 <- 0xAAAAAAAAAAAAAAAB
mem[X,0x00000000800367C8] -> 0x05B7
mem[X,0x00000000800367CA] -> 0x0000
[8497] [M]: 0x00000000800367C8 (0x000005B7) lui a1, 0x0
x11 <- 0x0000000000000000
mem[X,0x00000000800367CC] -> 0x8593
mem[X,0x00000000800367CE] -> 0xFFF5
[8498] [M]: 0x00000000800367CC (0xFFF58593) addi a1, a1, -0x1
x11 <- 0xFFFFFFFFFFFFFFFF
mem[X,0x00000000800367D0] -> 0x9593
mem[X,0x00000000800367D2] -> 0x00B5
[8499] [M]: 0x00000000800367D0 (0x00B59593) slli a1, a1, 0xb
x11 <- 0xFFFFFFFFFFFFF800
clint::tick mtime <- 0x0000000000000055
 clint timer pending at mtime 0x0000000000000055
htif::tick 0x0000000000000000
mem[X,0x00000000800367D4] -> 0x8593
mem[X,0x00000000800367D6] -> 0x2575
[8500] [M]: 0x00000000800367D4 (0x25758593) addi a1, a1, 0x257
x11 <- 0xFFFFFFFFFFFFFA57
mem[X,0x00000000800367D8] -> 0x9593
mem[X,0x00000000800367DA] -> 0x00B5
[8501] [M]: 0x00000000800367D8 (0x00B59593) slli a1, a1, 0xb
x11 <- 0xFFFFFFFFFFD2B800
mem[X,0x00000000800367DC] -> 0x8593
mem[X,0x00000000800367DE] -> 0x6C35
[8502] [M]: 0x00000000800367DC (0x6C358593) addi a1, a1, 0x6c3
x11 <- 0xFFFFFFFFFFD2BEC3
mem[X,0x00000000800367E0] -> 0x9593
mem[X,0x00000000800367E2] -> 0x00A5
[8503] [M]: 0x00000000800367E0 (0x00A59593) slli a1, a1, 0xa
x11 <- 0xFFFFFFFF4AFB0C00
mem[X,0x00000000800367E4] -> 0x8593
mem[X,0x00000000800367E6] -> 0x0CD5
[8504] [M]: 0x00000000800367E4 (0x0CD58593) addi a1, a1, 0xcd
x11 <- 0xFFFFFFFF4AFB0CCD
mem[X,0x00000000800367E8] -> 0x0213
mem[X,0x00000000800367EA] -> 0x0000
[8505] [M]: 0x00000000800367E8 (0x00000213) addi tp, zero, 0x0
x4 <- 0x0000000000000000
mem[X,0x00000000800367EC] -> 0x006F
mem[X,0x00000000800367EE] -> 0x00C0
[8506] [M]: 0x00000000800367EC (0x00C0006F) jal zero, 0xc
mem[X,0x00000000800367F8] -> 0x0063
mem[X,0x00000000800367FA] -> 0x20B5
[8507] [M]: 0x00000000800367F8 (0x20B50063) beq a0, a1, 0x200
mem[X,0x00000000800367FC] -> 0x0213
mem[X,0x00000000800367FE] -> 0x0022
[8508] [M]: 0x00000000800367FC (0x00220213) addi tp, tp, 0x2
x4 <- 0x0000000000000002
mem[X,0x0000000080036800] -> 0x006F
mem[X,0x0000000080036802] -> 0x2000
[8509] [M]: 0x0000000080036800 (0x2000006F) jal zero, 0x200
mem[X,0x0000000080036A00] -> 0x3C23
mem[X,0x0000000080036A02] -> 0x0041
[8510] [M]: 0x0000000080036A00 (0x00413C23) sd tp, 0x18(sp)
mem[0x00000000800491E0] <- 0x0000000000000002
mem[X,0x0000000080036A04] -> 0xB537
mem[X,0x0000000080036A06] -> 0xAAAA
[8511] [M]: 0x0000000080036A04 (0xAAAAB537) lui a0, -0x55555
x10 <- 0xFFFFFFFFAAAAB000
mem[X,0x0000000080036A08] -> 0x0513
mem[X,0x0000000080036A0A] -> 0xAAA5
[8512] [M]: 0x0000000080036A08 (0xAAA50513) addi a0, a0, -0x556
x10 <- 0xFFFFFFFFAAAAAAAA
mem[X,0x0000000080036A0C] -> 0x1513
mem[X,0x0000000080036A0E] -> 0x00B5
[8513] [M]: 0x0000000080036A0C (0x00B51513) slli a0, a0, 0xb
x10 <- 0xFFFFFD5555555000
mem[X,0x0000000080036A10] -> 0x0513
mem[X,0x0000000080036A12] -> 0x5555
[8514] [M]: 0x0000000080036A10 (0x55550513) addi a0, a0, 0x555
x10 <- 0xFFFFFD5555555555
mem[X,0x0000000080036A14] -> 0x1513
mem[X,0x0000000080036A16] -> 0x00B5
[8515] [M]: 0x0000000080036A14 (0x00B51513) slli a0, a0, 0xb
x10 <- 0xFFEAAAAAAAAAA800
mem[X,0x0000000080036A18] -> 0x0513
mem[X,0x0000000080036A1A] -> 0x2AA5
[8516] [M]: 0x0000000080036A18 (0x2AA50513) addi a0, a0, 0x2aa
x10 <- 0xFFEAAAAAAAAAAAAA
mem[X,0x0000000080036A1C] -> 0x1513
mem[X,0x0000000080036A1E] -> 0x00A5
[8517] [M]: 0x0000000080036A1C (0x00A51513) slli a0, a0, 0xa
x10 <- 0xAAAAAAAAAAAAA800
mem[X,0x0000000080036A20] -> 0x0513
mem[X,0x0000000080036A22] -> 0x2AB5
[8518] [M]: 0x0000000080036A20 (0x2AB50513) addi a0, a0, 0x2ab
x10 <- 0xAAAAAAAAAAAAAAAB
mem[X,0x0000000080036A24] -> 0x05B7
mem[X,0x0000000080036A26] -> 0x0000
[8519] [M]: 0x0000000080036A24 (0x000005B7) lui a1, 0x0
x11 <- 0x0000000000000000
mem[X,0x0000000080036A28] -> 0x8593
mem[X,0x0000000080036A2A] -> 0x0005
[8520] [M]: 0x0000000080036A28 (0x00058593) addi a1, a1, 0x0
x11 <- 0x0000000000000000
mem[X,0x0000000080036A2C] -> 0x9593
mem[X,0x0000000080036A2E] -> 0x00B5
[8521] [M]: 0x0000000080036A2C (0x00B59593) slli a1, a1, 0xb
x11 <- 0x0000000000000000
mem[X,0x0000000080036A30] -> 0x8593
mem[X,0x0000000080036A32] -> 0x5A85
[8522] [M]: 0x0000000080036A30 (0x5A858593) addi a1, a1, 0x5a8
x11 <- 0x00000000000005A8
mem[X,0x0000000080036A34] -> 0x9593
mem[X,0x0000000080036A36] -> 0x00B5
[8523] [M]: 0x0000000080036A34 (0x00B59593) slli a1, a1, 0xb
x11 <- 0x00000000002D4000
mem[X,0x0000000080036A38] -> 0x8593
mem[X,0x0000000080036A3A] -> 0x13C5
[8524] [M]: 0x0000000080036A38 (0x13C58593) addi a1, a1, 0x13c
x11 <- 0x00000000002D413C
mem[X,0x0000000080036A3C] -> 0x9593
mem[X,0x0000000080036A3E] -> 0x00A5
[8525] [M]: 0x0000000080036A3C (0x00A59593) slli a1, a1, 0xa
x11 <- 0x00000000B504F000
mem[X,0x0000000080036A40] -> 0x8593
mem[X,0x0000000080036A42] -> 0x3335
[8526] [M]: 0x0000000080036A40 (0x33358593) addi a1, a1, 0x333
x11 <- 0x00000000B504F333
mem[X,0x0000000080036A44] -> 0x0213
mem[X,0x0000000080036A46] -> 0x0000
[8527] [M]: 0x0000000080036A44 (0x00000213) addi tp, zero, 0x0
x4 <- 0x0000000000000000
mem[X,0x0000000080036A48] -> 0x006F
mem[X,0x0000000080036A4A] -> 0x0180
[8528] [M]: 0x0000000080036A48 (0x0180006F) jal zero, 0x18
mem[X,0x0000000080036A60] -> 0x06E3
mem[X,0x0000000080036A62] -> 0xFEB5
[8529] [M]: 0x0000000080036A60 (0xFEB506E3) beq a0, a1, -0x14
mem[X,0x0000000080036A64] -> 0x0213
mem[X,0x0000000080036A66] -> 0x0022
[8530] [M]: 0x0000000080036A64 (0x00220213) addi tp, tp, 0x2
x4 <- 0x0000000000000002
mem[X,0x0000000080036A68] -> 0x006F
mem[X,0x0000000080036A6A] -> 0x00C0
[8531] [M]: 0x0000000080036A68 (0x00C0006F) jal zero, 0xc
mem[X,0x0000000080036A74] -> 0x3023
mem[X,0x0000000080036A76] -> 0x0241
[8532] [M]: 0x0000000080036A74 (0x02413023) sd tp, 0x20(sp)
mem[0x00000000800491E8] <- 0x0000000000000002
mem[X,0x0000000080036A78] -> 0xB537
mem[X,0x0000000080036A7A] -> 0xAAAA
[8533] [M]: 0x0000000080036A78 (0xAAAAB537) lui a0, -0x55555
x10 <- 0xFFFFFFFFAAAAB000
mem[X,0x0000000080036A7C] -> 0x0513
mem[X,0x0000000080036A7E] -> 0xAAA5
[8534] [M]: 0x0000000080036A7C (0xAAA50513) addi a0, a0, -0x556
x10 <- 0xFFFFFFFFAAAAAAAA
mem[X,0x0000000080036A80] -> 0x1513
mem[X,0x0000000080036A82] -> 0x00B5
[8535] [M]: 0x0000000080036A80 (0x00B51513) slli a0, a0, 0xb
x10 <- 0xFFFFFD5555555000
mem[X,0x0000000080036A84] -> 0x0513
mem[X,0x0000000080036A86] -> 0x5555
[8536] [M]: 0x0000000080036A84 (0x55550513) addi a0, a0, 0x555
x10 <- 0xFFFFFD5555555555
mem[X,0x0000000080036A88] -> 0x1513
mem[X,0x0000000080036A8A] -> 0x00B5
[8537] [M]: 0x0000000080036A88 (0x00B51513) slli a0, a0, 0xb
x10 <- 0xFFEAAAAAAAAAA800
mem[X,0x0000000080036A8C] -> 0x0513
mem[X,0x0000000080036A8E] -> 0x2AA5
[8538] [M]: 0x0000000080036A8C (0x2AA50513) addi a0, a0, 0x2aa
x10 <- 0xFFEAAAAAAAAAAAAA
mem[X,0x0000000080036A90] -> 0x1513
mem[X,0x0000000080036A92] -> 0x00A5
[8539] [M]: 0x0000000080036A90 (0x00A51513) slli a0, a0, 0xa
x10 <- 0xAAAAAAAAAAAAA800
mem[X,0x0000000080036A94] -> 0x0513
mem[X,0x0000000080036A96] -> 0x2AB5
[8540] [M]: 0x0000000080036A94 (0x2AB50513) addi a0, a0, 0x2ab
x10 <- 0xAAAAAAAAAAAAAAAB
mem[X,0x0000000080036A98] -> 0x0593
mem[X,0x0000000080036A9A] -> 0x0020
[8541] [M]: 0x0000000080036A98 (0x00200593) addi a1, zero, 0x2
x11 <- 0x0000000000000002
mem[X,0x0000000080036A9C] -> 0x0213
mem[X,0x0000000080036A9E] -> 0x0000
[8542] [M]: 0x0000000080036A9C (0x00000213) addi tp, zero, 0x0
x4 <- 0x0000000000000000
mem[X,0x0000000080036AA0] -> 0x006F
mem[X,0x0000000080036AA2] -> 0x00C0
[8543] [M]: 0x0000000080036AA0 (0x00C0006F) jal zero, 0xc
mem[X,0x0000000080036AAC] -> 0x0063
mem[X,0x0000000080036AAE] -> 0x40B5
[8544] [M]: 0x0000000080036AAC (0x40B50063) beq a0, a1, 0x400
mem[X,0x0000000080036AB0] -> 0x0213
mem[X,0x0000000080036AB2] -> 0x0022
[8545] [M]: 0x0000000080036AB0 (0x00220213) addi tp, tp, 0x2
x4 <- 0x0000000000000002
mem[X,0x0000000080036AB4] -> 0x006F
mem[X,0x0000000080036AB6] -> 0x4000
[8546] [M]: 0x0000000080036AB4 (0x4000006F) jal zero, 0x400
mem[X,0x0000000080036EB4] -> 0x3423
mem[X,0x0000000080036EB6] -> 0x0241
[8547] [M]: 0x0000000080036EB4 (0x02413423) sd tp, 0x28(sp)
mem[0x00000000800491F0] <- 0x0000000000000002
mem[X,0x0000000080036EB8] -> 0xB537
mem[X,0x0000000080036EBA] -> 0xAAAA
[8548] [M]: 0x0000000080036EB8 (0xAAAAB537) lui a0, -0x55555
x10 <- 0xFFFFFFFFAAAAB000
mem[X,0x0000000080036EBC] -> 0x0513
mem[X,0x0000000080036EBE] -> 0xAAA5
[8549] [M]: 0x0000000080036EBC (0xAAA50513) addi a0, a0, -0x556
x10 <- 0xFFFFFFFFAAAAAAAA
mem[X,0x0000000080036EC0] -> 0x1513
mem[X,0x0000000080036EC2] -> 0x00B5
[8550] [M]: 0x0000000080036EC0 (0x00B51513) slli a0, a0, 0xb
x10 <- 0xFFFFFD5555555000
mem[X,0x0000000080036EC4] -> 0x0513
mem[X,0x0000000080036EC6] -> 0x5555
[8551] [M]: 0x0000000080036EC4 (0x55550513) addi a0, a0, 0x555
x10 <- 0xFFFFFD5555555555
mem[X,0x0000000080036EC8] -> 0x1513
mem[X,0x0000000080036ECA] -> 0x00B5
[8552] [M]: 0x0000000080036EC8 (0x00B51513) slli a0, a0, 0xb
x10 <- 0xFFEAAAAAAAAAA800
mem[X,0x0000000080036ECC] -> 0x0513
mem[X,0x0000000080036ECE] -> 0x2AA5
[8553] [M]: 0x0000000080036ECC (0x2AA50513) addi a0, a0, 0x2aa
x10 <- 0xFFEAAAAAAAAAAAAA
mem[X,0x0000000080036ED0] -> 0x1513
mem[X,0x0000000080036ED2] -> 0x00A5
[8554] [M]: 0x0000000080036ED0 (0x00A51513) slli a0, a0, 0xa
x10 <- 0xAAAAAAAAAAAAA800
mem[X,0x0000000080036ED4] -> 0x0513
mem[X,0x0000000080036ED6] -> 0x2AB5
[8555] [M]: 0x0000000080036ED4 (0x2AB50513) addi a0, a0, 0x2ab
x10 <- 0xAAAAAAAAAAAAAAAB
mem[X,0x0000000080036ED8] -> 0x55B7
mem[X,0x0000000080036EDA] -> 0x5555
[8556] [M]: 0x0000000080036ED8 (0x555555B7) lui a1, 0x55555
x11 <- 0x0000000055555000
mem[X,0x0000000080036EDC] -> 0x8593
mem[X,0x0000000080036EDE] -> 0x5555
[8557] [M]: 0x0000000080036EDC (0x55558593) addi a1, a1, 0x555
x11 <- 0x0000000055555555
mem[X,0x0000000080036EE0] -> 0x9593
mem[X,0x0000000080036EE2] -> 0x00B5
[8558] [M]: 0x0000000080036EE0 (0x00B59593) slli a1, a1, 0xb
x11 <- 0x000002AAAAAAA800
mem[X,0x0000000080036EE4] -> 0x8593
mem[X,0x0000000080036EE6] -> 0x2AA5
[8559] [M]: 0x0000000080036EE4 (0x2AA58593) addi a1, a1, 0x2aa
x11 <- 0x000002AAAAAAAAAA
mem[X,0x0000000080036EE8] -> 0x9593
mem[X,0x0000000080036EEA] -> 0x00B5
[8560] [M]: 0x0000000080036EE8 (0x00B59593) slli a1, a1, 0xb
x11 <- 0x0015555555555000
mem[X,0x0000000080036EEC] -> 0x8593
mem[X,0x0000000080036EEE] -> 0x5555
[8561] [M]: 0x0000000080036EEC (0x55558593) addi a1, a1, 0x555
x11 <- 0x0015555555555555
mem[X,0x0000000080036EF0] -> 0x9593
mem[X,0x0000000080036EF2] -> 0x00A5
[8562] [M]: 0x0000000080036EF0 (0x00A59593) slli a1, a1, 0xa
x11 <- 0x5555555555555400
mem[X,0x0000000080036EF4] -> 0x8593
mem[X,0x0000000080036EF6] -> 0x1545
[8563] [M]: 0x0000000080036EF4 (0x15458593) addi a1, a1, 0x154
x11 <- 0x5555555555555554
mem[X,0x0000000080036EF8] -> 0x0213
mem[X,0x0000000080036EFA] -> 0x0000
[8564] [M]: 0x0000000080036EF8 (0x00000213) addi tp, zero, 0x0
x4 <- 0x0000000000000000
mem[X,0x0000000080036EFC] -> 0x006F
mem[X,0x0000000080036EFE] -> 0x00C0
[8565] [M]: 0x0000000080036EFC (0x00C0006F) jal zero, 0xc
mem[X,0x0000000080036F08] -> 0x0663
mem[X,0x0000000080036F0A] -> 0x00B5
[8566] [M]: 0x0000000080036F08 (0x00B50663) beq a0, a1, 0xc
mem[X,0x0000000080036F0C] -> 0x0213
mem[X,0x0000000080036F0E] -> 0x0022
[8567] [M]: 0x0000000080036F0C (0x00220213) addi tp, tp, 0x2
x4 <- 0x0000000000000002
mem[X,0x0000000080036F10] -> 0x006F
mem[X,0x0000000080036F12] -> 0x00C0
[8568] [M]: 0x0000000080036F10 (0x00C0006F) jal zero, 0xc
mem[X,0x0000000080036F1C] -> 0x3823
mem[X,0x0000000080036F1E] -> 0x0241
[8569] [M]: 0x0000000080036F1C (0x02413823) sd tp, 0x30(sp)
mem[0x00000000800491F8] <- 0x0000000000000002
mem[X,0x0000000080036F20] -> 0xB537
mem[X,0x0000000080036F22] -> 0xAAAA
[8570] [M]: 0x0000000080036F20 (0xAAAAB537) lui a0, -0x55555
x10 <- 0xFFFFFFFFAAAAB000
mem[X,0x0000000080036F24] -> 0x0513
mem[X,0x0000000080036F26] -> 0xAAA5
[8571] [M]: 0x0000000080036F24 (0xAAA50513) addi a0, a0, -0x556
x10 <- 0xFFFFFFFFAAAAAAAA
mem[X,0x0000000080036F28] -> 0x1513
mem[X,0x0000000080036F2A] -> 0x00B5
[8572] [M]: 0x0000000080036F28 (0x00B51513) slli a0, a0, 0xb
x10 <- 0xFFFFFD5555555000
mem[X,0x0000000080036F2C] -> 0x0513
mem[X,0x0000000080036F2E] -> 0x5555
[8573] [M]: 0x0000000080036F2C (0x55550513) addi a0, a0, 0x555
x10 <- 0xFFFFFD5555555555
mem[X,0x0000000080036F30] -> 0x1513
mem[X,0x0000000080036F32] -> 0x00B5
[8574] [M]: 0x0000000080036F30 (0x00B51513) slli a0, a0, 0xb
x10 <- 0xFFEAAAAAAAAAA800
mem[X,0x0000000080036F34] -> 0x0513
mem[X,0x0000000080036F36] -> 0x2AA5
[8575] [M]: 0x0000000080036F34 (0x2AA50513) addi a0, a0, 0x2aa
x10 <- 0xFFEAAAAAAAAAAAAA
mem[X,0x0000000080036F38] -> 0x1513
mem[X,0x0000000080036F3A] -> 0x00A5
[8576] [M]: 0x0000000080036F38 (0x00A51513) slli a0, a0, 0xa
x10 <- 0xAAAAAAAAAAAAA800
mem[X,0x0000000080036F3C] -> 0x0513
mem[X,0x0000000080036F3E] -> 0x2AB5
[8577] [M]: 0x0000000080036F3C (0x2AB50513) addi a0, a0, 0x2ab
x10 <- 0xAAAAAAAAAAAAAAAB
mem[X,0x0000000080036F40] -> 0x0593
mem[X,0x0000000080036F42] -> 0x0000
[8578] [M]: 0x0000000080036F40 (0x00000593) addi a1, zero, 0x0
x11 <- 0x0000000000000000
mem[X,0x0000000080036F44] -> 0x0213
mem[X,0x0000000080036F46] -> 0x0000
[8579] [M]: 0x0000000080036F44 (0x00000213) addi tp, zero, 0x0
x4 <- 0x0000000000000000
mem[X,0x0000000080036F48] -> 0x006F
mem[X,0x0000000080036F4A] -> 0x00C0
[8580] [M]: 0x0000000080036F48 (0x00C0006F) jal zero, 0xc
mem[X,0x0000000080036F54] -> 0x0063
mem[X,0x0000000080036F56] -> 0x04B5
[8581] [M]: 0x0000000080036F54 (0x04B50063) beq a0, a1, 0x40
mem[X,0x0000000080036F58] -> 0x0213
mem[X,0x0000000080036F5A] -> 0x0022
[8582] [M]: 0x0000000080036F58 (0x00220213) addi tp, tp, 0x2
x4 <- 0x0000000000000002
mem[X,0x0000000080036F5C] -> 0x006F
mem[X,0x0000000080036F5E] -> 0x0400
[8583] [M]: 0x0000000080036F5C (0x0400006F) jal zero, 0x40
mem[X,0x0000000080036F9C] -> 0x3C23
mem[X,0x0000000080036F9E] -> 0x0241
[8584] [M]: 0x0000000080036F9C (0x02413C23) sd tp, 0x38(sp)
mem[0x0000000080049200] <- 0x0000000000000002
mem[X,0x0000000080036FA0] -> 0xB537
mem[X,0x0000000080036FA2] -> 0xAAAA
[8585] [M]: 0x0000000080036FA0 (0xAAAAB537) lui a0, -0x55555
x10 <- 0xFFFFFFFFAAAAB000
mem[X,0x0000000080036FA4] -> 0x0513
mem[X,0x0000000080036FA6] -> 0xAAA5
[8586] [M]: 0x0000000080036FA4 (0xAAA50513) addi a0, a0, -0x556
x10 <- 0xFFFFFFFFAAAAAAAA
mem[X,0x0000000080036FA8] -> 0x1513
mem[X,0x0000000080036FAA] -> 0x00B5
[8587] [M]: 0x0000000080036FA8 (0x00B51513) slli a0, a0, 0xb
x10 <- 0xFFFFFD5555555000
mem[X,0x0000000080036FAC] -> 0x0513
mem[X,0x0000000080036FAE] -> 0x5555
[8588] [M]: 0x0000000080036FAC (0x55550513) addi a0, a0, 0x555
x10 <- 0xFFFFFD5555555555
mem[X,0x0000000080036FB0] -> 0x1513
mem[X,0x0000000080036FB2] -> 0x00B5
[8589] [M]: 0x0000000080036FB0 (0x00B51513) slli a0, a0, 0xb
x10 <- 0xFFEAAAAAAAAAA800
mem[X,0x0000000080036FB4] -> 0x0513
mem[X,0x0000000080036FB6] -> 0x2AA5
[8590] [M]: 0x0000000080036FB4 (0x2AA50513) addi a0, a0, 0x2aa
x10 <- 0xFFEAAAAAAAAAAAAA
mem[X,0x0000000080036FB8] -> 0x1513
mem[X,0x0000000080036FBA] -> 0x00A5
[8591] [M]: 0x0000000080036FB8 (0x00A51513) slli a0, a0, 0xa
x10 <- 0xAAAAAAAAAAAAA800
mem[X,0x0000000080036FBC] -> 0x0513
mem[X,0x0000000080036FBE] -> 0x2AB5
[8592] [M]: 0x0000000080036FBC (0x2AB50513) addi a0, a0, 0x2ab
x10 <- 0xAAAAAAAAAAAAAAAB
mem[X,0x0000000080036FC0] -> 0x0593
mem[X,0x0000000080036FC2] -> 0x0040
[8593] [M]: 0x0000000080036FC0 (0x00400593) addi a1, zero, 0x4
x11 <- 0x0000000000000004
mem[X,0x0000000080036FC4] -> 0x0213
mem[X,0x0000000080036FC6] -> 0x0000
[8594] [M]: 0x0000000080036FC4 (0x00000213) addi tp, zero, 0x0
x4 <- 0x0000000000000000
mem[X,0x0000000080036FC8] -> 0x006F
mem[X,0x0000000080036FCA] -> 0x0100
[8595] [M]: 0x0000000080036FC8 (0x0100006F) jal zero, 0x10
mem[X,0x0000000080036FD8] -> 0x0AE3
mem[X,0x0000000080036FDA] -> 0xFEB5
[8596] [M]: 0x0000000080036FD8 (0xFEB50AE3) beq a0, a1, -0xc
mem[X,0x0000000080036FDC] -> 0x0213
mem[X,0x0000000080036FDE] -> 0x0022
[8597] [M]: 0x0000000080036FDC (0x00220213) addi tp, tp, 0x2
x4 <- 0x0000000000000002
mem[X,0x0000000080036FE0] -> 0x006F
mem[X,0x0000000080036FE2] -> 0x00C0
[8598] [M]: 0x0000000080036FE0 (0x00C0006F) jal zero, 0xc
mem[X,0x0000000080036FEC] -> 0x3023
mem[X,0x0000000080036FEE] -> 0x0441
[8599] [M]: 0x0000000080036FEC (0x04413023) sd tp, 0x40(sp)
mem[0x0000000080049208] <- 0x0000000000000002
clint::tick mtime <- 0x0000000000000056
 clint timer pending at mtime 0x0000000000000056
htif::tick 0x0000000000000000
mem[X,0x0000000080036FF0] -> 0xB537
mem[X,0x0000000080036FF2] -> 0xAAAA
[8600] [M]: 0x0000000080036FF0 (0xAAAAB537) lui a0, -0x55555
x10 <- 0xFFFFFFFFAAAAB000
mem[X,0x0000000080036FF4] -> 0x0513
mem[X,0x0000000080036FF6] -> 0xAAA5
[8601] [M]: 0x0000000080036FF4 (0xAAA50513) addi a0, a0, -0x556
x10 <- 0xFFFFFFFFAAAAAAAA
mem[X,0x0000000080036FF8] -> 0x1513
mem[X,0x0000000080036FFA] -> 0x00B5
[8602] [M]: 0x0000000080036FF8 (0x00B51513) slli a0, a0, 0xb
x10 <- 0xFFFFFD5555555000
mem[X,0x0000000080036FFC] -> 0x0513
mem[X,0x0000000080036FFE] -> 0x5555
[8603] [M]: 0x0000000080036FFC (0x55550513) addi a0, a0, 0x555
x10 <- 0xFFFFFD5555555555
mem[X,0x0000000080037000] -> 0x1513
mem[X,0x0000000080037002] -> 0x00B5
[8604] [M]: 0x0000000080037000 (0x00B51513) slli a0, a0, 0xb
x10 <- 0xFFEAAAAAAAAAA800
mem[X,0x0000000080037004] -> 0x0513
mem[X,0x0000000080037006] -> 0x2AA5
[8605] [M]: 0x0000000080037004 (0x2AA50513) addi a0, a0, 0x2aa
x10 <- 0xFFEAAAAAAAAAAAAA
mem[X,0x0000000080037008] -> 0x1513
mem[X,0x000000008003700A] -> 0x00A5
[8606] [M]: 0x0000000080037008 (0x00A51513) slli a0, a0, 0xa
x10 <- 0xAAAAAAAAAAAAA800
mem[X,0x000000008003700C] -> 0x0513
mem[X,0x000000008003700E] -> 0x2AB5
[8607] [M]: 0x000000008003700C (0x2AB50513) addi a0, a0, 0x2ab
x10 <- 0xAAAAAAAAAAAAAAAB
mem[X,0x0000000080037010] -> 0x35B7
mem[X,0x0000000080037012] -> 0x3333
[8608] [M]: 0x0000000080037010 (0x333335B7) lui a1, 0x33333
x11 <- 0x0000000033333000
mem[X,0x0000000080037014] -> 0x8593
mem[X,0x0000000080037016] -> 0x3335
[8609] [M]: 0x0000000080037014 (0x33358593) addi a1, a1, 0x333
x11 <- 0x0000000033333333
mem[X,0x0000000080037018] -> 0x9593
mem[X,0x000000008003701A] -> 0x00B5
[8610] [M]: 0x0000000080037018 (0x00B59593) slli a1, a1, 0xb
x11 <- 0x0000019999999800
mem[X,0x000000008003701C] -> 0x8593
mem[X,0x000000008003701E] -> 0x1995
[8611] [M]: 0x000000008003701C (0x19958593) addi a1, a1, 0x199
x11 <- 0x0000019999999999
mem[X,0x0000000080037020] -> 0x9593
mem[X,0x0000000080037022] -> 0x00B5
[8612] [M]: 0x0000000080037020 (0x00B59593) slli a1, a1, 0xb
x11 <- 0x000CCCCCCCCCC800
mem[X,0x0000000080037024] -> 0x8593
mem[X,0x0000000080037026] -> 0x4CC5
[8613] [M]: 0x0000000080037024 (0x4CC58593) addi a1, a1, 0x4cc
x11 <- 0x000CCCCCCCCCCCCC
mem[X,0x0000000080037028] -> 0x9593
mem[X,0x000000008003702A] -> 0x00A5
[8614] [M]: 0x0000000080037028 (0x00A59593) slli a1, a1, 0xa
x11 <- 0x3333333333333000
mem[X,0x000000008003702C] -> 0x8593
mem[X,0x000000008003702E] -> 0x3325
[8615] [M]: 0x000000008003702C (0x33258593) addi a1, a1, 0x332
x11 <- 0x3333333333333332
mem[X,0x0000000080037030] -> 0x0213
mem[X,0x0000000080037032] -> 0x0000
[8616] [M]: 0x0000000080037030 (0x00000213) addi tp, zero, 0x0
x4 <- 0x0000000000000000
mem[X,0x0000000080037034] -> 0x006F
mem[X,0x0000000080037036] -> 0x00C0
[8617] [M]: 0x0000000080037034 (0x00C0006F) jal zero, 0xc
mem[X,0x0000000080037040] -> 0x0663
mem[X,0x0000000080037042] -> 0x00B5
[8618] [M]: 0x0000000080037040 (0x00B50663) beq a0, a1, 0xc
mem[X,0x0000000080037044] -> 0x0213
mem[X,0x0000000080037046] -> 0x0022
[8619] [M]: 0x0000000080037044 (0x00220213) addi tp, tp, 0x2
x4 <- 0x0000000000000002
mem[X,0x0000000080037048] -> 0x006F
mem[X,0x000000008003704A] -> 0x00C0
[8620] [M]: 0x0000000080037048 (0x00C0006F) jal zero, 0xc
mem[X,0x0000000080037054] -> 0x3423
mem[X,0x0000000080037056] -> 0x0441
[8621] [M]: 0x0000000080037054 (0x04413423) sd tp, 0x48(sp)
mem[0x0000000080049210] <- 0x0000000000000002
mem[X,0x0000000080037058] -> 0xB537
mem[X,0x000000008003705A] -> 0xAAAA
[8622] [M]: 0x0000000080037058 (0xAAAAB537) lui a0, -0x55555
x10 <- 0xFFFFFFFFAAAAB000
mem[X,0x000000008003705C] -> 0x0513
mem[X,0x000000008003705E] -> 0xAAA5
[8623] [M]: 0x000000008003705C (0xAAA50513) addi a0, a0, -0x556
x10 <- 0xFFFFFFFFAAAAAAAA
mem[X,0x0000000080037060] -> 0x1513
mem[X,0x0000000080037062] -> 0x00B5
[8624] [M]: 0x0000000080037060 (0x00B51513) slli a0, a0, 0xb
x10 <- 0xFFFFFD5555555000
mem[X,0x0000000080037064] -> 0x0513
mem[X,0x0000000080037066] -> 0x5555
[8625] [M]: 0x0000000080037064 (0x55550513) addi a0, a0, 0x555
x10 <- 0xFFFFFD5555555555
mem[X,0x0000000080037068] -> 0x1513
mem[X,0x000000008003706A] -> 0x00B5
[8626] [M]: 0x0000000080037068 (0x00B51513) slli a0, a0, 0xb
x10 <- 0xFFEAAAAAAAAAA800
mem[X,0x000000008003706C] -> 0x0513
mem[X,0x000000008003706E] -> 0x2AA5
[8627] [M]: 0x000000008003706C (0x2AA50513) addi a0, a0, 0x2aa
x10 <- 0xFFEAAAAAAAAAAAAA
mem[X,0x0000000080037070] -> 0x1513
mem[X,0x0000000080037072] -> 0x00A5
[8628] [M]: 0x0000000080037070 (0x00A51513) slli a0, a0, 0xa
x10 <- 0xAAAAAAAAAAAAA800
mem[X,0x0000000080037074] -> 0x0513
mem[X,0x0000000080037076] -> 0x2AB5
[8629] [M]: 0x0000000080037074 (0x2AB50513) addi a0, a0, 0x2ab
x10 <- 0xAAAAAAAAAAAAAAAB
mem[X,0x0000000080037078] -> 0x65B7
mem[X,0x000000008003707A] -> 0x6666
[8630] [M]: 0x0000000080037078 (0x666665B7) lui a1, 0x66666
x11 <- 0x0000000066666000
mem[X,0x000000008003707C] -> 0x8593
mem[X,0x000000008003707E] -> 0x6665
[8631] [M]: 0x000000008003707C (0x66658593) addi a1, a1, 0x666
x11 <- 0x0000000066666666
mem[X,0x0000000080037080] -> 0x9593
mem[X,0x0000000080037082] -> 0x00B5
[8632] [M]: 0x0000000080037080 (0x00B59593) slli a1, a1, 0xb
x11 <- 0x0000033333333000
mem[X,0x0000000080037084] -> 0x8593
mem[X,0x0000000080037086] -> 0x3335
[8633] [M]: 0x0000000080037084 (0x33358593) addi a1, a1, 0x333
x11 <- 0x0000033333333333
mem[X,0x0000000080037088] -> 0x9593
mem[X,0x000000008003708A] -> 0x00B5
[8634] [M]: 0x0000000080037088 (0x00B59593) slli a1, a1, 0xb
x11 <- 0x0019999999999800
mem[X,0x000000008003708C] -> 0x8593
mem[X,0x000000008003708E] -> 0x1995
[8635] [M]: 0x000000008003708C (0x19958593) addi a1, a1, 0x199
x11 <- 0x0019999999999999
mem[X,0x0000000080037090] -> 0x9593
mem[X,0x0000000080037092] -> 0x00A5
[8636] [M]: 0x0000000080037090 (0x00A59593) slli a1, a1, 0xa
x11 <- 0x6666666666666400
mem[X,0x0000000080037094] -> 0x8593
mem[X,0x0000000080037096] -> 0x2655
[8637] [M]: 0x0000000080037094 (0x26558593) addi a1, a1, 0x265
x11 <- 0x6666666666666665
mem[X,0x0000000080037098] -> 0x0213
mem[X,0x000000008003709A] -> 0x0000
[8638] [M]: 0x0000000080037098 (0x00000213) addi tp, zero, 0x0
x4 <- 0x0000000000000000
mem[X,0x000000008003709C] -> 0x006F
mem[X,0x000000008003709E] -> 0x00C0
[8639] [M]: 0x000000008003709C (0x00C0006F) jal zero, 0xc
mem[X,0x00000000800370A8] -> 0x0663
mem[X,0x00000000800370AA] -> 0x00B5
[8640] [M]: 0x00000000800370A8 (0x00B50663) beq a0, a1, 0xc
mem[X,0x00000000800370AC] -> 0x0213
mem[X,0x00000000800370AE] -> 0x0022
[8641] [M]: 0x00000000800370AC (0x00220213) addi tp, tp, 0x2
x4 <- 0x0000000000000002
mem[X,0x00000000800370B0] -> 0x006F
mem[X,0x00000000800370B2] -> 0x00C0
[8642] [M]: 0x00000000800370B0 (0x00C0006F) jal zero, 0xc
mem[X,0x00000000800370BC] -> 0x3823
mem[X,0x00000000800370BE] -> 0x0441
[8643] [M]: 0x00000000800370BC (0x04413823) sd tp, 0x50(sp)
mem[0x0000000080049218] <- 0x0000000000000002
mem[X,0x00000000800370C0] -> 0xB537
mem[X,0x00000000800370C2] -> 0xAAAA
[8644] [M]: 0x00000000800370C0 (0xAAAAB537) lui a0, -0x55555
x10 <- 0xFFFFFFFFAAAAB000
mem[X,0x00000000800370C4] -> 0x0513
mem[X,0x00000000800370C6] -> 0xAAA5
[8645] [M]: 0x00000000800370C4 (0xAAA50513) addi a0, a0, -0x556
x10 <- 0xFFFFFFFFAAAAAAAA
mem[X,0x00000000800370C8] -> 0x1513
mem[X,0x00000000800370CA] -> 0x00B5
[8646] [M]: 0x00000000800370C8 (0x00B51513) slli a0, a0, 0xb
x10 <- 0xFFFFFD5555555000
mem[X,0x00000000800370CC] -> 0x0513
mem[X,0x00000000800370CE] -> 0x5555
[8647] [M]: 0x00000000800370CC (0x55550513) addi a0, a0, 0x555
x10 <- 0xFFFFFD5555555555
mem[X,0x00000000800370D0] -> 0x1513
mem[X,0x00000000800370D2] -> 0x00B5
[8648] [M]: 0x00000000800370D0 (0x00B51513) slli a0, a0, 0xb
x10 <- 0xFFEAAAAAAAAAA800
mem[X,0x00000000800370D4] -> 0x0513
mem[X,0x00000000800370D6] -> 0x2AA5
[8649] [M]: 0x00000000800370D4 (0x2AA50513) addi a0, a0, 0x2aa
x10 <- 0xFFEAAAAAAAAAAAAA
mem[X,0x00000000800370D8] -> 0x1513
mem[X,0x00000000800370DA] -> 0x00A5
[8650] [M]: 0x00000000800370D8 (0x00A51513) slli a0, a0, 0xa
x10 <- 0xAAAAAAAAAAAAA800
mem[X,0x00000000800370DC] -> 0x0513
mem[X,0x00000000800370DE] -> 0x2AB5
[8651] [M]: 0x00000000800370DC (0x2AB50513) addi a0, a0, 0x2ab
x10 <- 0xAAAAAAAAAAAAAAAB
mem[X,0x00000000800370E0] -> 0x05B7
mem[X,0x00000000800370E2] -> 0x0000
[8652] [M]: 0x00000000800370E0 (0x000005B7) lui a1, 0x0
x11 <- 0x0000000000000000
mem[X,0x00000000800370E4] -> 0x8593
mem[X,0x00000000800370E6] -> 0x0005
[8653] [M]: 0x00000000800370E4 (0x00058593) addi a1, a1, 0x0
x11 <- 0x0000000000000000
mem[X,0x00000000800370E8] -> 0x9593
mem[X,0x00000000800370EA] -> 0x00B5
[8654] [M]: 0x00000000800370E8 (0x00B59593) slli a1, a1, 0xb
x11 <- 0x0000000000000000
mem[X,0x00000000800370EC] -> 0x8593
mem[X,0x00000000800370EE] -> 0x5A85
[8655] [M]: 0x00000000800370EC (0x5A858593) addi a1, a1, 0x5a8
x11 <- 0x00000000000005A8
mem[X,0x00000000800370F0] -> 0x9593
mem[X,0x00000000800370F2] -> 0x00B5
[8656] [M]: 0x00000000800370F0 (0x00B59593) slli a1, a1, 0xb
x11 <- 0x00000000002D4000
mem[X,0x00000000800370F4] -> 0x8593
mem[X,0x00000000800370F6] -> 0x13C5
[8657] [M]: 0x00000000800370F4 (0x13C58593) addi a1, a1, 0x13c
x11 <- 0x00000000002D413C
mem[X,0x00000000800370F8] -> 0x9593
mem[X,0x00000000800370FA] -> 0x00A5
[8658] [M]: 0x00000000800370F8 (0x00A59593) slli a1, a1, 0xa
x11 <- 0x00000000B504F000
mem[X,0x00000000800370FC] -> 0x8593
mem[X,0x00000000800370FE] -> 0x3325
[8659] [M]: 0x00000000800370FC (0x33258593) addi a1, a1, 0x332
x11 <- 0x00000000B504F332
mem[X,0x0000000080037100] -> 0x0213
mem[X,0x0000000080037102] -> 0x0000
[8660] [M]: 0x0000000080037100 (0x00000213) addi tp, zero, 0x0
x4 <- 0x0000000000000000
mem[X,0x0000000080037104] -> 0x006F
mem[X,0x0000000080037106] -> 0x0100
[8661] [M]: 0x0000000080037104 (0x0100006F) jal zero, 0x10
mem[X,0x0000000080037114] -> 0x0AE3
mem[X,0x0000000080037116] -> 0xFEB5
[8662] [M]: 0x0000000080037114 (0xFEB50AE3) beq a0, a1, -0xc
mem[X,0x0000000080037118] -> 0x0213
mem[X,0x000000008003711A] -> 0x0022
[8663] [M]: 0x0000000080037118 (0x00220213) addi tp, tp, 0x2
x4 <- 0x0000000000000002
mem[X,0x000000008003711C] -> 0x006F
mem[X,0x000000008003711E] -> 0x00C0
[8664] [M]: 0x000000008003711C (0x00C0006F) jal zero, 0xc
mem[X,0x0000000080037128] -> 0x3C23
mem[X,0x000000008003712A] -> 0x0441
[8665] [M]: 0x0000000080037128 (0x04413C23) sd tp, 0x58(sp)
mem[0x0000000080049220] <- 0x0000000000000002
mem[X,0x000000008003712C] -> 0xB537
mem[X,0x000000008003712E] -> 0xAAAA
[8666] [M]: 0x000000008003712C (0xAAAAB537) lui a0, -0x55555
x10 <- 0xFFFFFFFFAAAAB000
mem[X,0x0000000080037130] -> 0x0513
mem[X,0x0000000080037132] -> 0xAAA5
[8667] [M]: 0x0000000080037130 (0xAAA50513) addi a0, a0, -0x556
x10 <- 0xFFFFFFFFAAAAAAAA
mem[X,0x0000000080037134] -> 0x1513
mem[X,0x0000000080037136] -> 0x00B5
[8668] [M]: 0x0000000080037134 (0x00B51513) slli a0, a0, 0xb
x10 <- 0xFFFFFD5555555000
mem[X,0x0000000080037138] -> 0x0513
mem[X,0x000000008003713A] -> 0x5555
[8669] [M]: 0x0000000080037138 (0x55550513) addi a0, a0, 0x555
x10 <- 0xFFFFFD5555555555
mem[X,0x000000008003713C] -> 0x1513
mem[X,0x000000008003713E] -> 0x00B5
[8670] [M]: 0x000000008003713C (0x00B51513) slli a0, a0, 0xb
x10 <- 0xFFEAAAAAAAAAA800
mem[X,0x0000000080037140] -> 0x0513
mem[X,0x0000000080037142] -> 0x2AA5
[8671] [M]: 0x0000000080037140 (0x2AA50513) addi a0, a0, 0x2aa
x10 <- 0xFFEAAAAAAAAAAAAA
mem[X,0x0000000080037144] -> 0x1513
mem[X,0x0000000080037146] -> 0x00A5
[8672] [M]: 0x0000000080037144 (0x00A51513) slli a0, a0, 0xa
x10 <- 0xAAAAAAAAAAAAA800
mem[X,0x0000000080037148] -> 0x0513
mem[X,0x000000008003714A] -> 0x2AB5
[8673] [M]: 0x0000000080037148 (0x2AB50513) addi a0, a0, 0x2ab
x10 <- 0xAAAAAAAAAAAAAAAB
mem[X,0x000000008003714C] -> 0x55B7
mem[X,0x000000008003714E] -> 0x5555
[8674] [M]: 0x000000008003714C (0x555555B7) lui a1, 0x55555
x11 <- 0x0000000055555000
mem[X,0x0000000080037150] -> 0x8593
mem[X,0x0000000080037152] -> 0x5555
[8675] [M]: 0x0000000080037150 (0x55558593) addi a1, a1, 0x555
x11 <- 0x0000000055555555
mem[X,0x0000000080037154] -> 0x9593
mem[X,0x0000000080037156] -> 0x00B5
[8676] [M]: 0x0000000080037154 (0x00B59593) slli a1, a1, 0xb
x11 <- 0x000002AAAAAAA800
mem[X,0x0000000080037158] -> 0x8593
mem[X,0x000000008003715A] -> 0x2AA5
[8677] [M]: 0x0000000080037158 (0x2AA58593) addi a1, a1, 0x2aa
x11 <- 0x000002AAAAAAAAAA
mem[X,0x000000008003715C] -> 0x9593
mem[X,0x000000008003715E] -> 0x00B5
[8678] [M]: 0x000000008003715C (0x00B59593) slli a1, a1, 0xb
x11 <- 0x0015555555555000
mem[X,0x0000000080037160] -> 0x8593
mem[X,0x0000000080037162] -> 0x5555
[8679] [M]: 0x0000000080037160 (0x55558593) addi a1, a1, 0x555
x11 <- 0x0015555555555555
mem[X,0x0000000080037164] -> 0x9593
mem[X,0x0000000080037166] -> 0x00A5
[8680] [M]: 0x0000000080037164 (0x00A59593) slli a1, a1, 0xa
x11 <- 0x5555555555555400
mem[X,0x0000000080037168] -> 0x8593
mem[X,0x000000008003716A] -> 0x1565
[8681] [M]: 0x0000000080037168 (0x15658593) addi a1, a1, 0x156
x11 <- 0x5555555555555556
mem[X,0x000000008003716C] -> 0x0213
mem[X,0x000000008003716E] -> 0x0000
[8682] [M]: 0x000000008003716C (0x00000213) addi tp, zero, 0x0
x4 <- 0x0000000000000000
mem[X,0x0000000080037170] -> 0x006F
mem[X,0x0000000080037172] -> 0x00C0
[8683] [M]: 0x0000000080037170 (0x00C0006F) jal zero, 0xc
mem[X,0x000000008003717C] -> 0x0CE3
mem[X,0x000000008003717E] -> 0xFEB5
[8684] [M]: 0x000000008003717C (0xFEB50CE3) beq a0, a1, -0x8
mem[X,0x0000000080037180] -> 0x0213
mem[X,0x0000000080037182] -> 0x0022
[8685] [M]: 0x0000000080037180 (0x00220213) addi tp, tp, 0x2
x4 <- 0x0000000000000002
mem[X,0x0000000080037184] -> 0x006F
mem[X,0x0000000080037186] -> 0x00C0
[8686] [M]: 0x0000000080037184 (0x00C0006F) jal zero, 0xc
mem[X,0x0000000080037190] -> 0x3023
mem[X,0x0000000080037192] -> 0x0641
[8687] [M]: 0x0000000080037190 (0x06413023) sd tp, 0x60(sp)
mem[0x0000000080049228] <- 0x0000000000000002
mem[X,0x0000000080037194] -> 0xB537
mem[X,0x0000000080037196] -> 0xAAAA
[8688] [M]: 0x0000000080037194 (0xAAAAB537) lui a0, -0x55555
x10 <- 0xFFFFFFFFAAAAB000
mem[X,0x0000000080037198] -> 0x0513
mem[X,0x000000008003719A] -> 0xAAA5
[8689] [M]: 0x0000000080037198 (0xAAA50513) addi a0, a0, -0x556
x10 <- 0xFFFFFFFFAAAAAAAA
mem[X,0x000000008003719C] -> 0x1513
mem[X,0x000000008003719E] -> 0x00B5
[8690] [M]: 0x000000008003719C (0x00B51513) slli a0, a0, 0xb
x10 <- 0xFFFFFD5555555000
mem[X,0x00000000800371A0] -> 0x0513
mem[X,0x00000000800371A2] -> 0x5555
[8691] [M]: 0x00000000800371A0 (0x55550513) addi a0, a0, 0x555
x10 <- 0xFFFFFD5555555555
mem[X,0x00000000800371A4] -> 0x1513
mem[X,0x00000000800371A6] -> 0x00B5
[8692] [M]: 0x00000000800371A4 (0x00B51513) slli a0, a0, 0xb
x10 <- 0xFFEAAAAAAAAAA800
mem[X,0x00000000800371A8] -> 0x0513
mem[X,0x00000000800371AA] -> 0x2AA5
[8693] [M]: 0x00000000800371A8 (0x2AA50513) addi a0, a0, 0x2aa
x10 <- 0xFFEAAAAAAAAAAAAA
mem[X,0x00000000800371AC] -> 0x1513
mem[X,0x00000000800371AE] -> 0x00A5
[8694] [M]: 0x00000000800371AC (0x00A51513) slli a0, a0, 0xa
x10 <- 0xAAAAAAAAAAAAA800
mem[X,0x00000000800371B0] -> 0x0513
mem[X,0x00000000800371B2] -> 0x2AB5
[8695] [M]: 0x00000000800371B0 (0x2AB50513) addi a0, a0, 0x2ab
x10 <- 0xAAAAAAAAAAAAAAAB
mem[X,0x00000000800371B4] -> 0xB5B7
mem[X,0x00000000800371B6] -> 0xAAAA
[8696] [M]: 0x00000000800371B4 (0xAAAAB5B7) lui a1, -0x55555
x11 <- 0xFFFFFFFFAAAAB000
mem[X,0x00000000800371B8] -> 0x8593
mem[X,0x00000000800371BA] -> 0xAAA5
[8697] [M]: 0x00000000800371B8 (0xAAA58593) addi a1, a1, -0x556
x11 <- 0xFFFFFFFFAAAAAAAA
mem[X,0x00000000800371BC] -> 0x9593
mem[X,0x00000000800371BE] -> 0x00B5
[8698] [M]: 0x00000000800371BC (0x00B59593) slli a1, a1, 0xb
x11 <- 0xFFFFFD5555555000
mem[X,0x00000000800371C0] -> 0x8593
mem[X,0x00000000800371C2] -> 0x5555
[8699] [M]: 0x00000000800371C0 (0x55558593) addi a1, a1, 0x555
x11 <- 0xFFFFFD5555555555
clint::tick mtime <- 0x0000000000000057
 clint timer pending at mtime 0x0000000000000057
htif::tick 0x0000000000000000
mem[X,0x00000000800371C4] -> 0x9593
mem[X,0x00000000800371C6] -> 0x00B5
[8700] [M]: 0x00000000800371C4 (0x00B59593) slli a1, a1, 0xb
x11 <- 0xFFEAAAAAAAAAA800
mem[X,0x00000000800371C8] -> 0x8593
mem[X,0x00000000800371CA] -> 0x2AA5
[8701] [M]: 0x00000000800371C8 (0x2AA58593) addi a1, a1, 0x2aa
x11 <- 0xFFEAAAAAAAAAAAAA
mem[X,0x00000000800371CC] -> 0x9593
mem[X,0x00000000800371CE] -> 0x00A5
[8702] [M]: 0x00000000800371CC (0x00A59593) slli a1, a1, 0xa
x11 <- 0xAAAAAAAAAAAAA800
mem[X,0x00000000800371D0] -> 0x8593
mem[X,0x00000000800371D2] -> 0x2AB5
[8703] [M]: 0x00000000800371D0 (0x2AB58593) addi a1, a1, 0x2ab
x11 <- 0xAAAAAAAAAAAAAAAB
mem[X,0x00000000800371D4] -> 0x0213
mem[X,0x00000000800371D6] -> 0x0000
[8704] [M]: 0x00000000800371D4 (0x00000213) addi tp, zero, 0x0
x4 <- 0x0000000000000000
mem[X,0x00000000800371D8] -> 0x006F
mem[X,0x00000000800371DA] -> 0x00C0
[8705] [M]: 0x00000000800371D8 (0x00C0006F) jal zero, 0xc
mem[X,0x00000000800371E4] -> 0x0863
mem[X,0x00000000800371E6] -> 0x00B5
[8706] [M]: 0x00000000800371E4 (0x00B50863) beq a0, a1, 0x10
mem[X,0x00000000800371F4] -> 0x0213
mem[X,0x00000000800371F6] -> 0x0032
[8707] [M]: 0x00000000800371F4 (0x00320213) addi tp, tp, 0x3
x4 <- 0x0000000000000003
mem[X,0x00000000800371F8] -> 0x006F
mem[X,0x00000000800371FA] -> 0x0040
[8708] [M]: 0x00000000800371F8 (0x0040006F) jal zero, 0x4
mem[X,0x00000000800371FC] -> 0x3423
mem[X,0x00000000800371FE] -> 0x0641
[8709] [M]: 0x00000000800371FC (0x06413423) sd tp, 0x68(sp)
mem[0x0000000080049230] <- 0x0000000000000003
mem[X,0x0000000080037200] -> 0xB537
mem[X,0x0000000080037202] -> 0xAAAA
[8710] [M]: 0x0000000080037200 (0xAAAAB537) lui a0, -0x55555
x10 <- 0xFFFFFFFFAAAAB000
mem[X,0x0000000080037204] -> 0x0513
mem[X,0x0000000080037206] -> 0xAAA5
[8711] [M]: 0x0000000080037204 (0xAAA50513) addi a0, a0, -0x556
x10 <- 0xFFFFFFFFAAAAAAAA
mem[X,0x0000000080037208] -> 0x1513
mem[X,0x000000008003720A] -> 0x00B5
[8712] [M]: 0x0000000080037208 (0x00B51513) slli a0, a0, 0xb
x10 <- 0xFFFFFD5555555000
mem[X,0x000000008003720C] -> 0x0513
mem[X,0x000000008003720E] -> 0x5555
[8713] [M]: 0x000000008003720C (0x55550513) addi a0, a0, 0x555
x10 <- 0xFFFFFD5555555555
mem[X,0x0000000080037210] -> 0x1513
mem[X,0x0000000080037212] -> 0x00B5
[8714] [M]: 0x0000000080037210 (0x00B51513) slli a0, a0, 0xb
x10 <- 0xFFEAAAAAAAAAA800
mem[X,0x0000000080037214] -> 0x0513
mem[X,0x0000000080037216] -> 0x2AA5
[8715] [M]: 0x0000000080037214 (0x2AA50513) addi a0, a0, 0x2aa
x10 <- 0xFFEAAAAAAAAAAAAA
mem[X,0x0000000080037218] -> 0x1513
mem[X,0x000000008003721A] -> 0x00A5
[8716] [M]: 0x0000000080037218 (0x00A51513) slli a0, a0, 0xa
x10 <- 0xAAAAAAAAAAAAA800
mem[X,0x000000008003721C] -> 0x0513
mem[X,0x000000008003721E] -> 0x2AB5
[8717] [M]: 0x000000008003721C (0x2AB50513) addi a0, a0, 0x2ab
x10 <- 0xAAAAAAAAAAAAAAAB
mem[X,0x0000000080037220] -> 0x0593
mem[X,0x0000000080037222] -> 0x0060
[8718] [M]: 0x0000000080037220 (0x00600593) addi a1, zero, 0x6
x11 <- 0x0000000000000006
mem[X,0x0000000080037224] -> 0x0213
mem[X,0x0000000080037226] -> 0x0000
[8719] [M]: 0x0000000080037224 (0x00000213) addi tp, zero, 0x0
x4 <- 0x0000000000000000
mem[X,0x0000000080037228] -> 0x006F
mem[X,0x000000008003722A] -> 0x00C0
[8720] [M]: 0x0000000080037228 (0x00C0006F) jal zero, 0xc
mem[X,0x0000000080037234] -> 0x0CE3
mem[X,0x0000000080037236] -> 0xFEB5
[8721] [M]: 0x0000000080037234 (0xFEB50CE3) beq a0, a1, -0x8
mem[X,0x0000000080037238] -> 0x0213
mem[X,0x000000008003723A] -> 0x0022
[8722] [M]: 0x0000000080037238 (0x00220213) addi tp, tp, 0x2
x4 <- 0x0000000000000002
mem[X,0x000000008003723C] -> 0x006F
mem[X,0x000000008003723E] -> 0x00C0
[8723] [M]: 0x000000008003723C (0x00C0006F) jal zero, 0xc
mem[X,0x0000000080037248] -> 0x3823
mem[X,0x000000008003724A] -> 0x0641
[8724] [M]: 0x0000000080037248 (0x06413823) sd tp, 0x70(sp)
mem[0x0000000080049238] <- 0x0000000000000002
mem[X,0x000000008003724C] -> 0xB537
mem[X,0x000000008003724E] -> 0xAAAA
[8725] [M]: 0x000000008003724C (0xAAAAB537) lui a0, -0x55555
x10 <- 0xFFFFFFFFAAAAB000
mem[X,0x0000000080037250] -> 0x0513
mem[X,0x0000000080037252] -> 0xAAA5
[8726] [M]: 0x0000000080037250 (0xAAA50513) addi a0, a0, -0x556
x10 <- 0xFFFFFFFFAAAAAAAA
mem[X,0x0000000080037254] -> 0x1513
mem[X,0x0000000080037256] -> 0x00B5
[8727] [M]: 0x0000000080037254 (0x00B51513) slli a0, a0, 0xb
x10 <- 0xFFFFFD5555555000
mem[X,0x0000000080037258] -> 0x0513
mem[X,0x000000008003725A] -> 0x5555
[8728] [M]: 0x0000000080037258 (0x55550513) addi a0, a0, 0x555
x10 <- 0xFFFFFD5555555555
mem[X,0x000000008003725C] -> 0x1513
mem[X,0x000000008003725E] -> 0x00B5
[8729] [M]: 0x000000008003725C (0x00B51513) slli a0, a0, 0xb
x10 <- 0xFFEAAAAAAAAAA800
mem[X,0x0000000080037260] -> 0x0513
mem[X,0x0000000080037262] -> 0x2AA5
[8730] [M]: 0x0000000080037260 (0x2AA50513) addi a0, a0, 0x2aa
x10 <- 0xFFEAAAAAAAAAAAAA
mem[X,0x0000000080037264] -> 0x1513
mem[X,0x0000000080037266] -> 0x00A5
[8731] [M]: 0x0000000080037264 (0x00A51513) slli a0, a0, 0xa
x10 <- 0xAAAAAAAAAAAAA800
mem[X,0x0000000080037268] -> 0x0513
mem[X,0x000000008003726A] -> 0x2AB5
[8732] [M]: 0x0000000080037268 (0x2AB50513) addi a0, a0, 0x2ab
x10 <- 0xAAAAAAAAAAAAAAAB
mem[X,0x000000008003726C] -> 0x35B7
mem[X,0x000000008003726E] -> 0x3333
[8733] [M]: 0x000000008003726C (0x333335B7) lui a1, 0x33333
x11 <- 0x0000000033333000
mem[X,0x0000000080037270] -> 0x8593
mem[X,0x0000000080037272] -> 0x3335
[8734] [M]: 0x0000000080037270 (0x33358593) addi a1, a1, 0x333
x11 <- 0x0000000033333333
mem[X,0x0000000080037274] -> 0x9593
mem[X,0x0000000080037276] -> 0x00B5
[8735] [M]: 0x0000000080037274 (0x00B59593) slli a1, a1, 0xb
x11 <- 0x0000019999999800
mem[X,0x0000000080037278] -> 0x8593
mem[X,0x000000008003727A] -> 0x1995
[8736] [M]: 0x0000000080037278 (0x19958593) addi a1, a1, 0x199
x11 <- 0x0000019999999999
mem[X,0x000000008003727C] -> 0x9593
mem[X,0x000000008003727E] -> 0x00B5
[8737] [M]: 0x000000008003727C (0x00B59593) slli a1, a1, 0xb
x11 <- 0x000CCCCCCCCCC800
mem[X,0x0000000080037280] -> 0x8593
mem[X,0x0000000080037282] -> 0x4CC5
[8738] [M]: 0x0000000080037280 (0x4CC58593) addi a1, a1, 0x4cc
x11 <- 0x000CCCCCCCCCCCCC
mem[X,0x0000000080037284] -> 0x9593
mem[X,0x0000000080037286] -> 0x00A5
[8739] [M]: 0x0000000080037284 (0x00A59593) slli a1, a1, 0xa
x11 <- 0x3333333333333000
mem[X,0x0000000080037288] -> 0x8593
mem[X,0x000000008003728A] -> 0x3345
[8740] [M]: 0x0000000080037288 (0x33458593) addi a1, a1, 0x334
x11 <- 0x3333333333333334
mem[X,0x000000008003728C] -> 0x0213
mem[X,0x000000008003728E] -> 0x0000
[8741] [M]: 0x000000008003728C (0x00000213) addi tp, zero, 0x0
x4 <- 0x0000000000000000
mem[X,0x0000000080037290] -> 0x006F
mem[X,0x0000000080037292] -> 0x00C0
[8742] [M]: 0x0000000080037290 (0x00C0006F) jal zero, 0xc
mem[X,0x000000008003729C] -> 0x0663
mem[X,0x000000008003729E] -> 0x00B5
[8743] [M]: 0x000000008003729C (0x00B50663) beq a0, a1, 0xc
mem[X,0x00000000800372A0] -> 0x0213
mem[X,0x00000000800372A2] -> 0x0022
[8744] [M]: 0x00000000800372A0 (0x00220213) addi tp, tp, 0x2
x4 <- 0x0000000000000002
mem[X,0x00000000800372A4] -> 0x006F
mem[X,0x00000000800372A6] -> 0x00C0
[8745] [M]: 0x00000000800372A4 (0x00C0006F) jal zero, 0xc
mem[X,0x00000000800372B0] -> 0x3C23
mem[X,0x00000000800372B2] -> 0x0641
[8746] [M]: 0x00000000800372B0 (0x06413C23) sd tp, 0x78(sp)
mem[0x0000000080049240] <- 0x0000000000000002
mem[X,0x00000000800372B4] -> 0xB537
mem[X,0x00000000800372B6] -> 0xAAAA
[8747] [M]: 0x00000000800372B4 (0xAAAAB537) lui a0, -0x55555
x10 <- 0xFFFFFFFFAAAAB000
mem[X,0x00000000800372B8] -> 0x0513
mem[X,0x00000000800372BA] -> 0xAAA5
[8748] [M]: 0x00000000800372B8 (0xAAA50513) addi a0, a0, -0x556
x10 <- 0xFFFFFFFFAAAAAAAA
mem[X,0x00000000800372BC] -> 0x1513
mem[X,0x00000000800372BE] -> 0x00B5
[8749] [M]: 0x00000000800372BC (0x00B51513) slli a0, a0, 0xb
x10 <- 0xFFFFFD5555555000
mem[X,0x00000000800372C0] -> 0x0513
mem[X,0x00000000800372C2] -> 0x5555
[8750] [M]: 0x00000000800372C0 (0x55550513) addi a0, a0, 0x555
x10 <- 0xFFFFFD5555555555
mem[X,0x00000000800372C4] -> 0x1513
mem[X,0x00000000800372C6] -> 0x00B5
[8751] [M]: 0x00000000800372C4 (0x00B51513) slli a0, a0, 0xb
x10 <- 0xFFEAAAAAAAAAA800
mem[X,0x00000000800372C8] -> 0x0513
mem[X,0x00000000800372CA] -> 0x2AA5
[8752] [M]: 0x00000000800372C8 (0x2AA50513) addi a0, a0, 0x2aa
x10 <- 0xFFEAAAAAAAAAAAAA
mem[X,0x00000000800372CC] -> 0x1513
mem[X,0x00000000800372CE] -> 0x00A5
[8753] [M]: 0x00000000800372CC (0x00A51513) slli a0, a0, 0xa
x10 <- 0xAAAAAAAAAAAAA800
mem[X,0x00000000800372D0] -> 0x0513
mem[X,0x00000000800372D2] -> 0x2AB5
[8754] [M]: 0x00000000800372D0 (0x2AB50513) addi a0, a0, 0x2ab
x10 <- 0xAAAAAAAAAAAAAAAB
mem[X,0x00000000800372D4] -> 0x65B7
mem[X,0x00000000800372D6] -> 0x6666
[8755] [M]: 0x00000000800372D4 (0x666665B7) lui a1, 0x66666
x11 <- 0x0000000066666000
mem[X,0x00000000800372D8] -> 0x8593
mem[X,0x00000000800372DA] -> 0x6665
[8756] [M]: 0x00000000800372D8 (0x66658593) addi a1, a1, 0x666
x11 <- 0x0000000066666666
mem[X,0x00000000800372DC] -> 0x9593
mem[X,0x00000000800372DE] -> 0x00B5
[8757] [M]: 0x00000000800372DC (0x00B59593) slli a1, a1, 0xb
x11 <- 0x0000033333333000
mem[X,0x00000000800372E0] -> 0x8593
mem[X,0x00000000800372E2] -> 0x3335
[8758] [M]: 0x00000000800372E0 (0x33358593) addi a1, a1, 0x333
x11 <- 0x0000033333333333
mem[X,0x00000000800372E4] -> 0x9593
mem[X,0x00000000800372E6] -> 0x00B5
[8759] [M]: 0x00000000800372E4 (0x00B59593) slli a1, a1, 0xb
x11 <- 0x0019999999999800
mem[X,0x00000000800372E8] -> 0x8593
mem[X,0x00000000800372EA] -> 0x1995
[8760] [M]: 0x00000000800372E8 (0x19958593) addi a1, a1, 0x199
x11 <- 0x0019999999999999
mem[X,0x00000000800372EC] -> 0x9593
mem[X,0x00000000800372EE] -> 0x00A5
[8761] [M]: 0x00000000800372EC (0x00A59593) slli a1, a1, 0xa
x11 <- 0x6666666666666400
mem[X,0x00000000800372F0] -> 0x8593
mem[X,0x00000000800372F2] -> 0x2675
[8762] [M]: 0x00000000800372F0 (0x26758593) addi a1, a1, 0x267
x11 <- 0x6666666666666667
mem[X,0x00000000800372F4] -> 0x0213
mem[X,0x00000000800372F6] -> 0x0000
[8763] [M]: 0x00000000800372F4 (0x00000213) addi tp, zero, 0x0
x4 <- 0x0000000000000000
mem[X,0x00000000800372F8] -> 0x006F
mem[X,0x00000000800372FA] -> 0x0140
[8764] [M]: 0x00000000800372F8 (0x0140006F) jal zero, 0x14
mem[X,0x000000008003730C] -> 0x08E3
mem[X,0x000000008003730E] -> 0xFEB5
[8765] [M]: 0x000000008003730C (0xFEB508E3) beq a0, a1, -0x10
mem[X,0x0000000080037310] -> 0x0213
mem[X,0x0000000080037312] -> 0x0022
[8766] [M]: 0x0000000080037310 (0x00220213) addi tp, tp, 0x2
x4 <- 0x0000000000000002
mem[X,0x0000000080037314] -> 0x006F
mem[X,0x0000000080037316] -> 0x00C0
[8767] [M]: 0x0000000080037314 (0x00C0006F) jal zero, 0xc
mem[X,0x0000000080037320] -> 0x3023
mem[X,0x0000000080037322] -> 0x0841
[8768] [M]: 0x0000000080037320 (0x08413023) sd tp, 0x80(sp)
mem[0x0000000080049248] <- 0x0000000000000002
mem[X,0x0000000080037324] -> 0xB537
mem[X,0x0000000080037326] -> 0xAAAA
[8769] [M]: 0x0000000080037324 (0xAAAAB537) lui a0, -0x55555
x10 <- 0xFFFFFFFFAAAAB000
mem[X,0x0000000080037328] -> 0x0513
mem[X,0x000000008003732A] -> 0xAAA5
[8770] [M]: 0x0000000080037328 (0xAAA50513) addi a0, a0, -0x556
x10 <- 0xFFFFFFFFAAAAAAAA
mem[X,0x000000008003732C] -> 0x1513
mem[X,0x000000008003732E] -> 0x00B5
[8771] [M]: 0x000000008003732C (0x00B51513) slli a0, a0, 0xb
x10 <- 0xFFFFFD5555555000
mem[X,0x0000000080037330] -> 0x0513
mem[X,0x0000000080037332] -> 0x5555
[8772] [M]: 0x0000000080037330 (0x55550513) addi a0, a0, 0x555
x10 <- 0xFFFFFD5555555555
mem[X,0x0000000080037334] -> 0x1513
mem[X,0x0000000080037336] -> 0x00B5
[8773] [M]: 0x0000000080037334 (0x00B51513) slli a0, a0, 0xb
x10 <- 0xFFEAAAAAAAAAA800
mem[X,0x0000000080037338] -> 0x0513
mem[X,0x000000008003733A] -> 0x2AA5
[8774] [M]: 0x0000000080037338 (0x2AA50513) addi a0, a0, 0x2aa
x10 <- 0xFFEAAAAAAAAAAAAA
mem[X,0x000000008003733C] -> 0x1513
mem[X,0x000000008003733E] -> 0x00A5
[8775] [M]: 0x000000008003733C (0x00A51513) slli a0, a0, 0xa
x10 <- 0xAAAAAAAAAAAAA800
mem[X,0x0000000080037340] -> 0x0513
mem[X,0x0000000080037342] -> 0x2AB5
[8776] [M]: 0x0000000080037340 (0x2AB50513) addi a0, a0, 0x2ab
x10 <- 0xAAAAAAAAAAAAAAAB
mem[X,0x0000000080037344] -> 0x05B7
mem[X,0x0000000080037346] -> 0x0000
[8777] [M]: 0x0000000080037344 (0x000005B7) lui a1, 0x0
x11 <- 0x0000000000000000
mem[X,0x0000000080037348] -> 0x8593
mem[X,0x000000008003734A] -> 0xFFF5
[8778] [M]: 0x0000000080037348 (0xFFF58593) addi a1, a1, -0x1
x11 <- 0xFFFFFFFFFFFFFFFF
mem[X,0x000000008003734C] -> 0x9593
mem[X,0x000000008003734E] -> 0x00B5
[8779] [M]: 0x000000008003734C (0x00B59593) slli a1, a1, 0xb
x11 <- 0xFFFFFFFFFFFFF800
mem[X,0x0000000080037350] -> 0x8593
mem[X,0x0000000080037352] -> 0x2575
[8780] [M]: 0x0000000080037350 (0x25758593) addi a1, a1, 0x257
x11 <- 0xFFFFFFFFFFFFFA57
mem[X,0x0000000080037354] -> 0x9593
mem[X,0x0000000080037356] -> 0x00B5
[8781] [M]: 0x0000000080037354 (0x00B59593) slli a1, a1, 0xb
x11 <- 0xFFFFFFFFFFD2B800
mem[X,0x0000000080037358] -> 0x8593
mem[X,0x000000008003735A] -> 0x6C35
[8782] [M]: 0x0000000080037358 (0x6C358593) addi a1, a1, 0x6c3
x11 <- 0xFFFFFFFFFFD2BEC3
mem[X,0x000000008003735C] -> 0x9593
mem[X,0x000000008003735E] -> 0x00A5
[8783] [M]: 0x000000008003735C (0x00A59593) slli a1, a1, 0xa
x11 <- 0xFFFFFFFF4AFB0C00
mem[X,0x0000000080037360] -> 0x8593
mem[X,0x0000000080037362] -> 0x0CE5
[8784] [M]: 0x0000000080037360 (0x0CE58593) addi a1, a1, 0xce
x11 <- 0xFFFFFFFF4AFB0CCE
mem[X,0x0000000080037364] -> 0x0213
mem[X,0x0000000080037366] -> 0x0000
[8785] [M]: 0x0000000080037364 (0x00000213) addi tp, zero, 0x0
x4 <- 0x0000000000000000
mem[X,0x0000000080037368] -> 0x006F
mem[X,0x000000008003736A] -> 0x00C0
[8786] [M]: 0x0000000080037368 (0x00C0006F) jal zero, 0xc
mem[X,0x0000000080037374] -> 0x0663
mem[X,0x0000000080037376] -> 0x00B5
[8787] [M]: 0x0000000080037374 (0x00B50663) beq a0, a1, 0xc
mem[X,0x0000000080037378] -> 0x0213
mem[X,0x000000008003737A] -> 0x0022
[8788] [M]: 0x0000000080037378 (0x00220213) addi tp, tp, 0x2
x4 <- 0x0000000000000002
mem[X,0x000000008003737C] -> 0x006F
mem[X,0x000000008003737E] -> 0x00C0
[8789] [M]: 0x000000008003737C (0x00C0006F) jal zero, 0xc
mem[X,0x0000000080037388] -> 0x3423
mem[X,0x000000008003738A] -> 0x0841
[8790] [M]: 0x0000000080037388 (0x08413423) sd tp, 0x88(sp)
mem[0x0000000080049250] <- 0x0000000000000002
mem[X,0x000000008003738C] -> 0xB537
mem[X,0x000000008003738E] -> 0xAAAA
[8791] [M]: 0x000000008003738C (0xAAAAB537) lui a0, -0x55555
x10 <- 0xFFFFFFFFAAAAB000
mem[X,0x0000000080037390] -> 0x0513
mem[X,0x0000000080037392] -> 0xAAA5
[8792] [M]: 0x0000000080037390 (0xAAA50513) addi a0, a0, -0x556
x10 <- 0xFFFFFFFFAAAAAAAA
mem[X,0x0000000080037394] -> 0x1513
mem[X,0x0000000080037396] -> 0x00B5
[8793] [M]: 0x0000000080037394 (0x00B51513) slli a0, a0, 0xb
x10 <- 0xFFFFFD5555555000
mem[X,0x0000000080037398] -> 0x0513
mem[X,0x000000008003739A] -> 0x5555
[8794] [M]: 0x0000000080037398 (0x55550513) addi a0, a0, 0x555
x10 <- 0xFFFFFD5555555555
mem[X,0x000000008003739C] -> 0x1513
mem[X,0x000000008003739E] -> 0x00B5
[8795] [M]: 0x000000008003739C (0x00B51513) slli a0, a0, 0xb
x10 <- 0xFFEAAAAAAAAAA800
mem[X,0x00000000800373A0] -> 0x0513
mem[X,0x00000000800373A2] -> 0x2AA5
[8796] [M]: 0x00000000800373A0 (0x2AA50513) addi a0, a0, 0x2aa
x10 <- 0xFFEAAAAAAAAAAAAA
mem[X,0x00000000800373A4] -> 0x1513
mem[X,0x00000000800373A6] -> 0x00A5
[8797] [M]: 0x00000000800373A4 (0x00A51513) slli a0, a0, 0xa
x10 <- 0xAAAAAAAAAAAAA800
mem[X,0x00000000800373A8] -> 0x0513
mem[X,0x00000000800373AA] -> 0x2AB5
[8798] [M]: 0x00000000800373A8 (0x2AB50513) addi a0, a0, 0x2ab
x10 <- 0xAAAAAAAAAAAAAAAB
mem[X,0x00000000800373AC] -> 0x05B7
mem[X,0x00000000800373AE] -> 0x0000
[8799] [M]: 0x00000000800373AC (0x000005B7) lui a1, 0x0
x11 <- 0x0000000000000000
clint::tick mtime <- 0x0000000000000058
 clint timer pending at mtime 0x0000000000000058
htif::tick 0x0000000000000000
mem[X,0x00000000800373B0] -> 0x8593
mem[X,0x00000000800373B2] -> 0x0005
[8800] [M]: 0x00000000800373B0 (0x00058593) addi a1, a1, 0x0
x11 <- 0x0000000000000000
mem[X,0x00000000800373B4] -> 0x9593
mem[X,0x00000000800373B6] -> 0x00B5
[8801] [M]: 0x00000000800373B4 (0x00B59593) slli a1, a1, 0xb
x11 <- 0x0000000000000000
mem[X,0x00000000800373B8] -> 0x8593
mem[X,0x00000000800373BA] -> 0x5A85
[8802] [M]: 0x00000000800373B8 (0x5A858593) addi a1, a1, 0x5a8
x11 <- 0x00000000000005A8
mem[X,0x00000000800373BC] -> 0x9593
mem[X,0x00000000800373BE] -> 0x00B5
[8803] [M]: 0x00000000800373BC (0x00B59593) slli a1, a1, 0xb
x11 <- 0x00000000002D4000
mem[X,0x00000000800373C0] -> 0x8593
mem[X,0x00000000800373C2] -> 0x13C5
[8804] [M]: 0x00000000800373C0 (0x13C58593) addi a1, a1, 0x13c
x11 <- 0x00000000002D413C
mem[X,0x00000000800373C4] -> 0x9593
mem[X,0x00000000800373C6] -> 0x00A5
[8805] [M]: 0x00000000800373C4 (0x00A59593) slli a1, a1, 0xa
x11 <- 0x00000000B504F000
mem[X,0x00000000800373C8] -> 0x8593
mem[X,0x00000000800373CA] -> 0x3345
[8806] [M]: 0x00000000800373C8 (0x33458593) addi a1, a1, 0x334
x11 <- 0x00000000B504F334
mem[X,0x00000000800373CC] -> 0x0213
mem[X,0x00000000800373CE] -> 0x0000
[8807] [M]: 0x00000000800373CC (0x00000213) addi tp, zero, 0x0
x4 <- 0x0000000000000000
mem[X,0x00000000800373D0] -> 0x006F
mem[X,0x00000000800373D2] -> 0x0140
[8808] [M]: 0x00000000800373D0 (0x0140006F) jal zero, 0x14
mem[X,0x00000000800373E4] -> 0x08E3
mem[X,0x00000000800373E6] -> 0xFEB5
[8809] [M]: 0x00000000800373E4 (0xFEB508E3) beq a0, a1, -0x10
mem[X,0x00000000800373E8] -> 0x0213
mem[X,0x00000000800373EA] -> 0x0022
[8810] [M]: 0x00000000800373E8 (0x00220213) addi tp, tp, 0x2
x4 <- 0x0000000000000002
mem[X,0x00000000800373EC] -> 0x006F
mem[X,0x00000000800373EE] -> 0x00C0
[8811] [M]: 0x00000000800373EC (0x00C0006F) jal zero, 0xc
mem[X,0x00000000800373F8] -> 0x3823
mem[X,0x00000000800373FA] -> 0x0841
[8812] [M]: 0x00000000800373F8 (0x08413823) sd tp, 0x90(sp)
mem[0x0000000080049258] <- 0x0000000000000002
mem[X,0x00000000800373FC] -> 0x0513
mem[X,0x00000000800373FE] -> 0x0060
[8813] [M]: 0x00000000800373FC (0x00600513) addi a0, zero, 0x6
x10 <- 0x0000000000000006
mem[X,0x0000000080037400] -> 0x0593
mem[X,0x0000000080037402] -> 0x0030
[8814] [M]: 0x0000000080037400 (0x00300593) addi a1, zero, 0x3
x11 <- 0x0000000000000003
mem[X,0x0000000080037404] -> 0x0213
mem[X,0x0000000080037406] -> 0x0000
[8815] [M]: 0x0000000080037404 (0x00000213) addi tp, zero, 0x0
x4 <- 0x0000000000000000
mem[X,0x0000000080037408] -> 0x006F
mem[X,0x000000008003740A] -> 0x00C0
[8816] [M]: 0x0000000080037408 (0x00C0006F) jal zero, 0xc
mem[X,0x0000000080037414] -> 0x0CE3
mem[X,0x0000000080037416] -> 0xFEB5
[8817] [M]: 0x0000000080037414 (0xFEB50CE3) beq a0, a1, -0x8
mem[X,0x0000000080037418] -> 0x0213
mem[X,0x000000008003741A] -> 0x0022
[8818] [M]: 0x0000000080037418 (0x00220213) addi tp, tp, 0x2
x4 <- 0x0000000000000002
mem[X,0x000000008003741C] -> 0x006F
mem[X,0x000000008003741E] -> 0x00C0
[8819] [M]: 0x000000008003741C (0x00C0006F) jal zero, 0xc
mem[X,0x0000000080037428] -> 0x3C23
mem[X,0x000000008003742A] -> 0x0841
[8820] [M]: 0x0000000080037428 (0x08413C23) sd tp, 0x98(sp)
mem[0x0000000080049260] <- 0x0000000000000002
mem[X,0x000000008003742C] -> 0x0513
mem[X,0x000000008003742E] -> 0x0060
[8821] [M]: 0x000000008003742C (0x00600513) addi a0, zero, 0x6
x10 <- 0x0000000000000006
mem[X,0x0000000080037430] -> 0x55B7
mem[X,0x0000000080037432] -> 0x5555
[8822] [M]: 0x0000000080037430 (0x555555B7) lui a1, 0x55555
x11 <- 0x0000000055555000
mem[X,0x0000000080037434] -> 0x8593
mem[X,0x0000000080037436] -> 0x5555
[8823] [M]: 0x0000000080037434 (0x55558593) addi a1, a1, 0x555
x11 <- 0x0000000055555555
mem[X,0x0000000080037438] -> 0x9593
mem[X,0x000000008003743A] -> 0x00B5
[8824] [M]: 0x0000000080037438 (0x00B59593) slli a1, a1, 0xb
x11 <- 0x000002AAAAAAA800
mem[X,0x000000008003743C] -> 0x8593
mem[X,0x000000008003743E] -> 0x2AA5
[8825] [M]: 0x000000008003743C (0x2AA58593) addi a1, a1, 0x2aa
x11 <- 0x000002AAAAAAAAAA
mem[X,0x0000000080037440] -> 0x9593
mem[X,0x0000000080037442] -> 0x00B5
[8826] [M]: 0x0000000080037440 (0x00B59593) slli a1, a1, 0xb
x11 <- 0x0015555555555000
mem[X,0x0000000080037444] -> 0x8593
mem[X,0x0000000080037446] -> 0x5555
[8827] [M]: 0x0000000080037444 (0x55558593) addi a1, a1, 0x555
x11 <- 0x0015555555555555
mem[X,0x0000000080037448] -> 0x9593
mem[X,0x000000008003744A] -> 0x00A5
[8828] [M]: 0x0000000080037448 (0x00A59593) slli a1, a1, 0xa
x11 <- 0x5555555555555400
mem[X,0x000000008003744C] -> 0x8593
mem[X,0x000000008003744E] -> 0x1555
[8829] [M]: 0x000000008003744C (0x15558593) addi a1, a1, 0x155
x11 <- 0x5555555555555555
mem[X,0x0000000080037450] -> 0x0213
mem[X,0x0000000080037452] -> 0x0000
[8830] [M]: 0x0000000080037450 (0x00000213) addi tp, zero, 0x0
x4 <- 0x0000000000000000
mem[X,0x0000000080037454] -> 0x006F
mem[X,0x0000000080037456] -> 0x00C0
[8831] [M]: 0x0000000080037454 (0x00C0006F) jal zero, 0xc
mem[X,0x0000000080037460] -> 0x0663
mem[X,0x0000000080037462] -> 0x00B5
[8832] [M]: 0x0000000080037460 (0x00B50663) beq a0, a1, 0xc
mem[X,0x0000000080037464] -> 0x0213
mem[X,0x0000000080037466] -> 0x0022
[8833] [M]: 0x0000000080037464 (0x00220213) addi tp, tp, 0x2
x4 <- 0x0000000000000002
mem[X,0x0000000080037468] -> 0x006F
mem[X,0x000000008003746A] -> 0x00C0
[8834] [M]: 0x0000000080037468 (0x00C0006F) jal zero, 0xc
mem[X,0x0000000080037474] -> 0x3023
mem[X,0x0000000080037476] -> 0x0A41
[8835] [M]: 0x0000000080037474 (0x0A413023) sd tp, 0xa0(sp)
mem[0x0000000080049268] <- 0x0000000000000002
mem[X,0x0000000080037478] -> 0x0513
mem[X,0x000000008003747A] -> 0x0060
[8836] [M]: 0x0000000080037478 (0x00600513) addi a0, zero, 0x6
x10 <- 0x0000000000000006
mem[X,0x000000008003747C] -> 0xB5B7
mem[X,0x000000008003747E] -> 0xAAAA
[8837] [M]: 0x000000008003747C (0xAAAAB5B7) lui a1, -0x55555
x11 <- 0xFFFFFFFFAAAAB000
mem[X,0x0000000080037480] -> 0x8593
mem[X,0x0000000080037482] -> 0xAAA5
[8838] [M]: 0x0000000080037480 (0xAAA58593) addi a1, a1, -0x556
x11 <- 0xFFFFFFFFAAAAAAAA
mem[X,0x0000000080037484] -> 0x9593
mem[X,0x0000000080037486] -> 0x00B5
[8839] [M]: 0x0000000080037484 (0x00B59593) slli a1, a1, 0xb
x11 <- 0xFFFFFD5555555000
mem[X,0x0000000080037488] -> 0x8593
mem[X,0x000000008003748A] -> 0x5555
[8840] [M]: 0x0000000080037488 (0x55558593) addi a1, a1, 0x555
x11 <- 0xFFFFFD5555555555
mem[X,0x000000008003748C] -> 0x9593
mem[X,0x000000008003748E] -> 0x00B5
[8841] [M]: 0x000000008003748C (0x00B59593) slli a1, a1, 0xb
x11 <- 0xFFEAAAAAAAAAA800
mem[X,0x0000000080037490] -> 0x8593
mem[X,0x0000000080037492] -> 0x2AA5
[8842] [M]: 0x0000000080037490 (0x2AA58593) addi a1, a1, 0x2aa
x11 <- 0xFFEAAAAAAAAAAAAA
mem[X,0x0000000080037494] -> 0x9593
mem[X,0x0000000080037496] -> 0x00A5
[8843] [M]: 0x0000000080037494 (0x00A59593) slli a1, a1, 0xa
x11 <- 0xAAAAAAAAAAAAA800
mem[X,0x0000000080037498] -> 0x8593
mem[X,0x000000008003749A] -> 0x2AA5
[8844] [M]: 0x0000000080037498 (0x2AA58593) addi a1, a1, 0x2aa
x11 <- 0xAAAAAAAAAAAAAAAA
mem[X,0x000000008003749C] -> 0x0213
mem[X,0x000000008003749E] -> 0x0000
[8845] [M]: 0x000000008003749C (0x00000213) addi tp, zero, 0x0
x4 <- 0x0000000000000000
mem[X,0x00000000800374A0] -> 0x006F
mem[X,0x00000000800374A2] -> 0x00C0
[8846] [M]: 0x00000000800374A0 (0x00C0006F) jal zero, 0xc
mem[X,0x00000000800374AC] -> 0x0663
mem[X,0x00000000800374AE] -> 0x00B5
[8847] [M]: 0x00000000800374AC (0x00B50663) beq a0, a1, 0xc
mem[X,0x00000000800374B0] -> 0x0213
mem[X,0x00000000800374B2] -> 0x0022
[8848] [M]: 0x00000000800374B0 (0x00220213) addi tp, tp, 0x2
x4 <- 0x0000000000000002
mem[X,0x00000000800374B4] -> 0x006F
mem[X,0x00000000800374B6] -> 0x00C0
[8849] [M]: 0x00000000800374B4 (0x00C0006F) jal zero, 0xc
mem[X,0x00000000800374C0] -> 0x3423
mem[X,0x00000000800374C2] -> 0x0A41
[8850] [M]: 0x00000000800374C0 (0x0A413423) sd tp, 0xa8(sp)
mem[0x0000000080049270] <- 0x0000000000000002
mem[X,0x00000000800374C4] -> 0x0513
mem[X,0x00000000800374C6] -> 0x0060
[8851] [M]: 0x00000000800374C4 (0x00600513) addi a0, zero, 0x6
x10 <- 0x0000000000000006
mem[X,0x00000000800374C8] -> 0x0593
mem[X,0x00000000800374CA] -> 0x0050
[8852] [M]: 0x00000000800374C8 (0x00500593) addi a1, zero, 0x5
x11 <- 0x0000000000000005
mem[X,0x00000000800374CC] -> 0x0213
mem[X,0x00000000800374CE] -> 0x0000
[8853] [M]: 0x00000000800374CC (0x00000213) addi tp, zero, 0x0
x4 <- 0x0000000000000000
mem[X,0x00000000800374D0] -> 0x006F
mem[X,0x00000000800374D2] -> 0x00C0
[8854] [M]: 0x00000000800374D0 (0x00C0006F) jal zero, 0xc
mem[X,0x00000000800374DC] -> 0x0063
mem[X,0x00000000800374DE] -> 0x20B5
[8855] [M]: 0x00000000800374DC (0x20B50063) beq a0, a1, 0x200
mem[X,0x00000000800374E0] -> 0x0213
mem[X,0x00000000800374E2] -> 0x0022
[8856] [M]: 0x00000000800374E0 (0x00220213) addi tp, tp, 0x2
x4 <- 0x0000000000000002
mem[X,0x00000000800374E4] -> 0x006F
mem[X,0x00000000800374E6] -> 0x2000
[8857] [M]: 0x00000000800374E4 (0x2000006F) jal zero, 0x200
mem[X,0x00000000800376E4] -> 0x3823
mem[X,0x00000000800376E6] -> 0x0A41
[8858] [M]: 0x00000000800376E4 (0x0A413823) sd tp, 0xb0(sp)
mem[0x0000000080049278] <- 0x0000000000000002
mem[X,0x00000000800376E8] -> 0x0513
mem[X,0x00000000800376EA] -> 0x0060
[8859] [M]: 0x00000000800376E8 (0x00600513) addi a0, zero, 0x6
x10 <- 0x0000000000000006
mem[X,0x00000000800376EC] -> 0x35B7
mem[X,0x00000000800376EE] -> 0x3333
[8860] [M]: 0x00000000800376EC (0x333335B7) lui a1, 0x33333
x11 <- 0x0000000033333000
mem[X,0x00000000800376F0] -> 0x8593
mem[X,0x00000000800376F2] -> 0x3335
[8861] [M]: 0x00000000800376F0 (0x33358593) addi a1, a1, 0x333
x11 <- 0x0000000033333333
mem[X,0x00000000800376F4] -> 0x9593
mem[X,0x00000000800376F6] -> 0x00B5
[8862] [M]: 0x00000000800376F4 (0x00B59593) slli a1, a1, 0xb
x11 <- 0x0000019999999800
mem[X,0x00000000800376F8] -> 0x8593
mem[X,0x00000000800376FA] -> 0x1995
[8863] [M]: 0x00000000800376F8 (0x19958593) addi a1, a1, 0x199
x11 <- 0x0000019999999999
mem[X,0x00000000800376FC] -> 0x9593
mem[X,0x00000000800376FE] -> 0x00B5
[8864] [M]: 0x00000000800376FC (0x00B59593) slli a1, a1, 0xb
x11 <- 0x000CCCCCCCCCC800
mem[X,0x0000000080037700] -> 0x8593
mem[X,0x0000000080037702] -> 0x4CC5
[8865] [M]: 0x0000000080037700 (0x4CC58593) addi a1, a1, 0x4cc
x11 <- 0x000CCCCCCCCCCCCC
mem[X,0x0000000080037704] -> 0x9593
mem[X,0x0000000080037706] -> 0x00A5
[8866] [M]: 0x0000000080037704 (0x00A59593) slli a1, a1, 0xa
x11 <- 0x3333333333333000
mem[X,0x0000000080037708] -> 0x8593
mem[X,0x000000008003770A] -> 0x3335
[8867] [M]: 0x0000000080037708 (0x33358593) addi a1, a1, 0x333
x11 <- 0x3333333333333333
mem[X,0x000000008003770C] -> 0x0213
mem[X,0x000000008003770E] -> 0x0000
[8868] [M]: 0x000000008003770C (0x00000213) addi tp, zero, 0x0
x4 <- 0x0000000000000000
mem[X,0x0000000080037710] -> 0x006F
mem[X,0x0000000080037712] -> 0x00C0
[8869] [M]: 0x0000000080037710 (0x00C0006F) jal zero, 0xc
mem[X,0x000000008003771C] -> 0x0063
mem[X,0x000000008003771E] -> 0x08B5
[8870] [M]: 0x000000008003771C (0x08B50063) beq a0, a1, 0x80
mem[X,0x0000000080037720] -> 0x0213
mem[X,0x0000000080037722] -> 0x0022
[8871] [M]: 0x0000000080037720 (0x00220213) addi tp, tp, 0x2
x4 <- 0x0000000000000002
mem[X,0x0000000080037724] -> 0x006F
mem[X,0x0000000080037726] -> 0x0800
[8872] [M]: 0x0000000080037724 (0x0800006F) jal zero, 0x80
mem[X,0x00000000800377A4] -> 0x3C23
mem[X,0x00000000800377A6] -> 0x0A41
[8873] [M]: 0x00000000800377A4 (0x0A413C23) sd tp, 0xb8(sp)
mem[0x0000000080049280] <- 0x0000000000000002
mem[X,0x00000000800377A8] -> 0x0513
mem[X,0x00000000800377AA] -> 0x0060
[8874] [M]: 0x00000000800377A8 (0x00600513) addi a0, zero, 0x6
x10 <- 0x0000000000000006
mem[X,0x00000000800377AC] -> 0x65B7
mem[X,0x00000000800377AE] -> 0x6666
[8875] [M]: 0x00000000800377AC (0x666665B7) lui a1, 0x66666
x11 <- 0x0000000066666000
mem[X,0x00000000800377B0] -> 0x8593
mem[X,0x00000000800377B2] -> 0x6665
[8876] [M]: 0x00000000800377B0 (0x66658593) addi a1, a1, 0x666
x11 <- 0x0000000066666666
mem[X,0x00000000800377B4] -> 0x9593
mem[X,0x00000000800377B6] -> 0x00B5
[8877] [M]: 0x00000000800377B4 (0x00B59593) slli a1, a1, 0xb
x11 <- 0x0000033333333000
mem[X,0x00000000800377B8] -> 0x8593
mem[X,0x00000000800377BA] -> 0x3335
[8878] [M]: 0x00000000800377B8 (0x33358593) addi a1, a1, 0x333
x11 <- 0x0000033333333333
mem[X,0x00000000800377BC] -> 0x9593
mem[X,0x00000000800377BE] -> 0x00B5
[8879] [M]: 0x00000000800377BC (0x00B59593) slli a1, a1, 0xb
x11 <- 0x0019999999999800
mem[X,0x00000000800377C0] -> 0x8593
mem[X,0x00000000800377C2] -> 0x1995
[8880] [M]: 0x00000000800377C0 (0x19958593) addi a1, a1, 0x199
x11 <- 0x0019999999999999
mem[X,0x00000000800377C4] -> 0x9593
mem[X,0x00000000800377C6] -> 0x00A5
[8881] [M]: 0x00000000800377C4 (0x00A59593) slli a1, a1, 0xa
x11 <- 0x6666666666666400
mem[X,0x00000000800377C8] -> 0x8593
mem[X,0x00000000800377CA] -> 0x2665
[8882] [M]: 0x00000000800377C8 (0x26658593) addi a1, a1, 0x266
x11 <- 0x6666666666666666
mem[X,0x00000000800377CC] -> 0x0213
mem[X,0x00000000800377CE] -> 0x0000
[8883] [M]: 0x00000000800377CC (0x00000213) addi tp, zero, 0x0
x4 <- 0x0000000000000000
mem[X,0x00000000800377D0] -> 0x006F
mem[X,0x00000000800377D2] -> 0x00C0
[8884] [M]: 0x00000000800377D0 (0x00C0006F) jal zero, 0xc
mem[X,0x00000000800377DC] -> 0x0CE3
mem[X,0x00000000800377DE] -> 0xFEB5
[8885] [M]: 0x00000000800377DC (0xFEB50CE3) beq a0, a1, -0x8
mem[X,0x00000000800377E0] -> 0x0213
mem[X,0x00000000800377E2] -> 0x0022
[8886] [M]: 0x00000000800377E0 (0x00220213) addi tp, tp, 0x2
x4 <- 0x0000000000000002
mem[X,0x00000000800377E4] -> 0x006F
mem[X,0x00000000800377E6] -> 0x00C0
[8887] [M]: 0x00000000800377E4 (0x00C0006F) jal zero, 0xc
mem[X,0x00000000800377F0] -> 0x3023
mem[X,0x00000000800377F2] -> 0x0C41
[8888] [M]: 0x00000000800377F0 (0x0C413023) sd tp, 0xc0(sp)
mem[0x0000000080049288] <- 0x0000000000000002
mem[X,0x00000000800377F4] -> 0x0513
mem[X,0x00000000800377F6] -> 0x0060
[8889] [M]: 0x00000000800377F4 (0x00600513) addi a0, zero, 0x6
x10 <- 0x0000000000000006
mem[X,0x00000000800377F8] -> 0x05B7
mem[X,0x00000000800377FA] -> 0x0000
[8890] [M]: 0x00000000800377F8 (0x000005B7) lui a1, 0x0
x11 <- 0x0000000000000000
mem[X,0x00000000800377FC] -> 0x8593
mem[X,0x00000000800377FE] -> 0xFFF5
[8891] [M]: 0x00000000800377FC (0xFFF58593) addi a1, a1, -0x1
x11 <- 0xFFFFFFFFFFFFFFFF
mem[X,0x0000000080037800] -> 0x9593
mem[X,0x0000000080037802] -> 0x00B5
[8892] [M]: 0x0000000080037800 (0x00B59593) slli a1, a1, 0xb
x11 <- 0xFFFFFFFFFFFFF800
mem[X,0x0000000080037804] -> 0x8593
mem[X,0x0000000080037806] -> 0x2575
[8893] [M]: 0x0000000080037804 (0x25758593) addi a1, a1, 0x257
x11 <- 0xFFFFFFFFFFFFFA57
mem[X,0x0000000080037808] -> 0x9593
mem[X,0x000000008003780A] -> 0x00B5
[8894] [M]: 0x0000000080037808 (0x00B59593) slli a1, a1, 0xb
x11 <- 0xFFFFFFFFFFD2B800
mem[X,0x000000008003780C] -> 0x8593
mem[X,0x000000008003780E] -> 0x6C35
[8895] [M]: 0x000000008003780C (0x6C358593) addi a1, a1, 0x6c3
x11 <- 0xFFFFFFFFFFD2BEC3
mem[X,0x0000000080037810] -> 0x9593
mem[X,0x0000000080037812] -> 0x00A5
[8896] [M]: 0x0000000080037810 (0x00A59593) slli a1, a1, 0xa
x11 <- 0xFFFFFFFF4AFB0C00
mem[X,0x0000000080037814] -> 0x8593
mem[X,0x0000000080037816] -> 0x0CD5
[8897] [M]: 0x0000000080037814 (0x0CD58593) addi a1, a1, 0xcd
x11 <- 0xFFFFFFFF4AFB0CCD
mem[X,0x0000000080037818] -> 0x0213
mem[X,0x000000008003781A] -> 0x0000
[8898] [M]: 0x0000000080037818 (0x00000213) addi tp, zero, 0x0
x4 <- 0x0000000000000000
mem[X,0x000000008003781C] -> 0x006F
mem[X,0x000000008003781E] -> 0x00C0
[8899] [M]: 0x000000008003781C (0x00C0006F) jal zero, 0xc
clint::tick mtime <- 0x0000000000000059
 clint timer pending at mtime 0x0000000000000059
htif::tick 0x0000000000000000
mem[X,0x0000000080037828] -> 0x0063
mem[X,0x000000008003782A] -> 0x40B5
[8900] [M]: 0x0000000080037828 (0x40B50063) beq a0, a1, 0x400
mem[X,0x000000008003782C] -> 0x0213
mem[X,0x000000008003782E] -> 0x0022
[8901] [M]: 0x000000008003782C (0x00220213) addi tp, tp, 0x2
x4 <- 0x0000000000000002
mem[X,0x0000000080037830] -> 0x006F
mem[X,0x0000000080037832] -> 0x4000
[8902] [M]: 0x0000000080037830 (0x4000006F) jal zero, 0x400
mem[X,0x0000000080037C30] -> 0x3423
mem[X,0x0000000080037C32] -> 0x0C41
[8903] [M]: 0x0000000080037C30 (0x0C413423) sd tp, 0xc8(sp)
mem[0x0000000080049290] <- 0x0000000000000002
mem[X,0x0000000080037C34] -> 0x0513
mem[X,0x0000000080037C36] -> 0x0060
[8904] [M]: 0x0000000080037C34 (0x00600513) addi a0, zero, 0x6
x10 <- 0x0000000000000006
mem[X,0x0000000080037C38] -> 0x05B7
mem[X,0x0000000080037C3A] -> 0x0000
[8905] [M]: 0x0000000080037C38 (0x000005B7) lui a1, 0x0
x11 <- 0x0000000000000000
mem[X,0x0000000080037C3C] -> 0x8593
mem[X,0x0000000080037C3E] -> 0x0005
[8906] [M]: 0x0000000080037C3C (0x00058593) addi a1, a1, 0x0
x11 <- 0x0000000000000000
mem[X,0x0000000080037C40] -> 0x9593
mem[X,0x0000000080037C42] -> 0x00B5
[8907] [M]: 0x0000000080037C40 (0x00B59593) slli a1, a1, 0xb
x11 <- 0x0000000000000000
mem[X,0x0000000080037C44] -> 0x8593
mem[X,0x0000000080037C46] -> 0x5A85
[8908] [M]: 0x0000000080037C44 (0x5A858593) addi a1, a1, 0x5a8
x11 <- 0x00000000000005A8
mem[X,0x0000000080037C48] -> 0x9593
mem[X,0x0000000080037C4A] -> 0x00B5
[8909] [M]: 0x0000000080037C48 (0x00B59593) slli a1, a1, 0xb
x11 <- 0x00000000002D4000
mem[X,0x0000000080037C4C] -> 0x8593
mem[X,0x0000000080037C4E] -> 0x13C5
[8910] [M]: 0x0000000080037C4C (0x13C58593) addi a1, a1, 0x13c
x11 <- 0x00000000002D413C
mem[X,0x0000000080037C50] -> 0x9593
mem[X,0x0000000080037C52] -> 0x00A5
[8911] [M]: 0x0000000080037C50 (0x00A59593) slli a1, a1, 0xa
x11 <- 0x00000000B504F000
mem[X,0x0000000080037C54] -> 0x8593
mem[X,0x0000000080037C56] -> 0x3335
[8912] [M]: 0x0000000080037C54 (0x33358593) addi a1, a1, 0x333
x11 <- 0x00000000B504F333
mem[X,0x0000000080037C58] -> 0x0213
mem[X,0x0000000080037C5A] -> 0x0000
[8913] [M]: 0x0000000080037C58 (0x00000213) addi tp, zero, 0x0
x4 <- 0x0000000000000000
mem[X,0x0000000080037C5C] -> 0x006F
mem[X,0x0000000080037C5E] -> 0x00C0
[8914] [M]: 0x0000000080037C5C (0x00C0006F) jal zero, 0xc
mem[X,0x0000000080037C68] -> 0x0063
mem[X,0x0000000080037C6A] -> 0x10B5
[8915] [M]: 0x0000000080037C68 (0x10B50063) beq a0, a1, 0x100
mem[X,0x0000000080037C6C] -> 0x0213
mem[X,0x0000000080037C6E] -> 0x0022
[8916] [M]: 0x0000000080037C6C (0x00220213) addi tp, tp, 0x2
x4 <- 0x0000000000000002
mem[X,0x0000000080037C70] -> 0x006F
mem[X,0x0000000080037C72] -> 0x1000
[8917] [M]: 0x0000000080037C70 (0x1000006F) jal zero, 0x100
mem[X,0x0000000080037D70] -> 0x3823
mem[X,0x0000000080037D72] -> 0x0C41
[8918] [M]: 0x0000000080037D70 (0x0C413823) sd tp, 0xd0(sp)
mem[0x0000000080049298] <- 0x0000000000000002
mem[X,0x0000000080037D74] -> 0x0513
mem[X,0x0000000080037D76] -> 0x0060
[8919] [M]: 0x0000000080037D74 (0x00600513) addi a0, zero, 0x6
x10 <- 0x0000000000000006
mem[X,0x0000000080037D78] -> 0x0593
mem[X,0x0000000080037D7A] -> 0x0020
[8920] [M]: 0x0000000080037D78 (0x00200593) addi a1, zero, 0x2
x11 <- 0x0000000000000002
mem[X,0x0000000080037D7C] -> 0x0213
mem[X,0x0000000080037D7E] -> 0x0000
[8921] [M]: 0x0000000080037D7C (0x00000213) addi tp, zero, 0x0
x4 <- 0x0000000000000000
mem[X,0x0000000080037D80] -> 0x006F
mem[X,0x0000000080037D82] -> 0x00C0
[8922] [M]: 0x0000000080037D80 (0x00C0006F) jal zero, 0xc
mem[X,0x0000000080037D8C] -> 0x0663
mem[X,0x0000000080037D8E] -> 0x00B5
[8923] [M]: 0x0000000080037D8C (0x00B50663) beq a0, a1, 0xc
mem[X,0x0000000080037D90] -> 0x0213
mem[X,0x0000000080037D92] -> 0x0022
[8924] [M]: 0x0000000080037D90 (0x00220213) addi tp, tp, 0x2
x4 <- 0x0000000000000002
mem[X,0x0000000080037D94] -> 0x006F
mem[X,0x0000000080037D96] -> 0x00C0
[8925] [M]: 0x0000000080037D94 (0x00C0006F) jal zero, 0xc
mem[X,0x0000000080037DA0] -> 0x3C23
mem[X,0x0000000080037DA2] -> 0x0C41
[8926] [M]: 0x0000000080037DA0 (0x0C413C23) sd tp, 0xd8(sp)
mem[0x00000000800492A0] <- 0x0000000000000002
mem[X,0x0000000080037DA4] -> 0x0513
mem[X,0x0000000080037DA6] -> 0x0060
[8927] [M]: 0x0000000080037DA4 (0x00600513) addi a0, zero, 0x6
x10 <- 0x0000000000000006
mem[X,0x0000000080037DA8] -> 0x55B7
mem[X,0x0000000080037DAA] -> 0x5555
[8928] [M]: 0x0000000080037DA8 (0x555555B7) lui a1, 0x55555
x11 <- 0x0000000055555000
mem[X,0x0000000080037DAC] -> 0x8593
mem[X,0x0000000080037DAE] -> 0x5555
[8929] [M]: 0x0000000080037DAC (0x55558593) addi a1, a1, 0x555
x11 <- 0x0000000055555555
mem[X,0x0000000080037DB0] -> 0x9593
mem[X,0x0000000080037DB2] -> 0x00B5
[8930] [M]: 0x0000000080037DB0 (0x00B59593) slli a1, a1, 0xb
x11 <- 0x000002AAAAAAA800
mem[X,0x0000000080037DB4] -> 0x8593
mem[X,0x0000000080037DB6] -> 0x2AA5
[8931] [M]: 0x0000000080037DB4 (0x2AA58593) addi a1, a1, 0x2aa
x11 <- 0x000002AAAAAAAAAA
mem[X,0x0000000080037DB8] -> 0x9593
mem[X,0x0000000080037DBA] -> 0x00B5
[8932] [M]: 0x0000000080037DB8 (0x00B59593) slli a1, a1, 0xb
x11 <- 0x0015555555555000
mem[X,0x0000000080037DBC] -> 0x8593
mem[X,0x0000000080037DBE] -> 0x5555
[8933] [M]: 0x0000000080037DBC (0x55558593) addi a1, a1, 0x555
x11 <- 0x0015555555555555
mem[X,0x0000000080037DC0] -> 0x9593
mem[X,0x0000000080037DC2] -> 0x00A5
[8934] [M]: 0x0000000080037DC0 (0x00A59593) slli a1, a1, 0xa
x11 <- 0x5555555555555400
mem[X,0x0000000080037DC4] -> 0x8593
mem[X,0x0000000080037DC6] -> 0x1545
[8935] [M]: 0x0000000080037DC4 (0x15458593) addi a1, a1, 0x154
x11 <- 0x5555555555555554
mem[X,0x0000000080037DC8] -> 0x0213
mem[X,0x0000000080037DCA] -> 0x0000
[8936] [M]: 0x0000000080037DC8 (0x00000213) addi tp, zero, 0x0
x4 <- 0x0000000000000000
mem[X,0x0000000080037DCC] -> 0x006F
mem[X,0x0000000080037DCE] -> 0x00C0
[8937] [M]: 0x0000000080037DCC (0x00C0006F) jal zero, 0xc
mem[X,0x0000000080037DD8] -> 0x0CE3
mem[X,0x0000000080037DDA] -> 0xFEB5
[8938] [M]: 0x0000000080037DD8 (0xFEB50CE3) beq a0, a1, -0x8
mem[X,0x0000000080037DDC] -> 0x0213
mem[X,0x0000000080037DDE] -> 0x0022
[8939] [M]: 0x0000000080037DDC (0x00220213) addi tp, tp, 0x2
x4 <- 0x0000000000000002
mem[X,0x0000000080037DE0] -> 0x006F
mem[X,0x0000000080037DE2] -> 0x00C0
[8940] [M]: 0x0000000080037DE0 (0x00C0006F) jal zero, 0xc
mem[X,0x0000000080037DEC] -> 0x3023
mem[X,0x0000000080037DEE] -> 0x0E41
[8941] [M]: 0x0000000080037DEC (0x0E413023) sd tp, 0xe0(sp)
mem[0x00000000800492A8] <- 0x0000000000000002
mem[X,0x0000000080037DF0] -> 0x0513
mem[X,0x0000000080037DF2] -> 0x0060
[8942] [M]: 0x0000000080037DF0 (0x00600513) addi a0, zero, 0x6
x10 <- 0x0000000000000006
mem[X,0x0000000080037DF4] -> 0x0593
mem[X,0x0000000080037DF6] -> 0x0000
[8943] [M]: 0x0000000080037DF4 (0x00000593) addi a1, zero, 0x0
x11 <- 0x0000000000000000
mem[X,0x0000000080037DF8] -> 0x0213
mem[X,0x0000000080037DFA] -> 0x0000
[8944] [M]: 0x0000000080037DF8 (0x00000213) addi tp, zero, 0x0
x4 <- 0x0000000000000000
mem[X,0x0000000080037DFC] -> 0x006F
mem[X,0x0000000080037DFE] -> 0x0050
[8945] [M]: 0x0000000080037DFC (0x0050006F) jal zero, 0x804
mem[X,0x0000000080038600] -> 0x00E3
mem[X,0x0000000080038602] -> 0x80B5
[8946] [M]: 0x0000000080038600 (0x80B500E3) beq a0, a1, -0x800
mem[X,0x0000000080038604] -> 0x0213
mem[X,0x0000000080038606] -> 0x0022
[8947] [M]: 0x0000000080038604 (0x00220213) addi tp, tp, 0x2
x4 <- 0x0000000000000002
mem[X,0x0000000080038608] -> 0x006F
mem[X,0x000000008003860A] -> 0x00C0
[8948] [M]: 0x0000000080038608 (0x00C0006F) jal zero, 0xc
mem[X,0x0000000080038614] -> 0x3423
mem[X,0x0000000080038616] -> 0x0E41
[8949] [M]: 0x0000000080038614 (0x0E413423) sd tp, 0xe8(sp)
mem[0x00000000800492B0] <- 0x0000000000000002
mem[X,0x0000000080038618] -> 0x0513
mem[X,0x000000008003861A] -> 0x0060
[8950] [M]: 0x0000000080038618 (0x00600513) addi a0, zero, 0x6
x10 <- 0x0000000000000006
mem[X,0x000000008003861C] -> 0x0593
mem[X,0x000000008003861E] -> 0x0040
[8951] [M]: 0x000000008003861C (0x00400593) addi a1, zero, 0x4
x11 <- 0x0000000000000004
mem[X,0x0000000080038620] -> 0x0213
mem[X,0x0000000080038622] -> 0x0000
[8952] [M]: 0x0000000080038620 (0x00000213) addi tp, zero, 0x0
x4 <- 0x0000000000000000
mem[X,0x0000000080038624] -> 0x006F
mem[X,0x0000000080038626] -> 0x00C0
[8953] [M]: 0x0000000080038624 (0x00C0006F) jal zero, 0xc
mem[X,0x0000000080038630] -> 0x0663
mem[X,0x0000000080038632] -> 0x00B5
[8954] [M]: 0x0000000080038630 (0x00B50663) beq a0, a1, 0xc
mem[X,0x0000000080038634] -> 0x0213
mem[X,0x0000000080038636] -> 0x0022
[8955] [M]: 0x0000000080038634 (0x00220213) addi tp, tp, 0x2
x4 <- 0x0000000000000002
mem[X,0x0000000080038638] -> 0x006F
mem[X,0x000000008003863A] -> 0x00C0
[8956] [M]: 0x0000000080038638 (0x00C0006F) jal zero, 0xc
mem[X,0x0000000080038644] -> 0x3823
mem[X,0x0000000080038646] -> 0x0E41
[8957] [M]: 0x0000000080038644 (0x0E413823) sd tp, 0xf0(sp)
mem[0x00000000800492B8] <- 0x0000000000000002
mem[X,0x0000000080038648] -> 0x0513
mem[X,0x000000008003864A] -> 0x0060
[8958] [M]: 0x0000000080038648 (0x00600513) addi a0, zero, 0x6
x10 <- 0x0000000000000006
mem[X,0x000000008003864C] -> 0x35B7
mem[X,0x000000008003864E] -> 0x3333
[8959] [M]: 0x000000008003864C (0x333335B7) lui a1, 0x33333
x11 <- 0x0000000033333000
mem[X,0x0000000080038650] -> 0x8593
mem[X,0x0000000080038652] -> 0x3335
[8960] [M]: 0x0000000080038650 (0x33358593) addi a1, a1, 0x333
x11 <- 0x0000000033333333
mem[X,0x0000000080038654] -> 0x9593
mem[X,0x0000000080038656] -> 0x00B5
[8961] [M]: 0x0000000080038654 (0x00B59593) slli a1, a1, 0xb
x11 <- 0x0000019999999800
mem[X,0x0000000080038658] -> 0x8593
mem[X,0x000000008003865A] -> 0x1995
[8962] [M]: 0x0000000080038658 (0x19958593) addi a1, a1, 0x199
x11 <- 0x0000019999999999
mem[X,0x000000008003865C] -> 0x9593
mem[X,0x000000008003865E] -> 0x00B5
[8963] [M]: 0x000000008003865C (0x00B59593) slli a1, a1, 0xb
x11 <- 0x000CCCCCCCCCC800
mem[X,0x0000000080038660] -> 0x8593
mem[X,0x0000000080038662] -> 0x4CC5
[8964] [M]: 0x0000000080038660 (0x4CC58593) addi a1, a1, 0x4cc
x11 <- 0x000CCCCCCCCCCCCC
mem[X,0x0000000080038664] -> 0x9593
mem[X,0x0000000080038666] -> 0x00A5
[8965] [M]: 0x0000000080038664 (0x00A59593) slli a1, a1, 0xa
x11 <- 0x3333333333333000
mem[X,0x0000000080038668] -> 0x8593
mem[X,0x000000008003866A] -> 0x3325
[8966] [M]: 0x0000000080038668 (0x33258593) addi a1, a1, 0x332
x11 <- 0x3333333333333332
mem[X,0x000000008003866C] -> 0x0213
mem[X,0x000000008003866E] -> 0x0000
[8967] [M]: 0x000000008003866C (0x00000213) addi tp, zero, 0x0
x4 <- 0x0000000000000000
mem[X,0x0000000080038670] -> 0x006F
mem[X,0x0000000080038672] -> 0x00C0
[8968] [M]: 0x0000000080038670 (0x00C0006F) jal zero, 0xc
mem[X,0x000000008003867C] -> 0x0063
mem[X,0x000000008003867E] -> 0x10B5
[8969] [M]: 0x000000008003867C (0x10B50063) beq a0, a1, 0x100
mem[X,0x0000000080038680] -> 0x0213
mem[X,0x0000000080038682] -> 0x0022
[8970] [M]: 0x0000000080038680 (0x00220213) addi tp, tp, 0x2
x4 <- 0x0000000000000002
mem[X,0x0000000080038684] -> 0x006F
mem[X,0x0000000080038686] -> 0x1000
[8971] [M]: 0x0000000080038684 (0x1000006F) jal zero, 0x100
mem[X,0x0000000080038784] -> 0x3C23
mem[X,0x0000000080038786] -> 0x0E41
[8972] [M]: 0x0000000080038784 (0x0E413C23) sd tp, 0xf8(sp)
mem[0x00000000800492C0] <- 0x0000000000000002
mem[X,0x0000000080038788] -> 0x0513
mem[X,0x000000008003878A] -> 0x0060
[8973] [M]: 0x0000000080038788 (0x00600513) addi a0, zero, 0x6
x10 <- 0x0000000000000006
mem[X,0x000000008003878C] -> 0x65B7
mem[X,0x000000008003878E] -> 0x6666
[8974] [M]: 0x000000008003878C (0x666665B7) lui a1, 0x66666
x11 <- 0x0000000066666000
mem[X,0x0000000080038790] -> 0x8593
mem[X,0x0000000080038792] -> 0x6665
[8975] [M]: 0x0000000080038790 (0x66658593) addi a1, a1, 0x666
x11 <- 0x0000000066666666
mem[X,0x0000000080038794] -> 0x9593
mem[X,0x0000000080038796] -> 0x00B5
[8976] [M]: 0x0000000080038794 (0x00B59593) slli a1, a1, 0xb
x11 <- 0x0000033333333000
mem[X,0x0000000080038798] -> 0x8593
mem[X,0x000000008003879A] -> 0x3335
[8977] [M]: 0x0000000080038798 (0x33358593) addi a1, a1, 0x333
x11 <- 0x0000033333333333
mem[X,0x000000008003879C] -> 0x9593
mem[X,0x000000008003879E] -> 0x00B5
[8978] [M]: 0x000000008003879C (0x00B59593) slli a1, a1, 0xb
x11 <- 0x0019999999999800
mem[X,0x00000000800387A0] -> 0x8593
mem[X,0x00000000800387A2] -> 0x1995
[8979] [M]: 0x00000000800387A0 (0x19958593) addi a1, a1, 0x199
x11 <- 0x0019999999999999
mem[X,0x00000000800387A4] -> 0x9593
mem[X,0x00000000800387A6] -> 0x00A5
[8980] [M]: 0x00000000800387A4 (0x00A59593) slli a1, a1, 0xa
x11 <- 0x6666666666666400
mem[X,0x00000000800387A8] -> 0x8593
mem[X,0x00000000800387AA] -> 0x2655
[8981] [M]: 0x00000000800387A8 (0x26558593) addi a1, a1, 0x265
x11 <- 0x6666666666666665
mem[X,0x00000000800387AC] -> 0x0213
mem[X,0x00000000800387AE] -> 0x0000
[8982] [M]: 0x00000000800387AC (0x00000213) addi tp, zero, 0x0
x4 <- 0x0000000000000000
mem[X,0x00000000800387B0] -> 0x006F
mem[X,0x00000000800387B2] -> 0x0050
[8983] [M]: 0x00000000800387B0 (0x0050006F) jal zero, 0x804
mem[X,0x0000000080038FB4] -> 0x00E3
mem[X,0x0000000080038FB6] -> 0x80B5
[8984] [M]: 0x0000000080038FB4 (0x80B500E3) beq a0, a1, -0x800
mem[X,0x0000000080038FB8] -> 0x0213
mem[X,0x0000000080038FBA] -> 0x0022
[8985] [M]: 0x0000000080038FB8 (0x00220213) addi tp, tp, 0x2
x4 <- 0x0000000000000002
mem[X,0x0000000080038FBC] -> 0x006F
mem[X,0x0000000080038FBE] -> 0x00C0
[8986] [M]: 0x0000000080038FBC (0x00C0006F) jal zero, 0xc
mem[X,0x0000000080038FC8] -> 0x3023
mem[X,0x0000000080038FCA] -> 0x1041
[8987] [M]: 0x0000000080038FC8 (0x10413023) sd tp, 0x100(sp)
mem[0x00000000800492C8] <- 0x0000000000000002
mem[X,0x0000000080038FCC] -> 0x0513
mem[X,0x0000000080038FCE] -> 0x0060
[8988] [M]: 0x0000000080038FCC (0x00600513) addi a0, zero, 0x6
x10 <- 0x0000000000000006
mem[X,0x0000000080038FD0] -> 0x05B7
mem[X,0x0000000080038FD2] -> 0x0000
[8989] [M]: 0x0000000080038FD0 (0x000005B7) lui a1, 0x0
x11 <- 0x0000000000000000
mem[X,0x0000000080038FD4] -> 0x8593
mem[X,0x0000000080038FD6] -> 0x0005
[8990] [M]: 0x0000000080038FD4 (0x00058593) addi a1, a1, 0x0
x11 <- 0x0000000000000000
mem[X,0x0000000080038FD8] -> 0x9593
mem[X,0x0000000080038FDA] -> 0x00B5
[8991] [M]: 0x0000000080038FD8 (0x00B59593) slli a1, a1, 0xb
x11 <- 0x0000000000000000
mem[X,0x0000000080038FDC] -> 0x8593
mem[X,0x0000000080038FDE] -> 0x5A85
[8992] [M]: 0x0000000080038FDC (0x5A858593) addi a1, a1, 0x5a8
x11 <- 0x00000000000005A8
mem[X,0x0000000080038FE0] -> 0x9593
mem[X,0x0000000080038FE2] -> 0x00B5
[8993] [M]: 0x0000000080038FE0 (0x00B59593) slli a1, a1, 0xb
x11 <- 0x00000000002D4000
mem[X,0x0000000080038FE4] -> 0x8593
mem[X,0x0000000080038FE6] -> 0x13C5
[8994] [M]: 0x0000000080038FE4 (0x13C58593) addi a1, a1, 0x13c
x11 <- 0x00000000002D413C
mem[X,0x0000000080038FE8] -> 0x9593
mem[X,0x0000000080038FEA] -> 0x00A5
[8995] [M]: 0x0000000080038FE8 (0x00A59593) slli a1, a1, 0xa
x11 <- 0x00000000B504F000
mem[X,0x0000000080038FEC] -> 0x8593
mem[X,0x0000000080038FEE] -> 0x3325
[8996] [M]: 0x0000000080038FEC (0x33258593) addi a1, a1, 0x332
x11 <- 0x00000000B504F332
mem[X,0x0000000080038FF0] -> 0x0213
mem[X,0x0000000080038FF2] -> 0x0000
[8997] [M]: 0x0000000080038FF0 (0x00000213) addi tp, zero, 0x0
x4 <- 0x0000000000000000
mem[X,0x0000000080038FF4] -> 0x006F
mem[X,0x0000000080038FF6] -> 0x00C0
[8998] [M]: 0x0000000080038FF4 (0x00C0006F) jal zero, 0xc
mem[X,0x0000000080039000] -> 0x0063
mem[X,0x0000000080039002] -> 0x02B5
[8999] [M]: 0x0000000080039000 (0x02B50063) beq a0, a1, 0x20
clint::tick mtime <- 0x000000000000005A
 clint timer pending at mtime 0x000000000000005A
htif::tick 0x0000000000000000
mem[X,0x0000000080039004] -> 0x0213
mem[X,0x0000000080039006] -> 0x0022
[9000] [M]: 0x0000000080039004 (0x00220213) addi tp, tp, 0x2
x4 <- 0x0000000000000002
mem[X,0x0000000080039008] -> 0x006F
mem[X,0x000000008003900A] -> 0x0200
[9001] [M]: 0x0000000080039008 (0x0200006F) jal zero, 0x20
mem[X,0x0000000080039028] -> 0x3423
mem[X,0x000000008003902A] -> 0x1041
[9002] [M]: 0x0000000080039028 (0x10413423) sd tp, 0x108(sp)
mem[0x00000000800492D0] <- 0x0000000000000002
mem[X,0x000000008003902C] -> 0x0513
mem[X,0x000000008003902E] -> 0x0060
[9003] [M]: 0x000000008003902C (0x00600513) addi a0, zero, 0x6
x10 <- 0x0000000000000006
mem[X,0x0000000080039030] -> 0x55B7
mem[X,0x0000000080039032] -> 0x5555
[9004] [M]: 0x0000000080039030 (0x555555B7) lui a1, 0x55555
x11 <- 0x0000000055555000
mem[X,0x0000000080039034] -> 0x8593
mem[X,0x0000000080039036] -> 0x5555
[9005] [M]: 0x0000000080039034 (0x55558593) addi a1, a1, 0x555
x11 <- 0x0000000055555555
mem[X,0x0000000080039038] -> 0x9593
mem[X,0x000000008003903A] -> 0x00B5
[9006] [M]: 0x0000000080039038 (0x00B59593) slli a1, a1, 0xb
x11 <- 0x000002AAAAAAA800
mem[X,0x000000008003903C] -> 0x8593
mem[X,0x000000008003903E] -> 0x2AA5
[9007] [M]: 0x000000008003903C (0x2AA58593) addi a1, a1, 0x2aa
x11 <- 0x000002AAAAAAAAAA
mem[X,0x0000000080039040] -> 0x9593
mem[X,0x0000000080039042] -> 0x00B5
[9008] [M]: 0x0000000080039040 (0x00B59593) slli a1, a1, 0xb
x11 <- 0x0015555555555000
mem[X,0x0000000080039044] -> 0x8593
mem[X,0x0000000080039046] -> 0x5555
[9009] [M]: 0x0000000080039044 (0x55558593) addi a1, a1, 0x555
x11 <- 0x0015555555555555
mem[X,0x0000000080039048] -> 0x9593
mem[X,0x000000008003904A] -> 0x00A5
[9010] [M]: 0x0000000080039048 (0x00A59593) slli a1, a1, 0xa
x11 <- 0x5555555555555400
mem[X,0x000000008003904C] -> 0x8593
mem[X,0x000000008003904E] -> 0x1565
[9011] [M]: 0x000000008003904C (0x15658593) addi a1, a1, 0x156
x11 <- 0x5555555555555556
mem[X,0x0000000080039050] -> 0x0213
mem[X,0x0000000080039052] -> 0x0000
[9012] [M]: 0x0000000080039050 (0x00000213) addi tp, zero, 0x0
x4 <- 0x0000000000000000
mem[X,0x0000000080039054] -> 0x006F
mem[X,0x0000000080039056] -> 0x00C0
[9013] [M]: 0x0000000080039054 (0x00C0006F) jal zero, 0xc
mem[X,0x0000000080039060] -> 0x0CE3
mem[X,0x0000000080039062] -> 0xFEB5
[9014] [M]: 0x0000000080039060 (0xFEB50CE3) beq a0, a1, -0x8
mem[X,0x0000000080039064] -> 0x0213
mem[X,0x0000000080039066] -> 0x0022
[9015] [M]: 0x0000000080039064 (0x00220213) addi tp, tp, 0x2
x4 <- 0x0000000000000002
mem[X,0x0000000080039068] -> 0x006F
mem[X,0x000000008003906A] -> 0x00C0
[9016] [M]: 0x0000000080039068 (0x00C0006F) jal zero, 0xc
mem[X,0x0000000080039074] -> 0x3823
mem[X,0x0000000080039076] -> 0x1041
[9017] [M]: 0x0000000080039074 (0x10413823) sd tp, 0x110(sp)
mem[0x00000000800492D8] <- 0x0000000000000002
mem[X,0x0000000080039078] -> 0x0513
mem[X,0x000000008003907A] -> 0x0060
[9018] [M]: 0x0000000080039078 (0x00600513) addi a0, zero, 0x6
x10 <- 0x0000000000000006
mem[X,0x000000008003907C] -> 0xB5B7
mem[X,0x000000008003907E] -> 0xAAAA
[9019] [M]: 0x000000008003907C (0xAAAAB5B7) lui a1, -0x55555
x11 <- 0xFFFFFFFFAAAAB000
mem[X,0x0000000080039080] -> 0x8593
mem[X,0x0000000080039082] -> 0xAAA5
[9020] [M]: 0x0000000080039080 (0xAAA58593) addi a1, a1, -0x556
x11 <- 0xFFFFFFFFAAAAAAAA
mem[X,0x0000000080039084] -> 0x9593
mem[X,0x0000000080039086] -> 0x00B5
[9021] [M]: 0x0000000080039084 (0x00B59593) slli a1, a1, 0xb
x11 <- 0xFFFFFD5555555000
mem[X,0x0000000080039088] -> 0x8593
mem[X,0x000000008003908A] -> 0x5555
[9022] [M]: 0x0000000080039088 (0x55558593) addi a1, a1, 0x555
x11 <- 0xFFFFFD5555555555
mem[X,0x000000008003908C] -> 0x9593
mem[X,0x000000008003908E] -> 0x00B5
[9023] [M]: 0x000000008003908C (0x00B59593) slli a1, a1, 0xb
x11 <- 0xFFEAAAAAAAAAA800
mem[X,0x0000000080039090] -> 0x8593
mem[X,0x0000000080039092] -> 0x2AA5
[9024] [M]: 0x0000000080039090 (0x2AA58593) addi a1, a1, 0x2aa
x11 <- 0xFFEAAAAAAAAAAAAA
mem[X,0x0000000080039094] -> 0x9593
mem[X,0x0000000080039096] -> 0x00A5
[9025] [M]: 0x0000000080039094 (0x00A59593) slli a1, a1, 0xa
x11 <- 0xAAAAAAAAAAAAA800
mem[X,0x0000000080039098] -> 0x8593
mem[X,0x000000008003909A] -> 0x2AB5
[9026] [M]: 0x0000000080039098 (0x2AB58593) addi a1, a1, 0x2ab
x11 <- 0xAAAAAAAAAAAAAAAB
mem[X,0x000000008003909C] -> 0x0213
mem[X,0x000000008003909E] -> 0x0000
[9027] [M]: 0x000000008003909C (0x00000213) addi tp, zero, 0x0
x4 <- 0x0000000000000000
mem[X,0x00000000800390A0] -> 0x006F
mem[X,0x00000000800390A2] -> 0x00C0
[9028] [M]: 0x00000000800390A0 (0x00C0006F) jal zero, 0xc
mem[X,0x00000000800390AC] -> 0x0CE3
mem[X,0x00000000800390AE] -> 0xFEB5
[9029] [M]: 0x00000000800390AC (0xFEB50CE3) beq a0, a1, -0x8
mem[X,0x00000000800390B0] -> 0x0213
mem[X,0x00000000800390B2] -> 0x0022
[9030] [M]: 0x00000000800390B0 (0x00220213) addi tp, tp, 0x2
x4 <- 0x0000000000000002
mem[X,0x00000000800390B4] -> 0x006F
mem[X,0x00000000800390B6] -> 0x00C0
[9031] [M]: 0x00000000800390B4 (0x00C0006F) jal zero, 0xc
mem[X,0x00000000800390C0] -> 0x3C23
mem[X,0x00000000800390C2] -> 0x1041
[9032] [M]: 0x00000000800390C0 (0x10413C23) sd tp, 0x118(sp)
mem[0x00000000800492E0] <- 0x0000000000000002
mem[X,0x00000000800390C4] -> 0x0513
mem[X,0x00000000800390C6] -> 0x0060
[9033] [M]: 0x00000000800390C4 (0x00600513) addi a0, zero, 0x6
x10 <- 0x0000000000000006
mem[X,0x00000000800390C8] -> 0x0593
mem[X,0x00000000800390CA] -> 0x0060
[9034] [M]: 0x00000000800390C8 (0x00600593) addi a1, zero, 0x6
x11 <- 0x0000000000000006
mem[X,0x00000000800390CC] -> 0x0213
mem[X,0x00000000800390CE] -> 0x0000
[9035] [M]: 0x00000000800390CC (0x00000213) addi tp, zero, 0x0
x4 <- 0x0000000000000000
mem[X,0x00000000800390D0] -> 0x006F
mem[X,0x00000000800390D2] -> 0x00C0
[9036] [M]: 0x00000000800390D0 (0x00C0006F) jal zero, 0xc
mem[X,0x00000000800390DC] -> 0x0063
mem[X,0x00000000800390DE] -> 0x04B5
[9037] [M]: 0x00000000800390DC (0x04B50063) beq a0, a1, 0x40
mem[X,0x000000008003911C] -> 0x0213
mem[X,0x000000008003911E] -> 0x0032
[9038] [M]: 0x000000008003911C (0x00320213) addi tp, tp, 0x3
x4 <- 0x0000000000000003
mem[X,0x0000000080039120] -> 0x006F
mem[X,0x0000000080039122] -> 0x0040
[9039] [M]: 0x0000000080039120 (0x0040006F) jal zero, 0x4
mem[X,0x0000000080039124] -> 0x3023
mem[X,0x0000000080039126] -> 0x1241
[9040] [M]: 0x0000000080039124 (0x12413023) sd tp, 0x120(sp)
mem[0x00000000800492E8] <- 0x0000000000000003
mem[X,0x0000000080039128] -> 0x0513
mem[X,0x000000008003912A] -> 0x0060
[9041] [M]: 0x0000000080039128 (0x00600513) addi a0, zero, 0x6
x10 <- 0x0000000000000006
mem[X,0x000000008003912C] -> 0x35B7
mem[X,0x000000008003912E] -> 0x3333
[9042] [M]: 0x000000008003912C (0x333335B7) lui a1, 0x33333
x11 <- 0x0000000033333000
mem[X,0x0000000080039130] -> 0x8593
mem[X,0x0000000080039132] -> 0x3335
[9043] [M]: 0x0000000080039130 (0x33358593) addi a1, a1, 0x333
x11 <- 0x0000000033333333
mem[X,0x0000000080039134] -> 0x9593
mem[X,0x0000000080039136] -> 0x00B5
[9044] [M]: 0x0000000080039134 (0x00B59593) slli a1, a1, 0xb
x11 <- 0x0000019999999800
mem[X,0x0000000080039138] -> 0x8593
mem[X,0x000000008003913A] -> 0x1995
[9045] [M]: 0x0000000080039138 (0x19958593) addi a1, a1, 0x199
x11 <- 0x0000019999999999
mem[X,0x000000008003913C] -> 0x9593
mem[X,0x000000008003913E] -> 0x00B5
[9046] [M]: 0x000000008003913C (0x00B59593) slli a1, a1, 0xb
x11 <- 0x000CCCCCCCCCC800
mem[X,0x0000000080039140] -> 0x8593
mem[X,0x0000000080039142] -> 0x4CC5
[9047] [M]: 0x0000000080039140 (0x4CC58593) addi a1, a1, 0x4cc
x11 <- 0x000CCCCCCCCCCCCC
mem[X,0x0000000080039144] -> 0x9593
mem[X,0x0000000080039146] -> 0x00A5
[9048] [M]: 0x0000000080039144 (0x00A59593) slli a1, a1, 0xa
x11 <- 0x3333333333333000
mem[X,0x0000000080039148] -> 0x8593
mem[X,0x000000008003914A] -> 0x3345
[9049] [M]: 0x0000000080039148 (0x33458593) addi a1, a1, 0x334
x11 <- 0x3333333333333334
mem[X,0x000000008003914C] -> 0x0213
mem[X,0x000000008003914E] -> 0x0000
[9050] [M]: 0x000000008003914C (0x00000213) addi tp, zero, 0x0
x4 <- 0x0000000000000000
mem[X,0x0000000080039150] -> 0x006F
mem[X,0x0000000080039152] -> 0x00C0
[9051] [M]: 0x0000000080039150 (0x00C0006F) jal zero, 0xc
mem[X,0x000000008003915C] -> 0x0663
mem[X,0x000000008003915E] -> 0x00B5
[9052] [M]: 0x000000008003915C (0x00B50663) beq a0, a1, 0xc
mem[X,0x0000000080039160] -> 0x0213
mem[X,0x0000000080039162] -> 0x0022
[9053] [M]: 0x0000000080039160 (0x00220213) addi tp, tp, 0x2
x4 <- 0x0000000000000002
mem[X,0x0000000080039164] -> 0x006F
mem[X,0x0000000080039166] -> 0x00C0
[9054] [M]: 0x0000000080039164 (0x00C0006F) jal zero, 0xc
mem[X,0x0000000080039170] -> 0x3423
mem[X,0x0000000080039172] -> 0x1241
[9055] [M]: 0x0000000080039170 (0x12413423) sd tp, 0x128(sp)
mem[0x00000000800492F0] <- 0x0000000000000002
mem[X,0x0000000080039174] -> 0x0513
mem[X,0x0000000080039176] -> 0x0060
[9056] [M]: 0x0000000080039174 (0x00600513) addi a0, zero, 0x6
x10 <- 0x0000000000000006
mem[X,0x0000000080039178] -> 0x65B7
mem[X,0x000000008003917A] -> 0x6666
[9057] [M]: 0x0000000080039178 (0x666665B7) lui a1, 0x66666
x11 <- 0x0000000066666000
mem[X,0x000000008003917C] -> 0x8593
mem[X,0x000000008003917E] -> 0x6665
[9058] [M]: 0x000000008003917C (0x66658593) addi a1, a1, 0x666
x11 <- 0x0000000066666666
mem[X,0x0000000080039180] -> 0x9593
mem[X,0x0000000080039182] -> 0x00B5
[9059] [M]: 0x0000000080039180 (0x00B59593) slli a1, a1, 0xb
x11 <- 0x0000033333333000
mem[X,0x0000000080039184] -> 0x8593
mem[X,0x0000000080039186] -> 0x3335
[9060] [M]: 0x0000000080039184 (0x33358593) addi a1, a1, 0x333
x11 <- 0x0000033333333333
mem[X,0x0000000080039188] -> 0x9593
mem[X,0x000000008003918A] -> 0x00B5
[9061] [M]: 0x0000000080039188 (0x00B59593) slli a1, a1, 0xb
x11 <- 0x0019999999999800
mem[X,0x000000008003918C] -> 0x8593
mem[X,0x000000008003918E] -> 0x1995
[9062] [M]: 0x000000008003918C (0x19958593) addi a1, a1, 0x199
x11 <- 0x0019999999999999
mem[X,0x0000000080039190] -> 0x9593
mem[X,0x0000000080039192] -> 0x00A5
[9063] [M]: 0x0000000080039190 (0x00A59593) slli a1, a1, 0xa
x11 <- 0x6666666666666400
mem[X,0x0000000080039194] -> 0x8593
mem[X,0x0000000080039196] -> 0x2675
[9064] [M]: 0x0000000080039194 (0x26758593) addi a1, a1, 0x267
x11 <- 0x6666666666666667
mem[X,0x0000000080039198] -> 0x0213
mem[X,0x000000008003919A] -> 0x0000
[9065] [M]: 0x0000000080039198 (0x00000213) addi tp, zero, 0x0
x4 <- 0x0000000000000000
mem[X,0x000000008003919C] -> 0x006F
mem[X,0x000000008003919E] -> 0x00C0
[9066] [M]: 0x000000008003919C (0x00C0006F) jal zero, 0xc
mem[X,0x00000000800391A8] -> 0x0063
mem[X,0x00000000800391AA] -> 0x40B5
[9067] [M]: 0x00000000800391A8 (0x40B50063) beq a0, a1, 0x400
mem[X,0x00000000800391AC] -> 0x0213
mem[X,0x00000000800391AE] -> 0x0022
[9068] [M]: 0x00000000800391AC (0x00220213) addi tp, tp, 0x2
x4 <- 0x0000000000000002
mem[X,0x00000000800391B0] -> 0x006F
mem[X,0x00000000800391B2] -> 0x4000
[9069] [M]: 0x00000000800391B0 (0x4000006F) jal zero, 0x400
mem[X,0x00000000800395B0] -> 0x3823
mem[X,0x00000000800395B2] -> 0x1241
[9070] [M]: 0x00000000800395B0 (0x12413823) sd tp, 0x130(sp)
mem[0x00000000800492F8] <- 0x0000000000000002
mem[X,0x00000000800395B4] -> 0x0513
mem[X,0x00000000800395B6] -> 0x0060
[9071] [M]: 0x00000000800395B4 (0x00600513) addi a0, zero, 0x6
x10 <- 0x0000000000000006
mem[X,0x00000000800395B8] -> 0x05B7
mem[X,0x00000000800395BA] -> 0x0000
[9072] [M]: 0x00000000800395B8 (0x000005B7) lui a1, 0x0
x11 <- 0x0000000000000000
mem[X,0x00000000800395BC] -> 0x8593
mem[X,0x00000000800395BE] -> 0xFFF5
[9073] [M]: 0x00000000800395BC (0xFFF58593) addi a1, a1, -0x1
x11 <- 0xFFFFFFFFFFFFFFFF
mem[X,0x00000000800395C0] -> 0x9593
mem[X,0x00000000800395C2] -> 0x00B5
[9074] [M]: 0x00000000800395C0 (0x00B59593) slli a1, a1, 0xb
x11 <- 0xFFFFFFFFFFFFF800
mem[X,0x00000000800395C4] -> 0x8593
mem[X,0x00000000800395C6] -> 0x2575
[9075] [M]: 0x00000000800395C4 (0x25758593) addi a1, a1, 0x257
x11 <- 0xFFFFFFFFFFFFFA57
mem[X,0x00000000800395C8] -> 0x9593
mem[X,0x00000000800395CA] -> 0x00B5
[9076] [M]: 0x00000000800395C8 (0x00B59593) slli a1, a1, 0xb
x11 <- 0xFFFFFFFFFFD2B800
mem[X,0x00000000800395CC] -> 0x8593
mem[X,0x00000000800395CE] -> 0x6C35
[9077] [M]: 0x00000000800395CC (0x6C358593) addi a1, a1, 0x6c3
x11 <- 0xFFFFFFFFFFD2BEC3
mem[X,0x00000000800395D0] -> 0x9593
mem[X,0x00000000800395D2] -> 0x00A5
[9078] [M]: 0x00000000800395D0 (0x00A59593) slli a1, a1, 0xa
x11 <- 0xFFFFFFFF4AFB0C00
mem[X,0x00000000800395D4] -> 0x8593
mem[X,0x00000000800395D6] -> 0x0CE5
[9079] [M]: 0x00000000800395D4 (0x0CE58593) addi a1, a1, 0xce
x11 <- 0xFFFFFFFF4AFB0CCE
mem[X,0x00000000800395D8] -> 0x0213
mem[X,0x00000000800395DA] -> 0x0000
[9080] [M]: 0x00000000800395D8 (0x00000213) addi tp, zero, 0x0
x4 <- 0x0000000000000000
mem[X,0x00000000800395DC] -> 0x006F
mem[X,0x00000000800395DE] -> 0x00C0
[9081] [M]: 0x00000000800395DC (0x00C0006F) jal zero, 0xc
mem[X,0x00000000800395E8] -> 0x0863
mem[X,0x00000000800395EA] -> 0x00B5
[9082] [M]: 0x00000000800395E8 (0x00B50863) beq a0, a1, 0x10
mem[X,0x00000000800395EC] -> 0x0213
mem[X,0x00000000800395EE] -> 0x0022
[9083] [M]: 0x00000000800395EC (0x00220213) addi tp, tp, 0x2
x4 <- 0x0000000000000002
mem[X,0x00000000800395F0] -> 0x006F
mem[X,0x00000000800395F2] -> 0x0100
[9084] [M]: 0x00000000800395F0 (0x0100006F) jal zero, 0x10
mem[X,0x0000000080039600] -> 0x3C23
mem[X,0x0000000080039602] -> 0x1241
[9085] [M]: 0x0000000080039600 (0x12413C23) sd tp, 0x138(sp)
mem[0x0000000080049300] <- 0x0000000000000002
mem[X,0x0000000080039604] -> 0x0513
mem[X,0x0000000080039606] -> 0x0060
[9086] [M]: 0x0000000080039604 (0x00600513) addi a0, zero, 0x6
x10 <- 0x0000000000000006
mem[X,0x0000000080039608] -> 0x05B7
mem[X,0x000000008003960A] -> 0x0000
[9087] [M]: 0x0000000080039608 (0x000005B7) lui a1, 0x0
x11 <- 0x0000000000000000
mem[X,0x000000008003960C] -> 0x8593
mem[X,0x000000008003960E] -> 0x0005
[9088] [M]: 0x000000008003960C (0x00058593) addi a1, a1, 0x0
x11 <- 0x0000000000000000
mem[X,0x0000000080039610] -> 0x9593
mem[X,0x0000000080039612] -> 0x00B5
[9089] [M]: 0x0000000080039610 (0x00B59593) slli a1, a1, 0xb
x11 <- 0x0000000000000000
mem[X,0x0000000080039614] -> 0x8593
mem[X,0x0000000080039616] -> 0x5A85
[9090] [M]: 0x0000000080039614 (0x5A858593) addi a1, a1, 0x5a8
x11 <- 0x00000000000005A8
mem[X,0x0000000080039618] -> 0x9593
mem[X,0x000000008003961A] -> 0x00B5
[9091] [M]: 0x0000000080039618 (0x00B59593) slli a1, a1, 0xb
x11 <- 0x00000000002D4000
mem[X,0x000000008003961C] -> 0x8593
mem[X,0x000000008003961E] -> 0x13C5
[9092] [M]: 0x000000008003961C (0x13C58593) addi a1, a1, 0x13c
x11 <- 0x00000000002D413C
mem[X,0x0000000080039620] -> 0x9593
mem[X,0x0000000080039622] -> 0x00A5
[9093] [M]: 0x0000000080039620 (0x00A59593) slli a1, a1, 0xa
x11 <- 0x00000000B504F000
mem[X,0x0000000080039624] -> 0x8593
mem[X,0x0000000080039626] -> 0x3345
[9094] [M]: 0x0000000080039624 (0x33458593) addi a1, a1, 0x334
x11 <- 0x00000000B504F334
mem[X,0x0000000080039628] -> 0x0213
mem[X,0x000000008003962A] -> 0x0000
[9095] [M]: 0x0000000080039628 (0x00000213) addi tp, zero, 0x0
x4 <- 0x0000000000000000
mem[X,0x000000008003962C] -> 0x006F
mem[X,0x000000008003962E] -> 0x00C0
[9096] [M]: 0x000000008003962C (0x00C0006F) jal zero, 0xc
mem[X,0x0000000080039638] -> 0x0063
mem[X,0x000000008003963A] -> 0x08B5
[9097] [M]: 0x0000000080039638 (0x08B50063) beq a0, a1, 0x80
mem[X,0x000000008003963C] -> 0x0213
mem[X,0x000000008003963E] -> 0x0022
[9098] [M]: 0x000000008003963C (0x00220213) addi tp, tp, 0x2
x4 <- 0x0000000000000002
mem[X,0x0000000080039640] -> 0x006F
mem[X,0x0000000080039642] -> 0x0800
[9099] [M]: 0x0000000080039640 (0x0800006F) jal zero, 0x80
clint::tick mtime <- 0x000000000000005B
 clint timer pending at mtime 0x000000000000005B
htif::tick 0x0000000000000000
mem[X,0x00000000800396C0] -> 0x3023
mem[X,0x00000000800396C2] -> 0x1441
[9100] [M]: 0x00000000800396C0 (0x14413023) sd tp, 0x140(sp)
mem[0x0000000080049308] <- 0x0000000000000002
mem[X,0x00000000800396C4] -> 0x3537
mem[X,0x00000000800396C6] -> 0x3333
[9101] [M]: 0x00000000800396C4 (0x33333537) lui a0, 0x33333
x10 <- 0x0000000033333000
mem[X,0x00000000800396C8] -> 0x0513
mem[X,0x00000000800396CA] -> 0x3335
[9102] [M]: 0x00000000800396C8 (0x33350513) addi a0, a0, 0x333
x10 <- 0x0000000033333333
mem[X,0x00000000800396CC] -> 0x1513
mem[X,0x00000000800396CE] -> 0x00B5
[9103] [M]: 0x00000000800396CC (0x00B51513) slli a0, a0, 0xb
x10 <- 0x0000019999999800
mem[X,0x00000000800396D0] -> 0x0513
mem[X,0x00000000800396D2] -> 0x1995
[9104] [M]: 0x00000000800396D0 (0x19950513) addi a0, a0, 0x199
x10 <- 0x0000019999999999
mem[X,0x00000000800396D4] -> 0x1513
mem[X,0x00000000800396D6] -> 0x00B5
[9105] [M]: 0x00000000800396D4 (0x00B51513) slli a0, a0, 0xb
x10 <- 0x000CCCCCCCCCC800
mem[X,0x00000000800396D8] -> 0x0513
mem[X,0x00000000800396DA] -> 0x4CC5
[9106] [M]: 0x00000000800396D8 (0x4CC50513) addi a0, a0, 0x4cc
x10 <- 0x000CCCCCCCCCCCCC
mem[X,0x00000000800396DC] -> 0x1513
mem[X,0x00000000800396DE] -> 0x00A5
[9107] [M]: 0x00000000800396DC (0x00A51513) slli a0, a0, 0xa
x10 <- 0x3333333333333000
mem[X,0x00000000800396E0] -> 0x0513
mem[X,0x00000000800396E2] -> 0x3345
[9108] [M]: 0x00000000800396E0 (0x33450513) addi a0, a0, 0x334
x10 <- 0x3333333333333334
mem[X,0x00000000800396E4] -> 0x0593
mem[X,0x00000000800396E6] -> 0x0030
[9109] [M]: 0x00000000800396E4 (0x00300593) addi a1, zero, 0x3
x11 <- 0x0000000000000003
mem[X,0x00000000800396E8] -> 0x0213
mem[X,0x00000000800396EA] -> 0x0000
[9110] [M]: 0x00000000800396E8 (0x00000213) addi tp, zero, 0x0
x4 <- 0x0000000000000000
mem[X,0x00000000800396EC] -> 0x006F
mem[X,0x00000000800396EE] -> 0x00C0
[9111] [M]: 0x00000000800396EC (0x00C0006F) jal zero, 0xc
mem[X,0x00000000800396F8] -> 0x0063
mem[X,0x00000000800396FA] -> 0x02B5
[9112] [M]: 0x00000000800396F8 (0x02B50063) beq a0, a1, 0x20
mem[X,0x00000000800396FC] -> 0x0213
mem[X,0x00000000800396FE] -> 0x0022
[9113] [M]: 0x00000000800396FC (0x00220213) addi tp, tp, 0x2
x4 <- 0x0000000000000002
mem[X,0x0000000080039700] -> 0x006F
mem[X,0x0000000080039702] -> 0x0200
[9114] [M]: 0x0000000080039700 (0x0200006F) jal zero, 0x20
mem[X,0x0000000080039720] -> 0x3423
mem[X,0x0000000080039722] -> 0x1441
[9115] [M]: 0x0000000080039720 (0x14413423) sd tp, 0x148(sp)
mem[0x0000000080049310] <- 0x0000000000000002
mem[X,0x0000000080039724] -> 0x3537
mem[X,0x0000000080039726] -> 0x3333
[9116] [M]: 0x0000000080039724 (0x33333537) lui a0, 0x33333
x10 <- 0x0000000033333000
mem[X,0x0000000080039728] -> 0x0513
mem[X,0x000000008003972A] -> 0x3335
[9117] [M]: 0x0000000080039728 (0x33350513) addi a0, a0, 0x333
x10 <- 0x0000000033333333
mem[X,0x000000008003972C] -> 0x1513
mem[X,0x000000008003972E] -> 0x00B5
[9118] [M]: 0x000000008003972C (0x00B51513) slli a0, a0, 0xb
x10 <- 0x0000019999999800
mem[X,0x0000000080039730] -> 0x0513
mem[X,0x0000000080039732] -> 0x1995
[9119] [M]: 0x0000000080039730 (0x19950513) addi a0, a0, 0x199
x10 <- 0x0000019999999999
mem[X,0x0000000080039734] -> 0x1513
mem[X,0x0000000080039736] -> 0x00B5
[9120] [M]: 0x0000000080039734 (0x00B51513) slli a0, a0, 0xb
x10 <- 0x000CCCCCCCCCC800
mem[X,0x0000000080039738] -> 0x0513
mem[X,0x000000008003973A] -> 0x4CC5
[9121] [M]: 0x0000000080039738 (0x4CC50513) addi a0, a0, 0x4cc
x10 <- 0x000CCCCCCCCCCCCC
mem[X,0x000000008003973C] -> 0x1513
mem[X,0x000000008003973E] -> 0x00A5
[9122] [M]: 0x000000008003973C (0x00A51513) slli a0, a0, 0xa
x10 <- 0x3333333333333000
mem[X,0x0000000080039740] -> 0x0513
mem[X,0x0000000080039742] -> 0x3345
[9123] [M]: 0x0000000080039740 (0x33450513) addi a0, a0, 0x334
x10 <- 0x3333333333333334
mem[X,0x0000000080039744] -> 0x55B7
mem[X,0x0000000080039746] -> 0x5555
[9124] [M]: 0x0000000080039744 (0x555555B7) lui a1, 0x55555
x11 <- 0x0000000055555000
mem[X,0x0000000080039748] -> 0x8593
mem[X,0x000000008003974A] -> 0x5555
[9125] [M]: 0x0000000080039748 (0x55558593) addi a1, a1, 0x555
x11 <- 0x0000000055555555
mem[X,0x000000008003974C] -> 0x9593
mem[X,0x000000008003974E] -> 0x00B5
[9126] [M]: 0x000000008003974C (0x00B59593) slli a1, a1, 0xb
x11 <- 0x000002AAAAAAA800
mem[X,0x0000000080039750] -> 0x8593
mem[X,0x0000000080039752] -> 0x2AA5
[9127] [M]: 0x0000000080039750 (0x2AA58593) addi a1, a1, 0x2aa
x11 <- 0x000002AAAAAAAAAA
mem[X,0x0000000080039754] -> 0x9593
mem[X,0x0000000080039756] -> 0x00B5
[9128] [M]: 0x0000000080039754 (0x00B59593) slli a1, a1, 0xb
x11 <- 0x0015555555555000
mem[X,0x0000000080039758] -> 0x8593
mem[X,0x000000008003975A] -> 0x5555
[9129] [M]: 0x0000000080039758 (0x55558593) addi a1, a1, 0x555
x11 <- 0x0015555555555555
mem[X,0x000000008003975C] -> 0x9593
mem[X,0x000000008003975E] -> 0x00A5
[9130] [M]: 0x000000008003975C (0x00A59593) slli a1, a1, 0xa
x11 <- 0x5555555555555400
mem[X,0x0000000080039760] -> 0x8593
mem[X,0x0000000080039762] -> 0x1555
[9131] [M]: 0x0000000080039760 (0x15558593) addi a1, a1, 0x155
x11 <- 0x5555555555555555
mem[X,0x0000000080039764] -> 0x0213
mem[X,0x0000000080039766] -> 0x0000
[9132] [M]: 0x0000000080039764 (0x00000213) addi tp, zero, 0x0
x4 <- 0x0000000000000000
mem[X,0x0000000080039768] -> 0x006F
mem[X,0x000000008003976A] -> 0x00C0
[9133] [M]: 0x0000000080039768 (0x00C0006F) jal zero, 0xc
mem[X,0x0000000080039774] -> 0x0CE3
mem[X,0x0000000080039776] -> 0xFEB5
[9134] [M]: 0x0000000080039774 (0xFEB50CE3) beq a0, a1, -0x8
mem[X,0x0000000080039778] -> 0x0213
mem[X,0x000000008003977A] -> 0x0022
[9135] [M]: 0x0000000080039778 (0x00220213) addi tp, tp, 0x2
x4 <- 0x0000000000000002
mem[X,0x000000008003977C] -> 0x006F
mem[X,0x000000008003977E] -> 0x00C0
[9136] [M]: 0x000000008003977C (0x00C0006F) jal zero, 0xc
mem[X,0x0000000080039788] -> 0x3823
mem[X,0x000000008003978A] -> 0x1441
[9137] [M]: 0x0000000080039788 (0x14413823) sd tp, 0x150(sp)
mem[0x0000000080049318] <- 0x0000000000000002
mem[X,0x000000008003978C] -> 0x3537
mem[X,0x000000008003978E] -> 0x3333
[9138] [M]: 0x000000008003978C (0x33333537) lui a0, 0x33333
x10 <- 0x0000000033333000
mem[X,0x0000000080039790] -> 0x0513
mem[X,0x0000000080039792] -> 0x3335
[9139] [M]: 0x0000000080039790 (0x33350513) addi a0, a0, 0x333
x10 <- 0x0000000033333333
mem[X,0x0000000080039794] -> 0x1513
mem[X,0x0000000080039796] -> 0x00B5
[9140] [M]: 0x0000000080039794 (0x00B51513) slli a0, a0, 0xb
x10 <- 0x0000019999999800
mem[X,0x0000000080039798] -> 0x0513
mem[X,0x000000008003979A] -> 0x1995
[9141] [M]: 0x0000000080039798 (0x19950513) addi a0, a0, 0x199
x10 <- 0x0000019999999999
mem[X,0x000000008003979C] -> 0x1513
mem[X,0x000000008003979E] -> 0x00B5
[9142] [M]: 0x000000008003979C (0x00B51513) slli a0, a0, 0xb
x10 <- 0x000CCCCCCCCCC800
mem[X,0x00000000800397A0] -> 0x0513
mem[X,0x00000000800397A2] -> 0x4CC5
[9143] [M]: 0x00000000800397A0 (0x4CC50513) addi a0, a0, 0x4cc
x10 <- 0x000CCCCCCCCCCCCC
mem[X,0x00000000800397A4] -> 0x1513
mem[X,0x00000000800397A6] -> 0x00A5
[9144] [M]: 0x00000000800397A4 (0x00A51513) slli a0, a0, 0xa
x10 <- 0x3333333333333000
mem[X,0x00000000800397A8] -> 0x0513
mem[X,0x00000000800397AA] -> 0x3345
[9145] [M]: 0x00000000800397A8 (0x33450513) addi a0, a0, 0x334
x10 <- 0x3333333333333334
mem[X,0x00000000800397AC] -> 0xB5B7
mem[X,0x00000000800397AE] -> 0xAAAA
[9146] [M]: 0x00000000800397AC (0xAAAAB5B7) lui a1, -0x55555
x11 <- 0xFFFFFFFFAAAAB000
mem[X,0x00000000800397B0] -> 0x8593
mem[X,0x00000000800397B2] -> 0xAAA5
[9147] [M]: 0x00000000800397B0 (0xAAA58593) addi a1, a1, -0x556
x11 <- 0xFFFFFFFFAAAAAAAA
mem[X,0x00000000800397B4] -> 0x9593
mem[X,0x00000000800397B6] -> 0x00B5
[9148] [M]: 0x00000000800397B4 (0x00B59593) slli a1, a1, 0xb
x11 <- 0xFFFFFD5555555000
mem[X,0x00000000800397B8] -> 0x8593
mem[X,0x00000000800397BA] -> 0x5555
[9149] [M]: 0x00000000800397B8 (0x55558593) addi a1, a1, 0x555
x11 <- 0xFFFFFD5555555555
mem[X,0x00000000800397BC] -> 0x9593
mem[X,0x00000000800397BE] -> 0x00B5
[9150] [M]: 0x00000000800397BC (0x00B59593) slli a1, a1, 0xb
x11 <- 0xFFEAAAAAAAAAA800
mem[X,0x00000000800397C0] -> 0x8593
mem[X,0x00000000800397C2] -> 0x2AA5
[9151] [M]: 0x00000000800397C0 (0x2AA58593) addi a1, a1, 0x2aa
x11 <- 0xFFEAAAAAAAAAAAAA
mem[X,0x00000000800397C4] -> 0x9593
mem[X,0x00000000800397C6] -> 0x00A5
[9152] [M]: 0x00000000800397C4 (0x00A59593) slli a1, a1, 0xa
x11 <- 0xAAAAAAAAAAAAA800
mem[X,0x00000000800397C8] -> 0x8593
mem[X,0x00000000800397CA] -> 0x2AA5
[9153] [M]: 0x00000000800397C8 (0x2AA58593) addi a1, a1, 0x2aa
x11 <- 0xAAAAAAAAAAAAAAAA
mem[X,0x00000000800397CC] -> 0x0213
mem[X,0x00000000800397CE] -> 0x0000
[9154] [M]: 0x00000000800397CC (0x00000213) addi tp, zero, 0x0
x4 <- 0x0000000000000000
mem[X,0x00000000800397D0] -> 0x006F
mem[X,0x00000000800397D2] -> 0x00C0
[9155] [M]: 0x00000000800397D0 (0x00C0006F) jal zero, 0xc
mem[X,0x00000000800397DC] -> 0x0063
mem[X,0x00000000800397DE] -> 0x02B5
[9156] [M]: 0x00000000800397DC (0x02B50063) beq a0, a1, 0x20
mem[X,0x00000000800397E0] -> 0x0213
mem[X,0x00000000800397E2] -> 0x0022
[9157] [M]: 0x00000000800397E0 (0x00220213) addi tp, tp, 0x2
x4 <- 0x0000000000000002
mem[X,0x00000000800397E4] -> 0x006F
mem[X,0x00000000800397E6] -> 0x0200
[9158] [M]: 0x00000000800397E4 (0x0200006F) jal zero, 0x20
mem[X,0x0000000080039804] -> 0x3C23
mem[X,0x0000000080039806] -> 0x1441
[9159] [M]: 0x0000000080039804 (0x14413C23) sd tp, 0x158(sp)
mem[0x0000000080049320] <- 0x0000000000000002
mem[X,0x0000000080039808] -> 0x3537
mem[X,0x000000008003980A] -> 0x3333
[9160] [M]: 0x0000000080039808 (0x33333537) lui a0, 0x33333
x10 <- 0x0000000033333000
mem[X,0x000000008003980C] -> 0x0513
mem[X,0x000000008003980E] -> 0x3335
[9161] [M]: 0x000000008003980C (0x33350513) addi a0, a0, 0x333
x10 <- 0x0000000033333333
mem[X,0x0000000080039810] -> 0x1513
mem[X,0x0000000080039812] -> 0x00B5
[9162] [M]: 0x0000000080039810 (0x00B51513) slli a0, a0, 0xb
x10 <- 0x0000019999999800
mem[X,0x0000000080039814] -> 0x0513
mem[X,0x0000000080039816] -> 0x1995
[9163] [M]: 0x0000000080039814 (0x19950513) addi a0, a0, 0x199
x10 <- 0x0000019999999999
mem[X,0x0000000080039818] -> 0x1513
mem[X,0x000000008003981A] -> 0x00B5
[9164] [M]: 0x0000000080039818 (0x00B51513) slli a0, a0, 0xb
x10 <- 0x000CCCCCCCCCC800
mem[X,0x000000008003981C] -> 0x0513
mem[X,0x000000008003981E] -> 0x4CC5
[9165] [M]: 0x000000008003981C (0x4CC50513) addi a0, a0, 0x4cc
x10 <- 0x000CCCCCCCCCCCCC
mem[X,0x0000000080039820] -> 0x1513
mem[X,0x0000000080039822] -> 0x00A5
[9166] [M]: 0x0000000080039820 (0x00A51513) slli a0, a0, 0xa
x10 <- 0x3333333333333000
mem[X,0x0000000080039824] -> 0x0513
mem[X,0x0000000080039826] -> 0x3345
[9167] [M]: 0x0000000080039824 (0x33450513) addi a0, a0, 0x334
x10 <- 0x3333333333333334
mem[X,0x0000000080039828] -> 0x0593
mem[X,0x000000008003982A] -> 0x0050
[9168] [M]: 0x0000000080039828 (0x00500593) addi a1, zero, 0x5
x11 <- 0x0000000000000005
mem[X,0x000000008003982C] -> 0x0213
mem[X,0x000000008003982E] -> 0x0000
[9169] [M]: 0x000000008003982C (0x00000213) addi tp, zero, 0x0
x4 <- 0x0000000000000000
mem[X,0x0000000080039830] -> 0x006F
mem[X,0x0000000080039832] -> 0x00C0
[9170] [M]: 0x0000000080039830 (0x00C0006F) jal zero, 0xc
mem[X,0x000000008003983C] -> 0x0863
mem[X,0x000000008003983E] -> 0x00B5
[9171] [M]: 0x000000008003983C (0x00B50863) beq a0, a1, 0x10
mem[X,0x0000000080039840] -> 0x0213
mem[X,0x0000000080039842] -> 0x0022
[9172] [M]: 0x0000000080039840 (0x00220213) addi tp, tp, 0x2
x4 <- 0x0000000000000002
mem[X,0x0000000080039844] -> 0x006F
mem[X,0x0000000080039846] -> 0x0100
[9173] [M]: 0x0000000080039844 (0x0100006F) jal zero, 0x10
mem[X,0x0000000080039854] -> 0x3023
mem[X,0x0000000080039856] -> 0x1641
[9174] [M]: 0x0000000080039854 (0x16413023) sd tp, 0x160(sp)
mem[0x0000000080049328] <- 0x0000000000000002
mem[X,0x0000000080039858] -> 0x3537
mem[X,0x000000008003985A] -> 0x3333
[9175] [M]: 0x0000000080039858 (0x33333537) lui a0, 0x33333
x10 <- 0x0000000033333000
mem[X,0x000000008003985C] -> 0x0513
mem[X,0x000000008003985E] -> 0x3335
[9176] [M]: 0x000000008003985C (0x33350513) addi a0, a0, 0x333
x10 <- 0x0000000033333333
mem[X,0x0000000080039860] -> 0x1513
mem[X,0x0000000080039862] -> 0x00B5
[9177] [M]: 0x0000000080039860 (0x00B51513) slli a0, a0, 0xb
x10 <- 0x0000019999999800
mem[X,0x0000000080039864] -> 0x0513
mem[X,0x0000000080039866] -> 0x1995
[9178] [M]: 0x0000000080039864 (0x19950513) addi a0, a0, 0x199
x10 <- 0x0000019999999999
mem[X,0x0000000080039868] -> 0x1513
mem[X,0x000000008003986A] -> 0x00B5
[9179] [M]: 0x0000000080039868 (0x00B51513) slli a0, a0, 0xb
x10 <- 0x000CCCCCCCCCC800
mem[X,0x000000008003986C] -> 0x0513
mem[X,0x000000008003986E] -> 0x4CC5
[9180] [M]: 0x000000008003986C (0x4CC50513) addi a0, a0, 0x4cc
x10 <- 0x000CCCCCCCCCCCCC
mem[X,0x0000000080039870] -> 0x1513
mem[X,0x0000000080039872] -> 0x00A5
[9181] [M]: 0x0000000080039870 (0x00A51513) slli a0, a0, 0xa
x10 <- 0x3333333333333000
mem[X,0x0000000080039874] -> 0x0513
mem[X,0x0000000080039876] -> 0x3345
[9182] [M]: 0x0000000080039874 (0x33450513) addi a0, a0, 0x334
x10 <- 0x3333333333333334
mem[X,0x0000000080039878] -> 0x35B7
mem[X,0x000000008003987A] -> 0x3333
[9183] [M]: 0x0000000080039878 (0x333335B7) lui a1, 0x33333
x11 <- 0x0000000033333000
mem[X,0x000000008003987C] -> 0x8593
mem[X,0x000000008003987E] -> 0x3335
[9184] [M]: 0x000000008003987C (0x33358593) addi a1, a1, 0x333
x11 <- 0x0000000033333333
mem[X,0x0000000080039880] -> 0x9593
mem[X,0x0000000080039882] -> 0x00B5
[9185] [M]: 0x0000000080039880 (0x00B59593) slli a1, a1, 0xb
x11 <- 0x0000019999999800
mem[X,0x0000000080039884] -> 0x8593
mem[X,0x0000000080039886] -> 0x1995
[9186] [M]: 0x0000000080039884 (0x19958593) addi a1, a1, 0x199
x11 <- 0x0000019999999999
mem[X,0x0000000080039888] -> 0x9593
mem[X,0x000000008003988A] -> 0x00B5
[9187] [M]: 0x0000000080039888 (0x00B59593) slli a1, a1, 0xb
x11 <- 0x000CCCCCCCCCC800
mem[X,0x000000008003988C] -> 0x8593
mem[X,0x000000008003988E] -> 0x4CC5
[9188] [M]: 0x000000008003988C (0x4CC58593) addi a1, a1, 0x4cc
x11 <- 0x000CCCCCCCCCCCCC
mem[X,0x0000000080039890] -> 0x9593
mem[X,0x0000000080039892] -> 0x00A5
[9189] [M]: 0x0000000080039890 (0x00A59593) slli a1, a1, 0xa
x11 <- 0x3333333333333000
mem[X,0x0000000080039894] -> 0x8593
mem[X,0x0000000080039896] -> 0x3335
[9190] [M]: 0x0000000080039894 (0x33358593) addi a1, a1, 0x333
x11 <- 0x3333333333333333
mem[X,0x0000000080039898] -> 0x0213
mem[X,0x000000008003989A] -> 0x0000
[9191] [M]: 0x0000000080039898 (0x00000213) addi tp, zero, 0x0
x4 <- 0x0000000000000000
mem[X,0x000000008003989C] -> 0x006F
mem[X,0x000000008003989E] -> 0x00C0
[9192] [M]: 0x000000008003989C (0x00C0006F) jal zero, 0xc
mem[X,0x00000000800398A8] -> 0x0CE3
mem[X,0x00000000800398AA] -> 0xFEB5
[9193] [M]: 0x00000000800398A8 (0xFEB50CE3) beq a0, a1, -0x8
mem[X,0x00000000800398AC] -> 0x0213
mem[X,0x00000000800398AE] -> 0x0022
[9194] [M]: 0x00000000800398AC (0x00220213) addi tp, tp, 0x2
x4 <- 0x0000000000000002
mem[X,0x00000000800398B0] -> 0x006F
mem[X,0x00000000800398B2] -> 0x00C0
[9195] [M]: 0x00000000800398B0 (0x00C0006F) jal zero, 0xc
mem[X,0x00000000800398BC] -> 0x3423
mem[X,0x00000000800398BE] -> 0x1641
[9196] [M]: 0x00000000800398BC (0x16413423) sd tp, 0x168(sp)
mem[0x0000000080049330] <- 0x0000000000000002
mem[X,0x00000000800398C0] -> 0x3537
mem[X,0x00000000800398C2] -> 0x3333
[9197] [M]: 0x00000000800398C0 (0x33333537) lui a0, 0x33333
x10 <- 0x0000000033333000
mem[X,0x00000000800398C4] -> 0x0513
mem[X,0x00000000800398C6] -> 0x3335
[9198] [M]: 0x00000000800398C4 (0x33350513) addi a0, a0, 0x333
x10 <- 0x0000000033333333
mem[X,0x00000000800398C8] -> 0x1513
mem[X,0x00000000800398CA] -> 0x00B5
[9199] [M]: 0x00000000800398C8 (0x00B51513) slli a0, a0, 0xb
x10 <- 0x0000019999999800
clint::tick mtime <- 0x000000000000005C
 clint timer pending at mtime 0x000000000000005C
htif::tick 0x0000000000000000
mem[X,0x00000000800398CC] -> 0x0513
mem[X,0x00000000800398CE] -> 0x1995
[9200] [M]: 0x00000000800398CC (0x19950513) addi a0, a0, 0x199
x10 <- 0x0000019999999999
mem[X,0x00000000800398D0] -> 0x1513
mem[X,0x00000000800398D2] -> 0x00B5
[9201] [M]: 0x00000000800398D0 (0x00B51513) slli a0, a0, 0xb
x10 <- 0x000CCCCCCCCCC800
mem[X,0x00000000800398D4] -> 0x0513
mem[X,0x00000000800398D6] -> 0x4CC5
[9202] [M]: 0x00000000800398D4 (0x4CC50513) addi a0, a0, 0x4cc
x10 <- 0x000CCCCCCCCCCCCC
mem[X,0x00000000800398D8] -> 0x1513
mem[X,0x00000000800398DA] -> 0x00A5
[9203] [M]: 0x00000000800398D8 (0x00A51513) slli a0, a0, 0xa
x10 <- 0x3333333333333000
mem[X,0x00000000800398DC] -> 0x0513
mem[X,0x00000000800398DE] -> 0x3345
[9204] [M]: 0x00000000800398DC (0x33450513) addi a0, a0, 0x334
x10 <- 0x3333333333333334
mem[X,0x00000000800398E0] -> 0x65B7
mem[X,0x00000000800398E2] -> 0x6666
[9205] [M]: 0x00000000800398E0 (0x666665B7) lui a1, 0x66666
x11 <- 0x0000000066666000
mem[X,0x00000000800398E4] -> 0x8593
mem[X,0x00000000800398E6] -> 0x6665
[9206] [M]: 0x00000000800398E4 (0x66658593) addi a1, a1, 0x666
x11 <- 0x0000000066666666
mem[X,0x00000000800398E8] -> 0x9593
mem[X,0x00000000800398EA] -> 0x00B5
[9207] [M]: 0x00000000800398E8 (0x00B59593) slli a1, a1, 0xb
x11 <- 0x0000033333333000
mem[X,0x00000000800398EC] -> 0x8593
mem[X,0x00000000800398EE] -> 0x3335
[9208] [M]: 0x00000000800398EC (0x33358593) addi a1, a1, 0x333
x11 <- 0x0000033333333333
mem[X,0x00000000800398F0] -> 0x9593
mem[X,0x00000000800398F2] -> 0x00B5
[9209] [M]: 0x00000000800398F0 (0x00B59593) slli a1, a1, 0xb
x11 <- 0x0019999999999800
mem[X,0x00000000800398F4] -> 0x8593
mem[X,0x00000000800398F6] -> 0x1995
[9210] [M]: 0x00000000800398F4 (0x19958593) addi a1, a1, 0x199
x11 <- 0x0019999999999999
mem[X,0x00000000800398F8] -> 0x9593
mem[X,0x00000000800398FA] -> 0x00A5
[9211] [M]: 0x00000000800398F8 (0x00A59593) slli a1, a1, 0xa
x11 <- 0x6666666666666400
mem[X,0x00000000800398FC] -> 0x8593
mem[X,0x00000000800398FE] -> 0x2665
[9212] [M]: 0x00000000800398FC (0x26658593) addi a1, a1, 0x266
x11 <- 0x6666666666666666
mem[X,0x0000000080039900] -> 0x0213
mem[X,0x0000000080039902] -> 0x0000
[9213] [M]: 0x0000000080039900 (0x00000213) addi tp, zero, 0x0
x4 <- 0x0000000000000000
mem[X,0x0000000080039904] -> 0x006F
mem[X,0x0000000080039906] -> 0x2B10
[9214] [M]: 0x0000000080039904 (0x2B10006F) jal zero, 0xab0
mem[X,0x000000008003A3B4] -> 0x0A63
mem[X,0x000000008003A3B6] -> 0xD4B5
[9215] [M]: 0x000000008003A3B4 (0xD4B50A63) beq a0, a1, -0xaac
mem[X,0x000000008003A3B8] -> 0x0213
mem[X,0x000000008003A3BA] -> 0x0022
[9216] [M]: 0x000000008003A3B8 (0x00220213) addi tp, tp, 0x2
x4 <- 0x0000000000000002
mem[X,0x000000008003A3BC] -> 0x006F
mem[X,0x000000008003A3BE] -> 0x00C0
[9217] [M]: 0x000000008003A3BC (0x00C0006F) jal zero, 0xc
mem[X,0x000000008003A3C8] -> 0x3823
mem[X,0x000000008003A3CA] -> 0x1641
[9218] [M]: 0x000000008003A3C8 (0x16413823) sd tp, 0x170(sp)
mem[0x0000000080049338] <- 0x0000000000000002
mem[X,0x000000008003A3CC] -> 0x3537
mem[X,0x000000008003A3CE] -> 0x3333
[9219] [M]: 0x000000008003A3CC (0x33333537) lui a0, 0x33333
x10 <- 0x0000000033333000
mem[X,0x000000008003A3D0] -> 0x0513
mem[X,0x000000008003A3D2] -> 0x3335
[9220] [M]: 0x000000008003A3D0 (0x33350513) addi a0, a0, 0x333
x10 <- 0x0000000033333333
mem[X,0x000000008003A3D4] -> 0x1513
mem[X,0x000000008003A3D6] -> 0x00B5
[9221] [M]: 0x000000008003A3D4 (0x00B51513) slli a0, a0, 0xb
x10 <- 0x0000019999999800
mem[X,0x000000008003A3D8] -> 0x0513
mem[X,0x000000008003A3DA] -> 0x1995
[9222] [M]: 0x000000008003A3D8 (0x19950513) addi a0, a0, 0x199
x10 <- 0x0000019999999999
mem[X,0x000000008003A3DC] -> 0x1513
mem[X,0x000000008003A3DE] -> 0x00B5
[9223] [M]: 0x000000008003A3DC (0x00B51513) slli a0, a0, 0xb
x10 <- 0x000CCCCCCCCCC800
mem[X,0x000000008003A3E0] -> 0x0513
mem[X,0x000000008003A3E2] -> 0x4CC5
[9224] [M]: 0x000000008003A3E0 (0x4CC50513) addi a0, a0, 0x4cc
x10 <- 0x000CCCCCCCCCCCCC
mem[X,0x000000008003A3E4] -> 0x1513
mem[X,0x000000008003A3E6] -> 0x00A5
[9225] [M]: 0x000000008003A3E4 (0x00A51513) slli a0, a0, 0xa
x10 <- 0x3333333333333000
mem[X,0x000000008003A3E8] -> 0x0513
mem[X,0x000000008003A3EA] -> 0x3345
[9226] [M]: 0x000000008003A3E8 (0x33450513) addi a0, a0, 0x334
x10 <- 0x3333333333333334
mem[X,0x000000008003A3EC] -> 0x05B7
mem[X,0x000000008003A3EE] -> 0x0000
[9227] [M]: 0x000000008003A3EC (0x000005B7) lui a1, 0x0
x11 <- 0x0000000000000000
mem[X,0x000000008003A3F0] -> 0x8593
mem[X,0x000000008003A3F2] -> 0xFFF5
[9228] [M]: 0x000000008003A3F0 (0xFFF58593) addi a1, a1, -0x1
x11 <- 0xFFFFFFFFFFFFFFFF
mem[X,0x000000008003A3F4] -> 0x9593
mem[X,0x000000008003A3F6] -> 0x00B5
[9229] [M]: 0x000000008003A3F4 (0x00B59593) slli a1, a1, 0xb
x11 <- 0xFFFFFFFFFFFFF800
mem[X,0x000000008003A3F8] -> 0x8593
mem[X,0x000000008003A3FA] -> 0x2575
[9230] [M]: 0x000000008003A3F8 (0x25758593) addi a1, a1, 0x257
x11 <- 0xFFFFFFFFFFFFFA57
mem[X,0x000000008003A3FC] -> 0x9593
mem[X,0x000000008003A3FE] -> 0x00B5
[9231] [M]: 0x000000008003A3FC (0x00B59593) slli a1, a1, 0xb
x11 <- 0xFFFFFFFFFFD2B800
mem[X,0x000000008003A400] -> 0x8593
mem[X,0x000000008003A402] -> 0x6C35
[9232] [M]: 0x000000008003A400 (0x6C358593) addi a1, a1, 0x6c3
x11 <- 0xFFFFFFFFFFD2BEC3
mem[X,0x000000008003A404] -> 0x9593
mem[X,0x000000008003A406] -> 0x00A5
[9233] [M]: 0x000000008003A404 (0x00A59593) slli a1, a1, 0xa
x11 <- 0xFFFFFFFF4AFB0C00
mem[X,0x000000008003A408] -> 0x8593
mem[X,0x000000008003A40A] -> 0x0CD5
[9234] [M]: 0x000000008003A408 (0x0CD58593) addi a1, a1, 0xcd
x11 <- 0xFFFFFFFF4AFB0CCD
mem[X,0x000000008003A40C] -> 0x0213
mem[X,0x000000008003A40E] -> 0x0000
[9235] [M]: 0x000000008003A40C (0x00000213) addi tp, zero, 0x0
x4 <- 0x0000000000000000
mem[X,0x000000008003A410] -> 0x006F
mem[X,0x000000008003A412] -> 0x00C0
[9236] [M]: 0x000000008003A410 (0x00C0006F) jal zero, 0xc
mem[X,0x000000008003A41C] -> 0x0CE3
mem[X,0x000000008003A41E] -> 0xFEB5
[9237] [M]: 0x000000008003A41C (0xFEB50CE3) beq a0, a1, -0x8
mem[X,0x000000008003A420] -> 0x0213
mem[X,0x000000008003A422] -> 0x0022
[9238] [M]: 0x000000008003A420 (0x00220213) addi tp, tp, 0x2
x4 <- 0x0000000000000002
mem[X,0x000000008003A424] -> 0x006F
mem[X,0x000000008003A426] -> 0x00C0
[9239] [M]: 0x000000008003A424 (0x00C0006F) jal zero, 0xc
mem[X,0x000000008003A430] -> 0x3C23
mem[X,0x000000008003A432] -> 0x1641
[9240] [M]: 0x000000008003A430 (0x16413C23) sd tp, 0x178(sp)
mem[0x0000000080049340] <- 0x0000000000000002
mem[X,0x000000008003A434] -> 0x3537
mem[X,0x000000008003A436] -> 0x3333
[9241] [M]: 0x000000008003A434 (0x33333537) lui a0, 0x33333
x10 <- 0x0000000033333000
mem[X,0x000000008003A438] -> 0x0513
mem[X,0x000000008003A43A] -> 0x3335
[9242] [M]: 0x000000008003A438 (0x33350513) addi a0, a0, 0x333
x10 <- 0x0000000033333333
mem[X,0x000000008003A43C] -> 0x1513
mem[X,0x000000008003A43E] -> 0x00B5
[9243] [M]: 0x000000008003A43C (0x00B51513) slli a0, a0, 0xb
x10 <- 0x0000019999999800
mem[X,0x000000008003A440] -> 0x0513
mem[X,0x000000008003A442] -> 0x1995
[9244] [M]: 0x000000008003A440 (0x19950513) addi a0, a0, 0x199
x10 <- 0x0000019999999999
mem[X,0x000000008003A444] -> 0x1513
mem[X,0x000000008003A446] -> 0x00B5
[9245] [M]: 0x000000008003A444 (0x00B51513) slli a0, a0, 0xb
x10 <- 0x000CCCCCCCCCC800
mem[X,0x000000008003A448] -> 0x0513
mem[X,0x000000008003A44A] -> 0x4CC5
[9246] [M]: 0x000000008003A448 (0x4CC50513) addi a0, a0, 0x4cc
x10 <- 0x000CCCCCCCCCCCCC
mem[X,0x000000008003A44C] -> 0x1513
mem[X,0x000000008003A44E] -> 0x00A5
[9247] [M]: 0x000000008003A44C (0x00A51513) slli a0, a0, 0xa
x10 <- 0x3333333333333000
mem[X,0x000000008003A450] -> 0x0513
mem[X,0x000000008003A452] -> 0x3345
[9248] [M]: 0x000000008003A450 (0x33450513) addi a0, a0, 0x334
x10 <- 0x3333333333333334
mem[X,0x000000008003A454] -> 0x05B7
mem[X,0x000000008003A456] -> 0x0000
[9249] [M]: 0x000000008003A454 (0x000005B7) lui a1, 0x0
x11 <- 0x0000000000000000
mem[X,0x000000008003A458] -> 0x8593
mem[X,0x000000008003A45A] -> 0x0005
[9250] [M]: 0x000000008003A458 (0x00058593) addi a1, a1, 0x0
x11 <- 0x0000000000000000
mem[X,0x000000008003A45C] -> 0x9593
mem[X,0x000000008003A45E] -> 0x00B5
[9251] [M]: 0x000000008003A45C (0x00B59593) slli a1, a1, 0xb
x11 <- 0x0000000000000000
mem[X,0x000000008003A460] -> 0x8593
mem[X,0x000000008003A462] -> 0x5A85
[9252] [M]: 0x000000008003A460 (0x5A858593) addi a1, a1, 0x5a8
x11 <- 0x00000000000005A8
mem[X,0x000000008003A464] -> 0x9593
mem[X,0x000000008003A466] -> 0x00B5
[9253] [M]: 0x000000008003A464 (0x00B59593) slli a1, a1, 0xb
x11 <- 0x00000000002D4000
mem[X,0x000000008003A468] -> 0x8593
mem[X,0x000000008003A46A] -> 0x13C5
[9254] [M]: 0x000000008003A468 (0x13C58593) addi a1, a1, 0x13c
x11 <- 0x00000000002D413C
mem[X,0x000000008003A46C] -> 0x9593
mem[X,0x000000008003A46E] -> 0x00A5
[9255] [M]: 0x000000008003A46C (0x00A59593) slli a1, a1, 0xa
x11 <- 0x00000000B504F000
mem[X,0x000000008003A470] -> 0x8593
mem[X,0x000000008003A472] -> 0x3335
[9256] [M]: 0x000000008003A470 (0x33358593) addi a1, a1, 0x333
x11 <- 0x00000000B504F333
mem[X,0x000000008003A474] -> 0x0213
mem[X,0x000000008003A476] -> 0x0000
[9257] [M]: 0x000000008003A474 (0x00000213) addi tp, zero, 0x0
x4 <- 0x0000000000000000
mem[X,0x000000008003A478] -> 0x006F
mem[X,0x000000008003A47A] -> 0x0180
[9258] [M]: 0x000000008003A478 (0x0180006F) jal zero, 0x18
mem[X,0x000000008003A490] -> 0x06E3
mem[X,0x000000008003A492] -> 0xFEB5
[9259] [M]: 0x000000008003A490 (0xFEB506E3) beq a0, a1, -0x14
mem[X,0x000000008003A494] -> 0x0213
mem[X,0x000000008003A496] -> 0x0022
[9260] [M]: 0x000000008003A494 (0x00220213) addi tp, tp, 0x2
x4 <- 0x0000000000000002
mem[X,0x000000008003A498] -> 0x006F
mem[X,0x000000008003A49A] -> 0x00C0
[9261] [M]: 0x000000008003A498 (0x00C0006F) jal zero, 0xc
mem[X,0x000000008003A4A4] -> 0x3023
mem[X,0x000000008003A4A6] -> 0x1841
[9262] [M]: 0x000000008003A4A4 (0x18413023) sd tp, 0x180(sp)
mem[0x0000000080049348] <- 0x0000000000000002
mem[X,0x000000008003A4A8] -> 0x3537
mem[X,0x000000008003A4AA] -> 0x3333
[9263] [M]: 0x000000008003A4A8 (0x33333537) lui a0, 0x33333
x10 <- 0x0000000033333000
mem[X,0x000000008003A4AC] -> 0x0513
mem[X,0x000000008003A4AE] -> 0x3335
[9264] [M]: 0x000000008003A4AC (0x33350513) addi a0, a0, 0x333
x10 <- 0x0000000033333333
mem[X,0x000000008003A4B0] -> 0x1513
mem[X,0x000000008003A4B2] -> 0x00B5
[9265] [M]: 0x000000008003A4B0 (0x00B51513) slli a0, a0, 0xb
x10 <- 0x0000019999999800
mem[X,0x000000008003A4B4] -> 0x0513
mem[X,0x000000008003A4B6] -> 0x1995
[9266] [M]: 0x000000008003A4B4 (0x19950513) addi a0, a0, 0x199
x10 <- 0x0000019999999999
mem[X,0x000000008003A4B8] -> 0x1513
mem[X,0x000000008003A4BA] -> 0x00B5
[9267] [M]: 0x000000008003A4B8 (0x00B51513) slli a0, a0, 0xb
x10 <- 0x000CCCCCCCCCC800
mem[X,0x000000008003A4BC] -> 0x0513
mem[X,0x000000008003A4BE] -> 0x4CC5
[9268] [M]: 0x000000008003A4BC (0x4CC50513) addi a0, a0, 0x4cc
x10 <- 0x000CCCCCCCCCCCCC
mem[X,0x000000008003A4C0] -> 0x1513
mem[X,0x000000008003A4C2] -> 0x00A5
[9269] [M]: 0x000000008003A4C0 (0x00A51513) slli a0, a0, 0xa
x10 <- 0x3333333333333000
mem[X,0x000000008003A4C4] -> 0x0513
mem[X,0x000000008003A4C6] -> 0x3345
[9270] [M]: 0x000000008003A4C4 (0x33450513) addi a0, a0, 0x334
x10 <- 0x3333333333333334
mem[X,0x000000008003A4C8] -> 0x0593
mem[X,0x000000008003A4CA] -> 0x0020
[9271] [M]: 0x000000008003A4C8 (0x00200593) addi a1, zero, 0x2
x11 <- 0x0000000000000002
mem[X,0x000000008003A4CC] -> 0x0213
mem[X,0x000000008003A4CE] -> 0x0000
[9272] [M]: 0x000000008003A4CC (0x00000213) addi tp, zero, 0x0
x4 <- 0x0000000000000000
mem[X,0x000000008003A4D0] -> 0x006F
mem[X,0x000000008003A4D2] -> 0x00C0
[9273] [M]: 0x000000008003A4D0 (0x00C0006F) jal zero, 0xc
mem[X,0x000000008003A4DC] -> 0x0663
mem[X,0x000000008003A4DE] -> 0x00B5
[9274] [M]: 0x000000008003A4DC (0x00B50663) beq a0, a1, 0xc
mem[X,0x000000008003A4E0] -> 0x0213
mem[X,0x000000008003A4E2] -> 0x0022
[9275] [M]: 0x000000008003A4E0 (0x00220213) addi tp, tp, 0x2
x4 <- 0x0000000000000002
mem[X,0x000000008003A4E4] -> 0x006F
mem[X,0x000000008003A4E6] -> 0x00C0
[9276] [M]: 0x000000008003A4E4 (0x00C0006F) jal zero, 0xc
mem[X,0x000000008003A4F0] -> 0x3423
mem[X,0x000000008003A4F2] -> 0x1841
[9277] [M]: 0x000000008003A4F0 (0x18413423) sd tp, 0x188(sp)
mem[0x0000000080049350] <- 0x0000000000000002
mem[X,0x000000008003A4F4] -> 0x3537
mem[X,0x000000008003A4F6] -> 0x3333
[9278] [M]: 0x000000008003A4F4 (0x33333537) lui a0, 0x33333
x10 <- 0x0000000033333000
mem[X,0x000000008003A4F8] -> 0x0513
mem[X,0x000000008003A4FA] -> 0x3335
[9279] [M]: 0x000000008003A4F8 (0x33350513) addi a0, a0, 0x333
x10 <- 0x0000000033333333
mem[X,0x000000008003A4FC] -> 0x1513
mem[X,0x000000008003A4FE] -> 0x00B5
[9280] [M]: 0x000000008003A4FC (0x00B51513) slli a0, a0, 0xb
x10 <- 0x0000019999999800
mem[X,0x000000008003A500] -> 0x0513
mem[X,0x000000008003A502] -> 0x1995
[9281] [M]: 0x000000008003A500 (0x19950513) addi a0, a0, 0x199
x10 <- 0x0000019999999999
mem[X,0x000000008003A504] -> 0x1513
mem[X,0x000000008003A506] -> 0x00B5
[9282] [M]: 0x000000008003A504 (0x00B51513) slli a0, a0, 0xb
x10 <- 0x000CCCCCCCCCC800
mem[X,0x000000008003A508] -> 0x0513
mem[X,0x000000008003A50A] -> 0x4CC5
[9283] [M]: 0x000000008003A508 (0x4CC50513) addi a0, a0, 0x4cc
x10 <- 0x000CCCCCCCCCCCCC
mem[X,0x000000008003A50C] -> 0x1513
mem[X,0x000000008003A50E] -> 0x00A5
[9284] [M]: 0x000000008003A50C (0x00A51513) slli a0, a0, 0xa
x10 <- 0x3333333333333000
mem[X,0x000000008003A510] -> 0x0513
mem[X,0x000000008003A512] -> 0x3345
[9285] [M]: 0x000000008003A510 (0x33450513) addi a0, a0, 0x334
x10 <- 0x3333333333333334
mem[X,0x000000008003A514] -> 0x55B7
mem[X,0x000000008003A516] -> 0x5555
[9286] [M]: 0x000000008003A514 (0x555555B7) lui a1, 0x55555
x11 <- 0x0000000055555000
mem[X,0x000000008003A518] -> 0x8593
mem[X,0x000000008003A51A] -> 0x5555
[9287] [M]: 0x000000008003A518 (0x55558593) addi a1, a1, 0x555
x11 <- 0x0000000055555555
mem[X,0x000000008003A51C] -> 0x9593
mem[X,0x000000008003A51E] -> 0x00B5
[9288] [M]: 0x000000008003A51C (0x00B59593) slli a1, a1, 0xb
x11 <- 0x000002AAAAAAA800
mem[X,0x000000008003A520] -> 0x8593
mem[X,0x000000008003A522] -> 0x2AA5
[9289] [M]: 0x000000008003A520 (0x2AA58593) addi a1, a1, 0x2aa
x11 <- 0x000002AAAAAAAAAA
mem[X,0x000000008003A524] -> 0x9593
mem[X,0x000000008003A526] -> 0x00B5
[9290] [M]: 0x000000008003A524 (0x00B59593) slli a1, a1, 0xb
x11 <- 0x0015555555555000
mem[X,0x000000008003A528] -> 0x8593
mem[X,0x000000008003A52A] -> 0x5555
[9291] [M]: 0x000000008003A528 (0x55558593) addi a1, a1, 0x555
x11 <- 0x0015555555555555
mem[X,0x000000008003A52C] -> 0x9593
mem[X,0x000000008003A52E] -> 0x00A5
[9292] [M]: 0x000000008003A52C (0x00A59593) slli a1, a1, 0xa
x11 <- 0x5555555555555400
mem[X,0x000000008003A530] -> 0x8593
mem[X,0x000000008003A532] -> 0x1545
[9293] [M]: 0x000000008003A530 (0x15458593) addi a1, a1, 0x154
x11 <- 0x5555555555555554
mem[X,0x000000008003A534] -> 0x0213
mem[X,0x000000008003A536] -> 0x0000
[9294] [M]: 0x000000008003A534 (0x00000213) addi tp, zero, 0x0
x4 <- 0x0000000000000000
mem[X,0x000000008003A538] -> 0x006F
mem[X,0x000000008003A53A] -> 0x00C0
[9295] [M]: 0x000000008003A538 (0x00C0006F) jal zero, 0xc
mem[X,0x000000008003A544] -> 0x0063
mem[X,0x000000008003A546] -> 0x04B5
[9296] [M]: 0x000000008003A544 (0x04B50063) beq a0, a1, 0x40
mem[X,0x000000008003A548] -> 0x0213
mem[X,0x000000008003A54A] -> 0x0022
[9297] [M]: 0x000000008003A548 (0x00220213) addi tp, tp, 0x2
x4 <- 0x0000000000000002
mem[X,0x000000008003A54C] -> 0x006F
mem[X,0x000000008003A54E] -> 0x0400
[9298] [M]: 0x000000008003A54C (0x0400006F) jal zero, 0x40
mem[X,0x000000008003A58C] -> 0x3823
mem[X,0x000000008003A58E] -> 0x1841
[9299] [M]: 0x000000008003A58C (0x18413823) sd tp, 0x190(sp)
mem[0x0000000080049358] <- 0x0000000000000002
clint::tick mtime <- 0x000000000000005D
 clint timer pending at mtime 0x000000000000005D
htif::tick 0x0000000000000000
mem[X,0x000000008003A590] -> 0x3537
mem[X,0x000000008003A592] -> 0x3333
[9300] [M]: 0x000000008003A590 (0x33333537) lui a0, 0x33333
x10 <- 0x0000000033333000
mem[X,0x000000008003A594] -> 0x0513
mem[X,0x000000008003A596] -> 0x3335
[9301] [M]: 0x000000008003A594 (0x33350513) addi a0, a0, 0x333
x10 <- 0x0000000033333333
mem[X,0x000000008003A598] -> 0x1513
mem[X,0x000000008003A59A] -> 0x00B5
[9302] [M]: 0x000000008003A598 (0x00B51513) slli a0, a0, 0xb
x10 <- 0x0000019999999800
mem[X,0x000000008003A59C] -> 0x0513
mem[X,0x000000008003A59E] -> 0x1995
[9303] [M]: 0x000000008003A59C (0x19950513) addi a0, a0, 0x199
x10 <- 0x0000019999999999
mem[X,0x000000008003A5A0] -> 0x1513
mem[X,0x000000008003A5A2] -> 0x00B5
[9304] [M]: 0x000000008003A5A0 (0x00B51513) slli a0, a0, 0xb
x10 <- 0x000CCCCCCCCCC800
mem[X,0x000000008003A5A4] -> 0x0513
mem[X,0x000000008003A5A6] -> 0x4CC5
[9305] [M]: 0x000000008003A5A4 (0x4CC50513) addi a0, a0, 0x4cc
x10 <- 0x000CCCCCCCCCCCCC
mem[X,0x000000008003A5A8] -> 0x1513
mem[X,0x000000008003A5AA] -> 0x00A5
[9306] [M]: 0x000000008003A5A8 (0x00A51513) slli a0, a0, 0xa
x10 <- 0x3333333333333000
mem[X,0x000000008003A5AC] -> 0x0513
mem[X,0x000000008003A5AE] -> 0x3345
[9307] [M]: 0x000000008003A5AC (0x33450513) addi a0, a0, 0x334
x10 <- 0x3333333333333334
mem[X,0x000000008003A5B0] -> 0x0593
mem[X,0x000000008003A5B2] -> 0x0000
[9308] [M]: 0x000000008003A5B0 (0x00000593) addi a1, zero, 0x0
x11 <- 0x0000000000000000
mem[X,0x000000008003A5B4] -> 0x0213
mem[X,0x000000008003A5B6] -> 0x0000
[9309] [M]: 0x000000008003A5B4 (0x00000213) addi tp, zero, 0x0
x4 <- 0x0000000000000000
mem[X,0x000000008003A5B8] -> 0x006F
mem[X,0x000000008003A5BA] -> 0x00C0
[9310] [M]: 0x000000008003A5B8 (0x00C0006F) jal zero, 0xc
mem[X,0x000000008003A5C4] -> 0x0663
mem[X,0x000000008003A5C6] -> 0x00B5
[9311] [M]: 0x000000008003A5C4 (0x00B50663) beq a0, a1, 0xc
mem[X,0x000000008003A5C8] -> 0x0213
mem[X,0x000000008003A5CA] -> 0x0022
[9312] [M]: 0x000000008003A5C8 (0x00220213) addi tp, tp, 0x2
x4 <- 0x0000000000000002
mem[X,0x000000008003A5CC] -> 0x006F
mem[X,0x000000008003A5CE] -> 0x00C0
[9313] [M]: 0x000000008003A5CC (0x00C0006F) jal zero, 0xc
mem[X,0x000000008003A5D8] -> 0x3C23
mem[X,0x000000008003A5DA] -> 0x1841
[9314] [M]: 0x000000008003A5D8 (0x18413C23) sd tp, 0x198(sp)
mem[0x0000000080049360] <- 0x0000000000000002
mem[X,0x000000008003A5DC] -> 0x3537
mem[X,0x000000008003A5DE] -> 0x3333
[9315] [M]: 0x000000008003A5DC (0x33333537) lui a0, 0x33333
x10 <- 0x0000000033333000
mem[X,0x000000008003A5E0] -> 0x0513
mem[X,0x000000008003A5E2] -> 0x3335
[9316] [M]: 0x000000008003A5E0 (0x33350513) addi a0, a0, 0x333
x10 <- 0x0000000033333333
mem[X,0x000000008003A5E4] -> 0x1513
mem[X,0x000000008003A5E6] -> 0x00B5
[9317] [M]: 0x000000008003A5E4 (0x00B51513) slli a0, a0, 0xb
x10 <- 0x0000019999999800
mem[X,0x000000008003A5E8] -> 0x0513
mem[X,0x000000008003A5EA] -> 0x1995
[9318] [M]: 0x000000008003A5E8 (0x19950513) addi a0, a0, 0x199
x10 <- 0x0000019999999999
mem[X,0x000000008003A5EC] -> 0x1513
mem[X,0x000000008003A5EE] -> 0x00B5
[9319] [M]: 0x000000008003A5EC (0x00B51513) slli a0, a0, 0xb
x10 <- 0x000CCCCCCCCCC800
mem[X,0x000000008003A5F0] -> 0x0513
mem[X,0x000000008003A5F2] -> 0x4CC5
[9320] [M]: 0x000000008003A5F0 (0x4CC50513) addi a0, a0, 0x4cc
x10 <- 0x000CCCCCCCCCCCCC
mem[X,0x000000008003A5F4] -> 0x1513
mem[X,0x000000008003A5F6] -> 0x00A5
[9321] [M]: 0x000000008003A5F4 (0x00A51513) slli a0, a0, 0xa
x10 <- 0x3333333333333000
mem[X,0x000000008003A5F8] -> 0x0513
mem[X,0x000000008003A5FA] -> 0x3345
[9322] [M]: 0x000000008003A5F8 (0x33450513) addi a0, a0, 0x334
x10 <- 0x3333333333333334
mem[X,0x000000008003A5FC] -> 0x0593
mem[X,0x000000008003A5FE] -> 0x0040
[9323] [M]: 0x000000008003A5FC (0x00400593) addi a1, zero, 0x4
x11 <- 0x0000000000000004
mem[X,0x000000008003A600] -> 0x0213
mem[X,0x000000008003A602] -> 0x0000
[9324] [M]: 0x000000008003A600 (0x00000213) addi tp, zero, 0x0
x4 <- 0x0000000000000000
mem[X,0x000000008003A604] -> 0x006F
mem[X,0x000000008003A606] -> 0x00C0
[9325] [M]: 0x000000008003A604 (0x00C0006F) jal zero, 0xc
mem[X,0x000000008003A610] -> 0x0CE3
mem[X,0x000000008003A612] -> 0xFEB5
[9326] [M]: 0x000000008003A610 (0xFEB50CE3) beq a0, a1, -0x8
mem[X,0x000000008003A614] -> 0x0213
mem[X,0x000000008003A616] -> 0x0022
[9327] [M]: 0x000000008003A614 (0x00220213) addi tp, tp, 0x2
x4 <- 0x0000000000000002
mem[X,0x000000008003A618] -> 0x006F
mem[X,0x000000008003A61A] -> 0x00C0
[9328] [M]: 0x000000008003A618 (0x00C0006F) jal zero, 0xc
mem[X,0x000000008003A624] -> 0x3023
mem[X,0x000000008003A626] -> 0x1A41
[9329] [M]: 0x000000008003A624 (0x1A413023) sd tp, 0x1a0(sp)
mem[0x0000000080049368] <- 0x0000000000000002
mem[X,0x000000008003A628] -> 0x3537
mem[X,0x000000008003A62A] -> 0x3333
[9330] [M]: 0x000000008003A628 (0x33333537) lui a0, 0x33333
x10 <- 0x0000000033333000
mem[X,0x000000008003A62C] -> 0x0513
mem[X,0x000000008003A62E] -> 0x3335
[9331] [M]: 0x000000008003A62C (0x33350513) addi a0, a0, 0x333
x10 <- 0x0000000033333333
mem[X,0x000000008003A630] -> 0x1513
mem[X,0x000000008003A632] -> 0x00B5
[9332] [M]: 0x000000008003A630 (0x00B51513) slli a0, a0, 0xb
x10 <- 0x0000019999999800
mem[X,0x000000008003A634] -> 0x0513
mem[X,0x000000008003A636] -> 0x1995
[9333] [M]: 0x000000008003A634 (0x19950513) addi a0, a0, 0x199
x10 <- 0x0000019999999999
mem[X,0x000000008003A638] -> 0x1513
mem[X,0x000000008003A63A] -> 0x00B5
[9334] [M]: 0x000000008003A638 (0x00B51513) slli a0, a0, 0xb
x10 <- 0x000CCCCCCCCCC800
mem[X,0x000000008003A63C] -> 0x0513
mem[X,0x000000008003A63E] -> 0x4CC5
[9335] [M]: 0x000000008003A63C (0x4CC50513) addi a0, a0, 0x4cc
x10 <- 0x000CCCCCCCCCCCCC
mem[X,0x000000008003A640] -> 0x1513
mem[X,0x000000008003A642] -> 0x00A5
[9336] [M]: 0x000000008003A640 (0x00A51513) slli a0, a0, 0xa
x10 <- 0x3333333333333000
mem[X,0x000000008003A644] -> 0x0513
mem[X,0x000000008003A646] -> 0x3345
[9337] [M]: 0x000000008003A644 (0x33450513) addi a0, a0, 0x334
x10 <- 0x3333333333333334
mem[X,0x000000008003A648] -> 0x35B7
mem[X,0x000000008003A64A] -> 0x3333
[9338] [M]: 0x000000008003A648 (0x333335B7) lui a1, 0x33333
x11 <- 0x0000000033333000
mem[X,0x000000008003A64C] -> 0x8593
mem[X,0x000000008003A64E] -> 0x3335
[9339] [M]: 0x000000008003A64C (0x33358593) addi a1, a1, 0x333
x11 <- 0x0000000033333333
mem[X,0x000000008003A650] -> 0x9593
mem[X,0x000000008003A652] -> 0x00B5
[9340] [M]: 0x000000008003A650 (0x00B59593) slli a1, a1, 0xb
x11 <- 0x0000019999999800
mem[X,0x000000008003A654] -> 0x8593
mem[X,0x000000008003A656] -> 0x1995
[9341] [M]: 0x000000008003A654 (0x19958593) addi a1, a1, 0x199
x11 <- 0x0000019999999999
mem[X,0x000000008003A658] -> 0x9593
mem[X,0x000000008003A65A] -> 0x00B5
[9342] [M]: 0x000000008003A658 (0x00B59593) slli a1, a1, 0xb
x11 <- 0x000CCCCCCCCCC800
mem[X,0x000000008003A65C] -> 0x8593
mem[X,0x000000008003A65E] -> 0x4CC5
[9343] [M]: 0x000000008003A65C (0x4CC58593) addi a1, a1, 0x4cc
x11 <- 0x000CCCCCCCCCCCCC
mem[X,0x000000008003A660] -> 0x9593
mem[X,0x000000008003A662] -> 0x00A5
[9344] [M]: 0x000000008003A660 (0x00A59593) slli a1, a1, 0xa
x11 <- 0x3333333333333000
mem[X,0x000000008003A664] -> 0x8593
mem[X,0x000000008003A666] -> 0x3325
[9345] [M]: 0x000000008003A664 (0x33258593) addi a1, a1, 0x332
x11 <- 0x3333333333333332
mem[X,0x000000008003A668] -> 0x0213
mem[X,0x000000008003A66A] -> 0x0000
[9346] [M]: 0x000000008003A668 (0x00000213) addi tp, zero, 0x0
x4 <- 0x0000000000000000
mem[X,0x000000008003A66C] -> 0x006F
mem[X,0x000000008003A66E] -> 0x2B10
[9347] [M]: 0x000000008003A66C (0x2B10006F) jal zero, 0xab0
mem[X,0x000000008003B11C] -> 0x0A63
mem[X,0x000000008003B11E] -> 0xD4B5
[9348] [M]: 0x000000008003B11C (0xD4B50A63) beq a0, a1, -0xaac
mem[X,0x000000008003B120] -> 0x0213
mem[X,0x000000008003B122] -> 0x0022
[9349] [M]: 0x000000008003B120 (0x00220213) addi tp, tp, 0x2
x4 <- 0x0000000000000002
mem[X,0x000000008003B124] -> 0x006F
mem[X,0x000000008003B126] -> 0x00C0
[9350] [M]: 0x000000008003B124 (0x00C0006F) jal zero, 0xc
mem[X,0x000000008003B130] -> 0x3423
mem[X,0x000000008003B132] -> 0x1A41
[9351] [M]: 0x000000008003B130 (0x1A413423) sd tp, 0x1a8(sp)
mem[0x0000000080049370] <- 0x0000000000000002
mem[X,0x000000008003B134] -> 0x3537
mem[X,0x000000008003B136] -> 0x3333
[9352] [M]: 0x000000008003B134 (0x33333537) lui a0, 0x33333
x10 <- 0x0000000033333000
mem[X,0x000000008003B138] -> 0x0513
mem[X,0x000000008003B13A] -> 0x3335
[9353] [M]: 0x000000008003B138 (0x33350513) addi a0, a0, 0x333
x10 <- 0x0000000033333333
mem[X,0x000000008003B13C] -> 0x1513
mem[X,0x000000008003B13E] -> 0x00B5
[9354] [M]: 0x000000008003B13C (0x00B51513) slli a0, a0, 0xb
x10 <- 0x0000019999999800
mem[X,0x000000008003B140] -> 0x0513
mem[X,0x000000008003B142] -> 0x1995
[9355] [M]: 0x000000008003B140 (0x19950513) addi a0, a0, 0x199
x10 <- 0x0000019999999999
mem[X,0x000000008003B144] -> 0x1513
mem[X,0x000000008003B146] -> 0x00B5
[9356] [M]: 0x000000008003B144 (0x00B51513) slli a0, a0, 0xb
x10 <- 0x000CCCCCCCCCC800
mem[X,0x000000008003B148] -> 0x0513
mem[X,0x000000008003B14A] -> 0x4CC5
[9357] [M]: 0x000000008003B148 (0x4CC50513) addi a0, a0, 0x4cc
x10 <- 0x000CCCCCCCCCCCCC
mem[X,0x000000008003B14C] -> 0x1513
mem[X,0x000000008003B14E] -> 0x00A5
[9358] [M]: 0x000000008003B14C (0x00A51513) slli a0, a0, 0xa
x10 <- 0x3333333333333000
mem[X,0x000000008003B150] -> 0x0513
mem[X,0x000000008003B152] -> 0x3345
[9359] [M]: 0x000000008003B150 (0x33450513) addi a0, a0, 0x334
x10 <- 0x3333333333333334
mem[X,0x000000008003B154] -> 0x65B7
mem[X,0x000000008003B156] -> 0x6666
[9360] [M]: 0x000000008003B154 (0x666665B7) lui a1, 0x66666
x11 <- 0x0000000066666000
mem[X,0x000000008003B158] -> 0x8593
mem[X,0x000000008003B15A] -> 0x6665
[9361] [M]: 0x000000008003B158 (0x66658593) addi a1, a1, 0x666
x11 <- 0x0000000066666666
mem[X,0x000000008003B15C] -> 0x9593
mem[X,0x000000008003B15E] -> 0x00B5
[9362] [M]: 0x000000008003B15C (0x00B59593) slli a1, a1, 0xb
x11 <- 0x0000033333333000
mem[X,0x000000008003B160] -> 0x8593
mem[X,0x000000008003B162] -> 0x3335
[9363] [M]: 0x000000008003B160 (0x33358593) addi a1, a1, 0x333
x11 <- 0x0000033333333333
mem[X,0x000000008003B164] -> 0x9593
mem[X,0x000000008003B166] -> 0x00B5
[9364] [M]: 0x000000008003B164 (0x00B59593) slli a1, a1, 0xb
x11 <- 0x0019999999999800
mem[X,0x000000008003B168] -> 0x8593
mem[X,0x000000008003B16A] -> 0x1995
[9365] [M]: 0x000000008003B168 (0x19958593) addi a1, a1, 0x199
x11 <- 0x0019999999999999
mem[X,0x000000008003B16C] -> 0x9593
mem[X,0x000000008003B16E] -> 0x00A5
[9366] [M]: 0x000000008003B16C (0x00A59593) slli a1, a1, 0xa
x11 <- 0x6666666666666400
mem[X,0x000000008003B170] -> 0x8593
mem[X,0x000000008003B172] -> 0x2655
[9367] [M]: 0x000000008003B170 (0x26558593) addi a1, a1, 0x265
x11 <- 0x6666666666666665
mem[X,0x000000008003B174] -> 0x0213
mem[X,0x000000008003B176] -> 0x0000
[9368] [M]: 0x000000008003B174 (0x00000213) addi tp, zero, 0x0
x4 <- 0x0000000000000000
mem[X,0x000000008003B178] -> 0x006F
mem[X,0x000000008003B17A] -> 0x00C0
[9369] [M]: 0x000000008003B178 (0x00C0006F) jal zero, 0xc
mem[X,0x000000008003B184] -> 0x0063
mem[X,0x000000008003B186] -> 0x20B5
[9370] [M]: 0x000000008003B184 (0x20B50063) beq a0, a1, 0x200
mem[X,0x000000008003B188] -> 0x0213
mem[X,0x000000008003B18A] -> 0x0022
[9371] [M]: 0x000000008003B188 (0x00220213) addi tp, tp, 0x2
x4 <- 0x0000000000000002
mem[X,0x000000008003B18C] -> 0x006F
mem[X,0x000000008003B18E] -> 0x2000
[9372] [M]: 0x000000008003B18C (0x2000006F) jal zero, 0x200
mem[X,0x000000008003B38C] -> 0x3823
mem[X,0x000000008003B38E] -> 0x1A41
[9373] [M]: 0x000000008003B38C (0x1A413823) sd tp, 0x1b0(sp)
mem[0x0000000080049378] <- 0x0000000000000002
mem[X,0x000000008003B390] -> 0x3537
mem[X,0x000000008003B392] -> 0x3333
[9374] [M]: 0x000000008003B390 (0x33333537) lui a0, 0x33333
x10 <- 0x0000000033333000
mem[X,0x000000008003B394] -> 0x0513
mem[X,0x000000008003B396] -> 0x3335
[9375] [M]: 0x000000008003B394 (0x33350513) addi a0, a0, 0x333
x10 <- 0x0000000033333333
mem[X,0x000000008003B398] -> 0x1513
mem[X,0x000000008003B39A] -> 0x00B5
[9376] [M]: 0x000000008003B398 (0x00B51513) slli a0, a0, 0xb
x10 <- 0x0000019999999800
mem[X,0x000000008003B39C] -> 0x0513
mem[X,0x000000008003B39E] -> 0x1995
[9377] [M]: 0x000000008003B39C (0x19950513) addi a0, a0, 0x199
x10 <- 0x0000019999999999
mem[X,0x000000008003B3A0] -> 0x1513
mem[X,0x000000008003B3A2] -> 0x00B5
[9378] [M]: 0x000000008003B3A0 (0x00B51513) slli a0, a0, 0xb
x10 <- 0x000CCCCCCCCCC800
mem[X,0x000000008003B3A4] -> 0x0513
mem[X,0x000000008003B3A6] -> 0x4CC5
[9379] [M]: 0x000000008003B3A4 (0x4CC50513) addi a0, a0, 0x4cc
x10 <- 0x000CCCCCCCCCCCCC
mem[X,0x000000008003B3A8] -> 0x1513
mem[X,0x000000008003B3AA] -> 0x00A5
[9380] [M]: 0x000000008003B3A8 (0x00A51513) slli a0, a0, 0xa
x10 <- 0x3333333333333000
mem[X,0x000000008003B3AC] -> 0x0513
mem[X,0x000000008003B3AE] -> 0x3345
[9381] [M]: 0x000000008003B3AC (0x33450513) addi a0, a0, 0x334
x10 <- 0x3333333333333334
mem[X,0x000000008003B3B0] -> 0x05B7
mem[X,0x000000008003B3B2] -> 0x0000
[9382] [M]: 0x000000008003B3B0 (0x000005B7) lui a1, 0x0
x11 <- 0x0000000000000000
mem[X,0x000000008003B3B4] -> 0x8593
mem[X,0x000000008003B3B6] -> 0x0005
[9383] [M]: 0x000000008003B3B4 (0x00058593) addi a1, a1, 0x0
x11 <- 0x0000000000000000
mem[X,0x000000008003B3B8] -> 0x9593
mem[X,0x000000008003B3BA] -> 0x00B5
[9384] [M]: 0x000000008003B3B8 (0x00B59593) slli a1, a1, 0xb
x11 <- 0x0000000000000000
mem[X,0x000000008003B3BC] -> 0x8593
mem[X,0x000000008003B3BE] -> 0x5A85
[9385] [M]: 0x000000008003B3BC (0x5A858593) addi a1, a1, 0x5a8
x11 <- 0x00000000000005A8
mem[X,0x000000008003B3C0] -> 0x9593
mem[X,0x000000008003B3C2] -> 0x00B5
[9386] [M]: 0x000000008003B3C0 (0x00B59593) slli a1, a1, 0xb
x11 <- 0x00000000002D4000
mem[X,0x000000008003B3C4] -> 0x8593
mem[X,0x000000008003B3C6] -> 0x13C5
[9387] [M]: 0x000000008003B3C4 (0x13C58593) addi a1, a1, 0x13c
x11 <- 0x00000000002D413C
mem[X,0x000000008003B3C8] -> 0x9593
mem[X,0x000000008003B3CA] -> 0x00A5
[9388] [M]: 0x000000008003B3C8 (0x00A59593) slli a1, a1, 0xa
x11 <- 0x00000000B504F000
mem[X,0x000000008003B3CC] -> 0x8593
mem[X,0x000000008003B3CE] -> 0x3325
[9389] [M]: 0x000000008003B3CC (0x33258593) addi a1, a1, 0x332
x11 <- 0x00000000B504F332
mem[X,0x000000008003B3D0] -> 0x0213
mem[X,0x000000008003B3D2] -> 0x0000
[9390] [M]: 0x000000008003B3D0 (0x00000213) addi tp, zero, 0x0
x4 <- 0x0000000000000000
mem[X,0x000000008003B3D4] -> 0x006F
mem[X,0x000000008003B3D6] -> 0x00C0
[9391] [M]: 0x000000008003B3D4 (0x00C0006F) jal zero, 0xc
mem[X,0x000000008003B3E0] -> 0x0CE3
mem[X,0x000000008003B3E2] -> 0xFEB5
[9392] [M]: 0x000000008003B3E0 (0xFEB50CE3) beq a0, a1, -0x8
mem[X,0x000000008003B3E4] -> 0x0213
mem[X,0x000000008003B3E6] -> 0x0022
[9393] [M]: 0x000000008003B3E4 (0x00220213) addi tp, tp, 0x2
x4 <- 0x0000000000000002
mem[X,0x000000008003B3E8] -> 0x006F
mem[X,0x000000008003B3EA] -> 0x00C0
[9394] [M]: 0x000000008003B3E8 (0x00C0006F) jal zero, 0xc
mem[X,0x000000008003B3F4] -> 0x3C23
mem[X,0x000000008003B3F6] -> 0x1A41
[9395] [M]: 0x000000008003B3F4 (0x1A413C23) sd tp, 0x1b8(sp)
mem[0x0000000080049380] <- 0x0000000000000002
mem[X,0x000000008003B3F8] -> 0x3537
mem[X,0x000000008003B3FA] -> 0x3333
[9396] [M]: 0x000000008003B3F8 (0x33333537) lui a0, 0x33333
x10 <- 0x0000000033333000
mem[X,0x000000008003B3FC] -> 0x0513
mem[X,0x000000008003B3FE] -> 0x3335
[9397] [M]: 0x000000008003B3FC (0x33350513) addi a0, a0, 0x333
x10 <- 0x0000000033333333
mem[X,0x000000008003B400] -> 0x1513
mem[X,0x000000008003B402] -> 0x00B5
[9398] [M]: 0x000000008003B400 (0x00B51513) slli a0, a0, 0xb
x10 <- 0x0000019999999800
mem[X,0x000000008003B404] -> 0x0513
mem[X,0x000000008003B406] -> 0x1995
[9399] [M]: 0x000000008003B404 (0x19950513) addi a0, a0, 0x199
x10 <- 0x0000019999999999
clint::tick mtime <- 0x000000000000005E
 clint timer pending at mtime 0x000000000000005E
htif::tick 0x0000000000000000
mem[X,0x000000008003B408] -> 0x1513
mem[X,0x000000008003B40A] -> 0x00B5
[9400] [M]: 0x000000008003B408 (0x00B51513) slli a0, a0, 0xb
x10 <- 0x000CCCCCCCCCC800
mem[X,0x000000008003B40C] -> 0x0513
mem[X,0x000000008003B40E] -> 0x4CC5
[9401] [M]: 0x000000008003B40C (0x4CC50513) addi a0, a0, 0x4cc
x10 <- 0x000CCCCCCCCCCCCC
mem[X,0x000000008003B410] -> 0x1513
mem[X,0x000000008003B412] -> 0x00A5
[9402] [M]: 0x000000008003B410 (0x00A51513) slli a0, a0, 0xa
x10 <- 0x3333333333333000
mem[X,0x000000008003B414] -> 0x0513
mem[X,0x000000008003B416] -> 0x3345
[9403] [M]: 0x000000008003B414 (0x33450513) addi a0, a0, 0x334
x10 <- 0x3333333333333334
mem[X,0x000000008003B418] -> 0x55B7
mem[X,0x000000008003B41A] -> 0x5555
[9404] [M]: 0x000000008003B418 (0x555555B7) lui a1, 0x55555
x11 <- 0x0000000055555000
mem[X,0x000000008003B41C] -> 0x8593
mem[X,0x000000008003B41E] -> 0x5555
[9405] [M]: 0x000000008003B41C (0x55558593) addi a1, a1, 0x555
x11 <- 0x0000000055555555
mem[X,0x000000008003B420] -> 0x9593
mem[X,0x000000008003B422] -> 0x00B5
[9406] [M]: 0x000000008003B420 (0x00B59593) slli a1, a1, 0xb
x11 <- 0x000002AAAAAAA800
mem[X,0x000000008003B424] -> 0x8593
mem[X,0x000000008003B426] -> 0x2AA5
[9407] [M]: 0x000000008003B424 (0x2AA58593) addi a1, a1, 0x2aa
x11 <- 0x000002AAAAAAAAAA
mem[X,0x000000008003B428] -> 0x9593
mem[X,0x000000008003B42A] -> 0x00B5
[9408] [M]: 0x000000008003B428 (0x00B59593) slli a1, a1, 0xb
x11 <- 0x0015555555555000
mem[X,0x000000008003B42C] -> 0x8593
mem[X,0x000000008003B42E] -> 0x5555
[9409] [M]: 0x000000008003B42C (0x55558593) addi a1, a1, 0x555
x11 <- 0x0015555555555555
mem[X,0x000000008003B430] -> 0x9593
mem[X,0x000000008003B432] -> 0x00A5
[9410] [M]: 0x000000008003B430 (0x00A59593) slli a1, a1, 0xa
x11 <- 0x5555555555555400
mem[X,0x000000008003B434] -> 0x8593
mem[X,0x000000008003B436] -> 0x1565
[9411] [M]: 0x000000008003B434 (0x15658593) addi a1, a1, 0x156
x11 <- 0x5555555555555556
mem[X,0x000000008003B438] -> 0x0213
mem[X,0x000000008003B43A] -> 0x0000
[9412] [M]: 0x000000008003B438 (0x00000213) addi tp, zero, 0x0
x4 <- 0x0000000000000000
mem[X,0x000000008003B43C] -> 0x006F
mem[X,0x000000008003B43E] -> 0x00C0
[9413] [M]: 0x000000008003B43C (0x00C0006F) jal zero, 0xc
mem[X,0x000000008003B448] -> 0x0063
mem[X,0x000000008003B44A] -> 0x10B5
[9414] [M]: 0x000000008003B448 (0x10B50063) beq a0, a1, 0x100
mem[X,0x000000008003B44C] -> 0x0213
mem[X,0x000000008003B44E] -> 0x0022
[9415] [M]: 0x000000008003B44C (0x00220213) addi tp, tp, 0x2
x4 <- 0x0000000000000002
mem[X,0x000000008003B450] -> 0x006F
mem[X,0x000000008003B452] -> 0x1000
[9416] [M]: 0x000000008003B450 (0x1000006F) jal zero, 0x100
mem[X,0x000000008003B550] -> 0x3023
mem[X,0x000000008003B552] -> 0x1C41
[9417] [M]: 0x000000008003B550 (0x1C413023) sd tp, 0x1c0(sp)
mem[0x0000000080049388] <- 0x0000000000000002
mem[X,0x000000008003B554] -> 0x3537
mem[X,0x000000008003B556] -> 0x3333
[9418] [M]: 0x000000008003B554 (0x33333537) lui a0, 0x33333
x10 <- 0x0000000033333000
mem[X,0x000000008003B558] -> 0x0513
mem[X,0x000000008003B55A] -> 0x3335
[9419] [M]: 0x000000008003B558 (0x33350513) addi a0, a0, 0x333
x10 <- 0x0000000033333333
mem[X,0x000000008003B55C] -> 0x1513
mem[X,0x000000008003B55E] -> 0x00B5
[9420] [M]: 0x000000008003B55C (0x00B51513) slli a0, a0, 0xb
x10 <- 0x0000019999999800
mem[X,0x000000008003B560] -> 0x0513
mem[X,0x000000008003B562] -> 0x1995
[9421] [M]: 0x000000008003B560 (0x19950513) addi a0, a0, 0x199
x10 <- 0x0000019999999999
mem[X,0x000000008003B564] -> 0x1513
mem[X,0x000000008003B566] -> 0x00B5
[9422] [M]: 0x000000008003B564 (0x00B51513) slli a0, a0, 0xb
x10 <- 0x000CCCCCCCCCC800
mem[X,0x000000008003B568] -> 0x0513
mem[X,0x000000008003B56A] -> 0x4CC5
[9423] [M]: 0x000000008003B568 (0x4CC50513) addi a0, a0, 0x4cc
x10 <- 0x000CCCCCCCCCCCCC
mem[X,0x000000008003B56C] -> 0x1513
mem[X,0x000000008003B56E] -> 0x00A5
[9424] [M]: 0x000000008003B56C (0x00A51513) slli a0, a0, 0xa
x10 <- 0x3333333333333000
mem[X,0x000000008003B570] -> 0x0513
mem[X,0x000000008003B572] -> 0x3345
[9425] [M]: 0x000000008003B570 (0x33450513) addi a0, a0, 0x334
x10 <- 0x3333333333333334
mem[X,0x000000008003B574] -> 0xB5B7
mem[X,0x000000008003B576] -> 0xAAAA
[9426] [M]: 0x000000008003B574 (0xAAAAB5B7) lui a1, -0x55555
x11 <- 0xFFFFFFFFAAAAB000
mem[X,0x000000008003B578] -> 0x8593
mem[X,0x000000008003B57A] -> 0xAAA5
[9427] [M]: 0x000000008003B578 (0xAAA58593) addi a1, a1, -0x556
x11 <- 0xFFFFFFFFAAAAAAAA
mem[X,0x000000008003B57C] -> 0x9593
mem[X,0x000000008003B57E] -> 0x00B5
[9428] [M]: 0x000000008003B57C (0x00B59593) slli a1, a1, 0xb
x11 <- 0xFFFFFD5555555000
mem[X,0x000000008003B580] -> 0x8593
mem[X,0x000000008003B582] -> 0x5555
[9429] [M]: 0x000000008003B580 (0x55558593) addi a1, a1, 0x555
x11 <- 0xFFFFFD5555555555
mem[X,0x000000008003B584] -> 0x9593
mem[X,0x000000008003B586] -> 0x00B5
[9430] [M]: 0x000000008003B584 (0x00B59593) slli a1, a1, 0xb
x11 <- 0xFFEAAAAAAAAAA800
mem[X,0x000000008003B588] -> 0x8593
mem[X,0x000000008003B58A] -> 0x2AA5
[9431] [M]: 0x000000008003B588 (0x2AA58593) addi a1, a1, 0x2aa
x11 <- 0xFFEAAAAAAAAAAAAA
mem[X,0x000000008003B58C] -> 0x9593
mem[X,0x000000008003B58E] -> 0x00A5
[9432] [M]: 0x000000008003B58C (0x00A59593) slli a1, a1, 0xa
x11 <- 0xAAAAAAAAAAAAA800
mem[X,0x000000008003B590] -> 0x8593
mem[X,0x000000008003B592] -> 0x2AB5
[9433] [M]: 0x000000008003B590 (0x2AB58593) addi a1, a1, 0x2ab
x11 <- 0xAAAAAAAAAAAAAAAB
mem[X,0x000000008003B594] -> 0x0213
mem[X,0x000000008003B596] -> 0x0000
[9434] [M]: 0x000000008003B594 (0x00000213) addi tp, zero, 0x0
x4 <- 0x0000000000000000
mem[X,0x000000008003B598] -> 0x006F
mem[X,0x000000008003B59A] -> 0x00C0
[9435] [M]: 0x000000008003B598 (0x00C0006F) jal zero, 0xc
mem[X,0x000000008003B5A4] -> 0x0063
mem[X,0x000000008003B5A6] -> 0x08B5
[9436] [M]: 0x000000008003B5A4 (0x08B50063) beq a0, a1, 0x80
mem[X,0x000000008003B5A8] -> 0x0213
mem[X,0x000000008003B5AA] -> 0x0022
[9437] [M]: 0x000000008003B5A8 (0x00220213) addi tp, tp, 0x2
x4 <- 0x0000000000000002
mem[X,0x000000008003B5AC] -> 0x006F
mem[X,0x000000008003B5AE] -> 0x0800
[9438] [M]: 0x000000008003B5AC (0x0800006F) jal zero, 0x80
mem[X,0x000000008003B62C] -> 0x3423
mem[X,0x000000008003B62E] -> 0x1C41
[9439] [M]: 0x000000008003B62C (0x1C413423) sd tp, 0x1c8(sp)
mem[0x0000000080049390] <- 0x0000000000000002
mem[X,0x000000008003B630] -> 0x3537
mem[X,0x000000008003B632] -> 0x3333
[9440] [M]: 0x000000008003B630 (0x33333537) lui a0, 0x33333
x10 <- 0x0000000033333000
mem[X,0x000000008003B634] -> 0x0513
mem[X,0x000000008003B636] -> 0x3335
[9441] [M]: 0x000000008003B634 (0x33350513) addi a0, a0, 0x333
x10 <- 0x0000000033333333
mem[X,0x000000008003B638] -> 0x1513
mem[X,0x000000008003B63A] -> 0x00B5
[9442] [M]: 0x000000008003B638 (0x00B51513) slli a0, a0, 0xb
x10 <- 0x0000019999999800
mem[X,0x000000008003B63C] -> 0x0513
mem[X,0x000000008003B63E] -> 0x1995
[9443] [M]: 0x000000008003B63C (0x19950513) addi a0, a0, 0x199
x10 <- 0x0000019999999999
mem[X,0x000000008003B640] -> 0x1513
mem[X,0x000000008003B642] -> 0x00B5
[9444] [M]: 0x000000008003B640 (0x00B51513) slli a0, a0, 0xb
x10 <- 0x000CCCCCCCCCC800
mem[X,0x000000008003B644] -> 0x0513
mem[X,0x000000008003B646] -> 0x4CC5
[9445] [M]: 0x000000008003B644 (0x4CC50513) addi a0, a0, 0x4cc
x10 <- 0x000CCCCCCCCCCCCC
mem[X,0x000000008003B648] -> 0x1513
mem[X,0x000000008003B64A] -> 0x00A5
[9446] [M]: 0x000000008003B648 (0x00A51513) slli a0, a0, 0xa
x10 <- 0x3333333333333000
mem[X,0x000000008003B64C] -> 0x0513
mem[X,0x000000008003B64E] -> 0x3345
[9447] [M]: 0x000000008003B64C (0x33450513) addi a0, a0, 0x334
x10 <- 0x3333333333333334
mem[X,0x000000008003B650] -> 0x0593
mem[X,0x000000008003B652] -> 0x0060
[9448] [M]: 0x000000008003B650 (0x00600593) addi a1, zero, 0x6
x11 <- 0x0000000000000006
mem[X,0x000000008003B654] -> 0x0213
mem[X,0x000000008003B656] -> 0x0000
[9449] [M]: 0x000000008003B654 (0x00000213) addi tp, zero, 0x0
x4 <- 0x0000000000000000
mem[X,0x000000008003B658] -> 0x006F
mem[X,0x000000008003B65A] -> 0x00C0
[9450] [M]: 0x000000008003B658 (0x00C0006F) jal zero, 0xc
mem[X,0x000000008003B664] -> 0x0063
mem[X,0x000000008003B666] -> 0x08B5
[9451] [M]: 0x000000008003B664 (0x08B50063) beq a0, a1, 0x80
mem[X,0x000000008003B668] -> 0x0213
mem[X,0x000000008003B66A] -> 0x0022
[9452] [M]: 0x000000008003B668 (0x00220213) addi tp, tp, 0x2
x4 <- 0x0000000000000002
mem[X,0x000000008003B66C] -> 0x006F
mem[X,0x000000008003B66E] -> 0x0800
[9453] [M]: 0x000000008003B66C (0x0800006F) jal zero, 0x80
mem[X,0x000000008003B6EC] -> 0x3823
mem[X,0x000000008003B6EE] -> 0x1C41
[9454] [M]: 0x000000008003B6EC (0x1C413823) sd tp, 0x1d0(sp)
mem[0x0000000080049398] <- 0x0000000000000002
mem[X,0x000000008003B6F0] -> 0x3537
mem[X,0x000000008003B6F2] -> 0x3333
[9455] [M]: 0x000000008003B6F0 (0x33333537) lui a0, 0x33333
x10 <- 0x0000000033333000
mem[X,0x000000008003B6F4] -> 0x0513
mem[X,0x000000008003B6F6] -> 0x3335
[9456] [M]: 0x000000008003B6F4 (0x33350513) addi a0, a0, 0x333
x10 <- 0x0000000033333333
mem[X,0x000000008003B6F8] -> 0x1513
mem[X,0x000000008003B6FA] -> 0x00B5
[9457] [M]: 0x000000008003B6F8 (0x00B51513) slli a0, a0, 0xb
x10 <- 0x0000019999999800
mem[X,0x000000008003B6FC] -> 0x0513
mem[X,0x000000008003B6FE] -> 0x1995
[9458] [M]: 0x000000008003B6FC (0x19950513) addi a0, a0, 0x199
x10 <- 0x0000019999999999
mem[X,0x000000008003B700] -> 0x1513
mem[X,0x000000008003B702] -> 0x00B5
[9459] [M]: 0x000000008003B700 (0x00B51513) slli a0, a0, 0xb
x10 <- 0x000CCCCCCCCCC800
mem[X,0x000000008003B704] -> 0x0513
mem[X,0x000000008003B706] -> 0x4CC5
[9460] [M]: 0x000000008003B704 (0x4CC50513) addi a0, a0, 0x4cc
x10 <- 0x000CCCCCCCCCCCCC
mem[X,0x000000008003B708] -> 0x1513
mem[X,0x000000008003B70A] -> 0x00A5
[9461] [M]: 0x000000008003B708 (0x00A51513) slli a0, a0, 0xa
x10 <- 0x3333333333333000
mem[X,0x000000008003B70C] -> 0x0513
mem[X,0x000000008003B70E] -> 0x3345
[9462] [M]: 0x000000008003B70C (0x33450513) addi a0, a0, 0x334
x10 <- 0x3333333333333334
mem[X,0x000000008003B710] -> 0x35B7
mem[X,0x000000008003B712] -> 0x3333
[9463] [M]: 0x000000008003B710 (0x333335B7) lui a1, 0x33333
x11 <- 0x0000000033333000
mem[X,0x000000008003B714] -> 0x8593
mem[X,0x000000008003B716] -> 0x3335
[9464] [M]: 0x000000008003B714 (0x33358593) addi a1, a1, 0x333
x11 <- 0x0000000033333333
mem[X,0x000000008003B718] -> 0x9593
mem[X,0x000000008003B71A] -> 0x00B5
[9465] [M]: 0x000000008003B718 (0x00B59593) slli a1, a1, 0xb
x11 <- 0x0000019999999800
mem[X,0x000000008003B71C] -> 0x8593
mem[X,0x000000008003B71E] -> 0x1995
[9466] [M]: 0x000000008003B71C (0x19958593) addi a1, a1, 0x199
x11 <- 0x0000019999999999
mem[X,0x000000008003B720] -> 0x9593
mem[X,0x000000008003B722] -> 0x00B5
[9467] [M]: 0x000000008003B720 (0x00B59593) slli a1, a1, 0xb
x11 <- 0x000CCCCCCCCCC800
mem[X,0x000000008003B724] -> 0x8593
mem[X,0x000000008003B726] -> 0x4CC5
[9468] [M]: 0x000000008003B724 (0x4CC58593) addi a1, a1, 0x4cc
x11 <- 0x000CCCCCCCCCCCCC
mem[X,0x000000008003B728] -> 0x9593
mem[X,0x000000008003B72A] -> 0x00A5
[9469] [M]: 0x000000008003B728 (0x00A59593) slli a1, a1, 0xa
x11 <- 0x3333333333333000
mem[X,0x000000008003B72C] -> 0x8593
mem[X,0x000000008003B72E] -> 0x3345
[9470] [M]: 0x000000008003B72C (0x33458593) addi a1, a1, 0x334
x11 <- 0x3333333333333334
mem[X,0x000000008003B730] -> 0x0213
mem[X,0x000000008003B732] -> 0x0000
[9471] [M]: 0x000000008003B730 (0x00000213) addi tp, zero, 0x0
x4 <- 0x0000000000000000
mem[X,0x000000008003B734] -> 0x006F
mem[X,0x000000008003B736] -> 0x0140
[9472] [M]: 0x000000008003B734 (0x0140006F) jal zero, 0x14
mem[X,0x000000008003B748] -> 0x08E3
mem[X,0x000000008003B74A] -> 0xFEB5
[9473] [M]: 0x000000008003B748 (0xFEB508E3) beq a0, a1, -0x10
mem[X,0x000000008003B738] -> 0x0213
mem[X,0x000000008003B73A] -> 0x0012
[9474] [M]: 0x000000008003B738 (0x00120213) addi tp, tp, 0x1
x4 <- 0x0000000000000001
mem[X,0x000000008003B73C] -> 0x006F
mem[X,0x000000008003B73E] -> 0x0200
[9475] [M]: 0x000000008003B73C (0x0200006F) jal zero, 0x20
mem[X,0x000000008003B75C] -> 0x3C23
mem[X,0x000000008003B75E] -> 0x1C41
[9476] [M]: 0x000000008003B75C (0x1C413C23) sd tp, 0x1d8(sp)
mem[0x00000000800493A0] <- 0x0000000000000001
mem[X,0x000000008003B760] -> 0x3537
mem[X,0x000000008003B762] -> 0x3333
[9477] [M]: 0x000000008003B760 (0x33333537) lui a0, 0x33333
x10 <- 0x0000000033333000
mem[X,0x000000008003B764] -> 0x0513
mem[X,0x000000008003B766] -> 0x3335
[9478] [M]: 0x000000008003B764 (0x33350513) addi a0, a0, 0x333
x10 <- 0x0000000033333333
mem[X,0x000000008003B768] -> 0x1513
mem[X,0x000000008003B76A] -> 0x00B5
[9479] [M]: 0x000000008003B768 (0x00B51513) slli a0, a0, 0xb
x10 <- 0x0000019999999800
mem[X,0x000000008003B76C] -> 0x0513
mem[X,0x000000008003B76E] -> 0x1995
[9480] [M]: 0x000000008003B76C (0x19950513) addi a0, a0, 0x199
x10 <- 0x0000019999999999
mem[X,0x000000008003B770] -> 0x1513
mem[X,0x000000008003B772] -> 0x00B5
[9481] [M]: 0x000000008003B770 (0x00B51513) slli a0, a0, 0xb
x10 <- 0x000CCCCCCCCCC800
mem[X,0x000000008003B774] -> 0x0513
mem[X,0x000000008003B776] -> 0x4CC5
[9482] [M]: 0x000000008003B774 (0x4CC50513) addi a0, a0, 0x4cc
x10 <- 0x000CCCCCCCCCCCCC
mem[X,0x000000008003B778] -> 0x1513
mem[X,0x000000008003B77A] -> 0x00A5
[9483] [M]: 0x000000008003B778 (0x00A51513) slli a0, a0, 0xa
x10 <- 0x3333333333333000
mem[X,0x000000008003B77C] -> 0x0513
mem[X,0x000000008003B77E] -> 0x3345
[9484] [M]: 0x000000008003B77C (0x33450513) addi a0, a0, 0x334
x10 <- 0x3333333333333334
mem[X,0x000000008003B780] -> 0x65B7
mem[X,0x000000008003B782] -> 0x6666
[9485] [M]: 0x000000008003B780 (0x666665B7) lui a1, 0x66666
x11 <- 0x0000000066666000
mem[X,0x000000008003B784] -> 0x8593
mem[X,0x000000008003B786] -> 0x6665
[9486] [M]: 0x000000008003B784 (0x66658593) addi a1, a1, 0x666
x11 <- 0x0000000066666666
mem[X,0x000000008003B788] -> 0x9593
mem[X,0x000000008003B78A] -> 0x00B5
[9487] [M]: 0x000000008003B788 (0x00B59593) slli a1, a1, 0xb
x11 <- 0x0000033333333000
mem[X,0x000000008003B78C] -> 0x8593
mem[X,0x000000008003B78E] -> 0x3335
[9488] [M]: 0x000000008003B78C (0x33358593) addi a1, a1, 0x333
x11 <- 0x0000033333333333
mem[X,0x000000008003B790] -> 0x9593
mem[X,0x000000008003B792] -> 0x00B5
[9489] [M]: 0x000000008003B790 (0x00B59593) slli a1, a1, 0xb
x11 <- 0x0019999999999800
mem[X,0x000000008003B794] -> 0x8593
mem[X,0x000000008003B796] -> 0x1995
[9490] [M]: 0x000000008003B794 (0x19958593) addi a1, a1, 0x199
x11 <- 0x0019999999999999
mem[X,0x000000008003B798] -> 0x9593
mem[X,0x000000008003B79A] -> 0x00A5
[9491] [M]: 0x000000008003B798 (0x00A59593) slli a1, a1, 0xa
x11 <- 0x6666666666666400
mem[X,0x000000008003B79C] -> 0x8593
mem[X,0x000000008003B79E] -> 0x2675
[9492] [M]: 0x000000008003B79C (0x26758593) addi a1, a1, 0x267
x11 <- 0x6666666666666667
mem[X,0x000000008003B7A0] -> 0x0213
mem[X,0x000000008003B7A2] -> 0x0000
[9493] [M]: 0x000000008003B7A0 (0x00000213) addi tp, zero, 0x0
x4 <- 0x0000000000000000
mem[X,0x000000008003B7A4] -> 0x006F
mem[X,0x000000008003B7A6] -> 0x00C0
[9494] [M]: 0x000000008003B7A4 (0x00C0006F) jal zero, 0xc
mem[X,0x000000008003B7B0] -> 0x0063
mem[X,0x000000008003B7B2] -> 0x40B5
[9495] [M]: 0x000000008003B7B0 (0x40B50063) beq a0, a1, 0x400
mem[X,0x000000008003B7B4] -> 0x0213
mem[X,0x000000008003B7B6] -> 0x0022
[9496] [M]: 0x000000008003B7B4 (0x00220213) addi tp, tp, 0x2
x4 <- 0x0000000000000002
mem[X,0x000000008003B7B8] -> 0x006F
mem[X,0x000000008003B7BA] -> 0x4000
[9497] [M]: 0x000000008003B7B8 (0x4000006F) jal zero, 0x400
mem[X,0x000000008003BBB8] -> 0x3023
mem[X,0x000000008003BBBA] -> 0x1E41
[9498] [M]: 0x000000008003BBB8 (0x1E413023) sd tp, 0x1e0(sp)
mem[0x00000000800493A8] <- 0x0000000000000002
mem[X,0x000000008003BBBC] -> 0x3537
mem[X,0x000000008003BBBE] -> 0x3333
[9499] [M]: 0x000000008003BBBC (0x33333537) lui a0, 0x33333
x10 <- 0x0000000033333000
clint::tick mtime <- 0x000000000000005F
 clint timer pending at mtime 0x000000000000005F
htif::tick 0x0000000000000000
mem[X,0x000000008003BBC0] -> 0x0513
mem[X,0x000000008003BBC2] -> 0x3335
[9500] [M]: 0x000000008003BBC0 (0x33350513) addi a0, a0, 0x333
x10 <- 0x0000000033333333
mem[X,0x000000008003BBC4] -> 0x1513
mem[X,0x000000008003BBC6] -> 0x00B5
[9501] [M]: 0x000000008003BBC4 (0x00B51513) slli a0, a0, 0xb
x10 <- 0x0000019999999800
mem[X,0x000000008003BBC8] -> 0x0513
mem[X,0x000000008003BBCA] -> 0x1995
[9502] [M]: 0x000000008003BBC8 (0x19950513) addi a0, a0, 0x199
x10 <- 0x0000019999999999
mem[X,0x000000008003BBCC] -> 0x1513
mem[X,0x000000008003BBCE] -> 0x00B5
[9503] [M]: 0x000000008003BBCC (0x00B51513) slli a0, a0, 0xb
x10 <- 0x000CCCCCCCCCC800
mem[X,0x000000008003BBD0] -> 0x0513
mem[X,0x000000008003BBD2] -> 0x4CC5
[9504] [M]: 0x000000008003BBD0 (0x4CC50513) addi a0, a0, 0x4cc
x10 <- 0x000CCCCCCCCCCCCC
mem[X,0x000000008003BBD4] -> 0x1513
mem[X,0x000000008003BBD6] -> 0x00A5
[9505] [M]: 0x000000008003BBD4 (0x00A51513) slli a0, a0, 0xa
x10 <- 0x3333333333333000
mem[X,0x000000008003BBD8] -> 0x0513
mem[X,0x000000008003BBDA] -> 0x3345
[9506] [M]: 0x000000008003BBD8 (0x33450513) addi a0, a0, 0x334
x10 <- 0x3333333333333334
mem[X,0x000000008003BBDC] -> 0x05B7
mem[X,0x000000008003BBDE] -> 0x0000
[9507] [M]: 0x000000008003BBDC (0x000005B7) lui a1, 0x0
x11 <- 0x0000000000000000
mem[X,0x000000008003BBE0] -> 0x8593
mem[X,0x000000008003BBE2] -> 0xFFF5
[9508] [M]: 0x000000008003BBE0 (0xFFF58593) addi a1, a1, -0x1
x11 <- 0xFFFFFFFFFFFFFFFF
mem[X,0x000000008003BBE4] -> 0x9593
mem[X,0x000000008003BBE6] -> 0x00B5
[9509] [M]: 0x000000008003BBE4 (0x00B59593) slli a1, a1, 0xb
x11 <- 0xFFFFFFFFFFFFF800
mem[X,0x000000008003BBE8] -> 0x8593
mem[X,0x000000008003BBEA] -> 0x2575
[9510] [M]: 0x000000008003BBE8 (0x25758593) addi a1, a1, 0x257
x11 <- 0xFFFFFFFFFFFFFA57
mem[X,0x000000008003BBEC] -> 0x9593
mem[X,0x000000008003BBEE] -> 0x00B5
[9511] [M]: 0x000000008003BBEC (0x00B59593) slli a1, a1, 0xb
x11 <- 0xFFFFFFFFFFD2B800
mem[X,0x000000008003BBF0] -> 0x8593
mem[X,0x000000008003BBF2] -> 0x6C35
[9512] [M]: 0x000000008003BBF0 (0x6C358593) addi a1, a1, 0x6c3
x11 <- 0xFFFFFFFFFFD2BEC3
mem[X,0x000000008003BBF4] -> 0x9593
mem[X,0x000000008003BBF6] -> 0x00A5
[9513] [M]: 0x000000008003BBF4 (0x00A59593) slli a1, a1, 0xa
x11 <- 0xFFFFFFFF4AFB0C00
mem[X,0x000000008003BBF8] -> 0x8593
mem[X,0x000000008003BBFA] -> 0x0CE5
[9514] [M]: 0x000000008003BBF8 (0x0CE58593) addi a1, a1, 0xce
x11 <- 0xFFFFFFFF4AFB0CCE
mem[X,0x000000008003BBFC] -> 0x0213
mem[X,0x000000008003BBFE] -> 0x0000
[9515] [M]: 0x000000008003BBFC (0x00000213) addi tp, zero, 0x0
x4 <- 0x0000000000000000
mem[X,0x000000008003BC00] -> 0x006F
mem[X,0x000000008003BC02] -> 0x0180
[9516] [M]: 0x000000008003BC00 (0x0180006F) jal zero, 0x18
mem[X,0x000000008003BC18] -> 0x06E3
mem[X,0x000000008003BC1A] -> 0xFEB5
[9517] [M]: 0x000000008003BC18 (0xFEB506E3) beq a0, a1, -0x14
mem[X,0x000000008003BC1C] -> 0x0213
mem[X,0x000000008003BC1E] -> 0x0022
[9518] [M]: 0x000000008003BC1C (0x00220213) addi tp, tp, 0x2
x4 <- 0x0000000000000002
mem[X,0x000000008003BC20] -> 0x006F
mem[X,0x000000008003BC22] -> 0x00C0
[9519] [M]: 0x000000008003BC20 (0x00C0006F) jal zero, 0xc
mem[X,0x000000008003BC2C] -> 0x3423
mem[X,0x000000008003BC2E] -> 0x1E41
[9520] [M]: 0x000000008003BC2C (0x1E413423) sd tp, 0x1e8(sp)
mem[0x00000000800493B0] <- 0x0000000000000002
mem[X,0x000000008003BC30] -> 0x3537
mem[X,0x000000008003BC32] -> 0x3333
[9521] [M]: 0x000000008003BC30 (0x33333537) lui a0, 0x33333
x10 <- 0x0000000033333000
mem[X,0x000000008003BC34] -> 0x0513
mem[X,0x000000008003BC36] -> 0x3335
[9522] [M]: 0x000000008003BC34 (0x33350513) addi a0, a0, 0x333
x10 <- 0x0000000033333333
mem[X,0x000000008003BC38] -> 0x1513
mem[X,0x000000008003BC3A] -> 0x00B5
[9523] [M]: 0x000000008003BC38 (0x00B51513) slli a0, a0, 0xb
x10 <- 0x0000019999999800
mem[X,0x000000008003BC3C] -> 0x0513
mem[X,0x000000008003BC3E] -> 0x1995
[9524] [M]: 0x000000008003BC3C (0x19950513) addi a0, a0, 0x199
x10 <- 0x0000019999999999
mem[X,0x000000008003BC40] -> 0x1513
mem[X,0x000000008003BC42] -> 0x00B5
[9525] [M]: 0x000000008003BC40 (0x00B51513) slli a0, a0, 0xb
x10 <- 0x000CCCCCCCCCC800
mem[X,0x000000008003BC44] -> 0x0513
mem[X,0x000000008003BC46] -> 0x4CC5
[9526] [M]: 0x000000008003BC44 (0x4CC50513) addi a0, a0, 0x4cc
x10 <- 0x000CCCCCCCCCCCCC
mem[X,0x000000008003BC48] -> 0x1513
mem[X,0x000000008003BC4A] -> 0x00A5
[9527] [M]: 0x000000008003BC48 (0x00A51513) slli a0, a0, 0xa
x10 <- 0x3333333333333000
mem[X,0x000000008003BC4C] -> 0x0513
mem[X,0x000000008003BC4E] -> 0x3345
[9528] [M]: 0x000000008003BC4C (0x33450513) addi a0, a0, 0x334
x10 <- 0x3333333333333334
mem[X,0x000000008003BC50] -> 0x05B7
mem[X,0x000000008003BC52] -> 0x0000
[9529] [M]: 0x000000008003BC50 (0x000005B7) lui a1, 0x0
x11 <- 0x0000000000000000
mem[X,0x000000008003BC54] -> 0x8593
mem[X,0x000000008003BC56] -> 0x0005
[9530] [M]: 0x000000008003BC54 (0x00058593) addi a1, a1, 0x0
x11 <- 0x0000000000000000
mem[X,0x000000008003BC58] -> 0x9593
mem[X,0x000000008003BC5A] -> 0x00B5
[9531] [M]: 0x000000008003BC58 (0x00B59593) slli a1, a1, 0xb
x11 <- 0x0000000000000000
mem[X,0x000000008003BC5C] -> 0x8593
mem[X,0x000000008003BC5E] -> 0x5A85
[9532] [M]: 0x000000008003BC5C (0x5A858593) addi a1, a1, 0x5a8
x11 <- 0x00000000000005A8
mem[X,0x000000008003BC60] -> 0x9593
mem[X,0x000000008003BC62] -> 0x00B5
[9533] [M]: 0x000000008003BC60 (0x00B59593) slli a1, a1, 0xb
x11 <- 0x00000000002D4000
mem[X,0x000000008003BC64] -> 0x8593
mem[X,0x000000008003BC66] -> 0x13C5
[9534] [M]: 0x000000008003BC64 (0x13C58593) addi a1, a1, 0x13c
x11 <- 0x00000000002D413C
mem[X,0x000000008003BC68] -> 0x9593
mem[X,0x000000008003BC6A] -> 0x00A5
[9535] [M]: 0x000000008003BC68 (0x00A59593) slli a1, a1, 0xa
x11 <- 0x00000000B504F000
mem[X,0x000000008003BC6C] -> 0x8593
mem[X,0x000000008003BC6E] -> 0x3345
[9536] [M]: 0x000000008003BC6C (0x33458593) addi a1, a1, 0x334
x11 <- 0x00000000B504F334
mem[X,0x000000008003BC70] -> 0x0213
mem[X,0x000000008003BC72] -> 0x0000
[9537] [M]: 0x000000008003BC70 (0x00000213) addi tp, zero, 0x0
x4 <- 0x0000000000000000
mem[X,0x000000008003BC74] -> 0x006F
mem[X,0x000000008003BC76] -> 0x00C0
[9538] [M]: 0x000000008003BC74 (0x00C0006F) jal zero, 0xc
mem[X,0x000000008003BC80] -> 0x0663
mem[X,0x000000008003BC82] -> 0x00B5
[9539] [M]: 0x000000008003BC80 (0x00B50663) beq a0, a1, 0xc
mem[X,0x000000008003BC84] -> 0x0213
mem[X,0x000000008003BC86] -> 0x0022
[9540] [M]: 0x000000008003BC84 (0x00220213) addi tp, tp, 0x2
x4 <- 0x0000000000000002
mem[X,0x000000008003BC88] -> 0x006F
mem[X,0x000000008003BC8A] -> 0x00C0
[9541] [M]: 0x000000008003BC88 (0x00C0006F) jal zero, 0xc
mem[X,0x000000008003BC94] -> 0x3823
mem[X,0x000000008003BC96] -> 0x1E41
[9542] [M]: 0x000000008003BC94 (0x1E413823) sd tp, 0x1f0(sp)
mem[0x00000000800493B8] <- 0x0000000000000002
mem[X,0x000000008003BC98] -> 0x6537
mem[X,0x000000008003BC9A] -> 0x6666
[9543] [M]: 0x000000008003BC98 (0x66666537) lui a0, 0x66666
x10 <- 0x0000000066666000
mem[X,0x000000008003BC9C] -> 0x0513
mem[X,0x000000008003BC9E] -> 0x6665
[9544] [M]: 0x000000008003BC9C (0x66650513) addi a0, a0, 0x666
x10 <- 0x0000000066666666
mem[X,0x000000008003BCA0] -> 0x1513
mem[X,0x000000008003BCA2] -> 0x00B5
[9545] [M]: 0x000000008003BCA0 (0x00B51513) slli a0, a0, 0xb
x10 <- 0x0000033333333000
mem[X,0x000000008003BCA4] -> 0x0513
mem[X,0x000000008003BCA6] -> 0x3335
[9546] [M]: 0x000000008003BCA4 (0x33350513) addi a0, a0, 0x333
x10 <- 0x0000033333333333
mem[X,0x000000008003BCA8] -> 0x1513
mem[X,0x000000008003BCAA] -> 0x00B5
[9547] [M]: 0x000000008003BCA8 (0x00B51513) slli a0, a0, 0xb
x10 <- 0x0019999999999800
mem[X,0x000000008003BCAC] -> 0x0513
mem[X,0x000000008003BCAE] -> 0x1995
[9548] [M]: 0x000000008003BCAC (0x19950513) addi a0, a0, 0x199
x10 <- 0x0019999999999999
mem[X,0x000000008003BCB0] -> 0x1513
mem[X,0x000000008003BCB2] -> 0x00A5
[9549] [M]: 0x000000008003BCB0 (0x00A51513) slli a0, a0, 0xa
x10 <- 0x6666666666666400
mem[X,0x000000008003BCB4] -> 0x0513
mem[X,0x000000008003BCB6] -> 0x2675
[9550] [M]: 0x000000008003BCB4 (0x26750513) addi a0, a0, 0x267
x10 <- 0x6666666666666667
mem[X,0x000000008003BCB8] -> 0x0593
mem[X,0x000000008003BCBA] -> 0x0030
[9551] [M]: 0x000000008003BCB8 (0x00300593) addi a1, zero, 0x3
x11 <- 0x0000000000000003
mem[X,0x000000008003BCBC] -> 0x0213
mem[X,0x000000008003BCBE] -> 0x0000
[9552] [M]: 0x000000008003BCBC (0x00000213) addi tp, zero, 0x0
x4 <- 0x0000000000000000
mem[X,0x000000008003BCC0] -> 0x006F
mem[X,0x000000008003BCC2] -> 0x00C0
[9553] [M]: 0x000000008003BCC0 (0x00C0006F) jal zero, 0xc
mem[X,0x000000008003BCCC] -> 0x0CE3
mem[X,0x000000008003BCCE] -> 0xFEB5
[9554] [M]: 0x000000008003BCCC (0xFEB50CE3) beq a0, a1, -0x8
mem[X,0x000000008003BCD0] -> 0x0213
mem[X,0x000000008003BCD2] -> 0x0022
[9555] [M]: 0x000000008003BCD0 (0x00220213) addi tp, tp, 0x2
x4 <- 0x0000000000000002
mem[X,0x000000008003BCD4] -> 0x006F
mem[X,0x000000008003BCD6] -> 0x00C0
[9556] [M]: 0x000000008003BCD4 (0x00C0006F) jal zero, 0xc
mem[X,0x000000008003BCE0] -> 0x3C23
mem[X,0x000000008003BCE2] -> 0x1E41
[9557] [M]: 0x000000008003BCE0 (0x1E413C23) sd tp, 0x1f8(sp)
mem[0x00000000800493C0] <- 0x0000000000000002
mem[X,0x000000008003BCE4] -> 0x6537
mem[X,0x000000008003BCE6] -> 0x6666
[9558] [M]: 0x000000008003BCE4 (0x66666537) lui a0, 0x66666
x10 <- 0x0000000066666000
mem[X,0x000000008003BCE8] -> 0x0513
mem[X,0x000000008003BCEA] -> 0x6665
[9559] [M]: 0x000000008003BCE8 (0x66650513) addi a0, a0, 0x666
x10 <- 0x0000000066666666
mem[X,0x000000008003BCEC] -> 0x1513
mem[X,0x000000008003BCEE] -> 0x00B5
[9560] [M]: 0x000000008003BCEC (0x00B51513) slli a0, a0, 0xb
x10 <- 0x0000033333333000
mem[X,0x000000008003BCF0] -> 0x0513
mem[X,0x000000008003BCF2] -> 0x3335
[9561] [M]: 0x000000008003BCF0 (0x33350513) addi a0, a0, 0x333
x10 <- 0x0000033333333333
mem[X,0x000000008003BCF4] -> 0x1513
mem[X,0x000000008003BCF6] -> 0x00B5
[9562] [M]: 0x000000008003BCF4 (0x00B51513) slli a0, a0, 0xb
x10 <- 0x0019999999999800
mem[X,0x000000008003BCF8] -> 0x0513
mem[X,0x000000008003BCFA] -> 0x1995
[9563] [M]: 0x000000008003BCF8 (0x19950513) addi a0, a0, 0x199
x10 <- 0x0019999999999999
mem[X,0x000000008003BCFC] -> 0x1513
mem[X,0x000000008003BCFE] -> 0x00A5
[9564] [M]: 0x000000008003BCFC (0x00A51513) slli a0, a0, 0xa
x10 <- 0x6666666666666400
mem[X,0x000000008003BD00] -> 0x0513
mem[X,0x000000008003BD02] -> 0x2675
[9565] [M]: 0x000000008003BD00 (0x26750513) addi a0, a0, 0x267
x10 <- 0x6666666666666667
mem[X,0x000000008003BD04] -> 0x55B7
mem[X,0x000000008003BD06] -> 0x5555
[9566] [M]: 0x000000008003BD04 (0x555555B7) lui a1, 0x55555
x11 <- 0x0000000055555000
mem[X,0x000000008003BD08] -> 0x8593
mem[X,0x000000008003BD0A] -> 0x5555
[9567] [M]: 0x000000008003BD08 (0x55558593) addi a1, a1, 0x555
x11 <- 0x0000000055555555
mem[X,0x000000008003BD0C] -> 0x9593
mem[X,0x000000008003BD0E] -> 0x00B5
[9568] [M]: 0x000000008003BD0C (0x00B59593) slli a1, a1, 0xb
x11 <- 0x000002AAAAAAA800
mem[X,0x000000008003BD10] -> 0x8593
mem[X,0x000000008003BD12] -> 0x2AA5
[9569] [M]: 0x000000008003BD10 (0x2AA58593) addi a1, a1, 0x2aa
x11 <- 0x000002AAAAAAAAAA
mem[X,0x000000008003BD14] -> 0x9593
mem[X,0x000000008003BD16] -> 0x00B5
[9570] [M]: 0x000000008003BD14 (0x00B59593) slli a1, a1, 0xb
x11 <- 0x0015555555555000
mem[X,0x000000008003BD18] -> 0x8593
mem[X,0x000000008003BD1A] -> 0x5555
[9571] [M]: 0x000000008003BD18 (0x55558593) addi a1, a1, 0x555
x11 <- 0x0015555555555555
mem[X,0x000000008003BD1C] -> 0x9593
mem[X,0x000000008003BD1E] -> 0x00A5
[9572] [M]: 0x000000008003BD1C (0x00A59593) slli a1, a1, 0xa
x11 <- 0x5555555555555400
mem[X,0x000000008003BD20] -> 0x8593
mem[X,0x000000008003BD22] -> 0x1555
[9573] [M]: 0x000000008003BD20 (0x15558593) addi a1, a1, 0x155
x11 <- 0x5555555555555555
mem[X,0x000000008003BD24] -> 0x0213
mem[X,0x000000008003BD26] -> 0x0000
[9574] [M]: 0x000000008003BD24 (0x00000213) addi tp, zero, 0x0
x4 <- 0x0000000000000000
mem[X,0x000000008003BD28] -> 0x006F
mem[X,0x000000008003BD2A] -> 0x0100
[9575] [M]: 0x000000008003BD28 (0x0100006F) jal zero, 0x10
mem[X,0x000000008003BD38] -> 0x0AE3
mem[X,0x000000008003BD3A] -> 0xFEB5
[9576] [M]: 0x000000008003BD38 (0xFEB50AE3) beq a0, a1, -0xc
mem[X,0x000000008003BD3C] -> 0x0213
mem[X,0x000000008003BD3E] -> 0x0022
[9577] [M]: 0x000000008003BD3C (0x00220213) addi tp, tp, 0x2
x4 <- 0x0000000000000002
mem[X,0x000000008003BD40] -> 0x006F
mem[X,0x000000008003BD42] -> 0x00C0
[9578] [M]: 0x000000008003BD40 (0x00C0006F) jal zero, 0xc
mem[X,0x000000008003BD4C] -> 0x3023
mem[X,0x000000008003BD4E] -> 0x2041
[9579] [M]: 0x000000008003BD4C (0x20413023) sd tp, 0x200(sp)
mem[0x00000000800493C8] <- 0x0000000000000002
mem[X,0x000000008003BD50] -> 0x6537
mem[X,0x000000008003BD52] -> 0x6666
[9580] [M]: 0x000000008003BD50 (0x66666537) lui a0, 0x66666
x10 <- 0x0000000066666000
mem[X,0x000000008003BD54] -> 0x0513
mem[X,0x000000008003BD56] -> 0x6665
[9581] [M]: 0x000000008003BD54 (0x66650513) addi a0, a0, 0x666
x10 <- 0x0000000066666666
mem[X,0x000000008003BD58] -> 0x1513
mem[X,0x000000008003BD5A] -> 0x00B5
[9582] [M]: 0x000000008003BD58 (0x00B51513) slli a0, a0, 0xb
x10 <- 0x0000033333333000
mem[X,0x000000008003BD5C] -> 0x0513
mem[X,0x000000008003BD5E] -> 0x3335
[9583] [M]: 0x000000008003BD5C (0x33350513) addi a0, a0, 0x333
x10 <- 0x0000033333333333
mem[X,0x000000008003BD60] -> 0x1513
mem[X,0x000000008003BD62] -> 0x00B5
[9584] [M]: 0x000000008003BD60 (0x00B51513) slli a0, a0, 0xb
x10 <- 0x0019999999999800
mem[X,0x000000008003BD64] -> 0x0513
mem[X,0x000000008003BD66] -> 0x1995
[9585] [M]: 0x000000008003BD64 (0x19950513) addi a0, a0, 0x199
x10 <- 0x0019999999999999
mem[X,0x000000008003BD68] -> 0x1513
mem[X,0x000000008003BD6A] -> 0x00A5
[9586] [M]: 0x000000008003BD68 (0x00A51513) slli a0, a0, 0xa
x10 <- 0x6666666666666400
mem[X,0x000000008003BD6C] -> 0x0513
mem[X,0x000000008003BD6E] -> 0x2675
[9587] [M]: 0x000000008003BD6C (0x26750513) addi a0, a0, 0x267
x10 <- 0x6666666666666667
mem[X,0x000000008003BD70] -> 0xB5B7
mem[X,0x000000008003BD72] -> 0xAAAA
[9588] [M]: 0x000000008003BD70 (0xAAAAB5B7) lui a1, -0x55555
x11 <- 0xFFFFFFFFAAAAB000
mem[X,0x000000008003BD74] -> 0x8593
mem[X,0x000000008003BD76] -> 0xAAA5
[9589] [M]: 0x000000008003BD74 (0xAAA58593) addi a1, a1, -0x556
x11 <- 0xFFFFFFFFAAAAAAAA
mem[X,0x000000008003BD78] -> 0x9593
mem[X,0x000000008003BD7A] -> 0x00B5
[9590] [M]: 0x000000008003BD78 (0x00B59593) slli a1, a1, 0xb
x11 <- 0xFFFFFD5555555000
mem[X,0x000000008003BD7C] -> 0x8593
mem[X,0x000000008003BD7E] -> 0x5555
[9591] [M]: 0x000000008003BD7C (0x55558593) addi a1, a1, 0x555
x11 <- 0xFFFFFD5555555555
mem[X,0x000000008003BD80] -> 0x9593
mem[X,0x000000008003BD82] -> 0x00B5
[9592] [M]: 0x000000008003BD80 (0x00B59593) slli a1, a1, 0xb
x11 <- 0xFFEAAAAAAAAAA800
mem[X,0x000000008003BD84] -> 0x8593
mem[X,0x000000008003BD86] -> 0x2AA5
[9593] [M]: 0x000000008003BD84 (0x2AA58593) addi a1, a1, 0x2aa
x11 <- 0xFFEAAAAAAAAAAAAA
mem[X,0x000000008003BD88] -> 0x9593
mem[X,0x000000008003BD8A] -> 0x00A5
[9594] [M]: 0x000000008003BD88 (0x00A59593) slli a1, a1, 0xa
x11 <- 0xAAAAAAAAAAAAA800
mem[X,0x000000008003BD8C] -> 0x8593
mem[X,0x000000008003BD8E] -> 0x2AA5
[9595] [M]: 0x000000008003BD8C (0x2AA58593) addi a1, a1, 0x2aa
x11 <- 0xAAAAAAAAAAAAAAAA
mem[X,0x000000008003BD90] -> 0x0213
mem[X,0x000000008003BD92] -> 0x0000
[9596] [M]: 0x000000008003BD90 (0x00000213) addi tp, zero, 0x0
x4 <- 0x0000000000000000
mem[X,0x000000008003BD94] -> 0x006F
mem[X,0x000000008003BD96] -> 0x00C0
[9597] [M]: 0x000000008003BD94 (0x00C0006F) jal zero, 0xc
mem[X,0x000000008003BDA0] -> 0x0CE3
mem[X,0x000000008003BDA2] -> 0xFEB5
[9598] [M]: 0x000000008003BDA0 (0xFEB50CE3) beq a0, a1, -0x8
mem[X,0x000000008003BDA4] -> 0x0213
mem[X,0x000000008003BDA6] -> 0x0022
[9599] [M]: 0x000000008003BDA4 (0x00220213) addi tp, tp, 0x2
x4 <- 0x0000000000000002
clint::tick mtime <- 0x0000000000000060
 clint timer pending at mtime 0x0000000000000060
htif::tick 0x0000000000000000
mem[X,0x000000008003BDA8] -> 0x006F
mem[X,0x000000008003BDAA] -> 0x00C0
[9600] [M]: 0x000000008003BDA8 (0x00C0006F) jal zero, 0xc
mem[X,0x000000008003BDB4] -> 0x3423
mem[X,0x000000008003BDB6] -> 0x2041
[9601] [M]: 0x000000008003BDB4 (0x20413423) sd tp, 0x208(sp)
mem[0x00000000800493D0] <- 0x0000000000000002
mem[X,0x000000008003BDB8] -> 0x6537
mem[X,0x000000008003BDBA] -> 0x6666
[9602] [M]: 0x000000008003BDB8 (0x66666537) lui a0, 0x66666
x10 <- 0x0000000066666000
mem[X,0x000000008003BDBC] -> 0x0513
mem[X,0x000000008003BDBE] -> 0x6665
[9603] [M]: 0x000000008003BDBC (0x66650513) addi a0, a0, 0x666
x10 <- 0x0000000066666666
mem[X,0x000000008003BDC0] -> 0x1513
mem[X,0x000000008003BDC2] -> 0x00B5
[9604] [M]: 0x000000008003BDC0 (0x00B51513) slli a0, a0, 0xb
x10 <- 0x0000033333333000
mem[X,0x000000008003BDC4] -> 0x0513
mem[X,0x000000008003BDC6] -> 0x3335
[9605] [M]: 0x000000008003BDC4 (0x33350513) addi a0, a0, 0x333
x10 <- 0x0000033333333333
mem[X,0x000000008003BDC8] -> 0x1513
mem[X,0x000000008003BDCA] -> 0x00B5
[9606] [M]: 0x000000008003BDC8 (0x00B51513) slli a0, a0, 0xb
x10 <- 0x0019999999999800
mem[X,0x000000008003BDCC] -> 0x0513
mem[X,0x000000008003BDCE] -> 0x1995
[9607] [M]: 0x000000008003BDCC (0x19950513) addi a0, a0, 0x199
x10 <- 0x0019999999999999
mem[X,0x000000008003BDD0] -> 0x1513
mem[X,0x000000008003BDD2] -> 0x00A5
[9608] [M]: 0x000000008003BDD0 (0x00A51513) slli a0, a0, 0xa
x10 <- 0x6666666666666400
mem[X,0x000000008003BDD4] -> 0x0513
mem[X,0x000000008003BDD6] -> 0x2675
[9609] [M]: 0x000000008003BDD4 (0x26750513) addi a0, a0, 0x267
x10 <- 0x6666666666666667
mem[X,0x000000008003BDD8] -> 0x0593
mem[X,0x000000008003BDDA] -> 0x0050
[9610] [M]: 0x000000008003BDD8 (0x00500593) addi a1, zero, 0x5
x11 <- 0x0000000000000005
mem[X,0x000000008003BDDC] -> 0x0213
mem[X,0x000000008003BDDE] -> 0x0000
[9611] [M]: 0x000000008003BDDC (0x00000213) addi tp, zero, 0x0
x4 <- 0x0000000000000000
mem[X,0x000000008003BDE0] -> 0x006F
mem[X,0x000000008003BDE2] -> 0x0050
[9612] [M]: 0x000000008003BDE0 (0x0050006F) jal zero, 0x804
mem[X,0x000000008003C5E4] -> 0x00E3
mem[X,0x000000008003C5E6] -> 0x80B5
[9613] [M]: 0x000000008003C5E4 (0x80B500E3) beq a0, a1, -0x800
mem[X,0x000000008003C5E8] -> 0x0213
mem[X,0x000000008003C5EA] -> 0x0022
[9614] [M]: 0x000000008003C5E8 (0x00220213) addi tp, tp, 0x2
x4 <- 0x0000000000000002
mem[X,0x000000008003C5EC] -> 0x006F
mem[X,0x000000008003C5EE] -> 0x00C0
[9615] [M]: 0x000000008003C5EC (0x00C0006F) jal zero, 0xc
mem[X,0x000000008003C5F8] -> 0x3823
mem[X,0x000000008003C5FA] -> 0x2041
[9616] [M]: 0x000000008003C5F8 (0x20413823) sd tp, 0x210(sp)
mem[0x00000000800493D8] <- 0x0000000000000002
mem[X,0x000000008003C5FC] -> 0x6537
mem[X,0x000000008003C5FE] -> 0x6666
[9617] [M]: 0x000000008003C5FC (0x66666537) lui a0, 0x66666
x10 <- 0x0000000066666000
mem[X,0x000000008003C600] -> 0x0513
mem[X,0x000000008003C602] -> 0x6665
[9618] [M]: 0x000000008003C600 (0x66650513) addi a0, a0, 0x666
x10 <- 0x0000000066666666
mem[X,0x000000008003C604] -> 0x1513
mem[X,0x000000008003C606] -> 0x00B5
[9619] [M]: 0x000000008003C604 (0x00B51513) slli a0, a0, 0xb
x10 <- 0x0000033333333000
mem[X,0x000000008003C608] -> 0x0513
mem[X,0x000000008003C60A] -> 0x3335
[9620] [M]: 0x000000008003C608 (0x33350513) addi a0, a0, 0x333
x10 <- 0x0000033333333333
mem[X,0x000000008003C60C] -> 0x1513
mem[X,0x000000008003C60E] -> 0x00B5
[9621] [M]: 0x000000008003C60C (0x00B51513) slli a0, a0, 0xb
x10 <- 0x0019999999999800
mem[X,0x000000008003C610] -> 0x0513
mem[X,0x000000008003C612] -> 0x1995
[9622] [M]: 0x000000008003C610 (0x19950513) addi a0, a0, 0x199
x10 <- 0x0019999999999999
mem[X,0x000000008003C614] -> 0x1513
mem[X,0x000000008003C616] -> 0x00A5
[9623] [M]: 0x000000008003C614 (0x00A51513) slli a0, a0, 0xa
x10 <- 0x6666666666666400
mem[X,0x000000008003C618] -> 0x0513
mem[X,0x000000008003C61A] -> 0x2675
[9624] [M]: 0x000000008003C618 (0x26750513) addi a0, a0, 0x267
x10 <- 0x6666666666666667
mem[X,0x000000008003C61C] -> 0x35B7
mem[X,0x000000008003C61E] -> 0x3333
[9625] [M]: 0x000000008003C61C (0x333335B7) lui a1, 0x33333
x11 <- 0x0000000033333000
mem[X,0x000000008003C620] -> 0x8593
mem[X,0x000000008003C622] -> 0x3335
[9626] [M]: 0x000000008003C620 (0x33358593) addi a1, a1, 0x333
x11 <- 0x0000000033333333
mem[X,0x000000008003C624] -> 0x9593
mem[X,0x000000008003C626] -> 0x00B5
[9627] [M]: 0x000000008003C624 (0x00B59593) slli a1, a1, 0xb
x11 <- 0x0000019999999800
mem[X,0x000000008003C628] -> 0x8593
mem[X,0x000000008003C62A] -> 0x1995
[9628] [M]: 0x000000008003C628 (0x19958593) addi a1, a1, 0x199
x11 <- 0x0000019999999999
mem[X,0x000000008003C62C] -> 0x9593
mem[X,0x000000008003C62E] -> 0x00B5
[9629] [M]: 0x000000008003C62C (0x00B59593) slli a1, a1, 0xb
x11 <- 0x000CCCCCCCCCC800
mem[X,0x000000008003C630] -> 0x8593
mem[X,0x000000008003C632] -> 0x4CC5
[9630] [M]: 0x000000008003C630 (0x4CC58593) addi a1, a1, 0x4cc
x11 <- 0x000CCCCCCCCCCCCC
mem[X,0x000000008003C634] -> 0x9593
mem[X,0x000000008003C636] -> 0x00A5
[9631] [M]: 0x000000008003C634 (0x00A59593) slli a1, a1, 0xa
x11 <- 0x3333333333333000
mem[X,0x000000008003C638] -> 0x8593
mem[X,0x000000008003C63A] -> 0x3335
[9632] [M]: 0x000000008003C638 (0x33358593) addi a1, a1, 0x333
x11 <- 0x3333333333333333
mem[X,0x000000008003C63C] -> 0x0213
mem[X,0x000000008003C63E] -> 0x0000
[9633] [M]: 0x000000008003C63C (0x00000213) addi tp, zero, 0x0
x4 <- 0x0000000000000000
mem[X,0x000000008003C640] -> 0x006F
mem[X,0x000000008003C642] -> 0x00C0
[9634] [M]: 0x000000008003C640 (0x00C0006F) jal zero, 0xc
mem[X,0x000000008003C64C] -> 0x0663
mem[X,0x000000008003C64E] -> 0x00B5
[9635] [M]: 0x000000008003C64C (0x00B50663) beq a0, a1, 0xc
mem[X,0x000000008003C650] -> 0x0213
mem[X,0x000000008003C652] -> 0x0022
[9636] [M]: 0x000000008003C650 (0x00220213) addi tp, tp, 0x2
x4 <- 0x0000000000000002
mem[X,0x000000008003C654] -> 0x006F
mem[X,0x000000008003C656] -> 0x00C0
[9637] [M]: 0x000000008003C654 (0x00C0006F) jal zero, 0xc
mem[X,0x000000008003C660] -> 0x3C23
mem[X,0x000000008003C662] -> 0x2041
[9638] [M]: 0x000000008003C660 (0x20413C23) sd tp, 0x218(sp)
mem[0x00000000800493E0] <- 0x0000000000000002
mem[X,0x000000008003C664] -> 0x6537
mem[X,0x000000008003C666] -> 0x6666
[9639] [M]: 0x000000008003C664 (0x66666537) lui a0, 0x66666
x10 <- 0x0000000066666000
mem[X,0x000000008003C668] -> 0x0513
mem[X,0x000000008003C66A] -> 0x6665
[9640] [M]: 0x000000008003C668 (0x66650513) addi a0, a0, 0x666
x10 <- 0x0000000066666666
mem[X,0x000000008003C66C] -> 0x1513
mem[X,0x000000008003C66E] -> 0x00B5
[9641] [M]: 0x000000008003C66C (0x00B51513) slli a0, a0, 0xb
x10 <- 0x0000033333333000
mem[X,0x000000008003C670] -> 0x0513
mem[X,0x000000008003C672] -> 0x3335
[9642] [M]: 0x000000008003C670 (0x33350513) addi a0, a0, 0x333
x10 <- 0x0000033333333333
mem[X,0x000000008003C674] -> 0x1513
mem[X,0x000000008003C676] -> 0x00B5
[9643] [M]: 0x000000008003C674 (0x00B51513) slli a0, a0, 0xb
x10 <- 0x0019999999999800
mem[X,0x000000008003C678] -> 0x0513
mem[X,0x000000008003C67A] -> 0x1995
[9644] [M]: 0x000000008003C678 (0x19950513) addi a0, a0, 0x199
x10 <- 0x0019999999999999
mem[X,0x000000008003C67C] -> 0x1513
mem[X,0x000000008003C67E] -> 0x00A5
[9645] [M]: 0x000000008003C67C (0x00A51513) slli a0, a0, 0xa
x10 <- 0x6666666666666400
mem[X,0x000000008003C680] -> 0x0513
mem[X,0x000000008003C682] -> 0x2675
[9646] [M]: 0x000000008003C680 (0x26750513) addi a0, a0, 0x267
x10 <- 0x6666666666666667
mem[X,0x000000008003C684] -> 0x65B7
mem[X,0x000000008003C686] -> 0x6666
[9647] [M]: 0x000000008003C684 (0x666665B7) lui a1, 0x66666
x11 <- 0x0000000066666000
mem[X,0x000000008003C688] -> 0x8593
mem[X,0x000000008003C68A] -> 0x6665
[9648] [M]: 0x000000008003C688 (0x66658593) addi a1, a1, 0x666
x11 <- 0x0000000066666666
mem[X,0x000000008003C68C] -> 0x9593
mem[X,0x000000008003C68E] -> 0x00B5
[9649] [M]: 0x000000008003C68C (0x00B59593) slli a1, a1, 0xb
x11 <- 0x0000033333333000
mem[X,0x000000008003C690] -> 0x8593
mem[X,0x000000008003C692] -> 0x3335
[9650] [M]: 0x000000008003C690 (0x33358593) addi a1, a1, 0x333
x11 <- 0x0000033333333333
mem[X,0x000000008003C694] -> 0x9593
mem[X,0x000000008003C696] -> 0x00B5
[9651] [M]: 0x000000008003C694 (0x00B59593) slli a1, a1, 0xb
x11 <- 0x0019999999999800
mem[X,0x000000008003C698] -> 0x8593
mem[X,0x000000008003C69A] -> 0x1995
[9652] [M]: 0x000000008003C698 (0x19958593) addi a1, a1, 0x199
x11 <- 0x0019999999999999
mem[X,0x000000008003C69C] -> 0x9593
mem[X,0x000000008003C69E] -> 0x00A5
[9653] [M]: 0x000000008003C69C (0x00A59593) slli a1, a1, 0xa
x11 <- 0x6666666666666400
mem[X,0x000000008003C6A0] -> 0x8593
mem[X,0x000000008003C6A2] -> 0x2665
[9654] [M]: 0x000000008003C6A0 (0x26658593) addi a1, a1, 0x266
x11 <- 0x6666666666666666
mem[X,0x000000008003C6A4] -> 0x0213
mem[X,0x000000008003C6A6] -> 0x0000
[9655] [M]: 0x000000008003C6A4 (0x00000213) addi tp, zero, 0x0
x4 <- 0x0000000000000000
mem[X,0x000000008003C6A8] -> 0x006F
mem[X,0x000000008003C6AA] -> 0x00C0
[9656] [M]: 0x000000008003C6A8 (0x00C0006F) jal zero, 0xc
mem[X,0x000000008003C6B4] -> 0x0CE3
mem[X,0x000000008003C6B6] -> 0xFEB5
[9657] [M]: 0x000000008003C6B4 (0xFEB50CE3) beq a0, a1, -0x8
mem[X,0x000000008003C6B8] -> 0x0213
mem[X,0x000000008003C6BA] -> 0x0022
[9658] [M]: 0x000000008003C6B8 (0x00220213) addi tp, tp, 0x2
x4 <- 0x0000000000000002
mem[X,0x000000008003C6BC] -> 0x006F
mem[X,0x000000008003C6BE] -> 0x00C0
[9659] [M]: 0x000000008003C6BC (0x00C0006F) jal zero, 0xc
mem[X,0x000000008003C6C8] -> 0x3023
mem[X,0x000000008003C6CA] -> 0x2241
[9660] [M]: 0x000000008003C6C8 (0x22413023) sd tp, 0x220(sp)
mem[0x00000000800493E8] <- 0x0000000000000002
mem[X,0x000000008003C6CC] -> 0x6537
mem[X,0x000000008003C6CE] -> 0x6666
[9661] [M]: 0x000000008003C6CC (0x66666537) lui a0, 0x66666
x10 <- 0x0000000066666000
mem[X,0x000000008003C6D0] -> 0x0513
mem[X,0x000000008003C6D2] -> 0x6665
[9662] [M]: 0x000000008003C6D0 (0x66650513) addi a0, a0, 0x666
x10 <- 0x0000000066666666
mem[X,0x000000008003C6D4] -> 0x1513
mem[X,0x000000008003C6D6] -> 0x00B5
[9663] [M]: 0x000000008003C6D4 (0x00B51513) slli a0, a0, 0xb
x10 <- 0x0000033333333000
mem[X,0x000000008003C6D8] -> 0x0513
mem[X,0x000000008003C6DA] -> 0x3335
[9664] [M]: 0x000000008003C6D8 (0x33350513) addi a0, a0, 0x333
x10 <- 0x0000033333333333
mem[X,0x000000008003C6DC] -> 0x1513
mem[X,0x000000008003C6DE] -> 0x00B5
[9665] [M]: 0x000000008003C6DC (0x00B51513) slli a0, a0, 0xb
x10 <- 0x0019999999999800
mem[X,0x000000008003C6E0] -> 0x0513
mem[X,0x000000008003C6E2] -> 0x1995
[9666] [M]: 0x000000008003C6E0 (0x19950513) addi a0, a0, 0x199
x10 <- 0x0019999999999999
mem[X,0x000000008003C6E4] -> 0x1513
mem[X,0x000000008003C6E6] -> 0x00A5
[9667] [M]: 0x000000008003C6E4 (0x00A51513) slli a0, a0, 0xa
x10 <- 0x6666666666666400
mem[X,0x000000008003C6E8] -> 0x0513
mem[X,0x000000008003C6EA] -> 0x2675
[9668] [M]: 0x000000008003C6E8 (0x26750513) addi a0, a0, 0x267
x10 <- 0x6666666666666667
mem[X,0x000000008003C6EC] -> 0x05B7
mem[X,0x000000008003C6EE] -> 0x0000
[9669] [M]: 0x000000008003C6EC (0x000005B7) lui a1, 0x0
x11 <- 0x0000000000000000
mem[X,0x000000008003C6F0] -> 0x8593
mem[X,0x000000008003C6F2] -> 0xFFF5
[9670] [M]: 0x000000008003C6F0 (0xFFF58593) addi a1, a1, -0x1
x11 <- 0xFFFFFFFFFFFFFFFF
mem[X,0x000000008003C6F4] -> 0x9593
mem[X,0x000000008003C6F6] -> 0x00B5
[9671] [M]: 0x000000008003C6F4 (0x00B59593) slli a1, a1, 0xb
x11 <- 0xFFFFFFFFFFFFF800
mem[X,0x000000008003C6F8] -> 0x8593
mem[X,0x000000008003C6FA] -> 0x2575
[9672] [M]: 0x000000008003C6F8 (0x25758593) addi a1, a1, 0x257
x11 <- 0xFFFFFFFFFFFFFA57
mem[X,0x000000008003C6FC] -> 0x9593
mem[X,0x000000008003C6FE] -> 0x00B5
[9673] [M]: 0x000000008003C6FC (0x00B59593) slli a1, a1, 0xb
x11 <- 0xFFFFFFFFFFD2B800
mem[X,0x000000008003C700] -> 0x8593
mem[X,0x000000008003C702] -> 0x6C35
[9674] [M]: 0x000000008003C700 (0x6C358593) addi a1, a1, 0x6c3
x11 <- 0xFFFFFFFFFFD2BEC3
mem[X,0x000000008003C704] -> 0x9593
mem[X,0x000000008003C706] -> 0x00A5
[9675] [M]: 0x000000008003C704 (0x00A59593) slli a1, a1, 0xa
x11 <- 0xFFFFFFFF4AFB0C00
mem[X,0x000000008003C708] -> 0x8593
mem[X,0x000000008003C70A] -> 0x0CD5
[9676] [M]: 0x000000008003C708 (0x0CD58593) addi a1, a1, 0xcd
x11 <- 0xFFFFFFFF4AFB0CCD
mem[X,0x000000008003C70C] -> 0x0213
mem[X,0x000000008003C70E] -> 0x0000
[9677] [M]: 0x000000008003C70C (0x00000213) addi tp, zero, 0x0
x4 <- 0x0000000000000000
mem[X,0x000000008003C710] -> 0x006F
mem[X,0x000000008003C712] -> 0x00C0
[9678] [M]: 0x000000008003C710 (0x00C0006F) jal zero, 0xc
mem[X,0x000000008003C71C] -> 0x0063
mem[X,0x000000008003C71E] -> 0x02B5
[9679] [M]: 0x000000008003C71C (0x02B50063) beq a0, a1, 0x20
mem[X,0x000000008003C720] -> 0x0213
mem[X,0x000000008003C722] -> 0x0022
[9680] [M]: 0x000000008003C720 (0x00220213) addi tp, tp, 0x2
x4 <- 0x0000000000000002
mem[X,0x000000008003C724] -> 0x006F
mem[X,0x000000008003C726] -> 0x0200
[9681] [M]: 0x000000008003C724 (0x0200006F) jal zero, 0x20
mem[X,0x000000008003C744] -> 0x3423
mem[X,0x000000008003C746] -> 0x2241
[9682] [M]: 0x000000008003C744 (0x22413423) sd tp, 0x228(sp)
mem[0x00000000800493F0] <- 0x0000000000000002
mem[X,0x000000008003C748] -> 0x6537
mem[X,0x000000008003C74A] -> 0x6666
[9683] [M]: 0x000000008003C748 (0x66666537) lui a0, 0x66666
x10 <- 0x0000000066666000
mem[X,0x000000008003C74C] -> 0x0513
mem[X,0x000000008003C74E] -> 0x6665
[9684] [M]: 0x000000008003C74C (0x66650513) addi a0, a0, 0x666
x10 <- 0x0000000066666666
mem[X,0x000000008003C750] -> 0x1513
mem[X,0x000000008003C752] -> 0x00B5
[9685] [M]: 0x000000008003C750 (0x00B51513) slli a0, a0, 0xb
x10 <- 0x0000033333333000
mem[X,0x000000008003C754] -> 0x0513
mem[X,0x000000008003C756] -> 0x3335
[9686] [M]: 0x000000008003C754 (0x33350513) addi a0, a0, 0x333
x10 <- 0x0000033333333333
mem[X,0x000000008003C758] -> 0x1513
mem[X,0x000000008003C75A] -> 0x00B5
[9687] [M]: 0x000000008003C758 (0x00B51513) slli a0, a0, 0xb
x10 <- 0x0019999999999800
mem[X,0x000000008003C75C] -> 0x0513
mem[X,0x000000008003C75E] -> 0x1995
[9688] [M]: 0x000000008003C75C (0x19950513) addi a0, a0, 0x199
x10 <- 0x0019999999999999
mem[X,0x000000008003C760] -> 0x1513
mem[X,0x000000008003C762] -> 0x00A5
[9689] [M]: 0x000000008003C760 (0x00A51513) slli a0, a0, 0xa
x10 <- 0x6666666666666400
mem[X,0x000000008003C764] -> 0x0513
mem[X,0x000000008003C766] -> 0x2675
[9690] [M]: 0x000000008003C764 (0x26750513) addi a0, a0, 0x267
x10 <- 0x6666666666666667
mem[X,0x000000008003C768] -> 0x05B7
mem[X,0x000000008003C76A] -> 0x0000
[9691] [M]: 0x000000008003C768 (0x000005B7) lui a1, 0x0
x11 <- 0x0000000000000000
mem[X,0x000000008003C76C] -> 0x8593
mem[X,0x000000008003C76E] -> 0x0005
[9692] [M]: 0x000000008003C76C (0x00058593) addi a1, a1, 0x0
x11 <- 0x0000000000000000
mem[X,0x000000008003C770] -> 0x9593
mem[X,0x000000008003C772] -> 0x00B5
[9693] [M]: 0x000000008003C770 (0x00B59593) slli a1, a1, 0xb
x11 <- 0x0000000000000000
mem[X,0x000000008003C774] -> 0x8593
mem[X,0x000000008003C776] -> 0x5A85
[9694] [M]: 0x000000008003C774 (0x5A858593) addi a1, a1, 0x5a8
x11 <- 0x00000000000005A8
mem[X,0x000000008003C778] -> 0x9593
mem[X,0x000000008003C77A] -> 0x00B5
[9695] [M]: 0x000000008003C778 (0x00B59593) slli a1, a1, 0xb
x11 <- 0x00000000002D4000
mem[X,0x000000008003C77C] -> 0x8593
mem[X,0x000000008003C77E] -> 0x13C5
[9696] [M]: 0x000000008003C77C (0x13C58593) addi a1, a1, 0x13c
x11 <- 0x00000000002D413C
mem[X,0x000000008003C780] -> 0x9593
mem[X,0x000000008003C782] -> 0x00A5
[9697] [M]: 0x000000008003C780 (0x00A59593) slli a1, a1, 0xa
x11 <- 0x00000000B504F000
mem[X,0x000000008003C784] -> 0x8593
mem[X,0x000000008003C786] -> 0x3335
[9698] [M]: 0x000000008003C784 (0x33358593) addi a1, a1, 0x333
x11 <- 0x00000000B504F333
mem[X,0x000000008003C788] -> 0x0213
mem[X,0x000000008003C78A] -> 0x0000
[9699] [M]: 0x000000008003C788 (0x00000213) addi tp, zero, 0x0
x4 <- 0x0000000000000000
clint::tick mtime <- 0x0000000000000061
 clint timer pending at mtime 0x0000000000000061
htif::tick 0x0000000000000000
mem[X,0x000000008003C78C] -> 0x006F
mem[X,0x000000008003C78E] -> 0x00C0
[9700] [M]: 0x000000008003C78C (0x00C0006F) jal zero, 0xc
mem[X,0x000000008003C798] -> 0x0863
mem[X,0x000000008003C79A] -> 0x00B5
[9701] [M]: 0x000000008003C798 (0x00B50863) beq a0, a1, 0x10
mem[X,0x000000008003C79C] -> 0x0213
mem[X,0x000000008003C79E] -> 0x0022
[9702] [M]: 0x000000008003C79C (0x00220213) addi tp, tp, 0x2
x4 <- 0x0000000000000002
mem[X,0x000000008003C7A0] -> 0x006F
mem[X,0x000000008003C7A2] -> 0x0100
[9703] [M]: 0x000000008003C7A0 (0x0100006F) jal zero, 0x10
mem[X,0x000000008003C7B0] -> 0x3823
mem[X,0x000000008003C7B2] -> 0x2241
[9704] [M]: 0x000000008003C7B0 (0x22413823) sd tp, 0x230(sp)
mem[0x00000000800493F8] <- 0x0000000000000002
mem[X,0x000000008003C7B4] -> 0x6537
mem[X,0x000000008003C7B6] -> 0x6666
[9705] [M]: 0x000000008003C7B4 (0x66666537) lui a0, 0x66666
x10 <- 0x0000000066666000
mem[X,0x000000008003C7B8] -> 0x0513
mem[X,0x000000008003C7BA] -> 0x6665
[9706] [M]: 0x000000008003C7B8 (0x66650513) addi a0, a0, 0x666
x10 <- 0x0000000066666666
mem[X,0x000000008003C7BC] -> 0x1513
mem[X,0x000000008003C7BE] -> 0x00B5
[9707] [M]: 0x000000008003C7BC (0x00B51513) slli a0, a0, 0xb
x10 <- 0x0000033333333000
mem[X,0x000000008003C7C0] -> 0x0513
mem[X,0x000000008003C7C2] -> 0x3335
[9708] [M]: 0x000000008003C7C0 (0x33350513) addi a0, a0, 0x333
x10 <- 0x0000033333333333
mem[X,0x000000008003C7C4] -> 0x1513
mem[X,0x000000008003C7C6] -> 0x00B5
[9709] [M]: 0x000000008003C7C4 (0x00B51513) slli a0, a0, 0xb
x10 <- 0x0019999999999800
mem[X,0x000000008003C7C8] -> 0x0513
mem[X,0x000000008003C7CA] -> 0x1995
[9710] [M]: 0x000000008003C7C8 (0x19950513) addi a0, a0, 0x199
x10 <- 0x0019999999999999
mem[X,0x000000008003C7CC] -> 0x1513
mem[X,0x000000008003C7CE] -> 0x00A5
[9711] [M]: 0x000000008003C7CC (0x00A51513) slli a0, a0, 0xa
x10 <- 0x6666666666666400
mem[X,0x000000008003C7D0] -> 0x0513
mem[X,0x000000008003C7D2] -> 0x2675
[9712] [M]: 0x000000008003C7D0 (0x26750513) addi a0, a0, 0x267
x10 <- 0x6666666666666667
mem[X,0x000000008003C7D4] -> 0x0593
mem[X,0x000000008003C7D6] -> 0x0020
[9713] [M]: 0x000000008003C7D4 (0x00200593) addi a1, zero, 0x2
x11 <- 0x0000000000000002
mem[X,0x000000008003C7D8] -> 0x0213
mem[X,0x000000008003C7DA] -> 0x0000
[9714] [M]: 0x000000008003C7D8 (0x00000213) addi tp, zero, 0x0
x4 <- 0x0000000000000000
mem[X,0x000000008003C7DC] -> 0x006F
mem[X,0x000000008003C7DE] -> 0x00C0
[9715] [M]: 0x000000008003C7DC (0x00C0006F) jal zero, 0xc
mem[X,0x000000008003C7E8] -> 0x0663
mem[X,0x000000008003C7EA] -> 0x00B5
[9716] [M]: 0x000000008003C7E8 (0x00B50663) beq a0, a1, 0xc
mem[X,0x000000008003C7EC] -> 0x0213
mem[X,0x000000008003C7EE] -> 0x0022
[9717] [M]: 0x000000008003C7EC (0x00220213) addi tp, tp, 0x2
x4 <- 0x0000000000000002
mem[X,0x000000008003C7F0] -> 0x006F
mem[X,0x000000008003C7F2] -> 0x00C0
[9718] [M]: 0x000000008003C7F0 (0x00C0006F) jal zero, 0xc
mem[X,0x000000008003C7FC] -> 0x3C23
mem[X,0x000000008003C7FE] -> 0x2241
[9719] [M]: 0x000000008003C7FC (0x22413C23) sd tp, 0x238(sp)
mem[0x0000000080049400] <- 0x0000000000000002
mem[X,0x000000008003C800] -> 0x6537
mem[X,0x000000008003C802] -> 0x6666
[9720] [M]: 0x000000008003C800 (0x66666537) lui a0, 0x66666
x10 <- 0x0000000066666000
mem[X,0x000000008003C804] -> 0x0513
mem[X,0x000000008003C806] -> 0x6665
[9721] [M]: 0x000000008003C804 (0x66650513) addi a0, a0, 0x666
x10 <- 0x0000000066666666
mem[X,0x000000008003C808] -> 0x1513
mem[X,0x000000008003C80A] -> 0x00B5
[9722] [M]: 0x000000008003C808 (0x00B51513) slli a0, a0, 0xb
x10 <- 0x0000033333333000
mem[X,0x000000008003C80C] -> 0x0513
mem[X,0x000000008003C80E] -> 0x3335
[9723] [M]: 0x000000008003C80C (0x33350513) addi a0, a0, 0x333
x10 <- 0x0000033333333333
mem[X,0x000000008003C810] -> 0x1513
mem[X,0x000000008003C812] -> 0x00B5
[9724] [M]: 0x000000008003C810 (0x00B51513) slli a0, a0, 0xb
x10 <- 0x0019999999999800
mem[X,0x000000008003C814] -> 0x0513
mem[X,0x000000008003C816] -> 0x1995
[9725] [M]: 0x000000008003C814 (0x19950513) addi a0, a0, 0x199
x10 <- 0x0019999999999999
mem[X,0x000000008003C818] -> 0x1513
mem[X,0x000000008003C81A] -> 0x00A5
[9726] [M]: 0x000000008003C818 (0x00A51513) slli a0, a0, 0xa
x10 <- 0x6666666666666400
mem[X,0x000000008003C81C] -> 0x0513
mem[X,0x000000008003C81E] -> 0x2675
[9727] [M]: 0x000000008003C81C (0x26750513) addi a0, a0, 0x267
x10 <- 0x6666666666666667
mem[X,0x000000008003C820] -> 0x55B7
mem[X,0x000000008003C822] -> 0x5555
[9728] [M]: 0x000000008003C820 (0x555555B7) lui a1, 0x55555
x11 <- 0x0000000055555000
mem[X,0x000000008003C824] -> 0x8593
mem[X,0x000000008003C826] -> 0x5555
[9729] [M]: 0x000000008003C824 (0x55558593) addi a1, a1, 0x555
x11 <- 0x0000000055555555
mem[X,0x000000008003C828] -> 0x9593
mem[X,0x000000008003C82A] -> 0x00B5
[9730] [M]: 0x000000008003C828 (0x00B59593) slli a1, a1, 0xb
x11 <- 0x000002AAAAAAA800
mem[X,0x000000008003C82C] -> 0x8593
mem[X,0x000000008003C82E] -> 0x2AA5
[9731] [M]: 0x000000008003C82C (0x2AA58593) addi a1, a1, 0x2aa
x11 <- 0x000002AAAAAAAAAA
mem[X,0x000000008003C830] -> 0x9593
mem[X,0x000000008003C832] -> 0x00B5
[9732] [M]: 0x000000008003C830 (0x00B59593) slli a1, a1, 0xb
x11 <- 0x0015555555555000
mem[X,0x000000008003C834] -> 0x8593
mem[X,0x000000008003C836] -> 0x5555
[9733] [M]: 0x000000008003C834 (0x55558593) addi a1, a1, 0x555
x11 <- 0x0015555555555555
mem[X,0x000000008003C838] -> 0x9593
mem[X,0x000000008003C83A] -> 0x00A5
[9734] [M]: 0x000000008003C838 (0x00A59593) slli a1, a1, 0xa
x11 <- 0x5555555555555400
mem[X,0x000000008003C83C] -> 0x8593
mem[X,0x000000008003C83E] -> 0x1545
[9735] [M]: 0x000000008003C83C (0x15458593) addi a1, a1, 0x154
x11 <- 0x5555555555555554
mem[X,0x000000008003C840] -> 0x0213
mem[X,0x000000008003C842] -> 0x0000
[9736] [M]: 0x000000008003C840 (0x00000213) addi tp, zero, 0x0
x4 <- 0x0000000000000000
mem[X,0x000000008003C844] -> 0x006F
mem[X,0x000000008003C846] -> 0x00C0
[9737] [M]: 0x000000008003C844 (0x00C0006F) jal zero, 0xc
mem[X,0x000000008003C850] -> 0x0CE3
mem[X,0x000000008003C852] -> 0xFEB5
[9738] [M]: 0x000000008003C850 (0xFEB50CE3) beq a0, a1, -0x8
mem[X,0x000000008003C854] -> 0x0213
mem[X,0x000000008003C856] -> 0x0022
[9739] [M]: 0x000000008003C854 (0x00220213) addi tp, tp, 0x2
x4 <- 0x0000000000000002
mem[X,0x000000008003C858] -> 0x006F
mem[X,0x000000008003C85A] -> 0x00C0
[9740] [M]: 0x000000008003C858 (0x00C0006F) jal zero, 0xc
mem[X,0x000000008003C864] -> 0x3023
mem[X,0x000000008003C866] -> 0x2441
[9741] [M]: 0x000000008003C864 (0x24413023) sd tp, 0x240(sp)
mem[0x0000000080049408] <- 0x0000000000000002
mem[X,0x000000008003C868] -> 0x6537
mem[X,0x000000008003C86A] -> 0x6666
[9742] [M]: 0x000000008003C868 (0x66666537) lui a0, 0x66666
x10 <- 0x0000000066666000
mem[X,0x000000008003C86C] -> 0x0513
mem[X,0x000000008003C86E] -> 0x6665
[9743] [M]: 0x000000008003C86C (0x66650513) addi a0, a0, 0x666
x10 <- 0x0000000066666666
mem[X,0x000000008003C870] -> 0x1513
mem[X,0x000000008003C872] -> 0x00B5
[9744] [M]: 0x000000008003C870 (0x00B51513) slli a0, a0, 0xb
x10 <- 0x0000033333333000
mem[X,0x000000008003C874] -> 0x0513
mem[X,0x000000008003C876] -> 0x3335
[9745] [M]: 0x000000008003C874 (0x33350513) addi a0, a0, 0x333
x10 <- 0x0000033333333333
mem[X,0x000000008003C878] -> 0x1513
mem[X,0x000000008003C87A] -> 0x00B5
[9746] [M]: 0x000000008003C878 (0x00B51513) slli a0, a0, 0xb
x10 <- 0x0019999999999800
mem[X,0x000000008003C87C] -> 0x0513
mem[X,0x000000008003C87E] -> 0x1995
[9747] [M]: 0x000000008003C87C (0x19950513) addi a0, a0, 0x199
x10 <- 0x0019999999999999
mem[X,0x000000008003C880] -> 0x1513
mem[X,0x000000008003C882] -> 0x00A5
[9748] [M]: 0x000000008003C880 (0x00A51513) slli a0, a0, 0xa
x10 <- 0x6666666666666400
mem[X,0x000000008003C884] -> 0x0513
mem[X,0x000000008003C886] -> 0x2675
[9749] [M]: 0x000000008003C884 (0x26750513) addi a0, a0, 0x267
x10 <- 0x6666666666666667
mem[X,0x000000008003C888] -> 0x0593
mem[X,0x000000008003C88A] -> 0x0000
[9750] [M]: 0x000000008003C888 (0x00000593) addi a1, zero, 0x0
x11 <- 0x0000000000000000
mem[X,0x000000008003C88C] -> 0x0213
mem[X,0x000000008003C88E] -> 0x0000
[9751] [M]: 0x000000008003C88C (0x00000213) addi tp, zero, 0x0
x4 <- 0x0000000000000000
mem[X,0x000000008003C890] -> 0x006F
mem[X,0x000000008003C892] -> 0x00C0
[9752] [M]: 0x000000008003C890 (0x00C0006F) jal zero, 0xc
mem[X,0x000000008003C89C] -> 0x0CE3
mem[X,0x000000008003C89E] -> 0xFEB5
[9753] [M]: 0x000000008003C89C (0xFEB50CE3) beq a0, a1, -0x8
mem[X,0x000000008003C8A0] -> 0x0213
mem[X,0x000000008003C8A2] -> 0x0022
[9754] [M]: 0x000000008003C8A0 (0x00220213) addi tp, tp, 0x2
x4 <- 0x0000000000000002
mem[X,0x000000008003C8A4] -> 0x006F
mem[X,0x000000008003C8A6] -> 0x00C0
[9755] [M]: 0x000000008003C8A4 (0x00C0006F) jal zero, 0xc
mem[X,0x000000008003C8B0] -> 0x3423
mem[X,0x000000008003C8B2] -> 0x2441
[9756] [M]: 0x000000008003C8B0 (0x24413423) sd tp, 0x248(sp)
mem[0x0000000080049410] <- 0x0000000000000002
mem[X,0x000000008003C8B4] -> 0x6537
mem[X,0x000000008003C8B6] -> 0x6666
[9757] [M]: 0x000000008003C8B4 (0x66666537) lui a0, 0x66666
x10 <- 0x0000000066666000
mem[X,0x000000008003C8B8] -> 0x0513
mem[X,0x000000008003C8BA] -> 0x6665
[9758] [M]: 0x000000008003C8B8 (0x66650513) addi a0, a0, 0x666
x10 <- 0x0000000066666666
mem[X,0x000000008003C8BC] -> 0x1513
mem[X,0x000000008003C8BE] -> 0x00B5
[9759] [M]: 0x000000008003C8BC (0x00B51513) slli a0, a0, 0xb
x10 <- 0x0000033333333000
mem[X,0x000000008003C8C0] -> 0x0513
mem[X,0x000000008003C8C2] -> 0x3335
[9760] [M]: 0x000000008003C8C0 (0x33350513) addi a0, a0, 0x333
x10 <- 0x0000033333333333
mem[X,0x000000008003C8C4] -> 0x1513
mem[X,0x000000008003C8C6] -> 0x00B5
[9761] [M]: 0x000000008003C8C4 (0x00B51513) slli a0, a0, 0xb
x10 <- 0x0019999999999800
mem[X,0x000000008003C8C8] -> 0x0513
mem[X,0x000000008003C8CA] -> 0x1995
[9762] [M]: 0x000000008003C8C8 (0x19950513) addi a0, a0, 0x199
x10 <- 0x0019999999999999
mem[X,0x000000008003C8CC] -> 0x1513
mem[X,0x000000008003C8CE] -> 0x00A5
[9763] [M]: 0x000000008003C8CC (0x00A51513) slli a0, a0, 0xa
x10 <- 0x6666666666666400
mem[X,0x000000008003C8D0] -> 0x0513
mem[X,0x000000008003C8D2] -> 0x2675
[9764] [M]: 0x000000008003C8D0 (0x26750513) addi a0, a0, 0x267
x10 <- 0x6666666666666667
mem[X,0x000000008003C8D4] -> 0x0593
mem[X,0x000000008003C8D6] -> 0x0040
[9765] [M]: 0x000000008003C8D4 (0x00400593) addi a1, zero, 0x4
x11 <- 0x0000000000000004
mem[X,0x000000008003C8D8] -> 0x0213
mem[X,0x000000008003C8DA] -> 0x0000
[9766] [M]: 0x000000008003C8D8 (0x00000213) addi tp, zero, 0x0
x4 <- 0x0000000000000000
mem[X,0x000000008003C8DC] -> 0x006F
mem[X,0x000000008003C8DE] -> 0x00C0
[9767] [M]: 0x000000008003C8DC (0x00C0006F) jal zero, 0xc
mem[X,0x000000008003C8E8] -> 0x0CE3
mem[X,0x000000008003C8EA] -> 0xFEB5
[9768] [M]: 0x000000008003C8E8 (0xFEB50CE3) beq a0, a1, -0x8
mem[X,0x000000008003C8EC] -> 0x0213
mem[X,0x000000008003C8EE] -> 0x0022
[9769] [M]: 0x000000008003C8EC (0x00220213) addi tp, tp, 0x2
x4 <- 0x0000000000000002
mem[X,0x000000008003C8F0] -> 0x006F
mem[X,0x000000008003C8F2] -> 0x00C0
[9770] [M]: 0x000000008003C8F0 (0x00C0006F) jal zero, 0xc
mem[X,0x000000008003C8FC] -> 0x3823
mem[X,0x000000008003C8FE] -> 0x2441
[9771] [M]: 0x000000008003C8FC (0x24413823) sd tp, 0x250(sp)
mem[0x0000000080049418] <- 0x0000000000000002
mem[X,0x000000008003C900] -> 0x6537
mem[X,0x000000008003C902] -> 0x6666
[9772] [M]: 0x000000008003C900 (0x66666537) lui a0, 0x66666
x10 <- 0x0000000066666000
mem[X,0x000000008003C904] -> 0x0513
mem[X,0x000000008003C906] -> 0x6665
[9773] [M]: 0x000000008003C904 (0x66650513) addi a0, a0, 0x666
x10 <- 0x0000000066666666
mem[X,0x000000008003C908] -> 0x1513
mem[X,0x000000008003C90A] -> 0x00B5
[9774] [M]: 0x000000008003C908 (0x00B51513) slli a0, a0, 0xb
x10 <- 0x0000033333333000
mem[X,0x000000008003C90C] -> 0x0513
mem[X,0x000000008003C90E] -> 0x3335
[9775] [M]: 0x000000008003C90C (0x33350513) addi a0, a0, 0x333
x10 <- 0x0000033333333333
mem[X,0x000000008003C910] -> 0x1513
mem[X,0x000000008003C912] -> 0x00B5
[9776] [M]: 0x000000008003C910 (0x00B51513) slli a0, a0, 0xb
x10 <- 0x0019999999999800
mem[X,0x000000008003C914] -> 0x0513
mem[X,0x000000008003C916] -> 0x1995
[9777] [M]: 0x000000008003C914 (0x19950513) addi a0, a0, 0x199
x10 <- 0x0019999999999999
mem[X,0x000000008003C918] -> 0x1513
mem[X,0x000000008003C91A] -> 0x00A5
[9778] [M]: 0x000000008003C918 (0x00A51513) slli a0, a0, 0xa
x10 <- 0x6666666666666400
mem[X,0x000000008003C91C] -> 0x0513
mem[X,0x000000008003C91E] -> 0x2675
[9779] [M]: 0x000000008003C91C (0x26750513) addi a0, a0, 0x267
x10 <- 0x6666666666666667
mem[X,0x000000008003C920] -> 0x35B7
mem[X,0x000000008003C922] -> 0x3333
[9780] [M]: 0x000000008003C920 (0x333335B7) lui a1, 0x33333
x11 <- 0x0000000033333000
mem[X,0x000000008003C924] -> 0x8593
mem[X,0x000000008003C926] -> 0x3335
[9781] [M]: 0x000000008003C924 (0x33358593) addi a1, a1, 0x333
x11 <- 0x0000000033333333
mem[X,0x000000008003C928] -> 0x9593
mem[X,0x000000008003C92A] -> 0x00B5
[9782] [M]: 0x000000008003C928 (0x00B59593) slli a1, a1, 0xb
x11 <- 0x0000019999999800
mem[X,0x000000008003C92C] -> 0x8593
mem[X,0x000000008003C92E] -> 0x1995
[9783] [M]: 0x000000008003C92C (0x19958593) addi a1, a1, 0x199
x11 <- 0x0000019999999999
mem[X,0x000000008003C930] -> 0x9593
mem[X,0x000000008003C932] -> 0x00B5
[9784] [M]: 0x000000008003C930 (0x00B59593) slli a1, a1, 0xb
x11 <- 0x000CCCCCCCCCC800
mem[X,0x000000008003C934] -> 0x8593
mem[X,0x000000008003C936] -> 0x4CC5
[9785] [M]: 0x000000008003C934 (0x4CC58593) addi a1, a1, 0x4cc
x11 <- 0x000CCCCCCCCCCCCC
mem[X,0x000000008003C938] -> 0x9593
mem[X,0x000000008003C93A] -> 0x00A5
[9786] [M]: 0x000000008003C938 (0x00A59593) slli a1, a1, 0xa
x11 <- 0x3333333333333000
mem[X,0x000000008003C93C] -> 0x8593
mem[X,0x000000008003C93E] -> 0x3325
[9787] [M]: 0x000000008003C93C (0x33258593) addi a1, a1, 0x332
x11 <- 0x3333333333333332
mem[X,0x000000008003C940] -> 0x0213
mem[X,0x000000008003C942] -> 0x0000
[9788] [M]: 0x000000008003C940 (0x00000213) addi tp, zero, 0x0
x4 <- 0x0000000000000000
mem[X,0x000000008003C944] -> 0x006F
mem[X,0x000000008003C946] -> 0x00C0
[9789] [M]: 0x000000008003C944 (0x00C0006F) jal zero, 0xc
mem[X,0x000000008003C950] -> 0x0063
mem[X,0x000000008003C952] -> 0x10B5
[9790] [M]: 0x000000008003C950 (0x10B50063) beq a0, a1, 0x100
mem[X,0x000000008003C954] -> 0x0213
mem[X,0x000000008003C956] -> 0x0022
[9791] [M]: 0x000000008003C954 (0x00220213) addi tp, tp, 0x2
x4 <- 0x0000000000000002
mem[X,0x000000008003C958] -> 0x006F
mem[X,0x000000008003C95A] -> 0x1000
[9792] [M]: 0x000000008003C958 (0x1000006F) jal zero, 0x100
mem[X,0x000000008003CA58] -> 0x3C23
mem[X,0x000000008003CA5A] -> 0x2441
[9793] [M]: 0x000000008003CA58 (0x24413C23) sd tp, 0x258(sp)
mem[0x0000000080049420] <- 0x0000000000000002
mem[X,0x000000008003CA5C] -> 0x6537
mem[X,0x000000008003CA5E] -> 0x6666
[9794] [M]: 0x000000008003CA5C (0x66666537) lui a0, 0x66666
x10 <- 0x0000000066666000
mem[X,0x000000008003CA60] -> 0x0513
mem[X,0x000000008003CA62] -> 0x6665
[9795] [M]: 0x000000008003CA60 (0x66650513) addi a0, a0, 0x666
x10 <- 0x0000000066666666
mem[X,0x000000008003CA64] -> 0x1513
mem[X,0x000000008003CA66] -> 0x00B5
[9796] [M]: 0x000000008003CA64 (0x00B51513) slli a0, a0, 0xb
x10 <- 0x0000033333333000
mem[X,0x000000008003CA68] -> 0x0513
mem[X,0x000000008003CA6A] -> 0x3335
[9797] [M]: 0x000000008003CA68 (0x33350513) addi a0, a0, 0x333
x10 <- 0x0000033333333333
mem[X,0x000000008003CA6C] -> 0x1513
mem[X,0x000000008003CA6E] -> 0x00B5
[9798] [M]: 0x000000008003CA6C (0x00B51513) slli a0, a0, 0xb
x10 <- 0x0019999999999800
mem[X,0x000000008003CA70] -> 0x0513
mem[X,0x000000008003CA72] -> 0x1995
[9799] [M]: 0x000000008003CA70 (0x19950513) addi a0, a0, 0x199
x10 <- 0x0019999999999999
clint::tick mtime <- 0x0000000000000062
 clint timer pending at mtime 0x0000000000000062
htif::tick 0x0000000000000000
mem[X,0x000000008003CA74] -> 0x1513
mem[X,0x000000008003CA76] -> 0x00A5
[9800] [M]: 0x000000008003CA74 (0x00A51513) slli a0, a0, 0xa
x10 <- 0x6666666666666400
mem[X,0x000000008003CA78] -> 0x0513
mem[X,0x000000008003CA7A] -> 0x2675
[9801] [M]: 0x000000008003CA78 (0x26750513) addi a0, a0, 0x267
x10 <- 0x6666666666666667
mem[X,0x000000008003CA7C] -> 0x65B7
mem[X,0x000000008003CA7E] -> 0x6666
[9802] [M]: 0x000000008003CA7C (0x666665B7) lui a1, 0x66666
x11 <- 0x0000000066666000
mem[X,0x000000008003CA80] -> 0x8593
mem[X,0x000000008003CA82] -> 0x6665
[9803] [M]: 0x000000008003CA80 (0x66658593) addi a1, a1, 0x666
x11 <- 0x0000000066666666
mem[X,0x000000008003CA84] -> 0x9593
mem[X,0x000000008003CA86] -> 0x00B5
[9804] [M]: 0x000000008003CA84 (0x00B59593) slli a1, a1, 0xb
x11 <- 0x0000033333333000
mem[X,0x000000008003CA88] -> 0x8593
mem[X,0x000000008003CA8A] -> 0x3335
[9805] [M]: 0x000000008003CA88 (0x33358593) addi a1, a1, 0x333
x11 <- 0x0000033333333333
mem[X,0x000000008003CA8C] -> 0x9593
mem[X,0x000000008003CA8E] -> 0x00B5
[9806] [M]: 0x000000008003CA8C (0x00B59593) slli a1, a1, 0xb
x11 <- 0x0019999999999800
mem[X,0x000000008003CA90] -> 0x8593
mem[X,0x000000008003CA92] -> 0x1995
[9807] [M]: 0x000000008003CA90 (0x19958593) addi a1, a1, 0x199
x11 <- 0x0019999999999999
mem[X,0x000000008003CA94] -> 0x9593
mem[X,0x000000008003CA96] -> 0x00A5
[9808] [M]: 0x000000008003CA94 (0x00A59593) slli a1, a1, 0xa
x11 <- 0x6666666666666400
mem[X,0x000000008003CA98] -> 0x8593
mem[X,0x000000008003CA9A] -> 0x2655
[9809] [M]: 0x000000008003CA98 (0x26558593) addi a1, a1, 0x265
x11 <- 0x6666666666666665
mem[X,0x000000008003CA9C] -> 0x0213
mem[X,0x000000008003CA9E] -> 0x0000
[9810] [M]: 0x000000008003CA9C (0x00000213) addi tp, zero, 0x0
x4 <- 0x0000000000000000
mem[X,0x000000008003CAA0] -> 0x006F
mem[X,0x000000008003CAA2] -> 0x00C0
[9811] [M]: 0x000000008003CAA0 (0x00C0006F) jal zero, 0xc
mem[X,0x000000008003CAAC] -> 0x0663
mem[X,0x000000008003CAAE] -> 0x00B5
[9812] [M]: 0x000000008003CAAC (0x00B50663) beq a0, a1, 0xc
mem[X,0x000000008003CAB0] -> 0x0213
mem[X,0x000000008003CAB2] -> 0x0022
[9813] [M]: 0x000000008003CAB0 (0x00220213) addi tp, tp, 0x2
x4 <- 0x0000000000000002
mem[X,0x000000008003CAB4] -> 0x006F
mem[X,0x000000008003CAB6] -> 0x00C0
[9814] [M]: 0x000000008003CAB4 (0x00C0006F) jal zero, 0xc
mem[X,0x000000008003CAC0] -> 0x3023
mem[X,0x000000008003CAC2] -> 0x2641
[9815] [M]: 0x000000008003CAC0 (0x26413023) sd tp, 0x260(sp)
mem[0x0000000080049428] <- 0x0000000000000002
mem[X,0x000000008003CAC4] -> 0x6537
mem[X,0x000000008003CAC6] -> 0x6666
[9816] [M]: 0x000000008003CAC4 (0x66666537) lui a0, 0x66666
x10 <- 0x0000000066666000
mem[X,0x000000008003CAC8] -> 0x0513
mem[X,0x000000008003CACA] -> 0x6665
[9817] [M]: 0x000000008003CAC8 (0x66650513) addi a0, a0, 0x666
x10 <- 0x0000000066666666
mem[X,0x000000008003CACC] -> 0x1513
mem[X,0x000000008003CACE] -> 0x00B5
[9818] [M]: 0x000000008003CACC (0x00B51513) slli a0, a0, 0xb
x10 <- 0x0000033333333000
mem[X,0x000000008003CAD0] -> 0x0513
mem[X,0x000000008003CAD2] -> 0x3335
[9819] [M]: 0x000000008003CAD0 (0x33350513) addi a0, a0, 0x333
x10 <- 0x0000033333333333
mem[X,0x000000008003CAD4] -> 0x1513
mem[X,0x000000008003CAD6] -> 0x00B5
[9820] [M]: 0x000000008003CAD4 (0x00B51513) slli a0, a0, 0xb
x10 <- 0x0019999999999800
mem[X,0x000000008003CAD8] -> 0x0513
mem[X,0x000000008003CADA] -> 0x1995
[9821] [M]: 0x000000008003CAD8 (0x19950513) addi a0, a0, 0x199
x10 <- 0x0019999999999999
mem[X,0x000000008003CADC] -> 0x1513
mem[X,0x000000008003CADE] -> 0x00A5
[9822] [M]: 0x000000008003CADC (0x00A51513) slli a0, a0, 0xa
x10 <- 0x6666666666666400
mem[X,0x000000008003CAE0] -> 0x0513
mem[X,0x000000008003CAE2] -> 0x2675
[9823] [M]: 0x000000008003CAE0 (0x26750513) addi a0, a0, 0x267
x10 <- 0x6666666666666667
mem[X,0x000000008003CAE4] -> 0x05B7
mem[X,0x000000008003CAE6] -> 0x0000
[9824] [M]: 0x000000008003CAE4 (0x000005B7) lui a1, 0x0
x11 <- 0x0000000000000000
mem[X,0x000000008003CAE8] -> 0x8593
mem[X,0x000000008003CAEA] -> 0x0005
[9825] [M]: 0x000000008003CAE8 (0x00058593) addi a1, a1, 0x0
x11 <- 0x0000000000000000
mem[X,0x000000008003CAEC] -> 0x9593
mem[X,0x000000008003CAEE] -> 0x00B5
[9826] [M]: 0x000000008003CAEC (0x00B59593) slli a1, a1, 0xb
x11 <- 0x0000000000000000
mem[X,0x000000008003CAF0] -> 0x8593
mem[X,0x000000008003CAF2] -> 0x5A85
[9827] [M]: 0x000000008003CAF0 (0x5A858593) addi a1, a1, 0x5a8
x11 <- 0x00000000000005A8
mem[X,0x000000008003CAF4] -> 0x9593
mem[X,0x000000008003CAF6] -> 0x00B5
[9828] [M]: 0x000000008003CAF4 (0x00B59593) slli a1, a1, 0xb
x11 <- 0x00000000002D4000
mem[X,0x000000008003CAF8] -> 0x8593
mem[X,0x000000008003CAFA] -> 0x13C5
[9829] [M]: 0x000000008003CAF8 (0x13C58593) addi a1, a1, 0x13c
x11 <- 0x00000000002D413C
mem[X,0x000000008003CAFC] -> 0x9593
mem[X,0x000000008003CAFE] -> 0x00A5
[9830] [M]: 0x000000008003CAFC (0x00A59593) slli a1, a1, 0xa
x11 <- 0x00000000B504F000
mem[X,0x000000008003CB00] -> 0x8593
mem[X,0x000000008003CB02] -> 0x3325
[9831] [M]: 0x000000008003CB00 (0x33258593) addi a1, a1, 0x332
x11 <- 0x00000000B504F332
mem[X,0x000000008003CB04] -> 0x0213
mem[X,0x000000008003CB06] -> 0x0000
[9832] [M]: 0x000000008003CB04 (0x00000213) addi tp, zero, 0x0
x4 <- 0x0000000000000000
mem[X,0x000000008003CB08] -> 0x006F
mem[X,0x000000008003CB0A] -> 0x00C0
[9833] [M]: 0x000000008003CB08 (0x00C0006F) jal zero, 0xc
mem[X,0x000000008003CB14] -> 0x0063
mem[X,0x000000008003CB16] -> 0x20B5
[9834] [M]: 0x000000008003CB14 (0x20B50063) beq a0, a1, 0x200
mem[X,0x000000008003CB18] -> 0x0213
mem[X,0x000000008003CB1A] -> 0x0022
[9835] [M]: 0x000000008003CB18 (0x00220213) addi tp, tp, 0x2
x4 <- 0x0000000000000002
mem[X,0x000000008003CB1C] -> 0x006F
mem[X,0x000000008003CB1E] -> 0x2000
[9836] [M]: 0x000000008003CB1C (0x2000006F) jal zero, 0x200
mem[X,0x000000008003CD1C] -> 0x3423
mem[X,0x000000008003CD1E] -> 0x2641
[9837] [M]: 0x000000008003CD1C (0x26413423) sd tp, 0x268(sp)
mem[0x0000000080049430] <- 0x0000000000000002
mem[X,0x000000008003CD20] -> 0x6537
mem[X,0x000000008003CD22] -> 0x6666
[9838] [M]: 0x000000008003CD20 (0x66666537) lui a0, 0x66666
x10 <- 0x0000000066666000
mem[X,0x000000008003CD24] -> 0x0513
mem[X,0x000000008003CD26] -> 0x6665
[9839] [M]: 0x000000008003CD24 (0x66650513) addi a0, a0, 0x666
x10 <- 0x0000000066666666
mem[X,0x000000008003CD28] -> 0x1513
mem[X,0x000000008003CD2A] -> 0x00B5
[9840] [M]: 0x000000008003CD28 (0x00B51513) slli a0, a0, 0xb
x10 <- 0x0000033333333000
mem[X,0x000000008003CD2C] -> 0x0513
mem[X,0x000000008003CD2E] -> 0x3335
[9841] [M]: 0x000000008003CD2C (0x33350513) addi a0, a0, 0x333
x10 <- 0x0000033333333333
mem[X,0x000000008003CD30] -> 0x1513
mem[X,0x000000008003CD32] -> 0x00B5
[9842] [M]: 0x000000008003CD30 (0x00B51513) slli a0, a0, 0xb
x10 <- 0x0019999999999800
mem[X,0x000000008003CD34] -> 0x0513
mem[X,0x000000008003CD36] -> 0x1995
[9843] [M]: 0x000000008003CD34 (0x19950513) addi a0, a0, 0x199
x10 <- 0x0019999999999999
mem[X,0x000000008003CD38] -> 0x1513
mem[X,0x000000008003CD3A] -> 0x00A5
[9844] [M]: 0x000000008003CD38 (0x00A51513) slli a0, a0, 0xa
x10 <- 0x6666666666666400
mem[X,0x000000008003CD3C] -> 0x0513
mem[X,0x000000008003CD3E] -> 0x2675
[9845] [M]: 0x000000008003CD3C (0x26750513) addi a0, a0, 0x267
x10 <- 0x6666666666666667
mem[X,0x000000008003CD40] -> 0x55B7
mem[X,0x000000008003CD42] -> 0x5555
[9846] [M]: 0x000000008003CD40 (0x555555B7) lui a1, 0x55555
x11 <- 0x0000000055555000
mem[X,0x000000008003CD44] -> 0x8593
mem[X,0x000000008003CD46] -> 0x5555
[9847] [M]: 0x000000008003CD44 (0x55558593) addi a1, a1, 0x555
x11 <- 0x0000000055555555
mem[X,0x000000008003CD48] -> 0x9593
mem[X,0x000000008003CD4A] -> 0x00B5
[9848] [M]: 0x000000008003CD48 (0x00B59593) slli a1, a1, 0xb
x11 <- 0x000002AAAAAAA800
mem[X,0x000000008003CD4C] -> 0x8593
mem[X,0x000000008003CD4E] -> 0x2AA5
[9849] [M]: 0x000000008003CD4C (0x2AA58593) addi a1, a1, 0x2aa
x11 <- 0x000002AAAAAAAAAA
mem[X,0x000000008003CD50] -> 0x9593
mem[X,0x000000008003CD52] -> 0x00B5
[9850] [M]: 0x000000008003CD50 (0x00B59593) slli a1, a1, 0xb
x11 <- 0x0015555555555000
mem[X,0x000000008003CD54] -> 0x8593
mem[X,0x000000008003CD56] -> 0x5555
[9851] [M]: 0x000000008003CD54 (0x55558593) addi a1, a1, 0x555
x11 <- 0x0015555555555555
mem[X,0x000000008003CD58] -> 0x9593
mem[X,0x000000008003CD5A] -> 0x00A5
[9852] [M]: 0x000000008003CD58 (0x00A59593) slli a1, a1, 0xa
x11 <- 0x5555555555555400
mem[X,0x000000008003CD5C] -> 0x8593
mem[X,0x000000008003CD5E] -> 0x1565
[9853] [M]: 0x000000008003CD5C (0x15658593) addi a1, a1, 0x156
x11 <- 0x5555555555555556
mem[X,0x000000008003CD60] -> 0x0213
mem[X,0x000000008003CD62] -> 0x0000
[9854] [M]: 0x000000008003CD60 (0x00000213) addi tp, zero, 0x0
x4 <- 0x0000000000000000
mem[X,0x000000008003CD64] -> 0x006F
mem[X,0x000000008003CD66] -> 0x00C0
[9855] [M]: 0x000000008003CD64 (0x00C0006F) jal zero, 0xc
mem[X,0x000000008003CD70] -> 0x0663
mem[X,0x000000008003CD72] -> 0x00B5
[9856] [M]: 0x000000008003CD70 (0x00B50663) beq a0, a1, 0xc
mem[X,0x000000008003CD74] -> 0x0213
mem[X,0x000000008003CD76] -> 0x0022
[9857] [M]: 0x000000008003CD74 (0x00220213) addi tp, tp, 0x2
x4 <- 0x0000000000000002
mem[X,0x000000008003CD78] -> 0x006F
mem[X,0x000000008003CD7A] -> 0x00C0
[9858] [M]: 0x000000008003CD78 (0x00C0006F) jal zero, 0xc
mem[X,0x000000008003CD84] -> 0x3823
mem[X,0x000000008003CD86] -> 0x2641
[9859] [M]: 0x000000008003CD84 (0x26413823) sd tp, 0x270(sp)
mem[0x0000000080049438] <- 0x0000000000000002
mem[X,0x000000008003CD88] -> 0x6537
mem[X,0x000000008003CD8A] -> 0x6666
[9860] [M]: 0x000000008003CD88 (0x66666537) lui a0, 0x66666
x10 <- 0x0000000066666000
mem[X,0x000000008003CD8C] -> 0x0513
mem[X,0x000000008003CD8E] -> 0x6665
[9861] [M]: 0x000000008003CD8C (0x66650513) addi a0, a0, 0x666
x10 <- 0x0000000066666666
mem[X,0x000000008003CD90] -> 0x1513
mem[X,0x000000008003CD92] -> 0x00B5
[9862] [M]: 0x000000008003CD90 (0x00B51513) slli a0, a0, 0xb
x10 <- 0x0000033333333000
mem[X,0x000000008003CD94] -> 0x0513
mem[X,0x000000008003CD96] -> 0x3335
[9863] [M]: 0x000000008003CD94 (0x33350513) addi a0, a0, 0x333
x10 <- 0x0000033333333333
mem[X,0x000000008003CD98] -> 0x1513
mem[X,0x000000008003CD9A] -> 0x00B5
[9864] [M]: 0x000000008003CD98 (0x00B51513) slli a0, a0, 0xb
x10 <- 0x0019999999999800
mem[X,0x000000008003CD9C] -> 0x0513
mem[X,0x000000008003CD9E] -> 0x1995
[9865] [M]: 0x000000008003CD9C (0x19950513) addi a0, a0, 0x199
x10 <- 0x0019999999999999
mem[X,0x000000008003CDA0] -> 0x1513
mem[X,0x000000008003CDA2] -> 0x00A5
[9866] [M]: 0x000000008003CDA0 (0x00A51513) slli a0, a0, 0xa
x10 <- 0x6666666666666400
mem[X,0x000000008003CDA4] -> 0x0513
mem[X,0x000000008003CDA6] -> 0x2675
[9867] [M]: 0x000000008003CDA4 (0x26750513) addi a0, a0, 0x267
x10 <- 0x6666666666666667
mem[X,0x000000008003CDA8] -> 0xB5B7
mem[X,0x000000008003CDAA] -> 0xAAAA
[9868] [M]: 0x000000008003CDA8 (0xAAAAB5B7) lui a1, -0x55555
x11 <- 0xFFFFFFFFAAAAB000
mem[X,0x000000008003CDAC] -> 0x8593
mem[X,0x000000008003CDAE] -> 0xAAA5
[9869] [M]: 0x000000008003CDAC (0xAAA58593) addi a1, a1, -0x556
x11 <- 0xFFFFFFFFAAAAAAAA
mem[X,0x000000008003CDB0] -> 0x9593
mem[X,0x000000008003CDB2] -> 0x00B5
[9870] [M]: 0x000000008003CDB0 (0x00B59593) slli a1, a1, 0xb
x11 <- 0xFFFFFD5555555000
mem[X,0x000000008003CDB4] -> 0x8593
mem[X,0x000000008003CDB6] -> 0x5555
[9871] [M]: 0x000000008003CDB4 (0x55558593) addi a1, a1, 0x555
x11 <- 0xFFFFFD5555555555
mem[X,0x000000008003CDB8] -> 0x9593
mem[X,0x000000008003CDBA] -> 0x00B5
[9872] [M]: 0x000000008003CDB8 (0x00B59593) slli a1, a1, 0xb
x11 <- 0xFFEAAAAAAAAAA800
mem[X,0x000000008003CDBC] -> 0x8593
mem[X,0x000000008003CDBE] -> 0x2AA5
[9873] [M]: 0x000000008003CDBC (0x2AA58593) addi a1, a1, 0x2aa
x11 <- 0xFFEAAAAAAAAAAAAA
mem[X,0x000000008003CDC0] -> 0x9593
mem[X,0x000000008003CDC2] -> 0x00A5
[9874] [M]: 0x000000008003CDC0 (0x00A59593) slli a1, a1, 0xa
x11 <- 0xAAAAAAAAAAAAA800
mem[X,0x000000008003CDC4] -> 0x8593
mem[X,0x000000008003CDC6] -> 0x2AB5
[9875] [M]: 0x000000008003CDC4 (0x2AB58593) addi a1, a1, 0x2ab
x11 <- 0xAAAAAAAAAAAAAAAB
mem[X,0x000000008003CDC8] -> 0x0213
mem[X,0x000000008003CDCA] -> 0x0000
[9876] [M]: 0x000000008003CDC8 (0x00000213) addi tp, zero, 0x0
x4 <- 0x0000000000000000
mem[X,0x000000008003CDCC] -> 0x006F
mem[X,0x000000008003CDCE] -> 0x00C0
[9877] [M]: 0x000000008003CDCC (0x00C0006F) jal zero, 0xc
mem[X,0x000000008003CDD8] -> 0x0063
mem[X,0x000000008003CDDA] -> 0x20B5
[9878] [M]: 0x000000008003CDD8 (0x20B50063) beq a0, a1, 0x200
mem[X,0x000000008003CDDC] -> 0x0213
mem[X,0x000000008003CDDE] -> 0x0022
[9879] [M]: 0x000000008003CDDC (0x00220213) addi tp, tp, 0x2
x4 <- 0x0000000000000002
mem[X,0x000000008003CDE0] -> 0x006F
mem[X,0x000000008003CDE2] -> 0x2000
[9880] [M]: 0x000000008003CDE0 (0x2000006F) jal zero, 0x200
mem[X,0x000000008003CFE0] -> 0x3C23
mem[X,0x000000008003CFE2] -> 0x2641
[9881] [M]: 0x000000008003CFE0 (0x26413C23) sd tp, 0x278(sp)
mem[0x0000000080049440] <- 0x0000000000000002
mem[X,0x000000008003CFE4] -> 0x6537
mem[X,0x000000008003CFE6] -> 0x6666
[9882] [M]: 0x000000008003CFE4 (0x66666537) lui a0, 0x66666
x10 <- 0x0000000066666000
mem[X,0x000000008003CFE8] -> 0x0513
mem[X,0x000000008003CFEA] -> 0x6665
[9883] [M]: 0x000000008003CFE8 (0x66650513) addi a0, a0, 0x666
x10 <- 0x0000000066666666
mem[X,0x000000008003CFEC] -> 0x1513
mem[X,0x000000008003CFEE] -> 0x00B5
[9884] [M]: 0x000000008003CFEC (0x00B51513) slli a0, a0, 0xb
x10 <- 0x0000033333333000
mem[X,0x000000008003CFF0] -> 0x0513
mem[X,0x000000008003CFF2] -> 0x3335
[9885] [M]: 0x000000008003CFF0 (0x33350513) addi a0, a0, 0x333
x10 <- 0x0000033333333333
mem[X,0x000000008003CFF4] -> 0x1513
mem[X,0x000000008003CFF6] -> 0x00B5
[9886] [M]: 0x000000008003CFF4 (0x00B51513) slli a0, a0, 0xb
x10 <- 0x0019999999999800
mem[X,0x000000008003CFF8] -> 0x0513
mem[X,0x000000008003CFFA] -> 0x1995
[9887] [M]: 0x000000008003CFF8 (0x19950513) addi a0, a0, 0x199
x10 <- 0x0019999999999999
mem[X,0x000000008003CFFC] -> 0x1513
mem[X,0x000000008003CFFE] -> 0x00A5
[9888] [M]: 0x000000008003CFFC (0x00A51513) slli a0, a0, 0xa
x10 <- 0x6666666666666400
mem[X,0x000000008003D000] -> 0x0513
mem[X,0x000000008003D002] -> 0x2675
[9889] [M]: 0x000000008003D000 (0x26750513) addi a0, a0, 0x267
x10 <- 0x6666666666666667
mem[X,0x000000008003D004] -> 0x0593
mem[X,0x000000008003D006] -> 0x0060
[9890] [M]: 0x000000008003D004 (0x00600593) addi a1, zero, 0x6
x11 <- 0x0000000000000006
mem[X,0x000000008003D008] -> 0x0213
mem[X,0x000000008003D00A] -> 0x0000
[9891] [M]: 0x000000008003D008 (0x00000213) addi tp, zero, 0x0
x4 <- 0x0000000000000000
mem[X,0x000000008003D00C] -> 0x006F
mem[X,0x000000008003D00E] -> 0x0180
[9892] [M]: 0x000000008003D00C (0x0180006F) jal zero, 0x18
mem[X,0x000000008003D024] -> 0x06E3
mem[X,0x000000008003D026] -> 0xFEB5
[9893] [M]: 0x000000008003D024 (0xFEB506E3) beq a0, a1, -0x14
mem[X,0x000000008003D028] -> 0x0213
mem[X,0x000000008003D02A] -> 0x0022
[9894] [M]: 0x000000008003D028 (0x00220213) addi tp, tp, 0x2
x4 <- 0x0000000000000002
mem[X,0x000000008003D02C] -> 0x006F
mem[X,0x000000008003D02E] -> 0x00C0
[9895] [M]: 0x000000008003D02C (0x00C0006F) jal zero, 0xc
mem[X,0x000000008003D038] -> 0x3023
mem[X,0x000000008003D03A] -> 0x2841
[9896] [M]: 0x000000008003D038 (0x28413023) sd tp, 0x280(sp)
mem[0x0000000080049448] <- 0x0000000000000002
mem[X,0x000000008003D03C] -> 0x6537
mem[X,0x000000008003D03E] -> 0x6666
[9897] [M]: 0x000000008003D03C (0x66666537) lui a0, 0x66666
x10 <- 0x0000000066666000
mem[X,0x000000008003D040] -> 0x0513
mem[X,0x000000008003D042] -> 0x6665
[9898] [M]: 0x000000008003D040 (0x66650513) addi a0, a0, 0x666
x10 <- 0x0000000066666666
mem[X,0x000000008003D044] -> 0x1513
mem[X,0x000000008003D046] -> 0x00B5
[9899] [M]: 0x000000008003D044 (0x00B51513) slli a0, a0, 0xb
x10 <- 0x0000033333333000
clint::tick mtime <- 0x0000000000000063
 clint timer pending at mtime 0x0000000000000063
htif::tick 0x0000000000000000
mem[X,0x000000008003D048] -> 0x0513
mem[X,0x000000008003D04A] -> 0x3335
[9900] [M]: 0x000000008003D048 (0x33350513) addi a0, a0, 0x333
x10 <- 0x0000033333333333
mem[X,0x000000008003D04C] -> 0x1513
mem[X,0x000000008003D04E] -> 0x00B5
[9901] [M]: 0x000000008003D04C (0x00B51513) slli a0, a0, 0xb
x10 <- 0x0019999999999800
mem[X,0x000000008003D050] -> 0x0513
mem[X,0x000000008003D052] -> 0x1995
[9902] [M]: 0x000000008003D050 (0x19950513) addi a0, a0, 0x199
x10 <- 0x0019999999999999
mem[X,0x000000008003D054] -> 0x1513
mem[X,0x000000008003D056] -> 0x00A5
[9903] [M]: 0x000000008003D054 (0x00A51513) slli a0, a0, 0xa
x10 <- 0x6666666666666400
mem[X,0x000000008003D058] -> 0x0513
mem[X,0x000000008003D05A] -> 0x2675
[9904] [M]: 0x000000008003D058 (0x26750513) addi a0, a0, 0x267
x10 <- 0x6666666666666667
mem[X,0x000000008003D05C] -> 0x35B7
mem[X,0x000000008003D05E] -> 0x3333
[9905] [M]: 0x000000008003D05C (0x333335B7) lui a1, 0x33333
x11 <- 0x0000000033333000
mem[X,0x000000008003D060] -> 0x8593
mem[X,0x000000008003D062] -> 0x3335
[9906] [M]: 0x000000008003D060 (0x33358593) addi a1, a1, 0x333
x11 <- 0x0000000033333333
mem[X,0x000000008003D064] -> 0x9593
mem[X,0x000000008003D066] -> 0x00B5
[9907] [M]: 0x000000008003D064 (0x00B59593) slli a1, a1, 0xb
x11 <- 0x0000019999999800
mem[X,0x000000008003D068] -> 0x8593
mem[X,0x000000008003D06A] -> 0x1995
[9908] [M]: 0x000000008003D068 (0x19958593) addi a1, a1, 0x199
x11 <- 0x0000019999999999
mem[X,0x000000008003D06C] -> 0x9593
mem[X,0x000000008003D06E] -> 0x00B5
[9909] [M]: 0x000000008003D06C (0x00B59593) slli a1, a1, 0xb
x11 <- 0x000CCCCCCCCCC800
mem[X,0x000000008003D070] -> 0x8593
mem[X,0x000000008003D072] -> 0x4CC5
[9910] [M]: 0x000000008003D070 (0x4CC58593) addi a1, a1, 0x4cc
x11 <- 0x000CCCCCCCCCCCCC
mem[X,0x000000008003D074] -> 0x9593
mem[X,0x000000008003D076] -> 0x00A5
[9911] [M]: 0x000000008003D074 (0x00A59593) slli a1, a1, 0xa
x11 <- 0x3333333333333000
mem[X,0x000000008003D078] -> 0x8593
mem[X,0x000000008003D07A] -> 0x3345
[9912] [M]: 0x000000008003D078 (0x33458593) addi a1, a1, 0x334
x11 <- 0x3333333333333334
mem[X,0x000000008003D07C] -> 0x0213
mem[X,0x000000008003D07E] -> 0x0000
[9913] [M]: 0x000000008003D07C (0x00000213) addi tp, zero, 0x0
x4 <- 0x0000000000000000
mem[X,0x000000008003D080] -> 0x006F
mem[X,0x000000008003D082] -> 0x0180
[9914] [M]: 0x000000008003D080 (0x0180006F) jal zero, 0x18
mem[X,0x000000008003D098] -> 0x06E3
mem[X,0x000000008003D09A] -> 0xFEB5
[9915] [M]: 0x000000008003D098 (0xFEB506E3) beq a0, a1, -0x14
mem[X,0x000000008003D09C] -> 0x0213
mem[X,0x000000008003D09E] -> 0x0022
[9916] [M]: 0x000000008003D09C (0x00220213) addi tp, tp, 0x2
x4 <- 0x0000000000000002
mem[X,0x000000008003D0A0] -> 0x006F
mem[X,0x000000008003D0A2] -> 0x00C0
[9917] [M]: 0x000000008003D0A0 (0x00C0006F) jal zero, 0xc
mem[X,0x000000008003D0AC] -> 0x3423
mem[X,0x000000008003D0AE] -> 0x2841
[9918] [M]: 0x000000008003D0AC (0x28413423) sd tp, 0x288(sp)
mem[0x0000000080049450] <- 0x0000000000000002
mem[X,0x000000008003D0B0] -> 0x6537
mem[X,0x000000008003D0B2] -> 0x6666
[9919] [M]: 0x000000008003D0B0 (0x66666537) lui a0, 0x66666
x10 <- 0x0000000066666000
mem[X,0x000000008003D0B4] -> 0x0513
mem[X,0x000000008003D0B6] -> 0x6665
[9920] [M]: 0x000000008003D0B4 (0x66650513) addi a0, a0, 0x666
x10 <- 0x0000000066666666
mem[X,0x000000008003D0B8] -> 0x1513
mem[X,0x000000008003D0BA] -> 0x00B5
[9921] [M]: 0x000000008003D0B8 (0x00B51513) slli a0, a0, 0xb
x10 <- 0x0000033333333000
mem[X,0x000000008003D0BC] -> 0x0513
mem[X,0x000000008003D0BE] -> 0x3335
[9922] [M]: 0x000000008003D0BC (0x33350513) addi a0, a0, 0x333
x10 <- 0x0000033333333333
mem[X,0x000000008003D0C0] -> 0x1513
mem[X,0x000000008003D0C2] -> 0x00B5
[9923] [M]: 0x000000008003D0C0 (0x00B51513) slli a0, a0, 0xb
x10 <- 0x0019999999999800
mem[X,0x000000008003D0C4] -> 0x0513
mem[X,0x000000008003D0C6] -> 0x1995
[9924] [M]: 0x000000008003D0C4 (0x19950513) addi a0, a0, 0x199
x10 <- 0x0019999999999999
mem[X,0x000000008003D0C8] -> 0x1513
mem[X,0x000000008003D0CA] -> 0x00A5
[9925] [M]: 0x000000008003D0C8 (0x00A51513) slli a0, a0, 0xa
x10 <- 0x6666666666666400
mem[X,0x000000008003D0CC] -> 0x0513
mem[X,0x000000008003D0CE] -> 0x2675
[9926] [M]: 0x000000008003D0CC (0x26750513) addi a0, a0, 0x267
x10 <- 0x6666666666666667
mem[X,0x000000008003D0D0] -> 0x65B7
mem[X,0x000000008003D0D2] -> 0x6666
[9927] [M]: 0x000000008003D0D0 (0x666665B7) lui a1, 0x66666
x11 <- 0x0000000066666000
mem[X,0x000000008003D0D4] -> 0x8593
mem[X,0x000000008003D0D6] -> 0x6665
[9928] [M]: 0x000000008003D0D4 (0x66658593) addi a1, a1, 0x666
x11 <- 0x0000000066666666
mem[X,0x000000008003D0D8] -> 0x9593
mem[X,0x000000008003D0DA] -> 0x00B5
[9929] [M]: 0x000000008003D0D8 (0x00B59593) slli a1, a1, 0xb
x11 <- 0x0000033333333000
mem[X,0x000000008003D0DC] -> 0x8593
mem[X,0x000000008003D0DE] -> 0x3335
[9930] [M]: 0x000000008003D0DC (0x33358593) addi a1, a1, 0x333
x11 <- 0x0000033333333333
mem[X,0x000000008003D0E0] -> 0x9593
mem[X,0x000000008003D0E2] -> 0x00B5
[9931] [M]: 0x000000008003D0E0 (0x00B59593) slli a1, a1, 0xb
x11 <- 0x0019999999999800
mem[X,0x000000008003D0E4] -> 0x8593
mem[X,0x000000008003D0E6] -> 0x1995
[9932] [M]: 0x000000008003D0E4 (0x19958593) addi a1, a1, 0x199
x11 <- 0x0019999999999999
mem[X,0x000000008003D0E8] -> 0x9593
mem[X,0x000000008003D0EA] -> 0x00A5
[9933] [M]: 0x000000008003D0E8 (0x00A59593) slli a1, a1, 0xa
x11 <- 0x6666666666666400
mem[X,0x000000008003D0EC] -> 0x8593
mem[X,0x000000008003D0EE] -> 0x2675
[9934] [M]: 0x000000008003D0EC (0x26758593) addi a1, a1, 0x267
x11 <- 0x6666666666666667
mem[X,0x000000008003D0F0] -> 0x0213
mem[X,0x000000008003D0F2] -> 0x0000
[9935] [M]: 0x000000008003D0F0 (0x00000213) addi tp, zero, 0x0
x4 <- 0x0000000000000000
mem[X,0x000000008003D0F4] -> 0x006F
mem[X,0x000000008003D0F6] -> 0x0140
[9936] [M]: 0x000000008003D0F4 (0x0140006F) jal zero, 0x14
mem[X,0x000000008003D108] -> 0x08E3
mem[X,0x000000008003D10A] -> 0xFEB5
[9937] [M]: 0x000000008003D108 (0xFEB508E3) beq a0, a1, -0x10
mem[X,0x000000008003D0F8] -> 0x0213
mem[X,0x000000008003D0FA] -> 0x0012
[9938] [M]: 0x000000008003D0F8 (0x00120213) addi tp, tp, 0x1
x4 <- 0x0000000000000001
mem[X,0x000000008003D0FC] -> 0x006F
mem[X,0x000000008003D0FE] -> 0x0200
[9939] [M]: 0x000000008003D0FC (0x0200006F) jal zero, 0x20
mem[X,0x000000008003D11C] -> 0x3823
mem[X,0x000000008003D11E] -> 0x2841
[9940] [M]: 0x000000008003D11C (0x28413823) sd tp, 0x290(sp)
mem[0x0000000080049458] <- 0x0000000000000001
mem[X,0x000000008003D120] -> 0x6537
mem[X,0x000000008003D122] -> 0x6666
[9941] [M]: 0x000000008003D120 (0x66666537) lui a0, 0x66666
x10 <- 0x0000000066666000
mem[X,0x000000008003D124] -> 0x0513
mem[X,0x000000008003D126] -> 0x6665
[9942] [M]: 0x000000008003D124 (0x66650513) addi a0, a0, 0x666
x10 <- 0x0000000066666666
mem[X,0x000000008003D128] -> 0x1513
mem[X,0x000000008003D12A] -> 0x00B5
[9943] [M]: 0x000000008003D128 (0x00B51513) slli a0, a0, 0xb
x10 <- 0x0000033333333000
mem[X,0x000000008003D12C] -> 0x0513
mem[X,0x000000008003D12E] -> 0x3335
[9944] [M]: 0x000000008003D12C (0x33350513) addi a0, a0, 0x333
x10 <- 0x0000033333333333
mem[X,0x000000008003D130] -> 0x1513
mem[X,0x000000008003D132] -> 0x00B5
[9945] [M]: 0x000000008003D130 (0x00B51513) slli a0, a0, 0xb
x10 <- 0x0019999999999800
mem[X,0x000000008003D134] -> 0x0513
mem[X,0x000000008003D136] -> 0x1995
[9946] [M]: 0x000000008003D134 (0x19950513) addi a0, a0, 0x199
x10 <- 0x0019999999999999
mem[X,0x000000008003D138] -> 0x1513
mem[X,0x000000008003D13A] -> 0x00A5
[9947] [M]: 0x000000008003D138 (0x00A51513) slli a0, a0, 0xa
x10 <- 0x6666666666666400
mem[X,0x000000008003D13C] -> 0x0513
mem[X,0x000000008003D13E] -> 0x2675
[9948] [M]: 0x000000008003D13C (0x26750513) addi a0, a0, 0x267
x10 <- 0x6666666666666667
mem[X,0x000000008003D140] -> 0x05B7
mem[X,0x000000008003D142] -> 0x0000
[9949] [M]: 0x000000008003D140 (0x000005B7) lui a1, 0x0
x11 <- 0x0000000000000000
mem[X,0x000000008003D144] -> 0x8593
mem[X,0x000000008003D146] -> 0xFFF5
[9950] [M]: 0x000000008003D144 (0xFFF58593) addi a1, a1, -0x1
x11 <- 0xFFFFFFFFFFFFFFFF
mem[X,0x000000008003D148] -> 0x9593
mem[X,0x000000008003D14A] -> 0x00B5
[9951] [M]: 0x000000008003D148 (0x00B59593) slli a1, a1, 0xb
x11 <- 0xFFFFFFFFFFFFF800
mem[X,0x000000008003D14C] -> 0x8593
mem[X,0x000000008003D14E] -> 0x2575
[9952] [M]: 0x000000008003D14C (0x25758593) addi a1, a1, 0x257
x11 <- 0xFFFFFFFFFFFFFA57
mem[X,0x000000008003D150] -> 0x9593
mem[X,0x000000008003D152] -> 0x00B5
[9953] [M]: 0x000000008003D150 (0x00B59593) slli a1, a1, 0xb
x11 <- 0xFFFFFFFFFFD2B800
mem[X,0x000000008003D154] -> 0x8593
mem[X,0x000000008003D156] -> 0x6C35
[9954] [M]: 0x000000008003D154 (0x6C358593) addi a1, a1, 0x6c3
x11 <- 0xFFFFFFFFFFD2BEC3
mem[X,0x000000008003D158] -> 0x9593
mem[X,0x000000008003D15A] -> 0x00A5
[9955] [M]: 0x000000008003D158 (0x00A59593) slli a1, a1, 0xa
x11 <- 0xFFFFFFFF4AFB0C00
mem[X,0x000000008003D15C] -> 0x8593
mem[X,0x000000008003D15E] -> 0x0CE5
[9956] [M]: 0x000000008003D15C (0x0CE58593) addi a1, a1, 0xce
x11 <- 0xFFFFFFFF4AFB0CCE
mem[X,0x000000008003D160] -> 0x0213
mem[X,0x000000008003D162] -> 0x0000
[9957] [M]: 0x000000008003D160 (0x00000213) addi tp, zero, 0x0
x4 <- 0x0000000000000000
mem[X,0x000000008003D164] -> 0x006F
mem[X,0x000000008003D166] -> 0x00C0
[9958] [M]: 0x000000008003D164 (0x00C0006F) jal zero, 0xc
mem[X,0x000000008003D170] -> 0x0663
mem[X,0x000000008003D172] -> 0x00B5
[9959] [M]: 0x000000008003D170 (0x00B50663) beq a0, a1, 0xc
mem[X,0x000000008003D174] -> 0x0213
mem[X,0x000000008003D176] -> 0x0022
[9960] [M]: 0x000000008003D174 (0x00220213) addi tp, tp, 0x2
x4 <- 0x0000000000000002
mem[X,0x000000008003D178] -> 0x006F
mem[X,0x000000008003D17A] -> 0x00C0
[9961] [M]: 0x000000008003D178 (0x00C0006F) jal zero, 0xc
mem[X,0x000000008003D184] -> 0x3C23
mem[X,0x000000008003D186] -> 0x2841
[9962] [M]: 0x000000008003D184 (0x28413C23) sd tp, 0x298(sp)
mem[0x0000000080049460] <- 0x0000000000000002
mem[X,0x000000008003D188] -> 0x6537
mem[X,0x000000008003D18A] -> 0x6666
[9963] [M]: 0x000000008003D188 (0x66666537) lui a0, 0x66666
x10 <- 0x0000000066666000
mem[X,0x000000008003D18C] -> 0x0513
mem[X,0x000000008003D18E] -> 0x6665
[9964] [M]: 0x000000008003D18C (0x66650513) addi a0, a0, 0x666
x10 <- 0x0000000066666666
mem[X,0x000000008003D190] -> 0x1513
mem[X,0x000000008003D192] -> 0x00B5
[9965] [M]: 0x000000008003D190 (0x00B51513) slli a0, a0, 0xb
x10 <- 0x0000033333333000
mem[X,0x000000008003D194] -> 0x0513
mem[X,0x000000008003D196] -> 0x3335
[9966] [M]: 0x000000008003D194 (0x33350513) addi a0, a0, 0x333
x10 <- 0x0000033333333333
mem[X,0x000000008003D198] -> 0x1513
mem[X,0x000000008003D19A] -> 0x00B5
[9967] [M]: 0x000000008003D198 (0x00B51513) slli a0, a0, 0xb
x10 <- 0x0019999999999800
mem[X,0x000000008003D19C] -> 0x0513
mem[X,0x000000008003D19E] -> 0x1995
[9968] [M]: 0x000000008003D19C (0x19950513) addi a0, a0, 0x199
x10 <- 0x0019999999999999
mem[X,0x000000008003D1A0] -> 0x1513
mem[X,0x000000008003D1A2] -> 0x00A5
[9969] [M]: 0x000000008003D1A0 (0x00A51513) slli a0, a0, 0xa
x10 <- 0x6666666666666400
mem[X,0x000000008003D1A4] -> 0x0513
mem[X,0x000000008003D1A6] -> 0x2675
[9970] [M]: 0x000000008003D1A4 (0x26750513) addi a0, a0, 0x267
x10 <- 0x6666666666666667
mem[X,0x000000008003D1A8] -> 0x05B7
mem[X,0x000000008003D1AA] -> 0x0000
[9971] [M]: 0x000000008003D1A8 (0x000005B7) lui a1, 0x0
x11 <- 0x0000000000000000
mem[X,0x000000008003D1AC] -> 0x8593
mem[X,0x000000008003D1AE] -> 0x0005
[9972] [M]: 0x000000008003D1AC (0x00058593) addi a1, a1, 0x0
x11 <- 0x0000000000000000
mem[X,0x000000008003D1B0] -> 0x9593
mem[X,0x000000008003D1B2] -> 0x00B5
[9973] [M]: 0x000000008003D1B0 (0x00B59593) slli a1, a1, 0xb
x11 <- 0x0000000000000000
mem[X,0x000000008003D1B4] -> 0x8593
mem[X,0x000000008003D1B6] -> 0x5A85
[9974] [M]: 0x000000008003D1B4 (0x5A858593) addi a1, a1, 0x5a8
x11 <- 0x00000000000005A8
mem[X,0x000000008003D1B8] -> 0x9593
mem[X,0x000000008003D1BA] -> 0x00B5
[9975] [M]: 0x000000008003D1B8 (0x00B59593) slli a1, a1, 0xb
x11 <- 0x00000000002D4000
mem[X,0x000000008003D1BC] -> 0x8593
mem[X,0x000000008003D1BE] -> 0x13C5
[9976] [M]: 0x000000008003D1BC (0x13C58593) addi a1, a1, 0x13c
x11 <- 0x00000000002D413C
mem[X,0x000000008003D1C0] -> 0x9593
mem[X,0x000000008003D1C2] -> 0x00A5
[9977] [M]: 0x000000008003D1C0 (0x00A59593) slli a1, a1, 0xa
x11 <- 0x00000000B504F000
mem[X,0x000000008003D1C4] -> 0x8593
mem[X,0x000000008003D1C6] -> 0x3345
[9978] [M]: 0x000000008003D1C4 (0x33458593) addi a1, a1, 0x334
x11 <- 0x00000000B504F334
mem[X,0x000000008003D1C8] -> 0x0213
mem[X,0x000000008003D1CA] -> 0x0000
[9979] [M]: 0x000000008003D1C8 (0x00000213) addi tp, zero, 0x0
x4 <- 0x0000000000000000
mem[X,0x000000008003D1CC] -> 0x006F
mem[X,0x000000008003D1CE] -> 0x00C0
[9980] [M]: 0x000000008003D1CC (0x00C0006F) jal zero, 0xc
mem[X,0x000000008003D1D8] -> 0x0CE3
mem[X,0x000000008003D1DA] -> 0xFEB5
[9981] [M]: 0x000000008003D1D8 (0xFEB50CE3) beq a0, a1, -0x8
mem[X,0x000000008003D1DC] -> 0x0213
mem[X,0x000000008003D1DE] -> 0x0022
[9982] [M]: 0x000000008003D1DC (0x00220213) addi tp, tp, 0x2
x4 <- 0x0000000000000002
mem[X,0x000000008003D1E0] -> 0x006F
mem[X,0x000000008003D1E2] -> 0x00C0
[9983] [M]: 0x000000008003D1E0 (0x00C0006F) jal zero, 0xc
mem[X,0x000000008003D1EC] -> 0x3023
mem[X,0x000000008003D1EE] -> 0x2A41
[9984] [M]: 0x000000008003D1EC (0x2A413023) sd tp, 0x2a0(sp)
mem[0x0000000080049468] <- 0x0000000000000002
mem[X,0x000000008003D1F0] -> 0x0537
mem[X,0x000000008003D1F2] -> 0x0000
[9985] [M]: 0x000000008003D1F0 (0x00000537) lui a0, 0x0
x10 <- 0x0000000000000000
mem[X,0x000000008003D1F4] -> 0x0513
mem[X,0x000000008003D1F6] -> 0xFFF5
[9986] [M]: 0x000000008003D1F4 (0xFFF50513) addi a0, a0, -0x1
x10 <- 0xFFFFFFFFFFFFFFFF
mem[X,0x000000008003D1F8] -> 0x1513
mem[X,0x000000008003D1FA] -> 0x00B5
[9987] [M]: 0x000000008003D1F8 (0x00B51513) slli a0, a0, 0xb
x10 <- 0xFFFFFFFFFFFFF800
mem[X,0x000000008003D1FC] -> 0x0513
mem[X,0x000000008003D1FE] -> 0x2575
[9988] [M]: 0x000000008003D1FC (0x25750513) addi a0, a0, 0x257
x10 <- 0xFFFFFFFFFFFFFA57
mem[X,0x000000008003D200] -> 0x1513
mem[X,0x000000008003D202] -> 0x00B5
[9989] [M]: 0x000000008003D200 (0x00B51513) slli a0, a0, 0xb
x10 <- 0xFFFFFFFFFFD2B800
mem[X,0x000000008003D204] -> 0x0513
mem[X,0x000000008003D206] -> 0x6C35
[9990] [M]: 0x000000008003D204 (0x6C350513) addi a0, a0, 0x6c3
x10 <- 0xFFFFFFFFFFD2BEC3
mem[X,0x000000008003D208] -> 0x1513
mem[X,0x000000008003D20A] -> 0x00A5
[9991] [M]: 0x000000008003D208 (0x00A51513) slli a0, a0, 0xa
x10 <- 0xFFFFFFFF4AFB0C00
mem[X,0x000000008003D20C] -> 0x0513
mem[X,0x000000008003D20E] -> 0x0CE5
[9992] [M]: 0x000000008003D20C (0x0CE50513) addi a0, a0, 0xce
x10 <- 0xFFFFFFFF4AFB0CCE
mem[X,0x000000008003D210] -> 0x0593
mem[X,0x000000008003D212] -> 0x0030
[9993] [M]: 0x000000008003D210 (0x00300593) addi a1, zero, 0x3
x11 <- 0x0000000000000003
mem[X,0x000000008003D214] -> 0x0213
mem[X,0x000000008003D216] -> 0x0000
[9994] [M]: 0x000000008003D214 (0x00000213) addi tp, zero, 0x0
x4 <- 0x0000000000000000
mem[X,0x000000008003D218] -> 0x006F
mem[X,0x000000008003D21A] -> 0x00C0
[9995] [M]: 0x000000008003D218 (0x00C0006F) jal zero, 0xc
mem[X,0x000000008003D224] -> 0x0CE3
mem[X,0x000000008003D226] -> 0xFEB5
[9996] [M]: 0x000000008003D224 (0xFEB50CE3) beq a0, a1, -0x8
mem[X,0x000000008003D228] -> 0x0213
mem[X,0x000000008003D22A] -> 0x0022
[9997] [M]: 0x000000008003D228 (0x00220213) addi tp, tp, 0x2
x4 <- 0x0000000000000002
mem[X,0x000000008003D22C] -> 0x006F
mem[X,0x000000008003D22E] -> 0x00C0
[9998] [M]: 0x000000008003D22C (0x00C0006F) jal zero, 0xc
mem[X,0x000000008003D238] -> 0x3423
mem[X,0x000000008003D23A] -> 0x2A41
[9999] [M]: 0x000000008003D238 (0x2A413423) sd tp, 0x2a8(sp)
mem[0x0000000080049470] <- 0x0000000000000002
clint::tick mtime <- 0x0000000000000064
 clint timer pending at mtime 0x0000000000000064
htif::tick 0x0000000000000000
mem[X,0x000000008003D23C] -> 0x0537
mem[X,0x000000008003D23E] -> 0x0000
[10000] [M]: 0x000000008003D23C (0x00000537) lui a0, 0x0
x10 <- 0x0000000000000000
mem[X,0x000000008003D240] -> 0x0513
mem[X,0x000000008003D242] -> 0xFFF5
[10001] [M]: 0x000000008003D240 (0xFFF50513) addi a0, a0, -0x1
x10 <- 0xFFFFFFFFFFFFFFFF
mem[X,0x000000008003D244] -> 0x1513
mem[X,0x000000008003D246] -> 0x00B5
[10002] [M]: 0x000000008003D244 (0x00B51513) slli a0, a0, 0xb
x10 <- 0xFFFFFFFFFFFFF800
mem[X,0x000000008003D248] -> 0x0513
mem[X,0x000000008003D24A] -> 0x2575
[10003] [M]: 0x000000008003D248 (0x25750513) addi a0, a0, 0x257
x10 <- 0xFFFFFFFFFFFFFA57
mem[X,0x000000008003D24C] -> 0x1513
mem[X,0x000000008003D24E] -> 0x00B5
[10004] [M]: 0x000000008003D24C (0x00B51513) slli a0, a0, 0xb
x10 <- 0xFFFFFFFFFFD2B800
mem[X,0x000000008003D250] -> 0x0513
mem[X,0x000000008003D252] -> 0x6C35
[10005] [M]: 0x000000008003D250 (0x6C350513) addi a0, a0, 0x6c3
x10 <- 0xFFFFFFFFFFD2BEC3
mem[X,0x000000008003D254] -> 0x1513
mem[X,0x000000008003D256] -> 0x00A5
[10006] [M]: 0x000000008003D254 (0x00A51513) slli a0, a0, 0xa
x10 <- 0xFFFFFFFF4AFB0C00
mem[X,0x000000008003D258] -> 0x0513
mem[X,0x000000008003D25A] -> 0x0CE5
[10007] [M]: 0x000000008003D258 (0x0CE50513) addi a0, a0, 0xce
x10 <- 0xFFFFFFFF4AFB0CCE
mem[X,0x000000008003D25C] -> 0x55B7
mem[X,0x000000008003D25E] -> 0x5555
[10008] [M]: 0x000000008003D25C (0x555555B7) lui a1, 0x55555
x11 <- 0x0000000055555000
mem[X,0x000000008003D260] -> 0x8593
mem[X,0x000000008003D262] -> 0x5555
[10009] [M]: 0x000000008003D260 (0x55558593) addi a1, a1, 0x555
x11 <- 0x0000000055555555
mem[X,0x000000008003D264] -> 0x9593
mem[X,0x000000008003D266] -> 0x00B5
[10010] [M]: 0x000000008003D264 (0x00B59593) slli a1, a1, 0xb
x11 <- 0x000002AAAAAAA800
mem[X,0x000000008003D268] -> 0x8593
mem[X,0x000000008003D26A] -> 0x2AA5
[10011] [M]: 0x000000008003D268 (0x2AA58593) addi a1, a1, 0x2aa
x11 <- 0x000002AAAAAAAAAA
mem[X,0x000000008003D26C] -> 0x9593
mem[X,0x000000008003D26E] -> 0x00B5
[10012] [M]: 0x000000008003D26C (0x00B59593) slli a1, a1, 0xb
x11 <- 0x0015555555555000
mem[X,0x000000008003D270] -> 0x8593
mem[X,0x000000008003D272] -> 0x5555
[10013] [M]: 0x000000008003D270 (0x55558593) addi a1, a1, 0x555
x11 <- 0x0015555555555555
mem[X,0x000000008003D274] -> 0x9593
mem[X,0x000000008003D276] -> 0x00A5
[10014] [M]: 0x000000008003D274 (0x00A59593) slli a1, a1, 0xa
x11 <- 0x5555555555555400
mem[X,0x000000008003D278] -> 0x8593
mem[X,0x000000008003D27A] -> 0x1555
[10015] [M]: 0x000000008003D278 (0x15558593) addi a1, a1, 0x155
x11 <- 0x5555555555555555
mem[X,0x000000008003D27C] -> 0x0213
mem[X,0x000000008003D27E] -> 0x0000
[10016] [M]: 0x000000008003D27C (0x00000213) addi tp, zero, 0x0
x4 <- 0x0000000000000000
mem[X,0x000000008003D280] -> 0x006F
mem[X,0x000000008003D282] -> 0x00C0
[10017] [M]: 0x000000008003D280 (0x00C0006F) jal zero, 0xc
mem[X,0x000000008003D28C] -> 0x0663
mem[X,0x000000008003D28E] -> 0x00B5
[10018] [M]: 0x000000008003D28C (0x00B50663) beq a0, a1, 0xc
mem[X,0x000000008003D290] -> 0x0213
mem[X,0x000000008003D292] -> 0x0022
[10019] [M]: 0x000000008003D290 (0x00220213) addi tp, tp, 0x2
x4 <- 0x0000000000000002
mem[X,0x000000008003D294] -> 0x006F
mem[X,0x000000008003D296] -> 0x00C0
[10020] [M]: 0x000000008003D294 (0x00C0006F) jal zero, 0xc
mem[X,0x000000008003D2A0] -> 0x3823
mem[X,0x000000008003D2A2] -> 0x2A41
[10021] [M]: 0x000000008003D2A0 (0x2A413823) sd tp, 0x2b0(sp)
mem[0x0000000080049478] <- 0x0000000000000002
mem[X,0x000000008003D2A4] -> 0x0537
mem[X,0x000000008003D2A6] -> 0x0000
[10022] [M]: 0x000000008003D2A4 (0x00000537) lui a0, 0x0
x10 <- 0x0000000000000000
mem[X,0x000000008003D2A8] -> 0x0513
mem[X,0x000000008003D2AA] -> 0xFFF5
[10023] [M]: 0x000000008003D2A8 (0xFFF50513) addi a0, a0, -0x1
x10 <- 0xFFFFFFFFFFFFFFFF
mem[X,0x000000008003D2AC] -> 0x1513
mem[X,0x000000008003D2AE] -> 0x00B5
[10024] [M]: 0x000000008003D2AC (0x00B51513) slli a0, a0, 0xb
x10 <- 0xFFFFFFFFFFFFF800
mem[X,0x000000008003D2B0] -> 0x0513
mem[X,0x000000008003D2B2] -> 0x2575
[10025] [M]: 0x000000008003D2B0 (0x25750513) addi a0, a0, 0x257
x10 <- 0xFFFFFFFFFFFFFA57
mem[X,0x000000008003D2B4] -> 0x1513
mem[X,0x000000008003D2B6] -> 0x00B5
[10026] [M]: 0x000000008003D2B4 (0x00B51513) slli a0, a0, 0xb
x10 <- 0xFFFFFFFFFFD2B800
mem[X,0x000000008003D2B8] -> 0x0513
mem[X,0x000000008003D2BA] -> 0x6C35
[10027] [M]: 0x000000008003D2B8 (0x6C350513) addi a0, a0, 0x6c3
x10 <- 0xFFFFFFFFFFD2BEC3
mem[X,0x000000008003D2BC] -> 0x1513
mem[X,0x000000008003D2BE] -> 0x00A5
[10028] [M]: 0x000000008003D2BC (0x00A51513) slli a0, a0, 0xa
x10 <- 0xFFFFFFFF4AFB0C00
mem[X,0x000000008003D2C0] -> 0x0513
mem[X,0x000000008003D2C2] -> 0x0CE5
[10029] [M]: 0x000000008003D2C0 (0x0CE50513) addi a0, a0, 0xce
x10 <- 0xFFFFFFFF4AFB0CCE
mem[X,0x000000008003D2C4] -> 0xB5B7
mem[X,0x000000008003D2C6] -> 0xAAAA
[10030] [M]: 0x000000008003D2C4 (0xAAAAB5B7) lui a1, -0x55555
x11 <- 0xFFFFFFFFAAAAB000
mem[X,0x000000008003D2C8] -> 0x8593
mem[X,0x000000008003D2CA] -> 0xAAA5
[10031] [M]: 0x000000008003D2C8 (0xAAA58593) addi a1, a1, -0x556
x11 <- 0xFFFFFFFFAAAAAAAA
mem[X,0x000000008003D2CC] -> 0x9593
mem[X,0x000000008003D2CE] -> 0x00B5
[10032] [M]: 0x000000008003D2CC (0x00B59593) slli a1, a1, 0xb
x11 <- 0xFFFFFD5555555000
mem[X,0x000000008003D2D0] -> 0x8593
mem[X,0x000000008003D2D2] -> 0x5555
[10033] [M]: 0x000000008003D2D0 (0x55558593) addi a1, a1, 0x555
x11 <- 0xFFFFFD5555555555
mem[X,0x000000008003D2D4] -> 0x9593
mem[X,0x000000008003D2D6] -> 0x00B5
[10034] [M]: 0x000000008003D2D4 (0x00B59593) slli a1, a1, 0xb
x11 <- 0xFFEAAAAAAAAAA800
mem[X,0x000000008003D2D8] -> 0x8593
mem[X,0x000000008003D2DA] -> 0x2AA5
[10035] [M]: 0x000000008003D2D8 (0x2AA58593) addi a1, a1, 0x2aa
x11 <- 0xFFEAAAAAAAAAAAAA
mem[X,0x000000008003D2DC] -> 0x9593
mem[X,0x000000008003D2DE] -> 0x00A5
[10036] [M]: 0x000000008003D2DC (0x00A59593) slli a1, a1, 0xa
x11 <- 0xAAAAAAAAAAAAA800
mem[X,0x000000008003D2E0] -> 0x8593
mem[X,0x000000008003D2E2] -> 0x2AA5
[10037] [M]: 0x000000008003D2E0 (0x2AA58593) addi a1, a1, 0x2aa
x11 <- 0xAAAAAAAAAAAAAAAA
mem[X,0x000000008003D2E4] -> 0x0213
mem[X,0x000000008003D2E6] -> 0x0000
[10038] [M]: 0x000000008003D2E4 (0x00000213) addi tp, zero, 0x0
x4 <- 0x0000000000000000
mem[X,0x000000008003D2E8] -> 0x006F
mem[X,0x000000008003D2EA] -> 0x00C0
[10039] [M]: 0x000000008003D2E8 (0x00C0006F) jal zero, 0xc
mem[X,0x000000008003D2F4] -> 0x0063
mem[X,0x000000008003D2F6] -> 0x20B5
[10040] [M]: 0x000000008003D2F4 (0x20B50063) beq a0, a1, 0x200
mem[X,0x000000008003D2F8] -> 0x0213
mem[X,0x000000008003D2FA] -> 0x0022
[10041] [M]: 0x000000008003D2F8 (0x00220213) addi tp, tp, 0x2
x4 <- 0x0000000000000002
mem[X,0x000000008003D2FC] -> 0x006F
mem[X,0x000000008003D2FE] -> 0x2000
[10042] [M]: 0x000000008003D2FC (0x2000006F) jal zero, 0x200
mem[X,0x000000008003D4FC] -> 0x3C23
mem[X,0x000000008003D4FE] -> 0x2A41
[10043] [M]: 0x000000008003D4FC (0x2A413C23) sd tp, 0x2b8(sp)
mem[0x0000000080049480] <- 0x0000000000000002
mem[X,0x000000008003D500] -> 0x0537
mem[X,0x000000008003D502] -> 0x0000
[10044] [M]: 0x000000008003D500 (0x00000537) lui a0, 0x0
x10 <- 0x0000000000000000
mem[X,0x000000008003D504] -> 0x0513
mem[X,0x000000008003D506] -> 0xFFF5
[10045] [M]: 0x000000008003D504 (0xFFF50513) addi a0, a0, -0x1
x10 <- 0xFFFFFFFFFFFFFFFF
mem[X,0x000000008003D508] -> 0x1513
mem[X,0x000000008003D50A] -> 0x00B5
[10046] [M]: 0x000000008003D508 (0x00B51513) slli a0, a0, 0xb
x10 <- 0xFFFFFFFFFFFFF800
mem[X,0x000000008003D50C] -> 0x0513
mem[X,0x000000008003D50E] -> 0x2575
[10047] [M]: 0x000000008003D50C (0x25750513) addi a0, a0, 0x257
x10 <- 0xFFFFFFFFFFFFFA57
mem[X,0x000000008003D510] -> 0x1513
mem[X,0x000000008003D512] -> 0x00B5
[10048] [M]: 0x000000008003D510 (0x00B51513) slli a0, a0, 0xb
x10 <- 0xFFFFFFFFFFD2B800
mem[X,0x000000008003D514] -> 0x0513
mem[X,0x000000008003D516] -> 0x6C35
[10049] [M]: 0x000000008003D514 (0x6C350513) addi a0, a0, 0x6c3
x10 <- 0xFFFFFFFFFFD2BEC3
mem[X,0x000000008003D518] -> 0x1513
mem[X,0x000000008003D51A] -> 0x00A5
[10050] [M]: 0x000000008003D518 (0x00A51513) slli a0, a0, 0xa
x10 <- 0xFFFFFFFF4AFB0C00
mem[X,0x000000008003D51C] -> 0x0513
mem[X,0x000000008003D51E] -> 0x0CE5
[10051] [M]: 0x000000008003D51C (0x0CE50513) addi a0, a0, 0xce
x10 <- 0xFFFFFFFF4AFB0CCE
mem[X,0x000000008003D520] -> 0x0593
mem[X,0x000000008003D522] -> 0x0050
[10052] [M]: 0x000000008003D520 (0x00500593) addi a1, zero, 0x5
x11 <- 0x0000000000000005
mem[X,0x000000008003D524] -> 0x0213
mem[X,0x000000008003D526] -> 0x0000
[10053] [M]: 0x000000008003D524 (0x00000213) addi tp, zero, 0x0
x4 <- 0x0000000000000000
mem[X,0x000000008003D528] -> 0x006F
mem[X,0x000000008003D52A] -> 0x00C0
[10054] [M]: 0x000000008003D528 (0x00C0006F) jal zero, 0xc
mem[X,0x000000008003D534] -> 0x0063
mem[X,0x000000008003D536] -> 0x20B5
[10055] [M]: 0x000000008003D534 (0x20B50063) beq a0, a1, 0x200
mem[X,0x000000008003D538] -> 0x0213
mem[X,0x000000008003D53A] -> 0x0022
[10056] [M]: 0x000000008003D538 (0x00220213) addi tp, tp, 0x2
x4 <- 0x0000000000000002
mem[X,0x000000008003D53C] -> 0x006F
mem[X,0x000000008003D53E] -> 0x2000
[10057] [M]: 0x000000008003D53C (0x2000006F) jal zero, 0x200
mem[X,0x000000008003D73C] -> 0x3023
mem[X,0x000000008003D73E] -> 0x2C41
[10058] [M]: 0x000000008003D73C (0x2C413023) sd tp, 0x2c0(sp)
mem[0x0000000080049488] <- 0x0000000000000002
mem[X,0x000000008003D740] -> 0x0537
mem[X,0x000000008003D742] -> 0x0000
[10059] [M]: 0x000000008003D740 (0x00000537) lui a0, 0x0
x10 <- 0x0000000000000000
mem[X,0x000000008003D744] -> 0x0513
mem[X,0x000000008003D746] -> 0xFFF5
[10060] [M]: 0x000000008003D744 (0xFFF50513) addi a0, a0, -0x1
x10 <- 0xFFFFFFFFFFFFFFFF
mem[X,0x000000008003D748] -> 0x1513
mem[X,0x000000008003D74A] -> 0x00B5
[10061] [M]: 0x000000008003D748 (0x00B51513) slli a0, a0, 0xb
x10 <- 0xFFFFFFFFFFFFF800
mem[X,0x000000008003D74C] -> 0x0513
mem[X,0x000000008003D74E] -> 0x2575
[10062] [M]: 0x000000008003D74C (0x25750513) addi a0, a0, 0x257
x10 <- 0xFFFFFFFFFFFFFA57
mem[X,0x000000008003D750] -> 0x1513
mem[X,0x000000008003D752] -> 0x00B5
[10063] [M]: 0x000000008003D750 (0x00B51513) slli a0, a0, 0xb
x10 <- 0xFFFFFFFFFFD2B800
mem[X,0x000000008003D754] -> 0x0513
mem[X,0x000000008003D756] -> 0x6C35
[10064] [M]: 0x000000008003D754 (0x6C350513) addi a0, a0, 0x6c3
x10 <- 0xFFFFFFFFFFD2BEC3
mem[X,0x000000008003D758] -> 0x1513
mem[X,0x000000008003D75A] -> 0x00A5
[10065] [M]: 0x000000008003D758 (0x00A51513) slli a0, a0, 0xa
x10 <- 0xFFFFFFFF4AFB0C00
mem[X,0x000000008003D75C] -> 0x0513
mem[X,0x000000008003D75E] -> 0x0CE5
[10066] [M]: 0x000000008003D75C (0x0CE50513) addi a0, a0, 0xce
x10 <- 0xFFFFFFFF4AFB0CCE
mem[X,0x000000008003D760] -> 0x35B7
mem[X,0x000000008003D762] -> 0x3333
[10067] [M]: 0x000000008003D760 (0x333335B7) lui a1, 0x33333
x11 <- 0x0000000033333000
mem[X,0x000000008003D764] -> 0x8593
mem[X,0x000000008003D766] -> 0x3335
[10068] [M]: 0x000000008003D764 (0x33358593) addi a1, a1, 0x333
x11 <- 0x0000000033333333
mem[X,0x000000008003D768] -> 0x9593
mem[X,0x000000008003D76A] -> 0x00B5
[10069] [M]: 0x000000008003D768 (0x00B59593) slli a1, a1, 0xb
x11 <- 0x0000019999999800
mem[X,0x000000008003D76C] -> 0x8593
mem[X,0x000000008003D76E] -> 0x1995
[10070] [M]: 0x000000008003D76C (0x19958593) addi a1, a1, 0x199
x11 <- 0x0000019999999999
mem[X,0x000000008003D770] -> 0x9593
mem[X,0x000000008003D772] -> 0x00B5
[10071] [M]: 0x000000008003D770 (0x00B59593) slli a1, a1, 0xb
x11 <- 0x000CCCCCCCCCC800
mem[X,0x000000008003D774] -> 0x8593
mem[X,0x000000008003D776] -> 0x4CC5
[10072] [M]: 0x000000008003D774 (0x4CC58593) addi a1, a1, 0x4cc
x11 <- 0x000CCCCCCCCCCCCC
mem[X,0x000000008003D778] -> 0x9593
mem[X,0x000000008003D77A] -> 0x00A5
[10073] [M]: 0x000000008003D778 (0x00A59593) slli a1, a1, 0xa
x11 <- 0x3333333333333000
mem[X,0x000000008003D77C] -> 0x8593
mem[X,0x000000008003D77E] -> 0x3335
[10074] [M]: 0x000000008003D77C (0x33358593) addi a1, a1, 0x333
x11 <- 0x3333333333333333
mem[X,0x000000008003D780] -> 0x0213
mem[X,0x000000008003D782] -> 0x0000
[10075] [M]: 0x000000008003D780 (0x00000213) addi tp, zero, 0x0
x4 <- 0x0000000000000000
mem[X,0x000000008003D784] -> 0x006F
mem[X,0x000000008003D786] -> 0x00C0
[10076] [M]: 0x000000008003D784 (0x00C0006F) jal zero, 0xc
mem[X,0x000000008003D790] -> 0x0663
mem[X,0x000000008003D792] -> 0x00B5
[10077] [M]: 0x000000008003D790 (0x00B50663) beq a0, a1, 0xc
mem[X,0x000000008003D794] -> 0x0213
mem[X,0x000000008003D796] -> 0x0022
[10078] [M]: 0x000000008003D794 (0x00220213) addi tp, tp, 0x2
x4 <- 0x0000000000000002
mem[X,0x000000008003D798] -> 0x006F
mem[X,0x000000008003D79A] -> 0x00C0
[10079] [M]: 0x000000008003D798 (0x00C0006F) jal zero, 0xc
mem[X,0x000000008003D7A4] -> 0x3423
mem[X,0x000000008003D7A6] -> 0x2C41
[10080] [M]: 0x000000008003D7A4 (0x2C413423) sd tp, 0x2c8(sp)
mem[0x0000000080049490] <- 0x0000000000000002
mem[X,0x000000008003D7A8] -> 0x0537
mem[X,0x000000008003D7AA] -> 0x0000
[10081] [M]: 0x000000008003D7A8 (0x00000537) lui a0, 0x0
x10 <- 0x0000000000000000
mem[X,0x000000008003D7AC] -> 0x0513
mem[X,0x000000008003D7AE] -> 0xFFF5
[10082] [M]: 0x000000008003D7AC (0xFFF50513) addi a0, a0, -0x1
x10 <- 0xFFFFFFFFFFFFFFFF
mem[X,0x000000008003D7B0] -> 0x1513
mem[X,0x000000008003D7B2] -> 0x00B5
[10083] [M]: 0x000000008003D7B0 (0x00B51513) slli a0, a0, 0xb
x10 <- 0xFFFFFFFFFFFFF800
mem[X,0x000000008003D7B4] -> 0x0513
mem[X,0x000000008003D7B6] -> 0x2575
[10084] [M]: 0x000000008003D7B4 (0x25750513) addi a0, a0, 0x257
x10 <- 0xFFFFFFFFFFFFFA57
mem[X,0x000000008003D7B8] -> 0x1513
mem[X,0x000000008003D7BA] -> 0x00B5
[10085] [M]: 0x000000008003D7B8 (0x00B51513) slli a0, a0, 0xb
x10 <- 0xFFFFFFFFFFD2B800
mem[X,0x000000008003D7BC] -> 0x0513
mem[X,0x000000008003D7BE] -> 0x6C35
[10086] [M]: 0x000000008003D7BC (0x6C350513) addi a0, a0, 0x6c3
x10 <- 0xFFFFFFFFFFD2BEC3
mem[X,0x000000008003D7C0] -> 0x1513
mem[X,0x000000008003D7C2] -> 0x00A5
[10087] [M]: 0x000000008003D7C0 (0x00A51513) slli a0, a0, 0xa
x10 <- 0xFFFFFFFF4AFB0C00
mem[X,0x000000008003D7C4] -> 0x0513
mem[X,0x000000008003D7C6] -> 0x0CE5
[10088] [M]: 0x000000008003D7C4 (0x0CE50513) addi a0, a0, 0xce
x10 <- 0xFFFFFFFF4AFB0CCE
mem[X,0x000000008003D7C8] -> 0x65B7
mem[X,0x000000008003D7CA] -> 0x6666
[10089] [M]: 0x000000008003D7C8 (0x666665B7) lui a1, 0x66666
x11 <- 0x0000000066666000
mem[X,0x000000008003D7CC] -> 0x8593
mem[X,0x000000008003D7CE] -> 0x6665
[10090] [M]: 0x000000008003D7CC (0x66658593) addi a1, a1, 0x666
x11 <- 0x0000000066666666
mem[X,0x000000008003D7D0] -> 0x9593
mem[X,0x000000008003D7D2] -> 0x00B5
[10091] [M]: 0x000000008003D7D0 (0x00B59593) slli a1, a1, 0xb
x11 <- 0x0000033333333000
mem[X,0x000000008003D7D4] -> 0x8593
mem[X,0x000000008003D7D6] -> 0x3335
[10092] [M]: 0x000000008003D7D4 (0x33358593) addi a1, a1, 0x333
x11 <- 0x0000033333333333
mem[X,0x000000008003D7D8] -> 0x9593
mem[X,0x000000008003D7DA] -> 0x00B5
[10093] [M]: 0x000000008003D7D8 (0x00B59593) slli a1, a1, 0xb
x11 <- 0x0019999999999800
mem[X,0x000000008003D7DC] -> 0x8593
mem[X,0x000000008003D7DE] -> 0x1995
[10094] [M]: 0x000000008003D7DC (0x19958593) addi a1, a1, 0x199
x11 <- 0x0019999999999999
mem[X,0x000000008003D7E0] -> 0x9593
mem[X,0x000000008003D7E2] -> 0x00A5
[10095] [M]: 0x000000008003D7E0 (0x00A59593) slli a1, a1, 0xa
x11 <- 0x6666666666666400
mem[X,0x000000008003D7E4] -> 0x8593
mem[X,0x000000008003D7E6] -> 0x2665
[10096] [M]: 0x000000008003D7E4 (0x26658593) addi a1, a1, 0x266
x11 <- 0x6666666666666666
mem[X,0x000000008003D7E8] -> 0x0213
mem[X,0x000000008003D7EA] -> 0x0000
[10097] [M]: 0x000000008003D7E8 (0x00000213) addi tp, zero, 0x0
x4 <- 0x0000000000000000
mem[X,0x000000008003D7EC] -> 0x006F
mem[X,0x000000008003D7EE] -> 0x0140
[10098] [M]: 0x000000008003D7EC (0x0140006F) jal zero, 0x14
mem[X,0x000000008003D800] -> 0x08E3
mem[X,0x000000008003D802] -> 0xFEB5
[10099] [M]: 0x000000008003D800 (0xFEB508E3) beq a0, a1, -0x10
clint::tick mtime <- 0x0000000000000065
 clint timer pending at mtime 0x0000000000000065
htif::tick 0x0000000000000000
mem[X,0x000000008003D804] -> 0x0213
mem[X,0x000000008003D806] -> 0x0022
[10100] [M]: 0x000000008003D804 (0x00220213) addi tp, tp, 0x2
x4 <- 0x0000000000000002
mem[X,0x000000008003D808] -> 0x006F
mem[X,0x000000008003D80A] -> 0x00C0
[10101] [M]: 0x000000008003D808 (0x00C0006F) jal zero, 0xc
mem[X,0x000000008003D814] -> 0x3823
mem[X,0x000000008003D816] -> 0x2C41
[10102] [M]: 0x000000008003D814 (0x2C413823) sd tp, 0x2d0(sp)
mem[0x0000000080049498] <- 0x0000000000000002
mem[X,0x000000008003D818] -> 0x0537
mem[X,0x000000008003D81A] -> 0x0000
[10103] [M]: 0x000000008003D818 (0x00000537) lui a0, 0x0
x10 <- 0x0000000000000000
mem[X,0x000000008003D81C] -> 0x0513
mem[X,0x000000008003D81E] -> 0xFFF5
[10104] [M]: 0x000000008003D81C (0xFFF50513) addi a0, a0, -0x1
x10 <- 0xFFFFFFFFFFFFFFFF
mem[X,0x000000008003D820] -> 0x1513
mem[X,0x000000008003D822] -> 0x00B5
[10105] [M]: 0x000000008003D820 (0x00B51513) slli a0, a0, 0xb
x10 <- 0xFFFFFFFFFFFFF800
mem[X,0x000000008003D824] -> 0x0513
mem[X,0x000000008003D826] -> 0x2575
[10106] [M]: 0x000000008003D824 (0x25750513) addi a0, a0, 0x257
x10 <- 0xFFFFFFFFFFFFFA57
mem[X,0x000000008003D828] -> 0x1513
mem[X,0x000000008003D82A] -> 0x00B5
[10107] [M]: 0x000000008003D828 (0x00B51513) slli a0, a0, 0xb
x10 <- 0xFFFFFFFFFFD2B800
mem[X,0x000000008003D82C] -> 0x0513
mem[X,0x000000008003D82E] -> 0x6C35
[10108] [M]: 0x000000008003D82C (0x6C350513) addi a0, a0, 0x6c3
x10 <- 0xFFFFFFFFFFD2BEC3
mem[X,0x000000008003D830] -> 0x1513
mem[X,0x000000008003D832] -> 0x00A5
[10109] [M]: 0x000000008003D830 (0x00A51513) slli a0, a0, 0xa
x10 <- 0xFFFFFFFF4AFB0C00
mem[X,0x000000008003D834] -> 0x0513
mem[X,0x000000008003D836] -> 0x0CE5
[10110] [M]: 0x000000008003D834 (0x0CE50513) addi a0, a0, 0xce
x10 <- 0xFFFFFFFF4AFB0CCE
mem[X,0x000000008003D838] -> 0x05B7
mem[X,0x000000008003D83A] -> 0x0000
[10111] [M]: 0x000000008003D838 (0x000005B7) lui a1, 0x0
x11 <- 0x0000000000000000
mem[X,0x000000008003D83C] -> 0x8593
mem[X,0x000000008003D83E] -> 0xFFF5
[10112] [M]: 0x000000008003D83C (0xFFF58593) addi a1, a1, -0x1
x11 <- 0xFFFFFFFFFFFFFFFF
mem[X,0x000000008003D840] -> 0x9593
mem[X,0x000000008003D842] -> 0x00B5
[10113] [M]: 0x000000008003D840 (0x00B59593) slli a1, a1, 0xb
x11 <- 0xFFFFFFFFFFFFF800
mem[X,0x000000008003D844] -> 0x8593
mem[X,0x000000008003D846] -> 0x2575
[10114] [M]: 0x000000008003D844 (0x25758593) addi a1, a1, 0x257
x11 <- 0xFFFFFFFFFFFFFA57
mem[X,0x000000008003D848] -> 0x9593
mem[X,0x000000008003D84A] -> 0x00B5
[10115] [M]: 0x000000008003D848 (0x00B59593) slli a1, a1, 0xb
x11 <- 0xFFFFFFFFFFD2B800
mem[X,0x000000008003D84C] -> 0x8593
mem[X,0x000000008003D84E] -> 0x6C35
[10116] [M]: 0x000000008003D84C (0x6C358593) addi a1, a1, 0x6c3
x11 <- 0xFFFFFFFFFFD2BEC3
mem[X,0x000000008003D850] -> 0x9593
mem[X,0x000000008003D852] -> 0x00A5
[10117] [M]: 0x000000008003D850 (0x00A59593) slli a1, a1, 0xa
x11 <- 0xFFFFFFFF4AFB0C00
mem[X,0x000000008003D854] -> 0x8593
mem[X,0x000000008003D856] -> 0x0CD5
[10118] [M]: 0x000000008003D854 (0x0CD58593) addi a1, a1, 0xcd
x11 <- 0xFFFFFFFF4AFB0CCD
mem[X,0x000000008003D858] -> 0x0213
mem[X,0x000000008003D85A] -> 0x0000
[10119] [M]: 0x000000008003D858 (0x00000213) addi tp, zero, 0x0
x4 <- 0x0000000000000000
mem[X,0x000000008003D85C] -> 0x006F
mem[X,0x000000008003D85E] -> 0x00C0
[10120] [M]: 0x000000008003D85C (0x00C0006F) jal zero, 0xc
mem[X,0x000000008003D868] -> 0x0663
mem[X,0x000000008003D86A] -> 0x00B5
[10121] [M]: 0x000000008003D868 (0x00B50663) beq a0, a1, 0xc
mem[X,0x000000008003D86C] -> 0x0213
mem[X,0x000000008003D86E] -> 0x0022
[10122] [M]: 0x000000008003D86C (0x00220213) addi tp, tp, 0x2
x4 <- 0x0000000000000002
mem[X,0x000000008003D870] -> 0x006F
mem[X,0x000000008003D872] -> 0x00C0
[10123] [M]: 0x000000008003D870 (0x00C0006F) jal zero, 0xc
mem[X,0x000000008003D87C] -> 0x3C23
mem[X,0x000000008003D87E] -> 0x2C41
[10124] [M]: 0x000000008003D87C (0x2C413C23) sd tp, 0x2d8(sp)
mem[0x00000000800494A0] <- 0x0000000000000002
mem[X,0x000000008003D880] -> 0x0537
mem[X,0x000000008003D882] -> 0x0000
[10125] [M]: 0x000000008003D880 (0x00000537) lui a0, 0x0
x10 <- 0x0000000000000000
mem[X,0x000000008003D884] -> 0x0513
mem[X,0x000000008003D886] -> 0xFFF5
[10126] [M]: 0x000000008003D884 (0xFFF50513) addi a0, a0, -0x1
x10 <- 0xFFFFFFFFFFFFFFFF
mem[X,0x000000008003D888] -> 0x1513
mem[X,0x000000008003D88A] -> 0x00B5
[10127] [M]: 0x000000008003D888 (0x00B51513) slli a0, a0, 0xb
x10 <- 0xFFFFFFFFFFFFF800
mem[X,0x000000008003D88C] -> 0x0513
mem[X,0x000000008003D88E] -> 0x2575
[10128] [M]: 0x000000008003D88C (0x25750513) addi a0, a0, 0x257
x10 <- 0xFFFFFFFFFFFFFA57
mem[X,0x000000008003D890] -> 0x1513
mem[X,0x000000008003D892] -> 0x00B5
[10129] [M]: 0x000000008003D890 (0x00B51513) slli a0, a0, 0xb
x10 <- 0xFFFFFFFFFFD2B800
mem[X,0x000000008003D894] -> 0x0513
mem[X,0x000000008003D896] -> 0x6C35
[10130] [M]: 0x000000008003D894 (0x6C350513) addi a0, a0, 0x6c3
x10 <- 0xFFFFFFFFFFD2BEC3
mem[X,0x000000008003D898] -> 0x1513
mem[X,0x000000008003D89A] -> 0x00A5
[10131] [M]: 0x000000008003D898 (0x00A51513) slli a0, a0, 0xa
x10 <- 0xFFFFFFFF4AFB0C00
mem[X,0x000000008003D89C] -> 0x0513
mem[X,0x000000008003D89E] -> 0x0CE5
[10132] [M]: 0x000000008003D89C (0x0CE50513) addi a0, a0, 0xce
x10 <- 0xFFFFFFFF4AFB0CCE
mem[X,0x000000008003D8A0] -> 0x05B7
mem[X,0x000000008003D8A2] -> 0x0000
[10133] [M]: 0x000000008003D8A0 (0x000005B7) lui a1, 0x0
x11 <- 0x0000000000000000
mem[X,0x000000008003D8A4] -> 0x8593
mem[X,0x000000008003D8A6] -> 0x0005
[10134] [M]: 0x000000008003D8A4 (0x00058593) addi a1, a1, 0x0
x11 <- 0x0000000000000000
mem[X,0x000000008003D8A8] -> 0x9593
mem[X,0x000000008003D8AA] -> 0x00B5
[10135] [M]: 0x000000008003D8A8 (0x00B59593) slli a1, a1, 0xb
x11 <- 0x0000000000000000
mem[X,0x000000008003D8AC] -> 0x8593
mem[X,0x000000008003D8AE] -> 0x5A85
[10136] [M]: 0x000000008003D8AC (0x5A858593) addi a1, a1, 0x5a8
x11 <- 0x00000000000005A8
mem[X,0x000000008003D8B0] -> 0x9593
mem[X,0x000000008003D8B2] -> 0x00B5
[10137] [M]: 0x000000008003D8B0 (0x00B59593) slli a1, a1, 0xb
x11 <- 0x00000000002D4000
mem[X,0x000000008003D8B4] -> 0x8593
mem[X,0x000000008003D8B6] -> 0x13C5
[10138] [M]: 0x000000008003D8B4 (0x13C58593) addi a1, a1, 0x13c
x11 <- 0x00000000002D413C
mem[X,0x000000008003D8B8] -> 0x9593
mem[X,0x000000008003D8BA] -> 0x00A5
[10139] [M]: 0x000000008003D8B8 (0x00A59593) slli a1, a1, 0xa
x11 <- 0x00000000B504F000
mem[X,0x000000008003D8BC] -> 0x8593
mem[X,0x000000008003D8BE] -> 0x3335
[10140] [M]: 0x000000008003D8BC (0x33358593) addi a1, a1, 0x333
x11 <- 0x00000000B504F333
mem[X,0x000000008003D8C0] -> 0x0213
mem[X,0x000000008003D8C2] -> 0x0000
[10141] [M]: 0x000000008003D8C0 (0x00000213) addi tp, zero, 0x0
x4 <- 0x0000000000000000
mem[X,0x000000008003D8C4] -> 0x006F
mem[X,0x000000008003D8C6] -> 0x00C0
[10142] [M]: 0x000000008003D8C4 (0x00C0006F) jal zero, 0xc
mem[X,0x000000008003D8D0] -> 0x0CE3
mem[X,0x000000008003D8D2] -> 0xFEB5
[10143] [M]: 0x000000008003D8D0 (0xFEB50CE3) beq a0, a1, -0x8
mem[X,0x000000008003D8D4] -> 0x0213
mem[X,0x000000008003D8D6] -> 0x0022
[10144] [M]: 0x000000008003D8D4 (0x00220213) addi tp, tp, 0x2
x4 <- 0x0000000000000002
mem[X,0x000000008003D8D8] -> 0x006F
mem[X,0x000000008003D8DA] -> 0x00C0
[10145] [M]: 0x000000008003D8D8 (0x00C0006F) jal zero, 0xc
mem[X,0x000000008003D8E4] -> 0x3023
mem[X,0x000000008003D8E6] -> 0x2E41
[10146] [M]: 0x000000008003D8E4 (0x2E413023) sd tp, 0x2e0(sp)
mem[0x00000000800494A8] <- 0x0000000000000002
mem[X,0x000000008003D8E8] -> 0x0537
mem[X,0x000000008003D8EA] -> 0x0000
[10147] [M]: 0x000000008003D8E8 (0x00000537) lui a0, 0x0
x10 <- 0x0000000000000000
mem[X,0x000000008003D8EC] -> 0x0513
mem[X,0x000000008003D8EE] -> 0xFFF5
[10148] [M]: 0x000000008003D8EC (0xFFF50513) addi a0, a0, -0x1
x10 <- 0xFFFFFFFFFFFFFFFF
mem[X,0x000000008003D8F0] -> 0x1513
mem[X,0x000000008003D8F2] -> 0x00B5
[10149] [M]: 0x000000008003D8F0 (0x00B51513) slli a0, a0, 0xb
x10 <- 0xFFFFFFFFFFFFF800
mem[X,0x000000008003D8F4] -> 0x0513
mem[X,0x000000008003D8F6] -> 0x2575
[10150] [M]: 0x000000008003D8F4 (0x25750513) addi a0, a0, 0x257
x10 <- 0xFFFFFFFFFFFFFA57
mem[X,0x000000008003D8F8] -> 0x1513
mem[X,0x000000008003D8FA] -> 0x00B5
[10151] [M]: 0x000000008003D8F8 (0x00B51513) slli a0, a0, 0xb
x10 <- 0xFFFFFFFFFFD2B800
mem[X,0x000000008003D8FC] -> 0x0513
mem[X,0x000000008003D8FE] -> 0x6C35
[10152] [M]: 0x000000008003D8FC (0x6C350513) addi a0, a0, 0x6c3
x10 <- 0xFFFFFFFFFFD2BEC3
mem[X,0x000000008003D900] -> 0x1513
mem[X,0x000000008003D902] -> 0x00A5
[10153] [M]: 0x000000008003D900 (0x00A51513) slli a0, a0, 0xa
x10 <- 0xFFFFFFFF4AFB0C00
mem[X,0x000000008003D904] -> 0x0513
mem[X,0x000000008003D906] -> 0x0CE5
[10154] [M]: 0x000000008003D904 (0x0CE50513) addi a0, a0, 0xce
x10 <- 0xFFFFFFFF4AFB0CCE
mem[X,0x000000008003D908] -> 0x0593
mem[X,0x000000008003D90A] -> 0x0020
[10155] [M]: 0x000000008003D908 (0x00200593) addi a1, zero, 0x2
x11 <- 0x0000000000000002
mem[X,0x000000008003D90C] -> 0x0213
mem[X,0x000000008003D90E] -> 0x0000
[10156] [M]: 0x000000008003D90C (0x00000213) addi tp, zero, 0x0
x4 <- 0x0000000000000000
mem[X,0x000000008003D910] -> 0x006F
mem[X,0x000000008003D912] -> 0x00C0
[10157] [M]: 0x000000008003D910 (0x00C0006F) jal zero, 0xc
mem[X,0x000000008003D91C] -> 0x0CE3
mem[X,0x000000008003D91E] -> 0xFEB5
[10158] [M]: 0x000000008003D91C (0xFEB50CE3) beq a0, a1, -0x8
mem[X,0x000000008003D920] -> 0x0213
mem[X,0x000000008003D922] -> 0x0022
[10159] [M]: 0x000000008003D920 (0x00220213) addi tp, tp, 0x2
x4 <- 0x0000000000000002
mem[X,0x000000008003D924] -> 0x006F
mem[X,0x000000008003D926] -> 0x00C0
[10160] [M]: 0x000000008003D924 (0x00C0006F) jal zero, 0xc
mem[X,0x000000008003D930] -> 0x3423
mem[X,0x000000008003D932] -> 0x2E41
[10161] [M]: 0x000000008003D930 (0x2E413423) sd tp, 0x2e8(sp)
mem[0x00000000800494B0] <- 0x0000000000000002
mem[X,0x000000008003D934] -> 0x0537
mem[X,0x000000008003D936] -> 0x0000
[10162] [M]: 0x000000008003D934 (0x00000537) lui a0, 0x0
x10 <- 0x0000000000000000
mem[X,0x000000008003D938] -> 0x0513
mem[X,0x000000008003D93A] -> 0xFFF5
[10163] [M]: 0x000000008003D938 (0xFFF50513) addi a0, a0, -0x1
x10 <- 0xFFFFFFFFFFFFFFFF
mem[X,0x000000008003D93C] -> 0x1513
mem[X,0x000000008003D93E] -> 0x00B5
[10164] [M]: 0x000000008003D93C (0x00B51513) slli a0, a0, 0xb
x10 <- 0xFFFFFFFFFFFFF800
mem[X,0x000000008003D940] -> 0x0513
mem[X,0x000000008003D942] -> 0x2575
[10165] [M]: 0x000000008003D940 (0x25750513) addi a0, a0, 0x257
x10 <- 0xFFFFFFFFFFFFFA57
mem[X,0x000000008003D944] -> 0x1513
mem[X,0x000000008003D946] -> 0x00B5
[10166] [M]: 0x000000008003D944 (0x00B51513) slli a0, a0, 0xb
x10 <- 0xFFFFFFFFFFD2B800
mem[X,0x000000008003D948] -> 0x0513
mem[X,0x000000008003D94A] -> 0x6C35
[10167] [M]: 0x000000008003D948 (0x6C350513) addi a0, a0, 0x6c3
x10 <- 0xFFFFFFFFFFD2BEC3
mem[X,0x000000008003D94C] -> 0x1513
mem[X,0x000000008003D94E] -> 0x00A5
[10168] [M]: 0x000000008003D94C (0x00A51513) slli a0, a0, 0xa
x10 <- 0xFFFFFFFF4AFB0C00
mem[X,0x000000008003D950] -> 0x0513
mem[X,0x000000008003D952] -> 0x0CE5
[10169] [M]: 0x000000008003D950 (0x0CE50513) addi a0, a0, 0xce
x10 <- 0xFFFFFFFF4AFB0CCE
mem[X,0x000000008003D954] -> 0x55B7
mem[X,0x000000008003D956] -> 0x5555
[10170] [M]: 0x000000008003D954 (0x555555B7) lui a1, 0x55555
x11 <- 0x0000000055555000
mem[X,0x000000008003D958] -> 0x8593
mem[X,0x000000008003D95A] -> 0x5555
[10171] [M]: 0x000000008003D958 (0x55558593) addi a1, a1, 0x555
x11 <- 0x0000000055555555
mem[X,0x000000008003D95C] -> 0x9593
mem[X,0x000000008003D95E] -> 0x00B5
[10172] [M]: 0x000000008003D95C (0x00B59593) slli a1, a1, 0xb
x11 <- 0x000002AAAAAAA800
mem[X,0x000000008003D960] -> 0x8593
mem[X,0x000000008003D962] -> 0x2AA5
[10173] [M]: 0x000000008003D960 (0x2AA58593) addi a1, a1, 0x2aa
x11 <- 0x000002AAAAAAAAAA
mem[X,0x000000008003D964] -> 0x9593
mem[X,0x000000008003D966] -> 0x00B5
[10174] [M]: 0x000000008003D964 (0x00B59593) slli a1, a1, 0xb
x11 <- 0x0015555555555000
mem[X,0x000000008003D968] -> 0x8593
mem[X,0x000000008003D96A] -> 0x5555
[10175] [M]: 0x000000008003D968 (0x55558593) addi a1, a1, 0x555
x11 <- 0x0015555555555555
mem[X,0x000000008003D96C] -> 0x9593
mem[X,0x000000008003D96E] -> 0x00A5
[10176] [M]: 0x000000008003D96C (0x00A59593) slli a1, a1, 0xa
x11 <- 0x5555555555555400
mem[X,0x000000008003D970] -> 0x8593
mem[X,0x000000008003D972] -> 0x1545
[10177] [M]: 0x000000008003D970 (0x15458593) addi a1, a1, 0x154
x11 <- 0x5555555555555554
mem[X,0x000000008003D974] -> 0x0213
mem[X,0x000000008003D976] -> 0x0000
[10178] [M]: 0x000000008003D974 (0x00000213) addi tp, zero, 0x0
x4 <- 0x0000000000000000
mem[X,0x000000008003D978] -> 0x006F
mem[X,0x000000008003D97A] -> 0x00C0
[10179] [M]: 0x000000008003D978 (0x00C0006F) jal zero, 0xc
mem[X,0x000000008003D984] -> 0x0663
mem[X,0x000000008003D986] -> 0x00B5
[10180] [M]: 0x000000008003D984 (0x00B50663) beq a0, a1, 0xc
mem[X,0x000000008003D988] -> 0x0213
mem[X,0x000000008003D98A] -> 0x0022
[10181] [M]: 0x000000008003D988 (0x00220213) addi tp, tp, 0x2
x4 <- 0x0000000000000002
mem[X,0x000000008003D98C] -> 0x006F
mem[X,0x000000008003D98E] -> 0x00C0
[10182] [M]: 0x000000008003D98C (0x00C0006F) jal zero, 0xc
mem[X,0x000000008003D998] -> 0x3823
mem[X,0x000000008003D99A] -> 0x2E41
[10183] [M]: 0x000000008003D998 (0x2E413823) sd tp, 0x2f0(sp)
mem[0x00000000800494B8] <- 0x0000000000000002
mem[X,0x000000008003D99C] -> 0x0537
mem[X,0x000000008003D99E] -> 0x0000
[10184] [M]: 0x000000008003D99C (0x00000537) lui a0, 0x0
x10 <- 0x0000000000000000
mem[X,0x000000008003D9A0] -> 0x0513
mem[X,0x000000008003D9A2] -> 0xFFF5
[10185] [M]: 0x000000008003D9A0 (0xFFF50513) addi a0, a0, -0x1
x10 <- 0xFFFFFFFFFFFFFFFF
mem[X,0x000000008003D9A4] -> 0x1513
mem[X,0x000000008003D9A6] -> 0x00B5
[10186] [M]: 0x000000008003D9A4 (0x00B51513) slli a0, a0, 0xb
x10 <- 0xFFFFFFFFFFFFF800
mem[X,0x000000008003D9A8] -> 0x0513
mem[X,0x000000008003D9AA] -> 0x2575
[10187] [M]: 0x000000008003D9A8 (0x25750513) addi a0, a0, 0x257
x10 <- 0xFFFFFFFFFFFFFA57
mem[X,0x000000008003D9AC] -> 0x1513
mem[X,0x000000008003D9AE] -> 0x00B5
[10188] [M]: 0x000000008003D9AC (0x00B51513) slli a0, a0, 0xb
x10 <- 0xFFFFFFFFFFD2B800
mem[X,0x000000008003D9B0] -> 0x0513
mem[X,0x000000008003D9B2] -> 0x6C35
[10189] [M]: 0x000000008003D9B0 (0x6C350513) addi a0, a0, 0x6c3
x10 <- 0xFFFFFFFFFFD2BEC3
mem[X,0x000000008003D9B4] -> 0x1513
mem[X,0x000000008003D9B6] -> 0x00A5
[10190] [M]: 0x000000008003D9B4 (0x00A51513) slli a0, a0, 0xa
x10 <- 0xFFFFFFFF4AFB0C00
mem[X,0x000000008003D9B8] -> 0x0513
mem[X,0x000000008003D9BA] -> 0x0CE5
[10191] [M]: 0x000000008003D9B8 (0x0CE50513) addi a0, a0, 0xce
x10 <- 0xFFFFFFFF4AFB0CCE
mem[X,0x000000008003D9BC] -> 0x0593
mem[X,0x000000008003D9BE] -> 0x0000
[10192] [M]: 0x000000008003D9BC (0x00000593) addi a1, zero, 0x0
x11 <- 0x0000000000000000
mem[X,0x000000008003D9C0] -> 0x0213
mem[X,0x000000008003D9C2] -> 0x0000
[10193] [M]: 0x000000008003D9C0 (0x00000213) addi tp, zero, 0x0
x4 <- 0x0000000000000000
mem[X,0x000000008003D9C4] -> 0x006F
mem[X,0x000000008003D9C6] -> 0x0140
[10194] [M]: 0x000000008003D9C4 (0x0140006F) jal zero, 0x14
mem[X,0x000000008003D9D8] -> 0x08E3
mem[X,0x000000008003D9DA] -> 0xFEB5
[10195] [M]: 0x000000008003D9D8 (0xFEB508E3) beq a0, a1, -0x10
mem[X,0x000000008003D9DC] -> 0x0213
mem[X,0x000000008003D9DE] -> 0x0022
[10196] [M]: 0x000000008003D9DC (0x00220213) addi tp, tp, 0x2
x4 <- 0x0000000000000002
mem[X,0x000000008003D9E0] -> 0x006F
mem[X,0x000000008003D9E2] -> 0x00C0
[10197] [M]: 0x000000008003D9E0 (0x00C0006F) jal zero, 0xc
mem[X,0x000000008003D9EC] -> 0x3C23
mem[X,0x000000008003D9EE] -> 0x2E41
[10198] [M]: 0x000000008003D9EC (0x2E413C23) sd tp, 0x2f8(sp)
mem[0x00000000800494C0] <- 0x0000000000000002
mem[X,0x000000008003D9F0] -> 0x0537
mem[X,0x000000008003D9F2] -> 0x0000
[10199] [M]: 0x000000008003D9F0 (0x00000537) lui a0, 0x0
x10 <- 0x0000000000000000
clint::tick mtime <- 0x0000000000000066
 clint timer pending at mtime 0x0000000000000066
htif::tick 0x0000000000000000
mem[X,0x000000008003D9F4] -> 0x0513
mem[X,0x000000008003D9F6] -> 0xFFF5
[10200] [M]: 0x000000008003D9F4 (0xFFF50513) addi a0, a0, -0x1
x10 <- 0xFFFFFFFFFFFFFFFF
mem[X,0x000000008003D9F8] -> 0x1513
mem[X,0x000000008003D9FA] -> 0x00B5
[10201] [M]: 0x000000008003D9F8 (0x00B51513) slli a0, a0, 0xb
x10 <- 0xFFFFFFFFFFFFF800
mem[X,0x000000008003D9FC] -> 0x0513
mem[X,0x000000008003D9FE] -> 0x2575
[10202] [M]: 0x000000008003D9FC (0x25750513) addi a0, a0, 0x257
x10 <- 0xFFFFFFFFFFFFFA57
mem[X,0x000000008003DA00] -> 0x1513
mem[X,0x000000008003DA02] -> 0x00B5
[10203] [M]: 0x000000008003DA00 (0x00B51513) slli a0, a0, 0xb
x10 <- 0xFFFFFFFFFFD2B800
mem[X,0x000000008003DA04] -> 0x0513
mem[X,0x000000008003DA06] -> 0x6C35
[10204] [M]: 0x000000008003DA04 (0x6C350513) addi a0, a0, 0x6c3
x10 <- 0xFFFFFFFFFFD2BEC3
mem[X,0x000000008003DA08] -> 0x1513
mem[X,0x000000008003DA0A] -> 0x00A5
[10205] [M]: 0x000000008003DA08 (0x00A51513) slli a0, a0, 0xa
x10 <- 0xFFFFFFFF4AFB0C00
mem[X,0x000000008003DA0C] -> 0x0513
mem[X,0x000000008003DA0E] -> 0x0CE5
[10206] [M]: 0x000000008003DA0C (0x0CE50513) addi a0, a0, 0xce
x10 <- 0xFFFFFFFF4AFB0CCE
mem[X,0x000000008003DA10] -> 0x0593
mem[X,0x000000008003DA12] -> 0x0040
[10207] [M]: 0x000000008003DA10 (0x00400593) addi a1, zero, 0x4
x11 <- 0x0000000000000004
mem[X,0x000000008003DA14] -> 0x0213
mem[X,0x000000008003DA16] -> 0x0000
[10208] [M]: 0x000000008003DA14 (0x00000213) addi tp, zero, 0x0
x4 <- 0x0000000000000000
mem[X,0x000000008003DA18] -> 0x006F
mem[X,0x000000008003DA1A] -> 0x00C0
[10209] [M]: 0x000000008003DA18 (0x00C0006F) jal zero, 0xc
mem[X,0x000000008003DA24] -> 0x0063
mem[X,0x000000008003DA26] -> 0x40B5
[10210] [M]: 0x000000008003DA24 (0x40B50063) beq a0, a1, 0x400
mem[X,0x000000008003DA28] -> 0x0213
mem[X,0x000000008003DA2A] -> 0x0022
[10211] [M]: 0x000000008003DA28 (0x00220213) addi tp, tp, 0x2
x4 <- 0x0000000000000002
mem[X,0x000000008003DA2C] -> 0x006F
mem[X,0x000000008003DA2E] -> 0x4000
[10212] [M]: 0x000000008003DA2C (0x4000006F) jal zero, 0x400
mem[X,0x000000008003DE2C] -> 0x3023
mem[X,0x000000008003DE2E] -> 0x3041
[10213] [M]: 0x000000008003DE2C (0x30413023) sd tp, 0x300(sp)
mem[0x00000000800494C8] <- 0x0000000000000002
mem[X,0x000000008003DE30] -> 0x0537
mem[X,0x000000008003DE32] -> 0x0000
[10214] [M]: 0x000000008003DE30 (0x00000537) lui a0, 0x0
x10 <- 0x0000000000000000
mem[X,0x000000008003DE34] -> 0x0513
mem[X,0x000000008003DE36] -> 0xFFF5
[10215] [M]: 0x000000008003DE34 (0xFFF50513) addi a0, a0, -0x1
x10 <- 0xFFFFFFFFFFFFFFFF
mem[X,0x000000008003DE38] -> 0x1513
mem[X,0x000000008003DE3A] -> 0x00B5
[10216] [M]: 0x000000008003DE38 (0x00B51513) slli a0, a0, 0xb
x10 <- 0xFFFFFFFFFFFFF800
mem[X,0x000000008003DE3C] -> 0x0513
mem[X,0x000000008003DE3E] -> 0x2575
[10217] [M]: 0x000000008003DE3C (0x25750513) addi a0, a0, 0x257
x10 <- 0xFFFFFFFFFFFFFA57
mem[X,0x000000008003DE40] -> 0x1513
mem[X,0x000000008003DE42] -> 0x00B5
[10218] [M]: 0x000000008003DE40 (0x00B51513) slli a0, a0, 0xb
x10 <- 0xFFFFFFFFFFD2B800
mem[X,0x000000008003DE44] -> 0x0513
mem[X,0x000000008003DE46] -> 0x6C35
[10219] [M]: 0x000000008003DE44 (0x6C350513) addi a0, a0, 0x6c3
x10 <- 0xFFFFFFFFFFD2BEC3
mem[X,0x000000008003DE48] -> 0x1513
mem[X,0x000000008003DE4A] -> 0x00A5
[10220] [M]: 0x000000008003DE48 (0x00A51513) slli a0, a0, 0xa
x10 <- 0xFFFFFFFF4AFB0C00
mem[X,0x000000008003DE4C] -> 0x0513
mem[X,0x000000008003DE4E] -> 0x0CE5
[10221] [M]: 0x000000008003DE4C (0x0CE50513) addi a0, a0, 0xce
x10 <- 0xFFFFFFFF4AFB0CCE
mem[X,0x000000008003DE50] -> 0x35B7
mem[X,0x000000008003DE52] -> 0x3333
[10222] [M]: 0x000000008003DE50 (0x333335B7) lui a1, 0x33333
x11 <- 0x0000000033333000
mem[X,0x000000008003DE54] -> 0x8593
mem[X,0x000000008003DE56] -> 0x3335
[10223] [M]: 0x000000008003DE54 (0x33358593) addi a1, a1, 0x333
x11 <- 0x0000000033333333
mem[X,0x000000008003DE58] -> 0x9593
mem[X,0x000000008003DE5A] -> 0x00B5
[10224] [M]: 0x000000008003DE58 (0x00B59593) slli a1, a1, 0xb
x11 <- 0x0000019999999800
mem[X,0x000000008003DE5C] -> 0x8593
mem[X,0x000000008003DE5E] -> 0x1995
[10225] [M]: 0x000000008003DE5C (0x19958593) addi a1, a1, 0x199
x11 <- 0x0000019999999999
mem[X,0x000000008003DE60] -> 0x9593
mem[X,0x000000008003DE62] -> 0x00B5
[10226] [M]: 0x000000008003DE60 (0x00B59593) slli a1, a1, 0xb
x11 <- 0x000CCCCCCCCCC800
mem[X,0x000000008003DE64] -> 0x8593
mem[X,0x000000008003DE66] -> 0x4CC5
[10227] [M]: 0x000000008003DE64 (0x4CC58593) addi a1, a1, 0x4cc
x11 <- 0x000CCCCCCCCCCCCC
mem[X,0x000000008003DE68] -> 0x9593
mem[X,0x000000008003DE6A] -> 0x00A5
[10228] [M]: 0x000000008003DE68 (0x00A59593) slli a1, a1, 0xa
x11 <- 0x3333333333333000
mem[X,0x000000008003DE6C] -> 0x8593
mem[X,0x000000008003DE6E] -> 0x3325
[10229] [M]: 0x000000008003DE6C (0x33258593) addi a1, a1, 0x332
x11 <- 0x3333333333333332
mem[X,0x000000008003DE70] -> 0x0213
mem[X,0x000000008003DE72] -> 0x0000
[10230] [M]: 0x000000008003DE70 (0x00000213) addi tp, zero, 0x0
x4 <- 0x0000000000000000
mem[X,0x000000008003DE74] -> 0x006F
mem[X,0x000000008003DE76] -> 0x2B10
[10231] [M]: 0x000000008003DE74 (0x2B10006F) jal zero, 0xab0
mem[X,0x000000008003E924] -> 0x0A63
mem[X,0x000000008003E926] -> 0xD4B5
[10232] [M]: 0x000000008003E924 (0xD4B50A63) beq a0, a1, -0xaac
mem[X,0x000000008003E928] -> 0x0213
mem[X,0x000000008003E92A] -> 0x0022
[10233] [M]: 0x000000008003E928 (0x00220213) addi tp, tp, 0x2
x4 <- 0x0000000000000002
mem[X,0x000000008003E92C] -> 0x006F
mem[X,0x000000008003E92E] -> 0x00C0
[10234] [M]: 0x000000008003E92C (0x00C0006F) jal zero, 0xc
mem[X,0x000000008003E938] -> 0x3423
mem[X,0x000000008003E93A] -> 0x3041
[10235] [M]: 0x000000008003E938 (0x30413423) sd tp, 0x308(sp)
mem[0x00000000800494D0] <- 0x0000000000000002
mem[X,0x000000008003E93C] -> 0x0537
mem[X,0x000000008003E93E] -> 0x0000
[10236] [M]: 0x000000008003E93C (0x00000537) lui a0, 0x0
x10 <- 0x0000000000000000
mem[X,0x000000008003E940] -> 0x0513
mem[X,0x000000008003E942] -> 0xFFF5
[10237] [M]: 0x000000008003E940 (0xFFF50513) addi a0, a0, -0x1
x10 <- 0xFFFFFFFFFFFFFFFF
mem[X,0x000000008003E944] -> 0x1513
mem[X,0x000000008003E946] -> 0x00B5
[10238] [M]: 0x000000008003E944 (0x00B51513) slli a0, a0, 0xb
x10 <- 0xFFFFFFFFFFFFF800
mem[X,0x000000008003E948] -> 0x0513
mem[X,0x000000008003E94A] -> 0x2575
[10239] [M]: 0x000000008003E948 (0x25750513) addi a0, a0, 0x257
x10 <- 0xFFFFFFFFFFFFFA57
mem[X,0x000000008003E94C] -> 0x1513
mem[X,0x000000008003E94E] -> 0x00B5
[10240] [M]: 0x000000008003E94C (0x00B51513) slli a0, a0, 0xb
x10 <- 0xFFFFFFFFFFD2B800
mem[X,0x000000008003E950] -> 0x0513
mem[X,0x000000008003E952] -> 0x6C35
[10241] [M]: 0x000000008003E950 (0x6C350513) addi a0, a0, 0x6c3
x10 <- 0xFFFFFFFFFFD2BEC3
mem[X,0x000000008003E954] -> 0x1513
mem[X,0x000000008003E956] -> 0x00A5
[10242] [M]: 0x000000008003E954 (0x00A51513) slli a0, a0, 0xa
x10 <- 0xFFFFFFFF4AFB0C00
mem[X,0x000000008003E958] -> 0x0513
mem[X,0x000000008003E95A] -> 0x0CE5
[10243] [M]: 0x000000008003E958 (0x0CE50513) addi a0, a0, 0xce
x10 <- 0xFFFFFFFF4AFB0CCE
mem[X,0x000000008003E95C] -> 0x65B7
mem[X,0x000000008003E95E] -> 0x6666
[10244] [M]: 0x000000008003E95C (0x666665B7) lui a1, 0x66666
x11 <- 0x0000000066666000
mem[X,0x000000008003E960] -> 0x8593
mem[X,0x000000008003E962] -> 0x6665
[10245] [M]: 0x000000008003E960 (0x66658593) addi a1, a1, 0x666
x11 <- 0x0000000066666666
mem[X,0x000000008003E964] -> 0x9593
mem[X,0x000000008003E966] -> 0x00B5
[10246] [M]: 0x000000008003E964 (0x00B59593) slli a1, a1, 0xb
x11 <- 0x0000033333333000
mem[X,0x000000008003E968] -> 0x8593
mem[X,0x000000008003E96A] -> 0x3335
[10247] [M]: 0x000000008003E968 (0x33358593) addi a1, a1, 0x333
x11 <- 0x0000033333333333
mem[X,0x000000008003E96C] -> 0x9593
mem[X,0x000000008003E96E] -> 0x00B5
[10248] [M]: 0x000000008003E96C (0x00B59593) slli a1, a1, 0xb
x11 <- 0x0019999999999800
mem[X,0x000000008003E970] -> 0x8593
mem[X,0x000000008003E972] -> 0x1995
[10249] [M]: 0x000000008003E970 (0x19958593) addi a1, a1, 0x199
x11 <- 0x0019999999999999
mem[X,0x000000008003E974] -> 0x9593
mem[X,0x000000008003E976] -> 0x00A5
[10250] [M]: 0x000000008003E974 (0x00A59593) slli a1, a1, 0xa
x11 <- 0x6666666666666400
mem[X,0x000000008003E978] -> 0x8593
mem[X,0x000000008003E97A] -> 0x2655
[10251] [M]: 0x000000008003E978 (0x26558593) addi a1, a1, 0x265
x11 <- 0x6666666666666665
mem[X,0x000000008003E97C] -> 0x0213
mem[X,0x000000008003E97E] -> 0x0000
[10252] [M]: 0x000000008003E97C (0x00000213) addi tp, zero, 0x0
x4 <- 0x0000000000000000
mem[X,0x000000008003E980] -> 0x006F
mem[X,0x000000008003E982] -> 0x00C0
[10253] [M]: 0x000000008003E980 (0x00C0006F) jal zero, 0xc
mem[X,0x000000008003E98C] -> 0x0663
mem[X,0x000000008003E98E] -> 0x00B5
[10254] [M]: 0x000000008003E98C (0x00B50663) beq a0, a1, 0xc
mem[X,0x000000008003E990] -> 0x0213
mem[X,0x000000008003E992] -> 0x0022
[10255] [M]: 0x000000008003E990 (0x00220213) addi tp, tp, 0x2
x4 <- 0x0000000000000002
mem[X,0x000000008003E994] -> 0x006F
mem[X,0x000000008003E996] -> 0x00C0
[10256] [M]: 0x000000008003E994 (0x00C0006F) jal zero, 0xc
mem[X,0x000000008003E9A0] -> 0x3823
mem[X,0x000000008003E9A2] -> 0x3041
[10257] [M]: 0x000000008003E9A0 (0x30413823) sd tp, 0x310(sp)
mem[0x00000000800494D8] <- 0x0000000000000002
mem[X,0x000000008003E9A4] -> 0x0537
mem[X,0x000000008003E9A6] -> 0x0000
[10258] [M]: 0x000000008003E9A4 (0x00000537) lui a0, 0x0
x10 <- 0x0000000000000000
mem[X,0x000000008003E9A8] -> 0x0513
mem[X,0x000000008003E9AA] -> 0xFFF5
[10259] [M]: 0x000000008003E9A8 (0xFFF50513) addi a0, a0, -0x1
x10 <- 0xFFFFFFFFFFFFFFFF
mem[X,0x000000008003E9AC] -> 0x1513
mem[X,0x000000008003E9AE] -> 0x00B5
[10260] [M]: 0x000000008003E9AC (0x00B51513) slli a0, a0, 0xb
x10 <- 0xFFFFFFFFFFFFF800
mem[X,0x000000008003E9B0] -> 0x0513
mem[X,0x000000008003E9B2] -> 0x2575
[10261] [M]: 0x000000008003E9B0 (0x25750513) addi a0, a0, 0x257
x10 <- 0xFFFFFFFFFFFFFA57
mem[X,0x000000008003E9B4] -> 0x1513
mem[X,0x000000008003E9B6] -> 0x00B5
[10262] [M]: 0x000000008003E9B4 (0x00B51513) slli a0, a0, 0xb
x10 <- 0xFFFFFFFFFFD2B800
mem[X,0x000000008003E9B8] -> 0x0513
mem[X,0x000000008003E9BA] -> 0x6C35
[10263] [M]: 0x000000008003E9B8 (0x6C350513) addi a0, a0, 0x6c3
x10 <- 0xFFFFFFFFFFD2BEC3
mem[X,0x000000008003E9BC] -> 0x1513
mem[X,0x000000008003E9BE] -> 0x00A5
[10264] [M]: 0x000000008003E9BC (0x00A51513) slli a0, a0, 0xa
x10 <- 0xFFFFFFFF4AFB0C00
mem[X,0x000000008003E9C0] -> 0x0513
mem[X,0x000000008003E9C2] -> 0x0CE5
[10265] [M]: 0x000000008003E9C0 (0x0CE50513) addi a0, a0, 0xce
x10 <- 0xFFFFFFFF4AFB0CCE
mem[X,0x000000008003E9C4] -> 0x05B7
mem[X,0x000000008003E9C6] -> 0x0000
[10266] [M]: 0x000000008003E9C4 (0x000005B7) lui a1, 0x0
x11 <- 0x0000000000000000
mem[X,0x000000008003E9C8] -> 0x8593
mem[X,0x000000008003E9CA] -> 0x0005
[10267] [M]: 0x000000008003E9C8 (0x00058593) addi a1, a1, 0x0
x11 <- 0x0000000000000000
mem[X,0x000000008003E9CC] -> 0x9593
mem[X,0x000000008003E9CE] -> 0x00B5
[10268] [M]: 0x000000008003E9CC (0x00B59593) slli a1, a1, 0xb
x11 <- 0x0000000000000000
mem[X,0x000000008003E9D0] -> 0x8593
mem[X,0x000000008003E9D2] -> 0x5A85
[10269] [M]: 0x000000008003E9D0 (0x5A858593) addi a1, a1, 0x5a8
x11 <- 0x00000000000005A8
mem[X,0x000000008003E9D4] -> 0x9593
mem[X,0x000000008003E9D6] -> 0x00B5
[10270] [M]: 0x000000008003E9D4 (0x00B59593) slli a1, a1, 0xb
x11 <- 0x00000000002D4000
mem[X,0x000000008003E9D8] -> 0x8593
mem[X,0x000000008003E9DA] -> 0x13C5
[10271] [M]: 0x000000008003E9D8 (0x13C58593) addi a1, a1, 0x13c
x11 <- 0x00000000002D413C
mem[X,0x000000008003E9DC] -> 0x9593
mem[X,0x000000008003E9DE] -> 0x00A5
[10272] [M]: 0x000000008003E9DC (0x00A59593) slli a1, a1, 0xa
x11 <- 0x00000000B504F000
mem[X,0x000000008003E9E0] -> 0x8593
mem[X,0x000000008003E9E2] -> 0x3325
[10273] [M]: 0x000000008003E9E0 (0x33258593) addi a1, a1, 0x332
x11 <- 0x00000000B504F332
mem[X,0x000000008003E9E4] -> 0x0213
mem[X,0x000000008003E9E6] -> 0x0000
[10274] [M]: 0x000000008003E9E4 (0x00000213) addi tp, zero, 0x0
x4 <- 0x0000000000000000
mem[X,0x000000008003E9E8] -> 0x006F
mem[X,0x000000008003E9EA] -> 0x2B10
[10275] [M]: 0x000000008003E9E8 (0x2B10006F) jal zero, 0xab0
mem[X,0x000000008003F498] -> 0x0A63
mem[X,0x000000008003F49A] -> 0xD4B5
[10276] [M]: 0x000000008003F498 (0xD4B50A63) beq a0, a1, -0xaac
mem[X,0x000000008003F49C] -> 0x0213
mem[X,0x000000008003F49E] -> 0x0022
[10277] [M]: 0x000000008003F49C (0x00220213) addi tp, tp, 0x2
x4 <- 0x0000000000000002
mem[X,0x000000008003F4A0] -> 0x006F
mem[X,0x000000008003F4A2] -> 0x00C0
[10278] [M]: 0x000000008003F4A0 (0x00C0006F) jal zero, 0xc
mem[X,0x000000008003F4AC] -> 0x3C23
mem[X,0x000000008003F4AE] -> 0x3041
[10279] [M]: 0x000000008003F4AC (0x30413C23) sd tp, 0x318(sp)
mem[0x00000000800494E0] <- 0x0000000000000002
mem[X,0x000000008003F4B0] -> 0x0537
mem[X,0x000000008003F4B2] -> 0x0000
[10280] [M]: 0x000000008003F4B0 (0x00000537) lui a0, 0x0
x10 <- 0x0000000000000000
mem[X,0x000000008003F4B4] -> 0x0513
mem[X,0x000000008003F4B6] -> 0xFFF5
[10281] [M]: 0x000000008003F4B4 (0xFFF50513) addi a0, a0, -0x1
x10 <- 0xFFFFFFFFFFFFFFFF
mem[X,0x000000008003F4B8] -> 0x1513
mem[X,0x000000008003F4BA] -> 0x00B5
[10282] [M]: 0x000000008003F4B8 (0x00B51513) slli a0, a0, 0xb
x10 <- 0xFFFFFFFFFFFFF800
mem[X,0x000000008003F4BC] -> 0x0513
mem[X,0x000000008003F4BE] -> 0x2575
[10283] [M]: 0x000000008003F4BC (0x25750513) addi a0, a0, 0x257
x10 <- 0xFFFFFFFFFFFFFA57
mem[X,0x000000008003F4C0] -> 0x1513
mem[X,0x000000008003F4C2] -> 0x00B5
[10284] [M]: 0x000000008003F4C0 (0x00B51513) slli a0, a0, 0xb
x10 <- 0xFFFFFFFFFFD2B800
mem[X,0x000000008003F4C4] -> 0x0513
mem[X,0x000000008003F4C6] -> 0x6C35
[10285] [M]: 0x000000008003F4C4 (0x6C350513) addi a0, a0, 0x6c3
x10 <- 0xFFFFFFFFFFD2BEC3
mem[X,0x000000008003F4C8] -> 0x1513
mem[X,0x000000008003F4CA] -> 0x00A5
[10286] [M]: 0x000000008003F4C8 (0x00A51513) slli a0, a0, 0xa
x10 <- 0xFFFFFFFF4AFB0C00
mem[X,0x000000008003F4CC] -> 0x0513
mem[X,0x000000008003F4CE] -> 0x0CE5
[10287] [M]: 0x000000008003F4CC (0x0CE50513) addi a0, a0, 0xce
x10 <- 0xFFFFFFFF4AFB0CCE
mem[X,0x000000008003F4D0] -> 0x55B7
mem[X,0x000000008003F4D2] -> 0x5555
[10288] [M]: 0x000000008003F4D0 (0x555555B7) lui a1, 0x55555
x11 <- 0x0000000055555000
mem[X,0x000000008003F4D4] -> 0x8593
mem[X,0x000000008003F4D6] -> 0x5555
[10289] [M]: 0x000000008003F4D4 (0x55558593) addi a1, a1, 0x555
x11 <- 0x0000000055555555
mem[X,0x000000008003F4D8] -> 0x9593
mem[X,0x000000008003F4DA] -> 0x00B5
[10290] [M]: 0x000000008003F4D8 (0x00B59593) slli a1, a1, 0xb
x11 <- 0x000002AAAAAAA800
mem[X,0x000000008003F4DC] -> 0x8593
mem[X,0x000000008003F4DE] -> 0x2AA5
[10291] [M]: 0x000000008003F4DC (0x2AA58593) addi a1, a1, 0x2aa
x11 <- 0x000002AAAAAAAAAA
mem[X,0x000000008003F4E0] -> 0x9593
mem[X,0x000000008003F4E2] -> 0x00B5
[10292] [M]: 0x000000008003F4E0 (0x00B59593) slli a1, a1, 0xb
x11 <- 0x0015555555555000
mem[X,0x000000008003F4E4] -> 0x8593
mem[X,0x000000008003F4E6] -> 0x5555
[10293] [M]: 0x000000008003F4E4 (0x55558593) addi a1, a1, 0x555
x11 <- 0x0015555555555555
mem[X,0x000000008003F4E8] -> 0x9593
mem[X,0x000000008003F4EA] -> 0x00A5
[10294] [M]: 0x000000008003F4E8 (0x00A59593) slli a1, a1, 0xa
x11 <- 0x5555555555555400
mem[X,0x000000008003F4EC] -> 0x8593
mem[X,0x000000008003F4EE] -> 0x1565
[10295] [M]: 0x000000008003F4EC (0x15658593) addi a1, a1, 0x156
x11 <- 0x5555555555555556
mem[X,0x000000008003F4F0] -> 0x0213
mem[X,0x000000008003F4F2] -> 0x0000
[10296] [M]: 0x000000008003F4F0 (0x00000213) addi tp, zero, 0x0
x4 <- 0x0000000000000000
mem[X,0x000000008003F4F4] -> 0x006F
mem[X,0x000000008003F4F6] -> 0x00C0
[10297] [M]: 0x000000008003F4F4 (0x00C0006F) jal zero, 0xc
mem[X,0x000000008003F500] -> 0x0663
mem[X,0x000000008003F502] -> 0x00B5
[10298] [M]: 0x000000008003F500 (0x00B50663) beq a0, a1, 0xc
mem[X,0x000000008003F504] -> 0x0213
mem[X,0x000000008003F506] -> 0x0022
[10299] [M]: 0x000000008003F504 (0x00220213) addi tp, tp, 0x2
x4 <- 0x0000000000000002
clint::tick mtime <- 0x0000000000000067
 clint timer pending at mtime 0x0000000000000067
htif::tick 0x0000000000000000
mem[X,0x000000008003F508] -> 0x006F
mem[X,0x000000008003F50A] -> 0x00C0
[10300] [M]: 0x000000008003F508 (0x00C0006F) jal zero, 0xc
mem[X,0x000000008003F514] -> 0x3023
mem[X,0x000000008003F516] -> 0x3241
[10301] [M]: 0x000000008003F514 (0x32413023) sd tp, 0x320(sp)
mem[0x00000000800494E8] <- 0x0000000000000002
mem[X,0x000000008003F518] -> 0x0537
mem[X,0x000000008003F51A] -> 0x0000
[10302] [M]: 0x000000008003F518 (0x00000537) lui a0, 0x0
x10 <- 0x0000000000000000
mem[X,0x000000008003F51C] -> 0x0513
mem[X,0x000000008003F51E] -> 0xFFF5
[10303] [M]: 0x000000008003F51C (0xFFF50513) addi a0, a0, -0x1
x10 <- 0xFFFFFFFFFFFFFFFF
mem[X,0x000000008003F520] -> 0x1513
mem[X,0x000000008003F522] -> 0x00B5
[10304] [M]: 0x000000008003F520 (0x00B51513) slli a0, a0, 0xb
x10 <- 0xFFFFFFFFFFFFF800
mem[X,0x000000008003F524] -> 0x0513
mem[X,0x000000008003F526] -> 0x2575
[10305] [M]: 0x000000008003F524 (0x25750513) addi a0, a0, 0x257
x10 <- 0xFFFFFFFFFFFFFA57
mem[X,0x000000008003F528] -> 0x1513
mem[X,0x000000008003F52A] -> 0x00B5
[10306] [M]: 0x000000008003F528 (0x00B51513) slli a0, a0, 0xb
x10 <- 0xFFFFFFFFFFD2B800
mem[X,0x000000008003F52C] -> 0x0513
mem[X,0x000000008003F52E] -> 0x6C35
[10307] [M]: 0x000000008003F52C (0x6C350513) addi a0, a0, 0x6c3
x10 <- 0xFFFFFFFFFFD2BEC3
mem[X,0x000000008003F530] -> 0x1513
mem[X,0x000000008003F532] -> 0x00A5
[10308] [M]: 0x000000008003F530 (0x00A51513) slli a0, a0, 0xa
x10 <- 0xFFFFFFFF4AFB0C00
mem[X,0x000000008003F534] -> 0x0513
mem[X,0x000000008003F536] -> 0x0CE5
[10309] [M]: 0x000000008003F534 (0x0CE50513) addi a0, a0, 0xce
x10 <- 0xFFFFFFFF4AFB0CCE
mem[X,0x000000008003F538] -> 0xB5B7
mem[X,0x000000008003F53A] -> 0xAAAA
[10310] [M]: 0x000000008003F538 (0xAAAAB5B7) lui a1, -0x55555
x11 <- 0xFFFFFFFFAAAAB000
mem[X,0x000000008003F53C] -> 0x8593
mem[X,0x000000008003F53E] -> 0xAAA5
[10311] [M]: 0x000000008003F53C (0xAAA58593) addi a1, a1, -0x556
x11 <- 0xFFFFFFFFAAAAAAAA
mem[X,0x000000008003F540] -> 0x9593
mem[X,0x000000008003F542] -> 0x00B5
[10312] [M]: 0x000000008003F540 (0x00B59593) slli a1, a1, 0xb
x11 <- 0xFFFFFD5555555000
mem[X,0x000000008003F544] -> 0x8593
mem[X,0x000000008003F546] -> 0x5555
[10313] [M]: 0x000000008003F544 (0x55558593) addi a1, a1, 0x555
x11 <- 0xFFFFFD5555555555
mem[X,0x000000008003F548] -> 0x9593
mem[X,0x000000008003F54A] -> 0x00B5
[10314] [M]: 0x000000008003F548 (0x00B59593) slli a1, a1, 0xb
x11 <- 0xFFEAAAAAAAAAA800
mem[X,0x000000008003F54C] -> 0x8593
mem[X,0x000000008003F54E] -> 0x2AA5
[10315] [M]: 0x000000008003F54C (0x2AA58593) addi a1, a1, 0x2aa
x11 <- 0xFFEAAAAAAAAAAAAA
mem[X,0x000000008003F550] -> 0x9593
mem[X,0x000000008003F552] -> 0x00A5
[10316] [M]: 0x000000008003F550 (0x00A59593) slli a1, a1, 0xa
x11 <- 0xAAAAAAAAAAAAA800
mem[X,0x000000008003F554] -> 0x8593
mem[X,0x000000008003F556] -> 0x2AB5
[10317] [M]: 0x000000008003F554 (0x2AB58593) addi a1, a1, 0x2ab
x11 <- 0xAAAAAAAAAAAAAAAB
mem[X,0x000000008003F558] -> 0x0213
mem[X,0x000000008003F55A] -> 0x0000
[10318] [M]: 0x000000008003F558 (0x00000213) addi tp, zero, 0x0
x4 <- 0x0000000000000000
mem[X,0x000000008003F55C] -> 0x006F
mem[X,0x000000008003F55E] -> 0x00C0
[10319] [M]: 0x000000008003F55C (0x00C0006F) jal zero, 0xc
mem[X,0x000000008003F568] -> 0x0663
mem[X,0x000000008003F56A] -> 0x00B5
[10320] [M]: 0x000000008003F568 (0x00B50663) beq a0, a1, 0xc
mem[X,0x000000008003F56C] -> 0x0213
mem[X,0x000000008003F56E] -> 0x0022
[10321] [M]: 0x000000008003F56C (0x00220213) addi tp, tp, 0x2
x4 <- 0x0000000000000002
mem[X,0x000000008003F570] -> 0x006F
mem[X,0x000000008003F572] -> 0x00C0
[10322] [M]: 0x000000008003F570 (0x00C0006F) jal zero, 0xc
mem[X,0x000000008003F57C] -> 0x3423
mem[X,0x000000008003F57E] -> 0x3241
[10323] [M]: 0x000000008003F57C (0x32413423) sd tp, 0x328(sp)
mem[0x00000000800494F0] <- 0x0000000000000002
mem[X,0x000000008003F580] -> 0x0537
mem[X,0x000000008003F582] -> 0x0000
[10324] [M]: 0x000000008003F580 (0x00000537) lui a0, 0x0
x10 <- 0x0000000000000000
mem[X,0x000000008003F584] -> 0x0513
mem[X,0x000000008003F586] -> 0xFFF5
[10325] [M]: 0x000000008003F584 (0xFFF50513) addi a0, a0, -0x1
x10 <- 0xFFFFFFFFFFFFFFFF
mem[X,0x000000008003F588] -> 0x1513
mem[X,0x000000008003F58A] -> 0x00B5
[10326] [M]: 0x000000008003F588 (0x00B51513) slli a0, a0, 0xb
x10 <- 0xFFFFFFFFFFFFF800
mem[X,0x000000008003F58C] -> 0x0513
mem[X,0x000000008003F58E] -> 0x2575
[10327] [M]: 0x000000008003F58C (0x25750513) addi a0, a0, 0x257
x10 <- 0xFFFFFFFFFFFFFA57
mem[X,0x000000008003F590] -> 0x1513
mem[X,0x000000008003F592] -> 0x00B5
[10328] [M]: 0x000000008003F590 (0x00B51513) slli a0, a0, 0xb
x10 <- 0xFFFFFFFFFFD2B800
mem[X,0x000000008003F594] -> 0x0513
mem[X,0x000000008003F596] -> 0x6C35
[10329] [M]: 0x000000008003F594 (0x6C350513) addi a0, a0, 0x6c3
x10 <- 0xFFFFFFFFFFD2BEC3
mem[X,0x000000008003F598] -> 0x1513
mem[X,0x000000008003F59A] -> 0x00A5
[10330] [M]: 0x000000008003F598 (0x00A51513) slli a0, a0, 0xa
x10 <- 0xFFFFFFFF4AFB0C00
mem[X,0x000000008003F59C] -> 0x0513
mem[X,0x000000008003F59E] -> 0x0CE5
[10331] [M]: 0x000000008003F59C (0x0CE50513) addi a0, a0, 0xce
x10 <- 0xFFFFFFFF4AFB0CCE
mem[X,0x000000008003F5A0] -> 0x0593
mem[X,0x000000008003F5A2] -> 0x0060
[10332] [M]: 0x000000008003F5A0 (0x00600593) addi a1, zero, 0x6
x11 <- 0x0000000000000006
mem[X,0x000000008003F5A4] -> 0x0213
mem[X,0x000000008003F5A6] -> 0x0000
[10333] [M]: 0x000000008003F5A4 (0x00000213) addi tp, zero, 0x0
x4 <- 0x0000000000000000
mem[X,0x000000008003F5A8] -> 0x006F
mem[X,0x000000008003F5AA] -> 0x00C0
[10334] [M]: 0x000000008003F5A8 (0x00C0006F) jal zero, 0xc
mem[X,0x000000008003F5B4] -> 0x0063
mem[X,0x000000008003F5B6] -> 0x20B5
[10335] [M]: 0x000000008003F5B4 (0x20B50063) beq a0, a1, 0x200
mem[X,0x000000008003F5B8] -> 0x0213
mem[X,0x000000008003F5BA] -> 0x0022
[10336] [M]: 0x000000008003F5B8 (0x00220213) addi tp, tp, 0x2
x4 <- 0x0000000000000002
mem[X,0x000000008003F5BC] -> 0x006F
mem[X,0x000000008003F5BE] -> 0x2000
[10337] [M]: 0x000000008003F5BC (0x2000006F) jal zero, 0x200
mem[X,0x000000008003F7BC] -> 0x3823
mem[X,0x000000008003F7BE] -> 0x3241
[10338] [M]: 0x000000008003F7BC (0x32413823) sd tp, 0x330(sp)
mem[0x00000000800494F8] <- 0x0000000000000002
mem[X,0x000000008003F7C0] -> 0x0537
mem[X,0x000000008003F7C2] -> 0x0000
[10339] [M]: 0x000000008003F7C0 (0x00000537) lui a0, 0x0
x10 <- 0x0000000000000000
mem[X,0x000000008003F7C4] -> 0x0513
mem[X,0x000000008003F7C6] -> 0xFFF5
[10340] [M]: 0x000000008003F7C4 (0xFFF50513) addi a0, a0, -0x1
x10 <- 0xFFFFFFFFFFFFFFFF
mem[X,0x000000008003F7C8] -> 0x1513
mem[X,0x000000008003F7CA] -> 0x00B5
[10341] [M]: 0x000000008003F7C8 (0x00B51513) slli a0, a0, 0xb
x10 <- 0xFFFFFFFFFFFFF800
mem[X,0x000000008003F7CC] -> 0x0513
mem[X,0x000000008003F7CE] -> 0x2575
[10342] [M]: 0x000000008003F7CC (0x25750513) addi a0, a0, 0x257
x10 <- 0xFFFFFFFFFFFFFA57
mem[X,0x000000008003F7D0] -> 0x1513
mem[X,0x000000008003F7D2] -> 0x00B5
[10343] [M]: 0x000000008003F7D0 (0x00B51513) slli a0, a0, 0xb
x10 <- 0xFFFFFFFFFFD2B800
mem[X,0x000000008003F7D4] -> 0x0513
mem[X,0x000000008003F7D6] -> 0x6C35
[10344] [M]: 0x000000008003F7D4 (0x6C350513) addi a0, a0, 0x6c3
x10 <- 0xFFFFFFFFFFD2BEC3
mem[X,0x000000008003F7D8] -> 0x1513
mem[X,0x000000008003F7DA] -> 0x00A5
[10345] [M]: 0x000000008003F7D8 (0x00A51513) slli a0, a0, 0xa
x10 <- 0xFFFFFFFF4AFB0C00
mem[X,0x000000008003F7DC] -> 0x0513
mem[X,0x000000008003F7DE] -> 0x0CE5
[10346] [M]: 0x000000008003F7DC (0x0CE50513) addi a0, a0, 0xce
x10 <- 0xFFFFFFFF4AFB0CCE
mem[X,0x000000008003F7E0] -> 0x35B7
mem[X,0x000000008003F7E2] -> 0x3333
[10347] [M]: 0x000000008003F7E0 (0x333335B7) lui a1, 0x33333
x11 <- 0x0000000033333000
mem[X,0x000000008003F7E4] -> 0x8593
mem[X,0x000000008003F7E6] -> 0x3335
[10348] [M]: 0x000000008003F7E4 (0x33358593) addi a1, a1, 0x333
x11 <- 0x0000000033333333
mem[X,0x000000008003F7E8] -> 0x9593
mem[X,0x000000008003F7EA] -> 0x00B5
[10349] [M]: 0x000000008003F7E8 (0x00B59593) slli a1, a1, 0xb
x11 <- 0x0000019999999800
mem[X,0x000000008003F7EC] -> 0x8593
mem[X,0x000000008003F7EE] -> 0x1995
[10350] [M]: 0x000000008003F7EC (0x19958593) addi a1, a1, 0x199
x11 <- 0x0000019999999999
mem[X,0x000000008003F7F0] -> 0x9593
mem[X,0x000000008003F7F2] -> 0x00B5
[10351] [M]: 0x000000008003F7F0 (0x00B59593) slli a1, a1, 0xb
x11 <- 0x000CCCCCCCCCC800
mem[X,0x000000008003F7F4] -> 0x8593
mem[X,0x000000008003F7F6] -> 0x4CC5
[10352] [M]: 0x000000008003F7F4 (0x4CC58593) addi a1, a1, 0x4cc
x11 <- 0x000CCCCCCCCCCCCC
mem[X,0x000000008003F7F8] -> 0x9593
mem[X,0x000000008003F7FA] -> 0x00A5
[10353] [M]: 0x000000008003F7F8 (0x00A59593) slli a1, a1, 0xa
x11 <- 0x3333333333333000
mem[X,0x000000008003F7FC] -> 0x8593
mem[X,0x000000008003F7FE] -> 0x3345
[10354] [M]: 0x000000008003F7FC (0x33458593) addi a1, a1, 0x334
x11 <- 0x3333333333333334
mem[X,0x000000008003F800] -> 0x0213
mem[X,0x000000008003F802] -> 0x0000
[10355] [M]: 0x000000008003F800 (0x00000213) addi tp, zero, 0x0
x4 <- 0x0000000000000000
mem[X,0x000000008003F804] -> 0x006F
mem[X,0x000000008003F806] -> 0x00C0
[10356] [M]: 0x000000008003F804 (0x00C0006F) jal zero, 0xc
mem[X,0x000000008003F810] -> 0x0063
mem[X,0x000000008003F812] -> 0x08B5
[10357] [M]: 0x000000008003F810 (0x08B50063) beq a0, a1, 0x80
mem[X,0x000000008003F814] -> 0x0213
mem[X,0x000000008003F816] -> 0x0022
[10358] [M]: 0x000000008003F814 (0x00220213) addi tp, tp, 0x2
x4 <- 0x0000000000000002
mem[X,0x000000008003F818] -> 0x006F
mem[X,0x000000008003F81A] -> 0x0800
[10359] [M]: 0x000000008003F818 (0x0800006F) jal zero, 0x80
mem[X,0x000000008003F898] -> 0x3C23
mem[X,0x000000008003F89A] -> 0x3241
[10360] [M]: 0x000000008003F898 (0x32413C23) sd tp, 0x338(sp)
mem[0x0000000080049500] <- 0x0000000000000002
mem[X,0x000000008003F89C] -> 0x0537
mem[X,0x000000008003F89E] -> 0x0000
[10361] [M]: 0x000000008003F89C (0x00000537) lui a0, 0x0
x10 <- 0x0000000000000000
mem[X,0x000000008003F8A0] -> 0x0513
mem[X,0x000000008003F8A2] -> 0xFFF5
[10362] [M]: 0x000000008003F8A0 (0xFFF50513) addi a0, a0, -0x1
x10 <- 0xFFFFFFFFFFFFFFFF
mem[X,0x000000008003F8A4] -> 0x1513
mem[X,0x000000008003F8A6] -> 0x00B5
[10363] [M]: 0x000000008003F8A4 (0x00B51513) slli a0, a0, 0xb
x10 <- 0xFFFFFFFFFFFFF800
mem[X,0x000000008003F8A8] -> 0x0513
mem[X,0x000000008003F8AA] -> 0x2575
[10364] [M]: 0x000000008003F8A8 (0x25750513) addi a0, a0, 0x257
x10 <- 0xFFFFFFFFFFFFFA57
mem[X,0x000000008003F8AC] -> 0x1513
mem[X,0x000000008003F8AE] -> 0x00B5
[10365] [M]: 0x000000008003F8AC (0x00B51513) slli a0, a0, 0xb
x10 <- 0xFFFFFFFFFFD2B800
mem[X,0x000000008003F8B0] -> 0x0513
mem[X,0x000000008003F8B2] -> 0x6C35
[10366] [M]: 0x000000008003F8B0 (0x6C350513) addi a0, a0, 0x6c3
x10 <- 0xFFFFFFFFFFD2BEC3
mem[X,0x000000008003F8B4] -> 0x1513
mem[X,0x000000008003F8B6] -> 0x00A5
[10367] [M]: 0x000000008003F8B4 (0x00A51513) slli a0, a0, 0xa
x10 <- 0xFFFFFFFF4AFB0C00
mem[X,0x000000008003F8B8] -> 0x0513
mem[X,0x000000008003F8BA] -> 0x0CE5
[10368] [M]: 0x000000008003F8B8 (0x0CE50513) addi a0, a0, 0xce
x10 <- 0xFFFFFFFF4AFB0CCE
mem[X,0x000000008003F8BC] -> 0x65B7
mem[X,0x000000008003F8BE] -> 0x6666
[10369] [M]: 0x000000008003F8BC (0x666665B7) lui a1, 0x66666
x11 <- 0x0000000066666000
mem[X,0x000000008003F8C0] -> 0x8593
mem[X,0x000000008003F8C2] -> 0x6665
[10370] [M]: 0x000000008003F8C0 (0x66658593) addi a1, a1, 0x666
x11 <- 0x0000000066666666
mem[X,0x000000008003F8C4] -> 0x9593
mem[X,0x000000008003F8C6] -> 0x00B5
[10371] [M]: 0x000000008003F8C4 (0x00B59593) slli a1, a1, 0xb
x11 <- 0x0000033333333000
mem[X,0x000000008003F8C8] -> 0x8593
mem[X,0x000000008003F8CA] -> 0x3335
[10372] [M]: 0x000000008003F8C8 (0x33358593) addi a1, a1, 0x333
x11 <- 0x0000033333333333
mem[X,0x000000008003F8CC] -> 0x9593
mem[X,0x000000008003F8CE] -> 0x00B5
[10373] [M]: 0x000000008003F8CC (0x00B59593) slli a1, a1, 0xb
x11 <- 0x0019999999999800
mem[X,0x000000008003F8D0] -> 0x8593
mem[X,0x000000008003F8D2] -> 0x1995
[10374] [M]: 0x000000008003F8D0 (0x19958593) addi a1, a1, 0x199
x11 <- 0x0019999999999999
mem[X,0x000000008003F8D4] -> 0x9593
mem[X,0x000000008003F8D6] -> 0x00A5
[10375] [M]: 0x000000008003F8D4 (0x00A59593) slli a1, a1, 0xa
x11 <- 0x6666666666666400
mem[X,0x000000008003F8D8] -> 0x8593
mem[X,0x000000008003F8DA] -> 0x2675
[10376] [M]: 0x000000008003F8D8 (0x26758593) addi a1, a1, 0x267
x11 <- 0x6666666666666667
mem[X,0x000000008003F8DC] -> 0x0213
mem[X,0x000000008003F8DE] -> 0x0000
[10377] [M]: 0x000000008003F8DC (0x00000213) addi tp, zero, 0x0
x4 <- 0x0000000000000000
mem[X,0x000000008003F8E0] -> 0x006F
mem[X,0x000000008003F8E2] -> 0x00C0
[10378] [M]: 0x000000008003F8E0 (0x00C0006F) jal zero, 0xc
mem[X,0x000000008003F8EC] -> 0x0663
mem[X,0x000000008003F8EE] -> 0x00B5
[10379] [M]: 0x000000008003F8EC (0x00B50663) beq a0, a1, 0xc
mem[X,0x000000008003F8F0] -> 0x0213
mem[X,0x000000008003F8F2] -> 0x0022
[10380] [M]: 0x000000008003F8F0 (0x00220213) addi tp, tp, 0x2
x4 <- 0x0000000000000002
mem[X,0x000000008003F8F4] -> 0x006F
mem[X,0x000000008003F8F6] -> 0x00C0
[10381] [M]: 0x000000008003F8F4 (0x00C0006F) jal zero, 0xc
mem[X,0x000000008003F900] -> 0x3023
mem[X,0x000000008003F902] -> 0x3441
[10382] [M]: 0x000000008003F900 (0x34413023) sd tp, 0x340(sp)
mem[0x0000000080049508] <- 0x0000000000000002
mem[X,0x000000008003F904] -> 0x0537
mem[X,0x000000008003F906] -> 0x0000
[10383] [M]: 0x000000008003F904 (0x00000537) lui a0, 0x0
x10 <- 0x0000000000000000
mem[X,0x000000008003F908] -> 0x0513
mem[X,0x000000008003F90A] -> 0xFFF5
[10384] [M]: 0x000000008003F908 (0xFFF50513) addi a0, a0, -0x1
x10 <- 0xFFFFFFFFFFFFFFFF
mem[X,0x000000008003F90C] -> 0x1513
mem[X,0x000000008003F90E] -> 0x00B5
[10385] [M]: 0x000000008003F90C (0x00B51513) slli a0, a0, 0xb
x10 <- 0xFFFFFFFFFFFFF800
mem[X,0x000000008003F910] -> 0x0513
mem[X,0x000000008003F912] -> 0x2575
[10386] [M]: 0x000000008003F910 (0x25750513) addi a0, a0, 0x257
x10 <- 0xFFFFFFFFFFFFFA57
mem[X,0x000000008003F914] -> 0x1513
mem[X,0x000000008003F916] -> 0x00B5
[10387] [M]: 0x000000008003F914 (0x00B51513) slli a0, a0, 0xb
x10 <- 0xFFFFFFFFFFD2B800
mem[X,0x000000008003F918] -> 0x0513
mem[X,0x000000008003F91A] -> 0x6C35
[10388] [M]: 0x000000008003F918 (0x6C350513) addi a0, a0, 0x6c3
x10 <- 0xFFFFFFFFFFD2BEC3
mem[X,0x000000008003F91C] -> 0x1513
mem[X,0x000000008003F91E] -> 0x00A5
[10389] [M]: 0x000000008003F91C (0x00A51513) slli a0, a0, 0xa
x10 <- 0xFFFFFFFF4AFB0C00
mem[X,0x000000008003F920] -> 0x0513
mem[X,0x000000008003F922] -> 0x0CE5
[10390] [M]: 0x000000008003F920 (0x0CE50513) addi a0, a0, 0xce
x10 <- 0xFFFFFFFF4AFB0CCE
mem[X,0x000000008003F924] -> 0x05B7
mem[X,0x000000008003F926] -> 0x0000
[10391] [M]: 0x000000008003F924 (0x000005B7) lui a1, 0x0
x11 <- 0x0000000000000000
mem[X,0x000000008003F928] -> 0x8593
mem[X,0x000000008003F92A] -> 0xFFF5
[10392] [M]: 0x000000008003F928 (0xFFF58593) addi a1, a1, -0x1
x11 <- 0xFFFFFFFFFFFFFFFF
mem[X,0x000000008003F92C] -> 0x9593
mem[X,0x000000008003F92E] -> 0x00B5
[10393] [M]: 0x000000008003F92C (0x00B59593) slli a1, a1, 0xb
x11 <- 0xFFFFFFFFFFFFF800
mem[X,0x000000008003F930] -> 0x8593
mem[X,0x000000008003F932] -> 0x2575
[10394] [M]: 0x000000008003F930 (0x25758593) addi a1, a1, 0x257
x11 <- 0xFFFFFFFFFFFFFA57
mem[X,0x000000008003F934] -> 0x9593
mem[X,0x000000008003F936] -> 0x00B5
[10395] [M]: 0x000000008003F934 (0x00B59593) slli a1, a1, 0xb
x11 <- 0xFFFFFFFFFFD2B800
mem[X,0x000000008003F938] -> 0x8593
mem[X,0x000000008003F93A] -> 0x6C35
[10396] [M]: 0x000000008003F938 (0x6C358593) addi a1, a1, 0x6c3
x11 <- 0xFFFFFFFFFFD2BEC3
mem[X,0x000000008003F93C] -> 0x9593
mem[X,0x000000008003F93E] -> 0x00A5
[10397] [M]: 0x000000008003F93C (0x00A59593) slli a1, a1, 0xa
x11 <- 0xFFFFFFFF4AFB0C00
mem[X,0x000000008003F940] -> 0x8593
mem[X,0x000000008003F942] -> 0x0CE5
[10398] [M]: 0x000000008003F940 (0x0CE58593) addi a1, a1, 0xce
x11 <- 0xFFFFFFFF4AFB0CCE
mem[X,0x000000008003F944] -> 0x0213
mem[X,0x000000008003F946] -> 0x0000
[10399] [M]: 0x000000008003F944 (0x00000213) addi tp, zero, 0x0
x4 <- 0x0000000000000000
clint::tick mtime <- 0x0000000000000068
 clint timer pending at mtime 0x0000000000000068
htif::tick 0x0000000000000000
mem[X,0x000000008003F948] -> 0x006F
mem[X,0x000000008003F94A] -> 0x00C0
[10400] [M]: 0x000000008003F948 (0x00C0006F) jal zero, 0xc
mem[X,0x000000008003F954] -> 0x0063
mem[X,0x000000008003F956] -> 0x20B5
[10401] [M]: 0x000000008003F954 (0x20B50063) beq a0, a1, 0x200
mem[X,0x000000008003FB54] -> 0x0213
mem[X,0x000000008003FB56] -> 0x0032
[10402] [M]: 0x000000008003FB54 (0x00320213) addi tp, tp, 0x3
x4 <- 0x0000000000000003
mem[X,0x000000008003FB58] -> 0x006F
mem[X,0x000000008003FB5A] -> 0x0040
[10403] [M]: 0x000000008003FB58 (0x0040006F) jal zero, 0x4
mem[X,0x000000008003FB5C] -> 0x3423
mem[X,0x000000008003FB5E] -> 0x3441
[10404] [M]: 0x000000008003FB5C (0x34413423) sd tp, 0x348(sp)
mem[0x0000000080049510] <- 0x0000000000000003
mem[X,0x000000008003FB60] -> 0x0537
mem[X,0x000000008003FB62] -> 0x0000
[10405] [M]: 0x000000008003FB60 (0x00000537) lui a0, 0x0
x10 <- 0x0000000000000000
mem[X,0x000000008003FB64] -> 0x0513
mem[X,0x000000008003FB66] -> 0xFFF5
[10406] [M]: 0x000000008003FB64 (0xFFF50513) addi a0, a0, -0x1
x10 <- 0xFFFFFFFFFFFFFFFF
mem[X,0x000000008003FB68] -> 0x1513
mem[X,0x000000008003FB6A] -> 0x00B5
[10407] [M]: 0x000000008003FB68 (0x00B51513) slli a0, a0, 0xb
x10 <- 0xFFFFFFFFFFFFF800
mem[X,0x000000008003FB6C] -> 0x0513
mem[X,0x000000008003FB6E] -> 0x2575
[10408] [M]: 0x000000008003FB6C (0x25750513) addi a0, a0, 0x257
x10 <- 0xFFFFFFFFFFFFFA57
mem[X,0x000000008003FB70] -> 0x1513
mem[X,0x000000008003FB72] -> 0x00B5
[10409] [M]: 0x000000008003FB70 (0x00B51513) slli a0, a0, 0xb
x10 <- 0xFFFFFFFFFFD2B800
mem[X,0x000000008003FB74] -> 0x0513
mem[X,0x000000008003FB76] -> 0x6C35
[10410] [M]: 0x000000008003FB74 (0x6C350513) addi a0, a0, 0x6c3
x10 <- 0xFFFFFFFFFFD2BEC3
mem[X,0x000000008003FB78] -> 0x1513
mem[X,0x000000008003FB7A] -> 0x00A5
[10411] [M]: 0x000000008003FB78 (0x00A51513) slli a0, a0, 0xa
x10 <- 0xFFFFFFFF4AFB0C00
mem[X,0x000000008003FB7C] -> 0x0513
mem[X,0x000000008003FB7E] -> 0x0CE5
[10412] [M]: 0x000000008003FB7C (0x0CE50513) addi a0, a0, 0xce
x10 <- 0xFFFFFFFF4AFB0CCE
mem[X,0x000000008003FB80] -> 0x05B7
mem[X,0x000000008003FB82] -> 0x0000
[10413] [M]: 0x000000008003FB80 (0x000005B7) lui a1, 0x0
x11 <- 0x0000000000000000
mem[X,0x000000008003FB84] -> 0x8593
mem[X,0x000000008003FB86] -> 0x0005
[10414] [M]: 0x000000008003FB84 (0x00058593) addi a1, a1, 0x0
x11 <- 0x0000000000000000
mem[X,0x000000008003FB88] -> 0x9593
mem[X,0x000000008003FB8A] -> 0x00B5
[10415] [M]: 0x000000008003FB88 (0x00B59593) slli a1, a1, 0xb
x11 <- 0x0000000000000000
mem[X,0x000000008003FB8C] -> 0x8593
mem[X,0x000000008003FB8E] -> 0x5A85
[10416] [M]: 0x000000008003FB8C (0x5A858593) addi a1, a1, 0x5a8
x11 <- 0x00000000000005A8
mem[X,0x000000008003FB90] -> 0x9593
mem[X,0x000000008003FB92] -> 0x00B5
[10417] [M]: 0x000000008003FB90 (0x00B59593) slli a1, a1, 0xb
x11 <- 0x00000000002D4000
mem[X,0x000000008003FB94] -> 0x8593
mem[X,0x000000008003FB96] -> 0x13C5
[10418] [M]: 0x000000008003FB94 (0x13C58593) addi a1, a1, 0x13c
x11 <- 0x00000000002D413C
mem[X,0x000000008003FB98] -> 0x9593
mem[X,0x000000008003FB9A] -> 0x00A5
[10419] [M]: 0x000000008003FB98 (0x00A59593) slli a1, a1, 0xa
x11 <- 0x00000000B504F000
mem[X,0x000000008003FB9C] -> 0x8593
mem[X,0x000000008003FB9E] -> 0x3345
[10420] [M]: 0x000000008003FB9C (0x33458593) addi a1, a1, 0x334
x11 <- 0x00000000B504F334
mem[X,0x000000008003FBA0] -> 0x0213
mem[X,0x000000008003FBA2] -> 0x0000
[10421] [M]: 0x000000008003FBA0 (0x00000213) addi tp, zero, 0x0
x4 <- 0x0000000000000000
mem[X,0x000000008003FBA4] -> 0x006F
mem[X,0x000000008003FBA6] -> 0x00C0
[10422] [M]: 0x000000008003FBA4 (0x00C0006F) jal zero, 0xc
mem[X,0x000000008003FBB0] -> 0x0663
mem[X,0x000000008003FBB2] -> 0x00B5
[10423] [M]: 0x000000008003FBB0 (0x00B50663) beq a0, a1, 0xc
mem[X,0x000000008003FBB4] -> 0x0213
mem[X,0x000000008003FBB6] -> 0x0022
[10424] [M]: 0x000000008003FBB4 (0x00220213) addi tp, tp, 0x2
x4 <- 0x0000000000000002
mem[X,0x000000008003FBB8] -> 0x006F
mem[X,0x000000008003FBBA] -> 0x00C0
[10425] [M]: 0x000000008003FBB8 (0x00C0006F) jal zero, 0xc
mem[X,0x000000008003FBC4] -> 0x3823
mem[X,0x000000008003FBC6] -> 0x3441
[10426] [M]: 0x000000008003FBC4 (0x34413823) sd tp, 0x350(sp)
mem[0x0000000080049518] <- 0x0000000000000002
mem[X,0x000000008003FBC8] -> 0x0537
mem[X,0x000000008003FBCA] -> 0x0000
[10427] [M]: 0x000000008003FBC8 (0x00000537) lui a0, 0x0
x10 <- 0x0000000000000000
mem[X,0x000000008003FBCC] -> 0x0513
mem[X,0x000000008003FBCE] -> 0x0005
[10428] [M]: 0x000000008003FBCC (0x00050513) addi a0, a0, 0x0
x10 <- 0x0000000000000000
mem[X,0x000000008003FBD0] -> 0x1513
mem[X,0x000000008003FBD2] -> 0x00B5
[10429] [M]: 0x000000008003FBD0 (0x00B51513) slli a0, a0, 0xb
x10 <- 0x0000000000000000
mem[X,0x000000008003FBD4] -> 0x0513
mem[X,0x000000008003FBD6] -> 0x5A85
[10430] [M]: 0x000000008003FBD4 (0x5A850513) addi a0, a0, 0x5a8
x10 <- 0x00000000000005A8
mem[X,0x000000008003FBD8] -> 0x1513
mem[X,0x000000008003FBDA] -> 0x00B5
[10431] [M]: 0x000000008003FBD8 (0x00B51513) slli a0, a0, 0xb
x10 <- 0x00000000002D4000
mem[X,0x000000008003FBDC] -> 0x0513
mem[X,0x000000008003FBDE] -> 0x13C5
[10432] [M]: 0x000000008003FBDC (0x13C50513) addi a0, a0, 0x13c
x10 <- 0x00000000002D413C
mem[X,0x000000008003FBE0] -> 0x1513
mem[X,0x000000008003FBE2] -> 0x00A5
[10433] [M]: 0x000000008003FBE0 (0x00A51513) slli a0, a0, 0xa
x10 <- 0x00000000B504F000
mem[X,0x000000008003FBE4] -> 0x0513
mem[X,0x000000008003FBE6] -> 0x3345
[10434] [M]: 0x000000008003FBE4 (0x33450513) addi a0, a0, 0x334
x10 <- 0x00000000B504F334
mem[X,0x000000008003FBE8] -> 0x0593
mem[X,0x000000008003FBEA] -> 0x0030
[10435] [M]: 0x000000008003FBE8 (0x00300593) addi a1, zero, 0x3
x11 <- 0x0000000000000003
mem[X,0x000000008003FBEC] -> 0x0213
mem[X,0x000000008003FBEE] -> 0x0000
[10436] [M]: 0x000000008003FBEC (0x00000213) addi tp, zero, 0x0
x4 <- 0x0000000000000000
mem[X,0x000000008003FBF0] -> 0x006F
mem[X,0x000000008003FBF2] -> 0x0140
[10437] [M]: 0x000000008003FBF0 (0x0140006F) jal zero, 0x14
mem[X,0x000000008003FC04] -> 0x08E3
mem[X,0x000000008003FC06] -> 0xFEB5
[10438] [M]: 0x000000008003FC04 (0xFEB508E3) beq a0, a1, -0x10
mem[X,0x000000008003FC08] -> 0x0213
mem[X,0x000000008003FC0A] -> 0x0022
[10439] [M]: 0x000000008003FC08 (0x00220213) addi tp, tp, 0x2
x4 <- 0x0000000000000002
mem[X,0x000000008003FC0C] -> 0x006F
mem[X,0x000000008003FC0E] -> 0x00C0
[10440] [M]: 0x000000008003FC0C (0x00C0006F) jal zero, 0xc
mem[X,0x000000008003FC18] -> 0x3C23
mem[X,0x000000008003FC1A] -> 0x3441
[10441] [M]: 0x000000008003FC18 (0x34413C23) sd tp, 0x358(sp)
mem[0x0000000080049520] <- 0x0000000000000002
mem[X,0x000000008003FC1C] -> 0x0537
mem[X,0x000000008003FC1E] -> 0x0000
[10442] [M]: 0x000000008003FC1C (0x00000537) lui a0, 0x0
x10 <- 0x0000000000000000
mem[X,0x000000008003FC20] -> 0x0513
mem[X,0x000000008003FC22] -> 0x0005
[10443] [M]: 0x000000008003FC20 (0x00050513) addi a0, a0, 0x0
x10 <- 0x0000000000000000
mem[X,0x000000008003FC24] -> 0x1513
mem[X,0x000000008003FC26] -> 0x00B5
[10444] [M]: 0x000000008003FC24 (0x00B51513) slli a0, a0, 0xb
x10 <- 0x0000000000000000
mem[X,0x000000008003FC28] -> 0x0513
mem[X,0x000000008003FC2A] -> 0x5A85
[10445] [M]: 0x000000008003FC28 (0x5A850513) addi a0, a0, 0x5a8
x10 <- 0x00000000000005A8
mem[X,0x000000008003FC2C] -> 0x1513
mem[X,0x000000008003FC2E] -> 0x00B5
[10446] [M]: 0x000000008003FC2C (0x00B51513) slli a0, a0, 0xb
x10 <- 0x00000000002D4000
mem[X,0x000000008003FC30] -> 0x0513
mem[X,0x000000008003FC32] -> 0x13C5
[10447] [M]: 0x000000008003FC30 (0x13C50513) addi a0, a0, 0x13c
x10 <- 0x00000000002D413C
mem[X,0x000000008003FC34] -> 0x1513
mem[X,0x000000008003FC36] -> 0x00A5
[10448] [M]: 0x000000008003FC34 (0x00A51513) slli a0, a0, 0xa
x10 <- 0x00000000B504F000
mem[X,0x000000008003FC38] -> 0x0513
mem[X,0x000000008003FC3A] -> 0x3345
[10449] [M]: 0x000000008003FC38 (0x33450513) addi a0, a0, 0x334
x10 <- 0x00000000B504F334
mem[X,0x000000008003FC3C] -> 0x55B7
mem[X,0x000000008003FC3E] -> 0x5555
[10450] [M]: 0x000000008003FC3C (0x555555B7) lui a1, 0x55555
x11 <- 0x0000000055555000
mem[X,0x000000008003FC40] -> 0x8593
mem[X,0x000000008003FC42] -> 0x5555
[10451] [M]: 0x000000008003FC40 (0x55558593) addi a1, a1, 0x555
x11 <- 0x0000000055555555
mem[X,0x000000008003FC44] -> 0x9593
mem[X,0x000000008003FC46] -> 0x00B5
[10452] [M]: 0x000000008003FC44 (0x00B59593) slli a1, a1, 0xb
x11 <- 0x000002AAAAAAA800
mem[X,0x000000008003FC48] -> 0x8593
mem[X,0x000000008003FC4A] -> 0x2AA5
[10453] [M]: 0x000000008003FC48 (0x2AA58593) addi a1, a1, 0x2aa
x11 <- 0x000002AAAAAAAAAA
mem[X,0x000000008003FC4C] -> 0x9593
mem[X,0x000000008003FC4E] -> 0x00B5
[10454] [M]: 0x000000008003FC4C (0x00B59593) slli a1, a1, 0xb
x11 <- 0x0015555555555000
mem[X,0x000000008003FC50] -> 0x8593
mem[X,0x000000008003FC52] -> 0x5555
[10455] [M]: 0x000000008003FC50 (0x55558593) addi a1, a1, 0x555
x11 <- 0x0015555555555555
mem[X,0x000000008003FC54] -> 0x9593
mem[X,0x000000008003FC56] -> 0x00A5
[10456] [M]: 0x000000008003FC54 (0x00A59593) slli a1, a1, 0xa
x11 <- 0x5555555555555400
mem[X,0x000000008003FC58] -> 0x8593
mem[X,0x000000008003FC5A] -> 0x1555
[10457] [M]: 0x000000008003FC58 (0x15558593) addi a1, a1, 0x155
x11 <- 0x5555555555555555
mem[X,0x000000008003FC5C] -> 0x0213
mem[X,0x000000008003FC5E] -> 0x0000
[10458] [M]: 0x000000008003FC5C (0x00000213) addi tp, zero, 0x0
x4 <- 0x0000000000000000
mem[X,0x000000008003FC60] -> 0x006F
mem[X,0x000000008003FC62] -> 0x00C0
[10459] [M]: 0x000000008003FC60 (0x00C0006F) jal zero, 0xc
mem[X,0x000000008003FC6C] -> 0x0663
mem[X,0x000000008003FC6E] -> 0x00B5
[10460] [M]: 0x000000008003FC6C (0x00B50663) beq a0, a1, 0xc
mem[X,0x000000008003FC70] -> 0x0213
mem[X,0x000000008003FC72] -> 0x0022
[10461] [M]: 0x000000008003FC70 (0x00220213) addi tp, tp, 0x2
x4 <- 0x0000000000000002
mem[X,0x000000008003FC74] -> 0x006F
mem[X,0x000000008003FC76] -> 0x00C0
[10462] [M]: 0x000000008003FC74 (0x00C0006F) jal zero, 0xc
mem[X,0x000000008003FC80] -> 0x3023
mem[X,0x000000008003FC82] -> 0x3641
[10463] [M]: 0x000000008003FC80 (0x36413023) sd tp, 0x360(sp)
mem[0x0000000080049528] <- 0x0000000000000002
mem[X,0x000000008003FC84] -> 0x0537
mem[X,0x000000008003FC86] -> 0x0000
[10464] [M]: 0x000000008003FC84 (0x00000537) lui a0, 0x0
x10 <- 0x0000000000000000
mem[X,0x000000008003FC88] -> 0x0513
mem[X,0x000000008003FC8A] -> 0x0005
[10465] [M]: 0x000000008003FC88 (0x00050513) addi a0, a0, 0x0
x10 <- 0x0000000000000000
mem[X,0x000000008003FC8C] -> 0x1513
mem[X,0x000000008003FC8E] -> 0x00B5
[10466] [M]: 0x000000008003FC8C (0x00B51513) slli a0, a0, 0xb
x10 <- 0x0000000000000000
mem[X,0x000000008003FC90] -> 0x0513
mem[X,0x000000008003FC92] -> 0x5A85
[10467] [M]: 0x000000008003FC90 (0x5A850513) addi a0, a0, 0x5a8
x10 <- 0x00000000000005A8
mem[X,0x000000008003FC94] -> 0x1513
mem[X,0x000000008003FC96] -> 0x00B5
[10468] [M]: 0x000000008003FC94 (0x00B51513) slli a0, a0, 0xb
x10 <- 0x00000000002D4000
mem[X,0x000000008003FC98] -> 0x0513
mem[X,0x000000008003FC9A] -> 0x13C5
[10469] [M]: 0x000000008003FC98 (0x13C50513) addi a0, a0, 0x13c
x10 <- 0x00000000002D413C
mem[X,0x000000008003FC9C] -> 0x1513
mem[X,0x000000008003FC9E] -> 0x00A5
[10470] [M]: 0x000000008003FC9C (0x00A51513) slli a0, a0, 0xa
x10 <- 0x00000000B504F000
mem[X,0x000000008003FCA0] -> 0x0513
mem[X,0x000000008003FCA2] -> 0x3345
[10471] [M]: 0x000000008003FCA0 (0x33450513) addi a0, a0, 0x334
x10 <- 0x00000000B504F334
mem[X,0x000000008003FCA4] -> 0xB5B7
mem[X,0x000000008003FCA6] -> 0xAAAA
[10472] [M]: 0x000000008003FCA4 (0xAAAAB5B7) lui a1, -0x55555
x11 <- 0xFFFFFFFFAAAAB000
mem[X,0x000000008003FCA8] -> 0x8593
mem[X,0x000000008003FCAA] -> 0xAAA5
[10473] [M]: 0x000000008003FCA8 (0xAAA58593) addi a1, a1, -0x556
x11 <- 0xFFFFFFFFAAAAAAAA
mem[X,0x000000008003FCAC] -> 0x9593
mem[X,0x000000008003FCAE] -> 0x00B5
[10474] [M]: 0x000000008003FCAC (0x00B59593) slli a1, a1, 0xb
x11 <- 0xFFFFFD5555555000
mem[X,0x000000008003FCB0] -> 0x8593
mem[X,0x000000008003FCB2] -> 0x5555
[10475] [M]: 0x000000008003FCB0 (0x55558593) addi a1, a1, 0x555
x11 <- 0xFFFFFD5555555555
mem[X,0x000000008003FCB4] -> 0x9593
mem[X,0x000000008003FCB6] -> 0x00B5
[10476] [M]: 0x000000008003FCB4 (0x00B59593) slli a1, a1, 0xb
x11 <- 0xFFEAAAAAAAAAA800
mem[X,0x000000008003FCB8] -> 0x8593
mem[X,0x000000008003FCBA] -> 0x2AA5
[10477] [M]: 0x000000008003FCB8 (0x2AA58593) addi a1, a1, 0x2aa
x11 <- 0xFFEAAAAAAAAAAAAA
mem[X,0x000000008003FCBC] -> 0x9593
mem[X,0x000000008003FCBE] -> 0x00A5
[10478] [M]: 0x000000008003FCBC (0x00A59593) slli a1, a1, 0xa
x11 <- 0xAAAAAAAAAAAAA800
mem[X,0x000000008003FCC0] -> 0x8593
mem[X,0x000000008003FCC2] -> 0x2AA5
[10479] [M]: 0x000000008003FCC0 (0x2AA58593) addi a1, a1, 0x2aa
x11 <- 0xAAAAAAAAAAAAAAAA
mem[X,0x000000008003FCC4] -> 0x0213
mem[X,0x000000008003FCC6] -> 0x0000
[10480] [M]: 0x000000008003FCC4 (0x00000213) addi tp, zero, 0x0
x4 <- 0x0000000000000000
mem[X,0x000000008003FCC8] -> 0x006F
mem[X,0x000000008003FCCA] -> 0x00C0
[10481] [M]: 0x000000008003FCC8 (0x00C0006F) jal zero, 0xc
mem[X,0x000000008003FCD4] -> 0x0063
mem[X,0x000000008003FCD6] -> 0x08B5
[10482] [M]: 0x000000008003FCD4 (0x08B50063) beq a0, a1, 0x80
mem[X,0x000000008003FCD8] -> 0x0213
mem[X,0x000000008003FCDA] -> 0x0022
[10483] [M]: 0x000000008003FCD8 (0x00220213) addi tp, tp, 0x2
x4 <- 0x0000000000000002
mem[X,0x000000008003FCDC] -> 0x006F
mem[X,0x000000008003FCDE] -> 0x0800
[10484] [M]: 0x000000008003FCDC (0x0800006F) jal zero, 0x80
mem[X,0x000000008003FD5C] -> 0x3423
mem[X,0x000000008003FD5E] -> 0x3641
[10485] [M]: 0x000000008003FD5C (0x36413423) sd tp, 0x368(sp)
mem[0x0000000080049530] <- 0x0000000000000002
mem[X,0x000000008003FD60] -> 0x0537
mem[X,0x000000008003FD62] -> 0x0000
[10486] [M]: 0x000000008003FD60 (0x00000537) lui a0, 0x0
x10 <- 0x0000000000000000
mem[X,0x000000008003FD64] -> 0x0513
mem[X,0x000000008003FD66] -> 0x0005
[10487] [M]: 0x000000008003FD64 (0x00050513) addi a0, a0, 0x0
x10 <- 0x0000000000000000
mem[X,0x000000008003FD68] -> 0x1513
mem[X,0x000000008003FD6A] -> 0x00B5
[10488] [M]: 0x000000008003FD68 (0x00B51513) slli a0, a0, 0xb
x10 <- 0x0000000000000000
mem[X,0x000000008003FD6C] -> 0x0513
mem[X,0x000000008003FD6E] -> 0x5A85
[10489] [M]: 0x000000008003FD6C (0x5A850513) addi a0, a0, 0x5a8
x10 <- 0x00000000000005A8
mem[X,0x000000008003FD70] -> 0x1513
mem[X,0x000000008003FD72] -> 0x00B5
[10490] [M]: 0x000000008003FD70 (0x00B51513) slli a0, a0, 0xb
x10 <- 0x00000000002D4000
mem[X,0x000000008003FD74] -> 0x0513
mem[X,0x000000008003FD76] -> 0x13C5
[10491] [M]: 0x000000008003FD74 (0x13C50513) addi a0, a0, 0x13c
x10 <- 0x00000000002D413C
mem[X,0x000000008003FD78] -> 0x1513
mem[X,0x000000008003FD7A] -> 0x00A5
[10492] [M]: 0x000000008003FD78 (0x00A51513) slli a0, a0, 0xa
x10 <- 0x00000000B504F000
mem[X,0x000000008003FD7C] -> 0x0513
mem[X,0x000000008003FD7E] -> 0x3345
[10493] [M]: 0x000000008003FD7C (0x33450513) addi a0, a0, 0x334
x10 <- 0x00000000B504F334
mem[X,0x000000008003FD80] -> 0x0593
mem[X,0x000000008003FD82] -> 0x0050
[10494] [M]: 0x000000008003FD80 (0x00500593) addi a1, zero, 0x5
x11 <- 0x0000000000000005
mem[X,0x000000008003FD84] -> 0x0213
mem[X,0x000000008003FD86] -> 0x0000
[10495] [M]: 0x000000008003FD84 (0x00000213) addi tp, zero, 0x0
x4 <- 0x0000000000000000
mem[X,0x000000008003FD88] -> 0x006F
mem[X,0x000000008003FD8A] -> 0x00C0
[10496] [M]: 0x000000008003FD88 (0x00C0006F) jal zero, 0xc
mem[X,0x000000008003FD94] -> 0x0063
mem[X,0x000000008003FD96] -> 0x10B5
[10497] [M]: 0x000000008003FD94 (0x10B50063) beq a0, a1, 0x100
mem[X,0x000000008003FD98] -> 0x0213
mem[X,0x000000008003FD9A] -> 0x0022
[10498] [M]: 0x000000008003FD98 (0x00220213) addi tp, tp, 0x2
x4 <- 0x0000000000000002
mem[X,0x000000008003FD9C] -> 0x006F
mem[X,0x000000008003FD9E] -> 0x1000
[10499] [M]: 0x000000008003FD9C (0x1000006F) jal zero, 0x100
clint::tick mtime <- 0x0000000000000069
 clint timer pending at mtime 0x0000000000000069
htif::tick 0x0000000000000000
mem[X,0x000000008003FE9C] -> 0x3823
mem[X,0x000000008003FE9E] -> 0x3641
[10500] [M]: 0x000000008003FE9C (0x36413823) sd tp, 0x370(sp)
mem[0x0000000080049538] <- 0x0000000000000002
mem[X,0x000000008003FEA0] -> 0x0537
mem[X,0x000000008003FEA2] -> 0x0000
[10501] [M]: 0x000000008003FEA0 (0x00000537) lui a0, 0x0
x10 <- 0x0000000000000000
mem[X,0x000000008003FEA4] -> 0x0513
mem[X,0x000000008003FEA6] -> 0x0005
[10502] [M]: 0x000000008003FEA4 (0x00050513) addi a0, a0, 0x0
x10 <- 0x0000000000000000
mem[X,0x000000008003FEA8] -> 0x1513
mem[X,0x000000008003FEAA] -> 0x00B5
[10503] [M]: 0x000000008003FEA8 (0x00B51513) slli a0, a0, 0xb
x10 <- 0x0000000000000000
mem[X,0x000000008003FEAC] -> 0x0513
mem[X,0x000000008003FEAE] -> 0x5A85
[10504] [M]: 0x000000008003FEAC (0x5A850513) addi a0, a0, 0x5a8
x10 <- 0x00000000000005A8
mem[X,0x000000008003FEB0] -> 0x1513
mem[X,0x000000008003FEB2] -> 0x00B5
[10505] [M]: 0x000000008003FEB0 (0x00B51513) slli a0, a0, 0xb
x10 <- 0x00000000002D4000
mem[X,0x000000008003FEB4] -> 0x0513
mem[X,0x000000008003FEB6] -> 0x13C5
[10506] [M]: 0x000000008003FEB4 (0x13C50513) addi a0, a0, 0x13c
x10 <- 0x00000000002D413C
mem[X,0x000000008003FEB8] -> 0x1513
mem[X,0x000000008003FEBA] -> 0x00A5
[10507] [M]: 0x000000008003FEB8 (0x00A51513) slli a0, a0, 0xa
x10 <- 0x00000000B504F000
mem[X,0x000000008003FEBC] -> 0x0513
mem[X,0x000000008003FEBE] -> 0x3345
[10508] [M]: 0x000000008003FEBC (0x33450513) addi a0, a0, 0x334
x10 <- 0x00000000B504F334
mem[X,0x000000008003FEC0] -> 0x35B7
mem[X,0x000000008003FEC2] -> 0x3333
[10509] [M]: 0x000000008003FEC0 (0x333335B7) lui a1, 0x33333
x11 <- 0x0000000033333000
mem[X,0x000000008003FEC4] -> 0x8593
mem[X,0x000000008003FEC6] -> 0x3335
[10510] [M]: 0x000000008003FEC4 (0x33358593) addi a1, a1, 0x333
x11 <- 0x0000000033333333
mem[X,0x000000008003FEC8] -> 0x9593
mem[X,0x000000008003FECA] -> 0x00B5
[10511] [M]: 0x000000008003FEC8 (0x00B59593) slli a1, a1, 0xb
x11 <- 0x0000019999999800
mem[X,0x000000008003FECC] -> 0x8593
mem[X,0x000000008003FECE] -> 0x1995
[10512] [M]: 0x000000008003FECC (0x19958593) addi a1, a1, 0x199
x11 <- 0x0000019999999999
mem[X,0x000000008003FED0] -> 0x9593
mem[X,0x000000008003FED2] -> 0x00B5
[10513] [M]: 0x000000008003FED0 (0x00B59593) slli a1, a1, 0xb
x11 <- 0x000CCCCCCCCCC800
mem[X,0x000000008003FED4] -> 0x8593
mem[X,0x000000008003FED6] -> 0x4CC5
[10514] [M]: 0x000000008003FED4 (0x4CC58593) addi a1, a1, 0x4cc
x11 <- 0x000CCCCCCCCCCCCC
mem[X,0x000000008003FED8] -> 0x9593
mem[X,0x000000008003FEDA] -> 0x00A5
[10515] [M]: 0x000000008003FED8 (0x00A59593) slli a1, a1, 0xa
x11 <- 0x3333333333333000
mem[X,0x000000008003FEDC] -> 0x8593
mem[X,0x000000008003FEDE] -> 0x3335
[10516] [M]: 0x000000008003FEDC (0x33358593) addi a1, a1, 0x333
x11 <- 0x3333333333333333
mem[X,0x000000008003FEE0] -> 0x0213
mem[X,0x000000008003FEE2] -> 0x0000
[10517] [M]: 0x000000008003FEE0 (0x00000213) addi tp, zero, 0x0
x4 <- 0x0000000000000000
mem[X,0x000000008003FEE4] -> 0x006F
mem[X,0x000000008003FEE6] -> 0x00C0
[10518] [M]: 0x000000008003FEE4 (0x00C0006F) jal zero, 0xc
mem[X,0x000000008003FEF0] -> 0x0663
mem[X,0x000000008003FEF2] -> 0x00B5
[10519] [M]: 0x000000008003FEF0 (0x00B50663) beq a0, a1, 0xc
mem[X,0x000000008003FEF4] -> 0x0213
mem[X,0x000000008003FEF6] -> 0x0022
[10520] [M]: 0x000000008003FEF4 (0x00220213) addi tp, tp, 0x2
x4 <- 0x0000000000000002
mem[X,0x000000008003FEF8] -> 0x006F
mem[X,0x000000008003FEFA] -> 0x00C0
[10521] [M]: 0x000000008003FEF8 (0x00C0006F) jal zero, 0xc
mem[X,0x000000008003FF04] -> 0x3C23
mem[X,0x000000008003FF06] -> 0x3641
[10522] [M]: 0x000000008003FF04 (0x36413C23) sd tp, 0x378(sp)
mem[0x0000000080049540] <- 0x0000000000000002
mem[X,0x000000008003FF08] -> 0x0537
mem[X,0x000000008003FF0A] -> 0x0000
[10523] [M]: 0x000000008003FF08 (0x00000537) lui a0, 0x0
x10 <- 0x0000000000000000
mem[X,0x000000008003FF0C] -> 0x0513
mem[X,0x000000008003FF0E] -> 0x0005
[10524] [M]: 0x000000008003FF0C (0x00050513) addi a0, a0, 0x0
x10 <- 0x0000000000000000
mem[X,0x000000008003FF10] -> 0x1513
mem[X,0x000000008003FF12] -> 0x00B5
[10525] [M]: 0x000000008003FF10 (0x00B51513) slli a0, a0, 0xb
x10 <- 0x0000000000000000
mem[X,0x000000008003FF14] -> 0x0513
mem[X,0x000000008003FF16] -> 0x5A85
[10526] [M]: 0x000000008003FF14 (0x5A850513) addi a0, a0, 0x5a8
x10 <- 0x00000000000005A8
mem[X,0x000000008003FF18] -> 0x1513
mem[X,0x000000008003FF1A] -> 0x00B5
[10527] [M]: 0x000000008003FF18 (0x00B51513) slli a0, a0, 0xb
x10 <- 0x00000000002D4000
mem[X,0x000000008003FF1C] -> 0x0513
mem[X,0x000000008003FF1E] -> 0x13C5
[10528] [M]: 0x000000008003FF1C (0x13C50513) addi a0, a0, 0x13c
x10 <- 0x00000000002D413C
mem[X,0x000000008003FF20] -> 0x1513
mem[X,0x000000008003FF22] -> 0x00A5
[10529] [M]: 0x000000008003FF20 (0x00A51513) slli a0, a0, 0xa
x10 <- 0x00000000B504F000
mem[X,0x000000008003FF24] -> 0x0513
mem[X,0x000000008003FF26] -> 0x3345
[10530] [M]: 0x000000008003FF24 (0x33450513) addi a0, a0, 0x334
x10 <- 0x00000000B504F334
mem[X,0x000000008003FF28] -> 0x65B7
mem[X,0x000000008003FF2A] -> 0x6666
[10531] [M]: 0x000000008003FF28 (0x666665B7) lui a1, 0x66666
x11 <- 0x0000000066666000
mem[X,0x000000008003FF2C] -> 0x8593
mem[X,0x000000008003FF2E] -> 0x6665
[10532] [M]: 0x000000008003FF2C (0x66658593) addi a1, a1, 0x666
x11 <- 0x0000000066666666
mem[X,0x000000008003FF30] -> 0x9593
mem[X,0x000000008003FF32] -> 0x00B5
[10533] [M]: 0x000000008003FF30 (0x00B59593) slli a1, a1, 0xb
x11 <- 0x0000033333333000
mem[X,0x000000008003FF34] -> 0x8593
mem[X,0x000000008003FF36] -> 0x3335
[10534] [M]: 0x000000008003FF34 (0x33358593) addi a1, a1, 0x333
x11 <- 0x0000033333333333
mem[X,0x000000008003FF38] -> 0x9593
mem[X,0x000000008003FF3A] -> 0x00B5
[10535] [M]: 0x000000008003FF38 (0x00B59593) slli a1, a1, 0xb
x11 <- 0x0019999999999800
mem[X,0x000000008003FF3C] -> 0x8593
mem[X,0x000000008003FF3E] -> 0x1995
[10536] [M]: 0x000000008003FF3C (0x19958593) addi a1, a1, 0x199
x11 <- 0x0019999999999999
mem[X,0x000000008003FF40] -> 0x9593
mem[X,0x000000008003FF42] -> 0x00A5
[10537] [M]: 0x000000008003FF40 (0x00A59593) slli a1, a1, 0xa
x11 <- 0x6666666666666400
mem[X,0x000000008003FF44] -> 0x8593
mem[X,0x000000008003FF46] -> 0x2665
[10538] [M]: 0x000000008003FF44 (0x26658593) addi a1, a1, 0x266
x11 <- 0x6666666666666666
mem[X,0x000000008003FF48] -> 0x0213
mem[X,0x000000008003FF4A] -> 0x0000
[10539] [M]: 0x000000008003FF48 (0x00000213) addi tp, zero, 0x0
x4 <- 0x0000000000000000
mem[X,0x000000008003FF4C] -> 0x006F
mem[X,0x000000008003FF4E] -> 0x00C0
[10540] [M]: 0x000000008003FF4C (0x00C0006F) jal zero, 0xc
mem[X,0x000000008003FF58] -> 0x0863
mem[X,0x000000008003FF5A] -> 0x00B5
[10541] [M]: 0x000000008003FF58 (0x00B50863) beq a0, a1, 0x10
mem[X,0x000000008003FF5C] -> 0x0213
mem[X,0x000000008003FF5E] -> 0x0022
[10542] [M]: 0x000000008003FF5C (0x00220213) addi tp, tp, 0x2
x4 <- 0x0000000000000002
mem[X,0x000000008003FF60] -> 0x006F
mem[X,0x000000008003FF62] -> 0x0100
[10543] [M]: 0x000000008003FF60 (0x0100006F) jal zero, 0x10
mem[X,0x000000008003FF70] -> 0x3023
mem[X,0x000000008003FF72] -> 0x3841
[10544] [M]: 0x000000008003FF70 (0x38413023) sd tp, 0x380(sp)
mem[0x0000000080049548] <- 0x0000000000000002
mem[X,0x000000008003FF74] -> 0x0537
mem[X,0x000000008003FF76] -> 0x0000
[10545] [M]: 0x000000008003FF74 (0x00000537) lui a0, 0x0
x10 <- 0x0000000000000000
mem[X,0x000000008003FF78] -> 0x0513
mem[X,0x000000008003FF7A] -> 0x0005
[10546] [M]: 0x000000008003FF78 (0x00050513) addi a0, a0, 0x0
x10 <- 0x0000000000000000
mem[X,0x000000008003FF7C] -> 0x1513
mem[X,0x000000008003FF7E] -> 0x00B5
[10547] [M]: 0x000000008003FF7C (0x00B51513) slli a0, a0, 0xb
x10 <- 0x0000000000000000
mem[X,0x000000008003FF80] -> 0x0513
mem[X,0x000000008003FF82] -> 0x5A85
[10548] [M]: 0x000000008003FF80 (0x5A850513) addi a0, a0, 0x5a8
x10 <- 0x00000000000005A8
mem[X,0x000000008003FF84] -> 0x1513
mem[X,0x000000008003FF86] -> 0x00B5
[10549] [M]: 0x000000008003FF84 (0x00B51513) slli a0, a0, 0xb
x10 <- 0x00000000002D4000
mem[X,0x000000008003FF88] -> 0x0513
mem[X,0x000000008003FF8A] -> 0x13C5
[10550] [M]: 0x000000008003FF88 (0x13C50513) addi a0, a0, 0x13c
x10 <- 0x00000000002D413C
mem[X,0x000000008003FF8C] -> 0x1513
mem[X,0x000000008003FF8E] -> 0x00A5
[10551] [M]: 0x000000008003FF8C (0x00A51513) slli a0, a0, 0xa
x10 <- 0x00000000B504F000
mem[X,0x000000008003FF90] -> 0x0513
mem[X,0x000000008003FF92] -> 0x3345
[10552] [M]: 0x000000008003FF90 (0x33450513) addi a0, a0, 0x334
x10 <- 0x00000000B504F334
mem[X,0x000000008003FF94] -> 0x05B7
mem[X,0x000000008003FF96] -> 0x0000
[10553] [M]: 0x000000008003FF94 (0x000005B7) lui a1, 0x0
x11 <- 0x0000000000000000
mem[X,0x000000008003FF98] -> 0x8593
mem[X,0x000000008003FF9A] -> 0xFFF5
[10554] [M]: 0x000000008003FF98 (0xFFF58593) addi a1, a1, -0x1
x11 <- 0xFFFFFFFFFFFFFFFF
mem[X,0x000000008003FF9C] -> 0x9593
mem[X,0x000000008003FF9E] -> 0x00B5
[10555] [M]: 0x000000008003FF9C (0x00B59593) slli a1, a1, 0xb
x11 <- 0xFFFFFFFFFFFFF800
mem[X,0x000000008003FFA0] -> 0x8593
mem[X,0x000000008003FFA2] -> 0x2575
[10556] [M]: 0x000000008003FFA0 (0x25758593) addi a1, a1, 0x257
x11 <- 0xFFFFFFFFFFFFFA57
mem[X,0x000000008003FFA4] -> 0x9593
mem[X,0x000000008003FFA6] -> 0x00B5
[10557] [M]: 0x000000008003FFA4 (0x00B59593) slli a1, a1, 0xb
x11 <- 0xFFFFFFFFFFD2B800
mem[X,0x000000008003FFA8] -> 0x8593
mem[X,0x000000008003FFAA] -> 0x6C35
[10558] [M]: 0x000000008003FFA8 (0x6C358593) addi a1, a1, 0x6c3
x11 <- 0xFFFFFFFFFFD2BEC3
mem[X,0x000000008003FFAC] -> 0x9593
mem[X,0x000000008003FFAE] -> 0x00A5
[10559] [M]: 0x000000008003FFAC (0x00A59593) slli a1, a1, 0xa
x11 <- 0xFFFFFFFF4AFB0C00
mem[X,0x000000008003FFB0] -> 0x8593
mem[X,0x000000008003FFB2] -> 0x0CD5
[10560] [M]: 0x000000008003FFB0 (0x0CD58593) addi a1, a1, 0xcd
x11 <- 0xFFFFFFFF4AFB0CCD
mem[X,0x000000008003FFB4] -> 0x0213
mem[X,0x000000008003FFB6] -> 0x0000
[10561] [M]: 0x000000008003FFB4 (0x00000213) addi tp, zero, 0x0
x4 <- 0x0000000000000000
mem[X,0x000000008003FFB8] -> 0x006F
mem[X,0x000000008003FFBA] -> 0x00C0
[10562] [M]: 0x000000008003FFB8 (0x00C0006F) jal zero, 0xc
mem[X,0x000000008003FFC4] -> 0x0663
mem[X,0x000000008003FFC6] -> 0x00B5
[10563] [M]: 0x000000008003FFC4 (0x00B50663) beq a0, a1, 0xc
mem[X,0x000000008003FFC8] -> 0x0213
mem[X,0x000000008003FFCA] -> 0x0022
[10564] [M]: 0x000000008003FFC8 (0x00220213) addi tp, tp, 0x2
x4 <- 0x0000000000000002
mem[X,0x000000008003FFCC] -> 0x006F
mem[X,0x000000008003FFCE] -> 0x00C0
[10565] [M]: 0x000000008003FFCC (0x00C0006F) jal zero, 0xc
mem[X,0x000000008003FFD8] -> 0x3423
mem[X,0x000000008003FFDA] -> 0x3841
[10566] [M]: 0x000000008003FFD8 (0x38413423) sd tp, 0x388(sp)
mem[0x0000000080049550] <- 0x0000000000000002
mem[X,0x000000008003FFDC] -> 0x0537
mem[X,0x000000008003FFDE] -> 0x0000
[10567] [M]: 0x000000008003FFDC (0x00000537) lui a0, 0x0
x10 <- 0x0000000000000000
mem[X,0x000000008003FFE0] -> 0x0513
mem[X,0x000000008003FFE2] -> 0x0005
[10568] [M]: 0x000000008003FFE0 (0x00050513) addi a0, a0, 0x0
x10 <- 0x0000000000000000
mem[X,0x000000008003FFE4] -> 0x1513
mem[X,0x000000008003FFE6] -> 0x00B5
[10569] [M]: 0x000000008003FFE4 (0x00B51513) slli a0, a0, 0xb
x10 <- 0x0000000000000000
mem[X,0x000000008003FFE8] -> 0x0513
mem[X,0x000000008003FFEA] -> 0x5A85
[10570] [M]: 0x000000008003FFE8 (0x5A850513) addi a0, a0, 0x5a8
x10 <- 0x00000000000005A8
mem[X,0x000000008003FFEC] -> 0x1513
mem[X,0x000000008003FFEE] -> 0x00B5
[10571] [M]: 0x000000008003FFEC (0x00B51513) slli a0, a0, 0xb
x10 <- 0x00000000002D4000
mem[X,0x000000008003FFF0] -> 0x0513
mem[X,0x000000008003FFF2] -> 0x13C5
[10572] [M]: 0x000000008003FFF0 (0x13C50513) addi a0, a0, 0x13c
x10 <- 0x00000000002D413C
mem[X,0x000000008003FFF4] -> 0x1513
mem[X,0x000000008003FFF6] -> 0x00A5
[10573] [M]: 0x000000008003FFF4 (0x00A51513) slli a0, a0, 0xa
x10 <- 0x00000000B504F000
mem[X,0x000000008003FFF8] -> 0x0513
mem[X,0x000000008003FFFA] -> 0x3345
[10574] [M]: 0x000000008003FFF8 (0x33450513) addi a0, a0, 0x334
x10 <- 0x00000000B504F334
mem[X,0x000000008003FFFC] -> 0x05B7
mem[X,0x000000008003FFFE] -> 0x0000
[10575] [M]: 0x000000008003FFFC (0x000005B7) lui a1, 0x0
x11 <- 0x0000000000000000
mem[X,0x0000000080040000] -> 0x8593
mem[X,0x0000000080040002] -> 0x0005
[10576] [M]: 0x0000000080040000 (0x00058593) addi a1, a1, 0x0
x11 <- 0x0000000000000000
mem[X,0x0000000080040004] -> 0x9593
mem[X,0x0000000080040006] -> 0x00B5
[10577] [M]: 0x0000000080040004 (0x00B59593) slli a1, a1, 0xb
x11 <- 0x0000000000000000
mem[X,0x0000000080040008] -> 0x8593
mem[X,0x000000008004000A] -> 0x5A85
[10578] [M]: 0x0000000080040008 (0x5A858593) addi a1, a1, 0x5a8
x11 <- 0x00000000000005A8
mem[X,0x000000008004000C] -> 0x9593
mem[X,0x000000008004000E] -> 0x00B5
[10579] [M]: 0x000000008004000C (0x00B59593) slli a1, a1, 0xb
x11 <- 0x00000000002D4000
mem[X,0x0000000080040010] -> 0x8593
mem[X,0x0000000080040012] -> 0x13C5
[10580] [M]: 0x0000000080040010 (0x13C58593) addi a1, a1, 0x13c
x11 <- 0x00000000002D413C
mem[X,0x0000000080040014] -> 0x9593
mem[X,0x0000000080040016] -> 0x00A5
[10581] [M]: 0x0000000080040014 (0x00A59593) slli a1, a1, 0xa
x11 <- 0x00000000B504F000
mem[X,0x0000000080040018] -> 0x8593
mem[X,0x000000008004001A] -> 0x3335
[10582] [M]: 0x0000000080040018 (0x33358593) addi a1, a1, 0x333
x11 <- 0x00000000B504F333
mem[X,0x000000008004001C] -> 0x0213
mem[X,0x000000008004001E] -> 0x0000
[10583] [M]: 0x000000008004001C (0x00000213) addi tp, zero, 0x0
x4 <- 0x0000000000000000
mem[X,0x0000000080040020] -> 0x006F
mem[X,0x0000000080040022] -> 0x2B10
[10584] [M]: 0x0000000080040020 (0x2B10006F) jal zero, 0xab0
mem[X,0x0000000080040AD0] -> 0x0A63
mem[X,0x0000000080040AD2] -> 0xD4B5
[10585] [M]: 0x0000000080040AD0 (0xD4B50A63) beq a0, a1, -0xaac
mem[X,0x0000000080040AD4] -> 0x0213
mem[X,0x0000000080040AD6] -> 0x0022
[10586] [M]: 0x0000000080040AD4 (0x00220213) addi tp, tp, 0x2
x4 <- 0x0000000000000002
mem[X,0x0000000080040AD8] -> 0x006F
mem[X,0x0000000080040ADA] -> 0x00C0
[10587] [M]: 0x0000000080040AD8 (0x00C0006F) jal zero, 0xc
mem[X,0x0000000080040AE4] -> 0x3823
mem[X,0x0000000080040AE6] -> 0x3841
[10588] [M]: 0x0000000080040AE4 (0x38413823) sd tp, 0x390(sp)
mem[0x0000000080049558] <- 0x0000000000000002
mem[X,0x0000000080040AE8] -> 0x0537
mem[X,0x0000000080040AEA] -> 0x0000
[10589] [M]: 0x0000000080040AE8 (0x00000537) lui a0, 0x0
x10 <- 0x0000000000000000
mem[X,0x0000000080040AEC] -> 0x0513
mem[X,0x0000000080040AEE] -> 0x0005
[10590] [M]: 0x0000000080040AEC (0x00050513) addi a0, a0, 0x0
x10 <- 0x0000000000000000
mem[X,0x0000000080040AF0] -> 0x1513
mem[X,0x0000000080040AF2] -> 0x00B5
[10591] [M]: 0x0000000080040AF0 (0x00B51513) slli a0, a0, 0xb
x10 <- 0x0000000000000000
mem[X,0x0000000080040AF4] -> 0x0513
mem[X,0x0000000080040AF6] -> 0x5A85
[10592] [M]: 0x0000000080040AF4 (0x5A850513) addi a0, a0, 0x5a8
x10 <- 0x00000000000005A8
mem[X,0x0000000080040AF8] -> 0x1513
mem[X,0x0000000080040AFA] -> 0x00B5
[10593] [M]: 0x0000000080040AF8 (0x00B51513) slli a0, a0, 0xb
x10 <- 0x00000000002D4000
mem[X,0x0000000080040AFC] -> 0x0513
mem[X,0x0000000080040AFE] -> 0x13C5
[10594] [M]: 0x0000000080040AFC (0x13C50513) addi a0, a0, 0x13c
x10 <- 0x00000000002D413C
mem[X,0x0000000080040B00] -> 0x1513
mem[X,0x0000000080040B02] -> 0x00A5
[10595] [M]: 0x0000000080040B00 (0x00A51513) slli a0, a0, 0xa
x10 <- 0x00000000B504F000
mem[X,0x0000000080040B04] -> 0x0513
mem[X,0x0000000080040B06] -> 0x3345
[10596] [M]: 0x0000000080040B04 (0x33450513) addi a0, a0, 0x334
x10 <- 0x00000000B504F334
mem[X,0x0000000080040B08] -> 0x0593
mem[X,0x0000000080040B0A] -> 0x0020
[10597] [M]: 0x0000000080040B08 (0x00200593) addi a1, zero, 0x2
x11 <- 0x0000000000000002
mem[X,0x0000000080040B0C] -> 0x0213
mem[X,0x0000000080040B0E] -> 0x0000
[10598] [M]: 0x0000000080040B0C (0x00000213) addi tp, zero, 0x0
x4 <- 0x0000000000000000
mem[X,0x0000000080040B10] -> 0x006F
mem[X,0x0000000080040B12] -> 0x00C0
[10599] [M]: 0x0000000080040B10 (0x00C0006F) jal zero, 0xc
clint::tick mtime <- 0x000000000000006A
 clint timer pending at mtime 0x000000000000006A
htif::tick 0x0000000000000000
mem[X,0x0000000080040B1C] -> 0x0063
mem[X,0x0000000080040B1E] -> 0x08B5
[10600] [M]: 0x0000000080040B1C (0x08B50063) beq a0, a1, 0x80
mem[X,0x0000000080040B20] -> 0x0213
mem[X,0x0000000080040B22] -> 0x0022
[10601] [M]: 0x0000000080040B20 (0x00220213) addi tp, tp, 0x2
x4 <- 0x0000000000000002
mem[X,0x0000000080040B24] -> 0x006F
mem[X,0x0000000080040B26] -> 0x0800
[10602] [M]: 0x0000000080040B24 (0x0800006F) jal zero, 0x80
mem[X,0x0000000080040BA4] -> 0x3C23
mem[X,0x0000000080040BA6] -> 0x3841
[10603] [M]: 0x0000000080040BA4 (0x38413C23) sd tp, 0x398(sp)
mem[0x0000000080049560] <- 0x0000000000000002
mem[X,0x0000000080040BA8] -> 0x0537
mem[X,0x0000000080040BAA] -> 0x0000
[10604] [M]: 0x0000000080040BA8 (0x00000537) lui a0, 0x0
x10 <- 0x0000000000000000
mem[X,0x0000000080040BAC] -> 0x0513
mem[X,0x0000000080040BAE] -> 0x0005
[10605] [M]: 0x0000000080040BAC (0x00050513) addi a0, a0, 0x0
x10 <- 0x0000000000000000
mem[X,0x0000000080040BB0] -> 0x1513
mem[X,0x0000000080040BB2] -> 0x00B5
[10606] [M]: 0x0000000080040BB0 (0x00B51513) slli a0, a0, 0xb
x10 <- 0x0000000000000000
mem[X,0x0000000080040BB4] -> 0x0513
mem[X,0x0000000080040BB6] -> 0x5A85
[10607] [M]: 0x0000000080040BB4 (0x5A850513) addi a0, a0, 0x5a8
x10 <- 0x00000000000005A8
mem[X,0x0000000080040BB8] -> 0x1513
mem[X,0x0000000080040BBA] -> 0x00B5
[10608] [M]: 0x0000000080040BB8 (0x00B51513) slli a0, a0, 0xb
x10 <- 0x00000000002D4000
mem[X,0x0000000080040BBC] -> 0x0513
mem[X,0x0000000080040BBE] -> 0x13C5
[10609] [M]: 0x0000000080040BBC (0x13C50513) addi a0, a0, 0x13c
x10 <- 0x00000000002D413C
mem[X,0x0000000080040BC0] -> 0x1513
mem[X,0x0000000080040BC2] -> 0x00A5
[10610] [M]: 0x0000000080040BC0 (0x00A51513) slli a0, a0, 0xa
x10 <- 0x00000000B504F000
mem[X,0x0000000080040BC4] -> 0x0513
mem[X,0x0000000080040BC6] -> 0x3345
[10611] [M]: 0x0000000080040BC4 (0x33450513) addi a0, a0, 0x334
x10 <- 0x00000000B504F334
mem[X,0x0000000080040BC8] -> 0x55B7
mem[X,0x0000000080040BCA] -> 0x5555
[10612] [M]: 0x0000000080040BC8 (0x555555B7) lui a1, 0x55555
x11 <- 0x0000000055555000
mem[X,0x0000000080040BCC] -> 0x8593
mem[X,0x0000000080040BCE] -> 0x5555
[10613] [M]: 0x0000000080040BCC (0x55558593) addi a1, a1, 0x555
x11 <- 0x0000000055555555
mem[X,0x0000000080040BD0] -> 0x9593
mem[X,0x0000000080040BD2] -> 0x00B5
[10614] [M]: 0x0000000080040BD0 (0x00B59593) slli a1, a1, 0xb
x11 <- 0x000002AAAAAAA800
mem[X,0x0000000080040BD4] -> 0x8593
mem[X,0x0000000080040BD6] -> 0x2AA5
[10615] [M]: 0x0000000080040BD4 (0x2AA58593) addi a1, a1, 0x2aa
x11 <- 0x000002AAAAAAAAAA
mem[X,0x0000000080040BD8] -> 0x9593
mem[X,0x0000000080040BDA] -> 0x00B5
[10616] [M]: 0x0000000080040BD8 (0x00B59593) slli a1, a1, 0xb
x11 <- 0x0015555555555000
mem[X,0x0000000080040BDC] -> 0x8593
mem[X,0x0000000080040BDE] -> 0x5555
[10617] [M]: 0x0000000080040BDC (0x55558593) addi a1, a1, 0x555
x11 <- 0x0015555555555555
mem[X,0x0000000080040BE0] -> 0x9593
mem[X,0x0000000080040BE2] -> 0x00A5
[10618] [M]: 0x0000000080040BE0 (0x00A59593) slli a1, a1, 0xa
x11 <- 0x5555555555555400
mem[X,0x0000000080040BE4] -> 0x8593
mem[X,0x0000000080040BE6] -> 0x1545
[10619] [M]: 0x0000000080040BE4 (0x15458593) addi a1, a1, 0x154
x11 <- 0x5555555555555554
mem[X,0x0000000080040BE8] -> 0x0213
mem[X,0x0000000080040BEA] -> 0x0000
[10620] [M]: 0x0000000080040BE8 (0x00000213) addi tp, zero, 0x0
x4 <- 0x0000000000000000
mem[X,0x0000000080040BEC] -> 0x006F
mem[X,0x0000000080040BEE] -> 0x00C0
[10621] [M]: 0x0000000080040BEC (0x00C0006F) jal zero, 0xc
mem[X,0x0000000080040BF8] -> 0x0CE3
mem[X,0x0000000080040BFA] -> 0xFEB5
[10622] [M]: 0x0000000080040BF8 (0xFEB50CE3) beq a0, a1, -0x8
mem[X,0x0000000080040BFC] -> 0x0213
mem[X,0x0000000080040BFE] -> 0x0022
[10623] [M]: 0x0000000080040BFC (0x00220213) addi tp, tp, 0x2
x4 <- 0x0000000000000002
mem[X,0x0000000080040C00] -> 0x006F
mem[X,0x0000000080040C02] -> 0x00C0
[10624] [M]: 0x0000000080040C00 (0x00C0006F) jal zero, 0xc
mem[X,0x0000000080040C0C] -> 0x3023
mem[X,0x0000000080040C0E] -> 0x3A41
[10625] [M]: 0x0000000080040C0C (0x3A413023) sd tp, 0x3a0(sp)
mem[0x0000000080049568] <- 0x0000000000000002
mem[X,0x0000000080040C10] -> 0x0537
mem[X,0x0000000080040C12] -> 0x0000
[10626] [M]: 0x0000000080040C10 (0x00000537) lui a0, 0x0
x10 <- 0x0000000000000000
mem[X,0x0000000080040C14] -> 0x0513
mem[X,0x0000000080040C16] -> 0x0005
[10627] [M]: 0x0000000080040C14 (0x00050513) addi a0, a0, 0x0
x10 <- 0x0000000000000000
mem[X,0x0000000080040C18] -> 0x1513
mem[X,0x0000000080040C1A] -> 0x00B5
[10628] [M]: 0x0000000080040C18 (0x00B51513) slli a0, a0, 0xb
x10 <- 0x0000000000000000
mem[X,0x0000000080040C1C] -> 0x0513
mem[X,0x0000000080040C1E] -> 0x5A85
[10629] [M]: 0x0000000080040C1C (0x5A850513) addi a0, a0, 0x5a8
x10 <- 0x00000000000005A8
mem[X,0x0000000080040C20] -> 0x1513
mem[X,0x0000000080040C22] -> 0x00B5
[10630] [M]: 0x0000000080040C20 (0x00B51513) slli a0, a0, 0xb
x10 <- 0x00000000002D4000
mem[X,0x0000000080040C24] -> 0x0513
mem[X,0x0000000080040C26] -> 0x13C5
[10631] [M]: 0x0000000080040C24 (0x13C50513) addi a0, a0, 0x13c
x10 <- 0x00000000002D413C
mem[X,0x0000000080040C28] -> 0x1513
mem[X,0x0000000080040C2A] -> 0x00A5
[10632] [M]: 0x0000000080040C28 (0x00A51513) slli a0, a0, 0xa
x10 <- 0x00000000B504F000
mem[X,0x0000000080040C2C] -> 0x0513
mem[X,0x0000000080040C2E] -> 0x3345
[10633] [M]: 0x0000000080040C2C (0x33450513) addi a0, a0, 0x334
x10 <- 0x00000000B504F334
mem[X,0x0000000080040C30] -> 0x0593
mem[X,0x0000000080040C32] -> 0x0000
[10634] [M]: 0x0000000080040C30 (0x00000593) addi a1, zero, 0x0
x11 <- 0x0000000000000000
mem[X,0x0000000080040C34] -> 0x0213
mem[X,0x0000000080040C36] -> 0x0000
[10635] [M]: 0x0000000080040C34 (0x00000213) addi tp, zero, 0x0
x4 <- 0x0000000000000000
mem[X,0x0000000080040C38] -> 0x006F
mem[X,0x0000000080040C3A] -> 0x00C0
[10636] [M]: 0x0000000080040C38 (0x00C0006F) jal zero, 0xc
mem[X,0x0000000080040C44] -> 0x0063
mem[X,0x0000000080040C46] -> 0x10B5
[10637] [M]: 0x0000000080040C44 (0x10B50063) beq a0, a1, 0x100
mem[X,0x0000000080040C48] -> 0x0213
mem[X,0x0000000080040C4A] -> 0x0022
[10638] [M]: 0x0000000080040C48 (0x00220213) addi tp, tp, 0x2
x4 <- 0x0000000000000002
mem[X,0x0000000080040C4C] -> 0x006F
mem[X,0x0000000080040C4E] -> 0x1000
[10639] [M]: 0x0000000080040C4C (0x1000006F) jal zero, 0x100
mem[X,0x0000000080040D4C] -> 0x3423
mem[X,0x0000000080040D4E] -> 0x3A41
[10640] [M]: 0x0000000080040D4C (0x3A413423) sd tp, 0x3a8(sp)
mem[0x0000000080049570] <- 0x0000000000000002
mem[X,0x0000000080040D50] -> 0x0537
mem[X,0x0000000080040D52] -> 0x0000
[10641] [M]: 0x0000000080040D50 (0x00000537) lui a0, 0x0
x10 <- 0x0000000000000000
mem[X,0x0000000080040D54] -> 0x0513
mem[X,0x0000000080040D56] -> 0x0005
[10642] [M]: 0x0000000080040D54 (0x00050513) addi a0, a0, 0x0
x10 <- 0x0000000000000000
mem[X,0x0000000080040D58] -> 0x1513
mem[X,0x0000000080040D5A] -> 0x00B5
[10643] [M]: 0x0000000080040D58 (0x00B51513) slli a0, a0, 0xb
x10 <- 0x0000000000000000
mem[X,0x0000000080040D5C] -> 0x0513
mem[X,0x0000000080040D5E] -> 0x5A85
[10644] [M]: 0x0000000080040D5C (0x5A850513) addi a0, a0, 0x5a8
x10 <- 0x00000000000005A8
mem[X,0x0000000080040D60] -> 0x1513
mem[X,0x0000000080040D62] -> 0x00B5
[10645] [M]: 0x0000000080040D60 (0x00B51513) slli a0, a0, 0xb
x10 <- 0x00000000002D4000
mem[X,0x0000000080040D64] -> 0x0513
mem[X,0x0000000080040D66] -> 0x13C5
[10646] [M]: 0x0000000080040D64 (0x13C50513) addi a0, a0, 0x13c
x10 <- 0x00000000002D413C
mem[X,0x0000000080040D68] -> 0x1513
mem[X,0x0000000080040D6A] -> 0x00A5
[10647] [M]: 0x0000000080040D68 (0x00A51513) slli a0, a0, 0xa
x10 <- 0x00000000B504F000
mem[X,0x0000000080040D6C] -> 0x0513
mem[X,0x0000000080040D6E] -> 0x3345
[10648] [M]: 0x0000000080040D6C (0x33450513) addi a0, a0, 0x334
x10 <- 0x00000000B504F334
mem[X,0x0000000080040D70] -> 0x0593
mem[X,0x0000000080040D72] -> 0x0040
[10649] [M]: 0x0000000080040D70 (0x00400593) addi a1, zero, 0x4
x11 <- 0x0000000000000004
mem[X,0x0000000080040D74] -> 0x0213
mem[X,0x0000000080040D76] -> 0x0000
[10650] [M]: 0x0000000080040D74 (0x00000213) addi tp, zero, 0x0
x4 <- 0x0000000000000000
mem[X,0x0000000080040D78] -> 0x006F
mem[X,0x0000000080040D7A] -> 0x2B10
[10651] [M]: 0x0000000080040D78 (0x2B10006F) jal zero, 0xab0
mem[X,0x0000000080041828] -> 0x0A63
mem[X,0x000000008004182A] -> 0xD4B5
[10652] [M]: 0x0000000080041828 (0xD4B50A63) beq a0, a1, -0xaac
mem[X,0x000000008004182C] -> 0x0213
mem[X,0x000000008004182E] -> 0x0022
[10653] [M]: 0x000000008004182C (0x00220213) addi tp, tp, 0x2
x4 <- 0x0000000000000002
mem[X,0x0000000080041830] -> 0x006F
mem[X,0x0000000080041832] -> 0x00C0
[10654] [M]: 0x0000000080041830 (0x00C0006F) jal zero, 0xc
mem[X,0x000000008004183C] -> 0x3823
mem[X,0x000000008004183E] -> 0x3A41
[10655] [M]: 0x000000008004183C (0x3A413823) sd tp, 0x3b0(sp)
mem[0x0000000080049578] <- 0x0000000000000002
mem[X,0x0000000080041840] -> 0x0537
mem[X,0x0000000080041842] -> 0x0000
[10656] [M]: 0x0000000080041840 (0x00000537) lui a0, 0x0
x10 <- 0x0000000000000000
mem[X,0x0000000080041844] -> 0x0513
mem[X,0x0000000080041846] -> 0x0005
[10657] [M]: 0x0000000080041844 (0x00050513) addi a0, a0, 0x0
x10 <- 0x0000000000000000
mem[X,0x0000000080041848] -> 0x1513
mem[X,0x000000008004184A] -> 0x00B5
[10658] [M]: 0x0000000080041848 (0x00B51513) slli a0, a0, 0xb
x10 <- 0x0000000000000000
mem[X,0x000000008004184C] -> 0x0513
mem[X,0x000000008004184E] -> 0x5A85
[10659] [M]: 0x000000008004184C (0x5A850513) addi a0, a0, 0x5a8
x10 <- 0x00000000000005A8
mem[X,0x0000000080041850] -> 0x1513
mem[X,0x0000000080041852] -> 0x00B5
[10660] [M]: 0x0000000080041850 (0x00B51513) slli a0, a0, 0xb
x10 <- 0x00000000002D4000
mem[X,0x0000000080041854] -> 0x0513
mem[X,0x0000000080041856] -> 0x13C5
[10661] [M]: 0x0000000080041854 (0x13C50513) addi a0, a0, 0x13c
x10 <- 0x00000000002D413C
mem[X,0x0000000080041858] -> 0x1513
mem[X,0x000000008004185A] -> 0x00A5
[10662] [M]: 0x0000000080041858 (0x00A51513) slli a0, a0, 0xa
x10 <- 0x00000000B504F000
mem[X,0x000000008004185C] -> 0x0513
mem[X,0x000000008004185E] -> 0x3345
[10663] [M]: 0x000000008004185C (0x33450513) addi a0, a0, 0x334
x10 <- 0x00000000B504F334
mem[X,0x0000000080041860] -> 0x35B7
mem[X,0x0000000080041862] -> 0x3333
[10664] [M]: 0x0000000080041860 (0x333335B7) lui a1, 0x33333
x11 <- 0x0000000033333000
mem[X,0x0000000080041864] -> 0x8593
mem[X,0x0000000080041866] -> 0x3335
[10665] [M]: 0x0000000080041864 (0x33358593) addi a1, a1, 0x333
x11 <- 0x0000000033333333
mem[X,0x0000000080041868] -> 0x9593
mem[X,0x000000008004186A] -> 0x00B5
[10666] [M]: 0x0000000080041868 (0x00B59593) slli a1, a1, 0xb
x11 <- 0x0000019999999800
mem[X,0x000000008004186C] -> 0x8593
mem[X,0x000000008004186E] -> 0x1995
[10667] [M]: 0x000000008004186C (0x19958593) addi a1, a1, 0x199
x11 <- 0x0000019999999999
mem[X,0x0000000080041870] -> 0x9593
mem[X,0x0000000080041872] -> 0x00B5
[10668] [M]: 0x0000000080041870 (0x00B59593) slli a1, a1, 0xb
x11 <- 0x000CCCCCCCCCC800
mem[X,0x0000000080041874] -> 0x8593
mem[X,0x0000000080041876] -> 0x4CC5
[10669] [M]: 0x0000000080041874 (0x4CC58593) addi a1, a1, 0x4cc
x11 <- 0x000CCCCCCCCCCCCC
mem[X,0x0000000080041878] -> 0x9593
mem[X,0x000000008004187A] -> 0x00A5
[10670] [M]: 0x0000000080041878 (0x00A59593) slli a1, a1, 0xa
x11 <- 0x3333333333333000
mem[X,0x000000008004187C] -> 0x8593
mem[X,0x000000008004187E] -> 0x3325
[10671] [M]: 0x000000008004187C (0x33258593) addi a1, a1, 0x332
x11 <- 0x3333333333333332
mem[X,0x0000000080041880] -> 0x0213
mem[X,0x0000000080041882] -> 0x0000
[10672] [M]: 0x0000000080041880 (0x00000213) addi tp, zero, 0x0
x4 <- 0x0000000000000000
mem[X,0x0000000080041884] -> 0x006F
mem[X,0x0000000080041886] -> 0x0050
[10673] [M]: 0x0000000080041884 (0x0050006F) jal zero, 0x804
mem[X,0x0000000080042088] -> 0x00E3
mem[X,0x000000008004208A] -> 0x80B5
[10674] [M]: 0x0000000080042088 (0x80B500E3) beq a0, a1, -0x800
mem[X,0x000000008004208C] -> 0x0213
mem[X,0x000000008004208E] -> 0x0022
[10675] [M]: 0x000000008004208C (0x00220213) addi tp, tp, 0x2
x4 <- 0x0000000000000002
mem[X,0x0000000080042090] -> 0x006F
mem[X,0x0000000080042092] -> 0x00C0
[10676] [M]: 0x0000000080042090 (0x00C0006F) jal zero, 0xc
mem[X,0x000000008004209C] -> 0x3C23
mem[X,0x000000008004209E] -> 0x3A41
[10677] [M]: 0x000000008004209C (0x3A413C23) sd tp, 0x3b8(sp)
mem[0x0000000080049580] <- 0x0000000000000002
mem[X,0x00000000800420A0] -> 0x0537
mem[X,0x00000000800420A2] -> 0x0000
[10678] [M]: 0x00000000800420A0 (0x00000537) lui a0, 0x0
x10 <- 0x0000000000000000
mem[X,0x00000000800420A4] -> 0x0513
mem[X,0x00000000800420A6] -> 0x0005
[10679] [M]: 0x00000000800420A4 (0x00050513) addi a0, a0, 0x0
x10 <- 0x0000000000000000
mem[X,0x00000000800420A8] -> 0x1513
mem[X,0x00000000800420AA] -> 0x00B5
[10680] [M]: 0x00000000800420A8 (0x00B51513) slli a0, a0, 0xb
x10 <- 0x0000000000000000
mem[X,0x00000000800420AC] -> 0x0513
mem[X,0x00000000800420AE] -> 0x5A85
[10681] [M]: 0x00000000800420AC (0x5A850513) addi a0, a0, 0x5a8
x10 <- 0x00000000000005A8
mem[X,0x00000000800420B0] -> 0x1513
mem[X,0x00000000800420B2] -> 0x00B5
[10682] [M]: 0x00000000800420B0 (0x00B51513) slli a0, a0, 0xb
x10 <- 0x00000000002D4000
mem[X,0x00000000800420B4] -> 0x0513
mem[X,0x00000000800420B6] -> 0x13C5
[10683] [M]: 0x00000000800420B4 (0x13C50513) addi a0, a0, 0x13c
x10 <- 0x00000000002D413C
mem[X,0x00000000800420B8] -> 0x1513
mem[X,0x00000000800420BA] -> 0x00A5
[10684] [M]: 0x00000000800420B8 (0x00A51513) slli a0, a0, 0xa
x10 <- 0x00000000B504F000
mem[X,0x00000000800420BC] -> 0x0513
mem[X,0x00000000800420BE] -> 0x3345
[10685] [M]: 0x00000000800420BC (0x33450513) addi a0, a0, 0x334
x10 <- 0x00000000B504F334
mem[X,0x00000000800420C0] -> 0x65B7
mem[X,0x00000000800420C2] -> 0x6666
[10686] [M]: 0x00000000800420C0 (0x666665B7) lui a1, 0x66666
x11 <- 0x0000000066666000
mem[X,0x00000000800420C4] -> 0x8593
mem[X,0x00000000800420C6] -> 0x6665
[10687] [M]: 0x00000000800420C4 (0x66658593) addi a1, a1, 0x666
x11 <- 0x0000000066666666
mem[X,0x00000000800420C8] -> 0x9593
mem[X,0x00000000800420CA] -> 0x00B5
[10688] [M]: 0x00000000800420C8 (0x00B59593) slli a1, a1, 0xb
x11 <- 0x0000033333333000
mem[X,0x00000000800420CC] -> 0x8593
mem[X,0x00000000800420CE] -> 0x3335
[10689] [M]: 0x00000000800420CC (0x33358593) addi a1, a1, 0x333
x11 <- 0x0000033333333333
mem[X,0x00000000800420D0] -> 0x9593
mem[X,0x00000000800420D2] -> 0x00B5
[10690] [M]: 0x00000000800420D0 (0x00B59593) slli a1, a1, 0xb
x11 <- 0x0019999999999800
mem[X,0x00000000800420D4] -> 0x8593
mem[X,0x00000000800420D6] -> 0x1995
[10691] [M]: 0x00000000800420D4 (0x19958593) addi a1, a1, 0x199
x11 <- 0x0019999999999999
mem[X,0x00000000800420D8] -> 0x9593
mem[X,0x00000000800420DA] -> 0x00A5
[10692] [M]: 0x00000000800420D8 (0x00A59593) slli a1, a1, 0xa
x11 <- 0x6666666666666400
mem[X,0x00000000800420DC] -> 0x8593
mem[X,0x00000000800420DE] -> 0x2655
[10693] [M]: 0x00000000800420DC (0x26558593) addi a1, a1, 0x265
x11 <- 0x6666666666666665
mem[X,0x00000000800420E0] -> 0x0213
mem[X,0x00000000800420E2] -> 0x0000
[10694] [M]: 0x00000000800420E0 (0x00000213) addi tp, zero, 0x0
x4 <- 0x0000000000000000
mem[X,0x00000000800420E4] -> 0x006F
mem[X,0x00000000800420E6] -> 0x00C0
[10695] [M]: 0x00000000800420E4 (0x00C0006F) jal zero, 0xc
mem[X,0x00000000800420F0] -> 0x0663
mem[X,0x00000000800420F2] -> 0x00B5
[10696] [M]: 0x00000000800420F0 (0x00B50663) beq a0, a1, 0xc
mem[X,0x00000000800420F4] -> 0x0213
mem[X,0x00000000800420F6] -> 0x0022
[10697] [M]: 0x00000000800420F4 (0x00220213) addi tp, tp, 0x2
x4 <- 0x0000000000000002
mem[X,0x00000000800420F8] -> 0x006F
mem[X,0x00000000800420FA] -> 0x00C0
[10698] [M]: 0x00000000800420F8 (0x00C0006F) jal zero, 0xc
mem[X,0x0000000080042104] -> 0x3023
mem[X,0x0000000080042106] -> 0x3C41
[10699] [M]: 0x0000000080042104 (0x3C413023) sd tp, 0x3c0(sp)
mem[0x0000000080049588] <- 0x0000000000000002
clint::tick mtime <- 0x000000000000006B
 clint timer pending at mtime 0x000000000000006B
htif::tick 0x0000000000000000
mem[X,0x0000000080042108] -> 0x0537
mem[X,0x000000008004210A] -> 0x0000
[10700] [M]: 0x0000000080042108 (0x00000537) lui a0, 0x0
x10 <- 0x0000000000000000
mem[X,0x000000008004210C] -> 0x0513
mem[X,0x000000008004210E] -> 0x0005
[10701] [M]: 0x000000008004210C (0x00050513) addi a0, a0, 0x0
x10 <- 0x0000000000000000
mem[X,0x0000000080042110] -> 0x1513
mem[X,0x0000000080042112] -> 0x00B5
[10702] [M]: 0x0000000080042110 (0x00B51513) slli a0, a0, 0xb
x10 <- 0x0000000000000000
mem[X,0x0000000080042114] -> 0x0513
mem[X,0x0000000080042116] -> 0x5A85
[10703] [M]: 0x0000000080042114 (0x5A850513) addi a0, a0, 0x5a8
x10 <- 0x00000000000005A8
mem[X,0x0000000080042118] -> 0x1513
mem[X,0x000000008004211A] -> 0x00B5
[10704] [M]: 0x0000000080042118 (0x00B51513) slli a0, a0, 0xb
x10 <- 0x00000000002D4000
mem[X,0x000000008004211C] -> 0x0513
mem[X,0x000000008004211E] -> 0x13C5
[10705] [M]: 0x000000008004211C (0x13C50513) addi a0, a0, 0x13c
x10 <- 0x00000000002D413C
mem[X,0x0000000080042120] -> 0x1513
mem[X,0x0000000080042122] -> 0x00A5
[10706] [M]: 0x0000000080042120 (0x00A51513) slli a0, a0, 0xa
x10 <- 0x00000000B504F000
mem[X,0x0000000080042124] -> 0x0513
mem[X,0x0000000080042126] -> 0x3345
[10707] [M]: 0x0000000080042124 (0x33450513) addi a0, a0, 0x334
x10 <- 0x00000000B504F334
mem[X,0x0000000080042128] -> 0x05B7
mem[X,0x000000008004212A] -> 0x0000
[10708] [M]: 0x0000000080042128 (0x000005B7) lui a1, 0x0
x11 <- 0x0000000000000000
mem[X,0x000000008004212C] -> 0x8593
mem[X,0x000000008004212E] -> 0x0005
[10709] [M]: 0x000000008004212C (0x00058593) addi a1, a1, 0x0
x11 <- 0x0000000000000000
mem[X,0x0000000080042130] -> 0x9593
mem[X,0x0000000080042132] -> 0x00B5
[10710] [M]: 0x0000000080042130 (0x00B59593) slli a1, a1, 0xb
x11 <- 0x0000000000000000
mem[X,0x0000000080042134] -> 0x8593
mem[X,0x0000000080042136] -> 0x5A85
[10711] [M]: 0x0000000080042134 (0x5A858593) addi a1, a1, 0x5a8
x11 <- 0x00000000000005A8
mem[X,0x0000000080042138] -> 0x9593
mem[X,0x000000008004213A] -> 0x00B5
[10712] [M]: 0x0000000080042138 (0x00B59593) slli a1, a1, 0xb
x11 <- 0x00000000002D4000
mem[X,0x000000008004213C] -> 0x8593
mem[X,0x000000008004213E] -> 0x13C5
[10713] [M]: 0x000000008004213C (0x13C58593) addi a1, a1, 0x13c
x11 <- 0x00000000002D413C
mem[X,0x0000000080042140] -> 0x9593
mem[X,0x0000000080042142] -> 0x00A5
[10714] [M]: 0x0000000080042140 (0x00A59593) slli a1, a1, 0xa
x11 <- 0x00000000B504F000
mem[X,0x0000000080042144] -> 0x8593
mem[X,0x0000000080042146] -> 0x3325
[10715] [M]: 0x0000000080042144 (0x33258593) addi a1, a1, 0x332
x11 <- 0x00000000B504F332
mem[X,0x0000000080042148] -> 0x0213
mem[X,0x000000008004214A] -> 0x0000
[10716] [M]: 0x0000000080042148 (0x00000213) addi tp, zero, 0x0
x4 <- 0x0000000000000000
mem[X,0x000000008004214C] -> 0x006F
mem[X,0x000000008004214E] -> 0x00C0
[10717] [M]: 0x000000008004214C (0x00C0006F) jal zero, 0xc
mem[X,0x0000000080042158] -> 0x0063
mem[X,0x000000008004215A] -> 0x20B5
[10718] [M]: 0x0000000080042158 (0x20B50063) beq a0, a1, 0x200
mem[X,0x000000008004215C] -> 0x0213
mem[X,0x000000008004215E] -> 0x0022
[10719] [M]: 0x000000008004215C (0x00220213) addi tp, tp, 0x2
x4 <- 0x0000000000000002
mem[X,0x0000000080042160] -> 0x006F
mem[X,0x0000000080042162] -> 0x2000
[10720] [M]: 0x0000000080042160 (0x2000006F) jal zero, 0x200
mem[X,0x0000000080042360] -> 0x3423
mem[X,0x0000000080042362] -> 0x3C41
[10721] [M]: 0x0000000080042360 (0x3C413423) sd tp, 0x3c8(sp)
mem[0x0000000080049590] <- 0x0000000000000002
mem[X,0x0000000080042364] -> 0x0537
mem[X,0x0000000080042366] -> 0x0000
[10722] [M]: 0x0000000080042364 (0x00000537) lui a0, 0x0
x10 <- 0x0000000000000000
mem[X,0x0000000080042368] -> 0x0513
mem[X,0x000000008004236A] -> 0x0005
[10723] [M]: 0x0000000080042368 (0x00050513) addi a0, a0, 0x0
x10 <- 0x0000000000000000
mem[X,0x000000008004236C] -> 0x1513
mem[X,0x000000008004236E] -> 0x00B5
[10724] [M]: 0x000000008004236C (0x00B51513) slli a0, a0, 0xb
x10 <- 0x0000000000000000
mem[X,0x0000000080042370] -> 0x0513
mem[X,0x0000000080042372] -> 0x5A85
[10725] [M]: 0x0000000080042370 (0x5A850513) addi a0, a0, 0x5a8
x10 <- 0x00000000000005A8
mem[X,0x0000000080042374] -> 0x1513
mem[X,0x0000000080042376] -> 0x00B5
[10726] [M]: 0x0000000080042374 (0x00B51513) slli a0, a0, 0xb
x10 <- 0x00000000002D4000
mem[X,0x0000000080042378] -> 0x0513
mem[X,0x000000008004237A] -> 0x13C5
[10727] [M]: 0x0000000080042378 (0x13C50513) addi a0, a0, 0x13c
x10 <- 0x00000000002D413C
mem[X,0x000000008004237C] -> 0x1513
mem[X,0x000000008004237E] -> 0x00A5
[10728] [M]: 0x000000008004237C (0x00A51513) slli a0, a0, 0xa
x10 <- 0x00000000B504F000
mem[X,0x0000000080042380] -> 0x0513
mem[X,0x0000000080042382] -> 0x3345
[10729] [M]: 0x0000000080042380 (0x33450513) addi a0, a0, 0x334
x10 <- 0x00000000B504F334
mem[X,0x0000000080042384] -> 0x55B7
mem[X,0x0000000080042386] -> 0x5555
[10730] [M]: 0x0000000080042384 (0x555555B7) lui a1, 0x55555
x11 <- 0x0000000055555000
mem[X,0x0000000080042388] -> 0x8593
mem[X,0x000000008004238A] -> 0x5555
[10731] [M]: 0x0000000080042388 (0x55558593) addi a1, a1, 0x555
x11 <- 0x0000000055555555
mem[X,0x000000008004238C] -> 0x9593
mem[X,0x000000008004238E] -> 0x00B5
[10732] [M]: 0x000000008004238C (0x00B59593) slli a1, a1, 0xb
x11 <- 0x000002AAAAAAA800
mem[X,0x0000000080042390] -> 0x8593
mem[X,0x0000000080042392] -> 0x2AA5
[10733] [M]: 0x0000000080042390 (0x2AA58593) addi a1, a1, 0x2aa
x11 <- 0x000002AAAAAAAAAA
mem[X,0x0000000080042394] -> 0x9593
mem[X,0x0000000080042396] -> 0x00B5
[10734] [M]: 0x0000000080042394 (0x00B59593) slli a1, a1, 0xb
x11 <- 0x0015555555555000
mem[X,0x0000000080042398] -> 0x8593
mem[X,0x000000008004239A] -> 0x5555
[10735] [M]: 0x0000000080042398 (0x55558593) addi a1, a1, 0x555
x11 <- 0x0015555555555555
mem[X,0x000000008004239C] -> 0x9593
mem[X,0x000000008004239E] -> 0x00A5
[10736] [M]: 0x000000008004239C (0x00A59593) slli a1, a1, 0xa
x11 <- 0x5555555555555400
mem[X,0x00000000800423A0] -> 0x8593
mem[X,0x00000000800423A2] -> 0x1565
[10737] [M]: 0x00000000800423A0 (0x15658593) addi a1, a1, 0x156
x11 <- 0x5555555555555556
mem[X,0x00000000800423A4] -> 0x0213
mem[X,0x00000000800423A6] -> 0x0000
[10738] [M]: 0x00000000800423A4 (0x00000213) addi tp, zero, 0x0
x4 <- 0x0000000000000000
mem[X,0x00000000800423A8] -> 0x006F
mem[X,0x00000000800423AA] -> 0x00C0
[10739] [M]: 0x00000000800423A8 (0x00C0006F) jal zero, 0xc
mem[X,0x00000000800423B4] -> 0x0063
mem[X,0x00000000800423B6] -> 0x10B5
[10740] [M]: 0x00000000800423B4 (0x10B50063) beq a0, a1, 0x100
mem[X,0x00000000800423B8] -> 0x0213
mem[X,0x00000000800423BA] -> 0x0022
[10741] [M]: 0x00000000800423B8 (0x00220213) addi tp, tp, 0x2
x4 <- 0x0000000000000002
mem[X,0x00000000800423BC] -> 0x006F
mem[X,0x00000000800423BE] -> 0x1000
[10742] [M]: 0x00000000800423BC (0x1000006F) jal zero, 0x100
mem[X,0x00000000800424BC] -> 0x3823
mem[X,0x00000000800424BE] -> 0x3C41
[10743] [M]: 0x00000000800424BC (0x3C413823) sd tp, 0x3d0(sp)
mem[0x0000000080049598] <- 0x0000000000000002
mem[X,0x00000000800424C0] -> 0x0537
mem[X,0x00000000800424C2] -> 0x0000
[10744] [M]: 0x00000000800424C0 (0x00000537) lui a0, 0x0
x10 <- 0x0000000000000000
mem[X,0x00000000800424C4] -> 0x0513
mem[X,0x00000000800424C6] -> 0x0005
[10745] [M]: 0x00000000800424C4 (0x00050513) addi a0, a0, 0x0
x10 <- 0x0000000000000000
mem[X,0x00000000800424C8] -> 0x1513
mem[X,0x00000000800424CA] -> 0x00B5
[10746] [M]: 0x00000000800424C8 (0x00B51513) slli a0, a0, 0xb
x10 <- 0x0000000000000000
mem[X,0x00000000800424CC] -> 0x0513
mem[X,0x00000000800424CE] -> 0x5A85
[10747] [M]: 0x00000000800424CC (0x5A850513) addi a0, a0, 0x5a8
x10 <- 0x00000000000005A8
mem[X,0x00000000800424D0] -> 0x1513
mem[X,0x00000000800424D2] -> 0x00B5
[10748] [M]: 0x00000000800424D0 (0x00B51513) slli a0, a0, 0xb
x10 <- 0x00000000002D4000
mem[X,0x00000000800424D4] -> 0x0513
mem[X,0x00000000800424D6] -> 0x13C5
[10749] [M]: 0x00000000800424D4 (0x13C50513) addi a0, a0, 0x13c
x10 <- 0x00000000002D413C
mem[X,0x00000000800424D8] -> 0x1513
mem[X,0x00000000800424DA] -> 0x00A5
[10750] [M]: 0x00000000800424D8 (0x00A51513) slli a0, a0, 0xa
x10 <- 0x00000000B504F000
mem[X,0x00000000800424DC] -> 0x0513
mem[X,0x00000000800424DE] -> 0x3345
[10751] [M]: 0x00000000800424DC (0x33450513) addi a0, a0, 0x334
x10 <- 0x00000000B504F334
mem[X,0x00000000800424E0] -> 0xB5B7
mem[X,0x00000000800424E2] -> 0xAAAA
[10752] [M]: 0x00000000800424E0 (0xAAAAB5B7) lui a1, -0x55555
x11 <- 0xFFFFFFFFAAAAB000
mem[X,0x00000000800424E4] -> 0x8593
mem[X,0x00000000800424E6] -> 0xAAA5
[10753] [M]: 0x00000000800424E4 (0xAAA58593) addi a1, a1, -0x556
x11 <- 0xFFFFFFFFAAAAAAAA
mem[X,0x00000000800424E8] -> 0x9593
mem[X,0x00000000800424EA] -> 0x00B5
[10754] [M]: 0x00000000800424E8 (0x00B59593) slli a1, a1, 0xb
x11 <- 0xFFFFFD5555555000
mem[X,0x00000000800424EC] -> 0x8593
mem[X,0x00000000800424EE] -> 0x5555
[10755] [M]: 0x00000000800424EC (0x55558593) addi a1, a1, 0x555
x11 <- 0xFFFFFD5555555555
mem[X,0x00000000800424F0] -> 0x9593
mem[X,0x00000000800424F2] -> 0x00B5
[10756] [M]: 0x00000000800424F0 (0x00B59593) slli a1, a1, 0xb
x11 <- 0xFFEAAAAAAAAAA800
mem[X,0x00000000800424F4] -> 0x8593
mem[X,0x00000000800424F6] -> 0x2AA5
[10757] [M]: 0x00000000800424F4 (0x2AA58593) addi a1, a1, 0x2aa
x11 <- 0xFFEAAAAAAAAAAAAA
mem[X,0x00000000800424F8] -> 0x9593
mem[X,0x00000000800424FA] -> 0x00A5
[10758] [M]: 0x00000000800424F8 (0x00A59593) slli a1, a1, 0xa
x11 <- 0xAAAAAAAAAAAAA800
mem[X,0x00000000800424FC] -> 0x8593
mem[X,0x00000000800424FE] -> 0x2AB5
[10759] [M]: 0x00000000800424FC (0x2AB58593) addi a1, a1, 0x2ab
x11 <- 0xAAAAAAAAAAAAAAAB
mem[X,0x0000000080042500] -> 0x0213
mem[X,0x0000000080042502] -> 0x0000
[10760] [M]: 0x0000000080042500 (0x00000213) addi tp, zero, 0x0
x4 <- 0x0000000000000000
mem[X,0x0000000080042504] -> 0x006F
mem[X,0x0000000080042506] -> 0x0100
[10761] [M]: 0x0000000080042504 (0x0100006F) jal zero, 0x10
mem[X,0x0000000080042514] -> 0x0AE3
mem[X,0x0000000080042516] -> 0xFEB5
[10762] [M]: 0x0000000080042514 (0xFEB50AE3) beq a0, a1, -0xc
mem[X,0x0000000080042518] -> 0x0213
mem[X,0x000000008004251A] -> 0x0022
[10763] [M]: 0x0000000080042518 (0x00220213) addi tp, tp, 0x2
x4 <- 0x0000000000000002
mem[X,0x000000008004251C] -> 0x006F
mem[X,0x000000008004251E] -> 0x00C0
[10764] [M]: 0x000000008004251C (0x00C0006F) jal zero, 0xc
mem[X,0x0000000080042528] -> 0x3C23
mem[X,0x000000008004252A] -> 0x3C41
[10765] [M]: 0x0000000080042528 (0x3C413C23) sd tp, 0x3d8(sp)
mem[0x00000000800495A0] <- 0x0000000000000002
mem[X,0x000000008004252C] -> 0x0537
mem[X,0x000000008004252E] -> 0x0000
[10766] [M]: 0x000000008004252C (0x00000537) lui a0, 0x0
x10 <- 0x0000000000000000
mem[X,0x0000000080042530] -> 0x0513
mem[X,0x0000000080042532] -> 0x0005
[10767] [M]: 0x0000000080042530 (0x00050513) addi a0, a0, 0x0
x10 <- 0x0000000000000000
mem[X,0x0000000080042534] -> 0x1513
mem[X,0x0000000080042536] -> 0x00B5
[10768] [M]: 0x0000000080042534 (0x00B51513) slli a0, a0, 0xb
x10 <- 0x0000000000000000
mem[X,0x0000000080042538] -> 0x0513
mem[X,0x000000008004253A] -> 0x5A85
[10769] [M]: 0x0000000080042538 (0x5A850513) addi a0, a0, 0x5a8
x10 <- 0x00000000000005A8
mem[X,0x000000008004253C] -> 0x1513
mem[X,0x000000008004253E] -> 0x00B5
[10770] [M]: 0x000000008004253C (0x00B51513) slli a0, a0, 0xb
x10 <- 0x00000000002D4000
mem[X,0x0000000080042540] -> 0x0513
mem[X,0x0000000080042542] -> 0x13C5
[10771] [M]: 0x0000000080042540 (0x13C50513) addi a0, a0, 0x13c
x10 <- 0x00000000002D413C
mem[X,0x0000000080042544] -> 0x1513
mem[X,0x0000000080042546] -> 0x00A5
[10772] [M]: 0x0000000080042544 (0x00A51513) slli a0, a0, 0xa
x10 <- 0x00000000B504F000
mem[X,0x0000000080042548] -> 0x0513
mem[X,0x000000008004254A] -> 0x3345
[10773] [M]: 0x0000000080042548 (0x33450513) addi a0, a0, 0x334
x10 <- 0x00000000B504F334
mem[X,0x000000008004254C] -> 0x0593
mem[X,0x000000008004254E] -> 0x0060
[10774] [M]: 0x000000008004254C (0x00600593) addi a1, zero, 0x6
x11 <- 0x0000000000000006
mem[X,0x0000000080042550] -> 0x0213
mem[X,0x0000000080042552] -> 0x0000
[10775] [M]: 0x0000000080042550 (0x00000213) addi tp, zero, 0x0
x4 <- 0x0000000000000000
mem[X,0x0000000080042554] -> 0x006F
mem[X,0x0000000080042556] -> 0x00C0
[10776] [M]: 0x0000000080042554 (0x00C0006F) jal zero, 0xc
mem[X,0x0000000080042560] -> 0x0CE3
mem[X,0x0000000080042562] -> 0xFEB5
[10777] [M]: 0x0000000080042560 (0xFEB50CE3) beq a0, a1, -0x8
mem[X,0x0000000080042564] -> 0x0213
mem[X,0x0000000080042566] -> 0x0022
[10778] [M]: 0x0000000080042564 (0x00220213) addi tp, tp, 0x2
x4 <- 0x0000000000000002
mem[X,0x0000000080042568] -> 0x006F
mem[X,0x000000008004256A] -> 0x00C0
[10779] [M]: 0x0000000080042568 (0x00C0006F) jal zero, 0xc
mem[X,0x0000000080042574] -> 0x3023
mem[X,0x0000000080042576] -> 0x3E41
[10780] [M]: 0x0000000080042574 (0x3E413023) sd tp, 0x3e0(sp)
mem[0x00000000800495A8] <- 0x0000000000000002
mem[X,0x0000000080042578] -> 0x0537
mem[X,0x000000008004257A] -> 0x0000
[10781] [M]: 0x0000000080042578 (0x00000537) lui a0, 0x0
x10 <- 0x0000000000000000
mem[X,0x000000008004257C] -> 0x0513
mem[X,0x000000008004257E] -> 0x0005
[10782] [M]: 0x000000008004257C (0x00050513) addi a0, a0, 0x0
x10 <- 0x0000000000000000
mem[X,0x0000000080042580] -> 0x1513
mem[X,0x0000000080042582] -> 0x00B5
[10783] [M]: 0x0000000080042580 (0x00B51513) slli a0, a0, 0xb
x10 <- 0x0000000000000000
mem[X,0x0000000080042584] -> 0x0513
mem[X,0x0000000080042586] -> 0x5A85
[10784] [M]: 0x0000000080042584 (0x5A850513) addi a0, a0, 0x5a8
x10 <- 0x00000000000005A8
mem[X,0x0000000080042588] -> 0x1513
mem[X,0x000000008004258A] -> 0x00B5
[10785] [M]: 0x0000000080042588 (0x00B51513) slli a0, a0, 0xb
x10 <- 0x00000000002D4000
mem[X,0x000000008004258C] -> 0x0513
mem[X,0x000000008004258E] -> 0x13C5
[10786] [M]: 0x000000008004258C (0x13C50513) addi a0, a0, 0x13c
x10 <- 0x00000000002D413C
mem[X,0x0000000080042590] -> 0x1513
mem[X,0x0000000080042592] -> 0x00A5
[10787] [M]: 0x0000000080042590 (0x00A51513) slli a0, a0, 0xa
x10 <- 0x00000000B504F000
mem[X,0x0000000080042594] -> 0x0513
mem[X,0x0000000080042596] -> 0x3345
[10788] [M]: 0x0000000080042594 (0x33450513) addi a0, a0, 0x334
x10 <- 0x00000000B504F334
mem[X,0x0000000080042598] -> 0x35B7
mem[X,0x000000008004259A] -> 0x3333
[10789] [M]: 0x0000000080042598 (0x333335B7) lui a1, 0x33333
x11 <- 0x0000000033333000
mem[X,0x000000008004259C] -> 0x8593
mem[X,0x000000008004259E] -> 0x3335
[10790] [M]: 0x000000008004259C (0x33358593) addi a1, a1, 0x333
x11 <- 0x0000000033333333
mem[X,0x00000000800425A0] -> 0x9593
mem[X,0x00000000800425A2] -> 0x00B5
[10791] [M]: 0x00000000800425A0 (0x00B59593) slli a1, a1, 0xb
x11 <- 0x0000019999999800
mem[X,0x00000000800425A4] -> 0x8593
mem[X,0x00000000800425A6] -> 0x1995
[10792] [M]: 0x00000000800425A4 (0x19958593) addi a1, a1, 0x199
x11 <- 0x0000019999999999
mem[X,0x00000000800425A8] -> 0x9593
mem[X,0x00000000800425AA] -> 0x00B5
[10793] [M]: 0x00000000800425A8 (0x00B59593) slli a1, a1, 0xb
x11 <- 0x000CCCCCCCCCC800
mem[X,0x00000000800425AC] -> 0x8593
mem[X,0x00000000800425AE] -> 0x4CC5
[10794] [M]: 0x00000000800425AC (0x4CC58593) addi a1, a1, 0x4cc
x11 <- 0x000CCCCCCCCCCCCC
mem[X,0x00000000800425B0] -> 0x9593
mem[X,0x00000000800425B2] -> 0x00A5
[10795] [M]: 0x00000000800425B0 (0x00A59593) slli a1, a1, 0xa
x11 <- 0x3333333333333000
mem[X,0x00000000800425B4] -> 0x8593
mem[X,0x00000000800425B6] -> 0x3345
[10796] [M]: 0x00000000800425B4 (0x33458593) addi a1, a1, 0x334
x11 <- 0x3333333333333334
mem[X,0x00000000800425B8] -> 0x0213
mem[X,0x00000000800425BA] -> 0x0000
[10797] [M]: 0x00000000800425B8 (0x00000213) addi tp, zero, 0x0
x4 <- 0x0000000000000000
mem[X,0x00000000800425BC] -> 0x006F
mem[X,0x00000000800425BE] -> 0x00C0
[10798] [M]: 0x00000000800425BC (0x00C0006F) jal zero, 0xc
mem[X,0x00000000800425C8] -> 0x0063
mem[X,0x00000000800425CA] -> 0x02B5
[10799] [M]: 0x00000000800425C8 (0x02B50063) beq a0, a1, 0x20
clint::tick mtime <- 0x000000000000006C
 clint timer pending at mtime 0x000000000000006C
htif::tick 0x0000000000000000
mem[X,0x00000000800425CC] -> 0x0213
mem[X,0x00000000800425CE] -> 0x0022
[10800] [M]: 0x00000000800425CC (0x00220213) addi tp, tp, 0x2
x4 <- 0x0000000000000002
mem[X,0x00000000800425D0] -> 0x006F
mem[X,0x00000000800425D2] -> 0x0200
[10801] [M]: 0x00000000800425D0 (0x0200006F) jal zero, 0x20
mem[X,0x00000000800425F0] -> 0x3423
mem[X,0x00000000800425F2] -> 0x3E41
[10802] [M]: 0x00000000800425F0 (0x3E413423) sd tp, 0x3e8(sp)
mem[0x00000000800495B0] <- 0x0000000000000002
mem[X,0x00000000800425F4] -> 0x0537
mem[X,0x00000000800425F6] -> 0x0000
[10803] [M]: 0x00000000800425F4 (0x00000537) lui a0, 0x0
x10 <- 0x0000000000000000
mem[X,0x00000000800425F8] -> 0x0513
mem[X,0x00000000800425FA] -> 0x0005
[10804] [M]: 0x00000000800425F8 (0x00050513) addi a0, a0, 0x0
x10 <- 0x0000000000000000
mem[X,0x00000000800425FC] -> 0x1513
mem[X,0x00000000800425FE] -> 0x00B5
[10805] [M]: 0x00000000800425FC (0x00B51513) slli a0, a0, 0xb
x10 <- 0x0000000000000000
mem[X,0x0000000080042600] -> 0x0513
mem[X,0x0000000080042602] -> 0x5A85
[10806] [M]: 0x0000000080042600 (0x5A850513) addi a0, a0, 0x5a8
x10 <- 0x00000000000005A8
mem[X,0x0000000080042604] -> 0x1513
mem[X,0x0000000080042606] -> 0x00B5
[10807] [M]: 0x0000000080042604 (0x00B51513) slli a0, a0, 0xb
x10 <- 0x00000000002D4000
mem[X,0x0000000080042608] -> 0x0513
mem[X,0x000000008004260A] -> 0x13C5
[10808] [M]: 0x0000000080042608 (0x13C50513) addi a0, a0, 0x13c
x10 <- 0x00000000002D413C
mem[X,0x000000008004260C] -> 0x1513
mem[X,0x000000008004260E] -> 0x00A5
[10809] [M]: 0x000000008004260C (0x00A51513) slli a0, a0, 0xa
x10 <- 0x00000000B504F000
mem[X,0x0000000080042610] -> 0x0513
mem[X,0x0000000080042612] -> 0x3345
[10810] [M]: 0x0000000080042610 (0x33450513) addi a0, a0, 0x334
x10 <- 0x00000000B504F334
mem[X,0x0000000080042614] -> 0x65B7
mem[X,0x0000000080042616] -> 0x6666
[10811] [M]: 0x0000000080042614 (0x666665B7) lui a1, 0x66666
x11 <- 0x0000000066666000
mem[X,0x0000000080042618] -> 0x8593
mem[X,0x000000008004261A] -> 0x6665
[10812] [M]: 0x0000000080042618 (0x66658593) addi a1, a1, 0x666
x11 <- 0x0000000066666666
mem[X,0x000000008004261C] -> 0x9593
mem[X,0x000000008004261E] -> 0x00B5
[10813] [M]: 0x000000008004261C (0x00B59593) slli a1, a1, 0xb
x11 <- 0x0000033333333000
mem[X,0x0000000080042620] -> 0x8593
mem[X,0x0000000080042622] -> 0x3335
[10814] [M]: 0x0000000080042620 (0x33358593) addi a1, a1, 0x333
x11 <- 0x0000033333333333
mem[X,0x0000000080042624] -> 0x9593
mem[X,0x0000000080042626] -> 0x00B5
[10815] [M]: 0x0000000080042624 (0x00B59593) slli a1, a1, 0xb
x11 <- 0x0019999999999800
mem[X,0x0000000080042628] -> 0x8593
mem[X,0x000000008004262A] -> 0x1995
[10816] [M]: 0x0000000080042628 (0x19958593) addi a1, a1, 0x199
x11 <- 0x0019999999999999
mem[X,0x000000008004262C] -> 0x9593
mem[X,0x000000008004262E] -> 0x00A5
[10817] [M]: 0x000000008004262C (0x00A59593) slli a1, a1, 0xa
x11 <- 0x6666666666666400
mem[X,0x0000000080042630] -> 0x8593
mem[X,0x0000000080042632] -> 0x2675
[10818] [M]: 0x0000000080042630 (0x26758593) addi a1, a1, 0x267
x11 <- 0x6666666666666667
mem[X,0x0000000080042634] -> 0x0213
mem[X,0x0000000080042636] -> 0x0000
[10819] [M]: 0x0000000080042634 (0x00000213) addi tp, zero, 0x0
x4 <- 0x0000000000000000
mem[X,0x0000000080042638] -> 0x006F
mem[X,0x000000008004263A] -> 0x2B10
[10820] [M]: 0x0000000080042638 (0x2B10006F) jal zero, 0xab0
mem[X,0x00000000800430E8] -> 0x0A63
mem[X,0x00000000800430EA] -> 0xD4B5
[10821] [M]: 0x00000000800430E8 (0xD4B50A63) beq a0, a1, -0xaac
mem[X,0x00000000800430EC] -> 0x0213
mem[X,0x00000000800430EE] -> 0x0022
[10822] [M]: 0x00000000800430EC (0x00220213) addi tp, tp, 0x2
x4 <- 0x0000000000000002
mem[X,0x00000000800430F0] -> 0x006F
mem[X,0x00000000800430F2] -> 0x00C0
[10823] [M]: 0x00000000800430F0 (0x00C0006F) jal zero, 0xc
mem[X,0x00000000800430FC] -> 0x3823
mem[X,0x00000000800430FE] -> 0x3E41
[10824] [M]: 0x00000000800430FC (0x3E413823) sd tp, 0x3f0(sp)
mem[0x00000000800495B8] <- 0x0000000000000002
mem[X,0x0000000080043100] -> 0x0537
mem[X,0x0000000080043102] -> 0x0000
[10825] [M]: 0x0000000080043100 (0x00000537) lui a0, 0x0
x10 <- 0x0000000000000000
mem[X,0x0000000080043104] -> 0x0513
mem[X,0x0000000080043106] -> 0x0005
[10826] [M]: 0x0000000080043104 (0x00050513) addi a0, a0, 0x0
x10 <- 0x0000000000000000
mem[X,0x0000000080043108] -> 0x1513
mem[X,0x000000008004310A] -> 0x00B5
[10827] [M]: 0x0000000080043108 (0x00B51513) slli a0, a0, 0xb
x10 <- 0x0000000000000000
mem[X,0x000000008004310C] -> 0x0513
mem[X,0x000000008004310E] -> 0x5A85
[10828] [M]: 0x000000008004310C (0x5A850513) addi a0, a0, 0x5a8
x10 <- 0x00000000000005A8
mem[X,0x0000000080043110] -> 0x1513
mem[X,0x0000000080043112] -> 0x00B5
[10829] [M]: 0x0000000080043110 (0x00B51513) slli a0, a0, 0xb
x10 <- 0x00000000002D4000
mem[X,0x0000000080043114] -> 0x0513
mem[X,0x0000000080043116] -> 0x13C5
[10830] [M]: 0x0000000080043114 (0x13C50513) addi a0, a0, 0x13c
x10 <- 0x00000000002D413C
mem[X,0x0000000080043118] -> 0x1513
mem[X,0x000000008004311A] -> 0x00A5
[10831] [M]: 0x0000000080043118 (0x00A51513) slli a0, a0, 0xa
x10 <- 0x00000000B504F000
mem[X,0x000000008004311C] -> 0x0513
mem[X,0x000000008004311E] -> 0x3345
[10832] [M]: 0x000000008004311C (0x33450513) addi a0, a0, 0x334
x10 <- 0x00000000B504F334
mem[X,0x0000000080043120] -> 0x05B7
mem[X,0x0000000080043122] -> 0x0000
[10833] [M]: 0x0000000080043120 (0x000005B7) lui a1, 0x0
x11 <- 0x0000000000000000
mem[X,0x0000000080043124] -> 0x8593
mem[X,0x0000000080043126] -> 0xFFF5
[10834] [M]: 0x0000000080043124 (0xFFF58593) addi a1, a1, -0x1
x11 <- 0xFFFFFFFFFFFFFFFF
mem[X,0x0000000080043128] -> 0x9593
mem[X,0x000000008004312A] -> 0x00B5
[10835] [M]: 0x0000000080043128 (0x00B59593) slli a1, a1, 0xb
x11 <- 0xFFFFFFFFFFFFF800
mem[X,0x000000008004312C] -> 0x8593
mem[X,0x000000008004312E] -> 0x2575
[10836] [M]: 0x000000008004312C (0x25758593) addi a1, a1, 0x257
x11 <- 0xFFFFFFFFFFFFFA57
mem[X,0x0000000080043130] -> 0x9593
mem[X,0x0000000080043132] -> 0x00B5
[10837] [M]: 0x0000000080043130 (0x00B59593) slli a1, a1, 0xb
x11 <- 0xFFFFFFFFFFD2B800
mem[X,0x0000000080043134] -> 0x8593
mem[X,0x0000000080043136] -> 0x6C35
[10838] [M]: 0x0000000080043134 (0x6C358593) addi a1, a1, 0x6c3
x11 <- 0xFFFFFFFFFFD2BEC3
mem[X,0x0000000080043138] -> 0x9593
mem[X,0x000000008004313A] -> 0x00A5
[10839] [M]: 0x0000000080043138 (0x00A59593) slli a1, a1, 0xa
x11 <- 0xFFFFFFFF4AFB0C00
mem[X,0x000000008004313C] -> 0x8593
mem[X,0x000000008004313E] -> 0x0CE5
[10840] [M]: 0x000000008004313C (0x0CE58593) addi a1, a1, 0xce
x11 <- 0xFFFFFFFF4AFB0CCE
mem[X,0x0000000080043140] -> 0x0213
mem[X,0x0000000080043142] -> 0x0000
[10841] [M]: 0x0000000080043140 (0x00000213) addi tp, zero, 0x0
x4 <- 0x0000000000000000
mem[X,0x0000000080043144] -> 0x006F
mem[X,0x0000000080043146] -> 0x00C0
[10842] [M]: 0x0000000080043144 (0x00C0006F) jal zero, 0xc
mem[X,0x0000000080043150] -> 0x0063
mem[X,0x0000000080043152] -> 0x04B5
[10843] [M]: 0x0000000080043150 (0x04B50063) beq a0, a1, 0x40
mem[X,0x0000000080043154] -> 0x0213
mem[X,0x0000000080043156] -> 0x0022
[10844] [M]: 0x0000000080043154 (0x00220213) addi tp, tp, 0x2
x4 <- 0x0000000000000002
mem[X,0x0000000080043158] -> 0x006F
mem[X,0x000000008004315A] -> 0x0400
[10845] [M]: 0x0000000080043158 (0x0400006F) jal zero, 0x40
mem[X,0x0000000080043198] -> 0x3C23
mem[X,0x000000008004319A] -> 0x3E41
[10846] [M]: 0x0000000080043198 (0x3E413C23) sd tp, 0x3f8(sp)
mem[0x00000000800495C0] <- 0x0000000000000002
mem[X,0x000000008004319C] -> 0x0537
mem[X,0x000000008004319E] -> 0x0000
[10847] [M]: 0x000000008004319C (0x00000537) lui a0, 0x0
x10 <- 0x0000000000000000
mem[X,0x00000000800431A0] -> 0x0513
mem[X,0x00000000800431A2] -> 0x0005
[10848] [M]: 0x00000000800431A0 (0x00050513) addi a0, a0, 0x0
x10 <- 0x0000000000000000
mem[X,0x00000000800431A4] -> 0x1513
mem[X,0x00000000800431A6] -> 0x00B5
[10849] [M]: 0x00000000800431A4 (0x00B51513) slli a0, a0, 0xb
x10 <- 0x0000000000000000
mem[X,0x00000000800431A8] -> 0x0513
mem[X,0x00000000800431AA] -> 0x5A85
[10850] [M]: 0x00000000800431A8 (0x5A850513) addi a0, a0, 0x5a8
x10 <- 0x00000000000005A8
mem[X,0x00000000800431AC] -> 0x1513
mem[X,0x00000000800431AE] -> 0x00B5
[10851] [M]: 0x00000000800431AC (0x00B51513) slli a0, a0, 0xb
x10 <- 0x00000000002D4000
mem[X,0x00000000800431B0] -> 0x0513
mem[X,0x00000000800431B2] -> 0x13C5
[10852] [M]: 0x00000000800431B0 (0x13C50513) addi a0, a0, 0x13c
x10 <- 0x00000000002D413C
mem[X,0x00000000800431B4] -> 0x1513
mem[X,0x00000000800431B6] -> 0x00A5
[10853] [M]: 0x00000000800431B4 (0x00A51513) slli a0, a0, 0xa
x10 <- 0x00000000B504F000
mem[X,0x00000000800431B8] -> 0x0513
mem[X,0x00000000800431BA] -> 0x3345
[10854] [M]: 0x00000000800431B8 (0x33450513) addi a0, a0, 0x334
x10 <- 0x00000000B504F334
mem[X,0x00000000800431BC] -> 0x05B7
mem[X,0x00000000800431BE] -> 0x0000
[10855] [M]: 0x00000000800431BC (0x000005B7) lui a1, 0x0
x11 <- 0x0000000000000000
mem[X,0x00000000800431C0] -> 0x8593
mem[X,0x00000000800431C2] -> 0x0005
[10856] [M]: 0x00000000800431C0 (0x00058593) addi a1, a1, 0x0
x11 <- 0x0000000000000000
mem[X,0x00000000800431C4] -> 0x9593
mem[X,0x00000000800431C6] -> 0x00B5
[10857] [M]: 0x00000000800431C4 (0x00B59593) slli a1, a1, 0xb
x11 <- 0x0000000000000000
mem[X,0x00000000800431C8] -> 0x8593
mem[X,0x00000000800431CA] -> 0x5A85
[10858] [M]: 0x00000000800431C8 (0x5A858593) addi a1, a1, 0x5a8
x11 <- 0x00000000000005A8
mem[X,0x00000000800431CC] -> 0x9593
mem[X,0x00000000800431CE] -> 0x00B5
[10859] [M]: 0x00000000800431CC (0x00B59593) slli a1, a1, 0xb
x11 <- 0x00000000002D4000
mem[X,0x00000000800431D0] -> 0x8593
mem[X,0x00000000800431D2] -> 0x13C5
[10860] [M]: 0x00000000800431D0 (0x13C58593) addi a1, a1, 0x13c
x11 <- 0x00000000002D413C
mem[X,0x00000000800431D4] -> 0x9593
mem[X,0x00000000800431D6] -> 0x00A5
[10861] [M]: 0x00000000800431D4 (0x00A59593) slli a1, a1, 0xa
x11 <- 0x00000000B504F000
mem[X,0x00000000800431D8] -> 0x8593
mem[X,0x00000000800431DA] -> 0x3345
[10862] [M]: 0x00000000800431D8 (0x33458593) addi a1, a1, 0x334
x11 <- 0x00000000B504F334
mem[X,0x00000000800431DC] -> 0x0213
mem[X,0x00000000800431DE] -> 0x0000
[10863] [M]: 0x00000000800431DC (0x00000213) addi tp, zero, 0x0
x4 <- 0x0000000000000000
mem[X,0x00000000800431E0] -> 0x006F
mem[X,0x00000000800431E2] -> 0x00C0
[10864] [M]: 0x00000000800431E0 (0x00C0006F) jal zero, 0xc
mem[X,0x00000000800431EC] -> 0x0063
mem[X,0x00000000800431EE] -> 0x20B5
[10865] [M]: 0x00000000800431EC (0x20B50063) beq a0, a1, 0x200
mem[X,0x00000000800433EC] -> 0x0213
mem[X,0x00000000800433EE] -> 0x0032
[10866] [M]: 0x00000000800433EC (0x00320213) addi tp, tp, 0x3
x4 <- 0x0000000000000003
mem[X,0x00000000800433F0] -> 0x006F
mem[X,0x00000000800433F2] -> 0x0040
[10867] [M]: 0x00000000800433F0 (0x0040006F) jal zero, 0x4
mem[X,0x00000000800433F4] -> 0x3023
mem[X,0x00000000800433F6] -> 0x4041
[10868] [M]: 0x00000000800433F4 (0x40413023) sd tp, 0x400(sp)
mem[0x00000000800495C8] <- 0x0000000000000003
mem[X,0x00000000800433F8] -> 0x0513
mem[X,0x00000000800433FA] -> 0x0000
[10869] [M]: 0x00000000800433F8 (0x00000513) addi a0, zero, 0x0
x10 <- 0x0000000000000000
mem[X,0x00000000800433FC] -> 0x55B7
mem[X,0x00000000800433FE] -> 0x5555
[10870] [M]: 0x00000000800433FC (0x555555B7) lui a1, 0x55555
x11 <- 0x0000000055555000
mem[X,0x0000000080043400] -> 0x8593
mem[X,0x0000000080043402] -> 0x5555
[10871] [M]: 0x0000000080043400 (0x55558593) addi a1, a1, 0x555
x11 <- 0x0000000055555555
mem[X,0x0000000080043404] -> 0x9593
mem[X,0x0000000080043406] -> 0x00B5
[10872] [M]: 0x0000000080043404 (0x00B59593) slli a1, a1, 0xb
x11 <- 0x000002AAAAAAA800
mem[X,0x0000000080043408] -> 0x8593
mem[X,0x000000008004340A] -> 0x2AA5
[10873] [M]: 0x0000000080043408 (0x2AA58593) addi a1, a1, 0x2aa
x11 <- 0x000002AAAAAAAAAA
mem[X,0x000000008004340C] -> 0x9593
mem[X,0x000000008004340E] -> 0x00B5
[10874] [M]: 0x000000008004340C (0x00B59593) slli a1, a1, 0xb
x11 <- 0x0015555555555000
mem[X,0x0000000080043410] -> 0x8593
mem[X,0x0000000080043412] -> 0x5555
[10875] [M]: 0x0000000080043410 (0x55558593) addi a1, a1, 0x555
x11 <- 0x0015555555555555
mem[X,0x0000000080043414] -> 0x9593
mem[X,0x0000000080043416] -> 0x00A5
[10876] [M]: 0x0000000080043414 (0x00A59593) slli a1, a1, 0xa
x11 <- 0x5555555555555400
mem[X,0x0000000080043418] -> 0x8593
mem[X,0x000000008004341A] -> 0x1545
[10877] [M]: 0x0000000080043418 (0x15458593) addi a1, a1, 0x154
x11 <- 0x5555555555555554
mem[X,0x000000008004341C] -> 0x0213
mem[X,0x000000008004341E] -> 0x0000
[10878] [M]: 0x000000008004341C (0x00000213) addi tp, zero, 0x0
x4 <- 0x0000000000000000
mem[X,0x0000000080043420] -> 0x006F
mem[X,0x0000000080043422] -> 0x0050
[10879] [M]: 0x0000000080043420 (0x0050006F) jal zero, 0x804
mem[X,0x0000000080043C24] -> 0x00E3
mem[X,0x0000000080043C26] -> 0x80B5
[10880] [M]: 0x0000000080043C24 (0x80B500E3) beq a0, a1, -0x800
mem[X,0x0000000080043C28] -> 0x0213
mem[X,0x0000000080043C2A] -> 0x0022
[10881] [M]: 0x0000000080043C28 (0x00220213) addi tp, tp, 0x2
x4 <- 0x0000000000000002
mem[X,0x0000000080043C2C] -> 0x006F
mem[X,0x0000000080043C2E] -> 0x00C0
[10882] [M]: 0x0000000080043C2C (0x00C0006F) jal zero, 0xc
mem[X,0x0000000080043C38] -> 0x3423
mem[X,0x0000000080043C3A] -> 0x4041
[10883] [M]: 0x0000000080043C38 (0x40413423) sd tp, 0x408(sp)
mem[0x00000000800495D0] <- 0x0000000000000002
mem[X,0x0000000080043C3C] -> 0x0513
mem[X,0x0000000080043C3E] -> 0x0000
[10884] [M]: 0x0000000080043C3C (0x00000513) addi a0, zero, 0x0
x10 <- 0x0000000000000000
mem[X,0x0000000080043C40] -> 0x0593
mem[X,0x0000000080043C42] -> 0x0000
[10885] [M]: 0x0000000080043C40 (0x00000593) addi a1, zero, 0x0
x11 <- 0x0000000000000000
mem[X,0x0000000080043C44] -> 0x0213
mem[X,0x0000000080043C46] -> 0x0000
[10886] [M]: 0x0000000080043C44 (0x00000213) addi tp, zero, 0x0
x4 <- 0x0000000000000000
mem[X,0x0000000080043C48] -> 0x006F
mem[X,0x0000000080043C4A] -> 0x00C0
[10887] [M]: 0x0000000080043C48 (0x00C0006F) jal zero, 0xc
mem[X,0x0000000080043C54] -> 0x0063
mem[X,0x0000000080043C56] -> 0x04B5
[10888] [M]: 0x0000000080043C54 (0x04B50063) beq a0, a1, 0x40
mem[X,0x0000000080043C94] -> 0x0213
mem[X,0x0000000080043C96] -> 0x0032
[10889] [M]: 0x0000000080043C94 (0x00320213) addi tp, tp, 0x3
x4 <- 0x0000000000000003
mem[X,0x0000000080043C98] -> 0x006F
mem[X,0x0000000080043C9A] -> 0x0040
[10890] [M]: 0x0000000080043C98 (0x0040006F) jal zero, 0x4
mem[X,0x0000000080043C9C] -> 0x3823
mem[X,0x0000000080043C9E] -> 0x4041
[10891] [M]: 0x0000000080043C9C (0x40413823) sd tp, 0x410(sp)
mem[0x00000000800495D8] <- 0x0000000000000003
mem[X,0x0000000080043CA0] -> 0x0513
mem[X,0x0000000080043CA2] -> 0x0000
[10892] [M]: 0x0000000080043CA0 (0x00000513) addi a0, zero, 0x0
x10 <- 0x0000000000000000
mem[X,0x0000000080043CA4] -> 0x0593
mem[X,0x0000000080043CA6] -> 0x0040
[10893] [M]: 0x0000000080043CA4 (0x00400593) addi a1, zero, 0x4
x11 <- 0x0000000000000004
mem[X,0x0000000080043CA8] -> 0x0213
mem[X,0x0000000080043CAA] -> 0x0000
[10894] [M]: 0x0000000080043CA8 (0x00000213) addi tp, zero, 0x0
x4 <- 0x0000000000000000
mem[X,0x0000000080043CAC] -> 0x006F
mem[X,0x0000000080043CAE] -> 0x00C0
[10895] [M]: 0x0000000080043CAC (0x00C0006F) jal zero, 0xc
mem[X,0x0000000080043CB8] -> 0x0063
mem[X,0x0000000080043CBA] -> 0x08B5
[10896] [M]: 0x0000000080043CB8 (0x08B50063) beq a0, a1, 0x80
mem[X,0x0000000080043CBC] -> 0x0213
mem[X,0x0000000080043CBE] -> 0x0022
[10897] [M]: 0x0000000080043CBC (0x00220213) addi tp, tp, 0x2
x4 <- 0x0000000000000002
mem[X,0x0000000080043CC0] -> 0x006F
mem[X,0x0000000080043CC2] -> 0x0800
[10898] [M]: 0x0000000080043CC0 (0x0800006F) jal zero, 0x80
mem[X,0x0000000080043D40] -> 0x3C23
mem[X,0x0000000080043D42] -> 0x4041
[10899] [M]: 0x0000000080043D40 (0x40413C23) sd tp, 0x418(sp)
mem[0x00000000800495E0] <- 0x0000000000000002
clint::tick mtime <- 0x000000000000006D
 clint timer pending at mtime 0x000000000000006D
htif::tick 0x0000000000000000
mem[X,0x0000000080043D44] -> 0x0513
mem[X,0x0000000080043D46] -> 0x0000
[10900] [M]: 0x0000000080043D44 (0x00000513) addi a0, zero, 0x0
x10 <- 0x0000000000000000
mem[X,0x0000000080043D48] -> 0x35B7
mem[X,0x0000000080043D4A] -> 0x3333
[10901] [M]: 0x0000000080043D48 (0x333335B7) lui a1, 0x33333
x11 <- 0x0000000033333000
mem[X,0x0000000080043D4C] -> 0x8593
mem[X,0x0000000080043D4E] -> 0x3335
[10902] [M]: 0x0000000080043D4C (0x33358593) addi a1, a1, 0x333
x11 <- 0x0000000033333333
mem[X,0x0000000080043D50] -> 0x9593
mem[X,0x0000000080043D52] -> 0x00B5
[10903] [M]: 0x0000000080043D50 (0x00B59593) slli a1, a1, 0xb
x11 <- 0x0000019999999800
mem[X,0x0000000080043D54] -> 0x8593
mem[X,0x0000000080043D56] -> 0x1995
[10904] [M]: 0x0000000080043D54 (0x19958593) addi a1, a1, 0x199
x11 <- 0x0000019999999999
mem[X,0x0000000080043D58] -> 0x9593
mem[X,0x0000000080043D5A] -> 0x00B5
[10905] [M]: 0x0000000080043D58 (0x00B59593) slli a1, a1, 0xb
x11 <- 0x000CCCCCCCCCC800
mem[X,0x0000000080043D5C] -> 0x8593
mem[X,0x0000000080043D5E] -> 0x4CC5
[10906] [M]: 0x0000000080043D5C (0x4CC58593) addi a1, a1, 0x4cc
x11 <- 0x000CCCCCCCCCCCCC
mem[X,0x0000000080043D60] -> 0x9593
mem[X,0x0000000080043D62] -> 0x00A5
[10907] [M]: 0x0000000080043D60 (0x00A59593) slli a1, a1, 0xa
x11 <- 0x3333333333333000
mem[X,0x0000000080043D64] -> 0x8593
mem[X,0x0000000080043D66] -> 0x3325
[10908] [M]: 0x0000000080043D64 (0x33258593) addi a1, a1, 0x332
x11 <- 0x3333333333333332
mem[X,0x0000000080043D68] -> 0x0213
mem[X,0x0000000080043D6A] -> 0x0000
[10909] [M]: 0x0000000080043D68 (0x00000213) addi tp, zero, 0x0
x4 <- 0x0000000000000000
mem[X,0x0000000080043D6C] -> 0x006F
mem[X,0x0000000080043D6E] -> 0x2B10
[10910] [M]: 0x0000000080043D6C (0x2B10006F) jal zero, 0xab0
mem[X,0x000000008004481C] -> 0x0A63
mem[X,0x000000008004481E] -> 0xD4B5
[10911] [M]: 0x000000008004481C (0xD4B50A63) beq a0, a1, -0xaac
mem[X,0x0000000080044820] -> 0x0213
mem[X,0x0000000080044822] -> 0x0022
[10912] [M]: 0x0000000080044820 (0x00220213) addi tp, tp, 0x2
x4 <- 0x0000000000000002
mem[X,0x0000000080044824] -> 0x006F
mem[X,0x0000000080044826] -> 0x00C0
[10913] [M]: 0x0000000080044824 (0x00C0006F) jal zero, 0xc
mem[X,0x0000000080044830] -> 0x3023
mem[X,0x0000000080044832] -> 0x4241
[10914] [M]: 0x0000000080044830 (0x42413023) sd tp, 0x420(sp)
mem[0x00000000800495E8] <- 0x0000000000000002
mem[X,0x0000000080044834] -> 0x0513
mem[X,0x0000000080044836] -> 0x0000
[10915] [M]: 0x0000000080044834 (0x00000513) addi a0, zero, 0x0
x10 <- 0x0000000000000000
mem[X,0x0000000080044838] -> 0x65B7
mem[X,0x000000008004483A] -> 0x6666
[10916] [M]: 0x0000000080044838 (0x666665B7) lui a1, 0x66666
x11 <- 0x0000000066666000
mem[X,0x000000008004483C] -> 0x8593
mem[X,0x000000008004483E] -> 0x6665
[10917] [M]: 0x000000008004483C (0x66658593) addi a1, a1, 0x666
x11 <- 0x0000000066666666
mem[X,0x0000000080044840] -> 0x9593
mem[X,0x0000000080044842] -> 0x00B5
[10918] [M]: 0x0000000080044840 (0x00B59593) slli a1, a1, 0xb
x11 <- 0x0000033333333000
mem[X,0x0000000080044844] -> 0x8593
mem[X,0x0000000080044846] -> 0x3335
[10919] [M]: 0x0000000080044844 (0x33358593) addi a1, a1, 0x333
x11 <- 0x0000033333333333
mem[X,0x0000000080044848] -> 0x9593
mem[X,0x000000008004484A] -> 0x00B5
[10920] [M]: 0x0000000080044848 (0x00B59593) slli a1, a1, 0xb
x11 <- 0x0019999999999800
mem[X,0x000000008004484C] -> 0x8593
mem[X,0x000000008004484E] -> 0x1995
[10921] [M]: 0x000000008004484C (0x19958593) addi a1, a1, 0x199
x11 <- 0x0019999999999999
mem[X,0x0000000080044850] -> 0x9593
mem[X,0x0000000080044852] -> 0x00A5
[10922] [M]: 0x0000000080044850 (0x00A59593) slli a1, a1, 0xa
x11 <- 0x6666666666666400
mem[X,0x0000000080044854] -> 0x8593
mem[X,0x0000000080044856] -> 0x2655
[10923] [M]: 0x0000000080044854 (0x26558593) addi a1, a1, 0x265
x11 <- 0x6666666666666665
mem[X,0x0000000080044858] -> 0x0213
mem[X,0x000000008004485A] -> 0x0000
[10924] [M]: 0x0000000080044858 (0x00000213) addi tp, zero, 0x0
x4 <- 0x0000000000000000
mem[X,0x000000008004485C] -> 0x006F
mem[X,0x000000008004485E] -> 0x2B10
[10925] [M]: 0x000000008004485C (0x2B10006F) jal zero, 0xab0
mem[X,0x000000008004530C] -> 0x0A63
mem[X,0x000000008004530E] -> 0xD4B5
[10926] [M]: 0x000000008004530C (0xD4B50A63) beq a0, a1, -0xaac
mem[X,0x0000000080045310] -> 0x0213
mem[X,0x0000000080045312] -> 0x0022
[10927] [M]: 0x0000000080045310 (0x00220213) addi tp, tp, 0x2
x4 <- 0x0000000000000002
mem[X,0x0000000080045314] -> 0x006F
mem[X,0x0000000080045316] -> 0x00C0
[10928] [M]: 0x0000000080045314 (0x00C0006F) jal zero, 0xc
mem[X,0x0000000080045320] -> 0x3423
mem[X,0x0000000080045322] -> 0x4241
[10929] [M]: 0x0000000080045320 (0x42413423) sd tp, 0x428(sp)
mem[0x00000000800495F0] <- 0x0000000000000002
mem[X,0x0000000080045324] -> 0x0513
mem[X,0x0000000080045326] -> 0x0000
[10930] [M]: 0x0000000080045324 (0x00000513) addi a0, zero, 0x0
x10 <- 0x0000000000000000
mem[X,0x0000000080045328] -> 0x05B7
mem[X,0x000000008004532A] -> 0x0000
[10931] [M]: 0x0000000080045328 (0x000005B7) lui a1, 0x0
x11 <- 0x0000000000000000
mem[X,0x000000008004532C] -> 0x8593
mem[X,0x000000008004532E] -> 0x0005
[10932] [M]: 0x000000008004532C (0x00058593) addi a1, a1, 0x0
x11 <- 0x0000000000000000
mem[X,0x0000000080045330] -> 0x9593
mem[X,0x0000000080045332] -> 0x00B5
[10933] [M]: 0x0000000080045330 (0x00B59593) slli a1, a1, 0xb
x11 <- 0x0000000000000000
mem[X,0x0000000080045334] -> 0x8593
mem[X,0x0000000080045336] -> 0x5A85
[10934] [M]: 0x0000000080045334 (0x5A858593) addi a1, a1, 0x5a8
x11 <- 0x00000000000005A8
mem[X,0x0000000080045338] -> 0x9593
mem[X,0x000000008004533A] -> 0x00B5
[10935] [M]: 0x0000000080045338 (0x00B59593) slli a1, a1, 0xb
x11 <- 0x00000000002D4000
mem[X,0x000000008004533C] -> 0x8593
mem[X,0x000000008004533E] -> 0x13C5
[10936] [M]: 0x000000008004533C (0x13C58593) addi a1, a1, 0x13c
x11 <- 0x00000000002D413C
mem[X,0x0000000080045340] -> 0x9593
mem[X,0x0000000080045342] -> 0x00A5
[10937] [M]: 0x0000000080045340 (0x00A59593) slli a1, a1, 0xa
x11 <- 0x00000000B504F000
mem[X,0x0000000080045344] -> 0x8593
mem[X,0x0000000080045346] -> 0x3325
[10938] [M]: 0x0000000080045344 (0x33258593) addi a1, a1, 0x332
x11 <- 0x00000000B504F332
mem[X,0x0000000080045348] -> 0x0213
mem[X,0x000000008004534A] -> 0x0000
[10939] [M]: 0x0000000080045348 (0x00000213) addi tp, zero, 0x0
x4 <- 0x0000000000000000
mem[X,0x000000008004534C] -> 0x006F
mem[X,0x000000008004534E] -> 0x00C0
[10940] [M]: 0x000000008004534C (0x00C0006F) jal zero, 0xc
mem[X,0x0000000080045358] -> 0x0CE3
mem[X,0x000000008004535A] -> 0xFEB5
[10941] [M]: 0x0000000080045358 (0xFEB50CE3) beq a0, a1, -0x8
mem[X,0x000000008004535C] -> 0x0213
mem[X,0x000000008004535E] -> 0x0022
[10942] [M]: 0x000000008004535C (0x00220213) addi tp, tp, 0x2
x4 <- 0x0000000000000002
mem[X,0x0000000080045360] -> 0x006F
mem[X,0x0000000080045362] -> 0x00C0
[10943] [M]: 0x0000000080045360 (0x00C0006F) jal zero, 0xc
mem[X,0x000000008004536C] -> 0x3823
mem[X,0x000000008004536E] -> 0x4241
[10944] [M]: 0x000000008004536C (0x42413823) sd tp, 0x430(sp)
mem[0x00000000800495F8] <- 0x0000000000000002
mem[X,0x0000000080045370] -> 0x0513
mem[X,0x0000000080045372] -> 0x0000
[10945] [M]: 0x0000000080045370 (0x00000513) addi a0, zero, 0x0
x10 <- 0x0000000000000000
mem[X,0x0000000080045374] -> 0x55B7
mem[X,0x0000000080045376] -> 0x5555
[10946] [M]: 0x0000000080045374 (0x555555B7) lui a1, 0x55555
x11 <- 0x0000000055555000
mem[X,0x0000000080045378] -> 0x8593
mem[X,0x000000008004537A] -> 0x5555
[10947] [M]: 0x0000000080045378 (0x55558593) addi a1, a1, 0x555
x11 <- 0x0000000055555555
mem[X,0x000000008004537C] -> 0x9593
mem[X,0x000000008004537E] -> 0x00B5
[10948] [M]: 0x000000008004537C (0x00B59593) slli a1, a1, 0xb
x11 <- 0x000002AAAAAAA800
mem[X,0x0000000080045380] -> 0x8593
mem[X,0x0000000080045382] -> 0x2AA5
[10949] [M]: 0x0000000080045380 (0x2AA58593) addi a1, a1, 0x2aa
x11 <- 0x000002AAAAAAAAAA
mem[X,0x0000000080045384] -> 0x9593
mem[X,0x0000000080045386] -> 0x00B5
[10950] [M]: 0x0000000080045384 (0x00B59593) slli a1, a1, 0xb
x11 <- 0x0015555555555000
mem[X,0x0000000080045388] -> 0x8593
mem[X,0x000000008004538A] -> 0x5555
[10951] [M]: 0x0000000080045388 (0x55558593) addi a1, a1, 0x555
x11 <- 0x0015555555555555
mem[X,0x000000008004538C] -> 0x9593
mem[X,0x000000008004538E] -> 0x00A5
[10952] [M]: 0x000000008004538C (0x00A59593) slli a1, a1, 0xa
x11 <- 0x5555555555555400
mem[X,0x0000000080045390] -> 0x8593
mem[X,0x0000000080045392] -> 0x1565
[10953] [M]: 0x0000000080045390 (0x15658593) addi a1, a1, 0x156
x11 <- 0x5555555555555556
mem[X,0x0000000080045394] -> 0x0213
mem[X,0x0000000080045396] -> 0x0000
[10954] [M]: 0x0000000080045394 (0x00000213) addi tp, zero, 0x0
x4 <- 0x0000000000000000
mem[X,0x0000000080045398] -> 0x006F
mem[X,0x000000008004539A] -> 0x00C0
[10955] [M]: 0x0000000080045398 (0x00C0006F) jal zero, 0xc
mem[X,0x00000000800453A4] -> 0x0663
mem[X,0x00000000800453A6] -> 0x00B5
[10956] [M]: 0x00000000800453A4 (0x00B50663) beq a0, a1, 0xc
mem[X,0x00000000800453A8] -> 0x0213
mem[X,0x00000000800453AA] -> 0x0022
[10957] [M]: 0x00000000800453A8 (0x00220213) addi tp, tp, 0x2
x4 <- 0x0000000000000002
mem[X,0x00000000800453AC] -> 0x006F
mem[X,0x00000000800453AE] -> 0x00C0
[10958] [M]: 0x00000000800453AC (0x00C0006F) jal zero, 0xc
mem[X,0x00000000800453B8] -> 0x3C23
mem[X,0x00000000800453BA] -> 0x4241
[10959] [M]: 0x00000000800453B8 (0x42413C23) sd tp, 0x438(sp)
mem[0x0000000080049600] <- 0x0000000000000002
mem[X,0x00000000800453BC] -> 0x0513
mem[X,0x00000000800453BE] -> 0x0000
[10960] [M]: 0x00000000800453BC (0x00000513) addi a0, zero, 0x0
x10 <- 0x0000000000000000
mem[X,0x00000000800453C0] -> 0xB5B7
mem[X,0x00000000800453C2] -> 0xAAAA
[10961] [M]: 0x00000000800453C0 (0xAAAAB5B7) lui a1, -0x55555
x11 <- 0xFFFFFFFFAAAAB000
mem[X,0x00000000800453C4] -> 0x8593
mem[X,0x00000000800453C6] -> 0xAAA5
[10962] [M]: 0x00000000800453C4 (0xAAA58593) addi a1, a1, -0x556
x11 <- 0xFFFFFFFFAAAAAAAA
mem[X,0x00000000800453C8] -> 0x9593
mem[X,0x00000000800453CA] -> 0x00B5
[10963] [M]: 0x00000000800453C8 (0x00B59593) slli a1, a1, 0xb
x11 <- 0xFFFFFD5555555000
mem[X,0x00000000800453CC] -> 0x8593
mem[X,0x00000000800453CE] -> 0x5555
[10964] [M]: 0x00000000800453CC (0x55558593) addi a1, a1, 0x555
x11 <- 0xFFFFFD5555555555
mem[X,0x00000000800453D0] -> 0x9593
mem[X,0x00000000800453D2] -> 0x00B5
[10965] [M]: 0x00000000800453D0 (0x00B59593) slli a1, a1, 0xb
x11 <- 0xFFEAAAAAAAAAA800
mem[X,0x00000000800453D4] -> 0x8593
mem[X,0x00000000800453D6] -> 0x2AA5
[10966] [M]: 0x00000000800453D4 (0x2AA58593) addi a1, a1, 0x2aa
x11 <- 0xFFEAAAAAAAAAAAAA
mem[X,0x00000000800453D8] -> 0x9593
mem[X,0x00000000800453DA] -> 0x00A5
[10967] [M]: 0x00000000800453D8 (0x00A59593) slli a1, a1, 0xa
x11 <- 0xAAAAAAAAAAAAA800
mem[X,0x00000000800453DC] -> 0x8593
mem[X,0x00000000800453DE] -> 0x2AB5
[10968] [M]: 0x00000000800453DC (0x2AB58593) addi a1, a1, 0x2ab
x11 <- 0xAAAAAAAAAAAAAAAB
mem[X,0x00000000800453E0] -> 0x0213
mem[X,0x00000000800453E2] -> 0x0000
[10969] [M]: 0x00000000800453E0 (0x00000213) addi tp, zero, 0x0
x4 <- 0x0000000000000000
mem[X,0x00000000800453E4] -> 0x006F
mem[X,0x00000000800453E6] -> 0x0180
[10970] [M]: 0x00000000800453E4 (0x0180006F) jal zero, 0x18
mem[X,0x00000000800453FC] -> 0x06E3
mem[X,0x00000000800453FE] -> 0xFEB5
[10971] [M]: 0x00000000800453FC (0xFEB506E3) beq a0, a1, -0x14
mem[X,0x0000000080045400] -> 0x0213
mem[X,0x0000000080045402] -> 0x0022
[10972] [M]: 0x0000000080045400 (0x00220213) addi tp, tp, 0x2
x4 <- 0x0000000000000002
mem[X,0x0000000080045404] -> 0x006F
mem[X,0x0000000080045406] -> 0x00C0
[10973] [M]: 0x0000000080045404 (0x00C0006F) jal zero, 0xc
mem[X,0x0000000080045410] -> 0x3023
mem[X,0x0000000080045412] -> 0x4441
[10974] [M]: 0x0000000080045410 (0x44413023) sd tp, 0x440(sp)
mem[0x0000000080049608] <- 0x0000000000000002
mem[X,0x0000000080045414] -> 0x0513
mem[X,0x0000000080045416] -> 0x0000
[10975] [M]: 0x0000000080045414 (0x00000513) addi a0, zero, 0x0
x10 <- 0x0000000000000000
mem[X,0x0000000080045418] -> 0x0593
mem[X,0x000000008004541A] -> 0x0060
[10976] [M]: 0x0000000080045418 (0x00600593) addi a1, zero, 0x6
x11 <- 0x0000000000000006
mem[X,0x000000008004541C] -> 0x0213
mem[X,0x000000008004541E] -> 0x0000
[10977] [M]: 0x000000008004541C (0x00000213) addi tp, zero, 0x0
x4 <- 0x0000000000000000
mem[X,0x0000000080045420] -> 0x006F
mem[X,0x0000000080045422] -> 0x00C0
[10978] [M]: 0x0000000080045420 (0x00C0006F) jal zero, 0xc
mem[X,0x000000008004542C] -> 0x0CE3
mem[X,0x000000008004542E] -> 0xFEB5
[10979] [M]: 0x000000008004542C (0xFEB50CE3) beq a0, a1, -0x8
mem[X,0x0000000080045430] -> 0x0213
mem[X,0x0000000080045432] -> 0x0022
[10980] [M]: 0x0000000080045430 (0x00220213) addi tp, tp, 0x2
x4 <- 0x0000000000000002
mem[X,0x0000000080045434] -> 0x006F
mem[X,0x0000000080045436] -> 0x00C0
[10981] [M]: 0x0000000080045434 (0x00C0006F) jal zero, 0xc
mem[X,0x0000000080045440] -> 0x3423
mem[X,0x0000000080045442] -> 0x4441
[10982] [M]: 0x0000000080045440 (0x44413423) sd tp, 0x448(sp)
mem[0x0000000080049610] <- 0x0000000000000002
mem[X,0x0000000080045444] -> 0x0513
mem[X,0x0000000080045446] -> 0x0000
[10983] [M]: 0x0000000080045444 (0x00000513) addi a0, zero, 0x0
x10 <- 0x0000000000000000
mem[X,0x0000000080045448] -> 0x35B7
mem[X,0x000000008004544A] -> 0x3333
[10984] [M]: 0x0000000080045448 (0x333335B7) lui a1, 0x33333
x11 <- 0x0000000033333000
mem[X,0x000000008004544C] -> 0x8593
mem[X,0x000000008004544E] -> 0x3335
[10985] [M]: 0x000000008004544C (0x33358593) addi a1, a1, 0x333
x11 <- 0x0000000033333333
mem[X,0x0000000080045450] -> 0x9593
mem[X,0x0000000080045452] -> 0x00B5
[10986] [M]: 0x0000000080045450 (0x00B59593) slli a1, a1, 0xb
x11 <- 0x0000019999999800
mem[X,0x0000000080045454] -> 0x8593
mem[X,0x0000000080045456] -> 0x1995
[10987] [M]: 0x0000000080045454 (0x19958593) addi a1, a1, 0x199
x11 <- 0x0000019999999999
mem[X,0x0000000080045458] -> 0x9593
mem[X,0x000000008004545A] -> 0x00B5
[10988] [M]: 0x0000000080045458 (0x00B59593) slli a1, a1, 0xb
x11 <- 0x000CCCCCCCCCC800
mem[X,0x000000008004545C] -> 0x8593
mem[X,0x000000008004545E] -> 0x4CC5
[10989] [M]: 0x000000008004545C (0x4CC58593) addi a1, a1, 0x4cc
x11 <- 0x000CCCCCCCCCCCCC
mem[X,0x0000000080045460] -> 0x9593
mem[X,0x0000000080045462] -> 0x00A5
[10990] [M]: 0x0000000080045460 (0x00A59593) slli a1, a1, 0xa
x11 <- 0x3333333333333000
mem[X,0x0000000080045464] -> 0x8593
mem[X,0x0000000080045466] -> 0x3345
[10991] [M]: 0x0000000080045464 (0x33458593) addi a1, a1, 0x334
x11 <- 0x3333333333333334
mem[X,0x0000000080045468] -> 0x0213
mem[X,0x000000008004546A] -> 0x0000
[10992] [M]: 0x0000000080045468 (0x00000213) addi tp, zero, 0x0
x4 <- 0x0000000000000000
mem[X,0x000000008004546C] -> 0x006F
mem[X,0x000000008004546E] -> 0x00C0
[10993] [M]: 0x000000008004546C (0x00C0006F) jal zero, 0xc
mem[X,0x0000000080045478] -> 0x0063
mem[X,0x000000008004547A] -> 0x20B5
[10994] [M]: 0x0000000080045478 (0x20B50063) beq a0, a1, 0x200
mem[X,0x000000008004547C] -> 0x0213
mem[X,0x000000008004547E] -> 0x0022
[10995] [M]: 0x000000008004547C (0x00220213) addi tp, tp, 0x2
x4 <- 0x0000000000000002
mem[X,0x0000000080045480] -> 0x006F
mem[X,0x0000000080045482] -> 0x2000
[10996] [M]: 0x0000000080045480 (0x2000006F) jal zero, 0x200
mem[X,0x0000000080045680] -> 0x3823
mem[X,0x0000000080045682] -> 0x4441
[10997] [M]: 0x0000000080045680 (0x44413823) sd tp, 0x450(sp)
mem[0x0000000080049618] <- 0x0000000000000002
mem[X,0x0000000080045684] -> 0x0513
mem[X,0x0000000080045686] -> 0x0000
[10998] [M]: 0x0000000080045684 (0x00000513) addi a0, zero, 0x0
x10 <- 0x0000000000000000
mem[X,0x0000000080045688] -> 0x65B7
mem[X,0x000000008004568A] -> 0x6666
[10999] [M]: 0x0000000080045688 (0x666665B7) lui a1, 0x66666
x11 <- 0x0000000066666000
clint::tick mtime <- 0x000000000000006E
 clint timer pending at mtime 0x000000000000006E
htif::tick 0x0000000000000000
mem[X,0x000000008004568C] -> 0x8593
mem[X,0x000000008004568E] -> 0x6665
[11000] [M]: 0x000000008004568C (0x66658593) addi a1, a1, 0x666
x11 <- 0x0000000066666666
mem[X,0x0000000080045690] -> 0x9593
mem[X,0x0000000080045692] -> 0x00B5
[11001] [M]: 0x0000000080045690 (0x00B59593) slli a1, a1, 0xb
x11 <- 0x0000033333333000
mem[X,0x0000000080045694] -> 0x8593
mem[X,0x0000000080045696] -> 0x3335
[11002] [M]: 0x0000000080045694 (0x33358593) addi a1, a1, 0x333
x11 <- 0x0000033333333333
mem[X,0x0000000080045698] -> 0x9593
mem[X,0x000000008004569A] -> 0x00B5
[11003] [M]: 0x0000000080045698 (0x00B59593) slli a1, a1, 0xb
x11 <- 0x0019999999999800
mem[X,0x000000008004569C] -> 0x8593
mem[X,0x000000008004569E] -> 0x1995
[11004] [M]: 0x000000008004569C (0x19958593) addi a1, a1, 0x199
x11 <- 0x0019999999999999
mem[X,0x00000000800456A0] -> 0x9593
mem[X,0x00000000800456A2] -> 0x00A5
[11005] [M]: 0x00000000800456A0 (0x00A59593) slli a1, a1, 0xa
x11 <- 0x6666666666666400
mem[X,0x00000000800456A4] -> 0x8593
mem[X,0x00000000800456A6] -> 0x2675
[11006] [M]: 0x00000000800456A4 (0x26758593) addi a1, a1, 0x267
x11 <- 0x6666666666666667
mem[X,0x00000000800456A8] -> 0x0213
mem[X,0x00000000800456AA] -> 0x0000
[11007] [M]: 0x00000000800456A8 (0x00000213) addi tp, zero, 0x0
x4 <- 0x0000000000000000
mem[X,0x00000000800456AC] -> 0x006F
mem[X,0x00000000800456AE] -> 0x00C0
[11008] [M]: 0x00000000800456AC (0x00C0006F) jal zero, 0xc
mem[X,0x00000000800456B8] -> 0x0063
mem[X,0x00000000800456BA] -> 0x08B5
[11009] [M]: 0x00000000800456B8 (0x08B50063) beq a0, a1, 0x80
mem[X,0x00000000800456BC] -> 0x0213
mem[X,0x00000000800456BE] -> 0x0022
[11010] [M]: 0x00000000800456BC (0x00220213) addi tp, tp, 0x2
x4 <- 0x0000000000000002
mem[X,0x00000000800456C0] -> 0x006F
mem[X,0x00000000800456C2] -> 0x0800
[11011] [M]: 0x00000000800456C0 (0x0800006F) jal zero, 0x80
mem[X,0x0000000080045740] -> 0x3C23
mem[X,0x0000000080045742] -> 0x4441
[11012] [M]: 0x0000000080045740 (0x44413C23) sd tp, 0x458(sp)
mem[0x0000000080049620] <- 0x0000000000000002
mem[X,0x0000000080045744] -> 0x0513
mem[X,0x0000000080045746] -> 0x0000
[11013] [M]: 0x0000000080045744 (0x00000513) addi a0, zero, 0x0
x10 <- 0x0000000000000000
mem[X,0x0000000080045748] -> 0x05B7
mem[X,0x000000008004574A] -> 0x0000
[11014] [M]: 0x0000000080045748 (0x000005B7) lui a1, 0x0
x11 <- 0x0000000000000000
mem[X,0x000000008004574C] -> 0x8593
mem[X,0x000000008004574E] -> 0xFFF5
[11015] [M]: 0x000000008004574C (0xFFF58593) addi a1, a1, -0x1
x11 <- 0xFFFFFFFFFFFFFFFF
mem[X,0x0000000080045750] -> 0x9593
mem[X,0x0000000080045752] -> 0x00B5
[11016] [M]: 0x0000000080045750 (0x00B59593) slli a1, a1, 0xb
x11 <- 0xFFFFFFFFFFFFF800
mem[X,0x0000000080045754] -> 0x8593
mem[X,0x0000000080045756] -> 0x2575
[11017] [M]: 0x0000000080045754 (0x25758593) addi a1, a1, 0x257
x11 <- 0xFFFFFFFFFFFFFA57
mem[X,0x0000000080045758] -> 0x9593
mem[X,0x000000008004575A] -> 0x00B5
[11018] [M]: 0x0000000080045758 (0x00B59593) slli a1, a1, 0xb
x11 <- 0xFFFFFFFFFFD2B800
mem[X,0x000000008004575C] -> 0x8593
mem[X,0x000000008004575E] -> 0x6C35
[11019] [M]: 0x000000008004575C (0x6C358593) addi a1, a1, 0x6c3
x11 <- 0xFFFFFFFFFFD2BEC3
mem[X,0x0000000080045760] -> 0x9593
mem[X,0x0000000080045762] -> 0x00A5
[11020] [M]: 0x0000000080045760 (0x00A59593) slli a1, a1, 0xa
x11 <- 0xFFFFFFFF4AFB0C00
mem[X,0x0000000080045764] -> 0x8593
mem[X,0x0000000080045766] -> 0x0CE5
[11021] [M]: 0x0000000080045764 (0x0CE58593) addi a1, a1, 0xce
x11 <- 0xFFFFFFFF4AFB0CCE
mem[X,0x0000000080045768] -> 0x0213
mem[X,0x000000008004576A] -> 0x0000
[11022] [M]: 0x0000000080045768 (0x00000213) addi tp, zero, 0x0
x4 <- 0x0000000000000000
mem[X,0x000000008004576C] -> 0x006F
mem[X,0x000000008004576E] -> 0x00C0
[11023] [M]: 0x000000008004576C (0x00C0006F) jal zero, 0xc
mem[X,0x0000000080045778] -> 0x0063
mem[X,0x000000008004577A] -> 0x40B5
[11024] [M]: 0x0000000080045778 (0x40B50063) beq a0, a1, 0x400
mem[X,0x000000008004577C] -> 0x0213
mem[X,0x000000008004577E] -> 0x0022
[11025] [M]: 0x000000008004577C (0x00220213) addi tp, tp, 0x2
x4 <- 0x0000000000000002
mem[X,0x0000000080045780] -> 0x006F
mem[X,0x0000000080045782] -> 0x4000
[11026] [M]: 0x0000000080045780 (0x4000006F) jal zero, 0x400
mem[X,0x0000000080045B80] -> 0x3023
mem[X,0x0000000080045B82] -> 0x4641
[11027] [M]: 0x0000000080045B80 (0x46413023) sd tp, 0x460(sp)
mem[0x0000000080049628] <- 0x0000000000000002
mem[X,0x0000000080045B84] -> 0x0513
mem[X,0x0000000080045B86] -> 0x0000
[11028] [M]: 0x0000000080045B84 (0x00000513) addi a0, zero, 0x0
x10 <- 0x0000000000000000
mem[X,0x0000000080045B88] -> 0x05B7
mem[X,0x0000000080045B8A] -> 0x0000
[11029] [M]: 0x0000000080045B88 (0x000005B7) lui a1, 0x0
x11 <- 0x0000000000000000
mem[X,0x0000000080045B8C] -> 0x8593
mem[X,0x0000000080045B8E] -> 0x0005
[11030] [M]: 0x0000000080045B8C (0x00058593) addi a1, a1, 0x0
x11 <- 0x0000000000000000
mem[X,0x0000000080045B90] -> 0x9593
mem[X,0x0000000080045B92] -> 0x00B5
[11031] [M]: 0x0000000080045B90 (0x00B59593) slli a1, a1, 0xb
x11 <- 0x0000000000000000
mem[X,0x0000000080045B94] -> 0x8593
mem[X,0x0000000080045B96] -> 0x5A85
[11032] [M]: 0x0000000080045B94 (0x5A858593) addi a1, a1, 0x5a8
x11 <- 0x00000000000005A8
mem[X,0x0000000080045B98] -> 0x9593
mem[X,0x0000000080045B9A] -> 0x00B5
[11033] [M]: 0x0000000080045B98 (0x00B59593) slli a1, a1, 0xb
x11 <- 0x00000000002D4000
mem[X,0x0000000080045B9C] -> 0x8593
mem[X,0x0000000080045B9E] -> 0x13C5
[11034] [M]: 0x0000000080045B9C (0x13C58593) addi a1, a1, 0x13c
x11 <- 0x00000000002D413C
mem[X,0x0000000080045BA0] -> 0x9593
mem[X,0x0000000080045BA2] -> 0x00A5
[11035] [M]: 0x0000000080045BA0 (0x00A59593) slli a1, a1, 0xa
x11 <- 0x00000000B504F000
mem[X,0x0000000080045BA4] -> 0x8593
mem[X,0x0000000080045BA6] -> 0x3345
[11036] [M]: 0x0000000080045BA4 (0x33458593) addi a1, a1, 0x334
x11 <- 0x00000000B504F334
mem[X,0x0000000080045BA8] -> 0x0213
mem[X,0x0000000080045BAA] -> 0x0000
[11037] [M]: 0x0000000080045BA8 (0x00000213) addi tp, zero, 0x0
x4 <- 0x0000000000000000
mem[X,0x0000000080045BAC] -> 0x006F
mem[X,0x0000000080045BAE] -> 0x00C0
[11038] [M]: 0x0000000080045BAC (0x00C0006F) jal zero, 0xc
mem[X,0x0000000080045BB8] -> 0x0063
mem[X,0x0000000080045BBA] -> 0x20B5
[11039] [M]: 0x0000000080045BB8 (0x20B50063) beq a0, a1, 0x200
mem[X,0x0000000080045BBC] -> 0x0213
mem[X,0x0000000080045BBE] -> 0x0022
[11040] [M]: 0x0000000080045BBC (0x00220213) addi tp, tp, 0x2
x4 <- 0x0000000000000002
mem[X,0x0000000080045BC0] -> 0x006F
mem[X,0x0000000080045BC2] -> 0x2000
[11041] [M]: 0x0000000080045BC0 (0x2000006F) jal zero, 0x200
mem[X,0x0000000080045DC0] -> 0x3423
mem[X,0x0000000080045DC2] -> 0x4641
[11042] [M]: 0x0000000080045DC0 (0x46413423) sd tp, 0x468(sp)
mem[0x0000000080049630] <- 0x0000000000000002
mem[X,0x0000000080045DC4] -> 0x5537
mem[X,0x0000000080045DC6] -> 0x5555
[11043] [M]: 0x0000000080045DC4 (0x55555537) lui a0, 0x55555
x10 <- 0x0000000055555000
mem[X,0x0000000080045DC8] -> 0x0513
mem[X,0x0000000080045DCA] -> 0x5555
[11044] [M]: 0x0000000080045DC8 (0x55550513) addi a0, a0, 0x555
x10 <- 0x0000000055555555
mem[X,0x0000000080045DCC] -> 0x1513
mem[X,0x0000000080045DCE] -> 0x00B5
[11045] [M]: 0x0000000080045DCC (0x00B51513) slli a0, a0, 0xb
x10 <- 0x000002AAAAAAA800
mem[X,0x0000000080045DD0] -> 0x0513
mem[X,0x0000000080045DD2] -> 0x2AA5
[11046] [M]: 0x0000000080045DD0 (0x2AA50513) addi a0, a0, 0x2aa
x10 <- 0x000002AAAAAAAAAA
mem[X,0x0000000080045DD4] -> 0x1513
mem[X,0x0000000080045DD6] -> 0x00B5
[11047] [M]: 0x0000000080045DD4 (0x00B51513) slli a0, a0, 0xb
x10 <- 0x0015555555555000
mem[X,0x0000000080045DD8] -> 0x0513
mem[X,0x0000000080045DDA] -> 0x5555
[11048] [M]: 0x0000000080045DD8 (0x55550513) addi a0, a0, 0x555
x10 <- 0x0015555555555555
mem[X,0x0000000080045DDC] -> 0x1513
mem[X,0x0000000080045DDE] -> 0x00A5
[11049] [M]: 0x0000000080045DDC (0x00A51513) slli a0, a0, 0xa
x10 <- 0x5555555555555400
mem[X,0x0000000080045DE0] -> 0x0513
mem[X,0x0000000080045DE2] -> 0x1555
[11050] [M]: 0x0000000080045DE0 (0x15550513) addi a0, a0, 0x155
x10 <- 0x5555555555555555
mem[X,0x0000000080045DE4] -> 0x0593
mem[X,0x0000000080045DE6] -> 0x0010
[11051] [M]: 0x0000000080045DE4 (0x00100593) addi a1, zero, 0x1
x11 <- 0x0000000000000001
mem[X,0x0000000080045DE8] -> 0x9593
mem[X,0x0000000080045DEA] -> 0x03D5
[11052] [M]: 0x0000000080045DE8 (0x03D59593) slli a1, a1, 0x3d
x11 <- 0x2000000000000000
mem[X,0x0000000080045DEC] -> 0xC593
mem[X,0x0000000080045DEE] -> 0xFFF5
[11053] [M]: 0x0000000080045DEC (0xFFF5C593) xori a1, a1, -0x1
x11 <- 0xDFFFFFFFFFFFFFFF
mem[X,0x0000000080045DF0] -> 0x0213
mem[X,0x0000000080045DF2] -> 0x0000
[11054] [M]: 0x0000000080045DF0 (0x00000213) addi tp, zero, 0x0
x4 <- 0x0000000000000000
mem[X,0x0000000080045DF4] -> 0x006F
mem[X,0x0000000080045DF6] -> 0x00C0
[11055] [M]: 0x0000000080045DF4 (0x00C0006F) jal zero, 0xc
mem[X,0x0000000080045E00] -> 0x0CE3
mem[X,0x0000000080045E02] -> 0xFEB5
[11056] [M]: 0x0000000080045E00 (0xFEB50CE3) beq a0, a1, -0x8
mem[X,0x0000000080045E04] -> 0x0213
mem[X,0x0000000080045E06] -> 0x0022
[11057] [M]: 0x0000000080045E04 (0x00220213) addi tp, tp, 0x2
x4 <- 0x0000000000000002
mem[X,0x0000000080045E08] -> 0x006F
mem[X,0x0000000080045E0A] -> 0x00C0
[11058] [M]: 0x0000000080045E08 (0x00C0006F) jal zero, 0xc
mem[X,0x0000000080045E14] -> 0x3823
mem[X,0x0000000080045E16] -> 0x4641
[11059] [M]: 0x0000000080045E14 (0x46413823) sd tp, 0x470(sp)
mem[0x0000000080049638] <- 0x0000000000000002
mem[X,0x0000000080045E18] -> 0x0513
mem[X,0x0000000080045E1A] -> 0xFFF0
[11060] [M]: 0x0000000080045E18 (0xFFF00513) addi a0, zero, -0x1
x10 <- 0xFFFFFFFFFFFFFFFF
mem[X,0x0000000080045E1C] -> 0x1513
mem[X,0x0000000080045E1E] -> 0x03F5
[11061] [M]: 0x0000000080045E1C (0x03F51513) slli a0, a0, 0x3f
x10 <- 0x8000000000000000
mem[X,0x0000000080045E20] -> 0x0593
mem[X,0x0000000080045E22] -> 0x0010
[11062] [M]: 0x0000000080045E20 (0x00100593) addi a1, zero, 0x1
x11 <- 0x0000000000000001
mem[X,0x0000000080045E24] -> 0x9593
mem[X,0x0000000080045E26] -> 0x00D5
[11063] [M]: 0x0000000080045E24 (0x00D59593) slli a1, a1, 0xd
x11 <- 0x0000000000002000
mem[X,0x0000000080045E28] -> 0x0213
mem[X,0x0000000080045E2A] -> 0x0000
[11064] [M]: 0x0000000080045E28 (0x00000213) addi tp, zero, 0x0
x4 <- 0x0000000000000000
mem[X,0x0000000080045E2C] -> 0x006F
mem[X,0x0000000080045E2E] -> 0x00C0
[11065] [M]: 0x0000000080045E2C (0x00C0006F) jal zero, 0xc
mem[X,0x0000000080045E38] -> 0x0CE3
mem[X,0x0000000080045E3A] -> 0xFEB5
[11066] [M]: 0x0000000080045E38 (0xFEB50CE3) beq a0, a1, -0x8
mem[X,0x0000000080045E3C] -> 0x0213
mem[X,0x0000000080045E3E] -> 0x0022
[11067] [M]: 0x0000000080045E3C (0x00220213) addi tp, tp, 0x2
x4 <- 0x0000000000000002
mem[X,0x0000000080045E40] -> 0x006F
mem[X,0x0000000080045E42] -> 0x00C0
[11068] [M]: 0x0000000080045E40 (0x00C0006F) jal zero, 0xc
mem[X,0x0000000080045E4C] -> 0x3C23
mem[X,0x0000000080045E4E] -> 0x4641
[11069] [M]: 0x0000000080045E4C (0x46413C23) sd tp, 0x478(sp)
mem[0x0000000080049640] <- 0x0000000000000002
mem[X,0x0000000080045E50] -> 0x0513
mem[X,0x0000000080045E52] -> 0x0010
[11070] [M]: 0x0000000080045E50 (0x00100513) addi a0, zero, 0x1
x10 <- 0x0000000000000001
mem[X,0x0000000080045E54] -> 0x1513
mem[X,0x0000000080045E56] -> 0x0255
[11071] [M]: 0x0000000080045E54 (0x02551513) slli a0, a0, 0x25
x10 <- 0x0000002000000000
mem[X,0x0000000080045E58] -> 0x0593
mem[X,0x0000000080045E5A] -> 0x0010
[11072] [M]: 0x0000000080045E58 (0x00100593) addi a1, zero, 0x1
x11 <- 0x0000000000000001
mem[X,0x0000000080045E5C] -> 0x9593
mem[X,0x0000000080045E5E] -> 0x0175
[11073] [M]: 0x0000000080045E5C (0x01759593) slli a1, a1, 0x17
x11 <- 0x0000000000800000
mem[X,0x0000000080045E60] -> 0x0213
mem[X,0x0000000080045E62] -> 0x0000
[11074] [M]: 0x0000000080045E60 (0x00000213) addi tp, zero, 0x0
x4 <- 0x0000000000000000
mem[X,0x0000000080045E64] -> 0x006F
mem[X,0x0000000080045E66] -> 0x00C0
[11075] [M]: 0x0000000080045E64 (0x00C0006F) jal zero, 0xc
mem[X,0x0000000080045E70] -> 0x0663
mem[X,0x0000000080045E72] -> 0x00B5
[11076] [M]: 0x0000000080045E70 (0x00B50663) beq a0, a1, 0xc
mem[X,0x0000000080045E74] -> 0x0213
mem[X,0x0000000080045E76] -> 0x0022
[11077] [M]: 0x0000000080045E74 (0x00220213) addi tp, tp, 0x2
x4 <- 0x0000000000000002
mem[X,0x0000000080045E78] -> 0x006F
mem[X,0x0000000080045E7A] -> 0x00C0
[11078] [M]: 0x0000000080045E78 (0x00C0006F) jal zero, 0xc
mem[X,0x0000000080045E84] -> 0x3023
mem[X,0x0000000080045E86] -> 0x4841
[11079] [M]: 0x0000000080045E84 (0x48413023) sd tp, 0x480(sp)
mem[0x0000000080049648] <- 0x0000000000000002
mem[X,0x0000000080045E88] -> 0x006F
mem[X,0x0000000080045E8A] -> 0x0380
[11080] [M]: 0x0000000080045E88 (0x0380006F) jal zero, 0x38
mem[X,0x0000000080045EC0] -> 0x0093
mem[X,0x0000000080045EC2] -> 0x0010
[11081] [M]: 0x0000000080045EC0 (0x00100093) addi ra, zero, 0x1
x1 <- 0x0000000000000001
mem[X,0x0000000080045EC4] -> 0x0F17
mem[X,0x0000000080045EC6] -> 0x0000
[11082] [M]: 0x0000000080045EC4 (0x00000F17) auipc t5, 0x0
x30 <- 0x0000000080045EC4
mem[X,0x0000000080045EC8] -> 0x2E23
mem[X,0x0000000080045ECA] -> 0x121F
[11083] [M]: 0x0000000080045EC8 (0x121F2E23) sw ra, 0x13c(t5)
htif[0x0000000080046000] <- 0x00000001
mem[X,0x0000000080045ECC] -> 0xF06F
mem[X,0x0000000080045ECE] -> 0xFF9F
[11084] [M]: 0x0000000080045ECC (0xFF9FF06F) jal zero, -0x8
mem[X,0x0000000080045EC4] -> 0x0F17
mem[X,0x0000000080045EC6] -> 0x0000
[11085] [M]: 0x0000000080045EC4 (0x00000F17) auipc t5, 0x0
x30 <- 0x0000000080045EC4
mem[X,0x0000000080045EC8] -> 0x2E23
mem[X,0x0000000080045ECA] -> 0x121F
[11086] [M]: 0x0000000080045EC8 (0x121F2E23) sw ra, 0x13c(t5)
htif[0x0000000080046000] <- 0x00000001
mem[X,0x0000000080045ECC] -> 0xF06F
mem[X,0x0000000080045ECE] -> 0xFF9F
[11087] [M]: 0x0000000080045ECC (0xFF9FF06F) jal zero, -0x8
mem[X,0x0000000080045EC4] -> 0x0F17
mem[X,0x0000000080045EC6] -> 0x0000
[11088] [M]: 0x0000000080045EC4 (0x00000F17) auipc t5, 0x0
x30 <- 0x0000000080045EC4
mem[X,0x0000000080045EC8] -> 0x2E23
mem[X,0x0000000080045ECA] -> 0x121F
[11089] [M]: 0x0000000080045EC8 (0x121F2E23) sw ra, 0x13c(t5)
htif[0x0000000080046000] <- 0x00000001
htif-syscall-proxy cmd: 0x000000000001
SUCCESS
