using /home/mamir/tempo/riscof/riscof_work/rv64i_m/C/src/cbnez-01.S/ref/Reference-sail_c_simulator.signature for test-signature output.
tohost located at 0x80004000
Running file ref.elf.
ELF Entry @ 0x80000000
begin_signature: 0x80006110
end_signature: 0x800065d0
CSR mstatus <- 0x0000000A00000000 (input: 0x0000000000000000)
mem[X,0x0000000000001000] -> 0x0297
mem[X,0x0000000000001002] -> 0x0000
[0] [M]: 0x0000000000001000 (0x00000297) auipc t0, 0x0
x5 <- 0x0000000000001000
mem[X,0x0000000000001004] -> 0x8593
mem[X,0x0000000000001006] -> 0x0202
[1] [M]: 0x0000000000001004 (0x02028593) addi a1, t0, 0x20
x11 <- 0x0000000000001020
mem[X,0x0000000000001008] -> 0x2573
mem[X,0x000000000000100A] -> 0xF140
[2] [M]: 0x0000000000001008 (0xF1402573) csrrs a0, mhartid, zero
CSR mhartid -> 0x0000000000000000
x10 <- 0x0000000000000000
mem[X,0x000000000000100C] -> 0xB283
mem[X,0x000000000000100E] -> 0x0182
[3] [M]: 0x000000000000100C (0x0182B283) ld t0, 0x18(t0)
mem[R,0x0000000000001018] -> 0x0000000080000000
x5 <- 0x0000000080000000
mem[X,0x0000000000001010] -> 0x8067
mem[X,0x0000000000001012] -> 0x0002
[4] [M]: 0x0000000000001010 (0x00028067) jalr zero, 0x0(t0)
mem[X,0x0000000080000000] -> 0x0837
mem[X,0x0000000080000002] -> 0x7D5C
[5] [M]: 0x0000000080000000 (0x7D5C0837) lui a6, 0x7d5c0
x16 <- 0x000000007D5C0000
mem[X,0x0000000080000004] -> 0x0813
mem[X,0x0000000080000006] -> 0xDDB8
[6] [M]: 0x0000000080000004 (0xDDB80813) addi a6, a6, -0x225
x16 <- 0x000000007D5BFDDB
mem[X,0x0000000080000008] -> 0x1813
mem[X,0x000000008000000A] -> 0x00B8
[7] [M]: 0x0000000080000008 (0x00B81813) slli a6, a6, 0xb
x16 <- 0x000003EADFEED800
mem[X,0x000000008000000C] -> 0x0813
mem[X,0x000000008000000E] -> 0x3EA8
[8] [M]: 0x000000008000000C (0x3EA80813) addi a6, a6, 0x3ea
x16 <- 0x000003EADFEEDBEA
mem[X,0x0000000080000010] -> 0x1813
mem[X,0x0000000080000012] -> 0x00B8
[9] [M]: 0x0000000080000010 (0x00B81813) slli a6, a6, 0xb
x16 <- 0x001F56FF76DF5000
mem[X,0x0000000080000014] -> 0x0813
mem[X,0x0000000080000016] -> 0x6FF8
[10] [M]: 0x0000000080000014 (0x6FF80813) addi a6, a6, 0x6ff
x16 <- 0x001F56FF76DF56FF
mem[X,0x0000000080000018] -> 0x1813
mem[X,0x000000008000001A] -> 0x00A8
[11] [M]: 0x0000000080000018 (0x00A81813) slli a6, a6, 0xa
x16 <- 0x7D5BFDDB7D5BFC00
mem[X,0x000000008000001C] -> 0x0813
mem[X,0x000000008000001E] -> 0x1DB8
[12] [M]: 0x000000008000001C (0x1DB80813) addi a6, a6, 0x1db
x16 <- 0x7D5BFDDB7D5BFDDB
mem[X,0x0000000080000020] -> 0x5893
mem[X,0x0000000080000022] -> 0x0078
[13] [M]: 0x0000000080000020 (0x00785893) srli a7, a6, 0x7
x17 <- 0x00FAB7FBB6FAB7FB
mem[X,0x0000000080000024] -> 0x5793
mem[X,0x0000000080000026] -> 0x0398
[14] [M]: 0x0000000080000024 (0x03985793) srli a5, a6, 0x39
x15 <- 0x000000000000003E
mem[X,0x0000000080000028] -> 0xE8B3
mem[X,0x000000008000002A] -> 0x00F8
[15] [M]: 0x0000000080000028 (0x00F8E8B3) or a7, a7, a5
x17 <- 0x00FAB7FBB6FAB7FF
mem[X,0x000000008000002C] -> 0xD913
mem[X,0x000000008000002E] -> 0x0078
[16] [M]: 0x000000008000002C (0x0078D913) srli s2, a7, 0x7
x18 <- 0x0001F56FF76DF56F
mem[X,0x0000000080000030] -> 0xD793
mem[X,0x0000000080000032] -> 0x0398
[17] [M]: 0x0000000080000030 (0x0398D793) srli a5, a7, 0x39
x15 <- 0x0000000000000000
mem[X,0x0000000080000034] -> 0x6933
mem[X,0x0000000080000036] -> 0x00F9
[18] [M]: 0x0000000080000034 (0x00F96933) or s2, s2, a5
x18 <- 0x0001F56FF76DF56F
mem[X,0x0000000080000038] -> 0x5993
mem[X,0x000000008000003A] -> 0x0079
[19] [M]: 0x0000000080000038 (0x00795993) srli s3, s2, 0x7
x19 <- 0x000003EADFEEDBEA
mem[X,0x000000008000003C] -> 0x5793
mem[X,0x000000008000003E] -> 0x0399
[20] [M]: 0x000000008000003C (0x03995793) srli a5, s2, 0x39
x15 <- 0x0000000000000000
mem[X,0x0000000080000040] -> 0xE9B3
mem[X,0x0000000080000042] -> 0x00F9
[21] [M]: 0x0000000080000040 (0x00F9E9B3) or s3, s3, a5
x19 <- 0x000003EADFEEDBEA
mem[X,0x0000000080000044] -> 0xDA13
mem[X,0x0000000080000046] -> 0x0079
[22] [M]: 0x0000000080000044 (0x0079DA13) srli s4, s3, 0x7
x20 <- 0x00000007D5BFDDB7
mem[X,0x0000000080000048] -> 0xD793
mem[X,0x000000008000004A] -> 0x0399
[23] [M]: 0x0000000080000048 (0x0399D793) srli a5, s3, 0x39
x15 <- 0x0000000000000000
mem[X,0x000000008000004C] -> 0x6A33
mem[X,0x000000008000004E] -> 0x00FA
[24] [M]: 0x000000008000004C (0x00FA6A33) or s4, s4, a5
x20 <- 0x00000007D5BFDDB7
mem[X,0x0000000080000050] -> 0x5A93
mem[X,0x0000000080000052] -> 0x007A
[25] [M]: 0x0000000080000050 (0x007A5A93) srli s5, s4, 0x7
x21 <- 0x000000000FAB7FBB
mem[X,0x0000000080000054] -> 0x5793
mem[X,0x0000000080000056] -> 0x039A
[26] [M]: 0x0000000080000054 (0x039A5793) srli a5, s4, 0x39
x15 <- 0x0000000000000000
mem[X,0x0000000080000058] -> 0xEAB3
mem[X,0x000000008000005A] -> 0x00FA
[27] [M]: 0x0000000080000058 (0x00FAEAB3) or s5, s5, a5
x21 <- 0x000000000FAB7FBB
mem[X,0x000000008000005C] -> 0xDB13
mem[X,0x000000008000005E] -> 0x007A
[28] [M]: 0x000000008000005C (0x007ADB13) srli s6, s5, 0x7
x22 <- 0x00000000001F56FF
mem[X,0x0000000080000060] -> 0xD793
mem[X,0x0000000080000062] -> 0x039A
[29] [M]: 0x0000000080000060 (0x039AD793) srli a5, s5, 0x39
x15 <- 0x0000000000000000
mem[X,0x0000000080000064] -> 0x6B33
mem[X,0x0000000080000066] -> 0x00FB
[30] [M]: 0x0000000080000064 (0x00FB6B33) or s6, s6, a5
x22 <- 0x00000000001F56FF
mem[X,0x0000000080000068] -> 0x5B93
mem[X,0x000000008000006A] -> 0x007B
[31] [M]: 0x0000000080000068 (0x007B5B93) srli s7, s6, 0x7
x23 <- 0x0000000000003EAD
mem[X,0x000000008000006C] -> 0x5793
mem[X,0x000000008000006E] -> 0x039B
[32] [M]: 0x000000008000006C (0x039B5793) srli a5, s6, 0x39
x15 <- 0x0000000000000000
mem[X,0x0000000080000070] -> 0xEBB3
mem[X,0x0000000080000072] -> 0x00FB
[33] [M]: 0x0000000080000070 (0x00FBEBB3) or s7, s7, a5
x23 <- 0x0000000000003EAD
mem[X,0x0000000080000074] -> 0xDC13
mem[X,0x0000000080000076] -> 0x007B
[34] [M]: 0x0000000080000074 (0x007BDC13) srli s8, s7, 0x7
x24 <- 0x000000000000007D
mem[X,0x0000000080000078] -> 0xD793
mem[X,0x000000008000007A] -> 0x039B
[35] [M]: 0x0000000080000078 (0x039BD793) srli a5, s7, 0x39
x15 <- 0x0000000000000000
mem[X,0x000000008000007C] -> 0x6C33
mem[X,0x000000008000007E] -> 0x00FC
[36] [M]: 0x000000008000007C (0x00FC6C33) or s8, s8, a5
x24 <- 0x000000000000007D
mem[X,0x0000000080000080] -> 0x5C93
mem[X,0x0000000080000082] -> 0x007C
[37] [M]: 0x0000000080000080 (0x007C5C93) srli s9, s8, 0x7
x25 <- 0x0000000000000000
mem[X,0x0000000080000084] -> 0x5793
mem[X,0x0000000080000086] -> 0x039C
[38] [M]: 0x0000000080000084 (0x039C5793) srli a5, s8, 0x39
x15 <- 0x0000000000000000
mem[X,0x0000000080000088] -> 0xECB3
mem[X,0x000000008000008A] -> 0x00FC
[39] [M]: 0x0000000080000088 (0x00FCECB3) or s9, s9, a5
x25 <- 0x0000000000000000
mem[X,0x000000008000008C] -> 0xDD13
mem[X,0x000000008000008E] -> 0x007C
[40] [M]: 0x000000008000008C (0x007CDD13) srli s10, s9, 0x7
x26 <- 0x0000000000000000
mem[X,0x0000000080000090] -> 0xD793
mem[X,0x0000000080000092] -> 0x039C
[41] [M]: 0x0000000080000090 (0x039CD793) srli a5, s9, 0x39
x15 <- 0x0000000000000000
mem[X,0x0000000080000094] -> 0x6D33
mem[X,0x0000000080000096] -> 0x00FD
[42] [M]: 0x0000000080000094 (0x00FD6D33) or s10, s10, a5
x26 <- 0x0000000000000000
mem[X,0x0000000080000098] -> 0x5D93
mem[X,0x000000008000009A] -> 0x007D
[43] [M]: 0x0000000080000098 (0x007D5D93) srli s11, s10, 0x7
x27 <- 0x0000000000000000
mem[X,0x000000008000009C] -> 0x5793
mem[X,0x000000008000009E] -> 0x039D
[44] [M]: 0x000000008000009C (0x039D5793) srli a5, s10, 0x39
x15 <- 0x0000000000000000
mem[X,0x00000000800000A0] -> 0xEDB3
mem[X,0x00000000800000A2] -> 0x00FD
[45] [M]: 0x00000000800000A0 (0x00FDEDB3) or s11, s11, a5
x27 <- 0x0000000000000000
mem[X,0x00000000800000A4] -> 0xDE13
mem[X,0x00000000800000A6] -> 0x007D
[46] [M]: 0x00000000800000A4 (0x007DDE13) srli t3, s11, 0x7
x28 <- 0x0000000000000000
mem[X,0x00000000800000A8] -> 0xD793
mem[X,0x00000000800000AA] -> 0x039D
[47] [M]: 0x00000000800000A8 (0x039DD793) srli a5, s11, 0x39
x15 <- 0x0000000000000000
mem[X,0x00000000800000AC] -> 0x6E33
mem[X,0x00000000800000AE] -> 0x00FE
[48] [M]: 0x00000000800000AC (0x00FE6E33) or t3, t3, a5
x28 <- 0x0000000000000000
mem[X,0x00000000800000B0] -> 0x5E93
mem[X,0x00000000800000B2] -> 0x007E
[49] [M]: 0x00000000800000B0 (0x007E5E93) srli t4, t3, 0x7
x29 <- 0x0000000000000000
mem[X,0x00000000800000B4] -> 0x5793
mem[X,0x00000000800000B6] -> 0x039E
[50] [M]: 0x00000000800000B4 (0x039E5793) srli a5, t3, 0x39
x15 <- 0x0000000000000000
mem[X,0x00000000800000B8] -> 0xEEB3
mem[X,0x00000000800000BA] -> 0x00FE
[51] [M]: 0x00000000800000B8 (0x00FEEEB3) or t4, t4, a5
x29 <- 0x0000000000000000
mem[X,0x00000000800000BC] -> 0xDF13
mem[X,0x00000000800000BE] -> 0x007E
[52] [M]: 0x00000000800000BC (0x007EDF13) srli t5, t4, 0x7
x30 <- 0x0000000000000000
mem[X,0x00000000800000C0] -> 0xD793
mem[X,0x00000000800000C2] -> 0x039E
[53] [M]: 0x00000000800000C0 (0x039ED793) srli a5, t4, 0x39
x15 <- 0x0000000000000000
mem[X,0x00000000800000C4] -> 0x6F33
mem[X,0x00000000800000C6] -> 0x00FF
[54] [M]: 0x00000000800000C4 (0x00FF6F33) or t5, t5, a5
x30 <- 0x0000000000000000
mem[X,0x00000000800000C8] -> 0xC0B7
mem[X,0x00000000800000CA] -> 0xFEED
[55] [M]: 0x00000000800000C8 (0xFEEDC0B7) lui ra, -0x1124
x1 <- 0xFFFFFFFFFEEDC000
mem[X,0x00000000800000CC] -> 0x8093
mem[X,0x00000000800000CE] -> 0xEAD0
[56] [M]: 0x00000000800000CC (0xEAD08093) addi ra, ra, -0x153
x1 <- 0xFFFFFFFFFEEDBEAD
mem[X,0x00000000800000D0] -> 0x9093
mem[X,0x00000000800000D2] -> 0x00B0
[57] [M]: 0x00000000800000D0 (0x00B09093) slli ra, ra, 0xb
x1 <- 0xFFFFFFF76DF56800
mem[X,0x00000000800000D4] -> 0x8093
mem[X,0x00000000800000D6] -> 0x7F70
[58] [M]: 0x00000000800000D4 (0x7F708093) addi ra, ra, 0x7f7
x1 <- 0xFFFFFFF76DF56FF7
mem[X,0x00000000800000D8] -> 0x9093
mem[X,0x00000000800000DA] -> 0x00B0
[59] [M]: 0x00000000800000D8 (0x00B09093) slli ra, ra, 0xb
x1 <- 0xFFFFBB6FAB7FB800
mem[X,0x00000000800000DC] -> 0x8093
mem[X,0x00000000800000DE] -> 0x36F0
[60] [M]: 0x00000000800000DC (0x36F08093) addi ra, ra, 0x36f
x1 <- 0xFFFFBB6FAB7FBB6F
mem[X,0x00000000800000E0] -> 0x9093
mem[X,0x00000000800000E2] -> 0x00A0
[61] [M]: 0x00000000800000E0 (0x00A09093) slli ra, ra, 0xa
x1 <- 0xFEEDBEADFEEDBC00
mem[X,0x00000000800000E4] -> 0x8093
mem[X,0x00000000800000E6] -> 0x2AD0
[62] [M]: 0x00000000800000E4 (0x2AD08093) addi ra, ra, 0x2ad
x1 <- 0xFEEDBEADFEEDBEAD
mem[X,0x00000000800000E8] -> 0xD113
mem[X,0x00000000800000EA] -> 0x0070
[63] [M]: 0x00000000800000E8 (0x0070D113) srli sp, ra, 0x7
x2 <- 0x01FDDB7D5BFDDB7D
mem[X,0x00000000800000EC] -> 0xD793
mem[X,0x00000000800000EE] -> 0x0390
[64] [M]: 0x00000000800000EC (0x0390D793) srli a5, ra, 0x39
x15 <- 0x000000000000007F
mem[X,0x00000000800000F0] -> 0x6133
mem[X,0x00000000800000F2] -> 0x00F1
[65] [M]: 0x00000000800000F0 (0x00F16133) or sp, sp, a5
x2 <- 0x01FDDB7D5BFDDB7F
mem[X,0x00000000800000F4] -> 0x5193
mem[X,0x00000000800000F6] -> 0x0071
[66] [M]: 0x00000000800000F4 (0x00715193) srli gp, sp, 0x7
x3 <- 0x0003FBB6FAB7FBB6
mem[X,0x00000000800000F8] -> 0x5793
mem[X,0x00000000800000FA] -> 0x0391
[67] [M]: 0x00000000800000F8 (0x03915793) srli a5, sp, 0x39
x15 <- 0x0000000000000000
mem[X,0x00000000800000FC] -> 0xE1B3
mem[X,0x00000000800000FE] -> 0x00F1
[68] [M]: 0x00000000800000FC (0x00F1E1B3) or gp, gp, a5
x3 <- 0x0003FBB6FAB7FBB6
mem[X,0x0000000080000100] -> 0xD213
mem[X,0x0000000080000102] -> 0x0071
[69] [M]: 0x0000000080000100 (0x0071D213) srli tp, gp, 0x7
x4 <- 0x000007F76DF56FF7
mem[X,0x0000000080000104] -> 0xD793
mem[X,0x0000000080000106] -> 0x0391
[70] [M]: 0x0000000080000104 (0x0391D793) srli a5, gp, 0x39
x15 <- 0x0000000000000000
mem[X,0x0000000080000108] -> 0x6233
mem[X,0x000000008000010A] -> 0x00F2
[71] [M]: 0x0000000080000108 (0x00F26233) or tp, tp, a5
x4 <- 0x000007F76DF56FF7
mem[X,0x000000008000010C] -> 0x5293
mem[X,0x000000008000010E] -> 0x0072
[72] [M]: 0x000000008000010C (0x00725293) srli t0, tp, 0x7
x5 <- 0x0000000FEEDBEADF
mem[X,0x0000000080000110] -> 0x5793
mem[X,0x0000000080000112] -> 0x0392
[73] [M]: 0x0000000080000110 (0x03925793) srli a5, tp, 0x39
x15 <- 0x0000000000000000
mem[X,0x0000000080000114] -> 0xE2B3
mem[X,0x0000000080000116] -> 0x00F2
[74] [M]: 0x0000000080000114 (0x00F2E2B3) or t0, t0, a5
x5 <- 0x0000000FEEDBEADF
mem[X,0x0000000080000118] -> 0xD313
mem[X,0x000000008000011A] -> 0x0072
[75] [M]: 0x0000000080000118 (0x0072D313) srli t1, t0, 0x7
x6 <- 0x000000001FDDB7D5
mem[X,0x000000008000011C] -> 0xD793
mem[X,0x000000008000011E] -> 0x0392
[76] [M]: 0x000000008000011C (0x0392D793) srli a5, t0, 0x39
x15 <- 0x0000000000000000
mem[X,0x0000000080000120] -> 0x6333
mem[X,0x0000000080000122] -> 0x00F3
[77] [M]: 0x0000000080000120 (0x00F36333) or t1, t1, a5
x6 <- 0x000000001FDDB7D5
mem[X,0x0000000080000124] -> 0x5393
mem[X,0x0000000080000126] -> 0x0073
[78] [M]: 0x0000000080000124 (0x00735393) srli t2, t1, 0x7
x7 <- 0x00000000003FBB6F
mem[X,0x0000000080000128] -> 0x5793
mem[X,0x000000008000012A] -> 0x0393
[79] [M]: 0x0000000080000128 (0x03935793) srli a5, t1, 0x39
x15 <- 0x0000000000000000
mem[X,0x000000008000012C] -> 0xE3B3
mem[X,0x000000008000012E] -> 0x00F3
[80] [M]: 0x000000008000012C (0x00F3E3B3) or t2, t2, a5
x7 <- 0x00000000003FBB6F
mem[X,0x0000000080000130] -> 0xD413
mem[X,0x0000000080000132] -> 0x0073
[81] [M]: 0x0000000080000130 (0x0073D413) srli fp, t2, 0x7
x8 <- 0x0000000000007F76
mem[X,0x0000000080000134] -> 0xD793
mem[X,0x0000000080000136] -> 0x0393
[82] [M]: 0x0000000080000134 (0x0393D793) srli a5, t2, 0x39
x15 <- 0x0000000000000000
mem[X,0x0000000080000138] -> 0x6433
mem[X,0x000000008000013A] -> 0x00F4
[83] [M]: 0x0000000080000138 (0x00F46433) or fp, fp, a5
x8 <- 0x0000000000007F76
mem[X,0x000000008000013C] -> 0x5493
mem[X,0x000000008000013E] -> 0x0074
[84] [M]: 0x000000008000013C (0x00745493) srli s1, fp, 0x7
x9 <- 0x00000000000000FE
mem[X,0x0000000080000140] -> 0x5793
mem[X,0x0000000080000142] -> 0x0394
[85] [M]: 0x0000000080000140 (0x03945793) srli a5, fp, 0x39
x15 <- 0x0000000000000000
mem[X,0x0000000080000144] -> 0xE4B3
mem[X,0x0000000080000146] -> 0x00F4
[86] [M]: 0x0000000080000144 (0x00F4E4B3) or s1, s1, a5
x9 <- 0x00000000000000FE
mem[X,0x0000000080000148] -> 0xD513
mem[X,0x000000008000014A] -> 0x0074
[87] [M]: 0x0000000080000148 (0x0074D513) srli a0, s1, 0x7
x10 <- 0x0000000000000001
mem[X,0x000000008000014C] -> 0xD793
mem[X,0x000000008000014E] -> 0x0394
[88] [M]: 0x000000008000014C (0x0394D793) srli a5, s1, 0x39
x15 <- 0x0000000000000000
mem[X,0x0000000080000150] -> 0x6533
mem[X,0x0000000080000152] -> 0x00F5
[89] [M]: 0x0000000080000150 (0x00F56533) or a0, a0, a5
x10 <- 0x0000000000000001
mem[X,0x0000000080000154] -> 0x5593
mem[X,0x0000000080000156] -> 0x0075
[90] [M]: 0x0000000080000154 (0x00755593) srli a1, a0, 0x7
x11 <- 0x0000000000000000
mem[X,0x0000000080000158] -> 0x5793
mem[X,0x000000008000015A] -> 0x0395
[91] [M]: 0x0000000080000158 (0x03955793) srli a5, a0, 0x39
x15 <- 0x0000000000000000
mem[X,0x000000008000015C] -> 0xE5B3
mem[X,0x000000008000015E] -> 0x00F5
[92] [M]: 0x000000008000015C (0x00F5E5B3) or a1, a1, a5
x11 <- 0x0000000000000000
mem[X,0x0000000080000160] -> 0xD613
mem[X,0x0000000080000162] -> 0x0075
[93] [M]: 0x0000000080000160 (0x0075D613) srli a2, a1, 0x7
x12 <- 0x0000000000000000
mem[X,0x0000000080000164] -> 0xD793
mem[X,0x0000000080000166] -> 0x0395
[94] [M]: 0x0000000080000164 (0x0395D793) srli a5, a1, 0x39
x15 <- 0x0000000000000000
mem[X,0x0000000080000168] -> 0x6633
mem[X,0x000000008000016A] -> 0x00F6
[95] [M]: 0x0000000080000168 (0x00F66633) or a2, a2, a5
x12 <- 0x0000000000000000
mem[X,0x000000008000016C] -> 0x5693
mem[X,0x000000008000016E] -> 0x0076
[96] [M]: 0x000000008000016C (0x00765693) srli a3, a2, 0x7
x13 <- 0x0000000000000000
mem[X,0x0000000080000170] -> 0x5793
mem[X,0x0000000080000172] -> 0x0396
[97] [M]: 0x0000000080000170 (0x03965793) srli a5, a2, 0x39
x15 <- 0x0000000000000000
mem[X,0x0000000080000174] -> 0xE6B3
mem[X,0x0000000080000176] -> 0x00F6
[98] [M]: 0x0000000080000174 (0x00F6E6B3) or a3, a3, a5
x13 <- 0x0000000000000000
mem[X,0x0000000080000178] -> 0x0013
mem[X,0x000000008000017A] -> 0x0000
[99] [M]: 0x0000000080000178 (0x00000013) addi zero, zero, 0x0
clint::tick mtime <- 0x0000000000000001
 clint timer pending at mtime 0x0000000000000001
htif::tick 0x0000000000000000
mem[X,0x000000008000017C] -> 0x0013
mem[X,0x000000008000017E] -> 0x0000
[100] [M]: 0x000000008000017C (0x00000013) addi zero, zero, 0x0
mem[X,0x0000000080000180] -> 0x6097
mem[X,0x0000000080000182] -> 0x0000
[101] [M]: 0x0000000080000180 (0x00006097) auipc ra, 0x6
x1 <- 0x0000000080006180
mem[X,0x0000000080000184] -> 0x8093
mem[X,0x0000000080000186] -> 0xF980
[102] [M]: 0x0000000080000184 (0xF9808093) addi ra, ra, -0x68
x1 <- 0x0000000080006118
mem[X,0x0000000080000188] -> 0x0013
mem[X,0x000000008000018A] -> 0x0000
[103] [M]: 0x0000000080000188 (0x00000013) addi zero, zero, 0x0
mem[X,0x000000008000018C] -> 0x0013
mem[X,0x000000008000018E] -> 0x0000
[104] [M]: 0x000000008000018C (0x00000013) addi zero, zero, 0x0
mem[X,0x0000000080000190] -> 0x0013
mem[X,0x0000000080000192] -> 0x0000
[105] [M]: 0x0000000080000190 (0x00000013) addi zero, zero, 0x0
mem[X,0x0000000080000194] -> 0x0013
mem[X,0x0000000080000196] -> 0x0000
[106] [M]: 0x0000000080000194 (0x00000013) addi zero, zero, 0x0
mem[X,0x0000000080000198] -> 0x0013
mem[X,0x000000008000019A] -> 0x0000
[107] [M]: 0x0000000080000198 (0x00000013) addi zero, zero, 0x0
mem[X,0x000000008000019C] -> 0x0013
mem[X,0x000000008000019E] -> 0x0000
[108] [M]: 0x000000008000019C (0x00000013) addi zero, zero, 0x0
mem[X,0x00000000800001A0] -> 0x0613
mem[X,0x00000000800001A2] -> 0xFFF0
[109] [M]: 0x00000000800001A0 (0xFFF00613) addi a2, zero, -0x1
x12 <- 0xFFFFFFFFFFFFFFFF
mem[X,0x00000000800001A4] -> 0x1613
mem[X,0x00000000800001A6] -> 0x03F6
[110] [M]: 0x00000000800001A4 (0x03F61613) slli a2, a2, 0x3f
x12 <- 0x8000000000000000
mem[X,0x00000000800001A8] -> 0xA051
[111] [M]: 0x00000000800001A8 (0xA051) c.j 0x42
mem[X,0x000000008000022C] -> 0xF241
[112] [M]: 0x000000008000022C (0xF241) c.bnez a2, -0x40
mem[X,0x00000000800001AC] -> 0x0113
mem[X,0x00000000800001AE] -> 0x0011
[113] [M]: 0x00000000800001AC (0x00110113) addi sp, sp, 0x1
x2 <- 0x01FDDB7D5BFDDB80
mem[X,0x00000000800001B0] -> 0x006F
mem[X,0x00000000800001B2] -> 0x0880
[114] [M]: 0x00000000800001B0 (0x0880006F) jal zero, 0x88
mem[X,0x0000000080000238] -> 0xB023
mem[X,0x000000008000023A] -> 0x0020
[115] [M]: 0x0000000080000238 (0x0020B023) sd sp, 0x0(ra)
mem[0x0000000080006118] <- 0x01FDDB7D5BFDDB80
mem[X,0x000000008000023C] -> 0x0713
mem[X,0x000000008000023E] -> 0x0000
[116] [M]: 0x000000008000023C (0x00000713) addi a4, zero, 0x0
x14 <- 0x0000000000000000
mem[X,0x0000000080000240] -> 0xA031
[117] [M]: 0x0000000080000240 (0xA031) c.j 0x6
mem[X,0x000000008000024C] -> 0xEB09
[118] [M]: 0x000000008000024C (0xEB09) c.bnez a4, 0x9
mem[X,0x000000008000024E] -> 0x0113
mem[X,0x0000000080000250] -> 0x0021
[119] [M]: 0x000000008000024E (0x00210113) addi sp, sp, 0x2
x2 <- 0x01FDDB7D5BFDDB82
mem[X,0x0000000080000252] -> 0x006F
mem[X,0x0000000080000254] -> 0x00E0
[120] [M]: 0x0000000080000252 (0x00E0006F) jal zero, 0xe
mem[X,0x0000000080000260] -> 0xB423
mem[X,0x0000000080000262] -> 0x0020
[121] [M]: 0x0000000080000260 (0x0020B423) sd sp, 0x8(ra)
mem[0x0000000080006120] <- 0x01FDDB7D5BFDDB82
mem[X,0x0000000080000264] -> 0x0693
mem[X,0x0000000080000266] -> 0xFFF0
[122] [M]: 0x0000000080000264 (0xFFF00693) addi a3, zero, -0x1
x13 <- 0xFFFFFFFFFFFFFFFF
mem[X,0x0000000080000268] -> 0xD693
mem[X,0x000000008000026A] -> 0x0016
[123] [M]: 0x0000000080000268 (0x0016D693) srli a3, a3, 0x1
x13 <- 0x7FFFFFFFFFFFFFFF
mem[X,0x000000008000026C] -> 0xA031
[124] [M]: 0x000000008000026C (0xA031) c.j 0x6
mem[X,0x0000000080000278] -> 0xFEE5
[125] [M]: 0x0000000080000278 (0xFEE5) c.bnez a3, -0x4
mem[X,0x0000000080000270] -> 0x0113
mem[X,0x0000000080000272] -> 0x0011
[126] [M]: 0x0000000080000270 (0x00110113) addi sp, sp, 0x1
x2 <- 0x01FDDB7D5BFDDB83
mem[X,0x0000000080000274] -> 0x006F
mem[X,0x0000000080000276] -> 0x0100
[127] [M]: 0x0000000080000274 (0x0100006F) jal zero, 0x10
mem[X,0x0000000080000284] -> 0xB823
mem[X,0x0000000080000286] -> 0x0020
[128] [M]: 0x0000000080000284 (0x0020B823) sd sp, 0x10(ra)
mem[0x0000000080006128] <- 0x01FDDB7D5BFDDB83
mem[X,0x0000000080000288] -> 0x0793
mem[X,0x000000008000028A] -> 0x0010
[129] [M]: 0x0000000080000288 (0x00100793) addi a5, zero, 0x1
x15 <- 0x0000000000000001
mem[X,0x000000008000028C] -> 0xA039
[130] [M]: 0x000000008000028C (0xA039) c.j 0x7
mem[X,0x000000008000029A] -> 0xFBFD
[131] [M]: 0x000000008000029A (0xFBFD) c.bnez a5, -0x5
mem[X,0x0000000080000290] -> 0x0113
mem[X,0x0000000080000292] -> 0x0011
[132] [M]: 0x0000000080000290 (0x00110113) addi sp, sp, 0x1
x2 <- 0x01FDDB7D5BFDDB84
mem[X,0x0000000080000294] -> 0x006F
mem[X,0x0000000080000296] -> 0x0120
[133] [M]: 0x0000000080000294 (0x0120006F) jal zero, 0x12
mem[X,0x00000000800002A6] -> 0xBC23
mem[X,0x00000000800002A8] -> 0x0020
[134] [M]: 0x00000000800002A6 (0x0020BC23) sd sp, 0x18(ra)
mem[0x0000000080006130] <- 0x01FDDB7D5BFDDB84
mem[X,0x00000000800002AA] -> 0x0513
mem[X,0x00000000800002AC] -> 0x0010
[135] [M]: 0x00000000800002AA (0x00100513) addi a0, zero, 0x1
x10 <- 0x0000000000000001
mem[X,0x00000000800002AE] -> 0x1513
mem[X,0x00000000800002B0] -> 0x03D5
[136] [M]: 0x00000000800002AE (0x03D51513) slli a0, a0, 0x3d
x10 <- 0x2000000000000000
mem[X,0x00000000800002B2] -> 0xA031
[137] [M]: 0x00000000800002B2 (0xA031) c.j 0x6
mem[X,0x00000000800002BE] -> 0xE141
[138] [M]: 0x00000000800002BE (0xE141) c.bnez a0, 0x40
mem[X,0x000000008000033E] -> 0x010D
[139] [M]: 0x000000008000033E (0x010D) c.addi sp, 0x3
x2 <- 0x01FDDB7D5BFDDB87
mem[X,0x0000000080000340] -> 0xB023
mem[X,0x0000000080000342] -> 0x0220
[140] [M]: 0x0000000080000340 (0x0220B023) sd sp, 0x20(ra)
mem[0x0000000080006138] <- 0x01FDDB7D5BFDDB87
mem[X,0x0000000080000344] -> 0x0413
mem[X,0x0000000080000346] -> 0x0010
[141] [M]: 0x0000000080000344 (0x00100413) addi fp, zero, 0x1
x8 <- 0x0000000000000001
mem[X,0x0000000080000348] -> 0x1413
mem[X,0x000000008000034A] -> 0x00D4
[142] [M]: 0x0000000080000348 (0x00D41413) slli fp, fp, 0xd
x8 <- 0x0000000000002000
mem[X,0x000000008000034C] -> 0x4413
mem[X,0x000000008000034E] -> 0xFFF4
[143] [M]: 0x000000008000034C (0xFFF44413) xori fp, fp, -0x1
x8 <- 0xFFFFFFFFFFFFDFFF
mem[X,0x0000000080000350] -> 0xA031
[144] [M]: 0x0000000080000350 (0xA031) c.j 0x6
mem[X,0x000000008000035C] -> 0xE005
[145] [M]: 0x000000008000035C (0xE005) c.bnez s0, 0x10
mem[X,0x000000008000037C] -> 0x010D
[146] [M]: 0x000000008000037C (0x010D) c.addi sp, 0x3
x2 <- 0x01FDDB7D5BFDDB8A
mem[X,0x000000008000037E] -> 0xB423
mem[X,0x0000000080000380] -> 0x0220
[147] [M]: 0x000000008000037E (0x0220B423) sd sp, 0x28(ra)
mem[0x0000000080006140] <- 0x01FDDB7D5BFDDB8A
mem[X,0x0000000080000382] -> 0x0593
mem[X,0x0000000080000384] -> 0x0000
[148] [M]: 0x0000000080000382 (0x00000593) addi a1, zero, 0x0
x11 <- 0x0000000000000000
mem[X,0x0000000080000386] -> 0xA01D
[149] [M]: 0x0000000080000386 (0xA01D) c.j 0x13
mem[X,0x00000000800003AC] -> 0xFDF9
[150] [M]: 0x00000000800003AC (0xFDF9) c.bnez a1, -0x11
mem[X,0x00000000800003AE] -> 0x0113
mem[X,0x00000000800003B0] -> 0x0021
[151] [M]: 0x00000000800003AE (0x00210113) addi sp, sp, 0x2
x2 <- 0x01FDDB7D5BFDDB8C
mem[X,0x00000000800003B2] -> 0x006F
mem[X,0x00000000800003B4] -> 0x0060
[152] [M]: 0x00000000800003B2 (0x0060006F) jal zero, 0x6
mem[X,0x00000000800003B8] -> 0xB823
mem[X,0x00000000800003BA] -> 0x0220
[153] [M]: 0x00000000800003B8 (0x0220B823) sd sp, 0x30(ra)
mem[0x0000000080006148] <- 0x01FDDB7D5BFDDB8C
mem[X,0x00000000800003BC] -> 0x0493
mem[X,0x00000000800003BE] -> 0x0020
[154] [M]: 0x00000000800003BC (0x00200493) addi s1, zero, 0x2
x9 <- 0x0000000000000002
mem[X,0x00000000800003C0] -> 0xA031
[155] [M]: 0x00000000800003C0 (0xA031) c.j 0x6
mem[X,0x00000000800003CC] -> 0xE085
[156] [M]: 0x00000000800003CC (0xE085) c.bnez s1, 0x10
mem[X,0x00000000800003EC] -> 0x010D
[157] [M]: 0x00000000800003EC (0x010D) c.addi sp, 0x3
x2 <- 0x01FDDB7D5BFDDB8F
mem[X,0x00000000800003EE] -> 0xBC23
mem[X,0x00000000800003F0] -> 0x0220
[158] [M]: 0x00000000800003EE (0x0220BC23) sd sp, 0x38(ra)
mem[0x0000000080006150] <- 0x01FDDB7D5BFDDB8F
mem[X,0x00000000800003F2] -> 0x0513
mem[X,0x00000000800003F4] -> 0x0040
[159] [M]: 0x00000000800003F2 (0x00400513) addi a0, zero, 0x4
x10 <- 0x0000000000000004
mem[X,0x00000000800003F6] -> 0xA059
[160] [M]: 0x00000000800003F6 (0xA059) c.j 0x43
mem[X,0x000000008000047C] -> 0xFD3D
[161] [M]: 0x000000008000047C (0xFD3D) c.bnez a0, -0x41
mem[X,0x00000000800003FA] -> 0x0113
mem[X,0x00000000800003FC] -> 0x0011
[162] [M]: 0x00000000800003FA (0x00110113) addi sp, sp, 0x1
x2 <- 0x01FDDB7D5BFDDB90
mem[X,0x00000000800003FE] -> 0x006F
mem[X,0x0000000080000400] -> 0x08A0
[163] [M]: 0x00000000800003FE (0x08A0006F) jal zero, 0x8a
mem[X,0x0000000080000488] -> 0xB023
mem[X,0x000000008000048A] -> 0x0420
[164] [M]: 0x0000000080000488 (0x0420B023) sd sp, 0x40(ra)
mem[0x0000000080006158] <- 0x01FDDB7D5BFDDB90
mem[X,0x000000008000048C] -> 0x0513
mem[X,0x000000008000048E] -> 0x0080
[165] [M]: 0x000000008000048C (0x00800513) addi a0, zero, 0x8
x10 <- 0x0000000000000008
mem[X,0x0000000080000490] -> 0xA821
[166] [M]: 0x0000000080000490 (0xA821) c.j 0xc
mem[X,0x00000000800004A8] -> 0xF575
[167] [M]: 0x00000000800004A8 (0xF575) c.bnez a0, -0xa
mem[X,0x0000000080000494] -> 0x0113
mem[X,0x0000000080000496] -> 0x0011
[168] [M]: 0x0000000080000494 (0x00110113) addi sp, sp, 0x1
x2 <- 0x01FDDB7D5BFDDB91
mem[X,0x0000000080000498] -> 0x006F
mem[X,0x000000008000049A] -> 0x01C0
[169] [M]: 0x0000000080000498 (0x01C0006F) jal zero, 0x1c
mem[X,0x00000000800004B4] -> 0xB423
mem[X,0x00000000800004B6] -> 0x0420
[170] [M]: 0x00000000800004B4 (0x0420B423) sd sp, 0x48(ra)
mem[0x0000000080006160] <- 0x01FDDB7D5BFDDB91
mem[X,0x00000000800004B8] -> 0x0513
mem[X,0x00000000800004BA] -> 0x0100
[171] [M]: 0x00000000800004B8 (0x01000513) addi a0, zero, 0x10
x10 <- 0x0000000000000010
mem[X,0x00000000800004BC] -> 0xA809
[172] [M]: 0x00000000800004BC (0xA809) c.j 0x9
mem[X,0x00000000800004CE] -> 0xF96D
[173] [M]: 0x00000000800004CE (0xF96D) c.bnez a0, -0x7
mem[X,0x00000000800004C0] -> 0x0113
mem[X,0x00000000800004C2] -> 0x0011
[174] [M]: 0x00000000800004C0 (0x00110113) addi sp, sp, 0x1
x2 <- 0x01FDDB7D5BFDDB92
mem[X,0x00000000800004C4] -> 0x006F
mem[X,0x00000000800004C6] -> 0x0160
[175] [M]: 0x00000000800004C4 (0x0160006F) jal zero, 0x16
mem[X,0x00000000800004DA] -> 0xB823
mem[X,0x00000000800004DC] -> 0x0420
[176] [M]: 0x00000000800004DA (0x0420B823) sd sp, 0x50(ra)
mem[0x0000000080006168] <- 0x01FDDB7D5BFDDB92
mem[X,0x00000000800004DE] -> 0x0513
mem[X,0x00000000800004E0] -> 0x0200
[177] [M]: 0x00000000800004DE (0x02000513) addi a0, zero, 0x20
x10 <- 0x0000000000000020
mem[X,0x00000000800004E2] -> 0xA051
[178] [M]: 0x00000000800004E2 (0xA051) c.j 0x42
mem[X,0x0000000080000566] -> 0xF141
[179] [M]: 0x0000000080000566 (0xF141) c.bnez a0, -0x40
mem[X,0x00000000800004E6] -> 0x0113
mem[X,0x00000000800004E8] -> 0x0011
[180] [M]: 0x00000000800004E6 (0x00110113) addi sp, sp, 0x1
x2 <- 0x01FDDB7D5BFDDB93
mem[X,0x00000000800004EA] -> 0x006F
mem[X,0x00000000800004EC] -> 0x0880
[181] [M]: 0x00000000800004EA (0x0880006F) jal zero, 0x88
mem[X,0x0000000080000572] -> 0xBC23
mem[X,0x0000000080000574] -> 0x0420
[182] [M]: 0x0000000080000572 (0x0420BC23) sd sp, 0x58(ra)
mem[0x0000000080006170] <- 0x01FDDB7D5BFDDB93
mem[X,0x0000000080000576] -> 0x0513
mem[X,0x0000000080000578] -> 0x0400
[183] [M]: 0x0000000080000576 (0x04000513) addi a0, zero, 0x40
x10 <- 0x0000000000000040
mem[X,0x000000008000057A] -> 0xA031
[184] [M]: 0x000000008000057A (0xA031) c.j 0x6
mem[X,0x0000000080000586] -> 0xE509
[185] [M]: 0x0000000080000586 (0xE509) c.bnez a0, 0x5
mem[X,0x0000000080000590] -> 0x010D
[186] [M]: 0x0000000080000590 (0x010D) c.addi sp, 0x3
x2 <- 0x01FDDB7D5BFDDB96
mem[X,0x0000000080000592] -> 0xB023
mem[X,0x0000000080000594] -> 0x0620
[187] [M]: 0x0000000080000592 (0x0620B023) sd sp, 0x60(ra)
mem[0x0000000080006178] <- 0x01FDDB7D5BFDDB96
mem[X,0x0000000080000596] -> 0x0513
mem[X,0x0000000080000598] -> 0x0800
[188] [M]: 0x0000000080000596 (0x08000513) addi a0, zero, 0x80
x10 <- 0x0000000000000080
mem[X,0x000000008000059A] -> 0xA031
[189] [M]: 0x000000008000059A (0xA031) c.j 0x6
mem[X,0x00000000800005A6] -> 0xE141
[190] [M]: 0x00000000800005A6 (0xE141) c.bnez a0, 0x40
mem[X,0x0000000080000626] -> 0x010D
[191] [M]: 0x0000000080000626 (0x010D) c.addi sp, 0x3
x2 <- 0x01FDDB7D5BFDDB99
mem[X,0x0000000080000628] -> 0xB423
mem[X,0x000000008000062A] -> 0x0620
[192] [M]: 0x0000000080000628 (0x0620B423) sd sp, 0x68(ra)
mem[0x0000000080006180] <- 0x01FDDB7D5BFDDB99
mem[X,0x000000008000062C] -> 0x0513
mem[X,0x000000008000062E] -> 0x1000
[193] [M]: 0x000000008000062C (0x10000513) addi a0, zero, 0x100
x10 <- 0x0000000000000100
mem[X,0x0000000080000630] -> 0xA031
[194] [M]: 0x0000000080000630 (0xA031) c.j 0x6
mem[X,0x000000008000063C] -> 0xE509
[195] [M]: 0x000000008000063C (0xE509) c.bnez a0, 0x5
mem[X,0x0000000080000646] -> 0x010D
[196] [M]: 0x0000000080000646 (0x010D) c.addi sp, 0x3
x2 <- 0x01FDDB7D5BFDDB9C
mem[X,0x0000000080000648] -> 0xB823
mem[X,0x000000008000064A] -> 0x0620
[197] [M]: 0x0000000080000648 (0x0620B823) sd sp, 0x70(ra)
mem[0x0000000080006188] <- 0x01FDDB7D5BFDDB9C
mem[X,0x000000008000064C] -> 0x0513
mem[X,0x000000008000064E] -> 0x2000
[198] [M]: 0x000000008000064C (0x20000513) addi a0, zero, 0x200
x10 <- 0x0000000000000200
mem[X,0x0000000080000650] -> 0xA031
[199] [M]: 0x0000000080000650 (0xA031) c.j 0x6
clint::tick mtime <- 0x0000000000000002
 clint timer pending at mtime 0x0000000000000002
htif::tick 0x0000000000000000
mem[X,0x000000008000065C] -> 0xE105
[200] [M]: 0x000000008000065C (0xE105) c.bnez a0, 0x10
mem[X,0x000000008000067C] -> 0x010D
[201] [M]: 0x000000008000067C (0x010D) c.addi sp, 0x3
x2 <- 0x01FDDB7D5BFDDB9F
mem[X,0x000000008000067E] -> 0xBC23
mem[X,0x0000000080000680] -> 0x0620
[202] [M]: 0x000000008000067E (0x0620BC23) sd sp, 0x78(ra)
mem[0x0000000080006190] <- 0x01FDDB7D5BFDDB9F
mem[X,0x0000000080000682] -> 0x0513
mem[X,0x0000000080000684] -> 0x4000
[203] [M]: 0x0000000080000682 (0x40000513) addi a0, zero, 0x400
x10 <- 0x0000000000000400
mem[X,0x0000000080000686] -> 0xA099
[204] [M]: 0x0000000080000686 (0xA099) c.j 0x23
mem[X,0x00000000800006CC] -> 0xFD5D
[205] [M]: 0x00000000800006CC (0xFD5D) c.bnez a0, -0x21
mem[X,0x000000008000068A] -> 0x0113
mem[X,0x000000008000068C] -> 0x0011
[206] [M]: 0x000000008000068A (0x00110113) addi sp, sp, 0x1
x2 <- 0x01FDDB7D5BFDDBA0
mem[X,0x000000008000068E] -> 0x006F
mem[X,0x0000000080000690] -> 0x04A0
[207] [M]: 0x000000008000068E (0x04A0006F) jal zero, 0x4a
mem[X,0x00000000800006D8] -> 0xB023
mem[X,0x00000000800006DA] -> 0x0820
[208] [M]: 0x00000000800006D8 (0x0820B023) sd sp, 0x80(ra)
mem[0x0000000080006198] <- 0x01FDDB7D5BFDDBA0
mem[X,0x00000000800006DC] -> 0x0513
mem[X,0x00000000800006DE] -> 0x0010
[209] [M]: 0x00000000800006DC (0x00100513) addi a0, zero, 0x1
x10 <- 0x0000000000000001
mem[X,0x00000000800006E0] -> 0x1513
mem[X,0x00000000800006E2] -> 0x00B5
[210] [M]: 0x00000000800006E0 (0x00B51513) slli a0, a0, 0xb
x10 <- 0x0000000000000800
mem[X,0x00000000800006E4] -> 0xA845
[211] [M]: 0x00000000800006E4 (0xA845) c.j 0x58
mem[X,0x0000000080000794] -> 0xF931
[212] [M]: 0x0000000080000794 (0xF931) c.bnez a0, -0x56
mem[X,0x00000000800006E8] -> 0x0113
mem[X,0x00000000800006EA] -> 0x0011
[213] [M]: 0x00000000800006E8 (0x00110113) addi sp, sp, 0x1
x2 <- 0x01FDDB7D5BFDDBA1
mem[X,0x00000000800006EC] -> 0x006F
mem[X,0x00000000800006EE] -> 0x0B40
[214] [M]: 0x00000000800006EC (0x0B40006F) jal zero, 0xb4
mem[X,0x00000000800007A0] -> 0xB423
mem[X,0x00000000800007A2] -> 0x0820
[215] [M]: 0x00000000800007A0 (0x0820B423) sd sp, 0x88(ra)
mem[0x00000000800061A0] <- 0x01FDDB7D5BFDDBA1
mem[X,0x00000000800007A4] -> 0x0513
mem[X,0x00000000800007A6] -> 0x0010
[216] [M]: 0x00000000800007A4 (0x00100513) addi a0, zero, 0x1
x10 <- 0x0000000000000001
mem[X,0x00000000800007A8] -> 0x1513
mem[X,0x00000000800007AA] -> 0x00C5
[217] [M]: 0x00000000800007A8 (0x00C51513) slli a0, a0, 0xc
x10 <- 0x0000000000001000
mem[X,0x00000000800007AC] -> 0xA059
[218] [M]: 0x00000000800007AC (0xA059) c.j 0x43
mem[X,0x0000000080000832] -> 0xFD3D
[219] [M]: 0x0000000080000832 (0xFD3D) c.bnez a0, -0x41
mem[X,0x00000000800007B0] -> 0x0113
mem[X,0x00000000800007B2] -> 0x0011
[220] [M]: 0x00000000800007B0 (0x00110113) addi sp, sp, 0x1
x2 <- 0x01FDDB7D5BFDDBA2
mem[X,0x00000000800007B4] -> 0x006F
mem[X,0x00000000800007B6] -> 0x08A0
[221] [M]: 0x00000000800007B4 (0x08A0006F) jal zero, 0x8a
mem[X,0x000000008000083E] -> 0xB823
mem[X,0x0000000080000840] -> 0x0820
[222] [M]: 0x000000008000083E (0x0820B823) sd sp, 0x90(ra)
mem[0x00000000800061A8] <- 0x01FDDB7D5BFDDBA2
mem[X,0x0000000080000842] -> 0x0513
mem[X,0x0000000080000844] -> 0x0010
[223] [M]: 0x0000000080000842 (0x00100513) addi a0, zero, 0x1
x10 <- 0x0000000000000001
mem[X,0x0000000080000846] -> 0x1513
mem[X,0x0000000080000848] -> 0x00D5
[224] [M]: 0x0000000080000846 (0x00D51513) slli a0, a0, 0xd
x10 <- 0x0000000000002000
mem[X,0x000000008000084A] -> 0xA031
[225] [M]: 0x000000008000084A (0xA031) c.j 0x6
mem[X,0x0000000080000856] -> 0xE901
[226] [M]: 0x0000000080000856 (0xE901) c.bnez a0, 0x8
mem[X,0x0000000080000866] -> 0x010D
[227] [M]: 0x0000000080000866 (0x010D) c.addi sp, 0x3
x2 <- 0x01FDDB7D5BFDDBA5
mem[X,0x0000000080000868] -> 0xBC23
mem[X,0x000000008000086A] -> 0x0820
[228] [M]: 0x0000000080000868 (0x0820BC23) sd sp, 0x98(ra)
mem[0x00000000800061B0] <- 0x01FDDB7D5BFDDBA5
mem[X,0x000000008000086C] -> 0x0513
mem[X,0x000000008000086E] -> 0x0010
[229] [M]: 0x000000008000086C (0x00100513) addi a0, zero, 0x1
x10 <- 0x0000000000000001
mem[X,0x0000000080000870] -> 0x1513
mem[X,0x0000000080000872] -> 0x00E5
[230] [M]: 0x0000000080000870 (0x00E51513) slli a0, a0, 0xe
x10 <- 0x0000000000004000
mem[X,0x0000000080000874] -> 0xA031
[231] [M]: 0x0000000080000874 (0xA031) c.j 0x6
mem[X,0x0000000080000880] -> 0xE54D
[232] [M]: 0x0000000080000880 (0xE54D) c.bnez a0, 0x55
mem[X,0x000000008000092A] -> 0x010D
[233] [M]: 0x000000008000092A (0x010D) c.addi sp, 0x3
x2 <- 0x01FDDB7D5BFDDBA8
mem[X,0x000000008000092C] -> 0xB023
mem[X,0x000000008000092E] -> 0x0A20
[234] [M]: 0x000000008000092C (0x0A20B023) sd sp, 0xa0(ra)
mem[0x00000000800061B8] <- 0x01FDDB7D5BFDDBA8
mem[X,0x0000000080000930] -> 0x0513
mem[X,0x0000000080000932] -> 0x0010
[235] [M]: 0x0000000080000930 (0x00100513) addi a0, zero, 0x1
x10 <- 0x0000000000000001
mem[X,0x0000000080000934] -> 0x1513
mem[X,0x0000000080000936] -> 0x00F5
[236] [M]: 0x0000000080000934 (0x00F51513) slli a0, a0, 0xf
x10 <- 0x0000000000008000
mem[X,0x0000000080000938] -> 0xA031
[237] [M]: 0x0000000080000938 (0xA031) c.j 0x6
mem[X,0x0000000080000944] -> 0xE509
[238] [M]: 0x0000000080000944 (0xE509) c.bnez a0, 0x5
mem[X,0x000000008000094E] -> 0x010D
[239] [M]: 0x000000008000094E (0x010D) c.addi sp, 0x3
x2 <- 0x01FDDB7D5BFDDBAB
mem[X,0x0000000080000950] -> 0xB423
mem[X,0x0000000080000952] -> 0x0A20
[240] [M]: 0x0000000080000950 (0x0A20B423) sd sp, 0xa8(ra)
mem[0x00000000800061C0] <- 0x01FDDB7D5BFDDBAB
mem[X,0x0000000080000954] -> 0x0513
mem[X,0x0000000080000956] -> 0x0010
[241] [M]: 0x0000000080000954 (0x00100513) addi a0, zero, 0x1
x10 <- 0x0000000000000001
mem[X,0x0000000080000958] -> 0x1513
mem[X,0x000000008000095A] -> 0x0105
[242] [M]: 0x0000000080000958 (0x01051513) slli a0, a0, 0x10
x10 <- 0x0000000000010000
mem[X,0x000000008000095C] -> 0xA051
[243] [M]: 0x000000008000095C (0xA051) c.j 0x42
mem[X,0x00000000800009E0] -> 0xF141
[244] [M]: 0x00000000800009E0 (0xF141) c.bnez a0, -0x40
mem[X,0x0000000080000960] -> 0x0113
mem[X,0x0000000080000962] -> 0x0011
[245] [M]: 0x0000000080000960 (0x00110113) addi sp, sp, 0x1
x2 <- 0x01FDDB7D5BFDDBAC
mem[X,0x0000000080000964] -> 0x006F
mem[X,0x0000000080000966] -> 0x0880
[246] [M]: 0x0000000080000964 (0x0880006F) jal zero, 0x88
mem[X,0x00000000800009EC] -> 0xB823
mem[X,0x00000000800009EE] -> 0x0A20
[247] [M]: 0x00000000800009EC (0x0A20B823) sd sp, 0xb0(ra)
mem[0x00000000800061C8] <- 0x01FDDB7D5BFDDBAC
mem[X,0x00000000800009F0] -> 0x0513
mem[X,0x00000000800009F2] -> 0x0010
[248] [M]: 0x00000000800009F0 (0x00100513) addi a0, zero, 0x1
x10 <- 0x0000000000000001
mem[X,0x00000000800009F4] -> 0x1513
mem[X,0x00000000800009F6] -> 0x0115
[249] [M]: 0x00000000800009F4 (0x01151513) slli a0, a0, 0x11
x10 <- 0x0000000000020000
mem[X,0x00000000800009F8] -> 0xA031
[250] [M]: 0x00000000800009F8 (0xA031) c.j 0x6
mem[X,0x0000000080000A04] -> 0xE901
[251] [M]: 0x0000000080000A04 (0xE901) c.bnez a0, 0x8
mem[X,0x0000000080000A14] -> 0x010D
[252] [M]: 0x0000000080000A14 (0x010D) c.addi sp, 0x3
x2 <- 0x01FDDB7D5BFDDBAF
mem[X,0x0000000080000A16] -> 0xBC23
mem[X,0x0000000080000A18] -> 0x0A20
[253] [M]: 0x0000000080000A16 (0x0A20BC23) sd sp, 0xb8(ra)
mem[0x00000000800061D0] <- 0x01FDDB7D5BFDDBAF
mem[X,0x0000000080000A1A] -> 0x0513
mem[X,0x0000000080000A1C] -> 0x0010
[254] [M]: 0x0000000080000A1A (0x00100513) addi a0, zero, 0x1
x10 <- 0x0000000000000001
mem[X,0x0000000080000A1E] -> 0x1513
mem[X,0x0000000080000A20] -> 0x0125
[255] [M]: 0x0000000080000A1E (0x01251513) slli a0, a0, 0x12
x10 <- 0x0000000000040000
mem[X,0x0000000080000A22] -> 0xA01D
[256] [M]: 0x0000000080000A22 (0xA01D) c.j 0x13
mem[X,0x0000000080000A48] -> 0xFD79
[257] [M]: 0x0000000080000A48 (0xFD79) c.bnez a0, -0x11
mem[X,0x0000000080000A26] -> 0x0113
mem[X,0x0000000080000A28] -> 0x0011
[258] [M]: 0x0000000080000A26 (0x00110113) addi sp, sp, 0x1
x2 <- 0x01FDDB7D5BFDDBB0
mem[X,0x0000000080000A2A] -> 0x006F
mem[X,0x0000000080000A2C] -> 0x02A0
[259] [M]: 0x0000000080000A2A (0x02A0006F) jal zero, 0x2a
mem[X,0x0000000080000A54] -> 0xB023
mem[X,0x0000000080000A56] -> 0x0C20
[260] [M]: 0x0000000080000A54 (0x0C20B023) sd sp, 0xc0(ra)
mem[0x00000000800061D8] <- 0x01FDDB7D5BFDDBB0
mem[X,0x0000000080000A58] -> 0x0513
mem[X,0x0000000080000A5A] -> 0x0010
[261] [M]: 0x0000000080000A58 (0x00100513) addi a0, zero, 0x1
x10 <- 0x0000000000000001
mem[X,0x0000000080000A5C] -> 0x1513
mem[X,0x0000000080000A5E] -> 0x0135
[262] [M]: 0x0000000080000A5C (0x01351513) slli a0, a0, 0x13
x10 <- 0x0000000000080000
mem[X,0x0000000080000A60] -> 0xA811
[263] [M]: 0x0000000080000A60 (0xA811) c.j 0xa
mem[X,0x0000000080000A74] -> 0xF965
[264] [M]: 0x0000000080000A74 (0xF965) c.bnez a0, -0x8
mem[X,0x0000000080000A64] -> 0x0113
mem[X,0x0000000080000A66] -> 0x0011
[265] [M]: 0x0000000080000A64 (0x00110113) addi sp, sp, 0x1
x2 <- 0x01FDDB7D5BFDDBB1
mem[X,0x0000000080000A68] -> 0x006F
mem[X,0x0000000080000A6A] -> 0x0180
[266] [M]: 0x0000000080000A68 (0x0180006F) jal zero, 0x18
mem[X,0x0000000080000A80] -> 0xB423
mem[X,0x0000000080000A82] -> 0x0C20
[267] [M]: 0x0000000080000A80 (0x0C20B423) sd sp, 0xc8(ra)
mem[0x00000000800061E0] <- 0x01FDDB7D5BFDDBB1
mem[X,0x0000000080000A84] -> 0x0513
mem[X,0x0000000080000A86] -> 0x0010
[268] [M]: 0x0000000080000A84 (0x00100513) addi a0, zero, 0x1
x10 <- 0x0000000000000001
mem[X,0x0000000080000A88] -> 0x1513
mem[X,0x0000000080000A8A] -> 0x0145
[269] [M]: 0x0000000080000A88 (0x01451513) slli a0, a0, 0x14
x10 <- 0x0000000000100000
mem[X,0x0000000080000A8C] -> 0xA031
[270] [M]: 0x0000000080000A8C (0xA031) c.j 0x6
mem[X,0x0000000080000A98] -> 0xED3D
[271] [M]: 0x0000000080000A98 (0xED3D) c.bnez a0, 0x3f
mem[X,0x0000000080000B16] -> 0x010D
[272] [M]: 0x0000000080000B16 (0x010D) c.addi sp, 0x3
x2 <- 0x01FDDB7D5BFDDBB4
mem[X,0x0000000080000B18] -> 0xB823
mem[X,0x0000000080000B1A] -> 0x0C20
[273] [M]: 0x0000000080000B18 (0x0C20B823) sd sp, 0xd0(ra)
mem[0x00000000800061E8] <- 0x01FDDB7D5BFDDBB4
mem[X,0x0000000080000B1C] -> 0x0513
mem[X,0x0000000080000B1E] -> 0x0010
[274] [M]: 0x0000000080000B1C (0x00100513) addi a0, zero, 0x1
x10 <- 0x0000000000000001
mem[X,0x0000000080000B20] -> 0x1513
mem[X,0x0000000080000B22] -> 0x0155
[275] [M]: 0x0000000080000B20 (0x01551513) slli a0, a0, 0x15
x10 <- 0x0000000000200000
mem[X,0x0000000080000B24] -> 0xA031
[276] [M]: 0x0000000080000B24 (0xA031) c.j 0x6
mem[X,0x0000000080000B30] -> 0xFD65
[277] [M]: 0x0000000080000B30 (0xFD65) c.bnez a0, -0x4
mem[X,0x0000000080000B28] -> 0x0113
mem[X,0x0000000080000B2A] -> 0x0011
[278] [M]: 0x0000000080000B28 (0x00110113) addi sp, sp, 0x1
x2 <- 0x01FDDB7D5BFDDBB5
mem[X,0x0000000080000B2C] -> 0x006F
mem[X,0x0000000080000B2E] -> 0x0100
[279] [M]: 0x0000000080000B2C (0x0100006F) jal zero, 0x10
mem[X,0x0000000080000B3C] -> 0xBC23
mem[X,0x0000000080000B3E] -> 0x0C20
[280] [M]: 0x0000000080000B3C (0x0C20BC23) sd sp, 0xd8(ra)
mem[0x00000000800061F0] <- 0x01FDDB7D5BFDDBB5
mem[X,0x0000000080000B40] -> 0x0513
mem[X,0x0000000080000B42] -> 0x0010
[281] [M]: 0x0000000080000B40 (0x00100513) addi a0, zero, 0x1
x10 <- 0x0000000000000001
mem[X,0x0000000080000B44] -> 0x1513
mem[X,0x0000000080000B46] -> 0x0165
[282] [M]: 0x0000000080000B44 (0x01651513) slli a0, a0, 0x16
x10 <- 0x0000000000400000
mem[X,0x0000000080000B48] -> 0xA031
[283] [M]: 0x0000000080000B48 (0xA031) c.j 0x6
mem[X,0x0000000080000B54] -> 0xE901
[284] [M]: 0x0000000080000B54 (0xE901) c.bnez a0, 0x8
mem[X,0x0000000080000B64] -> 0x010D
[285] [M]: 0x0000000080000B64 (0x010D) c.addi sp, 0x3
x2 <- 0x01FDDB7D5BFDDBB8
mem[X,0x0000000080000B66] -> 0xB023
mem[X,0x0000000080000B68] -> 0x0E20
[286] [M]: 0x0000000080000B66 (0x0E20B023) sd sp, 0xe0(ra)
mem[0x00000000800061F8] <- 0x01FDDB7D5BFDDBB8
mem[X,0x0000000080000B6A] -> 0x0513
mem[X,0x0000000080000B6C] -> 0x0010
[287] [M]: 0x0000000080000B6A (0x00100513) addi a0, zero, 0x1
x10 <- 0x0000000000000001
mem[X,0x0000000080000B6E] -> 0x1513
mem[X,0x0000000080000B70] -> 0x0175
[288] [M]: 0x0000000080000B6E (0x01751513) slli a0, a0, 0x17
x10 <- 0x0000000000800000
mem[X,0x0000000080000B72] -> 0xA031
[289] [M]: 0x0000000080000B72 (0xA031) c.j 0x6
mem[X,0x0000000080000B7E] -> 0xE509
[290] [M]: 0x0000000080000B7E (0xE509) c.bnez a0, 0x5
mem[X,0x0000000080000B88] -> 0x010D
[291] [M]: 0x0000000080000B88 (0x010D) c.addi sp, 0x3
x2 <- 0x01FDDB7D5BFDDBBB
mem[X,0x0000000080000B8A] -> 0xB423
mem[X,0x0000000080000B8C] -> 0x0E20
[292] [M]: 0x0000000080000B8A (0x0E20B423) sd sp, 0xe8(ra)
mem[0x0000000080006200] <- 0x01FDDB7D5BFDDBBB
mem[X,0x0000000080000B8E] -> 0x0513
mem[X,0x0000000080000B90] -> 0x0010
[293] [M]: 0x0000000080000B8E (0x00100513) addi a0, zero, 0x1
x10 <- 0x0000000000000001
mem[X,0x0000000080000B92] -> 0x1513
mem[X,0x0000000080000B94] -> 0x0185
[294] [M]: 0x0000000080000B92 (0x01851513) slli a0, a0, 0x18
x10 <- 0x0000000001000000
mem[X,0x0000000080000B96] -> 0xA031
[295] [M]: 0x0000000080000B96 (0xA031) c.j 0x6
mem[X,0x0000000080000BA2] -> 0xED3D
[296] [M]: 0x0000000080000BA2 (0xED3D) c.bnez a0, 0x3f
mem[X,0x0000000080000C20] -> 0x010D
[297] [M]: 0x0000000080000C20 (0x010D) c.addi sp, 0x3
x2 <- 0x01FDDB7D5BFDDBBE
mem[X,0x0000000080000C22] -> 0xB823
mem[X,0x0000000080000C24] -> 0x0E20
[298] [M]: 0x0000000080000C22 (0x0E20B823) sd sp, 0xf0(ra)
mem[0x0000000080006208] <- 0x01FDDB7D5BFDDBBE
mem[X,0x0000000080000C26] -> 0x0513
mem[X,0x0000000080000C28] -> 0x0010
[299] [M]: 0x0000000080000C26 (0x00100513) addi a0, zero, 0x1
x10 <- 0x0000000000000001
clint::tick mtime <- 0x0000000000000003
 clint timer pending at mtime 0x0000000000000003
htif::tick 0x0000000000000000
mem[X,0x0000000080000C2A] -> 0x1513
mem[X,0x0000000080000C2C] -> 0x0195
[300] [M]: 0x0000000080000C2A (0x01951513) slli a0, a0, 0x19
x10 <- 0x0000000002000000
mem[X,0x0000000080000C2E] -> 0xA059
[301] [M]: 0x0000000080000C2E (0xA059) c.j 0x43
mem[X,0x0000000080000CB4] -> 0xFD3D
[302] [M]: 0x0000000080000CB4 (0xFD3D) c.bnez a0, -0x41
mem[X,0x0000000080000C32] -> 0x0113
mem[X,0x0000000080000C34] -> 0x0011
[303] [M]: 0x0000000080000C32 (0x00110113) addi sp, sp, 0x1
x2 <- 0x01FDDB7D5BFDDBBF
mem[X,0x0000000080000C36] -> 0x006F
mem[X,0x0000000080000C38] -> 0x08A0
[304] [M]: 0x0000000080000C36 (0x08A0006F) jal zero, 0x8a
mem[X,0x0000000080000CC0] -> 0xBC23
mem[X,0x0000000080000CC2] -> 0x0E20
[305] [M]: 0x0000000080000CC0 (0x0E20BC23) sd sp, 0xf8(ra)
mem[0x0000000080006210] <- 0x01FDDB7D5BFDDBBF
mem[X,0x0000000080000CC4] -> 0x0513
mem[X,0x0000000080000CC6] -> 0x0010
[306] [M]: 0x0000000080000CC4 (0x00100513) addi a0, zero, 0x1
x10 <- 0x0000000000000001
mem[X,0x0000000080000CC8] -> 0x1513
mem[X,0x0000000080000CCA] -> 0x01A5
[307] [M]: 0x0000000080000CC8 (0x01A51513) slli a0, a0, 0x1a
x10 <- 0x0000000004000000
mem[X,0x0000000080000CCC] -> 0xA031
[308] [M]: 0x0000000080000CCC (0xA031) c.j 0x6
mem[X,0x0000000080000CD8] -> 0xE509
[309] [M]: 0x0000000080000CD8 (0xE509) c.bnez a0, 0x5
mem[X,0x0000000080000CE2] -> 0x010D
[310] [M]: 0x0000000080000CE2 (0x010D) c.addi sp, 0x3
x2 <- 0x01FDDB7D5BFDDBC2
mem[X,0x0000000080000CE4] -> 0xB023
mem[X,0x0000000080000CE6] -> 0x1020
[311] [M]: 0x0000000080000CE4 (0x1020B023) sd sp, 0x100(ra)
mem[0x0000000080006218] <- 0x01FDDB7D5BFDDBC2
mem[X,0x0000000080000CE8] -> 0x0513
mem[X,0x0000000080000CEA] -> 0x0010
[312] [M]: 0x0000000080000CE8 (0x00100513) addi a0, zero, 0x1
x10 <- 0x0000000000000001
mem[X,0x0000000080000CEC] -> 0x1513
mem[X,0x0000000080000CEE] -> 0x01B5
[313] [M]: 0x0000000080000CEC (0x01B51513) slli a0, a0, 0x1b
x10 <- 0x0000000008000000
mem[X,0x0000000080000CF0] -> 0xA819
[314] [M]: 0x0000000080000CF0 (0xA819) c.j 0xb
mem[X,0x0000000080000D06] -> 0xF57D
[315] [M]: 0x0000000080000D06 (0xF57D) c.bnez a0, -0x9
mem[X,0x0000000080000CF4] -> 0x0113
mem[X,0x0000000080000CF6] -> 0x0011
[316] [M]: 0x0000000080000CF4 (0x00110113) addi sp, sp, 0x1
x2 <- 0x01FDDB7D5BFDDBC3
mem[X,0x0000000080000CF8] -> 0x006F
mem[X,0x0000000080000CFA] -> 0x01A0
[317] [M]: 0x0000000080000CF8 (0x01A0006F) jal zero, 0x1a
mem[X,0x0000000080000D12] -> 0xB423
mem[X,0x0000000080000D14] -> 0x1020
[318] [M]: 0x0000000080000D12 (0x1020B423) sd sp, 0x108(ra)
mem[0x0000000080006220] <- 0x01FDDB7D5BFDDBC3
mem[X,0x0000000080000D16] -> 0x0513
mem[X,0x0000000080000D18] -> 0x0010
[319] [M]: 0x0000000080000D16 (0x00100513) addi a0, zero, 0x1
x10 <- 0x0000000000000001
mem[X,0x0000000080000D1A] -> 0x1513
mem[X,0x0000000080000D1C] -> 0x01C5
[320] [M]: 0x0000000080000D1A (0x01C51513) slli a0, a0, 0x1c
x10 <- 0x0000000010000000
mem[X,0x0000000080000D1E] -> 0xA031
[321] [M]: 0x0000000080000D1E (0xA031) c.j 0x6
mem[X,0x0000000080000D2A] -> 0xFD65
[322] [M]: 0x0000000080000D2A (0xFD65) c.bnez a0, -0x4
mem[X,0x0000000080000D22] -> 0x0113
mem[X,0x0000000080000D24] -> 0x0011
[323] [M]: 0x0000000080000D22 (0x00110113) addi sp, sp, 0x1
x2 <- 0x01FDDB7D5BFDDBC4
mem[X,0x0000000080000D26] -> 0x006F
mem[X,0x0000000080000D28] -> 0x0100
[324] [M]: 0x0000000080000D26 (0x0100006F) jal zero, 0x10
mem[X,0x0000000080000D36] -> 0xB823
mem[X,0x0000000080000D38] -> 0x1020
[325] [M]: 0x0000000080000D36 (0x1020B823) sd sp, 0x110(ra)
mem[0x0000000080006228] <- 0x01FDDB7D5BFDDBC4
mem[X,0x0000000080000D3A] -> 0x0513
mem[X,0x0000000080000D3C] -> 0x0010
[326] [M]: 0x0000000080000D3A (0x00100513) addi a0, zero, 0x1
x10 <- 0x0000000000000001
mem[X,0x0000000080000D3E] -> 0x1513
mem[X,0x0000000080000D40] -> 0x01D5
[327] [M]: 0x0000000080000D3E (0x01D51513) slli a0, a0, 0x1d
x10 <- 0x0000000020000000
mem[X,0x0000000080000D42] -> 0xA809
[328] [M]: 0x0000000080000D42 (0xA809) c.j 0x9
mem[X,0x0000000080000D54] -> 0xF96D
[329] [M]: 0x0000000080000D54 (0xF96D) c.bnez a0, -0x7
mem[X,0x0000000080000D46] -> 0x0113
mem[X,0x0000000080000D48] -> 0x0011
[330] [M]: 0x0000000080000D46 (0x00110113) addi sp, sp, 0x1
x2 <- 0x01FDDB7D5BFDDBC5
mem[X,0x0000000080000D4A] -> 0x006F
mem[X,0x0000000080000D4C] -> 0x0160
[331] [M]: 0x0000000080000D4A (0x0160006F) jal zero, 0x16
mem[X,0x0000000080000D60] -> 0xBC23
mem[X,0x0000000080000D62] -> 0x1020
[332] [M]: 0x0000000080000D60 (0x1020BC23) sd sp, 0x118(ra)
mem[0x0000000080006230] <- 0x01FDDB7D5BFDDBC5
mem[X,0x0000000080000D64] -> 0x0513
mem[X,0x0000000080000D66] -> 0x0010
[333] [M]: 0x0000000080000D64 (0x00100513) addi a0, zero, 0x1
x10 <- 0x0000000000000001
mem[X,0x0000000080000D68] -> 0x1513
mem[X,0x0000000080000D6A] -> 0x01E5
[334] [M]: 0x0000000080000D68 (0x01E51513) slli a0, a0, 0x1e
x10 <- 0x0000000040000000
mem[X,0x0000000080000D6C] -> 0xA031
[335] [M]: 0x0000000080000D6C (0xA031) c.j 0x6
mem[X,0x0000000080000D78] -> 0xFD65
[336] [M]: 0x0000000080000D78 (0xFD65) c.bnez a0, -0x4
mem[X,0x0000000080000D70] -> 0x0113
mem[X,0x0000000080000D72] -> 0x0011
[337] [M]: 0x0000000080000D70 (0x00110113) addi sp, sp, 0x1
x2 <- 0x01FDDB7D5BFDDBC6
mem[X,0x0000000080000D74] -> 0x006F
mem[X,0x0000000080000D76] -> 0x0100
[338] [M]: 0x0000000080000D74 (0x0100006F) jal zero, 0x10
mem[X,0x0000000080000D84] -> 0xB023
mem[X,0x0000000080000D86] -> 0x1220
[339] [M]: 0x0000000080000D84 (0x1220B023) sd sp, 0x120(ra)
mem[0x0000000080006238] <- 0x01FDDB7D5BFDDBC6
mem[X,0x0000000080000D88] -> 0x0513
mem[X,0x0000000080000D8A] -> 0x0010
[340] [M]: 0x0000000080000D88 (0x00100513) addi a0, zero, 0x1
x10 <- 0x0000000000000001
mem[X,0x0000000080000D8C] -> 0x1513
mem[X,0x0000000080000D8E] -> 0x01F5
[341] [M]: 0x0000000080000D8C (0x01F51513) slli a0, a0, 0x1f
x10 <- 0x0000000080000000
mem[X,0x0000000080000D90] -> 0xA031
[342] [M]: 0x0000000080000D90 (0xA031) c.j 0x6
mem[X,0x0000000080000D9C] -> 0xFD65
[343] [M]: 0x0000000080000D9C (0xFD65) c.bnez a0, -0x4
mem[X,0x0000000080000D94] -> 0x0113
mem[X,0x0000000080000D96] -> 0x0011
[344] [M]: 0x0000000080000D94 (0x00110113) addi sp, sp, 0x1
x2 <- 0x01FDDB7D5BFDDBC7
mem[X,0x0000000080000D98] -> 0x006F
mem[X,0x0000000080000D9A] -> 0x0100
[345] [M]: 0x0000000080000D98 (0x0100006F) jal zero, 0x10
mem[X,0x0000000080000DA8] -> 0xB423
mem[X,0x0000000080000DAA] -> 0x1220
[346] [M]: 0x0000000080000DA8 (0x1220B423) sd sp, 0x128(ra)
mem[0x0000000080006240] <- 0x01FDDB7D5BFDDBC7
mem[X,0x0000000080000DAC] -> 0x0513
mem[X,0x0000000080000DAE] -> 0x0010
[347] [M]: 0x0000000080000DAC (0x00100513) addi a0, zero, 0x1
x10 <- 0x0000000000000001
mem[X,0x0000000080000DB0] -> 0x1513
mem[X,0x0000000080000DB2] -> 0x0205
[348] [M]: 0x0000000080000DB0 (0x02051513) slli a0, a0, 0x20
x10 <- 0x0000000100000000
mem[X,0x0000000080000DB4] -> 0xA039
[349] [M]: 0x0000000080000DB4 (0xA039) c.j 0x7
mem[X,0x0000000080000DC2] -> 0xF97D
[350] [M]: 0x0000000080000DC2 (0xF97D) c.bnez a0, -0x5
mem[X,0x0000000080000DB8] -> 0x0113
mem[X,0x0000000080000DBA] -> 0x0011
[351] [M]: 0x0000000080000DB8 (0x00110113) addi sp, sp, 0x1
x2 <- 0x01FDDB7D5BFDDBC8
mem[X,0x0000000080000DBC] -> 0x006F
mem[X,0x0000000080000DBE] -> 0x0120
[352] [M]: 0x0000000080000DBC (0x0120006F) jal zero, 0x12
mem[X,0x0000000080000DCE] -> 0xB823
mem[X,0x0000000080000DD0] -> 0x1220
[353] [M]: 0x0000000080000DCE (0x1220B823) sd sp, 0x130(ra)
mem[0x0000000080006248] <- 0x01FDDB7D5BFDDBC8
mem[X,0x0000000080000DD2] -> 0x0513
mem[X,0x0000000080000DD4] -> 0x0010
[354] [M]: 0x0000000080000DD2 (0x00100513) addi a0, zero, 0x1
x10 <- 0x0000000000000001
mem[X,0x0000000080000DD6] -> 0x1513
mem[X,0x0000000080000DD8] -> 0x0215
[355] [M]: 0x0000000080000DD6 (0x02151513) slli a0, a0, 0x21
x10 <- 0x0000000200000000
mem[X,0x0000000080000DDA] -> 0xA801
[356] [M]: 0x0000000080000DDA (0xA801) c.j 0x8
mem[X,0x0000000080000DEA] -> 0xF975
[357] [M]: 0x0000000080000DEA (0xF975) c.bnez a0, -0x6
mem[X,0x0000000080000DDE] -> 0x0113
mem[X,0x0000000080000DE0] -> 0x0011
[358] [M]: 0x0000000080000DDE (0x00110113) addi sp, sp, 0x1
x2 <- 0x01FDDB7D5BFDDBC9
mem[X,0x0000000080000DE2] -> 0x006F
mem[X,0x0000000080000DE4] -> 0x0140
[359] [M]: 0x0000000080000DE2 (0x0140006F) jal zero, 0x14
mem[X,0x0000000080000DF6] -> 0xBC23
mem[X,0x0000000080000DF8] -> 0x1220
[360] [M]: 0x0000000080000DF6 (0x1220BC23) sd sp, 0x138(ra)
mem[0x0000000080006250] <- 0x01FDDB7D5BFDDBC9
mem[X,0x0000000080000DFA] -> 0x0513
mem[X,0x0000000080000DFC] -> 0x0010
[361] [M]: 0x0000000080000DFA (0x00100513) addi a0, zero, 0x1
x10 <- 0x0000000000000001
mem[X,0x0000000080000DFE] -> 0x1513
mem[X,0x0000000080000E00] -> 0x0225
[362] [M]: 0x0000000080000DFE (0x02251513) slli a0, a0, 0x22
x10 <- 0x0000000400000000
mem[X,0x0000000080000E02] -> 0xA811
[363] [M]: 0x0000000080000E02 (0xA811) c.j 0xa
mem[X,0x0000000080000E16] -> 0xF965
[364] [M]: 0x0000000080000E16 (0xF965) c.bnez a0, -0x8
mem[X,0x0000000080000E06] -> 0x0113
mem[X,0x0000000080000E08] -> 0x0011
[365] [M]: 0x0000000080000E06 (0x00110113) addi sp, sp, 0x1
x2 <- 0x01FDDB7D5BFDDBCA
mem[X,0x0000000080000E0A] -> 0x006F
mem[X,0x0000000080000E0C] -> 0x0180
[366] [M]: 0x0000000080000E0A (0x0180006F) jal zero, 0x18
mem[X,0x0000000080000E22] -> 0xB023
mem[X,0x0000000080000E24] -> 0x1420
[367] [M]: 0x0000000080000E22 (0x1420B023) sd sp, 0x140(ra)
mem[0x0000000080006258] <- 0x01FDDB7D5BFDDBCA
mem[X,0x0000000080000E26] -> 0x0513
mem[X,0x0000000080000E28] -> 0x0010
[368] [M]: 0x0000000080000E26 (0x00100513) addi a0, zero, 0x1
x10 <- 0x0000000000000001
mem[X,0x0000000080000E2A] -> 0x1513
mem[X,0x0000000080000E2C] -> 0x0235
[369] [M]: 0x0000000080000E2A (0x02351513) slli a0, a0, 0x23
x10 <- 0x0000000800000000
mem[X,0x0000000080000E2E] -> 0xA031
[370] [M]: 0x0000000080000E2E (0xA031) c.j 0x6
mem[X,0x0000000080000E3A] -> 0xE519
[371] [M]: 0x0000000080000E3A (0xE519) c.bnez a0, 0x7
mem[X,0x0000000080000E48] -> 0x010D
[372] [M]: 0x0000000080000E48 (0x010D) c.addi sp, 0x3
x2 <- 0x01FDDB7D5BFDDBCD
mem[X,0x0000000080000E4A] -> 0xB423
mem[X,0x0000000080000E4C] -> 0x1420
[373] [M]: 0x0000000080000E4A (0x1420B423) sd sp, 0x148(ra)
mem[0x0000000080006260] <- 0x01FDDB7D5BFDDBCD
mem[X,0x0000000080000E4E] -> 0x0513
mem[X,0x0000000080000E50] -> 0x0010
[374] [M]: 0x0000000080000E4E (0x00100513) addi a0, zero, 0x1
x10 <- 0x0000000000000001
mem[X,0x0000000080000E52] -> 0x1513
mem[X,0x0000000080000E54] -> 0x0245
[375] [M]: 0x0000000080000E52 (0x02451513) slli a0, a0, 0x24
x10 <- 0x0000001000000000
mem[X,0x0000000080000E56] -> 0xA099
[376] [M]: 0x0000000080000E56 (0xA099) c.j 0x23
mem[X,0x0000000080000E9C] -> 0xFD5D
[377] [M]: 0x0000000080000E9C (0xFD5D) c.bnez a0, -0x21
mem[X,0x0000000080000E5A] -> 0x0113
mem[X,0x0000000080000E5C] -> 0x0011
[378] [M]: 0x0000000080000E5A (0x00110113) addi sp, sp, 0x1
x2 <- 0x01FDDB7D5BFDDBCE
mem[X,0x0000000080000E5E] -> 0x006F
mem[X,0x0000000080000E60] -> 0x04A0
[379] [M]: 0x0000000080000E5E (0x04A0006F) jal zero, 0x4a
mem[X,0x0000000080000EA8] -> 0xB823
mem[X,0x0000000080000EAA] -> 0x1420
[380] [M]: 0x0000000080000EA8 (0x1420B823) sd sp, 0x150(ra)
mem[0x0000000080006268] <- 0x01FDDB7D5BFDDBCE
mem[X,0x0000000080000EAC] -> 0x0513
mem[X,0x0000000080000EAE] -> 0x0010
[381] [M]: 0x0000000080000EAC (0x00100513) addi a0, zero, 0x1
x10 <- 0x0000000000000001
mem[X,0x0000000080000EB0] -> 0x1513
mem[X,0x0000000080000EB2] -> 0x0255
[382] [M]: 0x0000000080000EB0 (0x02551513) slli a0, a0, 0x25
x10 <- 0x0000002000000000
mem[X,0x0000000080000EB4] -> 0xA809
[383] [M]: 0x0000000080000EB4 (0xA809) c.j 0x9
mem[X,0x0000000080000EC6] -> 0xF96D
[384] [M]: 0x0000000080000EC6 (0xF96D) c.bnez a0, -0x7
mem[X,0x0000000080000EB8] -> 0x0113
mem[X,0x0000000080000EBA] -> 0x0011
[385] [M]: 0x0000000080000EB8 (0x00110113) addi sp, sp, 0x1
x2 <- 0x01FDDB7D5BFDDBCF
mem[X,0x0000000080000EBC] -> 0x006F
mem[X,0x0000000080000EBE] -> 0x0160
[386] [M]: 0x0000000080000EBC (0x0160006F) jal zero, 0x16
mem[X,0x0000000080000ED2] -> 0xBC23
mem[X,0x0000000080000ED4] -> 0x1420
[387] [M]: 0x0000000080000ED2 (0x1420BC23) sd sp, 0x158(ra)
mem[0x0000000080006270] <- 0x01FDDB7D5BFDDBCF
mem[X,0x0000000080000ED6] -> 0x0513
mem[X,0x0000000080000ED8] -> 0x0010
[388] [M]: 0x0000000080000ED6 (0x00100513) addi a0, zero, 0x1
x10 <- 0x0000000000000001
mem[X,0x0000000080000EDA] -> 0x1513
mem[X,0x0000000080000EDC] -> 0x0265
[389] [M]: 0x0000000080000EDA (0x02651513) slli a0, a0, 0x26
x10 <- 0x0000004000000000
mem[X,0x0000000080000EDE] -> 0xA031
[390] [M]: 0x0000000080000EDE (0xA031) c.j 0x6
mem[X,0x0000000080000EEA] -> 0xE509
[391] [M]: 0x0000000080000EEA (0xE509) c.bnez a0, 0x5
mem[X,0x0000000080000EF4] -> 0x010D
[392] [M]: 0x0000000080000EF4 (0x010D) c.addi sp, 0x3
x2 <- 0x01FDDB7D5BFDDBD2
mem[X,0x0000000080000EF6] -> 0xB023
mem[X,0x0000000080000EF8] -> 0x1620
[393] [M]: 0x0000000080000EF6 (0x1620B023) sd sp, 0x160(ra)
mem[0x0000000080006278] <- 0x01FDDB7D5BFDDBD2
mem[X,0x0000000080000EFA] -> 0x0513
mem[X,0x0000000080000EFC] -> 0x0010
[394] [M]: 0x0000000080000EFA (0x00100513) addi a0, zero, 0x1
x10 <- 0x0000000000000001
mem[X,0x0000000080000EFE] -> 0x1513
mem[X,0x0000000080000F00] -> 0x0275
[395] [M]: 0x0000000080000EFE (0x02751513) slli a0, a0, 0x27
x10 <- 0x0000008000000000
mem[X,0x0000000080000F02] -> 0xA809
[396] [M]: 0x0000000080000F02 (0xA809) c.j 0x9
mem[X,0x0000000080000F14] -> 0xF96D
[397] [M]: 0x0000000080000F14 (0xF96D) c.bnez a0, -0x7
mem[X,0x0000000080000F06] -> 0x0113
mem[X,0x0000000080000F08] -> 0x0011
[398] [M]: 0x0000000080000F06 (0x00110113) addi sp, sp, 0x1
x2 <- 0x01FDDB7D5BFDDBD3
mem[X,0x0000000080000F0A] -> 0x006F
mem[X,0x0000000080000F0C] -> 0x0160
[399] [M]: 0x0000000080000F0A (0x0160006F) jal zero, 0x16
clint::tick mtime <- 0x0000000000000004
 clint timer pending at mtime 0x0000000000000004
htif::tick 0x0000000000000000
mem[X,0x0000000080000F20] -> 0xB423
mem[X,0x0000000080000F22] -> 0x1620
[400] [M]: 0x0000000080000F20 (0x1620B423) sd sp, 0x168(ra)
mem[0x0000000080006280] <- 0x01FDDB7D5BFDDBD3
mem[X,0x0000000080000F24] -> 0x0513
mem[X,0x0000000080000F26] -> 0x0010
[401] [M]: 0x0000000080000F24 (0x00100513) addi a0, zero, 0x1
x10 <- 0x0000000000000001
mem[X,0x0000000080000F28] -> 0x1513
mem[X,0x0000000080000F2A] -> 0x0285
[402] [M]: 0x0000000080000F28 (0x02851513) slli a0, a0, 0x28
x10 <- 0x0000010000000000
mem[X,0x0000000080000F2C] -> 0xA809
[403] [M]: 0x0000000080000F2C (0xA809) c.j 0x9
mem[X,0x0000000080000F3E] -> 0xF96D
[404] [M]: 0x0000000080000F3E (0xF96D) c.bnez a0, -0x7
mem[X,0x0000000080000F30] -> 0x0113
mem[X,0x0000000080000F32] -> 0x0011
[405] [M]: 0x0000000080000F30 (0x00110113) addi sp, sp, 0x1
x2 <- 0x01FDDB7D5BFDDBD4
mem[X,0x0000000080000F34] -> 0x006F
mem[X,0x0000000080000F36] -> 0x0160
[406] [M]: 0x0000000080000F34 (0x0160006F) jal zero, 0x16
mem[X,0x0000000080000F4A] -> 0xB823
mem[X,0x0000000080000F4C] -> 0x1620
[407] [M]: 0x0000000080000F4A (0x1620B823) sd sp, 0x170(ra)
mem[0x0000000080006288] <- 0x01FDDB7D5BFDDBD4
mem[X,0x0000000080000F4E] -> 0x0513
mem[X,0x0000000080000F50] -> 0x0010
[408] [M]: 0x0000000080000F4E (0x00100513) addi a0, zero, 0x1
x10 <- 0x0000000000000001
mem[X,0x0000000080000F52] -> 0x1513
mem[X,0x0000000080000F54] -> 0x0295
[409] [M]: 0x0000000080000F52 (0x02951513) slli a0, a0, 0x29
x10 <- 0x0000020000000000
mem[X,0x0000000080000F56] -> 0xA051
[410] [M]: 0x0000000080000F56 (0xA051) c.j 0x42
mem[X,0x0000000080000FDA] -> 0xF141
[411] [M]: 0x0000000080000FDA (0xF141) c.bnez a0, -0x40
mem[X,0x0000000080000F5A] -> 0x0113
mem[X,0x0000000080000F5C] -> 0x0011
[412] [M]: 0x0000000080000F5A (0x00110113) addi sp, sp, 0x1
x2 <- 0x01FDDB7D5BFDDBD5
mem[X,0x0000000080000F5E] -> 0x006F
mem[X,0x0000000080000F60] -> 0x0880
[413] [M]: 0x0000000080000F5E (0x0880006F) jal zero, 0x88
mem[X,0x0000000080000FE6] -> 0xBC23
mem[X,0x0000000080000FE8] -> 0x1620
[414] [M]: 0x0000000080000FE6 (0x1620BC23) sd sp, 0x178(ra)
mem[0x0000000080006290] <- 0x01FDDB7D5BFDDBD5
mem[X,0x0000000080000FEA] -> 0x0513
mem[X,0x0000000080000FEC] -> 0x0010
[415] [M]: 0x0000000080000FEA (0x00100513) addi a0, zero, 0x1
x10 <- 0x0000000000000001
mem[X,0x0000000080000FEE] -> 0x1513
mem[X,0x0000000080000FF0] -> 0x02A5
[416] [M]: 0x0000000080000FEE (0x02A51513) slli a0, a0, 0x2a
x10 <- 0x0000040000000000
mem[X,0x0000000080000FF2] -> 0xA031
[417] [M]: 0x0000000080000FF2 (0xA031) c.j 0x6
mem[X,0x0000000080000FFE] -> 0xE509
[418] [M]: 0x0000000080000FFE (0xE509) c.bnez a0, 0x5
mem[X,0x0000000080001008] -> 0x010D
[419] [M]: 0x0000000080001008 (0x010D) c.addi sp, 0x3
x2 <- 0x01FDDB7D5BFDDBD8
mem[X,0x000000008000100A] -> 0xB023
mem[X,0x000000008000100C] -> 0x1820
[420] [M]: 0x000000008000100A (0x1820B023) sd sp, 0x180(ra)
mem[0x0000000080006298] <- 0x01FDDB7D5BFDDBD8
mem[X,0x000000008000100E] -> 0x0513
mem[X,0x0000000080001010] -> 0x0010
[421] [M]: 0x000000008000100E (0x00100513) addi a0, zero, 0x1
x10 <- 0x0000000000000001
mem[X,0x0000000080001012] -> 0x1513
mem[X,0x0000000080001014] -> 0x02B5
[422] [M]: 0x0000000080001012 (0x02B51513) slli a0, a0, 0x2b
x10 <- 0x0000080000000000
mem[X,0x0000000080001016] -> 0xA031
[423] [M]: 0x0000000080001016 (0xA031) c.j 0x6
mem[X,0x0000000080001022] -> 0xE909
[424] [M]: 0x0000000080001022 (0xE909) c.bnez a0, 0x9
mem[X,0x0000000080001034] -> 0x010D
[425] [M]: 0x0000000080001034 (0x010D) c.addi sp, 0x3
x2 <- 0x01FDDB7D5BFDDBDB
mem[X,0x0000000080001036] -> 0xB423
mem[X,0x0000000080001038] -> 0x1820
[426] [M]: 0x0000000080001036 (0x1820B423) sd sp, 0x188(ra)
mem[0x00000000800062A0] <- 0x01FDDB7D5BFDDBDB
mem[X,0x000000008000103A] -> 0x0513
mem[X,0x000000008000103C] -> 0x0010
[427] [M]: 0x000000008000103A (0x00100513) addi a0, zero, 0x1
x10 <- 0x0000000000000001
mem[X,0x000000008000103E] -> 0x1513
mem[X,0x0000000080001040] -> 0x02C5
[428] [M]: 0x000000008000103E (0x02C51513) slli a0, a0, 0x2c
x10 <- 0x0000100000000000
mem[X,0x0000000080001042] -> 0xA031
[429] [M]: 0x0000000080001042 (0xA031) c.j 0x6
mem[X,0x000000008000104E] -> 0xE141
[430] [M]: 0x000000008000104E (0xE141) c.bnez a0, 0x40
mem[X,0x00000000800010CE] -> 0x010D
[431] [M]: 0x00000000800010CE (0x010D) c.addi sp, 0x3
x2 <- 0x01FDDB7D5BFDDBDE
mem[X,0x00000000800010D0] -> 0xB823
mem[X,0x00000000800010D2] -> 0x1820
[432] [M]: 0x00000000800010D0 (0x1820B823) sd sp, 0x190(ra)
mem[0x00000000800062A8] <- 0x01FDDB7D5BFDDBDE
mem[X,0x00000000800010D4] -> 0x0513
mem[X,0x00000000800010D6] -> 0x0010
[433] [M]: 0x00000000800010D4 (0x00100513) addi a0, zero, 0x1
x10 <- 0x0000000000000001
mem[X,0x00000000800010D8] -> 0x1513
mem[X,0x00000000800010DA] -> 0x02D5
[434] [M]: 0x00000000800010D8 (0x02D51513) slli a0, a0, 0x2d
x10 <- 0x0000200000000000
mem[X,0x00000000800010DC] -> 0xA801
[435] [M]: 0x00000000800010DC (0xA801) c.j 0x8
mem[X,0x00000000800010EC] -> 0xF975
[436] [M]: 0x00000000800010EC (0xF975) c.bnez a0, -0x6
mem[X,0x00000000800010E0] -> 0x0113
mem[X,0x00000000800010E2] -> 0x0011
[437] [M]: 0x00000000800010E0 (0x00110113) addi sp, sp, 0x1
x2 <- 0x01FDDB7D5BFDDBDF
mem[X,0x00000000800010E4] -> 0x006F
mem[X,0x00000000800010E6] -> 0x0140
[438] [M]: 0x00000000800010E4 (0x0140006F) jal zero, 0x14
mem[X,0x00000000800010F8] -> 0xBC23
mem[X,0x00000000800010FA] -> 0x1820
[439] [M]: 0x00000000800010F8 (0x1820BC23) sd sp, 0x198(ra)
mem[0x00000000800062B0] <- 0x01FDDB7D5BFDDBDF
mem[X,0x00000000800010FC] -> 0x0513
mem[X,0x00000000800010FE] -> 0x0010
[440] [M]: 0x00000000800010FC (0x00100513) addi a0, zero, 0x1
x10 <- 0x0000000000000001
mem[X,0x0000000080001100] -> 0x1513
mem[X,0x0000000080001102] -> 0x02E5
[441] [M]: 0x0000000080001100 (0x02E51513) slli a0, a0, 0x2e
x10 <- 0x0000400000000000
mem[X,0x0000000080001104] -> 0xA801
[442] [M]: 0x0000000080001104 (0xA801) c.j 0x8
mem[X,0x0000000080001114] -> 0xF975
[443] [M]: 0x0000000080001114 (0xF975) c.bnez a0, -0x6
mem[X,0x0000000080001108] -> 0x0113
mem[X,0x000000008000110A] -> 0x0011
[444] [M]: 0x0000000080001108 (0x00110113) addi sp, sp, 0x1
x2 <- 0x01FDDB7D5BFDDBE0
mem[X,0x000000008000110C] -> 0x006F
mem[X,0x000000008000110E] -> 0x0140
[445] [M]: 0x000000008000110C (0x0140006F) jal zero, 0x14
mem[X,0x0000000080001120] -> 0xB023
mem[X,0x0000000080001122] -> 0x1A20
[446] [M]: 0x0000000080001120 (0x1A20B023) sd sp, 0x1a0(ra)
mem[0x00000000800062B8] <- 0x01FDDB7D5BFDDBE0
mem[X,0x0000000080001124] -> 0x0513
mem[X,0x0000000080001126] -> 0x0010
[447] [M]: 0x0000000080001124 (0x00100513) addi a0, zero, 0x1
x10 <- 0x0000000000000001
mem[X,0x0000000080001128] -> 0x1513
mem[X,0x000000008000112A] -> 0x02F5
[448] [M]: 0x0000000080001128 (0x02F51513) slli a0, a0, 0x2f
x10 <- 0x0000800000000000
mem[X,0x000000008000112C] -> 0xA819
[449] [M]: 0x000000008000112C (0xA819) c.j 0xb
mem[X,0x0000000080001142] -> 0xF57D
[450] [M]: 0x0000000080001142 (0xF57D) c.bnez a0, -0x9
mem[X,0x0000000080001130] -> 0x0113
mem[X,0x0000000080001132] -> 0x0011
[451] [M]: 0x0000000080001130 (0x00110113) addi sp, sp, 0x1
x2 <- 0x01FDDB7D5BFDDBE1
mem[X,0x0000000080001134] -> 0x006F
mem[X,0x0000000080001136] -> 0x01A0
[452] [M]: 0x0000000080001134 (0x01A0006F) jal zero, 0x1a
mem[X,0x000000008000114E] -> 0xB423
mem[X,0x0000000080001150] -> 0x1A20
[453] [M]: 0x000000008000114E (0x1A20B423) sd sp, 0x1a8(ra)
mem[0x00000000800062C0] <- 0x01FDDB7D5BFDDBE1
mem[X,0x0000000080001152] -> 0x0513
mem[X,0x0000000080001154] -> 0x0010
[454] [M]: 0x0000000080001152 (0x00100513) addi a0, zero, 0x1
x10 <- 0x0000000000000001
mem[X,0x0000000080001156] -> 0x1513
mem[X,0x0000000080001158] -> 0x0305
[455] [M]: 0x0000000080001156 (0x03051513) slli a0, a0, 0x30
x10 <- 0x0001000000000000
mem[X,0x000000008000115A] -> 0xA031
[456] [M]: 0x000000008000115A (0xA031) c.j 0x6
mem[X,0x0000000080001166] -> 0xE141
[457] [M]: 0x0000000080001166 (0xE141) c.bnez a0, 0x40
mem[X,0x00000000800011E6] -> 0x010D
[458] [M]: 0x00000000800011E6 (0x010D) c.addi sp, 0x3
x2 <- 0x01FDDB7D5BFDDBE4
mem[X,0x00000000800011E8] -> 0xB823
mem[X,0x00000000800011EA] -> 0x1A20
[459] [M]: 0x00000000800011E8 (0x1A20B823) sd sp, 0x1b0(ra)
mem[0x00000000800062C8] <- 0x01FDDB7D5BFDDBE4
mem[X,0x00000000800011EC] -> 0x0513
mem[X,0x00000000800011EE] -> 0x0010
[460] [M]: 0x00000000800011EC (0x00100513) addi a0, zero, 0x1
x10 <- 0x0000000000000001
mem[X,0x00000000800011F0] -> 0x1513
mem[X,0x00000000800011F2] -> 0x0315
[461] [M]: 0x00000000800011F0 (0x03151513) slli a0, a0, 0x31
x10 <- 0x0002000000000000
mem[X,0x00000000800011F4] -> 0xA051
[462] [M]: 0x00000000800011F4 (0xA051) c.j 0x42
mem[X,0x0000000080001278] -> 0xF141
[463] [M]: 0x0000000080001278 (0xF141) c.bnez a0, -0x40
mem[X,0x00000000800011F8] -> 0x0113
mem[X,0x00000000800011FA] -> 0x0011
[464] [M]: 0x00000000800011F8 (0x00110113) addi sp, sp, 0x1
x2 <- 0x01FDDB7D5BFDDBE5
mem[X,0x00000000800011FC] -> 0x006F
mem[X,0x00000000800011FE] -> 0x0880
[465] [M]: 0x00000000800011FC (0x0880006F) jal zero, 0x88
mem[X,0x0000000080001284] -> 0xBC23
mem[X,0x0000000080001286] -> 0x1A20
[466] [M]: 0x0000000080001284 (0x1A20BC23) sd sp, 0x1b8(ra)
mem[0x00000000800062D0] <- 0x01FDDB7D5BFDDBE5
mem[X,0x0000000080001288] -> 0x0513
mem[X,0x000000008000128A] -> 0x0010
[467] [M]: 0x0000000080001288 (0x00100513) addi a0, zero, 0x1
x10 <- 0x0000000000000001
mem[X,0x000000008000128C] -> 0x1513
mem[X,0x000000008000128E] -> 0x0325
[468] [M]: 0x000000008000128C (0x03251513) slli a0, a0, 0x32
x10 <- 0x0004000000000000
mem[X,0x0000000080001290] -> 0xA821
[469] [M]: 0x0000000080001290 (0xA821) c.j 0xc
mem[X,0x00000000800012A8] -> 0xF575
[470] [M]: 0x00000000800012A8 (0xF575) c.bnez a0, -0xa
mem[X,0x0000000080001294] -> 0x0113
mem[X,0x0000000080001296] -> 0x0011
[471] [M]: 0x0000000080001294 (0x00110113) addi sp, sp, 0x1
x2 <- 0x01FDDB7D5BFDDBE6
mem[X,0x0000000080001298] -> 0x006F
mem[X,0x000000008000129A] -> 0x01C0
[472] [M]: 0x0000000080001298 (0x01C0006F) jal zero, 0x1c
mem[X,0x00000000800012B4] -> 0xB023
mem[X,0x00000000800012B6] -> 0x1C20
[473] [M]: 0x00000000800012B4 (0x1C20B023) sd sp, 0x1c0(ra)
mem[0x00000000800062D8] <- 0x01FDDB7D5BFDDBE6
mem[X,0x00000000800012B8] -> 0x0513
mem[X,0x00000000800012BA] -> 0x0010
[474] [M]: 0x00000000800012B8 (0x00100513) addi a0, zero, 0x1
x10 <- 0x0000000000000001
mem[X,0x00000000800012BC] -> 0x1513
mem[X,0x00000000800012BE] -> 0x0335
[475] [M]: 0x00000000800012BC (0x03351513) slli a0, a0, 0x33
x10 <- 0x0008000000000000
mem[X,0x00000000800012C0] -> 0xA031
[476] [M]: 0x00000000800012C0 (0xA031) c.j 0x6
mem[X,0x00000000800012CC] -> 0xE509
[477] [M]: 0x00000000800012CC (0xE509) c.bnez a0, 0x5
mem[X,0x00000000800012D6] -> 0x010D
[478] [M]: 0x00000000800012D6 (0x010D) c.addi sp, 0x3
x2 <- 0x01FDDB7D5BFDDBE9
mem[X,0x00000000800012D8] -> 0xB423
mem[X,0x00000000800012DA] -> 0x1C20
[479] [M]: 0x00000000800012D8 (0x1C20B423) sd sp, 0x1c8(ra)
mem[0x00000000800062E0] <- 0x01FDDB7D5BFDDBE9
mem[X,0x00000000800012DC] -> 0x0513
mem[X,0x00000000800012DE] -> 0x0010
[480] [M]: 0x00000000800012DC (0x00100513) addi a0, zero, 0x1
x10 <- 0x0000000000000001
mem[X,0x00000000800012E0] -> 0x1513
mem[X,0x00000000800012E2] -> 0x0345
[481] [M]: 0x00000000800012E0 (0x03451513) slli a0, a0, 0x34
x10 <- 0x0010000000000000
mem[X,0x00000000800012E4] -> 0xA099
[482] [M]: 0x00000000800012E4 (0xA099) c.j 0x23
mem[X,0x000000008000132A] -> 0xFD5D
[483] [M]: 0x000000008000132A (0xFD5D) c.bnez a0, -0x21
mem[X,0x00000000800012E8] -> 0x0113
mem[X,0x00000000800012EA] -> 0x0011
[484] [M]: 0x00000000800012E8 (0x00110113) addi sp, sp, 0x1
x2 <- 0x01FDDB7D5BFDDBEA
mem[X,0x00000000800012EC] -> 0x006F
mem[X,0x00000000800012EE] -> 0x04A0
[485] [M]: 0x00000000800012EC (0x04A0006F) jal zero, 0x4a
mem[X,0x0000000080001336] -> 0xB823
mem[X,0x0000000080001338] -> 0x1C20
[486] [M]: 0x0000000080001336 (0x1C20B823) sd sp, 0x1d0(ra)
mem[0x00000000800062E8] <- 0x01FDDB7D5BFDDBEA
mem[X,0x000000008000133A] -> 0x0513
mem[X,0x000000008000133C] -> 0x0010
[487] [M]: 0x000000008000133A (0x00100513) addi a0, zero, 0x1
x10 <- 0x0000000000000001
mem[X,0x000000008000133E] -> 0x1513
mem[X,0x0000000080001340] -> 0x0355
[488] [M]: 0x000000008000133E (0x03551513) slli a0, a0, 0x35
x10 <- 0x0020000000000000
mem[X,0x0000000080001342] -> 0xA031
[489] [M]: 0x0000000080001342 (0xA031) c.j 0x6
mem[X,0x000000008000134E] -> 0xED3D
[490] [M]: 0x000000008000134E (0xED3D) c.bnez a0, 0x3f
mem[X,0x00000000800013CC] -> 0x010D
[491] [M]: 0x00000000800013CC (0x010D) c.addi sp, 0x3
x2 <- 0x01FDDB7D5BFDDBED
mem[X,0x00000000800013CE] -> 0xBC23
mem[X,0x00000000800013D0] -> 0x1C20
[492] [M]: 0x00000000800013CE (0x1C20BC23) sd sp, 0x1d8(ra)
mem[0x00000000800062F0] <- 0x01FDDB7D5BFDDBED
mem[X,0x00000000800013D2] -> 0x0513
mem[X,0x00000000800013D4] -> 0x0010
[493] [M]: 0x00000000800013D2 (0x00100513) addi a0, zero, 0x1
x10 <- 0x0000000000000001
mem[X,0x00000000800013D6] -> 0x1513
mem[X,0x00000000800013D8] -> 0x0365
[494] [M]: 0x00000000800013D6 (0x03651513) slli a0, a0, 0x36
x10 <- 0x0040000000000000
mem[X,0x00000000800013DA] -> 0xA031
[495] [M]: 0x00000000800013DA (0xA031) c.j 0x6
mem[X,0x00000000800013E6] -> 0xE519
[496] [M]: 0x00000000800013E6 (0xE519) c.bnez a0, 0x7
mem[X,0x00000000800013F4] -> 0x010D
[497] [M]: 0x00000000800013F4 (0x010D) c.addi sp, 0x3
x2 <- 0x01FDDB7D5BFDDBF0
mem[X,0x00000000800013F6] -> 0xB023
mem[X,0x00000000800013F8] -> 0x1E20
[498] [M]: 0x00000000800013F6 (0x1E20B023) sd sp, 0x1e0(ra)
mem[0x00000000800062F8] <- 0x01FDDB7D5BFDDBF0
mem[X,0x00000000800013FA] -> 0x0513
mem[X,0x00000000800013FC] -> 0x0010
[499] [M]: 0x00000000800013FA (0x00100513) addi a0, zero, 0x1
x10 <- 0x0000000000000001
clint::tick mtime <- 0x0000000000000005
 clint timer pending at mtime 0x0000000000000005
htif::tick 0x0000000000000000
mem[X,0x00000000800013FE] -> 0x1513
mem[X,0x0000000080001400] -> 0x0375
[500] [M]: 0x00000000800013FE (0x03751513) slli a0, a0, 0x37
x10 <- 0x0080000000000000
mem[X,0x0000000080001402] -> 0xA031
[501] [M]: 0x0000000080001402 (0xA031) c.j 0x6
mem[X,0x000000008000140E] -> 0xE54D
[502] [M]: 0x000000008000140E (0xE54D) c.bnez a0, 0x55
mem[X,0x00000000800014B8] -> 0x010D
[503] [M]: 0x00000000800014B8 (0x010D) c.addi sp, 0x3
x2 <- 0x01FDDB7D5BFDDBF3
mem[X,0x00000000800014BA] -> 0xB423
mem[X,0x00000000800014BC] -> 0x1E20
[504] [M]: 0x00000000800014BA (0x1E20B423) sd sp, 0x1e8(ra)
mem[0x0000000080006300] <- 0x01FDDB7D5BFDDBF3
mem[X,0x00000000800014BE] -> 0x0513
mem[X,0x00000000800014C0] -> 0x0010
[505] [M]: 0x00000000800014BE (0x00100513) addi a0, zero, 0x1
x10 <- 0x0000000000000001
mem[X,0x00000000800014C2] -> 0x1513
mem[X,0x00000000800014C4] -> 0x0385
[506] [M]: 0x00000000800014C2 (0x03851513) slli a0, a0, 0x38
x10 <- 0x0100000000000000
mem[X,0x00000000800014C6] -> 0xA01D
[507] [M]: 0x00000000800014C6 (0xA01D) c.j 0x13
mem[X,0x00000000800014EC] -> 0xFD79
[508] [M]: 0x00000000800014EC (0xFD79) c.bnez a0, -0x11
mem[X,0x00000000800014CA] -> 0x0113
mem[X,0x00000000800014CC] -> 0x0011
[509] [M]: 0x00000000800014CA (0x00110113) addi sp, sp, 0x1
x2 <- 0x01FDDB7D5BFDDBF4
mem[X,0x00000000800014CE] -> 0x006F
mem[X,0x00000000800014D0] -> 0x02A0
[510] [M]: 0x00000000800014CE (0x02A0006F) jal zero, 0x2a
mem[X,0x00000000800014F8] -> 0xB823
mem[X,0x00000000800014FA] -> 0x1E20
[511] [M]: 0x00000000800014F8 (0x1E20B823) sd sp, 0x1f0(ra)
mem[0x0000000080006308] <- 0x01FDDB7D5BFDDBF4
mem[X,0x00000000800014FC] -> 0x0513
mem[X,0x00000000800014FE] -> 0x0010
[512] [M]: 0x00000000800014FC (0x00100513) addi a0, zero, 0x1
x10 <- 0x0000000000000001
mem[X,0x0000000080001500] -> 0x1513
mem[X,0x0000000080001502] -> 0x0395
[513] [M]: 0x0000000080001500 (0x03951513) slli a0, a0, 0x39
x10 <- 0x0200000000000000
mem[X,0x0000000080001504] -> 0xA031
[514] [M]: 0x0000000080001504 (0xA031) c.j 0x6
mem[X,0x0000000080001510] -> 0xE509
[515] [M]: 0x0000000080001510 (0xE509) c.bnez a0, 0x5
mem[X,0x000000008000151A] -> 0x010D
[516] [M]: 0x000000008000151A (0x010D) c.addi sp, 0x3
x2 <- 0x01FDDB7D5BFDDBF7
mem[X,0x000000008000151C] -> 0xBC23
mem[X,0x000000008000151E] -> 0x1E20
[517] [M]: 0x000000008000151C (0x1E20BC23) sd sp, 0x1f8(ra)
mem[0x0000000080006310] <- 0x01FDDB7D5BFDDBF7
mem[X,0x0000000080001520] -> 0x0513
mem[X,0x0000000080001522] -> 0x0010
[518] [M]: 0x0000000080001520 (0x00100513) addi a0, zero, 0x1
x10 <- 0x0000000000000001
mem[X,0x0000000080001524] -> 0x1513
mem[X,0x0000000080001526] -> 0x03A5
[519] [M]: 0x0000000080001524 (0x03A51513) slli a0, a0, 0x3a
x10 <- 0x0400000000000000
mem[X,0x0000000080001528] -> 0xA031
[520] [M]: 0x0000000080001528 (0xA031) c.j 0x6
mem[X,0x0000000080001534] -> 0xED3D
[521] [M]: 0x0000000080001534 (0xED3D) c.bnez a0, 0x3f
mem[X,0x00000000800015B2] -> 0x010D
[522] [M]: 0x00000000800015B2 (0x010D) c.addi sp, 0x3
x2 <- 0x01FDDB7D5BFDDBFA
mem[X,0x00000000800015B4] -> 0xB023
mem[X,0x00000000800015B6] -> 0x2020
[523] [M]: 0x00000000800015B4 (0x2020B023) sd sp, 0x200(ra)
mem[0x0000000080006318] <- 0x01FDDB7D5BFDDBFA
mem[X,0x00000000800015B8] -> 0x0513
mem[X,0x00000000800015BA] -> 0x0010
[524] [M]: 0x00000000800015B8 (0x00100513) addi a0, zero, 0x1
x10 <- 0x0000000000000001
mem[X,0x00000000800015BC] -> 0x1513
mem[X,0x00000000800015BE] -> 0x03B5
[525] [M]: 0x00000000800015BC (0x03B51513) slli a0, a0, 0x3b
x10 <- 0x0800000000000000
mem[X,0x00000000800015C0] -> 0xA031
[526] [M]: 0x00000000800015C0 (0xA031) c.j 0x6
mem[X,0x00000000800015CC] -> 0xE105
[527] [M]: 0x00000000800015CC (0xE105) c.bnez a0, 0x10
mem[X,0x00000000800015EC] -> 0x010D
[528] [M]: 0x00000000800015EC (0x010D) c.addi sp, 0x3
x2 <- 0x01FDDB7D5BFDDBFD
mem[X,0x00000000800015EE] -> 0xB423
mem[X,0x00000000800015F0] -> 0x2020
[529] [M]: 0x00000000800015EE (0x2020B423) sd sp, 0x208(ra)
mem[0x0000000080006320] <- 0x01FDDB7D5BFDDBFD
mem[X,0x00000000800015F2] -> 0x0513
mem[X,0x00000000800015F4] -> 0x0010
[530] [M]: 0x00000000800015F2 (0x00100513) addi a0, zero, 0x1
x10 <- 0x0000000000000001
mem[X,0x00000000800015F6] -> 0x1513
mem[X,0x00000000800015F8] -> 0x03C5
[531] [M]: 0x00000000800015F6 (0x03C51513) slli a0, a0, 0x3c
x10 <- 0x1000000000000000
mem[X,0x00000000800015FA] -> 0xA031
[532] [M]: 0x00000000800015FA (0xA031) c.j 0x6
mem[X,0x0000000080001606] -> 0xFD65
[533] [M]: 0x0000000080001606 (0xFD65) c.bnez a0, -0x4
mem[X,0x00000000800015FE] -> 0x0113
mem[X,0x0000000080001600] -> 0x0011
[534] [M]: 0x00000000800015FE (0x00110113) addi sp, sp, 0x1
x2 <- 0x01FDDB7D5BFDDBFE
mem[X,0x0000000080001602] -> 0x006F
mem[X,0x0000000080001604] -> 0x0100
[535] [M]: 0x0000000080001602 (0x0100006F) jal zero, 0x10
mem[X,0x0000000080001612] -> 0xB823
mem[X,0x0000000080001614] -> 0x2020
[536] [M]: 0x0000000080001612 (0x2020B823) sd sp, 0x210(ra)
mem[0x0000000080006328] <- 0x01FDDB7D5BFDDBFE
mem[X,0x0000000080001616] -> 0x0513
mem[X,0x0000000080001618] -> 0x0010
[537] [M]: 0x0000000080001616 (0x00100513) addi a0, zero, 0x1
x10 <- 0x0000000000000001
mem[X,0x000000008000161A] -> 0x1513
mem[X,0x000000008000161C] -> 0x03E5
[538] [M]: 0x000000008000161A (0x03E51513) slli a0, a0, 0x3e
x10 <- 0x4000000000000000
mem[X,0x000000008000161E] -> 0xA031
[539] [M]: 0x000000008000161E (0xA031) c.j 0x6
mem[X,0x000000008000162A] -> 0xE105
[540] [M]: 0x000000008000162A (0xE105) c.bnez a0, 0x10
mem[X,0x000000008000164A] -> 0x010D
[541] [M]: 0x000000008000164A (0x010D) c.addi sp, 0x3
x2 <- 0x01FDDB7D5BFDDC01
mem[X,0x000000008000164C] -> 0xBC23
mem[X,0x000000008000164E] -> 0x2020
[542] [M]: 0x000000008000164C (0x2020BC23) sd sp, 0x218(ra)
mem[0x0000000080006330] <- 0x01FDDB7D5BFDDC01
mem[X,0x0000000080001650] -> 0x0513
mem[X,0x0000000080001652] -> 0xFFE0
[543] [M]: 0x0000000080001650 (0xFFE00513) addi a0, zero, -0x2
x10 <- 0xFFFFFFFFFFFFFFFE
mem[X,0x0000000080001654] -> 0xA01D
[544] [M]: 0x0000000080001654 (0xA01D) c.j 0x13
mem[X,0x000000008000167A] -> 0xFD79
[545] [M]: 0x000000008000167A (0xFD79) c.bnez a0, -0x11
mem[X,0x0000000080001658] -> 0x0113
mem[X,0x000000008000165A] -> 0x0011
[546] [M]: 0x0000000080001658 (0x00110113) addi sp, sp, 0x1
x2 <- 0x01FDDB7D5BFDDC02
mem[X,0x000000008000165C] -> 0x006F
mem[X,0x000000008000165E] -> 0x02A0
[547] [M]: 0x000000008000165C (0x02A0006F) jal zero, 0x2a
mem[X,0x0000000080001686] -> 0xB023
mem[X,0x0000000080001688] -> 0x2220
[548] [M]: 0x0000000080001686 (0x2220B023) sd sp, 0x220(ra)
mem[0x0000000080006338] <- 0x01FDDB7D5BFDDC02
mem[X,0x000000008000168A] -> 0x0513
mem[X,0x000000008000168C] -> 0xFFD0
[549] [M]: 0x000000008000168A (0xFFD00513) addi a0, zero, -0x3
x10 <- 0xFFFFFFFFFFFFFFFD
mem[X,0x000000008000168E] -> 0xA031
[550] [M]: 0x000000008000168E (0xA031) c.j 0x6
mem[X,0x000000008000169A] -> 0xE901
[551] [M]: 0x000000008000169A (0xE901) c.bnez a0, 0x8
mem[X,0x00000000800016AA] -> 0x010D
[552] [M]: 0x00000000800016AA (0x010D) c.addi sp, 0x3
x2 <- 0x01FDDB7D5BFDDC05
mem[X,0x00000000800016AC] -> 0xB423
mem[X,0x00000000800016AE] -> 0x2220
[553] [M]: 0x00000000800016AC (0x2220B423) sd sp, 0x228(ra)
mem[0x0000000080006340] <- 0x01FDDB7D5BFDDC05
mem[X,0x00000000800016B0] -> 0x0513
mem[X,0x00000000800016B2] -> 0xFFB0
[554] [M]: 0x00000000800016B0 (0xFFB00513) addi a0, zero, -0x5
x10 <- 0xFFFFFFFFFFFFFFFB
mem[X,0x00000000800016B4] -> 0xA051
[555] [M]: 0x00000000800016B4 (0xA051) c.j 0x42
mem[X,0x0000000080001738] -> 0xF141
[556] [M]: 0x0000000080001738 (0xF141) c.bnez a0, -0x40
mem[X,0x00000000800016B8] -> 0x0113
mem[X,0x00000000800016BA] -> 0x0011
[557] [M]: 0x00000000800016B8 (0x00110113) addi sp, sp, 0x1
x2 <- 0x01FDDB7D5BFDDC06
mem[X,0x00000000800016BC] -> 0x006F
mem[X,0x00000000800016BE] -> 0x0880
[558] [M]: 0x00000000800016BC (0x0880006F) jal zero, 0x88
mem[X,0x0000000080001744] -> 0xB823
mem[X,0x0000000080001746] -> 0x2220
[559] [M]: 0x0000000080001744 (0x2220B823) sd sp, 0x230(ra)
mem[0x0000000080006348] <- 0x01FDDB7D5BFDDC06
mem[X,0x0000000080001748] -> 0x0513
mem[X,0x000000008000174A] -> 0xFF70
[560] [M]: 0x0000000080001748 (0xFF700513) addi a0, zero, -0x9
x10 <- 0xFFFFFFFFFFFFFFF7
mem[X,0x000000008000174C] -> 0xA811
[561] [M]: 0x000000008000174C (0xA811) c.j 0xa
mem[X,0x0000000080001760] -> 0xF965
[562] [M]: 0x0000000080001760 (0xF965) c.bnez a0, -0x8
mem[X,0x0000000080001750] -> 0x0113
mem[X,0x0000000080001752] -> 0x0011
[563] [M]: 0x0000000080001750 (0x00110113) addi sp, sp, 0x1
x2 <- 0x01FDDB7D5BFDDC07
mem[X,0x0000000080001754] -> 0x006F
mem[X,0x0000000080001756] -> 0x0180
[564] [M]: 0x0000000080001754 (0x0180006F) jal zero, 0x18
mem[X,0x000000008000176C] -> 0xBC23
mem[X,0x000000008000176E] -> 0x2220
[565] [M]: 0x000000008000176C (0x2220BC23) sd sp, 0x238(ra)
mem[0x0000000080006350] <- 0x01FDDB7D5BFDDC07
mem[X,0x0000000080001770] -> 0x0513
mem[X,0x0000000080001772] -> 0xFEF0
[566] [M]: 0x0000000080001770 (0xFEF00513) addi a0, zero, -0x11
x10 <- 0xFFFFFFFFFFFFFFEF
mem[X,0x0000000080001774] -> 0xA811
[567] [M]: 0x0000000080001774 (0xA811) c.j 0xa
mem[X,0x0000000080001788] -> 0xF965
[568] [M]: 0x0000000080001788 (0xF965) c.bnez a0, -0x8
mem[X,0x0000000080001778] -> 0x0113
mem[X,0x000000008000177A] -> 0x0011
[569] [M]: 0x0000000080001778 (0x00110113) addi sp, sp, 0x1
x2 <- 0x01FDDB7D5BFDDC08
mem[X,0x000000008000177C] -> 0x006F
mem[X,0x000000008000177E] -> 0x0180
[570] [M]: 0x000000008000177C (0x0180006F) jal zero, 0x18
mem[X,0x0000000080001794] -> 0xB023
mem[X,0x0000000080001796] -> 0x2420
[571] [M]: 0x0000000080001794 (0x2420B023) sd sp, 0x240(ra)
mem[0x0000000080006358] <- 0x01FDDB7D5BFDDC08
mem[X,0x0000000080001798] -> 0x0513
mem[X,0x000000008000179A] -> 0xFDF0
[572] [M]: 0x0000000080001798 (0xFDF00513) addi a0, zero, -0x21
x10 <- 0xFFFFFFFFFFFFFFDF
mem[X,0x000000008000179C] -> 0xA099
[573] [M]: 0x000000008000179C (0xA099) c.j 0x23
mem[X,0x00000000800017E2] -> 0xFD5D
[574] [M]: 0x00000000800017E2 (0xFD5D) c.bnez a0, -0x21
mem[X,0x00000000800017A0] -> 0x0113
mem[X,0x00000000800017A2] -> 0x0011
[575] [M]: 0x00000000800017A0 (0x00110113) addi sp, sp, 0x1
x2 <- 0x01FDDB7D5BFDDC09
mem[X,0x00000000800017A4] -> 0x006F
mem[X,0x00000000800017A6] -> 0x04A0
[576] [M]: 0x00000000800017A4 (0x04A0006F) jal zero, 0x4a
mem[X,0x00000000800017EE] -> 0xB423
mem[X,0x00000000800017F0] -> 0x2420
[577] [M]: 0x00000000800017EE (0x2420B423) sd sp, 0x248(ra)
mem[0x0000000080006360] <- 0x01FDDB7D5BFDDC09
mem[X,0x00000000800017F2] -> 0x0513
mem[X,0x00000000800017F4] -> 0xFBF0
[578] [M]: 0x00000000800017F2 (0xFBF00513) addi a0, zero, -0x41
x10 <- 0xFFFFFFFFFFFFFFBF
mem[X,0x00000000800017F6] -> 0xA031
[579] [M]: 0x00000000800017F6 (0xA031) c.j 0x6
mem[X,0x0000000080001802] -> 0xE54D
[580] [M]: 0x0000000080001802 (0xE54D) c.bnez a0, 0x55
mem[X,0x00000000800018AC] -> 0x010D
[581] [M]: 0x00000000800018AC (0x010D) c.addi sp, 0x3
x2 <- 0x01FDDB7D5BFDDC0C
mem[X,0x00000000800018AE] -> 0xB823
mem[X,0x00000000800018B0] -> 0x2420
[582] [M]: 0x00000000800018AE (0x2420B823) sd sp, 0x250(ra)
mem[0x0000000080006368] <- 0x01FDDB7D5BFDDC0C
mem[X,0x00000000800018B2] -> 0x0513
mem[X,0x00000000800018B4] -> 0xF7F0
[583] [M]: 0x00000000800018B2 (0xF7F00513) addi a0, zero, -0x81
x10 <- 0xFFFFFFFFFFFFFF7F
mem[X,0x00000000800018B6] -> 0xA031
[584] [M]: 0x00000000800018B6 (0xA031) c.j 0x6
mem[X,0x00000000800018C2] -> 0xE509
[585] [M]: 0x00000000800018C2 (0xE509) c.bnez a0, 0x5
mem[X,0x00000000800018CC] -> 0x010D
[586] [M]: 0x00000000800018CC (0x010D) c.addi sp, 0x3
x2 <- 0x01FDDB7D5BFDDC0F
mem[X,0x00000000800018CE] -> 0xBC23
mem[X,0x00000000800018D0] -> 0x2420
[587] [M]: 0x00000000800018CE (0x2420BC23) sd sp, 0x258(ra)
mem[0x0000000080006370] <- 0x01FDDB7D5BFDDC0F
mem[X,0x00000000800018D2] -> 0x0513
mem[X,0x00000000800018D4] -> 0xEFF0
[588] [M]: 0x00000000800018D2 (0xEFF00513) addi a0, zero, -0x101
x10 <- 0xFFFFFFFFFFFFFEFF
mem[X,0x00000000800018D6] -> 0xA051
[589] [M]: 0x00000000800018D6 (0xA051) c.j 0x42
mem[X,0x000000008000195A] -> 0xF141
[590] [M]: 0x000000008000195A (0xF141) c.bnez a0, -0x40
mem[X,0x00000000800018DA] -> 0x0113
mem[X,0x00000000800018DC] -> 0x0011
[591] [M]: 0x00000000800018DA (0x00110113) addi sp, sp, 0x1
x2 <- 0x01FDDB7D5BFDDC10
mem[X,0x00000000800018DE] -> 0x006F
mem[X,0x00000000800018E0] -> 0x0880
[592] [M]: 0x00000000800018DE (0x0880006F) jal zero, 0x88
mem[X,0x0000000080001966] -> 0xB023
mem[X,0x0000000080001968] -> 0x2620
[593] [M]: 0x0000000080001966 (0x2620B023) sd sp, 0x260(ra)
mem[0x0000000080006378] <- 0x01FDDB7D5BFDDC10
mem[X,0x000000008000196A] -> 0x0513
mem[X,0x000000008000196C] -> 0xDFF0
[594] [M]: 0x000000008000196A (0xDFF00513) addi a0, zero, -0x201
x10 <- 0xFFFFFFFFFFFFFDFF
mem[X,0x000000008000196E] -> 0xA031
[595] [M]: 0x000000008000196E (0xA031) c.j 0x6
mem[X,0x000000008000197A] -> 0xED3D
[596] [M]: 0x000000008000197A (0xED3D) c.bnez a0, 0x3f
mem[X,0x00000000800019F8] -> 0x010D
[597] [M]: 0x00000000800019F8 (0x010D) c.addi sp, 0x3
x2 <- 0x01FDDB7D5BFDDC13
mem[X,0x00000000800019FA] -> 0xB423
mem[X,0x00000000800019FC] -> 0x2620
[598] [M]: 0x00000000800019FA (0x2620B423) sd sp, 0x268(ra)
mem[0x0000000080006380] <- 0x01FDDB7D5BFDDC13
mem[X,0x00000000800019FE] -> 0x0513
mem[X,0x0000000080001A00] -> 0xBFF0
[599] [M]: 0x00000000800019FE (0xBFF00513) addi a0, zero, -0x401
x10 <- 0xFFFFFFFFFFFFFBFF
clint::tick mtime <- 0x0000000000000006
 clint timer pending at mtime 0x0000000000000006
htif::tick 0x0000000000000000
mem[X,0x0000000080001A02] -> 0xA031
[600] [M]: 0x0000000080001A02 (0xA031) c.j 0x6
mem[X,0x0000000080001A0E] -> 0xE509
[601] [M]: 0x0000000080001A0E (0xE509) c.bnez a0, 0x5
mem[X,0x0000000080001A18] -> 0x010D
[602] [M]: 0x0000000080001A18 (0x010D) c.addi sp, 0x3
x2 <- 0x01FDDB7D5BFDDC16
mem[X,0x0000000080001A1A] -> 0xB823
mem[X,0x0000000080001A1C] -> 0x2620
[603] [M]: 0x0000000080001A1A (0x2620B823) sd sp, 0x270(ra)
mem[0x0000000080006388] <- 0x01FDDB7D5BFDDC16
mem[X,0x0000000080001A1E] -> 0x0513
mem[X,0x0000000080001A20] -> 0x0010
[604] [M]: 0x0000000080001A1E (0x00100513) addi a0, zero, 0x1
x10 <- 0x0000000000000001
mem[X,0x0000000080001A22] -> 0x1513
mem[X,0x0000000080001A24] -> 0x00B5
[605] [M]: 0x0000000080001A22 (0x00B51513) slli a0, a0, 0xb
x10 <- 0x0000000000000800
mem[X,0x0000000080001A26] -> 0x4513
mem[X,0x0000000080001A28] -> 0xFFF5
[606] [M]: 0x0000000080001A26 (0xFFF54513) xori a0, a0, -0x1
x10 <- 0xFFFFFFFFFFFFF7FF
mem[X,0x0000000080001A2A] -> 0xA031
[607] [M]: 0x0000000080001A2A (0xA031) c.j 0x6
mem[X,0x0000000080001A36] -> 0xE54D
[608] [M]: 0x0000000080001A36 (0xE54D) c.bnez a0, 0x55
mem[X,0x0000000080001AE0] -> 0x010D
[609] [M]: 0x0000000080001AE0 (0x010D) c.addi sp, 0x3
x2 <- 0x01FDDB7D5BFDDC19
mem[X,0x0000000080001AE2] -> 0xBC23
mem[X,0x0000000080001AE4] -> 0x2620
[610] [M]: 0x0000000080001AE2 (0x2620BC23) sd sp, 0x278(ra)
mem[0x0000000080006390] <- 0x01FDDB7D5BFDDC19
mem[X,0x0000000080001AE6] -> 0x0513
mem[X,0x0000000080001AE8] -> 0x0010
[611] [M]: 0x0000000080001AE6 (0x00100513) addi a0, zero, 0x1
x10 <- 0x0000000000000001
mem[X,0x0000000080001AEA] -> 0x1513
mem[X,0x0000000080001AEC] -> 0x00C5
[612] [M]: 0x0000000080001AEA (0x00C51513) slli a0, a0, 0xc
x10 <- 0x0000000000001000
mem[X,0x0000000080001AEE] -> 0x4513
mem[X,0x0000000080001AF0] -> 0xFFF5
[613] [M]: 0x0000000080001AEE (0xFFF54513) xori a0, a0, -0x1
x10 <- 0xFFFFFFFFFFFFEFFF
mem[X,0x0000000080001AF2] -> 0xA031
[614] [M]: 0x0000000080001AF2 (0xA031) c.j 0x6
mem[X,0x0000000080001AFE] -> 0xE509
[615] [M]: 0x0000000080001AFE (0xE509) c.bnez a0, 0x5
mem[X,0x0000000080001B08] -> 0x010D
[616] [M]: 0x0000000080001B08 (0x010D) c.addi sp, 0x3
x2 <- 0x01FDDB7D5BFDDC1C
mem[X,0x0000000080001B0A] -> 0xB023
mem[X,0x0000000080001B0C] -> 0x2820
[617] [M]: 0x0000000080001B0A (0x2820B023) sd sp, 0x280(ra)
mem[0x0000000080006398] <- 0x01FDDB7D5BFDDC1C
mem[X,0x0000000080001B0E] -> 0x0513
mem[X,0x0000000080001B10] -> 0x0010
[618] [M]: 0x0000000080001B0E (0x00100513) addi a0, zero, 0x1
x10 <- 0x0000000000000001
mem[X,0x0000000080001B12] -> 0x1513
mem[X,0x0000000080001B14] -> 0x00E5
[619] [M]: 0x0000000080001B12 (0x00E51513) slli a0, a0, 0xe
x10 <- 0x0000000000004000
mem[X,0x0000000080001B16] -> 0x4513
mem[X,0x0000000080001B18] -> 0xFFF5
[620] [M]: 0x0000000080001B16 (0xFFF54513) xori a0, a0, -0x1
x10 <- 0xFFFFFFFFFFFFBFFF
mem[X,0x0000000080001B1A] -> 0xA01D
[621] [M]: 0x0000000080001B1A (0xA01D) c.j 0x13
mem[X,0x0000000080001B40] -> 0xFD79
[622] [M]: 0x0000000080001B40 (0xFD79) c.bnez a0, -0x11
mem[X,0x0000000080001B1E] -> 0x0113
mem[X,0x0000000080001B20] -> 0x0011
[623] [M]: 0x0000000080001B1E (0x00110113) addi sp, sp, 0x1
x2 <- 0x01FDDB7D5BFDDC1D
mem[X,0x0000000080001B22] -> 0x006F
mem[X,0x0000000080001B24] -> 0x02A0
[624] [M]: 0x0000000080001B22 (0x02A0006F) jal zero, 0x2a
mem[X,0x0000000080001B4C] -> 0xB423
mem[X,0x0000000080001B4E] -> 0x2820
[625] [M]: 0x0000000080001B4C (0x2820B423) sd sp, 0x288(ra)
mem[0x00000000800063A0] <- 0x01FDDB7D5BFDDC1D
mem[X,0x0000000080001B50] -> 0x0513
mem[X,0x0000000080001B52] -> 0x0010
[626] [M]: 0x0000000080001B50 (0x00100513) addi a0, zero, 0x1
x10 <- 0x0000000000000001
mem[X,0x0000000080001B54] -> 0x1513
mem[X,0x0000000080001B56] -> 0x00F5
[627] [M]: 0x0000000080001B54 (0x00F51513) slli a0, a0, 0xf
x10 <- 0x0000000000008000
mem[X,0x0000000080001B58] -> 0x4513
mem[X,0x0000000080001B5A] -> 0xFFF5
[628] [M]: 0x0000000080001B58 (0xFFF54513) xori a0, a0, -0x1
x10 <- 0xFFFFFFFFFFFF7FFF
mem[X,0x0000000080001B5C] -> 0xA031
[629] [M]: 0x0000000080001B5C (0xA031) c.j 0x6
mem[X,0x0000000080001B68] -> 0xE511
[630] [M]: 0x0000000080001B68 (0xE511) c.bnez a0, 0x6
mem[X,0x0000000080001B74] -> 0x010D
[631] [M]: 0x0000000080001B74 (0x010D) c.addi sp, 0x3
x2 <- 0x01FDDB7D5BFDDC20
mem[X,0x0000000080001B76] -> 0xB823
mem[X,0x0000000080001B78] -> 0x2820
[632] [M]: 0x0000000080001B76 (0x2820B823) sd sp, 0x290(ra)
mem[0x00000000800063A8] <- 0x01FDDB7D5BFDDC20
mem[X,0x0000000080001B7A] -> 0x0513
mem[X,0x0000000080001B7C] -> 0x0010
[633] [M]: 0x0000000080001B7A (0x00100513) addi a0, zero, 0x1
x10 <- 0x0000000000000001
mem[X,0x0000000080001B7E] -> 0x1513
mem[X,0x0000000080001B80] -> 0x0105
[634] [M]: 0x0000000080001B7E (0x01051513) slli a0, a0, 0x10
x10 <- 0x0000000000010000
mem[X,0x0000000080001B82] -> 0x4513
mem[X,0x0000000080001B84] -> 0xFFF5
[635] [M]: 0x0000000080001B82 (0xFFF54513) xori a0, a0, -0x1
x10 <- 0xFFFFFFFFFFFEFFFF
mem[X,0x0000000080001B86] -> 0xA039
[636] [M]: 0x0000000080001B86 (0xA039) c.j 0x7
mem[X,0x0000000080001B94] -> 0xF97D
[637] [M]: 0x0000000080001B94 (0xF97D) c.bnez a0, -0x5
mem[X,0x0000000080001B8A] -> 0x0113
mem[X,0x0000000080001B8C] -> 0x0011
[638] [M]: 0x0000000080001B8A (0x00110113) addi sp, sp, 0x1
x2 <- 0x01FDDB7D5BFDDC21
mem[X,0x0000000080001B8E] -> 0x006F
mem[X,0x0000000080001B90] -> 0x0120
[639] [M]: 0x0000000080001B8E (0x0120006F) jal zero, 0x12
mem[X,0x0000000080001BA0] -> 0xBC23
mem[X,0x0000000080001BA2] -> 0x2820
[640] [M]: 0x0000000080001BA0 (0x2820BC23) sd sp, 0x298(ra)
mem[0x00000000800063B0] <- 0x01FDDB7D5BFDDC21
mem[X,0x0000000080001BA4] -> 0x0513
mem[X,0x0000000080001BA6] -> 0x0010
[641] [M]: 0x0000000080001BA4 (0x00100513) addi a0, zero, 0x1
x10 <- 0x0000000000000001
mem[X,0x0000000080001BA8] -> 0x1513
mem[X,0x0000000080001BAA] -> 0x0115
[642] [M]: 0x0000000080001BA8 (0x01151513) slli a0, a0, 0x11
x10 <- 0x0000000000020000
mem[X,0x0000000080001BAC] -> 0x4513
mem[X,0x0000000080001BAE] -> 0xFFF5
[643] [M]: 0x0000000080001BAC (0xFFF54513) xori a0, a0, -0x1
x10 <- 0xFFFFFFFFFFFDFFFF
mem[X,0x0000000080001BB0] -> 0xA031
[644] [M]: 0x0000000080001BB0 (0xA031) c.j 0x6
mem[X,0x0000000080001BBC] -> 0xE54D
[645] [M]: 0x0000000080001BBC (0xE54D) c.bnez a0, 0x55
mem[X,0x0000000080001C66] -> 0x010D
[646] [M]: 0x0000000080001C66 (0x010D) c.addi sp, 0x3
x2 <- 0x01FDDB7D5BFDDC24
mem[X,0x0000000080001C68] -> 0xB023
mem[X,0x0000000080001C6A] -> 0x2A20
[647] [M]: 0x0000000080001C68 (0x2A20B023) sd sp, 0x2a0(ra)
mem[0x00000000800063B8] <- 0x01FDDB7D5BFDDC24
mem[X,0x0000000080001C6C] -> 0x0513
mem[X,0x0000000080001C6E] -> 0x0010
[648] [M]: 0x0000000080001C6C (0x00100513) addi a0, zero, 0x1
x10 <- 0x0000000000000001
mem[X,0x0000000080001C70] -> 0x1513
mem[X,0x0000000080001C72] -> 0x0125
[649] [M]: 0x0000000080001C70 (0x01251513) slli a0, a0, 0x12
x10 <- 0x0000000000040000
mem[X,0x0000000080001C74] -> 0x4513
mem[X,0x0000000080001C76] -> 0xFFF5
[650] [M]: 0x0000000080001C74 (0xFFF54513) xori a0, a0, -0x1
x10 <- 0xFFFFFFFFFFFBFFFF
mem[X,0x0000000080001C78] -> 0xA819
[651] [M]: 0x0000000080001C78 (0xA819) c.j 0xb
mem[X,0x0000000080001C8E] -> 0xF57D
[652] [M]: 0x0000000080001C8E (0xF57D) c.bnez a0, -0x9
mem[X,0x0000000080001C7C] -> 0x0113
mem[X,0x0000000080001C7E] -> 0x0011
[653] [M]: 0x0000000080001C7C (0x00110113) addi sp, sp, 0x1
x2 <- 0x01FDDB7D5BFDDC25
mem[X,0x0000000080001C80] -> 0x006F
mem[X,0x0000000080001C82] -> 0x01A0
[654] [M]: 0x0000000080001C80 (0x01A0006F) jal zero, 0x1a
mem[X,0x0000000080001C9A] -> 0xB423
mem[X,0x0000000080001C9C] -> 0x2A20
[655] [M]: 0x0000000080001C9A (0x2A20B423) sd sp, 0x2a8(ra)
mem[0x00000000800063C0] <- 0x01FDDB7D5BFDDC25
mem[X,0x0000000080001C9E] -> 0x0513
mem[X,0x0000000080001CA0] -> 0x0010
[656] [M]: 0x0000000080001C9E (0x00100513) addi a0, zero, 0x1
x10 <- 0x0000000000000001
mem[X,0x0000000080001CA2] -> 0x1513
mem[X,0x0000000080001CA4] -> 0x0135
[657] [M]: 0x0000000080001CA2 (0x01351513) slli a0, a0, 0x13
x10 <- 0x0000000000080000
mem[X,0x0000000080001CA6] -> 0x4513
mem[X,0x0000000080001CA8] -> 0xFFF5
[658] [M]: 0x0000000080001CA6 (0xFFF54513) xori a0, a0, -0x1
x10 <- 0xFFFFFFFFFFF7FFFF
mem[X,0x0000000080001CAA] -> 0xA031
[659] [M]: 0x0000000080001CAA (0xA031) c.j 0x6
mem[X,0x0000000080001CB6] -> 0xE509
[660] [M]: 0x0000000080001CB6 (0xE509) c.bnez a0, 0x5
mem[X,0x0000000080001CC0] -> 0x010D
[661] [M]: 0x0000000080001CC0 (0x010D) c.addi sp, 0x3
x2 <- 0x01FDDB7D5BFDDC28
mem[X,0x0000000080001CC2] -> 0xB823
mem[X,0x0000000080001CC4] -> 0x2A20
[662] [M]: 0x0000000080001CC2 (0x2A20B823) sd sp, 0x2b0(ra)
mem[0x00000000800063C8] <- 0x01FDDB7D5BFDDC28
mem[X,0x0000000080001CC6] -> 0x0513
mem[X,0x0000000080001CC8] -> 0x0010
[663] [M]: 0x0000000080001CC6 (0x00100513) addi a0, zero, 0x1
x10 <- 0x0000000000000001
mem[X,0x0000000080001CCA] -> 0x1513
mem[X,0x0000000080001CCC] -> 0x0145
[664] [M]: 0x0000000080001CCA (0x01451513) slli a0, a0, 0x14
x10 <- 0x0000000000100000
mem[X,0x0000000080001CCE] -> 0x4513
mem[X,0x0000000080001CD0] -> 0xFFF5
[665] [M]: 0x0000000080001CCE (0xFFF54513) xori a0, a0, -0x1
x10 <- 0xFFFFFFFFFFEFFFFF
mem[X,0x0000000080001CD2] -> 0xA801
[666] [M]: 0x0000000080001CD2 (0xA801) c.j 0x8
mem[X,0x0000000080001CE2] -> 0xF975
[667] [M]: 0x0000000080001CE2 (0xF975) c.bnez a0, -0x6
mem[X,0x0000000080001CD6] -> 0x0113
mem[X,0x0000000080001CD8] -> 0x0011
[668] [M]: 0x0000000080001CD6 (0x00110113) addi sp, sp, 0x1
x2 <- 0x01FDDB7D5BFDDC29
mem[X,0x0000000080001CDA] -> 0x006F
mem[X,0x0000000080001CDC] -> 0x0140
[669] [M]: 0x0000000080001CDA (0x0140006F) jal zero, 0x14
mem[X,0x0000000080001CEE] -> 0xBC23
mem[X,0x0000000080001CF0] -> 0x2A20
[670] [M]: 0x0000000080001CEE (0x2A20BC23) sd sp, 0x2b8(ra)
mem[0x00000000800063D0] <- 0x01FDDB7D5BFDDC29
mem[X,0x0000000080001CF2] -> 0x0513
mem[X,0x0000000080001CF4] -> 0x0010
[671] [M]: 0x0000000080001CF2 (0x00100513) addi a0, zero, 0x1
x10 <- 0x0000000000000001
mem[X,0x0000000080001CF6] -> 0x1513
mem[X,0x0000000080001CF8] -> 0x0375
[672] [M]: 0x0000000080001CF6 (0x03751513) slli a0, a0, 0x37
x10 <- 0x0080000000000000
mem[X,0x0000000080001CFA] -> 0x4513
mem[X,0x0000000080001CFC] -> 0xFFF5
[673] [M]: 0x0000000080001CFA (0xFFF54513) xori a0, a0, -0x1
x10 <- 0xFF7FFFFFFFFFFFFF
mem[X,0x0000000080001CFE] -> 0xA051
[674] [M]: 0x0000000080001CFE (0xA051) c.j 0x42
mem[X,0x0000000080001D82] -> 0xF141
[675] [M]: 0x0000000080001D82 (0xF141) c.bnez a0, -0x40
mem[X,0x0000000080001D02] -> 0x0113
mem[X,0x0000000080001D04] -> 0x0011
[676] [M]: 0x0000000080001D02 (0x00110113) addi sp, sp, 0x1
x2 <- 0x01FDDB7D5BFDDC2A
mem[X,0x0000000080001D06] -> 0x006F
mem[X,0x0000000080001D08] -> 0x0880
[677] [M]: 0x0000000080001D06 (0x0880006F) jal zero, 0x88
mem[X,0x0000000080001D8E] -> 0xB023
mem[X,0x0000000080001D90] -> 0x2C20
[678] [M]: 0x0000000080001D8E (0x2C20B023) sd sp, 0x2c0(ra)
mem[0x00000000800063D8] <- 0x01FDDB7D5BFDDC2A
mem[X,0x0000000080001D92] -> 0x0513
mem[X,0x0000000080001D94] -> 0x0010
[679] [M]: 0x0000000080001D92 (0x00100513) addi a0, zero, 0x1
x10 <- 0x0000000000000001
mem[X,0x0000000080001D96] -> 0x1513
mem[X,0x0000000080001D98] -> 0x0385
[680] [M]: 0x0000000080001D96 (0x03851513) slli a0, a0, 0x38
x10 <- 0x0100000000000000
mem[X,0x0000000080001D9A] -> 0x4513
mem[X,0x0000000080001D9C] -> 0xFFF5
[681] [M]: 0x0000000080001D9A (0xFFF54513) xori a0, a0, -0x1
x10 <- 0xFEFFFFFFFFFFFFFF
mem[X,0x0000000080001D9E] -> 0xA031
[682] [M]: 0x0000000080001D9E (0xA031) c.j 0x6
mem[X,0x0000000080001DAA] -> 0xFD65
[683] [M]: 0x0000000080001DAA (0xFD65) c.bnez a0, -0x4
mem[X,0x0000000080001DA2] -> 0x0113
mem[X,0x0000000080001DA4] -> 0x0011
[684] [M]: 0x0000000080001DA2 (0x00110113) addi sp, sp, 0x1
x2 <- 0x01FDDB7D5BFDDC2B
mem[X,0x0000000080001DA6] -> 0x006F
mem[X,0x0000000080001DA8] -> 0x0100
[685] [M]: 0x0000000080001DA6 (0x0100006F) jal zero, 0x10
mem[X,0x0000000080001DB6] -> 0xB423
mem[X,0x0000000080001DB8] -> 0x2C20
[686] [M]: 0x0000000080001DB6 (0x2C20B423) sd sp, 0x2c8(ra)
mem[0x00000000800063E0] <- 0x01FDDB7D5BFDDC2B
mem[X,0x0000000080001DBA] -> 0x0513
mem[X,0x0000000080001DBC] -> 0x0010
[687] [M]: 0x0000000080001DBA (0x00100513) addi a0, zero, 0x1
x10 <- 0x0000000000000001
mem[X,0x0000000080001DBE] -> 0x1513
mem[X,0x0000000080001DC0] -> 0x0395
[688] [M]: 0x0000000080001DBE (0x03951513) slli a0, a0, 0x39
x10 <- 0x0200000000000000
mem[X,0x0000000080001DC2] -> 0x4513
mem[X,0x0000000080001DC4] -> 0xFFF5
[689] [M]: 0x0000000080001DC2 (0xFFF54513) xori a0, a0, -0x1
x10 <- 0xFDFFFFFFFFFFFFFF
mem[X,0x0000000080001DC6] -> 0xA059
[690] [M]: 0x0000000080001DC6 (0xA059) c.j 0x43
mem[X,0x0000000080001E4C] -> 0xFD3D
[691] [M]: 0x0000000080001E4C (0xFD3D) c.bnez a0, -0x41
mem[X,0x0000000080001DCA] -> 0x0113
mem[X,0x0000000080001DCC] -> 0x0011
[692] [M]: 0x0000000080001DCA (0x00110113) addi sp, sp, 0x1
x2 <- 0x01FDDB7D5BFDDC2C
mem[X,0x0000000080001DCE] -> 0x006F
mem[X,0x0000000080001DD0] -> 0x08A0
[693] [M]: 0x0000000080001DCE (0x08A0006F) jal zero, 0x8a
mem[X,0x0000000080001E58] -> 0xB823
mem[X,0x0000000080001E5A] -> 0x2C20
[694] [M]: 0x0000000080001E58 (0x2C20B823) sd sp, 0x2d0(ra)
mem[0x00000000800063E8] <- 0x01FDDB7D5BFDDC2C
mem[X,0x0000000080001E5C] -> 0x0513
mem[X,0x0000000080001E5E] -> 0x0010
[695] [M]: 0x0000000080001E5C (0x00100513) addi a0, zero, 0x1
x10 <- 0x0000000000000001
mem[X,0x0000000080001E60] -> 0x1513
mem[X,0x0000000080001E62] -> 0x03A5
[696] [M]: 0x0000000080001E60 (0x03A51513) slli a0, a0, 0x3a
x10 <- 0x0400000000000000
mem[X,0x0000000080001E64] -> 0x4513
mem[X,0x0000000080001E66] -> 0xFFF5
[697] [M]: 0x0000000080001E64 (0xFFF54513) xori a0, a0, -0x1
x10 <- 0xFBFFFFFFFFFFFFFF
mem[X,0x0000000080001E68] -> 0xA845
[698] [M]: 0x0000000080001E68 (0xA845) c.j 0x58
mem[X,0x0000000080001F18] -> 0xF931
[699] [M]: 0x0000000080001F18 (0xF931) c.bnez a0, -0x56
clint::tick mtime <- 0x0000000000000007
 clint timer pending at mtime 0x0000000000000007
htif::tick 0x0000000000000000
mem[X,0x0000000080001E6C] -> 0x0113
mem[X,0x0000000080001E6E] -> 0x0011
[700] [M]: 0x0000000080001E6C (0x00110113) addi sp, sp, 0x1
x2 <- 0x01FDDB7D5BFDDC2D
mem[X,0x0000000080001E70] -> 0x006F
mem[X,0x0000000080001E72] -> 0x0B40
[701] [M]: 0x0000000080001E70 (0x0B40006F) jal zero, 0xb4
mem[X,0x0000000080001F24] -> 0xBC23
mem[X,0x0000000080001F26] -> 0x2C20
[702] [M]: 0x0000000080001F24 (0x2C20BC23) sd sp, 0x2d8(ra)
mem[0x00000000800063F0] <- 0x01FDDB7D5BFDDC2D
mem[X,0x0000000080001F28] -> 0x0513
mem[X,0x0000000080001F2A] -> 0x0010
[703] [M]: 0x0000000080001F28 (0x00100513) addi a0, zero, 0x1
x10 <- 0x0000000000000001
mem[X,0x0000000080001F2C] -> 0x1513
mem[X,0x0000000080001F2E] -> 0x03B5
[704] [M]: 0x0000000080001F2C (0x03B51513) slli a0, a0, 0x3b
x10 <- 0x0800000000000000
mem[X,0x0000000080001F30] -> 0x4513
mem[X,0x0000000080001F32] -> 0xFFF5
[705] [M]: 0x0000000080001F30 (0xFFF54513) xori a0, a0, -0x1
x10 <- 0xF7FFFFFFFFFFFFFF
mem[X,0x0000000080001F34] -> 0xA821
[706] [M]: 0x0000000080001F34 (0xA821) c.j 0xc
mem[X,0x0000000080001F4C] -> 0xF575
[707] [M]: 0x0000000080001F4C (0xF575) c.bnez a0, -0xa
mem[X,0x0000000080001F38] -> 0x0113
mem[X,0x0000000080001F3A] -> 0x0011
[708] [M]: 0x0000000080001F38 (0x00110113) addi sp, sp, 0x1
x2 <- 0x01FDDB7D5BFDDC2E
mem[X,0x0000000080001F3C] -> 0x006F
mem[X,0x0000000080001F3E] -> 0x01C0
[709] [M]: 0x0000000080001F3C (0x01C0006F) jal zero, 0x1c
mem[X,0x0000000080001F58] -> 0xB023
mem[X,0x0000000080001F5A] -> 0x2E20
[710] [M]: 0x0000000080001F58 (0x2E20B023) sd sp, 0x2e0(ra)
mem[0x00000000800063F8] <- 0x01FDDB7D5BFDDC2E
mem[X,0x0000000080001F5C] -> 0x0513
mem[X,0x0000000080001F5E] -> 0x0010
[711] [M]: 0x0000000080001F5C (0x00100513) addi a0, zero, 0x1
x10 <- 0x0000000000000001
mem[X,0x0000000080001F60] -> 0x1513
mem[X,0x0000000080001F62] -> 0x03C5
[712] [M]: 0x0000000080001F60 (0x03C51513) slli a0, a0, 0x3c
x10 <- 0x1000000000000000
mem[X,0x0000000080001F64] -> 0x4513
mem[X,0x0000000080001F66] -> 0xFFF5
[713] [M]: 0x0000000080001F64 (0xFFF54513) xori a0, a0, -0x1
x10 <- 0xEFFFFFFFFFFFFFFF
mem[X,0x0000000080001F68] -> 0xA01D
[714] [M]: 0x0000000080001F68 (0xA01D) c.j 0x13
mem[X,0x0000000080001F8E] -> 0xFD79
[715] [M]: 0x0000000080001F8E (0xFD79) c.bnez a0, -0x11
mem[X,0x0000000080001F6C] -> 0x0113
mem[X,0x0000000080001F6E] -> 0x0011
[716] [M]: 0x0000000080001F6C (0x00110113) addi sp, sp, 0x1
x2 <- 0x01FDDB7D5BFDDC2F
mem[X,0x0000000080001F70] -> 0x006F
mem[X,0x0000000080001F72] -> 0x02A0
[717] [M]: 0x0000000080001F70 (0x02A0006F) jal zero, 0x2a
mem[X,0x0000000080001F9A] -> 0xB423
mem[X,0x0000000080001F9C] -> 0x2E20
[718] [M]: 0x0000000080001F9A (0x2E20B423) sd sp, 0x2e8(ra)
mem[0x0000000080006400] <- 0x01FDDB7D5BFDDC2F
mem[X,0x0000000080001F9E] -> 0x0513
mem[X,0x0000000080001FA0] -> 0x0010
[719] [M]: 0x0000000080001F9E (0x00100513) addi a0, zero, 0x1
x10 <- 0x0000000000000001
mem[X,0x0000000080001FA2] -> 0x1513
mem[X,0x0000000080001FA4] -> 0x03D5
[720] [M]: 0x0000000080001FA2 (0x03D51513) slli a0, a0, 0x3d
x10 <- 0x2000000000000000
mem[X,0x0000000080001FA6] -> 0x4513
mem[X,0x0000000080001FA8] -> 0xFFF5
[721] [M]: 0x0000000080001FA6 (0xFFF54513) xori a0, a0, -0x1
x10 <- 0xDFFFFFFFFFFFFFFF
mem[X,0x0000000080001FAA] -> 0xA031
[722] [M]: 0x0000000080001FAA (0xA031) c.j 0x6
mem[X,0x0000000080001FB6] -> 0xE509
[723] [M]: 0x0000000080001FB6 (0xE509) c.bnez a0, 0x5
mem[X,0x0000000080001FC0] -> 0x010D
[724] [M]: 0x0000000080001FC0 (0x010D) c.addi sp, 0x3
x2 <- 0x01FDDB7D5BFDDC32
mem[X,0x0000000080001FC2] -> 0xB823
mem[X,0x0000000080001FC4] -> 0x2E20
[725] [M]: 0x0000000080001FC2 (0x2E20B823) sd sp, 0x2f0(ra)
mem[0x0000000080006408] <- 0x01FDDB7D5BFDDC32
mem[X,0x0000000080001FC6] -> 0x0513
mem[X,0x0000000080001FC8] -> 0x0010
[726] [M]: 0x0000000080001FC6 (0x00100513) addi a0, zero, 0x1
x10 <- 0x0000000000000001
mem[X,0x0000000080001FCA] -> 0x1513
mem[X,0x0000000080001FCC] -> 0x03E5
[727] [M]: 0x0000000080001FCA (0x03E51513) slli a0, a0, 0x3e
x10 <- 0x4000000000000000
mem[X,0x0000000080001FCE] -> 0x4513
mem[X,0x0000000080001FD0] -> 0xFFF5
[728] [M]: 0x0000000080001FCE (0xFFF54513) xori a0, a0, -0x1
x10 <- 0xBFFFFFFFFFFFFFFF
mem[X,0x0000000080001FD2] -> 0xA039
[729] [M]: 0x0000000080001FD2 (0xA039) c.j 0x7
mem[X,0x0000000080001FE0] -> 0xF97D
[730] [M]: 0x0000000080001FE0 (0xF97D) c.bnez a0, -0x5
mem[X,0x0000000080001FD6] -> 0x0113
mem[X,0x0000000080001FD8] -> 0x0011
[731] [M]: 0x0000000080001FD6 (0x00110113) addi sp, sp, 0x1
x2 <- 0x01FDDB7D5BFDDC33
mem[X,0x0000000080001FDA] -> 0x006F
mem[X,0x0000000080001FDC] -> 0x0120
[732] [M]: 0x0000000080001FDA (0x0120006F) jal zero, 0x12
mem[X,0x0000000080001FEC] -> 0xBC23
mem[X,0x0000000080001FEE] -> 0x2E20
[733] [M]: 0x0000000080001FEC (0x2E20BC23) sd sp, 0x2f8(ra)
mem[0x0000000080006410] <- 0x01FDDB7D5BFDDC33
mem[X,0x0000000080001FF0] -> 0x5537
mem[X,0x0000000080001FF2] -> 0x5555
[734] [M]: 0x0000000080001FF0 (0x55555537) lui a0, 0x55555
x10 <- 0x0000000055555000
mem[X,0x0000000080001FF4] -> 0x0513
mem[X,0x0000000080001FF6] -> 0x5555
[735] [M]: 0x0000000080001FF4 (0x55550513) addi a0, a0, 0x555
x10 <- 0x0000000055555555
mem[X,0x0000000080001FF8] -> 0x1513
mem[X,0x0000000080001FFA] -> 0x00B5
[736] [M]: 0x0000000080001FF8 (0x00B51513) slli a0, a0, 0xb
x10 <- 0x000002AAAAAAA800
mem[X,0x0000000080001FFC] -> 0x0513
mem[X,0x0000000080001FFE] -> 0x2AA5
[737] [M]: 0x0000000080001FFC (0x2AA50513) addi a0, a0, 0x2aa
x10 <- 0x000002AAAAAAAAAA
mem[X,0x0000000080002000] -> 0x1513
mem[X,0x0000000080002002] -> 0x00B5
[738] [M]: 0x0000000080002000 (0x00B51513) slli a0, a0, 0xb
x10 <- 0x0015555555555000
mem[X,0x0000000080002004] -> 0x0513
mem[X,0x0000000080002006] -> 0x5555
[739] [M]: 0x0000000080002004 (0x55550513) addi a0, a0, 0x555
x10 <- 0x0015555555555555
mem[X,0x0000000080002008] -> 0x1513
mem[X,0x000000008000200A] -> 0x00A5
[740] [M]: 0x0000000080002008 (0x00A51513) slli a0, a0, 0xa
x10 <- 0x5555555555555400
mem[X,0x000000008000200C] -> 0x0513
mem[X,0x000000008000200E] -> 0x1555
[741] [M]: 0x000000008000200C (0x15550513) addi a0, a0, 0x155
x10 <- 0x5555555555555555
mem[X,0x0000000080002010] -> 0xA031
[742] [M]: 0x0000000080002010 (0xA031) c.j 0x6
mem[X,0x000000008000201C] -> 0xFD65
[743] [M]: 0x000000008000201C (0xFD65) c.bnez a0, -0x4
mem[X,0x0000000080002014] -> 0x0113
mem[X,0x0000000080002016] -> 0x0011
[744] [M]: 0x0000000080002014 (0x00110113) addi sp, sp, 0x1
x2 <- 0x01FDDB7D5BFDDC34
mem[X,0x0000000080002018] -> 0x006F
mem[X,0x000000008000201A] -> 0x0100
[745] [M]: 0x0000000080002018 (0x0100006F) jal zero, 0x10
mem[X,0x0000000080002028] -> 0xB023
mem[X,0x000000008000202A] -> 0x3020
[746] [M]: 0x0000000080002028 (0x3020B023) sd sp, 0x300(ra)
mem[0x0000000080006418] <- 0x01FDDB7D5BFDDC34
mem[X,0x000000008000202C] -> 0xB537
mem[X,0x000000008000202E] -> 0xAAAA
[747] [M]: 0x000000008000202C (0xAAAAB537) lui a0, -0x55555
x10 <- 0xFFFFFFFFAAAAB000
mem[X,0x0000000080002030] -> 0x0513
mem[X,0x0000000080002032] -> 0xAAA5
[748] [M]: 0x0000000080002030 (0xAAA50513) addi a0, a0, -0x556
x10 <- 0xFFFFFFFFAAAAAAAA
mem[X,0x0000000080002034] -> 0x1513
mem[X,0x0000000080002036] -> 0x00B5
[749] [M]: 0x0000000080002034 (0x00B51513) slli a0, a0, 0xb
x10 <- 0xFFFFFD5555555000
mem[X,0x0000000080002038] -> 0x0513
mem[X,0x000000008000203A] -> 0x5555
[750] [M]: 0x0000000080002038 (0x55550513) addi a0, a0, 0x555
x10 <- 0xFFFFFD5555555555
mem[X,0x000000008000203C] -> 0x1513
mem[X,0x000000008000203E] -> 0x00B5
[751] [M]: 0x000000008000203C (0x00B51513) slli a0, a0, 0xb
x10 <- 0xFFEAAAAAAAAAA800
mem[X,0x0000000080002040] -> 0x0513
mem[X,0x0000000080002042] -> 0x2AA5
[752] [M]: 0x0000000080002040 (0x2AA50513) addi a0, a0, 0x2aa
x10 <- 0xFFEAAAAAAAAAAAAA
mem[X,0x0000000080002044] -> 0x1513
mem[X,0x0000000080002046] -> 0x00A5
[753] [M]: 0x0000000080002044 (0x00A51513) slli a0, a0, 0xa
x10 <- 0xAAAAAAAAAAAAA800
mem[X,0x0000000080002048] -> 0x0513
mem[X,0x000000008000204A] -> 0x2AA5
[754] [M]: 0x0000000080002048 (0x2AA50513) addi a0, a0, 0x2aa
x10 <- 0xAAAAAAAAAAAAAAAA
mem[X,0x000000008000204C] -> 0xA031
[755] [M]: 0x000000008000204C (0xA031) c.j 0x6
mem[X,0x0000000080002058] -> 0xFD65
[756] [M]: 0x0000000080002058 (0xFD65) c.bnez a0, -0x4
mem[X,0x0000000080002050] -> 0x0113
mem[X,0x0000000080002052] -> 0x0011
[757] [M]: 0x0000000080002050 (0x00110113) addi sp, sp, 0x1
x2 <- 0x01FDDB7D5BFDDC35
mem[X,0x0000000080002054] -> 0x006F
mem[X,0x0000000080002056] -> 0x0100
[758] [M]: 0x0000000080002054 (0x0100006F) jal zero, 0x10
mem[X,0x0000000080002064] -> 0xB423
mem[X,0x0000000080002066] -> 0x3020
[759] [M]: 0x0000000080002064 (0x3020B423) sd sp, 0x308(ra)
mem[0x0000000080006420] <- 0x01FDDB7D5BFDDC35
mem[X,0x0000000080002068] -> 0x0513
mem[X,0x000000008000206A] -> 0x0030
[760] [M]: 0x0000000080002068 (0x00300513) addi a0, zero, 0x3
x10 <- 0x0000000000000003
mem[X,0x000000008000206C] -> 0xA039
[761] [M]: 0x000000008000206C (0xA039) c.j 0x7
mem[X,0x000000008000207A] -> 0xF97D
[762] [M]: 0x000000008000207A (0xF97D) c.bnez a0, -0x5
mem[X,0x0000000080002070] -> 0x0113
mem[X,0x0000000080002072] -> 0x0011
[763] [M]: 0x0000000080002070 (0x00110113) addi sp, sp, 0x1
x2 <- 0x01FDDB7D5BFDDC36
mem[X,0x0000000080002074] -> 0x006F
mem[X,0x0000000080002076] -> 0x0120
[764] [M]: 0x0000000080002074 (0x0120006F) jal zero, 0x12
mem[X,0x0000000080002086] -> 0xB823
mem[X,0x0000000080002088] -> 0x3020
[765] [M]: 0x0000000080002086 (0x3020B823) sd sp, 0x310(ra)
mem[0x0000000080006428] <- 0x01FDDB7D5BFDDC36
mem[X,0x000000008000208A] -> 0x0513
mem[X,0x000000008000208C] -> 0x0050
[766] [M]: 0x000000008000208A (0x00500513) addi a0, zero, 0x5
x10 <- 0x0000000000000005
mem[X,0x000000008000208E] -> 0xA039
[767] [M]: 0x000000008000208E (0xA039) c.j 0x7
mem[X,0x000000008000209C] -> 0xF97D
[768] [M]: 0x000000008000209C (0xF97D) c.bnez a0, -0x5
mem[X,0x0000000080002092] -> 0x0113
mem[X,0x0000000080002094] -> 0x0011
[769] [M]: 0x0000000080002092 (0x00110113) addi sp, sp, 0x1
x2 <- 0x01FDDB7D5BFDDC37
mem[X,0x0000000080002096] -> 0x006F
mem[X,0x0000000080002098] -> 0x0120
[770] [M]: 0x0000000080002096 (0x0120006F) jal zero, 0x12
mem[X,0x00000000800020A8] -> 0xBC23
mem[X,0x00000000800020AA] -> 0x3020
[771] [M]: 0x00000000800020A8 (0x3020BC23) sd sp, 0x318(ra)
mem[0x0000000080006430] <- 0x01FDDB7D5BFDDC37
mem[X,0x00000000800020AC] -> 0x3537
mem[X,0x00000000800020AE] -> 0x3333
[772] [M]: 0x00000000800020AC (0x33333537) lui a0, 0x33333
x10 <- 0x0000000033333000
mem[X,0x00000000800020B0] -> 0x0513
mem[X,0x00000000800020B2] -> 0x3335
[773] [M]: 0x00000000800020B0 (0x33350513) addi a0, a0, 0x333
x10 <- 0x0000000033333333
mem[X,0x00000000800020B4] -> 0x1513
mem[X,0x00000000800020B6] -> 0x00B5
[774] [M]: 0x00000000800020B4 (0x00B51513) slli a0, a0, 0xb
x10 <- 0x0000019999999800
mem[X,0x00000000800020B8] -> 0x0513
mem[X,0x00000000800020BA] -> 0x1995
[775] [M]: 0x00000000800020B8 (0x19950513) addi a0, a0, 0x199
x10 <- 0x0000019999999999
mem[X,0x00000000800020BC] -> 0x1513
mem[X,0x00000000800020BE] -> 0x00B5
[776] [M]: 0x00000000800020BC (0x00B51513) slli a0, a0, 0xb
x10 <- 0x000CCCCCCCCCC800
mem[X,0x00000000800020C0] -> 0x0513
mem[X,0x00000000800020C2] -> 0x4CC5
[777] [M]: 0x00000000800020C0 (0x4CC50513) addi a0, a0, 0x4cc
x10 <- 0x000CCCCCCCCCCCCC
mem[X,0x00000000800020C4] -> 0x1513
mem[X,0x00000000800020C6] -> 0x00A5
[778] [M]: 0x00000000800020C4 (0x00A51513) slli a0, a0, 0xa
x10 <- 0x3333333333333000
mem[X,0x00000000800020C8] -> 0x0513
mem[X,0x00000000800020CA] -> 0x3335
[779] [M]: 0x00000000800020C8 (0x33350513) addi a0, a0, 0x333
x10 <- 0x3333333333333333
mem[X,0x00000000800020CC] -> 0xA811
[780] [M]: 0x00000000800020CC (0xA811) c.j 0xa
mem[X,0x00000000800020E0] -> 0xF965
[781] [M]: 0x00000000800020E0 (0xF965) c.bnez a0, -0x8
mem[X,0x00000000800020D0] -> 0x0113
mem[X,0x00000000800020D2] -> 0x0011
[782] [M]: 0x00000000800020D0 (0x00110113) addi sp, sp, 0x1
x2 <- 0x01FDDB7D5BFDDC38
mem[X,0x00000000800020D4] -> 0x006F
mem[X,0x00000000800020D6] -> 0x0180
[783] [M]: 0x00000000800020D4 (0x0180006F) jal zero, 0x18
mem[X,0x00000000800020EC] -> 0xB023
mem[X,0x00000000800020EE] -> 0x3220
[784] [M]: 0x00000000800020EC (0x3220B023) sd sp, 0x320(ra)
mem[0x0000000080006438] <- 0x01FDDB7D5BFDDC38
mem[X,0x00000000800020F0] -> 0x6537
mem[X,0x00000000800020F2] -> 0x6666
[785] [M]: 0x00000000800020F0 (0x66666537) lui a0, 0x66666
x10 <- 0x0000000066666000
mem[X,0x00000000800020F4] -> 0x0513
mem[X,0x00000000800020F6] -> 0x6665
[786] [M]: 0x00000000800020F4 (0x66650513) addi a0, a0, 0x666
x10 <- 0x0000000066666666
mem[X,0x00000000800020F8] -> 0x1513
mem[X,0x00000000800020FA] -> 0x00B5
[787] [M]: 0x00000000800020F8 (0x00B51513) slli a0, a0, 0xb
x10 <- 0x0000033333333000
mem[X,0x00000000800020FC] -> 0x0513
mem[X,0x00000000800020FE] -> 0x3335
[788] [M]: 0x00000000800020FC (0x33350513) addi a0, a0, 0x333
x10 <- 0x0000033333333333
mem[X,0x0000000080002100] -> 0x1513
mem[X,0x0000000080002102] -> 0x00B5
[789] [M]: 0x0000000080002100 (0x00B51513) slli a0, a0, 0xb
x10 <- 0x0019999999999800
mem[X,0x0000000080002104] -> 0x0513
mem[X,0x0000000080002106] -> 0x1995
[790] [M]: 0x0000000080002104 (0x19950513) addi a0, a0, 0x199
x10 <- 0x0019999999999999
mem[X,0x0000000080002108] -> 0x1513
mem[X,0x000000008000210A] -> 0x00A5
[791] [M]: 0x0000000080002108 (0x00A51513) slli a0, a0, 0xa
x10 <- 0x6666666666666400
mem[X,0x000000008000210C] -> 0x0513
mem[X,0x000000008000210E] -> 0x2665
[792] [M]: 0x000000008000210C (0x26650513) addi a0, a0, 0x266
x10 <- 0x6666666666666666
mem[X,0x0000000080002110] -> 0xA051
[793] [M]: 0x0000000080002110 (0xA051) c.j 0x42
mem[X,0x0000000080002194] -> 0xF141
[794] [M]: 0x0000000080002194 (0xF141) c.bnez a0, -0x40
mem[X,0x0000000080002114] -> 0x0113
mem[X,0x0000000080002116] -> 0x0011
[795] [M]: 0x0000000080002114 (0x00110113) addi sp, sp, 0x1
x2 <- 0x01FDDB7D5BFDDC39
mem[X,0x0000000080002118] -> 0x006F
mem[X,0x000000008000211A] -> 0x0880
[796] [M]: 0x0000000080002118 (0x0880006F) jal zero, 0x88
mem[X,0x00000000800021A0] -> 0xB423
mem[X,0x00000000800021A2] -> 0x3220
[797] [M]: 0x00000000800021A0 (0x3220B423) sd sp, 0x328(ra)
mem[0x0000000080006440] <- 0x01FDDB7D5BFDDC39
mem[X,0x00000000800021A4] -> 0x0537
mem[X,0x00000000800021A6] -> 0x0000
[798] [M]: 0x00000000800021A4 (0x00000537) lui a0, 0x0
x10 <- 0x0000000000000000
mem[X,0x00000000800021A8] -> 0x0513
mem[X,0x00000000800021AA] -> 0xFFF5
[799] [M]: 0x00000000800021A8 (0xFFF50513) addi a0, a0, -0x1
x10 <- 0xFFFFFFFFFFFFFFFF
clint::tick mtime <- 0x0000000000000008
 clint timer pending at mtime 0x0000000000000008
htif::tick 0x0000000000000000
mem[X,0x00000000800021AC] -> 0x1513
mem[X,0x00000000800021AE] -> 0x00B5
[800] [M]: 0x00000000800021AC (0x00B51513) slli a0, a0, 0xb
x10 <- 0xFFFFFFFFFFFFF800
mem[X,0x00000000800021B0] -> 0x0513
mem[X,0x00000000800021B2] -> 0x2575
[801] [M]: 0x00000000800021B0 (0x25750513) addi a0, a0, 0x257
x10 <- 0xFFFFFFFFFFFFFA57
mem[X,0x00000000800021B4] -> 0x1513
mem[X,0x00000000800021B6] -> 0x00B5
[802] [M]: 0x00000000800021B4 (0x00B51513) slli a0, a0, 0xb
x10 <- 0xFFFFFFFFFFD2B800
mem[X,0x00000000800021B8] -> 0x0513
mem[X,0x00000000800021BA] -> 0x6C35
[803] [M]: 0x00000000800021B8 (0x6C350513) addi a0, a0, 0x6c3
x10 <- 0xFFFFFFFFFFD2BEC3
mem[X,0x00000000800021BC] -> 0x1513
mem[X,0x00000000800021BE] -> 0x00A5
[804] [M]: 0x00000000800021BC (0x00A51513) slli a0, a0, 0xa
x10 <- 0xFFFFFFFF4AFB0C00
mem[X,0x00000000800021C0] -> 0x0513
mem[X,0x00000000800021C2] -> 0x0CD5
[805] [M]: 0x00000000800021C0 (0x0CD50513) addi a0, a0, 0xcd
x10 <- 0xFFFFFFFF4AFB0CCD
mem[X,0x00000000800021C4] -> 0xA031
[806] [M]: 0x00000000800021C4 (0xA031) c.j 0x6
mem[X,0x00000000800021D0] -> 0xE141
[807] [M]: 0x00000000800021D0 (0xE141) c.bnez a0, 0x40
mem[X,0x0000000080002250] -> 0x010D
[808] [M]: 0x0000000080002250 (0x010D) c.addi sp, 0x3
x2 <- 0x01FDDB7D5BFDDC3C
mem[X,0x0000000080002252] -> 0xB823
mem[X,0x0000000080002254] -> 0x3220
[809] [M]: 0x0000000080002252 (0x3220B823) sd sp, 0x330(ra)
mem[0x0000000080006448] <- 0x01FDDB7D5BFDDC3C
mem[X,0x0000000080002256] -> 0x0537
mem[X,0x0000000080002258] -> 0x0000
[810] [M]: 0x0000000080002256 (0x00000537) lui a0, 0x0
x10 <- 0x0000000000000000
mem[X,0x000000008000225A] -> 0x0513
mem[X,0x000000008000225C] -> 0x0005
[811] [M]: 0x000000008000225A (0x00050513) addi a0, a0, 0x0
x10 <- 0x0000000000000000
mem[X,0x000000008000225E] -> 0x1513
mem[X,0x0000000080002260] -> 0x00B5
[812] [M]: 0x000000008000225E (0x00B51513) slli a0, a0, 0xb
x10 <- 0x0000000000000000
mem[X,0x0000000080002262] -> 0x0513
mem[X,0x0000000080002264] -> 0x5A85
[813] [M]: 0x0000000080002262 (0x5A850513) addi a0, a0, 0x5a8
x10 <- 0x00000000000005A8
mem[X,0x0000000080002266] -> 0x1513
mem[X,0x0000000080002268] -> 0x00B5
[814] [M]: 0x0000000080002266 (0x00B51513) slli a0, a0, 0xb
x10 <- 0x00000000002D4000
mem[X,0x000000008000226A] -> 0x0513
mem[X,0x000000008000226C] -> 0x13C5
[815] [M]: 0x000000008000226A (0x13C50513) addi a0, a0, 0x13c
x10 <- 0x00000000002D413C
mem[X,0x000000008000226E] -> 0x1513
mem[X,0x0000000080002270] -> 0x00A5
[816] [M]: 0x000000008000226E (0x00A51513) slli a0, a0, 0xa
x10 <- 0x00000000B504F000
mem[X,0x0000000080002272] -> 0x0513
mem[X,0x0000000080002274] -> 0x3335
[817] [M]: 0x0000000080002272 (0x33350513) addi a0, a0, 0x333
x10 <- 0x00000000B504F333
mem[X,0x0000000080002276] -> 0xA821
[818] [M]: 0x0000000080002276 (0xA821) c.j 0xc
mem[X,0x000000008000228E] -> 0xF575
[819] [M]: 0x000000008000228E (0xF575) c.bnez a0, -0xa
mem[X,0x000000008000227A] -> 0x0113
mem[X,0x000000008000227C] -> 0x0011
[820] [M]: 0x000000008000227A (0x00110113) addi sp, sp, 0x1
x2 <- 0x01FDDB7D5BFDDC3D
mem[X,0x000000008000227E] -> 0x006F
mem[X,0x0000000080002280] -> 0x01C0
[821] [M]: 0x000000008000227E (0x01C0006F) jal zero, 0x1c
mem[X,0x000000008000229A] -> 0xBC23
mem[X,0x000000008000229C] -> 0x3220
[822] [M]: 0x000000008000229A (0x3220BC23) sd sp, 0x338(ra)
mem[0x0000000080006450] <- 0x01FDDB7D5BFDDC3D
mem[X,0x000000008000229E] -> 0x5537
mem[X,0x00000000800022A0] -> 0x5555
[823] [M]: 0x000000008000229E (0x55555537) lui a0, 0x55555
x10 <- 0x0000000055555000
mem[X,0x00000000800022A2] -> 0x0513
mem[X,0x00000000800022A4] -> 0x5555
[824] [M]: 0x00000000800022A2 (0x55550513) addi a0, a0, 0x555
x10 <- 0x0000000055555555
mem[X,0x00000000800022A6] -> 0x1513
mem[X,0x00000000800022A8] -> 0x00B5
[825] [M]: 0x00000000800022A6 (0x00B51513) slli a0, a0, 0xb
x10 <- 0x000002AAAAAAA800
mem[X,0x00000000800022AA] -> 0x0513
mem[X,0x00000000800022AC] -> 0x2AA5
[826] [M]: 0x00000000800022AA (0x2AA50513) addi a0, a0, 0x2aa
x10 <- 0x000002AAAAAAAAAA
mem[X,0x00000000800022AE] -> 0x1513
mem[X,0x00000000800022B0] -> 0x00B5
[827] [M]: 0x00000000800022AE (0x00B51513) slli a0, a0, 0xb
x10 <- 0x0015555555555000
mem[X,0x00000000800022B2] -> 0x0513
mem[X,0x00000000800022B4] -> 0x5555
[828] [M]: 0x00000000800022B2 (0x55550513) addi a0, a0, 0x555
x10 <- 0x0015555555555555
mem[X,0x00000000800022B6] -> 0x1513
mem[X,0x00000000800022B8] -> 0x00A5
[829] [M]: 0x00000000800022B6 (0x00A51513) slli a0, a0, 0xa
x10 <- 0x5555555555555400
mem[X,0x00000000800022BA] -> 0x0513
mem[X,0x00000000800022BC] -> 0x1545
[830] [M]: 0x00000000800022BA (0x15450513) addi a0, a0, 0x154
x10 <- 0x5555555555555554
mem[X,0x00000000800022BE] -> 0xA031
[831] [M]: 0x00000000800022BE (0xA031) c.j 0x6
mem[X,0x00000000800022CA] -> 0xE509
[832] [M]: 0x00000000800022CA (0xE509) c.bnez a0, 0x5
mem[X,0x00000000800022D4] -> 0x010D
[833] [M]: 0x00000000800022D4 (0x010D) c.addi sp, 0x3
x2 <- 0x01FDDB7D5BFDDC40
mem[X,0x00000000800022D6] -> 0xB023
mem[X,0x00000000800022D8] -> 0x3420
[834] [M]: 0x00000000800022D6 (0x3420B023) sd sp, 0x340(ra)
mem[0x0000000080006458] <- 0x01FDDB7D5BFDDC40
mem[X,0x00000000800022DA] -> 0x3537
mem[X,0x00000000800022DC] -> 0x3333
[835] [M]: 0x00000000800022DA (0x33333537) lui a0, 0x33333
x10 <- 0x0000000033333000
mem[X,0x00000000800022DE] -> 0x0513
mem[X,0x00000000800022E0] -> 0x3335
[836] [M]: 0x00000000800022DE (0x33350513) addi a0, a0, 0x333
x10 <- 0x0000000033333333
mem[X,0x00000000800022E2] -> 0x1513
mem[X,0x00000000800022E4] -> 0x00B5
[837] [M]: 0x00000000800022E2 (0x00B51513) slli a0, a0, 0xb
x10 <- 0x0000019999999800
mem[X,0x00000000800022E6] -> 0x0513
mem[X,0x00000000800022E8] -> 0x1995
[838] [M]: 0x00000000800022E6 (0x19950513) addi a0, a0, 0x199
x10 <- 0x0000019999999999
mem[X,0x00000000800022EA] -> 0x1513
mem[X,0x00000000800022EC] -> 0x00B5
[839] [M]: 0x00000000800022EA (0x00B51513) slli a0, a0, 0xb
x10 <- 0x000CCCCCCCCCC800
mem[X,0x00000000800022EE] -> 0x0513
mem[X,0x00000000800022F0] -> 0x4CC5
[840] [M]: 0x00000000800022EE (0x4CC50513) addi a0, a0, 0x4cc
x10 <- 0x000CCCCCCCCCCCCC
mem[X,0x00000000800022F2] -> 0x1513
mem[X,0x00000000800022F4] -> 0x00A5
[841] [M]: 0x00000000800022F2 (0x00A51513) slli a0, a0, 0xa
x10 <- 0x3333333333333000
mem[X,0x00000000800022F6] -> 0x0513
mem[X,0x00000000800022F8] -> 0x3325
[842] [M]: 0x00000000800022F6 (0x33250513) addi a0, a0, 0x332
x10 <- 0x3333333333333332
mem[X,0x00000000800022FA] -> 0xA051
[843] [M]: 0x00000000800022FA (0xA051) c.j 0x42
mem[X,0x000000008000237E] -> 0xF141
[844] [M]: 0x000000008000237E (0xF141) c.bnez a0, -0x40
mem[X,0x00000000800022FE] -> 0x0113
mem[X,0x0000000080002300] -> 0x0011
[845] [M]: 0x00000000800022FE (0x00110113) addi sp, sp, 0x1
x2 <- 0x01FDDB7D5BFDDC41
mem[X,0x0000000080002302] -> 0x006F
mem[X,0x0000000080002304] -> 0x0880
[846] [M]: 0x0000000080002302 (0x0880006F) jal zero, 0x88
mem[X,0x000000008000238A] -> 0xB423
mem[X,0x000000008000238C] -> 0x3420
[847] [M]: 0x000000008000238A (0x3420B423) sd sp, 0x348(ra)
mem[0x0000000080006460] <- 0x01FDDB7D5BFDDC41
mem[X,0x000000008000238E] -> 0x6537
mem[X,0x0000000080002390] -> 0x6666
[848] [M]: 0x000000008000238E (0x66666537) lui a0, 0x66666
x10 <- 0x0000000066666000
mem[X,0x0000000080002392] -> 0x0513
mem[X,0x0000000080002394] -> 0x6665
[849] [M]: 0x0000000080002392 (0x66650513) addi a0, a0, 0x666
x10 <- 0x0000000066666666
mem[X,0x0000000080002396] -> 0x1513
mem[X,0x0000000080002398] -> 0x00B5
[850] [M]: 0x0000000080002396 (0x00B51513) slli a0, a0, 0xb
x10 <- 0x0000033333333000
mem[X,0x000000008000239A] -> 0x0513
mem[X,0x000000008000239C] -> 0x3335
[851] [M]: 0x000000008000239A (0x33350513) addi a0, a0, 0x333
x10 <- 0x0000033333333333
mem[X,0x000000008000239E] -> 0x1513
mem[X,0x00000000800023A0] -> 0x00B5
[852] [M]: 0x000000008000239E (0x00B51513) slli a0, a0, 0xb
x10 <- 0x0019999999999800
mem[X,0x00000000800023A2] -> 0x0513
mem[X,0x00000000800023A4] -> 0x1995
[853] [M]: 0x00000000800023A2 (0x19950513) addi a0, a0, 0x199
x10 <- 0x0019999999999999
mem[X,0x00000000800023A6] -> 0x1513
mem[X,0x00000000800023A8] -> 0x00A5
[854] [M]: 0x00000000800023A6 (0x00A51513) slli a0, a0, 0xa
x10 <- 0x6666666666666400
mem[X,0x00000000800023AA] -> 0x0513
mem[X,0x00000000800023AC] -> 0x2655
[855] [M]: 0x00000000800023AA (0x26550513) addi a0, a0, 0x265
x10 <- 0x6666666666666665
mem[X,0x00000000800023AE] -> 0xA031
[856] [M]: 0x00000000800023AE (0xA031) c.j 0x6
mem[X,0x00000000800023BA] -> 0xE509
[857] [M]: 0x00000000800023BA (0xE509) c.bnez a0, 0x5
mem[X,0x00000000800023C4] -> 0x010D
[858] [M]: 0x00000000800023C4 (0x010D) c.addi sp, 0x3
x2 <- 0x01FDDB7D5BFDDC44
mem[X,0x00000000800023C6] -> 0xB823
mem[X,0x00000000800023C8] -> 0x3420
[859] [M]: 0x00000000800023C6 (0x3420B823) sd sp, 0x350(ra)
mem[0x0000000080006468] <- 0x01FDDB7D5BFDDC44
mem[X,0x00000000800023CA] -> 0x0537
mem[X,0x00000000800023CC] -> 0x0000
[860] [M]: 0x00000000800023CA (0x00000537) lui a0, 0x0
x10 <- 0x0000000000000000
mem[X,0x00000000800023CE] -> 0x0513
mem[X,0x00000000800023D0] -> 0x0005
[861] [M]: 0x00000000800023CE (0x00050513) addi a0, a0, 0x0
x10 <- 0x0000000000000000
mem[X,0x00000000800023D2] -> 0x1513
mem[X,0x00000000800023D4] -> 0x00B5
[862] [M]: 0x00000000800023D2 (0x00B51513) slli a0, a0, 0xb
x10 <- 0x0000000000000000
mem[X,0x00000000800023D6] -> 0x0513
mem[X,0x00000000800023D8] -> 0x5A85
[863] [M]: 0x00000000800023D6 (0x5A850513) addi a0, a0, 0x5a8
x10 <- 0x00000000000005A8
mem[X,0x00000000800023DA] -> 0x1513
mem[X,0x00000000800023DC] -> 0x00B5
[864] [M]: 0x00000000800023DA (0x00B51513) slli a0, a0, 0xb
x10 <- 0x00000000002D4000
mem[X,0x00000000800023DE] -> 0x0513
mem[X,0x00000000800023E0] -> 0x13C5
[865] [M]: 0x00000000800023DE (0x13C50513) addi a0, a0, 0x13c
x10 <- 0x00000000002D413C
mem[X,0x00000000800023E2] -> 0x1513
mem[X,0x00000000800023E4] -> 0x00A5
[866] [M]: 0x00000000800023E2 (0x00A51513) slli a0, a0, 0xa
x10 <- 0x00000000B504F000
mem[X,0x00000000800023E6] -> 0x0513
mem[X,0x00000000800023E8] -> 0x3325
[867] [M]: 0x00000000800023E6 (0x33250513) addi a0, a0, 0x332
x10 <- 0x00000000B504F332
mem[X,0x00000000800023EA] -> 0xA031
[868] [M]: 0x00000000800023EA (0xA031) c.j 0x6
mem[X,0x00000000800023F6] -> 0xFD65
[869] [M]: 0x00000000800023F6 (0xFD65) c.bnez a0, -0x4
mem[X,0x00000000800023EE] -> 0x0113
mem[X,0x00000000800023F0] -> 0x0011
[870] [M]: 0x00000000800023EE (0x00110113) addi sp, sp, 0x1
x2 <- 0x01FDDB7D5BFDDC45
mem[X,0x00000000800023F2] -> 0x006F
mem[X,0x00000000800023F4] -> 0x0100
[871] [M]: 0x00000000800023F2 (0x0100006F) jal zero, 0x10
mem[X,0x0000000080002402] -> 0xBC23
mem[X,0x0000000080002404] -> 0x3420
[872] [M]: 0x0000000080002402 (0x3420BC23) sd sp, 0x358(ra)
mem[0x0000000080006470] <- 0x01FDDB7D5BFDDC45
mem[X,0x0000000080002406] -> 0x5537
mem[X,0x0000000080002408] -> 0x5555
[873] [M]: 0x0000000080002406 (0x55555537) lui a0, 0x55555
x10 <- 0x0000000055555000
mem[X,0x000000008000240A] -> 0x0513
mem[X,0x000000008000240C] -> 0x5555
[874] [M]: 0x000000008000240A (0x55550513) addi a0, a0, 0x555
x10 <- 0x0000000055555555
mem[X,0x000000008000240E] -> 0x1513
mem[X,0x0000000080002410] -> 0x00B5
[875] [M]: 0x000000008000240E (0x00B51513) slli a0, a0, 0xb
x10 <- 0x000002AAAAAAA800
mem[X,0x0000000080002412] -> 0x0513
mem[X,0x0000000080002414] -> 0x2AA5
[876] [M]: 0x0000000080002412 (0x2AA50513) addi a0, a0, 0x2aa
x10 <- 0x000002AAAAAAAAAA
mem[X,0x0000000080002416] -> 0x1513
mem[X,0x0000000080002418] -> 0x00B5
[877] [M]: 0x0000000080002416 (0x00B51513) slli a0, a0, 0xb
x10 <- 0x0015555555555000
mem[X,0x000000008000241A] -> 0x0513
mem[X,0x000000008000241C] -> 0x5555
[878] [M]: 0x000000008000241A (0x55550513) addi a0, a0, 0x555
x10 <- 0x0015555555555555
mem[X,0x000000008000241E] -> 0x1513
mem[X,0x0000000080002420] -> 0x00A5
[879] [M]: 0x000000008000241E (0x00A51513) slli a0, a0, 0xa
x10 <- 0x5555555555555400
mem[X,0x0000000080002422] -> 0x0513
mem[X,0x0000000080002424] -> 0x1565
[880] [M]: 0x0000000080002422 (0x15650513) addi a0, a0, 0x156
x10 <- 0x5555555555555556
mem[X,0x0000000080002426] -> 0xA031
[881] [M]: 0x0000000080002426 (0xA031) c.j 0x6
mem[X,0x0000000080002432] -> 0xE519
[882] [M]: 0x0000000080002432 (0xE519) c.bnez a0, 0x7
mem[X,0x0000000080002440] -> 0x010D
[883] [M]: 0x0000000080002440 (0x010D) c.addi sp, 0x3
x2 <- 0x01FDDB7D5BFDDC48
mem[X,0x0000000080002442] -> 0xB023
mem[X,0x0000000080002444] -> 0x3620
[884] [M]: 0x0000000080002442 (0x3620B023) sd sp, 0x360(ra)
mem[0x0000000080006478] <- 0x01FDDB7D5BFDDC48
mem[X,0x0000000080002446] -> 0xB537
mem[X,0x0000000080002448] -> 0xAAAA
[885] [M]: 0x0000000080002446 (0xAAAAB537) lui a0, -0x55555
x10 <- 0xFFFFFFFFAAAAB000
mem[X,0x000000008000244A] -> 0x0513
mem[X,0x000000008000244C] -> 0xAAA5
[886] [M]: 0x000000008000244A (0xAAA50513) addi a0, a0, -0x556
x10 <- 0xFFFFFFFFAAAAAAAA
mem[X,0x000000008000244E] -> 0x1513
mem[X,0x0000000080002450] -> 0x00B5
[887] [M]: 0x000000008000244E (0x00B51513) slli a0, a0, 0xb
x10 <- 0xFFFFFD5555555000
mem[X,0x0000000080002452] -> 0x0513
mem[X,0x0000000080002454] -> 0x5555
[888] [M]: 0x0000000080002452 (0x55550513) addi a0, a0, 0x555
x10 <- 0xFFFFFD5555555555
mem[X,0x0000000080002456] -> 0x1513
mem[X,0x0000000080002458] -> 0x00B5
[889] [M]: 0x0000000080002456 (0x00B51513) slli a0, a0, 0xb
x10 <- 0xFFEAAAAAAAAAA800
mem[X,0x000000008000245A] -> 0x0513
mem[X,0x000000008000245C] -> 0x2AA5
[890] [M]: 0x000000008000245A (0x2AA50513) addi a0, a0, 0x2aa
x10 <- 0xFFEAAAAAAAAAAAAA
mem[X,0x000000008000245E] -> 0x1513
mem[X,0x0000000080002460] -> 0x00A5
[891] [M]: 0x000000008000245E (0x00A51513) slli a0, a0, 0xa
x10 <- 0xAAAAAAAAAAAAA800
mem[X,0x0000000080002462] -> 0x0513
mem[X,0x0000000080002464] -> 0x2AB5
[892] [M]: 0x0000000080002462 (0x2AB50513) addi a0, a0, 0x2ab
x10 <- 0xAAAAAAAAAAAAAAAB
mem[X,0x0000000080002466] -> 0xA039
[893] [M]: 0x0000000080002466 (0xA039) c.j 0x7
mem[X,0x0000000080002474] -> 0xF97D
[894] [M]: 0x0000000080002474 (0xF97D) c.bnez a0, -0x5
mem[X,0x000000008000246A] -> 0x0113
mem[X,0x000000008000246C] -> 0x0011
[895] [M]: 0x000000008000246A (0x00110113) addi sp, sp, 0x1
x2 <- 0x01FDDB7D5BFDDC49
mem[X,0x000000008000246E] -> 0x006F
mem[X,0x0000000080002470] -> 0x0120
[896] [M]: 0x000000008000246E (0x0120006F) jal zero, 0x12
mem[X,0x0000000080002480] -> 0xB423
mem[X,0x0000000080002482] -> 0x3620
[897] [M]: 0x0000000080002480 (0x3620B423) sd sp, 0x368(ra)
mem[0x0000000080006480] <- 0x01FDDB7D5BFDDC49
mem[X,0x0000000080002484] -> 0x0513
mem[X,0x0000000080002486] -> 0x0060
[898] [M]: 0x0000000080002484 (0x00600513) addi a0, zero, 0x6
x10 <- 0x0000000000000006
mem[X,0x0000000080002488] -> 0xA031
[899] [M]: 0x0000000080002488 (0xA031) c.j 0x6
clint::tick mtime <- 0x0000000000000009
 clint timer pending at mtime 0x0000000000000009
htif::tick 0x0000000000000000
mem[X,0x0000000080002494] -> 0xFD65
[900] [M]: 0x0000000080002494 (0xFD65) c.bnez a0, -0x4
mem[X,0x000000008000248C] -> 0x0113
mem[X,0x000000008000248E] -> 0x0011
[901] [M]: 0x000000008000248C (0x00110113) addi sp, sp, 0x1
x2 <- 0x01FDDB7D5BFDDC4A
mem[X,0x0000000080002490] -> 0x006F
mem[X,0x0000000080002492] -> 0x0100
[902] [M]: 0x0000000080002490 (0x0100006F) jal zero, 0x10
mem[X,0x00000000800024A0] -> 0xB823
mem[X,0x00000000800024A2] -> 0x3620
[903] [M]: 0x00000000800024A0 (0x3620B823) sd sp, 0x370(ra)
mem[0x0000000080006488] <- 0x01FDDB7D5BFDDC4A
mem[X,0x00000000800024A4] -> 0x3537
mem[X,0x00000000800024A6] -> 0x3333
[904] [M]: 0x00000000800024A4 (0x33333537) lui a0, 0x33333
x10 <- 0x0000000033333000
mem[X,0x00000000800024A8] -> 0x0513
mem[X,0x00000000800024AA] -> 0x3335
[905] [M]: 0x00000000800024A8 (0x33350513) addi a0, a0, 0x333
x10 <- 0x0000000033333333
mem[X,0x00000000800024AC] -> 0x1513
mem[X,0x00000000800024AE] -> 0x00B5
[906] [M]: 0x00000000800024AC (0x00B51513) slli a0, a0, 0xb
x10 <- 0x0000019999999800
mem[X,0x00000000800024B0] -> 0x0513
mem[X,0x00000000800024B2] -> 0x1995
[907] [M]: 0x00000000800024B0 (0x19950513) addi a0, a0, 0x199
x10 <- 0x0000019999999999
mem[X,0x00000000800024B4] -> 0x1513
mem[X,0x00000000800024B6] -> 0x00B5
[908] [M]: 0x00000000800024B4 (0x00B51513) slli a0, a0, 0xb
x10 <- 0x000CCCCCCCCCC800
mem[X,0x00000000800024B8] -> 0x0513
mem[X,0x00000000800024BA] -> 0x4CC5
[909] [M]: 0x00000000800024B8 (0x4CC50513) addi a0, a0, 0x4cc
x10 <- 0x000CCCCCCCCCCCCC
mem[X,0x00000000800024BC] -> 0x1513
mem[X,0x00000000800024BE] -> 0x00A5
[910] [M]: 0x00000000800024BC (0x00A51513) slli a0, a0, 0xa
x10 <- 0x3333333333333000
mem[X,0x00000000800024C0] -> 0x0513
mem[X,0x00000000800024C2] -> 0x3345
[911] [M]: 0x00000000800024C0 (0x33450513) addi a0, a0, 0x334
x10 <- 0x3333333333333334
mem[X,0x00000000800024C4] -> 0xA821
[912] [M]: 0x00000000800024C4 (0xA821) c.j 0xc
mem[X,0x00000000800024DC] -> 0xF575
[913] [M]: 0x00000000800024DC (0xF575) c.bnez a0, -0xa
mem[X,0x00000000800024C8] -> 0x0113
mem[X,0x00000000800024CA] -> 0x0011
[914] [M]: 0x00000000800024C8 (0x00110113) addi sp, sp, 0x1
x2 <- 0x01FDDB7D5BFDDC4B
mem[X,0x00000000800024CC] -> 0x006F
mem[X,0x00000000800024CE] -> 0x01C0
[915] [M]: 0x00000000800024CC (0x01C0006F) jal zero, 0x1c
mem[X,0x00000000800024E8] -> 0xBC23
mem[X,0x00000000800024EA] -> 0x3620
[916] [M]: 0x00000000800024E8 (0x3620BC23) sd sp, 0x378(ra)
mem[0x0000000080006490] <- 0x01FDDB7D5BFDDC4B
mem[X,0x00000000800024EC] -> 0x6537
mem[X,0x00000000800024EE] -> 0x6666
[917] [M]: 0x00000000800024EC (0x66666537) lui a0, 0x66666
x10 <- 0x0000000066666000
mem[X,0x00000000800024F0] -> 0x0513
mem[X,0x00000000800024F2] -> 0x6665
[918] [M]: 0x00000000800024F0 (0x66650513) addi a0, a0, 0x666
x10 <- 0x0000000066666666
mem[X,0x00000000800024F4] -> 0x1513
mem[X,0x00000000800024F6] -> 0x00B5
[919] [M]: 0x00000000800024F4 (0x00B51513) slli a0, a0, 0xb
x10 <- 0x0000033333333000
mem[X,0x00000000800024F8] -> 0x0513
mem[X,0x00000000800024FA] -> 0x3335
[920] [M]: 0x00000000800024F8 (0x33350513) addi a0, a0, 0x333
x10 <- 0x0000033333333333
mem[X,0x00000000800024FC] -> 0x1513
mem[X,0x00000000800024FE] -> 0x00B5
[921] [M]: 0x00000000800024FC (0x00B51513) slli a0, a0, 0xb
x10 <- 0x0019999999999800
mem[X,0x0000000080002500] -> 0x0513
mem[X,0x0000000080002502] -> 0x1995
[922] [M]: 0x0000000080002500 (0x19950513) addi a0, a0, 0x199
x10 <- 0x0019999999999999
mem[X,0x0000000080002504] -> 0x1513
mem[X,0x0000000080002506] -> 0x00A5
[923] [M]: 0x0000000080002504 (0x00A51513) slli a0, a0, 0xa
x10 <- 0x6666666666666400
mem[X,0x0000000080002508] -> 0x0513
mem[X,0x000000008000250A] -> 0x2675
[924] [M]: 0x0000000080002508 (0x26750513) addi a0, a0, 0x267
x10 <- 0x6666666666666667
mem[X,0x000000008000250C] -> 0xA801
[925] [M]: 0x000000008000250C (0xA801) c.j 0x8
mem[X,0x000000008000251C] -> 0xF975
[926] [M]: 0x000000008000251C (0xF975) c.bnez a0, -0x6
mem[X,0x0000000080002510] -> 0x0113
mem[X,0x0000000080002512] -> 0x0011
[927] [M]: 0x0000000080002510 (0x00110113) addi sp, sp, 0x1
x2 <- 0x01FDDB7D5BFDDC4C
mem[X,0x0000000080002514] -> 0x006F
mem[X,0x0000000080002516] -> 0x0140
[928] [M]: 0x0000000080002514 (0x0140006F) jal zero, 0x14
mem[X,0x0000000080002528] -> 0xB023
mem[X,0x000000008000252A] -> 0x3820
[929] [M]: 0x0000000080002528 (0x3820B023) sd sp, 0x380(ra)
mem[0x0000000080006498] <- 0x01FDDB7D5BFDDC4C
mem[X,0x000000008000252C] -> 0x0537
mem[X,0x000000008000252E] -> 0x0000
[930] [M]: 0x000000008000252C (0x00000537) lui a0, 0x0
x10 <- 0x0000000000000000
mem[X,0x0000000080002530] -> 0x0513
mem[X,0x0000000080002532] -> 0xFFF5
[931] [M]: 0x0000000080002530 (0xFFF50513) addi a0, a0, -0x1
x10 <- 0xFFFFFFFFFFFFFFFF
mem[X,0x0000000080002534] -> 0x1513
mem[X,0x0000000080002536] -> 0x00B5
[932] [M]: 0x0000000080002534 (0x00B51513) slli a0, a0, 0xb
x10 <- 0xFFFFFFFFFFFFF800
mem[X,0x0000000080002538] -> 0x0513
mem[X,0x000000008000253A] -> 0x2575
[933] [M]: 0x0000000080002538 (0x25750513) addi a0, a0, 0x257
x10 <- 0xFFFFFFFFFFFFFA57
mem[X,0x000000008000253C] -> 0x1513
mem[X,0x000000008000253E] -> 0x00B5
[934] [M]: 0x000000008000253C (0x00B51513) slli a0, a0, 0xb
x10 <- 0xFFFFFFFFFFD2B800
mem[X,0x0000000080002540] -> 0x0513
mem[X,0x0000000080002542] -> 0x6C35
[935] [M]: 0x0000000080002540 (0x6C350513) addi a0, a0, 0x6c3
x10 <- 0xFFFFFFFFFFD2BEC3
mem[X,0x0000000080002544] -> 0x1513
mem[X,0x0000000080002546] -> 0x00A5
[936] [M]: 0x0000000080002544 (0x00A51513) slli a0, a0, 0xa
x10 <- 0xFFFFFFFF4AFB0C00
mem[X,0x0000000080002548] -> 0x0513
mem[X,0x000000008000254A] -> 0x0CE5
[937] [M]: 0x0000000080002548 (0x0CE50513) addi a0, a0, 0xce
x10 <- 0xFFFFFFFF4AFB0CCE
mem[X,0x000000008000254C] -> 0xA031
[938] [M]: 0x000000008000254C (0xA031) c.j 0x6
mem[X,0x0000000080002558] -> 0xE509
[939] [M]: 0x0000000080002558 (0xE509) c.bnez a0, 0x5
mem[X,0x0000000080002562] -> 0x010D
[940] [M]: 0x0000000080002562 (0x010D) c.addi sp, 0x3
x2 <- 0x01FDDB7D5BFDDC4F
mem[X,0x0000000080002564] -> 0xB423
mem[X,0x0000000080002566] -> 0x3820
[941] [M]: 0x0000000080002564 (0x3820B423) sd sp, 0x388(ra)
mem[0x00000000800064A0] <- 0x01FDDB7D5BFDDC4F
mem[X,0x0000000080002568] -> 0x0537
mem[X,0x000000008000256A] -> 0x0000
[942] [M]: 0x0000000080002568 (0x00000537) lui a0, 0x0
x10 <- 0x0000000000000000
mem[X,0x000000008000256C] -> 0x0513
mem[X,0x000000008000256E] -> 0x0005
[943] [M]: 0x000000008000256C (0x00050513) addi a0, a0, 0x0
x10 <- 0x0000000000000000
mem[X,0x0000000080002570] -> 0x1513
mem[X,0x0000000080002572] -> 0x00B5
[944] [M]: 0x0000000080002570 (0x00B51513) slli a0, a0, 0xb
x10 <- 0x0000000000000000
mem[X,0x0000000080002574] -> 0x0513
mem[X,0x0000000080002576] -> 0x5A85
[945] [M]: 0x0000000080002574 (0x5A850513) addi a0, a0, 0x5a8
x10 <- 0x00000000000005A8
mem[X,0x0000000080002578] -> 0x1513
mem[X,0x000000008000257A] -> 0x00B5
[946] [M]: 0x0000000080002578 (0x00B51513) slli a0, a0, 0xb
x10 <- 0x00000000002D4000
mem[X,0x000000008000257C] -> 0x0513
mem[X,0x000000008000257E] -> 0x13C5
[947] [M]: 0x000000008000257C (0x13C50513) addi a0, a0, 0x13c
x10 <- 0x00000000002D413C
mem[X,0x0000000080002580] -> 0x1513
mem[X,0x0000000080002582] -> 0x00A5
[948] [M]: 0x0000000080002580 (0x00A51513) slli a0, a0, 0xa
x10 <- 0x00000000B504F000
mem[X,0x0000000080002584] -> 0x0513
mem[X,0x0000000080002586] -> 0x3345
[949] [M]: 0x0000000080002584 (0x33450513) addi a0, a0, 0x334
x10 <- 0x00000000B504F334
mem[X,0x0000000080002588] -> 0xA031
[950] [M]: 0x0000000080002588 (0xA031) c.j 0x6
mem[X,0x0000000080002594] -> 0xED3D
[951] [M]: 0x0000000080002594 (0xED3D) c.bnez a0, 0x3f
mem[X,0x0000000080002612] -> 0x010D
[952] [M]: 0x0000000080002612 (0x010D) c.addi sp, 0x3
x2 <- 0x01FDDB7D5BFDDC52
mem[X,0x0000000080002614] -> 0xB823
mem[X,0x0000000080002616] -> 0x3820
[953] [M]: 0x0000000080002614 (0x3820B823) sd sp, 0x390(ra)
mem[0x00000000800064A8] <- 0x01FDDB7D5BFDDC52
mem[X,0x0000000080002618] -> 0x0513
mem[X,0x000000008000261A] -> 0x0010
[954] [M]: 0x0000000080002618 (0x00100513) addi a0, zero, 0x1
x10 <- 0x0000000000000001
mem[X,0x000000008000261C] -> 0x1513
mem[X,0x000000008000261E] -> 0x0155
[955] [M]: 0x000000008000261C (0x01551513) slli a0, a0, 0x15
x10 <- 0x0000000000200000
mem[X,0x0000000080002620] -> 0x4513
mem[X,0x0000000080002622] -> 0xFFF5
[956] [M]: 0x0000000080002620 (0xFFF54513) xori a0, a0, -0x1
x10 <- 0xFFFFFFFFFFDFFFFF
mem[X,0x0000000080002624] -> 0xA809
[957] [M]: 0x0000000080002624 (0xA809) c.j 0x9
mem[X,0x0000000080002636] -> 0xF96D
[958] [M]: 0x0000000080002636 (0xF96D) c.bnez a0, -0x7
mem[X,0x0000000080002628] -> 0x0113
mem[X,0x000000008000262A] -> 0x0011
[959] [M]: 0x0000000080002628 (0x00110113) addi sp, sp, 0x1
x2 <- 0x01FDDB7D5BFDDC53
mem[X,0x000000008000262C] -> 0x006F
mem[X,0x000000008000262E] -> 0x0160
[960] [M]: 0x000000008000262C (0x0160006F) jal zero, 0x16
mem[X,0x0000000080002642] -> 0xBC23
mem[X,0x0000000080002644] -> 0x3820
[961] [M]: 0x0000000080002642 (0x3820BC23) sd sp, 0x398(ra)
mem[0x00000000800064B0] <- 0x01FDDB7D5BFDDC53
mem[X,0x0000000080002646] -> 0x0513
mem[X,0x0000000080002648] -> 0x0010
[962] [M]: 0x0000000080002646 (0x00100513) addi a0, zero, 0x1
x10 <- 0x0000000000000001
mem[X,0x000000008000264A] -> 0x1513
mem[X,0x000000008000264C] -> 0x0165
[963] [M]: 0x000000008000264A (0x01651513) slli a0, a0, 0x16
x10 <- 0x0000000000400000
mem[X,0x000000008000264E] -> 0x4513
mem[X,0x0000000080002650] -> 0xFFF5
[964] [M]: 0x000000008000264E (0xFFF54513) xori a0, a0, -0x1
x10 <- 0xFFFFFFFFFFBFFFFF
mem[X,0x0000000080002652] -> 0xA031
[965] [M]: 0x0000000080002652 (0xA031) c.j 0x6
mem[X,0x000000008000265E] -> 0xE54D
[966] [M]: 0x000000008000265E (0xE54D) c.bnez a0, 0x55
mem[X,0x0000000080002708] -> 0x010D
[967] [M]: 0x0000000080002708 (0x010D) c.addi sp, 0x3
x2 <- 0x01FDDB7D5BFDDC56
mem[X,0x000000008000270A] -> 0xB023
mem[X,0x000000008000270C] -> 0x3A20
[968] [M]: 0x000000008000270A (0x3A20B023) sd sp, 0x3a0(ra)
mem[0x00000000800064B8] <- 0x01FDDB7D5BFDDC56
mem[X,0x000000008000270E] -> 0x0513
mem[X,0x0000000080002710] -> 0x0010
[969] [M]: 0x000000008000270E (0x00100513) addi a0, zero, 0x1
x10 <- 0x0000000000000001
mem[X,0x0000000080002712] -> 0x1513
mem[X,0x0000000080002714] -> 0x0175
[970] [M]: 0x0000000080002712 (0x01751513) slli a0, a0, 0x17
x10 <- 0x0000000000800000
mem[X,0x0000000080002716] -> 0x4513
mem[X,0x0000000080002718] -> 0xFFF5
[971] [M]: 0x0000000080002716 (0xFFF54513) xori a0, a0, -0x1
x10 <- 0xFFFFFFFFFF7FFFFF
mem[X,0x000000008000271A] -> 0xA811
[972] [M]: 0x000000008000271A (0xA811) c.j 0xa
mem[X,0x000000008000272E] -> 0xF965
[973] [M]: 0x000000008000272E (0xF965) c.bnez a0, -0x8
mem[X,0x000000008000271E] -> 0x0113
mem[X,0x0000000080002720] -> 0x0011
[974] [M]: 0x000000008000271E (0x00110113) addi sp, sp, 0x1
x2 <- 0x01FDDB7D5BFDDC57
mem[X,0x0000000080002722] -> 0x006F
mem[X,0x0000000080002724] -> 0x0180
[975] [M]: 0x0000000080002722 (0x0180006F) jal zero, 0x18
mem[X,0x000000008000273A] -> 0xB423
mem[X,0x000000008000273C] -> 0x3A20
[976] [M]: 0x000000008000273A (0x3A20B423) sd sp, 0x3a8(ra)
mem[0x00000000800064C0] <- 0x01FDDB7D5BFDDC57
mem[X,0x000000008000273E] -> 0x0513
mem[X,0x0000000080002740] -> 0x0010
[977] [M]: 0x000000008000273E (0x00100513) addi a0, zero, 0x1
x10 <- 0x0000000000000001
mem[X,0x0000000080002742] -> 0x1513
mem[X,0x0000000080002744] -> 0x0185
[978] [M]: 0x0000000080002742 (0x01851513) slli a0, a0, 0x18
x10 <- 0x0000000001000000
mem[X,0x0000000080002746] -> 0x4513
mem[X,0x0000000080002748] -> 0xFFF5
[979] [M]: 0x0000000080002746 (0xFFF54513) xori a0, a0, -0x1
x10 <- 0xFFFFFFFFFEFFFFFF
mem[X,0x000000008000274A] -> 0xA801
[980] [M]: 0x000000008000274A (0xA801) c.j 0x8
mem[X,0x000000008000275A] -> 0xF975
[981] [M]: 0x000000008000275A (0xF975) c.bnez a0, -0x6
mem[X,0x000000008000274E] -> 0x0113
mem[X,0x0000000080002750] -> 0x0011
[982] [M]: 0x000000008000274E (0x00110113) addi sp, sp, 0x1
x2 <- 0x01FDDB7D5BFDDC58
mem[X,0x0000000080002752] -> 0x006F
mem[X,0x0000000080002754] -> 0x0140
[983] [M]: 0x0000000080002752 (0x0140006F) jal zero, 0x14
mem[X,0x0000000080002766] -> 0xB823
mem[X,0x0000000080002768] -> 0x3A20
[984] [M]: 0x0000000080002766 (0x3A20B823) sd sp, 0x3b0(ra)
mem[0x00000000800064C8] <- 0x01FDDB7D5BFDDC58
mem[X,0x000000008000276A] -> 0x0513
mem[X,0x000000008000276C] -> 0x0010
[985] [M]: 0x000000008000276A (0x00100513) addi a0, zero, 0x1
x10 <- 0x0000000000000001
mem[X,0x000000008000276E] -> 0x1513
mem[X,0x0000000080002770] -> 0x0195
[986] [M]: 0x000000008000276E (0x01951513) slli a0, a0, 0x19
x10 <- 0x0000000002000000
mem[X,0x0000000080002772] -> 0x4513
mem[X,0x0000000080002774] -> 0xFFF5
[987] [M]: 0x0000000080002772 (0xFFF54513) xori a0, a0, -0x1
x10 <- 0xFFFFFFFFFDFFFFFF
mem[X,0x0000000080002776] -> 0xA031
[988] [M]: 0x0000000080002776 (0xA031) c.j 0x6
mem[X,0x0000000080002782] -> 0xE509
[989] [M]: 0x0000000080002782 (0xE509) c.bnez a0, 0x5
mem[X,0x000000008000278C] -> 0x010D
[990] [M]: 0x000000008000278C (0x010D) c.addi sp, 0x3
x2 <- 0x01FDDB7D5BFDDC5B
mem[X,0x000000008000278E] -> 0xBC23
mem[X,0x0000000080002790] -> 0x3A20
[991] [M]: 0x000000008000278E (0x3A20BC23) sd sp, 0x3b8(ra)
mem[0x00000000800064D0] <- 0x01FDDB7D5BFDDC5B
mem[X,0x0000000080002792] -> 0x0513
mem[X,0x0000000080002794] -> 0x0010
[992] [M]: 0x0000000080002792 (0x00100513) addi a0, zero, 0x1
x10 <- 0x0000000000000001
mem[X,0x0000000080002796] -> 0x1513
mem[X,0x0000000080002798] -> 0x01A5
[993] [M]: 0x0000000080002796 (0x01A51513) slli a0, a0, 0x1a
x10 <- 0x0000000004000000
mem[X,0x000000008000279A] -> 0x4513
mem[X,0x000000008000279C] -> 0xFFF5
[994] [M]: 0x000000008000279A (0xFFF54513) xori a0, a0, -0x1
x10 <- 0xFFFFFFFFFBFFFFFF
mem[X,0x000000008000279E] -> 0xA031
[995] [M]: 0x000000008000279E (0xA031) c.j 0x6
mem[X,0x00000000800027AA] -> 0xE509
[996] [M]: 0x00000000800027AA (0xE509) c.bnez a0, 0x5
mem[X,0x00000000800027B4] -> 0x010D
[997] [M]: 0x00000000800027B4 (0x010D) c.addi sp, 0x3
x2 <- 0x01FDDB7D5BFDDC5E
mem[X,0x00000000800027B6] -> 0xB023
mem[X,0x00000000800027B8] -> 0x3C20
[998] [M]: 0x00000000800027B6 (0x3C20B023) sd sp, 0x3c0(ra)
mem[0x00000000800064D8] <- 0x01FDDB7D5BFDDC5E
mem[X,0x00000000800027BA] -> 0x0513
mem[X,0x00000000800027BC] -> 0x0010
[999] [M]: 0x00000000800027BA (0x00100513) addi a0, zero, 0x1
x10 <- 0x0000000000000001
clint::tick mtime <- 0x000000000000000A
 clint timer pending at mtime 0x000000000000000A
htif::tick 0x0000000000000000
mem[X,0x00000000800027BE] -> 0x1513
mem[X,0x00000000800027C0] -> 0x01B5
[1000] [M]: 0x00000000800027BE (0x01B51513) slli a0, a0, 0x1b
x10 <- 0x0000000008000000
mem[X,0x00000000800027C2] -> 0x4513
mem[X,0x00000000800027C4] -> 0xFFF5
[1001] [M]: 0x00000000800027C2 (0xFFF54513) xori a0, a0, -0x1
x10 <- 0xFFFFFFFFF7FFFFFF
mem[X,0x00000000800027C6] -> 0xA01D
[1002] [M]: 0x00000000800027C6 (0xA01D) c.j 0x13
mem[X,0x00000000800027EC] -> 0xFD79
[1003] [M]: 0x00000000800027EC (0xFD79) c.bnez a0, -0x11
mem[X,0x00000000800027CA] -> 0x0113
mem[X,0x00000000800027CC] -> 0x0011
[1004] [M]: 0x00000000800027CA (0x00110113) addi sp, sp, 0x1
x2 <- 0x01FDDB7D5BFDDC5F
mem[X,0x00000000800027CE] -> 0x006F
mem[X,0x00000000800027D0] -> 0x02A0
[1005] [M]: 0x00000000800027CE (0x02A0006F) jal zero, 0x2a
mem[X,0x00000000800027F8] -> 0xB423
mem[X,0x00000000800027FA] -> 0x3C20
[1006] [M]: 0x00000000800027F8 (0x3C20B423) sd sp, 0x3c8(ra)
mem[0x00000000800064E0] <- 0x01FDDB7D5BFDDC5F
mem[X,0x00000000800027FC] -> 0x0513
mem[X,0x00000000800027FE] -> 0x0010
[1007] [M]: 0x00000000800027FC (0x00100513) addi a0, zero, 0x1
x10 <- 0x0000000000000001
mem[X,0x0000000080002800] -> 0x1513
mem[X,0x0000000080002802] -> 0x01C5
[1008] [M]: 0x0000000080002800 (0x01C51513) slli a0, a0, 0x1c
x10 <- 0x0000000010000000
mem[X,0x0000000080002804] -> 0x4513
mem[X,0x0000000080002806] -> 0xFFF5
[1009] [M]: 0x0000000080002804 (0xFFF54513) xori a0, a0, -0x1
x10 <- 0xFFFFFFFFEFFFFFFF
mem[X,0x0000000080002808] -> 0xA031
[1010] [M]: 0x0000000080002808 (0xA031) c.j 0x6
mem[X,0x0000000080002814] -> 0xFD65
[1011] [M]: 0x0000000080002814 (0xFD65) c.bnez a0, -0x4
mem[X,0x000000008000280C] -> 0x0113
mem[X,0x000000008000280E] -> 0x0011
[1012] [M]: 0x000000008000280C (0x00110113) addi sp, sp, 0x1
x2 <- 0x01FDDB7D5BFDDC60
mem[X,0x0000000080002810] -> 0x006F
mem[X,0x0000000080002812] -> 0x0100
[1013] [M]: 0x0000000080002810 (0x0100006F) jal zero, 0x10
mem[X,0x0000000080002820] -> 0xB823
mem[X,0x0000000080002822] -> 0x3C20
[1014] [M]: 0x0000000080002820 (0x3C20B823) sd sp, 0x3d0(ra)
mem[0x00000000800064E8] <- 0x01FDDB7D5BFDDC60
mem[X,0x0000000080002824] -> 0x0513
mem[X,0x0000000080002826] -> 0x0010
[1015] [M]: 0x0000000080002824 (0x00100513) addi a0, zero, 0x1
x10 <- 0x0000000000000001
mem[X,0x0000000080002828] -> 0x1513
mem[X,0x000000008000282A] -> 0x01D5
[1016] [M]: 0x0000000080002828 (0x01D51513) slli a0, a0, 0x1d
x10 <- 0x0000000020000000
mem[X,0x000000008000282C] -> 0x4513
mem[X,0x000000008000282E] -> 0xFFF5
[1017] [M]: 0x000000008000282C (0xFFF54513) xori a0, a0, -0x1
x10 <- 0xFFFFFFFFDFFFFFFF
mem[X,0x0000000080002830] -> 0xA811
[1018] [M]: 0x0000000080002830 (0xA811) c.j 0xa
mem[X,0x0000000080002844] -> 0xF965
[1019] [M]: 0x0000000080002844 (0xF965) c.bnez a0, -0x8
mem[X,0x0000000080002834] -> 0x0113
mem[X,0x0000000080002836] -> 0x0011
[1020] [M]: 0x0000000080002834 (0x00110113) addi sp, sp, 0x1
x2 <- 0x01FDDB7D5BFDDC61
mem[X,0x0000000080002838] -> 0x006F
mem[X,0x000000008000283A] -> 0x0180
[1021] [M]: 0x0000000080002838 (0x0180006F) jal zero, 0x18
mem[X,0x0000000080002850] -> 0xBC23
mem[X,0x0000000080002852] -> 0x3C20
[1022] [M]: 0x0000000080002850 (0x3C20BC23) sd sp, 0x3d8(ra)
mem[0x00000000800064F0] <- 0x01FDDB7D5BFDDC61
mem[X,0x0000000080002854] -> 0x0513
mem[X,0x0000000080002856] -> 0x0010
[1023] [M]: 0x0000000080002854 (0x00100513) addi a0, zero, 0x1
x10 <- 0x0000000000000001
mem[X,0x0000000080002858] -> 0x1513
mem[X,0x000000008000285A] -> 0x01E5
[1024] [M]: 0x0000000080002858 (0x01E51513) slli a0, a0, 0x1e
x10 <- 0x0000000040000000
mem[X,0x000000008000285C] -> 0x4513
mem[X,0x000000008000285E] -> 0xFFF5
[1025] [M]: 0x000000008000285C (0xFFF54513) xori a0, a0, -0x1
x10 <- 0xFFFFFFFFBFFFFFFF
mem[X,0x0000000080002860] -> 0xA031
[1026] [M]: 0x0000000080002860 (0xA031) c.j 0x6
mem[X,0x000000008000286C] -> 0xE121
[1027] [M]: 0x000000008000286C (0xE121) c.bnez a0, 0x20
mem[X,0x00000000800028AC] -> 0x010D
[1028] [M]: 0x00000000800028AC (0x010D) c.addi sp, 0x3
x2 <- 0x01FDDB7D5BFDDC64
mem[X,0x00000000800028AE] -> 0xB023
mem[X,0x00000000800028B0] -> 0x3E20
[1029] [M]: 0x00000000800028AE (0x3E20B023) sd sp, 0x3e0(ra)
mem[0x00000000800064F8] <- 0x01FDDB7D5BFDDC64
mem[X,0x00000000800028B2] -> 0x0513
mem[X,0x00000000800028B4] -> 0x0010
[1030] [M]: 0x00000000800028B2 (0x00100513) addi a0, zero, 0x1
x10 <- 0x0000000000000001
mem[X,0x00000000800028B6] -> 0x1513
mem[X,0x00000000800028B8] -> 0x01F5
[1031] [M]: 0x00000000800028B6 (0x01F51513) slli a0, a0, 0x1f
x10 <- 0x0000000080000000
mem[X,0x00000000800028BA] -> 0x4513
mem[X,0x00000000800028BC] -> 0xFFF5
[1032] [M]: 0x00000000800028BA (0xFFF54513) xori a0, a0, -0x1
x10 <- 0xFFFFFFFF7FFFFFFF
mem[X,0x00000000800028BE] -> 0xA099
[1033] [M]: 0x00000000800028BE (0xA099) c.j 0x23
mem[X,0x0000000080002904] -> 0xFD5D
[1034] [M]: 0x0000000080002904 (0xFD5D) c.bnez a0, -0x21
mem[X,0x00000000800028C2] -> 0x0113
mem[X,0x00000000800028C4] -> 0x0011
[1035] [M]: 0x00000000800028C2 (0x00110113) addi sp, sp, 0x1
x2 <- 0x01FDDB7D5BFDDC65
mem[X,0x00000000800028C6] -> 0x006F
mem[X,0x00000000800028C8] -> 0x04A0
[1036] [M]: 0x00000000800028C6 (0x04A0006F) jal zero, 0x4a
mem[X,0x0000000080002910] -> 0xB423
mem[X,0x0000000080002912] -> 0x3E20
[1037] [M]: 0x0000000080002910 (0x3E20B423) sd sp, 0x3e8(ra)
mem[0x0000000080006500] <- 0x01FDDB7D5BFDDC65
mem[X,0x0000000080002914] -> 0x0513
mem[X,0x0000000080002916] -> 0x0010
[1038] [M]: 0x0000000080002914 (0x00100513) addi a0, zero, 0x1
x10 <- 0x0000000000000001
mem[X,0x0000000080002918] -> 0x1513
mem[X,0x000000008000291A] -> 0x0205
[1039] [M]: 0x0000000080002918 (0x02051513) slli a0, a0, 0x20
x10 <- 0x0000000100000000
mem[X,0x000000008000291C] -> 0x4513
mem[X,0x000000008000291E] -> 0xFFF5
[1040] [M]: 0x000000008000291C (0xFFF54513) xori a0, a0, -0x1
x10 <- 0xFFFFFFFEFFFFFFFF
mem[X,0x0000000080002920] -> 0xA031
[1041] [M]: 0x0000000080002920 (0xA031) c.j 0x6
mem[X,0x000000008000292C] -> 0xE509
[1042] [M]: 0x000000008000292C (0xE509) c.bnez a0, 0x5
mem[X,0x0000000080002936] -> 0x010D
[1043] [M]: 0x0000000080002936 (0x010D) c.addi sp, 0x3
x2 <- 0x01FDDB7D5BFDDC68
mem[X,0x0000000080002938] -> 0xB823
mem[X,0x000000008000293A] -> 0x3E20
[1044] [M]: 0x0000000080002938 (0x3E20B823) sd sp, 0x3f0(ra)
mem[0x0000000080006508] <- 0x01FDDB7D5BFDDC68
mem[X,0x000000008000293C] -> 0x0513
mem[X,0x000000008000293E] -> 0x0010
[1045] [M]: 0x000000008000293C (0x00100513) addi a0, zero, 0x1
x10 <- 0x0000000000000001
mem[X,0x0000000080002940] -> 0x1513
mem[X,0x0000000080002942] -> 0x0215
[1046] [M]: 0x0000000080002940 (0x02151513) slli a0, a0, 0x21
x10 <- 0x0000000200000000
mem[X,0x0000000080002944] -> 0x4513
mem[X,0x0000000080002946] -> 0xFFF5
[1047] [M]: 0x0000000080002944 (0xFFF54513) xori a0, a0, -0x1
x10 <- 0xFFFFFFFDFFFFFFFF
mem[X,0x0000000080002948] -> 0xA031
[1048] [M]: 0x0000000080002948 (0xA031) c.j 0x6
mem[X,0x0000000080002954] -> 0xE909
[1049] [M]: 0x0000000080002954 (0xE909) c.bnez a0, 0x9
mem[X,0x0000000080002966] -> 0x010D
[1050] [M]: 0x0000000080002966 (0x010D) c.addi sp, 0x3
x2 <- 0x01FDDB7D5BFDDC6B
mem[X,0x0000000080002968] -> 0xBC23
mem[X,0x000000008000296A] -> 0x3E20
[1051] [M]: 0x0000000080002968 (0x3E20BC23) sd sp, 0x3f8(ra)
mem[0x0000000080006510] <- 0x01FDDB7D5BFDDC6B
mem[X,0x000000008000296C] -> 0x0513
mem[X,0x000000008000296E] -> 0x0010
[1052] [M]: 0x000000008000296C (0x00100513) addi a0, zero, 0x1
x10 <- 0x0000000000000001
mem[X,0x0000000080002970] -> 0x1513
mem[X,0x0000000080002972] -> 0x0225
[1053] [M]: 0x0000000080002970 (0x02251513) slli a0, a0, 0x22
x10 <- 0x0000000400000000
mem[X,0x0000000080002974] -> 0x4513
mem[X,0x0000000080002976] -> 0xFFF5
[1054] [M]: 0x0000000080002974 (0xFFF54513) xori a0, a0, -0x1
x10 <- 0xFFFFFFFBFFFFFFFF
mem[X,0x0000000080002978] -> 0xA031
[1055] [M]: 0x0000000080002978 (0xA031) c.j 0x6
mem[X,0x0000000080002984] -> 0xE509
[1056] [M]: 0x0000000080002984 (0xE509) c.bnez a0, 0x5
mem[X,0x000000008000298E] -> 0x010D
[1057] [M]: 0x000000008000298E (0x010D) c.addi sp, 0x3
x2 <- 0x01FDDB7D5BFDDC6E
mem[X,0x0000000080002990] -> 0xB023
mem[X,0x0000000080002992] -> 0x4020
[1058] [M]: 0x0000000080002990 (0x4020B023) sd sp, 0x400(ra)
mem[0x0000000080006518] <- 0x01FDDB7D5BFDDC6E
mem[X,0x0000000080002994] -> 0x0513
mem[X,0x0000000080002996] -> 0x0010
[1059] [M]: 0x0000000080002994 (0x00100513) addi a0, zero, 0x1
x10 <- 0x0000000000000001
mem[X,0x0000000080002998] -> 0x1513
mem[X,0x000000008000299A] -> 0x0235
[1060] [M]: 0x0000000080002998 (0x02351513) slli a0, a0, 0x23
x10 <- 0x0000000800000000
mem[X,0x000000008000299C] -> 0x4513
mem[X,0x000000008000299E] -> 0xFFF5
[1061] [M]: 0x000000008000299C (0xFFF54513) xori a0, a0, -0x1
x10 <- 0xFFFFFFF7FFFFFFFF
mem[X,0x00000000800029A0] -> 0xA821
[1062] [M]: 0x00000000800029A0 (0xA821) c.j 0xc
mem[X,0x00000000800029B8] -> 0xF575
[1063] [M]: 0x00000000800029B8 (0xF575) c.bnez a0, -0xa
mem[X,0x00000000800029A4] -> 0x0113
mem[X,0x00000000800029A6] -> 0x0011
[1064] [M]: 0x00000000800029A4 (0x00110113) addi sp, sp, 0x1
x2 <- 0x01FDDB7D5BFDDC6F
mem[X,0x00000000800029A8] -> 0x006F
mem[X,0x00000000800029AA] -> 0x01C0
[1065] [M]: 0x00000000800029A8 (0x01C0006F) jal zero, 0x1c
mem[X,0x00000000800029C4] -> 0xB423
mem[X,0x00000000800029C6] -> 0x4020
[1066] [M]: 0x00000000800029C4 (0x4020B423) sd sp, 0x408(ra)
mem[0x0000000080006520] <- 0x01FDDB7D5BFDDC6F
mem[X,0x00000000800029C8] -> 0x0513
mem[X,0x00000000800029CA] -> 0x0010
[1067] [M]: 0x00000000800029C8 (0x00100513) addi a0, zero, 0x1
x10 <- 0x0000000000000001
mem[X,0x00000000800029CC] -> 0x1513
mem[X,0x00000000800029CE] -> 0x0245
[1068] [M]: 0x00000000800029CC (0x02451513) slli a0, a0, 0x24
x10 <- 0x0000001000000000
mem[X,0x00000000800029D0] -> 0x4513
mem[X,0x00000000800029D2] -> 0xFFF5
[1069] [M]: 0x00000000800029D0 (0xFFF54513) xori a0, a0, -0x1
x10 <- 0xFFFFFFEFFFFFFFFF
mem[X,0x00000000800029D4] -> 0xA099
[1070] [M]: 0x00000000800029D4 (0xA099) c.j 0x23
mem[X,0x0000000080002A1A] -> 0xFD5D
[1071] [M]: 0x0000000080002A1A (0xFD5D) c.bnez a0, -0x21
mem[X,0x00000000800029D8] -> 0x0113
mem[X,0x00000000800029DA] -> 0x0011
[1072] [M]: 0x00000000800029D8 (0x00110113) addi sp, sp, 0x1
x2 <- 0x01FDDB7D5BFDDC70
mem[X,0x00000000800029DC] -> 0x006F
mem[X,0x00000000800029DE] -> 0x04A0
[1073] [M]: 0x00000000800029DC (0x04A0006F) jal zero, 0x4a
mem[X,0x0000000080002A26] -> 0xB823
mem[X,0x0000000080002A28] -> 0x4020
[1074] [M]: 0x0000000080002A26 (0x4020B823) sd sp, 0x410(ra)
mem[0x0000000080006528] <- 0x01FDDB7D5BFDDC70
mem[X,0x0000000080002A2A] -> 0x0513
mem[X,0x0000000080002A2C] -> 0x0010
[1075] [M]: 0x0000000080002A2A (0x00100513) addi a0, zero, 0x1
x10 <- 0x0000000000000001
mem[X,0x0000000080002A2E] -> 0x1513
mem[X,0x0000000080002A30] -> 0x0255
[1076] [M]: 0x0000000080002A2E (0x02551513) slli a0, a0, 0x25
x10 <- 0x0000002000000000
mem[X,0x0000000080002A32] -> 0x4513
mem[X,0x0000000080002A34] -> 0xFFF5
[1077] [M]: 0x0000000080002A32 (0xFFF54513) xori a0, a0, -0x1
x10 <- 0xFFFFFFDFFFFFFFFF
mem[X,0x0000000080002A36] -> 0xA031
[1078] [M]: 0x0000000080002A36 (0xA031) c.j 0x6
mem[X,0x0000000080002A42] -> 0xED3D
[1079] [M]: 0x0000000080002A42 (0xED3D) c.bnez a0, 0x3f
mem[X,0x0000000080002AC0] -> 0x010D
[1080] [M]: 0x0000000080002AC0 (0x010D) c.addi sp, 0x3
x2 <- 0x01FDDB7D5BFDDC73
mem[X,0x0000000080002AC2] -> 0xBC23
mem[X,0x0000000080002AC4] -> 0x4020
[1081] [M]: 0x0000000080002AC2 (0x4020BC23) sd sp, 0x418(ra)
mem[0x0000000080006530] <- 0x01FDDB7D5BFDDC73
mem[X,0x0000000080002AC6] -> 0x0513
mem[X,0x0000000080002AC8] -> 0x0010
[1082] [M]: 0x0000000080002AC6 (0x00100513) addi a0, zero, 0x1
x10 <- 0x0000000000000001
mem[X,0x0000000080002ACA] -> 0x1513
mem[X,0x0000000080002ACC] -> 0x0265
[1083] [M]: 0x0000000080002ACA (0x02651513) slli a0, a0, 0x26
x10 <- 0x0000004000000000
mem[X,0x0000000080002ACE] -> 0x4513
mem[X,0x0000000080002AD0] -> 0xFFF5
[1084] [M]: 0x0000000080002ACE (0xFFF54513) xori a0, a0, -0x1
x10 <- 0xFFFFFFBFFFFFFFFF
mem[X,0x0000000080002AD2] -> 0xA031
[1085] [M]: 0x0000000080002AD2 (0xA031) c.j 0x6
mem[X,0x0000000080002ADE] -> 0xE509
[1086] [M]: 0x0000000080002ADE (0xE509) c.bnez a0, 0x5
mem[X,0x0000000080002AE8] -> 0x010D
[1087] [M]: 0x0000000080002AE8 (0x010D) c.addi sp, 0x3
x2 <- 0x01FDDB7D5BFDDC76
mem[X,0x0000000080002AEA] -> 0xB023
mem[X,0x0000000080002AEC] -> 0x4220
[1088] [M]: 0x0000000080002AEA (0x4220B023) sd sp, 0x420(ra)
mem[0x0000000080006538] <- 0x01FDDB7D5BFDDC76
mem[X,0x0000000080002AEE] -> 0x0513
mem[X,0x0000000080002AF0] -> 0x0010
[1089] [M]: 0x0000000080002AEE (0x00100513) addi a0, zero, 0x1
x10 <- 0x0000000000000001
mem[X,0x0000000080002AF2] -> 0x1513
mem[X,0x0000000080002AF4] -> 0x0275
[1090] [M]: 0x0000000080002AF2 (0x02751513) slli a0, a0, 0x27
x10 <- 0x0000008000000000
mem[X,0x0000000080002AF6] -> 0x4513
mem[X,0x0000000080002AF8] -> 0xFFF5
[1091] [M]: 0x0000000080002AF6 (0xFFF54513) xori a0, a0, -0x1
x10 <- 0xFFFFFF7FFFFFFFFF
mem[X,0x0000000080002AFA] -> 0xA819
[1092] [M]: 0x0000000080002AFA (0xA819) c.j 0xb
mem[X,0x0000000080002B10] -> 0xF57D
[1093] [M]: 0x0000000080002B10 (0xF57D) c.bnez a0, -0x9
mem[X,0x0000000080002AFE] -> 0x0113
mem[X,0x0000000080002B00] -> 0x0011
[1094] [M]: 0x0000000080002AFE (0x00110113) addi sp, sp, 0x1
x2 <- 0x01FDDB7D5BFDDC77
mem[X,0x0000000080002B02] -> 0x006F
mem[X,0x0000000080002B04] -> 0x01A0
[1095] [M]: 0x0000000080002B02 (0x01A0006F) jal zero, 0x1a
mem[X,0x0000000080002B1C] -> 0xB423
mem[X,0x0000000080002B1E] -> 0x4220
[1096] [M]: 0x0000000080002B1C (0x4220B423) sd sp, 0x428(ra)
mem[0x0000000080006540] <- 0x01FDDB7D5BFDDC77
mem[X,0x0000000080002B20] -> 0x0513
mem[X,0x0000000080002B22] -> 0x0010
[1097] [M]: 0x0000000080002B20 (0x00100513) addi a0, zero, 0x1
x10 <- 0x0000000000000001
mem[X,0x0000000080002B24] -> 0x1513
mem[X,0x0000000080002B26] -> 0x0285
[1098] [M]: 0x0000000080002B24 (0x02851513) slli a0, a0, 0x28
x10 <- 0x0000010000000000
mem[X,0x0000000080002B28] -> 0x4513
mem[X,0x0000000080002B2A] -> 0xFFF5
[1099] [M]: 0x0000000080002B28 (0xFFF54513) xori a0, a0, -0x1
x10 <- 0xFFFFFEFFFFFFFFFF
clint::tick mtime <- 0x000000000000000B
 clint timer pending at mtime 0x000000000000000B
htif::tick 0x0000000000000000
mem[X,0x0000000080002B2C] -> 0xA031
[1100] [M]: 0x0000000080002B2C (0xA031) c.j 0x6
mem[X,0x0000000080002B38] -> 0xED3D
[1101] [M]: 0x0000000080002B38 (0xED3D) c.bnez a0, 0x3f
mem[X,0x0000000080002BB6] -> 0x010D
[1102] [M]: 0x0000000080002BB6 (0x010D) c.addi sp, 0x3
x2 <- 0x01FDDB7D5BFDDC7A
mem[X,0x0000000080002BB8] -> 0xB823
mem[X,0x0000000080002BBA] -> 0x4220
[1103] [M]: 0x0000000080002BB8 (0x4220B823) sd sp, 0x430(ra)
mem[0x0000000080006548] <- 0x01FDDB7D5BFDDC7A
mem[X,0x0000000080002BBC] -> 0x0513
mem[X,0x0000000080002BBE] -> 0x0010
[1104] [M]: 0x0000000080002BBC (0x00100513) addi a0, zero, 0x1
x10 <- 0x0000000000000001
mem[X,0x0000000080002BC0] -> 0x1513
mem[X,0x0000000080002BC2] -> 0x0295
[1105] [M]: 0x0000000080002BC0 (0x02951513) slli a0, a0, 0x29
x10 <- 0x0000020000000000
mem[X,0x0000000080002BC4] -> 0x4513
mem[X,0x0000000080002BC6] -> 0xFFF5
[1106] [M]: 0x0000000080002BC4 (0xFFF54513) xori a0, a0, -0x1
x10 <- 0xFFFFFDFFFFFFFFFF
mem[X,0x0000000080002BC8] -> 0xA031
[1107] [M]: 0x0000000080002BC8 (0xA031) c.j 0x6
mem[X,0x0000000080002BD4] -> 0xE509
[1108] [M]: 0x0000000080002BD4 (0xE509) c.bnez a0, 0x5
mem[X,0x0000000080002BDE] -> 0x010D
[1109] [M]: 0x0000000080002BDE (0x010D) c.addi sp, 0x3
x2 <- 0x01FDDB7D5BFDDC7D
mem[X,0x0000000080002BE0] -> 0xBC23
mem[X,0x0000000080002BE2] -> 0x4220
[1110] [M]: 0x0000000080002BE0 (0x4220BC23) sd sp, 0x438(ra)
mem[0x0000000080006550] <- 0x01FDDB7D5BFDDC7D
mem[X,0x0000000080002BE4] -> 0x0513
mem[X,0x0000000080002BE6] -> 0x0010
[1111] [M]: 0x0000000080002BE4 (0x00100513) addi a0, zero, 0x1
x10 <- 0x0000000000000001
mem[X,0x0000000080002BE8] -> 0x1513
mem[X,0x0000000080002BEA] -> 0x02A5
[1112] [M]: 0x0000000080002BE8 (0x02A51513) slli a0, a0, 0x2a
x10 <- 0x0000040000000000
mem[X,0x0000000080002BEC] -> 0x4513
mem[X,0x0000000080002BEE] -> 0xFFF5
[1113] [M]: 0x0000000080002BEC (0xFFF54513) xori a0, a0, -0x1
x10 <- 0xFFFFFBFFFFFFFFFF
mem[X,0x0000000080002BF0] -> 0xA031
[1114] [M]: 0x0000000080002BF0 (0xA031) c.j 0x6
mem[X,0x0000000080002BFC] -> 0xE901
[1115] [M]: 0x0000000080002BFC (0xE901) c.bnez a0, 0x8
mem[X,0x0000000080002C0C] -> 0x010D
[1116] [M]: 0x0000000080002C0C (0x010D) c.addi sp, 0x3
x2 <- 0x01FDDB7D5BFDDC80
mem[X,0x0000000080002C0E] -> 0xB023
mem[X,0x0000000080002C10] -> 0x4420
[1117] [M]: 0x0000000080002C0E (0x4420B023) sd sp, 0x440(ra)
mem[0x0000000080006558] <- 0x01FDDB7D5BFDDC80
mem[X,0x0000000080002C12] -> 0x0513
mem[X,0x0000000080002C14] -> 0x0010
[1118] [M]: 0x0000000080002C12 (0x00100513) addi a0, zero, 0x1
x10 <- 0x0000000000000001
mem[X,0x0000000080002C16] -> 0x1513
mem[X,0x0000000080002C18] -> 0x02B5
[1119] [M]: 0x0000000080002C16 (0x02B51513) slli a0, a0, 0x2b
x10 <- 0x0000080000000000
mem[X,0x0000000080002C1A] -> 0x4513
mem[X,0x0000000080002C1C] -> 0xFFF5
[1120] [M]: 0x0000000080002C1A (0xFFF54513) xori a0, a0, -0x1
x10 <- 0xFFFFF7FFFFFFFFFF
mem[X,0x0000000080002C1E] -> 0xA031
[1121] [M]: 0x0000000080002C1E (0xA031) c.j 0x6
mem[X,0x0000000080002C2A] -> 0xE121
[1122] [M]: 0x0000000080002C2A (0xE121) c.bnez a0, 0x20
mem[X,0x0000000080002C6A] -> 0x010D
[1123] [M]: 0x0000000080002C6A (0x010D) c.addi sp, 0x3
x2 <- 0x01FDDB7D5BFDDC83
mem[X,0x0000000080002C6C] -> 0xB423
mem[X,0x0000000080002C6E] -> 0x4420
[1124] [M]: 0x0000000080002C6C (0x4420B423) sd sp, 0x448(ra)
mem[0x0000000080006560] <- 0x01FDDB7D5BFDDC83
mem[X,0x0000000080002C70] -> 0x0513
mem[X,0x0000000080002C72] -> 0x0010
[1125] [M]: 0x0000000080002C70 (0x00100513) addi a0, zero, 0x1
x10 <- 0x0000000000000001
mem[X,0x0000000080002C74] -> 0x1513
mem[X,0x0000000080002C76] -> 0x02C5
[1126] [M]: 0x0000000080002C74 (0x02C51513) slli a0, a0, 0x2c
x10 <- 0x0000100000000000
mem[X,0x0000000080002C78] -> 0x4513
mem[X,0x0000000080002C7A] -> 0xFFF5
[1127] [M]: 0x0000000080002C78 (0xFFF54513) xori a0, a0, -0x1
x10 <- 0xFFFFEFFFFFFFFFFF
mem[X,0x0000000080002C7C] -> 0xA811
[1128] [M]: 0x0000000080002C7C (0xA811) c.j 0xa
mem[X,0x0000000080002C90] -> 0xF965
[1129] [M]: 0x0000000080002C90 (0xF965) c.bnez a0, -0x8
mem[X,0x0000000080002C80] -> 0x0113
mem[X,0x0000000080002C82] -> 0x0011
[1130] [M]: 0x0000000080002C80 (0x00110113) addi sp, sp, 0x1
x2 <- 0x01FDDB7D5BFDDC84
mem[X,0x0000000080002C84] -> 0x006F
mem[X,0x0000000080002C86] -> 0x0180
[1131] [M]: 0x0000000080002C84 (0x0180006F) jal zero, 0x18
mem[X,0x0000000080002C9C] -> 0xB823
mem[X,0x0000000080002C9E] -> 0x4420
[1132] [M]: 0x0000000080002C9C (0x4420B823) sd sp, 0x450(ra)
mem[0x0000000080006568] <- 0x01FDDB7D5BFDDC84
mem[X,0x0000000080002CA0] -> 0x0513
mem[X,0x0000000080002CA2] -> 0x0010
[1133] [M]: 0x0000000080002CA0 (0x00100513) addi a0, zero, 0x1
x10 <- 0x0000000000000001
mem[X,0x0000000080002CA4] -> 0x1513
mem[X,0x0000000080002CA6] -> 0x02D5
[1134] [M]: 0x0000000080002CA4 (0x02D51513) slli a0, a0, 0x2d
x10 <- 0x0000200000000000
mem[X,0x0000000080002CA8] -> 0x4513
mem[X,0x0000000080002CAA] -> 0xFFF5
[1135] [M]: 0x0000000080002CA8 (0xFFF54513) xori a0, a0, -0x1
x10 <- 0xFFFFDFFFFFFFFFFF
mem[X,0x0000000080002CAC] -> 0xA031
[1136] [M]: 0x0000000080002CAC (0xA031) c.j 0x6
mem[X,0x0000000080002CB8] -> 0xE509
[1137] [M]: 0x0000000080002CB8 (0xE509) c.bnez a0, 0x5
mem[X,0x0000000080002CC2] -> 0x010D
[1138] [M]: 0x0000000080002CC2 (0x010D) c.addi sp, 0x3
x2 <- 0x01FDDB7D5BFDDC87
mem[X,0x0000000080002CC4] -> 0xBC23
mem[X,0x0000000080002CC6] -> 0x4420
[1139] [M]: 0x0000000080002CC4 (0x4420BC23) sd sp, 0x458(ra)
mem[0x0000000080006570] <- 0x01FDDB7D5BFDDC87
mem[X,0x0000000080002CC8] -> 0x0513
mem[X,0x0000000080002CCA] -> 0x0010
[1140] [M]: 0x0000000080002CC8 (0x00100513) addi a0, zero, 0x1
x10 <- 0x0000000000000001
mem[X,0x0000000080002CCC] -> 0x1513
mem[X,0x0000000080002CCE] -> 0x02E5
[1141] [M]: 0x0000000080002CCC (0x02E51513) slli a0, a0, 0x2e
x10 <- 0x0000400000000000
mem[X,0x0000000080002CD0] -> 0x4513
mem[X,0x0000000080002CD2] -> 0xFFF5
[1142] [M]: 0x0000000080002CD0 (0xFFF54513) xori a0, a0, -0x1
x10 <- 0xFFFFBFFFFFFFFFFF
mem[X,0x0000000080002CD4] -> 0xA099
[1143] [M]: 0x0000000080002CD4 (0xA099) c.j 0x23
mem[X,0x0000000080002D1A] -> 0xFD5D
[1144] [M]: 0x0000000080002D1A (0xFD5D) c.bnez a0, -0x21
mem[X,0x0000000080002CD8] -> 0x0113
mem[X,0x0000000080002CDA] -> 0x0011
[1145] [M]: 0x0000000080002CD8 (0x00110113) addi sp, sp, 0x1
x2 <- 0x01FDDB7D5BFDDC88
mem[X,0x0000000080002CDC] -> 0x006F
mem[X,0x0000000080002CDE] -> 0x04A0
[1146] [M]: 0x0000000080002CDC (0x04A0006F) jal zero, 0x4a
mem[X,0x0000000080002D26] -> 0xB023
mem[X,0x0000000080002D28] -> 0x4620
[1147] [M]: 0x0000000080002D26 (0x4620B023) sd sp, 0x460(ra)
mem[0x0000000080006578] <- 0x01FDDB7D5BFDDC88
mem[X,0x0000000080002D2A] -> 0x0513
mem[X,0x0000000080002D2C] -> 0x0010
[1148] [M]: 0x0000000080002D2A (0x00100513) addi a0, zero, 0x1
x10 <- 0x0000000000000001
mem[X,0x0000000080002D2E] -> 0x1513
mem[X,0x0000000080002D30] -> 0x02F5
[1149] [M]: 0x0000000080002D2E (0x02F51513) slli a0, a0, 0x2f
x10 <- 0x0000800000000000
mem[X,0x0000000080002D32] -> 0x4513
mem[X,0x0000000080002D34] -> 0xFFF5
[1150] [M]: 0x0000000080002D32 (0xFFF54513) xori a0, a0, -0x1
x10 <- 0xFFFF7FFFFFFFFFFF
mem[X,0x0000000080002D36] -> 0xA801
[1151] [M]: 0x0000000080002D36 (0xA801) c.j 0x8
mem[X,0x0000000080002D46] -> 0xF975
[1152] [M]: 0x0000000080002D46 (0xF975) c.bnez a0, -0x6
mem[X,0x0000000080002D3A] -> 0x0113
mem[X,0x0000000080002D3C] -> 0x0011
[1153] [M]: 0x0000000080002D3A (0x00110113) addi sp, sp, 0x1
x2 <- 0x01FDDB7D5BFDDC89
mem[X,0x0000000080002D3E] -> 0x006F
mem[X,0x0000000080002D40] -> 0x0140
[1154] [M]: 0x0000000080002D3E (0x0140006F) jal zero, 0x14
mem[X,0x0000000080002D52] -> 0xB423
mem[X,0x0000000080002D54] -> 0x4620
[1155] [M]: 0x0000000080002D52 (0x4620B423) sd sp, 0x468(ra)
mem[0x0000000080006580] <- 0x01FDDB7D5BFDDC89
mem[X,0x0000000080002D56] -> 0x0513
mem[X,0x0000000080002D58] -> 0x0010
[1156] [M]: 0x0000000080002D56 (0x00100513) addi a0, zero, 0x1
x10 <- 0x0000000000000001
mem[X,0x0000000080002D5A] -> 0x1513
mem[X,0x0000000080002D5C] -> 0x0305
[1157] [M]: 0x0000000080002D5A (0x03051513) slli a0, a0, 0x30
x10 <- 0x0001000000000000
mem[X,0x0000000080002D5E] -> 0x4513
mem[X,0x0000000080002D60] -> 0xFFF5
[1158] [M]: 0x0000000080002D5E (0xFFF54513) xori a0, a0, -0x1
x10 <- 0xFFFEFFFFFFFFFFFF
mem[X,0x0000000080002D62] -> 0xA845
[1159] [M]: 0x0000000080002D62 (0xA845) c.j 0x58
mem[X,0x0000000080002E12] -> 0xF931
[1160] [M]: 0x0000000080002E12 (0xF931) c.bnez a0, -0x56
mem[X,0x0000000080002D66] -> 0x0113
mem[X,0x0000000080002D68] -> 0x0011
[1161] [M]: 0x0000000080002D66 (0x00110113) addi sp, sp, 0x1
x2 <- 0x01FDDB7D5BFDDC8A
mem[X,0x0000000080002D6A] -> 0x006F
mem[X,0x0000000080002D6C] -> 0x0B40
[1162] [M]: 0x0000000080002D6A (0x0B40006F) jal zero, 0xb4
mem[X,0x0000000080002E1E] -> 0xB823
mem[X,0x0000000080002E20] -> 0x4620
[1163] [M]: 0x0000000080002E1E (0x4620B823) sd sp, 0x470(ra)
mem[0x0000000080006588] <- 0x01FDDB7D5BFDDC8A
mem[X,0x0000000080002E22] -> 0x0513
mem[X,0x0000000080002E24] -> 0x0010
[1164] [M]: 0x0000000080002E22 (0x00100513) addi a0, zero, 0x1
x10 <- 0x0000000000000001
mem[X,0x0000000080002E26] -> 0x1513
mem[X,0x0000000080002E28] -> 0x0315
[1165] [M]: 0x0000000080002E26 (0x03151513) slli a0, a0, 0x31
x10 <- 0x0002000000000000
mem[X,0x0000000080002E2A] -> 0x4513
mem[X,0x0000000080002E2C] -> 0xFFF5
[1166] [M]: 0x0000000080002E2A (0xFFF54513) xori a0, a0, -0x1
x10 <- 0xFFFDFFFFFFFFFFFF
mem[X,0x0000000080002E2E] -> 0xA031
[1167] [M]: 0x0000000080002E2E (0xA031) c.j 0x6
mem[X,0x0000000080002E3A] -> 0xED3D
[1168] [M]: 0x0000000080002E3A (0xED3D) c.bnez a0, 0x3f
mem[X,0x0000000080002EB8] -> 0x010D
[1169] [M]: 0x0000000080002EB8 (0x010D) c.addi sp, 0x3
x2 <- 0x01FDDB7D5BFDDC8D
mem[X,0x0000000080002EBA] -> 0xBC23
mem[X,0x0000000080002EBC] -> 0x4620
[1170] [M]: 0x0000000080002EBA (0x4620BC23) sd sp, 0x478(ra)
mem[0x0000000080006590] <- 0x01FDDB7D5BFDDC8D
mem[X,0x0000000080002EBE] -> 0x0513
mem[X,0x0000000080002EC0] -> 0x0010
[1171] [M]: 0x0000000080002EBE (0x00100513) addi a0, zero, 0x1
x10 <- 0x0000000000000001
mem[X,0x0000000080002EC2] -> 0x1513
mem[X,0x0000000080002EC4] -> 0x0325
[1172] [M]: 0x0000000080002EC2 (0x03251513) slli a0, a0, 0x32
x10 <- 0x0004000000000000
mem[X,0x0000000080002EC6] -> 0x4513
mem[X,0x0000000080002EC8] -> 0xFFF5
[1173] [M]: 0x0000000080002EC6 (0xFFF54513) xori a0, a0, -0x1
x10 <- 0xFFFBFFFFFFFFFFFF
mem[X,0x0000000080002ECA] -> 0xA059
[1174] [M]: 0x0000000080002ECA (0xA059) c.j 0x43
mem[X,0x0000000080002F50] -> 0xFD3D
[1175] [M]: 0x0000000080002F50 (0xFD3D) c.bnez a0, -0x41
mem[X,0x0000000080002ECE] -> 0x0113
mem[X,0x0000000080002ED0] -> 0x0011
[1176] [M]: 0x0000000080002ECE (0x00110113) addi sp, sp, 0x1
x2 <- 0x01FDDB7D5BFDDC8E
mem[X,0x0000000080002ED2] -> 0x006F
mem[X,0x0000000080002ED4] -> 0x08A0
[1177] [M]: 0x0000000080002ED2 (0x08A0006F) jal zero, 0x8a
mem[X,0x0000000080002F5C] -> 0xB023
mem[X,0x0000000080002F5E] -> 0x4820
[1178] [M]: 0x0000000080002F5C (0x4820B023) sd sp, 0x480(ra)
mem[0x0000000080006598] <- 0x01FDDB7D5BFDDC8E
mem[X,0x0000000080002F60] -> 0x0513
mem[X,0x0000000080002F62] -> 0x0010
[1179] [M]: 0x0000000080002F60 (0x00100513) addi a0, zero, 0x1
x10 <- 0x0000000000000001
mem[X,0x0000000080002F64] -> 0x1513
mem[X,0x0000000080002F66] -> 0x0335
[1180] [M]: 0x0000000080002F64 (0x03351513) slli a0, a0, 0x33
x10 <- 0x0008000000000000
mem[X,0x0000000080002F68] -> 0x4513
mem[X,0x0000000080002F6A] -> 0xFFF5
[1181] [M]: 0x0000000080002F68 (0xFFF54513) xori a0, a0, -0x1
x10 <- 0xFFF7FFFFFFFFFFFF
mem[X,0x0000000080002F6C] -> 0xA031
[1182] [M]: 0x0000000080002F6C (0xA031) c.j 0x6
mem[X,0x0000000080002F78] -> 0xE509
[1183] [M]: 0x0000000080002F78 (0xE509) c.bnez a0, 0x5
mem[X,0x0000000080002F82] -> 0x010D
[1184] [M]: 0x0000000080002F82 (0x010D) c.addi sp, 0x3
x2 <- 0x01FDDB7D5BFDDC91
mem[X,0x0000000080002F84] -> 0xB423
mem[X,0x0000000080002F86] -> 0x4820
[1185] [M]: 0x0000000080002F84 (0x4820B423) sd sp, 0x488(ra)
mem[0x00000000800065A0] <- 0x01FDDB7D5BFDDC91
mem[X,0x0000000080002F88] -> 0x0513
mem[X,0x0000000080002F8A] -> 0x0010
[1186] [M]: 0x0000000080002F88 (0x00100513) addi a0, zero, 0x1
x10 <- 0x0000000000000001
mem[X,0x0000000080002F8C] -> 0x1513
mem[X,0x0000000080002F8E] -> 0x0345
[1187] [M]: 0x0000000080002F8C (0x03451513) slli a0, a0, 0x34
x10 <- 0x0010000000000000
mem[X,0x0000000080002F90] -> 0x4513
mem[X,0x0000000080002F92] -> 0xFFF5
[1188] [M]: 0x0000000080002F90 (0xFFF54513) xori a0, a0, -0x1
x10 <- 0xFFEFFFFFFFFFFFFF
mem[X,0x0000000080002F94] -> 0xA031
[1189] [M]: 0x0000000080002F94 (0xA031) c.j 0x6
mem[X,0x0000000080002FA0] -> 0xE909
[1190] [M]: 0x0000000080002FA0 (0xE909) c.bnez a0, 0x9
mem[X,0x0000000080002FB2] -> 0x010D
[1191] [M]: 0x0000000080002FB2 (0x010D) c.addi sp, 0x3
x2 <- 0x01FDDB7D5BFDDC94
mem[X,0x0000000080002FB4] -> 0xB823
mem[X,0x0000000080002FB6] -> 0x4820
[1192] [M]: 0x0000000080002FB4 (0x4820B823) sd sp, 0x490(ra)
mem[0x00000000800065A8] <- 0x01FDDB7D5BFDDC94
mem[X,0x0000000080002FB8] -> 0x0513
mem[X,0x0000000080002FBA] -> 0x0010
[1193] [M]: 0x0000000080002FB8 (0x00100513) addi a0, zero, 0x1
x10 <- 0x0000000000000001
mem[X,0x0000000080002FBC] -> 0x1513
mem[X,0x0000000080002FBE] -> 0x0355
[1194] [M]: 0x0000000080002FBC (0x03551513) slli a0, a0, 0x35
x10 <- 0x0020000000000000
mem[X,0x0000000080002FC0] -> 0x4513
mem[X,0x0000000080002FC2] -> 0xFFF5
[1195] [M]: 0x0000000080002FC0 (0xFFF54513) xori a0, a0, -0x1
x10 <- 0xFFDFFFFFFFFFFFFF
mem[X,0x0000000080002FC4] -> 0xA031
[1196] [M]: 0x0000000080002FC4 (0xA031) c.j 0x6
mem[X,0x0000000080002FD0] -> 0xE509
[1197] [M]: 0x0000000080002FD0 (0xE509) c.bnez a0, 0x5
mem[X,0x0000000080002FDA] -> 0x010D
[1198] [M]: 0x0000000080002FDA (0x010D) c.addi sp, 0x3
x2 <- 0x01FDDB7D5BFDDC97
mem[X,0x0000000080002FDC] -> 0xBC23
mem[X,0x0000000080002FDE] -> 0x4820
[1199] [M]: 0x0000000080002FDC (0x4820BC23) sd sp, 0x498(ra)
mem[0x00000000800065B0] <- 0x01FDDB7D5BFDDC97
clint::tick mtime <- 0x000000000000000C
 clint timer pending at mtime 0x000000000000000C
htif::tick 0x0000000000000000
mem[X,0x0000000080002FE0] -> 0x0513
mem[X,0x0000000080002FE2] -> 0x0010
[1200] [M]: 0x0000000080002FE0 (0x00100513) addi a0, zero, 0x1
x10 <- 0x0000000000000001
mem[X,0x0000000080002FE4] -> 0x1513
mem[X,0x0000000080002FE6] -> 0x0365
[1201] [M]: 0x0000000080002FE4 (0x03651513) slli a0, a0, 0x36
x10 <- 0x0040000000000000
mem[X,0x0000000080002FE8] -> 0x4513
mem[X,0x0000000080002FEA] -> 0xFFF5
[1202] [M]: 0x0000000080002FE8 (0xFFF54513) xori a0, a0, -0x1
x10 <- 0xFFBFFFFFFFFFFFFF
mem[X,0x0000000080002FEC] -> 0xA031
[1203] [M]: 0x0000000080002FEC (0xA031) c.j 0x6
mem[X,0x0000000080002FF8] -> 0xE509
[1204] [M]: 0x0000000080002FF8 (0xE509) c.bnez a0, 0x5
mem[X,0x0000000080003002] -> 0x010D
[1205] [M]: 0x0000000080003002 (0x010D) c.addi sp, 0x3
x2 <- 0x01FDDB7D5BFDDC9A
mem[X,0x0000000080003004] -> 0xB023
mem[X,0x0000000080003006] -> 0x4A20
[1206] [M]: 0x0000000080003004 (0x4A20B023) sd sp, 0x4a0(ra)
mem[0x00000000800065B8] <- 0x01FDDB7D5BFDDC9A
mem[X,0x0000000080003008] -> 0x006F
mem[X,0x000000008000300A] -> 0x0380
[1207] [M]: 0x0000000080003008 (0x0380006F) jal zero, 0x38
mem[X,0x0000000080003040] -> 0x4085
[1208] [M]: 0x0000000080003040 (0x4085) c.li ra, 0x1
x1 <- 0x0000000000000001
mem[X,0x0000000080003042] -> 0x1F17
mem[X,0x0000000080003044] -> 0x0000
[1209] [M]: 0x0000000080003042 (0x00001F17) auipc t5, 0x1
x30 <- 0x0000000080004042
mem[X,0x0000000080003046] -> 0x2F23
mem[X,0x0000000080003048] -> 0xFA1F
[1210] [M]: 0x0000000080003046 (0xFA1F2F23) sw ra, -0x42(t5)
htif[0x0000000080004000] <- 0x00000001
mem[X,0x000000008000304A] -> 0xBFE5
[1211] [M]: 0x000000008000304A (0xBFE5) c.j -0x4
mem[X,0x0000000080003042] -> 0x1F17
mem[X,0x0000000080003044] -> 0x0000
[1212] [M]: 0x0000000080003042 (0x00001F17) auipc t5, 0x1
x30 <- 0x0000000080004042
mem[X,0x0000000080003046] -> 0x2F23
mem[X,0x0000000080003048] -> 0xFA1F
[1213] [M]: 0x0000000080003046 (0xFA1F2F23) sw ra, -0x42(t5)
htif[0x0000000080004000] <- 0x00000001
mem[X,0x000000008000304A] -> 0xBFE5
[1214] [M]: 0x000000008000304A (0xBFE5) c.j -0x4
mem[X,0x0000000080003042] -> 0x1F17
mem[X,0x0000000080003044] -> 0x0000
[1215] [M]: 0x0000000080003042 (0x00001F17) auipc t5, 0x1
x30 <- 0x0000000080004042
mem[X,0x0000000080003046] -> 0x2F23
mem[X,0x0000000080003048] -> 0xFA1F
[1216] [M]: 0x0000000080003046 (0xFA1F2F23) sw ra, -0x42(t5)
htif[0x0000000080004000] <- 0x00000001
htif-syscall-proxy cmd: 0x000000000001
SUCCESS
