using /home/mamir/tempo/riscof/riscof_work/rv64i_m/I/src/jalr-01.S/ref/Reference-sail_c_simulator.signature for test-signature output.
tohost located at 0x80002000
Running file ref.elf.
ELF Entry @ 0x80000000
begin_signature: 0x80004110
end_signature: 0x80004230
CSR mstatus <- 0x0000000A00000000 (input: 0x0000000000000000)
mem[X,0x0000000000001000] -> 0x0297
mem[X,0x0000000000001002] -> 0x0000
[0] [M]: 0x0000000000001000 (0x00000297) auipc t0, 0x0
x5 <- 0x0000000000001000
mem[X,0x0000000000001004] -> 0x8593
mem[X,0x0000000000001006] -> 0x0202
[1] [M]: 0x0000000000001004 (0x02028593) addi a1, t0, 0x20
x11 <- 0x0000000000001020
mem[X,0x0000000000001008] -> 0x2573
mem[X,0x000000000000100A] -> 0xF140
[2] [M]: 0x0000000000001008 (0xF1402573) csrrs a0, mhartid, zero
CSR mhartid -> 0x0000000000000000
x10 <- 0x0000000000000000
mem[X,0x000000000000100C] -> 0xB283
mem[X,0x000000000000100E] -> 0x0182
[3] [M]: 0x000000000000100C (0x0182B283) ld t0, 0x18(t0)
mem[R,0x0000000000001018] -> 0x0000000080000000
x5 <- 0x0000000080000000
mem[X,0x0000000000001010] -> 0x8067
mem[X,0x0000000000001012] -> 0x0002
[4] [M]: 0x0000000000001010 (0x00028067) jalr zero, 0x0(t0)
mem[X,0x0000000080000000] -> 0x0837
mem[X,0x0000000080000002] -> 0x7D5C
[5] [M]: 0x0000000080000000 (0x7D5C0837) lui a6, 0x7d5c0
x16 <- 0x000000007D5C0000
mem[X,0x0000000080000004] -> 0x0813
mem[X,0x0000000080000006] -> 0xDDB8
[6] [M]: 0x0000000080000004 (0xDDB80813) addi a6, a6, -0x225
x16 <- 0x000000007D5BFDDB
mem[X,0x0000000080000008] -> 0x1813
mem[X,0x000000008000000A] -> 0x00B8
[7] [M]: 0x0000000080000008 (0x00B81813) slli a6, a6, 0xb
x16 <- 0x000003EADFEED800
mem[X,0x000000008000000C] -> 0x0813
mem[X,0x000000008000000E] -> 0x3EA8
[8] [M]: 0x000000008000000C (0x3EA80813) addi a6, a6, 0x3ea
x16 <- 0x000003EADFEEDBEA
mem[X,0x0000000080000010] -> 0x1813
mem[X,0x0000000080000012] -> 0x00B8
[9] [M]: 0x0000000080000010 (0x00B81813) slli a6, a6, 0xb
x16 <- 0x001F56FF76DF5000
mem[X,0x0000000080000014] -> 0x0813
mem[X,0x0000000080000016] -> 0x6FF8
[10] [M]: 0x0000000080000014 (0x6FF80813) addi a6, a6, 0x6ff
x16 <- 0x001F56FF76DF56FF
mem[X,0x0000000080000018] -> 0x1813
mem[X,0x000000008000001A] -> 0x00A8
[11] [M]: 0x0000000080000018 (0x00A81813) slli a6, a6, 0xa
x16 <- 0x7D5BFDDB7D5BFC00
mem[X,0x000000008000001C] -> 0x0813
mem[X,0x000000008000001E] -> 0x1DB8
[12] [M]: 0x000000008000001C (0x1DB80813) addi a6, a6, 0x1db
x16 <- 0x7D5BFDDB7D5BFDDB
mem[X,0x0000000080000020] -> 0x5893
mem[X,0x0000000080000022] -> 0x0078
[13] [M]: 0x0000000080000020 (0x00785893) srli a7, a6, 0x7
x17 <- 0x00FAB7FBB6FAB7FB
mem[X,0x0000000080000024] -> 0x5793
mem[X,0x0000000080000026] -> 0x0398
[14] [M]: 0x0000000080000024 (0x03985793) srli a5, a6, 0x39
x15 <- 0x000000000000003E
mem[X,0x0000000080000028] -> 0xE8B3
mem[X,0x000000008000002A] -> 0x00F8
[15] [M]: 0x0000000080000028 (0x00F8E8B3) or a7, a7, a5
x17 <- 0x00FAB7FBB6FAB7FF
mem[X,0x000000008000002C] -> 0xD913
mem[X,0x000000008000002E] -> 0x0078
[16] [M]: 0x000000008000002C (0x0078D913) srli s2, a7, 0x7
x18 <- 0x0001F56FF76DF56F
mem[X,0x0000000080000030] -> 0xD793
mem[X,0x0000000080000032] -> 0x0398
[17] [M]: 0x0000000080000030 (0x0398D793) srli a5, a7, 0x39
x15 <- 0x0000000000000000
mem[X,0x0000000080000034] -> 0x6933
mem[X,0x0000000080000036] -> 0x00F9
[18] [M]: 0x0000000080000034 (0x00F96933) or s2, s2, a5
x18 <- 0x0001F56FF76DF56F
mem[X,0x0000000080000038] -> 0x5993
mem[X,0x000000008000003A] -> 0x0079
[19] [M]: 0x0000000080000038 (0x00795993) srli s3, s2, 0x7
x19 <- 0x000003EADFEEDBEA
mem[X,0x000000008000003C] -> 0x5793
mem[X,0x000000008000003E] -> 0x0399
[20] [M]: 0x000000008000003C (0x03995793) srli a5, s2, 0x39
x15 <- 0x0000000000000000
mem[X,0x0000000080000040] -> 0xE9B3
mem[X,0x0000000080000042] -> 0x00F9
[21] [M]: 0x0000000080000040 (0x00F9E9B3) or s3, s3, a5
x19 <- 0x000003EADFEEDBEA
mem[X,0x0000000080000044] -> 0xDA13
mem[X,0x0000000080000046] -> 0x0079
[22] [M]: 0x0000000080000044 (0x0079DA13) srli s4, s3, 0x7
x20 <- 0x00000007D5BFDDB7
mem[X,0x0000000080000048] -> 0xD793
mem[X,0x000000008000004A] -> 0x0399
[23] [M]: 0x0000000080000048 (0x0399D793) srli a5, s3, 0x39
x15 <- 0x0000000000000000
mem[X,0x000000008000004C] -> 0x6A33
mem[X,0x000000008000004E] -> 0x00FA
[24] [M]: 0x000000008000004C (0x00FA6A33) or s4, s4, a5
x20 <- 0x00000007D5BFDDB7
mem[X,0x0000000080000050] -> 0x5A93
mem[X,0x0000000080000052] -> 0x007A
[25] [M]: 0x0000000080000050 (0x007A5A93) srli s5, s4, 0x7
x21 <- 0x000000000FAB7FBB
mem[X,0x0000000080000054] -> 0x5793
mem[X,0x0000000080000056] -> 0x039A
[26] [M]: 0x0000000080000054 (0x039A5793) srli a5, s4, 0x39
x15 <- 0x0000000000000000
mem[X,0x0000000080000058] -> 0xEAB3
mem[X,0x000000008000005A] -> 0x00FA
[27] [M]: 0x0000000080000058 (0x00FAEAB3) or s5, s5, a5
x21 <- 0x000000000FAB7FBB
mem[X,0x000000008000005C] -> 0xDB13
mem[X,0x000000008000005E] -> 0x007A
[28] [M]: 0x000000008000005C (0x007ADB13) srli s6, s5, 0x7
x22 <- 0x00000000001F56FF
mem[X,0x0000000080000060] -> 0xD793
mem[X,0x0000000080000062] -> 0x039A
[29] [M]: 0x0000000080000060 (0x039AD793) srli a5, s5, 0x39
x15 <- 0x0000000000000000
mem[X,0x0000000080000064] -> 0x6B33
mem[X,0x0000000080000066] -> 0x00FB
[30] [M]: 0x0000000080000064 (0x00FB6B33) or s6, s6, a5
x22 <- 0x00000000001F56FF
mem[X,0x0000000080000068] -> 0x5B93
mem[X,0x000000008000006A] -> 0x007B
[31] [M]: 0x0000000080000068 (0x007B5B93) srli s7, s6, 0x7
x23 <- 0x0000000000003EAD
mem[X,0x000000008000006C] -> 0x5793
mem[X,0x000000008000006E] -> 0x039B
[32] [M]: 0x000000008000006C (0x039B5793) srli a5, s6, 0x39
x15 <- 0x0000000000000000
mem[X,0x0000000080000070] -> 0xEBB3
mem[X,0x0000000080000072] -> 0x00FB
[33] [M]: 0x0000000080000070 (0x00FBEBB3) or s7, s7, a5
x23 <- 0x0000000000003EAD
mem[X,0x0000000080000074] -> 0xDC13
mem[X,0x0000000080000076] -> 0x007B
[34] [M]: 0x0000000080000074 (0x007BDC13) srli s8, s7, 0x7
x24 <- 0x000000000000007D
mem[X,0x0000000080000078] -> 0xD793
mem[X,0x000000008000007A] -> 0x039B
[35] [M]: 0x0000000080000078 (0x039BD793) srli a5, s7, 0x39
x15 <- 0x0000000000000000
mem[X,0x000000008000007C] -> 0x6C33
mem[X,0x000000008000007E] -> 0x00FC
[36] [M]: 0x000000008000007C (0x00FC6C33) or s8, s8, a5
x24 <- 0x000000000000007D
mem[X,0x0000000080000080] -> 0x5C93
mem[X,0x0000000080000082] -> 0x007C
[37] [M]: 0x0000000080000080 (0x007C5C93) srli s9, s8, 0x7
x25 <- 0x0000000000000000
mem[X,0x0000000080000084] -> 0x5793
mem[X,0x0000000080000086] -> 0x039C
[38] [M]: 0x0000000080000084 (0x039C5793) srli a5, s8, 0x39
x15 <- 0x0000000000000000
mem[X,0x0000000080000088] -> 0xECB3
mem[X,0x000000008000008A] -> 0x00FC
[39] [M]: 0x0000000080000088 (0x00FCECB3) or s9, s9, a5
x25 <- 0x0000000000000000
mem[X,0x000000008000008C] -> 0xDD13
mem[X,0x000000008000008E] -> 0x007C
[40] [M]: 0x000000008000008C (0x007CDD13) srli s10, s9, 0x7
x26 <- 0x0000000000000000
mem[X,0x0000000080000090] -> 0xD793
mem[X,0x0000000080000092] -> 0x039C
[41] [M]: 0x0000000080000090 (0x039CD793) srli a5, s9, 0x39
x15 <- 0x0000000000000000
mem[X,0x0000000080000094] -> 0x6D33
mem[X,0x0000000080000096] -> 0x00FD
[42] [M]: 0x0000000080000094 (0x00FD6D33) or s10, s10, a5
x26 <- 0x0000000000000000
mem[X,0x0000000080000098] -> 0x5D93
mem[X,0x000000008000009A] -> 0x007D
[43] [M]: 0x0000000080000098 (0x007D5D93) srli s11, s10, 0x7
x27 <- 0x0000000000000000
mem[X,0x000000008000009C] -> 0x5793
mem[X,0x000000008000009E] -> 0x039D
[44] [M]: 0x000000008000009C (0x039D5793) srli a5, s10, 0x39
x15 <- 0x0000000000000000
mem[X,0x00000000800000A0] -> 0xEDB3
mem[X,0x00000000800000A2] -> 0x00FD
[45] [M]: 0x00000000800000A0 (0x00FDEDB3) or s11, s11, a5
x27 <- 0x0000000000000000
mem[X,0x00000000800000A4] -> 0xDE13
mem[X,0x00000000800000A6] -> 0x007D
[46] [M]: 0x00000000800000A4 (0x007DDE13) srli t3, s11, 0x7
x28 <- 0x0000000000000000
mem[X,0x00000000800000A8] -> 0xD793
mem[X,0x00000000800000AA] -> 0x039D
[47] [M]: 0x00000000800000A8 (0x039DD793) srli a5, s11, 0x39
x15 <- 0x0000000000000000
mem[X,0x00000000800000AC] -> 0x6E33
mem[X,0x00000000800000AE] -> 0x00FE
[48] [M]: 0x00000000800000AC (0x00FE6E33) or t3, t3, a5
x28 <- 0x0000000000000000
mem[X,0x00000000800000B0] -> 0x5E93
mem[X,0x00000000800000B2] -> 0x007E
[49] [M]: 0x00000000800000B0 (0x007E5E93) srli t4, t3, 0x7
x29 <- 0x0000000000000000
mem[X,0x00000000800000B4] -> 0x5793
mem[X,0x00000000800000B6] -> 0x039E
[50] [M]: 0x00000000800000B4 (0x039E5793) srli a5, t3, 0x39
x15 <- 0x0000000000000000
mem[X,0x00000000800000B8] -> 0xEEB3
mem[X,0x00000000800000BA] -> 0x00FE
[51] [M]: 0x00000000800000B8 (0x00FEEEB3) or t4, t4, a5
x29 <- 0x0000000000000000
mem[X,0x00000000800000BC] -> 0xDF13
mem[X,0x00000000800000BE] -> 0x007E
[52] [M]: 0x00000000800000BC (0x007EDF13) srli t5, t4, 0x7
x30 <- 0x0000000000000000
mem[X,0x00000000800000C0] -> 0xD793
mem[X,0x00000000800000C2] -> 0x039E
[53] [M]: 0x00000000800000C0 (0x039ED793) srli a5, t4, 0x39
x15 <- 0x0000000000000000
mem[X,0x00000000800000C4] -> 0x6F33
mem[X,0x00000000800000C6] -> 0x00FF
[54] [M]: 0x00000000800000C4 (0x00FF6F33) or t5, t5, a5
x30 <- 0x0000000000000000
mem[X,0x00000000800000C8] -> 0xC0B7
mem[X,0x00000000800000CA] -> 0xFEED
[55] [M]: 0x00000000800000C8 (0xFEEDC0B7) lui ra, -0x1124
x1 <- 0xFFFFFFFFFEEDC000
mem[X,0x00000000800000CC] -> 0x8093
mem[X,0x00000000800000CE] -> 0xEAD0
[56] [M]: 0x00000000800000CC (0xEAD08093) addi ra, ra, -0x153
x1 <- 0xFFFFFFFFFEEDBEAD
mem[X,0x00000000800000D0] -> 0x9093
mem[X,0x00000000800000D2] -> 0x00B0
[57] [M]: 0x00000000800000D0 (0x00B09093) slli ra, ra, 0xb
x1 <- 0xFFFFFFF76DF56800
mem[X,0x00000000800000D4] -> 0x8093
mem[X,0x00000000800000D6] -> 0x7F70
[58] [M]: 0x00000000800000D4 (0x7F708093) addi ra, ra, 0x7f7
x1 <- 0xFFFFFFF76DF56FF7
mem[X,0x00000000800000D8] -> 0x9093
mem[X,0x00000000800000DA] -> 0x00B0
[59] [M]: 0x00000000800000D8 (0x00B09093) slli ra, ra, 0xb
x1 <- 0xFFFFBB6FAB7FB800
mem[X,0x00000000800000DC] -> 0x8093
mem[X,0x00000000800000DE] -> 0x36F0
[60] [M]: 0x00000000800000DC (0x36F08093) addi ra, ra, 0x36f
x1 <- 0xFFFFBB6FAB7FBB6F
mem[X,0x00000000800000E0] -> 0x9093
mem[X,0x00000000800000E2] -> 0x00A0
[61] [M]: 0x00000000800000E0 (0x00A09093) slli ra, ra, 0xa
x1 <- 0xFEEDBEADFEEDBC00
mem[X,0x00000000800000E4] -> 0x8093
mem[X,0x00000000800000E6] -> 0x2AD0
[62] [M]: 0x00000000800000E4 (0x2AD08093) addi ra, ra, 0x2ad
x1 <- 0xFEEDBEADFEEDBEAD
mem[X,0x00000000800000E8] -> 0xD113
mem[X,0x00000000800000EA] -> 0x0070
[63] [M]: 0x00000000800000E8 (0x0070D113) srli sp, ra, 0x7
x2 <- 0x01FDDB7D5BFDDB7D
mem[X,0x00000000800000EC] -> 0xD793
mem[X,0x00000000800000EE] -> 0x0390
[64] [M]: 0x00000000800000EC (0x0390D793) srli a5, ra, 0x39
x15 <- 0x000000000000007F
mem[X,0x00000000800000F0] -> 0x6133
mem[X,0x00000000800000F2] -> 0x00F1
[65] [M]: 0x00000000800000F0 (0x00F16133) or sp, sp, a5
x2 <- 0x01FDDB7D5BFDDB7F
mem[X,0x00000000800000F4] -> 0x5193
mem[X,0x00000000800000F6] -> 0x0071
[66] [M]: 0x00000000800000F4 (0x00715193) srli gp, sp, 0x7
x3 <- 0x0003FBB6FAB7FBB6
mem[X,0x00000000800000F8] -> 0x5793
mem[X,0x00000000800000FA] -> 0x0391
[67] [M]: 0x00000000800000F8 (0x03915793) srli a5, sp, 0x39
x15 <- 0x0000000000000000
mem[X,0x00000000800000FC] -> 0xE1B3
mem[X,0x00000000800000FE] -> 0x00F1
[68] [M]: 0x00000000800000FC (0x00F1E1B3) or gp, gp, a5
x3 <- 0x0003FBB6FAB7FBB6
mem[X,0x0000000080000100] -> 0xD213
mem[X,0x0000000080000102] -> 0x0071
[69] [M]: 0x0000000080000100 (0x0071D213) srli tp, gp, 0x7
x4 <- 0x000007F76DF56FF7
mem[X,0x0000000080000104] -> 0xD793
mem[X,0x0000000080000106] -> 0x0391
[70] [M]: 0x0000000080000104 (0x0391D793) srli a5, gp, 0x39
x15 <- 0x0000000000000000
mem[X,0x0000000080000108] -> 0x6233
mem[X,0x000000008000010A] -> 0x00F2
[71] [M]: 0x0000000080000108 (0x00F26233) or tp, tp, a5
x4 <- 0x000007F76DF56FF7
mem[X,0x000000008000010C] -> 0x5293
mem[X,0x000000008000010E] -> 0x0072
[72] [M]: 0x000000008000010C (0x00725293) srli t0, tp, 0x7
x5 <- 0x0000000FEEDBEADF
mem[X,0x0000000080000110] -> 0x5793
mem[X,0x0000000080000112] -> 0x0392
[73] [M]: 0x0000000080000110 (0x03925793) srli a5, tp, 0x39
x15 <- 0x0000000000000000
mem[X,0x0000000080000114] -> 0xE2B3
mem[X,0x0000000080000116] -> 0x00F2
[74] [M]: 0x0000000080000114 (0x00F2E2B3) or t0, t0, a5
x5 <- 0x0000000FEEDBEADF
mem[X,0x0000000080000118] -> 0xD313
mem[X,0x000000008000011A] -> 0x0072
[75] [M]: 0x0000000080000118 (0x0072D313) srli t1, t0, 0x7
x6 <- 0x000000001FDDB7D5
mem[X,0x000000008000011C] -> 0xD793
mem[X,0x000000008000011E] -> 0x0392
[76] [M]: 0x000000008000011C (0x0392D793) srli a5, t0, 0x39
x15 <- 0x0000000000000000
mem[X,0x0000000080000120] -> 0x6333
mem[X,0x0000000080000122] -> 0x00F3
[77] [M]: 0x0000000080000120 (0x00F36333) or t1, t1, a5
x6 <- 0x000000001FDDB7D5
mem[X,0x0000000080000124] -> 0x5393
mem[X,0x0000000080000126] -> 0x0073
[78] [M]: 0x0000000080000124 (0x00735393) srli t2, t1, 0x7
x7 <- 0x00000000003FBB6F
mem[X,0x0000000080000128] -> 0x5793
mem[X,0x000000008000012A] -> 0x0393
[79] [M]: 0x0000000080000128 (0x03935793) srli a5, t1, 0x39
x15 <- 0x0000000000000000
mem[X,0x000000008000012C] -> 0xE3B3
mem[X,0x000000008000012E] -> 0x00F3
[80] [M]: 0x000000008000012C (0x00F3E3B3) or t2, t2, a5
x7 <- 0x00000000003FBB6F
mem[X,0x0000000080000130] -> 0xD413
mem[X,0x0000000080000132] -> 0x0073
[81] [M]: 0x0000000080000130 (0x0073D413) srli fp, t2, 0x7
x8 <- 0x0000000000007F76
mem[X,0x0000000080000134] -> 0xD793
mem[X,0x0000000080000136] -> 0x0393
[82] [M]: 0x0000000080000134 (0x0393D793) srli a5, t2, 0x39
x15 <- 0x0000000000000000
mem[X,0x0000000080000138] -> 0x6433
mem[X,0x000000008000013A] -> 0x00F4
[83] [M]: 0x0000000080000138 (0x00F46433) or fp, fp, a5
x8 <- 0x0000000000007F76
mem[X,0x000000008000013C] -> 0x5493
mem[X,0x000000008000013E] -> 0x0074
[84] [M]: 0x000000008000013C (0x00745493) srli s1, fp, 0x7
x9 <- 0x00000000000000FE
mem[X,0x0000000080000140] -> 0x5793
mem[X,0x0000000080000142] -> 0x0394
[85] [M]: 0x0000000080000140 (0x03945793) srli a5, fp, 0x39
x15 <- 0x0000000000000000
mem[X,0x0000000080000144] -> 0xE4B3
mem[X,0x0000000080000146] -> 0x00F4
[86] [M]: 0x0000000080000144 (0x00F4E4B3) or s1, s1, a5
x9 <- 0x00000000000000FE
mem[X,0x0000000080000148] -> 0xD513
mem[X,0x000000008000014A] -> 0x0074
[87] [M]: 0x0000000080000148 (0x0074D513) srli a0, s1, 0x7
x10 <- 0x0000000000000001
mem[X,0x000000008000014C] -> 0xD793
mem[X,0x000000008000014E] -> 0x0394
[88] [M]: 0x000000008000014C (0x0394D793) srli a5, s1, 0x39
x15 <- 0x0000000000000000
mem[X,0x0000000080000150] -> 0x6533
mem[X,0x0000000080000152] -> 0x00F5
[89] [M]: 0x0000000080000150 (0x00F56533) or a0, a0, a5
x10 <- 0x0000000000000001
mem[X,0x0000000080000154] -> 0x5593
mem[X,0x0000000080000156] -> 0x0075
[90] [M]: 0x0000000080000154 (0x00755593) srli a1, a0, 0x7
x11 <- 0x0000000000000000
mem[X,0x0000000080000158] -> 0x5793
mem[X,0x000000008000015A] -> 0x0395
[91] [M]: 0x0000000080000158 (0x03955793) srli a5, a0, 0x39
x15 <- 0x0000000000000000
mem[X,0x000000008000015C] -> 0xE5B3
mem[X,0x000000008000015E] -> 0x00F5
[92] [M]: 0x000000008000015C (0x00F5E5B3) or a1, a1, a5
x11 <- 0x0000000000000000
mem[X,0x0000000080000160] -> 0xD613
mem[X,0x0000000080000162] -> 0x0075
[93] [M]: 0x0000000080000160 (0x0075D613) srli a2, a1, 0x7
x12 <- 0x0000000000000000
mem[X,0x0000000080000164] -> 0xD793
mem[X,0x0000000080000166] -> 0x0395
[94] [M]: 0x0000000080000164 (0x0395D793) srli a5, a1, 0x39
x15 <- 0x0000000000000000
mem[X,0x0000000080000168] -> 0x6633
mem[X,0x000000008000016A] -> 0x00F6
[95] [M]: 0x0000000080000168 (0x00F66633) or a2, a2, a5
x12 <- 0x0000000000000000
mem[X,0x000000008000016C] -> 0x5693
mem[X,0x000000008000016E] -> 0x0076
[96] [M]: 0x000000008000016C (0x00765693) srli a3, a2, 0x7
x13 <- 0x0000000000000000
mem[X,0x0000000080000170] -> 0x5793
mem[X,0x0000000080000172] -> 0x0396
[97] [M]: 0x0000000080000170 (0x03965793) srli a5, a2, 0x39
x15 <- 0x0000000000000000
mem[X,0x0000000080000174] -> 0xE6B3
mem[X,0x0000000080000176] -> 0x00F6
[98] [M]: 0x0000000080000174 (0x00F6E6B3) or a3, a3, a5
x13 <- 0x0000000000000000
mem[X,0x0000000080000178] -> 0x0013
mem[X,0x000000008000017A] -> 0x0000
[99] [M]: 0x0000000080000178 (0x00000013) addi zero, zero, 0x0
clint::tick mtime <- 0x0000000000000001
 clint timer pending at mtime 0x0000000000000001
htif::tick 0x0000000000000000
mem[X,0x000000008000017C] -> 0x0013
mem[X,0x000000008000017E] -> 0x0000
[100] [M]: 0x000000008000017C (0x00000013) addi zero, zero, 0x0
mem[X,0x0000000080000180] -> 0x4217
mem[X,0x0000000080000182] -> 0x0000
[101] [M]: 0x0000000080000180 (0x00004217) auipc tp, 0x4
x4 <- 0x0000000080004180
mem[X,0x0000000080000184] -> 0x0213
mem[X,0x0000000080000186] -> 0xF982
[102] [M]: 0x0000000080000184 (0xF9820213) addi tp, tp, -0x68
x4 <- 0x0000000080004118
mem[X,0x0000000080000188] -> 0x0013
mem[X,0x000000008000018A] -> 0x0000
[103] [M]: 0x0000000080000188 (0x00000013) addi zero, zero, 0x0
mem[X,0x000000008000018C] -> 0x0013
mem[X,0x000000008000018E] -> 0x0000
[104] [M]: 0x000000008000018C (0x00000013) addi zero, zero, 0x0
mem[X,0x0000000080000190] -> 0x0013
mem[X,0x0000000080000192] -> 0x0000
[105] [M]: 0x0000000080000190 (0x00000013) addi zero, zero, 0x0
mem[X,0x0000000080000194] -> 0x0013
mem[X,0x0000000080000196] -> 0x0000
[106] [M]: 0x0000000080000194 (0x00000013) addi zero, zero, 0x0
mem[X,0x0000000080000198] -> 0x0013
mem[X,0x000000008000019A] -> 0x0000
[107] [M]: 0x0000000080000198 (0x00000013) addi zero, zero, 0x0
mem[X,0x000000008000019C] -> 0x0013
mem[X,0x000000008000019E] -> 0x0000
[108] [M]: 0x000000008000019C (0x00000013) addi zero, zero, 0x0
mem[X,0x00000000800001A0] -> 0x0C97
mem[X,0x00000000800001A2] -> 0x0000
[109] [M]: 0x00000000800001A0 (0x00000C97) auipc s9, 0x0
x25 <- 0x00000000800001A0
mem[X,0x00000000800001A4] -> 0x0013
mem[X,0x00000000800001A6] -> 0x0000
[110] [M]: 0x00000000800001A4 (0x00000013) addi zero, zero, 0x0
mem[X,0x00000000800001A8] -> 0x0013
mem[X,0x00000000800001AA] -> 0x0000
[111] [M]: 0x00000000800001A8 (0x00000013) addi zero, zero, 0x0
mem[X,0x00000000800001AC] -> 0x0013
mem[X,0x00000000800001AE] -> 0x0000
[112] [M]: 0x00000000800001AC (0x00000013) addi zero, zero, 0x0
mem[X,0x00000000800001B0] -> 0x0013
mem[X,0x00000000800001B2] -> 0x0000
[113] [M]: 0x00000000800001B0 (0x00000013) addi zero, zero, 0x0
mem[X,0x00000000800001B4] -> 0x0013
mem[X,0x00000000800001B6] -> 0x0000
[114] [M]: 0x00000000800001B4 (0x00000013) addi zero, zero, 0x0
mem[X,0x00000000800001B8] -> 0x0013
mem[X,0x00000000800001BA] -> 0x0000
[115] [M]: 0x00000000800001B8 (0x00000013) addi zero, zero, 0x0
mem[X,0x00000000800001BC] -> 0x0013
mem[X,0x00000000800001BE] -> 0x0000
[116] [M]: 0x00000000800001BC (0x00000013) addi zero, zero, 0x0
mem[X,0x00000000800001C0] -> 0x0C97
mem[X,0x00000000800001C2] -> 0x0000
[117] [M]: 0x00000000800001C0 (0x00000C97) auipc s9, 0x0
x25 <- 0x00000000800001C0
mem[X,0x00000000800001C4] -> 0x8C93
mem[X,0x00000000800001C6] -> 0x02DC
[118] [M]: 0x00000000800001C4 (0x02DC8C93) addi s9, s9, 0x2d
x25 <- 0x00000000800001ED
mem[X,0x00000000800001C8] -> 0x0013
mem[X,0x00000000800001CA] -> 0x0000
[119] [M]: 0x00000000800001C8 (0x00000013) addi zero, zero, 0x0
mem[X,0x00000000800001CC] -> 0x0013
mem[X,0x00000000800001CE] -> 0x0000
[120] [M]: 0x00000000800001CC (0x00000013) addi zero, zero, 0x0
mem[X,0x00000000800001D0] -> 0x0013
mem[X,0x00000000800001D2] -> 0x0000
[121] [M]: 0x00000000800001D0 (0x00000013) addi zero, zero, 0x0
mem[X,0x00000000800001D4] -> 0x0013
mem[X,0x00000000800001D6] -> 0x0000
[122] [M]: 0x00000000800001D4 (0x00000013) addi zero, zero, 0x0
mem[X,0x00000000800001D8] -> 0x0013
mem[X,0x00000000800001DA] -> 0x0000
[123] [M]: 0x00000000800001D8 (0x00000013) addi zero, zero, 0x0
mem[X,0x00000000800001DC] -> 0x0013
mem[X,0x00000000800001DE] -> 0x0000
[124] [M]: 0x00000000800001DC (0x00000013) addi zero, zero, 0x0
mem[X,0x00000000800001E0] -> 0x8CE7
mem[X,0x00000000800001E2] -> 0x007C
[125] [M]: 0x00000000800001E0 (0x007C8CE7) jalr s9, 0x7(s9)
x25 <- 0x00000000800001E4
mem[X,0x00000000800001F4] -> 0xCC93
mem[X,0x00000000800001F6] -> 0x003C
[126] [M]: 0x00000000800001F4 (0x003CCC93) xori s9, s9, 0x3
x25 <- 0x00000000800001E7
mem[X,0x00000000800001F8] -> 0x006F
mem[X,0x00000000800001FA] -> 0x0040
[127] [M]: 0x00000000800001F8 (0x0040006F) jal zero, 0x4
mem[X,0x00000000800001FC] -> 0x0013
mem[X,0x00000000800001FE] -> 0x0000
[128] [M]: 0x00000000800001FC (0x00000013) addi zero, zero, 0x0
mem[X,0x0000000080000200] -> 0x0417
mem[X,0x0000000080000202] -> 0x0000
[129] [M]: 0x0000000080000200 (0x00000417) auipc fp, 0x0
x8 <- 0x0000000080000200
mem[X,0x0000000080000204] -> 0x0413
mem[X,0x0000000080000206] -> 0xFA04
[130] [M]: 0x0000000080000204 (0xFA040413) addi fp, fp, -0x60
x8 <- 0x00000000800001A0
mem[X,0x0000000080000208] -> 0x0013
mem[X,0x000000008000020A] -> 0x0000
[131] [M]: 0x0000000080000208 (0x00000013) addi zero, zero, 0x0
mem[X,0x000000008000020C] -> 0x0013
mem[X,0x000000008000020E] -> 0x0000
[132] [M]: 0x000000008000020C (0x00000013) addi zero, zero, 0x0
mem[X,0x0000000080000210] -> 0x0013
mem[X,0x0000000080000212] -> 0x0000
[133] [M]: 0x0000000080000210 (0x00000013) addi zero, zero, 0x0
mem[X,0x0000000080000214] -> 0x0013
mem[X,0x0000000080000216] -> 0x0000
[134] [M]: 0x0000000080000214 (0x00000013) addi zero, zero, 0x0
mem[X,0x0000000080000218] -> 0x0013
mem[X,0x000000008000021A] -> 0x0000
[135] [M]: 0x0000000080000218 (0x00000013) addi zero, zero, 0x0
mem[X,0x000000008000021C] -> 0x0013
mem[X,0x000000008000021E] -> 0x0000
[136] [M]: 0x000000008000021C (0x00000013) addi zero, zero, 0x0
mem[X,0x0000000080000220] -> 0x7413
mem[X,0x0000000080000222] -> 0xFFC4
[137] [M]: 0x0000000080000220 (0xFFC47413) andi fp, fp, -0x4
x8 <- 0x00000000800001A0
mem[X,0x0000000080000224] -> 0x8CB3
mem[X,0x0000000080000226] -> 0x408C
[138] [M]: 0x0000000080000224 (0x408C8CB3) sub s9, s9, fp
x25 <- 0x0000000000000047
mem[X,0x0000000080000228] -> 0x3023
mem[X,0x000000008000022A] -> 0x0192
[139] [M]: 0x0000000080000228 (0x01923023) sd s9, 0x0(tp)
mem[0x0000000080004118] <- 0x0000000000000047
mem[X,0x000000008000022C] -> 0x0397
mem[X,0x000000008000022E] -> 0x0000
[140] [M]: 0x000000008000022C (0x00000397) auipc t2, 0x0
x7 <- 0x000000008000022C
mem[X,0x0000000080000230] -> 0x0013
mem[X,0x0000000080000232] -> 0x0000
[141] [M]: 0x0000000080000230 (0x00000013) addi zero, zero, 0x0
mem[X,0x0000000080000234] -> 0x0013
mem[X,0x0000000080000236] -> 0x0000
[142] [M]: 0x0000000080000234 (0x00000013) addi zero, zero, 0x0
mem[X,0x0000000080000238] -> 0x0013
mem[X,0x000000008000023A] -> 0x0000
[143] [M]: 0x0000000080000238 (0x00000013) addi zero, zero, 0x0
mem[X,0x000000008000023C] -> 0x0013
mem[X,0x000000008000023E] -> 0x0000
[144] [M]: 0x000000008000023C (0x00000013) addi zero, zero, 0x0
mem[X,0x0000000080000240] -> 0x0997
mem[X,0x0000000080000242] -> 0x0000
[145] [M]: 0x0000000080000240 (0x00000997) auipc s3, 0x0
x19 <- 0x0000000080000240
mem[X,0x0000000080000244] -> 0x8993
mem[X,0x0000000080000246] -> 0x03E9
[146] [M]: 0x0000000080000244 (0x03E98993) addi s3, s3, 0x3e
x19 <- 0x000000008000027E
mem[X,0x0000000080000248] -> 0x0013
mem[X,0x000000008000024A] -> 0x0000
[147] [M]: 0x0000000080000248 (0x00000013) addi zero, zero, 0x0
mem[X,0x000000008000024C] -> 0x0013
mem[X,0x000000008000024E] -> 0x0000
[148] [M]: 0x000000008000024C (0x00000013) addi zero, zero, 0x0
mem[X,0x0000000080000250] -> 0x0013
mem[X,0x0000000080000252] -> 0x0000
[149] [M]: 0x0000000080000250 (0x00000013) addi zero, zero, 0x0
mem[X,0x0000000080000254] -> 0x0013
mem[X,0x0000000080000256] -> 0x0000
[150] [M]: 0x0000000080000254 (0x00000013) addi zero, zero, 0x0
mem[X,0x0000000080000258] -> 0x0013
mem[X,0x000000008000025A] -> 0x0000
[151] [M]: 0x0000000080000258 (0x00000013) addi zero, zero, 0x0
mem[X,0x000000008000025C] -> 0x0013
mem[X,0x000000008000025E] -> 0x0000
[152] [M]: 0x000000008000025C (0x00000013) addi zero, zero, 0x0
mem[X,0x0000000080000260] -> 0x83E7
mem[X,0x0000000080000262] -> 0xFF69
[153] [M]: 0x0000000080000260 (0xFF6983E7) jalr t2, -0xa(s3)
x7 <- 0x0000000080000264
mem[X,0x0000000080000274] -> 0xC393
mem[X,0x0000000080000276] -> 0x0033
[154] [M]: 0x0000000080000274 (0x0033C393) xori t2, t2, 0x3
x7 <- 0x0000000080000267
mem[X,0x0000000080000278] -> 0x006F
mem[X,0x000000008000027A] -> 0x0040
[155] [M]: 0x0000000080000278 (0x0040006F) jal zero, 0x4
mem[X,0x000000008000027C] -> 0x0013
mem[X,0x000000008000027E] -> 0x0000
[156] [M]: 0x000000008000027C (0x00000013) addi zero, zero, 0x0
mem[X,0x0000000080000280] -> 0x0417
mem[X,0x0000000080000282] -> 0x0000
[157] [M]: 0x0000000080000280 (0x00000417) auipc fp, 0x0
x8 <- 0x0000000080000280
mem[X,0x0000000080000284] -> 0x0413
mem[X,0x0000000080000286] -> 0xFAC4
[158] [M]: 0x0000000080000284 (0xFAC40413) addi fp, fp, -0x54
x8 <- 0x000000008000022C
mem[X,0x0000000080000288] -> 0x0013
mem[X,0x000000008000028A] -> 0x0000
[159] [M]: 0x0000000080000288 (0x00000013) addi zero, zero, 0x0
mem[X,0x000000008000028C] -> 0x0013
mem[X,0x000000008000028E] -> 0x0000
[160] [M]: 0x000000008000028C (0x00000013) addi zero, zero, 0x0
mem[X,0x0000000080000290] -> 0x0013
mem[X,0x0000000080000292] -> 0x0000
[161] [M]: 0x0000000080000290 (0x00000013) addi zero, zero, 0x0
mem[X,0x0000000080000294] -> 0x0013
mem[X,0x0000000080000296] -> 0x0000
[162] [M]: 0x0000000080000294 (0x00000013) addi zero, zero, 0x0
mem[X,0x0000000080000298] -> 0x0013
mem[X,0x000000008000029A] -> 0x0000
[163] [M]: 0x0000000080000298 (0x00000013) addi zero, zero, 0x0
mem[X,0x000000008000029C] -> 0x0013
mem[X,0x000000008000029E] -> 0x0000
[164] [M]: 0x000000008000029C (0x00000013) addi zero, zero, 0x0
mem[X,0x00000000800002A0] -> 0x7413
mem[X,0x00000000800002A2] -> 0xFFC4
[165] [M]: 0x00000000800002A0 (0xFFC47413) andi fp, fp, -0x4
x8 <- 0x000000008000022C
mem[X,0x00000000800002A4] -> 0x83B3
mem[X,0x00000000800002A6] -> 0x4083
[166] [M]: 0x00000000800002A4 (0x408383B3) sub t2, t2, fp
x7 <- 0x000000000000003B
mem[X,0x00000000800002A8] -> 0x3423
mem[X,0x00000000800002AA] -> 0x0072
[167] [M]: 0x00000000800002A8 (0x00723423) sd t2, 0x8(tp)
mem[0x0000000080004120] <- 0x000000000000003B
mem[X,0x00000000800002AC] -> 0x0A97
mem[X,0x00000000800002AE] -> 0x0000
[168] [M]: 0x00000000800002AC (0x00000A97) auipc s5, 0x0
x21 <- 0x00000000800002AC
mem[X,0x00000000800002B0] -> 0x0013
mem[X,0x00000000800002B2] -> 0x0000
[169] [M]: 0x00000000800002B0 (0x00000013) addi zero, zero, 0x0
mem[X,0x00000000800002B4] -> 0x0013
mem[X,0x00000000800002B6] -> 0x0000
[170] [M]: 0x00000000800002B4 (0x00000013) addi zero, zero, 0x0
mem[X,0x00000000800002B8] -> 0x0013
mem[X,0x00000000800002BA] -> 0x0000
[171] [M]: 0x00000000800002B8 (0x00000013) addi zero, zero, 0x0
mem[X,0x00000000800002BC] -> 0x0013
mem[X,0x00000000800002BE] -> 0x0000
[172] [M]: 0x00000000800002BC (0x00000013) addi zero, zero, 0x0
mem[X,0x00000000800002C0] -> 0x0117
mem[X,0x00000000800002C2] -> 0x0000
[173] [M]: 0x00000000800002C0 (0x00000117) auipc sp, 0x0
x2 <- 0x00000000800002C0
mem[X,0x00000000800002C4] -> 0x0113
mem[X,0x00000000800002C6] -> 0x0331
[174] [M]: 0x00000000800002C4 (0x03310113) addi sp, sp, 0x33
x2 <- 0x00000000800002F3
mem[X,0x00000000800002C8] -> 0x0013
mem[X,0x00000000800002CA] -> 0x0000
[175] [M]: 0x00000000800002C8 (0x00000013) addi zero, zero, 0x0
mem[X,0x00000000800002CC] -> 0x0013
mem[X,0x00000000800002CE] -> 0x0000
[176] [M]: 0x00000000800002CC (0x00000013) addi zero, zero, 0x0
mem[X,0x00000000800002D0] -> 0x0013
mem[X,0x00000000800002D2] -> 0x0000
[177] [M]: 0x00000000800002D0 (0x00000013) addi zero, zero, 0x0
mem[X,0x00000000800002D4] -> 0x0013
mem[X,0x00000000800002D6] -> 0x0000
[178] [M]: 0x00000000800002D4 (0x00000013) addi zero, zero, 0x0
mem[X,0x00000000800002D8] -> 0x0013
mem[X,0x00000000800002DA] -> 0x0000
[179] [M]: 0x00000000800002D8 (0x00000013) addi zero, zero, 0x0
mem[X,0x00000000800002DC] -> 0x0013
mem[X,0x00000000800002DE] -> 0x0000
[180] [M]: 0x00000000800002DC (0x00000013) addi zero, zero, 0x0
mem[X,0x00000000800002E0] -> 0x0AE7
mem[X,0x00000000800002E2] -> 0x0011
[181] [M]: 0x00000000800002E0 (0x00110AE7) jalr s5, 0x1(sp)
x21 <- 0x00000000800002E4
mem[X,0x00000000800002F4] -> 0xCA93
mem[X,0x00000000800002F6] -> 0x003A
[182] [M]: 0x00000000800002F4 (0x003ACA93) xori s5, s5, 0x3
x21 <- 0x00000000800002E7
mem[X,0x00000000800002F8] -> 0x006F
mem[X,0x00000000800002FA] -> 0x0040
[183] [M]: 0x00000000800002F8 (0x0040006F) jal zero, 0x4
mem[X,0x00000000800002FC] -> 0x0013
mem[X,0x00000000800002FE] -> 0x0000
[184] [M]: 0x00000000800002FC (0x00000013) addi zero, zero, 0x0
mem[X,0x0000000080000300] -> 0x0417
mem[X,0x0000000080000302] -> 0x0000
[185] [M]: 0x0000000080000300 (0x00000417) auipc fp, 0x0
x8 <- 0x0000000080000300
mem[X,0x0000000080000304] -> 0x0413
mem[X,0x0000000080000306] -> 0xFAC4
[186] [M]: 0x0000000080000304 (0xFAC40413) addi fp, fp, -0x54
x8 <- 0x00000000800002AC
mem[X,0x0000000080000308] -> 0x0013
mem[X,0x000000008000030A] -> 0x0000
[187] [M]: 0x0000000080000308 (0x00000013) addi zero, zero, 0x0
mem[X,0x000000008000030C] -> 0x0013
mem[X,0x000000008000030E] -> 0x0000
[188] [M]: 0x000000008000030C (0x00000013) addi zero, zero, 0x0
mem[X,0x0000000080000310] -> 0x0013
mem[X,0x0000000080000312] -> 0x0000
[189] [M]: 0x0000000080000310 (0x00000013) addi zero, zero, 0x0
mem[X,0x0000000080000314] -> 0x0013
mem[X,0x0000000080000316] -> 0x0000
[190] [M]: 0x0000000080000314 (0x00000013) addi zero, zero, 0x0
mem[X,0x0000000080000318] -> 0x0013
mem[X,0x000000008000031A] -> 0x0000
[191] [M]: 0x0000000080000318 (0x00000013) addi zero, zero, 0x0
mem[X,0x000000008000031C] -> 0x0013
mem[X,0x000000008000031E] -> 0x0000
[192] [M]: 0x000000008000031C (0x00000013) addi zero, zero, 0x0
mem[X,0x0000000080000320] -> 0x7413
mem[X,0x0000000080000322] -> 0xFFC4
[193] [M]: 0x0000000080000320 (0xFFC47413) andi fp, fp, -0x4
x8 <- 0x00000000800002AC
mem[X,0x0000000080000324] -> 0x8AB3
mem[X,0x0000000080000326] -> 0x408A
[194] [M]: 0x0000000080000324 (0x408A8AB3) sub s5, s5, fp
x21 <- 0x000000000000003B
mem[X,0x0000000080000328] -> 0x3823
mem[X,0x000000008000032A] -> 0x0152
[195] [M]: 0x0000000080000328 (0x01523823) sd s5, 0x10(tp)
mem[0x0000000080004128] <- 0x000000000000003B
mem[X,0x000000008000032C] -> 0x0B97
mem[X,0x000000008000032E] -> 0x0000
[196] [M]: 0x000000008000032C (0x00000B97) auipc s7, 0x0
x23 <- 0x000000008000032C
mem[X,0x0000000080000330] -> 0x0013
mem[X,0x0000000080000332] -> 0x0000
[197] [M]: 0x0000000080000330 (0x00000013) addi zero, zero, 0x0
mem[X,0x0000000080000334] -> 0x0013
mem[X,0x0000000080000336] -> 0x0000
[198] [M]: 0x0000000080000334 (0x00000013) addi zero, zero, 0x0
mem[X,0x0000000080000338] -> 0x0013
mem[X,0x000000008000033A] -> 0x0000
[199] [M]: 0x0000000080000338 (0x00000013) addi zero, zero, 0x0
clint::tick mtime <- 0x0000000000000002
 clint timer pending at mtime 0x0000000000000002
htif::tick 0x0000000000000000
mem[X,0x000000008000033C] -> 0x0013
mem[X,0x000000008000033E] -> 0x0000
[200] [M]: 0x000000008000033C (0x00000013) addi zero, zero, 0x0
mem[X,0x0000000080000340] -> 0x0F17
mem[X,0x0000000080000342] -> 0x0000
[201] [M]: 0x0000000080000340 (0x00000F17) auipc t5, 0x0
x30 <- 0x0000000080000340
mem[X,0x0000000080000344] -> 0x0F13
mem[X,0x0000000080000346] -> 0x032F
[202] [M]: 0x0000000080000344 (0x032F0F13) addi t5, t5, 0x32
x30 <- 0x0000000080000372
mem[X,0x0000000080000348] -> 0x0013
mem[X,0x000000008000034A] -> 0x0000
[203] [M]: 0x0000000080000348 (0x00000013) addi zero, zero, 0x0
mem[X,0x000000008000034C] -> 0x0013
mem[X,0x000000008000034E] -> 0x0000
[204] [M]: 0x000000008000034C (0x00000013) addi zero, zero, 0x0
mem[X,0x0000000080000350] -> 0x0013
mem[X,0x0000000080000352] -> 0x0000
[205] [M]: 0x0000000080000350 (0x00000013) addi zero, zero, 0x0
mem[X,0x0000000080000354] -> 0x0013
mem[X,0x0000000080000356] -> 0x0000
[206] [M]: 0x0000000080000354 (0x00000013) addi zero, zero, 0x0
mem[X,0x0000000080000358] -> 0x0013
mem[X,0x000000008000035A] -> 0x0000
[207] [M]: 0x0000000080000358 (0x00000013) addi zero, zero, 0x0
mem[X,0x000000008000035C] -> 0x0013
mem[X,0x000000008000035E] -> 0x0000
[208] [M]: 0x000000008000035C (0x00000013) addi zero, zero, 0x0
mem[X,0x0000000080000360] -> 0x0BE7
mem[X,0x0000000080000362] -> 0x002F
[209] [M]: 0x0000000080000360 (0x002F0BE7) jalr s7, 0x2(t5)
x23 <- 0x0000000080000364
mem[X,0x0000000080000374] -> 0xCB93
mem[X,0x0000000080000376] -> 0x003B
[210] [M]: 0x0000000080000374 (0x003BCB93) xori s7, s7, 0x3
x23 <- 0x0000000080000367
mem[X,0x0000000080000378] -> 0x006F
mem[X,0x000000008000037A] -> 0x0040
[211] [M]: 0x0000000080000378 (0x0040006F) jal zero, 0x4
mem[X,0x000000008000037C] -> 0x0013
mem[X,0x000000008000037E] -> 0x0000
[212] [M]: 0x000000008000037C (0x00000013) addi zero, zero, 0x0
mem[X,0x0000000080000380] -> 0x0417
mem[X,0x0000000080000382] -> 0x0000
[213] [M]: 0x0000000080000380 (0x00000417) auipc fp, 0x0
x8 <- 0x0000000080000380
mem[X,0x0000000080000384] -> 0x0413
mem[X,0x0000000080000386] -> 0xFAC4
[214] [M]: 0x0000000080000384 (0xFAC40413) addi fp, fp, -0x54
x8 <- 0x000000008000032C
mem[X,0x0000000080000388] -> 0x0013
mem[X,0x000000008000038A] -> 0x0000
[215] [M]: 0x0000000080000388 (0x00000013) addi zero, zero, 0x0
mem[X,0x000000008000038C] -> 0x0013
mem[X,0x000000008000038E] -> 0x0000
[216] [M]: 0x000000008000038C (0x00000013) addi zero, zero, 0x0
mem[X,0x0000000080000390] -> 0x0013
mem[X,0x0000000080000392] -> 0x0000
[217] [M]: 0x0000000080000390 (0x00000013) addi zero, zero, 0x0
mem[X,0x0000000080000394] -> 0x0013
mem[X,0x0000000080000396] -> 0x0000
[218] [M]: 0x0000000080000394 (0x00000013) addi zero, zero, 0x0
mem[X,0x0000000080000398] -> 0x0013
mem[X,0x000000008000039A] -> 0x0000
[219] [M]: 0x0000000080000398 (0x00000013) addi zero, zero, 0x0
mem[X,0x000000008000039C] -> 0x0013
mem[X,0x000000008000039E] -> 0x0000
[220] [M]: 0x000000008000039C (0x00000013) addi zero, zero, 0x0
mem[X,0x00000000800003A0] -> 0x7413
mem[X,0x00000000800003A2] -> 0xFFC4
[221] [M]: 0x00000000800003A0 (0xFFC47413) andi fp, fp, -0x4
x8 <- 0x000000008000032C
mem[X,0x00000000800003A4] -> 0x8BB3
mem[X,0x00000000800003A6] -> 0x408B
[222] [M]: 0x00000000800003A4 (0x408B8BB3) sub s7, s7, fp
x23 <- 0x000000000000003B
mem[X,0x00000000800003A8] -> 0x3C23
mem[X,0x00000000800003AA] -> 0x0172
[223] [M]: 0x00000000800003A8 (0x01723C23) sd s7, 0x18(tp)
mem[0x0000000080004130] <- 0x000000000000003B
mem[X,0x00000000800003AC] -> 0x0497
mem[X,0x00000000800003AE] -> 0x0000
[224] [M]: 0x00000000800003AC (0x00000497) auipc s1, 0x0
x9 <- 0x00000000800003AC
mem[X,0x00000000800003B0] -> 0x0013
mem[X,0x00000000800003B2] -> 0x0000
[225] [M]: 0x00000000800003B0 (0x00000013) addi zero, zero, 0x0
mem[X,0x00000000800003B4] -> 0x0013
mem[X,0x00000000800003B6] -> 0x0000
[226] [M]: 0x00000000800003B4 (0x00000013) addi zero, zero, 0x0
mem[X,0x00000000800003B8] -> 0x0013
mem[X,0x00000000800003BA] -> 0x0000
[227] [M]: 0x00000000800003B8 (0x00000013) addi zero, zero, 0x0
mem[X,0x00000000800003BC] -> 0x0013
mem[X,0x00000000800003BE] -> 0x0000
[228] [M]: 0x00000000800003BC (0x00000013) addi zero, zero, 0x0
mem[X,0x00000000800003C0] -> 0x0397
mem[X,0x00000000800003C2] -> 0x0000
[229] [M]: 0x00000000800003C0 (0x00000397) auipc t2, 0x0
x7 <- 0x00000000800003C0
mem[X,0x00000000800003C4] -> 0x8393
mem[X,0x00000000800003C6] -> 0x0303
[230] [M]: 0x00000000800003C4 (0x03038393) addi t2, t2, 0x30
x7 <- 0x00000000800003F0
mem[X,0x00000000800003C8] -> 0x0013
mem[X,0x00000000800003CA] -> 0x0000
[231] [M]: 0x00000000800003C8 (0x00000013) addi zero, zero, 0x0
mem[X,0x00000000800003CC] -> 0x0013
mem[X,0x00000000800003CE] -> 0x0000
[232] [M]: 0x00000000800003CC (0x00000013) addi zero, zero, 0x0
mem[X,0x00000000800003D0] -> 0x0013
mem[X,0x00000000800003D2] -> 0x0000
[233] [M]: 0x00000000800003D0 (0x00000013) addi zero, zero, 0x0
mem[X,0x00000000800003D4] -> 0x0013
mem[X,0x00000000800003D6] -> 0x0000
[234] [M]: 0x00000000800003D4 (0x00000013) addi zero, zero, 0x0
mem[X,0x00000000800003D8] -> 0x0013
mem[X,0x00000000800003DA] -> 0x0000
[235] [M]: 0x00000000800003D8 (0x00000013) addi zero, zero, 0x0
mem[X,0x00000000800003DC] -> 0x0013
mem[X,0x00000000800003DE] -> 0x0000
[236] [M]: 0x00000000800003DC (0x00000013) addi zero, zero, 0x0
mem[X,0x00000000800003E0] -> 0x84E7
mem[X,0x00000000800003E2] -> 0x0043
[237] [M]: 0x00000000800003E0 (0x004384E7) jalr s1, 0x4(t2)
x9 <- 0x00000000800003E4
mem[X,0x00000000800003F4] -> 0xC493
mem[X,0x00000000800003F6] -> 0x0034
[238] [M]: 0x00000000800003F4 (0x0034C493) xori s1, s1, 0x3
x9 <- 0x00000000800003E7
mem[X,0x00000000800003F8] -> 0x006F
mem[X,0x00000000800003FA] -> 0x0040
[239] [M]: 0x00000000800003F8 (0x0040006F) jal zero, 0x4
mem[X,0x00000000800003FC] -> 0x0013
mem[X,0x00000000800003FE] -> 0x0000
[240] [M]: 0x00000000800003FC (0x00000013) addi zero, zero, 0x0
mem[X,0x0000000080000400] -> 0x0417
mem[X,0x0000000080000402] -> 0x0000
[241] [M]: 0x0000000080000400 (0x00000417) auipc fp, 0x0
x8 <- 0x0000000080000400
mem[X,0x0000000080000404] -> 0x0413
mem[X,0x0000000080000406] -> 0xFAC4
[242] [M]: 0x0000000080000404 (0xFAC40413) addi fp, fp, -0x54
x8 <- 0x00000000800003AC
mem[X,0x0000000080000408] -> 0x0013
mem[X,0x000000008000040A] -> 0x0000
[243] [M]: 0x0000000080000408 (0x00000013) addi zero, zero, 0x0
mem[X,0x000000008000040C] -> 0x0013
mem[X,0x000000008000040E] -> 0x0000
[244] [M]: 0x000000008000040C (0x00000013) addi zero, zero, 0x0
mem[X,0x0000000080000410] -> 0x0013
mem[X,0x0000000080000412] -> 0x0000
[245] [M]: 0x0000000080000410 (0x00000013) addi zero, zero, 0x0
mem[X,0x0000000080000414] -> 0x0013
mem[X,0x0000000080000416] -> 0x0000
[246] [M]: 0x0000000080000414 (0x00000013) addi zero, zero, 0x0
mem[X,0x0000000080000418] -> 0x0013
mem[X,0x000000008000041A] -> 0x0000
[247] [M]: 0x0000000080000418 (0x00000013) addi zero, zero, 0x0
mem[X,0x000000008000041C] -> 0x0013
mem[X,0x000000008000041E] -> 0x0000
[248] [M]: 0x000000008000041C (0x00000013) addi zero, zero, 0x0
mem[X,0x0000000080000420] -> 0x7413
mem[X,0x0000000080000422] -> 0xFFC4
[249] [M]: 0x0000000080000420 (0xFFC47413) andi fp, fp, -0x4
x8 <- 0x00000000800003AC
mem[X,0x0000000080000424] -> 0x84B3
mem[X,0x0000000080000426] -> 0x4084
[250] [M]: 0x0000000080000424 (0x408484B3) sub s1, s1, fp
x9 <- 0x000000000000003B
mem[X,0x0000000080000428] -> 0x3023
mem[X,0x000000008000042A] -> 0x0292
[251] [M]: 0x0000000080000428 (0x02923023) sd s1, 0x20(tp)
mem[0x0000000080004138] <- 0x000000000000003B
mem[X,0x000000008000042C] -> 0x0C17
mem[X,0x000000008000042E] -> 0x0000
[252] [M]: 0x000000008000042C (0x00000C17) auipc s8, 0x0
x24 <- 0x000000008000042C
mem[X,0x0000000080000430] -> 0x0013
mem[X,0x0000000080000432] -> 0x0000
[253] [M]: 0x0000000080000430 (0x00000013) addi zero, zero, 0x0
mem[X,0x0000000080000434] -> 0x0013
mem[X,0x0000000080000436] -> 0x0000
[254] [M]: 0x0000000080000434 (0x00000013) addi zero, zero, 0x0
mem[X,0x0000000080000438] -> 0x0013
mem[X,0x000000008000043A] -> 0x0000
[255] [M]: 0x0000000080000438 (0x00000013) addi zero, zero, 0x0
mem[X,0x000000008000043C] -> 0x0013
mem[X,0x000000008000043E] -> 0x0000
[256] [M]: 0x000000008000043C (0x00000013) addi zero, zero, 0x0
mem[X,0x0000000080000440] -> 0x0717
mem[X,0x0000000080000442] -> 0x0000
[257] [M]: 0x0000000080000440 (0x00000717) auipc a4, 0x0
x14 <- 0x0000000080000440
mem[X,0x0000000080000444] -> 0x0713
mem[X,0x0000000080000446] -> 0x02C7
[258] [M]: 0x0000000080000444 (0x02C70713) addi a4, a4, 0x2c
x14 <- 0x000000008000046C
mem[X,0x0000000080000448] -> 0x0013
mem[X,0x000000008000044A] -> 0x0000
[259] [M]: 0x0000000080000448 (0x00000013) addi zero, zero, 0x0
mem[X,0x000000008000044C] -> 0x0013
mem[X,0x000000008000044E] -> 0x0000
[260] [M]: 0x000000008000044C (0x00000013) addi zero, zero, 0x0
mem[X,0x0000000080000450] -> 0x0013
mem[X,0x0000000080000452] -> 0x0000
[261] [M]: 0x0000000080000450 (0x00000013) addi zero, zero, 0x0
mem[X,0x0000000080000454] -> 0x0013
mem[X,0x0000000080000456] -> 0x0000
[262] [M]: 0x0000000080000454 (0x00000013) addi zero, zero, 0x0
mem[X,0x0000000080000458] -> 0x0013
mem[X,0x000000008000045A] -> 0x0000
[263] [M]: 0x0000000080000458 (0x00000013) addi zero, zero, 0x0
mem[X,0x000000008000045C] -> 0x0013
mem[X,0x000000008000045E] -> 0x0000
[264] [M]: 0x000000008000045C (0x00000013) addi zero, zero, 0x0
mem[X,0x0000000080000460] -> 0x0C67
mem[X,0x0000000080000462] -> 0x0087
[265] [M]: 0x0000000080000460 (0x00870C67) jalr s8, 0x8(a4)
x24 <- 0x0000000080000464
mem[X,0x0000000080000474] -> 0x4C13
mem[X,0x0000000080000476] -> 0x003C
[266] [M]: 0x0000000080000474 (0x003C4C13) xori s8, s8, 0x3
x24 <- 0x0000000080000467
mem[X,0x0000000080000478] -> 0x006F
mem[X,0x000000008000047A] -> 0x0040
[267] [M]: 0x0000000080000478 (0x0040006F) jal zero, 0x4
mem[X,0x000000008000047C] -> 0x0013
mem[X,0x000000008000047E] -> 0x0000
[268] [M]: 0x000000008000047C (0x00000013) addi zero, zero, 0x0
mem[X,0x0000000080000480] -> 0x0417
mem[X,0x0000000080000482] -> 0x0000
[269] [M]: 0x0000000080000480 (0x00000417) auipc fp, 0x0
x8 <- 0x0000000080000480
mem[X,0x0000000080000484] -> 0x0413
mem[X,0x0000000080000486] -> 0xFAC4
[270] [M]: 0x0000000080000484 (0xFAC40413) addi fp, fp, -0x54
x8 <- 0x000000008000042C
mem[X,0x0000000080000488] -> 0x0013
mem[X,0x000000008000048A] -> 0x0000
[271] [M]: 0x0000000080000488 (0x00000013) addi zero, zero, 0x0
mem[X,0x000000008000048C] -> 0x0013
mem[X,0x000000008000048E] -> 0x0000
[272] [M]: 0x000000008000048C (0x00000013) addi zero, zero, 0x0
mem[X,0x0000000080000490] -> 0x0013
mem[X,0x0000000080000492] -> 0x0000
[273] [M]: 0x0000000080000490 (0x00000013) addi zero, zero, 0x0
mem[X,0x0000000080000494] -> 0x0013
mem[X,0x0000000080000496] -> 0x0000
[274] [M]: 0x0000000080000494 (0x00000013) addi zero, zero, 0x0
mem[X,0x0000000080000498] -> 0x0013
mem[X,0x000000008000049A] -> 0x0000
[275] [M]: 0x0000000080000498 (0x00000013) addi zero, zero, 0x0
mem[X,0x000000008000049C] -> 0x0013
mem[X,0x000000008000049E] -> 0x0000
[276] [M]: 0x000000008000049C (0x00000013) addi zero, zero, 0x0
mem[X,0x00000000800004A0] -> 0x7413
mem[X,0x00000000800004A2] -> 0xFFC4
[277] [M]: 0x00000000800004A0 (0xFFC47413) andi fp, fp, -0x4
x8 <- 0x000000008000042C
mem[X,0x00000000800004A4] -> 0x0C33
mem[X,0x00000000800004A6] -> 0x408C
[278] [M]: 0x00000000800004A4 (0x408C0C33) sub s8, s8, fp
x24 <- 0x000000000000003B
mem[X,0x00000000800004A8] -> 0x3423
mem[X,0x00000000800004AA] -> 0x0382
[279] [M]: 0x00000000800004A8 (0x03823423) sd s8, 0x28(tp)
mem[0x0000000080004140] <- 0x000000000000003B
mem[X,0x00000000800004AC] -> 0x0197
mem[X,0x00000000800004AE] -> 0x0000
[280] [M]: 0x00000000800004AC (0x00000197) auipc gp, 0x0
x3 <- 0x00000000800004AC
mem[X,0x00000000800004B0] -> 0x0013
mem[X,0x00000000800004B2] -> 0x0000
[281] [M]: 0x00000000800004B0 (0x00000013) addi zero, zero, 0x0
mem[X,0x00000000800004B4] -> 0x0013
mem[X,0x00000000800004B6] -> 0x0000
[282] [M]: 0x00000000800004B4 (0x00000013) addi zero, zero, 0x0
mem[X,0x00000000800004B8] -> 0x0013
mem[X,0x00000000800004BA] -> 0x0000
[283] [M]: 0x00000000800004B8 (0x00000013) addi zero, zero, 0x0
mem[X,0x00000000800004BC] -> 0x0013
mem[X,0x00000000800004BE] -> 0x0000
[284] [M]: 0x00000000800004BC (0x00000013) addi zero, zero, 0x0
mem[X,0x00000000800004C0] -> 0x0797
mem[X,0x00000000800004C2] -> 0x0000
[285] [M]: 0x00000000800004C0 (0x00000797) auipc a5, 0x0
x15 <- 0x00000000800004C0
mem[X,0x00000000800004C4] -> 0x8793
mem[X,0x00000000800004C6] -> 0x0247
[286] [M]: 0x00000000800004C4 (0x02478793) addi a5, a5, 0x24
x15 <- 0x00000000800004E4
mem[X,0x00000000800004C8] -> 0x0013
mem[X,0x00000000800004CA] -> 0x0000
[287] [M]: 0x00000000800004C8 (0x00000013) addi zero, zero, 0x0
mem[X,0x00000000800004CC] -> 0x0013
mem[X,0x00000000800004CE] -> 0x0000
[288] [M]: 0x00000000800004CC (0x00000013) addi zero, zero, 0x0
mem[X,0x00000000800004D0] -> 0x0013
mem[X,0x00000000800004D2] -> 0x0000
[289] [M]: 0x00000000800004D0 (0x00000013) addi zero, zero, 0x0
mem[X,0x00000000800004D4] -> 0x0013
mem[X,0x00000000800004D6] -> 0x0000
[290] [M]: 0x00000000800004D4 (0x00000013) addi zero, zero, 0x0
mem[X,0x00000000800004D8] -> 0x0013
mem[X,0x00000000800004DA] -> 0x0000
[291] [M]: 0x00000000800004D8 (0x00000013) addi zero, zero, 0x0
mem[X,0x00000000800004DC] -> 0x0013
mem[X,0x00000000800004DE] -> 0x0000
[292] [M]: 0x00000000800004DC (0x00000013) addi zero, zero, 0x0
mem[X,0x00000000800004E0] -> 0x81E7
mem[X,0x00000000800004E2] -> 0x0107
[293] [M]: 0x00000000800004E0 (0x010781E7) jalr gp, 0x10(a5)
x3 <- 0x00000000800004E4
mem[X,0x00000000800004F4] -> 0xC193
mem[X,0x00000000800004F6] -> 0x0031
[294] [M]: 0x00000000800004F4 (0x0031C193) xori gp, gp, 0x3
x3 <- 0x00000000800004E7
mem[X,0x00000000800004F8] -> 0x006F
mem[X,0x00000000800004FA] -> 0x0040
[295] [M]: 0x00000000800004F8 (0x0040006F) jal zero, 0x4
mem[X,0x00000000800004FC] -> 0x0013
mem[X,0x00000000800004FE] -> 0x0000
[296] [M]: 0x00000000800004FC (0x00000013) addi zero, zero, 0x0
mem[X,0x0000000080000500] -> 0x0417
mem[X,0x0000000080000502] -> 0x0000
[297] [M]: 0x0000000080000500 (0x00000417) auipc fp, 0x0
x8 <- 0x0000000080000500
mem[X,0x0000000080000504] -> 0x0413
mem[X,0x0000000080000506] -> 0xFAC4
[298] [M]: 0x0000000080000504 (0xFAC40413) addi fp, fp, -0x54
x8 <- 0x00000000800004AC
mem[X,0x0000000080000508] -> 0x0013
mem[X,0x000000008000050A] -> 0x0000
[299] [M]: 0x0000000080000508 (0x00000013) addi zero, zero, 0x0
clint::tick mtime <- 0x0000000000000003
 clint timer pending at mtime 0x0000000000000003
htif::tick 0x0000000000000000
mem[X,0x000000008000050C] -> 0x0013
mem[X,0x000000008000050E] -> 0x0000
[300] [M]: 0x000000008000050C (0x00000013) addi zero, zero, 0x0
mem[X,0x0000000080000510] -> 0x0013
mem[X,0x0000000080000512] -> 0x0000
[301] [M]: 0x0000000080000510 (0x00000013) addi zero, zero, 0x0
mem[X,0x0000000080000514] -> 0x0013
mem[X,0x0000000080000516] -> 0x0000
[302] [M]: 0x0000000080000514 (0x00000013) addi zero, zero, 0x0
mem[X,0x0000000080000518] -> 0x0013
mem[X,0x000000008000051A] -> 0x0000
[303] [M]: 0x0000000080000518 (0x00000013) addi zero, zero, 0x0
mem[X,0x000000008000051C] -> 0x0013
mem[X,0x000000008000051E] -> 0x0000
[304] [M]: 0x000000008000051C (0x00000013) addi zero, zero, 0x0
mem[X,0x0000000080000520] -> 0x7413
mem[X,0x0000000080000522] -> 0xFFC4
[305] [M]: 0x0000000080000520 (0xFFC47413) andi fp, fp, -0x4
x8 <- 0x00000000800004AC
mem[X,0x0000000080000524] -> 0x81B3
mem[X,0x0000000080000526] -> 0x4081
[306] [M]: 0x0000000080000524 (0x408181B3) sub gp, gp, fp
x3 <- 0x000000000000003B
mem[X,0x0000000080000528] -> 0x3823
mem[X,0x000000008000052A] -> 0x0232
[307] [M]: 0x0000000080000528 (0x02323823) sd gp, 0x30(tp)
mem[0x0000000080004148] <- 0x000000000000003B
mem[X,0x000000008000052C] -> 0x0F17
mem[X,0x000000008000052E] -> 0x0000
[308] [M]: 0x000000008000052C (0x00000F17) auipc t5, 0x0
x30 <- 0x000000008000052C
mem[X,0x0000000080000530] -> 0x0013
mem[X,0x0000000080000532] -> 0x0000
[309] [M]: 0x0000000080000530 (0x00000013) addi zero, zero, 0x0
mem[X,0x0000000080000534] -> 0x0013
mem[X,0x0000000080000536] -> 0x0000
[310] [M]: 0x0000000080000534 (0x00000013) addi zero, zero, 0x0
mem[X,0x0000000080000538] -> 0x0013
mem[X,0x000000008000053A] -> 0x0000
[311] [M]: 0x0000000080000538 (0x00000013) addi zero, zero, 0x0
mem[X,0x000000008000053C] -> 0x0013
mem[X,0x000000008000053E] -> 0x0000
[312] [M]: 0x000000008000053C (0x00000013) addi zero, zero, 0x0
mem[X,0x0000000080000540] -> 0x0597
mem[X,0x0000000080000542] -> 0x0000
[313] [M]: 0x0000000080000540 (0x00000597) auipc a1, 0x0
x11 <- 0x0000000080000540
mem[X,0x0000000080000544] -> 0x8593
mem[X,0x0000000080000546] -> 0x0145
[314] [M]: 0x0000000080000544 (0x01458593) addi a1, a1, 0x14
x11 <- 0x0000000080000554
mem[X,0x0000000080000548] -> 0x0013
mem[X,0x000000008000054A] -> 0x0000
[315] [M]: 0x0000000080000548 (0x00000013) addi zero, zero, 0x0
mem[X,0x000000008000054C] -> 0x0013
mem[X,0x000000008000054E] -> 0x0000
[316] [M]: 0x000000008000054C (0x00000013) addi zero, zero, 0x0
mem[X,0x0000000080000550] -> 0x0013
mem[X,0x0000000080000552] -> 0x0000
[317] [M]: 0x0000000080000550 (0x00000013) addi zero, zero, 0x0
mem[X,0x0000000080000554] -> 0x0013
mem[X,0x0000000080000556] -> 0x0000
[318] [M]: 0x0000000080000554 (0x00000013) addi zero, zero, 0x0
mem[X,0x0000000080000558] -> 0x0013
mem[X,0x000000008000055A] -> 0x0000
[319] [M]: 0x0000000080000558 (0x00000013) addi zero, zero, 0x0
mem[X,0x000000008000055C] -> 0x0013
mem[X,0x000000008000055E] -> 0x0000
[320] [M]: 0x000000008000055C (0x00000013) addi zero, zero, 0x0
mem[X,0x0000000080000560] -> 0x8F67
mem[X,0x0000000080000562] -> 0x0205
[321] [M]: 0x0000000080000560 (0x02058F67) jalr t5, 0x20(a1)
x30 <- 0x0000000080000564
mem[X,0x0000000080000574] -> 0x4F13
mem[X,0x0000000080000576] -> 0x003F
[322] [M]: 0x0000000080000574 (0x003F4F13) xori t5, t5, 0x3
x30 <- 0x0000000080000567
mem[X,0x0000000080000578] -> 0x006F
mem[X,0x000000008000057A] -> 0x0040
[323] [M]: 0x0000000080000578 (0x0040006F) jal zero, 0x4
mem[X,0x000000008000057C] -> 0x0013
mem[X,0x000000008000057E] -> 0x0000
[324] [M]: 0x000000008000057C (0x00000013) addi zero, zero, 0x0
mem[X,0x0000000080000580] -> 0x0417
mem[X,0x0000000080000582] -> 0x0000
[325] [M]: 0x0000000080000580 (0x00000417) auipc fp, 0x0
x8 <- 0x0000000080000580
mem[X,0x0000000080000584] -> 0x0413
mem[X,0x0000000080000586] -> 0xFAC4
[326] [M]: 0x0000000080000584 (0xFAC40413) addi fp, fp, -0x54
x8 <- 0x000000008000052C
mem[X,0x0000000080000588] -> 0x0013
mem[X,0x000000008000058A] -> 0x0000
[327] [M]: 0x0000000080000588 (0x00000013) addi zero, zero, 0x0
mem[X,0x000000008000058C] -> 0x0013
mem[X,0x000000008000058E] -> 0x0000
[328] [M]: 0x000000008000058C (0x00000013) addi zero, zero, 0x0
mem[X,0x0000000080000590] -> 0x0013
mem[X,0x0000000080000592] -> 0x0000
[329] [M]: 0x0000000080000590 (0x00000013) addi zero, zero, 0x0
mem[X,0x0000000080000594] -> 0x0013
mem[X,0x0000000080000596] -> 0x0000
[330] [M]: 0x0000000080000594 (0x00000013) addi zero, zero, 0x0
mem[X,0x0000000080000598] -> 0x0013
mem[X,0x000000008000059A] -> 0x0000
[331] [M]: 0x0000000080000598 (0x00000013) addi zero, zero, 0x0
mem[X,0x000000008000059C] -> 0x0013
mem[X,0x000000008000059E] -> 0x0000
[332] [M]: 0x000000008000059C (0x00000013) addi zero, zero, 0x0
mem[X,0x00000000800005A0] -> 0x7413
mem[X,0x00000000800005A2] -> 0xFFC4
[333] [M]: 0x00000000800005A0 (0xFFC47413) andi fp, fp, -0x4
x8 <- 0x000000008000052C
mem[X,0x00000000800005A4] -> 0x0F33
mem[X,0x00000000800005A6] -> 0x408F
[334] [M]: 0x00000000800005A4 (0x408F0F33) sub t5, t5, fp
x30 <- 0x000000000000003B
mem[X,0x00000000800005A8] -> 0x3C23
mem[X,0x00000000800005AA] -> 0x03E2
[335] [M]: 0x00000000800005A8 (0x03E23C23) sd t5, 0x38(tp)
mem[0x0000000080004150] <- 0x000000000000003B
mem[X,0x00000000800005AC] -> 0x0F97
mem[X,0x00000000800005AE] -> 0x0000
[336] [M]: 0x00000000800005AC (0x00000F97) auipc t6, 0x0
x31 <- 0x00000000800005AC
mem[X,0x00000000800005B0] -> 0x0013
mem[X,0x00000000800005B2] -> 0x0000
[337] [M]: 0x00000000800005B0 (0x00000013) addi zero, zero, 0x0
mem[X,0x00000000800005B4] -> 0x0013
mem[X,0x00000000800005B6] -> 0x0000
[338] [M]: 0x00000000800005B4 (0x00000013) addi zero, zero, 0x0
mem[X,0x00000000800005B8] -> 0x0013
mem[X,0x00000000800005BA] -> 0x0000
[339] [M]: 0x00000000800005B8 (0x00000013) addi zero, zero, 0x0
mem[X,0x00000000800005BC] -> 0x0013
mem[X,0x00000000800005BE] -> 0x0000
[340] [M]: 0x00000000800005BC (0x00000013) addi zero, zero, 0x0
mem[X,0x00000000800005C0] -> 0x0E97
mem[X,0x00000000800005C2] -> 0x0000
[341] [M]: 0x00000000800005C0 (0x00000E97) auipc t4, 0x0
x29 <- 0x00000000800005C0
mem[X,0x00000000800005C4] -> 0x8E93
mem[X,0x00000000800005C6] -> 0xFF4E
[342] [M]: 0x00000000800005C4 (0xFF4E8E93) addi t4, t4, -0xc
x29 <- 0x00000000800005B4
mem[X,0x00000000800005C8] -> 0x0013
mem[X,0x00000000800005CA] -> 0x0000
[343] [M]: 0x00000000800005C8 (0x00000013) addi zero, zero, 0x0
mem[X,0x00000000800005CC] -> 0x0013
mem[X,0x00000000800005CE] -> 0x0000
[344] [M]: 0x00000000800005CC (0x00000013) addi zero, zero, 0x0
mem[X,0x00000000800005D0] -> 0x0013
mem[X,0x00000000800005D2] -> 0x0000
[345] [M]: 0x00000000800005D0 (0x00000013) addi zero, zero, 0x0
mem[X,0x00000000800005D4] -> 0x0013
mem[X,0x00000000800005D6] -> 0x0000
[346] [M]: 0x00000000800005D4 (0x00000013) addi zero, zero, 0x0
mem[X,0x00000000800005D8] -> 0x0013
mem[X,0x00000000800005DA] -> 0x0000
[347] [M]: 0x00000000800005D8 (0x00000013) addi zero, zero, 0x0
mem[X,0x00000000800005DC] -> 0x0013
mem[X,0x00000000800005DE] -> 0x0000
[348] [M]: 0x00000000800005DC (0x00000013) addi zero, zero, 0x0
mem[X,0x00000000800005E0] -> 0x8FE7
mem[X,0x00000000800005E2] -> 0x040E
[349] [M]: 0x00000000800005E0 (0x040E8FE7) jalr t6, 0x40(t4)
x31 <- 0x00000000800005E4
mem[X,0x00000000800005F4] -> 0xCF93
mem[X,0x00000000800005F6] -> 0x003F
[350] [M]: 0x00000000800005F4 (0x003FCF93) xori t6, t6, 0x3
x31 <- 0x00000000800005E7
mem[X,0x00000000800005F8] -> 0x006F
mem[X,0x00000000800005FA] -> 0x0040
[351] [M]: 0x00000000800005F8 (0x0040006F) jal zero, 0x4
mem[X,0x00000000800005FC] -> 0x0013
mem[X,0x00000000800005FE] -> 0x0000
[352] [M]: 0x00000000800005FC (0x00000013) addi zero, zero, 0x0
mem[X,0x0000000080000600] -> 0x0417
mem[X,0x0000000080000602] -> 0x0000
[353] [M]: 0x0000000080000600 (0x00000417) auipc fp, 0x0
x8 <- 0x0000000080000600
mem[X,0x0000000080000604] -> 0x0413
mem[X,0x0000000080000606] -> 0xFAC4
[354] [M]: 0x0000000080000604 (0xFAC40413) addi fp, fp, -0x54
x8 <- 0x00000000800005AC
mem[X,0x0000000080000608] -> 0x0013
mem[X,0x000000008000060A] -> 0x0000
[355] [M]: 0x0000000080000608 (0x00000013) addi zero, zero, 0x0
mem[X,0x000000008000060C] -> 0x0013
mem[X,0x000000008000060E] -> 0x0000
[356] [M]: 0x000000008000060C (0x00000013) addi zero, zero, 0x0
mem[X,0x0000000080000610] -> 0x0013
mem[X,0x0000000080000612] -> 0x0000
[357] [M]: 0x0000000080000610 (0x00000013) addi zero, zero, 0x0
mem[X,0x0000000080000614] -> 0x0013
mem[X,0x0000000080000616] -> 0x0000
[358] [M]: 0x0000000080000614 (0x00000013) addi zero, zero, 0x0
mem[X,0x0000000080000618] -> 0x0013
mem[X,0x000000008000061A] -> 0x0000
[359] [M]: 0x0000000080000618 (0x00000013) addi zero, zero, 0x0
mem[X,0x000000008000061C] -> 0x0013
mem[X,0x000000008000061E] -> 0x0000
[360] [M]: 0x000000008000061C (0x00000013) addi zero, zero, 0x0
mem[X,0x0000000080000620] -> 0x7413
mem[X,0x0000000080000622] -> 0xFFC4
[361] [M]: 0x0000000080000620 (0xFFC47413) andi fp, fp, -0x4
x8 <- 0x00000000800005AC
mem[X,0x0000000080000624] -> 0x8FB3
mem[X,0x0000000080000626] -> 0x408F
[362] [M]: 0x0000000080000624 (0x408F8FB3) sub t6, t6, fp
x31 <- 0x000000000000003B
mem[X,0x0000000080000628] -> 0x3023
mem[X,0x000000008000062A] -> 0x05F2
[363] [M]: 0x0000000080000628 (0x05F23023) sd t6, 0x40(tp)
mem[0x0000000080004158] <- 0x000000000000003B
mem[X,0x000000008000062C] -> 0x0817
mem[X,0x000000008000062E] -> 0x0000
[364] [M]: 0x000000008000062C (0x00000817) auipc a6, 0x0
x16 <- 0x000000008000062C
mem[X,0x0000000080000630] -> 0x0013
mem[X,0x0000000080000632] -> 0x0000
[365] [M]: 0x0000000080000630 (0x00000013) addi zero, zero, 0x0
mem[X,0x0000000080000634] -> 0x0013
mem[X,0x0000000080000636] -> 0x0000
[366] [M]: 0x0000000080000634 (0x00000013) addi zero, zero, 0x0
mem[X,0x0000000080000638] -> 0x0013
mem[X,0x000000008000063A] -> 0x0000
[367] [M]: 0x0000000080000638 (0x00000013) addi zero, zero, 0x0
mem[X,0x000000008000063C] -> 0x0013
mem[X,0x000000008000063E] -> 0x0000
[368] [M]: 0x000000008000063C (0x00000013) addi zero, zero, 0x0
mem[X,0x0000000080000640] -> 0x0297
mem[X,0x0000000080000642] -> 0x0000
[369] [M]: 0x0000000080000640 (0x00000297) auipc t0, 0x0
x5 <- 0x0000000080000640
mem[X,0x0000000080000644] -> 0x8293
mem[X,0x0000000080000646] -> 0xFB42
[370] [M]: 0x0000000080000644 (0xFB428293) addi t0, t0, -0x4c
x5 <- 0x00000000800005F4
mem[X,0x0000000080000648] -> 0x0013
mem[X,0x000000008000064A] -> 0x0000
[371] [M]: 0x0000000080000648 (0x00000013) addi zero, zero, 0x0
mem[X,0x000000008000064C] -> 0x0013
mem[X,0x000000008000064E] -> 0x0000
[372] [M]: 0x000000008000064C (0x00000013) addi zero, zero, 0x0
mem[X,0x0000000080000650] -> 0x0013
mem[X,0x0000000080000652] -> 0x0000
[373] [M]: 0x0000000080000650 (0x00000013) addi zero, zero, 0x0
mem[X,0x0000000080000654] -> 0x0013
mem[X,0x0000000080000656] -> 0x0000
[374] [M]: 0x0000000080000654 (0x00000013) addi zero, zero, 0x0
mem[X,0x0000000080000658] -> 0x0013
mem[X,0x000000008000065A] -> 0x0000
[375] [M]: 0x0000000080000658 (0x00000013) addi zero, zero, 0x0
mem[X,0x000000008000065C] -> 0x0013
mem[X,0x000000008000065E] -> 0x0000
[376] [M]: 0x000000008000065C (0x00000013) addi zero, zero, 0x0
mem[X,0x0000000080000660] -> 0x8867
mem[X,0x0000000080000662] -> 0x0802
[377] [M]: 0x0000000080000660 (0x08028867) jalr a6, 0x80(t0)
x16 <- 0x0000000080000664
mem[X,0x0000000080000674] -> 0x4813
mem[X,0x0000000080000676] -> 0x0038
[378] [M]: 0x0000000080000674 (0x00384813) xori a6, a6, 0x3
x16 <- 0x0000000080000667
mem[X,0x0000000080000678] -> 0x006F
mem[X,0x000000008000067A] -> 0x0040
[379] [M]: 0x0000000080000678 (0x0040006F) jal zero, 0x4
mem[X,0x000000008000067C] -> 0x0013
mem[X,0x000000008000067E] -> 0x0000
[380] [M]: 0x000000008000067C (0x00000013) addi zero, zero, 0x0
mem[X,0x0000000080000680] -> 0x0417
mem[X,0x0000000080000682] -> 0x0000
[381] [M]: 0x0000000080000680 (0x00000417) auipc fp, 0x0
x8 <- 0x0000000080000680
mem[X,0x0000000080000684] -> 0x0413
mem[X,0x0000000080000686] -> 0xFAC4
[382] [M]: 0x0000000080000684 (0xFAC40413) addi fp, fp, -0x54
x8 <- 0x000000008000062C
mem[X,0x0000000080000688] -> 0x0013
mem[X,0x000000008000068A] -> 0x0000
[383] [M]: 0x0000000080000688 (0x00000013) addi zero, zero, 0x0
mem[X,0x000000008000068C] -> 0x0013
mem[X,0x000000008000068E] -> 0x0000
[384] [M]: 0x000000008000068C (0x00000013) addi zero, zero, 0x0
mem[X,0x0000000080000690] -> 0x0013
mem[X,0x0000000080000692] -> 0x0000
[385] [M]: 0x0000000080000690 (0x00000013) addi zero, zero, 0x0
mem[X,0x0000000080000694] -> 0x0013
mem[X,0x0000000080000696] -> 0x0000
[386] [M]: 0x0000000080000694 (0x00000013) addi zero, zero, 0x0
mem[X,0x0000000080000698] -> 0x0013
mem[X,0x000000008000069A] -> 0x0000
[387] [M]: 0x0000000080000698 (0x00000013) addi zero, zero, 0x0
mem[X,0x000000008000069C] -> 0x0013
mem[X,0x000000008000069E] -> 0x0000
[388] [M]: 0x000000008000069C (0x00000013) addi zero, zero, 0x0
mem[X,0x00000000800006A0] -> 0x7413
mem[X,0x00000000800006A2] -> 0xFFC4
[389] [M]: 0x00000000800006A0 (0xFFC47413) andi fp, fp, -0x4
x8 <- 0x000000008000062C
mem[X,0x00000000800006A4] -> 0x0833
mem[X,0x00000000800006A6] -> 0x4088
[390] [M]: 0x00000000800006A4 (0x40880833) sub a6, a6, fp
x16 <- 0x000000000000003B
mem[X,0x00000000800006A8] -> 0x3423
mem[X,0x00000000800006AA] -> 0x0502
[391] [M]: 0x00000000800006A8 (0x05023423) sd a6, 0x48(tp)
mem[0x0000000080004160] <- 0x000000000000003B
mem[X,0x00000000800006AC] -> 0x0E97
mem[X,0x00000000800006AE] -> 0x0000
[392] [M]: 0x00000000800006AC (0x00000E97) auipc t4, 0x0
x29 <- 0x00000000800006AC
mem[X,0x00000000800006B0] -> 0x0013
mem[X,0x00000000800006B2] -> 0x0000
[393] [M]: 0x00000000800006B0 (0x00000013) addi zero, zero, 0x0
mem[X,0x00000000800006B4] -> 0x0013
mem[X,0x00000000800006B6] -> 0x0000
[394] [M]: 0x00000000800006B4 (0x00000013) addi zero, zero, 0x0
mem[X,0x00000000800006B8] -> 0x0013
mem[X,0x00000000800006BA] -> 0x0000
[395] [M]: 0x00000000800006B8 (0x00000013) addi zero, zero, 0x0
mem[X,0x00000000800006BC] -> 0x0013
mem[X,0x00000000800006BE] -> 0x0000
[396] [M]: 0x00000000800006BC (0x00000013) addi zero, zero, 0x0
mem[X,0x00000000800006C0] -> 0x0E17
mem[X,0x00000000800006C2] -> 0x0000
[397] [M]: 0x00000000800006C0 (0x00000E17) auipc t3, 0x0
x28 <- 0x00000000800006C0
mem[X,0x00000000800006C4] -> 0x0E13
mem[X,0x00000000800006C6] -> 0xF34E
[398] [M]: 0x00000000800006C4 (0xF34E0E13) addi t3, t3, -0xcc
x28 <- 0x00000000800005F4
mem[X,0x00000000800006C8] -> 0x0013
mem[X,0x00000000800006CA] -> 0x0000
[399] [M]: 0x00000000800006C8 (0x00000013) addi zero, zero, 0x0
clint::tick mtime <- 0x0000000000000004
 clint timer pending at mtime 0x0000000000000004
htif::tick 0x0000000000000000
mem[X,0x00000000800006CC] -> 0x0013
mem[X,0x00000000800006CE] -> 0x0000
[400] [M]: 0x00000000800006CC (0x00000013) addi zero, zero, 0x0
mem[X,0x00000000800006D0] -> 0x0013
mem[X,0x00000000800006D2] -> 0x0000
[401] [M]: 0x00000000800006D0 (0x00000013) addi zero, zero, 0x0
mem[X,0x00000000800006D4] -> 0x0013
mem[X,0x00000000800006D6] -> 0x0000
[402] [M]: 0x00000000800006D4 (0x00000013) addi zero, zero, 0x0
mem[X,0x00000000800006D8] -> 0x0013
mem[X,0x00000000800006DA] -> 0x0000
[403] [M]: 0x00000000800006D8 (0x00000013) addi zero, zero, 0x0
mem[X,0x00000000800006DC] -> 0x0013
mem[X,0x00000000800006DE] -> 0x0000
[404] [M]: 0x00000000800006DC (0x00000013) addi zero, zero, 0x0
mem[X,0x00000000800006E0] -> 0x0EE7
mem[X,0x00000000800006E2] -> 0x100E
[405] [M]: 0x00000000800006E0 (0x100E0EE7) jalr t4, 0x100(t3)
x29 <- 0x00000000800006E4
mem[X,0x00000000800006F4] -> 0xCE93
mem[X,0x00000000800006F6] -> 0x003E
[406] [M]: 0x00000000800006F4 (0x003ECE93) xori t4, t4, 0x3
x29 <- 0x00000000800006E7
mem[X,0x00000000800006F8] -> 0x006F
mem[X,0x00000000800006FA] -> 0x0040
[407] [M]: 0x00000000800006F8 (0x0040006F) jal zero, 0x4
mem[X,0x00000000800006FC] -> 0x0013
mem[X,0x00000000800006FE] -> 0x0000
[408] [M]: 0x00000000800006FC (0x00000013) addi zero, zero, 0x0
mem[X,0x0000000080000700] -> 0x0417
mem[X,0x0000000080000702] -> 0x0000
[409] [M]: 0x0000000080000700 (0x00000417) auipc fp, 0x0
x8 <- 0x0000000080000700
mem[X,0x0000000080000704] -> 0x0413
mem[X,0x0000000080000706] -> 0xFAC4
[410] [M]: 0x0000000080000704 (0xFAC40413) addi fp, fp, -0x54
x8 <- 0x00000000800006AC
mem[X,0x0000000080000708] -> 0x0013
mem[X,0x000000008000070A] -> 0x0000
[411] [M]: 0x0000000080000708 (0x00000013) addi zero, zero, 0x0
mem[X,0x000000008000070C] -> 0x0013
mem[X,0x000000008000070E] -> 0x0000
[412] [M]: 0x000000008000070C (0x00000013) addi zero, zero, 0x0
mem[X,0x0000000080000710] -> 0x0013
mem[X,0x0000000080000712] -> 0x0000
[413] [M]: 0x0000000080000710 (0x00000013) addi zero, zero, 0x0
mem[X,0x0000000080000714] -> 0x0013
mem[X,0x0000000080000716] -> 0x0000
[414] [M]: 0x0000000080000714 (0x00000013) addi zero, zero, 0x0
mem[X,0x0000000080000718] -> 0x0013
mem[X,0x000000008000071A] -> 0x0000
[415] [M]: 0x0000000080000718 (0x00000013) addi zero, zero, 0x0
mem[X,0x000000008000071C] -> 0x0013
mem[X,0x000000008000071E] -> 0x0000
[416] [M]: 0x000000008000071C (0x00000013) addi zero, zero, 0x0
mem[X,0x0000000080000720] -> 0x7413
mem[X,0x0000000080000722] -> 0xFFC4
[417] [M]: 0x0000000080000720 (0xFFC47413) andi fp, fp, -0x4
x8 <- 0x00000000800006AC
mem[X,0x0000000080000724] -> 0x8EB3
mem[X,0x0000000080000726] -> 0x408E
[418] [M]: 0x0000000080000724 (0x408E8EB3) sub t4, t4, fp
x29 <- 0x000000000000003B
mem[X,0x0000000080000728] -> 0x3823
mem[X,0x000000008000072A] -> 0x05D2
[419] [M]: 0x0000000080000728 (0x05D23823) sd t4, 0x50(tp)
mem[0x0000000080004168] <- 0x000000000000003B
mem[X,0x000000008000072C] -> 0x0A17
mem[X,0x000000008000072E] -> 0x0000
[420] [M]: 0x000000008000072C (0x00000A17) auipc s4, 0x0
x20 <- 0x000000008000072C
mem[X,0x0000000080000730] -> 0x0013
mem[X,0x0000000080000732] -> 0x0000
[421] [M]: 0x0000000080000730 (0x00000013) addi zero, zero, 0x0
mem[X,0x0000000080000734] -> 0x0013
mem[X,0x0000000080000736] -> 0x0000
[422] [M]: 0x0000000080000734 (0x00000013) addi zero, zero, 0x0
mem[X,0x0000000080000738] -> 0x0013
mem[X,0x000000008000073A] -> 0x0000
[423] [M]: 0x0000000080000738 (0x00000013) addi zero, zero, 0x0
mem[X,0x000000008000073C] -> 0x0013
mem[X,0x000000008000073E] -> 0x0000
[424] [M]: 0x000000008000073C (0x00000013) addi zero, zero, 0x0
mem[X,0x0000000080000740] -> 0x0617
mem[X,0x0000000080000742] -> 0x0000
[425] [M]: 0x0000000080000740 (0x00000617) auipc a2, 0x0
x12 <- 0x0000000080000740
mem[X,0x0000000080000744] -> 0x0613
mem[X,0x0000000080000746] -> 0xE346
[426] [M]: 0x0000000080000744 (0xE3460613) addi a2, a2, -0x1cc
x12 <- 0x0000000080000574
mem[X,0x0000000080000748] -> 0x0013
mem[X,0x000000008000074A] -> 0x0000
[427] [M]: 0x0000000080000748 (0x00000013) addi zero, zero, 0x0
mem[X,0x000000008000074C] -> 0x0013
mem[X,0x000000008000074E] -> 0x0000
[428] [M]: 0x000000008000074C (0x00000013) addi zero, zero, 0x0
mem[X,0x0000000080000750] -> 0x0013
mem[X,0x0000000080000752] -> 0x0000
[429] [M]: 0x0000000080000750 (0x00000013) addi zero, zero, 0x0
mem[X,0x0000000080000754] -> 0x0013
mem[X,0x0000000080000756] -> 0x0000
[430] [M]: 0x0000000080000754 (0x00000013) addi zero, zero, 0x0
mem[X,0x0000000080000758] -> 0x0013
mem[X,0x000000008000075A] -> 0x0000
[431] [M]: 0x0000000080000758 (0x00000013) addi zero, zero, 0x0
mem[X,0x000000008000075C] -> 0x0013
mem[X,0x000000008000075E] -> 0x0000
[432] [M]: 0x000000008000075C (0x00000013) addi zero, zero, 0x0
mem[X,0x0000000080000760] -> 0x0A67
mem[X,0x0000000080000762] -> 0x2006
[433] [M]: 0x0000000080000760 (0x20060A67) jalr s4, 0x200(a2)
x20 <- 0x0000000080000764
mem[X,0x0000000080000774] -> 0x4A13
mem[X,0x0000000080000776] -> 0x003A
[434] [M]: 0x0000000080000774 (0x003A4A13) xori s4, s4, 0x3
x20 <- 0x0000000080000767
mem[X,0x0000000080000778] -> 0x006F
mem[X,0x000000008000077A] -> 0x0040
[435] [M]: 0x0000000080000778 (0x0040006F) jal zero, 0x4
mem[X,0x000000008000077C] -> 0x0013
mem[X,0x000000008000077E] -> 0x0000
[436] [M]: 0x000000008000077C (0x00000013) addi zero, zero, 0x0
mem[X,0x0000000080000780] -> 0x0417
mem[X,0x0000000080000782] -> 0x0000
[437] [M]: 0x0000000080000780 (0x00000417) auipc fp, 0x0
x8 <- 0x0000000080000780
mem[X,0x0000000080000784] -> 0x0413
mem[X,0x0000000080000786] -> 0xFAC4
[438] [M]: 0x0000000080000784 (0xFAC40413) addi fp, fp, -0x54
x8 <- 0x000000008000072C
mem[X,0x0000000080000788] -> 0x0013
mem[X,0x000000008000078A] -> 0x0000
[439] [M]: 0x0000000080000788 (0x00000013) addi zero, zero, 0x0
mem[X,0x000000008000078C] -> 0x0013
mem[X,0x000000008000078E] -> 0x0000
[440] [M]: 0x000000008000078C (0x00000013) addi zero, zero, 0x0
mem[X,0x0000000080000790] -> 0x0013
mem[X,0x0000000080000792] -> 0x0000
[441] [M]: 0x0000000080000790 (0x00000013) addi zero, zero, 0x0
mem[X,0x0000000080000794] -> 0x0013
mem[X,0x0000000080000796] -> 0x0000
[442] [M]: 0x0000000080000794 (0x00000013) addi zero, zero, 0x0
mem[X,0x0000000080000798] -> 0x0013
mem[X,0x000000008000079A] -> 0x0000
[443] [M]: 0x0000000080000798 (0x00000013) addi zero, zero, 0x0
mem[X,0x000000008000079C] -> 0x0013
mem[X,0x000000008000079E] -> 0x0000
[444] [M]: 0x000000008000079C (0x00000013) addi zero, zero, 0x0
mem[X,0x00000000800007A0] -> 0x7413
mem[X,0x00000000800007A2] -> 0xFFC4
[445] [M]: 0x00000000800007A0 (0xFFC47413) andi fp, fp, -0x4
x8 <- 0x000000008000072C
mem[X,0x00000000800007A4] -> 0x0A33
mem[X,0x00000000800007A6] -> 0x408A
[446] [M]: 0x00000000800007A4 (0x408A0A33) sub s4, s4, fp
x20 <- 0x000000000000003B
mem[X,0x00000000800007A8] -> 0x3C23
mem[X,0x00000000800007AA] -> 0x0542
[447] [M]: 0x00000000800007A8 (0x05423C23) sd s4, 0x58(tp)
mem[0x0000000080004170] <- 0x000000000000003B
mem[X,0x00000000800007AC] -> 0x0B17
mem[X,0x00000000800007AE] -> 0x0000
[448] [M]: 0x00000000800007AC (0x00000B17) auipc s6, 0x0
x22 <- 0x00000000800007AC
mem[X,0x00000000800007B0] -> 0x0013
mem[X,0x00000000800007B2] -> 0x0000
[449] [M]: 0x00000000800007B0 (0x00000013) addi zero, zero, 0x0
mem[X,0x00000000800007B4] -> 0x0013
mem[X,0x00000000800007B6] -> 0x0000
[450] [M]: 0x00000000800007B4 (0x00000013) addi zero, zero, 0x0
mem[X,0x00000000800007B8] -> 0x0013
mem[X,0x00000000800007BA] -> 0x0000
[451] [M]: 0x00000000800007B8 (0x00000013) addi zero, zero, 0x0
mem[X,0x00000000800007BC] -> 0x0013
mem[X,0x00000000800007BE] -> 0x0000
[452] [M]: 0x00000000800007BC (0x00000013) addi zero, zero, 0x0
mem[X,0x00000000800007C0] -> 0x0497
mem[X,0x00000000800007C2] -> 0x0000
[453] [M]: 0x00000000800007C0 (0x00000497) auipc s1, 0x0
x9 <- 0x00000000800007C0
mem[X,0x00000000800007C4] -> 0x8493
mem[X,0x00000000800007C6] -> 0xC344
[454] [M]: 0x00000000800007C4 (0xC3448493) addi s1, s1, -0x3cc
x9 <- 0x00000000800003F4
mem[X,0x00000000800007C8] -> 0x0013
mem[X,0x00000000800007CA] -> 0x0000
[455] [M]: 0x00000000800007C8 (0x00000013) addi zero, zero, 0x0
mem[X,0x00000000800007CC] -> 0x0013
mem[X,0x00000000800007CE] -> 0x0000
[456] [M]: 0x00000000800007CC (0x00000013) addi zero, zero, 0x0
mem[X,0x00000000800007D0] -> 0x0013
mem[X,0x00000000800007D2] -> 0x0000
[457] [M]: 0x00000000800007D0 (0x00000013) addi zero, zero, 0x0
mem[X,0x00000000800007D4] -> 0x0013
mem[X,0x00000000800007D6] -> 0x0000
[458] [M]: 0x00000000800007D4 (0x00000013) addi zero, zero, 0x0
mem[X,0x00000000800007D8] -> 0x0013
mem[X,0x00000000800007DA] -> 0x0000
[459] [M]: 0x00000000800007D8 (0x00000013) addi zero, zero, 0x0
mem[X,0x00000000800007DC] -> 0x0013
mem[X,0x00000000800007DE] -> 0x0000
[460] [M]: 0x00000000800007DC (0x00000013) addi zero, zero, 0x0
mem[X,0x00000000800007E0] -> 0x8B67
mem[X,0x00000000800007E2] -> 0x4004
[461] [M]: 0x00000000800007E0 (0x40048B67) jalr s6, 0x400(s1)
x22 <- 0x00000000800007E4
mem[X,0x00000000800007F4] -> 0x4B13
mem[X,0x00000000800007F6] -> 0x003B
[462] [M]: 0x00000000800007F4 (0x003B4B13) xori s6, s6, 0x3
x22 <- 0x00000000800007E7
mem[X,0x00000000800007F8] -> 0x006F
mem[X,0x00000000800007FA] -> 0x0040
[463] [M]: 0x00000000800007F8 (0x0040006F) jal zero, 0x4
mem[X,0x00000000800007FC] -> 0x0013
mem[X,0x00000000800007FE] -> 0x0000
[464] [M]: 0x00000000800007FC (0x00000013) addi zero, zero, 0x0
mem[X,0x0000000080000800] -> 0x0417
mem[X,0x0000000080000802] -> 0x0000
[465] [M]: 0x0000000080000800 (0x00000417) auipc fp, 0x0
x8 <- 0x0000000080000800
mem[X,0x0000000080000804] -> 0x0413
mem[X,0x0000000080000806] -> 0xFAC4
[466] [M]: 0x0000000080000804 (0xFAC40413) addi fp, fp, -0x54
x8 <- 0x00000000800007AC
mem[X,0x0000000080000808] -> 0x0013
mem[X,0x000000008000080A] -> 0x0000
[467] [M]: 0x0000000080000808 (0x00000013) addi zero, zero, 0x0
mem[X,0x000000008000080C] -> 0x0013
mem[X,0x000000008000080E] -> 0x0000
[468] [M]: 0x000000008000080C (0x00000013) addi zero, zero, 0x0
mem[X,0x0000000080000810] -> 0x0013
mem[X,0x0000000080000812] -> 0x0000
[469] [M]: 0x0000000080000810 (0x00000013) addi zero, zero, 0x0
mem[X,0x0000000080000814] -> 0x0013
mem[X,0x0000000080000816] -> 0x0000
[470] [M]: 0x0000000080000814 (0x00000013) addi zero, zero, 0x0
mem[X,0x0000000080000818] -> 0x0013
mem[X,0x000000008000081A] -> 0x0000
[471] [M]: 0x0000000080000818 (0x00000013) addi zero, zero, 0x0
mem[X,0x000000008000081C] -> 0x0013
mem[X,0x000000008000081E] -> 0x0000
[472] [M]: 0x000000008000081C (0x00000013) addi zero, zero, 0x0
mem[X,0x0000000080000820] -> 0x7413
mem[X,0x0000000080000822] -> 0xFFC4
[473] [M]: 0x0000000080000820 (0xFFC47413) andi fp, fp, -0x4
x8 <- 0x00000000800007AC
mem[X,0x0000000080000824] -> 0x0B33
mem[X,0x0000000080000826] -> 0x408B
[474] [M]: 0x0000000080000824 (0x408B0B33) sub s6, s6, fp
x22 <- 0x000000000000003B
mem[X,0x0000000080000828] -> 0x3023
mem[X,0x000000008000082A] -> 0x0762
[475] [M]: 0x0000000080000828 (0x07623023) sd s6, 0x60(tp)
mem[0x0000000080004178] <- 0x000000000000003B
mem[X,0x000000008000082C] -> 0x0317
mem[X,0x000000008000082E] -> 0x0000
[476] [M]: 0x000000008000082C (0x00000317) auipc t1, 0x0
x6 <- 0x000000008000082C
mem[X,0x0000000080000830] -> 0x0013
mem[X,0x0000000080000832] -> 0x0000
[477] [M]: 0x0000000080000830 (0x00000013) addi zero, zero, 0x0
mem[X,0x0000000080000834] -> 0x0013
mem[X,0x0000000080000836] -> 0x0000
[478] [M]: 0x0000000080000834 (0x00000013) addi zero, zero, 0x0
mem[X,0x0000000080000838] -> 0x0013
mem[X,0x000000008000083A] -> 0x0000
[479] [M]: 0x0000000080000838 (0x00000013) addi zero, zero, 0x0
mem[X,0x000000008000083C] -> 0x0013
mem[X,0x000000008000083E] -> 0x0000
[480] [M]: 0x000000008000083C (0x00000013) addi zero, zero, 0x0
mem[X,0x0000000080000840] -> 0x1697
mem[X,0x0000000080000842] -> 0x0000
[481] [M]: 0x0000000080000840 (0x00001697) auipc a3, 0x1
x13 <- 0x0000000080001840
mem[X,0x0000000080000844] -> 0x8693
mem[X,0x0000000080000846] -> 0x8346
[482] [M]: 0x0000000080000844 (0x83468693) addi a3, a3, -0x7cc
x13 <- 0x0000000080001074
mem[X,0x0000000080000848] -> 0x0013
mem[X,0x000000008000084A] -> 0x0000
[483] [M]: 0x0000000080000848 (0x00000013) addi zero, zero, 0x0
mem[X,0x000000008000084C] -> 0x0013
mem[X,0x000000008000084E] -> 0x0000
[484] [M]: 0x000000008000084C (0x00000013) addi zero, zero, 0x0
mem[X,0x0000000080000850] -> 0x0013
mem[X,0x0000000080000852] -> 0x0000
[485] [M]: 0x0000000080000850 (0x00000013) addi zero, zero, 0x0
mem[X,0x0000000080000854] -> 0x0013
mem[X,0x0000000080000856] -> 0x0000
[486] [M]: 0x0000000080000854 (0x00000013) addi zero, zero, 0x0
mem[X,0x0000000080000858] -> 0x0013
mem[X,0x000000008000085A] -> 0x0000
[487] [M]: 0x0000000080000858 (0x00000013) addi zero, zero, 0x0
mem[X,0x000000008000085C] -> 0x0013
mem[X,0x000000008000085E] -> 0x0000
[488] [M]: 0x000000008000085C (0x00000013) addi zero, zero, 0x0
mem[X,0x0000000080000860] -> 0x8367
mem[X,0x0000000080000862] -> 0x8006
[489] [M]: 0x0000000080000860 (0x80068367) jalr t1, -0x800(a3)
x6 <- 0x0000000080000864
mem[X,0x0000000080000874] -> 0x4313
mem[X,0x0000000080000876] -> 0x0033
[490] [M]: 0x0000000080000874 (0x00334313) xori t1, t1, 0x3
x6 <- 0x0000000080000867
mem[X,0x0000000080000878] -> 0x006F
mem[X,0x000000008000087A] -> 0x0040
[491] [M]: 0x0000000080000878 (0x0040006F) jal zero, 0x4
mem[X,0x000000008000087C] -> 0x0013
mem[X,0x000000008000087E] -> 0x0000
[492] [M]: 0x000000008000087C (0x00000013) addi zero, zero, 0x0
mem[X,0x0000000080000880] -> 0x0417
mem[X,0x0000000080000882] -> 0x0000
[493] [M]: 0x0000000080000880 (0x00000417) auipc fp, 0x0
x8 <- 0x0000000080000880
mem[X,0x0000000080000884] -> 0x0413
mem[X,0x0000000080000886] -> 0xFAC4
[494] [M]: 0x0000000080000884 (0xFAC40413) addi fp, fp, -0x54
x8 <- 0x000000008000082C
mem[X,0x0000000080000888] -> 0x0013
mem[X,0x000000008000088A] -> 0x0000
[495] [M]: 0x0000000080000888 (0x00000013) addi zero, zero, 0x0
mem[X,0x000000008000088C] -> 0x0013
mem[X,0x000000008000088E] -> 0x0000
[496] [M]: 0x000000008000088C (0x00000013) addi zero, zero, 0x0
mem[X,0x0000000080000890] -> 0x0013
mem[X,0x0000000080000892] -> 0x0000
[497] [M]: 0x0000000080000890 (0x00000013) addi zero, zero, 0x0
mem[X,0x0000000080000894] -> 0x0013
mem[X,0x0000000080000896] -> 0x0000
[498] [M]: 0x0000000080000894 (0x00000013) addi zero, zero, 0x0
mem[X,0x0000000080000898] -> 0x0013
mem[X,0x000000008000089A] -> 0x0000
[499] [M]: 0x0000000080000898 (0x00000013) addi zero, zero, 0x0
clint::tick mtime <- 0x0000000000000005
 clint timer pending at mtime 0x0000000000000005
htif::tick 0x0000000000000000
mem[X,0x000000008000089C] -> 0x0013
mem[X,0x000000008000089E] -> 0x0000
[500] [M]: 0x000000008000089C (0x00000013) addi zero, zero, 0x0
mem[X,0x00000000800008A0] -> 0x7413
mem[X,0x00000000800008A2] -> 0xFFC4
[501] [M]: 0x00000000800008A0 (0xFFC47413) andi fp, fp, -0x4
x8 <- 0x000000008000082C
mem[X,0x00000000800008A4] -> 0x0333
mem[X,0x00000000800008A6] -> 0x4083
[502] [M]: 0x00000000800008A4 (0x40830333) sub t1, t1, fp
x6 <- 0x000000000000003B
mem[X,0x00000000800008A8] -> 0x3423
mem[X,0x00000000800008AA] -> 0x0662
[503] [M]: 0x00000000800008A8 (0x06623423) sd t1, 0x68(tp)
mem[0x0000000080004180] <- 0x000000000000003B
mem[X,0x00000000800008AC] -> 0x0997
mem[X,0x00000000800008AE] -> 0x0000
[504] [M]: 0x00000000800008AC (0x00000997) auipc s3, 0x0
x19 <- 0x00000000800008AC
mem[X,0x00000000800008B0] -> 0x0013
mem[X,0x00000000800008B2] -> 0x0000
[505] [M]: 0x00000000800008B0 (0x00000013) addi zero, zero, 0x0
mem[X,0x00000000800008B4] -> 0x0013
mem[X,0x00000000800008B6] -> 0x0000
[506] [M]: 0x00000000800008B4 (0x00000013) addi zero, zero, 0x0
mem[X,0x00000000800008B8] -> 0x0013
mem[X,0x00000000800008BA] -> 0x0000
[507] [M]: 0x00000000800008B8 (0x00000013) addi zero, zero, 0x0
mem[X,0x00000000800008BC] -> 0x0013
mem[X,0x00000000800008BE] -> 0x0000
[508] [M]: 0x00000000800008BC (0x00000013) addi zero, zero, 0x0
mem[X,0x00000000800008C0] -> 0x0D97
mem[X,0x00000000800008C2] -> 0x0000
[509] [M]: 0x00000000800008C0 (0x00000D97) auipc s11, 0x0
x27 <- 0x00000000800008C0
mem[X,0x00000000800008C4] -> 0x8D93
mem[X,0x00000000800008C6] -> 0x036D
[510] [M]: 0x00000000800008C4 (0x036D8D93) addi s11, s11, 0x36
x27 <- 0x00000000800008F6
mem[X,0x00000000800008C8] -> 0x0013
mem[X,0x00000000800008CA] -> 0x0000
[511] [M]: 0x00000000800008C8 (0x00000013) addi zero, zero, 0x0
mem[X,0x00000000800008CC] -> 0x0013
mem[X,0x00000000800008CE] -> 0x0000
[512] [M]: 0x00000000800008CC (0x00000013) addi zero, zero, 0x0
mem[X,0x00000000800008D0] -> 0x0013
mem[X,0x00000000800008D2] -> 0x0000
[513] [M]: 0x00000000800008D0 (0x00000013) addi zero, zero, 0x0
mem[X,0x00000000800008D4] -> 0x0013
mem[X,0x00000000800008D6] -> 0x0000
[514] [M]: 0x00000000800008D4 (0x00000013) addi zero, zero, 0x0
mem[X,0x00000000800008D8] -> 0x0013
mem[X,0x00000000800008DA] -> 0x0000
[515] [M]: 0x00000000800008D8 (0x00000013) addi zero, zero, 0x0
mem[X,0x00000000800008DC] -> 0x0013
mem[X,0x00000000800008DE] -> 0x0000
[516] [M]: 0x00000000800008DC (0x00000013) addi zero, zero, 0x0
mem[X,0x00000000800008E0] -> 0x89E7
mem[X,0x00000000800008E2] -> 0xFFED
[517] [M]: 0x00000000800008E0 (0xFFED89E7) jalr s3, -0x2(s11)
x19 <- 0x00000000800008E4
mem[X,0x00000000800008F4] -> 0xC993
mem[X,0x00000000800008F6] -> 0x0039
[518] [M]: 0x00000000800008F4 (0x0039C993) xori s3, s3, 0x3
x19 <- 0x00000000800008E7
mem[X,0x00000000800008F8] -> 0x006F
mem[X,0x00000000800008FA] -> 0x0040
[519] [M]: 0x00000000800008F8 (0x0040006F) jal zero, 0x4
mem[X,0x00000000800008FC] -> 0x0013
mem[X,0x00000000800008FE] -> 0x0000
[520] [M]: 0x00000000800008FC (0x00000013) addi zero, zero, 0x0
mem[X,0x0000000080000900] -> 0x0417
mem[X,0x0000000080000902] -> 0x0000
[521] [M]: 0x0000000080000900 (0x00000417) auipc fp, 0x0
x8 <- 0x0000000080000900
mem[X,0x0000000080000904] -> 0x0413
mem[X,0x0000000080000906] -> 0xFAC4
[522] [M]: 0x0000000080000904 (0xFAC40413) addi fp, fp, -0x54
x8 <- 0x00000000800008AC
mem[X,0x0000000080000908] -> 0x0013
mem[X,0x000000008000090A] -> 0x0000
[523] [M]: 0x0000000080000908 (0x00000013) addi zero, zero, 0x0
mem[X,0x000000008000090C] -> 0x0013
mem[X,0x000000008000090E] -> 0x0000
[524] [M]: 0x000000008000090C (0x00000013) addi zero, zero, 0x0
mem[X,0x0000000080000910] -> 0x0013
mem[X,0x0000000080000912] -> 0x0000
[525] [M]: 0x0000000080000910 (0x00000013) addi zero, zero, 0x0
mem[X,0x0000000080000914] -> 0x0013
mem[X,0x0000000080000916] -> 0x0000
[526] [M]: 0x0000000080000914 (0x00000013) addi zero, zero, 0x0
mem[X,0x0000000080000918] -> 0x0013
mem[X,0x000000008000091A] -> 0x0000
[527] [M]: 0x0000000080000918 (0x00000013) addi zero, zero, 0x0
mem[X,0x000000008000091C] -> 0x0013
mem[X,0x000000008000091E] -> 0x0000
[528] [M]: 0x000000008000091C (0x00000013) addi zero, zero, 0x0
mem[X,0x0000000080000920] -> 0x7413
mem[X,0x0000000080000922] -> 0xFFC4
[529] [M]: 0x0000000080000920 (0xFFC47413) andi fp, fp, -0x4
x8 <- 0x00000000800008AC
mem[X,0x0000000080000924] -> 0x89B3
mem[X,0x0000000080000926] -> 0x4089
[530] [M]: 0x0000000080000924 (0x408989B3) sub s3, s3, fp
x19 <- 0x000000000000003B
mem[X,0x0000000080000928] -> 0x3823
mem[X,0x000000008000092A] -> 0x0732
[531] [M]: 0x0000000080000928 (0x07323823) sd s3, 0x70(tp)
mem[0x0000000080004188] <- 0x000000000000003B
mem[X,0x000000008000092C] -> 0x0897
mem[X,0x000000008000092E] -> 0x0000
[532] [M]: 0x000000008000092C (0x00000897) auipc a7, 0x0
x17 <- 0x000000008000092C
mem[X,0x0000000080000930] -> 0x0013
mem[X,0x0000000080000932] -> 0x0000
[533] [M]: 0x0000000080000930 (0x00000013) addi zero, zero, 0x0
mem[X,0x0000000080000934] -> 0x0013
mem[X,0x0000000080000936] -> 0x0000
[534] [M]: 0x0000000080000934 (0x00000013) addi zero, zero, 0x0
mem[X,0x0000000080000938] -> 0x0013
mem[X,0x000000008000093A] -> 0x0000
[535] [M]: 0x0000000080000938 (0x00000013) addi zero, zero, 0x0
mem[X,0x000000008000093C] -> 0x0013
mem[X,0x000000008000093E] -> 0x0000
[536] [M]: 0x000000008000093C (0x00000013) addi zero, zero, 0x0
mem[X,0x0000000080000940] -> 0x0317
mem[X,0x0000000080000942] -> 0x0000
[537] [M]: 0x0000000080000940 (0x00000317) auipc t1, 0x0
x6 <- 0x0000000080000940
mem[X,0x0000000080000944] -> 0x0313
mem[X,0x0000000080000946] -> 0x0373
[538] [M]: 0x0000000080000944 (0x03730313) addi t1, t1, 0x37
x6 <- 0x0000000080000977
mem[X,0x0000000080000948] -> 0x0013
mem[X,0x000000008000094A] -> 0x0000
[539] [M]: 0x0000000080000948 (0x00000013) addi zero, zero, 0x0
mem[X,0x000000008000094C] -> 0x0013
mem[X,0x000000008000094E] -> 0x0000
[540] [M]: 0x000000008000094C (0x00000013) addi zero, zero, 0x0
mem[X,0x0000000080000950] -> 0x0013
mem[X,0x0000000080000952] -> 0x0000
[541] [M]: 0x0000000080000950 (0x00000013) addi zero, zero, 0x0
mem[X,0x0000000080000954] -> 0x0013
mem[X,0x0000000080000956] -> 0x0000
[542] [M]: 0x0000000080000954 (0x00000013) addi zero, zero, 0x0
mem[X,0x0000000080000958] -> 0x0013
mem[X,0x000000008000095A] -> 0x0000
[543] [M]: 0x0000000080000958 (0x00000013) addi zero, zero, 0x0
mem[X,0x000000008000095C] -> 0x0013
mem[X,0x000000008000095E] -> 0x0000
[544] [M]: 0x000000008000095C (0x00000013) addi zero, zero, 0x0
mem[X,0x0000000080000960] -> 0x08E7
mem[X,0x0000000080000962] -> 0xFFD3
[545] [M]: 0x0000000080000960 (0xFFD308E7) jalr a7, -0x3(t1)
x17 <- 0x0000000080000964
mem[X,0x0000000080000974] -> 0xC893
mem[X,0x0000000080000976] -> 0x0038
[546] [M]: 0x0000000080000974 (0x0038C893) xori a7, a7, 0x3
x17 <- 0x0000000080000967
mem[X,0x0000000080000978] -> 0x006F
mem[X,0x000000008000097A] -> 0x0040
[547] [M]: 0x0000000080000978 (0x0040006F) jal zero, 0x4
mem[X,0x000000008000097C] -> 0x0013
mem[X,0x000000008000097E] -> 0x0000
[548] [M]: 0x000000008000097C (0x00000013) addi zero, zero, 0x0
mem[X,0x0000000080000980] -> 0x0417
mem[X,0x0000000080000982] -> 0x0000
[549] [M]: 0x0000000080000980 (0x00000417) auipc fp, 0x0
x8 <- 0x0000000080000980
mem[X,0x0000000080000984] -> 0x0413
mem[X,0x0000000080000986] -> 0xFAC4
[550] [M]: 0x0000000080000984 (0xFAC40413) addi fp, fp, -0x54
x8 <- 0x000000008000092C
mem[X,0x0000000080000988] -> 0x0013
mem[X,0x000000008000098A] -> 0x0000
[551] [M]: 0x0000000080000988 (0x00000013) addi zero, zero, 0x0
mem[X,0x000000008000098C] -> 0x0013
mem[X,0x000000008000098E] -> 0x0000
[552] [M]: 0x000000008000098C (0x00000013) addi zero, zero, 0x0
mem[X,0x0000000080000990] -> 0x0013
mem[X,0x0000000080000992] -> 0x0000
[553] [M]: 0x0000000080000990 (0x00000013) addi zero, zero, 0x0
mem[X,0x0000000080000994] -> 0x0013
mem[X,0x0000000080000996] -> 0x0000
[554] [M]: 0x0000000080000994 (0x00000013) addi zero, zero, 0x0
mem[X,0x0000000080000998] -> 0x0013
mem[X,0x000000008000099A] -> 0x0000
[555] [M]: 0x0000000080000998 (0x00000013) addi zero, zero, 0x0
mem[X,0x000000008000099C] -> 0x0013
mem[X,0x000000008000099E] -> 0x0000
[556] [M]: 0x000000008000099C (0x00000013) addi zero, zero, 0x0
mem[X,0x00000000800009A0] -> 0x7413
mem[X,0x00000000800009A2] -> 0xFFC4
[557] [M]: 0x00000000800009A0 (0xFFC47413) andi fp, fp, -0x4
x8 <- 0x000000008000092C
mem[X,0x00000000800009A4] -> 0x88B3
mem[X,0x00000000800009A6] -> 0x4088
[558] [M]: 0x00000000800009A4 (0x408888B3) sub a7, a7, fp
x17 <- 0x000000000000003B
mem[X,0x00000000800009A8] -> 0x3C23
mem[X,0x00000000800009AA] -> 0x0712
[559] [M]: 0x00000000800009A8 (0x07123C23) sd a7, 0x78(tp)
mem[0x0000000080004190] <- 0x000000000000003B
mem[X,0x00000000800009AC] -> 0x0D17
mem[X,0x00000000800009AE] -> 0x0000
[560] [M]: 0x00000000800009AC (0x00000D17) auipc s10, 0x0
x26 <- 0x00000000800009AC
mem[X,0x00000000800009B0] -> 0x0013
mem[X,0x00000000800009B2] -> 0x0000
[561] [M]: 0x00000000800009B0 (0x00000013) addi zero, zero, 0x0
mem[X,0x00000000800009B4] -> 0x0013
mem[X,0x00000000800009B6] -> 0x0000
[562] [M]: 0x00000000800009B4 (0x00000013) addi zero, zero, 0x0
mem[X,0x00000000800009B8] -> 0x0013
mem[X,0x00000000800009BA] -> 0x0000
[563] [M]: 0x00000000800009B8 (0x00000013) addi zero, zero, 0x0
mem[X,0x00000000800009BC] -> 0x0013
mem[X,0x00000000800009BE] -> 0x0000
[564] [M]: 0x00000000800009BC (0x00000013) addi zero, zero, 0x0
mem[X,0x00000000800009C0] -> 0x0097
mem[X,0x00000000800009C2] -> 0x0000
[565] [M]: 0x00000000800009C0 (0x00000097) auipc ra, 0x0
x1 <- 0x00000000800009C0
mem[X,0x00000000800009C4] -> 0x8093
mem[X,0x00000000800009C6] -> 0x0390
[566] [M]: 0x00000000800009C4 (0x03908093) addi ra, ra, 0x39
x1 <- 0x00000000800009F9
mem[X,0x00000000800009C8] -> 0x0013
mem[X,0x00000000800009CA] -> 0x0000
[567] [M]: 0x00000000800009C8 (0x00000013) addi zero, zero, 0x0
mem[X,0x00000000800009CC] -> 0x0013
mem[X,0x00000000800009CE] -> 0x0000
[568] [M]: 0x00000000800009CC (0x00000013) addi zero, zero, 0x0
mem[X,0x00000000800009D0] -> 0x0013
mem[X,0x00000000800009D2] -> 0x0000
[569] [M]: 0x00000000800009D0 (0x00000013) addi zero, zero, 0x0
mem[X,0x00000000800009D4] -> 0x0013
mem[X,0x00000000800009D6] -> 0x0000
[570] [M]: 0x00000000800009D4 (0x00000013) addi zero, zero, 0x0
mem[X,0x00000000800009D8] -> 0x0013
mem[X,0x00000000800009DA] -> 0x0000
[571] [M]: 0x00000000800009D8 (0x00000013) addi zero, zero, 0x0
mem[X,0x00000000800009DC] -> 0x0013
mem[X,0x00000000800009DE] -> 0x0000
[572] [M]: 0x00000000800009DC (0x00000013) addi zero, zero, 0x0
mem[X,0x00000000800009E0] -> 0x8D67
mem[X,0x00000000800009E2] -> 0xFFB0
[573] [M]: 0x00000000800009E0 (0xFFB08D67) jalr s10, -0x5(ra)
x26 <- 0x00000000800009E4
mem[X,0x00000000800009F4] -> 0x4D13
mem[X,0x00000000800009F6] -> 0x003D
[574] [M]: 0x00000000800009F4 (0x003D4D13) xori s10, s10, 0x3
x26 <- 0x00000000800009E7
mem[X,0x00000000800009F8] -> 0x006F
mem[X,0x00000000800009FA] -> 0x0040
[575] [M]: 0x00000000800009F8 (0x0040006F) jal zero, 0x4
mem[X,0x00000000800009FC] -> 0x0013
mem[X,0x00000000800009FE] -> 0x0000
[576] [M]: 0x00000000800009FC (0x00000013) addi zero, zero, 0x0
mem[X,0x0000000080000A00] -> 0x0417
mem[X,0x0000000080000A02] -> 0x0000
[577] [M]: 0x0000000080000A00 (0x00000417) auipc fp, 0x0
x8 <- 0x0000000080000A00
mem[X,0x0000000080000A04] -> 0x0413
mem[X,0x0000000080000A06] -> 0xFAC4
[578] [M]: 0x0000000080000A04 (0xFAC40413) addi fp, fp, -0x54
x8 <- 0x00000000800009AC
mem[X,0x0000000080000A08] -> 0x0013
mem[X,0x0000000080000A0A] -> 0x0000
[579] [M]: 0x0000000080000A08 (0x00000013) addi zero, zero, 0x0
mem[X,0x0000000080000A0C] -> 0x0013
mem[X,0x0000000080000A0E] -> 0x0000
[580] [M]: 0x0000000080000A0C (0x00000013) addi zero, zero, 0x0
mem[X,0x0000000080000A10] -> 0x0013
mem[X,0x0000000080000A12] -> 0x0000
[581] [M]: 0x0000000080000A10 (0x00000013) addi zero, zero, 0x0
mem[X,0x0000000080000A14] -> 0x0013
mem[X,0x0000000080000A16] -> 0x0000
[582] [M]: 0x0000000080000A14 (0x00000013) addi zero, zero, 0x0
mem[X,0x0000000080000A18] -> 0x0013
mem[X,0x0000000080000A1A] -> 0x0000
[583] [M]: 0x0000000080000A18 (0x00000013) addi zero, zero, 0x0
mem[X,0x0000000080000A1C] -> 0x0013
mem[X,0x0000000080000A1E] -> 0x0000
[584] [M]: 0x0000000080000A1C (0x00000013) addi zero, zero, 0x0
mem[X,0x0000000080000A20] -> 0x7413
mem[X,0x0000000080000A22] -> 0xFFC4
[585] [M]: 0x0000000080000A20 (0xFFC47413) andi fp, fp, -0x4
x8 <- 0x00000000800009AC
mem[X,0x0000000080000A24] -> 0x0D33
mem[X,0x0000000080000A26] -> 0x408D
[586] [M]: 0x0000000080000A24 (0x408D0D33) sub s10, s10, fp
x26 <- 0x000000000000003B
mem[X,0x0000000080000A28] -> 0x3023
mem[X,0x0000000080000A2A] -> 0x09A2
[587] [M]: 0x0000000080000A28 (0x09A23023) sd s10, 0x80(tp)
mem[0x0000000080004198] <- 0x000000000000003B
mem[X,0x0000000080000A2C] -> 0x0417
mem[X,0x0000000080000A2E] -> 0x0000
[588] [M]: 0x0000000080000A2C (0x00000417) auipc fp, 0x0
x8 <- 0x0000000080000A2C
mem[X,0x0000000080000A30] -> 0x0013
mem[X,0x0000000080000A32] -> 0x0000
[589] [M]: 0x0000000080000A30 (0x00000013) addi zero, zero, 0x0
mem[X,0x0000000080000A34] -> 0x0013
mem[X,0x0000000080000A36] -> 0x0000
[590] [M]: 0x0000000080000A34 (0x00000013) addi zero, zero, 0x0
mem[X,0x0000000080000A38] -> 0x0013
mem[X,0x0000000080000A3A] -> 0x0000
[591] [M]: 0x0000000080000A38 (0x00000013) addi zero, zero, 0x0
mem[X,0x0000000080000A3C] -> 0x0013
mem[X,0x0000000080000A3E] -> 0x0000
[592] [M]: 0x0000000080000A3C (0x00000013) addi zero, zero, 0x0
mem[X,0x0000000080000A40] -> 0x0517
mem[X,0x0000000080000A42] -> 0x0000
[593] [M]: 0x0000000080000A40 (0x00000517) auipc a0, 0x0
x10 <- 0x0000000080000A40
mem[X,0x0000000080000A44] -> 0x0513
mem[X,0x0000000080000A46] -> 0x03D5
[594] [M]: 0x0000000080000A44 (0x03D50513) addi a0, a0, 0x3d
x10 <- 0x0000000080000A7D
mem[X,0x0000000080000A48] -> 0x0013
mem[X,0x0000000080000A4A] -> 0x0000
[595] [M]: 0x0000000080000A48 (0x00000013) addi zero, zero, 0x0
mem[X,0x0000000080000A4C] -> 0x0013
mem[X,0x0000000080000A4E] -> 0x0000
[596] [M]: 0x0000000080000A4C (0x00000013) addi zero, zero, 0x0
mem[X,0x0000000080000A50] -> 0x0013
mem[X,0x0000000080000A52] -> 0x0000
[597] [M]: 0x0000000080000A50 (0x00000013) addi zero, zero, 0x0
mem[X,0x0000000080000A54] -> 0x0013
mem[X,0x0000000080000A56] -> 0x0000
[598] [M]: 0x0000000080000A54 (0x00000013) addi zero, zero, 0x0
mem[X,0x0000000080000A58] -> 0x0013
mem[X,0x0000000080000A5A] -> 0x0000
[599] [M]: 0x0000000080000A58 (0x00000013) addi zero, zero, 0x0
clint::tick mtime <- 0x0000000000000006
 clint timer pending at mtime 0x0000000000000006
htif::tick 0x0000000000000000
mem[X,0x0000000080000A5C] -> 0x0013
mem[X,0x0000000080000A5E] -> 0x0000
[600] [M]: 0x0000000080000A5C (0x00000013) addi zero, zero, 0x0
mem[X,0x0000000080000A60] -> 0x0467
mem[X,0x0000000080000A62] -> 0xFF75
[601] [M]: 0x0000000080000A60 (0xFF750467) jalr fp, -0x9(a0)
x8 <- 0x0000000080000A64
mem[X,0x0000000080000A74] -> 0x4413
mem[X,0x0000000080000A76] -> 0x0034
[602] [M]: 0x0000000080000A74 (0x00344413) xori fp, fp, 0x3
x8 <- 0x0000000080000A67
mem[X,0x0000000080000A78] -> 0x006F
mem[X,0x0000000080000A7A] -> 0x0040
[603] [M]: 0x0000000080000A78 (0x0040006F) jal zero, 0x4
mem[X,0x0000000080000A7C] -> 0x0013
mem[X,0x0000000080000A7E] -> 0x0000
[604] [M]: 0x0000000080000A7C (0x00000013) addi zero, zero, 0x0
mem[X,0x0000000080000A80] -> 0x0397
mem[X,0x0000000080000A82] -> 0x0000
[605] [M]: 0x0000000080000A80 (0x00000397) auipc t2, 0x0
x7 <- 0x0000000080000A80
mem[X,0x0000000080000A84] -> 0x8393
mem[X,0x0000000080000A86] -> 0xFAC3
[606] [M]: 0x0000000080000A84 (0xFAC38393) addi t2, t2, -0x54
x7 <- 0x0000000080000A2C
mem[X,0x0000000080000A88] -> 0x0013
mem[X,0x0000000080000A8A] -> 0x0000
[607] [M]: 0x0000000080000A88 (0x00000013) addi zero, zero, 0x0
mem[X,0x0000000080000A8C] -> 0x0013
mem[X,0x0000000080000A8E] -> 0x0000
[608] [M]: 0x0000000080000A8C (0x00000013) addi zero, zero, 0x0
mem[X,0x0000000080000A90] -> 0x0013
mem[X,0x0000000080000A92] -> 0x0000
[609] [M]: 0x0000000080000A90 (0x00000013) addi zero, zero, 0x0
mem[X,0x0000000080000A94] -> 0x0013
mem[X,0x0000000080000A96] -> 0x0000
[610] [M]: 0x0000000080000A94 (0x00000013) addi zero, zero, 0x0
mem[X,0x0000000080000A98] -> 0x0013
mem[X,0x0000000080000A9A] -> 0x0000
[611] [M]: 0x0000000080000A98 (0x00000013) addi zero, zero, 0x0
mem[X,0x0000000080000A9C] -> 0x0013
mem[X,0x0000000080000A9E] -> 0x0000
[612] [M]: 0x0000000080000A9C (0x00000013) addi zero, zero, 0x0
mem[X,0x0000000080000AA0] -> 0xF393
mem[X,0x0000000080000AA2] -> 0xFFC3
[613] [M]: 0x0000000080000AA0 (0xFFC3F393) andi t2, t2, -0x4
x7 <- 0x0000000080000A2C
mem[X,0x0000000080000AA4] -> 0x0433
mem[X,0x0000000080000AA6] -> 0x4074
[614] [M]: 0x0000000080000AA4 (0x40740433) sub fp, fp, t2
x8 <- 0x000000000000003B
mem[X,0x0000000080000AA8] -> 0x3423
mem[X,0x0000000080000AAA] -> 0x0882
[615] [M]: 0x0000000080000AA8 (0x08823423) sd fp, 0x88(tp)
mem[0x00000000800041A0] <- 0x000000000000003B
mem[X,0x0000000080000AAC] -> 0x0013
mem[X,0x0000000080000AAE] -> 0x0000
[616] [M]: 0x0000000080000AAC (0x00000013) addi zero, zero, 0x0
mem[X,0x0000000080000AB0] -> 0x0013
mem[X,0x0000000080000AB2] -> 0x0000
[617] [M]: 0x0000000080000AB0 (0x00000013) addi zero, zero, 0x0
mem[X,0x0000000080000AB4] -> 0x0013
mem[X,0x0000000080000AB6] -> 0x0000
[618] [M]: 0x0000000080000AB4 (0x00000013) addi zero, zero, 0x0
mem[X,0x0000000080000AB8] -> 0x0013
mem[X,0x0000000080000ABA] -> 0x0000
[619] [M]: 0x0000000080000AB8 (0x00000013) addi zero, zero, 0x0
mem[X,0x0000000080000ABC] -> 0x0013
mem[X,0x0000000080000ABE] -> 0x0000
[620] [M]: 0x0000000080000ABC (0x00000013) addi zero, zero, 0x0
mem[X,0x0000000080000AC0] -> 0x3317
mem[X,0x0000000080000AC2] -> 0x0000
[621] [M]: 0x0000000080000AC0 (0x00003317) auipc t1, 0x3
x6 <- 0x0000000080003AC0
mem[X,0x0000000080000AC4] -> 0x0313
mem[X,0x0000000080000AC6] -> 0x6E83
[622] [M]: 0x0000000080000AC4 (0x6E830313) addi t1, t1, 0x6e8
x6 <- 0x00000000800041A8
mem[X,0x0000000080000AC8] -> 0x0013
mem[X,0x0000000080000ACA] -> 0x0000
[623] [M]: 0x0000000080000AC8 (0x00000013) addi zero, zero, 0x0
mem[X,0x0000000080000ACC] -> 0x0013
mem[X,0x0000000080000ACE] -> 0x0000
[624] [M]: 0x0000000080000ACC (0x00000013) addi zero, zero, 0x0
mem[X,0x0000000080000AD0] -> 0x0013
mem[X,0x0000000080000AD2] -> 0x0000
[625] [M]: 0x0000000080000AD0 (0x00000013) addi zero, zero, 0x0
mem[X,0x0000000080000AD4] -> 0x0013
mem[X,0x0000000080000AD6] -> 0x0000
[626] [M]: 0x0000000080000AD4 (0x00000013) addi zero, zero, 0x0
mem[X,0x0000000080000AD8] -> 0x0013
mem[X,0x0000000080000ADA] -> 0x0000
[627] [M]: 0x0000000080000AD8 (0x00000013) addi zero, zero, 0x0
mem[X,0x0000000080000ADC] -> 0x0013
mem[X,0x0000000080000ADE] -> 0x0000
[628] [M]: 0x0000000080000ADC (0x00000013) addi zero, zero, 0x0
mem[X,0x0000000080000AE0] -> 0x0697
mem[X,0x0000000080000AE2] -> 0x0000
[629] [M]: 0x0000000080000AE0 (0x00000697) auipc a3, 0x0
x13 <- 0x0000000080000AE0
mem[X,0x0000000080000AE4] -> 0x0013
mem[X,0x0000000080000AE6] -> 0x0000
[630] [M]: 0x0000000080000AE4 (0x00000013) addi zero, zero, 0x0
mem[X,0x0000000080000AE8] -> 0x0013
mem[X,0x0000000080000AEA] -> 0x0000
[631] [M]: 0x0000000080000AE8 (0x00000013) addi zero, zero, 0x0
mem[X,0x0000000080000AEC] -> 0x0013
mem[X,0x0000000080000AEE] -> 0x0000
[632] [M]: 0x0000000080000AEC (0x00000013) addi zero, zero, 0x0
mem[X,0x0000000080000AF0] -> 0x0013
mem[X,0x0000000080000AF2] -> 0x0000
[633] [M]: 0x0000000080000AF0 (0x00000013) addi zero, zero, 0x0
mem[X,0x0000000080000AF4] -> 0x0013
mem[X,0x0000000080000AF6] -> 0x0000
[634] [M]: 0x0000000080000AF4 (0x00000013) addi zero, zero, 0x0
mem[X,0x0000000080000AF8] -> 0x0013
mem[X,0x0000000080000AFA] -> 0x0000
[635] [M]: 0x0000000080000AF8 (0x00000013) addi zero, zero, 0x0
mem[X,0x0000000080000AFC] -> 0x0013
mem[X,0x0000000080000AFE] -> 0x0000
[636] [M]: 0x0000000080000AFC (0x00000013) addi zero, zero, 0x0
mem[X,0x0000000080000B00] -> 0x0B97
mem[X,0x0000000080000B02] -> 0x0000
[637] [M]: 0x0000000080000B00 (0x00000B97) auipc s7, 0x0
x23 <- 0x0000000080000B00
mem[X,0x0000000080000B04] -> 0x8B93
mem[X,0x0000000080000B06] -> 0x045B
[638] [M]: 0x0000000080000B04 (0x045B8B93) addi s7, s7, 0x45
x23 <- 0x0000000080000B45
mem[X,0x0000000080000B08] -> 0x0013
mem[X,0x0000000080000B0A] -> 0x0000
[639] [M]: 0x0000000080000B08 (0x00000013) addi zero, zero, 0x0
mem[X,0x0000000080000B0C] -> 0x0013
mem[X,0x0000000080000B0E] -> 0x0000
[640] [M]: 0x0000000080000B0C (0x00000013) addi zero, zero, 0x0
mem[X,0x0000000080000B10] -> 0x0013
mem[X,0x0000000080000B12] -> 0x0000
[641] [M]: 0x0000000080000B10 (0x00000013) addi zero, zero, 0x0
mem[X,0x0000000080000B14] -> 0x0013
mem[X,0x0000000080000B16] -> 0x0000
[642] [M]: 0x0000000080000B14 (0x00000013) addi zero, zero, 0x0
mem[X,0x0000000080000B18] -> 0x0013
mem[X,0x0000000080000B1A] -> 0x0000
[643] [M]: 0x0000000080000B18 (0x00000013) addi zero, zero, 0x0
mem[X,0x0000000080000B1C] -> 0x0013
mem[X,0x0000000080000B1E] -> 0x0000
[644] [M]: 0x0000000080000B1C (0x00000013) addi zero, zero, 0x0
mem[X,0x0000000080000B20] -> 0x86E7
mem[X,0x0000000080000B22] -> 0xFEFB
[645] [M]: 0x0000000080000B20 (0xFEFB86E7) jalr a3, -0x11(s7)
x13 <- 0x0000000080000B24
mem[X,0x0000000080000B34] -> 0xC693
mem[X,0x0000000080000B36] -> 0x0036
[646] [M]: 0x0000000080000B34 (0x0036C693) xori a3, a3, 0x3
x13 <- 0x0000000080000B27
mem[X,0x0000000080000B38] -> 0x006F
mem[X,0x0000000080000B3A] -> 0x0040
[647] [M]: 0x0000000080000B38 (0x0040006F) jal zero, 0x4
mem[X,0x0000000080000B3C] -> 0x0013
mem[X,0x0000000080000B3E] -> 0x0000
[648] [M]: 0x0000000080000B3C (0x00000013) addi zero, zero, 0x0
mem[X,0x0000000080000B40] -> 0x0397
mem[X,0x0000000080000B42] -> 0x0000
[649] [M]: 0x0000000080000B40 (0x00000397) auipc t2, 0x0
x7 <- 0x0000000080000B40
mem[X,0x0000000080000B44] -> 0x8393
mem[X,0x0000000080000B46] -> 0xFA03
[650] [M]: 0x0000000080000B44 (0xFA038393) addi t2, t2, -0x60
x7 <- 0x0000000080000AE0
mem[X,0x0000000080000B48] -> 0x0013
mem[X,0x0000000080000B4A] -> 0x0000
[651] [M]: 0x0000000080000B48 (0x00000013) addi zero, zero, 0x0
mem[X,0x0000000080000B4C] -> 0x0013
mem[X,0x0000000080000B4E] -> 0x0000
[652] [M]: 0x0000000080000B4C (0x00000013) addi zero, zero, 0x0
mem[X,0x0000000080000B50] -> 0x0013
mem[X,0x0000000080000B52] -> 0x0000
[653] [M]: 0x0000000080000B50 (0x00000013) addi zero, zero, 0x0
mem[X,0x0000000080000B54] -> 0x0013
mem[X,0x0000000080000B56] -> 0x0000
[654] [M]: 0x0000000080000B54 (0x00000013) addi zero, zero, 0x0
mem[X,0x0000000080000B58] -> 0x0013
mem[X,0x0000000080000B5A] -> 0x0000
[655] [M]: 0x0000000080000B58 (0x00000013) addi zero, zero, 0x0
mem[X,0x0000000080000B5C] -> 0x0013
mem[X,0x0000000080000B5E] -> 0x0000
[656] [M]: 0x0000000080000B5C (0x00000013) addi zero, zero, 0x0
mem[X,0x0000000080000B60] -> 0xF393
mem[X,0x0000000080000B62] -> 0xFFC3
[657] [M]: 0x0000000080000B60 (0xFFC3F393) andi t2, t2, -0x4
x7 <- 0x0000000080000AE0
mem[X,0x0000000080000B64] -> 0x86B3
mem[X,0x0000000080000B66] -> 0x4076
[658] [M]: 0x0000000080000B64 (0x407686B3) sub a3, a3, t2
x13 <- 0x0000000000000047
mem[X,0x0000000080000B68] -> 0x3023
mem[X,0x0000000080000B6A] -> 0x00D3
[659] [M]: 0x0000000080000B68 (0x00D33023) sd a3, 0x0(t1)
mem[0x00000000800041A8] <- 0x0000000000000047
mem[X,0x0000000080000B6C] -> 0x0797
mem[X,0x0000000080000B6E] -> 0x0000
[660] [M]: 0x0000000080000B6C (0x00000797) auipc a5, 0x0
x15 <- 0x0000000080000B6C
mem[X,0x0000000080000B70] -> 0x0013
mem[X,0x0000000080000B72] -> 0x0000
[661] [M]: 0x0000000080000B70 (0x00000013) addi zero, zero, 0x0
mem[X,0x0000000080000B74] -> 0x0013
mem[X,0x0000000080000B76] -> 0x0000
[662] [M]: 0x0000000080000B74 (0x00000013) addi zero, zero, 0x0
mem[X,0x0000000080000B78] -> 0x0013
mem[X,0x0000000080000B7A] -> 0x0000
[663] [M]: 0x0000000080000B78 (0x00000013) addi zero, zero, 0x0
mem[X,0x0000000080000B7C] -> 0x0013
mem[X,0x0000000080000B7E] -> 0x0000
[664] [M]: 0x0000000080000B7C (0x00000013) addi zero, zero, 0x0
mem[X,0x0000000080000B80] -> 0x0B17
mem[X,0x0000000080000B82] -> 0x0000
[665] [M]: 0x0000000080000B80 (0x00000B17) auipc s6, 0x0
x22 <- 0x0000000080000B80
mem[X,0x0000000080000B84] -> 0x0B13
mem[X,0x0000000080000B86] -> 0x055B
[666] [M]: 0x0000000080000B84 (0x055B0B13) addi s6, s6, 0x55
x22 <- 0x0000000080000BD5
mem[X,0x0000000080000B88] -> 0x0013
mem[X,0x0000000080000B8A] -> 0x0000
[667] [M]: 0x0000000080000B88 (0x00000013) addi zero, zero, 0x0
mem[X,0x0000000080000B8C] -> 0x0013
mem[X,0x0000000080000B8E] -> 0x0000
[668] [M]: 0x0000000080000B8C (0x00000013) addi zero, zero, 0x0
mem[X,0x0000000080000B90] -> 0x0013
mem[X,0x0000000080000B92] -> 0x0000
[669] [M]: 0x0000000080000B90 (0x00000013) addi zero, zero, 0x0
mem[X,0x0000000080000B94] -> 0x0013
mem[X,0x0000000080000B96] -> 0x0000
[670] [M]: 0x0000000080000B94 (0x00000013) addi zero, zero, 0x0
mem[X,0x0000000080000B98] -> 0x0013
mem[X,0x0000000080000B9A] -> 0x0000
[671] [M]: 0x0000000080000B98 (0x00000013) addi zero, zero, 0x0
mem[X,0x0000000080000B9C] -> 0x0013
mem[X,0x0000000080000B9E] -> 0x0000
[672] [M]: 0x0000000080000B9C (0x00000013) addi zero, zero, 0x0
mem[X,0x0000000080000BA0] -> 0x07E7
mem[X,0x0000000080000BA2] -> 0xFDFB
[673] [M]: 0x0000000080000BA0 (0xFDFB07E7) jalr a5, -0x21(s6)
x15 <- 0x0000000080000BA4
mem[X,0x0000000080000BB4] -> 0xC793
mem[X,0x0000000080000BB6] -> 0x0037
[674] [M]: 0x0000000080000BB4 (0x0037C793) xori a5, a5, 0x3
x15 <- 0x0000000080000BA7
mem[X,0x0000000080000BB8] -> 0x006F
mem[X,0x0000000080000BBA] -> 0x0040
[675] [M]: 0x0000000080000BB8 (0x0040006F) jal zero, 0x4
mem[X,0x0000000080000BBC] -> 0x0013
mem[X,0x0000000080000BBE] -> 0x0000
[676] [M]: 0x0000000080000BBC (0x00000013) addi zero, zero, 0x0
mem[X,0x0000000080000BC0] -> 0x0397
mem[X,0x0000000080000BC2] -> 0x0000
[677] [M]: 0x0000000080000BC0 (0x00000397) auipc t2, 0x0
x7 <- 0x0000000080000BC0
mem[X,0x0000000080000BC4] -> 0x8393
mem[X,0x0000000080000BC6] -> 0xFAC3
[678] [M]: 0x0000000080000BC4 (0xFAC38393) addi t2, t2, -0x54
x7 <- 0x0000000080000B6C
mem[X,0x0000000080000BC8] -> 0x0013
mem[X,0x0000000080000BCA] -> 0x0000
[679] [M]: 0x0000000080000BC8 (0x00000013) addi zero, zero, 0x0
mem[X,0x0000000080000BCC] -> 0x0013
mem[X,0x0000000080000BCE] -> 0x0000
[680] [M]: 0x0000000080000BCC (0x00000013) addi zero, zero, 0x0
mem[X,0x0000000080000BD0] -> 0x0013
mem[X,0x0000000080000BD2] -> 0x0000
[681] [M]: 0x0000000080000BD0 (0x00000013) addi zero, zero, 0x0
mem[X,0x0000000080000BD4] -> 0x0013
mem[X,0x0000000080000BD6] -> 0x0000
[682] [M]: 0x0000000080000BD4 (0x00000013) addi zero, zero, 0x0
mem[X,0x0000000080000BD8] -> 0x0013
mem[X,0x0000000080000BDA] -> 0x0000
[683] [M]: 0x0000000080000BD8 (0x00000013) addi zero, zero, 0x0
mem[X,0x0000000080000BDC] -> 0x0013
mem[X,0x0000000080000BDE] -> 0x0000
[684] [M]: 0x0000000080000BDC (0x00000013) addi zero, zero, 0x0
mem[X,0x0000000080000BE0] -> 0xF393
mem[X,0x0000000080000BE2] -> 0xFFC3
[685] [M]: 0x0000000080000BE0 (0xFFC3F393) andi t2, t2, -0x4
x7 <- 0x0000000080000B6C
mem[X,0x0000000080000BE4] -> 0x87B3
mem[X,0x0000000080000BE6] -> 0x4077
[686] [M]: 0x0000000080000BE4 (0x407787B3) sub a5, a5, t2
x15 <- 0x000000000000003B
mem[X,0x0000000080000BE8] -> 0x3423
mem[X,0x0000000080000BEA] -> 0x00F3
[687] [M]: 0x0000000080000BE8 (0x00F33423) sd a5, 0x8(t1)
mem[0x00000000800041B0] <- 0x000000000000003B
mem[X,0x0000000080000BEC] -> 0x0597
mem[X,0x0000000080000BEE] -> 0x0000
[688] [M]: 0x0000000080000BEC (0x00000597) auipc a1, 0x0
x11 <- 0x0000000080000BEC
mem[X,0x0000000080000BF0] -> 0x0013
mem[X,0x0000000080000BF2] -> 0x0000
[689] [M]: 0x0000000080000BF0 (0x00000013) addi zero, zero, 0x0
mem[X,0x0000000080000BF4] -> 0x0013
mem[X,0x0000000080000BF6] -> 0x0000
[690] [M]: 0x0000000080000BF4 (0x00000013) addi zero, zero, 0x0
mem[X,0x0000000080000BF8] -> 0x0013
mem[X,0x0000000080000BFA] -> 0x0000
[691] [M]: 0x0000000080000BF8 (0x00000013) addi zero, zero, 0x0
mem[X,0x0000000080000BFC] -> 0x0013
mem[X,0x0000000080000BFE] -> 0x0000
[692] [M]: 0x0000000080000BFC (0x00000013) addi zero, zero, 0x0
mem[X,0x0000000080000C00] -> 0x0197
mem[X,0x0000000080000C02] -> 0x0000
[693] [M]: 0x0000000080000C00 (0x00000197) auipc gp, 0x0
x3 <- 0x0000000080000C00
mem[X,0x0000000080000C04] -> 0x8193
mem[X,0x0000000080000C06] -> 0x0751
[694] [M]: 0x0000000080000C04 (0x07518193) addi gp, gp, 0x75
x3 <- 0x0000000080000C75
mem[X,0x0000000080000C08] -> 0x0013
mem[X,0x0000000080000C0A] -> 0x0000
[695] [M]: 0x0000000080000C08 (0x00000013) addi zero, zero, 0x0
mem[X,0x0000000080000C0C] -> 0x0013
mem[X,0x0000000080000C0E] -> 0x0000
[696] [M]: 0x0000000080000C0C (0x00000013) addi zero, zero, 0x0
mem[X,0x0000000080000C10] -> 0x0013
mem[X,0x0000000080000C12] -> 0x0000
[697] [M]: 0x0000000080000C10 (0x00000013) addi zero, zero, 0x0
mem[X,0x0000000080000C14] -> 0x0013
mem[X,0x0000000080000C16] -> 0x0000
[698] [M]: 0x0000000080000C14 (0x00000013) addi zero, zero, 0x0
mem[X,0x0000000080000C18] -> 0x0013
mem[X,0x0000000080000C1A] -> 0x0000
[699] [M]: 0x0000000080000C18 (0x00000013) addi zero, zero, 0x0
clint::tick mtime <- 0x0000000000000007
 clint timer pending at mtime 0x0000000000000007
htif::tick 0x0000000000000000
mem[X,0x0000000080000C1C] -> 0x0013
mem[X,0x0000000080000C1E] -> 0x0000
[700] [M]: 0x0000000080000C1C (0x00000013) addi zero, zero, 0x0
mem[X,0x0000000080000C20] -> 0x85E7
mem[X,0x0000000080000C22] -> 0xFBF1
[701] [M]: 0x0000000080000C20 (0xFBF185E7) jalr a1, -0x41(gp)
x11 <- 0x0000000080000C24
mem[X,0x0000000080000C34] -> 0xC593
mem[X,0x0000000080000C36] -> 0x0035
[702] [M]: 0x0000000080000C34 (0x0035C593) xori a1, a1, 0x3
x11 <- 0x0000000080000C27
mem[X,0x0000000080000C38] -> 0x006F
mem[X,0x0000000080000C3A] -> 0x0040
[703] [M]: 0x0000000080000C38 (0x0040006F) jal zero, 0x4
mem[X,0x0000000080000C3C] -> 0x0013
mem[X,0x0000000080000C3E] -> 0x0000
[704] [M]: 0x0000000080000C3C (0x00000013) addi zero, zero, 0x0
mem[X,0x0000000080000C40] -> 0x0397
mem[X,0x0000000080000C42] -> 0x0000
[705] [M]: 0x0000000080000C40 (0x00000397) auipc t2, 0x0
x7 <- 0x0000000080000C40
mem[X,0x0000000080000C44] -> 0x8393
mem[X,0x0000000080000C46] -> 0xFAC3
[706] [M]: 0x0000000080000C44 (0xFAC38393) addi t2, t2, -0x54
x7 <- 0x0000000080000BEC
mem[X,0x0000000080000C48] -> 0x0013
mem[X,0x0000000080000C4A] -> 0x0000
[707] [M]: 0x0000000080000C48 (0x00000013) addi zero, zero, 0x0
mem[X,0x0000000080000C4C] -> 0x0013
mem[X,0x0000000080000C4E] -> 0x0000
[708] [M]: 0x0000000080000C4C (0x00000013) addi zero, zero, 0x0
mem[X,0x0000000080000C50] -> 0x0013
mem[X,0x0000000080000C52] -> 0x0000
[709] [M]: 0x0000000080000C50 (0x00000013) addi zero, zero, 0x0
mem[X,0x0000000080000C54] -> 0x0013
mem[X,0x0000000080000C56] -> 0x0000
[710] [M]: 0x0000000080000C54 (0x00000013) addi zero, zero, 0x0
mem[X,0x0000000080000C58] -> 0x0013
mem[X,0x0000000080000C5A] -> 0x0000
[711] [M]: 0x0000000080000C58 (0x00000013) addi zero, zero, 0x0
mem[X,0x0000000080000C5C] -> 0x0013
mem[X,0x0000000080000C5E] -> 0x0000
[712] [M]: 0x0000000080000C5C (0x00000013) addi zero, zero, 0x0
mem[X,0x0000000080000C60] -> 0xF393
mem[X,0x0000000080000C62] -> 0xFFC3
[713] [M]: 0x0000000080000C60 (0xFFC3F393) andi t2, t2, -0x4
x7 <- 0x0000000080000BEC
mem[X,0x0000000080000C64] -> 0x85B3
mem[X,0x0000000080000C66] -> 0x4075
[714] [M]: 0x0000000080000C64 (0x407585B3) sub a1, a1, t2
x11 <- 0x000000000000003B
mem[X,0x0000000080000C68] -> 0x3823
mem[X,0x0000000080000C6A] -> 0x00B3
[715] [M]: 0x0000000080000C68 (0x00B33823) sd a1, 0x10(t1)
mem[0x00000000800041B8] <- 0x000000000000003B
mem[X,0x0000000080000C6C] -> 0x0E17
mem[X,0x0000000080000C6E] -> 0x0000
[716] [M]: 0x0000000080000C6C (0x00000E17) auipc t3, 0x0
x28 <- 0x0000000080000C6C
mem[X,0x0000000080000C70] -> 0x0013
mem[X,0x0000000080000C72] -> 0x0000
[717] [M]: 0x0000000080000C70 (0x00000013) addi zero, zero, 0x0
mem[X,0x0000000080000C74] -> 0x0013
mem[X,0x0000000080000C76] -> 0x0000
[718] [M]: 0x0000000080000C74 (0x00000013) addi zero, zero, 0x0
mem[X,0x0000000080000C78] -> 0x0013
mem[X,0x0000000080000C7A] -> 0x0000
[719] [M]: 0x0000000080000C78 (0x00000013) addi zero, zero, 0x0
mem[X,0x0000000080000C7C] -> 0x0013
mem[X,0x0000000080000C7E] -> 0x0000
[720] [M]: 0x0000000080000C7C (0x00000013) addi zero, zero, 0x0
mem[X,0x0000000080000C80] -> 0x0F97
mem[X,0x0000000080000C82] -> 0x0000
[721] [M]: 0x0000000080000C80 (0x00000F97) auipc t6, 0x0
x31 <- 0x0000000080000C80
mem[X,0x0000000080000C84] -> 0x8F93
mem[X,0x0000000080000C86] -> 0x0B5F
[722] [M]: 0x0000000080000C84 (0x0B5F8F93) addi t6, t6, 0xb5
x31 <- 0x0000000080000D35
mem[X,0x0000000080000C88] -> 0x0013
mem[X,0x0000000080000C8A] -> 0x0000
[723] [M]: 0x0000000080000C88 (0x00000013) addi zero, zero, 0x0
mem[X,0x0000000080000C8C] -> 0x0013
mem[X,0x0000000080000C8E] -> 0x0000
[724] [M]: 0x0000000080000C8C (0x00000013) addi zero, zero, 0x0
mem[X,0x0000000080000C90] -> 0x0013
mem[X,0x0000000080000C92] -> 0x0000
[725] [M]: 0x0000000080000C90 (0x00000013) addi zero, zero, 0x0
mem[X,0x0000000080000C94] -> 0x0013
mem[X,0x0000000080000C96] -> 0x0000
[726] [M]: 0x0000000080000C94 (0x00000013) addi zero, zero, 0x0
mem[X,0x0000000080000C98] -> 0x0013
mem[X,0x0000000080000C9A] -> 0x0000
[727] [M]: 0x0000000080000C98 (0x00000013) addi zero, zero, 0x0
mem[X,0x0000000080000C9C] -> 0x0013
mem[X,0x0000000080000C9E] -> 0x0000
[728] [M]: 0x0000000080000C9C (0x00000013) addi zero, zero, 0x0
mem[X,0x0000000080000CA0] -> 0x8E67
mem[X,0x0000000080000CA2] -> 0xF7FF
[729] [M]: 0x0000000080000CA0 (0xF7FF8E67) jalr t3, -0x81(t6)
x28 <- 0x0000000080000CA4
mem[X,0x0000000080000CB4] -> 0x4E13
mem[X,0x0000000080000CB6] -> 0x003E
[730] [M]: 0x0000000080000CB4 (0x003E4E13) xori t3, t3, 0x3
x28 <- 0x0000000080000CA7
mem[X,0x0000000080000CB8] -> 0x006F
mem[X,0x0000000080000CBA] -> 0x0040
[731] [M]: 0x0000000080000CB8 (0x0040006F) jal zero, 0x4
mem[X,0x0000000080000CBC] -> 0x0013
mem[X,0x0000000080000CBE] -> 0x0000
[732] [M]: 0x0000000080000CBC (0x00000013) addi zero, zero, 0x0
mem[X,0x0000000080000CC0] -> 0x0397
mem[X,0x0000000080000CC2] -> 0x0000
[733] [M]: 0x0000000080000CC0 (0x00000397) auipc t2, 0x0
x7 <- 0x0000000080000CC0
mem[X,0x0000000080000CC4] -> 0x8393
mem[X,0x0000000080000CC6] -> 0xFAC3
[734] [M]: 0x0000000080000CC4 (0xFAC38393) addi t2, t2, -0x54
x7 <- 0x0000000080000C6C
mem[X,0x0000000080000CC8] -> 0x0013
mem[X,0x0000000080000CCA] -> 0x0000
[735] [M]: 0x0000000080000CC8 (0x00000013) addi zero, zero, 0x0
mem[X,0x0000000080000CCC] -> 0x0013
mem[X,0x0000000080000CCE] -> 0x0000
[736] [M]: 0x0000000080000CCC (0x00000013) addi zero, zero, 0x0
mem[X,0x0000000080000CD0] -> 0x0013
mem[X,0x0000000080000CD2] -> 0x0000
[737] [M]: 0x0000000080000CD0 (0x00000013) addi zero, zero, 0x0
mem[X,0x0000000080000CD4] -> 0x0013
mem[X,0x0000000080000CD6] -> 0x0000
[738] [M]: 0x0000000080000CD4 (0x00000013) addi zero, zero, 0x0
mem[X,0x0000000080000CD8] -> 0x0013
mem[X,0x0000000080000CDA] -> 0x0000
[739] [M]: 0x0000000080000CD8 (0x00000013) addi zero, zero, 0x0
mem[X,0x0000000080000CDC] -> 0x0013
mem[X,0x0000000080000CDE] -> 0x0000
[740] [M]: 0x0000000080000CDC (0x00000013) addi zero, zero, 0x0
mem[X,0x0000000080000CE0] -> 0xF393
mem[X,0x0000000080000CE2] -> 0xFFC3
[741] [M]: 0x0000000080000CE0 (0xFFC3F393) andi t2, t2, -0x4
x7 <- 0x0000000080000C6C
mem[X,0x0000000080000CE4] -> 0x0E33
mem[X,0x0000000080000CE6] -> 0x407E
[742] [M]: 0x0000000080000CE4 (0x407E0E33) sub t3, t3, t2
x28 <- 0x000000000000003B
mem[X,0x0000000080000CE8] -> 0x3C23
mem[X,0x0000000080000CEA] -> 0x01C3
[743] [M]: 0x0000000080000CE8 (0x01C33C23) sd t3, 0x18(t1)
mem[0x00000000800041C0] <- 0x000000000000003B
mem[X,0x0000000080000CEC] -> 0x0717
mem[X,0x0000000080000CEE] -> 0x0000
[744] [M]: 0x0000000080000CEC (0x00000717) auipc a4, 0x0
x14 <- 0x0000000080000CEC
mem[X,0x0000000080000CF0] -> 0x0013
mem[X,0x0000000080000CF2] -> 0x0000
[745] [M]: 0x0000000080000CF0 (0x00000013) addi zero, zero, 0x0
mem[X,0x0000000080000CF4] -> 0x0013
mem[X,0x0000000080000CF6] -> 0x0000
[746] [M]: 0x0000000080000CF4 (0x00000013) addi zero, zero, 0x0
mem[X,0x0000000080000CF8] -> 0x0013
mem[X,0x0000000080000CFA] -> 0x0000
[747] [M]: 0x0000000080000CF8 (0x00000013) addi zero, zero, 0x0
mem[X,0x0000000080000CFC] -> 0x0013
mem[X,0x0000000080000CFE] -> 0x0000
[748] [M]: 0x0000000080000CFC (0x00000013) addi zero, zero, 0x0
mem[X,0x0000000080000D00] -> 0x0C17
mem[X,0x0000000080000D02] -> 0x0000
[749] [M]: 0x0000000080000D00 (0x00000C17) auipc s8, 0x0
x24 <- 0x0000000080000D00
mem[X,0x0000000080000D04] -> 0x0C13
mem[X,0x0000000080000D06] -> 0x135C
[750] [M]: 0x0000000080000D04 (0x135C0C13) addi s8, s8, 0x135
x24 <- 0x0000000080000E35
mem[X,0x0000000080000D08] -> 0x0013
mem[X,0x0000000080000D0A] -> 0x0000
[751] [M]: 0x0000000080000D08 (0x00000013) addi zero, zero, 0x0
mem[X,0x0000000080000D0C] -> 0x0013
mem[X,0x0000000080000D0E] -> 0x0000
[752] [M]: 0x0000000080000D0C (0x00000013) addi zero, zero, 0x0
mem[X,0x0000000080000D10] -> 0x0013
mem[X,0x0000000080000D12] -> 0x0000
[753] [M]: 0x0000000080000D10 (0x00000013) addi zero, zero, 0x0
mem[X,0x0000000080000D14] -> 0x0013
mem[X,0x0000000080000D16] -> 0x0000
[754] [M]: 0x0000000080000D14 (0x00000013) addi zero, zero, 0x0
mem[X,0x0000000080000D18] -> 0x0013
mem[X,0x0000000080000D1A] -> 0x0000
[755] [M]: 0x0000000080000D18 (0x00000013) addi zero, zero, 0x0
mem[X,0x0000000080000D1C] -> 0x0013
mem[X,0x0000000080000D1E] -> 0x0000
[756] [M]: 0x0000000080000D1C (0x00000013) addi zero, zero, 0x0
mem[X,0x0000000080000D20] -> 0x0767
mem[X,0x0000000080000D22] -> 0xEFFC
[757] [M]: 0x0000000080000D20 (0xEFFC0767) jalr a4, -0x101(s8)
x14 <- 0x0000000080000D24
mem[X,0x0000000080000D34] -> 0x4713
mem[X,0x0000000080000D36] -> 0x0037
[758] [M]: 0x0000000080000D34 (0x00374713) xori a4, a4, 0x3
x14 <- 0x0000000080000D27
mem[X,0x0000000080000D38] -> 0x006F
mem[X,0x0000000080000D3A] -> 0x0040
[759] [M]: 0x0000000080000D38 (0x0040006F) jal zero, 0x4
mem[X,0x0000000080000D3C] -> 0x0013
mem[X,0x0000000080000D3E] -> 0x0000
[760] [M]: 0x0000000080000D3C (0x00000013) addi zero, zero, 0x0
mem[X,0x0000000080000D40] -> 0x0397
mem[X,0x0000000080000D42] -> 0x0000
[761] [M]: 0x0000000080000D40 (0x00000397) auipc t2, 0x0
x7 <- 0x0000000080000D40
mem[X,0x0000000080000D44] -> 0x8393
mem[X,0x0000000080000D46] -> 0xFAC3
[762] [M]: 0x0000000080000D44 (0xFAC38393) addi t2, t2, -0x54
x7 <- 0x0000000080000CEC
mem[X,0x0000000080000D48] -> 0x0013
mem[X,0x0000000080000D4A] -> 0x0000
[763] [M]: 0x0000000080000D48 (0x00000013) addi zero, zero, 0x0
mem[X,0x0000000080000D4C] -> 0x0013
mem[X,0x0000000080000D4E] -> 0x0000
[764] [M]: 0x0000000080000D4C (0x00000013) addi zero, zero, 0x0
mem[X,0x0000000080000D50] -> 0x0013
mem[X,0x0000000080000D52] -> 0x0000
[765] [M]: 0x0000000080000D50 (0x00000013) addi zero, zero, 0x0
mem[X,0x0000000080000D54] -> 0x0013
mem[X,0x0000000080000D56] -> 0x0000
[766] [M]: 0x0000000080000D54 (0x00000013) addi zero, zero, 0x0
mem[X,0x0000000080000D58] -> 0x0013
mem[X,0x0000000080000D5A] -> 0x0000
[767] [M]: 0x0000000080000D58 (0x00000013) addi zero, zero, 0x0
mem[X,0x0000000080000D5C] -> 0x0013
mem[X,0x0000000080000D5E] -> 0x0000
[768] [M]: 0x0000000080000D5C (0x00000013) addi zero, zero, 0x0
mem[X,0x0000000080000D60] -> 0xF393
mem[X,0x0000000080000D62] -> 0xFFC3
[769] [M]: 0x0000000080000D60 (0xFFC3F393) andi t2, t2, -0x4
x7 <- 0x0000000080000CEC
mem[X,0x0000000080000D64] -> 0x0733
mem[X,0x0000000080000D66] -> 0x4077
[770] [M]: 0x0000000080000D64 (0x40770733) sub a4, a4, t2
x14 <- 0x000000000000003B
mem[X,0x0000000080000D68] -> 0x3023
mem[X,0x0000000080000D6A] -> 0x02E3
[771] [M]: 0x0000000080000D68 (0x02E33023) sd a4, 0x20(t1)
mem[0x00000000800041C8] <- 0x000000000000003B
mem[X,0x0000000080000D6C] -> 0x0617
mem[X,0x0000000080000D6E] -> 0x0000
[772] [M]: 0x0000000080000D6C (0x00000617) auipc a2, 0x0
x12 <- 0x0000000080000D6C
mem[X,0x0000000080000D70] -> 0x0013
mem[X,0x0000000080000D72] -> 0x0000
[773] [M]: 0x0000000080000D70 (0x00000013) addi zero, zero, 0x0
mem[X,0x0000000080000D74] -> 0x0013
mem[X,0x0000000080000D76] -> 0x0000
[774] [M]: 0x0000000080000D74 (0x00000013) addi zero, zero, 0x0
mem[X,0x0000000080000D78] -> 0x0013
mem[X,0x0000000080000D7A] -> 0x0000
[775] [M]: 0x0000000080000D78 (0x00000013) addi zero, zero, 0x0
mem[X,0x0000000080000D7C] -> 0x0013
mem[X,0x0000000080000D7E] -> 0x0000
[776] [M]: 0x0000000080000D7C (0x00000013) addi zero, zero, 0x0
mem[X,0x0000000080000D80] -> 0x0A97
mem[X,0x0000000080000D82] -> 0x0000
[777] [M]: 0x0000000080000D80 (0x00000A97) auipc s5, 0x0
x21 <- 0x0000000080000D80
mem[X,0x0000000080000D84] -> 0x8A93
mem[X,0x0000000080000D86] -> 0x235A
[778] [M]: 0x0000000080000D84 (0x235A8A93) addi s5, s5, 0x235
x21 <- 0x0000000080000FB5
mem[X,0x0000000080000D88] -> 0x0013
mem[X,0x0000000080000D8A] -> 0x0000
[779] [M]: 0x0000000080000D88 (0x00000013) addi zero, zero, 0x0
mem[X,0x0000000080000D8C] -> 0x0013
mem[X,0x0000000080000D8E] -> 0x0000
[780] [M]: 0x0000000080000D8C (0x00000013) addi zero, zero, 0x0
mem[X,0x0000000080000D90] -> 0x0013
mem[X,0x0000000080000D92] -> 0x0000
[781] [M]: 0x0000000080000D90 (0x00000013) addi zero, zero, 0x0
mem[X,0x0000000080000D94] -> 0x0013
mem[X,0x0000000080000D96] -> 0x0000
[782] [M]: 0x0000000080000D94 (0x00000013) addi zero, zero, 0x0
mem[X,0x0000000080000D98] -> 0x0013
mem[X,0x0000000080000D9A] -> 0x0000
[783] [M]: 0x0000000080000D98 (0x00000013) addi zero, zero, 0x0
mem[X,0x0000000080000D9C] -> 0x0013
mem[X,0x0000000080000D9E] -> 0x0000
[784] [M]: 0x0000000080000D9C (0x00000013) addi zero, zero, 0x0
mem[X,0x0000000080000DA0] -> 0x8667
mem[X,0x0000000080000DA2] -> 0xDFFA
[785] [M]: 0x0000000080000DA0 (0xDFFA8667) jalr a2, -0x201(s5)
x12 <- 0x0000000080000DA4
mem[X,0x0000000080000DB4] -> 0x4613
mem[X,0x0000000080000DB6] -> 0x0036
[786] [M]: 0x0000000080000DB4 (0x00364613) xori a2, a2, 0x3
x12 <- 0x0000000080000DA7
mem[X,0x0000000080000DB8] -> 0x006F
mem[X,0x0000000080000DBA] -> 0x0040
[787] [M]: 0x0000000080000DB8 (0x0040006F) jal zero, 0x4
mem[X,0x0000000080000DBC] -> 0x0013
mem[X,0x0000000080000DBE] -> 0x0000
[788] [M]: 0x0000000080000DBC (0x00000013) addi zero, zero, 0x0
mem[X,0x0000000080000DC0] -> 0x0397
mem[X,0x0000000080000DC2] -> 0x0000
[789] [M]: 0x0000000080000DC0 (0x00000397) auipc t2, 0x0
x7 <- 0x0000000080000DC0
mem[X,0x0000000080000DC4] -> 0x8393
mem[X,0x0000000080000DC6] -> 0xFAC3
[790] [M]: 0x0000000080000DC4 (0xFAC38393) addi t2, t2, -0x54
x7 <- 0x0000000080000D6C
mem[X,0x0000000080000DC8] -> 0x0013
mem[X,0x0000000080000DCA] -> 0x0000
[791] [M]: 0x0000000080000DC8 (0x00000013) addi zero, zero, 0x0
mem[X,0x0000000080000DCC] -> 0x0013
mem[X,0x0000000080000DCE] -> 0x0000
[792] [M]: 0x0000000080000DCC (0x00000013) addi zero, zero, 0x0
mem[X,0x0000000080000DD0] -> 0x0013
mem[X,0x0000000080000DD2] -> 0x0000
[793] [M]: 0x0000000080000DD0 (0x00000013) addi zero, zero, 0x0
mem[X,0x0000000080000DD4] -> 0x0013
mem[X,0x0000000080000DD6] -> 0x0000
[794] [M]: 0x0000000080000DD4 (0x00000013) addi zero, zero, 0x0
mem[X,0x0000000080000DD8] -> 0x0013
mem[X,0x0000000080000DDA] -> 0x0000
[795] [M]: 0x0000000080000DD8 (0x00000013) addi zero, zero, 0x0
mem[X,0x0000000080000DDC] -> 0x0013
mem[X,0x0000000080000DDE] -> 0x0000
[796] [M]: 0x0000000080000DDC (0x00000013) addi zero, zero, 0x0
mem[X,0x0000000080000DE0] -> 0xF393
mem[X,0x0000000080000DE2] -> 0xFFC3
[797] [M]: 0x0000000080000DE0 (0xFFC3F393) andi t2, t2, -0x4
x7 <- 0x0000000080000D6C
mem[X,0x0000000080000DE4] -> 0x0633
mem[X,0x0000000080000DE6] -> 0x4076
[798] [M]: 0x0000000080000DE4 (0x40760633) sub a2, a2, t2
x12 <- 0x000000000000003B
mem[X,0x0000000080000DE8] -> 0x3423
mem[X,0x0000000080000DEA] -> 0x02C3
[799] [M]: 0x0000000080000DE8 (0x02C33423) sd a2, 0x28(t1)
mem[0x00000000800041D0] <- 0x000000000000003B
clint::tick mtime <- 0x0000000000000008
 clint timer pending at mtime 0x0000000000000008
htif::tick 0x0000000000000000
mem[X,0x0000000080000DEC] -> 0x0017
mem[X,0x0000000080000DEE] -> 0x0000
[800] [M]: 0x0000000080000DEC (0x00000017) auipc zero, 0x0
mem[X,0x0000000080000DF0] -> 0x0013
mem[X,0x0000000080000DF2] -> 0x0000
[801] [M]: 0x0000000080000DF0 (0x00000013) addi zero, zero, 0x0
mem[X,0x0000000080000DF4] -> 0x0013
mem[X,0x0000000080000DF6] -> 0x0000
[802] [M]: 0x0000000080000DF4 (0x00000013) addi zero, zero, 0x0
mem[X,0x0000000080000DF8] -> 0x0013
mem[X,0x0000000080000DFA] -> 0x0000
[803] [M]: 0x0000000080000DF8 (0x00000013) addi zero, zero, 0x0
mem[X,0x0000000080000DFC] -> 0x0013
mem[X,0x0000000080000DFE] -> 0x0000
[804] [M]: 0x0000000080000DFC (0x00000013) addi zero, zero, 0x0
mem[X,0x0000000080000E00] -> 0x0217
mem[X,0x0000000080000E02] -> 0x0000
[805] [M]: 0x0000000080000E00 (0x00000217) auipc tp, 0x0
x4 <- 0x0000000080000E00
mem[X,0x0000000080000E04] -> 0x0213
mem[X,0x0000000080000E06] -> 0x4352
[806] [M]: 0x0000000080000E04 (0x43520213) addi tp, tp, 0x435
x4 <- 0x0000000080001235
mem[X,0x0000000080000E08] -> 0x0013
mem[X,0x0000000080000E0A] -> 0x0000
[807] [M]: 0x0000000080000E08 (0x00000013) addi zero, zero, 0x0
mem[X,0x0000000080000E0C] -> 0x0013
mem[X,0x0000000080000E0E] -> 0x0000
[808] [M]: 0x0000000080000E0C (0x00000013) addi zero, zero, 0x0
mem[X,0x0000000080000E10] -> 0x0013
mem[X,0x0000000080000E12] -> 0x0000
[809] [M]: 0x0000000080000E10 (0x00000013) addi zero, zero, 0x0
mem[X,0x0000000080000E14] -> 0x0013
mem[X,0x0000000080000E16] -> 0x0000
[810] [M]: 0x0000000080000E14 (0x00000013) addi zero, zero, 0x0
mem[X,0x0000000080000E18] -> 0x0013
mem[X,0x0000000080000E1A] -> 0x0000
[811] [M]: 0x0000000080000E18 (0x00000013) addi zero, zero, 0x0
mem[X,0x0000000080000E1C] -> 0x0013
mem[X,0x0000000080000E1E] -> 0x0000
[812] [M]: 0x0000000080000E1C (0x00000013) addi zero, zero, 0x0
mem[X,0x0000000080000E20] -> 0x0067
mem[X,0x0000000080000E22] -> 0xBFF2
[813] [M]: 0x0000000080000E20 (0xBFF20067) jalr zero, -0x401(tp)
mem[X,0x0000000080000E34] -> 0x4013
mem[X,0x0000000080000E36] -> 0x0030
[814] [M]: 0x0000000080000E34 (0x00304013) xori zero, zero, 0x3
mem[X,0x0000000080000E38] -> 0x006F
mem[X,0x0000000080000E3A] -> 0x0040
[815] [M]: 0x0000000080000E38 (0x0040006F) jal zero, 0x4
mem[X,0x0000000080000E3C] -> 0x0013
mem[X,0x0000000080000E3E] -> 0x0000
[816] [M]: 0x0000000080000E3C (0x00000013) addi zero, zero, 0x0
mem[X,0x0000000080000E40] -> 0x0397
mem[X,0x0000000080000E42] -> 0x0000
[817] [M]: 0x0000000080000E40 (0x00000397) auipc t2, 0x0
x7 <- 0x0000000080000E40
mem[X,0x0000000080000E44] -> 0x8393
mem[X,0x0000000080000E46] -> 0xFAC3
[818] [M]: 0x0000000080000E44 (0xFAC38393) addi t2, t2, -0x54
x7 <- 0x0000000080000DEC
mem[X,0x0000000080000E48] -> 0x0013
mem[X,0x0000000080000E4A] -> 0x0000
[819] [M]: 0x0000000080000E48 (0x00000013) addi zero, zero, 0x0
mem[X,0x0000000080000E4C] -> 0x0013
mem[X,0x0000000080000E4E] -> 0x0000
[820] [M]: 0x0000000080000E4C (0x00000013) addi zero, zero, 0x0
mem[X,0x0000000080000E50] -> 0x0013
mem[X,0x0000000080000E52] -> 0x0000
[821] [M]: 0x0000000080000E50 (0x00000013) addi zero, zero, 0x0
mem[X,0x0000000080000E54] -> 0x0013
mem[X,0x0000000080000E56] -> 0x0000
[822] [M]: 0x0000000080000E54 (0x00000013) addi zero, zero, 0x0
mem[X,0x0000000080000E58] -> 0x0013
mem[X,0x0000000080000E5A] -> 0x0000
[823] [M]: 0x0000000080000E58 (0x00000013) addi zero, zero, 0x0
mem[X,0x0000000080000E5C] -> 0x0013
mem[X,0x0000000080000E5E] -> 0x0000
[824] [M]: 0x0000000080000E5C (0x00000013) addi zero, zero, 0x0
mem[X,0x0000000080000E60] -> 0xF393
mem[X,0x0000000080000E62] -> 0xFFC3
[825] [M]: 0x0000000080000E60 (0xFFC3F393) andi t2, t2, -0x4
x7 <- 0x0000000080000DEC
mem[X,0x0000000080000E64] -> 0x0033
mem[X,0x0000000080000E66] -> 0x4070
[826] [M]: 0x0000000080000E64 (0x40700033) sub zero, zero, t2
mem[X,0x0000000080000E68] -> 0x3823
mem[X,0x0000000080000E6A] -> 0x0203
[827] [M]: 0x0000000080000E68 (0x02033823) sd zero, 0x30(t1)
mem[0x00000000800041D8] <- 0x0000000000000000
mem[X,0x0000000080000E6C] -> 0x0217
mem[X,0x0000000080000E6E] -> 0x0000
[828] [M]: 0x0000000080000E6C (0x00000217) auipc tp, 0x0
x4 <- 0x0000000080000E6C
mem[X,0x0000000080000E70] -> 0x0013
mem[X,0x0000000080000E72] -> 0x0000
[829] [M]: 0x0000000080000E70 (0x00000013) addi zero, zero, 0x0
mem[X,0x0000000080000E74] -> 0x0013
mem[X,0x0000000080000E76] -> 0x0000
[830] [M]: 0x0000000080000E74 (0x00000013) addi zero, zero, 0x0
mem[X,0x0000000080000E78] -> 0x0013
mem[X,0x0000000080000E7A] -> 0x0000
[831] [M]: 0x0000000080000E78 (0x00000013) addi zero, zero, 0x0
mem[X,0x0000000080000E7C] -> 0x0013
mem[X,0x0000000080000E7E] -> 0x0000
[832] [M]: 0x0000000080000E7C (0x00000013) addi zero, zero, 0x0
mem[X,0x0000000080000E80] -> 0x0417
mem[X,0x0000000080000E82] -> 0x0000
[833] [M]: 0x0000000080000E80 (0x00000417) auipc fp, 0x0
x8 <- 0x0000000080000E80
mem[X,0x0000000080000E84] -> 0x0413
mem[X,0x0000000080000E86] -> 0x8354
[834] [M]: 0x0000000080000E84 (0x83540413) addi fp, fp, -0x7cb
x8 <- 0x00000000800006B5
mem[X,0x0000000080000E88] -> 0x0013
mem[X,0x0000000080000E8A] -> 0x0000
[835] [M]: 0x0000000080000E88 (0x00000013) addi zero, zero, 0x0
mem[X,0x0000000080000E8C] -> 0x0013
mem[X,0x0000000080000E8E] -> 0x0000
[836] [M]: 0x0000000080000E8C (0x00000013) addi zero, zero, 0x0
mem[X,0x0000000080000E90] -> 0x0013
mem[X,0x0000000080000E92] -> 0x0000
[837] [M]: 0x0000000080000E90 (0x00000013) addi zero, zero, 0x0
mem[X,0x0000000080000E94] -> 0x0013
mem[X,0x0000000080000E96] -> 0x0000
[838] [M]: 0x0000000080000E94 (0x00000013) addi zero, zero, 0x0
mem[X,0x0000000080000E98] -> 0x0013
mem[X,0x0000000080000E9A] -> 0x0000
[839] [M]: 0x0000000080000E98 (0x00000013) addi zero, zero, 0x0
mem[X,0x0000000080000E9C] -> 0x0013
mem[X,0x0000000080000E9E] -> 0x0000
[840] [M]: 0x0000000080000E9C (0x00000013) addi zero, zero, 0x0
mem[X,0x0000000080000EA0] -> 0x0267
mem[X,0x0000000080000EA2] -> 0x7FF4
[841] [M]: 0x0000000080000EA0 (0x7FF40267) jalr tp, 0x7ff(fp)
x4 <- 0x0000000080000EA4
mem[X,0x0000000080000EB4] -> 0x4213
mem[X,0x0000000080000EB6] -> 0x0032
[842] [M]: 0x0000000080000EB4 (0x00324213) xori tp, tp, 0x3
x4 <- 0x0000000080000EA7
mem[X,0x0000000080000EB8] -> 0x006F
mem[X,0x0000000080000EBA] -> 0x0040
[843] [M]: 0x0000000080000EB8 (0x0040006F) jal zero, 0x4
mem[X,0x0000000080000EBC] -> 0x0013
mem[X,0x0000000080000EBE] -> 0x0000
[844] [M]: 0x0000000080000EBC (0x00000013) addi zero, zero, 0x0
mem[X,0x0000000080000EC0] -> 0x0397
mem[X,0x0000000080000EC2] -> 0x0000
[845] [M]: 0x0000000080000EC0 (0x00000397) auipc t2, 0x0
x7 <- 0x0000000080000EC0
mem[X,0x0000000080000EC4] -> 0x8393
mem[X,0x0000000080000EC6] -> 0xFAC3
[846] [M]: 0x0000000080000EC4 (0xFAC38393) addi t2, t2, -0x54
x7 <- 0x0000000080000E6C
mem[X,0x0000000080000EC8] -> 0x0013
mem[X,0x0000000080000ECA] -> 0x0000
[847] [M]: 0x0000000080000EC8 (0x00000013) addi zero, zero, 0x0
mem[X,0x0000000080000ECC] -> 0x0013
mem[X,0x0000000080000ECE] -> 0x0000
[848] [M]: 0x0000000080000ECC (0x00000013) addi zero, zero, 0x0
mem[X,0x0000000080000ED0] -> 0x0013
mem[X,0x0000000080000ED2] -> 0x0000
[849] [M]: 0x0000000080000ED0 (0x00000013) addi zero, zero, 0x0
mem[X,0x0000000080000ED4] -> 0x0013
mem[X,0x0000000080000ED6] -> 0x0000
[850] [M]: 0x0000000080000ED4 (0x00000013) addi zero, zero, 0x0
mem[X,0x0000000080000ED8] -> 0x0013
mem[X,0x0000000080000EDA] -> 0x0000
[851] [M]: 0x0000000080000ED8 (0x00000013) addi zero, zero, 0x0
mem[X,0x0000000080000EDC] -> 0x0013
mem[X,0x0000000080000EDE] -> 0x0000
[852] [M]: 0x0000000080000EDC (0x00000013) addi zero, zero, 0x0
mem[X,0x0000000080000EE0] -> 0xF393
mem[X,0x0000000080000EE2] -> 0xFFC3
[853] [M]: 0x0000000080000EE0 (0xFFC3F393) andi t2, t2, -0x4
x7 <- 0x0000000080000E6C
mem[X,0x0000000080000EE4] -> 0x0233
mem[X,0x0000000080000EE6] -> 0x4072
[854] [M]: 0x0000000080000EE4 (0x40720233) sub tp, tp, t2
x4 <- 0x000000000000003B
mem[X,0x0000000080000EE8] -> 0x3C23
mem[X,0x0000000080000EEA] -> 0x0243
[855] [M]: 0x0000000080000EE8 (0x02433C23) sd tp, 0x38(t1)
mem[0x00000000800041E0] <- 0x000000000000003B
mem[X,0x0000000080000EEC] -> 0x0917
mem[X,0x0000000080000EEE] -> 0x0000
[856] [M]: 0x0000000080000EEC (0x00000917) auipc s2, 0x0
x18 <- 0x0000000080000EEC
mem[X,0x0000000080000EF0] -> 0x0013
mem[X,0x0000000080000EF2] -> 0x0000
[857] [M]: 0x0000000080000EF0 (0x00000013) addi zero, zero, 0x0
mem[X,0x0000000080000EF4] -> 0x0013
mem[X,0x0000000080000EF6] -> 0x0000
[858] [M]: 0x0000000080000EF4 (0x00000013) addi zero, zero, 0x0
mem[X,0x0000000080000EF8] -> 0x0013
mem[X,0x0000000080000EFA] -> 0x0000
[859] [M]: 0x0000000080000EF8 (0x00000013) addi zero, zero, 0x0
mem[X,0x0000000080000EFC] -> 0x0013
mem[X,0x0000000080000EFE] -> 0x0000
[860] [M]: 0x0000000080000EFC (0x00000013) addi zero, zero, 0x0
mem[X,0x0000000080000F00] -> 0x0A17
mem[X,0x0000000080000F02] -> 0x0000
[861] [M]: 0x0000000080000F00 (0x00000A17) auipc s4, 0x0
x20 <- 0x0000000080000F00
mem[X,0x0000000080000F04] -> 0x0A13
mem[X,0x0000000080000F06] -> 0xADFA
[862] [M]: 0x0000000080000F04 (0xADFA0A13) addi s4, s4, -0x521
x20 <- 0x00000000800009DF
mem[X,0x0000000080000F08] -> 0x0013
mem[X,0x0000000080000F0A] -> 0x0000
[863] [M]: 0x0000000080000F08 (0x00000013) addi zero, zero, 0x0
mem[X,0x0000000080000F0C] -> 0x0013
mem[X,0x0000000080000F0E] -> 0x0000
[864] [M]: 0x0000000080000F0C (0x00000013) addi zero, zero, 0x0
mem[X,0x0000000080000F10] -> 0x0013
mem[X,0x0000000080000F12] -> 0x0000
[865] [M]: 0x0000000080000F10 (0x00000013) addi zero, zero, 0x0
mem[X,0x0000000080000F14] -> 0x0013
mem[X,0x0000000080000F16] -> 0x0000
[866] [M]: 0x0000000080000F14 (0x00000013) addi zero, zero, 0x0
mem[X,0x0000000080000F18] -> 0x0013
mem[X,0x0000000080000F1A] -> 0x0000
[867] [M]: 0x0000000080000F18 (0x00000013) addi zero, zero, 0x0
mem[X,0x0000000080000F1C] -> 0x0013
mem[X,0x0000000080000F1E] -> 0x0000
[868] [M]: 0x0000000080000F1C (0x00000013) addi zero, zero, 0x0
mem[X,0x0000000080000F20] -> 0x0967
mem[X,0x0000000080000F22] -> 0x555A
[869] [M]: 0x0000000080000F20 (0x555A0967) jalr s2, 0x555(s4)
x18 <- 0x0000000080000F24
mem[X,0x0000000080000F34] -> 0x4913
mem[X,0x0000000080000F36] -> 0x0039
[870] [M]: 0x0000000080000F34 (0x00394913) xori s2, s2, 0x3
x18 <- 0x0000000080000F27
mem[X,0x0000000080000F38] -> 0x006F
mem[X,0x0000000080000F3A] -> 0x0040
[871] [M]: 0x0000000080000F38 (0x0040006F) jal zero, 0x4
mem[X,0x0000000080000F3C] -> 0x0013
mem[X,0x0000000080000F3E] -> 0x0000
[872] [M]: 0x0000000080000F3C (0x00000013) addi zero, zero, 0x0
mem[X,0x0000000080000F40] -> 0x0397
mem[X,0x0000000080000F42] -> 0x0000
[873] [M]: 0x0000000080000F40 (0x00000397) auipc t2, 0x0
x7 <- 0x0000000080000F40
mem[X,0x0000000080000F44] -> 0x8393
mem[X,0x0000000080000F46] -> 0xFAC3
[874] [M]: 0x0000000080000F44 (0xFAC38393) addi t2, t2, -0x54
x7 <- 0x0000000080000EEC
mem[X,0x0000000080000F48] -> 0x0013
mem[X,0x0000000080000F4A] -> 0x0000
[875] [M]: 0x0000000080000F48 (0x00000013) addi zero, zero, 0x0
mem[X,0x0000000080000F4C] -> 0x0013
mem[X,0x0000000080000F4E] -> 0x0000
[876] [M]: 0x0000000080000F4C (0x00000013) addi zero, zero, 0x0
mem[X,0x0000000080000F50] -> 0x0013
mem[X,0x0000000080000F52] -> 0x0000
[877] [M]: 0x0000000080000F50 (0x00000013) addi zero, zero, 0x0
mem[X,0x0000000080000F54] -> 0x0013
mem[X,0x0000000080000F56] -> 0x0000
[878] [M]: 0x0000000080000F54 (0x00000013) addi zero, zero, 0x0
mem[X,0x0000000080000F58] -> 0x0013
mem[X,0x0000000080000F5A] -> 0x0000
[879] [M]: 0x0000000080000F58 (0x00000013) addi zero, zero, 0x0
mem[X,0x0000000080000F5C] -> 0x0013
mem[X,0x0000000080000F5E] -> 0x0000
[880] [M]: 0x0000000080000F5C (0x00000013) addi zero, zero, 0x0
mem[X,0x0000000080000F60] -> 0xF393
mem[X,0x0000000080000F62] -> 0xFFC3
[881] [M]: 0x0000000080000F60 (0xFFC3F393) andi t2, t2, -0x4
x7 <- 0x0000000080000EEC
mem[X,0x0000000080000F64] -> 0x0933
mem[X,0x0000000080000F66] -> 0x4079
[882] [M]: 0x0000000080000F64 (0x40790933) sub s2, s2, t2
x18 <- 0x000000000000003B
mem[X,0x0000000080000F68] -> 0x3023
mem[X,0x0000000080000F6A] -> 0x0523
[883] [M]: 0x0000000080000F68 (0x05233023) sd s2, 0x40(t1)
mem[0x00000000800041E8] <- 0x000000000000003B
mem[X,0x0000000080000F6C] -> 0x0117
mem[X,0x0000000080000F6E] -> 0x0000
[884] [M]: 0x0000000080000F6C (0x00000117) auipc sp, 0x0
x2 <- 0x0000000080000F6C
mem[X,0x0000000080000F70] -> 0x0013
mem[X,0x0000000080000F72] -> 0x0000
[885] [M]: 0x0000000080000F70 (0x00000013) addi zero, zero, 0x0
mem[X,0x0000000080000F74] -> 0x0013
mem[X,0x0000000080000F76] -> 0x0000
[886] [M]: 0x0000000080000F74 (0x00000013) addi zero, zero, 0x0
mem[X,0x0000000080000F78] -> 0x0013
mem[X,0x0000000080000F7A] -> 0x0000
[887] [M]: 0x0000000080000F78 (0x00000013) addi zero, zero, 0x0
mem[X,0x0000000080000F7C] -> 0x0013
mem[X,0x0000000080000F7E] -> 0x0000
[888] [M]: 0x0000000080000F7C (0x00000013) addi zero, zero, 0x0
mem[X,0x0000000080000F80] -> 0x0917
mem[X,0x0000000080000F82] -> 0x0000
[889] [M]: 0x0000000080000F80 (0x00000917) auipc s2, 0x0
x18 <- 0x0000000080000F80
mem[X,0x0000000080000F84] -> 0x0913
mem[X,0x0000000080000F86] -> 0x58A9
[890] [M]: 0x0000000080000F84 (0x58A90913) addi s2, s2, 0x58a
x18 <- 0x000000008000150A
mem[X,0x0000000080000F88] -> 0x0013
mem[X,0x0000000080000F8A] -> 0x0000
[891] [M]: 0x0000000080000F88 (0x00000013) addi zero, zero, 0x0
mem[X,0x0000000080000F8C] -> 0x0013
mem[X,0x0000000080000F8E] -> 0x0000
[892] [M]: 0x0000000080000F8C (0x00000013) addi zero, zero, 0x0
mem[X,0x0000000080000F90] -> 0x0013
mem[X,0x0000000080000F92] -> 0x0000
[893] [M]: 0x0000000080000F90 (0x00000013) addi zero, zero, 0x0
mem[X,0x0000000080000F94] -> 0x0013
mem[X,0x0000000080000F96] -> 0x0000
[894] [M]: 0x0000000080000F94 (0x00000013) addi zero, zero, 0x0
mem[X,0x0000000080000F98] -> 0x0013
mem[X,0x0000000080000F9A] -> 0x0000
[895] [M]: 0x0000000080000F98 (0x00000013) addi zero, zero, 0x0
mem[X,0x0000000080000F9C] -> 0x0013
mem[X,0x0000000080000F9E] -> 0x0000
[896] [M]: 0x0000000080000F9C (0x00000013) addi zero, zero, 0x0
mem[X,0x0000000080000FA0] -> 0x0167
mem[X,0x0000000080000FA2] -> 0xAAA9
[897] [M]: 0x0000000080000FA0 (0xAAA90167) jalr sp, -0x556(s2)
x2 <- 0x0000000080000FA4
mem[X,0x0000000080000FB4] -> 0x4113
mem[X,0x0000000080000FB6] -> 0x0031
[898] [M]: 0x0000000080000FB4 (0x00314113) xori sp, sp, 0x3
x2 <- 0x0000000080000FA7
mem[X,0x0000000080000FB8] -> 0x006F
mem[X,0x0000000080000FBA] -> 0x0040
[899] [M]: 0x0000000080000FB8 (0x0040006F) jal zero, 0x4
clint::tick mtime <- 0x0000000000000009
 clint timer pending at mtime 0x0000000000000009
htif::tick 0x0000000000000000
mem[X,0x0000000080000FBC] -> 0x0013
mem[X,0x0000000080000FBE] -> 0x0000
[900] [M]: 0x0000000080000FBC (0x00000013) addi zero, zero, 0x0
mem[X,0x0000000080000FC0] -> 0x0397
mem[X,0x0000000080000FC2] -> 0x0000
[901] [M]: 0x0000000080000FC0 (0x00000397) auipc t2, 0x0
x7 <- 0x0000000080000FC0
mem[X,0x0000000080000FC4] -> 0x8393
mem[X,0x0000000080000FC6] -> 0xFAC3
[902] [M]: 0x0000000080000FC4 (0xFAC38393) addi t2, t2, -0x54
x7 <- 0x0000000080000F6C
mem[X,0x0000000080000FC8] -> 0x0013
mem[X,0x0000000080000FCA] -> 0x0000
[903] [M]: 0x0000000080000FC8 (0x00000013) addi zero, zero, 0x0
mem[X,0x0000000080000FCC] -> 0x0013
mem[X,0x0000000080000FCE] -> 0x0000
[904] [M]: 0x0000000080000FCC (0x00000013) addi zero, zero, 0x0
mem[X,0x0000000080000FD0] -> 0x0013
mem[X,0x0000000080000FD2] -> 0x0000
[905] [M]: 0x0000000080000FD0 (0x00000013) addi zero, zero, 0x0
mem[X,0x0000000080000FD4] -> 0x0013
mem[X,0x0000000080000FD6] -> 0x0000
[906] [M]: 0x0000000080000FD4 (0x00000013) addi zero, zero, 0x0
mem[X,0x0000000080000FD8] -> 0x0013
mem[X,0x0000000080000FDA] -> 0x0000
[907] [M]: 0x0000000080000FD8 (0x00000013) addi zero, zero, 0x0
mem[X,0x0000000080000FDC] -> 0x0013
mem[X,0x0000000080000FDE] -> 0x0000
[908] [M]: 0x0000000080000FDC (0x00000013) addi zero, zero, 0x0
mem[X,0x0000000080000FE0] -> 0xF393
mem[X,0x0000000080000FE2] -> 0xFFC3
[909] [M]: 0x0000000080000FE0 (0xFFC3F393) andi t2, t2, -0x4
x7 <- 0x0000000080000F6C
mem[X,0x0000000080000FE4] -> 0x0133
mem[X,0x0000000080000FE6] -> 0x4071
[910] [M]: 0x0000000080000FE4 (0x40710133) sub sp, sp, t2
x2 <- 0x000000000000003B
mem[X,0x0000000080000FE8] -> 0x3423
mem[X,0x0000000080000FEA] -> 0x0423
[911] [M]: 0x0000000080000FE8 (0x04233423) sd sp, 0x48(t1)
mem[0x00000000800041F0] <- 0x000000000000003B
mem[X,0x0000000080000FEC] -> 0x0297
mem[X,0x0000000080000FEE] -> 0x0000
[912] [M]: 0x0000000080000FEC (0x00000297) auipc t0, 0x0
x5 <- 0x0000000080000FEC
mem[X,0x0000000080000FF0] -> 0x0013
mem[X,0x0000000080000FF2] -> 0x0000
[913] [M]: 0x0000000080000FF0 (0x00000013) addi zero, zero, 0x0
mem[X,0x0000000080000FF4] -> 0x0013
mem[X,0x0000000080000FF6] -> 0x0000
[914] [M]: 0x0000000080000FF4 (0x00000013) addi zero, zero, 0x0
mem[X,0x0000000080000FF8] -> 0x0013
mem[X,0x0000000080000FFA] -> 0x0000
[915] [M]: 0x0000000080000FF8 (0x00000013) addi zero, zero, 0x0
mem[X,0x0000000080000FFC] -> 0x0013
mem[X,0x0000000080000FFE] -> 0x0000
[916] [M]: 0x0000000080000FFC (0x00000013) addi zero, zero, 0x0
mem[X,0x0000000080001000] -> 0x1897
mem[X,0x0000000080001002] -> 0x0000
[917] [M]: 0x0000000080001000 (0x00001897) auipc a7, 0x1
x17 <- 0x0000000080002000
mem[X,0x0000000080001004] -> 0x8893
mem[X,0x0000000080001006] -> 0x8348
[918] [M]: 0x0000000080001004 (0x83488893) addi a7, a7, -0x7cc
x17 <- 0x0000000080001834
mem[X,0x0000000080001008] -> 0x0013
mem[X,0x000000008000100A] -> 0x0000
[919] [M]: 0x0000000080001008 (0x00000013) addi zero, zero, 0x0
mem[X,0x000000008000100C] -> 0x0013
mem[X,0x000000008000100E] -> 0x0000
[920] [M]: 0x000000008000100C (0x00000013) addi zero, zero, 0x0
mem[X,0x0000000080001010] -> 0x0013
mem[X,0x0000000080001012] -> 0x0000
[921] [M]: 0x0000000080001010 (0x00000013) addi zero, zero, 0x0
mem[X,0x0000000080001014] -> 0x0013
mem[X,0x0000000080001016] -> 0x0000
[922] [M]: 0x0000000080001014 (0x00000013) addi zero, zero, 0x0
mem[X,0x0000000080001018] -> 0x0013
mem[X,0x000000008000101A] -> 0x0000
[923] [M]: 0x0000000080001018 (0x00000013) addi zero, zero, 0x0
mem[X,0x000000008000101C] -> 0x0013
mem[X,0x000000008000101E] -> 0x0000
[924] [M]: 0x000000008000101C (0x00000013) addi zero, zero, 0x0
mem[X,0x0000000080001020] -> 0x82E7
mem[X,0x0000000080001022] -> 0x8008
[925] [M]: 0x0000000080001020 (0x800882E7) jalr t0, -0x800(a7)
x5 <- 0x0000000080001024
mem[X,0x0000000080001034] -> 0xC293
mem[X,0x0000000080001036] -> 0x0032
[926] [M]: 0x0000000080001034 (0x0032C293) xori t0, t0, 0x3
x5 <- 0x0000000080001027
mem[X,0x0000000080001038] -> 0x006F
mem[X,0x000000008000103A] -> 0x0040
[927] [M]: 0x0000000080001038 (0x0040006F) jal zero, 0x4
mem[X,0x000000008000103C] -> 0x0013
mem[X,0x000000008000103E] -> 0x0000
[928] [M]: 0x000000008000103C (0x00000013) addi zero, zero, 0x0
mem[X,0x0000000080001040] -> 0x0397
mem[X,0x0000000080001042] -> 0x0000
[929] [M]: 0x0000000080001040 (0x00000397) auipc t2, 0x0
x7 <- 0x0000000080001040
mem[X,0x0000000080001044] -> 0x8393
mem[X,0x0000000080001046] -> 0xFAC3
[930] [M]: 0x0000000080001044 (0xFAC38393) addi t2, t2, -0x54
x7 <- 0x0000000080000FEC
mem[X,0x0000000080001048] -> 0x0013
mem[X,0x000000008000104A] -> 0x0000
[931] [M]: 0x0000000080001048 (0x00000013) addi zero, zero, 0x0
mem[X,0x000000008000104C] -> 0x0013
mem[X,0x000000008000104E] -> 0x0000
[932] [M]: 0x000000008000104C (0x00000013) addi zero, zero, 0x0
mem[X,0x0000000080001050] -> 0x0013
mem[X,0x0000000080001052] -> 0x0000
[933] [M]: 0x0000000080001050 (0x00000013) addi zero, zero, 0x0
mem[X,0x0000000080001054] -> 0x0013
mem[X,0x0000000080001056] -> 0x0000
[934] [M]: 0x0000000080001054 (0x00000013) addi zero, zero, 0x0
mem[X,0x0000000080001058] -> 0x0013
mem[X,0x000000008000105A] -> 0x0000
[935] [M]: 0x0000000080001058 (0x00000013) addi zero, zero, 0x0
mem[X,0x000000008000105C] -> 0x0013
mem[X,0x000000008000105E] -> 0x0000
[936] [M]: 0x000000008000105C (0x00000013) addi zero, zero, 0x0
mem[X,0x0000000080001060] -> 0xF393
mem[X,0x0000000080001062] -> 0xFFC3
[937] [M]: 0x0000000080001060 (0xFFC3F393) andi t2, t2, -0x4
x7 <- 0x0000000080000FEC
mem[X,0x0000000080001064] -> 0x82B3
mem[X,0x0000000080001066] -> 0x4072
[938] [M]: 0x0000000080001064 (0x407282B3) sub t0, t0, t2
x5 <- 0x000000000000003B
mem[X,0x0000000080001068] -> 0x3823
mem[X,0x000000008000106A] -> 0x0453
[939] [M]: 0x0000000080001068 (0x04533823) sd t0, 0x50(t1)
mem[0x00000000800041F8] <- 0x000000000000003B
mem[X,0x000000008000106C] -> 0x0D97
mem[X,0x000000008000106E] -> 0x0000
[940] [M]: 0x000000008000106C (0x00000D97) auipc s11, 0x0
x27 <- 0x000000008000106C
mem[X,0x0000000080001070] -> 0x0013
mem[X,0x0000000080001072] -> 0x0000
[941] [M]: 0x0000000080001070 (0x00000013) addi zero, zero, 0x0
mem[X,0x0000000080001074] -> 0x0013
mem[X,0x0000000080001076] -> 0x0000
[942] [M]: 0x0000000080001074 (0x00000013) addi zero, zero, 0x0
mem[X,0x0000000080001078] -> 0x0013
mem[X,0x000000008000107A] -> 0x0000
[943] [M]: 0x0000000080001078 (0x00000013) addi zero, zero, 0x0
mem[X,0x000000008000107C] -> 0x0013
mem[X,0x000000008000107E] -> 0x0000
[944] [M]: 0x000000008000107C (0x00000013) addi zero, zero, 0x0
mem[X,0x0000000080001080] -> 0x1817
mem[X,0x0000000080001082] -> 0x0000
[945] [M]: 0x0000000080001080 (0x00001817) auipc a6, 0x1
x16 <- 0x0000000080002080
mem[X,0x0000000080001084] -> 0x0813
mem[X,0x0000000080001086] -> 0x8348
[946] [M]: 0x0000000080001084 (0x83480813) addi a6, a6, -0x7cc
x16 <- 0x00000000800018B4
mem[X,0x0000000080001088] -> 0x0013
mem[X,0x000000008000108A] -> 0x0000
[947] [M]: 0x0000000080001088 (0x00000013) addi zero, zero, 0x0
mem[X,0x000000008000108C] -> 0x0013
mem[X,0x000000008000108E] -> 0x0000
[948] [M]: 0x000000008000108C (0x00000013) addi zero, zero, 0x0
mem[X,0x0000000080001090] -> 0x0013
mem[X,0x0000000080001092] -> 0x0000
[949] [M]: 0x0000000080001090 (0x00000013) addi zero, zero, 0x0
mem[X,0x0000000080001094] -> 0x0013
mem[X,0x0000000080001096] -> 0x0000
[950] [M]: 0x0000000080001094 (0x00000013) addi zero, zero, 0x0
mem[X,0x0000000080001098] -> 0x0013
mem[X,0x000000008000109A] -> 0x0000
[951] [M]: 0x0000000080001098 (0x00000013) addi zero, zero, 0x0
mem[X,0x000000008000109C] -> 0x0013
mem[X,0x000000008000109E] -> 0x0000
[952] [M]: 0x000000008000109C (0x00000013) addi zero, zero, 0x0
mem[X,0x00000000800010A0] -> 0x0DE7
mem[X,0x00000000800010A2] -> 0x8008
[953] [M]: 0x00000000800010A0 (0x80080DE7) jalr s11, -0x800(a6)
x27 <- 0x00000000800010A4
mem[X,0x00000000800010B4] -> 0xCD93
mem[X,0x00000000800010B6] -> 0x003D
[954] [M]: 0x00000000800010B4 (0x003DCD93) xori s11, s11, 0x3
x27 <- 0x00000000800010A7
mem[X,0x00000000800010B8] -> 0x006F
mem[X,0x00000000800010BA] -> 0x0040
[955] [M]: 0x00000000800010B8 (0x0040006F) jal zero, 0x4
mem[X,0x00000000800010BC] -> 0x0013
mem[X,0x00000000800010BE] -> 0x0000
[956] [M]: 0x00000000800010BC (0x00000013) addi zero, zero, 0x0
mem[X,0x00000000800010C0] -> 0x0397
mem[X,0x00000000800010C2] -> 0x0000
[957] [M]: 0x00000000800010C0 (0x00000397) auipc t2, 0x0
x7 <- 0x00000000800010C0
mem[X,0x00000000800010C4] -> 0x8393
mem[X,0x00000000800010C6] -> 0xFAC3
[958] [M]: 0x00000000800010C4 (0xFAC38393) addi t2, t2, -0x54
x7 <- 0x000000008000106C
mem[X,0x00000000800010C8] -> 0x0013
mem[X,0x00000000800010CA] -> 0x0000
[959] [M]: 0x00000000800010C8 (0x00000013) addi zero, zero, 0x0
mem[X,0x00000000800010CC] -> 0x0013
mem[X,0x00000000800010CE] -> 0x0000
[960] [M]: 0x00000000800010CC (0x00000013) addi zero, zero, 0x0
mem[X,0x00000000800010D0] -> 0x0013
mem[X,0x00000000800010D2] -> 0x0000
[961] [M]: 0x00000000800010D0 (0x00000013) addi zero, zero, 0x0
mem[X,0x00000000800010D4] -> 0x0013
mem[X,0x00000000800010D6] -> 0x0000
[962] [M]: 0x00000000800010D4 (0x00000013) addi zero, zero, 0x0
mem[X,0x00000000800010D8] -> 0x0013
mem[X,0x00000000800010DA] -> 0x0000
[963] [M]: 0x00000000800010D8 (0x00000013) addi zero, zero, 0x0
mem[X,0x00000000800010DC] -> 0x0013
mem[X,0x00000000800010DE] -> 0x0000
[964] [M]: 0x00000000800010DC (0x00000013) addi zero, zero, 0x0
mem[X,0x00000000800010E0] -> 0xF393
mem[X,0x00000000800010E2] -> 0xFFC3
[965] [M]: 0x00000000800010E0 (0xFFC3F393) andi t2, t2, -0x4
x7 <- 0x000000008000106C
mem[X,0x00000000800010E4] -> 0x8DB3
mem[X,0x00000000800010E6] -> 0x407D
[966] [M]: 0x00000000800010E4 (0x407D8DB3) sub s11, s11, t2
x27 <- 0x000000000000003B
mem[X,0x00000000800010E8] -> 0x3C23
mem[X,0x00000000800010EA] -> 0x05B3
[967] [M]: 0x00000000800010E8 (0x05B33C23) sd s11, 0x58(t1)
mem[0x0000000080004200] <- 0x000000000000003B
mem[X,0x00000000800010EC] -> 0x0097
mem[X,0x00000000800010EE] -> 0x0000
[968] [M]: 0x00000000800010EC (0x00000097) auipc ra, 0x0
x1 <- 0x00000000800010EC
mem[X,0x00000000800010F0] -> 0x0013
mem[X,0x00000000800010F2] -> 0x0000
[969] [M]: 0x00000000800010F0 (0x00000013) addi zero, zero, 0x0
mem[X,0x00000000800010F4] -> 0x0013
mem[X,0x00000000800010F6] -> 0x0000
[970] [M]: 0x00000000800010F4 (0x00000013) addi zero, zero, 0x0
mem[X,0x00000000800010F8] -> 0x0013
mem[X,0x00000000800010FA] -> 0x0000
[971] [M]: 0x00000000800010F8 (0x00000013) addi zero, zero, 0x0
mem[X,0x00000000800010FC] -> 0x0013
mem[X,0x00000000800010FE] -> 0x0000
[972] [M]: 0x00000000800010FC (0x00000013) addi zero, zero, 0x0
mem[X,0x0000000080001100] -> 0x1D17
mem[X,0x0000000080001102] -> 0x0000
[973] [M]: 0x0000000080001100 (0x00001D17) auipc s10, 0x1
x26 <- 0x0000000080002100
mem[X,0x0000000080001104] -> 0x0D13
mem[X,0x0000000080001106] -> 0x834D
[974] [M]: 0x0000000080001104 (0x834D0D13) addi s10, s10, -0x7cc
x26 <- 0x0000000080001934
mem[X,0x0000000080001108] -> 0x0013
mem[X,0x000000008000110A] -> 0x0000
[975] [M]: 0x0000000080001108 (0x00000013) addi zero, zero, 0x0
mem[X,0x000000008000110C] -> 0x0013
mem[X,0x000000008000110E] -> 0x0000
[976] [M]: 0x000000008000110C (0x00000013) addi zero, zero, 0x0
mem[X,0x0000000080001110] -> 0x0013
mem[X,0x0000000080001112] -> 0x0000
[977] [M]: 0x0000000080001110 (0x00000013) addi zero, zero, 0x0
mem[X,0x0000000080001114] -> 0x0013
mem[X,0x0000000080001116] -> 0x0000
[978] [M]: 0x0000000080001114 (0x00000013) addi zero, zero, 0x0
mem[X,0x0000000080001118] -> 0x0013
mem[X,0x000000008000111A] -> 0x0000
[979] [M]: 0x0000000080001118 (0x00000013) addi zero, zero, 0x0
mem[X,0x000000008000111C] -> 0x0013
mem[X,0x000000008000111E] -> 0x0000
[980] [M]: 0x000000008000111C (0x00000013) addi zero, zero, 0x0
mem[X,0x0000000080001120] -> 0x00E7
mem[X,0x0000000080001122] -> 0x800D
[981] [M]: 0x0000000080001120 (0x800D00E7) jalr ra, -0x800(s10)
x1 <- 0x0000000080001124
mem[X,0x0000000080001134] -> 0xC093
mem[X,0x0000000080001136] -> 0x0030
[982] [M]: 0x0000000080001134 (0x0030C093) xori ra, ra, 0x3
x1 <- 0x0000000080001127
mem[X,0x0000000080001138] -> 0x006F
mem[X,0x000000008000113A] -> 0x0040
[983] [M]: 0x0000000080001138 (0x0040006F) jal zero, 0x4
mem[X,0x000000008000113C] -> 0x0013
mem[X,0x000000008000113E] -> 0x0000
[984] [M]: 0x000000008000113C (0x00000013) addi zero, zero, 0x0
mem[X,0x0000000080001140] -> 0x0397
mem[X,0x0000000080001142] -> 0x0000
[985] [M]: 0x0000000080001140 (0x00000397) auipc t2, 0x0
x7 <- 0x0000000080001140
mem[X,0x0000000080001144] -> 0x8393
mem[X,0x0000000080001146] -> 0xFAC3
[986] [M]: 0x0000000080001144 (0xFAC38393) addi t2, t2, -0x54
x7 <- 0x00000000800010EC
mem[X,0x0000000080001148] -> 0x0013
mem[X,0x000000008000114A] -> 0x0000
[987] [M]: 0x0000000080001148 (0x00000013) addi zero, zero, 0x0
mem[X,0x000000008000114C] -> 0x0013
mem[X,0x000000008000114E] -> 0x0000
[988] [M]: 0x000000008000114C (0x00000013) addi zero, zero, 0x0
mem[X,0x0000000080001150] -> 0x0013
mem[X,0x0000000080001152] -> 0x0000
[989] [M]: 0x0000000080001150 (0x00000013) addi zero, zero, 0x0
mem[X,0x0000000080001154] -> 0x0013
mem[X,0x0000000080001156] -> 0x0000
[990] [M]: 0x0000000080001154 (0x00000013) addi zero, zero, 0x0
mem[X,0x0000000080001158] -> 0x0013
mem[X,0x000000008000115A] -> 0x0000
[991] [M]: 0x0000000080001158 (0x00000013) addi zero, zero, 0x0
mem[X,0x000000008000115C] -> 0x0013
mem[X,0x000000008000115E] -> 0x0000
[992] [M]: 0x000000008000115C (0x00000013) addi zero, zero, 0x0
mem[X,0x0000000080001160] -> 0xF393
mem[X,0x0000000080001162] -> 0xFFC3
[993] [M]: 0x0000000080001160 (0xFFC3F393) andi t2, t2, -0x4
x7 <- 0x00000000800010EC
mem[X,0x0000000080001164] -> 0x80B3
mem[X,0x0000000080001166] -> 0x4070
[994] [M]: 0x0000000080001164 (0x407080B3) sub ra, ra, t2
x1 <- 0x000000000000003B
mem[X,0x0000000080001168] -> 0x3023
mem[X,0x000000008000116A] -> 0x0613
[995] [M]: 0x0000000080001168 (0x06133023) sd ra, 0x60(t1)
mem[0x0000000080004208] <- 0x000000000000003B
mem[X,0x000000008000116C] -> 0x0517
mem[X,0x000000008000116E] -> 0x0000
[996] [M]: 0x000000008000116C (0x00000517) auipc a0, 0x0
x10 <- 0x000000008000116C
mem[X,0x0000000080001170] -> 0x0013
mem[X,0x0000000080001172] -> 0x0000
[997] [M]: 0x0000000080001170 (0x00000013) addi zero, zero, 0x0
mem[X,0x0000000080001174] -> 0x0013
mem[X,0x0000000080001176] -> 0x0000
[998] [M]: 0x0000000080001174 (0x00000013) addi zero, zero, 0x0
mem[X,0x0000000080001178] -> 0x0013
mem[X,0x000000008000117A] -> 0x0000
[999] [M]: 0x0000000080001178 (0x00000013) addi zero, zero, 0x0
clint::tick mtime <- 0x000000000000000A
 clint timer pending at mtime 0x000000000000000A
htif::tick 0x0000000000000000
mem[X,0x000000008000117C] -> 0x0013
mem[X,0x000000008000117E] -> 0x0000
[1000] [M]: 0x000000008000117C (0x00000013) addi zero, zero, 0x0
mem[X,0x0000000080001180] -> 0x1C17
mem[X,0x0000000080001182] -> 0x0000
[1001] [M]: 0x0000000080001180 (0x00001C17) auipc s8, 0x1
x24 <- 0x0000000080002180
mem[X,0x0000000080001184] -> 0x0C13
mem[X,0x0000000080001186] -> 0x834C
[1002] [M]: 0x0000000080001184 (0x834C0C13) addi s8, s8, -0x7cc
x24 <- 0x00000000800019B4
mem[X,0x0000000080001188] -> 0x0013
mem[X,0x000000008000118A] -> 0x0000
[1003] [M]: 0x0000000080001188 (0x00000013) addi zero, zero, 0x0
mem[X,0x000000008000118C] -> 0x0013
mem[X,0x000000008000118E] -> 0x0000
[1004] [M]: 0x000000008000118C (0x00000013) addi zero, zero, 0x0
mem[X,0x0000000080001190] -> 0x0013
mem[X,0x0000000080001192] -> 0x0000
[1005] [M]: 0x0000000080001190 (0x00000013) addi zero, zero, 0x0
mem[X,0x0000000080001194] -> 0x0013
mem[X,0x0000000080001196] -> 0x0000
[1006] [M]: 0x0000000080001194 (0x00000013) addi zero, zero, 0x0
mem[X,0x0000000080001198] -> 0x0013
mem[X,0x000000008000119A] -> 0x0000
[1007] [M]: 0x0000000080001198 (0x00000013) addi zero, zero, 0x0
mem[X,0x000000008000119C] -> 0x0013
mem[X,0x000000008000119E] -> 0x0000
[1008] [M]: 0x000000008000119C (0x00000013) addi zero, zero, 0x0
mem[X,0x00000000800011A0] -> 0x0567
mem[X,0x00000000800011A2] -> 0x800C
[1009] [M]: 0x00000000800011A0 (0x800C0567) jalr a0, -0x800(s8)
x10 <- 0x00000000800011A4
mem[X,0x00000000800011B4] -> 0x4513
mem[X,0x00000000800011B6] -> 0x0035
[1010] [M]: 0x00000000800011B4 (0x00354513) xori a0, a0, 0x3
x10 <- 0x00000000800011A7
mem[X,0x00000000800011B8] -> 0x006F
mem[X,0x00000000800011BA] -> 0x0040
[1011] [M]: 0x00000000800011B8 (0x0040006F) jal zero, 0x4
mem[X,0x00000000800011BC] -> 0x0013
mem[X,0x00000000800011BE] -> 0x0000
[1012] [M]: 0x00000000800011BC (0x00000013) addi zero, zero, 0x0
mem[X,0x00000000800011C0] -> 0x0397
mem[X,0x00000000800011C2] -> 0x0000
[1013] [M]: 0x00000000800011C0 (0x00000397) auipc t2, 0x0
x7 <- 0x00000000800011C0
mem[X,0x00000000800011C4] -> 0x8393
mem[X,0x00000000800011C6] -> 0xFAC3
[1014] [M]: 0x00000000800011C4 (0xFAC38393) addi t2, t2, -0x54
x7 <- 0x000000008000116C
mem[X,0x00000000800011C8] -> 0x0013
mem[X,0x00000000800011CA] -> 0x0000
[1015] [M]: 0x00000000800011C8 (0x00000013) addi zero, zero, 0x0
mem[X,0x00000000800011CC] -> 0x0013
mem[X,0x00000000800011CE] -> 0x0000
[1016] [M]: 0x00000000800011CC (0x00000013) addi zero, zero, 0x0
mem[X,0x00000000800011D0] -> 0x0013
mem[X,0x00000000800011D2] -> 0x0000
[1017] [M]: 0x00000000800011D0 (0x00000013) addi zero, zero, 0x0
mem[X,0x00000000800011D4] -> 0x0013
mem[X,0x00000000800011D6] -> 0x0000
[1018] [M]: 0x00000000800011D4 (0x00000013) addi zero, zero, 0x0
mem[X,0x00000000800011D8] -> 0x0013
mem[X,0x00000000800011DA] -> 0x0000
[1019] [M]: 0x00000000800011D8 (0x00000013) addi zero, zero, 0x0
mem[X,0x00000000800011DC] -> 0x0013
mem[X,0x00000000800011DE] -> 0x0000
[1020] [M]: 0x00000000800011DC (0x00000013) addi zero, zero, 0x0
mem[X,0x00000000800011E0] -> 0xF393
mem[X,0x00000000800011E2] -> 0xFFC3
[1021] [M]: 0x00000000800011E0 (0xFFC3F393) andi t2, t2, -0x4
x7 <- 0x000000008000116C
mem[X,0x00000000800011E4] -> 0x0533
mem[X,0x00000000800011E6] -> 0x4075
[1022] [M]: 0x00000000800011E4 (0x40750533) sub a0, a0, t2
x10 <- 0x000000000000003B
mem[X,0x00000000800011E8] -> 0x3423
mem[X,0x00000000800011EA] -> 0x06A3
[1023] [M]: 0x00000000800011E8 (0x06A33423) sd a0, 0x68(t1)
mem[0x0000000080004210] <- 0x000000000000003B
mem[X,0x00000000800011EC] -> 0x0597
mem[X,0x00000000800011EE] -> 0x0000
[1024] [M]: 0x00000000800011EC (0x00000597) auipc a1, 0x0
x11 <- 0x00000000800011EC
mem[X,0x00000000800011F0] -> 0x0013
mem[X,0x00000000800011F2] -> 0x0000
[1025] [M]: 0x00000000800011F0 (0x00000013) addi zero, zero, 0x0
mem[X,0x00000000800011F4] -> 0x0013
mem[X,0x00000000800011F6] -> 0x0000
[1026] [M]: 0x00000000800011F4 (0x00000013) addi zero, zero, 0x0
mem[X,0x00000000800011F8] -> 0x0013
mem[X,0x00000000800011FA] -> 0x0000
[1027] [M]: 0x00000000800011F8 (0x00000013) addi zero, zero, 0x0
mem[X,0x00000000800011FC] -> 0x0013
mem[X,0x00000000800011FE] -> 0x0000
[1028] [M]: 0x00000000800011FC (0x00000013) addi zero, zero, 0x0
mem[X,0x0000000080001200] -> 0x0517
mem[X,0x0000000080001202] -> 0x0000
[1029] [M]: 0x0000000080001200 (0x00000517) auipc a0, 0x0
x10 <- 0x0000000080001200
mem[X,0x0000000080001204] -> 0x0513
mem[X,0x0000000080001206] -> 0x4355
[1030] [M]: 0x0000000080001204 (0x43550513) addi a0, a0, 0x435
x10 <- 0x0000000080001635
mem[X,0x0000000080001208] -> 0x0013
mem[X,0x000000008000120A] -> 0x0000
[1031] [M]: 0x0000000080001208 (0x00000013) addi zero, zero, 0x0
mem[X,0x000000008000120C] -> 0x0013
mem[X,0x000000008000120E] -> 0x0000
[1032] [M]: 0x000000008000120C (0x00000013) addi zero, zero, 0x0
mem[X,0x0000000080001210] -> 0x0013
mem[X,0x0000000080001212] -> 0x0000
[1033] [M]: 0x0000000080001210 (0x00000013) addi zero, zero, 0x0
mem[X,0x0000000080001214] -> 0x0013
mem[X,0x0000000080001216] -> 0x0000
[1034] [M]: 0x0000000080001214 (0x00000013) addi zero, zero, 0x0
mem[X,0x0000000080001218] -> 0x0013
mem[X,0x000000008000121A] -> 0x0000
[1035] [M]: 0x0000000080001218 (0x00000013) addi zero, zero, 0x0
mem[X,0x000000008000121C] -> 0x0013
mem[X,0x000000008000121E] -> 0x0000
[1036] [M]: 0x000000008000121C (0x00000013) addi zero, zero, 0x0
mem[X,0x0000000080001220] -> 0x05E7
mem[X,0x0000000080001222] -> 0xBFF5
[1037] [M]: 0x0000000080001220 (0xBFF505E7) jalr a1, -0x401(a0)
x11 <- 0x0000000080001224
mem[X,0x0000000080001234] -> 0xC593
mem[X,0x0000000080001236] -> 0x0035
[1038] [M]: 0x0000000080001234 (0x0035C593) xori a1, a1, 0x3
x11 <- 0x0000000080001227
mem[X,0x0000000080001238] -> 0x006F
mem[X,0x000000008000123A] -> 0x0040
[1039] [M]: 0x0000000080001238 (0x0040006F) jal zero, 0x4
mem[X,0x000000008000123C] -> 0x0013
mem[X,0x000000008000123E] -> 0x0000
[1040] [M]: 0x000000008000123C (0x00000013) addi zero, zero, 0x0
mem[X,0x0000000080001240] -> 0x0397
mem[X,0x0000000080001242] -> 0x0000
[1041] [M]: 0x0000000080001240 (0x00000397) auipc t2, 0x0
x7 <- 0x0000000080001240
mem[X,0x0000000080001244] -> 0x8393
mem[X,0x0000000080001246] -> 0xFAC3
[1042] [M]: 0x0000000080001244 (0xFAC38393) addi t2, t2, -0x54
x7 <- 0x00000000800011EC
mem[X,0x0000000080001248] -> 0x0013
mem[X,0x000000008000124A] -> 0x0000
[1043] [M]: 0x0000000080001248 (0x00000013) addi zero, zero, 0x0
mem[X,0x000000008000124C] -> 0x0013
mem[X,0x000000008000124E] -> 0x0000
[1044] [M]: 0x000000008000124C (0x00000013) addi zero, zero, 0x0
mem[X,0x0000000080001250] -> 0x0013
mem[X,0x0000000080001252] -> 0x0000
[1045] [M]: 0x0000000080001250 (0x00000013) addi zero, zero, 0x0
mem[X,0x0000000080001254] -> 0x0013
mem[X,0x0000000080001256] -> 0x0000
[1046] [M]: 0x0000000080001254 (0x00000013) addi zero, zero, 0x0
mem[X,0x0000000080001258] -> 0x0013
mem[X,0x000000008000125A] -> 0x0000
[1047] [M]: 0x0000000080001258 (0x00000013) addi zero, zero, 0x0
mem[X,0x000000008000125C] -> 0x0013
mem[X,0x000000008000125E] -> 0x0000
[1048] [M]: 0x000000008000125C (0x00000013) addi zero, zero, 0x0
mem[X,0x0000000080001260] -> 0xF393
mem[X,0x0000000080001262] -> 0xFFC3
[1049] [M]: 0x0000000080001260 (0xFFC3F393) andi t2, t2, -0x4
x7 <- 0x00000000800011EC
mem[X,0x0000000080001264] -> 0x85B3
mem[X,0x0000000080001266] -> 0x4075
[1050] [M]: 0x0000000080001264 (0x407585B3) sub a1, a1, t2
x11 <- 0x000000000000003B
mem[X,0x0000000080001268] -> 0x3823
mem[X,0x000000008000126A] -> 0x06B3
[1051] [M]: 0x0000000080001268 (0x06B33823) sd a1, 0x70(t1)
mem[0x0000000080004218] <- 0x000000000000003B
mem[X,0x000000008000126C] -> 0x006F
mem[X,0x000000008000126E] -> 0x0380
[1052] [M]: 0x000000008000126C (0x0380006F) jal zero, 0x38
mem[X,0x00000000800012A4] -> 0x0093
mem[X,0x00000000800012A6] -> 0x0010
[1053] [M]: 0x00000000800012A4 (0x00100093) addi ra, zero, 0x1
x1 <- 0x0000000000000001
mem[X,0x00000000800012A8] -> 0x1F17
mem[X,0x00000000800012AA] -> 0x0000
[1054] [M]: 0x00000000800012A8 (0x00001F17) auipc t5, 0x1
x30 <- 0x00000000800022A8
mem[X,0x00000000800012AC] -> 0x2C23
mem[X,0x00000000800012AE] -> 0xD41F
[1055] [M]: 0x00000000800012AC (0xD41F2C23) sw ra, -0x2a8(t5)
htif[0x0000000080002000] <- 0x00000001
mem[X,0x00000000800012B0] -> 0xF06F
mem[X,0x00000000800012B2] -> 0xFF9F
[1056] [M]: 0x00000000800012B0 (0xFF9FF06F) jal zero, -0x8
mem[X,0x00000000800012A8] -> 0x1F17
mem[X,0x00000000800012AA] -> 0x0000
[1057] [M]: 0x00000000800012A8 (0x00001F17) auipc t5, 0x1
x30 <- 0x00000000800022A8
mem[X,0x00000000800012AC] -> 0x2C23
mem[X,0x00000000800012AE] -> 0xD41F
[1058] [M]: 0x00000000800012AC (0xD41F2C23) sw ra, -0x2a8(t5)
htif[0x0000000080002000] <- 0x00000001
mem[X,0x00000000800012B0] -> 0xF06F
mem[X,0x00000000800012B2] -> 0xFF9F
[1059] [M]: 0x00000000800012B0 (0xFF9FF06F) jal zero, -0x8
mem[X,0x00000000800012A8] -> 0x1F17
mem[X,0x00000000800012AA] -> 0x0000
[1060] [M]: 0x00000000800012A8 (0x00001F17) auipc t5, 0x1
x30 <- 0x00000000800022A8
mem[X,0x00000000800012AC] -> 0x2C23
mem[X,0x00000000800012AE] -> 0xD41F
[1061] [M]: 0x00000000800012AC (0xD41F2C23) sw ra, -0x2a8(t5)
htif[0x0000000080002000] <- 0x00000001
htif-syscall-proxy cmd: 0x000000000001
SUCCESS
