using /home/mamir/tempo/riscof/riscof_work/rv64i_m/C/src/caddiw-01.S/ref/Reference-sail_c_simulator.signature for test-signature output.
tohost located at 0x80003000
Running file ref.elf.
ELF Entry @ 0x80000000
begin_signature: 0x80005110
end_signature: 0x80005ed0
CSR mstatus <- 0x0000000A00000000 (input: 0x0000000000000000)
mem[X,0x0000000000001000] -> 0x0297
mem[X,0x0000000000001002] -> 0x0000
[0] [M]: 0x0000000000001000 (0x00000297) auipc t0, 0x0
x5 <- 0x0000000000001000
mem[X,0x0000000000001004] -> 0x8593
mem[X,0x0000000000001006] -> 0x0202
[1] [M]: 0x0000000000001004 (0x02028593) addi a1, t0, 0x20
x11 <- 0x0000000000001020
mem[X,0x0000000000001008] -> 0x2573
mem[X,0x000000000000100A] -> 0xF140
[2] [M]: 0x0000000000001008 (0xF1402573) csrrs a0, mhartid, zero
CSR mhartid -> 0x0000000000000000
x10 <- 0x0000000000000000
mem[X,0x000000000000100C] -> 0xB283
mem[X,0x000000000000100E] -> 0x0182
[3] [M]: 0x000000000000100C (0x0182B283) ld t0, 0x18(t0)
mem[R,0x0000000000001018] -> 0x0000000080000000
x5 <- 0x0000000080000000
mem[X,0x0000000000001010] -> 0x8067
mem[X,0x0000000000001012] -> 0x0002
[4] [M]: 0x0000000000001010 (0x00028067) jalr zero, 0x0(t0)
mem[X,0x0000000080000000] -> 0x0837
mem[X,0x0000000080000002] -> 0x7D5C
[5] [M]: 0x0000000080000000 (0x7D5C0837) lui a6, 0x7d5c0
x16 <- 0x000000007D5C0000
mem[X,0x0000000080000004] -> 0x0813
mem[X,0x0000000080000006] -> 0xDDB8
[6] [M]: 0x0000000080000004 (0xDDB80813) addi a6, a6, -0x225
x16 <- 0x000000007D5BFDDB
mem[X,0x0000000080000008] -> 0x1813
mem[X,0x000000008000000A] -> 0x00B8
[7] [M]: 0x0000000080000008 (0x00B81813) slli a6, a6, 0xb
x16 <- 0x000003EADFEED800
mem[X,0x000000008000000C] -> 0x0813
mem[X,0x000000008000000E] -> 0x3EA8
[8] [M]: 0x000000008000000C (0x3EA80813) addi a6, a6, 0x3ea
x16 <- 0x000003EADFEEDBEA
mem[X,0x0000000080000010] -> 0x1813
mem[X,0x0000000080000012] -> 0x00B8
[9] [M]: 0x0000000080000010 (0x00B81813) slli a6, a6, 0xb
x16 <- 0x001F56FF76DF5000
mem[X,0x0000000080000014] -> 0x0813
mem[X,0x0000000080000016] -> 0x6FF8
[10] [M]: 0x0000000080000014 (0x6FF80813) addi a6, a6, 0x6ff
x16 <- 0x001F56FF76DF56FF
mem[X,0x0000000080000018] -> 0x1813
mem[X,0x000000008000001A] -> 0x00A8
[11] [M]: 0x0000000080000018 (0x00A81813) slli a6, a6, 0xa
x16 <- 0x7D5BFDDB7D5BFC00
mem[X,0x000000008000001C] -> 0x0813
mem[X,0x000000008000001E] -> 0x1DB8
[12] [M]: 0x000000008000001C (0x1DB80813) addi a6, a6, 0x1db
x16 <- 0x7D5BFDDB7D5BFDDB
mem[X,0x0000000080000020] -> 0x5893
mem[X,0x0000000080000022] -> 0x0078
[13] [M]: 0x0000000080000020 (0x00785893) srli a7, a6, 0x7
x17 <- 0x00FAB7FBB6FAB7FB
mem[X,0x0000000080000024] -> 0x5793
mem[X,0x0000000080000026] -> 0x0398
[14] [M]: 0x0000000080000024 (0x03985793) srli a5, a6, 0x39
x15 <- 0x000000000000003E
mem[X,0x0000000080000028] -> 0xE8B3
mem[X,0x000000008000002A] -> 0x00F8
[15] [M]: 0x0000000080000028 (0x00F8E8B3) or a7, a7, a5
x17 <- 0x00FAB7FBB6FAB7FF
mem[X,0x000000008000002C] -> 0xD913
mem[X,0x000000008000002E] -> 0x0078
[16] [M]: 0x000000008000002C (0x0078D913) srli s2, a7, 0x7
x18 <- 0x0001F56FF76DF56F
mem[X,0x0000000080000030] -> 0xD793
mem[X,0x0000000080000032] -> 0x0398
[17] [M]: 0x0000000080000030 (0x0398D793) srli a5, a7, 0x39
x15 <- 0x0000000000000000
mem[X,0x0000000080000034] -> 0x6933
mem[X,0x0000000080000036] -> 0x00F9
[18] [M]: 0x0000000080000034 (0x00F96933) or s2, s2, a5
x18 <- 0x0001F56FF76DF56F
mem[X,0x0000000080000038] -> 0x5993
mem[X,0x000000008000003A] -> 0x0079
[19] [M]: 0x0000000080000038 (0x00795993) srli s3, s2, 0x7
x19 <- 0x000003EADFEEDBEA
mem[X,0x000000008000003C] -> 0x5793
mem[X,0x000000008000003E] -> 0x0399
[20] [M]: 0x000000008000003C (0x03995793) srli a5, s2, 0x39
x15 <- 0x0000000000000000
mem[X,0x0000000080000040] -> 0xE9B3
mem[X,0x0000000080000042] -> 0x00F9
[21] [M]: 0x0000000080000040 (0x00F9E9B3) or s3, s3, a5
x19 <- 0x000003EADFEEDBEA
mem[X,0x0000000080000044] -> 0xDA13
mem[X,0x0000000080000046] -> 0x0079
[22] [M]: 0x0000000080000044 (0x0079DA13) srli s4, s3, 0x7
x20 <- 0x00000007D5BFDDB7
mem[X,0x0000000080000048] -> 0xD793
mem[X,0x000000008000004A] -> 0x0399
[23] [M]: 0x0000000080000048 (0x0399D793) srli a5, s3, 0x39
x15 <- 0x0000000000000000
mem[X,0x000000008000004C] -> 0x6A33
mem[X,0x000000008000004E] -> 0x00FA
[24] [M]: 0x000000008000004C (0x00FA6A33) or s4, s4, a5
x20 <- 0x00000007D5BFDDB7
mem[X,0x0000000080000050] -> 0x5A93
mem[X,0x0000000080000052] -> 0x007A
[25] [M]: 0x0000000080000050 (0x007A5A93) srli s5, s4, 0x7
x21 <- 0x000000000FAB7FBB
mem[X,0x0000000080000054] -> 0x5793
mem[X,0x0000000080000056] -> 0x039A
[26] [M]: 0x0000000080000054 (0x039A5793) srli a5, s4, 0x39
x15 <- 0x0000000000000000
mem[X,0x0000000080000058] -> 0xEAB3
mem[X,0x000000008000005A] -> 0x00FA
[27] [M]: 0x0000000080000058 (0x00FAEAB3) or s5, s5, a5
x21 <- 0x000000000FAB7FBB
mem[X,0x000000008000005C] -> 0xDB13
mem[X,0x000000008000005E] -> 0x007A
[28] [M]: 0x000000008000005C (0x007ADB13) srli s6, s5, 0x7
x22 <- 0x00000000001F56FF
mem[X,0x0000000080000060] -> 0xD793
mem[X,0x0000000080000062] -> 0x039A
[29] [M]: 0x0000000080000060 (0x039AD793) srli a5, s5, 0x39
x15 <- 0x0000000000000000
mem[X,0x0000000080000064] -> 0x6B33
mem[X,0x0000000080000066] -> 0x00FB
[30] [M]: 0x0000000080000064 (0x00FB6B33) or s6, s6, a5
x22 <- 0x00000000001F56FF
mem[X,0x0000000080000068] -> 0x5B93
mem[X,0x000000008000006A] -> 0x007B
[31] [M]: 0x0000000080000068 (0x007B5B93) srli s7, s6, 0x7
x23 <- 0x0000000000003EAD
mem[X,0x000000008000006C] -> 0x5793
mem[X,0x000000008000006E] -> 0x039B
[32] [M]: 0x000000008000006C (0x039B5793) srli a5, s6, 0x39
x15 <- 0x0000000000000000
mem[X,0x0000000080000070] -> 0xEBB3
mem[X,0x0000000080000072] -> 0x00FB
[33] [M]: 0x0000000080000070 (0x00FBEBB3) or s7, s7, a5
x23 <- 0x0000000000003EAD
mem[X,0x0000000080000074] -> 0xDC13
mem[X,0x0000000080000076] -> 0x007B
[34] [M]: 0x0000000080000074 (0x007BDC13) srli s8, s7, 0x7
x24 <- 0x000000000000007D
mem[X,0x0000000080000078] -> 0xD793
mem[X,0x000000008000007A] -> 0x039B
[35] [M]: 0x0000000080000078 (0x039BD793) srli a5, s7, 0x39
x15 <- 0x0000000000000000
mem[X,0x000000008000007C] -> 0x6C33
mem[X,0x000000008000007E] -> 0x00FC
[36] [M]: 0x000000008000007C (0x00FC6C33) or s8, s8, a5
x24 <- 0x000000000000007D
mem[X,0x0000000080000080] -> 0x5C93
mem[X,0x0000000080000082] -> 0x007C
[37] [M]: 0x0000000080000080 (0x007C5C93) srli s9, s8, 0x7
x25 <- 0x0000000000000000
mem[X,0x0000000080000084] -> 0x5793
mem[X,0x0000000080000086] -> 0x039C
[38] [M]: 0x0000000080000084 (0x039C5793) srli a5, s8, 0x39
x15 <- 0x0000000000000000
mem[X,0x0000000080000088] -> 0xECB3
mem[X,0x000000008000008A] -> 0x00FC
[39] [M]: 0x0000000080000088 (0x00FCECB3) or s9, s9, a5
x25 <- 0x0000000000000000
mem[X,0x000000008000008C] -> 0xDD13
mem[X,0x000000008000008E] -> 0x007C
[40] [M]: 0x000000008000008C (0x007CDD13) srli s10, s9, 0x7
x26 <- 0x0000000000000000
mem[X,0x0000000080000090] -> 0xD793
mem[X,0x0000000080000092] -> 0x039C
[41] [M]: 0x0000000080000090 (0x039CD793) srli a5, s9, 0x39
x15 <- 0x0000000000000000
mem[X,0x0000000080000094] -> 0x6D33
mem[X,0x0000000080000096] -> 0x00FD
[42] [M]: 0x0000000080000094 (0x00FD6D33) or s10, s10, a5
x26 <- 0x0000000000000000
mem[X,0x0000000080000098] -> 0x5D93
mem[X,0x000000008000009A] -> 0x007D
[43] [M]: 0x0000000080000098 (0x007D5D93) srli s11, s10, 0x7
x27 <- 0x0000000000000000
mem[X,0x000000008000009C] -> 0x5793
mem[X,0x000000008000009E] -> 0x039D
[44] [M]: 0x000000008000009C (0x039D5793) srli a5, s10, 0x39
x15 <- 0x0000000000000000
mem[X,0x00000000800000A0] -> 0xEDB3
mem[X,0x00000000800000A2] -> 0x00FD
[45] [M]: 0x00000000800000A0 (0x00FDEDB3) or s11, s11, a5
x27 <- 0x0000000000000000
mem[X,0x00000000800000A4] -> 0xDE13
mem[X,0x00000000800000A6] -> 0x007D
[46] [M]: 0x00000000800000A4 (0x007DDE13) srli t3, s11, 0x7
x28 <- 0x0000000000000000
mem[X,0x00000000800000A8] -> 0xD793
mem[X,0x00000000800000AA] -> 0x039D
[47] [M]: 0x00000000800000A8 (0x039DD793) srli a5, s11, 0x39
x15 <- 0x0000000000000000
mem[X,0x00000000800000AC] -> 0x6E33
mem[X,0x00000000800000AE] -> 0x00FE
[48] [M]: 0x00000000800000AC (0x00FE6E33) or t3, t3, a5
x28 <- 0x0000000000000000
mem[X,0x00000000800000B0] -> 0x5E93
mem[X,0x00000000800000B2] -> 0x007E
[49] [M]: 0x00000000800000B0 (0x007E5E93) srli t4, t3, 0x7
x29 <- 0x0000000000000000
mem[X,0x00000000800000B4] -> 0x5793
mem[X,0x00000000800000B6] -> 0x039E
[50] [M]: 0x00000000800000B4 (0x039E5793) srli a5, t3, 0x39
x15 <- 0x0000000000000000
mem[X,0x00000000800000B8] -> 0xEEB3
mem[X,0x00000000800000BA] -> 0x00FE
[51] [M]: 0x00000000800000B8 (0x00FEEEB3) or t4, t4, a5
x29 <- 0x0000000000000000
mem[X,0x00000000800000BC] -> 0xDF13
mem[X,0x00000000800000BE] -> 0x007E
[52] [M]: 0x00000000800000BC (0x007EDF13) srli t5, t4, 0x7
x30 <- 0x0000000000000000
mem[X,0x00000000800000C0] -> 0xD793
mem[X,0x00000000800000C2] -> 0x039E
[53] [M]: 0x00000000800000C0 (0x039ED793) srli a5, t4, 0x39
x15 <- 0x0000000000000000
mem[X,0x00000000800000C4] -> 0x6F33
mem[X,0x00000000800000C6] -> 0x00FF
[54] [M]: 0x00000000800000C4 (0x00FF6F33) or t5, t5, a5
x30 <- 0x0000000000000000
mem[X,0x00000000800000C8] -> 0xC0B7
mem[X,0x00000000800000CA] -> 0xFEED
[55] [M]: 0x00000000800000C8 (0xFEEDC0B7) lui ra, -0x1124
x1 <- 0xFFFFFFFFFEEDC000
mem[X,0x00000000800000CC] -> 0x8093
mem[X,0x00000000800000CE] -> 0xEAD0
[56] [M]: 0x00000000800000CC (0xEAD08093) addi ra, ra, -0x153
x1 <- 0xFFFFFFFFFEEDBEAD
mem[X,0x00000000800000D0] -> 0x9093
mem[X,0x00000000800000D2] -> 0x00B0
[57] [M]: 0x00000000800000D0 (0x00B09093) slli ra, ra, 0xb
x1 <- 0xFFFFFFF76DF56800
mem[X,0x00000000800000D4] -> 0x8093
mem[X,0x00000000800000D6] -> 0x7F70
[58] [M]: 0x00000000800000D4 (0x7F708093) addi ra, ra, 0x7f7
x1 <- 0xFFFFFFF76DF56FF7
mem[X,0x00000000800000D8] -> 0x9093
mem[X,0x00000000800000DA] -> 0x00B0
[59] [M]: 0x00000000800000D8 (0x00B09093) slli ra, ra, 0xb
x1 <- 0xFFFFBB6FAB7FB800
mem[X,0x00000000800000DC] -> 0x8093
mem[X,0x00000000800000DE] -> 0x36F0
[60] [M]: 0x00000000800000DC (0x36F08093) addi ra, ra, 0x36f
x1 <- 0xFFFFBB6FAB7FBB6F
mem[X,0x00000000800000E0] -> 0x9093
mem[X,0x00000000800000E2] -> 0x00A0
[61] [M]: 0x00000000800000E0 (0x00A09093) slli ra, ra, 0xa
x1 <- 0xFEEDBEADFEEDBC00
mem[X,0x00000000800000E4] -> 0x8093
mem[X,0x00000000800000E6] -> 0x2AD0
[62] [M]: 0x00000000800000E4 (0x2AD08093) addi ra, ra, 0x2ad
x1 <- 0xFEEDBEADFEEDBEAD
mem[X,0x00000000800000E8] -> 0xD113
mem[X,0x00000000800000EA] -> 0x0070
[63] [M]: 0x00000000800000E8 (0x0070D113) srli sp, ra, 0x7
x2 <- 0x01FDDB7D5BFDDB7D
mem[X,0x00000000800000EC] -> 0xD793
mem[X,0x00000000800000EE] -> 0x0390
[64] [M]: 0x00000000800000EC (0x0390D793) srli a5, ra, 0x39
x15 <- 0x000000000000007F
mem[X,0x00000000800000F0] -> 0x6133
mem[X,0x00000000800000F2] -> 0x00F1
[65] [M]: 0x00000000800000F0 (0x00F16133) or sp, sp, a5
x2 <- 0x01FDDB7D5BFDDB7F
mem[X,0x00000000800000F4] -> 0x5193
mem[X,0x00000000800000F6] -> 0x0071
[66] [M]: 0x00000000800000F4 (0x00715193) srli gp, sp, 0x7
x3 <- 0x0003FBB6FAB7FBB6
mem[X,0x00000000800000F8] -> 0x5793
mem[X,0x00000000800000FA] -> 0x0391
[67] [M]: 0x00000000800000F8 (0x03915793) srli a5, sp, 0x39
x15 <- 0x0000000000000000
mem[X,0x00000000800000FC] -> 0xE1B3
mem[X,0x00000000800000FE] -> 0x00F1
[68] [M]: 0x00000000800000FC (0x00F1E1B3) or gp, gp, a5
x3 <- 0x0003FBB6FAB7FBB6
mem[X,0x0000000080000100] -> 0xD213
mem[X,0x0000000080000102] -> 0x0071
[69] [M]: 0x0000000080000100 (0x0071D213) srli tp, gp, 0x7
x4 <- 0x000007F76DF56FF7
mem[X,0x0000000080000104] -> 0xD793
mem[X,0x0000000080000106] -> 0x0391
[70] [M]: 0x0000000080000104 (0x0391D793) srli a5, gp, 0x39
x15 <- 0x0000000000000000
mem[X,0x0000000080000108] -> 0x6233
mem[X,0x000000008000010A] -> 0x00F2
[71] [M]: 0x0000000080000108 (0x00F26233) or tp, tp, a5
x4 <- 0x000007F76DF56FF7
mem[X,0x000000008000010C] -> 0x5293
mem[X,0x000000008000010E] -> 0x0072
[72] [M]: 0x000000008000010C (0x00725293) srli t0, tp, 0x7
x5 <- 0x0000000FEEDBEADF
mem[X,0x0000000080000110] -> 0x5793
mem[X,0x0000000080000112] -> 0x0392
[73] [M]: 0x0000000080000110 (0x03925793) srli a5, tp, 0x39
x15 <- 0x0000000000000000
mem[X,0x0000000080000114] -> 0xE2B3
mem[X,0x0000000080000116] -> 0x00F2
[74] [M]: 0x0000000080000114 (0x00F2E2B3) or t0, t0, a5
x5 <- 0x0000000FEEDBEADF
mem[X,0x0000000080000118] -> 0xD313
mem[X,0x000000008000011A] -> 0x0072
[75] [M]: 0x0000000080000118 (0x0072D313) srli t1, t0, 0x7
x6 <- 0x000000001FDDB7D5
mem[X,0x000000008000011C] -> 0xD793
mem[X,0x000000008000011E] -> 0x0392
[76] [M]: 0x000000008000011C (0x0392D793) srli a5, t0, 0x39
x15 <- 0x0000000000000000
mem[X,0x0000000080000120] -> 0x6333
mem[X,0x0000000080000122] -> 0x00F3
[77] [M]: 0x0000000080000120 (0x00F36333) or t1, t1, a5
x6 <- 0x000000001FDDB7D5
mem[X,0x0000000080000124] -> 0x5393
mem[X,0x0000000080000126] -> 0x0073
[78] [M]: 0x0000000080000124 (0x00735393) srli t2, t1, 0x7
x7 <- 0x00000000003FBB6F
mem[X,0x0000000080000128] -> 0x5793
mem[X,0x000000008000012A] -> 0x0393
[79] [M]: 0x0000000080000128 (0x03935793) srli a5, t1, 0x39
x15 <- 0x0000000000000000
mem[X,0x000000008000012C] -> 0xE3B3
mem[X,0x000000008000012E] -> 0x00F3
[80] [M]: 0x000000008000012C (0x00F3E3B3) or t2, t2, a5
x7 <- 0x00000000003FBB6F
mem[X,0x0000000080000130] -> 0xD413
mem[X,0x0000000080000132] -> 0x0073
[81] [M]: 0x0000000080000130 (0x0073D413) srli fp, t2, 0x7
x8 <- 0x0000000000007F76
mem[X,0x0000000080000134] -> 0xD793
mem[X,0x0000000080000136] -> 0x0393
[82] [M]: 0x0000000080000134 (0x0393D793) srli a5, t2, 0x39
x15 <- 0x0000000000000000
mem[X,0x0000000080000138] -> 0x6433
mem[X,0x000000008000013A] -> 0x00F4
[83] [M]: 0x0000000080000138 (0x00F46433) or fp, fp, a5
x8 <- 0x0000000000007F76
mem[X,0x000000008000013C] -> 0x5493
mem[X,0x000000008000013E] -> 0x0074
[84] [M]: 0x000000008000013C (0x00745493) srli s1, fp, 0x7
x9 <- 0x00000000000000FE
mem[X,0x0000000080000140] -> 0x5793
mem[X,0x0000000080000142] -> 0x0394
[85] [M]: 0x0000000080000140 (0x03945793) srli a5, fp, 0x39
x15 <- 0x0000000000000000
mem[X,0x0000000080000144] -> 0xE4B3
mem[X,0x0000000080000146] -> 0x00F4
[86] [M]: 0x0000000080000144 (0x00F4E4B3) or s1, s1, a5
x9 <- 0x00000000000000FE
mem[X,0x0000000080000148] -> 0xD513
mem[X,0x000000008000014A] -> 0x0074
[87] [M]: 0x0000000080000148 (0x0074D513) srli a0, s1, 0x7
x10 <- 0x0000000000000001
mem[X,0x000000008000014C] -> 0xD793
mem[X,0x000000008000014E] -> 0x0394
[88] [M]: 0x000000008000014C (0x0394D793) srli a5, s1, 0x39
x15 <- 0x0000000000000000
mem[X,0x0000000080000150] -> 0x6533
mem[X,0x0000000080000152] -> 0x00F5
[89] [M]: 0x0000000080000150 (0x00F56533) or a0, a0, a5
x10 <- 0x0000000000000001
mem[X,0x0000000080000154] -> 0x5593
mem[X,0x0000000080000156] -> 0x0075
[90] [M]: 0x0000000080000154 (0x00755593) srli a1, a0, 0x7
x11 <- 0x0000000000000000
mem[X,0x0000000080000158] -> 0x5793
mem[X,0x000000008000015A] -> 0x0395
[91] [M]: 0x0000000080000158 (0x03955793) srli a5, a0, 0x39
x15 <- 0x0000000000000000
mem[X,0x000000008000015C] -> 0xE5B3
mem[X,0x000000008000015E] -> 0x00F5
[92] [M]: 0x000000008000015C (0x00F5E5B3) or a1, a1, a5
x11 <- 0x0000000000000000
mem[X,0x0000000080000160] -> 0xD613
mem[X,0x0000000080000162] -> 0x0075
[93] [M]: 0x0000000080000160 (0x0075D613) srli a2, a1, 0x7
x12 <- 0x0000000000000000
mem[X,0x0000000080000164] -> 0xD793
mem[X,0x0000000080000166] -> 0x0395
[94] [M]: 0x0000000080000164 (0x0395D793) srli a5, a1, 0x39
x15 <- 0x0000000000000000
mem[X,0x0000000080000168] -> 0x6633
mem[X,0x000000008000016A] -> 0x00F6
[95] [M]: 0x0000000080000168 (0x00F66633) or a2, a2, a5
x12 <- 0x0000000000000000
mem[X,0x000000008000016C] -> 0x5693
mem[X,0x000000008000016E] -> 0x0076
[96] [M]: 0x000000008000016C (0x00765693) srli a3, a2, 0x7
x13 <- 0x0000000000000000
mem[X,0x0000000080000170] -> 0x5793
mem[X,0x0000000080000172] -> 0x0396
[97] [M]: 0x0000000080000170 (0x03965793) srli a5, a2, 0x39
x15 <- 0x0000000000000000
mem[X,0x0000000080000174] -> 0xE6B3
mem[X,0x0000000080000176] -> 0x00F6
[98] [M]: 0x0000000080000174 (0x00F6E6B3) or a3, a3, a5
x13 <- 0x0000000000000000
mem[X,0x0000000080000178] -> 0x0013
mem[X,0x000000008000017A] -> 0x0000
[99] [M]: 0x0000000080000178 (0x00000013) addi zero, zero, 0x0
clint::tick mtime <- 0x0000000000000001
 clint timer pending at mtime 0x0000000000000001
htif::tick 0x0000000000000000
mem[X,0x000000008000017C] -> 0x0013
mem[X,0x000000008000017E] -> 0x0000
[100] [M]: 0x000000008000017C (0x00000013) addi zero, zero, 0x0
mem[X,0x0000000080000180] -> 0x5117
mem[X,0x0000000080000182] -> 0x0000
[101] [M]: 0x0000000080000180 (0x00005117) auipc sp, 0x5
x2 <- 0x0000000080005180
mem[X,0x0000000080000184] -> 0x0113
mem[X,0x0000000080000186] -> 0xF981
[102] [M]: 0x0000000080000184 (0xF9810113) addi sp, sp, -0x68
x2 <- 0x0000000080005118
mem[X,0x0000000080000188] -> 0x0013
mem[X,0x000000008000018A] -> 0x0000
[103] [M]: 0x0000000080000188 (0x00000013) addi zero, zero, 0x0
mem[X,0x000000008000018C] -> 0x0013
mem[X,0x000000008000018E] -> 0x0000
[104] [M]: 0x000000008000018C (0x00000013) addi zero, zero, 0x0
mem[X,0x0000000080000190] -> 0x0013
mem[X,0x0000000080000192] -> 0x0000
[105] [M]: 0x0000000080000190 (0x00000013) addi zero, zero, 0x0
mem[X,0x0000000080000194] -> 0x0013
mem[X,0x0000000080000196] -> 0x0000
[106] [M]: 0x0000000080000194 (0x00000013) addi zero, zero, 0x0
mem[X,0x0000000080000198] -> 0x0013
mem[X,0x000000008000019A] -> 0x0000
[107] [M]: 0x0000000080000198 (0x00000013) addi zero, zero, 0x0
mem[X,0x000000008000019C] -> 0x0013
mem[X,0x000000008000019E] -> 0x0000
[108] [M]: 0x000000008000019C (0x00000013) addi zero, zero, 0x0
mem[X,0x00000000800001A0] -> 0x0493
mem[X,0x00000000800001A2] -> 0x0100
[109] [M]: 0x00000000800001A0 (0x01000493) addi s1, zero, 0x10
x9 <- 0x0000000000000010
mem[X,0x00000000800001A4] -> 0x24C1
[110] [M]: 0x00000000800001A4 (0x24C1) c.addiw s1, 0x10
x9 <- 0x0000000000000020
mem[X,0x00000000800001A6] -> 0xE026
[111] [M]: 0x00000000800001A6 (0xE026) c.sdsp s1, 0x0
mem[0x0000000080005118] <- 0x0000000000000020
mem[X,0x00000000800001A8] -> 0x0393
mem[X,0x00000000800001AA] -> 0x0010
[112] [M]: 0x00000000800001A8 (0x00100393) addi t2, zero, 0x1
x7 <- 0x0000000000000001
mem[X,0x00000000800001AC] -> 0x9393
mem[X,0x00000000800001AE] -> 0x00F3
[113] [M]: 0x00000000800001AC (0x00F39393) slli t2, t2, 0xf
x7 <- 0x0000000000008000
mem[X,0x00000000800001B0] -> 0x239D
[114] [M]: 0x00000000800001B0 (0x239D) c.addiw t2, 0x7
x7 <- 0x0000000000008007
mem[X,0x00000000800001B2] -> 0xE41E
[115] [M]: 0x00000000800001B2 (0xE41E) c.sdsp t2, 0x1
mem[0x0000000080005120] <- 0x0000000000008007
mem[X,0x00000000800001B4] -> 0x0F93
mem[X,0x00000000800001B6] -> 0x0010
[116] [M]: 0x00000000800001B4 (0x00100F93) addi t6, zero, 0x1
x31 <- 0x0000000000000001
mem[X,0x00000000800001B8] -> 0x9F93
mem[X,0x00000000800001BA] -> 0x039F
[117] [M]: 0x00000000800001B8 (0x039F9F93) slli t6, t6, 0x39
x31 <- 0x0200000000000000
mem[X,0x00000000800001BC] -> 0x3FFD
[118] [M]: 0x00000000800001BC (0x3FFD) c.addiw t6, -0x1
x31 <- 0xFFFFFFFFFFFFFFFF
mem[X,0x00000000800001BE] -> 0xE87E
[119] [M]: 0x00000000800001BE (0xE87E) c.sdsp t6, 0x2
mem[0x0000000080005128] <- 0xFFFFFFFFFFFFFFFF
mem[X,0x00000000800001C0] -> 0x0513
mem[X,0x00000000800001C2] -> 0x0010
[120] [M]: 0x00000000800001C0 (0x00100513) addi a0, zero, 0x1
x10 <- 0x0000000000000001
mem[X,0x00000000800001C4] -> 0x1513
mem[X,0x00000000800001C6] -> 0x00C5
[121] [M]: 0x00000000800001C4 (0x00C51513) slli a0, a0, 0xc
x10 <- 0x0000000000001000
mem[X,0x00000000800001C8] -> 0x4513
mem[X,0x00000000800001CA] -> 0xFFF5
[122] [M]: 0x00000000800001C8 (0xFFF54513) xori a0, a0, -0x1
x10 <- 0xFFFFFFFFFFFFEFFF
mem[X,0x00000000800001CC] -> 0x250D
[123] [M]: 0x00000000800001CC (0x250D) c.addiw a0, 0x3
x10 <- 0xFFFFFFFFFFFFF002
mem[X,0x00000000800001CE] -> 0xEC2A
[124] [M]: 0x00000000800001CE (0xEC2A) c.sdsp a0, 0x3
mem[0x0000000080005130] <- 0xFFFFFFFFFFFFF002
mem[X,0x00000000800001D0] -> 0x0813
mem[X,0x00000000800001D2] -> 0xDFF0
[125] [M]: 0x00000000800001D0 (0xDFF00813) addi a6, zero, -0x201
x16 <- 0xFFFFFFFFFFFFFDFF
mem[X,0x00000000800001D4] -> 0x3829
[126] [M]: 0x00000000800001D4 (0x3829) c.addiw a6, -0x16
x16 <- 0xFFFFFFFFFFFFFDE9
mem[X,0x00000000800001D6] -> 0xF042
[127] [M]: 0x00000000800001D6 (0xF042) c.sdsp a6, 0x4
mem[0x0000000080005138] <- 0xFFFFFFFFFFFFFDE9
mem[X,0x00000000800001D8] -> 0x0D93
mem[X,0x00000000800001DA] -> 0x0010
[128] [M]: 0x00000000800001D8 (0x00100D93) addi s11, zero, 0x1
x27 <- 0x0000000000000001
mem[X,0x00000000800001DC] -> 0x9D93
mem[X,0x00000000800001DE] -> 0x032D
[129] [M]: 0x00000000800001DC (0x032D9D93) slli s11, s11, 0x32
x27 <- 0x0004000000000000
mem[X,0x00000000800001E0] -> 0x3D81
[130] [M]: 0x00000000800001E0 (0x3D81) c.addiw s11, -0x20
x27 <- 0xFFFFFFFFFFFFFFE0
mem[X,0x00000000800001E2] -> 0xF46E
[131] [M]: 0x00000000800001E2 (0xF46E) c.sdsp s11, 0x5
mem[0x0000000080005140] <- 0xFFFFFFFFFFFFFFE0
mem[X,0x00000000800001E4] -> 0x0913
mem[X,0x00000000800001E6] -> 0xFF80
[132] [M]: 0x00000000800001E4 (0xFF800913) addi s2, zero, -0x8
x18 <- 0xFFFFFFFFFFFFFFF8
mem[X,0x00000000800001E8] -> 0x2901
[133] [M]: 0x00000000800001E8 (0x2901) c.addiw s2, 0x0
x18 <- 0xFFFFFFFFFFFFFFF8
mem[X,0x00000000800001EA] -> 0xF84A
[134] [M]: 0x00000000800001EA (0xF84A) c.sdsp s2, 0x6
mem[0x0000000080005148] <- 0xFFFFFFFFFFFFFFF8
mem[X,0x00000000800001EC] -> 0x0A93
mem[X,0x00000000800001EE] -> 0x0010
[135] [M]: 0x00000000800001EC (0x00100A93) addi s5, zero, 0x1
x21 <- 0x0000000000000001
mem[X,0x00000000800001F0] -> 0x9A93
mem[X,0x00000000800001F2] -> 0x017A
[136] [M]: 0x00000000800001F0 (0x017A9A93) slli s5, s5, 0x17
x21 <- 0x0000000000800000
mem[X,0x00000000800001F4] -> 0xCA93
mem[X,0x00000000800001F6] -> 0xFFFA
[137] [M]: 0x00000000800001F4 (0xFFFACA93) xori s5, s5, -0x1
x21 <- 0xFFFFFFFFFF7FFFFF
mem[X,0x00000000800001F8] -> 0x2AFD
[138] [M]: 0x00000000800001F8 (0x2AFD) c.addiw s5, 0x1f
x21 <- 0xFFFFFFFFFF80001E
mem[X,0x00000000800001FA] -> 0xFC56
[139] [M]: 0x00000000800001FA (0xFC56) c.sdsp s5, 0x7
mem[0x0000000080005150] <- 0xFFFFFFFFFF80001E
mem[X,0x00000000800001FC] -> 0x0593
mem[X,0x00000000800001FE] -> 0x0010
[140] [M]: 0x00000000800001FC (0x00100593) addi a1, zero, 0x1
x11 <- 0x0000000000000001
mem[X,0x0000000080000200] -> 0x9593
mem[X,0x0000000080000202] -> 0x0245
[141] [M]: 0x0000000080000200 (0x02459593) slli a1, a1, 0x24
x11 <- 0x0000001000000000
mem[X,0x0000000080000204] -> 0xC593
mem[X,0x0000000080000206] -> 0xFFF5
[142] [M]: 0x0000000080000204 (0xFFF5C593) xori a1, a1, -0x1
x11 <- 0xFFFFFFEFFFFFFFFF
mem[X,0x0000000080000208] -> 0x2585
[143] [M]: 0x0000000080000208 (0x2585) c.addiw a1, 0x1
x11 <- 0x0000000000000000
mem[X,0x000000008000020A] -> 0xE0AE
[144] [M]: 0x000000008000020A (0xE0AE) c.sdsp a1, 0x8
mem[0x0000000080005158] <- 0x0000000000000000
mem[X,0x000000008000020C] -> 0x0213
mem[X,0x000000008000020E] -> 0xFFF0
[145] [M]: 0x000000008000020C (0xFFF00213) addi tp, zero, -0x1
x4 <- 0xFFFFFFFFFFFFFFFF
mem[X,0x0000000080000210] -> 0x1213
mem[X,0x0000000080000212] -> 0x03F2
[146] [M]: 0x0000000080000210 (0x03F21213) slli tp, tp, 0x3f
x4 <- 0x8000000000000000
mem[X,0x0000000080000214] -> 0x2215
[147] [M]: 0x0000000080000214 (0x2215) c.addiw tp, 0x5
x4 <- 0x0000000000000005
mem[X,0x0000000080000216] -> 0xE492
[148] [M]: 0x0000000080000216 (0xE492) c.sdsp tp, 0x9
mem[0x0000000080005160] <- 0x0000000000000005
mem[X,0x0000000080000218] -> 0x0193
mem[X,0x000000008000021A] -> 0x0000
[149] [M]: 0x0000000080000218 (0x00000193) addi gp, zero, 0x0
x3 <- 0x0000000000000000
mem[X,0x000000008000021C] -> 0x2191
[150] [M]: 0x000000008000021C (0x2191) c.addiw gp, 0x4
x3 <- 0x0000000000000004
mem[X,0x000000008000021E] -> 0xE88E
[151] [M]: 0x000000008000021E (0xE88E) c.sdsp gp, 0xa
mem[0x0000000080005168] <- 0x0000000000000004
mem[X,0x0000000080000220] -> 0x0C13
mem[X,0x0000000080000222] -> 0xFFF0
[152] [M]: 0x0000000080000220 (0xFFF00C13) addi s8, zero, -0x1
x24 <- 0xFFFFFFFFFFFFFFFF
mem[X,0x0000000080000224] -> 0x5C13
mem[X,0x0000000080000226] -> 0x001C
[153] [M]: 0x0000000080000224 (0x001C5C13) srli s8, s8, 0x1
x24 <- 0x7FFFFFFFFFFFFFFF
mem[X,0x0000000080000228] -> 0x2C19
[154] [M]: 0x0000000080000228 (0x2C19) c.addiw s8, 0x6
x24 <- 0x0000000000000005
mem[X,0x000000008000022A] -> 0xECE2
[155] [M]: 0x000000008000022A (0xECE2) c.sdsp s8, 0xb
mem[0x0000000080005170] <- 0x0000000000000005
mem[X,0x000000008000022C] -> 0x0F13
mem[X,0x000000008000022E] -> 0x0010
[156] [M]: 0x000000008000022C (0x00100F13) addi t5, zero, 0x1
x30 <- 0x0000000000000001
mem[X,0x0000000080000230] -> 0x2F0D
[157] [M]: 0x0000000080000230 (0x2F0D) c.addiw t5, 0x3
x30 <- 0x0000000000000004
mem[X,0x0000000080000232] -> 0xF0FA
[158] [M]: 0x0000000080000232 (0xF0FA) c.sdsp t5, 0xc
mem[0x0000000080005178] <- 0x0000000000000004
mem[X,0x0000000080000234] -> 0x0693
mem[X,0x0000000080000236] -> 0x0010
[159] [M]: 0x0000000080000234 (0x00100693) addi a3, zero, 0x1
x13 <- 0x0000000000000001
mem[X,0x0000000080000238] -> 0x9693
mem[X,0x000000008000023A] -> 0x0146
[160] [M]: 0x0000000080000238 (0x01469693) slli a3, a3, 0x14
x13 <- 0x0000000000100000
mem[X,0x000000008000023C] -> 0xC693
mem[X,0x000000008000023E] -> 0xFFF6
[161] [M]: 0x000000008000023C (0xFFF6C693) xori a3, a3, -0x1
x13 <- 0xFFFFFFFFFFEFFFFF
mem[X,0x0000000080000240] -> 0x2689
[162] [M]: 0x0000000080000240 (0x2689) c.addiw a3, 0x2
x13 <- 0xFFFFFFFFFFF00001
mem[X,0x0000000080000242] -> 0xF4B6
[163] [M]: 0x0000000080000242 (0xF4B6) c.sdsp a3, 0xd
mem[0x0000000080005180] <- 0xFFFFFFFFFFF00001
mem[X,0x0000000080000244] -> 0x0713
mem[X,0x0000000080000246] -> 0x0010
[164] [M]: 0x0000000080000244 (0x00100713) addi a4, zero, 0x1
x14 <- 0x0000000000000001
mem[X,0x0000000080000248] -> 0x1713
mem[X,0x000000008000024A] -> 0x01E7
[165] [M]: 0x0000000080000248 (0x01E71713) slli a4, a4, 0x1e
x14 <- 0x0000000040000000
mem[X,0x000000008000024C] -> 0x4713
mem[X,0x000000008000024E] -> 0xFFF7
[166] [M]: 0x000000008000024C (0xFFF74713) xori a4, a4, -0x1
x14 <- 0xFFFFFFFFBFFFFFFF
mem[X,0x0000000080000250] -> 0x2721
[167] [M]: 0x0000000080000250 (0x2721) c.addiw a4, 0x8
x14 <- 0xFFFFFFFFC0000007
mem[X,0x0000000080000252] -> 0xF8BA
[168] [M]: 0x0000000080000252 (0xF8BA) c.sdsp a4, 0xe
mem[0x0000000080005188] <- 0xFFFFFFFFC0000007
mem[X,0x0000000080000254] -> 0x0D13
mem[X,0x0000000080000256] -> 0xFF60
[169] [M]: 0x0000000080000254 (0xFF600D13) addi s10, zero, -0xa
x26 <- 0xFFFFFFFFFFFFFFF6
mem[X,0x0000000080000258] -> 0x3D79
[170] [M]: 0x0000000080000258 (0x3D79) c.addiw s10, -0x2
x26 <- 0xFFFFFFFFFFFFFFF4
mem[X,0x000000008000025A] -> 0xFCEA
[171] [M]: 0x000000008000025A (0xFCEA) c.sdsp s10, 0xf
mem[0x0000000080005190] <- 0xFFFFFFFFFFFFFFF4
mem[X,0x000000008000025C] -> 0x0613
mem[X,0x000000008000025E] -> 0x0030
[172] [M]: 0x000000008000025C (0x00300613) addi a2, zero, 0x3
x12 <- 0x0000000000000003
mem[X,0x0000000080000260] -> 0x3675
[173] [M]: 0x0000000080000260 (0x3675) c.addiw a2, -0x3
x12 <- 0x0000000000000000
mem[X,0x0000000080000262] -> 0xE132
[174] [M]: 0x0000000080000262 (0xE132) c.sdsp a2, 0x10
mem[0x0000000080005198] <- 0x0000000000000000
mem[X,0x0000000080000264] -> 0x0313
mem[X,0x0000000080000266] -> 0x0010
[175] [M]: 0x0000000080000264 (0x00100313) addi t1, zero, 0x1
x6 <- 0x0000000000000001
mem[X,0x0000000080000268] -> 0x1313
mem[X,0x000000008000026A] -> 0x01C3
[176] [M]: 0x0000000080000268 (0x01C31313) slli t1, t1, 0x1c
x6 <- 0x0000000010000000
mem[X,0x000000008000026C] -> 0x336D
[177] [M]: 0x000000008000026C (0x336D) c.addiw t1, -0x5
x6 <- 0x000000000FFFFFFB
mem[X,0x000000008000026E] -> 0xE51A
[178] [M]: 0x000000008000026E (0xE51A) c.sdsp t1, 0x11
mem[0x00000000800051A0] <- 0x000000000FFFFFFB
mem[X,0x0000000080000270] -> 0x0893
mem[X,0x0000000080000272] -> 0xFF70
[179] [M]: 0x0000000080000270 (0xFF700893) addi a7, zero, -0x9
x17 <- 0xFFFFFFFFFFFFFFF7
mem[X,0x0000000080000274] -> 0x38DD
[180] [M]: 0x0000000080000274 (0x38DD) c.addiw a7, -0x9
x17 <- 0xFFFFFFFFFFFFFFEE
mem[X,0x0000000080000276] -> 0xE946
[181] [M]: 0x0000000080000276 (0xE946) c.sdsp a7, 0x12
mem[0x00000000800051A8] <- 0xFFFFFFFFFFFFFFEE
mem[X,0x0000000080000278] -> 0x0E93
mem[X,0x000000008000027A] -> 0x0010
[182] [M]: 0x0000000080000278 (0x00100E93) addi t4, zero, 0x1
x29 <- 0x0000000000000001
mem[X,0x000000008000027C] -> 0x9E93
mem[X,0x000000008000027E] -> 0x02DE
[183] [M]: 0x000000008000027C (0x02DE9E93) slli t4, t4, 0x2d
x29 <- 0x0000200000000000
mem[X,0x0000000080000280] -> 0xCE93
mem[X,0x0000000080000282] -> 0xFFFE
[184] [M]: 0x0000000080000280 (0xFFFECE93) xori t4, t4, -0x1
x29 <- 0xFFFFDFFFFFFFFFFF
mem[X,0x0000000080000284] -> 0x3EBD
[185] [M]: 0x0000000080000284 (0x3EBD) c.addiw t4, -0x11
x29 <- 0xFFFFFFFFFFFFFFEE
mem[X,0x0000000080000286] -> 0xED76
[186] [M]: 0x0000000080000286 (0xED76) c.sdsp t4, 0x13
mem[0x00000000800051B0] <- 0xFFFFFFFFFFFFFFEE
mem[X,0x0000000080000288] -> 0x0B93
mem[X,0x000000008000028A] -> 0x0040
[187] [M]: 0x0000000080000288 (0x00400B93) addi s7, zero, 0x4
x23 <- 0x0000000000000004
mem[X,0x000000008000028C] -> 0x2BD5
[188] [M]: 0x000000008000028C (0x2BD5) c.addiw s7, 0x15
x23 <- 0x0000000000000019
mem[X,0x000000008000028E] -> 0xF15E
[189] [M]: 0x000000008000028E (0xF15E) c.sdsp s7, 0x14
mem[0x00000000800051B8] <- 0x0000000000000019
mem[X,0x0000000080000290] -> 0x0E13
mem[X,0x0000000080000292] -> 0x0030
[190] [M]: 0x0000000080000290 (0x00300E13) addi t3, zero, 0x3
x28 <- 0x0000000000000003
mem[X,0x0000000080000294] -> 0x2E0D
[191] [M]: 0x0000000080000294 (0x2E0D) c.addiw t3, 0x3
x28 <- 0x0000000000000006
mem[X,0x0000000080000296] -> 0xF572
[192] [M]: 0x0000000080000296 (0xF572) c.sdsp t3, 0x15
mem[0x00000000800051C0] <- 0x0000000000000006
mem[X,0x0000000080000298] -> 0x0413
mem[X,0x000000008000029A] -> 0x0030
[193] [M]: 0x0000000080000298 (0x00300413) addi fp, zero, 0x3
x8 <- 0x0000000000000003
mem[X,0x000000008000029C] -> 0x2415
[194] [M]: 0x000000008000029C (0x2415) c.addiw fp, 0x5
x8 <- 0x0000000000000008
mem[X,0x000000008000029E] -> 0xF922
[195] [M]: 0x000000008000029E (0xF922) c.sdsp fp, 0x16
mem[0x00000000800051C8] <- 0x0000000000000008
mem[X,0x00000000800002A0] -> 0x0793
mem[X,0x00000000800002A2] -> 0x0030
[196] [M]: 0x00000000800002A0 (0x00300793) addi a5, zero, 0x3
x15 <- 0x0000000000000003
mem[X,0x00000000800002A4] -> 0x27A9
[197] [M]: 0x00000000800002A4 (0x27A9) c.addiw a5, 0xa
x15 <- 0x000000000000000D
mem[X,0x00000000800002A6] -> 0xFD3E
[198] [M]: 0x00000000800002A6 (0xFD3E) c.sdsp a5, 0x17
mem[0x00000000800051D0] <- 0x000000000000000D
mem[X,0x00000000800002A8] -> 0x0B13
mem[X,0x00000000800002AA] -> 0x0030
[199] [M]: 0x00000000800002A8 (0x00300B13) addi s6, zero, 0x3
x22 <- 0x0000000000000003
clint::tick mtime <- 0x0000000000000002
 clint timer pending at mtime 0x0000000000000002
htif::tick 0x0000000000000000
mem[X,0x00000000800002AC] -> 0x2B19
[200] [M]: 0x00000000800002AC (0x2B19) c.addiw s6, 0x6
x22 <- 0x0000000000000009
mem[X,0x00000000800002AE] -> 0xE1DA
[201] [M]: 0x00000000800002AE (0xE1DA) c.sdsp s6, 0x18
mem[0x00000000800051D8] <- 0x0000000000000009
mem[X,0x00000000800002B0] -> 0x0993
mem[X,0x00000000800002B2] -> 0x0030
[202] [M]: 0x00000000800002B0 (0x00300993) addi s3, zero, 0x3
x19 <- 0x0000000000000003
mem[X,0x00000000800002B4] -> 0x39F9
[203] [M]: 0x00000000800002B4 (0x39F9) c.addiw s3, -0x2
x19 <- 0x0000000000000001
mem[X,0x00000000800002B6] -> 0xE5CE
[204] [M]: 0x00000000800002B6 (0xE5CE) c.sdsp s3, 0x19
mem[0x00000000800051E0] <- 0x0000000000000001
mem[X,0x00000000800002B8] -> 0x0093
mem[X,0x00000000800002BA] -> 0x0030
[205] [M]: 0x00000000800002B8 (0x00300093) addi ra, zero, 0x3
x1 <- 0x0000000000000003
mem[X,0x00000000800002BC] -> 0x30ED
[206] [M]: 0x00000000800002BC (0x30ED) c.addiw ra, -0x5
x1 <- 0xFFFFFFFFFFFFFFFE
mem[X,0x00000000800002BE] -> 0xE986
[207] [M]: 0x00000000800002BE (0xE986) c.sdsp ra, 0x1a
mem[0x00000000800051E8] <- 0xFFFFFFFFFFFFFFFE
mem[X,0x00000000800002C0] -> 0x0A13
mem[X,0x00000000800002C2] -> 0x0030
[208] [M]: 0x00000000800002C0 (0x00300A13) addi s4, zero, 0x3
x20 <- 0x0000000000000003
mem[X,0x00000000800002C4] -> 0x2A09
[209] [M]: 0x00000000800002C4 (0x2A09) c.addiw s4, 0x2
x20 <- 0x0000000000000005
mem[X,0x00000000800002C6] -> 0xEDD2
[210] [M]: 0x00000000800002C6 (0xEDD2) c.sdsp s4, 0x1b
mem[0x00000000800051F0] <- 0x0000000000000005
mem[X,0x00000000800002C8] -> 0x0013
mem[X,0x00000000800002CA] -> 0x0000
[211] [M]: 0x00000000800002C8 (0x00000013) addi zero, zero, 0x0
mem[X,0x00000000800002CC] -> 0x0013
mem[X,0x00000000800002CE] -> 0x0000
[212] [M]: 0x00000000800002CC (0x00000013) addi zero, zero, 0x0
mem[X,0x00000000800002D0] -> 0x0013
mem[X,0x00000000800002D2] -> 0x0000
[213] [M]: 0x00000000800002D0 (0x00000013) addi zero, zero, 0x0
mem[X,0x00000000800002D4] -> 0x0013
mem[X,0x00000000800002D6] -> 0x0000
[214] [M]: 0x00000000800002D4 (0x00000013) addi zero, zero, 0x0
mem[X,0x00000000800002D8] -> 0x0013
mem[X,0x00000000800002DA] -> 0x0000
[215] [M]: 0x00000000800002D8 (0x00000013) addi zero, zero, 0x0
mem[X,0x00000000800002DC] -> 0x0013
mem[X,0x00000000800002DE] -> 0x0000
[216] [M]: 0x00000000800002DC (0x00000013) addi zero, zero, 0x0
mem[X,0x00000000800002E0] -> 0x5097
mem[X,0x00000000800002E2] -> 0x0000
[217] [M]: 0x00000000800002E0 (0x00005097) auipc ra, 0x5
x1 <- 0x00000000800052E0
mem[X,0x00000000800002E4] -> 0x8093
mem[X,0x00000000800002E6] -> 0xF180
[218] [M]: 0x00000000800002E4 (0xF1808093) addi ra, ra, -0xe8
x1 <- 0x00000000800051F8
mem[X,0x00000000800002E8] -> 0x0013
mem[X,0x00000000800002EA] -> 0x0000
[219] [M]: 0x00000000800002E8 (0x00000013) addi zero, zero, 0x0
mem[X,0x00000000800002EC] -> 0x0013
mem[X,0x00000000800002EE] -> 0x0000
[220] [M]: 0x00000000800002EC (0x00000013) addi zero, zero, 0x0
mem[X,0x00000000800002F0] -> 0x0013
mem[X,0x00000000800002F2] -> 0x0000
[221] [M]: 0x00000000800002F0 (0x00000013) addi zero, zero, 0x0
mem[X,0x00000000800002F4] -> 0x0013
mem[X,0x00000000800002F6] -> 0x0000
[222] [M]: 0x00000000800002F4 (0x00000013) addi zero, zero, 0x0
mem[X,0x00000000800002F8] -> 0x0013
mem[X,0x00000000800002FA] -> 0x0000
[223] [M]: 0x00000000800002F8 (0x00000013) addi zero, zero, 0x0
mem[X,0x00000000800002FC] -> 0x0013
mem[X,0x00000000800002FE] -> 0x0000
[224] [M]: 0x00000000800002FC (0x00000013) addi zero, zero, 0x0
mem[X,0x0000000080000300] -> 0x0113
mem[X,0x0000000080000302] -> 0x0030
[225] [M]: 0x0000000080000300 (0x00300113) addi sp, zero, 0x3
x2 <- 0x0000000000000003
mem[X,0x0000000080000304] -> 0x2111
[226] [M]: 0x0000000080000304 (0x2111) c.addiw sp, 0x4
x2 <- 0x0000000000000007
mem[X,0x0000000080000306] -> 0xB023
mem[X,0x0000000080000308] -> 0x0020
[227] [M]: 0x0000000080000306 (0x0020B023) sd sp, 0x0(ra)
mem[0x00000000800051F8] <- 0x0000000000000007
mem[X,0x000000008000030A] -> 0x0C93
mem[X,0x000000008000030C] -> 0x0030
[228] [M]: 0x000000008000030A (0x00300C93) addi s9, zero, 0x3
x25 <- 0x0000000000000003
mem[X,0x000000008000030E] -> 0x2CA5
[229] [M]: 0x000000008000030E (0x2CA5) c.addiw s9, 0x9
x25 <- 0x000000000000000C
mem[X,0x0000000080000310] -> 0xB423
mem[X,0x0000000080000312] -> 0x0190
[230] [M]: 0x0000000080000310 (0x0190B423) sd s9, 0x8(ra)
mem[0x0000000080005200] <- 0x000000000000000C
mem[X,0x0000000080000314] -> 0x0293
mem[X,0x0000000080000316] -> 0x0030
[231] [M]: 0x0000000080000314 (0x00300293) addi t0, zero, 0x3
x5 <- 0x0000000000000003
mem[X,0x0000000080000318] -> 0x2281
[232] [M]: 0x0000000080000318 (0x2281) c.addiw t0, 0x0
x5 <- 0x0000000000000003
mem[X,0x000000008000031A] -> 0xB823
mem[X,0x000000008000031C] -> 0x0050
[233] [M]: 0x000000008000031A (0x0050B823) sd t0, 0x10(ra)
mem[0x0000000080005208] <- 0x0000000000000003
mem[X,0x000000008000031E] -> 0x0513
mem[X,0x0000000080000320] -> 0x0030
[234] [M]: 0x000000008000031E (0x00300513) addi a0, zero, 0x3
x10 <- 0x0000000000000003
mem[X,0x0000000080000322] -> 0x252D
[235] [M]: 0x0000000080000322 (0x252D) c.addiw a0, 0xb
x10 <- 0x000000000000000E
mem[X,0x0000000080000324] -> 0xBC23
mem[X,0x0000000080000326] -> 0x00A0
[236] [M]: 0x0000000080000324 (0x00A0BC23) sd a0, 0x18(ra)
mem[0x0000000080005210] <- 0x000000000000000E
mem[X,0x0000000080000328] -> 0x0513
mem[X,0x000000008000032A] -> 0x0030
[237] [M]: 0x0000000080000328 (0x00300513) addi a0, zero, 0x3
x10 <- 0x0000000000000003
mem[X,0x000000008000032C] -> 0x251D
[238] [M]: 0x000000008000032C (0x251D) c.addiw a0, 0x7
x10 <- 0x000000000000000A
mem[X,0x000000008000032E] -> 0xB023
mem[X,0x0000000080000330] -> 0x02A0
[239] [M]: 0x000000008000032E (0x02A0B023) sd a0, 0x20(ra)
mem[0x0000000080005218] <- 0x000000000000000A
mem[X,0x0000000080000332] -> 0x0513
mem[X,0x0000000080000334] -> 0x0030
[240] [M]: 0x0000000080000332 (0x00300513) addi a0, zero, 0x3
x10 <- 0x0000000000000003
mem[X,0x0000000080000336] -> 0x357D
[241] [M]: 0x0000000080000336 (0x357D) c.addiw a0, -0x1
x10 <- 0x0000000000000002
mem[X,0x0000000080000338] -> 0xB423
mem[X,0x000000008000033A] -> 0x02A0
[242] [M]: 0x0000000080000338 (0x02A0B423) sd a0, 0x28(ra)
mem[0x0000000080005220] <- 0x0000000000000002
mem[X,0x000000008000033C] -> 0x0513
mem[X,0x000000008000033E] -> 0x0030
[243] [M]: 0x000000008000033C (0x00300513) addi a0, zero, 0x3
x10 <- 0x0000000000000003
mem[X,0x0000000080000340] -> 0x3571
[244] [M]: 0x0000000080000340 (0x3571) c.addiw a0, -0x4
x10 <- 0xFFFFFFFFFFFFFFFF
mem[X,0x0000000080000342] -> 0xB823
mem[X,0x0000000080000344] -> 0x02A0
[245] [M]: 0x0000000080000342 (0x02A0B823) sd a0, 0x30(ra)
mem[0x0000000080005228] <- 0xFFFFFFFFFFFFFFFF
mem[X,0x0000000080000346] -> 0x5537
mem[X,0x0000000080000348] -> 0x5555
[246] [M]: 0x0000000080000346 (0x55555537) lui a0, 0x55555
x10 <- 0x0000000055555000
mem[X,0x000000008000034A] -> 0x0513
mem[X,0x000000008000034C] -> 0x5555
[247] [M]: 0x000000008000034A (0x55550513) addi a0, a0, 0x555
x10 <- 0x0000000055555555
mem[X,0x000000008000034E] -> 0x1513
mem[X,0x0000000080000350] -> 0x00B5
[248] [M]: 0x000000008000034E (0x00B51513) slli a0, a0, 0xb
x10 <- 0x000002AAAAAAA800
mem[X,0x0000000080000352] -> 0x0513
mem[X,0x0000000080000354] -> 0x2AA5
[249] [M]: 0x0000000080000352 (0x2AA50513) addi a0, a0, 0x2aa
x10 <- 0x000002AAAAAAAAAA
mem[X,0x0000000080000356] -> 0x1513
mem[X,0x0000000080000358] -> 0x00B5
[250] [M]: 0x0000000080000356 (0x00B51513) slli a0, a0, 0xb
x10 <- 0x0015555555555000
mem[X,0x000000008000035A] -> 0x0513
mem[X,0x000000008000035C] -> 0x5555
[251] [M]: 0x000000008000035A (0x55550513) addi a0, a0, 0x555
x10 <- 0x0015555555555555
mem[X,0x000000008000035E] -> 0x1513
mem[X,0x0000000080000360] -> 0x00A5
[252] [M]: 0x000000008000035E (0x00A51513) slli a0, a0, 0xa
x10 <- 0x5555555555555400
mem[X,0x0000000080000362] -> 0x0513
mem[X,0x0000000080000364] -> 0x1555
[253] [M]: 0x0000000080000362 (0x15550513) addi a0, a0, 0x155
x10 <- 0x5555555555555555
mem[X,0x0000000080000366] -> 0x250D
[254] [M]: 0x0000000080000366 (0x250D) c.addiw a0, 0x3
x10 <- 0x0000000055555558
mem[X,0x0000000080000368] -> 0xBC23
mem[X,0x000000008000036A] -> 0x02A0
[255] [M]: 0x0000000080000368 (0x02A0BC23) sd a0, 0x38(ra)
mem[0x0000000080005230] <- 0x0000000055555558
mem[X,0x000000008000036C] -> 0x5537
mem[X,0x000000008000036E] -> 0x5555
[256] [M]: 0x000000008000036C (0x55555537) lui a0, 0x55555
x10 <- 0x0000000055555000
mem[X,0x0000000080000370] -> 0x0513
mem[X,0x0000000080000372] -> 0x5555
[257] [M]: 0x0000000080000370 (0x55550513) addi a0, a0, 0x555
x10 <- 0x0000000055555555
mem[X,0x0000000080000374] -> 0x1513
mem[X,0x0000000080000376] -> 0x00B5
[258] [M]: 0x0000000080000374 (0x00B51513) slli a0, a0, 0xb
x10 <- 0x000002AAAAAAA800
mem[X,0x0000000080000378] -> 0x0513
mem[X,0x000000008000037A] -> 0x2AA5
[259] [M]: 0x0000000080000378 (0x2AA50513) addi a0, a0, 0x2aa
x10 <- 0x000002AAAAAAAAAA
mem[X,0x000000008000037C] -> 0x1513
mem[X,0x000000008000037E] -> 0x00B5
[260] [M]: 0x000000008000037C (0x00B51513) slli a0, a0, 0xb
x10 <- 0x0015555555555000
mem[X,0x0000000080000380] -> 0x0513
mem[X,0x0000000080000382] -> 0x5555
[261] [M]: 0x0000000080000380 (0x55550513) addi a0, a0, 0x555
x10 <- 0x0015555555555555
mem[X,0x0000000080000384] -> 0x1513
mem[X,0x0000000080000386] -> 0x00A5
[262] [M]: 0x0000000080000384 (0x00A51513) slli a0, a0, 0xa
x10 <- 0x5555555555555400
mem[X,0x0000000080000388] -> 0x0513
mem[X,0x000000008000038A] -> 0x1555
[263] [M]: 0x0000000080000388 (0x15550513) addi a0, a0, 0x155
x10 <- 0x5555555555555555
mem[X,0x000000008000038C] -> 0x2515
[264] [M]: 0x000000008000038C (0x2515) c.addiw a0, 0x5
x10 <- 0x000000005555555A
mem[X,0x000000008000038E] -> 0xB023
mem[X,0x0000000080000390] -> 0x04A0
[265] [M]: 0x000000008000038E (0x04A0B023) sd a0, 0x40(ra)
mem[0x0000000080005238] <- 0x000000005555555A
mem[X,0x0000000080000392] -> 0x5537
mem[X,0x0000000080000394] -> 0x5555
[266] [M]: 0x0000000080000392 (0x55555537) lui a0, 0x55555
x10 <- 0x0000000055555000
mem[X,0x0000000080000396] -> 0x0513
mem[X,0x0000000080000398] -> 0x5555
[267] [M]: 0x0000000080000396 (0x55550513) addi a0, a0, 0x555
x10 <- 0x0000000055555555
mem[X,0x000000008000039A] -> 0x1513
mem[X,0x000000008000039C] -> 0x00B5
[268] [M]: 0x000000008000039A (0x00B51513) slli a0, a0, 0xb
x10 <- 0x000002AAAAAAA800
mem[X,0x000000008000039E] -> 0x0513
mem[X,0x00000000800003A0] -> 0x2AA5
[269] [M]: 0x000000008000039E (0x2AA50513) addi a0, a0, 0x2aa
x10 <- 0x000002AAAAAAAAAA
mem[X,0x00000000800003A2] -> 0x1513
mem[X,0x00000000800003A4] -> 0x00B5
[270] [M]: 0x00000000800003A2 (0x00B51513) slli a0, a0, 0xb
x10 <- 0x0015555555555000
mem[X,0x00000000800003A6] -> 0x0513
mem[X,0x00000000800003A8] -> 0x5555
[271] [M]: 0x00000000800003A6 (0x55550513) addi a0, a0, 0x555
x10 <- 0x0015555555555555
mem[X,0x00000000800003AA] -> 0x1513
mem[X,0x00000000800003AC] -> 0x00A5
[272] [M]: 0x00000000800003AA (0x00A51513) slli a0, a0, 0xa
x10 <- 0x5555555555555400
mem[X,0x00000000800003AE] -> 0x0513
mem[X,0x00000000800003B0] -> 0x1555
[273] [M]: 0x00000000800003AE (0x15550513) addi a0, a0, 0x155
x10 <- 0x5555555555555555
mem[X,0x00000000800003B2] -> 0x2529
[274] [M]: 0x00000000800003B2 (0x2529) c.addiw a0, 0xa
x10 <- 0x000000005555555F
mem[X,0x00000000800003B4] -> 0xB423
mem[X,0x00000000800003B6] -> 0x04A0
[275] [M]: 0x00000000800003B4 (0x04A0B423) sd a0, 0x48(ra)
mem[0x0000000080005240] <- 0x000000005555555F
mem[X,0x00000000800003B8] -> 0x5537
mem[X,0x00000000800003BA] -> 0x5555
[276] [M]: 0x00000000800003B8 (0x55555537) lui a0, 0x55555
x10 <- 0x0000000055555000
mem[X,0x00000000800003BC] -> 0x0513
mem[X,0x00000000800003BE] -> 0x5555
[277] [M]: 0x00000000800003BC (0x55550513) addi a0, a0, 0x555
x10 <- 0x0000000055555555
mem[X,0x00000000800003C0] -> 0x1513
mem[X,0x00000000800003C2] -> 0x00B5
[278] [M]: 0x00000000800003C0 (0x00B51513) slli a0, a0, 0xb
x10 <- 0x000002AAAAAAA800
mem[X,0x00000000800003C4] -> 0x0513
mem[X,0x00000000800003C6] -> 0x2AA5
[279] [M]: 0x00000000800003C4 (0x2AA50513) addi a0, a0, 0x2aa
x10 <- 0x000002AAAAAAAAAA
mem[X,0x00000000800003C8] -> 0x1513
mem[X,0x00000000800003CA] -> 0x00B5
[280] [M]: 0x00000000800003C8 (0x00B51513) slli a0, a0, 0xb
x10 <- 0x0015555555555000
mem[X,0x00000000800003CC] -> 0x0513
mem[X,0x00000000800003CE] -> 0x5555
[281] [M]: 0x00000000800003CC (0x55550513) addi a0, a0, 0x555
x10 <- 0x0015555555555555
mem[X,0x00000000800003D0] -> 0x1513
mem[X,0x00000000800003D2] -> 0x00A5
[282] [M]: 0x00000000800003D0 (0x00A51513) slli a0, a0, 0xa
x10 <- 0x5555555555555400
mem[X,0x00000000800003D4] -> 0x0513
mem[X,0x00000000800003D6] -> 0x1555
[283] [M]: 0x00000000800003D4 (0x15550513) addi a0, a0, 0x155
x10 <- 0x5555555555555555
mem[X,0x00000000800003D8] -> 0x2519
[284] [M]: 0x00000000800003D8 (0x2519) c.addiw a0, 0x6
x10 <- 0x000000005555555B
mem[X,0x00000000800003DA] -> 0xB823
mem[X,0x00000000800003DC] -> 0x04A0
[285] [M]: 0x00000000800003DA (0x04A0B823) sd a0, 0x50(ra)
mem[0x0000000080005248] <- 0x000000005555555B
mem[X,0x00000000800003DE] -> 0x5537
mem[X,0x00000000800003E0] -> 0x5555
[286] [M]: 0x00000000800003DE (0x55555537) lui a0, 0x55555
x10 <- 0x0000000055555000
mem[X,0x00000000800003E2] -> 0x0513
mem[X,0x00000000800003E4] -> 0x5555
[287] [M]: 0x00000000800003E2 (0x55550513) addi a0, a0, 0x555
x10 <- 0x0000000055555555
mem[X,0x00000000800003E6] -> 0x1513
mem[X,0x00000000800003E8] -> 0x00B5
[288] [M]: 0x00000000800003E6 (0x00B51513) slli a0, a0, 0xb
x10 <- 0x000002AAAAAAA800
mem[X,0x00000000800003EA] -> 0x0513
mem[X,0x00000000800003EC] -> 0x2AA5
[289] [M]: 0x00000000800003EA (0x2AA50513) addi a0, a0, 0x2aa
x10 <- 0x000002AAAAAAAAAA
mem[X,0x00000000800003EE] -> 0x1513
mem[X,0x00000000800003F0] -> 0x00B5
[290] [M]: 0x00000000800003EE (0x00B51513) slli a0, a0, 0xb
x10 <- 0x0015555555555000
mem[X,0x00000000800003F2] -> 0x0513
mem[X,0x00000000800003F4] -> 0x5555
[291] [M]: 0x00000000800003F2 (0x55550513) addi a0, a0, 0x555
x10 <- 0x0015555555555555
mem[X,0x00000000800003F6] -> 0x1513
mem[X,0x00000000800003F8] -> 0x00A5
[292] [M]: 0x00000000800003F6 (0x00A51513) slli a0, a0, 0xa
x10 <- 0x5555555555555400
mem[X,0x00000000800003FA] -> 0x0513
mem[X,0x00000000800003FC] -> 0x1555
[293] [M]: 0x00000000800003FA (0x15550513) addi a0, a0, 0x155
x10 <- 0x5555555555555555
mem[X,0x00000000800003FE] -> 0x3579
[294] [M]: 0x00000000800003FE (0x3579) c.addiw a0, -0x2
x10 <- 0x0000000055555553
mem[X,0x0000000080000400] -> 0xBC23
mem[X,0x0000000080000402] -> 0x04A0
[295] [M]: 0x0000000080000400 (0x04A0BC23) sd a0, 0x58(ra)
mem[0x0000000080005250] <- 0x0000000055555553
mem[X,0x0000000080000404] -> 0x5537
mem[X,0x0000000080000406] -> 0x5555
[296] [M]: 0x0000000080000404 (0x55555537) lui a0, 0x55555
x10 <- 0x0000000055555000
mem[X,0x0000000080000408] -> 0x0513
mem[X,0x000000008000040A] -> 0x5555
[297] [M]: 0x0000000080000408 (0x55550513) addi a0, a0, 0x555
x10 <- 0x0000000055555555
mem[X,0x000000008000040C] -> 0x1513
mem[X,0x000000008000040E] -> 0x00B5
[298] [M]: 0x000000008000040C (0x00B51513) slli a0, a0, 0xb
x10 <- 0x000002AAAAAAA800
mem[X,0x0000000080000410] -> 0x0513
mem[X,0x0000000080000412] -> 0x2AA5
[299] [M]: 0x0000000080000410 (0x2AA50513) addi a0, a0, 0x2aa
x10 <- 0x000002AAAAAAAAAA
clint::tick mtime <- 0x0000000000000003
 clint timer pending at mtime 0x0000000000000003
htif::tick 0x0000000000000000
mem[X,0x0000000080000414] -> 0x1513
mem[X,0x0000000080000416] -> 0x00B5
[300] [M]: 0x0000000080000414 (0x00B51513) slli a0, a0, 0xb
x10 <- 0x0015555555555000
mem[X,0x0000000080000418] -> 0x0513
mem[X,0x000000008000041A] -> 0x5555
[301] [M]: 0x0000000080000418 (0x55550513) addi a0, a0, 0x555
x10 <- 0x0015555555555555
mem[X,0x000000008000041C] -> 0x1513
mem[X,0x000000008000041E] -> 0x00A5
[302] [M]: 0x000000008000041C (0x00A51513) slli a0, a0, 0xa
x10 <- 0x5555555555555400
mem[X,0x0000000080000420] -> 0x0513
mem[X,0x0000000080000422] -> 0x1555
[303] [M]: 0x0000000080000420 (0x15550513) addi a0, a0, 0x155
x10 <- 0x5555555555555555
mem[X,0x0000000080000424] -> 0x356D
[304] [M]: 0x0000000080000424 (0x356D) c.addiw a0, -0x5
x10 <- 0x0000000055555550
mem[X,0x0000000080000426] -> 0xB023
mem[X,0x0000000080000428] -> 0x06A0
[305] [M]: 0x0000000080000426 (0x06A0B023) sd a0, 0x60(ra)
mem[0x0000000080005258] <- 0x0000000055555550
mem[X,0x000000008000042A] -> 0x5537
mem[X,0x000000008000042C] -> 0x5555
[306] [M]: 0x000000008000042A (0x55555537) lui a0, 0x55555
x10 <- 0x0000000055555000
mem[X,0x000000008000042E] -> 0x0513
mem[X,0x0000000080000430] -> 0x5555
[307] [M]: 0x000000008000042E (0x55550513) addi a0, a0, 0x555
x10 <- 0x0000000055555555
mem[X,0x0000000080000432] -> 0x1513
mem[X,0x0000000080000434] -> 0x00B5
[308] [M]: 0x0000000080000432 (0x00B51513) slli a0, a0, 0xb
x10 <- 0x000002AAAAAAA800
mem[X,0x0000000080000436] -> 0x0513
mem[X,0x0000000080000438] -> 0x2AA5
[309] [M]: 0x0000000080000436 (0x2AA50513) addi a0, a0, 0x2aa
x10 <- 0x000002AAAAAAAAAA
mem[X,0x000000008000043A] -> 0x1513
mem[X,0x000000008000043C] -> 0x00B5
[310] [M]: 0x000000008000043A (0x00B51513) slli a0, a0, 0xb
x10 <- 0x0015555555555000
mem[X,0x000000008000043E] -> 0x0513
mem[X,0x0000000080000440] -> 0x5555
[311] [M]: 0x000000008000043E (0x55550513) addi a0, a0, 0x555
x10 <- 0x0015555555555555
mem[X,0x0000000080000442] -> 0x1513
mem[X,0x0000000080000444] -> 0x00A5
[312] [M]: 0x0000000080000442 (0x00A51513) slli a0, a0, 0xa
x10 <- 0x5555555555555400
mem[X,0x0000000080000446] -> 0x0513
mem[X,0x0000000080000448] -> 0x1555
[313] [M]: 0x0000000080000446 (0x15550513) addi a0, a0, 0x155
x10 <- 0x5555555555555555
mem[X,0x000000008000044A] -> 0x2509
[314] [M]: 0x000000008000044A (0x2509) c.addiw a0, 0x2
x10 <- 0x0000000055555557
mem[X,0x000000008000044C] -> 0xB423
mem[X,0x000000008000044E] -> 0x06A0
[315] [M]: 0x000000008000044C (0x06A0B423) sd a0, 0x68(ra)
mem[0x0000000080005260] <- 0x0000000055555557
mem[X,0x0000000080000450] -> 0x5537
mem[X,0x0000000080000452] -> 0x5555
[316] [M]: 0x0000000080000450 (0x55555537) lui a0, 0x55555
x10 <- 0x0000000055555000
mem[X,0x0000000080000454] -> 0x0513
mem[X,0x0000000080000456] -> 0x5555
[317] [M]: 0x0000000080000454 (0x55550513) addi a0, a0, 0x555
x10 <- 0x0000000055555555
mem[X,0x0000000080000458] -> 0x1513
mem[X,0x000000008000045A] -> 0x00B5
[318] [M]: 0x0000000080000458 (0x00B51513) slli a0, a0, 0xb
x10 <- 0x000002AAAAAAA800
mem[X,0x000000008000045C] -> 0x0513
mem[X,0x000000008000045E] -> 0x2AA5
[319] [M]: 0x000000008000045C (0x2AA50513) addi a0, a0, 0x2aa
x10 <- 0x000002AAAAAAAAAA
mem[X,0x0000000080000460] -> 0x1513
mem[X,0x0000000080000462] -> 0x00B5
[320] [M]: 0x0000000080000460 (0x00B51513) slli a0, a0, 0xb
x10 <- 0x0015555555555000
mem[X,0x0000000080000464] -> 0x0513
mem[X,0x0000000080000466] -> 0x5555
[321] [M]: 0x0000000080000464 (0x55550513) addi a0, a0, 0x555
x10 <- 0x0015555555555555
mem[X,0x0000000080000468] -> 0x1513
mem[X,0x000000008000046A] -> 0x00A5
[322] [M]: 0x0000000080000468 (0x00A51513) slli a0, a0, 0xa
x10 <- 0x5555555555555400
mem[X,0x000000008000046C] -> 0x0513
mem[X,0x000000008000046E] -> 0x1555
[323] [M]: 0x000000008000046C (0x15550513) addi a0, a0, 0x155
x10 <- 0x5555555555555555
mem[X,0x0000000080000470] -> 0x2511
[324] [M]: 0x0000000080000470 (0x2511) c.addiw a0, 0x4
x10 <- 0x0000000055555559
mem[X,0x0000000080000472] -> 0xB823
mem[X,0x0000000080000474] -> 0x06A0
[325] [M]: 0x0000000080000472 (0x06A0B823) sd a0, 0x70(ra)
mem[0x0000000080005268] <- 0x0000000055555559
mem[X,0x0000000080000476] -> 0x5537
mem[X,0x0000000080000478] -> 0x5555
[326] [M]: 0x0000000080000476 (0x55555537) lui a0, 0x55555
x10 <- 0x0000000055555000
mem[X,0x000000008000047A] -> 0x0513
mem[X,0x000000008000047C] -> 0x5555
[327] [M]: 0x000000008000047A (0x55550513) addi a0, a0, 0x555
x10 <- 0x0000000055555555
mem[X,0x000000008000047E] -> 0x1513
mem[X,0x0000000080000480] -> 0x00B5
[328] [M]: 0x000000008000047E (0x00B51513) slli a0, a0, 0xb
x10 <- 0x000002AAAAAAA800
mem[X,0x0000000080000482] -> 0x0513
mem[X,0x0000000080000484] -> 0x2AA5
[329] [M]: 0x0000000080000482 (0x2AA50513) addi a0, a0, 0x2aa
x10 <- 0x000002AAAAAAAAAA
mem[X,0x0000000080000486] -> 0x1513
mem[X,0x0000000080000488] -> 0x00B5
[330] [M]: 0x0000000080000486 (0x00B51513) slli a0, a0, 0xb
x10 <- 0x0015555555555000
mem[X,0x000000008000048A] -> 0x0513
mem[X,0x000000008000048C] -> 0x5555
[331] [M]: 0x000000008000048A (0x55550513) addi a0, a0, 0x555
x10 <- 0x0015555555555555
mem[X,0x000000008000048E] -> 0x1513
mem[X,0x0000000080000490] -> 0x00A5
[332] [M]: 0x000000008000048E (0x00A51513) slli a0, a0, 0xa
x10 <- 0x5555555555555400
mem[X,0x0000000080000492] -> 0x0513
mem[X,0x0000000080000494] -> 0x1555
[333] [M]: 0x0000000080000492 (0x15550513) addi a0, a0, 0x155
x10 <- 0x5555555555555555
mem[X,0x0000000080000496] -> 0x2525
[334] [M]: 0x0000000080000496 (0x2525) c.addiw a0, 0x9
x10 <- 0x000000005555555E
mem[X,0x0000000080000498] -> 0xBC23
mem[X,0x000000008000049A] -> 0x06A0
[335] [M]: 0x0000000080000498 (0x06A0BC23) sd a0, 0x78(ra)
mem[0x0000000080005270] <- 0x000000005555555E
mem[X,0x000000008000049C] -> 0x5537
mem[X,0x000000008000049E] -> 0x5555
[336] [M]: 0x000000008000049C (0x55555537) lui a0, 0x55555
x10 <- 0x0000000055555000
mem[X,0x00000000800004A0] -> 0x0513
mem[X,0x00000000800004A2] -> 0x5555
[337] [M]: 0x00000000800004A0 (0x55550513) addi a0, a0, 0x555
x10 <- 0x0000000055555555
mem[X,0x00000000800004A4] -> 0x1513
mem[X,0x00000000800004A6] -> 0x00B5
[338] [M]: 0x00000000800004A4 (0x00B51513) slli a0, a0, 0xb
x10 <- 0x000002AAAAAAA800
mem[X,0x00000000800004A8] -> 0x0513
mem[X,0x00000000800004AA] -> 0x2AA5
[339] [M]: 0x00000000800004A8 (0x2AA50513) addi a0, a0, 0x2aa
x10 <- 0x000002AAAAAAAAAA
mem[X,0x00000000800004AC] -> 0x1513
mem[X,0x00000000800004AE] -> 0x00B5
[340] [M]: 0x00000000800004AC (0x00B51513) slli a0, a0, 0xb
x10 <- 0x0015555555555000
mem[X,0x00000000800004B0] -> 0x0513
mem[X,0x00000000800004B2] -> 0x5555
[341] [M]: 0x00000000800004B0 (0x55550513) addi a0, a0, 0x555
x10 <- 0x0015555555555555
mem[X,0x00000000800004B4] -> 0x1513
mem[X,0x00000000800004B6] -> 0x00A5
[342] [M]: 0x00000000800004B4 (0x00A51513) slli a0, a0, 0xa
x10 <- 0x5555555555555400
mem[X,0x00000000800004B8] -> 0x0513
mem[X,0x00000000800004BA] -> 0x1555
[343] [M]: 0x00000000800004B8 (0x15550513) addi a0, a0, 0x155
x10 <- 0x5555555555555555
mem[X,0x00000000800004BC] -> 0x2501
[344] [M]: 0x00000000800004BC (0x2501) c.addiw a0, 0x0
x10 <- 0x0000000055555555
mem[X,0x00000000800004BE] -> 0xB023
mem[X,0x00000000800004C0] -> 0x08A0
[345] [M]: 0x00000000800004BE (0x08A0B023) sd a0, 0x80(ra)
mem[0x0000000080005278] <- 0x0000000055555555
mem[X,0x00000000800004C2] -> 0x5537
mem[X,0x00000000800004C4] -> 0x5555
[346] [M]: 0x00000000800004C2 (0x55555537) lui a0, 0x55555
x10 <- 0x0000000055555000
mem[X,0x00000000800004C6] -> 0x0513
mem[X,0x00000000800004C8] -> 0x5555
[347] [M]: 0x00000000800004C6 (0x55550513) addi a0, a0, 0x555
x10 <- 0x0000000055555555
mem[X,0x00000000800004CA] -> 0x1513
mem[X,0x00000000800004CC] -> 0x00B5
[348] [M]: 0x00000000800004CA (0x00B51513) slli a0, a0, 0xb
x10 <- 0x000002AAAAAAA800
mem[X,0x00000000800004CE] -> 0x0513
mem[X,0x00000000800004D0] -> 0x2AA5
[349] [M]: 0x00000000800004CE (0x2AA50513) addi a0, a0, 0x2aa
x10 <- 0x000002AAAAAAAAAA
mem[X,0x00000000800004D2] -> 0x1513
mem[X,0x00000000800004D4] -> 0x00B5
[350] [M]: 0x00000000800004D2 (0x00B51513) slli a0, a0, 0xb
x10 <- 0x0015555555555000
mem[X,0x00000000800004D6] -> 0x0513
mem[X,0x00000000800004D8] -> 0x5555
[351] [M]: 0x00000000800004D6 (0x55550513) addi a0, a0, 0x555
x10 <- 0x0015555555555555
mem[X,0x00000000800004DA] -> 0x1513
mem[X,0x00000000800004DC] -> 0x00A5
[352] [M]: 0x00000000800004DA (0x00A51513) slli a0, a0, 0xa
x10 <- 0x5555555555555400
mem[X,0x00000000800004DE] -> 0x0513
mem[X,0x00000000800004E0] -> 0x1555
[353] [M]: 0x00000000800004DE (0x15550513) addi a0, a0, 0x155
x10 <- 0x5555555555555555
mem[X,0x00000000800004E2] -> 0x252D
[354] [M]: 0x00000000800004E2 (0x252D) c.addiw a0, 0xb
x10 <- 0x0000000055555560
mem[X,0x00000000800004E4] -> 0xB423
mem[X,0x00000000800004E6] -> 0x08A0
[355] [M]: 0x00000000800004E4 (0x08A0B423) sd a0, 0x88(ra)
mem[0x0000000080005280] <- 0x0000000055555560
mem[X,0x00000000800004E8] -> 0x5537
mem[X,0x00000000800004EA] -> 0x5555
[356] [M]: 0x00000000800004E8 (0x55555537) lui a0, 0x55555
x10 <- 0x0000000055555000
mem[X,0x00000000800004EC] -> 0x0513
mem[X,0x00000000800004EE] -> 0x5555
[357] [M]: 0x00000000800004EC (0x55550513) addi a0, a0, 0x555
x10 <- 0x0000000055555555
mem[X,0x00000000800004F0] -> 0x1513
mem[X,0x00000000800004F2] -> 0x00B5
[358] [M]: 0x00000000800004F0 (0x00B51513) slli a0, a0, 0xb
x10 <- 0x000002AAAAAAA800
mem[X,0x00000000800004F4] -> 0x0513
mem[X,0x00000000800004F6] -> 0x2AA5
[359] [M]: 0x00000000800004F4 (0x2AA50513) addi a0, a0, 0x2aa
x10 <- 0x000002AAAAAAAAAA
mem[X,0x00000000800004F8] -> 0x1513
mem[X,0x00000000800004FA] -> 0x00B5
[360] [M]: 0x00000000800004F8 (0x00B51513) slli a0, a0, 0xb
x10 <- 0x0015555555555000
mem[X,0x00000000800004FC] -> 0x0513
mem[X,0x00000000800004FE] -> 0x5555
[361] [M]: 0x00000000800004FC (0x55550513) addi a0, a0, 0x555
x10 <- 0x0015555555555555
mem[X,0x0000000080000500] -> 0x1513
mem[X,0x0000000080000502] -> 0x00A5
[362] [M]: 0x0000000080000500 (0x00A51513) slli a0, a0, 0xa
x10 <- 0x5555555555555400
mem[X,0x0000000080000504] -> 0x0513
mem[X,0x0000000080000506] -> 0x1555
[363] [M]: 0x0000000080000504 (0x15550513) addi a0, a0, 0x155
x10 <- 0x5555555555555555
mem[X,0x0000000080000508] -> 0x251D
[364] [M]: 0x0000000080000508 (0x251D) c.addiw a0, 0x7
x10 <- 0x000000005555555C
mem[X,0x000000008000050A] -> 0xB823
mem[X,0x000000008000050C] -> 0x08A0
[365] [M]: 0x000000008000050A (0x08A0B823) sd a0, 0x90(ra)
mem[0x0000000080005288] <- 0x000000005555555C
mem[X,0x000000008000050E] -> 0x5537
mem[X,0x0000000080000510] -> 0x5555
[366] [M]: 0x000000008000050E (0x55555537) lui a0, 0x55555
x10 <- 0x0000000055555000
mem[X,0x0000000080000512] -> 0x0513
mem[X,0x0000000080000514] -> 0x5555
[367] [M]: 0x0000000080000512 (0x55550513) addi a0, a0, 0x555
x10 <- 0x0000000055555555
mem[X,0x0000000080000516] -> 0x1513
mem[X,0x0000000080000518] -> 0x00B5
[368] [M]: 0x0000000080000516 (0x00B51513) slli a0, a0, 0xb
x10 <- 0x000002AAAAAAA800
mem[X,0x000000008000051A] -> 0x0513
mem[X,0x000000008000051C] -> 0x2AA5
[369] [M]: 0x000000008000051A (0x2AA50513) addi a0, a0, 0x2aa
x10 <- 0x000002AAAAAAAAAA
mem[X,0x000000008000051E] -> 0x1513
mem[X,0x0000000080000520] -> 0x00B5
[370] [M]: 0x000000008000051E (0x00B51513) slli a0, a0, 0xb
x10 <- 0x0015555555555000
mem[X,0x0000000080000522] -> 0x0513
mem[X,0x0000000080000524] -> 0x5555
[371] [M]: 0x0000000080000522 (0x55550513) addi a0, a0, 0x555
x10 <- 0x0015555555555555
mem[X,0x0000000080000526] -> 0x1513
mem[X,0x0000000080000528] -> 0x00A5
[372] [M]: 0x0000000080000526 (0x00A51513) slli a0, a0, 0xa
x10 <- 0x5555555555555400
mem[X,0x000000008000052A] -> 0x0513
mem[X,0x000000008000052C] -> 0x1555
[373] [M]: 0x000000008000052A (0x15550513) addi a0, a0, 0x155
x10 <- 0x5555555555555555
mem[X,0x000000008000052E] -> 0x357D
[374] [M]: 0x000000008000052E (0x357D) c.addiw a0, -0x1
x10 <- 0x0000000055555554
mem[X,0x0000000080000530] -> 0xBC23
mem[X,0x0000000080000532] -> 0x08A0
[375] [M]: 0x0000000080000530 (0x08A0BC23) sd a0, 0x98(ra)
mem[0x0000000080005290] <- 0x0000000055555554
mem[X,0x0000000080000534] -> 0x5537
mem[X,0x0000000080000536] -> 0x5555
[376] [M]: 0x0000000080000534 (0x55555537) lui a0, 0x55555
x10 <- 0x0000000055555000
mem[X,0x0000000080000538] -> 0x0513
mem[X,0x000000008000053A] -> 0x5555
[377] [M]: 0x0000000080000538 (0x55550513) addi a0, a0, 0x555
x10 <- 0x0000000055555555
mem[X,0x000000008000053C] -> 0x1513
mem[X,0x000000008000053E] -> 0x00B5
[378] [M]: 0x000000008000053C (0x00B51513) slli a0, a0, 0xb
x10 <- 0x000002AAAAAAA800
mem[X,0x0000000080000540] -> 0x0513
mem[X,0x0000000080000542] -> 0x2AA5
[379] [M]: 0x0000000080000540 (0x2AA50513) addi a0, a0, 0x2aa
x10 <- 0x000002AAAAAAAAAA
mem[X,0x0000000080000544] -> 0x1513
mem[X,0x0000000080000546] -> 0x00B5
[380] [M]: 0x0000000080000544 (0x00B51513) slli a0, a0, 0xb
x10 <- 0x0015555555555000
mem[X,0x0000000080000548] -> 0x0513
mem[X,0x000000008000054A] -> 0x5555
[381] [M]: 0x0000000080000548 (0x55550513) addi a0, a0, 0x555
x10 <- 0x0015555555555555
mem[X,0x000000008000054C] -> 0x1513
mem[X,0x000000008000054E] -> 0x00A5
[382] [M]: 0x000000008000054C (0x00A51513) slli a0, a0, 0xa
x10 <- 0x5555555555555400
mem[X,0x0000000080000550] -> 0x0513
mem[X,0x0000000080000552] -> 0x1555
[383] [M]: 0x0000000080000550 (0x15550513) addi a0, a0, 0x155
x10 <- 0x5555555555555555
mem[X,0x0000000080000554] -> 0x3571
[384] [M]: 0x0000000080000554 (0x3571) c.addiw a0, -0x4
x10 <- 0x0000000055555551
mem[X,0x0000000080000556] -> 0xB023
mem[X,0x0000000080000558] -> 0x0AA0
[385] [M]: 0x0000000080000556 (0x0AA0B023) sd a0, 0xa0(ra)
mem[0x0000000080005298] <- 0x0000000055555551
mem[X,0x000000008000055A] -> 0xB537
mem[X,0x000000008000055C] -> 0xAAAA
[386] [M]: 0x000000008000055A (0xAAAAB537) lui a0, -0x55555
x10 <- 0xFFFFFFFFAAAAB000
mem[X,0x000000008000055E] -> 0x0513
mem[X,0x0000000080000560] -> 0xAAA5
[387] [M]: 0x000000008000055E (0xAAA50513) addi a0, a0, -0x556
x10 <- 0xFFFFFFFFAAAAAAAA
mem[X,0x0000000080000562] -> 0x1513
mem[X,0x0000000080000564] -> 0x00B5
[388] [M]: 0x0000000080000562 (0x00B51513) slli a0, a0, 0xb
x10 <- 0xFFFFFD5555555000
mem[X,0x0000000080000566] -> 0x0513
mem[X,0x0000000080000568] -> 0x5555
[389] [M]: 0x0000000080000566 (0x55550513) addi a0, a0, 0x555
x10 <- 0xFFFFFD5555555555
mem[X,0x000000008000056A] -> 0x1513
mem[X,0x000000008000056C] -> 0x00B5
[390] [M]: 0x000000008000056A (0x00B51513) slli a0, a0, 0xb
x10 <- 0xFFEAAAAAAAAAA800
mem[X,0x000000008000056E] -> 0x0513
mem[X,0x0000000080000570] -> 0x2AA5
[391] [M]: 0x000000008000056E (0x2AA50513) addi a0, a0, 0x2aa
x10 <- 0xFFEAAAAAAAAAAAAA
mem[X,0x0000000080000572] -> 0x1513
mem[X,0x0000000080000574] -> 0x00A5
[392] [M]: 0x0000000080000572 (0x00A51513) slli a0, a0, 0xa
x10 <- 0xAAAAAAAAAAAAA800
mem[X,0x0000000080000576] -> 0x0513
mem[X,0x0000000080000578] -> 0x2AA5
[393] [M]: 0x0000000080000576 (0x2AA50513) addi a0, a0, 0x2aa
x10 <- 0xAAAAAAAAAAAAAAAA
mem[X,0x000000008000057A] -> 0x250D
[394] [M]: 0x000000008000057A (0x250D) c.addiw a0, 0x3
x10 <- 0xFFFFFFFFAAAAAAAD
mem[X,0x000000008000057C] -> 0xB423
mem[X,0x000000008000057E] -> 0x0AA0
[395] [M]: 0x000000008000057C (0x0AA0B423) sd a0, 0xa8(ra)
mem[0x00000000800052A0] <- 0xFFFFFFFFAAAAAAAD
mem[X,0x0000000080000580] -> 0xB537
mem[X,0x0000000080000582] -> 0xAAAA
[396] [M]: 0x0000000080000580 (0xAAAAB537) lui a0, -0x55555
x10 <- 0xFFFFFFFFAAAAB000
mem[X,0x0000000080000584] -> 0x0513
mem[X,0x0000000080000586] -> 0xAAA5
[397] [M]: 0x0000000080000584 (0xAAA50513) addi a0, a0, -0x556
x10 <- 0xFFFFFFFFAAAAAAAA
mem[X,0x0000000080000588] -> 0x1513
mem[X,0x000000008000058A] -> 0x00B5
[398] [M]: 0x0000000080000588 (0x00B51513) slli a0, a0, 0xb
x10 <- 0xFFFFFD5555555000
mem[X,0x000000008000058C] -> 0x0513
mem[X,0x000000008000058E] -> 0x5555
[399] [M]: 0x000000008000058C (0x55550513) addi a0, a0, 0x555
x10 <- 0xFFFFFD5555555555
clint::tick mtime <- 0x0000000000000004
 clint timer pending at mtime 0x0000000000000004
htif::tick 0x0000000000000000
mem[X,0x0000000080000590] -> 0x1513
mem[X,0x0000000080000592] -> 0x00B5
[400] [M]: 0x0000000080000590 (0x00B51513) slli a0, a0, 0xb
x10 <- 0xFFEAAAAAAAAAA800
mem[X,0x0000000080000594] -> 0x0513
mem[X,0x0000000080000596] -> 0x2AA5
[401] [M]: 0x0000000080000594 (0x2AA50513) addi a0, a0, 0x2aa
x10 <- 0xFFEAAAAAAAAAAAAA
mem[X,0x0000000080000598] -> 0x1513
mem[X,0x000000008000059A] -> 0x00A5
[402] [M]: 0x0000000080000598 (0x00A51513) slli a0, a0, 0xa
x10 <- 0xAAAAAAAAAAAAA800
mem[X,0x000000008000059C] -> 0x0513
mem[X,0x000000008000059E] -> 0x2AA5
[403] [M]: 0x000000008000059C (0x2AA50513) addi a0, a0, 0x2aa
x10 <- 0xAAAAAAAAAAAAAAAA
mem[X,0x00000000800005A0] -> 0x2515
[404] [M]: 0x00000000800005A0 (0x2515) c.addiw a0, 0x5
x10 <- 0xFFFFFFFFAAAAAAAF
mem[X,0x00000000800005A2] -> 0xB823
mem[X,0x00000000800005A4] -> 0x0AA0
[405] [M]: 0x00000000800005A2 (0x0AA0B823) sd a0, 0xb0(ra)
mem[0x00000000800052A8] <- 0xFFFFFFFFAAAAAAAF
mem[X,0x00000000800005A6] -> 0xB537
mem[X,0x00000000800005A8] -> 0xAAAA
[406] [M]: 0x00000000800005A6 (0xAAAAB537) lui a0, -0x55555
x10 <- 0xFFFFFFFFAAAAB000
mem[X,0x00000000800005AA] -> 0x0513
mem[X,0x00000000800005AC] -> 0xAAA5
[407] [M]: 0x00000000800005AA (0xAAA50513) addi a0, a0, -0x556
x10 <- 0xFFFFFFFFAAAAAAAA
mem[X,0x00000000800005AE] -> 0x1513
mem[X,0x00000000800005B0] -> 0x00B5
[408] [M]: 0x00000000800005AE (0x00B51513) slli a0, a0, 0xb
x10 <- 0xFFFFFD5555555000
mem[X,0x00000000800005B2] -> 0x0513
mem[X,0x00000000800005B4] -> 0x5555
[409] [M]: 0x00000000800005B2 (0x55550513) addi a0, a0, 0x555
x10 <- 0xFFFFFD5555555555
mem[X,0x00000000800005B6] -> 0x1513
mem[X,0x00000000800005B8] -> 0x00B5
[410] [M]: 0x00000000800005B6 (0x00B51513) slli a0, a0, 0xb
x10 <- 0xFFEAAAAAAAAAA800
mem[X,0x00000000800005BA] -> 0x0513
mem[X,0x00000000800005BC] -> 0x2AA5
[411] [M]: 0x00000000800005BA (0x2AA50513) addi a0, a0, 0x2aa
x10 <- 0xFFEAAAAAAAAAAAAA
mem[X,0x00000000800005BE] -> 0x1513
mem[X,0x00000000800005C0] -> 0x00A5
[412] [M]: 0x00000000800005BE (0x00A51513) slli a0, a0, 0xa
x10 <- 0xAAAAAAAAAAAAA800
mem[X,0x00000000800005C2] -> 0x0513
mem[X,0x00000000800005C4] -> 0x2AA5
[413] [M]: 0x00000000800005C2 (0x2AA50513) addi a0, a0, 0x2aa
x10 <- 0xAAAAAAAAAAAAAAAA
mem[X,0x00000000800005C6] -> 0x2529
[414] [M]: 0x00000000800005C6 (0x2529) c.addiw a0, 0xa
x10 <- 0xFFFFFFFFAAAAAAB4
mem[X,0x00000000800005C8] -> 0xBC23
mem[X,0x00000000800005CA] -> 0x0AA0
[415] [M]: 0x00000000800005C8 (0x0AA0BC23) sd a0, 0xb8(ra)
mem[0x00000000800052B0] <- 0xFFFFFFFFAAAAAAB4
mem[X,0x00000000800005CC] -> 0xB537
mem[X,0x00000000800005CE] -> 0xAAAA
[416] [M]: 0x00000000800005CC (0xAAAAB537) lui a0, -0x55555
x10 <- 0xFFFFFFFFAAAAB000
mem[X,0x00000000800005D0] -> 0x0513
mem[X,0x00000000800005D2] -> 0xAAA5
[417] [M]: 0x00000000800005D0 (0xAAA50513) addi a0, a0, -0x556
x10 <- 0xFFFFFFFFAAAAAAAA
mem[X,0x00000000800005D4] -> 0x1513
mem[X,0x00000000800005D6] -> 0x00B5
[418] [M]: 0x00000000800005D4 (0x00B51513) slli a0, a0, 0xb
x10 <- 0xFFFFFD5555555000
mem[X,0x00000000800005D8] -> 0x0513
mem[X,0x00000000800005DA] -> 0x5555
[419] [M]: 0x00000000800005D8 (0x55550513) addi a0, a0, 0x555
x10 <- 0xFFFFFD5555555555
mem[X,0x00000000800005DC] -> 0x1513
mem[X,0x00000000800005DE] -> 0x00B5
[420] [M]: 0x00000000800005DC (0x00B51513) slli a0, a0, 0xb
x10 <- 0xFFEAAAAAAAAAA800
mem[X,0x00000000800005E0] -> 0x0513
mem[X,0x00000000800005E2] -> 0x2AA5
[421] [M]: 0x00000000800005E0 (0x2AA50513) addi a0, a0, 0x2aa
x10 <- 0xFFEAAAAAAAAAAAAA
mem[X,0x00000000800005E4] -> 0x1513
mem[X,0x00000000800005E6] -> 0x00A5
[422] [M]: 0x00000000800005E4 (0x00A51513) slli a0, a0, 0xa
x10 <- 0xAAAAAAAAAAAAA800
mem[X,0x00000000800005E8] -> 0x0513
mem[X,0x00000000800005EA] -> 0x2AA5
[423] [M]: 0x00000000800005E8 (0x2AA50513) addi a0, a0, 0x2aa
x10 <- 0xAAAAAAAAAAAAAAAA
mem[X,0x00000000800005EC] -> 0x2519
[424] [M]: 0x00000000800005EC (0x2519) c.addiw a0, 0x6
x10 <- 0xFFFFFFFFAAAAAAB0
mem[X,0x00000000800005EE] -> 0xB023
mem[X,0x00000000800005F0] -> 0x0CA0
[425] [M]: 0x00000000800005EE (0x0CA0B023) sd a0, 0xc0(ra)
mem[0x00000000800052B8] <- 0xFFFFFFFFAAAAAAB0
mem[X,0x00000000800005F2] -> 0xB537
mem[X,0x00000000800005F4] -> 0xAAAA
[426] [M]: 0x00000000800005F2 (0xAAAAB537) lui a0, -0x55555
x10 <- 0xFFFFFFFFAAAAB000
mem[X,0x00000000800005F6] -> 0x0513
mem[X,0x00000000800005F8] -> 0xAAA5
[427] [M]: 0x00000000800005F6 (0xAAA50513) addi a0, a0, -0x556
x10 <- 0xFFFFFFFFAAAAAAAA
mem[X,0x00000000800005FA] -> 0x1513
mem[X,0x00000000800005FC] -> 0x00B5
[428] [M]: 0x00000000800005FA (0x00B51513) slli a0, a0, 0xb
x10 <- 0xFFFFFD5555555000
mem[X,0x00000000800005FE] -> 0x0513
mem[X,0x0000000080000600] -> 0x5555
[429] [M]: 0x00000000800005FE (0x55550513) addi a0, a0, 0x555
x10 <- 0xFFFFFD5555555555
mem[X,0x0000000080000602] -> 0x1513
mem[X,0x0000000080000604] -> 0x00B5
[430] [M]: 0x0000000080000602 (0x00B51513) slli a0, a0, 0xb
x10 <- 0xFFEAAAAAAAAAA800
mem[X,0x0000000080000606] -> 0x0513
mem[X,0x0000000080000608] -> 0x2AA5
[431] [M]: 0x0000000080000606 (0x2AA50513) addi a0, a0, 0x2aa
x10 <- 0xFFEAAAAAAAAAAAAA
mem[X,0x000000008000060A] -> 0x1513
mem[X,0x000000008000060C] -> 0x00A5
[432] [M]: 0x000000008000060A (0x00A51513) slli a0, a0, 0xa
x10 <- 0xAAAAAAAAAAAAA800
mem[X,0x000000008000060E] -> 0x0513
mem[X,0x0000000080000610] -> 0x2AA5
[433] [M]: 0x000000008000060E (0x2AA50513) addi a0, a0, 0x2aa
x10 <- 0xAAAAAAAAAAAAAAAA
mem[X,0x0000000080000612] -> 0x3579
[434] [M]: 0x0000000080000612 (0x3579) c.addiw a0, -0x2
x10 <- 0xFFFFFFFFAAAAAAA8
mem[X,0x0000000080000614] -> 0xB423
mem[X,0x0000000080000616] -> 0x0CA0
[435] [M]: 0x0000000080000614 (0x0CA0B423) sd a0, 0xc8(ra)
mem[0x00000000800052C0] <- 0xFFFFFFFFAAAAAAA8
mem[X,0x0000000080000618] -> 0xB537
mem[X,0x000000008000061A] -> 0xAAAA
[436] [M]: 0x0000000080000618 (0xAAAAB537) lui a0, -0x55555
x10 <- 0xFFFFFFFFAAAAB000
mem[X,0x000000008000061C] -> 0x0513
mem[X,0x000000008000061E] -> 0xAAA5
[437] [M]: 0x000000008000061C (0xAAA50513) addi a0, a0, -0x556
x10 <- 0xFFFFFFFFAAAAAAAA
mem[X,0x0000000080000620] -> 0x1513
mem[X,0x0000000080000622] -> 0x00B5
[438] [M]: 0x0000000080000620 (0x00B51513) slli a0, a0, 0xb
x10 <- 0xFFFFFD5555555000
mem[X,0x0000000080000624] -> 0x0513
mem[X,0x0000000080000626] -> 0x5555
[439] [M]: 0x0000000080000624 (0x55550513) addi a0, a0, 0x555
x10 <- 0xFFFFFD5555555555
mem[X,0x0000000080000628] -> 0x1513
mem[X,0x000000008000062A] -> 0x00B5
[440] [M]: 0x0000000080000628 (0x00B51513) slli a0, a0, 0xb
x10 <- 0xFFEAAAAAAAAAA800
mem[X,0x000000008000062C] -> 0x0513
mem[X,0x000000008000062E] -> 0x2AA5
[441] [M]: 0x000000008000062C (0x2AA50513) addi a0, a0, 0x2aa
x10 <- 0xFFEAAAAAAAAAAAAA
mem[X,0x0000000080000630] -> 0x1513
mem[X,0x0000000080000632] -> 0x00A5
[442] [M]: 0x0000000080000630 (0x00A51513) slli a0, a0, 0xa
x10 <- 0xAAAAAAAAAAAAA800
mem[X,0x0000000080000634] -> 0x0513
mem[X,0x0000000080000636] -> 0x2AA5
[443] [M]: 0x0000000080000634 (0x2AA50513) addi a0, a0, 0x2aa
x10 <- 0xAAAAAAAAAAAAAAAA
mem[X,0x0000000080000638] -> 0x356D
[444] [M]: 0x0000000080000638 (0x356D) c.addiw a0, -0x5
x10 <- 0xFFFFFFFFAAAAAAA5
mem[X,0x000000008000063A] -> 0xB823
mem[X,0x000000008000063C] -> 0x0CA0
[445] [M]: 0x000000008000063A (0x0CA0B823) sd a0, 0xd0(ra)
mem[0x00000000800052C8] <- 0xFFFFFFFFAAAAAAA5
mem[X,0x000000008000063E] -> 0xB537
mem[X,0x0000000080000640] -> 0xAAAA
[446] [M]: 0x000000008000063E (0xAAAAB537) lui a0, -0x55555
x10 <- 0xFFFFFFFFAAAAB000
mem[X,0x0000000080000642] -> 0x0513
mem[X,0x0000000080000644] -> 0xAAA5
[447] [M]: 0x0000000080000642 (0xAAA50513) addi a0, a0, -0x556
x10 <- 0xFFFFFFFFAAAAAAAA
mem[X,0x0000000080000646] -> 0x1513
mem[X,0x0000000080000648] -> 0x00B5
[448] [M]: 0x0000000080000646 (0x00B51513) slli a0, a0, 0xb
x10 <- 0xFFFFFD5555555000
mem[X,0x000000008000064A] -> 0x0513
mem[X,0x000000008000064C] -> 0x5555
[449] [M]: 0x000000008000064A (0x55550513) addi a0, a0, 0x555
x10 <- 0xFFFFFD5555555555
mem[X,0x000000008000064E] -> 0x1513
mem[X,0x0000000080000650] -> 0x00B5
[450] [M]: 0x000000008000064E (0x00B51513) slli a0, a0, 0xb
x10 <- 0xFFEAAAAAAAAAA800
mem[X,0x0000000080000652] -> 0x0513
mem[X,0x0000000080000654] -> 0x2AA5
[451] [M]: 0x0000000080000652 (0x2AA50513) addi a0, a0, 0x2aa
x10 <- 0xFFEAAAAAAAAAAAAA
mem[X,0x0000000080000656] -> 0x1513
mem[X,0x0000000080000658] -> 0x00A5
[452] [M]: 0x0000000080000656 (0x00A51513) slli a0, a0, 0xa
x10 <- 0xAAAAAAAAAAAAA800
mem[X,0x000000008000065A] -> 0x0513
mem[X,0x000000008000065C] -> 0x2AA5
[453] [M]: 0x000000008000065A (0x2AA50513) addi a0, a0, 0x2aa
x10 <- 0xAAAAAAAAAAAAAAAA
mem[X,0x000000008000065E] -> 0x2509
[454] [M]: 0x000000008000065E (0x2509) c.addiw a0, 0x2
x10 <- 0xFFFFFFFFAAAAAAAC
mem[X,0x0000000080000660] -> 0xBC23
mem[X,0x0000000080000662] -> 0x0CA0
[455] [M]: 0x0000000080000660 (0x0CA0BC23) sd a0, 0xd8(ra)
mem[0x00000000800052D0] <- 0xFFFFFFFFAAAAAAAC
mem[X,0x0000000080000664] -> 0xB537
mem[X,0x0000000080000666] -> 0xAAAA
[456] [M]: 0x0000000080000664 (0xAAAAB537) lui a0, -0x55555
x10 <- 0xFFFFFFFFAAAAB000
mem[X,0x0000000080000668] -> 0x0513
mem[X,0x000000008000066A] -> 0xAAA5
[457] [M]: 0x0000000080000668 (0xAAA50513) addi a0, a0, -0x556
x10 <- 0xFFFFFFFFAAAAAAAA
mem[X,0x000000008000066C] -> 0x1513
mem[X,0x000000008000066E] -> 0x00B5
[458] [M]: 0x000000008000066C (0x00B51513) slli a0, a0, 0xb
x10 <- 0xFFFFFD5555555000
mem[X,0x0000000080000670] -> 0x0513
mem[X,0x0000000080000672] -> 0x5555
[459] [M]: 0x0000000080000670 (0x55550513) addi a0, a0, 0x555
x10 <- 0xFFFFFD5555555555
mem[X,0x0000000080000674] -> 0x1513
mem[X,0x0000000080000676] -> 0x00B5
[460] [M]: 0x0000000080000674 (0x00B51513) slli a0, a0, 0xb
x10 <- 0xFFEAAAAAAAAAA800
mem[X,0x0000000080000678] -> 0x0513
mem[X,0x000000008000067A] -> 0x2AA5
[461] [M]: 0x0000000080000678 (0x2AA50513) addi a0, a0, 0x2aa
x10 <- 0xFFEAAAAAAAAAAAAA
mem[X,0x000000008000067C] -> 0x1513
mem[X,0x000000008000067E] -> 0x00A5
[462] [M]: 0x000000008000067C (0x00A51513) slli a0, a0, 0xa
x10 <- 0xAAAAAAAAAAAAA800
mem[X,0x0000000080000680] -> 0x0513
mem[X,0x0000000080000682] -> 0x2AA5
[463] [M]: 0x0000000080000680 (0x2AA50513) addi a0, a0, 0x2aa
x10 <- 0xAAAAAAAAAAAAAAAA
mem[X,0x0000000080000684] -> 0x2511
[464] [M]: 0x0000000080000684 (0x2511) c.addiw a0, 0x4
x10 <- 0xFFFFFFFFAAAAAAAE
mem[X,0x0000000080000686] -> 0xB023
mem[X,0x0000000080000688] -> 0x0EA0
[465] [M]: 0x0000000080000686 (0x0EA0B023) sd a0, 0xe0(ra)
mem[0x00000000800052D8] <- 0xFFFFFFFFAAAAAAAE
mem[X,0x000000008000068A] -> 0xB537
mem[X,0x000000008000068C] -> 0xAAAA
[466] [M]: 0x000000008000068A (0xAAAAB537) lui a0, -0x55555
x10 <- 0xFFFFFFFFAAAAB000
mem[X,0x000000008000068E] -> 0x0513
mem[X,0x0000000080000690] -> 0xAAA5
[467] [M]: 0x000000008000068E (0xAAA50513) addi a0, a0, -0x556
x10 <- 0xFFFFFFFFAAAAAAAA
mem[X,0x0000000080000692] -> 0x1513
mem[X,0x0000000080000694] -> 0x00B5
[468] [M]: 0x0000000080000692 (0x00B51513) slli a0, a0, 0xb
x10 <- 0xFFFFFD5555555000
mem[X,0x0000000080000696] -> 0x0513
mem[X,0x0000000080000698] -> 0x5555
[469] [M]: 0x0000000080000696 (0x55550513) addi a0, a0, 0x555
x10 <- 0xFFFFFD5555555555
mem[X,0x000000008000069A] -> 0x1513
mem[X,0x000000008000069C] -> 0x00B5
[470] [M]: 0x000000008000069A (0x00B51513) slli a0, a0, 0xb
x10 <- 0xFFEAAAAAAAAAA800
mem[X,0x000000008000069E] -> 0x0513
mem[X,0x00000000800006A0] -> 0x2AA5
[471] [M]: 0x000000008000069E (0x2AA50513) addi a0, a0, 0x2aa
x10 <- 0xFFEAAAAAAAAAAAAA
mem[X,0x00000000800006A2] -> 0x1513
mem[X,0x00000000800006A4] -> 0x00A5
[472] [M]: 0x00000000800006A2 (0x00A51513) slli a0, a0, 0xa
x10 <- 0xAAAAAAAAAAAAA800
mem[X,0x00000000800006A6] -> 0x0513
mem[X,0x00000000800006A8] -> 0x2AA5
[473] [M]: 0x00000000800006A6 (0x2AA50513) addi a0, a0, 0x2aa
x10 <- 0xAAAAAAAAAAAAAAAA
mem[X,0x00000000800006AA] -> 0x2525
[474] [M]: 0x00000000800006AA (0x2525) c.addiw a0, 0x9
x10 <- 0xFFFFFFFFAAAAAAB3
mem[X,0x00000000800006AC] -> 0xB423
mem[X,0x00000000800006AE] -> 0x0EA0
[475] [M]: 0x00000000800006AC (0x0EA0B423) sd a0, 0xe8(ra)
mem[0x00000000800052E0] <- 0xFFFFFFFFAAAAAAB3
mem[X,0x00000000800006B0] -> 0xB537
mem[X,0x00000000800006B2] -> 0xAAAA
[476] [M]: 0x00000000800006B0 (0xAAAAB537) lui a0, -0x55555
x10 <- 0xFFFFFFFFAAAAB000
mem[X,0x00000000800006B4] -> 0x0513
mem[X,0x00000000800006B6] -> 0xAAA5
[477] [M]: 0x00000000800006B4 (0xAAA50513) addi a0, a0, -0x556
x10 <- 0xFFFFFFFFAAAAAAAA
mem[X,0x00000000800006B8] -> 0x1513
mem[X,0x00000000800006BA] -> 0x00B5
[478] [M]: 0x00000000800006B8 (0x00B51513) slli a0, a0, 0xb
x10 <- 0xFFFFFD5555555000
mem[X,0x00000000800006BC] -> 0x0513
mem[X,0x00000000800006BE] -> 0x5555
[479] [M]: 0x00000000800006BC (0x55550513) addi a0, a0, 0x555
x10 <- 0xFFFFFD5555555555
mem[X,0x00000000800006C0] -> 0x1513
mem[X,0x00000000800006C2] -> 0x00B5
[480] [M]: 0x00000000800006C0 (0x00B51513) slli a0, a0, 0xb
x10 <- 0xFFEAAAAAAAAAA800
mem[X,0x00000000800006C4] -> 0x0513
mem[X,0x00000000800006C6] -> 0x2AA5
[481] [M]: 0x00000000800006C4 (0x2AA50513) addi a0, a0, 0x2aa
x10 <- 0xFFEAAAAAAAAAAAAA
mem[X,0x00000000800006C8] -> 0x1513
mem[X,0x00000000800006CA] -> 0x00A5
[482] [M]: 0x00000000800006C8 (0x00A51513) slli a0, a0, 0xa
x10 <- 0xAAAAAAAAAAAAA800
mem[X,0x00000000800006CC] -> 0x0513
mem[X,0x00000000800006CE] -> 0x2AA5
[483] [M]: 0x00000000800006CC (0x2AA50513) addi a0, a0, 0x2aa
x10 <- 0xAAAAAAAAAAAAAAAA
mem[X,0x00000000800006D0] -> 0x2501
[484] [M]: 0x00000000800006D0 (0x2501) c.addiw a0, 0x0
x10 <- 0xFFFFFFFFAAAAAAAA
mem[X,0x00000000800006D2] -> 0xB823
mem[X,0x00000000800006D4] -> 0x0EA0
[485] [M]: 0x00000000800006D2 (0x0EA0B823) sd a0, 0xf0(ra)
mem[0x00000000800052E8] <- 0xFFFFFFFFAAAAAAAA
mem[X,0x00000000800006D6] -> 0xB537
mem[X,0x00000000800006D8] -> 0xAAAA
[486] [M]: 0x00000000800006D6 (0xAAAAB537) lui a0, -0x55555
x10 <- 0xFFFFFFFFAAAAB000
mem[X,0x00000000800006DA] -> 0x0513
mem[X,0x00000000800006DC] -> 0xAAA5
[487] [M]: 0x00000000800006DA (0xAAA50513) addi a0, a0, -0x556
x10 <- 0xFFFFFFFFAAAAAAAA
mem[X,0x00000000800006DE] -> 0x1513
mem[X,0x00000000800006E0] -> 0x00B5
[488] [M]: 0x00000000800006DE (0x00B51513) slli a0, a0, 0xb
x10 <- 0xFFFFFD5555555000
mem[X,0x00000000800006E2] -> 0x0513
mem[X,0x00000000800006E4] -> 0x5555
[489] [M]: 0x00000000800006E2 (0x55550513) addi a0, a0, 0x555
x10 <- 0xFFFFFD5555555555
mem[X,0x00000000800006E6] -> 0x1513
mem[X,0x00000000800006E8] -> 0x00B5
[490] [M]: 0x00000000800006E6 (0x00B51513) slli a0, a0, 0xb
x10 <- 0xFFEAAAAAAAAAA800
mem[X,0x00000000800006EA] -> 0x0513
mem[X,0x00000000800006EC] -> 0x2AA5
[491] [M]: 0x00000000800006EA (0x2AA50513) addi a0, a0, 0x2aa
x10 <- 0xFFEAAAAAAAAAAAAA
mem[X,0x00000000800006EE] -> 0x1513
mem[X,0x00000000800006F0] -> 0x00A5
[492] [M]: 0x00000000800006EE (0x00A51513) slli a0, a0, 0xa
x10 <- 0xAAAAAAAAAAAAA800
mem[X,0x00000000800006F2] -> 0x0513
mem[X,0x00000000800006F4] -> 0x2AA5
[493] [M]: 0x00000000800006F2 (0x2AA50513) addi a0, a0, 0x2aa
x10 <- 0xAAAAAAAAAAAAAAAA
mem[X,0x00000000800006F6] -> 0x252D
[494] [M]: 0x00000000800006F6 (0x252D) c.addiw a0, 0xb
x10 <- 0xFFFFFFFFAAAAAAB5
mem[X,0x00000000800006F8] -> 0xBC23
mem[X,0x00000000800006FA] -> 0x0EA0
[495] [M]: 0x00000000800006F8 (0x0EA0BC23) sd a0, 0xf8(ra)
mem[0x00000000800052F0] <- 0xFFFFFFFFAAAAAAB5
mem[X,0x00000000800006FC] -> 0xB537
mem[X,0x00000000800006FE] -> 0xAAAA
[496] [M]: 0x00000000800006FC (0xAAAAB537) lui a0, -0x55555
x10 <- 0xFFFFFFFFAAAAB000
mem[X,0x0000000080000700] -> 0x0513
mem[X,0x0000000080000702] -> 0xAAA5
[497] [M]: 0x0000000080000700 (0xAAA50513) addi a0, a0, -0x556
x10 <- 0xFFFFFFFFAAAAAAAA
mem[X,0x0000000080000704] -> 0x1513
mem[X,0x0000000080000706] -> 0x00B5
[498] [M]: 0x0000000080000704 (0x00B51513) slli a0, a0, 0xb
x10 <- 0xFFFFFD5555555000
mem[X,0x0000000080000708] -> 0x0513
mem[X,0x000000008000070A] -> 0x5555
[499] [M]: 0x0000000080000708 (0x55550513) addi a0, a0, 0x555
x10 <- 0xFFFFFD5555555555
clint::tick mtime <- 0x0000000000000005
 clint timer pending at mtime 0x0000000000000005
htif::tick 0x0000000000000000
mem[X,0x000000008000070C] -> 0x1513
mem[X,0x000000008000070E] -> 0x00B5
[500] [M]: 0x000000008000070C (0x00B51513) slli a0, a0, 0xb
x10 <- 0xFFEAAAAAAAAAA800
mem[X,0x0000000080000710] -> 0x0513
mem[X,0x0000000080000712] -> 0x2AA5
[501] [M]: 0x0000000080000710 (0x2AA50513) addi a0, a0, 0x2aa
x10 <- 0xFFEAAAAAAAAAAAAA
mem[X,0x0000000080000714] -> 0x1513
mem[X,0x0000000080000716] -> 0x00A5
[502] [M]: 0x0000000080000714 (0x00A51513) slli a0, a0, 0xa
x10 <- 0xAAAAAAAAAAAAA800
mem[X,0x0000000080000718] -> 0x0513
mem[X,0x000000008000071A] -> 0x2AA5
[503] [M]: 0x0000000080000718 (0x2AA50513) addi a0, a0, 0x2aa
x10 <- 0xAAAAAAAAAAAAAAAA
mem[X,0x000000008000071C] -> 0x251D
[504] [M]: 0x000000008000071C (0x251D) c.addiw a0, 0x7
x10 <- 0xFFFFFFFFAAAAAAB1
mem[X,0x000000008000071E] -> 0xB023
mem[X,0x0000000080000720] -> 0x10A0
[505] [M]: 0x000000008000071E (0x10A0B023) sd a0, 0x100(ra)
mem[0x00000000800052F8] <- 0xFFFFFFFFAAAAAAB1
mem[X,0x0000000080000722] -> 0xB537
mem[X,0x0000000080000724] -> 0xAAAA
[506] [M]: 0x0000000080000722 (0xAAAAB537) lui a0, -0x55555
x10 <- 0xFFFFFFFFAAAAB000
mem[X,0x0000000080000726] -> 0x0513
mem[X,0x0000000080000728] -> 0xAAA5
[507] [M]: 0x0000000080000726 (0xAAA50513) addi a0, a0, -0x556
x10 <- 0xFFFFFFFFAAAAAAAA
mem[X,0x000000008000072A] -> 0x1513
mem[X,0x000000008000072C] -> 0x00B5
[508] [M]: 0x000000008000072A (0x00B51513) slli a0, a0, 0xb
x10 <- 0xFFFFFD5555555000
mem[X,0x000000008000072E] -> 0x0513
mem[X,0x0000000080000730] -> 0x5555
[509] [M]: 0x000000008000072E (0x55550513) addi a0, a0, 0x555
x10 <- 0xFFFFFD5555555555
mem[X,0x0000000080000732] -> 0x1513
mem[X,0x0000000080000734] -> 0x00B5
[510] [M]: 0x0000000080000732 (0x00B51513) slli a0, a0, 0xb
x10 <- 0xFFEAAAAAAAAAA800
mem[X,0x0000000080000736] -> 0x0513
mem[X,0x0000000080000738] -> 0x2AA5
[511] [M]: 0x0000000080000736 (0x2AA50513) addi a0, a0, 0x2aa
x10 <- 0xFFEAAAAAAAAAAAAA
mem[X,0x000000008000073A] -> 0x1513
mem[X,0x000000008000073C] -> 0x00A5
[512] [M]: 0x000000008000073A (0x00A51513) slli a0, a0, 0xa
x10 <- 0xAAAAAAAAAAAAA800
mem[X,0x000000008000073E] -> 0x0513
mem[X,0x0000000080000740] -> 0x2AA5
[513] [M]: 0x000000008000073E (0x2AA50513) addi a0, a0, 0x2aa
x10 <- 0xAAAAAAAAAAAAAAAA
mem[X,0x0000000080000742] -> 0x357D
[514] [M]: 0x0000000080000742 (0x357D) c.addiw a0, -0x1
x10 <- 0xFFFFFFFFAAAAAAA9
mem[X,0x0000000080000744] -> 0xB423
mem[X,0x0000000080000746] -> 0x10A0
[515] [M]: 0x0000000080000744 (0x10A0B423) sd a0, 0x108(ra)
mem[0x0000000080005300] <- 0xFFFFFFFFAAAAAAA9
mem[X,0x0000000080000748] -> 0xB537
mem[X,0x000000008000074A] -> 0xAAAA
[516] [M]: 0x0000000080000748 (0xAAAAB537) lui a0, -0x55555
x10 <- 0xFFFFFFFFAAAAB000
mem[X,0x000000008000074C] -> 0x0513
mem[X,0x000000008000074E] -> 0xAAA5
[517] [M]: 0x000000008000074C (0xAAA50513) addi a0, a0, -0x556
x10 <- 0xFFFFFFFFAAAAAAAA
mem[X,0x0000000080000750] -> 0x1513
mem[X,0x0000000080000752] -> 0x00B5
[518] [M]: 0x0000000080000750 (0x00B51513) slli a0, a0, 0xb
x10 <- 0xFFFFFD5555555000
mem[X,0x0000000080000754] -> 0x0513
mem[X,0x0000000080000756] -> 0x5555
[519] [M]: 0x0000000080000754 (0x55550513) addi a0, a0, 0x555
x10 <- 0xFFFFFD5555555555
mem[X,0x0000000080000758] -> 0x1513
mem[X,0x000000008000075A] -> 0x00B5
[520] [M]: 0x0000000080000758 (0x00B51513) slli a0, a0, 0xb
x10 <- 0xFFEAAAAAAAAAA800
mem[X,0x000000008000075C] -> 0x0513
mem[X,0x000000008000075E] -> 0x2AA5
[521] [M]: 0x000000008000075C (0x2AA50513) addi a0, a0, 0x2aa
x10 <- 0xFFEAAAAAAAAAAAAA
mem[X,0x0000000080000760] -> 0x1513
mem[X,0x0000000080000762] -> 0x00A5
[522] [M]: 0x0000000080000760 (0x00A51513) slli a0, a0, 0xa
x10 <- 0xAAAAAAAAAAAAA800
mem[X,0x0000000080000764] -> 0x0513
mem[X,0x0000000080000766] -> 0x2AA5
[523] [M]: 0x0000000080000764 (0x2AA50513) addi a0, a0, 0x2aa
x10 <- 0xAAAAAAAAAAAAAAAA
mem[X,0x0000000080000768] -> 0x3571
[524] [M]: 0x0000000080000768 (0x3571) c.addiw a0, -0x4
x10 <- 0xFFFFFFFFAAAAAAA6
mem[X,0x000000008000076A] -> 0xB823
mem[X,0x000000008000076C] -> 0x10A0
[525] [M]: 0x000000008000076A (0x10A0B823) sd a0, 0x110(ra)
mem[0x0000000080005308] <- 0xFFFFFFFFAAAAAAA6
mem[X,0x000000008000076E] -> 0x0513
mem[X,0x0000000080000770] -> 0x0050
[526] [M]: 0x000000008000076E (0x00500513) addi a0, zero, 0x5
x10 <- 0x0000000000000005
mem[X,0x0000000080000772] -> 0x250D
[527] [M]: 0x0000000080000772 (0x250D) c.addiw a0, 0x3
x10 <- 0x0000000000000008
mem[X,0x0000000080000774] -> 0xBC23
mem[X,0x0000000080000776] -> 0x10A0
[528] [M]: 0x0000000080000774 (0x10A0BC23) sd a0, 0x118(ra)
mem[0x0000000080005310] <- 0x0000000000000008
mem[X,0x0000000080000778] -> 0x0513
mem[X,0x000000008000077A] -> 0x0050
[529] [M]: 0x0000000080000778 (0x00500513) addi a0, zero, 0x5
x10 <- 0x0000000000000005
mem[X,0x000000008000077C] -> 0x2515
[530] [M]: 0x000000008000077C (0x2515) c.addiw a0, 0x5
x10 <- 0x000000000000000A
mem[X,0x000000008000077E] -> 0xB023
mem[X,0x0000000080000780] -> 0x12A0
[531] [M]: 0x000000008000077E (0x12A0B023) sd a0, 0x120(ra)
mem[0x0000000080005318] <- 0x000000000000000A
mem[X,0x0000000080000782] -> 0x0513
mem[X,0x0000000080000784] -> 0x0050
[532] [M]: 0x0000000080000782 (0x00500513) addi a0, zero, 0x5
x10 <- 0x0000000000000005
mem[X,0x0000000080000786] -> 0x2529
[533] [M]: 0x0000000080000786 (0x2529) c.addiw a0, 0xa
x10 <- 0x000000000000000F
mem[X,0x0000000080000788] -> 0xB423
mem[X,0x000000008000078A] -> 0x12A0
[534] [M]: 0x0000000080000788 (0x12A0B423) sd a0, 0x128(ra)
mem[0x0000000080005320] <- 0x000000000000000F
mem[X,0x000000008000078C] -> 0x0513
mem[X,0x000000008000078E] -> 0x0050
[535] [M]: 0x000000008000078C (0x00500513) addi a0, zero, 0x5
x10 <- 0x0000000000000005
mem[X,0x0000000080000790] -> 0x2519
[536] [M]: 0x0000000080000790 (0x2519) c.addiw a0, 0x6
x10 <- 0x000000000000000B
mem[X,0x0000000080000792] -> 0xB823
mem[X,0x0000000080000794] -> 0x12A0
[537] [M]: 0x0000000080000792 (0x12A0B823) sd a0, 0x130(ra)
mem[0x0000000080005328] <- 0x000000000000000B
mem[X,0x0000000080000796] -> 0x0513
mem[X,0x0000000080000798] -> 0x0050
[538] [M]: 0x0000000080000796 (0x00500513) addi a0, zero, 0x5
x10 <- 0x0000000000000005
mem[X,0x000000008000079A] -> 0x3579
[539] [M]: 0x000000008000079A (0x3579) c.addiw a0, -0x2
x10 <- 0x0000000000000003
mem[X,0x000000008000079C] -> 0xBC23
mem[X,0x000000008000079E] -> 0x12A0
[540] [M]: 0x000000008000079C (0x12A0BC23) sd a0, 0x138(ra)
mem[0x0000000080005330] <- 0x0000000000000003
mem[X,0x00000000800007A0] -> 0x0513
mem[X,0x00000000800007A2] -> 0x0050
[541] [M]: 0x00000000800007A0 (0x00500513) addi a0, zero, 0x5
x10 <- 0x0000000000000005
mem[X,0x00000000800007A4] -> 0x356D
[542] [M]: 0x00000000800007A4 (0x356D) c.addiw a0, -0x5
x10 <- 0x0000000000000000
mem[X,0x00000000800007A6] -> 0xB023
mem[X,0x00000000800007A8] -> 0x14A0
[543] [M]: 0x00000000800007A6 (0x14A0B023) sd a0, 0x140(ra)
mem[0x0000000080005338] <- 0x0000000000000000
mem[X,0x00000000800007AA] -> 0x0513
mem[X,0x00000000800007AC] -> 0x0050
[544] [M]: 0x00000000800007AA (0x00500513) addi a0, zero, 0x5
x10 <- 0x0000000000000005
mem[X,0x00000000800007AE] -> 0x2509
[545] [M]: 0x00000000800007AE (0x2509) c.addiw a0, 0x2
x10 <- 0x0000000000000007
mem[X,0x00000000800007B0] -> 0xB423
mem[X,0x00000000800007B2] -> 0x14A0
[546] [M]: 0x00000000800007B0 (0x14A0B423) sd a0, 0x148(ra)
mem[0x0000000080005340] <- 0x0000000000000007
mem[X,0x00000000800007B4] -> 0x0513
mem[X,0x00000000800007B6] -> 0x0050
[547] [M]: 0x00000000800007B4 (0x00500513) addi a0, zero, 0x5
x10 <- 0x0000000000000005
mem[X,0x00000000800007B8] -> 0x2511
[548] [M]: 0x00000000800007B8 (0x2511) c.addiw a0, 0x4
x10 <- 0x0000000000000009
mem[X,0x00000000800007BA] -> 0xB823
mem[X,0x00000000800007BC] -> 0x14A0
[549] [M]: 0x00000000800007BA (0x14A0B823) sd a0, 0x150(ra)
mem[0x0000000080005348] <- 0x0000000000000009
mem[X,0x00000000800007BE] -> 0x0513
mem[X,0x00000000800007C0] -> 0x0050
[550] [M]: 0x00000000800007BE (0x00500513) addi a0, zero, 0x5
x10 <- 0x0000000000000005
mem[X,0x00000000800007C2] -> 0x2525
[551] [M]: 0x00000000800007C2 (0x2525) c.addiw a0, 0x9
x10 <- 0x000000000000000E
mem[X,0x00000000800007C4] -> 0xBC23
mem[X,0x00000000800007C6] -> 0x14A0
[552] [M]: 0x00000000800007C4 (0x14A0BC23) sd a0, 0x158(ra)
mem[0x0000000080005350] <- 0x000000000000000E
mem[X,0x00000000800007C8] -> 0x0513
mem[X,0x00000000800007CA] -> 0x0050
[553] [M]: 0x00000000800007C8 (0x00500513) addi a0, zero, 0x5
x10 <- 0x0000000000000005
mem[X,0x00000000800007CC] -> 0x2501
[554] [M]: 0x00000000800007CC (0x2501) c.addiw a0, 0x0
x10 <- 0x0000000000000005
mem[X,0x00000000800007CE] -> 0xB023
mem[X,0x00000000800007D0] -> 0x16A0
[555] [M]: 0x00000000800007CE (0x16A0B023) sd a0, 0x160(ra)
mem[0x0000000080005358] <- 0x0000000000000005
mem[X,0x00000000800007D2] -> 0x0513
mem[X,0x00000000800007D4] -> 0x0050
[556] [M]: 0x00000000800007D2 (0x00500513) addi a0, zero, 0x5
x10 <- 0x0000000000000005
mem[X,0x00000000800007D6] -> 0x252D
[557] [M]: 0x00000000800007D6 (0x252D) c.addiw a0, 0xb
x10 <- 0x0000000000000010
mem[X,0x00000000800007D8] -> 0xB423
mem[X,0x00000000800007DA] -> 0x16A0
[558] [M]: 0x00000000800007D8 (0x16A0B423) sd a0, 0x168(ra)
mem[0x0000000080005360] <- 0x0000000000000010
mem[X,0x00000000800007DC] -> 0x0513
mem[X,0x00000000800007DE] -> 0x0050
[559] [M]: 0x00000000800007DC (0x00500513) addi a0, zero, 0x5
x10 <- 0x0000000000000005
mem[X,0x00000000800007E0] -> 0x251D
[560] [M]: 0x00000000800007E0 (0x251D) c.addiw a0, 0x7
x10 <- 0x000000000000000C
mem[X,0x00000000800007E2] -> 0xB823
mem[X,0x00000000800007E4] -> 0x16A0
[561] [M]: 0x00000000800007E2 (0x16A0B823) sd a0, 0x170(ra)
mem[0x0000000080005368] <- 0x000000000000000C
mem[X,0x00000000800007E6] -> 0x0513
mem[X,0x00000000800007E8] -> 0x0050
[562] [M]: 0x00000000800007E6 (0x00500513) addi a0, zero, 0x5
x10 <- 0x0000000000000005
mem[X,0x00000000800007EA] -> 0x357D
[563] [M]: 0x00000000800007EA (0x357D) c.addiw a0, -0x1
x10 <- 0x0000000000000004
mem[X,0x00000000800007EC] -> 0xBC23
mem[X,0x00000000800007EE] -> 0x16A0
[564] [M]: 0x00000000800007EC (0x16A0BC23) sd a0, 0x178(ra)
mem[0x0000000080005370] <- 0x0000000000000004
mem[X,0x00000000800007F0] -> 0x0513
mem[X,0x00000000800007F2] -> 0x0050
[565] [M]: 0x00000000800007F0 (0x00500513) addi a0, zero, 0x5
x10 <- 0x0000000000000005
mem[X,0x00000000800007F4] -> 0x3571
[566] [M]: 0x00000000800007F4 (0x3571) c.addiw a0, -0x4
x10 <- 0x0000000000000001
mem[X,0x00000000800007F6] -> 0xB023
mem[X,0x00000000800007F8] -> 0x18A0
[567] [M]: 0x00000000800007F6 (0x18A0B023) sd a0, 0x180(ra)
mem[0x0000000080005378] <- 0x0000000000000001
mem[X,0x00000000800007FA] -> 0x3537
mem[X,0x00000000800007FC] -> 0x3333
[568] [M]: 0x00000000800007FA (0x33333537) lui a0, 0x33333
x10 <- 0x0000000033333000
mem[X,0x00000000800007FE] -> 0x0513
mem[X,0x0000000080000800] -> 0x3335
[569] [M]: 0x00000000800007FE (0x33350513) addi a0, a0, 0x333
x10 <- 0x0000000033333333
mem[X,0x0000000080000802] -> 0x1513
mem[X,0x0000000080000804] -> 0x00B5
[570] [M]: 0x0000000080000802 (0x00B51513) slli a0, a0, 0xb
x10 <- 0x0000019999999800
mem[X,0x0000000080000806] -> 0x0513
mem[X,0x0000000080000808] -> 0x1995
[571] [M]: 0x0000000080000806 (0x19950513) addi a0, a0, 0x199
x10 <- 0x0000019999999999
mem[X,0x000000008000080A] -> 0x1513
mem[X,0x000000008000080C] -> 0x00B5
[572] [M]: 0x000000008000080A (0x00B51513) slli a0, a0, 0xb
x10 <- 0x000CCCCCCCCCC800
mem[X,0x000000008000080E] -> 0x0513
mem[X,0x0000000080000810] -> 0x4CC5
[573] [M]: 0x000000008000080E (0x4CC50513) addi a0, a0, 0x4cc
x10 <- 0x000CCCCCCCCCCCCC
mem[X,0x0000000080000812] -> 0x1513
mem[X,0x0000000080000814] -> 0x00A5
[574] [M]: 0x0000000080000812 (0x00A51513) slli a0, a0, 0xa
x10 <- 0x3333333333333000
mem[X,0x0000000080000816] -> 0x0513
mem[X,0x0000000080000818] -> 0x3335
[575] [M]: 0x0000000080000816 (0x33350513) addi a0, a0, 0x333
x10 <- 0x3333333333333333
mem[X,0x000000008000081A] -> 0x250D
[576] [M]: 0x000000008000081A (0x250D) c.addiw a0, 0x3
x10 <- 0x0000000033333336
mem[X,0x000000008000081C] -> 0xB423
mem[X,0x000000008000081E] -> 0x18A0
[577] [M]: 0x000000008000081C (0x18A0B423) sd a0, 0x188(ra)
mem[0x0000000080005380] <- 0x0000000033333336
mem[X,0x0000000080000820] -> 0x3537
mem[X,0x0000000080000822] -> 0x3333
[578] [M]: 0x0000000080000820 (0x33333537) lui a0, 0x33333
x10 <- 0x0000000033333000
mem[X,0x0000000080000824] -> 0x0513
mem[X,0x0000000080000826] -> 0x3335
[579] [M]: 0x0000000080000824 (0x33350513) addi a0, a0, 0x333
x10 <- 0x0000000033333333
mem[X,0x0000000080000828] -> 0x1513
mem[X,0x000000008000082A] -> 0x00B5
[580] [M]: 0x0000000080000828 (0x00B51513) slli a0, a0, 0xb
x10 <- 0x0000019999999800
mem[X,0x000000008000082C] -> 0x0513
mem[X,0x000000008000082E] -> 0x1995
[581] [M]: 0x000000008000082C (0x19950513) addi a0, a0, 0x199
x10 <- 0x0000019999999999
mem[X,0x0000000080000830] -> 0x1513
mem[X,0x0000000080000832] -> 0x00B5
[582] [M]: 0x0000000080000830 (0x00B51513) slli a0, a0, 0xb
x10 <- 0x000CCCCCCCCCC800
mem[X,0x0000000080000834] -> 0x0513
mem[X,0x0000000080000836] -> 0x4CC5
[583] [M]: 0x0000000080000834 (0x4CC50513) addi a0, a0, 0x4cc
x10 <- 0x000CCCCCCCCCCCCC
mem[X,0x0000000080000838] -> 0x1513
mem[X,0x000000008000083A] -> 0x00A5
[584] [M]: 0x0000000080000838 (0x00A51513) slli a0, a0, 0xa
x10 <- 0x3333333333333000
mem[X,0x000000008000083C] -> 0x0513
mem[X,0x000000008000083E] -> 0x3335
[585] [M]: 0x000000008000083C (0x33350513) addi a0, a0, 0x333
x10 <- 0x3333333333333333
mem[X,0x0000000080000840] -> 0x2515
[586] [M]: 0x0000000080000840 (0x2515) c.addiw a0, 0x5
x10 <- 0x0000000033333338
mem[X,0x0000000080000842] -> 0xB823
mem[X,0x0000000080000844] -> 0x18A0
[587] [M]: 0x0000000080000842 (0x18A0B823) sd a0, 0x190(ra)
mem[0x0000000080005388] <- 0x0000000033333338
mem[X,0x0000000080000846] -> 0x3537
mem[X,0x0000000080000848] -> 0x3333
[588] [M]: 0x0000000080000846 (0x33333537) lui a0, 0x33333
x10 <- 0x0000000033333000
mem[X,0x000000008000084A] -> 0x0513
mem[X,0x000000008000084C] -> 0x3335
[589] [M]: 0x000000008000084A (0x33350513) addi a0, a0, 0x333
x10 <- 0x0000000033333333
mem[X,0x000000008000084E] -> 0x1513
mem[X,0x0000000080000850] -> 0x00B5
[590] [M]: 0x000000008000084E (0x00B51513) slli a0, a0, 0xb
x10 <- 0x0000019999999800
mem[X,0x0000000080000852] -> 0x0513
mem[X,0x0000000080000854] -> 0x1995
[591] [M]: 0x0000000080000852 (0x19950513) addi a0, a0, 0x199
x10 <- 0x0000019999999999
mem[X,0x0000000080000856] -> 0x1513
mem[X,0x0000000080000858] -> 0x00B5
[592] [M]: 0x0000000080000856 (0x00B51513) slli a0, a0, 0xb
x10 <- 0x000CCCCCCCCCC800
mem[X,0x000000008000085A] -> 0x0513
mem[X,0x000000008000085C] -> 0x4CC5
[593] [M]: 0x000000008000085A (0x4CC50513) addi a0, a0, 0x4cc
x10 <- 0x000CCCCCCCCCCCCC
mem[X,0x000000008000085E] -> 0x1513
mem[X,0x0000000080000860] -> 0x00A5
[594] [M]: 0x000000008000085E (0x00A51513) slli a0, a0, 0xa
x10 <- 0x3333333333333000
mem[X,0x0000000080000862] -> 0x0513
mem[X,0x0000000080000864] -> 0x3335
[595] [M]: 0x0000000080000862 (0x33350513) addi a0, a0, 0x333
x10 <- 0x3333333333333333
mem[X,0x0000000080000866] -> 0x2529
[596] [M]: 0x0000000080000866 (0x2529) c.addiw a0, 0xa
x10 <- 0x000000003333333D
mem[X,0x0000000080000868] -> 0xBC23
mem[X,0x000000008000086A] -> 0x18A0
[597] [M]: 0x0000000080000868 (0x18A0BC23) sd a0, 0x198(ra)
mem[0x0000000080005390] <- 0x000000003333333D
mem[X,0x000000008000086C] -> 0x3537
mem[X,0x000000008000086E] -> 0x3333
[598] [M]: 0x000000008000086C (0x33333537) lui a0, 0x33333
x10 <- 0x0000000033333000
mem[X,0x0000000080000870] -> 0x0513
mem[X,0x0000000080000872] -> 0x3335
[599] [M]: 0x0000000080000870 (0x33350513) addi a0, a0, 0x333
x10 <- 0x0000000033333333
clint::tick mtime <- 0x0000000000000006
 clint timer pending at mtime 0x0000000000000006
htif::tick 0x0000000000000000
mem[X,0x0000000080000874] -> 0x1513
mem[X,0x0000000080000876] -> 0x00B5
[600] [M]: 0x0000000080000874 (0x00B51513) slli a0, a0, 0xb
x10 <- 0x0000019999999800
mem[X,0x0000000080000878] -> 0x0513
mem[X,0x000000008000087A] -> 0x1995
[601] [M]: 0x0000000080000878 (0x19950513) addi a0, a0, 0x199
x10 <- 0x0000019999999999
mem[X,0x000000008000087C] -> 0x1513
mem[X,0x000000008000087E] -> 0x00B5
[602] [M]: 0x000000008000087C (0x00B51513) slli a0, a0, 0xb
x10 <- 0x000CCCCCCCCCC800
mem[X,0x0000000080000880] -> 0x0513
mem[X,0x0000000080000882] -> 0x4CC5
[603] [M]: 0x0000000080000880 (0x4CC50513) addi a0, a0, 0x4cc
x10 <- 0x000CCCCCCCCCCCCC
mem[X,0x0000000080000884] -> 0x1513
mem[X,0x0000000080000886] -> 0x00A5
[604] [M]: 0x0000000080000884 (0x00A51513) slli a0, a0, 0xa
x10 <- 0x3333333333333000
mem[X,0x0000000080000888] -> 0x0513
mem[X,0x000000008000088A] -> 0x3335
[605] [M]: 0x0000000080000888 (0x33350513) addi a0, a0, 0x333
x10 <- 0x3333333333333333
mem[X,0x000000008000088C] -> 0x2519
[606] [M]: 0x000000008000088C (0x2519) c.addiw a0, 0x6
x10 <- 0x0000000033333339
mem[X,0x000000008000088E] -> 0xB023
mem[X,0x0000000080000890] -> 0x1AA0
[607] [M]: 0x000000008000088E (0x1AA0B023) sd a0, 0x1a0(ra)
mem[0x0000000080005398] <- 0x0000000033333339
mem[X,0x0000000080000892] -> 0x3537
mem[X,0x0000000080000894] -> 0x3333
[608] [M]: 0x0000000080000892 (0x33333537) lui a0, 0x33333
x10 <- 0x0000000033333000
mem[X,0x0000000080000896] -> 0x0513
mem[X,0x0000000080000898] -> 0x3335
[609] [M]: 0x0000000080000896 (0x33350513) addi a0, a0, 0x333
x10 <- 0x0000000033333333
mem[X,0x000000008000089A] -> 0x1513
mem[X,0x000000008000089C] -> 0x00B5
[610] [M]: 0x000000008000089A (0x00B51513) slli a0, a0, 0xb
x10 <- 0x0000019999999800
mem[X,0x000000008000089E] -> 0x0513
mem[X,0x00000000800008A0] -> 0x1995
[611] [M]: 0x000000008000089E (0x19950513) addi a0, a0, 0x199
x10 <- 0x0000019999999999
mem[X,0x00000000800008A2] -> 0x1513
mem[X,0x00000000800008A4] -> 0x00B5
[612] [M]: 0x00000000800008A2 (0x00B51513) slli a0, a0, 0xb
x10 <- 0x000CCCCCCCCCC800
mem[X,0x00000000800008A6] -> 0x0513
mem[X,0x00000000800008A8] -> 0x4CC5
[613] [M]: 0x00000000800008A6 (0x4CC50513) addi a0, a0, 0x4cc
x10 <- 0x000CCCCCCCCCCCCC
mem[X,0x00000000800008AA] -> 0x1513
mem[X,0x00000000800008AC] -> 0x00A5
[614] [M]: 0x00000000800008AA (0x00A51513) slli a0, a0, 0xa
x10 <- 0x3333333333333000
mem[X,0x00000000800008AE] -> 0x0513
mem[X,0x00000000800008B0] -> 0x3335
[615] [M]: 0x00000000800008AE (0x33350513) addi a0, a0, 0x333
x10 <- 0x3333333333333333
mem[X,0x00000000800008B2] -> 0x3579
[616] [M]: 0x00000000800008B2 (0x3579) c.addiw a0, -0x2
x10 <- 0x0000000033333331
mem[X,0x00000000800008B4] -> 0xB423
mem[X,0x00000000800008B6] -> 0x1AA0
[617] [M]: 0x00000000800008B4 (0x1AA0B423) sd a0, 0x1a8(ra)
mem[0x00000000800053A0] <- 0x0000000033333331
mem[X,0x00000000800008B8] -> 0x3537
mem[X,0x00000000800008BA] -> 0x3333
[618] [M]: 0x00000000800008B8 (0x33333537) lui a0, 0x33333
x10 <- 0x0000000033333000
mem[X,0x00000000800008BC] -> 0x0513
mem[X,0x00000000800008BE] -> 0x3335
[619] [M]: 0x00000000800008BC (0x33350513) addi a0, a0, 0x333
x10 <- 0x0000000033333333
mem[X,0x00000000800008C0] -> 0x1513
mem[X,0x00000000800008C2] -> 0x00B5
[620] [M]: 0x00000000800008C0 (0x00B51513) slli a0, a0, 0xb
x10 <- 0x0000019999999800
mem[X,0x00000000800008C4] -> 0x0513
mem[X,0x00000000800008C6] -> 0x1995
[621] [M]: 0x00000000800008C4 (0x19950513) addi a0, a0, 0x199
x10 <- 0x0000019999999999
mem[X,0x00000000800008C8] -> 0x1513
mem[X,0x00000000800008CA] -> 0x00B5
[622] [M]: 0x00000000800008C8 (0x00B51513) slli a0, a0, 0xb
x10 <- 0x000CCCCCCCCCC800
mem[X,0x00000000800008CC] -> 0x0513
mem[X,0x00000000800008CE] -> 0x4CC5
[623] [M]: 0x00000000800008CC (0x4CC50513) addi a0, a0, 0x4cc
x10 <- 0x000CCCCCCCCCCCCC
mem[X,0x00000000800008D0] -> 0x1513
mem[X,0x00000000800008D2] -> 0x00A5
[624] [M]: 0x00000000800008D0 (0x00A51513) slli a0, a0, 0xa
x10 <- 0x3333333333333000
mem[X,0x00000000800008D4] -> 0x0513
mem[X,0x00000000800008D6] -> 0x3335
[625] [M]: 0x00000000800008D4 (0x33350513) addi a0, a0, 0x333
x10 <- 0x3333333333333333
mem[X,0x00000000800008D8] -> 0x356D
[626] [M]: 0x00000000800008D8 (0x356D) c.addiw a0, -0x5
x10 <- 0x000000003333332E
mem[X,0x00000000800008DA] -> 0xB823
mem[X,0x00000000800008DC] -> 0x1AA0
[627] [M]: 0x00000000800008DA (0x1AA0B823) sd a0, 0x1b0(ra)
mem[0x00000000800053A8] <- 0x000000003333332E
mem[X,0x00000000800008DE] -> 0x3537
mem[X,0x00000000800008E0] -> 0x3333
[628] [M]: 0x00000000800008DE (0x33333537) lui a0, 0x33333
x10 <- 0x0000000033333000
mem[X,0x00000000800008E2] -> 0x0513
mem[X,0x00000000800008E4] -> 0x3335
[629] [M]: 0x00000000800008E2 (0x33350513) addi a0, a0, 0x333
x10 <- 0x0000000033333333
mem[X,0x00000000800008E6] -> 0x1513
mem[X,0x00000000800008E8] -> 0x00B5
[630] [M]: 0x00000000800008E6 (0x00B51513) slli a0, a0, 0xb
x10 <- 0x0000019999999800
mem[X,0x00000000800008EA] -> 0x0513
mem[X,0x00000000800008EC] -> 0x1995
[631] [M]: 0x00000000800008EA (0x19950513) addi a0, a0, 0x199
x10 <- 0x0000019999999999
mem[X,0x00000000800008EE] -> 0x1513
mem[X,0x00000000800008F0] -> 0x00B5
[632] [M]: 0x00000000800008EE (0x00B51513) slli a0, a0, 0xb
x10 <- 0x000CCCCCCCCCC800
mem[X,0x00000000800008F2] -> 0x0513
mem[X,0x00000000800008F4] -> 0x4CC5
[633] [M]: 0x00000000800008F2 (0x4CC50513) addi a0, a0, 0x4cc
x10 <- 0x000CCCCCCCCCCCCC
mem[X,0x00000000800008F6] -> 0x1513
mem[X,0x00000000800008F8] -> 0x00A5
[634] [M]: 0x00000000800008F6 (0x00A51513) slli a0, a0, 0xa
x10 <- 0x3333333333333000
mem[X,0x00000000800008FA] -> 0x0513
mem[X,0x00000000800008FC] -> 0x3335
[635] [M]: 0x00000000800008FA (0x33350513) addi a0, a0, 0x333
x10 <- 0x3333333333333333
mem[X,0x00000000800008FE] -> 0x2509
[636] [M]: 0x00000000800008FE (0x2509) c.addiw a0, 0x2
x10 <- 0x0000000033333335
mem[X,0x0000000080000900] -> 0xBC23
mem[X,0x0000000080000902] -> 0x1AA0
[637] [M]: 0x0000000080000900 (0x1AA0BC23) sd a0, 0x1b8(ra)
mem[0x00000000800053B0] <- 0x0000000033333335
mem[X,0x0000000080000904] -> 0x3537
mem[X,0x0000000080000906] -> 0x3333
[638] [M]: 0x0000000080000904 (0x33333537) lui a0, 0x33333
x10 <- 0x0000000033333000
mem[X,0x0000000080000908] -> 0x0513
mem[X,0x000000008000090A] -> 0x3335
[639] [M]: 0x0000000080000908 (0x33350513) addi a0, a0, 0x333
x10 <- 0x0000000033333333
mem[X,0x000000008000090C] -> 0x1513
mem[X,0x000000008000090E] -> 0x00B5
[640] [M]: 0x000000008000090C (0x00B51513) slli a0, a0, 0xb
x10 <- 0x0000019999999800
mem[X,0x0000000080000910] -> 0x0513
mem[X,0x0000000080000912] -> 0x1995
[641] [M]: 0x0000000080000910 (0x19950513) addi a0, a0, 0x199
x10 <- 0x0000019999999999
mem[X,0x0000000080000914] -> 0x1513
mem[X,0x0000000080000916] -> 0x00B5
[642] [M]: 0x0000000080000914 (0x00B51513) slli a0, a0, 0xb
x10 <- 0x000CCCCCCCCCC800
mem[X,0x0000000080000918] -> 0x0513
mem[X,0x000000008000091A] -> 0x4CC5
[643] [M]: 0x0000000080000918 (0x4CC50513) addi a0, a0, 0x4cc
x10 <- 0x000CCCCCCCCCCCCC
mem[X,0x000000008000091C] -> 0x1513
mem[X,0x000000008000091E] -> 0x00A5
[644] [M]: 0x000000008000091C (0x00A51513) slli a0, a0, 0xa
x10 <- 0x3333333333333000
mem[X,0x0000000080000920] -> 0x0513
mem[X,0x0000000080000922] -> 0x3335
[645] [M]: 0x0000000080000920 (0x33350513) addi a0, a0, 0x333
x10 <- 0x3333333333333333
mem[X,0x0000000080000924] -> 0x2511
[646] [M]: 0x0000000080000924 (0x2511) c.addiw a0, 0x4
x10 <- 0x0000000033333337
mem[X,0x0000000080000926] -> 0xB023
mem[X,0x0000000080000928] -> 0x1CA0
[647] [M]: 0x0000000080000926 (0x1CA0B023) sd a0, 0x1c0(ra)
mem[0x00000000800053B8] <- 0x0000000033333337
mem[X,0x000000008000092A] -> 0x3537
mem[X,0x000000008000092C] -> 0x3333
[648] [M]: 0x000000008000092A (0x33333537) lui a0, 0x33333
x10 <- 0x0000000033333000
mem[X,0x000000008000092E] -> 0x0513
mem[X,0x0000000080000930] -> 0x3335
[649] [M]: 0x000000008000092E (0x33350513) addi a0, a0, 0x333
x10 <- 0x0000000033333333
mem[X,0x0000000080000932] -> 0x1513
mem[X,0x0000000080000934] -> 0x00B5
[650] [M]: 0x0000000080000932 (0x00B51513) slli a0, a0, 0xb
x10 <- 0x0000019999999800
mem[X,0x0000000080000936] -> 0x0513
mem[X,0x0000000080000938] -> 0x1995
[651] [M]: 0x0000000080000936 (0x19950513) addi a0, a0, 0x199
x10 <- 0x0000019999999999
mem[X,0x000000008000093A] -> 0x1513
mem[X,0x000000008000093C] -> 0x00B5
[652] [M]: 0x000000008000093A (0x00B51513) slli a0, a0, 0xb
x10 <- 0x000CCCCCCCCCC800
mem[X,0x000000008000093E] -> 0x0513
mem[X,0x0000000080000940] -> 0x4CC5
[653] [M]: 0x000000008000093E (0x4CC50513) addi a0, a0, 0x4cc
x10 <- 0x000CCCCCCCCCCCCC
mem[X,0x0000000080000942] -> 0x1513
mem[X,0x0000000080000944] -> 0x00A5
[654] [M]: 0x0000000080000942 (0x00A51513) slli a0, a0, 0xa
x10 <- 0x3333333333333000
mem[X,0x0000000080000946] -> 0x0513
mem[X,0x0000000080000948] -> 0x3335
[655] [M]: 0x0000000080000946 (0x33350513) addi a0, a0, 0x333
x10 <- 0x3333333333333333
mem[X,0x000000008000094A] -> 0x2525
[656] [M]: 0x000000008000094A (0x2525) c.addiw a0, 0x9
x10 <- 0x000000003333333C
mem[X,0x000000008000094C] -> 0xB423
mem[X,0x000000008000094E] -> 0x1CA0
[657] [M]: 0x000000008000094C (0x1CA0B423) sd a0, 0x1c8(ra)
mem[0x00000000800053C0] <- 0x000000003333333C
mem[X,0x0000000080000950] -> 0x3537
mem[X,0x0000000080000952] -> 0x3333
[658] [M]: 0x0000000080000950 (0x33333537) lui a0, 0x33333
x10 <- 0x0000000033333000
mem[X,0x0000000080000954] -> 0x0513
mem[X,0x0000000080000956] -> 0x3335
[659] [M]: 0x0000000080000954 (0x33350513) addi a0, a0, 0x333
x10 <- 0x0000000033333333
mem[X,0x0000000080000958] -> 0x1513
mem[X,0x000000008000095A] -> 0x00B5
[660] [M]: 0x0000000080000958 (0x00B51513) slli a0, a0, 0xb
x10 <- 0x0000019999999800
mem[X,0x000000008000095C] -> 0x0513
mem[X,0x000000008000095E] -> 0x1995
[661] [M]: 0x000000008000095C (0x19950513) addi a0, a0, 0x199
x10 <- 0x0000019999999999
mem[X,0x0000000080000960] -> 0x1513
mem[X,0x0000000080000962] -> 0x00B5
[662] [M]: 0x0000000080000960 (0x00B51513) slli a0, a0, 0xb
x10 <- 0x000CCCCCCCCCC800
mem[X,0x0000000080000964] -> 0x0513
mem[X,0x0000000080000966] -> 0x4CC5
[663] [M]: 0x0000000080000964 (0x4CC50513) addi a0, a0, 0x4cc
x10 <- 0x000CCCCCCCCCCCCC
mem[X,0x0000000080000968] -> 0x1513
mem[X,0x000000008000096A] -> 0x00A5
[664] [M]: 0x0000000080000968 (0x00A51513) slli a0, a0, 0xa
x10 <- 0x3333333333333000
mem[X,0x000000008000096C] -> 0x0513
mem[X,0x000000008000096E] -> 0x3335
[665] [M]: 0x000000008000096C (0x33350513) addi a0, a0, 0x333
x10 <- 0x3333333333333333
mem[X,0x0000000080000970] -> 0x2501
[666] [M]: 0x0000000080000970 (0x2501) c.addiw a0, 0x0
x10 <- 0x0000000033333333
mem[X,0x0000000080000972] -> 0xB823
mem[X,0x0000000080000974] -> 0x1CA0
[667] [M]: 0x0000000080000972 (0x1CA0B823) sd a0, 0x1d0(ra)
mem[0x00000000800053C8] <- 0x0000000033333333
mem[X,0x0000000080000976] -> 0x3537
mem[X,0x0000000080000978] -> 0x3333
[668] [M]: 0x0000000080000976 (0x33333537) lui a0, 0x33333
x10 <- 0x0000000033333000
mem[X,0x000000008000097A] -> 0x0513
mem[X,0x000000008000097C] -> 0x3335
[669] [M]: 0x000000008000097A (0x33350513) addi a0, a0, 0x333
x10 <- 0x0000000033333333
mem[X,0x000000008000097E] -> 0x1513
mem[X,0x0000000080000980] -> 0x00B5
[670] [M]: 0x000000008000097E (0x00B51513) slli a0, a0, 0xb
x10 <- 0x0000019999999800
mem[X,0x0000000080000982] -> 0x0513
mem[X,0x0000000080000984] -> 0x1995
[671] [M]: 0x0000000080000982 (0x19950513) addi a0, a0, 0x199
x10 <- 0x0000019999999999
mem[X,0x0000000080000986] -> 0x1513
mem[X,0x0000000080000988] -> 0x00B5
[672] [M]: 0x0000000080000986 (0x00B51513) slli a0, a0, 0xb
x10 <- 0x000CCCCCCCCCC800
mem[X,0x000000008000098A] -> 0x0513
mem[X,0x000000008000098C] -> 0x4CC5
[673] [M]: 0x000000008000098A (0x4CC50513) addi a0, a0, 0x4cc
x10 <- 0x000CCCCCCCCCCCCC
mem[X,0x000000008000098E] -> 0x1513
mem[X,0x0000000080000990] -> 0x00A5
[674] [M]: 0x000000008000098E (0x00A51513) slli a0, a0, 0xa
x10 <- 0x3333333333333000
mem[X,0x0000000080000992] -> 0x0513
mem[X,0x0000000080000994] -> 0x3335
[675] [M]: 0x0000000080000992 (0x33350513) addi a0, a0, 0x333
x10 <- 0x3333333333333333
mem[X,0x0000000080000996] -> 0x252D
[676] [M]: 0x0000000080000996 (0x252D) c.addiw a0, 0xb
x10 <- 0x000000003333333E
mem[X,0x0000000080000998] -> 0xBC23
mem[X,0x000000008000099A] -> 0x1CA0
[677] [M]: 0x0000000080000998 (0x1CA0BC23) sd a0, 0x1d8(ra)
mem[0x00000000800053D0] <- 0x000000003333333E
mem[X,0x000000008000099C] -> 0x3537
mem[X,0x000000008000099E] -> 0x3333
[678] [M]: 0x000000008000099C (0x33333537) lui a0, 0x33333
x10 <- 0x0000000033333000
mem[X,0x00000000800009A0] -> 0x0513
mem[X,0x00000000800009A2] -> 0x3335
[679] [M]: 0x00000000800009A0 (0x33350513) addi a0, a0, 0x333
x10 <- 0x0000000033333333
mem[X,0x00000000800009A4] -> 0x1513
mem[X,0x00000000800009A6] -> 0x00B5
[680] [M]: 0x00000000800009A4 (0x00B51513) slli a0, a0, 0xb
x10 <- 0x0000019999999800
mem[X,0x00000000800009A8] -> 0x0513
mem[X,0x00000000800009AA] -> 0x1995
[681] [M]: 0x00000000800009A8 (0x19950513) addi a0, a0, 0x199
x10 <- 0x0000019999999999
mem[X,0x00000000800009AC] -> 0x1513
mem[X,0x00000000800009AE] -> 0x00B5
[682] [M]: 0x00000000800009AC (0x00B51513) slli a0, a0, 0xb
x10 <- 0x000CCCCCCCCCC800
mem[X,0x00000000800009B0] -> 0x0513
mem[X,0x00000000800009B2] -> 0x4CC5
[683] [M]: 0x00000000800009B0 (0x4CC50513) addi a0, a0, 0x4cc
x10 <- 0x000CCCCCCCCCCCCC
mem[X,0x00000000800009B4] -> 0x1513
mem[X,0x00000000800009B6] -> 0x00A5
[684] [M]: 0x00000000800009B4 (0x00A51513) slli a0, a0, 0xa
x10 <- 0x3333333333333000
mem[X,0x00000000800009B8] -> 0x0513
mem[X,0x00000000800009BA] -> 0x3335
[685] [M]: 0x00000000800009B8 (0x33350513) addi a0, a0, 0x333
x10 <- 0x3333333333333333
mem[X,0x00000000800009BC] -> 0x251D
[686] [M]: 0x00000000800009BC (0x251D) c.addiw a0, 0x7
x10 <- 0x000000003333333A
mem[X,0x00000000800009BE] -> 0xB023
mem[X,0x00000000800009C0] -> 0x1EA0
[687] [M]: 0x00000000800009BE (0x1EA0B023) sd a0, 0x1e0(ra)
mem[0x00000000800053D8] <- 0x000000003333333A
mem[X,0x00000000800009C2] -> 0x3537
mem[X,0x00000000800009C4] -> 0x3333
[688] [M]: 0x00000000800009C2 (0x33333537) lui a0, 0x33333
x10 <- 0x0000000033333000
mem[X,0x00000000800009C6] -> 0x0513
mem[X,0x00000000800009C8] -> 0x3335
[689] [M]: 0x00000000800009C6 (0x33350513) addi a0, a0, 0x333
x10 <- 0x0000000033333333
mem[X,0x00000000800009CA] -> 0x1513
mem[X,0x00000000800009CC] -> 0x00B5
[690] [M]: 0x00000000800009CA (0x00B51513) slli a0, a0, 0xb
x10 <- 0x0000019999999800
mem[X,0x00000000800009CE] -> 0x0513
mem[X,0x00000000800009D0] -> 0x1995
[691] [M]: 0x00000000800009CE (0x19950513) addi a0, a0, 0x199
x10 <- 0x0000019999999999
mem[X,0x00000000800009D2] -> 0x1513
mem[X,0x00000000800009D4] -> 0x00B5
[692] [M]: 0x00000000800009D2 (0x00B51513) slli a0, a0, 0xb
x10 <- 0x000CCCCCCCCCC800
mem[X,0x00000000800009D6] -> 0x0513
mem[X,0x00000000800009D8] -> 0x4CC5
[693] [M]: 0x00000000800009D6 (0x4CC50513) addi a0, a0, 0x4cc
x10 <- 0x000CCCCCCCCCCCCC
mem[X,0x00000000800009DA] -> 0x1513
mem[X,0x00000000800009DC] -> 0x00A5
[694] [M]: 0x00000000800009DA (0x00A51513) slli a0, a0, 0xa
x10 <- 0x3333333333333000
mem[X,0x00000000800009DE] -> 0x0513
mem[X,0x00000000800009E0] -> 0x3335
[695] [M]: 0x00000000800009DE (0x33350513) addi a0, a0, 0x333
x10 <- 0x3333333333333333
mem[X,0x00000000800009E2] -> 0x357D
[696] [M]: 0x00000000800009E2 (0x357D) c.addiw a0, -0x1
x10 <- 0x0000000033333332
mem[X,0x00000000800009E4] -> 0xB423
mem[X,0x00000000800009E6] -> 0x1EA0
[697] [M]: 0x00000000800009E4 (0x1EA0B423) sd a0, 0x1e8(ra)
mem[0x00000000800053E0] <- 0x0000000033333332
mem[X,0x00000000800009E8] -> 0x3537
mem[X,0x00000000800009EA] -> 0x3333
[698] [M]: 0x00000000800009E8 (0x33333537) lui a0, 0x33333
x10 <- 0x0000000033333000
mem[X,0x00000000800009EC] -> 0x0513
mem[X,0x00000000800009EE] -> 0x3335
[699] [M]: 0x00000000800009EC (0x33350513) addi a0, a0, 0x333
x10 <- 0x0000000033333333
clint::tick mtime <- 0x0000000000000007
 clint timer pending at mtime 0x0000000000000007
htif::tick 0x0000000000000000
mem[X,0x00000000800009F0] -> 0x1513
mem[X,0x00000000800009F2] -> 0x00B5
[700] [M]: 0x00000000800009F0 (0x00B51513) slli a0, a0, 0xb
x10 <- 0x0000019999999800
mem[X,0x00000000800009F4] -> 0x0513
mem[X,0x00000000800009F6] -> 0x1995
[701] [M]: 0x00000000800009F4 (0x19950513) addi a0, a0, 0x199
x10 <- 0x0000019999999999
mem[X,0x00000000800009F8] -> 0x1513
mem[X,0x00000000800009FA] -> 0x00B5
[702] [M]: 0x00000000800009F8 (0x00B51513) slli a0, a0, 0xb
x10 <- 0x000CCCCCCCCCC800
mem[X,0x00000000800009FC] -> 0x0513
mem[X,0x00000000800009FE] -> 0x4CC5
[703] [M]: 0x00000000800009FC (0x4CC50513) addi a0, a0, 0x4cc
x10 <- 0x000CCCCCCCCCCCCC
mem[X,0x0000000080000A00] -> 0x1513
mem[X,0x0000000080000A02] -> 0x00A5
[704] [M]: 0x0000000080000A00 (0x00A51513) slli a0, a0, 0xa
x10 <- 0x3333333333333000
mem[X,0x0000000080000A04] -> 0x0513
mem[X,0x0000000080000A06] -> 0x3335
[705] [M]: 0x0000000080000A04 (0x33350513) addi a0, a0, 0x333
x10 <- 0x3333333333333333
mem[X,0x0000000080000A08] -> 0x3571
[706] [M]: 0x0000000080000A08 (0x3571) c.addiw a0, -0x4
x10 <- 0x000000003333332F
mem[X,0x0000000080000A0A] -> 0xB823
mem[X,0x0000000080000A0C] -> 0x1EA0
[707] [M]: 0x0000000080000A0A (0x1EA0B823) sd a0, 0x1f0(ra)
mem[0x00000000800053E8] <- 0x000000003333332F
mem[X,0x0000000080000A0E] -> 0x6537
mem[X,0x0000000080000A10] -> 0x6666
[708] [M]: 0x0000000080000A0E (0x66666537) lui a0, 0x66666
x10 <- 0x0000000066666000
mem[X,0x0000000080000A12] -> 0x0513
mem[X,0x0000000080000A14] -> 0x6665
[709] [M]: 0x0000000080000A12 (0x66650513) addi a0, a0, 0x666
x10 <- 0x0000000066666666
mem[X,0x0000000080000A16] -> 0x1513
mem[X,0x0000000080000A18] -> 0x00B5
[710] [M]: 0x0000000080000A16 (0x00B51513) slli a0, a0, 0xb
x10 <- 0x0000033333333000
mem[X,0x0000000080000A1A] -> 0x0513
mem[X,0x0000000080000A1C] -> 0x3335
[711] [M]: 0x0000000080000A1A (0x33350513) addi a0, a0, 0x333
x10 <- 0x0000033333333333
mem[X,0x0000000080000A1E] -> 0x1513
mem[X,0x0000000080000A20] -> 0x00B5
[712] [M]: 0x0000000080000A1E (0x00B51513) slli a0, a0, 0xb
x10 <- 0x0019999999999800
mem[X,0x0000000080000A22] -> 0x0513
mem[X,0x0000000080000A24] -> 0x1995
[713] [M]: 0x0000000080000A22 (0x19950513) addi a0, a0, 0x199
x10 <- 0x0019999999999999
mem[X,0x0000000080000A26] -> 0x1513
mem[X,0x0000000080000A28] -> 0x00A5
[714] [M]: 0x0000000080000A26 (0x00A51513) slli a0, a0, 0xa
x10 <- 0x6666666666666400
mem[X,0x0000000080000A2A] -> 0x0513
mem[X,0x0000000080000A2C] -> 0x2665
[715] [M]: 0x0000000080000A2A (0x26650513) addi a0, a0, 0x266
x10 <- 0x6666666666666666
mem[X,0x0000000080000A2E] -> 0x250D
[716] [M]: 0x0000000080000A2E (0x250D) c.addiw a0, 0x3
x10 <- 0x0000000066666669
mem[X,0x0000000080000A30] -> 0xBC23
mem[X,0x0000000080000A32] -> 0x1EA0
[717] [M]: 0x0000000080000A30 (0x1EA0BC23) sd a0, 0x1f8(ra)
mem[0x00000000800053F0] <- 0x0000000066666669
mem[X,0x0000000080000A34] -> 0x6537
mem[X,0x0000000080000A36] -> 0x6666
[718] [M]: 0x0000000080000A34 (0x66666537) lui a0, 0x66666
x10 <- 0x0000000066666000
mem[X,0x0000000080000A38] -> 0x0513
mem[X,0x0000000080000A3A] -> 0x6665
[719] [M]: 0x0000000080000A38 (0x66650513) addi a0, a0, 0x666
x10 <- 0x0000000066666666
mem[X,0x0000000080000A3C] -> 0x1513
mem[X,0x0000000080000A3E] -> 0x00B5
[720] [M]: 0x0000000080000A3C (0x00B51513) slli a0, a0, 0xb
x10 <- 0x0000033333333000
mem[X,0x0000000080000A40] -> 0x0513
mem[X,0x0000000080000A42] -> 0x3335
[721] [M]: 0x0000000080000A40 (0x33350513) addi a0, a0, 0x333
x10 <- 0x0000033333333333
mem[X,0x0000000080000A44] -> 0x1513
mem[X,0x0000000080000A46] -> 0x00B5
[722] [M]: 0x0000000080000A44 (0x00B51513) slli a0, a0, 0xb
x10 <- 0x0019999999999800
mem[X,0x0000000080000A48] -> 0x0513
mem[X,0x0000000080000A4A] -> 0x1995
[723] [M]: 0x0000000080000A48 (0x19950513) addi a0, a0, 0x199
x10 <- 0x0019999999999999
mem[X,0x0000000080000A4C] -> 0x1513
mem[X,0x0000000080000A4E] -> 0x00A5
[724] [M]: 0x0000000080000A4C (0x00A51513) slli a0, a0, 0xa
x10 <- 0x6666666666666400
mem[X,0x0000000080000A50] -> 0x0513
mem[X,0x0000000080000A52] -> 0x2665
[725] [M]: 0x0000000080000A50 (0x26650513) addi a0, a0, 0x266
x10 <- 0x6666666666666666
mem[X,0x0000000080000A54] -> 0x2515
[726] [M]: 0x0000000080000A54 (0x2515) c.addiw a0, 0x5
x10 <- 0x000000006666666B
mem[X,0x0000000080000A56] -> 0xB023
mem[X,0x0000000080000A58] -> 0x20A0
[727] [M]: 0x0000000080000A56 (0x20A0B023) sd a0, 0x200(ra)
mem[0x00000000800053F8] <- 0x000000006666666B
mem[X,0x0000000080000A5A] -> 0x6537
mem[X,0x0000000080000A5C] -> 0x6666
[728] [M]: 0x0000000080000A5A (0x66666537) lui a0, 0x66666
x10 <- 0x0000000066666000
mem[X,0x0000000080000A5E] -> 0x0513
mem[X,0x0000000080000A60] -> 0x6665
[729] [M]: 0x0000000080000A5E (0x66650513) addi a0, a0, 0x666
x10 <- 0x0000000066666666
mem[X,0x0000000080000A62] -> 0x1513
mem[X,0x0000000080000A64] -> 0x00B5
[730] [M]: 0x0000000080000A62 (0x00B51513) slli a0, a0, 0xb
x10 <- 0x0000033333333000
mem[X,0x0000000080000A66] -> 0x0513
mem[X,0x0000000080000A68] -> 0x3335
[731] [M]: 0x0000000080000A66 (0x33350513) addi a0, a0, 0x333
x10 <- 0x0000033333333333
mem[X,0x0000000080000A6A] -> 0x1513
mem[X,0x0000000080000A6C] -> 0x00B5
[732] [M]: 0x0000000080000A6A (0x00B51513) slli a0, a0, 0xb
x10 <- 0x0019999999999800
mem[X,0x0000000080000A6E] -> 0x0513
mem[X,0x0000000080000A70] -> 0x1995
[733] [M]: 0x0000000080000A6E (0x19950513) addi a0, a0, 0x199
x10 <- 0x0019999999999999
mem[X,0x0000000080000A72] -> 0x1513
mem[X,0x0000000080000A74] -> 0x00A5
[734] [M]: 0x0000000080000A72 (0x00A51513) slli a0, a0, 0xa
x10 <- 0x6666666666666400
mem[X,0x0000000080000A76] -> 0x0513
mem[X,0x0000000080000A78] -> 0x2665
[735] [M]: 0x0000000080000A76 (0x26650513) addi a0, a0, 0x266
x10 <- 0x6666666666666666
mem[X,0x0000000080000A7A] -> 0x2529
[736] [M]: 0x0000000080000A7A (0x2529) c.addiw a0, 0xa
x10 <- 0x0000000066666670
mem[X,0x0000000080000A7C] -> 0xB423
mem[X,0x0000000080000A7E] -> 0x20A0
[737] [M]: 0x0000000080000A7C (0x20A0B423) sd a0, 0x208(ra)
mem[0x0000000080005400] <- 0x0000000066666670
mem[X,0x0000000080000A80] -> 0x6537
mem[X,0x0000000080000A82] -> 0x6666
[738] [M]: 0x0000000080000A80 (0x66666537) lui a0, 0x66666
x10 <- 0x0000000066666000
mem[X,0x0000000080000A84] -> 0x0513
mem[X,0x0000000080000A86] -> 0x6665
[739] [M]: 0x0000000080000A84 (0x66650513) addi a0, a0, 0x666
x10 <- 0x0000000066666666
mem[X,0x0000000080000A88] -> 0x1513
mem[X,0x0000000080000A8A] -> 0x00B5
[740] [M]: 0x0000000080000A88 (0x00B51513) slli a0, a0, 0xb
x10 <- 0x0000033333333000
mem[X,0x0000000080000A8C] -> 0x0513
mem[X,0x0000000080000A8E] -> 0x3335
[741] [M]: 0x0000000080000A8C (0x33350513) addi a0, a0, 0x333
x10 <- 0x0000033333333333
mem[X,0x0000000080000A90] -> 0x1513
mem[X,0x0000000080000A92] -> 0x00B5
[742] [M]: 0x0000000080000A90 (0x00B51513) slli a0, a0, 0xb
x10 <- 0x0019999999999800
mem[X,0x0000000080000A94] -> 0x0513
mem[X,0x0000000080000A96] -> 0x1995
[743] [M]: 0x0000000080000A94 (0x19950513) addi a0, a0, 0x199
x10 <- 0x0019999999999999
mem[X,0x0000000080000A98] -> 0x1513
mem[X,0x0000000080000A9A] -> 0x00A5
[744] [M]: 0x0000000080000A98 (0x00A51513) slli a0, a0, 0xa
x10 <- 0x6666666666666400
mem[X,0x0000000080000A9C] -> 0x0513
mem[X,0x0000000080000A9E] -> 0x2665
[745] [M]: 0x0000000080000A9C (0x26650513) addi a0, a0, 0x266
x10 <- 0x6666666666666666
mem[X,0x0000000080000AA0] -> 0x2519
[746] [M]: 0x0000000080000AA0 (0x2519) c.addiw a0, 0x6
x10 <- 0x000000006666666C
mem[X,0x0000000080000AA2] -> 0xB823
mem[X,0x0000000080000AA4] -> 0x20A0
[747] [M]: 0x0000000080000AA2 (0x20A0B823) sd a0, 0x210(ra)
mem[0x0000000080005408] <- 0x000000006666666C
mem[X,0x0000000080000AA6] -> 0x6537
mem[X,0x0000000080000AA8] -> 0x6666
[748] [M]: 0x0000000080000AA6 (0x66666537) lui a0, 0x66666
x10 <- 0x0000000066666000
mem[X,0x0000000080000AAA] -> 0x0513
mem[X,0x0000000080000AAC] -> 0x6665
[749] [M]: 0x0000000080000AAA (0x66650513) addi a0, a0, 0x666
x10 <- 0x0000000066666666
mem[X,0x0000000080000AAE] -> 0x1513
mem[X,0x0000000080000AB0] -> 0x00B5
[750] [M]: 0x0000000080000AAE (0x00B51513) slli a0, a0, 0xb
x10 <- 0x0000033333333000
mem[X,0x0000000080000AB2] -> 0x0513
mem[X,0x0000000080000AB4] -> 0x3335
[751] [M]: 0x0000000080000AB2 (0x33350513) addi a0, a0, 0x333
x10 <- 0x0000033333333333
mem[X,0x0000000080000AB6] -> 0x1513
mem[X,0x0000000080000AB8] -> 0x00B5
[752] [M]: 0x0000000080000AB6 (0x00B51513) slli a0, a0, 0xb
x10 <- 0x0019999999999800
mem[X,0x0000000080000ABA] -> 0x0513
mem[X,0x0000000080000ABC] -> 0x1995
[753] [M]: 0x0000000080000ABA (0x19950513) addi a0, a0, 0x199
x10 <- 0x0019999999999999
mem[X,0x0000000080000ABE] -> 0x1513
mem[X,0x0000000080000AC0] -> 0x00A5
[754] [M]: 0x0000000080000ABE (0x00A51513) slli a0, a0, 0xa
x10 <- 0x6666666666666400
mem[X,0x0000000080000AC2] -> 0x0513
mem[X,0x0000000080000AC4] -> 0x2665
[755] [M]: 0x0000000080000AC2 (0x26650513) addi a0, a0, 0x266
x10 <- 0x6666666666666666
mem[X,0x0000000080000AC6] -> 0x3579
[756] [M]: 0x0000000080000AC6 (0x3579) c.addiw a0, -0x2
x10 <- 0x0000000066666664
mem[X,0x0000000080000AC8] -> 0xBC23
mem[X,0x0000000080000ACA] -> 0x20A0
[757] [M]: 0x0000000080000AC8 (0x20A0BC23) sd a0, 0x218(ra)
mem[0x0000000080005410] <- 0x0000000066666664
mem[X,0x0000000080000ACC] -> 0x6537
mem[X,0x0000000080000ACE] -> 0x6666
[758] [M]: 0x0000000080000ACC (0x66666537) lui a0, 0x66666
x10 <- 0x0000000066666000
mem[X,0x0000000080000AD0] -> 0x0513
mem[X,0x0000000080000AD2] -> 0x6665
[759] [M]: 0x0000000080000AD0 (0x66650513) addi a0, a0, 0x666
x10 <- 0x0000000066666666
mem[X,0x0000000080000AD4] -> 0x1513
mem[X,0x0000000080000AD6] -> 0x00B5
[760] [M]: 0x0000000080000AD4 (0x00B51513) slli a0, a0, 0xb
x10 <- 0x0000033333333000
mem[X,0x0000000080000AD8] -> 0x0513
mem[X,0x0000000080000ADA] -> 0x3335
[761] [M]: 0x0000000080000AD8 (0x33350513) addi a0, a0, 0x333
x10 <- 0x0000033333333333
mem[X,0x0000000080000ADC] -> 0x1513
mem[X,0x0000000080000ADE] -> 0x00B5
[762] [M]: 0x0000000080000ADC (0x00B51513) slli a0, a0, 0xb
x10 <- 0x0019999999999800
mem[X,0x0000000080000AE0] -> 0x0513
mem[X,0x0000000080000AE2] -> 0x1995
[763] [M]: 0x0000000080000AE0 (0x19950513) addi a0, a0, 0x199
x10 <- 0x0019999999999999
mem[X,0x0000000080000AE4] -> 0x1513
mem[X,0x0000000080000AE6] -> 0x00A5
[764] [M]: 0x0000000080000AE4 (0x00A51513) slli a0, a0, 0xa
x10 <- 0x6666666666666400
mem[X,0x0000000080000AE8] -> 0x0513
mem[X,0x0000000080000AEA] -> 0x2665
[765] [M]: 0x0000000080000AE8 (0x26650513) addi a0, a0, 0x266
x10 <- 0x6666666666666666
mem[X,0x0000000080000AEC] -> 0x356D
[766] [M]: 0x0000000080000AEC (0x356D) c.addiw a0, -0x5
x10 <- 0x0000000066666661
mem[X,0x0000000080000AEE] -> 0xB023
mem[X,0x0000000080000AF0] -> 0x22A0
[767] [M]: 0x0000000080000AEE (0x22A0B023) sd a0, 0x220(ra)
mem[0x0000000080005418] <- 0x0000000066666661
mem[X,0x0000000080000AF2] -> 0x6537
mem[X,0x0000000080000AF4] -> 0x6666
[768] [M]: 0x0000000080000AF2 (0x66666537) lui a0, 0x66666
x10 <- 0x0000000066666000
mem[X,0x0000000080000AF6] -> 0x0513
mem[X,0x0000000080000AF8] -> 0x6665
[769] [M]: 0x0000000080000AF6 (0x66650513) addi a0, a0, 0x666
x10 <- 0x0000000066666666
mem[X,0x0000000080000AFA] -> 0x1513
mem[X,0x0000000080000AFC] -> 0x00B5
[770] [M]: 0x0000000080000AFA (0x00B51513) slli a0, a0, 0xb
x10 <- 0x0000033333333000
mem[X,0x0000000080000AFE] -> 0x0513
mem[X,0x0000000080000B00] -> 0x3335
[771] [M]: 0x0000000080000AFE (0x33350513) addi a0, a0, 0x333
x10 <- 0x0000033333333333
mem[X,0x0000000080000B02] -> 0x1513
mem[X,0x0000000080000B04] -> 0x00B5
[772] [M]: 0x0000000080000B02 (0x00B51513) slli a0, a0, 0xb
x10 <- 0x0019999999999800
mem[X,0x0000000080000B06] -> 0x0513
mem[X,0x0000000080000B08] -> 0x1995
[773] [M]: 0x0000000080000B06 (0x19950513) addi a0, a0, 0x199
x10 <- 0x0019999999999999
mem[X,0x0000000080000B0A] -> 0x1513
mem[X,0x0000000080000B0C] -> 0x00A5
[774] [M]: 0x0000000080000B0A (0x00A51513) slli a0, a0, 0xa
x10 <- 0x6666666666666400
mem[X,0x0000000080000B0E] -> 0x0513
mem[X,0x0000000080000B10] -> 0x2665
[775] [M]: 0x0000000080000B0E (0x26650513) addi a0, a0, 0x266
x10 <- 0x6666666666666666
mem[X,0x0000000080000B12] -> 0x2509
[776] [M]: 0x0000000080000B12 (0x2509) c.addiw a0, 0x2
x10 <- 0x0000000066666668
mem[X,0x0000000080000B14] -> 0xB423
mem[X,0x0000000080000B16] -> 0x22A0
[777] [M]: 0x0000000080000B14 (0x22A0B423) sd a0, 0x228(ra)
mem[0x0000000080005420] <- 0x0000000066666668
mem[X,0x0000000080000B18] -> 0x6537
mem[X,0x0000000080000B1A] -> 0x6666
[778] [M]: 0x0000000080000B18 (0x66666537) lui a0, 0x66666
x10 <- 0x0000000066666000
mem[X,0x0000000080000B1C] -> 0x0513
mem[X,0x0000000080000B1E] -> 0x6665
[779] [M]: 0x0000000080000B1C (0x66650513) addi a0, a0, 0x666
x10 <- 0x0000000066666666
mem[X,0x0000000080000B20] -> 0x1513
mem[X,0x0000000080000B22] -> 0x00B5
[780] [M]: 0x0000000080000B20 (0x00B51513) slli a0, a0, 0xb
x10 <- 0x0000033333333000
mem[X,0x0000000080000B24] -> 0x0513
mem[X,0x0000000080000B26] -> 0x3335
[781] [M]: 0x0000000080000B24 (0x33350513) addi a0, a0, 0x333
x10 <- 0x0000033333333333
mem[X,0x0000000080000B28] -> 0x1513
mem[X,0x0000000080000B2A] -> 0x00B5
[782] [M]: 0x0000000080000B28 (0x00B51513) slli a0, a0, 0xb
x10 <- 0x0019999999999800
mem[X,0x0000000080000B2C] -> 0x0513
mem[X,0x0000000080000B2E] -> 0x1995
[783] [M]: 0x0000000080000B2C (0x19950513) addi a0, a0, 0x199
x10 <- 0x0019999999999999
mem[X,0x0000000080000B30] -> 0x1513
mem[X,0x0000000080000B32] -> 0x00A5
[784] [M]: 0x0000000080000B30 (0x00A51513) slli a0, a0, 0xa
x10 <- 0x6666666666666400
mem[X,0x0000000080000B34] -> 0x0513
mem[X,0x0000000080000B36] -> 0x2665
[785] [M]: 0x0000000080000B34 (0x26650513) addi a0, a0, 0x266
x10 <- 0x6666666666666666
mem[X,0x0000000080000B38] -> 0x2511
[786] [M]: 0x0000000080000B38 (0x2511) c.addiw a0, 0x4
x10 <- 0x000000006666666A
mem[X,0x0000000080000B3A] -> 0xB823
mem[X,0x0000000080000B3C] -> 0x22A0
[787] [M]: 0x0000000080000B3A (0x22A0B823) sd a0, 0x230(ra)
mem[0x0000000080005428] <- 0x000000006666666A
mem[X,0x0000000080000B3E] -> 0x6537
mem[X,0x0000000080000B40] -> 0x6666
[788] [M]: 0x0000000080000B3E (0x66666537) lui a0, 0x66666
x10 <- 0x0000000066666000
mem[X,0x0000000080000B42] -> 0x0513
mem[X,0x0000000080000B44] -> 0x6665
[789] [M]: 0x0000000080000B42 (0x66650513) addi a0, a0, 0x666
x10 <- 0x0000000066666666
mem[X,0x0000000080000B46] -> 0x1513
mem[X,0x0000000080000B48] -> 0x00B5
[790] [M]: 0x0000000080000B46 (0x00B51513) slli a0, a0, 0xb
x10 <- 0x0000033333333000
mem[X,0x0000000080000B4A] -> 0x0513
mem[X,0x0000000080000B4C] -> 0x3335
[791] [M]: 0x0000000080000B4A (0x33350513) addi a0, a0, 0x333
x10 <- 0x0000033333333333
mem[X,0x0000000080000B4E] -> 0x1513
mem[X,0x0000000080000B50] -> 0x00B5
[792] [M]: 0x0000000080000B4E (0x00B51513) slli a0, a0, 0xb
x10 <- 0x0019999999999800
mem[X,0x0000000080000B52] -> 0x0513
mem[X,0x0000000080000B54] -> 0x1995
[793] [M]: 0x0000000080000B52 (0x19950513) addi a0, a0, 0x199
x10 <- 0x0019999999999999
mem[X,0x0000000080000B56] -> 0x1513
mem[X,0x0000000080000B58] -> 0x00A5
[794] [M]: 0x0000000080000B56 (0x00A51513) slli a0, a0, 0xa
x10 <- 0x6666666666666400
mem[X,0x0000000080000B5A] -> 0x0513
mem[X,0x0000000080000B5C] -> 0x2665
[795] [M]: 0x0000000080000B5A (0x26650513) addi a0, a0, 0x266
x10 <- 0x6666666666666666
mem[X,0x0000000080000B5E] -> 0x2525
[796] [M]: 0x0000000080000B5E (0x2525) c.addiw a0, 0x9
x10 <- 0x000000006666666F
mem[X,0x0000000080000B60] -> 0xBC23
mem[X,0x0000000080000B62] -> 0x22A0
[797] [M]: 0x0000000080000B60 (0x22A0BC23) sd a0, 0x238(ra)
mem[0x0000000080005430] <- 0x000000006666666F
mem[X,0x0000000080000B64] -> 0x6537
mem[X,0x0000000080000B66] -> 0x6666
[798] [M]: 0x0000000080000B64 (0x66666537) lui a0, 0x66666
x10 <- 0x0000000066666000
mem[X,0x0000000080000B68] -> 0x0513
mem[X,0x0000000080000B6A] -> 0x6665
[799] [M]: 0x0000000080000B68 (0x66650513) addi a0, a0, 0x666
x10 <- 0x0000000066666666
clint::tick mtime <- 0x0000000000000008
 clint timer pending at mtime 0x0000000000000008
htif::tick 0x0000000000000000
mem[X,0x0000000080000B6C] -> 0x1513
mem[X,0x0000000080000B6E] -> 0x00B5
[800] [M]: 0x0000000080000B6C (0x00B51513) slli a0, a0, 0xb
x10 <- 0x0000033333333000
mem[X,0x0000000080000B70] -> 0x0513
mem[X,0x0000000080000B72] -> 0x3335
[801] [M]: 0x0000000080000B70 (0x33350513) addi a0, a0, 0x333
x10 <- 0x0000033333333333
mem[X,0x0000000080000B74] -> 0x1513
mem[X,0x0000000080000B76] -> 0x00B5
[802] [M]: 0x0000000080000B74 (0x00B51513) slli a0, a0, 0xb
x10 <- 0x0019999999999800
mem[X,0x0000000080000B78] -> 0x0513
mem[X,0x0000000080000B7A] -> 0x1995
[803] [M]: 0x0000000080000B78 (0x19950513) addi a0, a0, 0x199
x10 <- 0x0019999999999999
mem[X,0x0000000080000B7C] -> 0x1513
mem[X,0x0000000080000B7E] -> 0x00A5
[804] [M]: 0x0000000080000B7C (0x00A51513) slli a0, a0, 0xa
x10 <- 0x6666666666666400
mem[X,0x0000000080000B80] -> 0x0513
mem[X,0x0000000080000B82] -> 0x2665
[805] [M]: 0x0000000080000B80 (0x26650513) addi a0, a0, 0x266
x10 <- 0x6666666666666666
mem[X,0x0000000080000B84] -> 0x2501
[806] [M]: 0x0000000080000B84 (0x2501) c.addiw a0, 0x0
x10 <- 0x0000000066666666
mem[X,0x0000000080000B86] -> 0xB023
mem[X,0x0000000080000B88] -> 0x24A0
[807] [M]: 0x0000000080000B86 (0x24A0B023) sd a0, 0x240(ra)
mem[0x0000000080005438] <- 0x0000000066666666
mem[X,0x0000000080000B8A] -> 0x6537
mem[X,0x0000000080000B8C] -> 0x6666
[808] [M]: 0x0000000080000B8A (0x66666537) lui a0, 0x66666
x10 <- 0x0000000066666000
mem[X,0x0000000080000B8E] -> 0x0513
mem[X,0x0000000080000B90] -> 0x6665
[809] [M]: 0x0000000080000B8E (0x66650513) addi a0, a0, 0x666
x10 <- 0x0000000066666666
mem[X,0x0000000080000B92] -> 0x1513
mem[X,0x0000000080000B94] -> 0x00B5
[810] [M]: 0x0000000080000B92 (0x00B51513) slli a0, a0, 0xb
x10 <- 0x0000033333333000
mem[X,0x0000000080000B96] -> 0x0513
mem[X,0x0000000080000B98] -> 0x3335
[811] [M]: 0x0000000080000B96 (0x33350513) addi a0, a0, 0x333
x10 <- 0x0000033333333333
mem[X,0x0000000080000B9A] -> 0x1513
mem[X,0x0000000080000B9C] -> 0x00B5
[812] [M]: 0x0000000080000B9A (0x00B51513) slli a0, a0, 0xb
x10 <- 0x0019999999999800
mem[X,0x0000000080000B9E] -> 0x0513
mem[X,0x0000000080000BA0] -> 0x1995
[813] [M]: 0x0000000080000B9E (0x19950513) addi a0, a0, 0x199
x10 <- 0x0019999999999999
mem[X,0x0000000080000BA2] -> 0x1513
mem[X,0x0000000080000BA4] -> 0x00A5
[814] [M]: 0x0000000080000BA2 (0x00A51513) slli a0, a0, 0xa
x10 <- 0x6666666666666400
mem[X,0x0000000080000BA6] -> 0x0513
mem[X,0x0000000080000BA8] -> 0x2665
[815] [M]: 0x0000000080000BA6 (0x26650513) addi a0, a0, 0x266
x10 <- 0x6666666666666666
mem[X,0x0000000080000BAA] -> 0x252D
[816] [M]: 0x0000000080000BAA (0x252D) c.addiw a0, 0xb
x10 <- 0x0000000066666671
mem[X,0x0000000080000BAC] -> 0xB423
mem[X,0x0000000080000BAE] -> 0x24A0
[817] [M]: 0x0000000080000BAC (0x24A0B423) sd a0, 0x248(ra)
mem[0x0000000080005440] <- 0x0000000066666671
mem[X,0x0000000080000BB0] -> 0x6537
mem[X,0x0000000080000BB2] -> 0x6666
[818] [M]: 0x0000000080000BB0 (0x66666537) lui a0, 0x66666
x10 <- 0x0000000066666000
mem[X,0x0000000080000BB4] -> 0x0513
mem[X,0x0000000080000BB6] -> 0x6665
[819] [M]: 0x0000000080000BB4 (0x66650513) addi a0, a0, 0x666
x10 <- 0x0000000066666666
mem[X,0x0000000080000BB8] -> 0x1513
mem[X,0x0000000080000BBA] -> 0x00B5
[820] [M]: 0x0000000080000BB8 (0x00B51513) slli a0, a0, 0xb
x10 <- 0x0000033333333000
mem[X,0x0000000080000BBC] -> 0x0513
mem[X,0x0000000080000BBE] -> 0x3335
[821] [M]: 0x0000000080000BBC (0x33350513) addi a0, a0, 0x333
x10 <- 0x0000033333333333
mem[X,0x0000000080000BC0] -> 0x1513
mem[X,0x0000000080000BC2] -> 0x00B5
[822] [M]: 0x0000000080000BC0 (0x00B51513) slli a0, a0, 0xb
x10 <- 0x0019999999999800
mem[X,0x0000000080000BC4] -> 0x0513
mem[X,0x0000000080000BC6] -> 0x1995
[823] [M]: 0x0000000080000BC4 (0x19950513) addi a0, a0, 0x199
x10 <- 0x0019999999999999
mem[X,0x0000000080000BC8] -> 0x1513
mem[X,0x0000000080000BCA] -> 0x00A5
[824] [M]: 0x0000000080000BC8 (0x00A51513) slli a0, a0, 0xa
x10 <- 0x6666666666666400
mem[X,0x0000000080000BCC] -> 0x0513
mem[X,0x0000000080000BCE] -> 0x2665
[825] [M]: 0x0000000080000BCC (0x26650513) addi a0, a0, 0x266
x10 <- 0x6666666666666666
mem[X,0x0000000080000BD0] -> 0x251D
[826] [M]: 0x0000000080000BD0 (0x251D) c.addiw a0, 0x7
x10 <- 0x000000006666666D
mem[X,0x0000000080000BD2] -> 0xB823
mem[X,0x0000000080000BD4] -> 0x24A0
[827] [M]: 0x0000000080000BD2 (0x24A0B823) sd a0, 0x250(ra)
mem[0x0000000080005448] <- 0x000000006666666D
mem[X,0x0000000080000BD6] -> 0x6537
mem[X,0x0000000080000BD8] -> 0x6666
[828] [M]: 0x0000000080000BD6 (0x66666537) lui a0, 0x66666
x10 <- 0x0000000066666000
mem[X,0x0000000080000BDA] -> 0x0513
mem[X,0x0000000080000BDC] -> 0x6665
[829] [M]: 0x0000000080000BDA (0x66650513) addi a0, a0, 0x666
x10 <- 0x0000000066666666
mem[X,0x0000000080000BDE] -> 0x1513
mem[X,0x0000000080000BE0] -> 0x00B5
[830] [M]: 0x0000000080000BDE (0x00B51513) slli a0, a0, 0xb
x10 <- 0x0000033333333000
mem[X,0x0000000080000BE2] -> 0x0513
mem[X,0x0000000080000BE4] -> 0x3335
[831] [M]: 0x0000000080000BE2 (0x33350513) addi a0, a0, 0x333
x10 <- 0x0000033333333333
mem[X,0x0000000080000BE6] -> 0x1513
mem[X,0x0000000080000BE8] -> 0x00B5
[832] [M]: 0x0000000080000BE6 (0x00B51513) slli a0, a0, 0xb
x10 <- 0x0019999999999800
mem[X,0x0000000080000BEA] -> 0x0513
mem[X,0x0000000080000BEC] -> 0x1995
[833] [M]: 0x0000000080000BEA (0x19950513) addi a0, a0, 0x199
x10 <- 0x0019999999999999
mem[X,0x0000000080000BEE] -> 0x1513
mem[X,0x0000000080000BF0] -> 0x00A5
[834] [M]: 0x0000000080000BEE (0x00A51513) slli a0, a0, 0xa
x10 <- 0x6666666666666400
mem[X,0x0000000080000BF2] -> 0x0513
mem[X,0x0000000080000BF4] -> 0x2665
[835] [M]: 0x0000000080000BF2 (0x26650513) addi a0, a0, 0x266
x10 <- 0x6666666666666666
mem[X,0x0000000080000BF6] -> 0x357D
[836] [M]: 0x0000000080000BF6 (0x357D) c.addiw a0, -0x1
x10 <- 0x0000000066666665
mem[X,0x0000000080000BF8] -> 0xBC23
mem[X,0x0000000080000BFA] -> 0x24A0
[837] [M]: 0x0000000080000BF8 (0x24A0BC23) sd a0, 0x258(ra)
mem[0x0000000080005450] <- 0x0000000066666665
mem[X,0x0000000080000BFC] -> 0x6537
mem[X,0x0000000080000BFE] -> 0x6666
[838] [M]: 0x0000000080000BFC (0x66666537) lui a0, 0x66666
x10 <- 0x0000000066666000
mem[X,0x0000000080000C00] -> 0x0513
mem[X,0x0000000080000C02] -> 0x6665
[839] [M]: 0x0000000080000C00 (0x66650513) addi a0, a0, 0x666
x10 <- 0x0000000066666666
mem[X,0x0000000080000C04] -> 0x1513
mem[X,0x0000000080000C06] -> 0x00B5
[840] [M]: 0x0000000080000C04 (0x00B51513) slli a0, a0, 0xb
x10 <- 0x0000033333333000
mem[X,0x0000000080000C08] -> 0x0513
mem[X,0x0000000080000C0A] -> 0x3335
[841] [M]: 0x0000000080000C08 (0x33350513) addi a0, a0, 0x333
x10 <- 0x0000033333333333
mem[X,0x0000000080000C0C] -> 0x1513
mem[X,0x0000000080000C0E] -> 0x00B5
[842] [M]: 0x0000000080000C0C (0x00B51513) slli a0, a0, 0xb
x10 <- 0x0019999999999800
mem[X,0x0000000080000C10] -> 0x0513
mem[X,0x0000000080000C12] -> 0x1995
[843] [M]: 0x0000000080000C10 (0x19950513) addi a0, a0, 0x199
x10 <- 0x0019999999999999
mem[X,0x0000000080000C14] -> 0x1513
mem[X,0x0000000080000C16] -> 0x00A5
[844] [M]: 0x0000000080000C14 (0x00A51513) slli a0, a0, 0xa
x10 <- 0x6666666666666400
mem[X,0x0000000080000C18] -> 0x0513
mem[X,0x0000000080000C1A] -> 0x2665
[845] [M]: 0x0000000080000C18 (0x26650513) addi a0, a0, 0x266
x10 <- 0x6666666666666666
mem[X,0x0000000080000C1C] -> 0x3571
[846] [M]: 0x0000000080000C1C (0x3571) c.addiw a0, -0x4
x10 <- 0x0000000066666662
mem[X,0x0000000080000C1E] -> 0xB023
mem[X,0x0000000080000C20] -> 0x26A0
[847] [M]: 0x0000000080000C1E (0x26A0B023) sd a0, 0x260(ra)
mem[0x0000000080005458] <- 0x0000000066666662
mem[X,0x0000000080000C22] -> 0x0537
mem[X,0x0000000080000C24] -> 0x0000
[848] [M]: 0x0000000080000C22 (0x00000537) lui a0, 0x0
x10 <- 0x0000000000000000
mem[X,0x0000000080000C26] -> 0x0513
mem[X,0x0000000080000C28] -> 0xFFF5
[849] [M]: 0x0000000080000C26 (0xFFF50513) addi a0, a0, -0x1
x10 <- 0xFFFFFFFFFFFFFFFF
mem[X,0x0000000080000C2A] -> 0x1513
mem[X,0x0000000080000C2C] -> 0x00B5
[850] [M]: 0x0000000080000C2A (0x00B51513) slli a0, a0, 0xb
x10 <- 0xFFFFFFFFFFFFF800
mem[X,0x0000000080000C2E] -> 0x0513
mem[X,0x0000000080000C30] -> 0x2575
[851] [M]: 0x0000000080000C2E (0x25750513) addi a0, a0, 0x257
x10 <- 0xFFFFFFFFFFFFFA57
mem[X,0x0000000080000C32] -> 0x1513
mem[X,0x0000000080000C34] -> 0x00B5
[852] [M]: 0x0000000080000C32 (0x00B51513) slli a0, a0, 0xb
x10 <- 0xFFFFFFFFFFD2B800
mem[X,0x0000000080000C36] -> 0x0513
mem[X,0x0000000080000C38] -> 0x6C35
[853] [M]: 0x0000000080000C36 (0x6C350513) addi a0, a0, 0x6c3
x10 <- 0xFFFFFFFFFFD2BEC3
mem[X,0x0000000080000C3A] -> 0x1513
mem[X,0x0000000080000C3C] -> 0x00A5
[854] [M]: 0x0000000080000C3A (0x00A51513) slli a0, a0, 0xa
x10 <- 0xFFFFFFFF4AFB0C00
mem[X,0x0000000080000C3E] -> 0x0513
mem[X,0x0000000080000C40] -> 0x0CD5
[855] [M]: 0x0000000080000C3E (0x0CD50513) addi a0, a0, 0xcd
x10 <- 0xFFFFFFFF4AFB0CCD
mem[X,0x0000000080000C42] -> 0x250D
[856] [M]: 0x0000000080000C42 (0x250D) c.addiw a0, 0x3
x10 <- 0x000000004AFB0CD0
mem[X,0x0000000080000C44] -> 0xB423
mem[X,0x0000000080000C46] -> 0x26A0
[857] [M]: 0x0000000080000C44 (0x26A0B423) sd a0, 0x268(ra)
mem[0x0000000080005460] <- 0x000000004AFB0CD0
mem[X,0x0000000080000C48] -> 0x0537
mem[X,0x0000000080000C4A] -> 0x0000
[858] [M]: 0x0000000080000C48 (0x00000537) lui a0, 0x0
x10 <- 0x0000000000000000
mem[X,0x0000000080000C4C] -> 0x0513
mem[X,0x0000000080000C4E] -> 0xFFF5
[859] [M]: 0x0000000080000C4C (0xFFF50513) addi a0, a0, -0x1
x10 <- 0xFFFFFFFFFFFFFFFF
mem[X,0x0000000080000C50] -> 0x1513
mem[X,0x0000000080000C52] -> 0x00B5
[860] [M]: 0x0000000080000C50 (0x00B51513) slli a0, a0, 0xb
x10 <- 0xFFFFFFFFFFFFF800
mem[X,0x0000000080000C54] -> 0x0513
mem[X,0x0000000080000C56] -> 0x2575
[861] [M]: 0x0000000080000C54 (0x25750513) addi a0, a0, 0x257
x10 <- 0xFFFFFFFFFFFFFA57
mem[X,0x0000000080000C58] -> 0x1513
mem[X,0x0000000080000C5A] -> 0x00B5
[862] [M]: 0x0000000080000C58 (0x00B51513) slli a0, a0, 0xb
x10 <- 0xFFFFFFFFFFD2B800
mem[X,0x0000000080000C5C] -> 0x0513
mem[X,0x0000000080000C5E] -> 0x6C35
[863] [M]: 0x0000000080000C5C (0x6C350513) addi a0, a0, 0x6c3
x10 <- 0xFFFFFFFFFFD2BEC3
mem[X,0x0000000080000C60] -> 0x1513
mem[X,0x0000000080000C62] -> 0x00A5
[864] [M]: 0x0000000080000C60 (0x00A51513) slli a0, a0, 0xa
x10 <- 0xFFFFFFFF4AFB0C00
mem[X,0x0000000080000C64] -> 0x0513
mem[X,0x0000000080000C66] -> 0x0CD5
[865] [M]: 0x0000000080000C64 (0x0CD50513) addi a0, a0, 0xcd
x10 <- 0xFFFFFFFF4AFB0CCD
mem[X,0x0000000080000C68] -> 0x2515
[866] [M]: 0x0000000080000C68 (0x2515) c.addiw a0, 0x5
x10 <- 0x000000004AFB0CD2
mem[X,0x0000000080000C6A] -> 0xB823
mem[X,0x0000000080000C6C] -> 0x26A0
[867] [M]: 0x0000000080000C6A (0x26A0B823) sd a0, 0x270(ra)
mem[0x0000000080005468] <- 0x000000004AFB0CD2
mem[X,0x0000000080000C6E] -> 0x0537
mem[X,0x0000000080000C70] -> 0x0000
[868] [M]: 0x0000000080000C6E (0x00000537) lui a0, 0x0
x10 <- 0x0000000000000000
mem[X,0x0000000080000C72] -> 0x0513
mem[X,0x0000000080000C74] -> 0xFFF5
[869] [M]: 0x0000000080000C72 (0xFFF50513) addi a0, a0, -0x1
x10 <- 0xFFFFFFFFFFFFFFFF
mem[X,0x0000000080000C76] -> 0x1513
mem[X,0x0000000080000C78] -> 0x00B5
[870] [M]: 0x0000000080000C76 (0x00B51513) slli a0, a0, 0xb
x10 <- 0xFFFFFFFFFFFFF800
mem[X,0x0000000080000C7A] -> 0x0513
mem[X,0x0000000080000C7C] -> 0x2575
[871] [M]: 0x0000000080000C7A (0x25750513) addi a0, a0, 0x257
x10 <- 0xFFFFFFFFFFFFFA57
mem[X,0x0000000080000C7E] -> 0x1513
mem[X,0x0000000080000C80] -> 0x00B5
[872] [M]: 0x0000000080000C7E (0x00B51513) slli a0, a0, 0xb
x10 <- 0xFFFFFFFFFFD2B800
mem[X,0x0000000080000C82] -> 0x0513
mem[X,0x0000000080000C84] -> 0x6C35
[873] [M]: 0x0000000080000C82 (0x6C350513) addi a0, a0, 0x6c3
x10 <- 0xFFFFFFFFFFD2BEC3
mem[X,0x0000000080000C86] -> 0x1513
mem[X,0x0000000080000C88] -> 0x00A5
[874] [M]: 0x0000000080000C86 (0x00A51513) slli a0, a0, 0xa
x10 <- 0xFFFFFFFF4AFB0C00
mem[X,0x0000000080000C8A] -> 0x0513
mem[X,0x0000000080000C8C] -> 0x0CD5
[875] [M]: 0x0000000080000C8A (0x0CD50513) addi a0, a0, 0xcd
x10 <- 0xFFFFFFFF4AFB0CCD
mem[X,0x0000000080000C8E] -> 0x2529
[876] [M]: 0x0000000080000C8E (0x2529) c.addiw a0, 0xa
x10 <- 0x000000004AFB0CD7
mem[X,0x0000000080000C90] -> 0xBC23
mem[X,0x0000000080000C92] -> 0x26A0
[877] [M]: 0x0000000080000C90 (0x26A0BC23) sd a0, 0x278(ra)
mem[0x0000000080005470] <- 0x000000004AFB0CD7
mem[X,0x0000000080000C94] -> 0x0537
mem[X,0x0000000080000C96] -> 0x0000
[878] [M]: 0x0000000080000C94 (0x00000537) lui a0, 0x0
x10 <- 0x0000000000000000
mem[X,0x0000000080000C98] -> 0x0513
mem[X,0x0000000080000C9A] -> 0xFFF5
[879] [M]: 0x0000000080000C98 (0xFFF50513) addi a0, a0, -0x1
x10 <- 0xFFFFFFFFFFFFFFFF
mem[X,0x0000000080000C9C] -> 0x1513
mem[X,0x0000000080000C9E] -> 0x00B5
[880] [M]: 0x0000000080000C9C (0x00B51513) slli a0, a0, 0xb
x10 <- 0xFFFFFFFFFFFFF800
mem[X,0x0000000080000CA0] -> 0x0513
mem[X,0x0000000080000CA2] -> 0x2575
[881] [M]: 0x0000000080000CA0 (0x25750513) addi a0, a0, 0x257
x10 <- 0xFFFFFFFFFFFFFA57
mem[X,0x0000000080000CA4] -> 0x1513
mem[X,0x0000000080000CA6] -> 0x00B5
[882] [M]: 0x0000000080000CA4 (0x00B51513) slli a0, a0, 0xb
x10 <- 0xFFFFFFFFFFD2B800
mem[X,0x0000000080000CA8] -> 0x0513
mem[X,0x0000000080000CAA] -> 0x6C35
[883] [M]: 0x0000000080000CA8 (0x6C350513) addi a0, a0, 0x6c3
x10 <- 0xFFFFFFFFFFD2BEC3
mem[X,0x0000000080000CAC] -> 0x1513
mem[X,0x0000000080000CAE] -> 0x00A5
[884] [M]: 0x0000000080000CAC (0x00A51513) slli a0, a0, 0xa
x10 <- 0xFFFFFFFF4AFB0C00
mem[X,0x0000000080000CB0] -> 0x0513
mem[X,0x0000000080000CB2] -> 0x0CD5
[885] [M]: 0x0000000080000CB0 (0x0CD50513) addi a0, a0, 0xcd
x10 <- 0xFFFFFFFF4AFB0CCD
mem[X,0x0000000080000CB4] -> 0x2519
[886] [M]: 0x0000000080000CB4 (0x2519) c.addiw a0, 0x6
x10 <- 0x000000004AFB0CD3
mem[X,0x0000000080000CB6] -> 0xB023
mem[X,0x0000000080000CB8] -> 0x28A0
[887] [M]: 0x0000000080000CB6 (0x28A0B023) sd a0, 0x280(ra)
mem[0x0000000080005478] <- 0x000000004AFB0CD3
mem[X,0x0000000080000CBA] -> 0x0537
mem[X,0x0000000080000CBC] -> 0x0000
[888] [M]: 0x0000000080000CBA (0x00000537) lui a0, 0x0
x10 <- 0x0000000000000000
mem[X,0x0000000080000CBE] -> 0x0513
mem[X,0x0000000080000CC0] -> 0xFFF5
[889] [M]: 0x0000000080000CBE (0xFFF50513) addi a0, a0, -0x1
x10 <- 0xFFFFFFFFFFFFFFFF
mem[X,0x0000000080000CC2] -> 0x1513
mem[X,0x0000000080000CC4] -> 0x00B5
[890] [M]: 0x0000000080000CC2 (0x00B51513) slli a0, a0, 0xb
x10 <- 0xFFFFFFFFFFFFF800
mem[X,0x0000000080000CC6] -> 0x0513
mem[X,0x0000000080000CC8] -> 0x2575
[891] [M]: 0x0000000080000CC6 (0x25750513) addi a0, a0, 0x257
x10 <- 0xFFFFFFFFFFFFFA57
mem[X,0x0000000080000CCA] -> 0x1513
mem[X,0x0000000080000CCC] -> 0x00B5
[892] [M]: 0x0000000080000CCA (0x00B51513) slli a0, a0, 0xb
x10 <- 0xFFFFFFFFFFD2B800
mem[X,0x0000000080000CCE] -> 0x0513
mem[X,0x0000000080000CD0] -> 0x6C35
[893] [M]: 0x0000000080000CCE (0x6C350513) addi a0, a0, 0x6c3
x10 <- 0xFFFFFFFFFFD2BEC3
mem[X,0x0000000080000CD2] -> 0x1513
mem[X,0x0000000080000CD4] -> 0x00A5
[894] [M]: 0x0000000080000CD2 (0x00A51513) slli a0, a0, 0xa
x10 <- 0xFFFFFFFF4AFB0C00
mem[X,0x0000000080000CD6] -> 0x0513
mem[X,0x0000000080000CD8] -> 0x0CD5
[895] [M]: 0x0000000080000CD6 (0x0CD50513) addi a0, a0, 0xcd
x10 <- 0xFFFFFFFF4AFB0CCD
mem[X,0x0000000080000CDA] -> 0x3579
[896] [M]: 0x0000000080000CDA (0x3579) c.addiw a0, -0x2
x10 <- 0x000000004AFB0CCB
mem[X,0x0000000080000CDC] -> 0xB423
mem[X,0x0000000080000CDE] -> 0x28A0
[897] [M]: 0x0000000080000CDC (0x28A0B423) sd a0, 0x288(ra)
mem[0x0000000080005480] <- 0x000000004AFB0CCB
mem[X,0x0000000080000CE0] -> 0x0537
mem[X,0x0000000080000CE2] -> 0x0000
[898] [M]: 0x0000000080000CE0 (0x00000537) lui a0, 0x0
x10 <- 0x0000000000000000
mem[X,0x0000000080000CE4] -> 0x0513
mem[X,0x0000000080000CE6] -> 0xFFF5
[899] [M]: 0x0000000080000CE4 (0xFFF50513) addi a0, a0, -0x1
x10 <- 0xFFFFFFFFFFFFFFFF
clint::tick mtime <- 0x0000000000000009
 clint timer pending at mtime 0x0000000000000009
htif::tick 0x0000000000000000
mem[X,0x0000000080000CE8] -> 0x1513
mem[X,0x0000000080000CEA] -> 0x00B5
[900] [M]: 0x0000000080000CE8 (0x00B51513) slli a0, a0, 0xb
x10 <- 0xFFFFFFFFFFFFF800
mem[X,0x0000000080000CEC] -> 0x0513
mem[X,0x0000000080000CEE] -> 0x2575
[901] [M]: 0x0000000080000CEC (0x25750513) addi a0, a0, 0x257
x10 <- 0xFFFFFFFFFFFFFA57
mem[X,0x0000000080000CF0] -> 0x1513
mem[X,0x0000000080000CF2] -> 0x00B5
[902] [M]: 0x0000000080000CF0 (0x00B51513) slli a0, a0, 0xb
x10 <- 0xFFFFFFFFFFD2B800
mem[X,0x0000000080000CF4] -> 0x0513
mem[X,0x0000000080000CF6] -> 0x6C35
[903] [M]: 0x0000000080000CF4 (0x6C350513) addi a0, a0, 0x6c3
x10 <- 0xFFFFFFFFFFD2BEC3
mem[X,0x0000000080000CF8] -> 0x1513
mem[X,0x0000000080000CFA] -> 0x00A5
[904] [M]: 0x0000000080000CF8 (0x00A51513) slli a0, a0, 0xa
x10 <- 0xFFFFFFFF4AFB0C00
mem[X,0x0000000080000CFC] -> 0x0513
mem[X,0x0000000080000CFE] -> 0x0CD5
[905] [M]: 0x0000000080000CFC (0x0CD50513) addi a0, a0, 0xcd
x10 <- 0xFFFFFFFF4AFB0CCD
mem[X,0x0000000080000D00] -> 0x356D
[906] [M]: 0x0000000080000D00 (0x356D) c.addiw a0, -0x5
x10 <- 0x000000004AFB0CC8
mem[X,0x0000000080000D02] -> 0xB823
mem[X,0x0000000080000D04] -> 0x28A0
[907] [M]: 0x0000000080000D02 (0x28A0B823) sd a0, 0x290(ra)
mem[0x0000000080005488] <- 0x000000004AFB0CC8
mem[X,0x0000000080000D06] -> 0x0537
mem[X,0x0000000080000D08] -> 0x0000
[908] [M]: 0x0000000080000D06 (0x00000537) lui a0, 0x0
x10 <- 0x0000000000000000
mem[X,0x0000000080000D0A] -> 0x0513
mem[X,0x0000000080000D0C] -> 0xFFF5
[909] [M]: 0x0000000080000D0A (0xFFF50513) addi a0, a0, -0x1
x10 <- 0xFFFFFFFFFFFFFFFF
mem[X,0x0000000080000D0E] -> 0x1513
mem[X,0x0000000080000D10] -> 0x00B5
[910] [M]: 0x0000000080000D0E (0x00B51513) slli a0, a0, 0xb
x10 <- 0xFFFFFFFFFFFFF800
mem[X,0x0000000080000D12] -> 0x0513
mem[X,0x0000000080000D14] -> 0x2575
[911] [M]: 0x0000000080000D12 (0x25750513) addi a0, a0, 0x257
x10 <- 0xFFFFFFFFFFFFFA57
mem[X,0x0000000080000D16] -> 0x1513
mem[X,0x0000000080000D18] -> 0x00B5
[912] [M]: 0x0000000080000D16 (0x00B51513) slli a0, a0, 0xb
x10 <- 0xFFFFFFFFFFD2B800
mem[X,0x0000000080000D1A] -> 0x0513
mem[X,0x0000000080000D1C] -> 0x6C35
[913] [M]: 0x0000000080000D1A (0x6C350513) addi a0, a0, 0x6c3
x10 <- 0xFFFFFFFFFFD2BEC3
mem[X,0x0000000080000D1E] -> 0x1513
mem[X,0x0000000080000D20] -> 0x00A5
[914] [M]: 0x0000000080000D1E (0x00A51513) slli a0, a0, 0xa
x10 <- 0xFFFFFFFF4AFB0C00
mem[X,0x0000000080000D22] -> 0x0513
mem[X,0x0000000080000D24] -> 0x0CD5
[915] [M]: 0x0000000080000D22 (0x0CD50513) addi a0, a0, 0xcd
x10 <- 0xFFFFFFFF4AFB0CCD
mem[X,0x0000000080000D26] -> 0x2509
[916] [M]: 0x0000000080000D26 (0x2509) c.addiw a0, 0x2
x10 <- 0x000000004AFB0CCF
mem[X,0x0000000080000D28] -> 0xBC23
mem[X,0x0000000080000D2A] -> 0x28A0
[917] [M]: 0x0000000080000D28 (0x28A0BC23) sd a0, 0x298(ra)
mem[0x0000000080005490] <- 0x000000004AFB0CCF
mem[X,0x0000000080000D2C] -> 0x0537
mem[X,0x0000000080000D2E] -> 0x0000
[918] [M]: 0x0000000080000D2C (0x00000537) lui a0, 0x0
x10 <- 0x0000000000000000
mem[X,0x0000000080000D30] -> 0x0513
mem[X,0x0000000080000D32] -> 0xFFF5
[919] [M]: 0x0000000080000D30 (0xFFF50513) addi a0, a0, -0x1
x10 <- 0xFFFFFFFFFFFFFFFF
mem[X,0x0000000080000D34] -> 0x1513
mem[X,0x0000000080000D36] -> 0x00B5
[920] [M]: 0x0000000080000D34 (0x00B51513) slli a0, a0, 0xb
x10 <- 0xFFFFFFFFFFFFF800
mem[X,0x0000000080000D38] -> 0x0513
mem[X,0x0000000080000D3A] -> 0x2575
[921] [M]: 0x0000000080000D38 (0x25750513) addi a0, a0, 0x257
x10 <- 0xFFFFFFFFFFFFFA57
mem[X,0x0000000080000D3C] -> 0x1513
mem[X,0x0000000080000D3E] -> 0x00B5
[922] [M]: 0x0000000080000D3C (0x00B51513) slli a0, a0, 0xb
x10 <- 0xFFFFFFFFFFD2B800
mem[X,0x0000000080000D40] -> 0x0513
mem[X,0x0000000080000D42] -> 0x6C35
[923] [M]: 0x0000000080000D40 (0x6C350513) addi a0, a0, 0x6c3
x10 <- 0xFFFFFFFFFFD2BEC3
mem[X,0x0000000080000D44] -> 0x1513
mem[X,0x0000000080000D46] -> 0x00A5
[924] [M]: 0x0000000080000D44 (0x00A51513) slli a0, a0, 0xa
x10 <- 0xFFFFFFFF4AFB0C00
mem[X,0x0000000080000D48] -> 0x0513
mem[X,0x0000000080000D4A] -> 0x0CD5
[925] [M]: 0x0000000080000D48 (0x0CD50513) addi a0, a0, 0xcd
x10 <- 0xFFFFFFFF4AFB0CCD
mem[X,0x0000000080000D4C] -> 0x2511
[926] [M]: 0x0000000080000D4C (0x2511) c.addiw a0, 0x4
x10 <- 0x000000004AFB0CD1
mem[X,0x0000000080000D4E] -> 0xB023
mem[X,0x0000000080000D50] -> 0x2AA0
[927] [M]: 0x0000000080000D4E (0x2AA0B023) sd a0, 0x2a0(ra)
mem[0x0000000080005498] <- 0x000000004AFB0CD1
mem[X,0x0000000080000D52] -> 0x0537
mem[X,0x0000000080000D54] -> 0x0000
[928] [M]: 0x0000000080000D52 (0x00000537) lui a0, 0x0
x10 <- 0x0000000000000000
mem[X,0x0000000080000D56] -> 0x0513
mem[X,0x0000000080000D58] -> 0xFFF5
[929] [M]: 0x0000000080000D56 (0xFFF50513) addi a0, a0, -0x1
x10 <- 0xFFFFFFFFFFFFFFFF
mem[X,0x0000000080000D5A] -> 0x1513
mem[X,0x0000000080000D5C] -> 0x00B5
[930] [M]: 0x0000000080000D5A (0x00B51513) slli a0, a0, 0xb
x10 <- 0xFFFFFFFFFFFFF800
mem[X,0x0000000080000D5E] -> 0x0513
mem[X,0x0000000080000D60] -> 0x2575
[931] [M]: 0x0000000080000D5E (0x25750513) addi a0, a0, 0x257
x10 <- 0xFFFFFFFFFFFFFA57
mem[X,0x0000000080000D62] -> 0x1513
mem[X,0x0000000080000D64] -> 0x00B5
[932] [M]: 0x0000000080000D62 (0x00B51513) slli a0, a0, 0xb
x10 <- 0xFFFFFFFFFFD2B800
mem[X,0x0000000080000D66] -> 0x0513
mem[X,0x0000000080000D68] -> 0x6C35
[933] [M]: 0x0000000080000D66 (0x6C350513) addi a0, a0, 0x6c3
x10 <- 0xFFFFFFFFFFD2BEC3
mem[X,0x0000000080000D6A] -> 0x1513
mem[X,0x0000000080000D6C] -> 0x00A5
[934] [M]: 0x0000000080000D6A (0x00A51513) slli a0, a0, 0xa
x10 <- 0xFFFFFFFF4AFB0C00
mem[X,0x0000000080000D6E] -> 0x0513
mem[X,0x0000000080000D70] -> 0x0CD5
[935] [M]: 0x0000000080000D6E (0x0CD50513) addi a0, a0, 0xcd
x10 <- 0xFFFFFFFF4AFB0CCD
mem[X,0x0000000080000D72] -> 0x2525
[936] [M]: 0x0000000080000D72 (0x2525) c.addiw a0, 0x9
x10 <- 0x000000004AFB0CD6
mem[X,0x0000000080000D74] -> 0xB423
mem[X,0x0000000080000D76] -> 0x2AA0
[937] [M]: 0x0000000080000D74 (0x2AA0B423) sd a0, 0x2a8(ra)
mem[0x00000000800054A0] <- 0x000000004AFB0CD6
mem[X,0x0000000080000D78] -> 0x0537
mem[X,0x0000000080000D7A] -> 0x0000
[938] [M]: 0x0000000080000D78 (0x00000537) lui a0, 0x0
x10 <- 0x0000000000000000
mem[X,0x0000000080000D7C] -> 0x0513
mem[X,0x0000000080000D7E] -> 0xFFF5
[939] [M]: 0x0000000080000D7C (0xFFF50513) addi a0, a0, -0x1
x10 <- 0xFFFFFFFFFFFFFFFF
mem[X,0x0000000080000D80] -> 0x1513
mem[X,0x0000000080000D82] -> 0x00B5
[940] [M]: 0x0000000080000D80 (0x00B51513) slli a0, a0, 0xb
x10 <- 0xFFFFFFFFFFFFF800
mem[X,0x0000000080000D84] -> 0x0513
mem[X,0x0000000080000D86] -> 0x2575
[941] [M]: 0x0000000080000D84 (0x25750513) addi a0, a0, 0x257
x10 <- 0xFFFFFFFFFFFFFA57
mem[X,0x0000000080000D88] -> 0x1513
mem[X,0x0000000080000D8A] -> 0x00B5
[942] [M]: 0x0000000080000D88 (0x00B51513) slli a0, a0, 0xb
x10 <- 0xFFFFFFFFFFD2B800
mem[X,0x0000000080000D8C] -> 0x0513
mem[X,0x0000000080000D8E] -> 0x6C35
[943] [M]: 0x0000000080000D8C (0x6C350513) addi a0, a0, 0x6c3
x10 <- 0xFFFFFFFFFFD2BEC3
mem[X,0x0000000080000D90] -> 0x1513
mem[X,0x0000000080000D92] -> 0x00A5
[944] [M]: 0x0000000080000D90 (0x00A51513) slli a0, a0, 0xa
x10 <- 0xFFFFFFFF4AFB0C00
mem[X,0x0000000080000D94] -> 0x0513
mem[X,0x0000000080000D96] -> 0x0CD5
[945] [M]: 0x0000000080000D94 (0x0CD50513) addi a0, a0, 0xcd
x10 <- 0xFFFFFFFF4AFB0CCD
mem[X,0x0000000080000D98] -> 0x2501
[946] [M]: 0x0000000080000D98 (0x2501) c.addiw a0, 0x0
x10 <- 0x000000004AFB0CCD
mem[X,0x0000000080000D9A] -> 0xB823
mem[X,0x0000000080000D9C] -> 0x2AA0
[947] [M]: 0x0000000080000D9A (0x2AA0B823) sd a0, 0x2b0(ra)
mem[0x00000000800054A8] <- 0x000000004AFB0CCD
mem[X,0x0000000080000D9E] -> 0x0537
mem[X,0x0000000080000DA0] -> 0x0000
[948] [M]: 0x0000000080000D9E (0x00000537) lui a0, 0x0
x10 <- 0x0000000000000000
mem[X,0x0000000080000DA2] -> 0x0513
mem[X,0x0000000080000DA4] -> 0xFFF5
[949] [M]: 0x0000000080000DA2 (0xFFF50513) addi a0, a0, -0x1
x10 <- 0xFFFFFFFFFFFFFFFF
mem[X,0x0000000080000DA6] -> 0x1513
mem[X,0x0000000080000DA8] -> 0x00B5
[950] [M]: 0x0000000080000DA6 (0x00B51513) slli a0, a0, 0xb
x10 <- 0xFFFFFFFFFFFFF800
mem[X,0x0000000080000DAA] -> 0x0513
mem[X,0x0000000080000DAC] -> 0x2575
[951] [M]: 0x0000000080000DAA (0x25750513) addi a0, a0, 0x257
x10 <- 0xFFFFFFFFFFFFFA57
mem[X,0x0000000080000DAE] -> 0x1513
mem[X,0x0000000080000DB0] -> 0x00B5
[952] [M]: 0x0000000080000DAE (0x00B51513) slli a0, a0, 0xb
x10 <- 0xFFFFFFFFFFD2B800
mem[X,0x0000000080000DB2] -> 0x0513
mem[X,0x0000000080000DB4] -> 0x6C35
[953] [M]: 0x0000000080000DB2 (0x6C350513) addi a0, a0, 0x6c3
x10 <- 0xFFFFFFFFFFD2BEC3
mem[X,0x0000000080000DB6] -> 0x1513
mem[X,0x0000000080000DB8] -> 0x00A5
[954] [M]: 0x0000000080000DB6 (0x00A51513) slli a0, a0, 0xa
x10 <- 0xFFFFFFFF4AFB0C00
mem[X,0x0000000080000DBA] -> 0x0513
mem[X,0x0000000080000DBC] -> 0x0CD5
[955] [M]: 0x0000000080000DBA (0x0CD50513) addi a0, a0, 0xcd
x10 <- 0xFFFFFFFF4AFB0CCD
mem[X,0x0000000080000DBE] -> 0x252D
[956] [M]: 0x0000000080000DBE (0x252D) c.addiw a0, 0xb
x10 <- 0x000000004AFB0CD8
mem[X,0x0000000080000DC0] -> 0xBC23
mem[X,0x0000000080000DC2] -> 0x2AA0
[957] [M]: 0x0000000080000DC0 (0x2AA0BC23) sd a0, 0x2b8(ra)
mem[0x00000000800054B0] <- 0x000000004AFB0CD8
mem[X,0x0000000080000DC4] -> 0x0537
mem[X,0x0000000080000DC6] -> 0x0000
[958] [M]: 0x0000000080000DC4 (0x00000537) lui a0, 0x0
x10 <- 0x0000000000000000
mem[X,0x0000000080000DC8] -> 0x0513
mem[X,0x0000000080000DCA] -> 0xFFF5
[959] [M]: 0x0000000080000DC8 (0xFFF50513) addi a0, a0, -0x1
x10 <- 0xFFFFFFFFFFFFFFFF
mem[X,0x0000000080000DCC] -> 0x1513
mem[X,0x0000000080000DCE] -> 0x00B5
[960] [M]: 0x0000000080000DCC (0x00B51513) slli a0, a0, 0xb
x10 <- 0xFFFFFFFFFFFFF800
mem[X,0x0000000080000DD0] -> 0x0513
mem[X,0x0000000080000DD2] -> 0x2575
[961] [M]: 0x0000000080000DD0 (0x25750513) addi a0, a0, 0x257
x10 <- 0xFFFFFFFFFFFFFA57
mem[X,0x0000000080000DD4] -> 0x1513
mem[X,0x0000000080000DD6] -> 0x00B5
[962] [M]: 0x0000000080000DD4 (0x00B51513) slli a0, a0, 0xb
x10 <- 0xFFFFFFFFFFD2B800
mem[X,0x0000000080000DD8] -> 0x0513
mem[X,0x0000000080000DDA] -> 0x6C35
[963] [M]: 0x0000000080000DD8 (0x6C350513) addi a0, a0, 0x6c3
x10 <- 0xFFFFFFFFFFD2BEC3
mem[X,0x0000000080000DDC] -> 0x1513
mem[X,0x0000000080000DDE] -> 0x00A5
[964] [M]: 0x0000000080000DDC (0x00A51513) slli a0, a0, 0xa
x10 <- 0xFFFFFFFF4AFB0C00
mem[X,0x0000000080000DE0] -> 0x0513
mem[X,0x0000000080000DE2] -> 0x0CD5
[965] [M]: 0x0000000080000DE0 (0x0CD50513) addi a0, a0, 0xcd
x10 <- 0xFFFFFFFF4AFB0CCD
mem[X,0x0000000080000DE4] -> 0x251D
[966] [M]: 0x0000000080000DE4 (0x251D) c.addiw a0, 0x7
x10 <- 0x000000004AFB0CD4
mem[X,0x0000000080000DE6] -> 0xB023
mem[X,0x0000000080000DE8] -> 0x2CA0
[967] [M]: 0x0000000080000DE6 (0x2CA0B023) sd a0, 0x2c0(ra)
mem[0x00000000800054B8] <- 0x000000004AFB0CD4
mem[X,0x0000000080000DEA] -> 0x0537
mem[X,0x0000000080000DEC] -> 0x0000
[968] [M]: 0x0000000080000DEA (0x00000537) lui a0, 0x0
x10 <- 0x0000000000000000
mem[X,0x0000000080000DEE] -> 0x0513
mem[X,0x0000000080000DF0] -> 0xFFF5
[969] [M]: 0x0000000080000DEE (0xFFF50513) addi a0, a0, -0x1
x10 <- 0xFFFFFFFFFFFFFFFF
mem[X,0x0000000080000DF2] -> 0x1513
mem[X,0x0000000080000DF4] -> 0x00B5
[970] [M]: 0x0000000080000DF2 (0x00B51513) slli a0, a0, 0xb
x10 <- 0xFFFFFFFFFFFFF800
mem[X,0x0000000080000DF6] -> 0x0513
mem[X,0x0000000080000DF8] -> 0x2575
[971] [M]: 0x0000000080000DF6 (0x25750513) addi a0, a0, 0x257
x10 <- 0xFFFFFFFFFFFFFA57
mem[X,0x0000000080000DFA] -> 0x1513
mem[X,0x0000000080000DFC] -> 0x00B5
[972] [M]: 0x0000000080000DFA (0x00B51513) slli a0, a0, 0xb
x10 <- 0xFFFFFFFFFFD2B800
mem[X,0x0000000080000DFE] -> 0x0513
mem[X,0x0000000080000E00] -> 0x6C35
[973] [M]: 0x0000000080000DFE (0x6C350513) addi a0, a0, 0x6c3
x10 <- 0xFFFFFFFFFFD2BEC3
mem[X,0x0000000080000E02] -> 0x1513
mem[X,0x0000000080000E04] -> 0x00A5
[974] [M]: 0x0000000080000E02 (0x00A51513) slli a0, a0, 0xa
x10 <- 0xFFFFFFFF4AFB0C00
mem[X,0x0000000080000E06] -> 0x0513
mem[X,0x0000000080000E08] -> 0x0CD5
[975] [M]: 0x0000000080000E06 (0x0CD50513) addi a0, a0, 0xcd
x10 <- 0xFFFFFFFF4AFB0CCD
mem[X,0x0000000080000E0A] -> 0x357D
[976] [M]: 0x0000000080000E0A (0x357D) c.addiw a0, -0x1
x10 <- 0x000000004AFB0CCC
mem[X,0x0000000080000E0C] -> 0xB423
mem[X,0x0000000080000E0E] -> 0x2CA0
[977] [M]: 0x0000000080000E0C (0x2CA0B423) sd a0, 0x2c8(ra)
mem[0x00000000800054C0] <- 0x000000004AFB0CCC
mem[X,0x0000000080000E10] -> 0x0537
mem[X,0x0000000080000E12] -> 0x0000
[978] [M]: 0x0000000080000E10 (0x00000537) lui a0, 0x0
x10 <- 0x0000000000000000
mem[X,0x0000000080000E14] -> 0x0513
mem[X,0x0000000080000E16] -> 0xFFF5
[979] [M]: 0x0000000080000E14 (0xFFF50513) addi a0, a0, -0x1
x10 <- 0xFFFFFFFFFFFFFFFF
mem[X,0x0000000080000E18] -> 0x1513
mem[X,0x0000000080000E1A] -> 0x00B5
[980] [M]: 0x0000000080000E18 (0x00B51513) slli a0, a0, 0xb
x10 <- 0xFFFFFFFFFFFFF800
mem[X,0x0000000080000E1C] -> 0x0513
mem[X,0x0000000080000E1E] -> 0x2575
[981] [M]: 0x0000000080000E1C (0x25750513) addi a0, a0, 0x257
x10 <- 0xFFFFFFFFFFFFFA57
mem[X,0x0000000080000E20] -> 0x1513
mem[X,0x0000000080000E22] -> 0x00B5
[982] [M]: 0x0000000080000E20 (0x00B51513) slli a0, a0, 0xb
x10 <- 0xFFFFFFFFFFD2B800
mem[X,0x0000000080000E24] -> 0x0513
mem[X,0x0000000080000E26] -> 0x6C35
[983] [M]: 0x0000000080000E24 (0x6C350513) addi a0, a0, 0x6c3
x10 <- 0xFFFFFFFFFFD2BEC3
mem[X,0x0000000080000E28] -> 0x1513
mem[X,0x0000000080000E2A] -> 0x00A5
[984] [M]: 0x0000000080000E28 (0x00A51513) slli a0, a0, 0xa
x10 <- 0xFFFFFFFF4AFB0C00
mem[X,0x0000000080000E2C] -> 0x0513
mem[X,0x0000000080000E2E] -> 0x0CD5
[985] [M]: 0x0000000080000E2C (0x0CD50513) addi a0, a0, 0xcd
x10 <- 0xFFFFFFFF4AFB0CCD
mem[X,0x0000000080000E30] -> 0x3571
[986] [M]: 0x0000000080000E30 (0x3571) c.addiw a0, -0x4
x10 <- 0x000000004AFB0CC9
mem[X,0x0000000080000E32] -> 0xB823
mem[X,0x0000000080000E34] -> 0x2CA0
[987] [M]: 0x0000000080000E32 (0x2CA0B823) sd a0, 0x2d0(ra)
mem[0x00000000800054C8] <- 0x000000004AFB0CC9
mem[X,0x0000000080000E36] -> 0x0537
mem[X,0x0000000080000E38] -> 0x0000
[988] [M]: 0x0000000080000E36 (0x00000537) lui a0, 0x0
x10 <- 0x0000000000000000
mem[X,0x0000000080000E3A] -> 0x0513
mem[X,0x0000000080000E3C] -> 0x0005
[989] [M]: 0x0000000080000E3A (0x00050513) addi a0, a0, 0x0
x10 <- 0x0000000000000000
mem[X,0x0000000080000E3E] -> 0x1513
mem[X,0x0000000080000E40] -> 0x00B5
[990] [M]: 0x0000000080000E3E (0x00B51513) slli a0, a0, 0xb
x10 <- 0x0000000000000000
mem[X,0x0000000080000E42] -> 0x0513
mem[X,0x0000000080000E44] -> 0x5A85
[991] [M]: 0x0000000080000E42 (0x5A850513) addi a0, a0, 0x5a8
x10 <- 0x00000000000005A8
mem[X,0x0000000080000E46] -> 0x1513
mem[X,0x0000000080000E48] -> 0x00B5
[992] [M]: 0x0000000080000E46 (0x00B51513) slli a0, a0, 0xb
x10 <- 0x00000000002D4000
mem[X,0x0000000080000E4A] -> 0x0513
mem[X,0x0000000080000E4C] -> 0x13C5
[993] [M]: 0x0000000080000E4A (0x13C50513) addi a0, a0, 0x13c
x10 <- 0x00000000002D413C
mem[X,0x0000000080000E4E] -> 0x1513
mem[X,0x0000000080000E50] -> 0x00A5
[994] [M]: 0x0000000080000E4E (0x00A51513) slli a0, a0, 0xa
x10 <- 0x00000000B504F000
mem[X,0x0000000080000E52] -> 0x0513
mem[X,0x0000000080000E54] -> 0x3335
[995] [M]: 0x0000000080000E52 (0x33350513) addi a0, a0, 0x333
x10 <- 0x00000000B504F333
mem[X,0x0000000080000E56] -> 0x250D
[996] [M]: 0x0000000080000E56 (0x250D) c.addiw a0, 0x3
x10 <- 0xFFFFFFFFB504F336
mem[X,0x0000000080000E58] -> 0xBC23
mem[X,0x0000000080000E5A] -> 0x2CA0
[997] [M]: 0x0000000080000E58 (0x2CA0BC23) sd a0, 0x2d8(ra)
mem[0x00000000800054D0] <- 0xFFFFFFFFB504F336
mem[X,0x0000000080000E5C] -> 0x0537
mem[X,0x0000000080000E5E] -> 0x0000
[998] [M]: 0x0000000080000E5C (0x00000537) lui a0, 0x0
x10 <- 0x0000000000000000
mem[X,0x0000000080000E60] -> 0x0513
mem[X,0x0000000080000E62] -> 0x0005
[999] [M]: 0x0000000080000E60 (0x00050513) addi a0, a0, 0x0
x10 <- 0x0000000000000000
clint::tick mtime <- 0x000000000000000A
 clint timer pending at mtime 0x000000000000000A
htif::tick 0x0000000000000000
mem[X,0x0000000080000E64] -> 0x1513
mem[X,0x0000000080000E66] -> 0x00B5
[1000] [M]: 0x0000000080000E64 (0x00B51513) slli a0, a0, 0xb
x10 <- 0x0000000000000000
mem[X,0x0000000080000E68] -> 0x0513
mem[X,0x0000000080000E6A] -> 0x5A85
[1001] [M]: 0x0000000080000E68 (0x5A850513) addi a0, a0, 0x5a8
x10 <- 0x00000000000005A8
mem[X,0x0000000080000E6C] -> 0x1513
mem[X,0x0000000080000E6E] -> 0x00B5
[1002] [M]: 0x0000000080000E6C (0x00B51513) slli a0, a0, 0xb
x10 <- 0x00000000002D4000
mem[X,0x0000000080000E70] -> 0x0513
mem[X,0x0000000080000E72] -> 0x13C5
[1003] [M]: 0x0000000080000E70 (0x13C50513) addi a0, a0, 0x13c
x10 <- 0x00000000002D413C
mem[X,0x0000000080000E74] -> 0x1513
mem[X,0x0000000080000E76] -> 0x00A5
[1004] [M]: 0x0000000080000E74 (0x00A51513) slli a0, a0, 0xa
x10 <- 0x00000000B504F000
mem[X,0x0000000080000E78] -> 0x0513
mem[X,0x0000000080000E7A] -> 0x3335
[1005] [M]: 0x0000000080000E78 (0x33350513) addi a0, a0, 0x333
x10 <- 0x00000000B504F333
mem[X,0x0000000080000E7C] -> 0x2515
[1006] [M]: 0x0000000080000E7C (0x2515) c.addiw a0, 0x5
x10 <- 0xFFFFFFFFB504F338
mem[X,0x0000000080000E7E] -> 0xB023
mem[X,0x0000000080000E80] -> 0x2EA0
[1007] [M]: 0x0000000080000E7E (0x2EA0B023) sd a0, 0x2e0(ra)
mem[0x00000000800054D8] <- 0xFFFFFFFFB504F338
mem[X,0x0000000080000E82] -> 0x0537
mem[X,0x0000000080000E84] -> 0x0000
[1008] [M]: 0x0000000080000E82 (0x00000537) lui a0, 0x0
x10 <- 0x0000000000000000
mem[X,0x0000000080000E86] -> 0x0513
mem[X,0x0000000080000E88] -> 0x0005
[1009] [M]: 0x0000000080000E86 (0x00050513) addi a0, a0, 0x0
x10 <- 0x0000000000000000
mem[X,0x0000000080000E8A] -> 0x1513
mem[X,0x0000000080000E8C] -> 0x00B5
[1010] [M]: 0x0000000080000E8A (0x00B51513) slli a0, a0, 0xb
x10 <- 0x0000000000000000
mem[X,0x0000000080000E8E] -> 0x0513
mem[X,0x0000000080000E90] -> 0x5A85
[1011] [M]: 0x0000000080000E8E (0x5A850513) addi a0, a0, 0x5a8
x10 <- 0x00000000000005A8
mem[X,0x0000000080000E92] -> 0x1513
mem[X,0x0000000080000E94] -> 0x00B5
[1012] [M]: 0x0000000080000E92 (0x00B51513) slli a0, a0, 0xb
x10 <- 0x00000000002D4000
mem[X,0x0000000080000E96] -> 0x0513
mem[X,0x0000000080000E98] -> 0x13C5
[1013] [M]: 0x0000000080000E96 (0x13C50513) addi a0, a0, 0x13c
x10 <- 0x00000000002D413C
mem[X,0x0000000080000E9A] -> 0x1513
mem[X,0x0000000080000E9C] -> 0x00A5
[1014] [M]: 0x0000000080000E9A (0x00A51513) slli a0, a0, 0xa
x10 <- 0x00000000B504F000
mem[X,0x0000000080000E9E] -> 0x0513
mem[X,0x0000000080000EA0] -> 0x3335
[1015] [M]: 0x0000000080000E9E (0x33350513) addi a0, a0, 0x333
x10 <- 0x00000000B504F333
mem[X,0x0000000080000EA2] -> 0x2529
[1016] [M]: 0x0000000080000EA2 (0x2529) c.addiw a0, 0xa
x10 <- 0xFFFFFFFFB504F33D
mem[X,0x0000000080000EA4] -> 0xB423
mem[X,0x0000000080000EA6] -> 0x2EA0
[1017] [M]: 0x0000000080000EA4 (0x2EA0B423) sd a0, 0x2e8(ra)
mem[0x00000000800054E0] <- 0xFFFFFFFFB504F33D
mem[X,0x0000000080000EA8] -> 0x0537
mem[X,0x0000000080000EAA] -> 0x0000
[1018] [M]: 0x0000000080000EA8 (0x00000537) lui a0, 0x0
x10 <- 0x0000000000000000
mem[X,0x0000000080000EAC] -> 0x0513
mem[X,0x0000000080000EAE] -> 0x0005
[1019] [M]: 0x0000000080000EAC (0x00050513) addi a0, a0, 0x0
x10 <- 0x0000000000000000
mem[X,0x0000000080000EB0] -> 0x1513
mem[X,0x0000000080000EB2] -> 0x00B5
[1020] [M]: 0x0000000080000EB0 (0x00B51513) slli a0, a0, 0xb
x10 <- 0x0000000000000000
mem[X,0x0000000080000EB4] -> 0x0513
mem[X,0x0000000080000EB6] -> 0x5A85
[1021] [M]: 0x0000000080000EB4 (0x5A850513) addi a0, a0, 0x5a8
x10 <- 0x00000000000005A8
mem[X,0x0000000080000EB8] -> 0x1513
mem[X,0x0000000080000EBA] -> 0x00B5
[1022] [M]: 0x0000000080000EB8 (0x00B51513) slli a0, a0, 0xb
x10 <- 0x00000000002D4000
mem[X,0x0000000080000EBC] -> 0x0513
mem[X,0x0000000080000EBE] -> 0x13C5
[1023] [M]: 0x0000000080000EBC (0x13C50513) addi a0, a0, 0x13c
x10 <- 0x00000000002D413C
mem[X,0x0000000080000EC0] -> 0x1513
mem[X,0x0000000080000EC2] -> 0x00A5
[1024] [M]: 0x0000000080000EC0 (0x00A51513) slli a0, a0, 0xa
x10 <- 0x00000000B504F000
mem[X,0x0000000080000EC4] -> 0x0513
mem[X,0x0000000080000EC6] -> 0x3335
[1025] [M]: 0x0000000080000EC4 (0x33350513) addi a0, a0, 0x333
x10 <- 0x00000000B504F333
mem[X,0x0000000080000EC8] -> 0x2519
[1026] [M]: 0x0000000080000EC8 (0x2519) c.addiw a0, 0x6
x10 <- 0xFFFFFFFFB504F339
mem[X,0x0000000080000ECA] -> 0xB823
mem[X,0x0000000080000ECC] -> 0x2EA0
[1027] [M]: 0x0000000080000ECA (0x2EA0B823) sd a0, 0x2f0(ra)
mem[0x00000000800054E8] <- 0xFFFFFFFFB504F339
mem[X,0x0000000080000ECE] -> 0x0537
mem[X,0x0000000080000ED0] -> 0x0000
[1028] [M]: 0x0000000080000ECE (0x00000537) lui a0, 0x0
x10 <- 0x0000000000000000
mem[X,0x0000000080000ED2] -> 0x0513
mem[X,0x0000000080000ED4] -> 0x0005
[1029] [M]: 0x0000000080000ED2 (0x00050513) addi a0, a0, 0x0
x10 <- 0x0000000000000000
mem[X,0x0000000080000ED6] -> 0x1513
mem[X,0x0000000080000ED8] -> 0x00B5
[1030] [M]: 0x0000000080000ED6 (0x00B51513) slli a0, a0, 0xb
x10 <- 0x0000000000000000
mem[X,0x0000000080000EDA] -> 0x0513
mem[X,0x0000000080000EDC] -> 0x5A85
[1031] [M]: 0x0000000080000EDA (0x5A850513) addi a0, a0, 0x5a8
x10 <- 0x00000000000005A8
mem[X,0x0000000080000EDE] -> 0x1513
mem[X,0x0000000080000EE0] -> 0x00B5
[1032] [M]: 0x0000000080000EDE (0x00B51513) slli a0, a0, 0xb
x10 <- 0x00000000002D4000
mem[X,0x0000000080000EE2] -> 0x0513
mem[X,0x0000000080000EE4] -> 0x13C5
[1033] [M]: 0x0000000080000EE2 (0x13C50513) addi a0, a0, 0x13c
x10 <- 0x00000000002D413C
mem[X,0x0000000080000EE6] -> 0x1513
mem[X,0x0000000080000EE8] -> 0x00A5
[1034] [M]: 0x0000000080000EE6 (0x00A51513) slli a0, a0, 0xa
x10 <- 0x00000000B504F000
mem[X,0x0000000080000EEA] -> 0x0513
mem[X,0x0000000080000EEC] -> 0x3335
[1035] [M]: 0x0000000080000EEA (0x33350513) addi a0, a0, 0x333
x10 <- 0x00000000B504F333
mem[X,0x0000000080000EEE] -> 0x3579
[1036] [M]: 0x0000000080000EEE (0x3579) c.addiw a0, -0x2
x10 <- 0xFFFFFFFFB504F331
mem[X,0x0000000080000EF0] -> 0xBC23
mem[X,0x0000000080000EF2] -> 0x2EA0
[1037] [M]: 0x0000000080000EF0 (0x2EA0BC23) sd a0, 0x2f8(ra)
mem[0x00000000800054F0] <- 0xFFFFFFFFB504F331
mem[X,0x0000000080000EF4] -> 0x0537
mem[X,0x0000000080000EF6] -> 0x0000
[1038] [M]: 0x0000000080000EF4 (0x00000537) lui a0, 0x0
x10 <- 0x0000000000000000
mem[X,0x0000000080000EF8] -> 0x0513
mem[X,0x0000000080000EFA] -> 0x0005
[1039] [M]: 0x0000000080000EF8 (0x00050513) addi a0, a0, 0x0
x10 <- 0x0000000000000000
mem[X,0x0000000080000EFC] -> 0x1513
mem[X,0x0000000080000EFE] -> 0x00B5
[1040] [M]: 0x0000000080000EFC (0x00B51513) slli a0, a0, 0xb
x10 <- 0x0000000000000000
mem[X,0x0000000080000F00] -> 0x0513
mem[X,0x0000000080000F02] -> 0x5A85
[1041] [M]: 0x0000000080000F00 (0x5A850513) addi a0, a0, 0x5a8
x10 <- 0x00000000000005A8
mem[X,0x0000000080000F04] -> 0x1513
mem[X,0x0000000080000F06] -> 0x00B5
[1042] [M]: 0x0000000080000F04 (0x00B51513) slli a0, a0, 0xb
x10 <- 0x00000000002D4000
mem[X,0x0000000080000F08] -> 0x0513
mem[X,0x0000000080000F0A] -> 0x13C5
[1043] [M]: 0x0000000080000F08 (0x13C50513) addi a0, a0, 0x13c
x10 <- 0x00000000002D413C
mem[X,0x0000000080000F0C] -> 0x1513
mem[X,0x0000000080000F0E] -> 0x00A5
[1044] [M]: 0x0000000080000F0C (0x00A51513) slli a0, a0, 0xa
x10 <- 0x00000000B504F000
mem[X,0x0000000080000F10] -> 0x0513
mem[X,0x0000000080000F12] -> 0x3335
[1045] [M]: 0x0000000080000F10 (0x33350513) addi a0, a0, 0x333
x10 <- 0x00000000B504F333
mem[X,0x0000000080000F14] -> 0x356D
[1046] [M]: 0x0000000080000F14 (0x356D) c.addiw a0, -0x5
x10 <- 0xFFFFFFFFB504F32E
mem[X,0x0000000080000F16] -> 0xB023
mem[X,0x0000000080000F18] -> 0x30A0
[1047] [M]: 0x0000000080000F16 (0x30A0B023) sd a0, 0x300(ra)
mem[0x00000000800054F8] <- 0xFFFFFFFFB504F32E
mem[X,0x0000000080000F1A] -> 0x0537
mem[X,0x0000000080000F1C] -> 0x0000
[1048] [M]: 0x0000000080000F1A (0x00000537) lui a0, 0x0
x10 <- 0x0000000000000000
mem[X,0x0000000080000F1E] -> 0x0513
mem[X,0x0000000080000F20] -> 0x0005
[1049] [M]: 0x0000000080000F1E (0x00050513) addi a0, a0, 0x0
x10 <- 0x0000000000000000
mem[X,0x0000000080000F22] -> 0x1513
mem[X,0x0000000080000F24] -> 0x00B5
[1050] [M]: 0x0000000080000F22 (0x00B51513) slli a0, a0, 0xb
x10 <- 0x0000000000000000
mem[X,0x0000000080000F26] -> 0x0513
mem[X,0x0000000080000F28] -> 0x5A85
[1051] [M]: 0x0000000080000F26 (0x5A850513) addi a0, a0, 0x5a8
x10 <- 0x00000000000005A8
mem[X,0x0000000080000F2A] -> 0x1513
mem[X,0x0000000080000F2C] -> 0x00B5
[1052] [M]: 0x0000000080000F2A (0x00B51513) slli a0, a0, 0xb
x10 <- 0x00000000002D4000
mem[X,0x0000000080000F2E] -> 0x0513
mem[X,0x0000000080000F30] -> 0x13C5
[1053] [M]: 0x0000000080000F2E (0x13C50513) addi a0, a0, 0x13c
x10 <- 0x00000000002D413C
mem[X,0x0000000080000F32] -> 0x1513
mem[X,0x0000000080000F34] -> 0x00A5
[1054] [M]: 0x0000000080000F32 (0x00A51513) slli a0, a0, 0xa
x10 <- 0x00000000B504F000
mem[X,0x0000000080000F36] -> 0x0513
mem[X,0x0000000080000F38] -> 0x3335
[1055] [M]: 0x0000000080000F36 (0x33350513) addi a0, a0, 0x333
x10 <- 0x00000000B504F333
mem[X,0x0000000080000F3A] -> 0x2509
[1056] [M]: 0x0000000080000F3A (0x2509) c.addiw a0, 0x2
x10 <- 0xFFFFFFFFB504F335
mem[X,0x0000000080000F3C] -> 0xB423
mem[X,0x0000000080000F3E] -> 0x30A0
[1057] [M]: 0x0000000080000F3C (0x30A0B423) sd a0, 0x308(ra)
mem[0x0000000080005500] <- 0xFFFFFFFFB504F335
mem[X,0x0000000080000F40] -> 0x0537
mem[X,0x0000000080000F42] -> 0x0000
[1058] [M]: 0x0000000080000F40 (0x00000537) lui a0, 0x0
x10 <- 0x0000000000000000
mem[X,0x0000000080000F44] -> 0x0513
mem[X,0x0000000080000F46] -> 0x0005
[1059] [M]: 0x0000000080000F44 (0x00050513) addi a0, a0, 0x0
x10 <- 0x0000000000000000
mem[X,0x0000000080000F48] -> 0x1513
mem[X,0x0000000080000F4A] -> 0x00B5
[1060] [M]: 0x0000000080000F48 (0x00B51513) slli a0, a0, 0xb
x10 <- 0x0000000000000000
mem[X,0x0000000080000F4C] -> 0x0513
mem[X,0x0000000080000F4E] -> 0x5A85
[1061] [M]: 0x0000000080000F4C (0x5A850513) addi a0, a0, 0x5a8
x10 <- 0x00000000000005A8
mem[X,0x0000000080000F50] -> 0x1513
mem[X,0x0000000080000F52] -> 0x00B5
[1062] [M]: 0x0000000080000F50 (0x00B51513) slli a0, a0, 0xb
x10 <- 0x00000000002D4000
mem[X,0x0000000080000F54] -> 0x0513
mem[X,0x0000000080000F56] -> 0x13C5
[1063] [M]: 0x0000000080000F54 (0x13C50513) addi a0, a0, 0x13c
x10 <- 0x00000000002D413C
mem[X,0x0000000080000F58] -> 0x1513
mem[X,0x0000000080000F5A] -> 0x00A5
[1064] [M]: 0x0000000080000F58 (0x00A51513) slli a0, a0, 0xa
x10 <- 0x00000000B504F000
mem[X,0x0000000080000F5C] -> 0x0513
mem[X,0x0000000080000F5E] -> 0x3335
[1065] [M]: 0x0000000080000F5C (0x33350513) addi a0, a0, 0x333
x10 <- 0x00000000B504F333
mem[X,0x0000000080000F60] -> 0x2511
[1066] [M]: 0x0000000080000F60 (0x2511) c.addiw a0, 0x4
x10 <- 0xFFFFFFFFB504F337
mem[X,0x0000000080000F62] -> 0xB823
mem[X,0x0000000080000F64] -> 0x30A0
[1067] [M]: 0x0000000080000F62 (0x30A0B823) sd a0, 0x310(ra)
mem[0x0000000080005508] <- 0xFFFFFFFFB504F337
mem[X,0x0000000080000F66] -> 0x0537
mem[X,0x0000000080000F68] -> 0x0000
[1068] [M]: 0x0000000080000F66 (0x00000537) lui a0, 0x0
x10 <- 0x0000000000000000
mem[X,0x0000000080000F6A] -> 0x0513
mem[X,0x0000000080000F6C] -> 0x0005
[1069] [M]: 0x0000000080000F6A (0x00050513) addi a0, a0, 0x0
x10 <- 0x0000000000000000
mem[X,0x0000000080000F6E] -> 0x1513
mem[X,0x0000000080000F70] -> 0x00B5
[1070] [M]: 0x0000000080000F6E (0x00B51513) slli a0, a0, 0xb
x10 <- 0x0000000000000000
mem[X,0x0000000080000F72] -> 0x0513
mem[X,0x0000000080000F74] -> 0x5A85
[1071] [M]: 0x0000000080000F72 (0x5A850513) addi a0, a0, 0x5a8
x10 <- 0x00000000000005A8
mem[X,0x0000000080000F76] -> 0x1513
mem[X,0x0000000080000F78] -> 0x00B5
[1072] [M]: 0x0000000080000F76 (0x00B51513) slli a0, a0, 0xb
x10 <- 0x00000000002D4000
mem[X,0x0000000080000F7A] -> 0x0513
mem[X,0x0000000080000F7C] -> 0x13C5
[1073] [M]: 0x0000000080000F7A (0x13C50513) addi a0, a0, 0x13c
x10 <- 0x00000000002D413C
mem[X,0x0000000080000F7E] -> 0x1513
mem[X,0x0000000080000F80] -> 0x00A5
[1074] [M]: 0x0000000080000F7E (0x00A51513) slli a0, a0, 0xa
x10 <- 0x00000000B504F000
mem[X,0x0000000080000F82] -> 0x0513
mem[X,0x0000000080000F84] -> 0x3335
[1075] [M]: 0x0000000080000F82 (0x33350513) addi a0, a0, 0x333
x10 <- 0x00000000B504F333
mem[X,0x0000000080000F86] -> 0x2525
[1076] [M]: 0x0000000080000F86 (0x2525) c.addiw a0, 0x9
x10 <- 0xFFFFFFFFB504F33C
mem[X,0x0000000080000F88] -> 0xBC23
mem[X,0x0000000080000F8A] -> 0x30A0
[1077] [M]: 0x0000000080000F88 (0x30A0BC23) sd a0, 0x318(ra)
mem[0x0000000080005510] <- 0xFFFFFFFFB504F33C
mem[X,0x0000000080000F8C] -> 0x0537
mem[X,0x0000000080000F8E] -> 0x0000
[1078] [M]: 0x0000000080000F8C (0x00000537) lui a0, 0x0
x10 <- 0x0000000000000000
mem[X,0x0000000080000F90] -> 0x0513
mem[X,0x0000000080000F92] -> 0x0005
[1079] [M]: 0x0000000080000F90 (0x00050513) addi a0, a0, 0x0
x10 <- 0x0000000000000000
mem[X,0x0000000080000F94] -> 0x1513
mem[X,0x0000000080000F96] -> 0x00B5
[1080] [M]: 0x0000000080000F94 (0x00B51513) slli a0, a0, 0xb
x10 <- 0x0000000000000000
mem[X,0x0000000080000F98] -> 0x0513
mem[X,0x0000000080000F9A] -> 0x5A85
[1081] [M]: 0x0000000080000F98 (0x5A850513) addi a0, a0, 0x5a8
x10 <- 0x00000000000005A8
mem[X,0x0000000080000F9C] -> 0x1513
mem[X,0x0000000080000F9E] -> 0x00B5
[1082] [M]: 0x0000000080000F9C (0x00B51513) slli a0, a0, 0xb
x10 <- 0x00000000002D4000
mem[X,0x0000000080000FA0] -> 0x0513
mem[X,0x0000000080000FA2] -> 0x13C5
[1083] [M]: 0x0000000080000FA0 (0x13C50513) addi a0, a0, 0x13c
x10 <- 0x00000000002D413C
mem[X,0x0000000080000FA4] -> 0x1513
mem[X,0x0000000080000FA6] -> 0x00A5
[1084] [M]: 0x0000000080000FA4 (0x00A51513) slli a0, a0, 0xa
x10 <- 0x00000000B504F000
mem[X,0x0000000080000FA8] -> 0x0513
mem[X,0x0000000080000FAA] -> 0x3335
[1085] [M]: 0x0000000080000FA8 (0x33350513) addi a0, a0, 0x333
x10 <- 0x00000000B504F333
mem[X,0x0000000080000FAC] -> 0x2501
[1086] [M]: 0x0000000080000FAC (0x2501) c.addiw a0, 0x0
x10 <- 0xFFFFFFFFB504F333
mem[X,0x0000000080000FAE] -> 0xB023
mem[X,0x0000000080000FB0] -> 0x32A0
[1087] [M]: 0x0000000080000FAE (0x32A0B023) sd a0, 0x320(ra)
mem[0x0000000080005518] <- 0xFFFFFFFFB504F333
mem[X,0x0000000080000FB2] -> 0x0537
mem[X,0x0000000080000FB4] -> 0x0000
[1088] [M]: 0x0000000080000FB2 (0x00000537) lui a0, 0x0
x10 <- 0x0000000000000000
mem[X,0x0000000080000FB6] -> 0x0513
mem[X,0x0000000080000FB8] -> 0x0005
[1089] [M]: 0x0000000080000FB6 (0x00050513) addi a0, a0, 0x0
x10 <- 0x0000000000000000
mem[X,0x0000000080000FBA] -> 0x1513
mem[X,0x0000000080000FBC] -> 0x00B5
[1090] [M]: 0x0000000080000FBA (0x00B51513) slli a0, a0, 0xb
x10 <- 0x0000000000000000
mem[X,0x0000000080000FBE] -> 0x0513
mem[X,0x0000000080000FC0] -> 0x5A85
[1091] [M]: 0x0000000080000FBE (0x5A850513) addi a0, a0, 0x5a8
x10 <- 0x00000000000005A8
mem[X,0x0000000080000FC2] -> 0x1513
mem[X,0x0000000080000FC4] -> 0x00B5
[1092] [M]: 0x0000000080000FC2 (0x00B51513) slli a0, a0, 0xb
x10 <- 0x00000000002D4000
mem[X,0x0000000080000FC6] -> 0x0513
mem[X,0x0000000080000FC8] -> 0x13C5
[1093] [M]: 0x0000000080000FC6 (0x13C50513) addi a0, a0, 0x13c
x10 <- 0x00000000002D413C
mem[X,0x0000000080000FCA] -> 0x1513
mem[X,0x0000000080000FCC] -> 0x00A5
[1094] [M]: 0x0000000080000FCA (0x00A51513) slli a0, a0, 0xa
x10 <- 0x00000000B504F000
mem[X,0x0000000080000FCE] -> 0x0513
mem[X,0x0000000080000FD0] -> 0x3335
[1095] [M]: 0x0000000080000FCE (0x33350513) addi a0, a0, 0x333
x10 <- 0x00000000B504F333
mem[X,0x0000000080000FD2] -> 0x252D
[1096] [M]: 0x0000000080000FD2 (0x252D) c.addiw a0, 0xb
x10 <- 0xFFFFFFFFB504F33E
mem[X,0x0000000080000FD4] -> 0xB423
mem[X,0x0000000080000FD6] -> 0x32A0
[1097] [M]: 0x0000000080000FD4 (0x32A0B423) sd a0, 0x328(ra)
mem[0x0000000080005520] <- 0xFFFFFFFFB504F33E
mem[X,0x0000000080000FD8] -> 0x0537
mem[X,0x0000000080000FDA] -> 0x0000
[1098] [M]: 0x0000000080000FD8 (0x00000537) lui a0, 0x0
x10 <- 0x0000000000000000
mem[X,0x0000000080000FDC] -> 0x0513
mem[X,0x0000000080000FDE] -> 0x0005
[1099] [M]: 0x0000000080000FDC (0x00050513) addi a0, a0, 0x0
x10 <- 0x0000000000000000
clint::tick mtime <- 0x000000000000000B
 clint timer pending at mtime 0x000000000000000B
htif::tick 0x0000000000000000
mem[X,0x0000000080000FE0] -> 0x1513
mem[X,0x0000000080000FE2] -> 0x00B5
[1100] [M]: 0x0000000080000FE0 (0x00B51513) slli a0, a0, 0xb
x10 <- 0x0000000000000000
mem[X,0x0000000080000FE4] -> 0x0513
mem[X,0x0000000080000FE6] -> 0x5A85
[1101] [M]: 0x0000000080000FE4 (0x5A850513) addi a0, a0, 0x5a8
x10 <- 0x00000000000005A8
mem[X,0x0000000080000FE8] -> 0x1513
mem[X,0x0000000080000FEA] -> 0x00B5
[1102] [M]: 0x0000000080000FE8 (0x00B51513) slli a0, a0, 0xb
x10 <- 0x00000000002D4000
mem[X,0x0000000080000FEC] -> 0x0513
mem[X,0x0000000080000FEE] -> 0x13C5
[1103] [M]: 0x0000000080000FEC (0x13C50513) addi a0, a0, 0x13c
x10 <- 0x00000000002D413C
mem[X,0x0000000080000FF0] -> 0x1513
mem[X,0x0000000080000FF2] -> 0x00A5
[1104] [M]: 0x0000000080000FF0 (0x00A51513) slli a0, a0, 0xa
x10 <- 0x00000000B504F000
mem[X,0x0000000080000FF4] -> 0x0513
mem[X,0x0000000080000FF6] -> 0x3335
[1105] [M]: 0x0000000080000FF4 (0x33350513) addi a0, a0, 0x333
x10 <- 0x00000000B504F333
mem[X,0x0000000080000FF8] -> 0x251D
[1106] [M]: 0x0000000080000FF8 (0x251D) c.addiw a0, 0x7
x10 <- 0xFFFFFFFFB504F33A
mem[X,0x0000000080000FFA] -> 0xB823
mem[X,0x0000000080000FFC] -> 0x32A0
[1107] [M]: 0x0000000080000FFA (0x32A0B823) sd a0, 0x330(ra)
mem[0x0000000080005528] <- 0xFFFFFFFFB504F33A
mem[X,0x0000000080000FFE] -> 0x0537
mem[X,0x0000000080001000] -> 0x0000
[1108] [M]: 0x0000000080000FFE (0x00000537) lui a0, 0x0
x10 <- 0x0000000000000000
mem[X,0x0000000080001002] -> 0x0513
mem[X,0x0000000080001004] -> 0x0005
[1109] [M]: 0x0000000080001002 (0x00050513) addi a0, a0, 0x0
x10 <- 0x0000000000000000
mem[X,0x0000000080001006] -> 0x1513
mem[X,0x0000000080001008] -> 0x00B5
[1110] [M]: 0x0000000080001006 (0x00B51513) slli a0, a0, 0xb
x10 <- 0x0000000000000000
mem[X,0x000000008000100A] -> 0x0513
mem[X,0x000000008000100C] -> 0x5A85
[1111] [M]: 0x000000008000100A (0x5A850513) addi a0, a0, 0x5a8
x10 <- 0x00000000000005A8
mem[X,0x000000008000100E] -> 0x1513
mem[X,0x0000000080001010] -> 0x00B5
[1112] [M]: 0x000000008000100E (0x00B51513) slli a0, a0, 0xb
x10 <- 0x00000000002D4000
mem[X,0x0000000080001012] -> 0x0513
mem[X,0x0000000080001014] -> 0x13C5
[1113] [M]: 0x0000000080001012 (0x13C50513) addi a0, a0, 0x13c
x10 <- 0x00000000002D413C
mem[X,0x0000000080001016] -> 0x1513
mem[X,0x0000000080001018] -> 0x00A5
[1114] [M]: 0x0000000080001016 (0x00A51513) slli a0, a0, 0xa
x10 <- 0x00000000B504F000
mem[X,0x000000008000101A] -> 0x0513
mem[X,0x000000008000101C] -> 0x3335
[1115] [M]: 0x000000008000101A (0x33350513) addi a0, a0, 0x333
x10 <- 0x00000000B504F333
mem[X,0x000000008000101E] -> 0x357D
[1116] [M]: 0x000000008000101E (0x357D) c.addiw a0, -0x1
x10 <- 0xFFFFFFFFB504F332
mem[X,0x0000000080001020] -> 0xBC23
mem[X,0x0000000080001022] -> 0x32A0
[1117] [M]: 0x0000000080001020 (0x32A0BC23) sd a0, 0x338(ra)
mem[0x0000000080005530] <- 0xFFFFFFFFB504F332
mem[X,0x0000000080001024] -> 0x0537
mem[X,0x0000000080001026] -> 0x0000
[1118] [M]: 0x0000000080001024 (0x00000537) lui a0, 0x0
x10 <- 0x0000000000000000
mem[X,0x0000000080001028] -> 0x0513
mem[X,0x000000008000102A] -> 0x0005
[1119] [M]: 0x0000000080001028 (0x00050513) addi a0, a0, 0x0
x10 <- 0x0000000000000000
mem[X,0x000000008000102C] -> 0x1513
mem[X,0x000000008000102E] -> 0x00B5
[1120] [M]: 0x000000008000102C (0x00B51513) slli a0, a0, 0xb
x10 <- 0x0000000000000000
mem[X,0x0000000080001030] -> 0x0513
mem[X,0x0000000080001032] -> 0x5A85
[1121] [M]: 0x0000000080001030 (0x5A850513) addi a0, a0, 0x5a8
x10 <- 0x00000000000005A8
mem[X,0x0000000080001034] -> 0x1513
mem[X,0x0000000080001036] -> 0x00B5
[1122] [M]: 0x0000000080001034 (0x00B51513) slli a0, a0, 0xb
x10 <- 0x00000000002D4000
mem[X,0x0000000080001038] -> 0x0513
mem[X,0x000000008000103A] -> 0x13C5
[1123] [M]: 0x0000000080001038 (0x13C50513) addi a0, a0, 0x13c
x10 <- 0x00000000002D413C
mem[X,0x000000008000103C] -> 0x1513
mem[X,0x000000008000103E] -> 0x00A5
[1124] [M]: 0x000000008000103C (0x00A51513) slli a0, a0, 0xa
x10 <- 0x00000000B504F000
mem[X,0x0000000080001040] -> 0x0513
mem[X,0x0000000080001042] -> 0x3335
[1125] [M]: 0x0000000080001040 (0x33350513) addi a0, a0, 0x333
x10 <- 0x00000000B504F333
mem[X,0x0000000080001044] -> 0x3571
[1126] [M]: 0x0000000080001044 (0x3571) c.addiw a0, -0x4
x10 <- 0xFFFFFFFFB504F32F
mem[X,0x0000000080001046] -> 0xB023
mem[X,0x0000000080001048] -> 0x34A0
[1127] [M]: 0x0000000080001046 (0x34A0B023) sd a0, 0x340(ra)
mem[0x0000000080005538] <- 0xFFFFFFFFB504F32F
mem[X,0x000000008000104A] -> 0x0513
mem[X,0x000000008000104C] -> 0x0020
[1128] [M]: 0x000000008000104A (0x00200513) addi a0, zero, 0x2
x10 <- 0x0000000000000002
mem[X,0x000000008000104E] -> 0x250D
[1129] [M]: 0x000000008000104E (0x250D) c.addiw a0, 0x3
x10 <- 0x0000000000000005
mem[X,0x0000000080001050] -> 0xB423
mem[X,0x0000000080001052] -> 0x34A0
[1130] [M]: 0x0000000080001050 (0x34A0B423) sd a0, 0x348(ra)
mem[0x0000000080005540] <- 0x0000000000000005
mem[X,0x0000000080001054] -> 0x0513
mem[X,0x0000000080001056] -> 0x0020
[1131] [M]: 0x0000000080001054 (0x00200513) addi a0, zero, 0x2
x10 <- 0x0000000000000002
mem[X,0x0000000080001058] -> 0x2515
[1132] [M]: 0x0000000080001058 (0x2515) c.addiw a0, 0x5
x10 <- 0x0000000000000007
mem[X,0x000000008000105A] -> 0xB823
mem[X,0x000000008000105C] -> 0x34A0
[1133] [M]: 0x000000008000105A (0x34A0B823) sd a0, 0x350(ra)
mem[0x0000000080005548] <- 0x0000000000000007
mem[X,0x000000008000105E] -> 0x0513
mem[X,0x0000000080001060] -> 0x0020
[1134] [M]: 0x000000008000105E (0x00200513) addi a0, zero, 0x2
x10 <- 0x0000000000000002
mem[X,0x0000000080001062] -> 0x2529
[1135] [M]: 0x0000000080001062 (0x2529) c.addiw a0, 0xa
x10 <- 0x000000000000000C
mem[X,0x0000000080001064] -> 0xBC23
mem[X,0x0000000080001066] -> 0x34A0
[1136] [M]: 0x0000000080001064 (0x34A0BC23) sd a0, 0x358(ra)
mem[0x0000000080005550] <- 0x000000000000000C
mem[X,0x0000000080001068] -> 0x0513
mem[X,0x000000008000106A] -> 0x0020
[1137] [M]: 0x0000000080001068 (0x00200513) addi a0, zero, 0x2
x10 <- 0x0000000000000002
mem[X,0x000000008000106C] -> 0x2519
[1138] [M]: 0x000000008000106C (0x2519) c.addiw a0, 0x6
x10 <- 0x0000000000000008
mem[X,0x000000008000106E] -> 0xB023
mem[X,0x0000000080001070] -> 0x36A0
[1139] [M]: 0x000000008000106E (0x36A0B023) sd a0, 0x360(ra)
mem[0x0000000080005558] <- 0x0000000000000008
mem[X,0x0000000080001072] -> 0x0513
mem[X,0x0000000080001074] -> 0x0020
[1140] [M]: 0x0000000080001072 (0x00200513) addi a0, zero, 0x2
x10 <- 0x0000000000000002
mem[X,0x0000000080001076] -> 0x3579
[1141] [M]: 0x0000000080001076 (0x3579) c.addiw a0, -0x2
x10 <- 0x0000000000000000
mem[X,0x0000000080001078] -> 0xB423
mem[X,0x000000008000107A] -> 0x36A0
[1142] [M]: 0x0000000080001078 (0x36A0B423) sd a0, 0x368(ra)
mem[0x0000000080005560] <- 0x0000000000000000
mem[X,0x000000008000107C] -> 0x0513
mem[X,0x000000008000107E] -> 0x0020
[1143] [M]: 0x000000008000107C (0x00200513) addi a0, zero, 0x2
x10 <- 0x0000000000000002
mem[X,0x0000000080001080] -> 0x356D
[1144] [M]: 0x0000000080001080 (0x356D) c.addiw a0, -0x5
x10 <- 0xFFFFFFFFFFFFFFFD
mem[X,0x0000000080001082] -> 0xB823
mem[X,0x0000000080001084] -> 0x36A0
[1145] [M]: 0x0000000080001082 (0x36A0B823) sd a0, 0x370(ra)
mem[0x0000000080005568] <- 0xFFFFFFFFFFFFFFFD
mem[X,0x0000000080001086] -> 0x0513
mem[X,0x0000000080001088] -> 0x0020
[1146] [M]: 0x0000000080001086 (0x00200513) addi a0, zero, 0x2
x10 <- 0x0000000000000002
mem[X,0x000000008000108A] -> 0x2509
[1147] [M]: 0x000000008000108A (0x2509) c.addiw a0, 0x2
x10 <- 0x0000000000000004
mem[X,0x000000008000108C] -> 0xBC23
mem[X,0x000000008000108E] -> 0x36A0
[1148] [M]: 0x000000008000108C (0x36A0BC23) sd a0, 0x378(ra)
mem[0x0000000080005570] <- 0x0000000000000004
mem[X,0x0000000080001090] -> 0x0513
mem[X,0x0000000080001092] -> 0x0020
[1149] [M]: 0x0000000080001090 (0x00200513) addi a0, zero, 0x2
x10 <- 0x0000000000000002
mem[X,0x0000000080001094] -> 0x2511
[1150] [M]: 0x0000000080001094 (0x2511) c.addiw a0, 0x4
x10 <- 0x0000000000000006
mem[X,0x0000000080001096] -> 0xB023
mem[X,0x0000000080001098] -> 0x38A0
[1151] [M]: 0x0000000080001096 (0x38A0B023) sd a0, 0x380(ra)
mem[0x0000000080005578] <- 0x0000000000000006
mem[X,0x000000008000109A] -> 0x0513
mem[X,0x000000008000109C] -> 0x0020
[1152] [M]: 0x000000008000109A (0x00200513) addi a0, zero, 0x2
x10 <- 0x0000000000000002
mem[X,0x000000008000109E] -> 0x2525
[1153] [M]: 0x000000008000109E (0x2525) c.addiw a0, 0x9
x10 <- 0x000000000000000B
mem[X,0x00000000800010A0] -> 0xB423
mem[X,0x00000000800010A2] -> 0x38A0
[1154] [M]: 0x00000000800010A0 (0x38A0B423) sd a0, 0x388(ra)
mem[0x0000000080005580] <- 0x000000000000000B
mem[X,0x00000000800010A4] -> 0x0513
mem[X,0x00000000800010A6] -> 0x0020
[1155] [M]: 0x00000000800010A4 (0x00200513) addi a0, zero, 0x2
x10 <- 0x0000000000000002
mem[X,0x00000000800010A8] -> 0x2501
[1156] [M]: 0x00000000800010A8 (0x2501) c.addiw a0, 0x0
x10 <- 0x0000000000000002
mem[X,0x00000000800010AA] -> 0xB823
mem[X,0x00000000800010AC] -> 0x38A0
[1157] [M]: 0x00000000800010AA (0x38A0B823) sd a0, 0x390(ra)
mem[0x0000000080005588] <- 0x0000000000000002
mem[X,0x00000000800010AE] -> 0x0513
mem[X,0x00000000800010B0] -> 0x0020
[1158] [M]: 0x00000000800010AE (0x00200513) addi a0, zero, 0x2
x10 <- 0x0000000000000002
mem[X,0x00000000800010B2] -> 0x252D
[1159] [M]: 0x00000000800010B2 (0x252D) c.addiw a0, 0xb
x10 <- 0x000000000000000D
mem[X,0x00000000800010B4] -> 0xBC23
mem[X,0x00000000800010B6] -> 0x38A0
[1160] [M]: 0x00000000800010B4 (0x38A0BC23) sd a0, 0x398(ra)
mem[0x0000000080005590] <- 0x000000000000000D
mem[X,0x00000000800010B8] -> 0x0513
mem[X,0x00000000800010BA] -> 0x0020
[1161] [M]: 0x00000000800010B8 (0x00200513) addi a0, zero, 0x2
x10 <- 0x0000000000000002
mem[X,0x00000000800010BC] -> 0x251D
[1162] [M]: 0x00000000800010BC (0x251D) c.addiw a0, 0x7
x10 <- 0x0000000000000009
mem[X,0x00000000800010BE] -> 0xB023
mem[X,0x00000000800010C0] -> 0x3AA0
[1163] [M]: 0x00000000800010BE (0x3AA0B023) sd a0, 0x3a0(ra)
mem[0x0000000080005598] <- 0x0000000000000009
mem[X,0x00000000800010C2] -> 0x0513
mem[X,0x00000000800010C4] -> 0x0020
[1164] [M]: 0x00000000800010C2 (0x00200513) addi a0, zero, 0x2
x10 <- 0x0000000000000002
mem[X,0x00000000800010C6] -> 0x357D
[1165] [M]: 0x00000000800010C6 (0x357D) c.addiw a0, -0x1
x10 <- 0x0000000000000001
mem[X,0x00000000800010C8] -> 0xB423
mem[X,0x00000000800010CA] -> 0x3AA0
[1166] [M]: 0x00000000800010C8 (0x3AA0B423) sd a0, 0x3a8(ra)
mem[0x00000000800055A0] <- 0x0000000000000001
mem[X,0x00000000800010CC] -> 0x0513
mem[X,0x00000000800010CE] -> 0x0020
[1167] [M]: 0x00000000800010CC (0x00200513) addi a0, zero, 0x2
x10 <- 0x0000000000000002
mem[X,0x00000000800010D0] -> 0x3571
[1168] [M]: 0x00000000800010D0 (0x3571) c.addiw a0, -0x4
x10 <- 0xFFFFFFFFFFFFFFFE
mem[X,0x00000000800010D2] -> 0xB823
mem[X,0x00000000800010D4] -> 0x3AA0
[1169] [M]: 0x00000000800010D2 (0x3AA0B823) sd a0, 0x3b0(ra)
mem[0x00000000800055A8] <- 0xFFFFFFFFFFFFFFFE
mem[X,0x00000000800010D6] -> 0x5537
mem[X,0x00000000800010D8] -> 0x5555
[1170] [M]: 0x00000000800010D6 (0x55555537) lui a0, 0x55555
x10 <- 0x0000000055555000
mem[X,0x00000000800010DA] -> 0x0513
mem[X,0x00000000800010DC] -> 0x5555
[1171] [M]: 0x00000000800010DA (0x55550513) addi a0, a0, 0x555
x10 <- 0x0000000055555555
mem[X,0x00000000800010DE] -> 0x1513
mem[X,0x00000000800010E0] -> 0x00B5
[1172] [M]: 0x00000000800010DE (0x00B51513) slli a0, a0, 0xb
x10 <- 0x000002AAAAAAA800
mem[X,0x00000000800010E2] -> 0x0513
mem[X,0x00000000800010E4] -> 0x2AA5
[1173] [M]: 0x00000000800010E2 (0x2AA50513) addi a0, a0, 0x2aa
x10 <- 0x000002AAAAAAAAAA
mem[X,0x00000000800010E6] -> 0x1513
mem[X,0x00000000800010E8] -> 0x00B5
[1174] [M]: 0x00000000800010E6 (0x00B51513) slli a0, a0, 0xb
x10 <- 0x0015555555555000
mem[X,0x00000000800010EA] -> 0x0513
mem[X,0x00000000800010EC] -> 0x5555
[1175] [M]: 0x00000000800010EA (0x55550513) addi a0, a0, 0x555
x10 <- 0x0015555555555555
mem[X,0x00000000800010EE] -> 0x1513
mem[X,0x00000000800010F0] -> 0x00A5
[1176] [M]: 0x00000000800010EE (0x00A51513) slli a0, a0, 0xa
x10 <- 0x5555555555555400
mem[X,0x00000000800010F2] -> 0x0513
mem[X,0x00000000800010F4] -> 0x1545
[1177] [M]: 0x00000000800010F2 (0x15450513) addi a0, a0, 0x154
x10 <- 0x5555555555555554
mem[X,0x00000000800010F6] -> 0x250D
[1178] [M]: 0x00000000800010F6 (0x250D) c.addiw a0, 0x3
x10 <- 0x0000000055555557
mem[X,0x00000000800010F8] -> 0xBC23
mem[X,0x00000000800010FA] -> 0x3AA0
[1179] [M]: 0x00000000800010F8 (0x3AA0BC23) sd a0, 0x3b8(ra)
mem[0x00000000800055B0] <- 0x0000000055555557
mem[X,0x00000000800010FC] -> 0x5537
mem[X,0x00000000800010FE] -> 0x5555
[1180] [M]: 0x00000000800010FC (0x55555537) lui a0, 0x55555
x10 <- 0x0000000055555000
mem[X,0x0000000080001100] -> 0x0513
mem[X,0x0000000080001102] -> 0x5555
[1181] [M]: 0x0000000080001100 (0x55550513) addi a0, a0, 0x555
x10 <- 0x0000000055555555
mem[X,0x0000000080001104] -> 0x1513
mem[X,0x0000000080001106] -> 0x00B5
[1182] [M]: 0x0000000080001104 (0x00B51513) slli a0, a0, 0xb
x10 <- 0x000002AAAAAAA800
mem[X,0x0000000080001108] -> 0x0513
mem[X,0x000000008000110A] -> 0x2AA5
[1183] [M]: 0x0000000080001108 (0x2AA50513) addi a0, a0, 0x2aa
x10 <- 0x000002AAAAAAAAAA
mem[X,0x000000008000110C] -> 0x1513
mem[X,0x000000008000110E] -> 0x00B5
[1184] [M]: 0x000000008000110C (0x00B51513) slli a0, a0, 0xb
x10 <- 0x0015555555555000
mem[X,0x0000000080001110] -> 0x0513
mem[X,0x0000000080001112] -> 0x5555
[1185] [M]: 0x0000000080001110 (0x55550513) addi a0, a0, 0x555
x10 <- 0x0015555555555555
mem[X,0x0000000080001114] -> 0x1513
mem[X,0x0000000080001116] -> 0x00A5
[1186] [M]: 0x0000000080001114 (0x00A51513) slli a0, a0, 0xa
x10 <- 0x5555555555555400
mem[X,0x0000000080001118] -> 0x0513
mem[X,0x000000008000111A] -> 0x1545
[1187] [M]: 0x0000000080001118 (0x15450513) addi a0, a0, 0x154
x10 <- 0x5555555555555554
mem[X,0x000000008000111C] -> 0x2515
[1188] [M]: 0x000000008000111C (0x2515) c.addiw a0, 0x5
x10 <- 0x0000000055555559
mem[X,0x000000008000111E] -> 0xB023
mem[X,0x0000000080001120] -> 0x3CA0
[1189] [M]: 0x000000008000111E (0x3CA0B023) sd a0, 0x3c0(ra)
mem[0x00000000800055B8] <- 0x0000000055555559
mem[X,0x0000000080001122] -> 0x5537
mem[X,0x0000000080001124] -> 0x5555
[1190] [M]: 0x0000000080001122 (0x55555537) lui a0, 0x55555
x10 <- 0x0000000055555000
mem[X,0x0000000080001126] -> 0x0513
mem[X,0x0000000080001128] -> 0x5555
[1191] [M]: 0x0000000080001126 (0x55550513) addi a0, a0, 0x555
x10 <- 0x0000000055555555
mem[X,0x000000008000112A] -> 0x1513
mem[X,0x000000008000112C] -> 0x00B5
[1192] [M]: 0x000000008000112A (0x00B51513) slli a0, a0, 0xb
x10 <- 0x000002AAAAAAA800
mem[X,0x000000008000112E] -> 0x0513
mem[X,0x0000000080001130] -> 0x2AA5
[1193] [M]: 0x000000008000112E (0x2AA50513) addi a0, a0, 0x2aa
x10 <- 0x000002AAAAAAAAAA
mem[X,0x0000000080001132] -> 0x1513
mem[X,0x0000000080001134] -> 0x00B5
[1194] [M]: 0x0000000080001132 (0x00B51513) slli a0, a0, 0xb
x10 <- 0x0015555555555000
mem[X,0x0000000080001136] -> 0x0513
mem[X,0x0000000080001138] -> 0x5555
[1195] [M]: 0x0000000080001136 (0x55550513) addi a0, a0, 0x555
x10 <- 0x0015555555555555
mem[X,0x000000008000113A] -> 0x1513
mem[X,0x000000008000113C] -> 0x00A5
[1196] [M]: 0x000000008000113A (0x00A51513) slli a0, a0, 0xa
x10 <- 0x5555555555555400
mem[X,0x000000008000113E] -> 0x0513
mem[X,0x0000000080001140] -> 0x1545
[1197] [M]: 0x000000008000113E (0x15450513) addi a0, a0, 0x154
x10 <- 0x5555555555555554
mem[X,0x0000000080001142] -> 0x2529
[1198] [M]: 0x0000000080001142 (0x2529) c.addiw a0, 0xa
x10 <- 0x000000005555555E
mem[X,0x0000000080001144] -> 0xB423
mem[X,0x0000000080001146] -> 0x3CA0
[1199] [M]: 0x0000000080001144 (0x3CA0B423) sd a0, 0x3c8(ra)
mem[0x00000000800055C0] <- 0x000000005555555E
clint::tick mtime <- 0x000000000000000C
 clint timer pending at mtime 0x000000000000000C
htif::tick 0x0000000000000000
mem[X,0x0000000080001148] -> 0x5537
mem[X,0x000000008000114A] -> 0x5555
[1200] [M]: 0x0000000080001148 (0x55555537) lui a0, 0x55555
x10 <- 0x0000000055555000
mem[X,0x000000008000114C] -> 0x0513
mem[X,0x000000008000114E] -> 0x5555
[1201] [M]: 0x000000008000114C (0x55550513) addi a0, a0, 0x555
x10 <- 0x0000000055555555
mem[X,0x0000000080001150] -> 0x1513
mem[X,0x0000000080001152] -> 0x00B5
[1202] [M]: 0x0000000080001150 (0x00B51513) slli a0, a0, 0xb
x10 <- 0x000002AAAAAAA800
mem[X,0x0000000080001154] -> 0x0513
mem[X,0x0000000080001156] -> 0x2AA5
[1203] [M]: 0x0000000080001154 (0x2AA50513) addi a0, a0, 0x2aa
x10 <- 0x000002AAAAAAAAAA
mem[X,0x0000000080001158] -> 0x1513
mem[X,0x000000008000115A] -> 0x00B5
[1204] [M]: 0x0000000080001158 (0x00B51513) slli a0, a0, 0xb
x10 <- 0x0015555555555000
mem[X,0x000000008000115C] -> 0x0513
mem[X,0x000000008000115E] -> 0x5555
[1205] [M]: 0x000000008000115C (0x55550513) addi a0, a0, 0x555
x10 <- 0x0015555555555555
mem[X,0x0000000080001160] -> 0x1513
mem[X,0x0000000080001162] -> 0x00A5
[1206] [M]: 0x0000000080001160 (0x00A51513) slli a0, a0, 0xa
x10 <- 0x5555555555555400
mem[X,0x0000000080001164] -> 0x0513
mem[X,0x0000000080001166] -> 0x1545
[1207] [M]: 0x0000000080001164 (0x15450513) addi a0, a0, 0x154
x10 <- 0x5555555555555554
mem[X,0x0000000080001168] -> 0x2519
[1208] [M]: 0x0000000080001168 (0x2519) c.addiw a0, 0x6
x10 <- 0x000000005555555A
mem[X,0x000000008000116A] -> 0xB823
mem[X,0x000000008000116C] -> 0x3CA0
[1209] [M]: 0x000000008000116A (0x3CA0B823) sd a0, 0x3d0(ra)
mem[0x00000000800055C8] <- 0x000000005555555A
mem[X,0x000000008000116E] -> 0x5537
mem[X,0x0000000080001170] -> 0x5555
[1210] [M]: 0x000000008000116E (0x55555537) lui a0, 0x55555
x10 <- 0x0000000055555000
mem[X,0x0000000080001172] -> 0x0513
mem[X,0x0000000080001174] -> 0x5555
[1211] [M]: 0x0000000080001172 (0x55550513) addi a0, a0, 0x555
x10 <- 0x0000000055555555
mem[X,0x0000000080001176] -> 0x1513
mem[X,0x0000000080001178] -> 0x00B5
[1212] [M]: 0x0000000080001176 (0x00B51513) slli a0, a0, 0xb
x10 <- 0x000002AAAAAAA800
mem[X,0x000000008000117A] -> 0x0513
mem[X,0x000000008000117C] -> 0x2AA5
[1213] [M]: 0x000000008000117A (0x2AA50513) addi a0, a0, 0x2aa
x10 <- 0x000002AAAAAAAAAA
mem[X,0x000000008000117E] -> 0x1513
mem[X,0x0000000080001180] -> 0x00B5
[1214] [M]: 0x000000008000117E (0x00B51513) slli a0, a0, 0xb
x10 <- 0x0015555555555000
mem[X,0x0000000080001182] -> 0x0513
mem[X,0x0000000080001184] -> 0x5555
[1215] [M]: 0x0000000080001182 (0x55550513) addi a0, a0, 0x555
x10 <- 0x0015555555555555
mem[X,0x0000000080001186] -> 0x1513
mem[X,0x0000000080001188] -> 0x00A5
[1216] [M]: 0x0000000080001186 (0x00A51513) slli a0, a0, 0xa
x10 <- 0x5555555555555400
mem[X,0x000000008000118A] -> 0x0513
mem[X,0x000000008000118C] -> 0x1545
[1217] [M]: 0x000000008000118A (0x15450513) addi a0, a0, 0x154
x10 <- 0x5555555555555554
mem[X,0x000000008000118E] -> 0x3579
[1218] [M]: 0x000000008000118E (0x3579) c.addiw a0, -0x2
x10 <- 0x0000000055555552
mem[X,0x0000000080001190] -> 0xBC23
mem[X,0x0000000080001192] -> 0x3CA0
[1219] [M]: 0x0000000080001190 (0x3CA0BC23) sd a0, 0x3d8(ra)
mem[0x00000000800055D0] <- 0x0000000055555552
mem[X,0x0000000080001194] -> 0x5537
mem[X,0x0000000080001196] -> 0x5555
[1220] [M]: 0x0000000080001194 (0x55555537) lui a0, 0x55555
x10 <- 0x0000000055555000
mem[X,0x0000000080001198] -> 0x0513
mem[X,0x000000008000119A] -> 0x5555
[1221] [M]: 0x0000000080001198 (0x55550513) addi a0, a0, 0x555
x10 <- 0x0000000055555555
mem[X,0x000000008000119C] -> 0x1513
mem[X,0x000000008000119E] -> 0x00B5
[1222] [M]: 0x000000008000119C (0x00B51513) slli a0, a0, 0xb
x10 <- 0x000002AAAAAAA800
mem[X,0x00000000800011A0] -> 0x0513
mem[X,0x00000000800011A2] -> 0x2AA5
[1223] [M]: 0x00000000800011A0 (0x2AA50513) addi a0, a0, 0x2aa
x10 <- 0x000002AAAAAAAAAA
mem[X,0x00000000800011A4] -> 0x1513
mem[X,0x00000000800011A6] -> 0x00B5
[1224] [M]: 0x00000000800011A4 (0x00B51513) slli a0, a0, 0xb
x10 <- 0x0015555555555000
mem[X,0x00000000800011A8] -> 0x0513
mem[X,0x00000000800011AA] -> 0x5555
[1225] [M]: 0x00000000800011A8 (0x55550513) addi a0, a0, 0x555
x10 <- 0x0015555555555555
mem[X,0x00000000800011AC] -> 0x1513
mem[X,0x00000000800011AE] -> 0x00A5
[1226] [M]: 0x00000000800011AC (0x00A51513) slli a0, a0, 0xa
x10 <- 0x5555555555555400
mem[X,0x00000000800011B0] -> 0x0513
mem[X,0x00000000800011B2] -> 0x1545
[1227] [M]: 0x00000000800011B0 (0x15450513) addi a0, a0, 0x154
x10 <- 0x5555555555555554
mem[X,0x00000000800011B4] -> 0x356D
[1228] [M]: 0x00000000800011B4 (0x356D) c.addiw a0, -0x5
x10 <- 0x000000005555554F
mem[X,0x00000000800011B6] -> 0xB023
mem[X,0x00000000800011B8] -> 0x3EA0
[1229] [M]: 0x00000000800011B6 (0x3EA0B023) sd a0, 0x3e0(ra)
mem[0x00000000800055D8] <- 0x000000005555554F
mem[X,0x00000000800011BA] -> 0x5537
mem[X,0x00000000800011BC] -> 0x5555
[1230] [M]: 0x00000000800011BA (0x55555537) lui a0, 0x55555
x10 <- 0x0000000055555000
mem[X,0x00000000800011BE] -> 0x0513
mem[X,0x00000000800011C0] -> 0x5555
[1231] [M]: 0x00000000800011BE (0x55550513) addi a0, a0, 0x555
x10 <- 0x0000000055555555
mem[X,0x00000000800011C2] -> 0x1513
mem[X,0x00000000800011C4] -> 0x00B5
[1232] [M]: 0x00000000800011C2 (0x00B51513) slli a0, a0, 0xb
x10 <- 0x000002AAAAAAA800
mem[X,0x00000000800011C6] -> 0x0513
mem[X,0x00000000800011C8] -> 0x2AA5
[1233] [M]: 0x00000000800011C6 (0x2AA50513) addi a0, a0, 0x2aa
x10 <- 0x000002AAAAAAAAAA
mem[X,0x00000000800011CA] -> 0x1513
mem[X,0x00000000800011CC] -> 0x00B5
[1234] [M]: 0x00000000800011CA (0x00B51513) slli a0, a0, 0xb
x10 <- 0x0015555555555000
mem[X,0x00000000800011CE] -> 0x0513
mem[X,0x00000000800011D0] -> 0x5555
[1235] [M]: 0x00000000800011CE (0x55550513) addi a0, a0, 0x555
x10 <- 0x0015555555555555
mem[X,0x00000000800011D2] -> 0x1513
mem[X,0x00000000800011D4] -> 0x00A5
[1236] [M]: 0x00000000800011D2 (0x00A51513) slli a0, a0, 0xa
x10 <- 0x5555555555555400
mem[X,0x00000000800011D6] -> 0x0513
mem[X,0x00000000800011D8] -> 0x1545
[1237] [M]: 0x00000000800011D6 (0x15450513) addi a0, a0, 0x154
x10 <- 0x5555555555555554
mem[X,0x00000000800011DA] -> 0x2509
[1238] [M]: 0x00000000800011DA (0x2509) c.addiw a0, 0x2
x10 <- 0x0000000055555556
mem[X,0x00000000800011DC] -> 0xB423
mem[X,0x00000000800011DE] -> 0x3EA0
[1239] [M]: 0x00000000800011DC (0x3EA0B423) sd a0, 0x3e8(ra)
mem[0x00000000800055E0] <- 0x0000000055555556
mem[X,0x00000000800011E0] -> 0x5537
mem[X,0x00000000800011E2] -> 0x5555
[1240] [M]: 0x00000000800011E0 (0x55555537) lui a0, 0x55555
x10 <- 0x0000000055555000
mem[X,0x00000000800011E4] -> 0x0513
mem[X,0x00000000800011E6] -> 0x5555
[1241] [M]: 0x00000000800011E4 (0x55550513) addi a0, a0, 0x555
x10 <- 0x0000000055555555
mem[X,0x00000000800011E8] -> 0x1513
mem[X,0x00000000800011EA] -> 0x00B5
[1242] [M]: 0x00000000800011E8 (0x00B51513) slli a0, a0, 0xb
x10 <- 0x000002AAAAAAA800
mem[X,0x00000000800011EC] -> 0x0513
mem[X,0x00000000800011EE] -> 0x2AA5
[1243] [M]: 0x00000000800011EC (0x2AA50513) addi a0, a0, 0x2aa
x10 <- 0x000002AAAAAAAAAA
mem[X,0x00000000800011F0] -> 0x1513
mem[X,0x00000000800011F2] -> 0x00B5
[1244] [M]: 0x00000000800011F0 (0x00B51513) slli a0, a0, 0xb
x10 <- 0x0015555555555000
mem[X,0x00000000800011F4] -> 0x0513
mem[X,0x00000000800011F6] -> 0x5555
[1245] [M]: 0x00000000800011F4 (0x55550513) addi a0, a0, 0x555
x10 <- 0x0015555555555555
mem[X,0x00000000800011F8] -> 0x1513
mem[X,0x00000000800011FA] -> 0x00A5
[1246] [M]: 0x00000000800011F8 (0x00A51513) slli a0, a0, 0xa
x10 <- 0x5555555555555400
mem[X,0x00000000800011FC] -> 0x0513
mem[X,0x00000000800011FE] -> 0x1545
[1247] [M]: 0x00000000800011FC (0x15450513) addi a0, a0, 0x154
x10 <- 0x5555555555555554
mem[X,0x0000000080001200] -> 0x2511
[1248] [M]: 0x0000000080001200 (0x2511) c.addiw a0, 0x4
x10 <- 0x0000000055555558
mem[X,0x0000000080001202] -> 0xB823
mem[X,0x0000000080001204] -> 0x3EA0
[1249] [M]: 0x0000000080001202 (0x3EA0B823) sd a0, 0x3f0(ra)
mem[0x00000000800055E8] <- 0x0000000055555558
mem[X,0x0000000080001206] -> 0x5537
mem[X,0x0000000080001208] -> 0x5555
[1250] [M]: 0x0000000080001206 (0x55555537) lui a0, 0x55555
x10 <- 0x0000000055555000
mem[X,0x000000008000120A] -> 0x0513
mem[X,0x000000008000120C] -> 0x5555
[1251] [M]: 0x000000008000120A (0x55550513) addi a0, a0, 0x555
x10 <- 0x0000000055555555
mem[X,0x000000008000120E] -> 0x1513
mem[X,0x0000000080001210] -> 0x00B5
[1252] [M]: 0x000000008000120E (0x00B51513) slli a0, a0, 0xb
x10 <- 0x000002AAAAAAA800
mem[X,0x0000000080001212] -> 0x0513
mem[X,0x0000000080001214] -> 0x2AA5
[1253] [M]: 0x0000000080001212 (0x2AA50513) addi a0, a0, 0x2aa
x10 <- 0x000002AAAAAAAAAA
mem[X,0x0000000080001216] -> 0x1513
mem[X,0x0000000080001218] -> 0x00B5
[1254] [M]: 0x0000000080001216 (0x00B51513) slli a0, a0, 0xb
x10 <- 0x0015555555555000
mem[X,0x000000008000121A] -> 0x0513
mem[X,0x000000008000121C] -> 0x5555
[1255] [M]: 0x000000008000121A (0x55550513) addi a0, a0, 0x555
x10 <- 0x0015555555555555
mem[X,0x000000008000121E] -> 0x1513
mem[X,0x0000000080001220] -> 0x00A5
[1256] [M]: 0x000000008000121E (0x00A51513) slli a0, a0, 0xa
x10 <- 0x5555555555555400
mem[X,0x0000000080001222] -> 0x0513
mem[X,0x0000000080001224] -> 0x1545
[1257] [M]: 0x0000000080001222 (0x15450513) addi a0, a0, 0x154
x10 <- 0x5555555555555554
mem[X,0x0000000080001226] -> 0x2525
[1258] [M]: 0x0000000080001226 (0x2525) c.addiw a0, 0x9
x10 <- 0x000000005555555D
mem[X,0x0000000080001228] -> 0xBC23
mem[X,0x000000008000122A] -> 0x3EA0
[1259] [M]: 0x0000000080001228 (0x3EA0BC23) sd a0, 0x3f8(ra)
mem[0x00000000800055F0] <- 0x000000005555555D
mem[X,0x000000008000122C] -> 0x5537
mem[X,0x000000008000122E] -> 0x5555
[1260] [M]: 0x000000008000122C (0x55555537) lui a0, 0x55555
x10 <- 0x0000000055555000
mem[X,0x0000000080001230] -> 0x0513
mem[X,0x0000000080001232] -> 0x5555
[1261] [M]: 0x0000000080001230 (0x55550513) addi a0, a0, 0x555
x10 <- 0x0000000055555555
mem[X,0x0000000080001234] -> 0x1513
mem[X,0x0000000080001236] -> 0x00B5
[1262] [M]: 0x0000000080001234 (0x00B51513) slli a0, a0, 0xb
x10 <- 0x000002AAAAAAA800
mem[X,0x0000000080001238] -> 0x0513
mem[X,0x000000008000123A] -> 0x2AA5
[1263] [M]: 0x0000000080001238 (0x2AA50513) addi a0, a0, 0x2aa
x10 <- 0x000002AAAAAAAAAA
mem[X,0x000000008000123C] -> 0x1513
mem[X,0x000000008000123E] -> 0x00B5
[1264] [M]: 0x000000008000123C (0x00B51513) slli a0, a0, 0xb
x10 <- 0x0015555555555000
mem[X,0x0000000080001240] -> 0x0513
mem[X,0x0000000080001242] -> 0x5555
[1265] [M]: 0x0000000080001240 (0x55550513) addi a0, a0, 0x555
x10 <- 0x0015555555555555
mem[X,0x0000000080001244] -> 0x1513
mem[X,0x0000000080001246] -> 0x00A5
[1266] [M]: 0x0000000080001244 (0x00A51513) slli a0, a0, 0xa
x10 <- 0x5555555555555400
mem[X,0x0000000080001248] -> 0x0513
mem[X,0x000000008000124A] -> 0x1545
[1267] [M]: 0x0000000080001248 (0x15450513) addi a0, a0, 0x154
x10 <- 0x5555555555555554
mem[X,0x000000008000124C] -> 0x2501
[1268] [M]: 0x000000008000124C (0x2501) c.addiw a0, 0x0
x10 <- 0x0000000055555554
mem[X,0x000000008000124E] -> 0xB023
mem[X,0x0000000080001250] -> 0x40A0
[1269] [M]: 0x000000008000124E (0x40A0B023) sd a0, 0x400(ra)
mem[0x00000000800055F8] <- 0x0000000055555554
mem[X,0x0000000080001252] -> 0x5537
mem[X,0x0000000080001254] -> 0x5555
[1270] [M]: 0x0000000080001252 (0x55555537) lui a0, 0x55555
x10 <- 0x0000000055555000
mem[X,0x0000000080001256] -> 0x0513
mem[X,0x0000000080001258] -> 0x5555
[1271] [M]: 0x0000000080001256 (0x55550513) addi a0, a0, 0x555
x10 <- 0x0000000055555555
mem[X,0x000000008000125A] -> 0x1513
mem[X,0x000000008000125C] -> 0x00B5
[1272] [M]: 0x000000008000125A (0x00B51513) slli a0, a0, 0xb
x10 <- 0x000002AAAAAAA800
mem[X,0x000000008000125E] -> 0x0513
mem[X,0x0000000080001260] -> 0x2AA5
[1273] [M]: 0x000000008000125E (0x2AA50513) addi a0, a0, 0x2aa
x10 <- 0x000002AAAAAAAAAA
mem[X,0x0000000080001262] -> 0x1513
mem[X,0x0000000080001264] -> 0x00B5
[1274] [M]: 0x0000000080001262 (0x00B51513) slli a0, a0, 0xb
x10 <- 0x0015555555555000
mem[X,0x0000000080001266] -> 0x0513
mem[X,0x0000000080001268] -> 0x5555
[1275] [M]: 0x0000000080001266 (0x55550513) addi a0, a0, 0x555
x10 <- 0x0015555555555555
mem[X,0x000000008000126A] -> 0x1513
mem[X,0x000000008000126C] -> 0x00A5
[1276] [M]: 0x000000008000126A (0x00A51513) slli a0, a0, 0xa
x10 <- 0x5555555555555400
mem[X,0x000000008000126E] -> 0x0513
mem[X,0x0000000080001270] -> 0x1545
[1277] [M]: 0x000000008000126E (0x15450513) addi a0, a0, 0x154
x10 <- 0x5555555555555554
mem[X,0x0000000080001272] -> 0x252D
[1278] [M]: 0x0000000080001272 (0x252D) c.addiw a0, 0xb
x10 <- 0x000000005555555F
mem[X,0x0000000080001274] -> 0xB423
mem[X,0x0000000080001276] -> 0x40A0
[1279] [M]: 0x0000000080001274 (0x40A0B423) sd a0, 0x408(ra)
mem[0x0000000080005600] <- 0x000000005555555F
mem[X,0x0000000080001278] -> 0x5537
mem[X,0x000000008000127A] -> 0x5555
[1280] [M]: 0x0000000080001278 (0x55555537) lui a0, 0x55555
x10 <- 0x0000000055555000
mem[X,0x000000008000127C] -> 0x0513
mem[X,0x000000008000127E] -> 0x5555
[1281] [M]: 0x000000008000127C (0x55550513) addi a0, a0, 0x555
x10 <- 0x0000000055555555
mem[X,0x0000000080001280] -> 0x1513
mem[X,0x0000000080001282] -> 0x00B5
[1282] [M]: 0x0000000080001280 (0x00B51513) slli a0, a0, 0xb
x10 <- 0x000002AAAAAAA800
mem[X,0x0000000080001284] -> 0x0513
mem[X,0x0000000080001286] -> 0x2AA5
[1283] [M]: 0x0000000080001284 (0x2AA50513) addi a0, a0, 0x2aa
x10 <- 0x000002AAAAAAAAAA
mem[X,0x0000000080001288] -> 0x1513
mem[X,0x000000008000128A] -> 0x00B5
[1284] [M]: 0x0000000080001288 (0x00B51513) slli a0, a0, 0xb
x10 <- 0x0015555555555000
mem[X,0x000000008000128C] -> 0x0513
mem[X,0x000000008000128E] -> 0x5555
[1285] [M]: 0x000000008000128C (0x55550513) addi a0, a0, 0x555
x10 <- 0x0015555555555555
mem[X,0x0000000080001290] -> 0x1513
mem[X,0x0000000080001292] -> 0x00A5
[1286] [M]: 0x0000000080001290 (0x00A51513) slli a0, a0, 0xa
x10 <- 0x5555555555555400
mem[X,0x0000000080001294] -> 0x0513
mem[X,0x0000000080001296] -> 0x1545
[1287] [M]: 0x0000000080001294 (0x15450513) addi a0, a0, 0x154
x10 <- 0x5555555555555554
mem[X,0x0000000080001298] -> 0x251D
[1288] [M]: 0x0000000080001298 (0x251D) c.addiw a0, 0x7
x10 <- 0x000000005555555B
mem[X,0x000000008000129A] -> 0xB823
mem[X,0x000000008000129C] -> 0x40A0
[1289] [M]: 0x000000008000129A (0x40A0B823) sd a0, 0x410(ra)
mem[0x0000000080005608] <- 0x000000005555555B
mem[X,0x000000008000129E] -> 0x5537
mem[X,0x00000000800012A0] -> 0x5555
[1290] [M]: 0x000000008000129E (0x55555537) lui a0, 0x55555
x10 <- 0x0000000055555000
mem[X,0x00000000800012A2] -> 0x0513
mem[X,0x00000000800012A4] -> 0x5555
[1291] [M]: 0x00000000800012A2 (0x55550513) addi a0, a0, 0x555
x10 <- 0x0000000055555555
mem[X,0x00000000800012A6] -> 0x1513
mem[X,0x00000000800012A8] -> 0x00B5
[1292] [M]: 0x00000000800012A6 (0x00B51513) slli a0, a0, 0xb
x10 <- 0x000002AAAAAAA800
mem[X,0x00000000800012AA] -> 0x0513
mem[X,0x00000000800012AC] -> 0x2AA5
[1293] [M]: 0x00000000800012AA (0x2AA50513) addi a0, a0, 0x2aa
x10 <- 0x000002AAAAAAAAAA
mem[X,0x00000000800012AE] -> 0x1513
mem[X,0x00000000800012B0] -> 0x00B5
[1294] [M]: 0x00000000800012AE (0x00B51513) slli a0, a0, 0xb
x10 <- 0x0015555555555000
mem[X,0x00000000800012B2] -> 0x0513
mem[X,0x00000000800012B4] -> 0x5555
[1295] [M]: 0x00000000800012B2 (0x55550513) addi a0, a0, 0x555
x10 <- 0x0015555555555555
mem[X,0x00000000800012B6] -> 0x1513
mem[X,0x00000000800012B8] -> 0x00A5
[1296] [M]: 0x00000000800012B6 (0x00A51513) slli a0, a0, 0xa
x10 <- 0x5555555555555400
mem[X,0x00000000800012BA] -> 0x0513
mem[X,0x00000000800012BC] -> 0x1545
[1297] [M]: 0x00000000800012BA (0x15450513) addi a0, a0, 0x154
x10 <- 0x5555555555555554
mem[X,0x00000000800012BE] -> 0x357D
[1298] [M]: 0x00000000800012BE (0x357D) c.addiw a0, -0x1
x10 <- 0x0000000055555553
mem[X,0x00000000800012C0] -> 0xBC23
mem[X,0x00000000800012C2] -> 0x40A0
[1299] [M]: 0x00000000800012C0 (0x40A0BC23) sd a0, 0x418(ra)
mem[0x0000000080005610] <- 0x0000000055555553
clint::tick mtime <- 0x000000000000000D
 clint timer pending at mtime 0x000000000000000D
htif::tick 0x0000000000000000
mem[X,0x00000000800012C4] -> 0x5537
mem[X,0x00000000800012C6] -> 0x5555
[1300] [M]: 0x00000000800012C4 (0x55555537) lui a0, 0x55555
x10 <- 0x0000000055555000
mem[X,0x00000000800012C8] -> 0x0513
mem[X,0x00000000800012CA] -> 0x5555
[1301] [M]: 0x00000000800012C8 (0x55550513) addi a0, a0, 0x555
x10 <- 0x0000000055555555
mem[X,0x00000000800012CC] -> 0x1513
mem[X,0x00000000800012CE] -> 0x00B5
[1302] [M]: 0x00000000800012CC (0x00B51513) slli a0, a0, 0xb
x10 <- 0x000002AAAAAAA800
mem[X,0x00000000800012D0] -> 0x0513
mem[X,0x00000000800012D2] -> 0x2AA5
[1303] [M]: 0x00000000800012D0 (0x2AA50513) addi a0, a0, 0x2aa
x10 <- 0x000002AAAAAAAAAA
mem[X,0x00000000800012D4] -> 0x1513
mem[X,0x00000000800012D6] -> 0x00B5
[1304] [M]: 0x00000000800012D4 (0x00B51513) slli a0, a0, 0xb
x10 <- 0x0015555555555000
mem[X,0x00000000800012D8] -> 0x0513
mem[X,0x00000000800012DA] -> 0x5555
[1305] [M]: 0x00000000800012D8 (0x55550513) addi a0, a0, 0x555
x10 <- 0x0015555555555555
mem[X,0x00000000800012DC] -> 0x1513
mem[X,0x00000000800012DE] -> 0x00A5
[1306] [M]: 0x00000000800012DC (0x00A51513) slli a0, a0, 0xa
x10 <- 0x5555555555555400
mem[X,0x00000000800012E0] -> 0x0513
mem[X,0x00000000800012E2] -> 0x1545
[1307] [M]: 0x00000000800012E0 (0x15450513) addi a0, a0, 0x154
x10 <- 0x5555555555555554
mem[X,0x00000000800012E4] -> 0x3571
[1308] [M]: 0x00000000800012E4 (0x3571) c.addiw a0, -0x4
x10 <- 0x0000000055555550
mem[X,0x00000000800012E6] -> 0xB023
mem[X,0x00000000800012E8] -> 0x42A0
[1309] [M]: 0x00000000800012E6 (0x42A0B023) sd a0, 0x420(ra)
mem[0x0000000080005618] <- 0x0000000055555550
mem[X,0x00000000800012EA] -> 0x0513
mem[X,0x00000000800012EC] -> 0x0000
[1310] [M]: 0x00000000800012EA (0x00000513) addi a0, zero, 0x0
x10 <- 0x0000000000000000
mem[X,0x00000000800012EE] -> 0x250D
[1311] [M]: 0x00000000800012EE (0x250D) c.addiw a0, 0x3
x10 <- 0x0000000000000003
mem[X,0x00000000800012F0] -> 0xB423
mem[X,0x00000000800012F2] -> 0x42A0
[1312] [M]: 0x00000000800012F0 (0x42A0B423) sd a0, 0x428(ra)
mem[0x0000000080005620] <- 0x0000000000000003
mem[X,0x00000000800012F4] -> 0x0513
mem[X,0x00000000800012F6] -> 0x0000
[1313] [M]: 0x00000000800012F4 (0x00000513) addi a0, zero, 0x0
x10 <- 0x0000000000000000
mem[X,0x00000000800012F8] -> 0x2515
[1314] [M]: 0x00000000800012F8 (0x2515) c.addiw a0, 0x5
x10 <- 0x0000000000000005
mem[X,0x00000000800012FA] -> 0xB823
mem[X,0x00000000800012FC] -> 0x42A0
[1315] [M]: 0x00000000800012FA (0x42A0B823) sd a0, 0x430(ra)
mem[0x0000000080005628] <- 0x0000000000000005
mem[X,0x00000000800012FE] -> 0x0513
mem[X,0x0000000080001300] -> 0x0000
[1316] [M]: 0x00000000800012FE (0x00000513) addi a0, zero, 0x0
x10 <- 0x0000000000000000
mem[X,0x0000000080001302] -> 0x2529
[1317] [M]: 0x0000000080001302 (0x2529) c.addiw a0, 0xa
x10 <- 0x000000000000000A
mem[X,0x0000000080001304] -> 0xBC23
mem[X,0x0000000080001306] -> 0x42A0
[1318] [M]: 0x0000000080001304 (0x42A0BC23) sd a0, 0x438(ra)
mem[0x0000000080005630] <- 0x000000000000000A
mem[X,0x0000000080001308] -> 0x0513
mem[X,0x000000008000130A] -> 0x0000
[1319] [M]: 0x0000000080001308 (0x00000513) addi a0, zero, 0x0
x10 <- 0x0000000000000000
mem[X,0x000000008000130C] -> 0x2519
[1320] [M]: 0x000000008000130C (0x2519) c.addiw a0, 0x6
x10 <- 0x0000000000000006
mem[X,0x000000008000130E] -> 0xB023
mem[X,0x0000000080001310] -> 0x44A0
[1321] [M]: 0x000000008000130E (0x44A0B023) sd a0, 0x440(ra)
mem[0x0000000080005638] <- 0x0000000000000006
mem[X,0x0000000080001312] -> 0x0513
mem[X,0x0000000080001314] -> 0x0000
[1322] [M]: 0x0000000080001312 (0x00000513) addi a0, zero, 0x0
x10 <- 0x0000000000000000
mem[X,0x0000000080001316] -> 0x3579
[1323] [M]: 0x0000000080001316 (0x3579) c.addiw a0, -0x2
x10 <- 0xFFFFFFFFFFFFFFFE
mem[X,0x0000000080001318] -> 0xB423
mem[X,0x000000008000131A] -> 0x44A0
[1324] [M]: 0x0000000080001318 (0x44A0B423) sd a0, 0x448(ra)
mem[0x0000000080005640] <- 0xFFFFFFFFFFFFFFFE
mem[X,0x000000008000131C] -> 0x0513
mem[X,0x000000008000131E] -> 0x0000
[1325] [M]: 0x000000008000131C (0x00000513) addi a0, zero, 0x0
x10 <- 0x0000000000000000
mem[X,0x0000000080001320] -> 0x356D
[1326] [M]: 0x0000000080001320 (0x356D) c.addiw a0, -0x5
x10 <- 0xFFFFFFFFFFFFFFFB
mem[X,0x0000000080001322] -> 0xB823
mem[X,0x0000000080001324] -> 0x44A0
[1327] [M]: 0x0000000080001322 (0x44A0B823) sd a0, 0x450(ra)
mem[0x0000000080005648] <- 0xFFFFFFFFFFFFFFFB
mem[X,0x0000000080001326] -> 0x0513
mem[X,0x0000000080001328] -> 0x0000
[1328] [M]: 0x0000000080001326 (0x00000513) addi a0, zero, 0x0
x10 <- 0x0000000000000000
mem[X,0x000000008000132A] -> 0x2509
[1329] [M]: 0x000000008000132A (0x2509) c.addiw a0, 0x2
x10 <- 0x0000000000000002
mem[X,0x000000008000132C] -> 0xBC23
mem[X,0x000000008000132E] -> 0x44A0
[1330] [M]: 0x000000008000132C (0x44A0BC23) sd a0, 0x458(ra)
mem[0x0000000080005650] <- 0x0000000000000002
mem[X,0x0000000080001330] -> 0x0513
mem[X,0x0000000080001332] -> 0x0000
[1331] [M]: 0x0000000080001330 (0x00000513) addi a0, zero, 0x0
x10 <- 0x0000000000000000
mem[X,0x0000000080001334] -> 0x2525
[1332] [M]: 0x0000000080001334 (0x2525) c.addiw a0, 0x9
x10 <- 0x0000000000000009
mem[X,0x0000000080001336] -> 0xB023
mem[X,0x0000000080001338] -> 0x46A0
[1333] [M]: 0x0000000080001336 (0x46A0B023) sd a0, 0x460(ra)
mem[0x0000000080005658] <- 0x0000000000000009
mem[X,0x000000008000133A] -> 0x0513
mem[X,0x000000008000133C] -> 0x0000
[1334] [M]: 0x000000008000133A (0x00000513) addi a0, zero, 0x0
x10 <- 0x0000000000000000
mem[X,0x000000008000133E] -> 0x2501
[1335] [M]: 0x000000008000133E (0x2501) c.addiw a0, 0x0
x10 <- 0x0000000000000000
mem[X,0x0000000080001340] -> 0xB423
mem[X,0x0000000080001342] -> 0x46A0
[1336] [M]: 0x0000000080001340 (0x46A0B423) sd a0, 0x468(ra)
mem[0x0000000080005660] <- 0x0000000000000000
mem[X,0x0000000080001344] -> 0x0513
mem[X,0x0000000080001346] -> 0x0000
[1337] [M]: 0x0000000080001344 (0x00000513) addi a0, zero, 0x0
x10 <- 0x0000000000000000
mem[X,0x0000000080001348] -> 0x252D
[1338] [M]: 0x0000000080001348 (0x252D) c.addiw a0, 0xb
x10 <- 0x000000000000000B
mem[X,0x000000008000134A] -> 0xB823
mem[X,0x000000008000134C] -> 0x46A0
[1339] [M]: 0x000000008000134A (0x46A0B823) sd a0, 0x470(ra)
mem[0x0000000080005668] <- 0x000000000000000B
mem[X,0x000000008000134E] -> 0x0513
mem[X,0x0000000080001350] -> 0x0000
[1340] [M]: 0x000000008000134E (0x00000513) addi a0, zero, 0x0
x10 <- 0x0000000000000000
mem[X,0x0000000080001352] -> 0x251D
[1341] [M]: 0x0000000080001352 (0x251D) c.addiw a0, 0x7
x10 <- 0x0000000000000007
mem[X,0x0000000080001354] -> 0xBC23
mem[X,0x0000000080001356] -> 0x46A0
[1342] [M]: 0x0000000080001354 (0x46A0BC23) sd a0, 0x478(ra)
mem[0x0000000080005670] <- 0x0000000000000007
mem[X,0x0000000080001358] -> 0x0513
mem[X,0x000000008000135A] -> 0x0000
[1343] [M]: 0x0000000080001358 (0x00000513) addi a0, zero, 0x0
x10 <- 0x0000000000000000
mem[X,0x000000008000135C] -> 0x357D
[1344] [M]: 0x000000008000135C (0x357D) c.addiw a0, -0x1
x10 <- 0xFFFFFFFFFFFFFFFF
mem[X,0x000000008000135E] -> 0xB023
mem[X,0x0000000080001360] -> 0x48A0
[1345] [M]: 0x000000008000135E (0x48A0B023) sd a0, 0x480(ra)
mem[0x0000000080005678] <- 0xFFFFFFFFFFFFFFFF
mem[X,0x0000000080001362] -> 0x0513
mem[X,0x0000000080001364] -> 0x0000
[1346] [M]: 0x0000000080001362 (0x00000513) addi a0, zero, 0x0
x10 <- 0x0000000000000000
mem[X,0x0000000080001366] -> 0x3571
[1347] [M]: 0x0000000080001366 (0x3571) c.addiw a0, -0x4
x10 <- 0xFFFFFFFFFFFFFFFC
mem[X,0x0000000080001368] -> 0xB423
mem[X,0x000000008000136A] -> 0x48A0
[1348] [M]: 0x0000000080001368 (0x48A0B423) sd a0, 0x488(ra)
mem[0x0000000080005680] <- 0xFFFFFFFFFFFFFFFC
mem[X,0x000000008000136C] -> 0x0513
mem[X,0x000000008000136E] -> 0x0040
[1349] [M]: 0x000000008000136C (0x00400513) addi a0, zero, 0x4
x10 <- 0x0000000000000004
mem[X,0x0000000080001370] -> 0x250D
[1350] [M]: 0x0000000080001370 (0x250D) c.addiw a0, 0x3
x10 <- 0x0000000000000007
mem[X,0x0000000080001372] -> 0xB823
mem[X,0x0000000080001374] -> 0x48A0
[1351] [M]: 0x0000000080001372 (0x48A0B823) sd a0, 0x490(ra)
mem[0x0000000080005688] <- 0x0000000000000007
mem[X,0x0000000080001376] -> 0x0513
mem[X,0x0000000080001378] -> 0x0040
[1352] [M]: 0x0000000080001376 (0x00400513) addi a0, zero, 0x4
x10 <- 0x0000000000000004
mem[X,0x000000008000137A] -> 0x2515
[1353] [M]: 0x000000008000137A (0x2515) c.addiw a0, 0x5
x10 <- 0x0000000000000009
mem[X,0x000000008000137C] -> 0xBC23
mem[X,0x000000008000137E] -> 0x48A0
[1354] [M]: 0x000000008000137C (0x48A0BC23) sd a0, 0x498(ra)
mem[0x0000000080005690] <- 0x0000000000000009
mem[X,0x0000000080001380] -> 0x0513
mem[X,0x0000000080001382] -> 0x0040
[1355] [M]: 0x0000000080001380 (0x00400513) addi a0, zero, 0x4
x10 <- 0x0000000000000004
mem[X,0x0000000080001384] -> 0x2529
[1356] [M]: 0x0000000080001384 (0x2529) c.addiw a0, 0xa
x10 <- 0x000000000000000E
mem[X,0x0000000080001386] -> 0xB023
mem[X,0x0000000080001388] -> 0x4AA0
[1357] [M]: 0x0000000080001386 (0x4AA0B023) sd a0, 0x4a0(ra)
mem[0x0000000080005698] <- 0x000000000000000E
mem[X,0x000000008000138A] -> 0x0513
mem[X,0x000000008000138C] -> 0x0040
[1358] [M]: 0x000000008000138A (0x00400513) addi a0, zero, 0x4
x10 <- 0x0000000000000004
mem[X,0x000000008000138E] -> 0x2519
[1359] [M]: 0x000000008000138E (0x2519) c.addiw a0, 0x6
x10 <- 0x000000000000000A
mem[X,0x0000000080001390] -> 0xB423
mem[X,0x0000000080001392] -> 0x4AA0
[1360] [M]: 0x0000000080001390 (0x4AA0B423) sd a0, 0x4a8(ra)
mem[0x00000000800056A0] <- 0x000000000000000A
mem[X,0x0000000080001394] -> 0x0513
mem[X,0x0000000080001396] -> 0x0040
[1361] [M]: 0x0000000080001394 (0x00400513) addi a0, zero, 0x4
x10 <- 0x0000000000000004
mem[X,0x0000000080001398] -> 0x3579
[1362] [M]: 0x0000000080001398 (0x3579) c.addiw a0, -0x2
x10 <- 0x0000000000000002
mem[X,0x000000008000139A] -> 0xB823
mem[X,0x000000008000139C] -> 0x4AA0
[1363] [M]: 0x000000008000139A (0x4AA0B823) sd a0, 0x4b0(ra)
mem[0x00000000800056A8] <- 0x0000000000000002
mem[X,0x000000008000139E] -> 0x0513
mem[X,0x00000000800013A0] -> 0x0040
[1364] [M]: 0x000000008000139E (0x00400513) addi a0, zero, 0x4
x10 <- 0x0000000000000004
mem[X,0x00000000800013A2] -> 0x356D
[1365] [M]: 0x00000000800013A2 (0x356D) c.addiw a0, -0x5
x10 <- 0xFFFFFFFFFFFFFFFF
mem[X,0x00000000800013A4] -> 0xBC23
mem[X,0x00000000800013A6] -> 0x4AA0
[1366] [M]: 0x00000000800013A4 (0x4AA0BC23) sd a0, 0x4b8(ra)
mem[0x00000000800056B0] <- 0xFFFFFFFFFFFFFFFF
mem[X,0x00000000800013A8] -> 0x0513
mem[X,0x00000000800013AA] -> 0x0040
[1367] [M]: 0x00000000800013A8 (0x00400513) addi a0, zero, 0x4
x10 <- 0x0000000000000004
mem[X,0x00000000800013AC] -> 0x2509
[1368] [M]: 0x00000000800013AC (0x2509) c.addiw a0, 0x2
x10 <- 0x0000000000000006
mem[X,0x00000000800013AE] -> 0xB023
mem[X,0x00000000800013B0] -> 0x4CA0
[1369] [M]: 0x00000000800013AE (0x4CA0B023) sd a0, 0x4c0(ra)
mem[0x00000000800056B8] <- 0x0000000000000006
mem[X,0x00000000800013B2] -> 0x0513
mem[X,0x00000000800013B4] -> 0x0040
[1370] [M]: 0x00000000800013B2 (0x00400513) addi a0, zero, 0x4
x10 <- 0x0000000000000004
mem[X,0x00000000800013B6] -> 0x2511
[1371] [M]: 0x00000000800013B6 (0x2511) c.addiw a0, 0x4
x10 <- 0x0000000000000008
mem[X,0x00000000800013B8] -> 0xB423
mem[X,0x00000000800013BA] -> 0x4CA0
[1372] [M]: 0x00000000800013B8 (0x4CA0B423) sd a0, 0x4c8(ra)
mem[0x00000000800056C0] <- 0x0000000000000008
mem[X,0x00000000800013BC] -> 0x0513
mem[X,0x00000000800013BE] -> 0x0040
[1373] [M]: 0x00000000800013BC (0x00400513) addi a0, zero, 0x4
x10 <- 0x0000000000000004
mem[X,0x00000000800013C0] -> 0x2525
[1374] [M]: 0x00000000800013C0 (0x2525) c.addiw a0, 0x9
x10 <- 0x000000000000000D
mem[X,0x00000000800013C2] -> 0xB823
mem[X,0x00000000800013C4] -> 0x4CA0
[1375] [M]: 0x00000000800013C2 (0x4CA0B823) sd a0, 0x4d0(ra)
mem[0x00000000800056C8] <- 0x000000000000000D
mem[X,0x00000000800013C6] -> 0x0513
mem[X,0x00000000800013C8] -> 0x0040
[1376] [M]: 0x00000000800013C6 (0x00400513) addi a0, zero, 0x4
x10 <- 0x0000000000000004
mem[X,0x00000000800013CA] -> 0x2501
[1377] [M]: 0x00000000800013CA (0x2501) c.addiw a0, 0x0
x10 <- 0x0000000000000004
mem[X,0x00000000800013CC] -> 0xBC23
mem[X,0x00000000800013CE] -> 0x4CA0
[1378] [M]: 0x00000000800013CC (0x4CA0BC23) sd a0, 0x4d8(ra)
mem[0x00000000800056D0] <- 0x0000000000000004
mem[X,0x00000000800013D0] -> 0x0513
mem[X,0x00000000800013D2] -> 0x0040
[1379] [M]: 0x00000000800013D0 (0x00400513) addi a0, zero, 0x4
x10 <- 0x0000000000000004
mem[X,0x00000000800013D4] -> 0x252D
[1380] [M]: 0x00000000800013D4 (0x252D) c.addiw a0, 0xb
x10 <- 0x000000000000000F
mem[X,0x00000000800013D6] -> 0xB023
mem[X,0x00000000800013D8] -> 0x4EA0
[1381] [M]: 0x00000000800013D6 (0x4EA0B023) sd a0, 0x4e0(ra)
mem[0x00000000800056D8] <- 0x000000000000000F
mem[X,0x00000000800013DA] -> 0x0513
mem[X,0x00000000800013DC] -> 0x0040
[1382] [M]: 0x00000000800013DA (0x00400513) addi a0, zero, 0x4
x10 <- 0x0000000000000004
mem[X,0x00000000800013DE] -> 0x251D
[1383] [M]: 0x00000000800013DE (0x251D) c.addiw a0, 0x7
x10 <- 0x000000000000000B
mem[X,0x00000000800013E0] -> 0xB423
mem[X,0x00000000800013E2] -> 0x4EA0
[1384] [M]: 0x00000000800013E0 (0x4EA0B423) sd a0, 0x4e8(ra)
mem[0x00000000800056E0] <- 0x000000000000000B
mem[X,0x00000000800013E4] -> 0x0513
mem[X,0x00000000800013E6] -> 0x0040
[1385] [M]: 0x00000000800013E4 (0x00400513) addi a0, zero, 0x4
x10 <- 0x0000000000000004
mem[X,0x00000000800013E8] -> 0x357D
[1386] [M]: 0x00000000800013E8 (0x357D) c.addiw a0, -0x1
x10 <- 0x0000000000000003
mem[X,0x00000000800013EA] -> 0xB823
mem[X,0x00000000800013EC] -> 0x4EA0
[1387] [M]: 0x00000000800013EA (0x4EA0B823) sd a0, 0x4f0(ra)
mem[0x00000000800056E8] <- 0x0000000000000003
mem[X,0x00000000800013EE] -> 0x0513
mem[X,0x00000000800013F0] -> 0x0040
[1388] [M]: 0x00000000800013EE (0x00400513) addi a0, zero, 0x4
x10 <- 0x0000000000000004
mem[X,0x00000000800013F2] -> 0x3571
[1389] [M]: 0x00000000800013F2 (0x3571) c.addiw a0, -0x4
x10 <- 0x0000000000000000
mem[X,0x00000000800013F4] -> 0xBC23
mem[X,0x00000000800013F6] -> 0x4EA0
[1390] [M]: 0x00000000800013F4 (0x4EA0BC23) sd a0, 0x4f8(ra)
mem[0x00000000800056F0] <- 0x0000000000000000
mem[X,0x00000000800013F8] -> 0x3537
mem[X,0x00000000800013FA] -> 0x3333
[1391] [M]: 0x00000000800013F8 (0x33333537) lui a0, 0x33333
x10 <- 0x0000000033333000
mem[X,0x00000000800013FC] -> 0x0513
mem[X,0x00000000800013FE] -> 0x3335
[1392] [M]: 0x00000000800013FC (0x33350513) addi a0, a0, 0x333
x10 <- 0x0000000033333333
mem[X,0x0000000080001400] -> 0x1513
mem[X,0x0000000080001402] -> 0x00B5
[1393] [M]: 0x0000000080001400 (0x00B51513) slli a0, a0, 0xb
x10 <- 0x0000019999999800
mem[X,0x0000000080001404] -> 0x0513
mem[X,0x0000000080001406] -> 0x1995
[1394] [M]: 0x0000000080001404 (0x19950513) addi a0, a0, 0x199
x10 <- 0x0000019999999999
mem[X,0x0000000080001408] -> 0x1513
mem[X,0x000000008000140A] -> 0x00B5
[1395] [M]: 0x0000000080001408 (0x00B51513) slli a0, a0, 0xb
x10 <- 0x000CCCCCCCCCC800
mem[X,0x000000008000140C] -> 0x0513
mem[X,0x000000008000140E] -> 0x4CC5
[1396] [M]: 0x000000008000140C (0x4CC50513) addi a0, a0, 0x4cc
x10 <- 0x000CCCCCCCCCCCCC
mem[X,0x0000000080001410] -> 0x1513
mem[X,0x0000000080001412] -> 0x00A5
[1397] [M]: 0x0000000080001410 (0x00A51513) slli a0, a0, 0xa
x10 <- 0x3333333333333000
mem[X,0x0000000080001414] -> 0x0513
mem[X,0x0000000080001416] -> 0x3325
[1398] [M]: 0x0000000080001414 (0x33250513) addi a0, a0, 0x332
x10 <- 0x3333333333333332
mem[X,0x0000000080001418] -> 0x250D
[1399] [M]: 0x0000000080001418 (0x250D) c.addiw a0, 0x3
x10 <- 0x0000000033333335
clint::tick mtime <- 0x000000000000000E
 clint timer pending at mtime 0x000000000000000E
htif::tick 0x0000000000000000
mem[X,0x000000008000141A] -> 0xB023
mem[X,0x000000008000141C] -> 0x50A0
[1400] [M]: 0x000000008000141A (0x50A0B023) sd a0, 0x500(ra)
mem[0x00000000800056F8] <- 0x0000000033333335
mem[X,0x000000008000141E] -> 0x3537
mem[X,0x0000000080001420] -> 0x3333
[1401] [M]: 0x000000008000141E (0x33333537) lui a0, 0x33333
x10 <- 0x0000000033333000
mem[X,0x0000000080001422] -> 0x0513
mem[X,0x0000000080001424] -> 0x3335
[1402] [M]: 0x0000000080001422 (0x33350513) addi a0, a0, 0x333
x10 <- 0x0000000033333333
mem[X,0x0000000080001426] -> 0x1513
mem[X,0x0000000080001428] -> 0x00B5
[1403] [M]: 0x0000000080001426 (0x00B51513) slli a0, a0, 0xb
x10 <- 0x0000019999999800
mem[X,0x000000008000142A] -> 0x0513
mem[X,0x000000008000142C] -> 0x1995
[1404] [M]: 0x000000008000142A (0x19950513) addi a0, a0, 0x199
x10 <- 0x0000019999999999
mem[X,0x000000008000142E] -> 0x1513
mem[X,0x0000000080001430] -> 0x00B5
[1405] [M]: 0x000000008000142E (0x00B51513) slli a0, a0, 0xb
x10 <- 0x000CCCCCCCCCC800
mem[X,0x0000000080001432] -> 0x0513
mem[X,0x0000000080001434] -> 0x4CC5
[1406] [M]: 0x0000000080001432 (0x4CC50513) addi a0, a0, 0x4cc
x10 <- 0x000CCCCCCCCCCCCC
mem[X,0x0000000080001436] -> 0x1513
mem[X,0x0000000080001438] -> 0x00A5
[1407] [M]: 0x0000000080001436 (0x00A51513) slli a0, a0, 0xa
x10 <- 0x3333333333333000
mem[X,0x000000008000143A] -> 0x0513
mem[X,0x000000008000143C] -> 0x3325
[1408] [M]: 0x000000008000143A (0x33250513) addi a0, a0, 0x332
x10 <- 0x3333333333333332
mem[X,0x000000008000143E] -> 0x2515
[1409] [M]: 0x000000008000143E (0x2515) c.addiw a0, 0x5
x10 <- 0x0000000033333337
mem[X,0x0000000080001440] -> 0xB423
mem[X,0x0000000080001442] -> 0x50A0
[1410] [M]: 0x0000000080001440 (0x50A0B423) sd a0, 0x508(ra)
mem[0x0000000080005700] <- 0x0000000033333337
mem[X,0x0000000080001444] -> 0x3537
mem[X,0x0000000080001446] -> 0x3333
[1411] [M]: 0x0000000080001444 (0x33333537) lui a0, 0x33333
x10 <- 0x0000000033333000
mem[X,0x0000000080001448] -> 0x0513
mem[X,0x000000008000144A] -> 0x3335
[1412] [M]: 0x0000000080001448 (0x33350513) addi a0, a0, 0x333
x10 <- 0x0000000033333333
mem[X,0x000000008000144C] -> 0x1513
mem[X,0x000000008000144E] -> 0x00B5
[1413] [M]: 0x000000008000144C (0x00B51513) slli a0, a0, 0xb
x10 <- 0x0000019999999800
mem[X,0x0000000080001450] -> 0x0513
mem[X,0x0000000080001452] -> 0x1995
[1414] [M]: 0x0000000080001450 (0x19950513) addi a0, a0, 0x199
x10 <- 0x0000019999999999
mem[X,0x0000000080001454] -> 0x1513
mem[X,0x0000000080001456] -> 0x00B5
[1415] [M]: 0x0000000080001454 (0x00B51513) slli a0, a0, 0xb
x10 <- 0x000CCCCCCCCCC800
mem[X,0x0000000080001458] -> 0x0513
mem[X,0x000000008000145A] -> 0x4CC5
[1416] [M]: 0x0000000080001458 (0x4CC50513) addi a0, a0, 0x4cc
x10 <- 0x000CCCCCCCCCCCCC
mem[X,0x000000008000145C] -> 0x1513
mem[X,0x000000008000145E] -> 0x00A5
[1417] [M]: 0x000000008000145C (0x00A51513) slli a0, a0, 0xa
x10 <- 0x3333333333333000
mem[X,0x0000000080001460] -> 0x0513
mem[X,0x0000000080001462] -> 0x3325
[1418] [M]: 0x0000000080001460 (0x33250513) addi a0, a0, 0x332
x10 <- 0x3333333333333332
mem[X,0x0000000080001464] -> 0x2529
[1419] [M]: 0x0000000080001464 (0x2529) c.addiw a0, 0xa
x10 <- 0x000000003333333C
mem[X,0x0000000080001466] -> 0xB823
mem[X,0x0000000080001468] -> 0x50A0
[1420] [M]: 0x0000000080001466 (0x50A0B823) sd a0, 0x510(ra)
mem[0x0000000080005708] <- 0x000000003333333C
mem[X,0x000000008000146A] -> 0x3537
mem[X,0x000000008000146C] -> 0x3333
[1421] [M]: 0x000000008000146A (0x33333537) lui a0, 0x33333
x10 <- 0x0000000033333000
mem[X,0x000000008000146E] -> 0x0513
mem[X,0x0000000080001470] -> 0x3335
[1422] [M]: 0x000000008000146E (0x33350513) addi a0, a0, 0x333
x10 <- 0x0000000033333333
mem[X,0x0000000080001472] -> 0x1513
mem[X,0x0000000080001474] -> 0x00B5
[1423] [M]: 0x0000000080001472 (0x00B51513) slli a0, a0, 0xb
x10 <- 0x0000019999999800
mem[X,0x0000000080001476] -> 0x0513
mem[X,0x0000000080001478] -> 0x1995
[1424] [M]: 0x0000000080001476 (0x19950513) addi a0, a0, 0x199
x10 <- 0x0000019999999999
mem[X,0x000000008000147A] -> 0x1513
mem[X,0x000000008000147C] -> 0x00B5
[1425] [M]: 0x000000008000147A (0x00B51513) slli a0, a0, 0xb
x10 <- 0x000CCCCCCCCCC800
mem[X,0x000000008000147E] -> 0x0513
mem[X,0x0000000080001480] -> 0x4CC5
[1426] [M]: 0x000000008000147E (0x4CC50513) addi a0, a0, 0x4cc
x10 <- 0x000CCCCCCCCCCCCC
mem[X,0x0000000080001482] -> 0x1513
mem[X,0x0000000080001484] -> 0x00A5
[1427] [M]: 0x0000000080001482 (0x00A51513) slli a0, a0, 0xa
x10 <- 0x3333333333333000
mem[X,0x0000000080001486] -> 0x0513
mem[X,0x0000000080001488] -> 0x3325
[1428] [M]: 0x0000000080001486 (0x33250513) addi a0, a0, 0x332
x10 <- 0x3333333333333332
mem[X,0x000000008000148A] -> 0x2519
[1429] [M]: 0x000000008000148A (0x2519) c.addiw a0, 0x6
x10 <- 0x0000000033333338
mem[X,0x000000008000148C] -> 0xBC23
mem[X,0x000000008000148E] -> 0x50A0
[1430] [M]: 0x000000008000148C (0x50A0BC23) sd a0, 0x518(ra)
mem[0x0000000080005710] <- 0x0000000033333338
mem[X,0x0000000080001490] -> 0x3537
mem[X,0x0000000080001492] -> 0x3333
[1431] [M]: 0x0000000080001490 (0x33333537) lui a0, 0x33333
x10 <- 0x0000000033333000
mem[X,0x0000000080001494] -> 0x0513
mem[X,0x0000000080001496] -> 0x3335
[1432] [M]: 0x0000000080001494 (0x33350513) addi a0, a0, 0x333
x10 <- 0x0000000033333333
mem[X,0x0000000080001498] -> 0x1513
mem[X,0x000000008000149A] -> 0x00B5
[1433] [M]: 0x0000000080001498 (0x00B51513) slli a0, a0, 0xb
x10 <- 0x0000019999999800
mem[X,0x000000008000149C] -> 0x0513
mem[X,0x000000008000149E] -> 0x1995
[1434] [M]: 0x000000008000149C (0x19950513) addi a0, a0, 0x199
x10 <- 0x0000019999999999
mem[X,0x00000000800014A0] -> 0x1513
mem[X,0x00000000800014A2] -> 0x00B5
[1435] [M]: 0x00000000800014A0 (0x00B51513) slli a0, a0, 0xb
x10 <- 0x000CCCCCCCCCC800
mem[X,0x00000000800014A4] -> 0x0513
mem[X,0x00000000800014A6] -> 0x4CC5
[1436] [M]: 0x00000000800014A4 (0x4CC50513) addi a0, a0, 0x4cc
x10 <- 0x000CCCCCCCCCCCCC
mem[X,0x00000000800014A8] -> 0x1513
mem[X,0x00000000800014AA] -> 0x00A5
[1437] [M]: 0x00000000800014A8 (0x00A51513) slli a0, a0, 0xa
x10 <- 0x3333333333333000
mem[X,0x00000000800014AC] -> 0x0513
mem[X,0x00000000800014AE] -> 0x3325
[1438] [M]: 0x00000000800014AC (0x33250513) addi a0, a0, 0x332
x10 <- 0x3333333333333332
mem[X,0x00000000800014B0] -> 0x3579
[1439] [M]: 0x00000000800014B0 (0x3579) c.addiw a0, -0x2
x10 <- 0x0000000033333330
mem[X,0x00000000800014B2] -> 0xB023
mem[X,0x00000000800014B4] -> 0x52A0
[1440] [M]: 0x00000000800014B2 (0x52A0B023) sd a0, 0x520(ra)
mem[0x0000000080005718] <- 0x0000000033333330
mem[X,0x00000000800014B6] -> 0x3537
mem[X,0x00000000800014B8] -> 0x3333
[1441] [M]: 0x00000000800014B6 (0x33333537) lui a0, 0x33333
x10 <- 0x0000000033333000
mem[X,0x00000000800014BA] -> 0x0513
mem[X,0x00000000800014BC] -> 0x3335
[1442] [M]: 0x00000000800014BA (0x33350513) addi a0, a0, 0x333
x10 <- 0x0000000033333333
mem[X,0x00000000800014BE] -> 0x1513
mem[X,0x00000000800014C0] -> 0x00B5
[1443] [M]: 0x00000000800014BE (0x00B51513) slli a0, a0, 0xb
x10 <- 0x0000019999999800
mem[X,0x00000000800014C2] -> 0x0513
mem[X,0x00000000800014C4] -> 0x1995
[1444] [M]: 0x00000000800014C2 (0x19950513) addi a0, a0, 0x199
x10 <- 0x0000019999999999
mem[X,0x00000000800014C6] -> 0x1513
mem[X,0x00000000800014C8] -> 0x00B5
[1445] [M]: 0x00000000800014C6 (0x00B51513) slli a0, a0, 0xb
x10 <- 0x000CCCCCCCCCC800
mem[X,0x00000000800014CA] -> 0x0513
mem[X,0x00000000800014CC] -> 0x4CC5
[1446] [M]: 0x00000000800014CA (0x4CC50513) addi a0, a0, 0x4cc
x10 <- 0x000CCCCCCCCCCCCC
mem[X,0x00000000800014CE] -> 0x1513
mem[X,0x00000000800014D0] -> 0x00A5
[1447] [M]: 0x00000000800014CE (0x00A51513) slli a0, a0, 0xa
x10 <- 0x3333333333333000
mem[X,0x00000000800014D2] -> 0x0513
mem[X,0x00000000800014D4] -> 0x3325
[1448] [M]: 0x00000000800014D2 (0x33250513) addi a0, a0, 0x332
x10 <- 0x3333333333333332
mem[X,0x00000000800014D6] -> 0x356D
[1449] [M]: 0x00000000800014D6 (0x356D) c.addiw a0, -0x5
x10 <- 0x000000003333332D
mem[X,0x00000000800014D8] -> 0xB423
mem[X,0x00000000800014DA] -> 0x52A0
[1450] [M]: 0x00000000800014D8 (0x52A0B423) sd a0, 0x528(ra)
mem[0x0000000080005720] <- 0x000000003333332D
mem[X,0x00000000800014DC] -> 0x3537
mem[X,0x00000000800014DE] -> 0x3333
[1451] [M]: 0x00000000800014DC (0x33333537) lui a0, 0x33333
x10 <- 0x0000000033333000
mem[X,0x00000000800014E0] -> 0x0513
mem[X,0x00000000800014E2] -> 0x3335
[1452] [M]: 0x00000000800014E0 (0x33350513) addi a0, a0, 0x333
x10 <- 0x0000000033333333
mem[X,0x00000000800014E4] -> 0x1513
mem[X,0x00000000800014E6] -> 0x00B5
[1453] [M]: 0x00000000800014E4 (0x00B51513) slli a0, a0, 0xb
x10 <- 0x0000019999999800
mem[X,0x00000000800014E8] -> 0x0513
mem[X,0x00000000800014EA] -> 0x1995
[1454] [M]: 0x00000000800014E8 (0x19950513) addi a0, a0, 0x199
x10 <- 0x0000019999999999
mem[X,0x00000000800014EC] -> 0x1513
mem[X,0x00000000800014EE] -> 0x00B5
[1455] [M]: 0x00000000800014EC (0x00B51513) slli a0, a0, 0xb
x10 <- 0x000CCCCCCCCCC800
mem[X,0x00000000800014F0] -> 0x0513
mem[X,0x00000000800014F2] -> 0x4CC5
[1456] [M]: 0x00000000800014F0 (0x4CC50513) addi a0, a0, 0x4cc
x10 <- 0x000CCCCCCCCCCCCC
mem[X,0x00000000800014F4] -> 0x1513
mem[X,0x00000000800014F6] -> 0x00A5
[1457] [M]: 0x00000000800014F4 (0x00A51513) slli a0, a0, 0xa
x10 <- 0x3333333333333000
mem[X,0x00000000800014F8] -> 0x0513
mem[X,0x00000000800014FA] -> 0x3325
[1458] [M]: 0x00000000800014F8 (0x33250513) addi a0, a0, 0x332
x10 <- 0x3333333333333332
mem[X,0x00000000800014FC] -> 0x2509
[1459] [M]: 0x00000000800014FC (0x2509) c.addiw a0, 0x2
x10 <- 0x0000000033333334
mem[X,0x00000000800014FE] -> 0xB823
mem[X,0x0000000080001500] -> 0x52A0
[1460] [M]: 0x00000000800014FE (0x52A0B823) sd a0, 0x530(ra)
mem[0x0000000080005728] <- 0x0000000033333334
mem[X,0x0000000080001502] -> 0x3537
mem[X,0x0000000080001504] -> 0x3333
[1461] [M]: 0x0000000080001502 (0x33333537) lui a0, 0x33333
x10 <- 0x0000000033333000
mem[X,0x0000000080001506] -> 0x0513
mem[X,0x0000000080001508] -> 0x3335
[1462] [M]: 0x0000000080001506 (0x33350513) addi a0, a0, 0x333
x10 <- 0x0000000033333333
mem[X,0x000000008000150A] -> 0x1513
mem[X,0x000000008000150C] -> 0x00B5
[1463] [M]: 0x000000008000150A (0x00B51513) slli a0, a0, 0xb
x10 <- 0x0000019999999800
mem[X,0x000000008000150E] -> 0x0513
mem[X,0x0000000080001510] -> 0x1995
[1464] [M]: 0x000000008000150E (0x19950513) addi a0, a0, 0x199
x10 <- 0x0000019999999999
mem[X,0x0000000080001512] -> 0x1513
mem[X,0x0000000080001514] -> 0x00B5
[1465] [M]: 0x0000000080001512 (0x00B51513) slli a0, a0, 0xb
x10 <- 0x000CCCCCCCCCC800
mem[X,0x0000000080001516] -> 0x0513
mem[X,0x0000000080001518] -> 0x4CC5
[1466] [M]: 0x0000000080001516 (0x4CC50513) addi a0, a0, 0x4cc
x10 <- 0x000CCCCCCCCCCCCC
mem[X,0x000000008000151A] -> 0x1513
mem[X,0x000000008000151C] -> 0x00A5
[1467] [M]: 0x000000008000151A (0x00A51513) slli a0, a0, 0xa
x10 <- 0x3333333333333000
mem[X,0x000000008000151E] -> 0x0513
mem[X,0x0000000080001520] -> 0x3325
[1468] [M]: 0x000000008000151E (0x33250513) addi a0, a0, 0x332
x10 <- 0x3333333333333332
mem[X,0x0000000080001522] -> 0x2511
[1469] [M]: 0x0000000080001522 (0x2511) c.addiw a0, 0x4
x10 <- 0x0000000033333336
mem[X,0x0000000080001524] -> 0xBC23
mem[X,0x0000000080001526] -> 0x52A0
[1470] [M]: 0x0000000080001524 (0x52A0BC23) sd a0, 0x538(ra)
mem[0x0000000080005730] <- 0x0000000033333336
mem[X,0x0000000080001528] -> 0x3537
mem[X,0x000000008000152A] -> 0x3333
[1471] [M]: 0x0000000080001528 (0x33333537) lui a0, 0x33333
x10 <- 0x0000000033333000
mem[X,0x000000008000152C] -> 0x0513
mem[X,0x000000008000152E] -> 0x3335
[1472] [M]: 0x000000008000152C (0x33350513) addi a0, a0, 0x333
x10 <- 0x0000000033333333
mem[X,0x0000000080001530] -> 0x1513
mem[X,0x0000000080001532] -> 0x00B5
[1473] [M]: 0x0000000080001530 (0x00B51513) slli a0, a0, 0xb
x10 <- 0x0000019999999800
mem[X,0x0000000080001534] -> 0x0513
mem[X,0x0000000080001536] -> 0x1995
[1474] [M]: 0x0000000080001534 (0x19950513) addi a0, a0, 0x199
x10 <- 0x0000019999999999
mem[X,0x0000000080001538] -> 0x1513
mem[X,0x000000008000153A] -> 0x00B5
[1475] [M]: 0x0000000080001538 (0x00B51513) slli a0, a0, 0xb
x10 <- 0x000CCCCCCCCCC800
mem[X,0x000000008000153C] -> 0x0513
mem[X,0x000000008000153E] -> 0x4CC5
[1476] [M]: 0x000000008000153C (0x4CC50513) addi a0, a0, 0x4cc
x10 <- 0x000CCCCCCCCCCCCC
mem[X,0x0000000080001540] -> 0x1513
mem[X,0x0000000080001542] -> 0x00A5
[1477] [M]: 0x0000000080001540 (0x00A51513) slli a0, a0, 0xa
x10 <- 0x3333333333333000
mem[X,0x0000000080001544] -> 0x0513
mem[X,0x0000000080001546] -> 0x3325
[1478] [M]: 0x0000000080001544 (0x33250513) addi a0, a0, 0x332
x10 <- 0x3333333333333332
mem[X,0x0000000080001548] -> 0x2525
[1479] [M]: 0x0000000080001548 (0x2525) c.addiw a0, 0x9
x10 <- 0x000000003333333B
mem[X,0x000000008000154A] -> 0xB023
mem[X,0x000000008000154C] -> 0x54A0
[1480] [M]: 0x000000008000154A (0x54A0B023) sd a0, 0x540(ra)
mem[0x0000000080005738] <- 0x000000003333333B
mem[X,0x000000008000154E] -> 0x3537
mem[X,0x0000000080001550] -> 0x3333
[1481] [M]: 0x000000008000154E (0x33333537) lui a0, 0x33333
x10 <- 0x0000000033333000
mem[X,0x0000000080001552] -> 0x0513
mem[X,0x0000000080001554] -> 0x3335
[1482] [M]: 0x0000000080001552 (0x33350513) addi a0, a0, 0x333
x10 <- 0x0000000033333333
mem[X,0x0000000080001556] -> 0x1513
mem[X,0x0000000080001558] -> 0x00B5
[1483] [M]: 0x0000000080001556 (0x00B51513) slli a0, a0, 0xb
x10 <- 0x0000019999999800
mem[X,0x000000008000155A] -> 0x0513
mem[X,0x000000008000155C] -> 0x1995
[1484] [M]: 0x000000008000155A (0x19950513) addi a0, a0, 0x199
x10 <- 0x0000019999999999
mem[X,0x000000008000155E] -> 0x1513
mem[X,0x0000000080001560] -> 0x00B5
[1485] [M]: 0x000000008000155E (0x00B51513) slli a0, a0, 0xb
x10 <- 0x000CCCCCCCCCC800
mem[X,0x0000000080001562] -> 0x0513
mem[X,0x0000000080001564] -> 0x4CC5
[1486] [M]: 0x0000000080001562 (0x4CC50513) addi a0, a0, 0x4cc
x10 <- 0x000CCCCCCCCCCCCC
mem[X,0x0000000080001566] -> 0x1513
mem[X,0x0000000080001568] -> 0x00A5
[1487] [M]: 0x0000000080001566 (0x00A51513) slli a0, a0, 0xa
x10 <- 0x3333333333333000
mem[X,0x000000008000156A] -> 0x0513
mem[X,0x000000008000156C] -> 0x3325
[1488] [M]: 0x000000008000156A (0x33250513) addi a0, a0, 0x332
x10 <- 0x3333333333333332
mem[X,0x000000008000156E] -> 0x2501
[1489] [M]: 0x000000008000156E (0x2501) c.addiw a0, 0x0
x10 <- 0x0000000033333332
mem[X,0x0000000080001570] -> 0xB423
mem[X,0x0000000080001572] -> 0x54A0
[1490] [M]: 0x0000000080001570 (0x54A0B423) sd a0, 0x548(ra)
mem[0x0000000080005740] <- 0x0000000033333332
mem[X,0x0000000080001574] -> 0x3537
mem[X,0x0000000080001576] -> 0x3333
[1491] [M]: 0x0000000080001574 (0x33333537) lui a0, 0x33333
x10 <- 0x0000000033333000
mem[X,0x0000000080001578] -> 0x0513
mem[X,0x000000008000157A] -> 0x3335
[1492] [M]: 0x0000000080001578 (0x33350513) addi a0, a0, 0x333
x10 <- 0x0000000033333333
mem[X,0x000000008000157C] -> 0x1513
mem[X,0x000000008000157E] -> 0x00B5
[1493] [M]: 0x000000008000157C (0x00B51513) slli a0, a0, 0xb
x10 <- 0x0000019999999800
mem[X,0x0000000080001580] -> 0x0513
mem[X,0x0000000080001582] -> 0x1995
[1494] [M]: 0x0000000080001580 (0x19950513) addi a0, a0, 0x199
x10 <- 0x0000019999999999
mem[X,0x0000000080001584] -> 0x1513
mem[X,0x0000000080001586] -> 0x00B5
[1495] [M]: 0x0000000080001584 (0x00B51513) slli a0, a0, 0xb
x10 <- 0x000CCCCCCCCCC800
mem[X,0x0000000080001588] -> 0x0513
mem[X,0x000000008000158A] -> 0x4CC5
[1496] [M]: 0x0000000080001588 (0x4CC50513) addi a0, a0, 0x4cc
x10 <- 0x000CCCCCCCCCCCCC
mem[X,0x000000008000158C] -> 0x1513
mem[X,0x000000008000158E] -> 0x00A5
[1497] [M]: 0x000000008000158C (0x00A51513) slli a0, a0, 0xa
x10 <- 0x3333333333333000
mem[X,0x0000000080001590] -> 0x0513
mem[X,0x0000000080001592] -> 0x3325
[1498] [M]: 0x0000000080001590 (0x33250513) addi a0, a0, 0x332
x10 <- 0x3333333333333332
mem[X,0x0000000080001594] -> 0x252D
[1499] [M]: 0x0000000080001594 (0x252D) c.addiw a0, 0xb
x10 <- 0x000000003333333D
clint::tick mtime <- 0x000000000000000F
 clint timer pending at mtime 0x000000000000000F
htif::tick 0x0000000000000000
mem[X,0x0000000080001596] -> 0xB823
mem[X,0x0000000080001598] -> 0x54A0
[1500] [M]: 0x0000000080001596 (0x54A0B823) sd a0, 0x550(ra)
mem[0x0000000080005748] <- 0x000000003333333D
mem[X,0x000000008000159A] -> 0x3537
mem[X,0x000000008000159C] -> 0x3333
[1501] [M]: 0x000000008000159A (0x33333537) lui a0, 0x33333
x10 <- 0x0000000033333000
mem[X,0x000000008000159E] -> 0x0513
mem[X,0x00000000800015A0] -> 0x3335
[1502] [M]: 0x000000008000159E (0x33350513) addi a0, a0, 0x333
x10 <- 0x0000000033333333
mem[X,0x00000000800015A2] -> 0x1513
mem[X,0x00000000800015A4] -> 0x00B5
[1503] [M]: 0x00000000800015A2 (0x00B51513) slli a0, a0, 0xb
x10 <- 0x0000019999999800
mem[X,0x00000000800015A6] -> 0x0513
mem[X,0x00000000800015A8] -> 0x1995
[1504] [M]: 0x00000000800015A6 (0x19950513) addi a0, a0, 0x199
x10 <- 0x0000019999999999
mem[X,0x00000000800015AA] -> 0x1513
mem[X,0x00000000800015AC] -> 0x00B5
[1505] [M]: 0x00000000800015AA (0x00B51513) slli a0, a0, 0xb
x10 <- 0x000CCCCCCCCCC800
mem[X,0x00000000800015AE] -> 0x0513
mem[X,0x00000000800015B0] -> 0x4CC5
[1506] [M]: 0x00000000800015AE (0x4CC50513) addi a0, a0, 0x4cc
x10 <- 0x000CCCCCCCCCCCCC
mem[X,0x00000000800015B2] -> 0x1513
mem[X,0x00000000800015B4] -> 0x00A5
[1507] [M]: 0x00000000800015B2 (0x00A51513) slli a0, a0, 0xa
x10 <- 0x3333333333333000
mem[X,0x00000000800015B6] -> 0x0513
mem[X,0x00000000800015B8] -> 0x3325
[1508] [M]: 0x00000000800015B6 (0x33250513) addi a0, a0, 0x332
x10 <- 0x3333333333333332
mem[X,0x00000000800015BA] -> 0x251D
[1509] [M]: 0x00000000800015BA (0x251D) c.addiw a0, 0x7
x10 <- 0x0000000033333339
mem[X,0x00000000800015BC] -> 0xBC23
mem[X,0x00000000800015BE] -> 0x54A0
[1510] [M]: 0x00000000800015BC (0x54A0BC23) sd a0, 0x558(ra)
mem[0x0000000080005750] <- 0x0000000033333339
mem[X,0x00000000800015C0] -> 0x3537
mem[X,0x00000000800015C2] -> 0x3333
[1511] [M]: 0x00000000800015C0 (0x33333537) lui a0, 0x33333
x10 <- 0x0000000033333000
mem[X,0x00000000800015C4] -> 0x0513
mem[X,0x00000000800015C6] -> 0x3335
[1512] [M]: 0x00000000800015C4 (0x33350513) addi a0, a0, 0x333
x10 <- 0x0000000033333333
mem[X,0x00000000800015C8] -> 0x1513
mem[X,0x00000000800015CA] -> 0x00B5
[1513] [M]: 0x00000000800015C8 (0x00B51513) slli a0, a0, 0xb
x10 <- 0x0000019999999800
mem[X,0x00000000800015CC] -> 0x0513
mem[X,0x00000000800015CE] -> 0x1995
[1514] [M]: 0x00000000800015CC (0x19950513) addi a0, a0, 0x199
x10 <- 0x0000019999999999
mem[X,0x00000000800015D0] -> 0x1513
mem[X,0x00000000800015D2] -> 0x00B5
[1515] [M]: 0x00000000800015D0 (0x00B51513) slli a0, a0, 0xb
x10 <- 0x000CCCCCCCCCC800
mem[X,0x00000000800015D4] -> 0x0513
mem[X,0x00000000800015D6] -> 0x4CC5
[1516] [M]: 0x00000000800015D4 (0x4CC50513) addi a0, a0, 0x4cc
x10 <- 0x000CCCCCCCCCCCCC
mem[X,0x00000000800015D8] -> 0x1513
mem[X,0x00000000800015DA] -> 0x00A5
[1517] [M]: 0x00000000800015D8 (0x00A51513) slli a0, a0, 0xa
x10 <- 0x3333333333333000
mem[X,0x00000000800015DC] -> 0x0513
mem[X,0x00000000800015DE] -> 0x3325
[1518] [M]: 0x00000000800015DC (0x33250513) addi a0, a0, 0x332
x10 <- 0x3333333333333332
mem[X,0x00000000800015E0] -> 0x357D
[1519] [M]: 0x00000000800015E0 (0x357D) c.addiw a0, -0x1
x10 <- 0x0000000033333331
mem[X,0x00000000800015E2] -> 0xB023
mem[X,0x00000000800015E4] -> 0x56A0
[1520] [M]: 0x00000000800015E2 (0x56A0B023) sd a0, 0x560(ra)
mem[0x0000000080005758] <- 0x0000000033333331
mem[X,0x00000000800015E6] -> 0x3537
mem[X,0x00000000800015E8] -> 0x3333
[1521] [M]: 0x00000000800015E6 (0x33333537) lui a0, 0x33333
x10 <- 0x0000000033333000
mem[X,0x00000000800015EA] -> 0x0513
mem[X,0x00000000800015EC] -> 0x3335
[1522] [M]: 0x00000000800015EA (0x33350513) addi a0, a0, 0x333
x10 <- 0x0000000033333333
mem[X,0x00000000800015EE] -> 0x1513
mem[X,0x00000000800015F0] -> 0x00B5
[1523] [M]: 0x00000000800015EE (0x00B51513) slli a0, a0, 0xb
x10 <- 0x0000019999999800
mem[X,0x00000000800015F2] -> 0x0513
mem[X,0x00000000800015F4] -> 0x1995
[1524] [M]: 0x00000000800015F2 (0x19950513) addi a0, a0, 0x199
x10 <- 0x0000019999999999
mem[X,0x00000000800015F6] -> 0x1513
mem[X,0x00000000800015F8] -> 0x00B5
[1525] [M]: 0x00000000800015F6 (0x00B51513) slli a0, a0, 0xb
x10 <- 0x000CCCCCCCCCC800
mem[X,0x00000000800015FA] -> 0x0513
mem[X,0x00000000800015FC] -> 0x4CC5
[1526] [M]: 0x00000000800015FA (0x4CC50513) addi a0, a0, 0x4cc
x10 <- 0x000CCCCCCCCCCCCC
mem[X,0x00000000800015FE] -> 0x1513
mem[X,0x0000000080001600] -> 0x00A5
[1527] [M]: 0x00000000800015FE (0x00A51513) slli a0, a0, 0xa
x10 <- 0x3333333333333000
mem[X,0x0000000080001602] -> 0x0513
mem[X,0x0000000080001604] -> 0x3325
[1528] [M]: 0x0000000080001602 (0x33250513) addi a0, a0, 0x332
x10 <- 0x3333333333333332
mem[X,0x0000000080001606] -> 0x3571
[1529] [M]: 0x0000000080001606 (0x3571) c.addiw a0, -0x4
x10 <- 0x000000003333332E
mem[X,0x0000000080001608] -> 0xB423
mem[X,0x000000008000160A] -> 0x56A0
[1530] [M]: 0x0000000080001608 (0x56A0B423) sd a0, 0x568(ra)
mem[0x0000000080005760] <- 0x000000003333332E
mem[X,0x000000008000160C] -> 0x6537
mem[X,0x000000008000160E] -> 0x6666
[1531] [M]: 0x000000008000160C (0x66666537) lui a0, 0x66666
x10 <- 0x0000000066666000
mem[X,0x0000000080001610] -> 0x0513
mem[X,0x0000000080001612] -> 0x6665
[1532] [M]: 0x0000000080001610 (0x66650513) addi a0, a0, 0x666
x10 <- 0x0000000066666666
mem[X,0x0000000080001614] -> 0x1513
mem[X,0x0000000080001616] -> 0x00B5
[1533] [M]: 0x0000000080001614 (0x00B51513) slli a0, a0, 0xb
x10 <- 0x0000033333333000
mem[X,0x0000000080001618] -> 0x0513
mem[X,0x000000008000161A] -> 0x3335
[1534] [M]: 0x0000000080001618 (0x33350513) addi a0, a0, 0x333
x10 <- 0x0000033333333333
mem[X,0x000000008000161C] -> 0x1513
mem[X,0x000000008000161E] -> 0x00B5
[1535] [M]: 0x000000008000161C (0x00B51513) slli a0, a0, 0xb
x10 <- 0x0019999999999800
mem[X,0x0000000080001620] -> 0x0513
mem[X,0x0000000080001622] -> 0x1995
[1536] [M]: 0x0000000080001620 (0x19950513) addi a0, a0, 0x199
x10 <- 0x0019999999999999
mem[X,0x0000000080001624] -> 0x1513
mem[X,0x0000000080001626] -> 0x00A5
[1537] [M]: 0x0000000080001624 (0x00A51513) slli a0, a0, 0xa
x10 <- 0x6666666666666400
mem[X,0x0000000080001628] -> 0x0513
mem[X,0x000000008000162A] -> 0x2655
[1538] [M]: 0x0000000080001628 (0x26550513) addi a0, a0, 0x265
x10 <- 0x6666666666666665
mem[X,0x000000008000162C] -> 0x250D
[1539] [M]: 0x000000008000162C (0x250D) c.addiw a0, 0x3
x10 <- 0x0000000066666668
mem[X,0x000000008000162E] -> 0xB823
mem[X,0x0000000080001630] -> 0x56A0
[1540] [M]: 0x000000008000162E (0x56A0B823) sd a0, 0x570(ra)
mem[0x0000000080005768] <- 0x0000000066666668
mem[X,0x0000000080001632] -> 0x6537
mem[X,0x0000000080001634] -> 0x6666
[1541] [M]: 0x0000000080001632 (0x66666537) lui a0, 0x66666
x10 <- 0x0000000066666000
mem[X,0x0000000080001636] -> 0x0513
mem[X,0x0000000080001638] -> 0x6665
[1542] [M]: 0x0000000080001636 (0x66650513) addi a0, a0, 0x666
x10 <- 0x0000000066666666
mem[X,0x000000008000163A] -> 0x1513
mem[X,0x000000008000163C] -> 0x00B5
[1543] [M]: 0x000000008000163A (0x00B51513) slli a0, a0, 0xb
x10 <- 0x0000033333333000
mem[X,0x000000008000163E] -> 0x0513
mem[X,0x0000000080001640] -> 0x3335
[1544] [M]: 0x000000008000163E (0x33350513) addi a0, a0, 0x333
x10 <- 0x0000033333333333
mem[X,0x0000000080001642] -> 0x1513
mem[X,0x0000000080001644] -> 0x00B5
[1545] [M]: 0x0000000080001642 (0x00B51513) slli a0, a0, 0xb
x10 <- 0x0019999999999800
mem[X,0x0000000080001646] -> 0x0513
mem[X,0x0000000080001648] -> 0x1995
[1546] [M]: 0x0000000080001646 (0x19950513) addi a0, a0, 0x199
x10 <- 0x0019999999999999
mem[X,0x000000008000164A] -> 0x1513
mem[X,0x000000008000164C] -> 0x00A5
[1547] [M]: 0x000000008000164A (0x00A51513) slli a0, a0, 0xa
x10 <- 0x6666666666666400
mem[X,0x000000008000164E] -> 0x0513
mem[X,0x0000000080001650] -> 0x2655
[1548] [M]: 0x000000008000164E (0x26550513) addi a0, a0, 0x265
x10 <- 0x6666666666666665
mem[X,0x0000000080001652] -> 0x2515
[1549] [M]: 0x0000000080001652 (0x2515) c.addiw a0, 0x5
x10 <- 0x000000006666666A
mem[X,0x0000000080001654] -> 0xBC23
mem[X,0x0000000080001656] -> 0x56A0
[1550] [M]: 0x0000000080001654 (0x56A0BC23) sd a0, 0x578(ra)
mem[0x0000000080005770] <- 0x000000006666666A
mem[X,0x0000000080001658] -> 0x6537
mem[X,0x000000008000165A] -> 0x6666
[1551] [M]: 0x0000000080001658 (0x66666537) lui a0, 0x66666
x10 <- 0x0000000066666000
mem[X,0x000000008000165C] -> 0x0513
mem[X,0x000000008000165E] -> 0x6665
[1552] [M]: 0x000000008000165C (0x66650513) addi a0, a0, 0x666
x10 <- 0x0000000066666666
mem[X,0x0000000080001660] -> 0x1513
mem[X,0x0000000080001662] -> 0x00B5
[1553] [M]: 0x0000000080001660 (0x00B51513) slli a0, a0, 0xb
x10 <- 0x0000033333333000
mem[X,0x0000000080001664] -> 0x0513
mem[X,0x0000000080001666] -> 0x3335
[1554] [M]: 0x0000000080001664 (0x33350513) addi a0, a0, 0x333
x10 <- 0x0000033333333333
mem[X,0x0000000080001668] -> 0x1513
mem[X,0x000000008000166A] -> 0x00B5
[1555] [M]: 0x0000000080001668 (0x00B51513) slli a0, a0, 0xb
x10 <- 0x0019999999999800
mem[X,0x000000008000166C] -> 0x0513
mem[X,0x000000008000166E] -> 0x1995
[1556] [M]: 0x000000008000166C (0x19950513) addi a0, a0, 0x199
x10 <- 0x0019999999999999
mem[X,0x0000000080001670] -> 0x1513
mem[X,0x0000000080001672] -> 0x00A5
[1557] [M]: 0x0000000080001670 (0x00A51513) slli a0, a0, 0xa
x10 <- 0x6666666666666400
mem[X,0x0000000080001674] -> 0x0513
mem[X,0x0000000080001676] -> 0x2655
[1558] [M]: 0x0000000080001674 (0x26550513) addi a0, a0, 0x265
x10 <- 0x6666666666666665
mem[X,0x0000000080001678] -> 0x2529
[1559] [M]: 0x0000000080001678 (0x2529) c.addiw a0, 0xa
x10 <- 0x000000006666666F
mem[X,0x000000008000167A] -> 0xB023
mem[X,0x000000008000167C] -> 0x58A0
[1560] [M]: 0x000000008000167A (0x58A0B023) sd a0, 0x580(ra)
mem[0x0000000080005778] <- 0x000000006666666F
mem[X,0x000000008000167E] -> 0x6537
mem[X,0x0000000080001680] -> 0x6666
[1561] [M]: 0x000000008000167E (0x66666537) lui a0, 0x66666
x10 <- 0x0000000066666000
mem[X,0x0000000080001682] -> 0x0513
mem[X,0x0000000080001684] -> 0x6665
[1562] [M]: 0x0000000080001682 (0x66650513) addi a0, a0, 0x666
x10 <- 0x0000000066666666
mem[X,0x0000000080001686] -> 0x1513
mem[X,0x0000000080001688] -> 0x00B5
[1563] [M]: 0x0000000080001686 (0x00B51513) slli a0, a0, 0xb
x10 <- 0x0000033333333000
mem[X,0x000000008000168A] -> 0x0513
mem[X,0x000000008000168C] -> 0x3335
[1564] [M]: 0x000000008000168A (0x33350513) addi a0, a0, 0x333
x10 <- 0x0000033333333333
mem[X,0x000000008000168E] -> 0x1513
mem[X,0x0000000080001690] -> 0x00B5
[1565] [M]: 0x000000008000168E (0x00B51513) slli a0, a0, 0xb
x10 <- 0x0019999999999800
mem[X,0x0000000080001692] -> 0x0513
mem[X,0x0000000080001694] -> 0x1995
[1566] [M]: 0x0000000080001692 (0x19950513) addi a0, a0, 0x199
x10 <- 0x0019999999999999
mem[X,0x0000000080001696] -> 0x1513
mem[X,0x0000000080001698] -> 0x00A5
[1567] [M]: 0x0000000080001696 (0x00A51513) slli a0, a0, 0xa
x10 <- 0x6666666666666400
mem[X,0x000000008000169A] -> 0x0513
mem[X,0x000000008000169C] -> 0x2655
[1568] [M]: 0x000000008000169A (0x26550513) addi a0, a0, 0x265
x10 <- 0x6666666666666665
mem[X,0x000000008000169E] -> 0x2519
[1569] [M]: 0x000000008000169E (0x2519) c.addiw a0, 0x6
x10 <- 0x000000006666666B
mem[X,0x00000000800016A0] -> 0xB423
mem[X,0x00000000800016A2] -> 0x58A0
[1570] [M]: 0x00000000800016A0 (0x58A0B423) sd a0, 0x588(ra)
mem[0x0000000080005780] <- 0x000000006666666B
mem[X,0x00000000800016A4] -> 0x6537
mem[X,0x00000000800016A6] -> 0x6666
[1571] [M]: 0x00000000800016A4 (0x66666537) lui a0, 0x66666
x10 <- 0x0000000066666000
mem[X,0x00000000800016A8] -> 0x0513
mem[X,0x00000000800016AA] -> 0x6665
[1572] [M]: 0x00000000800016A8 (0x66650513) addi a0, a0, 0x666
x10 <- 0x0000000066666666
mem[X,0x00000000800016AC] -> 0x1513
mem[X,0x00000000800016AE] -> 0x00B5
[1573] [M]: 0x00000000800016AC (0x00B51513) slli a0, a0, 0xb
x10 <- 0x0000033333333000
mem[X,0x00000000800016B0] -> 0x0513
mem[X,0x00000000800016B2] -> 0x3335
[1574] [M]: 0x00000000800016B0 (0x33350513) addi a0, a0, 0x333
x10 <- 0x0000033333333333
mem[X,0x00000000800016B4] -> 0x1513
mem[X,0x00000000800016B6] -> 0x00B5
[1575] [M]: 0x00000000800016B4 (0x00B51513) slli a0, a0, 0xb
x10 <- 0x0019999999999800
mem[X,0x00000000800016B8] -> 0x0513
mem[X,0x00000000800016BA] -> 0x1995
[1576] [M]: 0x00000000800016B8 (0x19950513) addi a0, a0, 0x199
x10 <- 0x0019999999999999
mem[X,0x00000000800016BC] -> 0x1513
mem[X,0x00000000800016BE] -> 0x00A5
[1577] [M]: 0x00000000800016BC (0x00A51513) slli a0, a0, 0xa
x10 <- 0x6666666666666400
mem[X,0x00000000800016C0] -> 0x0513
mem[X,0x00000000800016C2] -> 0x2655
[1578] [M]: 0x00000000800016C0 (0x26550513) addi a0, a0, 0x265
x10 <- 0x6666666666666665
mem[X,0x00000000800016C4] -> 0x3579
[1579] [M]: 0x00000000800016C4 (0x3579) c.addiw a0, -0x2
x10 <- 0x0000000066666663
mem[X,0x00000000800016C6] -> 0xB823
mem[X,0x00000000800016C8] -> 0x58A0
[1580] [M]: 0x00000000800016C6 (0x58A0B823) sd a0, 0x590(ra)
mem[0x0000000080005788] <- 0x0000000066666663
mem[X,0x00000000800016CA] -> 0x6537
mem[X,0x00000000800016CC] -> 0x6666
[1581] [M]: 0x00000000800016CA (0x66666537) lui a0, 0x66666
x10 <- 0x0000000066666000
mem[X,0x00000000800016CE] -> 0x0513
mem[X,0x00000000800016D0] -> 0x6665
[1582] [M]: 0x00000000800016CE (0x66650513) addi a0, a0, 0x666
x10 <- 0x0000000066666666
mem[X,0x00000000800016D2] -> 0x1513
mem[X,0x00000000800016D4] -> 0x00B5
[1583] [M]: 0x00000000800016D2 (0x00B51513) slli a0, a0, 0xb
x10 <- 0x0000033333333000
mem[X,0x00000000800016D6] -> 0x0513
mem[X,0x00000000800016D8] -> 0x3335
[1584] [M]: 0x00000000800016D6 (0x33350513) addi a0, a0, 0x333
x10 <- 0x0000033333333333
mem[X,0x00000000800016DA] -> 0x1513
mem[X,0x00000000800016DC] -> 0x00B5
[1585] [M]: 0x00000000800016DA (0x00B51513) slli a0, a0, 0xb
x10 <- 0x0019999999999800
mem[X,0x00000000800016DE] -> 0x0513
mem[X,0x00000000800016E0] -> 0x1995
[1586] [M]: 0x00000000800016DE (0x19950513) addi a0, a0, 0x199
x10 <- 0x0019999999999999
mem[X,0x00000000800016E2] -> 0x1513
mem[X,0x00000000800016E4] -> 0x00A5
[1587] [M]: 0x00000000800016E2 (0x00A51513) slli a0, a0, 0xa
x10 <- 0x6666666666666400
mem[X,0x00000000800016E6] -> 0x0513
mem[X,0x00000000800016E8] -> 0x2655
[1588] [M]: 0x00000000800016E6 (0x26550513) addi a0, a0, 0x265
x10 <- 0x6666666666666665
mem[X,0x00000000800016EA] -> 0x356D
[1589] [M]: 0x00000000800016EA (0x356D) c.addiw a0, -0x5
x10 <- 0x0000000066666660
mem[X,0x00000000800016EC] -> 0xBC23
mem[X,0x00000000800016EE] -> 0x58A0
[1590] [M]: 0x00000000800016EC (0x58A0BC23) sd a0, 0x598(ra)
mem[0x0000000080005790] <- 0x0000000066666660
mem[X,0x00000000800016F0] -> 0x6537
mem[X,0x00000000800016F2] -> 0x6666
[1591] [M]: 0x00000000800016F0 (0x66666537) lui a0, 0x66666
x10 <- 0x0000000066666000
mem[X,0x00000000800016F4] -> 0x0513
mem[X,0x00000000800016F6] -> 0x6665
[1592] [M]: 0x00000000800016F4 (0x66650513) addi a0, a0, 0x666
x10 <- 0x0000000066666666
mem[X,0x00000000800016F8] -> 0x1513
mem[X,0x00000000800016FA] -> 0x00B5
[1593] [M]: 0x00000000800016F8 (0x00B51513) slli a0, a0, 0xb
x10 <- 0x0000033333333000
mem[X,0x00000000800016FC] -> 0x0513
mem[X,0x00000000800016FE] -> 0x3335
[1594] [M]: 0x00000000800016FC (0x33350513) addi a0, a0, 0x333
x10 <- 0x0000033333333333
mem[X,0x0000000080001700] -> 0x1513
mem[X,0x0000000080001702] -> 0x00B5
[1595] [M]: 0x0000000080001700 (0x00B51513) slli a0, a0, 0xb
x10 <- 0x0019999999999800
mem[X,0x0000000080001704] -> 0x0513
mem[X,0x0000000080001706] -> 0x1995
[1596] [M]: 0x0000000080001704 (0x19950513) addi a0, a0, 0x199
x10 <- 0x0019999999999999
mem[X,0x0000000080001708] -> 0x1513
mem[X,0x000000008000170A] -> 0x00A5
[1597] [M]: 0x0000000080001708 (0x00A51513) slli a0, a0, 0xa
x10 <- 0x6666666666666400
mem[X,0x000000008000170C] -> 0x0513
mem[X,0x000000008000170E] -> 0x2655
[1598] [M]: 0x000000008000170C (0x26550513) addi a0, a0, 0x265
x10 <- 0x6666666666666665
mem[X,0x0000000080001710] -> 0x2509
[1599] [M]: 0x0000000080001710 (0x2509) c.addiw a0, 0x2
x10 <- 0x0000000066666667
clint::tick mtime <- 0x0000000000000010
 clint timer pending at mtime 0x0000000000000010
htif::tick 0x0000000000000000
mem[X,0x0000000080001712] -> 0xB023
mem[X,0x0000000080001714] -> 0x5AA0
[1600] [M]: 0x0000000080001712 (0x5AA0B023) sd a0, 0x5a0(ra)
mem[0x0000000080005798] <- 0x0000000066666667
mem[X,0x0000000080001716] -> 0x6537
mem[X,0x0000000080001718] -> 0x6666
[1601] [M]: 0x0000000080001716 (0x66666537) lui a0, 0x66666
x10 <- 0x0000000066666000
mem[X,0x000000008000171A] -> 0x0513
mem[X,0x000000008000171C] -> 0x6665
[1602] [M]: 0x000000008000171A (0x66650513) addi a0, a0, 0x666
x10 <- 0x0000000066666666
mem[X,0x000000008000171E] -> 0x1513
mem[X,0x0000000080001720] -> 0x00B5
[1603] [M]: 0x000000008000171E (0x00B51513) slli a0, a0, 0xb
x10 <- 0x0000033333333000
mem[X,0x0000000080001722] -> 0x0513
mem[X,0x0000000080001724] -> 0x3335
[1604] [M]: 0x0000000080001722 (0x33350513) addi a0, a0, 0x333
x10 <- 0x0000033333333333
mem[X,0x0000000080001726] -> 0x1513
mem[X,0x0000000080001728] -> 0x00B5
[1605] [M]: 0x0000000080001726 (0x00B51513) slli a0, a0, 0xb
x10 <- 0x0019999999999800
mem[X,0x000000008000172A] -> 0x0513
mem[X,0x000000008000172C] -> 0x1995
[1606] [M]: 0x000000008000172A (0x19950513) addi a0, a0, 0x199
x10 <- 0x0019999999999999
mem[X,0x000000008000172E] -> 0x1513
mem[X,0x0000000080001730] -> 0x00A5
[1607] [M]: 0x000000008000172E (0x00A51513) slli a0, a0, 0xa
x10 <- 0x6666666666666400
mem[X,0x0000000080001732] -> 0x0513
mem[X,0x0000000080001734] -> 0x2655
[1608] [M]: 0x0000000080001732 (0x26550513) addi a0, a0, 0x265
x10 <- 0x6666666666666665
mem[X,0x0000000080001736] -> 0x2511
[1609] [M]: 0x0000000080001736 (0x2511) c.addiw a0, 0x4
x10 <- 0x0000000066666669
mem[X,0x0000000080001738] -> 0xB423
mem[X,0x000000008000173A] -> 0x5AA0
[1610] [M]: 0x0000000080001738 (0x5AA0B423) sd a0, 0x5a8(ra)
mem[0x00000000800057A0] <- 0x0000000066666669
mem[X,0x000000008000173C] -> 0x6537
mem[X,0x000000008000173E] -> 0x6666
[1611] [M]: 0x000000008000173C (0x66666537) lui a0, 0x66666
x10 <- 0x0000000066666000
mem[X,0x0000000080001740] -> 0x0513
mem[X,0x0000000080001742] -> 0x6665
[1612] [M]: 0x0000000080001740 (0x66650513) addi a0, a0, 0x666
x10 <- 0x0000000066666666
mem[X,0x0000000080001744] -> 0x1513
mem[X,0x0000000080001746] -> 0x00B5
[1613] [M]: 0x0000000080001744 (0x00B51513) slli a0, a0, 0xb
x10 <- 0x0000033333333000
mem[X,0x0000000080001748] -> 0x0513
mem[X,0x000000008000174A] -> 0x3335
[1614] [M]: 0x0000000080001748 (0x33350513) addi a0, a0, 0x333
x10 <- 0x0000033333333333
mem[X,0x000000008000174C] -> 0x1513
mem[X,0x000000008000174E] -> 0x00B5
[1615] [M]: 0x000000008000174C (0x00B51513) slli a0, a0, 0xb
x10 <- 0x0019999999999800
mem[X,0x0000000080001750] -> 0x0513
mem[X,0x0000000080001752] -> 0x1995
[1616] [M]: 0x0000000080001750 (0x19950513) addi a0, a0, 0x199
x10 <- 0x0019999999999999
mem[X,0x0000000080001754] -> 0x1513
mem[X,0x0000000080001756] -> 0x00A5
[1617] [M]: 0x0000000080001754 (0x00A51513) slli a0, a0, 0xa
x10 <- 0x6666666666666400
mem[X,0x0000000080001758] -> 0x0513
mem[X,0x000000008000175A] -> 0x2655
[1618] [M]: 0x0000000080001758 (0x26550513) addi a0, a0, 0x265
x10 <- 0x6666666666666665
mem[X,0x000000008000175C] -> 0x2525
[1619] [M]: 0x000000008000175C (0x2525) c.addiw a0, 0x9
x10 <- 0x000000006666666E
mem[X,0x000000008000175E] -> 0xB823
mem[X,0x0000000080001760] -> 0x5AA0
[1620] [M]: 0x000000008000175E (0x5AA0B823) sd a0, 0x5b0(ra)
mem[0x00000000800057A8] <- 0x000000006666666E
mem[X,0x0000000080001762] -> 0x6537
mem[X,0x0000000080001764] -> 0x6666
[1621] [M]: 0x0000000080001762 (0x66666537) lui a0, 0x66666
x10 <- 0x0000000066666000
mem[X,0x0000000080001766] -> 0x0513
mem[X,0x0000000080001768] -> 0x6665
[1622] [M]: 0x0000000080001766 (0x66650513) addi a0, a0, 0x666
x10 <- 0x0000000066666666
mem[X,0x000000008000176A] -> 0x1513
mem[X,0x000000008000176C] -> 0x00B5
[1623] [M]: 0x000000008000176A (0x00B51513) slli a0, a0, 0xb
x10 <- 0x0000033333333000
mem[X,0x000000008000176E] -> 0x0513
mem[X,0x0000000080001770] -> 0x3335
[1624] [M]: 0x000000008000176E (0x33350513) addi a0, a0, 0x333
x10 <- 0x0000033333333333
mem[X,0x0000000080001772] -> 0x1513
mem[X,0x0000000080001774] -> 0x00B5
[1625] [M]: 0x0000000080001772 (0x00B51513) slli a0, a0, 0xb
x10 <- 0x0019999999999800
mem[X,0x0000000080001776] -> 0x0513
mem[X,0x0000000080001778] -> 0x1995
[1626] [M]: 0x0000000080001776 (0x19950513) addi a0, a0, 0x199
x10 <- 0x0019999999999999
mem[X,0x000000008000177A] -> 0x1513
mem[X,0x000000008000177C] -> 0x00A5
[1627] [M]: 0x000000008000177A (0x00A51513) slli a0, a0, 0xa
x10 <- 0x6666666666666400
mem[X,0x000000008000177E] -> 0x0513
mem[X,0x0000000080001780] -> 0x2655
[1628] [M]: 0x000000008000177E (0x26550513) addi a0, a0, 0x265
x10 <- 0x6666666666666665
mem[X,0x0000000080001782] -> 0x2501
[1629] [M]: 0x0000000080001782 (0x2501) c.addiw a0, 0x0
x10 <- 0x0000000066666665
mem[X,0x0000000080001784] -> 0xBC23
mem[X,0x0000000080001786] -> 0x5AA0
[1630] [M]: 0x0000000080001784 (0x5AA0BC23) sd a0, 0x5b8(ra)
mem[0x00000000800057B0] <- 0x0000000066666665
mem[X,0x0000000080001788] -> 0x6537
mem[X,0x000000008000178A] -> 0x6666
[1631] [M]: 0x0000000080001788 (0x66666537) lui a0, 0x66666
x10 <- 0x0000000066666000
mem[X,0x000000008000178C] -> 0x0513
mem[X,0x000000008000178E] -> 0x6665
[1632] [M]: 0x000000008000178C (0x66650513) addi a0, a0, 0x666
x10 <- 0x0000000066666666
mem[X,0x0000000080001790] -> 0x1513
mem[X,0x0000000080001792] -> 0x00B5
[1633] [M]: 0x0000000080001790 (0x00B51513) slli a0, a0, 0xb
x10 <- 0x0000033333333000
mem[X,0x0000000080001794] -> 0x0513
mem[X,0x0000000080001796] -> 0x3335
[1634] [M]: 0x0000000080001794 (0x33350513) addi a0, a0, 0x333
x10 <- 0x0000033333333333
mem[X,0x0000000080001798] -> 0x1513
mem[X,0x000000008000179A] -> 0x00B5
[1635] [M]: 0x0000000080001798 (0x00B51513) slli a0, a0, 0xb
x10 <- 0x0019999999999800
mem[X,0x000000008000179C] -> 0x0513
mem[X,0x000000008000179E] -> 0x1995
[1636] [M]: 0x000000008000179C (0x19950513) addi a0, a0, 0x199
x10 <- 0x0019999999999999
mem[X,0x00000000800017A0] -> 0x1513
mem[X,0x00000000800017A2] -> 0x00A5
[1637] [M]: 0x00000000800017A0 (0x00A51513) slli a0, a0, 0xa
x10 <- 0x6666666666666400
mem[X,0x00000000800017A4] -> 0x0513
mem[X,0x00000000800017A6] -> 0x2655
[1638] [M]: 0x00000000800017A4 (0x26550513) addi a0, a0, 0x265
x10 <- 0x6666666666666665
mem[X,0x00000000800017A8] -> 0x252D
[1639] [M]: 0x00000000800017A8 (0x252D) c.addiw a0, 0xb
x10 <- 0x0000000066666670
mem[X,0x00000000800017AA] -> 0xB023
mem[X,0x00000000800017AC] -> 0x5CA0
[1640] [M]: 0x00000000800017AA (0x5CA0B023) sd a0, 0x5c0(ra)
mem[0x00000000800057B8] <- 0x0000000066666670
mem[X,0x00000000800017AE] -> 0x6537
mem[X,0x00000000800017B0] -> 0x6666
[1641] [M]: 0x00000000800017AE (0x66666537) lui a0, 0x66666
x10 <- 0x0000000066666000
mem[X,0x00000000800017B2] -> 0x0513
mem[X,0x00000000800017B4] -> 0x6665
[1642] [M]: 0x00000000800017B2 (0x66650513) addi a0, a0, 0x666
x10 <- 0x0000000066666666
mem[X,0x00000000800017B6] -> 0x1513
mem[X,0x00000000800017B8] -> 0x00B5
[1643] [M]: 0x00000000800017B6 (0x00B51513) slli a0, a0, 0xb
x10 <- 0x0000033333333000
mem[X,0x00000000800017BA] -> 0x0513
mem[X,0x00000000800017BC] -> 0x3335
[1644] [M]: 0x00000000800017BA (0x33350513) addi a0, a0, 0x333
x10 <- 0x0000033333333333
mem[X,0x00000000800017BE] -> 0x1513
mem[X,0x00000000800017C0] -> 0x00B5
[1645] [M]: 0x00000000800017BE (0x00B51513) slli a0, a0, 0xb
x10 <- 0x0019999999999800
mem[X,0x00000000800017C2] -> 0x0513
mem[X,0x00000000800017C4] -> 0x1995
[1646] [M]: 0x00000000800017C2 (0x19950513) addi a0, a0, 0x199
x10 <- 0x0019999999999999
mem[X,0x00000000800017C6] -> 0x1513
mem[X,0x00000000800017C8] -> 0x00A5
[1647] [M]: 0x00000000800017C6 (0x00A51513) slli a0, a0, 0xa
x10 <- 0x6666666666666400
mem[X,0x00000000800017CA] -> 0x0513
mem[X,0x00000000800017CC] -> 0x2655
[1648] [M]: 0x00000000800017CA (0x26550513) addi a0, a0, 0x265
x10 <- 0x6666666666666665
mem[X,0x00000000800017CE] -> 0x251D
[1649] [M]: 0x00000000800017CE (0x251D) c.addiw a0, 0x7
x10 <- 0x000000006666666C
mem[X,0x00000000800017D0] -> 0xB423
mem[X,0x00000000800017D2] -> 0x5CA0
[1650] [M]: 0x00000000800017D0 (0x5CA0B423) sd a0, 0x5c8(ra)
mem[0x00000000800057C0] <- 0x000000006666666C
mem[X,0x00000000800017D4] -> 0x6537
mem[X,0x00000000800017D6] -> 0x6666
[1651] [M]: 0x00000000800017D4 (0x66666537) lui a0, 0x66666
x10 <- 0x0000000066666000
mem[X,0x00000000800017D8] -> 0x0513
mem[X,0x00000000800017DA] -> 0x6665
[1652] [M]: 0x00000000800017D8 (0x66650513) addi a0, a0, 0x666
x10 <- 0x0000000066666666
mem[X,0x00000000800017DC] -> 0x1513
mem[X,0x00000000800017DE] -> 0x00B5
[1653] [M]: 0x00000000800017DC (0x00B51513) slli a0, a0, 0xb
x10 <- 0x0000033333333000
mem[X,0x00000000800017E0] -> 0x0513
mem[X,0x00000000800017E2] -> 0x3335
[1654] [M]: 0x00000000800017E0 (0x33350513) addi a0, a0, 0x333
x10 <- 0x0000033333333333
mem[X,0x00000000800017E4] -> 0x1513
mem[X,0x00000000800017E6] -> 0x00B5
[1655] [M]: 0x00000000800017E4 (0x00B51513) slli a0, a0, 0xb
x10 <- 0x0019999999999800
mem[X,0x00000000800017E8] -> 0x0513
mem[X,0x00000000800017EA] -> 0x1995
[1656] [M]: 0x00000000800017E8 (0x19950513) addi a0, a0, 0x199
x10 <- 0x0019999999999999
mem[X,0x00000000800017EC] -> 0x1513
mem[X,0x00000000800017EE] -> 0x00A5
[1657] [M]: 0x00000000800017EC (0x00A51513) slli a0, a0, 0xa
x10 <- 0x6666666666666400
mem[X,0x00000000800017F0] -> 0x0513
mem[X,0x00000000800017F2] -> 0x2655
[1658] [M]: 0x00000000800017F0 (0x26550513) addi a0, a0, 0x265
x10 <- 0x6666666666666665
mem[X,0x00000000800017F4] -> 0x357D
[1659] [M]: 0x00000000800017F4 (0x357D) c.addiw a0, -0x1
x10 <- 0x0000000066666664
mem[X,0x00000000800017F6] -> 0xB823
mem[X,0x00000000800017F8] -> 0x5CA0
[1660] [M]: 0x00000000800017F6 (0x5CA0B823) sd a0, 0x5d0(ra)
mem[0x00000000800057C8] <- 0x0000000066666664
mem[X,0x00000000800017FA] -> 0x6537
mem[X,0x00000000800017FC] -> 0x6666
[1661] [M]: 0x00000000800017FA (0x66666537) lui a0, 0x66666
x10 <- 0x0000000066666000
mem[X,0x00000000800017FE] -> 0x0513
mem[X,0x0000000080001800] -> 0x6665
[1662] [M]: 0x00000000800017FE (0x66650513) addi a0, a0, 0x666
x10 <- 0x0000000066666666
mem[X,0x0000000080001802] -> 0x1513
mem[X,0x0000000080001804] -> 0x00B5
[1663] [M]: 0x0000000080001802 (0x00B51513) slli a0, a0, 0xb
x10 <- 0x0000033333333000
mem[X,0x0000000080001806] -> 0x0513
mem[X,0x0000000080001808] -> 0x3335
[1664] [M]: 0x0000000080001806 (0x33350513) addi a0, a0, 0x333
x10 <- 0x0000033333333333
mem[X,0x000000008000180A] -> 0x1513
mem[X,0x000000008000180C] -> 0x00B5
[1665] [M]: 0x000000008000180A (0x00B51513) slli a0, a0, 0xb
x10 <- 0x0019999999999800
mem[X,0x000000008000180E] -> 0x0513
mem[X,0x0000000080001810] -> 0x1995
[1666] [M]: 0x000000008000180E (0x19950513) addi a0, a0, 0x199
x10 <- 0x0019999999999999
mem[X,0x0000000080001812] -> 0x1513
mem[X,0x0000000080001814] -> 0x00A5
[1667] [M]: 0x0000000080001812 (0x00A51513) slli a0, a0, 0xa
x10 <- 0x6666666666666400
mem[X,0x0000000080001816] -> 0x0513
mem[X,0x0000000080001818] -> 0x2655
[1668] [M]: 0x0000000080001816 (0x26550513) addi a0, a0, 0x265
x10 <- 0x6666666666666665
mem[X,0x000000008000181A] -> 0x3571
[1669] [M]: 0x000000008000181A (0x3571) c.addiw a0, -0x4
x10 <- 0x0000000066666661
mem[X,0x000000008000181C] -> 0xBC23
mem[X,0x000000008000181E] -> 0x5CA0
[1670] [M]: 0x000000008000181C (0x5CA0BC23) sd a0, 0x5d8(ra)
mem[0x00000000800057D0] <- 0x0000000066666661
mem[X,0x0000000080001820] -> 0x0537
mem[X,0x0000000080001822] -> 0x0000
[1671] [M]: 0x0000000080001820 (0x00000537) lui a0, 0x0
x10 <- 0x0000000000000000
mem[X,0x0000000080001824] -> 0x0513
mem[X,0x0000000080001826] -> 0x0005
[1672] [M]: 0x0000000080001824 (0x00050513) addi a0, a0, 0x0
x10 <- 0x0000000000000000
mem[X,0x0000000080001828] -> 0x1513
mem[X,0x000000008000182A] -> 0x00B5
[1673] [M]: 0x0000000080001828 (0x00B51513) slli a0, a0, 0xb
x10 <- 0x0000000000000000
mem[X,0x000000008000182C] -> 0x0513
mem[X,0x000000008000182E] -> 0x5A85
[1674] [M]: 0x000000008000182C (0x5A850513) addi a0, a0, 0x5a8
x10 <- 0x00000000000005A8
mem[X,0x0000000080001830] -> 0x1513
mem[X,0x0000000080001832] -> 0x00B5
[1675] [M]: 0x0000000080001830 (0x00B51513) slli a0, a0, 0xb
x10 <- 0x00000000002D4000
mem[X,0x0000000080001834] -> 0x0513
mem[X,0x0000000080001836] -> 0x13C5
[1676] [M]: 0x0000000080001834 (0x13C50513) addi a0, a0, 0x13c
x10 <- 0x00000000002D413C
mem[X,0x0000000080001838] -> 0x1513
mem[X,0x000000008000183A] -> 0x00A5
[1677] [M]: 0x0000000080001838 (0x00A51513) slli a0, a0, 0xa
x10 <- 0x00000000B504F000
mem[X,0x000000008000183C] -> 0x0513
mem[X,0x000000008000183E] -> 0x3325
[1678] [M]: 0x000000008000183C (0x33250513) addi a0, a0, 0x332
x10 <- 0x00000000B504F332
mem[X,0x0000000080001840] -> 0x250D
[1679] [M]: 0x0000000080001840 (0x250D) c.addiw a0, 0x3
x10 <- 0xFFFFFFFFB504F335
mem[X,0x0000000080001842] -> 0xB023
mem[X,0x0000000080001844] -> 0x5EA0
[1680] [M]: 0x0000000080001842 (0x5EA0B023) sd a0, 0x5e0(ra)
mem[0x00000000800057D8] <- 0xFFFFFFFFB504F335
mem[X,0x0000000080001846] -> 0x0537
mem[X,0x0000000080001848] -> 0x0000
[1681] [M]: 0x0000000080001846 (0x00000537) lui a0, 0x0
x10 <- 0x0000000000000000
mem[X,0x000000008000184A] -> 0x0513
mem[X,0x000000008000184C] -> 0x0005
[1682] [M]: 0x000000008000184A (0x00050513) addi a0, a0, 0x0
x10 <- 0x0000000000000000
mem[X,0x000000008000184E] -> 0x1513
mem[X,0x0000000080001850] -> 0x00B5
[1683] [M]: 0x000000008000184E (0x00B51513) slli a0, a0, 0xb
x10 <- 0x0000000000000000
mem[X,0x0000000080001852] -> 0x0513
mem[X,0x0000000080001854] -> 0x5A85
[1684] [M]: 0x0000000080001852 (0x5A850513) addi a0, a0, 0x5a8
x10 <- 0x00000000000005A8
mem[X,0x0000000080001856] -> 0x1513
mem[X,0x0000000080001858] -> 0x00B5
[1685] [M]: 0x0000000080001856 (0x00B51513) slli a0, a0, 0xb
x10 <- 0x00000000002D4000
mem[X,0x000000008000185A] -> 0x0513
mem[X,0x000000008000185C] -> 0x13C5
[1686] [M]: 0x000000008000185A (0x13C50513) addi a0, a0, 0x13c
x10 <- 0x00000000002D413C
mem[X,0x000000008000185E] -> 0x1513
mem[X,0x0000000080001860] -> 0x00A5
[1687] [M]: 0x000000008000185E (0x00A51513) slli a0, a0, 0xa
x10 <- 0x00000000B504F000
mem[X,0x0000000080001862] -> 0x0513
mem[X,0x0000000080001864] -> 0x3325
[1688] [M]: 0x0000000080001862 (0x33250513) addi a0, a0, 0x332
x10 <- 0x00000000B504F332
mem[X,0x0000000080001866] -> 0x2515
[1689] [M]: 0x0000000080001866 (0x2515) c.addiw a0, 0x5
x10 <- 0xFFFFFFFFB504F337
mem[X,0x0000000080001868] -> 0xB423
mem[X,0x000000008000186A] -> 0x5EA0
[1690] [M]: 0x0000000080001868 (0x5EA0B423) sd a0, 0x5e8(ra)
mem[0x00000000800057E0] <- 0xFFFFFFFFB504F337
mem[X,0x000000008000186C] -> 0x0537
mem[X,0x000000008000186E] -> 0x0000
[1691] [M]: 0x000000008000186C (0x00000537) lui a0, 0x0
x10 <- 0x0000000000000000
mem[X,0x0000000080001870] -> 0x0513
mem[X,0x0000000080001872] -> 0x0005
[1692] [M]: 0x0000000080001870 (0x00050513) addi a0, a0, 0x0
x10 <- 0x0000000000000000
mem[X,0x0000000080001874] -> 0x1513
mem[X,0x0000000080001876] -> 0x00B5
[1693] [M]: 0x0000000080001874 (0x00B51513) slli a0, a0, 0xb
x10 <- 0x0000000000000000
mem[X,0x0000000080001878] -> 0x0513
mem[X,0x000000008000187A] -> 0x5A85
[1694] [M]: 0x0000000080001878 (0x5A850513) addi a0, a0, 0x5a8
x10 <- 0x00000000000005A8
mem[X,0x000000008000187C] -> 0x1513
mem[X,0x000000008000187E] -> 0x00B5
[1695] [M]: 0x000000008000187C (0x00B51513) slli a0, a0, 0xb
x10 <- 0x00000000002D4000
mem[X,0x0000000080001880] -> 0x0513
mem[X,0x0000000080001882] -> 0x13C5
[1696] [M]: 0x0000000080001880 (0x13C50513) addi a0, a0, 0x13c
x10 <- 0x00000000002D413C
mem[X,0x0000000080001884] -> 0x1513
mem[X,0x0000000080001886] -> 0x00A5
[1697] [M]: 0x0000000080001884 (0x00A51513) slli a0, a0, 0xa
x10 <- 0x00000000B504F000
mem[X,0x0000000080001888] -> 0x0513
mem[X,0x000000008000188A] -> 0x3325
[1698] [M]: 0x0000000080001888 (0x33250513) addi a0, a0, 0x332
x10 <- 0x00000000B504F332
mem[X,0x000000008000188C] -> 0x2529
[1699] [M]: 0x000000008000188C (0x2529) c.addiw a0, 0xa
x10 <- 0xFFFFFFFFB504F33C
clint::tick mtime <- 0x0000000000000011
 clint timer pending at mtime 0x0000000000000011
htif::tick 0x0000000000000000
mem[X,0x000000008000188E] -> 0xB823
mem[X,0x0000000080001890] -> 0x5EA0
[1700] [M]: 0x000000008000188E (0x5EA0B823) sd a0, 0x5f0(ra)
mem[0x00000000800057E8] <- 0xFFFFFFFFB504F33C
mem[X,0x0000000080001892] -> 0x0537
mem[X,0x0000000080001894] -> 0x0000
[1701] [M]: 0x0000000080001892 (0x00000537) lui a0, 0x0
x10 <- 0x0000000000000000
mem[X,0x0000000080001896] -> 0x0513
mem[X,0x0000000080001898] -> 0x0005
[1702] [M]: 0x0000000080001896 (0x00050513) addi a0, a0, 0x0
x10 <- 0x0000000000000000
mem[X,0x000000008000189A] -> 0x1513
mem[X,0x000000008000189C] -> 0x00B5
[1703] [M]: 0x000000008000189A (0x00B51513) slli a0, a0, 0xb
x10 <- 0x0000000000000000
mem[X,0x000000008000189E] -> 0x0513
mem[X,0x00000000800018A0] -> 0x5A85
[1704] [M]: 0x000000008000189E (0x5A850513) addi a0, a0, 0x5a8
x10 <- 0x00000000000005A8
mem[X,0x00000000800018A2] -> 0x1513
mem[X,0x00000000800018A4] -> 0x00B5
[1705] [M]: 0x00000000800018A2 (0x00B51513) slli a0, a0, 0xb
x10 <- 0x00000000002D4000
mem[X,0x00000000800018A6] -> 0x0513
mem[X,0x00000000800018A8] -> 0x13C5
[1706] [M]: 0x00000000800018A6 (0x13C50513) addi a0, a0, 0x13c
x10 <- 0x00000000002D413C
mem[X,0x00000000800018AA] -> 0x1513
mem[X,0x00000000800018AC] -> 0x00A5
[1707] [M]: 0x00000000800018AA (0x00A51513) slli a0, a0, 0xa
x10 <- 0x00000000B504F000
mem[X,0x00000000800018AE] -> 0x0513
mem[X,0x00000000800018B0] -> 0x3325
[1708] [M]: 0x00000000800018AE (0x33250513) addi a0, a0, 0x332
x10 <- 0x00000000B504F332
mem[X,0x00000000800018B2] -> 0x2519
[1709] [M]: 0x00000000800018B2 (0x2519) c.addiw a0, 0x6
x10 <- 0xFFFFFFFFB504F338
mem[X,0x00000000800018B4] -> 0xBC23
mem[X,0x00000000800018B6] -> 0x5EA0
[1710] [M]: 0x00000000800018B4 (0x5EA0BC23) sd a0, 0x5f8(ra)
mem[0x00000000800057F0] <- 0xFFFFFFFFB504F338
mem[X,0x00000000800018B8] -> 0x0537
mem[X,0x00000000800018BA] -> 0x0000
[1711] [M]: 0x00000000800018B8 (0x00000537) lui a0, 0x0
x10 <- 0x0000000000000000
mem[X,0x00000000800018BC] -> 0x0513
mem[X,0x00000000800018BE] -> 0x0005
[1712] [M]: 0x00000000800018BC (0x00050513) addi a0, a0, 0x0
x10 <- 0x0000000000000000
mem[X,0x00000000800018C0] -> 0x1513
mem[X,0x00000000800018C2] -> 0x00B5
[1713] [M]: 0x00000000800018C0 (0x00B51513) slli a0, a0, 0xb
x10 <- 0x0000000000000000
mem[X,0x00000000800018C4] -> 0x0513
mem[X,0x00000000800018C6] -> 0x5A85
[1714] [M]: 0x00000000800018C4 (0x5A850513) addi a0, a0, 0x5a8
x10 <- 0x00000000000005A8
mem[X,0x00000000800018C8] -> 0x1513
mem[X,0x00000000800018CA] -> 0x00B5
[1715] [M]: 0x00000000800018C8 (0x00B51513) slli a0, a0, 0xb
x10 <- 0x00000000002D4000
mem[X,0x00000000800018CC] -> 0x0513
mem[X,0x00000000800018CE] -> 0x13C5
[1716] [M]: 0x00000000800018CC (0x13C50513) addi a0, a0, 0x13c
x10 <- 0x00000000002D413C
mem[X,0x00000000800018D0] -> 0x1513
mem[X,0x00000000800018D2] -> 0x00A5
[1717] [M]: 0x00000000800018D0 (0x00A51513) slli a0, a0, 0xa
x10 <- 0x00000000B504F000
mem[X,0x00000000800018D4] -> 0x0513
mem[X,0x00000000800018D6] -> 0x3325
[1718] [M]: 0x00000000800018D4 (0x33250513) addi a0, a0, 0x332
x10 <- 0x00000000B504F332
mem[X,0x00000000800018D8] -> 0x3579
[1719] [M]: 0x00000000800018D8 (0x3579) c.addiw a0, -0x2
x10 <- 0xFFFFFFFFB504F330
mem[X,0x00000000800018DA] -> 0xB023
mem[X,0x00000000800018DC] -> 0x60A0
[1720] [M]: 0x00000000800018DA (0x60A0B023) sd a0, 0x600(ra)
mem[0x00000000800057F8] <- 0xFFFFFFFFB504F330
mem[X,0x00000000800018DE] -> 0x0537
mem[X,0x00000000800018E0] -> 0x0000
[1721] [M]: 0x00000000800018DE (0x00000537) lui a0, 0x0
x10 <- 0x0000000000000000
mem[X,0x00000000800018E2] -> 0x0513
mem[X,0x00000000800018E4] -> 0x0005
[1722] [M]: 0x00000000800018E2 (0x00050513) addi a0, a0, 0x0
x10 <- 0x0000000000000000
mem[X,0x00000000800018E6] -> 0x1513
mem[X,0x00000000800018E8] -> 0x00B5
[1723] [M]: 0x00000000800018E6 (0x00B51513) slli a0, a0, 0xb
x10 <- 0x0000000000000000
mem[X,0x00000000800018EA] -> 0x0513
mem[X,0x00000000800018EC] -> 0x5A85
[1724] [M]: 0x00000000800018EA (0x5A850513) addi a0, a0, 0x5a8
x10 <- 0x00000000000005A8
mem[X,0x00000000800018EE] -> 0x1513
mem[X,0x00000000800018F0] -> 0x00B5
[1725] [M]: 0x00000000800018EE (0x00B51513) slli a0, a0, 0xb
x10 <- 0x00000000002D4000
mem[X,0x00000000800018F2] -> 0x0513
mem[X,0x00000000800018F4] -> 0x13C5
[1726] [M]: 0x00000000800018F2 (0x13C50513) addi a0, a0, 0x13c
x10 <- 0x00000000002D413C
mem[X,0x00000000800018F6] -> 0x1513
mem[X,0x00000000800018F8] -> 0x00A5
[1727] [M]: 0x00000000800018F6 (0x00A51513) slli a0, a0, 0xa
x10 <- 0x00000000B504F000
mem[X,0x00000000800018FA] -> 0x0513
mem[X,0x00000000800018FC] -> 0x3325
[1728] [M]: 0x00000000800018FA (0x33250513) addi a0, a0, 0x332
x10 <- 0x00000000B504F332
mem[X,0x00000000800018FE] -> 0x356D
[1729] [M]: 0x00000000800018FE (0x356D) c.addiw a0, -0x5
x10 <- 0xFFFFFFFFB504F32D
mem[X,0x0000000080001900] -> 0xB423
mem[X,0x0000000080001902] -> 0x60A0
[1730] [M]: 0x0000000080001900 (0x60A0B423) sd a0, 0x608(ra)
mem[0x0000000080005800] <- 0xFFFFFFFFB504F32D
mem[X,0x0000000080001904] -> 0x0537
mem[X,0x0000000080001906] -> 0x0000
[1731] [M]: 0x0000000080001904 (0x00000537) lui a0, 0x0
x10 <- 0x0000000000000000
mem[X,0x0000000080001908] -> 0x0513
mem[X,0x000000008000190A] -> 0x0005
[1732] [M]: 0x0000000080001908 (0x00050513) addi a0, a0, 0x0
x10 <- 0x0000000000000000
mem[X,0x000000008000190C] -> 0x1513
mem[X,0x000000008000190E] -> 0x00B5
[1733] [M]: 0x000000008000190C (0x00B51513) slli a0, a0, 0xb
x10 <- 0x0000000000000000
mem[X,0x0000000080001910] -> 0x0513
mem[X,0x0000000080001912] -> 0x5A85
[1734] [M]: 0x0000000080001910 (0x5A850513) addi a0, a0, 0x5a8
x10 <- 0x00000000000005A8
mem[X,0x0000000080001914] -> 0x1513
mem[X,0x0000000080001916] -> 0x00B5
[1735] [M]: 0x0000000080001914 (0x00B51513) slli a0, a0, 0xb
x10 <- 0x00000000002D4000
mem[X,0x0000000080001918] -> 0x0513
mem[X,0x000000008000191A] -> 0x13C5
[1736] [M]: 0x0000000080001918 (0x13C50513) addi a0, a0, 0x13c
x10 <- 0x00000000002D413C
mem[X,0x000000008000191C] -> 0x1513
mem[X,0x000000008000191E] -> 0x00A5
[1737] [M]: 0x000000008000191C (0x00A51513) slli a0, a0, 0xa
x10 <- 0x00000000B504F000
mem[X,0x0000000080001920] -> 0x0513
mem[X,0x0000000080001922] -> 0x3325
[1738] [M]: 0x0000000080001920 (0x33250513) addi a0, a0, 0x332
x10 <- 0x00000000B504F332
mem[X,0x0000000080001924] -> 0x2509
[1739] [M]: 0x0000000080001924 (0x2509) c.addiw a0, 0x2
x10 <- 0xFFFFFFFFB504F334
mem[X,0x0000000080001926] -> 0xB823
mem[X,0x0000000080001928] -> 0x60A0
[1740] [M]: 0x0000000080001926 (0x60A0B823) sd a0, 0x610(ra)
mem[0x0000000080005808] <- 0xFFFFFFFFB504F334
mem[X,0x000000008000192A] -> 0x0537
mem[X,0x000000008000192C] -> 0x0000
[1741] [M]: 0x000000008000192A (0x00000537) lui a0, 0x0
x10 <- 0x0000000000000000
mem[X,0x000000008000192E] -> 0x0513
mem[X,0x0000000080001930] -> 0x0005
[1742] [M]: 0x000000008000192E (0x00050513) addi a0, a0, 0x0
x10 <- 0x0000000000000000
mem[X,0x0000000080001932] -> 0x1513
mem[X,0x0000000080001934] -> 0x00B5
[1743] [M]: 0x0000000080001932 (0x00B51513) slli a0, a0, 0xb
x10 <- 0x0000000000000000
mem[X,0x0000000080001936] -> 0x0513
mem[X,0x0000000080001938] -> 0x5A85
[1744] [M]: 0x0000000080001936 (0x5A850513) addi a0, a0, 0x5a8
x10 <- 0x00000000000005A8
mem[X,0x000000008000193A] -> 0x1513
mem[X,0x000000008000193C] -> 0x00B5
[1745] [M]: 0x000000008000193A (0x00B51513) slli a0, a0, 0xb
x10 <- 0x00000000002D4000
mem[X,0x000000008000193E] -> 0x0513
mem[X,0x0000000080001940] -> 0x13C5
[1746] [M]: 0x000000008000193E (0x13C50513) addi a0, a0, 0x13c
x10 <- 0x00000000002D413C
mem[X,0x0000000080001942] -> 0x1513
mem[X,0x0000000080001944] -> 0x00A5
[1747] [M]: 0x0000000080001942 (0x00A51513) slli a0, a0, 0xa
x10 <- 0x00000000B504F000
mem[X,0x0000000080001946] -> 0x0513
mem[X,0x0000000080001948] -> 0x3325
[1748] [M]: 0x0000000080001946 (0x33250513) addi a0, a0, 0x332
x10 <- 0x00000000B504F332
mem[X,0x000000008000194A] -> 0x2511
[1749] [M]: 0x000000008000194A (0x2511) c.addiw a0, 0x4
x10 <- 0xFFFFFFFFB504F336
mem[X,0x000000008000194C] -> 0xBC23
mem[X,0x000000008000194E] -> 0x60A0
[1750] [M]: 0x000000008000194C (0x60A0BC23) sd a0, 0x618(ra)
mem[0x0000000080005810] <- 0xFFFFFFFFB504F336
mem[X,0x0000000080001950] -> 0x0537
mem[X,0x0000000080001952] -> 0x0000
[1751] [M]: 0x0000000080001950 (0x00000537) lui a0, 0x0
x10 <- 0x0000000000000000
mem[X,0x0000000080001954] -> 0x0513
mem[X,0x0000000080001956] -> 0x0005
[1752] [M]: 0x0000000080001954 (0x00050513) addi a0, a0, 0x0
x10 <- 0x0000000000000000
mem[X,0x0000000080001958] -> 0x1513
mem[X,0x000000008000195A] -> 0x00B5
[1753] [M]: 0x0000000080001958 (0x00B51513) slli a0, a0, 0xb
x10 <- 0x0000000000000000
mem[X,0x000000008000195C] -> 0x0513
mem[X,0x000000008000195E] -> 0x5A85
[1754] [M]: 0x000000008000195C (0x5A850513) addi a0, a0, 0x5a8
x10 <- 0x00000000000005A8
mem[X,0x0000000080001960] -> 0x1513
mem[X,0x0000000080001962] -> 0x00B5
[1755] [M]: 0x0000000080001960 (0x00B51513) slli a0, a0, 0xb
x10 <- 0x00000000002D4000
mem[X,0x0000000080001964] -> 0x0513
mem[X,0x0000000080001966] -> 0x13C5
[1756] [M]: 0x0000000080001964 (0x13C50513) addi a0, a0, 0x13c
x10 <- 0x00000000002D413C
mem[X,0x0000000080001968] -> 0x1513
mem[X,0x000000008000196A] -> 0x00A5
[1757] [M]: 0x0000000080001968 (0x00A51513) slli a0, a0, 0xa
x10 <- 0x00000000B504F000
mem[X,0x000000008000196C] -> 0x0513
mem[X,0x000000008000196E] -> 0x3325
[1758] [M]: 0x000000008000196C (0x33250513) addi a0, a0, 0x332
x10 <- 0x00000000B504F332
mem[X,0x0000000080001970] -> 0x2525
[1759] [M]: 0x0000000080001970 (0x2525) c.addiw a0, 0x9
x10 <- 0xFFFFFFFFB504F33B
mem[X,0x0000000080001972] -> 0xB023
mem[X,0x0000000080001974] -> 0x62A0
[1760] [M]: 0x0000000080001972 (0x62A0B023) sd a0, 0x620(ra)
mem[0x0000000080005818] <- 0xFFFFFFFFB504F33B
mem[X,0x0000000080001976] -> 0x0537
mem[X,0x0000000080001978] -> 0x0000
[1761] [M]: 0x0000000080001976 (0x00000537) lui a0, 0x0
x10 <- 0x0000000000000000
mem[X,0x000000008000197A] -> 0x0513
mem[X,0x000000008000197C] -> 0x0005
[1762] [M]: 0x000000008000197A (0x00050513) addi a0, a0, 0x0
x10 <- 0x0000000000000000
mem[X,0x000000008000197E] -> 0x1513
mem[X,0x0000000080001980] -> 0x00B5
[1763] [M]: 0x000000008000197E (0x00B51513) slli a0, a0, 0xb
x10 <- 0x0000000000000000
mem[X,0x0000000080001982] -> 0x0513
mem[X,0x0000000080001984] -> 0x5A85
[1764] [M]: 0x0000000080001982 (0x5A850513) addi a0, a0, 0x5a8
x10 <- 0x00000000000005A8
mem[X,0x0000000080001986] -> 0x1513
mem[X,0x0000000080001988] -> 0x00B5
[1765] [M]: 0x0000000080001986 (0x00B51513) slli a0, a0, 0xb
x10 <- 0x00000000002D4000
mem[X,0x000000008000198A] -> 0x0513
mem[X,0x000000008000198C] -> 0x13C5
[1766] [M]: 0x000000008000198A (0x13C50513) addi a0, a0, 0x13c
x10 <- 0x00000000002D413C
mem[X,0x000000008000198E] -> 0x1513
mem[X,0x0000000080001990] -> 0x00A5
[1767] [M]: 0x000000008000198E (0x00A51513) slli a0, a0, 0xa
x10 <- 0x00000000B504F000
mem[X,0x0000000080001992] -> 0x0513
mem[X,0x0000000080001994] -> 0x3325
[1768] [M]: 0x0000000080001992 (0x33250513) addi a0, a0, 0x332
x10 <- 0x00000000B504F332
mem[X,0x0000000080001996] -> 0x2501
[1769] [M]: 0x0000000080001996 (0x2501) c.addiw a0, 0x0
x10 <- 0xFFFFFFFFB504F332
mem[X,0x0000000080001998] -> 0xB423
mem[X,0x000000008000199A] -> 0x62A0
[1770] [M]: 0x0000000080001998 (0x62A0B423) sd a0, 0x628(ra)
mem[0x0000000080005820] <- 0xFFFFFFFFB504F332
mem[X,0x000000008000199C] -> 0x0537
mem[X,0x000000008000199E] -> 0x0000
[1771] [M]: 0x000000008000199C (0x00000537) lui a0, 0x0
x10 <- 0x0000000000000000
mem[X,0x00000000800019A0] -> 0x0513
mem[X,0x00000000800019A2] -> 0x0005
[1772] [M]: 0x00000000800019A0 (0x00050513) addi a0, a0, 0x0
x10 <- 0x0000000000000000
mem[X,0x00000000800019A4] -> 0x1513
mem[X,0x00000000800019A6] -> 0x00B5
[1773] [M]: 0x00000000800019A4 (0x00B51513) slli a0, a0, 0xb
x10 <- 0x0000000000000000
mem[X,0x00000000800019A8] -> 0x0513
mem[X,0x00000000800019AA] -> 0x5A85
[1774] [M]: 0x00000000800019A8 (0x5A850513) addi a0, a0, 0x5a8
x10 <- 0x00000000000005A8
mem[X,0x00000000800019AC] -> 0x1513
mem[X,0x00000000800019AE] -> 0x00B5
[1775] [M]: 0x00000000800019AC (0x00B51513) slli a0, a0, 0xb
x10 <- 0x00000000002D4000
mem[X,0x00000000800019B0] -> 0x0513
mem[X,0x00000000800019B2] -> 0x13C5
[1776] [M]: 0x00000000800019B0 (0x13C50513) addi a0, a0, 0x13c
x10 <- 0x00000000002D413C
mem[X,0x00000000800019B4] -> 0x1513
mem[X,0x00000000800019B6] -> 0x00A5
[1777] [M]: 0x00000000800019B4 (0x00A51513) slli a0, a0, 0xa
x10 <- 0x00000000B504F000
mem[X,0x00000000800019B8] -> 0x0513
mem[X,0x00000000800019BA] -> 0x3325
[1778] [M]: 0x00000000800019B8 (0x33250513) addi a0, a0, 0x332
x10 <- 0x00000000B504F332
mem[X,0x00000000800019BC] -> 0x252D
[1779] [M]: 0x00000000800019BC (0x252D) c.addiw a0, 0xb
x10 <- 0xFFFFFFFFB504F33D
mem[X,0x00000000800019BE] -> 0xB823
mem[X,0x00000000800019C0] -> 0x62A0
[1780] [M]: 0x00000000800019BE (0x62A0B823) sd a0, 0x630(ra)
mem[0x0000000080005828] <- 0xFFFFFFFFB504F33D
mem[X,0x00000000800019C2] -> 0x0537
mem[X,0x00000000800019C4] -> 0x0000
[1781] [M]: 0x00000000800019C2 (0x00000537) lui a0, 0x0
x10 <- 0x0000000000000000
mem[X,0x00000000800019C6] -> 0x0513
mem[X,0x00000000800019C8] -> 0x0005
[1782] [M]: 0x00000000800019C6 (0x00050513) addi a0, a0, 0x0
x10 <- 0x0000000000000000
mem[X,0x00000000800019CA] -> 0x1513
mem[X,0x00000000800019CC] -> 0x00B5
[1783] [M]: 0x00000000800019CA (0x00B51513) slli a0, a0, 0xb
x10 <- 0x0000000000000000
mem[X,0x00000000800019CE] -> 0x0513
mem[X,0x00000000800019D0] -> 0x5A85
[1784] [M]: 0x00000000800019CE (0x5A850513) addi a0, a0, 0x5a8
x10 <- 0x00000000000005A8
mem[X,0x00000000800019D2] -> 0x1513
mem[X,0x00000000800019D4] -> 0x00B5
[1785] [M]: 0x00000000800019D2 (0x00B51513) slli a0, a0, 0xb
x10 <- 0x00000000002D4000
mem[X,0x00000000800019D6] -> 0x0513
mem[X,0x00000000800019D8] -> 0x13C5
[1786] [M]: 0x00000000800019D6 (0x13C50513) addi a0, a0, 0x13c
x10 <- 0x00000000002D413C
mem[X,0x00000000800019DA] -> 0x1513
mem[X,0x00000000800019DC] -> 0x00A5
[1787] [M]: 0x00000000800019DA (0x00A51513) slli a0, a0, 0xa
x10 <- 0x00000000B504F000
mem[X,0x00000000800019DE] -> 0x0513
mem[X,0x00000000800019E0] -> 0x3325
[1788] [M]: 0x00000000800019DE (0x33250513) addi a0, a0, 0x332
x10 <- 0x00000000B504F332
mem[X,0x00000000800019E2] -> 0x251D
[1789] [M]: 0x00000000800019E2 (0x251D) c.addiw a0, 0x7
x10 <- 0xFFFFFFFFB504F339
mem[X,0x00000000800019E4] -> 0xBC23
mem[X,0x00000000800019E6] -> 0x62A0
[1790] [M]: 0x00000000800019E4 (0x62A0BC23) sd a0, 0x638(ra)
mem[0x0000000080005830] <- 0xFFFFFFFFB504F339
mem[X,0x00000000800019E8] -> 0x0537
mem[X,0x00000000800019EA] -> 0x0000
[1791] [M]: 0x00000000800019E8 (0x00000537) lui a0, 0x0
x10 <- 0x0000000000000000
mem[X,0x00000000800019EC] -> 0x0513
mem[X,0x00000000800019EE] -> 0x0005
[1792] [M]: 0x00000000800019EC (0x00050513) addi a0, a0, 0x0
x10 <- 0x0000000000000000
mem[X,0x00000000800019F0] -> 0x1513
mem[X,0x00000000800019F2] -> 0x00B5
[1793] [M]: 0x00000000800019F0 (0x00B51513) slli a0, a0, 0xb
x10 <- 0x0000000000000000
mem[X,0x00000000800019F4] -> 0x0513
mem[X,0x00000000800019F6] -> 0x5A85
[1794] [M]: 0x00000000800019F4 (0x5A850513) addi a0, a0, 0x5a8
x10 <- 0x00000000000005A8
mem[X,0x00000000800019F8] -> 0x1513
mem[X,0x00000000800019FA] -> 0x00B5
[1795] [M]: 0x00000000800019F8 (0x00B51513) slli a0, a0, 0xb
x10 <- 0x00000000002D4000
mem[X,0x00000000800019FC] -> 0x0513
mem[X,0x00000000800019FE] -> 0x13C5
[1796] [M]: 0x00000000800019FC (0x13C50513) addi a0, a0, 0x13c
x10 <- 0x00000000002D413C
mem[X,0x0000000080001A00] -> 0x1513
mem[X,0x0000000080001A02] -> 0x00A5
[1797] [M]: 0x0000000080001A00 (0x00A51513) slli a0, a0, 0xa
x10 <- 0x00000000B504F000
mem[X,0x0000000080001A04] -> 0x0513
mem[X,0x0000000080001A06] -> 0x3325
[1798] [M]: 0x0000000080001A04 (0x33250513) addi a0, a0, 0x332
x10 <- 0x00000000B504F332
mem[X,0x0000000080001A08] -> 0x357D
[1799] [M]: 0x0000000080001A08 (0x357D) c.addiw a0, -0x1
x10 <- 0xFFFFFFFFB504F331
clint::tick mtime <- 0x0000000000000012
 clint timer pending at mtime 0x0000000000000012
htif::tick 0x0000000000000000
mem[X,0x0000000080001A0A] -> 0xB023
mem[X,0x0000000080001A0C] -> 0x64A0
[1800] [M]: 0x0000000080001A0A (0x64A0B023) sd a0, 0x640(ra)
mem[0x0000000080005838] <- 0xFFFFFFFFB504F331
mem[X,0x0000000080001A0E] -> 0x0537
mem[X,0x0000000080001A10] -> 0x0000
[1801] [M]: 0x0000000080001A0E (0x00000537) lui a0, 0x0
x10 <- 0x0000000000000000
mem[X,0x0000000080001A12] -> 0x0513
mem[X,0x0000000080001A14] -> 0x0005
[1802] [M]: 0x0000000080001A12 (0x00050513) addi a0, a0, 0x0
x10 <- 0x0000000000000000
mem[X,0x0000000080001A16] -> 0x1513
mem[X,0x0000000080001A18] -> 0x00B5
[1803] [M]: 0x0000000080001A16 (0x00B51513) slli a0, a0, 0xb
x10 <- 0x0000000000000000
mem[X,0x0000000080001A1A] -> 0x0513
mem[X,0x0000000080001A1C] -> 0x5A85
[1804] [M]: 0x0000000080001A1A (0x5A850513) addi a0, a0, 0x5a8
x10 <- 0x00000000000005A8
mem[X,0x0000000080001A1E] -> 0x1513
mem[X,0x0000000080001A20] -> 0x00B5
[1805] [M]: 0x0000000080001A1E (0x00B51513) slli a0, a0, 0xb
x10 <- 0x00000000002D4000
mem[X,0x0000000080001A22] -> 0x0513
mem[X,0x0000000080001A24] -> 0x13C5
[1806] [M]: 0x0000000080001A22 (0x13C50513) addi a0, a0, 0x13c
x10 <- 0x00000000002D413C
mem[X,0x0000000080001A26] -> 0x1513
mem[X,0x0000000080001A28] -> 0x00A5
[1807] [M]: 0x0000000080001A26 (0x00A51513) slli a0, a0, 0xa
x10 <- 0x00000000B504F000
mem[X,0x0000000080001A2A] -> 0x0513
mem[X,0x0000000080001A2C] -> 0x3325
[1808] [M]: 0x0000000080001A2A (0x33250513) addi a0, a0, 0x332
x10 <- 0x00000000B504F332
mem[X,0x0000000080001A2E] -> 0x3571
[1809] [M]: 0x0000000080001A2E (0x3571) c.addiw a0, -0x4
x10 <- 0xFFFFFFFFB504F32E
mem[X,0x0000000080001A30] -> 0xB423
mem[X,0x0000000080001A32] -> 0x64A0
[1810] [M]: 0x0000000080001A30 (0x64A0B423) sd a0, 0x648(ra)
mem[0x0000000080005840] <- 0xFFFFFFFFB504F32E
mem[X,0x0000000080001A34] -> 0x5537
mem[X,0x0000000080001A36] -> 0x5555
[1811] [M]: 0x0000000080001A34 (0x55555537) lui a0, 0x55555
x10 <- 0x0000000055555000
mem[X,0x0000000080001A38] -> 0x0513
mem[X,0x0000000080001A3A] -> 0x5555
[1812] [M]: 0x0000000080001A38 (0x55550513) addi a0, a0, 0x555
x10 <- 0x0000000055555555
mem[X,0x0000000080001A3C] -> 0x1513
mem[X,0x0000000080001A3E] -> 0x00B5
[1813] [M]: 0x0000000080001A3C (0x00B51513) slli a0, a0, 0xb
x10 <- 0x000002AAAAAAA800
mem[X,0x0000000080001A40] -> 0x0513
mem[X,0x0000000080001A42] -> 0x2AA5
[1814] [M]: 0x0000000080001A40 (0x2AA50513) addi a0, a0, 0x2aa
x10 <- 0x000002AAAAAAAAAA
mem[X,0x0000000080001A44] -> 0x1513
mem[X,0x0000000080001A46] -> 0x00B5
[1815] [M]: 0x0000000080001A44 (0x00B51513) slli a0, a0, 0xb
x10 <- 0x0015555555555000
mem[X,0x0000000080001A48] -> 0x0513
mem[X,0x0000000080001A4A] -> 0x5555
[1816] [M]: 0x0000000080001A48 (0x55550513) addi a0, a0, 0x555
x10 <- 0x0015555555555555
mem[X,0x0000000080001A4C] -> 0x1513
mem[X,0x0000000080001A4E] -> 0x00A5
[1817] [M]: 0x0000000080001A4C (0x00A51513) slli a0, a0, 0xa
x10 <- 0x5555555555555400
mem[X,0x0000000080001A50] -> 0x0513
mem[X,0x0000000080001A52] -> 0x1565
[1818] [M]: 0x0000000080001A50 (0x15650513) addi a0, a0, 0x156
x10 <- 0x5555555555555556
mem[X,0x0000000080001A54] -> 0x250D
[1819] [M]: 0x0000000080001A54 (0x250D) c.addiw a0, 0x3
x10 <- 0x0000000055555559
mem[X,0x0000000080001A56] -> 0xB823
mem[X,0x0000000080001A58] -> 0x64A0
[1820] [M]: 0x0000000080001A56 (0x64A0B823) sd a0, 0x650(ra)
mem[0x0000000080005848] <- 0x0000000055555559
mem[X,0x0000000080001A5A] -> 0x5537
mem[X,0x0000000080001A5C] -> 0x5555
[1821] [M]: 0x0000000080001A5A (0x55555537) lui a0, 0x55555
x10 <- 0x0000000055555000
mem[X,0x0000000080001A5E] -> 0x0513
mem[X,0x0000000080001A60] -> 0x5555
[1822] [M]: 0x0000000080001A5E (0x55550513) addi a0, a0, 0x555
x10 <- 0x0000000055555555
mem[X,0x0000000080001A62] -> 0x1513
mem[X,0x0000000080001A64] -> 0x00B5
[1823] [M]: 0x0000000080001A62 (0x00B51513) slli a0, a0, 0xb
x10 <- 0x000002AAAAAAA800
mem[X,0x0000000080001A66] -> 0x0513
mem[X,0x0000000080001A68] -> 0x2AA5
[1824] [M]: 0x0000000080001A66 (0x2AA50513) addi a0, a0, 0x2aa
x10 <- 0x000002AAAAAAAAAA
mem[X,0x0000000080001A6A] -> 0x1513
mem[X,0x0000000080001A6C] -> 0x00B5
[1825] [M]: 0x0000000080001A6A (0x00B51513) slli a0, a0, 0xb
x10 <- 0x0015555555555000
mem[X,0x0000000080001A6E] -> 0x0513
mem[X,0x0000000080001A70] -> 0x5555
[1826] [M]: 0x0000000080001A6E (0x55550513) addi a0, a0, 0x555
x10 <- 0x0015555555555555
mem[X,0x0000000080001A72] -> 0x1513
mem[X,0x0000000080001A74] -> 0x00A5
[1827] [M]: 0x0000000080001A72 (0x00A51513) slli a0, a0, 0xa
x10 <- 0x5555555555555400
mem[X,0x0000000080001A76] -> 0x0513
mem[X,0x0000000080001A78] -> 0x1565
[1828] [M]: 0x0000000080001A76 (0x15650513) addi a0, a0, 0x156
x10 <- 0x5555555555555556
mem[X,0x0000000080001A7A] -> 0x2515
[1829] [M]: 0x0000000080001A7A (0x2515) c.addiw a0, 0x5
x10 <- 0x000000005555555B
mem[X,0x0000000080001A7C] -> 0xBC23
mem[X,0x0000000080001A7E] -> 0x64A0
[1830] [M]: 0x0000000080001A7C (0x64A0BC23) sd a0, 0x658(ra)
mem[0x0000000080005850] <- 0x000000005555555B
mem[X,0x0000000080001A80] -> 0x5537
mem[X,0x0000000080001A82] -> 0x5555
[1831] [M]: 0x0000000080001A80 (0x55555537) lui a0, 0x55555
x10 <- 0x0000000055555000
mem[X,0x0000000080001A84] -> 0x0513
mem[X,0x0000000080001A86] -> 0x5555
[1832] [M]: 0x0000000080001A84 (0x55550513) addi a0, a0, 0x555
x10 <- 0x0000000055555555
mem[X,0x0000000080001A88] -> 0x1513
mem[X,0x0000000080001A8A] -> 0x00B5
[1833] [M]: 0x0000000080001A88 (0x00B51513) slli a0, a0, 0xb
x10 <- 0x000002AAAAAAA800
mem[X,0x0000000080001A8C] -> 0x0513
mem[X,0x0000000080001A8E] -> 0x2AA5
[1834] [M]: 0x0000000080001A8C (0x2AA50513) addi a0, a0, 0x2aa
x10 <- 0x000002AAAAAAAAAA
mem[X,0x0000000080001A90] -> 0x1513
mem[X,0x0000000080001A92] -> 0x00B5
[1835] [M]: 0x0000000080001A90 (0x00B51513) slli a0, a0, 0xb
x10 <- 0x0015555555555000
mem[X,0x0000000080001A94] -> 0x0513
mem[X,0x0000000080001A96] -> 0x5555
[1836] [M]: 0x0000000080001A94 (0x55550513) addi a0, a0, 0x555
x10 <- 0x0015555555555555
mem[X,0x0000000080001A98] -> 0x1513
mem[X,0x0000000080001A9A] -> 0x00A5
[1837] [M]: 0x0000000080001A98 (0x00A51513) slli a0, a0, 0xa
x10 <- 0x5555555555555400
mem[X,0x0000000080001A9C] -> 0x0513
mem[X,0x0000000080001A9E] -> 0x1565
[1838] [M]: 0x0000000080001A9C (0x15650513) addi a0, a0, 0x156
x10 <- 0x5555555555555556
mem[X,0x0000000080001AA0] -> 0x2529
[1839] [M]: 0x0000000080001AA0 (0x2529) c.addiw a0, 0xa
x10 <- 0x0000000055555560
mem[X,0x0000000080001AA2] -> 0xB023
mem[X,0x0000000080001AA4] -> 0x66A0
[1840] [M]: 0x0000000080001AA2 (0x66A0B023) sd a0, 0x660(ra)
mem[0x0000000080005858] <- 0x0000000055555560
mem[X,0x0000000080001AA6] -> 0x5537
mem[X,0x0000000080001AA8] -> 0x5555
[1841] [M]: 0x0000000080001AA6 (0x55555537) lui a0, 0x55555
x10 <- 0x0000000055555000
mem[X,0x0000000080001AAA] -> 0x0513
mem[X,0x0000000080001AAC] -> 0x5555
[1842] [M]: 0x0000000080001AAA (0x55550513) addi a0, a0, 0x555
x10 <- 0x0000000055555555
mem[X,0x0000000080001AAE] -> 0x1513
mem[X,0x0000000080001AB0] -> 0x00B5
[1843] [M]: 0x0000000080001AAE (0x00B51513) slli a0, a0, 0xb
x10 <- 0x000002AAAAAAA800
mem[X,0x0000000080001AB2] -> 0x0513
mem[X,0x0000000080001AB4] -> 0x2AA5
[1844] [M]: 0x0000000080001AB2 (0x2AA50513) addi a0, a0, 0x2aa
x10 <- 0x000002AAAAAAAAAA
mem[X,0x0000000080001AB6] -> 0x1513
mem[X,0x0000000080001AB8] -> 0x00B5
[1845] [M]: 0x0000000080001AB6 (0x00B51513) slli a0, a0, 0xb
x10 <- 0x0015555555555000
mem[X,0x0000000080001ABA] -> 0x0513
mem[X,0x0000000080001ABC] -> 0x5555
[1846] [M]: 0x0000000080001ABA (0x55550513) addi a0, a0, 0x555
x10 <- 0x0015555555555555
mem[X,0x0000000080001ABE] -> 0x1513
mem[X,0x0000000080001AC0] -> 0x00A5
[1847] [M]: 0x0000000080001ABE (0x00A51513) slli a0, a0, 0xa
x10 <- 0x5555555555555400
mem[X,0x0000000080001AC2] -> 0x0513
mem[X,0x0000000080001AC4] -> 0x1565
[1848] [M]: 0x0000000080001AC2 (0x15650513) addi a0, a0, 0x156
x10 <- 0x5555555555555556
mem[X,0x0000000080001AC6] -> 0x2519
[1849] [M]: 0x0000000080001AC6 (0x2519) c.addiw a0, 0x6
x10 <- 0x000000005555555C
mem[X,0x0000000080001AC8] -> 0xB423
mem[X,0x0000000080001ACA] -> 0x66A0
[1850] [M]: 0x0000000080001AC8 (0x66A0B423) sd a0, 0x668(ra)
mem[0x0000000080005860] <- 0x000000005555555C
mem[X,0x0000000080001ACC] -> 0x5537
mem[X,0x0000000080001ACE] -> 0x5555
[1851] [M]: 0x0000000080001ACC (0x55555537) lui a0, 0x55555
x10 <- 0x0000000055555000
mem[X,0x0000000080001AD0] -> 0x0513
mem[X,0x0000000080001AD2] -> 0x5555
[1852] [M]: 0x0000000080001AD0 (0x55550513) addi a0, a0, 0x555
x10 <- 0x0000000055555555
mem[X,0x0000000080001AD4] -> 0x1513
mem[X,0x0000000080001AD6] -> 0x00B5
[1853] [M]: 0x0000000080001AD4 (0x00B51513) slli a0, a0, 0xb
x10 <- 0x000002AAAAAAA800
mem[X,0x0000000080001AD8] -> 0x0513
mem[X,0x0000000080001ADA] -> 0x2AA5
[1854] [M]: 0x0000000080001AD8 (0x2AA50513) addi a0, a0, 0x2aa
x10 <- 0x000002AAAAAAAAAA
mem[X,0x0000000080001ADC] -> 0x1513
mem[X,0x0000000080001ADE] -> 0x00B5
[1855] [M]: 0x0000000080001ADC (0x00B51513) slli a0, a0, 0xb
x10 <- 0x0015555555555000
mem[X,0x0000000080001AE0] -> 0x0513
mem[X,0x0000000080001AE2] -> 0x5555
[1856] [M]: 0x0000000080001AE0 (0x55550513) addi a0, a0, 0x555
x10 <- 0x0015555555555555
mem[X,0x0000000080001AE4] -> 0x1513
mem[X,0x0000000080001AE6] -> 0x00A5
[1857] [M]: 0x0000000080001AE4 (0x00A51513) slli a0, a0, 0xa
x10 <- 0x5555555555555400
mem[X,0x0000000080001AE8] -> 0x0513
mem[X,0x0000000080001AEA] -> 0x1565
[1858] [M]: 0x0000000080001AE8 (0x15650513) addi a0, a0, 0x156
x10 <- 0x5555555555555556
mem[X,0x0000000080001AEC] -> 0x3579
[1859] [M]: 0x0000000080001AEC (0x3579) c.addiw a0, -0x2
x10 <- 0x0000000055555554
mem[X,0x0000000080001AEE] -> 0xB823
mem[X,0x0000000080001AF0] -> 0x66A0
[1860] [M]: 0x0000000080001AEE (0x66A0B823) sd a0, 0x670(ra)
mem[0x0000000080005868] <- 0x0000000055555554
mem[X,0x0000000080001AF2] -> 0x5537
mem[X,0x0000000080001AF4] -> 0x5555
[1861] [M]: 0x0000000080001AF2 (0x55555537) lui a0, 0x55555
x10 <- 0x0000000055555000
mem[X,0x0000000080001AF6] -> 0x0513
mem[X,0x0000000080001AF8] -> 0x5555
[1862] [M]: 0x0000000080001AF6 (0x55550513) addi a0, a0, 0x555
x10 <- 0x0000000055555555
mem[X,0x0000000080001AFA] -> 0x1513
mem[X,0x0000000080001AFC] -> 0x00B5
[1863] [M]: 0x0000000080001AFA (0x00B51513) slli a0, a0, 0xb
x10 <- 0x000002AAAAAAA800
mem[X,0x0000000080001AFE] -> 0x0513
mem[X,0x0000000080001B00] -> 0x2AA5
[1864] [M]: 0x0000000080001AFE (0x2AA50513) addi a0, a0, 0x2aa
x10 <- 0x000002AAAAAAAAAA
mem[X,0x0000000080001B02] -> 0x1513
mem[X,0x0000000080001B04] -> 0x00B5
[1865] [M]: 0x0000000080001B02 (0x00B51513) slli a0, a0, 0xb
x10 <- 0x0015555555555000
mem[X,0x0000000080001B06] -> 0x0513
mem[X,0x0000000080001B08] -> 0x5555
[1866] [M]: 0x0000000080001B06 (0x55550513) addi a0, a0, 0x555
x10 <- 0x0015555555555555
mem[X,0x0000000080001B0A] -> 0x1513
mem[X,0x0000000080001B0C] -> 0x00A5
[1867] [M]: 0x0000000080001B0A (0x00A51513) slli a0, a0, 0xa
x10 <- 0x5555555555555400
mem[X,0x0000000080001B0E] -> 0x0513
mem[X,0x0000000080001B10] -> 0x1565
[1868] [M]: 0x0000000080001B0E (0x15650513) addi a0, a0, 0x156
x10 <- 0x5555555555555556
mem[X,0x0000000080001B12] -> 0x356D
[1869] [M]: 0x0000000080001B12 (0x356D) c.addiw a0, -0x5
x10 <- 0x0000000055555551
mem[X,0x0000000080001B14] -> 0xBC23
mem[X,0x0000000080001B16] -> 0x66A0
[1870] [M]: 0x0000000080001B14 (0x66A0BC23) sd a0, 0x678(ra)
mem[0x0000000080005870] <- 0x0000000055555551
mem[X,0x0000000080001B18] -> 0x5537
mem[X,0x0000000080001B1A] -> 0x5555
[1871] [M]: 0x0000000080001B18 (0x55555537) lui a0, 0x55555
x10 <- 0x0000000055555000
mem[X,0x0000000080001B1C] -> 0x0513
mem[X,0x0000000080001B1E] -> 0x5555
[1872] [M]: 0x0000000080001B1C (0x55550513) addi a0, a0, 0x555
x10 <- 0x0000000055555555
mem[X,0x0000000080001B20] -> 0x1513
mem[X,0x0000000080001B22] -> 0x00B5
[1873] [M]: 0x0000000080001B20 (0x00B51513) slli a0, a0, 0xb
x10 <- 0x000002AAAAAAA800
mem[X,0x0000000080001B24] -> 0x0513
mem[X,0x0000000080001B26] -> 0x2AA5
[1874] [M]: 0x0000000080001B24 (0x2AA50513) addi a0, a0, 0x2aa
x10 <- 0x000002AAAAAAAAAA
mem[X,0x0000000080001B28] -> 0x1513
mem[X,0x0000000080001B2A] -> 0x00B5
[1875] [M]: 0x0000000080001B28 (0x00B51513) slli a0, a0, 0xb
x10 <- 0x0015555555555000
mem[X,0x0000000080001B2C] -> 0x0513
mem[X,0x0000000080001B2E] -> 0x5555
[1876] [M]: 0x0000000080001B2C (0x55550513) addi a0, a0, 0x555
x10 <- 0x0015555555555555
mem[X,0x0000000080001B30] -> 0x1513
mem[X,0x0000000080001B32] -> 0x00A5
[1877] [M]: 0x0000000080001B30 (0x00A51513) slli a0, a0, 0xa
x10 <- 0x5555555555555400
mem[X,0x0000000080001B34] -> 0x0513
mem[X,0x0000000080001B36] -> 0x1565
[1878] [M]: 0x0000000080001B34 (0x15650513) addi a0, a0, 0x156
x10 <- 0x5555555555555556
mem[X,0x0000000080001B38] -> 0x2509
[1879] [M]: 0x0000000080001B38 (0x2509) c.addiw a0, 0x2
x10 <- 0x0000000055555558
mem[X,0x0000000080001B3A] -> 0xB023
mem[X,0x0000000080001B3C] -> 0x68A0
[1880] [M]: 0x0000000080001B3A (0x68A0B023) sd a0, 0x680(ra)
mem[0x0000000080005878] <- 0x0000000055555558
mem[X,0x0000000080001B3E] -> 0x5537
mem[X,0x0000000080001B40] -> 0x5555
[1881] [M]: 0x0000000080001B3E (0x55555537) lui a0, 0x55555
x10 <- 0x0000000055555000
mem[X,0x0000000080001B42] -> 0x0513
mem[X,0x0000000080001B44] -> 0x5555
[1882] [M]: 0x0000000080001B42 (0x55550513) addi a0, a0, 0x555
x10 <- 0x0000000055555555
mem[X,0x0000000080001B46] -> 0x1513
mem[X,0x0000000080001B48] -> 0x00B5
[1883] [M]: 0x0000000080001B46 (0x00B51513) slli a0, a0, 0xb
x10 <- 0x000002AAAAAAA800
mem[X,0x0000000080001B4A] -> 0x0513
mem[X,0x0000000080001B4C] -> 0x2AA5
[1884] [M]: 0x0000000080001B4A (0x2AA50513) addi a0, a0, 0x2aa
x10 <- 0x000002AAAAAAAAAA
mem[X,0x0000000080001B4E] -> 0x1513
mem[X,0x0000000080001B50] -> 0x00B5
[1885] [M]: 0x0000000080001B4E (0x00B51513) slli a0, a0, 0xb
x10 <- 0x0015555555555000
mem[X,0x0000000080001B52] -> 0x0513
mem[X,0x0000000080001B54] -> 0x5555
[1886] [M]: 0x0000000080001B52 (0x55550513) addi a0, a0, 0x555
x10 <- 0x0015555555555555
mem[X,0x0000000080001B56] -> 0x1513
mem[X,0x0000000080001B58] -> 0x00A5
[1887] [M]: 0x0000000080001B56 (0x00A51513) slli a0, a0, 0xa
x10 <- 0x5555555555555400
mem[X,0x0000000080001B5A] -> 0x0513
mem[X,0x0000000080001B5C] -> 0x1565
[1888] [M]: 0x0000000080001B5A (0x15650513) addi a0, a0, 0x156
x10 <- 0x5555555555555556
mem[X,0x0000000080001B5E] -> 0x2511
[1889] [M]: 0x0000000080001B5E (0x2511) c.addiw a0, 0x4
x10 <- 0x000000005555555A
mem[X,0x0000000080001B60] -> 0xB423
mem[X,0x0000000080001B62] -> 0x68A0
[1890] [M]: 0x0000000080001B60 (0x68A0B423) sd a0, 0x688(ra)
mem[0x0000000080005880] <- 0x000000005555555A
mem[X,0x0000000080001B64] -> 0x5537
mem[X,0x0000000080001B66] -> 0x5555
[1891] [M]: 0x0000000080001B64 (0x55555537) lui a0, 0x55555
x10 <- 0x0000000055555000
mem[X,0x0000000080001B68] -> 0x0513
mem[X,0x0000000080001B6A] -> 0x5555
[1892] [M]: 0x0000000080001B68 (0x55550513) addi a0, a0, 0x555
x10 <- 0x0000000055555555
mem[X,0x0000000080001B6C] -> 0x1513
mem[X,0x0000000080001B6E] -> 0x00B5
[1893] [M]: 0x0000000080001B6C (0x00B51513) slli a0, a0, 0xb
x10 <- 0x000002AAAAAAA800
mem[X,0x0000000080001B70] -> 0x0513
mem[X,0x0000000080001B72] -> 0x2AA5
[1894] [M]: 0x0000000080001B70 (0x2AA50513) addi a0, a0, 0x2aa
x10 <- 0x000002AAAAAAAAAA
mem[X,0x0000000080001B74] -> 0x1513
mem[X,0x0000000080001B76] -> 0x00B5
[1895] [M]: 0x0000000080001B74 (0x00B51513) slli a0, a0, 0xb
x10 <- 0x0015555555555000
mem[X,0x0000000080001B78] -> 0x0513
mem[X,0x0000000080001B7A] -> 0x5555
[1896] [M]: 0x0000000080001B78 (0x55550513) addi a0, a0, 0x555
x10 <- 0x0015555555555555
mem[X,0x0000000080001B7C] -> 0x1513
mem[X,0x0000000080001B7E] -> 0x00A5
[1897] [M]: 0x0000000080001B7C (0x00A51513) slli a0, a0, 0xa
x10 <- 0x5555555555555400
mem[X,0x0000000080001B80] -> 0x0513
mem[X,0x0000000080001B82] -> 0x1565
[1898] [M]: 0x0000000080001B80 (0x15650513) addi a0, a0, 0x156
x10 <- 0x5555555555555556
mem[X,0x0000000080001B84] -> 0x2525
[1899] [M]: 0x0000000080001B84 (0x2525) c.addiw a0, 0x9
x10 <- 0x000000005555555F
clint::tick mtime <- 0x0000000000000013
 clint timer pending at mtime 0x0000000000000013
htif::tick 0x0000000000000000
mem[X,0x0000000080001B86] -> 0xB823
mem[X,0x0000000080001B88] -> 0x68A0
[1900] [M]: 0x0000000080001B86 (0x68A0B823) sd a0, 0x690(ra)
mem[0x0000000080005888] <- 0x000000005555555F
mem[X,0x0000000080001B8A] -> 0x5537
mem[X,0x0000000080001B8C] -> 0x5555
[1901] [M]: 0x0000000080001B8A (0x55555537) lui a0, 0x55555
x10 <- 0x0000000055555000
mem[X,0x0000000080001B8E] -> 0x0513
mem[X,0x0000000080001B90] -> 0x5555
[1902] [M]: 0x0000000080001B8E (0x55550513) addi a0, a0, 0x555
x10 <- 0x0000000055555555
mem[X,0x0000000080001B92] -> 0x1513
mem[X,0x0000000080001B94] -> 0x00B5
[1903] [M]: 0x0000000080001B92 (0x00B51513) slli a0, a0, 0xb
x10 <- 0x000002AAAAAAA800
mem[X,0x0000000080001B96] -> 0x0513
mem[X,0x0000000080001B98] -> 0x2AA5
[1904] [M]: 0x0000000080001B96 (0x2AA50513) addi a0, a0, 0x2aa
x10 <- 0x000002AAAAAAAAAA
mem[X,0x0000000080001B9A] -> 0x1513
mem[X,0x0000000080001B9C] -> 0x00B5
[1905] [M]: 0x0000000080001B9A (0x00B51513) slli a0, a0, 0xb
x10 <- 0x0015555555555000
mem[X,0x0000000080001B9E] -> 0x0513
mem[X,0x0000000080001BA0] -> 0x5555
[1906] [M]: 0x0000000080001B9E (0x55550513) addi a0, a0, 0x555
x10 <- 0x0015555555555555
mem[X,0x0000000080001BA2] -> 0x1513
mem[X,0x0000000080001BA4] -> 0x00A5
[1907] [M]: 0x0000000080001BA2 (0x00A51513) slli a0, a0, 0xa
x10 <- 0x5555555555555400
mem[X,0x0000000080001BA6] -> 0x0513
mem[X,0x0000000080001BA8] -> 0x1565
[1908] [M]: 0x0000000080001BA6 (0x15650513) addi a0, a0, 0x156
x10 <- 0x5555555555555556
mem[X,0x0000000080001BAA] -> 0x2501
[1909] [M]: 0x0000000080001BAA (0x2501) c.addiw a0, 0x0
x10 <- 0x0000000055555556
mem[X,0x0000000080001BAC] -> 0xBC23
mem[X,0x0000000080001BAE] -> 0x68A0
[1910] [M]: 0x0000000080001BAC (0x68A0BC23) sd a0, 0x698(ra)
mem[0x0000000080005890] <- 0x0000000055555556
mem[X,0x0000000080001BB0] -> 0x5537
mem[X,0x0000000080001BB2] -> 0x5555
[1911] [M]: 0x0000000080001BB0 (0x55555537) lui a0, 0x55555
x10 <- 0x0000000055555000
mem[X,0x0000000080001BB4] -> 0x0513
mem[X,0x0000000080001BB6] -> 0x5555
[1912] [M]: 0x0000000080001BB4 (0x55550513) addi a0, a0, 0x555
x10 <- 0x0000000055555555
mem[X,0x0000000080001BB8] -> 0x1513
mem[X,0x0000000080001BBA] -> 0x00B5
[1913] [M]: 0x0000000080001BB8 (0x00B51513) slli a0, a0, 0xb
x10 <- 0x000002AAAAAAA800
mem[X,0x0000000080001BBC] -> 0x0513
mem[X,0x0000000080001BBE] -> 0x2AA5
[1914] [M]: 0x0000000080001BBC (0x2AA50513) addi a0, a0, 0x2aa
x10 <- 0x000002AAAAAAAAAA
mem[X,0x0000000080001BC0] -> 0x1513
mem[X,0x0000000080001BC2] -> 0x00B5
[1915] [M]: 0x0000000080001BC0 (0x00B51513) slli a0, a0, 0xb
x10 <- 0x0015555555555000
mem[X,0x0000000080001BC4] -> 0x0513
mem[X,0x0000000080001BC6] -> 0x5555
[1916] [M]: 0x0000000080001BC4 (0x55550513) addi a0, a0, 0x555
x10 <- 0x0015555555555555
mem[X,0x0000000080001BC8] -> 0x1513
mem[X,0x0000000080001BCA] -> 0x00A5
[1917] [M]: 0x0000000080001BC8 (0x00A51513) slli a0, a0, 0xa
x10 <- 0x5555555555555400
mem[X,0x0000000080001BCC] -> 0x0513
mem[X,0x0000000080001BCE] -> 0x1565
[1918] [M]: 0x0000000080001BCC (0x15650513) addi a0, a0, 0x156
x10 <- 0x5555555555555556
mem[X,0x0000000080001BD0] -> 0x252D
[1919] [M]: 0x0000000080001BD0 (0x252D) c.addiw a0, 0xb
x10 <- 0x0000000055555561
mem[X,0x0000000080001BD2] -> 0xB023
mem[X,0x0000000080001BD4] -> 0x6AA0
[1920] [M]: 0x0000000080001BD2 (0x6AA0B023) sd a0, 0x6a0(ra)
mem[0x0000000080005898] <- 0x0000000055555561
mem[X,0x0000000080001BD6] -> 0x5537
mem[X,0x0000000080001BD8] -> 0x5555
[1921] [M]: 0x0000000080001BD6 (0x55555537) lui a0, 0x55555
x10 <- 0x0000000055555000
mem[X,0x0000000080001BDA] -> 0x0513
mem[X,0x0000000080001BDC] -> 0x5555
[1922] [M]: 0x0000000080001BDA (0x55550513) addi a0, a0, 0x555
x10 <- 0x0000000055555555
mem[X,0x0000000080001BDE] -> 0x1513
mem[X,0x0000000080001BE0] -> 0x00B5
[1923] [M]: 0x0000000080001BDE (0x00B51513) slli a0, a0, 0xb
x10 <- 0x000002AAAAAAA800
mem[X,0x0000000080001BE2] -> 0x0513
mem[X,0x0000000080001BE4] -> 0x2AA5
[1924] [M]: 0x0000000080001BE2 (0x2AA50513) addi a0, a0, 0x2aa
x10 <- 0x000002AAAAAAAAAA
mem[X,0x0000000080001BE6] -> 0x1513
mem[X,0x0000000080001BE8] -> 0x00B5
[1925] [M]: 0x0000000080001BE6 (0x00B51513) slli a0, a0, 0xb
x10 <- 0x0015555555555000
mem[X,0x0000000080001BEA] -> 0x0513
mem[X,0x0000000080001BEC] -> 0x5555
[1926] [M]: 0x0000000080001BEA (0x55550513) addi a0, a0, 0x555
x10 <- 0x0015555555555555
mem[X,0x0000000080001BEE] -> 0x1513
mem[X,0x0000000080001BF0] -> 0x00A5
[1927] [M]: 0x0000000080001BEE (0x00A51513) slli a0, a0, 0xa
x10 <- 0x5555555555555400
mem[X,0x0000000080001BF2] -> 0x0513
mem[X,0x0000000080001BF4] -> 0x1565
[1928] [M]: 0x0000000080001BF2 (0x15650513) addi a0, a0, 0x156
x10 <- 0x5555555555555556
mem[X,0x0000000080001BF6] -> 0x251D
[1929] [M]: 0x0000000080001BF6 (0x251D) c.addiw a0, 0x7
x10 <- 0x000000005555555D
mem[X,0x0000000080001BF8] -> 0xB423
mem[X,0x0000000080001BFA] -> 0x6AA0
[1930] [M]: 0x0000000080001BF8 (0x6AA0B423) sd a0, 0x6a8(ra)
mem[0x00000000800058A0] <- 0x000000005555555D
mem[X,0x0000000080001BFC] -> 0x5537
mem[X,0x0000000080001BFE] -> 0x5555
[1931] [M]: 0x0000000080001BFC (0x55555537) lui a0, 0x55555
x10 <- 0x0000000055555000
mem[X,0x0000000080001C00] -> 0x0513
mem[X,0x0000000080001C02] -> 0x5555
[1932] [M]: 0x0000000080001C00 (0x55550513) addi a0, a0, 0x555
x10 <- 0x0000000055555555
mem[X,0x0000000080001C04] -> 0x1513
mem[X,0x0000000080001C06] -> 0x00B5
[1933] [M]: 0x0000000080001C04 (0x00B51513) slli a0, a0, 0xb
x10 <- 0x000002AAAAAAA800
mem[X,0x0000000080001C08] -> 0x0513
mem[X,0x0000000080001C0A] -> 0x2AA5
[1934] [M]: 0x0000000080001C08 (0x2AA50513) addi a0, a0, 0x2aa
x10 <- 0x000002AAAAAAAAAA
mem[X,0x0000000080001C0C] -> 0x1513
mem[X,0x0000000080001C0E] -> 0x00B5
[1935] [M]: 0x0000000080001C0C (0x00B51513) slli a0, a0, 0xb
x10 <- 0x0015555555555000
mem[X,0x0000000080001C10] -> 0x0513
mem[X,0x0000000080001C12] -> 0x5555
[1936] [M]: 0x0000000080001C10 (0x55550513) addi a0, a0, 0x555
x10 <- 0x0015555555555555
mem[X,0x0000000080001C14] -> 0x1513
mem[X,0x0000000080001C16] -> 0x00A5
[1937] [M]: 0x0000000080001C14 (0x00A51513) slli a0, a0, 0xa
x10 <- 0x5555555555555400
mem[X,0x0000000080001C18] -> 0x0513
mem[X,0x0000000080001C1A] -> 0x1565
[1938] [M]: 0x0000000080001C18 (0x15650513) addi a0, a0, 0x156
x10 <- 0x5555555555555556
mem[X,0x0000000080001C1C] -> 0x357D
[1939] [M]: 0x0000000080001C1C (0x357D) c.addiw a0, -0x1
x10 <- 0x0000000055555555
mem[X,0x0000000080001C1E] -> 0xB823
mem[X,0x0000000080001C20] -> 0x6AA0
[1940] [M]: 0x0000000080001C1E (0x6AA0B823) sd a0, 0x6b0(ra)
mem[0x00000000800058A8] <- 0x0000000055555555
mem[X,0x0000000080001C22] -> 0x5537
mem[X,0x0000000080001C24] -> 0x5555
[1941] [M]: 0x0000000080001C22 (0x55555537) lui a0, 0x55555
x10 <- 0x0000000055555000
mem[X,0x0000000080001C26] -> 0x0513
mem[X,0x0000000080001C28] -> 0x5555
[1942] [M]: 0x0000000080001C26 (0x55550513) addi a0, a0, 0x555
x10 <- 0x0000000055555555
mem[X,0x0000000080001C2A] -> 0x1513
mem[X,0x0000000080001C2C] -> 0x00B5
[1943] [M]: 0x0000000080001C2A (0x00B51513) slli a0, a0, 0xb
x10 <- 0x000002AAAAAAA800
mem[X,0x0000000080001C2E] -> 0x0513
mem[X,0x0000000080001C30] -> 0x2AA5
[1944] [M]: 0x0000000080001C2E (0x2AA50513) addi a0, a0, 0x2aa
x10 <- 0x000002AAAAAAAAAA
mem[X,0x0000000080001C32] -> 0x1513
mem[X,0x0000000080001C34] -> 0x00B5
[1945] [M]: 0x0000000080001C32 (0x00B51513) slli a0, a0, 0xb
x10 <- 0x0015555555555000
mem[X,0x0000000080001C36] -> 0x0513
mem[X,0x0000000080001C38] -> 0x5555
[1946] [M]: 0x0000000080001C36 (0x55550513) addi a0, a0, 0x555
x10 <- 0x0015555555555555
mem[X,0x0000000080001C3A] -> 0x1513
mem[X,0x0000000080001C3C] -> 0x00A5
[1947] [M]: 0x0000000080001C3A (0x00A51513) slli a0, a0, 0xa
x10 <- 0x5555555555555400
mem[X,0x0000000080001C3E] -> 0x0513
mem[X,0x0000000080001C40] -> 0x1565
[1948] [M]: 0x0000000080001C3E (0x15650513) addi a0, a0, 0x156
x10 <- 0x5555555555555556
mem[X,0x0000000080001C42] -> 0x3571
[1949] [M]: 0x0000000080001C42 (0x3571) c.addiw a0, -0x4
x10 <- 0x0000000055555552
mem[X,0x0000000080001C44] -> 0xBC23
mem[X,0x0000000080001C46] -> 0x6AA0
[1950] [M]: 0x0000000080001C44 (0x6AA0BC23) sd a0, 0x6b8(ra)
mem[0x00000000800058B0] <- 0x0000000055555552
mem[X,0x0000000080001C48] -> 0xB537
mem[X,0x0000000080001C4A] -> 0xAAAA
[1951] [M]: 0x0000000080001C48 (0xAAAAB537) lui a0, -0x55555
x10 <- 0xFFFFFFFFAAAAB000
mem[X,0x0000000080001C4C] -> 0x0513
mem[X,0x0000000080001C4E] -> 0xAAA5
[1952] [M]: 0x0000000080001C4C (0xAAA50513) addi a0, a0, -0x556
x10 <- 0xFFFFFFFFAAAAAAAA
mem[X,0x0000000080001C50] -> 0x1513
mem[X,0x0000000080001C52] -> 0x00B5
[1953] [M]: 0x0000000080001C50 (0x00B51513) slli a0, a0, 0xb
x10 <- 0xFFFFFD5555555000
mem[X,0x0000000080001C54] -> 0x0513
mem[X,0x0000000080001C56] -> 0x5555
[1954] [M]: 0x0000000080001C54 (0x55550513) addi a0, a0, 0x555
x10 <- 0xFFFFFD5555555555
mem[X,0x0000000080001C58] -> 0x1513
mem[X,0x0000000080001C5A] -> 0x00B5
[1955] [M]: 0x0000000080001C58 (0x00B51513) slli a0, a0, 0xb
x10 <- 0xFFEAAAAAAAAAA800
mem[X,0x0000000080001C5C] -> 0x0513
mem[X,0x0000000080001C5E] -> 0x2AA5
[1956] [M]: 0x0000000080001C5C (0x2AA50513) addi a0, a0, 0x2aa
x10 <- 0xFFEAAAAAAAAAAAAA
mem[X,0x0000000080001C60] -> 0x1513
mem[X,0x0000000080001C62] -> 0x00A5
[1957] [M]: 0x0000000080001C60 (0x00A51513) slli a0, a0, 0xa
x10 <- 0xAAAAAAAAAAAAA800
mem[X,0x0000000080001C64] -> 0x0513
mem[X,0x0000000080001C66] -> 0x2AB5
[1958] [M]: 0x0000000080001C64 (0x2AB50513) addi a0, a0, 0x2ab
x10 <- 0xAAAAAAAAAAAAAAAB
mem[X,0x0000000080001C68] -> 0x250D
[1959] [M]: 0x0000000080001C68 (0x250D) c.addiw a0, 0x3
x10 <- 0xFFFFFFFFAAAAAAAE
mem[X,0x0000000080001C6A] -> 0xB023
mem[X,0x0000000080001C6C] -> 0x6CA0
[1960] [M]: 0x0000000080001C6A (0x6CA0B023) sd a0, 0x6c0(ra)
mem[0x00000000800058B8] <- 0xFFFFFFFFAAAAAAAE
mem[X,0x0000000080001C6E] -> 0xB537
mem[X,0x0000000080001C70] -> 0xAAAA
[1961] [M]: 0x0000000080001C6E (0xAAAAB537) lui a0, -0x55555
x10 <- 0xFFFFFFFFAAAAB000
mem[X,0x0000000080001C72] -> 0x0513
mem[X,0x0000000080001C74] -> 0xAAA5
[1962] [M]: 0x0000000080001C72 (0xAAA50513) addi a0, a0, -0x556
x10 <- 0xFFFFFFFFAAAAAAAA
mem[X,0x0000000080001C76] -> 0x1513
mem[X,0x0000000080001C78] -> 0x00B5
[1963] [M]: 0x0000000080001C76 (0x00B51513) slli a0, a0, 0xb
x10 <- 0xFFFFFD5555555000
mem[X,0x0000000080001C7A] -> 0x0513
mem[X,0x0000000080001C7C] -> 0x5555
[1964] [M]: 0x0000000080001C7A (0x55550513) addi a0, a0, 0x555
x10 <- 0xFFFFFD5555555555
mem[X,0x0000000080001C7E] -> 0x1513
mem[X,0x0000000080001C80] -> 0x00B5
[1965] [M]: 0x0000000080001C7E (0x00B51513) slli a0, a0, 0xb
x10 <- 0xFFEAAAAAAAAAA800
mem[X,0x0000000080001C82] -> 0x0513
mem[X,0x0000000080001C84] -> 0x2AA5
[1966] [M]: 0x0000000080001C82 (0x2AA50513) addi a0, a0, 0x2aa
x10 <- 0xFFEAAAAAAAAAAAAA
mem[X,0x0000000080001C86] -> 0x1513
mem[X,0x0000000080001C88] -> 0x00A5
[1967] [M]: 0x0000000080001C86 (0x00A51513) slli a0, a0, 0xa
x10 <- 0xAAAAAAAAAAAAA800
mem[X,0x0000000080001C8A] -> 0x0513
mem[X,0x0000000080001C8C] -> 0x2AB5
[1968] [M]: 0x0000000080001C8A (0x2AB50513) addi a0, a0, 0x2ab
x10 <- 0xAAAAAAAAAAAAAAAB
mem[X,0x0000000080001C8E] -> 0x2515
[1969] [M]: 0x0000000080001C8E (0x2515) c.addiw a0, 0x5
x10 <- 0xFFFFFFFFAAAAAAB0
mem[X,0x0000000080001C90] -> 0xB423
mem[X,0x0000000080001C92] -> 0x6CA0
[1970] [M]: 0x0000000080001C90 (0x6CA0B423) sd a0, 0x6c8(ra)
mem[0x00000000800058C0] <- 0xFFFFFFFFAAAAAAB0
mem[X,0x0000000080001C94] -> 0xB537
mem[X,0x0000000080001C96] -> 0xAAAA
[1971] [M]: 0x0000000080001C94 (0xAAAAB537) lui a0, -0x55555
x10 <- 0xFFFFFFFFAAAAB000
mem[X,0x0000000080001C98] -> 0x0513
mem[X,0x0000000080001C9A] -> 0xAAA5
[1972] [M]: 0x0000000080001C98 (0xAAA50513) addi a0, a0, -0x556
x10 <- 0xFFFFFFFFAAAAAAAA
mem[X,0x0000000080001C9C] -> 0x1513
mem[X,0x0000000080001C9E] -> 0x00B5
[1973] [M]: 0x0000000080001C9C (0x00B51513) slli a0, a0, 0xb
x10 <- 0xFFFFFD5555555000
mem[X,0x0000000080001CA0] -> 0x0513
mem[X,0x0000000080001CA2] -> 0x5555
[1974] [M]: 0x0000000080001CA0 (0x55550513) addi a0, a0, 0x555
x10 <- 0xFFFFFD5555555555
mem[X,0x0000000080001CA4] -> 0x1513
mem[X,0x0000000080001CA6] -> 0x00B5
[1975] [M]: 0x0000000080001CA4 (0x00B51513) slli a0, a0, 0xb
x10 <- 0xFFEAAAAAAAAAA800
mem[X,0x0000000080001CA8] -> 0x0513
mem[X,0x0000000080001CAA] -> 0x2AA5
[1976] [M]: 0x0000000080001CA8 (0x2AA50513) addi a0, a0, 0x2aa
x10 <- 0xFFEAAAAAAAAAAAAA
mem[X,0x0000000080001CAC] -> 0x1513
mem[X,0x0000000080001CAE] -> 0x00A5
[1977] [M]: 0x0000000080001CAC (0x00A51513) slli a0, a0, 0xa
x10 <- 0xAAAAAAAAAAAAA800
mem[X,0x0000000080001CB0] -> 0x0513
mem[X,0x0000000080001CB2] -> 0x2AB5
[1978] [M]: 0x0000000080001CB0 (0x2AB50513) addi a0, a0, 0x2ab
x10 <- 0xAAAAAAAAAAAAAAAB
mem[X,0x0000000080001CB4] -> 0x2529
[1979] [M]: 0x0000000080001CB4 (0x2529) c.addiw a0, 0xa
x10 <- 0xFFFFFFFFAAAAAAB5
mem[X,0x0000000080001CB6] -> 0xB823
mem[X,0x0000000080001CB8] -> 0x6CA0
[1980] [M]: 0x0000000080001CB6 (0x6CA0B823) sd a0, 0x6d0(ra)
mem[0x00000000800058C8] <- 0xFFFFFFFFAAAAAAB5
mem[X,0x0000000080001CBA] -> 0xB537
mem[X,0x0000000080001CBC] -> 0xAAAA
[1981] [M]: 0x0000000080001CBA (0xAAAAB537) lui a0, -0x55555
x10 <- 0xFFFFFFFFAAAAB000
mem[X,0x0000000080001CBE] -> 0x0513
mem[X,0x0000000080001CC0] -> 0xAAA5
[1982] [M]: 0x0000000080001CBE (0xAAA50513) addi a0, a0, -0x556
x10 <- 0xFFFFFFFFAAAAAAAA
mem[X,0x0000000080001CC2] -> 0x1513
mem[X,0x0000000080001CC4] -> 0x00B5
[1983] [M]: 0x0000000080001CC2 (0x00B51513) slli a0, a0, 0xb
x10 <- 0xFFFFFD5555555000
mem[X,0x0000000080001CC6] -> 0x0513
mem[X,0x0000000080001CC8] -> 0x5555
[1984] [M]: 0x0000000080001CC6 (0x55550513) addi a0, a0, 0x555
x10 <- 0xFFFFFD5555555555
mem[X,0x0000000080001CCA] -> 0x1513
mem[X,0x0000000080001CCC] -> 0x00B5
[1985] [M]: 0x0000000080001CCA (0x00B51513) slli a0, a0, 0xb
x10 <- 0xFFEAAAAAAAAAA800
mem[X,0x0000000080001CCE] -> 0x0513
mem[X,0x0000000080001CD0] -> 0x2AA5
[1986] [M]: 0x0000000080001CCE (0x2AA50513) addi a0, a0, 0x2aa
x10 <- 0xFFEAAAAAAAAAAAAA
mem[X,0x0000000080001CD2] -> 0x1513
mem[X,0x0000000080001CD4] -> 0x00A5
[1987] [M]: 0x0000000080001CD2 (0x00A51513) slli a0, a0, 0xa
x10 <- 0xAAAAAAAAAAAAA800
mem[X,0x0000000080001CD6] -> 0x0513
mem[X,0x0000000080001CD8] -> 0x2AB5
[1988] [M]: 0x0000000080001CD6 (0x2AB50513) addi a0, a0, 0x2ab
x10 <- 0xAAAAAAAAAAAAAAAB
mem[X,0x0000000080001CDA] -> 0x2519
[1989] [M]: 0x0000000080001CDA (0x2519) c.addiw a0, 0x6
x10 <- 0xFFFFFFFFAAAAAAB1
mem[X,0x0000000080001CDC] -> 0xBC23
mem[X,0x0000000080001CDE] -> 0x6CA0
[1990] [M]: 0x0000000080001CDC (0x6CA0BC23) sd a0, 0x6d8(ra)
mem[0x00000000800058D0] <- 0xFFFFFFFFAAAAAAB1
mem[X,0x0000000080001CE0] -> 0xB537
mem[X,0x0000000080001CE2] -> 0xAAAA
[1991] [M]: 0x0000000080001CE0 (0xAAAAB537) lui a0, -0x55555
x10 <- 0xFFFFFFFFAAAAB000
mem[X,0x0000000080001CE4] -> 0x0513
mem[X,0x0000000080001CE6] -> 0xAAA5
[1992] [M]: 0x0000000080001CE4 (0xAAA50513) addi a0, a0, -0x556
x10 <- 0xFFFFFFFFAAAAAAAA
mem[X,0x0000000080001CE8] -> 0x1513
mem[X,0x0000000080001CEA] -> 0x00B5
[1993] [M]: 0x0000000080001CE8 (0x00B51513) slli a0, a0, 0xb
x10 <- 0xFFFFFD5555555000
mem[X,0x0000000080001CEC] -> 0x0513
mem[X,0x0000000080001CEE] -> 0x5555
[1994] [M]: 0x0000000080001CEC (0x55550513) addi a0, a0, 0x555
x10 <- 0xFFFFFD5555555555
mem[X,0x0000000080001CF0] -> 0x1513
mem[X,0x0000000080001CF2] -> 0x00B5
[1995] [M]: 0x0000000080001CF0 (0x00B51513) slli a0, a0, 0xb
x10 <- 0xFFEAAAAAAAAAA800
mem[X,0x0000000080001CF4] -> 0x0513
mem[X,0x0000000080001CF6] -> 0x2AA5
[1996] [M]: 0x0000000080001CF4 (0x2AA50513) addi a0, a0, 0x2aa
x10 <- 0xFFEAAAAAAAAAAAAA
mem[X,0x0000000080001CF8] -> 0x1513
mem[X,0x0000000080001CFA] -> 0x00A5
[1997] [M]: 0x0000000080001CF8 (0x00A51513) slli a0, a0, 0xa
x10 <- 0xAAAAAAAAAAAAA800
mem[X,0x0000000080001CFC] -> 0x0513
mem[X,0x0000000080001CFE] -> 0x2AB5
[1998] [M]: 0x0000000080001CFC (0x2AB50513) addi a0, a0, 0x2ab
x10 <- 0xAAAAAAAAAAAAAAAB
mem[X,0x0000000080001D00] -> 0x3579
[1999] [M]: 0x0000000080001D00 (0x3579) c.addiw a0, -0x2
x10 <- 0xFFFFFFFFAAAAAAA9
clint::tick mtime <- 0x0000000000000014
 clint timer pending at mtime 0x0000000000000014
htif::tick 0x0000000000000000
mem[X,0x0000000080001D02] -> 0xB023
mem[X,0x0000000080001D04] -> 0x6EA0
[2000] [M]: 0x0000000080001D02 (0x6EA0B023) sd a0, 0x6e0(ra)
mem[0x00000000800058D8] <- 0xFFFFFFFFAAAAAAA9
mem[X,0x0000000080001D06] -> 0xB537
mem[X,0x0000000080001D08] -> 0xAAAA
[2001] [M]: 0x0000000080001D06 (0xAAAAB537) lui a0, -0x55555
x10 <- 0xFFFFFFFFAAAAB000
mem[X,0x0000000080001D0A] -> 0x0513
mem[X,0x0000000080001D0C] -> 0xAAA5
[2002] [M]: 0x0000000080001D0A (0xAAA50513) addi a0, a0, -0x556
x10 <- 0xFFFFFFFFAAAAAAAA
mem[X,0x0000000080001D0E] -> 0x1513
mem[X,0x0000000080001D10] -> 0x00B5
[2003] [M]: 0x0000000080001D0E (0x00B51513) slli a0, a0, 0xb
x10 <- 0xFFFFFD5555555000
mem[X,0x0000000080001D12] -> 0x0513
mem[X,0x0000000080001D14] -> 0x5555
[2004] [M]: 0x0000000080001D12 (0x55550513) addi a0, a0, 0x555
x10 <- 0xFFFFFD5555555555
mem[X,0x0000000080001D16] -> 0x1513
mem[X,0x0000000080001D18] -> 0x00B5
[2005] [M]: 0x0000000080001D16 (0x00B51513) slli a0, a0, 0xb
x10 <- 0xFFEAAAAAAAAAA800
mem[X,0x0000000080001D1A] -> 0x0513
mem[X,0x0000000080001D1C] -> 0x2AA5
[2006] [M]: 0x0000000080001D1A (0x2AA50513) addi a0, a0, 0x2aa
x10 <- 0xFFEAAAAAAAAAAAAA
mem[X,0x0000000080001D1E] -> 0x1513
mem[X,0x0000000080001D20] -> 0x00A5
[2007] [M]: 0x0000000080001D1E (0x00A51513) slli a0, a0, 0xa
x10 <- 0xAAAAAAAAAAAAA800
mem[X,0x0000000080001D22] -> 0x0513
mem[X,0x0000000080001D24] -> 0x2AB5
[2008] [M]: 0x0000000080001D22 (0x2AB50513) addi a0, a0, 0x2ab
x10 <- 0xAAAAAAAAAAAAAAAB
mem[X,0x0000000080001D26] -> 0x356D
[2009] [M]: 0x0000000080001D26 (0x356D) c.addiw a0, -0x5
x10 <- 0xFFFFFFFFAAAAAAA6
mem[X,0x0000000080001D28] -> 0xB423
mem[X,0x0000000080001D2A] -> 0x6EA0
[2010] [M]: 0x0000000080001D28 (0x6EA0B423) sd a0, 0x6e8(ra)
mem[0x00000000800058E0] <- 0xFFFFFFFFAAAAAAA6
mem[X,0x0000000080001D2C] -> 0xB537
mem[X,0x0000000080001D2E] -> 0xAAAA
[2011] [M]: 0x0000000080001D2C (0xAAAAB537) lui a0, -0x55555
x10 <- 0xFFFFFFFFAAAAB000
mem[X,0x0000000080001D30] -> 0x0513
mem[X,0x0000000080001D32] -> 0xAAA5
[2012] [M]: 0x0000000080001D30 (0xAAA50513) addi a0, a0, -0x556
x10 <- 0xFFFFFFFFAAAAAAAA
mem[X,0x0000000080001D34] -> 0x1513
mem[X,0x0000000080001D36] -> 0x00B5
[2013] [M]: 0x0000000080001D34 (0x00B51513) slli a0, a0, 0xb
x10 <- 0xFFFFFD5555555000
mem[X,0x0000000080001D38] -> 0x0513
mem[X,0x0000000080001D3A] -> 0x5555
[2014] [M]: 0x0000000080001D38 (0x55550513) addi a0, a0, 0x555
x10 <- 0xFFFFFD5555555555
mem[X,0x0000000080001D3C] -> 0x1513
mem[X,0x0000000080001D3E] -> 0x00B5
[2015] [M]: 0x0000000080001D3C (0x00B51513) slli a0, a0, 0xb
x10 <- 0xFFEAAAAAAAAAA800
mem[X,0x0000000080001D40] -> 0x0513
mem[X,0x0000000080001D42] -> 0x2AA5
[2016] [M]: 0x0000000080001D40 (0x2AA50513) addi a0, a0, 0x2aa
x10 <- 0xFFEAAAAAAAAAAAAA
mem[X,0x0000000080001D44] -> 0x1513
mem[X,0x0000000080001D46] -> 0x00A5
[2017] [M]: 0x0000000080001D44 (0x00A51513) slli a0, a0, 0xa
x10 <- 0xAAAAAAAAAAAAA800
mem[X,0x0000000080001D48] -> 0x0513
mem[X,0x0000000080001D4A] -> 0x2AB5
[2018] [M]: 0x0000000080001D48 (0x2AB50513) addi a0, a0, 0x2ab
x10 <- 0xAAAAAAAAAAAAAAAB
mem[X,0x0000000080001D4C] -> 0x2509
[2019] [M]: 0x0000000080001D4C (0x2509) c.addiw a0, 0x2
x10 <- 0xFFFFFFFFAAAAAAAD
mem[X,0x0000000080001D4E] -> 0xB823
mem[X,0x0000000080001D50] -> 0x6EA0
[2020] [M]: 0x0000000080001D4E (0x6EA0B823) sd a0, 0x6f0(ra)
mem[0x00000000800058E8] <- 0xFFFFFFFFAAAAAAAD
mem[X,0x0000000080001D52] -> 0xB537
mem[X,0x0000000080001D54] -> 0xAAAA
[2021] [M]: 0x0000000080001D52 (0xAAAAB537) lui a0, -0x55555
x10 <- 0xFFFFFFFFAAAAB000
mem[X,0x0000000080001D56] -> 0x0513
mem[X,0x0000000080001D58] -> 0xAAA5
[2022] [M]: 0x0000000080001D56 (0xAAA50513) addi a0, a0, -0x556
x10 <- 0xFFFFFFFFAAAAAAAA
mem[X,0x0000000080001D5A] -> 0x1513
mem[X,0x0000000080001D5C] -> 0x00B5
[2023] [M]: 0x0000000080001D5A (0x00B51513) slli a0, a0, 0xb
x10 <- 0xFFFFFD5555555000
mem[X,0x0000000080001D5E] -> 0x0513
mem[X,0x0000000080001D60] -> 0x5555
[2024] [M]: 0x0000000080001D5E (0x55550513) addi a0, a0, 0x555
x10 <- 0xFFFFFD5555555555
mem[X,0x0000000080001D62] -> 0x1513
mem[X,0x0000000080001D64] -> 0x00B5
[2025] [M]: 0x0000000080001D62 (0x00B51513) slli a0, a0, 0xb
x10 <- 0xFFEAAAAAAAAAA800
mem[X,0x0000000080001D66] -> 0x0513
mem[X,0x0000000080001D68] -> 0x2AA5
[2026] [M]: 0x0000000080001D66 (0x2AA50513) addi a0, a0, 0x2aa
x10 <- 0xFFEAAAAAAAAAAAAA
mem[X,0x0000000080001D6A] -> 0x1513
mem[X,0x0000000080001D6C] -> 0x00A5
[2027] [M]: 0x0000000080001D6A (0x00A51513) slli a0, a0, 0xa
x10 <- 0xAAAAAAAAAAAAA800
mem[X,0x0000000080001D6E] -> 0x0513
mem[X,0x0000000080001D70] -> 0x2AB5
[2028] [M]: 0x0000000080001D6E (0x2AB50513) addi a0, a0, 0x2ab
x10 <- 0xAAAAAAAAAAAAAAAB
mem[X,0x0000000080001D72] -> 0x2511
[2029] [M]: 0x0000000080001D72 (0x2511) c.addiw a0, 0x4
x10 <- 0xFFFFFFFFAAAAAAAF
mem[X,0x0000000080001D74] -> 0xBC23
mem[X,0x0000000080001D76] -> 0x6EA0
[2030] [M]: 0x0000000080001D74 (0x6EA0BC23) sd a0, 0x6f8(ra)
mem[0x00000000800058F0] <- 0xFFFFFFFFAAAAAAAF
mem[X,0x0000000080001D78] -> 0xB537
mem[X,0x0000000080001D7A] -> 0xAAAA
[2031] [M]: 0x0000000080001D78 (0xAAAAB537) lui a0, -0x55555
x10 <- 0xFFFFFFFFAAAAB000
mem[X,0x0000000080001D7C] -> 0x0513
mem[X,0x0000000080001D7E] -> 0xAAA5
[2032] [M]: 0x0000000080001D7C (0xAAA50513) addi a0, a0, -0x556
x10 <- 0xFFFFFFFFAAAAAAAA
mem[X,0x0000000080001D80] -> 0x1513
mem[X,0x0000000080001D82] -> 0x00B5
[2033] [M]: 0x0000000080001D80 (0x00B51513) slli a0, a0, 0xb
x10 <- 0xFFFFFD5555555000
mem[X,0x0000000080001D84] -> 0x0513
mem[X,0x0000000080001D86] -> 0x5555
[2034] [M]: 0x0000000080001D84 (0x55550513) addi a0, a0, 0x555
x10 <- 0xFFFFFD5555555555
mem[X,0x0000000080001D88] -> 0x1513
mem[X,0x0000000080001D8A] -> 0x00B5
[2035] [M]: 0x0000000080001D88 (0x00B51513) slli a0, a0, 0xb
x10 <- 0xFFEAAAAAAAAAA800
mem[X,0x0000000080001D8C] -> 0x0513
mem[X,0x0000000080001D8E] -> 0x2AA5
[2036] [M]: 0x0000000080001D8C (0x2AA50513) addi a0, a0, 0x2aa
x10 <- 0xFFEAAAAAAAAAAAAA
mem[X,0x0000000080001D90] -> 0x1513
mem[X,0x0000000080001D92] -> 0x00A5
[2037] [M]: 0x0000000080001D90 (0x00A51513) slli a0, a0, 0xa
x10 <- 0xAAAAAAAAAAAAA800
mem[X,0x0000000080001D94] -> 0x0513
mem[X,0x0000000080001D96] -> 0x2AB5
[2038] [M]: 0x0000000080001D94 (0x2AB50513) addi a0, a0, 0x2ab
x10 <- 0xAAAAAAAAAAAAAAAB
mem[X,0x0000000080001D98] -> 0x2525
[2039] [M]: 0x0000000080001D98 (0x2525) c.addiw a0, 0x9
x10 <- 0xFFFFFFFFAAAAAAB4
mem[X,0x0000000080001D9A] -> 0xB023
mem[X,0x0000000080001D9C] -> 0x70A0
[2040] [M]: 0x0000000080001D9A (0x70A0B023) sd a0, 0x700(ra)
mem[0x00000000800058F8] <- 0xFFFFFFFFAAAAAAB4
mem[X,0x0000000080001D9E] -> 0xB537
mem[X,0x0000000080001DA0] -> 0xAAAA
[2041] [M]: 0x0000000080001D9E (0xAAAAB537) lui a0, -0x55555
x10 <- 0xFFFFFFFFAAAAB000
mem[X,0x0000000080001DA2] -> 0x0513
mem[X,0x0000000080001DA4] -> 0xAAA5
[2042] [M]: 0x0000000080001DA2 (0xAAA50513) addi a0, a0, -0x556
x10 <- 0xFFFFFFFFAAAAAAAA
mem[X,0x0000000080001DA6] -> 0x1513
mem[X,0x0000000080001DA8] -> 0x00B5
[2043] [M]: 0x0000000080001DA6 (0x00B51513) slli a0, a0, 0xb
x10 <- 0xFFFFFD5555555000
mem[X,0x0000000080001DAA] -> 0x0513
mem[X,0x0000000080001DAC] -> 0x5555
[2044] [M]: 0x0000000080001DAA (0x55550513) addi a0, a0, 0x555
x10 <- 0xFFFFFD5555555555
mem[X,0x0000000080001DAE] -> 0x1513
mem[X,0x0000000080001DB0] -> 0x00B5
[2045] [M]: 0x0000000080001DAE (0x00B51513) slli a0, a0, 0xb
x10 <- 0xFFEAAAAAAAAAA800
mem[X,0x0000000080001DB2] -> 0x0513
mem[X,0x0000000080001DB4] -> 0x2AA5
[2046] [M]: 0x0000000080001DB2 (0x2AA50513) addi a0, a0, 0x2aa
x10 <- 0xFFEAAAAAAAAAAAAA
mem[X,0x0000000080001DB6] -> 0x1513
mem[X,0x0000000080001DB8] -> 0x00A5
[2047] [M]: 0x0000000080001DB6 (0x00A51513) slli a0, a0, 0xa
x10 <- 0xAAAAAAAAAAAAA800
mem[X,0x0000000080001DBA] -> 0x0513
mem[X,0x0000000080001DBC] -> 0x2AB5
[2048] [M]: 0x0000000080001DBA (0x2AB50513) addi a0, a0, 0x2ab
x10 <- 0xAAAAAAAAAAAAAAAB
mem[X,0x0000000080001DBE] -> 0x2501
[2049] [M]: 0x0000000080001DBE (0x2501) c.addiw a0, 0x0
x10 <- 0xFFFFFFFFAAAAAAAB
mem[X,0x0000000080001DC0] -> 0xB423
mem[X,0x0000000080001DC2] -> 0x70A0
[2050] [M]: 0x0000000080001DC0 (0x70A0B423) sd a0, 0x708(ra)
mem[0x0000000080005900] <- 0xFFFFFFFFAAAAAAAB
mem[X,0x0000000080001DC4] -> 0xB537
mem[X,0x0000000080001DC6] -> 0xAAAA
[2051] [M]: 0x0000000080001DC4 (0xAAAAB537) lui a0, -0x55555
x10 <- 0xFFFFFFFFAAAAB000
mem[X,0x0000000080001DC8] -> 0x0513
mem[X,0x0000000080001DCA] -> 0xAAA5
[2052] [M]: 0x0000000080001DC8 (0xAAA50513) addi a0, a0, -0x556
x10 <- 0xFFFFFFFFAAAAAAAA
mem[X,0x0000000080001DCC] -> 0x1513
mem[X,0x0000000080001DCE] -> 0x00B5
[2053] [M]: 0x0000000080001DCC (0x00B51513) slli a0, a0, 0xb
x10 <- 0xFFFFFD5555555000
mem[X,0x0000000080001DD0] -> 0x0513
mem[X,0x0000000080001DD2] -> 0x5555
[2054] [M]: 0x0000000080001DD0 (0x55550513) addi a0, a0, 0x555
x10 <- 0xFFFFFD5555555555
mem[X,0x0000000080001DD4] -> 0x1513
mem[X,0x0000000080001DD6] -> 0x00B5
[2055] [M]: 0x0000000080001DD4 (0x00B51513) slli a0, a0, 0xb
x10 <- 0xFFEAAAAAAAAAA800
mem[X,0x0000000080001DD8] -> 0x0513
mem[X,0x0000000080001DDA] -> 0x2AA5
[2056] [M]: 0x0000000080001DD8 (0x2AA50513) addi a0, a0, 0x2aa
x10 <- 0xFFEAAAAAAAAAAAAA
mem[X,0x0000000080001DDC] -> 0x1513
mem[X,0x0000000080001DDE] -> 0x00A5
[2057] [M]: 0x0000000080001DDC (0x00A51513) slli a0, a0, 0xa
x10 <- 0xAAAAAAAAAAAAA800
mem[X,0x0000000080001DE0] -> 0x0513
mem[X,0x0000000080001DE2] -> 0x2AB5
[2058] [M]: 0x0000000080001DE0 (0x2AB50513) addi a0, a0, 0x2ab
x10 <- 0xAAAAAAAAAAAAAAAB
mem[X,0x0000000080001DE4] -> 0x252D
[2059] [M]: 0x0000000080001DE4 (0x252D) c.addiw a0, 0xb
x10 <- 0xFFFFFFFFAAAAAAB6
mem[X,0x0000000080001DE6] -> 0xB823
mem[X,0x0000000080001DE8] -> 0x70A0
[2060] [M]: 0x0000000080001DE6 (0x70A0B823) sd a0, 0x710(ra)
mem[0x0000000080005908] <- 0xFFFFFFFFAAAAAAB6
mem[X,0x0000000080001DEA] -> 0xB537
mem[X,0x0000000080001DEC] -> 0xAAAA
[2061] [M]: 0x0000000080001DEA (0xAAAAB537) lui a0, -0x55555
x10 <- 0xFFFFFFFFAAAAB000
mem[X,0x0000000080001DEE] -> 0x0513
mem[X,0x0000000080001DF0] -> 0xAAA5
[2062] [M]: 0x0000000080001DEE (0xAAA50513) addi a0, a0, -0x556
x10 <- 0xFFFFFFFFAAAAAAAA
mem[X,0x0000000080001DF2] -> 0x1513
mem[X,0x0000000080001DF4] -> 0x00B5
[2063] [M]: 0x0000000080001DF2 (0x00B51513) slli a0, a0, 0xb
x10 <- 0xFFFFFD5555555000
mem[X,0x0000000080001DF6] -> 0x0513
mem[X,0x0000000080001DF8] -> 0x5555
[2064] [M]: 0x0000000080001DF6 (0x55550513) addi a0, a0, 0x555
x10 <- 0xFFFFFD5555555555
mem[X,0x0000000080001DFA] -> 0x1513
mem[X,0x0000000080001DFC] -> 0x00B5
[2065] [M]: 0x0000000080001DFA (0x00B51513) slli a0, a0, 0xb
x10 <- 0xFFEAAAAAAAAAA800
mem[X,0x0000000080001DFE] -> 0x0513
mem[X,0x0000000080001E00] -> 0x2AA5
[2066] [M]: 0x0000000080001DFE (0x2AA50513) addi a0, a0, 0x2aa
x10 <- 0xFFEAAAAAAAAAAAAA
mem[X,0x0000000080001E02] -> 0x1513
mem[X,0x0000000080001E04] -> 0x00A5
[2067] [M]: 0x0000000080001E02 (0x00A51513) slli a0, a0, 0xa
x10 <- 0xAAAAAAAAAAAAA800
mem[X,0x0000000080001E06] -> 0x0513
mem[X,0x0000000080001E08] -> 0x2AB5
[2068] [M]: 0x0000000080001E06 (0x2AB50513) addi a0, a0, 0x2ab
x10 <- 0xAAAAAAAAAAAAAAAB
mem[X,0x0000000080001E0A] -> 0x251D
[2069] [M]: 0x0000000080001E0A (0x251D) c.addiw a0, 0x7
x10 <- 0xFFFFFFFFAAAAAAB2
mem[X,0x0000000080001E0C] -> 0xBC23
mem[X,0x0000000080001E0E] -> 0x70A0
[2070] [M]: 0x0000000080001E0C (0x70A0BC23) sd a0, 0x718(ra)
mem[0x0000000080005910] <- 0xFFFFFFFFAAAAAAB2
mem[X,0x0000000080001E10] -> 0xB537
mem[X,0x0000000080001E12] -> 0xAAAA
[2071] [M]: 0x0000000080001E10 (0xAAAAB537) lui a0, -0x55555
x10 <- 0xFFFFFFFFAAAAB000
mem[X,0x0000000080001E14] -> 0x0513
mem[X,0x0000000080001E16] -> 0xAAA5
[2072] [M]: 0x0000000080001E14 (0xAAA50513) addi a0, a0, -0x556
x10 <- 0xFFFFFFFFAAAAAAAA
mem[X,0x0000000080001E18] -> 0x1513
mem[X,0x0000000080001E1A] -> 0x00B5
[2073] [M]: 0x0000000080001E18 (0x00B51513) slli a0, a0, 0xb
x10 <- 0xFFFFFD5555555000
mem[X,0x0000000080001E1C] -> 0x0513
mem[X,0x0000000080001E1E] -> 0x5555
[2074] [M]: 0x0000000080001E1C (0x55550513) addi a0, a0, 0x555
x10 <- 0xFFFFFD5555555555
mem[X,0x0000000080001E20] -> 0x1513
mem[X,0x0000000080001E22] -> 0x00B5
[2075] [M]: 0x0000000080001E20 (0x00B51513) slli a0, a0, 0xb
x10 <- 0xFFEAAAAAAAAAA800
mem[X,0x0000000080001E24] -> 0x0513
mem[X,0x0000000080001E26] -> 0x2AA5
[2076] [M]: 0x0000000080001E24 (0x2AA50513) addi a0, a0, 0x2aa
x10 <- 0xFFEAAAAAAAAAAAAA
mem[X,0x0000000080001E28] -> 0x1513
mem[X,0x0000000080001E2A] -> 0x00A5
[2077] [M]: 0x0000000080001E28 (0x00A51513) slli a0, a0, 0xa
x10 <- 0xAAAAAAAAAAAAA800
mem[X,0x0000000080001E2C] -> 0x0513
mem[X,0x0000000080001E2E] -> 0x2AB5
[2078] [M]: 0x0000000080001E2C (0x2AB50513) addi a0, a0, 0x2ab
x10 <- 0xAAAAAAAAAAAAAAAB
mem[X,0x0000000080001E30] -> 0x357D
[2079] [M]: 0x0000000080001E30 (0x357D) c.addiw a0, -0x1
x10 <- 0xFFFFFFFFAAAAAAAA
mem[X,0x0000000080001E32] -> 0xB023
mem[X,0x0000000080001E34] -> 0x72A0
[2080] [M]: 0x0000000080001E32 (0x72A0B023) sd a0, 0x720(ra)
mem[0x0000000080005918] <- 0xFFFFFFFFAAAAAAAA
mem[X,0x0000000080001E36] -> 0xB537
mem[X,0x0000000080001E38] -> 0xAAAA
[2081] [M]: 0x0000000080001E36 (0xAAAAB537) lui a0, -0x55555
x10 <- 0xFFFFFFFFAAAAB000
mem[X,0x0000000080001E3A] -> 0x0513
mem[X,0x0000000080001E3C] -> 0xAAA5
[2082] [M]: 0x0000000080001E3A (0xAAA50513) addi a0, a0, -0x556
x10 <- 0xFFFFFFFFAAAAAAAA
mem[X,0x0000000080001E3E] -> 0x1513
mem[X,0x0000000080001E40] -> 0x00B5
[2083] [M]: 0x0000000080001E3E (0x00B51513) slli a0, a0, 0xb
x10 <- 0xFFFFFD5555555000
mem[X,0x0000000080001E42] -> 0x0513
mem[X,0x0000000080001E44] -> 0x5555
[2084] [M]: 0x0000000080001E42 (0x55550513) addi a0, a0, 0x555
x10 <- 0xFFFFFD5555555555
mem[X,0x0000000080001E46] -> 0x1513
mem[X,0x0000000080001E48] -> 0x00B5
[2085] [M]: 0x0000000080001E46 (0x00B51513) slli a0, a0, 0xb
x10 <- 0xFFEAAAAAAAAAA800
mem[X,0x0000000080001E4A] -> 0x0513
mem[X,0x0000000080001E4C] -> 0x2AA5
[2086] [M]: 0x0000000080001E4A (0x2AA50513) addi a0, a0, 0x2aa
x10 <- 0xFFEAAAAAAAAAAAAA
mem[X,0x0000000080001E4E] -> 0x1513
mem[X,0x0000000080001E50] -> 0x00A5
[2087] [M]: 0x0000000080001E4E (0x00A51513) slli a0, a0, 0xa
x10 <- 0xAAAAAAAAAAAAA800
mem[X,0x0000000080001E52] -> 0x0513
mem[X,0x0000000080001E54] -> 0x2AB5
[2088] [M]: 0x0000000080001E52 (0x2AB50513) addi a0, a0, 0x2ab
x10 <- 0xAAAAAAAAAAAAAAAB
mem[X,0x0000000080001E56] -> 0x3571
[2089] [M]: 0x0000000080001E56 (0x3571) c.addiw a0, -0x4
x10 <- 0xFFFFFFFFAAAAAAA7
mem[X,0x0000000080001E58] -> 0xB423
mem[X,0x0000000080001E5A] -> 0x72A0
[2090] [M]: 0x0000000080001E58 (0x72A0B423) sd a0, 0x728(ra)
mem[0x0000000080005920] <- 0xFFFFFFFFAAAAAAA7
mem[X,0x0000000080001E5C] -> 0x0513
mem[X,0x0000000080001E5E] -> 0x0060
[2091] [M]: 0x0000000080001E5C (0x00600513) addi a0, zero, 0x6
x10 <- 0x0000000000000006
mem[X,0x0000000080001E60] -> 0x250D
[2092] [M]: 0x0000000080001E60 (0x250D) c.addiw a0, 0x3
x10 <- 0x0000000000000009
mem[X,0x0000000080001E62] -> 0xB823
mem[X,0x0000000080001E64] -> 0x72A0
[2093] [M]: 0x0000000080001E62 (0x72A0B823) sd a0, 0x730(ra)
mem[0x0000000080005928] <- 0x0000000000000009
mem[X,0x0000000080001E66] -> 0x0513
mem[X,0x0000000080001E68] -> 0x0060
[2094] [M]: 0x0000000080001E66 (0x00600513) addi a0, zero, 0x6
x10 <- 0x0000000000000006
mem[X,0x0000000080001E6A] -> 0x2515
[2095] [M]: 0x0000000080001E6A (0x2515) c.addiw a0, 0x5
x10 <- 0x000000000000000B
mem[X,0x0000000080001E6C] -> 0xBC23
mem[X,0x0000000080001E6E] -> 0x72A0
[2096] [M]: 0x0000000080001E6C (0x72A0BC23) sd a0, 0x738(ra)
mem[0x0000000080005930] <- 0x000000000000000B
mem[X,0x0000000080001E70] -> 0x0513
mem[X,0x0000000080001E72] -> 0x0060
[2097] [M]: 0x0000000080001E70 (0x00600513) addi a0, zero, 0x6
x10 <- 0x0000000000000006
mem[X,0x0000000080001E74] -> 0x2529
[2098] [M]: 0x0000000080001E74 (0x2529) c.addiw a0, 0xa
x10 <- 0x0000000000000010
mem[X,0x0000000080001E76] -> 0xB023
mem[X,0x0000000080001E78] -> 0x74A0
[2099] [M]: 0x0000000080001E76 (0x74A0B023) sd a0, 0x740(ra)
mem[0x0000000080005938] <- 0x0000000000000010
clint::tick mtime <- 0x0000000000000015
 clint timer pending at mtime 0x0000000000000015
htif::tick 0x0000000000000000
mem[X,0x0000000080001E7A] -> 0x0513
mem[X,0x0000000080001E7C] -> 0x0060
[2100] [M]: 0x0000000080001E7A (0x00600513) addi a0, zero, 0x6
x10 <- 0x0000000000000006
mem[X,0x0000000080001E7E] -> 0x2519
[2101] [M]: 0x0000000080001E7E (0x2519) c.addiw a0, 0x6
x10 <- 0x000000000000000C
mem[X,0x0000000080001E80] -> 0xB423
mem[X,0x0000000080001E82] -> 0x74A0
[2102] [M]: 0x0000000080001E80 (0x74A0B423) sd a0, 0x748(ra)
mem[0x0000000080005940] <- 0x000000000000000C
mem[X,0x0000000080001E84] -> 0x0513
mem[X,0x0000000080001E86] -> 0x0060
[2103] [M]: 0x0000000080001E84 (0x00600513) addi a0, zero, 0x6
x10 <- 0x0000000000000006
mem[X,0x0000000080001E88] -> 0x3579
[2104] [M]: 0x0000000080001E88 (0x3579) c.addiw a0, -0x2
x10 <- 0x0000000000000004
mem[X,0x0000000080001E8A] -> 0xB823
mem[X,0x0000000080001E8C] -> 0x74A0
[2105] [M]: 0x0000000080001E8A (0x74A0B823) sd a0, 0x750(ra)
mem[0x0000000080005948] <- 0x0000000000000004
mem[X,0x0000000080001E8E] -> 0x0513
mem[X,0x0000000080001E90] -> 0x0060
[2106] [M]: 0x0000000080001E8E (0x00600513) addi a0, zero, 0x6
x10 <- 0x0000000000000006
mem[X,0x0000000080001E92] -> 0x356D
[2107] [M]: 0x0000000080001E92 (0x356D) c.addiw a0, -0x5
x10 <- 0x0000000000000001
mem[X,0x0000000080001E94] -> 0xBC23
mem[X,0x0000000080001E96] -> 0x74A0
[2108] [M]: 0x0000000080001E94 (0x74A0BC23) sd a0, 0x758(ra)
mem[0x0000000080005950] <- 0x0000000000000001
mem[X,0x0000000080001E98] -> 0x0513
mem[X,0x0000000080001E9A] -> 0x0060
[2109] [M]: 0x0000000080001E98 (0x00600513) addi a0, zero, 0x6
x10 <- 0x0000000000000006
mem[X,0x0000000080001E9C] -> 0x2509
[2110] [M]: 0x0000000080001E9C (0x2509) c.addiw a0, 0x2
x10 <- 0x0000000000000008
mem[X,0x0000000080001E9E] -> 0xB023
mem[X,0x0000000080001EA0] -> 0x76A0
[2111] [M]: 0x0000000080001E9E (0x76A0B023) sd a0, 0x760(ra)
mem[0x0000000080005958] <- 0x0000000000000008
mem[X,0x0000000080001EA2] -> 0x0513
mem[X,0x0000000080001EA4] -> 0x0060
[2112] [M]: 0x0000000080001EA2 (0x00600513) addi a0, zero, 0x6
x10 <- 0x0000000000000006
mem[X,0x0000000080001EA6] -> 0x2511
[2113] [M]: 0x0000000080001EA6 (0x2511) c.addiw a0, 0x4
x10 <- 0x000000000000000A
mem[X,0x0000000080001EA8] -> 0xB423
mem[X,0x0000000080001EAA] -> 0x76A0
[2114] [M]: 0x0000000080001EA8 (0x76A0B423) sd a0, 0x768(ra)
mem[0x0000000080005960] <- 0x000000000000000A
mem[X,0x0000000080001EAC] -> 0x0513
mem[X,0x0000000080001EAE] -> 0x0060
[2115] [M]: 0x0000000080001EAC (0x00600513) addi a0, zero, 0x6
x10 <- 0x0000000000000006
mem[X,0x0000000080001EB0] -> 0x2525
[2116] [M]: 0x0000000080001EB0 (0x2525) c.addiw a0, 0x9
x10 <- 0x000000000000000F
mem[X,0x0000000080001EB2] -> 0xB823
mem[X,0x0000000080001EB4] -> 0x76A0
[2117] [M]: 0x0000000080001EB2 (0x76A0B823) sd a0, 0x770(ra)
mem[0x0000000080005968] <- 0x000000000000000F
mem[X,0x0000000080001EB6] -> 0x0513
mem[X,0x0000000080001EB8] -> 0x0060
[2118] [M]: 0x0000000080001EB6 (0x00600513) addi a0, zero, 0x6
x10 <- 0x0000000000000006
mem[X,0x0000000080001EBA] -> 0x2501
[2119] [M]: 0x0000000080001EBA (0x2501) c.addiw a0, 0x0
x10 <- 0x0000000000000006
mem[X,0x0000000080001EBC] -> 0xBC23
mem[X,0x0000000080001EBE] -> 0x76A0
[2120] [M]: 0x0000000080001EBC (0x76A0BC23) sd a0, 0x778(ra)
mem[0x0000000080005970] <- 0x0000000000000006
mem[X,0x0000000080001EC0] -> 0x0513
mem[X,0x0000000080001EC2] -> 0x0060
[2121] [M]: 0x0000000080001EC0 (0x00600513) addi a0, zero, 0x6
x10 <- 0x0000000000000006
mem[X,0x0000000080001EC4] -> 0x252D
[2122] [M]: 0x0000000080001EC4 (0x252D) c.addiw a0, 0xb
x10 <- 0x0000000000000011
mem[X,0x0000000080001EC6] -> 0xB023
mem[X,0x0000000080001EC8] -> 0x78A0
[2123] [M]: 0x0000000080001EC6 (0x78A0B023) sd a0, 0x780(ra)
mem[0x0000000080005978] <- 0x0000000000000011
mem[X,0x0000000080001ECA] -> 0x0513
mem[X,0x0000000080001ECC] -> 0x0060
[2124] [M]: 0x0000000080001ECA (0x00600513) addi a0, zero, 0x6
x10 <- 0x0000000000000006
mem[X,0x0000000080001ECE] -> 0x251D
[2125] [M]: 0x0000000080001ECE (0x251D) c.addiw a0, 0x7
x10 <- 0x000000000000000D
mem[X,0x0000000080001ED0] -> 0xB423
mem[X,0x0000000080001ED2] -> 0x78A0
[2126] [M]: 0x0000000080001ED0 (0x78A0B423) sd a0, 0x788(ra)
mem[0x0000000080005980] <- 0x000000000000000D
mem[X,0x0000000080001ED4] -> 0x0513
mem[X,0x0000000080001ED6] -> 0x0060
[2127] [M]: 0x0000000080001ED4 (0x00600513) addi a0, zero, 0x6
x10 <- 0x0000000000000006
mem[X,0x0000000080001ED8] -> 0x357D
[2128] [M]: 0x0000000080001ED8 (0x357D) c.addiw a0, -0x1
x10 <- 0x0000000000000005
mem[X,0x0000000080001EDA] -> 0xB823
mem[X,0x0000000080001EDC] -> 0x78A0
[2129] [M]: 0x0000000080001EDA (0x78A0B823) sd a0, 0x790(ra)
mem[0x0000000080005988] <- 0x0000000000000005
mem[X,0x0000000080001EDE] -> 0x0513
mem[X,0x0000000080001EE0] -> 0x0060
[2130] [M]: 0x0000000080001EDE (0x00600513) addi a0, zero, 0x6
x10 <- 0x0000000000000006
mem[X,0x0000000080001EE2] -> 0x3571
[2131] [M]: 0x0000000080001EE2 (0x3571) c.addiw a0, -0x4
x10 <- 0x0000000000000002
mem[X,0x0000000080001EE4] -> 0xBC23
mem[X,0x0000000080001EE6] -> 0x78A0
[2132] [M]: 0x0000000080001EE4 (0x78A0BC23) sd a0, 0x798(ra)
mem[0x0000000080005990] <- 0x0000000000000002
mem[X,0x0000000080001EE8] -> 0x3537
mem[X,0x0000000080001EEA] -> 0x3333
[2133] [M]: 0x0000000080001EE8 (0x33333537) lui a0, 0x33333
x10 <- 0x0000000033333000
mem[X,0x0000000080001EEC] -> 0x0513
mem[X,0x0000000080001EEE] -> 0x3335
[2134] [M]: 0x0000000080001EEC (0x33350513) addi a0, a0, 0x333
x10 <- 0x0000000033333333
mem[X,0x0000000080001EF0] -> 0x1513
mem[X,0x0000000080001EF2] -> 0x00B5
[2135] [M]: 0x0000000080001EF0 (0x00B51513) slli a0, a0, 0xb
x10 <- 0x0000019999999800
mem[X,0x0000000080001EF4] -> 0x0513
mem[X,0x0000000080001EF6] -> 0x1995
[2136] [M]: 0x0000000080001EF4 (0x19950513) addi a0, a0, 0x199
x10 <- 0x0000019999999999
mem[X,0x0000000080001EF8] -> 0x1513
mem[X,0x0000000080001EFA] -> 0x00B5
[2137] [M]: 0x0000000080001EF8 (0x00B51513) slli a0, a0, 0xb
x10 <- 0x000CCCCCCCCCC800
mem[X,0x0000000080001EFC] -> 0x0513
mem[X,0x0000000080001EFE] -> 0x4CC5
[2138] [M]: 0x0000000080001EFC (0x4CC50513) addi a0, a0, 0x4cc
x10 <- 0x000CCCCCCCCCCCCC
mem[X,0x0000000080001F00] -> 0x1513
mem[X,0x0000000080001F02] -> 0x00A5
[2139] [M]: 0x0000000080001F00 (0x00A51513) slli a0, a0, 0xa
x10 <- 0x3333333333333000
mem[X,0x0000000080001F04] -> 0x0513
mem[X,0x0000000080001F06] -> 0x3345
[2140] [M]: 0x0000000080001F04 (0x33450513) addi a0, a0, 0x334
x10 <- 0x3333333333333334
mem[X,0x0000000080001F08] -> 0x250D
[2141] [M]: 0x0000000080001F08 (0x250D) c.addiw a0, 0x3
x10 <- 0x0000000033333337
mem[X,0x0000000080001F0A] -> 0xB023
mem[X,0x0000000080001F0C] -> 0x7AA0
[2142] [M]: 0x0000000080001F0A (0x7AA0B023) sd a0, 0x7a0(ra)
mem[0x0000000080005998] <- 0x0000000033333337
mem[X,0x0000000080001F0E] -> 0x3537
mem[X,0x0000000080001F10] -> 0x3333
[2143] [M]: 0x0000000080001F0E (0x33333537) lui a0, 0x33333
x10 <- 0x0000000033333000
mem[X,0x0000000080001F12] -> 0x0513
mem[X,0x0000000080001F14] -> 0x3335
[2144] [M]: 0x0000000080001F12 (0x33350513) addi a0, a0, 0x333
x10 <- 0x0000000033333333
mem[X,0x0000000080001F16] -> 0x1513
mem[X,0x0000000080001F18] -> 0x00B5
[2145] [M]: 0x0000000080001F16 (0x00B51513) slli a0, a0, 0xb
x10 <- 0x0000019999999800
mem[X,0x0000000080001F1A] -> 0x0513
mem[X,0x0000000080001F1C] -> 0x1995
[2146] [M]: 0x0000000080001F1A (0x19950513) addi a0, a0, 0x199
x10 <- 0x0000019999999999
mem[X,0x0000000080001F1E] -> 0x1513
mem[X,0x0000000080001F20] -> 0x00B5
[2147] [M]: 0x0000000080001F1E (0x00B51513) slli a0, a0, 0xb
x10 <- 0x000CCCCCCCCCC800
mem[X,0x0000000080001F22] -> 0x0513
mem[X,0x0000000080001F24] -> 0x4CC5
[2148] [M]: 0x0000000080001F22 (0x4CC50513) addi a0, a0, 0x4cc
x10 <- 0x000CCCCCCCCCCCCC
mem[X,0x0000000080001F26] -> 0x1513
mem[X,0x0000000080001F28] -> 0x00A5
[2149] [M]: 0x0000000080001F26 (0x00A51513) slli a0, a0, 0xa
x10 <- 0x3333333333333000
mem[X,0x0000000080001F2A] -> 0x0513
mem[X,0x0000000080001F2C] -> 0x3345
[2150] [M]: 0x0000000080001F2A (0x33450513) addi a0, a0, 0x334
x10 <- 0x3333333333333334
mem[X,0x0000000080001F2E] -> 0x2515
[2151] [M]: 0x0000000080001F2E (0x2515) c.addiw a0, 0x5
x10 <- 0x0000000033333339
mem[X,0x0000000080001F30] -> 0xB423
mem[X,0x0000000080001F32] -> 0x7AA0
[2152] [M]: 0x0000000080001F30 (0x7AA0B423) sd a0, 0x7a8(ra)
mem[0x00000000800059A0] <- 0x0000000033333339
mem[X,0x0000000080001F34] -> 0x3537
mem[X,0x0000000080001F36] -> 0x3333
[2153] [M]: 0x0000000080001F34 (0x33333537) lui a0, 0x33333
x10 <- 0x0000000033333000
mem[X,0x0000000080001F38] -> 0x0513
mem[X,0x0000000080001F3A] -> 0x3335
[2154] [M]: 0x0000000080001F38 (0x33350513) addi a0, a0, 0x333
x10 <- 0x0000000033333333
mem[X,0x0000000080001F3C] -> 0x1513
mem[X,0x0000000080001F3E] -> 0x00B5
[2155] [M]: 0x0000000080001F3C (0x00B51513) slli a0, a0, 0xb
x10 <- 0x0000019999999800
mem[X,0x0000000080001F40] -> 0x0513
mem[X,0x0000000080001F42] -> 0x1995
[2156] [M]: 0x0000000080001F40 (0x19950513) addi a0, a0, 0x199
x10 <- 0x0000019999999999
mem[X,0x0000000080001F44] -> 0x1513
mem[X,0x0000000080001F46] -> 0x00B5
[2157] [M]: 0x0000000080001F44 (0x00B51513) slli a0, a0, 0xb
x10 <- 0x000CCCCCCCCCC800
mem[X,0x0000000080001F48] -> 0x0513
mem[X,0x0000000080001F4A] -> 0x4CC5
[2158] [M]: 0x0000000080001F48 (0x4CC50513) addi a0, a0, 0x4cc
x10 <- 0x000CCCCCCCCCCCCC
mem[X,0x0000000080001F4C] -> 0x1513
mem[X,0x0000000080001F4E] -> 0x00A5
[2159] [M]: 0x0000000080001F4C (0x00A51513) slli a0, a0, 0xa
x10 <- 0x3333333333333000
mem[X,0x0000000080001F50] -> 0x0513
mem[X,0x0000000080001F52] -> 0x3345
[2160] [M]: 0x0000000080001F50 (0x33450513) addi a0, a0, 0x334
x10 <- 0x3333333333333334
mem[X,0x0000000080001F54] -> 0x2529
[2161] [M]: 0x0000000080001F54 (0x2529) c.addiw a0, 0xa
x10 <- 0x000000003333333E
mem[X,0x0000000080001F56] -> 0xB823
mem[X,0x0000000080001F58] -> 0x7AA0
[2162] [M]: 0x0000000080001F56 (0x7AA0B823) sd a0, 0x7b0(ra)
mem[0x00000000800059A8] <- 0x000000003333333E
mem[X,0x0000000080001F5A] -> 0x3537
mem[X,0x0000000080001F5C] -> 0x3333
[2163] [M]: 0x0000000080001F5A (0x33333537) lui a0, 0x33333
x10 <- 0x0000000033333000
mem[X,0x0000000080001F5E] -> 0x0513
mem[X,0x0000000080001F60] -> 0x3335
[2164] [M]: 0x0000000080001F5E (0x33350513) addi a0, a0, 0x333
x10 <- 0x0000000033333333
mem[X,0x0000000080001F62] -> 0x1513
mem[X,0x0000000080001F64] -> 0x00B5
[2165] [M]: 0x0000000080001F62 (0x00B51513) slli a0, a0, 0xb
x10 <- 0x0000019999999800
mem[X,0x0000000080001F66] -> 0x0513
mem[X,0x0000000080001F68] -> 0x1995
[2166] [M]: 0x0000000080001F66 (0x19950513) addi a0, a0, 0x199
x10 <- 0x0000019999999999
mem[X,0x0000000080001F6A] -> 0x1513
mem[X,0x0000000080001F6C] -> 0x00B5
[2167] [M]: 0x0000000080001F6A (0x00B51513) slli a0, a0, 0xb
x10 <- 0x000CCCCCCCCCC800
mem[X,0x0000000080001F6E] -> 0x0513
mem[X,0x0000000080001F70] -> 0x4CC5
[2168] [M]: 0x0000000080001F6E (0x4CC50513) addi a0, a0, 0x4cc
x10 <- 0x000CCCCCCCCCCCCC
mem[X,0x0000000080001F72] -> 0x1513
mem[X,0x0000000080001F74] -> 0x00A5
[2169] [M]: 0x0000000080001F72 (0x00A51513) slli a0, a0, 0xa
x10 <- 0x3333333333333000
mem[X,0x0000000080001F76] -> 0x0513
mem[X,0x0000000080001F78] -> 0x3345
[2170] [M]: 0x0000000080001F76 (0x33450513) addi a0, a0, 0x334
x10 <- 0x3333333333333334
mem[X,0x0000000080001F7A] -> 0x2519
[2171] [M]: 0x0000000080001F7A (0x2519) c.addiw a0, 0x6
x10 <- 0x000000003333333A
mem[X,0x0000000080001F7C] -> 0xBC23
mem[X,0x0000000080001F7E] -> 0x7AA0
[2172] [M]: 0x0000000080001F7C (0x7AA0BC23) sd a0, 0x7b8(ra)
mem[0x00000000800059B0] <- 0x000000003333333A
mem[X,0x0000000080001F80] -> 0x3537
mem[X,0x0000000080001F82] -> 0x3333
[2173] [M]: 0x0000000080001F80 (0x33333537) lui a0, 0x33333
x10 <- 0x0000000033333000
mem[X,0x0000000080001F84] -> 0x0513
mem[X,0x0000000080001F86] -> 0x3335
[2174] [M]: 0x0000000080001F84 (0x33350513) addi a0, a0, 0x333
x10 <- 0x0000000033333333
mem[X,0x0000000080001F88] -> 0x1513
mem[X,0x0000000080001F8A] -> 0x00B5
[2175] [M]: 0x0000000080001F88 (0x00B51513) slli a0, a0, 0xb
x10 <- 0x0000019999999800
mem[X,0x0000000080001F8C] -> 0x0513
mem[X,0x0000000080001F8E] -> 0x1995
[2176] [M]: 0x0000000080001F8C (0x19950513) addi a0, a0, 0x199
x10 <- 0x0000019999999999
mem[X,0x0000000080001F90] -> 0x1513
mem[X,0x0000000080001F92] -> 0x00B5
[2177] [M]: 0x0000000080001F90 (0x00B51513) slli a0, a0, 0xb
x10 <- 0x000CCCCCCCCCC800
mem[X,0x0000000080001F94] -> 0x0513
mem[X,0x0000000080001F96] -> 0x4CC5
[2178] [M]: 0x0000000080001F94 (0x4CC50513) addi a0, a0, 0x4cc
x10 <- 0x000CCCCCCCCCCCCC
mem[X,0x0000000080001F98] -> 0x1513
mem[X,0x0000000080001F9A] -> 0x00A5
[2179] [M]: 0x0000000080001F98 (0x00A51513) slli a0, a0, 0xa
x10 <- 0x3333333333333000
mem[X,0x0000000080001F9C] -> 0x0513
mem[X,0x0000000080001F9E] -> 0x3345
[2180] [M]: 0x0000000080001F9C (0x33450513) addi a0, a0, 0x334
x10 <- 0x3333333333333334
mem[X,0x0000000080001FA0] -> 0x3579
[2181] [M]: 0x0000000080001FA0 (0x3579) c.addiw a0, -0x2
x10 <- 0x0000000033333332
mem[X,0x0000000080001FA2] -> 0xB023
mem[X,0x0000000080001FA4] -> 0x7CA0
[2182] [M]: 0x0000000080001FA2 (0x7CA0B023) sd a0, 0x7c0(ra)
mem[0x00000000800059B8] <- 0x0000000033333332
mem[X,0x0000000080001FA6] -> 0x3537
mem[X,0x0000000080001FA8] -> 0x3333
[2183] [M]: 0x0000000080001FA6 (0x33333537) lui a0, 0x33333
x10 <- 0x0000000033333000
mem[X,0x0000000080001FAA] -> 0x0513
mem[X,0x0000000080001FAC] -> 0x3335
[2184] [M]: 0x0000000080001FAA (0x33350513) addi a0, a0, 0x333
x10 <- 0x0000000033333333
mem[X,0x0000000080001FAE] -> 0x1513
mem[X,0x0000000080001FB0] -> 0x00B5
[2185] [M]: 0x0000000080001FAE (0x00B51513) slli a0, a0, 0xb
x10 <- 0x0000019999999800
mem[X,0x0000000080001FB2] -> 0x0513
mem[X,0x0000000080001FB4] -> 0x1995
[2186] [M]: 0x0000000080001FB2 (0x19950513) addi a0, a0, 0x199
x10 <- 0x0000019999999999
mem[X,0x0000000080001FB6] -> 0x1513
mem[X,0x0000000080001FB8] -> 0x00B5
[2187] [M]: 0x0000000080001FB6 (0x00B51513) slli a0, a0, 0xb
x10 <- 0x000CCCCCCCCCC800
mem[X,0x0000000080001FBA] -> 0x0513
mem[X,0x0000000080001FBC] -> 0x4CC5
[2188] [M]: 0x0000000080001FBA (0x4CC50513) addi a0, a0, 0x4cc
x10 <- 0x000CCCCCCCCCCCCC
mem[X,0x0000000080001FBE] -> 0x1513
mem[X,0x0000000080001FC0] -> 0x00A5
[2189] [M]: 0x0000000080001FBE (0x00A51513) slli a0, a0, 0xa
x10 <- 0x3333333333333000
mem[X,0x0000000080001FC2] -> 0x0513
mem[X,0x0000000080001FC4] -> 0x3345
[2190] [M]: 0x0000000080001FC2 (0x33450513) addi a0, a0, 0x334
x10 <- 0x3333333333333334
mem[X,0x0000000080001FC6] -> 0x356D
[2191] [M]: 0x0000000080001FC6 (0x356D) c.addiw a0, -0x5
x10 <- 0x000000003333332F
mem[X,0x0000000080001FC8] -> 0xB423
mem[X,0x0000000080001FCA] -> 0x7CA0
[2192] [M]: 0x0000000080001FC8 (0x7CA0B423) sd a0, 0x7c8(ra)
mem[0x00000000800059C0] <- 0x000000003333332F
mem[X,0x0000000080001FCC] -> 0x3537
mem[X,0x0000000080001FCE] -> 0x3333
[2193] [M]: 0x0000000080001FCC (0x33333537) lui a0, 0x33333
x10 <- 0x0000000033333000
mem[X,0x0000000080001FD0] -> 0x0513
mem[X,0x0000000080001FD2] -> 0x3335
[2194] [M]: 0x0000000080001FD0 (0x33350513) addi a0, a0, 0x333
x10 <- 0x0000000033333333
mem[X,0x0000000080001FD4] -> 0x1513
mem[X,0x0000000080001FD6] -> 0x00B5
[2195] [M]: 0x0000000080001FD4 (0x00B51513) slli a0, a0, 0xb
x10 <- 0x0000019999999800
mem[X,0x0000000080001FD8] -> 0x0513
mem[X,0x0000000080001FDA] -> 0x1995
[2196] [M]: 0x0000000080001FD8 (0x19950513) addi a0, a0, 0x199
x10 <- 0x0000019999999999
mem[X,0x0000000080001FDC] -> 0x1513
mem[X,0x0000000080001FDE] -> 0x00B5
[2197] [M]: 0x0000000080001FDC (0x00B51513) slli a0, a0, 0xb
x10 <- 0x000CCCCCCCCCC800
mem[X,0x0000000080001FE0] -> 0x0513
mem[X,0x0000000080001FE2] -> 0x4CC5
[2198] [M]: 0x0000000080001FE0 (0x4CC50513) addi a0, a0, 0x4cc
x10 <- 0x000CCCCCCCCCCCCC
mem[X,0x0000000080001FE4] -> 0x1513
mem[X,0x0000000080001FE6] -> 0x00A5
[2199] [M]: 0x0000000080001FE4 (0x00A51513) slli a0, a0, 0xa
x10 <- 0x3333333333333000
clint::tick mtime <- 0x0000000000000016
 clint timer pending at mtime 0x0000000000000016
htif::tick 0x0000000000000000
mem[X,0x0000000080001FE8] -> 0x0513
mem[X,0x0000000080001FEA] -> 0x3345
[2200] [M]: 0x0000000080001FE8 (0x33450513) addi a0, a0, 0x334
x10 <- 0x3333333333333334
mem[X,0x0000000080001FEC] -> 0x2509
[2201] [M]: 0x0000000080001FEC (0x2509) c.addiw a0, 0x2
x10 <- 0x0000000033333336
mem[X,0x0000000080001FEE] -> 0xB823
mem[X,0x0000000080001FF0] -> 0x7CA0
[2202] [M]: 0x0000000080001FEE (0x7CA0B823) sd a0, 0x7d0(ra)
mem[0x00000000800059C8] <- 0x0000000033333336
mem[X,0x0000000080001FF2] -> 0x3537
mem[X,0x0000000080001FF4] -> 0x3333
[2203] [M]: 0x0000000080001FF2 (0x33333537) lui a0, 0x33333
x10 <- 0x0000000033333000
mem[X,0x0000000080001FF6] -> 0x0513
mem[X,0x0000000080001FF8] -> 0x3335
[2204] [M]: 0x0000000080001FF6 (0x33350513) addi a0, a0, 0x333
x10 <- 0x0000000033333333
mem[X,0x0000000080001FFA] -> 0x1513
mem[X,0x0000000080001FFC] -> 0x00B5
[2205] [M]: 0x0000000080001FFA (0x00B51513) slli a0, a0, 0xb
x10 <- 0x0000019999999800
mem[X,0x0000000080001FFE] -> 0x0513
mem[X,0x0000000080002000] -> 0x1995
[2206] [M]: 0x0000000080001FFE (0x19950513) addi a0, a0, 0x199
x10 <- 0x0000019999999999
mem[X,0x0000000080002002] -> 0x1513
mem[X,0x0000000080002004] -> 0x00B5
[2207] [M]: 0x0000000080002002 (0x00B51513) slli a0, a0, 0xb
x10 <- 0x000CCCCCCCCCC800
mem[X,0x0000000080002006] -> 0x0513
mem[X,0x0000000080002008] -> 0x4CC5
[2208] [M]: 0x0000000080002006 (0x4CC50513) addi a0, a0, 0x4cc
x10 <- 0x000CCCCCCCCCCCCC
mem[X,0x000000008000200A] -> 0x1513
mem[X,0x000000008000200C] -> 0x00A5
[2209] [M]: 0x000000008000200A (0x00A51513) slli a0, a0, 0xa
x10 <- 0x3333333333333000
mem[X,0x000000008000200E] -> 0x0513
mem[X,0x0000000080002010] -> 0x3345
[2210] [M]: 0x000000008000200E (0x33450513) addi a0, a0, 0x334
x10 <- 0x3333333333333334
mem[X,0x0000000080002012] -> 0x2511
[2211] [M]: 0x0000000080002012 (0x2511) c.addiw a0, 0x4
x10 <- 0x0000000033333338
mem[X,0x0000000080002014] -> 0xBC23
mem[X,0x0000000080002016] -> 0x7CA0
[2212] [M]: 0x0000000080002014 (0x7CA0BC23) sd a0, 0x7d8(ra)
mem[0x00000000800059D0] <- 0x0000000033333338
mem[X,0x0000000080002018] -> 0x3537
mem[X,0x000000008000201A] -> 0x3333
[2213] [M]: 0x0000000080002018 (0x33333537) lui a0, 0x33333
x10 <- 0x0000000033333000
mem[X,0x000000008000201C] -> 0x0513
mem[X,0x000000008000201E] -> 0x3335
[2214] [M]: 0x000000008000201C (0x33350513) addi a0, a0, 0x333
x10 <- 0x0000000033333333
mem[X,0x0000000080002020] -> 0x1513
mem[X,0x0000000080002022] -> 0x00B5
[2215] [M]: 0x0000000080002020 (0x00B51513) slli a0, a0, 0xb
x10 <- 0x0000019999999800
mem[X,0x0000000080002024] -> 0x0513
mem[X,0x0000000080002026] -> 0x1995
[2216] [M]: 0x0000000080002024 (0x19950513) addi a0, a0, 0x199
x10 <- 0x0000019999999999
mem[X,0x0000000080002028] -> 0x1513
mem[X,0x000000008000202A] -> 0x00B5
[2217] [M]: 0x0000000080002028 (0x00B51513) slli a0, a0, 0xb
x10 <- 0x000CCCCCCCCCC800
mem[X,0x000000008000202C] -> 0x0513
mem[X,0x000000008000202E] -> 0x4CC5
[2218] [M]: 0x000000008000202C (0x4CC50513) addi a0, a0, 0x4cc
x10 <- 0x000CCCCCCCCCCCCC
mem[X,0x0000000080002030] -> 0x1513
mem[X,0x0000000080002032] -> 0x00A5
[2219] [M]: 0x0000000080002030 (0x00A51513) slli a0, a0, 0xa
x10 <- 0x3333333333333000
mem[X,0x0000000080002034] -> 0x0513
mem[X,0x0000000080002036] -> 0x3345
[2220] [M]: 0x0000000080002034 (0x33450513) addi a0, a0, 0x334
x10 <- 0x3333333333333334
mem[X,0x0000000080002038] -> 0x2525
[2221] [M]: 0x0000000080002038 (0x2525) c.addiw a0, 0x9
x10 <- 0x000000003333333D
mem[X,0x000000008000203A] -> 0xB023
mem[X,0x000000008000203C] -> 0x7EA0
[2222] [M]: 0x000000008000203A (0x7EA0B023) sd a0, 0x7e0(ra)
mem[0x00000000800059D8] <- 0x000000003333333D
mem[X,0x000000008000203E] -> 0x3537
mem[X,0x0000000080002040] -> 0x3333
[2223] [M]: 0x000000008000203E (0x33333537) lui a0, 0x33333
x10 <- 0x0000000033333000
mem[X,0x0000000080002042] -> 0x0513
mem[X,0x0000000080002044] -> 0x3335
[2224] [M]: 0x0000000080002042 (0x33350513) addi a0, a0, 0x333
x10 <- 0x0000000033333333
mem[X,0x0000000080002046] -> 0x1513
mem[X,0x0000000080002048] -> 0x00B5
[2225] [M]: 0x0000000080002046 (0x00B51513) slli a0, a0, 0xb
x10 <- 0x0000019999999800
mem[X,0x000000008000204A] -> 0x0513
mem[X,0x000000008000204C] -> 0x1995
[2226] [M]: 0x000000008000204A (0x19950513) addi a0, a0, 0x199
x10 <- 0x0000019999999999
mem[X,0x000000008000204E] -> 0x1513
mem[X,0x0000000080002050] -> 0x00B5
[2227] [M]: 0x000000008000204E (0x00B51513) slli a0, a0, 0xb
x10 <- 0x000CCCCCCCCCC800
mem[X,0x0000000080002052] -> 0x0513
mem[X,0x0000000080002054] -> 0x4CC5
[2228] [M]: 0x0000000080002052 (0x4CC50513) addi a0, a0, 0x4cc
x10 <- 0x000CCCCCCCCCCCCC
mem[X,0x0000000080002056] -> 0x1513
mem[X,0x0000000080002058] -> 0x00A5
[2229] [M]: 0x0000000080002056 (0x00A51513) slli a0, a0, 0xa
x10 <- 0x3333333333333000
mem[X,0x000000008000205A] -> 0x0513
mem[X,0x000000008000205C] -> 0x3345
[2230] [M]: 0x000000008000205A (0x33450513) addi a0, a0, 0x334
x10 <- 0x3333333333333334
mem[X,0x000000008000205E] -> 0x2501
[2231] [M]: 0x000000008000205E (0x2501) c.addiw a0, 0x0
x10 <- 0x0000000033333334
mem[X,0x0000000080002060] -> 0xB423
mem[X,0x0000000080002062] -> 0x7EA0
[2232] [M]: 0x0000000080002060 (0x7EA0B423) sd a0, 0x7e8(ra)
mem[0x00000000800059E0] <- 0x0000000033333334
mem[X,0x0000000080002064] -> 0x3537
mem[X,0x0000000080002066] -> 0x3333
[2233] [M]: 0x0000000080002064 (0x33333537) lui a0, 0x33333
x10 <- 0x0000000033333000
mem[X,0x0000000080002068] -> 0x0513
mem[X,0x000000008000206A] -> 0x3335
[2234] [M]: 0x0000000080002068 (0x33350513) addi a0, a0, 0x333
x10 <- 0x0000000033333333
mem[X,0x000000008000206C] -> 0x1513
mem[X,0x000000008000206E] -> 0x00B5
[2235] [M]: 0x000000008000206C (0x00B51513) slli a0, a0, 0xb
x10 <- 0x0000019999999800
mem[X,0x0000000080002070] -> 0x0513
mem[X,0x0000000080002072] -> 0x1995
[2236] [M]: 0x0000000080002070 (0x19950513) addi a0, a0, 0x199
x10 <- 0x0000019999999999
mem[X,0x0000000080002074] -> 0x1513
mem[X,0x0000000080002076] -> 0x00B5
[2237] [M]: 0x0000000080002074 (0x00B51513) slli a0, a0, 0xb
x10 <- 0x000CCCCCCCCCC800
mem[X,0x0000000080002078] -> 0x0513
mem[X,0x000000008000207A] -> 0x4CC5
[2238] [M]: 0x0000000080002078 (0x4CC50513) addi a0, a0, 0x4cc
x10 <- 0x000CCCCCCCCCCCCC
mem[X,0x000000008000207C] -> 0x1513
mem[X,0x000000008000207E] -> 0x00A5
[2239] [M]: 0x000000008000207C (0x00A51513) slli a0, a0, 0xa
x10 <- 0x3333333333333000
mem[X,0x0000000080002080] -> 0x0513
mem[X,0x0000000080002082] -> 0x3345
[2240] [M]: 0x0000000080002080 (0x33450513) addi a0, a0, 0x334
x10 <- 0x3333333333333334
mem[X,0x0000000080002084] -> 0x252D
[2241] [M]: 0x0000000080002084 (0x252D) c.addiw a0, 0xb
x10 <- 0x000000003333333F
mem[X,0x0000000080002086] -> 0xB823
mem[X,0x0000000080002088] -> 0x7EA0
[2242] [M]: 0x0000000080002086 (0x7EA0B823) sd a0, 0x7f0(ra)
mem[0x00000000800059E8] <- 0x000000003333333F
mem[X,0x000000008000208A] -> 0x3537
mem[X,0x000000008000208C] -> 0x3333
[2243] [M]: 0x000000008000208A (0x33333537) lui a0, 0x33333
x10 <- 0x0000000033333000
mem[X,0x000000008000208E] -> 0x0513
mem[X,0x0000000080002090] -> 0x3335
[2244] [M]: 0x000000008000208E (0x33350513) addi a0, a0, 0x333
x10 <- 0x0000000033333333
mem[X,0x0000000080002092] -> 0x1513
mem[X,0x0000000080002094] -> 0x00B5
[2245] [M]: 0x0000000080002092 (0x00B51513) slli a0, a0, 0xb
x10 <- 0x0000019999999800
mem[X,0x0000000080002096] -> 0x0513
mem[X,0x0000000080002098] -> 0x1995
[2246] [M]: 0x0000000080002096 (0x19950513) addi a0, a0, 0x199
x10 <- 0x0000019999999999
mem[X,0x000000008000209A] -> 0x1513
mem[X,0x000000008000209C] -> 0x00B5
[2247] [M]: 0x000000008000209A (0x00B51513) slli a0, a0, 0xb
x10 <- 0x000CCCCCCCCCC800
mem[X,0x000000008000209E] -> 0x0513
mem[X,0x00000000800020A0] -> 0x4CC5
[2248] [M]: 0x000000008000209E (0x4CC50513) addi a0, a0, 0x4cc
x10 <- 0x000CCCCCCCCCCCCC
mem[X,0x00000000800020A2] -> 0x1513
mem[X,0x00000000800020A4] -> 0x00A5
[2249] [M]: 0x00000000800020A2 (0x00A51513) slli a0, a0, 0xa
x10 <- 0x3333333333333000
mem[X,0x00000000800020A6] -> 0x0513
mem[X,0x00000000800020A8] -> 0x3345
[2250] [M]: 0x00000000800020A6 (0x33450513) addi a0, a0, 0x334
x10 <- 0x3333333333333334
mem[X,0x00000000800020AA] -> 0x251D
[2251] [M]: 0x00000000800020AA (0x251D) c.addiw a0, 0x7
x10 <- 0x000000003333333B
mem[X,0x00000000800020AC] -> 0xBC23
mem[X,0x00000000800020AE] -> 0x7EA0
[2252] [M]: 0x00000000800020AC (0x7EA0BC23) sd a0, 0x7f8(ra)
mem[0x00000000800059F0] <- 0x000000003333333B
mem[X,0x00000000800020B0] -> 0x0013
mem[X,0x00000000800020B2] -> 0x0000
[2253] [M]: 0x00000000800020B0 (0x00000013) addi zero, zero, 0x0
mem[X,0x00000000800020B4] -> 0x0013
mem[X,0x00000000800020B6] -> 0x0000
[2254] [M]: 0x00000000800020B4 (0x00000013) addi zero, zero, 0x0
mem[X,0x00000000800020B8] -> 0x0013
mem[X,0x00000000800020BA] -> 0x0000
[2255] [M]: 0x00000000800020B8 (0x00000013) addi zero, zero, 0x0
mem[X,0x00000000800020BC] -> 0x0013
mem[X,0x00000000800020BE] -> 0x0000
[2256] [M]: 0x00000000800020BC (0x00000013) addi zero, zero, 0x0
mem[X,0x00000000800020C0] -> 0x4097
mem[X,0x00000000800020C2] -> 0x0000
[2257] [M]: 0x00000000800020C0 (0x00004097) auipc ra, 0x4
x1 <- 0x00000000800060C0
mem[X,0x00000000800020C4] -> 0x8093
mem[X,0x00000000800020C6] -> 0x9380
[2258] [M]: 0x00000000800020C4 (0x93808093) addi ra, ra, -0x6c8
x1 <- 0x00000000800059F8
mem[X,0x00000000800020C8] -> 0x0013
mem[X,0x00000000800020CA] -> 0x0000
[2259] [M]: 0x00000000800020C8 (0x00000013) addi zero, zero, 0x0
mem[X,0x00000000800020CC] -> 0x0013
mem[X,0x00000000800020CE] -> 0x0000
[2260] [M]: 0x00000000800020CC (0x00000013) addi zero, zero, 0x0
mem[X,0x00000000800020D0] -> 0x0013
mem[X,0x00000000800020D2] -> 0x0000
[2261] [M]: 0x00000000800020D0 (0x00000013) addi zero, zero, 0x0
mem[X,0x00000000800020D4] -> 0x0013
mem[X,0x00000000800020D6] -> 0x0000
[2262] [M]: 0x00000000800020D4 (0x00000013) addi zero, zero, 0x0
mem[X,0x00000000800020D8] -> 0x0013
mem[X,0x00000000800020DA] -> 0x0000
[2263] [M]: 0x00000000800020D8 (0x00000013) addi zero, zero, 0x0
mem[X,0x00000000800020DC] -> 0x0013
mem[X,0x00000000800020DE] -> 0x0000
[2264] [M]: 0x00000000800020DC (0x00000013) addi zero, zero, 0x0
mem[X,0x00000000800020E0] -> 0x3537
mem[X,0x00000000800020E2] -> 0x3333
[2265] [M]: 0x00000000800020E0 (0x33333537) lui a0, 0x33333
x10 <- 0x0000000033333000
mem[X,0x00000000800020E4] -> 0x0513
mem[X,0x00000000800020E6] -> 0x3335
[2266] [M]: 0x00000000800020E4 (0x33350513) addi a0, a0, 0x333
x10 <- 0x0000000033333333
mem[X,0x00000000800020E8] -> 0x1513
mem[X,0x00000000800020EA] -> 0x00B5
[2267] [M]: 0x00000000800020E8 (0x00B51513) slli a0, a0, 0xb
x10 <- 0x0000019999999800
mem[X,0x00000000800020EC] -> 0x0513
mem[X,0x00000000800020EE] -> 0x1995
[2268] [M]: 0x00000000800020EC (0x19950513) addi a0, a0, 0x199
x10 <- 0x0000019999999999
mem[X,0x00000000800020F0] -> 0x1513
mem[X,0x00000000800020F2] -> 0x00B5
[2269] [M]: 0x00000000800020F0 (0x00B51513) slli a0, a0, 0xb
x10 <- 0x000CCCCCCCCCC800
mem[X,0x00000000800020F4] -> 0x0513
mem[X,0x00000000800020F6] -> 0x4CC5
[2270] [M]: 0x00000000800020F4 (0x4CC50513) addi a0, a0, 0x4cc
x10 <- 0x000CCCCCCCCCCCCC
mem[X,0x00000000800020F8] -> 0x1513
mem[X,0x00000000800020FA] -> 0x00A5
[2271] [M]: 0x00000000800020F8 (0x00A51513) slli a0, a0, 0xa
x10 <- 0x3333333333333000
mem[X,0x00000000800020FC] -> 0x0513
mem[X,0x00000000800020FE] -> 0x3345
[2272] [M]: 0x00000000800020FC (0x33450513) addi a0, a0, 0x334
x10 <- 0x3333333333333334
mem[X,0x0000000080002100] -> 0x357D
[2273] [M]: 0x0000000080002100 (0x357D) c.addiw a0, -0x1
x10 <- 0x0000000033333333
mem[X,0x0000000080002102] -> 0xB023
mem[X,0x0000000080002104] -> 0x00A0
[2274] [M]: 0x0000000080002102 (0x00A0B023) sd a0, 0x0(ra)
mem[0x00000000800059F8] <- 0x0000000033333333
mem[X,0x0000000080002106] -> 0x3537
mem[X,0x0000000080002108] -> 0x3333
[2275] [M]: 0x0000000080002106 (0x33333537) lui a0, 0x33333
x10 <- 0x0000000033333000
mem[X,0x000000008000210A] -> 0x0513
mem[X,0x000000008000210C] -> 0x3335
[2276] [M]: 0x000000008000210A (0x33350513) addi a0, a0, 0x333
x10 <- 0x0000000033333333
mem[X,0x000000008000210E] -> 0x1513
mem[X,0x0000000080002110] -> 0x00B5
[2277] [M]: 0x000000008000210E (0x00B51513) slli a0, a0, 0xb
x10 <- 0x0000019999999800
mem[X,0x0000000080002112] -> 0x0513
mem[X,0x0000000080002114] -> 0x1995
[2278] [M]: 0x0000000080002112 (0x19950513) addi a0, a0, 0x199
x10 <- 0x0000019999999999
mem[X,0x0000000080002116] -> 0x1513
mem[X,0x0000000080002118] -> 0x00B5
[2279] [M]: 0x0000000080002116 (0x00B51513) slli a0, a0, 0xb
x10 <- 0x000CCCCCCCCCC800
mem[X,0x000000008000211A] -> 0x0513
mem[X,0x000000008000211C] -> 0x4CC5
[2280] [M]: 0x000000008000211A (0x4CC50513) addi a0, a0, 0x4cc
x10 <- 0x000CCCCCCCCCCCCC
mem[X,0x000000008000211E] -> 0x1513
mem[X,0x0000000080002120] -> 0x00A5
[2281] [M]: 0x000000008000211E (0x00A51513) slli a0, a0, 0xa
x10 <- 0x3333333333333000
mem[X,0x0000000080002122] -> 0x0513
mem[X,0x0000000080002124] -> 0x3345
[2282] [M]: 0x0000000080002122 (0x33450513) addi a0, a0, 0x334
x10 <- 0x3333333333333334
mem[X,0x0000000080002126] -> 0x3571
[2283] [M]: 0x0000000080002126 (0x3571) c.addiw a0, -0x4
x10 <- 0x0000000033333330
mem[X,0x0000000080002128] -> 0xB423
mem[X,0x000000008000212A] -> 0x00A0
[2284] [M]: 0x0000000080002128 (0x00A0B423) sd a0, 0x8(ra)
mem[0x0000000080005A00] <- 0x0000000033333330
mem[X,0x000000008000212C] -> 0x6537
mem[X,0x000000008000212E] -> 0x6666
[2285] [M]: 0x000000008000212C (0x66666537) lui a0, 0x66666
x10 <- 0x0000000066666000
mem[X,0x0000000080002130] -> 0x0513
mem[X,0x0000000080002132] -> 0x6665
[2286] [M]: 0x0000000080002130 (0x66650513) addi a0, a0, 0x666
x10 <- 0x0000000066666666
mem[X,0x0000000080002134] -> 0x1513
mem[X,0x0000000080002136] -> 0x00B5
[2287] [M]: 0x0000000080002134 (0x00B51513) slli a0, a0, 0xb
x10 <- 0x0000033333333000
mem[X,0x0000000080002138] -> 0x0513
mem[X,0x000000008000213A] -> 0x3335
[2288] [M]: 0x0000000080002138 (0x33350513) addi a0, a0, 0x333
x10 <- 0x0000033333333333
mem[X,0x000000008000213C] -> 0x1513
mem[X,0x000000008000213E] -> 0x00B5
[2289] [M]: 0x000000008000213C (0x00B51513) slli a0, a0, 0xb
x10 <- 0x0019999999999800
mem[X,0x0000000080002140] -> 0x0513
mem[X,0x0000000080002142] -> 0x1995
[2290] [M]: 0x0000000080002140 (0x19950513) addi a0, a0, 0x199
x10 <- 0x0019999999999999
mem[X,0x0000000080002144] -> 0x1513
mem[X,0x0000000080002146] -> 0x00A5
[2291] [M]: 0x0000000080002144 (0x00A51513) slli a0, a0, 0xa
x10 <- 0x6666666666666400
mem[X,0x0000000080002148] -> 0x0513
mem[X,0x000000008000214A] -> 0x2675
[2292] [M]: 0x0000000080002148 (0x26750513) addi a0, a0, 0x267
x10 <- 0x6666666666666667
mem[X,0x000000008000214C] -> 0x250D
[2293] [M]: 0x000000008000214C (0x250D) c.addiw a0, 0x3
x10 <- 0x000000006666666A
mem[X,0x000000008000214E] -> 0xB823
mem[X,0x0000000080002150] -> 0x00A0
[2294] [M]: 0x000000008000214E (0x00A0B823) sd a0, 0x10(ra)
mem[0x0000000080005A08] <- 0x000000006666666A
mem[X,0x0000000080002152] -> 0x6537
mem[X,0x0000000080002154] -> 0x6666
[2295] [M]: 0x0000000080002152 (0x66666537) lui a0, 0x66666
x10 <- 0x0000000066666000
mem[X,0x0000000080002156] -> 0x0513
mem[X,0x0000000080002158] -> 0x6665
[2296] [M]: 0x0000000080002156 (0x66650513) addi a0, a0, 0x666
x10 <- 0x0000000066666666
mem[X,0x000000008000215A] -> 0x1513
mem[X,0x000000008000215C] -> 0x00B5
[2297] [M]: 0x000000008000215A (0x00B51513) slli a0, a0, 0xb
x10 <- 0x0000033333333000
mem[X,0x000000008000215E] -> 0x0513
mem[X,0x0000000080002160] -> 0x3335
[2298] [M]: 0x000000008000215E (0x33350513) addi a0, a0, 0x333
x10 <- 0x0000033333333333
mem[X,0x0000000080002162] -> 0x1513
mem[X,0x0000000080002164] -> 0x00B5
[2299] [M]: 0x0000000080002162 (0x00B51513) slli a0, a0, 0xb
x10 <- 0x0019999999999800
clint::tick mtime <- 0x0000000000000017
 clint timer pending at mtime 0x0000000000000017
htif::tick 0x0000000000000000
mem[X,0x0000000080002166] -> 0x0513
mem[X,0x0000000080002168] -> 0x1995
[2300] [M]: 0x0000000080002166 (0x19950513) addi a0, a0, 0x199
x10 <- 0x0019999999999999
mem[X,0x000000008000216A] -> 0x1513
mem[X,0x000000008000216C] -> 0x00A5
[2301] [M]: 0x000000008000216A (0x00A51513) slli a0, a0, 0xa
x10 <- 0x6666666666666400
mem[X,0x000000008000216E] -> 0x0513
mem[X,0x0000000080002170] -> 0x2675
[2302] [M]: 0x000000008000216E (0x26750513) addi a0, a0, 0x267
x10 <- 0x6666666666666667
mem[X,0x0000000080002172] -> 0x2515
[2303] [M]: 0x0000000080002172 (0x2515) c.addiw a0, 0x5
x10 <- 0x000000006666666C
mem[X,0x0000000080002174] -> 0xBC23
mem[X,0x0000000080002176] -> 0x00A0
[2304] [M]: 0x0000000080002174 (0x00A0BC23) sd a0, 0x18(ra)
mem[0x0000000080005A10] <- 0x000000006666666C
mem[X,0x0000000080002178] -> 0x6537
mem[X,0x000000008000217A] -> 0x6666
[2305] [M]: 0x0000000080002178 (0x66666537) lui a0, 0x66666
x10 <- 0x0000000066666000
mem[X,0x000000008000217C] -> 0x0513
mem[X,0x000000008000217E] -> 0x6665
[2306] [M]: 0x000000008000217C (0x66650513) addi a0, a0, 0x666
x10 <- 0x0000000066666666
mem[X,0x0000000080002180] -> 0x1513
mem[X,0x0000000080002182] -> 0x00B5
[2307] [M]: 0x0000000080002180 (0x00B51513) slli a0, a0, 0xb
x10 <- 0x0000033333333000
mem[X,0x0000000080002184] -> 0x0513
mem[X,0x0000000080002186] -> 0x3335
[2308] [M]: 0x0000000080002184 (0x33350513) addi a0, a0, 0x333
x10 <- 0x0000033333333333
mem[X,0x0000000080002188] -> 0x1513
mem[X,0x000000008000218A] -> 0x00B5
[2309] [M]: 0x0000000080002188 (0x00B51513) slli a0, a0, 0xb
x10 <- 0x0019999999999800
mem[X,0x000000008000218C] -> 0x0513
mem[X,0x000000008000218E] -> 0x1995
[2310] [M]: 0x000000008000218C (0x19950513) addi a0, a0, 0x199
x10 <- 0x0019999999999999
mem[X,0x0000000080002190] -> 0x1513
mem[X,0x0000000080002192] -> 0x00A5
[2311] [M]: 0x0000000080002190 (0x00A51513) slli a0, a0, 0xa
x10 <- 0x6666666666666400
mem[X,0x0000000080002194] -> 0x0513
mem[X,0x0000000080002196] -> 0x2675
[2312] [M]: 0x0000000080002194 (0x26750513) addi a0, a0, 0x267
x10 <- 0x6666666666666667
mem[X,0x0000000080002198] -> 0x2529
[2313] [M]: 0x0000000080002198 (0x2529) c.addiw a0, 0xa
x10 <- 0x0000000066666671
mem[X,0x000000008000219A] -> 0xB023
mem[X,0x000000008000219C] -> 0x02A0
[2314] [M]: 0x000000008000219A (0x02A0B023) sd a0, 0x20(ra)
mem[0x0000000080005A18] <- 0x0000000066666671
mem[X,0x000000008000219E] -> 0x6537
mem[X,0x00000000800021A0] -> 0x6666
[2315] [M]: 0x000000008000219E (0x66666537) lui a0, 0x66666
x10 <- 0x0000000066666000
mem[X,0x00000000800021A2] -> 0x0513
mem[X,0x00000000800021A4] -> 0x6665
[2316] [M]: 0x00000000800021A2 (0x66650513) addi a0, a0, 0x666
x10 <- 0x0000000066666666
mem[X,0x00000000800021A6] -> 0x1513
mem[X,0x00000000800021A8] -> 0x00B5
[2317] [M]: 0x00000000800021A6 (0x00B51513) slli a0, a0, 0xb
x10 <- 0x0000033333333000
mem[X,0x00000000800021AA] -> 0x0513
mem[X,0x00000000800021AC] -> 0x3335
[2318] [M]: 0x00000000800021AA (0x33350513) addi a0, a0, 0x333
x10 <- 0x0000033333333333
mem[X,0x00000000800021AE] -> 0x1513
mem[X,0x00000000800021B0] -> 0x00B5
[2319] [M]: 0x00000000800021AE (0x00B51513) slli a0, a0, 0xb
x10 <- 0x0019999999999800
mem[X,0x00000000800021B2] -> 0x0513
mem[X,0x00000000800021B4] -> 0x1995
[2320] [M]: 0x00000000800021B2 (0x19950513) addi a0, a0, 0x199
x10 <- 0x0019999999999999
mem[X,0x00000000800021B6] -> 0x1513
mem[X,0x00000000800021B8] -> 0x00A5
[2321] [M]: 0x00000000800021B6 (0x00A51513) slli a0, a0, 0xa
x10 <- 0x6666666666666400
mem[X,0x00000000800021BA] -> 0x0513
mem[X,0x00000000800021BC] -> 0x2675
[2322] [M]: 0x00000000800021BA (0x26750513) addi a0, a0, 0x267
x10 <- 0x6666666666666667
mem[X,0x00000000800021BE] -> 0x2519
[2323] [M]: 0x00000000800021BE (0x2519) c.addiw a0, 0x6
x10 <- 0x000000006666666D
mem[X,0x00000000800021C0] -> 0xB423
mem[X,0x00000000800021C2] -> 0x02A0
[2324] [M]: 0x00000000800021C0 (0x02A0B423) sd a0, 0x28(ra)
mem[0x0000000080005A20] <- 0x000000006666666D
mem[X,0x00000000800021C4] -> 0x6537
mem[X,0x00000000800021C6] -> 0x6666
[2325] [M]: 0x00000000800021C4 (0x66666537) lui a0, 0x66666
x10 <- 0x0000000066666000
mem[X,0x00000000800021C8] -> 0x0513
mem[X,0x00000000800021CA] -> 0x6665
[2326] [M]: 0x00000000800021C8 (0x66650513) addi a0, a0, 0x666
x10 <- 0x0000000066666666
mem[X,0x00000000800021CC] -> 0x1513
mem[X,0x00000000800021CE] -> 0x00B5
[2327] [M]: 0x00000000800021CC (0x00B51513) slli a0, a0, 0xb
x10 <- 0x0000033333333000
mem[X,0x00000000800021D0] -> 0x0513
mem[X,0x00000000800021D2] -> 0x3335
[2328] [M]: 0x00000000800021D0 (0x33350513) addi a0, a0, 0x333
x10 <- 0x0000033333333333
mem[X,0x00000000800021D4] -> 0x1513
mem[X,0x00000000800021D6] -> 0x00B5
[2329] [M]: 0x00000000800021D4 (0x00B51513) slli a0, a0, 0xb
x10 <- 0x0019999999999800
mem[X,0x00000000800021D8] -> 0x0513
mem[X,0x00000000800021DA] -> 0x1995
[2330] [M]: 0x00000000800021D8 (0x19950513) addi a0, a0, 0x199
x10 <- 0x0019999999999999
mem[X,0x00000000800021DC] -> 0x1513
mem[X,0x00000000800021DE] -> 0x00A5
[2331] [M]: 0x00000000800021DC (0x00A51513) slli a0, a0, 0xa
x10 <- 0x6666666666666400
mem[X,0x00000000800021E0] -> 0x0513
mem[X,0x00000000800021E2] -> 0x2675
[2332] [M]: 0x00000000800021E0 (0x26750513) addi a0, a0, 0x267
x10 <- 0x6666666666666667
mem[X,0x00000000800021E4] -> 0x3579
[2333] [M]: 0x00000000800021E4 (0x3579) c.addiw a0, -0x2
x10 <- 0x0000000066666665
mem[X,0x00000000800021E6] -> 0xB823
mem[X,0x00000000800021E8] -> 0x02A0
[2334] [M]: 0x00000000800021E6 (0x02A0B823) sd a0, 0x30(ra)
mem[0x0000000080005A28] <- 0x0000000066666665
mem[X,0x00000000800021EA] -> 0x6537
mem[X,0x00000000800021EC] -> 0x6666
[2335] [M]: 0x00000000800021EA (0x66666537) lui a0, 0x66666
x10 <- 0x0000000066666000
mem[X,0x00000000800021EE] -> 0x0513
mem[X,0x00000000800021F0] -> 0x6665
[2336] [M]: 0x00000000800021EE (0x66650513) addi a0, a0, 0x666
x10 <- 0x0000000066666666
mem[X,0x00000000800021F2] -> 0x1513
mem[X,0x00000000800021F4] -> 0x00B5
[2337] [M]: 0x00000000800021F2 (0x00B51513) slli a0, a0, 0xb
x10 <- 0x0000033333333000
mem[X,0x00000000800021F6] -> 0x0513
mem[X,0x00000000800021F8] -> 0x3335
[2338] [M]: 0x00000000800021F6 (0x33350513) addi a0, a0, 0x333
x10 <- 0x0000033333333333
mem[X,0x00000000800021FA] -> 0x1513
mem[X,0x00000000800021FC] -> 0x00B5
[2339] [M]: 0x00000000800021FA (0x00B51513) slli a0, a0, 0xb
x10 <- 0x0019999999999800
mem[X,0x00000000800021FE] -> 0x0513
mem[X,0x0000000080002200] -> 0x1995
[2340] [M]: 0x00000000800021FE (0x19950513) addi a0, a0, 0x199
x10 <- 0x0019999999999999
mem[X,0x0000000080002202] -> 0x1513
mem[X,0x0000000080002204] -> 0x00A5
[2341] [M]: 0x0000000080002202 (0x00A51513) slli a0, a0, 0xa
x10 <- 0x6666666666666400
mem[X,0x0000000080002206] -> 0x0513
mem[X,0x0000000080002208] -> 0x2675
[2342] [M]: 0x0000000080002206 (0x26750513) addi a0, a0, 0x267
x10 <- 0x6666666666666667
mem[X,0x000000008000220A] -> 0x356D
[2343] [M]: 0x000000008000220A (0x356D) c.addiw a0, -0x5
x10 <- 0x0000000066666662
mem[X,0x000000008000220C] -> 0xBC23
mem[X,0x000000008000220E] -> 0x02A0
[2344] [M]: 0x000000008000220C (0x02A0BC23) sd a0, 0x38(ra)
mem[0x0000000080005A30] <- 0x0000000066666662
mem[X,0x0000000080002210] -> 0x6537
mem[X,0x0000000080002212] -> 0x6666
[2345] [M]: 0x0000000080002210 (0x66666537) lui a0, 0x66666
x10 <- 0x0000000066666000
mem[X,0x0000000080002214] -> 0x0513
mem[X,0x0000000080002216] -> 0x6665
[2346] [M]: 0x0000000080002214 (0x66650513) addi a0, a0, 0x666
x10 <- 0x0000000066666666
mem[X,0x0000000080002218] -> 0x1513
mem[X,0x000000008000221A] -> 0x00B5
[2347] [M]: 0x0000000080002218 (0x00B51513) slli a0, a0, 0xb
x10 <- 0x0000033333333000
mem[X,0x000000008000221C] -> 0x0513
mem[X,0x000000008000221E] -> 0x3335
[2348] [M]: 0x000000008000221C (0x33350513) addi a0, a0, 0x333
x10 <- 0x0000033333333333
mem[X,0x0000000080002220] -> 0x1513
mem[X,0x0000000080002222] -> 0x00B5
[2349] [M]: 0x0000000080002220 (0x00B51513) slli a0, a0, 0xb
x10 <- 0x0019999999999800
mem[X,0x0000000080002224] -> 0x0513
mem[X,0x0000000080002226] -> 0x1995
[2350] [M]: 0x0000000080002224 (0x19950513) addi a0, a0, 0x199
x10 <- 0x0019999999999999
mem[X,0x0000000080002228] -> 0x1513
mem[X,0x000000008000222A] -> 0x00A5
[2351] [M]: 0x0000000080002228 (0x00A51513) slli a0, a0, 0xa
x10 <- 0x6666666666666400
mem[X,0x000000008000222C] -> 0x0513
mem[X,0x000000008000222E] -> 0x2675
[2352] [M]: 0x000000008000222C (0x26750513) addi a0, a0, 0x267
x10 <- 0x6666666666666667
mem[X,0x0000000080002230] -> 0x2509
[2353] [M]: 0x0000000080002230 (0x2509) c.addiw a0, 0x2
x10 <- 0x0000000066666669
mem[X,0x0000000080002232] -> 0xB023
mem[X,0x0000000080002234] -> 0x04A0
[2354] [M]: 0x0000000080002232 (0x04A0B023) sd a0, 0x40(ra)
mem[0x0000000080005A38] <- 0x0000000066666669
mem[X,0x0000000080002236] -> 0x6537
mem[X,0x0000000080002238] -> 0x6666
[2355] [M]: 0x0000000080002236 (0x66666537) lui a0, 0x66666
x10 <- 0x0000000066666000
mem[X,0x000000008000223A] -> 0x0513
mem[X,0x000000008000223C] -> 0x6665
[2356] [M]: 0x000000008000223A (0x66650513) addi a0, a0, 0x666
x10 <- 0x0000000066666666
mem[X,0x000000008000223E] -> 0x1513
mem[X,0x0000000080002240] -> 0x00B5
[2357] [M]: 0x000000008000223E (0x00B51513) slli a0, a0, 0xb
x10 <- 0x0000033333333000
mem[X,0x0000000080002242] -> 0x0513
mem[X,0x0000000080002244] -> 0x3335
[2358] [M]: 0x0000000080002242 (0x33350513) addi a0, a0, 0x333
x10 <- 0x0000033333333333
mem[X,0x0000000080002246] -> 0x1513
mem[X,0x0000000080002248] -> 0x00B5
[2359] [M]: 0x0000000080002246 (0x00B51513) slli a0, a0, 0xb
x10 <- 0x0019999999999800
mem[X,0x000000008000224A] -> 0x0513
mem[X,0x000000008000224C] -> 0x1995
[2360] [M]: 0x000000008000224A (0x19950513) addi a0, a0, 0x199
x10 <- 0x0019999999999999
mem[X,0x000000008000224E] -> 0x1513
mem[X,0x0000000080002250] -> 0x00A5
[2361] [M]: 0x000000008000224E (0x00A51513) slli a0, a0, 0xa
x10 <- 0x6666666666666400
mem[X,0x0000000080002252] -> 0x0513
mem[X,0x0000000080002254] -> 0x2675
[2362] [M]: 0x0000000080002252 (0x26750513) addi a0, a0, 0x267
x10 <- 0x6666666666666667
mem[X,0x0000000080002256] -> 0x2511
[2363] [M]: 0x0000000080002256 (0x2511) c.addiw a0, 0x4
x10 <- 0x000000006666666B
mem[X,0x0000000080002258] -> 0xB423
mem[X,0x000000008000225A] -> 0x04A0
[2364] [M]: 0x0000000080002258 (0x04A0B423) sd a0, 0x48(ra)
mem[0x0000000080005A40] <- 0x000000006666666B
mem[X,0x000000008000225C] -> 0x6537
mem[X,0x000000008000225E] -> 0x6666
[2365] [M]: 0x000000008000225C (0x66666537) lui a0, 0x66666
x10 <- 0x0000000066666000
mem[X,0x0000000080002260] -> 0x0513
mem[X,0x0000000080002262] -> 0x6665
[2366] [M]: 0x0000000080002260 (0x66650513) addi a0, a0, 0x666
x10 <- 0x0000000066666666
mem[X,0x0000000080002264] -> 0x1513
mem[X,0x0000000080002266] -> 0x00B5
[2367] [M]: 0x0000000080002264 (0x00B51513) slli a0, a0, 0xb
x10 <- 0x0000033333333000
mem[X,0x0000000080002268] -> 0x0513
mem[X,0x000000008000226A] -> 0x3335
[2368] [M]: 0x0000000080002268 (0x33350513) addi a0, a0, 0x333
x10 <- 0x0000033333333333
mem[X,0x000000008000226C] -> 0x1513
mem[X,0x000000008000226E] -> 0x00B5
[2369] [M]: 0x000000008000226C (0x00B51513) slli a0, a0, 0xb
x10 <- 0x0019999999999800
mem[X,0x0000000080002270] -> 0x0513
mem[X,0x0000000080002272] -> 0x1995
[2370] [M]: 0x0000000080002270 (0x19950513) addi a0, a0, 0x199
x10 <- 0x0019999999999999
mem[X,0x0000000080002274] -> 0x1513
mem[X,0x0000000080002276] -> 0x00A5
[2371] [M]: 0x0000000080002274 (0x00A51513) slli a0, a0, 0xa
x10 <- 0x6666666666666400
mem[X,0x0000000080002278] -> 0x0513
mem[X,0x000000008000227A] -> 0x2675
[2372] [M]: 0x0000000080002278 (0x26750513) addi a0, a0, 0x267
x10 <- 0x6666666666666667
mem[X,0x000000008000227C] -> 0x2525
[2373] [M]: 0x000000008000227C (0x2525) c.addiw a0, 0x9
x10 <- 0x0000000066666670
mem[X,0x000000008000227E] -> 0xB823
mem[X,0x0000000080002280] -> 0x04A0
[2374] [M]: 0x000000008000227E (0x04A0B823) sd a0, 0x50(ra)
mem[0x0000000080005A48] <- 0x0000000066666670
mem[X,0x0000000080002282] -> 0x6537
mem[X,0x0000000080002284] -> 0x6666
[2375] [M]: 0x0000000080002282 (0x66666537) lui a0, 0x66666
x10 <- 0x0000000066666000
mem[X,0x0000000080002286] -> 0x0513
mem[X,0x0000000080002288] -> 0x6665
[2376] [M]: 0x0000000080002286 (0x66650513) addi a0, a0, 0x666
x10 <- 0x0000000066666666
mem[X,0x000000008000228A] -> 0x1513
mem[X,0x000000008000228C] -> 0x00B5
[2377] [M]: 0x000000008000228A (0x00B51513) slli a0, a0, 0xb
x10 <- 0x0000033333333000
mem[X,0x000000008000228E] -> 0x0513
mem[X,0x0000000080002290] -> 0x3335
[2378] [M]: 0x000000008000228E (0x33350513) addi a0, a0, 0x333
x10 <- 0x0000033333333333
mem[X,0x0000000080002292] -> 0x1513
mem[X,0x0000000080002294] -> 0x00B5
[2379] [M]: 0x0000000080002292 (0x00B51513) slli a0, a0, 0xb
x10 <- 0x0019999999999800
mem[X,0x0000000080002296] -> 0x0513
mem[X,0x0000000080002298] -> 0x1995
[2380] [M]: 0x0000000080002296 (0x19950513) addi a0, a0, 0x199
x10 <- 0x0019999999999999
mem[X,0x000000008000229A] -> 0x1513
mem[X,0x000000008000229C] -> 0x00A5
[2381] [M]: 0x000000008000229A (0x00A51513) slli a0, a0, 0xa
x10 <- 0x6666666666666400
mem[X,0x000000008000229E] -> 0x0513
mem[X,0x00000000800022A0] -> 0x2675
[2382] [M]: 0x000000008000229E (0x26750513) addi a0, a0, 0x267
x10 <- 0x6666666666666667
mem[X,0x00000000800022A2] -> 0x2501
[2383] [M]: 0x00000000800022A2 (0x2501) c.addiw a0, 0x0
x10 <- 0x0000000066666667
mem[X,0x00000000800022A4] -> 0xBC23
mem[X,0x00000000800022A6] -> 0x04A0
[2384] [M]: 0x00000000800022A4 (0x04A0BC23) sd a0, 0x58(ra)
mem[0x0000000080005A50] <- 0x0000000066666667
mem[X,0x00000000800022A8] -> 0x6537
mem[X,0x00000000800022AA] -> 0x6666
[2385] [M]: 0x00000000800022A8 (0x66666537) lui a0, 0x66666
x10 <- 0x0000000066666000
mem[X,0x00000000800022AC] -> 0x0513
mem[X,0x00000000800022AE] -> 0x6665
[2386] [M]: 0x00000000800022AC (0x66650513) addi a0, a0, 0x666
x10 <- 0x0000000066666666
mem[X,0x00000000800022B0] -> 0x1513
mem[X,0x00000000800022B2] -> 0x00B5
[2387] [M]: 0x00000000800022B0 (0x00B51513) slli a0, a0, 0xb
x10 <- 0x0000033333333000
mem[X,0x00000000800022B4] -> 0x0513
mem[X,0x00000000800022B6] -> 0x3335
[2388] [M]: 0x00000000800022B4 (0x33350513) addi a0, a0, 0x333
x10 <- 0x0000033333333333
mem[X,0x00000000800022B8] -> 0x1513
mem[X,0x00000000800022BA] -> 0x00B5
[2389] [M]: 0x00000000800022B8 (0x00B51513) slli a0, a0, 0xb
x10 <- 0x0019999999999800
mem[X,0x00000000800022BC] -> 0x0513
mem[X,0x00000000800022BE] -> 0x1995
[2390] [M]: 0x00000000800022BC (0x19950513) addi a0, a0, 0x199
x10 <- 0x0019999999999999
mem[X,0x00000000800022C0] -> 0x1513
mem[X,0x00000000800022C2] -> 0x00A5
[2391] [M]: 0x00000000800022C0 (0x00A51513) slli a0, a0, 0xa
x10 <- 0x6666666666666400
mem[X,0x00000000800022C4] -> 0x0513
mem[X,0x00000000800022C6] -> 0x2675
[2392] [M]: 0x00000000800022C4 (0x26750513) addi a0, a0, 0x267
x10 <- 0x6666666666666667
mem[X,0x00000000800022C8] -> 0x252D
[2393] [M]: 0x00000000800022C8 (0x252D) c.addiw a0, 0xb
x10 <- 0x0000000066666672
mem[X,0x00000000800022CA] -> 0xB023
mem[X,0x00000000800022CC] -> 0x06A0
[2394] [M]: 0x00000000800022CA (0x06A0B023) sd a0, 0x60(ra)
mem[0x0000000080005A58] <- 0x0000000066666672
mem[X,0x00000000800022CE] -> 0x6537
mem[X,0x00000000800022D0] -> 0x6666
[2395] [M]: 0x00000000800022CE (0x66666537) lui a0, 0x66666
x10 <- 0x0000000066666000
mem[X,0x00000000800022D2] -> 0x0513
mem[X,0x00000000800022D4] -> 0x6665
[2396] [M]: 0x00000000800022D2 (0x66650513) addi a0, a0, 0x666
x10 <- 0x0000000066666666
mem[X,0x00000000800022D6] -> 0x1513
mem[X,0x00000000800022D8] -> 0x00B5
[2397] [M]: 0x00000000800022D6 (0x00B51513) slli a0, a0, 0xb
x10 <- 0x0000033333333000
mem[X,0x00000000800022DA] -> 0x0513
mem[X,0x00000000800022DC] -> 0x3335
[2398] [M]: 0x00000000800022DA (0x33350513) addi a0, a0, 0x333
x10 <- 0x0000033333333333
mem[X,0x00000000800022DE] -> 0x1513
mem[X,0x00000000800022E0] -> 0x00B5
[2399] [M]: 0x00000000800022DE (0x00B51513) slli a0, a0, 0xb
x10 <- 0x0019999999999800
clint::tick mtime <- 0x0000000000000018
 clint timer pending at mtime 0x0000000000000018
htif::tick 0x0000000000000000
mem[X,0x00000000800022E2] -> 0x0513
mem[X,0x00000000800022E4] -> 0x1995
[2400] [M]: 0x00000000800022E2 (0x19950513) addi a0, a0, 0x199
x10 <- 0x0019999999999999
mem[X,0x00000000800022E6] -> 0x1513
mem[X,0x00000000800022E8] -> 0x00A5
[2401] [M]: 0x00000000800022E6 (0x00A51513) slli a0, a0, 0xa
x10 <- 0x6666666666666400
mem[X,0x00000000800022EA] -> 0x0513
mem[X,0x00000000800022EC] -> 0x2675
[2402] [M]: 0x00000000800022EA (0x26750513) addi a0, a0, 0x267
x10 <- 0x6666666666666667
mem[X,0x00000000800022EE] -> 0x251D
[2403] [M]: 0x00000000800022EE (0x251D) c.addiw a0, 0x7
x10 <- 0x000000006666666E
mem[X,0x00000000800022F0] -> 0xB423
mem[X,0x00000000800022F2] -> 0x06A0
[2404] [M]: 0x00000000800022F0 (0x06A0B423) sd a0, 0x68(ra)
mem[0x0000000080005A60] <- 0x000000006666666E
mem[X,0x00000000800022F4] -> 0x6537
mem[X,0x00000000800022F6] -> 0x6666
[2405] [M]: 0x00000000800022F4 (0x66666537) lui a0, 0x66666
x10 <- 0x0000000066666000
mem[X,0x00000000800022F8] -> 0x0513
mem[X,0x00000000800022FA] -> 0x6665
[2406] [M]: 0x00000000800022F8 (0x66650513) addi a0, a0, 0x666
x10 <- 0x0000000066666666
mem[X,0x00000000800022FC] -> 0x1513
mem[X,0x00000000800022FE] -> 0x00B5
[2407] [M]: 0x00000000800022FC (0x00B51513) slli a0, a0, 0xb
x10 <- 0x0000033333333000
mem[X,0x0000000080002300] -> 0x0513
mem[X,0x0000000080002302] -> 0x3335
[2408] [M]: 0x0000000080002300 (0x33350513) addi a0, a0, 0x333
x10 <- 0x0000033333333333
mem[X,0x0000000080002304] -> 0x1513
mem[X,0x0000000080002306] -> 0x00B5
[2409] [M]: 0x0000000080002304 (0x00B51513) slli a0, a0, 0xb
x10 <- 0x0019999999999800
mem[X,0x0000000080002308] -> 0x0513
mem[X,0x000000008000230A] -> 0x1995
[2410] [M]: 0x0000000080002308 (0x19950513) addi a0, a0, 0x199
x10 <- 0x0019999999999999
mem[X,0x000000008000230C] -> 0x1513
mem[X,0x000000008000230E] -> 0x00A5
[2411] [M]: 0x000000008000230C (0x00A51513) slli a0, a0, 0xa
x10 <- 0x6666666666666400
mem[X,0x0000000080002310] -> 0x0513
mem[X,0x0000000080002312] -> 0x2675
[2412] [M]: 0x0000000080002310 (0x26750513) addi a0, a0, 0x267
x10 <- 0x6666666666666667
mem[X,0x0000000080002314] -> 0x357D
[2413] [M]: 0x0000000080002314 (0x357D) c.addiw a0, -0x1
x10 <- 0x0000000066666666
mem[X,0x0000000080002316] -> 0xB823
mem[X,0x0000000080002318] -> 0x06A0
[2414] [M]: 0x0000000080002316 (0x06A0B823) sd a0, 0x70(ra)
mem[0x0000000080005A68] <- 0x0000000066666666
mem[X,0x000000008000231A] -> 0x6537
mem[X,0x000000008000231C] -> 0x6666
[2415] [M]: 0x000000008000231A (0x66666537) lui a0, 0x66666
x10 <- 0x0000000066666000
mem[X,0x000000008000231E] -> 0x0513
mem[X,0x0000000080002320] -> 0x6665
[2416] [M]: 0x000000008000231E (0x66650513) addi a0, a0, 0x666
x10 <- 0x0000000066666666
mem[X,0x0000000080002322] -> 0x1513
mem[X,0x0000000080002324] -> 0x00B5
[2417] [M]: 0x0000000080002322 (0x00B51513) slli a0, a0, 0xb
x10 <- 0x0000033333333000
mem[X,0x0000000080002326] -> 0x0513
mem[X,0x0000000080002328] -> 0x3335
[2418] [M]: 0x0000000080002326 (0x33350513) addi a0, a0, 0x333
x10 <- 0x0000033333333333
mem[X,0x000000008000232A] -> 0x1513
mem[X,0x000000008000232C] -> 0x00B5
[2419] [M]: 0x000000008000232A (0x00B51513) slli a0, a0, 0xb
x10 <- 0x0019999999999800
mem[X,0x000000008000232E] -> 0x0513
mem[X,0x0000000080002330] -> 0x1995
[2420] [M]: 0x000000008000232E (0x19950513) addi a0, a0, 0x199
x10 <- 0x0019999999999999
mem[X,0x0000000080002332] -> 0x1513
mem[X,0x0000000080002334] -> 0x00A5
[2421] [M]: 0x0000000080002332 (0x00A51513) slli a0, a0, 0xa
x10 <- 0x6666666666666400
mem[X,0x0000000080002336] -> 0x0513
mem[X,0x0000000080002338] -> 0x2675
[2422] [M]: 0x0000000080002336 (0x26750513) addi a0, a0, 0x267
x10 <- 0x6666666666666667
mem[X,0x000000008000233A] -> 0x3571
[2423] [M]: 0x000000008000233A (0x3571) c.addiw a0, -0x4
x10 <- 0x0000000066666663
mem[X,0x000000008000233C] -> 0xBC23
mem[X,0x000000008000233E] -> 0x06A0
[2424] [M]: 0x000000008000233C (0x06A0BC23) sd a0, 0x78(ra)
mem[0x0000000080005A70] <- 0x0000000066666663
mem[X,0x0000000080002340] -> 0x0537
mem[X,0x0000000080002342] -> 0x0000
[2425] [M]: 0x0000000080002340 (0x00000537) lui a0, 0x0
x10 <- 0x0000000000000000
mem[X,0x0000000080002344] -> 0x0513
mem[X,0x0000000080002346] -> 0xFFF5
[2426] [M]: 0x0000000080002344 (0xFFF50513) addi a0, a0, -0x1
x10 <- 0xFFFFFFFFFFFFFFFF
mem[X,0x0000000080002348] -> 0x1513
mem[X,0x000000008000234A] -> 0x00B5
[2427] [M]: 0x0000000080002348 (0x00B51513) slli a0, a0, 0xb
x10 <- 0xFFFFFFFFFFFFF800
mem[X,0x000000008000234C] -> 0x0513
mem[X,0x000000008000234E] -> 0x2575
[2428] [M]: 0x000000008000234C (0x25750513) addi a0, a0, 0x257
x10 <- 0xFFFFFFFFFFFFFA57
mem[X,0x0000000080002350] -> 0x1513
mem[X,0x0000000080002352] -> 0x00B5
[2429] [M]: 0x0000000080002350 (0x00B51513) slli a0, a0, 0xb
x10 <- 0xFFFFFFFFFFD2B800
mem[X,0x0000000080002354] -> 0x0513
mem[X,0x0000000080002356] -> 0x6C35
[2430] [M]: 0x0000000080002354 (0x6C350513) addi a0, a0, 0x6c3
x10 <- 0xFFFFFFFFFFD2BEC3
mem[X,0x0000000080002358] -> 0x1513
mem[X,0x000000008000235A] -> 0x00A5
[2431] [M]: 0x0000000080002358 (0x00A51513) slli a0, a0, 0xa
x10 <- 0xFFFFFFFF4AFB0C00
mem[X,0x000000008000235C] -> 0x0513
mem[X,0x000000008000235E] -> 0x0CE5
[2432] [M]: 0x000000008000235C (0x0CE50513) addi a0, a0, 0xce
x10 <- 0xFFFFFFFF4AFB0CCE
mem[X,0x0000000080002360] -> 0x250D
[2433] [M]: 0x0000000080002360 (0x250D) c.addiw a0, 0x3
x10 <- 0x000000004AFB0CD1
mem[X,0x0000000080002362] -> 0xB023
mem[X,0x0000000080002364] -> 0x08A0
[2434] [M]: 0x0000000080002362 (0x08A0B023) sd a0, 0x80(ra)
mem[0x0000000080005A78] <- 0x000000004AFB0CD1
mem[X,0x0000000080002366] -> 0x0537
mem[X,0x0000000080002368] -> 0x0000
[2435] [M]: 0x0000000080002366 (0x00000537) lui a0, 0x0
x10 <- 0x0000000000000000
mem[X,0x000000008000236A] -> 0x0513
mem[X,0x000000008000236C] -> 0xFFF5
[2436] [M]: 0x000000008000236A (0xFFF50513) addi a0, a0, -0x1
x10 <- 0xFFFFFFFFFFFFFFFF
mem[X,0x000000008000236E] -> 0x1513
mem[X,0x0000000080002370] -> 0x00B5
[2437] [M]: 0x000000008000236E (0x00B51513) slli a0, a0, 0xb
x10 <- 0xFFFFFFFFFFFFF800
mem[X,0x0000000080002372] -> 0x0513
mem[X,0x0000000080002374] -> 0x2575
[2438] [M]: 0x0000000080002372 (0x25750513) addi a0, a0, 0x257
x10 <- 0xFFFFFFFFFFFFFA57
mem[X,0x0000000080002376] -> 0x1513
mem[X,0x0000000080002378] -> 0x00B5
[2439] [M]: 0x0000000080002376 (0x00B51513) slli a0, a0, 0xb
x10 <- 0xFFFFFFFFFFD2B800
mem[X,0x000000008000237A] -> 0x0513
mem[X,0x000000008000237C] -> 0x6C35
[2440] [M]: 0x000000008000237A (0x6C350513) addi a0, a0, 0x6c3
x10 <- 0xFFFFFFFFFFD2BEC3
mem[X,0x000000008000237E] -> 0x1513
mem[X,0x0000000080002380] -> 0x00A5
[2441] [M]: 0x000000008000237E (0x00A51513) slli a0, a0, 0xa
x10 <- 0xFFFFFFFF4AFB0C00
mem[X,0x0000000080002382] -> 0x0513
mem[X,0x0000000080002384] -> 0x0CE5
[2442] [M]: 0x0000000080002382 (0x0CE50513) addi a0, a0, 0xce
x10 <- 0xFFFFFFFF4AFB0CCE
mem[X,0x0000000080002386] -> 0x2515
[2443] [M]: 0x0000000080002386 (0x2515) c.addiw a0, 0x5
x10 <- 0x000000004AFB0CD3
mem[X,0x0000000080002388] -> 0xB423
mem[X,0x000000008000238A] -> 0x08A0
[2444] [M]: 0x0000000080002388 (0x08A0B423) sd a0, 0x88(ra)
mem[0x0000000080005A80] <- 0x000000004AFB0CD3
mem[X,0x000000008000238C] -> 0x0537
mem[X,0x000000008000238E] -> 0x0000
[2445] [M]: 0x000000008000238C (0x00000537) lui a0, 0x0
x10 <- 0x0000000000000000
mem[X,0x0000000080002390] -> 0x0513
mem[X,0x0000000080002392] -> 0xFFF5
[2446] [M]: 0x0000000080002390 (0xFFF50513) addi a0, a0, -0x1
x10 <- 0xFFFFFFFFFFFFFFFF
mem[X,0x0000000080002394] -> 0x1513
mem[X,0x0000000080002396] -> 0x00B5
[2447] [M]: 0x0000000080002394 (0x00B51513) slli a0, a0, 0xb
x10 <- 0xFFFFFFFFFFFFF800
mem[X,0x0000000080002398] -> 0x0513
mem[X,0x000000008000239A] -> 0x2575
[2448] [M]: 0x0000000080002398 (0x25750513) addi a0, a0, 0x257
x10 <- 0xFFFFFFFFFFFFFA57
mem[X,0x000000008000239C] -> 0x1513
mem[X,0x000000008000239E] -> 0x00B5
[2449] [M]: 0x000000008000239C (0x00B51513) slli a0, a0, 0xb
x10 <- 0xFFFFFFFFFFD2B800
mem[X,0x00000000800023A0] -> 0x0513
mem[X,0x00000000800023A2] -> 0x6C35
[2450] [M]: 0x00000000800023A0 (0x6C350513) addi a0, a0, 0x6c3
x10 <- 0xFFFFFFFFFFD2BEC3
mem[X,0x00000000800023A4] -> 0x1513
mem[X,0x00000000800023A6] -> 0x00A5
[2451] [M]: 0x00000000800023A4 (0x00A51513) slli a0, a0, 0xa
x10 <- 0xFFFFFFFF4AFB0C00
mem[X,0x00000000800023A8] -> 0x0513
mem[X,0x00000000800023AA] -> 0x0CE5
[2452] [M]: 0x00000000800023A8 (0x0CE50513) addi a0, a0, 0xce
x10 <- 0xFFFFFFFF4AFB0CCE
mem[X,0x00000000800023AC] -> 0x2529
[2453] [M]: 0x00000000800023AC (0x2529) c.addiw a0, 0xa
x10 <- 0x000000004AFB0CD8
mem[X,0x00000000800023AE] -> 0xB823
mem[X,0x00000000800023B0] -> 0x08A0
[2454] [M]: 0x00000000800023AE (0x08A0B823) sd a0, 0x90(ra)
mem[0x0000000080005A88] <- 0x000000004AFB0CD8
mem[X,0x00000000800023B2] -> 0x0537
mem[X,0x00000000800023B4] -> 0x0000
[2455] [M]: 0x00000000800023B2 (0x00000537) lui a0, 0x0
x10 <- 0x0000000000000000
mem[X,0x00000000800023B6] -> 0x0513
mem[X,0x00000000800023B8] -> 0xFFF5
[2456] [M]: 0x00000000800023B6 (0xFFF50513) addi a0, a0, -0x1
x10 <- 0xFFFFFFFFFFFFFFFF
mem[X,0x00000000800023BA] -> 0x1513
mem[X,0x00000000800023BC] -> 0x00B5
[2457] [M]: 0x00000000800023BA (0x00B51513) slli a0, a0, 0xb
x10 <- 0xFFFFFFFFFFFFF800
mem[X,0x00000000800023BE] -> 0x0513
mem[X,0x00000000800023C0] -> 0x2575
[2458] [M]: 0x00000000800023BE (0x25750513) addi a0, a0, 0x257
x10 <- 0xFFFFFFFFFFFFFA57
mem[X,0x00000000800023C2] -> 0x1513
mem[X,0x00000000800023C4] -> 0x00B5
[2459] [M]: 0x00000000800023C2 (0x00B51513) slli a0, a0, 0xb
x10 <- 0xFFFFFFFFFFD2B800
mem[X,0x00000000800023C6] -> 0x0513
mem[X,0x00000000800023C8] -> 0x6C35
[2460] [M]: 0x00000000800023C6 (0x6C350513) addi a0, a0, 0x6c3
x10 <- 0xFFFFFFFFFFD2BEC3
mem[X,0x00000000800023CA] -> 0x1513
mem[X,0x00000000800023CC] -> 0x00A5
[2461] [M]: 0x00000000800023CA (0x00A51513) slli a0, a0, 0xa
x10 <- 0xFFFFFFFF4AFB0C00
mem[X,0x00000000800023CE] -> 0x0513
mem[X,0x00000000800023D0] -> 0x0CE5
[2462] [M]: 0x00000000800023CE (0x0CE50513) addi a0, a0, 0xce
x10 <- 0xFFFFFFFF4AFB0CCE
mem[X,0x00000000800023D2] -> 0x2519
[2463] [M]: 0x00000000800023D2 (0x2519) c.addiw a0, 0x6
x10 <- 0x000000004AFB0CD4
mem[X,0x00000000800023D4] -> 0xBC23
mem[X,0x00000000800023D6] -> 0x08A0
[2464] [M]: 0x00000000800023D4 (0x08A0BC23) sd a0, 0x98(ra)
mem[0x0000000080005A90] <- 0x000000004AFB0CD4
mem[X,0x00000000800023D8] -> 0x0537
mem[X,0x00000000800023DA] -> 0x0000
[2465] [M]: 0x00000000800023D8 (0x00000537) lui a0, 0x0
x10 <- 0x0000000000000000
mem[X,0x00000000800023DC] -> 0x0513
mem[X,0x00000000800023DE] -> 0xFFF5
[2466] [M]: 0x00000000800023DC (0xFFF50513) addi a0, a0, -0x1
x10 <- 0xFFFFFFFFFFFFFFFF
mem[X,0x00000000800023E0] -> 0x1513
mem[X,0x00000000800023E2] -> 0x00B5
[2467] [M]: 0x00000000800023E0 (0x00B51513) slli a0, a0, 0xb
x10 <- 0xFFFFFFFFFFFFF800
mem[X,0x00000000800023E4] -> 0x0513
mem[X,0x00000000800023E6] -> 0x2575
[2468] [M]: 0x00000000800023E4 (0x25750513) addi a0, a0, 0x257
x10 <- 0xFFFFFFFFFFFFFA57
mem[X,0x00000000800023E8] -> 0x1513
mem[X,0x00000000800023EA] -> 0x00B5
[2469] [M]: 0x00000000800023E8 (0x00B51513) slli a0, a0, 0xb
x10 <- 0xFFFFFFFFFFD2B800
mem[X,0x00000000800023EC] -> 0x0513
mem[X,0x00000000800023EE] -> 0x6C35
[2470] [M]: 0x00000000800023EC (0x6C350513) addi a0, a0, 0x6c3
x10 <- 0xFFFFFFFFFFD2BEC3
mem[X,0x00000000800023F0] -> 0x1513
mem[X,0x00000000800023F2] -> 0x00A5
[2471] [M]: 0x00000000800023F0 (0x00A51513) slli a0, a0, 0xa
x10 <- 0xFFFFFFFF4AFB0C00
mem[X,0x00000000800023F4] -> 0x0513
mem[X,0x00000000800023F6] -> 0x0CE5
[2472] [M]: 0x00000000800023F4 (0x0CE50513) addi a0, a0, 0xce
x10 <- 0xFFFFFFFF4AFB0CCE
mem[X,0x00000000800023F8] -> 0x3579
[2473] [M]: 0x00000000800023F8 (0x3579) c.addiw a0, -0x2
x10 <- 0x000000004AFB0CCC
mem[X,0x00000000800023FA] -> 0xB023
mem[X,0x00000000800023FC] -> 0x0AA0
[2474] [M]: 0x00000000800023FA (0x0AA0B023) sd a0, 0xa0(ra)
mem[0x0000000080005A98] <- 0x000000004AFB0CCC
mem[X,0x00000000800023FE] -> 0x0537
mem[X,0x0000000080002400] -> 0x0000
[2475] [M]: 0x00000000800023FE (0x00000537) lui a0, 0x0
x10 <- 0x0000000000000000
mem[X,0x0000000080002402] -> 0x0513
mem[X,0x0000000080002404] -> 0xFFF5
[2476] [M]: 0x0000000080002402 (0xFFF50513) addi a0, a0, -0x1
x10 <- 0xFFFFFFFFFFFFFFFF
mem[X,0x0000000080002406] -> 0x1513
mem[X,0x0000000080002408] -> 0x00B5
[2477] [M]: 0x0000000080002406 (0x00B51513) slli a0, a0, 0xb
x10 <- 0xFFFFFFFFFFFFF800
mem[X,0x000000008000240A] -> 0x0513
mem[X,0x000000008000240C] -> 0x2575
[2478] [M]: 0x000000008000240A (0x25750513) addi a0, a0, 0x257
x10 <- 0xFFFFFFFFFFFFFA57
mem[X,0x000000008000240E] -> 0x1513
mem[X,0x0000000080002410] -> 0x00B5
[2479] [M]: 0x000000008000240E (0x00B51513) slli a0, a0, 0xb
x10 <- 0xFFFFFFFFFFD2B800
mem[X,0x0000000080002412] -> 0x0513
mem[X,0x0000000080002414] -> 0x6C35
[2480] [M]: 0x0000000080002412 (0x6C350513) addi a0, a0, 0x6c3
x10 <- 0xFFFFFFFFFFD2BEC3
mem[X,0x0000000080002416] -> 0x1513
mem[X,0x0000000080002418] -> 0x00A5
[2481] [M]: 0x0000000080002416 (0x00A51513) slli a0, a0, 0xa
x10 <- 0xFFFFFFFF4AFB0C00
mem[X,0x000000008000241A] -> 0x0513
mem[X,0x000000008000241C] -> 0x0CE5
[2482] [M]: 0x000000008000241A (0x0CE50513) addi a0, a0, 0xce
x10 <- 0xFFFFFFFF4AFB0CCE
mem[X,0x000000008000241E] -> 0x356D
[2483] [M]: 0x000000008000241E (0x356D) c.addiw a0, -0x5
x10 <- 0x000000004AFB0CC9
mem[X,0x0000000080002420] -> 0xB423
mem[X,0x0000000080002422] -> 0x0AA0
[2484] [M]: 0x0000000080002420 (0x0AA0B423) sd a0, 0xa8(ra)
mem[0x0000000080005AA0] <- 0x000000004AFB0CC9
mem[X,0x0000000080002424] -> 0x0537
mem[X,0x0000000080002426] -> 0x0000
[2485] [M]: 0x0000000080002424 (0x00000537) lui a0, 0x0
x10 <- 0x0000000000000000
mem[X,0x0000000080002428] -> 0x0513
mem[X,0x000000008000242A] -> 0xFFF5
[2486] [M]: 0x0000000080002428 (0xFFF50513) addi a0, a0, -0x1
x10 <- 0xFFFFFFFFFFFFFFFF
mem[X,0x000000008000242C] -> 0x1513
mem[X,0x000000008000242E] -> 0x00B5
[2487] [M]: 0x000000008000242C (0x00B51513) slli a0, a0, 0xb
x10 <- 0xFFFFFFFFFFFFF800
mem[X,0x0000000080002430] -> 0x0513
mem[X,0x0000000080002432] -> 0x2575
[2488] [M]: 0x0000000080002430 (0x25750513) addi a0, a0, 0x257
x10 <- 0xFFFFFFFFFFFFFA57
mem[X,0x0000000080002434] -> 0x1513
mem[X,0x0000000080002436] -> 0x00B5
[2489] [M]: 0x0000000080002434 (0x00B51513) slli a0, a0, 0xb
x10 <- 0xFFFFFFFFFFD2B800
mem[X,0x0000000080002438] -> 0x0513
mem[X,0x000000008000243A] -> 0x6C35
[2490] [M]: 0x0000000080002438 (0x6C350513) addi a0, a0, 0x6c3
x10 <- 0xFFFFFFFFFFD2BEC3
mem[X,0x000000008000243C] -> 0x1513
mem[X,0x000000008000243E] -> 0x00A5
[2491] [M]: 0x000000008000243C (0x00A51513) slli a0, a0, 0xa
x10 <- 0xFFFFFFFF4AFB0C00
mem[X,0x0000000080002440] -> 0x0513
mem[X,0x0000000080002442] -> 0x0CE5
[2492] [M]: 0x0000000080002440 (0x0CE50513) addi a0, a0, 0xce
x10 <- 0xFFFFFFFF4AFB0CCE
mem[X,0x0000000080002444] -> 0x2509
[2493] [M]: 0x0000000080002444 (0x2509) c.addiw a0, 0x2
x10 <- 0x000000004AFB0CD0
mem[X,0x0000000080002446] -> 0xB823
mem[X,0x0000000080002448] -> 0x0AA0
[2494] [M]: 0x0000000080002446 (0x0AA0B823) sd a0, 0xb0(ra)
mem[0x0000000080005AA8] <- 0x000000004AFB0CD0
mem[X,0x000000008000244A] -> 0x0537
mem[X,0x000000008000244C] -> 0x0000
[2495] [M]: 0x000000008000244A (0x00000537) lui a0, 0x0
x10 <- 0x0000000000000000
mem[X,0x000000008000244E] -> 0x0513
mem[X,0x0000000080002450] -> 0xFFF5
[2496] [M]: 0x000000008000244E (0xFFF50513) addi a0, a0, -0x1
x10 <- 0xFFFFFFFFFFFFFFFF
mem[X,0x0000000080002452] -> 0x1513
mem[X,0x0000000080002454] -> 0x00B5
[2497] [M]: 0x0000000080002452 (0x00B51513) slli a0, a0, 0xb
x10 <- 0xFFFFFFFFFFFFF800
mem[X,0x0000000080002456] -> 0x0513
mem[X,0x0000000080002458] -> 0x2575
[2498] [M]: 0x0000000080002456 (0x25750513) addi a0, a0, 0x257
x10 <- 0xFFFFFFFFFFFFFA57
mem[X,0x000000008000245A] -> 0x1513
mem[X,0x000000008000245C] -> 0x00B5
[2499] [M]: 0x000000008000245A (0x00B51513) slli a0, a0, 0xb
x10 <- 0xFFFFFFFFFFD2B800
clint::tick mtime <- 0x0000000000000019
 clint timer pending at mtime 0x0000000000000019
htif::tick 0x0000000000000000
mem[X,0x000000008000245E] -> 0x0513
mem[X,0x0000000080002460] -> 0x6C35
[2500] [M]: 0x000000008000245E (0x6C350513) addi a0, a0, 0x6c3
x10 <- 0xFFFFFFFFFFD2BEC3
mem[X,0x0000000080002462] -> 0x1513
mem[X,0x0000000080002464] -> 0x00A5
[2501] [M]: 0x0000000080002462 (0x00A51513) slli a0, a0, 0xa
x10 <- 0xFFFFFFFF4AFB0C00
mem[X,0x0000000080002466] -> 0x0513
mem[X,0x0000000080002468] -> 0x0CE5
[2502] [M]: 0x0000000080002466 (0x0CE50513) addi a0, a0, 0xce
x10 <- 0xFFFFFFFF4AFB0CCE
mem[X,0x000000008000246A] -> 0x2511
[2503] [M]: 0x000000008000246A (0x2511) c.addiw a0, 0x4
x10 <- 0x000000004AFB0CD2
mem[X,0x000000008000246C] -> 0xBC23
mem[X,0x000000008000246E] -> 0x0AA0
[2504] [M]: 0x000000008000246C (0x0AA0BC23) sd a0, 0xb8(ra)
mem[0x0000000080005AB0] <- 0x000000004AFB0CD2
mem[X,0x0000000080002470] -> 0x0537
mem[X,0x0000000080002472] -> 0x0000
[2505] [M]: 0x0000000080002470 (0x00000537) lui a0, 0x0
x10 <- 0x0000000000000000
mem[X,0x0000000080002474] -> 0x0513
mem[X,0x0000000080002476] -> 0xFFF5
[2506] [M]: 0x0000000080002474 (0xFFF50513) addi a0, a0, -0x1
x10 <- 0xFFFFFFFFFFFFFFFF
mem[X,0x0000000080002478] -> 0x1513
mem[X,0x000000008000247A] -> 0x00B5
[2507] [M]: 0x0000000080002478 (0x00B51513) slli a0, a0, 0xb
x10 <- 0xFFFFFFFFFFFFF800
mem[X,0x000000008000247C] -> 0x0513
mem[X,0x000000008000247E] -> 0x2575
[2508] [M]: 0x000000008000247C (0x25750513) addi a0, a0, 0x257
x10 <- 0xFFFFFFFFFFFFFA57
mem[X,0x0000000080002480] -> 0x1513
mem[X,0x0000000080002482] -> 0x00B5
[2509] [M]: 0x0000000080002480 (0x00B51513) slli a0, a0, 0xb
x10 <- 0xFFFFFFFFFFD2B800
mem[X,0x0000000080002484] -> 0x0513
mem[X,0x0000000080002486] -> 0x6C35
[2510] [M]: 0x0000000080002484 (0x6C350513) addi a0, a0, 0x6c3
x10 <- 0xFFFFFFFFFFD2BEC3
mem[X,0x0000000080002488] -> 0x1513
mem[X,0x000000008000248A] -> 0x00A5
[2511] [M]: 0x0000000080002488 (0x00A51513) slli a0, a0, 0xa
x10 <- 0xFFFFFFFF4AFB0C00
mem[X,0x000000008000248C] -> 0x0513
mem[X,0x000000008000248E] -> 0x0CE5
[2512] [M]: 0x000000008000248C (0x0CE50513) addi a0, a0, 0xce
x10 <- 0xFFFFFFFF4AFB0CCE
mem[X,0x0000000080002490] -> 0x2525
[2513] [M]: 0x0000000080002490 (0x2525) c.addiw a0, 0x9
x10 <- 0x000000004AFB0CD7
mem[X,0x0000000080002492] -> 0xB023
mem[X,0x0000000080002494] -> 0x0CA0
[2514] [M]: 0x0000000080002492 (0x0CA0B023) sd a0, 0xc0(ra)
mem[0x0000000080005AB8] <- 0x000000004AFB0CD7
mem[X,0x0000000080002496] -> 0x0537
mem[X,0x0000000080002498] -> 0x0000
[2515] [M]: 0x0000000080002496 (0x00000537) lui a0, 0x0
x10 <- 0x0000000000000000
mem[X,0x000000008000249A] -> 0x0513
mem[X,0x000000008000249C] -> 0xFFF5
[2516] [M]: 0x000000008000249A (0xFFF50513) addi a0, a0, -0x1
x10 <- 0xFFFFFFFFFFFFFFFF
mem[X,0x000000008000249E] -> 0x1513
mem[X,0x00000000800024A0] -> 0x00B5
[2517] [M]: 0x000000008000249E (0x00B51513) slli a0, a0, 0xb
x10 <- 0xFFFFFFFFFFFFF800
mem[X,0x00000000800024A2] -> 0x0513
mem[X,0x00000000800024A4] -> 0x2575
[2518] [M]: 0x00000000800024A2 (0x25750513) addi a0, a0, 0x257
x10 <- 0xFFFFFFFFFFFFFA57
mem[X,0x00000000800024A6] -> 0x1513
mem[X,0x00000000800024A8] -> 0x00B5
[2519] [M]: 0x00000000800024A6 (0x00B51513) slli a0, a0, 0xb
x10 <- 0xFFFFFFFFFFD2B800
mem[X,0x00000000800024AA] -> 0x0513
mem[X,0x00000000800024AC] -> 0x6C35
[2520] [M]: 0x00000000800024AA (0x6C350513) addi a0, a0, 0x6c3
x10 <- 0xFFFFFFFFFFD2BEC3
mem[X,0x00000000800024AE] -> 0x1513
mem[X,0x00000000800024B0] -> 0x00A5
[2521] [M]: 0x00000000800024AE (0x00A51513) slli a0, a0, 0xa
x10 <- 0xFFFFFFFF4AFB0C00
mem[X,0x00000000800024B2] -> 0x0513
mem[X,0x00000000800024B4] -> 0x0CE5
[2522] [M]: 0x00000000800024B2 (0x0CE50513) addi a0, a0, 0xce
x10 <- 0xFFFFFFFF4AFB0CCE
mem[X,0x00000000800024B6] -> 0x2501
[2523] [M]: 0x00000000800024B6 (0x2501) c.addiw a0, 0x0
x10 <- 0x000000004AFB0CCE
mem[X,0x00000000800024B8] -> 0xB423
mem[X,0x00000000800024BA] -> 0x0CA0
[2524] [M]: 0x00000000800024B8 (0x0CA0B423) sd a0, 0xc8(ra)
mem[0x0000000080005AC0] <- 0x000000004AFB0CCE
mem[X,0x00000000800024BC] -> 0x0537
mem[X,0x00000000800024BE] -> 0x0000
[2525] [M]: 0x00000000800024BC (0x00000537) lui a0, 0x0
x10 <- 0x0000000000000000
mem[X,0x00000000800024C0] -> 0x0513
mem[X,0x00000000800024C2] -> 0xFFF5
[2526] [M]: 0x00000000800024C0 (0xFFF50513) addi a0, a0, -0x1
x10 <- 0xFFFFFFFFFFFFFFFF
mem[X,0x00000000800024C4] -> 0x1513
mem[X,0x00000000800024C6] -> 0x00B5
[2527] [M]: 0x00000000800024C4 (0x00B51513) slli a0, a0, 0xb
x10 <- 0xFFFFFFFFFFFFF800
mem[X,0x00000000800024C8] -> 0x0513
mem[X,0x00000000800024CA] -> 0x2575
[2528] [M]: 0x00000000800024C8 (0x25750513) addi a0, a0, 0x257
x10 <- 0xFFFFFFFFFFFFFA57
mem[X,0x00000000800024CC] -> 0x1513
mem[X,0x00000000800024CE] -> 0x00B5
[2529] [M]: 0x00000000800024CC (0x00B51513) slli a0, a0, 0xb
x10 <- 0xFFFFFFFFFFD2B800
mem[X,0x00000000800024D0] -> 0x0513
mem[X,0x00000000800024D2] -> 0x6C35
[2530] [M]: 0x00000000800024D0 (0x6C350513) addi a0, a0, 0x6c3
x10 <- 0xFFFFFFFFFFD2BEC3
mem[X,0x00000000800024D4] -> 0x1513
mem[X,0x00000000800024D6] -> 0x00A5
[2531] [M]: 0x00000000800024D4 (0x00A51513) slli a0, a0, 0xa
x10 <- 0xFFFFFFFF4AFB0C00
mem[X,0x00000000800024D8] -> 0x0513
mem[X,0x00000000800024DA] -> 0x0CE5
[2532] [M]: 0x00000000800024D8 (0x0CE50513) addi a0, a0, 0xce
x10 <- 0xFFFFFFFF4AFB0CCE
mem[X,0x00000000800024DC] -> 0x252D
[2533] [M]: 0x00000000800024DC (0x252D) c.addiw a0, 0xb
x10 <- 0x000000004AFB0CD9
mem[X,0x00000000800024DE] -> 0xB823
mem[X,0x00000000800024E0] -> 0x0CA0
[2534] [M]: 0x00000000800024DE (0x0CA0B823) sd a0, 0xd0(ra)
mem[0x0000000080005AC8] <- 0x000000004AFB0CD9
mem[X,0x00000000800024E2] -> 0x0537
mem[X,0x00000000800024E4] -> 0x0000
[2535] [M]: 0x00000000800024E2 (0x00000537) lui a0, 0x0
x10 <- 0x0000000000000000
mem[X,0x00000000800024E6] -> 0x0513
mem[X,0x00000000800024E8] -> 0xFFF5
[2536] [M]: 0x00000000800024E6 (0xFFF50513) addi a0, a0, -0x1
x10 <- 0xFFFFFFFFFFFFFFFF
mem[X,0x00000000800024EA] -> 0x1513
mem[X,0x00000000800024EC] -> 0x00B5
[2537] [M]: 0x00000000800024EA (0x00B51513) slli a0, a0, 0xb
x10 <- 0xFFFFFFFFFFFFF800
mem[X,0x00000000800024EE] -> 0x0513
mem[X,0x00000000800024F0] -> 0x2575
[2538] [M]: 0x00000000800024EE (0x25750513) addi a0, a0, 0x257
x10 <- 0xFFFFFFFFFFFFFA57
mem[X,0x00000000800024F2] -> 0x1513
mem[X,0x00000000800024F4] -> 0x00B5
[2539] [M]: 0x00000000800024F2 (0x00B51513) slli a0, a0, 0xb
x10 <- 0xFFFFFFFFFFD2B800
mem[X,0x00000000800024F6] -> 0x0513
mem[X,0x00000000800024F8] -> 0x6C35
[2540] [M]: 0x00000000800024F6 (0x6C350513) addi a0, a0, 0x6c3
x10 <- 0xFFFFFFFFFFD2BEC3
mem[X,0x00000000800024FA] -> 0x1513
mem[X,0x00000000800024FC] -> 0x00A5
[2541] [M]: 0x00000000800024FA (0x00A51513) slli a0, a0, 0xa
x10 <- 0xFFFFFFFF4AFB0C00
mem[X,0x00000000800024FE] -> 0x0513
mem[X,0x0000000080002500] -> 0x0CE5
[2542] [M]: 0x00000000800024FE (0x0CE50513) addi a0, a0, 0xce
x10 <- 0xFFFFFFFF4AFB0CCE
mem[X,0x0000000080002502] -> 0x251D
[2543] [M]: 0x0000000080002502 (0x251D) c.addiw a0, 0x7
x10 <- 0x000000004AFB0CD5
mem[X,0x0000000080002504] -> 0xBC23
mem[X,0x0000000080002506] -> 0x0CA0
[2544] [M]: 0x0000000080002504 (0x0CA0BC23) sd a0, 0xd8(ra)
mem[0x0000000080005AD0] <- 0x000000004AFB0CD5
mem[X,0x0000000080002508] -> 0x0537
mem[X,0x000000008000250A] -> 0x0000
[2545] [M]: 0x0000000080002508 (0x00000537) lui a0, 0x0
x10 <- 0x0000000000000000
mem[X,0x000000008000250C] -> 0x0513
mem[X,0x000000008000250E] -> 0xFFF5
[2546] [M]: 0x000000008000250C (0xFFF50513) addi a0, a0, -0x1
x10 <- 0xFFFFFFFFFFFFFFFF
mem[X,0x0000000080002510] -> 0x1513
mem[X,0x0000000080002512] -> 0x00B5
[2547] [M]: 0x0000000080002510 (0x00B51513) slli a0, a0, 0xb
x10 <- 0xFFFFFFFFFFFFF800
mem[X,0x0000000080002514] -> 0x0513
mem[X,0x0000000080002516] -> 0x2575
[2548] [M]: 0x0000000080002514 (0x25750513) addi a0, a0, 0x257
x10 <- 0xFFFFFFFFFFFFFA57
mem[X,0x0000000080002518] -> 0x1513
mem[X,0x000000008000251A] -> 0x00B5
[2549] [M]: 0x0000000080002518 (0x00B51513) slli a0, a0, 0xb
x10 <- 0xFFFFFFFFFFD2B800
mem[X,0x000000008000251C] -> 0x0513
mem[X,0x000000008000251E] -> 0x6C35
[2550] [M]: 0x000000008000251C (0x6C350513) addi a0, a0, 0x6c3
x10 <- 0xFFFFFFFFFFD2BEC3
mem[X,0x0000000080002520] -> 0x1513
mem[X,0x0000000080002522] -> 0x00A5
[2551] [M]: 0x0000000080002520 (0x00A51513) slli a0, a0, 0xa
x10 <- 0xFFFFFFFF4AFB0C00
mem[X,0x0000000080002524] -> 0x0513
mem[X,0x0000000080002526] -> 0x0CE5
[2552] [M]: 0x0000000080002524 (0x0CE50513) addi a0, a0, 0xce
x10 <- 0xFFFFFFFF4AFB0CCE
mem[X,0x0000000080002528] -> 0x357D
[2553] [M]: 0x0000000080002528 (0x357D) c.addiw a0, -0x1
x10 <- 0x000000004AFB0CCD
mem[X,0x000000008000252A] -> 0xB023
mem[X,0x000000008000252C] -> 0x0EA0
[2554] [M]: 0x000000008000252A (0x0EA0B023) sd a0, 0xe0(ra)
mem[0x0000000080005AD8] <- 0x000000004AFB0CCD
mem[X,0x000000008000252E] -> 0x0537
mem[X,0x0000000080002530] -> 0x0000
[2555] [M]: 0x000000008000252E (0x00000537) lui a0, 0x0
x10 <- 0x0000000000000000
mem[X,0x0000000080002532] -> 0x0513
mem[X,0x0000000080002534] -> 0xFFF5
[2556] [M]: 0x0000000080002532 (0xFFF50513) addi a0, a0, -0x1
x10 <- 0xFFFFFFFFFFFFFFFF
mem[X,0x0000000080002536] -> 0x1513
mem[X,0x0000000080002538] -> 0x00B5
[2557] [M]: 0x0000000080002536 (0x00B51513) slli a0, a0, 0xb
x10 <- 0xFFFFFFFFFFFFF800
mem[X,0x000000008000253A] -> 0x0513
mem[X,0x000000008000253C] -> 0x2575
[2558] [M]: 0x000000008000253A (0x25750513) addi a0, a0, 0x257
x10 <- 0xFFFFFFFFFFFFFA57
mem[X,0x000000008000253E] -> 0x1513
mem[X,0x0000000080002540] -> 0x00B5
[2559] [M]: 0x000000008000253E (0x00B51513) slli a0, a0, 0xb
x10 <- 0xFFFFFFFFFFD2B800
mem[X,0x0000000080002542] -> 0x0513
mem[X,0x0000000080002544] -> 0x6C35
[2560] [M]: 0x0000000080002542 (0x6C350513) addi a0, a0, 0x6c3
x10 <- 0xFFFFFFFFFFD2BEC3
mem[X,0x0000000080002546] -> 0x1513
mem[X,0x0000000080002548] -> 0x00A5
[2561] [M]: 0x0000000080002546 (0x00A51513) slli a0, a0, 0xa
x10 <- 0xFFFFFFFF4AFB0C00
mem[X,0x000000008000254A] -> 0x0513
mem[X,0x000000008000254C] -> 0x0CE5
[2562] [M]: 0x000000008000254A (0x0CE50513) addi a0, a0, 0xce
x10 <- 0xFFFFFFFF4AFB0CCE
mem[X,0x000000008000254E] -> 0x3571
[2563] [M]: 0x000000008000254E (0x3571) c.addiw a0, -0x4
x10 <- 0x000000004AFB0CCA
mem[X,0x0000000080002550] -> 0xB423
mem[X,0x0000000080002552] -> 0x0EA0
[2564] [M]: 0x0000000080002550 (0x0EA0B423) sd a0, 0xe8(ra)
mem[0x0000000080005AE0] <- 0x000000004AFB0CCA
mem[X,0x0000000080002554] -> 0x0537
mem[X,0x0000000080002556] -> 0x0000
[2565] [M]: 0x0000000080002554 (0x00000537) lui a0, 0x0
x10 <- 0x0000000000000000
mem[X,0x0000000080002558] -> 0x0513
mem[X,0x000000008000255A] -> 0x0005
[2566] [M]: 0x0000000080002558 (0x00050513) addi a0, a0, 0x0
x10 <- 0x0000000000000000
mem[X,0x000000008000255C] -> 0x1513
mem[X,0x000000008000255E] -> 0x00B5
[2567] [M]: 0x000000008000255C (0x00B51513) slli a0, a0, 0xb
x10 <- 0x0000000000000000
mem[X,0x0000000080002560] -> 0x0513
mem[X,0x0000000080002562] -> 0x5A85
[2568] [M]: 0x0000000080002560 (0x5A850513) addi a0, a0, 0x5a8
x10 <- 0x00000000000005A8
mem[X,0x0000000080002564] -> 0x1513
mem[X,0x0000000080002566] -> 0x00B5
[2569] [M]: 0x0000000080002564 (0x00B51513) slli a0, a0, 0xb
x10 <- 0x00000000002D4000
mem[X,0x0000000080002568] -> 0x0513
mem[X,0x000000008000256A] -> 0x13C5
[2570] [M]: 0x0000000080002568 (0x13C50513) addi a0, a0, 0x13c
x10 <- 0x00000000002D413C
mem[X,0x000000008000256C] -> 0x1513
mem[X,0x000000008000256E] -> 0x00A5
[2571] [M]: 0x000000008000256C (0x00A51513) slli a0, a0, 0xa
x10 <- 0x00000000B504F000
mem[X,0x0000000080002570] -> 0x0513
mem[X,0x0000000080002572] -> 0x3345
[2572] [M]: 0x0000000080002570 (0x33450513) addi a0, a0, 0x334
x10 <- 0x00000000B504F334
mem[X,0x0000000080002574] -> 0x250D
[2573] [M]: 0x0000000080002574 (0x250D) c.addiw a0, 0x3
x10 <- 0xFFFFFFFFB504F337
mem[X,0x0000000080002576] -> 0xB823
mem[X,0x0000000080002578] -> 0x0EA0
[2574] [M]: 0x0000000080002576 (0x0EA0B823) sd a0, 0xf0(ra)
mem[0x0000000080005AE8] <- 0xFFFFFFFFB504F337
mem[X,0x000000008000257A] -> 0x0537
mem[X,0x000000008000257C] -> 0x0000
[2575] [M]: 0x000000008000257A (0x00000537) lui a0, 0x0
x10 <- 0x0000000000000000
mem[X,0x000000008000257E] -> 0x0513
mem[X,0x0000000080002580] -> 0x0005
[2576] [M]: 0x000000008000257E (0x00050513) addi a0, a0, 0x0
x10 <- 0x0000000000000000
mem[X,0x0000000080002582] -> 0x1513
mem[X,0x0000000080002584] -> 0x00B5
[2577] [M]: 0x0000000080002582 (0x00B51513) slli a0, a0, 0xb
x10 <- 0x0000000000000000
mem[X,0x0000000080002586] -> 0x0513
mem[X,0x0000000080002588] -> 0x5A85
[2578] [M]: 0x0000000080002586 (0x5A850513) addi a0, a0, 0x5a8
x10 <- 0x00000000000005A8
mem[X,0x000000008000258A] -> 0x1513
mem[X,0x000000008000258C] -> 0x00B5
[2579] [M]: 0x000000008000258A (0x00B51513) slli a0, a0, 0xb
x10 <- 0x00000000002D4000
mem[X,0x000000008000258E] -> 0x0513
mem[X,0x0000000080002590] -> 0x13C5
[2580] [M]: 0x000000008000258E (0x13C50513) addi a0, a0, 0x13c
x10 <- 0x00000000002D413C
mem[X,0x0000000080002592] -> 0x1513
mem[X,0x0000000080002594] -> 0x00A5
[2581] [M]: 0x0000000080002592 (0x00A51513) slli a0, a0, 0xa
x10 <- 0x00000000B504F000
mem[X,0x0000000080002596] -> 0x0513
mem[X,0x0000000080002598] -> 0x3345
[2582] [M]: 0x0000000080002596 (0x33450513) addi a0, a0, 0x334
x10 <- 0x00000000B504F334
mem[X,0x000000008000259A] -> 0x2515
[2583] [M]: 0x000000008000259A (0x2515) c.addiw a0, 0x5
x10 <- 0xFFFFFFFFB504F339
mem[X,0x000000008000259C] -> 0xBC23
mem[X,0x000000008000259E] -> 0x0EA0
[2584] [M]: 0x000000008000259C (0x0EA0BC23) sd a0, 0xf8(ra)
mem[0x0000000080005AF0] <- 0xFFFFFFFFB504F339
mem[X,0x00000000800025A0] -> 0x0537
mem[X,0x00000000800025A2] -> 0x0000
[2585] [M]: 0x00000000800025A0 (0x00000537) lui a0, 0x0
x10 <- 0x0000000000000000
mem[X,0x00000000800025A4] -> 0x0513
mem[X,0x00000000800025A6] -> 0x0005
[2586] [M]: 0x00000000800025A4 (0x00050513) addi a0, a0, 0x0
x10 <- 0x0000000000000000
mem[X,0x00000000800025A8] -> 0x1513
mem[X,0x00000000800025AA] -> 0x00B5
[2587] [M]: 0x00000000800025A8 (0x00B51513) slli a0, a0, 0xb
x10 <- 0x0000000000000000
mem[X,0x00000000800025AC] -> 0x0513
mem[X,0x00000000800025AE] -> 0x5A85
[2588] [M]: 0x00000000800025AC (0x5A850513) addi a0, a0, 0x5a8
x10 <- 0x00000000000005A8
mem[X,0x00000000800025B0] -> 0x1513
mem[X,0x00000000800025B2] -> 0x00B5
[2589] [M]: 0x00000000800025B0 (0x00B51513) slli a0, a0, 0xb
x10 <- 0x00000000002D4000
mem[X,0x00000000800025B4] -> 0x0513
mem[X,0x00000000800025B6] -> 0x13C5
[2590] [M]: 0x00000000800025B4 (0x13C50513) addi a0, a0, 0x13c
x10 <- 0x00000000002D413C
mem[X,0x00000000800025B8] -> 0x1513
mem[X,0x00000000800025BA] -> 0x00A5
[2591] [M]: 0x00000000800025B8 (0x00A51513) slli a0, a0, 0xa
x10 <- 0x00000000B504F000
mem[X,0x00000000800025BC] -> 0x0513
mem[X,0x00000000800025BE] -> 0x3345
[2592] [M]: 0x00000000800025BC (0x33450513) addi a0, a0, 0x334
x10 <- 0x00000000B504F334
mem[X,0x00000000800025C0] -> 0x2529
[2593] [M]: 0x00000000800025C0 (0x2529) c.addiw a0, 0xa
x10 <- 0xFFFFFFFFB504F33E
mem[X,0x00000000800025C2] -> 0xB023
mem[X,0x00000000800025C4] -> 0x10A0
[2594] [M]: 0x00000000800025C2 (0x10A0B023) sd a0, 0x100(ra)
mem[0x0000000080005AF8] <- 0xFFFFFFFFB504F33E
mem[X,0x00000000800025C6] -> 0x0537
mem[X,0x00000000800025C8] -> 0x0000
[2595] [M]: 0x00000000800025C6 (0x00000537) lui a0, 0x0
x10 <- 0x0000000000000000
mem[X,0x00000000800025CA] -> 0x0513
mem[X,0x00000000800025CC] -> 0x0005
[2596] [M]: 0x00000000800025CA (0x00050513) addi a0, a0, 0x0
x10 <- 0x0000000000000000
mem[X,0x00000000800025CE] -> 0x1513
mem[X,0x00000000800025D0] -> 0x00B5
[2597] [M]: 0x00000000800025CE (0x00B51513) slli a0, a0, 0xb
x10 <- 0x0000000000000000
mem[X,0x00000000800025D2] -> 0x0513
mem[X,0x00000000800025D4] -> 0x5A85
[2598] [M]: 0x00000000800025D2 (0x5A850513) addi a0, a0, 0x5a8
x10 <- 0x00000000000005A8
mem[X,0x00000000800025D6] -> 0x1513
mem[X,0x00000000800025D8] -> 0x00B5
[2599] [M]: 0x00000000800025D6 (0x00B51513) slli a0, a0, 0xb
x10 <- 0x00000000002D4000
clint::tick mtime <- 0x000000000000001A
 clint timer pending at mtime 0x000000000000001A
htif::tick 0x0000000000000000
mem[X,0x00000000800025DA] -> 0x0513
mem[X,0x00000000800025DC] -> 0x13C5
[2600] [M]: 0x00000000800025DA (0x13C50513) addi a0, a0, 0x13c
x10 <- 0x00000000002D413C
mem[X,0x00000000800025DE] -> 0x1513
mem[X,0x00000000800025E0] -> 0x00A5
[2601] [M]: 0x00000000800025DE (0x00A51513) slli a0, a0, 0xa
x10 <- 0x00000000B504F000
mem[X,0x00000000800025E2] -> 0x0513
mem[X,0x00000000800025E4] -> 0x3345
[2602] [M]: 0x00000000800025E2 (0x33450513) addi a0, a0, 0x334
x10 <- 0x00000000B504F334
mem[X,0x00000000800025E6] -> 0x2519
[2603] [M]: 0x00000000800025E6 (0x2519) c.addiw a0, 0x6
x10 <- 0xFFFFFFFFB504F33A
mem[X,0x00000000800025E8] -> 0xB423
mem[X,0x00000000800025EA] -> 0x10A0
[2604] [M]: 0x00000000800025E8 (0x10A0B423) sd a0, 0x108(ra)
mem[0x0000000080005B00] <- 0xFFFFFFFFB504F33A
mem[X,0x00000000800025EC] -> 0x0537
mem[X,0x00000000800025EE] -> 0x0000
[2605] [M]: 0x00000000800025EC (0x00000537) lui a0, 0x0
x10 <- 0x0000000000000000
mem[X,0x00000000800025F0] -> 0x0513
mem[X,0x00000000800025F2] -> 0x0005
[2606] [M]: 0x00000000800025F0 (0x00050513) addi a0, a0, 0x0
x10 <- 0x0000000000000000
mem[X,0x00000000800025F4] -> 0x1513
mem[X,0x00000000800025F6] -> 0x00B5
[2607] [M]: 0x00000000800025F4 (0x00B51513) slli a0, a0, 0xb
x10 <- 0x0000000000000000
mem[X,0x00000000800025F8] -> 0x0513
mem[X,0x00000000800025FA] -> 0x5A85
[2608] [M]: 0x00000000800025F8 (0x5A850513) addi a0, a0, 0x5a8
x10 <- 0x00000000000005A8
mem[X,0x00000000800025FC] -> 0x1513
mem[X,0x00000000800025FE] -> 0x00B5
[2609] [M]: 0x00000000800025FC (0x00B51513) slli a0, a0, 0xb
x10 <- 0x00000000002D4000
mem[X,0x0000000080002600] -> 0x0513
mem[X,0x0000000080002602] -> 0x13C5
[2610] [M]: 0x0000000080002600 (0x13C50513) addi a0, a0, 0x13c
x10 <- 0x00000000002D413C
mem[X,0x0000000080002604] -> 0x1513
mem[X,0x0000000080002606] -> 0x00A5
[2611] [M]: 0x0000000080002604 (0x00A51513) slli a0, a0, 0xa
x10 <- 0x00000000B504F000
mem[X,0x0000000080002608] -> 0x0513
mem[X,0x000000008000260A] -> 0x3345
[2612] [M]: 0x0000000080002608 (0x33450513) addi a0, a0, 0x334
x10 <- 0x00000000B504F334
mem[X,0x000000008000260C] -> 0x3579
[2613] [M]: 0x000000008000260C (0x3579) c.addiw a0, -0x2
x10 <- 0xFFFFFFFFB504F332
mem[X,0x000000008000260E] -> 0xB823
mem[X,0x0000000080002610] -> 0x10A0
[2614] [M]: 0x000000008000260E (0x10A0B823) sd a0, 0x110(ra)
mem[0x0000000080005B08] <- 0xFFFFFFFFB504F332
mem[X,0x0000000080002612] -> 0x0537
mem[X,0x0000000080002614] -> 0x0000
[2615] [M]: 0x0000000080002612 (0x00000537) lui a0, 0x0
x10 <- 0x0000000000000000
mem[X,0x0000000080002616] -> 0x0513
mem[X,0x0000000080002618] -> 0x0005
[2616] [M]: 0x0000000080002616 (0x00050513) addi a0, a0, 0x0
x10 <- 0x0000000000000000
mem[X,0x000000008000261A] -> 0x1513
mem[X,0x000000008000261C] -> 0x00B5
[2617] [M]: 0x000000008000261A (0x00B51513) slli a0, a0, 0xb
x10 <- 0x0000000000000000
mem[X,0x000000008000261E] -> 0x0513
mem[X,0x0000000080002620] -> 0x5A85
[2618] [M]: 0x000000008000261E (0x5A850513) addi a0, a0, 0x5a8
x10 <- 0x00000000000005A8
mem[X,0x0000000080002622] -> 0x1513
mem[X,0x0000000080002624] -> 0x00B5
[2619] [M]: 0x0000000080002622 (0x00B51513) slli a0, a0, 0xb
x10 <- 0x00000000002D4000
mem[X,0x0000000080002626] -> 0x0513
mem[X,0x0000000080002628] -> 0x13C5
[2620] [M]: 0x0000000080002626 (0x13C50513) addi a0, a0, 0x13c
x10 <- 0x00000000002D413C
mem[X,0x000000008000262A] -> 0x1513
mem[X,0x000000008000262C] -> 0x00A5
[2621] [M]: 0x000000008000262A (0x00A51513) slli a0, a0, 0xa
x10 <- 0x00000000B504F000
mem[X,0x000000008000262E] -> 0x0513
mem[X,0x0000000080002630] -> 0x3345
[2622] [M]: 0x000000008000262E (0x33450513) addi a0, a0, 0x334
x10 <- 0x00000000B504F334
mem[X,0x0000000080002632] -> 0x356D
[2623] [M]: 0x0000000080002632 (0x356D) c.addiw a0, -0x5
x10 <- 0xFFFFFFFFB504F32F
mem[X,0x0000000080002634] -> 0xBC23
mem[X,0x0000000080002636] -> 0x10A0
[2624] [M]: 0x0000000080002634 (0x10A0BC23) sd a0, 0x118(ra)
mem[0x0000000080005B10] <- 0xFFFFFFFFB504F32F
mem[X,0x0000000080002638] -> 0x0537
mem[X,0x000000008000263A] -> 0x0000
[2625] [M]: 0x0000000080002638 (0x00000537) lui a0, 0x0
x10 <- 0x0000000000000000
mem[X,0x000000008000263C] -> 0x0513
mem[X,0x000000008000263E] -> 0x0005
[2626] [M]: 0x000000008000263C (0x00050513) addi a0, a0, 0x0
x10 <- 0x0000000000000000
mem[X,0x0000000080002640] -> 0x1513
mem[X,0x0000000080002642] -> 0x00B5
[2627] [M]: 0x0000000080002640 (0x00B51513) slli a0, a0, 0xb
x10 <- 0x0000000000000000
mem[X,0x0000000080002644] -> 0x0513
mem[X,0x0000000080002646] -> 0x5A85
[2628] [M]: 0x0000000080002644 (0x5A850513) addi a0, a0, 0x5a8
x10 <- 0x00000000000005A8
mem[X,0x0000000080002648] -> 0x1513
mem[X,0x000000008000264A] -> 0x00B5
[2629] [M]: 0x0000000080002648 (0x00B51513) slli a0, a0, 0xb
x10 <- 0x00000000002D4000
mem[X,0x000000008000264C] -> 0x0513
mem[X,0x000000008000264E] -> 0x13C5
[2630] [M]: 0x000000008000264C (0x13C50513) addi a0, a0, 0x13c
x10 <- 0x00000000002D413C
mem[X,0x0000000080002650] -> 0x1513
mem[X,0x0000000080002652] -> 0x00A5
[2631] [M]: 0x0000000080002650 (0x00A51513) slli a0, a0, 0xa
x10 <- 0x00000000B504F000
mem[X,0x0000000080002654] -> 0x0513
mem[X,0x0000000080002656] -> 0x3345
[2632] [M]: 0x0000000080002654 (0x33450513) addi a0, a0, 0x334
x10 <- 0x00000000B504F334
mem[X,0x0000000080002658] -> 0x2509
[2633] [M]: 0x0000000080002658 (0x2509) c.addiw a0, 0x2
x10 <- 0xFFFFFFFFB504F336
mem[X,0x000000008000265A] -> 0xB023
mem[X,0x000000008000265C] -> 0x12A0
[2634] [M]: 0x000000008000265A (0x12A0B023) sd a0, 0x120(ra)
mem[0x0000000080005B18] <- 0xFFFFFFFFB504F336
mem[X,0x000000008000265E] -> 0x0537
mem[X,0x0000000080002660] -> 0x0000
[2635] [M]: 0x000000008000265E (0x00000537) lui a0, 0x0
x10 <- 0x0000000000000000
mem[X,0x0000000080002662] -> 0x0513
mem[X,0x0000000080002664] -> 0x0005
[2636] [M]: 0x0000000080002662 (0x00050513) addi a0, a0, 0x0
x10 <- 0x0000000000000000
mem[X,0x0000000080002666] -> 0x1513
mem[X,0x0000000080002668] -> 0x00B5
[2637] [M]: 0x0000000080002666 (0x00B51513) slli a0, a0, 0xb
x10 <- 0x0000000000000000
mem[X,0x000000008000266A] -> 0x0513
mem[X,0x000000008000266C] -> 0x5A85
[2638] [M]: 0x000000008000266A (0x5A850513) addi a0, a0, 0x5a8
x10 <- 0x00000000000005A8
mem[X,0x000000008000266E] -> 0x1513
mem[X,0x0000000080002670] -> 0x00B5
[2639] [M]: 0x000000008000266E (0x00B51513) slli a0, a0, 0xb
x10 <- 0x00000000002D4000
mem[X,0x0000000080002672] -> 0x0513
mem[X,0x0000000080002674] -> 0x13C5
[2640] [M]: 0x0000000080002672 (0x13C50513) addi a0, a0, 0x13c
x10 <- 0x00000000002D413C
mem[X,0x0000000080002676] -> 0x1513
mem[X,0x0000000080002678] -> 0x00A5
[2641] [M]: 0x0000000080002676 (0x00A51513) slli a0, a0, 0xa
x10 <- 0x00000000B504F000
mem[X,0x000000008000267A] -> 0x0513
mem[X,0x000000008000267C] -> 0x3345
[2642] [M]: 0x000000008000267A (0x33450513) addi a0, a0, 0x334
x10 <- 0x00000000B504F334
mem[X,0x000000008000267E] -> 0x2511
[2643] [M]: 0x000000008000267E (0x2511) c.addiw a0, 0x4
x10 <- 0xFFFFFFFFB504F338
mem[X,0x0000000080002680] -> 0xB423
mem[X,0x0000000080002682] -> 0x12A0
[2644] [M]: 0x0000000080002680 (0x12A0B423) sd a0, 0x128(ra)
mem[0x0000000080005B20] <- 0xFFFFFFFFB504F338
mem[X,0x0000000080002684] -> 0x0537
mem[X,0x0000000080002686] -> 0x0000
[2645] [M]: 0x0000000080002684 (0x00000537) lui a0, 0x0
x10 <- 0x0000000000000000
mem[X,0x0000000080002688] -> 0x0513
mem[X,0x000000008000268A] -> 0x0005
[2646] [M]: 0x0000000080002688 (0x00050513) addi a0, a0, 0x0
x10 <- 0x0000000000000000
mem[X,0x000000008000268C] -> 0x1513
mem[X,0x000000008000268E] -> 0x00B5
[2647] [M]: 0x000000008000268C (0x00B51513) slli a0, a0, 0xb
x10 <- 0x0000000000000000
mem[X,0x0000000080002690] -> 0x0513
mem[X,0x0000000080002692] -> 0x5A85
[2648] [M]: 0x0000000080002690 (0x5A850513) addi a0, a0, 0x5a8
x10 <- 0x00000000000005A8
mem[X,0x0000000080002694] -> 0x1513
mem[X,0x0000000080002696] -> 0x00B5
[2649] [M]: 0x0000000080002694 (0x00B51513) slli a0, a0, 0xb
x10 <- 0x00000000002D4000
mem[X,0x0000000080002698] -> 0x0513
mem[X,0x000000008000269A] -> 0x13C5
[2650] [M]: 0x0000000080002698 (0x13C50513) addi a0, a0, 0x13c
x10 <- 0x00000000002D413C
mem[X,0x000000008000269C] -> 0x1513
mem[X,0x000000008000269E] -> 0x00A5
[2651] [M]: 0x000000008000269C (0x00A51513) slli a0, a0, 0xa
x10 <- 0x00000000B504F000
mem[X,0x00000000800026A0] -> 0x0513
mem[X,0x00000000800026A2] -> 0x3345
[2652] [M]: 0x00000000800026A0 (0x33450513) addi a0, a0, 0x334
x10 <- 0x00000000B504F334
mem[X,0x00000000800026A4] -> 0x2525
[2653] [M]: 0x00000000800026A4 (0x2525) c.addiw a0, 0x9
x10 <- 0xFFFFFFFFB504F33D
mem[X,0x00000000800026A6] -> 0xB823
mem[X,0x00000000800026A8] -> 0x12A0
[2654] [M]: 0x00000000800026A6 (0x12A0B823) sd a0, 0x130(ra)
mem[0x0000000080005B28] <- 0xFFFFFFFFB504F33D
mem[X,0x00000000800026AA] -> 0x0537
mem[X,0x00000000800026AC] -> 0x0000
[2655] [M]: 0x00000000800026AA (0x00000537) lui a0, 0x0
x10 <- 0x0000000000000000
mem[X,0x00000000800026AE] -> 0x0513
mem[X,0x00000000800026B0] -> 0x0005
[2656] [M]: 0x00000000800026AE (0x00050513) addi a0, a0, 0x0
x10 <- 0x0000000000000000
mem[X,0x00000000800026B2] -> 0x1513
mem[X,0x00000000800026B4] -> 0x00B5
[2657] [M]: 0x00000000800026B2 (0x00B51513) slli a0, a0, 0xb
x10 <- 0x0000000000000000
mem[X,0x00000000800026B6] -> 0x0513
mem[X,0x00000000800026B8] -> 0x5A85
[2658] [M]: 0x00000000800026B6 (0x5A850513) addi a0, a0, 0x5a8
x10 <- 0x00000000000005A8
mem[X,0x00000000800026BA] -> 0x1513
mem[X,0x00000000800026BC] -> 0x00B5
[2659] [M]: 0x00000000800026BA (0x00B51513) slli a0, a0, 0xb
x10 <- 0x00000000002D4000
mem[X,0x00000000800026BE] -> 0x0513
mem[X,0x00000000800026C0] -> 0x13C5
[2660] [M]: 0x00000000800026BE (0x13C50513) addi a0, a0, 0x13c
x10 <- 0x00000000002D413C
mem[X,0x00000000800026C2] -> 0x1513
mem[X,0x00000000800026C4] -> 0x00A5
[2661] [M]: 0x00000000800026C2 (0x00A51513) slli a0, a0, 0xa
x10 <- 0x00000000B504F000
mem[X,0x00000000800026C6] -> 0x0513
mem[X,0x00000000800026C8] -> 0x3345
[2662] [M]: 0x00000000800026C6 (0x33450513) addi a0, a0, 0x334
x10 <- 0x00000000B504F334
mem[X,0x00000000800026CA] -> 0x2501
[2663] [M]: 0x00000000800026CA (0x2501) c.addiw a0, 0x0
x10 <- 0xFFFFFFFFB504F334
mem[X,0x00000000800026CC] -> 0xBC23
mem[X,0x00000000800026CE] -> 0x12A0
[2664] [M]: 0x00000000800026CC (0x12A0BC23) sd a0, 0x138(ra)
mem[0x0000000080005B30] <- 0xFFFFFFFFB504F334
mem[X,0x00000000800026D0] -> 0x0537
mem[X,0x00000000800026D2] -> 0x0000
[2665] [M]: 0x00000000800026D0 (0x00000537) lui a0, 0x0
x10 <- 0x0000000000000000
mem[X,0x00000000800026D4] -> 0x0513
mem[X,0x00000000800026D6] -> 0x0005
[2666] [M]: 0x00000000800026D4 (0x00050513) addi a0, a0, 0x0
x10 <- 0x0000000000000000
mem[X,0x00000000800026D8] -> 0x1513
mem[X,0x00000000800026DA] -> 0x00B5
[2667] [M]: 0x00000000800026D8 (0x00B51513) slli a0, a0, 0xb
x10 <- 0x0000000000000000
mem[X,0x00000000800026DC] -> 0x0513
mem[X,0x00000000800026DE] -> 0x5A85
[2668] [M]: 0x00000000800026DC (0x5A850513) addi a0, a0, 0x5a8
x10 <- 0x00000000000005A8
mem[X,0x00000000800026E0] -> 0x1513
mem[X,0x00000000800026E2] -> 0x00B5
[2669] [M]: 0x00000000800026E0 (0x00B51513) slli a0, a0, 0xb
x10 <- 0x00000000002D4000
mem[X,0x00000000800026E4] -> 0x0513
mem[X,0x00000000800026E6] -> 0x13C5
[2670] [M]: 0x00000000800026E4 (0x13C50513) addi a0, a0, 0x13c
x10 <- 0x00000000002D413C
mem[X,0x00000000800026E8] -> 0x1513
mem[X,0x00000000800026EA] -> 0x00A5
[2671] [M]: 0x00000000800026E8 (0x00A51513) slli a0, a0, 0xa
x10 <- 0x00000000B504F000
mem[X,0x00000000800026EC] -> 0x0513
mem[X,0x00000000800026EE] -> 0x3345
[2672] [M]: 0x00000000800026EC (0x33450513) addi a0, a0, 0x334
x10 <- 0x00000000B504F334
mem[X,0x00000000800026F0] -> 0x252D
[2673] [M]: 0x00000000800026F0 (0x252D) c.addiw a0, 0xb
x10 <- 0xFFFFFFFFB504F33F
mem[X,0x00000000800026F2] -> 0xB023
mem[X,0x00000000800026F4] -> 0x14A0
[2674] [M]: 0x00000000800026F2 (0x14A0B023) sd a0, 0x140(ra)
mem[0x0000000080005B38] <- 0xFFFFFFFFB504F33F
mem[X,0x00000000800026F6] -> 0x0537
mem[X,0x00000000800026F8] -> 0x0000
[2675] [M]: 0x00000000800026F6 (0x00000537) lui a0, 0x0
x10 <- 0x0000000000000000
mem[X,0x00000000800026FA] -> 0x0513
mem[X,0x00000000800026FC] -> 0x0005
[2676] [M]: 0x00000000800026FA (0x00050513) addi a0, a0, 0x0
x10 <- 0x0000000000000000
mem[X,0x00000000800026FE] -> 0x1513
mem[X,0x0000000080002700] -> 0x00B5
[2677] [M]: 0x00000000800026FE (0x00B51513) slli a0, a0, 0xb
x10 <- 0x0000000000000000
mem[X,0x0000000080002702] -> 0x0513
mem[X,0x0000000080002704] -> 0x5A85
[2678] [M]: 0x0000000080002702 (0x5A850513) addi a0, a0, 0x5a8
x10 <- 0x00000000000005A8
mem[X,0x0000000080002706] -> 0x1513
mem[X,0x0000000080002708] -> 0x00B5
[2679] [M]: 0x0000000080002706 (0x00B51513) slli a0, a0, 0xb
x10 <- 0x00000000002D4000
mem[X,0x000000008000270A] -> 0x0513
mem[X,0x000000008000270C] -> 0x13C5
[2680] [M]: 0x000000008000270A (0x13C50513) addi a0, a0, 0x13c
x10 <- 0x00000000002D413C
mem[X,0x000000008000270E] -> 0x1513
mem[X,0x0000000080002710] -> 0x00A5
[2681] [M]: 0x000000008000270E (0x00A51513) slli a0, a0, 0xa
x10 <- 0x00000000B504F000
mem[X,0x0000000080002712] -> 0x0513
mem[X,0x0000000080002714] -> 0x3345
[2682] [M]: 0x0000000080002712 (0x33450513) addi a0, a0, 0x334
x10 <- 0x00000000B504F334
mem[X,0x0000000080002716] -> 0x251D
[2683] [M]: 0x0000000080002716 (0x251D) c.addiw a0, 0x7
x10 <- 0xFFFFFFFFB504F33B
mem[X,0x0000000080002718] -> 0xB423
mem[X,0x000000008000271A] -> 0x14A0
[2684] [M]: 0x0000000080002718 (0x14A0B423) sd a0, 0x148(ra)
mem[0x0000000080005B40] <- 0xFFFFFFFFB504F33B
mem[X,0x000000008000271C] -> 0x0537
mem[X,0x000000008000271E] -> 0x0000
[2685] [M]: 0x000000008000271C (0x00000537) lui a0, 0x0
x10 <- 0x0000000000000000
mem[X,0x0000000080002720] -> 0x0513
mem[X,0x0000000080002722] -> 0x0005
[2686] [M]: 0x0000000080002720 (0x00050513) addi a0, a0, 0x0
x10 <- 0x0000000000000000
mem[X,0x0000000080002724] -> 0x1513
mem[X,0x0000000080002726] -> 0x00B5
[2687] [M]: 0x0000000080002724 (0x00B51513) slli a0, a0, 0xb
x10 <- 0x0000000000000000
mem[X,0x0000000080002728] -> 0x0513
mem[X,0x000000008000272A] -> 0x5A85
[2688] [M]: 0x0000000080002728 (0x5A850513) addi a0, a0, 0x5a8
x10 <- 0x00000000000005A8
mem[X,0x000000008000272C] -> 0x1513
mem[X,0x000000008000272E] -> 0x00B5
[2689] [M]: 0x000000008000272C (0x00B51513) slli a0, a0, 0xb
x10 <- 0x00000000002D4000
mem[X,0x0000000080002730] -> 0x0513
mem[X,0x0000000080002732] -> 0x13C5
[2690] [M]: 0x0000000080002730 (0x13C50513) addi a0, a0, 0x13c
x10 <- 0x00000000002D413C
mem[X,0x0000000080002734] -> 0x1513
mem[X,0x0000000080002736] -> 0x00A5
[2691] [M]: 0x0000000080002734 (0x00A51513) slli a0, a0, 0xa
x10 <- 0x00000000B504F000
mem[X,0x0000000080002738] -> 0x0513
mem[X,0x000000008000273A] -> 0x3345
[2692] [M]: 0x0000000080002738 (0x33450513) addi a0, a0, 0x334
x10 <- 0x00000000B504F334
mem[X,0x000000008000273C] -> 0x357D
[2693] [M]: 0x000000008000273C (0x357D) c.addiw a0, -0x1
x10 <- 0xFFFFFFFFB504F333
mem[X,0x000000008000273E] -> 0xB823
mem[X,0x0000000080002740] -> 0x14A0
[2694] [M]: 0x000000008000273E (0x14A0B823) sd a0, 0x150(ra)
mem[0x0000000080005B48] <- 0xFFFFFFFFB504F333
mem[X,0x0000000080002742] -> 0x0537
mem[X,0x0000000080002744] -> 0x0000
[2695] [M]: 0x0000000080002742 (0x00000537) lui a0, 0x0
x10 <- 0x0000000000000000
mem[X,0x0000000080002746] -> 0x0513
mem[X,0x0000000080002748] -> 0x0005
[2696] [M]: 0x0000000080002746 (0x00050513) addi a0, a0, 0x0
x10 <- 0x0000000000000000
mem[X,0x000000008000274A] -> 0x1513
mem[X,0x000000008000274C] -> 0x00B5
[2697] [M]: 0x000000008000274A (0x00B51513) slli a0, a0, 0xb
x10 <- 0x0000000000000000
mem[X,0x000000008000274E] -> 0x0513
mem[X,0x0000000080002750] -> 0x5A85
[2698] [M]: 0x000000008000274E (0x5A850513) addi a0, a0, 0x5a8
x10 <- 0x00000000000005A8
mem[X,0x0000000080002752] -> 0x1513
mem[X,0x0000000080002754] -> 0x00B5
[2699] [M]: 0x0000000080002752 (0x00B51513) slli a0, a0, 0xb
x10 <- 0x00000000002D4000
clint::tick mtime <- 0x000000000000001B
 clint timer pending at mtime 0x000000000000001B
htif::tick 0x0000000000000000
mem[X,0x0000000080002756] -> 0x0513
mem[X,0x0000000080002758] -> 0x13C5
[2700] [M]: 0x0000000080002756 (0x13C50513) addi a0, a0, 0x13c
x10 <- 0x00000000002D413C
mem[X,0x000000008000275A] -> 0x1513
mem[X,0x000000008000275C] -> 0x00A5
[2701] [M]: 0x000000008000275A (0x00A51513) slli a0, a0, 0xa
x10 <- 0x00000000B504F000
mem[X,0x000000008000275E] -> 0x0513
mem[X,0x0000000080002760] -> 0x3345
[2702] [M]: 0x000000008000275E (0x33450513) addi a0, a0, 0x334
x10 <- 0x00000000B504F334
mem[X,0x0000000080002762] -> 0x3571
[2703] [M]: 0x0000000080002762 (0x3571) c.addiw a0, -0x4
x10 <- 0xFFFFFFFFB504F330
mem[X,0x0000000080002764] -> 0xBC23
mem[X,0x0000000080002766] -> 0x14A0
[2704] [M]: 0x0000000080002764 (0x14A0BC23) sd a0, 0x158(ra)
mem[0x0000000080005B50] <- 0xFFFFFFFFB504F330
mem[X,0x0000000080002768] -> 0x0513
mem[X,0x000000008000276A] -> 0x0080
[2705] [M]: 0x0000000080002768 (0x00800513) addi a0, zero, 0x8
x10 <- 0x0000000000000008
mem[X,0x000000008000276C] -> 0x3529
[2706] [M]: 0x000000008000276C (0x3529) c.addiw a0, -0x16
x10 <- 0xFFFFFFFFFFFFFFF2
mem[X,0x000000008000276E] -> 0xB023
mem[X,0x0000000080002770] -> 0x16A0
[2707] [M]: 0x000000008000276E (0x16A0B023) sd a0, 0x160(ra)
mem[0x0000000080005B58] <- 0xFFFFFFFFFFFFFFF2
mem[X,0x0000000080002772] -> 0x0513
mem[X,0x0000000080002774] -> 0x0200
[2708] [M]: 0x0000000080002772 (0x02000513) addi a0, zero, 0x20
x10 <- 0x0000000000000020
mem[X,0x0000000080002776] -> 0x2519
[2709] [M]: 0x0000000080002776 (0x2519) c.addiw a0, 0x6
x10 <- 0x0000000000000026
mem[X,0x0000000080002778] -> 0xB423
mem[X,0x000000008000277A] -> 0x16A0
[2710] [M]: 0x0000000080002778 (0x16A0B423) sd a0, 0x168(ra)
mem[0x0000000080005B60] <- 0x0000000000000026
mem[X,0x000000008000277C] -> 0x0513
mem[X,0x000000008000277E] -> 0x0400
[2711] [M]: 0x000000008000277C (0x04000513) addi a0, zero, 0x40
x10 <- 0x0000000000000040
mem[X,0x0000000080002780] -> 0x355D
[2712] [M]: 0x0000000080002780 (0x355D) c.addiw a0, -0x9
x10 <- 0x0000000000000037
mem[X,0x0000000080002782] -> 0xB823
mem[X,0x0000000080002784] -> 0x16A0
[2713] [M]: 0x0000000080002782 (0x16A0B823) sd a0, 0x170(ra)
mem[0x0000000080005B68] <- 0x0000000000000037
mem[X,0x0000000080002786] -> 0x0513
mem[X,0x0000000080002788] -> 0x0800
[2714] [M]: 0x0000000080002786 (0x08000513) addi a0, zero, 0x80
x10 <- 0x0000000000000080
mem[X,0x000000008000278A] -> 0x2501
[2715] [M]: 0x000000008000278A (0x2501) c.addiw a0, 0x0
x10 <- 0x0000000000000080
mem[X,0x000000008000278C] -> 0xBC23
mem[X,0x000000008000278E] -> 0x16A0
[2716] [M]: 0x000000008000278C (0x16A0BC23) sd a0, 0x178(ra)
mem[0x0000000080005B70] <- 0x0000000000000080
mem[X,0x0000000080002790] -> 0x0513
mem[X,0x0000000080002792] -> 0x1000
[2717] [M]: 0x0000000080002790 (0x10000513) addi a0, zero, 0x100
x10 <- 0x0000000000000100
mem[X,0x0000000080002794] -> 0x3571
[2718] [M]: 0x0000000080002794 (0x3571) c.addiw a0, -0x4
x10 <- 0x00000000000000FC
mem[X,0x0000000080002796] -> 0xB023
mem[X,0x0000000080002798] -> 0x18A0
[2719] [M]: 0x0000000080002796 (0x18A0B023) sd a0, 0x180(ra)
mem[0x0000000080005B78] <- 0x00000000000000FC
mem[X,0x000000008000279A] -> 0x0513
mem[X,0x000000008000279C] -> 0x2000
[2720] [M]: 0x000000008000279A (0x20000513) addi a0, zero, 0x200
x10 <- 0x0000000000000200
mem[X,0x000000008000279E] -> 0x357D
[2721] [M]: 0x000000008000279E (0x357D) c.addiw a0, -0x1
x10 <- 0x00000000000001FF
mem[X,0x00000000800027A0] -> 0xB423
mem[X,0x00000000800027A2] -> 0x18A0
[2722] [M]: 0x00000000800027A0 (0x18A0B423) sd a0, 0x188(ra)
mem[0x0000000080005B80] <- 0x00000000000001FF
mem[X,0x00000000800027A4] -> 0x0513
mem[X,0x00000000800027A6] -> 0x4000
[2723] [M]: 0x00000000800027A4 (0x40000513) addi a0, zero, 0x400
x10 <- 0x0000000000000400
mem[X,0x00000000800027A8] -> 0x3571
[2724] [M]: 0x00000000800027A8 (0x3571) c.addiw a0, -0x4
x10 <- 0x00000000000003FC
mem[X,0x00000000800027AA] -> 0xB823
mem[X,0x00000000800027AC] -> 0x18A0
[2725] [M]: 0x00000000800027AA (0x18A0B823) sd a0, 0x190(ra)
mem[0x0000000080005B88] <- 0x00000000000003FC
mem[X,0x00000000800027AE] -> 0x0513
mem[X,0x00000000800027B0] -> 0x0010
[2726] [M]: 0x00000000800027AE (0x00100513) addi a0, zero, 0x1
x10 <- 0x0000000000000001
mem[X,0x00000000800027B2] -> 0x1513
mem[X,0x00000000800027B4] -> 0x00B5
[2727] [M]: 0x00000000800027B2 (0x00B51513) slli a0, a0, 0xb
x10 <- 0x0000000000000800
mem[X,0x00000000800027B6] -> 0x2519
[2728] [M]: 0x00000000800027B6 (0x2519) c.addiw a0, 0x6
x10 <- 0x0000000000000806
mem[X,0x00000000800027B8] -> 0xBC23
mem[X,0x00000000800027BA] -> 0x18A0
[2729] [M]: 0x00000000800027B8 (0x18A0BC23) sd a0, 0x198(ra)
mem[0x0000000080005B90] <- 0x0000000000000806
mem[X,0x00000000800027BC] -> 0x0513
mem[X,0x00000000800027BE] -> 0x0010
[2730] [M]: 0x00000000800027BC (0x00100513) addi a0, zero, 0x1
x10 <- 0x0000000000000001
mem[X,0x00000000800027C0] -> 0x1513
mem[X,0x00000000800027C2] -> 0x00C5
[2731] [M]: 0x00000000800027C0 (0x00C51513) slli a0, a0, 0xc
x10 <- 0x0000000000001000
mem[X,0x00000000800027C4] -> 0x2515
[2732] [M]: 0x00000000800027C4 (0x2515) c.addiw a0, 0x5
x10 <- 0x0000000000001005
mem[X,0x00000000800027C6] -> 0xB023
mem[X,0x00000000800027C8] -> 0x1AA0
[2733] [M]: 0x00000000800027C6 (0x1AA0B023) sd a0, 0x1a0(ra)
mem[0x0000000080005B98] <- 0x0000000000001005
mem[X,0x00000000800027CA] -> 0x0513
mem[X,0x00000000800027CC] -> 0x0010
[2734] [M]: 0x00000000800027CA (0x00100513) addi a0, zero, 0x1
x10 <- 0x0000000000000001
mem[X,0x00000000800027CE] -> 0x1513
mem[X,0x00000000800027D0] -> 0x00D5
[2735] [M]: 0x00000000800027CE (0x00D51513) slli a0, a0, 0xd
x10 <- 0x0000000000002000
mem[X,0x00000000800027D2] -> 0x2509
[2736] [M]: 0x00000000800027D2 (0x2509) c.addiw a0, 0x2
x10 <- 0x0000000000002002
mem[X,0x00000000800027D4] -> 0xB423
mem[X,0x00000000800027D6] -> 0x1AA0
[2737] [M]: 0x00000000800027D4 (0x1AA0B423) sd a0, 0x1a8(ra)
mem[0x0000000080005BA0] <- 0x0000000000002002
mem[X,0x00000000800027D8] -> 0x0513
mem[X,0x00000000800027DA] -> 0x0010
[2738] [M]: 0x00000000800027D8 (0x00100513) addi a0, zero, 0x1
x10 <- 0x0000000000000001
mem[X,0x00000000800027DC] -> 0x1513
mem[X,0x00000000800027DE] -> 0x00E5
[2739] [M]: 0x00000000800027DC (0x00E51513) slli a0, a0, 0xe
x10 <- 0x0000000000004000
mem[X,0x00000000800027E0] -> 0x3575
[2740] [M]: 0x00000000800027E0 (0x3575) c.addiw a0, -0x3
x10 <- 0x0000000000003FFD
mem[X,0x00000000800027E2] -> 0xB823
mem[X,0x00000000800027E4] -> 0x1AA0
[2741] [M]: 0x00000000800027E2 (0x1AA0B823) sd a0, 0x1b0(ra)
mem[0x0000000080005BA8] <- 0x0000000000003FFD
mem[X,0x00000000800027E6] -> 0x0513
mem[X,0x00000000800027E8] -> 0x0010
[2742] [M]: 0x00000000800027E6 (0x00100513) addi a0, zero, 0x1
x10 <- 0x0000000000000001
mem[X,0x00000000800027EA] -> 0x1513
mem[X,0x00000000800027EC] -> 0x0105
[2743] [M]: 0x00000000800027EA (0x01051513) slli a0, a0, 0x10
x10 <- 0x0000000000010000
mem[X,0x00000000800027EE] -> 0x356D
[2744] [M]: 0x00000000800027EE (0x356D) c.addiw a0, -0x5
x10 <- 0x000000000000FFFB
mem[X,0x00000000800027F0] -> 0xBC23
mem[X,0x00000000800027F2] -> 0x1AA0
[2745] [M]: 0x00000000800027F0 (0x1AA0BC23) sd a0, 0x1b8(ra)
mem[0x0000000080005BB0] <- 0x000000000000FFFB
mem[X,0x00000000800027F4] -> 0x0513
mem[X,0x00000000800027F6] -> 0x0010
[2746] [M]: 0x00000000800027F4 (0x00100513) addi a0, zero, 0x1
x10 <- 0x0000000000000001
mem[X,0x00000000800027F8] -> 0x1513
mem[X,0x00000000800027FA] -> 0x0115
[2747] [M]: 0x00000000800027F8 (0x01151513) slli a0, a0, 0x11
x10 <- 0x0000000000020000
mem[X,0x00000000800027FC] -> 0x3569
[2748] [M]: 0x00000000800027FC (0x3569) c.addiw a0, -0x6
x10 <- 0x000000000001FFFA
mem[X,0x00000000800027FE] -> 0xB023
mem[X,0x0000000080002800] -> 0x1CA0
[2749] [M]: 0x00000000800027FE (0x1CA0B023) sd a0, 0x1c0(ra)
mem[0x0000000080005BB8] <- 0x000000000001FFFA
mem[X,0x0000000080002802] -> 0x0513
mem[X,0x0000000080002804] -> 0x0010
[2750] [M]: 0x0000000080002802 (0x00100513) addi a0, zero, 0x1
x10 <- 0x0000000000000001
mem[X,0x0000000080002806] -> 0x1513
mem[X,0x0000000080002808] -> 0x0125
[2751] [M]: 0x0000000080002806 (0x01251513) slli a0, a0, 0x12
x10 <- 0x0000000000040000
mem[X,0x000000008000280A] -> 0x2509
[2752] [M]: 0x000000008000280A (0x2509) c.addiw a0, 0x2
x10 <- 0x0000000000040002
mem[X,0x000000008000280C] -> 0xB423
mem[X,0x000000008000280E] -> 0x1CA0
[2753] [M]: 0x000000008000280C (0x1CA0B423) sd a0, 0x1c8(ra)
mem[0x0000000080005BC0] <- 0x0000000000040002
mem[X,0x0000000080002810] -> 0x0513
mem[X,0x0000000080002812] -> 0x0010
[2754] [M]: 0x0000000080002810 (0x00100513) addi a0, zero, 0x1
x10 <- 0x0000000000000001
mem[X,0x0000000080002814] -> 0x1513
mem[X,0x0000000080002816] -> 0x0135
[2755] [M]: 0x0000000080002814 (0x01351513) slli a0, a0, 0x13
x10 <- 0x0000000000080000
mem[X,0x0000000080002818] -> 0x2515
[2756] [M]: 0x0000000080002818 (0x2515) c.addiw a0, 0x5
x10 <- 0x0000000000080005
mem[X,0x000000008000281A] -> 0xB823
mem[X,0x000000008000281C] -> 0x1CA0
[2757] [M]: 0x000000008000281A (0x1CA0B823) sd a0, 0x1d0(ra)
mem[0x0000000080005BC8] <- 0x0000000000080005
mem[X,0x000000008000281E] -> 0x0513
mem[X,0x0000000080002820] -> 0x0010
[2758] [M]: 0x000000008000281E (0x00100513) addi a0, zero, 0x1
x10 <- 0x0000000000000001
mem[X,0x0000000080002822] -> 0x1513
mem[X,0x0000000080002824] -> 0x0145
[2759] [M]: 0x0000000080002822 (0x01451513) slli a0, a0, 0x14
x10 <- 0x0000000000100000
mem[X,0x0000000080002826] -> 0x2511
[2760] [M]: 0x0000000080002826 (0x2511) c.addiw a0, 0x4
x10 <- 0x0000000000100004
mem[X,0x0000000080002828] -> 0xBC23
mem[X,0x000000008000282A] -> 0x1CA0
[2761] [M]: 0x0000000080002828 (0x1CA0BC23) sd a0, 0x1d8(ra)
mem[0x0000000080005BD0] <- 0x0000000000100004
mem[X,0x000000008000282C] -> 0x0513
mem[X,0x000000008000282E] -> 0x0010
[2762] [M]: 0x000000008000282C (0x00100513) addi a0, zero, 0x1
x10 <- 0x0000000000000001
mem[X,0x0000000080002830] -> 0x1513
mem[X,0x0000000080002832] -> 0x0155
[2763] [M]: 0x0000000080002830 (0x01551513) slli a0, a0, 0x15
x10 <- 0x0000000000200000
mem[X,0x0000000080002834] -> 0x2521
[2764] [M]: 0x0000000080002834 (0x2521) c.addiw a0, 0x8
x10 <- 0x0000000000200008
mem[X,0x0000000080002836] -> 0xB023
mem[X,0x0000000080002838] -> 0x1EA0
[2765] [M]: 0x0000000080002836 (0x1EA0B023) sd a0, 0x1e0(ra)
mem[0x0000000080005BD8] <- 0x0000000000200008
mem[X,0x000000008000283A] -> 0x0513
mem[X,0x000000008000283C] -> 0x0010
[2766] [M]: 0x000000008000283A (0x00100513) addi a0, zero, 0x1
x10 <- 0x0000000000000001
mem[X,0x000000008000283E] -> 0x1513
mem[X,0x0000000080002840] -> 0x0165
[2767] [M]: 0x000000008000283E (0x01651513) slli a0, a0, 0x16
x10 <- 0x0000000000400000
mem[X,0x0000000080002842] -> 0x2519
[2768] [M]: 0x0000000080002842 (0x2519) c.addiw a0, 0x6
x10 <- 0x0000000000400006
mem[X,0x0000000080002844] -> 0xB423
mem[X,0x0000000080002846] -> 0x1EA0
[2769] [M]: 0x0000000080002844 (0x1EA0B423) sd a0, 0x1e8(ra)
mem[0x0000000080005BE0] <- 0x0000000000400006
mem[X,0x0000000080002848] -> 0x0513
mem[X,0x000000008000284A] -> 0x0010
[2770] [M]: 0x0000000080002848 (0x00100513) addi a0, zero, 0x1
x10 <- 0x0000000000000001
mem[X,0x000000008000284C] -> 0x1513
mem[X,0x000000008000284E] -> 0x0175
[2771] [M]: 0x000000008000284C (0x01751513) slli a0, a0, 0x17
x10 <- 0x0000000000800000
mem[X,0x0000000080002850] -> 0x355D
[2772] [M]: 0x0000000080002850 (0x355D) c.addiw a0, -0x9
x10 <- 0x00000000007FFFF7
mem[X,0x0000000080002852] -> 0xB823
mem[X,0x0000000080002854] -> 0x1EA0
[2773] [M]: 0x0000000080002852 (0x1EA0B823) sd a0, 0x1f0(ra)
mem[0x0000000080005BE8] <- 0x00000000007FFFF7
mem[X,0x0000000080002856] -> 0x0513
mem[X,0x0000000080002858] -> 0x0010
[2774] [M]: 0x0000000080002856 (0x00100513) addi a0, zero, 0x1
x10 <- 0x0000000000000001
mem[X,0x000000008000285A] -> 0x1513
mem[X,0x000000008000285C] -> 0x0185
[2775] [M]: 0x000000008000285A (0x01851513) slli a0, a0, 0x18
x10 <- 0x0000000001000000
mem[X,0x000000008000285E] -> 0x3579
[2776] [M]: 0x000000008000285E (0x3579) c.addiw a0, -0x2
x10 <- 0x0000000000FFFFFE
mem[X,0x0000000080002860] -> 0xBC23
mem[X,0x0000000080002862] -> 0x1EA0
[2777] [M]: 0x0000000080002860 (0x1EA0BC23) sd a0, 0x1f8(ra)
mem[0x0000000080005BF0] <- 0x0000000000FFFFFE
mem[X,0x0000000080002864] -> 0x0513
mem[X,0x0000000080002866] -> 0x0010
[2778] [M]: 0x0000000080002864 (0x00100513) addi a0, zero, 0x1
x10 <- 0x0000000000000001
mem[X,0x0000000080002868] -> 0x1513
mem[X,0x000000008000286A] -> 0x0195
[2779] [M]: 0x0000000080002868 (0x01951513) slli a0, a0, 0x19
x10 <- 0x0000000002000000
mem[X,0x000000008000286C] -> 0x2519
[2780] [M]: 0x000000008000286C (0x2519) c.addiw a0, 0x6
x10 <- 0x0000000002000006
mem[X,0x000000008000286E] -> 0xB023
mem[X,0x0000000080002870] -> 0x20A0
[2781] [M]: 0x000000008000286E (0x20A0B023) sd a0, 0x200(ra)
mem[0x0000000080005BF8] <- 0x0000000002000006
mem[X,0x0000000080002872] -> 0x0513
mem[X,0x0000000080002874] -> 0x0010
[2782] [M]: 0x0000000080002872 (0x00100513) addi a0, zero, 0x1
x10 <- 0x0000000000000001
mem[X,0x0000000080002876] -> 0x1513
mem[X,0x0000000080002878] -> 0x01A5
[2783] [M]: 0x0000000080002876 (0x01A51513) slli a0, a0, 0x1a
x10 <- 0x0000000004000000
mem[X,0x000000008000287A] -> 0x2519
[2784] [M]: 0x000000008000287A (0x2519) c.addiw a0, 0x6
x10 <- 0x0000000004000006
mem[X,0x000000008000287C] -> 0xB423
mem[X,0x000000008000287E] -> 0x20A0
[2785] [M]: 0x000000008000287C (0x20A0B423) sd a0, 0x208(ra)
mem[0x0000000080005C00] <- 0x0000000004000006
mem[X,0x0000000080002880] -> 0x0513
mem[X,0x0000000080002882] -> 0x0010
[2786] [M]: 0x0000000080002880 (0x00100513) addi a0, zero, 0x1
x10 <- 0x0000000000000001
mem[X,0x0000000080002884] -> 0x1513
mem[X,0x0000000080002886] -> 0x01B5
[2787] [M]: 0x0000000080002884 (0x01B51513) slli a0, a0, 0x1b
x10 <- 0x0000000008000000
mem[X,0x0000000080002888] -> 0x2501
[2788] [M]: 0x0000000080002888 (0x2501) c.addiw a0, 0x0
x10 <- 0x0000000008000000
mem[X,0x000000008000288A] -> 0xB823
mem[X,0x000000008000288C] -> 0x20A0
[2789] [M]: 0x000000008000288A (0x20A0B823) sd a0, 0x210(ra)
mem[0x0000000080005C08] <- 0x0000000008000000
mem[X,0x000000008000288E] -> 0x0513
mem[X,0x0000000080002890] -> 0x0010
[2790] [M]: 0x000000008000288E (0x00100513) addi a0, zero, 0x1
x10 <- 0x0000000000000001
mem[X,0x0000000080002892] -> 0x1513
mem[X,0x0000000080002894] -> 0x01D5
[2791] [M]: 0x0000000080002892 (0x01D51513) slli a0, a0, 0x1d
x10 <- 0x0000000020000000
mem[X,0x0000000080002896] -> 0x3565
[2792] [M]: 0x0000000080002896 (0x3565) c.addiw a0, -0x7
x10 <- 0x000000001FFFFFF9
mem[X,0x0000000080002898] -> 0xBC23
mem[X,0x000000008000289A] -> 0x20A0
[2793] [M]: 0x0000000080002898 (0x20A0BC23) sd a0, 0x218(ra)
mem[0x0000000080005C10] <- 0x000000001FFFFFF9
mem[X,0x000000008000289C] -> 0x0513
mem[X,0x000000008000289E] -> 0x0010
[2794] [M]: 0x000000008000289C (0x00100513) addi a0, zero, 0x1
x10 <- 0x0000000000000001
mem[X,0x00000000800028A0] -> 0x1513
mem[X,0x00000000800028A2] -> 0x01E5
[2795] [M]: 0x00000000800028A0 (0x01E51513) slli a0, a0, 0x1e
x10 <- 0x0000000040000000
mem[X,0x00000000800028A4] -> 0x353D
[2796] [M]: 0x00000000800028A4 (0x353D) c.addiw a0, -0x11
x10 <- 0x000000003FFFFFEF
mem[X,0x00000000800028A6] -> 0xB023
mem[X,0x00000000800028A8] -> 0x22A0
[2797] [M]: 0x00000000800028A6 (0x22A0B023) sd a0, 0x220(ra)
mem[0x0000000080005C18] <- 0x000000003FFFFFEF
mem[X,0x00000000800028AA] -> 0x0513
mem[X,0x00000000800028AC] -> 0x0010
[2798] [M]: 0x00000000800028AA (0x00100513) addi a0, zero, 0x1
x10 <- 0x0000000000000001
mem[X,0x00000000800028AE] -> 0x1513
mem[X,0x00000000800028B0] -> 0x01F5
[2799] [M]: 0x00000000800028AE (0x01F51513) slli a0, a0, 0x1f
x10 <- 0x0000000080000000
clint::tick mtime <- 0x000000000000001C
 clint timer pending at mtime 0x000000000000001C
htif::tick 0x0000000000000000
mem[X,0x00000000800028B2] -> 0x2501
[2800] [M]: 0x00000000800028B2 (0x2501) c.addiw a0, 0x0
x10 <- 0xFFFFFFFF80000000
mem[X,0x00000000800028B4] -> 0xB423
mem[X,0x00000000800028B6] -> 0x22A0
[2801] [M]: 0x00000000800028B4 (0x22A0B423) sd a0, 0x228(ra)
mem[0x0000000080005C20] <- 0xFFFFFFFF80000000
mem[X,0x00000000800028B8] -> 0x0513
mem[X,0x00000000800028BA] -> 0x0010
[2802] [M]: 0x00000000800028B8 (0x00100513) addi a0, zero, 0x1
x10 <- 0x0000000000000001
mem[X,0x00000000800028BC] -> 0x1513
mem[X,0x00000000800028BE] -> 0x0205
[2803] [M]: 0x00000000800028BC (0x02051513) slli a0, a0, 0x20
x10 <- 0x0000000100000000
mem[X,0x00000000800028C0] -> 0x3579
[2804] [M]: 0x00000000800028C0 (0x3579) c.addiw a0, -0x2
x10 <- 0xFFFFFFFFFFFFFFFE
mem[X,0x00000000800028C2] -> 0xB823
mem[X,0x00000000800028C4] -> 0x22A0
[2805] [M]: 0x00000000800028C2 (0x22A0B823) sd a0, 0x230(ra)
mem[0x0000000080005C28] <- 0xFFFFFFFFFFFFFFFE
mem[X,0x00000000800028C6] -> 0x0513
mem[X,0x00000000800028C8] -> 0x0010
[2806] [M]: 0x00000000800028C6 (0x00100513) addi a0, zero, 0x1
x10 <- 0x0000000000000001
mem[X,0x00000000800028CA] -> 0x1513
mem[X,0x00000000800028CC] -> 0x0215
[2807] [M]: 0x00000000800028CA (0x02151513) slli a0, a0, 0x21
x10 <- 0x0000000200000000
mem[X,0x00000000800028CE] -> 0x356D
[2808] [M]: 0x00000000800028CE (0x356D) c.addiw a0, -0x5
x10 <- 0xFFFFFFFFFFFFFFFB
mem[X,0x00000000800028D0] -> 0xBC23
mem[X,0x00000000800028D2] -> 0x22A0
[2809] [M]: 0x00000000800028D0 (0x22A0BC23) sd a0, 0x238(ra)
mem[0x0000000080005C30] <- 0xFFFFFFFFFFFFFFFB
mem[X,0x00000000800028D4] -> 0x0513
mem[X,0x00000000800028D6] -> 0x0010
[2810] [M]: 0x00000000800028D4 (0x00100513) addi a0, zero, 0x1
x10 <- 0x0000000000000001
mem[X,0x00000000800028D8] -> 0x1513
mem[X,0x00000000800028DA] -> 0x0225
[2811] [M]: 0x00000000800028D8 (0x02251513) slli a0, a0, 0x22
x10 <- 0x0000000400000000
mem[X,0x00000000800028DC] -> 0x2509
[2812] [M]: 0x00000000800028DC (0x2509) c.addiw a0, 0x2
x10 <- 0x0000000000000002
mem[X,0x00000000800028DE] -> 0xB023
mem[X,0x00000000800028E0] -> 0x24A0
[2813] [M]: 0x00000000800028DE (0x24A0B023) sd a0, 0x240(ra)
mem[0x0000000080005C38] <- 0x0000000000000002
mem[X,0x00000000800028E2] -> 0x0513
mem[X,0x00000000800028E4] -> 0x0010
[2814] [M]: 0x00000000800028E2 (0x00100513) addi a0, zero, 0x1
x10 <- 0x0000000000000001
mem[X,0x00000000800028E6] -> 0x1513
mem[X,0x00000000800028E8] -> 0x0235
[2815] [M]: 0x00000000800028E6 (0x02351513) slli a0, a0, 0x23
x10 <- 0x0000000800000000
mem[X,0x00000000800028EA] -> 0x250D
[2816] [M]: 0x00000000800028EA (0x250D) c.addiw a0, 0x3
x10 <- 0x0000000000000003
mem[X,0x00000000800028EC] -> 0xB423
mem[X,0x00000000800028EE] -> 0x24A0
[2817] [M]: 0x00000000800028EC (0x24A0B423) sd a0, 0x248(ra)
mem[0x0000000080005C40] <- 0x0000000000000003
mem[X,0x00000000800028F0] -> 0x0513
mem[X,0x00000000800028F2] -> 0x0010
[2818] [M]: 0x00000000800028F0 (0x00100513) addi a0, zero, 0x1
x10 <- 0x0000000000000001
mem[X,0x00000000800028F4] -> 0x1513
mem[X,0x00000000800028F6] -> 0x0245
[2819] [M]: 0x00000000800028F4 (0x02451513) slli a0, a0, 0x24
x10 <- 0x0000001000000000
mem[X,0x00000000800028F8] -> 0x2511
[2820] [M]: 0x00000000800028F8 (0x2511) c.addiw a0, 0x4
x10 <- 0x0000000000000004
mem[X,0x00000000800028FA] -> 0xB823
mem[X,0x00000000800028FC] -> 0x24A0
[2821] [M]: 0x00000000800028FA (0x24A0B823) sd a0, 0x250(ra)
mem[0x0000000080005C48] <- 0x0000000000000004
mem[X,0x00000000800028FE] -> 0x0513
mem[X,0x0000000080002900] -> 0x0010
[2822] [M]: 0x00000000800028FE (0x00100513) addi a0, zero, 0x1
x10 <- 0x0000000000000001
mem[X,0x0000000080002902] -> 0x1513
mem[X,0x0000000080002904] -> 0x0255
[2823] [M]: 0x0000000080002902 (0x02551513) slli a0, a0, 0x25
x10 <- 0x0000002000000000
mem[X,0x0000000080002906] -> 0x2511
[2824] [M]: 0x0000000080002906 (0x2511) c.addiw a0, 0x4
x10 <- 0x0000000000000004
mem[X,0x0000000080002908] -> 0xBC23
mem[X,0x000000008000290A] -> 0x24A0
[2825] [M]: 0x0000000080002908 (0x24A0BC23) sd a0, 0x258(ra)
mem[0x0000000080005C50] <- 0x0000000000000004
mem[X,0x000000008000290C] -> 0x0513
mem[X,0x000000008000290E] -> 0x0010
[2826] [M]: 0x000000008000290C (0x00100513) addi a0, zero, 0x1
x10 <- 0x0000000000000001
mem[X,0x0000000080002910] -> 0x1513
mem[X,0x0000000080002912] -> 0x0265
[2827] [M]: 0x0000000080002910 (0x02651513) slli a0, a0, 0x26
x10 <- 0x0000004000000000
mem[X,0x0000000080002914] -> 0x253D
[2828] [M]: 0x0000000080002914 (0x253D) c.addiw a0, 0xf
x10 <- 0x000000000000000F
mem[X,0x0000000080002916] -> 0xB023
mem[X,0x0000000080002918] -> 0x26A0
[2829] [M]: 0x0000000080002916 (0x26A0B023) sd a0, 0x260(ra)
mem[0x0000000080005C58] <- 0x000000000000000F
mem[X,0x000000008000291A] -> 0x0513
mem[X,0x000000008000291C] -> 0x0010
[2830] [M]: 0x000000008000291A (0x00100513) addi a0, zero, 0x1
x10 <- 0x0000000000000001
mem[X,0x000000008000291E] -> 0x1513
mem[X,0x0000000080002920] -> 0x0275
[2831] [M]: 0x000000008000291E (0x02751513) slli a0, a0, 0x27
x10 <- 0x0000008000000000
mem[X,0x0000000080002922] -> 0x2541
[2832] [M]: 0x0000000080002922 (0x2541) c.addiw a0, 0x10
x10 <- 0x0000000000000010
mem[X,0x0000000080002924] -> 0xB423
mem[X,0x0000000080002926] -> 0x26A0
[2833] [M]: 0x0000000080002924 (0x26A0B423) sd a0, 0x268(ra)
mem[0x0000000080005C60] <- 0x0000000000000010
mem[X,0x0000000080002928] -> 0x0513
mem[X,0x000000008000292A] -> 0x0010
[2834] [M]: 0x0000000080002928 (0x00100513) addi a0, zero, 0x1
x10 <- 0x0000000000000001
mem[X,0x000000008000292C] -> 0x1513
mem[X,0x000000008000292E] -> 0x0285
[2835] [M]: 0x000000008000292C (0x02851513) slli a0, a0, 0x28
x10 <- 0x0000010000000000
mem[X,0x0000000080002930] -> 0x2515
[2836] [M]: 0x0000000080002930 (0x2515) c.addiw a0, 0x5
x10 <- 0x0000000000000005
mem[X,0x0000000080002932] -> 0xB823
mem[X,0x0000000080002934] -> 0x26A0
[2837] [M]: 0x0000000080002932 (0x26A0B823) sd a0, 0x270(ra)
mem[0x0000000080005C68] <- 0x0000000000000005
mem[X,0x0000000080002936] -> 0x0513
mem[X,0x0000000080002938] -> 0x0010
[2838] [M]: 0x0000000080002936 (0x00100513) addi a0, zero, 0x1
x10 <- 0x0000000000000001
mem[X,0x000000008000293A] -> 0x1513
mem[X,0x000000008000293C] -> 0x0295
[2839] [M]: 0x000000008000293A (0x02951513) slli a0, a0, 0x29
x10 <- 0x0000020000000000
mem[X,0x000000008000293E] -> 0x253D
[2840] [M]: 0x000000008000293E (0x253D) c.addiw a0, 0xf
x10 <- 0x000000000000000F
mem[X,0x0000000080002940] -> 0xBC23
mem[X,0x0000000080002942] -> 0x26A0
[2841] [M]: 0x0000000080002940 (0x26A0BC23) sd a0, 0x278(ra)
mem[0x0000000080005C70] <- 0x000000000000000F
mem[X,0x0000000080002944] -> 0x0513
mem[X,0x0000000080002946] -> 0x0010
[2842] [M]: 0x0000000080002944 (0x00100513) addi a0, zero, 0x1
x10 <- 0x0000000000000001
mem[X,0x0000000080002948] -> 0x1513
mem[X,0x000000008000294A] -> 0x02A5
[2843] [M]: 0x0000000080002948 (0x02A51513) slli a0, a0, 0x2a
x10 <- 0x0000040000000000
mem[X,0x000000008000294C] -> 0x2509
[2844] [M]: 0x000000008000294C (0x2509) c.addiw a0, 0x2
x10 <- 0x0000000000000002
mem[X,0x000000008000294E] -> 0xB023
mem[X,0x0000000080002950] -> 0x28A0
[2845] [M]: 0x000000008000294E (0x28A0B023) sd a0, 0x280(ra)
mem[0x0000000080005C78] <- 0x0000000000000002
mem[X,0x0000000080002952] -> 0x0513
mem[X,0x0000000080002954] -> 0x0010
[2846] [M]: 0x0000000080002952 (0x00100513) addi a0, zero, 0x1
x10 <- 0x0000000000000001
mem[X,0x0000000080002956] -> 0x1513
mem[X,0x0000000080002958] -> 0x02B5
[2847] [M]: 0x0000000080002956 (0x02B51513) slli a0, a0, 0x2b
x10 <- 0x0000080000000000
mem[X,0x000000008000295A] -> 0x3561
[2848] [M]: 0x000000008000295A (0x3561) c.addiw a0, -0x8
x10 <- 0xFFFFFFFFFFFFFFF8
mem[X,0x000000008000295C] -> 0xB423
mem[X,0x000000008000295E] -> 0x28A0
[2849] [M]: 0x000000008000295C (0x28A0B423) sd a0, 0x288(ra)
mem[0x0000000080005C80] <- 0xFFFFFFFFFFFFFFF8
mem[X,0x0000000080002960] -> 0x0513
mem[X,0x0000000080002962] -> 0x0010
[2850] [M]: 0x0000000080002960 (0x00100513) addi a0, zero, 0x1
x10 <- 0x0000000000000001
mem[X,0x0000000080002964] -> 0x1513
mem[X,0x0000000080002966] -> 0x02C5
[2851] [M]: 0x0000000080002964 (0x02C51513) slli a0, a0, 0x2c
x10 <- 0x0000100000000000
mem[X,0x0000000080002968] -> 0x2515
[2852] [M]: 0x0000000080002968 (0x2515) c.addiw a0, 0x5
x10 <- 0x0000000000000005
mem[X,0x000000008000296A] -> 0xB823
mem[X,0x000000008000296C] -> 0x28A0
[2853] [M]: 0x000000008000296A (0x28A0B823) sd a0, 0x290(ra)
mem[0x0000000080005C88] <- 0x0000000000000005
mem[X,0x000000008000296E] -> 0x0513
mem[X,0x0000000080002970] -> 0x0010
[2854] [M]: 0x000000008000296E (0x00100513) addi a0, zero, 0x1
x10 <- 0x0000000000000001
mem[X,0x0000000080002972] -> 0x1513
mem[X,0x0000000080002974] -> 0x02D5
[2855] [M]: 0x0000000080002972 (0x02D51513) slli a0, a0, 0x2d
x10 <- 0x0000200000000000
mem[X,0x0000000080002976] -> 0x3559
[2856] [M]: 0x0000000080002976 (0x3559) c.addiw a0, -0xa
x10 <- 0xFFFFFFFFFFFFFFF6
mem[X,0x0000000080002978] -> 0xBC23
mem[X,0x000000008000297A] -> 0x28A0
[2857] [M]: 0x0000000080002978 (0x28A0BC23) sd a0, 0x298(ra)
mem[0x0000000080005C90] <- 0xFFFFFFFFFFFFFFF6
mem[X,0x000000008000297C] -> 0x0513
mem[X,0x000000008000297E] -> 0x0010
[2858] [M]: 0x000000008000297C (0x00100513) addi a0, zero, 0x1
x10 <- 0x0000000000000001
mem[X,0x0000000080002980] -> 0x1513
mem[X,0x0000000080002982] -> 0x02E5
[2859] [M]: 0x0000000080002980 (0x02E51513) slli a0, a0, 0x2e
x10 <- 0x0000400000000000
mem[X,0x0000000080002984] -> 0x2541
[2860] [M]: 0x0000000080002984 (0x2541) c.addiw a0, 0x10
x10 <- 0x0000000000000010
mem[X,0x0000000080002986] -> 0xB023
mem[X,0x0000000080002988] -> 0x2AA0
[2861] [M]: 0x0000000080002986 (0x2AA0B023) sd a0, 0x2a0(ra)
mem[0x0000000080005C98] <- 0x0000000000000010
mem[X,0x000000008000298A] -> 0x0513
mem[X,0x000000008000298C] -> 0x0010
[2862] [M]: 0x000000008000298A (0x00100513) addi a0, zero, 0x1
x10 <- 0x0000000000000001
mem[X,0x000000008000298E] -> 0x1513
mem[X,0x0000000080002990] -> 0x02F5
[2863] [M]: 0x000000008000298E (0x02F51513) slli a0, a0, 0x2f
x10 <- 0x0000800000000000
mem[X,0x0000000080002992] -> 0x2515
[2864] [M]: 0x0000000080002992 (0x2515) c.addiw a0, 0x5
x10 <- 0x0000000000000005
mem[X,0x0000000080002994] -> 0xB423
mem[X,0x0000000080002996] -> 0x2AA0
[2865] [M]: 0x0000000080002994 (0x2AA0B423) sd a0, 0x2a8(ra)
mem[0x0000000080005CA0] <- 0x0000000000000005
mem[X,0x0000000080002998] -> 0x0513
mem[X,0x000000008000299A] -> 0x0010
[2866] [M]: 0x0000000080002998 (0x00100513) addi a0, zero, 0x1
x10 <- 0x0000000000000001
mem[X,0x000000008000299C] -> 0x1513
mem[X,0x000000008000299E] -> 0x0305
[2867] [M]: 0x000000008000299C (0x03051513) slli a0, a0, 0x30
x10 <- 0x0001000000000000
mem[X,0x00000000800029A0] -> 0x2519
[2868] [M]: 0x00000000800029A0 (0x2519) c.addiw a0, 0x6
x10 <- 0x0000000000000006
mem[X,0x00000000800029A2] -> 0xB823
mem[X,0x00000000800029A4] -> 0x2AA0
[2869] [M]: 0x00000000800029A2 (0x2AA0B823) sd a0, 0x2b0(ra)
mem[0x0000000080005CA8] <- 0x0000000000000006
mem[X,0x00000000800029A6] -> 0x0513
mem[X,0x00000000800029A8] -> 0x0010
[2870] [M]: 0x00000000800029A6 (0x00100513) addi a0, zero, 0x1
x10 <- 0x0000000000000001
mem[X,0x00000000800029AA] -> 0x1513
mem[X,0x00000000800029AC] -> 0x0315
[2871] [M]: 0x00000000800029AA (0x03151513) slli a0, a0, 0x31
x10 <- 0x0002000000000000
mem[X,0x00000000800029AE] -> 0x3565
[2872] [M]: 0x00000000800029AE (0x3565) c.addiw a0, -0x7
x10 <- 0xFFFFFFFFFFFFFFF9
mem[X,0x00000000800029B0] -> 0xBC23
mem[X,0x00000000800029B2] -> 0x2AA0
[2873] [M]: 0x00000000800029B0 (0x2AA0BC23) sd a0, 0x2b8(ra)
mem[0x0000000080005CB0] <- 0xFFFFFFFFFFFFFFF9
mem[X,0x00000000800029B4] -> 0x0513
mem[X,0x00000000800029B6] -> 0x0010
[2874] [M]: 0x00000000800029B4 (0x00100513) addi a0, zero, 0x1
x10 <- 0x0000000000000001
mem[X,0x00000000800029B8] -> 0x1513
mem[X,0x00000000800029BA] -> 0x0335
[2875] [M]: 0x00000000800029B8 (0x03351513) slli a0, a0, 0x33
x10 <- 0x0008000000000000
mem[X,0x00000000800029BC] -> 0x252D
[2876] [M]: 0x00000000800029BC (0x252D) c.addiw a0, 0xb
x10 <- 0x000000000000000B
mem[X,0x00000000800029BE] -> 0xB023
mem[X,0x00000000800029C0] -> 0x2CA0
[2877] [M]: 0x00000000800029BE (0x2CA0B023) sd a0, 0x2c0(ra)
mem[0x0000000080005CB8] <- 0x000000000000000B
mem[X,0x00000000800029C2] -> 0x0513
mem[X,0x00000000800029C4] -> 0x0010
[2878] [M]: 0x00000000800029C2 (0x00100513) addi a0, zero, 0x1
x10 <- 0x0000000000000001
mem[X,0x00000000800029C6] -> 0x1513
mem[X,0x00000000800029C8] -> 0x0345
[2879] [M]: 0x00000000800029C6 (0x03451513) slli a0, a0, 0x34
x10 <- 0x0010000000000000
mem[X,0x00000000800029CA] -> 0x2511
[2880] [M]: 0x00000000800029CA (0x2511) c.addiw a0, 0x4
x10 <- 0x0000000000000004
mem[X,0x00000000800029CC] -> 0xB423
mem[X,0x00000000800029CE] -> 0x2CA0
[2881] [M]: 0x00000000800029CC (0x2CA0B423) sd a0, 0x2c8(ra)
mem[0x0000000080005CC0] <- 0x0000000000000004
mem[X,0x00000000800029D0] -> 0x0513
mem[X,0x00000000800029D2] -> 0x0010
[2882] [M]: 0x00000000800029D0 (0x00100513) addi a0, zero, 0x1
x10 <- 0x0000000000000001
mem[X,0x00000000800029D4] -> 0x1513
mem[X,0x00000000800029D6] -> 0x0355
[2883] [M]: 0x00000000800029D4 (0x03551513) slli a0, a0, 0x35
x10 <- 0x0020000000000000
mem[X,0x00000000800029D8] -> 0x251D
[2884] [M]: 0x00000000800029D8 (0x251D) c.addiw a0, 0x7
x10 <- 0x0000000000000007
mem[X,0x00000000800029DA] -> 0xB823
mem[X,0x00000000800029DC] -> 0x2CA0
[2885] [M]: 0x00000000800029DA (0x2CA0B823) sd a0, 0x2d0(ra)
mem[0x0000000080005CC8] <- 0x0000000000000007
mem[X,0x00000000800029DE] -> 0x0513
mem[X,0x00000000800029E0] -> 0x0010
[2886] [M]: 0x00000000800029DE (0x00100513) addi a0, zero, 0x1
x10 <- 0x0000000000000001
mem[X,0x00000000800029E2] -> 0x1513
mem[X,0x00000000800029E4] -> 0x0365
[2887] [M]: 0x00000000800029E2 (0x03651513) slli a0, a0, 0x36
x10 <- 0x0040000000000000
mem[X,0x00000000800029E6] -> 0x257D
[2888] [M]: 0x00000000800029E6 (0x257D) c.addiw a0, 0x1f
x10 <- 0x000000000000001F
mem[X,0x00000000800029E8] -> 0xBC23
mem[X,0x00000000800029EA] -> 0x2CA0
[2889] [M]: 0x00000000800029E8 (0x2CA0BC23) sd a0, 0x2d8(ra)
mem[0x0000000080005CD0] <- 0x000000000000001F
mem[X,0x00000000800029EC] -> 0x0513
mem[X,0x00000000800029EE] -> 0x0010
[2890] [M]: 0x00000000800029EC (0x00100513) addi a0, zero, 0x1
x10 <- 0x0000000000000001
mem[X,0x00000000800029F0] -> 0x1513
mem[X,0x00000000800029F2] -> 0x0375
[2891] [M]: 0x00000000800029F0 (0x03751513) slli a0, a0, 0x37
x10 <- 0x0080000000000000
mem[X,0x00000000800029F4] -> 0x2511
[2892] [M]: 0x00000000800029F4 (0x2511) c.addiw a0, 0x4
x10 <- 0x0000000000000004
mem[X,0x00000000800029F6] -> 0xB023
mem[X,0x00000000800029F8] -> 0x2EA0
[2893] [M]: 0x00000000800029F6 (0x2EA0B023) sd a0, 0x2e0(ra)
mem[0x0000000080005CD8] <- 0x0000000000000004
mem[X,0x00000000800029FA] -> 0x0513
mem[X,0x00000000800029FC] -> 0x0010
[2894] [M]: 0x00000000800029FA (0x00100513) addi a0, zero, 0x1
x10 <- 0x0000000000000001
mem[X,0x00000000800029FE] -> 0x1513
mem[X,0x0000000080002A00] -> 0x0385
[2895] [M]: 0x00000000800029FE (0x03851513) slli a0, a0, 0x38
x10 <- 0x0100000000000000
mem[X,0x0000000080002A02] -> 0x2515
[2896] [M]: 0x0000000080002A02 (0x2515) c.addiw a0, 0x5
x10 <- 0x0000000000000005
mem[X,0x0000000080002A04] -> 0xB423
mem[X,0x0000000080002A06] -> 0x2EA0
[2897] [M]: 0x0000000080002A04 (0x2EA0B423) sd a0, 0x2e8(ra)
mem[0x0000000080005CE0] <- 0x0000000000000005
mem[X,0x0000000080002A08] -> 0x0513
mem[X,0x0000000080002A0A] -> 0x0010
[2898] [M]: 0x0000000080002A08 (0x00100513) addi a0, zero, 0x1
x10 <- 0x0000000000000001
mem[X,0x0000000080002A0C] -> 0x1513
mem[X,0x0000000080002A0E] -> 0x03A5
[2899] [M]: 0x0000000080002A0C (0x03A51513) slli a0, a0, 0x3a
x10 <- 0x0400000000000000
clint::tick mtime <- 0x000000000000001D
 clint timer pending at mtime 0x000000000000001D
htif::tick 0x0000000000000000
mem[X,0x0000000080002A10] -> 0x2509
[2900] [M]: 0x0000000080002A10 (0x2509) c.addiw a0, 0x2
x10 <- 0x0000000000000002
mem[X,0x0000000080002A12] -> 0xB823
mem[X,0x0000000080002A14] -> 0x2EA0
[2901] [M]: 0x0000000080002A12 (0x2EA0B823) sd a0, 0x2f0(ra)
mem[0x0000000080005CE8] <- 0x0000000000000002
mem[X,0x0000000080002A16] -> 0x0513
mem[X,0x0000000080002A18] -> 0x0010
[2902] [M]: 0x0000000080002A16 (0x00100513) addi a0, zero, 0x1
x10 <- 0x0000000000000001
mem[X,0x0000000080002A1A] -> 0x1513
mem[X,0x0000000080002A1C] -> 0x03B5
[2903] [M]: 0x0000000080002A1A (0x03B51513) slli a0, a0, 0x3b
x10 <- 0x0800000000000000
mem[X,0x0000000080002A1E] -> 0x2555
[2904] [M]: 0x0000000080002A1E (0x2555) c.addiw a0, 0x15
x10 <- 0x0000000000000015
mem[X,0x0000000080002A20] -> 0xBC23
mem[X,0x0000000080002A22] -> 0x2EA0
[2905] [M]: 0x0000000080002A20 (0x2EA0BC23) sd a0, 0x2f8(ra)
mem[0x0000000080005CF0] <- 0x0000000000000015
mem[X,0x0000000080002A24] -> 0x0513
mem[X,0x0000000080002A26] -> 0x0010
[2906] [M]: 0x0000000080002A24 (0x00100513) addi a0, zero, 0x1
x10 <- 0x0000000000000001
mem[X,0x0000000080002A28] -> 0x1513
mem[X,0x0000000080002A2A] -> 0x03C5
[2907] [M]: 0x0000000080002A28 (0x03C51513) slli a0, a0, 0x3c
x10 <- 0x1000000000000000
mem[X,0x0000000080002A2C] -> 0x3501
[2908] [M]: 0x0000000080002A2C (0x3501) c.addiw a0, -0x20
x10 <- 0xFFFFFFFFFFFFFFE0
mem[X,0x0000000080002A2E] -> 0xB023
mem[X,0x0000000080002A30] -> 0x30A0
[2909] [M]: 0x0000000080002A2E (0x30A0B023) sd a0, 0x300(ra)
mem[0x0000000080005CF8] <- 0xFFFFFFFFFFFFFFE0
mem[X,0x0000000080002A32] -> 0x0513
mem[X,0x0000000080002A34] -> 0x0010
[2910] [M]: 0x0000000080002A32 (0x00100513) addi a0, zero, 0x1
x10 <- 0x0000000000000001
mem[X,0x0000000080002A36] -> 0x1513
mem[X,0x0000000080002A38] -> 0x03D5
[2911] [M]: 0x0000000080002A36 (0x03D51513) slli a0, a0, 0x3d
x10 <- 0x2000000000000000
mem[X,0x0000000080002A3A] -> 0x3559
[2912] [M]: 0x0000000080002A3A (0x3559) c.addiw a0, -0xa
x10 <- 0xFFFFFFFFFFFFFFF6
mem[X,0x0000000080002A3C] -> 0xB423
mem[X,0x0000000080002A3E] -> 0x30A0
[2913] [M]: 0x0000000080002A3C (0x30A0B423) sd a0, 0x308(ra)
mem[0x0000000080005D00] <- 0xFFFFFFFFFFFFFFF6
mem[X,0x0000000080002A40] -> 0x0513
mem[X,0x0000000080002A42] -> 0x0010
[2914] [M]: 0x0000000080002A40 (0x00100513) addi a0, zero, 0x1
x10 <- 0x0000000000000001
mem[X,0x0000000080002A44] -> 0x1513
mem[X,0x0000000080002A46] -> 0x03E5
[2915] [M]: 0x0000000080002A44 (0x03E51513) slli a0, a0, 0x3e
x10 <- 0x4000000000000000
mem[X,0x0000000080002A48] -> 0x251D
[2916] [M]: 0x0000000080002A48 (0x251D) c.addiw a0, 0x7
x10 <- 0x0000000000000007
mem[X,0x0000000080002A4A] -> 0xB823
mem[X,0x0000000080002A4C] -> 0x30A0
[2917] [M]: 0x0000000080002A4A (0x30A0B823) sd a0, 0x310(ra)
mem[0x0000000080005D08] <- 0x0000000000000007
mem[X,0x0000000080002A4E] -> 0x0513
mem[X,0x0000000080002A50] -> 0xFFE0
[2918] [M]: 0x0000000080002A4E (0xFFE00513) addi a0, zero, -0x2
x10 <- 0xFFFFFFFFFFFFFFFE
mem[X,0x0000000080002A52] -> 0x3571
[2919] [M]: 0x0000000080002A52 (0x3571) c.addiw a0, -0x4
x10 <- 0xFFFFFFFFFFFFFFFA
mem[X,0x0000000080002A54] -> 0xBC23
mem[X,0x0000000080002A56] -> 0x30A0
[2920] [M]: 0x0000000080002A54 (0x30A0BC23) sd a0, 0x318(ra)
mem[0x0000000080005D10] <- 0xFFFFFFFFFFFFFFFA
mem[X,0x0000000080002A58] -> 0x0513
mem[X,0x0000000080002A5A] -> 0xFFD0
[2921] [M]: 0x0000000080002A58 (0xFFD00513) addi a0, zero, -0x3
x10 <- 0xFFFFFFFFFFFFFFFD
mem[X,0x0000000080002A5C] -> 0x2501
[2922] [M]: 0x0000000080002A5C (0x2501) c.addiw a0, 0x0
x10 <- 0xFFFFFFFFFFFFFFFD
mem[X,0x0000000080002A5E] -> 0xB023
mem[X,0x0000000080002A60] -> 0x32A0
[2923] [M]: 0x0000000080002A5E (0x32A0B023) sd a0, 0x320(ra)
mem[0x0000000080005D18] <- 0xFFFFFFFFFFFFFFFD
mem[X,0x0000000080002A62] -> 0x0513
mem[X,0x0000000080002A64] -> 0xFFB0
[2924] [M]: 0x0000000080002A62 (0xFFB00513) addi a0, zero, -0x5
x10 <- 0xFFFFFFFFFFFFFFFB
mem[X,0x0000000080002A66] -> 0x2511
[2925] [M]: 0x0000000080002A66 (0x2511) c.addiw a0, 0x4
x10 <- 0xFFFFFFFFFFFFFFFF
mem[X,0x0000000080002A68] -> 0xB423
mem[X,0x0000000080002A6A] -> 0x32A0
[2926] [M]: 0x0000000080002A68 (0x32A0B423) sd a0, 0x328(ra)
mem[0x0000000080005D20] <- 0xFFFFFFFFFFFFFFFF
mem[X,0x0000000080002A6C] -> 0x0513
mem[X,0x0000000080002A6E] -> 0xFEF0
[2927] [M]: 0x0000000080002A6C (0xFEF00513) addi a0, zero, -0x11
x10 <- 0xFFFFFFFFFFFFFFEF
mem[X,0x0000000080002A70] -> 0x2505
[2928] [M]: 0x0000000080002A70 (0x2505) c.addiw a0, 0x1
x10 <- 0xFFFFFFFFFFFFFFF0
mem[X,0x0000000080002A72] -> 0xB823
mem[X,0x0000000080002A74] -> 0x32A0
[2929] [M]: 0x0000000080002A72 (0x32A0B823) sd a0, 0x330(ra)
mem[0x0000000080005D28] <- 0xFFFFFFFFFFFFFFF0
mem[X,0x0000000080002A76] -> 0x0513
mem[X,0x0000000080002A78] -> 0xFDF0
[2930] [M]: 0x0000000080002A76 (0xFDF00513) addi a0, zero, -0x21
x10 <- 0xFFFFFFFFFFFFFFDF
mem[X,0x0000000080002A7A] -> 0x3579
[2931] [M]: 0x0000000080002A7A (0x3579) c.addiw a0, -0x2
x10 <- 0xFFFFFFFFFFFFFFDD
mem[X,0x0000000080002A7C] -> 0xBC23
mem[X,0x0000000080002A7E] -> 0x32A0
[2932] [M]: 0x0000000080002A7C (0x32A0BC23) sd a0, 0x338(ra)
mem[0x0000000080005D30] <- 0xFFFFFFFFFFFFFFDD
mem[X,0x0000000080002A80] -> 0x0513
mem[X,0x0000000080002A82] -> 0xFBF0
[2933] [M]: 0x0000000080002A80 (0xFBF00513) addi a0, zero, -0x41
x10 <- 0xFFFFFFFFFFFFFFBF
mem[X,0x0000000080002A84] -> 0x2511
[2934] [M]: 0x0000000080002A84 (0x2511) c.addiw a0, 0x4
x10 <- 0xFFFFFFFFFFFFFFC3
mem[X,0x0000000080002A86] -> 0xB023
mem[X,0x0000000080002A88] -> 0x34A0
[2935] [M]: 0x0000000080002A86 (0x34A0B023) sd a0, 0x340(ra)
mem[0x0000000080005D38] <- 0xFFFFFFFFFFFFFFC3
mem[X,0x0000000080002A8A] -> 0x0513
mem[X,0x0000000080002A8C] -> 0xF7F0
[2936] [M]: 0x0000000080002A8A (0xF7F00513) addi a0, zero, -0x81
x10 <- 0xFFFFFFFFFFFFFF7F
mem[X,0x0000000080002A8E] -> 0x2509
[2937] [M]: 0x0000000080002A8E (0x2509) c.addiw a0, 0x2
x10 <- 0xFFFFFFFFFFFFFF81
mem[X,0x0000000080002A90] -> 0xB423
mem[X,0x0000000080002A92] -> 0x34A0
[2938] [M]: 0x0000000080002A90 (0x34A0B423) sd a0, 0x348(ra)
mem[0x0000000080005D40] <- 0xFFFFFFFFFFFFFF81
mem[X,0x0000000080002A94] -> 0x0513
mem[X,0x0000000080002A96] -> 0xEFF0
[2939] [M]: 0x0000000080002A94 (0xEFF00513) addi a0, zero, -0x101
x10 <- 0xFFFFFFFFFFFFFEFF
mem[X,0x0000000080002A98] -> 0x253D
[2940] [M]: 0x0000000080002A98 (0x253D) c.addiw a0, 0xf
x10 <- 0xFFFFFFFFFFFFFF0E
mem[X,0x0000000080002A9A] -> 0xB823
mem[X,0x0000000080002A9C] -> 0x34A0
[2941] [M]: 0x0000000080002A9A (0x34A0B823) sd a0, 0x350(ra)
mem[0x0000000080005D48] <- 0xFFFFFFFFFFFFFF0E
mem[X,0x0000000080002A9E] -> 0x0513
mem[X,0x0000000080002AA0] -> 0xBFF0
[2942] [M]: 0x0000000080002A9E (0xBFF00513) addi a0, zero, -0x401
x10 <- 0xFFFFFFFFFFFFFBFF
mem[X,0x0000000080002AA2] -> 0x3529
[2943] [M]: 0x0000000080002AA2 (0x3529) c.addiw a0, -0x16
x10 <- 0xFFFFFFFFFFFFFBE9
mem[X,0x0000000080002AA4] -> 0xBC23
mem[X,0x0000000080002AA6] -> 0x34A0
[2944] [M]: 0x0000000080002AA4 (0x34A0BC23) sd a0, 0x358(ra)
mem[0x0000000080005D50] <- 0xFFFFFFFFFFFFFBE9
mem[X,0x0000000080002AA8] -> 0x0513
mem[X,0x0000000080002AAA] -> 0x0010
[2945] [M]: 0x0000000080002AA8 (0x00100513) addi a0, zero, 0x1
x10 <- 0x0000000000000001
mem[X,0x0000000080002AAC] -> 0x1513
mem[X,0x0000000080002AAE] -> 0x00B5
[2946] [M]: 0x0000000080002AAC (0x00B51513) slli a0, a0, 0xb
x10 <- 0x0000000000000800
mem[X,0x0000000080002AB0] -> 0x4513
mem[X,0x0000000080002AB2] -> 0xFFF5
[2947] [M]: 0x0000000080002AB0 (0xFFF54513) xori a0, a0, -0x1
x10 <- 0xFFFFFFFFFFFFF7FF
mem[X,0x0000000080002AB4] -> 0x2509
[2948] [M]: 0x0000000080002AB4 (0x2509) c.addiw a0, 0x2
x10 <- 0xFFFFFFFFFFFFF801
mem[X,0x0000000080002AB6] -> 0xB023
mem[X,0x0000000080002AB8] -> 0x36A0
[2949] [M]: 0x0000000080002AB6 (0x36A0B023) sd a0, 0x360(ra)
mem[0x0000000080005D58] <- 0xFFFFFFFFFFFFF801
mem[X,0x0000000080002ABA] -> 0x0513
mem[X,0x0000000080002ABC] -> 0x0010
[2950] [M]: 0x0000000080002ABA (0x00100513) addi a0, zero, 0x1
x10 <- 0x0000000000000001
mem[X,0x0000000080002ABE] -> 0x1513
mem[X,0x0000000080002AC0] -> 0x00D5
[2951] [M]: 0x0000000080002ABE (0x00D51513) slli a0, a0, 0xd
x10 <- 0x0000000000002000
mem[X,0x0000000080002AC2] -> 0x4513
mem[X,0x0000000080002AC4] -> 0xFFF5
[2952] [M]: 0x0000000080002AC2 (0xFFF54513) xori a0, a0, -0x1
x10 <- 0xFFFFFFFFFFFFDFFF
mem[X,0x0000000080002AC6] -> 0x257D
[2953] [M]: 0x0000000080002AC6 (0x257D) c.addiw a0, 0x1f
x10 <- 0xFFFFFFFFFFFFE01E
mem[X,0x0000000080002AC8] -> 0xB423
mem[X,0x0000000080002ACA] -> 0x36A0
[2954] [M]: 0x0000000080002AC8 (0x36A0B423) sd a0, 0x368(ra)
mem[0x0000000080005D60] <- 0xFFFFFFFFFFFFE01E
mem[X,0x0000000080002ACC] -> 0x0513
mem[X,0x0000000080002ACE] -> 0x0010
[2955] [M]: 0x0000000080002ACC (0x00100513) addi a0, zero, 0x1
x10 <- 0x0000000000000001
mem[X,0x0000000080002AD0] -> 0x1513
mem[X,0x0000000080002AD2] -> 0x00E5
[2956] [M]: 0x0000000080002AD0 (0x00E51513) slli a0, a0, 0xe
x10 <- 0x0000000000004000
mem[X,0x0000000080002AD4] -> 0x4513
mem[X,0x0000000080002AD6] -> 0xFFF5
[2957] [M]: 0x0000000080002AD4 (0xFFF54513) xori a0, a0, -0x1
x10 <- 0xFFFFFFFFFFFFBFFF
mem[X,0x0000000080002AD8] -> 0x2511
[2958] [M]: 0x0000000080002AD8 (0x2511) c.addiw a0, 0x4
x10 <- 0xFFFFFFFFFFFFC003
mem[X,0x0000000080002ADA] -> 0xB823
mem[X,0x0000000080002ADC] -> 0x36A0
[2959] [M]: 0x0000000080002ADA (0x36A0B823) sd a0, 0x370(ra)
mem[0x0000000080005D68] <- 0xFFFFFFFFFFFFC003
mem[X,0x0000000080002ADE] -> 0x0513
mem[X,0x0000000080002AE0] -> 0x0010
[2960] [M]: 0x0000000080002ADE (0x00100513) addi a0, zero, 0x1
x10 <- 0x0000000000000001
mem[X,0x0000000080002AE2] -> 0x1513
mem[X,0x0000000080002AE4] -> 0x00F5
[2961] [M]: 0x0000000080002AE2 (0x00F51513) slli a0, a0, 0xf
x10 <- 0x0000000000008000
mem[X,0x0000000080002AE6] -> 0x4513
mem[X,0x0000000080002AE8] -> 0xFFF5
[2962] [M]: 0x0000000080002AE6 (0xFFF54513) xori a0, a0, -0x1
x10 <- 0xFFFFFFFFFFFF7FFF
mem[X,0x0000000080002AEA] -> 0x2501
[2963] [M]: 0x0000000080002AEA (0x2501) c.addiw a0, 0x0
x10 <- 0xFFFFFFFFFFFF7FFF
mem[X,0x0000000080002AEC] -> 0xBC23
mem[X,0x0000000080002AEE] -> 0x36A0
[2964] [M]: 0x0000000080002AEC (0x36A0BC23) sd a0, 0x378(ra)
mem[0x0000000080005D70] <- 0xFFFFFFFFFFFF7FFF
mem[X,0x0000000080002AF0] -> 0x0513
mem[X,0x0000000080002AF2] -> 0x0010
[2965] [M]: 0x0000000080002AF0 (0x00100513) addi a0, zero, 0x1
x10 <- 0x0000000000000001
mem[X,0x0000000080002AF4] -> 0x1513
mem[X,0x0000000080002AF6] -> 0x0105
[2966] [M]: 0x0000000080002AF4 (0x01051513) slli a0, a0, 0x10
x10 <- 0x0000000000010000
mem[X,0x0000000080002AF8] -> 0x4513
mem[X,0x0000000080002AFA] -> 0xFFF5
[2967] [M]: 0x0000000080002AF8 (0xFFF54513) xori a0, a0, -0x1
x10 <- 0xFFFFFFFFFFFEFFFF
mem[X,0x0000000080002AFC] -> 0x2511
[2968] [M]: 0x0000000080002AFC (0x2511) c.addiw a0, 0x4
x10 <- 0xFFFFFFFFFFFF0003
mem[X,0x0000000080002AFE] -> 0xB023
mem[X,0x0000000080002B00] -> 0x38A0
[2969] [M]: 0x0000000080002AFE (0x38A0B023) sd a0, 0x380(ra)
mem[0x0000000080005D78] <- 0xFFFFFFFFFFFF0003
mem[X,0x0000000080002B02] -> 0x0513
mem[X,0x0000000080002B04] -> 0x0010
[2970] [M]: 0x0000000080002B02 (0x00100513) addi a0, zero, 0x1
x10 <- 0x0000000000000001
mem[X,0x0000000080002B06] -> 0x1513
mem[X,0x0000000080002B08] -> 0x0115
[2971] [M]: 0x0000000080002B06 (0x01151513) slli a0, a0, 0x11
x10 <- 0x0000000000020000
mem[X,0x0000000080002B0A] -> 0x4513
mem[X,0x0000000080002B0C] -> 0xFFF5
[2972] [M]: 0x0000000080002B0A (0xFFF54513) xori a0, a0, -0x1
x10 <- 0xFFFFFFFFFFFDFFFF
mem[X,0x0000000080002B0E] -> 0x2515
[2973] [M]: 0x0000000080002B0E (0x2515) c.addiw a0, 0x5
x10 <- 0xFFFFFFFFFFFE0004
mem[X,0x0000000080002B10] -> 0xB423
mem[X,0x0000000080002B12] -> 0x38A0
[2974] [M]: 0x0000000080002B10 (0x38A0B423) sd a0, 0x388(ra)
mem[0x0000000080005D80] <- 0xFFFFFFFFFFFE0004
mem[X,0x0000000080002B14] -> 0x0513
mem[X,0x0000000080002B16] -> 0x0010
[2975] [M]: 0x0000000080002B14 (0x00100513) addi a0, zero, 0x1
x10 <- 0x0000000000000001
mem[X,0x0000000080002B18] -> 0x1513
mem[X,0x0000000080002B1A] -> 0x0125
[2976] [M]: 0x0000000080002B18 (0x01251513) slli a0, a0, 0x12
x10 <- 0x0000000000040000
mem[X,0x0000000080002B1C] -> 0x4513
mem[X,0x0000000080002B1E] -> 0xFFF5
[2977] [M]: 0x0000000080002B1C (0xFFF54513) xori a0, a0, -0x1
x10 <- 0xFFFFFFFFFFFBFFFF
mem[X,0x0000000080002B20] -> 0x2529
[2978] [M]: 0x0000000080002B20 (0x2529) c.addiw a0, 0xa
x10 <- 0xFFFFFFFFFFFC0009
mem[X,0x0000000080002B22] -> 0xB823
mem[X,0x0000000080002B24] -> 0x38A0
[2979] [M]: 0x0000000080002B22 (0x38A0B823) sd a0, 0x390(ra)
mem[0x0000000080005D88] <- 0xFFFFFFFFFFFC0009
mem[X,0x0000000080002B26] -> 0x0513
mem[X,0x0000000080002B28] -> 0x0010
[2980] [M]: 0x0000000080002B26 (0x00100513) addi a0, zero, 0x1
x10 <- 0x0000000000000001
mem[X,0x0000000080002B2A] -> 0x1513
mem[X,0x0000000080002B2C] -> 0x0135
[2981] [M]: 0x0000000080002B2A (0x01351513) slli a0, a0, 0x13
x10 <- 0x0000000000080000
mem[X,0x0000000080002B2E] -> 0x4513
mem[X,0x0000000080002B30] -> 0xFFF5
[2982] [M]: 0x0000000080002B2E (0xFFF54513) xori a0, a0, -0x1
x10 <- 0xFFFFFFFFFFF7FFFF
mem[X,0x0000000080002B32] -> 0x257D
[2983] [M]: 0x0000000080002B32 (0x257D) c.addiw a0, 0x1f
x10 <- 0xFFFFFFFFFFF8001E
mem[X,0x0000000080002B34] -> 0xBC23
mem[X,0x0000000080002B36] -> 0x38A0
[2984] [M]: 0x0000000080002B34 (0x38A0BC23) sd a0, 0x398(ra)
mem[0x0000000080005D90] <- 0xFFFFFFFFFFF8001E
mem[X,0x0000000080002B38] -> 0x0513
mem[X,0x0000000080002B3A] -> 0x0010
[2985] [M]: 0x0000000080002B38 (0x00100513) addi a0, zero, 0x1
x10 <- 0x0000000000000001
mem[X,0x0000000080002B3C] -> 0x1513
mem[X,0x0000000080002B3E] -> 0x0155
[2986] [M]: 0x0000000080002B3C (0x01551513) slli a0, a0, 0x15
x10 <- 0x0000000000200000
mem[X,0x0000000080002B40] -> 0x4513
mem[X,0x0000000080002B42] -> 0xFFF5
[2987] [M]: 0x0000000080002B40 (0xFFF54513) xori a0, a0, -0x1
x10 <- 0xFFFFFFFFFFDFFFFF
mem[X,0x0000000080002B44] -> 0x3579
[2988] [M]: 0x0000000080002B44 (0x3579) c.addiw a0, -0x2
x10 <- 0xFFFFFFFFFFDFFFFD
mem[X,0x0000000080002B46] -> 0xB023
mem[X,0x0000000080002B48] -> 0x3AA0
[2989] [M]: 0x0000000080002B46 (0x3AA0B023) sd a0, 0x3a0(ra)
mem[0x0000000080005D98] <- 0xFFFFFFFFFFDFFFFD
mem[X,0x0000000080002B4A] -> 0x0513
mem[X,0x0000000080002B4C] -> 0x0010
[2990] [M]: 0x0000000080002B4A (0x00100513) addi a0, zero, 0x1
x10 <- 0x0000000000000001
mem[X,0x0000000080002B4E] -> 0x1513
mem[X,0x0000000080002B50] -> 0x0165
[2991] [M]: 0x0000000080002B4E (0x01651513) slli a0, a0, 0x16
x10 <- 0x0000000000400000
mem[X,0x0000000080002B52] -> 0x4513
mem[X,0x0000000080002B54] -> 0xFFF5
[2992] [M]: 0x0000000080002B52 (0xFFF54513) xori a0, a0, -0x1
x10 <- 0xFFFFFFFFFFBFFFFF
mem[X,0x0000000080002B56] -> 0x2501
[2993] [M]: 0x0000000080002B56 (0x2501) c.addiw a0, 0x0
x10 <- 0xFFFFFFFFFFBFFFFF
mem[X,0x0000000080002B58] -> 0xB423
mem[X,0x0000000080002B5A] -> 0x3AA0
[2994] [M]: 0x0000000080002B58 (0x3AA0B423) sd a0, 0x3a8(ra)
mem[0x0000000080005DA0] <- 0xFFFFFFFFFFBFFFFF
mem[X,0x0000000080002B5C] -> 0x0513
mem[X,0x0000000080002B5E] -> 0x0010
[2995] [M]: 0x0000000080002B5C (0x00100513) addi a0, zero, 0x1
x10 <- 0x0000000000000001
mem[X,0x0000000080002B60] -> 0x1513
mem[X,0x0000000080002B62] -> 0x0185
[2996] [M]: 0x0000000080002B60 (0x01851513) slli a0, a0, 0x18
x10 <- 0x0000000001000000
mem[X,0x0000000080002B64] -> 0x4513
mem[X,0x0000000080002B66] -> 0xFFF5
[2997] [M]: 0x0000000080002B64 (0xFFF54513) xori a0, a0, -0x1
x10 <- 0xFFFFFFFFFEFFFFFF
mem[X,0x0000000080002B68] -> 0x252D
[2998] [M]: 0x0000000080002B68 (0x252D) c.addiw a0, 0xb
x10 <- 0xFFFFFFFFFF00000A
mem[X,0x0000000080002B6A] -> 0xB823
mem[X,0x0000000080002B6C] -> 0x3AA0
[2999] [M]: 0x0000000080002B6A (0x3AA0B823) sd a0, 0x3b0(ra)
mem[0x0000000080005DA8] <- 0xFFFFFFFFFF00000A
clint::tick mtime <- 0x000000000000001E
 clint timer pending at mtime 0x000000000000001E
htif::tick 0x0000000000000000
mem[X,0x0000000080002B6E] -> 0x0513
mem[X,0x0000000080002B70] -> 0x0010
[3000] [M]: 0x0000000080002B6E (0x00100513) addi a0, zero, 0x1
x10 <- 0x0000000000000001
mem[X,0x0000000080002B72] -> 0x1513
mem[X,0x0000000080002B74] -> 0x0195
[3001] [M]: 0x0000000080002B72 (0x01951513) slli a0, a0, 0x19
x10 <- 0x0000000002000000
mem[X,0x0000000080002B76] -> 0x4513
mem[X,0x0000000080002B78] -> 0xFFF5
[3002] [M]: 0x0000000080002B76 (0xFFF54513) xori a0, a0, -0x1
x10 <- 0xFFFFFFFFFDFFFFFF
mem[X,0x0000000080002B7A] -> 0x3565
[3003] [M]: 0x0000000080002B7A (0x3565) c.addiw a0, -0x7
x10 <- 0xFFFFFFFFFDFFFFF8
mem[X,0x0000000080002B7C] -> 0xBC23
mem[X,0x0000000080002B7E] -> 0x3AA0
[3004] [M]: 0x0000000080002B7C (0x3AA0BC23) sd a0, 0x3b8(ra)
mem[0x0000000080005DB0] <- 0xFFFFFFFFFDFFFFF8
mem[X,0x0000000080002B80] -> 0x0513
mem[X,0x0000000080002B82] -> 0x0010
[3005] [M]: 0x0000000080002B80 (0x00100513) addi a0, zero, 0x1
x10 <- 0x0000000000000001
mem[X,0x0000000080002B84] -> 0x1513
mem[X,0x0000000080002B86] -> 0x01A5
[3006] [M]: 0x0000000080002B84 (0x01A51513) slli a0, a0, 0x1a
x10 <- 0x0000000004000000
mem[X,0x0000000080002B88] -> 0x4513
mem[X,0x0000000080002B8A] -> 0xFFF5
[3007] [M]: 0x0000000080002B88 (0xFFF54513) xori a0, a0, -0x1
x10 <- 0xFFFFFFFFFBFFFFFF
mem[X,0x0000000080002B8C] -> 0x2511
[3008] [M]: 0x0000000080002B8C (0x2511) c.addiw a0, 0x4
x10 <- 0xFFFFFFFFFC000003
mem[X,0x0000000080002B8E] -> 0xB023
mem[X,0x0000000080002B90] -> 0x3CA0
[3009] [M]: 0x0000000080002B8E (0x3CA0B023) sd a0, 0x3c0(ra)
mem[0x0000000080005DB8] <- 0xFFFFFFFFFC000003
mem[X,0x0000000080002B92] -> 0x0513
mem[X,0x0000000080002B94] -> 0x0010
[3010] [M]: 0x0000000080002B92 (0x00100513) addi a0, zero, 0x1
x10 <- 0x0000000000000001
mem[X,0x0000000080002B96] -> 0x1513
mem[X,0x0000000080002B98] -> 0x01B5
[3011] [M]: 0x0000000080002B96 (0x01B51513) slli a0, a0, 0x1b
x10 <- 0x0000000008000000
mem[X,0x0000000080002B9A] -> 0x4513
mem[X,0x0000000080002B9C] -> 0xFFF5
[3012] [M]: 0x0000000080002B9A (0xFFF54513) xori a0, a0, -0x1
x10 <- 0xFFFFFFFFF7FFFFFF
mem[X,0x0000000080002B9E] -> 0x2505
[3013] [M]: 0x0000000080002B9E (0x2505) c.addiw a0, 0x1
x10 <- 0xFFFFFFFFF8000000
mem[X,0x0000000080002BA0] -> 0xB423
mem[X,0x0000000080002BA2] -> 0x3CA0
[3014] [M]: 0x0000000080002BA0 (0x3CA0B423) sd a0, 0x3c8(ra)
mem[0x0000000080005DC0] <- 0xFFFFFFFFF8000000
mem[X,0x0000000080002BA4] -> 0x0513
mem[X,0x0000000080002BA6] -> 0x0010
[3015] [M]: 0x0000000080002BA4 (0x00100513) addi a0, zero, 0x1
x10 <- 0x0000000000000001
mem[X,0x0000000080002BA8] -> 0x1513
mem[X,0x0000000080002BAA] -> 0x01C5
[3016] [M]: 0x0000000080002BA8 (0x01C51513) slli a0, a0, 0x1c
x10 <- 0x0000000010000000
mem[X,0x0000000080002BAC] -> 0x4513
mem[X,0x0000000080002BAE] -> 0xFFF5
[3017] [M]: 0x0000000080002BAC (0xFFF54513) xori a0, a0, -0x1
x10 <- 0xFFFFFFFFEFFFFFFF
mem[X,0x0000000080002BB0] -> 0x2515
[3018] [M]: 0x0000000080002BB0 (0x2515) c.addiw a0, 0x5
x10 <- 0xFFFFFFFFF0000004
mem[X,0x0000000080002BB2] -> 0xB823
mem[X,0x0000000080002BB4] -> 0x3CA0
[3019] [M]: 0x0000000080002BB2 (0x3CA0B823) sd a0, 0x3d0(ra)
mem[0x0000000080005DC8] <- 0xFFFFFFFFF0000004
mem[X,0x0000000080002BB6] -> 0x0513
mem[X,0x0000000080002BB8] -> 0x0010
[3020] [M]: 0x0000000080002BB6 (0x00100513) addi a0, zero, 0x1
x10 <- 0x0000000000000001
mem[X,0x0000000080002BBA] -> 0x1513
mem[X,0x0000000080002BBC] -> 0x0325
[3021] [M]: 0x0000000080002BBA (0x03251513) slli a0, a0, 0x32
x10 <- 0x0004000000000000
mem[X,0x0000000080002BBE] -> 0x4513
mem[X,0x0000000080002BC0] -> 0xFFF5
[3022] [M]: 0x0000000080002BBE (0xFFF54513) xori a0, a0, -0x1
x10 <- 0xFFFBFFFFFFFFFFFF
mem[X,0x0000000080002BC2] -> 0x2505
[3023] [M]: 0x0000000080002BC2 (0x2505) c.addiw a0, 0x1
x10 <- 0x0000000000000000
mem[X,0x0000000080002BC4] -> 0xBC23
mem[X,0x0000000080002BC6] -> 0x3CA0
[3024] [M]: 0x0000000080002BC4 (0x3CA0BC23) sd a0, 0x3d8(ra)
mem[0x0000000080005DD0] <- 0x0000000000000000
mem[X,0x0000000080002BC8] -> 0x0513
mem[X,0x0000000080002BCA] -> 0x0010
[3025] [M]: 0x0000000080002BC8 (0x00100513) addi a0, zero, 0x1
x10 <- 0x0000000000000001
mem[X,0x0000000080002BCC] -> 0x1513
mem[X,0x0000000080002BCE] -> 0x0335
[3026] [M]: 0x0000000080002BCC (0x03351513) slli a0, a0, 0x33
x10 <- 0x0008000000000000
mem[X,0x0000000080002BD0] -> 0x4513
mem[X,0x0000000080002BD2] -> 0xFFF5
[3027] [M]: 0x0000000080002BD0 (0xFFF54513) xori a0, a0, -0x1
x10 <- 0xFFF7FFFFFFFFFFFF
mem[X,0x0000000080002BD4] -> 0x2519
[3028] [M]: 0x0000000080002BD4 (0x2519) c.addiw a0, 0x6
x10 <- 0x0000000000000005
mem[X,0x0000000080002BD6] -> 0xB023
mem[X,0x0000000080002BD8] -> 0x3EA0
[3029] [M]: 0x0000000080002BD6 (0x3EA0B023) sd a0, 0x3e0(ra)
mem[0x0000000080005DD8] <- 0x0000000000000005
mem[X,0x0000000080002BDA] -> 0x0513
mem[X,0x0000000080002BDC] -> 0x0010
[3030] [M]: 0x0000000080002BDA (0x00100513) addi a0, zero, 0x1
x10 <- 0x0000000000000001
mem[X,0x0000000080002BDE] -> 0x1513
mem[X,0x0000000080002BE0] -> 0x0345
[3031] [M]: 0x0000000080002BDE (0x03451513) slli a0, a0, 0x34
x10 <- 0x0010000000000000
mem[X,0x0000000080002BE2] -> 0x4513
mem[X,0x0000000080002BE4] -> 0xFFF5
[3032] [M]: 0x0000000080002BE2 (0xFFF54513) xori a0, a0, -0x1
x10 <- 0xFFEFFFFFFFFFFFFF
mem[X,0x0000000080002BE6] -> 0x3571
[3033] [M]: 0x0000000080002BE6 (0x3571) c.addiw a0, -0x4
x10 <- 0xFFFFFFFFFFFFFFFB
mem[X,0x0000000080002BE8] -> 0xB423
mem[X,0x0000000080002BEA] -> 0x3EA0
[3034] [M]: 0x0000000080002BE8 (0x3EA0B423) sd a0, 0x3e8(ra)
mem[0x0000000080005DE0] <- 0xFFFFFFFFFFFFFFFB
mem[X,0x0000000080002BEC] -> 0x0513
mem[X,0x0000000080002BEE] -> 0x0010
[3035] [M]: 0x0000000080002BEC (0x00100513) addi a0, zero, 0x1
x10 <- 0x0000000000000001
mem[X,0x0000000080002BF0] -> 0x1513
mem[X,0x0000000080002BF2] -> 0x0355
[3036] [M]: 0x0000000080002BF0 (0x03551513) slli a0, a0, 0x35
x10 <- 0x0020000000000000
mem[X,0x0000000080002BF4] -> 0x4513
mem[X,0x0000000080002BF6] -> 0xFFF5
[3037] [M]: 0x0000000080002BF4 (0xFFF54513) xori a0, a0, -0x1
x10 <- 0xFFDFFFFFFFFFFFFF
mem[X,0x0000000080002BF8] -> 0x250D
[3038] [M]: 0x0000000080002BF8 (0x250D) c.addiw a0, 0x3
x10 <- 0x0000000000000002
mem[X,0x0000000080002BFA] -> 0xB823
mem[X,0x0000000080002BFC] -> 0x3EA0
[3039] [M]: 0x0000000080002BFA (0x3EA0B823) sd a0, 0x3f0(ra)
mem[0x0000000080005DE8] <- 0x0000000000000002
mem[X,0x0000000080002BFE] -> 0x0513
mem[X,0x0000000080002C00] -> 0x0010
[3040] [M]: 0x0000000080002BFE (0x00100513) addi a0, zero, 0x1
x10 <- 0x0000000000000001
mem[X,0x0000000080002C02] -> 0x1513
mem[X,0x0000000080002C04] -> 0x0365
[3041] [M]: 0x0000000080002C02 (0x03651513) slli a0, a0, 0x36
x10 <- 0x0040000000000000
mem[X,0x0000000080002C06] -> 0x4513
mem[X,0x0000000080002C08] -> 0xFFF5
[3042] [M]: 0x0000000080002C06 (0xFFF54513) xori a0, a0, -0x1
x10 <- 0xFFBFFFFFFFFFFFFF
mem[X,0x0000000080002C0A] -> 0x2501
[3043] [M]: 0x0000000080002C0A (0x2501) c.addiw a0, 0x0
x10 <- 0xFFFFFFFFFFFFFFFF
mem[X,0x0000000080002C0C] -> 0xBC23
mem[X,0x0000000080002C0E] -> 0x3EA0
[3044] [M]: 0x0000000080002C0C (0x3EA0BC23) sd a0, 0x3f8(ra)
mem[0x0000000080005DF0] <- 0xFFFFFFFFFFFFFFFF
mem[X,0x0000000080002C10] -> 0x0513
mem[X,0x0000000080002C12] -> 0x0010
[3045] [M]: 0x0000000080002C10 (0x00100513) addi a0, zero, 0x1
x10 <- 0x0000000000000001
mem[X,0x0000000080002C14] -> 0x1513
mem[X,0x0000000080002C16] -> 0x0375
[3046] [M]: 0x0000000080002C14 (0x03751513) slli a0, a0, 0x37
x10 <- 0x0080000000000000
mem[X,0x0000000080002C18] -> 0x4513
mem[X,0x0000000080002C1A] -> 0xFFF5
[3047] [M]: 0x0000000080002C18 (0xFFF54513) xori a0, a0, -0x1
x10 <- 0xFF7FFFFFFFFFFFFF
mem[X,0x0000000080002C1C] -> 0x2501
[3048] [M]: 0x0000000080002C1C (0x2501) c.addiw a0, 0x0
x10 <- 0xFFFFFFFFFFFFFFFF
mem[X,0x0000000080002C1E] -> 0xB023
mem[X,0x0000000080002C20] -> 0x40A0
[3049] [M]: 0x0000000080002C1E (0x40A0B023) sd a0, 0x400(ra)
mem[0x0000000080005DF8] <- 0xFFFFFFFFFFFFFFFF
mem[X,0x0000000080002C22] -> 0x0513
mem[X,0x0000000080002C24] -> 0x0010
[3050] [M]: 0x0000000080002C22 (0x00100513) addi a0, zero, 0x1
x10 <- 0x0000000000000001
mem[X,0x0000000080002C26] -> 0x1513
mem[X,0x0000000080002C28] -> 0x0385
[3051] [M]: 0x0000000080002C26 (0x03851513) slli a0, a0, 0x38
x10 <- 0x0100000000000000
mem[X,0x0000000080002C2A] -> 0x4513
mem[X,0x0000000080002C2C] -> 0xFFF5
[3052] [M]: 0x0000000080002C2A (0xFFF54513) xori a0, a0, -0x1
x10 <- 0xFEFFFFFFFFFFFFFF
mem[X,0x0000000080002C2E] -> 0x2525
[3053] [M]: 0x0000000080002C2E (0x2525) c.addiw a0, 0x9
x10 <- 0x0000000000000008
mem[X,0x0000000080002C30] -> 0xB423
mem[X,0x0000000080002C32] -> 0x40A0
[3054] [M]: 0x0000000080002C30 (0x40A0B423) sd a0, 0x408(ra)
mem[0x0000000080005E00] <- 0x0000000000000008
mem[X,0x0000000080002C34] -> 0x0513
mem[X,0x0000000080002C36] -> 0x0010
[3055] [M]: 0x0000000080002C34 (0x00100513) addi a0, zero, 0x1
x10 <- 0x0000000000000001
mem[X,0x0000000080002C38] -> 0x1513
mem[X,0x0000000080002C3A] -> 0x0395
[3056] [M]: 0x0000000080002C38 (0x03951513) slli a0, a0, 0x39
x10 <- 0x0200000000000000
mem[X,0x0000000080002C3C] -> 0x4513
mem[X,0x0000000080002C3E] -> 0xFFF5
[3057] [M]: 0x0000000080002C3C (0xFFF54513) xori a0, a0, -0x1
x10 <- 0xFDFFFFFFFFFFFFFF
mem[X,0x0000000080002C40] -> 0x2519
[3058] [M]: 0x0000000080002C40 (0x2519) c.addiw a0, 0x6
x10 <- 0x0000000000000005
mem[X,0x0000000080002C42] -> 0xB823
mem[X,0x0000000080002C44] -> 0x40A0
[3059] [M]: 0x0000000080002C42 (0x40A0B823) sd a0, 0x410(ra)
mem[0x0000000080005E08] <- 0x0000000000000005
mem[X,0x0000000080002C46] -> 0x0513
mem[X,0x0000000080002C48] -> 0x0010
[3060] [M]: 0x0000000080002C46 (0x00100513) addi a0, zero, 0x1
x10 <- 0x0000000000000001
mem[X,0x0000000080002C4A] -> 0x1513
mem[X,0x0000000080002C4C] -> 0x03A5
[3061] [M]: 0x0000000080002C4A (0x03A51513) slli a0, a0, 0x3a
x10 <- 0x0400000000000000
mem[X,0x0000000080002C4E] -> 0x4513
mem[X,0x0000000080002C50] -> 0xFFF5
[3062] [M]: 0x0000000080002C4E (0xFFF54513) xori a0, a0, -0x1
x10 <- 0xFBFFFFFFFFFFFFFF
mem[X,0x0000000080002C52] -> 0x2501
[3063] [M]: 0x0000000080002C52 (0x2501) c.addiw a0, 0x0
x10 <- 0xFFFFFFFFFFFFFFFF
mem[X,0x0000000080002C54] -> 0xBC23
mem[X,0x0000000080002C56] -> 0x40A0
[3064] [M]: 0x0000000080002C54 (0x40A0BC23) sd a0, 0x418(ra)
mem[0x0000000080005E10] <- 0xFFFFFFFFFFFFFFFF
mem[X,0x0000000080002C58] -> 0x0513
mem[X,0x0000000080002C5A] -> 0x0010
[3065] [M]: 0x0000000080002C58 (0x00100513) addi a0, zero, 0x1
x10 <- 0x0000000000000001
mem[X,0x0000000080002C5C] -> 0x1513
mem[X,0x0000000080002C5E] -> 0x03B5
[3066] [M]: 0x0000000080002C5C (0x03B51513) slli a0, a0, 0x3b
x10 <- 0x0800000000000000
mem[X,0x0000000080002C60] -> 0x4513
mem[X,0x0000000080002C62] -> 0xFFF5
[3067] [M]: 0x0000000080002C60 (0xFFF54513) xori a0, a0, -0x1
x10 <- 0xF7FFFFFFFFFFFFFF
mem[X,0x0000000080002C64] -> 0x2529
[3068] [M]: 0x0000000080002C64 (0x2529) c.addiw a0, 0xa
x10 <- 0x0000000000000009
mem[X,0x0000000080002C66] -> 0xB023
mem[X,0x0000000080002C68] -> 0x42A0
[3069] [M]: 0x0000000080002C66 (0x42A0B023) sd a0, 0x420(ra)
mem[0x0000000080005E18] <- 0x0000000000000009
mem[X,0x0000000080002C6A] -> 0x0513
mem[X,0x0000000080002C6C] -> 0x0010
[3070] [M]: 0x0000000080002C6A (0x00100513) addi a0, zero, 0x1
x10 <- 0x0000000000000001
mem[X,0x0000000080002C6E] -> 0x1513
mem[X,0x0000000080002C70] -> 0x03C5
[3071] [M]: 0x0000000080002C6E (0x03C51513) slli a0, a0, 0x3c
x10 <- 0x1000000000000000
mem[X,0x0000000080002C72] -> 0x4513
mem[X,0x0000000080002C74] -> 0xFFF5
[3072] [M]: 0x0000000080002C72 (0xFFF54513) xori a0, a0, -0x1
x10 <- 0xEFFFFFFFFFFFFFFF
mem[X,0x0000000080002C76] -> 0x2511
[3073] [M]: 0x0000000080002C76 (0x2511) c.addiw a0, 0x4
x10 <- 0x0000000000000003
mem[X,0x0000000080002C78] -> 0xB423
mem[X,0x0000000080002C7A] -> 0x42A0
[3074] [M]: 0x0000000080002C78 (0x42A0B423) sd a0, 0x428(ra)
mem[0x0000000080005E20] <- 0x0000000000000003
mem[X,0x0000000080002C7C] -> 0x0513
mem[X,0x0000000080002C7E] -> 0x0010
[3075] [M]: 0x0000000080002C7C (0x00100513) addi a0, zero, 0x1
x10 <- 0x0000000000000001
mem[X,0x0000000080002C80] -> 0x1513
mem[X,0x0000000080002C82] -> 0x03D5
[3076] [M]: 0x0000000080002C80 (0x03D51513) slli a0, a0, 0x3d
x10 <- 0x2000000000000000
mem[X,0x0000000080002C84] -> 0x4513
mem[X,0x0000000080002C86] -> 0xFFF5
[3077] [M]: 0x0000000080002C84 (0xFFF54513) xori a0, a0, -0x1
x10 <- 0xDFFFFFFFFFFFFFFF
mem[X,0x0000000080002C88] -> 0x3579
[3078] [M]: 0x0000000080002C88 (0x3579) c.addiw a0, -0x2
x10 <- 0xFFFFFFFFFFFFFFFD
mem[X,0x0000000080002C8A] -> 0xB823
mem[X,0x0000000080002C8C] -> 0x42A0
[3079] [M]: 0x0000000080002C8A (0x42A0B823) sd a0, 0x430(ra)
mem[0x0000000080005E28] <- 0xFFFFFFFFFFFFFFFD
mem[X,0x0000000080002C8E] -> 0x0513
mem[X,0x0000000080002C90] -> 0x0010
[3080] [M]: 0x0000000080002C8E (0x00100513) addi a0, zero, 0x1
x10 <- 0x0000000000000001
mem[X,0x0000000080002C92] -> 0x1513
mem[X,0x0000000080002C94] -> 0x03E5
[3081] [M]: 0x0000000080002C92 (0x03E51513) slli a0, a0, 0x3e
x10 <- 0x4000000000000000
mem[X,0x0000000080002C96] -> 0x4513
mem[X,0x0000000080002C98] -> 0xFFF5
[3082] [M]: 0x0000000080002C96 (0xFFF54513) xori a0, a0, -0x1
x10 <- 0xBFFFFFFFFFFFFFFF
mem[X,0x0000000080002C9A] -> 0x3565
[3083] [M]: 0x0000000080002C9A (0x3565) c.addiw a0, -0x7
x10 <- 0xFFFFFFFFFFFFFFF8
mem[X,0x0000000080002C9C] -> 0xBC23
mem[X,0x0000000080002C9E] -> 0x42A0
[3084] [M]: 0x0000000080002C9C (0x42A0BC23) sd a0, 0x438(ra)
mem[0x0000000080005E30] <- 0xFFFFFFFFFFFFFFF8
mem[X,0x0000000080002CA0] -> 0x0513
mem[X,0x0000000080002CA2] -> 0x0010
[3085] [M]: 0x0000000080002CA0 (0x00100513) addi a0, zero, 0x1
x10 <- 0x0000000000000001
mem[X,0x0000000080002CA4] -> 0x1513
mem[X,0x0000000080002CA6] -> 0x01D5
[3086] [M]: 0x0000000080002CA4 (0x01D51513) slli a0, a0, 0x1d
x10 <- 0x0000000020000000
mem[X,0x0000000080002CA8] -> 0x4513
mem[X,0x0000000080002CAA] -> 0xFFF5
[3087] [M]: 0x0000000080002CA8 (0xFFF54513) xori a0, a0, -0x1
x10 <- 0xFFFFFFFFDFFFFFFF
mem[X,0x0000000080002CAC] -> 0x2509
[3088] [M]: 0x0000000080002CAC (0x2509) c.addiw a0, 0x2
x10 <- 0xFFFFFFFFE0000001
mem[X,0x0000000080002CAE] -> 0xB023
mem[X,0x0000000080002CB0] -> 0x44A0
[3089] [M]: 0x0000000080002CAE (0x44A0B023) sd a0, 0x440(ra)
mem[0x0000000080005E38] <- 0xFFFFFFFFE0000001
mem[X,0x0000000080002CB2] -> 0x0513
mem[X,0x0000000080002CB4] -> 0x0010
[3090] [M]: 0x0000000080002CB2 (0x00100513) addi a0, zero, 0x1
x10 <- 0x0000000000000001
mem[X,0x0000000080002CB6] -> 0x1513
mem[X,0x0000000080002CB8] -> 0x01F5
[3091] [M]: 0x0000000080002CB6 (0x01F51513) slli a0, a0, 0x1f
x10 <- 0x0000000080000000
mem[X,0x0000000080002CBA] -> 0x4513
mem[X,0x0000000080002CBC] -> 0xFFF5
[3092] [M]: 0x0000000080002CBA (0xFFF54513) xori a0, a0, -0x1
x10 <- 0xFFFFFFFF7FFFFFFF
mem[X,0x0000000080002CBE] -> 0x2525
[3093] [M]: 0x0000000080002CBE (0x2525) c.addiw a0, 0x9
x10 <- 0xFFFFFFFF80000008
mem[X,0x0000000080002CC0] -> 0xB423
mem[X,0x0000000080002CC2] -> 0x44A0
[3094] [M]: 0x0000000080002CC0 (0x44A0B423) sd a0, 0x448(ra)
mem[0x0000000080005E40] <- 0xFFFFFFFF80000008
mem[X,0x0000000080002CC4] -> 0x0513
mem[X,0x0000000080002CC6] -> 0x0010
[3095] [M]: 0x0000000080002CC4 (0x00100513) addi a0, zero, 0x1
x10 <- 0x0000000000000001
mem[X,0x0000000080002CC8] -> 0x1513
mem[X,0x0000000080002CCA] -> 0x0205
[3096] [M]: 0x0000000080002CC8 (0x02051513) slli a0, a0, 0x20
x10 <- 0x0000000100000000
mem[X,0x0000000080002CCC] -> 0x4513
mem[X,0x0000000080002CCE] -> 0xFFF5
[3097] [M]: 0x0000000080002CCC (0xFFF54513) xori a0, a0, -0x1
x10 <- 0xFFFFFFFEFFFFFFFF
mem[X,0x0000000080002CD0] -> 0x2541
[3098] [M]: 0x0000000080002CD0 (0x2541) c.addiw a0, 0x10
x10 <- 0x000000000000000F
mem[X,0x0000000080002CD2] -> 0xB823
mem[X,0x0000000080002CD4] -> 0x44A0
[3099] [M]: 0x0000000080002CD2 (0x44A0B823) sd a0, 0x450(ra)
mem[0x0000000080005E48] <- 0x000000000000000F
clint::tick mtime <- 0x000000000000001F
 clint timer pending at mtime 0x000000000000001F
htif::tick 0x0000000000000000
mem[X,0x0000000080002CD6] -> 0x0513
mem[X,0x0000000080002CD8] -> 0x0010
[3100] [M]: 0x0000000080002CD6 (0x00100513) addi a0, zero, 0x1
x10 <- 0x0000000000000001
mem[X,0x0000000080002CDA] -> 0x1513
mem[X,0x0000000080002CDC] -> 0x0215
[3101] [M]: 0x0000000080002CDA (0x02151513) slli a0, a0, 0x21
x10 <- 0x0000000200000000
mem[X,0x0000000080002CDE] -> 0x4513
mem[X,0x0000000080002CE0] -> 0xFFF5
[3102] [M]: 0x0000000080002CDE (0xFFF54513) xori a0, a0, -0x1
x10 <- 0xFFFFFFFDFFFFFFFF
mem[X,0x0000000080002CE2] -> 0x257D
[3103] [M]: 0x0000000080002CE2 (0x257D) c.addiw a0, 0x1f
x10 <- 0x000000000000001E
mem[X,0x0000000080002CE4] -> 0xBC23
mem[X,0x0000000080002CE6] -> 0x44A0
[3104] [M]: 0x0000000080002CE4 (0x44A0BC23) sd a0, 0x458(ra)
mem[0x0000000080005E50] <- 0x000000000000001E
mem[X,0x0000000080002CE8] -> 0x0513
mem[X,0x0000000080002CEA] -> 0x0010
[3105] [M]: 0x0000000080002CE8 (0x00100513) addi a0, zero, 0x1
x10 <- 0x0000000000000001
mem[X,0x0000000080002CEC] -> 0x1513
mem[X,0x0000000080002CEE] -> 0x0225
[3106] [M]: 0x0000000080002CEC (0x02251513) slli a0, a0, 0x22
x10 <- 0x0000000400000000
mem[X,0x0000000080002CF0] -> 0x4513
mem[X,0x0000000080002CF2] -> 0xFFF5
[3107] [M]: 0x0000000080002CF0 (0xFFF54513) xori a0, a0, -0x1
x10 <- 0xFFFFFFFBFFFFFFFF
mem[X,0x0000000080002CF4] -> 0x355D
[3108] [M]: 0x0000000080002CF4 (0x355D) c.addiw a0, -0x9
x10 <- 0xFFFFFFFFFFFFFFF6
mem[X,0x0000000080002CF6] -> 0xB023
mem[X,0x0000000080002CF8] -> 0x46A0
[3109] [M]: 0x0000000080002CF6 (0x46A0B023) sd a0, 0x460(ra)
mem[0x0000000080005E58] <- 0xFFFFFFFFFFFFFFF6
mem[X,0x0000000080002CFA] -> 0x0513
mem[X,0x0000000080002CFC] -> 0x0010
[3110] [M]: 0x0000000080002CFA (0x00100513) addi a0, zero, 0x1
x10 <- 0x0000000000000001
mem[X,0x0000000080002CFE] -> 0x1513
mem[X,0x0000000080002D00] -> 0x0235
[3111] [M]: 0x0000000080002CFE (0x02351513) slli a0, a0, 0x23
x10 <- 0x0000000800000000
mem[X,0x0000000080002D02] -> 0x4513
mem[X,0x0000000080002D04] -> 0xFFF5
[3112] [M]: 0x0000000080002D02 (0xFFF54513) xori a0, a0, -0x1
x10 <- 0xFFFFFFF7FFFFFFFF
mem[X,0x0000000080002D06] -> 0x3561
[3113] [M]: 0x0000000080002D06 (0x3561) c.addiw a0, -0x8
x10 <- 0xFFFFFFFFFFFFFFF7
mem[X,0x0000000080002D08] -> 0xB423
mem[X,0x0000000080002D0A] -> 0x46A0
[3114] [M]: 0x0000000080002D08 (0x46A0B423) sd a0, 0x468(ra)
mem[0x0000000080005E60] <- 0xFFFFFFFFFFFFFFF7
mem[X,0x0000000080002D0C] -> 0x0513
mem[X,0x0000000080002D0E] -> 0x0010
[3115] [M]: 0x0000000080002D0C (0x00100513) addi a0, zero, 0x1
x10 <- 0x0000000000000001
mem[X,0x0000000080002D10] -> 0x1513
mem[X,0x0000000080002D12] -> 0x0255
[3116] [M]: 0x0000000080002D10 (0x02551513) slli a0, a0, 0x25
x10 <- 0x0000002000000000
mem[X,0x0000000080002D14] -> 0x4513
mem[X,0x0000000080002D16] -> 0xFFF5
[3117] [M]: 0x0000000080002D14 (0xFFF54513) xori a0, a0, -0x1
x10 <- 0xFFFFFFDFFFFFFFFF
mem[X,0x0000000080002D18] -> 0x2511
[3118] [M]: 0x0000000080002D18 (0x2511) c.addiw a0, 0x4
x10 <- 0x0000000000000003
mem[X,0x0000000080002D1A] -> 0xB823
mem[X,0x0000000080002D1C] -> 0x46A0
[3119] [M]: 0x0000000080002D1A (0x46A0B823) sd a0, 0x470(ra)
mem[0x0000000080005E68] <- 0x0000000000000003
mem[X,0x0000000080002D1E] -> 0x0513
mem[X,0x0000000080002D20] -> 0x0010
[3120] [M]: 0x0000000080002D1E (0x00100513) addi a0, zero, 0x1
x10 <- 0x0000000000000001
mem[X,0x0000000080002D22] -> 0x1513
mem[X,0x0000000080002D24] -> 0x0265
[3121] [M]: 0x0000000080002D22 (0x02651513) slli a0, a0, 0x26
x10 <- 0x0000004000000000
mem[X,0x0000000080002D26] -> 0x4513
mem[X,0x0000000080002D28] -> 0xFFF5
[3122] [M]: 0x0000000080002D26 (0xFFF54513) xori a0, a0, -0x1
x10 <- 0xFFFFFFBFFFFFFFFF
mem[X,0x0000000080002D2A] -> 0x2555
[3123] [M]: 0x0000000080002D2A (0x2555) c.addiw a0, 0x15
x10 <- 0x0000000000000014
mem[X,0x0000000080002D2C] -> 0xBC23
mem[X,0x0000000080002D2E] -> 0x46A0
[3124] [M]: 0x0000000080002D2C (0x46A0BC23) sd a0, 0x478(ra)
mem[0x0000000080005E70] <- 0x0000000000000014
mem[X,0x0000000080002D30] -> 0x0513
mem[X,0x0000000080002D32] -> 0x0010
[3125] [M]: 0x0000000080002D30 (0x00100513) addi a0, zero, 0x1
x10 <- 0x0000000000000001
mem[X,0x0000000080002D34] -> 0x1513
mem[X,0x0000000080002D36] -> 0x0275
[3126] [M]: 0x0000000080002D34 (0x02751513) slli a0, a0, 0x27
x10 <- 0x0000008000000000
mem[X,0x0000000080002D38] -> 0x4513
mem[X,0x0000000080002D3A] -> 0xFFF5
[3127] [M]: 0x0000000080002D38 (0xFFF54513) xori a0, a0, -0x1
x10 <- 0xFFFFFF7FFFFFFFFF
mem[X,0x0000000080002D3C] -> 0x2511
[3128] [M]: 0x0000000080002D3C (0x2511) c.addiw a0, 0x4
x10 <- 0x0000000000000003
mem[X,0x0000000080002D3E] -> 0xB023
mem[X,0x0000000080002D40] -> 0x48A0
[3129] [M]: 0x0000000080002D3E (0x48A0B023) sd a0, 0x480(ra)
mem[0x0000000080005E78] <- 0x0000000000000003
mem[X,0x0000000080002D42] -> 0x0513
mem[X,0x0000000080002D44] -> 0x0010
[3130] [M]: 0x0000000080002D42 (0x00100513) addi a0, zero, 0x1
x10 <- 0x0000000000000001
mem[X,0x0000000080002D46] -> 0x1513
mem[X,0x0000000080002D48] -> 0x0285
[3131] [M]: 0x0000000080002D46 (0x02851513) slli a0, a0, 0x28
x10 <- 0x0000010000000000
mem[X,0x0000000080002D4A] -> 0x4513
mem[X,0x0000000080002D4C] -> 0xFFF5
[3132] [M]: 0x0000000080002D4A (0xFFF54513) xori a0, a0, -0x1
x10 <- 0xFFFFFEFFFFFFFFFF
mem[X,0x0000000080002D4E] -> 0x2515
[3133] [M]: 0x0000000080002D4E (0x2515) c.addiw a0, 0x5
x10 <- 0x0000000000000004
mem[X,0x0000000080002D50] -> 0xB423
mem[X,0x0000000080002D52] -> 0x48A0
[3134] [M]: 0x0000000080002D50 (0x48A0B423) sd a0, 0x488(ra)
mem[0x0000000080005E80] <- 0x0000000000000004
mem[X,0x0000000080002D54] -> 0x0513
mem[X,0x0000000080002D56] -> 0x0010
[3135] [M]: 0x0000000080002D54 (0x00100513) addi a0, zero, 0x1
x10 <- 0x0000000000000001
mem[X,0x0000000080002D58] -> 0x1513
mem[X,0x0000000080002D5A] -> 0x0295
[3136] [M]: 0x0000000080002D58 (0x02951513) slli a0, a0, 0x29
x10 <- 0x0000020000000000
mem[X,0x0000000080002D5C] -> 0x4513
mem[X,0x0000000080002D5E] -> 0xFFF5
[3137] [M]: 0x0000000080002D5C (0xFFF54513) xori a0, a0, -0x1
x10 <- 0xFFFFFDFFFFFFFFFF
mem[X,0x0000000080002D60] -> 0x3559
[3138] [M]: 0x0000000080002D60 (0x3559) c.addiw a0, -0xa
x10 <- 0xFFFFFFFFFFFFFFF5
mem[X,0x0000000080002D62] -> 0xB823
mem[X,0x0000000080002D64] -> 0x48A0
[3139] [M]: 0x0000000080002D62 (0x48A0B823) sd a0, 0x490(ra)
mem[0x0000000080005E88] <- 0xFFFFFFFFFFFFFFF5
mem[X,0x0000000080002D66] -> 0x0513
mem[X,0x0000000080002D68] -> 0x0010
[3140] [M]: 0x0000000080002D66 (0x00100513) addi a0, zero, 0x1
x10 <- 0x0000000000000001
mem[X,0x0000000080002D6A] -> 0x1513
mem[X,0x0000000080002D6C] -> 0x02A5
[3141] [M]: 0x0000000080002D6A (0x02A51513) slli a0, a0, 0x2a
x10 <- 0x0000040000000000
mem[X,0x0000000080002D6E] -> 0x4513
mem[X,0x0000000080002D70] -> 0xFFF5
[3142] [M]: 0x0000000080002D6E (0xFFF54513) xori a0, a0, -0x1
x10 <- 0xFFFFFBFFFFFFFFFF
mem[X,0x0000000080002D72] -> 0x250D
[3143] [M]: 0x0000000080002D72 (0x250D) c.addiw a0, 0x3
x10 <- 0x0000000000000002
mem[X,0x0000000080002D74] -> 0xBC23
mem[X,0x0000000080002D76] -> 0x48A0
[3144] [M]: 0x0000000080002D74 (0x48A0BC23) sd a0, 0x498(ra)
mem[0x0000000080005E90] <- 0x0000000000000002
mem[X,0x0000000080002D78] -> 0x0513
mem[X,0x0000000080002D7A] -> 0x0010
[3145] [M]: 0x0000000080002D78 (0x00100513) addi a0, zero, 0x1
x10 <- 0x0000000000000001
mem[X,0x0000000080002D7C] -> 0x1513
mem[X,0x0000000080002D7E] -> 0x02B5
[3146] [M]: 0x0000000080002D7C (0x02B51513) slli a0, a0, 0x2b
x10 <- 0x0000080000000000
mem[X,0x0000000080002D80] -> 0x4513
mem[X,0x0000000080002D82] -> 0xFFF5
[3147] [M]: 0x0000000080002D80 (0xFFF54513) xori a0, a0, -0x1
x10 <- 0xFFFFF7FFFFFFFFFF
mem[X,0x0000000080002D84] -> 0x2555
[3148] [M]: 0x0000000080002D84 (0x2555) c.addiw a0, 0x15
x10 <- 0x0000000000000014
mem[X,0x0000000080002D86] -> 0xB023
mem[X,0x0000000080002D88] -> 0x4AA0
[3149] [M]: 0x0000000080002D86 (0x4AA0B023) sd a0, 0x4a0(ra)
mem[0x0000000080005E98] <- 0x0000000000000014
mem[X,0x0000000080002D8A] -> 0x0513
mem[X,0x0000000080002D8C] -> 0x0010
[3150] [M]: 0x0000000080002D8A (0x00100513) addi a0, zero, 0x1
x10 <- 0x0000000000000001
mem[X,0x0000000080002D8E] -> 0x1513
mem[X,0x0000000080002D90] -> 0x02C5
[3151] [M]: 0x0000000080002D8E (0x02C51513) slli a0, a0, 0x2c
x10 <- 0x0000100000000000
mem[X,0x0000000080002D92] -> 0x4513
mem[X,0x0000000080002D94] -> 0xFFF5
[3152] [M]: 0x0000000080002D92 (0xFFF54513) xori a0, a0, -0x1
x10 <- 0xFFFFEFFFFFFFFFFF
mem[X,0x0000000080002D96] -> 0x2509
[3153] [M]: 0x0000000080002D96 (0x2509) c.addiw a0, 0x2
x10 <- 0x0000000000000001
mem[X,0x0000000080002D98] -> 0xB423
mem[X,0x0000000080002D9A] -> 0x4AA0
[3154] [M]: 0x0000000080002D98 (0x4AA0B423) sd a0, 0x4a8(ra)
mem[0x0000000080005EA0] <- 0x0000000000000001
mem[X,0x0000000080002D9C] -> 0x0513
mem[X,0x0000000080002D9E] -> 0x0010
[3155] [M]: 0x0000000080002D9C (0x00100513) addi a0, zero, 0x1
x10 <- 0x0000000000000001
mem[X,0x0000000080002DA0] -> 0x1513
mem[X,0x0000000080002DA2] -> 0x02E5
[3156] [M]: 0x0000000080002DA0 (0x02E51513) slli a0, a0, 0x2e
x10 <- 0x0000400000000000
mem[X,0x0000000080002DA4] -> 0x4513
mem[X,0x0000000080002DA6] -> 0xFFF5
[3157] [M]: 0x0000000080002DA4 (0xFFF54513) xori a0, a0, -0x1
x10 <- 0xFFFFBFFFFFFFFFFF
mem[X,0x0000000080002DA8] -> 0x357D
[3158] [M]: 0x0000000080002DA8 (0x357D) c.addiw a0, -0x1
x10 <- 0xFFFFFFFFFFFFFFFE
mem[X,0x0000000080002DAA] -> 0xB823
mem[X,0x0000000080002DAC] -> 0x4AA0
[3159] [M]: 0x0000000080002DAA (0x4AA0B823) sd a0, 0x4b0(ra)
mem[0x0000000080005EA8] <- 0xFFFFFFFFFFFFFFFE
mem[X,0x0000000080002DAE] -> 0x0513
mem[X,0x0000000080002DB0] -> 0x0010
[3160] [M]: 0x0000000080002DAE (0x00100513) addi a0, zero, 0x1
x10 <- 0x0000000000000001
mem[X,0x0000000080002DB2] -> 0x1513
mem[X,0x0000000080002DB4] -> 0x02F5
[3161] [M]: 0x0000000080002DB2 (0x02F51513) slli a0, a0, 0x2f
x10 <- 0x0000800000000000
mem[X,0x0000000080002DB6] -> 0x4513
mem[X,0x0000000080002DB8] -> 0xFFF5
[3162] [M]: 0x0000000080002DB6 (0xFFF54513) xori a0, a0, -0x1
x10 <- 0xFFFF7FFFFFFFFFFF
mem[X,0x0000000080002DBA] -> 0x3501
[3163] [M]: 0x0000000080002DBA (0x3501) c.addiw a0, -0x20
x10 <- 0xFFFFFFFFFFFFFFDF
mem[X,0x0000000080002DBC] -> 0xBC23
mem[X,0x0000000080002DBE] -> 0x4AA0
[3164] [M]: 0x0000000080002DBC (0x4AA0BC23) sd a0, 0x4b8(ra)
mem[0x0000000080005EB0] <- 0xFFFFFFFFFFFFFFDF
mem[X,0x0000000080002DC0] -> 0x0513
mem[X,0x0000000080002DC2] -> 0x0010
[3165] [M]: 0x0000000080002DC0 (0x00100513) addi a0, zero, 0x1
x10 <- 0x0000000000000001
mem[X,0x0000000080002DC4] -> 0x1513
mem[X,0x0000000080002DC6] -> 0x0305
[3166] [M]: 0x0000000080002DC4 (0x03051513) slli a0, a0, 0x30
x10 <- 0x0001000000000000
mem[X,0x0000000080002DC8] -> 0x4513
mem[X,0x0000000080002DCA] -> 0xFFF5
[3167] [M]: 0x0000000080002DC8 (0xFFF54513) xori a0, a0, -0x1
x10 <- 0xFFFEFFFFFFFFFFFF
mem[X,0x0000000080002DCC] -> 0x3579
[3168] [M]: 0x0000000080002DCC (0x3579) c.addiw a0, -0x2
x10 <- 0xFFFFFFFFFFFFFFFD
mem[X,0x0000000080002DCE] -> 0xB023
mem[X,0x0000000080002DD0] -> 0x4CA0
[3169] [M]: 0x0000000080002DCE (0x4CA0B023) sd a0, 0x4c0(ra)
mem[0x0000000080005EB8] <- 0xFFFFFFFFFFFFFFFD
mem[X,0x0000000080002DD2] -> 0x0513
mem[X,0x0000000080002DD4] -> 0x0010
[3170] [M]: 0x0000000080002DD2 (0x00100513) addi a0, zero, 0x1
x10 <- 0x0000000000000001
mem[X,0x0000000080002DD6] -> 0x1513
mem[X,0x0000000080002DD8] -> 0x0315
[3171] [M]: 0x0000000080002DD6 (0x03151513) slli a0, a0, 0x31
x10 <- 0x0002000000000000
mem[X,0x0000000080002DDA] -> 0x4513
mem[X,0x0000000080002DDC] -> 0xFFF5
[3172] [M]: 0x0000000080002DDA (0xFFF54513) xori a0, a0, -0x1
x10 <- 0xFFFDFFFFFFFFFFFF
mem[X,0x0000000080002DDE] -> 0x257D
[3173] [M]: 0x0000000080002DDE (0x257D) c.addiw a0, 0x1f
x10 <- 0x000000000000001E
mem[X,0x0000000080002DE0] -> 0xB423
mem[X,0x0000000080002DE2] -> 0x4CA0
[3174] [M]: 0x0000000080002DE0 (0x4CA0B423) sd a0, 0x4c8(ra)
mem[0x0000000080005EC0] <- 0x000000000000001E
mem[X,0x0000000080002DE4] -> 0x006F
mem[X,0x0000000080002DE6] -> 0x0380
[3175] [M]: 0x0000000080002DE4 (0x0380006F) jal zero, 0x38
mem[X,0x0000000080002E1C] -> 0x4085
[3176] [M]: 0x0000000080002E1C (0x4085) c.li ra, 0x1
x1 <- 0x0000000000000001
mem[X,0x0000000080002E1E] -> 0x0F17
mem[X,0x0000000080002E20] -> 0x0000
[3177] [M]: 0x0000000080002E1E (0x00000F17) auipc t5, 0x0
x30 <- 0x0000000080002E1E
mem[X,0x0000000080002E22] -> 0x2123
mem[X,0x0000000080002E24] -> 0x1E1F
[3178] [M]: 0x0000000080002E22 (0x1E1F2123) sw ra, 0x1e2(t5)
htif[0x0000000080003000] <- 0x00000001
mem[X,0x0000000080002E26] -> 0xBFE5
[3179] [M]: 0x0000000080002E26 (0xBFE5) c.j -0x4
mem[X,0x0000000080002E1E] -> 0x0F17
mem[X,0x0000000080002E20] -> 0x0000
[3180] [M]: 0x0000000080002E1E (0x00000F17) auipc t5, 0x0
x30 <- 0x0000000080002E1E
mem[X,0x0000000080002E22] -> 0x2123
mem[X,0x0000000080002E24] -> 0x1E1F
[3181] [M]: 0x0000000080002E22 (0x1E1F2123) sw ra, 0x1e2(t5)
htif[0x0000000080003000] <- 0x00000001
mem[X,0x0000000080002E26] -> 0xBFE5
[3182] [M]: 0x0000000080002E26 (0xBFE5) c.j -0x4
mem[X,0x0000000080002E1E] -> 0x0F17
mem[X,0x0000000080002E20] -> 0x0000
[3183] [M]: 0x0000000080002E1E (0x00000F17) auipc t5, 0x0
x30 <- 0x0000000080002E1E
mem[X,0x0000000080002E22] -> 0x2123
mem[X,0x0000000080002E24] -> 0x1E1F
[3184] [M]: 0x0000000080002E22 (0x1E1F2123) sw ra, 0x1e2(t5)
htif[0x0000000080003000] <- 0x00000001
htif-syscall-proxy cmd: 0x000000000001
SUCCESS
