using /home/mamir/tempo/riscof/riscof_work/rv64i_m/C/src/cbeqz-01.S/ref/Reference-sail_c_simulator.signature for test-signature output.
tohost located at 0x80003000
Running file ref.elf.
ELF Entry @ 0x80000000
begin_signature: 0x80005110
end_signature: 0x800055d0
CSR mstatus <- 0x0000000A00000000 (input: 0x0000000000000000)
mem[X,0x0000000000001000] -> 0x0297
mem[X,0x0000000000001002] -> 0x0000
[0] [M]: 0x0000000000001000 (0x00000297) auipc t0, 0x0
x5 <- 0x0000000000001000
mem[X,0x0000000000001004] -> 0x8593
mem[X,0x0000000000001006] -> 0x0202
[1] [M]: 0x0000000000001004 (0x02028593) addi a1, t0, 0x20
x11 <- 0x0000000000001020
mem[X,0x0000000000001008] -> 0x2573
mem[X,0x000000000000100A] -> 0xF140
[2] [M]: 0x0000000000001008 (0xF1402573) csrrs a0, mhartid, zero
CSR mhartid -> 0x0000000000000000
x10 <- 0x0000000000000000
mem[X,0x000000000000100C] -> 0xB283
mem[X,0x000000000000100E] -> 0x0182
[3] [M]: 0x000000000000100C (0x0182B283) ld t0, 0x18(t0)
mem[R,0x0000000000001018] -> 0x0000000080000000
x5 <- 0x0000000080000000
mem[X,0x0000000000001010] -> 0x8067
mem[X,0x0000000000001012] -> 0x0002
[4] [M]: 0x0000000000001010 (0x00028067) jalr zero, 0x0(t0)
mem[X,0x0000000080000000] -> 0x0837
mem[X,0x0000000080000002] -> 0x7D5C
[5] [M]: 0x0000000080000000 (0x7D5C0837) lui a6, 0x7d5c0
x16 <- 0x000000007D5C0000
mem[X,0x0000000080000004] -> 0x0813
mem[X,0x0000000080000006] -> 0xDDB8
[6] [M]: 0x0000000080000004 (0xDDB80813) addi a6, a6, -0x225
x16 <- 0x000000007D5BFDDB
mem[X,0x0000000080000008] -> 0x1813
mem[X,0x000000008000000A] -> 0x00B8
[7] [M]: 0x0000000080000008 (0x00B81813) slli a6, a6, 0xb
x16 <- 0x000003EADFEED800
mem[X,0x000000008000000C] -> 0x0813
mem[X,0x000000008000000E] -> 0x3EA8
[8] [M]: 0x000000008000000C (0x3EA80813) addi a6, a6, 0x3ea
x16 <- 0x000003EADFEEDBEA
mem[X,0x0000000080000010] -> 0x1813
mem[X,0x0000000080000012] -> 0x00B8
[9] [M]: 0x0000000080000010 (0x00B81813) slli a6, a6, 0xb
x16 <- 0x001F56FF76DF5000
mem[X,0x0000000080000014] -> 0x0813
mem[X,0x0000000080000016] -> 0x6FF8
[10] [M]: 0x0000000080000014 (0x6FF80813) addi a6, a6, 0x6ff
x16 <- 0x001F56FF76DF56FF
mem[X,0x0000000080000018] -> 0x1813
mem[X,0x000000008000001A] -> 0x00A8
[11] [M]: 0x0000000080000018 (0x00A81813) slli a6, a6, 0xa
x16 <- 0x7D5BFDDB7D5BFC00
mem[X,0x000000008000001C] -> 0x0813
mem[X,0x000000008000001E] -> 0x1DB8
[12] [M]: 0x000000008000001C (0x1DB80813) addi a6, a6, 0x1db
x16 <- 0x7D5BFDDB7D5BFDDB
mem[X,0x0000000080000020] -> 0x5893
mem[X,0x0000000080000022] -> 0x0078
[13] [M]: 0x0000000080000020 (0x00785893) srli a7, a6, 0x7
x17 <- 0x00FAB7FBB6FAB7FB
mem[X,0x0000000080000024] -> 0x5793
mem[X,0x0000000080000026] -> 0x0398
[14] [M]: 0x0000000080000024 (0x03985793) srli a5, a6, 0x39
x15 <- 0x000000000000003E
mem[X,0x0000000080000028] -> 0xE8B3
mem[X,0x000000008000002A] -> 0x00F8
[15] [M]: 0x0000000080000028 (0x00F8E8B3) or a7, a7, a5
x17 <- 0x00FAB7FBB6FAB7FF
mem[X,0x000000008000002C] -> 0xD913
mem[X,0x000000008000002E] -> 0x0078
[16] [M]: 0x000000008000002C (0x0078D913) srli s2, a7, 0x7
x18 <- 0x0001F56FF76DF56F
mem[X,0x0000000080000030] -> 0xD793
mem[X,0x0000000080000032] -> 0x0398
[17] [M]: 0x0000000080000030 (0x0398D793) srli a5, a7, 0x39
x15 <- 0x0000000000000000
mem[X,0x0000000080000034] -> 0x6933
mem[X,0x0000000080000036] -> 0x00F9
[18] [M]: 0x0000000080000034 (0x00F96933) or s2, s2, a5
x18 <- 0x0001F56FF76DF56F
mem[X,0x0000000080000038] -> 0x5993
mem[X,0x000000008000003A] -> 0x0079
[19] [M]: 0x0000000080000038 (0x00795993) srli s3, s2, 0x7
x19 <- 0x000003EADFEEDBEA
mem[X,0x000000008000003C] -> 0x5793
mem[X,0x000000008000003E] -> 0x0399
[20] [M]: 0x000000008000003C (0x03995793) srli a5, s2, 0x39
x15 <- 0x0000000000000000
mem[X,0x0000000080000040] -> 0xE9B3
mem[X,0x0000000080000042] -> 0x00F9
[21] [M]: 0x0000000080000040 (0x00F9E9B3) or s3, s3, a5
x19 <- 0x000003EADFEEDBEA
mem[X,0x0000000080000044] -> 0xDA13
mem[X,0x0000000080000046] -> 0x0079
[22] [M]: 0x0000000080000044 (0x0079DA13) srli s4, s3, 0x7
x20 <- 0x00000007D5BFDDB7
mem[X,0x0000000080000048] -> 0xD793
mem[X,0x000000008000004A] -> 0x0399
[23] [M]: 0x0000000080000048 (0x0399D793) srli a5, s3, 0x39
x15 <- 0x0000000000000000
mem[X,0x000000008000004C] -> 0x6A33
mem[X,0x000000008000004E] -> 0x00FA
[24] [M]: 0x000000008000004C (0x00FA6A33) or s4, s4, a5
x20 <- 0x00000007D5BFDDB7
mem[X,0x0000000080000050] -> 0x5A93
mem[X,0x0000000080000052] -> 0x007A
[25] [M]: 0x0000000080000050 (0x007A5A93) srli s5, s4, 0x7
x21 <- 0x000000000FAB7FBB
mem[X,0x0000000080000054] -> 0x5793
mem[X,0x0000000080000056] -> 0x039A
[26] [M]: 0x0000000080000054 (0x039A5793) srli a5, s4, 0x39
x15 <- 0x0000000000000000
mem[X,0x0000000080000058] -> 0xEAB3
mem[X,0x000000008000005A] -> 0x00FA
[27] [M]: 0x0000000080000058 (0x00FAEAB3) or s5, s5, a5
x21 <- 0x000000000FAB7FBB
mem[X,0x000000008000005C] -> 0xDB13
mem[X,0x000000008000005E] -> 0x007A
[28] [M]: 0x000000008000005C (0x007ADB13) srli s6, s5, 0x7
x22 <- 0x00000000001F56FF
mem[X,0x0000000080000060] -> 0xD793
mem[X,0x0000000080000062] -> 0x039A
[29] [M]: 0x0000000080000060 (0x039AD793) srli a5, s5, 0x39
x15 <- 0x0000000000000000
mem[X,0x0000000080000064] -> 0x6B33
mem[X,0x0000000080000066] -> 0x00FB
[30] [M]: 0x0000000080000064 (0x00FB6B33) or s6, s6, a5
x22 <- 0x00000000001F56FF
mem[X,0x0000000080000068] -> 0x5B93
mem[X,0x000000008000006A] -> 0x007B
[31] [M]: 0x0000000080000068 (0x007B5B93) srli s7, s6, 0x7
x23 <- 0x0000000000003EAD
mem[X,0x000000008000006C] -> 0x5793
mem[X,0x000000008000006E] -> 0x039B
[32] [M]: 0x000000008000006C (0x039B5793) srli a5, s6, 0x39
x15 <- 0x0000000000000000
mem[X,0x0000000080000070] -> 0xEBB3
mem[X,0x0000000080000072] -> 0x00FB
[33] [M]: 0x0000000080000070 (0x00FBEBB3) or s7, s7, a5
x23 <- 0x0000000000003EAD
mem[X,0x0000000080000074] -> 0xDC13
mem[X,0x0000000080000076] -> 0x007B
[34] [M]: 0x0000000080000074 (0x007BDC13) srli s8, s7, 0x7
x24 <- 0x000000000000007D
mem[X,0x0000000080000078] -> 0xD793
mem[X,0x000000008000007A] -> 0x039B
[35] [M]: 0x0000000080000078 (0x039BD793) srli a5, s7, 0x39
x15 <- 0x0000000000000000
mem[X,0x000000008000007C] -> 0x6C33
mem[X,0x000000008000007E] -> 0x00FC
[36] [M]: 0x000000008000007C (0x00FC6C33) or s8, s8, a5
x24 <- 0x000000000000007D
mem[X,0x0000000080000080] -> 0x5C93
mem[X,0x0000000080000082] -> 0x007C
[37] [M]: 0x0000000080000080 (0x007C5C93) srli s9, s8, 0x7
x25 <- 0x0000000000000000
mem[X,0x0000000080000084] -> 0x5793
mem[X,0x0000000080000086] -> 0x039C
[38] [M]: 0x0000000080000084 (0x039C5793) srli a5, s8, 0x39
x15 <- 0x0000000000000000
mem[X,0x0000000080000088] -> 0xECB3
mem[X,0x000000008000008A] -> 0x00FC
[39] [M]: 0x0000000080000088 (0x00FCECB3) or s9, s9, a5
x25 <- 0x0000000000000000
mem[X,0x000000008000008C] -> 0xDD13
mem[X,0x000000008000008E] -> 0x007C
[40] [M]: 0x000000008000008C (0x007CDD13) srli s10, s9, 0x7
x26 <- 0x0000000000000000
mem[X,0x0000000080000090] -> 0xD793
mem[X,0x0000000080000092] -> 0x039C
[41] [M]: 0x0000000080000090 (0x039CD793) srli a5, s9, 0x39
x15 <- 0x0000000000000000
mem[X,0x0000000080000094] -> 0x6D33
mem[X,0x0000000080000096] -> 0x00FD
[42] [M]: 0x0000000080000094 (0x00FD6D33) or s10, s10, a5
x26 <- 0x0000000000000000
mem[X,0x0000000080000098] -> 0x5D93
mem[X,0x000000008000009A] -> 0x007D
[43] [M]: 0x0000000080000098 (0x007D5D93) srli s11, s10, 0x7
x27 <- 0x0000000000000000
mem[X,0x000000008000009C] -> 0x5793
mem[X,0x000000008000009E] -> 0x039D
[44] [M]: 0x000000008000009C (0x039D5793) srli a5, s10, 0x39
x15 <- 0x0000000000000000
mem[X,0x00000000800000A0] -> 0xEDB3
mem[X,0x00000000800000A2] -> 0x00FD
[45] [M]: 0x00000000800000A0 (0x00FDEDB3) or s11, s11, a5
x27 <- 0x0000000000000000
mem[X,0x00000000800000A4] -> 0xDE13
mem[X,0x00000000800000A6] -> 0x007D
[46] [M]: 0x00000000800000A4 (0x007DDE13) srli t3, s11, 0x7
x28 <- 0x0000000000000000
mem[X,0x00000000800000A8] -> 0xD793
mem[X,0x00000000800000AA] -> 0x039D
[47] [M]: 0x00000000800000A8 (0x039DD793) srli a5, s11, 0x39
x15 <- 0x0000000000000000
mem[X,0x00000000800000AC] -> 0x6E33
mem[X,0x00000000800000AE] -> 0x00FE
[48] [M]: 0x00000000800000AC (0x00FE6E33) or t3, t3, a5
x28 <- 0x0000000000000000
mem[X,0x00000000800000B0] -> 0x5E93
mem[X,0x00000000800000B2] -> 0x007E
[49] [M]: 0x00000000800000B0 (0x007E5E93) srli t4, t3, 0x7
x29 <- 0x0000000000000000
mem[X,0x00000000800000B4] -> 0x5793
mem[X,0x00000000800000B6] -> 0x039E
[50] [M]: 0x00000000800000B4 (0x039E5793) srli a5, t3, 0x39
x15 <- 0x0000000000000000
mem[X,0x00000000800000B8] -> 0xEEB3
mem[X,0x00000000800000BA] -> 0x00FE
[51] [M]: 0x00000000800000B8 (0x00FEEEB3) or t4, t4, a5
x29 <- 0x0000000000000000
mem[X,0x00000000800000BC] -> 0xDF13
mem[X,0x00000000800000BE] -> 0x007E
[52] [M]: 0x00000000800000BC (0x007EDF13) srli t5, t4, 0x7
x30 <- 0x0000000000000000
mem[X,0x00000000800000C0] -> 0xD793
mem[X,0x00000000800000C2] -> 0x039E
[53] [M]: 0x00000000800000C0 (0x039ED793) srli a5, t4, 0x39
x15 <- 0x0000000000000000
mem[X,0x00000000800000C4] -> 0x6F33
mem[X,0x00000000800000C6] -> 0x00FF
[54] [M]: 0x00000000800000C4 (0x00FF6F33) or t5, t5, a5
x30 <- 0x0000000000000000
mem[X,0x00000000800000C8] -> 0xC0B7
mem[X,0x00000000800000CA] -> 0xFEED
[55] [M]: 0x00000000800000C8 (0xFEEDC0B7) lui ra, -0x1124
x1 <- 0xFFFFFFFFFEEDC000
mem[X,0x00000000800000CC] -> 0x8093
mem[X,0x00000000800000CE] -> 0xEAD0
[56] [M]: 0x00000000800000CC (0xEAD08093) addi ra, ra, -0x153
x1 <- 0xFFFFFFFFFEEDBEAD
mem[X,0x00000000800000D0] -> 0x9093
mem[X,0x00000000800000D2] -> 0x00B0
[57] [M]: 0x00000000800000D0 (0x00B09093) slli ra, ra, 0xb
x1 <- 0xFFFFFFF76DF56800
mem[X,0x00000000800000D4] -> 0x8093
mem[X,0x00000000800000D6] -> 0x7F70
[58] [M]: 0x00000000800000D4 (0x7F708093) addi ra, ra, 0x7f7
x1 <- 0xFFFFFFF76DF56FF7
mem[X,0x00000000800000D8] -> 0x9093
mem[X,0x00000000800000DA] -> 0x00B0
[59] [M]: 0x00000000800000D8 (0x00B09093) slli ra, ra, 0xb
x1 <- 0xFFFFBB6FAB7FB800
mem[X,0x00000000800000DC] -> 0x8093
mem[X,0x00000000800000DE] -> 0x36F0
[60] [M]: 0x00000000800000DC (0x36F08093) addi ra, ra, 0x36f
x1 <- 0xFFFFBB6FAB7FBB6F
mem[X,0x00000000800000E0] -> 0x9093
mem[X,0x00000000800000E2] -> 0x00A0
[61] [M]: 0x00000000800000E0 (0x00A09093) slli ra, ra, 0xa
x1 <- 0xFEEDBEADFEEDBC00
mem[X,0x00000000800000E4] -> 0x8093
mem[X,0x00000000800000E6] -> 0x2AD0
[62] [M]: 0x00000000800000E4 (0x2AD08093) addi ra, ra, 0x2ad
x1 <- 0xFEEDBEADFEEDBEAD
mem[X,0x00000000800000E8] -> 0xD113
mem[X,0x00000000800000EA] -> 0x0070
[63] [M]: 0x00000000800000E8 (0x0070D113) srli sp, ra, 0x7
x2 <- 0x01FDDB7D5BFDDB7D
mem[X,0x00000000800000EC] -> 0xD793
mem[X,0x00000000800000EE] -> 0x0390
[64] [M]: 0x00000000800000EC (0x0390D793) srli a5, ra, 0x39
x15 <- 0x000000000000007F
mem[X,0x00000000800000F0] -> 0x6133
mem[X,0x00000000800000F2] -> 0x00F1
[65] [M]: 0x00000000800000F0 (0x00F16133) or sp, sp, a5
x2 <- 0x01FDDB7D5BFDDB7F
mem[X,0x00000000800000F4] -> 0x5193
mem[X,0x00000000800000F6] -> 0x0071
[66] [M]: 0x00000000800000F4 (0x00715193) srli gp, sp, 0x7
x3 <- 0x0003FBB6FAB7FBB6
mem[X,0x00000000800000F8] -> 0x5793
mem[X,0x00000000800000FA] -> 0x0391
[67] [M]: 0x00000000800000F8 (0x03915793) srli a5, sp, 0x39
x15 <- 0x0000000000000000
mem[X,0x00000000800000FC] -> 0xE1B3
mem[X,0x00000000800000FE] -> 0x00F1
[68] [M]: 0x00000000800000FC (0x00F1E1B3) or gp, gp, a5
x3 <- 0x0003FBB6FAB7FBB6
mem[X,0x0000000080000100] -> 0xD213
mem[X,0x0000000080000102] -> 0x0071
[69] [M]: 0x0000000080000100 (0x0071D213) srli tp, gp, 0x7
x4 <- 0x000007F76DF56FF7
mem[X,0x0000000080000104] -> 0xD793
mem[X,0x0000000080000106] -> 0x0391
[70] [M]: 0x0000000080000104 (0x0391D793) srli a5, gp, 0x39
x15 <- 0x0000000000000000
mem[X,0x0000000080000108] -> 0x6233
mem[X,0x000000008000010A] -> 0x00F2
[71] [M]: 0x0000000080000108 (0x00F26233) or tp, tp, a5
x4 <- 0x000007F76DF56FF7
mem[X,0x000000008000010C] -> 0x5293
mem[X,0x000000008000010E] -> 0x0072
[72] [M]: 0x000000008000010C (0x00725293) srli t0, tp, 0x7
x5 <- 0x0000000FEEDBEADF
mem[X,0x0000000080000110] -> 0x5793
mem[X,0x0000000080000112] -> 0x0392
[73] [M]: 0x0000000080000110 (0x03925793) srli a5, tp, 0x39
x15 <- 0x0000000000000000
mem[X,0x0000000080000114] -> 0xE2B3
mem[X,0x0000000080000116] -> 0x00F2
[74] [M]: 0x0000000080000114 (0x00F2E2B3) or t0, t0, a5
x5 <- 0x0000000FEEDBEADF
mem[X,0x0000000080000118] -> 0xD313
mem[X,0x000000008000011A] -> 0x0072
[75] [M]: 0x0000000080000118 (0x0072D313) srli t1, t0, 0x7
x6 <- 0x000000001FDDB7D5
mem[X,0x000000008000011C] -> 0xD793
mem[X,0x000000008000011E] -> 0x0392
[76] [M]: 0x000000008000011C (0x0392D793) srli a5, t0, 0x39
x15 <- 0x0000000000000000
mem[X,0x0000000080000120] -> 0x6333
mem[X,0x0000000080000122] -> 0x00F3
[77] [M]: 0x0000000080000120 (0x00F36333) or t1, t1, a5
x6 <- 0x000000001FDDB7D5
mem[X,0x0000000080000124] -> 0x5393
mem[X,0x0000000080000126] -> 0x0073
[78] [M]: 0x0000000080000124 (0x00735393) srli t2, t1, 0x7
x7 <- 0x00000000003FBB6F
mem[X,0x0000000080000128] -> 0x5793
mem[X,0x000000008000012A] -> 0x0393
[79] [M]: 0x0000000080000128 (0x03935793) srli a5, t1, 0x39
x15 <- 0x0000000000000000
mem[X,0x000000008000012C] -> 0xE3B3
mem[X,0x000000008000012E] -> 0x00F3
[80] [M]: 0x000000008000012C (0x00F3E3B3) or t2, t2, a5
x7 <- 0x00000000003FBB6F
mem[X,0x0000000080000130] -> 0xD413
mem[X,0x0000000080000132] -> 0x0073
[81] [M]: 0x0000000080000130 (0x0073D413) srli fp, t2, 0x7
x8 <- 0x0000000000007F76
mem[X,0x0000000080000134] -> 0xD793
mem[X,0x0000000080000136] -> 0x0393
[82] [M]: 0x0000000080000134 (0x0393D793) srli a5, t2, 0x39
x15 <- 0x0000000000000000
mem[X,0x0000000080000138] -> 0x6433
mem[X,0x000000008000013A] -> 0x00F4
[83] [M]: 0x0000000080000138 (0x00F46433) or fp, fp, a5
x8 <- 0x0000000000007F76
mem[X,0x000000008000013C] -> 0x5493
mem[X,0x000000008000013E] -> 0x0074
[84] [M]: 0x000000008000013C (0x00745493) srli s1, fp, 0x7
x9 <- 0x00000000000000FE
mem[X,0x0000000080000140] -> 0x5793
mem[X,0x0000000080000142] -> 0x0394
[85] [M]: 0x0000000080000140 (0x03945793) srli a5, fp, 0x39
x15 <- 0x0000000000000000
mem[X,0x0000000080000144] -> 0xE4B3
mem[X,0x0000000080000146] -> 0x00F4
[86] [M]: 0x0000000080000144 (0x00F4E4B3) or s1, s1, a5
x9 <- 0x00000000000000FE
mem[X,0x0000000080000148] -> 0xD513
mem[X,0x000000008000014A] -> 0x0074
[87] [M]: 0x0000000080000148 (0x0074D513) srli a0, s1, 0x7
x10 <- 0x0000000000000001
mem[X,0x000000008000014C] -> 0xD793
mem[X,0x000000008000014E] -> 0x0394
[88] [M]: 0x000000008000014C (0x0394D793) srli a5, s1, 0x39
x15 <- 0x0000000000000000
mem[X,0x0000000080000150] -> 0x6533
mem[X,0x0000000080000152] -> 0x00F5
[89] [M]: 0x0000000080000150 (0x00F56533) or a0, a0, a5
x10 <- 0x0000000000000001
mem[X,0x0000000080000154] -> 0x5593
mem[X,0x0000000080000156] -> 0x0075
[90] [M]: 0x0000000080000154 (0x00755593) srli a1, a0, 0x7
x11 <- 0x0000000000000000
mem[X,0x0000000080000158] -> 0x5793
mem[X,0x000000008000015A] -> 0x0395
[91] [M]: 0x0000000080000158 (0x03955793) srli a5, a0, 0x39
x15 <- 0x0000000000000000
mem[X,0x000000008000015C] -> 0xE5B3
mem[X,0x000000008000015E] -> 0x00F5
[92] [M]: 0x000000008000015C (0x00F5E5B3) or a1, a1, a5
x11 <- 0x0000000000000000
mem[X,0x0000000080000160] -> 0xD613
mem[X,0x0000000080000162] -> 0x0075
[93] [M]: 0x0000000080000160 (0x0075D613) srli a2, a1, 0x7
x12 <- 0x0000000000000000
mem[X,0x0000000080000164] -> 0xD793
mem[X,0x0000000080000166] -> 0x0395
[94] [M]: 0x0000000080000164 (0x0395D793) srli a5, a1, 0x39
x15 <- 0x0000000000000000
mem[X,0x0000000080000168] -> 0x6633
mem[X,0x000000008000016A] -> 0x00F6
[95] [M]: 0x0000000080000168 (0x00F66633) or a2, a2, a5
x12 <- 0x0000000000000000
mem[X,0x000000008000016C] -> 0x5693
mem[X,0x000000008000016E] -> 0x0076
[96] [M]: 0x000000008000016C (0x00765693) srli a3, a2, 0x7
x13 <- 0x0000000000000000
mem[X,0x0000000080000170] -> 0x5793
mem[X,0x0000000080000172] -> 0x0396
[97] [M]: 0x0000000080000170 (0x03965793) srli a5, a2, 0x39
x15 <- 0x0000000000000000
mem[X,0x0000000080000174] -> 0xE6B3
mem[X,0x0000000080000176] -> 0x00F6
[98] [M]: 0x0000000080000174 (0x00F6E6B3) or a3, a3, a5
x13 <- 0x0000000000000000
mem[X,0x0000000080000178] -> 0x0013
mem[X,0x000000008000017A] -> 0x0000
[99] [M]: 0x0000000080000178 (0x00000013) addi zero, zero, 0x0
clint::tick mtime <- 0x0000000000000001
 clint timer pending at mtime 0x0000000000000001
htif::tick 0x0000000000000000
mem[X,0x000000008000017C] -> 0x0013
mem[X,0x000000008000017E] -> 0x0000
[100] [M]: 0x000000008000017C (0x00000013) addi zero, zero, 0x0
mem[X,0x0000000080000180] -> 0x5097
mem[X,0x0000000080000182] -> 0x0000
[101] [M]: 0x0000000080000180 (0x00005097) auipc ra, 0x5
x1 <- 0x0000000080005180
mem[X,0x0000000080000184] -> 0x8093
mem[X,0x0000000080000186] -> 0xF980
[102] [M]: 0x0000000080000184 (0xF9808093) addi ra, ra, -0x68
x1 <- 0x0000000080005118
mem[X,0x0000000080000188] -> 0x0013
mem[X,0x000000008000018A] -> 0x0000
[103] [M]: 0x0000000080000188 (0x00000013) addi zero, zero, 0x0
mem[X,0x000000008000018C] -> 0x0013
mem[X,0x000000008000018E] -> 0x0000
[104] [M]: 0x000000008000018C (0x00000013) addi zero, zero, 0x0
mem[X,0x0000000080000190] -> 0x0013
mem[X,0x0000000080000192] -> 0x0000
[105] [M]: 0x0000000080000190 (0x00000013) addi zero, zero, 0x0
mem[X,0x0000000080000194] -> 0x0013
mem[X,0x0000000080000196] -> 0x0000
[106] [M]: 0x0000000080000194 (0x00000013) addi zero, zero, 0x0
mem[X,0x0000000080000198] -> 0x0013
mem[X,0x000000008000019A] -> 0x0000
[107] [M]: 0x0000000080000198 (0x00000013) addi zero, zero, 0x0
mem[X,0x000000008000019C] -> 0x0013
mem[X,0x000000008000019E] -> 0x0000
[108] [M]: 0x000000008000019C (0x00000013) addi zero, zero, 0x0
mem[X,0x00000000800001A0] -> 0x0593
mem[X,0x00000000800001A2] -> 0xFFF0
[109] [M]: 0x00000000800001A0 (0xFFF00593) addi a1, zero, -0x1
x11 <- 0xFFFFFFFFFFFFFFFF
mem[X,0x00000000800001A4] -> 0x9593
mem[X,0x00000000800001A6] -> 0x03F5
[110] [M]: 0x00000000800001A4 (0x03F59593) slli a1, a1, 0x3f
x11 <- 0x8000000000000000
mem[X,0x00000000800001A8] -> 0xA031
[111] [M]: 0x00000000800001A8 (0xA031) c.j 0x6
mem[X,0x00000000800001B4] -> 0xDDE5
[112] [M]: 0x00000000800001B4 (0xDDE5) c.beqz a1, -0x4
mem[X,0x00000000800001B6] -> 0x0113
mem[X,0x00000000800001B8] -> 0x0021
[113] [M]: 0x00000000800001B6 (0x00210113) addi sp, sp, 0x2
x2 <- 0x01FDDB7D5BFDDB81
mem[X,0x00000000800001BA] -> 0x006F
mem[X,0x00000000800001BC] -> 0x0060
[114] [M]: 0x00000000800001BA (0x0060006F) jal zero, 0x6
mem[X,0x00000000800001C0] -> 0xB023
mem[X,0x00000000800001C2] -> 0x0020
[115] [M]: 0x00000000800001C0 (0x0020B023) sd sp, 0x0(ra)
mem[0x0000000080005118] <- 0x01FDDB7D5BFDDB81
mem[X,0x00000000800001C4] -> 0x0693
mem[X,0x00000000800001C6] -> 0x0000
[116] [M]: 0x00000000800001C4 (0x00000693) addi a3, zero, 0x0
x13 <- 0x0000000000000000
mem[X,0x00000000800001C8] -> 0xA031
[117] [M]: 0x00000000800001C8 (0xA031) c.j 0x6
mem[X,0x00000000800001D4] -> 0xC6CD
[118] [M]: 0x00000000800001D4 (0xC6CD) c.beqz a3, 0x55
mem[X,0x000000008000027E] -> 0x010D
[119] [M]: 0x000000008000027E (0x010D) c.addi sp, 0x3
x2 <- 0x01FDDB7D5BFDDB84
mem[X,0x0000000080000280] -> 0xB423
mem[X,0x0000000080000282] -> 0x0020
[120] [M]: 0x0000000080000280 (0x0020B423) sd sp, 0x8(ra)
mem[0x0000000080005120] <- 0x01FDDB7D5BFDDB84
mem[X,0x0000000080000284] -> 0x0613
mem[X,0x0000000080000286] -> 0xFFF0
[121] [M]: 0x0000000080000284 (0xFFF00613) addi a2, zero, -0x1
x12 <- 0xFFFFFFFFFFFFFFFF
mem[X,0x0000000080000288] -> 0x5613
mem[X,0x000000008000028A] -> 0x0016
[122] [M]: 0x0000000080000288 (0x00165613) srli a2, a2, 0x1
x12 <- 0x7FFFFFFFFFFFFFFF
mem[X,0x000000008000028C] -> 0xA031
[123] [M]: 0x000000008000028C (0xA031) c.j 0x6
mem[X,0x0000000080000298] -> 0xC241
[124] [M]: 0x0000000080000298 (0xC241) c.beqz a2, 0x40
mem[X,0x000000008000029A] -> 0x0113
mem[X,0x000000008000029C] -> 0x0021
[125] [M]: 0x000000008000029A (0x00210113) addi sp, sp, 0x2
x2 <- 0x01FDDB7D5BFDDB86
mem[X,0x000000008000029E] -> 0x006F
mem[X,0x00000000800002A0] -> 0x07C0
[126] [M]: 0x000000008000029E (0x07C0006F) jal zero, 0x7c
mem[X,0x000000008000031A] -> 0xB823
mem[X,0x000000008000031C] -> 0x0020
[127] [M]: 0x000000008000031A (0x0020B823) sd sp, 0x10(ra)
mem[0x0000000080005128] <- 0x01FDDB7D5BFDDB86
mem[X,0x000000008000031E] -> 0x0513
mem[X,0x0000000080000320] -> 0x0010
[128] [M]: 0x000000008000031E (0x00100513) addi a0, zero, 0x1
x10 <- 0x0000000000000001
mem[X,0x0000000080000322] -> 0xA031
[129] [M]: 0x0000000080000322 (0xA031) c.j 0x6
mem[X,0x000000008000032E] -> 0xC509
[130] [M]: 0x000000008000032E (0xC509) c.beqz a0, 0x5
mem[X,0x0000000080000330] -> 0x0113
mem[X,0x0000000080000332] -> 0x0021
[131] [M]: 0x0000000080000330 (0x00210113) addi sp, sp, 0x2
x2 <- 0x01FDDB7D5BFDDB88
mem[X,0x0000000080000334] -> 0x006F
mem[X,0x0000000080000336] -> 0x0060
[132] [M]: 0x0000000080000334 (0x0060006F) jal zero, 0x6
mem[X,0x000000008000033A] -> 0xBC23
mem[X,0x000000008000033C] -> 0x0020
[133] [M]: 0x000000008000033A (0x0020BC23) sd sp, 0x18(ra)
mem[0x0000000080005130] <- 0x01FDDB7D5BFDDB88
mem[X,0x000000008000033E] -> 0x07B7
mem[X,0x0000000080000340] -> 0x0000
[134] [M]: 0x000000008000033E (0x000007B7) lui a5, 0x0
x15 <- 0x0000000000000000
mem[X,0x0000000080000342] -> 0x8793
mem[X,0x0000000080000344] -> 0xFFF7
[135] [M]: 0x0000000080000342 (0xFFF78793) addi a5, a5, -0x1
x15 <- 0xFFFFFFFFFFFFFFFF
mem[X,0x0000000080000346] -> 0x9793
mem[X,0x0000000080000348] -> 0x00B7
[136] [M]: 0x0000000080000346 (0x00B79793) slli a5, a5, 0xb
x15 <- 0xFFFFFFFFFFFFF800
mem[X,0x000000008000034A] -> 0x8793
mem[X,0x000000008000034C] -> 0x2577
[137] [M]: 0x000000008000034A (0x25778793) addi a5, a5, 0x257
x15 <- 0xFFFFFFFFFFFFFA57
mem[X,0x000000008000034E] -> 0x9793
mem[X,0x0000000080000350] -> 0x00B7
[138] [M]: 0x000000008000034E (0x00B79793) slli a5, a5, 0xb
x15 <- 0xFFFFFFFFFFD2B800
mem[X,0x0000000080000352] -> 0x8793
mem[X,0x0000000080000354] -> 0x6C37
[139] [M]: 0x0000000080000352 (0x6C378793) addi a5, a5, 0x6c3
x15 <- 0xFFFFFFFFFFD2BEC3
mem[X,0x0000000080000356] -> 0x9793
mem[X,0x0000000080000358] -> 0x00A7
[140] [M]: 0x0000000080000356 (0x00A79793) slli a5, a5, 0xa
x15 <- 0xFFFFFFFF4AFB0C00
mem[X,0x000000008000035A] -> 0x8793
mem[X,0x000000008000035C] -> 0x0CD7
[141] [M]: 0x000000008000035A (0x0CD78793) addi a5, a5, 0xcd
x15 <- 0xFFFFFFFF4AFB0CCD
mem[X,0x000000008000035E] -> 0xA031
[142] [M]: 0x000000008000035E (0xA031) c.j 0x6
mem[X,0x000000008000036A] -> 0xC3C1
[143] [M]: 0x000000008000036A (0xC3C1) c.beqz a5, 0x40
mem[X,0x000000008000036C] -> 0x0113
mem[X,0x000000008000036E] -> 0x0021
[144] [M]: 0x000000008000036C (0x00210113) addi sp, sp, 0x2
x2 <- 0x01FDDB7D5BFDDB8A
mem[X,0x0000000080000370] -> 0x006F
mem[X,0x0000000080000372] -> 0x07C0
[145] [M]: 0x0000000080000370 (0x07C0006F) jal zero, 0x7c
mem[X,0x00000000800003EC] -> 0xB023
mem[X,0x00000000800003EE] -> 0x0220
[146] [M]: 0x00000000800003EC (0x0220B023) sd sp, 0x20(ra)
mem[0x0000000080005138] <- 0x01FDDB7D5BFDDB8A
mem[X,0x00000000800003F0] -> 0x0713
mem[X,0x00000000800003F2] -> 0x0010
[147] [M]: 0x00000000800003F0 (0x00100713) addi a4, zero, 0x1
x14 <- 0x0000000000000001
mem[X,0x00000000800003F4] -> 0x1713
mem[X,0x00000000800003F6] -> 0x0117
[148] [M]: 0x00000000800003F4 (0x01171713) slli a4, a4, 0x11
x14 <- 0x0000000000020000
mem[X,0x00000000800003F8] -> 0xA809
[149] [M]: 0x00000000800003F8 (0xA809) c.j 0x9
mem[X,0x000000008000040A] -> 0xDB6D
[150] [M]: 0x000000008000040A (0xDB6D) c.beqz a4, -0x7
mem[X,0x000000008000040C] -> 0x0113
mem[X,0x000000008000040E] -> 0x0021
[151] [M]: 0x000000008000040C (0x00210113) addi sp, sp, 0x2
x2 <- 0x01FDDB7D5BFDDB8C
mem[X,0x0000000080000410] -> 0x006F
mem[X,0x0000000080000412] -> 0x0060
[152] [M]: 0x0000000080000410 (0x0060006F) jal zero, 0x6
mem[X,0x0000000080000416] -> 0xB423
mem[X,0x0000000080000418] -> 0x0220
[153] [M]: 0x0000000080000416 (0x0220B423) sd sp, 0x28(ra)
mem[0x0000000080005140] <- 0x01FDDB7D5BFDDB8C
mem[X,0x000000008000041A] -> 0x0413
mem[X,0x000000008000041C] -> 0x0000
[154] [M]: 0x000000008000041A (0x00000413) addi fp, zero, 0x0
x8 <- 0x0000000000000000
mem[X,0x000000008000041E] -> 0xA051
[155] [M]: 0x000000008000041E (0xA051) c.j 0x42
mem[X,0x00000000800004A2] -> 0xD041
[156] [M]: 0x00000000800004A2 (0xD041) c.beqz s0, -0x40
mem[X,0x0000000080000422] -> 0x0113
mem[X,0x0000000080000424] -> 0x0011
[157] [M]: 0x0000000080000422 (0x00110113) addi sp, sp, 0x1
x2 <- 0x01FDDB7D5BFDDB8D
mem[X,0x0000000080000426] -> 0x006F
mem[X,0x0000000080000428] -> 0x0880
[158] [M]: 0x0000000080000426 (0x0880006F) jal zero, 0x88
mem[X,0x00000000800004AE] -> 0xB823
mem[X,0x00000000800004B0] -> 0x0220
[159] [M]: 0x00000000800004AE (0x0220B823) sd sp, 0x30(ra)
mem[0x0000000080005148] <- 0x01FDDB7D5BFDDB8D
mem[X,0x00000000800004B2] -> 0x0493
mem[X,0x00000000800004B4] -> 0x0020
[160] [M]: 0x00000000800004B2 (0x00200493) addi s1, zero, 0x2
x9 <- 0x0000000000000002
mem[X,0x00000000800004B6] -> 0xA809
[161] [M]: 0x00000000800004B6 (0xA809) c.j 0x9
mem[X,0x00000000800004C8] -> 0xD8ED
[162] [M]: 0x00000000800004C8 (0xD8ED) c.beqz s1, -0x7
mem[X,0x00000000800004CA] -> 0x0113
mem[X,0x00000000800004CC] -> 0x0021
[163] [M]: 0x00000000800004CA (0x00210113) addi sp, sp, 0x2
x2 <- 0x01FDDB7D5BFDDB8F
mem[X,0x00000000800004CE] -> 0x006F
mem[X,0x00000000800004D0] -> 0x0060
[164] [M]: 0x00000000800004CE (0x0060006F) jal zero, 0x6
mem[X,0x00000000800004D4] -> 0xBC23
mem[X,0x00000000800004D6] -> 0x0220
[165] [M]: 0x00000000800004D4 (0x0220BC23) sd sp, 0x38(ra)
mem[0x0000000080005150] <- 0x01FDDB7D5BFDDB8F
mem[X,0x00000000800004D8] -> 0x0513
mem[X,0x00000000800004DA] -> 0x0040
[166] [M]: 0x00000000800004D8 (0x00400513) addi a0, zero, 0x4
x10 <- 0x0000000000000004
mem[X,0x00000000800004DC] -> 0xA031
[167] [M]: 0x00000000800004DC (0xA031) c.j 0x6
mem[X,0x00000000800004E8] -> 0xC509
[168] [M]: 0x00000000800004E8 (0xC509) c.beqz a0, 0x5
mem[X,0x00000000800004EA] -> 0x0113
mem[X,0x00000000800004EC] -> 0x0021
[169] [M]: 0x00000000800004EA (0x00210113) addi sp, sp, 0x2
x2 <- 0x01FDDB7D5BFDDB91
mem[X,0x00000000800004EE] -> 0x006F
mem[X,0x00000000800004F0] -> 0x0060
[170] [M]: 0x00000000800004EE (0x0060006F) jal zero, 0x6
mem[X,0x00000000800004F4] -> 0xB023
mem[X,0x00000000800004F6] -> 0x0420
[171] [M]: 0x00000000800004F4 (0x0420B023) sd sp, 0x40(ra)
mem[0x0000000080005158] <- 0x01FDDB7D5BFDDB91
mem[X,0x00000000800004F8] -> 0x0513
mem[X,0x00000000800004FA] -> 0x0080
[172] [M]: 0x00000000800004F8 (0x00800513) addi a0, zero, 0x8
x10 <- 0x0000000000000008
mem[X,0x00000000800004FC] -> 0xA031
[173] [M]: 0x00000000800004FC (0xA031) c.j 0x6
mem[X,0x0000000080000508] -> 0xC509
[174] [M]: 0x0000000080000508 (0xC509) c.beqz a0, 0x5
mem[X,0x000000008000050A] -> 0x0113
mem[X,0x000000008000050C] -> 0x0021
[175] [M]: 0x000000008000050A (0x00210113) addi sp, sp, 0x2
x2 <- 0x01FDDB7D5BFDDB93
mem[X,0x000000008000050E] -> 0x006F
mem[X,0x0000000080000510] -> 0x0060
[176] [M]: 0x000000008000050E (0x0060006F) jal zero, 0x6
mem[X,0x0000000080000514] -> 0xB423
mem[X,0x0000000080000516] -> 0x0420
[177] [M]: 0x0000000080000514 (0x0420B423) sd sp, 0x48(ra)
mem[0x0000000080005160] <- 0x01FDDB7D5BFDDB93
mem[X,0x0000000080000518] -> 0x0513
mem[X,0x000000008000051A] -> 0x0100
[178] [M]: 0x0000000080000518 (0x01000513) addi a0, zero, 0x10
x10 <- 0x0000000000000010
mem[X,0x000000008000051C] -> 0xA845
[179] [M]: 0x000000008000051C (0xA845) c.j 0x58
mem[X,0x00000000800005CC] -> 0xD931
[180] [M]: 0x00000000800005CC (0xD931) c.beqz a0, -0x56
mem[X,0x00000000800005CE] -> 0x0113
mem[X,0x00000000800005D0] -> 0x0021
[181] [M]: 0x00000000800005CE (0x00210113) addi sp, sp, 0x2
x2 <- 0x01FDDB7D5BFDDB95
mem[X,0x00000000800005D2] -> 0x006F
mem[X,0x00000000800005D4] -> 0x0060
[182] [M]: 0x00000000800005D2 (0x0060006F) jal zero, 0x6
mem[X,0x00000000800005D8] -> 0xB823
mem[X,0x00000000800005DA] -> 0x0420
[183] [M]: 0x00000000800005D8 (0x0420B823) sd sp, 0x50(ra)
mem[0x0000000080005168] <- 0x01FDDB7D5BFDDB95
mem[X,0x00000000800005DC] -> 0x0513
mem[X,0x00000000800005DE] -> 0x0200
[184] [M]: 0x00000000800005DC (0x02000513) addi a0, zero, 0x20
x10 <- 0x0000000000000020
mem[X,0x00000000800005E0] -> 0xA031
[185] [M]: 0x00000000800005E0 (0xA031) c.j 0x6
mem[X,0x00000000800005EC] -> 0xC901
[186] [M]: 0x00000000800005EC (0xC901) c.beqz a0, 0x8
mem[X,0x00000000800005EE] -> 0x0113
mem[X,0x00000000800005F0] -> 0x0021
[187] [M]: 0x00000000800005EE (0x00210113) addi sp, sp, 0x2
x2 <- 0x01FDDB7D5BFDDB97
mem[X,0x00000000800005F2] -> 0x006F
mem[X,0x00000000800005F4] -> 0x00C0
[188] [M]: 0x00000000800005F2 (0x00C0006F) jal zero, 0xc
mem[X,0x00000000800005FE] -> 0xBC23
mem[X,0x0000000080000600] -> 0x0420
[189] [M]: 0x00000000800005FE (0x0420BC23) sd sp, 0x58(ra)
mem[0x0000000080005170] <- 0x01FDDB7D5BFDDB97
mem[X,0x0000000080000602] -> 0x0513
mem[X,0x0000000080000604] -> 0x0400
[190] [M]: 0x0000000080000602 (0x04000513) addi a0, zero, 0x40
x10 <- 0x0000000000000040
mem[X,0x0000000080000606] -> 0xA059
[191] [M]: 0x0000000080000606 (0xA059) c.j 0x43
mem[X,0x000000008000068C] -> 0xDD3D
[192] [M]: 0x000000008000068C (0xDD3D) c.beqz a0, -0x41
mem[X,0x000000008000068E] -> 0x0113
mem[X,0x0000000080000690] -> 0x0021
[193] [M]: 0x000000008000068E (0x00210113) addi sp, sp, 0x2
x2 <- 0x01FDDB7D5BFDDB99
mem[X,0x0000000080000692] -> 0x006F
mem[X,0x0000000080000694] -> 0x0060
[194] [M]: 0x0000000080000692 (0x0060006F) jal zero, 0x6
mem[X,0x0000000080000698] -> 0xB023
mem[X,0x000000008000069A] -> 0x0620
[195] [M]: 0x0000000080000698 (0x0620B023) sd sp, 0x60(ra)
mem[0x0000000080005178] <- 0x01FDDB7D5BFDDB99
mem[X,0x000000008000069C] -> 0x0513
mem[X,0x000000008000069E] -> 0x0800
[196] [M]: 0x000000008000069C (0x08000513) addi a0, zero, 0x80
x10 <- 0x0000000000000080
mem[X,0x00000000800006A0] -> 0xA031
[197] [M]: 0x00000000800006A0 (0xA031) c.j 0x6
mem[X,0x00000000800006AC] -> 0xDD65
[198] [M]: 0x00000000800006AC (0xDD65) c.beqz a0, -0x4
mem[X,0x00000000800006AE] -> 0x0113
mem[X,0x00000000800006B0] -> 0x0021
[199] [M]: 0x00000000800006AE (0x00210113) addi sp, sp, 0x2
x2 <- 0x01FDDB7D5BFDDB9B
clint::tick mtime <- 0x0000000000000002
 clint timer pending at mtime 0x0000000000000002
htif::tick 0x0000000000000000
mem[X,0x00000000800006B2] -> 0x006F
mem[X,0x00000000800006B4] -> 0x0060
[200] [M]: 0x00000000800006B2 (0x0060006F) jal zero, 0x6
mem[X,0x00000000800006B8] -> 0xB423
mem[X,0x00000000800006BA] -> 0x0620
[201] [M]: 0x00000000800006B8 (0x0620B423) sd sp, 0x68(ra)
mem[0x0000000080005180] <- 0x01FDDB7D5BFDDB9B
mem[X,0x00000000800006BC] -> 0x0513
mem[X,0x00000000800006BE] -> 0x1000
[202] [M]: 0x00000000800006BC (0x10000513) addi a0, zero, 0x100
x10 <- 0x0000000000000100
mem[X,0x00000000800006C0] -> 0xA031
[203] [M]: 0x00000000800006C0 (0xA031) c.j 0x6
mem[X,0x00000000800006CC] -> 0xC105
[204] [M]: 0x00000000800006CC (0xC105) c.beqz a0, 0x10
mem[X,0x00000000800006CE] -> 0x0113
mem[X,0x00000000800006D0] -> 0x0021
[205] [M]: 0x00000000800006CE (0x00210113) addi sp, sp, 0x2
x2 <- 0x01FDDB7D5BFDDB9D
mem[X,0x00000000800006D2] -> 0x006F
mem[X,0x00000000800006D4] -> 0x01C0
[206] [M]: 0x00000000800006D2 (0x01C0006F) jal zero, 0x1c
mem[X,0x00000000800006EE] -> 0xB823
mem[X,0x00000000800006F0] -> 0x0620
[207] [M]: 0x00000000800006EE (0x0620B823) sd sp, 0x70(ra)
mem[0x0000000080005188] <- 0x01FDDB7D5BFDDB9D
mem[X,0x00000000800006F2] -> 0x0513
mem[X,0x00000000800006F4] -> 0x2000
[208] [M]: 0x00000000800006F2 (0x20000513) addi a0, zero, 0x200
x10 <- 0x0000000000000200
mem[X,0x00000000800006F6] -> 0xA031
[209] [M]: 0x00000000800006F6 (0xA031) c.j 0x6
mem[X,0x0000000080000702] -> 0xDD65
[210] [M]: 0x0000000080000702 (0xDD65) c.beqz a0, -0x4
mem[X,0x0000000080000704] -> 0x0113
mem[X,0x0000000080000706] -> 0x0021
[211] [M]: 0x0000000080000704 (0x00210113) addi sp, sp, 0x2
x2 <- 0x01FDDB7D5BFDDB9F
mem[X,0x0000000080000708] -> 0x006F
mem[X,0x000000008000070A] -> 0x0060
[212] [M]: 0x0000000080000708 (0x0060006F) jal zero, 0x6
mem[X,0x000000008000070E] -> 0xBC23
mem[X,0x0000000080000710] -> 0x0620
[213] [M]: 0x000000008000070E (0x0620BC23) sd sp, 0x78(ra)
mem[0x0000000080005190] <- 0x01FDDB7D5BFDDB9F
mem[X,0x0000000080000712] -> 0x0513
mem[X,0x0000000080000714] -> 0x4000
[214] [M]: 0x0000000080000712 (0x40000513) addi a0, zero, 0x400
x10 <- 0x0000000000000400
mem[X,0x0000000080000716] -> 0xA031
[215] [M]: 0x0000000080000716 (0xA031) c.j 0x6
mem[X,0x0000000080000722] -> 0xC509
[216] [M]: 0x0000000080000722 (0xC509) c.beqz a0, 0x5
mem[X,0x0000000080000724] -> 0x0113
mem[X,0x0000000080000726] -> 0x0021
[217] [M]: 0x0000000080000724 (0x00210113) addi sp, sp, 0x2
x2 <- 0x01FDDB7D5BFDDBA1
mem[X,0x0000000080000728] -> 0x006F
mem[X,0x000000008000072A] -> 0x0060
[218] [M]: 0x0000000080000728 (0x0060006F) jal zero, 0x6
mem[X,0x000000008000072E] -> 0xB023
mem[X,0x0000000080000730] -> 0x0820
[219] [M]: 0x000000008000072E (0x0820B023) sd sp, 0x80(ra)
mem[0x0000000080005198] <- 0x01FDDB7D5BFDDBA1
mem[X,0x0000000080000732] -> 0x0513
mem[X,0x0000000080000734] -> 0x0010
[220] [M]: 0x0000000080000732 (0x00100513) addi a0, zero, 0x1
x10 <- 0x0000000000000001
mem[X,0x0000000080000736] -> 0x1513
mem[X,0x0000000080000738] -> 0x00B5
[221] [M]: 0x0000000080000736 (0x00B51513) slli a0, a0, 0xb
x10 <- 0x0000000000000800
mem[X,0x000000008000073A] -> 0xA809
[222] [M]: 0x000000008000073A (0xA809) c.j 0x9
mem[X,0x000000008000074C] -> 0xD96D
[223] [M]: 0x000000008000074C (0xD96D) c.beqz a0, -0x7
mem[X,0x000000008000074E] -> 0x0113
mem[X,0x0000000080000750] -> 0x0021
[224] [M]: 0x000000008000074E (0x00210113) addi sp, sp, 0x2
x2 <- 0x01FDDB7D5BFDDBA3
mem[X,0x0000000080000752] -> 0x006F
mem[X,0x0000000080000754] -> 0x0060
[225] [M]: 0x0000000080000752 (0x0060006F) jal zero, 0x6
mem[X,0x0000000080000758] -> 0xB423
mem[X,0x000000008000075A] -> 0x0820
[226] [M]: 0x0000000080000758 (0x0820B423) sd sp, 0x88(ra)
mem[0x00000000800051A0] <- 0x01FDDB7D5BFDDBA3
mem[X,0x000000008000075C] -> 0x0513
mem[X,0x000000008000075E] -> 0x0010
[227] [M]: 0x000000008000075C (0x00100513) addi a0, zero, 0x1
x10 <- 0x0000000000000001
mem[X,0x0000000080000760] -> 0x1513
mem[X,0x0000000080000762] -> 0x00C5
[228] [M]: 0x0000000080000760 (0x00C51513) slli a0, a0, 0xc
x10 <- 0x0000000000001000
mem[X,0x0000000080000764] -> 0xA031
[229] [M]: 0x0000000080000764 (0xA031) c.j 0x6
mem[X,0x0000000080000770] -> 0xC909
[230] [M]: 0x0000000080000770 (0xC909) c.beqz a0, 0x9
mem[X,0x0000000080000772] -> 0x0113
mem[X,0x0000000080000774] -> 0x0021
[231] [M]: 0x0000000080000772 (0x00210113) addi sp, sp, 0x2
x2 <- 0x01FDDB7D5BFDDBA5
mem[X,0x0000000080000776] -> 0x006F
mem[X,0x0000000080000778] -> 0x00E0
[232] [M]: 0x0000000080000776 (0x00E0006F) jal zero, 0xe
mem[X,0x0000000080000784] -> 0xB823
mem[X,0x0000000080000786] -> 0x0820
[233] [M]: 0x0000000080000784 (0x0820B823) sd sp, 0x90(ra)
mem[0x00000000800051A8] <- 0x01FDDB7D5BFDDBA5
mem[X,0x0000000080000788] -> 0x0513
mem[X,0x000000008000078A] -> 0x0010
[234] [M]: 0x0000000080000788 (0x00100513) addi a0, zero, 0x1
x10 <- 0x0000000000000001
mem[X,0x000000008000078C] -> 0x1513
mem[X,0x000000008000078E] -> 0x00D5
[235] [M]: 0x000000008000078C (0x00D51513) slli a0, a0, 0xd
x10 <- 0x0000000000002000
mem[X,0x0000000080000790] -> 0xA845
[236] [M]: 0x0000000080000790 (0xA845) c.j 0x58
mem[X,0x0000000080000840] -> 0xD931
[237] [M]: 0x0000000080000840 (0xD931) c.beqz a0, -0x56
mem[X,0x0000000080000842] -> 0x0113
mem[X,0x0000000080000844] -> 0x0021
[238] [M]: 0x0000000080000842 (0x00210113) addi sp, sp, 0x2
x2 <- 0x01FDDB7D5BFDDBA7
mem[X,0x0000000080000846] -> 0x006F
mem[X,0x0000000080000848] -> 0x0060
[239] [M]: 0x0000000080000846 (0x0060006F) jal zero, 0x6
mem[X,0x000000008000084C] -> 0xBC23
mem[X,0x000000008000084E] -> 0x0820
[240] [M]: 0x000000008000084C (0x0820BC23) sd sp, 0x98(ra)
mem[0x00000000800051B0] <- 0x01FDDB7D5BFDDBA7
mem[X,0x0000000080000850] -> 0x0513
mem[X,0x0000000080000852] -> 0x0010
[241] [M]: 0x0000000080000850 (0x00100513) addi a0, zero, 0x1
x10 <- 0x0000000000000001
mem[X,0x0000000080000854] -> 0x1513
mem[X,0x0000000080000856] -> 0x00E5
[242] [M]: 0x0000000080000854 (0x00E51513) slli a0, a0, 0xe
x10 <- 0x0000000000004000
mem[X,0x0000000080000858] -> 0xA031
[243] [M]: 0x0000000080000858 (0xA031) c.j 0x6
mem[X,0x0000000080000864] -> 0xC509
[244] [M]: 0x0000000080000864 (0xC509) c.beqz a0, 0x5
mem[X,0x0000000080000866] -> 0x0113
mem[X,0x0000000080000868] -> 0x0021
[245] [M]: 0x0000000080000866 (0x00210113) addi sp, sp, 0x2
x2 <- 0x01FDDB7D5BFDDBA9
mem[X,0x000000008000086A] -> 0x006F
mem[X,0x000000008000086C] -> 0x0060
[246] [M]: 0x000000008000086A (0x0060006F) jal zero, 0x6
mem[X,0x0000000080000870] -> 0xB023
mem[X,0x0000000080000872] -> 0x0A20
[247] [M]: 0x0000000080000870 (0x0A20B023) sd sp, 0xa0(ra)
mem[0x00000000800051B8] <- 0x01FDDB7D5BFDDBA9
mem[X,0x0000000080000874] -> 0x0513
mem[X,0x0000000080000876] -> 0x0010
[248] [M]: 0x0000000080000874 (0x00100513) addi a0, zero, 0x1
x10 <- 0x0000000000000001
mem[X,0x0000000080000878] -> 0x1513
mem[X,0x000000008000087A] -> 0x00F5
[249] [M]: 0x0000000080000878 (0x00F51513) slli a0, a0, 0xf
x10 <- 0x0000000000008000
mem[X,0x000000008000087C] -> 0xA031
[250] [M]: 0x000000008000087C (0xA031) c.j 0x6
mem[X,0x0000000080000888] -> 0xDD65
[251] [M]: 0x0000000080000888 (0xDD65) c.beqz a0, -0x4
mem[X,0x000000008000088A] -> 0x0113
mem[X,0x000000008000088C] -> 0x0021
[252] [M]: 0x000000008000088A (0x00210113) addi sp, sp, 0x2
x2 <- 0x01FDDB7D5BFDDBAB
mem[X,0x000000008000088E] -> 0x006F
mem[X,0x0000000080000890] -> 0x0060
[253] [M]: 0x000000008000088E (0x0060006F) jal zero, 0x6
mem[X,0x0000000080000894] -> 0xB423
mem[X,0x0000000080000896] -> 0x0A20
[254] [M]: 0x0000000080000894 (0x0A20B423) sd sp, 0xa8(ra)
mem[0x00000000800051C0] <- 0x01FDDB7D5BFDDBAB
mem[X,0x0000000080000898] -> 0x0513
mem[X,0x000000008000089A] -> 0x0010
[255] [M]: 0x0000000080000898 (0x00100513) addi a0, zero, 0x1
x10 <- 0x0000000000000001
mem[X,0x000000008000089C] -> 0x1513
mem[X,0x000000008000089E] -> 0x0105
[256] [M]: 0x000000008000089C (0x01051513) slli a0, a0, 0x10
x10 <- 0x0000000000010000
mem[X,0x00000000800008A0] -> 0xA801
[257] [M]: 0x00000000800008A0 (0xA801) c.j 0x8
mem[X,0x00000000800008B0] -> 0xD975
[258] [M]: 0x00000000800008B0 (0xD975) c.beqz a0, -0x6
mem[X,0x00000000800008B2] -> 0x0113
mem[X,0x00000000800008B4] -> 0x0021
[259] [M]: 0x00000000800008B2 (0x00210113) addi sp, sp, 0x2
x2 <- 0x01FDDB7D5BFDDBAD
mem[X,0x00000000800008B6] -> 0x006F
mem[X,0x00000000800008B8] -> 0x0060
[260] [M]: 0x00000000800008B6 (0x0060006F) jal zero, 0x6
mem[X,0x00000000800008BC] -> 0xB823
mem[X,0x00000000800008BE] -> 0x0A20
[261] [M]: 0x00000000800008BC (0x0A20B823) sd sp, 0xb0(ra)
mem[0x00000000800051C8] <- 0x01FDDB7D5BFDDBAD
mem[X,0x00000000800008C0] -> 0x0513
mem[X,0x00000000800008C2] -> 0x0010
[262] [M]: 0x00000000800008C0 (0x00100513) addi a0, zero, 0x1
x10 <- 0x0000000000000001
mem[X,0x00000000800008C4] -> 0x1513
mem[X,0x00000000800008C6] -> 0x0125
[263] [M]: 0x00000000800008C4 (0x01251513) slli a0, a0, 0x12
x10 <- 0x0000000000040000
mem[X,0x00000000800008C8] -> 0xA031
[264] [M]: 0x00000000800008C8 (0xA031) c.j 0x6
mem[X,0x00000000800008D4] -> 0xDD65
[265] [M]: 0x00000000800008D4 (0xDD65) c.beqz a0, -0x4
mem[X,0x00000000800008D6] -> 0x0113
mem[X,0x00000000800008D8] -> 0x0021
[266] [M]: 0x00000000800008D6 (0x00210113) addi sp, sp, 0x2
x2 <- 0x01FDDB7D5BFDDBAF
mem[X,0x00000000800008DA] -> 0x006F
mem[X,0x00000000800008DC] -> 0x0060
[267] [M]: 0x00000000800008DA (0x0060006F) jal zero, 0x6
mem[X,0x00000000800008E0] -> 0xBC23
mem[X,0x00000000800008E2] -> 0x0A20
[268] [M]: 0x00000000800008E0 (0x0A20BC23) sd sp, 0xb8(ra)
mem[0x00000000800051D0] <- 0x01FDDB7D5BFDDBAF
mem[X,0x00000000800008E4] -> 0x0513
mem[X,0x00000000800008E6] -> 0x0010
[269] [M]: 0x00000000800008E4 (0x00100513) addi a0, zero, 0x1
x10 <- 0x0000000000000001
mem[X,0x00000000800008E8] -> 0x1513
mem[X,0x00000000800008EA] -> 0x0135
[270] [M]: 0x00000000800008E8 (0x01351513) slli a0, a0, 0x13
x10 <- 0x0000000000080000
mem[X,0x00000000800008EC] -> 0xA031
[271] [M]: 0x00000000800008EC (0xA031) c.j 0x6
mem[X,0x00000000800008F8] -> 0xC105
[272] [M]: 0x00000000800008F8 (0xC105) c.beqz a0, 0x10
mem[X,0x00000000800008FA] -> 0x0113
mem[X,0x00000000800008FC] -> 0x0021
[273] [M]: 0x00000000800008FA (0x00210113) addi sp, sp, 0x2
x2 <- 0x01FDDB7D5BFDDBB1
mem[X,0x00000000800008FE] -> 0x006F
mem[X,0x0000000080000900] -> 0x01C0
[274] [M]: 0x00000000800008FE (0x01C0006F) jal zero, 0x1c
mem[X,0x000000008000091A] -> 0xB023
mem[X,0x000000008000091C] -> 0x0C20
[275] [M]: 0x000000008000091A (0x0C20B023) sd sp, 0xc0(ra)
mem[0x00000000800051D8] <- 0x01FDDB7D5BFDDBB1
mem[X,0x000000008000091E] -> 0x0513
mem[X,0x0000000080000920] -> 0x0010
[276] [M]: 0x000000008000091E (0x00100513) addi a0, zero, 0x1
x10 <- 0x0000000000000001
mem[X,0x0000000080000922] -> 0x1513
mem[X,0x0000000080000924] -> 0x0145
[277] [M]: 0x0000000080000922 (0x01451513) slli a0, a0, 0x14
x10 <- 0x0000000000100000
mem[X,0x0000000080000926] -> 0xA811
[278] [M]: 0x0000000080000926 (0xA811) c.j 0xa
mem[X,0x000000008000093A] -> 0xD965
[279] [M]: 0x000000008000093A (0xD965) c.beqz a0, -0x8
mem[X,0x000000008000093C] -> 0x0113
mem[X,0x000000008000093E] -> 0x0021
[280] [M]: 0x000000008000093C (0x00210113) addi sp, sp, 0x2
x2 <- 0x01FDDB7D5BFDDBB3
mem[X,0x0000000080000940] -> 0x006F
mem[X,0x0000000080000942] -> 0x0060
[281] [M]: 0x0000000080000940 (0x0060006F) jal zero, 0x6
mem[X,0x0000000080000946] -> 0xB423
mem[X,0x0000000080000948] -> 0x0C20
[282] [M]: 0x0000000080000946 (0x0C20B423) sd sp, 0xc8(ra)
mem[0x00000000800051E0] <- 0x01FDDB7D5BFDDBB3
mem[X,0x000000008000094A] -> 0x0513
mem[X,0x000000008000094C] -> 0x0010
[283] [M]: 0x000000008000094A (0x00100513) addi a0, zero, 0x1
x10 <- 0x0000000000000001
mem[X,0x000000008000094E] -> 0x1513
mem[X,0x0000000080000950] -> 0x0155
[284] [M]: 0x000000008000094E (0x01551513) slli a0, a0, 0x15
x10 <- 0x0000000000200000
mem[X,0x0000000080000952] -> 0xA099
[285] [M]: 0x0000000080000952 (0xA099) c.j 0x23
mem[X,0x0000000080000998] -> 0xDD5D
[286] [M]: 0x0000000080000998 (0xDD5D) c.beqz a0, -0x21
mem[X,0x000000008000099A] -> 0x0113
mem[X,0x000000008000099C] -> 0x0021
[287] [M]: 0x000000008000099A (0x00210113) addi sp, sp, 0x2
x2 <- 0x01FDDB7D5BFDDBB5
mem[X,0x000000008000099E] -> 0x006F
mem[X,0x00000000800009A0] -> 0x0060
[288] [M]: 0x000000008000099E (0x0060006F) jal zero, 0x6
mem[X,0x00000000800009A4] -> 0xB823
mem[X,0x00000000800009A6] -> 0x0C20
[289] [M]: 0x00000000800009A4 (0x0C20B823) sd sp, 0xd0(ra)
mem[0x00000000800051E8] <- 0x01FDDB7D5BFDDBB5
mem[X,0x00000000800009A8] -> 0x0513
mem[X,0x00000000800009AA] -> 0x0010
[290] [M]: 0x00000000800009A8 (0x00100513) addi a0, zero, 0x1
x10 <- 0x0000000000000001
mem[X,0x00000000800009AC] -> 0x1513
mem[X,0x00000000800009AE] -> 0x0165
[291] [M]: 0x00000000800009AC (0x01651513) slli a0, a0, 0x16
x10 <- 0x0000000000400000
mem[X,0x00000000800009B0] -> 0xA059
[292] [M]: 0x00000000800009B0 (0xA059) c.j 0x43
mem[X,0x0000000080000A36] -> 0xDD3D
[293] [M]: 0x0000000080000A36 (0xDD3D) c.beqz a0, -0x41
mem[X,0x0000000080000A38] -> 0x0113
mem[X,0x0000000080000A3A] -> 0x0021
[294] [M]: 0x0000000080000A38 (0x00210113) addi sp, sp, 0x2
x2 <- 0x01FDDB7D5BFDDBB7
mem[X,0x0000000080000A3C] -> 0x006F
mem[X,0x0000000080000A3E] -> 0x0060
[295] [M]: 0x0000000080000A3C (0x0060006F) jal zero, 0x6
mem[X,0x0000000080000A42] -> 0xBC23
mem[X,0x0000000080000A44] -> 0x0C20
[296] [M]: 0x0000000080000A42 (0x0C20BC23) sd sp, 0xd8(ra)
mem[0x00000000800051F0] <- 0x01FDDB7D5BFDDBB7
mem[X,0x0000000080000A46] -> 0x0513
mem[X,0x0000000080000A48] -> 0x0010
[297] [M]: 0x0000000080000A46 (0x00100513) addi a0, zero, 0x1
x10 <- 0x0000000000000001
mem[X,0x0000000080000A4A] -> 0x1513
mem[X,0x0000000080000A4C] -> 0x0175
[298] [M]: 0x0000000080000A4A (0x01751513) slli a0, a0, 0x17
x10 <- 0x0000000000800000
mem[X,0x0000000080000A4E] -> 0xA031
[299] [M]: 0x0000000080000A4E (0xA031) c.j 0x6
clint::tick mtime <- 0x0000000000000003
 clint timer pending at mtime 0x0000000000000003
htif::tick 0x0000000000000000
mem[X,0x0000000080000A5A] -> 0xC901
[300] [M]: 0x0000000080000A5A (0xC901) c.beqz a0, 0x8
mem[X,0x0000000080000A5C] -> 0x0113
mem[X,0x0000000080000A5E] -> 0x0021
[301] [M]: 0x0000000080000A5C (0x00210113) addi sp, sp, 0x2
x2 <- 0x01FDDB7D5BFDDBB9
mem[X,0x0000000080000A60] -> 0x006F
mem[X,0x0000000080000A62] -> 0x00C0
[302] [M]: 0x0000000080000A60 (0x00C0006F) jal zero, 0xc
mem[X,0x0000000080000A6C] -> 0xB023
mem[X,0x0000000080000A6E] -> 0x0E20
[303] [M]: 0x0000000080000A6C (0x0E20B023) sd sp, 0xe0(ra)
mem[0x00000000800051F8] <- 0x01FDDB7D5BFDDBB9
mem[X,0x0000000080000A70] -> 0x0513
mem[X,0x0000000080000A72] -> 0x0010
[304] [M]: 0x0000000080000A70 (0x00100513) addi a0, zero, 0x1
x10 <- 0x0000000000000001
mem[X,0x0000000080000A74] -> 0x1513
mem[X,0x0000000080000A76] -> 0x0185
[305] [M]: 0x0000000080000A74 (0x01851513) slli a0, a0, 0x18
x10 <- 0x0000000001000000
mem[X,0x0000000080000A78] -> 0xA845
[306] [M]: 0x0000000080000A78 (0xA845) c.j 0x58
mem[X,0x0000000080000B28] -> 0xD931
[307] [M]: 0x0000000080000B28 (0xD931) c.beqz a0, -0x56
mem[X,0x0000000080000B2A] -> 0x0113
mem[X,0x0000000080000B2C] -> 0x0021
[308] [M]: 0x0000000080000B2A (0x00210113) addi sp, sp, 0x2
x2 <- 0x01FDDB7D5BFDDBBB
mem[X,0x0000000080000B2E] -> 0x006F
mem[X,0x0000000080000B30] -> 0x0060
[309] [M]: 0x0000000080000B2E (0x0060006F) jal zero, 0x6
mem[X,0x0000000080000B34] -> 0xB423
mem[X,0x0000000080000B36] -> 0x0E20
[310] [M]: 0x0000000080000B34 (0x0E20B423) sd sp, 0xe8(ra)
mem[0x0000000080005200] <- 0x01FDDB7D5BFDDBBB
mem[X,0x0000000080000B38] -> 0x0513
mem[X,0x0000000080000B3A] -> 0x0010
[311] [M]: 0x0000000080000B38 (0x00100513) addi a0, zero, 0x1
x10 <- 0x0000000000000001
mem[X,0x0000000080000B3C] -> 0x1513
mem[X,0x0000000080000B3E] -> 0x0195
[312] [M]: 0x0000000080000B3C (0x01951513) slli a0, a0, 0x19
x10 <- 0x0000000002000000
mem[X,0x0000000080000B40] -> 0xA099
[313] [M]: 0x0000000080000B40 (0xA099) c.j 0x23
mem[X,0x0000000080000B86] -> 0xDD5D
[314] [M]: 0x0000000080000B86 (0xDD5D) c.beqz a0, -0x21
mem[X,0x0000000080000B88] -> 0x0113
mem[X,0x0000000080000B8A] -> 0x0021
[315] [M]: 0x0000000080000B88 (0x00210113) addi sp, sp, 0x2
x2 <- 0x01FDDB7D5BFDDBBD
mem[X,0x0000000080000B8C] -> 0x006F
mem[X,0x0000000080000B8E] -> 0x0060
[316] [M]: 0x0000000080000B8C (0x0060006F) jal zero, 0x6
mem[X,0x0000000080000B92] -> 0xB823
mem[X,0x0000000080000B94] -> 0x0E20
[317] [M]: 0x0000000080000B92 (0x0E20B823) sd sp, 0xf0(ra)
mem[0x0000000080005208] <- 0x01FDDB7D5BFDDBBD
mem[X,0x0000000080000B96] -> 0x0513
mem[X,0x0000000080000B98] -> 0x0010
[318] [M]: 0x0000000080000B96 (0x00100513) addi a0, zero, 0x1
x10 <- 0x0000000000000001
mem[X,0x0000000080000B9A] -> 0x1513
mem[X,0x0000000080000B9C] -> 0x01A5
[319] [M]: 0x0000000080000B9A (0x01A51513) slli a0, a0, 0x1a
x10 <- 0x0000000004000000
mem[X,0x0000000080000B9E] -> 0xA031
[320] [M]: 0x0000000080000B9E (0xA031) c.j 0x6
mem[X,0x0000000080000BAA] -> 0xC509
[321] [M]: 0x0000000080000BAA (0xC509) c.beqz a0, 0x5
mem[X,0x0000000080000BAC] -> 0x0113
mem[X,0x0000000080000BAE] -> 0x0021
[322] [M]: 0x0000000080000BAC (0x00210113) addi sp, sp, 0x2
x2 <- 0x01FDDB7D5BFDDBBF
mem[X,0x0000000080000BB0] -> 0x006F
mem[X,0x0000000080000BB2] -> 0x0060
[323] [M]: 0x0000000080000BB0 (0x0060006F) jal zero, 0x6
mem[X,0x0000000080000BB6] -> 0xBC23
mem[X,0x0000000080000BB8] -> 0x0E20
[324] [M]: 0x0000000080000BB6 (0x0E20BC23) sd sp, 0xf8(ra)
mem[0x0000000080005210] <- 0x01FDDB7D5BFDDBBF
mem[X,0x0000000080000BBA] -> 0x0513
mem[X,0x0000000080000BBC] -> 0x0010
[325] [M]: 0x0000000080000BBA (0x00100513) addi a0, zero, 0x1
x10 <- 0x0000000000000001
mem[X,0x0000000080000BBE] -> 0x1513
mem[X,0x0000000080000BC0] -> 0x01B5
[326] [M]: 0x0000000080000BBE (0x01B51513) slli a0, a0, 0x1b
x10 <- 0x0000000008000000
mem[X,0x0000000080000BC2] -> 0xA051
[327] [M]: 0x0000000080000BC2 (0xA051) c.j 0x42
mem[X,0x0000000080000C46] -> 0xD141
[328] [M]: 0x0000000080000C46 (0xD141) c.beqz a0, -0x40
mem[X,0x0000000080000C48] -> 0x0113
mem[X,0x0000000080000C4A] -> 0x0021
[329] [M]: 0x0000000080000C48 (0x00210113) addi sp, sp, 0x2
x2 <- 0x01FDDB7D5BFDDBC1
mem[X,0x0000000080000C4C] -> 0x006F
mem[X,0x0000000080000C4E] -> 0x0060
[330] [M]: 0x0000000080000C4C (0x0060006F) jal zero, 0x6
mem[X,0x0000000080000C52] -> 0xB023
mem[X,0x0000000080000C54] -> 0x1020
[331] [M]: 0x0000000080000C52 (0x1020B023) sd sp, 0x100(ra)
mem[0x0000000080005218] <- 0x01FDDB7D5BFDDBC1
mem[X,0x0000000080000C56] -> 0x0513
mem[X,0x0000000080000C58] -> 0x0010
[332] [M]: 0x0000000080000C56 (0x00100513) addi a0, zero, 0x1
x10 <- 0x0000000000000001
mem[X,0x0000000080000C5A] -> 0x1513
mem[X,0x0000000080000C5C] -> 0x01C5
[333] [M]: 0x0000000080000C5A (0x01C51513) slli a0, a0, 0x1c
x10 <- 0x0000000010000000
mem[X,0x0000000080000C5E] -> 0xA031
[334] [M]: 0x0000000080000C5E (0xA031) c.j 0x6
mem[X,0x0000000080000C6A] -> 0xC909
[335] [M]: 0x0000000080000C6A (0xC909) c.beqz a0, 0x9
mem[X,0x0000000080000C6C] -> 0x0113
mem[X,0x0000000080000C6E] -> 0x0021
[336] [M]: 0x0000000080000C6C (0x00210113) addi sp, sp, 0x2
x2 <- 0x01FDDB7D5BFDDBC3
mem[X,0x0000000080000C70] -> 0x006F
mem[X,0x0000000080000C72] -> 0x00E0
[337] [M]: 0x0000000080000C70 (0x00E0006F) jal zero, 0xe
mem[X,0x0000000080000C7E] -> 0xB423
mem[X,0x0000000080000C80] -> 0x1020
[338] [M]: 0x0000000080000C7E (0x1020B423) sd sp, 0x108(ra)
mem[0x0000000080005220] <- 0x01FDDB7D5BFDDBC3
mem[X,0x0000000080000C82] -> 0x0513
mem[X,0x0000000080000C84] -> 0x0010
[339] [M]: 0x0000000080000C82 (0x00100513) addi a0, zero, 0x1
x10 <- 0x0000000000000001
mem[X,0x0000000080000C86] -> 0x1513
mem[X,0x0000000080000C88] -> 0x01D5
[340] [M]: 0x0000000080000C86 (0x01D51513) slli a0, a0, 0x1d
x10 <- 0x0000000020000000
mem[X,0x0000000080000C8A] -> 0xA099
[341] [M]: 0x0000000080000C8A (0xA099) c.j 0x23
mem[X,0x0000000080000CD0] -> 0xDD5D
[342] [M]: 0x0000000080000CD0 (0xDD5D) c.beqz a0, -0x21
mem[X,0x0000000080000CD2] -> 0x0113
mem[X,0x0000000080000CD4] -> 0x0021
[343] [M]: 0x0000000080000CD2 (0x00210113) addi sp, sp, 0x2
x2 <- 0x01FDDB7D5BFDDBC5
mem[X,0x0000000080000CD6] -> 0x006F
mem[X,0x0000000080000CD8] -> 0x0060
[344] [M]: 0x0000000080000CD6 (0x0060006F) jal zero, 0x6
mem[X,0x0000000080000CDC] -> 0xB823
mem[X,0x0000000080000CDE] -> 0x1020
[345] [M]: 0x0000000080000CDC (0x1020B823) sd sp, 0x110(ra)
mem[0x0000000080005228] <- 0x01FDDB7D5BFDDBC5
mem[X,0x0000000080000CE0] -> 0x0513
mem[X,0x0000000080000CE2] -> 0x0010
[346] [M]: 0x0000000080000CE0 (0x00100513) addi a0, zero, 0x1
x10 <- 0x0000000000000001
mem[X,0x0000000080000CE4] -> 0x1513
mem[X,0x0000000080000CE6] -> 0x01E5
[347] [M]: 0x0000000080000CE4 (0x01E51513) slli a0, a0, 0x1e
x10 <- 0x0000000040000000
mem[X,0x0000000080000CE8] -> 0xA809
[348] [M]: 0x0000000080000CE8 (0xA809) c.j 0x9
mem[X,0x0000000080000CFA] -> 0xD96D
[349] [M]: 0x0000000080000CFA (0xD96D) c.beqz a0, -0x7
mem[X,0x0000000080000CFC] -> 0x0113
mem[X,0x0000000080000CFE] -> 0x0021
[350] [M]: 0x0000000080000CFC (0x00210113) addi sp, sp, 0x2
x2 <- 0x01FDDB7D5BFDDBC7
mem[X,0x0000000080000D00] -> 0x006F
mem[X,0x0000000080000D02] -> 0x0060
[351] [M]: 0x0000000080000D00 (0x0060006F) jal zero, 0x6
mem[X,0x0000000080000D06] -> 0xBC23
mem[X,0x0000000080000D08] -> 0x1020
[352] [M]: 0x0000000080000D06 (0x1020BC23) sd sp, 0x118(ra)
mem[0x0000000080005230] <- 0x01FDDB7D5BFDDBC7
mem[X,0x0000000080000D0A] -> 0x0513
mem[X,0x0000000080000D0C] -> 0x0010
[353] [M]: 0x0000000080000D0A (0x00100513) addi a0, zero, 0x1
x10 <- 0x0000000000000001
mem[X,0x0000000080000D0E] -> 0x1513
mem[X,0x0000000080000D10] -> 0x01F5
[354] [M]: 0x0000000080000D0E (0x01F51513) slli a0, a0, 0x1f
x10 <- 0x0000000080000000
mem[X,0x0000000080000D12] -> 0xA819
[355] [M]: 0x0000000080000D12 (0xA819) c.j 0xb
mem[X,0x0000000080000D28] -> 0xD57D
[356] [M]: 0x0000000080000D28 (0xD57D) c.beqz a0, -0x9
mem[X,0x0000000080000D2A] -> 0x0113
mem[X,0x0000000080000D2C] -> 0x0021
[357] [M]: 0x0000000080000D2A (0x00210113) addi sp, sp, 0x2
x2 <- 0x01FDDB7D5BFDDBC9
mem[X,0x0000000080000D2E] -> 0x006F
mem[X,0x0000000080000D30] -> 0x0060
[358] [M]: 0x0000000080000D2E (0x0060006F) jal zero, 0x6
mem[X,0x0000000080000D34] -> 0xB023
mem[X,0x0000000080000D36] -> 0x1220
[359] [M]: 0x0000000080000D34 (0x1220B023) sd sp, 0x120(ra)
mem[0x0000000080005238] <- 0x01FDDB7D5BFDDBC9
mem[X,0x0000000080000D38] -> 0x0513
mem[X,0x0000000080000D3A] -> 0x0010
[360] [M]: 0x0000000080000D38 (0x00100513) addi a0, zero, 0x1
x10 <- 0x0000000000000001
mem[X,0x0000000080000D3C] -> 0x1513
mem[X,0x0000000080000D3E] -> 0x0205
[361] [M]: 0x0000000080000D3C (0x02051513) slli a0, a0, 0x20
x10 <- 0x0000000100000000
mem[X,0x0000000080000D40] -> 0xA031
[362] [M]: 0x0000000080000D40 (0xA031) c.j 0x6
mem[X,0x0000000080000D4C] -> 0xC54D
[363] [M]: 0x0000000080000D4C (0xC54D) c.beqz a0, 0x55
mem[X,0x0000000080000D4E] -> 0x0113
mem[X,0x0000000080000D50] -> 0x0021
[364] [M]: 0x0000000080000D4E (0x00210113) addi sp, sp, 0x2
x2 <- 0x01FDDB7D5BFDDBCB
mem[X,0x0000000080000D52] -> 0x006F
mem[X,0x0000000080000D54] -> 0x0A60
[365] [M]: 0x0000000080000D52 (0x0A60006F) jal zero, 0xa6
mem[X,0x0000000080000DF8] -> 0xB423
mem[X,0x0000000080000DFA] -> 0x1220
[366] [M]: 0x0000000080000DF8 (0x1220B423) sd sp, 0x128(ra)
mem[0x0000000080005240] <- 0x01FDDB7D5BFDDBCB
mem[X,0x0000000080000DFC] -> 0x0513
mem[X,0x0000000080000DFE] -> 0x0010
[367] [M]: 0x0000000080000DFC (0x00100513) addi a0, zero, 0x1
x10 <- 0x0000000000000001
mem[X,0x0000000080000E00] -> 0x1513
mem[X,0x0000000080000E02] -> 0x0215
[368] [M]: 0x0000000080000E00 (0x02151513) slli a0, a0, 0x21
x10 <- 0x0000000200000000
mem[X,0x0000000080000E04] -> 0xA031
[369] [M]: 0x0000000080000E04 (0xA031) c.j 0x6
mem[X,0x0000000080000E10] -> 0xC901
[370] [M]: 0x0000000080000E10 (0xC901) c.beqz a0, 0x8
mem[X,0x0000000080000E12] -> 0x0113
mem[X,0x0000000080000E14] -> 0x0021
[371] [M]: 0x0000000080000E12 (0x00210113) addi sp, sp, 0x2
x2 <- 0x01FDDB7D5BFDDBCD
mem[X,0x0000000080000E16] -> 0x006F
mem[X,0x0000000080000E18] -> 0x00C0
[372] [M]: 0x0000000080000E16 (0x00C0006F) jal zero, 0xc
mem[X,0x0000000080000E22] -> 0xB823
mem[X,0x0000000080000E24] -> 0x1220
[373] [M]: 0x0000000080000E22 (0x1220B823) sd sp, 0x130(ra)
mem[0x0000000080005248] <- 0x01FDDB7D5BFDDBCD
mem[X,0x0000000080000E26] -> 0x0513
mem[X,0x0000000080000E28] -> 0x0010
[374] [M]: 0x0000000080000E26 (0x00100513) addi a0, zero, 0x1
x10 <- 0x0000000000000001
mem[X,0x0000000080000E2A] -> 0x1513
mem[X,0x0000000080000E2C] -> 0x0225
[375] [M]: 0x0000000080000E2A (0x02251513) slli a0, a0, 0x22
x10 <- 0x0000000400000000
mem[X,0x0000000080000E2E] -> 0xA821
[376] [M]: 0x0000000080000E2E (0xA821) c.j 0xc
mem[X,0x0000000080000E46] -> 0xD575
[377] [M]: 0x0000000080000E46 (0xD575) c.beqz a0, -0xa
mem[X,0x0000000080000E48] -> 0x0113
mem[X,0x0000000080000E4A] -> 0x0021
[378] [M]: 0x0000000080000E48 (0x00210113) addi sp, sp, 0x2
x2 <- 0x01FDDB7D5BFDDBCF
mem[X,0x0000000080000E4C] -> 0x006F
mem[X,0x0000000080000E4E] -> 0x0060
[379] [M]: 0x0000000080000E4C (0x0060006F) jal zero, 0x6
mem[X,0x0000000080000E52] -> 0xBC23
mem[X,0x0000000080000E54] -> 0x1220
[380] [M]: 0x0000000080000E52 (0x1220BC23) sd sp, 0x138(ra)
mem[0x0000000080005250] <- 0x01FDDB7D5BFDDBCF
mem[X,0x0000000080000E56] -> 0x0513
mem[X,0x0000000080000E58] -> 0x0010
[381] [M]: 0x0000000080000E56 (0x00100513) addi a0, zero, 0x1
x10 <- 0x0000000000000001
mem[X,0x0000000080000E5A] -> 0x1513
mem[X,0x0000000080000E5C] -> 0x0235
[382] [M]: 0x0000000080000E5A (0x02351513) slli a0, a0, 0x23
x10 <- 0x0000000800000000
mem[X,0x0000000080000E5E] -> 0xA809
[383] [M]: 0x0000000080000E5E (0xA809) c.j 0x9
mem[X,0x0000000080000E70] -> 0xD96D
[384] [M]: 0x0000000080000E70 (0xD96D) c.beqz a0, -0x7
mem[X,0x0000000080000E72] -> 0x0113
mem[X,0x0000000080000E74] -> 0x0021
[385] [M]: 0x0000000080000E72 (0x00210113) addi sp, sp, 0x2
x2 <- 0x01FDDB7D5BFDDBD1
mem[X,0x0000000080000E76] -> 0x006F
mem[X,0x0000000080000E78] -> 0x0060
[386] [M]: 0x0000000080000E76 (0x0060006F) jal zero, 0x6
mem[X,0x0000000080000E7C] -> 0xB023
mem[X,0x0000000080000E7E] -> 0x1420
[387] [M]: 0x0000000080000E7C (0x1420B023) sd sp, 0x140(ra)
mem[0x0000000080005258] <- 0x01FDDB7D5BFDDBD1
mem[X,0x0000000080000E80] -> 0x0513
mem[X,0x0000000080000E82] -> 0x0010
[388] [M]: 0x0000000080000E80 (0x00100513) addi a0, zero, 0x1
x10 <- 0x0000000000000001
mem[X,0x0000000080000E84] -> 0x1513
mem[X,0x0000000080000E86] -> 0x0245
[389] [M]: 0x0000000080000E84 (0x02451513) slli a0, a0, 0x24
x10 <- 0x0000001000000000
mem[X,0x0000000080000E88] -> 0xA809
[390] [M]: 0x0000000080000E88 (0xA809) c.j 0x9
mem[X,0x0000000080000E9A] -> 0xD96D
[391] [M]: 0x0000000080000E9A (0xD96D) c.beqz a0, -0x7
mem[X,0x0000000080000E9C] -> 0x0113
mem[X,0x0000000080000E9E] -> 0x0021
[392] [M]: 0x0000000080000E9C (0x00210113) addi sp, sp, 0x2
x2 <- 0x01FDDB7D5BFDDBD3
mem[X,0x0000000080000EA0] -> 0x006F
mem[X,0x0000000080000EA2] -> 0x0060
[393] [M]: 0x0000000080000EA0 (0x0060006F) jal zero, 0x6
mem[X,0x0000000080000EA6] -> 0xB423
mem[X,0x0000000080000EA8] -> 0x1420
[394] [M]: 0x0000000080000EA6 (0x1420B423) sd sp, 0x148(ra)
mem[0x0000000080005260] <- 0x01FDDB7D5BFDDBD3
mem[X,0x0000000080000EAA] -> 0x0513
mem[X,0x0000000080000EAC] -> 0x0010
[395] [M]: 0x0000000080000EAA (0x00100513) addi a0, zero, 0x1
x10 <- 0x0000000000000001
mem[X,0x0000000080000EAE] -> 0x1513
mem[X,0x0000000080000EB0] -> 0x0255
[396] [M]: 0x0000000080000EAE (0x02551513) slli a0, a0, 0x25
x10 <- 0x0000002000000000
mem[X,0x0000000080000EB2] -> 0xA059
[397] [M]: 0x0000000080000EB2 (0xA059) c.j 0x43
mem[X,0x0000000080000F38] -> 0xDD3D
[398] [M]: 0x0000000080000F38 (0xDD3D) c.beqz a0, -0x41
mem[X,0x0000000080000F3A] -> 0x0113
mem[X,0x0000000080000F3C] -> 0x0021
[399] [M]: 0x0000000080000F3A (0x00210113) addi sp, sp, 0x2
x2 <- 0x01FDDB7D5BFDDBD5
clint::tick mtime <- 0x0000000000000004
 clint timer pending at mtime 0x0000000000000004
htif::tick 0x0000000000000000
mem[X,0x0000000080000F3E] -> 0x006F
mem[X,0x0000000080000F40] -> 0x0060
[400] [M]: 0x0000000080000F3E (0x0060006F) jal zero, 0x6
mem[X,0x0000000080000F44] -> 0xB823
mem[X,0x0000000080000F46] -> 0x1420
[401] [M]: 0x0000000080000F44 (0x1420B823) sd sp, 0x150(ra)
mem[0x0000000080005268] <- 0x01FDDB7D5BFDDBD5
mem[X,0x0000000080000F48] -> 0x0513
mem[X,0x0000000080000F4A] -> 0x0010
[402] [M]: 0x0000000080000F48 (0x00100513) addi a0, zero, 0x1
x10 <- 0x0000000000000001
mem[X,0x0000000080000F4C] -> 0x1513
mem[X,0x0000000080000F4E] -> 0x0265
[403] [M]: 0x0000000080000F4C (0x02651513) slli a0, a0, 0x26
x10 <- 0x0000004000000000
mem[X,0x0000000080000F50] -> 0xA031
[404] [M]: 0x0000000080000F50 (0xA031) c.j 0x6
mem[X,0x0000000080000F5C] -> 0xC509
[405] [M]: 0x0000000080000F5C (0xC509) c.beqz a0, 0x5
mem[X,0x0000000080000F5E] -> 0x0113
mem[X,0x0000000080000F60] -> 0x0021
[406] [M]: 0x0000000080000F5E (0x00210113) addi sp, sp, 0x2
x2 <- 0x01FDDB7D5BFDDBD7
mem[X,0x0000000080000F62] -> 0x006F
mem[X,0x0000000080000F64] -> 0x0060
[407] [M]: 0x0000000080000F62 (0x0060006F) jal zero, 0x6
mem[X,0x0000000080000F68] -> 0xBC23
mem[X,0x0000000080000F6A] -> 0x1420
[408] [M]: 0x0000000080000F68 (0x1420BC23) sd sp, 0x158(ra)
mem[0x0000000080005270] <- 0x01FDDB7D5BFDDBD7
mem[X,0x0000000080000F6C] -> 0x0513
mem[X,0x0000000080000F6E] -> 0x0010
[409] [M]: 0x0000000080000F6C (0x00100513) addi a0, zero, 0x1
x10 <- 0x0000000000000001
mem[X,0x0000000080000F70] -> 0x1513
mem[X,0x0000000080000F72] -> 0x0275
[410] [M]: 0x0000000080000F70 (0x02751513) slli a0, a0, 0x27
x10 <- 0x0000008000000000
mem[X,0x0000000080000F74] -> 0xA031
[411] [M]: 0x0000000080000F74 (0xA031) c.j 0x6
mem[X,0x0000000080000F80] -> 0xDD65
[412] [M]: 0x0000000080000F80 (0xDD65) c.beqz a0, -0x4
mem[X,0x0000000080000F82] -> 0x0113
mem[X,0x0000000080000F84] -> 0x0021
[413] [M]: 0x0000000080000F82 (0x00210113) addi sp, sp, 0x2
x2 <- 0x01FDDB7D5BFDDBD9
mem[X,0x0000000080000F86] -> 0x006F
mem[X,0x0000000080000F88] -> 0x0060
[414] [M]: 0x0000000080000F86 (0x0060006F) jal zero, 0x6
mem[X,0x0000000080000F8C] -> 0xB023
mem[X,0x0000000080000F8E] -> 0x1620
[415] [M]: 0x0000000080000F8C (0x1620B023) sd sp, 0x160(ra)
mem[0x0000000080005278] <- 0x01FDDB7D5BFDDBD9
mem[X,0x0000000080000F90] -> 0x0513
mem[X,0x0000000080000F92] -> 0x0010
[416] [M]: 0x0000000080000F90 (0x00100513) addi a0, zero, 0x1
x10 <- 0x0000000000000001
mem[X,0x0000000080000F94] -> 0x1513
mem[X,0x0000000080000F96] -> 0x0285
[417] [M]: 0x0000000080000F94 (0x02851513) slli a0, a0, 0x28
x10 <- 0x0000010000000000
mem[X,0x0000000080000F98] -> 0xA031
[418] [M]: 0x0000000080000F98 (0xA031) c.j 0x6
mem[X,0x0000000080000FA4] -> 0xC519
[419] [M]: 0x0000000080000FA4 (0xC519) c.beqz a0, 0x7
mem[X,0x0000000080000FA6] -> 0x0113
mem[X,0x0000000080000FA8] -> 0x0021
[420] [M]: 0x0000000080000FA6 (0x00210113) addi sp, sp, 0x2
x2 <- 0x01FDDB7D5BFDDBDB
mem[X,0x0000000080000FAA] -> 0x006F
mem[X,0x0000000080000FAC] -> 0x00A0
[421] [M]: 0x0000000080000FAA (0x00A0006F) jal zero, 0xa
mem[X,0x0000000080000FB4] -> 0xB423
mem[X,0x0000000080000FB6] -> 0x1620
[422] [M]: 0x0000000080000FB4 (0x1620B423) sd sp, 0x168(ra)
mem[0x0000000080005280] <- 0x01FDDB7D5BFDDBDB
mem[X,0x0000000080000FB8] -> 0x0513
mem[X,0x0000000080000FBA] -> 0x0010
[423] [M]: 0x0000000080000FB8 (0x00100513) addi a0, zero, 0x1
x10 <- 0x0000000000000001
mem[X,0x0000000080000FBC] -> 0x1513
mem[X,0x0000000080000FBE] -> 0x0295
[424] [M]: 0x0000000080000FBC (0x02951513) slli a0, a0, 0x29
x10 <- 0x0000020000000000
mem[X,0x0000000080000FC0] -> 0xA031
[425] [M]: 0x0000000080000FC0 (0xA031) c.j 0x6
mem[X,0x0000000080000FCC] -> 0xC105
[426] [M]: 0x0000000080000FCC (0xC105) c.beqz a0, 0x10
mem[X,0x0000000080000FCE] -> 0x0113
mem[X,0x0000000080000FD0] -> 0x0021
[427] [M]: 0x0000000080000FCE (0x00210113) addi sp, sp, 0x2
x2 <- 0x01FDDB7D5BFDDBDD
mem[X,0x0000000080000FD2] -> 0x006F
mem[X,0x0000000080000FD4] -> 0x01C0
[428] [M]: 0x0000000080000FD2 (0x01C0006F) jal zero, 0x1c
mem[X,0x0000000080000FEE] -> 0xB823
mem[X,0x0000000080000FF0] -> 0x1620
[429] [M]: 0x0000000080000FEE (0x1620B823) sd sp, 0x170(ra)
mem[0x0000000080005288] <- 0x01FDDB7D5BFDDBDD
mem[X,0x0000000080000FF2] -> 0x0513
mem[X,0x0000000080000FF4] -> 0x0010
[430] [M]: 0x0000000080000FF2 (0x00100513) addi a0, zero, 0x1
x10 <- 0x0000000000000001
mem[X,0x0000000080000FF6] -> 0x1513
mem[X,0x0000000080000FF8] -> 0x02A5
[431] [M]: 0x0000000080000FF6 (0x02A51513) slli a0, a0, 0x2a
x10 <- 0x0000040000000000
mem[X,0x0000000080000FFA] -> 0xA031
[432] [M]: 0x0000000080000FFA (0xA031) c.j 0x6
mem[X,0x0000000080001006] -> 0xDD65
[433] [M]: 0x0000000080001006 (0xDD65) c.beqz a0, -0x4
mem[X,0x0000000080001008] -> 0x0113
mem[X,0x000000008000100A] -> 0x0021
[434] [M]: 0x0000000080001008 (0x00210113) addi sp, sp, 0x2
x2 <- 0x01FDDB7D5BFDDBDF
mem[X,0x000000008000100C] -> 0x006F
mem[X,0x000000008000100E] -> 0x0060
[435] [M]: 0x000000008000100C (0x0060006F) jal zero, 0x6
mem[X,0x0000000080001012] -> 0xBC23
mem[X,0x0000000080001014] -> 0x1620
[436] [M]: 0x0000000080001012 (0x1620BC23) sd sp, 0x178(ra)
mem[0x0000000080005290] <- 0x01FDDB7D5BFDDBDF
mem[X,0x0000000080001016] -> 0x0513
mem[X,0x0000000080001018] -> 0x0010
[437] [M]: 0x0000000080001016 (0x00100513) addi a0, zero, 0x1
x10 <- 0x0000000000000001
mem[X,0x000000008000101A] -> 0x1513
mem[X,0x000000008000101C] -> 0x02B5
[438] [M]: 0x000000008000101A (0x02B51513) slli a0, a0, 0x2b
x10 <- 0x0000080000000000
mem[X,0x000000008000101E] -> 0xA01D
[439] [M]: 0x000000008000101E (0xA01D) c.j 0x13
mem[X,0x0000000080001044] -> 0xDD79
[440] [M]: 0x0000000080001044 (0xDD79) c.beqz a0, -0x11
mem[X,0x0000000080001046] -> 0x0113
mem[X,0x0000000080001048] -> 0x0021
[441] [M]: 0x0000000080001046 (0x00210113) addi sp, sp, 0x2
x2 <- 0x01FDDB7D5BFDDBE1
mem[X,0x000000008000104A] -> 0x006F
mem[X,0x000000008000104C] -> 0x0060
[442] [M]: 0x000000008000104A (0x0060006F) jal zero, 0x6
mem[X,0x0000000080001050] -> 0xB023
mem[X,0x0000000080001052] -> 0x1820
[443] [M]: 0x0000000080001050 (0x1820B023) sd sp, 0x180(ra)
mem[0x0000000080005298] <- 0x01FDDB7D5BFDDBE1
mem[X,0x0000000080001054] -> 0x0513
mem[X,0x0000000080001056] -> 0x0010
[444] [M]: 0x0000000080001054 (0x00100513) addi a0, zero, 0x1
x10 <- 0x0000000000000001
mem[X,0x0000000080001058] -> 0x1513
mem[X,0x000000008000105A] -> 0x02C5
[445] [M]: 0x0000000080001058 (0x02C51513) slli a0, a0, 0x2c
x10 <- 0x0000100000000000
mem[X,0x000000008000105C] -> 0xA031
[446] [M]: 0x000000008000105C (0xA031) c.j 0x6
mem[X,0x0000000080001068] -> 0xC509
[447] [M]: 0x0000000080001068 (0xC509) c.beqz a0, 0x5
mem[X,0x000000008000106A] -> 0x0113
mem[X,0x000000008000106C] -> 0x0021
[448] [M]: 0x000000008000106A (0x00210113) addi sp, sp, 0x2
x2 <- 0x01FDDB7D5BFDDBE3
mem[X,0x000000008000106E] -> 0x006F
mem[X,0x0000000080001070] -> 0x0060
[449] [M]: 0x000000008000106E (0x0060006F) jal zero, 0x6
mem[X,0x0000000080001074] -> 0xB423
mem[X,0x0000000080001076] -> 0x1820
[450] [M]: 0x0000000080001074 (0x1820B423) sd sp, 0x188(ra)
mem[0x00000000800052A0] <- 0x01FDDB7D5BFDDBE3
mem[X,0x0000000080001078] -> 0x0513
mem[X,0x000000008000107A] -> 0x0010
[451] [M]: 0x0000000080001078 (0x00100513) addi a0, zero, 0x1
x10 <- 0x0000000000000001
mem[X,0x000000008000107C] -> 0x1513
mem[X,0x000000008000107E] -> 0x02D5
[452] [M]: 0x000000008000107C (0x02D51513) slli a0, a0, 0x2d
x10 <- 0x0000200000000000
mem[X,0x0000000080001080] -> 0xA821
[453] [M]: 0x0000000080001080 (0xA821) c.j 0xc
mem[X,0x0000000080001098] -> 0xD575
[454] [M]: 0x0000000080001098 (0xD575) c.beqz a0, -0xa
mem[X,0x000000008000109A] -> 0x0113
mem[X,0x000000008000109C] -> 0x0021
[455] [M]: 0x000000008000109A (0x00210113) addi sp, sp, 0x2
x2 <- 0x01FDDB7D5BFDDBE5
mem[X,0x000000008000109E] -> 0x006F
mem[X,0x00000000800010A0] -> 0x0060
[456] [M]: 0x000000008000109E (0x0060006F) jal zero, 0x6
mem[X,0x00000000800010A4] -> 0xB823
mem[X,0x00000000800010A6] -> 0x1820
[457] [M]: 0x00000000800010A4 (0x1820B823) sd sp, 0x190(ra)
mem[0x00000000800052A8] <- 0x01FDDB7D5BFDDBE5
mem[X,0x00000000800010A8] -> 0x0513
mem[X,0x00000000800010AA] -> 0x0010
[458] [M]: 0x00000000800010A8 (0x00100513) addi a0, zero, 0x1
x10 <- 0x0000000000000001
mem[X,0x00000000800010AC] -> 0x1513
mem[X,0x00000000800010AE] -> 0x02E5
[459] [M]: 0x00000000800010AC (0x02E51513) slli a0, a0, 0x2e
x10 <- 0x0000400000000000
mem[X,0x00000000800010B0] -> 0xA821
[460] [M]: 0x00000000800010B0 (0xA821) c.j 0xc
mem[X,0x00000000800010C8] -> 0xD575
[461] [M]: 0x00000000800010C8 (0xD575) c.beqz a0, -0xa
mem[X,0x00000000800010CA] -> 0x0113
mem[X,0x00000000800010CC] -> 0x0021
[462] [M]: 0x00000000800010CA (0x00210113) addi sp, sp, 0x2
x2 <- 0x01FDDB7D5BFDDBE7
mem[X,0x00000000800010CE] -> 0x006F
mem[X,0x00000000800010D0] -> 0x0060
[463] [M]: 0x00000000800010CE (0x0060006F) jal zero, 0x6
mem[X,0x00000000800010D4] -> 0xBC23
mem[X,0x00000000800010D6] -> 0x1820
[464] [M]: 0x00000000800010D4 (0x1820BC23) sd sp, 0x198(ra)
mem[0x00000000800052B0] <- 0x01FDDB7D5BFDDBE7
mem[X,0x00000000800010D8] -> 0x0513
mem[X,0x00000000800010DA] -> 0x0010
[465] [M]: 0x00000000800010D8 (0x00100513) addi a0, zero, 0x1
x10 <- 0x0000000000000001
mem[X,0x00000000800010DC] -> 0x1513
mem[X,0x00000000800010DE] -> 0x02F5
[466] [M]: 0x00000000800010DC (0x02F51513) slli a0, a0, 0x2f
x10 <- 0x0000800000000000
mem[X,0x00000000800010E0] -> 0xA031
[467] [M]: 0x00000000800010E0 (0xA031) c.j 0x6
mem[X,0x00000000800010EC] -> 0xC901
[468] [M]: 0x00000000800010EC (0xC901) c.beqz a0, 0x8
mem[X,0x00000000800010EE] -> 0x0113
mem[X,0x00000000800010F0] -> 0x0021
[469] [M]: 0x00000000800010EE (0x00210113) addi sp, sp, 0x2
x2 <- 0x01FDDB7D5BFDDBE9
mem[X,0x00000000800010F2] -> 0x006F
mem[X,0x00000000800010F4] -> 0x00C0
[470] [M]: 0x00000000800010F2 (0x00C0006F) jal zero, 0xc
mem[X,0x00000000800010FE] -> 0xB023
mem[X,0x0000000080001100] -> 0x1A20
[471] [M]: 0x00000000800010FE (0x1A20B023) sd sp, 0x1a0(ra)
mem[0x00000000800052B8] <- 0x01FDDB7D5BFDDBE9
mem[X,0x0000000080001102] -> 0x0513
mem[X,0x0000000080001104] -> 0x0010
[472] [M]: 0x0000000080001102 (0x00100513) addi a0, zero, 0x1
x10 <- 0x0000000000000001
mem[X,0x0000000080001106] -> 0x1513
mem[X,0x0000000080001108] -> 0x0305
[473] [M]: 0x0000000080001106 (0x03051513) slli a0, a0, 0x30
x10 <- 0x0001000000000000
mem[X,0x000000008000110A] -> 0xA811
[474] [M]: 0x000000008000110A (0xA811) c.j 0xa
mem[X,0x000000008000111E] -> 0xD965
[475] [M]: 0x000000008000111E (0xD965) c.beqz a0, -0x8
mem[X,0x0000000080001120] -> 0x0113
mem[X,0x0000000080001122] -> 0x0021
[476] [M]: 0x0000000080001120 (0x00210113) addi sp, sp, 0x2
x2 <- 0x01FDDB7D5BFDDBEB
mem[X,0x0000000080001124] -> 0x006F
mem[X,0x0000000080001126] -> 0x0060
[477] [M]: 0x0000000080001124 (0x0060006F) jal zero, 0x6
mem[X,0x000000008000112A] -> 0xB423
mem[X,0x000000008000112C] -> 0x1A20
[478] [M]: 0x000000008000112A (0x1A20B423) sd sp, 0x1a8(ra)
mem[0x00000000800052C0] <- 0x01FDDB7D5BFDDBEB
mem[X,0x000000008000112E] -> 0x0513
mem[X,0x0000000080001130] -> 0x0010
[479] [M]: 0x000000008000112E (0x00100513) addi a0, zero, 0x1
x10 <- 0x0000000000000001
mem[X,0x0000000080001132] -> 0x1513
mem[X,0x0000000080001134] -> 0x0315
[480] [M]: 0x0000000080001132 (0x03151513) slli a0, a0, 0x31
x10 <- 0x0002000000000000
mem[X,0x0000000080001136] -> 0xA821
[481] [M]: 0x0000000080001136 (0xA821) c.j 0xc
mem[X,0x000000008000114E] -> 0xD575
[482] [M]: 0x000000008000114E (0xD575) c.beqz a0, -0xa
mem[X,0x0000000080001150] -> 0x0113
mem[X,0x0000000080001152] -> 0x0021
[483] [M]: 0x0000000080001150 (0x00210113) addi sp, sp, 0x2
x2 <- 0x01FDDB7D5BFDDBED
mem[X,0x0000000080001154] -> 0x006F
mem[X,0x0000000080001156] -> 0x0060
[484] [M]: 0x0000000080001154 (0x0060006F) jal zero, 0x6
mem[X,0x000000008000115A] -> 0xB823
mem[X,0x000000008000115C] -> 0x1A20
[485] [M]: 0x000000008000115A (0x1A20B823) sd sp, 0x1b0(ra)
mem[0x00000000800052C8] <- 0x01FDDB7D5BFDDBED
mem[X,0x000000008000115E] -> 0x0513
mem[X,0x0000000080001160] -> 0x0010
[486] [M]: 0x000000008000115E (0x00100513) addi a0, zero, 0x1
x10 <- 0x0000000000000001
mem[X,0x0000000080001162] -> 0x1513
mem[X,0x0000000080001164] -> 0x0325
[487] [M]: 0x0000000080001162 (0x03251513) slli a0, a0, 0x32
x10 <- 0x0004000000000000
mem[X,0x0000000080001166] -> 0xA059
[488] [M]: 0x0000000080001166 (0xA059) c.j 0x43
mem[X,0x00000000800011EC] -> 0xDD3D
[489] [M]: 0x00000000800011EC (0xDD3D) c.beqz a0, -0x41
mem[X,0x00000000800011EE] -> 0x0113
mem[X,0x00000000800011F0] -> 0x0021
[490] [M]: 0x00000000800011EE (0x00210113) addi sp, sp, 0x2
x2 <- 0x01FDDB7D5BFDDBEF
mem[X,0x00000000800011F2] -> 0x006F
mem[X,0x00000000800011F4] -> 0x0060
[491] [M]: 0x00000000800011F2 (0x0060006F) jal zero, 0x6
mem[X,0x00000000800011F8] -> 0xBC23
mem[X,0x00000000800011FA] -> 0x1A20
[492] [M]: 0x00000000800011F8 (0x1A20BC23) sd sp, 0x1b8(ra)
mem[0x00000000800052D0] <- 0x01FDDB7D5BFDDBEF
mem[X,0x00000000800011FC] -> 0x0513
mem[X,0x00000000800011FE] -> 0x0010
[493] [M]: 0x00000000800011FC (0x00100513) addi a0, zero, 0x1
x10 <- 0x0000000000000001
mem[X,0x0000000080001200] -> 0x1513
mem[X,0x0000000080001202] -> 0x0335
[494] [M]: 0x0000000080001200 (0x03351513) slli a0, a0, 0x33
x10 <- 0x0008000000000000
mem[X,0x0000000080001204] -> 0xA819
[495] [M]: 0x0000000080001204 (0xA819) c.j 0xb
mem[X,0x000000008000121A] -> 0xD57D
[496] [M]: 0x000000008000121A (0xD57D) c.beqz a0, -0x9
mem[X,0x000000008000121C] -> 0x0113
mem[X,0x000000008000121E] -> 0x0021
[497] [M]: 0x000000008000121C (0x00210113) addi sp, sp, 0x2
x2 <- 0x01FDDB7D5BFDDBF1
mem[X,0x0000000080001220] -> 0x006F
mem[X,0x0000000080001222] -> 0x0060
[498] [M]: 0x0000000080001220 (0x0060006F) jal zero, 0x6
mem[X,0x0000000080001226] -> 0xB023
mem[X,0x0000000080001228] -> 0x1C20
[499] [M]: 0x0000000080001226 (0x1C20B023) sd sp, 0x1c0(ra)
mem[0x00000000800052D8] <- 0x01FDDB7D5BFDDBF1
clint::tick mtime <- 0x0000000000000005
 clint timer pending at mtime 0x0000000000000005
htif::tick 0x0000000000000000
mem[X,0x000000008000122A] -> 0x0513
mem[X,0x000000008000122C] -> 0x0010
[500] [M]: 0x000000008000122A (0x00100513) addi a0, zero, 0x1
x10 <- 0x0000000000000001
mem[X,0x000000008000122E] -> 0x1513
mem[X,0x0000000080001230] -> 0x0345
[501] [M]: 0x000000008000122E (0x03451513) slli a0, a0, 0x34
x10 <- 0x0010000000000000
mem[X,0x0000000080001232] -> 0xA031
[502] [M]: 0x0000000080001232 (0xA031) c.j 0x6
mem[X,0x000000008000123E] -> 0xC509
[503] [M]: 0x000000008000123E (0xC509) c.beqz a0, 0x5
mem[X,0x0000000080001240] -> 0x0113
mem[X,0x0000000080001242] -> 0x0021
[504] [M]: 0x0000000080001240 (0x00210113) addi sp, sp, 0x2
x2 <- 0x01FDDB7D5BFDDBF3
mem[X,0x0000000080001244] -> 0x006F
mem[X,0x0000000080001246] -> 0x0060
[505] [M]: 0x0000000080001244 (0x0060006F) jal zero, 0x6
mem[X,0x000000008000124A] -> 0xB423
mem[X,0x000000008000124C] -> 0x1C20
[506] [M]: 0x000000008000124A (0x1C20B423) sd sp, 0x1c8(ra)
mem[0x00000000800052E0] <- 0x01FDDB7D5BFDDBF3
mem[X,0x000000008000124E] -> 0x0513
mem[X,0x0000000080001250] -> 0x0010
[507] [M]: 0x000000008000124E (0x00100513) addi a0, zero, 0x1
x10 <- 0x0000000000000001
mem[X,0x0000000080001252] -> 0x1513
mem[X,0x0000000080001254] -> 0x0355
[508] [M]: 0x0000000080001252 (0x03551513) slli a0, a0, 0x35
x10 <- 0x0020000000000000
mem[X,0x0000000080001256] -> 0xA031
[509] [M]: 0x0000000080001256 (0xA031) c.j 0x6
mem[X,0x0000000080001262] -> 0xC54D
[510] [M]: 0x0000000080001262 (0xC54D) c.beqz a0, 0x55
mem[X,0x0000000080001264] -> 0x0113
mem[X,0x0000000080001266] -> 0x0021
[511] [M]: 0x0000000080001264 (0x00210113) addi sp, sp, 0x2
x2 <- 0x01FDDB7D5BFDDBF5
mem[X,0x0000000080001268] -> 0x006F
mem[X,0x000000008000126A] -> 0x0A60
[512] [M]: 0x0000000080001268 (0x0A60006F) jal zero, 0xa6
mem[X,0x000000008000130E] -> 0xB823
mem[X,0x0000000080001310] -> 0x1C20
[513] [M]: 0x000000008000130E (0x1C20B823) sd sp, 0x1d0(ra)
mem[0x00000000800052E8] <- 0x01FDDB7D5BFDDBF5
mem[X,0x0000000080001312] -> 0x0513
mem[X,0x0000000080001314] -> 0x0010
[514] [M]: 0x0000000080001312 (0x00100513) addi a0, zero, 0x1
x10 <- 0x0000000000000001
mem[X,0x0000000080001316] -> 0x1513
mem[X,0x0000000080001318] -> 0x0365
[515] [M]: 0x0000000080001316 (0x03651513) slli a0, a0, 0x36
x10 <- 0x0040000000000000
mem[X,0x000000008000131A] -> 0xA031
[516] [M]: 0x000000008000131A (0xA031) c.j 0x6
mem[X,0x0000000080001326] -> 0xCD3D
[517] [M]: 0x0000000080001326 (0xCD3D) c.beqz a0, 0x3f
mem[X,0x0000000080001328] -> 0x0113
mem[X,0x000000008000132A] -> 0x0021
[518] [M]: 0x0000000080001328 (0x00210113) addi sp, sp, 0x2
x2 <- 0x01FDDB7D5BFDDBF7
mem[X,0x000000008000132C] -> 0x006F
mem[X,0x000000008000132E] -> 0x07A0
[519] [M]: 0x000000008000132C (0x07A0006F) jal zero, 0x7a
mem[X,0x00000000800013A6] -> 0xBC23
mem[X,0x00000000800013A8] -> 0x1C20
[520] [M]: 0x00000000800013A6 (0x1C20BC23) sd sp, 0x1d8(ra)
mem[0x00000000800052F0] <- 0x01FDDB7D5BFDDBF7
mem[X,0x00000000800013AA] -> 0x0513
mem[X,0x00000000800013AC] -> 0x0010
[521] [M]: 0x00000000800013AA (0x00100513) addi a0, zero, 0x1
x10 <- 0x0000000000000001
mem[X,0x00000000800013AE] -> 0x1513
mem[X,0x00000000800013B0] -> 0x0375
[522] [M]: 0x00000000800013AE (0x03751513) slli a0, a0, 0x37
x10 <- 0x0080000000000000
mem[X,0x00000000800013B2] -> 0xA031
[523] [M]: 0x00000000800013B2 (0xA031) c.j 0x6
mem[X,0x00000000800013BE] -> 0xC121
[524] [M]: 0x00000000800013BE (0xC121) c.beqz a0, 0x20
mem[X,0x00000000800013C0] -> 0x0113
mem[X,0x00000000800013C2] -> 0x0021
[525] [M]: 0x00000000800013C0 (0x00210113) addi sp, sp, 0x2
x2 <- 0x01FDDB7D5BFDDBF9
mem[X,0x00000000800013C4] -> 0x006F
mem[X,0x00000000800013C6] -> 0x03C0
[526] [M]: 0x00000000800013C4 (0x03C0006F) jal zero, 0x3c
mem[X,0x0000000080001400] -> 0xB023
mem[X,0x0000000080001402] -> 0x1E20
[527] [M]: 0x0000000080001400 (0x1E20B023) sd sp, 0x1e0(ra)
mem[0x00000000800052F8] <- 0x01FDDB7D5BFDDBF9
mem[X,0x0000000080001404] -> 0x0513
mem[X,0x0000000080001406] -> 0x0010
[528] [M]: 0x0000000080001404 (0x00100513) addi a0, zero, 0x1
x10 <- 0x0000000000000001
mem[X,0x0000000080001408] -> 0x1513
mem[X,0x000000008000140A] -> 0x0385
[529] [M]: 0x0000000080001408 (0x03851513) slli a0, a0, 0x38
x10 <- 0x0100000000000000
mem[X,0x000000008000140C] -> 0xA031
[530] [M]: 0x000000008000140C (0xA031) c.j 0x6
mem[X,0x0000000080001418] -> 0xC509
[531] [M]: 0x0000000080001418 (0xC509) c.beqz a0, 0x5
mem[X,0x000000008000141A] -> 0x0113
mem[X,0x000000008000141C] -> 0x0021
[532] [M]: 0x000000008000141A (0x00210113) addi sp, sp, 0x2
x2 <- 0x01FDDB7D5BFDDBFB
mem[X,0x000000008000141E] -> 0x006F
mem[X,0x0000000080001420] -> 0x0060
[533] [M]: 0x000000008000141E (0x0060006F) jal zero, 0x6
mem[X,0x0000000080001424] -> 0xB423
mem[X,0x0000000080001426] -> 0x1E20
[534] [M]: 0x0000000080001424 (0x1E20B423) sd sp, 0x1e8(ra)
mem[0x0000000080005300] <- 0x01FDDB7D5BFDDBFB
mem[X,0x0000000080001428] -> 0x0513
mem[X,0x000000008000142A] -> 0x0010
[535] [M]: 0x0000000080001428 (0x00100513) addi a0, zero, 0x1
x10 <- 0x0000000000000001
mem[X,0x000000008000142C] -> 0x1513
mem[X,0x000000008000142E] -> 0x0395
[536] [M]: 0x000000008000142C (0x03951513) slli a0, a0, 0x39
x10 <- 0x0200000000000000
mem[X,0x0000000080001430] -> 0xA031
[537] [M]: 0x0000000080001430 (0xA031) c.j 0x6
mem[X,0x000000008000143C] -> 0xC509
[538] [M]: 0x000000008000143C (0xC509) c.beqz a0, 0x5
mem[X,0x000000008000143E] -> 0x0113
mem[X,0x0000000080001440] -> 0x0021
[539] [M]: 0x000000008000143E (0x00210113) addi sp, sp, 0x2
x2 <- 0x01FDDB7D5BFDDBFD
mem[X,0x0000000080001442] -> 0x006F
mem[X,0x0000000080001444] -> 0x0060
[540] [M]: 0x0000000080001442 (0x0060006F) jal zero, 0x6
mem[X,0x0000000080001448] -> 0xB823
mem[X,0x000000008000144A] -> 0x1E20
[541] [M]: 0x0000000080001448 (0x1E20B823) sd sp, 0x1f0(ra)
mem[0x0000000080005308] <- 0x01FDDB7D5BFDDBFD
mem[X,0x000000008000144C] -> 0x0513
mem[X,0x000000008000144E] -> 0x0010
[542] [M]: 0x000000008000144C (0x00100513) addi a0, zero, 0x1
x10 <- 0x0000000000000001
mem[X,0x0000000080001450] -> 0x1513
mem[X,0x0000000080001452] -> 0x03A5
[543] [M]: 0x0000000080001450 (0x03A51513) slli a0, a0, 0x3a
x10 <- 0x0400000000000000
mem[X,0x0000000080001454] -> 0xA031
[544] [M]: 0x0000000080001454 (0xA031) c.j 0x6
mem[X,0x0000000080001460] -> 0xDD65
[545] [M]: 0x0000000080001460 (0xDD65) c.beqz a0, -0x4
mem[X,0x0000000080001462] -> 0x0113
mem[X,0x0000000080001464] -> 0x0021
[546] [M]: 0x0000000080001462 (0x00210113) addi sp, sp, 0x2
x2 <- 0x01FDDB7D5BFDDBFF
mem[X,0x0000000080001466] -> 0x006F
mem[X,0x0000000080001468] -> 0x0060
[547] [M]: 0x0000000080001466 (0x0060006F) jal zero, 0x6
mem[X,0x000000008000146C] -> 0xBC23
mem[X,0x000000008000146E] -> 0x1E20
[548] [M]: 0x000000008000146C (0x1E20BC23) sd sp, 0x1f8(ra)
mem[0x0000000080005310] <- 0x01FDDB7D5BFDDBFF
mem[X,0x0000000080001470] -> 0x0513
mem[X,0x0000000080001472] -> 0x0010
[549] [M]: 0x0000000080001470 (0x00100513) addi a0, zero, 0x1
x10 <- 0x0000000000000001
mem[X,0x0000000080001474] -> 0x1513
mem[X,0x0000000080001476] -> 0x03B5
[550] [M]: 0x0000000080001474 (0x03B51513) slli a0, a0, 0x3b
x10 <- 0x0800000000000000
mem[X,0x0000000080001478] -> 0xA801
[551] [M]: 0x0000000080001478 (0xA801) c.j 0x8
mem[X,0x0000000080001488] -> 0xD975
[552] [M]: 0x0000000080001488 (0xD975) c.beqz a0, -0x6
mem[X,0x000000008000148A] -> 0x0113
mem[X,0x000000008000148C] -> 0x0021
[553] [M]: 0x000000008000148A (0x00210113) addi sp, sp, 0x2
x2 <- 0x01FDDB7D5BFDDC01
mem[X,0x000000008000148E] -> 0x006F
mem[X,0x0000000080001490] -> 0x0060
[554] [M]: 0x000000008000148E (0x0060006F) jal zero, 0x6
mem[X,0x0000000080001494] -> 0xB023
mem[X,0x0000000080001496] -> 0x2020
[555] [M]: 0x0000000080001494 (0x2020B023) sd sp, 0x200(ra)
mem[0x0000000080005318] <- 0x01FDDB7D5BFDDC01
mem[X,0x0000000080001498] -> 0x0513
mem[X,0x000000008000149A] -> 0x0010
[556] [M]: 0x0000000080001498 (0x00100513) addi a0, zero, 0x1
x10 <- 0x0000000000000001
mem[X,0x000000008000149C] -> 0x1513
mem[X,0x000000008000149E] -> 0x03C5
[557] [M]: 0x000000008000149C (0x03C51513) slli a0, a0, 0x3c
x10 <- 0x1000000000000000
mem[X,0x00000000800014A0] -> 0xA099
[558] [M]: 0x00000000800014A0 (0xA099) c.j 0x23
mem[X,0x00000000800014E6] -> 0xDD5D
[559] [M]: 0x00000000800014E6 (0xDD5D) c.beqz a0, -0x21
mem[X,0x00000000800014E8] -> 0x0113
mem[X,0x00000000800014EA] -> 0x0021
[560] [M]: 0x00000000800014E8 (0x00210113) addi sp, sp, 0x2
x2 <- 0x01FDDB7D5BFDDC03
mem[X,0x00000000800014EC] -> 0x006F
mem[X,0x00000000800014EE] -> 0x0060
[561] [M]: 0x00000000800014EC (0x0060006F) jal zero, 0x6
mem[X,0x00000000800014F2] -> 0xB423
mem[X,0x00000000800014F4] -> 0x2020
[562] [M]: 0x00000000800014F2 (0x2020B423) sd sp, 0x208(ra)
mem[0x0000000080005320] <- 0x01FDDB7D5BFDDC03
mem[X,0x00000000800014F6] -> 0x0513
mem[X,0x00000000800014F8] -> 0x0010
[563] [M]: 0x00000000800014F6 (0x00100513) addi a0, zero, 0x1
x10 <- 0x0000000000000001
mem[X,0x00000000800014FA] -> 0x1513
mem[X,0x00000000800014FC] -> 0x03D5
[564] [M]: 0x00000000800014FA (0x03D51513) slli a0, a0, 0x3d
x10 <- 0x2000000000000000
mem[X,0x00000000800014FE] -> 0xA031
[565] [M]: 0x00000000800014FE (0xA031) c.j 0x6
mem[X,0x000000008000150A] -> 0xC519
[566] [M]: 0x000000008000150A (0xC519) c.beqz a0, 0x7
mem[X,0x000000008000150C] -> 0x0113
mem[X,0x000000008000150E] -> 0x0021
[567] [M]: 0x000000008000150C (0x00210113) addi sp, sp, 0x2
x2 <- 0x01FDDB7D5BFDDC05
mem[X,0x0000000080001510] -> 0x006F
mem[X,0x0000000080001512] -> 0x00A0
[568] [M]: 0x0000000080001510 (0x00A0006F) jal zero, 0xa
mem[X,0x000000008000151A] -> 0xB823
mem[X,0x000000008000151C] -> 0x2020
[569] [M]: 0x000000008000151A (0x2020B823) sd sp, 0x210(ra)
mem[0x0000000080005328] <- 0x01FDDB7D5BFDDC05
mem[X,0x000000008000151E] -> 0x0513
mem[X,0x0000000080001520] -> 0x0010
[570] [M]: 0x000000008000151E (0x00100513) addi a0, zero, 0x1
x10 <- 0x0000000000000001
mem[X,0x0000000080001522] -> 0x1513
mem[X,0x0000000080001524] -> 0x03E5
[571] [M]: 0x0000000080001522 (0x03E51513) slli a0, a0, 0x3e
x10 <- 0x4000000000000000
mem[X,0x0000000080001526] -> 0xA031
[572] [M]: 0x0000000080001526 (0xA031) c.j 0x6
mem[X,0x0000000080001532] -> 0xC509
[573] [M]: 0x0000000080001532 (0xC509) c.beqz a0, 0x5
mem[X,0x0000000080001534] -> 0x0113
mem[X,0x0000000080001536] -> 0x0021
[574] [M]: 0x0000000080001534 (0x00210113) addi sp, sp, 0x2
x2 <- 0x01FDDB7D5BFDDC07
mem[X,0x0000000080001538] -> 0x006F
mem[X,0x000000008000153A] -> 0x0060
[575] [M]: 0x0000000080001538 (0x0060006F) jal zero, 0x6
mem[X,0x000000008000153E] -> 0xBC23
mem[X,0x0000000080001540] -> 0x2020
[576] [M]: 0x000000008000153E (0x2020BC23) sd sp, 0x218(ra)
mem[0x0000000080005330] <- 0x01FDDB7D5BFDDC07
mem[X,0x0000000080001542] -> 0x0513
mem[X,0x0000000080001544] -> 0xFFE0
[577] [M]: 0x0000000080001542 (0xFFE00513) addi a0, zero, -0x2
x10 <- 0xFFFFFFFFFFFFFFFE
mem[X,0x0000000080001546] -> 0xA031
[578] [M]: 0x0000000080001546 (0xA031) c.j 0x6
mem[X,0x0000000080001552] -> 0xC511
[579] [M]: 0x0000000080001552 (0xC511) c.beqz a0, 0x6
mem[X,0x0000000080001554] -> 0x0113
mem[X,0x0000000080001556] -> 0x0021
[580] [M]: 0x0000000080001554 (0x00210113) addi sp, sp, 0x2
x2 <- 0x01FDDB7D5BFDDC09
mem[X,0x0000000080001558] -> 0x006F
mem[X,0x000000008000155A] -> 0x0080
[581] [M]: 0x0000000080001558 (0x0080006F) jal zero, 0x8
mem[X,0x0000000080001560] -> 0xB023
mem[X,0x0000000080001562] -> 0x2220
[582] [M]: 0x0000000080001560 (0x2220B023) sd sp, 0x220(ra)
mem[0x0000000080005338] <- 0x01FDDB7D5BFDDC09
mem[X,0x0000000080001564] -> 0x0513
mem[X,0x0000000080001566] -> 0xFFD0
[583] [M]: 0x0000000080001564 (0xFFD00513) addi a0, zero, -0x3
x10 <- 0xFFFFFFFFFFFFFFFD
mem[X,0x0000000080001568] -> 0xA031
[584] [M]: 0x0000000080001568 (0xA031) c.j 0x6
mem[X,0x0000000080001574] -> 0xDD65
[585] [M]: 0x0000000080001574 (0xDD65) c.beqz a0, -0x4
mem[X,0x0000000080001576] -> 0x0113
mem[X,0x0000000080001578] -> 0x0021
[586] [M]: 0x0000000080001576 (0x00210113) addi sp, sp, 0x2
x2 <- 0x01FDDB7D5BFDDC0B
mem[X,0x000000008000157A] -> 0x006F
mem[X,0x000000008000157C] -> 0x0060
[587] [M]: 0x000000008000157A (0x0060006F) jal zero, 0x6
mem[X,0x0000000080001580] -> 0xB423
mem[X,0x0000000080001582] -> 0x2220
[588] [M]: 0x0000000080001580 (0x2220B423) sd sp, 0x228(ra)
mem[0x0000000080005340] <- 0x01FDDB7D5BFDDC0B
mem[X,0x0000000080001584] -> 0x0513
mem[X,0x0000000080001586] -> 0xFFB0
[589] [M]: 0x0000000080001584 (0xFFB00513) addi a0, zero, -0x5
x10 <- 0xFFFFFFFFFFFFFFFB
mem[X,0x0000000080001588] -> 0xA031
[590] [M]: 0x0000000080001588 (0xA031) c.j 0x6
mem[X,0x0000000080001594] -> 0xC909
[591] [M]: 0x0000000080001594 (0xC909) c.beqz a0, 0x9
mem[X,0x0000000080001596] -> 0x0113
mem[X,0x0000000080001598] -> 0x0021
[592] [M]: 0x0000000080001596 (0x00210113) addi sp, sp, 0x2
x2 <- 0x01FDDB7D5BFDDC0D
mem[X,0x000000008000159A] -> 0x006F
mem[X,0x000000008000159C] -> 0x00E0
[593] [M]: 0x000000008000159A (0x00E0006F) jal zero, 0xe
mem[X,0x00000000800015A8] -> 0xB823
mem[X,0x00000000800015AA] -> 0x2220
[594] [M]: 0x00000000800015A8 (0x2220B823) sd sp, 0x230(ra)
mem[0x0000000080005348] <- 0x01FDDB7D5BFDDC0D
mem[X,0x00000000800015AC] -> 0x0513
mem[X,0x00000000800015AE] -> 0xFF70
[595] [M]: 0x00000000800015AC (0xFF700513) addi a0, zero, -0x9
x10 <- 0xFFFFFFFFFFFFFFF7
mem[X,0x00000000800015B0] -> 0xA821
[596] [M]: 0x00000000800015B0 (0xA821) c.j 0xc
mem[X,0x00000000800015C8] -> 0xD575
[597] [M]: 0x00000000800015C8 (0xD575) c.beqz a0, -0xa
mem[X,0x00000000800015CA] -> 0x0113
mem[X,0x00000000800015CC] -> 0x0021
[598] [M]: 0x00000000800015CA (0x00210113) addi sp, sp, 0x2
x2 <- 0x01FDDB7D5BFDDC0F
mem[X,0x00000000800015CE] -> 0x006F
mem[X,0x00000000800015D0] -> 0x0060
[599] [M]: 0x00000000800015CE (0x0060006F) jal zero, 0x6
clint::tick mtime <- 0x0000000000000006
 clint timer pending at mtime 0x0000000000000006
htif::tick 0x0000000000000000
mem[X,0x00000000800015D4] -> 0xBC23
mem[X,0x00000000800015D6] -> 0x2220
[600] [M]: 0x00000000800015D4 (0x2220BC23) sd sp, 0x238(ra)
mem[0x0000000080005350] <- 0x01FDDB7D5BFDDC0F
mem[X,0x00000000800015D8] -> 0x0513
mem[X,0x00000000800015DA] -> 0xFEF0
[601] [M]: 0x00000000800015D8 (0xFEF00513) addi a0, zero, -0x11
x10 <- 0xFFFFFFFFFFFFFFEF
mem[X,0x00000000800015DC] -> 0xA051
[602] [M]: 0x00000000800015DC (0xA051) c.j 0x42
mem[X,0x0000000080001660] -> 0xD141
[603] [M]: 0x0000000080001660 (0xD141) c.beqz a0, -0x40
mem[X,0x0000000080001662] -> 0x0113
mem[X,0x0000000080001664] -> 0x0021
[604] [M]: 0x0000000080001662 (0x00210113) addi sp, sp, 0x2
x2 <- 0x01FDDB7D5BFDDC11
mem[X,0x0000000080001666] -> 0x006F
mem[X,0x0000000080001668] -> 0x0060
[605] [M]: 0x0000000080001666 (0x0060006F) jal zero, 0x6
mem[X,0x000000008000166C] -> 0xB023
mem[X,0x000000008000166E] -> 0x2420
[606] [M]: 0x000000008000166C (0x2420B023) sd sp, 0x240(ra)
mem[0x0000000080005358] <- 0x01FDDB7D5BFDDC11
mem[X,0x0000000080001670] -> 0x0513
mem[X,0x0000000080001672] -> 0xFDF0
[607] [M]: 0x0000000080001670 (0xFDF00513) addi a0, zero, -0x21
x10 <- 0xFFFFFFFFFFFFFFDF
mem[X,0x0000000080001674] -> 0xA809
[608] [M]: 0x0000000080001674 (0xA809) c.j 0x9
mem[X,0x0000000080001686] -> 0xD96D
[609] [M]: 0x0000000080001686 (0xD96D) c.beqz a0, -0x7
mem[X,0x0000000080001688] -> 0x0113
mem[X,0x000000008000168A] -> 0x0021
[610] [M]: 0x0000000080001688 (0x00210113) addi sp, sp, 0x2
x2 <- 0x01FDDB7D5BFDDC13
mem[X,0x000000008000168C] -> 0x006F
mem[X,0x000000008000168E] -> 0x0060
[611] [M]: 0x000000008000168C (0x0060006F) jal zero, 0x6
mem[X,0x0000000080001692] -> 0xB423
mem[X,0x0000000080001694] -> 0x2420
[612] [M]: 0x0000000080001692 (0x2420B423) sd sp, 0x248(ra)
mem[0x0000000080005360] <- 0x01FDDB7D5BFDDC13
mem[X,0x0000000080001696] -> 0x0513
mem[X,0x0000000080001698] -> 0xFBF0
[613] [M]: 0x0000000080001696 (0xFBF00513) addi a0, zero, -0x41
x10 <- 0xFFFFFFFFFFFFFFBF
mem[X,0x000000008000169A] -> 0xA031
[614] [M]: 0x000000008000169A (0xA031) c.j 0x6
mem[X,0x00000000800016A6] -> 0xC509
[615] [M]: 0x00000000800016A6 (0xC509) c.beqz a0, 0x5
mem[X,0x00000000800016A8] -> 0x0113
mem[X,0x00000000800016AA] -> 0x0021
[616] [M]: 0x00000000800016A8 (0x00210113) addi sp, sp, 0x2
x2 <- 0x01FDDB7D5BFDDC15
mem[X,0x00000000800016AC] -> 0x006F
mem[X,0x00000000800016AE] -> 0x0060
[617] [M]: 0x00000000800016AC (0x0060006F) jal zero, 0x6
mem[X,0x00000000800016B2] -> 0xB823
mem[X,0x00000000800016B4] -> 0x2420
[618] [M]: 0x00000000800016B2 (0x2420B823) sd sp, 0x250(ra)
mem[0x0000000080005368] <- 0x01FDDB7D5BFDDC15
mem[X,0x00000000800016B6] -> 0x0513
mem[X,0x00000000800016B8] -> 0xF7F0
[619] [M]: 0x00000000800016B6 (0xF7F00513) addi a0, zero, -0x81
x10 <- 0xFFFFFFFFFFFFFF7F
mem[X,0x00000000800016BA] -> 0xA031
[620] [M]: 0x00000000800016BA (0xA031) c.j 0x6
mem[X,0x00000000800016C6] -> 0xC511
[621] [M]: 0x00000000800016C6 (0xC511) c.beqz a0, 0x6
mem[X,0x00000000800016C8] -> 0x0113
mem[X,0x00000000800016CA] -> 0x0021
[622] [M]: 0x00000000800016C8 (0x00210113) addi sp, sp, 0x2
x2 <- 0x01FDDB7D5BFDDC17
mem[X,0x00000000800016CC] -> 0x006F
mem[X,0x00000000800016CE] -> 0x0080
[623] [M]: 0x00000000800016CC (0x0080006F) jal zero, 0x8
mem[X,0x00000000800016D4] -> 0xBC23
mem[X,0x00000000800016D6] -> 0x2420
[624] [M]: 0x00000000800016D4 (0x2420BC23) sd sp, 0x258(ra)
mem[0x0000000080005370] <- 0x01FDDB7D5BFDDC17
mem[X,0x00000000800016D8] -> 0x0513
mem[X,0x00000000800016DA] -> 0xEFF0
[625] [M]: 0x00000000800016D8 (0xEFF00513) addi a0, zero, -0x101
x10 <- 0xFFFFFFFFFFFFFEFF
mem[X,0x00000000800016DC] -> 0xA811
[626] [M]: 0x00000000800016DC (0xA811) c.j 0xa
mem[X,0x00000000800016F0] -> 0xD965
[627] [M]: 0x00000000800016F0 (0xD965) c.beqz a0, -0x8
mem[X,0x00000000800016F2] -> 0x0113
mem[X,0x00000000800016F4] -> 0x0021
[628] [M]: 0x00000000800016F2 (0x00210113) addi sp, sp, 0x2
x2 <- 0x01FDDB7D5BFDDC19
mem[X,0x00000000800016F6] -> 0x006F
mem[X,0x00000000800016F8] -> 0x0060
[629] [M]: 0x00000000800016F6 (0x0060006F) jal zero, 0x6
mem[X,0x00000000800016FC] -> 0xB023
mem[X,0x00000000800016FE] -> 0x2620
[630] [M]: 0x00000000800016FC (0x2620B023) sd sp, 0x260(ra)
mem[0x0000000080005378] <- 0x01FDDB7D5BFDDC19
mem[X,0x0000000080001700] -> 0x0513
mem[X,0x0000000080001702] -> 0xDFF0
[631] [M]: 0x0000000080001700 (0xDFF00513) addi a0, zero, -0x201
x10 <- 0xFFFFFFFFFFFFFDFF
mem[X,0x0000000080001704] -> 0xA031
[632] [M]: 0x0000000080001704 (0xA031) c.j 0x6
mem[X,0x0000000080001710] -> 0xC509
[633] [M]: 0x0000000080001710 (0xC509) c.beqz a0, 0x5
mem[X,0x0000000080001712] -> 0x0113
mem[X,0x0000000080001714] -> 0x0021
[634] [M]: 0x0000000080001712 (0x00210113) addi sp, sp, 0x2
x2 <- 0x01FDDB7D5BFDDC1B
mem[X,0x0000000080001716] -> 0x006F
mem[X,0x0000000080001718] -> 0x0060
[635] [M]: 0x0000000080001716 (0x0060006F) jal zero, 0x6
mem[X,0x000000008000171C] -> 0xB423
mem[X,0x000000008000171E] -> 0x2620
[636] [M]: 0x000000008000171C (0x2620B423) sd sp, 0x268(ra)
mem[0x0000000080005380] <- 0x01FDDB7D5BFDDC1B
mem[X,0x0000000080001720] -> 0x0513
mem[X,0x0000000080001722] -> 0xBFF0
[637] [M]: 0x0000000080001720 (0xBFF00513) addi a0, zero, -0x401
x10 <- 0xFFFFFFFFFFFFFBFF
mem[X,0x0000000080001724] -> 0xA819
[638] [M]: 0x0000000080001724 (0xA819) c.j 0xb
mem[X,0x000000008000173A] -> 0xD57D
[639] [M]: 0x000000008000173A (0xD57D) c.beqz a0, -0x9
mem[X,0x000000008000173C] -> 0x0113
mem[X,0x000000008000173E] -> 0x0021
[640] [M]: 0x000000008000173C (0x00210113) addi sp, sp, 0x2
x2 <- 0x01FDDB7D5BFDDC1D
mem[X,0x0000000080001740] -> 0x006F
mem[X,0x0000000080001742] -> 0x0060
[641] [M]: 0x0000000080001740 (0x0060006F) jal zero, 0x6
mem[X,0x0000000080001746] -> 0xB823
mem[X,0x0000000080001748] -> 0x2620
[642] [M]: 0x0000000080001746 (0x2620B823) sd sp, 0x270(ra)
mem[0x0000000080005388] <- 0x01FDDB7D5BFDDC1D
mem[X,0x000000008000174A] -> 0x0513
mem[X,0x000000008000174C] -> 0x0010
[643] [M]: 0x000000008000174A (0x00100513) addi a0, zero, 0x1
x10 <- 0x0000000000000001
mem[X,0x000000008000174E] -> 0x1513
mem[X,0x0000000080001750] -> 0x00B5
[644] [M]: 0x000000008000174E (0x00B51513) slli a0, a0, 0xb
x10 <- 0x0000000000000800
mem[X,0x0000000080001752] -> 0x4513
mem[X,0x0000000080001754] -> 0xFFF5
[645] [M]: 0x0000000080001752 (0xFFF54513) xori a0, a0, -0x1
x10 <- 0xFFFFFFFFFFFFF7FF
mem[X,0x0000000080001756] -> 0xA031
[646] [M]: 0x0000000080001756 (0xA031) c.j 0x6
mem[X,0x0000000080001762] -> 0xCD3D
[647] [M]: 0x0000000080001762 (0xCD3D) c.beqz a0, 0x3f
mem[X,0x0000000080001764] -> 0x0113
mem[X,0x0000000080001766] -> 0x0021
[648] [M]: 0x0000000080001764 (0x00210113) addi sp, sp, 0x2
x2 <- 0x01FDDB7D5BFDDC1F
mem[X,0x0000000080001768] -> 0x006F
mem[X,0x000000008000176A] -> 0x07A0
[649] [M]: 0x0000000080001768 (0x07A0006F) jal zero, 0x7a
mem[X,0x00000000800017E2] -> 0xBC23
mem[X,0x00000000800017E4] -> 0x2620
[650] [M]: 0x00000000800017E2 (0x2620BC23) sd sp, 0x278(ra)
mem[0x0000000080005390] <- 0x01FDDB7D5BFDDC1F
mem[X,0x00000000800017E6] -> 0x0513
mem[X,0x00000000800017E8] -> 0x0010
[651] [M]: 0x00000000800017E6 (0x00100513) addi a0, zero, 0x1
x10 <- 0x0000000000000001
mem[X,0x00000000800017EA] -> 0x1513
mem[X,0x00000000800017EC] -> 0x00C5
[652] [M]: 0x00000000800017EA (0x00C51513) slli a0, a0, 0xc
x10 <- 0x0000000000001000
mem[X,0x00000000800017EE] -> 0x4513
mem[X,0x00000000800017F0] -> 0xFFF5
[653] [M]: 0x00000000800017EE (0xFFF54513) xori a0, a0, -0x1
x10 <- 0xFFFFFFFFFFFFEFFF
mem[X,0x00000000800017F2] -> 0xA031
[654] [M]: 0x00000000800017F2 (0xA031) c.j 0x6
mem[X,0x00000000800017FE] -> 0xC519
[655] [M]: 0x00000000800017FE (0xC519) c.beqz a0, 0x7
mem[X,0x0000000080001800] -> 0x0113
mem[X,0x0000000080001802] -> 0x0021
[656] [M]: 0x0000000080001800 (0x00210113) addi sp, sp, 0x2
x2 <- 0x01FDDB7D5BFDDC21
mem[X,0x0000000080001804] -> 0x006F
mem[X,0x0000000080001806] -> 0x00A0
[657] [M]: 0x0000000080001804 (0x00A0006F) jal zero, 0xa
mem[X,0x000000008000180E] -> 0xB023
mem[X,0x0000000080001810] -> 0x2820
[658] [M]: 0x000000008000180E (0x2820B023) sd sp, 0x280(ra)
mem[0x0000000080005398] <- 0x01FDDB7D5BFDDC21
mem[X,0x0000000080001812] -> 0x0513
mem[X,0x0000000080001814] -> 0x0010
[659] [M]: 0x0000000080001812 (0x00100513) addi a0, zero, 0x1
x10 <- 0x0000000000000001
mem[X,0x0000000080001816] -> 0x1513
mem[X,0x0000000080001818] -> 0x00D5
[660] [M]: 0x0000000080001816 (0x00D51513) slli a0, a0, 0xd
x10 <- 0x0000000000002000
mem[X,0x000000008000181A] -> 0x4513
mem[X,0x000000008000181C] -> 0xFFF5
[661] [M]: 0x000000008000181A (0xFFF54513) xori a0, a0, -0x1
x10 <- 0xFFFFFFFFFFFFDFFF
mem[X,0x000000008000181E] -> 0xA031
[662] [M]: 0x000000008000181E (0xA031) c.j 0x6
mem[X,0x000000008000182A] -> 0xC509
[663] [M]: 0x000000008000182A (0xC509) c.beqz a0, 0x5
mem[X,0x000000008000182C] -> 0x0113
mem[X,0x000000008000182E] -> 0x0021
[664] [M]: 0x000000008000182C (0x00210113) addi sp, sp, 0x2
x2 <- 0x01FDDB7D5BFDDC23
mem[X,0x0000000080001830] -> 0x006F
mem[X,0x0000000080001832] -> 0x0060
[665] [M]: 0x0000000080001830 (0x0060006F) jal zero, 0x6
mem[X,0x0000000080001836] -> 0xB423
mem[X,0x0000000080001838] -> 0x2820
[666] [M]: 0x0000000080001836 (0x2820B423) sd sp, 0x288(ra)
mem[0x00000000800053A0] <- 0x01FDDB7D5BFDDC23
mem[X,0x000000008000183A] -> 0x0513
mem[X,0x000000008000183C] -> 0x0010
[667] [M]: 0x000000008000183A (0x00100513) addi a0, zero, 0x1
x10 <- 0x0000000000000001
mem[X,0x000000008000183E] -> 0x1513
mem[X,0x0000000080001840] -> 0x00E5
[668] [M]: 0x000000008000183E (0x00E51513) slli a0, a0, 0xe
x10 <- 0x0000000000004000
mem[X,0x0000000080001842] -> 0x4513
mem[X,0x0000000080001844] -> 0xFFF5
[669] [M]: 0x0000000080001842 (0xFFF54513) xori a0, a0, -0x1
x10 <- 0xFFFFFFFFFFFFBFFF
mem[X,0x0000000080001846] -> 0xA845
[670] [M]: 0x0000000080001846 (0xA845) c.j 0x58
mem[X,0x00000000800018F6] -> 0xD931
[671] [M]: 0x00000000800018F6 (0xD931) c.beqz a0, -0x56
mem[X,0x00000000800018F8] -> 0x0113
mem[X,0x00000000800018FA] -> 0x0021
[672] [M]: 0x00000000800018F8 (0x00210113) addi sp, sp, 0x2
x2 <- 0x01FDDB7D5BFDDC25
mem[X,0x00000000800018FC] -> 0x006F
mem[X,0x00000000800018FE] -> 0x0060
[673] [M]: 0x00000000800018FC (0x0060006F) jal zero, 0x6
mem[X,0x0000000080001902] -> 0xB823
mem[X,0x0000000080001904] -> 0x2820
[674] [M]: 0x0000000080001902 (0x2820B823) sd sp, 0x290(ra)
mem[0x00000000800053A8] <- 0x01FDDB7D5BFDDC25
mem[X,0x0000000080001906] -> 0x0513
mem[X,0x0000000080001908] -> 0x0010
[675] [M]: 0x0000000080001906 (0x00100513) addi a0, zero, 0x1
x10 <- 0x0000000000000001
mem[X,0x000000008000190A] -> 0x1513
mem[X,0x000000008000190C] -> 0x00F5
[676] [M]: 0x000000008000190A (0x00F51513) slli a0, a0, 0xf
x10 <- 0x0000000000008000
mem[X,0x000000008000190E] -> 0x4513
mem[X,0x0000000080001910] -> 0xFFF5
[677] [M]: 0x000000008000190E (0xFFF54513) xori a0, a0, -0x1
x10 <- 0xFFFFFFFFFFFF7FFF
mem[X,0x0000000080001912] -> 0xA031
[678] [M]: 0x0000000080001912 (0xA031) c.j 0x6
mem[X,0x000000008000191E] -> 0xC121
[679] [M]: 0x000000008000191E (0xC121) c.beqz a0, 0x20
mem[X,0x0000000080001920] -> 0x0113
mem[X,0x0000000080001922] -> 0x0021
[680] [M]: 0x0000000080001920 (0x00210113) addi sp, sp, 0x2
x2 <- 0x01FDDB7D5BFDDC27
mem[X,0x0000000080001924] -> 0x006F
mem[X,0x0000000080001926] -> 0x03C0
[681] [M]: 0x0000000080001924 (0x03C0006F) jal zero, 0x3c
mem[X,0x0000000080001960] -> 0xBC23
mem[X,0x0000000080001962] -> 0x2820
[682] [M]: 0x0000000080001960 (0x2820BC23) sd sp, 0x298(ra)
mem[0x00000000800053B0] <- 0x01FDDB7D5BFDDC27
mem[X,0x0000000080001964] -> 0x0513
mem[X,0x0000000080001966] -> 0x0010
[683] [M]: 0x0000000080001964 (0x00100513) addi a0, zero, 0x1
x10 <- 0x0000000000000001
mem[X,0x0000000080001968] -> 0x1513
mem[X,0x000000008000196A] -> 0x0105
[684] [M]: 0x0000000080001968 (0x01051513) slli a0, a0, 0x10
x10 <- 0x0000000000010000
mem[X,0x000000008000196C] -> 0x4513
mem[X,0x000000008000196E] -> 0xFFF5
[685] [M]: 0x000000008000196C (0xFFF54513) xori a0, a0, -0x1
x10 <- 0xFFFFFFFFFFFEFFFF
mem[X,0x0000000080001970] -> 0xA821
[686] [M]: 0x0000000080001970 (0xA821) c.j 0xc
mem[X,0x0000000080001988] -> 0xD575
[687] [M]: 0x0000000080001988 (0xD575) c.beqz a0, -0xa
mem[X,0x000000008000198A] -> 0x0113
mem[X,0x000000008000198C] -> 0x0021
[688] [M]: 0x000000008000198A (0x00210113) addi sp, sp, 0x2
x2 <- 0x01FDDB7D5BFDDC29
mem[X,0x000000008000198E] -> 0x006F
mem[X,0x0000000080001990] -> 0x0060
[689] [M]: 0x000000008000198E (0x0060006F) jal zero, 0x6
mem[X,0x0000000080001994] -> 0xB023
mem[X,0x0000000080001996] -> 0x2A20
[690] [M]: 0x0000000080001994 (0x2A20B023) sd sp, 0x2a0(ra)
mem[0x00000000800053B8] <- 0x01FDDB7D5BFDDC29
mem[X,0x0000000080001998] -> 0x0513
mem[X,0x000000008000199A] -> 0x0010
[691] [M]: 0x0000000080001998 (0x00100513) addi a0, zero, 0x1
x10 <- 0x0000000000000001
mem[X,0x000000008000199C] -> 0x1513
mem[X,0x000000008000199E] -> 0x0115
[692] [M]: 0x000000008000199C (0x01151513) slli a0, a0, 0x11
x10 <- 0x0000000000020000
mem[X,0x00000000800019A0] -> 0x4513
mem[X,0x00000000800019A2] -> 0xFFF5
[693] [M]: 0x00000000800019A0 (0xFFF54513) xori a0, a0, -0x1
x10 <- 0xFFFFFFFFFFFDFFFF
mem[X,0x00000000800019A4] -> 0xA059
[694] [M]: 0x00000000800019A4 (0xA059) c.j 0x43
mem[X,0x0000000080001A2A] -> 0xDD3D
[695] [M]: 0x0000000080001A2A (0xDD3D) c.beqz a0, -0x41
mem[X,0x0000000080001A2C] -> 0x0113
mem[X,0x0000000080001A2E] -> 0x0021
[696] [M]: 0x0000000080001A2C (0x00210113) addi sp, sp, 0x2
x2 <- 0x01FDDB7D5BFDDC2B
mem[X,0x0000000080001A30] -> 0x006F
mem[X,0x0000000080001A32] -> 0x0060
[697] [M]: 0x0000000080001A30 (0x0060006F) jal zero, 0x6
mem[X,0x0000000080001A36] -> 0xB423
mem[X,0x0000000080001A38] -> 0x2A20
[698] [M]: 0x0000000080001A36 (0x2A20B423) sd sp, 0x2a8(ra)
mem[0x00000000800053C0] <- 0x01FDDB7D5BFDDC2B
mem[X,0x0000000080001A3A] -> 0x0513
mem[X,0x0000000080001A3C] -> 0x0010
[699] [M]: 0x0000000080001A3A (0x00100513) addi a0, zero, 0x1
x10 <- 0x0000000000000001
clint::tick mtime <- 0x0000000000000007
 clint timer pending at mtime 0x0000000000000007
htif::tick 0x0000000000000000
mem[X,0x0000000080001A3E] -> 0x1513
mem[X,0x0000000080001A40] -> 0x0125
[700] [M]: 0x0000000080001A3E (0x01251513) slli a0, a0, 0x12
x10 <- 0x0000000000040000
mem[X,0x0000000080001A42] -> 0x4513
mem[X,0x0000000080001A44] -> 0xFFF5
[701] [M]: 0x0000000080001A42 (0xFFF54513) xori a0, a0, -0x1
x10 <- 0xFFFFFFFFFFFBFFFF
mem[X,0x0000000080001A46] -> 0xA811
[702] [M]: 0x0000000080001A46 (0xA811) c.j 0xa
mem[X,0x0000000080001A5A] -> 0xD965
[703] [M]: 0x0000000080001A5A (0xD965) c.beqz a0, -0x8
mem[X,0x0000000080001A5C] -> 0x0113
mem[X,0x0000000080001A5E] -> 0x0021
[704] [M]: 0x0000000080001A5C (0x00210113) addi sp, sp, 0x2
x2 <- 0x01FDDB7D5BFDDC2D
mem[X,0x0000000080001A60] -> 0x006F
mem[X,0x0000000080001A62] -> 0x0060
[705] [M]: 0x0000000080001A60 (0x0060006F) jal zero, 0x6
mem[X,0x0000000080001A66] -> 0xB823
mem[X,0x0000000080001A68] -> 0x2A20
[706] [M]: 0x0000000080001A66 (0x2A20B823) sd sp, 0x2b0(ra)
mem[0x00000000800053C8] <- 0x01FDDB7D5BFDDC2D
mem[X,0x0000000080001A6A] -> 0x0513
mem[X,0x0000000080001A6C] -> 0x0010
[707] [M]: 0x0000000080001A6A (0x00100513) addi a0, zero, 0x1
x10 <- 0x0000000000000001
mem[X,0x0000000080001A6E] -> 0x1513
mem[X,0x0000000080001A70] -> 0x0135
[708] [M]: 0x0000000080001A6E (0x01351513) slli a0, a0, 0x13
x10 <- 0x0000000000080000
mem[X,0x0000000080001A72] -> 0x4513
mem[X,0x0000000080001A74] -> 0xFFF5
[709] [M]: 0x0000000080001A72 (0xFFF54513) xori a0, a0, -0x1
x10 <- 0xFFFFFFFFFFF7FFFF
mem[X,0x0000000080001A76] -> 0xA809
[710] [M]: 0x0000000080001A76 (0xA809) c.j 0x9
mem[X,0x0000000080001A88] -> 0xD96D
[711] [M]: 0x0000000080001A88 (0xD96D) c.beqz a0, -0x7
mem[X,0x0000000080001A8A] -> 0x0113
mem[X,0x0000000080001A8C] -> 0x0021
[712] [M]: 0x0000000080001A8A (0x00210113) addi sp, sp, 0x2
x2 <- 0x01FDDB7D5BFDDC2F
mem[X,0x0000000080001A8E] -> 0x006F
mem[X,0x0000000080001A90] -> 0x0060
[713] [M]: 0x0000000080001A8E (0x0060006F) jal zero, 0x6
mem[X,0x0000000080001A94] -> 0xBC23
mem[X,0x0000000080001A96] -> 0x2A20
[714] [M]: 0x0000000080001A94 (0x2A20BC23) sd sp, 0x2b8(ra)
mem[0x00000000800053D0] <- 0x01FDDB7D5BFDDC2F
mem[X,0x0000000080001A98] -> 0x0513
mem[X,0x0000000080001A9A] -> 0x0010
[715] [M]: 0x0000000080001A98 (0x00100513) addi a0, zero, 0x1
x10 <- 0x0000000000000001
mem[X,0x0000000080001A9C] -> 0x1513
mem[X,0x0000000080001A9E] -> 0x0375
[716] [M]: 0x0000000080001A9C (0x03751513) slli a0, a0, 0x37
x10 <- 0x0080000000000000
mem[X,0x0000000080001AA0] -> 0x4513
mem[X,0x0000000080001AA2] -> 0xFFF5
[717] [M]: 0x0000000080001AA0 (0xFFF54513) xori a0, a0, -0x1
x10 <- 0xFF7FFFFFFFFFFFFF
mem[X,0x0000000080001AA4] -> 0xA809
[718] [M]: 0x0000000080001AA4 (0xA809) c.j 0x9
mem[X,0x0000000080001AB6] -> 0xD96D
[719] [M]: 0x0000000080001AB6 (0xD96D) c.beqz a0, -0x7
mem[X,0x0000000080001AB8] -> 0x0113
mem[X,0x0000000080001ABA] -> 0x0021
[720] [M]: 0x0000000080001AB8 (0x00210113) addi sp, sp, 0x2
x2 <- 0x01FDDB7D5BFDDC31
mem[X,0x0000000080001ABC] -> 0x006F
mem[X,0x0000000080001ABE] -> 0x0060
[721] [M]: 0x0000000080001ABC (0x0060006F) jal zero, 0x6
mem[X,0x0000000080001AC2] -> 0xB023
mem[X,0x0000000080001AC4] -> 0x2C20
[722] [M]: 0x0000000080001AC2 (0x2C20B023) sd sp, 0x2c0(ra)
mem[0x00000000800053D8] <- 0x01FDDB7D5BFDDC31
mem[X,0x0000000080001AC6] -> 0x0513
mem[X,0x0000000080001AC8] -> 0x0010
[723] [M]: 0x0000000080001AC6 (0x00100513) addi a0, zero, 0x1
x10 <- 0x0000000000000001
mem[X,0x0000000080001ACA] -> 0x1513
mem[X,0x0000000080001ACC] -> 0x0385
[724] [M]: 0x0000000080001ACA (0x03851513) slli a0, a0, 0x38
x10 <- 0x0100000000000000
mem[X,0x0000000080001ACE] -> 0x4513
mem[X,0x0000000080001AD0] -> 0xFFF5
[725] [M]: 0x0000000080001ACE (0xFFF54513) xori a0, a0, -0x1
x10 <- 0xFEFFFFFFFFFFFFFF
mem[X,0x0000000080001AD2] -> 0xA031
[726] [M]: 0x0000000080001AD2 (0xA031) c.j 0x6
mem[X,0x0000000080001ADE] -> 0xC121
[727] [M]: 0x0000000080001ADE (0xC121) c.beqz a0, 0x20
mem[X,0x0000000080001AE0] -> 0x0113
mem[X,0x0000000080001AE2] -> 0x0021
[728] [M]: 0x0000000080001AE0 (0x00210113) addi sp, sp, 0x2
x2 <- 0x01FDDB7D5BFDDC33
mem[X,0x0000000080001AE4] -> 0x006F
mem[X,0x0000000080001AE6] -> 0x03C0
[729] [M]: 0x0000000080001AE4 (0x03C0006F) jal zero, 0x3c
mem[X,0x0000000080001B20] -> 0xB423
mem[X,0x0000000080001B22] -> 0x2C20
[730] [M]: 0x0000000080001B20 (0x2C20B423) sd sp, 0x2c8(ra)
mem[0x00000000800053E0] <- 0x01FDDB7D5BFDDC33
mem[X,0x0000000080001B24] -> 0x0513
mem[X,0x0000000080001B26] -> 0x0010
[731] [M]: 0x0000000080001B24 (0x00100513) addi a0, zero, 0x1
x10 <- 0x0000000000000001
mem[X,0x0000000080001B28] -> 0x1513
mem[X,0x0000000080001B2A] -> 0x0395
[732] [M]: 0x0000000080001B28 (0x03951513) slli a0, a0, 0x39
x10 <- 0x0200000000000000
mem[X,0x0000000080001B2C] -> 0x4513
mem[X,0x0000000080001B2E] -> 0xFFF5
[733] [M]: 0x0000000080001B2C (0xFFF54513) xori a0, a0, -0x1
x10 <- 0xFDFFFFFFFFFFFFFF
mem[X,0x0000000080001B30] -> 0xA099
[734] [M]: 0x0000000080001B30 (0xA099) c.j 0x23
mem[X,0x0000000080001B76] -> 0xDD5D
[735] [M]: 0x0000000080001B76 (0xDD5D) c.beqz a0, -0x21
mem[X,0x0000000080001B78] -> 0x0113
mem[X,0x0000000080001B7A] -> 0x0021
[736] [M]: 0x0000000080001B78 (0x00210113) addi sp, sp, 0x2
x2 <- 0x01FDDB7D5BFDDC35
mem[X,0x0000000080001B7C] -> 0x006F
mem[X,0x0000000080001B7E] -> 0x0060
[737] [M]: 0x0000000080001B7C (0x0060006F) jal zero, 0x6
mem[X,0x0000000080001B82] -> 0xB823
mem[X,0x0000000080001B84] -> 0x2C20
[738] [M]: 0x0000000080001B82 (0x2C20B823) sd sp, 0x2d0(ra)
mem[0x00000000800053E8] <- 0x01FDDB7D5BFDDC35
mem[X,0x0000000080001B86] -> 0x0513
mem[X,0x0000000080001B88] -> 0x0010
[739] [M]: 0x0000000080001B86 (0x00100513) addi a0, zero, 0x1
x10 <- 0x0000000000000001
mem[X,0x0000000080001B8A] -> 0x1513
mem[X,0x0000000080001B8C] -> 0x03A5
[740] [M]: 0x0000000080001B8A (0x03A51513) slli a0, a0, 0x3a
x10 <- 0x0400000000000000
mem[X,0x0000000080001B8E] -> 0x4513
mem[X,0x0000000080001B90] -> 0xFFF5
[741] [M]: 0x0000000080001B8E (0xFFF54513) xori a0, a0, -0x1
x10 <- 0xFBFFFFFFFFFFFFFF
mem[X,0x0000000080001B92] -> 0xA031
[742] [M]: 0x0000000080001B92 (0xA031) c.j 0x6
mem[X,0x0000000080001B9E] -> 0xC901
[743] [M]: 0x0000000080001B9E (0xC901) c.beqz a0, 0x8
mem[X,0x0000000080001BA0] -> 0x0113
mem[X,0x0000000080001BA2] -> 0x0021
[744] [M]: 0x0000000080001BA0 (0x00210113) addi sp, sp, 0x2
x2 <- 0x01FDDB7D5BFDDC37
mem[X,0x0000000080001BA4] -> 0x006F
mem[X,0x0000000080001BA6] -> 0x00C0
[745] [M]: 0x0000000080001BA4 (0x00C0006F) jal zero, 0xc
mem[X,0x0000000080001BB0] -> 0xBC23
mem[X,0x0000000080001BB2] -> 0x2C20
[746] [M]: 0x0000000080001BB0 (0x2C20BC23) sd sp, 0x2d8(ra)
mem[0x00000000800053F0] <- 0x01FDDB7D5BFDDC37
mem[X,0x0000000080001BB4] -> 0x0513
mem[X,0x0000000080001BB6] -> 0x0010
[747] [M]: 0x0000000080001BB4 (0x00100513) addi a0, zero, 0x1
x10 <- 0x0000000000000001
mem[X,0x0000000080001BB8] -> 0x1513
mem[X,0x0000000080001BBA] -> 0x03B5
[748] [M]: 0x0000000080001BB8 (0x03B51513) slli a0, a0, 0x3b
x10 <- 0x0800000000000000
mem[X,0x0000000080001BBC] -> 0x4513
mem[X,0x0000000080001BBE] -> 0xFFF5
[749] [M]: 0x0000000080001BBC (0xFFF54513) xori a0, a0, -0x1
x10 <- 0xF7FFFFFFFFFFFFFF
mem[X,0x0000000080001BC0] -> 0xA031
[750] [M]: 0x0000000080001BC0 (0xA031) c.j 0x6
mem[X,0x0000000080001BCC] -> 0xC509
[751] [M]: 0x0000000080001BCC (0xC509) c.beqz a0, 0x5
mem[X,0x0000000080001BCE] -> 0x0113
mem[X,0x0000000080001BD0] -> 0x0021
[752] [M]: 0x0000000080001BCE (0x00210113) addi sp, sp, 0x2
x2 <- 0x01FDDB7D5BFDDC39
mem[X,0x0000000080001BD2] -> 0x006F
mem[X,0x0000000080001BD4] -> 0x0060
[753] [M]: 0x0000000080001BD2 (0x0060006F) jal zero, 0x6
mem[X,0x0000000080001BD8] -> 0xB023
mem[X,0x0000000080001BDA] -> 0x2E20
[754] [M]: 0x0000000080001BD8 (0x2E20B023) sd sp, 0x2e0(ra)
mem[0x00000000800053F8] <- 0x01FDDB7D5BFDDC39
mem[X,0x0000000080001BDC] -> 0x0513
mem[X,0x0000000080001BDE] -> 0x0010
[755] [M]: 0x0000000080001BDC (0x00100513) addi a0, zero, 0x1
x10 <- 0x0000000000000001
mem[X,0x0000000080001BE0] -> 0x1513
mem[X,0x0000000080001BE2] -> 0x03C5
[756] [M]: 0x0000000080001BE0 (0x03C51513) slli a0, a0, 0x3c
x10 <- 0x1000000000000000
mem[X,0x0000000080001BE4] -> 0x4513
mem[X,0x0000000080001BE6] -> 0xFFF5
[757] [M]: 0x0000000080001BE4 (0xFFF54513) xori a0, a0, -0x1
x10 <- 0xEFFFFFFFFFFFFFFF
mem[X,0x0000000080001BE8] -> 0xA031
[758] [M]: 0x0000000080001BE8 (0xA031) c.j 0x6
mem[X,0x0000000080001BF4] -> 0xC511
[759] [M]: 0x0000000080001BF4 (0xC511) c.beqz a0, 0x6
mem[X,0x0000000080001BF6] -> 0x0113
mem[X,0x0000000080001BF8] -> 0x0021
[760] [M]: 0x0000000080001BF6 (0x00210113) addi sp, sp, 0x2
x2 <- 0x01FDDB7D5BFDDC3B
mem[X,0x0000000080001BFA] -> 0x006F
mem[X,0x0000000080001BFC] -> 0x0080
[761] [M]: 0x0000000080001BFA (0x0080006F) jal zero, 0x8
mem[X,0x0000000080001C02] -> 0xB423
mem[X,0x0000000080001C04] -> 0x2E20
[762] [M]: 0x0000000080001C02 (0x2E20B423) sd sp, 0x2e8(ra)
mem[0x0000000080005400] <- 0x01FDDB7D5BFDDC3B
mem[X,0x0000000080001C06] -> 0x0513
mem[X,0x0000000080001C08] -> 0x0010
[763] [M]: 0x0000000080001C06 (0x00100513) addi a0, zero, 0x1
x10 <- 0x0000000000000001
mem[X,0x0000000080001C0A] -> 0x1513
mem[X,0x0000000080001C0C] -> 0x03D5
[764] [M]: 0x0000000080001C0A (0x03D51513) slli a0, a0, 0x3d
x10 <- 0x2000000000000000
mem[X,0x0000000080001C0E] -> 0x4513
mem[X,0x0000000080001C10] -> 0xFFF5
[765] [M]: 0x0000000080001C0E (0xFFF54513) xori a0, a0, -0x1
x10 <- 0xDFFFFFFFFFFFFFFF
mem[X,0x0000000080001C12] -> 0xA031
[766] [M]: 0x0000000080001C12 (0xA031) c.j 0x6
mem[X,0x0000000080001C1E] -> 0xC511
[767] [M]: 0x0000000080001C1E (0xC511) c.beqz a0, 0x6
mem[X,0x0000000080001C20] -> 0x0113
mem[X,0x0000000080001C22] -> 0x0021
[768] [M]: 0x0000000080001C20 (0x00210113) addi sp, sp, 0x2
x2 <- 0x01FDDB7D5BFDDC3D
mem[X,0x0000000080001C24] -> 0x006F
mem[X,0x0000000080001C26] -> 0x0080
[769] [M]: 0x0000000080001C24 (0x0080006F) jal zero, 0x8
mem[X,0x0000000080001C2C] -> 0xB823
mem[X,0x0000000080001C2E] -> 0x2E20
[770] [M]: 0x0000000080001C2C (0x2E20B823) sd sp, 0x2f0(ra)
mem[0x0000000080005408] <- 0x01FDDB7D5BFDDC3D
mem[X,0x0000000080001C30] -> 0x0513
mem[X,0x0000000080001C32] -> 0x0010
[771] [M]: 0x0000000080001C30 (0x00100513) addi a0, zero, 0x1
x10 <- 0x0000000000000001
mem[X,0x0000000080001C34] -> 0x1513
mem[X,0x0000000080001C36] -> 0x03E5
[772] [M]: 0x0000000080001C34 (0x03E51513) slli a0, a0, 0x3e
x10 <- 0x4000000000000000
mem[X,0x0000000080001C38] -> 0x4513
mem[X,0x0000000080001C3A] -> 0xFFF5
[773] [M]: 0x0000000080001C38 (0xFFF54513) xori a0, a0, -0x1
x10 <- 0xBFFFFFFFFFFFFFFF
mem[X,0x0000000080001C3C] -> 0xA821
[774] [M]: 0x0000000080001C3C (0xA821) c.j 0xc
mem[X,0x0000000080001C54] -> 0xD575
[775] [M]: 0x0000000080001C54 (0xD575) c.beqz a0, -0xa
mem[X,0x0000000080001C56] -> 0x0113
mem[X,0x0000000080001C58] -> 0x0021
[776] [M]: 0x0000000080001C56 (0x00210113) addi sp, sp, 0x2
x2 <- 0x01FDDB7D5BFDDC3F
mem[X,0x0000000080001C5A] -> 0x006F
mem[X,0x0000000080001C5C] -> 0x0060
[777] [M]: 0x0000000080001C5A (0x0060006F) jal zero, 0x6
mem[X,0x0000000080001C60] -> 0xBC23
mem[X,0x0000000080001C62] -> 0x2E20
[778] [M]: 0x0000000080001C60 (0x2E20BC23) sd sp, 0x2f8(ra)
mem[0x0000000080005410] <- 0x01FDDB7D5BFDDC3F
mem[X,0x0000000080001C64] -> 0x5537
mem[X,0x0000000080001C66] -> 0x5555
[779] [M]: 0x0000000080001C64 (0x55555537) lui a0, 0x55555
x10 <- 0x0000000055555000
mem[X,0x0000000080001C68] -> 0x0513
mem[X,0x0000000080001C6A] -> 0x5555
[780] [M]: 0x0000000080001C68 (0x55550513) addi a0, a0, 0x555
x10 <- 0x0000000055555555
mem[X,0x0000000080001C6C] -> 0x1513
mem[X,0x0000000080001C6E] -> 0x00B5
[781] [M]: 0x0000000080001C6C (0x00B51513) slli a0, a0, 0xb
x10 <- 0x000002AAAAAAA800
mem[X,0x0000000080001C70] -> 0x0513
mem[X,0x0000000080001C72] -> 0x2AA5
[782] [M]: 0x0000000080001C70 (0x2AA50513) addi a0, a0, 0x2aa
x10 <- 0x000002AAAAAAAAAA
mem[X,0x0000000080001C74] -> 0x1513
mem[X,0x0000000080001C76] -> 0x00B5
[783] [M]: 0x0000000080001C74 (0x00B51513) slli a0, a0, 0xb
x10 <- 0x0015555555555000
mem[X,0x0000000080001C78] -> 0x0513
mem[X,0x0000000080001C7A] -> 0x5555
[784] [M]: 0x0000000080001C78 (0x55550513) addi a0, a0, 0x555
x10 <- 0x0015555555555555
mem[X,0x0000000080001C7C] -> 0x1513
mem[X,0x0000000080001C7E] -> 0x00A5
[785] [M]: 0x0000000080001C7C (0x00A51513) slli a0, a0, 0xa
x10 <- 0x5555555555555400
mem[X,0x0000000080001C80] -> 0x0513
mem[X,0x0000000080001C82] -> 0x1555
[786] [M]: 0x0000000080001C80 (0x15550513) addi a0, a0, 0x155
x10 <- 0x5555555555555555
mem[X,0x0000000080001C84] -> 0xA031
[787] [M]: 0x0000000080001C84 (0xA031) c.j 0x6
mem[X,0x0000000080001C90] -> 0xC511
[788] [M]: 0x0000000080001C90 (0xC511) c.beqz a0, 0x6
mem[X,0x0000000080001C92] -> 0x0113
mem[X,0x0000000080001C94] -> 0x0021
[789] [M]: 0x0000000080001C92 (0x00210113) addi sp, sp, 0x2
x2 <- 0x01FDDB7D5BFDDC41
mem[X,0x0000000080001C96] -> 0x006F
mem[X,0x0000000080001C98] -> 0x0080
[790] [M]: 0x0000000080001C96 (0x0080006F) jal zero, 0x8
mem[X,0x0000000080001C9E] -> 0xB023
mem[X,0x0000000080001CA0] -> 0x3020
[791] [M]: 0x0000000080001C9E (0x3020B023) sd sp, 0x300(ra)
mem[0x0000000080005418] <- 0x01FDDB7D5BFDDC41
mem[X,0x0000000080001CA2] -> 0xB537
mem[X,0x0000000080001CA4] -> 0xAAAA
[792] [M]: 0x0000000080001CA2 (0xAAAAB537) lui a0, -0x55555
x10 <- 0xFFFFFFFFAAAAB000
mem[X,0x0000000080001CA6] -> 0x0513
mem[X,0x0000000080001CA8] -> 0xAAA5
[793] [M]: 0x0000000080001CA6 (0xAAA50513) addi a0, a0, -0x556
x10 <- 0xFFFFFFFFAAAAAAAA
mem[X,0x0000000080001CAA] -> 0x1513
mem[X,0x0000000080001CAC] -> 0x00B5
[794] [M]: 0x0000000080001CAA (0x00B51513) slli a0, a0, 0xb
x10 <- 0xFFFFFD5555555000
mem[X,0x0000000080001CAE] -> 0x0513
mem[X,0x0000000080001CB0] -> 0x5555
[795] [M]: 0x0000000080001CAE (0x55550513) addi a0, a0, 0x555
x10 <- 0xFFFFFD5555555555
mem[X,0x0000000080001CB2] -> 0x1513
mem[X,0x0000000080001CB4] -> 0x00B5
[796] [M]: 0x0000000080001CB2 (0x00B51513) slli a0, a0, 0xb
x10 <- 0xFFEAAAAAAAAAA800
mem[X,0x0000000080001CB6] -> 0x0513
mem[X,0x0000000080001CB8] -> 0x2AA5
[797] [M]: 0x0000000080001CB6 (0x2AA50513) addi a0, a0, 0x2aa
x10 <- 0xFFEAAAAAAAAAAAAA
mem[X,0x0000000080001CBA] -> 0x1513
mem[X,0x0000000080001CBC] -> 0x00A5
[798] [M]: 0x0000000080001CBA (0x00A51513) slli a0, a0, 0xa
x10 <- 0xAAAAAAAAAAAAA800
mem[X,0x0000000080001CBE] -> 0x0513
mem[X,0x0000000080001CC0] -> 0x2AA5
[799] [M]: 0x0000000080001CBE (0x2AA50513) addi a0, a0, 0x2aa
x10 <- 0xAAAAAAAAAAAAAAAA
clint::tick mtime <- 0x0000000000000008
 clint timer pending at mtime 0x0000000000000008
htif::tick 0x0000000000000000
mem[X,0x0000000080001CC2] -> 0xA031
[800] [M]: 0x0000000080001CC2 (0xA031) c.j 0x6
mem[X,0x0000000080001CCE] -> 0xC519
[801] [M]: 0x0000000080001CCE (0xC519) c.beqz a0, 0x7
mem[X,0x0000000080001CD0] -> 0x0113
mem[X,0x0000000080001CD2] -> 0x0021
[802] [M]: 0x0000000080001CD0 (0x00210113) addi sp, sp, 0x2
x2 <- 0x01FDDB7D5BFDDC43
mem[X,0x0000000080001CD4] -> 0x006F
mem[X,0x0000000080001CD6] -> 0x00A0
[803] [M]: 0x0000000080001CD4 (0x00A0006F) jal zero, 0xa
mem[X,0x0000000080001CDE] -> 0xB423
mem[X,0x0000000080001CE0] -> 0x3020
[804] [M]: 0x0000000080001CDE (0x3020B423) sd sp, 0x308(ra)
mem[0x0000000080005420] <- 0x01FDDB7D5BFDDC43
mem[X,0x0000000080001CE2] -> 0x0513
mem[X,0x0000000080001CE4] -> 0x0030
[805] [M]: 0x0000000080001CE2 (0x00300513) addi a0, zero, 0x3
x10 <- 0x0000000000000003
mem[X,0x0000000080001CE6] -> 0xA031
[806] [M]: 0x0000000080001CE6 (0xA031) c.j 0x6
mem[X,0x0000000080001CF2] -> 0xC509
[807] [M]: 0x0000000080001CF2 (0xC509) c.beqz a0, 0x5
mem[X,0x0000000080001CF4] -> 0x0113
mem[X,0x0000000080001CF6] -> 0x0021
[808] [M]: 0x0000000080001CF4 (0x00210113) addi sp, sp, 0x2
x2 <- 0x01FDDB7D5BFDDC45
mem[X,0x0000000080001CF8] -> 0x006F
mem[X,0x0000000080001CFA] -> 0x0060
[809] [M]: 0x0000000080001CF8 (0x0060006F) jal zero, 0x6
mem[X,0x0000000080001CFE] -> 0xB823
mem[X,0x0000000080001D00] -> 0x3020
[810] [M]: 0x0000000080001CFE (0x3020B823) sd sp, 0x310(ra)
mem[0x0000000080005428] <- 0x01FDDB7D5BFDDC45
mem[X,0x0000000080001D02] -> 0x0513
mem[X,0x0000000080001D04] -> 0x0050
[811] [M]: 0x0000000080001D02 (0x00500513) addi a0, zero, 0x5
x10 <- 0x0000000000000005
mem[X,0x0000000080001D06] -> 0xA031
[812] [M]: 0x0000000080001D06 (0xA031) c.j 0x6
mem[X,0x0000000080001D12] -> 0xC509
[813] [M]: 0x0000000080001D12 (0xC509) c.beqz a0, 0x5
mem[X,0x0000000080001D14] -> 0x0113
mem[X,0x0000000080001D16] -> 0x0021
[814] [M]: 0x0000000080001D14 (0x00210113) addi sp, sp, 0x2
x2 <- 0x01FDDB7D5BFDDC47
mem[X,0x0000000080001D18] -> 0x006F
mem[X,0x0000000080001D1A] -> 0x0060
[815] [M]: 0x0000000080001D18 (0x0060006F) jal zero, 0x6
mem[X,0x0000000080001D1E] -> 0xBC23
mem[X,0x0000000080001D20] -> 0x3020
[816] [M]: 0x0000000080001D1E (0x3020BC23) sd sp, 0x318(ra)
mem[0x0000000080005430] <- 0x01FDDB7D5BFDDC47
mem[X,0x0000000080001D22] -> 0x3537
mem[X,0x0000000080001D24] -> 0x3333
[817] [M]: 0x0000000080001D22 (0x33333537) lui a0, 0x33333
x10 <- 0x0000000033333000
mem[X,0x0000000080001D26] -> 0x0513
mem[X,0x0000000080001D28] -> 0x3335
[818] [M]: 0x0000000080001D26 (0x33350513) addi a0, a0, 0x333
x10 <- 0x0000000033333333
mem[X,0x0000000080001D2A] -> 0x1513
mem[X,0x0000000080001D2C] -> 0x00B5
[819] [M]: 0x0000000080001D2A (0x00B51513) slli a0, a0, 0xb
x10 <- 0x0000019999999800
mem[X,0x0000000080001D2E] -> 0x0513
mem[X,0x0000000080001D30] -> 0x1995
[820] [M]: 0x0000000080001D2E (0x19950513) addi a0, a0, 0x199
x10 <- 0x0000019999999999
mem[X,0x0000000080001D32] -> 0x1513
mem[X,0x0000000080001D34] -> 0x00B5
[821] [M]: 0x0000000080001D32 (0x00B51513) slli a0, a0, 0xb
x10 <- 0x000CCCCCCCCCC800
mem[X,0x0000000080001D36] -> 0x0513
mem[X,0x0000000080001D38] -> 0x4CC5
[822] [M]: 0x0000000080001D36 (0x4CC50513) addi a0, a0, 0x4cc
x10 <- 0x000CCCCCCCCCCCCC
mem[X,0x0000000080001D3A] -> 0x1513
mem[X,0x0000000080001D3C] -> 0x00A5
[823] [M]: 0x0000000080001D3A (0x00A51513) slli a0, a0, 0xa
x10 <- 0x3333333333333000
mem[X,0x0000000080001D3E] -> 0x0513
mem[X,0x0000000080001D40] -> 0x3335
[824] [M]: 0x0000000080001D3E (0x33350513) addi a0, a0, 0x333
x10 <- 0x3333333333333333
mem[X,0x0000000080001D42] -> 0xA031
[825] [M]: 0x0000000080001D42 (0xA031) c.j 0x6
mem[X,0x0000000080001D4E] -> 0xC105
[826] [M]: 0x0000000080001D4E (0xC105) c.beqz a0, 0x10
mem[X,0x0000000080001D50] -> 0x0113
mem[X,0x0000000080001D52] -> 0x0021
[827] [M]: 0x0000000080001D50 (0x00210113) addi sp, sp, 0x2
x2 <- 0x01FDDB7D5BFDDC49
mem[X,0x0000000080001D54] -> 0x006F
mem[X,0x0000000080001D56] -> 0x01C0
[828] [M]: 0x0000000080001D54 (0x01C0006F) jal zero, 0x1c
mem[X,0x0000000080001D70] -> 0xB023
mem[X,0x0000000080001D72] -> 0x3220
[829] [M]: 0x0000000080001D70 (0x3220B023) sd sp, 0x320(ra)
mem[0x0000000080005438] <- 0x01FDDB7D5BFDDC49
mem[X,0x0000000080001D74] -> 0x6537
mem[X,0x0000000080001D76] -> 0x6666
[830] [M]: 0x0000000080001D74 (0x66666537) lui a0, 0x66666
x10 <- 0x0000000066666000
mem[X,0x0000000080001D78] -> 0x0513
mem[X,0x0000000080001D7A] -> 0x6665
[831] [M]: 0x0000000080001D78 (0x66650513) addi a0, a0, 0x666
x10 <- 0x0000000066666666
mem[X,0x0000000080001D7C] -> 0x1513
mem[X,0x0000000080001D7E] -> 0x00B5
[832] [M]: 0x0000000080001D7C (0x00B51513) slli a0, a0, 0xb
x10 <- 0x0000033333333000
mem[X,0x0000000080001D80] -> 0x0513
mem[X,0x0000000080001D82] -> 0x3335
[833] [M]: 0x0000000080001D80 (0x33350513) addi a0, a0, 0x333
x10 <- 0x0000033333333333
mem[X,0x0000000080001D84] -> 0x1513
mem[X,0x0000000080001D86] -> 0x00B5
[834] [M]: 0x0000000080001D84 (0x00B51513) slli a0, a0, 0xb
x10 <- 0x0019999999999800
mem[X,0x0000000080001D88] -> 0x0513
mem[X,0x0000000080001D8A] -> 0x1995
[835] [M]: 0x0000000080001D88 (0x19950513) addi a0, a0, 0x199
x10 <- 0x0019999999999999
mem[X,0x0000000080001D8C] -> 0x1513
mem[X,0x0000000080001D8E] -> 0x00A5
[836] [M]: 0x0000000080001D8C (0x00A51513) slli a0, a0, 0xa
x10 <- 0x6666666666666400
mem[X,0x0000000080001D90] -> 0x0513
mem[X,0x0000000080001D92] -> 0x2665
[837] [M]: 0x0000000080001D90 (0x26650513) addi a0, a0, 0x266
x10 <- 0x6666666666666666
mem[X,0x0000000080001D94] -> 0xA031
[838] [M]: 0x0000000080001D94 (0xA031) c.j 0x6
mem[X,0x0000000080001DA0] -> 0xC909
[839] [M]: 0x0000000080001DA0 (0xC909) c.beqz a0, 0x9
mem[X,0x0000000080001DA2] -> 0x0113
mem[X,0x0000000080001DA4] -> 0x0021
[840] [M]: 0x0000000080001DA2 (0x00210113) addi sp, sp, 0x2
x2 <- 0x01FDDB7D5BFDDC4B
mem[X,0x0000000080001DA6] -> 0x006F
mem[X,0x0000000080001DA8] -> 0x00E0
[841] [M]: 0x0000000080001DA6 (0x00E0006F) jal zero, 0xe
mem[X,0x0000000080001DB4] -> 0xB423
mem[X,0x0000000080001DB6] -> 0x3220
[842] [M]: 0x0000000080001DB4 (0x3220B423) sd sp, 0x328(ra)
mem[0x0000000080005440] <- 0x01FDDB7D5BFDDC4B
mem[X,0x0000000080001DB8] -> 0x0537
mem[X,0x0000000080001DBA] -> 0x0000
[843] [M]: 0x0000000080001DB8 (0x00000537) lui a0, 0x0
x10 <- 0x0000000000000000
mem[X,0x0000000080001DBC] -> 0x0513
mem[X,0x0000000080001DBE] -> 0x0005
[844] [M]: 0x0000000080001DBC (0x00050513) addi a0, a0, 0x0
x10 <- 0x0000000000000000
mem[X,0x0000000080001DC0] -> 0x1513
mem[X,0x0000000080001DC2] -> 0x00B5
[845] [M]: 0x0000000080001DC0 (0x00B51513) slli a0, a0, 0xb
x10 <- 0x0000000000000000
mem[X,0x0000000080001DC4] -> 0x0513
mem[X,0x0000000080001DC6] -> 0x5A85
[846] [M]: 0x0000000080001DC4 (0x5A850513) addi a0, a0, 0x5a8
x10 <- 0x00000000000005A8
mem[X,0x0000000080001DC8] -> 0x1513
mem[X,0x0000000080001DCA] -> 0x00B5
[847] [M]: 0x0000000080001DC8 (0x00B51513) slli a0, a0, 0xb
x10 <- 0x00000000002D4000
mem[X,0x0000000080001DCC] -> 0x0513
mem[X,0x0000000080001DCE] -> 0x13C5
[848] [M]: 0x0000000080001DCC (0x13C50513) addi a0, a0, 0x13c
x10 <- 0x00000000002D413C
mem[X,0x0000000080001DD0] -> 0x1513
mem[X,0x0000000080001DD2] -> 0x00A5
[849] [M]: 0x0000000080001DD0 (0x00A51513) slli a0, a0, 0xa
x10 <- 0x00000000B504F000
mem[X,0x0000000080001DD4] -> 0x0513
mem[X,0x0000000080001DD6] -> 0x3335
[850] [M]: 0x0000000080001DD4 (0x33350513) addi a0, a0, 0x333
x10 <- 0x00000000B504F333
mem[X,0x0000000080001DD8] -> 0xA031
[851] [M]: 0x0000000080001DD8 (0xA031) c.j 0x6
mem[X,0x0000000080001DE4] -> 0xDD65
[852] [M]: 0x0000000080001DE4 (0xDD65) c.beqz a0, -0x4
mem[X,0x0000000080001DE6] -> 0x0113
mem[X,0x0000000080001DE8] -> 0x0021
[853] [M]: 0x0000000080001DE6 (0x00210113) addi sp, sp, 0x2
x2 <- 0x01FDDB7D5BFDDC4D
mem[X,0x0000000080001DEA] -> 0x006F
mem[X,0x0000000080001DEC] -> 0x0060
[854] [M]: 0x0000000080001DEA (0x0060006F) jal zero, 0x6
mem[X,0x0000000080001DF0] -> 0xB823
mem[X,0x0000000080001DF2] -> 0x3220
[855] [M]: 0x0000000080001DF0 (0x3220B823) sd sp, 0x330(ra)
mem[0x0000000080005448] <- 0x01FDDB7D5BFDDC4D
mem[X,0x0000000080001DF4] -> 0x5537
mem[X,0x0000000080001DF6] -> 0x5555
[856] [M]: 0x0000000080001DF4 (0x55555537) lui a0, 0x55555
x10 <- 0x0000000055555000
mem[X,0x0000000080001DF8] -> 0x0513
mem[X,0x0000000080001DFA] -> 0x5555
[857] [M]: 0x0000000080001DF8 (0x55550513) addi a0, a0, 0x555
x10 <- 0x0000000055555555
mem[X,0x0000000080001DFC] -> 0x1513
mem[X,0x0000000080001DFE] -> 0x00B5
[858] [M]: 0x0000000080001DFC (0x00B51513) slli a0, a0, 0xb
x10 <- 0x000002AAAAAAA800
mem[X,0x0000000080001E00] -> 0x0513
mem[X,0x0000000080001E02] -> 0x2AA5
[859] [M]: 0x0000000080001E00 (0x2AA50513) addi a0, a0, 0x2aa
x10 <- 0x000002AAAAAAAAAA
mem[X,0x0000000080001E04] -> 0x1513
mem[X,0x0000000080001E06] -> 0x00B5
[860] [M]: 0x0000000080001E04 (0x00B51513) slli a0, a0, 0xb
x10 <- 0x0015555555555000
mem[X,0x0000000080001E08] -> 0x0513
mem[X,0x0000000080001E0A] -> 0x5555
[861] [M]: 0x0000000080001E08 (0x55550513) addi a0, a0, 0x555
x10 <- 0x0015555555555555
mem[X,0x0000000080001E0C] -> 0x1513
mem[X,0x0000000080001E0E] -> 0x00A5
[862] [M]: 0x0000000080001E0C (0x00A51513) slli a0, a0, 0xa
x10 <- 0x5555555555555400
mem[X,0x0000000080001E10] -> 0x0513
mem[X,0x0000000080001E12] -> 0x1545
[863] [M]: 0x0000000080001E10 (0x15450513) addi a0, a0, 0x154
x10 <- 0x5555555555555554
mem[X,0x0000000080001E14] -> 0xA031
[864] [M]: 0x0000000080001E14 (0xA031) c.j 0x6
mem[X,0x0000000080001E20] -> 0xC509
[865] [M]: 0x0000000080001E20 (0xC509) c.beqz a0, 0x5
mem[X,0x0000000080001E22] -> 0x0113
mem[X,0x0000000080001E24] -> 0x0021
[866] [M]: 0x0000000080001E22 (0x00210113) addi sp, sp, 0x2
x2 <- 0x01FDDB7D5BFDDC4F
mem[X,0x0000000080001E26] -> 0x006F
mem[X,0x0000000080001E28] -> 0x0060
[867] [M]: 0x0000000080001E26 (0x0060006F) jal zero, 0x6
mem[X,0x0000000080001E2C] -> 0xBC23
mem[X,0x0000000080001E2E] -> 0x3220
[868] [M]: 0x0000000080001E2C (0x3220BC23) sd sp, 0x338(ra)
mem[0x0000000080005450] <- 0x01FDDB7D5BFDDC4F
mem[X,0x0000000080001E30] -> 0x3537
mem[X,0x0000000080001E32] -> 0x3333
[869] [M]: 0x0000000080001E30 (0x33333537) lui a0, 0x33333
x10 <- 0x0000000033333000
mem[X,0x0000000080001E34] -> 0x0513
mem[X,0x0000000080001E36] -> 0x3335
[870] [M]: 0x0000000080001E34 (0x33350513) addi a0, a0, 0x333
x10 <- 0x0000000033333333
mem[X,0x0000000080001E38] -> 0x1513
mem[X,0x0000000080001E3A] -> 0x00B5
[871] [M]: 0x0000000080001E38 (0x00B51513) slli a0, a0, 0xb
x10 <- 0x0000019999999800
mem[X,0x0000000080001E3C] -> 0x0513
mem[X,0x0000000080001E3E] -> 0x1995
[872] [M]: 0x0000000080001E3C (0x19950513) addi a0, a0, 0x199
x10 <- 0x0000019999999999
mem[X,0x0000000080001E40] -> 0x1513
mem[X,0x0000000080001E42] -> 0x00B5
[873] [M]: 0x0000000080001E40 (0x00B51513) slli a0, a0, 0xb
x10 <- 0x000CCCCCCCCCC800
mem[X,0x0000000080001E44] -> 0x0513
mem[X,0x0000000080001E46] -> 0x4CC5
[874] [M]: 0x0000000080001E44 (0x4CC50513) addi a0, a0, 0x4cc
x10 <- 0x000CCCCCCCCCCCCC
mem[X,0x0000000080001E48] -> 0x1513
mem[X,0x0000000080001E4A] -> 0x00A5
[875] [M]: 0x0000000080001E48 (0x00A51513) slli a0, a0, 0xa
x10 <- 0x3333333333333000
mem[X,0x0000000080001E4C] -> 0x0513
mem[X,0x0000000080001E4E] -> 0x3325
[876] [M]: 0x0000000080001E4C (0x33250513) addi a0, a0, 0x332
x10 <- 0x3333333333333332
mem[X,0x0000000080001E50] -> 0xA031
[877] [M]: 0x0000000080001E50 (0xA031) c.j 0x6
mem[X,0x0000000080001E5C] -> 0xC901
[878] [M]: 0x0000000080001E5C (0xC901) c.beqz a0, 0x8
mem[X,0x0000000080001E5E] -> 0x0113
mem[X,0x0000000080001E60] -> 0x0021
[879] [M]: 0x0000000080001E5E (0x00210113) addi sp, sp, 0x2
x2 <- 0x01FDDB7D5BFDDC51
mem[X,0x0000000080001E62] -> 0x006F
mem[X,0x0000000080001E64] -> 0x00C0
[880] [M]: 0x0000000080001E62 (0x00C0006F) jal zero, 0xc
mem[X,0x0000000080001E6E] -> 0xB023
mem[X,0x0000000080001E70] -> 0x3420
[881] [M]: 0x0000000080001E6E (0x3420B023) sd sp, 0x340(ra)
mem[0x0000000080005458] <- 0x01FDDB7D5BFDDC51
mem[X,0x0000000080001E72] -> 0x6537
mem[X,0x0000000080001E74] -> 0x6666
[882] [M]: 0x0000000080001E72 (0x66666537) lui a0, 0x66666
x10 <- 0x0000000066666000
mem[X,0x0000000080001E76] -> 0x0513
mem[X,0x0000000080001E78] -> 0x6665
[883] [M]: 0x0000000080001E76 (0x66650513) addi a0, a0, 0x666
x10 <- 0x0000000066666666
mem[X,0x0000000080001E7A] -> 0x1513
mem[X,0x0000000080001E7C] -> 0x00B5
[884] [M]: 0x0000000080001E7A (0x00B51513) slli a0, a0, 0xb
x10 <- 0x0000033333333000
mem[X,0x0000000080001E7E] -> 0x0513
mem[X,0x0000000080001E80] -> 0x3335
[885] [M]: 0x0000000080001E7E (0x33350513) addi a0, a0, 0x333
x10 <- 0x0000033333333333
mem[X,0x0000000080001E82] -> 0x1513
mem[X,0x0000000080001E84] -> 0x00B5
[886] [M]: 0x0000000080001E82 (0x00B51513) slli a0, a0, 0xb
x10 <- 0x0019999999999800
mem[X,0x0000000080001E86] -> 0x0513
mem[X,0x0000000080001E88] -> 0x1995
[887] [M]: 0x0000000080001E86 (0x19950513) addi a0, a0, 0x199
x10 <- 0x0019999999999999
mem[X,0x0000000080001E8A] -> 0x1513
mem[X,0x0000000080001E8C] -> 0x00A5
[888] [M]: 0x0000000080001E8A (0x00A51513) slli a0, a0, 0xa
x10 <- 0x6666666666666400
mem[X,0x0000000080001E8E] -> 0x0513
mem[X,0x0000000080001E90] -> 0x2655
[889] [M]: 0x0000000080001E8E (0x26550513) addi a0, a0, 0x265
x10 <- 0x6666666666666665
mem[X,0x0000000080001E92] -> 0xA031
[890] [M]: 0x0000000080001E92 (0xA031) c.j 0x6
mem[X,0x0000000080001E9E] -> 0xC141
[891] [M]: 0x0000000080001E9E (0xC141) c.beqz a0, 0x40
mem[X,0x0000000080001EA0] -> 0x0113
mem[X,0x0000000080001EA2] -> 0x0021
[892] [M]: 0x0000000080001EA0 (0x00210113) addi sp, sp, 0x2
x2 <- 0x01FDDB7D5BFDDC53
mem[X,0x0000000080001EA4] -> 0x006F
mem[X,0x0000000080001EA6] -> 0x07C0
[893] [M]: 0x0000000080001EA4 (0x07C0006F) jal zero, 0x7c
mem[X,0x0000000080001F20] -> 0xB423
mem[X,0x0000000080001F22] -> 0x3420
[894] [M]: 0x0000000080001F20 (0x3420B423) sd sp, 0x348(ra)
mem[0x0000000080005460] <- 0x01FDDB7D5BFDDC53
mem[X,0x0000000080001F24] -> 0x0537
mem[X,0x0000000080001F26] -> 0x0000
[895] [M]: 0x0000000080001F24 (0x00000537) lui a0, 0x0
x10 <- 0x0000000000000000
mem[X,0x0000000080001F28] -> 0x0513
mem[X,0x0000000080001F2A] -> 0x0005
[896] [M]: 0x0000000080001F28 (0x00050513) addi a0, a0, 0x0
x10 <- 0x0000000000000000
mem[X,0x0000000080001F2C] -> 0x1513
mem[X,0x0000000080001F2E] -> 0x00B5
[897] [M]: 0x0000000080001F2C (0x00B51513) slli a0, a0, 0xb
x10 <- 0x0000000000000000
mem[X,0x0000000080001F30] -> 0x0513
mem[X,0x0000000080001F32] -> 0x5A85
[898] [M]: 0x0000000080001F30 (0x5A850513) addi a0, a0, 0x5a8
x10 <- 0x00000000000005A8
mem[X,0x0000000080001F34] -> 0x1513
mem[X,0x0000000080001F36] -> 0x00B5
[899] [M]: 0x0000000080001F34 (0x00B51513) slli a0, a0, 0xb
x10 <- 0x00000000002D4000
clint::tick mtime <- 0x0000000000000009
 clint timer pending at mtime 0x0000000000000009
htif::tick 0x0000000000000000
mem[X,0x0000000080001F38] -> 0x0513
mem[X,0x0000000080001F3A] -> 0x13C5
[900] [M]: 0x0000000080001F38 (0x13C50513) addi a0, a0, 0x13c
x10 <- 0x00000000002D413C
mem[X,0x0000000080001F3C] -> 0x1513
mem[X,0x0000000080001F3E] -> 0x00A5
[901] [M]: 0x0000000080001F3C (0x00A51513) slli a0, a0, 0xa
x10 <- 0x00000000B504F000
mem[X,0x0000000080001F40] -> 0x0513
mem[X,0x0000000080001F42] -> 0x3325
[902] [M]: 0x0000000080001F40 (0x33250513) addi a0, a0, 0x332
x10 <- 0x00000000B504F332
mem[X,0x0000000080001F44] -> 0xA031
[903] [M]: 0x0000000080001F44 (0xA031) c.j 0x6
mem[X,0x0000000080001F50] -> 0xC141
[904] [M]: 0x0000000080001F50 (0xC141) c.beqz a0, 0x40
mem[X,0x0000000080001F52] -> 0x0113
mem[X,0x0000000080001F54] -> 0x0021
[905] [M]: 0x0000000080001F52 (0x00210113) addi sp, sp, 0x2
x2 <- 0x01FDDB7D5BFDDC55
mem[X,0x0000000080001F56] -> 0x006F
mem[X,0x0000000080001F58] -> 0x07C0
[906] [M]: 0x0000000080001F56 (0x07C0006F) jal zero, 0x7c
mem[X,0x0000000080001FD2] -> 0xB823
mem[X,0x0000000080001FD4] -> 0x3420
[907] [M]: 0x0000000080001FD2 (0x3420B823) sd sp, 0x350(ra)
mem[0x0000000080005468] <- 0x01FDDB7D5BFDDC55
mem[X,0x0000000080001FD6] -> 0x5537
mem[X,0x0000000080001FD8] -> 0x5555
[908] [M]: 0x0000000080001FD6 (0x55555537) lui a0, 0x55555
x10 <- 0x0000000055555000
mem[X,0x0000000080001FDA] -> 0x0513
mem[X,0x0000000080001FDC] -> 0x5555
[909] [M]: 0x0000000080001FDA (0x55550513) addi a0, a0, 0x555
x10 <- 0x0000000055555555
mem[X,0x0000000080001FDE] -> 0x1513
mem[X,0x0000000080001FE0] -> 0x00B5
[910] [M]: 0x0000000080001FDE (0x00B51513) slli a0, a0, 0xb
x10 <- 0x000002AAAAAAA800
mem[X,0x0000000080001FE2] -> 0x0513
mem[X,0x0000000080001FE4] -> 0x2AA5
[911] [M]: 0x0000000080001FE2 (0x2AA50513) addi a0, a0, 0x2aa
x10 <- 0x000002AAAAAAAAAA
mem[X,0x0000000080001FE6] -> 0x1513
mem[X,0x0000000080001FE8] -> 0x00B5
[912] [M]: 0x0000000080001FE6 (0x00B51513) slli a0, a0, 0xb
x10 <- 0x0015555555555000
mem[X,0x0000000080001FEA] -> 0x0513
mem[X,0x0000000080001FEC] -> 0x5555
[913] [M]: 0x0000000080001FEA (0x55550513) addi a0, a0, 0x555
x10 <- 0x0015555555555555
mem[X,0x0000000080001FEE] -> 0x1513
mem[X,0x0000000080001FF0] -> 0x00A5
[914] [M]: 0x0000000080001FEE (0x00A51513) slli a0, a0, 0xa
x10 <- 0x5555555555555400
mem[X,0x0000000080001FF2] -> 0x0513
mem[X,0x0000000080001FF4] -> 0x1565
[915] [M]: 0x0000000080001FF2 (0x15650513) addi a0, a0, 0x156
x10 <- 0x5555555555555556
mem[X,0x0000000080001FF6] -> 0xA031
[916] [M]: 0x0000000080001FF6 (0xA031) c.j 0x6
mem[X,0x0000000080002002] -> 0xC519
[917] [M]: 0x0000000080002002 (0xC519) c.beqz a0, 0x7
mem[X,0x0000000080002004] -> 0x0113
mem[X,0x0000000080002006] -> 0x0021
[918] [M]: 0x0000000080002004 (0x00210113) addi sp, sp, 0x2
x2 <- 0x01FDDB7D5BFDDC57
mem[X,0x0000000080002008] -> 0x006F
mem[X,0x000000008000200A] -> 0x00A0
[919] [M]: 0x0000000080002008 (0x00A0006F) jal zero, 0xa
mem[X,0x0000000080002012] -> 0xBC23
mem[X,0x0000000080002014] -> 0x3420
[920] [M]: 0x0000000080002012 (0x3420BC23) sd sp, 0x358(ra)
mem[0x0000000080005470] <- 0x01FDDB7D5BFDDC57
mem[X,0x0000000080002016] -> 0xB537
mem[X,0x0000000080002018] -> 0xAAAA
[921] [M]: 0x0000000080002016 (0xAAAAB537) lui a0, -0x55555
x10 <- 0xFFFFFFFFAAAAB000
mem[X,0x000000008000201A] -> 0x0513
mem[X,0x000000008000201C] -> 0xAAA5
[922] [M]: 0x000000008000201A (0xAAA50513) addi a0, a0, -0x556
x10 <- 0xFFFFFFFFAAAAAAAA
mem[X,0x000000008000201E] -> 0x1513
mem[X,0x0000000080002020] -> 0x00B5
[923] [M]: 0x000000008000201E (0x00B51513) slli a0, a0, 0xb
x10 <- 0xFFFFFD5555555000
mem[X,0x0000000080002022] -> 0x0513
mem[X,0x0000000080002024] -> 0x5555
[924] [M]: 0x0000000080002022 (0x55550513) addi a0, a0, 0x555
x10 <- 0xFFFFFD5555555555
mem[X,0x0000000080002026] -> 0x1513
mem[X,0x0000000080002028] -> 0x00B5
[925] [M]: 0x0000000080002026 (0x00B51513) slli a0, a0, 0xb
x10 <- 0xFFEAAAAAAAAAA800
mem[X,0x000000008000202A] -> 0x0513
mem[X,0x000000008000202C] -> 0x2AA5
[926] [M]: 0x000000008000202A (0x2AA50513) addi a0, a0, 0x2aa
x10 <- 0xFFEAAAAAAAAAAAAA
mem[X,0x000000008000202E] -> 0x1513
mem[X,0x0000000080002030] -> 0x00A5
[927] [M]: 0x000000008000202E (0x00A51513) slli a0, a0, 0xa
x10 <- 0xAAAAAAAAAAAAA800
mem[X,0x0000000080002032] -> 0x0513
mem[X,0x0000000080002034] -> 0x2AB5
[928] [M]: 0x0000000080002032 (0x2AB50513) addi a0, a0, 0x2ab
x10 <- 0xAAAAAAAAAAAAAAAB
mem[X,0x0000000080002036] -> 0xA031
[929] [M]: 0x0000000080002036 (0xA031) c.j 0x6
mem[X,0x0000000080002042] -> 0xC509
[930] [M]: 0x0000000080002042 (0xC509) c.beqz a0, 0x5
mem[X,0x0000000080002044] -> 0x0113
mem[X,0x0000000080002046] -> 0x0021
[931] [M]: 0x0000000080002044 (0x00210113) addi sp, sp, 0x2
x2 <- 0x01FDDB7D5BFDDC59
mem[X,0x0000000080002048] -> 0x006F
mem[X,0x000000008000204A] -> 0x0060
[932] [M]: 0x0000000080002048 (0x0060006F) jal zero, 0x6
mem[X,0x000000008000204E] -> 0xB023
mem[X,0x0000000080002050] -> 0x3620
[933] [M]: 0x000000008000204E (0x3620B023) sd sp, 0x360(ra)
mem[0x0000000080005478] <- 0x01FDDB7D5BFDDC59
mem[X,0x0000000080002052] -> 0x0513
mem[X,0x0000000080002054] -> 0x0060
[934] [M]: 0x0000000080002052 (0x00600513) addi a0, zero, 0x6
x10 <- 0x0000000000000006
mem[X,0x0000000080002056] -> 0xA031
[935] [M]: 0x0000000080002056 (0xA031) c.j 0x6
mem[X,0x0000000080002062] -> 0xDD65
[936] [M]: 0x0000000080002062 (0xDD65) c.beqz a0, -0x4
mem[X,0x0000000080002064] -> 0x0113
mem[X,0x0000000080002066] -> 0x0021
[937] [M]: 0x0000000080002064 (0x00210113) addi sp, sp, 0x2
x2 <- 0x01FDDB7D5BFDDC5B
mem[X,0x0000000080002068] -> 0x006F
mem[X,0x000000008000206A] -> 0x0060
[938] [M]: 0x0000000080002068 (0x0060006F) jal zero, 0x6
mem[X,0x000000008000206E] -> 0xB423
mem[X,0x0000000080002070] -> 0x3620
[939] [M]: 0x000000008000206E (0x3620B423) sd sp, 0x368(ra)
mem[0x0000000080005480] <- 0x01FDDB7D5BFDDC5B
mem[X,0x0000000080002072] -> 0x3537
mem[X,0x0000000080002074] -> 0x3333
[940] [M]: 0x0000000080002072 (0x33333537) lui a0, 0x33333
x10 <- 0x0000000033333000
mem[X,0x0000000080002076] -> 0x0513
mem[X,0x0000000080002078] -> 0x3335
[941] [M]: 0x0000000080002076 (0x33350513) addi a0, a0, 0x333
x10 <- 0x0000000033333333
mem[X,0x000000008000207A] -> 0x1513
mem[X,0x000000008000207C] -> 0x00B5
[942] [M]: 0x000000008000207A (0x00B51513) slli a0, a0, 0xb
x10 <- 0x0000019999999800
mem[X,0x000000008000207E] -> 0x0513
mem[X,0x0000000080002080] -> 0x1995
[943] [M]: 0x000000008000207E (0x19950513) addi a0, a0, 0x199
x10 <- 0x0000019999999999
mem[X,0x0000000080002082] -> 0x1513
mem[X,0x0000000080002084] -> 0x00B5
[944] [M]: 0x0000000080002082 (0x00B51513) slli a0, a0, 0xb
x10 <- 0x000CCCCCCCCCC800
mem[X,0x0000000080002086] -> 0x0513
mem[X,0x0000000080002088] -> 0x4CC5
[945] [M]: 0x0000000080002086 (0x4CC50513) addi a0, a0, 0x4cc
x10 <- 0x000CCCCCCCCCCCCC
mem[X,0x000000008000208A] -> 0x1513
mem[X,0x000000008000208C] -> 0x00A5
[946] [M]: 0x000000008000208A (0x00A51513) slli a0, a0, 0xa
x10 <- 0x3333333333333000
mem[X,0x000000008000208E] -> 0x0513
mem[X,0x0000000080002090] -> 0x3345
[947] [M]: 0x000000008000208E (0x33450513) addi a0, a0, 0x334
x10 <- 0x3333333333333334
mem[X,0x0000000080002092] -> 0xA031
[948] [M]: 0x0000000080002092 (0xA031) c.j 0x6
mem[X,0x000000008000209E] -> 0xC909
[949] [M]: 0x000000008000209E (0xC909) c.beqz a0, 0x9
mem[X,0x00000000800020A0] -> 0x0113
mem[X,0x00000000800020A2] -> 0x0021
[950] [M]: 0x00000000800020A0 (0x00210113) addi sp, sp, 0x2
x2 <- 0x01FDDB7D5BFDDC5D
mem[X,0x00000000800020A4] -> 0x006F
mem[X,0x00000000800020A6] -> 0x00E0
[951] [M]: 0x00000000800020A4 (0x00E0006F) jal zero, 0xe
mem[X,0x00000000800020B2] -> 0xB823
mem[X,0x00000000800020B4] -> 0x3620
[952] [M]: 0x00000000800020B2 (0x3620B823) sd sp, 0x370(ra)
mem[0x0000000080005488] <- 0x01FDDB7D5BFDDC5D
mem[X,0x00000000800020B6] -> 0x6537
mem[X,0x00000000800020B8] -> 0x6666
[953] [M]: 0x00000000800020B6 (0x66666537) lui a0, 0x66666
x10 <- 0x0000000066666000
mem[X,0x00000000800020BA] -> 0x0513
mem[X,0x00000000800020BC] -> 0x6665
[954] [M]: 0x00000000800020BA (0x66650513) addi a0, a0, 0x666
x10 <- 0x0000000066666666
mem[X,0x00000000800020BE] -> 0x1513
mem[X,0x00000000800020C0] -> 0x00B5
[955] [M]: 0x00000000800020BE (0x00B51513) slli a0, a0, 0xb
x10 <- 0x0000033333333000
mem[X,0x00000000800020C2] -> 0x0513
mem[X,0x00000000800020C4] -> 0x3335
[956] [M]: 0x00000000800020C2 (0x33350513) addi a0, a0, 0x333
x10 <- 0x0000033333333333
mem[X,0x00000000800020C6] -> 0x1513
mem[X,0x00000000800020C8] -> 0x00B5
[957] [M]: 0x00000000800020C6 (0x00B51513) slli a0, a0, 0xb
x10 <- 0x0019999999999800
mem[X,0x00000000800020CA] -> 0x0513
mem[X,0x00000000800020CC] -> 0x1995
[958] [M]: 0x00000000800020CA (0x19950513) addi a0, a0, 0x199
x10 <- 0x0019999999999999
mem[X,0x00000000800020CE] -> 0x1513
mem[X,0x00000000800020D0] -> 0x00A5
[959] [M]: 0x00000000800020CE (0x00A51513) slli a0, a0, 0xa
x10 <- 0x6666666666666400
mem[X,0x00000000800020D2] -> 0x0513
mem[X,0x00000000800020D4] -> 0x2675
[960] [M]: 0x00000000800020D2 (0x26750513) addi a0, a0, 0x267
x10 <- 0x6666666666666667
mem[X,0x00000000800020D6] -> 0xA809
[961] [M]: 0x00000000800020D6 (0xA809) c.j 0x9
mem[X,0x00000000800020E8] -> 0xD96D
[962] [M]: 0x00000000800020E8 (0xD96D) c.beqz a0, -0x7
mem[X,0x00000000800020EA] -> 0x0113
mem[X,0x00000000800020EC] -> 0x0021
[963] [M]: 0x00000000800020EA (0x00210113) addi sp, sp, 0x2
x2 <- 0x01FDDB7D5BFDDC5F
mem[X,0x00000000800020EE] -> 0x006F
mem[X,0x00000000800020F0] -> 0x0060
[964] [M]: 0x00000000800020EE (0x0060006F) jal zero, 0x6
mem[X,0x00000000800020F4] -> 0xBC23
mem[X,0x00000000800020F6] -> 0x3620
[965] [M]: 0x00000000800020F4 (0x3620BC23) sd sp, 0x378(ra)
mem[0x0000000080005490] <- 0x01FDDB7D5BFDDC5F
mem[X,0x00000000800020F8] -> 0x0537
mem[X,0x00000000800020FA] -> 0x0000
[966] [M]: 0x00000000800020F8 (0x00000537) lui a0, 0x0
x10 <- 0x0000000000000000
mem[X,0x00000000800020FC] -> 0x0513
mem[X,0x00000000800020FE] -> 0xFFF5
[967] [M]: 0x00000000800020FC (0xFFF50513) addi a0, a0, -0x1
x10 <- 0xFFFFFFFFFFFFFFFF
mem[X,0x0000000080002100] -> 0x1513
mem[X,0x0000000080002102] -> 0x00B5
[968] [M]: 0x0000000080002100 (0x00B51513) slli a0, a0, 0xb
x10 <- 0xFFFFFFFFFFFFF800
mem[X,0x0000000080002104] -> 0x0513
mem[X,0x0000000080002106] -> 0x2575
[969] [M]: 0x0000000080002104 (0x25750513) addi a0, a0, 0x257
x10 <- 0xFFFFFFFFFFFFFA57
mem[X,0x0000000080002108] -> 0x1513
mem[X,0x000000008000210A] -> 0x00B5
[970] [M]: 0x0000000080002108 (0x00B51513) slli a0, a0, 0xb
x10 <- 0xFFFFFFFFFFD2B800
mem[X,0x000000008000210C] -> 0x0513
mem[X,0x000000008000210E] -> 0x6C35
[971] [M]: 0x000000008000210C (0x6C350513) addi a0, a0, 0x6c3
x10 <- 0xFFFFFFFFFFD2BEC3
mem[X,0x0000000080002110] -> 0x1513
mem[X,0x0000000080002112] -> 0x00A5
[972] [M]: 0x0000000080002110 (0x00A51513) slli a0, a0, 0xa
x10 <- 0xFFFFFFFF4AFB0C00
mem[X,0x0000000080002114] -> 0x0513
mem[X,0x0000000080002116] -> 0x0CE5
[973] [M]: 0x0000000080002114 (0x0CE50513) addi a0, a0, 0xce
x10 <- 0xFFFFFFFF4AFB0CCE
mem[X,0x0000000080002118] -> 0xA031
[974] [M]: 0x0000000080002118 (0xA031) c.j 0x6
mem[X,0x0000000080002124] -> 0xC141
[975] [M]: 0x0000000080002124 (0xC141) c.beqz a0, 0x40
mem[X,0x0000000080002126] -> 0x0113
mem[X,0x0000000080002128] -> 0x0021
[976] [M]: 0x0000000080002126 (0x00210113) addi sp, sp, 0x2
x2 <- 0x01FDDB7D5BFDDC61
mem[X,0x000000008000212A] -> 0x006F
mem[X,0x000000008000212C] -> 0x07C0
[977] [M]: 0x000000008000212A (0x07C0006F) jal zero, 0x7c
mem[X,0x00000000800021A6] -> 0xB023
mem[X,0x00000000800021A8] -> 0x3820
[978] [M]: 0x00000000800021A6 (0x3820B023) sd sp, 0x380(ra)
mem[0x0000000080005498] <- 0x01FDDB7D5BFDDC61
mem[X,0x00000000800021AA] -> 0x0537
mem[X,0x00000000800021AC] -> 0x0000
[979] [M]: 0x00000000800021AA (0x00000537) lui a0, 0x0
x10 <- 0x0000000000000000
mem[X,0x00000000800021AE] -> 0x0513
mem[X,0x00000000800021B0] -> 0x0005
[980] [M]: 0x00000000800021AE (0x00050513) addi a0, a0, 0x0
x10 <- 0x0000000000000000
mem[X,0x00000000800021B2] -> 0x1513
mem[X,0x00000000800021B4] -> 0x00B5
[981] [M]: 0x00000000800021B2 (0x00B51513) slli a0, a0, 0xb
x10 <- 0x0000000000000000
mem[X,0x00000000800021B6] -> 0x0513
mem[X,0x00000000800021B8] -> 0x5A85
[982] [M]: 0x00000000800021B6 (0x5A850513) addi a0, a0, 0x5a8
x10 <- 0x00000000000005A8
mem[X,0x00000000800021BA] -> 0x1513
mem[X,0x00000000800021BC] -> 0x00B5
[983] [M]: 0x00000000800021BA (0x00B51513) slli a0, a0, 0xb
x10 <- 0x00000000002D4000
mem[X,0x00000000800021BE] -> 0x0513
mem[X,0x00000000800021C0] -> 0x13C5
[984] [M]: 0x00000000800021BE (0x13C50513) addi a0, a0, 0x13c
x10 <- 0x00000000002D413C
mem[X,0x00000000800021C2] -> 0x1513
mem[X,0x00000000800021C4] -> 0x00A5
[985] [M]: 0x00000000800021C2 (0x00A51513) slli a0, a0, 0xa
x10 <- 0x00000000B504F000
mem[X,0x00000000800021C6] -> 0x0513
mem[X,0x00000000800021C8] -> 0x3345
[986] [M]: 0x00000000800021C6 (0x33450513) addi a0, a0, 0x334
x10 <- 0x00000000B504F334
mem[X,0x00000000800021CA] -> 0xA031
[987] [M]: 0x00000000800021CA (0xA031) c.j 0x6
mem[X,0x00000000800021D6] -> 0xC511
[988] [M]: 0x00000000800021D6 (0xC511) c.beqz a0, 0x6
mem[X,0x00000000800021D8] -> 0x0113
mem[X,0x00000000800021DA] -> 0x0021
[989] [M]: 0x00000000800021D8 (0x00210113) addi sp, sp, 0x2
x2 <- 0x01FDDB7D5BFDDC63
mem[X,0x00000000800021DC] -> 0x006F
mem[X,0x00000000800021DE] -> 0x0080
[990] [M]: 0x00000000800021DC (0x0080006F) jal zero, 0x8
mem[X,0x00000000800021E4] -> 0xB423
mem[X,0x00000000800021E6] -> 0x3820
[991] [M]: 0x00000000800021E4 (0x3820B423) sd sp, 0x388(ra)
mem[0x00000000800054A0] <- 0x01FDDB7D5BFDDC63
mem[X,0x00000000800021E8] -> 0x0513
mem[X,0x00000000800021EA] -> 0x0010
[992] [M]: 0x00000000800021E8 (0x00100513) addi a0, zero, 0x1
x10 <- 0x0000000000000001
mem[X,0x00000000800021EC] -> 0x1513
mem[X,0x00000000800021EE] -> 0x0145
[993] [M]: 0x00000000800021EC (0x01451513) slli a0, a0, 0x14
x10 <- 0x0000000000100000
mem[X,0x00000000800021F0] -> 0x4513
mem[X,0x00000000800021F2] -> 0xFFF5
[994] [M]: 0x00000000800021F0 (0xFFF54513) xori a0, a0, -0x1
x10 <- 0xFFFFFFFFFFEFFFFF
mem[X,0x00000000800021F4] -> 0xA031
[995] [M]: 0x00000000800021F4 (0xA031) c.j 0x6
mem[X,0x0000000080002200] -> 0xC121
[996] [M]: 0x0000000080002200 (0xC121) c.beqz a0, 0x20
mem[X,0x0000000080002202] -> 0x0113
mem[X,0x0000000080002204] -> 0x0021
[997] [M]: 0x0000000080002202 (0x00210113) addi sp, sp, 0x2
x2 <- 0x01FDDB7D5BFDDC65
mem[X,0x0000000080002206] -> 0x006F
mem[X,0x0000000080002208] -> 0x03C0
[998] [M]: 0x0000000080002206 (0x03C0006F) jal zero, 0x3c
mem[X,0x0000000080002242] -> 0xB823
mem[X,0x0000000080002244] -> 0x3820
[999] [M]: 0x0000000080002242 (0x3820B823) sd sp, 0x390(ra)
mem[0x00000000800054A8] <- 0x01FDDB7D5BFDDC65
clint::tick mtime <- 0x000000000000000A
 clint timer pending at mtime 0x000000000000000A
htif::tick 0x0000000000000000
mem[X,0x0000000080002246] -> 0x0513
mem[X,0x0000000080002248] -> 0x0010
[1000] [M]: 0x0000000080002246 (0x00100513) addi a0, zero, 0x1
x10 <- 0x0000000000000001
mem[X,0x000000008000224A] -> 0x1513
mem[X,0x000000008000224C] -> 0x0155
[1001] [M]: 0x000000008000224A (0x01551513) slli a0, a0, 0x15
x10 <- 0x0000000000200000
mem[X,0x000000008000224E] -> 0x4513
mem[X,0x0000000080002250] -> 0xFFF5
[1002] [M]: 0x000000008000224E (0xFFF54513) xori a0, a0, -0x1
x10 <- 0xFFFFFFFFFFDFFFFF
mem[X,0x0000000080002252] -> 0xA031
[1003] [M]: 0x0000000080002252 (0xA031) c.j 0x6
mem[X,0x000000008000225E] -> 0xC121
[1004] [M]: 0x000000008000225E (0xC121) c.beqz a0, 0x20
mem[X,0x0000000080002260] -> 0x0113
mem[X,0x0000000080002262] -> 0x0021
[1005] [M]: 0x0000000080002260 (0x00210113) addi sp, sp, 0x2
x2 <- 0x01FDDB7D5BFDDC67
mem[X,0x0000000080002264] -> 0x006F
mem[X,0x0000000080002266] -> 0x03C0
[1006] [M]: 0x0000000080002264 (0x03C0006F) jal zero, 0x3c
mem[X,0x00000000800022A0] -> 0xBC23
mem[X,0x00000000800022A2] -> 0x3820
[1007] [M]: 0x00000000800022A0 (0x3820BC23) sd sp, 0x398(ra)
mem[0x00000000800054B0] <- 0x01FDDB7D5BFDDC67
mem[X,0x00000000800022A4] -> 0x0513
mem[X,0x00000000800022A6] -> 0x0010
[1008] [M]: 0x00000000800022A4 (0x00100513) addi a0, zero, 0x1
x10 <- 0x0000000000000001
mem[X,0x00000000800022A8] -> 0x1513
mem[X,0x00000000800022AA] -> 0x0165
[1009] [M]: 0x00000000800022A8 (0x01651513) slli a0, a0, 0x16
x10 <- 0x0000000000400000
mem[X,0x00000000800022AC] -> 0x4513
mem[X,0x00000000800022AE] -> 0xFFF5
[1010] [M]: 0x00000000800022AC (0xFFF54513) xori a0, a0, -0x1
x10 <- 0xFFFFFFFFFFBFFFFF
mem[X,0x00000000800022B0] -> 0xA031
[1011] [M]: 0x00000000800022B0 (0xA031) c.j 0x6
mem[X,0x00000000800022BC] -> 0xCD3D
[1012] [M]: 0x00000000800022BC (0xCD3D) c.beqz a0, 0x3f
mem[X,0x00000000800022BE] -> 0x0113
mem[X,0x00000000800022C0] -> 0x0021
[1013] [M]: 0x00000000800022BE (0x00210113) addi sp, sp, 0x2
x2 <- 0x01FDDB7D5BFDDC69
mem[X,0x00000000800022C2] -> 0x006F
mem[X,0x00000000800022C4] -> 0x07A0
[1014] [M]: 0x00000000800022C2 (0x07A0006F) jal zero, 0x7a
mem[X,0x000000008000233C] -> 0xB023
mem[X,0x000000008000233E] -> 0x3A20
[1015] [M]: 0x000000008000233C (0x3A20B023) sd sp, 0x3a0(ra)
mem[0x00000000800054B8] <- 0x01FDDB7D5BFDDC69
mem[X,0x0000000080002340] -> 0x0513
mem[X,0x0000000080002342] -> 0x0010
[1016] [M]: 0x0000000080002340 (0x00100513) addi a0, zero, 0x1
x10 <- 0x0000000000000001
mem[X,0x0000000080002344] -> 0x1513
mem[X,0x0000000080002346] -> 0x0175
[1017] [M]: 0x0000000080002344 (0x01751513) slli a0, a0, 0x17
x10 <- 0x0000000000800000
mem[X,0x0000000080002348] -> 0x4513
mem[X,0x000000008000234A] -> 0xFFF5
[1018] [M]: 0x0000000080002348 (0xFFF54513) xori a0, a0, -0x1
x10 <- 0xFFFFFFFFFF7FFFFF
mem[X,0x000000008000234C] -> 0xA039
[1019] [M]: 0x000000008000234C (0xA039) c.j 0x7
mem[X,0x000000008000235A] -> 0xD97D
[1020] [M]: 0x000000008000235A (0xD97D) c.beqz a0, -0x5
mem[X,0x000000008000235C] -> 0x0113
mem[X,0x000000008000235E] -> 0x0021
[1021] [M]: 0x000000008000235C (0x00210113) addi sp, sp, 0x2
x2 <- 0x01FDDB7D5BFDDC6B
mem[X,0x0000000080002360] -> 0x006F
mem[X,0x0000000080002362] -> 0x0060
[1022] [M]: 0x0000000080002360 (0x0060006F) jal zero, 0x6
mem[X,0x0000000080002366] -> 0xB423
mem[X,0x0000000080002368] -> 0x3A20
[1023] [M]: 0x0000000080002366 (0x3A20B423) sd sp, 0x3a8(ra)
mem[0x00000000800054C0] <- 0x01FDDB7D5BFDDC6B
mem[X,0x000000008000236A] -> 0x0513
mem[X,0x000000008000236C] -> 0x0010
[1024] [M]: 0x000000008000236A (0x00100513) addi a0, zero, 0x1
x10 <- 0x0000000000000001
mem[X,0x000000008000236E] -> 0x1513
mem[X,0x0000000080002370] -> 0x0185
[1025] [M]: 0x000000008000236E (0x01851513) slli a0, a0, 0x18
x10 <- 0x0000000001000000
mem[X,0x0000000080002372] -> 0x4513
mem[X,0x0000000080002374] -> 0xFFF5
[1026] [M]: 0x0000000080002372 (0xFFF54513) xori a0, a0, -0x1
x10 <- 0xFFFFFFFFFEFFFFFF
mem[X,0x0000000080002376] -> 0xA031
[1027] [M]: 0x0000000080002376 (0xA031) c.j 0x6
mem[X,0x0000000080002382] -> 0xC509
[1028] [M]: 0x0000000080002382 (0xC509) c.beqz a0, 0x5
mem[X,0x0000000080002384] -> 0x0113
mem[X,0x0000000080002386] -> 0x0021
[1029] [M]: 0x0000000080002384 (0x00210113) addi sp, sp, 0x2
x2 <- 0x01FDDB7D5BFDDC6D
mem[X,0x0000000080002388] -> 0x006F
mem[X,0x000000008000238A] -> 0x0060
[1030] [M]: 0x0000000080002388 (0x0060006F) jal zero, 0x6
mem[X,0x000000008000238E] -> 0xB823
mem[X,0x0000000080002390] -> 0x3A20
[1031] [M]: 0x000000008000238E (0x3A20B823) sd sp, 0x3b0(ra)
mem[0x00000000800054C8] <- 0x01FDDB7D5BFDDC6D
mem[X,0x0000000080002392] -> 0x0513
mem[X,0x0000000080002394] -> 0x0010
[1032] [M]: 0x0000000080002392 (0x00100513) addi a0, zero, 0x1
x10 <- 0x0000000000000001
mem[X,0x0000000080002396] -> 0x1513
mem[X,0x0000000080002398] -> 0x0195
[1033] [M]: 0x0000000080002396 (0x01951513) slli a0, a0, 0x19
x10 <- 0x0000000002000000
mem[X,0x000000008000239A] -> 0x4513
mem[X,0x000000008000239C] -> 0xFFF5
[1034] [M]: 0x000000008000239A (0xFFF54513) xori a0, a0, -0x1
x10 <- 0xFFFFFFFFFDFFFFFF
mem[X,0x000000008000239E] -> 0xA031
[1035] [M]: 0x000000008000239E (0xA031) c.j 0x6
mem[X,0x00000000800023AA] -> 0xCD3D
[1036] [M]: 0x00000000800023AA (0xCD3D) c.beqz a0, 0x3f
mem[X,0x00000000800023AC] -> 0x0113
mem[X,0x00000000800023AE] -> 0x0021
[1037] [M]: 0x00000000800023AC (0x00210113) addi sp, sp, 0x2
x2 <- 0x01FDDB7D5BFDDC6F
mem[X,0x00000000800023B0] -> 0x006F
mem[X,0x00000000800023B2] -> 0x07A0
[1038] [M]: 0x00000000800023B0 (0x07A0006F) jal zero, 0x7a
mem[X,0x000000008000242A] -> 0xBC23
mem[X,0x000000008000242C] -> 0x3A20
[1039] [M]: 0x000000008000242A (0x3A20BC23) sd sp, 0x3b8(ra)
mem[0x00000000800054D0] <- 0x01FDDB7D5BFDDC6F
mem[X,0x000000008000242E] -> 0x0513
mem[X,0x0000000080002430] -> 0x0010
[1040] [M]: 0x000000008000242E (0x00100513) addi a0, zero, 0x1
x10 <- 0x0000000000000001
mem[X,0x0000000080002432] -> 0x1513
mem[X,0x0000000080002434] -> 0x01A5
[1041] [M]: 0x0000000080002432 (0x01A51513) slli a0, a0, 0x1a
x10 <- 0x0000000004000000
mem[X,0x0000000080002436] -> 0x4513
mem[X,0x0000000080002438] -> 0xFFF5
[1042] [M]: 0x0000000080002436 (0xFFF54513) xori a0, a0, -0x1
x10 <- 0xFFFFFFFFFBFFFFFF
mem[X,0x000000008000243A] -> 0xA809
[1043] [M]: 0x000000008000243A (0xA809) c.j 0x9
mem[X,0x000000008000244C] -> 0xD96D
[1044] [M]: 0x000000008000244C (0xD96D) c.beqz a0, -0x7
mem[X,0x000000008000244E] -> 0x0113
mem[X,0x0000000080002450] -> 0x0021
[1045] [M]: 0x000000008000244E (0x00210113) addi sp, sp, 0x2
x2 <- 0x01FDDB7D5BFDDC71
mem[X,0x0000000080002452] -> 0x006F
mem[X,0x0000000080002454] -> 0x0060
[1046] [M]: 0x0000000080002452 (0x0060006F) jal zero, 0x6
mem[X,0x0000000080002458] -> 0xB023
mem[X,0x000000008000245A] -> 0x3C20
[1047] [M]: 0x0000000080002458 (0x3C20B023) sd sp, 0x3c0(ra)
mem[0x00000000800054D8] <- 0x01FDDB7D5BFDDC71
mem[X,0x000000008000245C] -> 0x0513
mem[X,0x000000008000245E] -> 0x0010
[1048] [M]: 0x000000008000245C (0x00100513) addi a0, zero, 0x1
x10 <- 0x0000000000000001
mem[X,0x0000000080002460] -> 0x1513
mem[X,0x0000000080002462] -> 0x01B5
[1049] [M]: 0x0000000080002460 (0x01B51513) slli a0, a0, 0x1b
x10 <- 0x0000000008000000
mem[X,0x0000000080002464] -> 0x4513
mem[X,0x0000000080002466] -> 0xFFF5
[1050] [M]: 0x0000000080002464 (0xFFF54513) xori a0, a0, -0x1
x10 <- 0xFFFFFFFFF7FFFFFF
mem[X,0x0000000080002468] -> 0xA099
[1051] [M]: 0x0000000080002468 (0xA099) c.j 0x23
mem[X,0x00000000800024AE] -> 0xDD5D
[1052] [M]: 0x00000000800024AE (0xDD5D) c.beqz a0, -0x21
mem[X,0x00000000800024B0] -> 0x0113
mem[X,0x00000000800024B2] -> 0x0021
[1053] [M]: 0x00000000800024B0 (0x00210113) addi sp, sp, 0x2
x2 <- 0x01FDDB7D5BFDDC73
mem[X,0x00000000800024B4] -> 0x006F
mem[X,0x00000000800024B6] -> 0x0060
[1054] [M]: 0x00000000800024B4 (0x0060006F) jal zero, 0x6
mem[X,0x00000000800024BA] -> 0xB423
mem[X,0x00000000800024BC] -> 0x3C20
[1055] [M]: 0x00000000800024BA (0x3C20B423) sd sp, 0x3c8(ra)
mem[0x00000000800054E0] <- 0x01FDDB7D5BFDDC73
mem[X,0x00000000800024BE] -> 0x0513
mem[X,0x00000000800024C0] -> 0x0010
[1056] [M]: 0x00000000800024BE (0x00100513) addi a0, zero, 0x1
x10 <- 0x0000000000000001
mem[X,0x00000000800024C2] -> 0x1513
mem[X,0x00000000800024C4] -> 0x01C5
[1057] [M]: 0x00000000800024C2 (0x01C51513) slli a0, a0, 0x1c
x10 <- 0x0000000010000000
mem[X,0x00000000800024C6] -> 0x4513
mem[X,0x00000000800024C8] -> 0xFFF5
[1058] [M]: 0x00000000800024C6 (0xFFF54513) xori a0, a0, -0x1
x10 <- 0xFFFFFFFFEFFFFFFF
mem[X,0x00000000800024CA] -> 0xA819
[1059] [M]: 0x00000000800024CA (0xA819) c.j 0xb
mem[X,0x00000000800024E0] -> 0xD57D
[1060] [M]: 0x00000000800024E0 (0xD57D) c.beqz a0, -0x9
mem[X,0x00000000800024E2] -> 0x0113
mem[X,0x00000000800024E4] -> 0x0021
[1061] [M]: 0x00000000800024E2 (0x00210113) addi sp, sp, 0x2
x2 <- 0x01FDDB7D5BFDDC75
mem[X,0x00000000800024E6] -> 0x006F
mem[X,0x00000000800024E8] -> 0x0060
[1062] [M]: 0x00000000800024E6 (0x0060006F) jal zero, 0x6
mem[X,0x00000000800024EC] -> 0xB823
mem[X,0x00000000800024EE] -> 0x3C20
[1063] [M]: 0x00000000800024EC (0x3C20B823) sd sp, 0x3d0(ra)
mem[0x00000000800054E8] <- 0x01FDDB7D5BFDDC75
mem[X,0x00000000800024F0] -> 0x0513
mem[X,0x00000000800024F2] -> 0x0010
[1064] [M]: 0x00000000800024F0 (0x00100513) addi a0, zero, 0x1
x10 <- 0x0000000000000001
mem[X,0x00000000800024F4] -> 0x1513
mem[X,0x00000000800024F6] -> 0x01D5
[1065] [M]: 0x00000000800024F4 (0x01D51513) slli a0, a0, 0x1d
x10 <- 0x0000000020000000
mem[X,0x00000000800024F8] -> 0x4513
mem[X,0x00000000800024FA] -> 0xFFF5
[1066] [M]: 0x00000000800024F8 (0xFFF54513) xori a0, a0, -0x1
x10 <- 0xFFFFFFFFDFFFFFFF
mem[X,0x00000000800024FC] -> 0xA099
[1067] [M]: 0x00000000800024FC (0xA099) c.j 0x23
mem[X,0x0000000080002542] -> 0xDD5D
[1068] [M]: 0x0000000080002542 (0xDD5D) c.beqz a0, -0x21
mem[X,0x0000000080002544] -> 0x0113
mem[X,0x0000000080002546] -> 0x0021
[1069] [M]: 0x0000000080002544 (0x00210113) addi sp, sp, 0x2
x2 <- 0x01FDDB7D5BFDDC77
mem[X,0x0000000080002548] -> 0x006F
mem[X,0x000000008000254A] -> 0x0060
[1070] [M]: 0x0000000080002548 (0x0060006F) jal zero, 0x6
mem[X,0x000000008000254E] -> 0xBC23
mem[X,0x0000000080002550] -> 0x3C20
[1071] [M]: 0x000000008000254E (0x3C20BC23) sd sp, 0x3d8(ra)
mem[0x00000000800054F0] <- 0x01FDDB7D5BFDDC77
mem[X,0x0000000080002552] -> 0x0513
mem[X,0x0000000080002554] -> 0x0010
[1072] [M]: 0x0000000080002552 (0x00100513) addi a0, zero, 0x1
x10 <- 0x0000000000000001
mem[X,0x0000000080002556] -> 0x1513
mem[X,0x0000000080002558] -> 0x01E5
[1073] [M]: 0x0000000080002556 (0x01E51513) slli a0, a0, 0x1e
x10 <- 0x0000000040000000
mem[X,0x000000008000255A] -> 0x4513
mem[X,0x000000008000255C] -> 0xFFF5
[1074] [M]: 0x000000008000255A (0xFFF54513) xori a0, a0, -0x1
x10 <- 0xFFFFFFFFBFFFFFFF
mem[X,0x000000008000255E] -> 0xA811
[1075] [M]: 0x000000008000255E (0xA811) c.j 0xa
mem[X,0x0000000080002572] -> 0xD965
[1076] [M]: 0x0000000080002572 (0xD965) c.beqz a0, -0x8
mem[X,0x0000000080002574] -> 0x0113
mem[X,0x0000000080002576] -> 0x0021
[1077] [M]: 0x0000000080002574 (0x00210113) addi sp, sp, 0x2
x2 <- 0x01FDDB7D5BFDDC79
mem[X,0x0000000080002578] -> 0x006F
mem[X,0x000000008000257A] -> 0x0060
[1078] [M]: 0x0000000080002578 (0x0060006F) jal zero, 0x6
mem[X,0x000000008000257E] -> 0xB023
mem[X,0x0000000080002580] -> 0x3E20
[1079] [M]: 0x000000008000257E (0x3E20B023) sd sp, 0x3e0(ra)
mem[0x00000000800054F8] <- 0x01FDDB7D5BFDDC79
mem[X,0x0000000080002582] -> 0x0513
mem[X,0x0000000080002584] -> 0x0010
[1080] [M]: 0x0000000080002582 (0x00100513) addi a0, zero, 0x1
x10 <- 0x0000000000000001
mem[X,0x0000000080002586] -> 0x1513
mem[X,0x0000000080002588] -> 0x01F5
[1081] [M]: 0x0000000080002586 (0x01F51513) slli a0, a0, 0x1f
x10 <- 0x0000000080000000
mem[X,0x000000008000258A] -> 0x4513
mem[X,0x000000008000258C] -> 0xFFF5
[1082] [M]: 0x000000008000258A (0xFFF54513) xori a0, a0, -0x1
x10 <- 0xFFFFFFFF7FFFFFFF
mem[X,0x000000008000258E] -> 0xA031
[1083] [M]: 0x000000008000258E (0xA031) c.j 0x6
mem[X,0x000000008000259A] -> 0xDD65
[1084] [M]: 0x000000008000259A (0xDD65) c.beqz a0, -0x4
mem[X,0x000000008000259C] -> 0x0113
mem[X,0x000000008000259E] -> 0x0021
[1085] [M]: 0x000000008000259C (0x00210113) addi sp, sp, 0x2
x2 <- 0x01FDDB7D5BFDDC7B
mem[X,0x00000000800025A0] -> 0x006F
mem[X,0x00000000800025A2] -> 0x0060
[1086] [M]: 0x00000000800025A0 (0x0060006F) jal zero, 0x6
mem[X,0x00000000800025A6] -> 0xB423
mem[X,0x00000000800025A8] -> 0x3E20
[1087] [M]: 0x00000000800025A6 (0x3E20B423) sd sp, 0x3e8(ra)
mem[0x0000000080005500] <- 0x01FDDB7D5BFDDC7B
mem[X,0x00000000800025AA] -> 0x0513
mem[X,0x00000000800025AC] -> 0x0010
[1088] [M]: 0x00000000800025AA (0x00100513) addi a0, zero, 0x1
x10 <- 0x0000000000000001
mem[X,0x00000000800025AE] -> 0x1513
mem[X,0x00000000800025B0] -> 0x0205
[1089] [M]: 0x00000000800025AE (0x02051513) slli a0, a0, 0x20
x10 <- 0x0000000100000000
mem[X,0x00000000800025B2] -> 0x4513
mem[X,0x00000000800025B4] -> 0xFFF5
[1090] [M]: 0x00000000800025B2 (0xFFF54513) xori a0, a0, -0x1
x10 <- 0xFFFFFFFEFFFFFFFF
mem[X,0x00000000800025B6] -> 0xA031
[1091] [M]: 0x00000000800025B6 (0xA031) c.j 0x6
mem[X,0x00000000800025C2] -> 0xC509
[1092] [M]: 0x00000000800025C2 (0xC509) c.beqz a0, 0x5
mem[X,0x00000000800025C4] -> 0x0113
mem[X,0x00000000800025C6] -> 0x0021
[1093] [M]: 0x00000000800025C4 (0x00210113) addi sp, sp, 0x2
x2 <- 0x01FDDB7D5BFDDC7D
mem[X,0x00000000800025C8] -> 0x006F
mem[X,0x00000000800025CA] -> 0x0060
[1094] [M]: 0x00000000800025C8 (0x0060006F) jal zero, 0x6
mem[X,0x00000000800025CE] -> 0xB823
mem[X,0x00000000800025D0] -> 0x3E20
[1095] [M]: 0x00000000800025CE (0x3E20B823) sd sp, 0x3f0(ra)
mem[0x0000000080005508] <- 0x01FDDB7D5BFDDC7D
mem[X,0x00000000800025D2] -> 0x0513
mem[X,0x00000000800025D4] -> 0x0010
[1096] [M]: 0x00000000800025D2 (0x00100513) addi a0, zero, 0x1
x10 <- 0x0000000000000001
mem[X,0x00000000800025D6] -> 0x1513
mem[X,0x00000000800025D8] -> 0x0215
[1097] [M]: 0x00000000800025D6 (0x02151513) slli a0, a0, 0x21
x10 <- 0x0000000200000000
mem[X,0x00000000800025DA] -> 0x4513
mem[X,0x00000000800025DC] -> 0xFFF5
[1098] [M]: 0x00000000800025DA (0xFFF54513) xori a0, a0, -0x1
x10 <- 0xFFFFFFFDFFFFFFFF
mem[X,0x00000000800025DE] -> 0xA845
[1099] [M]: 0x00000000800025DE (0xA845) c.j 0x58
clint::tick mtime <- 0x000000000000000B
 clint timer pending at mtime 0x000000000000000B
htif::tick 0x0000000000000000
mem[X,0x000000008000268E] -> 0xD931
[1100] [M]: 0x000000008000268E (0xD931) c.beqz a0, -0x56
mem[X,0x0000000080002690] -> 0x0113
mem[X,0x0000000080002692] -> 0x0021
[1101] [M]: 0x0000000080002690 (0x00210113) addi sp, sp, 0x2
x2 <- 0x01FDDB7D5BFDDC7F
mem[X,0x0000000080002694] -> 0x006F
mem[X,0x0000000080002696] -> 0x0060
[1102] [M]: 0x0000000080002694 (0x0060006F) jal zero, 0x6
mem[X,0x000000008000269A] -> 0xBC23
mem[X,0x000000008000269C] -> 0x3E20
[1103] [M]: 0x000000008000269A (0x3E20BC23) sd sp, 0x3f8(ra)
mem[0x0000000080005510] <- 0x01FDDB7D5BFDDC7F
mem[X,0x000000008000269E] -> 0x0513
mem[X,0x00000000800026A0] -> 0x0010
[1104] [M]: 0x000000008000269E (0x00100513) addi a0, zero, 0x1
x10 <- 0x0000000000000001
mem[X,0x00000000800026A2] -> 0x1513
mem[X,0x00000000800026A4] -> 0x0225
[1105] [M]: 0x00000000800026A2 (0x02251513) slli a0, a0, 0x22
x10 <- 0x0000000400000000
mem[X,0x00000000800026A6] -> 0x4513
mem[X,0x00000000800026A8] -> 0xFFF5
[1106] [M]: 0x00000000800026A6 (0xFFF54513) xori a0, a0, -0x1
x10 <- 0xFFFFFFFBFFFFFFFF
mem[X,0x00000000800026AA] -> 0xA031
[1107] [M]: 0x00000000800026AA (0xA031) c.j 0x6
mem[X,0x00000000800026B6] -> 0xC509
[1108] [M]: 0x00000000800026B6 (0xC509) c.beqz a0, 0x5
mem[X,0x00000000800026B8] -> 0x0113
mem[X,0x00000000800026BA] -> 0x0021
[1109] [M]: 0x00000000800026B8 (0x00210113) addi sp, sp, 0x2
x2 <- 0x01FDDB7D5BFDDC81
mem[X,0x00000000800026BC] -> 0x006F
mem[X,0x00000000800026BE] -> 0x0060
[1110] [M]: 0x00000000800026BC (0x0060006F) jal zero, 0x6
mem[X,0x00000000800026C2] -> 0xB023
mem[X,0x00000000800026C4] -> 0x4020
[1111] [M]: 0x00000000800026C2 (0x4020B023) sd sp, 0x400(ra)
mem[0x0000000080005518] <- 0x01FDDB7D5BFDDC81
mem[X,0x00000000800026C6] -> 0x0513
mem[X,0x00000000800026C8] -> 0x0010
[1112] [M]: 0x00000000800026C6 (0x00100513) addi a0, zero, 0x1
x10 <- 0x0000000000000001
mem[X,0x00000000800026CA] -> 0x1513
mem[X,0x00000000800026CC] -> 0x0235
[1113] [M]: 0x00000000800026CA (0x02351513) slli a0, a0, 0x23
x10 <- 0x0000000800000000
mem[X,0x00000000800026CE] -> 0x4513
mem[X,0x00000000800026D0] -> 0xFFF5
[1114] [M]: 0x00000000800026CE (0xFFF54513) xori a0, a0, -0x1
x10 <- 0xFFFFFFF7FFFFFFFF
mem[X,0x00000000800026D2] -> 0xA801
[1115] [M]: 0x00000000800026D2 (0xA801) c.j 0x8
mem[X,0x00000000800026E2] -> 0xD975
[1116] [M]: 0x00000000800026E2 (0xD975) c.beqz a0, -0x6
mem[X,0x00000000800026E4] -> 0x0113
mem[X,0x00000000800026E6] -> 0x0021
[1117] [M]: 0x00000000800026E4 (0x00210113) addi sp, sp, 0x2
x2 <- 0x01FDDB7D5BFDDC83
mem[X,0x00000000800026E8] -> 0x006F
mem[X,0x00000000800026EA] -> 0x0060
[1118] [M]: 0x00000000800026E8 (0x0060006F) jal zero, 0x6
mem[X,0x00000000800026EE] -> 0xB423
mem[X,0x00000000800026F0] -> 0x4020
[1119] [M]: 0x00000000800026EE (0x4020B423) sd sp, 0x408(ra)
mem[0x0000000080005520] <- 0x01FDDB7D5BFDDC83
mem[X,0x00000000800026F2] -> 0x0513
mem[X,0x00000000800026F4] -> 0x0010
[1120] [M]: 0x00000000800026F2 (0x00100513) addi a0, zero, 0x1
x10 <- 0x0000000000000001
mem[X,0x00000000800026F6] -> 0x1513
mem[X,0x00000000800026F8] -> 0x0245
[1121] [M]: 0x00000000800026F6 (0x02451513) slli a0, a0, 0x24
x10 <- 0x0000001000000000
mem[X,0x00000000800026FA] -> 0x4513
mem[X,0x00000000800026FC] -> 0xFFF5
[1122] [M]: 0x00000000800026FA (0xFFF54513) xori a0, a0, -0x1
x10 <- 0xFFFFFFEFFFFFFFFF
mem[X,0x00000000800026FE] -> 0xA031
[1123] [M]: 0x00000000800026FE (0xA031) c.j 0x6
mem[X,0x000000008000270A] -> 0xC519
[1124] [M]: 0x000000008000270A (0xC519) c.beqz a0, 0x7
mem[X,0x000000008000270C] -> 0x0113
mem[X,0x000000008000270E] -> 0x0021
[1125] [M]: 0x000000008000270C (0x00210113) addi sp, sp, 0x2
x2 <- 0x01FDDB7D5BFDDC85
mem[X,0x0000000080002710] -> 0x006F
mem[X,0x0000000080002712] -> 0x00A0
[1126] [M]: 0x0000000080002710 (0x00A0006F) jal zero, 0xa
mem[X,0x000000008000271A] -> 0xB823
mem[X,0x000000008000271C] -> 0x4020
[1127] [M]: 0x000000008000271A (0x4020B823) sd sp, 0x410(ra)
mem[0x0000000080005528] <- 0x01FDDB7D5BFDDC85
mem[X,0x000000008000271E] -> 0x0513
mem[X,0x0000000080002720] -> 0x0010
[1128] [M]: 0x000000008000271E (0x00100513) addi a0, zero, 0x1
x10 <- 0x0000000000000001
mem[X,0x0000000080002722] -> 0x1513
mem[X,0x0000000080002724] -> 0x0255
[1129] [M]: 0x0000000080002722 (0x02551513) slli a0, a0, 0x25
x10 <- 0x0000002000000000
mem[X,0x0000000080002726] -> 0x4513
mem[X,0x0000000080002728] -> 0xFFF5
[1130] [M]: 0x0000000080002726 (0xFFF54513) xori a0, a0, -0x1
x10 <- 0xFFFFFFDFFFFFFFFF
mem[X,0x000000008000272A] -> 0xA031
[1131] [M]: 0x000000008000272A (0xA031) c.j 0x6
mem[X,0x0000000080002736] -> 0xCD3D
[1132] [M]: 0x0000000080002736 (0xCD3D) c.beqz a0, 0x3f
mem[X,0x0000000080002738] -> 0x0113
mem[X,0x000000008000273A] -> 0x0021
[1133] [M]: 0x0000000080002738 (0x00210113) addi sp, sp, 0x2
x2 <- 0x01FDDB7D5BFDDC87
mem[X,0x000000008000273C] -> 0x006F
mem[X,0x000000008000273E] -> 0x07A0
[1134] [M]: 0x000000008000273C (0x07A0006F) jal zero, 0x7a
mem[X,0x00000000800027B6] -> 0xBC23
mem[X,0x00000000800027B8] -> 0x4020
[1135] [M]: 0x00000000800027B6 (0x4020BC23) sd sp, 0x418(ra)
mem[0x0000000080005530] <- 0x01FDDB7D5BFDDC87
mem[X,0x00000000800027BA] -> 0x0513
mem[X,0x00000000800027BC] -> 0x0010
[1136] [M]: 0x00000000800027BA (0x00100513) addi a0, zero, 0x1
x10 <- 0x0000000000000001
mem[X,0x00000000800027BE] -> 0x1513
mem[X,0x00000000800027C0] -> 0x0265
[1137] [M]: 0x00000000800027BE (0x02651513) slli a0, a0, 0x26
x10 <- 0x0000004000000000
mem[X,0x00000000800027C2] -> 0x4513
mem[X,0x00000000800027C4] -> 0xFFF5
[1138] [M]: 0x00000000800027C2 (0xFFF54513) xori a0, a0, -0x1
x10 <- 0xFFFFFFBFFFFFFFFF
mem[X,0x00000000800027C6] -> 0xA031
[1139] [M]: 0x00000000800027C6 (0xA031) c.j 0x6
mem[X,0x00000000800027D2] -> 0xC901
[1140] [M]: 0x00000000800027D2 (0xC901) c.beqz a0, 0x8
mem[X,0x00000000800027D4] -> 0x0113
mem[X,0x00000000800027D6] -> 0x0021
[1141] [M]: 0x00000000800027D4 (0x00210113) addi sp, sp, 0x2
x2 <- 0x01FDDB7D5BFDDC89
mem[X,0x00000000800027D8] -> 0x006F
mem[X,0x00000000800027DA] -> 0x00C0
[1142] [M]: 0x00000000800027D8 (0x00C0006F) jal zero, 0xc
mem[X,0x00000000800027E4] -> 0xB023
mem[X,0x00000000800027E6] -> 0x4220
[1143] [M]: 0x00000000800027E4 (0x4220B023) sd sp, 0x420(ra)
mem[0x0000000080005538] <- 0x01FDDB7D5BFDDC89
mem[X,0x00000000800027E8] -> 0x0513
mem[X,0x00000000800027EA] -> 0x0010
[1144] [M]: 0x00000000800027E8 (0x00100513) addi a0, zero, 0x1
x10 <- 0x0000000000000001
mem[X,0x00000000800027EC] -> 0x1513
mem[X,0x00000000800027EE] -> 0x0275
[1145] [M]: 0x00000000800027EC (0x02751513) slli a0, a0, 0x27
x10 <- 0x0000008000000000
mem[X,0x00000000800027F0] -> 0x4513
mem[X,0x00000000800027F2] -> 0xFFF5
[1146] [M]: 0x00000000800027F0 (0xFFF54513) xori a0, a0, -0x1
x10 <- 0xFFFFFF7FFFFFFFFF
mem[X,0x00000000800027F4] -> 0xA031
[1147] [M]: 0x00000000800027F4 (0xA031) c.j 0x6
mem[X,0x0000000080002800] -> 0xC909
[1148] [M]: 0x0000000080002800 (0xC909) c.beqz a0, 0x9
mem[X,0x0000000080002802] -> 0x0113
mem[X,0x0000000080002804] -> 0x0021
[1149] [M]: 0x0000000080002802 (0x00210113) addi sp, sp, 0x2
x2 <- 0x01FDDB7D5BFDDC8B
mem[X,0x0000000080002806] -> 0x006F
mem[X,0x0000000080002808] -> 0x00E0
[1150] [M]: 0x0000000080002806 (0x00E0006F) jal zero, 0xe
mem[X,0x0000000080002814] -> 0xB423
mem[X,0x0000000080002816] -> 0x4220
[1151] [M]: 0x0000000080002814 (0x4220B423) sd sp, 0x428(ra)
mem[0x0000000080005540] <- 0x01FDDB7D5BFDDC8B
mem[X,0x0000000080002818] -> 0x0513
mem[X,0x000000008000281A] -> 0x0010
[1152] [M]: 0x0000000080002818 (0x00100513) addi a0, zero, 0x1
x10 <- 0x0000000000000001
mem[X,0x000000008000281C] -> 0x1513
mem[X,0x000000008000281E] -> 0x0285
[1153] [M]: 0x000000008000281C (0x02851513) slli a0, a0, 0x28
x10 <- 0x0000010000000000
mem[X,0x0000000080002820] -> 0x4513
mem[X,0x0000000080002822] -> 0xFFF5
[1154] [M]: 0x0000000080002820 (0xFFF54513) xori a0, a0, -0x1
x10 <- 0xFFFFFEFFFFFFFFFF
mem[X,0x0000000080002824] -> 0xA845
[1155] [M]: 0x0000000080002824 (0xA845) c.j 0x58
mem[X,0x00000000800028D4] -> 0xD931
[1156] [M]: 0x00000000800028D4 (0xD931) c.beqz a0, -0x56
mem[X,0x00000000800028D6] -> 0x0113
mem[X,0x00000000800028D8] -> 0x0021
[1157] [M]: 0x00000000800028D6 (0x00210113) addi sp, sp, 0x2
x2 <- 0x01FDDB7D5BFDDC8D
mem[X,0x00000000800028DA] -> 0x006F
mem[X,0x00000000800028DC] -> 0x0060
[1158] [M]: 0x00000000800028DA (0x0060006F) jal zero, 0x6
mem[X,0x00000000800028E0] -> 0xB823
mem[X,0x00000000800028E2] -> 0x4220
[1159] [M]: 0x00000000800028E0 (0x4220B823) sd sp, 0x430(ra)
mem[0x0000000080005548] <- 0x01FDDB7D5BFDDC8D
mem[X,0x00000000800028E4] -> 0x0513
mem[X,0x00000000800028E6] -> 0x0010
[1160] [M]: 0x00000000800028E4 (0x00100513) addi a0, zero, 0x1
x10 <- 0x0000000000000001
mem[X,0x00000000800028E8] -> 0x1513
mem[X,0x00000000800028EA] -> 0x0295
[1161] [M]: 0x00000000800028E8 (0x02951513) slli a0, a0, 0x29
x10 <- 0x0000020000000000
mem[X,0x00000000800028EC] -> 0x4513
mem[X,0x00000000800028EE] -> 0xFFF5
[1162] [M]: 0x00000000800028EC (0xFFF54513) xori a0, a0, -0x1
x10 <- 0xFFFFFDFFFFFFFFFF
mem[X,0x00000000800028F0] -> 0xA031
[1163] [M]: 0x00000000800028F0 (0xA031) c.j 0x6
mem[X,0x00000000800028FC] -> 0xC509
[1164] [M]: 0x00000000800028FC (0xC509) c.beqz a0, 0x5
mem[X,0x00000000800028FE] -> 0x0113
mem[X,0x0000000080002900] -> 0x0021
[1165] [M]: 0x00000000800028FE (0x00210113) addi sp, sp, 0x2
x2 <- 0x01FDDB7D5BFDDC8F
mem[X,0x0000000080002902] -> 0x006F
mem[X,0x0000000080002904] -> 0x0060
[1166] [M]: 0x0000000080002902 (0x0060006F) jal zero, 0x6
mem[X,0x0000000080002908] -> 0xBC23
mem[X,0x000000008000290A] -> 0x4220
[1167] [M]: 0x0000000080002908 (0x4220BC23) sd sp, 0x438(ra)
mem[0x0000000080005550] <- 0x01FDDB7D5BFDDC8F
mem[X,0x000000008000290C] -> 0x0513
mem[X,0x000000008000290E] -> 0x0010
[1168] [M]: 0x000000008000290C (0x00100513) addi a0, zero, 0x1
x10 <- 0x0000000000000001
mem[X,0x0000000080002910] -> 0x1513
mem[X,0x0000000080002912] -> 0x02A5
[1169] [M]: 0x0000000080002910 (0x02A51513) slli a0, a0, 0x2a
x10 <- 0x0000040000000000
mem[X,0x0000000080002914] -> 0x4513
mem[X,0x0000000080002916] -> 0xFFF5
[1170] [M]: 0x0000000080002914 (0xFFF54513) xori a0, a0, -0x1
x10 <- 0xFFFFFBFFFFFFFFFF
mem[X,0x0000000080002918] -> 0xA031
[1171] [M]: 0x0000000080002918 (0xA031) c.j 0x6
mem[X,0x0000000080002924] -> 0xC509
[1172] [M]: 0x0000000080002924 (0xC509) c.beqz a0, 0x5
mem[X,0x0000000080002926] -> 0x0113
mem[X,0x0000000080002928] -> 0x0021
[1173] [M]: 0x0000000080002926 (0x00210113) addi sp, sp, 0x2
x2 <- 0x01FDDB7D5BFDDC91
mem[X,0x000000008000292A] -> 0x006F
mem[X,0x000000008000292C] -> 0x0060
[1174] [M]: 0x000000008000292A (0x0060006F) jal zero, 0x6
mem[X,0x0000000080002930] -> 0xB023
mem[X,0x0000000080002932] -> 0x4420
[1175] [M]: 0x0000000080002930 (0x4420B023) sd sp, 0x440(ra)
mem[0x0000000080005558] <- 0x01FDDB7D5BFDDC91
mem[X,0x0000000080002934] -> 0x0513
mem[X,0x0000000080002936] -> 0x0010
[1176] [M]: 0x0000000080002934 (0x00100513) addi a0, zero, 0x1
x10 <- 0x0000000000000001
mem[X,0x0000000080002938] -> 0x1513
mem[X,0x000000008000293A] -> 0x02B5
[1177] [M]: 0x0000000080002938 (0x02B51513) slli a0, a0, 0x2b
x10 <- 0x0000080000000000
mem[X,0x000000008000293C] -> 0x4513
mem[X,0x000000008000293E] -> 0xFFF5
[1178] [M]: 0x000000008000293C (0xFFF54513) xori a0, a0, -0x1
x10 <- 0xFFFFF7FFFFFFFFFF
mem[X,0x0000000080002940] -> 0xA845
[1179] [M]: 0x0000000080002940 (0xA845) c.j 0x58
mem[X,0x00000000800029F0] -> 0xD931
[1180] [M]: 0x00000000800029F0 (0xD931) c.beqz a0, -0x56
mem[X,0x00000000800029F2] -> 0x0113
mem[X,0x00000000800029F4] -> 0x0021
[1181] [M]: 0x00000000800029F2 (0x00210113) addi sp, sp, 0x2
x2 <- 0x01FDDB7D5BFDDC93
mem[X,0x00000000800029F6] -> 0x006F
mem[X,0x00000000800029F8] -> 0x0060
[1182] [M]: 0x00000000800029F6 (0x0060006F) jal zero, 0x6
mem[X,0x00000000800029FC] -> 0xB423
mem[X,0x00000000800029FE] -> 0x4420
[1183] [M]: 0x00000000800029FC (0x4420B423) sd sp, 0x448(ra)
mem[0x0000000080005560] <- 0x01FDDB7D5BFDDC93
mem[X,0x0000000080002A00] -> 0x0513
mem[X,0x0000000080002A02] -> 0x0010
[1184] [M]: 0x0000000080002A00 (0x00100513) addi a0, zero, 0x1
x10 <- 0x0000000000000001
mem[X,0x0000000080002A04] -> 0x1513
mem[X,0x0000000080002A06] -> 0x02C5
[1185] [M]: 0x0000000080002A04 (0x02C51513) slli a0, a0, 0x2c
x10 <- 0x0000100000000000
mem[X,0x0000000080002A08] -> 0x4513
mem[X,0x0000000080002A0A] -> 0xFFF5
[1186] [M]: 0x0000000080002A08 (0xFFF54513) xori a0, a0, -0x1
x10 <- 0xFFFFEFFFFFFFFFFF
mem[X,0x0000000080002A0C] -> 0xA819
[1187] [M]: 0x0000000080002A0C (0xA819) c.j 0xb
mem[X,0x0000000080002A22] -> 0xD57D
[1188] [M]: 0x0000000080002A22 (0xD57D) c.beqz a0, -0x9
mem[X,0x0000000080002A24] -> 0x0113
mem[X,0x0000000080002A26] -> 0x0021
[1189] [M]: 0x0000000080002A24 (0x00210113) addi sp, sp, 0x2
x2 <- 0x01FDDB7D5BFDDC95
mem[X,0x0000000080002A28] -> 0x006F
mem[X,0x0000000080002A2A] -> 0x0060
[1190] [M]: 0x0000000080002A28 (0x0060006F) jal zero, 0x6
mem[X,0x0000000080002A2E] -> 0xB823
mem[X,0x0000000080002A30] -> 0x4420
[1191] [M]: 0x0000000080002A2E (0x4420B823) sd sp, 0x450(ra)
mem[0x0000000080005568] <- 0x01FDDB7D5BFDDC95
mem[X,0x0000000080002A32] -> 0x0513
mem[X,0x0000000080002A34] -> 0x0010
[1192] [M]: 0x0000000080002A32 (0x00100513) addi a0, zero, 0x1
x10 <- 0x0000000000000001
mem[X,0x0000000080002A36] -> 0x1513
mem[X,0x0000000080002A38] -> 0x02D5
[1193] [M]: 0x0000000080002A36 (0x02D51513) slli a0, a0, 0x2d
x10 <- 0x0000200000000000
mem[X,0x0000000080002A3A] -> 0x4513
mem[X,0x0000000080002A3C] -> 0xFFF5
[1194] [M]: 0x0000000080002A3A (0xFFF54513) xori a0, a0, -0x1
x10 <- 0xFFFFDFFFFFFFFFFF
mem[X,0x0000000080002A3E] -> 0xA031
[1195] [M]: 0x0000000080002A3E (0xA031) c.j 0x6
mem[X,0x0000000080002A4A] -> 0xDD65
[1196] [M]: 0x0000000080002A4A (0xDD65) c.beqz a0, -0x4
mem[X,0x0000000080002A4C] -> 0x0113
mem[X,0x0000000080002A4E] -> 0x0021
[1197] [M]: 0x0000000080002A4C (0x00210113) addi sp, sp, 0x2
x2 <- 0x01FDDB7D5BFDDC97
mem[X,0x0000000080002A50] -> 0x006F
mem[X,0x0000000080002A52] -> 0x0060
[1198] [M]: 0x0000000080002A50 (0x0060006F) jal zero, 0x6
mem[X,0x0000000080002A56] -> 0xBC23
mem[X,0x0000000080002A58] -> 0x4420
[1199] [M]: 0x0000000080002A56 (0x4420BC23) sd sp, 0x458(ra)
mem[0x0000000080005570] <- 0x01FDDB7D5BFDDC97
clint::tick mtime <- 0x000000000000000C
 clint timer pending at mtime 0x000000000000000C
htif::tick 0x0000000000000000
mem[X,0x0000000080002A5A] -> 0x0513
mem[X,0x0000000080002A5C] -> 0x0010
[1200] [M]: 0x0000000080002A5A (0x00100513) addi a0, zero, 0x1
x10 <- 0x0000000000000001
mem[X,0x0000000080002A5E] -> 0x1513
mem[X,0x0000000080002A60] -> 0x02E5
[1201] [M]: 0x0000000080002A5E (0x02E51513) slli a0, a0, 0x2e
x10 <- 0x0000400000000000
mem[X,0x0000000080002A62] -> 0x4513
mem[X,0x0000000080002A64] -> 0xFFF5
[1202] [M]: 0x0000000080002A62 (0xFFF54513) xori a0, a0, -0x1
x10 <- 0xFFFFBFFFFFFFFFFF
mem[X,0x0000000080002A66] -> 0xA809
[1203] [M]: 0x0000000080002A66 (0xA809) c.j 0x9
mem[X,0x0000000080002A78] -> 0xD96D
[1204] [M]: 0x0000000080002A78 (0xD96D) c.beqz a0, -0x7
mem[X,0x0000000080002A7A] -> 0x0113
mem[X,0x0000000080002A7C] -> 0x0021
[1205] [M]: 0x0000000080002A7A (0x00210113) addi sp, sp, 0x2
x2 <- 0x01FDDB7D5BFDDC99
mem[X,0x0000000080002A7E] -> 0x006F
mem[X,0x0000000080002A80] -> 0x0060
[1206] [M]: 0x0000000080002A7E (0x0060006F) jal zero, 0x6
mem[X,0x0000000080002A84] -> 0xB023
mem[X,0x0000000080002A86] -> 0x4620
[1207] [M]: 0x0000000080002A84 (0x4620B023) sd sp, 0x460(ra)
mem[0x0000000080005578] <- 0x01FDDB7D5BFDDC99
mem[X,0x0000000080002A88] -> 0x0513
mem[X,0x0000000080002A8A] -> 0x0010
[1208] [M]: 0x0000000080002A88 (0x00100513) addi a0, zero, 0x1
x10 <- 0x0000000000000001
mem[X,0x0000000080002A8C] -> 0x1513
mem[X,0x0000000080002A8E] -> 0x02F5
[1209] [M]: 0x0000000080002A8C (0x02F51513) slli a0, a0, 0x2f
x10 <- 0x0000800000000000
mem[X,0x0000000080002A90] -> 0x4513
mem[X,0x0000000080002A92] -> 0xFFF5
[1210] [M]: 0x0000000080002A90 (0xFFF54513) xori a0, a0, -0x1
x10 <- 0xFFFF7FFFFFFFFFFF
mem[X,0x0000000080002A94] -> 0xA051
[1211] [M]: 0x0000000080002A94 (0xA051) c.j 0x42
mem[X,0x0000000080002B18] -> 0xD141
[1212] [M]: 0x0000000080002B18 (0xD141) c.beqz a0, -0x40
mem[X,0x0000000080002B1A] -> 0x0113
mem[X,0x0000000080002B1C] -> 0x0021
[1213] [M]: 0x0000000080002B1A (0x00210113) addi sp, sp, 0x2
x2 <- 0x01FDDB7D5BFDDC9B
mem[X,0x0000000080002B1E] -> 0x006F
mem[X,0x0000000080002B20] -> 0x0060
[1214] [M]: 0x0000000080002B1E (0x0060006F) jal zero, 0x6
mem[X,0x0000000080002B24] -> 0xB423
mem[X,0x0000000080002B26] -> 0x4620
[1215] [M]: 0x0000000080002B24 (0x4620B423) sd sp, 0x468(ra)
mem[0x0000000080005580] <- 0x01FDDB7D5BFDDC9B
mem[X,0x0000000080002B28] -> 0x0513
mem[X,0x0000000080002B2A] -> 0x0010
[1216] [M]: 0x0000000080002B28 (0x00100513) addi a0, zero, 0x1
x10 <- 0x0000000000000001
mem[X,0x0000000080002B2C] -> 0x1513
mem[X,0x0000000080002B2E] -> 0x0305
[1217] [M]: 0x0000000080002B2C (0x03051513) slli a0, a0, 0x30
x10 <- 0x0001000000000000
mem[X,0x0000000080002B30] -> 0x4513
mem[X,0x0000000080002B32] -> 0xFFF5
[1218] [M]: 0x0000000080002B30 (0xFFF54513) xori a0, a0, -0x1
x10 <- 0xFFFEFFFFFFFFFFFF
mem[X,0x0000000080002B34] -> 0xA051
[1219] [M]: 0x0000000080002B34 (0xA051) c.j 0x42
mem[X,0x0000000080002BB8] -> 0xD141
[1220] [M]: 0x0000000080002BB8 (0xD141) c.beqz a0, -0x40
mem[X,0x0000000080002BBA] -> 0x0113
mem[X,0x0000000080002BBC] -> 0x0021
[1221] [M]: 0x0000000080002BBA (0x00210113) addi sp, sp, 0x2
x2 <- 0x01FDDB7D5BFDDC9D
mem[X,0x0000000080002BBE] -> 0x006F
mem[X,0x0000000080002BC0] -> 0x0060
[1222] [M]: 0x0000000080002BBE (0x0060006F) jal zero, 0x6
mem[X,0x0000000080002BC4] -> 0xB823
mem[X,0x0000000080002BC6] -> 0x4620
[1223] [M]: 0x0000000080002BC4 (0x4620B823) sd sp, 0x470(ra)
mem[0x0000000080005588] <- 0x01FDDB7D5BFDDC9D
mem[X,0x0000000080002BC8] -> 0x0513
mem[X,0x0000000080002BCA] -> 0x0010
[1224] [M]: 0x0000000080002BC8 (0x00100513) addi a0, zero, 0x1
x10 <- 0x0000000000000001
mem[X,0x0000000080002BCC] -> 0x1513
mem[X,0x0000000080002BCE] -> 0x0315
[1225] [M]: 0x0000000080002BCC (0x03151513) slli a0, a0, 0x31
x10 <- 0x0002000000000000
mem[X,0x0000000080002BD0] -> 0x4513
mem[X,0x0000000080002BD2] -> 0xFFF5
[1226] [M]: 0x0000000080002BD0 (0xFFF54513) xori a0, a0, -0x1
x10 <- 0xFFFDFFFFFFFFFFFF
mem[X,0x0000000080002BD4] -> 0xA051
[1227] [M]: 0x0000000080002BD4 (0xA051) c.j 0x42
mem[X,0x0000000080002C58] -> 0xD141
[1228] [M]: 0x0000000080002C58 (0xD141) c.beqz a0, -0x40
mem[X,0x0000000080002C5A] -> 0x0113
mem[X,0x0000000080002C5C] -> 0x0021
[1229] [M]: 0x0000000080002C5A (0x00210113) addi sp, sp, 0x2
x2 <- 0x01FDDB7D5BFDDC9F
mem[X,0x0000000080002C5E] -> 0x006F
mem[X,0x0000000080002C60] -> 0x0060
[1230] [M]: 0x0000000080002C5E (0x0060006F) jal zero, 0x6
mem[X,0x0000000080002C64] -> 0xBC23
mem[X,0x0000000080002C66] -> 0x4620
[1231] [M]: 0x0000000080002C64 (0x4620BC23) sd sp, 0x478(ra)
mem[0x0000000080005590] <- 0x01FDDB7D5BFDDC9F
mem[X,0x0000000080002C68] -> 0x0513
mem[X,0x0000000080002C6A] -> 0x0010
[1232] [M]: 0x0000000080002C68 (0x00100513) addi a0, zero, 0x1
x10 <- 0x0000000000000001
mem[X,0x0000000080002C6C] -> 0x1513
mem[X,0x0000000080002C6E] -> 0x0325
[1233] [M]: 0x0000000080002C6C (0x03251513) slli a0, a0, 0x32
x10 <- 0x0004000000000000
mem[X,0x0000000080002C70] -> 0x4513
mem[X,0x0000000080002C72] -> 0xFFF5
[1234] [M]: 0x0000000080002C70 (0xFFF54513) xori a0, a0, -0x1
x10 <- 0xFFFBFFFFFFFFFFFF
mem[X,0x0000000080002C74] -> 0xA031
[1235] [M]: 0x0000000080002C74 (0xA031) c.j 0x6
mem[X,0x0000000080002C80] -> 0xC509
[1236] [M]: 0x0000000080002C80 (0xC509) c.beqz a0, 0x5
mem[X,0x0000000080002C82] -> 0x0113
mem[X,0x0000000080002C84] -> 0x0021
[1237] [M]: 0x0000000080002C82 (0x00210113) addi sp, sp, 0x2
x2 <- 0x01FDDB7D5BFDDCA1
mem[X,0x0000000080002C86] -> 0x006F
mem[X,0x0000000080002C88] -> 0x0060
[1238] [M]: 0x0000000080002C86 (0x0060006F) jal zero, 0x6
mem[X,0x0000000080002C8C] -> 0xB023
mem[X,0x0000000080002C8E] -> 0x4820
[1239] [M]: 0x0000000080002C8C (0x4820B023) sd sp, 0x480(ra)
mem[0x0000000080005598] <- 0x01FDDB7D5BFDDCA1
mem[X,0x0000000080002C90] -> 0x0513
mem[X,0x0000000080002C92] -> 0x0010
[1240] [M]: 0x0000000080002C90 (0x00100513) addi a0, zero, 0x1
x10 <- 0x0000000000000001
mem[X,0x0000000080002C94] -> 0x1513
mem[X,0x0000000080002C96] -> 0x0335
[1241] [M]: 0x0000000080002C94 (0x03351513) slli a0, a0, 0x33
x10 <- 0x0008000000000000
mem[X,0x0000000080002C98] -> 0x4513
mem[X,0x0000000080002C9A] -> 0xFFF5
[1242] [M]: 0x0000000080002C98 (0xFFF54513) xori a0, a0, -0x1
x10 <- 0xFFF7FFFFFFFFFFFF
mem[X,0x0000000080002C9C] -> 0xA031
[1243] [M]: 0x0000000080002C9C (0xA031) c.j 0x6
mem[X,0x0000000080002CA8] -> 0xC105
[1244] [M]: 0x0000000080002CA8 (0xC105) c.beqz a0, 0x10
mem[X,0x0000000080002CAA] -> 0x0113
mem[X,0x0000000080002CAC] -> 0x0021
[1245] [M]: 0x0000000080002CAA (0x00210113) addi sp, sp, 0x2
x2 <- 0x01FDDB7D5BFDDCA3
mem[X,0x0000000080002CAE] -> 0x006F
mem[X,0x0000000080002CB0] -> 0x01C0
[1246] [M]: 0x0000000080002CAE (0x01C0006F) jal zero, 0x1c
mem[X,0x0000000080002CCA] -> 0xB423
mem[X,0x0000000080002CCC] -> 0x4820
[1247] [M]: 0x0000000080002CCA (0x4820B423) sd sp, 0x488(ra)
mem[0x00000000800055A0] <- 0x01FDDB7D5BFDDCA3
mem[X,0x0000000080002CCE] -> 0x0513
mem[X,0x0000000080002CD0] -> 0x0010
[1248] [M]: 0x0000000080002CCE (0x00100513) addi a0, zero, 0x1
x10 <- 0x0000000000000001
mem[X,0x0000000080002CD2] -> 0x1513
mem[X,0x0000000080002CD4] -> 0x0345
[1249] [M]: 0x0000000080002CD2 (0x03451513) slli a0, a0, 0x34
x10 <- 0x0010000000000000
mem[X,0x0000000080002CD6] -> 0x4513
mem[X,0x0000000080002CD8] -> 0xFFF5
[1250] [M]: 0x0000000080002CD6 (0xFFF54513) xori a0, a0, -0x1
x10 <- 0xFFEFFFFFFFFFFFFF
mem[X,0x0000000080002CDA] -> 0xA031
[1251] [M]: 0x0000000080002CDA (0xA031) c.j 0x6
mem[X,0x0000000080002CE6] -> 0xC54D
[1252] [M]: 0x0000000080002CE6 (0xC54D) c.beqz a0, 0x55
mem[X,0x0000000080002CE8] -> 0x0113
mem[X,0x0000000080002CEA] -> 0x0021
[1253] [M]: 0x0000000080002CE8 (0x00210113) addi sp, sp, 0x2
x2 <- 0x01FDDB7D5BFDDCA5
mem[X,0x0000000080002CEC] -> 0x006F
mem[X,0x0000000080002CEE] -> 0x0A60
[1254] [M]: 0x0000000080002CEC (0x0A60006F) jal zero, 0xa6
mem[X,0x0000000080002D92] -> 0xB823
mem[X,0x0000000080002D94] -> 0x4820
[1255] [M]: 0x0000000080002D92 (0x4820B823) sd sp, 0x490(ra)
mem[0x00000000800055A8] <- 0x01FDDB7D5BFDDCA5
mem[X,0x0000000080002D96] -> 0x0513
mem[X,0x0000000080002D98] -> 0x0010
[1256] [M]: 0x0000000080002D96 (0x00100513) addi a0, zero, 0x1
x10 <- 0x0000000000000001
mem[X,0x0000000080002D9A] -> 0x1513
mem[X,0x0000000080002D9C] -> 0x0355
[1257] [M]: 0x0000000080002D9A (0x03551513) slli a0, a0, 0x35
x10 <- 0x0020000000000000
mem[X,0x0000000080002D9E] -> 0x4513
mem[X,0x0000000080002DA0] -> 0xFFF5
[1258] [M]: 0x0000000080002D9E (0xFFF54513) xori a0, a0, -0x1
x10 <- 0xFFDFFFFFFFFFFFFF
mem[X,0x0000000080002DA2] -> 0xA031
[1259] [M]: 0x0000000080002DA2 (0xA031) c.j 0x6
mem[X,0x0000000080002DAE] -> 0xDD65
[1260] [M]: 0x0000000080002DAE (0xDD65) c.beqz a0, -0x4
mem[X,0x0000000080002DB0] -> 0x0113
mem[X,0x0000000080002DB2] -> 0x0021
[1261] [M]: 0x0000000080002DB0 (0x00210113) addi sp, sp, 0x2
x2 <- 0x01FDDB7D5BFDDCA7
mem[X,0x0000000080002DB4] -> 0x006F
mem[X,0x0000000080002DB6] -> 0x0060
[1262] [M]: 0x0000000080002DB4 (0x0060006F) jal zero, 0x6
mem[X,0x0000000080002DBA] -> 0xBC23
mem[X,0x0000000080002DBC] -> 0x4820
[1263] [M]: 0x0000000080002DBA (0x4820BC23) sd sp, 0x498(ra)
mem[0x00000000800055B0] <- 0x01FDDB7D5BFDDCA7
mem[X,0x0000000080002DBE] -> 0x0513
mem[X,0x0000000080002DC0] -> 0x0010
[1264] [M]: 0x0000000080002DBE (0x00100513) addi a0, zero, 0x1
x10 <- 0x0000000000000001
mem[X,0x0000000080002DC2] -> 0x1513
mem[X,0x0000000080002DC4] -> 0x0365
[1265] [M]: 0x0000000080002DC2 (0x03651513) slli a0, a0, 0x36
x10 <- 0x0040000000000000
mem[X,0x0000000080002DC6] -> 0x4513
mem[X,0x0000000080002DC8] -> 0xFFF5
[1266] [M]: 0x0000000080002DC6 (0xFFF54513) xori a0, a0, -0x1
x10 <- 0xFFBFFFFFFFFFFFFF
mem[X,0x0000000080002DCA] -> 0xA031
[1267] [M]: 0x0000000080002DCA (0xA031) c.j 0x6
mem[X,0x0000000080002DD6] -> 0xC901
[1268] [M]: 0x0000000080002DD6 (0xC901) c.beqz a0, 0x8
mem[X,0x0000000080002DD8] -> 0x0113
mem[X,0x0000000080002DDA] -> 0x0021
[1269] [M]: 0x0000000080002DD8 (0x00210113) addi sp, sp, 0x2
x2 <- 0x01FDDB7D5BFDDCA9
mem[X,0x0000000080002DDC] -> 0x006F
mem[X,0x0000000080002DDE] -> 0x00C0
[1270] [M]: 0x0000000080002DDC (0x00C0006F) jal zero, 0xc
mem[X,0x0000000080002DE8] -> 0xB023
mem[X,0x0000000080002DEA] -> 0x4A20
[1271] [M]: 0x0000000080002DE8 (0x4A20B023) sd sp, 0x4a0(ra)
mem[0x00000000800055B8] <- 0x01FDDB7D5BFDDCA9
mem[X,0x0000000080002DEC] -> 0x006F
mem[X,0x0000000080002DEE] -> 0x0380
[1272] [M]: 0x0000000080002DEC (0x0380006F) jal zero, 0x38
mem[X,0x0000000080002E24] -> 0x4085
[1273] [M]: 0x0000000080002E24 (0x4085) c.li ra, 0x1
x1 <- 0x0000000000000001
mem[X,0x0000000080002E26] -> 0x0F17
mem[X,0x0000000080002E28] -> 0x0000
[1274] [M]: 0x0000000080002E26 (0x00000F17) auipc t5, 0x0
x30 <- 0x0000000080002E26
mem[X,0x0000000080002E2A] -> 0x2D23
mem[X,0x0000000080002E2C] -> 0x1C1F
[1275] [M]: 0x0000000080002E2A (0x1C1F2D23) sw ra, 0x1da(t5)
htif[0x0000000080003000] <- 0x00000001
mem[X,0x0000000080002E2E] -> 0xBFE5
[1276] [M]: 0x0000000080002E2E (0xBFE5) c.j -0x4
mem[X,0x0000000080002E26] -> 0x0F17
mem[X,0x0000000080002E28] -> 0x0000
[1277] [M]: 0x0000000080002E26 (0x00000F17) auipc t5, 0x0
x30 <- 0x0000000080002E26
mem[X,0x0000000080002E2A] -> 0x2D23
mem[X,0x0000000080002E2C] -> 0x1C1F
[1278] [M]: 0x0000000080002E2A (0x1C1F2D23) sw ra, 0x1da(t5)
htif[0x0000000080003000] <- 0x00000001
mem[X,0x0000000080002E2E] -> 0xBFE5
[1279] [M]: 0x0000000080002E2E (0xBFE5) c.j -0x4
mem[X,0x0000000080002E26] -> 0x0F17
mem[X,0x0000000080002E28] -> 0x0000
[1280] [M]: 0x0000000080002E26 (0x00000F17) auipc t5, 0x0
x30 <- 0x0000000080002E26
mem[X,0x0000000080002E2A] -> 0x2D23
mem[X,0x0000000080002E2C] -> 0x1C1F
[1281] [M]: 0x0000000080002E2A (0x1C1F2D23) sw ra, 0x1da(t5)
htif[0x0000000080003000] <- 0x00000001
htif-syscall-proxy cmd: 0x000000000001
SUCCESS
