using /home/mamir/tempo/riscof/riscof_work/rv64i_m/C/src/clui-01.S/ref/Reference-sail_c_simulator.signature for test-signature output.
tohost located at 0x80001000
Running file ref.elf.
ELF Entry @ 0x80000000
begin_signature: 0x80003110
end_signature: 0x80003220
CSR mstatus <- 0x0000000A00000000 (input: 0x0000000000000000)
mem[X,0x0000000000001000] -> 0x0297
mem[X,0x0000000000001002] -> 0x0000
[0] [M]: 0x0000000000001000 (0x00000297) auipc t0, 0x0
x5 <- 0x0000000000001000
mem[X,0x0000000000001004] -> 0x8593
mem[X,0x0000000000001006] -> 0x0202
[1] [M]: 0x0000000000001004 (0x02028593) addi a1, t0, 0x20
x11 <- 0x0000000000001020
mem[X,0x0000000000001008] -> 0x2573
mem[X,0x000000000000100A] -> 0xF140
[2] [M]: 0x0000000000001008 (0xF1402573) csrrs a0, mhartid, zero
CSR mhartid -> 0x0000000000000000
x10 <- 0x0000000000000000
mem[X,0x000000000000100C] -> 0xB283
mem[X,0x000000000000100E] -> 0x0182
[3] [M]: 0x000000000000100C (0x0182B283) ld t0, 0x18(t0)
mem[R,0x0000000000001018] -> 0x0000000080000000
x5 <- 0x0000000080000000
mem[X,0x0000000000001010] -> 0x8067
mem[X,0x0000000000001012] -> 0x0002
[4] [M]: 0x0000000000001010 (0x00028067) jalr zero, 0x0(t0)
mem[X,0x0000000080000000] -> 0x0837
mem[X,0x0000000080000002] -> 0x7D5C
[5] [M]: 0x0000000080000000 (0x7D5C0837) lui a6, 0x7d5c0
x16 <- 0x000000007D5C0000
mem[X,0x0000000080000004] -> 0x0813
mem[X,0x0000000080000006] -> 0xDDB8
[6] [M]: 0x0000000080000004 (0xDDB80813) addi a6, a6, -0x225
x16 <- 0x000000007D5BFDDB
mem[X,0x0000000080000008] -> 0x1813
mem[X,0x000000008000000A] -> 0x00B8
[7] [M]: 0x0000000080000008 (0x00B81813) slli a6, a6, 0xb
x16 <- 0x000003EADFEED800
mem[X,0x000000008000000C] -> 0x0813
mem[X,0x000000008000000E] -> 0x3EA8
[8] [M]: 0x000000008000000C (0x3EA80813) addi a6, a6, 0x3ea
x16 <- 0x000003EADFEEDBEA
mem[X,0x0000000080000010] -> 0x1813
mem[X,0x0000000080000012] -> 0x00B8
[9] [M]: 0x0000000080000010 (0x00B81813) slli a6, a6, 0xb
x16 <- 0x001F56FF76DF5000
mem[X,0x0000000080000014] -> 0x0813
mem[X,0x0000000080000016] -> 0x6FF8
[10] [M]: 0x0000000080000014 (0x6FF80813) addi a6, a6, 0x6ff
x16 <- 0x001F56FF76DF56FF
mem[X,0x0000000080000018] -> 0x1813
mem[X,0x000000008000001A] -> 0x00A8
[11] [M]: 0x0000000080000018 (0x00A81813) slli a6, a6, 0xa
x16 <- 0x7D5BFDDB7D5BFC00
mem[X,0x000000008000001C] -> 0x0813
mem[X,0x000000008000001E] -> 0x1DB8
[12] [M]: 0x000000008000001C (0x1DB80813) addi a6, a6, 0x1db
x16 <- 0x7D5BFDDB7D5BFDDB
mem[X,0x0000000080000020] -> 0x5893
mem[X,0x0000000080000022] -> 0x0078
[13] [M]: 0x0000000080000020 (0x00785893) srli a7, a6, 0x7
x17 <- 0x00FAB7FBB6FAB7FB
mem[X,0x0000000080000024] -> 0x5793
mem[X,0x0000000080000026] -> 0x0398
[14] [M]: 0x0000000080000024 (0x03985793) srli a5, a6, 0x39
x15 <- 0x000000000000003E
mem[X,0x0000000080000028] -> 0xE8B3
mem[X,0x000000008000002A] -> 0x00F8
[15] [M]: 0x0000000080000028 (0x00F8E8B3) or a7, a7, a5
x17 <- 0x00FAB7FBB6FAB7FF
mem[X,0x000000008000002C] -> 0xD913
mem[X,0x000000008000002E] -> 0x0078
[16] [M]: 0x000000008000002C (0x0078D913) srli s2, a7, 0x7
x18 <- 0x0001F56FF76DF56F
mem[X,0x0000000080000030] -> 0xD793
mem[X,0x0000000080000032] -> 0x0398
[17] [M]: 0x0000000080000030 (0x0398D793) srli a5, a7, 0x39
x15 <- 0x0000000000000000
mem[X,0x0000000080000034] -> 0x6933
mem[X,0x0000000080000036] -> 0x00F9
[18] [M]: 0x0000000080000034 (0x00F96933) or s2, s2, a5
x18 <- 0x0001F56FF76DF56F
mem[X,0x0000000080000038] -> 0x5993
mem[X,0x000000008000003A] -> 0x0079
[19] [M]: 0x0000000080000038 (0x00795993) srli s3, s2, 0x7
x19 <- 0x000003EADFEEDBEA
mem[X,0x000000008000003C] -> 0x5793
mem[X,0x000000008000003E] -> 0x0399
[20] [M]: 0x000000008000003C (0x03995793) srli a5, s2, 0x39
x15 <- 0x0000000000000000
mem[X,0x0000000080000040] -> 0xE9B3
mem[X,0x0000000080000042] -> 0x00F9
[21] [M]: 0x0000000080000040 (0x00F9E9B3) or s3, s3, a5
x19 <- 0x000003EADFEEDBEA
mem[X,0x0000000080000044] -> 0xDA13
mem[X,0x0000000080000046] -> 0x0079
[22] [M]: 0x0000000080000044 (0x0079DA13) srli s4, s3, 0x7
x20 <- 0x00000007D5BFDDB7
mem[X,0x0000000080000048] -> 0xD793
mem[X,0x000000008000004A] -> 0x0399
[23] [M]: 0x0000000080000048 (0x0399D793) srli a5, s3, 0x39
x15 <- 0x0000000000000000
mem[X,0x000000008000004C] -> 0x6A33
mem[X,0x000000008000004E] -> 0x00FA
[24] [M]: 0x000000008000004C (0x00FA6A33) or s4, s4, a5
x20 <- 0x00000007D5BFDDB7
mem[X,0x0000000080000050] -> 0x5A93
mem[X,0x0000000080000052] -> 0x007A
[25] [M]: 0x0000000080000050 (0x007A5A93) srli s5, s4, 0x7
x21 <- 0x000000000FAB7FBB
mem[X,0x0000000080000054] -> 0x5793
mem[X,0x0000000080000056] -> 0x039A
[26] [M]: 0x0000000080000054 (0x039A5793) srli a5, s4, 0x39
x15 <- 0x0000000000000000
mem[X,0x0000000080000058] -> 0xEAB3
mem[X,0x000000008000005A] -> 0x00FA
[27] [M]: 0x0000000080000058 (0x00FAEAB3) or s5, s5, a5
x21 <- 0x000000000FAB7FBB
mem[X,0x000000008000005C] -> 0xDB13
mem[X,0x000000008000005E] -> 0x007A
[28] [M]: 0x000000008000005C (0x007ADB13) srli s6, s5, 0x7
x22 <- 0x00000000001F56FF
mem[X,0x0000000080000060] -> 0xD793
mem[X,0x0000000080000062] -> 0x039A
[29] [M]: 0x0000000080000060 (0x039AD793) srli a5, s5, 0x39
x15 <- 0x0000000000000000
mem[X,0x0000000080000064] -> 0x6B33
mem[X,0x0000000080000066] -> 0x00FB
[30] [M]: 0x0000000080000064 (0x00FB6B33) or s6, s6, a5
x22 <- 0x00000000001F56FF
mem[X,0x0000000080000068] -> 0x5B93
mem[X,0x000000008000006A] -> 0x007B
[31] [M]: 0x0000000080000068 (0x007B5B93) srli s7, s6, 0x7
x23 <- 0x0000000000003EAD
mem[X,0x000000008000006C] -> 0x5793
mem[X,0x000000008000006E] -> 0x039B
[32] [M]: 0x000000008000006C (0x039B5793) srli a5, s6, 0x39
x15 <- 0x0000000000000000
mem[X,0x0000000080000070] -> 0xEBB3
mem[X,0x0000000080000072] -> 0x00FB
[33] [M]: 0x0000000080000070 (0x00FBEBB3) or s7, s7, a5
x23 <- 0x0000000000003EAD
mem[X,0x0000000080000074] -> 0xDC13
mem[X,0x0000000080000076] -> 0x007B
[34] [M]: 0x0000000080000074 (0x007BDC13) srli s8, s7, 0x7
x24 <- 0x000000000000007D
mem[X,0x0000000080000078] -> 0xD793
mem[X,0x000000008000007A] -> 0x039B
[35] [M]: 0x0000000080000078 (0x039BD793) srli a5, s7, 0x39
x15 <- 0x0000000000000000
mem[X,0x000000008000007C] -> 0x6C33
mem[X,0x000000008000007E] -> 0x00FC
[36] [M]: 0x000000008000007C (0x00FC6C33) or s8, s8, a5
x24 <- 0x000000000000007D
mem[X,0x0000000080000080] -> 0x5C93
mem[X,0x0000000080000082] -> 0x007C
[37] [M]: 0x0000000080000080 (0x007C5C93) srli s9, s8, 0x7
x25 <- 0x0000000000000000
mem[X,0x0000000080000084] -> 0x5793
mem[X,0x0000000080000086] -> 0x039C
[38] [M]: 0x0000000080000084 (0x039C5793) srli a5, s8, 0x39
x15 <- 0x0000000000000000
mem[X,0x0000000080000088] -> 0xECB3
mem[X,0x000000008000008A] -> 0x00FC
[39] [M]: 0x0000000080000088 (0x00FCECB3) or s9, s9, a5
x25 <- 0x0000000000000000
mem[X,0x000000008000008C] -> 0xDD13
mem[X,0x000000008000008E] -> 0x007C
[40] [M]: 0x000000008000008C (0x007CDD13) srli s10, s9, 0x7
x26 <- 0x0000000000000000
mem[X,0x0000000080000090] -> 0xD793
mem[X,0x0000000080000092] -> 0x039C
[41] [M]: 0x0000000080000090 (0x039CD793) srli a5, s9, 0x39
x15 <- 0x0000000000000000
mem[X,0x0000000080000094] -> 0x6D33
mem[X,0x0000000080000096] -> 0x00FD
[42] [M]: 0x0000000080000094 (0x00FD6D33) or s10, s10, a5
x26 <- 0x0000000000000000
mem[X,0x0000000080000098] -> 0x5D93
mem[X,0x000000008000009A] -> 0x007D
[43] [M]: 0x0000000080000098 (0x007D5D93) srli s11, s10, 0x7
x27 <- 0x0000000000000000
mem[X,0x000000008000009C] -> 0x5793
mem[X,0x000000008000009E] -> 0x039D
[44] [M]: 0x000000008000009C (0x039D5793) srli a5, s10, 0x39
x15 <- 0x0000000000000000
mem[X,0x00000000800000A0] -> 0xEDB3
mem[X,0x00000000800000A2] -> 0x00FD
[45] [M]: 0x00000000800000A0 (0x00FDEDB3) or s11, s11, a5
x27 <- 0x0000000000000000
mem[X,0x00000000800000A4] -> 0xDE13
mem[X,0x00000000800000A6] -> 0x007D
[46] [M]: 0x00000000800000A4 (0x007DDE13) srli t3, s11, 0x7
x28 <- 0x0000000000000000
mem[X,0x00000000800000A8] -> 0xD793
mem[X,0x00000000800000AA] -> 0x039D
[47] [M]: 0x00000000800000A8 (0x039DD793) srli a5, s11, 0x39
x15 <- 0x0000000000000000
mem[X,0x00000000800000AC] -> 0x6E33
mem[X,0x00000000800000AE] -> 0x00FE
[48] [M]: 0x00000000800000AC (0x00FE6E33) or t3, t3, a5
x28 <- 0x0000000000000000
mem[X,0x00000000800000B0] -> 0x5E93
mem[X,0x00000000800000B2] -> 0x007E
[49] [M]: 0x00000000800000B0 (0x007E5E93) srli t4, t3, 0x7
x29 <- 0x0000000000000000
mem[X,0x00000000800000B4] -> 0x5793
mem[X,0x00000000800000B6] -> 0x039E
[50] [M]: 0x00000000800000B4 (0x039E5793) srli a5, t3, 0x39
x15 <- 0x0000000000000000
mem[X,0x00000000800000B8] -> 0xEEB3
mem[X,0x00000000800000BA] -> 0x00FE
[51] [M]: 0x00000000800000B8 (0x00FEEEB3) or t4, t4, a5
x29 <- 0x0000000000000000
mem[X,0x00000000800000BC] -> 0xDF13
mem[X,0x00000000800000BE] -> 0x007E
[52] [M]: 0x00000000800000BC (0x007EDF13) srli t5, t4, 0x7
x30 <- 0x0000000000000000
mem[X,0x00000000800000C0] -> 0xD793
mem[X,0x00000000800000C2] -> 0x039E
[53] [M]: 0x00000000800000C0 (0x039ED793) srli a5, t4, 0x39
x15 <- 0x0000000000000000
mem[X,0x00000000800000C4] -> 0x6F33
mem[X,0x00000000800000C6] -> 0x00FF
[54] [M]: 0x00000000800000C4 (0x00FF6F33) or t5, t5, a5
x30 <- 0x0000000000000000
mem[X,0x00000000800000C8] -> 0xC0B7
mem[X,0x00000000800000CA] -> 0xFEED
[55] [M]: 0x00000000800000C8 (0xFEEDC0B7) lui ra, -0x1124
x1 <- 0xFFFFFFFFFEEDC000
mem[X,0x00000000800000CC] -> 0x8093
mem[X,0x00000000800000CE] -> 0xEAD0
[56] [M]: 0x00000000800000CC (0xEAD08093) addi ra, ra, -0x153
x1 <- 0xFFFFFFFFFEEDBEAD
mem[X,0x00000000800000D0] -> 0x9093
mem[X,0x00000000800000D2] -> 0x00B0
[57] [M]: 0x00000000800000D0 (0x00B09093) slli ra, ra, 0xb
x1 <- 0xFFFFFFF76DF56800
mem[X,0x00000000800000D4] -> 0x8093
mem[X,0x00000000800000D6] -> 0x7F70
[58] [M]: 0x00000000800000D4 (0x7F708093) addi ra, ra, 0x7f7
x1 <- 0xFFFFFFF76DF56FF7
mem[X,0x00000000800000D8] -> 0x9093
mem[X,0x00000000800000DA] -> 0x00B0
[59] [M]: 0x00000000800000D8 (0x00B09093) slli ra, ra, 0xb
x1 <- 0xFFFFBB6FAB7FB800
mem[X,0x00000000800000DC] -> 0x8093
mem[X,0x00000000800000DE] -> 0x36F0
[60] [M]: 0x00000000800000DC (0x36F08093) addi ra, ra, 0x36f
x1 <- 0xFFFFBB6FAB7FBB6F
mem[X,0x00000000800000E0] -> 0x9093
mem[X,0x00000000800000E2] -> 0x00A0
[61] [M]: 0x00000000800000E0 (0x00A09093) slli ra, ra, 0xa
x1 <- 0xFEEDBEADFEEDBC00
mem[X,0x00000000800000E4] -> 0x8093
mem[X,0x00000000800000E6] -> 0x2AD0
[62] [M]: 0x00000000800000E4 (0x2AD08093) addi ra, ra, 0x2ad
x1 <- 0xFEEDBEADFEEDBEAD
mem[X,0x00000000800000E8] -> 0xD113
mem[X,0x00000000800000EA] -> 0x0070
[63] [M]: 0x00000000800000E8 (0x0070D113) srli sp, ra, 0x7
x2 <- 0x01FDDB7D5BFDDB7D
mem[X,0x00000000800000EC] -> 0xD793
mem[X,0x00000000800000EE] -> 0x0390
[64] [M]: 0x00000000800000EC (0x0390D793) srli a5, ra, 0x39
x15 <- 0x000000000000007F
mem[X,0x00000000800000F0] -> 0x6133
mem[X,0x00000000800000F2] -> 0x00F1
[65] [M]: 0x00000000800000F0 (0x00F16133) or sp, sp, a5
x2 <- 0x01FDDB7D5BFDDB7F
mem[X,0x00000000800000F4] -> 0x5193
mem[X,0x00000000800000F6] -> 0x0071
[66] [M]: 0x00000000800000F4 (0x00715193) srli gp, sp, 0x7
x3 <- 0x0003FBB6FAB7FBB6
mem[X,0x00000000800000F8] -> 0x5793
mem[X,0x00000000800000FA] -> 0x0391
[67] [M]: 0x00000000800000F8 (0x03915793) srli a5, sp, 0x39
x15 <- 0x0000000000000000
mem[X,0x00000000800000FC] -> 0xE1B3
mem[X,0x00000000800000FE] -> 0x00F1
[68] [M]: 0x00000000800000FC (0x00F1E1B3) or gp, gp, a5
x3 <- 0x0003FBB6FAB7FBB6
mem[X,0x0000000080000100] -> 0xD213
mem[X,0x0000000080000102] -> 0x0071
[69] [M]: 0x0000000080000100 (0x0071D213) srli tp, gp, 0x7
x4 <- 0x000007F76DF56FF7
mem[X,0x0000000080000104] -> 0xD793
mem[X,0x0000000080000106] -> 0x0391
[70] [M]: 0x0000000080000104 (0x0391D793) srli a5, gp, 0x39
x15 <- 0x0000000000000000
mem[X,0x0000000080000108] -> 0x6233
mem[X,0x000000008000010A] -> 0x00F2
[71] [M]: 0x0000000080000108 (0x00F26233) or tp, tp, a5
x4 <- 0x000007F76DF56FF7
mem[X,0x000000008000010C] -> 0x5293
mem[X,0x000000008000010E] -> 0x0072
[72] [M]: 0x000000008000010C (0x00725293) srli t0, tp, 0x7
x5 <- 0x0000000FEEDBEADF
mem[X,0x0000000080000110] -> 0x5793
mem[X,0x0000000080000112] -> 0x0392
[73] [M]: 0x0000000080000110 (0x03925793) srli a5, tp, 0x39
x15 <- 0x0000000000000000
mem[X,0x0000000080000114] -> 0xE2B3
mem[X,0x0000000080000116] -> 0x00F2
[74] [M]: 0x0000000080000114 (0x00F2E2B3) or t0, t0, a5
x5 <- 0x0000000FEEDBEADF
mem[X,0x0000000080000118] -> 0xD313
mem[X,0x000000008000011A] -> 0x0072
[75] [M]: 0x0000000080000118 (0x0072D313) srli t1, t0, 0x7
x6 <- 0x000000001FDDB7D5
mem[X,0x000000008000011C] -> 0xD793
mem[X,0x000000008000011E] -> 0x0392
[76] [M]: 0x000000008000011C (0x0392D793) srli a5, t0, 0x39
x15 <- 0x0000000000000000
mem[X,0x0000000080000120] -> 0x6333
mem[X,0x0000000080000122] -> 0x00F3
[77] [M]: 0x0000000080000120 (0x00F36333) or t1, t1, a5
x6 <- 0x000000001FDDB7D5
mem[X,0x0000000080000124] -> 0x5393
mem[X,0x0000000080000126] -> 0x0073
[78] [M]: 0x0000000080000124 (0x00735393) srli t2, t1, 0x7
x7 <- 0x00000000003FBB6F
mem[X,0x0000000080000128] -> 0x5793
mem[X,0x000000008000012A] -> 0x0393
[79] [M]: 0x0000000080000128 (0x03935793) srli a5, t1, 0x39
x15 <- 0x0000000000000000
mem[X,0x000000008000012C] -> 0xE3B3
mem[X,0x000000008000012E] -> 0x00F3
[80] [M]: 0x000000008000012C (0x00F3E3B3) or t2, t2, a5
x7 <- 0x00000000003FBB6F
mem[X,0x0000000080000130] -> 0xD413
mem[X,0x0000000080000132] -> 0x0073
[81] [M]: 0x0000000080000130 (0x0073D413) srli fp, t2, 0x7
x8 <- 0x0000000000007F76
mem[X,0x0000000080000134] -> 0xD793
mem[X,0x0000000080000136] -> 0x0393
[82] [M]: 0x0000000080000134 (0x0393D793) srli a5, t2, 0x39
x15 <- 0x0000000000000000
mem[X,0x0000000080000138] -> 0x6433
mem[X,0x000000008000013A] -> 0x00F4
[83] [M]: 0x0000000080000138 (0x00F46433) or fp, fp, a5
x8 <- 0x0000000000007F76
mem[X,0x000000008000013C] -> 0x5493
mem[X,0x000000008000013E] -> 0x0074
[84] [M]: 0x000000008000013C (0x00745493) srli s1, fp, 0x7
x9 <- 0x00000000000000FE
mem[X,0x0000000080000140] -> 0x5793
mem[X,0x0000000080000142] -> 0x0394
[85] [M]: 0x0000000080000140 (0x03945793) srli a5, fp, 0x39
x15 <- 0x0000000000000000
mem[X,0x0000000080000144] -> 0xE4B3
mem[X,0x0000000080000146] -> 0x00F4
[86] [M]: 0x0000000080000144 (0x00F4E4B3) or s1, s1, a5
x9 <- 0x00000000000000FE
mem[X,0x0000000080000148] -> 0xD513
mem[X,0x000000008000014A] -> 0x0074
[87] [M]: 0x0000000080000148 (0x0074D513) srli a0, s1, 0x7
x10 <- 0x0000000000000001
mem[X,0x000000008000014C] -> 0xD793
mem[X,0x000000008000014E] -> 0x0394
[88] [M]: 0x000000008000014C (0x0394D793) srli a5, s1, 0x39
x15 <- 0x0000000000000000
mem[X,0x0000000080000150] -> 0x6533
mem[X,0x0000000080000152] -> 0x00F5
[89] [M]: 0x0000000080000150 (0x00F56533) or a0, a0, a5
x10 <- 0x0000000000000001
mem[X,0x0000000080000154] -> 0x5593
mem[X,0x0000000080000156] -> 0x0075
[90] [M]: 0x0000000080000154 (0x00755593) srli a1, a0, 0x7
x11 <- 0x0000000000000000
mem[X,0x0000000080000158] -> 0x5793
mem[X,0x000000008000015A] -> 0x0395
[91] [M]: 0x0000000080000158 (0x03955793) srli a5, a0, 0x39
x15 <- 0x0000000000000000
mem[X,0x000000008000015C] -> 0xE5B3
mem[X,0x000000008000015E] -> 0x00F5
[92] [M]: 0x000000008000015C (0x00F5E5B3) or a1, a1, a5
x11 <- 0x0000000000000000
mem[X,0x0000000080000160] -> 0xD613
mem[X,0x0000000080000162] -> 0x0075
[93] [M]: 0x0000000080000160 (0x0075D613) srli a2, a1, 0x7
x12 <- 0x0000000000000000
mem[X,0x0000000080000164] -> 0xD793
mem[X,0x0000000080000166] -> 0x0395
[94] [M]: 0x0000000080000164 (0x0395D793) srli a5, a1, 0x39
x15 <- 0x0000000000000000
mem[X,0x0000000080000168] -> 0x6633
mem[X,0x000000008000016A] -> 0x00F6
[95] [M]: 0x0000000080000168 (0x00F66633) or a2, a2, a5
x12 <- 0x0000000000000000
mem[X,0x000000008000016C] -> 0x5693
mem[X,0x000000008000016E] -> 0x0076
[96] [M]: 0x000000008000016C (0x00765693) srli a3, a2, 0x7
x13 <- 0x0000000000000000
mem[X,0x0000000080000170] -> 0x5793
mem[X,0x0000000080000172] -> 0x0396
[97] [M]: 0x0000000080000170 (0x03965793) srli a5, a2, 0x39
x15 <- 0x0000000000000000
mem[X,0x0000000080000174] -> 0xE6B3
mem[X,0x0000000080000176] -> 0x00F6
[98] [M]: 0x0000000080000174 (0x00F6E6B3) or a3, a3, a5
x13 <- 0x0000000000000000
mem[X,0x0000000080000178] -> 0x0013
mem[X,0x000000008000017A] -> 0x0000
[99] [M]: 0x0000000080000178 (0x00000013) addi zero, zero, 0x0
clint::tick mtime <- 0x0000000000000001
 clint timer pending at mtime 0x0000000000000001
htif::tick 0x0000000000000000
mem[X,0x000000008000017C] -> 0x0013
mem[X,0x000000008000017E] -> 0x0000
[100] [M]: 0x000000008000017C (0x00000013) addi zero, zero, 0x0
mem[X,0x0000000080000180] -> 0x3117
mem[X,0x0000000080000182] -> 0x0000
[101] [M]: 0x0000000080000180 (0x00003117) auipc sp, 0x3
x2 <- 0x0000000080003180
mem[X,0x0000000080000184] -> 0x0113
mem[X,0x0000000080000186] -> 0xF981
[102] [M]: 0x0000000080000184 (0xF9810113) addi sp, sp, -0x68
x2 <- 0x0000000080003118
mem[X,0x0000000080000188] -> 0x0013
mem[X,0x000000008000018A] -> 0x0000
[103] [M]: 0x0000000080000188 (0x00000013) addi zero, zero, 0x0
mem[X,0x000000008000018C] -> 0x0013
mem[X,0x000000008000018E] -> 0x0000
[104] [M]: 0x000000008000018C (0x00000013) addi zero, zero, 0x0
mem[X,0x0000000080000190] -> 0x0013
mem[X,0x0000000080000192] -> 0x0000
[105] [M]: 0x0000000080000190 (0x00000013) addi zero, zero, 0x0
mem[X,0x0000000080000194] -> 0x0013
mem[X,0x0000000080000196] -> 0x0000
[106] [M]: 0x0000000080000194 (0x00000013) addi zero, zero, 0x0
mem[X,0x0000000080000198] -> 0x0013
mem[X,0x000000008000019A] -> 0x0000
[107] [M]: 0x0000000080000198 (0x00000013) addi zero, zero, 0x0
mem[X,0x000000008000019C] -> 0x0013
mem[X,0x000000008000019E] -> 0x0000
[108] [M]: 0x000000008000019C (0x00000013) addi zero, zero, 0x0
mem[X,0x00000000800001A0] -> 0x0613
mem[X,0x00000000800001A2] -> 0x0010
[109] [M]: 0x00000000800001A0 (0x00100613) addi a2, zero, 0x1
x12 <- 0x0000000000000001
mem[X,0x00000000800001A4] -> 0x1613
mem[X,0x00000000800001A6] -> 0x0266
[110] [M]: 0x00000000800001A4 (0x02661613) slli a2, a2, 0x26
x12 <- 0x0000004000000000
mem[X,0x00000000800001A8] -> 0x763D
[111] [M]: 0x00000000800001A8 (0x763D) c.lui a2, -0x11
x12 <- 0xFFFFFFFFFFFEF000
mem[X,0x00000000800001AA] -> 0xE032
[112] [M]: 0x00000000800001AA (0xE032) c.sdsp a2, 0x0
mem[0x0000000080003118] <- 0xFFFFFFFFFFFEF000
mem[X,0x00000000800001AC] -> 0x0D93
mem[X,0x00000000800001AE] -> 0x0010
[113] [M]: 0x00000000800001AC (0x00100D93) addi s11, zero, 0x1
x27 <- 0x0000000000000001
mem[X,0x00000000800001B0] -> 0x9D93
mem[X,0x00000000800001B2] -> 0x028D
[114] [M]: 0x00000000800001B0 (0x028D9D93) slli s11, s11, 0x28
x27 <- 0x0000010000000000
mem[X,0x00000000800001B4] -> 0x6DFD
[115] [M]: 0x00000000800001B4 (0x6DFD) c.lui s11, 0x1f
x27 <- 0x000000000001F000
mem[X,0x00000000800001B6] -> 0xE46E
[116] [M]: 0x00000000800001B6 (0xE46E) c.sdsp s11, 0x1
mem[0x0000000080003120] <- 0x000000000001F000
mem[X,0x00000000800001B8] -> 0x0713
mem[X,0x00000000800001BA] -> 0xFFF0
[117] [M]: 0x00000000800001B8 (0xFFF00713) addi a4, zero, -0x1
x14 <- 0xFFFFFFFFFFFFFFFF
mem[X,0x00000000800001BC] -> 0x775D
[118] [M]: 0x00000000800001BC (0x775D) c.lui a4, -0x9
x14 <- 0xFFFFFFFFFFFF7000
mem[X,0x00000000800001BE] -> 0xE83A
[119] [M]: 0x00000000800001BE (0xE83A) c.sdsp a4, 0x2
mem[0x0000000080003128] <- 0xFFFFFFFFFFFF7000
mem[X,0x00000000800001C0] -> 0x0B93
mem[X,0x00000000800001C2] -> 0xFF80
[120] [M]: 0x00000000800001C0 (0xFF800B93) addi s7, zero, -0x8
x23 <- 0xFFFFFFFFFFFFFFF8
mem[X,0x00000000800001C4] -> 0x6BC5
[121] [M]: 0x00000000800001C4 (0x6BC5) c.lui s7, 0x11
x23 <- 0x0000000000011000
mem[X,0x00000000800001C6] -> 0xEC5E
[122] [M]: 0x00000000800001C6 (0xEC5E) c.sdsp s7, 0x3
mem[0x0000000080003130] <- 0x0000000000011000
mem[X,0x00000000800001C8] -> 0x0193
mem[X,0x00000000800001CA] -> 0x0010
[123] [M]: 0x00000000800001C8 (0x00100193) addi gp, zero, 0x1
x3 <- 0x0000000000000001
mem[X,0x00000000800001CC] -> 0x9193
mem[X,0x00000000800001CE] -> 0x01B1
[124] [M]: 0x00000000800001CC (0x01B19193) slli gp, gp, 0x1b
x3 <- 0x0000000008000000
mem[X,0x00000000800001D0] -> 0xC193
mem[X,0x00000000800001D2] -> 0xFFF1
[125] [M]: 0x00000000800001D0 (0xFFF1C193) xori gp, gp, -0x1
x3 <- 0xFFFFFFFFF7FFFFFF
mem[X,0x00000000800001D4] -> 0x6185
[126] [M]: 0x00000000800001D4 (0x6185) c.lui gp, 0x1
x3 <- 0x0000000000001000
mem[X,0x00000000800001D6] -> 0xF00E
[127] [M]: 0x00000000800001D6 (0xF00E) c.sdsp gp, 0x4
mem[0x0000000080003138] <- 0x0000000000001000
mem[X,0x00000000800001D8] -> 0x0293
mem[X,0x00000000800001DA] -> 0x0010
[128] [M]: 0x00000000800001D8 (0x00100293) addi t0, zero, 0x1
x5 <- 0x0000000000000001
mem[X,0x00000000800001DC] -> 0x9293
mem[X,0x00000000800001DE] -> 0x03C2
[129] [M]: 0x00000000800001DC (0x03C29293) slli t0, t0, 0x3c
x5 <- 0x1000000000000000
mem[X,0x00000000800001E0] -> 0x6289
[130] [M]: 0x00000000800001E0 (0x6289) c.lui t0, 0x2
x5 <- 0x0000000000002000
mem[X,0x00000000800001E2] -> 0xF416
[131] [M]: 0x00000000800001E2 (0xF416) c.sdsp t0, 0x5
mem[0x0000000080003140] <- 0x0000000000002000
mem[X,0x00000000800001E4] -> 0x0093
mem[X,0x00000000800001E6] -> 0xEFF0
[132] [M]: 0x00000000800001E4 (0xEFF00093) addi ra, zero, -0x101
x1 <- 0xFFFFFFFFFFFFFEFF
mem[X,0x00000000800001E8] -> 0x6091
[133] [M]: 0x00000000800001E8 (0x6091) c.lui ra, 0x4
x1 <- 0x0000000000004000
mem[X,0x00000000800001EA] -> 0xF806
[134] [M]: 0x00000000800001EA (0xF806) c.sdsp ra, 0x6
mem[0x0000000080003148] <- 0x0000000000004000
mem[X,0x00000000800001EC] -> 0x0893
mem[X,0x00000000800001EE] -> 0x0010
[135] [M]: 0x00000000800001EC (0x00100893) addi a7, zero, 0x1
x17 <- 0x0000000000000001
mem[X,0x00000000800001F0] -> 0x9893
mem[X,0x00000000800001F2] -> 0x01B8
[136] [M]: 0x00000000800001F0 (0x01B89893) slli a7, a7, 0x1b
x17 <- 0x0000000008000000
mem[X,0x00000000800001F4] -> 0xC893
mem[X,0x00000000800001F6] -> 0xFFF8
[137] [M]: 0x00000000800001F4 (0xFFF8C893) xori a7, a7, -0x1
x17 <- 0xFFFFFFFFF7FFFFFF
mem[X,0x00000000800001F8] -> 0x68A1
[138] [M]: 0x00000000800001F8 (0x68A1) c.lui a7, 0x8
x17 <- 0x0000000000008000
mem[X,0x00000000800001FA] -> 0xFC46
[139] [M]: 0x00000000800001FA (0xFC46) c.sdsp a7, 0x7
mem[0x0000000080003150] <- 0x0000000000008000
mem[X,0x00000000800001FC] -> 0x0C13
mem[X,0x00000000800001FE] -> 0xFFF0
[140] [M]: 0x00000000800001FC (0xFFF00C13) addi s8, zero, -0x1
x24 <- 0xFFFFFFFFFFFFFFFF
mem[X,0x0000000080000200] -> 0x5C13
mem[X,0x0000000080000202] -> 0x001C
[141] [M]: 0x0000000080000200 (0x001C5C13) srli s8, s8, 0x1
x24 <- 0x7FFFFFFFFFFFFFFF
mem[X,0x0000000080000204] -> 0x6C55
[142] [M]: 0x0000000080000204 (0x6C55) c.lui s8, 0x15
x24 <- 0x0000000000015000
mem[X,0x0000000080000206] -> 0xE0E2
[143] [M]: 0x0000000080000206 (0xE0E2) c.sdsp s8, 0x8
mem[0x0000000080003158] <- 0x0000000000015000
mem[X,0x0000000080000208] -> 0x0513
mem[X,0x000000008000020A] -> 0x0010
[144] [M]: 0x0000000080000208 (0x00100513) addi a0, zero, 0x1
x10 <- 0x0000000000000001
mem[X,0x000000008000020C] -> 0x1513
mem[X,0x000000008000020E] -> 0x00B5
[145] [M]: 0x000000008000020C (0x00B51513) slli a0, a0, 0xb
x10 <- 0x0000000000000800
mem[X,0x0000000080000210] -> 0x7529
[146] [M]: 0x0000000080000210 (0x7529) c.lui a0, -0x16
x10 <- 0xFFFFFFFFFFFEA000
mem[X,0x0000000080000212] -> 0xE4AA
[147] [M]: 0x0000000080000212 (0xE4AA) c.sdsp a0, 0x9
mem[0x0000000080003160] <- 0xFFFFFFFFFFFEA000
mem[X,0x0000000080000214] -> 0x0F13
mem[X,0x0000000080000216] -> 0x0010
[148] [M]: 0x0000000080000214 (0x00100F13) addi t5, zero, 0x1
x30 <- 0x0000000000000001
mem[X,0x0000000080000218] -> 0x1F13
mem[X,0x000000008000021A] -> 0x00CF
[149] [M]: 0x0000000080000218 (0x00CF1F13) slli t5, t5, 0xc
x30 <- 0x0000000000001000
mem[X,0x000000008000021C] -> 0x4F13
mem[X,0x000000008000021E] -> 0xFFFF
[150] [M]: 0x000000008000021C (0xFFFF4F13) xori t5, t5, -0x1
x30 <- 0xFFFFFFFFFFFFEFFF
mem[X,0x0000000080000220] -> 0x6F41
[151] [M]: 0x0000000080000220 (0x6F41) c.lui t5, 0x10
x30 <- 0x0000000000010000
mem[X,0x0000000080000222] -> 0xE8FA
[152] [M]: 0x0000000080000222 (0xE8FA) c.sdsp t5, 0xa
mem[0x0000000080003168] <- 0x0000000000010000
mem[X,0x0000000080000224] -> 0x0A93
mem[X,0x0000000080000226] -> 0x0010
[153] [M]: 0x0000000080000224 (0x00100A93) addi s5, zero, 0x1
x21 <- 0x0000000000000001
mem[X,0x0000000080000228] -> 0x9A93
mem[X,0x000000008000022A] -> 0x033A
[154] [M]: 0x0000000080000228 (0x033A9A93) slli s5, s5, 0x33
x21 <- 0x0008000000000000
mem[X,0x000000008000022C] -> 0x7A81
[155] [M]: 0x000000008000022C (0x7A81) c.lui s5, -0x20
x21 <- 0xFFFFFFFFFFFE0000
mem[X,0x000000008000022E] -> 0xECD6
[156] [M]: 0x000000008000022E (0xECD6) c.sdsp s5, 0xb
mem[0x0000000080003170] <- 0xFFFFFFFFFFFE0000
mem[X,0x0000000080000230] -> 0x0493
mem[X,0x0000000080000232] -> 0x0010
[157] [M]: 0x0000000080000230 (0x00100493) addi s1, zero, 0x1
x9 <- 0x0000000000000001
mem[X,0x0000000080000234] -> 0x9493
mem[X,0x0000000080000236] -> 0x0394
[158] [M]: 0x0000000080000234 (0x03949493) slli s1, s1, 0x39
x9 <- 0x0200000000000000
mem[X,0x0000000080000238] -> 0x74F9
[159] [M]: 0x0000000080000238 (0x74F9) c.lui s1, -0x2
x9 <- 0xFFFFFFFFFFFFE000
mem[X,0x000000008000023A] -> 0xF0A6
[160] [M]: 0x000000008000023A (0xF0A6) c.sdsp s1, 0xc
mem[0x0000000080003178] <- 0xFFFFFFFFFFFFE000
mem[X,0x000000008000023C] -> 0x0813
mem[X,0x000000008000023E] -> 0x0010
[161] [M]: 0x000000008000023C (0x00100813) addi a6, zero, 0x1
x16 <- 0x0000000000000001
mem[X,0x0000000080000240] -> 0x1813
mem[X,0x0000000080000242] -> 0x01A8
[162] [M]: 0x0000000080000240 (0x01A81813) slli a6, a6, 0x1a
x16 <- 0x0000000004000000
mem[X,0x0000000080000244] -> 0x4813
mem[X,0x0000000080000246] -> 0xFFF8
[163] [M]: 0x0000000080000244 (0xFFF84813) xori a6, a6, -0x1
x16 <- 0xFFFFFFFFFBFFFFFF
mem[X,0x0000000080000248] -> 0x7875
[164] [M]: 0x0000000080000248 (0x7875) c.lui a6, -0x3
x16 <- 0xFFFFFFFFFFFFD000
mem[X,0x000000008000024A] -> 0xF4C2
[165] [M]: 0x000000008000024A (0xF4C2) c.sdsp a6, 0xd
mem[0x0000000080003180] <- 0xFFFFFFFFFFFFD000
mem[X,0x000000008000024C] -> 0x0993
mem[X,0x000000008000024E] -> 0x0010
[166] [M]: 0x000000008000024C (0x00100993) addi s3, zero, 0x1
x19 <- 0x0000000000000001
mem[X,0x0000000080000250] -> 0x9993
mem[X,0x0000000080000252] -> 0x0319
[167] [M]: 0x0000000080000250 (0x03199993) slli s3, s3, 0x31
x19 <- 0x0002000000000000
mem[X,0x0000000080000254] -> 0x79ED
[168] [M]: 0x0000000080000254 (0x79ED) c.lui s3, -0x5
x19 <- 0xFFFFFFFFFFFFB000
mem[X,0x0000000080000256] -> 0xF8CE
[169] [M]: 0x0000000080000256 (0xF8CE) c.sdsp s3, 0xe
mem[0x0000000080003188] <- 0xFFFFFFFFFFFFB000
mem[X,0x0000000080000258] -> 0x0913
mem[X,0x000000008000025A] -> 0x0000
[170] [M]: 0x0000000080000258 (0x00000913) addi s2, zero, 0x0
x18 <- 0x0000000000000000
mem[X,0x000000008000025C] -> 0x6905
[171] [M]: 0x000000008000025C (0x6905) c.lui s2, 0x1
x18 <- 0x0000000000001000
mem[X,0x000000008000025E] -> 0xFCCA
[172] [M]: 0x000000008000025E (0xFCCA) c.sdsp s2, 0xf
mem[0x0000000080003190] <- 0x0000000000001000
mem[X,0x0000000080000260] -> 0x0693
mem[X,0x0000000080000262] -> 0x0000
[173] [M]: 0x0000000080000260 (0x00000693) addi a3, zero, 0x0
x13 <- 0x0000000000000000
mem[X,0x0000000080000264] -> 0x6685
[174] [M]: 0x0000000080000264 (0x6685) c.lui a3, 0x1
x13 <- 0x0000000000001000
mem[X,0x0000000080000266] -> 0xE136
[175] [M]: 0x0000000080000266 (0xE136) c.sdsp a3, 0x10
mem[0x0000000080003198] <- 0x0000000000001000
mem[X,0x0000000080000268] -> 0x0F93
mem[X,0x000000008000026A] -> 0x0000
[176] [M]: 0x0000000080000268 (0x00000F93) addi t6, zero, 0x0
x31 <- 0x0000000000000000
mem[X,0x000000008000026C] -> 0x6F85
[177] [M]: 0x000000008000026C (0x6F85) c.lui t6, 0x1
x31 <- 0x0000000000001000
mem[X,0x000000008000026E] -> 0xE57E
[178] [M]: 0x000000008000026E (0xE57E) c.sdsp t6, 0x11
mem[0x00000000800031A0] <- 0x0000000000001000
mem[X,0x0000000080000270] -> 0x0013
mem[X,0x0000000080000272] -> 0x0000
[179] [M]: 0x0000000080000270 (0x00000013) addi zero, zero, 0x0
mem[X,0x0000000080000274] -> 0x6005
[180] [M]: 0x0000000080000274 (0x6005) c.lui.hint.0x1
mem[X,0x0000000080000276] -> 0xE902
[181] [M]: 0x0000000080000276 (0xE902) c.sdsp zero, 0x12
mem[0x00000000800031A8] <- 0x0000000000000000
mem[X,0x0000000080000278] -> 0x0413
mem[X,0x000000008000027A] -> 0x0000
[182] [M]: 0x0000000080000278 (0x00000413) addi fp, zero, 0x0
x8 <- 0x0000000000000000
mem[X,0x000000008000027C] -> 0x6405
[183] [M]: 0x000000008000027C (0x6405) c.lui fp, 0x1
x8 <- 0x0000000000001000
mem[X,0x000000008000027E] -> 0xED22
[184] [M]: 0x000000008000027E (0xED22) c.sdsp fp, 0x13
mem[0x00000000800031B0] <- 0x0000000000001000
mem[X,0x0000000080000280] -> 0x0C93
mem[X,0x0000000080000282] -> 0x0000
[185] [M]: 0x0000000080000280 (0x00000C93) addi s9, zero, 0x0
x25 <- 0x0000000000000000
mem[X,0x0000000080000284] -> 0x6C85
[186] [M]: 0x0000000080000284 (0x6C85) c.lui s9, 0x1
x25 <- 0x0000000000001000
mem[X,0x0000000080000286] -> 0xF166
[187] [M]: 0x0000000080000286 (0xF166) c.sdsp s9, 0x14
mem[0x00000000800031B8] <- 0x0000000000001000
mem[X,0x0000000080000288] -> 0x0D13
mem[X,0x000000008000028A] -> 0x0000
[188] [M]: 0x0000000080000288 (0x00000D13) addi s10, zero, 0x0
x26 <- 0x0000000000000000
mem[X,0x000000008000028C] -> 0x6D05
[189] [M]: 0x000000008000028C (0x6D05) c.lui s10, 0x1
x26 <- 0x0000000000001000
mem[X,0x000000008000028E] -> 0xF56A
[190] [M]: 0x000000008000028E (0xF56A) c.sdsp s10, 0x15
mem[0x00000000800031C0] <- 0x0000000000001000
mem[X,0x0000000080000290] -> 0x0393
mem[X,0x0000000080000292] -> 0x0000
[191] [M]: 0x0000000080000290 (0x00000393) addi t2, zero, 0x0
x7 <- 0x0000000000000000
mem[X,0x0000000080000294] -> 0x6385
[192] [M]: 0x0000000080000294 (0x6385) c.lui t2, 0x1
x7 <- 0x0000000000001000
mem[X,0x0000000080000296] -> 0xF91E
[193] [M]: 0x0000000080000296 (0xF91E) c.sdsp t2, 0x16
mem[0x00000000800031C8] <- 0x0000000000001000
mem[X,0x0000000080000298] -> 0x0593
mem[X,0x000000008000029A] -> 0x0000
[194] [M]: 0x0000000080000298 (0x00000593) addi a1, zero, 0x0
x11 <- 0x0000000000000000
mem[X,0x000000008000029C] -> 0x6585
[195] [M]: 0x000000008000029C (0x6585) c.lui a1, 0x1
x11 <- 0x0000000000001000
mem[X,0x000000008000029E] -> 0xFD2E
[196] [M]: 0x000000008000029E (0xFD2E) c.sdsp a1, 0x17
mem[0x00000000800031D0] <- 0x0000000000001000
mem[X,0x00000000800002A0] -> 0x0313
mem[X,0x00000000800002A2] -> 0x0000
[197] [M]: 0x00000000800002A0 (0x00000313) addi t1, zero, 0x0
x6 <- 0x0000000000000000
mem[X,0x00000000800002A4] -> 0x6305
[198] [M]: 0x00000000800002A4 (0x6305) c.lui t1, 0x1
x6 <- 0x0000000000001000
mem[X,0x00000000800002A6] -> 0xE19A
[199] [M]: 0x00000000800002A6 (0xE19A) c.sdsp t1, 0x18
mem[0x00000000800031D8] <- 0x0000000000001000
clint::tick mtime <- 0x0000000000000002
 clint timer pending at mtime 0x0000000000000002
htif::tick 0x0000000000000000
mem[X,0x00000000800002A8] -> 0x0213
mem[X,0x00000000800002AA] -> 0x0000
[200] [M]: 0x00000000800002A8 (0x00000213) addi tp, zero, 0x0
x4 <- 0x0000000000000000
mem[X,0x00000000800002AC] -> 0x6205
[201] [M]: 0x00000000800002AC (0x6205) c.lui tp, 0x1
x4 <- 0x0000000000001000
mem[X,0x00000000800002AE] -> 0xE592
[202] [M]: 0x00000000800002AE (0xE592) c.sdsp tp, 0x19
mem[0x00000000800031E0] <- 0x0000000000001000
mem[X,0x00000000800002B0] -> 0x0A13
mem[X,0x00000000800002B2] -> 0x0000
[203] [M]: 0x00000000800002B0 (0x00000A13) addi s4, zero, 0x0
x20 <- 0x0000000000000000
mem[X,0x00000000800002B4] -> 0x6A05
[204] [M]: 0x00000000800002B4 (0x6A05) c.lui s4, 0x1
x20 <- 0x0000000000001000
mem[X,0x00000000800002B6] -> 0xE9D2
[205] [M]: 0x00000000800002B6 (0xE9D2) c.sdsp s4, 0x1a
mem[0x00000000800031E8] <- 0x0000000000001000
mem[X,0x00000000800002B8] -> 0x0B13
mem[X,0x00000000800002BA] -> 0x0000
[206] [M]: 0x00000000800002B8 (0x00000B13) addi s6, zero, 0x0
x22 <- 0x0000000000000000
mem[X,0x00000000800002BC] -> 0x6B05
[207] [M]: 0x00000000800002BC (0x6B05) c.lui s6, 0x1
x22 <- 0x0000000000001000
mem[X,0x00000000800002BE] -> 0xEDDA
[208] [M]: 0x00000000800002BE (0xEDDA) c.sdsp s6, 0x1b
mem[0x00000000800031F0] <- 0x0000000000001000
mem[X,0x00000000800002C0] -> 0x0E93
mem[X,0x00000000800002C2] -> 0x0000
[209] [M]: 0x00000000800002C0 (0x00000E93) addi t4, zero, 0x0
x29 <- 0x0000000000000000
mem[X,0x00000000800002C4] -> 0x6E85
[210] [M]: 0x00000000800002C4 (0x6E85) c.lui t4, 0x1
x29 <- 0x0000000000001000
mem[X,0x00000000800002C6] -> 0xF1F6
[211] [M]: 0x00000000800002C6 (0xF1F6) c.sdsp t4, 0x1c
mem[0x00000000800031F8] <- 0x0000000000001000
mem[X,0x00000000800002C8] -> 0x0013
mem[X,0x00000000800002CA] -> 0x0000
[212] [M]: 0x00000000800002C8 (0x00000013) addi zero, zero, 0x0
mem[X,0x00000000800002CC] -> 0x0013
mem[X,0x00000000800002CE] -> 0x0000
[213] [M]: 0x00000000800002CC (0x00000013) addi zero, zero, 0x0
mem[X,0x00000000800002D0] -> 0x0013
mem[X,0x00000000800002D2] -> 0x0000
[214] [M]: 0x00000000800002D0 (0x00000013) addi zero, zero, 0x0
mem[X,0x00000000800002D4] -> 0x0013
mem[X,0x00000000800002D6] -> 0x0000
[215] [M]: 0x00000000800002D4 (0x00000013) addi zero, zero, 0x0
mem[X,0x00000000800002D8] -> 0x0013
mem[X,0x00000000800002DA] -> 0x0000
[216] [M]: 0x00000000800002D8 (0x00000013) addi zero, zero, 0x0
mem[X,0x00000000800002DC] -> 0x0013
mem[X,0x00000000800002DE] -> 0x0000
[217] [M]: 0x00000000800002DC (0x00000013) addi zero, zero, 0x0
mem[X,0x00000000800002E0] -> 0x3097
mem[X,0x00000000800002E2] -> 0x0000
[218] [M]: 0x00000000800002E0 (0x00003097) auipc ra, 0x3
x1 <- 0x00000000800032E0
mem[X,0x00000000800002E4] -> 0x8093
mem[X,0x00000000800002E6] -> 0xF200
[219] [M]: 0x00000000800002E4 (0xF2008093) addi ra, ra, -0xe0
x1 <- 0x0000000080003200
mem[X,0x00000000800002E8] -> 0x0013
mem[X,0x00000000800002EA] -> 0x0000
[220] [M]: 0x00000000800002E8 (0x00000013) addi zero, zero, 0x0
mem[X,0x00000000800002EC] -> 0x0013
mem[X,0x00000000800002EE] -> 0x0000
[221] [M]: 0x00000000800002EC (0x00000013) addi zero, zero, 0x0
mem[X,0x00000000800002F0] -> 0x0013
mem[X,0x00000000800002F2] -> 0x0000
[222] [M]: 0x00000000800002F0 (0x00000013) addi zero, zero, 0x0
mem[X,0x00000000800002F4] -> 0x0013
mem[X,0x00000000800002F6] -> 0x0000
[223] [M]: 0x00000000800002F4 (0x00000013) addi zero, zero, 0x0
mem[X,0x00000000800002F8] -> 0x0013
mem[X,0x00000000800002FA] -> 0x0000
[224] [M]: 0x00000000800002F8 (0x00000013) addi zero, zero, 0x0
mem[X,0x00000000800002FC] -> 0x0013
mem[X,0x00000000800002FE] -> 0x0000
[225] [M]: 0x00000000800002FC (0x00000013) addi zero, zero, 0x0
mem[X,0x0000000080000300] -> 0x0793
mem[X,0x0000000080000302] -> 0x0000
[226] [M]: 0x0000000080000300 (0x00000793) addi a5, zero, 0x0
x15 <- 0x0000000000000000
mem[X,0x0000000080000304] -> 0x6785
[227] [M]: 0x0000000080000304 (0x6785) c.lui a5, 0x1
x15 <- 0x0000000000001000
mem[X,0x0000000080000306] -> 0xB023
mem[X,0x0000000080000308] -> 0x00F0
[228] [M]: 0x0000000080000306 (0x00F0B023) sd a5, 0x0(ra)
mem[0x0000000080003200] <- 0x0000000000001000
mem[X,0x000000008000030A] -> 0x0E13
mem[X,0x000000008000030C] -> 0x0000
[229] [M]: 0x000000008000030A (0x00000E13) addi t3, zero, 0x0
x28 <- 0x0000000000000000
mem[X,0x000000008000030E] -> 0x6E05
[230] [M]: 0x000000008000030E (0x6E05) c.lui t3, 0x1
x28 <- 0x0000000000001000
mem[X,0x0000000080000310] -> 0xB423
mem[X,0x0000000080000312] -> 0x01C0
[231] [M]: 0x0000000080000310 (0x01C0B423) sd t3, 0x8(ra)
mem[0x0000000080003208] <- 0x0000000000001000
mem[X,0x0000000080000314] -> 0x006F
mem[X,0x0000000080000316] -> 0x0380
[232] [M]: 0x0000000080000314 (0x0380006F) jal zero, 0x38
mem[X,0x000000008000034C] -> 0x4085
[233] [M]: 0x000000008000034C (0x4085) c.li ra, 0x1
x1 <- 0x0000000000000001
mem[X,0x000000008000034E] -> 0x1F17
mem[X,0x0000000080000350] -> 0x0000
[234] [M]: 0x000000008000034E (0x00001F17) auipc t5, 0x1
x30 <- 0x000000008000134E
mem[X,0x0000000080000352] -> 0x2923
mem[X,0x0000000080000354] -> 0xCA1F
[235] [M]: 0x0000000080000352 (0xCA1F2923) sw ra, -0x34e(t5)
htif[0x0000000080001000] <- 0x00000001
mem[X,0x0000000080000356] -> 0xBFE5
[236] [M]: 0x0000000080000356 (0xBFE5) c.j -0x4
mem[X,0x000000008000034E] -> 0x1F17
mem[X,0x0000000080000350] -> 0x0000
[237] [M]: 0x000000008000034E (0x00001F17) auipc t5, 0x1
x30 <- 0x000000008000134E
mem[X,0x0000000080000352] -> 0x2923
mem[X,0x0000000080000354] -> 0xCA1F
[238] [M]: 0x0000000080000352 (0xCA1F2923) sw ra, -0x34e(t5)
htif[0x0000000080001000] <- 0x00000001
mem[X,0x0000000080000356] -> 0xBFE5
[239] [M]: 0x0000000080000356 (0xBFE5) c.j -0x4
mem[X,0x000000008000034E] -> 0x1F17
mem[X,0x0000000080000350] -> 0x0000
[240] [M]: 0x000000008000034E (0x00001F17) auipc t5, 0x1
x30 <- 0x000000008000134E
mem[X,0x0000000080000352] -> 0x2923
mem[X,0x0000000080000354] -> 0xCA1F
[241] [M]: 0x0000000080000352 (0xCA1F2923) sw ra, -0x34e(t5)
htif[0x0000000080001000] <- 0x00000001
htif-syscall-proxy cmd: 0x000000000001
SUCCESS
