using /home/mamir/tempo/riscof/riscof_work/rv64i_m/C/src/cj-01.S/ref/Reference-sail_c_simulator.signature for test-signature output.
tohost located at 0x80002000
Running file ref.elf.
ELF Entry @ 0x80000000
begin_signature: 0x80004110
end_signature: 0x800041b0
CSR mstatus <- 0x0000000A00000000 (input: 0x0000000000000000)
mem[X,0x0000000000001000] -> 0x0297
mem[X,0x0000000000001002] -> 0x0000
[0] [M]: 0x0000000000001000 (0x00000297) auipc t0, 0x0
x5 <- 0x0000000000001000
mem[X,0x0000000000001004] -> 0x8593
mem[X,0x0000000000001006] -> 0x0202
[1] [M]: 0x0000000000001004 (0x02028593) addi a1, t0, 0x20
x11 <- 0x0000000000001020
mem[X,0x0000000000001008] -> 0x2573
mem[X,0x000000000000100A] -> 0xF140
[2] [M]: 0x0000000000001008 (0xF1402573) csrrs a0, mhartid, zero
CSR mhartid -> 0x0000000000000000
x10 <- 0x0000000000000000
mem[X,0x000000000000100C] -> 0xB283
mem[X,0x000000000000100E] -> 0x0182
[3] [M]: 0x000000000000100C (0x0182B283) ld t0, 0x18(t0)
mem[R,0x0000000000001018] -> 0x0000000080000000
x5 <- 0x0000000080000000
mem[X,0x0000000000001010] -> 0x8067
mem[X,0x0000000000001012] -> 0x0002
[4] [M]: 0x0000000000001010 (0x00028067) jalr zero, 0x0(t0)
mem[X,0x0000000080000000] -> 0x0837
mem[X,0x0000000080000002] -> 0x7D5C
[5] [M]: 0x0000000080000000 (0x7D5C0837) lui a6, 0x7d5c0
x16 <- 0x000000007D5C0000
mem[X,0x0000000080000004] -> 0x0813
mem[X,0x0000000080000006] -> 0xDDB8
[6] [M]: 0x0000000080000004 (0xDDB80813) addi a6, a6, -0x225
x16 <- 0x000000007D5BFDDB
mem[X,0x0000000080000008] -> 0x1813
mem[X,0x000000008000000A] -> 0x00B8
[7] [M]: 0x0000000080000008 (0x00B81813) slli a6, a6, 0xb
x16 <- 0x000003EADFEED800
mem[X,0x000000008000000C] -> 0x0813
mem[X,0x000000008000000E] -> 0x3EA8
[8] [M]: 0x000000008000000C (0x3EA80813) addi a6, a6, 0x3ea
x16 <- 0x000003EADFEEDBEA
mem[X,0x0000000080000010] -> 0x1813
mem[X,0x0000000080000012] -> 0x00B8
[9] [M]: 0x0000000080000010 (0x00B81813) slli a6, a6, 0xb
x16 <- 0x001F56FF76DF5000
mem[X,0x0000000080000014] -> 0x0813
mem[X,0x0000000080000016] -> 0x6FF8
[10] [M]: 0x0000000080000014 (0x6FF80813) addi a6, a6, 0x6ff
x16 <- 0x001F56FF76DF56FF
mem[X,0x0000000080000018] -> 0x1813
mem[X,0x000000008000001A] -> 0x00A8
[11] [M]: 0x0000000080000018 (0x00A81813) slli a6, a6, 0xa
x16 <- 0x7D5BFDDB7D5BFC00
mem[X,0x000000008000001C] -> 0x0813
mem[X,0x000000008000001E] -> 0x1DB8
[12] [M]: 0x000000008000001C (0x1DB80813) addi a6, a6, 0x1db
x16 <- 0x7D5BFDDB7D5BFDDB
mem[X,0x0000000080000020] -> 0x5893
mem[X,0x0000000080000022] -> 0x0078
[13] [M]: 0x0000000080000020 (0x00785893) srli a7, a6, 0x7
x17 <- 0x00FAB7FBB6FAB7FB
mem[X,0x0000000080000024] -> 0x5793
mem[X,0x0000000080000026] -> 0x0398
[14] [M]: 0x0000000080000024 (0x03985793) srli a5, a6, 0x39
x15 <- 0x000000000000003E
mem[X,0x0000000080000028] -> 0xE8B3
mem[X,0x000000008000002A] -> 0x00F8
[15] [M]: 0x0000000080000028 (0x00F8E8B3) or a7, a7, a5
x17 <- 0x00FAB7FBB6FAB7FF
mem[X,0x000000008000002C] -> 0xD913
mem[X,0x000000008000002E] -> 0x0078
[16] [M]: 0x000000008000002C (0x0078D913) srli s2, a7, 0x7
x18 <- 0x0001F56FF76DF56F
mem[X,0x0000000080000030] -> 0xD793
mem[X,0x0000000080000032] -> 0x0398
[17] [M]: 0x0000000080000030 (0x0398D793) srli a5, a7, 0x39
x15 <- 0x0000000000000000
mem[X,0x0000000080000034] -> 0x6933
mem[X,0x0000000080000036] -> 0x00F9
[18] [M]: 0x0000000080000034 (0x00F96933) or s2, s2, a5
x18 <- 0x0001F56FF76DF56F
mem[X,0x0000000080000038] -> 0x5993
mem[X,0x000000008000003A] -> 0x0079
[19] [M]: 0x0000000080000038 (0x00795993) srli s3, s2, 0x7
x19 <- 0x000003EADFEEDBEA
mem[X,0x000000008000003C] -> 0x5793
mem[X,0x000000008000003E] -> 0x0399
[20] [M]: 0x000000008000003C (0x03995793) srli a5, s2, 0x39
x15 <- 0x0000000000000000
mem[X,0x0000000080000040] -> 0xE9B3
mem[X,0x0000000080000042] -> 0x00F9
[21] [M]: 0x0000000080000040 (0x00F9E9B3) or s3, s3, a5
x19 <- 0x000003EADFEEDBEA
mem[X,0x0000000080000044] -> 0xDA13
mem[X,0x0000000080000046] -> 0x0079
[22] [M]: 0x0000000080000044 (0x0079DA13) srli s4, s3, 0x7
x20 <- 0x00000007D5BFDDB7
mem[X,0x0000000080000048] -> 0xD793
mem[X,0x000000008000004A] -> 0x0399
[23] [M]: 0x0000000080000048 (0x0399D793) srli a5, s3, 0x39
x15 <- 0x0000000000000000
mem[X,0x000000008000004C] -> 0x6A33
mem[X,0x000000008000004E] -> 0x00FA
[24] [M]: 0x000000008000004C (0x00FA6A33) or s4, s4, a5
x20 <- 0x00000007D5BFDDB7
mem[X,0x0000000080000050] -> 0x5A93
mem[X,0x0000000080000052] -> 0x007A
[25] [M]: 0x0000000080000050 (0x007A5A93) srli s5, s4, 0x7
x21 <- 0x000000000FAB7FBB
mem[X,0x0000000080000054] -> 0x5793
mem[X,0x0000000080000056] -> 0x039A
[26] [M]: 0x0000000080000054 (0x039A5793) srli a5, s4, 0x39
x15 <- 0x0000000000000000
mem[X,0x0000000080000058] -> 0xEAB3
mem[X,0x000000008000005A] -> 0x00FA
[27] [M]: 0x0000000080000058 (0x00FAEAB3) or s5, s5, a5
x21 <- 0x000000000FAB7FBB
mem[X,0x000000008000005C] -> 0xDB13
mem[X,0x000000008000005E] -> 0x007A
[28] [M]: 0x000000008000005C (0x007ADB13) srli s6, s5, 0x7
x22 <- 0x00000000001F56FF
mem[X,0x0000000080000060] -> 0xD793
mem[X,0x0000000080000062] -> 0x039A
[29] [M]: 0x0000000080000060 (0x039AD793) srli a5, s5, 0x39
x15 <- 0x0000000000000000
mem[X,0x0000000080000064] -> 0x6B33
mem[X,0x0000000080000066] -> 0x00FB
[30] [M]: 0x0000000080000064 (0x00FB6B33) or s6, s6, a5
x22 <- 0x00000000001F56FF
mem[X,0x0000000080000068] -> 0x5B93
mem[X,0x000000008000006A] -> 0x007B
[31] [M]: 0x0000000080000068 (0x007B5B93) srli s7, s6, 0x7
x23 <- 0x0000000000003EAD
mem[X,0x000000008000006C] -> 0x5793
mem[X,0x000000008000006E] -> 0x039B
[32] [M]: 0x000000008000006C (0x039B5793) srli a5, s6, 0x39
x15 <- 0x0000000000000000
mem[X,0x0000000080000070] -> 0xEBB3
mem[X,0x0000000080000072] -> 0x00FB
[33] [M]: 0x0000000080000070 (0x00FBEBB3) or s7, s7, a5
x23 <- 0x0000000000003EAD
mem[X,0x0000000080000074] -> 0xDC13
mem[X,0x0000000080000076] -> 0x007B
[34] [M]: 0x0000000080000074 (0x007BDC13) srli s8, s7, 0x7
x24 <- 0x000000000000007D
mem[X,0x0000000080000078] -> 0xD793
mem[X,0x000000008000007A] -> 0x039B
[35] [M]: 0x0000000080000078 (0x039BD793) srli a5, s7, 0x39
x15 <- 0x0000000000000000
mem[X,0x000000008000007C] -> 0x6C33
mem[X,0x000000008000007E] -> 0x00FC
[36] [M]: 0x000000008000007C (0x00FC6C33) or s8, s8, a5
x24 <- 0x000000000000007D
mem[X,0x0000000080000080] -> 0x5C93
mem[X,0x0000000080000082] -> 0x007C
[37] [M]: 0x0000000080000080 (0x007C5C93) srli s9, s8, 0x7
x25 <- 0x0000000000000000
mem[X,0x0000000080000084] -> 0x5793
mem[X,0x0000000080000086] -> 0x039C
[38] [M]: 0x0000000080000084 (0x039C5793) srli a5, s8, 0x39
x15 <- 0x0000000000000000
mem[X,0x0000000080000088] -> 0xECB3
mem[X,0x000000008000008A] -> 0x00FC
[39] [M]: 0x0000000080000088 (0x00FCECB3) or s9, s9, a5
x25 <- 0x0000000000000000
mem[X,0x000000008000008C] -> 0xDD13
mem[X,0x000000008000008E] -> 0x007C
[40] [M]: 0x000000008000008C (0x007CDD13) srli s10, s9, 0x7
x26 <- 0x0000000000000000
mem[X,0x0000000080000090] -> 0xD793
mem[X,0x0000000080000092] -> 0x039C
[41] [M]: 0x0000000080000090 (0x039CD793) srli a5, s9, 0x39
x15 <- 0x0000000000000000
mem[X,0x0000000080000094] -> 0x6D33
mem[X,0x0000000080000096] -> 0x00FD
[42] [M]: 0x0000000080000094 (0x00FD6D33) or s10, s10, a5
x26 <- 0x0000000000000000
mem[X,0x0000000080000098] -> 0x5D93
mem[X,0x000000008000009A] -> 0x007D
[43] [M]: 0x0000000080000098 (0x007D5D93) srli s11, s10, 0x7
x27 <- 0x0000000000000000
mem[X,0x000000008000009C] -> 0x5793
mem[X,0x000000008000009E] -> 0x039D
[44] [M]: 0x000000008000009C (0x039D5793) srli a5, s10, 0x39
x15 <- 0x0000000000000000
mem[X,0x00000000800000A0] -> 0xEDB3
mem[X,0x00000000800000A2] -> 0x00FD
[45] [M]: 0x00000000800000A0 (0x00FDEDB3) or s11, s11, a5
x27 <- 0x0000000000000000
mem[X,0x00000000800000A4] -> 0xDE13
mem[X,0x00000000800000A6] -> 0x007D
[46] [M]: 0x00000000800000A4 (0x007DDE13) srli t3, s11, 0x7
x28 <- 0x0000000000000000
mem[X,0x00000000800000A8] -> 0xD793
mem[X,0x00000000800000AA] -> 0x039D
[47] [M]: 0x00000000800000A8 (0x039DD793) srli a5, s11, 0x39
x15 <- 0x0000000000000000
mem[X,0x00000000800000AC] -> 0x6E33
mem[X,0x00000000800000AE] -> 0x00FE
[48] [M]: 0x00000000800000AC (0x00FE6E33) or t3, t3, a5
x28 <- 0x0000000000000000
mem[X,0x00000000800000B0] -> 0x5E93
mem[X,0x00000000800000B2] -> 0x007E
[49] [M]: 0x00000000800000B0 (0x007E5E93) srli t4, t3, 0x7
x29 <- 0x0000000000000000
mem[X,0x00000000800000B4] -> 0x5793
mem[X,0x00000000800000B6] -> 0x039E
[50] [M]: 0x00000000800000B4 (0x039E5793) srli a5, t3, 0x39
x15 <- 0x0000000000000000
mem[X,0x00000000800000B8] -> 0xEEB3
mem[X,0x00000000800000BA] -> 0x00FE
[51] [M]: 0x00000000800000B8 (0x00FEEEB3) or t4, t4, a5
x29 <- 0x0000000000000000
mem[X,0x00000000800000BC] -> 0xDF13
mem[X,0x00000000800000BE] -> 0x007E
[52] [M]: 0x00000000800000BC (0x007EDF13) srli t5, t4, 0x7
x30 <- 0x0000000000000000
mem[X,0x00000000800000C0] -> 0xD793
mem[X,0x00000000800000C2] -> 0x039E
[53] [M]: 0x00000000800000C0 (0x039ED793) srli a5, t4, 0x39
x15 <- 0x0000000000000000
mem[X,0x00000000800000C4] -> 0x6F33
mem[X,0x00000000800000C6] -> 0x00FF
[54] [M]: 0x00000000800000C4 (0x00FF6F33) or t5, t5, a5
x30 <- 0x0000000000000000
mem[X,0x00000000800000C8] -> 0xC0B7
mem[X,0x00000000800000CA] -> 0xFEED
[55] [M]: 0x00000000800000C8 (0xFEEDC0B7) lui ra, -0x1124
x1 <- 0xFFFFFFFFFEEDC000
mem[X,0x00000000800000CC] -> 0x8093
mem[X,0x00000000800000CE] -> 0xEAD0
[56] [M]: 0x00000000800000CC (0xEAD08093) addi ra, ra, -0x153
x1 <- 0xFFFFFFFFFEEDBEAD
mem[X,0x00000000800000D0] -> 0x9093
mem[X,0x00000000800000D2] -> 0x00B0
[57] [M]: 0x00000000800000D0 (0x00B09093) slli ra, ra, 0xb
x1 <- 0xFFFFFFF76DF56800
mem[X,0x00000000800000D4] -> 0x8093
mem[X,0x00000000800000D6] -> 0x7F70
[58] [M]: 0x00000000800000D4 (0x7F708093) addi ra, ra, 0x7f7
x1 <- 0xFFFFFFF76DF56FF7
mem[X,0x00000000800000D8] -> 0x9093
mem[X,0x00000000800000DA] -> 0x00B0
[59] [M]: 0x00000000800000D8 (0x00B09093) slli ra, ra, 0xb
x1 <- 0xFFFFBB6FAB7FB800
mem[X,0x00000000800000DC] -> 0x8093
mem[X,0x00000000800000DE] -> 0x36F0
[60] [M]: 0x00000000800000DC (0x36F08093) addi ra, ra, 0x36f
x1 <- 0xFFFFBB6FAB7FBB6F
mem[X,0x00000000800000E0] -> 0x9093
mem[X,0x00000000800000E2] -> 0x00A0
[61] [M]: 0x00000000800000E0 (0x00A09093) slli ra, ra, 0xa
x1 <- 0xFEEDBEADFEEDBC00
mem[X,0x00000000800000E4] -> 0x8093
mem[X,0x00000000800000E6] -> 0x2AD0
[62] [M]: 0x00000000800000E4 (0x2AD08093) addi ra, ra, 0x2ad
x1 <- 0xFEEDBEADFEEDBEAD
mem[X,0x00000000800000E8] -> 0xD113
mem[X,0x00000000800000EA] -> 0x0070
[63] [M]: 0x00000000800000E8 (0x0070D113) srli sp, ra, 0x7
x2 <- 0x01FDDB7D5BFDDB7D
mem[X,0x00000000800000EC] -> 0xD793
mem[X,0x00000000800000EE] -> 0x0390
[64] [M]: 0x00000000800000EC (0x0390D793) srli a5, ra, 0x39
x15 <- 0x000000000000007F
mem[X,0x00000000800000F0] -> 0x6133
mem[X,0x00000000800000F2] -> 0x00F1
[65] [M]: 0x00000000800000F0 (0x00F16133) or sp, sp, a5
x2 <- 0x01FDDB7D5BFDDB7F
mem[X,0x00000000800000F4] -> 0x5193
mem[X,0x00000000800000F6] -> 0x0071
[66] [M]: 0x00000000800000F4 (0x00715193) srli gp, sp, 0x7
x3 <- 0x0003FBB6FAB7FBB6
mem[X,0x00000000800000F8] -> 0x5793
mem[X,0x00000000800000FA] -> 0x0391
[67] [M]: 0x00000000800000F8 (0x03915793) srli a5, sp, 0x39
x15 <- 0x0000000000000000
mem[X,0x00000000800000FC] -> 0xE1B3
mem[X,0x00000000800000FE] -> 0x00F1
[68] [M]: 0x00000000800000FC (0x00F1E1B3) or gp, gp, a5
x3 <- 0x0003FBB6FAB7FBB6
mem[X,0x0000000080000100] -> 0xD213
mem[X,0x0000000080000102] -> 0x0071
[69] [M]: 0x0000000080000100 (0x0071D213) srli tp, gp, 0x7
x4 <- 0x000007F76DF56FF7
mem[X,0x0000000080000104] -> 0xD793
mem[X,0x0000000080000106] -> 0x0391
[70] [M]: 0x0000000080000104 (0x0391D793) srli a5, gp, 0x39
x15 <- 0x0000000000000000
mem[X,0x0000000080000108] -> 0x6233
mem[X,0x000000008000010A] -> 0x00F2
[71] [M]: 0x0000000080000108 (0x00F26233) or tp, tp, a5
x4 <- 0x000007F76DF56FF7
mem[X,0x000000008000010C] -> 0x5293
mem[X,0x000000008000010E] -> 0x0072
[72] [M]: 0x000000008000010C (0x00725293) srli t0, tp, 0x7
x5 <- 0x0000000FEEDBEADF
mem[X,0x0000000080000110] -> 0x5793
mem[X,0x0000000080000112] -> 0x0392
[73] [M]: 0x0000000080000110 (0x03925793) srli a5, tp, 0x39
x15 <- 0x0000000000000000
mem[X,0x0000000080000114] -> 0xE2B3
mem[X,0x0000000080000116] -> 0x00F2
[74] [M]: 0x0000000080000114 (0x00F2E2B3) or t0, t0, a5
x5 <- 0x0000000FEEDBEADF
mem[X,0x0000000080000118] -> 0xD313
mem[X,0x000000008000011A] -> 0x0072
[75] [M]: 0x0000000080000118 (0x0072D313) srli t1, t0, 0x7
x6 <- 0x000000001FDDB7D5
mem[X,0x000000008000011C] -> 0xD793
mem[X,0x000000008000011E] -> 0x0392
[76] [M]: 0x000000008000011C (0x0392D793) srli a5, t0, 0x39
x15 <- 0x0000000000000000
mem[X,0x0000000080000120] -> 0x6333
mem[X,0x0000000080000122] -> 0x00F3
[77] [M]: 0x0000000080000120 (0x00F36333) or t1, t1, a5
x6 <- 0x000000001FDDB7D5
mem[X,0x0000000080000124] -> 0x5393
mem[X,0x0000000080000126] -> 0x0073
[78] [M]: 0x0000000080000124 (0x00735393) srli t2, t1, 0x7
x7 <- 0x00000000003FBB6F
mem[X,0x0000000080000128] -> 0x5793
mem[X,0x000000008000012A] -> 0x0393
[79] [M]: 0x0000000080000128 (0x03935793) srli a5, t1, 0x39
x15 <- 0x0000000000000000
mem[X,0x000000008000012C] -> 0xE3B3
mem[X,0x000000008000012E] -> 0x00F3
[80] [M]: 0x000000008000012C (0x00F3E3B3) or t2, t2, a5
x7 <- 0x00000000003FBB6F
mem[X,0x0000000080000130] -> 0xD413
mem[X,0x0000000080000132] -> 0x0073
[81] [M]: 0x0000000080000130 (0x0073D413) srli fp, t2, 0x7
x8 <- 0x0000000000007F76
mem[X,0x0000000080000134] -> 0xD793
mem[X,0x0000000080000136] -> 0x0393
[82] [M]: 0x0000000080000134 (0x0393D793) srli a5, t2, 0x39
x15 <- 0x0000000000000000
mem[X,0x0000000080000138] -> 0x6433
mem[X,0x000000008000013A] -> 0x00F4
[83] [M]: 0x0000000080000138 (0x00F46433) or fp, fp, a5
x8 <- 0x0000000000007F76
mem[X,0x000000008000013C] -> 0x5493
mem[X,0x000000008000013E] -> 0x0074
[84] [M]: 0x000000008000013C (0x00745493) srli s1, fp, 0x7
x9 <- 0x00000000000000FE
mem[X,0x0000000080000140] -> 0x5793
mem[X,0x0000000080000142] -> 0x0394
[85] [M]: 0x0000000080000140 (0x03945793) srli a5, fp, 0x39
x15 <- 0x0000000000000000
mem[X,0x0000000080000144] -> 0xE4B3
mem[X,0x0000000080000146] -> 0x00F4
[86] [M]: 0x0000000080000144 (0x00F4E4B3) or s1, s1, a5
x9 <- 0x00000000000000FE
mem[X,0x0000000080000148] -> 0xD513
mem[X,0x000000008000014A] -> 0x0074
[87] [M]: 0x0000000080000148 (0x0074D513) srli a0, s1, 0x7
x10 <- 0x0000000000000001
mem[X,0x000000008000014C] -> 0xD793
mem[X,0x000000008000014E] -> 0x0394
[88] [M]: 0x000000008000014C (0x0394D793) srli a5, s1, 0x39
x15 <- 0x0000000000000000
mem[X,0x0000000080000150] -> 0x6533
mem[X,0x0000000080000152] -> 0x00F5
[89] [M]: 0x0000000080000150 (0x00F56533) or a0, a0, a5
x10 <- 0x0000000000000001
mem[X,0x0000000080000154] -> 0x5593
mem[X,0x0000000080000156] -> 0x0075
[90] [M]: 0x0000000080000154 (0x00755593) srli a1, a0, 0x7
x11 <- 0x0000000000000000
mem[X,0x0000000080000158] -> 0x5793
mem[X,0x000000008000015A] -> 0x0395
[91] [M]: 0x0000000080000158 (0x03955793) srli a5, a0, 0x39
x15 <- 0x0000000000000000
mem[X,0x000000008000015C] -> 0xE5B3
mem[X,0x000000008000015E] -> 0x00F5
[92] [M]: 0x000000008000015C (0x00F5E5B3) or a1, a1, a5
x11 <- 0x0000000000000000
mem[X,0x0000000080000160] -> 0xD613
mem[X,0x0000000080000162] -> 0x0075
[93] [M]: 0x0000000080000160 (0x0075D613) srli a2, a1, 0x7
x12 <- 0x0000000000000000
mem[X,0x0000000080000164] -> 0xD793
mem[X,0x0000000080000166] -> 0x0395
[94] [M]: 0x0000000080000164 (0x0395D793) srli a5, a1, 0x39
x15 <- 0x0000000000000000
mem[X,0x0000000080000168] -> 0x6633
mem[X,0x000000008000016A] -> 0x00F6
[95] [M]: 0x0000000080000168 (0x00F66633) or a2, a2, a5
x12 <- 0x0000000000000000
mem[X,0x000000008000016C] -> 0x5693
mem[X,0x000000008000016E] -> 0x0076
[96] [M]: 0x000000008000016C (0x00765693) srli a3, a2, 0x7
x13 <- 0x0000000000000000
mem[X,0x0000000080000170] -> 0x5793
mem[X,0x0000000080000172] -> 0x0396
[97] [M]: 0x0000000080000170 (0x03965793) srli a5, a2, 0x39
x15 <- 0x0000000000000000
mem[X,0x0000000080000174] -> 0xE6B3
mem[X,0x0000000080000176] -> 0x00F6
[98] [M]: 0x0000000080000174 (0x00F6E6B3) or a3, a3, a5
x13 <- 0x0000000000000000
mem[X,0x0000000080000178] -> 0x0013
mem[X,0x000000008000017A] -> 0x0000
[99] [M]: 0x0000000080000178 (0x00000013) addi zero, zero, 0x0
clint::tick mtime <- 0x0000000000000001
 clint timer pending at mtime 0x0000000000000001
htif::tick 0x0000000000000000
mem[X,0x000000008000017C] -> 0x0013
mem[X,0x000000008000017E] -> 0x0000
[100] [M]: 0x000000008000017C (0x00000013) addi zero, zero, 0x0
mem[X,0x0000000080000180] -> 0x4097
mem[X,0x0000000080000182] -> 0x0000
[101] [M]: 0x0000000080000180 (0x00004097) auipc ra, 0x4
x1 <- 0x0000000080004180
mem[X,0x0000000080000184] -> 0x8093
mem[X,0x0000000080000186] -> 0xF980
[102] [M]: 0x0000000080000184 (0xF9808093) addi ra, ra, -0x68
x1 <- 0x0000000080004118
mem[X,0x0000000080000188] -> 0x0013
mem[X,0x000000008000018A] -> 0x0000
[103] [M]: 0x0000000080000188 (0x00000013) addi zero, zero, 0x0
mem[X,0x000000008000018C] -> 0x0013
mem[X,0x000000008000018E] -> 0x0000
[104] [M]: 0x000000008000018C (0x00000013) addi zero, zero, 0x0
mem[X,0x0000000080000190] -> 0x0013
mem[X,0x0000000080000192] -> 0x0000
[105] [M]: 0x0000000080000190 (0x00000013) addi zero, zero, 0x0
mem[X,0x0000000080000194] -> 0x0013
mem[X,0x0000000080000196] -> 0x0000
[106] [M]: 0x0000000080000194 (0x00000013) addi zero, zero, 0x0
mem[X,0x0000000080000198] -> 0x0013
mem[X,0x000000008000019A] -> 0x0000
[107] [M]: 0x0000000080000198 (0x00000013) addi zero, zero, 0x0
mem[X,0x000000008000019C] -> 0x0013
mem[X,0x000000008000019E] -> 0x0000
[108] [M]: 0x000000008000019C (0x00000013) addi zero, zero, 0x0
mem[X,0x00000000800001A0] -> 0x006F
mem[X,0x00000000800001A2] -> 0x0100
[109] [M]: 0x00000000800001A0 (0x0100006F) jal zero, 0x10
mem[X,0x00000000800001B0] -> 0xA031
[110] [M]: 0x00000000800001B0 (0xA031) c.j 0x6
mem[X,0x00000000800001BC] -> 0x010D
[111] [M]: 0x00000000800001BC (0x010D) c.addi sp, 0x3
x2 <- 0x01FDDB7D5BFDDB82
mem[X,0x00000000800001BE] -> 0xB023
mem[X,0x00000000800001C0] -> 0x0020
[112] [M]: 0x00000000800001BE (0x0020B023) sd sp, 0x0(ra)
mem[0x0000000080004118] <- 0x01FDDB7D5BFDDB82
mem[X,0x00000000800001C2] -> 0x006F
mem[X,0x00000000800001C4] -> 0x55E0
[113] [M]: 0x00000000800001C2 (0x55E0006F) jal zero, 0x55e
mem[X,0x0000000080000720] -> 0xB46D
[114] [M]: 0x0000000080000720 (0xB46D) c.j -0x2ab
mem[X,0x00000000800001CA] -> 0x0113
mem[X,0x00000000800001CC] -> 0x0011
[115] [M]: 0x00000000800001CA (0x00110113) addi sp, sp, 0x1
x2 <- 0x01FDDB7D5BFDDB83
mem[X,0x00000000800001CE] -> 0x006F
mem[X,0x00000000800001D0] -> 0x55E0
[116] [M]: 0x00000000800001CE (0x55E0006F) jal zero, 0x55e
mem[X,0x000000008000072C] -> 0xB423
mem[X,0x000000008000072E] -> 0x0020
[117] [M]: 0x000000008000072C (0x0020B423) sd sp, 0x8(ra)
mem[0x0000000080004120] <- 0x01FDDB7D5BFDDB83
mem[X,0x0000000080000730] -> 0x006F
mem[X,0x0000000080000732] -> 0x0100
[118] [M]: 0x0000000080000730 (0x0100006F) jal zero, 0x10
mem[X,0x0000000080000740] -> 0xA801
[119] [M]: 0x0000000080000740 (0xA801) c.j 0x8
mem[X,0x0000000080000750] -> 0x010D
[120] [M]: 0x0000000080000750 (0x010D) c.addi sp, 0x3
x2 <- 0x01FDDB7D5BFDDB86
mem[X,0x0000000080000752] -> 0xB823
mem[X,0x0000000080000754] -> 0x0020
[121] [M]: 0x0000000080000752 (0x0020B823) sd sp, 0x10(ra)
mem[0x0000000080004128] <- 0x01FDDB7D5BFDDB86
mem[X,0x0000000080000756] -> 0x006F
mem[X,0x0000000080000758] -> 0x0100
[122] [M]: 0x0000000080000756 (0x0100006F) jal zero, 0x10
mem[X,0x0000000080000766] -> 0xA005
[123] [M]: 0x0000000080000766 (0xA005) c.j 0x10
mem[X,0x0000000080000786] -> 0x010D
[124] [M]: 0x0000000080000786 (0x010D) c.addi sp, 0x3
x2 <- 0x01FDDB7D5BFDDB89
mem[X,0x0000000080000788] -> 0xBC23
mem[X,0x000000008000078A] -> 0x0020
[125] [M]: 0x0000000080000788 (0x0020BC23) sd sp, 0x18(ra)
mem[0x0000000080004130] <- 0x01FDDB7D5BFDDB89
mem[X,0x000000008000078C] -> 0x006F
mem[X,0x000000008000078E] -> 0x0100
[126] [M]: 0x000000008000078C (0x0100006F) jal zero, 0x10
mem[X,0x000000008000079C] -> 0xA081
[127] [M]: 0x000000008000079C (0xA081) c.j 0x20
mem[X,0x00000000800007DC] -> 0x010D
[128] [M]: 0x00000000800007DC (0x010D) c.addi sp, 0x3
x2 <- 0x01FDDB7D5BFDDB8C
mem[X,0x00000000800007DE] -> 0xB023
mem[X,0x00000000800007E0] -> 0x0220
[129] [M]: 0x00000000800007DE (0x0220B023) sd sp, 0x20(ra)
mem[0x0000000080004138] <- 0x01FDDB7D5BFDDB8C
mem[X,0x00000000800007E2] -> 0x006F
mem[X,0x00000000800007E4] -> 0x0100
[130] [M]: 0x00000000800007E2 (0x0100006F) jal zero, 0x10
mem[X,0x00000000800007F2] -> 0xA041
[131] [M]: 0x00000000800007F2 (0xA041) c.j 0x40
mem[X,0x0000000080000872] -> 0x010D
[132] [M]: 0x0000000080000872 (0x010D) c.addi sp, 0x3
x2 <- 0x01FDDB7D5BFDDB8F
mem[X,0x0000000080000874] -> 0xB423
mem[X,0x0000000080000876] -> 0x0220
[133] [M]: 0x0000000080000874 (0x0220B423) sd sp, 0x28(ra)
mem[0x0000000080004140] <- 0x01FDDB7D5BFDDB8F
mem[X,0x0000000080000878] -> 0x006F
mem[X,0x000000008000087A] -> 0x0100
[134] [M]: 0x0000000080000878 (0x0100006F) jal zero, 0x10
mem[X,0x0000000080000888] -> 0xA201
[135] [M]: 0x0000000080000888 (0xA201) c.j 0x80
mem[X,0x0000000080000988] -> 0x010D
[136] [M]: 0x0000000080000988 (0x010D) c.addi sp, 0x3
x2 <- 0x01FDDB7D5BFDDB92
mem[X,0x000000008000098A] -> 0xB823
mem[X,0x000000008000098C] -> 0x0220
[137] [M]: 0x000000008000098A (0x0220B823) sd sp, 0x30(ra)
mem[0x0000000080004148] <- 0x01FDDB7D5BFDDB92
mem[X,0x000000008000098E] -> 0x006F
mem[X,0x0000000080000990] -> 0x0100
[138] [M]: 0x000000008000098E (0x0100006F) jal zero, 0x10
mem[X,0x000000008000099E] -> 0xA401
[139] [M]: 0x000000008000099E (0xA401) c.j 0x100
mem[X,0x0000000080000B9E] -> 0x010D
[140] [M]: 0x0000000080000B9E (0x010D) c.addi sp, 0x3
x2 <- 0x01FDDB7D5BFDDB95
mem[X,0x0000000080000BA0] -> 0xBC23
mem[X,0x0000000080000BA2] -> 0x0220
[141] [M]: 0x0000000080000BA0 (0x0220BC23) sd sp, 0x38(ra)
mem[0x0000000080004150] <- 0x01FDDB7D5BFDDB95
mem[X,0x0000000080000BA4] -> 0x006F
mem[X,0x0000000080000BA6] -> 0x0100
[142] [M]: 0x0000000080000BA4 (0x0100006F) jal zero, 0x10
mem[X,0x0000000080000BB4] -> 0xA101
[143] [M]: 0x0000000080000BB4 (0xA101) c.j 0x200
mem[X,0x0000000080000FB4] -> 0x010D
[144] [M]: 0x0000000080000FB4 (0x010D) c.addi sp, 0x3
x2 <- 0x01FDDB7D5BFDDB98
mem[X,0x0000000080000FB6] -> 0xB023
mem[X,0x0000000080000FB8] -> 0x0420
[145] [M]: 0x0000000080000FB6 (0x0420B023) sd sp, 0x40(ra)
mem[0x0000000080004158] <- 0x01FDDB7D5BFDDB98
mem[X,0x0000000080000FBA] -> 0x006F
mem[X,0x0000000080000FBC] -> 0x0120
[146] [M]: 0x0000000080000FBA (0x0120006F) jal zero, 0x12
mem[X,0x0000000080000FCC] -> 0xBFDD
[147] [M]: 0x0000000080000FCC (0xBFDD) c.j -0x5
mem[X,0x0000000080000FC2] -> 0x0113
mem[X,0x0000000080000FC4] -> 0x0011
[148] [M]: 0x0000000080000FC2 (0x00110113) addi sp, sp, 0x1
x2 <- 0x01FDDB7D5BFDDB99
mem[X,0x0000000080000FC6] -> 0x006F
mem[X,0x0000000080000FC8] -> 0x0120
[149] [M]: 0x0000000080000FC6 (0x0120006F) jal zero, 0x12
mem[X,0x0000000080000FD8] -> 0xB423
mem[X,0x0000000080000FDA] -> 0x0420
[150] [M]: 0x0000000080000FD8 (0x0420B423) sd sp, 0x48(ra)
mem[0x0000000080004160] <- 0x01FDDB7D5BFDDB99
mem[X,0x0000000080000FDC] -> 0x006F
mem[X,0x0000000080000FDE] -> 0x01A0
[151] [M]: 0x0000000080000FDC (0x01A0006F) jal zero, 0x1a
mem[X,0x0000000080000FF6] -> 0xB7FD
[152] [M]: 0x0000000080000FF6 (0xB7FD) c.j -0x9
mem[X,0x0000000080000FE4] -> 0x0113
mem[X,0x0000000080000FE6] -> 0x0011
[153] [M]: 0x0000000080000FE4 (0x00110113) addi sp, sp, 0x1
x2 <- 0x01FDDB7D5BFDDB9A
mem[X,0x0000000080000FE8] -> 0x006F
mem[X,0x0000000080000FEA] -> 0x01A0
[154] [M]: 0x0000000080000FE8 (0x01A0006F) jal zero, 0x1a
mem[X,0x0000000080001002] -> 0xB823
mem[X,0x0000000080001004] -> 0x0420
[155] [M]: 0x0000000080001002 (0x0420B823) sd sp, 0x50(ra)
mem[0x0000000080004168] <- 0x01FDDB7D5BFDDB9A
mem[X,0x0000000080001006] -> 0x006F
mem[X,0x0000000080001008] -> 0x40A0
[156] [M]: 0x0000000080001006 (0x40A0006F) jal zero, 0x40a
mem[X,0x0000000080001410] -> 0xBEFD
[157] [M]: 0x0000000080001410 (0xBEFD) c.j -0x201
mem[X,0x000000008000100E] -> 0x0113
mem[X,0x0000000080001010] -> 0x0011
[158] [M]: 0x000000008000100E (0x00110113) addi sp, sp, 0x1
x2 <- 0x01FDDB7D5BFDDB9B
mem[X,0x0000000080001012] -> 0x006F
mem[X,0x0000000080001014] -> 0x40A0
[159] [M]: 0x0000000080001012 (0x40A0006F) jal zero, 0x40a
mem[X,0x000000008000141C] -> 0xBC23
mem[X,0x000000008000141E] -> 0x0420
[160] [M]: 0x000000008000141C (0x0420BC23) sd sp, 0x58(ra)
mem[0x0000000080004170] <- 0x01FDDB7D5BFDDB9B
mem[X,0x0000000080001420] -> 0x006F
mem[X,0x0000000080001422] -> 0x0100
[161] [M]: 0x0000000080001420 (0x0100006F) jal zero, 0x10
mem[X,0x0000000080001430] -> 0xAB91
[162] [M]: 0x0000000080001430 (0xAB91) c.j 0x2aa
mem[X,0x0000000080001984] -> 0x010D
[163] [M]: 0x0000000080001984 (0x010D) c.addi sp, 0x3
x2 <- 0x01FDDB7D5BFDDB9E
mem[X,0x0000000080001986] -> 0xB023
mem[X,0x0000000080001988] -> 0x0620
[164] [M]: 0x0000000080001986 (0x0620B023) sd sp, 0x60(ra)
mem[0x0000000080004178] <- 0x01FDDB7D5BFDDB9E
mem[X,0x000000008000198A] -> 0x006F
mem[X,0x000000008000198C] -> 0x02A0
[165] [M]: 0x000000008000198A (0x02A0006F) jal zero, 0x2a
mem[X,0x00000000800019B4] -> 0xBFF9
[166] [M]: 0x00000000800019B4 (0xBFF9) c.j -0x11
mem[X,0x0000000080001992] -> 0x0113
mem[X,0x0000000080001994] -> 0x0011
[167] [M]: 0x0000000080001992 (0x00110113) addi sp, sp, 0x1
x2 <- 0x01FDDB7D5BFDDB9F
mem[X,0x0000000080001996] -> 0x006F
mem[X,0x0000000080001998] -> 0x02A0
[168] [M]: 0x0000000080001996 (0x02A0006F) jal zero, 0x2a
mem[X,0x00000000800019C0] -> 0xB423
mem[X,0x00000000800019C2] -> 0x0620
[169] [M]: 0x00000000800019C0 (0x0620B423) sd sp, 0x68(ra)
mem[0x0000000080004180] <- 0x01FDDB7D5BFDDB9F
mem[X,0x00000000800019C4] -> 0x006F
mem[X,0x00000000800019C6] -> 0x04A0
[170] [M]: 0x00000000800019C4 (0x04A0006F) jal zero, 0x4a
mem[X,0x0000000080001A0E] -> 0xBF7D
[171] [M]: 0x0000000080001A0E (0xBF7D) c.j -0x21
mem[X,0x00000000800019CC] -> 0x0113
mem[X,0x00000000800019CE] -> 0x0011
[172] [M]: 0x00000000800019CC (0x00110113) addi sp, sp, 0x1
x2 <- 0x01FDDB7D5BFDDBA0
mem[X,0x00000000800019D0] -> 0x006F
mem[X,0x00000000800019D2] -> 0x04A0
[173] [M]: 0x00000000800019D0 (0x04A0006F) jal zero, 0x4a
mem[X,0x0000000080001A1A] -> 0xB823
mem[X,0x0000000080001A1C] -> 0x0620
[174] [M]: 0x0000000080001A1A (0x0620B823) sd sp, 0x70(ra)
mem[0x0000000080004188] <- 0x01FDDB7D5BFDDBA0
mem[X,0x0000000080001A1E] -> 0x006F
mem[X,0x0000000080001A20] -> 0x08A0
[175] [M]: 0x0000000080001A1E (0x08A0006F) jal zero, 0x8a
mem[X,0x0000000080001AA8] -> 0xBFBD
[176] [M]: 0x0000000080001AA8 (0xBFBD) c.j -0x41
mem[X,0x0000000080001A26] -> 0x0113
mem[X,0x0000000080001A28] -> 0x0011
[177] [M]: 0x0000000080001A26 (0x00110113) addi sp, sp, 0x1
x2 <- 0x01FDDB7D5BFDDBA1
mem[X,0x0000000080001A2A] -> 0x006F
mem[X,0x0000000080001A2C] -> 0x08A0
[178] [M]: 0x0000000080001A2A (0x08A0006F) jal zero, 0x8a
mem[X,0x0000000080001AB4] -> 0xBC23
mem[X,0x0000000080001AB6] -> 0x0620
[179] [M]: 0x0000000080001AB4 (0x0620BC23) sd sp, 0x78(ra)
mem[0x0000000080004190] <- 0x01FDDB7D5BFDDBA1
mem[X,0x0000000080001AB8] -> 0x006F
mem[X,0x0000000080001ABA] -> 0x10A0
[180] [M]: 0x0000000080001AB8 (0x10A0006F) jal zero, 0x10a
mem[X,0x0000000080001BC2] -> 0xBDFD
[181] [M]: 0x0000000080001BC2 (0xBDFD) c.j -0x81
mem[X,0x0000000080001AC0] -> 0x0113
mem[X,0x0000000080001AC2] -> 0x0011
[182] [M]: 0x0000000080001AC0 (0x00110113) addi sp, sp, 0x1
x2 <- 0x01FDDB7D5BFDDBA2
mem[X,0x0000000080001AC4] -> 0x006F
mem[X,0x0000000080001AC6] -> 0x10A0
[183] [M]: 0x0000000080001AC4 (0x10A0006F) jal zero, 0x10a
mem[X,0x0000000080001BCE] -> 0xB023
mem[X,0x0000000080001BD0] -> 0x0820
[184] [M]: 0x0000000080001BCE (0x0820B023) sd sp, 0x80(ra)
mem[0x0000000080004198] <- 0x01FDDB7D5BFDDBA2
mem[X,0x0000000080001BD2] -> 0x006F
mem[X,0x0000000080001BD4] -> 0x20A0
[185] [M]: 0x0000000080001BD2 (0x20A0006F) jal zero, 0x20a
mem[X,0x0000000080001DDC] -> 0xBBFD
[186] [M]: 0x0000000080001DDC (0xBBFD) c.j -0x101
mem[X,0x0000000080001BDA] -> 0x0113
mem[X,0x0000000080001BDC] -> 0x0011
[187] [M]: 0x0000000080001BDA (0x00110113) addi sp, sp, 0x1
x2 <- 0x01FDDB7D5BFDDBA3
mem[X,0x0000000080001BDE] -> 0x006F
mem[X,0x0000000080001BE0] -> 0x20A0
[188] [M]: 0x0000000080001BDE (0x20A0006F) jal zero, 0x20a
mem[X,0x0000000080001DE8] -> 0xB423
mem[X,0x0000000080001DEA] -> 0x0820
[189] [M]: 0x0000000080001DE8 (0x0820B423) sd sp, 0x88(ra)
mem[0x00000000800041A0] <- 0x01FDDB7D5BFDDBA3
mem[X,0x0000000080001DEC] -> 0x006F
mem[X,0x0000000080001DEE] -> 0x0380
[190] [M]: 0x0000000080001DEC (0x0380006F) jal zero, 0x38
mem[X,0x0000000080001E24] -> 0x4085
[191] [M]: 0x0000000080001E24 (0x4085) c.li ra, 0x1
x1 <- 0x0000000000000001
mem[X,0x0000000080001E26] -> 0x0F17
mem[X,0x0000000080001E28] -> 0x0000
[192] [M]: 0x0000000080001E26 (0x00000F17) auipc t5, 0x0
x30 <- 0x0000000080001E26
mem[X,0x0000000080001E2A] -> 0x2D23
mem[X,0x0000000080001E2C] -> 0x1C1F
[193] [M]: 0x0000000080001E2A (0x1C1F2D23) sw ra, 0x1da(t5)
htif[0x0000000080002000] <- 0x00000001
mem[X,0x0000000080001E2E] -> 0xBFE5
[194] [M]: 0x0000000080001E2E (0xBFE5) c.j -0x4
mem[X,0x0000000080001E26] -> 0x0F17
mem[X,0x0000000080001E28] -> 0x0000
[195] [M]: 0x0000000080001E26 (0x00000F17) auipc t5, 0x0
x30 <- 0x0000000080001E26
mem[X,0x0000000080001E2A] -> 0x2D23
mem[X,0x0000000080001E2C] -> 0x1C1F
[196] [M]: 0x0000000080001E2A (0x1C1F2D23) sw ra, 0x1da(t5)
htif[0x0000000080002000] <- 0x00000001
mem[X,0x0000000080001E2E] -> 0xBFE5
[197] [M]: 0x0000000080001E2E (0xBFE5) c.j -0x4
mem[X,0x0000000080001E26] -> 0x0F17
mem[X,0x0000000080001E28] -> 0x0000
[198] [M]: 0x0000000080001E26 (0x00000F17) auipc t5, 0x0
x30 <- 0x0000000080001E26
mem[X,0x0000000080001E2A] -> 0x2D23
mem[X,0x0000000080001E2C] -> 0x1C1F
[199] [M]: 0x0000000080001E2A (0x1C1F2D23) sw ra, 0x1da(t5)
htif[0x0000000080002000] <- 0x00000001
htif-syscall-proxy cmd: 0x000000000001
SUCCESS
clint::tick mtime <- 0x0000000000000002
 clint timer pending at mtime 0x0000000000000002
htif::tick 0x0000000000000001
